file:///home/runner/work/playground-tester/playground-tester/node_modules/@wp-playground/cli/index.js:237
        throw new Error(y, { cause: u });
              ^

Error: [10-May-2025 12:45:35 UTC] OpenSSL SSL_connect: SSL_ERROR_SYSCALL in connection to app.thevoicedesigner.com:443 
[10-May-2025 12:45:35 UTC] PHP Fatal error:  Uncaught Httpful\Exception\ConnectionErrorException: Unable to connect to "https://app.thevoicedesigner.com/api/apps": 35 OpenSSL SSL_connect: SSL_ERROR_SYSCALL in connection to app.thevoicedesigner.com:443  in /wordpress/wp-content/plugins/the-voice-designer-by-data-driven-design/vendor/nategood/httpful/src/Httpful/Request.php:1028
Stack trace:
#0 /wordpress/wp-content/plugins/the-voice-designer-by-data-driven-design/vendor/nategood/httpful/src/Httpful/Request.php(204): Httpful\Request->buildResponse(false)
#1 /wordpress/wp-content/plugins/the-voice-designer-by-data-driven-design/src/BackendApi.php(53): Httpful\Request->send()
#2 /wordpress/wp-content/plugins/the-voice-designer-by-data-driven-design/src/BackendApi.php(32): DataDrivenDesign\VoiceDesigner\BackendApi->makeRequest(Object(Httpful\Request))
#3 /wordpress/wp-content/plugins/the-voice-designer-by-data-driven-design/src/Plugin.php(16): DataDrivenDesign\VoiceDesigner\BackendApi->createApp()
#4 /wordpress/wp-includes/class-wp-hook.php(324): DataDrivenD in /wordpress/wp-content/plugins/the-voice-designer-by-data-driven-design/vendor/nategood/httpful/src/Httpful/Request.php on line 1028
[10-May-2025 12:45:43 UTC] OpenSSL SSL_connect: SSL_ERROR_SYSCALL in connection to app.thevoicedesigner.com:443 
[10-May-2025 12:45:43 UTC] PHP Fatal error:  Uncaught Httpful\Exception\ConnectionErrorException: Unable to connect to "https://app.thevoicedesigner.com/api/apps": 35 OpenSSL SSL_connect: SSL_ERROR_SYSCALL in connection to app.thevoicedesigner.com:443  in /wordpress/wp-content/plugins/the-voice-designer-by-data-driven-design/vendor/nategood/httpful/src/Httpful/Request.php:1028
Stack trace:
#0 /wordpress/wp-content/plugins/the-voice-designer-by-data-driven-design/vendor/nategood/httpful/src/Httpful/Request.php(204): Httpful\Request->buildResponse(false)
#1 /wordpress/wp-content/plugins/the-voice-designer-by-data-driven-design/src/BackendApi.php(53): Httpful\Request->send()
#2 /wordpress/wp-content/plugins/the-voice-designer-by-data-driven-design/src/BackendApi.php(32): DataDrivenDesign\VoiceDesigner\BackendApi->makeRequest(Object(Httpful\Request))
#3 /wordpress/wp-content/plugins/the-voice-designer-by-data-driven-design/src/Plugin.php(16): DataDrivenDesign\VoiceDesigner\BackendApi->createApp()
#4 /wordpress/wp-includes/class-wp-hook.php(324): DataDrivenD in /wordpress/wp-content/plugins/the-voice-designer-by-data-driven-design/vendor/nategood/httpful/src/Httpful/Request.php on line 1028
[10-May-2025 12:45:52 UTC] OpenSSL SSL_connect: SSL_ERROR_SYSCALL in connection to app.thevoicedesigner.com:443 
[10-May-2025 12:45:52 UTC] PHP Fatal error:  Uncaught Httpful\Exception\ConnectionErrorException: Unable to connect to "https://app.thevoicedesigner.com/api/apps": 35 OpenSSL SSL_connect: SSL_ERROR_SYSCALL in connection to app.thevoicedesigner.com:443  in /wordpress/wp-content/plugins/the-voice-designer-by-data-driven-design/vendor/nategood/httpful/src/Httpful/Request.php:1028
Stack trace:
#0 /wordpress/wp-content/plugins/the-voice-designer-by-data-driven-design/vendor/nategood/httpful/src/Httpful/Request.php(204): Httpful\Request->buildResponse(false)
#1 /wordpress/wp-content/plugins/the-voice-designer-by-data-driven-design/src/BackendApi.php(53): Httpful\Request->send()
#2 /wordpress/wp-content/plugins/the-voice-designer-by-data-driven-design/src/BackendApi.php(32): DataDrivenDesign\VoiceDesigner\BackendApi->makeRequest(Object(Httpful\Request))
#3 /wordpress/wp-content/plugins/the-voice-designer-by-data-driven-design/src/Plugin.php(16): DataDrivenDesign\VoiceDesigner\BackendApi->createApp()
#4 /wordpress/wp-includes/class-wp-hook.php(324): DataDrivenD in /wordpress/wp-content/plugins/the-voice-designer-by-data-driven-design/vendor/nategood/httpful/src/Httpful/Request.php on line 1028
[10-May-2025 12:46:02 UTC] PHP Deprecated:  Required parameter $force_hidden follows optional parameter $active in /wordpress/wp-content/plugins/triagetrak/admin/exopite-simple-options/exopite-simple-options-framework-class.php on line 1727
[10-May-2025 12:46:02 UTC] PHP Deprecated:  Required parameter $multilang follows optional parameter $value in /wordpress/wp-content/plugins/triagetrak/admin/exopite-simple-options/fields/font.php on line 21
[10-May-2025 12:46:02 UTC] PHP Deprecated:  Required parameter $multilang follows optional parameter $value in /wordpress/wp-content/plugins/triagetrak/admin/exopite-simple-options/fields/typography.php on line 13
[10-May-2025 12:46:02 UTC] PHP Deprecated:  Required parameter $multilang follows optional parameter $value in /wordpress/wp-content/plugins/triagetrak/admin/exopite-simple-options/fields/color.php on line 13
[10-May-2025 12:46:02 UTC] PHP Deprecated:  Required parameter $multilang follows optional parameter $value in /wordpress/wp-content/plugins/triagetrak/admin/exopite-simple-options/fields/fieldset.php on line 17
[10-May-2025 12:46:02 UTC] PHP Deprecated:  Required parameter $multilang follows optional parameter $value in /wordpress/wp-content/plugins/triagetrak/admin/exopite-simple-options/fields/text.php on line 13
[10-May-2025 12:46:03 UTC] PHP Deprecated:  Required parameter $force_hidden follows optional parameter $active in /wordpress/wp-content/plugins/triagetrak/admin/exopite-simple-options/exopite-simple-options-framework-class.php on line 1727
[10-May-2025 12:46:14 UTC] PHP Deprecated:  Required parameter $force_hidden follows optional parameter $active in /wordpress/wp-content/plugins/triagetrak/admin/exopite-simple-options/exopite-simple-options-framework-class.php on line 1727
[10-May-2025 12:46:14 UTC] PHP Deprecated:  Required parameter $multilang follows optional parameter $value in /wordpress/wp-content/plugins/triagetrak/admin/exopite-simple-options/fields/font.php on line 21
[10-May-2025 12:46:14 UTC] PHP Deprecated:  Required parameter $multilang follows optional parameter $value in /wordpress/wp-content/plugins/triagetrak/admin/exopite-simple-options/fields/typography.php on line 13
[10-May-2025 12:46:14 UTC] PHP Deprecated:  Required parameter $multilang follows optional parameter $value in /wordpress/wp-content/plugins/triagetrak/admin/exopite-simple-options/fields/color.php on line 13
[10-May-2025 12:46:14 UTC] PHP Deprecated:  Required parameter $multilang follows optional parameter $value in /wordpress/wp-content/plugins/triagetrak/admin/exopite-simple-options/fields/fieldset.php on line 17
[10-May-2025 12:46:14 UTC] PHP Deprecated:  Required parameter $multilang follows optional parameter $value in /wordpress/wp-content/plugins/triagetrak/admin/exopite-simple-options/fields/text.php on line 13
[10-May-2025 12:46:15 UTC] PHP Deprecated:  Required parameter $force_hidden follows optional parameter $active in /wordpress/wp-content/plugins/triagetrak/admin/exopite-simple-options/exopite-simple-options-framework-class.php on line 1727
[10-May-2025 12:46:25 UTC] PHP Deprecated:  Required parameter $force_hidden follows optional parameter $active in /wordpress/wp-content/plugins/triagetrak/admin/exopite-simple-options/exopite-simple-options-framework-class.php on line 1727
[10-May-2025 12:46:25 UTC] PHP Deprecated:  Required parameter $multilang follows optional parameter $value in /wordpress/wp-content/plugins/triagetrak/admin/exopite-simple-options/fields/font.php on line 21
[10-May-2025 12:46:25 UTC] PHP Deprecated:  Required parameter $multilang follows optional parameter $value in /wordpress/wp-content/plugins/triagetrak/admin/exopite-simple-options/fields/typography.php on line 13
[10-May-2025 12:46:25 UTC] PHP Deprecated:  Required parameter $multilang follows optional parameter $value in /wordpress/wp-content/plugins/triagetrak/admin/exopite-simple-options/fields/color.php on line 13
[10-May-2025 12:46:25 UTC] PHP Deprecated:  Required parameter $multilang follows optional parameter $value in /wordpress/wp-content/plugins/triagetrak/admin/exopite-simple-options/fields/fieldset.php on line 17
[10-May-2025 12:46:25 UTC] PHP Deprecated:  Required parameter $multilang follows optional parameter $value in /wordpress/wp-content/plugins/triagetrak/admin/exopite-simple-options/fields/text.php on line 13
[10-May-2025 12:46:26 UTC] PHP Deprecated:  Required parameter $force_hidden follows optional parameter $active in /wordpress/wp-content/plugins/triagetrak/admin/exopite-simple-options/exopite-simple-options-framework-class.php on line 1727
[10-May-2025 12:46:36 UTC] PHP Notice:  Function _load_textdomain_just_in_time was called <strong>incorrectly</strong>. Translation loading for the <code>wc-triplea-crypto-payment</code> domain was triggered too early. This is usually an indicator for some code in the plugin or theme running too early. Translations should be loaded at the <code>init</code> action or later. Please see <a href="https://developer.wordpress.org/advanced-administration/debug/debug-wordpress/">Debugging in WordPress</a> for more information. (This message was added in version 6.7.0.) in /wordpress/wp-includes/functions.php on line 6121
[10-May-2025 12:46:46 UTC] PHP Notice:  Function _load_textdomain_just_in_time was called <strong>incorrectly</strong>. Translation loading for the <code>wc-triplea-crypto-payment</code> domain was triggered too early. This is usually an indicator for some code in the plugin or theme running too early. Translations should be loaded at the <code>init</code> action or later. Please see <a href="https://developer.wordpress.org/advanced-administration/debug/debug-wordpress/">Debugging in WordPress</a> for more information. (This message was added in version 6.7.0.) in /wordpress/wp-includes/functions.php on line 6121
[10-May-2025 12:46:55 UTC] PHP Notice:  Function _load_textdomain_just_in_time was called <strong>incorrectly</strong>. Translation loading for the <code>wc-triplea-crypto-payment</code> domain was triggered too early. This is usually an indicator for some code in the plugin or theme running too early. Translations should be loaded at the <code>init</code> action or later. Please see <a href="https://developer.wordpress.org/advanced-administration/debug/debug-wordpress/">Debugging in WordPress</a> for more information. (This message was added in version 6.7.0.) in /wordpress/wp-includes/functions.php on line 6121
[10-May-2025 12:50:36 UTC] PHP Notice:  Function _load_textdomain_just_in_time was called <strong>incorrectly</strong>. Translation loading for the <code>tcd-classic-editor</code> domain was triggered too early. This is usually an indicator for some code in the plugin or theme running too early. Translations should be loaded at the <code>init</code> action or later. Please see <a href="https://developer.wordpress.org/advanced-administration/debug/debug-wordpress/">Debugging in WordPress</a> for more information. (This message was added in version 6.7.0.) in /wordpress/wp-includes/functions.php on line 6121
[10-May-2025 12:50:46 UTC] PHP Notice:  Function _load_textdomain_just_in_time was called <strong>incorrectly</strong>. Translation loading for the <code>tcd-classic-editor</code> domain was triggered too early. This is usually an indicator for some code in the plugin or theme running too early. Translations should be loaded at the <code>init</code> action or later. Please see <a href="https://developer.wordpress.org/advanced-administration/debug/debug-wordpress/">Debugging in WordPress</a> for more information. (This message was added in version 6.7.0.) in /wordpress/wp-includes/functions.php on line 6121
[10-May-2025 12:50:54 UTC] PHP Notice:  Function _load_textdomain_just_in_time was called <strong>incorrectly</strong>. Translation loading for the <code>tcd-classic-editor</code> domain was triggered too early. This is usually an indicator for some code in the plugin or theme running too early. Translations should be loaded at the <code>init</code> action or later. Please see <a href="https://developer.wordpress.org/advanced-administration/debug/debug-wordpress/">Debugging in WordPress</a> for more information. (This message was added in version 6.7.0.) in /wordpress/wp-includes/functions.php on line 6121
[10-May-2025 12:51:05 UTC] PHP Deprecated:  Required parameter $options follows optional parameter $args in /wordpress/wp-content/plugins/testimonials-widget/includes/libraries/testimonials-widget/includes/libraries/aihrus-framework/includes/class-aihrus-widget.php on line 144
[10-May-2025 12:51:06 UTC] PHP Deprecated:  Required parameter $options follows optional parameter $args in /wordpress/wp-content/plugins/testimonials-widget/includes/libraries/testimonials-widget/includes/libraries/aihrus-framework/includes/class-aihrus-widget.php on line 144
[10-May-2025 12:51:17 UTC] PHP Deprecated:  Required parameter $options follows optional parameter $args in /wordpress/wp-content/plugins/testimonials-widget/includes/libraries/testimonials-widget/includes/libraries/aihrus-framework/includes/class-aihrus-widget.php on line 144
[10-May-2025 12:51:18 UTC] PHP Deprecated:  Required parameter $options follows optional parameter $args in /wordpress/wp-content/plugins/testimonials-widget/includes/libraries/testimonials-widget/includes/libraries/aihrus-framework/includes/class-aihrus-widget.php on line 144
[10-May-2025 12:51:28 UTC] PHP Deprecated:  Required parameter $options follows optional parameter $args in /wordpress/wp-content/plugins/testimonials-widget/includes/libraries/testimonials-widget/includes/libraries/aihrus-framework/includes/class-aihrus-widget.php on line 144
[10-May-2025 12:51:29 UTC] PHP Deprecated:  Required parameter $options follows optional parameter $args in /wordpress/wp-content/plugins/testimonials-widget/includes/libraries/testimonials-widget/includes/libraries/aihrus-framework/includes/class-aihrus-widget.php on line 144
[10-May-2025 12:51:38 UTC] PHP Warning:  Trying to access array offset on value of type bool in /wordpress/wp-content/plugins/ticket-press/includes/tp-install.php on line 26
[10-May-2025 12:51:38 UTC] PHP Warning:  Trying to access array offset on value of type bool in /wordpress/wp-content/plugins/ticket-press/includes/tp-install.php on line 39
[10-May-2025 12:51:48 UTC] PHP Warning:  Trying to access array offset on value of type bool in /wordpress/wp-content/plugins/ticket-press/includes/tp-install.php on line 26
[10-May-2025 12:51:48 UTC] PHP Warning:  Trying to access array offset on value of type bool in /wordpress/wp-content/plugins/ticket-press/includes/tp-install.php on line 39
[10-May-2025 12:51:58 UTC] PHP Warning:  Trying to access array offset on value of type bool in /wordpress/wp-content/plugins/ticket-press/includes/tp-install.php on line 26
[10-May-2025 12:51:58 UTC] PHP Warning:  Trying to access array offset on value of type bool in /wordpress/wp-content/plugins/ticket-press/includes/tp-install.php on line 39
[10-May-2025 12:52:09 UTC] PHP Warning:  Constant WP_POST_REVISIONS already defined in /wordpress/wp-content/plugins/tw-disable-revisions/tw-disable-revisions.php on line 41
[10-May-2025 12:52:18 UTC] PHP Warning:  Constant WP_POST_REVISIONS already defined in /wordpress/wp-content/plugins/tw-disable-revisions/tw-disable-revisions.php on line 41
[10-May-2025 12:52:18 UTC] WordPress database error <div style="clear:both">&nbsp;</div>
<div class="queries" style="clear:both;margin-bottom:2px;border:red dotted thin;">
<p>MySQL query:</p>
<p>
		DELETE
			`a`, `b`, `c`  
		FROM
			`wp_posts` `a`  
		LEFT JOIN
			`wp_term_relationships` `b` ON (`a`.`ID` = `b`.`object_id`)  
		LEFT JOIN
			`wp_postmeta` `c` ON (`a`.`ID` = `c`.`post_id`)  
		WHERE
			`a`.`post_type` = 'revision'
	</p>
<p>Queries made or created this session were:</p>
<ol>
<li>Executing: BEGIN | (no parameters)</li>
<li>Executing: SELECT l.name FROM pragma_table_info(&quot;wp_posts&quot;) as l WHERE l.pk = 1; | (no parameters)</li>
<li>Executing: 
		SELECT
			`a`.ID AS id_0, `b`.ID AS id_1, `c`.ID AS id_2  
		FROM
			`wp_posts` `a`  
		LEFT JOIN
			`wp_term_relationships` `b` ON (`a`.`ID` = `b`.`object_id`)  
		LEFT JOIN
			`wp_postmeta` `c` ON (`a`.`ID` = `c`.`post_id`)  
		WHERE
			`a`.`post_type` = :param0 
	 | (no parameters)</li>
<li>Executing: ROLLBACK | (no parameters)</li>
</ol>
</div>
<div style="clear:both;margin-bottom:2px;border:red dotted thin;" class="error_message" style="border-bottom:dotted blue thin;">
Error occurred at line 4117 in Function <code>handle_error</code>. Error message was: SQLSTATE[HY000]: General error: 1 no such column: b.ID.
</div>
<p>Backtrace:</p>
<pre>#0 /internal/shared/sqlite-database-integration/wp-includes/sqlite/class-wp-sqlite-db.php(287): WP_SQLite_Translator->get_error_message()
#1 /wordpress/wp-content/plugins/tw-disable-revisions/tw-disable-revisions.php(34): WP_SQLite_DB->query('\r\n\t\tDELETE\r\n\t\t\t...')
#2 /wordpress/wp-includes/class-wp-hook.php(324): tw_disable_revisions_install(false)
#3 /wordpress/wp-includes/class-wp-hook.php(348): WP_Hook->apply_filters('', Array)
#4 /wordpress/wp-includes/plugin.php(517): WP_Hook->do_action(Array)
#5 /wordpress/wp-admin/includes/plugin.php(703): do_action('activate_tw-dis...', false)
#6 /internal/eval.php(20): activate_plugin('tw-disable-revi...')
#7 {main}</pre>
 for query 
		DELETE
			`a`, `b`, `c`  
		FROM
			`wp_posts` `a`  
		LEFT JOIN
			`wp_term_relationships` `b` ON (`a`.`ID` = `b`.`object_id`)  
		LEFT JOIN
			`wp_postmeta` `c` ON (`a`.`ID` = `c`.`post_id`)  
		WHERE
			`a`.`post_type` = 'revision'
	 made by activate_plugin, do_action('activate_tw-disable-revisions/tw-disable-revisions.php'), WP_Hook->do_action, WP_Hook->apply_filters, tw_disable_revisions_install, WP_SQLite_DB->query, WP_SQLite_DB->print_error
[10-May-2025 12:52:26 UTC] PHP Warning:  Constant WP_POST_REVISIONS already defined in /wordpress/wp-content/plugins/tw-disable-revisions/tw-disable-revisions.php on line 41
[10-May-2025 12:52:26 UTC] WordPress database error <div style="clear:both">&nbsp;</div>
<div class="queries" style="clear:both;margin-bottom:2px;border:red dotted thin;">
<p>MySQL query:</p>
<p>
		DELETE
			`a`, `b`, `c`  
		FROM
			`wp_posts` `a`  
		LEFT JOIN
			`wp_term_relationships` `b` ON (`a`.`ID` = `b`.`object_id`)  
		LEFT JOIN
			`wp_postmeta` `c` ON (`a`.`ID` = `c`.`post_id`)  
		WHERE
			`a`.`post_type` = 'revision'
	</p>
<p>Queries made or created this session were:</p>
<ol>
<li>Executing: BEGIN | (no parameters)</li>
<li>Executing: SELECT l.name FROM pragma_table_info(&quot;wp_posts&quot;) as l WHERE l.pk = 1; | (no parameters)</li>
<li>Executing: 
		SELECT
			`a`.ID AS id_0, `b`.ID AS id_1, `c`.ID AS id_2  
		FROM
			`wp_posts` `a`  
		LEFT JOIN
			`wp_term_relationships` `b` ON (`a`.`ID` = `b`.`object_id`)  
		LEFT JOIN
			`wp_postmeta` `c` ON (`a`.`ID` = `c`.`post_id`)  
		WHERE
			`a`.`post_type` = :param0 
	 | (no parameters)</li>
<li>Executing: ROLLBACK | (no parameters)</li>
</ol>
</div>
<div style="clear:both;margin-bottom:2px;border:red dotted thin;" class="error_message" style="border-bottom:dotted blue thin;">
Error occurred at line 4117 in Function <code>handle_error</code>. Error message was: SQLSTATE[HY000]: General error: 1 no such column: b.ID.
</div>
<p>Backtrace:</p>
<pre>#0 /internal/shared/sqlite-database-integration/wp-includes/sqlite/class-wp-sqlite-db.php(287): WP_SQLite_Translator->get_error_message()
#1 /wordpress/wp-content/plugins/tw-disable-revisions/tw-disable-revisions.php(34): WP_SQLite_DB->query('\r\n\t\tDELETE\r\n\t\t\t...')
#2 /wordpress/wp-includes/class-wp-hook.php(324): tw_disable_revisions_install(false)
#3 /wordpress/wp-includes/class-wp-hook.php(348): WP_Hook->apply_filters('', Array)
#4 /wordpress/wp-includes/plugin.php(517): WP_Hook->do_action(Array)
#5 /wordpress/wp-admin/includes/plugin.php(703): do_action('activate_tw-dis...', false)
#6 /internal/eval.php(20): activate_plugin('tw-disable-revi...')
#7 {main}</pre>
 for query 
		DELETE
			`a`, `b`, `c`  
		FROM
			`wp_posts` `a`  
		LEFT JOIN
			`wp_term_relationships` `b` ON (`a`.`ID` = `b`.`object_id`)  
		LEFT JOIN
			`wp_postmeta` `c` ON (`a`.`ID` = `c`.`post_id`)  
		WHERE
			`a`.`post_type` = 'revision'
	 made by activate_plugin, do_action('activate_tw-disable-revisions/tw-disable-revisions.php'), WP_Hook->do_action, WP_Hook->apply_filters, tw_disable_revisions_install, WP_SQLite_DB->query, WP_SQLite_DB->print_error
[10-May-2025 12:52:37 UTC] PHP Warning:  Undefined variable $option_name in /wordpress/wp-content/plugins/tweet-you/tweet-you.php on line 128
[10-May-2025 12:52:37 UTC] PHP Deprecated:  Function register_sidebar_widget is <strong>deprecated</strong> since version 2.8.0! Use wp_register_sidebar_widget() instead. in /wordpress/wp-includes/functions.php on line 6121
[10-May-2025 12:52:37 UTC] PHP Deprecated:  Function register_widget_control is <strong>deprecated</strong> since version 2.8.0! Use wp_register_widget_control() instead. in /wordpress/wp-includes/functions.php on line 6121
[10-May-2025 12:52:46 UTC] PHP Warning:  Undefined variable $option_name in /wordpress/wp-content/plugins/tweet-you/tweet-you.php on line 128
[10-May-2025 12:52:46 UTC] PHP Deprecated:  Function register_sidebar_widget is <strong>deprecated</strong> since version 2.8.0! Use wp_register_sidebar_widget() instead. in /wordpress/wp-includes/functions.php on line 6121
[10-May-2025 12:52:46 UTC] PHP Deprecated:  Function register_widget_control is <strong>deprecated</strong> since version 2.8.0! Use wp_register_widget_control() instead. in /wordpress/wp-includes/functions.php on line 6121
[10-May-2025 12:52:55 UTC] PHP Warning:  Undefined variable $option_name in /wordpress/wp-content/plugins/tweet-you/tweet-you.php on line 128
[10-May-2025 12:52:55 UTC] PHP Deprecated:  Function register_sidebar_widget is <strong>deprecated</strong> since version 2.8.0! Use wp_register_sidebar_widget() instead. in /wordpress/wp-includes/functions.php on line 6121
[10-May-2025 12:52:55 UTC] PHP Deprecated:  Function register_widget_control is <strong>deprecated</strong> since version 2.8.0! Use wp_register_widget_control() instead. in /wordpress/wp-includes/functions.php on line 6121
[10-May-2025 12:53:29 UTC] PHP Fatal error:  Uncaught Error: Call to undefined function create_function() in /wordpress/wp-content/plugins/twitwi/twitwi.php:40
Stack trace:
#0 /wordpress/wp-admin/includes/plugin.php(2387): include_once()
#1 /wordpress/wp-admin/includes/plugin.php(673): plugin_sandbox_scrape('twitwi/twitwi.p...')
#2 /internal/eval.php(20): activate_plugin('twitwi/twitwi.p...')
#3 {main}
  thrown in /wordpress/wp-content/plugins/twitwi/twitwi.php on line 40
[10-May-2025 12:53:37 UTC] PHP Fatal error:  Uncaught Error: Call to undefined function create_function() in /wordpress/wp-content/plugins/twitwi/twitwi.php:40
Stack trace:
#0 /wordpress/wp-admin/includes/plugin.php(2387): include_once()
#1 /wordpress/wp-admin/includes/plugin.php(673): plugin_sandbox_scrape('twitwi/twitwi.p...')
#2 /internal/eval.php(20): activate_plugin('twitwi/twitwi.p...')
#3 {main}
  thrown in /wordpress/wp-content/plugins/twitwi/twitwi.php on line 40
[10-May-2025 12:53:46 UTC] PHP Fatal error:  Uncaught Error: Call to undefined function create_function() in /wordpress/wp-content/plugins/twitwi/twitwi.php:40
Stack trace:
#0 /wordpress/wp-admin/includes/plugin.php(2387): include_once()
#1 /wordpress/wp-admin/includes/plugin.php(673): plugin_sandbox_scrape('twitwi/twitwi.p...')
#2 /internal/eval.php(20): activate_plugin('twitwi/twitwi.p...')
#3 {main}
  thrown in /wordpress/wp-content/plugins/twitwi/twitwi.php on line 40
[10-May-2025 12:54:20 UTC] PHP Deprecated:  File upgrade-functions.php is <strong>deprecated</strong> since version 2.5.0! Use wp-admin/includes/upgrade.php instead. in /wordpress/wp-includes/functions.php on line 6121
[10-May-2025 12:54:21 UTC] PHP Notice:  Function wp_enqueue_style was called <strong>incorrectly</strong>. Scripts and styles should not be registered or enqueued until the <code>wp_enqueue_scripts</code>, <code>admin_enqueue_scripts</code>, or <code>login_enqueue_scripts</code> hooks. This notice was triggered by the <code>rncbc-calendar</code> handle. Please see <a href="https://developer.wordpress.org/advanced-administration/debug/debug-wordpress/">Debugging in WordPress</a> for more information. (This message was added in version 3.3.0.) in /wordpress/wp-includes/functions.php on line 6121
[10-May-2025 12:54:21 UTC] PHP Notice:  Function is_feed was called <strong>incorrectly</strong>. Conditional query tags do not work before the query is run. Before then, they always return false. Please see <a href="https://developer.wordpress.org/advanced-administration/debug/debug-wordpress/">Debugging in WordPress</a> for more information. (This message was added in version 3.1.0.) in /wordpress/wp-includes/functions.php on line 6121
[10-May-2025 12:54:21 UTC] PHP Deprecated:  File upgrade-functions.php is <strong>deprecated</strong> since version 2.5.0! Use wp-admin/includes/upgrade.php instead. in /wordpress/wp-includes/functions.php on line 6121
[10-May-2025 12:54:30 UTC] PHP Deprecated:  File upgrade-functions.php is <strong>deprecated</strong> since version 2.5.0! Use wp-admin/includes/upgrade.php instead. in /wordpress/wp-includes/functions.php on line 6121
[10-May-2025 12:54:31 UTC] PHP Notice:  Function wp_enqueue_style was called <strong>incorrectly</strong>. Scripts and styles should not be registered or enqueued until the <code>wp_enqueue_scripts</code>, <code>admin_enqueue_scripts</code>, or <code>login_enqueue_scripts</code> hooks. This notice was triggered by the <code>rncbc-calendar</code> handle. Please see <a href="https://developer.wordpress.org/advanced-administration/debug/debug-wordpress/">Debugging in WordPress</a> for more information. (This message was added in version 3.3.0.) in /wordpress/wp-includes/functions.php on line 6121
[10-May-2025 12:54:31 UTC] PHP Notice:  Function is_feed was called <strong>incorrectly</strong>. Conditional query tags do not work before the query is run. Before then, they always return false. Please see <a href="https://developer.wordpress.org/advanced-administration/debug/debug-wordpress/">Debugging in WordPress</a> for more information. (This message was added in version 3.1.0.) in /wordpress/wp-includes/functions.php on line 6121
[10-May-2025 12:54:31 UTC] PHP Deprecated:  File upgrade-functions.php is <strong>deprecated</strong> since version 2.5.0! Use wp-admin/includes/upgrade.php instead. in /wordpress/wp-includes/functions.php on line 6121
[10-May-2025 12:54:39 UTC] PHP Deprecated:  File upgrade-functions.php is <strong>deprecated</strong> since version 2.5.0! Use wp-admin/includes/upgrade.php instead. in /wordpress/wp-includes/functions.php on line 6121
[10-May-2025 12:54:40 UTC] PHP Notice:  Function wp_enqueue_style was called <strong>incorrectly</strong>. Scripts and styles should not be registered or enqueued until the <code>wp_enqueue_scripts</code>, <code>admin_enqueue_scripts</code>, or <code>login_enqueue_scripts</code> hooks. This notice was triggered by the <code>rncbc-calendar</code> handle. Please see <a href="https://developer.wordpress.org/advanced-administration/debug/debug-wordpress/">Debugging in WordPress</a> for more information. (This message was added in version 3.3.0.) in /wordpress/wp-includes/functions.php on line 6121
[10-May-2025 12:54:40 UTC] PHP Notice:  Function is_feed was called <strong>incorrectly</strong>. Conditional query tags do not work before the query is run. Before then, they always return false. Please see <a href="https://developer.wordpress.org/advanced-administration/debug/debug-wordpress/">Debugging in WordPress</a> for more information. (This message was added in version 3.1.0.) in /wordpress/wp-includes/functions.php on line 6121
[10-May-2025 12:54:40 UTC] PHP Deprecated:  File upgrade-functions.php is <strong>deprecated</strong> since version 2.5.0! Use wp-admin/includes/upgrade.php instead. in /wordpress/wp-includes/functions.php on line 6121

    at Object.onBind (file:///home/runner/work/playground-tester/playground-tester/node_modules/@wp-playground/cli/index.js:237:15)
    at process.processTicksAndRejections (node:internal/process/task_queues:105:5)
    at async V (file:///home/runner/work/playground-tester/playground-tester/node_modules/@wp-playground/cli/index.js:64:10)
    at async ja (file:///home/runner/work/playground-tester/playground-tester/node_modules/@wp-playground/cli/cli.js:8161:12) {
  [cause]: Error: Error when executing the blueprint step #5 ({"step":"installPlugin","pluginData":{"resource":"wordpress.org/plugins","slug":"text-rewrite-publisheer"},"options":{"activate":true}}) : Could not download "https://downloads.wordpress.org/plugin/text-rewrite-publisheer.latest-stable.zip".
  				Check if the URL is correct and the server is reachable.
  				If it is reachable, the server might be blocking the request.
  				Check the browser console and network tabs for more information.
  
  				## Does the console show the error "No 'Access-Control-Allow-Origin' header"?
  
  				This means the server that hosts your file does not allow requests from other sites
  				(cross-origin requests, or CORS).	You need to move the asset to a server that allows
  				cross-origin file downloads. Learn more about CORS at
  				https://developer.mozilla.org/en-US/docs/Web/HTTP/CORS.
  
  				If your file is on GitHub, load it from "raw.githubusercontent.com".
  				Here's how to do that:
  
  				1. Start with the original GitHub URL of the file. For example:
  				https://github.com/username/repository/blob/branch/filename.
  				2. Replace "github.com" with "raw.githubusercontent.com".
  				3. Remove the "/blob/" part of the URL.
  
  				The resulting URL should look like this:
  				https://raw.githubusercontent.com/username/repository/branch/filename
  
  				Error:
  				Error: Could not download "https://downloads.wordpress.org/plugin/text-rewrite-publisheer.latest-stable.zip"
      at Object.run (file:///home/runner/work/playground-tester/playground-tester/node_modules/@wp-playground/blueprints/index.js:12449:19)
      at process.processTicksAndRejections (node:internal/process/task_queues:105:5)
      at async ms (file:///home/runner/work/playground-tester/playground-tester/node_modules/@wp-playground/blueprints/index.js:12552:3)
      at async Object.onBind (file:///home/runner/work/playground-tester/playground-tester/node_modules/@wp-playground/cli/index.js:227:48)
      at async V (file:///home/runner/work/playground-tester/playground-tester/node_modules/@wp-playground/cli/index.js:64:10)
      at async ja (file:///home/runner/work/playground-tester/playground-tester/node_modules/@wp-playground/cli/cli.js:8161:12) {
    [cause]: Error: Could not download "https://downloads.wordpress.org/plugin/text-rewrite-publisheer.latest-stable.zip".
    				Check if the URL is correct and the server is reachable.
    				If it is reachable, the server might be blocking the request.
    				Check the browser console and network tabs for more information.
    
    				## Does the console show the error "No 'Access-Control-Allow-Origin' header"?
    
    				This means the server that hosts your file does not allow requests from other sites
    				(cross-origin requests, or CORS).	You need to move the asset to a server that allows
    				cross-origin file downloads. Learn more about CORS at
    				https://developer.mozilla.org/en-US/docs/Web/HTTP/CORS.
    
    				If your file is on GitHub, load it from "raw.githubusercontent.com".
    				Here's how to do that:
    
    				1. Start with the original GitHub URL of the file. For example:
    				https://github.com/username/repository/blob/branch/filename.
    				2. Replace "github.com" with "raw.githubusercontent.com".
    				3. Remove the "/blob/" part of the URL.
    
    				The resulting URL should look like this:
    				https://raw.githubusercontent.com/username/repository/branch/filename
    
    				Error:
    				Error: Could not download "https://downloads.wordpress.org/plugin/text-rewrite-publisheer.latest-stable.zip"
        at Ct.resolve (file:///home/runner/work/playground-tester/playground-tester/node_modules/@wp-playground/blueprints/index.js:1472:13)
        at process.processTicksAndRejections (node:internal/process/task_queues:105:5)
        at async _.run (file:///home/runner/work/playground-tester/playground-tester/node_modules/@php-wasm/util/index.js:45:14)
  }
}

Node.js v23.11.0
