[
{"message":"file:///home/runner/work/playground-tester/playground-tester/node_modules/@wp-playground/cli/run-cli-j-geJYS3.js:325\n        throw new Error($, { cause: h });\n              ^\n","level":"FATAL","type":"PLAYGROUND","test":"ast-sqlite-boot","plugin":"kaskus-smiley","details":"file:///home/runner/work/playground-tester/playground-tester/node_modules/@wp-playground/cli/run-cli-j-geJYS3.js:325\n        throw new Error($, { cause: h });\n              ^\n","log":"/tmp/tmp.lMaGEls7cm"}
,
{"message":"Array and string offset access syntax with curly braces is no longer supported in /wordpress/wp-content/plugins/kalimah-dashboard/inc/lessify.php on line 633","level":"FATAL","type":"PHP","test":"ast-sqlite-boot","plugin":"kaskus-smiley","details":"[26-Jun-2025 22:52:47 UTC] PHP Fatal error:  Array and string offset access syntax with curly braces is no longer supported in /wordpress/wp-content/plugins/kalimah-dashboard/inc/lessify.php on line 633","log":"/logs/plugins/k/kaskus-smiley/error.json"}
,
{"message":"Array and string offset access syntax with curly braces is no longer supported in /wordpress/wp-content/plugins/kalimah-dashboard/inc/lessify.php on line 633","level":"FATAL","type":"PHP","test":"ast-sqlite-boot","plugin":"kaskus-smiley","details":"[26-Jun-2025 22:52:55 UTC] PHP Fatal error:  Array and string offset access syntax with curly braces is no longer supported in /wordpress/wp-content/plugins/kalimah-dashboard/inc/lessify.php on line 633","log":"/logs/plugins/k/kaskus-smiley/error.json"}
,
{"message":"Array and string offset access syntax with curly braces is no longer supported in /wordpress/wp-content/plugins/kalimah-dashboard/inc/lessify.php on line 633","level":"FATAL","type":"PHP","test":"ast-sqlite-boot","plugin":"kaskus-smiley","details":"[26-Jun-2025 22:53:03 UTC] PHP Fatal error:  Array and string offset access syntax with curly braces is no longer supported in /wordpress/wp-content/plugins/kalimah-dashboard/inc/lessify.php on line 633","log":"/logs/plugins/k/kaskus-smiley/error.json"}
,
{"message":"Uncaught Error: Undefined constant \"GLOB_BRACE\" in /wordpress/wp-content/plugins/kama-wp-smile/Kama_WP_Smiles_Plugin.php:401","level":"FATAL","type":"PHP","test":"ast-sqlite-boot","plugin":"kaskus-smiley","details":"[26-Jun-2025 22:53:43 UTC] PHP Fatal error:  Uncaught Error: Undefined constant \"GLOB_BRACE\" in /wordpress/wp-content/plugins/kama-wp-smile/Kama_WP_Smiles_Plugin.php:401\nStack trace:\n#0 /wordpress/wp-content/plugins/kama-wp-smile/Kama_WP_Smiles_Admin.php(120): Kama_WP_Smiles_Plugin->get_dir_smile_names()\n#1 /wordpress/wp-content/plugins/kama-wp-smile/Kama_WP_Smiles_Admin.php(71): Kama_WP_Smiles_Admin->def_options()\n#2 /wordpress/wp-content/plugins/kama-wp-smile/Kama_WP_Smiles_Admin.php(280): Kama_WP_Smiles_Admin->set_def_options()\n#3 /wordpress/wp-content/plugins/kama-wp-smile/kama_wp_smiles.php(45): Kama_WP_Smiles_Admin->activation()\n#4 /wordpress/wp-includes/class-wp-hook.php(324): {closure}(false)\n#5 /wordpress/wp-includes/class-wp-hook.php(348): WP_Hook->apply_filters('', Array)\n#6 /wordpress/wp-includes/plugin.php(517): WP_Hook->do_action(Array)\n#7 /wordpress/wp-admin/includes/plugin.php(703): do_action('activate_kama-w...', false)\n#8 /internal/eval.php(20): activate_plugin('kama-wp-smile/k...')\n#9 {main}\n  thrown in /wordpress/wp-content/plugins/kama-wp-smile/Kama_WP_Smiles_Plugin.php on line 401","log":"/logs/plugins/k/kaskus-smiley/error.json"}
,
{"message":"Uncaught Error: Undefined constant \"GLOB_BRACE\" in /wordpress/wp-content/plugins/kama-wp-smile/Kama_WP_Smiles_Plugin.php:401","level":"FATAL","type":"PHP","test":"ast-sqlite-boot","plugin":"kaskus-smiley","details":"[26-Jun-2025 22:53:51 UTC] PHP Fatal error:  Uncaught Error: Undefined constant \"GLOB_BRACE\" in /wordpress/wp-content/plugins/kama-wp-smile/Kama_WP_Smiles_Plugin.php:401\nStack trace:\n#0 /wordpress/wp-content/plugins/kama-wp-smile/Kama_WP_Smiles_Admin.php(120): Kama_WP_Smiles_Plugin->get_dir_smile_names()\n#1 /wordpress/wp-content/plugins/kama-wp-smile/Kama_WP_Smiles_Admin.php(71): Kama_WP_Smiles_Admin->def_options()\n#2 /wordpress/wp-content/plugins/kama-wp-smile/Kama_WP_Smiles_Admin.php(280): Kama_WP_Smiles_Admin->set_def_options()\n#3 /wordpress/wp-content/plugins/kama-wp-smile/kama_wp_smiles.php(45): Kama_WP_Smiles_Admin->activation()\n#4 /wordpress/wp-includes/class-wp-hook.php(324): {closure}(false)\n#5 /wordpress/wp-includes/class-wp-hook.php(348): WP_Hook->apply_filters('', Array)\n#6 /wordpress/wp-includes/plugin.php(517): WP_Hook->do_action(Array)\n#7 /wordpress/wp-admin/includes/plugin.php(703): do_action('activate_kama-w...', false)\n#8 /internal/eval.php(20): activate_plugin('kama-wp-smile/k...')\n#9 {main}\n  thrown in /wordpress/wp-content/plugins/kama-wp-smile/Kama_WP_Smiles_Plugin.php on line 401","log":"/logs/plugins/k/kaskus-smiley/error.json"}
,
{"message":"Uncaught Error: Undefined constant \"GLOB_BRACE\" in /wordpress/wp-content/plugins/kama-wp-smile/Kama_WP_Smiles_Plugin.php:401","level":"FATAL","type":"PHP","test":"ast-sqlite-boot","plugin":"kaskus-smiley","details":"[26-Jun-2025 22:54:00 UTC] PHP Fatal error:  Uncaught Error: Undefined constant \"GLOB_BRACE\" in /wordpress/wp-content/plugins/kama-wp-smile/Kama_WP_Smiles_Plugin.php:401\nStack trace:\n#0 /wordpress/wp-content/plugins/kama-wp-smile/Kama_WP_Smiles_Admin.php(120): Kama_WP_Smiles_Plugin->get_dir_smile_names()\n#1 /wordpress/wp-content/plugins/kama-wp-smile/Kama_WP_Smiles_Admin.php(71): Kama_WP_Smiles_Admin->def_options()\n#2 /wordpress/wp-content/plugins/kama-wp-smile/Kama_WP_Smiles_Admin.php(280): Kama_WP_Smiles_Admin->set_def_options()\n#3 /wordpress/wp-content/plugins/kama-wp-smile/kama_wp_smiles.php(45): Kama_WP_Smiles_Admin->activation()\n#4 /wordpress/wp-includes/class-wp-hook.php(324): {closure}(false)\n#5 /wordpress/wp-includes/class-wp-hook.php(348): WP_Hook->apply_filters('', Array)\n#6 /wordpress/wp-includes/plugin.php(517): WP_Hook->do_action(Array)\n#7 /wordpress/wp-admin/includes/plugin.php(703): do_action('activate_kama-w...', false)\n#8 /internal/eval.php(20): activate_plugin('kama-wp-smile/k...')\n#9 {main}\n  thrown in /wordpress/wp-content/plugins/kama-wp-smile/Kama_WP_Smiles_Plugin.php on line 401","log":"/logs/plugins/k/kaskus-smiley/error.json"}
,
{"message":"Required parameter $content follows optional parameter $atts in /wordpress/wp-content/plugins/kanban-shortcodes/kanban-shortcodes.php on line 90","level":"DEPRECATED","type":"PHP","test":"ast-sqlite-boot","plugin":"kaskus-smiley","details":"[26-Jun-2025 22:54:09 UTC] PHP Deprecated:  Required parameter $content follows optional parameter $atts in /wordpress/wp-content/plugins/kanban-shortcodes/kanban-shortcodes.php on line 90","log":"/logs/plugins/k/kaskus-smiley/error.json"}
,
{"message":"Required parameter $content follows optional parameter $atts in /wordpress/wp-content/plugins/kanban-shortcodes/kanban-shortcodes.php on line 90","level":"DEPRECATED","type":"PHP","test":"ast-sqlite-boot","plugin":"kaskus-smiley","details":"[26-Jun-2025 22:54:11 UTC] PHP Deprecated:  Required parameter $content follows optional parameter $atts in /wordpress/wp-content/plugins/kanban-shortcodes/kanban-shortcodes.php on line 90","log":"/logs/plugins/k/kaskus-smiley/error.json"}
,
{"message":"Function _load_textdomain_just_in_time was called <strong>incorrectly</strong>. Translation loading for the <code>kanban-shortcodes</code> domain was triggered too early. This is usually an indicator for some code in the plugin or theme running too early. Translations should be loaded at the <code>init</code> action or later. Please see <a href=\"https://developer.wordpress.org/advanced-administration/debug/debug-wordpress/\">Debugging in WordPress</a> for more information. (This message was added in version 6.7.0.) in /wordpress/wp-includes/functions.php on line 6121","level":"NOTICE","type":"PHP","test":"ast-sqlite-boot","plugin":"kaskus-smiley","details":"[26-Jun-2025 22:54:11 UTC] PHP Notice:  Function _load_textdomain_just_in_time was called <strong>incorrectly</strong>. Translation loading for the <code>kanban-shortcodes</code> domain was triggered too early. This is usually an indicator for some code in the plugin or theme running too early. Translations should be loaded at the <code>init</code> action or later. Please see <a href=\"https://developer.wordpress.org/advanced-administration/debug/debug-wordpress/\">Debugging in WordPress</a> for more information. (This message was added in version 6.7.0.) in /wordpress/wp-includes/functions.php on line 6121","log":"/logs/plugins/k/kaskus-smiley/error.json"}
,
{"message":"Required parameter $content follows optional parameter $atts in /wordpress/wp-content/plugins/kanban-shortcodes/kanban-shortcodes.php on line 90","level":"DEPRECATED","type":"PHP","test":"ast-sqlite-boot","plugin":"kaskus-smiley","details":"[26-Jun-2025 22:54:19 UTC] PHP Deprecated:  Required parameter $content follows optional parameter $atts in /wordpress/wp-content/plugins/kanban-shortcodes/kanban-shortcodes.php on line 90","log":"/logs/plugins/k/kaskus-smiley/error.json"}
,
{"message":"Required parameter $content follows optional parameter $atts in /wordpress/wp-content/plugins/kanban-shortcodes/kanban-shortcodes.php on line 90","level":"DEPRECATED","type":"PHP","test":"ast-sqlite-boot","plugin":"kaskus-smiley","details":"[26-Jun-2025 22:54:20 UTC] PHP Deprecated:  Required parameter $content follows optional parameter $atts in /wordpress/wp-content/plugins/kanban-shortcodes/kanban-shortcodes.php on line 90","log":"/logs/plugins/k/kaskus-smiley/error.json"}
,
{"message":"Function _load_textdomain_just_in_time was called <strong>incorrectly</strong>. Translation loading for the <code>kanban-shortcodes</code> domain was triggered too early. This is usually an indicator for some code in the plugin or theme running too early. Translations should be loaded at the <code>init</code> action or later. Please see <a href=\"https://developer.wordpress.org/advanced-administration/debug/debug-wordpress/\">Debugging in WordPress</a> for more information. (This message was added in version 6.7.0.) in /wordpress/wp-includes/functions.php on line 6121","level":"NOTICE","type":"PHP","test":"ast-sqlite-boot","plugin":"kaskus-smiley","details":"[26-Jun-2025 22:54:20 UTC] PHP Notice:  Function _load_textdomain_just_in_time was called <strong>incorrectly</strong>. Translation loading for the <code>kanban-shortcodes</code> domain was triggered too early. This is usually an indicator for some code in the plugin or theme running too early. Translations should be loaded at the <code>init</code> action or later. Please see <a href=\"https://developer.wordpress.org/advanced-administration/debug/debug-wordpress/\">Debugging in WordPress</a> for more information. (This message was added in version 6.7.0.) in /wordpress/wp-includes/functions.php on line 6121","log":"/logs/plugins/k/kaskus-smiley/error.json"}
,
{"message":"Required parameter $content follows optional parameter $atts in /wordpress/wp-content/plugins/kanban-shortcodes/kanban-shortcodes.php on line 90","level":"DEPRECATED","type":"PHP","test":"ast-sqlite-boot","plugin":"kaskus-smiley","details":"[26-Jun-2025 22:54:29 UTC] PHP Deprecated:  Required parameter $content follows optional parameter $atts in /wordpress/wp-content/plugins/kanban-shortcodes/kanban-shortcodes.php on line 90","log":"/logs/plugins/k/kaskus-smiley/error.json"}
,
{"message":"Required parameter $content follows optional parameter $atts in /wordpress/wp-content/plugins/kanban-shortcodes/kanban-shortcodes.php on line 90","level":"DEPRECATED","type":"PHP","test":"ast-sqlite-boot","plugin":"kaskus-smiley","details":"[26-Jun-2025 22:54:30 UTC] PHP Deprecated:  Required parameter $content follows optional parameter $atts in /wordpress/wp-content/plugins/kanban-shortcodes/kanban-shortcodes.php on line 90","log":"/logs/plugins/k/kaskus-smiley/error.json"}
,
{"message":"Function _load_textdomain_just_in_time was called <strong>incorrectly</strong>. Translation loading for the <code>kanban-shortcodes</code> domain was triggered too early. This is usually an indicator for some code in the plugin or theme running too early. Translations should be loaded at the <code>init</code> action or later. Please see <a href=\"https://developer.wordpress.org/advanced-administration/debug/debug-wordpress/\">Debugging in WordPress</a> for more information. (This message was added in version 6.7.0.) in /wordpress/wp-includes/functions.php on line 6121","level":"NOTICE","type":"PHP","test":"ast-sqlite-boot","plugin":"kaskus-smiley","details":"[26-Jun-2025 22:54:30 UTC] PHP Notice:  Function _load_textdomain_just_in_time was called <strong>incorrectly</strong>. Translation loading for the <code>kanban-shortcodes</code> domain was triggered too early. This is usually an indicator for some code in the plugin or theme running too early. Translations should be loaded at the <code>init</code> action or later. Please see <a href=\"https://developer.wordpress.org/advanced-administration/debug/debug-wordpress/\">Debugging in WordPress</a> for more information. (This message was added in version 6.7.0.) in /wordpress/wp-includes/functions.php on line 6121","log":"/logs/plugins/k/kaskus-smiley/error.json"}
,
{"message":"Uncaught Exception: Cryptor::decryptString() - data length 0 is less than iv length 16 in /wordpress/wp-content/plugins/kangoo-for-woocommerce/includes/encryption.php:141","level":"FATAL","type":"PHP","test":"ast-sqlite-boot","plugin":"kaskus-smiley","details":"[26-Jun-2025 22:55:11 UTC] PHP Fatal error:  Uncaught Exception: Cryptor::decryptString() - data length 0 is less than iv length 16 in /wordpress/wp-content/plugins/kangoo-for-woocommerce/includes/encryption.php:141\nStack trace:\n#0 /wordpress/wp-content/plugins/kangoo-for-woocommerce/includes/encryption.php(187): kangooSecurity\\Cryptor->decryptString(false, 'put your unique...', 1)\n#1 /wordpress/wp-content/plugins/kangoo-for-woocommerce/includes/encryption-decryption-checker.php(92): kangooSecurity\\Cryptor::Decrypt(false, 'put your unique...')\n#2 /wordpress/wp-includes/class-wp-hook.php(324): kangooSecurity\\encryption_checker->check_encryption('')\n#3 /wordpress/wp-includes/class-wp-hook.php(348): WP_Hook->apply_filters(NULL, Array)\n#4 /wordpress/wp-includes/plugin.php(517): WP_Hook->do_action(Array)\n#5 /wordpress/wp-settings.php(727): do_action('init')\n#6 /wordpress/wp-config.php(102): require_once('/wordpress/wp-s...')\n#7 /wordpress/wp-load.php(50): require_once('/wordpress/wp-c...')\n#8 /internal/eval.php(3): require_once('/wordpress/wp-l...')\n#9 {main}\n  thrown in /wordpress/wp-content/plugins/kangoo-for-woocommerce/includes/encryption.php on line 141","log":"/logs/plugins/k/kaskus-smiley/error.json"}
,
{"message":"Uncaught Exception: Cryptor::decryptString() - data length 0 is less than iv length 16 in /wordpress/wp-content/plugins/kangoo-for-woocommerce/includes/encryption.php:141","level":"FATAL","type":"PHP","test":"ast-sqlite-boot","plugin":"kaskus-smiley","details":"[26-Jun-2025 22:55:21 UTC] PHP Fatal error:  Uncaught Exception: Cryptor::decryptString() - data length 0 is less than iv length 16 in /wordpress/wp-content/plugins/kangoo-for-woocommerce/includes/encryption.php:141\nStack trace:\n#0 /wordpress/wp-content/plugins/kangoo-for-woocommerce/includes/encryption.php(187): kangooSecurity\\Cryptor->decryptString(false, 'put your unique...', 1)\n#1 /wordpress/wp-content/plugins/kangoo-for-woocommerce/includes/encryption-decryption-checker.php(92): kangooSecurity\\Cryptor::Decrypt(false, 'put your unique...')\n#2 /wordpress/wp-includes/class-wp-hook.php(324): kangooSecurity\\encryption_checker->check_encryption('')\n#3 /wordpress/wp-includes/class-wp-hook.php(348): WP_Hook->apply_filters(NULL, Array)\n#4 /wordpress/wp-includes/plugin.php(517): WP_Hook->do_action(Array)\n#5 /wordpress/wp-settings.php(727): do_action('init')\n#6 /wordpress/wp-config.php(102): require_once('/wordpress/wp-s...')\n#7 /wordpress/wp-load.php(50): require_once('/wordpress/wp-c...')\n#8 /internal/eval.php(3): require_once('/wordpress/wp-l...')\n#9 {main}\n  thrown in /wordpress/wp-content/plugins/kangoo-for-woocommerce/includes/encryption.php on line 141","log":"/logs/plugins/k/kaskus-smiley/error.json"}
,
{"message":"Uncaught Exception: Cryptor::decryptString() - data length 0 is less than iv length 16 in /wordpress/wp-content/plugins/kangoo-for-woocommerce/includes/encryption.php:141","level":"FATAL","type":"PHP","test":"ast-sqlite-boot","plugin":"kaskus-smiley","details":"[26-Jun-2025 22:55:30 UTC] PHP Fatal error:  Uncaught Exception: Cryptor::decryptString() - data length 0 is less than iv length 16 in /wordpress/wp-content/plugins/kangoo-for-woocommerce/includes/encryption.php:141\nStack trace:\n#0 /wordpress/wp-content/plugins/kangoo-for-woocommerce/includes/encryption.php(187): kangooSecurity\\Cryptor->decryptString(false, 'put your unique...', 1)\n#1 /wordpress/wp-content/plugins/kangoo-for-woocommerce/includes/encryption-decryption-checker.php(92): kangooSecurity\\Cryptor::Decrypt(false, 'put your unique...')\n#2 /wordpress/wp-includes/class-wp-hook.php(324): kangooSecurity\\encryption_checker->check_encryption('')\n#3 /wordpress/wp-includes/class-wp-hook.php(348): WP_Hook->apply_filters(NULL, Array)\n#4 /wordpress/wp-includes/plugin.php(517): WP_Hook->do_action(Array)\n#5 /wordpress/wp-settings.php(727): do_action('init')\n#6 /wordpress/wp-config.php(102): require_once('/wordpress/wp-s...')\n#7 /wordpress/wp-load.php(50): require_once('/wordpress/wp-c...')\n#8 /internal/eval.php(3): require_once('/wordpress/wp-l...')\n#9 {main}\n  thrown in /wordpress/wp-content/plugins/kangoo-for-woocommerce/includes/encryption.php on line 141","log":"/logs/plugins/k/kaskus-smiley/error.json"}
,
{"message":"Function wp_enqueue_style was called <strong>incorrectly</strong>. Scripts and styles should not be registered or enqueued until the <code>wp_enqueue_scripts</code>, <code>admin_enqueue_scripts</code>, or <code>login_enqueue_scripts</code> hooks. This notice was triggered by the <code>plugin-name-styles</code> handle. Please see <a href=\"https://developer.wordpress.org/advanced-administration/debug/debug-wordpress/\">Debugging in WordPress</a> for more information. (This message was added in version 3.3.0.) in /wordpress/wp-includes/functions.php on line 6121","level":"NOTICE","type":"PHP","test":"ast-sqlite-boot","plugin":"kaskus-smiley","details":"[26-Jun-2025 22:58:39 UTC] PHP Notice:  Function wp_enqueue_style was called <strong>incorrectly</strong>. Scripts and styles should not be registered or enqueued until the <code>wp_enqueue_scripts</code>, <code>admin_enqueue_scripts</code>, or <code>login_enqueue_scripts</code> hooks. This notice was triggered by the <code>plugin-name-styles</code> handle. Please see <a href=\"https://developer.wordpress.org/advanced-administration/debug/debug-wordpress/\">Debugging in WordPress</a> for more information. (This message was added in version 3.3.0.) in /wordpress/wp-includes/functions.php on line 6121","log":"/logs/plugins/k/kaskus-smiley/error.json"}
,
{"message":"Function is_feed was called <strong>incorrectly</strong>. Conditional query tags do not work before the query is run. Before then, they always return false. Please see <a href=\"https://developer.wordpress.org/advanced-administration/debug/debug-wordpress/\">Debugging in WordPress</a> for more information. (This message was added in version 3.1.0.) in /wordpress/wp-includes/functions.php on line 6121","level":"NOTICE","type":"PHP","test":"ast-sqlite-boot","plugin":"kaskus-smiley","details":"[26-Jun-2025 22:58:39 UTC] PHP Notice:  Function is_feed was called <strong>incorrectly</strong>. Conditional query tags do not work before the query is run. Before then, they always return false. Please see <a href=\"https://developer.wordpress.org/advanced-administration/debug/debug-wordpress/\">Debugging in WordPress</a> for more information. (This message was added in version 3.1.0.) in /wordpress/wp-includes/functions.php on line 6121","log":"/logs/plugins/k/kaskus-smiley/error.json"}
,
{"message":"Function wp_enqueue_style was called <strong>incorrectly</strong>. Scripts and styles should not be registered or enqueued until the <code>wp_enqueue_scripts</code>, <code>admin_enqueue_scripts</code>, or <code>login_enqueue_scripts</code> hooks. This notice was triggered by the <code>plugin-name-styles</code> handle. Please see <a href=\"https://developer.wordpress.org/advanced-administration/debug/debug-wordpress/\">Debugging in WordPress</a> for more information. (This message was added in version 3.3.0.) in /wordpress/wp-includes/functions.php on line 6121","level":"NOTICE","type":"PHP","test":"ast-sqlite-boot","plugin":"kaskus-smiley","details":"[26-Jun-2025 22:58:49 UTC] PHP Notice:  Function wp_enqueue_style was called <strong>incorrectly</strong>. Scripts and styles should not be registered or enqueued until the <code>wp_enqueue_scripts</code>, <code>admin_enqueue_scripts</code>, or <code>login_enqueue_scripts</code> hooks. This notice was triggered by the <code>plugin-name-styles</code> handle. Please see <a href=\"https://developer.wordpress.org/advanced-administration/debug/debug-wordpress/\">Debugging in WordPress</a> for more information. (This message was added in version 3.3.0.) in /wordpress/wp-includes/functions.php on line 6121","log":"/logs/plugins/k/kaskus-smiley/error.json"}
,
{"message":"Function is_feed was called <strong>incorrectly</strong>. Conditional query tags do not work before the query is run. Before then, they always return false. Please see <a href=\"https://developer.wordpress.org/advanced-administration/debug/debug-wordpress/\">Debugging in WordPress</a> for more information. (This message was added in version 3.1.0.) in /wordpress/wp-includes/functions.php on line 6121","level":"NOTICE","type":"PHP","test":"ast-sqlite-boot","plugin":"kaskus-smiley","details":"[26-Jun-2025 22:58:49 UTC] PHP Notice:  Function is_feed was called <strong>incorrectly</strong>. Conditional query tags do not work before the query is run. Before then, they always return false. Please see <a href=\"https://developer.wordpress.org/advanced-administration/debug/debug-wordpress/\">Debugging in WordPress</a> for more information. (This message was added in version 3.1.0.) in /wordpress/wp-includes/functions.php on line 6121","log":"/logs/plugins/k/kaskus-smiley/error.json"}
,
{"message":"Function wp_enqueue_style was called <strong>incorrectly</strong>. Scripts and styles should not be registered or enqueued until the <code>wp_enqueue_scripts</code>, <code>admin_enqueue_scripts</code>, or <code>login_enqueue_scripts</code> hooks. This notice was triggered by the <code>plugin-name-styles</code> handle. Please see <a href=\"https://developer.wordpress.org/advanced-administration/debug/debug-wordpress/\">Debugging in WordPress</a> for more information. (This message was added in version 3.3.0.) in /wordpress/wp-includes/functions.php on line 6121","level":"NOTICE","type":"PHP","test":"ast-sqlite-boot","plugin":"kaskus-smiley","details":"[26-Jun-2025 22:58:58 UTC] PHP Notice:  Function wp_enqueue_style was called <strong>incorrectly</strong>. Scripts and styles should not be registered or enqueued until the <code>wp_enqueue_scripts</code>, <code>admin_enqueue_scripts</code>, or <code>login_enqueue_scripts</code> hooks. This notice was triggered by the <code>plugin-name-styles</code> handle. Please see <a href=\"https://developer.wordpress.org/advanced-administration/debug/debug-wordpress/\">Debugging in WordPress</a> for more information. (This message was added in version 3.3.0.) in /wordpress/wp-includes/functions.php on line 6121","log":"/logs/plugins/k/kaskus-smiley/error.json"}
,
{"message":"Function is_feed was called <strong>incorrectly</strong>. Conditional query tags do not work before the query is run. Before then, they always return false. Please see <a href=\"https://developer.wordpress.org/advanced-administration/debug/debug-wordpress/\">Debugging in WordPress</a> for more information. (This message was added in version 3.1.0.) in /wordpress/wp-includes/functions.php on line 6121","level":"NOTICE","type":"PHP","test":"ast-sqlite-boot","plugin":"kaskus-smiley","details":"[26-Jun-2025 22:58:58 UTC] PHP Notice:  Function is_feed was called <strong>incorrectly</strong>. Conditional query tags do not work before the query is run. Before then, they always return false. Please see <a href=\"https://developer.wordpress.org/advanced-administration/debug/debug-wordpress/\">Debugging in WordPress</a> for more information. (This message was added in version 3.1.0.) in /wordpress/wp-includes/functions.php on line 6121","log":"/logs/plugins/k/kaskus-smiley/error.json"}
]
