file:///home/runner/work/playground-tester/playground-tester/node_modules/@wp-playground/cli/index.js:237
        throw new Error(y, { cause: u });
              ^

Error: [13-Apr-2025 03:15:29 UTC] PHP Fatal error:  Uncaught TypeError: call_user_func_array(): Argument #1 ($callback) must be a valid callback, function "activate_googletagmanager" not found or invalid function name in /wordpress/wp-includes/class-wp-hook.php:324
Stack trace:
#0 /wordpress/wp-includes/class-wp-hook.php(348): WP_Hook->apply_filters('', Array)
#1 /wordpress/wp-includes/plugin.php(517): WP_Hook->do_action(Array)
#2 /wordpress/wp-admin/includes/plugin.php(703): do_action('activate_simple...', false)
#3 /internal/eval.php(20): activate_plugin('simple-google-t...')
#4 {main}
  thrown in /wordpress/wp-includes/class-wp-hook.php on line 324
[13-Apr-2025 03:15:37 UTC] PHP Fatal error:  Uncaught TypeError: call_user_func_array(): Argument #1 ($callback) must be a valid callback, function "activate_googletagmanager" not found or invalid function name in /wordpress/wp-includes/class-wp-hook.php:324
Stack trace:
#0 /wordpress/wp-includes/class-wp-hook.php(348): WP_Hook->apply_filters('', Array)
#1 /wordpress/wp-includes/plugin.php(517): WP_Hook->do_action(Array)
#2 /wordpress/wp-admin/includes/plugin.php(703): do_action('activate_simple...', false)
#3 /internal/eval.php(20): activate_plugin('simple-google-t...')
#4 {main}
  thrown in /wordpress/wp-includes/class-wp-hook.php on line 324
[13-Apr-2025 03:15:45 UTC] PHP Fatal error:  Uncaught TypeError: call_user_func_array(): Argument #1 ($callback) must be a valid callback, function "activate_googletagmanager" not found or invalid function name in /wordpress/wp-includes/class-wp-hook.php:324
Stack trace:
#0 /wordpress/wp-includes/class-wp-hook.php(348): WP_Hook->apply_filters('', Array)
#1 /wordpress/wp-includes/plugin.php(517): WP_Hook->do_action(Array)
#2 /wordpress/wp-admin/includes/plugin.php(703): do_action('activate_simple...', false)
#3 /internal/eval.php(20): activate_plugin('simple-google-t...')
#4 {main}
  thrown in /wordpress/wp-includes/class-wp-hook.php on line 324
[13-Apr-2025 03:17:23 UTC] PHP Fatal error:  Uncaught Error: Call to undefined function wp_get_active_network_plugins() in /wordpress/wp-content/plugins/smart-tools-for-woocommerce/includes/stwc_functions.php:22
Stack trace:
#0 /wordpress/wp-content/plugins/smart-tools-for-woocommerce/constellation-smart-tools-for-woocommerce.php(126): stwc_activation_check()
#1 /wordpress/wp-includes/class-wp-hook.php(324): stwc_activation(false)
#2 /wordpress/wp-includes/class-wp-hook.php(348): WP_Hook->apply_filters(NULL, Array)
#3 /wordpress/wp-includes/plugin.php(517): WP_Hook->do_action(Array)
#4 /wordpress/wp-admin/includes/plugin.php(703): do_action('activate_smart-...', false)
#5 /internal/eval.php(20): activate_plugin('smart-tools-for...')
#6 {main}
  thrown in /wordpress/wp-content/plugins/smart-tools-for-woocommerce/includes/stwc_functions.php on line 22
[13-Apr-2025 03:17:32 UTC] PHP Fatal error:  Uncaught Error: Call to undefined function wp_get_active_network_plugins() in /wordpress/wp-content/plugins/smart-tools-for-woocommerce/includes/stwc_functions.php:22
Stack trace:
#0 /wordpress/wp-content/plugins/smart-tools-for-woocommerce/constellation-smart-tools-for-woocommerce.php(126): stwc_activation_check()
#1 /wordpress/wp-includes/class-wp-hook.php(324): stwc_activation(false)
#2 /wordpress/wp-includes/class-wp-hook.php(348): WP_Hook->apply_filters(NULL, Array)
#3 /wordpress/wp-includes/plugin.php(517): WP_Hook->do_action(Array)
#4 /wordpress/wp-admin/includes/plugin.php(703): do_action('activate_smart-...', false)
#5 /internal/eval.php(20): activate_plugin('smart-tools-for...')
#6 {main}
  thrown in /wordpress/wp-content/plugins/smart-tools-for-woocommerce/includes/stwc_functions.php on line 22
[13-Apr-2025 03:17:41 UTC] PHP Fatal error:  Uncaught Error: Call to undefined function wp_get_active_network_plugins() in /wordpress/wp-content/plugins/smart-tools-for-woocommerce/includes/stwc_functions.php:22
Stack trace:
#0 /wordpress/wp-content/plugins/smart-tools-for-woocommerce/constellation-smart-tools-for-woocommerce.php(126): stwc_activation_check()
#1 /wordpress/wp-includes/class-wp-hook.php(324): stwc_activation(false)
#2 /wordpress/wp-includes/class-wp-hook.php(348): WP_Hook->apply_filters(NULL, Array)
#3 /wordpress/wp-includes/plugin.php(517): WP_Hook->do_action(Array)
#4 /wordpress/wp-admin/includes/plugin.php(703): do_action('activate_smart-...', false)
#5 /internal/eval.php(20): activate_plugin('smart-tools-for...')
#6 {main}
  thrown in /wordpress/wp-content/plugins/smart-tools-for-woocommerce/includes/stwc_functions.php on line 22
[13-Apr-2025 03:17:51 UTC] PHP Warning:  mysqli::__construct(): (HY000/2002): Address family not supported by protocol in /wordpress/wp-content/plugins/storekeeper-for-woocommerce/src/StoreKeeper/WooCommerce/B2C/Database/DatabaseConnection.php on line 50
[13-Apr-2025 03:17:51 UTC] PHP Warning:  mysqli::query(): Couldn't fetch mysqli in /wordpress/wp-content/plugins/storekeeper-for-woocommerce/src/StoreKeeper/WooCommerce/B2C/Database/DatabaseConnection.php on line 70
[13-Apr-2025 03:17:51 UTC] PHP Warning:  StoreKeeper\WooCommerce\B2C\Database\DatabaseConnection::querySql(): Couldn't fetch mysqli in /wordpress/wp-content/plugins/storekeeper-for-woocommerce/src/StoreKeeper/WooCommerce/B2C/Database/DatabaseConnection.php on line 72
[13-Apr-2025 03:17:51 UTC] PHP Fatal error:  Uncaught StoreKeeper\WooCommerce\B2C\Exceptions\SqlException: Sql query error: "". in /wordpress/wp-content/plugins/storekeeper-for-woocommerce/src/StoreKeeper/WooCommerce/B2C/Database/DatabaseConnection.php:72
Stack trace:
#0 /wordpress/wp-content/plugins/storekeeper-for-woocommerce/src/StoreKeeper/WooCommerce/B2C/Migrations/MigrationManager.php(92): StoreKeeper\WooCommerce\B2C\Database\DatabaseConnection->querySql('    CREATE TABL...')
#1 /wordpress/wp-content/plugins/storekeeper-for-woocommerce/src/StoreKeeper/WooCommerce/B2C/Migrations/MigrationManager.php(28): StoreKeeper\WooCommerce\B2C\Migrations\MigrationManager->ensureMigrationTable()
#2 /wordpress/wp-content/plugins/storekeeper-for-woocommerce/src/StoreKeeper/WooCommerce/B2C/Activator.php(13): StoreKeeper\WooCommerce\B2C\Migrations\MigrationManager->migrateAll()
#3 /wordpress/wp-content/plugins/storekeeper-for-woocommerce/storekeeper-woocommerce-b2c.php(80): StoreKeeper\WooCommerce\B2C\Activator->run()
#4 /wordpress/wp-includes/class-wp-hook.php(324 in /wordpress/wp-content/plugins/storekeeper-for-woocommerce/src/StoreKeeper/WooCommerce/B2C/Database/DatabaseConnection.php on line 72
[13-Apr-2025 03:18:00 UTC] PHP Warning:  mysqli::__construct(): (HY000/2002): Address family not supported by protocol in /wordpress/wp-content/plugins/storekeeper-for-woocommerce/src/StoreKeeper/WooCommerce/B2C/Database/DatabaseConnection.php on line 50
[13-Apr-2025 03:18:00 UTC] PHP Warning:  mysqli::query(): Couldn't fetch mysqli in /wordpress/wp-content/plugins/storekeeper-for-woocommerce/src/StoreKeeper/WooCommerce/B2C/Database/DatabaseConnection.php on line 70
[13-Apr-2025 03:18:00 UTC] PHP Warning:  StoreKeeper\WooCommerce\B2C\Database\DatabaseConnection::querySql(): Couldn't fetch mysqli in /wordpress/wp-content/plugins/storekeeper-for-woocommerce/src/StoreKeeper/WooCommerce/B2C/Database/DatabaseConnection.php on line 72
[13-Apr-2025 03:18:00 UTC] PHP Fatal error:  Uncaught StoreKeeper\WooCommerce\B2C\Exceptions\SqlException: Sql query error: "". in /wordpress/wp-content/plugins/storekeeper-for-woocommerce/src/StoreKeeper/WooCommerce/B2C/Database/DatabaseConnection.php:72
Stack trace:
#0 /wordpress/wp-content/plugins/storekeeper-for-woocommerce/src/StoreKeeper/WooCommerce/B2C/Migrations/MigrationManager.php(92): StoreKeeper\WooCommerce\B2C\Database\DatabaseConnection->querySql('    CREATE TABL...')
#1 /wordpress/wp-content/plugins/storekeeper-for-woocommerce/src/StoreKeeper/WooCommerce/B2C/Migrations/MigrationManager.php(28): StoreKeeper\WooCommerce\B2C\Migrations\MigrationManager->ensureMigrationTable()
#2 /wordpress/wp-content/plugins/storekeeper-for-woocommerce/src/StoreKeeper/WooCommerce/B2C/Activator.php(13): StoreKeeper\WooCommerce\B2C\Migrations\MigrationManager->migrateAll()
#3 /wordpress/wp-content/plugins/storekeeper-for-woocommerce/storekeeper-woocommerce-b2c.php(80): StoreKeeper\WooCommerce\B2C\Activator->run()
#4 /wordpress/wp-includes/class-wp-hook.php(324 in /wordpress/wp-content/plugins/storekeeper-for-woocommerce/src/StoreKeeper/WooCommerce/B2C/Database/DatabaseConnection.php on line 72
[13-Apr-2025 03:18:10 UTC] PHP Warning:  mysqli::__construct(): (HY000/2002): Address family not supported by protocol in /wordpress/wp-content/plugins/storekeeper-for-woocommerce/src/StoreKeeper/WooCommerce/B2C/Database/DatabaseConnection.php on line 50
[13-Apr-2025 03:18:10 UTC] PHP Warning:  mysqli::query(): Couldn't fetch mysqli in /wordpress/wp-content/plugins/storekeeper-for-woocommerce/src/StoreKeeper/WooCommerce/B2C/Database/DatabaseConnection.php on line 70
[13-Apr-2025 03:18:10 UTC] PHP Warning:  StoreKeeper\WooCommerce\B2C\Database\DatabaseConnection::querySql(): Couldn't fetch mysqli in /wordpress/wp-content/plugins/storekeeper-for-woocommerce/src/StoreKeeper/WooCommerce/B2C/Database/DatabaseConnection.php on line 72
[13-Apr-2025 03:18:10 UTC] PHP Fatal error:  Uncaught StoreKeeper\WooCommerce\B2C\Exceptions\SqlException: Sql query error: "". in /wordpress/wp-content/plugins/storekeeper-for-woocommerce/src/StoreKeeper/WooCommerce/B2C/Database/DatabaseConnection.php:72
Stack trace:
#0 /wordpress/wp-content/plugins/storekeeper-for-woocommerce/src/StoreKeeper/WooCommerce/B2C/Migrations/MigrationManager.php(92): StoreKeeper\WooCommerce\B2C\Database\DatabaseConnection->querySql('    CREATE TABL...')
#1 /wordpress/wp-content/plugins/storekeeper-for-woocommerce/src/StoreKeeper/WooCommerce/B2C/Migrations/MigrationManager.php(28): StoreKeeper\WooCommerce\B2C\Migrations\MigrationManager->ensureMigrationTable()
#2 /wordpress/wp-content/plugins/storekeeper-for-woocommerce/src/StoreKeeper/WooCommerce/B2C/Activator.php(13): StoreKeeper\WooCommerce\B2C\Migrations\MigrationManager->migrateAll()
#3 /wordpress/wp-content/plugins/storekeeper-for-woocommerce/storekeeper-woocommerce-b2c.php(80): StoreKeeper\WooCommerce\B2C\Activator->run()
#4 /wordpress/wp-includes/class-wp-hook.php(324 in /wordpress/wp-content/plugins/storekeeper-for-woocommerce/src/StoreKeeper/WooCommerce/B2C/Database/DatabaseConnection.php on line 72
[13-Apr-2025 03:20:48 UTC] PHP Fatal error:  Uncaught Error: Undefined constant "wp_spreadshirt_widget" in /wordpress/wp-content/plugins/spreadshirt-rss-3d-cube-flash-gallery/wp-spreadshirt-gallery.php:284
Stack trace:
#0 /wordpress/wp-includes/class-wp-hook.php(324): widget_init_wp_spreadshirt_widget('')
#1 /wordpress/wp-includes/class-wp-hook.php(348): WP_Hook->apply_filters(NULL, Array)
#2 /wordpress/wp-includes/plugin.php(517): WP_Hook->do_action(Array)
#3 /wordpress/wp-includes/widgets.php(1870): do_action('widgets_init')
#4 /wordpress/wp-includes/class-wp-hook.php(324): wp_widgets_init('')
#5 /wordpress/wp-includes/class-wp-hook.php(348): WP_Hook->apply_filters(NULL, Array)
#6 /wordpress/wp-includes/plugin.php(517): WP_Hook->do_action(Array)
#7 /wordpress/wp-settings.php(704): do_action('init')
#8 /wordpress/wp-config.php(102): require_once('/wordpress/wp-s...')
#9 /wordpress/wp-load.php(50): require_once('/wordpress/wp-c...')
#10 /internal/eval.php(3): require_once('/wordpress/wp-l...')
#11 {main}
  thrown in /wordpress/wp-content/plugins/spreadshirt-rss-3d-cube-flash-gallery/wp-spreadshirt-gallery.php on line 284
[13-Apr-2025 03:20:56 UTC] PHP Fatal error:  Uncaught Error: Undefined constant "wp_spreadshirt_widget" in /wordpress/wp-content/plugins/spreadshirt-rss-3d-cube-flash-gallery/wp-spreadshirt-gallery.php:284
Stack trace:
#0 /wordpress/wp-includes/class-wp-hook.php(324): widget_init_wp_spreadshirt_widget('')
#1 /wordpress/wp-includes/class-wp-hook.php(348): WP_Hook->apply_filters(NULL, Array)
#2 /wordpress/wp-includes/plugin.php(517): WP_Hook->do_action(Array)
#3 /wordpress/wp-includes/widgets.php(1870): do_action('widgets_init')
#4 /wordpress/wp-includes/class-wp-hook.php(324): wp_widgets_init('')
#5 /wordpress/wp-includes/class-wp-hook.php(348): WP_Hook->apply_filters(NULL, Array)
#6 /wordpress/wp-includes/plugin.php(517): WP_Hook->do_action(Array)
#7 /wordpress/wp-settings.php(704): do_action('init')
#8 /wordpress/wp-config.php(102): require_once('/wordpress/wp-s...')
#9 /wordpress/wp-load.php(50): require_once('/wordpress/wp-c...')
#10 /internal/eval.php(3): require_once('/wordpress/wp-l...')
#11 {main}
  thrown in /wordpress/wp-content/plugins/spreadshirt-rss-3d-cube-flash-gallery/wp-spreadshirt-gallery.php on line 284

    at Object.onBind (file:///home/runner/work/playground-tester/playground-tester/node_modules/@wp-playground/cli/index.js:237:15)
    at process.processTicksAndRejections (node:internal/process/task_queues:105:5)
    at async V (file:///home/runner/work/playground-tester/playground-tester/node_modules/@wp-playground/cli/index.js:64:10)
    at async ja (file:///home/runner/work/playground-tester/playground-tester/node_modules/@wp-playground/cli/cli.js:8161:12) {
  [cause]: Error: Error when executing the blueprint step #1 ({"step":"installPlugin","pluginData":{"resource":"wordpress.org/plugins","slug":"spreadshirt-rss-3d-cube-flash-gallery"},"options":{"activate":true}}) : PHP.run() failed with exit code 255 and the following output: 
      at Object.run (file:///home/runner/work/playground-tester/playground-tester/node_modules/@wp-playground/blueprints/index.js:12449:19)
      at process.processTicksAndRejections (node:internal/process/task_queues:105:5)
      at async ms (file:///home/runner/work/playground-tester/playground-tester/node_modules/@wp-playground/blueprints/index.js:12552:3)
      ... 2 lines matching cause stack trace ...
      at async ja (file:///home/runner/work/playground-tester/playground-tester/node_modules/@wp-playground/cli/cli.js:8161:12) {
    [cause]: PHPExecutionFailureError: PHP.run() failed with exit code 255 and the following output: 
        at PHP.run (file:///home/runner/work/playground-tester/playground-tester/node_modules/@php-wasm/universal/index.js:987:19)
        at process.processTicksAndRejections (node:internal/process/task_queues:105:5)
        at async wr (file:///home/runner/work/playground-tester/playground-tester/node_modules/@wp-playground/blueprints/index.js:73:13)
        at async Object.gt [as installPlugin] (file:///home/runner/work/playground-tester/playground-tester/node_modules/@wp-playground/blueprints/index.js:974:42)
        at async g (file:///home/runner/work/playground-tester/playground-tester/node_modules/@wp-playground/blueprints/index.js:12517:30)
        at async Object.run (file:///home/runner/work/playground-tester/playground-tester/node_modules/@wp-playground/blueprints/index.js:12446:23)
        at async ms (file:///home/runner/work/playground-tester/playground-tester/node_modules/@wp-playground/blueprints/index.js:12552:3)
        at async Object.onBind (file:///home/runner/work/playground-tester/playground-tester/node_modules/@wp-playground/cli/index.js:227:48)
        at async V (file:///home/runner/work/playground-tester/playground-tester/node_modules/@wp-playground/cli/index.js:64:10)
        at async ja (file:///home/runner/work/playground-tester/playground-tester/node_modules/@wp-playground/cli/cli.js:8161:12) {
      response: PHPResponse {
        httpStatusCode: 500,
        headers: {
          'x-powered-by': [ 'PHP/8.0.30-dev' ],
          'content-type': [ 'text/html; charset=UTF-8' ],
          expires: [ 'Wed, 11 Jan 1984 05:00:00 GMT' ],
          'cache-control': [ 'no-cache, must-revalidate, max-age=0' ]
        },
        bytes: Uint8Array(2653) [
           60,  33,  68,  79,  67,  84,  89,  80,  69,  32, 104, 116,
          109, 108,  62,  10,  60, 104, 116, 109, 108,  32, 108,  97,
          110, 103,  61,  34, 101, 110,  45,  85,  83,  34,  62,  10,
           60, 104, 101,  97, 100,  62,  10,   9,  60, 109, 101, 116,
           97,  32, 104, 116, 116, 112,  45, 101, 113, 117, 105, 118,
           61,  34,  67, 111, 110, 116, 101, 110, 116,  45,  84, 121,
          112, 101,  34,  32,  99, 111, 110, 116, 101, 110, 116,  61,
           34, 116, 101, 120, 116,  47, 104, 116, 109, 108,  59,  32,
           99, 104,  97, 114,
          ... 2553 more items
        ],
        exitCode: 255,
        errors: ''
      },
      source: 'request'
    }
  }
}

Node.js v23.11.0
