file:///home/runner/work/playground-tester/playground-tester/node_modules/@wp-playground/cli/run-cli-j-geJYS3.js:325
        throw new Error($, { cause: h });
              ^

Error: [08-Jul-2025 03:28:11 UTC] PHP Fatal error:  Uncaught Error: Call to undefined function post_exists() in /wordpress/wp-content/plugins/step-by-step-ordering-system-for-woocommerce/includes/plugin/activation.php:9
Stack trace:
#0 /wordpress/wp-content/plugins/step-by-step-ordering-system-for-woocommerce/wc-step-by-step-ordering.php(89): include_once()
#1 /wordpress/wp-includes/class-wp-hook.php(324): StepByStepSystem->plugin_activation(false)
#2 /wordpress/wp-includes/class-wp-hook.php(348): WP_Hook->apply_filters('', Array)
#3 /wordpress/wp-includes/plugin.php(517): WP_Hook->do_action(Array)
#4 /wordpress/wp-admin/includes/plugin.php(703): do_action('activate_step-b...', false)
#5 /internal/eval.php(20): activate_plugin('step-by-step-or...')
#6 {main}
  thrown in /wordpress/wp-content/plugins/step-by-step-ordering-system-for-woocommerce/includes/plugin/activation.php on line 9
[08-Jul-2025 03:28:19 UTC] PHP Fatal error:  Uncaught Error: Call to undefined function post_exists() in /wordpress/wp-content/plugins/step-by-step-ordering-system-for-woocommerce/includes/plugin/activation.php:9
Stack trace:
#0 /wordpress/wp-content/plugins/step-by-step-ordering-system-for-woocommerce/wc-step-by-step-ordering.php(89): include_once()
#1 /wordpress/wp-includes/class-wp-hook.php(324): StepByStepSystem->plugin_activation(false)
#2 /wordpress/wp-includes/class-wp-hook.php(348): WP_Hook->apply_filters('', Array)
#3 /wordpress/wp-includes/plugin.php(517): WP_Hook->do_action(Array)
#4 /wordpress/wp-admin/includes/plugin.php(703): do_action('activate_step-b...', false)
#5 /internal/eval.php(20): activate_plugin('step-by-step-or...')
#6 {main}
  thrown in /wordpress/wp-content/plugins/step-by-step-ordering-system-for-woocommerce/includes/plugin/activation.php on line 9
[08-Jul-2025 03:28:27 UTC] PHP Fatal error:  Uncaught Error: Call to undefined function post_exists() in /wordpress/wp-content/plugins/step-by-step-ordering-system-for-woocommerce/includes/plugin/activation.php:9
Stack trace:
#0 /wordpress/wp-content/plugins/step-by-step-ordering-system-for-woocommerce/wc-step-by-step-ordering.php(89): include_once()
#1 /wordpress/wp-includes/class-wp-hook.php(324): StepByStepSystem->plugin_activation(false)
#2 /wordpress/wp-includes/class-wp-hook.php(348): WP_Hook->apply_filters('', Array)
#3 /wordpress/wp-includes/plugin.php(517): WP_Hook->do_action(Array)
#4 /wordpress/wp-admin/includes/plugin.php(703): do_action('activate_step-b...', false)
#5 /internal/eval.php(20): activate_plugin('step-by-step-or...')
#6 {main}
  thrown in /wordpress/wp-content/plugins/step-by-step-ordering-system-for-woocommerce/includes/plugin/activation.php on line 9
[08-Jul-2025 03:29:04 UTC] PHP Fatal error:  Uncaught Exception: Could not connect to the remote service for node initialization. in /wordpress/wp-content/plugins/stina-crystal-lift/includes/Setup.php:91
Stack trace:
#0 /wordpress/wp-content/plugins/stina-crystal-lift/includes/Setup.php(42): STINA\CrystalLift\Setup::initializeNode()
#1 /wordpress/wp-includes/class-wp-hook.php(324): STINA\CrystalLift\Setup::activate(false)
#2 /wordpress/wp-includes/class-wp-hook.php(348): WP_Hook->apply_filters('', Array)
#3 /wordpress/wp-includes/plugin.php(517): WP_Hook->do_action(Array)
#4 /wordpress/wp-admin/includes/plugin.php(703): do_action('activate_stina-...', false)
#5 /internal/eval.php(20): activate_plugin('stina-crystal-l...')
#6 {main}
  thrown in /wordpress/wp-content/plugins/stina-crystal-lift/includes/Setup.php on line 91
[08-Jul-2025 03:29:15 UTC] PHP Fatal error:  Uncaught Exception: Could not connect to the remote service for node initialization. in /wordpress/wp-content/plugins/stina-crystal-lift/includes/Setup.php:91
Stack trace:
#0 /wordpress/wp-content/plugins/stina-crystal-lift/includes/Setup.php(42): STINA\CrystalLift\Setup::initializeNode()
#1 /wordpress/wp-includes/class-wp-hook.php(324): STINA\CrystalLift\Setup::activate(false)
#2 /wordpress/wp-includes/class-wp-hook.php(348): WP_Hook->apply_filters('', Array)
#3 /wordpress/wp-includes/plugin.php(517): WP_Hook->do_action(Array)
#4 /wordpress/wp-admin/includes/plugin.php(703): do_action('activate_stina-...', false)
#5 /internal/eval.php(20): activate_plugin('stina-crystal-l...')
#6 {main}
  thrown in /wordpress/wp-content/plugins/stina-crystal-lift/includes/Setup.php on line 91
[08-Jul-2025 03:29:27 UTC] PHP Fatal error:  Uncaught Exception: Could not connect to the remote service for node initialization. in /wordpress/wp-content/plugins/stina-crystal-lift/includes/Setup.php:91
Stack trace:
#0 /wordpress/wp-content/plugins/stina-crystal-lift/includes/Setup.php(42): STINA\CrystalLift\Setup::initializeNode()
#1 /wordpress/wp-includes/class-wp-hook.php(324): STINA\CrystalLift\Setup::activate(false)
#2 /wordpress/wp-includes/class-wp-hook.php(348): WP_Hook->apply_filters('', Array)
#3 /wordpress/wp-includes/plugin.php(517): WP_Hook->do_action(Array)
#4 /wordpress/wp-admin/includes/plugin.php(703): do_action('activate_stina-...', false)
#5 /internal/eval.php(20): activate_plugin('stina-crystal-l...')
#6 {main}
  thrown in /wordpress/wp-content/plugins/stina-crystal-lift/includes/Setup.php on line 91
[08-Jul-2025 03:34:12 UTC] PHP Fatal error:  Uncaught Error: Call to undefined function create_function() in /wordpress/wp-content/plugins/showspace-product-widgets-plugin/showspace_widget.php:4
Stack trace:
#0 /wordpress/wp-content/plugins/showspace-product-widgets-plugin/showspace.php(37): require_once()
#1 /wordpress/wp-admin/includes/plugin.php(2387): include_once('/wordpress/wp-c...')
#2 /wordpress/wp-admin/includes/plugin.php(673): plugin_sandbox_scrape('showspace-produ...')
#3 /internal/eval.php(20): activate_plugin('showspace-produ...')
#4 {main}
  thrown in /wordpress/wp-content/plugins/showspace-product-widgets-plugin/showspace_widget.php on line 4
[08-Jul-2025 03:34:19 UTC] PHP Fatal error:  Uncaught Error: Call to undefined function create_function() in /wordpress/wp-content/plugins/showspace-product-widgets-plugin/showspace_widget.php:4
Stack trace:
#0 /wordpress/wp-content/plugins/showspace-product-widgets-plugin/showspace.php(37): require_once()
#1 /wordpress/wp-admin/includes/plugin.php(2387): include_once('/wordpress/wp-c...')
#2 /wordpress/wp-admin/includes/plugin.php(673): plugin_sandbox_scrape('showspace-produ...')
#3 /internal/eval.php(20): activate_plugin('showspace-produ...')
#4 {main}
  thrown in /wordpress/wp-content/plugins/showspace-product-widgets-plugin/showspace_widget.php on line 4
[08-Jul-2025 03:34:28 UTC] PHP Fatal error:  Uncaught Error: Call to undefined function create_function() in /wordpress/wp-content/plugins/showspace-product-widgets-plugin/showspace_widget.php:4
Stack trace:
#0 /wordpress/wp-content/plugins/showspace-product-widgets-plugin/showspace.php(37): require_once()
#1 /wordpress/wp-admin/includes/plugin.php(2387): include_once('/wordpress/wp-c...')
#2 /wordpress/wp-admin/includes/plugin.php(673): plugin_sandbox_scrape('showspace-produ...')
#3 /internal/eval.php(20): activate_plugin('showspace-produ...')
#4 {main}
  thrown in /wordpress/wp-content/plugins/showspace-product-widgets-plugin/showspace_widget.php on line 4
[08-Jul-2025 03:34:37 UTC] PHP Fatal error:  Uncaught Error: Call to undefined function create_function() in /wordpress/wp-content/plugins/sidebar-image-banner-ads-widget/sidebar_image_banner_ads.php:288
Stack trace:
#0 /wordpress/wp-admin/includes/plugin.php(2387): include_once()
#1 /wordpress/wp-admin/includes/plugin.php(673): plugin_sandbox_scrape('sidebar-image-b...')
#2 /internal/eval.php(20): activate_plugin('sidebar-image-b...')
#3 {main}
  thrown in /wordpress/wp-content/plugins/sidebar-image-banner-ads-widget/sidebar_image_banner_ads.php on line 288
[08-Jul-2025 03:34:45 UTC] PHP Fatal error:  Uncaught Error: Call to undefined function create_function() in /wordpress/wp-content/plugins/sidebar-image-banner-ads-widget/sidebar_image_banner_ads.php:288
Stack trace:
#0 /wordpress/wp-admin/includes/plugin.php(2387): include_once()
#1 /wordpress/wp-admin/includes/plugin.php(673): plugin_sandbox_scrape('sidebar-image-b...')
#2 /internal/eval.php(20): activate_plugin('sidebar-image-b...')
#3 {main}
  thrown in /wordpress/wp-content/plugins/sidebar-image-banner-ads-widget/sidebar_image_banner_ads.php on line 288
[08-Jul-2025 03:34:54 UTC] PHP Fatal error:  Uncaught Error: Call to undefined function create_function() in /wordpress/wp-content/plugins/sidebar-image-banner-ads-widget/sidebar_image_banner_ads.php:288
Stack trace:
#0 /wordpress/wp-admin/includes/plugin.php(2387): include_once()
#1 /wordpress/wp-admin/includes/plugin.php(673): plugin_sandbox_scrape('sidebar-image-b...')
#2 /internal/eval.php(20): activate_plugin('sidebar-image-b...')
#3 {main}
  thrown in /wordpress/wp-content/plugins/sidebar-image-banner-ads-widget/sidebar_image_banner_ads.php on line 288
[08-Jul-2025 03:36:07 UTC] PHP Deprecated:  Required parameter $options follows optional parameter $message_id in /wordpress/wp-content/plugins/simple-ajax-shoutbox/ajax_shoutbox.php on line 426
[08-Jul-2025 03:36:07 UTC] PHP Fatal error:  Uncaught Error: Call to undefined function create_function() in /wordpress/wp-content/plugins/simple-ajax-shoutbox/ajax_shoutbox.php:1190
Stack trace:
#0 /wordpress/wp-admin/includes/plugin.php(2387): include_once()
#1 /wordpress/wp-admin/includes/plugin.php(673): plugin_sandbox_scrape('simple-ajax-sho...')
#2 /internal/eval.php(20): activate_plugin('simple-ajax-sho...')
#3 {main}
  thrown in /wordpress/wp-content/plugins/simple-ajax-shoutbox/ajax_shoutbox.php on line 1190
[08-Jul-2025 03:36:16 UTC] PHP Deprecated:  Required parameter $options follows optional parameter $message_id in /wordpress/wp-content/plugins/simple-ajax-shoutbox/ajax_shoutbox.php on line 426
[08-Jul-2025 03:36:16 UTC] PHP Fatal error:  Uncaught Error: Call to undefined function create_function() in /wordpress/wp-content/plugins/simple-ajax-shoutbox/ajax_shoutbox.php:1190
Stack trace:
#0 /wordpress/wp-admin/includes/plugin.php(2387): include_once()
#1 /wordpress/wp-admin/includes/plugin.php(673): plugin_sandbox_scrape('simple-ajax-sho...')
#2 /internal/eval.php(20): activate_plugin('simple-ajax-sho...')
#3 {main}
  thrown in /wordpress/wp-content/plugins/simple-ajax-shoutbox/ajax_shoutbox.php on line 1190
[08-Jul-2025 03:36:24 UTC] PHP Deprecated:  Required parameter $options follows optional parameter $message_id in /wordpress/wp-content/plugins/simple-ajax-shoutbox/ajax_shoutbox.php on line 426
[08-Jul-2025 03:36:24 UTC] PHP Fatal error:  Uncaught Error: Call to undefined function create_function() in /wordpress/wp-content/plugins/simple-ajax-shoutbox/ajax_shoutbox.php:1190
Stack trace:
#0 /wordpress/wp-admin/includes/plugin.php(2387): include_once()
#1 /wordpress/wp-admin/includes/plugin.php(673): plugin_sandbox_scrape('simple-ajax-sho...')
#2 /internal/eval.php(20): activate_plugin('simple-ajax-sho...')
#3 {main}
  thrown in /wordpress/wp-content/plugins/simple-ajax-shoutbox/ajax_shoutbox.php on line 1190
[08-Jul-2025 03:37:57 UTC] PHP Fatal error:  Uncaught Error: Call to undefined function create_function() in /wordpress/wp-content/plugins/solve360/solve360.php:45
Stack trace:
#0 /wordpress/wp-content/plugins/solve360/solve360.php(33): Solve360->__construct()
#1 /wordpress/wp-includes/class-wp-hook.php(324): Solve360('')
#2 /wordpress/wp-includes/class-wp-hook.php(348): WP_Hook->apply_filters(NULL, Array)
#3 /wordpress/wp-includes/plugin.php(517): WP_Hook->do_action(Array)
#4 /wordpress/wp-settings.php(578): do_action('plugins_loaded')
#5 /wordpress/wp-config.php(102): require_once('/wordpress/wp-s...')
#6 /wordpress/wp-load.php(50): require_once('/wordpress/wp-c...')
#7 /internal/eval.php(3): require_once('/wordpress/wp-l...')
#8 {main}
  thrown in /wordpress/wp-content/plugins/solve360/solve360.php on line 45
[08-Jul-2025 03:38:06 UTC] PHP Fatal error:  Uncaught Error: Call to undefined function create_function() in /wordpress/wp-content/plugins/solve360/solve360.php:45
Stack trace:
#0 /wordpress/wp-content/plugins/solve360/solve360.php(33): Solve360->__construct()
#1 /wordpress/wp-includes/class-wp-hook.php(324): Solve360('')
#2 /wordpress/wp-includes/class-wp-hook.php(348): WP_Hook->apply_filters(NULL, Array)
#3 /wordpress/wp-includes/plugin.php(517): WP_Hook->do_action(Array)
#4 /wordpress/wp-settings.php(578): do_action('plugins_loaded')
#5 /wordpress/wp-config.php(102): require_once('/wordpress/wp-s...')
#6 /wordpress/wp-load.php(50): require_once('/wordpress/wp-c...')
#7 /internal/eval.php(3): require_once('/wordpress/wp-l...')
#8 {main}
  thrown in /wordpress/wp-content/plugins/solve360/solve360.php on line 45
[08-Jul-2025 03:38:15 UTC] PHP Fatal error:  Uncaught Error: Call to undefined function create_function() in /wordpress/wp-content/plugins/solve360/solve360.php:45
Stack trace:
#0 /wordpress/wp-content/plugins/solve360/solve360.php(33): Solve360->__construct()
#1 /wordpress/wp-includes/class-wp-hook.php(324): Solve360('')
#2 /wordpress/wp-includes/class-wp-hook.php(348): WP_Hook->apply_filters(NULL, Array)
#3 /wordpress/wp-includes/plugin.php(517): WP_Hook->do_action(Array)
#4 /wordpress/wp-settings.php(578): do_action('plugins_loaded')
#5 /wordpress/wp-config.php(102): require_once('/wordpress/wp-s...')
#6 /wordpress/wp-load.php(50): require_once('/wordpress/wp-c...')
#7 /internal/eval.php(3): require_once('/wordpress/wp-l...')
#8 {main}
  thrown in /wordpress/wp-content/plugins/solve360/solve360.php on line 45
[08-Jul-2025 03:38:27 UTC] PHP Warning:  Undefined array key "REMOTE_ADDR" in /wordpress/wp-content/plugins/stop-war-stop-putin/stopwarstopputin.php on line 2314
[08-Jul-2025 03:38:36 UTC] PHP Warning:  Undefined array key "REMOTE_ADDR" in /wordpress/wp-content/plugins/stop-war-stop-putin/stopwarstopputin.php on line 2314
[08-Jul-2025 03:38:47 UTC] PHP Warning:  Undefined array key "REMOTE_ADDR" in /wordpress/wp-content/plugins/stop-war-stop-putin/stopwarstopputin.php on line 2314
[08-Jul-2025 03:39:22 UTC] PHP Fatal error:  Uncaught Error: Call to undefined function create_function() in /wordpress/wp-content/plugins/swg-location-aware/controllers/swgla.php:225
Stack trace:
#0 /wordpress/wp-content/plugins/swg-location-aware/swgla.php(13): include()
#1 /wordpress/wp-admin/includes/plugin.php(2387): include_once('/wordpress/wp-c...')
#2 /wordpress/wp-admin/includes/plugin.php(673): plugin_sandbox_scrape('swg-location-aw...')
#3 /internal/eval.php(20): activate_plugin('swg-location-aw...')
#4 {main}
  thrown in /wordpress/wp-content/plugins/swg-location-aware/controllers/swgla.php on line 225
[08-Jul-2025 03:39:25 UTC] PHP Fatal error:  Uncaught Error: Call to undefined function create_function() in /wordpress/wp-content/plugins/swg-location-aware/controllers/swgla.php:225
Stack trace:
#0 /wordpress/wp-content/plugins/swg-location-aware/swgla.php(13): include()
#1 /wordpress/wp-admin/includes/plugin.php(2387): include_once('/wordpress/wp-c...')
#2 /wordpress/wp-admin/includes/plugin.php(673): plugin_sandbox_scrape('swg-location-aw...')
#3 /internal/eval.php(20): activate_plugin('swg-location-aw...')
#4 {main}
  thrown in /wordpress/wp-content/plugins/swg-location-aware/controllers/swgla.php on line 225

    at Object.onBind (file:///home/runner/work/playground-tester/playground-tester/node_modules/@wp-playground/cli/run-cli-j-geJYS3.js:325:15)
    at process.processTicksAndRejections (node:internal/process/task_queues:105:5)
    at async re (file:///home/runner/work/playground-tester/playground-tester/node_modules/@wp-playground/cli/run-cli-j-geJYS3.js:149:10) {
  [cause]: Error: Error when executing the blueprint step #1 ({"step":"installPlugin","pluginData":{"resource":"wordpress.org/plugins","slug":"swg-location-aware"},"options":{"activate":true}}) : PHP.run() failed with exit code 255 and the following output: 
      at Object.run (file:///home/runner/work/playground-tester/playground-tester/node_modules/@wp-playground/blueprints/index.js:12093:19)
      at process.processTicksAndRejections (node:internal/process/task_queues:105:5)
      at async ys (file:///home/runner/work/playground-tester/playground-tester/node_modules/@wp-playground/blueprints/index.js:12196:3)
      at async Object.onBind (file:///home/runner/work/playground-tester/playground-tester/node_modules/@wp-playground/cli/run-cli-j-geJYS3.js:315:48)
      at async re (file:///home/runner/work/playground-tester/playground-tester/node_modules/@wp-playground/cli/run-cli-j-geJYS3.js:149:10) {
    [cause]: PHPExecutionFailureError: PHP.run() failed with exit code 255 and the following output: 
        at PHP.run (file:///home/runner/work/playground-tester/playground-tester/node_modules/@php-wasm/universal/index.js:1034:19)
        at process.processTicksAndRejections (node:internal/process/task_queues:105:5)
        at async wr (file:///home/runner/work/playground-tester/playground-tester/node_modules/@wp-playground/blueprints/index.js:34:39)
        at async Object.gt [as installPlugin] (file:///home/runner/work/playground-tester/playground-tester/node_modules/@wp-playground/blueprints/index.js:631:42)
        at async g (file:///home/runner/work/playground-tester/playground-tester/node_modules/@wp-playground/blueprints/index.js:12161:30)
        at async Object.run (file:///home/runner/work/playground-tester/playground-tester/node_modules/@wp-playground/blueprints/index.js:12090:23)
        at async ys (file:///home/runner/work/playground-tester/playground-tester/node_modules/@wp-playground/blueprints/index.js:12196:3)
        at async Object.onBind (file:///home/runner/work/playground-tester/playground-tester/node_modules/@wp-playground/cli/run-cli-j-geJYS3.js:315:48)
        at async re (file:///home/runner/work/playground-tester/playground-tester/node_modules/@wp-playground/cli/run-cli-j-geJYS3.js:149:10) {
      response: PHPResponse {
        httpStatusCode: 500,
        headers: {
          'x-powered-by': [ 'PHP/8.0.30-dev' ],
          'content-type': [ 'text/html; charset=UTF-8' ]
        },
        bytes: Uint8Array(0) [],
        exitCode: 255,
        errors: ''
      },
      source: 'request'
    }
  }
}

Node.js v23.11.0
