file:///home/runner/work/playground-tester/playground-tester/node_modules/@wp-playground/cli/index.js:237
        throw new Error(y, { cause: u });
              ^

Error: [03-May-2025 12:45:22 UTC] PHP Deprecated:  Function register_sidebar_widget is <strong>deprecated</strong> since version 2.8.0! Use wp_register_sidebar_widget() instead. in /wordpress/wp-includes/functions.php on line 6121
[03-May-2025 12:45:29 UTC] PHP Deprecated:  Function register_sidebar_widget is <strong>deprecated</strong> since version 2.8.0! Use wp_register_sidebar_widget() instead. in /wordpress/wp-includes/functions.php on line 6121
[03-May-2025 12:45:38 UTC] PHP Deprecated:  Function register_sidebar_widget is <strong>deprecated</strong> since version 2.8.0! Use wp_register_sidebar_widget() instead. in /wordpress/wp-includes/functions.php on line 6121
[03-May-2025 12:45:46 UTC] PHP Warning:  Trying to access array offset on value of type bool in /wordpress/wp-content/plugins/eventoni-events/eventoni.php on line 268
[03-May-2025 12:45:46 UTC] PHP Warning:  Trying to access array offset on value of type bool in /wordpress/wp-content/plugins/eventoni-events/eventoni.php on line 270
[03-May-2025 12:45:47 UTC] PHP Warning:  Trying to access array offset on value of type bool in /wordpress/wp-content/plugins/eventoni-events/eventoni.php on line 268
[03-May-2025 12:45:47 UTC] PHP Warning:  Trying to access array offset on value of type bool in /wordpress/wp-content/plugins/eventoni-events/eventoni.php on line 270
[03-May-2025 12:45:47 UTC] PHP Warning:  Trying to access array offset on value of type bool in /wordpress/wp-content/plugins/eventoni-events/eventoni.php on line 55
[03-May-2025 12:45:54 UTC] PHP Warning:  Trying to access array offset on value of type bool in /wordpress/wp-content/plugins/eventoni-events/eventoni.php on line 268
[03-May-2025 12:45:54 UTC] PHP Warning:  Trying to access array offset on value of type bool in /wordpress/wp-content/plugins/eventoni-events/eventoni.php on line 270
[03-May-2025 12:45:54 UTC] WordPress database error <div style="clear:both">&nbsp;</div>
<div class="queries" style="clear:both;margin-bottom:2px;border:red dotted thin;">
<p>MySQL query:</p>
<p>INSERT INTO wp_options (blog_id, option_name, option_value, autoload) VALUES ('0', 'eventoni_options', 'a:9:{s:8:"bg_color";s:7:"#121E29";s:9:"placement";s:7:"sidebar";s:8:"show_map";s:4:"true";s:12:"event_search";s:4:"true";s:13:"event_suggest";s:4:"true";s:11:"geolocation";s:0:"";s:16:"eventoni_api_key";s:0:"";s:18:"googlemaps_api_key";s:0:"";}', 'no')</p>
<p>Queries made or created this session were:</p>
<ol>
<li>Executing: BEGIN | (no parameters)</li>
<li>Executing: INSERT INTO wp_options (blog_id, option_name, option_value, autoload) VALUES (:param0 , :param1 , :param2 , :param3 ) | parameters: 0, eventoni_options, a:9:{s:8:&quot;bg_color&quot;;s:7:&quot;#121E29&quot;;s:9:&quot;placement&quot;;s:7:&quot;sidebar&quot;;s:8:&quot;show_map&quot;;s:4:&quot;true&quot;;s:12:&quot;event_search&quot;;s:4:&quot;true&quot;;s:13:&quot;event_suggest&quot;;s:4:&quot;true&quot;;s:11:&quot;geolocation&quot;;s:0:&quot;&quot;;s:16:&quot;eventoni_api_key&quot;;s:0:&quot;&quot;;s:18:&quot;googlemaps_api_key&quot;;s:0:&quot;&quot;;}, no</li>
<li>Executing: ROLLBACK | (no parameters)</li>
</ol>
</div>
<div style="clear:both;margin-bottom:2px;border:red dotted thin;" class="error_message" style="border-bottom:dotted blue thin;">
Error occurred at line 4117 in Function <code>handle_error</code>. Error message was: SQLSTATE[HY000]: General error: 1 table wp_options has no column named blog_id.
</div>
<p>Backtrace:</p>
<pre>#0 /internal/shared/sqlite-database-integration/wp-includes/sqlite/class-wp-sqlite-db.php(287): WP_SQLite_Translator->get_error_message()
#1 /wordpress/wp-content/plugins/eventoni-events/eventoni.php(29): WP_SQLite_DB->query('INSERT INTO wp_...')
#2 /wordpress/wp-includes/class-wp-hook.php(324): eventoni_activate(false)
#3 /wordpress/wp-includes/class-wp-hook.php(348): WP_Hook->apply_filters('', Array)
#4 /wordpress/wp-includes/plugin.php(517): WP_Hook->do_action(Array)
#5 /wordpress/wp-admin/includes/plugin.php(703): do_action('activate_evento...', false)
#6 /internal/eval.php(20): activate_plugin('eventoni-events...')
#7 {main}</pre>
 for query INSERT INTO wp_options (blog_id, option_name, option_value, autoload) VALUES ('0', 'eventoni_options', 'a:9:{s:8:"bg_color";s:7:"#121E29";s:9:"placement";s:7:"sidebar";s:8:"show_map";s:4:"true";s:12:"event_search";s:4:"true";s:13:"event_suggest";s:4:"true";s:11:"geolocation";s:0:"";s:16:"eventoni_api_key";s:0:"";s:18:"googlemaps_api_key";s:0:"";}', 'no') made by activate_plugin, do_action('activate_eventoni-events/eventoni.php'), WP_Hook->do_action, WP_Hook->apply_filters, eventoni_activate, WP_SQLite_DB->query, WP_SQLite_DB->print_error
[03-May-2025 12:45:55 UTC] PHP Warning:  Trying to access array offset on value of type bool in /wordpress/wp-content/plugins/eventoni-events/eventoni.php on line 268
[03-May-2025 12:45:55 UTC] PHP Warning:  Trying to access array offset on value of type bool in /wordpress/wp-content/plugins/eventoni-events/eventoni.php on line 270
[03-May-2025 12:45:55 UTC] PHP Warning:  Trying to access array offset on value of type bool in /wordpress/wp-content/plugins/eventoni-events/eventoni.php on line 55
[03-May-2025 12:46:02 UTC] PHP Warning:  Trying to access array offset on value of type bool in /wordpress/wp-content/plugins/eventoni-events/eventoni.php on line 268
[03-May-2025 12:46:02 UTC] PHP Warning:  Trying to access array offset on value of type bool in /wordpress/wp-content/plugins/eventoni-events/eventoni.php on line 270
[03-May-2025 12:46:02 UTC] WordPress database error <div style="clear:both">&nbsp;</div>
<div class="queries" style="clear:both;margin-bottom:2px;border:red dotted thin;">
<p>MySQL query:</p>
<p>INSERT INTO wp_options (blog_id, option_name, option_value, autoload) VALUES ('0', 'eventoni_options', 'a:9:{s:8:"bg_color";s:7:"#121E29";s:9:"placement";s:7:"sidebar";s:8:"show_map";s:4:"true";s:12:"event_search";s:4:"true";s:13:"event_suggest";s:4:"true";s:11:"geolocation";s:0:"";s:16:"eventoni_api_key";s:0:"";s:18:"googlemaps_api_key";s:0:"";}', 'no')</p>
<p>Queries made or created this session were:</p>
<ol>
<li>Executing: BEGIN | (no parameters)</li>
<li>Executing: INSERT INTO wp_options (blog_id, option_name, option_value, autoload) VALUES (:param0 , :param1 , :param2 , :param3 ) | parameters: 0, eventoni_options, a:9:{s:8:&quot;bg_color&quot;;s:7:&quot;#121E29&quot;;s:9:&quot;placement&quot;;s:7:&quot;sidebar&quot;;s:8:&quot;show_map&quot;;s:4:&quot;true&quot;;s:12:&quot;event_search&quot;;s:4:&quot;true&quot;;s:13:&quot;event_suggest&quot;;s:4:&quot;true&quot;;s:11:&quot;geolocation&quot;;s:0:&quot;&quot;;s:16:&quot;eventoni_api_key&quot;;s:0:&quot;&quot;;s:18:&quot;googlemaps_api_key&quot;;s:0:&quot;&quot;;}, no</li>
<li>Executing: ROLLBACK | (no parameters)</li>
</ol>
</div>
<div style="clear:both;margin-bottom:2px;border:red dotted thin;" class="error_message" style="border-bottom:dotted blue thin;">
Error occurred at line 4117 in Function <code>handle_error</code>. Error message was: SQLSTATE[HY000]: General error: 1 table wp_options has no column named blog_id.
</div>
<p>Backtrace:</p>
<pre>#0 /internal/shared/sqlite-database-integration/wp-includes/sqlite/class-wp-sqlite-db.php(287): WP_SQLite_Translator->get_error_message()
#1 /wordpress/wp-content/plugins/eventoni-events/eventoni.php(29): WP_SQLite_DB->query('INSERT INTO wp_...')
#2 /wordpress/wp-includes/class-wp-hook.php(324): eventoni_activate(false)
#3 /wordpress/wp-includes/class-wp-hook.php(348): WP_Hook->apply_filters('', Array)
#4 /wordpress/wp-includes/plugin.php(517): WP_Hook->do_action(Array)
#5 /wordpress/wp-admin/includes/plugin.php(703): do_action('activate_evento...', false)
#6 /internal/eval.php(20): activate_plugin('eventoni-events...')
#7 {main}</pre>
 for query INSERT INTO wp_options (blog_id, option_name, option_value, autoload) VALUES ('0', 'eventoni_options', 'a:9:{s:8:"bg_color";s:7:"#121E29";s:9:"placement";s:7:"sidebar";s:8:"show_map";s:4:"true";s:12:"event_search";s:4:"true";s:13:"event_suggest";s:4:"true";s:11:"geolocation";s:0:"";s:16:"eventoni_api_key";s:0:"";s:18:"googlemaps_api_key";s:0:"";}', 'no') made by activate_plugin, do_action('activate_eventoni-events/eventoni.php'), WP_Hook->do_action, WP_Hook->apply_filters, eventoni_activate, WP_SQLite_DB->query, WP_SQLite_DB->print_error
[03-May-2025 12:46:03 UTC] PHP Warning:  Trying to access array offset on value of type bool in /wordpress/wp-content/plugins/eventoni-events/eventoni.php on line 268
[03-May-2025 12:46:03 UTC] PHP Warning:  Trying to access array offset on value of type bool in /wordpress/wp-content/plugins/eventoni-events/eventoni.php on line 270
[03-May-2025 12:46:03 UTC] PHP Warning:  Trying to access array offset on value of type bool in /wordpress/wp-content/plugins/eventoni-events/eventoni.php on line 55
[03-May-2025 12:48:20 UTC] PHP Warning:  Undefined array key "easymaintenance" in /wordpress/wp-content/plugins/easymaintenance/easy-maintainance.php on line 11
[03-May-2025 12:48:21 UTC] PHP Warning:  Undefined array key "easymaintenance" in /wordpress/wp-content/plugins/easymaintenance/easy-maintainance.php on line 11
[03-May-2025 12:48:29 UTC] PHP Warning:  Undefined array key "easymaintenance" in /wordpress/wp-content/plugins/easymaintenance/easy-maintainance.php on line 11
[03-May-2025 12:48:30 UTC] PHP Warning:  Undefined array key "easymaintenance" in /wordpress/wp-content/plugins/easymaintenance/easy-maintainance.php on line 11
[03-May-2025 12:48:37 UTC] PHP Warning:  Undefined array key "easymaintenance" in /wordpress/wp-content/plugins/easymaintenance/easy-maintainance.php on line 11
[03-May-2025 12:48:38 UTC] PHP Warning:  Undefined array key "easymaintenance" in /wordpress/wp-content/plugins/easymaintenance/easy-maintainance.php on line 11
[03-May-2025 12:50:01 UTC] Opening DB connection
[03-May-2025 12:50:01 UTC] PHP Fatal error:  Uncaught envoqon\db\DbException: DbConnection failed to open the DB connection: SQLSTATE[HY000] [2002] Address family not supported by protocol in /wordpress/wp-content/plugins/expert-invoice/envoqon/db/DbConnection.php:139
Stack trace:
#0 /wordpress/wp-content/plugins/expert-invoice/envoqon/db/DbConnection.php(112): envoqon\db\DbConnection->open()
#1 /wordpress/wp-content/plugins/expert-invoice/envoqon/db/DbConnection.php(100): envoqon\db\DbConnection->setActive(true)
#2 /wordpress/wp-content/plugins/expert-invoice/envoqon/App.php(325): envoqon\db\DbConnection->init()
#3 /wordpress/wp-content/plugins/expert-invoice/envoqon/App.php(301): envoqon\App::getDb()
#4 /wordpress/wp-content/plugins/expert-invoice/envoqon/App.php(284): envoqon\App->instantiateMigration('m181231_124550_...')
#5 /wordpress/wp-content/plugins/expert-invoice/envoqon/App.php(255): envoqon\App->migrateUpImp('m181231_124550_...')
#6 /wordpress/wp-content/plugins/expert-invoice/expert-invoice.php(27): envoqon\App->migrateUp()
#7 /wordpress/wp-includes/class-wp-hook.php(324): expert_invoice_install(false)
#8 /wordpress/wp-includes/class-wp-hook.php(348): WP_Hook->apply_filters('', Array)
#9 /wordpress/wp-includes/plugin.php(517): WP_Hook->do_action(Array)
#10 /wordpress/wp-admin/includes/plugin.php(703): do_action('activate_expert...', false)
#11 /internal/eval.php(20): activate_plugin('expert-invoice/...')
#12 {main}
  thrown in /wordpress/wp-content/plugins/expert-invoice/envoqon/db/DbConnection.php on line 139
[03-May-2025 12:50:10 UTC] Opening DB connection
[03-May-2025 12:50:10 UTC] PHP Fatal error:  Uncaught envoqon\db\DbException: DbConnection failed to open the DB connection: SQLSTATE[HY000] [2002] Address family not supported by protocol in /wordpress/wp-content/plugins/expert-invoice/envoqon/db/DbConnection.php:139
Stack trace:
#0 /wordpress/wp-content/plugins/expert-invoice/envoqon/db/DbConnection.php(112): envoqon\db\DbConnection->open()
#1 /wordpress/wp-content/plugins/expert-invoice/envoqon/db/DbConnection.php(100): envoqon\db\DbConnection->setActive(true)
#2 /wordpress/wp-content/plugins/expert-invoice/envoqon/App.php(325): envoqon\db\DbConnection->init()
#3 /wordpress/wp-content/plugins/expert-invoice/envoqon/App.php(301): envoqon\App::getDb()
#4 /wordpress/wp-content/plugins/expert-invoice/envoqon/App.php(284): envoqon\App->instantiateMigration('m181231_124550_...')
#5 /wordpress/wp-content/plugins/expert-invoice/envoqon/App.php(255): envoqon\App->migrateUpImp('m181231_124550_...')
#6 /wordpress/wp-content/plugins/expert-invoice/expert-invoice.php(27): envoqon\App->migrateUp()
#7 /wordpress/wp-includes/class-wp-hook.php(324): expert_invoice_install(false)
#8 /wordpress/wp-includes/class-wp-hook.php(348): WP_Hook->apply_filters('', Array)
#9 /wordpress/wp-includes/plugin.php(517): WP_Hook->do_action(Array)
#10 /wordpress/wp-admin/includes/plugin.php(703): do_action('activate_expert...', false)
#11 /internal/eval.php(20): activate_plugin('expert-invoice/...')
#12 {main}
  thrown in /wordpress/wp-content/plugins/expert-invoice/envoqon/db/DbConnection.php on line 139
[03-May-2025 12:50:19 UTC] Opening DB connection
[03-May-2025 12:50:19 UTC] PHP Fatal error:  Uncaught envoqon\db\DbException: DbConnection failed to open the DB connection: SQLSTATE[HY000] [2002] Address family not supported by protocol in /wordpress/wp-content/plugins/expert-invoice/envoqon/db/DbConnection.php:139
Stack trace:
#0 /wordpress/wp-content/plugins/expert-invoice/envoqon/db/DbConnection.php(112): envoqon\db\DbConnection->open()
#1 /wordpress/wp-content/plugins/expert-invoice/envoqon/db/DbConnection.php(100): envoqon\db\DbConnection->setActive(true)
#2 /wordpress/wp-content/plugins/expert-invoice/envoqon/App.php(325): envoqon\db\DbConnection->init()
#3 /wordpress/wp-content/plugins/expert-invoice/envoqon/App.php(301): envoqon\App::getDb()
#4 /wordpress/wp-content/plugins/expert-invoice/envoqon/App.php(284): envoqon\App->instantiateMigration('m181231_124550_...')
#5 /wordpress/wp-content/plugins/expert-invoice/envoqon/App.php(255): envoqon\App->migrateUpImp('m181231_124550_...')
#6 /wordpress/wp-content/plugins/expert-invoice/expert-invoice.php(27): envoqon\App->migrateUp()
#7 /wordpress/wp-includes/class-wp-hook.php(324): expert_invoice_install(false)
#8 /wordpress/wp-includes/class-wp-hook.php(348): WP_Hook->apply_filters('', Array)
#9 /wordpress/wp-includes/plugin.php(517): WP_Hook->do_action(Array)
#10 /wordpress/wp-admin/includes/plugin.php(703): do_action('activate_expert...', false)
#11 /internal/eval.php(20): activate_plugin('expert-invoice/...')
#12 {main}
  thrown in /wordpress/wp-content/plugins/expert-invoice/envoqon/db/DbConnection.php on line 139
[03-May-2025 12:53:09 UTC] PHP Warning:  Undefined array key "fb2wp_type" in /wordpress/wp-content/plugins/egany-facebook-to-wp/egany_facebook_to_wordpress.php on line 291
[03-May-2025 12:53:17 UTC] PHP Warning:  Undefined array key "fb2wp_type" in /wordpress/wp-content/plugins/egany-facebook-to-wp/egany_facebook_to_wordpress.php on line 291
[03-May-2025 12:53:26 UTC] PHP Warning:  Undefined array key "fb2wp_type" in /wordpress/wp-content/plugins/egany-facebook-to-wp/egany_facebook_to_wordpress.php on line 291
[03-May-2025 12:53:54 UTC] PHP Warning:  require_once(/wordpress/wp-content/plugins/elements-for-lifterlms/admin/partials/elements-for-lifterlms-hide-elements.php): Failed to open stream: No such file or directory in /wordpress/wp-content/plugins/elements-for-lifterlms/admin/class-elements-for-lifterlms-admin.php on line 133
[03-May-2025 12:53:54 UTC] PHP Fatal error:  Uncaught Error: Failed opening required '/wordpress/wp-content/plugins/elements-for-lifterlms/admin/partials/elements-for-lifterlms-hide-elements.php' (include_path='.:') in /wordpress/wp-content/plugins/elements-for-lifterlms/admin/class-elements-for-lifterlms-admin.php:133
Stack trace:
#0 /wordpress/wp-content/plugins/elements-for-lifterlms/admin/class-elements-for-lifterlms-admin.php(55): Elements_For_Lifterlms_Admin->load_dependencies()
#1 /wordpress/wp-content/plugins/elements-for-lifterlms/includes/class-elements-for-lifterlms.php(581): Elements_For_Lifterlms_Admin->__construct('elements-for-li...', '1.1.2')
#2 /wordpress/wp-content/plugins/elements-for-lifterlms/includes/class-elements-for-lifterlms.php(97): Elements_For_Lifterlms->define_admin_hooks()
#3 /wordpress/wp-content/plugins/elements-for-lifterlms/elements-for-lifterlms.php(73): Elements_For_Lifterlms->__construct()
#4 /wordpress/wp-content/plugins/elements-for-lifterlms/elements-for-lifterlms.php(77): run_elements_for_lifterlms()
#5 /wordpress/wp-admin/includes/plugin.php(2387): include_once('/wordpress/wp-c...')
#6 /wordpress/wp-admin/includes/plugin.php(673): plugin_sandbox_scrape('elements-for-li...')
#7 /internal/eval.php(20): activate_plugin('elements-for-li...')
#8 {main}
  thrown in /wordpress/wp-content/plugins/elements-for-lifterlms/admin/class-elements-for-lifterlms-admin.php on line 133
[03-May-2025 12:54:02 UTC] PHP Warning:  require_once(/wordpress/wp-content/plugins/elements-for-lifterlms/admin/partials/elements-for-lifterlms-hide-elements.php): Failed to open stream: No such file or directory in /wordpress/wp-content/plugins/elements-for-lifterlms/admin/class-elements-for-lifterlms-admin.php on line 133
[03-May-2025 12:54:02 UTC] PHP Fatal error:  Uncaught Error: Failed opening required '/wordpress/wp-content/plugins/elements-for-lifterlms/admin/partials/elements-for-lifterlms-hide-elements.php' (include_path='.:') in /wordpress/wp-content/plugins/elements-for-lifterlms/admin/class-elements-for-lifterlms-admin.php:133
Stack trace:
#0 /wordpress/wp-content/plugins/elements-for-lifterlms/admin/class-elements-for-lifterlms-admin.php(55): Elements_For_Lifterlms_Admin->load_dependencies()
#1 /wordpress/wp-content/plugins/elements-for-lifterlms/includes/class-elements-for-lifterlms.php(581): Elements_For_Lifterlms_Admin->__construct('elements-for-li...', '1.1.2')
#2 /wordpress/wp-content/plugins/elements-for-lifterlms/includes/class-elements-for-lifterlms.php(97): Elements_For_Lifterlms->define_admin_hooks()
#3 /wordpress/wp-content/plugins/elements-for-lifterlms/elements-for-lifterlms.php(73): Elements_For_Lifterlms->__construct()
#4 /wordpress/wp-content/plugins/elements-for-lifterlms/elements-for-lifterlms.php(77): run_elements_for_lifterlms()
#5 /wordpress/wp-admin/includes/plugin.php(2387): include_once('/wordpress/wp-c...')
#6 /wordpress/wp-admin/includes/plugin.php(673): plugin_sandbox_scrape('elements-for-li...')
#7 /internal/eval.php(20): activate_plugin('elements-for-li...')
#8 {main}
  thrown in /wordpress/wp-content/plugins/elements-for-lifterlms/admin/class-elements-for-lifterlms-admin.php on line 133
[03-May-2025 12:54:09 UTC] PHP Warning:  require_once(/wordpress/wp-content/plugins/elements-for-lifterlms/admin/partials/elements-for-lifterlms-hide-elements.php): Failed to open stream: No such file or directory in /wordpress/wp-content/plugins/elements-for-lifterlms/admin/class-elements-for-lifterlms-admin.php on line 133
[03-May-2025 12:54:09 UTC] PHP Fatal error:  Uncaught Error: Failed opening required '/wordpress/wp-content/plugins/elements-for-lifterlms/admin/partials/elements-for-lifterlms-hide-elements.php' (include_path='.:') in /wordpress/wp-content/plugins/elements-for-lifterlms/admin/class-elements-for-lifterlms-admin.php:133
Stack trace:
#0 /wordpress/wp-content/plugins/elements-for-lifterlms/admin/class-elements-for-lifterlms-admin.php(55): Elements_For_Lifterlms_Admin->load_dependencies()
#1 /wordpress/wp-content/plugins/elements-for-lifterlms/includes/class-elements-for-lifterlms.php(581): Elements_For_Lifterlms_Admin->__construct('elements-for-li...', '1.1.2')
#2 /wordpress/wp-content/plugins/elements-for-lifterlms/includes/class-elements-for-lifterlms.php(97): Elements_For_Lifterlms->define_admin_hooks()
#3 /wordpress/wp-content/plugins/elements-for-lifterlms/elements-for-lifterlms.php(73): Elements_For_Lifterlms->__construct()
#4 /wordpress/wp-content/plugins/elements-for-lifterlms/elements-for-lifterlms.php(77): run_elements_for_lifterlms()
#5 /wordpress/wp-admin/includes/plugin.php(2387): include_once('/wordpress/wp-c...')
#6 /wordpress/wp-admin/includes/plugin.php(673): plugin_sandbox_scrape('elements-for-li...')
#7 /internal/eval.php(20): activate_plugin('elements-for-li...')
#8 {main}
  thrown in /wordpress/wp-content/plugins/elements-for-lifterlms/admin/class-elements-for-lifterlms-admin.php on line 133

    at Object.onBind (file:///home/runner/work/playground-tester/playground-tester/node_modules/@wp-playground/cli/index.js:237:15)
    at process.processTicksAndRejections (node:internal/process/task_queues:105:5)
    at async V (file:///home/runner/work/playground-tester/playground-tester/node_modules/@wp-playground/cli/index.js:64:10)
    at async ja (file:///home/runner/work/playground-tester/playground-tester/node_modules/@wp-playground/cli/cli.js:8161:12) {
  [cause]: Error: Error when executing the blueprint step #1 ({"step":"installPlugin","pluginData":{"resource":"wordpress.org/plugins","slug":"elements-for-lifterlms"},"options":{"activate":true}}) : PHP.run() failed with exit code 255 and the following output: 
      at Object.run (file:///home/runner/work/playground-tester/playground-tester/node_modules/@wp-playground/blueprints/index.js:12449:19)
      at process.processTicksAndRejections (node:internal/process/task_queues:105:5)
      at async ms (file:///home/runner/work/playground-tester/playground-tester/node_modules/@wp-playground/blueprints/index.js:12552:3)
      ... 2 lines matching cause stack trace ...
      at async ja (file:///home/runner/work/playground-tester/playground-tester/node_modules/@wp-playground/cli/cli.js:8161:12) {
    [cause]: PHPExecutionFailureError: PHP.run() failed with exit code 255 and the following output: 
        at PHP.run (file:///home/runner/work/playground-tester/playground-tester/node_modules/@php-wasm/universal/index.js:987:19)
        at process.processTicksAndRejections (node:internal/process/task_queues:105:5)
        at async wr (file:///home/runner/work/playground-tester/playground-tester/node_modules/@wp-playground/blueprints/index.js:33:39)
        at async Object.gt [as installPlugin] (file:///home/runner/work/playground-tester/playground-tester/node_modules/@wp-playground/blueprints/index.js:974:42)
        at async g (file:///home/runner/work/playground-tester/playground-tester/node_modules/@wp-playground/blueprints/index.js:12517:30)
        at async Object.run (file:///home/runner/work/playground-tester/playground-tester/node_modules/@wp-playground/blueprints/index.js:12446:23)
        at async ms (file:///home/runner/work/playground-tester/playground-tester/node_modules/@wp-playground/blueprints/index.js:12552:3)
        at async Object.onBind (file:///home/runner/work/playground-tester/playground-tester/node_modules/@wp-playground/cli/index.js:227:48)
        at async V (file:///home/runner/work/playground-tester/playground-tester/node_modules/@wp-playground/cli/index.js:64:10)
        at async ja (file:///home/runner/work/playground-tester/playground-tester/node_modules/@wp-playground/cli/cli.js:8161:12) {
      response: PHPResponse {
        httpStatusCode: 500,
        headers: {
          'x-powered-by': [ 'PHP/8.0.30-dev' ],
          'content-type': [ 'text/html; charset=UTF-8' ]
        },
        bytes: Uint8Array(0) [],
        exitCode: 255,
        errors: ''
      },
      source: 'request'
    }
  }
}

Node.js v23.11.0
