[
{"message":"file:///home/runner/work/playground-tester/playground-tester/node_modules/@wp-playground/cli/index.js:237\n        throw new Error(y, { cause: u });\n              ^\n","level":"FATAL","type":"PLAYGROUND","test":"jspi-boot","plugin":"google-search-cse","details":"file:///home/runner/work/playground-tester/playground-tester/node_modules/@wp-playground/cli/index.js:237\n        throw new Error(y, { cause: u });\n              ^\n","log":"/tmp/tmp.6L0x6fyZym"}
,
{"message":"[24-Apr-2025 16:56:44 UTC] GiphyPressPlugin :: wp above version 2.9","level":"INFO","type":"OTHER","test":"jspi-boot","plugin":"google-search-cse","details":"[24-Apr-2025 16:56:44 UTC] GiphyPressPlugin :: wp above version 2.9","log":"/logs/plugins/g/google-search-cse/error.json"}
,
{"message":"[24-Apr-2025 16:56:44 UTC] GiphyPressPlugin :: wp above version 2.9","level":"INFO","type":"OTHER","test":"jspi-boot","plugin":"google-search-cse","details":"[24-Apr-2025 16:56:44 UTC] GiphyPressPlugin :: wp above version 2.9","log":"/logs/plugins/g/google-search-cse/error.json"}
,
{"message":"[24-Apr-2025 16:56:52 UTC] GiphyPressPlugin :: wp above version 2.9","level":"INFO","type":"OTHER","test":"jspi-boot","plugin":"google-search-cse","details":"[24-Apr-2025 16:56:52 UTC] GiphyPressPlugin :: wp above version 2.9","log":"/logs/plugins/g/google-search-cse/error.json"}
,
{"message":"[24-Apr-2025 16:56:54 UTC] GiphyPressPlugin :: wp above version 2.9","level":"INFO","type":"OTHER","test":"jspi-boot","plugin":"google-search-cse","details":"[24-Apr-2025 16:56:54 UTC] GiphyPressPlugin :: wp above version 2.9","log":"/logs/plugins/g/google-search-cse/error.json"}
,
{"message":"[24-Apr-2025 16:57:02 UTC] GiphyPressPlugin :: wp above version 2.9","level":"INFO","type":"OTHER","test":"jspi-boot","plugin":"google-search-cse","details":"[24-Apr-2025 16:57:02 UTC] GiphyPressPlugin :: wp above version 2.9","log":"/logs/plugins/g/google-search-cse/error.json"}
,
{"message":"[24-Apr-2025 16:57:03 UTC] GiphyPressPlugin :: wp above version 2.9","level":"INFO","type":"OTHER","test":"jspi-boot","plugin":"google-search-cse","details":"[24-Apr-2025 16:57:03 UTC] GiphyPressPlugin :: wp above version 2.9","log":"/logs/plugins/g/google-search-cse/error.json"}
,
{"message":"Function wp_register_script was called <strong>incorrectly</strong>. Scripts and styles should not be registered or enqueued until the <code>wp_enqueue_scripts</code>, <code>admin_enqueue_scripts</code>, or <code>login_enqueue_scripts</code> hooks. This notice was triggered by the <code>giveasyoulive_admin</code> handle. Please see <a href=\"https://developer.wordpress.org/advanced-administration/debug/debug-wordpress/\">Debugging in WordPress</a> for more information. (This message was added in version 3.3.0.) in /wordpress/wp-includes/functions.php on line 6121","level":"NOTICE","type":"PHP","test":"jspi-boot","plugin":"google-search-cse","details":"[24-Apr-2025 16:57:13 UTC] PHP Notice:  Function wp_register_script was called <strong>incorrectly</strong>. Scripts and styles should not be registered or enqueued until the <code>wp_enqueue_scripts</code>, <code>admin_enqueue_scripts</code>, or <code>login_enqueue_scripts</code> hooks. This notice was triggered by the <code>giveasyoulive_admin</code> handle. Please see <a href=\"https://developer.wordpress.org/advanced-administration/debug/debug-wordpress/\">Debugging in WordPress</a> for more information. (This message was added in version 3.3.0.) in /wordpress/wp-includes/functions.php on line 6121","log":"/logs/plugins/g/google-search-cse/error.json"}
,
{"message":"Function wp_register_script was called <strong>incorrectly</strong>. Scripts and styles should not be registered or enqueued until the <code>wp_enqueue_scripts</code>, <code>admin_enqueue_scripts</code>, or <code>login_enqueue_scripts</code> hooks. This notice was triggered by the <code>giveasyoulive_public</code> handle. Please see <a href=\"https://developer.wordpress.org/advanced-administration/debug/debug-wordpress/\">Debugging in WordPress</a> for more information. (This message was added in version 3.3.0.) in /wordpress/wp-includes/functions.php on line 6121","level":"NOTICE","type":"PHP","test":"jspi-boot","plugin":"google-search-cse","details":"[24-Apr-2025 16:57:13 UTC] PHP Notice:  Function wp_register_script was called <strong>incorrectly</strong>. Scripts and styles should not be registered or enqueued until the <code>wp_enqueue_scripts</code>, <code>admin_enqueue_scripts</code>, or <code>login_enqueue_scripts</code> hooks. This notice was triggered by the <code>giveasyoulive_public</code> handle. Please see <a href=\"https://developer.wordpress.org/advanced-administration/debug/debug-wordpress/\">Debugging in WordPress</a> for more information. (This message was added in version 3.3.0.) in /wordpress/wp-includes/functions.php on line 6121","log":"/logs/plugins/g/google-search-cse/error.json"}
,
{"message":"Function wp_register_style was called <strong>incorrectly</strong>. Scripts and styles should not be registered or enqueued until the <code>wp_enqueue_scripts</code>, <code>admin_enqueue_scripts</code>, or <code>login_enqueue_scripts</code> hooks. This notice was triggered by the <code>giveasyoulive_admin</code> handle. Please see <a href=\"https://developer.wordpress.org/advanced-administration/debug/debug-wordpress/\">Debugging in WordPress</a> for more information. (This message was added in version 3.3.0.) in /wordpress/wp-includes/functions.php on line 6121","level":"NOTICE","type":"PHP","test":"jspi-boot","plugin":"google-search-cse","details":"[24-Apr-2025 16:57:13 UTC] PHP Notice:  Function wp_register_style was called <strong>incorrectly</strong>. Scripts and styles should not be registered or enqueued until the <code>wp_enqueue_scripts</code>, <code>admin_enqueue_scripts</code>, or <code>login_enqueue_scripts</code> hooks. This notice was triggered by the <code>giveasyoulive_admin</code> handle. Please see <a href=\"https://developer.wordpress.org/advanced-administration/debug/debug-wordpress/\">Debugging in WordPress</a> for more information. (This message was added in version 3.3.0.) in /wordpress/wp-includes/functions.php on line 6121","log":"/logs/plugins/g/google-search-cse/error.json"}
,
{"message":"Function is_feed was called <strong>incorrectly</strong>. Conditional query tags do not work before the query is run. Before then, they always return false. Please see <a href=\"https://developer.wordpress.org/advanced-administration/debug/debug-wordpress/\">Debugging in WordPress</a> for more information. (This message was added in version 3.1.0.) in /wordpress/wp-includes/functions.php on line 6121","level":"NOTICE","type":"PHP","test":"jspi-boot","plugin":"google-search-cse","details":"[24-Apr-2025 16:57:13 UTC] PHP Notice:  Function is_feed was called <strong>incorrectly</strong>. Conditional query tags do not work before the query is run. Before then, they always return false. Please see <a href=\"https://developer.wordpress.org/advanced-administration/debug/debug-wordpress/\">Debugging in WordPress</a> for more information. (This message was added in version 3.1.0.) in /wordpress/wp-includes/functions.php on line 6121","log":"/logs/plugins/g/google-search-cse/error.json"}
,
{"message":"Function wp_register_style was called <strong>incorrectly</strong>. Scripts and styles should not be registered or enqueued until the <code>wp_enqueue_scripts</code>, <code>admin_enqueue_scripts</code>, or <code>login_enqueue_scripts</code> hooks. This notice was triggered by the <code>giveasyoulive_public</code> handle. Please see <a href=\"https://developer.wordpress.org/advanced-administration/debug/debug-wordpress/\">Debugging in WordPress</a> for more information. (This message was added in version 3.3.0.) in /wordpress/wp-includes/functions.php on line 6121","level":"NOTICE","type":"PHP","test":"jspi-boot","plugin":"google-search-cse","details":"[24-Apr-2025 16:57:13 UTC] PHP Notice:  Function wp_register_style was called <strong>incorrectly</strong>. Scripts and styles should not be registered or enqueued until the <code>wp_enqueue_scripts</code>, <code>admin_enqueue_scripts</code>, or <code>login_enqueue_scripts</code> hooks. This notice was triggered by the <code>giveasyoulive_public</code> handle. Please see <a href=\"https://developer.wordpress.org/advanced-administration/debug/debug-wordpress/\">Debugging in WordPress</a> for more information. (This message was added in version 3.3.0.) in /wordpress/wp-includes/functions.php on line 6121","log":"/logs/plugins/g/google-search-cse/error.json"}
,
{"message":"Function wp_register_script was called <strong>incorrectly</strong>. Scripts and styles should not be registered or enqueued until the <code>wp_enqueue_scripts</code>, <code>admin_enqueue_scripts</code>, or <code>login_enqueue_scripts</code> hooks. This notice was triggered by the <code>giveasyoulive_admin</code> handle. Please see <a href=\"https://developer.wordpress.org/advanced-administration/debug/debug-wordpress/\">Debugging in WordPress</a> for more information. (This message was added in version 3.3.0.) in /wordpress/wp-includes/functions.php on line 6121","level":"NOTICE","type":"PHP","test":"jspi-boot","plugin":"google-search-cse","details":"[24-Apr-2025 16:57:22 UTC] PHP Notice:  Function wp_register_script was called <strong>incorrectly</strong>. Scripts and styles should not be registered or enqueued until the <code>wp_enqueue_scripts</code>, <code>admin_enqueue_scripts</code>, or <code>login_enqueue_scripts</code> hooks. This notice was triggered by the <code>giveasyoulive_admin</code> handle. Please see <a href=\"https://developer.wordpress.org/advanced-administration/debug/debug-wordpress/\">Debugging in WordPress</a> for more information. (This message was added in version 3.3.0.) in /wordpress/wp-includes/functions.php on line 6121","log":"/logs/plugins/g/google-search-cse/error.json"}
,
{"message":"Function wp_register_script was called <strong>incorrectly</strong>. Scripts and styles should not be registered or enqueued until the <code>wp_enqueue_scripts</code>, <code>admin_enqueue_scripts</code>, or <code>login_enqueue_scripts</code> hooks. This notice was triggered by the <code>giveasyoulive_public</code> handle. Please see <a href=\"https://developer.wordpress.org/advanced-administration/debug/debug-wordpress/\">Debugging in WordPress</a> for more information. (This message was added in version 3.3.0.) in /wordpress/wp-includes/functions.php on line 6121","level":"NOTICE","type":"PHP","test":"jspi-boot","plugin":"google-search-cse","details":"[24-Apr-2025 16:57:22 UTC] PHP Notice:  Function wp_register_script was called <strong>incorrectly</strong>. Scripts and styles should not be registered or enqueued until the <code>wp_enqueue_scripts</code>, <code>admin_enqueue_scripts</code>, or <code>login_enqueue_scripts</code> hooks. This notice was triggered by the <code>giveasyoulive_public</code> handle. Please see <a href=\"https://developer.wordpress.org/advanced-administration/debug/debug-wordpress/\">Debugging in WordPress</a> for more information. (This message was added in version 3.3.0.) in /wordpress/wp-includes/functions.php on line 6121","log":"/logs/plugins/g/google-search-cse/error.json"}
,
{"message":"Function wp_register_style was called <strong>incorrectly</strong>. Scripts and styles should not be registered or enqueued until the <code>wp_enqueue_scripts</code>, <code>admin_enqueue_scripts</code>, or <code>login_enqueue_scripts</code> hooks. This notice was triggered by the <code>giveasyoulive_admin</code> handle. Please see <a href=\"https://developer.wordpress.org/advanced-administration/debug/debug-wordpress/\">Debugging in WordPress</a> for more information. (This message was added in version 3.3.0.) in /wordpress/wp-includes/functions.php on line 6121","level":"NOTICE","type":"PHP","test":"jspi-boot","plugin":"google-search-cse","details":"[24-Apr-2025 16:57:22 UTC] PHP Notice:  Function wp_register_style was called <strong>incorrectly</strong>. Scripts and styles should not be registered or enqueued until the <code>wp_enqueue_scripts</code>, <code>admin_enqueue_scripts</code>, or <code>login_enqueue_scripts</code> hooks. This notice was triggered by the <code>giveasyoulive_admin</code> handle. Please see <a href=\"https://developer.wordpress.org/advanced-administration/debug/debug-wordpress/\">Debugging in WordPress</a> for more information. (This message was added in version 3.3.0.) in /wordpress/wp-includes/functions.php on line 6121","log":"/logs/plugins/g/google-search-cse/error.json"}
,
{"message":"Function is_feed was called <strong>incorrectly</strong>. Conditional query tags do not work before the query is run. Before then, they always return false. Please see <a href=\"https://developer.wordpress.org/advanced-administration/debug/debug-wordpress/\">Debugging in WordPress</a> for more information. (This message was added in version 3.1.0.) in /wordpress/wp-includes/functions.php on line 6121","level":"NOTICE","type":"PHP","test":"jspi-boot","plugin":"google-search-cse","details":"[24-Apr-2025 16:57:22 UTC] PHP Notice:  Function is_feed was called <strong>incorrectly</strong>. Conditional query tags do not work before the query is run. Before then, they always return false. Please see <a href=\"https://developer.wordpress.org/advanced-administration/debug/debug-wordpress/\">Debugging in WordPress</a> for more information. (This message was added in version 3.1.0.) in /wordpress/wp-includes/functions.php on line 6121","log":"/logs/plugins/g/google-search-cse/error.json"}
,
{"message":"Function wp_register_style was called <strong>incorrectly</strong>. Scripts and styles should not be registered or enqueued until the <code>wp_enqueue_scripts</code>, <code>admin_enqueue_scripts</code>, or <code>login_enqueue_scripts</code> hooks. This notice was triggered by the <code>giveasyoulive_public</code> handle. Please see <a href=\"https://developer.wordpress.org/advanced-administration/debug/debug-wordpress/\">Debugging in WordPress</a> for more information. (This message was added in version 3.3.0.) in /wordpress/wp-includes/functions.php on line 6121","level":"NOTICE","type":"PHP","test":"jspi-boot","plugin":"google-search-cse","details":"[24-Apr-2025 16:57:22 UTC] PHP Notice:  Function wp_register_style was called <strong>incorrectly</strong>. Scripts and styles should not be registered or enqueued until the <code>wp_enqueue_scripts</code>, <code>admin_enqueue_scripts</code>, or <code>login_enqueue_scripts</code> hooks. This notice was triggered by the <code>giveasyoulive_public</code> handle. Please see <a href=\"https://developer.wordpress.org/advanced-administration/debug/debug-wordpress/\">Debugging in WordPress</a> for more information. (This message was added in version 3.3.0.) in /wordpress/wp-includes/functions.php on line 6121","log":"/logs/plugins/g/google-search-cse/error.json"}
,
{"message":"Function wp_register_script was called <strong>incorrectly</strong>. Scripts and styles should not be registered or enqueued until the <code>wp_enqueue_scripts</code>, <code>admin_enqueue_scripts</code>, or <code>login_enqueue_scripts</code> hooks. This notice was triggered by the <code>giveasyoulive_admin</code> handle. Please see <a href=\"https://developer.wordpress.org/advanced-administration/debug/debug-wordpress/\">Debugging in WordPress</a> for more information. (This message was added in version 3.3.0.) in /wordpress/wp-includes/functions.php on line 6121","level":"NOTICE","type":"PHP","test":"jspi-boot","plugin":"google-search-cse","details":"[24-Apr-2025 16:57:30 UTC] PHP Notice:  Function wp_register_script was called <strong>incorrectly</strong>. Scripts and styles should not be registered or enqueued until the <code>wp_enqueue_scripts</code>, <code>admin_enqueue_scripts</code>, or <code>login_enqueue_scripts</code> hooks. This notice was triggered by the <code>giveasyoulive_admin</code> handle. Please see <a href=\"https://developer.wordpress.org/advanced-administration/debug/debug-wordpress/\">Debugging in WordPress</a> for more information. (This message was added in version 3.3.0.) in /wordpress/wp-includes/functions.php on line 6121","log":"/logs/plugins/g/google-search-cse/error.json"}
,
{"message":"Function wp_register_script was called <strong>incorrectly</strong>. Scripts and styles should not be registered or enqueued until the <code>wp_enqueue_scripts</code>, <code>admin_enqueue_scripts</code>, or <code>login_enqueue_scripts</code> hooks. This notice was triggered by the <code>giveasyoulive_public</code> handle. Please see <a href=\"https://developer.wordpress.org/advanced-administration/debug/debug-wordpress/\">Debugging in WordPress</a> for more information. (This message was added in version 3.3.0.) in /wordpress/wp-includes/functions.php on line 6121","level":"NOTICE","type":"PHP","test":"jspi-boot","plugin":"google-search-cse","details":"[24-Apr-2025 16:57:31 UTC] PHP Notice:  Function wp_register_script was called <strong>incorrectly</strong>. Scripts and styles should not be registered or enqueued until the <code>wp_enqueue_scripts</code>, <code>admin_enqueue_scripts</code>, or <code>login_enqueue_scripts</code> hooks. This notice was triggered by the <code>giveasyoulive_public</code> handle. Please see <a href=\"https://developer.wordpress.org/advanced-administration/debug/debug-wordpress/\">Debugging in WordPress</a> for more information. (This message was added in version 3.3.0.) in /wordpress/wp-includes/functions.php on line 6121","log":"/logs/plugins/g/google-search-cse/error.json"}
,
{"message":"Function wp_register_style was called <strong>incorrectly</strong>. Scripts and styles should not be registered or enqueued until the <code>wp_enqueue_scripts</code>, <code>admin_enqueue_scripts</code>, or <code>login_enqueue_scripts</code> hooks. This notice was triggered by the <code>giveasyoulive_admin</code> handle. Please see <a href=\"https://developer.wordpress.org/advanced-administration/debug/debug-wordpress/\">Debugging in WordPress</a> for more information. (This message was added in version 3.3.0.) in /wordpress/wp-includes/functions.php on line 6121","level":"NOTICE","type":"PHP","test":"jspi-boot","plugin":"google-search-cse","details":"[24-Apr-2025 16:57:31 UTC] PHP Notice:  Function wp_register_style was called <strong>incorrectly</strong>. Scripts and styles should not be registered or enqueued until the <code>wp_enqueue_scripts</code>, <code>admin_enqueue_scripts</code>, or <code>login_enqueue_scripts</code> hooks. This notice was triggered by the <code>giveasyoulive_admin</code> handle. Please see <a href=\"https://developer.wordpress.org/advanced-administration/debug/debug-wordpress/\">Debugging in WordPress</a> for more information. (This message was added in version 3.3.0.) in /wordpress/wp-includes/functions.php on line 6121","log":"/logs/plugins/g/google-search-cse/error.json"}
,
{"message":"Function is_feed was called <strong>incorrectly</strong>. Conditional query tags do not work before the query is run. Before then, they always return false. Please see <a href=\"https://developer.wordpress.org/advanced-administration/debug/debug-wordpress/\">Debugging in WordPress</a> for more information. (This message was added in version 3.1.0.) in /wordpress/wp-includes/functions.php on line 6121","level":"NOTICE","type":"PHP","test":"jspi-boot","plugin":"google-search-cse","details":"[24-Apr-2025 16:57:31 UTC] PHP Notice:  Function is_feed was called <strong>incorrectly</strong>. Conditional query tags do not work before the query is run. Before then, they always return false. Please see <a href=\"https://developer.wordpress.org/advanced-administration/debug/debug-wordpress/\">Debugging in WordPress</a> for more information. (This message was added in version 3.1.0.) in /wordpress/wp-includes/functions.php on line 6121","log":"/logs/plugins/g/google-search-cse/error.json"}
,
{"message":"Function wp_register_style was called <strong>incorrectly</strong>. Scripts and styles should not be registered or enqueued until the <code>wp_enqueue_scripts</code>, <code>admin_enqueue_scripts</code>, or <code>login_enqueue_scripts</code> hooks. This notice was triggered by the <code>giveasyoulive_public</code> handle. Please see <a href=\"https://developer.wordpress.org/advanced-administration/debug/debug-wordpress/\">Debugging in WordPress</a> for more information. (This message was added in version 3.3.0.) in /wordpress/wp-includes/functions.php on line 6121","level":"NOTICE","type":"PHP","test":"jspi-boot","plugin":"google-search-cse","details":"[24-Apr-2025 16:57:31 UTC] PHP Notice:  Function wp_register_style was called <strong>incorrectly</strong>. Scripts and styles should not be registered or enqueued until the <code>wp_enqueue_scripts</code>, <code>admin_enqueue_scripts</code>, or <code>login_enqueue_scripts</code> hooks. This notice was triggered by the <code>giveasyoulive_public</code> handle. Please see <a href=\"https://developer.wordpress.org/advanced-administration/debug/debug-wordpress/\">Debugging in WordPress</a> for more information. (This message was added in version 3.3.0.) in /wordpress/wp-includes/functions.php on line 6121","log":"/logs/plugins/g/google-search-cse/error.json"}
,
{"message":"Array and string offset access syntax with curly braces is no longer supported in /wordpress/wp-content/plugins/gab-captcha-2/gabcaptcha2.php on line 226","level":"FATAL","type":"PHP","test":"jspi-boot","plugin":"google-search-cse","details":"[24-Apr-2025 16:58:08 UTC] PHP Fatal error:  Array and string offset access syntax with curly braces is no longer supported in /wordpress/wp-content/plugins/gab-captcha-2/gabcaptcha2.php on line 226","log":"/logs/plugins/g/google-search-cse/error.json"}
,
{"message":"Array and string offset access syntax with curly braces is no longer supported in /wordpress/wp-content/plugins/gab-captcha-2/gabcaptcha2.php on line 226","level":"FATAL","type":"PHP","test":"jspi-boot","plugin":"google-search-cse","details":"[24-Apr-2025 16:58:16 UTC] PHP Fatal error:  Array and string offset access syntax with curly braces is no longer supported in /wordpress/wp-content/plugins/gab-captcha-2/gabcaptcha2.php on line 226","log":"/logs/plugins/g/google-search-cse/error.json"}
,
{"message":"Array and string offset access syntax with curly braces is no longer supported in /wordpress/wp-content/plugins/gab-captcha-2/gabcaptcha2.php on line 226","level":"FATAL","type":"PHP","test":"jspi-boot","plugin":"google-search-cse","details":"[24-Apr-2025 16:58:23 UTC] PHP Fatal error:  Array and string offset access syntax with curly braces is no longer supported in /wordpress/wp-content/plugins/gab-captcha-2/gabcaptcha2.php on line 226","log":"/logs/plugins/g/google-search-cse/error.json"}
,
{"message":"Unparenthesized `a ? b : c ? d : e` is not supported. Use either `(a ? b : c) ? d : e` or `a ? b : (c ? d : e)` in /wordpress/wp-content/plugins/gallerypress/gallerypress.php on line 96","level":"FATAL","type":"PHP","test":"jspi-boot","plugin":"google-search-cse","details":"[24-Apr-2025 16:58:33 UTC] PHP Fatal error:  Unparenthesized `a ? b : c ? d : e` is not supported. Use either `(a ? b : c) ? d : e` or `a ? b : (c ? d : e)` in /wordpress/wp-content/plugins/gallerypress/gallerypress.php on line 96","log":"/logs/plugins/g/google-search-cse/error.json"}
,
{"message":"Unparenthesized `a ? b : c ? d : e` is not supported. Use either `(a ? b : c) ? d : e` or `a ? b : (c ? d : e)` in /wordpress/wp-content/plugins/gallerypress/gallerypress.php on line 96","level":"FATAL","type":"PHP","test":"jspi-boot","plugin":"google-search-cse","details":"[24-Apr-2025 16:58:41 UTC] PHP Fatal error:  Unparenthesized `a ? b : c ? d : e` is not supported. Use either `(a ? b : c) ? d : e` or `a ? b : (c ? d : e)` in /wordpress/wp-content/plugins/gallerypress/gallerypress.php on line 96","log":"/logs/plugins/g/google-search-cse/error.json"}
,
{"message":"Unparenthesized `a ? b : c ? d : e` is not supported. Use either `(a ? b : c) ? d : e` or `a ? b : (c ? d : e)` in /wordpress/wp-content/plugins/gallerypress/gallerypress.php on line 96","level":"FATAL","type":"PHP","test":"jspi-boot","plugin":"google-search-cse","details":"[24-Apr-2025 16:58:50 UTC] PHP Fatal error:  Unparenthesized `a ? b : c ? d : e` is not supported. Use either `(a ? b : c) ? d : e` or `a ? b : (c ? d : e)` in /wordpress/wp-content/plugins/gallerypress/gallerypress.php on line 96","log":"/logs/plugins/g/google-search-cse/error.json"}
,
{"message":"Uncaught WP_SQLite_Driver_Exception: Failed to parse the MySQL query. in /internal/shared/sqlite-database-integration/wp-includes/sqlite-ast/class-wp-sqlite-driver.php:3569","level":"FATAL","type":"PHP","test":"jspi-boot","plugin":"google-search-cse","details":"[24-Apr-2025 16:59:30 UTC] PHP Fatal error:  Uncaught WP_SQLite_Driver_Exception: Failed to parse the MySQL query. in /internal/shared/sqlite-database-integration/wp-includes/sqlite-ast/class-wp-sqlite-driver.php:3569\nStack trace:\n#0 /internal/shared/sqlite-database-integration/wp-includes/sqlite-ast/class-wp-sqlite-driver.php(621): WP_SQLite_Driver->new_driver_exception('Failed to parse...')\n#1 /internal/shared/sqlite-database-integration/wp-includes/sqlite/class-wp-sqlite-db.php(118): WP_SQLite_Driver->query('SET SESSION sql...')\n#2 /wordpress/wp-content/plugins/geargag-toolkit/Add_DB_Column.php(18): WP_SQLite_DB->set_sql_mode(Array)\n#3 /wordpress/wp-includes/class-wp-hook.php(324): GearGag_Toolkit\\Add_DB_Column->add_column(false)\n#4 /wordpress/wp-includes/class-wp-hook.php(348): WP_Hook->apply_filters('', Array)\n#5 /wordpress/wp-includes/plugin.php(517): WP_Hook->do_action(Array)\n#6 /wordpress/wp-admin/includes/plugin.php(703): do_action('activate_gearga...', false)\n#7 /internal/eval.php(20): activate_plugin('geargag-toolkit...')\n#8 {main}\n\nNext WP_SQLite_Driver_Exception: Failed to parse the MySQL query. in /internal/shared/sqlite-database-integration/wp-includes/sqlite-ast/class-wp-sqlite-driver.php:3569\nStack trace:\n#0 /internal/shared/sqlite-database-integration/wp-includes/sqlite-ast/class-wp-sqlite-driver.php(690): WP_SQLite_Driver->new_driver_exception('Failed to parse...', 0, Object(WP_SQLite_Driver_Exception))\n#1 /internal/shared/sqlite-database-integration/wp-includes/sqlite/class-wp-sqlite-db.php(118): WP_SQLite_Driver->query('SET SESSION sql...')\n#2 /wordpress/wp-content/plugins/geargag-toolkit/Add_DB_Column.php(18): WP_SQLite_DB->set_sql_mode(Array)\n#3 /wordpress/wp-includes/class-wp-hook.php(324): GearGag_Toolkit\\Add_DB_Column->add_column(false)\n#4 /wordpress/wp-includes/class-wp-hook.php(348): WP_Hook->apply_filters('', Array)\n#5 /wordpress/wp-includes/plugin.php(517): WP_Hook->do_action(Array)\n#6 /wordpress/wp-admin/includes/plugin.php(703): do_action('activate_gearga...', false)\n#7 /internal/eval.php(20): activate_plugin('geargag-toolkit...')\n#8 {main}\n  thrown in /internal/shared/sqlite-database-integration/wp-includes/sqlite-ast/class-wp-sqlite-driver.php on line 3569","log":"/logs/plugins/g/google-search-cse/error.json"}
,
{"message":"Function _load_textdomain_just_in_time was called <strong>incorrectly</strong>. Translation loading for the <code>geargag-toolkit</code> domain was triggered too early. This is usually an indicator for some code in the plugin or theme running too early. Translations should be loaded at the <code>init</code> action or later. Please see <a href=\"https://developer.wordpress.org/advanced-administration/debug/debug-wordpress/\">Debugging in WordPress</a> for more information. (This message was added in version 6.7.0.) in /wordpress/wp-includes/functions.php on line 6121","level":"NOTICE","type":"PHP","test":"jspi-boot","plugin":"google-search-cse","details":"[24-Apr-2025 16:59:38 UTC] PHP Notice:  Function _load_textdomain_just_in_time was called <strong>incorrectly</strong>. Translation loading for the <code>geargag-toolkit</code> domain was triggered too early. This is usually an indicator for some code in the plugin or theme running too early. Translations should be loaded at the <code>init</code> action or later. Please see <a href=\"https://developer.wordpress.org/advanced-administration/debug/debug-wordpress/\">Debugging in WordPress</a> for more information. (This message was added in version 6.7.0.) in /wordpress/wp-includes/functions.php on line 6121","log":"/logs/plugins/g/google-search-cse/error.json"}
,
{"message":"Function _load_textdomain_just_in_time was called <strong>incorrectly</strong>. Translation loading for the <code>geargag-toolkit</code> domain was triggered too early. This is usually an indicator for some code in the plugin or theme running too early. Translations should be loaded at the <code>init</code> action or later. Please see <a href=\"https://developer.wordpress.org/advanced-administration/debug/debug-wordpress/\">Debugging in WordPress</a> for more information. (This message was added in version 6.7.0.) in /wordpress/wp-includes/functions.php on line 6121","level":"NOTICE","type":"PHP","test":"jspi-boot","plugin":"google-search-cse","details":"[24-Apr-2025 16:59:46 UTC] PHP Notice:  Function _load_textdomain_just_in_time was called <strong>incorrectly</strong>. Translation loading for the <code>geargag-toolkit</code> domain was triggered too early. This is usually an indicator for some code in the plugin or theme running too early. Translations should be loaded at the <code>init</code> action or later. Please see <a href=\"https://developer.wordpress.org/advanced-administration/debug/debug-wordpress/\">Debugging in WordPress</a> for more information. (This message was added in version 6.7.0.) in /wordpress/wp-includes/functions.php on line 6121","log":"/logs/plugins/g/google-search-cse/error.json"}
,
{"message":"Uncaught Error: Call to undefined function create_function() in /wordpress/wp-content/plugins/glitch-profile-widget/glitch-profile.php:178","level":"FATAL","type":"PHP","test":"jspi-boot","plugin":"google-search-cse","details":"[24-Apr-2025 16:59:55 UTC] PHP Fatal error:  Uncaught Error: Call to undefined function create_function() in /wordpress/wp-content/plugins/glitch-profile-widget/glitch-profile.php:178\nStack trace:\n#0 /wordpress/wp-admin/includes/plugin.php(2387): include_once()\n#1 /wordpress/wp-admin/includes/plugin.php(673): plugin_sandbox_scrape('glitch-profile-...')\n#2 /internal/eval.php(20): activate_plugin('glitch-profile-...')\n#3 {main}\n  thrown in /wordpress/wp-content/plugins/glitch-profile-widget/glitch-profile.php on line 178","log":"/logs/plugins/g/google-search-cse/error.json"}
,
{"message":"Uncaught Error: Call to undefined function create_function() in /wordpress/wp-content/plugins/glitch-profile-widget/glitch-profile.php:178","level":"FATAL","type":"PHP","test":"jspi-boot","plugin":"google-search-cse","details":"[24-Apr-2025 17:00:02 UTC] PHP Fatal error:  Uncaught Error: Call to undefined function create_function() in /wordpress/wp-content/plugins/glitch-profile-widget/glitch-profile.php:178\nStack trace:\n#0 /wordpress/wp-admin/includes/plugin.php(2387): include_once()\n#1 /wordpress/wp-admin/includes/plugin.php(673): plugin_sandbox_scrape('glitch-profile-...')\n#2 /internal/eval.php(20): activate_plugin('glitch-profile-...')\n#3 {main}\n  thrown in /wordpress/wp-content/plugins/glitch-profile-widget/glitch-profile.php on line 178","log":"/logs/plugins/g/google-search-cse/error.json"}
,
{"message":"Uncaught Error: Call to undefined function create_function() in /wordpress/wp-content/plugins/glitch-profile-widget/glitch-profile.php:178","level":"FATAL","type":"PHP","test":"jspi-boot","plugin":"google-search-cse","details":"[24-Apr-2025 17:00:10 UTC] PHP Fatal error:  Uncaught Error: Call to undefined function create_function() in /wordpress/wp-content/plugins/glitch-profile-widget/glitch-profile.php:178\nStack trace:\n#0 /wordpress/wp-admin/includes/plugin.php(2387): include_once()\n#1 /wordpress/wp-admin/includes/plugin.php(673): plugin_sandbox_scrape('glitch-profile-...')\n#2 /internal/eval.php(20): activate_plugin('glitch-profile-...')\n#3 {main}\n  thrown in /wordpress/wp-content/plugins/glitch-profile-widget/glitch-profile.php on line 178","log":"/logs/plugins/g/google-search-cse/error.json"}
,
{"message":"Function _load_textdomain_just_in_time was called <strong>incorrectly</strong>. Translation loading for the <code>glomex-oembed</code> domain was triggered too early. This is usually an indicator for some code in the plugin or theme running too early. Translations should be loaded at the <code>init</code> action or later. Please see <a href=\"https://developer.wordpress.org/advanced-administration/debug/debug-wordpress/\">Debugging in WordPress</a> for more information. (This message was added in version 6.7.0.) in /wordpress/wp-includes/functions.php on line 6121","level":"NOTICE","type":"PHP","test":"jspi-boot","plugin":"google-search-cse","details":"[24-Apr-2025 17:00:22 UTC] PHP Notice:  Function _load_textdomain_just_in_time was called <strong>incorrectly</strong>. Translation loading for the <code>glomex-oembed</code> domain was triggered too early. This is usually an indicator for some code in the plugin or theme running too early. Translations should be loaded at the <code>init</code> action or later. Please see <a href=\"https://developer.wordpress.org/advanced-administration/debug/debug-wordpress/\">Debugging in WordPress</a> for more information. (This message was added in version 6.7.0.) in /wordpress/wp-includes/functions.php on line 6121","log":"/logs/plugins/g/google-search-cse/error.json"}
,
{"message":"Function _load_textdomain_just_in_time was called <strong>incorrectly</strong>. Translation loading for the <code>glomex-oembed</code> domain was triggered too early. This is usually an indicator for some code in the plugin or theme running too early. Translations should be loaded at the <code>init</code> action or later. Please see <a href=\"https://developer.wordpress.org/advanced-administration/debug/debug-wordpress/\">Debugging in WordPress</a> for more information. (This message was added in version 6.7.0.) in /wordpress/wp-includes/functions.php on line 6121","level":"NOTICE","type":"PHP","test":"jspi-boot","plugin":"google-search-cse","details":"[24-Apr-2025 17:00:34 UTC] PHP Notice:  Function _load_textdomain_just_in_time was called <strong>incorrectly</strong>. Translation loading for the <code>glomex-oembed</code> domain was triggered too early. This is usually an indicator for some code in the plugin or theme running too early. Translations should be loaded at the <code>init</code> action or later. Please see <a href=\"https://developer.wordpress.org/advanced-administration/debug/debug-wordpress/\">Debugging in WordPress</a> for more information. (This message was added in version 6.7.0.) in /wordpress/wp-includes/functions.php on line 6121","log":"/logs/plugins/g/google-search-cse/error.json"}
,
{"message":"Function _load_textdomain_just_in_time was called <strong>incorrectly</strong>. Translation loading for the <code>glomex-oembed</code> domain was triggered too early. This is usually an indicator for some code in the plugin or theme running too early. Translations should be loaded at the <code>init</code> action or later. Please see <a href=\"https://developer.wordpress.org/advanced-administration/debug/debug-wordpress/\">Debugging in WordPress</a> for more information. (This message was added in version 6.7.0.) in /wordpress/wp-includes/functions.php on line 6121","level":"NOTICE","type":"PHP","test":"jspi-boot","plugin":"google-search-cse","details":"[24-Apr-2025 17:00:45 UTC] PHP Notice:  Function _load_textdomain_just_in_time was called <strong>incorrectly</strong>. Translation loading for the <code>glomex-oembed</code> domain was triggered too early. This is usually an indicator for some code in the plugin or theme running too early. Translations should be loaded at the <code>init</code> action or later. Please see <a href=\"https://developer.wordpress.org/advanced-administration/debug/debug-wordpress/\">Debugging in WordPress</a> for more information. (This message was added in version 6.7.0.) in /wordpress/wp-includes/functions.php on line 6121","log":"/logs/plugins/g/google-search-cse/error.json"}
,
{"message":"Function wp_enqueue_script was called <strong>incorrectly</strong>. Scripts and styles should not be registered or enqueued until the <code>wp_enqueue_scripts</code>, <code>admin_enqueue_scripts</code>, or <code>login_enqueue_scripts</code> hooks. This notice was triggered by the <code>gmail_style_preloader_js</code> handle. Please see <a href=\"https://developer.wordpress.org/advanced-administration/debug/debug-wordpress/\">Debugging in WordPress</a> for more information. (This message was added in version 3.3.0.) in /wordpress/wp-includes/functions.php on line 6121","level":"NOTICE","type":"PHP","test":"jspi-boot","plugin":"google-search-cse","details":"[24-Apr-2025 17:00:55 UTC] PHP Notice:  Function wp_enqueue_script was called <strong>incorrectly</strong>. Scripts and styles should not be registered or enqueued until the <code>wp_enqueue_scripts</code>, <code>admin_enqueue_scripts</code>, or <code>login_enqueue_scripts</code> hooks. This notice was triggered by the <code>gmail_style_preloader_js</code> handle. Please see <a href=\"https://developer.wordpress.org/advanced-administration/debug/debug-wordpress/\">Debugging in WordPress</a> for more information. (This message was added in version 3.3.0.) in /wordpress/wp-includes/functions.php on line 6121","log":"/logs/plugins/g/google-search-cse/error.json"}
,
{"message":"Function wp_enqueue_style was called <strong>incorrectly</strong>. Scripts and styles should not be registered or enqueued until the <code>wp_enqueue_scripts</code>, <code>admin_enqueue_scripts</code>, or <code>login_enqueue_scripts</code> hooks. This notice was triggered by the <code>gmail_style_preloader_css</code> handle. Please see <a href=\"https://developer.wordpress.org/advanced-administration/debug/debug-wordpress/\">Debugging in WordPress</a> for more information. (This message was added in version 3.3.0.) in /wordpress/wp-includes/functions.php on line 6121","level":"NOTICE","type":"PHP","test":"jspi-boot","plugin":"google-search-cse","details":"[24-Apr-2025 17:00:55 UTC] PHP Notice:  Function wp_enqueue_style was called <strong>incorrectly</strong>. Scripts and styles should not be registered or enqueued until the <code>wp_enqueue_scripts</code>, <code>admin_enqueue_scripts</code>, or <code>login_enqueue_scripts</code> hooks. This notice was triggered by the <code>gmail_style_preloader_css</code> handle. Please see <a href=\"https://developer.wordpress.org/advanced-administration/debug/debug-wordpress/\">Debugging in WordPress</a> for more information. (This message was added in version 3.3.0.) in /wordpress/wp-includes/functions.php on line 6121","log":"/logs/plugins/g/google-search-cse/error.json"}
,
{"message":"Function is_feed was called <strong>incorrectly</strong>. Conditional query tags do not work before the query is run. Before then, they always return false. Please see <a href=\"https://developer.wordpress.org/advanced-administration/debug/debug-wordpress/\">Debugging in WordPress</a> for more information. (This message was added in version 3.1.0.) in /wordpress/wp-includes/functions.php on line 6121","level":"NOTICE","type":"PHP","test":"jspi-boot","plugin":"google-search-cse","details":"[24-Apr-2025 17:00:55 UTC] PHP Notice:  Function is_feed was called <strong>incorrectly</strong>. Conditional query tags do not work before the query is run. Before then, they always return false. Please see <a href=\"https://developer.wordpress.org/advanced-administration/debug/debug-wordpress/\">Debugging in WordPress</a> for more information. (This message was added in version 3.1.0.) in /wordpress/wp-includes/functions.php on line 6121","log":"/logs/plugins/g/google-search-cse/error.json"}
,
{"message":"Function wp_enqueue_script was called <strong>incorrectly</strong>. Scripts and styles should not be registered or enqueued until the <code>wp_enqueue_scripts</code>, <code>admin_enqueue_scripts</code>, or <code>login_enqueue_scripts</code> hooks. This notice was triggered by the <code>gmail_style_preloader_js</code> handle. Please see <a href=\"https://developer.wordpress.org/advanced-administration/debug/debug-wordpress/\">Debugging in WordPress</a> for more information. (This message was added in version 3.3.0.) in /wordpress/wp-includes/functions.php on line 6121","level":"NOTICE","type":"PHP","test":"jspi-boot","plugin":"google-search-cse","details":"[24-Apr-2025 17:01:03 UTC] PHP Notice:  Function wp_enqueue_script was called <strong>incorrectly</strong>. Scripts and styles should not be registered or enqueued until the <code>wp_enqueue_scripts</code>, <code>admin_enqueue_scripts</code>, or <code>login_enqueue_scripts</code> hooks. This notice was triggered by the <code>gmail_style_preloader_js</code> handle. Please see <a href=\"https://developer.wordpress.org/advanced-administration/debug/debug-wordpress/\">Debugging in WordPress</a> for more information. (This message was added in version 3.3.0.) in /wordpress/wp-includes/functions.php on line 6121","log":"/logs/plugins/g/google-search-cse/error.json"}
,
{"message":"Function wp_enqueue_style was called <strong>incorrectly</strong>. Scripts and styles should not be registered or enqueued until the <code>wp_enqueue_scripts</code>, <code>admin_enqueue_scripts</code>, or <code>login_enqueue_scripts</code> hooks. This notice was triggered by the <code>gmail_style_preloader_css</code> handle. Please see <a href=\"https://developer.wordpress.org/advanced-administration/debug/debug-wordpress/\">Debugging in WordPress</a> for more information. (This message was added in version 3.3.0.) in /wordpress/wp-includes/functions.php on line 6121","level":"NOTICE","type":"PHP","test":"jspi-boot","plugin":"google-search-cse","details":"[24-Apr-2025 17:01:03 UTC] PHP Notice:  Function wp_enqueue_style was called <strong>incorrectly</strong>. Scripts and styles should not be registered or enqueued until the <code>wp_enqueue_scripts</code>, <code>admin_enqueue_scripts</code>, or <code>login_enqueue_scripts</code> hooks. This notice was triggered by the <code>gmail_style_preloader_css</code> handle. Please see <a href=\"https://developer.wordpress.org/advanced-administration/debug/debug-wordpress/\">Debugging in WordPress</a> for more information. (This message was added in version 3.3.0.) in /wordpress/wp-includes/functions.php on line 6121","log":"/logs/plugins/g/google-search-cse/error.json"}
,
{"message":"Function is_feed was called <strong>incorrectly</strong>. Conditional query tags do not work before the query is run. Before then, they always return false. Please see <a href=\"https://developer.wordpress.org/advanced-administration/debug/debug-wordpress/\">Debugging in WordPress</a> for more information. (This message was added in version 3.1.0.) in /wordpress/wp-includes/functions.php on line 6121","level":"NOTICE","type":"PHP","test":"jspi-boot","plugin":"google-search-cse","details":"[24-Apr-2025 17:01:03 UTC] PHP Notice:  Function is_feed was called <strong>incorrectly</strong>. Conditional query tags do not work before the query is run. Before then, they always return false. Please see <a href=\"https://developer.wordpress.org/advanced-administration/debug/debug-wordpress/\">Debugging in WordPress</a> for more information. (This message was added in version 3.1.0.) in /wordpress/wp-includes/functions.php on line 6121","log":"/logs/plugins/g/google-search-cse/error.json"}
,
{"message":"Function wp_enqueue_script was called <strong>incorrectly</strong>. Scripts and styles should not be registered or enqueued until the <code>wp_enqueue_scripts</code>, <code>admin_enqueue_scripts</code>, or <code>login_enqueue_scripts</code> hooks. This notice was triggered by the <code>gmail_style_preloader_js</code> handle. Please see <a href=\"https://developer.wordpress.org/advanced-administration/debug/debug-wordpress/\">Debugging in WordPress</a> for more information. (This message was added in version 3.3.0.) in /wordpress/wp-includes/functions.php on line 6121","level":"NOTICE","type":"PHP","test":"jspi-boot","plugin":"google-search-cse","details":"[24-Apr-2025 17:01:12 UTC] PHP Notice:  Function wp_enqueue_script was called <strong>incorrectly</strong>. Scripts and styles should not be registered or enqueued until the <code>wp_enqueue_scripts</code>, <code>admin_enqueue_scripts</code>, or <code>login_enqueue_scripts</code> hooks. This notice was triggered by the <code>gmail_style_preloader_js</code> handle. Please see <a href=\"https://developer.wordpress.org/advanced-administration/debug/debug-wordpress/\">Debugging in WordPress</a> for more information. (This message was added in version 3.3.0.) in /wordpress/wp-includes/functions.php on line 6121","log":"/logs/plugins/g/google-search-cse/error.json"}
,
{"message":"Function wp_enqueue_style was called <strong>incorrectly</strong>. Scripts and styles should not be registered or enqueued until the <code>wp_enqueue_scripts</code>, <code>admin_enqueue_scripts</code>, or <code>login_enqueue_scripts</code> hooks. This notice was triggered by the <code>gmail_style_preloader_css</code> handle. Please see <a href=\"https://developer.wordpress.org/advanced-administration/debug/debug-wordpress/\">Debugging in WordPress</a> for more information. (This message was added in version 3.3.0.) in /wordpress/wp-includes/functions.php on line 6121","level":"NOTICE","type":"PHP","test":"jspi-boot","plugin":"google-search-cse","details":"[24-Apr-2025 17:01:12 UTC] PHP Notice:  Function wp_enqueue_style was called <strong>incorrectly</strong>. Scripts and styles should not be registered or enqueued until the <code>wp_enqueue_scripts</code>, <code>admin_enqueue_scripts</code>, or <code>login_enqueue_scripts</code> hooks. This notice was triggered by the <code>gmail_style_preloader_css</code> handle. Please see <a href=\"https://developer.wordpress.org/advanced-administration/debug/debug-wordpress/\">Debugging in WordPress</a> for more information. (This message was added in version 3.3.0.) in /wordpress/wp-includes/functions.php on line 6121","log":"/logs/plugins/g/google-search-cse/error.json"}
,
{"message":"Function is_feed was called <strong>incorrectly</strong>. Conditional query tags do not work before the query is run. Before then, they always return false. Please see <a href=\"https://developer.wordpress.org/advanced-administration/debug/debug-wordpress/\">Debugging in WordPress</a> for more information. (This message was added in version 3.1.0.) in /wordpress/wp-includes/functions.php on line 6121","level":"NOTICE","type":"PHP","test":"jspi-boot","plugin":"google-search-cse","details":"[24-Apr-2025 17:01:12 UTC] PHP Notice:  Function is_feed was called <strong>incorrectly</strong>. Conditional query tags do not work before the query is run. Before then, they always return false. Please see <a href=\"https://developer.wordpress.org/advanced-administration/debug/debug-wordpress/\">Debugging in WordPress</a> for more information. (This message was added in version 3.1.0.) in /wordpress/wp-includes/functions.php on line 6121","log":"/logs/plugins/g/google-search-cse/error.json"}
,
{"message":"Uncaught TypeError: call_user_func_array(): Argument #1 ($callback) must be a valid callback, non-static method GNA_Tasks::activate_handler() cannot be called statically in /wordpress/wp-includes/class-wp-hook.php:324","level":"FATAL","type":"PHP","test":"jspi-boot","plugin":"google-search-cse","details":"[24-Apr-2025 17:01:22 UTC] PHP Fatal error:  Uncaught TypeError: call_user_func_array(): Argument #1 ($callback) must be a valid callback, non-static method GNA_Tasks::activate_handler() cannot be called statically in /wordpress/wp-includes/class-wp-hook.php:324\nStack trace:\n#0 /wordpress/wp-includes/class-wp-hook.php(348): WP_Hook->apply_filters('', Array)\n#1 /wordpress/wp-includes/plugin.php(517): WP_Hook->do_action(Array)\n#2 /wordpress/wp-admin/includes/plugin.php(703): do_action('activate_gna-ta...', false)\n#3 /internal/eval.php(20): activate_plugin('gna-tasks/gna-t...')\n#4 {main}\n  thrown in /wordpress/wp-includes/class-wp-hook.php on line 324","log":"/logs/plugins/g/google-search-cse/error.json"}
,
{"message":"Uncaught TypeError: call_user_func_array(): Argument #1 ($callback) must be a valid callback, non-static method GNA_Tasks::activate_handler() cannot be called statically in /wordpress/wp-includes/class-wp-hook.php:324","level":"FATAL","type":"PHP","test":"jspi-boot","plugin":"google-search-cse","details":"[24-Apr-2025 17:01:30 UTC] PHP Fatal error:  Uncaught TypeError: call_user_func_array(): Argument #1 ($callback) must be a valid callback, non-static method GNA_Tasks::activate_handler() cannot be called statically in /wordpress/wp-includes/class-wp-hook.php:324\nStack trace:\n#0 /wordpress/wp-includes/class-wp-hook.php(348): WP_Hook->apply_filters('', Array)\n#1 /wordpress/wp-includes/plugin.php(517): WP_Hook->do_action(Array)\n#2 /wordpress/wp-admin/includes/plugin.php(703): do_action('activate_gna-ta...', false)\n#3 /internal/eval.php(20): activate_plugin('gna-tasks/gna-t...')\n#4 {main}\n  thrown in /wordpress/wp-includes/class-wp-hook.php on line 324","log":"/logs/plugins/g/google-search-cse/error.json"}
,
{"message":"Uncaught TypeError: call_user_func_array(): Argument #1 ($callback) must be a valid callback, non-static method GNA_Tasks::activate_handler() cannot be called statically in /wordpress/wp-includes/class-wp-hook.php:324","level":"FATAL","type":"PHP","test":"jspi-boot","plugin":"google-search-cse","details":"[24-Apr-2025 17:01:39 UTC] PHP Fatal error:  Uncaught TypeError: call_user_func_array(): Argument #1 ($callback) must be a valid callback, non-static method GNA_Tasks::activate_handler() cannot be called statically in /wordpress/wp-includes/class-wp-hook.php:324\nStack trace:\n#0 /wordpress/wp-includes/class-wp-hook.php(348): WP_Hook->apply_filters('', Array)\n#1 /wordpress/wp-includes/plugin.php(517): WP_Hook->do_action(Array)\n#2 /wordpress/wp-admin/includes/plugin.php(703): do_action('activate_gna-ta...', false)\n#3 /internal/eval.php(20): activate_plugin('gna-tasks/gna-t...')\n#4 {main}\n  thrown in /wordpress/wp-includes/class-wp-hook.php on line 324","log":"/logs/plugins/g/google-search-cse/error.json"}
,
{"message":"Cannot redeclare get_avatar_url() (previously declared in /wordpress/wp-includes/link-template.php:4321) in /wordpress/wp-content/plugins/get-avatar-url/index.php on line 28","level":"FATAL","type":"PHP","test":"jspi-boot","plugin":"google-search-cse","details":"[24-Apr-2025 17:04:57 UTC] PHP Fatal error:  Cannot redeclare get_avatar_url() (previously declared in /wordpress/wp-includes/link-template.php:4321) in /wordpress/wp-content/plugins/get-avatar-url/index.php on line 28","log":"/logs/plugins/g/google-search-cse/error.json"}
,
{"message":"Cannot redeclare get_avatar_url() (previously declared in /wordpress/wp-includes/link-template.php:4321) in /wordpress/wp-content/plugins/get-avatar-url/index.php on line 28","level":"FATAL","type":"PHP","test":"jspi-boot","plugin":"google-search-cse","details":"[24-Apr-2025 17:05:05 UTC] PHP Fatal error:  Cannot redeclare get_avatar_url() (previously declared in /wordpress/wp-includes/link-template.php:4321) in /wordpress/wp-content/plugins/get-avatar-url/index.php on line 28","log":"/logs/plugins/g/google-search-cse/error.json"}
,
{"message":"Cannot redeclare get_avatar_url() (previously declared in /wordpress/wp-includes/link-template.php:4321) in /wordpress/wp-content/plugins/get-avatar-url/index.php on line 28","level":"FATAL","type":"PHP","test":"jspi-boot","plugin":"google-search-cse","details":"[24-Apr-2025 17:05:14 UTC] PHP Fatal error:  Cannot redeclare get_avatar_url() (previously declared in /wordpress/wp-includes/link-template.php:4321) in /wordpress/wp-content/plugins/get-avatar-url/index.php on line 28","log":"/logs/plugins/g/google-search-cse/error.json"}
,
{"message":"Uncaught Error: Call to undefined function create_function() in /wordpress/wp-content/plugins/get-snarky/get-snarky.php:531","level":"FATAL","type":"PHP","test":"jspi-boot","plugin":"google-search-cse","details":"[24-Apr-2025 17:05:23 UTC] PHP Fatal error:  Uncaught Error: Call to undefined function create_function() in /wordpress/wp-content/plugins/get-snarky/get-snarky.php:531\nStack trace:\n#0 /wordpress/wp-admin/includes/plugin.php(2387): include_once()\n#1 /wordpress/wp-admin/includes/plugin.php(673): plugin_sandbox_scrape('get-snarky/get-...')\n#2 /internal/eval.php(20): activate_plugin('get-snarky/get-...')\n#3 {main}\n  thrown in /wordpress/wp-content/plugins/get-snarky/get-snarky.php on line 531","log":"/logs/plugins/g/google-search-cse/error.json"}
,
{"message":"Uncaught Error: Call to undefined function create_function() in /wordpress/wp-content/plugins/get-snarky/get-snarky.php:531","level":"FATAL","type":"PHP","test":"jspi-boot","plugin":"google-search-cse","details":"[24-Apr-2025 17:05:31 UTC] PHP Fatal error:  Uncaught Error: Call to undefined function create_function() in /wordpress/wp-content/plugins/get-snarky/get-snarky.php:531\nStack trace:\n#0 /wordpress/wp-admin/includes/plugin.php(2387): include_once()\n#1 /wordpress/wp-admin/includes/plugin.php(673): plugin_sandbox_scrape('get-snarky/get-...')\n#2 /internal/eval.php(20): activate_plugin('get-snarky/get-...')\n#3 {main}\n  thrown in /wordpress/wp-content/plugins/get-snarky/get-snarky.php on line 531","log":"/logs/plugins/g/google-search-cse/error.json"}
,
{"message":"Uncaught Error: Call to undefined function create_function() in /wordpress/wp-content/plugins/get-snarky/get-snarky.php:531","level":"FATAL","type":"PHP","test":"jspi-boot","plugin":"google-search-cse","details":"[24-Apr-2025 17:05:39 UTC] PHP Fatal error:  Uncaught Error: Call to undefined function create_function() in /wordpress/wp-content/plugins/get-snarky/get-snarky.php:531\nStack trace:\n#0 /wordpress/wp-admin/includes/plugin.php(2387): include_once()\n#1 /wordpress/wp-admin/includes/plugin.php(673): plugin_sandbox_scrape('get-snarky/get-...')\n#2 /internal/eval.php(20): activate_plugin('get-snarky/get-...')\n#3 {main}\n  thrown in /wordpress/wp-content/plugins/get-snarky/get-snarky.php on line 531","log":"/logs/plugins/g/google-search-cse/error.json"}
,
{"message":"Uncaught Error: Class \"GF_Field\" not found in /wordpress/wp-content/plugins/gf-basic-captcha/gf-basic-captcha.php:12","level":"FATAL","type":"PHP","test":"jspi-boot","plugin":"google-search-cse","details":"[24-Apr-2025 17:05:49 UTC] PHP Fatal error:  Uncaught Error: Class \"GF_Field\" not found in /wordpress/wp-content/plugins/gf-basic-captcha/gf-basic-captcha.php:12\nStack trace:\n#0 /wordpress/wp-admin/includes/plugin.php(2387): include_once()\n#1 /wordpress/wp-admin/includes/plugin.php(673): plugin_sandbox_scrape('gf-basic-captch...')\n#2 /internal/eval.php(20): activate_plugin('gf-basic-captch...')\n#3 {main}\n  thrown in /wordpress/wp-content/plugins/gf-basic-captcha/gf-basic-captcha.php on line 12","log":"/logs/plugins/g/google-search-cse/error.json"}
,
{"message":"Uncaught Error: Class \"GF_Field\" not found in /wordpress/wp-content/plugins/gf-basic-captcha/gf-basic-captcha.php:12","level":"FATAL","type":"PHP","test":"jspi-boot","plugin":"google-search-cse","details":"[24-Apr-2025 17:05:57 UTC] PHP Fatal error:  Uncaught Error: Class \"GF_Field\" not found in /wordpress/wp-content/plugins/gf-basic-captcha/gf-basic-captcha.php:12\nStack trace:\n#0 /wordpress/wp-admin/includes/plugin.php(2387): include_once()\n#1 /wordpress/wp-admin/includes/plugin.php(673): plugin_sandbox_scrape('gf-basic-captch...')\n#2 /internal/eval.php(20): activate_plugin('gf-basic-captch...')\n#3 {main}\n  thrown in /wordpress/wp-content/plugins/gf-basic-captcha/gf-basic-captcha.php on line 12","log":"/logs/plugins/g/google-search-cse/error.json"}
,
{"message":"Uncaught Error: Class \"GF_Field\" not found in /wordpress/wp-content/plugins/gf-basic-captcha/gf-basic-captcha.php:12","level":"FATAL","type":"PHP","test":"jspi-boot","plugin":"google-search-cse","details":"[24-Apr-2025 17:06:05 UTC] PHP Fatal error:  Uncaught Error: Class \"GF_Field\" not found in /wordpress/wp-content/plugins/gf-basic-captcha/gf-basic-captcha.php:12\nStack trace:\n#0 /wordpress/wp-admin/includes/plugin.php(2387): include_once()\n#1 /wordpress/wp-admin/includes/plugin.php(673): plugin_sandbox_scrape('gf-basic-captch...')\n#2 /internal/eval.php(20): activate_plugin('gf-basic-captch...')\n#3 {main}\n  thrown in /wordpress/wp-content/plugins/gf-basic-captcha/gf-basic-captcha.php on line 12","log":"/logs/plugins/g/google-search-cse/error.json"}
,
{"message":"Required parameter $nonce follows optional parameter $formdata in /wordpress/wp-content/plugins/google-analytics-dashboard-extends/scb/Forms.php on line 61","level":"DEPRECATED","type":"PHP","test":"jspi-boot","plugin":"google-search-cse","details":"[24-Apr-2025 17:06:15 UTC] PHP Deprecated:  Required parameter $nonce follows optional parameter $formdata in /wordpress/wp-content/plugins/google-analytics-dashboard-extends/scb/Forms.php on line 61","log":"/logs/plugins/g/google-search-cse/error.json"}
,
{"message":"Required parameter $args follows optional parameter $file in /wordpress/wp-content/plugins/google-analytics-dashboard-extends/scb/Cron.php on line 23","level":"DEPRECATED","type":"PHP","test":"jspi-boot","plugin":"google-search-cse","details":"[24-Apr-2025 17:06:15 UTC] PHP Deprecated:  Required parameter $args follows optional parameter $file in /wordpress/wp-content/plugins/google-analytics-dashboard-extends/scb/Cron.php on line 23","log":"/logs/plugins/g/google-search-cse/error.json"}
,
{"message":"Required parameter $nonce follows optional parameter $formdata in /wordpress/wp-content/plugins/google-analytics-dashboard-extends/scb/Forms.php on line 61","level":"DEPRECATED","type":"PHP","test":"jspi-boot","plugin":"google-search-cse","details":"[24-Apr-2025 17:06:16 UTC] PHP Deprecated:  Required parameter $nonce follows optional parameter $formdata in /wordpress/wp-content/plugins/google-analytics-dashboard-extends/scb/Forms.php on line 61","log":"/logs/plugins/g/google-search-cse/error.json"}
,
{"message":"Required parameter $args follows optional parameter $file in /wordpress/wp-content/plugins/google-analytics-dashboard-extends/scb/Cron.php on line 23","level":"DEPRECATED","type":"PHP","test":"jspi-boot","plugin":"google-search-cse","details":"[24-Apr-2025 17:06:16 UTC] PHP Deprecated:  Required parameter $args follows optional parameter $file in /wordpress/wp-content/plugins/google-analytics-dashboard-extends/scb/Cron.php on line 23","log":"/logs/plugins/g/google-search-cse/error.json"}
,
{"message":"Required parameter $nonce follows optional parameter $formdata in /wordpress/wp-content/plugins/google-analytics-dashboard-extends/scb/Forms.php on line 61","level":"DEPRECATED","type":"PHP","test":"jspi-boot","plugin":"google-search-cse","details":"[24-Apr-2025 17:06:24 UTC] PHP Deprecated:  Required parameter $nonce follows optional parameter $formdata in /wordpress/wp-content/plugins/google-analytics-dashboard-extends/scb/Forms.php on line 61","log":"/logs/plugins/g/google-search-cse/error.json"}
,
{"message":"Required parameter $args follows optional parameter $file in /wordpress/wp-content/plugins/google-analytics-dashboard-extends/scb/Cron.php on line 23","level":"DEPRECATED","type":"PHP","test":"jspi-boot","plugin":"google-search-cse","details":"[24-Apr-2025 17:06:24 UTC] PHP Deprecated:  Required parameter $args follows optional parameter $file in /wordpress/wp-content/plugins/google-analytics-dashboard-extends/scb/Cron.php on line 23","log":"/logs/plugins/g/google-search-cse/error.json"}
,
{"message":"Required parameter $nonce follows optional parameter $formdata in /wordpress/wp-content/plugins/google-analytics-dashboard-extends/scb/Forms.php on line 61","level":"DEPRECATED","type":"PHP","test":"jspi-boot","plugin":"google-search-cse","details":"[24-Apr-2025 17:06:26 UTC] PHP Deprecated:  Required parameter $nonce follows optional parameter $formdata in /wordpress/wp-content/plugins/google-analytics-dashboard-extends/scb/Forms.php on line 61","log":"/logs/plugins/g/google-search-cse/error.json"}
,
{"message":"Required parameter $args follows optional parameter $file in /wordpress/wp-content/plugins/google-analytics-dashboard-extends/scb/Cron.php on line 23","level":"DEPRECATED","type":"PHP","test":"jspi-boot","plugin":"google-search-cse","details":"[24-Apr-2025 17:06:26 UTC] PHP Deprecated:  Required parameter $args follows optional parameter $file in /wordpress/wp-content/plugins/google-analytics-dashboard-extends/scb/Cron.php on line 23","log":"/logs/plugins/g/google-search-cse/error.json"}
,
{"message":"Required parameter $nonce follows optional parameter $formdata in /wordpress/wp-content/plugins/google-analytics-dashboard-extends/scb/Forms.php on line 61","level":"DEPRECATED","type":"PHP","test":"jspi-boot","plugin":"google-search-cse","details":"[24-Apr-2025 17:06:32 UTC] PHP Deprecated:  Required parameter $nonce follows optional parameter $formdata in /wordpress/wp-content/plugins/google-analytics-dashboard-extends/scb/Forms.php on line 61","log":"/logs/plugins/g/google-search-cse/error.json"}
,
{"message":"Required parameter $args follows optional parameter $file in /wordpress/wp-content/plugins/google-analytics-dashboard-extends/scb/Cron.php on line 23","level":"DEPRECATED","type":"PHP","test":"jspi-boot","plugin":"google-search-cse","details":"[24-Apr-2025 17:06:32 UTC] PHP Deprecated:  Required parameter $args follows optional parameter $file in /wordpress/wp-content/plugins/google-analytics-dashboard-extends/scb/Cron.php on line 23","log":"/logs/plugins/g/google-search-cse/error.json"}
,
{"message":"Required parameter $nonce follows optional parameter $formdata in /wordpress/wp-content/plugins/google-analytics-dashboard-extends/scb/Forms.php on line 61","level":"DEPRECATED","type":"PHP","test":"jspi-boot","plugin":"google-search-cse","details":"[24-Apr-2025 17:06:33 UTC] PHP Deprecated:  Required parameter $nonce follows optional parameter $formdata in /wordpress/wp-content/plugins/google-analytics-dashboard-extends/scb/Forms.php on line 61","log":"/logs/plugins/g/google-search-cse/error.json"}
,
{"message":"Required parameter $args follows optional parameter $file in /wordpress/wp-content/plugins/google-analytics-dashboard-extends/scb/Cron.php on line 23","level":"DEPRECATED","type":"PHP","test":"jspi-boot","plugin":"google-search-cse","details":"[24-Apr-2025 17:06:33 UTC] PHP Deprecated:  Required parameter $args follows optional parameter $file in /wordpress/wp-content/plugins/google-analytics-dashboard-extends/scb/Cron.php on line 23","log":"/logs/plugins/g/google-search-cse/error.json"}
,
{"message":"Function has_cap was called with an argument that is <strong>deprecated</strong> since version 2.0.0! Usage of user levels is deprecated. Use capabilities instead. in /wordpress/wp-includes/functions.php on line 6121","level":"DEPRECATED","type":"PHP","test":"jspi-boot","plugin":"google-search-cse","details":"[24-Apr-2025 17:06:41 UTC] PHP Deprecated:  Function has_cap was called with an argument that is <strong>deprecated</strong> since version 2.0.0! Usage of user levels is deprecated. Use capabilities instead. in /wordpress/wp-includes/functions.php on line 6121","log":"/logs/plugins/g/google-search-cse/error.json"}
,
{"message":"Function has_cap was called with an argument that is <strong>deprecated</strong> since version 2.0.0! Usage of user levels is deprecated. Use capabilities instead. in /wordpress/wp-includes/functions.php on line 6121","level":"DEPRECATED","type":"PHP","test":"jspi-boot","plugin":"google-search-cse","details":"[24-Apr-2025 17:06:42 UTC] PHP Deprecated:  Function has_cap was called with an argument that is <strong>deprecated</strong> since version 2.0.0! Usage of user levels is deprecated. Use capabilities instead. in /wordpress/wp-includes/functions.php on line 6121","log":"/logs/plugins/g/google-search-cse/error.json"}
,
{"message":"Function has_cap was called with an argument that is <strong>deprecated</strong> since version 2.0.0! Usage of user levels is deprecated. Use capabilities instead. in /wordpress/wp-includes/functions.php on line 6121","level":"DEPRECATED","type":"PHP","test":"jspi-boot","plugin":"google-search-cse","details":"[24-Apr-2025 17:06:49 UTC] PHP Deprecated:  Function has_cap was called with an argument that is <strong>deprecated</strong> since version 2.0.0! Usage of user levels is deprecated. Use capabilities instead. in /wordpress/wp-includes/functions.php on line 6121","log":"/logs/plugins/g/google-search-cse/error.json"}
,
{"message":"Function has_cap was called with an argument that is <strong>deprecated</strong> since version 2.0.0! Usage of user levels is deprecated. Use capabilities instead. in /wordpress/wp-includes/functions.php on line 6121","level":"DEPRECATED","type":"PHP","test":"jspi-boot","plugin":"google-search-cse","details":"[24-Apr-2025 17:06:50 UTC] PHP Deprecated:  Function has_cap was called with an argument that is <strong>deprecated</strong> since version 2.0.0! Usage of user levels is deprecated. Use capabilities instead. in /wordpress/wp-includes/functions.php on line 6121","log":"/logs/plugins/g/google-search-cse/error.json"}
,
{"message":"Function has_cap was called with an argument that is <strong>deprecated</strong> since version 2.0.0! Usage of user levels is deprecated. Use capabilities instead. in /wordpress/wp-includes/functions.php on line 6121","level":"DEPRECATED","type":"PHP","test":"jspi-boot","plugin":"google-search-cse","details":"[24-Apr-2025 17:06:59 UTC] PHP Deprecated:  Function has_cap was called with an argument that is <strong>deprecated</strong> since version 2.0.0! Usage of user levels is deprecated. Use capabilities instead. in /wordpress/wp-includes/functions.php on line 6121","log":"/logs/plugins/g/google-search-cse/error.json"}
,
{"message":"Function has_cap was called with an argument that is <strong>deprecated</strong> since version 2.0.0! Usage of user levels is deprecated. Use capabilities instead. in /wordpress/wp-includes/functions.php on line 6121","level":"DEPRECATED","type":"PHP","test":"jspi-boot","plugin":"google-search-cse","details":"[24-Apr-2025 17:07:00 UTC] PHP Deprecated:  Function has_cap was called with an argument that is <strong>deprecated</strong> since version 2.0.0! Usage of user levels is deprecated. Use capabilities instead. in /wordpress/wp-includes/functions.php on line 6121","log":"/logs/plugins/g/google-search-cse/error.json"}
,
{"message":"Uncaught Error: Call to undefined function create_function() in /wordpress/wp-content/plugins/google-search-cse/wordpress-glcse.php:140","level":"FATAL","type":"PHP","test":"jspi-boot","plugin":"google-search-cse","details":"[24-Apr-2025 17:07:08 UTC] PHP Fatal error:  Uncaught Error: Call to undefined function create_function() in /wordpress/wp-content/plugins/google-search-cse/wordpress-glcse.php:140\nStack trace:\n#0 /wordpress/wp-admin/includes/plugin.php(2387): include_once()\n#1 /wordpress/wp-admin/includes/plugin.php(673): plugin_sandbox_scrape('google-search-c...')\n#2 /internal/eval.php(20): activate_plugin('google-search-c...')\n#3 {main}\n  thrown in /wordpress/wp-content/plugins/google-search-cse/wordpress-glcse.php on line 140","log":"/logs/plugins/g/google-search-cse/error.json"}
,
{"message":"Uncaught Error: Call to undefined function create_function() in /wordpress/wp-content/plugins/google-search-cse/wordpress-glcse.php:140","level":"FATAL","type":"PHP","test":"jspi-boot","plugin":"google-search-cse","details":"[24-Apr-2025 17:07:15 UTC] PHP Fatal error:  Uncaught Error: Call to undefined function create_function() in /wordpress/wp-content/plugins/google-search-cse/wordpress-glcse.php:140\nStack trace:\n#0 /wordpress/wp-admin/includes/plugin.php(2387): include_once()\n#1 /wordpress/wp-admin/includes/plugin.php(673): plugin_sandbox_scrape('google-search-c...')\n#2 /internal/eval.php(20): activate_plugin('google-search-c...')\n#3 {main}\n  thrown in /wordpress/wp-content/plugins/google-search-cse/wordpress-glcse.php on line 140","log":"/logs/plugins/g/google-search-cse/error.json"}
,
{"message":"Uncaught Error: Call to undefined function create_function() in /wordpress/wp-content/plugins/google-search-cse/wordpress-glcse.php:140","level":"FATAL","type":"PHP","test":"jspi-boot","plugin":"google-search-cse","details":"[24-Apr-2025 17:07:23 UTC] PHP Fatal error:  Uncaught Error: Call to undefined function create_function() in /wordpress/wp-content/plugins/google-search-cse/wordpress-glcse.php:140\nStack trace:\n#0 /wordpress/wp-admin/includes/plugin.php(2387): include_once()\n#1 /wordpress/wp-admin/includes/plugin.php(673): plugin_sandbox_scrape('google-search-c...')\n#2 /internal/eval.php(20): activate_plugin('google-search-c...')\n#3 {main}\n  thrown in /wordpress/wp-content/plugins/google-search-cse/wordpress-glcse.php on line 140\n\n    at Object.onBind (file:///home/runner/work/playground-tester/playground-tester/node_modules/@wp-playground/cli/index.js:237:15)\n    at process.processTicksAndRejections (node:internal/process/task_queues:105:5)\n    at async V (file:///home/runner/work/playground-tester/playground-tester/node_modules/@wp-playground/cli/index.js:64:10)\n    at async ja (file:///home/runner/work/playground-tester/playground-tester/node_modules/@wp-playground/cli/cli.js:8161:12) {\n  [cause]: Error: Error when executing the blueprint step #1 ({\"step\":\"installPlugin\",\"pluginData\":{\"resource\":\"wordpress.org/plugins\",\"slug\":\"google-search-cse\"},\"options\":{\"activate\":true}}) : PHP.run() failed with exit code 255 and the following output: \n      at Object.run (file:///home/runner/work/playground-tester/playground-tester/node_modules/@wp-playground/blueprints/index.js:12449:19)\n      at process.processTicksAndRejections (node:internal/process/task_queues:105:5)\n      at async ms (file:///home/runner/work/playground-tester/playground-tester/node_modules/@wp-playground/blueprints/index.js:12552:3)\n      ... 2 lines matching cause stack trace ...\n      at async ja (file:///home/runner/work/playground-tester/playground-tester/node_modules/@wp-playground/cli/cli.js:8161:12) {\n    [cause]: PHPExecutionFailureError: PHP.run() failed with exit code 255 and the following output: \n        at PHP.run (file:///home/runner/work/playground-tester/playground-tester/node_modules/@php-wasm/universal/index.js:987:19)\n        at process.processTicksAndRejections (node:internal/process/task_queues:105:5)\n        at async wr (file:///home/runner/work/playground-tester/playground-tester/node_modules/@wp-playground/blueprints/index.js:33:39)\n        at async Object.gt [as installPlugin] (file:///home/runner/work/playground-tester/playground-tester/node_modules/@wp-playground/blueprints/index.js:974:42)\n        at async g (file:///home/runner/work/playground-tester/playground-tester/node_modules/@wp-playground/blueprints/index.js:12517:30)\n        at async Object.run (file:///home/runner/work/playground-tester/playground-tester/node_modules/@wp-playground/blueprints/index.js:12446:23)\n        at async ms (file:///home/runner/work/playground-tester/playground-tester/node_modules/@wp-playground/blueprints/index.js:12552:3)\n        at async Object.onBind (file:///home/runner/work/playground-tester/playground-tester/node_modules/@wp-playground/cli/index.js:227:48)\n        at async V (file:///home/runner/work/playground-tester/playground-tester/node_modules/@wp-playground/cli/index.js:64:10)\n        at async ja (file:///home/runner/work/playground-tester/playground-tester/node_modules/@wp-playground/cli/cli.js:8161:12) {\n      response: PHPResponse {\n        httpStatusCode: 500,\n        headers: {\n          'x-powered-by': [ 'PHP/8.0.30-dev' ],\n          'content-type': [ 'text/html; charset=UTF-8' ]\n        },\n        bytes: Uint8Array(0) [],\n        exitCode: 255,\n        errors: ''\n      },\n      source: 'request'\n    }\n  }\n}\n\n","log":"/logs/plugins/g/google-search-cse/error.json"}
]
