file:///home/runner/work/playground-tester/playground-tester/node_modules/@wp-playground/cli/index.js:237
        throw new Error(y, { cause: u });
              ^

Error: [17-Apr-2025 06:56:40 UTC] PHP Notice:  Function _load_textdomain_just_in_time was called <strong>incorrectly</strong>. Translation loading for the <code>font-size-change</code> domain was triggered too early. This is usually an indicator for some code in the plugin or theme running too early. Translations should be loaded at the <code>init</code> action or later. Please see <a href="https://developer.wordpress.org/advanced-administration/debug/debug-wordpress/">Debugging in WordPress</a> for more information. (This message was added in version 6.7.0.) in /wordpress/wp-includes/functions.php on line 6121
[17-Apr-2025 06:56:49 UTC] PHP Notice:  Function _load_textdomain_just_in_time was called <strong>incorrectly</strong>. Translation loading for the <code>font-size-change</code> domain was triggered too early. This is usually an indicator for some code in the plugin or theme running too early. Translations should be loaded at the <code>init</code> action or later. Please see <a href="https://developer.wordpress.org/advanced-administration/debug/debug-wordpress/">Debugging in WordPress</a> for more information. (This message was added in version 6.7.0.) in /wordpress/wp-includes/functions.php on line 6121
[17-Apr-2025 06:56:57 UTC] PHP Notice:  Function _load_textdomain_just_in_time was called <strong>incorrectly</strong>. Translation loading for the <code>font-size-change</code> domain was triggered too early. This is usually an indicator for some code in the plugin or theme running too early. Translations should be loaded at the <code>init</code> action or later. Please see <a href="https://developer.wordpress.org/advanced-administration/debug/debug-wordpress/">Debugging in WordPress</a> for more information. (This message was added in version 6.7.0.) in /wordpress/wp-includes/functions.php on line 6121
[17-Apr-2025 06:57:32 UTC] PHP Deprecated:  Function register_sidebar_widget is <strong>deprecated</strong> since version 2.8.0! Use wp_register_sidebar_widget() instead. in /wordpress/wp-includes/functions.php on line 6121
[17-Apr-2025 06:57:32 UTC] PHP Deprecated:  Function register_widget_control is <strong>deprecated</strong> since version 2.8.0! Use wp_register_widget_control() instead. in /wordpress/wp-includes/functions.php on line 6121
[17-Apr-2025 06:57:42 UTC] PHP Deprecated:  Function register_sidebar_widget is <strong>deprecated</strong> since version 2.8.0! Use wp_register_sidebar_widget() instead. in /wordpress/wp-includes/functions.php on line 6121
[17-Apr-2025 06:57:42 UTC] PHP Deprecated:  Function register_widget_control is <strong>deprecated</strong> since version 2.8.0! Use wp_register_widget_control() instead. in /wordpress/wp-includes/functions.php on line 6121
[17-Apr-2025 06:57:50 UTC] PHP Deprecated:  Function register_sidebar_widget is <strong>deprecated</strong> since version 2.8.0! Use wp_register_sidebar_widget() instead. in /wordpress/wp-includes/functions.php on line 6121
[17-Apr-2025 06:57:50 UTC] PHP Deprecated:  Function register_widget_control is <strong>deprecated</strong> since version 2.8.0! Use wp_register_widget_control() instead. in /wordpress/wp-includes/functions.php on line 6121
[17-Apr-2025 06:58:01 UTC] PHP Fatal error:  Uncaught ArgumentCountError: Too few arguments to function WP_Widget::__construct(), 0 passed in /wordpress/wp-includes/class-wp-widget-factory.php on line 62 and at least 2 expected in /wordpress/wp-includes/class-wp-widget.php:163
Stack trace:
#0 /wordpress/wp-includes/class-wp-widget-factory.php(62): WP_Widget->__construct()
#1 /wordpress/wp-includes/widgets.php(123): WP_Widget_Factory->register('fbfull_activity...')
#2 /wordpress/wp-content/plugins/facebook-wp/fbfull.php(844): register_widget('fbfull_activity...')
#3 /wordpress/wp-includes/class-wp-hook.php(324): fbfull_register_widgets('')
#4 /wordpress/wp-includes/class-wp-hook.php(348): WP_Hook->apply_filters(NULL, Array)
#5 /wordpress/wp-includes/plugin.php(517): WP_Hook->do_action(Array)
#6 /wordpress/wp-includes/widgets.php(1870): do_action('widgets_init')
#7 /wordpress/wp-includes/class-wp-hook.php(324): wp_widgets_init('')
#8 /wordpress/wp-includes/class-wp-hook.php(348): WP_Hook->apply_filters(NULL, Array)
#9 /wordpress/wp-includes/plugin.php(517): WP_Hook->do_action(Array)
#10 /wordpress/wp-settings.php(727): do_action('init')
#11 /wordpress/wp-config.php(102): require_once('/wordpress/wp-s...')
#12 /wordpress/wp-load.php(50): require_once('/wordpress/wp-c...')
#13 /internal/eval.php(3): require_once('/wordpress/wp-l...')
#14 {main}
  thrown in /wordpress/wp-includes/class-wp-widget.php on line 163
[17-Apr-2025 06:58:11 UTC] PHP Fatal error:  Uncaught ArgumentCountError: Too few arguments to function WP_Widget::__construct(), 0 passed in /wordpress/wp-includes/class-wp-widget-factory.php on line 62 and at least 2 expected in /wordpress/wp-includes/class-wp-widget.php:163
Stack trace:
#0 /wordpress/wp-includes/class-wp-widget-factory.php(62): WP_Widget->__construct()
#1 /wordpress/wp-includes/widgets.php(123): WP_Widget_Factory->register('fbfull_activity...')
#2 /wordpress/wp-content/plugins/facebook-wp/fbfull.php(844): register_widget('fbfull_activity...')
#3 /wordpress/wp-includes/class-wp-hook.php(324): fbfull_register_widgets('')
#4 /wordpress/wp-includes/class-wp-hook.php(348): WP_Hook->apply_filters(NULL, Array)
#5 /wordpress/wp-includes/plugin.php(517): WP_Hook->do_action(Array)
#6 /wordpress/wp-includes/widgets.php(1870): do_action('widgets_init')
#7 /wordpress/wp-includes/class-wp-hook.php(324): wp_widgets_init('')
#8 /wordpress/wp-includes/class-wp-hook.php(348): WP_Hook->apply_filters(NULL, Array)
#9 /wordpress/wp-includes/plugin.php(517): WP_Hook->do_action(Array)
#10 /wordpress/wp-settings.php(727): do_action('init')
#11 /wordpress/wp-config.php(102): require_once('/wordpress/wp-s...')
#12 /wordpress/wp-load.php(50): require_once('/wordpress/wp-c...')
#13 /internal/eval.php(3): require_once('/wordpress/wp-l...')
#14 {main}
  thrown in /wordpress/wp-includes/class-wp-widget.php on line 163
[17-Apr-2025 06:58:20 UTC] PHP Fatal error:  Uncaught ArgumentCountError: Too few arguments to function WP_Widget::__construct(), 0 passed in /wordpress/wp-includes/class-wp-widget-factory.php on line 62 and at least 2 expected in /wordpress/wp-includes/class-wp-widget.php:163
Stack trace:
#0 /wordpress/wp-includes/class-wp-widget-factory.php(62): WP_Widget->__construct()
#1 /wordpress/wp-includes/widgets.php(123): WP_Widget_Factory->register('fbfull_activity...')
#2 /wordpress/wp-content/plugins/facebook-wp/fbfull.php(844): register_widget('fbfull_activity...')
#3 /wordpress/wp-includes/class-wp-hook.php(324): fbfull_register_widgets('')
#4 /wordpress/wp-includes/class-wp-hook.php(348): WP_Hook->apply_filters(NULL, Array)
#5 /wordpress/wp-includes/plugin.php(517): WP_Hook->do_action(Array)
#6 /wordpress/wp-includes/widgets.php(1870): do_action('widgets_init')
#7 /wordpress/wp-includes/class-wp-hook.php(324): wp_widgets_init('')
#8 /wordpress/wp-includes/class-wp-hook.php(348): WP_Hook->apply_filters(NULL, Array)
#9 /wordpress/wp-includes/plugin.php(517): WP_Hook->do_action(Array)
#10 /wordpress/wp-settings.php(727): do_action('init')
#11 /wordpress/wp-config.php(102): require_once('/wordpress/wp-s...')
#12 /wordpress/wp-load.php(50): require_once('/wordpress/wp-c...')
#13 /internal/eval.php(3): require_once('/wordpress/wp-l...')
#14 {main}
  thrown in /wordpress/wp-includes/class-wp-widget.php on line 163
[17-Apr-2025 06:58:29 UTC] WordPress database error <div style="clear:both">&nbsp;</div>
<div class="queries" style="clear:both;margin-bottom:2px;border:red dotted thin;">
<p>MySQL query:</p>
<p>SELECT * FROM wp_fastflow_settings WHERE settings_for='Aweber'</p>
<p>Queries made or created this session were:</p>
<ol>
<li>Executing: BEGIN | (no parameters)</li>
<li>Executing: SELECT * FROM `wp_fastflow_settings` WHERE `settings_for` = 'Aweber' | (no parameters)</li>
<li>Executing: ROLLBACK | (no parameters)</li>
</ol>
</div>
<div style="clear:both;margin-bottom:2px;border:red dotted thin;" class="error_message" style="border-bottom:dotted blue thin;">
SQLSTATE[HY000]: General error: 1 no such table: wp_fastflow_settings
</div>
<p>Backtrace:</p>
<pre>#0 /internal/shared/sqlite-database-integration/wp-includes/sqlite-ast/class-wp-sqlite-driver.php(690): WP_SQLite_Driver->new_driver_exception('SQLSTATE[HY000]...', 0, Object(PDOException))
#1 /internal/shared/sqlite-database-integration/wp-includes/sqlite/class-wp-sqlite-db.php(472): WP_SQLite_Driver->query('SELECT * FROM w...')
#2 /internal/shared/sqlite-database-integration/wp-includes/sqlite/class-wp-sqlite-db.php(413): WP_SQLite_DB->_do_query('SELECT * FROM w...')
#3 /wordpress/wp-includes/class-wpdb.php(3146): WP_SQLite_DB->query('SELECT * FROM w...')
#4 /wordpress/wp-content/plugins/fast-aweber/fast-aweber.php(187): wpdb->get_results('SELECT * FROM w...')
#5 /wordpress/wp-content/plugins/fast-aweber/fast-aweber.php(107): FastAweber->fast_aweber_settings_db('Aweber')
#6 /wordpress/wp-content/plugins/fast-aweber/fast-aweber.php(40): FastAweber->fast_aweber_tokens()
#7 /wordpress/wp-content/plugins/fast-aweber/fast-aweber.php(502): FastAweber->__construct()
#8 /wordpress/wp-admin/includes/plugin.php(2387): include_once('/wordpress/wp-c...')
#9 /wordpress/wp-admin/includes/plugin.php(673): plugin_sandbox_scrape('fast-aweber/fas...')
#10 /internal/eval.php(20): activate_plugin('fast-aweber/fas...')
#11 {main}</pre>
 for query SELECT * FROM wp_fastflow_settings WHERE settings_for='Aweber' made by activate_plugin, plugin_sandbox_scrape, include_once('/plugins/fast-aweber/fast-aweber.php'), FastAweber->__construct, FastAweber->fast_aweber_tokens, FastAweber->fast_aweber_settings_db, WP_SQLite_DB->query, WP_SQLite_DB->print_error
[17-Apr-2025 06:58:30 UTC] WordPress database error <div style="clear:both">&nbsp;</div>
<div class="queries" style="clear:both;margin-bottom:2px;border:red dotted thin;">
<p>MySQL query:</p>
<p>SELECT * FROM wp_fastflow_settings WHERE settings_for='Aweber'</p>
<p>Queries made or created this session were:</p>
<ol>
<li>Executing: BEGIN | (no parameters)</li>
<li>Executing: SELECT * FROM `wp_fastflow_settings` WHERE `settings_for` = 'Aweber' | (no parameters)</li>
<li>Executing: ROLLBACK | (no parameters)</li>
</ol>
</div>
<div style="clear:both;margin-bottom:2px;border:red dotted thin;" class="error_message" style="border-bottom:dotted blue thin;">
SQLSTATE[HY000]: General error: 1 no such table: wp_fastflow_settings
</div>
<p>Backtrace:</p>
<pre>#0 /internal/shared/sqlite-database-integration/wp-includes/sqlite-ast/class-wp-sqlite-driver.php(690): WP_SQLite_Driver->new_driver_exception('SQLSTATE[HY000]...', 0, Object(PDOException))
#1 /internal/shared/sqlite-database-integration/wp-includes/sqlite/class-wp-sqlite-db.php(472): WP_SQLite_Driver->query('SELECT * FROM w...')
#2 /internal/shared/sqlite-database-integration/wp-includes/sqlite/class-wp-sqlite-db.php(413): WP_SQLite_DB->_do_query('SELECT * FROM w...')
#3 /wordpress/wp-includes/class-wpdb.php(3146): WP_SQLite_DB->query('SELECT * FROM w...')
#4 /wordpress/wp-content/plugins/fast-aweber/fast-aweber.php(187): wpdb->get_results('SELECT * FROM w...')
#5 /wordpress/wp-content/plugins/fast-aweber/fast-aweber.php(107): FastAweber->fast_aweber_settings_db('Aweber')
#6 /wordpress/wp-content/plugins/fast-aweber/fast-aweber.php(40): FastAweber->fast_aweber_tokens()
#7 /wordpress/wp-content/plugins/fast-aweber/fast-aweber.php(502): FastAweber->__construct()
#8 /wordpress/wp-settings.php(545): include_once('/wordpress/wp-c...')
#9 /wordpress/wp-config.php(102): require_once('/wordpress/wp-s...')
#10 /wordpress/wp-load.php(50): require_once('/wordpress/wp-c...')
#11 /internal/eval.php(3): require_once('/wordpress/wp-l...')
#12 {main}</pre>
 for query SELECT * FROM wp_fastflow_settings WHERE settings_for='Aweber' made by require_once('wp-load.php'), require_once('wp-config.php'), require_once('wp-settings.php'), include_once('/plugins/fast-aweber/fast-aweber.php'), FastAweber->__construct, FastAweber->fast_aweber_tokens, FastAweber->fast_aweber_settings_db, WP_SQLite_DB->query, WP_SQLite_DB->print_error
[17-Apr-2025 06:58:38 UTC] WordPress database error <div style="clear:both">&nbsp;</div>
<div class="queries" style="clear:both;margin-bottom:2px;border:red dotted thin;">
<p>MySQL query:</p>
<p>SELECT * FROM wp_fastflow_settings WHERE settings_for='Aweber'</p>
<p>Queries made or created this session were:</p>
<ol>
<li>Executing: BEGIN | (no parameters)</li>
<li>Executing: SELECT * FROM wp_fastflow_settings WHERE settings_for=:param0  | parameters: Aweber</li>
<li>Executing: ROLLBACK | (no parameters)</li>
</ol>
</div>
<div style="clear:both;margin-bottom:2px;border:red dotted thin;" class="error_message" style="border-bottom:dotted blue thin;">
Error occurred at line 4117 in Function <code>handle_error</code>. Error message was: SQLSTATE[HY000]: General error: 1 no such table: wp_fastflow_settings.
</div>
<p>Backtrace:</p>
<pre>#0 /internal/shared/sqlite-database-integration/wp-includes/sqlite/class-wp-sqlite-db.php(287): WP_SQLite_Translator->get_error_message()
#1 /wordpress/wp-includes/class-wpdb.php(3146): WP_SQLite_DB->query('SELECT * FROM w...')
#2 /wordpress/wp-content/plugins/fast-aweber/fast-aweber.php(187): wpdb->get_results('SELECT * FROM w...')
#3 /wordpress/wp-content/plugins/fast-aweber/fast-aweber.php(107): FastAweber->fast_aweber_settings_db('Aweber')
#4 /wordpress/wp-content/plugins/fast-aweber/fast-aweber.php(40): FastAweber->fast_aweber_tokens()
#5 /wordpress/wp-content/plugins/fast-aweber/fast-aweber.php(502): FastAweber->__construct()
#6 /wordpress/wp-admin/includes/plugin.php(2387): include_once('/wordpress/wp-c...')
#7 /wordpress/wp-admin/includes/plugin.php(673): plugin_sandbox_scrape('fast-aweber/fas...')
#8 /internal/eval.php(20): activate_plugin('fast-aweber/fas...')
#9 {main}</pre>
 for query SELECT * FROM wp_fastflow_settings WHERE settings_for='Aweber' made by activate_plugin, plugin_sandbox_scrape, include_once('/plugins/fast-aweber/fast-aweber.php'), FastAweber->__construct, FastAweber->fast_aweber_tokens, FastAweber->fast_aweber_settings_db, WP_SQLite_DB->query, WP_SQLite_DB->print_error
[17-Apr-2025 06:58:38 UTC] WordPress database error <div style="clear:both">&nbsp;</div>
<div class="queries" style="clear:both;margin-bottom:2px;border:red dotted thin;">
<p>MySQL query:</p>
<p>SELECT * FROM wp_fastflow_settings WHERE settings_for='Aweber'</p>
<p>Queries made or created this session were:</p>
<ol>
<li>Executing: BEGIN | (no parameters)</li>
<li>Executing: SELECT * FROM wp_fastflow_settings WHERE settings_for=:param0  | parameters: Aweber</li>
<li>Executing: ROLLBACK | (no parameters)</li>
</ol>
</div>
<div style="clear:both;margin-bottom:2px;border:red dotted thin;" class="error_message" style="border-bottom:dotted blue thin;">
Error occurred at line 4117 in Function <code>handle_error</code>. Error message was: SQLSTATE[HY000]: General error: 1 no such table: wp_fastflow_settings.
</div>
<p>Backtrace:</p>
<pre>#0 /internal/shared/sqlite-database-integration/wp-includes/sqlite/class-wp-sqlite-db.php(287): WP_SQLite_Translator->get_error_message()
#1 /wordpress/wp-includes/class-wpdb.php(3146): WP_SQLite_DB->query('SELECT * FROM w...')
#2 /wordpress/wp-content/plugins/fast-aweber/fast-aweber.php(187): wpdb->get_results('SELECT * FROM w...')
#3 /wordpress/wp-content/plugins/fast-aweber/fast-aweber.php(107): FastAweber->fast_aweber_settings_db('Aweber')
#4 /wordpress/wp-content/plugins/fast-aweber/fast-aweber.php(40): FastAweber->fast_aweber_tokens()
#5 /wordpress/wp-content/plugins/fast-aweber/fast-aweber.php(502): FastAweber->__construct()
#6 /wordpress/wp-settings.php(545): include_once('/wordpress/wp-c...')
#7 /wordpress/wp-config.php(102): require_once('/wordpress/wp-s...')
#8 /wordpress/wp-load.php(50): require_once('/wordpress/wp-c...')
#9 /internal/eval.php(3): require_once('/wordpress/wp-l...')
#10 {main}</pre>
 for query SELECT * FROM wp_fastflow_settings WHERE settings_for='Aweber' made by require_once('wp-load.php'), require_once('wp-config.php'), require_once('wp-settings.php'), include_once('/plugins/fast-aweber/fast-aweber.php'), FastAweber->__construct, FastAweber->fast_aweber_tokens, FastAweber->fast_aweber_settings_db, WP_SQLite_DB->query, WP_SQLite_DB->print_error
[17-Apr-2025 06:58:46 UTC] WordPress database error <div style="clear:both">&nbsp;</div>
<div class="queries" style="clear:both;margin-bottom:2px;border:red dotted thin;">
<p>MySQL query:</p>
<p>SELECT * FROM wp_fastflow_settings WHERE settings_for='Aweber'</p>
<p>Queries made or created this session were:</p>
<ol>
<li>Executing: BEGIN | (no parameters)</li>
<li>Executing: SELECT * FROM wp_fastflow_settings WHERE settings_for=:param0  | parameters: Aweber</li>
<li>Executing: ROLLBACK | (no parameters)</li>
</ol>
</div>
<div style="clear:both;margin-bottom:2px;border:red dotted thin;" class="error_message" style="border-bottom:dotted blue thin;">
Error occurred at line 4117 in Function <code>handle_error</code>. Error message was: SQLSTATE[HY000]: General error: 1 no such table: wp_fastflow_settings.
</div>
<p>Backtrace:</p>
<pre>#0 /internal/shared/sqlite-database-integration/wp-includes/sqlite/class-wp-sqlite-db.php(287): WP_SQLite_Translator->get_error_message()
#1 /wordpress/wp-includes/class-wpdb.php(3146): WP_SQLite_DB->query('SELECT * FROM w...')
#2 /wordpress/wp-content/plugins/fast-aweber/fast-aweber.php(187): wpdb->get_results('SELECT * FROM w...')
#3 /wordpress/wp-content/plugins/fast-aweber/fast-aweber.php(107): FastAweber->fast_aweber_settings_db('Aweber')
#4 /wordpress/wp-content/plugins/fast-aweber/fast-aweber.php(40): FastAweber->fast_aweber_tokens()
#5 /wordpress/wp-content/plugins/fast-aweber/fast-aweber.php(502): FastAweber->__construct()
#6 /wordpress/wp-admin/includes/plugin.php(2387): include_once('/wordpress/wp-c...')
#7 /wordpress/wp-admin/includes/plugin.php(673): plugin_sandbox_scrape('fast-aweber/fas...')
#8 /internal/eval.php(20): activate_plugin('fast-aweber/fas...')
#9 {main}</pre>
 for query SELECT * FROM wp_fastflow_settings WHERE settings_for='Aweber' made by activate_plugin, plugin_sandbox_scrape, include_once('/plugins/fast-aweber/fast-aweber.php'), FastAweber->__construct, FastAweber->fast_aweber_tokens, FastAweber->fast_aweber_settings_db, WP_SQLite_DB->query, WP_SQLite_DB->print_error
[17-Apr-2025 06:58:46 UTC] WordPress database error <div style="clear:both">&nbsp;</div>
<div class="queries" style="clear:both;margin-bottom:2px;border:red dotted thin;">
<p>MySQL query:</p>
<p>SELECT * FROM wp_fastflow_settings WHERE settings_for='Aweber'</p>
<p>Queries made or created this session were:</p>
<ol>
<li>Executing: BEGIN | (no parameters)</li>
<li>Executing: SELECT * FROM wp_fastflow_settings WHERE settings_for=:param0  | parameters: Aweber</li>
<li>Executing: ROLLBACK | (no parameters)</li>
</ol>
</div>
<div style="clear:both;margin-bottom:2px;border:red dotted thin;" class="error_message" style="border-bottom:dotted blue thin;">
Error occurred at line 4117 in Function <code>handle_error</code>. Error message was: SQLSTATE[HY000]: General error: 1 no such table: wp_fastflow_settings.
</div>
<p>Backtrace:</p>
<pre>#0 /internal/shared/sqlite-database-integration/wp-includes/sqlite/class-wp-sqlite-db.php(287): WP_SQLite_Translator->get_error_message()
#1 /wordpress/wp-includes/class-wpdb.php(3146): WP_SQLite_DB->query('SELECT * FROM w...')
#2 /wordpress/wp-content/plugins/fast-aweber/fast-aweber.php(187): wpdb->get_results('SELECT * FROM w...')
#3 /wordpress/wp-content/plugins/fast-aweber/fast-aweber.php(107): FastAweber->fast_aweber_settings_db('Aweber')
#4 /wordpress/wp-content/plugins/fast-aweber/fast-aweber.php(40): FastAweber->fast_aweber_tokens()
#5 /wordpress/wp-content/plugins/fast-aweber/fast-aweber.php(502): FastAweber->__construct()
#6 /wordpress/wp-settings.php(545): include_once('/wordpress/wp-c...')
#7 /wordpress/wp-config.php(102): require_once('/wordpress/wp-s...')
#8 /wordpress/wp-load.php(50): require_once('/wordpress/wp-c...')
#9 /internal/eval.php(3): require_once('/wordpress/wp-l...')
#10 {main}</pre>
 for query SELECT * FROM wp_fastflow_settings WHERE settings_for='Aweber' made by require_once('wp-load.php'), require_once('wp-config.php'), require_once('wp-settings.php'), include_once('/plugins/fast-aweber/fast-aweber.php'), FastAweber->__construct, FastAweber->fast_aweber_tokens, FastAweber->fast_aweber_settings_db, WP_SQLite_DB->query, WP_SQLite_DB->print_error
[17-Apr-2025 07:01:03 UTC] PHP Warning:  Undefined array key "REMOTE_ADDR" in /wordpress/wp-content/plugins/finch/finch.php on line 23
[17-Apr-2025 07:01:03 UTC] PHP Warning:  Undefined array key "REMOTE_ADDR" in /wordpress/wp-content/plugins/finch/finch.php on line 23
[17-Apr-2025 07:01:04 UTC] Exception: cURL error 35: OpenSSL SSL_connect: SSL_ERROR_SYSCALL in connection to api.finch.io:443  in /wordpress/wp-content/plugins/finch/api/finch_api_client.class.php:73
Stack trace:
#0 /wordpress/wp-content/plugins/finch/api/finch_api_client.class.php(208): FinchApiClient->get('/config/snippet')
#1 /wordpress/wp-content/plugins/finch/classes/finch.class.php(104): FinchApiClient->getSnippetData()
#2 /wordpress/wp-includes/class-wp-hook.php(324): Finch->finchInit('')
#3 /wordpress/wp-includes/class-wp-hook.php(348): WP_Hook->apply_filters(NULL, Array)
#4 /wordpress/wp-includes/plugin.php(517): WP_Hook->do_action(Array)
#5 /wordpress/wp-settings.php(727): do_action('init')
#6 /wordpress/wp-config.php(102): require_once('/wordpress/wp-s...')
#7 /wordpress/wp-load.php(50): require_once('/wordpress/wp-c...')
#8 /internal/eval.php(3): require_once('/wordpress/wp-l...')
#9 {main}
[17-Apr-2025 07:01:04 UTC] PHP Warning:  Attempt to read property "version" on bool in /wordpress/wp-content/plugins/finch/classes/finch.class.php on line 106
[17-Apr-2025 07:01:04 UTC] PHP Warning:  Attempt to read property "version" on bool in /wordpress/wp-content/plugins/finch/classes/finch.class.php on line 107
[17-Apr-2025 07:01:04 UTC] PHP Warning:  Attempt to read property "version" on bool in /wordpress/wp-content/plugins/finch/classes/finch.class.php on line 108
[17-Apr-2025 07:01:11 UTC] PHP Warning:  Undefined array key "REMOTE_ADDR" in /wordpress/wp-content/plugins/finch/finch.php on line 23
[17-Apr-2025 07:01:13 UTC] PHP Warning:  Undefined array key "REMOTE_ADDR" in /wordpress/wp-content/plugins/finch/finch.php on line 23
[17-Apr-2025 07:01:13 UTC] Exception: cURL error 35: OpenSSL SSL_connect: SSL_ERROR_SYSCALL in connection to api.finch.io:443  in /wordpress/wp-content/plugins/finch/api/finch_api_client.class.php:73
Stack trace:
#0 /wordpress/wp-content/plugins/finch/api/finch_api_client.class.php(208): FinchApiClient->get('/config/snippet')
#1 /wordpress/wp-content/plugins/finch/classes/finch.class.php(104): FinchApiClient->getSnippetData()
#2 /wordpress/wp-includes/class-wp-hook.php(324): Finch->finchInit('')
#3 /wordpress/wp-includes/class-wp-hook.php(348): WP_Hook->apply_filters(NULL, Array)
#4 /wordpress/wp-includes/plugin.php(517): WP_Hook->do_action(Array)
#5 /wordpress/wp-settings.php(727): do_action('init')
#6 /wordpress/wp-config.php(102): require_once('/wordpress/wp-s...')
#7 /wordpress/wp-load.php(50): require_once('/wordpress/wp-c...')
#8 /internal/eval.php(3): require_once('/wordpress/wp-l...')
#9 {main}
[17-Apr-2025 07:01:13 UTC] PHP Warning:  Attempt to read property "version" on bool in /wordpress/wp-content/plugins/finch/classes/finch.class.php on line 106
[17-Apr-2025 07:01:13 UTC] PHP Warning:  Attempt to read property "version" on bool in /wordpress/wp-content/plugins/finch/classes/finch.class.php on line 107
[17-Apr-2025 07:01:13 UTC] PHP Warning:  Attempt to read property "version" on bool in /wordpress/wp-content/plugins/finch/classes/finch.class.php on line 108
[17-Apr-2025 07:01:21 UTC] PHP Warning:  Undefined array key "REMOTE_ADDR" in /wordpress/wp-content/plugins/finch/finch.php on line 23
[17-Apr-2025 07:01:22 UTC] PHP Warning:  Undefined array key "REMOTE_ADDR" in /wordpress/wp-content/plugins/finch/finch.php on line 23
[17-Apr-2025 07:01:22 UTC] Exception: cURL error 35: OpenSSL SSL_connect: SSL_ERROR_SYSCALL in connection to api.finch.io:443  in /wordpress/wp-content/plugins/finch/api/finch_api_client.class.php:73
Stack trace:
#0 /wordpress/wp-content/plugins/finch/api/finch_api_client.class.php(208): FinchApiClient->get('/config/snippet')
#1 /wordpress/wp-content/plugins/finch/classes/finch.class.php(104): FinchApiClient->getSnippetData()
#2 /wordpress/wp-includes/class-wp-hook.php(324): Finch->finchInit('')
#3 /wordpress/wp-includes/class-wp-hook.php(348): WP_Hook->apply_filters(NULL, Array)
#4 /wordpress/wp-includes/plugin.php(517): WP_Hook->do_action(Array)
#5 /wordpress/wp-settings.php(727): do_action('init')
#6 /wordpress/wp-config.php(102): require_once('/wordpress/wp-s...')
#7 /wordpress/wp-load.php(50): require_once('/wordpress/wp-c...')
#8 /internal/eval.php(3): require_once('/wordpress/wp-l...')
#9 {main}
[17-Apr-2025 07:01:22 UTC] PHP Warning:  Attempt to read property "version" on bool in /wordpress/wp-content/plugins/finch/classes/finch.class.php on line 106
[17-Apr-2025 07:01:22 UTC] PHP Warning:  Attempt to read property "version" on bool in /wordpress/wp-content/plugins/finch/classes/finch.class.php on line 107
[17-Apr-2025 07:01:22 UTC] PHP Warning:  Attempt to read property "version" on bool in /wordpress/wp-content/plugins/finch/classes/finch.class.php on line 108
[17-Apr-2025 07:01:33 UTC] PHP Notice:  Function _load_textdomain_just_in_time was called <strong>incorrectly</strong>. Translation loading for the <code>fix-alt-text</code> domain was triggered too early. This is usually an indicator for some code in the plugin or theme running too early. Translations should be loaded at the <code>init</code> action or later. Please see <a href="https://developer.wordpress.org/advanced-administration/debug/debug-wordpress/">Debugging in WordPress</a> for more information. (This message was added in version 6.7.0.) in /wordpress/wp-includes/functions.php on line 6121
[17-Apr-2025 07:01:42 UTC] WordPress database error <div style="clear:both">&nbsp;</div>
<div class="queries" style="clear:both;margin-bottom:2px;border:red dotted thin;">
<p>MySQL query:</p>
<p>CREATE TABLE IF NOT EXISTS `wp_fixalttext_images` (`id` bigint NOT NULL AUTO_INCREMENT,`from_post_id` bigint NOT NULL DEFAULT "0",`from_post_type` varchar(20) NOT NULL,`from_where` varchar(20) NOT NULL,`from_where_key` varchar(255) NOT NULL,`image_index` smallint NULL,`image_url` text NULL DEFAULT "",`image_alt_text` text NULL,`image_ext` varchar(20) NULL,`image_issues` varchar(100) NULL,PRIMARY KEY `id`(`id`),KEY `from_post_id`(`from_post_id`),KEY `from_post_type`(`from_post_type`),KEY `from_where`(`from_where`),KEY `image_ext`(`image_ext`),KEY `image_issues`(`image_issues`)) ENGINE=InnoDB DEFAULT CHARACTER SET utf8mb4</p>
<p>Queries made or created this session were:</p>
<ol>
<li>Executing: BEGIN | (no parameters)</li>
<li>Executing: ROLLBACK | (no parameters)</li>
</ol>
</div>
<div style="clear:both;margin-bottom:2px;border:red dotted thin;" class="error_message" style="border-bottom:dotted blue thin;">
Error occurred at line 4117 in Function <code>handle_error</code>. Error message was: Cannot combine AUTOINCREMENT and multiple primary keys in SQLite.
</div>
<p>Backtrace:</p>
<pre>#0 /internal/shared/sqlite-database-integration/wp-includes/sqlite/class-wp-sqlite-db.php(287): WP_SQLite_Translator->get_error_message()
#1 /wordpress/wp-content/plugins/fix-alt-text/library/_helpers-library/inc/Run_Library.php(105): WP_SQLite_DB->query('CREATE TABLE IF...')
#2 /wordpress/wp-content/plugins/fix-alt-text/library/_helpers-library/inc/Run_Library.php(144): FixAltText\HelpersLibrary\Run_Library::create_table(NULL)
#3 /wordpress/wp-content/plugins/fix-alt-text/inc/Plugin.php(177): FixAltText\HelpersLibrary\Run_Library::create_tables(Array)
#4 /wordpress/wp-content/plugins/fix-alt-text/inc/Plugin.php(146): FixAltText\Plugin::activate_blog()
#5 /wordpress/wp-includes/class-wp-hook.php(324): FixAltText\Plugin::enable_plugin(false)
#6 /wordpress/wp-includes/class-wp-hook.php(348): WP_Hook->apply_filters('', Array)
#7 /wordpress/wp-includes/plugin.php(517): WP_Hook->do_action(Array)
#8 /wordpress/wp-admin/includes/plugin.php(703): do_action('activate_fix-al...', false)
#9 /internal/eval.php(20): activate_plugin('fix-alt-text/fi...')
#10 {main}</pre>
 for query CREATE TABLE IF NOT EXISTS `wp_fixalttext_images` (`id` bigint NOT NULL AUTO_INCREMENT,`from_post_id` bigint NOT NULL DEFAULT "0",`from_post_type` varchar(20) NOT NULL,`from_where` varchar(20) NOT NULL,`from_where_key` varchar(255) NOT NULL,`image_index` smallint NULL,`image_url` text NULL DEFAULT "",`image_alt_text` text NULL,`image_ext` varchar(20) NULL,`image_issues` varchar(100) NULL,PRIMARY KEY `id`(`id`),KEY `from_post_id`(`from_post_id`),KEY `from_post_type`(`from_post_type`),KEY `from_where`(`from_where`),KEY `image_ext`(`image_ext`),KEY `image_issues`(`image_issues`)) ENGINE=InnoDB DEFAULT CHARACTER SET utf8mb4 made by activate_plugin, do_action('activate_fix-alt-text/fix-alt-text.php'), WP_Hook->do_action, WP_Hook->apply_filters, FixAltText\Plugin::enable_plugin, FixAltText\Plugin::activate_blog, FixAltText\HelpersLibrary\Run_Library::create_tables, FixAltText\HelpersLibrary\Run_Library::create_table, WP_SQLite_DB->query, WP_SQLite_DB->print_error
[17-Apr-2025 07:01:42 UTC] PHP Notice:  Function _load_textdomain_just_in_time was called <strong>incorrectly</strong>. Translation loading for the <code>fix-alt-text</code> domain was triggered too early. This is usually an indicator for some code in the plugin or theme running too early. Translations should be loaded at the <code>init</code> action or later. Please see <a href="https://developer.wordpress.org/advanced-administration/debug/debug-wordpress/">Debugging in WordPress</a> for more information. (This message was added in version 6.7.0.) in /wordpress/wp-includes/functions.php on line 6121
[17-Apr-2025 07:01:51 UTC] WordPress database error <div style="clear:both">&nbsp;</div>
<div class="queries" style="clear:both;margin-bottom:2px;border:red dotted thin;">
<p>MySQL query:</p>
<p>CREATE TABLE IF NOT EXISTS `wp_fixalttext_images` (`id` bigint NOT NULL AUTO_INCREMENT,`from_post_id` bigint NOT NULL DEFAULT "0",`from_post_type` varchar(20) NOT NULL,`from_where` varchar(20) NOT NULL,`from_where_key` varchar(255) NOT NULL,`image_index` smallint NULL,`image_url` text NULL DEFAULT "",`image_alt_text` text NULL,`image_ext` varchar(20) NULL,`image_issues` varchar(100) NULL,PRIMARY KEY `id`(`id`),KEY `from_post_id`(`from_post_id`),KEY `from_post_type`(`from_post_type`),KEY `from_where`(`from_where`),KEY `image_ext`(`image_ext`),KEY `image_issues`(`image_issues`)) ENGINE=InnoDB DEFAULT CHARACTER SET utf8mb4</p>
<p>Queries made or created this session were:</p>
<ol>
<li>Executing: BEGIN | (no parameters)</li>
<li>Executing: ROLLBACK | (no parameters)</li>
</ol>
</div>
<div style="clear:both;margin-bottom:2px;border:red dotted thin;" class="error_message" style="border-bottom:dotted blue thin;">
Error occurred at line 4117 in Function <code>handle_error</code>. Error message was: Cannot combine AUTOINCREMENT and multiple primary keys in SQLite.
</div>
<p>Backtrace:</p>
<pre>#0 /internal/shared/sqlite-database-integration/wp-includes/sqlite/class-wp-sqlite-db.php(287): WP_SQLite_Translator->get_error_message()
#1 /wordpress/wp-content/plugins/fix-alt-text/library/_helpers-library/inc/Run_Library.php(105): WP_SQLite_DB->query('CREATE TABLE IF...')
#2 /wordpress/wp-content/plugins/fix-alt-text/library/_helpers-library/inc/Run_Library.php(144): FixAltText\HelpersLibrary\Run_Library::create_table(NULL)
#3 /wordpress/wp-content/plugins/fix-alt-text/inc/Plugin.php(177): FixAltText\HelpersLibrary\Run_Library::create_tables(Array)
#4 /wordpress/wp-content/plugins/fix-alt-text/inc/Plugin.php(146): FixAltText\Plugin::activate_blog()
#5 /wordpress/wp-includes/class-wp-hook.php(324): FixAltText\Plugin::enable_plugin(false)
#6 /wordpress/wp-includes/class-wp-hook.php(348): WP_Hook->apply_filters('', Array)
#7 /wordpress/wp-includes/plugin.php(517): WP_Hook->do_action(Array)
#8 /wordpress/wp-admin/includes/plugin.php(703): do_action('activate_fix-al...', false)
#9 /internal/eval.php(20): activate_plugin('fix-alt-text/fi...')
#10 {main}</pre>
 for query CREATE TABLE IF NOT EXISTS `wp_fixalttext_images` (`id` bigint NOT NULL AUTO_INCREMENT,`from_post_id` bigint NOT NULL DEFAULT "0",`from_post_type` varchar(20) NOT NULL,`from_where` varchar(20) NOT NULL,`from_where_key` varchar(255) NOT NULL,`image_index` smallint NULL,`image_url` text NULL DEFAULT "",`image_alt_text` text NULL,`image_ext` varchar(20) NULL,`image_issues` varchar(100) NULL,PRIMARY KEY `id`(`id`),KEY `from_post_id`(`from_post_id`),KEY `from_post_type`(`from_post_type`),KEY `from_where`(`from_where`),KEY `image_ext`(`image_ext`),KEY `image_issues`(`image_issues`)) ENGINE=InnoDB DEFAULT CHARACTER SET utf8mb4 made by activate_plugin, do_action('activate_fix-alt-text/fix-alt-text.php'), WP_Hook->do_action, WP_Hook->apply_filters, FixAltText\Plugin::enable_plugin, FixAltText\Plugin::activate_blog, FixAltText\HelpersLibrary\Run_Library::create_tables, FixAltText\HelpersLibrary\Run_Library::create_table, WP_SQLite_DB->query, WP_SQLite_DB->print_error
[17-Apr-2025 07:01:52 UTC] PHP Notice:  Function _load_textdomain_just_in_time was called <strong>incorrectly</strong>. Translation loading for the <code>fix-alt-text</code> domain was triggered too early. This is usually an indicator for some code in the plugin or theme running too early. Translations should be loaded at the <code>init</code> action or later. Please see <a href="https://developer.wordpress.org/advanced-administration/debug/debug-wordpress/">Debugging in WordPress</a> for more information. (This message was added in version 6.7.0.) in /wordpress/wp-includes/functions.php on line 6121
[17-Apr-2025 07:04:33 UTC] PHP Deprecated:  Function register_sidebar_widget is <strong>deprecated</strong> since version 2.8.0! Use wp_register_sidebar_widget() instead. in /wordpress/wp-includes/functions.php on line 6121
[17-Apr-2025 07:04:33 UTC] PHP Deprecated:  Function register_widget_control is <strong>deprecated</strong> since version 2.8.0! Use wp_register_widget_control() instead. in /wordpress/wp-includes/functions.php on line 6121
[17-Apr-2025 07:04:40 UTC] WordPress database error <div style="clear:both">&nbsp;</div>
<div class="queries" style="clear:both;margin-bottom:2px;border:red dotted thin;">
<p>MySQL query:</p>
<p>CREATE TABLE IF NOT EXISTS `wp_seoqueries_terms_stats` (
			`id` SERIAL NOT NULL ,
			`stid` BIGINT NOT NULL ,
			`page_type` VARCHAR( 100 ) NOT NULL ,
			`page_id` INT NOT NULL ,
			`position` INT NULL ,
			`date_clicked` INT NOT NULL
			) ENGINE = MYISAM ;
				</p>
<p>Queries made or created this session were:</p>
<ol>
<li>Executing: BEGIN | (no parameters)</li>
<li>Executing: ROLLBACK | (no parameters)</li>
</ol>
</div>
<div style="clear:both;margin-bottom:2px;border:red dotted thin;" class="error_message" style="border-bottom:dotted blue thin;">
Error occurred at line 4117 in Function <code>handle_error</code>. Error message was: MySQL field type cannot be translated to SQLite: serial.
</div>
<p>Backtrace:</p>
<pre>#0 /internal/shared/sqlite-database-integration/wp-includes/sqlite/class-wp-sqlite-db.php(287): WP_SQLite_Translator->get_error_message()
#1 /wordpress/wp-content/plugins/fuzzy-seo-booster/seoqueries.php(57): WP_SQLite_DB->query('CREATE TABLE IF...')
#2 /wordpress/wp-includes/class-wp-hook.php(324): seoqueries_install(false)
#3 /wordpress/wp-includes/class-wp-hook.php(348): WP_Hook->apply_filters('', Array)
#4 /wordpress/wp-includes/plugin.php(517): WP_Hook->do_action(Array)
#5 /wordpress/wp-admin/includes/plugin.php(703): do_action('activate_fuzzy-...', false)
#6 /internal/eval.php(20): activate_plugin('fuzzy-seo-boost...')
#7 {main}</pre>
 for query CREATE TABLE IF NOT EXISTS `wp_seoqueries_terms_stats` (
			`id` SERIAL NOT NULL ,
			`stid` BIGINT NOT NULL ,
			`page_type` VARCHAR( 100 ) NOT NULL ,
			`page_id` INT NOT NULL ,
			`position` INT NULL ,
			`date_clicked` INT NOT NULL
			) ENGINE = MYISAM ;
				 made by activate_plugin, do_action('activate_fuzzy-seo-booster/seoqueries.php'), WP_Hook->do_action, WP_Hook->apply_filters, seoqueries_install, WP_SQLite_DB->query, WP_SQLite_DB->print_error
[17-Apr-2025 07:04:41 UTC] PHP Deprecated:  Function register_sidebar_widget is <strong>deprecated</strong> since version 2.8.0! Use wp_register_sidebar_widget() instead. in /wordpress/wp-includes/functions.php on line 6121
[17-Apr-2025 07:04:41 UTC] PHP Deprecated:  Function register_widget_control is <strong>deprecated</strong> since version 2.8.0! Use wp_register_widget_control() instead. in /wordpress/wp-includes/functions.php on line 6121
[17-Apr-2025 07:04:49 UTC] WordPress database error <div style="clear:both">&nbsp;</div>
<div class="queries" style="clear:both;margin-bottom:2px;border:red dotted thin;">
<p>MySQL query:</p>
<p>CREATE TABLE IF NOT EXISTS `wp_seoqueries_terms_stats` (
			`id` SERIAL NOT NULL ,
			`stid` BIGINT NOT NULL ,
			`page_type` VARCHAR( 100 ) NOT NULL ,
			`page_id` INT NOT NULL ,
			`position` INT NULL ,
			`date_clicked` INT NOT NULL
			) ENGINE = MYISAM ;
				</p>
<p>Queries made or created this session were:</p>
<ol>
<li>Executing: BEGIN | (no parameters)</li>
<li>Executing: ROLLBACK | (no parameters)</li>
</ol>
</div>
<div style="clear:both;margin-bottom:2px;border:red dotted thin;" class="error_message" style="border-bottom:dotted blue thin;">
Error occurred at line 4117 in Function <code>handle_error</code>. Error message was: MySQL field type cannot be translated to SQLite: serial.
</div>
<p>Backtrace:</p>
<pre>#0 /internal/shared/sqlite-database-integration/wp-includes/sqlite/class-wp-sqlite-db.php(287): WP_SQLite_Translator->get_error_message()
#1 /wordpress/wp-content/plugins/fuzzy-seo-booster/seoqueries.php(57): WP_SQLite_DB->query('CREATE TABLE IF...')
#2 /wordpress/wp-includes/class-wp-hook.php(324): seoqueries_install(false)
#3 /wordpress/wp-includes/class-wp-hook.php(348): WP_Hook->apply_filters('', Array)
#4 /wordpress/wp-includes/plugin.php(517): WP_Hook->do_action(Array)
#5 /wordpress/wp-admin/includes/plugin.php(703): do_action('activate_fuzzy-...', false)
#6 /internal/eval.php(20): activate_plugin('fuzzy-seo-boost...')
#7 {main}</pre>
 for query CREATE TABLE IF NOT EXISTS `wp_seoqueries_terms_stats` (
			`id` SERIAL NOT NULL ,
			`stid` BIGINT NOT NULL ,
			`page_type` VARCHAR( 100 ) NOT NULL ,
			`page_id` INT NOT NULL ,
			`position` INT NULL ,
			`date_clicked` INT NOT NULL
			) ENGINE = MYISAM ;
				 made by activate_plugin, do_action('activate_fuzzy-seo-booster/seoqueries.php'), WP_Hook->do_action, WP_Hook->apply_filters, seoqueries_install, WP_SQLite_DB->query, WP_SQLite_DB->print_error
[17-Apr-2025 07:04:49 UTC] PHP Deprecated:  Function register_sidebar_widget is <strong>deprecated</strong> since version 2.8.0! Use wp_register_sidebar_widget() instead. in /wordpress/wp-includes/functions.php on line 6121
[17-Apr-2025 07:04:49 UTC] PHP Deprecated:  Function register_widget_control is <strong>deprecated</strong> since version 2.8.0! Use wp_register_widget_control() instead. in /wordpress/wp-includes/functions.php on line 6121
[17-Apr-2025 07:05:24 UTC] PHP Fatal error:  Uncaught Error: Call to undefined function create_function() in /wordpress/wp-content/plugins/flickr-api/flickr.php:1100
Stack trace:
#0 /wordpress/wp-admin/includes/plugin.php(2387): include_once()
#1 /wordpress/wp-admin/includes/plugin.php(673): plugin_sandbox_scrape('flickr-api/flic...')
#2 /internal/eval.php(20): activate_plugin('flickr-api/flic...')
#3 {main}
  thrown in /wordpress/wp-content/plugins/flickr-api/flickr.php on line 1100
[17-Apr-2025 07:05:33 UTC] PHP Fatal error:  Uncaught Error: Call to undefined function create_function() in /wordpress/wp-content/plugins/flickr-api/flickr.php:1100
Stack trace:
#0 /wordpress/wp-admin/includes/plugin.php(2387): include_once()
#1 /wordpress/wp-admin/includes/plugin.php(673): plugin_sandbox_scrape('flickr-api/flic...')
#2 /internal/eval.php(20): activate_plugin('flickr-api/flic...')
#3 {main}
  thrown in /wordpress/wp-content/plugins/flickr-api/flickr.php on line 1100
[17-Apr-2025 07:05:42 UTC] PHP Fatal error:  Uncaught Error: Call to undefined function create_function() in /wordpress/wp-content/plugins/flickr-api/flickr.php:1100
Stack trace:
#0 /wordpress/wp-admin/includes/plugin.php(2387): include_once()
#1 /wordpress/wp-admin/includes/plugin.php(673): plugin_sandbox_scrape('flickr-api/flic...')
#2 /internal/eval.php(20): activate_plugin('flickr-api/flic...')
#3 {main}
  thrown in /wordpress/wp-content/plugins/flickr-api/flickr.php on line 1100

    at Object.onBind (file:///home/runner/work/playground-tester/playground-tester/node_modules/@wp-playground/cli/index.js:237:15)
    at process.processTicksAndRejections (node:internal/process/task_queues:105:5)
    at async V (file:///home/runner/work/playground-tester/playground-tester/node_modules/@wp-playground/cli/index.js:64:10)
    at async ja (file:///home/runner/work/playground-tester/playground-tester/node_modules/@wp-playground/cli/cli.js:8161:12) {
  [cause]: Error: Error when executing the blueprint step #1 ({"step":"installPlugin","pluginData":{"resource":"wordpress.org/plugins","slug":"flickr-api"},"options":{"activate":true}}) : PHP.run() failed with exit code 255 and the following output: 
      at Object.run (file:///home/runner/work/playground-tester/playground-tester/node_modules/@wp-playground/blueprints/index.js:12449:19)
      at process.processTicksAndRejections (node:internal/process/task_queues:105:5)
      at async ms (file:///home/runner/work/playground-tester/playground-tester/node_modules/@wp-playground/blueprints/index.js:12552:3)
      ... 2 lines matching cause stack trace ...
      at async ja (file:///home/runner/work/playground-tester/playground-tester/node_modules/@wp-playground/cli/cli.js:8161:12) {
    [cause]: PHPExecutionFailureError: PHP.run() failed with exit code 255 and the following output: 
        at PHP.run (file:///home/runner/work/playground-tester/playground-tester/node_modules/@php-wasm/universal/index.js:987:19)
        at process.processTicksAndRejections (node:internal/process/task_queues:105:5)
        at async wr (file:///home/runner/work/playground-tester/playground-tester/node_modules/@wp-playground/blueprints/index.js:33:39)
        at async Object.gt [as installPlugin] (file:///home/runner/work/playground-tester/playground-tester/node_modules/@wp-playground/blueprints/index.js:974:42)
        at async g (file:///home/runner/work/playground-tester/playground-tester/node_modules/@wp-playground/blueprints/index.js:12517:30)
        at async Object.run (file:///home/runner/work/playground-tester/playground-tester/node_modules/@wp-playground/blueprints/index.js:12446:23)
        at async ms (file:///home/runner/work/playground-tester/playground-tester/node_modules/@wp-playground/blueprints/index.js:12552:3)
        at async Object.onBind (file:///home/runner/work/playground-tester/playground-tester/node_modules/@wp-playground/cli/index.js:227:48)
        at async V (file:///home/runner/work/playground-tester/playground-tester/node_modules/@wp-playground/cli/index.js:64:10)
        at async ja (file:///home/runner/work/playground-tester/playground-tester/node_modules/@wp-playground/cli/cli.js:8161:12) {
      response: PHPResponse {
        httpStatusCode: 500,
        headers: {
          'x-powered-by': [ 'PHP/8.0.30-dev' ],
          'content-type': [ 'text/html; charset=UTF-8' ]
        },
        bytes: Uint8Array(0) [],
        exitCode: 255,
        errors: ''
      },
      source: 'request'
    }
  }
}

Node.js v23.11.0
