[
{"message":"file:///home/runner/work/playground-tester/playground-tester/node_modules/@wp-playground/cli/index.js:237\n        throw new Error(y, { cause: u });\n              ^\n","level":"FATAL","type":"PLAYGROUND","test":"jspi-boot","plugin":"cwx-project","details":"file:///home/runner/work/playground-tester/playground-tester/node_modules/@wp-playground/cli/index.js:237\n        throw new Error(y, { cause: u });\n              ^\n","log":"/tmp/tmp.CAFE2tXXO0"}
,
{"message":"Uncaught Error: Class \"WC_Payment_Gateway\" not found in /wordpress/wp-content/plugins/capusta-woo-checkout-gateway/includes/class-wc-capusta-method.php:10","level":"FATAL","type":"PHP","test":"jspi-boot","plugin":"cwx-project","details":"[08-May-2025 04:02:44 UTC] PHP Fatal error:  Uncaught Error: Class \"WC_Payment_Gateway\" not found in /wordpress/wp-content/plugins/capusta-woo-checkout-gateway/includes/class-wc-capusta-method.php:10\nStack trace:\n#0 /wordpress/wp-content/plugins/capusta-woo-checkout-gateway/includes/class-wc-capusta.php(108): require_once()\n#1 /wordpress/wp-content/plugins/capusta-woo-checkout-gateway/includes/class-wc-capusta.php(75): WC_Capusta->init_includes()\n#2 /wordpress/wp-content/plugins/capusta-woo-checkout-gateway/includes/class-wc-capusta.php(92): WC_Capusta->__construct()\n#3 /wordpress/wp-content/plugins/capusta-woo-checkout-gateway/includes/functions-wc-capusta.php(12): WC_Capusta::instance()\n#4 /wordpress/wp-includes/class-wp-hook.php(324): WC_Capusta('')\n#5 /wordpress/wp-includes/class-wp-hook.php(348): WP_Hook->apply_filters(NULL, Array)\n#6 /wordpress/wp-includes/plugin.php(517): WP_Hook->do_action(Array)\n#7 /wordpress/wp-settings.php(578): do_action('plugins_loaded')\n#8 /wordpress/wp-config.php(102): require_once('/wordpress/wp-s...')\n#9 /wordpress/wp-load.php(50): require_once('/wordpress/wp-c...')\n#10 /internal/eval.php(3): require_once('/wordpress/wp-l...')\n#11 {main}\n  thrown in /wordpress/wp-content/plugins/capusta-woo-checkout-gateway/includes/class-wc-capusta-method.php on line 10","log":"/logs/plugins/c/cwx-project/error.json"}
,
{"message":"Uncaught Error: Class \"WC_Payment_Gateway\" not found in /wordpress/wp-content/plugins/capusta-woo-checkout-gateway/includes/class-wc-capusta-method.php:10","level":"FATAL","type":"PHP","test":"jspi-boot","plugin":"cwx-project","details":"[08-May-2025 04:02:54 UTC] PHP Fatal error:  Uncaught Error: Class \"WC_Payment_Gateway\" not found in /wordpress/wp-content/plugins/capusta-woo-checkout-gateway/includes/class-wc-capusta-method.php:10\nStack trace:\n#0 /wordpress/wp-content/plugins/capusta-woo-checkout-gateway/includes/class-wc-capusta.php(108): require_once()\n#1 /wordpress/wp-content/plugins/capusta-woo-checkout-gateway/includes/class-wc-capusta.php(75): WC_Capusta->init_includes()\n#2 /wordpress/wp-content/plugins/capusta-woo-checkout-gateway/includes/class-wc-capusta.php(92): WC_Capusta->__construct()\n#3 /wordpress/wp-content/plugins/capusta-woo-checkout-gateway/includes/functions-wc-capusta.php(12): WC_Capusta::instance()\n#4 /wordpress/wp-includes/class-wp-hook.php(324): WC_Capusta('')\n#5 /wordpress/wp-includes/class-wp-hook.php(348): WP_Hook->apply_filters(NULL, Array)\n#6 /wordpress/wp-includes/plugin.php(517): WP_Hook->do_action(Array)\n#7 /wordpress/wp-settings.php(578): do_action('plugins_loaded')\n#8 /wordpress/wp-config.php(102): require_once('/wordpress/wp-s...')\n#9 /wordpress/wp-load.php(50): require_once('/wordpress/wp-c...')\n#10 /internal/eval.php(3): require_once('/wordpress/wp-l...')\n#11 {main}\n  thrown in /wordpress/wp-content/plugins/capusta-woo-checkout-gateway/includes/class-wc-capusta-method.php on line 10","log":"/logs/plugins/c/cwx-project/error.json"}
,
{"message":"Uncaught Error: Class \"WC_Payment_Gateway\" not found in /wordpress/wp-content/plugins/capusta-woo-checkout-gateway/includes/class-wc-capusta-method.php:10","level":"FATAL","type":"PHP","test":"jspi-boot","plugin":"cwx-project","details":"[08-May-2025 04:03:04 UTC] PHP Fatal error:  Uncaught Error: Class \"WC_Payment_Gateway\" not found in /wordpress/wp-content/plugins/capusta-woo-checkout-gateway/includes/class-wc-capusta-method.php:10\nStack trace:\n#0 /wordpress/wp-content/plugins/capusta-woo-checkout-gateway/includes/class-wc-capusta.php(108): require_once()\n#1 /wordpress/wp-content/plugins/capusta-woo-checkout-gateway/includes/class-wc-capusta.php(75): WC_Capusta->init_includes()\n#2 /wordpress/wp-content/plugins/capusta-woo-checkout-gateway/includes/class-wc-capusta.php(92): WC_Capusta->__construct()\n#3 /wordpress/wp-content/plugins/capusta-woo-checkout-gateway/includes/functions-wc-capusta.php(12): WC_Capusta::instance()\n#4 /wordpress/wp-includes/class-wp-hook.php(324): WC_Capusta('')\n#5 /wordpress/wp-includes/class-wp-hook.php(348): WP_Hook->apply_filters(NULL, Array)\n#6 /wordpress/wp-includes/plugin.php(517): WP_Hook->do_action(Array)\n#7 /wordpress/wp-settings.php(578): do_action('plugins_loaded')\n#8 /wordpress/wp-config.php(102): require_once('/wordpress/wp-s...')\n#9 /wordpress/wp-load.php(50): require_once('/wordpress/wp-c...')\n#10 /internal/eval.php(3): require_once('/wordpress/wp-l...')\n#11 {main}\n  thrown in /wordpress/wp-content/plugins/capusta-woo-checkout-gateway/includes/class-wc-capusta-method.php on line 10","log":"/logs/plugins/c/cwx-project/error.json"}
,
{"message":"Uncaught Exception: No public or secret key given in /wordpress/wp-content/plugins/concursos-tap/public/class-concursos-tap.php:372","level":"FATAL","type":"PHP","test":"jspi-boot","plugin":"cwx-project","details":"[08-May-2025 04:07:48 UTC] PHP Fatal error:  Uncaught Exception: No public or secret key given in /wordpress/wp-content/plugins/concursos-tap/public/class-concursos-tap.php:372\nStack trace:\n#0 /wordpress/wp-content/plugins/concursos-tap/public/class-concursos-tap.php(327): Concursos_TAP->get_oauth_access_token()\n#1 /wordpress/wp-content/plugins/concursos-tap/public/class-concursos-tap.php(256): Concursos_TAP->remote_sync()\n#2 /wordpress/wp-content/plugins/concursos-tap/public/class-concursos-tap.php(161): Concursos_TAP::single_activate()\n#3 /wordpress/wp-includes/class-wp-hook.php(324): Concursos_TAP::activate(false)\n#4 /wordpress/wp-includes/class-wp-hook.php(348): WP_Hook->apply_filters('', Array)\n#5 /wordpress/wp-includes/plugin.php(517): WP_Hook->do_action(Array)\n#6 /wordpress/wp-admin/includes/plugin.php(703): do_action('activate_concur...', false)\n#7 /internal/eval.php(20): activate_plugin('concursos-tap/c...')\n#8 {main}\n  thrown in /wordpress/wp-content/plugins/concursos-tap/public/class-concursos-tap.php on line 372","log":"/logs/plugins/c/cwx-project/error.json"}
,
{"message":"Uncaught Exception: No public or secret key given in /wordpress/wp-content/plugins/concursos-tap/public/class-concursos-tap.php:372","level":"FATAL","type":"PHP","test":"jspi-boot","plugin":"cwx-project","details":"[08-May-2025 04:07:56 UTC] PHP Fatal error:  Uncaught Exception: No public or secret key given in /wordpress/wp-content/plugins/concursos-tap/public/class-concursos-tap.php:372\nStack trace:\n#0 /wordpress/wp-content/plugins/concursos-tap/public/class-concursos-tap.php(327): Concursos_TAP->get_oauth_access_token()\n#1 /wordpress/wp-content/plugins/concursos-tap/public/class-concursos-tap.php(256): Concursos_TAP->remote_sync()\n#2 /wordpress/wp-content/plugins/concursos-tap/public/class-concursos-tap.php(161): Concursos_TAP::single_activate()\n#3 /wordpress/wp-includes/class-wp-hook.php(324): Concursos_TAP::activate(false)\n#4 /wordpress/wp-includes/class-wp-hook.php(348): WP_Hook->apply_filters('', Array)\n#5 /wordpress/wp-includes/plugin.php(517): WP_Hook->do_action(Array)\n#6 /wordpress/wp-admin/includes/plugin.php(703): do_action('activate_concur...', false)\n#7 /internal/eval.php(20): activate_plugin('concursos-tap/c...')\n#8 {main}\n  thrown in /wordpress/wp-content/plugins/concursos-tap/public/class-concursos-tap.php on line 372","log":"/logs/plugins/c/cwx-project/error.json"}
,
{"message":"Uncaught Exception: No public or secret key given in /wordpress/wp-content/plugins/concursos-tap/public/class-concursos-tap.php:372","level":"FATAL","type":"PHP","test":"jspi-boot","plugin":"cwx-project","details":"[08-May-2025 04:08:03 UTC] PHP Fatal error:  Uncaught Exception: No public or secret key given in /wordpress/wp-content/plugins/concursos-tap/public/class-concursos-tap.php:372\nStack trace:\n#0 /wordpress/wp-content/plugins/concursos-tap/public/class-concursos-tap.php(327): Concursos_TAP->get_oauth_access_token()\n#1 /wordpress/wp-content/plugins/concursos-tap/public/class-concursos-tap.php(256): Concursos_TAP->remote_sync()\n#2 /wordpress/wp-content/plugins/concursos-tap/public/class-concursos-tap.php(161): Concursos_TAP::single_activate()\n#3 /wordpress/wp-includes/class-wp-hook.php(324): Concursos_TAP::activate(false)\n#4 /wordpress/wp-includes/class-wp-hook.php(348): WP_Hook->apply_filters('', Array)\n#5 /wordpress/wp-includes/plugin.php(517): WP_Hook->do_action(Array)\n#6 /wordpress/wp-admin/includes/plugin.php(703): do_action('activate_concur...', false)\n#7 /internal/eval.php(20): activate_plugin('concursos-tap/c...')\n#8 {main}\n  thrown in /wordpress/wp-content/plugins/concursos-tap/public/class-concursos-tap.php on line 372\n\n    at Object.onBind (file:///home/runner/work/playground-tester/playground-tester/node_modules/@wp-playground/cli/index.js:237:15)\n    at process.processTicksAndRejections (node:internal/process/task_queues:105:5)\n    at async V (file:///home/runner/work/playground-tester/playground-tester/node_modules/@wp-playground/cli/index.js:64:10)\n    at async ja (file:///home/runner/work/playground-tester/playground-tester/node_modules/@wp-playground/cli/cli.js:8161:12) {\n  [cause]: Error: Error when executing the blueprint step #1 ({\"step\":\"installPlugin\",\"pluginData\":{\"resource\":\"wordpress.org/plugins\",\"slug\":\"cwx-project\"},\"options\":{\"activate\":true}}) : Plugin /wordpress/wp-content/plugins/cwx-project could not be activated – WordPress exited with no error. Sometimes, when $_SERVER or site options are not configured correctly, WordPress exits early with a 301 redirect. Inspect the \"debug\" logs in the console for more details.\n      at Object.run (file:///home/runner/work/playground-tester/playground-tester/node_modules/@wp-playground/blueprints/index.js:12449:19)\n      at process.processTicksAndRejections (node:internal/process/task_queues:105:5)\n      at async ms (file:///home/runner/work/playground-tester/playground-tester/node_modules/@wp-playground/blueprints/index.js:12552:3)\n      ... 2 lines matching cause stack trace ...\n      at async ja (file:///home/runner/work/playground-tester/playground-tester/node_modules/@wp-playground/cli/cli.js:8161:12) {\n    [cause]: Error: Plugin /wordpress/wp-content/plugins/cwx-project could not be activated – WordPress exited with no error. Sometimes, when $_SERVER or site options are not configured correctly, WordPress exits early with a 301 redirect. Inspect the \"debug\" logs in the console for more details.\n        at wr (file:///home/runner/work/playground-tester/playground-tester/node_modules/@wp-playground/blueprints/index.js:119:51)\n        at process.processTicksAndRejections (node:internal/process/task_queues:105:5)\n        at async Object.gt [as installPlugin] (file:///home/runner/work/playground-tester/playground-tester/node_modules/@wp-playground/blueprints/index.js:974:42)\n        at async g (file:///home/runner/work/playground-tester/playground-tester/node_modules/@wp-playground/blueprints/index.js:12517:30)\n        at async Object.run (file:///home/runner/work/playground-tester/playground-tester/node_modules/@wp-playground/blueprints/index.js:12446:23)\n        at async ms (file:///home/runner/work/playground-tester/playground-tester/node_modules/@wp-playground/blueprints/index.js:12552:3)\n        at async Object.onBind (file:///home/runner/work/playground-tester/playground-tester/node_modules/@wp-playground/cli/index.js:227:48)\n        at async V (file:///home/runner/work/playground-tester/playground-tester/node_modules/@wp-playground/cli/index.js:64:10)\n        at async ja (file:///home/runner/work/playground-tester/playground-tester/node_modules/@wp-playground/cli/cli.js:8161:12)\n  }\n}\n\n","log":"/logs/plugins/c/cwx-project/error.json"}
]
