[
{"message":"file:///home/runner/work/playground-tester/playground-tester/node_modules/@wp-playground/cli/index.js:237\n        throw new Error(y, { cause: u });\n              ^\n","level":"FATAL","type":"PLAYGROUND","test":"asyncify-boot","plugin":"entrywizard","details":"file:///home/runner/work/playground-tester/playground-tester/node_modules/@wp-playground/cli/index.js:237\n        throw new Error(y, { cause: u });\n              ^\n","log":"/tmp/tmp.SEvcNAp7ET"}
,
{"message":"Undefined array key \"ezdb_initconnector\" in /wordpress/wp-content/plugins/ezdeebee-wp-connector/ezdeebeeconnector.php on line 38","level":"WARNING","type":"PHP","test":"asyncify-boot","plugin":"entrywizard","details":"[08-May-2025 09:50:29 UTC] PHP Warning:  Undefined array key \"ezdb_initconnector\" in /wordpress/wp-content/plugins/ezdeebee-wp-connector/ezdeebeeconnector.php on line 38","log":"/logs/plugins/e/entrywizard/error.json"}
,
{"message":"Trying to access array offset on value of type bool in /wordpress/wp-content/plugins/ezdeebee-wp-connector/ezdeebeeconnector.php on line 137","level":"WARNING","type":"PHP","test":"asyncify-boot","plugin":"entrywizard","details":"[08-May-2025 09:50:29 UTC] PHP Warning:  Trying to access array offset on value of type bool in /wordpress/wp-content/plugins/ezdeebee-wp-connector/ezdeebeeconnector.php on line 137","log":"/logs/plugins/e/entrywizard/error.json"}
,
{"message":"Undefined array key \"ezdb_initconnector\" in /wordpress/wp-content/plugins/ezdeebee-wp-connector/ezdeebeeconnector.php on line 38","level":"WARNING","type":"PHP","test":"asyncify-boot","plugin":"entrywizard","details":"[08-May-2025 09:50:29 UTC] PHP Warning:  Undefined array key \"ezdb_initconnector\" in /wordpress/wp-content/plugins/ezdeebee-wp-connector/ezdeebeeconnector.php on line 38","log":"/logs/plugins/e/entrywizard/error.json"}
,
{"message":"Function wp_enqueue_script was called <strong>incorrectly</strong>. Scripts and styles should not be registered or enqueued until the <code>wp_enqueue_scripts</code>, <code>admin_enqueue_scripts</code>, or <code>login_enqueue_scripts</code> hooks. This notice was triggered by the <code>YUI3.11.0</code> handle. Please see <a href=\"https://developer.wordpress.org/advanced-administration/debug/debug-wordpress/\">Debugging in WordPress</a> for more information. (This message was added in version 3.3.0.) in /wordpress/wp-includes/functions.php on line 6121","level":"NOTICE","type":"PHP","test":"asyncify-boot","plugin":"entrywizard","details":"[08-May-2025 09:50:29 UTC] PHP Notice:  Function wp_enqueue_script was called <strong>incorrectly</strong>. Scripts and styles should not be registered or enqueued until the <code>wp_enqueue_scripts</code>, <code>admin_enqueue_scripts</code>, or <code>login_enqueue_scripts</code> hooks. This notice was triggered by the <code>YUI3.11.0</code> handle. Please see <a href=\"https://developer.wordpress.org/advanced-administration/debug/debug-wordpress/\">Debugging in WordPress</a> for more information. (This message was added in version 3.3.0.) in /wordpress/wp-includes/functions.php on line 6121","log":"/logs/plugins/e/entrywizard/error.json"}
,
{"message":"Trying to access array offset on value of type bool in /wordpress/wp-content/plugins/ezdeebee-wp-connector/ezdeebeeconnector.php on line 137","level":"WARNING","type":"PHP","test":"asyncify-boot","plugin":"entrywizard","details":"[08-May-2025 09:50:29 UTC] PHP Warning:  Trying to access array offset on value of type bool in /wordpress/wp-content/plugins/ezdeebee-wp-connector/ezdeebeeconnector.php on line 137","log":"/logs/plugins/e/entrywizard/error.json"}
,
{"message":"Function wp_enqueue_script was called <strong>incorrectly</strong>. Scripts and styles should not be registered or enqueued until the <code>wp_enqueue_scripts</code>, <code>admin_enqueue_scripts</code>, or <code>login_enqueue_scripts</code> hooks. This notice was triggered by the <code>ezdeebee_seedfile</code> handle. Please see <a href=\"https://developer.wordpress.org/advanced-administration/debug/debug-wordpress/\">Debugging in WordPress</a> for more information. (This message was added in version 3.3.0.) in /wordpress/wp-includes/functions.php on line 6121","level":"NOTICE","type":"PHP","test":"asyncify-boot","plugin":"entrywizard","details":"[08-May-2025 09:50:29 UTC] PHP Notice:  Function wp_enqueue_script was called <strong>incorrectly</strong>. Scripts and styles should not be registered or enqueued until the <code>wp_enqueue_scripts</code>, <code>admin_enqueue_scripts</code>, or <code>login_enqueue_scripts</code> hooks. This notice was triggered by the <code>ezdeebee_seedfile</code> handle. Please see <a href=\"https://developer.wordpress.org/advanced-administration/debug/debug-wordpress/\">Debugging in WordPress</a> for more information. (This message was added in version 3.3.0.) in /wordpress/wp-includes/functions.php on line 6121","log":"/logs/plugins/e/entrywizard/error.json"}
,
{"message":"Undefined array key \"ezdb_initconnector\" in /wordpress/wp-content/plugins/ezdeebee-wp-connector/ezdeebeeconnector.php on line 38","level":"WARNING","type":"PHP","test":"asyncify-boot","plugin":"entrywizard","details":"[08-May-2025 09:50:41 UTC] PHP Warning:  Undefined array key \"ezdb_initconnector\" in /wordpress/wp-content/plugins/ezdeebee-wp-connector/ezdeebeeconnector.php on line 38","log":"/logs/plugins/e/entrywizard/error.json"}
,
{"message":"Trying to access array offset on value of type bool in /wordpress/wp-content/plugins/ezdeebee-wp-connector/ezdeebeeconnector.php on line 137","level":"WARNING","type":"PHP","test":"asyncify-boot","plugin":"entrywizard","details":"[08-May-2025 09:50:41 UTC] PHP Warning:  Trying to access array offset on value of type bool in /wordpress/wp-content/plugins/ezdeebee-wp-connector/ezdeebeeconnector.php on line 137","log":"/logs/plugins/e/entrywizard/error.json"}
,
{"message":"Undefined array key \"ezdb_initconnector\" in /wordpress/wp-content/plugins/ezdeebee-wp-connector/ezdeebeeconnector.php on line 38","level":"WARNING","type":"PHP","test":"asyncify-boot","plugin":"entrywizard","details":"[08-May-2025 09:50:42 UTC] PHP Warning:  Undefined array key \"ezdb_initconnector\" in /wordpress/wp-content/plugins/ezdeebee-wp-connector/ezdeebeeconnector.php on line 38","log":"/logs/plugins/e/entrywizard/error.json"}
,
{"message":"Function wp_enqueue_script was called <strong>incorrectly</strong>. Scripts and styles should not be registered or enqueued until the <code>wp_enqueue_scripts</code>, <code>admin_enqueue_scripts</code>, or <code>login_enqueue_scripts</code> hooks. This notice was triggered by the <code>YUI3.11.0</code> handle. Please see <a href=\"https://developer.wordpress.org/advanced-administration/debug/debug-wordpress/\">Debugging in WordPress</a> for more information. (This message was added in version 3.3.0.) in /wordpress/wp-includes/functions.php on line 6121","level":"NOTICE","type":"PHP","test":"asyncify-boot","plugin":"entrywizard","details":"[08-May-2025 09:50:42 UTC] PHP Notice:  Function wp_enqueue_script was called <strong>incorrectly</strong>. Scripts and styles should not be registered or enqueued until the <code>wp_enqueue_scripts</code>, <code>admin_enqueue_scripts</code>, or <code>login_enqueue_scripts</code> hooks. This notice was triggered by the <code>YUI3.11.0</code> handle. Please see <a href=\"https://developer.wordpress.org/advanced-administration/debug/debug-wordpress/\">Debugging in WordPress</a> for more information. (This message was added in version 3.3.0.) in /wordpress/wp-includes/functions.php on line 6121","log":"/logs/plugins/e/entrywizard/error.json"}
,
{"message":"Trying to access array offset on value of type bool in /wordpress/wp-content/plugins/ezdeebee-wp-connector/ezdeebeeconnector.php on line 137","level":"WARNING","type":"PHP","test":"asyncify-boot","plugin":"entrywizard","details":"[08-May-2025 09:50:42 UTC] PHP Warning:  Trying to access array offset on value of type bool in /wordpress/wp-content/plugins/ezdeebee-wp-connector/ezdeebeeconnector.php on line 137","log":"/logs/plugins/e/entrywizard/error.json"}
,
{"message":"Function wp_enqueue_script was called <strong>incorrectly</strong>. Scripts and styles should not be registered or enqueued until the <code>wp_enqueue_scripts</code>, <code>admin_enqueue_scripts</code>, or <code>login_enqueue_scripts</code> hooks. This notice was triggered by the <code>ezdeebee_seedfile</code> handle. Please see <a href=\"https://developer.wordpress.org/advanced-administration/debug/debug-wordpress/\">Debugging in WordPress</a> for more information. (This message was added in version 3.3.0.) in /wordpress/wp-includes/functions.php on line 6121","level":"NOTICE","type":"PHP","test":"asyncify-boot","plugin":"entrywizard","details":"[08-May-2025 09:50:42 UTC] PHP Notice:  Function wp_enqueue_script was called <strong>incorrectly</strong>. Scripts and styles should not be registered or enqueued until the <code>wp_enqueue_scripts</code>, <code>admin_enqueue_scripts</code>, or <code>login_enqueue_scripts</code> hooks. This notice was triggered by the <code>ezdeebee_seedfile</code> handle. Please see <a href=\"https://developer.wordpress.org/advanced-administration/debug/debug-wordpress/\">Debugging in WordPress</a> for more information. (This message was added in version 3.3.0.) in /wordpress/wp-includes/functions.php on line 6121","log":"/logs/plugins/e/entrywizard/error.json"}
,
{"message":"Undefined array key \"ezdb_initconnector\" in /wordpress/wp-content/plugins/ezdeebee-wp-connector/ezdeebeeconnector.php on line 38","level":"WARNING","type":"PHP","test":"asyncify-boot","plugin":"entrywizard","details":"[08-May-2025 09:50:56 UTC] PHP Warning:  Undefined array key \"ezdb_initconnector\" in /wordpress/wp-content/plugins/ezdeebee-wp-connector/ezdeebeeconnector.php on line 38","log":"/logs/plugins/e/entrywizard/error.json"}
,
{"message":"Trying to access array offset on value of type bool in /wordpress/wp-content/plugins/ezdeebee-wp-connector/ezdeebeeconnector.php on line 137","level":"WARNING","type":"PHP","test":"asyncify-boot","plugin":"entrywizard","details":"[08-May-2025 09:50:56 UTC] PHP Warning:  Trying to access array offset on value of type bool in /wordpress/wp-content/plugins/ezdeebee-wp-connector/ezdeebeeconnector.php on line 137","log":"/logs/plugins/e/entrywizard/error.json"}
,
{"message":"Undefined array key \"ezdb_initconnector\" in /wordpress/wp-content/plugins/ezdeebee-wp-connector/ezdeebeeconnector.php on line 38","level":"WARNING","type":"PHP","test":"asyncify-boot","plugin":"entrywizard","details":"[08-May-2025 09:50:56 UTC] PHP Warning:  Undefined array key \"ezdb_initconnector\" in /wordpress/wp-content/plugins/ezdeebee-wp-connector/ezdeebeeconnector.php on line 38","log":"/logs/plugins/e/entrywizard/error.json"}
,
{"message":"Function wp_enqueue_script was called <strong>incorrectly</strong>. Scripts and styles should not be registered or enqueued until the <code>wp_enqueue_scripts</code>, <code>admin_enqueue_scripts</code>, or <code>login_enqueue_scripts</code> hooks. This notice was triggered by the <code>YUI3.11.0</code> handle. Please see <a href=\"https://developer.wordpress.org/advanced-administration/debug/debug-wordpress/\">Debugging in WordPress</a> for more information. (This message was added in version 3.3.0.) in /wordpress/wp-includes/functions.php on line 6121","level":"NOTICE","type":"PHP","test":"asyncify-boot","plugin":"entrywizard","details":"[08-May-2025 09:50:56 UTC] PHP Notice:  Function wp_enqueue_script was called <strong>incorrectly</strong>. Scripts and styles should not be registered or enqueued until the <code>wp_enqueue_scripts</code>, <code>admin_enqueue_scripts</code>, or <code>login_enqueue_scripts</code> hooks. This notice was triggered by the <code>YUI3.11.0</code> handle. Please see <a href=\"https://developer.wordpress.org/advanced-administration/debug/debug-wordpress/\">Debugging in WordPress</a> for more information. (This message was added in version 3.3.0.) in /wordpress/wp-includes/functions.php on line 6121","log":"/logs/plugins/e/entrywizard/error.json"}
,
{"message":"Trying to access array offset on value of type bool in /wordpress/wp-content/plugins/ezdeebee-wp-connector/ezdeebeeconnector.php on line 137","level":"WARNING","type":"PHP","test":"asyncify-boot","plugin":"entrywizard","details":"[08-May-2025 09:50:56 UTC] PHP Warning:  Trying to access array offset on value of type bool in /wordpress/wp-content/plugins/ezdeebee-wp-connector/ezdeebeeconnector.php on line 137","log":"/logs/plugins/e/entrywizard/error.json"}
,
{"message":"Function wp_enqueue_script was called <strong>incorrectly</strong>. Scripts and styles should not be registered or enqueued until the <code>wp_enqueue_scripts</code>, <code>admin_enqueue_scripts</code>, or <code>login_enqueue_scripts</code> hooks. This notice was triggered by the <code>ezdeebee_seedfile</code> handle. Please see <a href=\"https://developer.wordpress.org/advanced-administration/debug/debug-wordpress/\">Debugging in WordPress</a> for more information. (This message was added in version 3.3.0.) in /wordpress/wp-includes/functions.php on line 6121","level":"NOTICE","type":"PHP","test":"asyncify-boot","plugin":"entrywizard","details":"[08-May-2025 09:50:56 UTC] PHP Notice:  Function wp_enqueue_script was called <strong>incorrectly</strong>. Scripts and styles should not be registered or enqueued until the <code>wp_enqueue_scripts</code>, <code>admin_enqueue_scripts</code>, or <code>login_enqueue_scripts</code> hooks. This notice was triggered by the <code>ezdeebee_seedfile</code> handle. Please see <a href=\"https://developer.wordpress.org/advanced-administration/debug/debug-wordpress/\">Debugging in WordPress</a> for more information. (This message was added in version 3.3.0.) in /wordpress/wp-includes/functions.php on line 6121","log":"/logs/plugins/e/entrywizard/error.json"}
,
{"message":"Function wp_enqueue_style was called <strong>incorrectly</strong>. Scripts and styles should not be registered or enqueued until the <code>wp_enqueue_scripts</code>, <code>admin_enqueue_scripts</code>, or <code>login_enqueue_scripts</code> hooks. This notice was triggered by the <code>ebou-tf-settings-style</code> handle. Please see <a href=\"https://developer.wordpress.org/advanced-administration/debug/debug-wordpress/\">Debugging in WordPress</a> for more information. (This message was added in version 3.3.0.) in /wordpress/wp-includes/functions.php on line 6121","level":"NOTICE","type":"PHP","test":"asyncify-boot","plugin":"entrywizard","details":"[08-May-2025 09:51:33 UTC] PHP Notice:  Function wp_enqueue_style was called <strong>incorrectly</strong>. Scripts and styles should not be registered or enqueued until the <code>wp_enqueue_scripts</code>, <code>admin_enqueue_scripts</code>, or <code>login_enqueue_scripts</code> hooks. This notice was triggered by the <code>ebou-tf-settings-style</code> handle. Please see <a href=\"https://developer.wordpress.org/advanced-administration/debug/debug-wordpress/\">Debugging in WordPress</a> for more information. (This message was added in version 3.3.0.) in /wordpress/wp-includes/functions.php on line 6121","log":"/logs/plugins/e/entrywizard/error.json"}
,
{"message":"Function is_feed was called <strong>incorrectly</strong>. Conditional query tags do not work before the query is run. Before then, they always return false. Please see <a href=\"https://developer.wordpress.org/advanced-administration/debug/debug-wordpress/\">Debugging in WordPress</a> for more information. (This message was added in version 3.1.0.) in /wordpress/wp-includes/functions.php on line 6121","level":"NOTICE","type":"PHP","test":"asyncify-boot","plugin":"entrywizard","details":"[08-May-2025 09:51:34 UTC] PHP Notice:  Function is_feed was called <strong>incorrectly</strong>. Conditional query tags do not work before the query is run. Before then, they always return false. Please see <a href=\"https://developer.wordpress.org/advanced-administration/debug/debug-wordpress/\">Debugging in WordPress</a> for more information. (This message was added in version 3.1.0.) in /wordpress/wp-includes/functions.php on line 6121","log":"/logs/plugins/e/entrywizard/error.json"}
,
{"message":"Function wp_enqueue_style was called <strong>incorrectly</strong>. Scripts and styles should not be registered or enqueued until the <code>wp_enqueue_scripts</code>, <code>admin_enqueue_scripts</code>, or <code>login_enqueue_scripts</code> hooks. This notice was triggered by the <code>ebou-tf-settings-style</code> handle. Please see <a href=\"https://developer.wordpress.org/advanced-administration/debug/debug-wordpress/\">Debugging in WordPress</a> for more information. (This message was added in version 3.3.0.) in /wordpress/wp-includes/functions.php on line 6121","level":"NOTICE","type":"PHP","test":"asyncify-boot","plugin":"entrywizard","details":"[08-May-2025 09:51:43 UTC] PHP Notice:  Function wp_enqueue_style was called <strong>incorrectly</strong>. Scripts and styles should not be registered or enqueued until the <code>wp_enqueue_scripts</code>, <code>admin_enqueue_scripts</code>, or <code>login_enqueue_scripts</code> hooks. This notice was triggered by the <code>ebou-tf-settings-style</code> handle. Please see <a href=\"https://developer.wordpress.org/advanced-administration/debug/debug-wordpress/\">Debugging in WordPress</a> for more information. (This message was added in version 3.3.0.) in /wordpress/wp-includes/functions.php on line 6121","log":"/logs/plugins/e/entrywizard/error.json"}
,
{"message":"Function is_feed was called <strong>incorrectly</strong>. Conditional query tags do not work before the query is run. Before then, they always return false. Please see <a href=\"https://developer.wordpress.org/advanced-administration/debug/debug-wordpress/\">Debugging in WordPress</a> for more information. (This message was added in version 3.1.0.) in /wordpress/wp-includes/functions.php on line 6121","level":"NOTICE","type":"PHP","test":"asyncify-boot","plugin":"entrywizard","details":"[08-May-2025 09:51:43 UTC] PHP Notice:  Function is_feed was called <strong>incorrectly</strong>. Conditional query tags do not work before the query is run. Before then, they always return false. Please see <a href=\"https://developer.wordpress.org/advanced-administration/debug/debug-wordpress/\">Debugging in WordPress</a> for more information. (This message was added in version 3.1.0.) in /wordpress/wp-includes/functions.php on line 6121","log":"/logs/plugins/e/entrywizard/error.json"}
,
{"message":"Function wp_enqueue_style was called <strong>incorrectly</strong>. Scripts and styles should not be registered or enqueued until the <code>wp_enqueue_scripts</code>, <code>admin_enqueue_scripts</code>, or <code>login_enqueue_scripts</code> hooks. This notice was triggered by the <code>ebou-tf-settings-style</code> handle. Please see <a href=\"https://developer.wordpress.org/advanced-administration/debug/debug-wordpress/\">Debugging in WordPress</a> for more information. (This message was added in version 3.3.0.) in /wordpress/wp-includes/functions.php on line 6121","level":"NOTICE","type":"PHP","test":"asyncify-boot","plugin":"entrywizard","details":"[08-May-2025 09:51:52 UTC] PHP Notice:  Function wp_enqueue_style was called <strong>incorrectly</strong>. Scripts and styles should not be registered or enqueued until the <code>wp_enqueue_scripts</code>, <code>admin_enqueue_scripts</code>, or <code>login_enqueue_scripts</code> hooks. This notice was triggered by the <code>ebou-tf-settings-style</code> handle. Please see <a href=\"https://developer.wordpress.org/advanced-administration/debug/debug-wordpress/\">Debugging in WordPress</a> for more information. (This message was added in version 3.3.0.) in /wordpress/wp-includes/functions.php on line 6121","log":"/logs/plugins/e/entrywizard/error.json"}
,
{"message":"Function is_feed was called <strong>incorrectly</strong>. Conditional query tags do not work before the query is run. Before then, they always return false. Please see <a href=\"https://developer.wordpress.org/advanced-administration/debug/debug-wordpress/\">Debugging in WordPress</a> for more information. (This message was added in version 3.1.0.) in /wordpress/wp-includes/functions.php on line 6121","level":"NOTICE","type":"PHP","test":"asyncify-boot","plugin":"entrywizard","details":"[08-May-2025 09:51:52 UTC] PHP Notice:  Function is_feed was called <strong>incorrectly</strong>. Conditional query tags do not work before the query is run. Before then, they always return false. Please see <a href=\"https://developer.wordpress.org/advanced-administration/debug/debug-wordpress/\">Debugging in WordPress</a> for more information. (This message was added in version 3.1.0.) in /wordpress/wp-includes/functions.php on line 6121","log":"/logs/plugins/e/entrywizard/error.json"}
,
{"message":"syntax error, unexpected ')' in /wordpress/wp-content/plugins/elvez-slim-site-header/admin/class-elvez-slim-site-header-admin.php on line 209","level":"PARSE","type":"PHP","test":"asyncify-boot","plugin":"entrywizard","details":"[08-May-2025 09:52:29 UTC] PHP Parse error:  syntax error, unexpected ')' in /wordpress/wp-content/plugins/elvez-slim-site-header/admin/class-elvez-slim-site-header-admin.php on line 209","log":"/logs/plugins/e/entrywizard/error.json"}
,
{"message":"syntax error, unexpected ')' in /wordpress/wp-content/plugins/elvez-slim-site-header/admin/class-elvez-slim-site-header-admin.php on line 209","level":"PARSE","type":"PHP","test":"asyncify-boot","plugin":"entrywizard","details":"[08-May-2025 09:52:37 UTC] PHP Parse error:  syntax error, unexpected ')' in /wordpress/wp-content/plugins/elvez-slim-site-header/admin/class-elvez-slim-site-header-admin.php on line 209","log":"/logs/plugins/e/entrywizard/error.json"}
,
{"message":"syntax error, unexpected ')' in /wordpress/wp-content/plugins/elvez-slim-site-header/admin/class-elvez-slim-site-header-admin.php on line 209","level":"PARSE","type":"PHP","test":"asyncify-boot","plugin":"entrywizard","details":"[08-May-2025 09:52:45 UTC] PHP Parse error:  syntax error, unexpected ')' in /wordpress/wp-content/plugins/elvez-slim-site-header/admin/class-elvez-slim-site-header-admin.php on line 209","log":"/logs/plugins/e/entrywizard/error.json"}
,
{"message":"[08-May-2025 09:53:59 UTC] EWZ: creating/updating tables ","level":"INFO","type":"OTHER","test":"asyncify-boot","plugin":"entrywizard","details":"[08-May-2025 09:53:59 UTC] EWZ: creating/updating tables ","log":"/logs/plugins/e/entrywizard/error.json"}
,
{"message":"[08-May-2025 09:53:59 UTC] EWZ: Array\n(\n    [wp_ewz_layout] => Created table wp_ewz_layout\n)\n","level":"INFO","type":"OTHER","test":"asyncify-boot","plugin":"entrywizard","details":"[08-May-2025 09:53:59 UTC] EWZ: Array\n(\n    [wp_ewz_layout] => Created table wp_ewz_layout\n)\n","log":"/logs/plugins/e/entrywizard/error.json"}
,
{"message":"[08-May-2025 09:53:59 UTC] EWZ: Array\n(\n    [wp_ewz_field] => Created table wp_ewz_field\n)\n","level":"INFO","type":"OTHER","test":"asyncify-boot","plugin":"entrywizard","details":"[08-May-2025 09:53:59 UTC] EWZ: Array\n(\n    [wp_ewz_field] => Created table wp_ewz_field\n)\n","log":"/logs/plugins/e/entrywizard/error.json"}
,
{"message":"[08-May-2025 09:53:59 UTC] EWZ: Array\n(\n    [wp_ewz_webform] => Created table wp_ewz_webform\n)\n","level":"INFO","type":"OTHER","test":"asyncify-boot","plugin":"entrywizard","details":"[08-May-2025 09:53:59 UTC] EWZ: Array\n(\n    [wp_ewz_webform] => Created table wp_ewz_webform\n)\n","log":"/logs/plugins/e/entrywizard/error.json"}
,
{"message":"[08-May-2025 09:53:59 UTC] EWZ: Array\n(\n    [wp_ewz_item] => Created table wp_ewz_item\n)\n","level":"INFO","type":"OTHER","test":"asyncify-boot","plugin":"entrywizard","details":"[08-May-2025 09:53:59 UTC] EWZ: Array\n(\n    [wp_ewz_item] => Created table wp_ewz_item\n)\n","log":"/logs/plugins/e/entrywizard/error.json"}
,
{"message":"[08-May-2025 09:54:09 UTC] EWZ: creating/updating tables ","level":"INFO","type":"OTHER","test":"asyncify-boot","plugin":"entrywizard","details":"[08-May-2025 09:54:09 UTC] EWZ: creating/updating tables ","log":"/logs/plugins/e/entrywizard/error.json"}
,
{"message":"[08-May-2025 09:54:09 UTC] EWZ: Array\n(\n    [wp_ewz_layout] => Created table wp_ewz_layout\n)\n","level":"INFO","type":"OTHER","test":"asyncify-boot","plugin":"entrywizard","details":"[08-May-2025 09:54:09 UTC] EWZ: Array\n(\n    [wp_ewz_layout] => Created table wp_ewz_layout\n)\n","log":"/logs/plugins/e/entrywizard/error.json"}
,
{"message":"[08-May-2025 09:54:09 UTC] EWZ: Array\n(\n    [wp_ewz_field] => Created table wp_ewz_field\n)\n","level":"INFO","type":"OTHER","test":"asyncify-boot","plugin":"entrywizard","details":"[08-May-2025 09:54:09 UTC] EWZ: Array\n(\n    [wp_ewz_field] => Created table wp_ewz_field\n)\n","log":"/logs/plugins/e/entrywizard/error.json"}
,
{"message":"[08-May-2025 09:54:09 UTC] EWZ: Array\n(\n    [wp_ewz_webform] => Created table wp_ewz_webform\n)\n","level":"INFO","type":"OTHER","test":"asyncify-boot","plugin":"entrywizard","details":"[08-May-2025 09:54:09 UTC] EWZ: Array\n(\n    [wp_ewz_webform] => Created table wp_ewz_webform\n)\n","log":"/logs/plugins/e/entrywizard/error.json"}
,
{"message":"[08-May-2025 09:54:09 UTC] EWZ: Array\n(\n    [wp_ewz_item] => Created table wp_ewz_item\n)\n","level":"INFO","type":"OTHER","test":"asyncify-boot","plugin":"entrywizard","details":"[08-May-2025 09:54:09 UTC] EWZ: Array\n(\n    [wp_ewz_item] => Created table wp_ewz_item\n)\n","log":"/logs/plugins/e/entrywizard/error.json"}
,
{"message":"Unknown operation: AUTO_INCREMENT.","level":"FATAL","type":"SQL","test":"asyncify-boot","plugin":"entrywizard","details":"[08-May-2025 09:54:09 UTC] WordPress database error <div style=\"clear:both\">&nbsp;</div>\n<div class=\"queries\" style=\"clear:both;margin-bottom:2px;border:red dotted thin;\">\n<p>MySQL query:</p>\n<p>ALTER TABLE wp_ewz_layout AUTO_INCREMENT=33;</p>\n<p>Queries made or created this session were:</p>\n<ol>\n<li>Executing: BEGIN | (no parameters)</li>\n<li>Executing: ROLLBACK | (no parameters)</li>\n</ol>\n</div>\n<div style=\"clear:both;margin-bottom:2px;border:red dotted thin;\" class=\"error_message\" style=\"border-bottom:dotted blue thin;\">\nError occurred at line 4117 in Function <code>handle_error</code>. Error message was: Unknown operation: AUTO_INCREMENT.\n</div>\n<p>Backtrace:</p>\n<pre>#0 /internal/shared/sqlite-database-integration/wp-includes/sqlite/class-wp-sqlite-db.php(287): WP_SQLite_Translator->get_error_message()\n#1 /wordpress/wp-content/plugins/entrywizard/classes/ewz-setup.php(83): WP_SQLite_DB->query('ALTER TABLE wp_...')\n#2 /wordpress/wp-includes/class-wp-hook.php(324): Ewz_Setup::activate_or_install_ewz(false)\n#3 /wordpress/wp-includes/class-wp-hook.php(348): WP_Hook->apply_filters('', Array)\n#4 /wordpress/wp-includes/plugin.php(517): WP_Hook->do_action(Array)\n#5 /wordpress/wp-admin/includes/plugin.php(703): do_action('activate_entryw...', false)\n#6 /internal/eval.php(20): activate_plugin('entrywizard/ent...')\n#7 {main}</pre>\n for query ALTER TABLE wp_ewz_layout AUTO_INCREMENT=33; made by activate_plugin, do_action('activate_entrywizard/entrywizard.php'), WP_Hook->do_action, WP_Hook->apply_filters, Ewz_Setup::activate_or_install_ewz, WP_SQLite_DB->query, WP_SQLite_DB->print_error","log":"/logs/plugins/e/entrywizard/error.json"}
,
{"message":"[08-May-2025 09:54:09 UTC] EWZ: DB Error <div style=\"clear:both\">&nbsp;</div>\n<div class=\"queries\" style=\"clear:both;margin-bottom:2px;border:red dotted thin;\">\n<p>MySQL query:</p>\n<p>ALTER TABLE wp_ewz_layout AUTO_INCREMENT=33;</p>\n<p>Queries made or created this session were:</p>\n<ol>\n<li>Executing: BEGIN | (no parameters)</li>\n<li>Executing: ROLLBACK | (no parameters)</li>\n</ol>\n</div>\n<div style=\"clear:both;margin-bottom:2px;border:red dotted thin;\" class=\"error_message\" style=\"border-bottom:dotted blue thin;\">\nError occurred at line 4117 in Function <code>handle_error</code>. Error message was: Unknown operation: AUTO_INCREMENT.\n</div>\n<p>Backtrace:</p>\n<pre>#0 /internal/shared/sqlite-database-integration/wp-includes/sqlite/class-wp-sqlite-db.php(287): WP_SQLite_Translator->get_error_message()\n#1 /wordpress/wp-content/plugins/entrywizard/classes/ewz-setup.php(83): WP_SQLite_DB->query('ALTER TABLE wp_...')\n#2 /wordpress/wp-includes/class-wp-hook.php(324): Ewz_Setup::activate_or_install_ewz(false)\n#3 /wordpress/wp-includes/class-wp-hook.php(348): WP_Hook->apply_filters('', Array)\n#4 /wordpress/wp-includes/plugin.php(517): WP_Hook->do_action(Array)\n#5 /wordpress/wp-admin/includes/plugin.php(703): do_action('activate_entryw...', false)\n#6 /internal/eval.php(20): activate_plugin('entrywizard/ent...')\n#7 {main}</pre>\n ;; # {user 1}~{ classes/ewz-setup.php, line 84 }~","level":"INFO","type":"OTHER","test":"asyncify-boot","plugin":"entrywizard","details":"[08-May-2025 09:54:09 UTC] EWZ: DB Error <div style=\"clear:both\">&nbsp;</div>\n<div class=\"queries\" style=\"clear:both;margin-bottom:2px;border:red dotted thin;\">\n<p>MySQL query:</p>\n<p>ALTER TABLE wp_ewz_layout AUTO_INCREMENT=33;</p>\n<p>Queries made or created this session were:</p>\n<ol>\n<li>Executing: BEGIN | (no parameters)</li>\n<li>Executing: ROLLBACK | (no parameters)</li>\n</ol>\n</div>\n<div style=\"clear:both;margin-bottom:2px;border:red dotted thin;\" class=\"error_message\" style=\"border-bottom:dotted blue thin;\">\nError occurred at line 4117 in Function <code>handle_error</code>. Error message was: Unknown operation: AUTO_INCREMENT.\n</div>\n<p>Backtrace:</p>\n<pre>#0 /internal/shared/sqlite-database-integration/wp-includes/sqlite/class-wp-sqlite-db.php(287): WP_SQLite_Translator->get_error_message()\n#1 /wordpress/wp-content/plugins/entrywizard/classes/ewz-setup.php(83): WP_SQLite_DB->query('ALTER TABLE wp_...')\n#2 /wordpress/wp-includes/class-wp-hook.php(324): Ewz_Setup::activate_or_install_ewz(false)\n#3 /wordpress/wp-includes/class-wp-hook.php(348): WP_Hook->apply_filters('', Array)\n#4 /wordpress/wp-includes/plugin.php(517): WP_Hook->do_action(Array)\n#5 /wordpress/wp-admin/includes/plugin.php(703): do_action('activate_entryw...', false)\n#6 /internal/eval.php(20): activate_plugin('entrywizard/ent...')\n#7 {main}</pre>\n ;; # {user 1}~{ classes/ewz-setup.php, line 84 }~","log":"/logs/plugins/e/entrywizard/error.json"}
,
{"message":"Uncaught EWZ_Exception: *** EntryWizard ERROR *** DB Error &nbsp;","level":"FATAL","type":"PHP","test":"asyncify-boot","plugin":"entrywizard","details":"[08-May-2025 09:54:09 UTC] PHP Fatal error:  Uncaught EWZ_Exception: *** EntryWizard ERROR *** DB Error &nbsp;\n\nMySQL query:\nALTER TABLE wp_ewz_layout AUTO_INCREMENT=33;\nQueries made or created this session were:\n\nExecuting: BEGIN | (no parameters)\nExecuting: ROLLBACK | (no parameters)\n\n\n\nError occurred at line 4117 in Function handle_error. Error message was: Unknown operation: AUTO_INCREMENT.\n\nBacktrace:\n#0 /internal/shared/sqlite-database-integration/wp-includes/sqlite/class-wp-sqlite-db.php(287): WP_SQLite_Translator-&gt;get_error_message()\n#1 /wordpress/wp-content/plugins/entrywizard/classes/ewz-setup.php(83): WP_SQLite_DB-&gt;query('ALTER TABLE wp_...')\n#2 /wordpress/wp-includes/class-wp-hook.php(324): Ewz_Setup::activate_or_install_ewz(false)\n#3 /wordpress/wp-includes/class-wp-hook.php(348): WP_Hook-&gt;apply_filters('', Array)\n#4 /wordpress/wp-includes/plugin.php(517): WP_Hook-&gt;do_action(Array)\n#5 /wordpress/wp-admin/includes/plugin.php(703): do_action('activate_entryw...', false)\n#6 /internal/eval.php(20): activate_plugin('entrywizard/ent...')\n#7 {main}\n in /wordpress/wp-content/plugins/entrywizard/classes/ewz-setup.php:84\nStack trace:\n#0 /wordpress/wp-includes/class-wp-hook.php(324): Ewz_Setup::activate_or_install_ewz(false)\n#1 /wordpress/wp-includes/class-wp-hook.php(348): WP_Hook->apply_filters('', Array)\n#2 /wordpress/wp-includes/plugin.php(517): WP_Hook->do_action(Array)\n#3 /wordpress/wp-admin/includes/plugin.php(703): do_action('activate_entryw...', false)\n#4 /internal/eval.php(20): activate_plugin('entrywizard/ent...')\n#5 {main}\n  thrown in /wordpress/wp-content/plugins/entrywizard/classes/ewz-setup.php on line 84\n\n    at Object.onBind (file:///home/runner/work/playground-tester/playground-tester/node_modules/@wp-playground/cli/index.js:237:15)\n    at process.processTicksAndRejections (node:internal/process/task_queues:105:5)\n    at async V (file:///home/runner/work/playground-tester/playground-tester/node_modules/@wp-playground/cli/index.js:64:10)\n    at async ja (file:///home/runner/work/playground-tester/playground-tester/node_modules/@wp-playground/cli/cli.js:8161:12) {\n  [cause]: Error: Error when executing the blueprint step #1 ({\"step\":\"installPlugin\",\"pluginData\":{\"resource\":\"wordpress.org/plugins\",\"slug\":\"entrywizard\"},\"options\":{\"activate\":true}}) : PHP.run() failed with exit code 255 and the following output: \n      at Object.run (file:///home/runner/work/playground-tester/playground-tester/node_modules/@wp-playground/blueprints/index.js:12449:19)\n      at process.processTicksAndRejections (node:internal/process/task_queues:105:5)\n      at async ms (file:///home/runner/work/playground-tester/playground-tester/node_modules/@wp-playground/blueprints/index.js:12552:3)\n      ... 2 lines matching cause stack trace ...\n      at async ja (file:///home/runner/work/playground-tester/playground-tester/node_modules/@wp-playground/cli/cli.js:8161:12) {\n    [cause]: PHPExecutionFailureError: PHP.run() failed with exit code 255 and the following output: \n        at PHP.run (file:///home/runner/work/playground-tester/playground-tester/node_modules/@php-wasm/universal/index.js:987:19)\n        at process.processTicksAndRejections (node:internal/process/task_queues:105:5)\n        at async wr (file:///home/runner/work/playground-tester/playground-tester/node_modules/@wp-playground/blueprints/index.js:33:39)\n        at async Object.gt [as installPlugin] (file:///home/runner/work/playground-tester/playground-tester/node_modules/@wp-playground/blueprints/index.js:974:42)\n        at async g (file:///home/runner/work/playground-tester/playground-tester/node_modules/@wp-playground/blueprints/index.js:12517:30)\n        at async Object.run (file:///home/runner/work/playground-tester/playground-tester/node_modules/@wp-playground/blueprints/index.js:12446:23)\n        at async ms (file:///home/runner/work/playground-tester/playground-tester/node_modules/@wp-playground/blueprints/index.js:12552:3)\n        at async Object.onBind (file:///home/runner/work/playground-tester/playground-tester/node_modules/@wp-playground/cli/index.js:227:48)\n        at async V (file:///home/runner/work/playground-tester/playground-tester/node_modules/@wp-playground/cli/index.js:64:10)\n        at async ja (file:///home/runner/work/playground-tester/playground-tester/node_modules/@wp-playground/cli/cli.js:8161:12) {\n      response: PHPResponse {\n        httpStatusCode: 500,\n        headers: {\n          'x-powered-by': [ 'PHP/8.0.30-dev' ],\n          'content-type': [ 'text/html; charset=UTF-8' ]\n        },\n        bytes: Uint8Array(0) [],\n        exitCode: 255,\n        errors: ''\n      },\n      source: 'request'\n    }\n  }\n}\n\n","log":"/logs/plugins/e/entrywizard/error.json"}
]
