file:///home/runner/work/playground-tester/playground-tester/node_modules/@wp-playground/cli/run-cli-j-geJYS3.js:325
        throw new Error($, { cause: h });
              ^

Error: [02-Jul-2025 23:29:18 UTC] PHP Fatal error:  Uncaught ArgumentCountError: Too few arguments to function WP_Widget::__construct(), 0 passed in /wordpress/wp-includes/class-wp-widget-factory.php on line 62 and at least 2 expected in /wordpress/wp-includes/class-wp-widget.php:163
Stack trace:
#0 /wordpress/wp-includes/class-wp-widget-factory.php(62): WP_Widget->__construct()
#1 /wordpress/wp-includes/widgets.php(123): WP_Widget_Factory->register('NTAS_Widget')
#2 /wordpress/wp-content/plugins/national-terrorism-advisory-system-widget/national-terrorism-advisory-system-widget.php(30): register_widget('NTAS_Widget')
#3 /wordpress/wp-includes/class-wp-hook.php(324): ntas_load_widgets('')
#4 /wordpress/wp-includes/class-wp-hook.php(348): WP_Hook->apply_filters(NULL, Array)
#5 /wordpress/wp-includes/plugin.php(517): WP_Hook->do_action(Array)
#6 /wordpress/wp-includes/widgets.php(1870): do_action('widgets_init')
#7 /wordpress/wp-includes/class-wp-hook.php(324): wp_widgets_init('')
#8 /wordpress/wp-includes/class-wp-hook.php(348): WP_Hook->apply_filters(NULL, Array)
#9 /wordpress/wp-includes/plugin.php(517): WP_Hook->do_action(Array)
#10 /wordpress/wp-settings.php(727): do_action('init')
#11 /wordpress/wp-config.php(102): require_once('/wordpress/wp-s...')
#12 /wordpress/wp-load.php(50): require_once('/wordpress/wp-c...')
#13 /internal/eval.php(3): require_once('/wordpress/wp-l...')
#14 {main}
  thrown in /wordpress/wp-includes/class-wp-widget.php on line 163
[02-Jul-2025 23:29:27 UTC] PHP Fatal error:  Uncaught ArgumentCountError: Too few arguments to function WP_Widget::__construct(), 0 passed in /wordpress/wp-includes/class-wp-widget-factory.php on line 62 and at least 2 expected in /wordpress/wp-includes/class-wp-widget.php:163
Stack trace:
#0 /wordpress/wp-includes/class-wp-widget-factory.php(62): WP_Widget->__construct()
#1 /wordpress/wp-includes/widgets.php(123): WP_Widget_Factory->register('NTAS_Widget')
#2 /wordpress/wp-content/plugins/national-terrorism-advisory-system-widget/national-terrorism-advisory-system-widget.php(30): register_widget('NTAS_Widget')
#3 /wordpress/wp-includes/class-wp-hook.php(324): ntas_load_widgets('')
#4 /wordpress/wp-includes/class-wp-hook.php(348): WP_Hook->apply_filters(NULL, Array)
#5 /wordpress/wp-includes/plugin.php(517): WP_Hook->do_action(Array)
#6 /wordpress/wp-includes/widgets.php(1870): do_action('widgets_init')
#7 /wordpress/wp-includes/class-wp-hook.php(324): wp_widgets_init('')
#8 /wordpress/wp-includes/class-wp-hook.php(348): WP_Hook->apply_filters(NULL, Array)
#9 /wordpress/wp-includes/plugin.php(517): WP_Hook->do_action(Array)
#10 /wordpress/wp-settings.php(727): do_action('init')
#11 /wordpress/wp-config.php(102): require_once('/wordpress/wp-s...')
#12 /wordpress/wp-load.php(50): require_once('/wordpress/wp-c...')
#13 /internal/eval.php(3): require_once('/wordpress/wp-l...')
#14 {main}
  thrown in /wordpress/wp-includes/class-wp-widget.php on line 163
[02-Jul-2025 23:29:36 UTC] PHP Fatal error:  Uncaught ArgumentCountError: Too few arguments to function WP_Widget::__construct(), 0 passed in /wordpress/wp-includes/class-wp-widget-factory.php on line 62 and at least 2 expected in /wordpress/wp-includes/class-wp-widget.php:163
Stack trace:
#0 /wordpress/wp-includes/class-wp-widget-factory.php(62): WP_Widget->__construct()
#1 /wordpress/wp-includes/widgets.php(123): WP_Widget_Factory->register('NTAS_Widget')
#2 /wordpress/wp-content/plugins/national-terrorism-advisory-system-widget/national-terrorism-advisory-system-widget.php(30): register_widget('NTAS_Widget')
#3 /wordpress/wp-includes/class-wp-hook.php(324): ntas_load_widgets('')
#4 /wordpress/wp-includes/class-wp-hook.php(348): WP_Hook->apply_filters(NULL, Array)
#5 /wordpress/wp-includes/plugin.php(517): WP_Hook->do_action(Array)
#6 /wordpress/wp-includes/widgets.php(1870): do_action('widgets_init')
#7 /wordpress/wp-includes/class-wp-hook.php(324): wp_widgets_init('')
#8 /wordpress/wp-includes/class-wp-hook.php(348): WP_Hook->apply_filters(NULL, Array)
#9 /wordpress/wp-includes/plugin.php(517): WP_Hook->do_action(Array)
#10 /wordpress/wp-settings.php(727): do_action('init')
#11 /wordpress/wp-config.php(102): require_once('/wordpress/wp-s...')
#12 /wordpress/wp-load.php(50): require_once('/wordpress/wp-c...')
#13 /internal/eval.php(3): require_once('/wordpress/wp-l...')
#14 {main}
  thrown in /wordpress/wp-includes/class-wp-widget.php on line 163
[02-Jul-2025 23:32:03 UTC] PHP Parse error:  syntax error, unexpected token "new" in /wordpress/wp-content/plugins/newspage/simplepie.inc on line 720
[02-Jul-2025 23:32:11 UTC] PHP Parse error:  syntax error, unexpected token "new" in /wordpress/wp-content/plugins/newspage/simplepie.inc on line 720
[02-Jul-2025 23:32:20 UTC] PHP Parse error:  syntax error, unexpected token "new" in /wordpress/wp-content/plugins/newspage/simplepie.inc on line 720
[02-Jul-2025 23:33:50 UTC] PHP Deprecated:  Function add_option was called with an argument that is <strong>deprecated</strong> since version 2.3.0 with no alternative available. in /wordpress/wp-includes/functions.php on line 6121
[02-Jul-2025 23:33:50 UTC] PHP Warning:  Undefined variable $ads_id_1 in /wordpress/wp-content/plugins/nfl-power-rankings-lite/nfl-power-rankings-lite.php on line 59
[02-Jul-2025 23:33:50 UTC] PHP Warning:  mail(): Could not execute mail delivery program '/usr/sbin/sendmail -t -i' in /wordpress/wp-content/plugins/nfl-power-rankings-lite/nfl-power-rankings-lite.php on line 61
[02-Jul-2025 23:33:51 UTC] PHP Deprecated:  Function register_sidebar_widget is <strong>deprecated</strong> since version 2.8.0! Use wp_register_sidebar_widget() instead. in /wordpress/wp-includes/functions.php on line 6121
[02-Jul-2025 23:33:59 UTC] PHP Deprecated:  Function add_option was called with an argument that is <strong>deprecated</strong> since version 2.3.0 with no alternative available. in /wordpress/wp-includes/functions.php on line 6121
[02-Jul-2025 23:33:59 UTC] PHP Warning:  Undefined variable $ads_id_1 in /wordpress/wp-content/plugins/nfl-power-rankings-lite/nfl-power-rankings-lite.php on line 59
[02-Jul-2025 23:33:59 UTC] PHP Warning:  mail(): Could not execute mail delivery program '/usr/sbin/sendmail -t -i' in /wordpress/wp-content/plugins/nfl-power-rankings-lite/nfl-power-rankings-lite.php on line 61
[02-Jul-2025 23:34:00 UTC] PHP Deprecated:  Function register_sidebar_widget is <strong>deprecated</strong> since version 2.8.0! Use wp_register_sidebar_widget() instead. in /wordpress/wp-includes/functions.php on line 6121
[02-Jul-2025 23:34:09 UTC] PHP Deprecated:  Function add_option was called with an argument that is <strong>deprecated</strong> since version 2.3.0 with no alternative available. in /wordpress/wp-includes/functions.php on line 6121
[02-Jul-2025 23:34:09 UTC] PHP Warning:  Undefined variable $ads_id_1 in /wordpress/wp-content/plugins/nfl-power-rankings-lite/nfl-power-rankings-lite.php on line 59
[02-Jul-2025 23:34:09 UTC] PHP Warning:  mail(): Could not execute mail delivery program '/usr/sbin/sendmail -t -i' in /wordpress/wp-content/plugins/nfl-power-rankings-lite/nfl-power-rankings-lite.php on line 61
[02-Jul-2025 23:34:10 UTC] PHP Deprecated:  Function register_sidebar_widget is <strong>deprecated</strong> since version 2.8.0! Use wp_register_sidebar_widget() instead. in /wordpress/wp-includes/functions.php on line 6121
[02-Jul-2025 23:34:20 UTC] PHP Fatal error:  Uncaught Error: Call to undefined function update_blog_option() in /wordpress/wp-content/plugins/ngo-branding/ngo-branding.php:45
Stack trace:
#0 /wordpress/wp-includes/class-wp-hook.php(324): ngob_set_default_permalink_for_new_blogs('')
#1 /wordpress/wp-includes/class-wp-hook.php(348): WP_Hook->apply_filters(NULL, Array)
#2 /wordpress/wp-includes/plugin.php(517): WP_Hook->do_action(Array)
#3 /wordpress/wp-settings.php(727): do_action('init')
#4 /wordpress/wp-config.php(102): require_once('/wordpress/wp-s...')
#5 /wordpress/wp-load.php(50): require_once('/wordpress/wp-c...')
#6 /internal/eval.php(3): require_once('/wordpress/wp-l...')
#7 {main}
  thrown in /wordpress/wp-content/plugins/ngo-branding/ngo-branding.php on line 45
[02-Jul-2025 23:34:30 UTC] PHP Fatal error:  Uncaught Error: Call to undefined function update_blog_option() in /wordpress/wp-content/plugins/ngo-branding/ngo-branding.php:45
Stack trace:
#0 /wordpress/wp-includes/class-wp-hook.php(324): ngob_set_default_permalink_for_new_blogs('')
#1 /wordpress/wp-includes/class-wp-hook.php(348): WP_Hook->apply_filters(NULL, Array)
#2 /wordpress/wp-includes/plugin.php(517): WP_Hook->do_action(Array)
#3 /wordpress/wp-settings.php(727): do_action('init')
#4 /wordpress/wp-config.php(102): require_once('/wordpress/wp-s...')
#5 /wordpress/wp-load.php(50): require_once('/wordpress/wp-c...')
#6 /internal/eval.php(3): require_once('/wordpress/wp-l...')
#7 {main}
  thrown in /wordpress/wp-content/plugins/ngo-branding/ngo-branding.php on line 45
[02-Jul-2025 23:34:39 UTC] PHP Fatal error:  Uncaught Error: Call to undefined function update_blog_option() in /wordpress/wp-content/plugins/ngo-branding/ngo-branding.php:45
Stack trace:
#0 /wordpress/wp-includes/class-wp-hook.php(324): ngob_set_default_permalink_for_new_blogs('')
#1 /wordpress/wp-includes/class-wp-hook.php(348): WP_Hook->apply_filters(NULL, Array)
#2 /wordpress/wp-includes/plugin.php(517): WP_Hook->do_action(Array)
#3 /wordpress/wp-settings.php(727): do_action('init')
#4 /wordpress/wp-config.php(102): require_once('/wordpress/wp-s...')
#5 /wordpress/wp-load.php(50): require_once('/wordpress/wp-c...')
#6 /internal/eval.php(3): require_once('/wordpress/wp-l...')
#7 {main}
  thrown in /wordpress/wp-content/plugins/ngo-branding/ngo-branding.php on line 45
[02-Jul-2025 23:34:53 UTC] PHP Warning:  Use of undefined constant STDERR - assumed 'STDERR' (this will throw an Error in a future version of PHP) in /wordpress/wp-content/plugins/nhrrob-movies/vendor/composer/platform_check.php on line 17
[02-Jul-2025 23:34:53 UTC] PHP Warning:  fwrite() expects parameter 1 to be resource, string given in /wordpress/wp-content/plugins/nhrrob-movies/vendor/composer/platform_check.php on line 17
[02-Jul-2025 23:34:53 UTC] PHP Fatal error:  Composer detected issues in your platform: Your Composer dependencies require a PHP version ">= 8.2.0". You are running 7.4.31-dev. in /wordpress/wp-content/plugins/nhrrob-movies/vendor/composer/platform_check.php on line 24
[02-Jul-2025 23:35:06 UTC] PHP Warning:  Use of undefined constant STDERR - assumed 'STDERR' (this will throw an Error in a future version of PHP) in /wordpress/wp-content/plugins/nhrrob-movies/vendor/composer/platform_check.php on line 17
[02-Jul-2025 23:35:06 UTC] PHP Warning:  fwrite() expects parameter 1 to be resource, string given in /wordpress/wp-content/plugins/nhrrob-movies/vendor/composer/platform_check.php on line 17
[02-Jul-2025 23:35:06 UTC] PHP Fatal error:  Composer detected issues in your platform: Your Composer dependencies require a PHP version ">= 8.2.0". You are running 7.4.31-dev. in /wordpress/wp-content/plugins/nhrrob-movies/vendor/composer/platform_check.php on line 24
[02-Jul-2025 23:35:19 UTC] PHP Warning:  Use of undefined constant STDERR - assumed 'STDERR' (this will throw an Error in a future version of PHP) in /wordpress/wp-content/plugins/nhrrob-movies/vendor/composer/platform_check.php on line 17
[02-Jul-2025 23:35:19 UTC] PHP Warning:  fwrite() expects parameter 1 to be resource, string given in /wordpress/wp-content/plugins/nhrrob-movies/vendor/composer/platform_check.php on line 17
[02-Jul-2025 23:35:19 UTC] PHP Fatal error:  Composer detected issues in your platform: Your Composer dependencies require a PHP version ">= 8.2.0". You are running 7.4.31-dev. in /wordpress/wp-content/plugins/nhrrob-movies/vendor/composer/platform_check.php on line 24
[02-Jul-2025 23:35:29 UTC] PHP Deprecated:  Function get_page_by_title is <strong>deprecated</strong> since version 6.2.0! Use WP_Query instead. in /wordpress/wp-includes/functions.php on line 6121
[02-Jul-2025 23:35:39 UTC] PHP Deprecated:  Function get_page_by_title is <strong>deprecated</strong> since version 6.2.0! Use WP_Query instead. in /wordpress/wp-includes/functions.php on line 6121
[02-Jul-2025 23:35:49 UTC] PHP Deprecated:  Function get_page_by_title is <strong>deprecated</strong> since version 6.2.0! Use WP_Query instead. in /wordpress/wp-includes/functions.php on line 6121
[02-Jul-2025 23:35:59 UTC] PHP Fatal error:  Uncaught Exception: The WooCommerce is not activated. in /wordpress/wp-content/plugins/payfull/payfull.php:23
Stack trace:
#0 /wordpress/wp-includes/class-wp-hook.php(324): payfull_init('')
#1 /wordpress/wp-includes/class-wp-hook.php(348): WP_Hook->apply_filters(NULL, Array)
#2 /wordpress/wp-includes/plugin.php(517): WP_Hook->do_action(Array)
#3 /wordpress/wp-settings.php(727): do_action('init')
#4 /wordpress/wp-config.php(102): require_once('/wordpress/wp-s...')
#5 /wordpress/wp-load.php(50): require_once('/wordpress/wp-c...')
#6 /internal/eval.php(3): require_once('/wordpress/wp-l...')
#7 {main}
  thrown in /wordpress/wp-content/plugins/payfull/payfull.php on line 23
[02-Jul-2025 23:36:09 UTC] PHP Fatal error:  Uncaught Exception: The WooCommerce is not activated. in /wordpress/wp-content/plugins/payfull/payfull.php:23
Stack trace:
#0 /wordpress/wp-includes/class-wp-hook.php(324): payfull_init('')
#1 /wordpress/wp-includes/class-wp-hook.php(348): WP_Hook->apply_filters(NULL, Array)
#2 /wordpress/wp-includes/plugin.php(517): WP_Hook->do_action(Array)
#3 /wordpress/wp-settings.php(727): do_action('init')
#4 /wordpress/wp-config.php(102): require_once('/wordpress/wp-s...')
#5 /wordpress/wp-load.php(50): require_once('/wordpress/wp-c...')
#6 /internal/eval.php(3): require_once('/wordpress/wp-l...')
#7 {main}
  thrown in /wordpress/wp-content/plugins/payfull/payfull.php on line 23
[02-Jul-2025 23:36:19 UTC] PHP Fatal error:  Uncaught Exception: The WooCommerce is not activated. in /wordpress/wp-content/plugins/payfull/payfull.php:23
Stack trace:
#0 /wordpress/wp-includes/class-wp-hook.php(324): payfull_init('')
#1 /wordpress/wp-includes/class-wp-hook.php(348): WP_Hook->apply_filters(NULL, Array)
#2 /wordpress/wp-includes/plugin.php(517): WP_Hook->do_action(Array)
#3 /wordpress/wp-settings.php(727): do_action('init')
#4 /wordpress/wp-config.php(102): require_once('/wordpress/wp-s...')
#5 /wordpress/wp-load.php(50): require_once('/wordpress/wp-c...')
#6 /internal/eval.php(3): require_once('/wordpress/wp-l...')
#7 {main}
  thrown in /wordpress/wp-content/plugins/payfull/payfull.php on line 23
[02-Jul-2025 23:36:59 UTC] PHP Fatal error:  Uncaught ArgumentCountError: Too few arguments to function WP_Widget::__construct(), 0 passed in /wordpress/wp-includes/class-wp-widget-factory.php on line 62 and at least 2 expected in /wordpress/wp-includes/class-wp-widget.php:163
Stack trace:
#0 /wordpress/wp-includes/class-wp-widget-factory.php(62): WP_Widget->__construct()
#1 /wordpress/wp-includes/widgets.php(123): WP_Widget_Factory->register('NBA_Fantasy_New...')
#2 /wordpress/wp-content/plugins/nba-fantasy-news-widget/nba-fantasy-news-widget.php(33): register_widget('NBA_Fantasy_New...')
#3 /wordpress/wp-includes/class-wp-hook.php(324): nba_fantasy_news_widget('')
#4 /wordpress/wp-includes/class-wp-hook.php(348): WP_Hook->apply_filters(NULL, Array)
#5 /wordpress/wp-includes/plugin.php(517): WP_Hook->do_action(Array)
#6 /wordpress/wp-includes/widgets.php(1870): do_action('widgets_init')
#7 /wordpress/wp-includes/class-wp-hook.php(324): wp_widgets_init('')
#8 /wordpress/wp-includes/class-wp-hook.php(348): WP_Hook->apply_filters(NULL, Array)
#9 /wordpress/wp-includes/plugin.php(517): WP_Hook->do_action(Array)
#10 /wordpress/wp-settings.php(727): do_action('init')
#11 /wordpress/wp-config.php(102): require_once('/wordpress/wp-s...')
#12 /wordpress/wp-load.php(50): require_once('/wordpress/wp-c...')
#13 /internal/eval.php(3): require_once('/wordpress/wp-l...')
#14 {main}
  thrown in /wordpress/wp-includes/class-wp-widget.php on line 163
[02-Jul-2025 23:37:08 UTC] PHP Fatal error:  Uncaught ArgumentCountError: Too few arguments to function WP_Widget::__construct(), 0 passed in /wordpress/wp-includes/class-wp-widget-factory.php on line 62 and at least 2 expected in /wordpress/wp-includes/class-wp-widget.php:163
Stack trace:
#0 /wordpress/wp-includes/class-wp-widget-factory.php(62): WP_Widget->__construct()
#1 /wordpress/wp-includes/widgets.php(123): WP_Widget_Factory->register('NBA_Fantasy_New...')
#2 /wordpress/wp-content/plugins/nba-fantasy-news-widget/nba-fantasy-news-widget.php(33): register_widget('NBA_Fantasy_New...')
#3 /wordpress/wp-includes/class-wp-hook.php(324): nba_fantasy_news_widget('')
#4 /wordpress/wp-includes/class-wp-hook.php(348): WP_Hook->apply_filters(NULL, Array)
#5 /wordpress/wp-includes/plugin.php(517): WP_Hook->do_action(Array)
#6 /wordpress/wp-includes/widgets.php(1870): do_action('widgets_init')
#7 /wordpress/wp-includes/class-wp-hook.php(324): wp_widgets_init('')
#8 /wordpress/wp-includes/class-wp-hook.php(348): WP_Hook->apply_filters(NULL, Array)
#9 /wordpress/wp-includes/plugin.php(517): WP_Hook->do_action(Array)
#10 /wordpress/wp-settings.php(727): do_action('init')
#11 /wordpress/wp-config.php(102): require_once('/wordpress/wp-s...')
#12 /wordpress/wp-load.php(50): require_once('/wordpress/wp-c...')
#13 /internal/eval.php(3): require_once('/wordpress/wp-l...')
#14 {main}
  thrown in /wordpress/wp-includes/class-wp-widget.php on line 163
[02-Jul-2025 23:37:18 UTC] PHP Fatal error:  Uncaught ArgumentCountError: Too few arguments to function WP_Widget::__construct(), 0 passed in /wordpress/wp-includes/class-wp-widget-factory.php on line 62 and at least 2 expected in /wordpress/wp-includes/class-wp-widget.php:163
Stack trace:
#0 /wordpress/wp-includes/class-wp-widget-factory.php(62): WP_Widget->__construct()
#1 /wordpress/wp-includes/widgets.php(123): WP_Widget_Factory->register('NBA_Fantasy_New...')
#2 /wordpress/wp-content/plugins/nba-fantasy-news-widget/nba-fantasy-news-widget.php(33): register_widget('NBA_Fantasy_New...')
#3 /wordpress/wp-includes/class-wp-hook.php(324): nba_fantasy_news_widget('')
#4 /wordpress/wp-includes/class-wp-hook.php(348): WP_Hook->apply_filters(NULL, Array)
#5 /wordpress/wp-includes/plugin.php(517): WP_Hook->do_action(Array)
#6 /wordpress/wp-includes/widgets.php(1870): do_action('widgets_init')
#7 /wordpress/wp-includes/class-wp-hook.php(324): wp_widgets_init('')
#8 /wordpress/wp-includes/class-wp-hook.php(348): WP_Hook->apply_filters(NULL, Array)
#9 /wordpress/wp-includes/plugin.php(517): WP_Hook->do_action(Array)
#10 /wordpress/wp-settings.php(727): do_action('init')
#11 /wordpress/wp-config.php(102): require_once('/wordpress/wp-s...')
#12 /wordpress/wp-load.php(50): require_once('/wordpress/wp-c...')
#13 /internal/eval.php(3): require_once('/wordpress/wp-l...')
#14 {main}
  thrown in /wordpress/wp-includes/class-wp-widget.php on line 163
[02-Jul-2025 23:37:27 UTC] PHP Deprecated:  Function add_option was called with an argument that is <strong>deprecated</strong> since version 2.3.0 with no alternative available. in /wordpress/wp-includes/functions.php on line 6121
[02-Jul-2025 23:37:27 UTC] PHP Warning:  Undefined variable $ads_id_1 in /wordpress/wp-content/plugins/ncaaf-news-scroller-lite/ncaaf-news-scroller-lite.php on line 59
[02-Jul-2025 23:37:27 UTC] PHP Warning:  mail(): Could not execute mail delivery program '/usr/sbin/sendmail -t -i' in /wordpress/wp-content/plugins/ncaaf-news-scroller-lite/ncaaf-news-scroller-lite.php on line 61
[02-Jul-2025 23:37:28 UTC] PHP Deprecated:  Function register_sidebar_widget is <strong>deprecated</strong> since version 2.8.0! Use wp_register_sidebar_widget() instead. in /wordpress/wp-includes/functions.php on line 6121
[02-Jul-2025 23:37:37 UTC] PHP Deprecated:  Function add_option was called with an argument that is <strong>deprecated</strong> since version 2.3.0 with no alternative available. in /wordpress/wp-includes/functions.php on line 6121
[02-Jul-2025 23:37:37 UTC] PHP Warning:  Undefined variable $ads_id_1 in /wordpress/wp-content/plugins/ncaaf-news-scroller-lite/ncaaf-news-scroller-lite.php on line 59
[02-Jul-2025 23:37:37 UTC] PHP Warning:  mail(): Could not execute mail delivery program '/usr/sbin/sendmail -t -i' in /wordpress/wp-content/plugins/ncaaf-news-scroller-lite/ncaaf-news-scroller-lite.php on line 61
[02-Jul-2025 23:37:38 UTC] PHP Deprecated:  Function register_sidebar_widget is <strong>deprecated</strong> since version 2.8.0! Use wp_register_sidebar_widget() instead. in /wordpress/wp-includes/functions.php on line 6121
[02-Jul-2025 23:37:46 UTC] PHP Deprecated:  Function add_option was called with an argument that is <strong>deprecated</strong> since version 2.3.0 with no alternative available. in /wordpress/wp-includes/functions.php on line 6121
[02-Jul-2025 23:37:46 UTC] PHP Warning:  Undefined variable $ads_id_1 in /wordpress/wp-content/plugins/ncaaf-news-scroller-lite/ncaaf-news-scroller-lite.php on line 59
[02-Jul-2025 23:37:46 UTC] PHP Warning:  mail(): Could not execute mail delivery program '/usr/sbin/sendmail -t -i' in /wordpress/wp-content/plugins/ncaaf-news-scroller-lite/ncaaf-news-scroller-lite.php on line 61
[02-Jul-2025 23:37:48 UTC] PHP Deprecated:  Function register_sidebar_widget is <strong>deprecated</strong> since version 2.8.0! Use wp_register_sidebar_widget() instead. in /wordpress/wp-includes/functions.php on line 6121

    at Object.onBind (file:///home/runner/work/playground-tester/playground-tester/node_modules/@wp-playground/cli/run-cli-j-geJYS3.js:325:15)
    at process.processTicksAndRejections (node:internal/process/task_queues:105:5)
    at async re (file:///home/runner/work/playground-tester/playground-tester/node_modules/@wp-playground/cli/run-cli-j-geJYS3.js:149:10) {
  [cause]: Error: Error when executing the blueprint step #5 ({"step":"installPlugin","pluginData":{"resource":"wordpress.org/plugins","slug":"posterous"},"options":{"activate":true}}) : Plugin /wordpress/wp-content/plugins/posterous could not be activated – WordPress exited with no error. Sometimes, when $_SERVER or site options are not configured correctly, WordPress exits early with a 301 redirect. Inspect the "debug" logs in the console for more details.
      at Object.run (file:///home/runner/work/playground-tester/playground-tester/node_modules/@wp-playground/blueprints/index.js:12093:19)
      at process.processTicksAndRejections (node:internal/process/task_queues:105:5)
      at async ys (file:///home/runner/work/playground-tester/playground-tester/node_modules/@wp-playground/blueprints/index.js:12196:3)
      at async Object.onBind (file:///home/runner/work/playground-tester/playground-tester/node_modules/@wp-playground/cli/run-cli-j-geJYS3.js:315:48)
      at async re (file:///home/runner/work/playground-tester/playground-tester/node_modules/@wp-playground/cli/run-cli-j-geJYS3.js:149:10) {
    [cause]: Error: Plugin /wordpress/wp-content/plugins/posterous could not be activated – WordPress exited with no error. Sometimes, when $_SERVER or site options are not configured correctly, WordPress exits early with a 301 redirect. Inspect the "debug" logs in the console for more details.
        at wr (file:///home/runner/work/playground-tester/playground-tester/node_modules/@wp-playground/blueprints/index.js:120:51)
        at process.processTicksAndRejections (node:internal/process/task_queues:105:5)
        at async Object.gt [as installPlugin] (file:///home/runner/work/playground-tester/playground-tester/node_modules/@wp-playground/blueprints/index.js:631:42)
        at async g (file:///home/runner/work/playground-tester/playground-tester/node_modules/@wp-playground/blueprints/index.js:12161:30)
        at async Object.run (file:///home/runner/work/playground-tester/playground-tester/node_modules/@wp-playground/blueprints/index.js:12090:23)
        at async ys (file:///home/runner/work/playground-tester/playground-tester/node_modules/@wp-playground/blueprints/index.js:12196:3)
        at async Object.onBind (file:///home/runner/work/playground-tester/playground-tester/node_modules/@wp-playground/cli/run-cli-j-geJYS3.js:315:48)
        at async re (file:///home/runner/work/playground-tester/playground-tester/node_modules/@wp-playground/cli/run-cli-j-geJYS3.js:149:10)
  }
}

Node.js v23.11.0
