file:///home/runner/work/playground-tester/playground-tester/node_modules/@wp-playground/cli/index.js:237
        throw new Error(y, { cause: u });
              ^

Error: [09-May-2025 17:49:12 UTC] PHP Fatal error:  Uncaught PDOException: SQLSTATE[HY000] [2002] Address family not supported by protocol in /wordpress/wp-content/plugins/hrefprompt/lib/db.class.php:25
Stack trace:
#0 /wordpress/wp-content/plugins/hrefprompt/lib/db.class.php(25): PDO->__construct('mysql:host=loca...', 'username_here', 'password_here')
#1 /wordpress/wp-content/plugins/hrefprompt/hrefprompt.php(54): hrefp_db->__construct()
#2 /wordpress/wp-admin/includes/plugin.php(2387): include_once('/wordpress/wp-c...')
#3 /wordpress/wp-admin/includes/plugin.php(673): plugin_sandbox_scrape('hrefprompt/href...')
#4 /internal/eval.php(20): activate_plugin('hrefprompt/href...')
#5 {main}
  thrown in /wordpress/wp-content/plugins/hrefprompt/lib/db.class.php on line 25
[09-May-2025 17:49:22 UTC] PHP Fatal error:  Uncaught PDOException: SQLSTATE[HY000] [2002] Address family not supported by protocol in /wordpress/wp-content/plugins/hrefprompt/lib/db.class.php:25
Stack trace:
#0 /wordpress/wp-content/plugins/hrefprompt/lib/db.class.php(25): PDO->__construct('mysql:host=loca...', 'username_here', 'password_here')
#1 /wordpress/wp-content/plugins/hrefprompt/hrefprompt.php(54): hrefp_db->__construct()
#2 /wordpress/wp-admin/includes/plugin.php(2387): include_once('/wordpress/wp-c...')
#3 /wordpress/wp-admin/includes/plugin.php(673): plugin_sandbox_scrape('hrefprompt/href...')
#4 /internal/eval.php(20): activate_plugin('hrefprompt/href...')
#5 {main}
  thrown in /wordpress/wp-content/plugins/hrefprompt/lib/db.class.php on line 25
[09-May-2025 17:49:31 UTC] PHP Fatal error:  Uncaught PDOException: SQLSTATE[HY000] [2002] Address family not supported by protocol in /wordpress/wp-content/plugins/hrefprompt/lib/db.class.php:25
Stack trace:
#0 /wordpress/wp-content/plugins/hrefprompt/lib/db.class.php(25): PDO->__construct('mysql:host=loca...', 'username_here', 'password_here')
#1 /wordpress/wp-content/plugins/hrefprompt/hrefprompt.php(54): hrefp_db->__construct()
#2 /wordpress/wp-admin/includes/plugin.php(2387): include_once('/wordpress/wp-c...')
#3 /wordpress/wp-admin/includes/plugin.php(673): plugin_sandbox_scrape('hrefprompt/href...')
#4 /internal/eval.php(20): activate_plugin('hrefprompt/href...')
#5 {main}
  thrown in /wordpress/wp-content/plugins/hrefprompt/lib/db.class.php on line 25
[09-May-2025 17:51:45 UTC] PHP Warning:  The magic method EDD_Blocks::__wakeup() must have public visibility in /wordpress/wp-content/plugins/edd-blocks/edd-blocks.php on line 101
[09-May-2025 17:51:46 UTC] PHP Warning:  The magic method EDD_Blocks::__wakeup() must have public visibility in /wordpress/wp-content/plugins/edd-blocks/edd-blocks.php on line 101
[09-May-2025 17:51:54 UTC] PHP Warning:  The magic method EDD_Blocks::__wakeup() must have public visibility in /wordpress/wp-content/plugins/edd-blocks/edd-blocks.php on line 101
[09-May-2025 17:51:55 UTC] PHP Warning:  The magic method EDD_Blocks::__wakeup() must have public visibility in /wordpress/wp-content/plugins/edd-blocks/edd-blocks.php on line 101
[09-May-2025 17:52:04 UTC] PHP Warning:  The magic method EDD_Blocks::__wakeup() must have public visibility in /wordpress/wp-content/plugins/edd-blocks/edd-blocks.php on line 101
[09-May-2025 17:52:05 UTC] PHP Warning:  The magic method EDD_Blocks::__wakeup() must have public visibility in /wordpress/wp-content/plugins/edd-blocks/edd-blocks.php on line 101
[09-May-2025 17:52:43 UTC] PHP Notice:  Function _load_textdomain_just_in_time was called <strong>incorrectly</strong>. Translation loading for the <code>ellypos_pay</code> domain was triggered too early. This is usually an indicator for some code in the plugin or theme running too early. Translations should be loaded at the <code>init</code> action or later. Please see <a href="https://developer.wordpress.org/advanced-administration/debug/debug-wordpress/">Debugging in WordPress</a> for more information. (This message was added in version 6.7.0.) in /wordpress/wp-includes/functions.php on line 6121
[09-May-2025 17:52:43 UTC] PHP Fatal error:  Uncaught Error: Class "WC_Payment_Gateway" not found in /wordpress/wp-content/plugins/ellypos-pay/ellypos-pay.php:42
Stack trace:
#0 /wordpress/wp-includes/class-wp-hook.php(324): init_ellypos_pay_class('')
#1 /wordpress/wp-includes/class-wp-hook.php(348): WP_Hook->apply_filters(NULL, Array)
#2 /wordpress/wp-includes/plugin.php(517): WP_Hook->do_action(Array)
#3 /wordpress/wp-settings.php(578): do_action('plugins_loaded')
#4 /wordpress/wp-config.php(102): require_once('/wordpress/wp-s...')
#5 /wordpress/wp-load.php(50): require_once('/wordpress/wp-c...')
#6 /internal/eval.php(3): require_once('/wordpress/wp-l...')
#7 {main}
  thrown in /wordpress/wp-content/plugins/ellypos-pay/ellypos-pay.php on line 42
[09-May-2025 17:52:53 UTC] PHP Notice:  Function _load_textdomain_just_in_time was called <strong>incorrectly</strong>. Translation loading for the <code>ellypos_pay</code> domain was triggered too early. This is usually an indicator for some code in the plugin or theme running too early. Translations should be loaded at the <code>init</code> action or later. Please see <a href="https://developer.wordpress.org/advanced-administration/debug/debug-wordpress/">Debugging in WordPress</a> for more information. (This message was added in version 6.7.0.) in /wordpress/wp-includes/functions.php on line 6121
[09-May-2025 17:52:53 UTC] PHP Fatal error:  Uncaught Error: Class "WC_Payment_Gateway" not found in /wordpress/wp-content/plugins/ellypos-pay/ellypos-pay.php:42
Stack trace:
#0 /wordpress/wp-includes/class-wp-hook.php(324): init_ellypos_pay_class('')
#1 /wordpress/wp-includes/class-wp-hook.php(348): WP_Hook->apply_filters(NULL, Array)
#2 /wordpress/wp-includes/plugin.php(517): WP_Hook->do_action(Array)
#3 /wordpress/wp-settings.php(578): do_action('plugins_loaded')
#4 /wordpress/wp-config.php(102): require_once('/wordpress/wp-s...')
#5 /wordpress/wp-load.php(50): require_once('/wordpress/wp-c...')
#6 /internal/eval.php(3): require_once('/wordpress/wp-l...')
#7 {main}
  thrown in /wordpress/wp-content/plugins/ellypos-pay/ellypos-pay.php on line 42
[09-May-2025 17:53:03 UTC] PHP Notice:  Function _load_textdomain_just_in_time was called <strong>incorrectly</strong>. Translation loading for the <code>ellypos_pay</code> domain was triggered too early. This is usually an indicator for some code in the plugin or theme running too early. Translations should be loaded at the <code>init</code> action or later. Please see <a href="https://developer.wordpress.org/advanced-administration/debug/debug-wordpress/">Debugging in WordPress</a> for more information. (This message was added in version 6.7.0.) in /wordpress/wp-includes/functions.php on line 6121
[09-May-2025 17:53:03 UTC] PHP Fatal error:  Uncaught Error: Class "WC_Payment_Gateway" not found in /wordpress/wp-content/plugins/ellypos-pay/ellypos-pay.php:42
Stack trace:
#0 /wordpress/wp-includes/class-wp-hook.php(324): init_ellypos_pay_class('')
#1 /wordpress/wp-includes/class-wp-hook.php(348): WP_Hook->apply_filters(NULL, Array)
#2 /wordpress/wp-includes/plugin.php(517): WP_Hook->do_action(Array)
#3 /wordpress/wp-settings.php(578): do_action('plugins_loaded')
#4 /wordpress/wp-config.php(102): require_once('/wordpress/wp-s...')
#5 /wordpress/wp-load.php(50): require_once('/wordpress/wp-c...')
#6 /internal/eval.php(3): require_once('/wordpress/wp-l...')
#7 {main}
  thrown in /wordpress/wp-content/plugins/ellypos-pay/ellypos-pay.php on line 42
[09-May-2025 17:53:40 UTC] PHP Fatal error:  Cannot declare class XmlParser, because the name is already in use in /wordpress/wp-content/plugins/hubpress/XmlParser.php on line 3
[09-May-2025 17:53:48 UTC] PHP Fatal error:  Cannot declare class XmlParser, because the name is already in use in /wordpress/wp-content/plugins/hubpress/XmlParser.php on line 3
[09-May-2025 17:53:55 UTC] PHP Fatal error:  Cannot declare class XmlParser, because the name is already in use in /wordpress/wp-content/plugins/hubpress/XmlParser.php on line 3
[09-May-2025 17:55:02 UTC] easy-pie-coming-soon:activate
[09-May-2025 17:55:02 UTC] WordPress database error <div style="clear:both">&nbsp;</div>
<div class="queries" style="clear:both;margin-bottom:2px;border:red dotted thin;">
<p>MySQL query:</p>
<p>CREATE INDEX public_id_idx ON wp_easy_pie_contacts (public_id);</p>
<p>Queries made or created this session were:</p>
<ol>
<li>Executing: BEGIN | (no parameters)</li>
<li>Executing: ROLLBACK | (no parameters)</li>
</ol>
</div>
<div style="clear:both;margin-bottom:2px;border:red dotted thin;" class="error_message" style="border-bottom:dotted blue thin;">
MySQL query not supported. Cause: statement type: "createStatement" > "createIndex"
</div>
<p>Backtrace:</p>
<pre>#0 /internal/shared/sqlite-database-integration/wp-includes/sqlite-ast/class-wp-sqlite-driver.php(848): WP_SQLite_Driver->new_not_supported_exception('statement type:...')
#1 /internal/shared/sqlite-database-integration/wp-includes/sqlite-ast/class-wp-sqlite-driver.php(669): WP_SQLite_Driver->execute_mysql_query(Object(WP_Parser_Node))
#2 /internal/shared/sqlite-database-integration/wp-includes/sqlite/class-wp-sqlite-db.php(491): WP_SQLite_Driver->query('CREATE INDEX pu...')
#3 /internal/shared/sqlite-database-integration/wp-includes/sqlite/class-wp-sqlite-db.php(432): WP_SQLite_DB->_do_query('CREATE INDEX pu...')
#4 /wordpress/wp-content/plugins/easy-pie-coming-soon/classes/Entities/class-ezp-cs-standard-entity-base.php(101): WP_SQLite_DB->query('CREATE INDEX pu...')
#5 /wordpress/wp-content/plugins/easy-pie-coming-soon/classes/Entities/crm/class-ezp-contact-entity.php(59): EZP_CS_Standard_Entity_Base::generic_init_table(Array, 'easy_pie_contac...', Array)
#6 /wordpress/wp-content/plugins/easy-pie-coming-soon/classes/class-ezp-cs.php(406): EZP_Contact_Entity::init_table()
#7 /wordpress/wp-includes/class-wp-hook.php(324): EZP_CS::activate(false)
#8 /wordpress/wp-includes/class-wp-hook.php(348): WP_Hook->apply_filters('', Array)
#9 /wordpress/wp-includes/plugin.php(517): WP_Hook->do_action(Array)
#10 /wordpress/wp-admin/includes/plugin.php(703): do_action('activate_easy-p...', false)
#11 /internal/eval.php(20): activate_plugin('easy-pie-coming...')
#12 {main}</pre>
 for query CREATE INDEX public_id_idx ON wp_easy_pie_contacts (public_id); made by activate_plugin, do_action('activate_easy-pie-coming-soon/easy-pie-coming-soon.php'), WP_Hook->do_action, WP_Hook->apply_filters, EZP_CS::activate, EZP_Contact_Entity::init_table, EZP_CS_Standard_Entity_Base::generic_init_table, WP_SQLite_DB->query, WP_SQLite_DB->print_error
[09-May-2025 17:55:04 UTC] PHP Notice:  Function _load_textdomain_just_in_time was called <strong>incorrectly</strong>. Translation loading for the <code>easy-pie-coming-soon</code> domain was triggered too early. This is usually an indicator for some code in the plugin or theme running too early. Translations should be loaded at the <code>init</code> action or later. Please see <a href="https://developer.wordpress.org/advanced-administration/debug/debug-wordpress/">Debugging in WordPress</a> for more information. (This message was added in version 6.7.0.) in /wordpress/wp-includes/functions.php on line 6121
[09-May-2025 17:55:13 UTC] easy-pie-coming-soon:activate
[09-May-2025 17:55:13 UTC] WordPress database error <div style="clear:both">&nbsp;</div>
<div class="queries" style="clear:both;margin-bottom:2px;border:red dotted thin;">
<p>MySQL query:</p>
<p>CREATE INDEX public_id_idx ON wp_easy_pie_contacts (public_id);</p>
<p>Queries made or created this session were:</p>
<ol>
<li>Executing: BEGIN | (no parameters)</li>
<li>Executing: ROLLBACK | (no parameters)</li>
</ol>
</div>
<div style="clear:both;margin-bottom:2px;border:red dotted thin;" class="error_message" style="border-bottom:dotted blue thin;">
Error occurred at line 4117 in Function <code>handle_error</code>. Error message was: Unknown create type: INDEX.
</div>
<p>Backtrace:</p>
<pre>#0 /internal/shared/sqlite-database-integration/wp-includes/sqlite/class-wp-sqlite-db.php(287): WP_SQLite_Translator->get_error_message()
#1 /wordpress/wp-content/plugins/easy-pie-coming-soon/classes/Entities/class-ezp-cs-standard-entity-base.php(101): WP_SQLite_DB->query('CREATE INDEX pu...')
#2 /wordpress/wp-content/plugins/easy-pie-coming-soon/classes/Entities/crm/class-ezp-contact-entity.php(59): EZP_CS_Standard_Entity_Base::generic_init_table(Array, 'easy_pie_contac...', Array)
#3 /wordpress/wp-content/plugins/easy-pie-coming-soon/classes/class-ezp-cs.php(406): EZP_Contact_Entity::init_table()
#4 /wordpress/wp-includes/class-wp-hook.php(324): EZP_CS::activate(false)
#5 /wordpress/wp-includes/class-wp-hook.php(348): WP_Hook->apply_filters('', Array)
#6 /wordpress/wp-includes/plugin.php(517): WP_Hook->do_action(Array)
#7 /wordpress/wp-admin/includes/plugin.php(703): do_action('activate_easy-p...', false)
#8 /internal/eval.php(20): activate_plugin('easy-pie-coming...')
#9 {main}</pre>
 for query CREATE INDEX public_id_idx ON wp_easy_pie_contacts (public_id); made by activate_plugin, do_action('activate_easy-pie-coming-soon/easy-pie-coming-soon.php'), WP_Hook->do_action, WP_Hook->apply_filters, EZP_CS::activate, EZP_Contact_Entity::init_table, EZP_CS_Standard_Entity_Base::generic_init_table, WP_SQLite_DB->query, WP_SQLite_DB->print_error
[09-May-2025 17:55:14 UTC] PHP Notice:  Function _load_textdomain_just_in_time was called <strong>incorrectly</strong>. Translation loading for the <code>easy-pie-coming-soon</code> domain was triggered too early. This is usually an indicator for some code in the plugin or theme running too early. Translations should be loaded at the <code>init</code> action or later. Please see <a href="https://developer.wordpress.org/advanced-administration/debug/debug-wordpress/">Debugging in WordPress</a> for more information. (This message was added in version 6.7.0.) in /wordpress/wp-includes/functions.php on line 6121
[09-May-2025 17:55:23 UTC] easy-pie-coming-soon:activate
[09-May-2025 17:55:23 UTC] WordPress database error <div style="clear:both">&nbsp;</div>
<div class="queries" style="clear:both;margin-bottom:2px;border:red dotted thin;">
<p>MySQL query:</p>
<p>CREATE INDEX public_id_idx ON wp_easy_pie_contacts (public_id);</p>
<p>Queries made or created this session were:</p>
<ol>
<li>Executing: BEGIN | (no parameters)</li>
<li>Executing: ROLLBACK | (no parameters)</li>
</ol>
</div>
<div style="clear:both;margin-bottom:2px;border:red dotted thin;" class="error_message" style="border-bottom:dotted blue thin;">
Error occurred at line 4117 in Function <code>handle_error</code>. Error message was: Unknown create type: INDEX.
</div>
<p>Backtrace:</p>
<pre>#0 /internal/shared/sqlite-database-integration/wp-includes/sqlite/class-wp-sqlite-db.php(287): WP_SQLite_Translator->get_error_message()
#1 /wordpress/wp-content/plugins/easy-pie-coming-soon/classes/Entities/class-ezp-cs-standard-entity-base.php(101): WP_SQLite_DB->query('CREATE INDEX pu...')
#2 /wordpress/wp-content/plugins/easy-pie-coming-soon/classes/Entities/crm/class-ezp-contact-entity.php(59): EZP_CS_Standard_Entity_Base::generic_init_table(Array, 'easy_pie_contac...', Array)
#3 /wordpress/wp-content/plugins/easy-pie-coming-soon/classes/class-ezp-cs.php(406): EZP_Contact_Entity::init_table()
#4 /wordpress/wp-includes/class-wp-hook.php(324): EZP_CS::activate(false)
#5 /wordpress/wp-includes/class-wp-hook.php(348): WP_Hook->apply_filters('', Array)
#6 /wordpress/wp-includes/plugin.php(517): WP_Hook->do_action(Array)
#7 /wordpress/wp-admin/includes/plugin.php(703): do_action('activate_easy-p...', false)
#8 /internal/eval.php(20): activate_plugin('easy-pie-coming...')
#9 {main}</pre>
 for query CREATE INDEX public_id_idx ON wp_easy_pie_contacts (public_id); made by activate_plugin, do_action('activate_easy-pie-coming-soon/easy-pie-coming-soon.php'), WP_Hook->do_action, WP_Hook->apply_filters, EZP_CS::activate, EZP_Contact_Entity::init_table, EZP_CS_Standard_Entity_Base::generic_init_table, WP_SQLite_DB->query, WP_SQLite_DB->print_error
[09-May-2025 17:55:24 UTC] PHP Notice:  Function _load_textdomain_just_in_time was called <strong>incorrectly</strong>. Translation loading for the <code>easy-pie-coming-soon</code> domain was triggered too early. This is usually an indicator for some code in the plugin or theme running too early. Translations should be loaded at the <code>init</code> action or later. Please see <a href="https://developer.wordpress.org/advanced-administration/debug/debug-wordpress/">Debugging in WordPress</a> for more information. (This message was added in version 6.7.0.) in /wordpress/wp-includes/functions.php on line 6121
[09-May-2025 17:57:28 UTC] WordPress database error <div style="clear:both">&nbsp;</div>
<div class="queries" style="clear:both;margin-bottom:2px;border:red dotted thin;">
<p>MySQL query:</p>
<p>
            ALTER TABLE `wp_edd_customers`
              ADD COLUMN `mail` char(3) NOT NULL default 'Y'
            </p>
<p>Queries made or created this session were:</p>
<ol>
<li>Executing: BEGIN | (no parameters)</li>
<li>Executing: SELECT 1 FROM sqlite_temp_schema WHERE type = 'table' AND name = ? | parameters: wp_edd_customers</li>
<li>Executing: SELECT COLUMN_NAME FROM `_wp_sqlite_mysql_information_schema_columns` WHERE table_schema = ? AND table_name = ? | parameters: database_name_here, wp_edd_customers</li>
<li>Executing: SELECT 1 FROM sqlite_temp_schema WHERE type = 'table' AND name = ? | parameters: wp_edd_customers</li>
<li>Executing: 
				SELECT MAX(ordinal_position)
				FROM `_wp_sqlite_mysql_information_schema_columns`
				WHERE table_schema = ?
				AND table_name = ?
			 | parameters: database_name_here, wp_edd_customers</li>
<li>Executing: INSERT INTO `_wp_sqlite_mysql_information_schema_columns` (`table_schema`, `table_name`, `column_name`, `ordinal_position`, `column_default`, `is_nullable`, `data_type`, `character_maximum_length`, `character_octet_length`, `numeric_precision`, `numeric_scale`, `datetime_precision`, `character_set_name`, `collation_name`, `column_type`, `column_key`, `extra`, `privileges`, `column_comment`, `generation_expression`, `srs_id`) VALUES (?, ?, ?, ?, ?, ?, ?, ?, ?, ?, ?, ?, ?, ?, ?, ?, ?, ?, ?, ?, ?) | parameters: database_name_here, wp_edd_customers, mail, 1, Y, NO, char, 3, 12, , , , utf8mb4, utf8mb4_general_ci, char(3), , , select,insert,update,references, , , </li>
<li>Executing: PRAGMA foreign_keys | (no parameters)</li>
<li>Executing: PRAGMA foreign_keys = OFF | (no parameters)</li>
<li>Executing: 
				SELECT *
				FROM `_wp_sqlite_mysql_information_schema_tables`
				WHERE table_type = 'BASE TABLE'
				AND table_schema = ?
				AND table_name = ?
			 | parameters: database_name_here, wp_edd_customers</li>
<li>Executing: ROLLBACK | (no parameters)</li>
</ol>
</div>
<div style="clear:both;margin-bottom:2px;border:red dotted thin;" class="error_message" style="border-bottom:dotted blue thin;">
Table 'wp_edd_customers' doesn't exist
</div>
<p>Backtrace:</p>
<pre>#0 /internal/shared/sqlite-database-integration/wp-includes/sqlite-ast/class-wp-sqlite-driver.php(3123): WP_SQLite_Driver->new_driver_exception('Table 'wp_edd_c...', '42S02')
#1 /internal/shared/sqlite-database-integration/wp-includes/sqlite-ast/class-wp-sqlite-driver.php(2800): WP_SQLite_Driver->get_sqlite_create_table_statement(false, 'wp_edd_customer...', '_wp_sqlite_tmp_...')
#2 /internal/shared/sqlite-database-integration/wp-includes/sqlite-ast/class-wp-sqlite-driver.php(1335): WP_SQLite_Driver->recreate_table_from_information_schema(false, 'wp_edd_customer...', Array)
#3 /internal/shared/sqlite-database-integration/wp-includes/sqlite-ast/class-wp-sqlite-driver.php(857): WP_SQLite_Driver->execute_alter_table_statement(Object(WP_Parser_Node))
#4 /internal/shared/sqlite-database-integration/wp-includes/sqlite-ast/class-wp-sqlite-driver.php(669): WP_SQLite_Driver->execute_mysql_query(Object(WP_Parser_Node))
#5 /internal/shared/sqlite-database-integration/wp-includes/sqlite/class-wp-sqlite-db.php(491): WP_SQLite_Driver->query('\n            AL...')
#6 /internal/shared/sqlite-database-integration/wp-includes/sqlite/class-wp-sqlite-db.php(432): WP_SQLite_DB->_do_query('\n            AL...')
#7 /wordpress/wp-content/plugins/edd-promo/edd.php(32): WP_SQLite_DB->query('\n            AL...')
#8 /wordpress/wp-includes/class-wp-hook.php(324): eddpromo_install(false)
#9 /wordpress/wp-includes/class-wp-hook.php(348): WP_Hook->apply_filters('', Array)
#10 /wordpress/wp-includes/plugin.php(517): WP_Hook->do_action(Array)
#11 /wordpress/wp-admin/includes/plugin.php(703): do_action('activate_edd-pr...', false)
#12 /internal/eval.php(20): activate_plugin('edd-promo/edd.p...')
#13 {main}</pre>
 for query 
            ALTER TABLE `wp_edd_customers`
              ADD COLUMN `mail` char(3) NOT NULL default 'Y'
             made by activate_plugin, do_action('activate_edd-promo/edd.php'), WP_Hook->do_action, WP_Hook->apply_filters, eddpromo_install, WP_SQLite_DB->query, WP_SQLite_DB->print_error
[09-May-2025 17:57:37 UTC] WordPress database error <div style="clear:both">&nbsp;</div>
<div class="queries" style="clear:both;margin-bottom:2px;border:red dotted thin;">
<p>MySQL query:</p>
<p>
            ALTER TABLE `wp_edd_customers`
              ADD COLUMN `mail` char(3) NOT NULL default 'Y'
            </p>
<p>Queries made or created this session were:</p>
<ol>
<li>Executing: BEGIN | (no parameters)</li>
<li>Executing: INSERT INTO _mysql_data_types_cache (`table`, `column_or_index`, `mysql_type`)
				VALUES (:table, :column, :datatype)
				ON CONFLICT(`table`, `column_or_index`) DO UPDATE SET `mysql_type` = :datatype
			 | parameters: wp_edd_customers, mail, char(3)</li>
<li>Executing: ALTER TABLE wp_edd_customers
              ADD COLUMN `mail` text NOT NULL default 'Y'
             | (no parameters)</li>
<li>Executing: ROLLBACK | (no parameters)</li>
</ol>
</div>
<div style="clear:both;margin-bottom:2px;border:red dotted thin;" class="error_message" style="border-bottom:dotted blue thin;">
Error occurred at line 4117 in Function <code>handle_error</code>. Error message was: SQLSTATE[HY000]: General error: 1 no such table: wp_edd_customers.
</div>
<p>Backtrace:</p>
<pre>#0 /internal/shared/sqlite-database-integration/wp-includes/sqlite/class-wp-sqlite-db.php(287): WP_SQLite_Translator->get_error_message()
#1 /wordpress/wp-content/plugins/edd-promo/edd.php(32): WP_SQLite_DB->query('\n            AL...')
#2 /wordpress/wp-includes/class-wp-hook.php(324): eddpromo_install(false)
#3 /wordpress/wp-includes/class-wp-hook.php(348): WP_Hook->apply_filters('', Array)
#4 /wordpress/wp-includes/plugin.php(517): WP_Hook->do_action(Array)
#5 /wordpress/wp-admin/includes/plugin.php(703): do_action('activate_edd-pr...', false)
#6 /internal/eval.php(20): activate_plugin('edd-promo/edd.p...')
#7 {main}</pre>
 for query 
            ALTER TABLE `wp_edd_customers`
              ADD COLUMN `mail` char(3) NOT NULL default 'Y'
             made by activate_plugin, do_action('activate_edd-promo/edd.php'), WP_Hook->do_action, WP_Hook->apply_filters, eddpromo_install, WP_SQLite_DB->query, WP_SQLite_DB->print_error
[09-May-2025 17:57:47 UTC] WordPress database error <div style="clear:both">&nbsp;</div>
<div class="queries" style="clear:both;margin-bottom:2px;border:red dotted thin;">
<p>MySQL query:</p>
<p>
            ALTER TABLE `wp_edd_customers`
              ADD COLUMN `mail` char(3) NOT NULL default 'Y'
            </p>
<p>Queries made or created this session were:</p>
<ol>
<li>Executing: BEGIN | (no parameters)</li>
<li>Executing: INSERT INTO _mysql_data_types_cache (`table`, `column_or_index`, `mysql_type`)
				VALUES (:table, :column, :datatype)
				ON CONFLICT(`table`, `column_or_index`) DO UPDATE SET `mysql_type` = :datatype
			 | parameters: wp_edd_customers, mail, char(3)</li>
<li>Executing: ALTER TABLE wp_edd_customers
              ADD COLUMN `mail` text NOT NULL default 'Y'
             | (no parameters)</li>
<li>Executing: ROLLBACK | (no parameters)</li>
</ol>
</div>
<div style="clear:both;margin-bottom:2px;border:red dotted thin;" class="error_message" style="border-bottom:dotted blue thin;">
Error occurred at line 4117 in Function <code>handle_error</code>. Error message was: SQLSTATE[HY000]: General error: 1 no such table: wp_edd_customers.
</div>
<p>Backtrace:</p>
<pre>#0 /internal/shared/sqlite-database-integration/wp-includes/sqlite/class-wp-sqlite-db.php(287): WP_SQLite_Translator->get_error_message()
#1 /wordpress/wp-content/plugins/edd-promo/edd.php(32): WP_SQLite_DB->query('\n            AL...')
#2 /wordpress/wp-includes/class-wp-hook.php(324): eddpromo_install(false)
#3 /wordpress/wp-includes/class-wp-hook.php(348): WP_Hook->apply_filters('', Array)
#4 /wordpress/wp-includes/plugin.php(517): WP_Hook->do_action(Array)
#5 /wordpress/wp-admin/includes/plugin.php(703): do_action('activate_edd-pr...', false)
#6 /internal/eval.php(20): activate_plugin('edd-promo/edd.p...')
#7 {main}</pre>
 for query 
            ALTER TABLE `wp_edd_customers`
              ADD COLUMN `mail` char(3) NOT NULL default 'Y'
             made by activate_plugin, do_action('activate_edd-promo/edd.php'), WP_Hook->do_action, WP_Hook->apply_filters, eddpromo_install, WP_SQLite_DB->query, WP_SQLite_DB->print_error
[09-May-2025 17:58:47 UTC] PHP Fatal error:  Uncaught ArgumentCountError: Too few arguments to function WP_Widget::__construct(), 0 passed in /wordpress/wp-includes/class-wp-widget-factory.php on line 62 and at least 2 expected in /wordpress/wp-includes/class-wp-widget.php:163
Stack trace:
#0 /wordpress/wp-includes/class-wp-widget-factory.php(62): WP_Widget->__construct()
#1 /wordpress/wp-includes/widgets.php(123): WP_Widget_Factory->register('Hey_Its_Flickr')
#2 /wordpress/wp-content/plugins/hey-its-a-flickr-widget/heyitsflickr.php(135): register_widget('Hey_Its_Flickr')
#3 /wordpress/wp-includes/class-wp-hook.php(324): heyitsflickrinit('')
#4 /wordpress/wp-includes/class-wp-hook.php(348): WP_Hook->apply_filters(NULL, Array)
#5 /wordpress/wp-includes/plugin.php(517): WP_Hook->do_action(Array)
#6 /wordpress/wp-includes/widgets.php(1870): do_action('widgets_init')
#7 /wordpress/wp-includes/class-wp-hook.php(324): wp_widgets_init('')
#8 /wordpress/wp-includes/class-wp-hook.php(348): WP_Hook->apply_filters(NULL, Array)
#9 /wordpress/wp-includes/plugin.php(517): WP_Hook->do_action(Array)
#10 /wordpress/wp-settings.php(727): do_action('init')
#11 /wordpress/wp-config.php(102): require_once('/wordpress/wp-s...')
#12 /wordpress/wp-load.php(50): require_once('/wordpress/wp-c...')
#13 /internal/eval.php(3): require_once('/wordpress/wp-l...')
#14 {main}
  thrown in /wordpress/wp-includes/class-wp-widget.php on line 163
[09-May-2025 17:58:56 UTC] PHP Fatal error:  Uncaught ArgumentCountError: Too few arguments to function WP_Widget::__construct(), 0 passed in /wordpress/wp-includes/class-wp-widget-factory.php on line 62 and at least 2 expected in /wordpress/wp-includes/class-wp-widget.php:163
Stack trace:
#0 /wordpress/wp-includes/class-wp-widget-factory.php(62): WP_Widget->__construct()
#1 /wordpress/wp-includes/widgets.php(123): WP_Widget_Factory->register('Hey_Its_Flickr')
#2 /wordpress/wp-content/plugins/hey-its-a-flickr-widget/heyitsflickr.php(135): register_widget('Hey_Its_Flickr')
#3 /wordpress/wp-includes/class-wp-hook.php(324): heyitsflickrinit('')
#4 /wordpress/wp-includes/class-wp-hook.php(348): WP_Hook->apply_filters(NULL, Array)
#5 /wordpress/wp-includes/plugin.php(517): WP_Hook->do_action(Array)
#6 /wordpress/wp-includes/widgets.php(1870): do_action('widgets_init')
#7 /wordpress/wp-includes/class-wp-hook.php(324): wp_widgets_init('')
#8 /wordpress/wp-includes/class-wp-hook.php(348): WP_Hook->apply_filters(NULL, Array)
#9 /wordpress/wp-includes/plugin.php(517): WP_Hook->do_action(Array)
#10 /wordpress/wp-settings.php(727): do_action('init')
#11 /wordpress/wp-config.php(102): require_once('/wordpress/wp-s...')
#12 /wordpress/wp-load.php(50): require_once('/wordpress/wp-c...')
#13 /internal/eval.php(3): require_once('/wordpress/wp-l...')
#14 {main}
  thrown in /wordpress/wp-includes/class-wp-widget.php on line 163
[09-May-2025 17:59:05 UTC] PHP Fatal error:  Uncaught ArgumentCountError: Too few arguments to function WP_Widget::__construct(), 0 passed in /wordpress/wp-includes/class-wp-widget-factory.php on line 62 and at least 2 expected in /wordpress/wp-includes/class-wp-widget.php:163
Stack trace:
#0 /wordpress/wp-includes/class-wp-widget-factory.php(62): WP_Widget->__construct()
#1 /wordpress/wp-includes/widgets.php(123): WP_Widget_Factory->register('Hey_Its_Flickr')
#2 /wordpress/wp-content/plugins/hey-its-a-flickr-widget/heyitsflickr.php(135): register_widget('Hey_Its_Flickr')
#3 /wordpress/wp-includes/class-wp-hook.php(324): heyitsflickrinit('')
#4 /wordpress/wp-includes/class-wp-hook.php(348): WP_Hook->apply_filters(NULL, Array)
#5 /wordpress/wp-includes/plugin.php(517): WP_Hook->do_action(Array)
#6 /wordpress/wp-includes/widgets.php(1870): do_action('widgets_init')
#7 /wordpress/wp-includes/class-wp-hook.php(324): wp_widgets_init('')
#8 /wordpress/wp-includes/class-wp-hook.php(348): WP_Hook->apply_filters(NULL, Array)
#9 /wordpress/wp-includes/plugin.php(517): WP_Hook->do_action(Array)
#10 /wordpress/wp-settings.php(727): do_action('init')
#11 /wordpress/wp-config.php(102): require_once('/wordpress/wp-s...')
#12 /wordpress/wp-load.php(50): require_once('/wordpress/wp-c...')
#13 /internal/eval.php(3): require_once('/wordpress/wp-l...')
#14 {main}
  thrown in /wordpress/wp-includes/class-wp-widget.php on line 163

    at Object.onBind (file:///home/runner/work/playground-tester/playground-tester/node_modules/@wp-playground/cli/index.js:237:15)
    at process.processTicksAndRejections (node:internal/process/task_queues:105:5)
    at async V (file:///home/runner/work/playground-tester/playground-tester/node_modules/@wp-playground/cli/index.js:64:10)
    at async ja (file:///home/runner/work/playground-tester/playground-tester/node_modules/@wp-playground/cli/cli.js:8161:12) {
  [cause]: Error: Error when executing the blueprint step #1 ({"step":"installPlugin","pluginData":{"resource":"wordpress.org/plugins","slug":"hey-its-a-flickr-widget"},"options":{"activate":true}}) : PHP.run() failed with exit code 255 and the following output: 
      at Object.run (file:///home/runner/work/playground-tester/playground-tester/node_modules/@wp-playground/blueprints/index.js:12449:19)
      at process.processTicksAndRejections (node:internal/process/task_queues:105:5)
      at async ms (file:///home/runner/work/playground-tester/playground-tester/node_modules/@wp-playground/blueprints/index.js:12552:3)
      ... 2 lines matching cause stack trace ...
      at async ja (file:///home/runner/work/playground-tester/playground-tester/node_modules/@wp-playground/cli/cli.js:8161:12) {
    [cause]: PHPExecutionFailureError: PHP.run() failed with exit code 255 and the following output: 
        at PHP.run (file:///home/runner/work/playground-tester/playground-tester/node_modules/@php-wasm/universal/index.js:987:19)
        at process.processTicksAndRejections (node:internal/process/task_queues:105:5)
        at async wr (file:///home/runner/work/playground-tester/playground-tester/node_modules/@wp-playground/blueprints/index.js:73:13)
        at async Object.gt [as installPlugin] (file:///home/runner/work/playground-tester/playground-tester/node_modules/@wp-playground/blueprints/index.js:974:42)
        at async g (file:///home/runner/work/playground-tester/playground-tester/node_modules/@wp-playground/blueprints/index.js:12517:30)
        at async Object.run (file:///home/runner/work/playground-tester/playground-tester/node_modules/@wp-playground/blueprints/index.js:12446:23)
        at async ms (file:///home/runner/work/playground-tester/playground-tester/node_modules/@wp-playground/blueprints/index.js:12552:3)
        at async Object.onBind (file:///home/runner/work/playground-tester/playground-tester/node_modules/@wp-playground/cli/index.js:227:48)
        at async V (file:///home/runner/work/playground-tester/playground-tester/node_modules/@wp-playground/cli/index.js:64:10)
        at async ja (file:///home/runner/work/playground-tester/playground-tester/node_modules/@wp-playground/cli/cli.js:8161:12) {
      response: PHPResponse {
        httpStatusCode: 500,
        headers: {
          'x-powered-by': [ 'PHP/8.0.30-dev' ],
          'content-type': [ 'text/html; charset=UTF-8' ],
          expires: [ 'Wed, 11 Jan 1984 05:00:00 GMT' ],
          'cache-control': [ 'no-cache, must-revalidate, max-age=0, no-store, private' ]
        },
        bytes: Uint8Array(2653) [
           60,  33,  68,  79,  67,  84,  89,  80,  69,  32, 104, 116,
          109, 108,  62,  10,  60, 104, 116, 109, 108,  32, 108,  97,
          110, 103,  61,  34, 101, 110,  45,  85,  83,  34,  62,  10,
           60, 104, 101,  97, 100,  62,  10,   9,  60, 109, 101, 116,
           97,  32, 104, 116, 116, 112,  45, 101, 113, 117, 105, 118,
           61,  34,  67, 111, 110, 116, 101, 110, 116,  45,  84, 121,
          112, 101,  34,  32,  99, 111, 110, 116, 101, 110, 116,  61,
           34, 116, 101, 120, 116,  47, 104, 116, 109, 108,  59,  32,
           99, 104,  97, 114,
          ... 2553 more items
        ],
        exitCode: 255,
        errors: ''
      },
      source: 'request'
    }
  }
}

Node.js v23.11.0
