[
{"message":"file:///home/runner/work/playground-tester/playground-tester/node_modules/@wp-playground/cli/run-cli-j-geJYS3.js:325\n        throw new Error($, { cause: h });\n              ^\n","level":"FATAL","type":"PLAYGROUND","test":"asyncify-boot","plugin":"wp-facebook-registrationtool","details":"file:///home/runner/work/playground-tester/playground-tester/node_modules/@wp-playground/cli/run-cli-j-geJYS3.js:325\n        throw new Error($, { cause: h });\n              ^\n","log":"/tmp/tmp.TNuEnlkNKT"}
,
{"message":"Undefined variable $Base_name in /wordpress/wp-content/plugins/wp-auto-backup/Data.php on line 47","level":"WARNING","type":"PHP","test":"asyncify-boot","plugin":"wp-facebook-registrationtool","details":"[07-Jul-2025 07:29:43 UTC] PHP Warning:  Undefined variable $Base_name in /wordpress/wp-content/plugins/wp-auto-backup/Data.php on line 47","log":"/logs/plugins/w/wp-facebook-registrationtool/error.json"}
,
{"message":"Uncaught PDOException: SQLSTATE[HY000] [2002] Address family not supported by protocol in /wordpress/wp-content/plugins/wp-auto-backup/Store.class.php:16","level":"FATAL","type":"PHP","test":"asyncify-boot","plugin":"wp-facebook-registrationtool","details":"[07-Jul-2025 07:29:43 UTC] PHP Fatal error:  Uncaught PDOException: SQLSTATE[HY000] [2002] Address family not supported by protocol in /wordpress/wp-content/plugins/wp-auto-backup/Store.class.php:16\nStack trace:\n#0 /wordpress/wp-content/plugins/wp-auto-backup/Store.class.php(16): PDO->__construct('mysql:host=;dbn...', '', '')\n#1 /wordpress/wp-content/plugins/wp-auto-backup/Store.class.php(44): dj_store->Open_DataBase()\n#2 /wordpress/wp-content/plugins/wp-auto-backup/Database_Backup.php(361): dj_store->Sql_Operation_WR('\\nCREATE TABLE I...')\n#3 /wordpress/wp-content/plugins/wp-auto-backup/Main.php(61): dj_operation->Create_BackUp_Table()\n#4 /wordpress/wp-includes/class-wp-hook.php(324): dj_databases_backup->create_options_table('')\n#5 /wordpress/wp-includes/class-wp-hook.php(348): WP_Hook->apply_filters(NULL, Array)\n#6 /wordpress/wp-includes/plugin.php(517): WP_Hook->do_action(Array)\n#7 /wordpress/wp-settings.php(727): do_action('init')\n#8 /wordpress/wp-config.php(102): require_once('/wordpress/wp-s...')\n#9 /wordpress/wp-load.php(50): require_once('/wordpress/wp-c...')\n#10 /internal/eval.php(3): require_once('/wordpress/wp-l...')\n#11 {main}\n  thrown in /wordpress/wp-content/plugins/wp-auto-backup/Store.class.php on line 16","log":"/logs/plugins/w/wp-facebook-registrationtool/error.json"}
,
{"message":"Undefined variable $Base_name in /wordpress/wp-content/plugins/wp-auto-backup/Data.php on line 47","level":"WARNING","type":"PHP","test":"asyncify-boot","plugin":"wp-facebook-registrationtool","details":"[07-Jul-2025 07:29:52 UTC] PHP Warning:  Undefined variable $Base_name in /wordpress/wp-content/plugins/wp-auto-backup/Data.php on line 47","log":"/logs/plugins/w/wp-facebook-registrationtool/error.json"}
,
{"message":"Uncaught PDOException: SQLSTATE[HY000] [2002] Address family not supported by protocol in /wordpress/wp-content/plugins/wp-auto-backup/Store.class.php:16","level":"FATAL","type":"PHP","test":"asyncify-boot","plugin":"wp-facebook-registrationtool","details":"[07-Jul-2025 07:29:53 UTC] PHP Fatal error:  Uncaught PDOException: SQLSTATE[HY000] [2002] Address family not supported by protocol in /wordpress/wp-content/plugins/wp-auto-backup/Store.class.php:16\nStack trace:\n#0 /wordpress/wp-content/plugins/wp-auto-backup/Store.class.php(16): PDO->__construct('mysql:host=;dbn...', '', '')\n#1 /wordpress/wp-content/plugins/wp-auto-backup/Store.class.php(44): dj_store->Open_DataBase()\n#2 /wordpress/wp-content/plugins/wp-auto-backup/Database_Backup.php(361): dj_store->Sql_Operation_WR('\\nCREATE TABLE I...')\n#3 /wordpress/wp-content/plugins/wp-auto-backup/Main.php(61): dj_operation->Create_BackUp_Table()\n#4 /wordpress/wp-includes/class-wp-hook.php(324): dj_databases_backup->create_options_table('')\n#5 /wordpress/wp-includes/class-wp-hook.php(348): WP_Hook->apply_filters(NULL, Array)\n#6 /wordpress/wp-includes/plugin.php(517): WP_Hook->do_action(Array)\n#7 /wordpress/wp-settings.php(727): do_action('init')\n#8 /wordpress/wp-config.php(102): require_once('/wordpress/wp-s...')\n#9 /wordpress/wp-load.php(50): require_once('/wordpress/wp-c...')\n#10 /internal/eval.php(3): require_once('/wordpress/wp-l...')\n#11 {main}\n  thrown in /wordpress/wp-content/plugins/wp-auto-backup/Store.class.php on line 16","log":"/logs/plugins/w/wp-facebook-registrationtool/error.json"}
,
{"message":"Undefined variable $Base_name in /wordpress/wp-content/plugins/wp-auto-backup/Data.php on line 47","level":"WARNING","type":"PHP","test":"asyncify-boot","plugin":"wp-facebook-registrationtool","details":"[07-Jul-2025 07:30:01 UTC] PHP Warning:  Undefined variable $Base_name in /wordpress/wp-content/plugins/wp-auto-backup/Data.php on line 47","log":"/logs/plugins/w/wp-facebook-registrationtool/error.json"}
,
{"message":"Uncaught PDOException: SQLSTATE[HY000] [2002] Address family not supported by protocol in /wordpress/wp-content/plugins/wp-auto-backup/Store.class.php:16","level":"FATAL","type":"PHP","test":"asyncify-boot","plugin":"wp-facebook-registrationtool","details":"[07-Jul-2025 07:30:02 UTC] PHP Fatal error:  Uncaught PDOException: SQLSTATE[HY000] [2002] Address family not supported by protocol in /wordpress/wp-content/plugins/wp-auto-backup/Store.class.php:16\nStack trace:\n#0 /wordpress/wp-content/plugins/wp-auto-backup/Store.class.php(16): PDO->__construct('mysql:host=;dbn...', '', '')\n#1 /wordpress/wp-content/plugins/wp-auto-backup/Store.class.php(44): dj_store->Open_DataBase()\n#2 /wordpress/wp-content/plugins/wp-auto-backup/Database_Backup.php(361): dj_store->Sql_Operation_WR('\\nCREATE TABLE I...')\n#3 /wordpress/wp-content/plugins/wp-auto-backup/Main.php(61): dj_operation->Create_BackUp_Table()\n#4 /wordpress/wp-includes/class-wp-hook.php(324): dj_databases_backup->create_options_table('')\n#5 /wordpress/wp-includes/class-wp-hook.php(348): WP_Hook->apply_filters(NULL, Array)\n#6 /wordpress/wp-includes/plugin.php(517): WP_Hook->do_action(Array)\n#7 /wordpress/wp-settings.php(727): do_action('init')\n#8 /wordpress/wp-config.php(102): require_once('/wordpress/wp-s...')\n#9 /wordpress/wp-load.php(50): require_once('/wordpress/wp-c...')\n#10 /internal/eval.php(3): require_once('/wordpress/wp-l...')\n#11 {main}\n  thrown in /wordpress/wp-content/plugins/wp-auto-backup/Store.class.php on line 16","log":"/logs/plugins/w/wp-facebook-registrationtool/error.json"}
,
{"message":"Function _load_textdomain_just_in_time was called <strong>incorrectly</strong>. Translation loading for the <code>wp-email-template</code> domain was triggered too early. This is usually an indicator for some code in the plugin or theme running too early. Translations should be loaded at the <code>init</code> action or later. Please see <a href=\"https://developer.wordpress.org/advanced-administration/debug/debug-wordpress/\">Debugging in WordPress</a> for more information. (This message was added in version 6.7.0.) in /wordpress/wp-includes/functions.php on line 6121","level":"NOTICE","type":"PHP","test":"asyncify-boot","plugin":"wp-facebook-registrationtool","details":"[07-Jul-2025 07:31:04 UTC] PHP Notice:  Function _load_textdomain_just_in_time was called <strong>incorrectly</strong>. Translation loading for the <code>wp-email-template</code> domain was triggered too early. This is usually an indicator for some code in the plugin or theme running too early. Translations should be loaded at the <code>init</code> action or later. Please see <a href=\"https://developer.wordpress.org/advanced-administration/debug/debug-wordpress/\">Debugging in WordPress</a> for more information. (This message was added in version 6.7.0.) in /wordpress/wp-includes/functions.php on line 6121","log":"/logs/plugins/w/wp-facebook-registrationtool/error.json"}
,
{"message":"Function _load_textdomain_just_in_time was called <strong>incorrectly</strong>. Translation loading for the <code>wp-email-template</code> domain was triggered too early. This is usually an indicator for some code in the plugin or theme running too early. Translations should be loaded at the <code>init</code> action or later. Please see <a href=\"https://developer.wordpress.org/advanced-administration/debug/debug-wordpress/\">Debugging in WordPress</a> for more information. (This message was added in version 6.7.0.) in /wordpress/wp-includes/functions.php on line 6121","level":"NOTICE","type":"PHP","test":"asyncify-boot","plugin":"wp-facebook-registrationtool","details":"[07-Jul-2025 07:31:15 UTC] PHP Notice:  Function _load_textdomain_just_in_time was called <strong>incorrectly</strong>. Translation loading for the <code>wp-email-template</code> domain was triggered too early. This is usually an indicator for some code in the plugin or theme running too early. Translations should be loaded at the <code>init</code> action or later. Please see <a href=\"https://developer.wordpress.org/advanced-administration/debug/debug-wordpress/\">Debugging in WordPress</a> for more information. (This message was added in version 6.7.0.) in /wordpress/wp-includes/functions.php on line 6121","log":"/logs/plugins/w/wp-facebook-registrationtool/error.json"}
,
{"message":"Function _load_textdomain_just_in_time was called <strong>incorrectly</strong>. Translation loading for the <code>wp-email-template</code> domain was triggered too early. This is usually an indicator for some code in the plugin or theme running too early. Translations should be loaded at the <code>init</code> action or later. Please see <a href=\"https://developer.wordpress.org/advanced-administration/debug/debug-wordpress/\">Debugging in WordPress</a> for more information. (This message was added in version 6.7.0.) in /wordpress/wp-includes/functions.php on line 6121","level":"NOTICE","type":"PHP","test":"asyncify-boot","plugin":"wp-facebook-registrationtool","details":"[07-Jul-2025 07:31:28 UTC] PHP Notice:  Function _load_textdomain_just_in_time was called <strong>incorrectly</strong>. Translation loading for the <code>wp-email-template</code> domain was triggered too early. This is usually an indicator for some code in the plugin or theme running too early. Translations should be loaded at the <code>init</code> action or later. Please see <a href=\"https://developer.wordpress.org/advanced-administration/debug/debug-wordpress/\">Debugging in WordPress</a> for more information. (This message was added in version 6.7.0.) in /wordpress/wp-includes/functions.php on line 6121","log":"/logs/plugins/w/wp-facebook-registrationtool/error.json"}
,
{"message":"Undefined array key \"action\" in /wordpress/wp-content/plugins/wp-export-users-plus/wp_export_users_plus.php on line 12","level":"WARNING","type":"PHP","test":"asyncify-boot","plugin":"wp-facebook-registrationtool","details":"[07-Jul-2025 07:31:36 UTC] PHP Warning:  Undefined array key \"action\" in /wordpress/wp-content/plugins/wp-export-users-plus/wp_export_users_plus.php on line 12","log":"/logs/plugins/w/wp-facebook-registrationtool/error.json"}
,
{"message":"Undefined array key \"action\" in /wordpress/wp-content/plugins/wp-export-users-plus/wp_export_users_plus.php on line 14","level":"WARNING","type":"PHP","test":"asyncify-boot","plugin":"wp-facebook-registrationtool","details":"[07-Jul-2025 07:31:36 UTC] PHP Warning:  Undefined array key \"action\" in /wordpress/wp-content/plugins/wp-export-users-plus/wp_export_users_plus.php on line 14","log":"/logs/plugins/w/wp-facebook-registrationtool/error.json"}
,
{"message":"Undefined array key \"action\" in /wordpress/wp-content/plugins/wp-export-users-plus/wp_export_users_plus.php on line 12","level":"WARNING","type":"PHP","test":"asyncify-boot","plugin":"wp-facebook-registrationtool","details":"[07-Jul-2025 07:31:37 UTC] PHP Warning:  Undefined array key \"action\" in /wordpress/wp-content/plugins/wp-export-users-plus/wp_export_users_plus.php on line 12","log":"/logs/plugins/w/wp-facebook-registrationtool/error.json"}
,
{"message":"Undefined array key \"action\" in /wordpress/wp-content/plugins/wp-export-users-plus/wp_export_users_plus.php on line 14","level":"WARNING","type":"PHP","test":"asyncify-boot","plugin":"wp-facebook-registrationtool","details":"[07-Jul-2025 07:31:37 UTC] PHP Warning:  Undefined array key \"action\" in /wordpress/wp-content/plugins/wp-export-users-plus/wp_export_users_plus.php on line 14","log":"/logs/plugins/w/wp-facebook-registrationtool/error.json"}
,
{"message":"Undefined array key \"action\" in /wordpress/wp-content/plugins/wp-export-users-plus/wp_export_users_plus.php on line 12","level":"WARNING","type":"PHP","test":"asyncify-boot","plugin":"wp-facebook-registrationtool","details":"[07-Jul-2025 07:31:43 UTC] PHP Warning:  Undefined array key \"action\" in /wordpress/wp-content/plugins/wp-export-users-plus/wp_export_users_plus.php on line 12","log":"/logs/plugins/w/wp-facebook-registrationtool/error.json"}
,
{"message":"Undefined array key \"action\" in /wordpress/wp-content/plugins/wp-export-users-plus/wp_export_users_plus.php on line 14","level":"WARNING","type":"PHP","test":"asyncify-boot","plugin":"wp-facebook-registrationtool","details":"[07-Jul-2025 07:31:43 UTC] PHP Warning:  Undefined array key \"action\" in /wordpress/wp-content/plugins/wp-export-users-plus/wp_export_users_plus.php on line 14","log":"/logs/plugins/w/wp-facebook-registrationtool/error.json"}
,
{"message":"Undefined array key \"action\" in /wordpress/wp-content/plugins/wp-export-users-plus/wp_export_users_plus.php on line 12","level":"WARNING","type":"PHP","test":"asyncify-boot","plugin":"wp-facebook-registrationtool","details":"[07-Jul-2025 07:31:44 UTC] PHP Warning:  Undefined array key \"action\" in /wordpress/wp-content/plugins/wp-export-users-plus/wp_export_users_plus.php on line 12","log":"/logs/plugins/w/wp-facebook-registrationtool/error.json"}
,
{"message":"Undefined array key \"action\" in /wordpress/wp-content/plugins/wp-export-users-plus/wp_export_users_plus.php on line 14","level":"WARNING","type":"PHP","test":"asyncify-boot","plugin":"wp-facebook-registrationtool","details":"[07-Jul-2025 07:31:44 UTC] PHP Warning:  Undefined array key \"action\" in /wordpress/wp-content/plugins/wp-export-users-plus/wp_export_users_plus.php on line 14","log":"/logs/plugins/w/wp-facebook-registrationtool/error.json"}
,
{"message":"Undefined array key \"action\" in /wordpress/wp-content/plugins/wp-export-users-plus/wp_export_users_plus.php on line 12","level":"WARNING","type":"PHP","test":"asyncify-boot","plugin":"wp-facebook-registrationtool","details":"[07-Jul-2025 07:31:52 UTC] PHP Warning:  Undefined array key \"action\" in /wordpress/wp-content/plugins/wp-export-users-plus/wp_export_users_plus.php on line 12","log":"/logs/plugins/w/wp-facebook-registrationtool/error.json"}
,
{"message":"Undefined array key \"action\" in /wordpress/wp-content/plugins/wp-export-users-plus/wp_export_users_plus.php on line 14","level":"WARNING","type":"PHP","test":"asyncify-boot","plugin":"wp-facebook-registrationtool","details":"[07-Jul-2025 07:31:52 UTC] PHP Warning:  Undefined array key \"action\" in /wordpress/wp-content/plugins/wp-export-users-plus/wp_export_users_plus.php on line 14","log":"/logs/plugins/w/wp-facebook-registrationtool/error.json"}
,
{"message":"Undefined array key \"action\" in /wordpress/wp-content/plugins/wp-export-users-plus/wp_export_users_plus.php on line 12","level":"WARNING","type":"PHP","test":"asyncify-boot","plugin":"wp-facebook-registrationtool","details":"[07-Jul-2025 07:31:53 UTC] PHP Warning:  Undefined array key \"action\" in /wordpress/wp-content/plugins/wp-export-users-plus/wp_export_users_plus.php on line 12","log":"/logs/plugins/w/wp-facebook-registrationtool/error.json"}
,
{"message":"Undefined array key \"action\" in /wordpress/wp-content/plugins/wp-export-users-plus/wp_export_users_plus.php on line 14","level":"WARNING","type":"PHP","test":"asyncify-boot","plugin":"wp-facebook-registrationtool","details":"[07-Jul-2025 07:31:53 UTC] PHP Warning:  Undefined array key \"action\" in /wordpress/wp-content/plugins/wp-export-users-plus/wp_export_users_plus.php on line 14\n\n    at Object.onBind (file:///home/runner/work/playground-tester/playground-tester/node_modules/@wp-playground/cli/run-cli-j-geJYS3.js:325:15)\n    at process.processTicksAndRejections (node:internal/process/task_queues:105:5)\n    at async re (file:///home/runner/work/playground-tester/playground-tester/node_modules/@wp-playground/cli/run-cli-j-geJYS3.js:149:10) {\n  [cause]: Error: Error when executing the blueprint step #1 ({\"step\":\"installPlugin\",\"pluginData\":{\"resource\":\"wordpress.org/plugins\",\"slug\":\"wp-facebook-registrationtool\"},\"options\":{\"activate\":true}}) : Could not download \"https://downloads.wordpress.org/plugin/wp-facebook-registrationtool.latest-stable.zip\".\n  \t\t\t\tCheck if the URL is correct and the server is reachable.\n  \t\t\t\tIf it is reachable, the server might be blocking the request.\n  \t\t\t\tCheck the browser console and network tabs for more information.\n  \n  \t\t\t\t## Does the console show the error \"No 'Access-Control-Allow-Origin' header\"?\n  \n  \t\t\t\tThis means the server that hosts your file does not allow requests from other sites\n  \t\t\t\t(cross-origin requests, or CORS).\tYou need to move the asset to a server that allows\n  \t\t\t\tcross-origin file downloads. Learn more about CORS at\n  \t\t\t\thttps://developer.mozilla.org/en-US/docs/Web/HTTP/CORS.\n  \n  \t\t\t\tIf your file is on GitHub, load it from \"raw.githubusercontent.com\".\n  \t\t\t\tHere's how to do that:\n  \n  \t\t\t\t1. Start with the original GitHub URL of the file. For example:\n  \t\t\t\thttps://github.com/username/repository/blob/branch/filename.\n  \t\t\t\t2. Replace \"github.com\" with \"raw.githubusercontent.com\".\n  \t\t\t\t3. Remove the \"/blob/\" part of the URL.\n  \n  \t\t\t\tThe resulting URL should look like this:\n  \t\t\t\thttps://raw.githubusercontent.com/username/repository/branch/filename\n  \n  \t\t\t\tError:\n  \t\t\t\tError: Could not download \"https://downloads.wordpress.org/plugin/wp-facebook-registrationtool.latest-stable.zip\"\n      at Object.run (file:///home/runner/work/playground-tester/playground-tester/node_modules/@wp-playground/blueprints/index.js:12093:19)\n      at process.processTicksAndRejections (node:internal/process/task_queues:105:5)\n      at async ys (file:///home/runner/work/playground-tester/playground-tester/node_modules/@wp-playground/blueprints/index.js:12196:3)\n      at async Object.onBind (file:///home/runner/work/playground-tester/playground-tester/node_modules/@wp-playground/cli/run-cli-j-geJYS3.js:315:48)\n      at async re (file:///home/runner/work/playground-tester/playground-tester/node_modules/@wp-playground/cli/run-cli-j-geJYS3.js:149:10) {\n    [cause]: Error: Could not download \"https://downloads.wordpress.org/plugin/wp-facebook-registrationtool.latest-stable.zip\".\n    \t\t\t\tCheck if the URL is correct and the server is reachable.\n    \t\t\t\tIf it is reachable, the server might be blocking the request.\n    \t\t\t\tCheck the browser console and network tabs for more information.\n    \n    \t\t\t\t## Does the console show the error \"No 'Access-Control-Allow-Origin' header\"?\n    \n    \t\t\t\tThis means the server that hosts your file does not allow requests from other sites\n    \t\t\t\t(cross-origin requests, or CORS).\tYou need to move the asset to a server that allows\n    \t\t\t\tcross-origin file downloads. Learn more about CORS at\n    \t\t\t\thttps://developer.mozilla.org/en-US/docs/Web/HTTP/CORS.\n    \n    \t\t\t\tIf your file is on GitHub, load it from \"raw.githubusercontent.com\".\n    \t\t\t\tHere's how to do that:\n    \n    \t\t\t\t1. Start with the original GitHub URL of the file. For example:\n    \t\t\t\thttps://github.com/username/repository/blob/branch/filename.\n    \t\t\t\t2. Replace \"github.com\" with \"raw.githubusercontent.com\".\n    \t\t\t\t3. Remove the \"/blob/\" part of the URL.\n    \n    \t\t\t\tThe resulting URL should look like this:\n    \t\t\t\thttps://raw.githubusercontent.com/username/repository/branch/filename\n    \n    \t\t\t\tError:\n    \t\t\t\tError: Could not download \"https://downloads.wordpress.org/plugin/wp-facebook-registrationtool.latest-stable.zip\"\n        at Ct.resolve (file:///home/runner/work/playground-tester/playground-tester/node_modules/@wp-playground/blueprints/index.js:1129:13)\n        at process.processTicksAndRejections (node:internal/process/task_queues:105:5)\n        at async _.run (file:///home/runner/work/playground-tester/playground-tester/node_modules/@php-wasm/util/index.js:45:14)\n  }\n}\n\n","log":"/logs/plugins/w/wp-facebook-registrationtool/error.json"}
]
