[
{"message":"file:///home/runner/work/playground-tester/playground-tester/node_modules/@wp-playground/cli/index.js:237\n        throw new Error(y, { cause: u });\n              ^\n","level":"FATAL","type":"PLAYGROUND","test":"ast-sqlite-boot","plugin":"wonderflow-reviews-and-videos","details":"file:///home/runner/work/playground-tester/playground-tester/node_modules/@wp-playground/cli/index.js:237\n        throw new Error(y, { cause: u });\n              ^\n","log":"/tmp/tmp.z40AK1TkwO"}
,
{"message":"The called constructor method for WP_Widget class in Called_in_Widget is <strong>deprecated</strong> since version 4.3.0! Use <code>__construct()</code> instead. in /wordpress/wp-includes/functions.php on line 6121","level":"DEPRECATED","type":"PHP","test":"ast-sqlite-boot","plugin":"wonderflow-reviews-and-videos","details":"[16-May-2025 16:34:05 UTC] PHP Deprecated:  The called constructor method for WP_Widget class in Called_in_Widget is <strong>deprecated</strong> since version 4.3.0! Use <code>__construct()</code> instead. in /wordpress/wp-includes/functions.php on line 6121","log":"/logs/plugins/w/wonderflow-reviews-and-videos/error.json"}
,
{"message":"The called constructor method for WP_Widget class in Called_in_Widget is <strong>deprecated</strong> since version 4.3.0! Use <code>__construct()</code> instead. in /wordpress/wp-includes/functions.php on line 6121","level":"DEPRECATED","type":"PHP","test":"ast-sqlite-boot","plugin":"wonderflow-reviews-and-videos","details":"[16-May-2025 16:34:14 UTC] PHP Deprecated:  The called constructor method for WP_Widget class in Called_in_Widget is <strong>deprecated</strong> since version 4.3.0! Use <code>__construct()</code> instead. in /wordpress/wp-includes/functions.php on line 6121","log":"/logs/plugins/w/wonderflow-reviews-and-videos/error.json"}
,
{"message":"The called constructor method for WP_Widget class in Called_in_Widget is <strong>deprecated</strong> since version 4.3.0! Use <code>__construct()</code> instead. in /wordpress/wp-includes/functions.php on line 6121","level":"DEPRECATED","type":"PHP","test":"ast-sqlite-boot","plugin":"wonderflow-reviews-and-videos","details":"[16-May-2025 16:34:22 UTC] PHP Deprecated:  The called constructor method for WP_Widget class in Called_in_Widget is <strong>deprecated</strong> since version 4.3.0! Use <code>__construct()</code> instead. in /wordpress/wp-includes/functions.php on line 6121","log":"/logs/plugins/w/wonderflow-reviews-and-videos/error.json"}
,
{"message":"Uncaught Exception: mCrypt extension seems not to be installed in /wordpress/wp-content/plugins/wp-faucet-direct/lib/block_io.php:11","level":"FATAL","type":"PHP","test":"ast-sqlite-boot","plugin":"wonderflow-reviews-and-videos","details":"[16-May-2025 16:36:16 UTC] PHP Fatal error:  Uncaught Exception: mCrypt extension seems not to be installed in /wordpress/wp-content/plugins/wp-faucet-direct/lib/block_io.php:11\nStack trace:\n#0 /wordpress/wp-content/plugins/wp-faucet-direct/wp-faucet-direct.php(17): require_once()\n#1 /wordpress/wp-admin/includes/plugin.php(2387): include_once('/wordpress/wp-c...')\n#2 /wordpress/wp-admin/includes/plugin.php(673): plugin_sandbox_scrape('wp-faucet-direc...')\n#3 /internal/eval.php(20): activate_plugin('wp-faucet-direc...')\n#4 {main}\n  thrown in /wordpress/wp-content/plugins/wp-faucet-direct/lib/block_io.php on line 11","log":"/logs/plugins/w/wonderflow-reviews-and-videos/error.json"}
,
{"message":"Uncaught Exception: mCrypt extension seems not to be installed in /wordpress/wp-content/plugins/wp-faucet-direct/lib/block_io.php:11","level":"FATAL","type":"PHP","test":"ast-sqlite-boot","plugin":"wonderflow-reviews-and-videos","details":"[16-May-2025 16:36:23 UTC] PHP Fatal error:  Uncaught Exception: mCrypt extension seems not to be installed in /wordpress/wp-content/plugins/wp-faucet-direct/lib/block_io.php:11\nStack trace:\n#0 /wordpress/wp-content/plugins/wp-faucet-direct/wp-faucet-direct.php(17): require_once()\n#1 /wordpress/wp-admin/includes/plugin.php(2387): include_once('/wordpress/wp-c...')\n#2 /wordpress/wp-admin/includes/plugin.php(673): plugin_sandbox_scrape('wp-faucet-direc...')\n#3 /internal/eval.php(20): activate_plugin('wp-faucet-direc...')\n#4 {main}\n  thrown in /wordpress/wp-content/plugins/wp-faucet-direct/lib/block_io.php on line 11","log":"/logs/plugins/w/wonderflow-reviews-and-videos/error.json"}
,
{"message":"Uncaught Exception: mCrypt extension seems not to be installed in /wordpress/wp-content/plugins/wp-faucet-direct/lib/block_io.php:11","level":"FATAL","type":"PHP","test":"ast-sqlite-boot","plugin":"wonderflow-reviews-and-videos","details":"[16-May-2025 16:36:31 UTC] PHP Fatal error:  Uncaught Exception: mCrypt extension seems not to be installed in /wordpress/wp-content/plugins/wp-faucet-direct/lib/block_io.php:11\nStack trace:\n#0 /wordpress/wp-content/plugins/wp-faucet-direct/wp-faucet-direct.php(17): require_once()\n#1 /wordpress/wp-admin/includes/plugin.php(2387): include_once('/wordpress/wp-c...')\n#2 /wordpress/wp-admin/includes/plugin.php(673): plugin_sandbox_scrape('wp-faucet-direc...')\n#3 /internal/eval.php(20): activate_plugin('wp-faucet-direc...')\n#4 {main}\n  thrown in /wordpress/wp-content/plugins/wp-faucet-direct/lib/block_io.php on line 11","log":"/logs/plugins/w/wonderflow-reviews-and-videos/error.json"}
,
{"message":"Trying to access array offset on value of type bool in /wordpress/wp-content/plugins/w2ski-widget/includes/class-w2ski-widget.php on line 28","level":"WARNING","type":"PHP","test":"ast-sqlite-boot","plugin":"wonderflow-reviews-and-videos","details":"[16-May-2025 16:37:36 UTC] PHP Warning:  Trying to access array offset on value of type bool in /wordpress/wp-content/plugins/w2ski-widget/includes/class-w2ski-widget.php on line 28","log":"/logs/plugins/w/wonderflow-reviews-and-videos/error.json"}
,
{"message":"Trying to access array offset on value of type bool in /wordpress/wp-content/plugins/w2ski-widget/includes/class-w2ski-widget.php on line 28","level":"WARNING","type":"PHP","test":"ast-sqlite-boot","plugin":"wonderflow-reviews-and-videos","details":"[16-May-2025 16:37:45 UTC] PHP Warning:  Trying to access array offset on value of type bool in /wordpress/wp-content/plugins/w2ski-widget/includes/class-w2ski-widget.php on line 28","log":"/logs/plugins/w/wonderflow-reviews-and-videos/error.json"}
,
{"message":"Trying to access array offset on value of type bool in /wordpress/wp-content/plugins/w2ski-widget/includes/class-w2ski-widget.php on line 28","level":"WARNING","type":"PHP","test":"ast-sqlite-boot","plugin":"wonderflow-reviews-and-videos","details":"[16-May-2025 16:37:54 UTC] PHP Warning:  Trying to access array offset on value of type bool in /wordpress/wp-content/plugins/w2ski-widget/includes/class-w2ski-widget.php on line 28","log":"/logs/plugins/w/wonderflow-reviews-and-videos/error.json"}
,
{"message":"Uncaught ValueError: Unknown format specifier \"a\" in /wordpress/wp-content/plugins/wp-responsive-testimonials-slider-and-widget/includes/rtsw-post-types.php:20","level":"FATAL","type":"PHP","test":"ast-sqlite-boot","plugin":"wonderflow-reviews-and-videos","details":"[16-May-2025 16:38:05 UTC] PHP Fatal error:  Uncaught ValueError: Unknown format specifier \"a\" in /wordpress/wp-content/plugins/wp-responsive-testimonials-slider-and-widget/includes/rtsw-post-types.php:20\nStack trace:\n#0 /wordpress/wp-content/plugins/wp-responsive-testimonials-slider-and-widget/includes/rtsw-post-types.php(20): sprintf('Search %a', 'Testimonials')\n#1 /wordpress/wp-includes/class-wp-hook.php(324): rstw_post_type_testimonials('')\n#2 /wordpress/wp-includes/class-wp-hook.php(348): WP_Hook->apply_filters(NULL, Array)\n#3 /wordpress/wp-includes/plugin.php(517): WP_Hook->do_action(Array)\n#4 /wordpress/wp-settings.php(727): do_action('init')\n#5 /wordpress/wp-config.php(102): require_once('/wordpress/wp-s...')\n#6 /wordpress/wp-load.php(50): require_once('/wordpress/wp-c...')\n#7 /internal/eval.php(3): require_once('/wordpress/wp-l...')\n#8 {main}\n  thrown in /wordpress/wp-content/plugins/wp-responsive-testimonials-slider-and-widget/includes/rtsw-post-types.php on line 20","log":"/logs/plugins/w/wonderflow-reviews-and-videos/error.json"}
,
{"message":"Uncaught ValueError: Unknown format specifier \"a\" in /wordpress/wp-content/plugins/wp-responsive-testimonials-slider-and-widget/includes/rtsw-post-types.php:20","level":"FATAL","type":"PHP","test":"ast-sqlite-boot","plugin":"wonderflow-reviews-and-videos","details":"[16-May-2025 16:38:14 UTC] PHP Fatal error:  Uncaught ValueError: Unknown format specifier \"a\" in /wordpress/wp-content/plugins/wp-responsive-testimonials-slider-and-widget/includes/rtsw-post-types.php:20\nStack trace:\n#0 /wordpress/wp-content/plugins/wp-responsive-testimonials-slider-and-widget/includes/rtsw-post-types.php(20): sprintf('Search %a', 'Testimonials')\n#1 /wordpress/wp-includes/class-wp-hook.php(324): rstw_post_type_testimonials('')\n#2 /wordpress/wp-includes/class-wp-hook.php(348): WP_Hook->apply_filters(NULL, Array)\n#3 /wordpress/wp-includes/plugin.php(517): WP_Hook->do_action(Array)\n#4 /wordpress/wp-settings.php(727): do_action('init')\n#5 /wordpress/wp-config.php(102): require_once('/wordpress/wp-s...')\n#6 /wordpress/wp-load.php(50): require_once('/wordpress/wp-c...')\n#7 /internal/eval.php(3): require_once('/wordpress/wp-l...')\n#8 {main}\n  thrown in /wordpress/wp-content/plugins/wp-responsive-testimonials-slider-and-widget/includes/rtsw-post-types.php on line 20","log":"/logs/plugins/w/wonderflow-reviews-and-videos/error.json"}
,
{"message":"Uncaught ValueError: Unknown format specifier \"a\" in /wordpress/wp-content/plugins/wp-responsive-testimonials-slider-and-widget/includes/rtsw-post-types.php:20","level":"FATAL","type":"PHP","test":"ast-sqlite-boot","plugin":"wonderflow-reviews-and-videos","details":"[16-May-2025 16:38:23 UTC] PHP Fatal error:  Uncaught ValueError: Unknown format specifier \"a\" in /wordpress/wp-content/plugins/wp-responsive-testimonials-slider-and-widget/includes/rtsw-post-types.php:20\nStack trace:\n#0 /wordpress/wp-content/plugins/wp-responsive-testimonials-slider-and-widget/includes/rtsw-post-types.php(20): sprintf('Search %a', 'Testimonials')\n#1 /wordpress/wp-includes/class-wp-hook.php(324): rstw_post_type_testimonials('')\n#2 /wordpress/wp-includes/class-wp-hook.php(348): WP_Hook->apply_filters(NULL, Array)\n#3 /wordpress/wp-includes/plugin.php(517): WP_Hook->do_action(Array)\n#4 /wordpress/wp-settings.php(727): do_action('init')\n#5 /wordpress/wp-config.php(102): require_once('/wordpress/wp-s...')\n#6 /wordpress/wp-load.php(50): require_once('/wordpress/wp-c...')\n#7 /internal/eval.php(3): require_once('/wordpress/wp-l...')\n#8 {main}\n  thrown in /wordpress/wp-content/plugins/wp-responsive-testimonials-slider-and-widget/includes/rtsw-post-types.php on line 20","log":"/logs/plugins/w/wonderflow-reviews-and-videos/error.json"}
,
{"message":"Uncaught Error: Call to undefined function create_function() in /wordpress/wp-content/plugins/wp-users-list-widget/wp-users-list-widget.php:104","level":"FATAL","type":"PHP","test":"ast-sqlite-boot","plugin":"wonderflow-reviews-and-videos","details":"[16-May-2025 16:39:50 UTC] PHP Fatal error:  Uncaught Error: Call to undefined function create_function() in /wordpress/wp-content/plugins/wp-users-list-widget/wp-users-list-widget.php:104\nStack trace:\n#0 /wordpress/wp-admin/includes/plugin.php(2387): include_once()\n#1 /wordpress/wp-admin/includes/plugin.php(673): plugin_sandbox_scrape('wp-users-list-w...')\n#2 /internal/eval.php(20): activate_plugin('wp-users-list-w...')\n#3 {main}\n  thrown in /wordpress/wp-content/plugins/wp-users-list-widget/wp-users-list-widget.php on line 104","log":"/logs/plugins/w/wonderflow-reviews-and-videos/error.json"}
,
{"message":"Uncaught Error: Call to undefined function create_function() in /wordpress/wp-content/plugins/wp-users-list-widget/wp-users-list-widget.php:104","level":"FATAL","type":"PHP","test":"ast-sqlite-boot","plugin":"wonderflow-reviews-and-videos","details":"[16-May-2025 16:39:57 UTC] PHP Fatal error:  Uncaught Error: Call to undefined function create_function() in /wordpress/wp-content/plugins/wp-users-list-widget/wp-users-list-widget.php:104\nStack trace:\n#0 /wordpress/wp-admin/includes/plugin.php(2387): include_once()\n#1 /wordpress/wp-admin/includes/plugin.php(673): plugin_sandbox_scrape('wp-users-list-w...')\n#2 /internal/eval.php(20): activate_plugin('wp-users-list-w...')\n#3 {main}\n  thrown in /wordpress/wp-content/plugins/wp-users-list-widget/wp-users-list-widget.php on line 104","log":"/logs/plugins/w/wonderflow-reviews-and-videos/error.json"}
,
{"message":"Uncaught Error: Call to undefined function create_function() in /wordpress/wp-content/plugins/wp-users-list-widget/wp-users-list-widget.php:104","level":"FATAL","type":"PHP","test":"ast-sqlite-boot","plugin":"wonderflow-reviews-and-videos","details":"[16-May-2025 16:40:04 UTC] PHP Fatal error:  Uncaught Error: Call to undefined function create_function() in /wordpress/wp-content/plugins/wp-users-list-widget/wp-users-list-widget.php:104\nStack trace:\n#0 /wordpress/wp-admin/includes/plugin.php(2387): include_once()\n#1 /wordpress/wp-admin/includes/plugin.php(673): plugin_sandbox_scrape('wp-users-list-w...')\n#2 /internal/eval.php(20): activate_plugin('wp-users-list-w...')\n#3 {main}\n  thrown in /wordpress/wp-content/plugins/wp-users-list-widget/wp-users-list-widget.php on line 104","log":"/logs/plugins/w/wonderflow-reviews-and-videos/error.json"}
,
{"message":"Uncaught Error: Class \"WC_Payment_Gateway\" not found in /wordpress/wp-content/plugins/watupay/watu-wc-payment.php:27","level":"FATAL","type":"PHP","test":"ast-sqlite-boot","plugin":"wonderflow-reviews-and-videos","details":"[16-May-2025 16:40:13 UTC] PHP Fatal error:  Uncaught Error: Class \"WC_Payment_Gateway\" not found in /wordpress/wp-content/plugins/watupay/watu-wc-payment.php:27\nStack trace:\n#0 /wordpress/wp-includes/class-wp-hook.php(324): watu_init_gateway_class('')\n#1 /wordpress/wp-includes/class-wp-hook.php(348): WP_Hook->apply_filters(NULL, Array)\n#2 /wordpress/wp-includes/plugin.php(517): WP_Hook->do_action(Array)\n#3 /wordpress/wp-settings.php(578): do_action('plugins_loaded')\n#4 /wordpress/wp-config.php(102): require_once('/wordpress/wp-s...')\n#5 /wordpress/wp-load.php(50): require_once('/wordpress/wp-c...')\n#6 /internal/eval.php(3): require_once('/wordpress/wp-l...')\n#7 {main}\n  thrown in /wordpress/wp-content/plugins/watupay/watu-wc-payment.php on line 27","log":"/logs/plugins/w/wonderflow-reviews-and-videos/error.json"}
,
{"message":"Uncaught Error: Class \"WC_Payment_Gateway\" not found in /wordpress/wp-content/plugins/watupay/watu-wc-payment.php:27","level":"FATAL","type":"PHP","test":"ast-sqlite-boot","plugin":"wonderflow-reviews-and-videos","details":"[16-May-2025 16:40:22 UTC] PHP Fatal error:  Uncaught Error: Class \"WC_Payment_Gateway\" not found in /wordpress/wp-content/plugins/watupay/watu-wc-payment.php:27\nStack trace:\n#0 /wordpress/wp-includes/class-wp-hook.php(324): watu_init_gateway_class('')\n#1 /wordpress/wp-includes/class-wp-hook.php(348): WP_Hook->apply_filters(NULL, Array)\n#2 /wordpress/wp-includes/plugin.php(517): WP_Hook->do_action(Array)\n#3 /wordpress/wp-settings.php(578): do_action('plugins_loaded')\n#4 /wordpress/wp-config.php(102): require_once('/wordpress/wp-s...')\n#5 /wordpress/wp-load.php(50): require_once('/wordpress/wp-c...')\n#6 /internal/eval.php(3): require_once('/wordpress/wp-l...')\n#7 {main}\n  thrown in /wordpress/wp-content/plugins/watupay/watu-wc-payment.php on line 27","log":"/logs/plugins/w/wonderflow-reviews-and-videos/error.json"}
,
{"message":"Uncaught Error: Class \"WC_Payment_Gateway\" not found in /wordpress/wp-content/plugins/watupay/watu-wc-payment.php:27","level":"FATAL","type":"PHP","test":"ast-sqlite-boot","plugin":"wonderflow-reviews-and-videos","details":"[16-May-2025 16:40:31 UTC] PHP Fatal error:  Uncaught Error: Class \"WC_Payment_Gateway\" not found in /wordpress/wp-content/plugins/watupay/watu-wc-payment.php:27\nStack trace:\n#0 /wordpress/wp-includes/class-wp-hook.php(324): watu_init_gateway_class('')\n#1 /wordpress/wp-includes/class-wp-hook.php(348): WP_Hook->apply_filters(NULL, Array)\n#2 /wordpress/wp-includes/plugin.php(517): WP_Hook->do_action(Array)\n#3 /wordpress/wp-settings.php(578): do_action('plugins_loaded')\n#4 /wordpress/wp-config.php(102): require_once('/wordpress/wp-s...')\n#5 /wordpress/wp-load.php(50): require_once('/wordpress/wp-c...')\n#6 /internal/eval.php(3): require_once('/wordpress/wp-l...')\n#7 {main}\n  thrown in /wordpress/wp-content/plugins/watupay/watu-wc-payment.php on line 27","log":"/logs/plugins/w/wonderflow-reviews-and-videos/error.json"}
,
{"message":"Function _load_textdomain_just_in_time was called <strong>incorrectly</strong>. Translation loading for the <code>woocommerce</code> domain was triggered too early. This is usually an indicator for some code in the plugin or theme running too early. Translations should be loaded at the <code>init</code> action or later. Please see <a href=\"https://developer.wordpress.org/advanced-administration/debug/debug-wordpress/\">Debugging in WordPress</a> for more information. (This message was added in version 6.7.0.) in /wordpress/wp-includes/functions.php on line 6121","level":"NOTICE","type":"PHP","test":"ast-sqlite-boot","plugin":"wonderflow-reviews-and-videos","details":"[16-May-2025 16:41:03 UTC] PHP Notice:  Function _load_textdomain_just_in_time was called <strong>incorrectly</strong>. Translation loading for the <code>woocommerce</code> domain was triggered too early. This is usually an indicator for some code in the plugin or theme running too early. Translations should be loaded at the <code>init</code> action or later. Please see <a href=\"https://developer.wordpress.org/advanced-administration/debug/debug-wordpress/\">Debugging in WordPress</a> for more information. (This message was added in version 6.7.0.) in /wordpress/wp-includes/functions.php on line 6121","log":"/logs/plugins/w/wonderflow-reviews-and-videos/error.json"}
,
{"message":"Function _load_textdomain_just_in_time was called <strong>incorrectly</strong>. Translation loading for the <code>woocommerce</code> domain was triggered too early. This is usually an indicator for some code in the plugin or theme running too early. Translations should be loaded at the <code>init</code> action or later. Please see <a href=\"https://developer.wordpress.org/advanced-administration/debug/debug-wordpress/\">Debugging in WordPress</a> for more information. (This message was added in version 6.7.0.) in /wordpress/wp-includes/functions.php on line 6121","level":"NOTICE","type":"PHP","test":"ast-sqlite-boot","plugin":"wonderflow-reviews-and-videos","details":"[16-May-2025 16:41:45 UTC] PHP Notice:  Function _load_textdomain_just_in_time was called <strong>incorrectly</strong>. Translation loading for the <code>woocommerce</code> domain was triggered too early. This is usually an indicator for some code in the plugin or theme running too early. Translations should be loaded at the <code>init</code> action or later. Please see <a href=\"https://developer.wordpress.org/advanced-administration/debug/debug-wordpress/\">Debugging in WordPress</a> for more information. (This message was added in version 6.7.0.) in /wordpress/wp-includes/functions.php on line 6121","log":"/logs/plugins/w/wonderflow-reviews-and-videos/error.json"}
,
{"message":"Function _load_textdomain_just_in_time was called <strong>incorrectly</strong>. Translation loading for the <code>woocommerce</code> domain was triggered too early. This is usually an indicator for some code in the plugin or theme running too early. Translations should be loaded at the <code>init</code> action or later. Please see <a href=\"https://developer.wordpress.org/advanced-administration/debug/debug-wordpress/\">Debugging in WordPress</a> for more information. (This message was added in version 6.7.0.) in /wordpress/wp-includes/functions.php on line 6121","level":"NOTICE","type":"PHP","test":"ast-sqlite-boot","plugin":"wonderflow-reviews-and-videos","details":"[16-May-2025 16:42:27 UTC] PHP Notice:  Function _load_textdomain_just_in_time was called <strong>incorrectly</strong>. Translation loading for the <code>woocommerce</code> domain was triggered too early. This is usually an indicator for some code in the plugin or theme running too early. Translations should be loaded at the <code>init</code> action or later. Please see <a href=\"https://developer.wordpress.org/advanced-administration/debug/debug-wordpress/\">Debugging in WordPress</a> for more information. (This message was added in version 6.7.0.) in /wordpress/wp-includes/functions.php on line 6121","log":"/logs/plugins/w/wonderflow-reviews-and-videos/error.json"}
,
{"message":"File class-phpmailer.php is <strong>deprecated</strong> since version 5.5.0! Use wp-includes/PHPMailer/PHPMailer.php instead. The PHPMailer class has been moved to wp-includes/PHPMailer subdirectory and now uses the PHPMailer\\PHPMailer namespace. in /wordpress/wp-includes/functions.php on line 6121","level":"DEPRECATED","type":"PHP","test":"ast-sqlite-boot","plugin":"wonderflow-reviews-and-videos","details":"[16-May-2025 16:43:12 UTC] PHP Deprecated:  File class-phpmailer.php is <strong>deprecated</strong> since version 5.5.0! Use wp-includes/PHPMailer/PHPMailer.php instead. The PHPMailer class has been moved to wp-includes/PHPMailer subdirectory and now uses the PHPMailer\\PHPMailer namespace. in /wordpress/wp-includes/functions.php on line 6121","log":"/logs/plugins/w/wonderflow-reviews-and-videos/error.json"}
,
{"message":"File class-smtp.php is <strong>deprecated</strong> since version 5.5.0! Use wp-includes/PHPMailer/SMTP.php instead. The SMTP class has been moved to the wp-includes/PHPMailer subdirectory and now uses the PHPMailer\\PHPMailer namespace. in /wordpress/wp-includes/functions.php on line 6121","level":"DEPRECATED","type":"PHP","test":"ast-sqlite-boot","plugin":"wonderflow-reviews-and-videos","details":"[16-May-2025 16:43:12 UTC] PHP Deprecated:  File class-smtp.php is <strong>deprecated</strong> since version 5.5.0! Use wp-includes/PHPMailer/SMTP.php instead. The SMTP class has been moved to the wp-includes/PHPMailer subdirectory and now uses the PHPMailer\\PHPMailer namespace. in /wordpress/wp-includes/functions.php on line 6121","log":"/logs/plugins/w/wonderflow-reviews-and-videos/error.json"}
,
{"message":"[16-May-2025 16:43:12 UTC] Before sending email","level":"INFO","type":"OTHER","test":"ast-sqlite-boot","plugin":"wonderflow-reviews-and-videos","details":"[16-May-2025 16:43:12 UTC] Before sending email","log":"/logs/plugins/w/wonderflow-reviews-and-videos/error.json"}
,
{"message":"[16-May-2025 16:43:13 UTC] Mailer Error: SMTP Error: data not accepted.SMTP server error: DATA command failed Detail: Domain sandbox0e8aa8caffdd4a7cb490665e35726536.mailgun.org is not allowed to send: Sandbox subdomains are for test purposes only. Please add your own domain or add the address to your authorized recipients.\r\n SMTP code: 421\n\n    at Object.onBind (file:///home/runner/work/playground-tester/playground-tester/node_modules/@wp-playground/cli/index.js:237:15)\n    at async V (file:///home/runner/work/playground-tester/playground-tester/node_modules/@wp-playground/cli/index.js:64:10)\n    at async ja (file:///home/runner/work/playground-tester/playground-tester/node_modules/@wp-playground/cli/cli.js:8161:12) {\n  [cause]: Error: Error when executing the blueprint step #5 ({\"step\":\"installPlugin\",\"pluginData\":{\"resource\":\"wordpress.org/plugins\",\"slug\":\"wonderflow-reviews-and-videos\"},\"options\":{\"activate\":true}}) : \n  \"unreachable\" WASM instruction executed.\n  \n  The typical reason is a PHP function missing from the ASYNCIFY_ONLY\n  list when building PHP.wasm.\n  \n  You will need to file a new issue in the WordPress Playground repository\n  and paste this error message there:\n  \n  https://github.com/WordPress/wordpress-playground/issues/new\n  \n  If you're a core developer, the typical fix is to:\n  \n  * Isolate a minimal reproduction of the error\n  * Add a reproduction of the error to php-asyncify.spec.ts in the WordPress Playground repository\n  * Run 'npm run fix-asyncify'\n  * Commit the changes, push to the repo, release updated NPM packages\n  \n  Below is a list of all the PHP functions found in the stack trace to\n  help with the minimal reproduction. If they're all already listed in\n  the Dockerfile, you'll need to trigger this error again with long stack\n  traces enabled. In node.js, you can do it using the --stack-trace-limit=100\n  CLI option: \n  \n      * php.wasm.php_pollfd_for\n      * php.wasm.php_openssl_sockop_set_option\n      * php.wasm._php_stream_eof\n      * php.wasm.zif_feof\n      * php.wasm.ZEND_DO_FCALL_BY_NAME_SPEC_RETVAL_USED_HANDLER\n      * php.wasm.execute_ex\n      * php.wasm.zend_call_function\n  \n      at Object.run (file:///home/runner/work/playground-tester/playground-tester/node_modules/@wp-playground/blueprints/index.js:12449:19)\n      at async ms (file:///home/runner/work/playground-tester/playground-tester/node_modules/@wp-playground/blueprints/index.js:12552:3)\n      ... 2 lines matching cause stack trace ...\n      at async ja (file:///home/runner/work/playground-tester/playground-tester/node_modules/@wp-playground/cli/cli.js:8161:12) {\n    [cause]: Error: \n    \"unreachable\" WASM instruction executed.\n    \n    The typical reason is a PHP function missing from the ASYNCIFY_ONLY\n    list when building PHP.wasm.\n    \n    You will need to file a new issue in the WordPress Playground repository\n    and paste this error message there:\n    \n    https://github.com/WordPress/wordpress-playground/issues/new\n    \n    If you're a core developer, the typical fix is to:\n    \n    * Isolate a minimal reproduction of the error\n    * Add a reproduction of the error to php-asyncify.spec.ts in the WordPress Playground repository\n    * Run 'npm run fix-asyncify'\n    * Commit the changes, push to the repo, release updated NPM packages\n    \n    Below is a list of all the PHP functions found in the stack trace to\n    help with the minimal reproduction. If they're all already listed in\n    the Dockerfile, you'll need to trigger this error again with long stack\n    traces enabled. In node.js, you can do it using the --stack-trace-limit=100\n    CLI option: \n    \n        * php.wasm.php_pollfd_for\n        * php.wasm.php_openssl_sockop_set_option\n        * php.wasm._php_stream_eof\n        * php.wasm.zif_feof\n        * php.wasm.ZEND_DO_FCALL_BY_NAME_SPEC_RETVAL_USED_HANDLER\n        * php.wasm.execute_ex\n        * php.wasm.zend_call_function\n    \n        at PHP.ae (file:///home/runner/work/playground-tester/playground-tester/node_modules/@php-wasm/universal/index.js:1449:78)\n        at async PHP.run (file:///home/runner/work/playground-tester/playground-tester/node_modules/@php-wasm/universal/index.js:984:17)\n        at async wr (file:///home/runner/work/playground-tester/playground-tester/node_modules/@wp-playground/blueprints/index.js:33:39)\n        at async Object.gt [as installPlugin] (file:///home/runner/work/playground-tester/playground-tester/node_modules/@wp-playground/blueprints/index.js:974:42)\n        at async g (file:///home/runner/work/playground-tester/playground-tester/node_modules/@wp-playground/blueprints/index.js:12517:30)\n        at async Object.run (file:///home/runner/work/playground-tester/playground-tester/node_modules/@wp-playground/blueprints/index.js:12446:23)\n        at async ms (file:///home/runner/work/playground-tester/playground-tester/node_modules/@wp-playground/blueprints/index.js:12552:3)\n        at async Object.onBind (file:///home/runner/work/playground-tester/playground-tester/node_modules/@wp-playground/cli/index.js:227:48)\n        at async V (file:///home/runner/work/playground-tester/playground-tester/node_modules/@wp-playground/cli/index.js:64:10)\n        at async ja (file:///home/runner/work/playground-tester/playground-tester/node_modules/@wp-playground/cli/cli.js:8161:12) {\n      cause: Error: Rethrown\n          at UnhandledRejectionsTarget.e (file:///home/runner/work/playground-tester/playground-tester/node_modules/@php-wasm/universal/index.js:1426:19)\n          at [nodejs.internal.kHybridDispatch] (node:internal/event_target:827:20)\n          at UnhandledRejectionsTarget.dispatchEvent (node:internal/event_target:762:26)\n          at t.wasmExports.<computed> (file:///home/runner/work/playground-tester/playground-tester/node_modules/@php-wasm/universal/index.js:568:15)\n          at invoke_iiiii (file:///home/runner/work/playground-tester/playground-tester/node_modules/@php-wasm/node/index.js:99042:14)\n          ... 4 lines matching cause stack trace ...\n          at invoke_ii (file:///home/runner/work/playground-tester/playground-tester/node_modules/@php-wasm/node/index.js:99053:14) {\n        cause: RuntimeError: unreachable\n            at php.wasm.zend_execute_scripts (wasm://wasm/php.wasm-038c1012:wasm-function[9389]:0x596062)\n            at php.wasm.dynCall_iiiii (wasm://wasm/php.wasm-038c1012:wasm-function[13269]:0x7050bd)\n            at ret.<computed> (file:///home/runner/work/playground-tester/playground-tester/node_modules/@php-wasm/node/index.js:98094:22)\n            at t.wasmExports.<computed> (file:///home/runner/work/playground-tester/playground-tester/node_modules/@php-wasm/universal/index.js:559:18)\n            at invoke_iiiii (file:///home/runner/work/playground-tester/playground-tester/node_modules/@php-wasm/node/index.js:99042:14)\n            at php.wasm.php_execute_script (wasm://wasm/php.wasm-038c1012:wasm-function[11421]:0x63ece7)\n            at php.wasm.dynCall_ii (wasm://wasm/php.wasm-038c1012:wasm-function[13272]:0x705315)\n            at ret.<computed> (file:///home/runner/work/playground-tester/playground-tester/node_modules/@php-wasm/node/index.js:98094:22)\n            at t.wasmExports.<computed> (file:///home/runner/work/playground-tester/playground-tester/node_modules/@php-wasm/universal/index.js:559:18)\n            at invoke_ii (file:///home/runner/work/playground-tester/playground-tester/node_modules/@php-wasm/node/index.js:99053:14) {\n          cause: Error\n              at Asyncify.handleSleep (file:///home/runner/work/playground-tester/playground-tester/node_modules/@php-wasm/node/index.js:99370:45)\n              at returnCallback (file:///home/runner/work/playground-tester/playground-tester/node_modules/@php-wasm/node/index.js:98383:51)\n              at wasm_poll_socket (file:///home/runner/work/playground-tester/playground-tester/node_modules/@php-wasm/node/index.js:98390:12)\n              at php.wasm.php_pollfd_for (wasm://wasm/php.wasm-038c1012:wasm-function[1031]:0x9c35d)\n              at php.wasm.php_openssl_sockop_set_option (wasm://wasm/php.wasm-038c1012:wasm-function[11238]:0x62cafc)\n              at php.wasm._php_stream_eof (wasm://wasm/php.wasm-038c1012:wasm-function[577]:0x42268)\n              at php.wasm.zif_feof (wasm://wasm/php.wasm-038c1012:wasm-function[9031]:0x570e20)\n              at php.wasm.ZEND_DO_FCALL_BY_NAME_SPEC_RETVAL_USED_HANDLER (wasm://wasm/php.wasm-038c1012:wasm-function[14729]:0x770908)\n              at php.wasm.execute_ex (wasm://wasm/php.wasm-038c1012:wasm-function[13057]:0x6e3f0e)\n              at php.wasm.zend_call_function (wasm://wasm/php.wasm-038c1012:wasm-function[430]:0x317d9)\n        },\n        betterMessage: '\\n' +\n          '\"unreachable\" WASM instruction executed.\\n' +\n          '\\n' +\n          'The typical reason is a PHP function missing from the ASYNCIFY_ONLY\\n' +\n          'list when building PHP.wasm.\\n' +\n          '\\n' +\n          'You will need to file a new issue in the WordPress Playground repository\\n' +\n          'and paste this error message there:\\n' +\n          '\\n' +\n          'https://github.com/WordPress/wordpress-playground/issues/new\\n' +\n          '\\n' +\n          \"If you're a core developer, the typical fix is to:\\n\" +\n          '\\n' +\n          '* Isolate a minimal reproduction of the error\\n' +\n          '* Add a reproduction of the error to php-asyncify.spec.ts in the WordPress Playground repository\\n' +\n          \"* Run 'npm run fix-asyncify'\\n\" +\n          '* Commit the changes, push to the repo, release updated NPM packages\\n' +\n          '\\n' +\n          'Below is a list of all the PHP functions found in the stack trace to\\n' +\n          \"help with the minimal reproduction. If they're all already listed in\\n\" +\n          \"the Dockerfile, you'll need to trigger this error again with long stack\\n\" +\n          'traces enabled. In node.js, you can do it using the --stack-trace-limit=100\\n' +\n          'CLI option: \\n' +\n          '\\n' +\n          '    * php.wasm.php_pollfd_for\\n' +\n          '    * php.wasm.php_openssl_sockop_set_option\\n' +\n          '    * php.wasm._php_stream_eof\\n' +\n          '    * php.wasm.zif_feof\\n' +\n          '    * php.wasm.ZEND_DO_FCALL_BY_NAME_SPEC_RETVAL_USED_HANDLER\\n' +\n          '    * php.wasm.execute_ex\\n' +\n          '    * php.wasm.zend_call_function\\n'\n      }\n    }\n  }\n}\n\n","level":"INFO","type":"OTHER","test":"ast-sqlite-boot","plugin":"wonderflow-reviews-and-videos","details":"[16-May-2025 16:43:13 UTC] Mailer Error: SMTP Error: data not accepted.SMTP server error: DATA command failed Detail: Domain sandbox0e8aa8caffdd4a7cb490665e35726536.mailgun.org is not allowed to send: Sandbox subdomains are for test purposes only. Please add your own domain or add the address to your authorized recipients.\r\n SMTP code: 421\n\n    at Object.onBind (file:///home/runner/work/playground-tester/playground-tester/node_modules/@wp-playground/cli/index.js:237:15)\n    at async V (file:///home/runner/work/playground-tester/playground-tester/node_modules/@wp-playground/cli/index.js:64:10)\n    at async ja (file:///home/runner/work/playground-tester/playground-tester/node_modules/@wp-playground/cli/cli.js:8161:12) {\n  [cause]: Error: Error when executing the blueprint step #5 ({\"step\":\"installPlugin\",\"pluginData\":{\"resource\":\"wordpress.org/plugins\",\"slug\":\"wonderflow-reviews-and-videos\"},\"options\":{\"activate\":true}}) : \n  \"unreachable\" WASM instruction executed.\n  \n  The typical reason is a PHP function missing from the ASYNCIFY_ONLY\n  list when building PHP.wasm.\n  \n  You will need to file a new issue in the WordPress Playground repository\n  and paste this error message there:\n  \n  https://github.com/WordPress/wordpress-playground/issues/new\n  \n  If you're a core developer, the typical fix is to:\n  \n  * Isolate a minimal reproduction of the error\n  * Add a reproduction of the error to php-asyncify.spec.ts in the WordPress Playground repository\n  * Run 'npm run fix-asyncify'\n  * Commit the changes, push to the repo, release updated NPM packages\n  \n  Below is a list of all the PHP functions found in the stack trace to\n  help with the minimal reproduction. If they're all already listed in\n  the Dockerfile, you'll need to trigger this error again with long stack\n  traces enabled. In node.js, you can do it using the --stack-trace-limit=100\n  CLI option: \n  \n      * php.wasm.php_pollfd_for\n      * php.wasm.php_openssl_sockop_set_option\n      * php.wasm._php_stream_eof\n      * php.wasm.zif_feof\n      * php.wasm.ZEND_DO_FCALL_BY_NAME_SPEC_RETVAL_USED_HANDLER\n      * php.wasm.execute_ex\n      * php.wasm.zend_call_function\n  \n      at Object.run (file:///home/runner/work/playground-tester/playground-tester/node_modules/@wp-playground/blueprints/index.js:12449:19)\n      at async ms (file:///home/runner/work/playground-tester/playground-tester/node_modules/@wp-playground/blueprints/index.js:12552:3)\n      ... 2 lines matching cause stack trace ...\n      at async ja (file:///home/runner/work/playground-tester/playground-tester/node_modules/@wp-playground/cli/cli.js:8161:12) {\n    [cause]: Error: \n    \"unreachable\" WASM instruction executed.\n    \n    The typical reason is a PHP function missing from the ASYNCIFY_ONLY\n    list when building PHP.wasm.\n    \n    You will need to file a new issue in the WordPress Playground repository\n    and paste this error message there:\n    \n    https://github.com/WordPress/wordpress-playground/issues/new\n    \n    If you're a core developer, the typical fix is to:\n    \n    * Isolate a minimal reproduction of the error\n    * Add a reproduction of the error to php-asyncify.spec.ts in the WordPress Playground repository\n    * Run 'npm run fix-asyncify'\n    * Commit the changes, push to the repo, release updated NPM packages\n    \n    Below is a list of all the PHP functions found in the stack trace to\n    help with the minimal reproduction. If they're all already listed in\n    the Dockerfile, you'll need to trigger this error again with long stack\n    traces enabled. In node.js, you can do it using the --stack-trace-limit=100\n    CLI option: \n    \n        * php.wasm.php_pollfd_for\n        * php.wasm.php_openssl_sockop_set_option\n        * php.wasm._php_stream_eof\n        * php.wasm.zif_feof\n        * php.wasm.ZEND_DO_FCALL_BY_NAME_SPEC_RETVAL_USED_HANDLER\n        * php.wasm.execute_ex\n        * php.wasm.zend_call_function\n    \n        at PHP.ae (file:///home/runner/work/playground-tester/playground-tester/node_modules/@php-wasm/universal/index.js:1449:78)\n        at async PHP.run (file:///home/runner/work/playground-tester/playground-tester/node_modules/@php-wasm/universal/index.js:984:17)\n        at async wr (file:///home/runner/work/playground-tester/playground-tester/node_modules/@wp-playground/blueprints/index.js:33:39)\n        at async Object.gt [as installPlugin] (file:///home/runner/work/playground-tester/playground-tester/node_modules/@wp-playground/blueprints/index.js:974:42)\n        at async g (file:///home/runner/work/playground-tester/playground-tester/node_modules/@wp-playground/blueprints/index.js:12517:30)\n        at async Object.run (file:///home/runner/work/playground-tester/playground-tester/node_modules/@wp-playground/blueprints/index.js:12446:23)\n        at async ms (file:///home/runner/work/playground-tester/playground-tester/node_modules/@wp-playground/blueprints/index.js:12552:3)\n        at async Object.onBind (file:///home/runner/work/playground-tester/playground-tester/node_modules/@wp-playground/cli/index.js:227:48)\n        at async V (file:///home/runner/work/playground-tester/playground-tester/node_modules/@wp-playground/cli/index.js:64:10)\n        at async ja (file:///home/runner/work/playground-tester/playground-tester/node_modules/@wp-playground/cli/cli.js:8161:12) {\n      cause: Error: Rethrown\n          at UnhandledRejectionsTarget.e (file:///home/runner/work/playground-tester/playground-tester/node_modules/@php-wasm/universal/index.js:1426:19)\n          at [nodejs.internal.kHybridDispatch] (node:internal/event_target:827:20)\n          at UnhandledRejectionsTarget.dispatchEvent (node:internal/event_target:762:26)\n          at t.wasmExports.<computed> (file:///home/runner/work/playground-tester/playground-tester/node_modules/@php-wasm/universal/index.js:568:15)\n          at invoke_iiiii (file:///home/runner/work/playground-tester/playground-tester/node_modules/@php-wasm/node/index.js:99042:14)\n          ... 4 lines matching cause stack trace ...\n          at invoke_ii (file:///home/runner/work/playground-tester/playground-tester/node_modules/@php-wasm/node/index.js:99053:14) {\n        cause: RuntimeError: unreachable\n            at php.wasm.zend_execute_scripts (wasm://wasm/php.wasm-038c1012:wasm-function[9389]:0x596062)\n            at php.wasm.dynCall_iiiii (wasm://wasm/php.wasm-038c1012:wasm-function[13269]:0x7050bd)\n            at ret.<computed> (file:///home/runner/work/playground-tester/playground-tester/node_modules/@php-wasm/node/index.js:98094:22)\n            at t.wasmExports.<computed> (file:///home/runner/work/playground-tester/playground-tester/node_modules/@php-wasm/universal/index.js:559:18)\n            at invoke_iiiii (file:///home/runner/work/playground-tester/playground-tester/node_modules/@php-wasm/node/index.js:99042:14)\n            at php.wasm.php_execute_script (wasm://wasm/php.wasm-038c1012:wasm-function[11421]:0x63ece7)\n            at php.wasm.dynCall_ii (wasm://wasm/php.wasm-038c1012:wasm-function[13272]:0x705315)\n            at ret.<computed> (file:///home/runner/work/playground-tester/playground-tester/node_modules/@php-wasm/node/index.js:98094:22)\n            at t.wasmExports.<computed> (file:///home/runner/work/playground-tester/playground-tester/node_modules/@php-wasm/universal/index.js:559:18)\n            at invoke_ii (file:///home/runner/work/playground-tester/playground-tester/node_modules/@php-wasm/node/index.js:99053:14) {\n          cause: Error\n              at Asyncify.handleSleep (file:///home/runner/work/playground-tester/playground-tester/node_modules/@php-wasm/node/index.js:99370:45)\n              at returnCallback (file:///home/runner/work/playground-tester/playground-tester/node_modules/@php-wasm/node/index.js:98383:51)\n              at wasm_poll_socket (file:///home/runner/work/playground-tester/playground-tester/node_modules/@php-wasm/node/index.js:98390:12)\n              at php.wasm.php_pollfd_for (wasm://wasm/php.wasm-038c1012:wasm-function[1031]:0x9c35d)\n              at php.wasm.php_openssl_sockop_set_option (wasm://wasm/php.wasm-038c1012:wasm-function[11238]:0x62cafc)\n              at php.wasm._php_stream_eof (wasm://wasm/php.wasm-038c1012:wasm-function[577]:0x42268)\n              at php.wasm.zif_feof (wasm://wasm/php.wasm-038c1012:wasm-function[9031]:0x570e20)\n              at php.wasm.ZEND_DO_FCALL_BY_NAME_SPEC_RETVAL_USED_HANDLER (wasm://wasm/php.wasm-038c1012:wasm-function[14729]:0x770908)\n              at php.wasm.execute_ex (wasm://wasm/php.wasm-038c1012:wasm-function[13057]:0x6e3f0e)\n              at php.wasm.zend_call_function (wasm://wasm/php.wasm-038c1012:wasm-function[430]:0x317d9)\n        },\n        betterMessage: '\\n' +\n          '\"unreachable\" WASM instruction executed.\\n' +\n          '\\n' +\n          'The typical reason is a PHP function missing from the ASYNCIFY_ONLY\\n' +\n          'list when building PHP.wasm.\\n' +\n          '\\n' +\n          'You will need to file a new issue in the WordPress Playground repository\\n' +\n          'and paste this error message there:\\n' +\n          '\\n' +\n          'https://github.com/WordPress/wordpress-playground/issues/new\\n' +\n          '\\n' +\n          \"If you're a core developer, the typical fix is to:\\n\" +\n          '\\n' +\n          '* Isolate a minimal reproduction of the error\\n' +\n          '* Add a reproduction of the error to php-asyncify.spec.ts in the WordPress Playground repository\\n' +\n          \"* Run 'npm run fix-asyncify'\\n\" +\n          '* Commit the changes, push to the repo, release updated NPM packages\\n' +\n          '\\n' +\n          'Below is a list of all the PHP functions found in the stack trace to\\n' +\n          \"help with the minimal reproduction. If they're all already listed in\\n\" +\n          \"the Dockerfile, you'll need to trigger this error again with long stack\\n\" +\n          'traces enabled. In node.js, you can do it using the --stack-trace-limit=100\\n' +\n          'CLI option: \\n' +\n          '\\n' +\n          '    * php.wasm.php_pollfd_for\\n' +\n          '    * php.wasm.php_openssl_sockop_set_option\\n' +\n          '    * php.wasm._php_stream_eof\\n' +\n          '    * php.wasm.zif_feof\\n' +\n          '    * php.wasm.ZEND_DO_FCALL_BY_NAME_SPEC_RETVAL_USED_HANDLER\\n' +\n          '    * php.wasm.execute_ex\\n' +\n          '    * php.wasm.zend_call_function\\n'\n      }\n    }\n  }\n}\n\n","log":"/logs/plugins/w/wonderflow-reviews-and-videos/error.json"}
]
