file:///home/runner/work/playground-tester/playground-tester/node_modules/@wp-playground/cli/index.js:237
        throw new Error(y, { cause: u });
              ^

Error: [01-May-2025 22:26:45 UTC] PHP Fatal error:  Uncaught Error: Call to undefined method TFWPN_TF_Notifications_Activator::activate() in /wordpress/wp-content/plugins/tf-notifications/tf-notifications.php:46
Stack trace:
#0 /wordpress/wp-includes/class-wp-hook.php(324): activate_tfwpn_tf_notifications(false)
#1 /wordpress/wp-includes/class-wp-hook.php(348): WP_Hook->apply_filters('', Array)
#2 /wordpress/wp-includes/plugin.php(517): WP_Hook->do_action(Array)
#3 /wordpress/wp-admin/includes/plugin.php(703): do_action('activate_tf-not...', false)
#4 /internal/eval.php(20): activate_plugin('tf-notification...')
#5 {main}
  thrown in /wordpress/wp-content/plugins/tf-notifications/tf-notifications.php on line 46
[01-May-2025 22:26:53 UTC] PHP Fatal error:  Uncaught Error: Call to undefined method TFWPN_TF_Notifications_Activator::activate() in /wordpress/wp-content/plugins/tf-notifications/tf-notifications.php:46
Stack trace:
#0 /wordpress/wp-includes/class-wp-hook.php(324): activate_tfwpn_tf_notifications(false)
#1 /wordpress/wp-includes/class-wp-hook.php(348): WP_Hook->apply_filters('', Array)
#2 /wordpress/wp-includes/plugin.php(517): WP_Hook->do_action(Array)
#3 /wordpress/wp-admin/includes/plugin.php(703): do_action('activate_tf-not...', false)
#4 /internal/eval.php(20): activate_plugin('tf-notification...')
#5 {main}
  thrown in /wordpress/wp-content/plugins/tf-notifications/tf-notifications.php on line 46
[01-May-2025 22:27:01 UTC] PHP Fatal error:  Uncaught Error: Call to undefined method TFWPN_TF_Notifications_Activator::activate() in /wordpress/wp-content/plugins/tf-notifications/tf-notifications.php:46
Stack trace:
#0 /wordpress/wp-includes/class-wp-hook.php(324): activate_tfwpn_tf_notifications(false)
#1 /wordpress/wp-includes/class-wp-hook.php(348): WP_Hook->apply_filters('', Array)
#2 /wordpress/wp-includes/plugin.php(517): WP_Hook->do_action(Array)
#3 /wordpress/wp-admin/includes/plugin.php(703): do_action('activate_tf-not...', false)
#4 /internal/eval.php(20): activate_plugin('tf-notification...')
#5 {main}
  thrown in /wordpress/wp-content/plugins/tf-notifications/tf-notifications.php on line 46
[01-May-2025 22:27:10 UTC] PHP Deprecated:  File class-feed.php is <strong>deprecated</strong> since version 4.7.0! Use fetch_feed() instead. in /wordpress/wp-includes/functions.php on line 6121
[01-May-2025 22:27:10 UTC] PHP Deprecated:  File class-wp-feed-cache.php is <strong>deprecated</strong> since version 5.6.0 with no alternative available. This file is only loaded for backward compatibility with SimplePie 1.2.x. Please consider switching to a recent SimplePie version. in /wordpress/wp-includes/functions.php on line 6121
[01-May-2025 22:27:11 UTC] PHP Deprecated:  File class-feed.php is <strong>deprecated</strong> since version 4.7.0! Use fetch_feed() instead. in /wordpress/wp-includes/functions.php on line 6121
[01-May-2025 22:27:11 UTC] PHP Deprecated:  File class-wp-feed-cache.php is <strong>deprecated</strong> since version 5.6.0 with no alternative available. This file is only loaded for backward compatibility with SimplePie 1.2.x. Please consider switching to a recent SimplePie version. in /wordpress/wp-includes/functions.php on line 6121
[01-May-2025 22:27:11 UTC] PHP Notice:  Function _load_textdomain_just_in_time was called <strong>incorrectly</strong>. Translation loading for the <code>thethe-floating-bookmarks</code> domain was triggered too early. This is usually an indicator for some code in the plugin or theme running too early. Translations should be loaded at the <code>init</code> action or later. Please see <a href="https://developer.wordpress.org/advanced-administration/debug/debug-wordpress/">Debugging in WordPress</a> for more information. (This message was added in version 6.7.0.) in /wordpress/wp-includes/functions.php on line 6121
[01-May-2025 22:27:18 UTC] PHP Deprecated:  File class-feed.php is <strong>deprecated</strong> since version 4.7.0! Use fetch_feed() instead. in /wordpress/wp-includes/functions.php on line 6121
[01-May-2025 22:27:18 UTC] PHP Deprecated:  File class-wp-feed-cache.php is <strong>deprecated</strong> since version 5.6.0 with no alternative available. This file is only loaded for backward compatibility with SimplePie 1.2.x. Please consider switching to a recent SimplePie version. in /wordpress/wp-includes/functions.php on line 6121
[01-May-2025 22:27:19 UTC] PHP Deprecated:  File class-feed.php is <strong>deprecated</strong> since version 4.7.0! Use fetch_feed() instead. in /wordpress/wp-includes/functions.php on line 6121
[01-May-2025 22:27:19 UTC] PHP Deprecated:  File class-wp-feed-cache.php is <strong>deprecated</strong> since version 5.6.0 with no alternative available. This file is only loaded for backward compatibility with SimplePie 1.2.x. Please consider switching to a recent SimplePie version. in /wordpress/wp-includes/functions.php on line 6121
[01-May-2025 22:27:19 UTC] PHP Notice:  Function _load_textdomain_just_in_time was called <strong>incorrectly</strong>. Translation loading for the <code>thethe-floating-bookmarks</code> domain was triggered too early. This is usually an indicator for some code in the plugin or theme running too early. Translations should be loaded at the <code>init</code> action or later. Please see <a href="https://developer.wordpress.org/advanced-administration/debug/debug-wordpress/">Debugging in WordPress</a> for more information. (This message was added in version 6.7.0.) in /wordpress/wp-includes/functions.php on line 6121
[01-May-2025 22:27:27 UTC] PHP Deprecated:  File class-feed.php is <strong>deprecated</strong> since version 4.7.0! Use fetch_feed() instead. in /wordpress/wp-includes/functions.php on line 6121
[01-May-2025 22:27:27 UTC] PHP Deprecated:  File class-wp-feed-cache.php is <strong>deprecated</strong> since version 5.6.0 with no alternative available. This file is only loaded for backward compatibility with SimplePie 1.2.x. Please consider switching to a recent SimplePie version. in /wordpress/wp-includes/functions.php on line 6121
[01-May-2025 22:27:28 UTC] PHP Deprecated:  File class-feed.php is <strong>deprecated</strong> since version 4.7.0! Use fetch_feed() instead. in /wordpress/wp-includes/functions.php on line 6121
[01-May-2025 22:27:28 UTC] PHP Deprecated:  File class-wp-feed-cache.php is <strong>deprecated</strong> since version 5.6.0 with no alternative available. This file is only loaded for backward compatibility with SimplePie 1.2.x. Please consider switching to a recent SimplePie version. in /wordpress/wp-includes/functions.php on line 6121
[01-May-2025 22:27:28 UTC] PHP Notice:  Function _load_textdomain_just_in_time was called <strong>incorrectly</strong>. Translation loading for the <code>thethe-floating-bookmarks</code> domain was triggered too early. This is usually an indicator for some code in the plugin or theme running too early. Translations should be loaded at the <code>init</code> action or later. Please see <a href="https://developer.wordpress.org/advanced-administration/debug/debug-wordpress/">Debugging in WordPress</a> for more information. (This message was added in version 6.7.0.) in /wordpress/wp-includes/functions.php on line 6121
[01-May-2025 22:27:39 UTC] PHP Fatal error:  Uncaught Exception: Broadcast requires a Wordpress network install. It does not support single installs. in /wordpress/wp-content/plugins/threewp-broadcast/src/ThreeWP_Broadcast.php:236
Stack trace:
#0 /wordpress/wp-content/plugins/threewp-broadcast/src/sdk/wordpress/base.php(204): threewp_broadcast\ThreeWP_Broadcast->activate()
#1 /wordpress/wp-includes/class-wp-hook.php(324): plainview\sdk_broadcast\wordpress\base->activate_internal(false)
#2 /wordpress/wp-includes/class-wp-hook.php(348): WP_Hook->apply_filters('', Array)
#3 /wordpress/wp-includes/plugin.php(517): WP_Hook->do_action(Array)
#4 /wordpress/wp-admin/includes/plugin.php(703): do_action('activate_threew...', false)
#5 /internal/eval.php(20): activate_plugin('threewp-broadca...')
#6 {main}
  thrown in /wordpress/wp-content/plugins/threewp-broadcast/src/ThreeWP_Broadcast.php on line 236
[01-May-2025 22:27:48 UTC] PHP Fatal error:  Uncaught Exception: Broadcast requires a Wordpress network install. It does not support single installs. in /wordpress/wp-content/plugins/threewp-broadcast/src/ThreeWP_Broadcast.php:236
Stack trace:
#0 /wordpress/wp-content/plugins/threewp-broadcast/src/sdk/wordpress/base.php(204): threewp_broadcast\ThreeWP_Broadcast->activate()
#1 /wordpress/wp-includes/class-wp-hook.php(324): plainview\sdk_broadcast\wordpress\base->activate_internal(false)
#2 /wordpress/wp-includes/class-wp-hook.php(348): WP_Hook->apply_filters('', Array)
#3 /wordpress/wp-includes/plugin.php(517): WP_Hook->do_action(Array)
#4 /wordpress/wp-admin/includes/plugin.php(703): do_action('activate_threew...', false)
#5 /internal/eval.php(20): activate_plugin('threewp-broadca...')
#6 {main}
  thrown in /wordpress/wp-content/plugins/threewp-broadcast/src/ThreeWP_Broadcast.php on line 236
[01-May-2025 22:27:57 UTC] PHP Fatal error:  Uncaught Exception: Broadcast requires a Wordpress network install. It does not support single installs. in /wordpress/wp-content/plugins/threewp-broadcast/src/ThreeWP_Broadcast.php:236
Stack trace:
#0 /wordpress/wp-content/plugins/threewp-broadcast/src/sdk/wordpress/base.php(204): threewp_broadcast\ThreeWP_Broadcast->activate()
#1 /wordpress/wp-includes/class-wp-hook.php(324): plainview\sdk_broadcast\wordpress\base->activate_internal(false)
#2 /wordpress/wp-includes/class-wp-hook.php(348): WP_Hook->apply_filters('', Array)
#3 /wordpress/wp-includes/plugin.php(517): WP_Hook->do_action(Array)
#4 /wordpress/wp-admin/includes/plugin.php(703): do_action('activate_threew...', false)
#5 /internal/eval.php(20): activate_plugin('threewp-broadca...')
#6 {main}
  thrown in /wordpress/wp-content/plugins/threewp-broadcast/src/ThreeWP_Broadcast.php on line 236
[01-May-2025 22:28:06 UTC] PHP Warning:  Constant DS already defined in /wordpress/wp-content/plugins/thumbshots/thumbshots.php on line 18
[01-May-2025 22:28:07 UTC] PHP Warning:  Constant DS already defined in /wordpress/wp-content/plugins/thumbshots/thumbshots.php on line 18
[01-May-2025 22:28:14 UTC] PHP Warning:  Constant DS already defined in /wordpress/wp-content/plugins/thumbshots/thumbshots.php on line 18
[01-May-2025 22:28:15 UTC] PHP Warning:  Constant DS already defined in /wordpress/wp-content/plugins/thumbshots/thumbshots.php on line 18
[01-May-2025 22:28:23 UTC] PHP Warning:  Constant DS already defined in /wordpress/wp-content/plugins/thumbshots/thumbshots.php on line 18
[01-May-2025 22:28:24 UTC] PHP Warning:  Constant DS already defined in /wordpress/wp-content/plugins/thumbshots/thumbshots.php on line 18
[01-May-2025 22:29:26 UTC] PHP Deprecated:  Function register_sidebar_widget is <strong>deprecated</strong> since version 2.8.0! Use wp_register_sidebar_widget() instead. in /wordpress/wp-includes/functions.php on line 6121
[01-May-2025 22:29:35 UTC] PHP Deprecated:  Function register_sidebar_widget is <strong>deprecated</strong> since version 2.8.0! Use wp_register_sidebar_widget() instead. in /wordpress/wp-includes/functions.php on line 6121
[01-May-2025 22:29:43 UTC] PHP Deprecated:  Function register_sidebar_widget is <strong>deprecated</strong> since version 2.8.0! Use wp_register_sidebar_widget() instead. in /wordpress/wp-includes/functions.php on line 6121
[01-May-2025 22:29:52 UTC] PHP Warning:  Trying to access array offset on value of type bool in /wordpress/wp-content/plugins/tinymce-backslash-button/tinymce-backslash-button.php on line 31
[01-May-2025 22:29:52 UTC] PHP Warning:  Trying to access array offset on value of type bool in /wordpress/wp-content/plugins/tinymce-backslash-button/tinymce-backslash-button.php on line 37
[01-May-2025 22:29:52 UTC] PHP Warning:  Trying to access array offset on value of type bool in /wordpress/wp-content/plugins/tinymce-backslash-button/tinymce-backslash-button.php on line 41
[01-May-2025 22:29:53 UTC] PHP Warning:  Trying to access array offset on value of type bool in /wordpress/wp-content/plugins/tinymce-backslash-button/tinymce-backslash-button.php on line 31
[01-May-2025 22:29:53 UTC] PHP Warning:  Trying to access array offset on value of type bool in /wordpress/wp-content/plugins/tinymce-backslash-button/tinymce-backslash-button.php on line 37
[01-May-2025 22:29:53 UTC] PHP Warning:  Trying to access array offset on value of type bool in /wordpress/wp-content/plugins/tinymce-backslash-button/tinymce-backslash-button.php on line 41
[01-May-2025 22:30:00 UTC] PHP Warning:  Trying to access array offset on value of type bool in /wordpress/wp-content/plugins/tinymce-backslash-button/tinymce-backslash-button.php on line 31
[01-May-2025 22:30:00 UTC] PHP Warning:  Trying to access array offset on value of type bool in /wordpress/wp-content/plugins/tinymce-backslash-button/tinymce-backslash-button.php on line 37
[01-May-2025 22:30:00 UTC] PHP Warning:  Trying to access array offset on value of type bool in /wordpress/wp-content/plugins/tinymce-backslash-button/tinymce-backslash-button.php on line 41
[01-May-2025 22:30:02 UTC] PHP Warning:  Trying to access array offset on value of type bool in /wordpress/wp-content/plugins/tinymce-backslash-button/tinymce-backslash-button.php on line 31
[01-May-2025 22:30:02 UTC] PHP Warning:  Trying to access array offset on value of type bool in /wordpress/wp-content/plugins/tinymce-backslash-button/tinymce-backslash-button.php on line 37
[01-May-2025 22:30:02 UTC] PHP Warning:  Trying to access array offset on value of type bool in /wordpress/wp-content/plugins/tinymce-backslash-button/tinymce-backslash-button.php on line 41
[01-May-2025 22:30:09 UTC] PHP Warning:  Trying to access array offset on value of type bool in /wordpress/wp-content/plugins/tinymce-backslash-button/tinymce-backslash-button.php on line 31
[01-May-2025 22:30:09 UTC] PHP Warning:  Trying to access array offset on value of type bool in /wordpress/wp-content/plugins/tinymce-backslash-button/tinymce-backslash-button.php on line 37
[01-May-2025 22:30:09 UTC] PHP Warning:  Trying to access array offset on value of type bool in /wordpress/wp-content/plugins/tinymce-backslash-button/tinymce-backslash-button.php on line 41
[01-May-2025 22:30:10 UTC] PHP Warning:  Trying to access array offset on value of type bool in /wordpress/wp-content/plugins/tinymce-backslash-button/tinymce-backslash-button.php on line 31
[01-May-2025 22:30:10 UTC] PHP Warning:  Trying to access array offset on value of type bool in /wordpress/wp-content/plugins/tinymce-backslash-button/tinymce-backslash-button.php on line 37
[01-May-2025 22:30:10 UTC] PHP Warning:  Trying to access array offset on value of type bool in /wordpress/wp-content/plugins/tinymce-backslash-button/tinymce-backslash-button.php on line 41
[01-May-2025 22:30:47 UTC] PHP Fatal error:  Uncaught Error: Call to undefined function Traffic\Plugin\Feature\ftok() in /wordpress/wp-content/plugins/traffic/includes/features/class-memory.php:144
Stack trace:
#0 /wordpress/wp-content/plugins/traffic/includes/features/class-memory.php(157): Traffic\Plugin\Feature\Memory::ftok()
#1 /wordpress/wp-content/plugins/traffic/includes/features/class-memory.php(114): Traffic\Plugin\Feature\Memory::write_records_to_memory()
#2 /wordpress/wp-includes/class-wp-hook.php(322): Traffic\Plugin\Feature\Memory::write()
#3 /wordpress/wp-includes/class-wp-hook.php(348): WP_Hook->apply_filters(NULL, Array)
#4 /wordpress/wp-includes/plugin.php(517): WP_Hook->do_action(Array)
#5 /wordpress/wp-includes/load.php(1304): do_action('shutdown')
#6 [internal function]: shutdown_action_hook()
#7 {main}
  thrown in /wordpress/wp-content/plugins/traffic/includes/features/class-memory.php on line 144
[01-May-2025 22:30:49 UTC] PHP Fatal error:  Uncaught Error: Call to undefined function Traffic\Plugin\Feature\ftok() in /wordpress/wp-content/plugins/traffic/includes/features/class-memory.php:144
Stack trace:
#0 /wordpress/wp-content/plugins/traffic/includes/features/class-memory.php(157): Traffic\Plugin\Feature\Memory::ftok()
#1 /wordpress/wp-content/plugins/traffic/includes/features/class-memory.php(114): Traffic\Plugin\Feature\Memory::write_records_to_memory()
#2 /wordpress/wp-includes/class-wp-hook.php(322): Traffic\Plugin\Feature\Memory::write()
#3 /wordpress/wp-includes/class-wp-hook.php(348): WP_Hook->apply_filters(NULL, Array)
#4 /wordpress/wp-includes/plugin.php(517): WP_Hook->do_action(Array)
#5 /wordpress/wp-includes/load.php(1304): do_action('shutdown')
#6 [internal function]: shutdown_action_hook()
#7 {main}
  thrown in /wordpress/wp-content/plugins/traffic/includes/features/class-memory.php on line 144
[01-May-2025 22:30:58 UTC] PHP Fatal error:  Uncaught Error: Call to undefined function Traffic\Plugin\Feature\ftok() in /wordpress/wp-content/plugins/traffic/includes/features/class-memory.php:144
Stack trace:
#0 /wordpress/wp-content/plugins/traffic/includes/features/class-memory.php(157): Traffic\Plugin\Feature\Memory::ftok()
#1 /wordpress/wp-content/plugins/traffic/includes/features/class-memory.php(114): Traffic\Plugin\Feature\Memory::write_records_to_memory()
#2 /wordpress/wp-includes/class-wp-hook.php(322): Traffic\Plugin\Feature\Memory::write()
#3 /wordpress/wp-includes/class-wp-hook.php(348): WP_Hook->apply_filters(NULL, Array)
#4 /wordpress/wp-includes/plugin.php(517): WP_Hook->do_action(Array)
#5 /wordpress/wp-includes/load.php(1304): do_action('shutdown')
#6 [internal function]: shutdown_action_hook()
#7 {main}
  thrown in /wordpress/wp-content/plugins/traffic/includes/features/class-memory.php on line 144
[01-May-2025 22:30:59 UTC] PHP Fatal error:  Uncaught Error: Call to undefined function Traffic\Plugin\Feature\ftok() in /wordpress/wp-content/plugins/traffic/includes/features/class-memory.php:144
Stack trace:
#0 /wordpress/wp-content/plugins/traffic/includes/features/class-memory.php(157): Traffic\Plugin\Feature\Memory::ftok()
#1 /wordpress/wp-content/plugins/traffic/includes/features/class-memory.php(114): Traffic\Plugin\Feature\Memory::write_records_to_memory()
#2 /wordpress/wp-includes/class-wp-hook.php(322): Traffic\Plugin\Feature\Memory::write()
#3 /wordpress/wp-includes/class-wp-hook.php(348): WP_Hook->apply_filters(NULL, Array)
#4 /wordpress/wp-includes/plugin.php(517): WP_Hook->do_action(Array)
#5 /wordpress/wp-includes/load.php(1304): do_action('shutdown')
#6 [internal function]: shutdown_action_hook()
#7 {main}
  thrown in /wordpress/wp-content/plugins/traffic/includes/features/class-memory.php on line 144
[01-May-2025 22:31:08 UTC] PHP Fatal error:  Uncaught Error: Call to undefined function Traffic\Plugin\Feature\ftok() in /wordpress/wp-content/plugins/traffic/includes/features/class-memory.php:144
Stack trace:
#0 /wordpress/wp-content/plugins/traffic/includes/features/class-memory.php(157): Traffic\Plugin\Feature\Memory::ftok()
#1 /wordpress/wp-content/plugins/traffic/includes/features/class-memory.php(114): Traffic\Plugin\Feature\Memory::write_records_to_memory()
#2 /wordpress/wp-includes/class-wp-hook.php(322): Traffic\Plugin\Feature\Memory::write()
#3 /wordpress/wp-includes/class-wp-hook.php(348): WP_Hook->apply_filters(NULL, Array)
#4 /wordpress/wp-includes/plugin.php(517): WP_Hook->do_action(Array)
#5 /wordpress/wp-includes/load.php(1304): do_action('shutdown')
#6 [internal function]: shutdown_action_hook()
#7 {main}
  thrown in /wordpress/wp-content/plugins/traffic/includes/features/class-memory.php on line 144
[01-May-2025 22:31:09 UTC] PHP Fatal error:  Uncaught Error: Call to undefined function Traffic\Plugin\Feature\ftok() in /wordpress/wp-content/plugins/traffic/includes/features/class-memory.php:144
Stack trace:
#0 /wordpress/wp-content/plugins/traffic/includes/features/class-memory.php(157): Traffic\Plugin\Feature\Memory::ftok()
#1 /wordpress/wp-content/plugins/traffic/includes/features/class-memory.php(114): Traffic\Plugin\Feature\Memory::write_records_to_memory()
#2 /wordpress/wp-includes/class-wp-hook.php(322): Traffic\Plugin\Feature\Memory::write()
#3 /wordpress/wp-includes/class-wp-hook.php(348): WP_Hook->apply_filters(NULL, Array)
#4 /wordpress/wp-includes/plugin.php(517): WP_Hook->do_action(Array)
#5 /wordpress/wp-includes/load.php(1304): do_action('shutdown')
#6 [internal function]: shutdown_action_hook()
#7 {main}
  thrown in /wordpress/wp-content/plugins/traffic/includes/features/class-memory.php on line 144

    at Object.onBind (file:///home/runner/work/playground-tester/playground-tester/node_modules/@wp-playground/cli/index.js:237:15)
    at process.processTicksAndRejections (node:internal/process/task_queues:105:5)
    at async V (file:///home/runner/work/playground-tester/playground-tester/node_modules/@wp-playground/cli/index.js:64:10)
    at async ja (file:///home/runner/work/playground-tester/playground-tester/node_modules/@wp-playground/cli/cli.js:8161:12) {
  [cause]: Error: Error when executing the blueprint step #5 ({"step":"installPlugin","pluginData":{"resource":"wordpress.org/plugins","slug":"translated-nextscripts-social-networks-auto-poster"},"options":{"activate":true}}) : Could not download "https://downloads.wordpress.org/plugin/translated-nextscripts-social-networks-auto-poster.latest-stable.zip".
  				Check if the URL is correct and the server is reachable.
  				If it is reachable, the server might be blocking the request.
  				Check the browser console and network tabs for more information.
  
  				## Does the console show the error "No 'Access-Control-Allow-Origin' header"?
  
  				This means the server that hosts your file does not allow requests from other sites
  				(cross-origin requests, or CORS).	You need to move the asset to a server that allows
  				cross-origin file downloads. Learn more about CORS at
  				https://developer.mozilla.org/en-US/docs/Web/HTTP/CORS.
  
  				If your file is on GitHub, load it from "raw.githubusercontent.com".
  				Here's how to do that:
  
  				1. Start with the original GitHub URL of the file. For example:
  				https://github.com/username/repository/blob/branch/filename.
  				2. Replace "github.com" with "raw.githubusercontent.com".
  				3. Remove the "/blob/" part of the URL.
  
  				The resulting URL should look like this:
  				https://raw.githubusercontent.com/username/repository/branch/filename
  
  				Error:
  				Error: Could not download "https://downloads.wordpress.org/plugin/translated-nextscripts-social-networks-auto-poster.latest-stable.zip"
      at Object.run (file:///home/runner/work/playground-tester/playground-tester/node_modules/@wp-playground/blueprints/index.js:12449:19)
      at process.processTicksAndRejections (node:internal/process/task_queues:105:5)
      at async ms (file:///home/runner/work/playground-tester/playground-tester/node_modules/@wp-playground/blueprints/index.js:12552:3)
      at async Object.onBind (file:///home/runner/work/playground-tester/playground-tester/node_modules/@wp-playground/cli/index.js:227:48)
      at async V (file:///home/runner/work/playground-tester/playground-tester/node_modules/@wp-playground/cli/index.js:64:10)
      at async ja (file:///home/runner/work/playground-tester/playground-tester/node_modules/@wp-playground/cli/cli.js:8161:12) {
    [cause]: Error: Could not download "https://downloads.wordpress.org/plugin/translated-nextscripts-social-networks-auto-poster.latest-stable.zip".
    				Check if the URL is correct and the server is reachable.
    				If it is reachable, the server might be blocking the request.
    				Check the browser console and network tabs for more information.
    
    				## Does the console show the error "No 'Access-Control-Allow-Origin' header"?
    
    				This means the server that hosts your file does not allow requests from other sites
    				(cross-origin requests, or CORS).	You need to move the asset to a server that allows
    				cross-origin file downloads. Learn more about CORS at
    				https://developer.mozilla.org/en-US/docs/Web/HTTP/CORS.
    
    				If your file is on GitHub, load it from "raw.githubusercontent.com".
    				Here's how to do that:
    
    				1. Start with the original GitHub URL of the file. For example:
    				https://github.com/username/repository/blob/branch/filename.
    				2. Replace "github.com" with "raw.githubusercontent.com".
    				3. Remove the "/blob/" part of the URL.
    
    				The resulting URL should look like this:
    				https://raw.githubusercontent.com/username/repository/branch/filename
    
    				Error:
    				Error: Could not download "https://downloads.wordpress.org/plugin/translated-nextscripts-social-networks-auto-poster.latest-stable.zip"
        at Ct.resolve (file:///home/runner/work/playground-tester/playground-tester/node_modules/@wp-playground/blueprints/index.js:1472:13)
        at process.processTicksAndRejections (node:internal/process/task_queues:105:5)
        at async _.run (file:///home/runner/work/playground-tester/playground-tester/node_modules/@php-wasm/util/index.js:45:14)
  }
}

Node.js v23.11.0
