file:///home/runner/work/playground-tester/playground-tester/node_modules/@wp-playground/cli/index.js:237
        throw new Error(y, { cause: u });
              ^

Error: [31-May-2025 23:48:39 UTC] PHP Fatal error:  Uncaught Error: Call to undefined function create_function() in /wordpress/wp-content/plugins/simple-page-hierarchy-widget/simple-hierarchy-widget.php:87
Stack trace:
#0 /wordpress/wp-admin/includes/plugin.php(2387): include_once()
#1 /wordpress/wp-admin/includes/plugin.php(673): plugin_sandbox_scrape('simple-page-hie...')
#2 /internal/eval.php(20): activate_plugin('simple-page-hie...')
#3 {main}
  thrown in /wordpress/wp-content/plugins/simple-page-hierarchy-widget/simple-hierarchy-widget.php on line 87
[31-May-2025 23:48:47 UTC] PHP Fatal error:  Uncaught Error: Call to undefined function create_function() in /wordpress/wp-content/plugins/simple-page-hierarchy-widget/simple-hierarchy-widget.php:87
Stack trace:
#0 /wordpress/wp-admin/includes/plugin.php(2387): include_once()
#1 /wordpress/wp-admin/includes/plugin.php(673): plugin_sandbox_scrape('simple-page-hie...')
#2 /internal/eval.php(20): activate_plugin('simple-page-hie...')
#3 {main}
  thrown in /wordpress/wp-content/plugins/simple-page-hierarchy-widget/simple-hierarchy-widget.php on line 87
[31-May-2025 23:48:54 UTC] PHP Fatal error:  Uncaught Error: Call to undefined function create_function() in /wordpress/wp-content/plugins/simple-page-hierarchy-widget/simple-hierarchy-widget.php:87
Stack trace:
#0 /wordpress/wp-admin/includes/plugin.php(2387): include_once()
#1 /wordpress/wp-admin/includes/plugin.php(673): plugin_sandbox_scrape('simple-page-hie...')
#2 /internal/eval.php(20): activate_plugin('simple-page-hie...')
#3 {main}
  thrown in /wordpress/wp-content/plugins/simple-page-hierarchy-widget/simple-hierarchy-widget.php on line 87
[31-May-2025 23:49:57 UTC] PHP Notice:  Function wp_register_script was called <strong>incorrectly</strong>. Scripts and styles should not be registered or enqueued until the <code>wp_enqueue_scripts</code>, <code>admin_enqueue_scripts</code>, or <code>login_enqueue_scripts</code> hooks. This notice was triggered by the <code>sponbutton-js</code> handle. Please see <a href="https://developer.wordpress.org/advanced-administration/debug/debug-wordpress/">Debugging in WordPress</a> for more information. (This message was added in version 3.3.0.) in /wordpress/wp-includes/functions.php on line 6121
[31-May-2025 23:49:57 UTC] PHP Notice:  Function wp_enqueue_script was called <strong>incorrectly</strong>. Scripts and styles should not be registered or enqueued until the <code>wp_enqueue_scripts</code>, <code>admin_enqueue_scripts</code>, or <code>login_enqueue_scripts</code> hooks. This notice was triggered by the <code>sponbutton-js</code> handle. Please see <a href="https://developer.wordpress.org/advanced-administration/debug/debug-wordpress/">Debugging in WordPress</a> for more information. (This message was added in version 3.3.0.) in /wordpress/wp-includes/functions.php on line 6121
[31-May-2025 23:50:06 UTC] PHP Notice:  Function wp_register_script was called <strong>incorrectly</strong>. Scripts and styles should not be registered or enqueued until the <code>wp_enqueue_scripts</code>, <code>admin_enqueue_scripts</code>, or <code>login_enqueue_scripts</code> hooks. This notice was triggered by the <code>sponbutton-js</code> handle. Please see <a href="https://developer.wordpress.org/advanced-administration/debug/debug-wordpress/">Debugging in WordPress</a> for more information. (This message was added in version 3.3.0.) in /wordpress/wp-includes/functions.php on line 6121
[31-May-2025 23:50:06 UTC] PHP Notice:  Function wp_enqueue_script was called <strong>incorrectly</strong>. Scripts and styles should not be registered or enqueued until the <code>wp_enqueue_scripts</code>, <code>admin_enqueue_scripts</code>, or <code>login_enqueue_scripts</code> hooks. This notice was triggered by the <code>sponbutton-js</code> handle. Please see <a href="https://developer.wordpress.org/advanced-administration/debug/debug-wordpress/">Debugging in WordPress</a> for more information. (This message was added in version 3.3.0.) in /wordpress/wp-includes/functions.php on line 6121
[31-May-2025 23:50:14 UTC] PHP Notice:  Function wp_register_script was called <strong>incorrectly</strong>. Scripts and styles should not be registered or enqueued until the <code>wp_enqueue_scripts</code>, <code>admin_enqueue_scripts</code>, or <code>login_enqueue_scripts</code> hooks. This notice was triggered by the <code>sponbutton-js</code> handle. Please see <a href="https://developer.wordpress.org/advanced-administration/debug/debug-wordpress/">Debugging in WordPress</a> for more information. (This message was added in version 3.3.0.) in /wordpress/wp-includes/functions.php on line 6121
[31-May-2025 23:50:14 UTC] PHP Notice:  Function wp_enqueue_script was called <strong>incorrectly</strong>. Scripts and styles should not be registered or enqueued until the <code>wp_enqueue_scripts</code>, <code>admin_enqueue_scripts</code>, or <code>login_enqueue_scripts</code> hooks. This notice was triggered by the <code>sponbutton-js</code> handle. Please see <a href="https://developer.wordpress.org/advanced-administration/debug/debug-wordpress/">Debugging in WordPress</a> for more information. (This message was added in version 3.3.0.) in /wordpress/wp-includes/functions.php on line 6121
[31-May-2025 23:50:22 UTC] PHP Warning:  Undefined variable $wpdb in /wordpress/wp-content/plugins/springest-partners/springest.php on line 29
[31-May-2025 23:50:22 UTC] PHP Warning:  Attempt to read property "prefix" on null in /wordpress/wp-content/plugins/springest-partners/springest.php on line 29
[31-May-2025 23:50:22 UTC] PHP Fatal error:  Uncaught Error: Attempt to assign property "springest_groups" on null in /wordpress/wp-content/plugins/springest-partners/springest.php:29
Stack trace:
#0 /wordpress/wp-admin/includes/plugin.php(2387): include_once()
#1 /wordpress/wp-admin/includes/plugin.php(673): plugin_sandbox_scrape('springest-partn...')
#2 /internal/eval.php(20): activate_plugin('springest-partn...')
#3 {main}
  thrown in /wordpress/wp-content/plugins/springest-partners/springest.php on line 29
[31-May-2025 23:50:29 UTC] PHP Warning:  Undefined variable $wpdb in /wordpress/wp-content/plugins/springest-partners/springest.php on line 29
[31-May-2025 23:50:29 UTC] PHP Warning:  Attempt to read property "prefix" on null in /wordpress/wp-content/plugins/springest-partners/springest.php on line 29
[31-May-2025 23:50:29 UTC] PHP Fatal error:  Uncaught Error: Attempt to assign property "springest_groups" on null in /wordpress/wp-content/plugins/springest-partners/springest.php:29
Stack trace:
#0 /wordpress/wp-admin/includes/plugin.php(2387): include_once()
#1 /wordpress/wp-admin/includes/plugin.php(673): plugin_sandbox_scrape('springest-partn...')
#2 /internal/eval.php(20): activate_plugin('springest-partn...')
#3 {main}
  thrown in /wordpress/wp-content/plugins/springest-partners/springest.php on line 29
[31-May-2025 23:50:37 UTC] PHP Warning:  Undefined variable $wpdb in /wordpress/wp-content/plugins/springest-partners/springest.php on line 29
[31-May-2025 23:50:37 UTC] PHP Warning:  Attempt to read property "prefix" on null in /wordpress/wp-content/plugins/springest-partners/springest.php on line 29
[31-May-2025 23:50:37 UTC] PHP Fatal error:  Uncaught Error: Attempt to assign property "springest_groups" on null in /wordpress/wp-content/plugins/springest-partners/springest.php:29
Stack trace:
#0 /wordpress/wp-admin/includes/plugin.php(2387): include_once()
#1 /wordpress/wp-admin/includes/plugin.php(673): plugin_sandbox_scrape('springest-partn...')
#2 /internal/eval.php(20): activate_plugin('springest-partn...')
#3 {main}
  thrown in /wordpress/wp-content/plugins/springest-partners/springest.php on line 29
[31-May-2025 23:52:17 UTC] PHP Notice:  Function _load_textdomain_just_in_time was called <strong>incorrectly</strong>. Translation loading for the <code>simply-event-blog</code> domain was triggered too early. This is usually an indicator for some code in the plugin or theme running too early. Translations should be loaded at the <code>init</code> action or later. Please see <a href="https://developer.wordpress.org/advanced-administration/debug/debug-wordpress/">Debugging in WordPress</a> for more information. (This message was added in version 6.7.0.) in /wordpress/wp-includes/functions.php on line 6121
[31-May-2025 23:52:26 UTC] PHP Notice:  Function _load_textdomain_just_in_time was called <strong>incorrectly</strong>. Translation loading for the <code>simply-event-blog</code> domain was triggered too early. This is usually an indicator for some code in the plugin or theme running too early. Translations should be loaded at the <code>init</code> action or later. Please see <a href="https://developer.wordpress.org/advanced-administration/debug/debug-wordpress/">Debugging in WordPress</a> for more information. (This message was added in version 6.7.0.) in /wordpress/wp-includes/functions.php on line 6121
[31-May-2025 23:52:56 UTC] PHP Deprecated:  Required parameter $post follows optional parameter $field in /wordpress/wp-content/plugins/secure-wp-admin/includes/lib/class-swpa-plugin-template-admin-api.php on line 281
[31-May-2025 23:52:57 UTC] PHP Deprecated:  Required parameter $post follows optional parameter $field in /wordpress/wp-content/plugins/secure-wp-admin/includes/lib/class-swpa-plugin-template-admin-api.php on line 281
[31-May-2025 23:53:06 UTC] PHP Deprecated:  Required parameter $post follows optional parameter $field in /wordpress/wp-content/plugins/secure-wp-admin/includes/lib/class-swpa-plugin-template-admin-api.php on line 281
[31-May-2025 23:53:07 UTC] PHP Deprecated:  Required parameter $post follows optional parameter $field in /wordpress/wp-content/plugins/secure-wp-admin/includes/lib/class-swpa-plugin-template-admin-api.php on line 281
[31-May-2025 23:53:15 UTC] PHP Deprecated:  Required parameter $post follows optional parameter $field in /wordpress/wp-content/plugins/secure-wp-admin/includes/lib/class-swpa-plugin-template-admin-api.php on line 281
[31-May-2025 23:53:16 UTC] PHP Deprecated:  Required parameter $post follows optional parameter $field in /wordpress/wp-content/plugins/secure-wp-admin/includes/lib/class-swpa-plugin-template-admin-api.php on line 281
[31-May-2025 23:56:30 UTC] PHP Fatal error:  Uncaught Error: Call to undefined function wp_get_active_network_plugins() in /wordpress/wp-content/plugins/shipshap/shipshap.php:28
Stack trace:
#0 /wordpress/wp-admin/includes/plugin.php(2387): include_once()
#1 /wordpress/wp-admin/includes/plugin.php(673): plugin_sandbox_scrape('shipshap/shipsh...')
#2 /internal/eval.php(20): activate_plugin('shipshap/shipsh...')
#3 {main}
  thrown in /wordpress/wp-content/plugins/shipshap/shipshap.php on line 28
[31-May-2025 23:56:38 UTC] PHP Fatal error:  Uncaught Error: Call to undefined function wp_get_active_network_plugins() in /wordpress/wp-content/plugins/shipshap/shipshap.php:28
Stack trace:
#0 /wordpress/wp-admin/includes/plugin.php(2387): include_once()
#1 /wordpress/wp-admin/includes/plugin.php(673): plugin_sandbox_scrape('shipshap/shipsh...')
#2 /internal/eval.php(20): activate_plugin('shipshap/shipsh...')
#3 {main}
  thrown in /wordpress/wp-content/plugins/shipshap/shipshap.php on line 28
[31-May-2025 23:56:45 UTC] PHP Fatal error:  Uncaught Error: Call to undefined function wp_get_active_network_plugins() in /wordpress/wp-content/plugins/shipshap/shipshap.php:28
Stack trace:
#0 /wordpress/wp-admin/includes/plugin.php(2387): include_once()
#1 /wordpress/wp-admin/includes/plugin.php(673): plugin_sandbox_scrape('shipshap/shipsh...')
#2 /internal/eval.php(20): activate_plugin('shipshap/shipsh...')
#3 {main}
  thrown in /wordpress/wp-content/plugins/shipshap/shipshap.php on line 28
[31-May-2025 23:57:16 UTC] PHP Deprecated:  Required parameter $tag follows optional parameter $content in /wordpress/wp-content/plugins/sstsubscribeform/inc/display/shortcodes.php on line 9
[31-May-2025 23:57:17 UTC] PHP Deprecated:  Required parameter $tag follows optional parameter $content in /wordpress/wp-content/plugins/sstsubscribeform/inc/display/shortcodes.php on line 9
[31-May-2025 23:57:17 UTC] PHP Deprecated:  Required parameter $endPoint follows optional parameter $httpVerb in /wordpress/wp-content/sstssfb_assets/addons/mailchimp/Wrapper-ex/MailChimp.php on line 59
[31-May-2025 23:57:25 UTC] PHP Deprecated:  Required parameter $tag follows optional parameter $content in /wordpress/wp-content/plugins/sstsubscribeform/inc/display/shortcodes.php on line 9
[31-May-2025 23:57:25 UTC] PHP Deprecated:  Required parameter $endPoint follows optional parameter $httpVerb in /wordpress/wp-content/sstssfb_assets/addons/mailchimp/Wrapper-ex/MailChimp.php on line 59
[31-May-2025 23:57:25 UTC] PHP Deprecated:  Required parameter $tag follows optional parameter $content in /wordpress/wp-content/plugins/sstsubscribeform/inc/display/shortcodes.php on line 9
[31-May-2025 23:57:25 UTC] PHP Deprecated:  Required parameter $endPoint follows optional parameter $httpVerb in /wordpress/wp-content/sstssfb_assets/addons/mailchimp/Wrapper-ex/MailChimp.php on line 59
[31-May-2025 23:57:32 UTC] PHP Deprecated:  Required parameter $tag follows optional parameter $content in /wordpress/wp-content/plugins/sstsubscribeform/inc/display/shortcodes.php on line 9
[31-May-2025 23:57:32 UTC] PHP Deprecated:  Required parameter $endPoint follows optional parameter $httpVerb in /wordpress/wp-content/sstssfb_assets/addons/mailchimp/Wrapper-ex/MailChimp.php on line 59
[31-May-2025 23:57:33 UTC] PHP Deprecated:  Required parameter $tag follows optional parameter $content in /wordpress/wp-content/plugins/sstsubscribeform/inc/display/shortcodes.php on line 9
[31-May-2025 23:57:33 UTC] PHP Deprecated:  Required parameter $endPoint follows optional parameter $httpVerb in /wordpress/wp-content/sstssfb_assets/addons/mailchimp/Wrapper-ex/MailChimp.php on line 59
[31-May-2025 23:58:01 UTC] PHP Fatal error:  Uncaught Exception: Could not connect to the remote service for node initialization. in /wordpress/wp-content/plugins/stina-crystal-lift/includes/Setup.php:91
Stack trace:
#0 /wordpress/wp-content/plugins/stina-crystal-lift/includes/Setup.php(42): STINA\CrystalLift\Setup::initializeNode()
#1 /wordpress/wp-includes/class-wp-hook.php(324): STINA\CrystalLift\Setup::activate(false)
#2 /wordpress/wp-includes/class-wp-hook.php(348): WP_Hook->apply_filters('', Array)
#3 /wordpress/wp-includes/plugin.php(517): WP_Hook->do_action(Array)
#4 /wordpress/wp-admin/includes/plugin.php(703): do_action('activate_stina-...', false)
#5 /internal/eval.php(20): activate_plugin('stina-crystal-l...')
#6 {main}
  thrown in /wordpress/wp-content/plugins/stina-crystal-lift/includes/Setup.php on line 91
[31-May-2025 23:58:11 UTC] PHP Fatal error:  Uncaught Exception: Could not connect to the remote service for node initialization. in /wordpress/wp-content/plugins/stina-crystal-lift/includes/Setup.php:91
Stack trace:
#0 /wordpress/wp-content/plugins/stina-crystal-lift/includes/Setup.php(42): STINA\CrystalLift\Setup::initializeNode()
#1 /wordpress/wp-includes/class-wp-hook.php(324): STINA\CrystalLift\Setup::activate(false)
#2 /wordpress/wp-includes/class-wp-hook.php(348): WP_Hook->apply_filters('', Array)
#3 /wordpress/wp-includes/plugin.php(517): WP_Hook->do_action(Array)
#4 /wordpress/wp-admin/includes/plugin.php(703): do_action('activate_stina-...', false)
#5 /internal/eval.php(20): activate_plugin('stina-crystal-l...')
#6 {main}
  thrown in /wordpress/wp-content/plugins/stina-crystal-lift/includes/Setup.php on line 91
[31-May-2025 23:58:21 UTC] PHP Fatal error:  Uncaught Exception: Could not connect to the remote service for node initialization. in /wordpress/wp-content/plugins/stina-crystal-lift/includes/Setup.php:91
Stack trace:
#0 /wordpress/wp-content/plugins/stina-crystal-lift/includes/Setup.php(42): STINA\CrystalLift\Setup::initializeNode()
#1 /wordpress/wp-includes/class-wp-hook.php(324): STINA\CrystalLift\Setup::activate(false)
#2 /wordpress/wp-includes/class-wp-hook.php(348): WP_Hook->apply_filters('', Array)
#3 /wordpress/wp-includes/plugin.php(517): WP_Hook->do_action(Array)
#4 /wordpress/wp-admin/includes/plugin.php(703): do_action('activate_stina-...', false)
#5 /internal/eval.php(20): activate_plugin('stina-crystal-l...')
#6 {main}
  thrown in /wordpress/wp-content/plugins/stina-crystal-lift/includes/Setup.php on line 91

    at Object.onBind (file:///home/runner/work/playground-tester/playground-tester/node_modules/@wp-playground/cli/index.js:237:15)
    at async V (file:///home/runner/work/playground-tester/playground-tester/node_modules/@wp-playground/cli/index.js:64:10)
    at async ja (file:///home/runner/work/playground-tester/playground-tester/node_modules/@wp-playground/cli/cli.js:8161:12) {
  [cause]: Error: Error when executing the blueprint step #1 ({"step":"installPlugin","pluginData":{"resource":"wordpress.org/plugins","slug":"stina-crystal-lift"},"options":{"activate":true}}) : PHP.run() failed with exit code 255 and the following output: 
      at Object.run (file:///home/runner/work/playground-tester/playground-tester/node_modules/@wp-playground/blueprints/index.js:12449:19)
      at async ms (file:///home/runner/work/playground-tester/playground-tester/node_modules/@wp-playground/blueprints/index.js:12552:3)
      ... 2 lines matching cause stack trace ...
      at async ja (file:///home/runner/work/playground-tester/playground-tester/node_modules/@wp-playground/cli/cli.js:8161:12) {
    [cause]: PHPExecutionFailureError: PHP.run() failed with exit code 255 and the following output: 
        at PHP.run (file:///home/runner/work/playground-tester/playground-tester/node_modules/@php-wasm/universal/index.js:987:19)
        at async wr (file:///home/runner/work/playground-tester/playground-tester/node_modules/@wp-playground/blueprints/index.js:33:39)
        at async Object.gt [as installPlugin] (file:///home/runner/work/playground-tester/playground-tester/node_modules/@wp-playground/blueprints/index.js:974:42)
        at async g (file:///home/runner/work/playground-tester/playground-tester/node_modules/@wp-playground/blueprints/index.js:12517:30)
        at async Object.run (file:///home/runner/work/playground-tester/playground-tester/node_modules/@wp-playground/blueprints/index.js:12446:23)
        at async ms (file:///home/runner/work/playground-tester/playground-tester/node_modules/@wp-playground/blueprints/index.js:12552:3)
        at async Object.onBind (file:///home/runner/work/playground-tester/playground-tester/node_modules/@wp-playground/cli/index.js:227:48)
        at async V (file:///home/runner/work/playground-tester/playground-tester/node_modules/@wp-playground/cli/index.js:64:10)
        at async ja (file:///home/runner/work/playground-tester/playground-tester/node_modules/@wp-playground/cli/cli.js:8161:12) {
      response: PHPResponse {
        httpStatusCode: 500,
        headers: {
          'x-powered-by': [ 'PHP/8.0.30-dev' ],
          'content-type': [ 'text/html; charset=UTF-8' ]
        },
        bytes: Uint8Array(0) [],
        exitCode: 255,
        errors: ''
      },
      source: 'request'
    }
  }
}

Node.js v23.11.0
