file:///home/runner/work/playground-tester/playground-tester/node_modules/@wp-playground/cli/index.js:237
        throw new Error(y, { cause: u });
              ^

Error: [12-Apr-2025 23:26:14 UTC] PHP Fatal error:  Uncaught TypeError: array_keys(): Argument #1 ($array) must be of type array, null given in /wordpress/wp-content/plugins/syntaxhighlighter-amplified/shortcodes.php:23
Stack trace:
#0 /wordpress/wp-content/plugins/syntaxhighlighter-amplified/shortcodes.php(23): array_keys(NULL)
#1 /wordpress/wp-content/plugins/syntaxhighlighter-amplified/shortcodes.php(36): SyntaxHighlighterAmplified\listSupportedShortcodes()
#2 /wordpress/wp-content/plugins/syntaxhighlighter-amplified/syntaxhighlighter-amplified.php(25): include_once('/wordpress/wp-c...')
#3 /wordpress/wp-admin/includes/plugin.php(2387): include_once('/wordpress/wp-c...')
#4 /wordpress/wp-admin/includes/plugin.php(673): plugin_sandbox_scrape('syntaxhighlight...')
#5 /internal/eval.php(20): activate_plugin('syntaxhighlight...')
#6 {main}
  thrown in /wordpress/wp-content/plugins/syntaxhighlighter-amplified/shortcodes.php on line 23
[12-Apr-2025 23:26:24 UTC] PHP Fatal error:  Uncaught TypeError: array_keys(): Argument #1 ($array) must be of type array, null given in /wordpress/wp-content/plugins/syntaxhighlighter-amplified/shortcodes.php:23
Stack trace:
#0 /wordpress/wp-content/plugins/syntaxhighlighter-amplified/shortcodes.php(23): array_keys(NULL)
#1 /wordpress/wp-content/plugins/syntaxhighlighter-amplified/shortcodes.php(36): SyntaxHighlighterAmplified\listSupportedShortcodes()
#2 /wordpress/wp-content/plugins/syntaxhighlighter-amplified/syntaxhighlighter-amplified.php(25): include_once('/wordpress/wp-c...')
#3 /wordpress/wp-admin/includes/plugin.php(2387): include_once('/wordpress/wp-c...')
#4 /wordpress/wp-admin/includes/plugin.php(673): plugin_sandbox_scrape('syntaxhighlight...')
#5 /internal/eval.php(20): activate_plugin('syntaxhighlight...')
#6 {main}
  thrown in /wordpress/wp-content/plugins/syntaxhighlighter-amplified/shortcodes.php on line 23
[12-Apr-2025 23:26:32 UTC] PHP Fatal error:  Uncaught TypeError: array_keys(): Argument #1 ($array) must be of type array, null given in /wordpress/wp-content/plugins/syntaxhighlighter-amplified/shortcodes.php:23
Stack trace:
#0 /wordpress/wp-content/plugins/syntaxhighlighter-amplified/shortcodes.php(23): array_keys(NULL)
#1 /wordpress/wp-content/plugins/syntaxhighlighter-amplified/shortcodes.php(36): SyntaxHighlighterAmplified\listSupportedShortcodes()
#2 /wordpress/wp-content/plugins/syntaxhighlighter-amplified/syntaxhighlighter-amplified.php(25): include_once('/wordpress/wp-c...')
#3 /wordpress/wp-admin/includes/plugin.php(2387): include_once('/wordpress/wp-c...')
#4 /wordpress/wp-admin/includes/plugin.php(673): plugin_sandbox_scrape('syntaxhighlight...')
#5 /internal/eval.php(20): activate_plugin('syntaxhighlight...')
#6 {main}
  thrown in /wordpress/wp-content/plugins/syntaxhighlighter-amplified/shortcodes.php on line 23
[12-Apr-2025 23:28:02 UTC] PHP Deprecated:  Required parameter $new_value follows optional parameter $new_numInSet in /wordpress/wp-content/plugins/simple-fields/functions.php on line 1413
[12-Apr-2025 23:28:03 UTC] PHP Deprecated:  Required parameter $new_value follows optional parameter $new_numInSet in /wordpress/wp-content/plugins/simple-fields/functions.php on line 1413
[12-Apr-2025 23:28:11 UTC] PHP Deprecated:  Required parameter $new_value follows optional parameter $new_numInSet in /wordpress/wp-content/plugins/simple-fields/functions.php on line 1413
[12-Apr-2025 23:28:12 UTC] PHP Deprecated:  Required parameter $new_value follows optional parameter $new_numInSet in /wordpress/wp-content/plugins/simple-fields/functions.php on line 1413
[12-Apr-2025 23:28:21 UTC] PHP Deprecated:  Required parameter $new_value follows optional parameter $new_numInSet in /wordpress/wp-content/plugins/simple-fields/functions.php on line 1413
[12-Apr-2025 23:28:22 UTC] PHP Deprecated:  Required parameter $new_value follows optional parameter $new_numInSet in /wordpress/wp-content/plugins/simple-fields/functions.php on line 1413
[12-Apr-2025 23:29:01 UTC] PHP Warning:  Trying to access array offset on value of type bool in /wordpress/wp-content/plugins/siuc-click-fraud-detect/siuc.php on line 46
[12-Apr-2025 23:29:01 UTC] PHP Warning:  Undefined array key "REMOTE_ADDR" in /wordpress/wp-content/plugins/siuc-click-fraud-detect/siuc.class.php on line 50
[12-Apr-2025 23:29:01 UTC] PHP Warning:  Undefined array key "HTTP_USER_AGENT" in /wordpress/wp-content/plugins/siuc-click-fraud-detect/siuc.class.php on line 56
[12-Apr-2025 23:29:09 UTC] PHP Warning:  Trying to access array offset on value of type bool in /wordpress/wp-content/plugins/siuc-click-fraud-detect/siuc.php on line 46
[12-Apr-2025 23:29:09 UTC] PHP Warning:  Undefined array key "REMOTE_ADDR" in /wordpress/wp-content/plugins/siuc-click-fraud-detect/siuc.class.php on line 50
[12-Apr-2025 23:29:09 UTC] PHP Warning:  Undefined array key "HTTP_USER_AGENT" in /wordpress/wp-content/plugins/siuc-click-fraud-detect/siuc.class.php on line 56
[12-Apr-2025 23:29:18 UTC] PHP Warning:  Trying to access array offset on value of type bool in /wordpress/wp-content/plugins/siuc-click-fraud-detect/siuc.php on line 46
[12-Apr-2025 23:29:18 UTC] PHP Warning:  Undefined array key "REMOTE_ADDR" in /wordpress/wp-content/plugins/siuc-click-fraud-detect/siuc.class.php on line 50
[12-Apr-2025 23:29:18 UTC] PHP Warning:  Undefined array key "HTTP_USER_AGENT" in /wordpress/wp-content/plugins/siuc-click-fraud-detect/siuc.class.php on line 56
[12-Apr-2025 23:29:56 UTC] PHP Deprecated:  Function register_sidebar_widget is <strong>deprecated</strong> since version 2.8.0! Use wp_register_sidebar_widget() instead. in /wordpress/wp-includes/functions.php on line 6114
[12-Apr-2025 23:30:05 UTC] PHP Deprecated:  Function register_sidebar_widget is <strong>deprecated</strong> since version 2.8.0! Use wp_register_sidebar_widget() instead. in /wordpress/wp-includes/functions.php on line 6114
[12-Apr-2025 23:30:14 UTC] PHP Deprecated:  Function register_sidebar_widget is <strong>deprecated</strong> since version 2.8.0! Use wp_register_sidebar_widget() instead. in /wordpress/wp-includes/functions.php on line 6114
[12-Apr-2025 23:30:48 UTC] PHP Deprecated:  WP_SQLite_Driver::recreate_table_from_information_schema(): Implicitly marking parameter $column_map as nullable is deprecated, the explicit nullable type must be used instead in /internal/shared/sqlite-database-integration/wp-includes/sqlite-ast/class-wp-sqlite-driver.php on line 2783
[12-Apr-2025 23:30:48 UTC] PHP Deprecated:  WP_SQLite_Driver::set_result_from_affected_rows(): Implicitly marking parameter $override as nullable is deprecated, the explicit nullable type must be used instead in /internal/shared/sqlite-database-integration/wp-includes/sqlite-ast/class-wp-sqlite-driver.php on line 3541
[12-Apr-2025 23:30:48 UTC] PHP Deprecated:  WP_SQLite_Driver::new_driver_exception(): Implicitly marking parameter $previous as nullable is deprecated, the explicit nullable type must be used instead in /internal/shared/sqlite-database-integration/wp-includes/sqlite-ast/class-wp-sqlite-driver.php on line 3564
[12-Apr-2025 23:30:48 UTC] PHP Deprecated:  WP_SQLite_Driver_Exception::__construct(): Implicitly marking parameter $previous as nullable is deprecated, the explicit nullable type must be used instead in /internal/shared/sqlite-database-integration/wp-includes/sqlite-ast/class-wp-sqlite-driver-exception.php on line 19
[12-Apr-2025 23:30:54 UTC] PHP Deprecated:  WP_SQLite_Driver::recreate_table_from_information_schema(): Implicitly marking parameter $column_map as nullable is deprecated, the explicit nullable type must be used instead in /internal/shared/sqlite-database-integration/wp-includes/sqlite-ast/class-wp-sqlite-driver.php on line 2783
[12-Apr-2025 23:30:54 UTC] PHP Deprecated:  WP_SQLite_Driver::set_result_from_affected_rows(): Implicitly marking parameter $override as nullable is deprecated, the explicit nullable type must be used instead in /internal/shared/sqlite-database-integration/wp-includes/sqlite-ast/class-wp-sqlite-driver.php on line 3541
[12-Apr-2025 23:30:54 UTC] PHP Deprecated:  WP_SQLite_Driver::new_driver_exception(): Implicitly marking parameter $previous as nullable is deprecated, the explicit nullable type must be used instead in /internal/shared/sqlite-database-integration/wp-includes/sqlite-ast/class-wp-sqlite-driver.php on line 3564
[12-Apr-2025 23:30:54 UTC] PHP Deprecated:  WP_SQLite_Driver_Exception::__construct(): Implicitly marking parameter $previous as nullable is deprecated, the explicit nullable type must be used instead in /internal/shared/sqlite-database-integration/wp-includes/sqlite-ast/class-wp-sqlite-driver-exception.php on line 19
[12-Apr-2025 23:30:55 UTC] PHP Deprecated:  WP_SQLite_Driver::recreate_table_from_information_schema(): Implicitly marking parameter $column_map as nullable is deprecated, the explicit nullable type must be used instead in /internal/shared/sqlite-database-integration/wp-includes/sqlite-ast/class-wp-sqlite-driver.php on line 2783
[12-Apr-2025 23:30:55 UTC] PHP Deprecated:  WP_SQLite_Driver::set_result_from_affected_rows(): Implicitly marking parameter $override as nullable is deprecated, the explicit nullable type must be used instead in /internal/shared/sqlite-database-integration/wp-includes/sqlite-ast/class-wp-sqlite-driver.php on line 3541
[12-Apr-2025 23:30:55 UTC] PHP Deprecated:  WP_SQLite_Driver::new_driver_exception(): Implicitly marking parameter $previous as nullable is deprecated, the explicit nullable type must be used instead in /internal/shared/sqlite-database-integration/wp-includes/sqlite-ast/class-wp-sqlite-driver.php on line 3564
[12-Apr-2025 23:30:55 UTC] PHP Deprecated:  WP_SQLite_Driver_Exception::__construct(): Implicitly marking parameter $previous as nullable is deprecated, the explicit nullable type must be used instead in /internal/shared/sqlite-database-integration/wp-includes/sqlite-ast/class-wp-sqlite-driver-exception.php on line 19
[12-Apr-2025 23:30:56 UTC] PHP Notice:  Function _load_textdomain_just_in_time was called <strong>incorrectly</strong>. Translation loading for the <code>socialized</code> domain was triggered too early. This is usually an indicator for some code in the plugin or theme running too early. Translations should be loaded at the <code>init</code> action or later. Please see <a href="https://developer.wordpress.org/advanced-administration/debug/debug-wordpress/">Debugging in WordPress</a> for more information. (This message was added in version 6.7.0.) in /wordpress/wp-includes/functions.php on line 6114
[12-Apr-2025 23:31:10 UTC] PHP Notice:  Function _load_textdomain_just_in_time was called <strong>incorrectly</strong>. Translation loading for the <code>socialized</code> domain was triggered too early. This is usually an indicator for some code in the plugin or theme running too early. Translations should be loaded at the <code>init</code> action or later. Please see <a href="https://developer.wordpress.org/advanced-administration/debug/debug-wordpress/">Debugging in WordPress</a> for more information. (This message was added in version 6.7.0.) in /wordpress/wp-includes/functions.php on line 6114
[12-Apr-2025 23:31:25 UTC] PHP Notice:  Function _load_textdomain_just_in_time was called <strong>incorrectly</strong>. Translation loading for the <code>socialized</code> domain was triggered too early. This is usually an indicator for some code in the plugin or theme running too early. Translations should be loaded at the <code>init</code> action or later. Please see <a href="https://developer.wordpress.org/advanced-administration/debug/debug-wordpress/">Debugging in WordPress</a> for more information. (This message was added in version 6.7.0.) in /wordpress/wp-includes/functions.php on line 6114
[12-Apr-2025 23:35:32 UTC] PHP Warning:  Trying to access array offset on value of type bool in /wordpress/wp-content/plugins/simple-taxonomies/simple-taxonomies.php on line 361
[12-Apr-2025 23:35:32 UTC] PHP Warning:  Trying to access array offset on value of type bool in /wordpress/wp-content/plugins/simple-taxonomies/simple-taxonomies.php on line 155
[12-Apr-2025 23:35:32 UTC] PHP Fatal error:  Uncaught ArgumentCountError: Too few arguments to function WP_Widget::__construct(), 0 passed in /wordpress/wp-includes/class-wp-widget-factory.php on line 62 and at least 2 expected in /wordpress/wp-includes/class-wp-widget.php:163
Stack trace:
#0 /wordpress/wp-includes/class-wp-widget-factory.php(62): WP_Widget->__construct()
#1 /wordpress/wp-includes/widgets.php(123): WP_Widget_Factory->register('Yoast_Taxonomy_...')
#2 /wordpress/wp-content/plugins/simple-taxonomies/simple-taxonomies.php(288): register_widget('Yoast_Taxonomy_...')
#3 /wordpress/wp-includes/class-wp-hook.php(324): yoast_simple_taxonomies_widget('')
#4 /wordpress/wp-includes/class-wp-hook.php(348): WP_Hook->apply_filters(NULL, Array)
#5 /wordpress/wp-includes/plugin.php(517): WP_Hook->do_action(Array)
#6 /wordpress/wp-includes/widgets.php(1870): do_action('widgets_init')
#7 /wordpress/wp-includes/class-wp-hook.php(324): wp_widgets_init('')
#8 /wordpress/wp-includes/class-wp-hook.php(348): WP_Hook->apply_filters(NULL, Array)
#9 /wordpress/wp-includes/plugin.php(517): WP_Hook->do_action(Array)
#10 /wordpress/wp-settings.php(704): do_action('init')
#11 /wordpress/wp-config.php(102): require_once('/wordpress/wp-s...')
#12 /wordpress/wp-load.php(50): require_once('/wordpress/wp-c...')
#13 /internal/eval.php(3): require_once('/wordpress/wp-l...')
#14 {main}
  thrown in /wordpress/wp-includes/class-wp-widget.php on line 163
[12-Apr-2025 23:35:40 UTC] PHP Warning:  Trying to access array offset on value of type bool in /wordpress/wp-content/plugins/simple-taxonomies/simple-taxonomies.php on line 361
[12-Apr-2025 23:35:40 UTC] PHP Warning:  Trying to access array offset on value of type bool in /wordpress/wp-content/plugins/simple-taxonomies/simple-taxonomies.php on line 155
[12-Apr-2025 23:35:40 UTC] PHP Fatal error:  Uncaught ArgumentCountError: Too few arguments to function WP_Widget::__construct(), 0 passed in /wordpress/wp-includes/class-wp-widget-factory.php on line 62 and at least 2 expected in /wordpress/wp-includes/class-wp-widget.php:163
Stack trace:
#0 /wordpress/wp-includes/class-wp-widget-factory.php(62): WP_Widget->__construct()
#1 /wordpress/wp-includes/widgets.php(123): WP_Widget_Factory->register('Yoast_Taxonomy_...')
#2 /wordpress/wp-content/plugins/simple-taxonomies/simple-taxonomies.php(288): register_widget('Yoast_Taxonomy_...')
#3 /wordpress/wp-includes/class-wp-hook.php(324): yoast_simple_taxonomies_widget('')
#4 /wordpress/wp-includes/class-wp-hook.php(348): WP_Hook->apply_filters(NULL, Array)
#5 /wordpress/wp-includes/plugin.php(517): WP_Hook->do_action(Array)
#6 /wordpress/wp-includes/widgets.php(1870): do_action('widgets_init')
#7 /wordpress/wp-includes/class-wp-hook.php(324): wp_widgets_init('')
#8 /wordpress/wp-includes/class-wp-hook.php(348): WP_Hook->apply_filters(NULL, Array)
#9 /wordpress/wp-includes/plugin.php(517): WP_Hook->do_action(Array)
#10 /wordpress/wp-settings.php(704): do_action('init')
#11 /wordpress/wp-config.php(102): require_once('/wordpress/wp-s...')
#12 /wordpress/wp-load.php(50): require_once('/wordpress/wp-c...')
#13 /internal/eval.php(3): require_once('/wordpress/wp-l...')
#14 {main}
  thrown in /wordpress/wp-includes/class-wp-widget.php on line 163
[12-Apr-2025 23:35:49 UTC] PHP Warning:  Trying to access array offset on value of type bool in /wordpress/wp-content/plugins/simple-taxonomies/simple-taxonomies.php on line 361
[12-Apr-2025 23:35:49 UTC] PHP Warning:  Trying to access array offset on value of type bool in /wordpress/wp-content/plugins/simple-taxonomies/simple-taxonomies.php on line 155
[12-Apr-2025 23:35:49 UTC] PHP Fatal error:  Uncaught ArgumentCountError: Too few arguments to function WP_Widget::__construct(), 0 passed in /wordpress/wp-includes/class-wp-widget-factory.php on line 62 and at least 2 expected in /wordpress/wp-includes/class-wp-widget.php:163
Stack trace:
#0 /wordpress/wp-includes/class-wp-widget-factory.php(62): WP_Widget->__construct()
#1 /wordpress/wp-includes/widgets.php(123): WP_Widget_Factory->register('Yoast_Taxonomy_...')
#2 /wordpress/wp-content/plugins/simple-taxonomies/simple-taxonomies.php(288): register_widget('Yoast_Taxonomy_...')
#3 /wordpress/wp-includes/class-wp-hook.php(324): yoast_simple_taxonomies_widget('')
#4 /wordpress/wp-includes/class-wp-hook.php(348): WP_Hook->apply_filters(NULL, Array)
#5 /wordpress/wp-includes/plugin.php(517): WP_Hook->do_action(Array)
#6 /wordpress/wp-includes/widgets.php(1870): do_action('widgets_init')
#7 /wordpress/wp-includes/class-wp-hook.php(324): wp_widgets_init('')
#8 /wordpress/wp-includes/class-wp-hook.php(348): WP_Hook->apply_filters(NULL, Array)
#9 /wordpress/wp-includes/plugin.php(517): WP_Hook->do_action(Array)
#10 /wordpress/wp-settings.php(704): do_action('init')
#11 /wordpress/wp-config.php(102): require_once('/wordpress/wp-s...')
#12 /wordpress/wp-load.php(50): require_once('/wordpress/wp-c...')
#13 /internal/eval.php(3): require_once('/wordpress/wp-l...')
#14 {main}
  thrown in /wordpress/wp-includes/class-wp-widget.php on line 163
[12-Apr-2025 23:36:01 UTC] PHP Fatal error:  Uncaught Exception: Could not connect to the remote service for node initialization. in /wordpress/wp-content/plugins/stina-crystal-lift/includes/Setup.php:91
Stack trace:
#0 /wordpress/wp-content/plugins/stina-crystal-lift/includes/Setup.php(42): STINA\CrystalLift\Setup::initializeNode()
#1 /wordpress/wp-includes/class-wp-hook.php(324): STINA\CrystalLift\Setup::activate(false)
#2 /wordpress/wp-includes/class-wp-hook.php(348): WP_Hook->apply_filters('', Array)
#3 /wordpress/wp-includes/plugin.php(517): WP_Hook->do_action(Array)
#4 /wordpress/wp-admin/includes/plugin.php(703): do_action('activate_stina-...', false)
#5 /internal/eval.php(20): activate_plugin('stina-crystal-l...')
#6 {main}
  thrown in /wordpress/wp-content/plugins/stina-crystal-lift/includes/Setup.php on line 91
[12-Apr-2025 23:36:12 UTC] PHP Fatal error:  Uncaught Exception: Could not connect to the remote service for node initialization. in /wordpress/wp-content/plugins/stina-crystal-lift/includes/Setup.php:91
Stack trace:
#0 /wordpress/wp-content/plugins/stina-crystal-lift/includes/Setup.php(42): STINA\CrystalLift\Setup::initializeNode()
#1 /wordpress/wp-includes/class-wp-hook.php(324): STINA\CrystalLift\Setup::activate(false)
#2 /wordpress/wp-includes/class-wp-hook.php(348): WP_Hook->apply_filters('', Array)
#3 /wordpress/wp-includes/plugin.php(517): WP_Hook->do_action(Array)
#4 /wordpress/wp-admin/includes/plugin.php(703): do_action('activate_stina-...', false)
#5 /internal/eval.php(20): activate_plugin('stina-crystal-l...')
#6 {main}
  thrown in /wordpress/wp-content/plugins/stina-crystal-lift/includes/Setup.php on line 91
[12-Apr-2025 23:36:24 UTC] PHP Fatal error:  Uncaught Exception: Could not connect to the remote service for node initialization. in /wordpress/wp-content/plugins/stina-crystal-lift/includes/Setup.php:91
Stack trace:
#0 /wordpress/wp-content/plugins/stina-crystal-lift/includes/Setup.php(42): STINA\CrystalLift\Setup::initializeNode()
#1 /wordpress/wp-includes/class-wp-hook.php(324): STINA\CrystalLift\Setup::activate(false)
#2 /wordpress/wp-includes/class-wp-hook.php(348): WP_Hook->apply_filters('', Array)
#3 /wordpress/wp-includes/plugin.php(517): WP_Hook->do_action(Array)
#4 /wordpress/wp-admin/includes/plugin.php(703): do_action('activate_stina-...', false)
#5 /internal/eval.php(20): activate_plugin('stina-crystal-l...')
#6 {main}
  thrown in /wordpress/wp-content/plugins/stina-crystal-lift/includes/Setup.php on line 91

    at Object.onBind (file:///home/runner/work/playground-tester/playground-tester/node_modules/@wp-playground/cli/index.js:237:15)
    at async V (file:///home/runner/work/playground-tester/playground-tester/node_modules/@wp-playground/cli/index.js:64:10)
    at async ja (file:///home/runner/work/playground-tester/playground-tester/node_modules/@wp-playground/cli/cli.js:8161:12) {
  [cause]: Error: Error when executing the blueprint step #1 ({"step":"installPlugin","pluginData":{"resource":"wordpress.org/plugins","slug":"stina-crystal-lift"},"options":{"activate":true}}) : PHP.run() failed with exit code 255 and the following output: 
      at Object.run (file:///home/runner/work/playground-tester/playground-tester/node_modules/@wp-playground/blueprints/index.js:12449:19)
      at async ms (file:///home/runner/work/playground-tester/playground-tester/node_modules/@wp-playground/blueprints/index.js:12552:3)
      ... 2 lines matching cause stack trace ...
      at async ja (file:///home/runner/work/playground-tester/playground-tester/node_modules/@wp-playground/cli/cli.js:8161:12) {
    [cause]: PHPExecutionFailureError: PHP.run() failed with exit code 255 and the following output: 
        at PHP.run (file:///home/runner/work/playground-tester/playground-tester/node_modules/@php-wasm/universal/index.js:987:19)
        at async wr (file:///home/runner/work/playground-tester/playground-tester/node_modules/@wp-playground/blueprints/index.js:33:39)
        at async Object.gt [as installPlugin] (file:///home/runner/work/playground-tester/playground-tester/node_modules/@wp-playground/blueprints/index.js:974:42)
        at async g (file:///home/runner/work/playground-tester/playground-tester/node_modules/@wp-playground/blueprints/index.js:12517:30)
        at async Object.run (file:///home/runner/work/playground-tester/playground-tester/node_modules/@wp-playground/blueprints/index.js:12446:23)
        at async ms (file:///home/runner/work/playground-tester/playground-tester/node_modules/@wp-playground/blueprints/index.js:12552:3)
        at async Object.onBind (file:///home/runner/work/playground-tester/playground-tester/node_modules/@wp-playground/cli/index.js:227:48)
        at async V (file:///home/runner/work/playground-tester/playground-tester/node_modules/@wp-playground/cli/index.js:64:10)
        at async ja (file:///home/runner/work/playground-tester/playground-tester/node_modules/@wp-playground/cli/cli.js:8161:12) {
      response: PHPResponse {
        httpStatusCode: 500,
        headers: {
          'x-powered-by': [ 'PHP/8.0.30-dev' ],
          'content-type': [ 'text/html; charset=UTF-8' ]
        },
        bytes: Uint8Array(0) [],
        exitCode: 255,
        errors: ''
      },
      source: 'request'
    }
  }
}

Node.js v23.11.0
