file:///home/runner/work/playground-tester/playground-tester/node_modules/@wp-playground/cli/run-cli-j-geJYS3.js:325
        throw new Error($, { cause: h });
              ^

Error: [09-Jul-2025 17:53:34 UTC] PHP Fatal error:  Uncaught Error: Call to undefined function create_function() in /wordpress/wp-content/plugins/sidebar-image-banner-ads-widget/sidebar_image_banner_ads.php:288
Stack trace:
#0 /wordpress/wp-admin/includes/plugin.php(2387): include_once()
#1 /wordpress/wp-admin/includes/plugin.php(673): plugin_sandbox_scrape('sidebar-image-b...')
#2 /internal/eval.php(20): activate_plugin('sidebar-image-b...')
#3 {main}
  thrown in /wordpress/wp-content/plugins/sidebar-image-banner-ads-widget/sidebar_image_banner_ads.php on line 288
[09-Jul-2025 17:53:43 UTC] PHP Fatal error:  Uncaught Error: Call to undefined function create_function() in /wordpress/wp-content/plugins/sidebar-image-banner-ads-widget/sidebar_image_banner_ads.php:288
Stack trace:
#0 /wordpress/wp-admin/includes/plugin.php(2387): include_once()
#1 /wordpress/wp-admin/includes/plugin.php(673): plugin_sandbox_scrape('sidebar-image-b...')
#2 /internal/eval.php(20): activate_plugin('sidebar-image-b...')
#3 {main}
  thrown in /wordpress/wp-content/plugins/sidebar-image-banner-ads-widget/sidebar_image_banner_ads.php on line 288
[09-Jul-2025 17:53:51 UTC] PHP Fatal error:  Uncaught Error: Call to undefined function create_function() in /wordpress/wp-content/plugins/sidebar-image-banner-ads-widget/sidebar_image_banner_ads.php:288
Stack trace:
#0 /wordpress/wp-admin/includes/plugin.php(2387): include_once()
#1 /wordpress/wp-admin/includes/plugin.php(673): plugin_sandbox_scrape('sidebar-image-b...')
#2 /internal/eval.php(20): activate_plugin('sidebar-image-b...')
#3 {main}
  thrown in /wordpress/wp-content/plugins/sidebar-image-banner-ads-widget/sidebar_image_banner_ads.php on line 288
[09-Jul-2025 17:55:06 UTC] PHP Deprecated:  Required parameter $options follows optional parameter $message_id in /wordpress/wp-content/plugins/simple-ajax-shoutbox/ajax_shoutbox.php on line 426
[09-Jul-2025 17:55:06 UTC] PHP Fatal error:  Uncaught Error: Call to undefined function create_function() in /wordpress/wp-content/plugins/simple-ajax-shoutbox/ajax_shoutbox.php:1190
Stack trace:
#0 /wordpress/wp-admin/includes/plugin.php(2387): include_once()
#1 /wordpress/wp-admin/includes/plugin.php(673): plugin_sandbox_scrape('simple-ajax-sho...')
#2 /internal/eval.php(20): activate_plugin('simple-ajax-sho...')
#3 {main}
  thrown in /wordpress/wp-content/plugins/simple-ajax-shoutbox/ajax_shoutbox.php on line 1190
[09-Jul-2025 17:55:14 UTC] PHP Deprecated:  Required parameter $options follows optional parameter $message_id in /wordpress/wp-content/plugins/simple-ajax-shoutbox/ajax_shoutbox.php on line 426
[09-Jul-2025 17:55:14 UTC] PHP Fatal error:  Uncaught Error: Call to undefined function create_function() in /wordpress/wp-content/plugins/simple-ajax-shoutbox/ajax_shoutbox.php:1190
Stack trace:
#0 /wordpress/wp-admin/includes/plugin.php(2387): include_once()
#1 /wordpress/wp-admin/includes/plugin.php(673): plugin_sandbox_scrape('simple-ajax-sho...')
#2 /internal/eval.php(20): activate_plugin('simple-ajax-sho...')
#3 {main}
  thrown in /wordpress/wp-content/plugins/simple-ajax-shoutbox/ajax_shoutbox.php on line 1190
[09-Jul-2025 17:55:23 UTC] PHP Deprecated:  Required parameter $options follows optional parameter $message_id in /wordpress/wp-content/plugins/simple-ajax-shoutbox/ajax_shoutbox.php on line 426
[09-Jul-2025 17:55:23 UTC] PHP Fatal error:  Uncaught Error: Call to undefined function create_function() in /wordpress/wp-content/plugins/simple-ajax-shoutbox/ajax_shoutbox.php:1190
Stack trace:
#0 /wordpress/wp-admin/includes/plugin.php(2387): include_once()
#1 /wordpress/wp-admin/includes/plugin.php(673): plugin_sandbox_scrape('simple-ajax-sho...')
#2 /internal/eval.php(20): activate_plugin('simple-ajax-sho...')
#3 {main}
  thrown in /wordpress/wp-content/plugins/simple-ajax-shoutbox/ajax_shoutbox.php on line 1190
[09-Jul-2025 17:55:33 UTC] PHP Fatal error:  Uncaught TypeError: call_user_func_array(): Argument #1 ($callback) must be a valid callback, function "pluginprefix_function_to_run" not found or invalid function name in /wordpress/wp-includes/class-wp-hook.php:324
Stack trace:
#0 /wordpress/wp-includes/class-wp-hook.php(348): WP_Hook->apply_filters('', Array)
#1 /wordpress/wp-includes/plugin.php(517): WP_Hook->do_action(Array)
#2 /wordpress/wp-admin/includes/plugin.php(703): do_action('activate_site-h...', false)
#3 /internal/eval.php(20): activate_plugin('site-hitz/SiteH...')
#4 {main}
  thrown in /wordpress/wp-includes/class-wp-hook.php on line 324
[09-Jul-2025 17:55:42 UTC] PHP Fatal error:  Uncaught TypeError: call_user_func_array(): Argument #1 ($callback) must be a valid callback, function "pluginprefix_function_to_run" not found or invalid function name in /wordpress/wp-includes/class-wp-hook.php:324
Stack trace:
#0 /wordpress/wp-includes/class-wp-hook.php(348): WP_Hook->apply_filters('', Array)
#1 /wordpress/wp-includes/plugin.php(517): WP_Hook->do_action(Array)
#2 /wordpress/wp-admin/includes/plugin.php(703): do_action('activate_site-h...', false)
#3 /internal/eval.php(20): activate_plugin('site-hitz/SiteH...')
#4 {main}
  thrown in /wordpress/wp-includes/class-wp-hook.php on line 324
[09-Jul-2025 17:55:50 UTC] PHP Fatal error:  Uncaught TypeError: call_user_func_array(): Argument #1 ($callback) must be a valid callback, function "pluginprefix_function_to_run" not found or invalid function name in /wordpress/wp-includes/class-wp-hook.php:324
Stack trace:
#0 /wordpress/wp-includes/class-wp-hook.php(348): WP_Hook->apply_filters('', Array)
#1 /wordpress/wp-includes/plugin.php(517): WP_Hook->do_action(Array)
#2 /wordpress/wp-admin/includes/plugin.php(703): do_action('activate_site-h...', false)
#3 /internal/eval.php(20): activate_plugin('site-hitz/SiteH...')
#4 {main}
  thrown in /wordpress/wp-includes/class-wp-hook.php on line 324
[09-Jul-2025 17:55:59 UTC] PHP Warning:  Undefined variable $wpdb in /wordpress/wp-content/plugins/sitemap-navigation/sitemap - navigation.php on line 30
[09-Jul-2025 17:55:59 UTC] PHP Fatal error:  Uncaught Error: Call to a member function get_results() on null in /wordpress/wp-content/plugins/sitemap-navigation/sitemap - navigation.php:30
Stack trace:
#0 /wordpress/wp-admin/includes/plugin.php(2387): include_once()
#1 /wordpress/wp-admin/includes/plugin.php(673): plugin_sandbox_scrape('sitemap-navigat...')
#2 /internal/eval.php(20): activate_plugin('sitemap-navigat...')
#3 {main}
  thrown in /wordpress/wp-content/plugins/sitemap-navigation/sitemap - navigation.php on line 30
[09-Jul-2025 17:56:07 UTC] PHP Warning:  Undefined variable $wpdb in /wordpress/wp-content/plugins/sitemap-navigation/sitemap - navigation.php on line 30
[09-Jul-2025 17:56:07 UTC] PHP Fatal error:  Uncaught Error: Call to a member function get_results() on null in /wordpress/wp-content/plugins/sitemap-navigation/sitemap - navigation.php:30
Stack trace:
#0 /wordpress/wp-admin/includes/plugin.php(2387): include_once()
#1 /wordpress/wp-admin/includes/plugin.php(673): plugin_sandbox_scrape('sitemap-navigat...')
#2 /internal/eval.php(20): activate_plugin('sitemap-navigat...')
#3 {main}
  thrown in /wordpress/wp-content/plugins/sitemap-navigation/sitemap - navigation.php on line 30
[09-Jul-2025 17:56:15 UTC] PHP Warning:  Undefined variable $wpdb in /wordpress/wp-content/plugins/sitemap-navigation/sitemap - navigation.php on line 30
[09-Jul-2025 17:56:15 UTC] PHP Fatal error:  Uncaught Error: Call to a member function get_results() on null in /wordpress/wp-content/plugins/sitemap-navigation/sitemap - navigation.php:30
Stack trace:
#0 /wordpress/wp-admin/includes/plugin.php(2387): include_once()
#1 /wordpress/wp-admin/includes/plugin.php(673): plugin_sandbox_scrape('sitemap-navigat...')
#2 /internal/eval.php(20): activate_plugin('sitemap-navigat...')
#3 {main}
  thrown in /wordpress/wp-content/plugins/sitemap-navigation/sitemap - navigation.php on line 30
[09-Jul-2025 17:56:55 UTC] PHP Fatal error:  Uncaught Error: Call to undefined function create_function() in /wordpress/wp-content/plugins/solve360/solve360.php:45
Stack trace:
#0 /wordpress/wp-content/plugins/solve360/solve360.php(33): Solve360->__construct()
#1 /wordpress/wp-includes/class-wp-hook.php(324): Solve360('')
#2 /wordpress/wp-includes/class-wp-hook.php(348): WP_Hook->apply_filters(NULL, Array)
#3 /wordpress/wp-includes/plugin.php(517): WP_Hook->do_action(Array)
#4 /wordpress/wp-settings.php(578): do_action('plugins_loaded')
#5 /wordpress/wp-config.php(102): require_once('/wordpress/wp-s...')
#6 /wordpress/wp-load.php(50): require_once('/wordpress/wp-c...')
#7 /internal/eval.php(3): require_once('/wordpress/wp-l...')
#8 {main}
  thrown in /wordpress/wp-content/plugins/solve360/solve360.php on line 45
[09-Jul-2025 17:57:05 UTC] PHP Fatal error:  Uncaught Error: Call to undefined function create_function() in /wordpress/wp-content/plugins/solve360/solve360.php:45
Stack trace:
#0 /wordpress/wp-content/plugins/solve360/solve360.php(33): Solve360->__construct()
#1 /wordpress/wp-includes/class-wp-hook.php(324): Solve360('')
#2 /wordpress/wp-includes/class-wp-hook.php(348): WP_Hook->apply_filters(NULL, Array)
#3 /wordpress/wp-includes/plugin.php(517): WP_Hook->do_action(Array)
#4 /wordpress/wp-settings.php(578): do_action('plugins_loaded')
#5 /wordpress/wp-config.php(102): require_once('/wordpress/wp-s...')
#6 /wordpress/wp-load.php(50): require_once('/wordpress/wp-c...')
#7 /internal/eval.php(3): require_once('/wordpress/wp-l...')
#8 {main}
  thrown in /wordpress/wp-content/plugins/solve360/solve360.php on line 45
[09-Jul-2025 17:57:14 UTC] PHP Fatal error:  Uncaught Error: Call to undefined function create_function() in /wordpress/wp-content/plugins/solve360/solve360.php:45
Stack trace:
#0 /wordpress/wp-content/plugins/solve360/solve360.php(33): Solve360->__construct()
#1 /wordpress/wp-includes/class-wp-hook.php(324): Solve360('')
#2 /wordpress/wp-includes/class-wp-hook.php(348): WP_Hook->apply_filters(NULL, Array)
#3 /wordpress/wp-includes/plugin.php(517): WP_Hook->do_action(Array)
#4 /wordpress/wp-settings.php(578): do_action('plugins_loaded')
#5 /wordpress/wp-config.php(102): require_once('/wordpress/wp-s...')
#6 /wordpress/wp-load.php(50): require_once('/wordpress/wp-c...')
#7 /internal/eval.php(3): require_once('/wordpress/wp-l...')
#8 {main}
  thrown in /wordpress/wp-content/plugins/solve360/solve360.php on line 45
[09-Jul-2025 17:57:27 UTC] PHP Warning:  Undefined array key "REMOTE_ADDR" in /wordpress/wp-content/plugins/stop-war-stop-putin/stopwarstopputin.php on line 2314
[09-Jul-2025 17:57:38 UTC] PHP Warning:  Undefined array key "REMOTE_ADDR" in /wordpress/wp-content/plugins/stop-war-stop-putin/stopwarstopputin.php on line 2314
[09-Jul-2025 17:57:48 UTC] PHP Warning:  Undefined array key "REMOTE_ADDR" in /wordpress/wp-content/plugins/stop-war-stop-putin/stopwarstopputin.php on line 2314
[09-Jul-2025 17:57:59 UTC] PHP Warning:  mysqli::__construct(): (HY000/2002): Address family not supported by protocol in /wordpress/wp-content/plugins/storekeeper-for-woocommerce/src/StoreKeeper/WooCommerce/B2C/Database/DatabaseConnection.php on line 50
[09-Jul-2025 17:57:59 UTC] PHP Warning:  mysqli::query(): Couldn't fetch mysqli in /wordpress/wp-content/plugins/storekeeper-for-woocommerce/src/StoreKeeper/WooCommerce/B2C/Database/DatabaseConnection.php on line 70
[09-Jul-2025 17:57:59 UTC] PHP Warning:  StoreKeeper\WooCommerce\B2C\Database\DatabaseConnection::querySql(): Couldn't fetch mysqli in /wordpress/wp-content/plugins/storekeeper-for-woocommerce/src/StoreKeeper/WooCommerce/B2C/Database/DatabaseConnection.php on line 72
[09-Jul-2025 17:57:59 UTC] PHP Fatal error:  Uncaught StoreKeeper\WooCommerce\B2C\Exceptions\SqlException: Sql query error: "". in /wordpress/wp-content/plugins/storekeeper-for-woocommerce/src/StoreKeeper/WooCommerce/B2C/Database/DatabaseConnection.php:72
Stack trace:
#0 /wordpress/wp-content/plugins/storekeeper-for-woocommerce/src/StoreKeeper/WooCommerce/B2C/Migrations/MigrationManager.php(92): StoreKeeper\WooCommerce\B2C\Database\DatabaseConnection->querySql('    CREATE TABL...')
#1 /wordpress/wp-content/plugins/storekeeper-for-woocommerce/src/StoreKeeper/WooCommerce/B2C/Migrations/MigrationManager.php(28): StoreKeeper\WooCommerce\B2C\Migrations\MigrationManager->ensureMigrationTable()
#2 /wordpress/wp-content/plugins/storekeeper-for-woocommerce/src/StoreKeeper/WooCommerce/B2C/Activator.php(13): StoreKeeper\WooCommerce\B2C\Migrations\MigrationManager->migrateAll()
#3 /wordpress/wp-content/plugins/storekeeper-for-woocommerce/storekeeper-woocommerce-b2c.php(80): StoreKeeper\WooCommerce\B2C\Activator->run()
#4 /wordpress/wp-includes/class-wp-hook.php(324 in /wordpress/wp-content/plugins/storekeeper-for-woocommerce/src/StoreKeeper/WooCommerce/B2C/Database/DatabaseConnection.php on line 72
[09-Jul-2025 17:58:11 UTC] PHP Warning:  mysqli::__construct(): (HY000/2002): Address family not supported by protocol in /wordpress/wp-content/plugins/storekeeper-for-woocommerce/src/StoreKeeper/WooCommerce/B2C/Database/DatabaseConnection.php on line 50
[09-Jul-2025 17:58:11 UTC] PHP Warning:  mysqli::query(): Couldn't fetch mysqli in /wordpress/wp-content/plugins/storekeeper-for-woocommerce/src/StoreKeeper/WooCommerce/B2C/Database/DatabaseConnection.php on line 70
[09-Jul-2025 17:58:11 UTC] PHP Warning:  StoreKeeper\WooCommerce\B2C\Database\DatabaseConnection::querySql(): Couldn't fetch mysqli in /wordpress/wp-content/plugins/storekeeper-for-woocommerce/src/StoreKeeper/WooCommerce/B2C/Database/DatabaseConnection.php on line 72
[09-Jul-2025 17:58:11 UTC] PHP Fatal error:  Uncaught StoreKeeper\WooCommerce\B2C\Exceptions\SqlException: Sql query error: "". in /wordpress/wp-content/plugins/storekeeper-for-woocommerce/src/StoreKeeper/WooCommerce/B2C/Database/DatabaseConnection.php:72
Stack trace:
#0 /wordpress/wp-content/plugins/storekeeper-for-woocommerce/src/StoreKeeper/WooCommerce/B2C/Migrations/MigrationManager.php(92): StoreKeeper\WooCommerce\B2C\Database\DatabaseConnection->querySql('    CREATE TABL...')
#1 /wordpress/wp-content/plugins/storekeeper-for-woocommerce/src/StoreKeeper/WooCommerce/B2C/Migrations/MigrationManager.php(28): StoreKeeper\WooCommerce\B2C\Migrations\MigrationManager->ensureMigrationTable()
#2 /wordpress/wp-content/plugins/storekeeper-for-woocommerce/src/StoreKeeper/WooCommerce/B2C/Activator.php(13): StoreKeeper\WooCommerce\B2C\Migrations\MigrationManager->migrateAll()
#3 /wordpress/wp-content/plugins/storekeeper-for-woocommerce/storekeeper-woocommerce-b2c.php(80): StoreKeeper\WooCommerce\B2C\Activator->run()
#4 /wordpress/wp-includes/class-wp-hook.php(324 in /wordpress/wp-content/plugins/storekeeper-for-woocommerce/src/StoreKeeper/WooCommerce/B2C/Database/DatabaseConnection.php on line 72

    at Object.onBind (file:///home/runner/work/playground-tester/playground-tester/node_modules/@wp-playground/cli/run-cli-j-geJYS3.js:325:15)
    at process.processTicksAndRejections (node:internal/process/task_queues:105:5)
    at async re (file:///home/runner/work/playground-tester/playground-tester/node_modules/@wp-playground/cli/run-cli-j-geJYS3.js:149:10) {
  [cause]: Error: Error when executing the blueprint step #1 ({"step":"installPlugin","pluginData":{"resource":"wordpress.org/plugins","slug":"storekeeper-for-woocommerce"},"options":{"activate":true}}) : PHP.run() failed with exit code 255 and the following output: 
      at Object.run (file:///home/runner/work/playground-tester/playground-tester/node_modules/@wp-playground/blueprints/index.js:12093:19)
      at process.processTicksAndRejections (node:internal/process/task_queues:105:5)
      at async ys (file:///home/runner/work/playground-tester/playground-tester/node_modules/@wp-playground/blueprints/index.js:12196:3)
      at async Object.onBind (file:///home/runner/work/playground-tester/playground-tester/node_modules/@wp-playground/cli/run-cli-j-geJYS3.js:315:48)
      at async re (file:///home/runner/work/playground-tester/playground-tester/node_modules/@wp-playground/cli/run-cli-j-geJYS3.js:149:10) {
    [cause]: PHPExecutionFailureError: PHP.run() failed with exit code 255 and the following output: 
        at PHP.run (file:///home/runner/work/playground-tester/playground-tester/node_modules/@php-wasm/universal/index.js:1034:19)
        at process.processTicksAndRejections (node:internal/process/task_queues:105:5)
        at async wr (file:///home/runner/work/playground-tester/playground-tester/node_modules/@wp-playground/blueprints/index.js:34:39)
        at async Object.gt [as installPlugin] (file:///home/runner/work/playground-tester/playground-tester/node_modules/@wp-playground/blueprints/index.js:631:42)
        at async g (file:///home/runner/work/playground-tester/playground-tester/node_modules/@wp-playground/blueprints/index.js:12161:30)
        at async Object.run (file:///home/runner/work/playground-tester/playground-tester/node_modules/@wp-playground/blueprints/index.js:12090:23)
        at async ys (file:///home/runner/work/playground-tester/playground-tester/node_modules/@wp-playground/blueprints/index.js:12196:3)
        at async Object.onBind (file:///home/runner/work/playground-tester/playground-tester/node_modules/@wp-playground/cli/run-cli-j-geJYS3.js:315:48)
        at async re (file:///home/runner/work/playground-tester/playground-tester/node_modules/@wp-playground/cli/run-cli-j-geJYS3.js:149:10) {
      response: PHPResponse {
        httpStatusCode: 500,
        headers: {
          'x-powered-by': [ 'PHP/7.4.31-dev' ],
          'content-type': [ 'text/html; charset=UTF-8' ]
        },
        bytes: Uint8Array(183) [
           60, 100, 105, 118,  32,  99, 108,  97, 115, 115,  61,  34,
          110, 111, 116, 105,  99, 101,  32, 110, 111, 116, 105,  99,
          101,  45, 101, 114, 114, 111, 114,  34,  62,  10,  60, 112,
           32, 115, 116, 121, 108, 101,  61,  34,  99, 111, 108, 111,
          114,  58,  32, 114, 101, 100,  59,  32, 116, 101, 120, 116,
           45, 100, 101,  99, 111, 114,  97, 116, 105, 111, 110,  58,
           32,  98, 108, 105, 110, 107,  59,  34,  62, 115, 116, 111,
          114, 101, 107, 101, 101, 112, 101, 114,  45, 102, 111, 114,
           45, 119, 111, 111,
          ... 83 more items
        ],
        exitCode: 255,
        errors: ''
      },
      source: 'request'
    }
  }
}

Node.js v23.11.0
