[
{"message":"file:///home/runner/work/playground-tester/playground-tester/node_modules/@wp-playground/cli/index.js:237\n        throw new Error(y, { cause: u });\n              ^\n","level":"FATAL","type":"PLAYGROUND","test":"jspi-boot","plugin":"per-kg-calculator","details":"file:///home/runner/work/playground-tester/playground-tester/node_modules/@wp-playground/cli/index.js:237\n        throw new Error(y, { cause: u });\n              ^\n","log":"/tmp/tmp.lBfJy05t09"}
,
{"message":"Uncaught Error: Non-static method NativeAlertsPush::getInstance() cannot be called statically in /wordpress/wp-content/plugins/native-alerts-push-notifications/nativealerts-push.php:659","level":"FATAL","type":"PHP","test":"jspi-boot","plugin":"per-kg-calculator","details":"[10-May-2025 08:51:17 UTC] PHP Fatal error:  Uncaught Error: Non-static method NativeAlertsPush::getInstance() cannot be called statically in /wordpress/wp-content/plugins/native-alerts-push-notifications/nativealerts-push.php:659\nStack trace:\n#0 /wordpress/wp-admin/includes/plugin.php(2387): include_once()\n#1 /wordpress/wp-admin/includes/plugin.php(673): plugin_sandbox_scrape('native-alerts-p...')\n#2 /internal/eval.php(20): activate_plugin('native-alerts-p...')\n#3 {main}\n  thrown in /wordpress/wp-content/plugins/native-alerts-push-notifications/nativealerts-push.php on line 659","log":"/logs/plugins/p/per-kg-calculator/error.json"}
,
{"message":"Uncaught Error: Non-static method NativeAlertsPush::getInstance() cannot be called statically in /wordpress/wp-content/plugins/native-alerts-push-notifications/nativealerts-push.php:659","level":"FATAL","type":"PHP","test":"jspi-boot","plugin":"per-kg-calculator","details":"[10-May-2025 08:51:24 UTC] PHP Fatal error:  Uncaught Error: Non-static method NativeAlertsPush::getInstance() cannot be called statically in /wordpress/wp-content/plugins/native-alerts-push-notifications/nativealerts-push.php:659\nStack trace:\n#0 /wordpress/wp-admin/includes/plugin.php(2387): include_once()\n#1 /wordpress/wp-admin/includes/plugin.php(673): plugin_sandbox_scrape('native-alerts-p...')\n#2 /internal/eval.php(20): activate_plugin('native-alerts-p...')\n#3 {main}\n  thrown in /wordpress/wp-content/plugins/native-alerts-push-notifications/nativealerts-push.php on line 659","log":"/logs/plugins/p/per-kg-calculator/error.json"}
,
{"message":"Uncaught Error: Non-static method NativeAlertsPush::getInstance() cannot be called statically in /wordpress/wp-content/plugins/native-alerts-push-notifications/nativealerts-push.php:659","level":"FATAL","type":"PHP","test":"jspi-boot","plugin":"per-kg-calculator","details":"[10-May-2025 08:51:31 UTC] PHP Fatal error:  Uncaught Error: Non-static method NativeAlertsPush::getInstance() cannot be called statically in /wordpress/wp-content/plugins/native-alerts-push-notifications/nativealerts-push.php:659\nStack trace:\n#0 /wordpress/wp-admin/includes/plugin.php(2387): include_once()\n#1 /wordpress/wp-admin/includes/plugin.php(673): plugin_sandbox_scrape('native-alerts-p...')\n#2 /internal/eval.php(20): activate_plugin('native-alerts-p...')\n#3 {main}\n  thrown in /wordpress/wp-content/plugins/native-alerts-push-notifications/nativealerts-push.php on line 659","log":"/logs/plugins/p/per-kg-calculator/error.json"}
,
{"message":"Uncaught ArgumentCountError: Too few arguments to function WP_Widget::__construct(), 0 passed in /wordpress/wp-includes/class-wp-widget-factory.php on line 62 and at least 2 expected in /wordpress/wp-includes/class-wp-widget.php:163","level":"FATAL","type":"PHP","test":"jspi-boot","plugin":"per-kg-calculator","details":"[10-May-2025 08:52:09 UTC] PHP Fatal error:  Uncaught ArgumentCountError: Too few arguments to function WP_Widget::__construct(), 0 passed in /wordpress/wp-includes/class-wp-widget-factory.php on line 62 and at least 2 expected in /wordpress/wp-includes/class-wp-widget.php:163\nStack trace:\n#0 /wordpress/wp-includes/class-wp-widget-factory.php(62): WP_Widget->__construct()\n#1 /wordpress/wp-includes/widgets.php(123): WP_Widget_Factory->register('Nearby_Photos_W...')\n#2 /wordpress/wp-content/plugins/nearby-flickr-photos/nearby-photos-widget.php(42): register_widget('Nearby_Photos_W...')\n#3 /wordpress/wp-includes/class-wp-hook.php(324): nearby_photo_load_widgets('')\n#4 /wordpress/wp-includes/class-wp-hook.php(348): WP_Hook->apply_filters(NULL, Array)\n#5 /wordpress/wp-includes/plugin.php(517): WP_Hook->do_action(Array)\n#6 /wordpress/wp-includes/widgets.php(1870): do_action('widgets_init')\n#7 /wordpress/wp-includes/class-wp-hook.php(324): wp_widgets_init('')\n#8 /wordpress/wp-includes/class-wp-hook.php(348): WP_Hook->apply_filters(NULL, Array)\n#9 /wordpress/wp-includes/plugin.php(517): WP_Hook->do_action(Array)\n#10 /wordpress/wp-settings.php(727): do_action('init')\n#11 /wordpress/wp-config.php(102): require_once('/wordpress/wp-s...')\n#12 /wordpress/wp-load.php(50): require_once('/wordpress/wp-c...')\n#13 /internal/eval.php(3): require_once('/wordpress/wp-l...')\n#14 {main}\n  thrown in /wordpress/wp-includes/class-wp-widget.php on line 163","log":"/logs/plugins/p/per-kg-calculator/error.json"}
,
{"message":"Uncaught ArgumentCountError: Too few arguments to function WP_Widget::__construct(), 0 passed in /wordpress/wp-includes/class-wp-widget-factory.php on line 62 and at least 2 expected in /wordpress/wp-includes/class-wp-widget.php:163","level":"FATAL","type":"PHP","test":"jspi-boot","plugin":"per-kg-calculator","details":"[10-May-2025 08:52:18 UTC] PHP Fatal error:  Uncaught ArgumentCountError: Too few arguments to function WP_Widget::__construct(), 0 passed in /wordpress/wp-includes/class-wp-widget-factory.php on line 62 and at least 2 expected in /wordpress/wp-includes/class-wp-widget.php:163\nStack trace:\n#0 /wordpress/wp-includes/class-wp-widget-factory.php(62): WP_Widget->__construct()\n#1 /wordpress/wp-includes/widgets.php(123): WP_Widget_Factory->register('Nearby_Photos_W...')\n#2 /wordpress/wp-content/plugins/nearby-flickr-photos/nearby-photos-widget.php(42): register_widget('Nearby_Photos_W...')\n#3 /wordpress/wp-includes/class-wp-hook.php(324): nearby_photo_load_widgets('')\n#4 /wordpress/wp-includes/class-wp-hook.php(348): WP_Hook->apply_filters(NULL, Array)\n#5 /wordpress/wp-includes/plugin.php(517): WP_Hook->do_action(Array)\n#6 /wordpress/wp-includes/widgets.php(1870): do_action('widgets_init')\n#7 /wordpress/wp-includes/class-wp-hook.php(324): wp_widgets_init('')\n#8 /wordpress/wp-includes/class-wp-hook.php(348): WP_Hook->apply_filters(NULL, Array)\n#9 /wordpress/wp-includes/plugin.php(517): WP_Hook->do_action(Array)\n#10 /wordpress/wp-settings.php(727): do_action('init')\n#11 /wordpress/wp-config.php(102): require_once('/wordpress/wp-s...')\n#12 /wordpress/wp-load.php(50): require_once('/wordpress/wp-c...')\n#13 /internal/eval.php(3): require_once('/wordpress/wp-l...')\n#14 {main}\n  thrown in /wordpress/wp-includes/class-wp-widget.php on line 163","log":"/logs/plugins/p/per-kg-calculator/error.json"}
,
{"message":"Uncaught ArgumentCountError: Too few arguments to function WP_Widget::__construct(), 0 passed in /wordpress/wp-includes/class-wp-widget-factory.php on line 62 and at least 2 expected in /wordpress/wp-includes/class-wp-widget.php:163","level":"FATAL","type":"PHP","test":"jspi-boot","plugin":"per-kg-calculator","details":"[10-May-2025 08:52:27 UTC] PHP Fatal error:  Uncaught ArgumentCountError: Too few arguments to function WP_Widget::__construct(), 0 passed in /wordpress/wp-includes/class-wp-widget-factory.php on line 62 and at least 2 expected in /wordpress/wp-includes/class-wp-widget.php:163\nStack trace:\n#0 /wordpress/wp-includes/class-wp-widget-factory.php(62): WP_Widget->__construct()\n#1 /wordpress/wp-includes/widgets.php(123): WP_Widget_Factory->register('Nearby_Photos_W...')\n#2 /wordpress/wp-content/plugins/nearby-flickr-photos/nearby-photos-widget.php(42): register_widget('Nearby_Photos_W...')\n#3 /wordpress/wp-includes/class-wp-hook.php(324): nearby_photo_load_widgets('')\n#4 /wordpress/wp-includes/class-wp-hook.php(348): WP_Hook->apply_filters(NULL, Array)\n#5 /wordpress/wp-includes/plugin.php(517): WP_Hook->do_action(Array)\n#6 /wordpress/wp-includes/widgets.php(1870): do_action('widgets_init')\n#7 /wordpress/wp-includes/class-wp-hook.php(324): wp_widgets_init('')\n#8 /wordpress/wp-includes/class-wp-hook.php(348): WP_Hook->apply_filters(NULL, Array)\n#9 /wordpress/wp-includes/plugin.php(517): WP_Hook->do_action(Array)\n#10 /wordpress/wp-settings.php(727): do_action('init')\n#11 /wordpress/wp-config.php(102): require_once('/wordpress/wp-s...')\n#12 /wordpress/wp-load.php(50): require_once('/wordpress/wp-c...')\n#13 /internal/eval.php(3): require_once('/wordpress/wp-l...')\n#14 {main}\n  thrown in /wordpress/wp-includes/class-wp-widget.php on line 163","log":"/logs/plugins/p/per-kg-calculator/error.json"}
,
{"message":"The magic method HG_Price_Table_Builder::__wakeup() must have public visibility in /wordpress/wp-content/plugins/price-table-builder/price-table-builder.php on line 66","level":"WARNING","type":"PHP","test":"jspi-boot","plugin":"per-kg-calculator","details":"[10-May-2025 08:55:21 UTC] PHP Warning:  The magic method HG_Price_Table_Builder::__wakeup() must have public visibility in /wordpress/wp-content/plugins/price-table-builder/price-table-builder.php on line 66","log":"/logs/plugins/p/per-kg-calculator/error.json"}
,
{"message":"The magic method HG_Price_Table_Builder::__wakeup() must have public visibility in /wordpress/wp-content/plugins/price-table-builder/price-table-builder.php on line 66","level":"WARNING","type":"PHP","test":"jspi-boot","plugin":"per-kg-calculator","details":"[10-May-2025 08:55:22 UTC] PHP Warning:  The magic method HG_Price_Table_Builder::__wakeup() must have public visibility in /wordpress/wp-content/plugins/price-table-builder/price-table-builder.php on line 66","log":"/logs/plugins/p/per-kg-calculator/error.json"}
,
{"message":"The magic method HG_Price_Table_Builder::__wakeup() must have public visibility in /wordpress/wp-content/plugins/price-table-builder/price-table-builder.php on line 66","level":"WARNING","type":"PHP","test":"jspi-boot","plugin":"per-kg-calculator","details":"[10-May-2025 08:55:30 UTC] PHP Warning:  The magic method HG_Price_Table_Builder::__wakeup() must have public visibility in /wordpress/wp-content/plugins/price-table-builder/price-table-builder.php on line 66","log":"/logs/plugins/p/per-kg-calculator/error.json"}
,
{"message":"The magic method HG_Price_Table_Builder::__wakeup() must have public visibility in /wordpress/wp-content/plugins/price-table-builder/price-table-builder.php on line 66","level":"WARNING","type":"PHP","test":"jspi-boot","plugin":"per-kg-calculator","details":"[10-May-2025 08:55:31 UTC] PHP Warning:  The magic method HG_Price_Table_Builder::__wakeup() must have public visibility in /wordpress/wp-content/plugins/price-table-builder/price-table-builder.php on line 66","log":"/logs/plugins/p/per-kg-calculator/error.json"}
,
{"message":"The magic method HG_Price_Table_Builder::__wakeup() must have public visibility in /wordpress/wp-content/plugins/price-table-builder/price-table-builder.php on line 66","level":"WARNING","type":"PHP","test":"jspi-boot","plugin":"per-kg-calculator","details":"[10-May-2025 08:55:39 UTC] PHP Warning:  The magic method HG_Price_Table_Builder::__wakeup() must have public visibility in /wordpress/wp-content/plugins/price-table-builder/price-table-builder.php on line 66","log":"/logs/plugins/p/per-kg-calculator/error.json"}
,
{"message":"The magic method HG_Price_Table_Builder::__wakeup() must have public visibility in /wordpress/wp-content/plugins/price-table-builder/price-table-builder.php on line 66","level":"WARNING","type":"PHP","test":"jspi-boot","plugin":"per-kg-calculator","details":"[10-May-2025 08:55:40 UTC] PHP Warning:  The magic method HG_Price_Table_Builder::__wakeup() must have public visibility in /wordpress/wp-content/plugins/price-table-builder/price-table-builder.php on line 66","log":"/logs/plugins/p/per-kg-calculator/error.json"}
,
{"message":"Array to string conversion in /wordpress/wp-content/plugins/priornotify/app/Base/BaseController.php on line 75","level":"WARNING","type":"PHP","test":"jspi-boot","plugin":"per-kg-calculator","details":"[10-May-2025 08:55:50 UTC] PHP Warning:  Array to string conversion in /wordpress/wp-content/plugins/priornotify/app/Base/BaseController.php on line 75","log":"/logs/plugins/p/per-kg-calculator/error.json"}
,
{"message":"fopen(php://stderr): Failed to open stream: operation failed in /wordpress/wp-content/plugins/priornotify/vendor/scssphp/scssphp/src/Compiler.php on line 346","level":"WARNING","type":"PHP","test":"jspi-boot","plugin":"per-kg-calculator","details":"[10-May-2025 08:55:50 UTC] PHP Warning:  fopen(php://stderr): Failed to open stream: operation failed in /wordpress/wp-content/plugins/priornotify/vendor/scssphp/scssphp/src/Compiler.php on line 346","log":"/logs/plugins/p/per-kg-calculator/error.json"}
,
{"message":"Array to string conversion in /wordpress/wp-content/plugins/priornotify/app/Base/BaseController.php on line 75","level":"WARNING","type":"PHP","test":"jspi-boot","plugin":"per-kg-calculator","details":"[10-May-2025 08:55:50 UTC] PHP Warning:  Array to string conversion in /wordpress/wp-content/plugins/priornotify/app/Base/BaseController.php on line 75","log":"/logs/plugins/p/per-kg-calculator/error.json"}
,
{"message":"Uncaught TypeError: fclose(): Argument #1 ($stream) must be of type resource, bool given in /wordpress/wp-content/plugins/priornotify/vendor/scssphp/scssphp/src/Logger/StreamLogger.php:39","level":"FATAL","type":"PHP","test":"jspi-boot","plugin":"per-kg-calculator","details":"[10-May-2025 08:55:50 UTC] PHP Fatal error:  Uncaught TypeError: fclose(): Argument #1 ($stream) must be of type resource, bool given in /wordpress/wp-content/plugins/priornotify/vendor/scssphp/scssphp/src/Logger/StreamLogger.php:39\nStack trace:\n#0 /wordpress/wp-content/plugins/priornotify/vendor/scssphp/scssphp/src/Logger/StreamLogger.php(39): fclose(false)\n#1 /wordpress/wp-content/plugins/priornotify/app/Base/BaseController.php(61): ScssPhp\\ScssPhp\\Logger\\StreamLogger->__destruct()\n#2 /wordpress/wp-content/plugins/priornotify/app/Pages/Admin.php(26): PriorNotify\\Base\\BaseController->__construct()\n#3 /wordpress/wp-content/plugins/priornotify/app/Init.php(33): PriorNotify\\Pages\\Admin->register()\n#4 /wordpress/wp-content/plugins/priornotify/priorNotify-plugin.php(73): PriorNotify\\Init::register_services()\n#5 /wordpress/wp-admin/includes/plugin.php(2387): include_once('/wordpress/wp-c...')\n#6 /wordpress/wp-admin/includes/plugin.php(673): plugin_sandbox_scrape('priornotify/pri...')\n#7 /internal/eval.php(20): activate_plugin('priornotify/pri...')\n#8 {main}\n  thrown in /wordpress/wp-content/plugins/priornotify/vendor/scssphp/scssphp/src/Logger/StreamLogger.php on line 39","log":"/logs/plugins/p/per-kg-calculator/error.json"}
,
{"message":"Array to string conversion in /wordpress/wp-content/plugins/priornotify/app/Base/BaseController.php on line 75","level":"WARNING","type":"PHP","test":"jspi-boot","plugin":"per-kg-calculator","details":"[10-May-2025 08:55:59 UTC] PHP Warning:  Array to string conversion in /wordpress/wp-content/plugins/priornotify/app/Base/BaseController.php on line 75","log":"/logs/plugins/p/per-kg-calculator/error.json"}
,
{"message":"fopen(php://stderr): Failed to open stream: operation failed in /wordpress/wp-content/plugins/priornotify/vendor/scssphp/scssphp/src/Compiler.php on line 346","level":"WARNING","type":"PHP","test":"jspi-boot","plugin":"per-kg-calculator","details":"[10-May-2025 08:55:59 UTC] PHP Warning:  fopen(php://stderr): Failed to open stream: operation failed in /wordpress/wp-content/plugins/priornotify/vendor/scssphp/scssphp/src/Compiler.php on line 346","log":"/logs/plugins/p/per-kg-calculator/error.json"}
,
{"message":"Array to string conversion in /wordpress/wp-content/plugins/priornotify/app/Base/BaseController.php on line 75","level":"WARNING","type":"PHP","test":"jspi-boot","plugin":"per-kg-calculator","details":"[10-May-2025 08:55:59 UTC] PHP Warning:  Array to string conversion in /wordpress/wp-content/plugins/priornotify/app/Base/BaseController.php on line 75","log":"/logs/plugins/p/per-kg-calculator/error.json"}
,
{"message":"Uncaught TypeError: fclose(): Argument #1 ($stream) must be of type resource, bool given in /wordpress/wp-content/plugins/priornotify/vendor/scssphp/scssphp/src/Logger/StreamLogger.php:39","level":"FATAL","type":"PHP","test":"jspi-boot","plugin":"per-kg-calculator","details":"[10-May-2025 08:55:59 UTC] PHP Fatal error:  Uncaught TypeError: fclose(): Argument #1 ($stream) must be of type resource, bool given in /wordpress/wp-content/plugins/priornotify/vendor/scssphp/scssphp/src/Logger/StreamLogger.php:39\nStack trace:\n#0 /wordpress/wp-content/plugins/priornotify/vendor/scssphp/scssphp/src/Logger/StreamLogger.php(39): fclose(false)\n#1 /wordpress/wp-content/plugins/priornotify/app/Base/BaseController.php(61): ScssPhp\\ScssPhp\\Logger\\StreamLogger->__destruct()\n#2 /wordpress/wp-content/plugins/priornotify/app/Pages/Admin.php(26): PriorNotify\\Base\\BaseController->__construct()\n#3 /wordpress/wp-content/plugins/priornotify/app/Init.php(33): PriorNotify\\Pages\\Admin->register()\n#4 /wordpress/wp-content/plugins/priornotify/priorNotify-plugin.php(73): PriorNotify\\Init::register_services()\n#5 /wordpress/wp-admin/includes/plugin.php(2387): include_once('/wordpress/wp-c...')\n#6 /wordpress/wp-admin/includes/plugin.php(673): plugin_sandbox_scrape('priornotify/pri...')\n#7 /internal/eval.php(20): activate_plugin('priornotify/pri...')\n#8 {main}\n  thrown in /wordpress/wp-content/plugins/priornotify/vendor/scssphp/scssphp/src/Logger/StreamLogger.php on line 39","log":"/logs/plugins/p/per-kg-calculator/error.json"}
,
{"message":"Array to string conversion in /wordpress/wp-content/plugins/priornotify/app/Base/BaseController.php on line 75","level":"WARNING","type":"PHP","test":"jspi-boot","plugin":"per-kg-calculator","details":"[10-May-2025 08:56:08 UTC] PHP Warning:  Array to string conversion in /wordpress/wp-content/plugins/priornotify/app/Base/BaseController.php on line 75","log":"/logs/plugins/p/per-kg-calculator/error.json"}
,
{"message":"fopen(php://stderr): Failed to open stream: operation failed in /wordpress/wp-content/plugins/priornotify/vendor/scssphp/scssphp/src/Compiler.php on line 346","level":"WARNING","type":"PHP","test":"jspi-boot","plugin":"per-kg-calculator","details":"[10-May-2025 08:56:08 UTC] PHP Warning:  fopen(php://stderr): Failed to open stream: operation failed in /wordpress/wp-content/plugins/priornotify/vendor/scssphp/scssphp/src/Compiler.php on line 346","log":"/logs/plugins/p/per-kg-calculator/error.json"}
,
{"message":"Array to string conversion in /wordpress/wp-content/plugins/priornotify/app/Base/BaseController.php on line 75","level":"WARNING","type":"PHP","test":"jspi-boot","plugin":"per-kg-calculator","details":"[10-May-2025 08:56:08 UTC] PHP Warning:  Array to string conversion in /wordpress/wp-content/plugins/priornotify/app/Base/BaseController.php on line 75","log":"/logs/plugins/p/per-kg-calculator/error.json"}
,
{"message":"Uncaught TypeError: fclose(): Argument #1 ($stream) must be of type resource, bool given in /wordpress/wp-content/plugins/priornotify/vendor/scssphp/scssphp/src/Logger/StreamLogger.php:39","level":"FATAL","type":"PHP","test":"jspi-boot","plugin":"per-kg-calculator","details":"[10-May-2025 08:56:08 UTC] PHP Fatal error:  Uncaught TypeError: fclose(): Argument #1 ($stream) must be of type resource, bool given in /wordpress/wp-content/plugins/priornotify/vendor/scssphp/scssphp/src/Logger/StreamLogger.php:39\nStack trace:\n#0 /wordpress/wp-content/plugins/priornotify/vendor/scssphp/scssphp/src/Logger/StreamLogger.php(39): fclose(false)\n#1 /wordpress/wp-content/plugins/priornotify/app/Base/BaseController.php(61): ScssPhp\\ScssPhp\\Logger\\StreamLogger->__destruct()\n#2 /wordpress/wp-content/plugins/priornotify/app/Pages/Admin.php(26): PriorNotify\\Base\\BaseController->__construct()\n#3 /wordpress/wp-content/plugins/priornotify/app/Init.php(33): PriorNotify\\Pages\\Admin->register()\n#4 /wordpress/wp-content/plugins/priornotify/priorNotify-plugin.php(73): PriorNotify\\Init::register_services()\n#5 /wordpress/wp-admin/includes/plugin.php(2387): include_once('/wordpress/wp-c...')\n#6 /wordpress/wp-admin/includes/plugin.php(673): plugin_sandbox_scrape('priornotify/pri...')\n#7 /internal/eval.php(20): activate_plugin('priornotify/pri...')\n#8 {main}\n  thrown in /wordpress/wp-content/plugins/priornotify/vendor/scssphp/scssphp/src/Logger/StreamLogger.php on line 39","log":"/logs/plugins/p/per-kg-calculator/error.json"}
,
{"message":"Accessing static property PbxBlowball\\PbxBlowball::$pluginPath as non static in /wordpress/wp-content/plugins/probelix-blowball/src/PbxBlowball.php on line 116","level":"NOTICE","type":"PHP","test":"jspi-boot","plugin":"per-kg-calculator","details":"[10-May-2025 08:56:18 UTC] PHP Notice:  Accessing static property PbxBlowball\\PbxBlowball::$pluginPath as non static in /wordpress/wp-content/plugins/probelix-blowball/src/PbxBlowball.php on line 116","log":"/logs/plugins/p/per-kg-calculator/error.json"}
,
{"message":"Accessing static property PbxBlowball\\PbxBlowball::$pluginUrl as non static in /wordpress/wp-content/plugins/probelix-blowball/src/PbxBlowball.php on line 117","level":"NOTICE","type":"PHP","test":"jspi-boot","plugin":"per-kg-calculator","details":"[10-May-2025 08:56:18 UTC] PHP Notice:  Accessing static property PbxBlowball\\PbxBlowball::$pluginUrl as non static in /wordpress/wp-content/plugins/probelix-blowball/src/PbxBlowball.php on line 117","log":"/logs/plugins/p/per-kg-calculator/error.json"}
,
{"message":"Accessing static property PbxBlowball\\PbxBlowball::$pluginPath as non static in /wordpress/wp-content/plugins/probelix-blowball/src/PbxBlowball.php on line 116","level":"NOTICE","type":"PHP","test":"jspi-boot","plugin":"per-kg-calculator","details":"[10-May-2025 08:56:19 UTC] PHP Notice:  Accessing static property PbxBlowball\\PbxBlowball::$pluginPath as non static in /wordpress/wp-content/plugins/probelix-blowball/src/PbxBlowball.php on line 116","log":"/logs/plugins/p/per-kg-calculator/error.json"}
,
{"message":"Accessing static property PbxBlowball\\PbxBlowball::$pluginUrl as non static in /wordpress/wp-content/plugins/probelix-blowball/src/PbxBlowball.php on line 117","level":"NOTICE","type":"PHP","test":"jspi-boot","plugin":"per-kg-calculator","details":"[10-May-2025 08:56:19 UTC] PHP Notice:  Accessing static property PbxBlowball\\PbxBlowball::$pluginUrl as non static in /wordpress/wp-content/plugins/probelix-blowball/src/PbxBlowball.php on line 117","log":"/logs/plugins/p/per-kg-calculator/error.json"}
,
{"message":"Accessing static property PbxBlowball\\PbxBlowball::$pluginPath as non static in /wordpress/wp-content/plugins/probelix-blowball/src/PbxBlowball.php on line 116","level":"NOTICE","type":"PHP","test":"jspi-boot","plugin":"per-kg-calculator","details":"[10-May-2025 08:56:29 UTC] PHP Notice:  Accessing static property PbxBlowball\\PbxBlowball::$pluginPath as non static in /wordpress/wp-content/plugins/probelix-blowball/src/PbxBlowball.php on line 116","log":"/logs/plugins/p/per-kg-calculator/error.json"}
,
{"message":"Accessing static property PbxBlowball\\PbxBlowball::$pluginUrl as non static in /wordpress/wp-content/plugins/probelix-blowball/src/PbxBlowball.php on line 117","level":"NOTICE","type":"PHP","test":"jspi-boot","plugin":"per-kg-calculator","details":"[10-May-2025 08:56:29 UTC] PHP Notice:  Accessing static property PbxBlowball\\PbxBlowball::$pluginUrl as non static in /wordpress/wp-content/plugins/probelix-blowball/src/PbxBlowball.php on line 117","log":"/logs/plugins/p/per-kg-calculator/error.json"}
,
{"message":"Accessing static property PbxBlowball\\PbxBlowball::$pluginPath as non static in /wordpress/wp-content/plugins/probelix-blowball/src/PbxBlowball.php on line 116","level":"NOTICE","type":"PHP","test":"jspi-boot","plugin":"per-kg-calculator","details":"[10-May-2025 08:56:30 UTC] PHP Notice:  Accessing static property PbxBlowball\\PbxBlowball::$pluginPath as non static in /wordpress/wp-content/plugins/probelix-blowball/src/PbxBlowball.php on line 116","log":"/logs/plugins/p/per-kg-calculator/error.json"}
,
{"message":"Accessing static property PbxBlowball\\PbxBlowball::$pluginUrl as non static in /wordpress/wp-content/plugins/probelix-blowball/src/PbxBlowball.php on line 117","level":"NOTICE","type":"PHP","test":"jspi-boot","plugin":"per-kg-calculator","details":"[10-May-2025 08:56:30 UTC] PHP Notice:  Accessing static property PbxBlowball\\PbxBlowball::$pluginUrl as non static in /wordpress/wp-content/plugins/probelix-blowball/src/PbxBlowball.php on line 117","log":"/logs/plugins/p/per-kg-calculator/error.json"}
,
{"message":"Accessing static property PbxBlowball\\PbxBlowball::$pluginPath as non static in /wordpress/wp-content/plugins/probelix-blowball/src/PbxBlowball.php on line 116","level":"NOTICE","type":"PHP","test":"jspi-boot","plugin":"per-kg-calculator","details":"[10-May-2025 08:56:38 UTC] PHP Notice:  Accessing static property PbxBlowball\\PbxBlowball::$pluginPath as non static in /wordpress/wp-content/plugins/probelix-blowball/src/PbxBlowball.php on line 116","log":"/logs/plugins/p/per-kg-calculator/error.json"}
,
{"message":"Accessing static property PbxBlowball\\PbxBlowball::$pluginUrl as non static in /wordpress/wp-content/plugins/probelix-blowball/src/PbxBlowball.php on line 117","level":"NOTICE","type":"PHP","test":"jspi-boot","plugin":"per-kg-calculator","details":"[10-May-2025 08:56:38 UTC] PHP Notice:  Accessing static property PbxBlowball\\PbxBlowball::$pluginUrl as non static in /wordpress/wp-content/plugins/probelix-blowball/src/PbxBlowball.php on line 117","log":"/logs/plugins/p/per-kg-calculator/error.json"}
,
{"message":"Accessing static property PbxBlowball\\PbxBlowball::$pluginPath as non static in /wordpress/wp-content/plugins/probelix-blowball/src/PbxBlowball.php on line 116","level":"NOTICE","type":"PHP","test":"jspi-boot","plugin":"per-kg-calculator","details":"[10-May-2025 08:56:40 UTC] PHP Notice:  Accessing static property PbxBlowball\\PbxBlowball::$pluginPath as non static in /wordpress/wp-content/plugins/probelix-blowball/src/PbxBlowball.php on line 116","log":"/logs/plugins/p/per-kg-calculator/error.json"}
,
{"message":"Accessing static property PbxBlowball\\PbxBlowball::$pluginUrl as non static in /wordpress/wp-content/plugins/probelix-blowball/src/PbxBlowball.php on line 117","level":"NOTICE","type":"PHP","test":"jspi-boot","plugin":"per-kg-calculator","details":"[10-May-2025 08:56:40 UTC] PHP Notice:  Accessing static property PbxBlowball\\PbxBlowball::$pluginUrl as non static in /wordpress/wp-content/plugins/probelix-blowball/src/PbxBlowball.php on line 117","log":"/logs/plugins/p/per-kg-calculator/error.json"}
,
{"message":"The called constructor method for WP_Widget class in Profile_Widget is <strong>deprecated</strong> since version 4.3.0! Use <code>__construct()</code> instead. in /wordpress/wp-includes/functions.php on line 6121","level":"DEPRECATED","type":"PHP","test":"jspi-boot","plugin":"per-kg-calculator","details":"[10-May-2025 08:57:18 UTC] PHP Deprecated:  The called constructor method for WP_Widget class in Profile_Widget is <strong>deprecated</strong> since version 4.3.0! Use <code>__construct()</code> instead. in /wordpress/wp-includes/functions.php on line 6121","log":"/logs/plugins/p/per-kg-calculator/error.json"}
,
{"message":"The called constructor method for WP_Widget class in Profile_Widget is <strong>deprecated</strong> since version 4.3.0! Use <code>__construct()</code> instead. in /wordpress/wp-includes/functions.php on line 6121","level":"DEPRECATED","type":"PHP","test":"jspi-boot","plugin":"per-kg-calculator","details":"[10-May-2025 08:57:27 UTC] PHP Deprecated:  The called constructor method for WP_Widget class in Profile_Widget is <strong>deprecated</strong> since version 4.3.0! Use <code>__construct()</code> instead. in /wordpress/wp-includes/functions.php on line 6121","log":"/logs/plugins/p/per-kg-calculator/error.json"}
,
{"message":"The called constructor method for WP_Widget class in Profile_Widget is <strong>deprecated</strong> since version 4.3.0! Use <code>__construct()</code> instead. in /wordpress/wp-includes/functions.php on line 6121","level":"DEPRECATED","type":"PHP","test":"jspi-boot","plugin":"per-kg-calculator","details":"[10-May-2025 08:57:34 UTC] PHP Deprecated:  The called constructor method for WP_Widget class in Profile_Widget is <strong>deprecated</strong> since version 4.3.0! Use <code>__construct()</code> instead. in /wordpress/wp-includes/functions.php on line 6121","log":"/logs/plugins/p/per-kg-calculator/error.json"}
,
{"message":"Function _load_textdomain_just_in_time was called <strong>incorrectly</strong>. Translation loading for the <code>woocommerce</code> domain was triggered too early. This is usually an indicator for some code in the plugin or theme running too early. Translations should be loaded at the <code>init</code> action or later. Please see <a href=\"https://developer.wordpress.org/advanced-administration/debug/debug-wordpress/\">Debugging in WordPress</a> for more information. (This message was added in version 6.7.0.) in /wordpress/wp-includes/functions.php on line 6121","level":"NOTICE","type":"PHP","test":"jspi-boot","plugin":"per-kg-calculator","details":"[10-May-2025 08:58:57 UTC] PHP Notice:  Function _load_textdomain_just_in_time was called <strong>incorrectly</strong>. Translation loading for the <code>woocommerce</code> domain was triggered too early. This is usually an indicator for some code in the plugin or theme running too early. Translations should be loaded at the <code>init</code> action or later. Please see <a href=\"https://developer.wordpress.org/advanced-administration/debug/debug-wordpress/\">Debugging in WordPress</a> for more information. (This message was added in version 6.7.0.) in /wordpress/wp-includes/functions.php on line 6121","log":"/logs/plugins/p/per-kg-calculator/error.json"}
,
{"message":"Function _load_textdomain_just_in_time was called <strong>incorrectly</strong>. Translation loading for the <code>woocommerce</code> domain was triggered too early. This is usually an indicator for some code in the plugin or theme running too early. Translations should be loaded at the <code>init</code> action or later. Please see <a href=\"https://developer.wordpress.org/advanced-administration/debug/debug-wordpress/\">Debugging in WordPress</a> for more information. (This message was added in version 6.7.0.) in /wordpress/wp-includes/functions.php on line 6121","level":"NOTICE","type":"PHP","test":"jspi-boot","plugin":"per-kg-calculator","details":"[10-May-2025 08:59:39 UTC] PHP Notice:  Function _load_textdomain_just_in_time was called <strong>incorrectly</strong>. Translation loading for the <code>woocommerce</code> domain was triggered too early. This is usually an indicator for some code in the plugin or theme running too early. Translations should be loaded at the <code>init</code> action or later. Please see <a href=\"https://developer.wordpress.org/advanced-administration/debug/debug-wordpress/\">Debugging in WordPress</a> for more information. (This message was added in version 6.7.0.) in /wordpress/wp-includes/functions.php on line 6121","log":"/logs/plugins/p/per-kg-calculator/error.json"}
,
{"message":"Function _load_textdomain_just_in_time was called <strong>incorrectly</strong>. Translation loading for the <code>woocommerce</code> domain was triggered too early. This is usually an indicator for some code in the plugin or theme running too early. Translations should be loaded at the <code>init</code> action or later. Please see <a href=\"https://developer.wordpress.org/advanced-administration/debug/debug-wordpress/\">Debugging in WordPress</a> for more information. (This message was added in version 6.7.0.) in /wordpress/wp-includes/functions.php on line 6121","level":"NOTICE","type":"PHP","test":"jspi-boot","plugin":"per-kg-calculator","details":"[10-May-2025 09:00:20 UTC] PHP Notice:  Function _load_textdomain_just_in_time was called <strong>incorrectly</strong>. Translation loading for the <code>woocommerce</code> domain was triggered too early. This is usually an indicator for some code in the plugin or theme running too early. Translations should be loaded at the <code>init</code> action or later. Please see <a href=\"https://developer.wordpress.org/advanced-administration/debug/debug-wordpress/\">Debugging in WordPress</a> for more information. (This message was added in version 6.7.0.) in /wordpress/wp-includes/functions.php on line 6121","log":"/logs/plugins/p/per-kg-calculator/error.json"}
,
{"message":"Uncaught Exception: The WooCommerce is not activated. in /wordpress/wp-content/plugins/payfull/payfull.php:23","level":"FATAL","type":"PHP","test":"jspi-boot","plugin":"per-kg-calculator","details":"[10-May-2025 09:01:14 UTC] PHP Fatal error:  Uncaught Exception: The WooCommerce is not activated. in /wordpress/wp-content/plugins/payfull/payfull.php:23\nStack trace:\n#0 /wordpress/wp-includes/class-wp-hook.php(324): payfull_init('')\n#1 /wordpress/wp-includes/class-wp-hook.php(348): WP_Hook->apply_filters(NULL, Array)\n#2 /wordpress/wp-includes/plugin.php(517): WP_Hook->do_action(Array)\n#3 /wordpress/wp-settings.php(727): do_action('init')\n#4 /wordpress/wp-config.php(102): require_once('/wordpress/wp-s...')\n#5 /wordpress/wp-load.php(50): require_once('/wordpress/wp-c...')\n#6 /internal/eval.php(3): require_once('/wordpress/wp-l...')\n#7 {main}\n  thrown in /wordpress/wp-content/plugins/payfull/payfull.php on line 23","log":"/logs/plugins/p/per-kg-calculator/error.json"}
,
{"message":"Uncaught Exception: The WooCommerce is not activated. in /wordpress/wp-content/plugins/payfull/payfull.php:23","level":"FATAL","type":"PHP","test":"jspi-boot","plugin":"per-kg-calculator","details":"[10-May-2025 09:01:23 UTC] PHP Fatal error:  Uncaught Exception: The WooCommerce is not activated. in /wordpress/wp-content/plugins/payfull/payfull.php:23\nStack trace:\n#0 /wordpress/wp-includes/class-wp-hook.php(324): payfull_init('')\n#1 /wordpress/wp-includes/class-wp-hook.php(348): WP_Hook->apply_filters(NULL, Array)\n#2 /wordpress/wp-includes/plugin.php(517): WP_Hook->do_action(Array)\n#3 /wordpress/wp-settings.php(727): do_action('init')\n#4 /wordpress/wp-config.php(102): require_once('/wordpress/wp-s...')\n#5 /wordpress/wp-load.php(50): require_once('/wordpress/wp-c...')\n#6 /internal/eval.php(3): require_once('/wordpress/wp-l...')\n#7 {main}\n  thrown in /wordpress/wp-content/plugins/payfull/payfull.php on line 23","log":"/logs/plugins/p/per-kg-calculator/error.json"}
,
{"message":"Uncaught Exception: The WooCommerce is not activated. in /wordpress/wp-content/plugins/payfull/payfull.php:23","level":"FATAL","type":"PHP","test":"jspi-boot","plugin":"per-kg-calculator","details":"[10-May-2025 09:01:33 UTC] PHP Fatal error:  Uncaught Exception: The WooCommerce is not activated. in /wordpress/wp-content/plugins/payfull/payfull.php:23\nStack trace:\n#0 /wordpress/wp-includes/class-wp-hook.php(324): payfull_init('')\n#1 /wordpress/wp-includes/class-wp-hook.php(348): WP_Hook->apply_filters(NULL, Array)\n#2 /wordpress/wp-includes/plugin.php(517): WP_Hook->do_action(Array)\n#3 /wordpress/wp-settings.php(727): do_action('init')\n#4 /wordpress/wp-config.php(102): require_once('/wordpress/wp-s...')\n#5 /wordpress/wp-load.php(50): require_once('/wordpress/wp-c...')\n#6 /internal/eval.php(3): require_once('/wordpress/wp-l...')\n#7 {main}\n  thrown in /wordpress/wp-content/plugins/payfull/payfull.php on line 23\n\n    at Object.onBind (file:///home/runner/work/playground-tester/playground-tester/node_modules/@wp-playground/cli/index.js:237:15)\n    at process.processTicksAndRejections (node:internal/process/task_queues:105:5)\n    at async V (file:///home/runner/work/playground-tester/playground-tester/node_modules/@wp-playground/cli/index.js:64:10)\n    at async ja (file:///home/runner/work/playground-tester/playground-tester/node_modules/@wp-playground/cli/cli.js:8161:12) {\n  [cause]: Error: Error when executing the blueprint step #1 ({\"step\":\"installPlugin\",\"pluginData\":{\"resource\":\"wordpress.org/plugins\",\"slug\":\"per-kg-calculator\"},\"options\":{\"activate\":true}}) : Could not download \"https://downloads.wordpress.org/plugin/per-kg-calculator.latest-stable.zip\".\n  \t\t\t\tCheck if the URL is correct and the server is reachable.\n  \t\t\t\tIf it is reachable, the server might be blocking the request.\n  \t\t\t\tCheck the browser console and network tabs for more information.\n  \n  \t\t\t\t## Does the console show the error \"No 'Access-Control-Allow-Origin' header\"?\n  \n  \t\t\t\tThis means the server that hosts your file does not allow requests from other sites\n  \t\t\t\t(cross-origin requests, or CORS).\tYou need to move the asset to a server that allows\n  \t\t\t\tcross-origin file downloads. Learn more about CORS at\n  \t\t\t\thttps://developer.mozilla.org/en-US/docs/Web/HTTP/CORS.\n  \n  \t\t\t\tIf your file is on GitHub, load it from \"raw.githubusercontent.com\".\n  \t\t\t\tHere's how to do that:\n  \n  \t\t\t\t1. Start with the original GitHub URL of the file. For example:\n  \t\t\t\thttps://github.com/username/repository/blob/branch/filename.\n  \t\t\t\t2. Replace \"github.com\" with \"raw.githubusercontent.com\".\n  \t\t\t\t3. Remove the \"/blob/\" part of the URL.\n  \n  \t\t\t\tThe resulting URL should look like this:\n  \t\t\t\thttps://raw.githubusercontent.com/username/repository/branch/filename\n  \n  \t\t\t\tError:\n  \t\t\t\tError: Could not download \"https://downloads.wordpress.org/plugin/per-kg-calculator.latest-stable.zip\"\n      at Object.run (file:///home/runner/work/playground-tester/playground-tester/node_modules/@wp-playground/blueprints/index.js:12449:19)\n      at process.processTicksAndRejections (node:internal/process/task_queues:105:5)\n      at async ms (file:///home/runner/work/playground-tester/playground-tester/node_modules/@wp-playground/blueprints/index.js:12552:3)\n      at async Object.onBind (file:///home/runner/work/playground-tester/playground-tester/node_modules/@wp-playground/cli/index.js:227:48)\n      at async V (file:///home/runner/work/playground-tester/playground-tester/node_modules/@wp-playground/cli/index.js:64:10)\n      at async ja (file:///home/runner/work/playground-tester/playground-tester/node_modules/@wp-playground/cli/cli.js:8161:12) {\n    [cause]: Error: Could not download \"https://downloads.wordpress.org/plugin/per-kg-calculator.latest-stable.zip\".\n    \t\t\t\tCheck if the URL is correct and the server is reachable.\n    \t\t\t\tIf it is reachable, the server might be blocking the request.\n    \t\t\t\tCheck the browser console and network tabs for more information.\n    \n    \t\t\t\t## Does the console show the error \"No 'Access-Control-Allow-Origin' header\"?\n    \n    \t\t\t\tThis means the server that hosts your file does not allow requests from other sites\n    \t\t\t\t(cross-origin requests, or CORS).\tYou need to move the asset to a server that allows\n    \t\t\t\tcross-origin file downloads. Learn more about CORS at\n    \t\t\t\thttps://developer.mozilla.org/en-US/docs/Web/HTTP/CORS.\n    \n    \t\t\t\tIf your file is on GitHub, load it from \"raw.githubusercontent.com\".\n    \t\t\t\tHere's how to do that:\n    \n    \t\t\t\t1. Start with the original GitHub URL of the file. For example:\n    \t\t\t\thttps://github.com/username/repository/blob/branch/filename.\n    \t\t\t\t2. Replace \"github.com\" with \"raw.githubusercontent.com\".\n    \t\t\t\t3. Remove the \"/blob/\" part of the URL.\n    \n    \t\t\t\tThe resulting URL should look like this:\n    \t\t\t\thttps://raw.githubusercontent.com/username/repository/branch/filename\n    \n    \t\t\t\tError:\n    \t\t\t\tError: Could not download \"https://downloads.wordpress.org/plugin/per-kg-calculator.latest-stable.zip\"\n        at Ct.resolve (file:///home/runner/work/playground-tester/playground-tester/node_modules/@wp-playground/blueprints/index.js:1472:13)\n        at process.processTicksAndRejections (node:internal/process/task_queues:105:5)\n        at async _.run (file:///home/runner/work/playground-tester/playground-tester/node_modules/@php-wasm/util/index.js:45:14)\n  }\n}\n\n","log":"/logs/plugins/p/per-kg-calculator/error.json"}
]
