[
{"message":"file:///home/runner/work/playground-tester/playground-tester/node_modules/@wp-playground/cli/index.js:237\n        throw new Error(y, { cause: u });\n              ^\n","level":"FATAL","type":"PLAYGROUND","test":"asyncify-boot","plugin":"comment-refs","details":"file:///home/runner/work/playground-tester/playground-tester/node_modules/@wp-playground/cli/index.js:237\n        throw new Error(y, { cause: u });\n              ^\n","log":"/tmp/tmp.zly0VLbhZM"}
,
{"message":"Required parameter $process_id follows optional parameter $args in /wordpress/wp-content/plugins/caldera-forms-sprout-invoices-integration/cf-sprout-invoice.php on line 184","level":"DEPRECATED","type":"PHP","test":"asyncify-boot","plugin":"comment-refs","details":"[21-May-2025 07:48:52 UTC] PHP Deprecated:  Required parameter $process_id follows optional parameter $args in /wordpress/wp-content/plugins/caldera-forms-sprout-invoices-integration/cf-sprout-invoice.php on line 184","log":"/logs/plugins/c/comment-refs/error.json"}
,
{"message":"Required parameter $process_id follows optional parameter $args in /wordpress/wp-content/plugins/caldera-forms-sprout-invoices-integration/cf-sprout-invoice.php on line 184","level":"DEPRECATED","type":"PHP","test":"asyncify-boot","plugin":"comment-refs","details":"[21-May-2025 07:48:53 UTC] PHP Deprecated:  Required parameter $process_id follows optional parameter $args in /wordpress/wp-content/plugins/caldera-forms-sprout-invoices-integration/cf-sprout-invoice.php on line 184","log":"/logs/plugins/c/comment-refs/error.json"}
,
{"message":"Required parameter $process_id follows optional parameter $args in /wordpress/wp-content/plugins/caldera-forms-sprout-invoices-integration/cf-sprout-invoice.php on line 184","level":"DEPRECATED","type":"PHP","test":"asyncify-boot","plugin":"comment-refs","details":"[21-May-2025 07:49:00 UTC] PHP Deprecated:  Required parameter $process_id follows optional parameter $args in /wordpress/wp-content/plugins/caldera-forms-sprout-invoices-integration/cf-sprout-invoice.php on line 184","log":"/logs/plugins/c/comment-refs/error.json"}
,
{"message":"Required parameter $process_id follows optional parameter $args in /wordpress/wp-content/plugins/caldera-forms-sprout-invoices-integration/cf-sprout-invoice.php on line 184","level":"DEPRECATED","type":"PHP","test":"asyncify-boot","plugin":"comment-refs","details":"[21-May-2025 07:49:01 UTC] PHP Deprecated:  Required parameter $process_id follows optional parameter $args in /wordpress/wp-content/plugins/caldera-forms-sprout-invoices-integration/cf-sprout-invoice.php on line 184","log":"/logs/plugins/c/comment-refs/error.json"}
,
{"message":"Required parameter $process_id follows optional parameter $args in /wordpress/wp-content/plugins/caldera-forms-sprout-invoices-integration/cf-sprout-invoice.php on line 184","level":"DEPRECATED","type":"PHP","test":"asyncify-boot","plugin":"comment-refs","details":"[21-May-2025 07:49:09 UTC] PHP Deprecated:  Required parameter $process_id follows optional parameter $args in /wordpress/wp-content/plugins/caldera-forms-sprout-invoices-integration/cf-sprout-invoice.php on line 184","log":"/logs/plugins/c/comment-refs/error.json"}
,
{"message":"Required parameter $process_id follows optional parameter $args in /wordpress/wp-content/plugins/caldera-forms-sprout-invoices-integration/cf-sprout-invoice.php on line 184","level":"DEPRECATED","type":"PHP","test":"asyncify-boot","plugin":"comment-refs","details":"[21-May-2025 07:49:10 UTC] PHP Deprecated:  Required parameter $process_id follows optional parameter $args in /wordpress/wp-content/plugins/caldera-forms-sprout-invoices-integration/cf-sprout-invoice.php on line 184","log":"/logs/plugins/c/comment-refs/error.json"}
,
{"message":"Uncaught Error: Call to undefined function create_function() in /wordpress/wp-content/plugins/category-post-contet/category_post_contet.php:137","level":"FATAL","type":"PHP","test":"asyncify-boot","plugin":"comment-refs","details":"[21-May-2025 07:49:41 UTC] PHP Fatal error:  Uncaught Error: Call to undefined function create_function() in /wordpress/wp-content/plugins/category-post-contet/category_post_contet.php:137\nStack trace:\n#0 /wordpress/wp-admin/includes/plugin.php(2387): include_once()\n#1 /wordpress/wp-admin/includes/plugin.php(673): plugin_sandbox_scrape('category-post-c...')\n#2 /internal/eval.php(20): activate_plugin('category-post-c...')\n#3 {main}\n  thrown in /wordpress/wp-content/plugins/category-post-contet/category_post_contet.php on line 137","log":"/logs/plugins/c/comment-refs/error.json"}
,
{"message":"Uncaught Error: Call to undefined function create_function() in /wordpress/wp-content/plugins/category-post-contet/category_post_contet.php:137","level":"FATAL","type":"PHP","test":"asyncify-boot","plugin":"comment-refs","details":"[21-May-2025 07:49:49 UTC] PHP Fatal error:  Uncaught Error: Call to undefined function create_function() in /wordpress/wp-content/plugins/category-post-contet/category_post_contet.php:137\nStack trace:\n#0 /wordpress/wp-admin/includes/plugin.php(2387): include_once()\n#1 /wordpress/wp-admin/includes/plugin.php(673): plugin_sandbox_scrape('category-post-c...')\n#2 /internal/eval.php(20): activate_plugin('category-post-c...')\n#3 {main}\n  thrown in /wordpress/wp-content/plugins/category-post-contet/category_post_contet.php on line 137","log":"/logs/plugins/c/comment-refs/error.json"}
,
{"message":"Uncaught Error: Call to undefined function create_function() in /wordpress/wp-content/plugins/category-post-contet/category_post_contet.php:137","level":"FATAL","type":"PHP","test":"asyncify-boot","plugin":"comment-refs","details":"[21-May-2025 07:49:57 UTC] PHP Fatal error:  Uncaught Error: Call to undefined function create_function() in /wordpress/wp-content/plugins/category-post-contet/category_post_contet.php:137\nStack trace:\n#0 /wordpress/wp-admin/includes/plugin.php(2387): include_once()\n#1 /wordpress/wp-admin/includes/plugin.php(673): plugin_sandbox_scrape('category-post-c...')\n#2 /internal/eval.php(20): activate_plugin('category-post-c...')\n#3 {main}\n  thrown in /wordpress/wp-content/plugins/category-post-contet/category_post_contet.php on line 137","log":"/logs/plugins/c/comment-refs/error.json"}
,
{"message":"Function load_plugin_textdomain was called with an argument that is <strong>deprecated</strong> since version 2.7.0 with no alternative available. in /wordpress/wp-includes/functions.php on line 6121","level":"DEPRECATED","type":"PHP","test":"asyncify-boot","plugin":"comment-refs","details":"[21-May-2025 07:51:28 UTC] PHP Deprecated:  Function load_plugin_textdomain was called with an argument that is <strong>deprecated</strong> since version 2.7.0 with no alternative available. in /wordpress/wp-includes/functions.php on line 6121","log":"/logs/plugins/c/comment-refs/error.json"}
,
{"message":"Function load_plugin_textdomain was called with an argument that is <strong>deprecated</strong> since version 2.7.0 with no alternative available. in /wordpress/wp-includes/functions.php on line 6121","level":"DEPRECATED","type":"PHP","test":"asyncify-boot","plugin":"comment-refs","details":"[21-May-2025 07:51:38 UTC] PHP Deprecated:  Function load_plugin_textdomain was called with an argument that is <strong>deprecated</strong> since version 2.7.0 with no alternative available. in /wordpress/wp-includes/functions.php on line 6121","log":"/logs/plugins/c/comment-refs/error.json"}
,
{"message":"Function load_plugin_textdomain was called with an argument that is <strong>deprecated</strong> since version 2.7.0 with no alternative available. in /wordpress/wp-includes/functions.php on line 6121","level":"DEPRECATED","type":"PHP","test":"asyncify-boot","plugin":"comment-refs","details":"[21-May-2025 07:51:46 UTC] PHP Deprecated:  Function load_plugin_textdomain was called with an argument that is <strong>deprecated</strong> since version 2.7.0 with no alternative available. in /wordpress/wp-includes/functions.php on line 6121","log":"/logs/plugins/c/comment-refs/error.json"}
,
{"message":"Only variables should be passed by reference in /wordpress/wp-content/plugins/cleeng/cleengWP.php on line 29","level":"NOTICE","type":"PHP","test":"asyncify-boot","plugin":"comment-refs","details":"[21-May-2025 07:52:48 UTC] PHP Notice:  Only variables should be passed by reference in /wordpress/wp-content/plugins/cleeng/cleengWP.php on line 29","log":"/logs/plugins/c/comment-refs/error.json"}
,
{"message":"curl_setopt(): CURLOPT_SSL_VERIFYHOST no longer accepts the value 1, value 2 will be used instead in /wordpress/wp-content/plugins/cleeng/php/classes/Client.php on line 541","level":"NOTICE","type":"PHP","test":"asyncify-boot","plugin":"comment-refs","details":"[21-May-2025 07:52:49 UTC] PHP Notice:  curl_setopt(): CURLOPT_SSL_VERIFYHOST no longer accepts the value 1, value 2 will be used instead in /wordpress/wp-content/plugins/cleeng/php/classes/Client.php on line 541","log":"/logs/plugins/c/comment-refs/error.json"}
,
{"message":"Uncaught CleengClientException: Authorization error (404). in /wordpress/wp-content/plugins/cleeng/php/classes/Client.php:557","level":"FATAL","type":"PHP","test":"asyncify-boot","plugin":"comment-refs","details":"[21-May-2025 07:52:49 UTC] PHP Fatal error:  Uncaught CleengClientException: Authorization error (404). in /wordpress/wp-content/plugins/cleeng/php/classes/Client.php:557\nStack trace:\n#0 /wordpress/wp-content/plugins/cleeng/php/classes/Client.php(891): Cleeng_Client->callApi('registerClientA...', Array)\n#1 /wordpress/wp-content/plugins/cleeng/php/classes/Installer.php(115): Cleeng_Client->registerClientApp('My WordPress We...', 'Automatically c...', 'http://127.0.0....')\n#2 /wordpress/wp-content/plugins/cleeng/php/classes/Core.php(132): Cleeng_Installer->register_client_app()\n#3 /wordpress/wp-content/plugins/cleeng/cleengWP.php(34): Cleeng_Core->setup()\n#4 /wordpress/wp-admin/includes/plugin.php(2387): include_once('/wordpress/wp-c...')\n#5 /wordpress/wp-admin/includes/plugin.php(673): plugin_sandbox_scrape('cleeng/cleengWP...')\n#6 /internal/eval.php(20): activate_plugin('cleeng/cleengWP...')\n#7 {main}\n  thrown in /wordpress/wp-content/plugins/cleeng/php/classes/Client.php on line 557","log":"/logs/plugins/c/comment-refs/error.json"}
,
{"message":"Only variables should be passed by reference in /wordpress/wp-content/plugins/cleeng/cleengWP.php on line 29","level":"NOTICE","type":"PHP","test":"asyncify-boot","plugin":"comment-refs","details":"[21-May-2025 07:52:58 UTC] PHP Notice:  Only variables should be passed by reference in /wordpress/wp-content/plugins/cleeng/cleengWP.php on line 29","log":"/logs/plugins/c/comment-refs/error.json"}
,
{"message":"curl_setopt(): CURLOPT_SSL_VERIFYHOST no longer accepts the value 1, value 2 will be used instead in /wordpress/wp-content/plugins/cleeng/php/classes/Client.php on line 541","level":"NOTICE","type":"PHP","test":"asyncify-boot","plugin":"comment-refs","details":"[21-May-2025 07:52:58 UTC] PHP Notice:  curl_setopt(): CURLOPT_SSL_VERIFYHOST no longer accepts the value 1, value 2 will be used instead in /wordpress/wp-content/plugins/cleeng/php/classes/Client.php on line 541","log":"/logs/plugins/c/comment-refs/error.json"}
,
{"message":"Uncaught CleengClientException: Authorization error (404). in /wordpress/wp-content/plugins/cleeng/php/classes/Client.php:557","level":"FATAL","type":"PHP","test":"asyncify-boot","plugin":"comment-refs","details":"[21-May-2025 07:52:58 UTC] PHP Fatal error:  Uncaught CleengClientException: Authorization error (404). in /wordpress/wp-content/plugins/cleeng/php/classes/Client.php:557\nStack trace:\n#0 /wordpress/wp-content/plugins/cleeng/php/classes/Client.php(891): Cleeng_Client->callApi('registerClientA...', Array)\n#1 /wordpress/wp-content/plugins/cleeng/php/classes/Installer.php(115): Cleeng_Client->registerClientApp('My WordPress We...', 'Automatically c...', 'http://127.0.0....')\n#2 /wordpress/wp-content/plugins/cleeng/php/classes/Core.php(132): Cleeng_Installer->register_client_app()\n#3 /wordpress/wp-content/plugins/cleeng/cleengWP.php(34): Cleeng_Core->setup()\n#4 /wordpress/wp-admin/includes/plugin.php(2387): include_once('/wordpress/wp-c...')\n#5 /wordpress/wp-admin/includes/plugin.php(673): plugin_sandbox_scrape('cleeng/cleengWP...')\n#6 /internal/eval.php(20): activate_plugin('cleeng/cleengWP...')\n#7 {main}\n  thrown in /wordpress/wp-content/plugins/cleeng/php/classes/Client.php on line 557","log":"/logs/plugins/c/comment-refs/error.json"}
,
{"message":"Only variables should be passed by reference in /wordpress/wp-content/plugins/cleeng/cleengWP.php on line 29","level":"NOTICE","type":"PHP","test":"asyncify-boot","plugin":"comment-refs","details":"[21-May-2025 07:53:07 UTC] PHP Notice:  Only variables should be passed by reference in /wordpress/wp-content/plugins/cleeng/cleengWP.php on line 29","log":"/logs/plugins/c/comment-refs/error.json"}
,
{"message":"curl_setopt(): CURLOPT_SSL_VERIFYHOST no longer accepts the value 1, value 2 will be used instead in /wordpress/wp-content/plugins/cleeng/php/classes/Client.php on line 541","level":"NOTICE","type":"PHP","test":"asyncify-boot","plugin":"comment-refs","details":"[21-May-2025 07:53:07 UTC] PHP Notice:  curl_setopt(): CURLOPT_SSL_VERIFYHOST no longer accepts the value 1, value 2 will be used instead in /wordpress/wp-content/plugins/cleeng/php/classes/Client.php on line 541","log":"/logs/plugins/c/comment-refs/error.json"}
,
{"message":"Uncaught CleengClientException: Authorization error (404). in /wordpress/wp-content/plugins/cleeng/php/classes/Client.php:557","level":"FATAL","type":"PHP","test":"asyncify-boot","plugin":"comment-refs","details":"[21-May-2025 07:53:07 UTC] PHP Fatal error:  Uncaught CleengClientException: Authorization error (404). in /wordpress/wp-content/plugins/cleeng/php/classes/Client.php:557\nStack trace:\n#0 /wordpress/wp-content/plugins/cleeng/php/classes/Client.php(891): Cleeng_Client->callApi('registerClientA...', Array)\n#1 /wordpress/wp-content/plugins/cleeng/php/classes/Installer.php(115): Cleeng_Client->registerClientApp('My WordPress We...', 'Automatically c...', 'http://127.0.0....')\n#2 /wordpress/wp-content/plugins/cleeng/php/classes/Core.php(132): Cleeng_Installer->register_client_app()\n#3 /wordpress/wp-content/plugins/cleeng/cleengWP.php(34): Cleeng_Core->setup()\n#4 /wordpress/wp-admin/includes/plugin.php(2387): include_once('/wordpress/wp-c...')\n#5 /wordpress/wp-admin/includes/plugin.php(673): plugin_sandbox_scrape('cleeng/cleengWP...')\n#6 /internal/eval.php(20): activate_plugin('cleeng/cleengWP...')\n#7 {main}\n  thrown in /wordpress/wp-content/plugins/cleeng/php/classes/Client.php on line 557","log":"/logs/plugins/c/comment-refs/error.json"}
,
{"message":"Uncaught TypeError: call_user_func_array(): Argument #1 ($callback) must be a valid callback, non-static method tm_clicktotweet::activation() cannot be called statically in /wordpress/wp-includes/class-wp-hook.php:324","level":"FATAL","type":"PHP","test":"asyncify-boot","plugin":"comment-refs","details":"[21-May-2025 07:53:15 UTC] PHP Fatal error:  Uncaught TypeError: call_user_func_array(): Argument #1 ($callback) must be a valid callback, non-static method tm_clicktotweet::activation() cannot be called statically in /wordpress/wp-includes/class-wp-hook.php:324\nStack trace:\n#0 /wordpress/wp-includes/class-wp-hook.php(348): WP_Hook->apply_filters('', Array)\n#1 /wordpress/wp-includes/plugin.php(517): WP_Hook->do_action(Array)\n#2 /wordpress/wp-admin/includes/plugin.php(703): do_action('activate_click-...', false)\n#3 /internal/eval.php(20): activate_plugin('click-to-tweet-...')\n#4 {main}\n  thrown in /wordpress/wp-includes/class-wp-hook.php on line 324","log":"/logs/plugins/c/comment-refs/error.json"}
,
{"message":"Uncaught TypeError: call_user_func_array(): Argument #1 ($callback) must be a valid callback, non-static method tm_clicktotweet::activation() cannot be called statically in /wordpress/wp-includes/class-wp-hook.php:324","level":"FATAL","type":"PHP","test":"asyncify-boot","plugin":"comment-refs","details":"[21-May-2025 07:53:23 UTC] PHP Fatal error:  Uncaught TypeError: call_user_func_array(): Argument #1 ($callback) must be a valid callback, non-static method tm_clicktotweet::activation() cannot be called statically in /wordpress/wp-includes/class-wp-hook.php:324\nStack trace:\n#0 /wordpress/wp-includes/class-wp-hook.php(348): WP_Hook->apply_filters('', Array)\n#1 /wordpress/wp-includes/plugin.php(517): WP_Hook->do_action(Array)\n#2 /wordpress/wp-admin/includes/plugin.php(703): do_action('activate_click-...', false)\n#3 /internal/eval.php(20): activate_plugin('click-to-tweet-...')\n#4 {main}\n  thrown in /wordpress/wp-includes/class-wp-hook.php on line 324","log":"/logs/plugins/c/comment-refs/error.json"}
,
{"message":"Uncaught TypeError: call_user_func_array(): Argument #1 ($callback) must be a valid callback, non-static method tm_clicktotweet::activation() cannot be called statically in /wordpress/wp-includes/class-wp-hook.php:324","level":"FATAL","type":"PHP","test":"asyncify-boot","plugin":"comment-refs","details":"[21-May-2025 07:53:30 UTC] PHP Fatal error:  Uncaught TypeError: call_user_func_array(): Argument #1 ($callback) must be a valid callback, non-static method tm_clicktotweet::activation() cannot be called statically in /wordpress/wp-includes/class-wp-hook.php:324\nStack trace:\n#0 /wordpress/wp-includes/class-wp-hook.php(348): WP_Hook->apply_filters('', Array)\n#1 /wordpress/wp-includes/plugin.php(517): WP_Hook->do_action(Array)\n#2 /wordpress/wp-admin/includes/plugin.php(703): do_action('activate_click-...', false)\n#3 /internal/eval.php(20): activate_plugin('click-to-tweet-...')\n#4 {main}\n  thrown in /wordpress/wp-includes/class-wp-hook.php on line 324","log":"/logs/plugins/c/comment-refs/error.json"}
,
{"message":"Function wp_enqueue_script was called <strong>incorrectly</strong>. Scripts and styles should not be registered or enqueued until the <code>wp_enqueue_scripts</code>, <code>admin_enqueue_scripts</code>, or <code>login_enqueue_scripts</code> hooks. This notice was triggered by the <code>placeholder</code> handle. Please see <a href=\"https://developer.wordpress.org/advanced-administration/debug/debug-wordpress/\">Debugging in WordPress</a> for more information. (This message was added in version 3.3.0.) in /wordpress/wp-includes/functions.php on line 6121","level":"NOTICE","type":"PHP","test":"asyncify-boot","plugin":"comment-refs","details":"[21-May-2025 07:55:50 UTC] PHP Notice:  Function wp_enqueue_script was called <strong>incorrectly</strong>. Scripts and styles should not be registered or enqueued until the <code>wp_enqueue_scripts</code>, <code>admin_enqueue_scripts</code>, or <code>login_enqueue_scripts</code> hooks. This notice was triggered by the <code>placeholder</code> handle. Please see <a href=\"https://developer.wordpress.org/advanced-administration/debug/debug-wordpress/\">Debugging in WordPress</a> for more information. (This message was added in version 3.3.0.) in /wordpress/wp-includes/functions.php on line 6121","log":"/logs/plugins/c/comment-refs/error.json"}
,
{"message":"Function wp_enqueue_script was called <strong>incorrectly</strong>. Scripts and styles should not be registered or enqueued until the <code>wp_enqueue_scripts</code>, <code>admin_enqueue_scripts</code>, or <code>login_enqueue_scripts</code> hooks. This notice was triggered by the <code>placeholder</code> handle. Please see <a href=\"https://developer.wordpress.org/advanced-administration/debug/debug-wordpress/\">Debugging in WordPress</a> for more information. (This message was added in version 3.3.0.) in /wordpress/wp-includes/functions.php on line 6121","level":"NOTICE","type":"PHP","test":"asyncify-boot","plugin":"comment-refs","details":"[21-May-2025 07:56:01 UTC] PHP Notice:  Function wp_enqueue_script was called <strong>incorrectly</strong>. Scripts and styles should not be registered or enqueued until the <code>wp_enqueue_scripts</code>, <code>admin_enqueue_scripts</code>, or <code>login_enqueue_scripts</code> hooks. This notice was triggered by the <code>placeholder</code> handle. Please see <a href=\"https://developer.wordpress.org/advanced-administration/debug/debug-wordpress/\">Debugging in WordPress</a> for more information. (This message was added in version 3.3.0.) in /wordpress/wp-includes/functions.php on line 6121","log":"/logs/plugins/c/comment-refs/error.json"}
,
{"message":"Function wp_enqueue_script was called <strong>incorrectly</strong>. Scripts and styles should not be registered or enqueued until the <code>wp_enqueue_scripts</code>, <code>admin_enqueue_scripts</code>, or <code>login_enqueue_scripts</code> hooks. This notice was triggered by the <code>placeholder</code> handle. Please see <a href=\"https://developer.wordpress.org/advanced-administration/debug/debug-wordpress/\">Debugging in WordPress</a> for more information. (This message was added in version 3.3.0.) in /wordpress/wp-includes/functions.php on line 6121","level":"NOTICE","type":"PHP","test":"asyncify-boot","plugin":"comment-refs","details":"[21-May-2025 07:56:10 UTC] PHP Notice:  Function wp_enqueue_script was called <strong>incorrectly</strong>. Scripts and styles should not be registered or enqueued until the <code>wp_enqueue_scripts</code>, <code>admin_enqueue_scripts</code>, or <code>login_enqueue_scripts</code> hooks. This notice was triggered by the <code>placeholder</code> handle. Please see <a href=\"https://developer.wordpress.org/advanced-administration/debug/debug-wordpress/\">Debugging in WordPress</a> for more information. (This message was added in version 3.3.0.) in /wordpress/wp-includes/functions.php on line 6121","log":"/logs/plugins/c/comment-refs/error.json"}
,
{"message":"Array and string offset access syntax with curly braces is no longer supported in /wordpress/wp-content/plugins/comment-refs/inc/Api/Callbacks/AdminCallbacksCrefs.php on line 247","level":"FATAL","type":"PHP","test":"asyncify-boot","plugin":"comment-refs","details":"[21-May-2025 07:56:52 UTC] PHP Fatal error:  Array and string offset access syntax with curly braces is no longer supported in /wordpress/wp-content/plugins/comment-refs/inc/Api/Callbacks/AdminCallbacksCrefs.php on line 247","log":"/logs/plugins/c/comment-refs/error.json"}
,
{"message":"Array and string offset access syntax with curly braces is no longer supported in /wordpress/wp-content/plugins/comment-refs/inc/Api/Callbacks/AdminCallbacksCrefs.php on line 247","level":"FATAL","type":"PHP","test":"asyncify-boot","plugin":"comment-refs","details":"[21-May-2025 07:57:01 UTC] PHP Fatal error:  Array and string offset access syntax with curly braces is no longer supported in /wordpress/wp-content/plugins/comment-refs/inc/Api/Callbacks/AdminCallbacksCrefs.php on line 247\n\n    at Object.onBind (file:///home/runner/work/playground-tester/playground-tester/node_modules/@wp-playground/cli/index.js:237:15)\n    at process.processTicksAndRejections (node:internal/process/task_queues:105:5)\n    at async V (file:///home/runner/work/playground-tester/playground-tester/node_modules/@wp-playground/cli/index.js:64:10)\n    at async ja (file:///home/runner/work/playground-tester/playground-tester/node_modules/@wp-playground/cli/cli.js:8161:12) {\n  [cause]: Error: Error when executing the blueprint step #1 ({\"step\":\"installPlugin\",\"pluginData\":{\"resource\":\"wordpress.org/plugins\",\"slug\":\"comment-refs\"},\"options\":{\"activate\":true}}) : PHP.run() failed with exit code 255 and the following output: \n      at Object.run (file:///home/runner/work/playground-tester/playground-tester/node_modules/@wp-playground/blueprints/index.js:12449:19)\n      at process.processTicksAndRejections (node:internal/process/task_queues:105:5)\n      at async ms (file:///home/runner/work/playground-tester/playground-tester/node_modules/@wp-playground/blueprints/index.js:12552:3)\n      ... 2 lines matching cause stack trace ...\n      at async ja (file:///home/runner/work/playground-tester/playground-tester/node_modules/@wp-playground/cli/cli.js:8161:12) {\n    [cause]: PHPExecutionFailureError: PHP.run() failed with exit code 255 and the following output: \n        at PHP.run (file:///home/runner/work/playground-tester/playground-tester/node_modules/@php-wasm/universal/index.js:987:19)\n        at process.processTicksAndRejections (node:internal/process/task_queues:105:5)\n        at async wr (file:///home/runner/work/playground-tester/playground-tester/node_modules/@wp-playground/blueprints/index.js:33:39)\n        at async Object.gt [as installPlugin] (file:///home/runner/work/playground-tester/playground-tester/node_modules/@wp-playground/blueprints/index.js:974:42)\n        at async g (file:///home/runner/work/playground-tester/playground-tester/node_modules/@wp-playground/blueprints/index.js:12517:30)\n        at async Object.run (file:///home/runner/work/playground-tester/playground-tester/node_modules/@wp-playground/blueprints/index.js:12446:23)\n        at async ms (file:///home/runner/work/playground-tester/playground-tester/node_modules/@wp-playground/blueprints/index.js:12552:3)\n        at async Object.onBind (file:///home/runner/work/playground-tester/playground-tester/node_modules/@wp-playground/cli/index.js:227:48)\n        at async V (file:///home/runner/work/playground-tester/playground-tester/node_modules/@wp-playground/cli/index.js:64:10)\n        at async ja (file:///home/runner/work/playground-tester/playground-tester/node_modules/@wp-playground/cli/cli.js:8161:12) {\n      response: PHPResponse {\n        httpStatusCode: 500,\n        headers: {\n          'x-powered-by': [ 'PHP/8.0.30-dev' ],\n          'content-type': [ 'text/html; charset=UTF-8' ]\n        },\n        bytes: Uint8Array(0) [],\n        exitCode: 255,\n        errors: ''\n      },\n      source: 'request'\n    }\n  }\n}\n\n","log":"/logs/plugins/c/comment-refs/error.json"}
]
