[
  {
    "message": "file:///home/runner/work/playground-tester/playground-tester/node_modules/@wp-playground/cli/index.js:237\n        throw new Error(y, { cause: u });\n              ^\n",
    "level": "FATAL",
    "type": "PLAYGROUND",
    "test": "ast-sqlite-boot",
    "plugin": "firestudio",
    "details": "file:///home/runner/work/playground-tester/playground-tester/node_modules/@wp-playground/cli/index.js:237\n        throw new Error(y, { cause: u });\n              ^\n",
    "log": "/tmp/tmp.7bb8BguFSO"
  },
  {
    "message": "Undefined array key \"appId\" in /wordpress/wp-content/plugins/facebook-comments-for-wordpress/facebook-comments-core.php on line 60",
    "level": "WARNING",
    "type": "PHP",
    "test": "ast-sqlite-boot",
    "plugin": "firestudio",
    "details": "[07-May-2025 19:47:40 UTC] PHP Warning:  Undefined array key \"appId\" in /wordpress/wp-content/plugins/facebook-comments-for-wordpress/facebook-comments-core.php on line 60",
    "log": "/logs/plugins/f/firestudio/error.json"
  },
  {
    "message": "Undefined array key \"appSecret\" in /wordpress/wp-content/plugins/facebook-comments-for-wordpress/facebook-comments-core.php on line 61",
    "level": "WARNING",
    "type": "PHP",
    "test": "ast-sqlite-boot",
    "plugin": "firestudio",
    "details": "[07-May-2025 19:47:40 UTC] PHP Warning:  Undefined array key \"appSecret\" in /wordpress/wp-content/plugins/facebook-comments-for-wordpress/facebook-comments-core.php on line 61",
    "log": "/logs/plugins/f/firestudio/error.json"
  },
  {
    "message": "Undefined array key \"xid\" in /wordpress/wp-content/plugins/facebook-comments-for-wordpress/facebook-comments-core.php on line 62",
    "level": "WARNING",
    "type": "PHP",
    "test": "ast-sqlite-boot",
    "plugin": "firestudio",
    "details": "[07-May-2025 19:47:40 UTC] PHP Warning:  Undefined array key \"xid\" in /wordpress/wp-content/plugins/facebook-comments-for-wordpress/facebook-comments-core.php on line 62",
    "log": "/logs/plugins/f/firestudio/error.json"
  },
  {
    "message": "Undefined array key \"commentVersion\" in /wordpress/wp-content/plugins/facebook-comments-for-wordpress/facebook-comments-core.php on line 66",
    "level": "WARNING",
    "type": "PHP",
    "test": "ast-sqlite-boot",
    "plugin": "firestudio",
    "details": "[07-May-2025 19:47:40 UTC] PHP Warning:  Undefined array key \"commentVersion\" in /wordpress/wp-content/plugins/facebook-comments-for-wordpress/facebook-comments-core.php on line 66",
    "log": "/logs/plugins/f/firestudio/error.json"
  },
  {
    "message": "Array to string conversion in /wordpress/wp-content/plugins/facebook-comments-for-wordpress/facebook-comments-core.php on line 72",
    "level": "WARNING",
    "type": "PHP",
    "test": "ast-sqlite-boot",
    "plugin": "firestudio",
    "details": "[07-May-2025 19:47:40 UTC] PHP Warning:  Array to string conversion in /wordpress/wp-content/plugins/facebook-comments-for-wordpress/facebook-comments-core.php on line 72",
    "log": "/logs/plugins/f/firestudio/error.json"
  },
  {
    "message": "Undefined variable $Array in /wordpress/wp-content/plugins/facebook-comments-for-wordpress/facebook-comments-core.php on line 72",
    "level": "WARNING",
    "type": "PHP",
    "test": "ast-sqlite-boot",
    "plugin": "firestudio",
    "details": "[07-May-2025 19:47:40 UTC] PHP Warning:  Undefined variable $Array in /wordpress/wp-content/plugins/facebook-comments-for-wordpress/facebook-comments-core.php on line 72",
    "log": "/logs/plugins/f/firestudio/error.json"
  },
  {
    "message": "Trying to access array offset on value of type null in /wordpress/wp-content/plugins/facebook-comments-for-wordpress/facebook-comments-core.php on line 72",
    "level": "WARNING",
    "type": "PHP",
    "test": "ast-sqlite-boot",
    "plugin": "firestudio",
    "details": "[07-May-2025 19:47:40 UTC] PHP Warning:  Trying to access array offset on value of type null in /wordpress/wp-content/plugins/facebook-comments-for-wordpress/facebook-comments-core.php on line 72",
    "log": "/logs/plugins/f/firestudio/error.json"
  },
  {
    "message": "Undefined array key \"language\" in /wordpress/wp-content/plugins/facebook-comments-for-wordpress/facebook-comments-core.php on line 94",
    "level": "WARNING",
    "type": "PHP",
    "test": "ast-sqlite-boot",
    "plugin": "firestudio",
    "details": "[07-May-2025 19:47:40 UTC] PHP Warning:  Undefined array key \"language\" in /wordpress/wp-content/plugins/facebook-comments-for-wordpress/facebook-comments-core.php on line 94",
    "log": "/logs/plugins/f/firestudio/error.json"
  },
  {
    "message": "Undefined array key \"hideWpComments\" in /wordpress/wp-content/plugins/facebook-comments-for-wordpress/facebook-comments.php on line 132",
    "level": "WARNING",
    "type": "PHP",
    "test": "ast-sqlite-boot",
    "plugin": "firestudio",
    "details": "[07-May-2025 19:47:40 UTC] PHP Warning:  Undefined array key \"hideWpComments\" in /wordpress/wp-content/plugins/facebook-comments-for-wordpress/facebook-comments.php on line 132",
    "log": "/logs/plugins/f/firestudio/error.json"
  },
  {
    "message": "Undefined array key \"includeFbmlLangAttr\" in /wordpress/wp-content/plugins/facebook-comments-for-wordpress/facebook-comments.php on line 142",
    "level": "WARNING",
    "type": "PHP",
    "test": "ast-sqlite-boot",
    "plugin": "firestudio",
    "details": "[07-May-2025 19:47:40 UTC] PHP Warning:  Undefined array key \"includeFbmlLangAttr\" in /wordpress/wp-content/plugins/facebook-comments-for-wordpress/facebook-comments.php on line 142",
    "log": "/logs/plugins/f/firestudio/error.json"
  },
  {
    "message": "Undefined array key \"includeOpenGraphLangAttr\" in /wordpress/wp-content/plugins/facebook-comments-for-wordpress/facebook-comments.php on line 142",
    "level": "WARNING",
    "type": "PHP",
    "test": "ast-sqlite-boot",
    "plugin": "firestudio",
    "details": "[07-May-2025 19:47:40 UTC] PHP Warning:  Undefined array key \"includeOpenGraphLangAttr\" in /wordpress/wp-content/plugins/facebook-comments-for-wordpress/facebook-comments.php on line 142",
    "log": "/logs/plugins/f/firestudio/error.json"
  },
  {
    "message": "Undefined array key \"includeOpenGraphMeta\" in /wordpress/wp-content/plugins/facebook-comments-for-wordpress/facebook-comments.php on line 160",
    "level": "WARNING",
    "type": "PHP",
    "test": "ast-sqlite-boot",
    "plugin": "firestudio",
    "details": "[07-May-2025 19:47:40 UTC] PHP Warning:  Undefined array key \"includeOpenGraphMeta\" in /wordpress/wp-content/plugins/facebook-comments-for-wordpress/facebook-comments.php on line 160",
    "log": "/logs/plugins/f/firestudio/error.json"
  },
  {
    "message": "Undefined array key \"includeFbComments\" in /wordpress/wp-content/plugins/facebook-comments-for-wordpress/facebook-comments.php on line 251",
    "level": "WARNING",
    "type": "PHP",
    "test": "ast-sqlite-boot",
    "plugin": "firestudio",
    "details": "[07-May-2025 19:47:40 UTC] PHP Warning:  Undefined array key \"includeFbComments\" in /wordpress/wp-content/plugins/facebook-comments-for-wordpress/facebook-comments.php on line 251",
    "log": "/logs/plugins/f/firestudio/error.json"
  },
  {
    "message": "Undefined array key \"combineCommentCounts\" in /wordpress/wp-content/plugins/facebook-comments-for-wordpress/facebook-comments.php on line 265",
    "level": "WARNING",
    "type": "PHP",
    "test": "ast-sqlite-boot",
    "plugin": "firestudio",
    "details": "[07-May-2025 19:47:40 UTC] PHP Warning:  Undefined array key \"combineCommentCounts\" in /wordpress/wp-content/plugins/facebook-comments-for-wordpress/facebook-comments.php on line 265",
    "log": "/logs/plugins/f/firestudio/error.json"
  },
  {
    "message": "Function wp_enqueue_script was called <strong>incorrectly</strong>. Scripts and styles should not be registered or enqueued until the <code>wp_enqueue_scripts</code>, <code>admin_enqueue_scripts</code>, or <code>login_enqueue_scripts</code> hooks. This notice was triggered by the <code>jquery</code> handle. Please see <a href=\"https://developer.wordpress.org/advanced-administration/debug/debug-wordpress/\">Debugging in WordPress</a> for more information. (This message was added in version 3.3.0.) in /wordpress/wp-includes/functions.php on line 6121",
    "level": "NOTICE",
    "type": "PHP",
    "test": "ast-sqlite-boot",
    "plugin": "firestudio",
    "details": "[07-May-2025 19:47:41 UTC] PHP Notice:  Function wp_enqueue_script was called <strong>incorrectly</strong>. Scripts and styles should not be registered or enqueued until the <code>wp_enqueue_scripts</code>, <code>admin_enqueue_scripts</code>, or <code>login_enqueue_scripts</code> hooks. This notice was triggered by the <code>jquery</code> handle. Please see <a href=\"https://developer.wordpress.org/advanced-administration/debug/debug-wordpress/\">Debugging in WordPress</a> for more information. (This message was added in version 3.3.0.) in /wordpress/wp-includes/functions.php on line 6121",
    "log": "/logs/plugins/f/firestudio/error.json"
  },
  {
    "message": "Uncaught Error: Call to undefined function create_function() in /wordpress/wp-content/plugins/facebook-comments-for-wordpress/facebook-comments.php:125",
    "level": "FATAL",
    "type": "PHP",
    "test": "ast-sqlite-boot",
    "plugin": "firestudio",
    "details": "[07-May-2025 19:47:41 UTC] PHP Fatal error:  Uncaught Error: Call to undefined function create_function() in /wordpress/wp-content/plugins/facebook-comments-for-wordpress/facebook-comments.php:125\nStack trace:\n#0 /wordpress/wp-settings.php(545): include_once()\n#1 /wordpress/wp-config.php(102): require_once('/wordpress/wp-s...')\n#2 /wordpress/wp-load.php(50): require_once('/wordpress/wp-c...')\n#3 /internal/eval.php(3): require_once('/wordpress/wp-l...')\n#4 {main}\n  thrown in /wordpress/wp-content/plugins/facebook-comments-for-wordpress/facebook-comments.php on line 125",
    "log": "/logs/plugins/f/firestudio/error.json"
  },
  {
    "message": "Undefined array key \"appId\" in /wordpress/wp-content/plugins/facebook-comments-for-wordpress/facebook-comments-core.php on line 60",
    "level": "WARNING",
    "type": "PHP",
    "test": "ast-sqlite-boot",
    "plugin": "firestudio",
    "details": "[07-May-2025 19:47:48 UTC] PHP Warning:  Undefined array key \"appId\" in /wordpress/wp-content/plugins/facebook-comments-for-wordpress/facebook-comments-core.php on line 60",
    "log": "/logs/plugins/f/firestudio/error.json"
  },
  {
    "message": "Undefined array key \"appSecret\" in /wordpress/wp-content/plugins/facebook-comments-for-wordpress/facebook-comments-core.php on line 61",
    "level": "WARNING",
    "type": "PHP",
    "test": "ast-sqlite-boot",
    "plugin": "firestudio",
    "details": "[07-May-2025 19:47:48 UTC] PHP Warning:  Undefined array key \"appSecret\" in /wordpress/wp-content/plugins/facebook-comments-for-wordpress/facebook-comments-core.php on line 61",
    "log": "/logs/plugins/f/firestudio/error.json"
  },
  {
    "message": "Undefined array key \"xid\" in /wordpress/wp-content/plugins/facebook-comments-for-wordpress/facebook-comments-core.php on line 62",
    "level": "WARNING",
    "type": "PHP",
    "test": "ast-sqlite-boot",
    "plugin": "firestudio",
    "details": "[07-May-2025 19:47:48 UTC] PHP Warning:  Undefined array key \"xid\" in /wordpress/wp-content/plugins/facebook-comments-for-wordpress/facebook-comments-core.php on line 62",
    "log": "/logs/plugins/f/firestudio/error.json"
  },
  {
    "message": "Undefined array key \"commentVersion\" in /wordpress/wp-content/plugins/facebook-comments-for-wordpress/facebook-comments-core.php on line 66",
    "level": "WARNING",
    "type": "PHP",
    "test": "ast-sqlite-boot",
    "plugin": "firestudio",
    "details": "[07-May-2025 19:47:48 UTC] PHP Warning:  Undefined array key \"commentVersion\" in /wordpress/wp-content/plugins/facebook-comments-for-wordpress/facebook-comments-core.php on line 66",
    "log": "/logs/plugins/f/firestudio/error.json"
  },
  {
    "message": "Array to string conversion in /wordpress/wp-content/plugins/facebook-comments-for-wordpress/facebook-comments-core.php on line 72",
    "level": "WARNING",
    "type": "PHP",
    "test": "ast-sqlite-boot",
    "plugin": "firestudio",
    "details": "[07-May-2025 19:47:48 UTC] PHP Warning:  Array to string conversion in /wordpress/wp-content/plugins/facebook-comments-for-wordpress/facebook-comments-core.php on line 72",
    "log": "/logs/plugins/f/firestudio/error.json"
  },
  {
    "message": "Undefined variable $Array in /wordpress/wp-content/plugins/facebook-comments-for-wordpress/facebook-comments-core.php on line 72",
    "level": "WARNING",
    "type": "PHP",
    "test": "ast-sqlite-boot",
    "plugin": "firestudio",
    "details": "[07-May-2025 19:47:48 UTC] PHP Warning:  Undefined variable $Array in /wordpress/wp-content/plugins/facebook-comments-for-wordpress/facebook-comments-core.php on line 72",
    "log": "/logs/plugins/f/firestudio/error.json"
  },
  {
    "message": "Trying to access array offset on value of type null in /wordpress/wp-content/plugins/facebook-comments-for-wordpress/facebook-comments-core.php on line 72",
    "level": "WARNING",
    "type": "PHP",
    "test": "ast-sqlite-boot",
    "plugin": "firestudio",
    "details": "[07-May-2025 19:47:48 UTC] PHP Warning:  Trying to access array offset on value of type null in /wordpress/wp-content/plugins/facebook-comments-for-wordpress/facebook-comments-core.php on line 72",
    "log": "/logs/plugins/f/firestudio/error.json"
  },
  {
    "message": "Undefined array key \"language\" in /wordpress/wp-content/plugins/facebook-comments-for-wordpress/facebook-comments-core.php on line 94",
    "level": "WARNING",
    "type": "PHP",
    "test": "ast-sqlite-boot",
    "plugin": "firestudio",
    "details": "[07-May-2025 19:47:48 UTC] PHP Warning:  Undefined array key \"language\" in /wordpress/wp-content/plugins/facebook-comments-for-wordpress/facebook-comments-core.php on line 94",
    "log": "/logs/plugins/f/firestudio/error.json"
  },
  {
    "message": "Undefined array key \"hideWpComments\" in /wordpress/wp-content/plugins/facebook-comments-for-wordpress/facebook-comments.php on line 132",
    "level": "WARNING",
    "type": "PHP",
    "test": "ast-sqlite-boot",
    "plugin": "firestudio",
    "details": "[07-May-2025 19:47:49 UTC] PHP Warning:  Undefined array key \"hideWpComments\" in /wordpress/wp-content/plugins/facebook-comments-for-wordpress/facebook-comments.php on line 132",
    "log": "/logs/plugins/f/firestudio/error.json"
  },
  {
    "message": "Undefined array key \"includeFbmlLangAttr\" in /wordpress/wp-content/plugins/facebook-comments-for-wordpress/facebook-comments.php on line 142",
    "level": "WARNING",
    "type": "PHP",
    "test": "ast-sqlite-boot",
    "plugin": "firestudio",
    "details": "[07-May-2025 19:47:49 UTC] PHP Warning:  Undefined array key \"includeFbmlLangAttr\" in /wordpress/wp-content/plugins/facebook-comments-for-wordpress/facebook-comments.php on line 142",
    "log": "/logs/plugins/f/firestudio/error.json"
  },
  {
    "message": "Undefined array key \"includeOpenGraphLangAttr\" in /wordpress/wp-content/plugins/facebook-comments-for-wordpress/facebook-comments.php on line 142",
    "level": "WARNING",
    "type": "PHP",
    "test": "ast-sqlite-boot",
    "plugin": "firestudio",
    "details": "[07-May-2025 19:47:49 UTC] PHP Warning:  Undefined array key \"includeOpenGraphLangAttr\" in /wordpress/wp-content/plugins/facebook-comments-for-wordpress/facebook-comments.php on line 142",
    "log": "/logs/plugins/f/firestudio/error.json"
  },
  {
    "message": "Undefined array key \"includeOpenGraphMeta\" in /wordpress/wp-content/plugins/facebook-comments-for-wordpress/facebook-comments.php on line 160",
    "level": "WARNING",
    "type": "PHP",
    "test": "ast-sqlite-boot",
    "plugin": "firestudio",
    "details": "[07-May-2025 19:47:49 UTC] PHP Warning:  Undefined array key \"includeOpenGraphMeta\" in /wordpress/wp-content/plugins/facebook-comments-for-wordpress/facebook-comments.php on line 160",
    "log": "/logs/plugins/f/firestudio/error.json"
  },
  {
    "message": "Undefined array key \"includeFbComments\" in /wordpress/wp-content/plugins/facebook-comments-for-wordpress/facebook-comments.php on line 251",
    "level": "WARNING",
    "type": "PHP",
    "test": "ast-sqlite-boot",
    "plugin": "firestudio",
    "details": "[07-May-2025 19:47:49 UTC] PHP Warning:  Undefined array key \"includeFbComments\" in /wordpress/wp-content/plugins/facebook-comments-for-wordpress/facebook-comments.php on line 251",
    "log": "/logs/plugins/f/firestudio/error.json"
  },
  {
    "message": "Undefined array key \"combineCommentCounts\" in /wordpress/wp-content/plugins/facebook-comments-for-wordpress/facebook-comments.php on line 265",
    "level": "WARNING",
    "type": "PHP",
    "test": "ast-sqlite-boot",
    "plugin": "firestudio",
    "details": "[07-May-2025 19:47:49 UTC] PHP Warning:  Undefined array key \"combineCommentCounts\" in /wordpress/wp-content/plugins/facebook-comments-for-wordpress/facebook-comments.php on line 265",
    "log": "/logs/plugins/f/firestudio/error.json"
  },
  {
    "message": "Function wp_enqueue_script was called <strong>incorrectly</strong>. Scripts and styles should not be registered or enqueued until the <code>wp_enqueue_scripts</code>, <code>admin_enqueue_scripts</code>, or <code>login_enqueue_scripts</code> hooks. This notice was triggered by the <code>jquery</code> handle. Please see <a href=\"https://developer.wordpress.org/advanced-administration/debug/debug-wordpress/\">Debugging in WordPress</a> for more information. (This message was added in version 3.3.0.) in /wordpress/wp-includes/functions.php on line 6121",
    "level": "NOTICE",
    "type": "PHP",
    "test": "ast-sqlite-boot",
    "plugin": "firestudio",
    "details": "[07-May-2025 19:47:50 UTC] PHP Notice:  Function wp_enqueue_script was called <strong>incorrectly</strong>. Scripts and styles should not be registered or enqueued until the <code>wp_enqueue_scripts</code>, <code>admin_enqueue_scripts</code>, or <code>login_enqueue_scripts</code> hooks. This notice was triggered by the <code>jquery</code> handle. Please see <a href=\"https://developer.wordpress.org/advanced-administration/debug/debug-wordpress/\">Debugging in WordPress</a> for more information. (This message was added in version 3.3.0.) in /wordpress/wp-includes/functions.php on line 6121",
    "log": "/logs/plugins/f/firestudio/error.json"
  },
  {
    "message": "Uncaught Error: Call to undefined function create_function() in /wordpress/wp-content/plugins/facebook-comments-for-wordpress/facebook-comments.php:125",
    "level": "FATAL",
    "type": "PHP",
    "test": "ast-sqlite-boot",
    "plugin": "firestudio",
    "details": "[07-May-2025 19:47:50 UTC] PHP Fatal error:  Uncaught Error: Call to undefined function create_function() in /wordpress/wp-content/plugins/facebook-comments-for-wordpress/facebook-comments.php:125\nStack trace:\n#0 /wordpress/wp-settings.php(545): include_once()\n#1 /wordpress/wp-config.php(102): require_once('/wordpress/wp-s...')\n#2 /wordpress/wp-load.php(50): require_once('/wordpress/wp-c...')\n#3 /internal/eval.php(3): require_once('/wordpress/wp-l...')\n#4 {main}\n  thrown in /wordpress/wp-content/plugins/facebook-comments-for-wordpress/facebook-comments.php on line 125",
    "log": "/logs/plugins/f/firestudio/error.json"
  },
  {
    "message": "Undefined array key \"appId\" in /wordpress/wp-content/plugins/facebook-comments-for-wordpress/facebook-comments-core.php on line 60",
    "level": "WARNING",
    "type": "PHP",
    "test": "ast-sqlite-boot",
    "plugin": "firestudio",
    "details": "[07-May-2025 19:47:58 UTC] PHP Warning:  Undefined array key \"appId\" in /wordpress/wp-content/plugins/facebook-comments-for-wordpress/facebook-comments-core.php on line 60",
    "log": "/logs/plugins/f/firestudio/error.json"
  },
  {
    "message": "Undefined array key \"appSecret\" in /wordpress/wp-content/plugins/facebook-comments-for-wordpress/facebook-comments-core.php on line 61",
    "level": "WARNING",
    "type": "PHP",
    "test": "ast-sqlite-boot",
    "plugin": "firestudio",
    "details": "[07-May-2025 19:47:58 UTC] PHP Warning:  Undefined array key \"appSecret\" in /wordpress/wp-content/plugins/facebook-comments-for-wordpress/facebook-comments-core.php on line 61",
    "log": "/logs/plugins/f/firestudio/error.json"
  },
  {
    "message": "Undefined array key \"xid\" in /wordpress/wp-content/plugins/facebook-comments-for-wordpress/facebook-comments-core.php on line 62",
    "level": "WARNING",
    "type": "PHP",
    "test": "ast-sqlite-boot",
    "plugin": "firestudio",
    "details": "[07-May-2025 19:47:58 UTC] PHP Warning:  Undefined array key \"xid\" in /wordpress/wp-content/plugins/facebook-comments-for-wordpress/facebook-comments-core.php on line 62",
    "log": "/logs/plugins/f/firestudio/error.json"
  },
  {
    "message": "Undefined array key \"commentVersion\" in /wordpress/wp-content/plugins/facebook-comments-for-wordpress/facebook-comments-core.php on line 66",
    "level": "WARNING",
    "type": "PHP",
    "test": "ast-sqlite-boot",
    "plugin": "firestudio",
    "details": "[07-May-2025 19:47:58 UTC] PHP Warning:  Undefined array key \"commentVersion\" in /wordpress/wp-content/plugins/facebook-comments-for-wordpress/facebook-comments-core.php on line 66",
    "log": "/logs/plugins/f/firestudio/error.json"
  },
  {
    "message": "Array to string conversion in /wordpress/wp-content/plugins/facebook-comments-for-wordpress/facebook-comments-core.php on line 72",
    "level": "WARNING",
    "type": "PHP",
    "test": "ast-sqlite-boot",
    "plugin": "firestudio",
    "details": "[07-May-2025 19:47:58 UTC] PHP Warning:  Array to string conversion in /wordpress/wp-content/plugins/facebook-comments-for-wordpress/facebook-comments-core.php on line 72",
    "log": "/logs/plugins/f/firestudio/error.json"
  },
  {
    "message": "Undefined variable $Array in /wordpress/wp-content/plugins/facebook-comments-for-wordpress/facebook-comments-core.php on line 72",
    "level": "WARNING",
    "type": "PHP",
    "test": "ast-sqlite-boot",
    "plugin": "firestudio",
    "details": "[07-May-2025 19:47:58 UTC] PHP Warning:  Undefined variable $Array in /wordpress/wp-content/plugins/facebook-comments-for-wordpress/facebook-comments-core.php on line 72",
    "log": "/logs/plugins/f/firestudio/error.json"
  },
  {
    "message": "Trying to access array offset on value of type null in /wordpress/wp-content/plugins/facebook-comments-for-wordpress/facebook-comments-core.php on line 72",
    "level": "WARNING",
    "type": "PHP",
    "test": "ast-sqlite-boot",
    "plugin": "firestudio",
    "details": "[07-May-2025 19:47:58 UTC] PHP Warning:  Trying to access array offset on value of type null in /wordpress/wp-content/plugins/facebook-comments-for-wordpress/facebook-comments-core.php on line 72",
    "log": "/logs/plugins/f/firestudio/error.json"
  },
  {
    "message": "Undefined array key \"language\" in /wordpress/wp-content/plugins/facebook-comments-for-wordpress/facebook-comments-core.php on line 94",
    "level": "WARNING",
    "type": "PHP",
    "test": "ast-sqlite-boot",
    "plugin": "firestudio",
    "details": "[07-May-2025 19:47:58 UTC] PHP Warning:  Undefined array key \"language\" in /wordpress/wp-content/plugins/facebook-comments-for-wordpress/facebook-comments-core.php on line 94",
    "log": "/logs/plugins/f/firestudio/error.json"
  },
  {
    "message": "Undefined array key \"hideWpComments\" in /wordpress/wp-content/plugins/facebook-comments-for-wordpress/facebook-comments.php on line 132",
    "level": "WARNING",
    "type": "PHP",
    "test": "ast-sqlite-boot",
    "plugin": "firestudio",
    "details": "[07-May-2025 19:47:58 UTC] PHP Warning:  Undefined array key \"hideWpComments\" in /wordpress/wp-content/plugins/facebook-comments-for-wordpress/facebook-comments.php on line 132",
    "log": "/logs/plugins/f/firestudio/error.json"
  },
  {
    "message": "Undefined array key \"includeFbmlLangAttr\" in /wordpress/wp-content/plugins/facebook-comments-for-wordpress/facebook-comments.php on line 142",
    "level": "WARNING",
    "type": "PHP",
    "test": "ast-sqlite-boot",
    "plugin": "firestudio",
    "details": "[07-May-2025 19:47:58 UTC] PHP Warning:  Undefined array key \"includeFbmlLangAttr\" in /wordpress/wp-content/plugins/facebook-comments-for-wordpress/facebook-comments.php on line 142",
    "log": "/logs/plugins/f/firestudio/error.json"
  },
  {
    "message": "Undefined array key \"includeOpenGraphLangAttr\" in /wordpress/wp-content/plugins/facebook-comments-for-wordpress/facebook-comments.php on line 142",
    "level": "WARNING",
    "type": "PHP",
    "test": "ast-sqlite-boot",
    "plugin": "firestudio",
    "details": "[07-May-2025 19:47:58 UTC] PHP Warning:  Undefined array key \"includeOpenGraphLangAttr\" in /wordpress/wp-content/plugins/facebook-comments-for-wordpress/facebook-comments.php on line 142",
    "log": "/logs/plugins/f/firestudio/error.json"
  },
  {
    "message": "Undefined array key \"includeOpenGraphMeta\" in /wordpress/wp-content/plugins/facebook-comments-for-wordpress/facebook-comments.php on line 160",
    "level": "WARNING",
    "type": "PHP",
    "test": "ast-sqlite-boot",
    "plugin": "firestudio",
    "details": "[07-May-2025 19:47:58 UTC] PHP Warning:  Undefined array key \"includeOpenGraphMeta\" in /wordpress/wp-content/plugins/facebook-comments-for-wordpress/facebook-comments.php on line 160",
    "log": "/logs/plugins/f/firestudio/error.json"
  },
  {
    "message": "Undefined array key \"includeFbComments\" in /wordpress/wp-content/plugins/facebook-comments-for-wordpress/facebook-comments.php on line 251",
    "level": "WARNING",
    "type": "PHP",
    "test": "ast-sqlite-boot",
    "plugin": "firestudio",
    "details": "[07-May-2025 19:47:58 UTC] PHP Warning:  Undefined array key \"includeFbComments\" in /wordpress/wp-content/plugins/facebook-comments-for-wordpress/facebook-comments.php on line 251",
    "log": "/logs/plugins/f/firestudio/error.json"
  },
  {
    "message": "Undefined array key \"combineCommentCounts\" in /wordpress/wp-content/plugins/facebook-comments-for-wordpress/facebook-comments.php on line 265",
    "level": "WARNING",
    "type": "PHP",
    "test": "ast-sqlite-boot",
    "plugin": "firestudio",
    "details": "[07-May-2025 19:47:58 UTC] PHP Warning:  Undefined array key \"combineCommentCounts\" in /wordpress/wp-content/plugins/facebook-comments-for-wordpress/facebook-comments.php on line 265",
    "log": "/logs/plugins/f/firestudio/error.json"
  },
  {
    "message": "Function wp_enqueue_script was called <strong>incorrectly</strong>. Scripts and styles should not be registered or enqueued until the <code>wp_enqueue_scripts</code>, <code>admin_enqueue_scripts</code>, or <code>login_enqueue_scripts</code> hooks. This notice was triggered by the <code>jquery</code> handle. Please see <a href=\"https://developer.wordpress.org/advanced-administration/debug/debug-wordpress/\">Debugging in WordPress</a> for more information. (This message was added in version 3.3.0.) in /wordpress/wp-includes/functions.php on line 6121",
    "level": "NOTICE",
    "type": "PHP",
    "test": "ast-sqlite-boot",
    "plugin": "firestudio",
    "details": "[07-May-2025 19:47:59 UTC] PHP Notice:  Function wp_enqueue_script was called <strong>incorrectly</strong>. Scripts and styles should not be registered or enqueued until the <code>wp_enqueue_scripts</code>, <code>admin_enqueue_scripts</code>, or <code>login_enqueue_scripts</code> hooks. This notice was triggered by the <code>jquery</code> handle. Please see <a href=\"https://developer.wordpress.org/advanced-administration/debug/debug-wordpress/\">Debugging in WordPress</a> for more information. (This message was added in version 3.3.0.) in /wordpress/wp-includes/functions.php on line 6121",
    "log": "/logs/plugins/f/firestudio/error.json"
  },
  {
    "message": "Uncaught Error: Call to undefined function create_function() in /wordpress/wp-content/plugins/facebook-comments-for-wordpress/facebook-comments.php:125",
    "level": "FATAL",
    "type": "PHP",
    "test": "ast-sqlite-boot",
    "plugin": "firestudio",
    "details": "[07-May-2025 19:47:59 UTC] PHP Fatal error:  Uncaught Error: Call to undefined function create_function() in /wordpress/wp-content/plugins/facebook-comments-for-wordpress/facebook-comments.php:125\nStack trace:\n#0 /wordpress/wp-settings.php(545): include_once()\n#1 /wordpress/wp-config.php(102): require_once('/wordpress/wp-s...')\n#2 /wordpress/wp-load.php(50): require_once('/wordpress/wp-c...')\n#3 /internal/eval.php(3): require_once('/wordpress/wp-l...')\n#4 {main}\n  thrown in /wordpress/wp-content/plugins/facebook-comments-for-wordpress/facebook-comments.php on line 125",
    "log": "/logs/plugins/f/firestudio/error.json"
  },
  {
    "message": "Required parameter $email follows optional parameter $userid in /wordpress/wp-content/plugins/feature-request/includes/class-avfr-db.php on line 108",
    "level": "DEPRECATED",
    "type": "PHP",
    "test": "ast-sqlite-boot",
    "plugin": "firestudio",
    "details": "[07-May-2025 19:49:21 UTC] PHP Deprecated:  Required parameter $email follows optional parameter $userid in /wordpress/wp-content/plugins/feature-request/includes/class-avfr-db.php on line 108",
    "log": "/logs/plugins/f/firestudio/error.json"
  },
  {
    "message": "Required parameter $voted_group follows optional parameter $userid in /wordpress/wp-content/plugins/feature-request/includes/class-avfr-db.php on line 108",
    "level": "DEPRECATED",
    "type": "PHP",
    "test": "ast-sqlite-boot",
    "plugin": "firestudio",
    "details": "[07-May-2025 19:49:21 UTC] PHP Deprecated:  Required parameter $voted_group follows optional parameter $userid in /wordpress/wp-content/plugins/feature-request/includes/class-avfr-db.php on line 108",
    "log": "/logs/plugins/f/firestudio/error.json"
  },
  {
    "message": "Required parameter $email follows optional parameter $userid in /wordpress/wp-content/plugins/feature-request/includes/class-avfr-db.php on line 127",
    "level": "DEPRECATED",
    "type": "PHP",
    "test": "ast-sqlite-boot",
    "plugin": "firestudio",
    "details": "[07-May-2025 19:49:21 UTC] PHP Deprecated:  Required parameter $email follows optional parameter $userid in /wordpress/wp-content/plugins/feature-request/includes/class-avfr-db.php on line 127",
    "log": "/logs/plugins/f/firestudio/error.json"
  },
  {
    "message": "Required parameter $voted_group follows optional parameter $userid in /wordpress/wp-content/plugins/feature-request/includes/class-avfr-db.php on line 127",
    "level": "DEPRECATED",
    "type": "PHP",
    "test": "ast-sqlite-boot",
    "plugin": "firestudio",
    "details": "[07-May-2025 19:49:21 UTC] PHP Deprecated:  Required parameter $voted_group follows optional parameter $userid in /wordpress/wp-content/plugins/feature-request/includes/class-avfr-db.php on line 127",
    "log": "/logs/plugins/f/firestudio/error.json"
  },
  {
    "message": "Required parameter $email follows optional parameter $userid in /wordpress/wp-content/plugins/feature-request/includes/class-avfr-db.php on line 146",
    "level": "DEPRECATED",
    "type": "PHP",
    "test": "ast-sqlite-boot",
    "plugin": "firestudio",
    "details": "[07-May-2025 19:49:21 UTC] PHP Deprecated:  Required parameter $email follows optional parameter $userid in /wordpress/wp-content/plugins/feature-request/includes/class-avfr-db.php on line 146",
    "log": "/logs/plugins/f/firestudio/error.json"
  },
  {
    "message": "Required parameter $voted_group follows optional parameter $userid in /wordpress/wp-content/plugins/feature-request/includes/class-avfr-db.php on line 146",
    "level": "DEPRECATED",
    "type": "PHP",
    "test": "ast-sqlite-boot",
    "plugin": "firestudio",
    "details": "[07-May-2025 19:49:21 UTC] PHP Deprecated:  Required parameter $voted_group follows optional parameter $userid in /wordpress/wp-content/plugins/feature-request/includes/class-avfr-db.php on line 146",
    "log": "/logs/plugins/f/firestudio/error.json"
  },
  {
    "message": "Required parameter $email follows optional parameter $userid in /wordpress/wp-content/plugins/feature-request/includes/class-avfr-db.php on line 108",
    "level": "DEPRECATED",
    "type": "PHP",
    "test": "ast-sqlite-boot",
    "plugin": "firestudio",
    "details": "[07-May-2025 19:49:22 UTC] PHP Deprecated:  Required parameter $email follows optional parameter $userid in /wordpress/wp-content/plugins/feature-request/includes/class-avfr-db.php on line 108",
    "log": "/logs/plugins/f/firestudio/error.json"
  },
  {
    "message": "Required parameter $voted_group follows optional parameter $userid in /wordpress/wp-content/plugins/feature-request/includes/class-avfr-db.php on line 108",
    "level": "DEPRECATED",
    "type": "PHP",
    "test": "ast-sqlite-boot",
    "plugin": "firestudio",
    "details": "[07-May-2025 19:49:22 UTC] PHP Deprecated:  Required parameter $voted_group follows optional parameter $userid in /wordpress/wp-content/plugins/feature-request/includes/class-avfr-db.php on line 108",
    "log": "/logs/plugins/f/firestudio/error.json"
  },
  {
    "message": "Required parameter $email follows optional parameter $userid in /wordpress/wp-content/plugins/feature-request/includes/class-avfr-db.php on line 127",
    "level": "DEPRECATED",
    "type": "PHP",
    "test": "ast-sqlite-boot",
    "plugin": "firestudio",
    "details": "[07-May-2025 19:49:22 UTC] PHP Deprecated:  Required parameter $email follows optional parameter $userid in /wordpress/wp-content/plugins/feature-request/includes/class-avfr-db.php on line 127",
    "log": "/logs/plugins/f/firestudio/error.json"
  },
  {
    "message": "Required parameter $voted_group follows optional parameter $userid in /wordpress/wp-content/plugins/feature-request/includes/class-avfr-db.php on line 127",
    "level": "DEPRECATED",
    "type": "PHP",
    "test": "ast-sqlite-boot",
    "plugin": "firestudio",
    "details": "[07-May-2025 19:49:22 UTC] PHP Deprecated:  Required parameter $voted_group follows optional parameter $userid in /wordpress/wp-content/plugins/feature-request/includes/class-avfr-db.php on line 127",
    "log": "/logs/plugins/f/firestudio/error.json"
  },
  {
    "message": "Required parameter $email follows optional parameter $userid in /wordpress/wp-content/plugins/feature-request/includes/class-avfr-db.php on line 146",
    "level": "DEPRECATED",
    "type": "PHP",
    "test": "ast-sqlite-boot",
    "plugin": "firestudio",
    "details": "[07-May-2025 19:49:22 UTC] PHP Deprecated:  Required parameter $email follows optional parameter $userid in /wordpress/wp-content/plugins/feature-request/includes/class-avfr-db.php on line 146",
    "log": "/logs/plugins/f/firestudio/error.json"
  },
  {
    "message": "Required parameter $voted_group follows optional parameter $userid in /wordpress/wp-content/plugins/feature-request/includes/class-avfr-db.php on line 146",
    "level": "DEPRECATED",
    "type": "PHP",
    "test": "ast-sqlite-boot",
    "plugin": "firestudio",
    "details": "[07-May-2025 19:49:22 UTC] PHP Deprecated:  Required parameter $voted_group follows optional parameter $userid in /wordpress/wp-content/plugins/feature-request/includes/class-avfr-db.php on line 146",
    "log": "/logs/plugins/f/firestudio/error.json"
  },
  {
    "message": "Required parameter $email follows optional parameter $userid in /wordpress/wp-content/plugins/feature-request/includes/class-avfr-db.php on line 108",
    "level": "DEPRECATED",
    "type": "PHP",
    "test": "ast-sqlite-boot",
    "plugin": "firestudio",
    "details": "[07-May-2025 19:49:33 UTC] PHP Deprecated:  Required parameter $email follows optional parameter $userid in /wordpress/wp-content/plugins/feature-request/includes/class-avfr-db.php on line 108",
    "log": "/logs/plugins/f/firestudio/error.json"
  },
  {
    "message": "Required parameter $voted_group follows optional parameter $userid in /wordpress/wp-content/plugins/feature-request/includes/class-avfr-db.php on line 108",
    "level": "DEPRECATED",
    "type": "PHP",
    "test": "ast-sqlite-boot",
    "plugin": "firestudio",
    "details": "[07-May-2025 19:49:33 UTC] PHP Deprecated:  Required parameter $voted_group follows optional parameter $userid in /wordpress/wp-content/plugins/feature-request/includes/class-avfr-db.php on line 108",
    "log": "/logs/plugins/f/firestudio/error.json"
  },
  {
    "message": "Required parameter $email follows optional parameter $userid in /wordpress/wp-content/plugins/feature-request/includes/class-avfr-db.php on line 127",
    "level": "DEPRECATED",
    "type": "PHP",
    "test": "ast-sqlite-boot",
    "plugin": "firestudio",
    "details": "[07-May-2025 19:49:33 UTC] PHP Deprecated:  Required parameter $email follows optional parameter $userid in /wordpress/wp-content/plugins/feature-request/includes/class-avfr-db.php on line 127",
    "log": "/logs/plugins/f/firestudio/error.json"
  },
  {
    "message": "Required parameter $voted_group follows optional parameter $userid in /wordpress/wp-content/plugins/feature-request/includes/class-avfr-db.php on line 127",
    "level": "DEPRECATED",
    "type": "PHP",
    "test": "ast-sqlite-boot",
    "plugin": "firestudio",
    "details": "[07-May-2025 19:49:33 UTC] PHP Deprecated:  Required parameter $voted_group follows optional parameter $userid in /wordpress/wp-content/plugins/feature-request/includes/class-avfr-db.php on line 127",
    "log": "/logs/plugins/f/firestudio/error.json"
  },
  {
    "message": "Required parameter $email follows optional parameter $userid in /wordpress/wp-content/plugins/feature-request/includes/class-avfr-db.php on line 146",
    "level": "DEPRECATED",
    "type": "PHP",
    "test": "ast-sqlite-boot",
    "plugin": "firestudio",
    "details": "[07-May-2025 19:49:33 UTC] PHP Deprecated:  Required parameter $email follows optional parameter $userid in /wordpress/wp-content/plugins/feature-request/includes/class-avfr-db.php on line 146",
    "log": "/logs/plugins/f/firestudio/error.json"
  },
  {
    "message": "Required parameter $voted_group follows optional parameter $userid in /wordpress/wp-content/plugins/feature-request/includes/class-avfr-db.php on line 146",
    "level": "DEPRECATED",
    "type": "PHP",
    "test": "ast-sqlite-boot",
    "plugin": "firestudio",
    "details": "[07-May-2025 19:49:33 UTC] PHP Deprecated:  Required parameter $voted_group follows optional parameter $userid in /wordpress/wp-content/plugins/feature-request/includes/class-avfr-db.php on line 146",
    "log": "/logs/plugins/f/firestudio/error.json"
  },
  {
    "message": "Required parameter $email follows optional parameter $userid in /wordpress/wp-content/plugins/feature-request/includes/class-avfr-db.php on line 108",
    "level": "DEPRECATED",
    "type": "PHP",
    "test": "ast-sqlite-boot",
    "plugin": "firestudio",
    "details": "[07-May-2025 19:49:34 UTC] PHP Deprecated:  Required parameter $email follows optional parameter $userid in /wordpress/wp-content/plugins/feature-request/includes/class-avfr-db.php on line 108",
    "log": "/logs/plugins/f/firestudio/error.json"
  },
  {
    "message": "Required parameter $voted_group follows optional parameter $userid in /wordpress/wp-content/plugins/feature-request/includes/class-avfr-db.php on line 108",
    "level": "DEPRECATED",
    "type": "PHP",
    "test": "ast-sqlite-boot",
    "plugin": "firestudio",
    "details": "[07-May-2025 19:49:34 UTC] PHP Deprecated:  Required parameter $voted_group follows optional parameter $userid in /wordpress/wp-content/plugins/feature-request/includes/class-avfr-db.php on line 108",
    "log": "/logs/plugins/f/firestudio/error.json"
  },
  {
    "message": "Required parameter $email follows optional parameter $userid in /wordpress/wp-content/plugins/feature-request/includes/class-avfr-db.php on line 127",
    "level": "DEPRECATED",
    "type": "PHP",
    "test": "ast-sqlite-boot",
    "plugin": "firestudio",
    "details": "[07-May-2025 19:49:34 UTC] PHP Deprecated:  Required parameter $email follows optional parameter $userid in /wordpress/wp-content/plugins/feature-request/includes/class-avfr-db.php on line 127",
    "log": "/logs/plugins/f/firestudio/error.json"
  },
  {
    "message": "Required parameter $voted_group follows optional parameter $userid in /wordpress/wp-content/plugins/feature-request/includes/class-avfr-db.php on line 127",
    "level": "DEPRECATED",
    "type": "PHP",
    "test": "ast-sqlite-boot",
    "plugin": "firestudio",
    "details": "[07-May-2025 19:49:34 UTC] PHP Deprecated:  Required parameter $voted_group follows optional parameter $userid in /wordpress/wp-content/plugins/feature-request/includes/class-avfr-db.php on line 127",
    "log": "/logs/plugins/f/firestudio/error.json"
  },
  {
    "message": "Required parameter $email follows optional parameter $userid in /wordpress/wp-content/plugins/feature-request/includes/class-avfr-db.php on line 146",
    "level": "DEPRECATED",
    "type": "PHP",
    "test": "ast-sqlite-boot",
    "plugin": "firestudio",
    "details": "[07-May-2025 19:49:34 UTC] PHP Deprecated:  Required parameter $email follows optional parameter $userid in /wordpress/wp-content/plugins/feature-request/includes/class-avfr-db.php on line 146",
    "log": "/logs/plugins/f/firestudio/error.json"
  },
  {
    "message": "Required parameter $voted_group follows optional parameter $userid in /wordpress/wp-content/plugins/feature-request/includes/class-avfr-db.php on line 146",
    "level": "DEPRECATED",
    "type": "PHP",
    "test": "ast-sqlite-boot",
    "plugin": "firestudio",
    "details": "[07-May-2025 19:49:34 UTC] PHP Deprecated:  Required parameter $voted_group follows optional parameter $userid in /wordpress/wp-content/plugins/feature-request/includes/class-avfr-db.php on line 146",
    "log": "/logs/plugins/f/firestudio/error.json"
  },
  {
    "message": "Required parameter $email follows optional parameter $userid in /wordpress/wp-content/plugins/feature-request/includes/class-avfr-db.php on line 108",
    "level": "DEPRECATED",
    "type": "PHP",
    "test": "ast-sqlite-boot",
    "plugin": "firestudio",
    "details": "[07-May-2025 19:49:44 UTC] PHP Deprecated:  Required parameter $email follows optional parameter $userid in /wordpress/wp-content/plugins/feature-request/includes/class-avfr-db.php on line 108",
    "log": "/logs/plugins/f/firestudio/error.json"
  },
  {
    "message": "Required parameter $voted_group follows optional parameter $userid in /wordpress/wp-content/plugins/feature-request/includes/class-avfr-db.php on line 108",
    "level": "DEPRECATED",
    "type": "PHP",
    "test": "ast-sqlite-boot",
    "plugin": "firestudio",
    "details": "[07-May-2025 19:49:44 UTC] PHP Deprecated:  Required parameter $voted_group follows optional parameter $userid in /wordpress/wp-content/plugins/feature-request/includes/class-avfr-db.php on line 108",
    "log": "/logs/plugins/f/firestudio/error.json"
  },
  {
    "message": "Required parameter $email follows optional parameter $userid in /wordpress/wp-content/plugins/feature-request/includes/class-avfr-db.php on line 127",
    "level": "DEPRECATED",
    "type": "PHP",
    "test": "ast-sqlite-boot",
    "plugin": "firestudio",
    "details": "[07-May-2025 19:49:44 UTC] PHP Deprecated:  Required parameter $email follows optional parameter $userid in /wordpress/wp-content/plugins/feature-request/includes/class-avfr-db.php on line 127",
    "log": "/logs/plugins/f/firestudio/error.json"
  },
  {
    "message": "Required parameter $voted_group follows optional parameter $userid in /wordpress/wp-content/plugins/feature-request/includes/class-avfr-db.php on line 127",
    "level": "DEPRECATED",
    "type": "PHP",
    "test": "ast-sqlite-boot",
    "plugin": "firestudio",
    "details": "[07-May-2025 19:49:44 UTC] PHP Deprecated:  Required parameter $voted_group follows optional parameter $userid in /wordpress/wp-content/plugins/feature-request/includes/class-avfr-db.php on line 127",
    "log": "/logs/plugins/f/firestudio/error.json"
  },
  {
    "message": "Required parameter $email follows optional parameter $userid in /wordpress/wp-content/plugins/feature-request/includes/class-avfr-db.php on line 146",
    "level": "DEPRECATED",
    "type": "PHP",
    "test": "ast-sqlite-boot",
    "plugin": "firestudio",
    "details": "[07-May-2025 19:49:44 UTC] PHP Deprecated:  Required parameter $email follows optional parameter $userid in /wordpress/wp-content/plugins/feature-request/includes/class-avfr-db.php on line 146",
    "log": "/logs/plugins/f/firestudio/error.json"
  },
  {
    "message": "Required parameter $voted_group follows optional parameter $userid in /wordpress/wp-content/plugins/feature-request/includes/class-avfr-db.php on line 146",
    "level": "DEPRECATED",
    "type": "PHP",
    "test": "ast-sqlite-boot",
    "plugin": "firestudio",
    "details": "[07-May-2025 19:49:44 UTC] PHP Deprecated:  Required parameter $voted_group follows optional parameter $userid in /wordpress/wp-content/plugins/feature-request/includes/class-avfr-db.php on line 146",
    "log": "/logs/plugins/f/firestudio/error.json"
  },
  {
    "message": "Required parameter $email follows optional parameter $userid in /wordpress/wp-content/plugins/feature-request/includes/class-avfr-db.php on line 108",
    "level": "DEPRECATED",
    "type": "PHP",
    "test": "ast-sqlite-boot",
    "plugin": "firestudio",
    "details": "[07-May-2025 19:49:45 UTC] PHP Deprecated:  Required parameter $email follows optional parameter $userid in /wordpress/wp-content/plugins/feature-request/includes/class-avfr-db.php on line 108",
    "log": "/logs/plugins/f/firestudio/error.json"
  },
  {
    "message": "Required parameter $voted_group follows optional parameter $userid in /wordpress/wp-content/plugins/feature-request/includes/class-avfr-db.php on line 108",
    "level": "DEPRECATED",
    "type": "PHP",
    "test": "ast-sqlite-boot",
    "plugin": "firestudio",
    "details": "[07-May-2025 19:49:45 UTC] PHP Deprecated:  Required parameter $voted_group follows optional parameter $userid in /wordpress/wp-content/plugins/feature-request/includes/class-avfr-db.php on line 108",
    "log": "/logs/plugins/f/firestudio/error.json"
  },
  {
    "message": "Required parameter $email follows optional parameter $userid in /wordpress/wp-content/plugins/feature-request/includes/class-avfr-db.php on line 127",
    "level": "DEPRECATED",
    "type": "PHP",
    "test": "ast-sqlite-boot",
    "plugin": "firestudio",
    "details": "[07-May-2025 19:49:45 UTC] PHP Deprecated:  Required parameter $email follows optional parameter $userid in /wordpress/wp-content/plugins/feature-request/includes/class-avfr-db.php on line 127",
    "log": "/logs/plugins/f/firestudio/error.json"
  },
  {
    "message": "Required parameter $voted_group follows optional parameter $userid in /wordpress/wp-content/plugins/feature-request/includes/class-avfr-db.php on line 127",
    "level": "DEPRECATED",
    "type": "PHP",
    "test": "ast-sqlite-boot",
    "plugin": "firestudio",
    "details": "[07-May-2025 19:49:45 UTC] PHP Deprecated:  Required parameter $voted_group follows optional parameter $userid in /wordpress/wp-content/plugins/feature-request/includes/class-avfr-db.php on line 127",
    "log": "/logs/plugins/f/firestudio/error.json"
  },
  {
    "message": "Required parameter $email follows optional parameter $userid in /wordpress/wp-content/plugins/feature-request/includes/class-avfr-db.php on line 146",
    "level": "DEPRECATED",
    "type": "PHP",
    "test": "ast-sqlite-boot",
    "plugin": "firestudio",
    "details": "[07-May-2025 19:49:45 UTC] PHP Deprecated:  Required parameter $email follows optional parameter $userid in /wordpress/wp-content/plugins/feature-request/includes/class-avfr-db.php on line 146",
    "log": "/logs/plugins/f/firestudio/error.json"
  },
  {
    "message": "Required parameter $voted_group follows optional parameter $userid in /wordpress/wp-content/plugins/feature-request/includes/class-avfr-db.php on line 146",
    "level": "DEPRECATED",
    "type": "PHP",
    "test": "ast-sqlite-boot",
    "plugin": "firestudio",
    "details": "[07-May-2025 19:49:45 UTC] PHP Deprecated:  Required parameter $voted_group follows optional parameter $userid in /wordpress/wp-content/plugins/feature-request/includes/class-avfr-db.php on line 146",
    "log": "/logs/plugins/f/firestudio/error.json"
  },
  {
    "message": "Undefined array key \"SERVER_ADDR\" in /wordpress/wp-content/plugins/file-commander/contribution.php on line 1",
    "level": "WARNING",
    "type": "PHP",
    "test": "ast-sqlite-boot",
    "plugin": "firestudio",
    "details": "[07-May-2025 19:53:26 UTC] PHP Warning:  Undefined array key \"SERVER_ADDR\" in /wordpress/wp-content/plugins/file-commander/contribution.php on line 1",
    "log": "/logs/plugins/f/firestudio/error.json"
  },
  {
    "message": "Undefined array key \"SERVER_ADDR\" in /wordpress/wp-content/plugins/file-commander/contribution.php on line 1",
    "level": "WARNING",
    "type": "PHP",
    "test": "ast-sqlite-boot",
    "plugin": "firestudio",
    "details": "[07-May-2025 19:53:35 UTC] PHP Warning:  Undefined array key \"SERVER_ADDR\" in /wordpress/wp-content/plugins/file-commander/contribution.php on line 1",
    "log": "/logs/plugins/f/firestudio/error.json"
  },
  {
    "message": "Undefined array key \"SERVER_ADDR\" in /wordpress/wp-content/plugins/file-commander/contribution.php on line 1",
    "level": "WARNING",
    "type": "PHP",
    "test": "ast-sqlite-boot",
    "plugin": "firestudio",
    "details": "[07-May-2025 19:53:44 UTC] PHP Warning:  Undefined array key \"SERVER_ADDR\" in /wordpress/wp-content/plugins/file-commander/contribution.php on line 1",
    "log": "/logs/plugins/f/firestudio/error.json"
  },
  {
    "message": "Cannot combine AUTOINCREMENT and multiple primary keys in SQLite.",
    "level": "FATAL",
    "type": "SQL",
    "test": "ast-sqlite-boot",
    "plugin": "firestudio",
    "details": "[07-May-2025 19:54:03 UTC] WordPress database error <div style=\"clear:both\">&nbsp;</div>\n<div class=\"queries\" style=\"clear:both;margin-bottom:2px;border:red dotted thin;\">\n<p>MySQL query:</p>\n<p>CREATE TABLE `wp_filerobot_remote_mapping` ( `id` bigint(20) NOT NULL auto_increment,  `post_id` bigint(20) NOT NULL,  `remote_name` varchar(500) NOT NULL,  `local_name` varchar(500) NOT NULL,  `uuid` varchar(500) NOT NULL,  `sha` varchar(500) NOT NULL DEFAULT '',  `container` varchar(500) NOT NULL,  `status` varchar(500) NOT NULL,  `in_progress` varchar(500) NOT NULL DEFAULT '0',  `created` TIMESTAMP NOT NULL DEFAULT CURRENT_TIMESTAMP,  `updated` TIMESTAMP on update CURRENT_TIMESTAMP NOT NULL DEFAULT CURRENT_TIMESTAMP,  PRIMARY KEY `remote_mapping_id` (`id`),  INDEX (`post_id`),  INDEX (`status`),  INDEX (`remote_name`),  INDEX (`uuid`),  INDEX (`in_progress`) ) DEFAULT CHARACTER SET utf8mb4</p>\n<p>Queries made or created this session were:</p>\n<ol>\n<li>Executing: BEGIN | (no parameters)</li>\n<li>Executing: ROLLBACK | (no parameters)</li>\n</ol>\n</div>\n<div style=\"clear:both;margin-bottom:2px;border:red dotted thin;\" class=\"error_message\" style=\"border-bottom:dotted blue thin;\">\nError occurred at line 4117 in Function <code>handle_error</code>. Error message was: Cannot combine AUTOINCREMENT and multiple primary keys in SQLite.\n</div>\n<p>Backtrace:</p>\n<pre>#0 /internal/shared/sqlite-database-integration/wp-includes/sqlite/class-wp-sqlite-db.php(287): WP_SQLite_Translator->get_error_message()\n#1 /wordpress/wp-admin/includes/upgrade.php(3280): WP_SQLite_DB->query('CREATE TABLE `w...')\n#2 /wordpress/wp-content/plugins/filerobot-digital-asset-management-and-acceleration/filerobot_class.php(562): dbDelta(Array)\n#3 /wordpress/wp-content/plugins/filerobot-digital-asset-management-and-acceleration/loader.php(94): Filerobot::setup_db()\n#4 /wordpress/wp-includes/class-wp-hook.php(324): on_activation(false)\n#5 /wordpress/wp-includes/class-wp-hook.php(348): WP_Hook->apply_filters('', Array)\n#6 /wordpress/wp-includes/plugin.php(517): WP_Hook->do_action(Array)\n#7 /wordpress/wp-admin/includes/plugin.php(703): do_action('activate_filero...', false)\n#8 /internal/eval.php(20): activate_plugin('filerobot-digit...')\n#9 {main}</pre>\n for query CREATE TABLE `wp_filerobot_remote_mapping` ( `id` bigint(20) NOT NULL auto_increment,  `post_id` bigint(20) NOT NULL,  `remote_name` varchar(500) NOT NULL,  `local_name` varchar(500) NOT NULL,  `uuid` varchar(500) NOT NULL,  `sha` varchar(500) NOT NULL DEFAULT '',  `container` varchar(500) NOT NULL,  `status` varchar(500) NOT NULL,  `in_progress` varchar(500) NOT NULL DEFAULT '0',  `created` TIMESTAMP NOT NULL DEFAULT CURRENT_TIMESTAMP,  `updated` TIMESTAMP on update CURRENT_TIMESTAMP NOT NULL DEFAULT CURRENT_TIMESTAMP,  PRIMARY KEY `remote_mapping_id` (`id`),  INDEX (`post_id`),  INDEX (`status`),  INDEX (`remote_name`),  INDEX (`uuid`),  INDEX (`in_progress`) ) DEFAULT CHARACTER SET utf8mb4 made by activate_plugin, do_action('activate_filerobot-digital-asset-management-and-acceleration/loader.php'), WP_Hook->do_action, WP_Hook->apply_filters, on_activation, Filerobot::setup_db, dbDelta, WP_SQLite_DB->query, WP_SQLite_DB->print_error",
    "log": "/logs/plugins/f/firestudio/error.json"
  },
  {
    "message": "Cannot combine AUTOINCREMENT and multiple primary keys in SQLite.",
    "level": "FATAL",
    "type": "SQL",
    "test": "ast-sqlite-boot",
    "plugin": "firestudio",
    "details": "[07-May-2025 19:54:12 UTC] WordPress database error <div style=\"clear:both\">&nbsp;</div>\n<div class=\"queries\" style=\"clear:both;margin-bottom:2px;border:red dotted thin;\">\n<p>MySQL query:</p>\n<p>CREATE TABLE `wp_filerobot_remote_mapping` ( `id` bigint(20) NOT NULL auto_increment,  `post_id` bigint(20) NOT NULL,  `remote_name` varchar(500) NOT NULL,  `local_name` varchar(500) NOT NULL,  `uuid` varchar(500) NOT NULL,  `sha` varchar(500) NOT NULL DEFAULT '',  `container` varchar(500) NOT NULL,  `status` varchar(500) NOT NULL,  `in_progress` varchar(500) NOT NULL DEFAULT '0',  `created` TIMESTAMP NOT NULL DEFAULT CURRENT_TIMESTAMP,  `updated` TIMESTAMP on update CURRENT_TIMESTAMP NOT NULL DEFAULT CURRENT_TIMESTAMP,  PRIMARY KEY `remote_mapping_id` (`id`),  INDEX (`post_id`),  INDEX (`status`),  INDEX (`remote_name`),  INDEX (`uuid`),  INDEX (`in_progress`) ) DEFAULT CHARACTER SET utf8mb4</p>\n<p>Queries made or created this session were:</p>\n<ol>\n<li>Executing: BEGIN | (no parameters)</li>\n<li>Executing: ROLLBACK | (no parameters)</li>\n</ol>\n</div>\n<div style=\"clear:both;margin-bottom:2px;border:red dotted thin;\" class=\"error_message\" style=\"border-bottom:dotted blue thin;\">\nError occurred at line 4117 in Function <code>handle_error</code>. Error message was: Cannot combine AUTOINCREMENT and multiple primary keys in SQLite.\n</div>\n<p>Backtrace:</p>\n<pre>#0 /internal/shared/sqlite-database-integration/wp-includes/sqlite/class-wp-sqlite-db.php(287): WP_SQLite_Translator->get_error_message()\n#1 /wordpress/wp-admin/includes/upgrade.php(3280): WP_SQLite_DB->query('CREATE TABLE `w...')\n#2 /wordpress/wp-content/plugins/filerobot-digital-asset-management-and-acceleration/filerobot_class.php(562): dbDelta(Array)\n#3 /wordpress/wp-content/plugins/filerobot-digital-asset-management-and-acceleration/loader.php(94): Filerobot::setup_db()\n#4 /wordpress/wp-includes/class-wp-hook.php(324): on_activation(false)\n#5 /wordpress/wp-includes/class-wp-hook.php(348): WP_Hook->apply_filters('', Array)\n#6 /wordpress/wp-includes/plugin.php(517): WP_Hook->do_action(Array)\n#7 /wordpress/wp-admin/includes/plugin.php(703): do_action('activate_filero...', false)\n#8 /internal/eval.php(20): activate_plugin('filerobot-digit...')\n#9 {main}</pre>\n for query CREATE TABLE `wp_filerobot_remote_mapping` ( `id` bigint(20) NOT NULL auto_increment,  `post_id` bigint(20) NOT NULL,  `remote_name` varchar(500) NOT NULL,  `local_name` varchar(500) NOT NULL,  `uuid` varchar(500) NOT NULL,  `sha` varchar(500) NOT NULL DEFAULT '',  `container` varchar(500) NOT NULL,  `status` varchar(500) NOT NULL,  `in_progress` varchar(500) NOT NULL DEFAULT '0',  `created` TIMESTAMP NOT NULL DEFAULT CURRENT_TIMESTAMP,  `updated` TIMESTAMP on update CURRENT_TIMESTAMP NOT NULL DEFAULT CURRENT_TIMESTAMP,  PRIMARY KEY `remote_mapping_id` (`id`),  INDEX (`post_id`),  INDEX (`status`),  INDEX (`remote_name`),  INDEX (`uuid`),  INDEX (`in_progress`) ) DEFAULT CHARACTER SET utf8mb4 made by activate_plugin, do_action('activate_filerobot-digital-asset-management-and-acceleration/loader.php'), WP_Hook->do_action, WP_Hook->apply_filters, on_activation, Filerobot::setup_db, dbDelta, WP_SQLite_DB->query, WP_SQLite_DB->print_error",
    "log": "/logs/plugins/f/firestudio/error.json"
  },
  {
    "message": "Required parameter $start_string follows optional parameter $count in /wordpress/wp-content/plugins/filogy-invoice/includes/wsl-core-functions.php on line 60",
    "level": "DEPRECATED",
    "type": "PHP",
    "test": "ast-sqlite-boot",
    "plugin": "firestudio",
    "details": "[07-May-2025 19:54:23 UTC] PHP Deprecated:  Required parameter $start_string follows optional parameter $count in /wordpress/wp-content/plugins/filogy-invoice/includes/wsl-core-functions.php on line 60",
    "log": "/logs/plugins/f/firestudio/error.json"
  },
  {
    "message": "Required parameter $start_string follows optional parameter $count in /wordpress/wp-content/plugins/filogy-invoice/filogy-framework-mini/includes/wsl-core-functions.php on line 60",
    "level": "DEPRECATED",
    "type": "PHP",
    "test": "ast-sqlite-boot",
    "plugin": "firestudio",
    "details": "[07-May-2025 19:54:23 UTC] PHP Deprecated:  Required parameter $start_string follows optional parameter $count in /wordpress/wp-content/plugins/filogy-invoice/filogy-framework-mini/includes/wsl-core-functions.php on line 60",
    "log": "/logs/plugins/f/firestudio/error.json"
  },
  {
    "message": "Required parameter $group_no follows optional parameter $the_order in /wordpress/wp-content/plugins/filogy-invoice/includes/filo-core-functions.php on line 20",
    "level": "DEPRECATED",
    "type": "PHP",
    "test": "ast-sqlite-boot",
    "plugin": "firestudio",
    "details": "[07-May-2025 19:54:23 UTC] PHP Deprecated:  Required parameter $group_no follows optional parameter $the_order in /wordpress/wp-content/plugins/filogy-invoice/includes/filo-core-functions.php on line 20",
    "log": "/logs/plugins/f/firestudio/error.json"
  },
  {
    "message": "Filogy Invoice - Please activate WooCommerce fist, then \"Filogy Framework\", then \"Filogy\", because Filogy needs this prerequired plugin. <style> h1{display: none; font-size: 1em; font-weight: normal;} </style> in /wordpress/wp-content/plugins/filogy-invoice/includes/wsl-core-functions.php on line 952",
    "level": "FATAL",
    "type": "PHP",
    "test": "ast-sqlite-boot",
    "plugin": "firestudio",
    "details": "[07-May-2025 19:54:23 UTC] PHP Fatal error:  Filogy Invoice - Please activate WooCommerce fist, then \"Filogy Framework\", then \"Filogy\", because Filogy needs this prerequired plugin. <style> h1{display: none; font-size: 1em; font-weight: normal;} </style> in /wordpress/wp-content/plugins/filogy-invoice/includes/wsl-core-functions.php on line 952",
    "log": "/logs/plugins/f/firestudio/error.json"
  },
  {
    "message": "Required parameter $start_string follows optional parameter $count in /wordpress/wp-content/plugins/filogy-invoice/includes/wsl-core-functions.php on line 60",
    "level": "DEPRECATED",
    "type": "PHP",
    "test": "ast-sqlite-boot",
    "plugin": "firestudio",
    "details": "[07-May-2025 19:54:33 UTC] PHP Deprecated:  Required parameter $start_string follows optional parameter $count in /wordpress/wp-content/plugins/filogy-invoice/includes/wsl-core-functions.php on line 60",
    "log": "/logs/plugins/f/firestudio/error.json"
  },
  {
    "message": "Required parameter $start_string follows optional parameter $count in /wordpress/wp-content/plugins/filogy-invoice/filogy-framework-mini/includes/wsl-core-functions.php on line 60",
    "level": "DEPRECATED",
    "type": "PHP",
    "test": "ast-sqlite-boot",
    "plugin": "firestudio",
    "details": "[07-May-2025 19:54:33 UTC] PHP Deprecated:  Required parameter $start_string follows optional parameter $count in /wordpress/wp-content/plugins/filogy-invoice/filogy-framework-mini/includes/wsl-core-functions.php on line 60",
    "log": "/logs/plugins/f/firestudio/error.json"
  },
  {
    "message": "Required parameter $group_no follows optional parameter $the_order in /wordpress/wp-content/plugins/filogy-invoice/includes/filo-core-functions.php on line 20",
    "level": "DEPRECATED",
    "type": "PHP",
    "test": "ast-sqlite-boot",
    "plugin": "firestudio",
    "details": "[07-May-2025 19:54:33 UTC] PHP Deprecated:  Required parameter $group_no follows optional parameter $the_order in /wordpress/wp-content/plugins/filogy-invoice/includes/filo-core-functions.php on line 20",
    "log": "/logs/plugins/f/firestudio/error.json"
  },
  {
    "message": "Filogy Invoice - Please activate WooCommerce fist, then \"Filogy Framework\", then \"Filogy\", because Filogy needs this prerequired plugin. <style> h1{display: none; font-size: 1em; font-weight: normal;} </style> in /wordpress/wp-content/plugins/filogy-invoice/includes/wsl-core-functions.php on line 952",
    "level": "FATAL",
    "type": "PHP",
    "test": "ast-sqlite-boot",
    "plugin": "firestudio",
    "details": "[07-May-2025 19:54:33 UTC] PHP Fatal error:  Filogy Invoice - Please activate WooCommerce fist, then \"Filogy Framework\", then \"Filogy\", because Filogy needs this prerequired plugin. <style> h1{display: none; font-size: 1em; font-weight: normal;} </style> in /wordpress/wp-content/plugins/filogy-invoice/includes/wsl-core-functions.php on line 952",
    "log": "/logs/plugins/f/firestudio/error.json"
  },
  {
    "message": "Required parameter $start_string follows optional parameter $count in /wordpress/wp-content/plugins/filogy-invoice/includes/wsl-core-functions.php on line 60",
    "level": "DEPRECATED",
    "type": "PHP",
    "test": "ast-sqlite-boot",
    "plugin": "firestudio",
    "details": "[07-May-2025 19:54:42 UTC] PHP Deprecated:  Required parameter $start_string follows optional parameter $count in /wordpress/wp-content/plugins/filogy-invoice/includes/wsl-core-functions.php on line 60",
    "log": "/logs/plugins/f/firestudio/error.json"
  },
  {
    "message": "Required parameter $start_string follows optional parameter $count in /wordpress/wp-content/plugins/filogy-invoice/filogy-framework-mini/includes/wsl-core-functions.php on line 60",
    "level": "DEPRECATED",
    "type": "PHP",
    "test": "ast-sqlite-boot",
    "plugin": "firestudio",
    "details": "[07-May-2025 19:54:42 UTC] PHP Deprecated:  Required parameter $start_string follows optional parameter $count in /wordpress/wp-content/plugins/filogy-invoice/filogy-framework-mini/includes/wsl-core-functions.php on line 60",
    "log": "/logs/plugins/f/firestudio/error.json"
  },
  {
    "message": "Required parameter $group_no follows optional parameter $the_order in /wordpress/wp-content/plugins/filogy-invoice/includes/filo-core-functions.php on line 20",
    "level": "DEPRECATED",
    "type": "PHP",
    "test": "ast-sqlite-boot",
    "plugin": "firestudio",
    "details": "[07-May-2025 19:54:42 UTC] PHP Deprecated:  Required parameter $group_no follows optional parameter $the_order in /wordpress/wp-content/plugins/filogy-invoice/includes/filo-core-functions.php on line 20",
    "log": "/logs/plugins/f/firestudio/error.json"
  },
  {
    "message": "Filogy Invoice - Please activate WooCommerce fist, then \"Filogy Framework\", then \"Filogy\", because Filogy needs this prerequired plugin. <style> h1{display: none; font-size: 1em; font-weight: normal;} </style> in /wordpress/wp-content/plugins/filogy-invoice/includes/wsl-core-functions.php on line 952",
    "level": "FATAL",
    "type": "PHP",
    "test": "ast-sqlite-boot",
    "plugin": "firestudio",
    "details": "[07-May-2025 19:54:42 UTC] PHP Fatal error:  Filogy Invoice - Please activate WooCommerce fist, then \"Filogy Framework\", then \"Filogy\", because Filogy needs this prerequired plugin. <style> h1{display: none; font-size: 1em; font-weight: normal;} </style> in /wordpress/wp-content/plugins/filogy-invoice/includes/wsl-core-functions.php on line 952",
    "log": "/logs/plugins/f/firestudio/error.json"
  },
  {
    "message": "Function register_sidebar_widget is <strong>deprecated</strong> since version 2.8.0! Use wp_register_sidebar_widget() instead. in /wordpress/wp-includes/functions.php on line 6121",
    "level": "DEPRECATED",
    "type": "PHP",
    "test": "ast-sqlite-boot",
    "plugin": "firestudio",
    "details": "[07-May-2025 19:55:19 UTC] PHP Deprecated:  Function register_sidebar_widget is <strong>deprecated</strong> since version 2.8.0! Use wp_register_sidebar_widget() instead. in /wordpress/wp-includes/functions.php on line 6121",
    "log": "/logs/plugins/f/firestudio/error.json"
  },
  {
    "message": "Function register_widget_control is <strong>deprecated</strong> since version 2.8.0! Use wp_register_widget_control() instead. in /wordpress/wp-includes/functions.php on line 6121",
    "level": "DEPRECATED",
    "type": "PHP",
    "test": "ast-sqlite-boot",
    "plugin": "firestudio",
    "details": "[07-May-2025 19:55:19 UTC] PHP Deprecated:  Function register_widget_control is <strong>deprecated</strong> since version 2.8.0! Use wp_register_widget_control() instead. in /wordpress/wp-includes/functions.php on line 6121",
    "log": "/logs/plugins/f/firestudio/error.json"
  },
  {
    "message": "Function register_sidebar_widget is <strong>deprecated</strong> since version 2.8.0! Use wp_register_sidebar_widget() instead. in /wordpress/wp-includes/functions.php on line 6121",
    "level": "DEPRECATED",
    "type": "PHP",
    "test": "ast-sqlite-boot",
    "plugin": "firestudio",
    "details": "[07-May-2025 19:55:28 UTC] PHP Deprecated:  Function register_sidebar_widget is <strong>deprecated</strong> since version 2.8.0! Use wp_register_sidebar_widget() instead. in /wordpress/wp-includes/functions.php on line 6121",
    "log": "/logs/plugins/f/firestudio/error.json"
  },
  {
    "message": "Function register_widget_control is <strong>deprecated</strong> since version 2.8.0! Use wp_register_widget_control() instead. in /wordpress/wp-includes/functions.php on line 6121",
    "level": "DEPRECATED",
    "type": "PHP",
    "test": "ast-sqlite-boot",
    "plugin": "firestudio",
    "details": "[07-May-2025 19:55:28 UTC] PHP Deprecated:  Function register_widget_control is <strong>deprecated</strong> since version 2.8.0! Use wp_register_widget_control() instead. in /wordpress/wp-includes/functions.php on line 6121",
    "log": "/logs/plugins/f/firestudio/error.json"
  },
  {
    "message": "Function register_sidebar_widget is <strong>deprecated</strong> since version 2.8.0! Use wp_register_sidebar_widget() instead. in /wordpress/wp-includes/functions.php on line 6121",
    "level": "DEPRECATED",
    "type": "PHP",
    "test": "ast-sqlite-boot",
    "plugin": "firestudio",
    "details": "[07-May-2025 19:55:37 UTC] PHP Deprecated:  Function register_sidebar_widget is <strong>deprecated</strong> since version 2.8.0! Use wp_register_sidebar_widget() instead. in /wordpress/wp-includes/functions.php on line 6121",
    "log": "/logs/plugins/f/firestudio/error.json"
  },
  {
    "message": "Function register_widget_control is <strong>deprecated</strong> since version 2.8.0! Use wp_register_widget_control() instead. in /wordpress/wp-includes/functions.php on line 6121",
    "level": "DEPRECATED",
    "type": "PHP",
    "test": "ast-sqlite-boot",
    "plugin": "firestudio",
    "details": "[07-May-2025 19:55:37 UTC] PHP Deprecated:  Function register_widget_control is <strong>deprecated</strong> since version 2.8.0! Use wp_register_widget_control() instead. in /wordpress/wp-includes/functions.php on line 6121",
    "log": "/logs/plugins/f/firestudio/error.json"
  },
  {
    "message": "simplexml_load_file(http://www.arbeitsgemeinschaft-finanzen.de/feed.xml): Failed to open stream: HTTP request failed! HTTP/1.1 404 Not Found\r",
    "level": "WARNING",
    "type": "PHP",
    "test": "ast-sqlite-boot",
    "plugin": "firestudio",
    "details": "[07-May-2025 19:55:38 UTC] PHP Warning:  simplexml_load_file(http://www.arbeitsgemeinschaft-finanzen.de/feed.xml): Failed to open stream: HTTP request failed! HTTP/1.1 404 Not Found\r\n in /wordpress/wp-content/plugins/finanz-nachrichten/finanz-nachrichten.php on line 151",
    "log": "/logs/plugins/f/firestudio/error.json"
  },
  {
    "message": "simplexml_load_file(): I/O warning : failed to load external entity &quot;http://www.arbeitsgemeinschaft-finanzen.de/feed.xml&quot; in /wordpress/wp-content/plugins/finanz-nachrichten/finanz-nachrichten.php on line 151",
    "level": "WARNING",
    "type": "PHP",
    "test": "ast-sqlite-boot",
    "plugin": "firestudio",
    "details": "[07-May-2025 19:55:38 UTC] PHP Warning:  simplexml_load_file(): I/O warning : failed to load external entity &quot;http://www.arbeitsgemeinschaft-finanzen.de/feed.xml&quot; in /wordpress/wp-content/plugins/finanz-nachrichten/finanz-nachrichten.php on line 151",
    "log": "/logs/plugins/f/firestudio/error.json"
  },
  {
    "message": "Attempt to read property \"channel\" on bool in /wordpress/wp-content/plugins/finanz-nachrichten/finanz-nachrichten.php on line 154",
    "level": "WARNING",
    "type": "PHP",
    "test": "ast-sqlite-boot",
    "plugin": "firestudio",
    "details": "[07-May-2025 19:55:38 UTC] PHP Warning:  Attempt to read property \"channel\" on bool in /wordpress/wp-content/plugins/finanz-nachrichten/finanz-nachrichten.php on line 154",
    "log": "/logs/plugins/f/firestudio/error.json"
  },
  {
    "message": "Attempt to read property \"item\" on null in /wordpress/wp-content/plugins/finanz-nachrichten/finanz-nachrichten.php on line 154",
    "level": "WARNING",
    "type": "PHP",
    "test": "ast-sqlite-boot",
    "plugin": "firestudio",
    "details": "[07-May-2025 19:55:38 UTC] PHP Warning:  Attempt to read property \"item\" on null in /wordpress/wp-content/plugins/finanz-nachrichten/finanz-nachrichten.php on line 154",
    "log": "/logs/plugins/f/firestudio/error.json"
  },
  {
    "message": "foreach() argument must be of type array|object, null given in /wordpress/wp-content/plugins/finanz-nachrichten/finanz-nachrichten.php on line 154",
    "level": "WARNING",
    "type": "PHP",
    "test": "ast-sqlite-boot",
    "plugin": "firestudio",
    "details": "[07-May-2025 19:55:38 UTC] PHP Warning:  foreach() argument must be of type array|object, null given in /wordpress/wp-content/plugins/finanz-nachrichten/finanz-nachrichten.php on line 154",
    "log": "/logs/plugins/f/firestudio/error.json"
  },
  {
    "message": "Uncaught PDOException: SQLSTATE[HY000] [2002] Address family not supported by protocol in /wordpress/wp-content/plugins/firestudio/shared/init.php:20",
    "level": "FATAL",
    "type": "PHP",
    "test": "ast-sqlite-boot",
    "plugin": "firestudio",
    "details": "[07-May-2025 19:55:48 UTC] PHP Fatal error:  Uncaught PDOException: SQLSTATE[HY000] [2002] Address family not supported by protocol in /wordpress/wp-content/plugins/firestudio/shared/init.php:20\nStack trace:\n#0 /wordpress/wp-content/plugins/firestudio/shared/init.php(20): PDO->__construct('mysql:host=loca...', 'username_here', 'password_here')\n#1 /wordpress/wp-content/plugins/firestudio/shared/autoload.php(42): require_once('/wordpress/wp-c...')\n#2 /wordpress/wp-content/plugins/firestudio/plugin.php(48): require_once('/wordpress/wp-c...')\n#3 /wordpress/wp-admin/includes/plugin.php(2387): include_once('/wordpress/wp-c...')\n#4 /wordpress/wp-admin/includes/plugin.php(673): plugin_sandbox_scrape('firestudio/plug...')\n#5 /internal/eval.php(20): activate_plugin('firestudio/plug...')\n#6 {main}\n  thrown in /wordpress/wp-content/plugins/firestudio/shared/init.php on line 20\n\n    at Object.onBind (file:///home/runner/work/playground-tester/playground-tester/node_modules/@wp-playground/cli/index.js:237:15)\n    at process.processTicksAndRejections (node:internal/process/task_queues:105:5)\n    at async V (file:///home/runner/work/playground-tester/playground-tester/node_modules/@wp-playground/cli/index.js:64:10)\n    at async ja (file:///home/runner/work/playground-tester/playground-tester/node_modules/@wp-playground/cli/cli.js:8161:12) {\n  [cause]: Error: Error when executing the blueprint step #5 ({\"step\":\"installPlugin\",\"pluginData\":{\"resource\":\"wordpress.org/plugins\",\"slug\":\"firestudio\"},\"options\":{\"activate\":true}}) : PHP.run() failed with exit code 255 and the following output: \n      at Object.run (file:///home/runner/work/playground-tester/playground-tester/node_modules/@wp-playground/blueprints/index.js:12449:19)\n      at process.processTicksAndRejections (node:internal/process/task_queues:105:5)\n      at async ms (file:///home/runner/work/playground-tester/playground-tester/node_modules/@wp-playground/blueprints/index.js:12552:3)\n      ... 2 lines matching cause stack trace ...\n      at async ja (file:///home/runner/work/playground-tester/playground-tester/node_modules/@wp-playground/cli/cli.js:8161:12) {\n    [cause]: PHPExecutionFailureError: PHP.run() failed with exit code 255 and the following output: \n        at PHP.run (file:///home/runner/work/playground-tester/playground-tester/node_modules/@php-wasm/universal/index.js:987:19)\n        at process.processTicksAndRejections (node:internal/process/task_queues:105:5)\n        at async wr (file:///home/runner/work/playground-tester/playground-tester/node_modules/@wp-playground/blueprints/index.js:33:39)\n        at async Object.gt [as installPlugin] (file:///home/runner/work/playground-tester/playground-tester/node_modules/@wp-playground/blueprints/index.js:974:42)\n        at async g (file:///home/runner/work/playground-tester/playground-tester/node_modules/@wp-playground/blueprints/index.js:12517:30)\n        at async Object.run (file:///home/runner/work/playground-tester/playground-tester/node_modules/@wp-playground/blueprints/index.js:12446:23)\n        at async ms (file:///home/runner/work/playground-tester/playground-tester/node_modules/@wp-playground/blueprints/index.js:12552:3)\n        at async Object.onBind (file:///home/runner/work/playground-tester/playground-tester/node_modules/@wp-playground/cli/index.js:227:48)\n        at async V (file:///home/runner/work/playground-tester/playground-tester/node_modules/@wp-playground/cli/index.js:64:10)\n        at async ja (file:///home/runner/work/playground-tester/playground-tester/node_modules/@wp-playground/cli/cli.js:8161:12) {\n      response: PHPResponse {\n        httpStatusCode: 500,\n        headers: {\n          'x-powered-by': [ 'PHP/8.0.30-dev' ],\n          'content-type': [ 'text/html; charset=UTF-8' ]\n        },\n        bytes: Uint8Array(0) [],\n        exitCode: 255,\n        errors: ''\n      },\n      source: 'request'\n    }\n  }\n}\n\n",
    "log": "/logs/plugins/f/firestudio/error.json"
  },
  {
    "message": "file:///home/runner/work/playground-tester/playground-tester/node_modules/@wp-playground/cli/index.js:237\n        throw new Error(y, { cause: u });\n              ^\n",
    "level": "FATAL",
    "type": "PLAYGROUND",
    "test": "asyncify-boot",
    "plugin": "firestudio",
    "details": "file:///home/runner/work/playground-tester/playground-tester/node_modules/@wp-playground/cli/index.js:237\n        throw new Error(y, { cause: u });\n              ^\n",
    "log": "/tmp/tmp.Y5New1PLRy"
  },
  {
    "message": "Undefined array key \"appId\" in /wordpress/wp-content/plugins/facebook-comments-for-wordpress/facebook-comments-core.php on line 60",
    "level": "WARNING",
    "type": "PHP",
    "test": "asyncify-boot",
    "plugin": "firestudio",
    "details": "[07-May-2025 19:47:40 UTC] PHP Warning:  Undefined array key \"appId\" in /wordpress/wp-content/plugins/facebook-comments-for-wordpress/facebook-comments-core.php on line 60",
    "log": "/logs/plugins/f/firestudio/error.json"
  },
  {
    "message": "Undefined array key \"appSecret\" in /wordpress/wp-content/plugins/facebook-comments-for-wordpress/facebook-comments-core.php on line 61",
    "level": "WARNING",
    "type": "PHP",
    "test": "asyncify-boot",
    "plugin": "firestudio",
    "details": "[07-May-2025 19:47:40 UTC] PHP Warning:  Undefined array key \"appSecret\" in /wordpress/wp-content/plugins/facebook-comments-for-wordpress/facebook-comments-core.php on line 61",
    "log": "/logs/plugins/f/firestudio/error.json"
  },
  {
    "message": "Undefined array key \"xid\" in /wordpress/wp-content/plugins/facebook-comments-for-wordpress/facebook-comments-core.php on line 62",
    "level": "WARNING",
    "type": "PHP",
    "test": "asyncify-boot",
    "plugin": "firestudio",
    "details": "[07-May-2025 19:47:40 UTC] PHP Warning:  Undefined array key \"xid\" in /wordpress/wp-content/plugins/facebook-comments-for-wordpress/facebook-comments-core.php on line 62",
    "log": "/logs/plugins/f/firestudio/error.json"
  },
  {
    "message": "Undefined array key \"commentVersion\" in /wordpress/wp-content/plugins/facebook-comments-for-wordpress/facebook-comments-core.php on line 66",
    "level": "WARNING",
    "type": "PHP",
    "test": "asyncify-boot",
    "plugin": "firestudio",
    "details": "[07-May-2025 19:47:40 UTC] PHP Warning:  Undefined array key \"commentVersion\" in /wordpress/wp-content/plugins/facebook-comments-for-wordpress/facebook-comments-core.php on line 66",
    "log": "/logs/plugins/f/firestudio/error.json"
  },
  {
    "message": "Array to string conversion in /wordpress/wp-content/plugins/facebook-comments-for-wordpress/facebook-comments-core.php on line 72",
    "level": "WARNING",
    "type": "PHP",
    "test": "asyncify-boot",
    "plugin": "firestudio",
    "details": "[07-May-2025 19:47:40 UTC] PHP Warning:  Array to string conversion in /wordpress/wp-content/plugins/facebook-comments-for-wordpress/facebook-comments-core.php on line 72",
    "log": "/logs/plugins/f/firestudio/error.json"
  },
  {
    "message": "Undefined variable $Array in /wordpress/wp-content/plugins/facebook-comments-for-wordpress/facebook-comments-core.php on line 72",
    "level": "WARNING",
    "type": "PHP",
    "test": "asyncify-boot",
    "plugin": "firestudio",
    "details": "[07-May-2025 19:47:40 UTC] PHP Warning:  Undefined variable $Array in /wordpress/wp-content/plugins/facebook-comments-for-wordpress/facebook-comments-core.php on line 72",
    "log": "/logs/plugins/f/firestudio/error.json"
  },
  {
    "message": "Trying to access array offset on value of type null in /wordpress/wp-content/plugins/facebook-comments-for-wordpress/facebook-comments-core.php on line 72",
    "level": "WARNING",
    "type": "PHP",
    "test": "asyncify-boot",
    "plugin": "firestudio",
    "details": "[07-May-2025 19:47:40 UTC] PHP Warning:  Trying to access array offset on value of type null in /wordpress/wp-content/plugins/facebook-comments-for-wordpress/facebook-comments-core.php on line 72",
    "log": "/logs/plugins/f/firestudio/error.json"
  },
  {
    "message": "Undefined array key \"language\" in /wordpress/wp-content/plugins/facebook-comments-for-wordpress/facebook-comments-core.php on line 94",
    "level": "WARNING",
    "type": "PHP",
    "test": "asyncify-boot",
    "plugin": "firestudio",
    "details": "[07-May-2025 19:47:40 UTC] PHP Warning:  Undefined array key \"language\" in /wordpress/wp-content/plugins/facebook-comments-for-wordpress/facebook-comments-core.php on line 94",
    "log": "/logs/plugins/f/firestudio/error.json"
  },
  {
    "message": "Undefined array key \"hideWpComments\" in /wordpress/wp-content/plugins/facebook-comments-for-wordpress/facebook-comments.php on line 132",
    "level": "WARNING",
    "type": "PHP",
    "test": "asyncify-boot",
    "plugin": "firestudio",
    "details": "[07-May-2025 19:47:40 UTC] PHP Warning:  Undefined array key \"hideWpComments\" in /wordpress/wp-content/plugins/facebook-comments-for-wordpress/facebook-comments.php on line 132",
    "log": "/logs/plugins/f/firestudio/error.json"
  },
  {
    "message": "Undefined array key \"includeFbmlLangAttr\" in /wordpress/wp-content/plugins/facebook-comments-for-wordpress/facebook-comments.php on line 142",
    "level": "WARNING",
    "type": "PHP",
    "test": "asyncify-boot",
    "plugin": "firestudio",
    "details": "[07-May-2025 19:47:40 UTC] PHP Warning:  Undefined array key \"includeFbmlLangAttr\" in /wordpress/wp-content/plugins/facebook-comments-for-wordpress/facebook-comments.php on line 142",
    "log": "/logs/plugins/f/firestudio/error.json"
  },
  {
    "message": "Undefined array key \"includeOpenGraphLangAttr\" in /wordpress/wp-content/plugins/facebook-comments-for-wordpress/facebook-comments.php on line 142",
    "level": "WARNING",
    "type": "PHP",
    "test": "asyncify-boot",
    "plugin": "firestudio",
    "details": "[07-May-2025 19:47:40 UTC] PHP Warning:  Undefined array key \"includeOpenGraphLangAttr\" in /wordpress/wp-content/plugins/facebook-comments-for-wordpress/facebook-comments.php on line 142",
    "log": "/logs/plugins/f/firestudio/error.json"
  },
  {
    "message": "Undefined array key \"includeOpenGraphMeta\" in /wordpress/wp-content/plugins/facebook-comments-for-wordpress/facebook-comments.php on line 160",
    "level": "WARNING",
    "type": "PHP",
    "test": "asyncify-boot",
    "plugin": "firestudio",
    "details": "[07-May-2025 19:47:40 UTC] PHP Warning:  Undefined array key \"includeOpenGraphMeta\" in /wordpress/wp-content/plugins/facebook-comments-for-wordpress/facebook-comments.php on line 160",
    "log": "/logs/plugins/f/firestudio/error.json"
  },
  {
    "message": "Undefined array key \"includeFbComments\" in /wordpress/wp-content/plugins/facebook-comments-for-wordpress/facebook-comments.php on line 251",
    "level": "WARNING",
    "type": "PHP",
    "test": "asyncify-boot",
    "plugin": "firestudio",
    "details": "[07-May-2025 19:47:40 UTC] PHP Warning:  Undefined array key \"includeFbComments\" in /wordpress/wp-content/plugins/facebook-comments-for-wordpress/facebook-comments.php on line 251",
    "log": "/logs/plugins/f/firestudio/error.json"
  },
  {
    "message": "Undefined array key \"combineCommentCounts\" in /wordpress/wp-content/plugins/facebook-comments-for-wordpress/facebook-comments.php on line 265",
    "level": "WARNING",
    "type": "PHP",
    "test": "asyncify-boot",
    "plugin": "firestudio",
    "details": "[07-May-2025 19:47:40 UTC] PHP Warning:  Undefined array key \"combineCommentCounts\" in /wordpress/wp-content/plugins/facebook-comments-for-wordpress/facebook-comments.php on line 265",
    "log": "/logs/plugins/f/firestudio/error.json"
  },
  {
    "message": "Function wp_enqueue_script was called <strong>incorrectly</strong>. Scripts and styles should not be registered or enqueued until the <code>wp_enqueue_scripts</code>, <code>admin_enqueue_scripts</code>, or <code>login_enqueue_scripts</code> hooks. This notice was triggered by the <code>jquery</code> handle. Please see <a href=\"https://developer.wordpress.org/advanced-administration/debug/debug-wordpress/\">Debugging in WordPress</a> for more information. (This message was added in version 3.3.0.) in /wordpress/wp-includes/functions.php on line 6121",
    "level": "NOTICE",
    "type": "PHP",
    "test": "asyncify-boot",
    "plugin": "firestudio",
    "details": "[07-May-2025 19:47:41 UTC] PHP Notice:  Function wp_enqueue_script was called <strong>incorrectly</strong>. Scripts and styles should not be registered or enqueued until the <code>wp_enqueue_scripts</code>, <code>admin_enqueue_scripts</code>, or <code>login_enqueue_scripts</code> hooks. This notice was triggered by the <code>jquery</code> handle. Please see <a href=\"https://developer.wordpress.org/advanced-administration/debug/debug-wordpress/\">Debugging in WordPress</a> for more information. (This message was added in version 3.3.0.) in /wordpress/wp-includes/functions.php on line 6121",
    "log": "/logs/plugins/f/firestudio/error.json"
  },
  {
    "message": "Uncaught Error: Call to undefined function create_function() in /wordpress/wp-content/plugins/facebook-comments-for-wordpress/facebook-comments.php:125",
    "level": "FATAL",
    "type": "PHP",
    "test": "asyncify-boot",
    "plugin": "firestudio",
    "details": "[07-May-2025 19:47:41 UTC] PHP Fatal error:  Uncaught Error: Call to undefined function create_function() in /wordpress/wp-content/plugins/facebook-comments-for-wordpress/facebook-comments.php:125\nStack trace:\n#0 /wordpress/wp-settings.php(545): include_once()\n#1 /wordpress/wp-config.php(102): require_once('/wordpress/wp-s...')\n#2 /wordpress/wp-load.php(50): require_once('/wordpress/wp-c...')\n#3 /internal/eval.php(3): require_once('/wordpress/wp-l...')\n#4 {main}\n  thrown in /wordpress/wp-content/plugins/facebook-comments-for-wordpress/facebook-comments.php on line 125",
    "log": "/logs/plugins/f/firestudio/error.json"
  },
  {
    "message": "Undefined array key \"appId\" in /wordpress/wp-content/plugins/facebook-comments-for-wordpress/facebook-comments-core.php on line 60",
    "level": "WARNING",
    "type": "PHP",
    "test": "asyncify-boot",
    "plugin": "firestudio",
    "details": "[07-May-2025 19:47:48 UTC] PHP Warning:  Undefined array key \"appId\" in /wordpress/wp-content/plugins/facebook-comments-for-wordpress/facebook-comments-core.php on line 60",
    "log": "/logs/plugins/f/firestudio/error.json"
  },
  {
    "message": "Undefined array key \"appSecret\" in /wordpress/wp-content/plugins/facebook-comments-for-wordpress/facebook-comments-core.php on line 61",
    "level": "WARNING",
    "type": "PHP",
    "test": "asyncify-boot",
    "plugin": "firestudio",
    "details": "[07-May-2025 19:47:48 UTC] PHP Warning:  Undefined array key \"appSecret\" in /wordpress/wp-content/plugins/facebook-comments-for-wordpress/facebook-comments-core.php on line 61",
    "log": "/logs/plugins/f/firestudio/error.json"
  },
  {
    "message": "Undefined array key \"xid\" in /wordpress/wp-content/plugins/facebook-comments-for-wordpress/facebook-comments-core.php on line 62",
    "level": "WARNING",
    "type": "PHP",
    "test": "asyncify-boot",
    "plugin": "firestudio",
    "details": "[07-May-2025 19:47:48 UTC] PHP Warning:  Undefined array key \"xid\" in /wordpress/wp-content/plugins/facebook-comments-for-wordpress/facebook-comments-core.php on line 62",
    "log": "/logs/plugins/f/firestudio/error.json"
  },
  {
    "message": "Undefined array key \"commentVersion\" in /wordpress/wp-content/plugins/facebook-comments-for-wordpress/facebook-comments-core.php on line 66",
    "level": "WARNING",
    "type": "PHP",
    "test": "asyncify-boot",
    "plugin": "firestudio",
    "details": "[07-May-2025 19:47:48 UTC] PHP Warning:  Undefined array key \"commentVersion\" in /wordpress/wp-content/plugins/facebook-comments-for-wordpress/facebook-comments-core.php on line 66",
    "log": "/logs/plugins/f/firestudio/error.json"
  },
  {
    "message": "Array to string conversion in /wordpress/wp-content/plugins/facebook-comments-for-wordpress/facebook-comments-core.php on line 72",
    "level": "WARNING",
    "type": "PHP",
    "test": "asyncify-boot",
    "plugin": "firestudio",
    "details": "[07-May-2025 19:47:48 UTC] PHP Warning:  Array to string conversion in /wordpress/wp-content/plugins/facebook-comments-for-wordpress/facebook-comments-core.php on line 72",
    "log": "/logs/plugins/f/firestudio/error.json"
  },
  {
    "message": "Undefined variable $Array in /wordpress/wp-content/plugins/facebook-comments-for-wordpress/facebook-comments-core.php on line 72",
    "level": "WARNING",
    "type": "PHP",
    "test": "asyncify-boot",
    "plugin": "firestudio",
    "details": "[07-May-2025 19:47:48 UTC] PHP Warning:  Undefined variable $Array in /wordpress/wp-content/plugins/facebook-comments-for-wordpress/facebook-comments-core.php on line 72",
    "log": "/logs/plugins/f/firestudio/error.json"
  },
  {
    "message": "Trying to access array offset on value of type null in /wordpress/wp-content/plugins/facebook-comments-for-wordpress/facebook-comments-core.php on line 72",
    "level": "WARNING",
    "type": "PHP",
    "test": "asyncify-boot",
    "plugin": "firestudio",
    "details": "[07-May-2025 19:47:48 UTC] PHP Warning:  Trying to access array offset on value of type null in /wordpress/wp-content/plugins/facebook-comments-for-wordpress/facebook-comments-core.php on line 72",
    "log": "/logs/plugins/f/firestudio/error.json"
  },
  {
    "message": "Undefined array key \"language\" in /wordpress/wp-content/plugins/facebook-comments-for-wordpress/facebook-comments-core.php on line 94",
    "level": "WARNING",
    "type": "PHP",
    "test": "asyncify-boot",
    "plugin": "firestudio",
    "details": "[07-May-2025 19:47:48 UTC] PHP Warning:  Undefined array key \"language\" in /wordpress/wp-content/plugins/facebook-comments-for-wordpress/facebook-comments-core.php on line 94",
    "log": "/logs/plugins/f/firestudio/error.json"
  },
  {
    "message": "Undefined array key \"hideWpComments\" in /wordpress/wp-content/plugins/facebook-comments-for-wordpress/facebook-comments.php on line 132",
    "level": "WARNING",
    "type": "PHP",
    "test": "asyncify-boot",
    "plugin": "firestudio",
    "details": "[07-May-2025 19:47:49 UTC] PHP Warning:  Undefined array key \"hideWpComments\" in /wordpress/wp-content/plugins/facebook-comments-for-wordpress/facebook-comments.php on line 132",
    "log": "/logs/plugins/f/firestudio/error.json"
  },
  {
    "message": "Undefined array key \"includeFbmlLangAttr\" in /wordpress/wp-content/plugins/facebook-comments-for-wordpress/facebook-comments.php on line 142",
    "level": "WARNING",
    "type": "PHP",
    "test": "asyncify-boot",
    "plugin": "firestudio",
    "details": "[07-May-2025 19:47:49 UTC] PHP Warning:  Undefined array key \"includeFbmlLangAttr\" in /wordpress/wp-content/plugins/facebook-comments-for-wordpress/facebook-comments.php on line 142",
    "log": "/logs/plugins/f/firestudio/error.json"
  },
  {
    "message": "Undefined array key \"includeOpenGraphLangAttr\" in /wordpress/wp-content/plugins/facebook-comments-for-wordpress/facebook-comments.php on line 142",
    "level": "WARNING",
    "type": "PHP",
    "test": "asyncify-boot",
    "plugin": "firestudio",
    "details": "[07-May-2025 19:47:49 UTC] PHP Warning:  Undefined array key \"includeOpenGraphLangAttr\" in /wordpress/wp-content/plugins/facebook-comments-for-wordpress/facebook-comments.php on line 142",
    "log": "/logs/plugins/f/firestudio/error.json"
  },
  {
    "message": "Undefined array key \"includeOpenGraphMeta\" in /wordpress/wp-content/plugins/facebook-comments-for-wordpress/facebook-comments.php on line 160",
    "level": "WARNING",
    "type": "PHP",
    "test": "asyncify-boot",
    "plugin": "firestudio",
    "details": "[07-May-2025 19:47:49 UTC] PHP Warning:  Undefined array key \"includeOpenGraphMeta\" in /wordpress/wp-content/plugins/facebook-comments-for-wordpress/facebook-comments.php on line 160",
    "log": "/logs/plugins/f/firestudio/error.json"
  },
  {
    "message": "Undefined array key \"includeFbComments\" in /wordpress/wp-content/plugins/facebook-comments-for-wordpress/facebook-comments.php on line 251",
    "level": "WARNING",
    "type": "PHP",
    "test": "asyncify-boot",
    "plugin": "firestudio",
    "details": "[07-May-2025 19:47:49 UTC] PHP Warning:  Undefined array key \"includeFbComments\" in /wordpress/wp-content/plugins/facebook-comments-for-wordpress/facebook-comments.php on line 251",
    "log": "/logs/plugins/f/firestudio/error.json"
  },
  {
    "message": "Undefined array key \"combineCommentCounts\" in /wordpress/wp-content/plugins/facebook-comments-for-wordpress/facebook-comments.php on line 265",
    "level": "WARNING",
    "type": "PHP",
    "test": "asyncify-boot",
    "plugin": "firestudio",
    "details": "[07-May-2025 19:47:49 UTC] PHP Warning:  Undefined array key \"combineCommentCounts\" in /wordpress/wp-content/plugins/facebook-comments-for-wordpress/facebook-comments.php on line 265",
    "log": "/logs/plugins/f/firestudio/error.json"
  },
  {
    "message": "Function wp_enqueue_script was called <strong>incorrectly</strong>. Scripts and styles should not be registered or enqueued until the <code>wp_enqueue_scripts</code>, <code>admin_enqueue_scripts</code>, or <code>login_enqueue_scripts</code> hooks. This notice was triggered by the <code>jquery</code> handle. Please see <a href=\"https://developer.wordpress.org/advanced-administration/debug/debug-wordpress/\">Debugging in WordPress</a> for more information. (This message was added in version 3.3.0.) in /wordpress/wp-includes/functions.php on line 6121",
    "level": "NOTICE",
    "type": "PHP",
    "test": "asyncify-boot",
    "plugin": "firestudio",
    "details": "[07-May-2025 19:47:50 UTC] PHP Notice:  Function wp_enqueue_script was called <strong>incorrectly</strong>. Scripts and styles should not be registered or enqueued until the <code>wp_enqueue_scripts</code>, <code>admin_enqueue_scripts</code>, or <code>login_enqueue_scripts</code> hooks. This notice was triggered by the <code>jquery</code> handle. Please see <a href=\"https://developer.wordpress.org/advanced-administration/debug/debug-wordpress/\">Debugging in WordPress</a> for more information. (This message was added in version 3.3.0.) in /wordpress/wp-includes/functions.php on line 6121",
    "log": "/logs/plugins/f/firestudio/error.json"
  },
  {
    "message": "Uncaught Error: Call to undefined function create_function() in /wordpress/wp-content/plugins/facebook-comments-for-wordpress/facebook-comments.php:125",
    "level": "FATAL",
    "type": "PHP",
    "test": "asyncify-boot",
    "plugin": "firestudio",
    "details": "[07-May-2025 19:47:50 UTC] PHP Fatal error:  Uncaught Error: Call to undefined function create_function() in /wordpress/wp-content/plugins/facebook-comments-for-wordpress/facebook-comments.php:125\nStack trace:\n#0 /wordpress/wp-settings.php(545): include_once()\n#1 /wordpress/wp-config.php(102): require_once('/wordpress/wp-s...')\n#2 /wordpress/wp-load.php(50): require_once('/wordpress/wp-c...')\n#3 /internal/eval.php(3): require_once('/wordpress/wp-l...')\n#4 {main}\n  thrown in /wordpress/wp-content/plugins/facebook-comments-for-wordpress/facebook-comments.php on line 125",
    "log": "/logs/plugins/f/firestudio/error.json"
  },
  {
    "message": "Undefined array key \"appId\" in /wordpress/wp-content/plugins/facebook-comments-for-wordpress/facebook-comments-core.php on line 60",
    "level": "WARNING",
    "type": "PHP",
    "test": "asyncify-boot",
    "plugin": "firestudio",
    "details": "[07-May-2025 19:47:58 UTC] PHP Warning:  Undefined array key \"appId\" in /wordpress/wp-content/plugins/facebook-comments-for-wordpress/facebook-comments-core.php on line 60",
    "log": "/logs/plugins/f/firestudio/error.json"
  },
  {
    "message": "Undefined array key \"appSecret\" in /wordpress/wp-content/plugins/facebook-comments-for-wordpress/facebook-comments-core.php on line 61",
    "level": "WARNING",
    "type": "PHP",
    "test": "asyncify-boot",
    "plugin": "firestudio",
    "details": "[07-May-2025 19:47:58 UTC] PHP Warning:  Undefined array key \"appSecret\" in /wordpress/wp-content/plugins/facebook-comments-for-wordpress/facebook-comments-core.php on line 61",
    "log": "/logs/plugins/f/firestudio/error.json"
  },
  {
    "message": "Undefined array key \"xid\" in /wordpress/wp-content/plugins/facebook-comments-for-wordpress/facebook-comments-core.php on line 62",
    "level": "WARNING",
    "type": "PHP",
    "test": "asyncify-boot",
    "plugin": "firestudio",
    "details": "[07-May-2025 19:47:58 UTC] PHP Warning:  Undefined array key \"xid\" in /wordpress/wp-content/plugins/facebook-comments-for-wordpress/facebook-comments-core.php on line 62",
    "log": "/logs/plugins/f/firestudio/error.json"
  },
  {
    "message": "Undefined array key \"commentVersion\" in /wordpress/wp-content/plugins/facebook-comments-for-wordpress/facebook-comments-core.php on line 66",
    "level": "WARNING",
    "type": "PHP",
    "test": "asyncify-boot",
    "plugin": "firestudio",
    "details": "[07-May-2025 19:47:58 UTC] PHP Warning:  Undefined array key \"commentVersion\" in /wordpress/wp-content/plugins/facebook-comments-for-wordpress/facebook-comments-core.php on line 66",
    "log": "/logs/plugins/f/firestudio/error.json"
  },
  {
    "message": "Array to string conversion in /wordpress/wp-content/plugins/facebook-comments-for-wordpress/facebook-comments-core.php on line 72",
    "level": "WARNING",
    "type": "PHP",
    "test": "asyncify-boot",
    "plugin": "firestudio",
    "details": "[07-May-2025 19:47:58 UTC] PHP Warning:  Array to string conversion in /wordpress/wp-content/plugins/facebook-comments-for-wordpress/facebook-comments-core.php on line 72",
    "log": "/logs/plugins/f/firestudio/error.json"
  },
  {
    "message": "Undefined variable $Array in /wordpress/wp-content/plugins/facebook-comments-for-wordpress/facebook-comments-core.php on line 72",
    "level": "WARNING",
    "type": "PHP",
    "test": "asyncify-boot",
    "plugin": "firestudio",
    "details": "[07-May-2025 19:47:58 UTC] PHP Warning:  Undefined variable $Array in /wordpress/wp-content/plugins/facebook-comments-for-wordpress/facebook-comments-core.php on line 72",
    "log": "/logs/plugins/f/firestudio/error.json"
  },
  {
    "message": "Trying to access array offset on value of type null in /wordpress/wp-content/plugins/facebook-comments-for-wordpress/facebook-comments-core.php on line 72",
    "level": "WARNING",
    "type": "PHP",
    "test": "asyncify-boot",
    "plugin": "firestudio",
    "details": "[07-May-2025 19:47:58 UTC] PHP Warning:  Trying to access array offset on value of type null in /wordpress/wp-content/plugins/facebook-comments-for-wordpress/facebook-comments-core.php on line 72",
    "log": "/logs/plugins/f/firestudio/error.json"
  },
  {
    "message": "Undefined array key \"language\" in /wordpress/wp-content/plugins/facebook-comments-for-wordpress/facebook-comments-core.php on line 94",
    "level": "WARNING",
    "type": "PHP",
    "test": "asyncify-boot",
    "plugin": "firestudio",
    "details": "[07-May-2025 19:47:58 UTC] PHP Warning:  Undefined array key \"language\" in /wordpress/wp-content/plugins/facebook-comments-for-wordpress/facebook-comments-core.php on line 94",
    "log": "/logs/plugins/f/firestudio/error.json"
  },
  {
    "message": "Undefined array key \"hideWpComments\" in /wordpress/wp-content/plugins/facebook-comments-for-wordpress/facebook-comments.php on line 132",
    "level": "WARNING",
    "type": "PHP",
    "test": "asyncify-boot",
    "plugin": "firestudio",
    "details": "[07-May-2025 19:47:58 UTC] PHP Warning:  Undefined array key \"hideWpComments\" in /wordpress/wp-content/plugins/facebook-comments-for-wordpress/facebook-comments.php on line 132",
    "log": "/logs/plugins/f/firestudio/error.json"
  },
  {
    "message": "Undefined array key \"includeFbmlLangAttr\" in /wordpress/wp-content/plugins/facebook-comments-for-wordpress/facebook-comments.php on line 142",
    "level": "WARNING",
    "type": "PHP",
    "test": "asyncify-boot",
    "plugin": "firestudio",
    "details": "[07-May-2025 19:47:58 UTC] PHP Warning:  Undefined array key \"includeFbmlLangAttr\" in /wordpress/wp-content/plugins/facebook-comments-for-wordpress/facebook-comments.php on line 142",
    "log": "/logs/plugins/f/firestudio/error.json"
  },
  {
    "message": "Undefined array key \"includeOpenGraphLangAttr\" in /wordpress/wp-content/plugins/facebook-comments-for-wordpress/facebook-comments.php on line 142",
    "level": "WARNING",
    "type": "PHP",
    "test": "asyncify-boot",
    "plugin": "firestudio",
    "details": "[07-May-2025 19:47:58 UTC] PHP Warning:  Undefined array key \"includeOpenGraphLangAttr\" in /wordpress/wp-content/plugins/facebook-comments-for-wordpress/facebook-comments.php on line 142",
    "log": "/logs/plugins/f/firestudio/error.json"
  },
  {
    "message": "Undefined array key \"includeOpenGraphMeta\" in /wordpress/wp-content/plugins/facebook-comments-for-wordpress/facebook-comments.php on line 160",
    "level": "WARNING",
    "type": "PHP",
    "test": "asyncify-boot",
    "plugin": "firestudio",
    "details": "[07-May-2025 19:47:58 UTC] PHP Warning:  Undefined array key \"includeOpenGraphMeta\" in /wordpress/wp-content/plugins/facebook-comments-for-wordpress/facebook-comments.php on line 160",
    "log": "/logs/plugins/f/firestudio/error.json"
  },
  {
    "message": "Undefined array key \"includeFbComments\" in /wordpress/wp-content/plugins/facebook-comments-for-wordpress/facebook-comments.php on line 251",
    "level": "WARNING",
    "type": "PHP",
    "test": "asyncify-boot",
    "plugin": "firestudio",
    "details": "[07-May-2025 19:47:58 UTC] PHP Warning:  Undefined array key \"includeFbComments\" in /wordpress/wp-content/plugins/facebook-comments-for-wordpress/facebook-comments.php on line 251",
    "log": "/logs/plugins/f/firestudio/error.json"
  },
  {
    "message": "Undefined array key \"combineCommentCounts\" in /wordpress/wp-content/plugins/facebook-comments-for-wordpress/facebook-comments.php on line 265",
    "level": "WARNING",
    "type": "PHP",
    "test": "asyncify-boot",
    "plugin": "firestudio",
    "details": "[07-May-2025 19:47:58 UTC] PHP Warning:  Undefined array key \"combineCommentCounts\" in /wordpress/wp-content/plugins/facebook-comments-for-wordpress/facebook-comments.php on line 265",
    "log": "/logs/plugins/f/firestudio/error.json"
  },
  {
    "message": "Function wp_enqueue_script was called <strong>incorrectly</strong>. Scripts and styles should not be registered or enqueued until the <code>wp_enqueue_scripts</code>, <code>admin_enqueue_scripts</code>, or <code>login_enqueue_scripts</code> hooks. This notice was triggered by the <code>jquery</code> handle. Please see <a href=\"https://developer.wordpress.org/advanced-administration/debug/debug-wordpress/\">Debugging in WordPress</a> for more information. (This message was added in version 3.3.0.) in /wordpress/wp-includes/functions.php on line 6121",
    "level": "NOTICE",
    "type": "PHP",
    "test": "asyncify-boot",
    "plugin": "firestudio",
    "details": "[07-May-2025 19:47:59 UTC] PHP Notice:  Function wp_enqueue_script was called <strong>incorrectly</strong>. Scripts and styles should not be registered or enqueued until the <code>wp_enqueue_scripts</code>, <code>admin_enqueue_scripts</code>, or <code>login_enqueue_scripts</code> hooks. This notice was triggered by the <code>jquery</code> handle. Please see <a href=\"https://developer.wordpress.org/advanced-administration/debug/debug-wordpress/\">Debugging in WordPress</a> for more information. (This message was added in version 3.3.0.) in /wordpress/wp-includes/functions.php on line 6121",
    "log": "/logs/plugins/f/firestudio/error.json"
  },
  {
    "message": "Uncaught Error: Call to undefined function create_function() in /wordpress/wp-content/plugins/facebook-comments-for-wordpress/facebook-comments.php:125",
    "level": "FATAL",
    "type": "PHP",
    "test": "asyncify-boot",
    "plugin": "firestudio",
    "details": "[07-May-2025 19:47:59 UTC] PHP Fatal error:  Uncaught Error: Call to undefined function create_function() in /wordpress/wp-content/plugins/facebook-comments-for-wordpress/facebook-comments.php:125\nStack trace:\n#0 /wordpress/wp-settings.php(545): include_once()\n#1 /wordpress/wp-config.php(102): require_once('/wordpress/wp-s...')\n#2 /wordpress/wp-load.php(50): require_once('/wordpress/wp-c...')\n#3 /internal/eval.php(3): require_once('/wordpress/wp-l...')\n#4 {main}\n  thrown in /wordpress/wp-content/plugins/facebook-comments-for-wordpress/facebook-comments.php on line 125",
    "log": "/logs/plugins/f/firestudio/error.json"
  },
  {
    "message": "Required parameter $email follows optional parameter $userid in /wordpress/wp-content/plugins/feature-request/includes/class-avfr-db.php on line 108",
    "level": "DEPRECATED",
    "type": "PHP",
    "test": "asyncify-boot",
    "plugin": "firestudio",
    "details": "[07-May-2025 19:49:21 UTC] PHP Deprecated:  Required parameter $email follows optional parameter $userid in /wordpress/wp-content/plugins/feature-request/includes/class-avfr-db.php on line 108",
    "log": "/logs/plugins/f/firestudio/error.json"
  },
  {
    "message": "Required parameter $voted_group follows optional parameter $userid in /wordpress/wp-content/plugins/feature-request/includes/class-avfr-db.php on line 108",
    "level": "DEPRECATED",
    "type": "PHP",
    "test": "asyncify-boot",
    "plugin": "firestudio",
    "details": "[07-May-2025 19:49:21 UTC] PHP Deprecated:  Required parameter $voted_group follows optional parameter $userid in /wordpress/wp-content/plugins/feature-request/includes/class-avfr-db.php on line 108",
    "log": "/logs/plugins/f/firestudio/error.json"
  },
  {
    "message": "Required parameter $email follows optional parameter $userid in /wordpress/wp-content/plugins/feature-request/includes/class-avfr-db.php on line 127",
    "level": "DEPRECATED",
    "type": "PHP",
    "test": "asyncify-boot",
    "plugin": "firestudio",
    "details": "[07-May-2025 19:49:21 UTC] PHP Deprecated:  Required parameter $email follows optional parameter $userid in /wordpress/wp-content/plugins/feature-request/includes/class-avfr-db.php on line 127",
    "log": "/logs/plugins/f/firestudio/error.json"
  },
  {
    "message": "Required parameter $voted_group follows optional parameter $userid in /wordpress/wp-content/plugins/feature-request/includes/class-avfr-db.php on line 127",
    "level": "DEPRECATED",
    "type": "PHP",
    "test": "asyncify-boot",
    "plugin": "firestudio",
    "details": "[07-May-2025 19:49:21 UTC] PHP Deprecated:  Required parameter $voted_group follows optional parameter $userid in /wordpress/wp-content/plugins/feature-request/includes/class-avfr-db.php on line 127",
    "log": "/logs/plugins/f/firestudio/error.json"
  },
  {
    "message": "Required parameter $email follows optional parameter $userid in /wordpress/wp-content/plugins/feature-request/includes/class-avfr-db.php on line 146",
    "level": "DEPRECATED",
    "type": "PHP",
    "test": "asyncify-boot",
    "plugin": "firestudio",
    "details": "[07-May-2025 19:49:21 UTC] PHP Deprecated:  Required parameter $email follows optional parameter $userid in /wordpress/wp-content/plugins/feature-request/includes/class-avfr-db.php on line 146",
    "log": "/logs/plugins/f/firestudio/error.json"
  },
  {
    "message": "Required parameter $voted_group follows optional parameter $userid in /wordpress/wp-content/plugins/feature-request/includes/class-avfr-db.php on line 146",
    "level": "DEPRECATED",
    "type": "PHP",
    "test": "asyncify-boot",
    "plugin": "firestudio",
    "details": "[07-May-2025 19:49:21 UTC] PHP Deprecated:  Required parameter $voted_group follows optional parameter $userid in /wordpress/wp-content/plugins/feature-request/includes/class-avfr-db.php on line 146",
    "log": "/logs/plugins/f/firestudio/error.json"
  },
  {
    "message": "Required parameter $email follows optional parameter $userid in /wordpress/wp-content/plugins/feature-request/includes/class-avfr-db.php on line 108",
    "level": "DEPRECATED",
    "type": "PHP",
    "test": "asyncify-boot",
    "plugin": "firestudio",
    "details": "[07-May-2025 19:49:22 UTC] PHP Deprecated:  Required parameter $email follows optional parameter $userid in /wordpress/wp-content/plugins/feature-request/includes/class-avfr-db.php on line 108",
    "log": "/logs/plugins/f/firestudio/error.json"
  },
  {
    "message": "Required parameter $voted_group follows optional parameter $userid in /wordpress/wp-content/plugins/feature-request/includes/class-avfr-db.php on line 108",
    "level": "DEPRECATED",
    "type": "PHP",
    "test": "asyncify-boot",
    "plugin": "firestudio",
    "details": "[07-May-2025 19:49:22 UTC] PHP Deprecated:  Required parameter $voted_group follows optional parameter $userid in /wordpress/wp-content/plugins/feature-request/includes/class-avfr-db.php on line 108",
    "log": "/logs/plugins/f/firestudio/error.json"
  },
  {
    "message": "Required parameter $email follows optional parameter $userid in /wordpress/wp-content/plugins/feature-request/includes/class-avfr-db.php on line 127",
    "level": "DEPRECATED",
    "type": "PHP",
    "test": "asyncify-boot",
    "plugin": "firestudio",
    "details": "[07-May-2025 19:49:22 UTC] PHP Deprecated:  Required parameter $email follows optional parameter $userid in /wordpress/wp-content/plugins/feature-request/includes/class-avfr-db.php on line 127",
    "log": "/logs/plugins/f/firestudio/error.json"
  },
  {
    "message": "Required parameter $voted_group follows optional parameter $userid in /wordpress/wp-content/plugins/feature-request/includes/class-avfr-db.php on line 127",
    "level": "DEPRECATED",
    "type": "PHP",
    "test": "asyncify-boot",
    "plugin": "firestudio",
    "details": "[07-May-2025 19:49:22 UTC] PHP Deprecated:  Required parameter $voted_group follows optional parameter $userid in /wordpress/wp-content/plugins/feature-request/includes/class-avfr-db.php on line 127",
    "log": "/logs/plugins/f/firestudio/error.json"
  },
  {
    "message": "Required parameter $email follows optional parameter $userid in /wordpress/wp-content/plugins/feature-request/includes/class-avfr-db.php on line 146",
    "level": "DEPRECATED",
    "type": "PHP",
    "test": "asyncify-boot",
    "plugin": "firestudio",
    "details": "[07-May-2025 19:49:22 UTC] PHP Deprecated:  Required parameter $email follows optional parameter $userid in /wordpress/wp-content/plugins/feature-request/includes/class-avfr-db.php on line 146",
    "log": "/logs/plugins/f/firestudio/error.json"
  },
  {
    "message": "Required parameter $voted_group follows optional parameter $userid in /wordpress/wp-content/plugins/feature-request/includes/class-avfr-db.php on line 146",
    "level": "DEPRECATED",
    "type": "PHP",
    "test": "asyncify-boot",
    "plugin": "firestudio",
    "details": "[07-May-2025 19:49:22 UTC] PHP Deprecated:  Required parameter $voted_group follows optional parameter $userid in /wordpress/wp-content/plugins/feature-request/includes/class-avfr-db.php on line 146",
    "log": "/logs/plugins/f/firestudio/error.json"
  },
  {
    "message": "Required parameter $email follows optional parameter $userid in /wordpress/wp-content/plugins/feature-request/includes/class-avfr-db.php on line 108",
    "level": "DEPRECATED",
    "type": "PHP",
    "test": "asyncify-boot",
    "plugin": "firestudio",
    "details": "[07-May-2025 19:49:33 UTC] PHP Deprecated:  Required parameter $email follows optional parameter $userid in /wordpress/wp-content/plugins/feature-request/includes/class-avfr-db.php on line 108",
    "log": "/logs/plugins/f/firestudio/error.json"
  },
  {
    "message": "Required parameter $voted_group follows optional parameter $userid in /wordpress/wp-content/plugins/feature-request/includes/class-avfr-db.php on line 108",
    "level": "DEPRECATED",
    "type": "PHP",
    "test": "asyncify-boot",
    "plugin": "firestudio",
    "details": "[07-May-2025 19:49:33 UTC] PHP Deprecated:  Required parameter $voted_group follows optional parameter $userid in /wordpress/wp-content/plugins/feature-request/includes/class-avfr-db.php on line 108",
    "log": "/logs/plugins/f/firestudio/error.json"
  },
  {
    "message": "Required parameter $email follows optional parameter $userid in /wordpress/wp-content/plugins/feature-request/includes/class-avfr-db.php on line 127",
    "level": "DEPRECATED",
    "type": "PHP",
    "test": "asyncify-boot",
    "plugin": "firestudio",
    "details": "[07-May-2025 19:49:33 UTC] PHP Deprecated:  Required parameter $email follows optional parameter $userid in /wordpress/wp-content/plugins/feature-request/includes/class-avfr-db.php on line 127",
    "log": "/logs/plugins/f/firestudio/error.json"
  },
  {
    "message": "Required parameter $voted_group follows optional parameter $userid in /wordpress/wp-content/plugins/feature-request/includes/class-avfr-db.php on line 127",
    "level": "DEPRECATED",
    "type": "PHP",
    "test": "asyncify-boot",
    "plugin": "firestudio",
    "details": "[07-May-2025 19:49:33 UTC] PHP Deprecated:  Required parameter $voted_group follows optional parameter $userid in /wordpress/wp-content/plugins/feature-request/includes/class-avfr-db.php on line 127",
    "log": "/logs/plugins/f/firestudio/error.json"
  },
  {
    "message": "Required parameter $email follows optional parameter $userid in /wordpress/wp-content/plugins/feature-request/includes/class-avfr-db.php on line 146",
    "level": "DEPRECATED",
    "type": "PHP",
    "test": "asyncify-boot",
    "plugin": "firestudio",
    "details": "[07-May-2025 19:49:33 UTC] PHP Deprecated:  Required parameter $email follows optional parameter $userid in /wordpress/wp-content/plugins/feature-request/includes/class-avfr-db.php on line 146",
    "log": "/logs/plugins/f/firestudio/error.json"
  },
  {
    "message": "Required parameter $voted_group follows optional parameter $userid in /wordpress/wp-content/plugins/feature-request/includes/class-avfr-db.php on line 146",
    "level": "DEPRECATED",
    "type": "PHP",
    "test": "asyncify-boot",
    "plugin": "firestudio",
    "details": "[07-May-2025 19:49:33 UTC] PHP Deprecated:  Required parameter $voted_group follows optional parameter $userid in /wordpress/wp-content/plugins/feature-request/includes/class-avfr-db.php on line 146",
    "log": "/logs/plugins/f/firestudio/error.json"
  },
  {
    "message": "Required parameter $email follows optional parameter $userid in /wordpress/wp-content/plugins/feature-request/includes/class-avfr-db.php on line 108",
    "level": "DEPRECATED",
    "type": "PHP",
    "test": "asyncify-boot",
    "plugin": "firestudio",
    "details": "[07-May-2025 19:49:34 UTC] PHP Deprecated:  Required parameter $email follows optional parameter $userid in /wordpress/wp-content/plugins/feature-request/includes/class-avfr-db.php on line 108",
    "log": "/logs/plugins/f/firestudio/error.json"
  },
  {
    "message": "Required parameter $voted_group follows optional parameter $userid in /wordpress/wp-content/plugins/feature-request/includes/class-avfr-db.php on line 108",
    "level": "DEPRECATED",
    "type": "PHP",
    "test": "asyncify-boot",
    "plugin": "firestudio",
    "details": "[07-May-2025 19:49:34 UTC] PHP Deprecated:  Required parameter $voted_group follows optional parameter $userid in /wordpress/wp-content/plugins/feature-request/includes/class-avfr-db.php on line 108",
    "log": "/logs/plugins/f/firestudio/error.json"
  },
  {
    "message": "Required parameter $email follows optional parameter $userid in /wordpress/wp-content/plugins/feature-request/includes/class-avfr-db.php on line 127",
    "level": "DEPRECATED",
    "type": "PHP",
    "test": "asyncify-boot",
    "plugin": "firestudio",
    "details": "[07-May-2025 19:49:34 UTC] PHP Deprecated:  Required parameter $email follows optional parameter $userid in /wordpress/wp-content/plugins/feature-request/includes/class-avfr-db.php on line 127",
    "log": "/logs/plugins/f/firestudio/error.json"
  },
  {
    "message": "Required parameter $voted_group follows optional parameter $userid in /wordpress/wp-content/plugins/feature-request/includes/class-avfr-db.php on line 127",
    "level": "DEPRECATED",
    "type": "PHP",
    "test": "asyncify-boot",
    "plugin": "firestudio",
    "details": "[07-May-2025 19:49:34 UTC] PHP Deprecated:  Required parameter $voted_group follows optional parameter $userid in /wordpress/wp-content/plugins/feature-request/includes/class-avfr-db.php on line 127",
    "log": "/logs/plugins/f/firestudio/error.json"
  },
  {
    "message": "Required parameter $email follows optional parameter $userid in /wordpress/wp-content/plugins/feature-request/includes/class-avfr-db.php on line 146",
    "level": "DEPRECATED",
    "type": "PHP",
    "test": "asyncify-boot",
    "plugin": "firestudio",
    "details": "[07-May-2025 19:49:34 UTC] PHP Deprecated:  Required parameter $email follows optional parameter $userid in /wordpress/wp-content/plugins/feature-request/includes/class-avfr-db.php on line 146",
    "log": "/logs/plugins/f/firestudio/error.json"
  },
  {
    "message": "Required parameter $voted_group follows optional parameter $userid in /wordpress/wp-content/plugins/feature-request/includes/class-avfr-db.php on line 146",
    "level": "DEPRECATED",
    "type": "PHP",
    "test": "asyncify-boot",
    "plugin": "firestudio",
    "details": "[07-May-2025 19:49:34 UTC] PHP Deprecated:  Required parameter $voted_group follows optional parameter $userid in /wordpress/wp-content/plugins/feature-request/includes/class-avfr-db.php on line 146",
    "log": "/logs/plugins/f/firestudio/error.json"
  },
  {
    "message": "Required parameter $email follows optional parameter $userid in /wordpress/wp-content/plugins/feature-request/includes/class-avfr-db.php on line 108",
    "level": "DEPRECATED",
    "type": "PHP",
    "test": "asyncify-boot",
    "plugin": "firestudio",
    "details": "[07-May-2025 19:49:44 UTC] PHP Deprecated:  Required parameter $email follows optional parameter $userid in /wordpress/wp-content/plugins/feature-request/includes/class-avfr-db.php on line 108",
    "log": "/logs/plugins/f/firestudio/error.json"
  },
  {
    "message": "Required parameter $voted_group follows optional parameter $userid in /wordpress/wp-content/plugins/feature-request/includes/class-avfr-db.php on line 108",
    "level": "DEPRECATED",
    "type": "PHP",
    "test": "asyncify-boot",
    "plugin": "firestudio",
    "details": "[07-May-2025 19:49:44 UTC] PHP Deprecated:  Required parameter $voted_group follows optional parameter $userid in /wordpress/wp-content/plugins/feature-request/includes/class-avfr-db.php on line 108",
    "log": "/logs/plugins/f/firestudio/error.json"
  },
  {
    "message": "Required parameter $email follows optional parameter $userid in /wordpress/wp-content/plugins/feature-request/includes/class-avfr-db.php on line 127",
    "level": "DEPRECATED",
    "type": "PHP",
    "test": "asyncify-boot",
    "plugin": "firestudio",
    "details": "[07-May-2025 19:49:44 UTC] PHP Deprecated:  Required parameter $email follows optional parameter $userid in /wordpress/wp-content/plugins/feature-request/includes/class-avfr-db.php on line 127",
    "log": "/logs/plugins/f/firestudio/error.json"
  },
  {
    "message": "Required parameter $voted_group follows optional parameter $userid in /wordpress/wp-content/plugins/feature-request/includes/class-avfr-db.php on line 127",
    "level": "DEPRECATED",
    "type": "PHP",
    "test": "asyncify-boot",
    "plugin": "firestudio",
    "details": "[07-May-2025 19:49:44 UTC] PHP Deprecated:  Required parameter $voted_group follows optional parameter $userid in /wordpress/wp-content/plugins/feature-request/includes/class-avfr-db.php on line 127",
    "log": "/logs/plugins/f/firestudio/error.json"
  },
  {
    "message": "Required parameter $email follows optional parameter $userid in /wordpress/wp-content/plugins/feature-request/includes/class-avfr-db.php on line 146",
    "level": "DEPRECATED",
    "type": "PHP",
    "test": "asyncify-boot",
    "plugin": "firestudio",
    "details": "[07-May-2025 19:49:44 UTC] PHP Deprecated:  Required parameter $email follows optional parameter $userid in /wordpress/wp-content/plugins/feature-request/includes/class-avfr-db.php on line 146",
    "log": "/logs/plugins/f/firestudio/error.json"
  },
  {
    "message": "Required parameter $voted_group follows optional parameter $userid in /wordpress/wp-content/plugins/feature-request/includes/class-avfr-db.php on line 146",
    "level": "DEPRECATED",
    "type": "PHP",
    "test": "asyncify-boot",
    "plugin": "firestudio",
    "details": "[07-May-2025 19:49:44 UTC] PHP Deprecated:  Required parameter $voted_group follows optional parameter $userid in /wordpress/wp-content/plugins/feature-request/includes/class-avfr-db.php on line 146",
    "log": "/logs/plugins/f/firestudio/error.json"
  },
  {
    "message": "Required parameter $email follows optional parameter $userid in /wordpress/wp-content/plugins/feature-request/includes/class-avfr-db.php on line 108",
    "level": "DEPRECATED",
    "type": "PHP",
    "test": "asyncify-boot",
    "plugin": "firestudio",
    "details": "[07-May-2025 19:49:45 UTC] PHP Deprecated:  Required parameter $email follows optional parameter $userid in /wordpress/wp-content/plugins/feature-request/includes/class-avfr-db.php on line 108",
    "log": "/logs/plugins/f/firestudio/error.json"
  },
  {
    "message": "Required parameter $voted_group follows optional parameter $userid in /wordpress/wp-content/plugins/feature-request/includes/class-avfr-db.php on line 108",
    "level": "DEPRECATED",
    "type": "PHP",
    "test": "asyncify-boot",
    "plugin": "firestudio",
    "details": "[07-May-2025 19:49:45 UTC] PHP Deprecated:  Required parameter $voted_group follows optional parameter $userid in /wordpress/wp-content/plugins/feature-request/includes/class-avfr-db.php on line 108",
    "log": "/logs/plugins/f/firestudio/error.json"
  },
  {
    "message": "Required parameter $email follows optional parameter $userid in /wordpress/wp-content/plugins/feature-request/includes/class-avfr-db.php on line 127",
    "level": "DEPRECATED",
    "type": "PHP",
    "test": "asyncify-boot",
    "plugin": "firestudio",
    "details": "[07-May-2025 19:49:45 UTC] PHP Deprecated:  Required parameter $email follows optional parameter $userid in /wordpress/wp-content/plugins/feature-request/includes/class-avfr-db.php on line 127",
    "log": "/logs/plugins/f/firestudio/error.json"
  },
  {
    "message": "Required parameter $voted_group follows optional parameter $userid in /wordpress/wp-content/plugins/feature-request/includes/class-avfr-db.php on line 127",
    "level": "DEPRECATED",
    "type": "PHP",
    "test": "asyncify-boot",
    "plugin": "firestudio",
    "details": "[07-May-2025 19:49:45 UTC] PHP Deprecated:  Required parameter $voted_group follows optional parameter $userid in /wordpress/wp-content/plugins/feature-request/includes/class-avfr-db.php on line 127",
    "log": "/logs/plugins/f/firestudio/error.json"
  },
  {
    "message": "Required parameter $email follows optional parameter $userid in /wordpress/wp-content/plugins/feature-request/includes/class-avfr-db.php on line 146",
    "level": "DEPRECATED",
    "type": "PHP",
    "test": "asyncify-boot",
    "plugin": "firestudio",
    "details": "[07-May-2025 19:49:45 UTC] PHP Deprecated:  Required parameter $email follows optional parameter $userid in /wordpress/wp-content/plugins/feature-request/includes/class-avfr-db.php on line 146",
    "log": "/logs/plugins/f/firestudio/error.json"
  },
  {
    "message": "Required parameter $voted_group follows optional parameter $userid in /wordpress/wp-content/plugins/feature-request/includes/class-avfr-db.php on line 146",
    "level": "DEPRECATED",
    "type": "PHP",
    "test": "asyncify-boot",
    "plugin": "firestudio",
    "details": "[07-May-2025 19:49:45 UTC] PHP Deprecated:  Required parameter $voted_group follows optional parameter $userid in /wordpress/wp-content/plugins/feature-request/includes/class-avfr-db.php on line 146",
    "log": "/logs/plugins/f/firestudio/error.json"
  },
  {
    "message": "Undefined array key \"SERVER_ADDR\" in /wordpress/wp-content/plugins/file-commander/contribution.php on line 1",
    "level": "WARNING",
    "type": "PHP",
    "test": "asyncify-boot",
    "plugin": "firestudio",
    "details": "[07-May-2025 19:53:26 UTC] PHP Warning:  Undefined array key \"SERVER_ADDR\" in /wordpress/wp-content/plugins/file-commander/contribution.php on line 1",
    "log": "/logs/plugins/f/firestudio/error.json"
  },
  {
    "message": "Undefined array key \"SERVER_ADDR\" in /wordpress/wp-content/plugins/file-commander/contribution.php on line 1",
    "level": "WARNING",
    "type": "PHP",
    "test": "asyncify-boot",
    "plugin": "firestudio",
    "details": "[07-May-2025 19:53:35 UTC] PHP Warning:  Undefined array key \"SERVER_ADDR\" in /wordpress/wp-content/plugins/file-commander/contribution.php on line 1",
    "log": "/logs/plugins/f/firestudio/error.json"
  },
  {
    "message": "Undefined array key \"SERVER_ADDR\" in /wordpress/wp-content/plugins/file-commander/contribution.php on line 1",
    "level": "WARNING",
    "type": "PHP",
    "test": "asyncify-boot",
    "plugin": "firestudio",
    "details": "[07-May-2025 19:53:44 UTC] PHP Warning:  Undefined array key \"SERVER_ADDR\" in /wordpress/wp-content/plugins/file-commander/contribution.php on line 1",
    "log": "/logs/plugins/f/firestudio/error.json"
  },
  {
    "message": "Cannot combine AUTOINCREMENT and multiple primary keys in SQLite.",
    "level": "FATAL",
    "type": "SQL",
    "test": "asyncify-boot",
    "plugin": "firestudio",
    "details": "[07-May-2025 19:54:03 UTC] WordPress database error <div style=\"clear:both\">&nbsp;</div>\n<div class=\"queries\" style=\"clear:both;margin-bottom:2px;border:red dotted thin;\">\n<p>MySQL query:</p>\n<p>CREATE TABLE `wp_filerobot_remote_mapping` ( `id` bigint(20) NOT NULL auto_increment,  `post_id` bigint(20) NOT NULL,  `remote_name` varchar(500) NOT NULL,  `local_name` varchar(500) NOT NULL,  `uuid` varchar(500) NOT NULL,  `sha` varchar(500) NOT NULL DEFAULT '',  `container` varchar(500) NOT NULL,  `status` varchar(500) NOT NULL,  `in_progress` varchar(500) NOT NULL DEFAULT '0',  `created` TIMESTAMP NOT NULL DEFAULT CURRENT_TIMESTAMP,  `updated` TIMESTAMP on update CURRENT_TIMESTAMP NOT NULL DEFAULT CURRENT_TIMESTAMP,  PRIMARY KEY `remote_mapping_id` (`id`),  INDEX (`post_id`),  INDEX (`status`),  INDEX (`remote_name`),  INDEX (`uuid`),  INDEX (`in_progress`) ) DEFAULT CHARACTER SET utf8mb4</p>\n<p>Queries made or created this session were:</p>\n<ol>\n<li>Executing: BEGIN | (no parameters)</li>\n<li>Executing: ROLLBACK | (no parameters)</li>\n</ol>\n</div>\n<div style=\"clear:both;margin-bottom:2px;border:red dotted thin;\" class=\"error_message\" style=\"border-bottom:dotted blue thin;\">\nError occurred at line 4117 in Function <code>handle_error</code>. Error message was: Cannot combine AUTOINCREMENT and multiple primary keys in SQLite.\n</div>\n<p>Backtrace:</p>\n<pre>#0 /internal/shared/sqlite-database-integration/wp-includes/sqlite/class-wp-sqlite-db.php(287): WP_SQLite_Translator->get_error_message()\n#1 /wordpress/wp-admin/includes/upgrade.php(3280): WP_SQLite_DB->query('CREATE TABLE `w...')\n#2 /wordpress/wp-content/plugins/filerobot-digital-asset-management-and-acceleration/filerobot_class.php(562): dbDelta(Array)\n#3 /wordpress/wp-content/plugins/filerobot-digital-asset-management-and-acceleration/loader.php(94): Filerobot::setup_db()\n#4 /wordpress/wp-includes/class-wp-hook.php(324): on_activation(false)\n#5 /wordpress/wp-includes/class-wp-hook.php(348): WP_Hook->apply_filters('', Array)\n#6 /wordpress/wp-includes/plugin.php(517): WP_Hook->do_action(Array)\n#7 /wordpress/wp-admin/includes/plugin.php(703): do_action('activate_filero...', false)\n#8 /internal/eval.php(20): activate_plugin('filerobot-digit...')\n#9 {main}</pre>\n for query CREATE TABLE `wp_filerobot_remote_mapping` ( `id` bigint(20) NOT NULL auto_increment,  `post_id` bigint(20) NOT NULL,  `remote_name` varchar(500) NOT NULL,  `local_name` varchar(500) NOT NULL,  `uuid` varchar(500) NOT NULL,  `sha` varchar(500) NOT NULL DEFAULT '',  `container` varchar(500) NOT NULL,  `status` varchar(500) NOT NULL,  `in_progress` varchar(500) NOT NULL DEFAULT '0',  `created` TIMESTAMP NOT NULL DEFAULT CURRENT_TIMESTAMP,  `updated` TIMESTAMP on update CURRENT_TIMESTAMP NOT NULL DEFAULT CURRENT_TIMESTAMP,  PRIMARY KEY `remote_mapping_id` (`id`),  INDEX (`post_id`),  INDEX (`status`),  INDEX (`remote_name`),  INDEX (`uuid`),  INDEX (`in_progress`) ) DEFAULT CHARACTER SET utf8mb4 made by activate_plugin, do_action('activate_filerobot-digital-asset-management-and-acceleration/loader.php'), WP_Hook->do_action, WP_Hook->apply_filters, on_activation, Filerobot::setup_db, dbDelta, WP_SQLite_DB->query, WP_SQLite_DB->print_error",
    "log": "/logs/plugins/f/firestudio/error.json"
  },
  {
    "message": "Cannot combine AUTOINCREMENT and multiple primary keys in SQLite.",
    "level": "FATAL",
    "type": "SQL",
    "test": "asyncify-boot",
    "plugin": "firestudio",
    "details": "[07-May-2025 19:54:12 UTC] WordPress database error <div style=\"clear:both\">&nbsp;</div>\n<div class=\"queries\" style=\"clear:both;margin-bottom:2px;border:red dotted thin;\">\n<p>MySQL query:</p>\n<p>CREATE TABLE `wp_filerobot_remote_mapping` ( `id` bigint(20) NOT NULL auto_increment,  `post_id` bigint(20) NOT NULL,  `remote_name` varchar(500) NOT NULL,  `local_name` varchar(500) NOT NULL,  `uuid` varchar(500) NOT NULL,  `sha` varchar(500) NOT NULL DEFAULT '',  `container` varchar(500) NOT NULL,  `status` varchar(500) NOT NULL,  `in_progress` varchar(500) NOT NULL DEFAULT '0',  `created` TIMESTAMP NOT NULL DEFAULT CURRENT_TIMESTAMP,  `updated` TIMESTAMP on update CURRENT_TIMESTAMP NOT NULL DEFAULT CURRENT_TIMESTAMP,  PRIMARY KEY `remote_mapping_id` (`id`),  INDEX (`post_id`),  INDEX (`status`),  INDEX (`remote_name`),  INDEX (`uuid`),  INDEX (`in_progress`) ) DEFAULT CHARACTER SET utf8mb4</p>\n<p>Queries made or created this session were:</p>\n<ol>\n<li>Executing: BEGIN | (no parameters)</li>\n<li>Executing: ROLLBACK | (no parameters)</li>\n</ol>\n</div>\n<div style=\"clear:both;margin-bottom:2px;border:red dotted thin;\" class=\"error_message\" style=\"border-bottom:dotted blue thin;\">\nError occurred at line 4117 in Function <code>handle_error</code>. Error message was: Cannot combine AUTOINCREMENT and multiple primary keys in SQLite.\n</div>\n<p>Backtrace:</p>\n<pre>#0 /internal/shared/sqlite-database-integration/wp-includes/sqlite/class-wp-sqlite-db.php(287): WP_SQLite_Translator->get_error_message()\n#1 /wordpress/wp-admin/includes/upgrade.php(3280): WP_SQLite_DB->query('CREATE TABLE `w...')\n#2 /wordpress/wp-content/plugins/filerobot-digital-asset-management-and-acceleration/filerobot_class.php(562): dbDelta(Array)\n#3 /wordpress/wp-content/plugins/filerobot-digital-asset-management-and-acceleration/loader.php(94): Filerobot::setup_db()\n#4 /wordpress/wp-includes/class-wp-hook.php(324): on_activation(false)\n#5 /wordpress/wp-includes/class-wp-hook.php(348): WP_Hook->apply_filters('', Array)\n#6 /wordpress/wp-includes/plugin.php(517): WP_Hook->do_action(Array)\n#7 /wordpress/wp-admin/includes/plugin.php(703): do_action('activate_filero...', false)\n#8 /internal/eval.php(20): activate_plugin('filerobot-digit...')\n#9 {main}</pre>\n for query CREATE TABLE `wp_filerobot_remote_mapping` ( `id` bigint(20) NOT NULL auto_increment,  `post_id` bigint(20) NOT NULL,  `remote_name` varchar(500) NOT NULL,  `local_name` varchar(500) NOT NULL,  `uuid` varchar(500) NOT NULL,  `sha` varchar(500) NOT NULL DEFAULT '',  `container` varchar(500) NOT NULL,  `status` varchar(500) NOT NULL,  `in_progress` varchar(500) NOT NULL DEFAULT '0',  `created` TIMESTAMP NOT NULL DEFAULT CURRENT_TIMESTAMP,  `updated` TIMESTAMP on update CURRENT_TIMESTAMP NOT NULL DEFAULT CURRENT_TIMESTAMP,  PRIMARY KEY `remote_mapping_id` (`id`),  INDEX (`post_id`),  INDEX (`status`),  INDEX (`remote_name`),  INDEX (`uuid`),  INDEX (`in_progress`) ) DEFAULT CHARACTER SET utf8mb4 made by activate_plugin, do_action('activate_filerobot-digital-asset-management-and-acceleration/loader.php'), WP_Hook->do_action, WP_Hook->apply_filters, on_activation, Filerobot::setup_db, dbDelta, WP_SQLite_DB->query, WP_SQLite_DB->print_error",
    "log": "/logs/plugins/f/firestudio/error.json"
  },
  {
    "message": "Required parameter $start_string follows optional parameter $count in /wordpress/wp-content/plugins/filogy-invoice/includes/wsl-core-functions.php on line 60",
    "level": "DEPRECATED",
    "type": "PHP",
    "test": "asyncify-boot",
    "plugin": "firestudio",
    "details": "[07-May-2025 19:54:23 UTC] PHP Deprecated:  Required parameter $start_string follows optional parameter $count in /wordpress/wp-content/plugins/filogy-invoice/includes/wsl-core-functions.php on line 60",
    "log": "/logs/plugins/f/firestudio/error.json"
  },
  {
    "message": "Required parameter $start_string follows optional parameter $count in /wordpress/wp-content/plugins/filogy-invoice/filogy-framework-mini/includes/wsl-core-functions.php on line 60",
    "level": "DEPRECATED",
    "type": "PHP",
    "test": "asyncify-boot",
    "plugin": "firestudio",
    "details": "[07-May-2025 19:54:23 UTC] PHP Deprecated:  Required parameter $start_string follows optional parameter $count in /wordpress/wp-content/plugins/filogy-invoice/filogy-framework-mini/includes/wsl-core-functions.php on line 60",
    "log": "/logs/plugins/f/firestudio/error.json"
  },
  {
    "message": "Required parameter $group_no follows optional parameter $the_order in /wordpress/wp-content/plugins/filogy-invoice/includes/filo-core-functions.php on line 20",
    "level": "DEPRECATED",
    "type": "PHP",
    "test": "asyncify-boot",
    "plugin": "firestudio",
    "details": "[07-May-2025 19:54:23 UTC] PHP Deprecated:  Required parameter $group_no follows optional parameter $the_order in /wordpress/wp-content/plugins/filogy-invoice/includes/filo-core-functions.php on line 20",
    "log": "/logs/plugins/f/firestudio/error.json"
  },
  {
    "message": "Filogy Invoice - Please activate WooCommerce fist, then \"Filogy Framework\", then \"Filogy\", because Filogy needs this prerequired plugin. <style> h1{display: none; font-size: 1em; font-weight: normal;} </style> in /wordpress/wp-content/plugins/filogy-invoice/includes/wsl-core-functions.php on line 952",
    "level": "FATAL",
    "type": "PHP",
    "test": "asyncify-boot",
    "plugin": "firestudio",
    "details": "[07-May-2025 19:54:23 UTC] PHP Fatal error:  Filogy Invoice - Please activate WooCommerce fist, then \"Filogy Framework\", then \"Filogy\", because Filogy needs this prerequired plugin. <style> h1{display: none; font-size: 1em; font-weight: normal;} </style> in /wordpress/wp-content/plugins/filogy-invoice/includes/wsl-core-functions.php on line 952",
    "log": "/logs/plugins/f/firestudio/error.json"
  },
  {
    "message": "Required parameter $start_string follows optional parameter $count in /wordpress/wp-content/plugins/filogy-invoice/includes/wsl-core-functions.php on line 60",
    "level": "DEPRECATED",
    "type": "PHP",
    "test": "asyncify-boot",
    "plugin": "firestudio",
    "details": "[07-May-2025 19:54:33 UTC] PHP Deprecated:  Required parameter $start_string follows optional parameter $count in /wordpress/wp-content/plugins/filogy-invoice/includes/wsl-core-functions.php on line 60",
    "log": "/logs/plugins/f/firestudio/error.json"
  },
  {
    "message": "Required parameter $start_string follows optional parameter $count in /wordpress/wp-content/plugins/filogy-invoice/filogy-framework-mini/includes/wsl-core-functions.php on line 60",
    "level": "DEPRECATED",
    "type": "PHP",
    "test": "asyncify-boot",
    "plugin": "firestudio",
    "details": "[07-May-2025 19:54:33 UTC] PHP Deprecated:  Required parameter $start_string follows optional parameter $count in /wordpress/wp-content/plugins/filogy-invoice/filogy-framework-mini/includes/wsl-core-functions.php on line 60",
    "log": "/logs/plugins/f/firestudio/error.json"
  },
  {
    "message": "Required parameter $group_no follows optional parameter $the_order in /wordpress/wp-content/plugins/filogy-invoice/includes/filo-core-functions.php on line 20",
    "level": "DEPRECATED",
    "type": "PHP",
    "test": "asyncify-boot",
    "plugin": "firestudio",
    "details": "[07-May-2025 19:54:33 UTC] PHP Deprecated:  Required parameter $group_no follows optional parameter $the_order in /wordpress/wp-content/plugins/filogy-invoice/includes/filo-core-functions.php on line 20",
    "log": "/logs/plugins/f/firestudio/error.json"
  },
  {
    "message": "Filogy Invoice - Please activate WooCommerce fist, then \"Filogy Framework\", then \"Filogy\", because Filogy needs this prerequired plugin. <style> h1{display: none; font-size: 1em; font-weight: normal;} </style> in /wordpress/wp-content/plugins/filogy-invoice/includes/wsl-core-functions.php on line 952",
    "level": "FATAL",
    "type": "PHP",
    "test": "asyncify-boot",
    "plugin": "firestudio",
    "details": "[07-May-2025 19:54:33 UTC] PHP Fatal error:  Filogy Invoice - Please activate WooCommerce fist, then \"Filogy Framework\", then \"Filogy\", because Filogy needs this prerequired plugin. <style> h1{display: none; font-size: 1em; font-weight: normal;} </style> in /wordpress/wp-content/plugins/filogy-invoice/includes/wsl-core-functions.php on line 952",
    "log": "/logs/plugins/f/firestudio/error.json"
  },
  {
    "message": "Required parameter $start_string follows optional parameter $count in /wordpress/wp-content/plugins/filogy-invoice/includes/wsl-core-functions.php on line 60",
    "level": "DEPRECATED",
    "type": "PHP",
    "test": "asyncify-boot",
    "plugin": "firestudio",
    "details": "[07-May-2025 19:54:42 UTC] PHP Deprecated:  Required parameter $start_string follows optional parameter $count in /wordpress/wp-content/plugins/filogy-invoice/includes/wsl-core-functions.php on line 60",
    "log": "/logs/plugins/f/firestudio/error.json"
  },
  {
    "message": "Required parameter $start_string follows optional parameter $count in /wordpress/wp-content/plugins/filogy-invoice/filogy-framework-mini/includes/wsl-core-functions.php on line 60",
    "level": "DEPRECATED",
    "type": "PHP",
    "test": "asyncify-boot",
    "plugin": "firestudio",
    "details": "[07-May-2025 19:54:42 UTC] PHP Deprecated:  Required parameter $start_string follows optional parameter $count in /wordpress/wp-content/plugins/filogy-invoice/filogy-framework-mini/includes/wsl-core-functions.php on line 60",
    "log": "/logs/plugins/f/firestudio/error.json"
  },
  {
    "message": "Required parameter $group_no follows optional parameter $the_order in /wordpress/wp-content/plugins/filogy-invoice/includes/filo-core-functions.php on line 20",
    "level": "DEPRECATED",
    "type": "PHP",
    "test": "asyncify-boot",
    "plugin": "firestudio",
    "details": "[07-May-2025 19:54:42 UTC] PHP Deprecated:  Required parameter $group_no follows optional parameter $the_order in /wordpress/wp-content/plugins/filogy-invoice/includes/filo-core-functions.php on line 20",
    "log": "/logs/plugins/f/firestudio/error.json"
  },
  {
    "message": "Filogy Invoice - Please activate WooCommerce fist, then \"Filogy Framework\", then \"Filogy\", because Filogy needs this prerequired plugin. <style> h1{display: none; font-size: 1em; font-weight: normal;} </style> in /wordpress/wp-content/plugins/filogy-invoice/includes/wsl-core-functions.php on line 952",
    "level": "FATAL",
    "type": "PHP",
    "test": "asyncify-boot",
    "plugin": "firestudio",
    "details": "[07-May-2025 19:54:42 UTC] PHP Fatal error:  Filogy Invoice - Please activate WooCommerce fist, then \"Filogy Framework\", then \"Filogy\", because Filogy needs this prerequired plugin. <style> h1{display: none; font-size: 1em; font-weight: normal;} </style> in /wordpress/wp-content/plugins/filogy-invoice/includes/wsl-core-functions.php on line 952",
    "log": "/logs/plugins/f/firestudio/error.json"
  },
  {
    "message": "Function register_sidebar_widget is <strong>deprecated</strong> since version 2.8.0! Use wp_register_sidebar_widget() instead. in /wordpress/wp-includes/functions.php on line 6121",
    "level": "DEPRECATED",
    "type": "PHP",
    "test": "asyncify-boot",
    "plugin": "firestudio",
    "details": "[07-May-2025 19:55:19 UTC] PHP Deprecated:  Function register_sidebar_widget is <strong>deprecated</strong> since version 2.8.0! Use wp_register_sidebar_widget() instead. in /wordpress/wp-includes/functions.php on line 6121",
    "log": "/logs/plugins/f/firestudio/error.json"
  },
  {
    "message": "Function register_widget_control is <strong>deprecated</strong> since version 2.8.0! Use wp_register_widget_control() instead. in /wordpress/wp-includes/functions.php on line 6121",
    "level": "DEPRECATED",
    "type": "PHP",
    "test": "asyncify-boot",
    "plugin": "firestudio",
    "details": "[07-May-2025 19:55:19 UTC] PHP Deprecated:  Function register_widget_control is <strong>deprecated</strong> since version 2.8.0! Use wp_register_widget_control() instead. in /wordpress/wp-includes/functions.php on line 6121",
    "log": "/logs/plugins/f/firestudio/error.json"
  },
  {
    "message": "Function register_sidebar_widget is <strong>deprecated</strong> since version 2.8.0! Use wp_register_sidebar_widget() instead. in /wordpress/wp-includes/functions.php on line 6121",
    "level": "DEPRECATED",
    "type": "PHP",
    "test": "asyncify-boot",
    "plugin": "firestudio",
    "details": "[07-May-2025 19:55:28 UTC] PHP Deprecated:  Function register_sidebar_widget is <strong>deprecated</strong> since version 2.8.0! Use wp_register_sidebar_widget() instead. in /wordpress/wp-includes/functions.php on line 6121",
    "log": "/logs/plugins/f/firestudio/error.json"
  },
  {
    "message": "Function register_widget_control is <strong>deprecated</strong> since version 2.8.0! Use wp_register_widget_control() instead. in /wordpress/wp-includes/functions.php on line 6121",
    "level": "DEPRECATED",
    "type": "PHP",
    "test": "asyncify-boot",
    "plugin": "firestudio",
    "details": "[07-May-2025 19:55:28 UTC] PHP Deprecated:  Function register_widget_control is <strong>deprecated</strong> since version 2.8.0! Use wp_register_widget_control() instead. in /wordpress/wp-includes/functions.php on line 6121",
    "log": "/logs/plugins/f/firestudio/error.json"
  },
  {
    "message": "Function register_sidebar_widget is <strong>deprecated</strong> since version 2.8.0! Use wp_register_sidebar_widget() instead. in /wordpress/wp-includes/functions.php on line 6121",
    "level": "DEPRECATED",
    "type": "PHP",
    "test": "asyncify-boot",
    "plugin": "firestudio",
    "details": "[07-May-2025 19:55:37 UTC] PHP Deprecated:  Function register_sidebar_widget is <strong>deprecated</strong> since version 2.8.0! Use wp_register_sidebar_widget() instead. in /wordpress/wp-includes/functions.php on line 6121",
    "log": "/logs/plugins/f/firestudio/error.json"
  },
  {
    "message": "Function register_widget_control is <strong>deprecated</strong> since version 2.8.0! Use wp_register_widget_control() instead. in /wordpress/wp-includes/functions.php on line 6121",
    "level": "DEPRECATED",
    "type": "PHP",
    "test": "asyncify-boot",
    "plugin": "firestudio",
    "details": "[07-May-2025 19:55:37 UTC] PHP Deprecated:  Function register_widget_control is <strong>deprecated</strong> since version 2.8.0! Use wp_register_widget_control() instead. in /wordpress/wp-includes/functions.php on line 6121",
    "log": "/logs/plugins/f/firestudio/error.json"
  },
  {
    "message": "simplexml_load_file(http://www.arbeitsgemeinschaft-finanzen.de/feed.xml): Failed to open stream: HTTP request failed! HTTP/1.1 404 Not Found\r",
    "level": "WARNING",
    "type": "PHP",
    "test": "asyncify-boot",
    "plugin": "firestudio",
    "details": "[07-May-2025 19:55:38 UTC] PHP Warning:  simplexml_load_file(http://www.arbeitsgemeinschaft-finanzen.de/feed.xml): Failed to open stream: HTTP request failed! HTTP/1.1 404 Not Found\r\n in /wordpress/wp-content/plugins/finanz-nachrichten/finanz-nachrichten.php on line 151",
    "log": "/logs/plugins/f/firestudio/error.json"
  },
  {
    "message": "simplexml_load_file(): I/O warning : failed to load external entity &quot;http://www.arbeitsgemeinschaft-finanzen.de/feed.xml&quot; in /wordpress/wp-content/plugins/finanz-nachrichten/finanz-nachrichten.php on line 151",
    "level": "WARNING",
    "type": "PHP",
    "test": "asyncify-boot",
    "plugin": "firestudio",
    "details": "[07-May-2025 19:55:38 UTC] PHP Warning:  simplexml_load_file(): I/O warning : failed to load external entity &quot;http://www.arbeitsgemeinschaft-finanzen.de/feed.xml&quot; in /wordpress/wp-content/plugins/finanz-nachrichten/finanz-nachrichten.php on line 151",
    "log": "/logs/plugins/f/firestudio/error.json"
  },
  {
    "message": "Attempt to read property \"channel\" on bool in /wordpress/wp-content/plugins/finanz-nachrichten/finanz-nachrichten.php on line 154",
    "level": "WARNING",
    "type": "PHP",
    "test": "asyncify-boot",
    "plugin": "firestudio",
    "details": "[07-May-2025 19:55:38 UTC] PHP Warning:  Attempt to read property \"channel\" on bool in /wordpress/wp-content/plugins/finanz-nachrichten/finanz-nachrichten.php on line 154",
    "log": "/logs/plugins/f/firestudio/error.json"
  },
  {
    "message": "Attempt to read property \"item\" on null in /wordpress/wp-content/plugins/finanz-nachrichten/finanz-nachrichten.php on line 154",
    "level": "WARNING",
    "type": "PHP",
    "test": "asyncify-boot",
    "plugin": "firestudio",
    "details": "[07-May-2025 19:55:38 UTC] PHP Warning:  Attempt to read property \"item\" on null in /wordpress/wp-content/plugins/finanz-nachrichten/finanz-nachrichten.php on line 154",
    "log": "/logs/plugins/f/firestudio/error.json"
  },
  {
    "message": "foreach() argument must be of type array|object, null given in /wordpress/wp-content/plugins/finanz-nachrichten/finanz-nachrichten.php on line 154",
    "level": "WARNING",
    "type": "PHP",
    "test": "asyncify-boot",
    "plugin": "firestudio",
    "details": "[07-May-2025 19:55:38 UTC] PHP Warning:  foreach() argument must be of type array|object, null given in /wordpress/wp-content/plugins/finanz-nachrichten/finanz-nachrichten.php on line 154",
    "log": "/logs/plugins/f/firestudio/error.json"
  },
  {
    "message": "Uncaught PDOException: SQLSTATE[HY000] [2002] Address family not supported by protocol in /wordpress/wp-content/plugins/firestudio/shared/init.php:20",
    "level": "FATAL",
    "type": "PHP",
    "test": "asyncify-boot",
    "plugin": "firestudio",
    "details": "[07-May-2025 19:55:48 UTC] PHP Fatal error:  Uncaught PDOException: SQLSTATE[HY000] [2002] Address family not supported by protocol in /wordpress/wp-content/plugins/firestudio/shared/init.php:20\nStack trace:\n#0 /wordpress/wp-content/plugins/firestudio/shared/init.php(20): PDO->__construct('mysql:host=loca...', 'username_here', 'password_here')\n#1 /wordpress/wp-content/plugins/firestudio/shared/autoload.php(42): require_once('/wordpress/wp-c...')\n#2 /wordpress/wp-content/plugins/firestudio/plugin.php(48): require_once('/wordpress/wp-c...')\n#3 /wordpress/wp-admin/includes/plugin.php(2387): include_once('/wordpress/wp-c...')\n#4 /wordpress/wp-admin/includes/plugin.php(673): plugin_sandbox_scrape('firestudio/plug...')\n#5 /internal/eval.php(20): activate_plugin('firestudio/plug...')\n#6 {main}\n  thrown in /wordpress/wp-content/plugins/firestudio/shared/init.php on line 20",
    "log": "/logs/plugins/f/firestudio/error.json"
  },
  {
    "message": "Uncaught PDOException: SQLSTATE[HY000] [2002] Address family not supported by protocol in /wordpress/wp-content/plugins/firestudio/shared/init.php:20",
    "level": "FATAL",
    "type": "PHP",
    "test": "asyncify-boot",
    "plugin": "firestudio",
    "details": "[07-May-2025 19:55:56 UTC] PHP Fatal error:  Uncaught PDOException: SQLSTATE[HY000] [2002] Address family not supported by protocol in /wordpress/wp-content/plugins/firestudio/shared/init.php:20\nStack trace:\n#0 /wordpress/wp-content/plugins/firestudio/shared/init.php(20): PDO->__construct('mysql:host=loca...', 'username_here', 'password_here')\n#1 /wordpress/wp-content/plugins/firestudio/shared/autoload.php(42): require_once('/wordpress/wp-c...')\n#2 /wordpress/wp-content/plugins/firestudio/plugin.php(48): require_once('/wordpress/wp-c...')\n#3 /wordpress/wp-admin/includes/plugin.php(2387): include_once('/wordpress/wp-c...')\n#4 /wordpress/wp-admin/includes/plugin.php(673): plugin_sandbox_scrape('firestudio/plug...')\n#5 /internal/eval.php(20): activate_plugin('firestudio/plug...')\n#6 {main}\n  thrown in /wordpress/wp-content/plugins/firestudio/shared/init.php on line 20\n\n    at Object.onBind (file:///home/runner/work/playground-tester/playground-tester/node_modules/@wp-playground/cli/index.js:237:15)\n    at process.processTicksAndRejections (node:internal/process/task_queues:105:5)\n    at async V (file:///home/runner/work/playground-tester/playground-tester/node_modules/@wp-playground/cli/index.js:64:10)\n    at async ja (file:///home/runner/work/playground-tester/playground-tester/node_modules/@wp-playground/cli/cli.js:8161:12) {\n  [cause]: Error: Error when executing the blueprint step #1 ({\"step\":\"installPlugin\",\"pluginData\":{\"resource\":\"wordpress.org/plugins\",\"slug\":\"firestudio\"},\"options\":{\"activate\":true}}) : PHP.run() failed with exit code 255 and the following output: \n      at Object.run (file:///home/runner/work/playground-tester/playground-tester/node_modules/@wp-playground/blueprints/index.js:12449:19)\n      at process.processTicksAndRejections (node:internal/process/task_queues:105:5)\n      at async ms (file:///home/runner/work/playground-tester/playground-tester/node_modules/@wp-playground/blueprints/index.js:12552:3)\n      ... 2 lines matching cause stack trace ...\n      at async ja (file:///home/runner/work/playground-tester/playground-tester/node_modules/@wp-playground/cli/cli.js:8161:12) {\n    [cause]: PHPExecutionFailureError: PHP.run() failed with exit code 255 and the following output: \n        at PHP.run (file:///home/runner/work/playground-tester/playground-tester/node_modules/@php-wasm/universal/index.js:987:19)\n        at process.processTicksAndRejections (node:internal/process/task_queues:105:5)\n        at async wr (file:///home/runner/work/playground-tester/playground-tester/node_modules/@wp-playground/blueprints/index.js:33:39)\n        at async Object.gt [as installPlugin] (file:///home/runner/work/playground-tester/playground-tester/node_modules/@wp-playground/blueprints/index.js:974:42)\n        at async g (file:///home/runner/work/playground-tester/playground-tester/node_modules/@wp-playground/blueprints/index.js:12517:30)\n        at async Object.run (file:///home/runner/work/playground-tester/playground-tester/node_modules/@wp-playground/blueprints/index.js:12446:23)\n        at async ms (file:///home/runner/work/playground-tester/playground-tester/node_modules/@wp-playground/blueprints/index.js:12552:3)\n        at async Object.onBind (file:///home/runner/work/playground-tester/playground-tester/node_modules/@wp-playground/cli/index.js:227:48)\n        at async V (file:///home/runner/work/playground-tester/playground-tester/node_modules/@wp-playground/cli/index.js:64:10)\n        at async ja (file:///home/runner/work/playground-tester/playground-tester/node_modules/@wp-playground/cli/cli.js:8161:12) {\n      response: PHPResponse {\n        httpStatusCode: 500,\n        headers: {\n          'x-powered-by': [ 'PHP/8.0.30-dev' ],\n          'content-type': [ 'text/html; charset=UTF-8' ]\n        },\n        bytes: Uint8Array(0) [],\n        exitCode: 255,\n        errors: ''\n      },\n      source: 'request'\n    }\n  }\n}\n\n",
    "log": "/logs/plugins/f/firestudio/error.json"
  },
  {
    "message": "file:///home/runner/work/playground-tester/playground-tester/node_modules/@wp-playground/cli/index.js:237\n        throw new Error(y, { cause: u });\n              ^\n",
    "level": "FATAL",
    "type": "PLAYGROUND",
    "test": "jspi-boot",
    "plugin": "firestudio",
    "details": "file:///home/runner/work/playground-tester/playground-tester/node_modules/@wp-playground/cli/index.js:237\n        throw new Error(y, { cause: u });\n              ^\n",
    "log": "/tmp/tmp.fQUVHZyjMC"
  },
  {
    "message": "Undefined array key \"appId\" in /wordpress/wp-content/plugins/facebook-comments-for-wordpress/facebook-comments-core.php on line 60",
    "level": "WARNING",
    "type": "PHP",
    "test": "jspi-boot",
    "plugin": "firestudio",
    "details": "[07-May-2025 19:47:40 UTC] PHP Warning:  Undefined array key \"appId\" in /wordpress/wp-content/plugins/facebook-comments-for-wordpress/facebook-comments-core.php on line 60",
    "log": "/logs/plugins/f/firestudio/error.json"
  },
  {
    "message": "Undefined array key \"appSecret\" in /wordpress/wp-content/plugins/facebook-comments-for-wordpress/facebook-comments-core.php on line 61",
    "level": "WARNING",
    "type": "PHP",
    "test": "jspi-boot",
    "plugin": "firestudio",
    "details": "[07-May-2025 19:47:40 UTC] PHP Warning:  Undefined array key \"appSecret\" in /wordpress/wp-content/plugins/facebook-comments-for-wordpress/facebook-comments-core.php on line 61",
    "log": "/logs/plugins/f/firestudio/error.json"
  },
  {
    "message": "Undefined array key \"xid\" in /wordpress/wp-content/plugins/facebook-comments-for-wordpress/facebook-comments-core.php on line 62",
    "level": "WARNING",
    "type": "PHP",
    "test": "jspi-boot",
    "plugin": "firestudio",
    "details": "[07-May-2025 19:47:40 UTC] PHP Warning:  Undefined array key \"xid\" in /wordpress/wp-content/plugins/facebook-comments-for-wordpress/facebook-comments-core.php on line 62",
    "log": "/logs/plugins/f/firestudio/error.json"
  },
  {
    "message": "Undefined array key \"commentVersion\" in /wordpress/wp-content/plugins/facebook-comments-for-wordpress/facebook-comments-core.php on line 66",
    "level": "WARNING",
    "type": "PHP",
    "test": "jspi-boot",
    "plugin": "firestudio",
    "details": "[07-May-2025 19:47:40 UTC] PHP Warning:  Undefined array key \"commentVersion\" in /wordpress/wp-content/plugins/facebook-comments-for-wordpress/facebook-comments-core.php on line 66",
    "log": "/logs/plugins/f/firestudio/error.json"
  },
  {
    "message": "Array to string conversion in /wordpress/wp-content/plugins/facebook-comments-for-wordpress/facebook-comments-core.php on line 72",
    "level": "WARNING",
    "type": "PHP",
    "test": "jspi-boot",
    "plugin": "firestudio",
    "details": "[07-May-2025 19:47:40 UTC] PHP Warning:  Array to string conversion in /wordpress/wp-content/plugins/facebook-comments-for-wordpress/facebook-comments-core.php on line 72",
    "log": "/logs/plugins/f/firestudio/error.json"
  },
  {
    "message": "Undefined variable $Array in /wordpress/wp-content/plugins/facebook-comments-for-wordpress/facebook-comments-core.php on line 72",
    "level": "WARNING",
    "type": "PHP",
    "test": "jspi-boot",
    "plugin": "firestudio",
    "details": "[07-May-2025 19:47:40 UTC] PHP Warning:  Undefined variable $Array in /wordpress/wp-content/plugins/facebook-comments-for-wordpress/facebook-comments-core.php on line 72",
    "log": "/logs/plugins/f/firestudio/error.json"
  },
  {
    "message": "Trying to access array offset on value of type null in /wordpress/wp-content/plugins/facebook-comments-for-wordpress/facebook-comments-core.php on line 72",
    "level": "WARNING",
    "type": "PHP",
    "test": "jspi-boot",
    "plugin": "firestudio",
    "details": "[07-May-2025 19:47:40 UTC] PHP Warning:  Trying to access array offset on value of type null in /wordpress/wp-content/plugins/facebook-comments-for-wordpress/facebook-comments-core.php on line 72",
    "log": "/logs/plugins/f/firestudio/error.json"
  },
  {
    "message": "Undefined array key \"language\" in /wordpress/wp-content/plugins/facebook-comments-for-wordpress/facebook-comments-core.php on line 94",
    "level": "WARNING",
    "type": "PHP",
    "test": "jspi-boot",
    "plugin": "firestudio",
    "details": "[07-May-2025 19:47:40 UTC] PHP Warning:  Undefined array key \"language\" in /wordpress/wp-content/plugins/facebook-comments-for-wordpress/facebook-comments-core.php on line 94",
    "log": "/logs/plugins/f/firestudio/error.json"
  },
  {
    "message": "Undefined array key \"hideWpComments\" in /wordpress/wp-content/plugins/facebook-comments-for-wordpress/facebook-comments.php on line 132",
    "level": "WARNING",
    "type": "PHP",
    "test": "jspi-boot",
    "plugin": "firestudio",
    "details": "[07-May-2025 19:47:40 UTC] PHP Warning:  Undefined array key \"hideWpComments\" in /wordpress/wp-content/plugins/facebook-comments-for-wordpress/facebook-comments.php on line 132",
    "log": "/logs/plugins/f/firestudio/error.json"
  },
  {
    "message": "Undefined array key \"includeFbmlLangAttr\" in /wordpress/wp-content/plugins/facebook-comments-for-wordpress/facebook-comments.php on line 142",
    "level": "WARNING",
    "type": "PHP",
    "test": "jspi-boot",
    "plugin": "firestudio",
    "details": "[07-May-2025 19:47:40 UTC] PHP Warning:  Undefined array key \"includeFbmlLangAttr\" in /wordpress/wp-content/plugins/facebook-comments-for-wordpress/facebook-comments.php on line 142",
    "log": "/logs/plugins/f/firestudio/error.json"
  },
  {
    "message": "Undefined array key \"includeOpenGraphLangAttr\" in /wordpress/wp-content/plugins/facebook-comments-for-wordpress/facebook-comments.php on line 142",
    "level": "WARNING",
    "type": "PHP",
    "test": "jspi-boot",
    "plugin": "firestudio",
    "details": "[07-May-2025 19:47:40 UTC] PHP Warning:  Undefined array key \"includeOpenGraphLangAttr\" in /wordpress/wp-content/plugins/facebook-comments-for-wordpress/facebook-comments.php on line 142",
    "log": "/logs/plugins/f/firestudio/error.json"
  },
  {
    "message": "Undefined array key \"includeOpenGraphMeta\" in /wordpress/wp-content/plugins/facebook-comments-for-wordpress/facebook-comments.php on line 160",
    "level": "WARNING",
    "type": "PHP",
    "test": "jspi-boot",
    "plugin": "firestudio",
    "details": "[07-May-2025 19:47:40 UTC] PHP Warning:  Undefined array key \"includeOpenGraphMeta\" in /wordpress/wp-content/plugins/facebook-comments-for-wordpress/facebook-comments.php on line 160",
    "log": "/logs/plugins/f/firestudio/error.json"
  },
  {
    "message": "Undefined array key \"includeFbComments\" in /wordpress/wp-content/plugins/facebook-comments-for-wordpress/facebook-comments.php on line 251",
    "level": "WARNING",
    "type": "PHP",
    "test": "jspi-boot",
    "plugin": "firestudio",
    "details": "[07-May-2025 19:47:40 UTC] PHP Warning:  Undefined array key \"includeFbComments\" in /wordpress/wp-content/plugins/facebook-comments-for-wordpress/facebook-comments.php on line 251",
    "log": "/logs/plugins/f/firestudio/error.json"
  },
  {
    "message": "Undefined array key \"combineCommentCounts\" in /wordpress/wp-content/plugins/facebook-comments-for-wordpress/facebook-comments.php on line 265",
    "level": "WARNING",
    "type": "PHP",
    "test": "jspi-boot",
    "plugin": "firestudio",
    "details": "[07-May-2025 19:47:40 UTC] PHP Warning:  Undefined array key \"combineCommentCounts\" in /wordpress/wp-content/plugins/facebook-comments-for-wordpress/facebook-comments.php on line 265",
    "log": "/logs/plugins/f/firestudio/error.json"
  },
  {
    "message": "Function wp_enqueue_script was called <strong>incorrectly</strong>. Scripts and styles should not be registered or enqueued until the <code>wp_enqueue_scripts</code>, <code>admin_enqueue_scripts</code>, or <code>login_enqueue_scripts</code> hooks. This notice was triggered by the <code>jquery</code> handle. Please see <a href=\"https://developer.wordpress.org/advanced-administration/debug/debug-wordpress/\">Debugging in WordPress</a> for more information. (This message was added in version 3.3.0.) in /wordpress/wp-includes/functions.php on line 6121",
    "level": "NOTICE",
    "type": "PHP",
    "test": "jspi-boot",
    "plugin": "firestudio",
    "details": "[07-May-2025 19:47:41 UTC] PHP Notice:  Function wp_enqueue_script was called <strong>incorrectly</strong>. Scripts and styles should not be registered or enqueued until the <code>wp_enqueue_scripts</code>, <code>admin_enqueue_scripts</code>, or <code>login_enqueue_scripts</code> hooks. This notice was triggered by the <code>jquery</code> handle. Please see <a href=\"https://developer.wordpress.org/advanced-administration/debug/debug-wordpress/\">Debugging in WordPress</a> for more information. (This message was added in version 3.3.0.) in /wordpress/wp-includes/functions.php on line 6121",
    "log": "/logs/plugins/f/firestudio/error.json"
  },
  {
    "message": "Uncaught Error: Call to undefined function create_function() in /wordpress/wp-content/plugins/facebook-comments-for-wordpress/facebook-comments.php:125",
    "level": "FATAL",
    "type": "PHP",
    "test": "jspi-boot",
    "plugin": "firestudio",
    "details": "[07-May-2025 19:47:41 UTC] PHP Fatal error:  Uncaught Error: Call to undefined function create_function() in /wordpress/wp-content/plugins/facebook-comments-for-wordpress/facebook-comments.php:125\nStack trace:\n#0 /wordpress/wp-settings.php(545): include_once()\n#1 /wordpress/wp-config.php(102): require_once('/wordpress/wp-s...')\n#2 /wordpress/wp-load.php(50): require_once('/wordpress/wp-c...')\n#3 /internal/eval.php(3): require_once('/wordpress/wp-l...')\n#4 {main}\n  thrown in /wordpress/wp-content/plugins/facebook-comments-for-wordpress/facebook-comments.php on line 125",
    "log": "/logs/plugins/f/firestudio/error.json"
  },
  {
    "message": "Undefined array key \"appId\" in /wordpress/wp-content/plugins/facebook-comments-for-wordpress/facebook-comments-core.php on line 60",
    "level": "WARNING",
    "type": "PHP",
    "test": "jspi-boot",
    "plugin": "firestudio",
    "details": "[07-May-2025 19:47:48 UTC] PHP Warning:  Undefined array key \"appId\" in /wordpress/wp-content/plugins/facebook-comments-for-wordpress/facebook-comments-core.php on line 60",
    "log": "/logs/plugins/f/firestudio/error.json"
  },
  {
    "message": "Undefined array key \"appSecret\" in /wordpress/wp-content/plugins/facebook-comments-for-wordpress/facebook-comments-core.php on line 61",
    "level": "WARNING",
    "type": "PHP",
    "test": "jspi-boot",
    "plugin": "firestudio",
    "details": "[07-May-2025 19:47:48 UTC] PHP Warning:  Undefined array key \"appSecret\" in /wordpress/wp-content/plugins/facebook-comments-for-wordpress/facebook-comments-core.php on line 61",
    "log": "/logs/plugins/f/firestudio/error.json"
  },
  {
    "message": "Undefined array key \"xid\" in /wordpress/wp-content/plugins/facebook-comments-for-wordpress/facebook-comments-core.php on line 62",
    "level": "WARNING",
    "type": "PHP",
    "test": "jspi-boot",
    "plugin": "firestudio",
    "details": "[07-May-2025 19:47:48 UTC] PHP Warning:  Undefined array key \"xid\" in /wordpress/wp-content/plugins/facebook-comments-for-wordpress/facebook-comments-core.php on line 62",
    "log": "/logs/plugins/f/firestudio/error.json"
  },
  {
    "message": "Undefined array key \"commentVersion\" in /wordpress/wp-content/plugins/facebook-comments-for-wordpress/facebook-comments-core.php on line 66",
    "level": "WARNING",
    "type": "PHP",
    "test": "jspi-boot",
    "plugin": "firestudio",
    "details": "[07-May-2025 19:47:48 UTC] PHP Warning:  Undefined array key \"commentVersion\" in /wordpress/wp-content/plugins/facebook-comments-for-wordpress/facebook-comments-core.php on line 66",
    "log": "/logs/plugins/f/firestudio/error.json"
  },
  {
    "message": "Array to string conversion in /wordpress/wp-content/plugins/facebook-comments-for-wordpress/facebook-comments-core.php on line 72",
    "level": "WARNING",
    "type": "PHP",
    "test": "jspi-boot",
    "plugin": "firestudio",
    "details": "[07-May-2025 19:47:48 UTC] PHP Warning:  Array to string conversion in /wordpress/wp-content/plugins/facebook-comments-for-wordpress/facebook-comments-core.php on line 72",
    "log": "/logs/plugins/f/firestudio/error.json"
  },
  {
    "message": "Undefined variable $Array in /wordpress/wp-content/plugins/facebook-comments-for-wordpress/facebook-comments-core.php on line 72",
    "level": "WARNING",
    "type": "PHP",
    "test": "jspi-boot",
    "plugin": "firestudio",
    "details": "[07-May-2025 19:47:48 UTC] PHP Warning:  Undefined variable $Array in /wordpress/wp-content/plugins/facebook-comments-for-wordpress/facebook-comments-core.php on line 72",
    "log": "/logs/plugins/f/firestudio/error.json"
  },
  {
    "message": "Trying to access array offset on value of type null in /wordpress/wp-content/plugins/facebook-comments-for-wordpress/facebook-comments-core.php on line 72",
    "level": "WARNING",
    "type": "PHP",
    "test": "jspi-boot",
    "plugin": "firestudio",
    "details": "[07-May-2025 19:47:48 UTC] PHP Warning:  Trying to access array offset on value of type null in /wordpress/wp-content/plugins/facebook-comments-for-wordpress/facebook-comments-core.php on line 72",
    "log": "/logs/plugins/f/firestudio/error.json"
  },
  {
    "message": "Undefined array key \"language\" in /wordpress/wp-content/plugins/facebook-comments-for-wordpress/facebook-comments-core.php on line 94",
    "level": "WARNING",
    "type": "PHP",
    "test": "jspi-boot",
    "plugin": "firestudio",
    "details": "[07-May-2025 19:47:48 UTC] PHP Warning:  Undefined array key \"language\" in /wordpress/wp-content/plugins/facebook-comments-for-wordpress/facebook-comments-core.php on line 94",
    "log": "/logs/plugins/f/firestudio/error.json"
  },
  {
    "message": "Undefined array key \"hideWpComments\" in /wordpress/wp-content/plugins/facebook-comments-for-wordpress/facebook-comments.php on line 132",
    "level": "WARNING",
    "type": "PHP",
    "test": "jspi-boot",
    "plugin": "firestudio",
    "details": "[07-May-2025 19:47:49 UTC] PHP Warning:  Undefined array key \"hideWpComments\" in /wordpress/wp-content/plugins/facebook-comments-for-wordpress/facebook-comments.php on line 132",
    "log": "/logs/plugins/f/firestudio/error.json"
  },
  {
    "message": "Undefined array key \"includeFbmlLangAttr\" in /wordpress/wp-content/plugins/facebook-comments-for-wordpress/facebook-comments.php on line 142",
    "level": "WARNING",
    "type": "PHP",
    "test": "jspi-boot",
    "plugin": "firestudio",
    "details": "[07-May-2025 19:47:49 UTC] PHP Warning:  Undefined array key \"includeFbmlLangAttr\" in /wordpress/wp-content/plugins/facebook-comments-for-wordpress/facebook-comments.php on line 142",
    "log": "/logs/plugins/f/firestudio/error.json"
  },
  {
    "message": "Undefined array key \"includeOpenGraphLangAttr\" in /wordpress/wp-content/plugins/facebook-comments-for-wordpress/facebook-comments.php on line 142",
    "level": "WARNING",
    "type": "PHP",
    "test": "jspi-boot",
    "plugin": "firestudio",
    "details": "[07-May-2025 19:47:49 UTC] PHP Warning:  Undefined array key \"includeOpenGraphLangAttr\" in /wordpress/wp-content/plugins/facebook-comments-for-wordpress/facebook-comments.php on line 142",
    "log": "/logs/plugins/f/firestudio/error.json"
  },
  {
    "message": "Undefined array key \"includeOpenGraphMeta\" in /wordpress/wp-content/plugins/facebook-comments-for-wordpress/facebook-comments.php on line 160",
    "level": "WARNING",
    "type": "PHP",
    "test": "jspi-boot",
    "plugin": "firestudio",
    "details": "[07-May-2025 19:47:49 UTC] PHP Warning:  Undefined array key \"includeOpenGraphMeta\" in /wordpress/wp-content/plugins/facebook-comments-for-wordpress/facebook-comments.php on line 160",
    "log": "/logs/plugins/f/firestudio/error.json"
  },
  {
    "message": "Undefined array key \"includeFbComments\" in /wordpress/wp-content/plugins/facebook-comments-for-wordpress/facebook-comments.php on line 251",
    "level": "WARNING",
    "type": "PHP",
    "test": "jspi-boot",
    "plugin": "firestudio",
    "details": "[07-May-2025 19:47:49 UTC] PHP Warning:  Undefined array key \"includeFbComments\" in /wordpress/wp-content/plugins/facebook-comments-for-wordpress/facebook-comments.php on line 251",
    "log": "/logs/plugins/f/firestudio/error.json"
  },
  {
    "message": "Undefined array key \"combineCommentCounts\" in /wordpress/wp-content/plugins/facebook-comments-for-wordpress/facebook-comments.php on line 265",
    "level": "WARNING",
    "type": "PHP",
    "test": "jspi-boot",
    "plugin": "firestudio",
    "details": "[07-May-2025 19:47:49 UTC] PHP Warning:  Undefined array key \"combineCommentCounts\" in /wordpress/wp-content/plugins/facebook-comments-for-wordpress/facebook-comments.php on line 265",
    "log": "/logs/plugins/f/firestudio/error.json"
  },
  {
    "message": "Function wp_enqueue_script was called <strong>incorrectly</strong>. Scripts and styles should not be registered or enqueued until the <code>wp_enqueue_scripts</code>, <code>admin_enqueue_scripts</code>, or <code>login_enqueue_scripts</code> hooks. This notice was triggered by the <code>jquery</code> handle. Please see <a href=\"https://developer.wordpress.org/advanced-administration/debug/debug-wordpress/\">Debugging in WordPress</a> for more information. (This message was added in version 3.3.0.) in /wordpress/wp-includes/functions.php on line 6121",
    "level": "NOTICE",
    "type": "PHP",
    "test": "jspi-boot",
    "plugin": "firestudio",
    "details": "[07-May-2025 19:47:50 UTC] PHP Notice:  Function wp_enqueue_script was called <strong>incorrectly</strong>. Scripts and styles should not be registered or enqueued until the <code>wp_enqueue_scripts</code>, <code>admin_enqueue_scripts</code>, or <code>login_enqueue_scripts</code> hooks. This notice was triggered by the <code>jquery</code> handle. Please see <a href=\"https://developer.wordpress.org/advanced-administration/debug/debug-wordpress/\">Debugging in WordPress</a> for more information. (This message was added in version 3.3.0.) in /wordpress/wp-includes/functions.php on line 6121",
    "log": "/logs/plugins/f/firestudio/error.json"
  },
  {
    "message": "Uncaught Error: Call to undefined function create_function() in /wordpress/wp-content/plugins/facebook-comments-for-wordpress/facebook-comments.php:125",
    "level": "FATAL",
    "type": "PHP",
    "test": "jspi-boot",
    "plugin": "firestudio",
    "details": "[07-May-2025 19:47:50 UTC] PHP Fatal error:  Uncaught Error: Call to undefined function create_function() in /wordpress/wp-content/plugins/facebook-comments-for-wordpress/facebook-comments.php:125\nStack trace:\n#0 /wordpress/wp-settings.php(545): include_once()\n#1 /wordpress/wp-config.php(102): require_once('/wordpress/wp-s...')\n#2 /wordpress/wp-load.php(50): require_once('/wordpress/wp-c...')\n#3 /internal/eval.php(3): require_once('/wordpress/wp-l...')\n#4 {main}\n  thrown in /wordpress/wp-content/plugins/facebook-comments-for-wordpress/facebook-comments.php on line 125",
    "log": "/logs/plugins/f/firestudio/error.json"
  },
  {
    "message": "Undefined array key \"appId\" in /wordpress/wp-content/plugins/facebook-comments-for-wordpress/facebook-comments-core.php on line 60",
    "level": "WARNING",
    "type": "PHP",
    "test": "jspi-boot",
    "plugin": "firestudio",
    "details": "[07-May-2025 19:47:58 UTC] PHP Warning:  Undefined array key \"appId\" in /wordpress/wp-content/plugins/facebook-comments-for-wordpress/facebook-comments-core.php on line 60",
    "log": "/logs/plugins/f/firestudio/error.json"
  },
  {
    "message": "Undefined array key \"appSecret\" in /wordpress/wp-content/plugins/facebook-comments-for-wordpress/facebook-comments-core.php on line 61",
    "level": "WARNING",
    "type": "PHP",
    "test": "jspi-boot",
    "plugin": "firestudio",
    "details": "[07-May-2025 19:47:58 UTC] PHP Warning:  Undefined array key \"appSecret\" in /wordpress/wp-content/plugins/facebook-comments-for-wordpress/facebook-comments-core.php on line 61",
    "log": "/logs/plugins/f/firestudio/error.json"
  },
  {
    "message": "Undefined array key \"xid\" in /wordpress/wp-content/plugins/facebook-comments-for-wordpress/facebook-comments-core.php on line 62",
    "level": "WARNING",
    "type": "PHP",
    "test": "jspi-boot",
    "plugin": "firestudio",
    "details": "[07-May-2025 19:47:58 UTC] PHP Warning:  Undefined array key \"xid\" in /wordpress/wp-content/plugins/facebook-comments-for-wordpress/facebook-comments-core.php on line 62",
    "log": "/logs/plugins/f/firestudio/error.json"
  },
  {
    "message": "Undefined array key \"commentVersion\" in /wordpress/wp-content/plugins/facebook-comments-for-wordpress/facebook-comments-core.php on line 66",
    "level": "WARNING",
    "type": "PHP",
    "test": "jspi-boot",
    "plugin": "firestudio",
    "details": "[07-May-2025 19:47:58 UTC] PHP Warning:  Undefined array key \"commentVersion\" in /wordpress/wp-content/plugins/facebook-comments-for-wordpress/facebook-comments-core.php on line 66",
    "log": "/logs/plugins/f/firestudio/error.json"
  },
  {
    "message": "Array to string conversion in /wordpress/wp-content/plugins/facebook-comments-for-wordpress/facebook-comments-core.php on line 72",
    "level": "WARNING",
    "type": "PHP",
    "test": "jspi-boot",
    "plugin": "firestudio",
    "details": "[07-May-2025 19:47:58 UTC] PHP Warning:  Array to string conversion in /wordpress/wp-content/plugins/facebook-comments-for-wordpress/facebook-comments-core.php on line 72",
    "log": "/logs/plugins/f/firestudio/error.json"
  },
  {
    "message": "Undefined variable $Array in /wordpress/wp-content/plugins/facebook-comments-for-wordpress/facebook-comments-core.php on line 72",
    "level": "WARNING",
    "type": "PHP",
    "test": "jspi-boot",
    "plugin": "firestudio",
    "details": "[07-May-2025 19:47:58 UTC] PHP Warning:  Undefined variable $Array in /wordpress/wp-content/plugins/facebook-comments-for-wordpress/facebook-comments-core.php on line 72",
    "log": "/logs/plugins/f/firestudio/error.json"
  },
  {
    "message": "Trying to access array offset on value of type null in /wordpress/wp-content/plugins/facebook-comments-for-wordpress/facebook-comments-core.php on line 72",
    "level": "WARNING",
    "type": "PHP",
    "test": "jspi-boot",
    "plugin": "firestudio",
    "details": "[07-May-2025 19:47:58 UTC] PHP Warning:  Trying to access array offset on value of type null in /wordpress/wp-content/plugins/facebook-comments-for-wordpress/facebook-comments-core.php on line 72",
    "log": "/logs/plugins/f/firestudio/error.json"
  },
  {
    "message": "Undefined array key \"language\" in /wordpress/wp-content/plugins/facebook-comments-for-wordpress/facebook-comments-core.php on line 94",
    "level": "WARNING",
    "type": "PHP",
    "test": "jspi-boot",
    "plugin": "firestudio",
    "details": "[07-May-2025 19:47:58 UTC] PHP Warning:  Undefined array key \"language\" in /wordpress/wp-content/plugins/facebook-comments-for-wordpress/facebook-comments-core.php on line 94",
    "log": "/logs/plugins/f/firestudio/error.json"
  },
  {
    "message": "Undefined array key \"hideWpComments\" in /wordpress/wp-content/plugins/facebook-comments-for-wordpress/facebook-comments.php on line 132",
    "level": "WARNING",
    "type": "PHP",
    "test": "jspi-boot",
    "plugin": "firestudio",
    "details": "[07-May-2025 19:47:58 UTC] PHP Warning:  Undefined array key \"hideWpComments\" in /wordpress/wp-content/plugins/facebook-comments-for-wordpress/facebook-comments.php on line 132",
    "log": "/logs/plugins/f/firestudio/error.json"
  },
  {
    "message": "Undefined array key \"includeFbmlLangAttr\" in /wordpress/wp-content/plugins/facebook-comments-for-wordpress/facebook-comments.php on line 142",
    "level": "WARNING",
    "type": "PHP",
    "test": "jspi-boot",
    "plugin": "firestudio",
    "details": "[07-May-2025 19:47:58 UTC] PHP Warning:  Undefined array key \"includeFbmlLangAttr\" in /wordpress/wp-content/plugins/facebook-comments-for-wordpress/facebook-comments.php on line 142",
    "log": "/logs/plugins/f/firestudio/error.json"
  },
  {
    "message": "Undefined array key \"includeOpenGraphLangAttr\" in /wordpress/wp-content/plugins/facebook-comments-for-wordpress/facebook-comments.php on line 142",
    "level": "WARNING",
    "type": "PHP",
    "test": "jspi-boot",
    "plugin": "firestudio",
    "details": "[07-May-2025 19:47:58 UTC] PHP Warning:  Undefined array key \"includeOpenGraphLangAttr\" in /wordpress/wp-content/plugins/facebook-comments-for-wordpress/facebook-comments.php on line 142",
    "log": "/logs/plugins/f/firestudio/error.json"
  },
  {
    "message": "Undefined array key \"includeOpenGraphMeta\" in /wordpress/wp-content/plugins/facebook-comments-for-wordpress/facebook-comments.php on line 160",
    "level": "WARNING",
    "type": "PHP",
    "test": "jspi-boot",
    "plugin": "firestudio",
    "details": "[07-May-2025 19:47:58 UTC] PHP Warning:  Undefined array key \"includeOpenGraphMeta\" in /wordpress/wp-content/plugins/facebook-comments-for-wordpress/facebook-comments.php on line 160",
    "log": "/logs/plugins/f/firestudio/error.json"
  },
  {
    "message": "Undefined array key \"includeFbComments\" in /wordpress/wp-content/plugins/facebook-comments-for-wordpress/facebook-comments.php on line 251",
    "level": "WARNING",
    "type": "PHP",
    "test": "jspi-boot",
    "plugin": "firestudio",
    "details": "[07-May-2025 19:47:58 UTC] PHP Warning:  Undefined array key \"includeFbComments\" in /wordpress/wp-content/plugins/facebook-comments-for-wordpress/facebook-comments.php on line 251",
    "log": "/logs/plugins/f/firestudio/error.json"
  },
  {
    "message": "Undefined array key \"combineCommentCounts\" in /wordpress/wp-content/plugins/facebook-comments-for-wordpress/facebook-comments.php on line 265",
    "level": "WARNING",
    "type": "PHP",
    "test": "jspi-boot",
    "plugin": "firestudio",
    "details": "[07-May-2025 19:47:58 UTC] PHP Warning:  Undefined array key \"combineCommentCounts\" in /wordpress/wp-content/plugins/facebook-comments-for-wordpress/facebook-comments.php on line 265",
    "log": "/logs/plugins/f/firestudio/error.json"
  },
  {
    "message": "Function wp_enqueue_script was called <strong>incorrectly</strong>. Scripts and styles should not be registered or enqueued until the <code>wp_enqueue_scripts</code>, <code>admin_enqueue_scripts</code>, or <code>login_enqueue_scripts</code> hooks. This notice was triggered by the <code>jquery</code> handle. Please see <a href=\"https://developer.wordpress.org/advanced-administration/debug/debug-wordpress/\">Debugging in WordPress</a> for more information. (This message was added in version 3.3.0.) in /wordpress/wp-includes/functions.php on line 6121",
    "level": "NOTICE",
    "type": "PHP",
    "test": "jspi-boot",
    "plugin": "firestudio",
    "details": "[07-May-2025 19:47:59 UTC] PHP Notice:  Function wp_enqueue_script was called <strong>incorrectly</strong>. Scripts and styles should not be registered or enqueued until the <code>wp_enqueue_scripts</code>, <code>admin_enqueue_scripts</code>, or <code>login_enqueue_scripts</code> hooks. This notice was triggered by the <code>jquery</code> handle. Please see <a href=\"https://developer.wordpress.org/advanced-administration/debug/debug-wordpress/\">Debugging in WordPress</a> for more information. (This message was added in version 3.3.0.) in /wordpress/wp-includes/functions.php on line 6121",
    "log": "/logs/plugins/f/firestudio/error.json"
  },
  {
    "message": "Uncaught Error: Call to undefined function create_function() in /wordpress/wp-content/plugins/facebook-comments-for-wordpress/facebook-comments.php:125",
    "level": "FATAL",
    "type": "PHP",
    "test": "jspi-boot",
    "plugin": "firestudio",
    "details": "[07-May-2025 19:47:59 UTC] PHP Fatal error:  Uncaught Error: Call to undefined function create_function() in /wordpress/wp-content/plugins/facebook-comments-for-wordpress/facebook-comments.php:125\nStack trace:\n#0 /wordpress/wp-settings.php(545): include_once()\n#1 /wordpress/wp-config.php(102): require_once('/wordpress/wp-s...')\n#2 /wordpress/wp-load.php(50): require_once('/wordpress/wp-c...')\n#3 /internal/eval.php(3): require_once('/wordpress/wp-l...')\n#4 {main}\n  thrown in /wordpress/wp-content/plugins/facebook-comments-for-wordpress/facebook-comments.php on line 125",
    "log": "/logs/plugins/f/firestudio/error.json"
  },
  {
    "message": "Required parameter $email follows optional parameter $userid in /wordpress/wp-content/plugins/feature-request/includes/class-avfr-db.php on line 108",
    "level": "DEPRECATED",
    "type": "PHP",
    "test": "jspi-boot",
    "plugin": "firestudio",
    "details": "[07-May-2025 19:49:21 UTC] PHP Deprecated:  Required parameter $email follows optional parameter $userid in /wordpress/wp-content/plugins/feature-request/includes/class-avfr-db.php on line 108",
    "log": "/logs/plugins/f/firestudio/error.json"
  },
  {
    "message": "Required parameter $voted_group follows optional parameter $userid in /wordpress/wp-content/plugins/feature-request/includes/class-avfr-db.php on line 108",
    "level": "DEPRECATED",
    "type": "PHP",
    "test": "jspi-boot",
    "plugin": "firestudio",
    "details": "[07-May-2025 19:49:21 UTC] PHP Deprecated:  Required parameter $voted_group follows optional parameter $userid in /wordpress/wp-content/plugins/feature-request/includes/class-avfr-db.php on line 108",
    "log": "/logs/plugins/f/firestudio/error.json"
  },
  {
    "message": "Required parameter $email follows optional parameter $userid in /wordpress/wp-content/plugins/feature-request/includes/class-avfr-db.php on line 127",
    "level": "DEPRECATED",
    "type": "PHP",
    "test": "jspi-boot",
    "plugin": "firestudio",
    "details": "[07-May-2025 19:49:21 UTC] PHP Deprecated:  Required parameter $email follows optional parameter $userid in /wordpress/wp-content/plugins/feature-request/includes/class-avfr-db.php on line 127",
    "log": "/logs/plugins/f/firestudio/error.json"
  },
  {
    "message": "Required parameter $voted_group follows optional parameter $userid in /wordpress/wp-content/plugins/feature-request/includes/class-avfr-db.php on line 127",
    "level": "DEPRECATED",
    "type": "PHP",
    "test": "jspi-boot",
    "plugin": "firestudio",
    "details": "[07-May-2025 19:49:21 UTC] PHP Deprecated:  Required parameter $voted_group follows optional parameter $userid in /wordpress/wp-content/plugins/feature-request/includes/class-avfr-db.php on line 127",
    "log": "/logs/plugins/f/firestudio/error.json"
  },
  {
    "message": "Required parameter $email follows optional parameter $userid in /wordpress/wp-content/plugins/feature-request/includes/class-avfr-db.php on line 146",
    "level": "DEPRECATED",
    "type": "PHP",
    "test": "jspi-boot",
    "plugin": "firestudio",
    "details": "[07-May-2025 19:49:21 UTC] PHP Deprecated:  Required parameter $email follows optional parameter $userid in /wordpress/wp-content/plugins/feature-request/includes/class-avfr-db.php on line 146",
    "log": "/logs/plugins/f/firestudio/error.json"
  },
  {
    "message": "Required parameter $voted_group follows optional parameter $userid in /wordpress/wp-content/plugins/feature-request/includes/class-avfr-db.php on line 146",
    "level": "DEPRECATED",
    "type": "PHP",
    "test": "jspi-boot",
    "plugin": "firestudio",
    "details": "[07-May-2025 19:49:21 UTC] PHP Deprecated:  Required parameter $voted_group follows optional parameter $userid in /wordpress/wp-content/plugins/feature-request/includes/class-avfr-db.php on line 146",
    "log": "/logs/plugins/f/firestudio/error.json"
  },
  {
    "message": "Required parameter $email follows optional parameter $userid in /wordpress/wp-content/plugins/feature-request/includes/class-avfr-db.php on line 108",
    "level": "DEPRECATED",
    "type": "PHP",
    "test": "jspi-boot",
    "plugin": "firestudio",
    "details": "[07-May-2025 19:49:22 UTC] PHP Deprecated:  Required parameter $email follows optional parameter $userid in /wordpress/wp-content/plugins/feature-request/includes/class-avfr-db.php on line 108",
    "log": "/logs/plugins/f/firestudio/error.json"
  },
  {
    "message": "Required parameter $voted_group follows optional parameter $userid in /wordpress/wp-content/plugins/feature-request/includes/class-avfr-db.php on line 108",
    "level": "DEPRECATED",
    "type": "PHP",
    "test": "jspi-boot",
    "plugin": "firestudio",
    "details": "[07-May-2025 19:49:22 UTC] PHP Deprecated:  Required parameter $voted_group follows optional parameter $userid in /wordpress/wp-content/plugins/feature-request/includes/class-avfr-db.php on line 108",
    "log": "/logs/plugins/f/firestudio/error.json"
  },
  {
    "message": "Required parameter $email follows optional parameter $userid in /wordpress/wp-content/plugins/feature-request/includes/class-avfr-db.php on line 127",
    "level": "DEPRECATED",
    "type": "PHP",
    "test": "jspi-boot",
    "plugin": "firestudio",
    "details": "[07-May-2025 19:49:22 UTC] PHP Deprecated:  Required parameter $email follows optional parameter $userid in /wordpress/wp-content/plugins/feature-request/includes/class-avfr-db.php on line 127",
    "log": "/logs/plugins/f/firestudio/error.json"
  },
  {
    "message": "Required parameter $voted_group follows optional parameter $userid in /wordpress/wp-content/plugins/feature-request/includes/class-avfr-db.php on line 127",
    "level": "DEPRECATED",
    "type": "PHP",
    "test": "jspi-boot",
    "plugin": "firestudio",
    "details": "[07-May-2025 19:49:22 UTC] PHP Deprecated:  Required parameter $voted_group follows optional parameter $userid in /wordpress/wp-content/plugins/feature-request/includes/class-avfr-db.php on line 127",
    "log": "/logs/plugins/f/firestudio/error.json"
  },
  {
    "message": "Required parameter $email follows optional parameter $userid in /wordpress/wp-content/plugins/feature-request/includes/class-avfr-db.php on line 146",
    "level": "DEPRECATED",
    "type": "PHP",
    "test": "jspi-boot",
    "plugin": "firestudio",
    "details": "[07-May-2025 19:49:22 UTC] PHP Deprecated:  Required parameter $email follows optional parameter $userid in /wordpress/wp-content/plugins/feature-request/includes/class-avfr-db.php on line 146",
    "log": "/logs/plugins/f/firestudio/error.json"
  },
  {
    "message": "Required parameter $voted_group follows optional parameter $userid in /wordpress/wp-content/plugins/feature-request/includes/class-avfr-db.php on line 146",
    "level": "DEPRECATED",
    "type": "PHP",
    "test": "jspi-boot",
    "plugin": "firestudio",
    "details": "[07-May-2025 19:49:22 UTC] PHP Deprecated:  Required parameter $voted_group follows optional parameter $userid in /wordpress/wp-content/plugins/feature-request/includes/class-avfr-db.php on line 146",
    "log": "/logs/plugins/f/firestudio/error.json"
  },
  {
    "message": "Required parameter $email follows optional parameter $userid in /wordpress/wp-content/plugins/feature-request/includes/class-avfr-db.php on line 108",
    "level": "DEPRECATED",
    "type": "PHP",
    "test": "jspi-boot",
    "plugin": "firestudio",
    "details": "[07-May-2025 19:49:33 UTC] PHP Deprecated:  Required parameter $email follows optional parameter $userid in /wordpress/wp-content/plugins/feature-request/includes/class-avfr-db.php on line 108",
    "log": "/logs/plugins/f/firestudio/error.json"
  },
  {
    "message": "Required parameter $voted_group follows optional parameter $userid in /wordpress/wp-content/plugins/feature-request/includes/class-avfr-db.php on line 108",
    "level": "DEPRECATED",
    "type": "PHP",
    "test": "jspi-boot",
    "plugin": "firestudio",
    "details": "[07-May-2025 19:49:33 UTC] PHP Deprecated:  Required parameter $voted_group follows optional parameter $userid in /wordpress/wp-content/plugins/feature-request/includes/class-avfr-db.php on line 108",
    "log": "/logs/plugins/f/firestudio/error.json"
  },
  {
    "message": "Required parameter $email follows optional parameter $userid in /wordpress/wp-content/plugins/feature-request/includes/class-avfr-db.php on line 127",
    "level": "DEPRECATED",
    "type": "PHP",
    "test": "jspi-boot",
    "plugin": "firestudio",
    "details": "[07-May-2025 19:49:33 UTC] PHP Deprecated:  Required parameter $email follows optional parameter $userid in /wordpress/wp-content/plugins/feature-request/includes/class-avfr-db.php on line 127",
    "log": "/logs/plugins/f/firestudio/error.json"
  },
  {
    "message": "Required parameter $voted_group follows optional parameter $userid in /wordpress/wp-content/plugins/feature-request/includes/class-avfr-db.php on line 127",
    "level": "DEPRECATED",
    "type": "PHP",
    "test": "jspi-boot",
    "plugin": "firestudio",
    "details": "[07-May-2025 19:49:33 UTC] PHP Deprecated:  Required parameter $voted_group follows optional parameter $userid in /wordpress/wp-content/plugins/feature-request/includes/class-avfr-db.php on line 127",
    "log": "/logs/plugins/f/firestudio/error.json"
  },
  {
    "message": "Required parameter $email follows optional parameter $userid in /wordpress/wp-content/plugins/feature-request/includes/class-avfr-db.php on line 146",
    "level": "DEPRECATED",
    "type": "PHP",
    "test": "jspi-boot",
    "plugin": "firestudio",
    "details": "[07-May-2025 19:49:33 UTC] PHP Deprecated:  Required parameter $email follows optional parameter $userid in /wordpress/wp-content/plugins/feature-request/includes/class-avfr-db.php on line 146",
    "log": "/logs/plugins/f/firestudio/error.json"
  },
  {
    "message": "Required parameter $voted_group follows optional parameter $userid in /wordpress/wp-content/plugins/feature-request/includes/class-avfr-db.php on line 146",
    "level": "DEPRECATED",
    "type": "PHP",
    "test": "jspi-boot",
    "plugin": "firestudio",
    "details": "[07-May-2025 19:49:33 UTC] PHP Deprecated:  Required parameter $voted_group follows optional parameter $userid in /wordpress/wp-content/plugins/feature-request/includes/class-avfr-db.php on line 146",
    "log": "/logs/plugins/f/firestudio/error.json"
  },
  {
    "message": "Required parameter $email follows optional parameter $userid in /wordpress/wp-content/plugins/feature-request/includes/class-avfr-db.php on line 108",
    "level": "DEPRECATED",
    "type": "PHP",
    "test": "jspi-boot",
    "plugin": "firestudio",
    "details": "[07-May-2025 19:49:34 UTC] PHP Deprecated:  Required parameter $email follows optional parameter $userid in /wordpress/wp-content/plugins/feature-request/includes/class-avfr-db.php on line 108",
    "log": "/logs/plugins/f/firestudio/error.json"
  },
  {
    "message": "Required parameter $voted_group follows optional parameter $userid in /wordpress/wp-content/plugins/feature-request/includes/class-avfr-db.php on line 108",
    "level": "DEPRECATED",
    "type": "PHP",
    "test": "jspi-boot",
    "plugin": "firestudio",
    "details": "[07-May-2025 19:49:34 UTC] PHP Deprecated:  Required parameter $voted_group follows optional parameter $userid in /wordpress/wp-content/plugins/feature-request/includes/class-avfr-db.php on line 108",
    "log": "/logs/plugins/f/firestudio/error.json"
  },
  {
    "message": "Required parameter $email follows optional parameter $userid in /wordpress/wp-content/plugins/feature-request/includes/class-avfr-db.php on line 127",
    "level": "DEPRECATED",
    "type": "PHP",
    "test": "jspi-boot",
    "plugin": "firestudio",
    "details": "[07-May-2025 19:49:34 UTC] PHP Deprecated:  Required parameter $email follows optional parameter $userid in /wordpress/wp-content/plugins/feature-request/includes/class-avfr-db.php on line 127",
    "log": "/logs/plugins/f/firestudio/error.json"
  },
  {
    "message": "Required parameter $voted_group follows optional parameter $userid in /wordpress/wp-content/plugins/feature-request/includes/class-avfr-db.php on line 127",
    "level": "DEPRECATED",
    "type": "PHP",
    "test": "jspi-boot",
    "plugin": "firestudio",
    "details": "[07-May-2025 19:49:34 UTC] PHP Deprecated:  Required parameter $voted_group follows optional parameter $userid in /wordpress/wp-content/plugins/feature-request/includes/class-avfr-db.php on line 127",
    "log": "/logs/plugins/f/firestudio/error.json"
  },
  {
    "message": "Required parameter $email follows optional parameter $userid in /wordpress/wp-content/plugins/feature-request/includes/class-avfr-db.php on line 146",
    "level": "DEPRECATED",
    "type": "PHP",
    "test": "jspi-boot",
    "plugin": "firestudio",
    "details": "[07-May-2025 19:49:34 UTC] PHP Deprecated:  Required parameter $email follows optional parameter $userid in /wordpress/wp-content/plugins/feature-request/includes/class-avfr-db.php on line 146",
    "log": "/logs/plugins/f/firestudio/error.json"
  },
  {
    "message": "Required parameter $voted_group follows optional parameter $userid in /wordpress/wp-content/plugins/feature-request/includes/class-avfr-db.php on line 146",
    "level": "DEPRECATED",
    "type": "PHP",
    "test": "jspi-boot",
    "plugin": "firestudio",
    "details": "[07-May-2025 19:49:34 UTC] PHP Deprecated:  Required parameter $voted_group follows optional parameter $userid in /wordpress/wp-content/plugins/feature-request/includes/class-avfr-db.php on line 146",
    "log": "/logs/plugins/f/firestudio/error.json"
  },
  {
    "message": "Required parameter $email follows optional parameter $userid in /wordpress/wp-content/plugins/feature-request/includes/class-avfr-db.php on line 108",
    "level": "DEPRECATED",
    "type": "PHP",
    "test": "jspi-boot",
    "plugin": "firestudio",
    "details": "[07-May-2025 19:49:44 UTC] PHP Deprecated:  Required parameter $email follows optional parameter $userid in /wordpress/wp-content/plugins/feature-request/includes/class-avfr-db.php on line 108",
    "log": "/logs/plugins/f/firestudio/error.json"
  },
  {
    "message": "Required parameter $voted_group follows optional parameter $userid in /wordpress/wp-content/plugins/feature-request/includes/class-avfr-db.php on line 108",
    "level": "DEPRECATED",
    "type": "PHP",
    "test": "jspi-boot",
    "plugin": "firestudio",
    "details": "[07-May-2025 19:49:44 UTC] PHP Deprecated:  Required parameter $voted_group follows optional parameter $userid in /wordpress/wp-content/plugins/feature-request/includes/class-avfr-db.php on line 108",
    "log": "/logs/plugins/f/firestudio/error.json"
  },
  {
    "message": "Required parameter $email follows optional parameter $userid in /wordpress/wp-content/plugins/feature-request/includes/class-avfr-db.php on line 127",
    "level": "DEPRECATED",
    "type": "PHP",
    "test": "jspi-boot",
    "plugin": "firestudio",
    "details": "[07-May-2025 19:49:44 UTC] PHP Deprecated:  Required parameter $email follows optional parameter $userid in /wordpress/wp-content/plugins/feature-request/includes/class-avfr-db.php on line 127",
    "log": "/logs/plugins/f/firestudio/error.json"
  },
  {
    "message": "Required parameter $voted_group follows optional parameter $userid in /wordpress/wp-content/plugins/feature-request/includes/class-avfr-db.php on line 127",
    "level": "DEPRECATED",
    "type": "PHP",
    "test": "jspi-boot",
    "plugin": "firestudio",
    "details": "[07-May-2025 19:49:44 UTC] PHP Deprecated:  Required parameter $voted_group follows optional parameter $userid in /wordpress/wp-content/plugins/feature-request/includes/class-avfr-db.php on line 127",
    "log": "/logs/plugins/f/firestudio/error.json"
  },
  {
    "message": "Required parameter $email follows optional parameter $userid in /wordpress/wp-content/plugins/feature-request/includes/class-avfr-db.php on line 146",
    "level": "DEPRECATED",
    "type": "PHP",
    "test": "jspi-boot",
    "plugin": "firestudio",
    "details": "[07-May-2025 19:49:44 UTC] PHP Deprecated:  Required parameter $email follows optional parameter $userid in /wordpress/wp-content/plugins/feature-request/includes/class-avfr-db.php on line 146",
    "log": "/logs/plugins/f/firestudio/error.json"
  },
  {
    "message": "Required parameter $voted_group follows optional parameter $userid in /wordpress/wp-content/plugins/feature-request/includes/class-avfr-db.php on line 146",
    "level": "DEPRECATED",
    "type": "PHP",
    "test": "jspi-boot",
    "plugin": "firestudio",
    "details": "[07-May-2025 19:49:44 UTC] PHP Deprecated:  Required parameter $voted_group follows optional parameter $userid in /wordpress/wp-content/plugins/feature-request/includes/class-avfr-db.php on line 146",
    "log": "/logs/plugins/f/firestudio/error.json"
  },
  {
    "message": "Required parameter $email follows optional parameter $userid in /wordpress/wp-content/plugins/feature-request/includes/class-avfr-db.php on line 108",
    "level": "DEPRECATED",
    "type": "PHP",
    "test": "jspi-boot",
    "plugin": "firestudio",
    "details": "[07-May-2025 19:49:45 UTC] PHP Deprecated:  Required parameter $email follows optional parameter $userid in /wordpress/wp-content/plugins/feature-request/includes/class-avfr-db.php on line 108",
    "log": "/logs/plugins/f/firestudio/error.json"
  },
  {
    "message": "Required parameter $voted_group follows optional parameter $userid in /wordpress/wp-content/plugins/feature-request/includes/class-avfr-db.php on line 108",
    "level": "DEPRECATED",
    "type": "PHP",
    "test": "jspi-boot",
    "plugin": "firestudio",
    "details": "[07-May-2025 19:49:45 UTC] PHP Deprecated:  Required parameter $voted_group follows optional parameter $userid in /wordpress/wp-content/plugins/feature-request/includes/class-avfr-db.php on line 108",
    "log": "/logs/plugins/f/firestudio/error.json"
  },
  {
    "message": "Required parameter $email follows optional parameter $userid in /wordpress/wp-content/plugins/feature-request/includes/class-avfr-db.php on line 127",
    "level": "DEPRECATED",
    "type": "PHP",
    "test": "jspi-boot",
    "plugin": "firestudio",
    "details": "[07-May-2025 19:49:45 UTC] PHP Deprecated:  Required parameter $email follows optional parameter $userid in /wordpress/wp-content/plugins/feature-request/includes/class-avfr-db.php on line 127",
    "log": "/logs/plugins/f/firestudio/error.json"
  },
  {
    "message": "Required parameter $voted_group follows optional parameter $userid in /wordpress/wp-content/plugins/feature-request/includes/class-avfr-db.php on line 127",
    "level": "DEPRECATED",
    "type": "PHP",
    "test": "jspi-boot",
    "plugin": "firestudio",
    "details": "[07-May-2025 19:49:45 UTC] PHP Deprecated:  Required parameter $voted_group follows optional parameter $userid in /wordpress/wp-content/plugins/feature-request/includes/class-avfr-db.php on line 127",
    "log": "/logs/plugins/f/firestudio/error.json"
  },
  {
    "message": "Required parameter $email follows optional parameter $userid in /wordpress/wp-content/plugins/feature-request/includes/class-avfr-db.php on line 146",
    "level": "DEPRECATED",
    "type": "PHP",
    "test": "jspi-boot",
    "plugin": "firestudio",
    "details": "[07-May-2025 19:49:45 UTC] PHP Deprecated:  Required parameter $email follows optional parameter $userid in /wordpress/wp-content/plugins/feature-request/includes/class-avfr-db.php on line 146",
    "log": "/logs/plugins/f/firestudio/error.json"
  },
  {
    "message": "Required parameter $voted_group follows optional parameter $userid in /wordpress/wp-content/plugins/feature-request/includes/class-avfr-db.php on line 146",
    "level": "DEPRECATED",
    "type": "PHP",
    "test": "jspi-boot",
    "plugin": "firestudio",
    "details": "[07-May-2025 19:49:45 UTC] PHP Deprecated:  Required parameter $voted_group follows optional parameter $userid in /wordpress/wp-content/plugins/feature-request/includes/class-avfr-db.php on line 146",
    "log": "/logs/plugins/f/firestudio/error.json"
  },
  {
    "message": "Undefined array key \"SERVER_ADDR\" in /wordpress/wp-content/plugins/file-commander/contribution.php on line 1",
    "level": "WARNING",
    "type": "PHP",
    "test": "jspi-boot",
    "plugin": "firestudio",
    "details": "[07-May-2025 19:53:26 UTC] PHP Warning:  Undefined array key \"SERVER_ADDR\" in /wordpress/wp-content/plugins/file-commander/contribution.php on line 1",
    "log": "/logs/plugins/f/firestudio/error.json"
  },
  {
    "message": "Undefined array key \"SERVER_ADDR\" in /wordpress/wp-content/plugins/file-commander/contribution.php on line 1",
    "level": "WARNING",
    "type": "PHP",
    "test": "jspi-boot",
    "plugin": "firestudio",
    "details": "[07-May-2025 19:53:35 UTC] PHP Warning:  Undefined array key \"SERVER_ADDR\" in /wordpress/wp-content/plugins/file-commander/contribution.php on line 1",
    "log": "/logs/plugins/f/firestudio/error.json"
  },
  {
    "message": "Undefined array key \"SERVER_ADDR\" in /wordpress/wp-content/plugins/file-commander/contribution.php on line 1",
    "level": "WARNING",
    "type": "PHP",
    "test": "jspi-boot",
    "plugin": "firestudio",
    "details": "[07-May-2025 19:53:44 UTC] PHP Warning:  Undefined array key \"SERVER_ADDR\" in /wordpress/wp-content/plugins/file-commander/contribution.php on line 1",
    "log": "/logs/plugins/f/firestudio/error.json"
  },
  {
    "message": "Cannot combine AUTOINCREMENT and multiple primary keys in SQLite.",
    "level": "FATAL",
    "type": "SQL",
    "test": "jspi-boot",
    "plugin": "firestudio",
    "details": "[07-May-2025 19:54:03 UTC] WordPress database error <div style=\"clear:both\">&nbsp;</div>\n<div class=\"queries\" style=\"clear:both;margin-bottom:2px;border:red dotted thin;\">\n<p>MySQL query:</p>\n<p>CREATE TABLE `wp_filerobot_remote_mapping` ( `id` bigint(20) NOT NULL auto_increment,  `post_id` bigint(20) NOT NULL,  `remote_name` varchar(500) NOT NULL,  `local_name` varchar(500) NOT NULL,  `uuid` varchar(500) NOT NULL,  `sha` varchar(500) NOT NULL DEFAULT '',  `container` varchar(500) NOT NULL,  `status` varchar(500) NOT NULL,  `in_progress` varchar(500) NOT NULL DEFAULT '0',  `created` TIMESTAMP NOT NULL DEFAULT CURRENT_TIMESTAMP,  `updated` TIMESTAMP on update CURRENT_TIMESTAMP NOT NULL DEFAULT CURRENT_TIMESTAMP,  PRIMARY KEY `remote_mapping_id` (`id`),  INDEX (`post_id`),  INDEX (`status`),  INDEX (`remote_name`),  INDEX (`uuid`),  INDEX (`in_progress`) ) DEFAULT CHARACTER SET utf8mb4</p>\n<p>Queries made or created this session were:</p>\n<ol>\n<li>Executing: BEGIN | (no parameters)</li>\n<li>Executing: ROLLBACK | (no parameters)</li>\n</ol>\n</div>\n<div style=\"clear:both;margin-bottom:2px;border:red dotted thin;\" class=\"error_message\" style=\"border-bottom:dotted blue thin;\">\nError occurred at line 4117 in Function <code>handle_error</code>. Error message was: Cannot combine AUTOINCREMENT and multiple primary keys in SQLite.\n</div>\n<p>Backtrace:</p>\n<pre>#0 /internal/shared/sqlite-database-integration/wp-includes/sqlite/class-wp-sqlite-db.php(287): WP_SQLite_Translator->get_error_message()\n#1 /wordpress/wp-admin/includes/upgrade.php(3280): WP_SQLite_DB->query('CREATE TABLE `w...')\n#2 /wordpress/wp-content/plugins/filerobot-digital-asset-management-and-acceleration/filerobot_class.php(562): dbDelta(Array)\n#3 /wordpress/wp-content/plugins/filerobot-digital-asset-management-and-acceleration/loader.php(94): Filerobot::setup_db()\n#4 /wordpress/wp-includes/class-wp-hook.php(324): on_activation(false)\n#5 /wordpress/wp-includes/class-wp-hook.php(348): WP_Hook->apply_filters('', Array)\n#6 /wordpress/wp-includes/plugin.php(517): WP_Hook->do_action(Array)\n#7 /wordpress/wp-admin/includes/plugin.php(703): do_action('activate_filero...', false)\n#8 /internal/eval.php(20): activate_plugin('filerobot-digit...')\n#9 {main}</pre>\n for query CREATE TABLE `wp_filerobot_remote_mapping` ( `id` bigint(20) NOT NULL auto_increment,  `post_id` bigint(20) NOT NULL,  `remote_name` varchar(500) NOT NULL,  `local_name` varchar(500) NOT NULL,  `uuid` varchar(500) NOT NULL,  `sha` varchar(500) NOT NULL DEFAULT '',  `container` varchar(500) NOT NULL,  `status` varchar(500) NOT NULL,  `in_progress` varchar(500) NOT NULL DEFAULT '0',  `created` TIMESTAMP NOT NULL DEFAULT CURRENT_TIMESTAMP,  `updated` TIMESTAMP on update CURRENT_TIMESTAMP NOT NULL DEFAULT CURRENT_TIMESTAMP,  PRIMARY KEY `remote_mapping_id` (`id`),  INDEX (`post_id`),  INDEX (`status`),  INDEX (`remote_name`),  INDEX (`uuid`),  INDEX (`in_progress`) ) DEFAULT CHARACTER SET utf8mb4 made by activate_plugin, do_action('activate_filerobot-digital-asset-management-and-acceleration/loader.php'), WP_Hook->do_action, WP_Hook->apply_filters, on_activation, Filerobot::setup_db, dbDelta, WP_SQLite_DB->query, WP_SQLite_DB->print_error",
    "log": "/logs/plugins/f/firestudio/error.json"
  },
  {
    "message": "Cannot combine AUTOINCREMENT and multiple primary keys in SQLite.",
    "level": "FATAL",
    "type": "SQL",
    "test": "jspi-boot",
    "plugin": "firestudio",
    "details": "[07-May-2025 19:54:12 UTC] WordPress database error <div style=\"clear:both\">&nbsp;</div>\n<div class=\"queries\" style=\"clear:both;margin-bottom:2px;border:red dotted thin;\">\n<p>MySQL query:</p>\n<p>CREATE TABLE `wp_filerobot_remote_mapping` ( `id` bigint(20) NOT NULL auto_increment,  `post_id` bigint(20) NOT NULL,  `remote_name` varchar(500) NOT NULL,  `local_name` varchar(500) NOT NULL,  `uuid` varchar(500) NOT NULL,  `sha` varchar(500) NOT NULL DEFAULT '',  `container` varchar(500) NOT NULL,  `status` varchar(500) NOT NULL,  `in_progress` varchar(500) NOT NULL DEFAULT '0',  `created` TIMESTAMP NOT NULL DEFAULT CURRENT_TIMESTAMP,  `updated` TIMESTAMP on update CURRENT_TIMESTAMP NOT NULL DEFAULT CURRENT_TIMESTAMP,  PRIMARY KEY `remote_mapping_id` (`id`),  INDEX (`post_id`),  INDEX (`status`),  INDEX (`remote_name`),  INDEX (`uuid`),  INDEX (`in_progress`) ) DEFAULT CHARACTER SET utf8mb4</p>\n<p>Queries made or created this session were:</p>\n<ol>\n<li>Executing: BEGIN | (no parameters)</li>\n<li>Executing: ROLLBACK | (no parameters)</li>\n</ol>\n</div>\n<div style=\"clear:both;margin-bottom:2px;border:red dotted thin;\" class=\"error_message\" style=\"border-bottom:dotted blue thin;\">\nError occurred at line 4117 in Function <code>handle_error</code>. Error message was: Cannot combine AUTOINCREMENT and multiple primary keys in SQLite.\n</div>\n<p>Backtrace:</p>\n<pre>#0 /internal/shared/sqlite-database-integration/wp-includes/sqlite/class-wp-sqlite-db.php(287): WP_SQLite_Translator->get_error_message()\n#1 /wordpress/wp-admin/includes/upgrade.php(3280): WP_SQLite_DB->query('CREATE TABLE `w...')\n#2 /wordpress/wp-content/plugins/filerobot-digital-asset-management-and-acceleration/filerobot_class.php(562): dbDelta(Array)\n#3 /wordpress/wp-content/plugins/filerobot-digital-asset-management-and-acceleration/loader.php(94): Filerobot::setup_db()\n#4 /wordpress/wp-includes/class-wp-hook.php(324): on_activation(false)\n#5 /wordpress/wp-includes/class-wp-hook.php(348): WP_Hook->apply_filters('', Array)\n#6 /wordpress/wp-includes/plugin.php(517): WP_Hook->do_action(Array)\n#7 /wordpress/wp-admin/includes/plugin.php(703): do_action('activate_filero...', false)\n#8 /internal/eval.php(20): activate_plugin('filerobot-digit...')\n#9 {main}</pre>\n for query CREATE TABLE `wp_filerobot_remote_mapping` ( `id` bigint(20) NOT NULL auto_increment,  `post_id` bigint(20) NOT NULL,  `remote_name` varchar(500) NOT NULL,  `local_name` varchar(500) NOT NULL,  `uuid` varchar(500) NOT NULL,  `sha` varchar(500) NOT NULL DEFAULT '',  `container` varchar(500) NOT NULL,  `status` varchar(500) NOT NULL,  `in_progress` varchar(500) NOT NULL DEFAULT '0',  `created` TIMESTAMP NOT NULL DEFAULT CURRENT_TIMESTAMP,  `updated` TIMESTAMP on update CURRENT_TIMESTAMP NOT NULL DEFAULT CURRENT_TIMESTAMP,  PRIMARY KEY `remote_mapping_id` (`id`),  INDEX (`post_id`),  INDEX (`status`),  INDEX (`remote_name`),  INDEX (`uuid`),  INDEX (`in_progress`) ) DEFAULT CHARACTER SET utf8mb4 made by activate_plugin, do_action('activate_filerobot-digital-asset-management-and-acceleration/loader.php'), WP_Hook->do_action, WP_Hook->apply_filters, on_activation, Filerobot::setup_db, dbDelta, WP_SQLite_DB->query, WP_SQLite_DB->print_error",
    "log": "/logs/plugins/f/firestudio/error.json"
  },
  {
    "message": "Required parameter $start_string follows optional parameter $count in /wordpress/wp-content/plugins/filogy-invoice/includes/wsl-core-functions.php on line 60",
    "level": "DEPRECATED",
    "type": "PHP",
    "test": "jspi-boot",
    "plugin": "firestudio",
    "details": "[07-May-2025 19:54:23 UTC] PHP Deprecated:  Required parameter $start_string follows optional parameter $count in /wordpress/wp-content/plugins/filogy-invoice/includes/wsl-core-functions.php on line 60",
    "log": "/logs/plugins/f/firestudio/error.json"
  },
  {
    "message": "Required parameter $start_string follows optional parameter $count in /wordpress/wp-content/plugins/filogy-invoice/filogy-framework-mini/includes/wsl-core-functions.php on line 60",
    "level": "DEPRECATED",
    "type": "PHP",
    "test": "jspi-boot",
    "plugin": "firestudio",
    "details": "[07-May-2025 19:54:23 UTC] PHP Deprecated:  Required parameter $start_string follows optional parameter $count in /wordpress/wp-content/plugins/filogy-invoice/filogy-framework-mini/includes/wsl-core-functions.php on line 60",
    "log": "/logs/plugins/f/firestudio/error.json"
  },
  {
    "message": "Required parameter $group_no follows optional parameter $the_order in /wordpress/wp-content/plugins/filogy-invoice/includes/filo-core-functions.php on line 20",
    "level": "DEPRECATED",
    "type": "PHP",
    "test": "jspi-boot",
    "plugin": "firestudio",
    "details": "[07-May-2025 19:54:23 UTC] PHP Deprecated:  Required parameter $group_no follows optional parameter $the_order in /wordpress/wp-content/plugins/filogy-invoice/includes/filo-core-functions.php on line 20",
    "log": "/logs/plugins/f/firestudio/error.json"
  },
  {
    "message": "Filogy Invoice - Please activate WooCommerce fist, then \"Filogy Framework\", then \"Filogy\", because Filogy needs this prerequired plugin. <style> h1{display: none; font-size: 1em; font-weight: normal;} </style> in /wordpress/wp-content/plugins/filogy-invoice/includes/wsl-core-functions.php on line 952",
    "level": "FATAL",
    "type": "PHP",
    "test": "jspi-boot",
    "plugin": "firestudio",
    "details": "[07-May-2025 19:54:23 UTC] PHP Fatal error:  Filogy Invoice - Please activate WooCommerce fist, then \"Filogy Framework\", then \"Filogy\", because Filogy needs this prerequired plugin. <style> h1{display: none; font-size: 1em; font-weight: normal;} </style> in /wordpress/wp-content/plugins/filogy-invoice/includes/wsl-core-functions.php on line 952",
    "log": "/logs/plugins/f/firestudio/error.json"
  },
  {
    "message": "Required parameter $start_string follows optional parameter $count in /wordpress/wp-content/plugins/filogy-invoice/includes/wsl-core-functions.php on line 60",
    "level": "DEPRECATED",
    "type": "PHP",
    "test": "jspi-boot",
    "plugin": "firestudio",
    "details": "[07-May-2025 19:54:33 UTC] PHP Deprecated:  Required parameter $start_string follows optional parameter $count in /wordpress/wp-content/plugins/filogy-invoice/includes/wsl-core-functions.php on line 60",
    "log": "/logs/plugins/f/firestudio/error.json"
  },
  {
    "message": "Required parameter $start_string follows optional parameter $count in /wordpress/wp-content/plugins/filogy-invoice/filogy-framework-mini/includes/wsl-core-functions.php on line 60",
    "level": "DEPRECATED",
    "type": "PHP",
    "test": "jspi-boot",
    "plugin": "firestudio",
    "details": "[07-May-2025 19:54:33 UTC] PHP Deprecated:  Required parameter $start_string follows optional parameter $count in /wordpress/wp-content/plugins/filogy-invoice/filogy-framework-mini/includes/wsl-core-functions.php on line 60",
    "log": "/logs/plugins/f/firestudio/error.json"
  },
  {
    "message": "Required parameter $group_no follows optional parameter $the_order in /wordpress/wp-content/plugins/filogy-invoice/includes/filo-core-functions.php on line 20",
    "level": "DEPRECATED",
    "type": "PHP",
    "test": "jspi-boot",
    "plugin": "firestudio",
    "details": "[07-May-2025 19:54:33 UTC] PHP Deprecated:  Required parameter $group_no follows optional parameter $the_order in /wordpress/wp-content/plugins/filogy-invoice/includes/filo-core-functions.php on line 20",
    "log": "/logs/plugins/f/firestudio/error.json"
  },
  {
    "message": "Filogy Invoice - Please activate WooCommerce fist, then \"Filogy Framework\", then \"Filogy\", because Filogy needs this prerequired plugin. <style> h1{display: none; font-size: 1em; font-weight: normal;} </style> in /wordpress/wp-content/plugins/filogy-invoice/includes/wsl-core-functions.php on line 952",
    "level": "FATAL",
    "type": "PHP",
    "test": "jspi-boot",
    "plugin": "firestudio",
    "details": "[07-May-2025 19:54:33 UTC] PHP Fatal error:  Filogy Invoice - Please activate WooCommerce fist, then \"Filogy Framework\", then \"Filogy\", because Filogy needs this prerequired plugin. <style> h1{display: none; font-size: 1em; font-weight: normal;} </style> in /wordpress/wp-content/plugins/filogy-invoice/includes/wsl-core-functions.php on line 952",
    "log": "/logs/plugins/f/firestudio/error.json"
  },
  {
    "message": "Required parameter $start_string follows optional parameter $count in /wordpress/wp-content/plugins/filogy-invoice/includes/wsl-core-functions.php on line 60",
    "level": "DEPRECATED",
    "type": "PHP",
    "test": "jspi-boot",
    "plugin": "firestudio",
    "details": "[07-May-2025 19:54:42 UTC] PHP Deprecated:  Required parameter $start_string follows optional parameter $count in /wordpress/wp-content/plugins/filogy-invoice/includes/wsl-core-functions.php on line 60",
    "log": "/logs/plugins/f/firestudio/error.json"
  },
  {
    "message": "Required parameter $start_string follows optional parameter $count in /wordpress/wp-content/plugins/filogy-invoice/filogy-framework-mini/includes/wsl-core-functions.php on line 60",
    "level": "DEPRECATED",
    "type": "PHP",
    "test": "jspi-boot",
    "plugin": "firestudio",
    "details": "[07-May-2025 19:54:42 UTC] PHP Deprecated:  Required parameter $start_string follows optional parameter $count in /wordpress/wp-content/plugins/filogy-invoice/filogy-framework-mini/includes/wsl-core-functions.php on line 60",
    "log": "/logs/plugins/f/firestudio/error.json"
  },
  {
    "message": "Required parameter $group_no follows optional parameter $the_order in /wordpress/wp-content/plugins/filogy-invoice/includes/filo-core-functions.php on line 20",
    "level": "DEPRECATED",
    "type": "PHP",
    "test": "jspi-boot",
    "plugin": "firestudio",
    "details": "[07-May-2025 19:54:42 UTC] PHP Deprecated:  Required parameter $group_no follows optional parameter $the_order in /wordpress/wp-content/plugins/filogy-invoice/includes/filo-core-functions.php on line 20",
    "log": "/logs/plugins/f/firestudio/error.json"
  },
  {
    "message": "Filogy Invoice - Please activate WooCommerce fist, then \"Filogy Framework\", then \"Filogy\", because Filogy needs this prerequired plugin. <style> h1{display: none; font-size: 1em; font-weight: normal;} </style> in /wordpress/wp-content/plugins/filogy-invoice/includes/wsl-core-functions.php on line 952",
    "level": "FATAL",
    "type": "PHP",
    "test": "jspi-boot",
    "plugin": "firestudio",
    "details": "[07-May-2025 19:54:42 UTC] PHP Fatal error:  Filogy Invoice - Please activate WooCommerce fist, then \"Filogy Framework\", then \"Filogy\", because Filogy needs this prerequired plugin. <style> h1{display: none; font-size: 1em; font-weight: normal;} </style> in /wordpress/wp-content/plugins/filogy-invoice/includes/wsl-core-functions.php on line 952",
    "log": "/logs/plugins/f/firestudio/error.json"
  },
  {
    "message": "Function register_sidebar_widget is <strong>deprecated</strong> since version 2.8.0! Use wp_register_sidebar_widget() instead. in /wordpress/wp-includes/functions.php on line 6121",
    "level": "DEPRECATED",
    "type": "PHP",
    "test": "jspi-boot",
    "plugin": "firestudio",
    "details": "[07-May-2025 19:55:19 UTC] PHP Deprecated:  Function register_sidebar_widget is <strong>deprecated</strong> since version 2.8.0! Use wp_register_sidebar_widget() instead. in /wordpress/wp-includes/functions.php on line 6121",
    "log": "/logs/plugins/f/firestudio/error.json"
  },
  {
    "message": "Function register_widget_control is <strong>deprecated</strong> since version 2.8.0! Use wp_register_widget_control() instead. in /wordpress/wp-includes/functions.php on line 6121",
    "level": "DEPRECATED",
    "type": "PHP",
    "test": "jspi-boot",
    "plugin": "firestudio",
    "details": "[07-May-2025 19:55:19 UTC] PHP Deprecated:  Function register_widget_control is <strong>deprecated</strong> since version 2.8.0! Use wp_register_widget_control() instead. in /wordpress/wp-includes/functions.php on line 6121",
    "log": "/logs/plugins/f/firestudio/error.json"
  },
  {
    "message": "Function register_sidebar_widget is <strong>deprecated</strong> since version 2.8.0! Use wp_register_sidebar_widget() instead. in /wordpress/wp-includes/functions.php on line 6121",
    "level": "DEPRECATED",
    "type": "PHP",
    "test": "jspi-boot",
    "plugin": "firestudio",
    "details": "[07-May-2025 19:55:28 UTC] PHP Deprecated:  Function register_sidebar_widget is <strong>deprecated</strong> since version 2.8.0! Use wp_register_sidebar_widget() instead. in /wordpress/wp-includes/functions.php on line 6121",
    "log": "/logs/plugins/f/firestudio/error.json"
  },
  {
    "message": "Function register_widget_control is <strong>deprecated</strong> since version 2.8.0! Use wp_register_widget_control() instead. in /wordpress/wp-includes/functions.php on line 6121",
    "level": "DEPRECATED",
    "type": "PHP",
    "test": "jspi-boot",
    "plugin": "firestudio",
    "details": "[07-May-2025 19:55:28 UTC] PHP Deprecated:  Function register_widget_control is <strong>deprecated</strong> since version 2.8.0! Use wp_register_widget_control() instead. in /wordpress/wp-includes/functions.php on line 6121",
    "log": "/logs/plugins/f/firestudio/error.json"
  },
  {
    "message": "Function register_sidebar_widget is <strong>deprecated</strong> since version 2.8.0! Use wp_register_sidebar_widget() instead. in /wordpress/wp-includes/functions.php on line 6121",
    "level": "DEPRECATED",
    "type": "PHP",
    "test": "jspi-boot",
    "plugin": "firestudio",
    "details": "[07-May-2025 19:55:37 UTC] PHP Deprecated:  Function register_sidebar_widget is <strong>deprecated</strong> since version 2.8.0! Use wp_register_sidebar_widget() instead. in /wordpress/wp-includes/functions.php on line 6121",
    "log": "/logs/plugins/f/firestudio/error.json"
  },
  {
    "message": "Function register_widget_control is <strong>deprecated</strong> since version 2.8.0! Use wp_register_widget_control() instead. in /wordpress/wp-includes/functions.php on line 6121",
    "level": "DEPRECATED",
    "type": "PHP",
    "test": "jspi-boot",
    "plugin": "firestudio",
    "details": "[07-May-2025 19:55:37 UTC] PHP Deprecated:  Function register_widget_control is <strong>deprecated</strong> since version 2.8.0! Use wp_register_widget_control() instead. in /wordpress/wp-includes/functions.php on line 6121",
    "log": "/logs/plugins/f/firestudio/error.json"
  },
  {
    "message": "simplexml_load_file(http://www.arbeitsgemeinschaft-finanzen.de/feed.xml): Failed to open stream: HTTP request failed! HTTP/1.1 404 Not Found\r",
    "level": "WARNING",
    "type": "PHP",
    "test": "jspi-boot",
    "plugin": "firestudio",
    "details": "[07-May-2025 19:55:38 UTC] PHP Warning:  simplexml_load_file(http://www.arbeitsgemeinschaft-finanzen.de/feed.xml): Failed to open stream: HTTP request failed! HTTP/1.1 404 Not Found\r\n in /wordpress/wp-content/plugins/finanz-nachrichten/finanz-nachrichten.php on line 151",
    "log": "/logs/plugins/f/firestudio/error.json"
  },
  {
    "message": "simplexml_load_file(): I/O warning : failed to load external entity &quot;http://www.arbeitsgemeinschaft-finanzen.de/feed.xml&quot; in /wordpress/wp-content/plugins/finanz-nachrichten/finanz-nachrichten.php on line 151",
    "level": "WARNING",
    "type": "PHP",
    "test": "jspi-boot",
    "plugin": "firestudio",
    "details": "[07-May-2025 19:55:38 UTC] PHP Warning:  simplexml_load_file(): I/O warning : failed to load external entity &quot;http://www.arbeitsgemeinschaft-finanzen.de/feed.xml&quot; in /wordpress/wp-content/plugins/finanz-nachrichten/finanz-nachrichten.php on line 151",
    "log": "/logs/plugins/f/firestudio/error.json"
  },
  {
    "message": "Attempt to read property \"channel\" on bool in /wordpress/wp-content/plugins/finanz-nachrichten/finanz-nachrichten.php on line 154",
    "level": "WARNING",
    "type": "PHP",
    "test": "jspi-boot",
    "plugin": "firestudio",
    "details": "[07-May-2025 19:55:38 UTC] PHP Warning:  Attempt to read property \"channel\" on bool in /wordpress/wp-content/plugins/finanz-nachrichten/finanz-nachrichten.php on line 154",
    "log": "/logs/plugins/f/firestudio/error.json"
  },
  {
    "message": "Attempt to read property \"item\" on null in /wordpress/wp-content/plugins/finanz-nachrichten/finanz-nachrichten.php on line 154",
    "level": "WARNING",
    "type": "PHP",
    "test": "jspi-boot",
    "plugin": "firestudio",
    "details": "[07-May-2025 19:55:38 UTC] PHP Warning:  Attempt to read property \"item\" on null in /wordpress/wp-content/plugins/finanz-nachrichten/finanz-nachrichten.php on line 154",
    "log": "/logs/plugins/f/firestudio/error.json"
  },
  {
    "message": "foreach() argument must be of type array|object, null given in /wordpress/wp-content/plugins/finanz-nachrichten/finanz-nachrichten.php on line 154",
    "level": "WARNING",
    "type": "PHP",
    "test": "jspi-boot",
    "plugin": "firestudio",
    "details": "[07-May-2025 19:55:38 UTC] PHP Warning:  foreach() argument must be of type array|object, null given in /wordpress/wp-content/plugins/finanz-nachrichten/finanz-nachrichten.php on line 154",
    "log": "/logs/plugins/f/firestudio/error.json"
  },
  {
    "message": "Uncaught PDOException: SQLSTATE[HY000] [2002] Address family not supported by protocol in /wordpress/wp-content/plugins/firestudio/shared/init.php:20",
    "level": "FATAL",
    "type": "PHP",
    "test": "jspi-boot",
    "plugin": "firestudio",
    "details": "[07-May-2025 19:55:48 UTC] PHP Fatal error:  Uncaught PDOException: SQLSTATE[HY000] [2002] Address family not supported by protocol in /wordpress/wp-content/plugins/firestudio/shared/init.php:20\nStack trace:\n#0 /wordpress/wp-content/plugins/firestudio/shared/init.php(20): PDO->__construct('mysql:host=loca...', 'username_here', 'password_here')\n#1 /wordpress/wp-content/plugins/firestudio/shared/autoload.php(42): require_once('/wordpress/wp-c...')\n#2 /wordpress/wp-content/plugins/firestudio/plugin.php(48): require_once('/wordpress/wp-c...')\n#3 /wordpress/wp-admin/includes/plugin.php(2387): include_once('/wordpress/wp-c...')\n#4 /wordpress/wp-admin/includes/plugin.php(673): plugin_sandbox_scrape('firestudio/plug...')\n#5 /internal/eval.php(20): activate_plugin('firestudio/plug...')\n#6 {main}\n  thrown in /wordpress/wp-content/plugins/firestudio/shared/init.php on line 20",
    "log": "/logs/plugins/f/firestudio/error.json"
  },
  {
    "message": "Uncaught PDOException: SQLSTATE[HY000] [2002] Address family not supported by protocol in /wordpress/wp-content/plugins/firestudio/shared/init.php:20",
    "level": "FATAL",
    "type": "PHP",
    "test": "jspi-boot",
    "plugin": "firestudio",
    "details": "[07-May-2025 19:55:56 UTC] PHP Fatal error:  Uncaught PDOException: SQLSTATE[HY000] [2002] Address family not supported by protocol in /wordpress/wp-content/plugins/firestudio/shared/init.php:20\nStack trace:\n#0 /wordpress/wp-content/plugins/firestudio/shared/init.php(20): PDO->__construct('mysql:host=loca...', 'username_here', 'password_here')\n#1 /wordpress/wp-content/plugins/firestudio/shared/autoload.php(42): require_once('/wordpress/wp-c...')\n#2 /wordpress/wp-content/plugins/firestudio/plugin.php(48): require_once('/wordpress/wp-c...')\n#3 /wordpress/wp-admin/includes/plugin.php(2387): include_once('/wordpress/wp-c...')\n#4 /wordpress/wp-admin/includes/plugin.php(673): plugin_sandbox_scrape('firestudio/plug...')\n#5 /internal/eval.php(20): activate_plugin('firestudio/plug...')\n#6 {main}\n  thrown in /wordpress/wp-content/plugins/firestudio/shared/init.php on line 20",
    "log": "/logs/plugins/f/firestudio/error.json"
  },
  {
    "message": "Uncaught PDOException: SQLSTATE[HY000] [2002] Address family not supported by protocol in /wordpress/wp-content/plugins/firestudio/shared/init.php:20",
    "level": "FATAL",
    "type": "PHP",
    "test": "jspi-boot",
    "plugin": "firestudio",
    "details": "[07-May-2025 19:56:04 UTC] PHP Fatal error:  Uncaught PDOException: SQLSTATE[HY000] [2002] Address family not supported by protocol in /wordpress/wp-content/plugins/firestudio/shared/init.php:20\nStack trace:\n#0 /wordpress/wp-content/plugins/firestudio/shared/init.php(20): PDO->__construct('mysql:host=loca...', 'username_here', 'password_here')\n#1 /wordpress/wp-content/plugins/firestudio/shared/autoload.php(42): require_once('/wordpress/wp-c...')\n#2 /wordpress/wp-content/plugins/firestudio/plugin.php(48): require_once('/wordpress/wp-c...')\n#3 /wordpress/wp-admin/includes/plugin.php(2387): include_once('/wordpress/wp-c...')\n#4 /wordpress/wp-admin/includes/plugin.php(673): plugin_sandbox_scrape('firestudio/plug...')\n#5 /internal/eval.php(20): activate_plugin('firestudio/plug...')\n#6 {main}\n  thrown in /wordpress/wp-content/plugins/firestudio/shared/init.php on line 20\n\n    at Object.onBind (file:///home/runner/work/playground-tester/playground-tester/node_modules/@wp-playground/cli/index.js:237:15)\n    at process.processTicksAndRejections (node:internal/process/task_queues:105:5)\n    at async V (file:///home/runner/work/playground-tester/playground-tester/node_modules/@wp-playground/cli/index.js:64:10)\n    at async ja (file:///home/runner/work/playground-tester/playground-tester/node_modules/@wp-playground/cli/cli.js:8161:12) {\n  [cause]: Error: Error when executing the blueprint step #1 ({\"step\":\"installPlugin\",\"pluginData\":{\"resource\":\"wordpress.org/plugins\",\"slug\":\"firestudio\"},\"options\":{\"activate\":true}}) : PHP.run() failed with exit code 255 and the following output: \n      at Object.run (file:///home/runner/work/playground-tester/playground-tester/node_modules/@wp-playground/blueprints/index.js:12449:19)\n      at process.processTicksAndRejections (node:internal/process/task_queues:105:5)\n      at async ms (file:///home/runner/work/playground-tester/playground-tester/node_modules/@wp-playground/blueprints/index.js:12552:3)\n      ... 2 lines matching cause stack trace ...\n      at async ja (file:///home/runner/work/playground-tester/playground-tester/node_modules/@wp-playground/cli/cli.js:8161:12) {\n    [cause]: PHPExecutionFailureError: PHP.run() failed with exit code 255 and the following output: \n        at PHP.run (file:///home/runner/work/playground-tester/playground-tester/node_modules/@php-wasm/universal/index.js:987:19)\n        at process.processTicksAndRejections (node:internal/process/task_queues:105:5)\n        at async wr (file:///home/runner/work/playground-tester/playground-tester/node_modules/@wp-playground/blueprints/index.js:33:39)\n        at async Object.gt [as installPlugin] (file:///home/runner/work/playground-tester/playground-tester/node_modules/@wp-playground/blueprints/index.js:974:42)\n        at async g (file:///home/runner/work/playground-tester/playground-tester/node_modules/@wp-playground/blueprints/index.js:12517:30)\n        at async Object.run (file:///home/runner/work/playground-tester/playground-tester/node_modules/@wp-playground/blueprints/index.js:12446:23)\n        at async ms (file:///home/runner/work/playground-tester/playground-tester/node_modules/@wp-playground/blueprints/index.js:12552:3)\n        at async Object.onBind (file:///home/runner/work/playground-tester/playground-tester/node_modules/@wp-playground/cli/index.js:227:48)\n        at async V (file:///home/runner/work/playground-tester/playground-tester/node_modules/@wp-playground/cli/index.js:64:10)\n        at async ja (file:///home/runner/work/playground-tester/playground-tester/node_modules/@wp-playground/cli/cli.js:8161:12) {\n      response: PHPResponse {\n        httpStatusCode: 500,\n        headers: {\n          'x-powered-by': [ 'PHP/8.0.30-dev' ],\n          'content-type': [ 'text/html; charset=UTF-8' ]\n        },\n        bytes: Uint8Array(0) [],\n        exitCode: 255,\n        errors: ''\n      },\n      source: 'request'\n    }\n  }\n}\n\n",
    "log": "/logs/plugins/f/firestudio/error.json"
  }
]
