file:///home/runner/work/playground-tester/playground-tester/node_modules/@wp-playground/cli/index.js:237
        throw new Error(y, { cause: u });
              ^

Error: [09-May-2025 12:50:21 UTC] PHP Warning:  Undefined array key "DOCUMENT_ROOT" in /wordpress/wp-content/plugins/002-ps-custom-post-type/ps-custom-post_type.php on line 39
[09-May-2025 12:50:21 UTC] PHP Warning:  Undefined array key "DOCUMENT_ROOT" in /wordpress/wp-content/plugins/002-ps-custom-post-type/ps-custom-post_type.php on line 40
[09-May-2025 12:50:22 UTC] PHP Warning:  Undefined array key "DOCUMENT_ROOT" in /wordpress/wp-content/plugins/002-ps-custom-post-type/ps-custom-post_type.php on line 39
[09-May-2025 12:50:22 UTC] PHP Warning:  Undefined array key "DOCUMENT_ROOT" in /wordpress/wp-content/plugins/002-ps-custom-post-type/ps-custom-post_type.php on line 40
[09-May-2025 12:50:22 UTC] PHP Warning:  Attempt to read property "blog_id" on null in /wordpress/wp-content/plugins/002-ps-custom-post-type/ps-custom-post_type.php on line 111
[09-May-2025 12:50:22 UTC] PHP Warning:  Undefined property: stdClass::$wp_user_level in /wordpress/wp-content/plugins/002-ps-custom-post-type/ps-custom-post_type.php on line 117
[09-May-2025 12:50:22 UTC] PHP Warning:  Undefined property: stdClass::$supports in /wordpress/wp-content/plugins/002-ps-custom-post-type/ps-custom-post_type.php on line 183
[09-May-2025 12:50:22 UTC] PHP Warning:  Undefined property: stdClass::$menu_icon in /wordpress/wp-content/plugins/002-ps-custom-post-type/ps-custom-post_type.php on line 203
[09-May-2025 12:50:22 UTC] PHP Warning:  Undefined property: stdClass::$tax_type in /wordpress/wp-content/plugins/002-ps-custom-post-type/ps-custom-post_type.php on line 234
[09-May-2025 12:50:22 UTC] PHP Warning:  Undefined array key "media_genres" in /wordpress/wp-content/plugins/002-ps-custom-post-type/ps-custom-post_type.php on line 387
[09-May-2025 12:50:29 UTC] PHP Warning:  Undefined array key "DOCUMENT_ROOT" in /wordpress/wp-content/plugins/002-ps-custom-post-type/ps-custom-post_type.php on line 39
[09-May-2025 12:50:29 UTC] PHP Warning:  Undefined array key "DOCUMENT_ROOT" in /wordpress/wp-content/plugins/002-ps-custom-post-type/ps-custom-post_type.php on line 40
[09-May-2025 12:50:30 UTC] PHP Warning:  Undefined array key "DOCUMENT_ROOT" in /wordpress/wp-content/plugins/002-ps-custom-post-type/ps-custom-post_type.php on line 39
[09-May-2025 12:50:30 UTC] PHP Warning:  Undefined array key "DOCUMENT_ROOT" in /wordpress/wp-content/plugins/002-ps-custom-post-type/ps-custom-post_type.php on line 40
[09-May-2025 12:50:30 UTC] PHP Warning:  Attempt to read property "blog_id" on null in /wordpress/wp-content/plugins/002-ps-custom-post-type/ps-custom-post_type.php on line 111
[09-May-2025 12:50:30 UTC] PHP Warning:  Undefined property: stdClass::$wp_user_level in /wordpress/wp-content/plugins/002-ps-custom-post-type/ps-custom-post_type.php on line 117
[09-May-2025 12:50:30 UTC] PHP Warning:  Undefined property: stdClass::$supports in /wordpress/wp-content/plugins/002-ps-custom-post-type/ps-custom-post_type.php on line 183
[09-May-2025 12:50:30 UTC] PHP Warning:  Undefined property: stdClass::$menu_icon in /wordpress/wp-content/plugins/002-ps-custom-post-type/ps-custom-post_type.php on line 203
[09-May-2025 12:50:30 UTC] PHP Warning:  Undefined property: stdClass::$tax_type in /wordpress/wp-content/plugins/002-ps-custom-post-type/ps-custom-post_type.php on line 234
[09-May-2025 12:50:30 UTC] PHP Warning:  Undefined array key "media_genres" in /wordpress/wp-content/plugins/002-ps-custom-post-type/ps-custom-post_type.php on line 387
[09-May-2025 12:50:38 UTC] PHP Warning:  Undefined array key "DOCUMENT_ROOT" in /wordpress/wp-content/plugins/002-ps-custom-post-type/ps-custom-post_type.php on line 39
[09-May-2025 12:50:38 UTC] PHP Warning:  Undefined array key "DOCUMENT_ROOT" in /wordpress/wp-content/plugins/002-ps-custom-post-type/ps-custom-post_type.php on line 40
[09-May-2025 12:50:38 UTC] PHP Warning:  Undefined array key "DOCUMENT_ROOT" in /wordpress/wp-content/plugins/002-ps-custom-post-type/ps-custom-post_type.php on line 39
[09-May-2025 12:50:38 UTC] PHP Warning:  Undefined array key "DOCUMENT_ROOT" in /wordpress/wp-content/plugins/002-ps-custom-post-type/ps-custom-post_type.php on line 40
[09-May-2025 12:50:39 UTC] PHP Warning:  Attempt to read property "blog_id" on null in /wordpress/wp-content/plugins/002-ps-custom-post-type/ps-custom-post_type.php on line 111
[09-May-2025 12:50:39 UTC] PHP Warning:  Undefined property: stdClass::$wp_user_level in /wordpress/wp-content/plugins/002-ps-custom-post-type/ps-custom-post_type.php on line 117
[09-May-2025 12:50:39 UTC] PHP Warning:  Undefined property: stdClass::$supports in /wordpress/wp-content/plugins/002-ps-custom-post-type/ps-custom-post_type.php on line 183
[09-May-2025 12:50:39 UTC] PHP Warning:  Undefined property: stdClass::$menu_icon in /wordpress/wp-content/plugins/002-ps-custom-post-type/ps-custom-post_type.php on line 203
[09-May-2025 12:50:39 UTC] PHP Warning:  Undefined property: stdClass::$tax_type in /wordpress/wp-content/plugins/002-ps-custom-post-type/ps-custom-post_type.php on line 234
[09-May-2025 12:50:39 UTC] PHP Warning:  Undefined array key "media_genres" in /wordpress/wp-content/plugins/002-ps-custom-post-type/ps-custom-post_type.php on line 387
[09-May-2025 12:52:05 UTC] PHP Notice:  Function wp_enqueue_script was called <strong>incorrectly</strong>. Scripts and styles should not be registered or enqueued until the <code>wp_enqueue_scripts</code>, <code>admin_enqueue_scripts</code>, or <code>login_enqueue_scripts</code> hooks. This notice was triggered by the <code>jquery</code> handle. Please see <a href="https://developer.wordpress.org/advanced-administration/debug/debug-wordpress/">Debugging in WordPress</a> for more information. (This message was added in version 3.3.0.) in /wordpress/wp-includes/functions.php on line 6121
[09-May-2025 12:52:05 UTC] PHP Notice:  Function wp_enqueue_style was called <strong>incorrectly</strong>. Scripts and styles should not be registered or enqueued until the <code>wp_enqueue_scripts</code>, <code>admin_enqueue_scripts</code>, or <code>login_enqueue_scripts</code> hooks. This notice was triggered by the <code>wp-color-picker</code> handle. Please see <a href="https://developer.wordpress.org/advanced-administration/debug/debug-wordpress/">Debugging in WordPress</a> for more information. (This message was added in version 3.3.0.) in /wordpress/wp-includes/functions.php on line 6121
[09-May-2025 12:52:05 UTC] PHP Notice:  Function is_feed was called <strong>incorrectly</strong>. Conditional query tags do not work before the query is run. Before then, they always return false. Please see <a href="https://developer.wordpress.org/advanced-administration/debug/debug-wordpress/">Debugging in WordPress</a> for more information. (This message was added in version 3.1.0.) in /wordpress/wp-includes/functions.php on line 6121
[09-May-2025 12:52:05 UTC] PHP Notice:  Function wp_enqueue_script was called <strong>incorrectly</strong>. Scripts and styles should not be registered or enqueued until the <code>wp_enqueue_scripts</code>, <code>admin_enqueue_scripts</code>, or <code>login_enqueue_scripts</code> hooks. This notice was triggered by the <code>sl-script-handle</code> handle. Please see <a href="https://developer.wordpress.org/advanced-administration/debug/debug-wordpress/">Debugging in WordPress</a> for more information. (This message was added in version 3.3.0.) in /wordpress/wp-includes/functions.php on line 6121
[09-May-2025 12:52:15 UTC] PHP Notice:  Function wp_enqueue_script was called <strong>incorrectly</strong>. Scripts and styles should not be registered or enqueued until the <code>wp_enqueue_scripts</code>, <code>admin_enqueue_scripts</code>, or <code>login_enqueue_scripts</code> hooks. This notice was triggered by the <code>jquery</code> handle. Please see <a href="https://developer.wordpress.org/advanced-administration/debug/debug-wordpress/">Debugging in WordPress</a> for more information. (This message was added in version 3.3.0.) in /wordpress/wp-includes/functions.php on line 6121
[09-May-2025 12:52:15 UTC] PHP Notice:  Function wp_enqueue_style was called <strong>incorrectly</strong>. Scripts and styles should not be registered or enqueued until the <code>wp_enqueue_scripts</code>, <code>admin_enqueue_scripts</code>, or <code>login_enqueue_scripts</code> hooks. This notice was triggered by the <code>wp-color-picker</code> handle. Please see <a href="https://developer.wordpress.org/advanced-administration/debug/debug-wordpress/">Debugging in WordPress</a> for more information. (This message was added in version 3.3.0.) in /wordpress/wp-includes/functions.php on line 6121
[09-May-2025 12:52:15 UTC] PHP Notice:  Function is_feed was called <strong>incorrectly</strong>. Conditional query tags do not work before the query is run. Before then, they always return false. Please see <a href="https://developer.wordpress.org/advanced-administration/debug/debug-wordpress/">Debugging in WordPress</a> for more information. (This message was added in version 3.1.0.) in /wordpress/wp-includes/functions.php on line 6121
[09-May-2025 12:52:15 UTC] PHP Notice:  Function wp_enqueue_script was called <strong>incorrectly</strong>. Scripts and styles should not be registered or enqueued until the <code>wp_enqueue_scripts</code>, <code>admin_enqueue_scripts</code>, or <code>login_enqueue_scripts</code> hooks. This notice was triggered by the <code>sl-script-handle</code> handle. Please see <a href="https://developer.wordpress.org/advanced-administration/debug/debug-wordpress/">Debugging in WordPress</a> for more information. (This message was added in version 3.3.0.) in /wordpress/wp-includes/functions.php on line 6121
[09-May-2025 12:52:25 UTC] PHP Notice:  Function wp_enqueue_script was called <strong>incorrectly</strong>. Scripts and styles should not be registered or enqueued until the <code>wp_enqueue_scripts</code>, <code>admin_enqueue_scripts</code>, or <code>login_enqueue_scripts</code> hooks. This notice was triggered by the <code>jquery</code> handle. Please see <a href="https://developer.wordpress.org/advanced-administration/debug/debug-wordpress/">Debugging in WordPress</a> for more information. (This message was added in version 3.3.0.) in /wordpress/wp-includes/functions.php on line 6121
[09-May-2025 12:52:25 UTC] PHP Notice:  Function wp_enqueue_style was called <strong>incorrectly</strong>. Scripts and styles should not be registered or enqueued until the <code>wp_enqueue_scripts</code>, <code>admin_enqueue_scripts</code>, or <code>login_enqueue_scripts</code> hooks. This notice was triggered by the <code>wp-color-picker</code> handle. Please see <a href="https://developer.wordpress.org/advanced-administration/debug/debug-wordpress/">Debugging in WordPress</a> for more information. (This message was added in version 3.3.0.) in /wordpress/wp-includes/functions.php on line 6121
[09-May-2025 12:52:25 UTC] PHP Notice:  Function is_feed was called <strong>incorrectly</strong>. Conditional query tags do not work before the query is run. Before then, they always return false. Please see <a href="https://developer.wordpress.org/advanced-administration/debug/debug-wordpress/">Debugging in WordPress</a> for more information. (This message was added in version 3.1.0.) in /wordpress/wp-includes/functions.php on line 6121
[09-May-2025 12:52:25 UTC] PHP Notice:  Function wp_enqueue_script was called <strong>incorrectly</strong>. Scripts and styles should not be registered or enqueued until the <code>wp_enqueue_scripts</code>, <code>admin_enqueue_scripts</code>, or <code>login_enqueue_scripts</code> hooks. This notice was triggered by the <code>sl-script-handle</code> handle. Please see <a href="https://developer.wordpress.org/advanced-administration/debug/debug-wordpress/">Debugging in WordPress</a> for more information. (This message was added in version 3.3.0.) in /wordpress/wp-includes/functions.php on line 6121
[09-May-2025 12:53:53 UTC] [TCS-GCP] [ERROR]   WooCommerce not installed or not active.
[09-May-2025 12:54:02 UTC] [TCS-GCP] [ERROR]   WooCommerce not installed or not active.
[09-May-2025 12:54:11 UTC] [TCS-GCP] [ERROR]   WooCommerce not installed or not active.

    at Object.onBind (file:///home/runner/work/playground-tester/playground-tester/node_modules/@wp-playground/cli/index.js:237:15)
    at process.processTicksAndRejections (node:internal/process/task_queues:105:5)
    at async V (file:///home/runner/work/playground-tester/playground-tester/node_modules/@wp-playground/cli/index.js:64:10)
    at async ja (file:///home/runner/work/playground-tester/playground-tester/node_modules/@wp-playground/cli/cli.js:8161:12) {
  [cause]: Error: Error when executing the blueprint step #5 ({"step":"installPlugin","pluginData":{"resource":"wordpress.org/plugins","slug":"buy-the-original"},"options":{"activate":true}}) : Could not download "https://downloads.wordpress.org/plugin/buy-the-original.latest-stable.zip".
  				Check if the URL is correct and the server is reachable.
  				If it is reachable, the server might be blocking the request.
  				Check the browser console and network tabs for more information.
  
  				## Does the console show the error "No 'Access-Control-Allow-Origin' header"?
  
  				This means the server that hosts your file does not allow requests from other sites
  				(cross-origin requests, or CORS).	You need to move the asset to a server that allows
  				cross-origin file downloads. Learn more about CORS at
  				https://developer.mozilla.org/en-US/docs/Web/HTTP/CORS.
  
  				If your file is on GitHub, load it from "raw.githubusercontent.com".
  				Here's how to do that:
  
  				1. Start with the original GitHub URL of the file. For example:
  				https://github.com/username/repository/blob/branch/filename.
  				2. Replace "github.com" with "raw.githubusercontent.com".
  				3. Remove the "/blob/" part of the URL.
  
  				The resulting URL should look like this:
  				https://raw.githubusercontent.com/username/repository/branch/filename
  
  				Error:
  				Error: Could not download "https://downloads.wordpress.org/plugin/buy-the-original.latest-stable.zip"
      at Object.run (file:///home/runner/work/playground-tester/playground-tester/node_modules/@wp-playground/blueprints/index.js:12449:19)
      at process.processTicksAndRejections (node:internal/process/task_queues:105:5)
      at async ms (file:///home/runner/work/playground-tester/playground-tester/node_modules/@wp-playground/blueprints/index.js:12552:3)
      at async Object.onBind (file:///home/runner/work/playground-tester/playground-tester/node_modules/@wp-playground/cli/index.js:227:48)
      at async V (file:///home/runner/work/playground-tester/playground-tester/node_modules/@wp-playground/cli/index.js:64:10)
      at async ja (file:///home/runner/work/playground-tester/playground-tester/node_modules/@wp-playground/cli/cli.js:8161:12) {
    [cause]: Error: Could not download "https://downloads.wordpress.org/plugin/buy-the-original.latest-stable.zip".
    				Check if the URL is correct and the server is reachable.
    				If it is reachable, the server might be blocking the request.
    				Check the browser console and network tabs for more information.
    
    				## Does the console show the error "No 'Access-Control-Allow-Origin' header"?
    
    				This means the server that hosts your file does not allow requests from other sites
    				(cross-origin requests, or CORS).	You need to move the asset to a server that allows
    				cross-origin file downloads. Learn more about CORS at
    				https://developer.mozilla.org/en-US/docs/Web/HTTP/CORS.
    
    				If your file is on GitHub, load it from "raw.githubusercontent.com".
    				Here's how to do that:
    
    				1. Start with the original GitHub URL of the file. For example:
    				https://github.com/username/repository/blob/branch/filename.
    				2. Replace "github.com" with "raw.githubusercontent.com".
    				3. Remove the "/blob/" part of the URL.
    
    				The resulting URL should look like this:
    				https://raw.githubusercontent.com/username/repository/branch/filename
    
    				Error:
    				Error: Could not download "https://downloads.wordpress.org/plugin/buy-the-original.latest-stable.zip"
        at Ct.resolve (file:///home/runner/work/playground-tester/playground-tester/node_modules/@wp-playground/blueprints/index.js:1472:13)
        at process.processTicksAndRejections (node:internal/process/task_queues:105:5)
        at async _.run (file:///home/runner/work/playground-tester/playground-tester/node_modules/@php-wasm/util/index.js:45:14)
  }
}

Node.js v23.11.0
