[
{"message":"file:///home/runner/work/playground-tester/playground-tester/node_modules/@wp-playground/cli/index.js:237\n        throw new Error(y, { cause: u });\n              ^\n","level":"FATAL","type":"PLAYGROUND","test":"ast-sqlite-boot","plugin":"buy-the-original","details":"file:///home/runner/work/playground-tester/playground-tester/node_modules/@wp-playground/cli/index.js:237\n        throw new Error(y, { cause: u });\n              ^\n","log":"/tmp/tmp.ASShevn9rT"}
,
{"message":"Undefined array key \"DOCUMENT_ROOT\" in /wordpress/wp-content/plugins/002-ps-custom-post-type/ps-custom-post_type.php on line 39","level":"WARNING","type":"PHP","test":"ast-sqlite-boot","plugin":"buy-the-original","details":"[09-May-2025 12:50:21 UTC] PHP Warning:  Undefined array key \"DOCUMENT_ROOT\" in /wordpress/wp-content/plugins/002-ps-custom-post-type/ps-custom-post_type.php on line 39","log":"/logs/plugins/b/buy-the-original/error.json"}
,
{"message":"Undefined array key \"DOCUMENT_ROOT\" in /wordpress/wp-content/plugins/002-ps-custom-post-type/ps-custom-post_type.php on line 40","level":"WARNING","type":"PHP","test":"ast-sqlite-boot","plugin":"buy-the-original","details":"[09-May-2025 12:50:21 UTC] PHP Warning:  Undefined array key \"DOCUMENT_ROOT\" in /wordpress/wp-content/plugins/002-ps-custom-post-type/ps-custom-post_type.php on line 40","log":"/logs/plugins/b/buy-the-original/error.json"}
,
{"message":"Undefined array key \"DOCUMENT_ROOT\" in /wordpress/wp-content/plugins/002-ps-custom-post-type/ps-custom-post_type.php on line 39","level":"WARNING","type":"PHP","test":"ast-sqlite-boot","plugin":"buy-the-original","details":"[09-May-2025 12:50:22 UTC] PHP Warning:  Undefined array key \"DOCUMENT_ROOT\" in /wordpress/wp-content/plugins/002-ps-custom-post-type/ps-custom-post_type.php on line 39","log":"/logs/plugins/b/buy-the-original/error.json"}
,
{"message":"Undefined array key \"DOCUMENT_ROOT\" in /wordpress/wp-content/plugins/002-ps-custom-post-type/ps-custom-post_type.php on line 40","level":"WARNING","type":"PHP","test":"ast-sqlite-boot","plugin":"buy-the-original","details":"[09-May-2025 12:50:22 UTC] PHP Warning:  Undefined array key \"DOCUMENT_ROOT\" in /wordpress/wp-content/plugins/002-ps-custom-post-type/ps-custom-post_type.php on line 40","log":"/logs/plugins/b/buy-the-original/error.json"}
,
{"message":"Attempt to read property \"blog_id\" on null in /wordpress/wp-content/plugins/002-ps-custom-post-type/ps-custom-post_type.php on line 111","level":"WARNING","type":"PHP","test":"ast-sqlite-boot","plugin":"buy-the-original","details":"[09-May-2025 12:50:22 UTC] PHP Warning:  Attempt to read property \"blog_id\" on null in /wordpress/wp-content/plugins/002-ps-custom-post-type/ps-custom-post_type.php on line 111","log":"/logs/plugins/b/buy-the-original/error.json"}
,
{"message":"Undefined property: stdClass::$wp_user_level in /wordpress/wp-content/plugins/002-ps-custom-post-type/ps-custom-post_type.php on line 117","level":"WARNING","type":"PHP","test":"ast-sqlite-boot","plugin":"buy-the-original","details":"[09-May-2025 12:50:22 UTC] PHP Warning:  Undefined property: stdClass::$wp_user_level in /wordpress/wp-content/plugins/002-ps-custom-post-type/ps-custom-post_type.php on line 117","log":"/logs/plugins/b/buy-the-original/error.json"}
,
{"message":"Undefined property: stdClass::$supports in /wordpress/wp-content/plugins/002-ps-custom-post-type/ps-custom-post_type.php on line 183","level":"WARNING","type":"PHP","test":"ast-sqlite-boot","plugin":"buy-the-original","details":"[09-May-2025 12:50:22 UTC] PHP Warning:  Undefined property: stdClass::$supports in /wordpress/wp-content/plugins/002-ps-custom-post-type/ps-custom-post_type.php on line 183","log":"/logs/plugins/b/buy-the-original/error.json"}
,
{"message":"Undefined property: stdClass::$menu_icon in /wordpress/wp-content/plugins/002-ps-custom-post-type/ps-custom-post_type.php on line 203","level":"WARNING","type":"PHP","test":"ast-sqlite-boot","plugin":"buy-the-original","details":"[09-May-2025 12:50:22 UTC] PHP Warning:  Undefined property: stdClass::$menu_icon in /wordpress/wp-content/plugins/002-ps-custom-post-type/ps-custom-post_type.php on line 203","log":"/logs/plugins/b/buy-the-original/error.json"}
,
{"message":"Undefined property: stdClass::$tax_type in /wordpress/wp-content/plugins/002-ps-custom-post-type/ps-custom-post_type.php on line 234","level":"WARNING","type":"PHP","test":"ast-sqlite-boot","plugin":"buy-the-original","details":"[09-May-2025 12:50:22 UTC] PHP Warning:  Undefined property: stdClass::$tax_type in /wordpress/wp-content/plugins/002-ps-custom-post-type/ps-custom-post_type.php on line 234","log":"/logs/plugins/b/buy-the-original/error.json"}
,
{"message":"Undefined array key \"media_genres\" in /wordpress/wp-content/plugins/002-ps-custom-post-type/ps-custom-post_type.php on line 387","level":"WARNING","type":"PHP","test":"ast-sqlite-boot","plugin":"buy-the-original","details":"[09-May-2025 12:50:22 UTC] PHP Warning:  Undefined array key \"media_genres\" in /wordpress/wp-content/plugins/002-ps-custom-post-type/ps-custom-post_type.php on line 387","log":"/logs/plugins/b/buy-the-original/error.json"}
,
{"message":"Undefined array key \"DOCUMENT_ROOT\" in /wordpress/wp-content/plugins/002-ps-custom-post-type/ps-custom-post_type.php on line 39","level":"WARNING","type":"PHP","test":"ast-sqlite-boot","plugin":"buy-the-original","details":"[09-May-2025 12:50:29 UTC] PHP Warning:  Undefined array key \"DOCUMENT_ROOT\" in /wordpress/wp-content/plugins/002-ps-custom-post-type/ps-custom-post_type.php on line 39","log":"/logs/plugins/b/buy-the-original/error.json"}
,
{"message":"Undefined array key \"DOCUMENT_ROOT\" in /wordpress/wp-content/plugins/002-ps-custom-post-type/ps-custom-post_type.php on line 40","level":"WARNING","type":"PHP","test":"ast-sqlite-boot","plugin":"buy-the-original","details":"[09-May-2025 12:50:29 UTC] PHP Warning:  Undefined array key \"DOCUMENT_ROOT\" in /wordpress/wp-content/plugins/002-ps-custom-post-type/ps-custom-post_type.php on line 40","log":"/logs/plugins/b/buy-the-original/error.json"}
,
{"message":"Undefined array key \"DOCUMENT_ROOT\" in /wordpress/wp-content/plugins/002-ps-custom-post-type/ps-custom-post_type.php on line 39","level":"WARNING","type":"PHP","test":"ast-sqlite-boot","plugin":"buy-the-original","details":"[09-May-2025 12:50:30 UTC] PHP Warning:  Undefined array key \"DOCUMENT_ROOT\" in /wordpress/wp-content/plugins/002-ps-custom-post-type/ps-custom-post_type.php on line 39","log":"/logs/plugins/b/buy-the-original/error.json"}
,
{"message":"Undefined array key \"DOCUMENT_ROOT\" in /wordpress/wp-content/plugins/002-ps-custom-post-type/ps-custom-post_type.php on line 40","level":"WARNING","type":"PHP","test":"ast-sqlite-boot","plugin":"buy-the-original","details":"[09-May-2025 12:50:30 UTC] PHP Warning:  Undefined array key \"DOCUMENT_ROOT\" in /wordpress/wp-content/plugins/002-ps-custom-post-type/ps-custom-post_type.php on line 40","log":"/logs/plugins/b/buy-the-original/error.json"}
,
{"message":"Attempt to read property \"blog_id\" on null in /wordpress/wp-content/plugins/002-ps-custom-post-type/ps-custom-post_type.php on line 111","level":"WARNING","type":"PHP","test":"ast-sqlite-boot","plugin":"buy-the-original","details":"[09-May-2025 12:50:30 UTC] PHP Warning:  Attempt to read property \"blog_id\" on null in /wordpress/wp-content/plugins/002-ps-custom-post-type/ps-custom-post_type.php on line 111","log":"/logs/plugins/b/buy-the-original/error.json"}
,
{"message":"Undefined property: stdClass::$wp_user_level in /wordpress/wp-content/plugins/002-ps-custom-post-type/ps-custom-post_type.php on line 117","level":"WARNING","type":"PHP","test":"ast-sqlite-boot","plugin":"buy-the-original","details":"[09-May-2025 12:50:30 UTC] PHP Warning:  Undefined property: stdClass::$wp_user_level in /wordpress/wp-content/plugins/002-ps-custom-post-type/ps-custom-post_type.php on line 117","log":"/logs/plugins/b/buy-the-original/error.json"}
,
{"message":"Undefined property: stdClass::$supports in /wordpress/wp-content/plugins/002-ps-custom-post-type/ps-custom-post_type.php on line 183","level":"WARNING","type":"PHP","test":"ast-sqlite-boot","plugin":"buy-the-original","details":"[09-May-2025 12:50:30 UTC] PHP Warning:  Undefined property: stdClass::$supports in /wordpress/wp-content/plugins/002-ps-custom-post-type/ps-custom-post_type.php on line 183","log":"/logs/plugins/b/buy-the-original/error.json"}
,
{"message":"Undefined property: stdClass::$menu_icon in /wordpress/wp-content/plugins/002-ps-custom-post-type/ps-custom-post_type.php on line 203","level":"WARNING","type":"PHP","test":"ast-sqlite-boot","plugin":"buy-the-original","details":"[09-May-2025 12:50:30 UTC] PHP Warning:  Undefined property: stdClass::$menu_icon in /wordpress/wp-content/plugins/002-ps-custom-post-type/ps-custom-post_type.php on line 203","log":"/logs/plugins/b/buy-the-original/error.json"}
,
{"message":"Undefined property: stdClass::$tax_type in /wordpress/wp-content/plugins/002-ps-custom-post-type/ps-custom-post_type.php on line 234","level":"WARNING","type":"PHP","test":"ast-sqlite-boot","plugin":"buy-the-original","details":"[09-May-2025 12:50:30 UTC] PHP Warning:  Undefined property: stdClass::$tax_type in /wordpress/wp-content/plugins/002-ps-custom-post-type/ps-custom-post_type.php on line 234","log":"/logs/plugins/b/buy-the-original/error.json"}
,
{"message":"Undefined array key \"media_genres\" in /wordpress/wp-content/plugins/002-ps-custom-post-type/ps-custom-post_type.php on line 387","level":"WARNING","type":"PHP","test":"ast-sqlite-boot","plugin":"buy-the-original","details":"[09-May-2025 12:50:30 UTC] PHP Warning:  Undefined array key \"media_genres\" in /wordpress/wp-content/plugins/002-ps-custom-post-type/ps-custom-post_type.php on line 387","log":"/logs/plugins/b/buy-the-original/error.json"}
,
{"message":"Undefined array key \"DOCUMENT_ROOT\" in /wordpress/wp-content/plugins/002-ps-custom-post-type/ps-custom-post_type.php on line 39","level":"WARNING","type":"PHP","test":"ast-sqlite-boot","plugin":"buy-the-original","details":"[09-May-2025 12:50:38 UTC] PHP Warning:  Undefined array key \"DOCUMENT_ROOT\" in /wordpress/wp-content/plugins/002-ps-custom-post-type/ps-custom-post_type.php on line 39","log":"/logs/plugins/b/buy-the-original/error.json"}
,
{"message":"Undefined array key \"DOCUMENT_ROOT\" in /wordpress/wp-content/plugins/002-ps-custom-post-type/ps-custom-post_type.php on line 40","level":"WARNING","type":"PHP","test":"ast-sqlite-boot","plugin":"buy-the-original","details":"[09-May-2025 12:50:38 UTC] PHP Warning:  Undefined array key \"DOCUMENT_ROOT\" in /wordpress/wp-content/plugins/002-ps-custom-post-type/ps-custom-post_type.php on line 40","log":"/logs/plugins/b/buy-the-original/error.json"}
,
{"message":"Undefined array key \"DOCUMENT_ROOT\" in /wordpress/wp-content/plugins/002-ps-custom-post-type/ps-custom-post_type.php on line 39","level":"WARNING","type":"PHP","test":"ast-sqlite-boot","plugin":"buy-the-original","details":"[09-May-2025 12:50:38 UTC] PHP Warning:  Undefined array key \"DOCUMENT_ROOT\" in /wordpress/wp-content/plugins/002-ps-custom-post-type/ps-custom-post_type.php on line 39","log":"/logs/plugins/b/buy-the-original/error.json"}
,
{"message":"Undefined array key \"DOCUMENT_ROOT\" in /wordpress/wp-content/plugins/002-ps-custom-post-type/ps-custom-post_type.php on line 40","level":"WARNING","type":"PHP","test":"ast-sqlite-boot","plugin":"buy-the-original","details":"[09-May-2025 12:50:38 UTC] PHP Warning:  Undefined array key \"DOCUMENT_ROOT\" in /wordpress/wp-content/plugins/002-ps-custom-post-type/ps-custom-post_type.php on line 40","log":"/logs/plugins/b/buy-the-original/error.json"}
,
{"message":"Attempt to read property \"blog_id\" on null in /wordpress/wp-content/plugins/002-ps-custom-post-type/ps-custom-post_type.php on line 111","level":"WARNING","type":"PHP","test":"ast-sqlite-boot","plugin":"buy-the-original","details":"[09-May-2025 12:50:39 UTC] PHP Warning:  Attempt to read property \"blog_id\" on null in /wordpress/wp-content/plugins/002-ps-custom-post-type/ps-custom-post_type.php on line 111","log":"/logs/plugins/b/buy-the-original/error.json"}
,
{"message":"Undefined property: stdClass::$wp_user_level in /wordpress/wp-content/plugins/002-ps-custom-post-type/ps-custom-post_type.php on line 117","level":"WARNING","type":"PHP","test":"ast-sqlite-boot","plugin":"buy-the-original","details":"[09-May-2025 12:50:39 UTC] PHP Warning:  Undefined property: stdClass::$wp_user_level in /wordpress/wp-content/plugins/002-ps-custom-post-type/ps-custom-post_type.php on line 117","log":"/logs/plugins/b/buy-the-original/error.json"}
,
{"message":"Undefined property: stdClass::$supports in /wordpress/wp-content/plugins/002-ps-custom-post-type/ps-custom-post_type.php on line 183","level":"WARNING","type":"PHP","test":"ast-sqlite-boot","plugin":"buy-the-original","details":"[09-May-2025 12:50:39 UTC] PHP Warning:  Undefined property: stdClass::$supports in /wordpress/wp-content/plugins/002-ps-custom-post-type/ps-custom-post_type.php on line 183","log":"/logs/plugins/b/buy-the-original/error.json"}
,
{"message":"Undefined property: stdClass::$menu_icon in /wordpress/wp-content/plugins/002-ps-custom-post-type/ps-custom-post_type.php on line 203","level":"WARNING","type":"PHP","test":"ast-sqlite-boot","plugin":"buy-the-original","details":"[09-May-2025 12:50:39 UTC] PHP Warning:  Undefined property: stdClass::$menu_icon in /wordpress/wp-content/plugins/002-ps-custom-post-type/ps-custom-post_type.php on line 203","log":"/logs/plugins/b/buy-the-original/error.json"}
,
{"message":"Undefined property: stdClass::$tax_type in /wordpress/wp-content/plugins/002-ps-custom-post-type/ps-custom-post_type.php on line 234","level":"WARNING","type":"PHP","test":"ast-sqlite-boot","plugin":"buy-the-original","details":"[09-May-2025 12:50:39 UTC] PHP Warning:  Undefined property: stdClass::$tax_type in /wordpress/wp-content/plugins/002-ps-custom-post-type/ps-custom-post_type.php on line 234","log":"/logs/plugins/b/buy-the-original/error.json"}
,
{"message":"Undefined array key \"media_genres\" in /wordpress/wp-content/plugins/002-ps-custom-post-type/ps-custom-post_type.php on line 387","level":"WARNING","type":"PHP","test":"ast-sqlite-boot","plugin":"buy-the-original","details":"[09-May-2025 12:50:39 UTC] PHP Warning:  Undefined array key \"media_genres\" in /wordpress/wp-content/plugins/002-ps-custom-post-type/ps-custom-post_type.php on line 387","log":"/logs/plugins/b/buy-the-original/error.json"}
,
{"message":"Function wp_enqueue_script was called <strong>incorrectly</strong>. Scripts and styles should not be registered or enqueued until the <code>wp_enqueue_scripts</code>, <code>admin_enqueue_scripts</code>, or <code>login_enqueue_scripts</code> hooks. This notice was triggered by the <code>jquery</code> handle. Please see <a href=\"https://developer.wordpress.org/advanced-administration/debug/debug-wordpress/\">Debugging in WordPress</a> for more information. (This message was added in version 3.3.0.) in /wordpress/wp-includes/functions.php on line 6121","level":"NOTICE","type":"PHP","test":"ast-sqlite-boot","plugin":"buy-the-original","details":"[09-May-2025 12:52:05 UTC] PHP Notice:  Function wp_enqueue_script was called <strong>incorrectly</strong>. Scripts and styles should not be registered or enqueued until the <code>wp_enqueue_scripts</code>, <code>admin_enqueue_scripts</code>, or <code>login_enqueue_scripts</code> hooks. This notice was triggered by the <code>jquery</code> handle. Please see <a href=\"https://developer.wordpress.org/advanced-administration/debug/debug-wordpress/\">Debugging in WordPress</a> for more information. (This message was added in version 3.3.0.) in /wordpress/wp-includes/functions.php on line 6121","log":"/logs/plugins/b/buy-the-original/error.json"}
,
{"message":"Function wp_enqueue_style was called <strong>incorrectly</strong>. Scripts and styles should not be registered or enqueued until the <code>wp_enqueue_scripts</code>, <code>admin_enqueue_scripts</code>, or <code>login_enqueue_scripts</code> hooks. This notice was triggered by the <code>wp-color-picker</code> handle. Please see <a href=\"https://developer.wordpress.org/advanced-administration/debug/debug-wordpress/\">Debugging in WordPress</a> for more information. (This message was added in version 3.3.0.) in /wordpress/wp-includes/functions.php on line 6121","level":"NOTICE","type":"PHP","test":"ast-sqlite-boot","plugin":"buy-the-original","details":"[09-May-2025 12:52:05 UTC] PHP Notice:  Function wp_enqueue_style was called <strong>incorrectly</strong>. Scripts and styles should not be registered or enqueued until the <code>wp_enqueue_scripts</code>, <code>admin_enqueue_scripts</code>, or <code>login_enqueue_scripts</code> hooks. This notice was triggered by the <code>wp-color-picker</code> handle. Please see <a href=\"https://developer.wordpress.org/advanced-administration/debug/debug-wordpress/\">Debugging in WordPress</a> for more information. (This message was added in version 3.3.0.) in /wordpress/wp-includes/functions.php on line 6121","log":"/logs/plugins/b/buy-the-original/error.json"}
,
{"message":"Function is_feed was called <strong>incorrectly</strong>. Conditional query tags do not work before the query is run. Before then, they always return false. Please see <a href=\"https://developer.wordpress.org/advanced-administration/debug/debug-wordpress/\">Debugging in WordPress</a> for more information. (This message was added in version 3.1.0.) in /wordpress/wp-includes/functions.php on line 6121","level":"NOTICE","type":"PHP","test":"ast-sqlite-boot","plugin":"buy-the-original","details":"[09-May-2025 12:52:05 UTC] PHP Notice:  Function is_feed was called <strong>incorrectly</strong>. Conditional query tags do not work before the query is run. Before then, they always return false. Please see <a href=\"https://developer.wordpress.org/advanced-administration/debug/debug-wordpress/\">Debugging in WordPress</a> for more information. (This message was added in version 3.1.0.) in /wordpress/wp-includes/functions.php on line 6121","log":"/logs/plugins/b/buy-the-original/error.json"}
,
{"message":"Function wp_enqueue_script was called <strong>incorrectly</strong>. Scripts and styles should not be registered or enqueued until the <code>wp_enqueue_scripts</code>, <code>admin_enqueue_scripts</code>, or <code>login_enqueue_scripts</code> hooks. This notice was triggered by the <code>sl-script-handle</code> handle. Please see <a href=\"https://developer.wordpress.org/advanced-administration/debug/debug-wordpress/\">Debugging in WordPress</a> for more information. (This message was added in version 3.3.0.) in /wordpress/wp-includes/functions.php on line 6121","level":"NOTICE","type":"PHP","test":"ast-sqlite-boot","plugin":"buy-the-original","details":"[09-May-2025 12:52:05 UTC] PHP Notice:  Function wp_enqueue_script was called <strong>incorrectly</strong>. Scripts and styles should not be registered or enqueued until the <code>wp_enqueue_scripts</code>, <code>admin_enqueue_scripts</code>, or <code>login_enqueue_scripts</code> hooks. This notice was triggered by the <code>sl-script-handle</code> handle. Please see <a href=\"https://developer.wordpress.org/advanced-administration/debug/debug-wordpress/\">Debugging in WordPress</a> for more information. (This message was added in version 3.3.0.) in /wordpress/wp-includes/functions.php on line 6121","log":"/logs/plugins/b/buy-the-original/error.json"}
,
{"message":"Function wp_enqueue_script was called <strong>incorrectly</strong>. Scripts and styles should not be registered or enqueued until the <code>wp_enqueue_scripts</code>, <code>admin_enqueue_scripts</code>, or <code>login_enqueue_scripts</code> hooks. This notice was triggered by the <code>jquery</code> handle. Please see <a href=\"https://developer.wordpress.org/advanced-administration/debug/debug-wordpress/\">Debugging in WordPress</a> for more information. (This message was added in version 3.3.0.) in /wordpress/wp-includes/functions.php on line 6121","level":"NOTICE","type":"PHP","test":"ast-sqlite-boot","plugin":"buy-the-original","details":"[09-May-2025 12:52:15 UTC] PHP Notice:  Function wp_enqueue_script was called <strong>incorrectly</strong>. Scripts and styles should not be registered or enqueued until the <code>wp_enqueue_scripts</code>, <code>admin_enqueue_scripts</code>, or <code>login_enqueue_scripts</code> hooks. This notice was triggered by the <code>jquery</code> handle. Please see <a href=\"https://developer.wordpress.org/advanced-administration/debug/debug-wordpress/\">Debugging in WordPress</a> for more information. (This message was added in version 3.3.0.) in /wordpress/wp-includes/functions.php on line 6121","log":"/logs/plugins/b/buy-the-original/error.json"}
,
{"message":"Function wp_enqueue_style was called <strong>incorrectly</strong>. Scripts and styles should not be registered or enqueued until the <code>wp_enqueue_scripts</code>, <code>admin_enqueue_scripts</code>, or <code>login_enqueue_scripts</code> hooks. This notice was triggered by the <code>wp-color-picker</code> handle. Please see <a href=\"https://developer.wordpress.org/advanced-administration/debug/debug-wordpress/\">Debugging in WordPress</a> for more information. (This message was added in version 3.3.0.) in /wordpress/wp-includes/functions.php on line 6121","level":"NOTICE","type":"PHP","test":"ast-sqlite-boot","plugin":"buy-the-original","details":"[09-May-2025 12:52:15 UTC] PHP Notice:  Function wp_enqueue_style was called <strong>incorrectly</strong>. Scripts and styles should not be registered or enqueued until the <code>wp_enqueue_scripts</code>, <code>admin_enqueue_scripts</code>, or <code>login_enqueue_scripts</code> hooks. This notice was triggered by the <code>wp-color-picker</code> handle. Please see <a href=\"https://developer.wordpress.org/advanced-administration/debug/debug-wordpress/\">Debugging in WordPress</a> for more information. (This message was added in version 3.3.0.) in /wordpress/wp-includes/functions.php on line 6121","log":"/logs/plugins/b/buy-the-original/error.json"}
,
{"message":"Function is_feed was called <strong>incorrectly</strong>. Conditional query tags do not work before the query is run. Before then, they always return false. Please see <a href=\"https://developer.wordpress.org/advanced-administration/debug/debug-wordpress/\">Debugging in WordPress</a> for more information. (This message was added in version 3.1.0.) in /wordpress/wp-includes/functions.php on line 6121","level":"NOTICE","type":"PHP","test":"ast-sqlite-boot","plugin":"buy-the-original","details":"[09-May-2025 12:52:15 UTC] PHP Notice:  Function is_feed was called <strong>incorrectly</strong>. Conditional query tags do not work before the query is run. Before then, they always return false. Please see <a href=\"https://developer.wordpress.org/advanced-administration/debug/debug-wordpress/\">Debugging in WordPress</a> for more information. (This message was added in version 3.1.0.) in /wordpress/wp-includes/functions.php on line 6121","log":"/logs/plugins/b/buy-the-original/error.json"}
,
{"message":"Function wp_enqueue_script was called <strong>incorrectly</strong>. Scripts and styles should not be registered or enqueued until the <code>wp_enqueue_scripts</code>, <code>admin_enqueue_scripts</code>, or <code>login_enqueue_scripts</code> hooks. This notice was triggered by the <code>sl-script-handle</code> handle. Please see <a href=\"https://developer.wordpress.org/advanced-administration/debug/debug-wordpress/\">Debugging in WordPress</a> for more information. (This message was added in version 3.3.0.) in /wordpress/wp-includes/functions.php on line 6121","level":"NOTICE","type":"PHP","test":"ast-sqlite-boot","plugin":"buy-the-original","details":"[09-May-2025 12:52:15 UTC] PHP Notice:  Function wp_enqueue_script was called <strong>incorrectly</strong>. Scripts and styles should not be registered or enqueued until the <code>wp_enqueue_scripts</code>, <code>admin_enqueue_scripts</code>, or <code>login_enqueue_scripts</code> hooks. This notice was triggered by the <code>sl-script-handle</code> handle. Please see <a href=\"https://developer.wordpress.org/advanced-administration/debug/debug-wordpress/\">Debugging in WordPress</a> for more information. (This message was added in version 3.3.0.) in /wordpress/wp-includes/functions.php on line 6121","log":"/logs/plugins/b/buy-the-original/error.json"}
,
{"message":"Function wp_enqueue_script was called <strong>incorrectly</strong>. Scripts and styles should not be registered or enqueued until the <code>wp_enqueue_scripts</code>, <code>admin_enqueue_scripts</code>, or <code>login_enqueue_scripts</code> hooks. This notice was triggered by the <code>jquery</code> handle. Please see <a href=\"https://developer.wordpress.org/advanced-administration/debug/debug-wordpress/\">Debugging in WordPress</a> for more information. (This message was added in version 3.3.0.) in /wordpress/wp-includes/functions.php on line 6121","level":"NOTICE","type":"PHP","test":"ast-sqlite-boot","plugin":"buy-the-original","details":"[09-May-2025 12:52:25 UTC] PHP Notice:  Function wp_enqueue_script was called <strong>incorrectly</strong>. Scripts and styles should not be registered or enqueued until the <code>wp_enqueue_scripts</code>, <code>admin_enqueue_scripts</code>, or <code>login_enqueue_scripts</code> hooks. This notice was triggered by the <code>jquery</code> handle. Please see <a href=\"https://developer.wordpress.org/advanced-administration/debug/debug-wordpress/\">Debugging in WordPress</a> for more information. (This message was added in version 3.3.0.) in /wordpress/wp-includes/functions.php on line 6121","log":"/logs/plugins/b/buy-the-original/error.json"}
,
{"message":"Function wp_enqueue_style was called <strong>incorrectly</strong>. Scripts and styles should not be registered or enqueued until the <code>wp_enqueue_scripts</code>, <code>admin_enqueue_scripts</code>, or <code>login_enqueue_scripts</code> hooks. This notice was triggered by the <code>wp-color-picker</code> handle. Please see <a href=\"https://developer.wordpress.org/advanced-administration/debug/debug-wordpress/\">Debugging in WordPress</a> for more information. (This message was added in version 3.3.0.) in /wordpress/wp-includes/functions.php on line 6121","level":"NOTICE","type":"PHP","test":"ast-sqlite-boot","plugin":"buy-the-original","details":"[09-May-2025 12:52:25 UTC] PHP Notice:  Function wp_enqueue_style was called <strong>incorrectly</strong>. Scripts and styles should not be registered or enqueued until the <code>wp_enqueue_scripts</code>, <code>admin_enqueue_scripts</code>, or <code>login_enqueue_scripts</code> hooks. This notice was triggered by the <code>wp-color-picker</code> handle. Please see <a href=\"https://developer.wordpress.org/advanced-administration/debug/debug-wordpress/\">Debugging in WordPress</a> for more information. (This message was added in version 3.3.0.) in /wordpress/wp-includes/functions.php on line 6121","log":"/logs/plugins/b/buy-the-original/error.json"}
,
{"message":"Function is_feed was called <strong>incorrectly</strong>. Conditional query tags do not work before the query is run. Before then, they always return false. Please see <a href=\"https://developer.wordpress.org/advanced-administration/debug/debug-wordpress/\">Debugging in WordPress</a> for more information. (This message was added in version 3.1.0.) in /wordpress/wp-includes/functions.php on line 6121","level":"NOTICE","type":"PHP","test":"ast-sqlite-boot","plugin":"buy-the-original","details":"[09-May-2025 12:52:25 UTC] PHP Notice:  Function is_feed was called <strong>incorrectly</strong>. Conditional query tags do not work before the query is run. Before then, they always return false. Please see <a href=\"https://developer.wordpress.org/advanced-administration/debug/debug-wordpress/\">Debugging in WordPress</a> for more information. (This message was added in version 3.1.0.) in /wordpress/wp-includes/functions.php on line 6121","log":"/logs/plugins/b/buy-the-original/error.json"}
,
{"message":"Function wp_enqueue_script was called <strong>incorrectly</strong>. Scripts and styles should not be registered or enqueued until the <code>wp_enqueue_scripts</code>, <code>admin_enqueue_scripts</code>, or <code>login_enqueue_scripts</code> hooks. This notice was triggered by the <code>sl-script-handle</code> handle. Please see <a href=\"https://developer.wordpress.org/advanced-administration/debug/debug-wordpress/\">Debugging in WordPress</a> for more information. (This message was added in version 3.3.0.) in /wordpress/wp-includes/functions.php on line 6121","level":"NOTICE","type":"PHP","test":"ast-sqlite-boot","plugin":"buy-the-original","details":"[09-May-2025 12:52:25 UTC] PHP Notice:  Function wp_enqueue_script was called <strong>incorrectly</strong>. Scripts and styles should not be registered or enqueued until the <code>wp_enqueue_scripts</code>, <code>admin_enqueue_scripts</code>, or <code>login_enqueue_scripts</code> hooks. This notice was triggered by the <code>sl-script-handle</code> handle. Please see <a href=\"https://developer.wordpress.org/advanced-administration/debug/debug-wordpress/\">Debugging in WordPress</a> for more information. (This message was added in version 3.3.0.) in /wordpress/wp-includes/functions.php on line 6121","log":"/logs/plugins/b/buy-the-original/error.json"}
,
{"message":"[09-May-2025 12:53:53 UTC] [TCS-GCP] [ERROR]   WooCommerce not installed or not active.","level":"INFO","type":"OTHER","test":"ast-sqlite-boot","plugin":"buy-the-original","details":"[09-May-2025 12:53:53 UTC] [TCS-GCP] [ERROR]   WooCommerce not installed or not active.","log":"/logs/plugins/b/buy-the-original/error.json"}
,
{"message":"[09-May-2025 12:54:02 UTC] [TCS-GCP] [ERROR]   WooCommerce not installed or not active.","level":"INFO","type":"OTHER","test":"ast-sqlite-boot","plugin":"buy-the-original","details":"[09-May-2025 12:54:02 UTC] [TCS-GCP] [ERROR]   WooCommerce not installed or not active.","log":"/logs/plugins/b/buy-the-original/error.json"}
,
{"message":"[09-May-2025 12:54:11 UTC] [TCS-GCP] [ERROR]   WooCommerce not installed or not active.\n\n    at Object.onBind (file:///home/runner/work/playground-tester/playground-tester/node_modules/@wp-playground/cli/index.js:237:15)\n    at process.processTicksAndRejections (node:internal/process/task_queues:105:5)\n    at async V (file:///home/runner/work/playground-tester/playground-tester/node_modules/@wp-playground/cli/index.js:64:10)\n    at async ja (file:///home/runner/work/playground-tester/playground-tester/node_modules/@wp-playground/cli/cli.js:8161:12) {\n  [cause]: Error: Error when executing the blueprint step #5 ({\"step\":\"installPlugin\",\"pluginData\":{\"resource\":\"wordpress.org/plugins\",\"slug\":\"buy-the-original\"},\"options\":{\"activate\":true}}) : Could not download \"https://downloads.wordpress.org/plugin/buy-the-original.latest-stable.zip\".\n  \t\t\t\tCheck if the URL is correct and the server is reachable.\n  \t\t\t\tIf it is reachable, the server might be blocking the request.\n  \t\t\t\tCheck the browser console and network tabs for more information.\n  \n  \t\t\t\t## Does the console show the error \"No 'Access-Control-Allow-Origin' header\"?\n  \n  \t\t\t\tThis means the server that hosts your file does not allow requests from other sites\n  \t\t\t\t(cross-origin requests, or CORS).\tYou need to move the asset to a server that allows\n  \t\t\t\tcross-origin file downloads. Learn more about CORS at\n  \t\t\t\thttps://developer.mozilla.org/en-US/docs/Web/HTTP/CORS.\n  \n  \t\t\t\tIf your file is on GitHub, load it from \"raw.githubusercontent.com\".\n  \t\t\t\tHere's how to do that:\n  \n  \t\t\t\t1. Start with the original GitHub URL of the file. For example:\n  \t\t\t\thttps://github.com/username/repository/blob/branch/filename.\n  \t\t\t\t2. Replace \"github.com\" with \"raw.githubusercontent.com\".\n  \t\t\t\t3. Remove the \"/blob/\" part of the URL.\n  \n  \t\t\t\tThe resulting URL should look like this:\n  \t\t\t\thttps://raw.githubusercontent.com/username/repository/branch/filename\n  \n  \t\t\t\tError:\n  \t\t\t\tError: Could not download \"https://downloads.wordpress.org/plugin/buy-the-original.latest-stable.zip\"\n      at Object.run (file:///home/runner/work/playground-tester/playground-tester/node_modules/@wp-playground/blueprints/index.js:12449:19)\n      at process.processTicksAndRejections (node:internal/process/task_queues:105:5)\n      at async ms (file:///home/runner/work/playground-tester/playground-tester/node_modules/@wp-playground/blueprints/index.js:12552:3)\n      at async Object.onBind (file:///home/runner/work/playground-tester/playground-tester/node_modules/@wp-playground/cli/index.js:227:48)\n      at async V (file:///home/runner/work/playground-tester/playground-tester/node_modules/@wp-playground/cli/index.js:64:10)\n      at async ja (file:///home/runner/work/playground-tester/playground-tester/node_modules/@wp-playground/cli/cli.js:8161:12) {\n    [cause]: Error: Could not download \"https://downloads.wordpress.org/plugin/buy-the-original.latest-stable.zip\".\n    \t\t\t\tCheck if the URL is correct and the server is reachable.\n    \t\t\t\tIf it is reachable, the server might be blocking the request.\n    \t\t\t\tCheck the browser console and network tabs for more information.\n    \n    \t\t\t\t## Does the console show the error \"No 'Access-Control-Allow-Origin' header\"?\n    \n    \t\t\t\tThis means the server that hosts your file does not allow requests from other sites\n    \t\t\t\t(cross-origin requests, or CORS).\tYou need to move the asset to a server that allows\n    \t\t\t\tcross-origin file downloads. Learn more about CORS at\n    \t\t\t\thttps://developer.mozilla.org/en-US/docs/Web/HTTP/CORS.\n    \n    \t\t\t\tIf your file is on GitHub, load it from \"raw.githubusercontent.com\".\n    \t\t\t\tHere's how to do that:\n    \n    \t\t\t\t1. Start with the original GitHub URL of the file. For example:\n    \t\t\t\thttps://github.com/username/repository/blob/branch/filename.\n    \t\t\t\t2. Replace \"github.com\" with \"raw.githubusercontent.com\".\n    \t\t\t\t3. Remove the \"/blob/\" part of the URL.\n    \n    \t\t\t\tThe resulting URL should look like this:\n    \t\t\t\thttps://raw.githubusercontent.com/username/repository/branch/filename\n    \n    \t\t\t\tError:\n    \t\t\t\tError: Could not download \"https://downloads.wordpress.org/plugin/buy-the-original.latest-stable.zip\"\n        at Ct.resolve (file:///home/runner/work/playground-tester/playground-tester/node_modules/@wp-playground/blueprints/index.js:1472:13)\n        at process.processTicksAndRejections (node:internal/process/task_queues:105:5)\n        at async _.run (file:///home/runner/work/playground-tester/playground-tester/node_modules/@php-wasm/util/index.js:45:14)\n  }\n}\n\n","level":"INFO","type":"OTHER","test":"ast-sqlite-boot","plugin":"buy-the-original","details":"[09-May-2025 12:54:11 UTC] [TCS-GCP] [ERROR]   WooCommerce not installed or not active.\n\n    at Object.onBind (file:///home/runner/work/playground-tester/playground-tester/node_modules/@wp-playground/cli/index.js:237:15)\n    at process.processTicksAndRejections (node:internal/process/task_queues:105:5)\n    at async V (file:///home/runner/work/playground-tester/playground-tester/node_modules/@wp-playground/cli/index.js:64:10)\n    at async ja (file:///home/runner/work/playground-tester/playground-tester/node_modules/@wp-playground/cli/cli.js:8161:12) {\n  [cause]: Error: Error when executing the blueprint step #5 ({\"step\":\"installPlugin\",\"pluginData\":{\"resource\":\"wordpress.org/plugins\",\"slug\":\"buy-the-original\"},\"options\":{\"activate\":true}}) : Could not download \"https://downloads.wordpress.org/plugin/buy-the-original.latest-stable.zip\".\n  \t\t\t\tCheck if the URL is correct and the server is reachable.\n  \t\t\t\tIf it is reachable, the server might be blocking the request.\n  \t\t\t\tCheck the browser console and network tabs for more information.\n  \n  \t\t\t\t## Does the console show the error \"No 'Access-Control-Allow-Origin' header\"?\n  \n  \t\t\t\tThis means the server that hosts your file does not allow requests from other sites\n  \t\t\t\t(cross-origin requests, or CORS).\tYou need to move the asset to a server that allows\n  \t\t\t\tcross-origin file downloads. Learn more about CORS at\n  \t\t\t\thttps://developer.mozilla.org/en-US/docs/Web/HTTP/CORS.\n  \n  \t\t\t\tIf your file is on GitHub, load it from \"raw.githubusercontent.com\".\n  \t\t\t\tHere's how to do that:\n  \n  \t\t\t\t1. Start with the original GitHub URL of the file. For example:\n  \t\t\t\thttps://github.com/username/repository/blob/branch/filename.\n  \t\t\t\t2. Replace \"github.com\" with \"raw.githubusercontent.com\".\n  \t\t\t\t3. Remove the \"/blob/\" part of the URL.\n  \n  \t\t\t\tThe resulting URL should look like this:\n  \t\t\t\thttps://raw.githubusercontent.com/username/repository/branch/filename\n  \n  \t\t\t\tError:\n  \t\t\t\tError: Could not download \"https://downloads.wordpress.org/plugin/buy-the-original.latest-stable.zip\"\n      at Object.run (file:///home/runner/work/playground-tester/playground-tester/node_modules/@wp-playground/blueprints/index.js:12449:19)\n      at process.processTicksAndRejections (node:internal/process/task_queues:105:5)\n      at async ms (file:///home/runner/work/playground-tester/playground-tester/node_modules/@wp-playground/blueprints/index.js:12552:3)\n      at async Object.onBind (file:///home/runner/work/playground-tester/playground-tester/node_modules/@wp-playground/cli/index.js:227:48)\n      at async V (file:///home/runner/work/playground-tester/playground-tester/node_modules/@wp-playground/cli/index.js:64:10)\n      at async ja (file:///home/runner/work/playground-tester/playground-tester/node_modules/@wp-playground/cli/cli.js:8161:12) {\n    [cause]: Error: Could not download \"https://downloads.wordpress.org/plugin/buy-the-original.latest-stable.zip\".\n    \t\t\t\tCheck if the URL is correct and the server is reachable.\n    \t\t\t\tIf it is reachable, the server might be blocking the request.\n    \t\t\t\tCheck the browser console and network tabs for more information.\n    \n    \t\t\t\t## Does the console show the error \"No 'Access-Control-Allow-Origin' header\"?\n    \n    \t\t\t\tThis means the server that hosts your file does not allow requests from other sites\n    \t\t\t\t(cross-origin requests, or CORS).\tYou need to move the asset to a server that allows\n    \t\t\t\tcross-origin file downloads. Learn more about CORS at\n    \t\t\t\thttps://developer.mozilla.org/en-US/docs/Web/HTTP/CORS.\n    \n    \t\t\t\tIf your file is on GitHub, load it from \"raw.githubusercontent.com\".\n    \t\t\t\tHere's how to do that:\n    \n    \t\t\t\t1. Start with the original GitHub URL of the file. For example:\n    \t\t\t\thttps://github.com/username/repository/blob/branch/filename.\n    \t\t\t\t2. Replace \"github.com\" with \"raw.githubusercontent.com\".\n    \t\t\t\t3. Remove the \"/blob/\" part of the URL.\n    \n    \t\t\t\tThe resulting URL should look like this:\n    \t\t\t\thttps://raw.githubusercontent.com/username/repository/branch/filename\n    \n    \t\t\t\tError:\n    \t\t\t\tError: Could not download \"https://downloads.wordpress.org/plugin/buy-the-original.latest-stable.zip\"\n        at Ct.resolve (file:///home/runner/work/playground-tester/playground-tester/node_modules/@wp-playground/blueprints/index.js:1472:13)\n        at process.processTicksAndRejections (node:internal/process/task_queues:105:5)\n        at async _.run (file:///home/runner/work/playground-tester/playground-tester/node_modules/@php-wasm/util/index.js:45:14)\n  }\n}\n\n","log":"/logs/plugins/b/buy-the-original/error.json"}
]
