file:///home/runner/work/playground-tester/playground-tester/node_modules/@wp-playground/cli/index.js:237
        throw new Error(y, { cause: u });
              ^

Error: [16-Apr-2025 04:31:18 UTC] WordPress database error <div style="clear:both">&nbsp;</div>
<div class="queries" style="clear:both;margin-bottom:2px;border:red dotted thin;">
<p>MySQL query:</p>
<p>INSERT INTO `wp_knowledgegraph` (`id_knowledgegraph`, `knowledgegraph_actif`, `knowledgegraph_logo`, `knowledgegraph_tel`, `knowledgegraph_type_tel`, `knowledgegraph_type`, `knowledgegraph_nom`, `knowledgegraph_facebook`, `knowledgegraph_twitter`, `knowledgegraph_googleplus`, `knowledgegraph_instagram`, `knowledgegraph_linkedin`) VALUES (' ', 'ON', '#', '#', '#', 'Organization', '#', 'http://', 'http://', 'http://', 'http://', 'http://')</p>
<p>Queries made or created this session were:</p>
<ol>
<li>Executing: BEGIN | (no parameters)</li>
<li>Executing: SELECT 1 FROM sqlite_temp_schema WHERE type = 'table' AND name = ? | parameters: wp_knowledgegraph</li>
<li>Executing: 
				SELECT column_name, is_nullable, column_default, data_type, extra
				FROM _wp_sqlite_mysql_information_schema_columns
				WHERE table_schema = ?
				AND table_name = ?
				ORDER BY ordinal_position
			 | parameters: database_name_here, wp_knowledgegraph</li>
<li>Executing: INSERT INTO `wp_knowledgegraph` (`id_knowledgegraph`, `knowledgegraph_actif`, `knowledgegraph_logo`, `knowledgegraph_tel`, `knowledgegraph_type_tel`, `knowledgegraph_type`, `knowledgegraph_nom`, `knowledgegraph_facebook`, `knowledgegraph_twitter`, `knowledgegraph_googleplus`, `knowledgegraph_instagram`, `knowledgegraph_linkedin`) SELECT `column1`, `column2`, `column3`, `column4`, `column5`, `column6`, `column7`, `column8`, `column9`, `column10`, `column11`, `column12` FROM (VALUES ( ' ' , 'ON' , '#' , '#' , '#' , 'Organization' , '#' , 'http://' , 'http://' , 'http://' , 'http://' , 'http://' )) WHERE true | (no parameters)</li>
<li>Executing: ROLLBACK | (no parameters)</li>
</ol>
</div>
<div style="clear:both;margin-bottom:2px;border:red dotted thin;" class="error_message" style="border-bottom:dotted blue thin;">
SQLSTATE[HY000]: General error: 20 datatype mismatch
</div>
<p>Backtrace:</p>
<pre>#0 /internal/shared/sqlite-database-integration/wp-includes/sqlite-ast/class-wp-sqlite-driver.php(690): WP_SQLite_Driver->new_driver_exception('SQLSTATE[HY000]...', 0, Object(PDOException))
#1 /internal/shared/sqlite-database-integration/wp-includes/sqlite/class-wp-sqlite-db.php(472): WP_SQLite_Driver->query('INSERT INTO `wp...')
#2 /internal/shared/sqlite-database-integration/wp-includes/sqlite/class-wp-sqlite-db.php(413): WP_SQLite_DB->_do_query('INSERT INTO `wp...')
#3 /wordpress/wp-includes/class-wpdb.php(2614): WP_SQLite_DB->query('INSERT INTO `wp...')
#4 /wordpress/wp-includes/class-wpdb.php(2503): wpdb->_insert_replace_helper('wp_knowledgegra...', Array, Array, 'INSERT')
#5 /wordpress/wp-content/plugins/knowledge-graph/index.php(59): wpdb->insert('wp_knowledgegra...', Array, Array)
#6 /wordpress/wp-includes/class-wp-hook.php(324): insert_table_knowledgegraph(false)
#7 /wordpress/wp-includes/class-wp-hook.php(348): WP_Hook->apply_filters(NULL, Array)
#8 /wordpress/wp-includes/plugin.php(517): WP_Hook->do_action(Array)
#9 /wordpress/wp-admin/includes/plugin.php(703): do_action('activate_knowle...', false)
#10 /internal/eval.php(20): activate_plugin('knowledge-graph...')
#11 {main}</pre>
 for query INSERT INTO `wp_knowledgegraph` (`id_knowledgegraph`, `knowledgegraph_actif`, `knowledgegraph_logo`, `knowledgegraph_tel`, `knowledgegraph_type_tel`, `knowledgegraph_type`, `knowledgegraph_nom`, `knowledgegraph_facebook`, `knowledgegraph_twitter`, `knowledgegraph_googleplus`, `knowledgegraph_instagram`, `knowledgegraph_linkedin`) VALUES (' ', 'ON', '#', '#', '#', 'Organization', '#', 'http://', 'http://', 'http://', 'http://', 'http://') made by activate_plugin, do_action('activate_knowledge-graph/index.php'), WP_Hook->do_action, WP_Hook->apply_filters, insert_table_knowledgegraph, WP_SQLite_DB->query, WP_SQLite_DB->print_error
[16-Apr-2025 04:31:18 UTC] PHP Warning:  Undefined variable $sql in /wordpress/wp-content/plugins/knowledge-graph/index.php on line 62
[16-Apr-2025 04:31:27 UTC] WordPress database error <div style="clear:both">&nbsp;</div>
<div class="queries" style="clear:both;margin-bottom:2px;border:red dotted thin;">
<p>MySQL query:</p>
<p>INSERT INTO `wp_knowledgegraph` (`id_knowledgegraph`, `knowledgegraph_actif`, `knowledgegraph_logo`, `knowledgegraph_tel`, `knowledgegraph_type_tel`, `knowledgegraph_type`, `knowledgegraph_nom`, `knowledgegraph_facebook`, `knowledgegraph_twitter`, `knowledgegraph_googleplus`, `knowledgegraph_instagram`, `knowledgegraph_linkedin`) VALUES (' ', 'ON', '#', '#', '#', 'Organization', '#', 'http://', 'http://', 'http://', 'http://', 'http://')</p>
<p>Queries made or created this session were:</p>
<ol>
<li>Executing: BEGIN | (no parameters)</li>
<li>Executing: INSERT INTO `wp_knowledgegraph` (`id_knowledgegraph`, `knowledgegraph_actif`, `knowledgegraph_logo`, `knowledgegraph_tel`, `knowledgegraph_type_tel`, `knowledgegraph_type`, `knowledgegraph_nom`, `knowledgegraph_facebook`, `knowledgegraph_twitter`, `knowledgegraph_googleplus`, `knowledgegraph_instagram`, `knowledgegraph_linkedin`) VALUES (:param0 , :param1 , :param2 , :param3 , :param4 , :param5 , :param6 , :param7 , :param8 , :param9 , :param10 , :param11 ) | parameters:  , ON, #, #, #, Organization, #, http://, http://, http://, http://, http://</li>
<li>Executing: ROLLBACK | (no parameters)</li>
</ol>
</div>
<div style="clear:both;margin-bottom:2px;border:red dotted thin;" class="error_message" style="border-bottom:dotted blue thin;">
Error occurred at line 4117 in Function <code>handle_error</code>. Error message was: SQLSTATE[HY000]: General error: 20 datatype mismatch.
</div>
<p>Backtrace:</p>
<pre>#0 /internal/shared/sqlite-database-integration/wp-includes/sqlite/class-wp-sqlite-db.php(287): WP_SQLite_Translator->get_error_message()
#1 /wordpress/wp-includes/class-wpdb.php(2614): WP_SQLite_DB->query('INSERT INTO `wp...')
#2 /wordpress/wp-includes/class-wpdb.php(2503): wpdb->_insert_replace_helper('wp_knowledgegra...', Array, Array, 'INSERT')
#3 /wordpress/wp-content/plugins/knowledge-graph/index.php(59): wpdb->insert('wp_knowledgegra...', Array, Array)
#4 /wordpress/wp-includes/class-wp-hook.php(324): insert_table_knowledgegraph(false)
#5 /wordpress/wp-includes/class-wp-hook.php(348): WP_Hook->apply_filters(NULL, Array)
#6 /wordpress/wp-includes/plugin.php(517): WP_Hook->do_action(Array)
#7 /wordpress/wp-admin/includes/plugin.php(703): do_action('activate_knowle...', false)
#8 /internal/eval.php(20): activate_plugin('knowledge-graph...')
#9 {main}</pre>
 for query INSERT INTO `wp_knowledgegraph` (`id_knowledgegraph`, `knowledgegraph_actif`, `knowledgegraph_logo`, `knowledgegraph_tel`, `knowledgegraph_type_tel`, `knowledgegraph_type`, `knowledgegraph_nom`, `knowledgegraph_facebook`, `knowledgegraph_twitter`, `knowledgegraph_googleplus`, `knowledgegraph_instagram`, `knowledgegraph_linkedin`) VALUES (' ', 'ON', '#', '#', '#', 'Organization', '#', 'http://', 'http://', 'http://', 'http://', 'http://') made by activate_plugin, do_action('activate_knowledge-graph/index.php'), WP_Hook->do_action, WP_Hook->apply_filters, insert_table_knowledgegraph, WP_SQLite_DB->query, WP_SQLite_DB->print_error
[16-Apr-2025 04:31:27 UTC] PHP Warning:  Undefined variable $sql in /wordpress/wp-content/plugins/knowledge-graph/index.php on line 62
[16-Apr-2025 04:31:36 UTC] WordPress database error <div style="clear:both">&nbsp;</div>
<div class="queries" style="clear:both;margin-bottom:2px;border:red dotted thin;">
<p>MySQL query:</p>
<p>INSERT INTO `wp_knowledgegraph` (`id_knowledgegraph`, `knowledgegraph_actif`, `knowledgegraph_logo`, `knowledgegraph_tel`, `knowledgegraph_type_tel`, `knowledgegraph_type`, `knowledgegraph_nom`, `knowledgegraph_facebook`, `knowledgegraph_twitter`, `knowledgegraph_googleplus`, `knowledgegraph_instagram`, `knowledgegraph_linkedin`) VALUES (' ', 'ON', '#', '#', '#', 'Organization', '#', 'http://', 'http://', 'http://', 'http://', 'http://')</p>
<p>Queries made or created this session were:</p>
<ol>
<li>Executing: BEGIN | (no parameters)</li>
<li>Executing: INSERT INTO `wp_knowledgegraph` (`id_knowledgegraph`, `knowledgegraph_actif`, `knowledgegraph_logo`, `knowledgegraph_tel`, `knowledgegraph_type_tel`, `knowledgegraph_type`, `knowledgegraph_nom`, `knowledgegraph_facebook`, `knowledgegraph_twitter`, `knowledgegraph_googleplus`, `knowledgegraph_instagram`, `knowledgegraph_linkedin`) VALUES (:param0 , :param1 , :param2 , :param3 , :param4 , :param5 , :param6 , :param7 , :param8 , :param9 , :param10 , :param11 ) | parameters:  , ON, #, #, #, Organization, #, http://, http://, http://, http://, http://</li>
<li>Executing: ROLLBACK | (no parameters)</li>
</ol>
</div>
<div style="clear:both;margin-bottom:2px;border:red dotted thin;" class="error_message" style="border-bottom:dotted blue thin;">
Error occurred at line 4117 in Function <code>handle_error</code>. Error message was: SQLSTATE[HY000]: General error: 20 datatype mismatch.
</div>
<p>Backtrace:</p>
<pre>#0 /internal/shared/sqlite-database-integration/wp-includes/sqlite/class-wp-sqlite-db.php(287): WP_SQLite_Translator->get_error_message()
#1 /wordpress/wp-includes/class-wpdb.php(2614): WP_SQLite_DB->query('INSERT INTO `wp...')
#2 /wordpress/wp-includes/class-wpdb.php(2503): wpdb->_insert_replace_helper('wp_knowledgegra...', Array, Array, 'INSERT')
#3 /wordpress/wp-content/plugins/knowledge-graph/index.php(59): wpdb->insert('wp_knowledgegra...', Array, Array)
#4 /wordpress/wp-includes/class-wp-hook.php(324): insert_table_knowledgegraph(false)
#5 /wordpress/wp-includes/class-wp-hook.php(348): WP_Hook->apply_filters(NULL, Array)
#6 /wordpress/wp-includes/plugin.php(517): WP_Hook->do_action(Array)
#7 /wordpress/wp-admin/includes/plugin.php(703): do_action('activate_knowle...', false)
#8 /internal/eval.php(20): activate_plugin('knowledge-graph...')
#9 {main}</pre>
 for query INSERT INTO `wp_knowledgegraph` (`id_knowledgegraph`, `knowledgegraph_actif`, `knowledgegraph_logo`, `knowledgegraph_tel`, `knowledgegraph_type_tel`, `knowledgegraph_type`, `knowledgegraph_nom`, `knowledgegraph_facebook`, `knowledgegraph_twitter`, `knowledgegraph_googleplus`, `knowledgegraph_instagram`, `knowledgegraph_linkedin`) VALUES (' ', 'ON', '#', '#', '#', 'Organization', '#', 'http://', 'http://', 'http://', 'http://', 'http://') made by activate_plugin, do_action('activate_knowledge-graph/index.php'), WP_Hook->do_action, WP_Hook->apply_filters, insert_table_knowledgegraph, WP_SQLite_DB->query, WP_SQLite_DB->print_error
[16-Apr-2025 04:31:36 UTC] PHP Warning:  Undefined variable $sql in /wordpress/wp-content/plugins/knowledge-graph/index.php on line 62
[16-Apr-2025 04:31:48 UTC] PHP Fatal error:  Uncaught Error: Call to undefined function KolorWeb\KWLogManager\WP_Filesystem() in /wordpress/wp-content/plugins/kolorweb-log-manager/libs/class-config.php:107
Stack trace:
#0 /wordpress/wp-content/plugins/kolorweb-log-manager/libs/class-config.php(200): KolorWeb\KWLogManager\Config->is_wp_config_writable()
#1 /wordpress/wp-content/plugins/kolorweb-log-manager/libs/class-config.php(184): KolorWeb\KWLogManager\Config->update_debug_status(true)
#2 /wordpress/wp-content/plugins/kolorweb-log-manager/libs/class-config.php(159): KolorWeb\KWLogManager\Config->set_debugging_status(true)
#3 /wordpress/wp-content/plugins/kolorweb-log-manager/libs/class-plugin.php(81): KolorWeb\KWLogManager\Config->enable_debugging()
#4 /wordpress/wp-includes/class-wp-hook.php(324): KolorWeb\KWLogManager\Plugin->plugin_activate(false)
#5 /wordpress/wp-includes/class-wp-hook.php(348): WP_Hook->apply_filters('', Array)
#6 /wordpress/wp-includes/plugin.php(517): WP_Hook->do_action(Array)
#7 /wordpress/wp-admin/includes/plugin.php(703): do_action('activate_kolorw...', false)
#8 /internal/eval.php(20): activate_plugin('kolorweb-log-ma...')
#9 {main}
  thrown in /wordpress/wp-content/plugins/kolorweb-log-manager/libs/class-config.php on line 107
[16-Apr-2025 04:31:59 UTC] PHP Fatal error:  Uncaught Error: Call to undefined function KolorWeb\KWLogManager\WP_Filesystem() in /wordpress/wp-content/plugins/kolorweb-log-manager/libs/class-config.php:107
Stack trace:
#0 /wordpress/wp-content/plugins/kolorweb-log-manager/libs/class-config.php(200): KolorWeb\KWLogManager\Config->is_wp_config_writable()
#1 /wordpress/wp-content/plugins/kolorweb-log-manager/libs/class-config.php(184): KolorWeb\KWLogManager\Config->update_debug_status(true)
#2 /wordpress/wp-content/plugins/kolorweb-log-manager/libs/class-config.php(159): KolorWeb\KWLogManager\Config->set_debugging_status(true)
#3 /wordpress/wp-content/plugins/kolorweb-log-manager/libs/class-plugin.php(81): KolorWeb\KWLogManager\Config->enable_debugging()
#4 /wordpress/wp-includes/class-wp-hook.php(324): KolorWeb\KWLogManager\Plugin->plugin_activate(false)
#5 /wordpress/wp-includes/class-wp-hook.php(348): WP_Hook->apply_filters('', Array)
#6 /wordpress/wp-includes/plugin.php(517): WP_Hook->do_action(Array)
#7 /wordpress/wp-admin/includes/plugin.php(703): do_action('activate_kolorw...', false)
#8 /internal/eval.php(20): activate_plugin('kolorweb-log-ma...')
#9 {main}
  thrown in /wordpress/wp-content/plugins/kolorweb-log-manager/libs/class-config.php on line 107
[16-Apr-2025 04:32:09 UTC] PHP Fatal error:  Uncaught Error: Call to undefined function KolorWeb\KWLogManager\WP_Filesystem() in /wordpress/wp-content/plugins/kolorweb-log-manager/libs/class-config.php:107
Stack trace:
#0 /wordpress/wp-content/plugins/kolorweb-log-manager/libs/class-config.php(200): KolorWeb\KWLogManager\Config->is_wp_config_writable()
#1 /wordpress/wp-content/plugins/kolorweb-log-manager/libs/class-config.php(184): KolorWeb\KWLogManager\Config->update_debug_status(true)
#2 /wordpress/wp-content/plugins/kolorweb-log-manager/libs/class-config.php(159): KolorWeb\KWLogManager\Config->set_debugging_status(true)
#3 /wordpress/wp-content/plugins/kolorweb-log-manager/libs/class-plugin.php(81): KolorWeb\KWLogManager\Config->enable_debugging()
#4 /wordpress/wp-includes/class-wp-hook.php(324): KolorWeb\KWLogManager\Plugin->plugin_activate(false)
#5 /wordpress/wp-includes/class-wp-hook.php(348): WP_Hook->apply_filters('', Array)
#6 /wordpress/wp-includes/plugin.php(517): WP_Hook->do_action(Array)
#7 /wordpress/wp-admin/includes/plugin.php(703): do_action('activate_kolorw...', false)
#8 /internal/eval.php(20): activate_plugin('kolorweb-log-ma...')
#9 {main}
  thrown in /wordpress/wp-content/plugins/kolorweb-log-manager/libs/class-config.php on line 107
[16-Apr-2025 04:33:03 UTC] PHP Fatal error:  Uncaught TypeError: count(): Argument #1 ($value) must be of type Countable|array, bool given in /wordpress/wp-content/plugins/kraehennestpodcaster/KraehennestPodcaster.php:95
Stack trace:
#0 /wordpress/wp-content/plugins/kraehennestpodcaster/KraehennestPodcaster.php(55): KraehennestPodcaster->AdminOptions()
#1 /wordpress/wp-content/plugins/kraehennestpodcaster/KraehennestPodcaster.php(302): KraehennestPodcaster->__construct()
#2 /wordpress/wp-admin/includes/plugin.php(2387): include_once('/wordpress/wp-c...')
#3 /wordpress/wp-admin/includes/plugin.php(673): plugin_sandbox_scrape('kraehennestpodc...')
#4 /internal/eval.php(20): activate_plugin('kraehennestpodc...')
#5 {main}
  thrown in /wordpress/wp-content/plugins/kraehennestpodcaster/KraehennestPodcaster.php on line 95
[16-Apr-2025 04:33:11 UTC] PHP Fatal error:  Uncaught TypeError: count(): Argument #1 ($value) must be of type Countable|array, bool given in /wordpress/wp-content/plugins/kraehennestpodcaster/KraehennestPodcaster.php:95
Stack trace:
#0 /wordpress/wp-content/plugins/kraehennestpodcaster/KraehennestPodcaster.php(55): KraehennestPodcaster->AdminOptions()
#1 /wordpress/wp-content/plugins/kraehennestpodcaster/KraehennestPodcaster.php(302): KraehennestPodcaster->__construct()
#2 /wordpress/wp-admin/includes/plugin.php(2387): include_once('/wordpress/wp-c...')
#3 /wordpress/wp-admin/includes/plugin.php(673): plugin_sandbox_scrape('kraehennestpodc...')
#4 /internal/eval.php(20): activate_plugin('kraehennestpodc...')
#5 {main}
  thrown in /wordpress/wp-content/plugins/kraehennestpodcaster/KraehennestPodcaster.php on line 95
[16-Apr-2025 04:33:18 UTC] PHP Fatal error:  Uncaught TypeError: count(): Argument #1 ($value) must be of type Countable|array, bool given in /wordpress/wp-content/plugins/kraehennestpodcaster/KraehennestPodcaster.php:95
Stack trace:
#0 /wordpress/wp-content/plugins/kraehennestpodcaster/KraehennestPodcaster.php(55): KraehennestPodcaster->AdminOptions()
#1 /wordpress/wp-content/plugins/kraehennestpodcaster/KraehennestPodcaster.php(302): KraehennestPodcaster->__construct()
#2 /wordpress/wp-admin/includes/plugin.php(2387): include_once('/wordpress/wp-c...')
#3 /wordpress/wp-admin/includes/plugin.php(673): plugin_sandbox_scrape('kraehennestpodc...')
#4 /internal/eval.php(20): activate_plugin('kraehennestpodc...')
#5 {main}
  thrown in /wordpress/wp-content/plugins/kraehennestpodcaster/KraehennestPodcaster.php on line 95
[16-Apr-2025 04:35:50 UTC] PHP Deprecated:  Required parameter $item_count follows optional parameter $amount_per_page in /wordpress/wp-content/plugins/kjm-admin-notices/includes/class-kjm-plugin-admin-base.php on line 1882
[16-Apr-2025 04:35:50 UTC] PHP Warning:  Undefined array key "action" in /wordpress/wp-content/plugins/kjm-admin-notices/includes/class-kjm-admin-notices-activator.php on line 105
[16-Apr-2025 04:35:51 UTC] PHP Deprecated:  Required parameter $item_count follows optional parameter $amount_per_page in /wordpress/wp-content/plugins/kjm-admin-notices/includes/class-kjm-plugin-admin-base.php on line 1882
[16-Apr-2025 04:35:51 UTC] PHP Notice:  Function _load_textdomain_just_in_time was called <strong>incorrectly</strong>. Translation loading for the <code>kjm-admin-notices</code> domain was triggered too early. This is usually an indicator for some code in the plugin or theme running too early. Translations should be loaded at the <code>init</code> action or later. Please see <a href="https://developer.wordpress.org/advanced-administration/debug/debug-wordpress/">Debugging in WordPress</a> for more information. (This message was added in version 6.7.0.) in /wordpress/wp-includes/functions.php on line 6121
[16-Apr-2025 04:35:59 UTC] PHP Deprecated:  Required parameter $item_count follows optional parameter $amount_per_page in /wordpress/wp-content/plugins/kjm-admin-notices/includes/class-kjm-plugin-admin-base.php on line 1882
[16-Apr-2025 04:35:59 UTC] PHP Warning:  Undefined array key "action" in /wordpress/wp-content/plugins/kjm-admin-notices/includes/class-kjm-admin-notices-activator.php on line 105
[16-Apr-2025 04:36:00 UTC] PHP Deprecated:  Required parameter $item_count follows optional parameter $amount_per_page in /wordpress/wp-content/plugins/kjm-admin-notices/includes/class-kjm-plugin-admin-base.php on line 1882
[16-Apr-2025 04:36:00 UTC] PHP Notice:  Function _load_textdomain_just_in_time was called <strong>incorrectly</strong>. Translation loading for the <code>kjm-admin-notices</code> domain was triggered too early. This is usually an indicator for some code in the plugin or theme running too early. Translations should be loaded at the <code>init</code> action or later. Please see <a href="https://developer.wordpress.org/advanced-administration/debug/debug-wordpress/">Debugging in WordPress</a> for more information. (This message was added in version 6.7.0.) in /wordpress/wp-includes/functions.php on line 6121
[16-Apr-2025 04:36:08 UTC] PHP Deprecated:  Required parameter $item_count follows optional parameter $amount_per_page in /wordpress/wp-content/plugins/kjm-admin-notices/includes/class-kjm-plugin-admin-base.php on line 1882
[16-Apr-2025 04:36:08 UTC] PHP Warning:  Undefined array key "action" in /wordpress/wp-content/plugins/kjm-admin-notices/includes/class-kjm-admin-notices-activator.php on line 105
[16-Apr-2025 04:36:09 UTC] PHP Deprecated:  Required parameter $item_count follows optional parameter $amount_per_page in /wordpress/wp-content/plugins/kjm-admin-notices/includes/class-kjm-plugin-admin-base.php on line 1882
[16-Apr-2025 04:36:09 UTC] PHP Notice:  Function _load_textdomain_just_in_time was called <strong>incorrectly</strong>. Translation loading for the <code>kjm-admin-notices</code> domain was triggered too early. This is usually an indicator for some code in the plugin or theme running too early. Translations should be loaded at the <code>init</code> action or later. Please see <a href="https://developer.wordpress.org/advanced-administration/debug/debug-wordpress/">Debugging in WordPress</a> for more information. (This message was added in version 6.7.0.) in /wordpress/wp-includes/functions.php on line 6121
[16-Apr-2025 04:37:10 UTC] PHP Fatal error:  Uncaught Exception: Cryptor::decryptString() - data length 0 is less than iv length 16 in /wordpress/wp-content/plugins/kangoo-for-woocommerce/includes/encryption.php:141
Stack trace:
#0 /wordpress/wp-content/plugins/kangoo-for-woocommerce/includes/encryption.php(187): kangooSecurity\Cryptor->decryptString(false, 'put your unique...', 1)
#1 /wordpress/wp-content/plugins/kangoo-for-woocommerce/includes/encryption-decryption-checker.php(92): kangooSecurity\Cryptor::Decrypt(false, 'put your unique...')
#2 /wordpress/wp-includes/class-wp-hook.php(324): kangooSecurity\encryption_checker->check_encryption('')
#3 /wordpress/wp-includes/class-wp-hook.php(348): WP_Hook->apply_filters(NULL, Array)
#4 /wordpress/wp-includes/plugin.php(517): WP_Hook->do_action(Array)
#5 /wordpress/wp-settings.php(727): do_action('init')
#6 /wordpress/wp-config.php(102): require_once('/wordpress/wp-s...')
#7 /wordpress/wp-load.php(50): require_once('/wordpress/wp-c...')
#8 /internal/eval.php(3): require_once('/wordpress/wp-l...')
#9 {main}
  thrown in /wordpress/wp-content/plugins/kangoo-for-woocommerce/includes/encryption.php on line 141
[16-Apr-2025 04:37:18 UTC] PHP Fatal error:  Uncaught Exception: Cryptor::decryptString() - data length 0 is less than iv length 16 in /wordpress/wp-content/plugins/kangoo-for-woocommerce/includes/encryption.php:141
Stack trace:
#0 /wordpress/wp-content/plugins/kangoo-for-woocommerce/includes/encryption.php(187): kangooSecurity\Cryptor->decryptString(false, 'put your unique...', 1)
#1 /wordpress/wp-content/plugins/kangoo-for-woocommerce/includes/encryption-decryption-checker.php(92): kangooSecurity\Cryptor::Decrypt(false, 'put your unique...')
#2 /wordpress/wp-includes/class-wp-hook.php(324): kangooSecurity\encryption_checker->check_encryption('')
#3 /wordpress/wp-includes/class-wp-hook.php(348): WP_Hook->apply_filters(NULL, Array)
#4 /wordpress/wp-includes/plugin.php(517): WP_Hook->do_action(Array)
#5 /wordpress/wp-settings.php(727): do_action('init')
#6 /wordpress/wp-config.php(102): require_once('/wordpress/wp-s...')
#7 /wordpress/wp-load.php(50): require_once('/wordpress/wp-c...')
#8 /internal/eval.php(3): require_once('/wordpress/wp-l...')
#9 {main}
  thrown in /wordpress/wp-content/plugins/kangoo-for-woocommerce/includes/encryption.php on line 141
[16-Apr-2025 04:37:26 UTC] PHP Fatal error:  Uncaught Exception: Cryptor::decryptString() - data length 0 is less than iv length 16 in /wordpress/wp-content/plugins/kangoo-for-woocommerce/includes/encryption.php:141
Stack trace:
#0 /wordpress/wp-content/plugins/kangoo-for-woocommerce/includes/encryption.php(187): kangooSecurity\Cryptor->decryptString(false, 'put your unique...', 1)
#1 /wordpress/wp-content/plugins/kangoo-for-woocommerce/includes/encryption-decryption-checker.php(92): kangooSecurity\Cryptor::Decrypt(false, 'put your unique...')
#2 /wordpress/wp-includes/class-wp-hook.php(324): kangooSecurity\encryption_checker->check_encryption('')
#3 /wordpress/wp-includes/class-wp-hook.php(348): WP_Hook->apply_filters(NULL, Array)
#4 /wordpress/wp-includes/plugin.php(517): WP_Hook->do_action(Array)
#5 /wordpress/wp-settings.php(727): do_action('init')
#6 /wordpress/wp-config.php(102): require_once('/wordpress/wp-s...')
#7 /wordpress/wp-load.php(50): require_once('/wordpress/wp-c...')
#8 /internal/eval.php(3): require_once('/wordpress/wp-l...')
#9 {main}
  thrown in /wordpress/wp-content/plugins/kangoo-for-woocommerce/includes/encryption.php on line 141
[16-Apr-2025 04:38:07 UTC] PHP Fatal error:  Uncaught TypeError: call_user_func_array(): Argument #1 ($callback) must be a valid callback, non-static method kcsc_flash_player::register() cannot be called statically in /wordpress/wp-includes/class-wp-hook.php:324
Stack trace:
#0 /wordpress/wp-includes/class-wp-hook.php(348): WP_Hook->apply_filters(NULL, Array)
#1 /wordpress/wp-includes/plugin.php(517): WP_Hook->do_action(Array)
#2 /wordpress/wp-includes/widgets.php(1870): do_action('widgets_init')
#3 /wordpress/wp-includes/class-wp-hook.php(324): wp_widgets_init('')
#4 /wordpress/wp-includes/class-wp-hook.php(348): WP_Hook->apply_filters(NULL, Array)
#5 /wordpress/wp-includes/plugin.php(517): WP_Hook->do_action(Array)
#6 /wordpress/wp-settings.php(727): do_action('init')
#7 /wordpress/wp-config.php(102): require_once('/wordpress/wp-s...')
#8 /wordpress/wp-load.php(50): require_once('/wordpress/wp-c...')
#9 /internal/eval.php(3): require_once('/wordpress/wp-l...')
#10 {main}
  thrown in /wordpress/wp-includes/class-wp-hook.php on line 324
[16-Apr-2025 04:38:14 UTC] PHP Fatal error:  Uncaught TypeError: call_user_func_array(): Argument #1 ($callback) must be a valid callback, non-static method kcsc_flash_player::register() cannot be called statically in /wordpress/wp-includes/class-wp-hook.php:324
Stack trace:
#0 /wordpress/wp-includes/class-wp-hook.php(348): WP_Hook->apply_filters(NULL, Array)
#1 /wordpress/wp-includes/plugin.php(517): WP_Hook->do_action(Array)
#2 /wordpress/wp-includes/widgets.php(1870): do_action('widgets_init')
#3 /wordpress/wp-includes/class-wp-hook.php(324): wp_widgets_init('')
#4 /wordpress/wp-includes/class-wp-hook.php(348): WP_Hook->apply_filters(NULL, Array)
#5 /wordpress/wp-includes/plugin.php(517): WP_Hook->do_action(Array)
#6 /wordpress/wp-settings.php(727): do_action('init')
#7 /wordpress/wp-config.php(102): require_once('/wordpress/wp-s...')
#8 /wordpress/wp-load.php(50): require_once('/wordpress/wp-c...')
#9 /internal/eval.php(3): require_once('/wordpress/wp-l...')
#10 {main}
  thrown in /wordpress/wp-includes/class-wp-hook.php on line 324
[16-Apr-2025 04:38:23 UTC] PHP Fatal error:  Uncaught TypeError: call_user_func_array(): Argument #1 ($callback) must be a valid callback, non-static method kcsc_flash_player::register() cannot be called statically in /wordpress/wp-includes/class-wp-hook.php:324
Stack trace:
#0 /wordpress/wp-includes/class-wp-hook.php(348): WP_Hook->apply_filters(NULL, Array)
#1 /wordpress/wp-includes/plugin.php(517): WP_Hook->do_action(Array)
#2 /wordpress/wp-includes/widgets.php(1870): do_action('widgets_init')
#3 /wordpress/wp-includes/class-wp-hook.php(324): wp_widgets_init('')
#4 /wordpress/wp-includes/class-wp-hook.php(348): WP_Hook->apply_filters(NULL, Array)
#5 /wordpress/wp-includes/plugin.php(517): WP_Hook->do_action(Array)
#6 /wordpress/wp-settings.php(727): do_action('init')
#7 /wordpress/wp-config.php(102): require_once('/wordpress/wp-s...')
#8 /wordpress/wp-load.php(50): require_once('/wordpress/wp-c...')
#9 /internal/eval.php(3): require_once('/wordpress/wp-l...')
#10 {main}
  thrown in /wordpress/wp-includes/class-wp-hook.php on line 324
[16-Apr-2025 04:38:31 UTC] PHP Deprecated:  File locale.php is <strong>deprecated</strong> since version 4.7.0 with no alternative available. in /wordpress/wp-includes/functions.php on line 6121
[16-Apr-2025 04:38:33 UTC] PHP Deprecated:  File locale.php is <strong>deprecated</strong> since version 4.7.0 with no alternative available. in /wordpress/wp-includes/functions.php on line 6121
[16-Apr-2025 04:38:33 UTC] PHP Fatal error:  Uncaught ArgumentCountError: Too few arguments to function WP_Widget::__construct(), 0 passed in /wordpress/wp-includes/class-wp-widget-factory.php on line 62 and at least 2 expected in /wordpress/wp-includes/class-wp-widget.php:163
Stack trace:
#0 /wordpress/wp-includes/class-wp-widget-factory.php(62): WP_Widget->__construct()
#1 /wordpress/wp-includes/widgets.php(123): WP_Widget_Factory->register('Keep_In_Touch_W...')
#2 /wordpress/wp-content/plugins/keep-in-touch/class-keep-in-touch-widget.php(72): register_widget('Keep_In_Touch_W...')
#3 /wordpress/wp-includes/class-wp-hook.php(324): Keep_In_Touch_Widget::register('')
#4 /wordpress/wp-includes/class-wp-hook.php(348): WP_Hook->apply_filters(NULL, Array)
#5 /wordpress/wp-includes/plugin.php(517): WP_Hook->do_action(Array)
#6 /wordpress/wp-includes/widgets.php(1870): do_action('widgets_init')
#7 /wordpress/wp-includes/class-wp-hook.php(324): wp_widgets_init('')
#8 /wordpress/wp-includes/class-wp-hook.php(348): WP_Hook->apply_filters(NULL, Array)
#9 /wordpress/wp-includes/plugin.php(517): WP_Hook->do_action(Array)
#10 /wordpress/wp-settings.php(727): do_action('init')
#11 /wordpress/wp-config.php(102): require_once('/wordpress/wp-s...')
#12 /wordpress/wp-load.php(50): require_once('/wordpress/wp-c...')
#13 /internal/eval.php(3): require_once('/wordpress/wp-l...')
#14 {main}
  thrown in /wordpress/wp-includes/class-wp-widget.php on line 163
[16-Apr-2025 04:38:41 UTC] PHP Deprecated:  File locale.php is <strong>deprecated</strong> since version 4.7.0 with no alternative available. in /wordpress/wp-includes/functions.php on line 6121
[16-Apr-2025 04:38:41 UTC] WordPress database error <div style="clear:both">&nbsp;</div>
<div class="queries" style="clear:both;margin-bottom:2px;border:red dotted thin;">
<p>MySQL query:</p>
<p>CREATE TABLE wp_keep_in_touch (
			full_name TINYTEXT DEFAULT '' NOT NULL,
			email TINYTEXT DEFAULT '' NOT NULL,
			status SET('pending_activation','active','pending_removal') DEFAULT 'pending_activation' NOT NULL,
			code TINYTEXT DEFAULT '' NOT NULL,
			categories TINYTEXT DEFAULT '' NOT NULL,
			daily BOOL DEFAULT 0 NOT NULL,
			weekly BOOL DEFAULT 0 NOT NULL,
			newsletter BOOL DEFAULT 0 NOT NULL
			) DEFAULT CHARACTER SET utf8mb4</p>
<p>Queries made or created this session were:</p>
<ol>
<li>Executing: BEGIN | (no parameters)</li>
<li>Executing: ROLLBACK | (no parameters)</li>
</ol>
</div>
<div style="clear:both;margin-bottom:2px;border:red dotted thin;" class="error_message" style="border-bottom:dotted blue thin;">
Error occurred at line 4117 in Function <code>handle_error</code>. Error message was: MySQL field type cannot be translated to SQLite: set.
</div>
<p>Backtrace:</p>
<pre>#0 /internal/shared/sqlite-database-integration/wp-includes/sqlite/class-wp-sqlite-db.php(287): WP_SQLite_Translator->get_error_message()
#1 /wordpress/wp-admin/includes/upgrade.php(3280): WP_SQLite_DB->query('CREATE TABLE wp...')
#2 /wordpress/wp-content/plugins/keep-in-touch/class-keep-in-touch-db.php(28): dbDelta(Array)
#3 /wordpress/wp-content/plugins/keep-in-touch/keep-in-touch.php(160): Keep_In_Touch_Db::create_table()
#4 /wordpress/wp-includes/class-wp-hook.php(324): Keep_In_Touch::activate(false)
#5 /wordpress/wp-includes/class-wp-hook.php(348): WP_Hook->apply_filters('', Array)
#6 /wordpress/wp-includes/plugin.php(517): WP_Hook->do_action(Array)
#7 /wordpress/wp-admin/includes/plugin.php(703): do_action('activate_keep-i...', false)
#8 /internal/eval.php(20): activate_plugin('keep-in-touch/k...')
#9 {main}</pre>
 for query CREATE TABLE wp_keep_in_touch (
			full_name TINYTEXT DEFAULT '' NOT NULL,
			email TINYTEXT DEFAULT '' NOT NULL,
			status SET('pending_activation','active','pending_removal') DEFAULT 'pending_activation' NOT NULL,
			code TINYTEXT DEFAULT '' NOT NULL,
			categories TINYTEXT DEFAULT '' NOT NULL,
			daily BOOL DEFAULT 0 NOT NULL,
			weekly BOOL DEFAULT 0 NOT NULL,
			newsletter BOOL DEFAULT 0 NOT NULL
			) DEFAULT CHARACTER SET utf8mb4 made by activate_plugin, do_action('activate_keep-in-touch/keep-in-touch.php'), WP_Hook->do_action, WP_Hook->apply_filters, Keep_In_Touch::activate, Keep_In_Touch_Db::create_table, dbDelta, WP_SQLite_DB->query, WP_SQLite_DB->print_error
[16-Apr-2025 04:38:42 UTC] PHP Deprecated:  File locale.php is <strong>deprecated</strong> since version 4.7.0 with no alternative available. in /wordpress/wp-includes/functions.php on line 6121
[16-Apr-2025 04:38:42 UTC] PHP Fatal error:  Uncaught ArgumentCountError: Too few arguments to function WP_Widget::__construct(), 0 passed in /wordpress/wp-includes/class-wp-widget-factory.php on line 62 and at least 2 expected in /wordpress/wp-includes/class-wp-widget.php:163
Stack trace:
#0 /wordpress/wp-includes/class-wp-widget-factory.php(62): WP_Widget->__construct()
#1 /wordpress/wp-includes/widgets.php(123): WP_Widget_Factory->register('Keep_In_Touch_W...')
#2 /wordpress/wp-content/plugins/keep-in-touch/class-keep-in-touch-widget.php(72): register_widget('Keep_In_Touch_W...')
#3 /wordpress/wp-includes/class-wp-hook.php(324): Keep_In_Touch_Widget::register('')
#4 /wordpress/wp-includes/class-wp-hook.php(348): WP_Hook->apply_filters(NULL, Array)
#5 /wordpress/wp-includes/plugin.php(517): WP_Hook->do_action(Array)
#6 /wordpress/wp-includes/widgets.php(1870): do_action('widgets_init')
#7 /wordpress/wp-includes/class-wp-hook.php(324): wp_widgets_init('')
#8 /wordpress/wp-includes/class-wp-hook.php(348): WP_Hook->apply_filters(NULL, Array)
#9 /wordpress/wp-includes/plugin.php(517): WP_Hook->do_action(Array)
#10 /wordpress/wp-settings.php(727): do_action('init')
#11 /wordpress/wp-config.php(102): require_once('/wordpress/wp-s...')
#12 /wordpress/wp-load.php(50): require_once('/wordpress/wp-c...')
#13 /internal/eval.php(3): require_once('/wordpress/wp-l...')
#14 {main}
  thrown in /wordpress/wp-includes/class-wp-widget.php on line 163
[16-Apr-2025 04:38:50 UTC] PHP Deprecated:  File locale.php is <strong>deprecated</strong> since version 4.7.0 with no alternative available. in /wordpress/wp-includes/functions.php on line 6121
[16-Apr-2025 04:38:50 UTC] WordPress database error <div style="clear:both">&nbsp;</div>
<div class="queries" style="clear:both;margin-bottom:2px;border:red dotted thin;">
<p>MySQL query:</p>
<p>CREATE TABLE wp_keep_in_touch (
			full_name TINYTEXT DEFAULT '' NOT NULL,
			email TINYTEXT DEFAULT '' NOT NULL,
			status SET('pending_activation','active','pending_removal') DEFAULT 'pending_activation' NOT NULL,
			code TINYTEXT DEFAULT '' NOT NULL,
			categories TINYTEXT DEFAULT '' NOT NULL,
			daily BOOL DEFAULT 0 NOT NULL,
			weekly BOOL DEFAULT 0 NOT NULL,
			newsletter BOOL DEFAULT 0 NOT NULL
			) DEFAULT CHARACTER SET utf8mb4</p>
<p>Queries made or created this session were:</p>
<ol>
<li>Executing: BEGIN | (no parameters)</li>
<li>Executing: ROLLBACK | (no parameters)</li>
</ol>
</div>
<div style="clear:both;margin-bottom:2px;border:red dotted thin;" class="error_message" style="border-bottom:dotted blue thin;">
Error occurred at line 4117 in Function <code>handle_error</code>. Error message was: MySQL field type cannot be translated to SQLite: set.
</div>
<p>Backtrace:</p>
<pre>#0 /internal/shared/sqlite-database-integration/wp-includes/sqlite/class-wp-sqlite-db.php(287): WP_SQLite_Translator->get_error_message()
#1 /wordpress/wp-admin/includes/upgrade.php(3280): WP_SQLite_DB->query('CREATE TABLE wp...')
#2 /wordpress/wp-content/plugins/keep-in-touch/class-keep-in-touch-db.php(28): dbDelta(Array)
#3 /wordpress/wp-content/plugins/keep-in-touch/keep-in-touch.php(160): Keep_In_Touch_Db::create_table()
#4 /wordpress/wp-includes/class-wp-hook.php(324): Keep_In_Touch::activate(false)
#5 /wordpress/wp-includes/class-wp-hook.php(348): WP_Hook->apply_filters('', Array)
#6 /wordpress/wp-includes/plugin.php(517): WP_Hook->do_action(Array)
#7 /wordpress/wp-admin/includes/plugin.php(703): do_action('activate_keep-i...', false)
#8 /internal/eval.php(20): activate_plugin('keep-in-touch/k...')
#9 {main}</pre>
 for query CREATE TABLE wp_keep_in_touch (
			full_name TINYTEXT DEFAULT '' NOT NULL,
			email TINYTEXT DEFAULT '' NOT NULL,
			status SET('pending_activation','active','pending_removal') DEFAULT 'pending_activation' NOT NULL,
			code TINYTEXT DEFAULT '' NOT NULL,
			categories TINYTEXT DEFAULT '' NOT NULL,
			daily BOOL DEFAULT 0 NOT NULL,
			weekly BOOL DEFAULT 0 NOT NULL,
			newsletter BOOL DEFAULT 0 NOT NULL
			) DEFAULT CHARACTER SET utf8mb4 made by activate_plugin, do_action('activate_keep-in-touch/keep-in-touch.php'), WP_Hook->do_action, WP_Hook->apply_filters, Keep_In_Touch::activate, Keep_In_Touch_Db::create_table, dbDelta, WP_SQLite_DB->query, WP_SQLite_DB->print_error
[16-Apr-2025 04:38:51 UTC] PHP Deprecated:  File locale.php is <strong>deprecated</strong> since version 4.7.0 with no alternative available. in /wordpress/wp-includes/functions.php on line 6121
[16-Apr-2025 04:38:51 UTC] PHP Fatal error:  Uncaught ArgumentCountError: Too few arguments to function WP_Widget::__construct(), 0 passed in /wordpress/wp-includes/class-wp-widget-factory.php on line 62 and at least 2 expected in /wordpress/wp-includes/class-wp-widget.php:163
Stack trace:
#0 /wordpress/wp-includes/class-wp-widget-factory.php(62): WP_Widget->__construct()
#1 /wordpress/wp-includes/widgets.php(123): WP_Widget_Factory->register('Keep_In_Touch_W...')
#2 /wordpress/wp-content/plugins/keep-in-touch/class-keep-in-touch-widget.php(72): register_widget('Keep_In_Touch_W...')
#3 /wordpress/wp-includes/class-wp-hook.php(324): Keep_In_Touch_Widget::register('')
#4 /wordpress/wp-includes/class-wp-hook.php(348): WP_Hook->apply_filters(NULL, Array)
#5 /wordpress/wp-includes/plugin.php(517): WP_Hook->do_action(Array)
#6 /wordpress/wp-includes/widgets.php(1870): do_action('widgets_init')
#7 /wordpress/wp-includes/class-wp-hook.php(324): wp_widgets_init('')
#8 /wordpress/wp-includes/class-wp-hook.php(348): WP_Hook->apply_filters(NULL, Array)
#9 /wordpress/wp-includes/plugin.php(517): WP_Hook->do_action(Array)
#10 /wordpress/wp-settings.php(727): do_action('init')
#11 /wordpress/wp-config.php(102): require_once('/wordpress/wp-s...')
#12 /wordpress/wp-load.php(50): require_once('/wordpress/wp-c...')
#13 /internal/eval.php(3): require_once('/wordpress/wp-l...')
#14 {main}
  thrown in /wordpress/wp-includes/class-wp-widget.php on line 163
[16-Apr-2025 04:39:01 UTC] PHP Fatal error:  Uncaught ArgumentCountError: Too few arguments to function WP_Widget::__construct(), 0 passed in /wordpress/wp-includes/class-wp-widget-factory.php on line 62 and at least 2 expected in /wordpress/wp-includes/class-wp-widget.php:163
Stack trace:
#0 /wordpress/wp-includes/class-wp-widget-factory.php(62): WP_Widget->__construct()
#1 /wordpress/wp-includes/widgets.php(123): WP_Widget_Factory->register('wp_kentfa_plugi...')
#2 /wordpress/wp-content/plugins/kentfa-news-feed/widget-kentfa.php(103): register_widget('wp_kentfa_plugi...')
#3 /wordpress/wp-includes/class-wp-hook.php(324): register_wp_kentfa_plugin('')
#4 /wordpress/wp-includes/class-wp-hook.php(348): WP_Hook->apply_filters(NULL, Array)
#5 /wordpress/wp-includes/plugin.php(517): WP_Hook->do_action(Array)
#6 /wordpress/wp-includes/widgets.php(1870): do_action('widgets_init')
#7 /wordpress/wp-includes/class-wp-hook.php(324): wp_widgets_init('')
#8 /wordpress/wp-includes/class-wp-hook.php(348): WP_Hook->apply_filters(NULL, Array)
#9 /wordpress/wp-includes/plugin.php(517): WP_Hook->do_action(Array)
#10 /wordpress/wp-settings.php(727): do_action('init')
#11 /wordpress/wp-config.php(102): require_once('/wordpress/wp-s...')
#12 /wordpress/wp-load.php(50): require_once('/wordpress/wp-c...')
#13 /internal/eval.php(3): require_once('/wordpress/wp-l...')
#14 {main}
  thrown in /wordpress/wp-includes/class-wp-widget.php on line 163
[16-Apr-2025 04:39:09 UTC] PHP Fatal error:  Uncaught ArgumentCountError: Too few arguments to function WP_Widget::__construct(), 0 passed in /wordpress/wp-includes/class-wp-widget-factory.php on line 62 and at least 2 expected in /wordpress/wp-includes/class-wp-widget.php:163
Stack trace:
#0 /wordpress/wp-includes/class-wp-widget-factory.php(62): WP_Widget->__construct()
#1 /wordpress/wp-includes/widgets.php(123): WP_Widget_Factory->register('wp_kentfa_plugi...')
#2 /wordpress/wp-content/plugins/kentfa-news-feed/widget-kentfa.php(103): register_widget('wp_kentfa_plugi...')
#3 /wordpress/wp-includes/class-wp-hook.php(324): register_wp_kentfa_plugin('')
#4 /wordpress/wp-includes/class-wp-hook.php(348): WP_Hook->apply_filters(NULL, Array)
#5 /wordpress/wp-includes/plugin.php(517): WP_Hook->do_action(Array)
#6 /wordpress/wp-includes/widgets.php(1870): do_action('widgets_init')
#7 /wordpress/wp-includes/class-wp-hook.php(324): wp_widgets_init('')
#8 /wordpress/wp-includes/class-wp-hook.php(348): WP_Hook->apply_filters(NULL, Array)
#9 /wordpress/wp-includes/plugin.php(517): WP_Hook->do_action(Array)
#10 /wordpress/wp-settings.php(727): do_action('init')
#11 /wordpress/wp-config.php(102): require_once('/wordpress/wp-s...')
#12 /wordpress/wp-load.php(50): require_once('/wordpress/wp-c...')
#13 /internal/eval.php(3): require_once('/wordpress/wp-l...')
#14 {main}
  thrown in /wordpress/wp-includes/class-wp-widget.php on line 163
[16-Apr-2025 04:39:18 UTC] PHP Fatal error:  Uncaught ArgumentCountError: Too few arguments to function WP_Widget::__construct(), 0 passed in /wordpress/wp-includes/class-wp-widget-factory.php on line 62 and at least 2 expected in /wordpress/wp-includes/class-wp-widget.php:163
Stack trace:
#0 /wordpress/wp-includes/class-wp-widget-factory.php(62): WP_Widget->__construct()
#1 /wordpress/wp-includes/widgets.php(123): WP_Widget_Factory->register('wp_kentfa_plugi...')
#2 /wordpress/wp-content/plugins/kentfa-news-feed/widget-kentfa.php(103): register_widget('wp_kentfa_plugi...')
#3 /wordpress/wp-includes/class-wp-hook.php(324): register_wp_kentfa_plugin('')
#4 /wordpress/wp-includes/class-wp-hook.php(348): WP_Hook->apply_filters(NULL, Array)
#5 /wordpress/wp-includes/plugin.php(517): WP_Hook->do_action(Array)
#6 /wordpress/wp-includes/widgets.php(1870): do_action('widgets_init')
#7 /wordpress/wp-includes/class-wp-hook.php(324): wp_widgets_init('')
#8 /wordpress/wp-includes/class-wp-hook.php(348): WP_Hook->apply_filters(NULL, Array)
#9 /wordpress/wp-includes/plugin.php(517): WP_Hook->do_action(Array)
#10 /wordpress/wp-settings.php(727): do_action('init')
#11 /wordpress/wp-config.php(102): require_once('/wordpress/wp-s...')
#12 /wordpress/wp-load.php(50): require_once('/wordpress/wp-c...')
#13 /internal/eval.php(3): require_once('/wordpress/wp-l...')
#14 {main}
  thrown in /wordpress/wp-includes/class-wp-widget.php on line 163
[16-Apr-2025 04:39:54 UTC] PHP Fatal error:  Uncaught TypeError: extract(): Argument #1 ($array) must be of type array, bool given in /wordpress/wp-content/plugins/key4ce-osticket-bridge/ost-bridge.php:174
Stack trace:
#0 /wordpress/wp-content/plugins/key4ce-osticket-bridge/ost-bridge.php(174): extract(false)
#1 /wordpress/wp-admin/includes/plugin.php(2387): include_once('/wordpress/wp-c...')
#2 /wordpress/wp-admin/includes/plugin.php(673): plugin_sandbox_scrape('key4ce-osticket...')
#3 /internal/eval.php(20): activate_plugin('key4ce-osticket...')
#4 {main}
  thrown in /wordpress/wp-content/plugins/key4ce-osticket-bridge/ost-bridge.php on line 174
[16-Apr-2025 04:40:02 UTC] PHP Fatal error:  Uncaught TypeError: extract(): Argument #1 ($array) must be of type array, bool given in /wordpress/wp-content/plugins/key4ce-osticket-bridge/ost-bridge.php:174
Stack trace:
#0 /wordpress/wp-content/plugins/key4ce-osticket-bridge/ost-bridge.php(174): extract(false)
#1 /wordpress/wp-admin/includes/plugin.php(2387): include_once('/wordpress/wp-c...')
#2 /wordpress/wp-admin/includes/plugin.php(673): plugin_sandbox_scrape('key4ce-osticket...')
#3 /internal/eval.php(20): activate_plugin('key4ce-osticket...')
#4 {main}
  thrown in /wordpress/wp-content/plugins/key4ce-osticket-bridge/ost-bridge.php on line 174
[16-Apr-2025 04:40:10 UTC] PHP Fatal error:  Uncaught TypeError: extract(): Argument #1 ($array) must be of type array, bool given in /wordpress/wp-content/plugins/key4ce-osticket-bridge/ost-bridge.php:174
Stack trace:
#0 /wordpress/wp-content/plugins/key4ce-osticket-bridge/ost-bridge.php(174): extract(false)
#1 /wordpress/wp-admin/includes/plugin.php(2387): include_once('/wordpress/wp-c...')
#2 /wordpress/wp-admin/includes/plugin.php(673): plugin_sandbox_scrape('key4ce-osticket...')
#3 /internal/eval.php(20): activate_plugin('key4ce-osticket...')
#4 {main}
  thrown in /wordpress/wp-content/plugins/key4ce-osticket-bridge/ost-bridge.php on line 174

    at Object.onBind (file:///home/runner/work/playground-tester/playground-tester/node_modules/@wp-playground/cli/index.js:237:15)
    at process.processTicksAndRejections (node:internal/process/task_queues:105:5)
    at async V (file:///home/runner/work/playground-tester/playground-tester/node_modules/@wp-playground/cli/index.js:64:10)
    at async ja (file:///home/runner/work/playground-tester/playground-tester/node_modules/@wp-playground/cli/cli.js:8161:12) {
  [cause]: Error: Error when executing the blueprint step #1 ({"step":"installPlugin","pluginData":{"resource":"wordpress.org/plugins","slug":"key4ce-osticket-bridge"},"options":{"activate":true}}) : PHP.run() failed with exit code 255 and the following output: 
      at Object.run (file:///home/runner/work/playground-tester/playground-tester/node_modules/@wp-playground/blueprints/index.js:12449:19)
      at process.processTicksAndRejections (node:internal/process/task_queues:105:5)
      at async ms (file:///home/runner/work/playground-tester/playground-tester/node_modules/@wp-playground/blueprints/index.js:12552:3)
      ... 2 lines matching cause stack trace ...
      at async ja (file:///home/runner/work/playground-tester/playground-tester/node_modules/@wp-playground/cli/cli.js:8161:12) {
    [cause]: PHPExecutionFailureError: PHP.run() failed with exit code 255 and the following output: 
        at PHP.run (file:///home/runner/work/playground-tester/playground-tester/node_modules/@php-wasm/universal/index.js:987:19)
        at process.processTicksAndRejections (node:internal/process/task_queues:105:5)
        at async wr (file:///home/runner/work/playground-tester/playground-tester/node_modules/@wp-playground/blueprints/index.js:33:39)
        at async Object.gt [as installPlugin] (file:///home/runner/work/playground-tester/playground-tester/node_modules/@wp-playground/blueprints/index.js:974:42)
        at async g (file:///home/runner/work/playground-tester/playground-tester/node_modules/@wp-playground/blueprints/index.js:12517:30)
        at async Object.run (file:///home/runner/work/playground-tester/playground-tester/node_modules/@wp-playground/blueprints/index.js:12446:23)
        at async ms (file:///home/runner/work/playground-tester/playground-tester/node_modules/@wp-playground/blueprints/index.js:12552:3)
        at async Object.onBind (file:///home/runner/work/playground-tester/playground-tester/node_modules/@wp-playground/cli/index.js:227:48)
        at async V (file:///home/runner/work/playground-tester/playground-tester/node_modules/@wp-playground/cli/index.js:64:10)
        at async ja (file:///home/runner/work/playground-tester/playground-tester/node_modules/@wp-playground/cli/cli.js:8161:12) {
      response: PHPResponse {
        httpStatusCode: 500,
        headers: {
          'x-powered-by': [ 'PHP/8.0.30-dev' ],
          'content-type': [ 'text/html; charset=UTF-8' ]
        },
        bytes: Uint8Array(0) [],
        exitCode: 255,
        errors: ''
      },
      source: 'request'
    }
  }
}

Node.js v23.11.0
