[
{"message":"file:///home/runner/work/playground-tester/playground-tester/node_modules/@wp-playground/cli/index.js:237\n        throw new Error(y, { cause: u });\n              ^\n","level":"FATAL","type":"PLAYGROUND","test":"ast-sqlite-boot","plugin":"web-page-speed-checker","details":"file:///home/runner/work/playground-tester/playground-tester/node_modules/@wp-playground/cli/index.js:237\n        throw new Error(y, { cause: u });\n              ^\n","log":"/tmp/tmp.IfAypHjlYe"}
,
{"message":"Function register_uninstall_hook was called <strong>incorrectly</strong>. Only a static class method or function can be used in an uninstall hook. Please see <a href=\"https://developer.wordpress.org/advanced-administration/debug/debug-wordpress/\">Debugging in WordPress</a> for more information. (This message was added in version 3.1.0.) in /wordpress/wp-includes/functions.php on line 6121","level":"NOTICE","type":"PHP","test":"ast-sqlite-boot","plugin":"web-page-speed-checker","details":"[15-May-2025 03:23:01 UTC] PHP Notice:  Function register_uninstall_hook was called <strong>incorrectly</strong>. Only a static class method or function can be used in an uninstall hook. Please see <a href=\"https://developer.wordpress.org/advanced-administration/debug/debug-wordpress/\">Debugging in WordPress</a> for more information. (This message was added in version 3.1.0.) in /wordpress/wp-includes/functions.php on line 6121","log":"/logs/plugins/w/web-page-speed-checker/error.json"}
,
{"message":"Function add_option was called with an argument that is <strong>deprecated</strong> since version 2.3.0 with no alternative available. in /wordpress/wp-includes/functions.php on line 6121","level":"DEPRECATED","type":"PHP","test":"ast-sqlite-boot","plugin":"web-page-speed-checker","details":"[15-May-2025 03:23:01 UTC] PHP Deprecated:  Function add_option was called with an argument that is <strong>deprecated</strong> since version 2.3.0 with no alternative available. in /wordpress/wp-includes/functions.php on line 6121","log":"/logs/plugins/w/web-page-speed-checker/error.json"}
,
{"message":"Function register_uninstall_hook was called <strong>incorrectly</strong>. Only a static class method or function can be used in an uninstall hook. Please see <a href=\"https://developer.wordpress.org/advanced-administration/debug/debug-wordpress/\">Debugging in WordPress</a> for more information. (This message was added in version 3.1.0.) in /wordpress/wp-includes/functions.php on line 6121","level":"NOTICE","type":"PHP","test":"ast-sqlite-boot","plugin":"web-page-speed-checker","details":"[15-May-2025 03:23:03 UTC] PHP Notice:  Function register_uninstall_hook was called <strong>incorrectly</strong>. Only a static class method or function can be used in an uninstall hook. Please see <a href=\"https://developer.wordpress.org/advanced-administration/debug/debug-wordpress/\">Debugging in WordPress</a> for more information. (This message was added in version 3.1.0.) in /wordpress/wp-includes/functions.php on line 6121","log":"/logs/plugins/w/web-page-speed-checker/error.json"}
,
{"message":"Function register_uninstall_hook was called <strong>incorrectly</strong>. Only a static class method or function can be used in an uninstall hook. Please see <a href=\"https://developer.wordpress.org/advanced-administration/debug/debug-wordpress/\">Debugging in WordPress</a> for more information. (This message was added in version 3.1.0.) in /wordpress/wp-includes/functions.php on line 6121","level":"NOTICE","type":"PHP","test":"ast-sqlite-boot","plugin":"web-page-speed-checker","details":"[15-May-2025 03:23:11 UTC] PHP Notice:  Function register_uninstall_hook was called <strong>incorrectly</strong>. Only a static class method or function can be used in an uninstall hook. Please see <a href=\"https://developer.wordpress.org/advanced-administration/debug/debug-wordpress/\">Debugging in WordPress</a> for more information. (This message was added in version 3.1.0.) in /wordpress/wp-includes/functions.php on line 6121","log":"/logs/plugins/w/web-page-speed-checker/error.json"}
,
{"message":"SQLSTATE[HY000]: General error: 1 no such table: wp_wpsc_product_list.","level":"FATAL","type":"SQL","test":"ast-sqlite-boot","plugin":"web-page-speed-checker","details":"[15-May-2025 03:23:11 UTC] WordPress database error <div style=\"clear:both\">&nbsp;</div>\n<div class=\"queries\" style=\"clear:both;margin-bottom:2px;border:red dotted thin;\">\n<p>MySQL query:</p>\n<p>SELECT a.id AS id, a.name AS name, a.quantity AS quantity, a.price AS price, c.name as category FROM wp_wpsc_product_list AS a, wp_wpsc_item_category_assoc AS b, wp_wpsc_product_categories AS c where a.active = 1 and a.quantity_limited = 1 and a.id = b.product_id and b.category_id = c.id ORDER BY id DESC</p>\n<p>Queries made or created this session were:</p>\n<ol>\n<li>Executing: BEGIN | (no parameters)</li>\n<li>Executing: SELECT a.id AS id, a.name AS name, a.quantity AS quantity, a.price AS price, c.name as category FROM wp_wpsc_product_list AS a, wp_wpsc_item_category_assoc AS b, wp_wpsc_product_categories AS c where a.active = 1 and a.quantity_limited = 1 and a.id = b.product_id and b.category_id = c.id ORDER BY id DESC | (no parameters)</li>\n<li>Executing: ROLLBACK | (no parameters)</li>\n</ol>\n</div>\n<div style=\"clear:both;margin-bottom:2px;border:red dotted thin;\" class=\"error_message\" style=\"border-bottom:dotted blue thin;\">\nError occurred at line 4117 in Function <code>handle_error</code>. Error message was: SQLSTATE[HY000]: General error: 1 no such table: wp_wpsc_product_list.\n</div>\n<p>Backtrace:</p>\n<pre>#0 /internal/shared/sqlite-database-integration/wp-includes/sqlite/class-wp-sqlite-db.php(287): WP_SQLite_Translator->get_error_message()\n#1 /wordpress/wp-includes/class-wpdb.php(3146): WP_SQLite_DB->query('SELECT a.id AS ...')\n#2 /wordpress/wp-content/plugins/wpsc-inventory-manager/wpsc-inventory-manager.php(88): wpdb->get_results('SELECT a.id AS ...')\n#3 /wordpress/wp-content/plugins/wpsc-inventory-manager/wpsc-inventory-manager.php(74): WPSC_InventoryManager->getProducts()\n#4 /wordpress/wp-content/plugins/wpsc-inventory-manager/wpsc-inventory-manager.php(46): WPSC_InventoryManager->initialize()\n#5 /wordpress/wp-content/plugins/wpsc-inventory-manager/wpsc-inventory-manager.php(375): WPSC_InventoryManager->__construct()\n#6 /wordpress/wp-admin/includes/plugin.php(2387): include_once('/wordpress/wp-c...')\n#7 /wordpress/wp-admin/includes/plugin.php(673): plugin_sandbox_scrape('wpsc-inventory-...')\n#8 /internal/eval.php(20): activate_plugin('wpsc-inventory-...')\n#9 {main}</pre>\n for query SELECT a.id AS id, a.name AS name, a.quantity AS quantity, a.price AS price, c.name as category FROM wp_wpsc_product_list AS a, wp_wpsc_item_category_assoc AS b, wp_wpsc_product_categories AS c where a.active = 1 and a.quantity_limited = 1 and a.id = b.product_id and b.category_id = c.id ORDER BY id DESC made by activate_plugin, plugin_sandbox_scrape, include_once('/plugins/wpsc-inventory-manager/wpsc-inventory-manager.php'), WPSC_InventoryManager->__construct, WPSC_InventoryManager->initialize, WPSC_InventoryManager->getProducts, WP_SQLite_DB->query, WP_SQLite_DB->print_error","log":"/logs/plugins/w/web-page-speed-checker/error.json"}
,
{"message":"Function add_option was called with an argument that is <strong>deprecated</strong> since version 2.3.0 with no alternative available. in /wordpress/wp-includes/functions.php on line 6121","level":"DEPRECATED","type":"PHP","test":"ast-sqlite-boot","plugin":"web-page-speed-checker","details":"[15-May-2025 03:23:11 UTC] PHP Deprecated:  Function add_option was called with an argument that is <strong>deprecated</strong> since version 2.3.0 with no alternative available. in /wordpress/wp-includes/functions.php on line 6121","log":"/logs/plugins/w/web-page-speed-checker/error.json"}
,
{"message":"Function register_uninstall_hook was called <strong>incorrectly</strong>. Only a static class method or function can be used in an uninstall hook. Please see <a href=\"https://developer.wordpress.org/advanced-administration/debug/debug-wordpress/\">Debugging in WordPress</a> for more information. (This message was added in version 3.1.0.) in /wordpress/wp-includes/functions.php on line 6121","level":"NOTICE","type":"PHP","test":"ast-sqlite-boot","plugin":"web-page-speed-checker","details":"[15-May-2025 03:23:12 UTC] PHP Notice:  Function register_uninstall_hook was called <strong>incorrectly</strong>. Only a static class method or function can be used in an uninstall hook. Please see <a href=\"https://developer.wordpress.org/advanced-administration/debug/debug-wordpress/\">Debugging in WordPress</a> for more information. (This message was added in version 3.1.0.) in /wordpress/wp-includes/functions.php on line 6121","log":"/logs/plugins/w/web-page-speed-checker/error.json"}
,
{"message":"SQLSTATE[HY000]: General error: 1 no such table: wp_wpsc_product_list.","level":"FATAL","type":"SQL","test":"ast-sqlite-boot","plugin":"web-page-speed-checker","details":"[15-May-2025 03:23:12 UTC] WordPress database error <div style=\"clear:both\">&nbsp;</div>\n<div class=\"queries\" style=\"clear:both;margin-bottom:2px;border:red dotted thin;\">\n<p>MySQL query:</p>\n<p>SELECT a.id AS id, a.name AS name, a.quantity AS quantity, a.price AS price, c.name as category FROM wp_wpsc_product_list AS a, wp_wpsc_item_category_assoc AS b, wp_wpsc_product_categories AS c where a.active = 1 and a.quantity_limited = 1 and a.id = b.product_id and b.category_id = c.id ORDER BY id DESC</p>\n<p>Queries made or created this session were:</p>\n<ol>\n<li>Executing: BEGIN | (no parameters)</li>\n<li>Executing: SELECT a.id AS id, a.name AS name, a.quantity AS quantity, a.price AS price, c.name as category FROM wp_wpsc_product_list AS a, wp_wpsc_item_category_assoc AS b, wp_wpsc_product_categories AS c where a.active = 1 and a.quantity_limited = 1 and a.id = b.product_id and b.category_id = c.id ORDER BY id DESC | (no parameters)</li>\n<li>Executing: ROLLBACK | (no parameters)</li>\n</ol>\n</div>\n<div style=\"clear:both;margin-bottom:2px;border:red dotted thin;\" class=\"error_message\" style=\"border-bottom:dotted blue thin;\">\nError occurred at line 4117 in Function <code>handle_error</code>. Error message was: SQLSTATE[HY000]: General error: 1 no such table: wp_wpsc_product_list.\n</div>\n<p>Backtrace:</p>\n<pre>#0 /internal/shared/sqlite-database-integration/wp-includes/sqlite/class-wp-sqlite-db.php(287): WP_SQLite_Translator->get_error_message()\n#1 /wordpress/wp-includes/class-wpdb.php(3146): WP_SQLite_DB->query('SELECT a.id AS ...')\n#2 /wordpress/wp-content/plugins/wpsc-inventory-manager/wpsc-inventory-manager.php(88): wpdb->get_results('SELECT a.id AS ...')\n#3 /wordpress/wp-content/plugins/wpsc-inventory-manager/wpsc-inventory-manager.php(74): WPSC_InventoryManager->getProducts()\n#4 /wordpress/wp-content/plugins/wpsc-inventory-manager/wpsc-inventory-manager.php(46): WPSC_InventoryManager->initialize()\n#5 /wordpress/wp-content/plugins/wpsc-inventory-manager/wpsc-inventory-manager.php(375): WPSC_InventoryManager->__construct()\n#6 /wordpress/wp-settings.php(545): include_once('/wordpress/wp-c...')\n#7 /wordpress/wp-config.php(102): require_once('/wordpress/wp-s...')\n#8 /wordpress/wp-load.php(50): require_once('/wordpress/wp-c...')\n#9 /internal/eval.php(3): require_once('/wordpress/wp-l...')\n#10 {main}</pre>\n for query SELECT a.id AS id, a.name AS name, a.quantity AS quantity, a.price AS price, c.name as category FROM wp_wpsc_product_list AS a, wp_wpsc_item_category_assoc AS b, wp_wpsc_product_categories AS c where a.active = 1 and a.quantity_limited = 1 and a.id = b.product_id and b.category_id = c.id ORDER BY id DESC made by require_once('wp-load.php'), require_once('wp-config.php'), require_once('wp-settings.php'), include_once('/plugins/wpsc-inventory-manager/wpsc-inventory-manager.php'), WPSC_InventoryManager->__construct, WPSC_InventoryManager->initialize, WPSC_InventoryManager->getProducts, WP_SQLite_DB->query, WP_SQLite_DB->print_error","log":"/logs/plugins/w/web-page-speed-checker/error.json"}
,
{"message":"Function register_uninstall_hook was called <strong>incorrectly</strong>. Only a static class method or function can be used in an uninstall hook. Please see <a href=\"https://developer.wordpress.org/advanced-administration/debug/debug-wordpress/\">Debugging in WordPress</a> for more information. (This message was added in version 3.1.0.) in /wordpress/wp-includes/functions.php on line 6121","level":"NOTICE","type":"PHP","test":"ast-sqlite-boot","plugin":"web-page-speed-checker","details":"[15-May-2025 03:23:20 UTC] PHP Notice:  Function register_uninstall_hook was called <strong>incorrectly</strong>. Only a static class method or function can be used in an uninstall hook. Please see <a href=\"https://developer.wordpress.org/advanced-administration/debug/debug-wordpress/\">Debugging in WordPress</a> for more information. (This message was added in version 3.1.0.) in /wordpress/wp-includes/functions.php on line 6121","log":"/logs/plugins/w/web-page-speed-checker/error.json"}
,
{"message":"SQLSTATE[HY000]: General error: 1 no such table: wp_wpsc_product_list.","level":"FATAL","type":"SQL","test":"ast-sqlite-boot","plugin":"web-page-speed-checker","details":"[15-May-2025 03:23:20 UTC] WordPress database error <div style=\"clear:both\">&nbsp;</div>\n<div class=\"queries\" style=\"clear:both;margin-bottom:2px;border:red dotted thin;\">\n<p>MySQL query:</p>\n<p>SELECT a.id AS id, a.name AS name, a.quantity AS quantity, a.price AS price, c.name as category FROM wp_wpsc_product_list AS a, wp_wpsc_item_category_assoc AS b, wp_wpsc_product_categories AS c where a.active = 1 and a.quantity_limited = 1 and a.id = b.product_id and b.category_id = c.id ORDER BY id DESC</p>\n<p>Queries made or created this session were:</p>\n<ol>\n<li>Executing: BEGIN | (no parameters)</li>\n<li>Executing: SELECT a.id AS id, a.name AS name, a.quantity AS quantity, a.price AS price, c.name as category FROM wp_wpsc_product_list AS a, wp_wpsc_item_category_assoc AS b, wp_wpsc_product_categories AS c where a.active = 1 and a.quantity_limited = 1 and a.id = b.product_id and b.category_id = c.id ORDER BY id DESC | (no parameters)</li>\n<li>Executing: ROLLBACK | (no parameters)</li>\n</ol>\n</div>\n<div style=\"clear:both;margin-bottom:2px;border:red dotted thin;\" class=\"error_message\" style=\"border-bottom:dotted blue thin;\">\nError occurred at line 4117 in Function <code>handle_error</code>. Error message was: SQLSTATE[HY000]: General error: 1 no such table: wp_wpsc_product_list.\n</div>\n<p>Backtrace:</p>\n<pre>#0 /internal/shared/sqlite-database-integration/wp-includes/sqlite/class-wp-sqlite-db.php(287): WP_SQLite_Translator->get_error_message()\n#1 /wordpress/wp-includes/class-wpdb.php(3146): WP_SQLite_DB->query('SELECT a.id AS ...')\n#2 /wordpress/wp-content/plugins/wpsc-inventory-manager/wpsc-inventory-manager.php(88): wpdb->get_results('SELECT a.id AS ...')\n#3 /wordpress/wp-content/plugins/wpsc-inventory-manager/wpsc-inventory-manager.php(74): WPSC_InventoryManager->getProducts()\n#4 /wordpress/wp-content/plugins/wpsc-inventory-manager/wpsc-inventory-manager.php(46): WPSC_InventoryManager->initialize()\n#5 /wordpress/wp-content/plugins/wpsc-inventory-manager/wpsc-inventory-manager.php(375): WPSC_InventoryManager->__construct()\n#6 /wordpress/wp-admin/includes/plugin.php(2387): include_once('/wordpress/wp-c...')\n#7 /wordpress/wp-admin/includes/plugin.php(673): plugin_sandbox_scrape('wpsc-inventory-...')\n#8 /internal/eval.php(20): activate_plugin('wpsc-inventory-...')\n#9 {main}</pre>\n for query SELECT a.id AS id, a.name AS name, a.quantity AS quantity, a.price AS price, c.name as category FROM wp_wpsc_product_list AS a, wp_wpsc_item_category_assoc AS b, wp_wpsc_product_categories AS c where a.active = 1 and a.quantity_limited = 1 and a.id = b.product_id and b.category_id = c.id ORDER BY id DESC made by activate_plugin, plugin_sandbox_scrape, include_once('/plugins/wpsc-inventory-manager/wpsc-inventory-manager.php'), WPSC_InventoryManager->__construct, WPSC_InventoryManager->initialize, WPSC_InventoryManager->getProducts, WP_SQLite_DB->query, WP_SQLite_DB->print_error","log":"/logs/plugins/w/web-page-speed-checker/error.json"}
,
{"message":"Function add_option was called with an argument that is <strong>deprecated</strong> since version 2.3.0 with no alternative available. in /wordpress/wp-includes/functions.php on line 6121","level":"DEPRECATED","type":"PHP","test":"ast-sqlite-boot","plugin":"web-page-speed-checker","details":"[15-May-2025 03:23:20 UTC] PHP Deprecated:  Function add_option was called with an argument that is <strong>deprecated</strong> since version 2.3.0 with no alternative available. in /wordpress/wp-includes/functions.php on line 6121","log":"/logs/plugins/w/web-page-speed-checker/error.json"}
,
{"message":"Function register_uninstall_hook was called <strong>incorrectly</strong>. Only a static class method or function can be used in an uninstall hook. Please see <a href=\"https://developer.wordpress.org/advanced-administration/debug/debug-wordpress/\">Debugging in WordPress</a> for more information. (This message was added in version 3.1.0.) in /wordpress/wp-includes/functions.php on line 6121","level":"NOTICE","type":"PHP","test":"ast-sqlite-boot","plugin":"web-page-speed-checker","details":"[15-May-2025 03:23:21 UTC] PHP Notice:  Function register_uninstall_hook was called <strong>incorrectly</strong>. Only a static class method or function can be used in an uninstall hook. Please see <a href=\"https://developer.wordpress.org/advanced-administration/debug/debug-wordpress/\">Debugging in WordPress</a> for more information. (This message was added in version 3.1.0.) in /wordpress/wp-includes/functions.php on line 6121","log":"/logs/plugins/w/web-page-speed-checker/error.json"}
,
{"message":"SQLSTATE[HY000]: General error: 1 no such table: wp_wpsc_product_list.","level":"FATAL","type":"SQL","test":"ast-sqlite-boot","plugin":"web-page-speed-checker","details":"[15-May-2025 03:23:21 UTC] WordPress database error <div style=\"clear:both\">&nbsp;</div>\n<div class=\"queries\" style=\"clear:both;margin-bottom:2px;border:red dotted thin;\">\n<p>MySQL query:</p>\n<p>SELECT a.id AS id, a.name AS name, a.quantity AS quantity, a.price AS price, c.name as category FROM wp_wpsc_product_list AS a, wp_wpsc_item_category_assoc AS b, wp_wpsc_product_categories AS c where a.active = 1 and a.quantity_limited = 1 and a.id = b.product_id and b.category_id = c.id ORDER BY id DESC</p>\n<p>Queries made or created this session were:</p>\n<ol>\n<li>Executing: BEGIN | (no parameters)</li>\n<li>Executing: SELECT a.id AS id, a.name AS name, a.quantity AS quantity, a.price AS price, c.name as category FROM wp_wpsc_product_list AS a, wp_wpsc_item_category_assoc AS b, wp_wpsc_product_categories AS c where a.active = 1 and a.quantity_limited = 1 and a.id = b.product_id and b.category_id = c.id ORDER BY id DESC | (no parameters)</li>\n<li>Executing: ROLLBACK | (no parameters)</li>\n</ol>\n</div>\n<div style=\"clear:both;margin-bottom:2px;border:red dotted thin;\" class=\"error_message\" style=\"border-bottom:dotted blue thin;\">\nError occurred at line 4117 in Function <code>handle_error</code>. Error message was: SQLSTATE[HY000]: General error: 1 no such table: wp_wpsc_product_list.\n</div>\n<p>Backtrace:</p>\n<pre>#0 /internal/shared/sqlite-database-integration/wp-includes/sqlite/class-wp-sqlite-db.php(287): WP_SQLite_Translator->get_error_message()\n#1 /wordpress/wp-includes/class-wpdb.php(3146): WP_SQLite_DB->query('SELECT a.id AS ...')\n#2 /wordpress/wp-content/plugins/wpsc-inventory-manager/wpsc-inventory-manager.php(88): wpdb->get_results('SELECT a.id AS ...')\n#3 /wordpress/wp-content/plugins/wpsc-inventory-manager/wpsc-inventory-manager.php(74): WPSC_InventoryManager->getProducts()\n#4 /wordpress/wp-content/plugins/wpsc-inventory-manager/wpsc-inventory-manager.php(46): WPSC_InventoryManager->initialize()\n#5 /wordpress/wp-content/plugins/wpsc-inventory-manager/wpsc-inventory-manager.php(375): WPSC_InventoryManager->__construct()\n#6 /wordpress/wp-settings.php(545): include_once('/wordpress/wp-c...')\n#7 /wordpress/wp-config.php(102): require_once('/wordpress/wp-s...')\n#8 /wordpress/wp-load.php(50): require_once('/wordpress/wp-c...')\n#9 /internal/eval.php(3): require_once('/wordpress/wp-l...')\n#10 {main}</pre>\n for query SELECT a.id AS id, a.name AS name, a.quantity AS quantity, a.price AS price, c.name as category FROM wp_wpsc_product_list AS a, wp_wpsc_item_category_assoc AS b, wp_wpsc_product_categories AS c where a.active = 1 and a.quantity_limited = 1 and a.id = b.product_id and b.category_id = c.id ORDER BY id DESC made by require_once('wp-load.php'), require_once('wp-config.php'), require_once('wp-settings.php'), include_once('/plugins/wpsc-inventory-manager/wpsc-inventory-manager.php'), WPSC_InventoryManager->__construct, WPSC_InventoryManager->initialize, WPSC_InventoryManager->getProducts, WP_SQLite_DB->query, WP_SQLite_DB->print_error","log":"/logs/plugins/w/web-page-speed-checker/error.json"}
,
{"message":"Undefined array key \"HTTP_USER_AGENT\" in /wordpress/wp-content/plugins/wt-geotargeting/includes/WtGeolocation.php on line 363","level":"WARNING","type":"PHP","test":"ast-sqlite-boot","plugin":"web-page-speed-checker","details":"[15-May-2025 03:23:31 UTC] PHP Warning:  Undefined array key \"HTTP_USER_AGENT\" in /wordpress/wp-content/plugins/wt-geotargeting/includes/WtGeolocation.php on line 363","log":"/logs/plugins/w/web-page-speed-checker/error.json"}
,
{"message":"Undefined array key \"HTTP_USER_AGENT\" in /wordpress/wp-content/plugins/wt-geotargeting/includes/WtGeolocation.php on line 363","level":"WARNING","type":"PHP","test":"ast-sqlite-boot","plugin":"web-page-speed-checker","details":"[15-May-2025 03:23:40 UTC] PHP Warning:  Undefined array key \"HTTP_USER_AGENT\" in /wordpress/wp-content/plugins/wt-geotargeting/includes/WtGeolocation.php on line 363","log":"/logs/plugins/w/web-page-speed-checker/error.json"}
,
{"message":"Undefined array key \"HTTP_USER_AGENT\" in /wordpress/wp-content/plugins/wt-geotargeting/includes/WtGeolocation.php on line 363","level":"WARNING","type":"PHP","test":"ast-sqlite-boot","plugin":"web-page-speed-checker","details":"[15-May-2025 03:23:49 UTC] PHP Warning:  Undefined array key \"HTTP_USER_AGENT\" in /wordpress/wp-content/plugins/wt-geotargeting/includes/WtGeolocation.php on line 363","log":"/logs/plugins/w/web-page-speed-checker/error.json"}
,
{"message":"iconv_set_encoding(): Use of iconv.internal_encoding is deprecated in /wordpress/wp-content/plugins/wopzen2/vendor/ZF2/library/Zend/Validator/Hostname.php on line 490","level":"DEPRECATED","type":"PHP","test":"ast-sqlite-boot","plugin":"web-page-speed-checker","details":"[15-May-2025 03:26:09 UTC] PHP Deprecated:  iconv_set_encoding(): Use of iconv.internal_encoding is deprecated in /wordpress/wp-content/plugins/wopzen2/vendor/ZF2/library/Zend/Validator/Hostname.php on line 490","log":"/logs/plugins/w/web-page-speed-checker/error.json"}
,
{"message":"iconv_set_encoding(): Use of iconv.internal_encoding is deprecated in /wordpress/wp-content/plugins/wopzen2/vendor/ZF2/library/Zend/Validator/Hostname.php on line 586","level":"DEPRECATED","type":"PHP","test":"ast-sqlite-boot","plugin":"web-page-speed-checker","details":"[15-May-2025 03:26:09 UTC] PHP Deprecated:  iconv_set_encoding(): Use of iconv.internal_encoding is deprecated in /wordpress/wp-content/plugins/wopzen2/vendor/ZF2/library/Zend/Validator/Hostname.php on line 586","log":"/logs/plugins/w/web-page-speed-checker/error.json"}
,
{"message":"Uncaught Zend\\Uri\\Exception\\InvalidUriPartException: Host \"example.com:443\" is not valid or is not accepted by Zend\\Uri\\Http in /wordpress/wp-content/plugins/wopzen2/vendor/ZF2/library/Zend/Uri/Uri.php:729","level":"FATAL","type":"PHP","test":"ast-sqlite-boot","plugin":"web-page-speed-checker","details":"[15-May-2025 03:26:09 UTC] PHP Fatal error:  Uncaught Zend\\Uri\\Exception\\InvalidUriPartException: Host \"example.com:443\" is not valid or is not accepted by Zend\\Uri\\Http in /wordpress/wp-content/plugins/wopzen2/vendor/ZF2/library/Zend/Uri/Uri.php:729\nStack trace:\n#0 /wordpress/wp-content/plugins/wopzen2/vendor/ZF2/library/Zend/Http/PhpEnvironment/Request.php(285): Zend\\Uri\\Uri->setHost('example.com:443')\n#1 /wordpress/wp-content/plugins/wopzen2/vendor/ZF2/library/Zend/Http/PhpEnvironment/Request.php(85): Zend\\Http\\PhpEnvironment\\Request->setServer(Object(Zend\\Stdlib\\Parameters))\n#2 /wordpress/wp-content/plugins/wopzen2/vendor/ZF2/library/Zend/Mvc/Application.php(126): Zend\\Http\\PhpEnvironment\\Request->__construct()\n#3 /wordpress/wp-content/plugins/wopzen2/vendor/ZF2/library/Zend/Mvc/Service/ApplicationFactory.php(35): Zend\\Mvc\\Application->__construct(Array, Object(Zend\\ServiceManager\\ServiceManager))\n#4 [internal function]: Zend\\Mvc\\Service\\ApplicationFactory->createService(Object(Zend\\ServiceManager\\ServiceManager), 'application', 'Application')\n#5 /wordpress/wp-content/plugins/wopzen2/vendor/ZF2/library/Zend/ServiceManager/ServiceManager.php(726): call_user_func(Array, Object(Zend\\ServiceManager\\ServiceManager), 'application', 'Application')\n#6 /wordpress/wp-content/plugins/wopzen2/vendor/ZF2/library/Zend/ServiceManager/ServiceManager.php(841): Zend\\ServiceManager\\ServiceManager->createServiceViaCallback(Array, 'application', 'Application')\n#7 /wordpress/wp-content/plugins/wopzen2/vendor/ZF2/library/Zend/ServiceManager/ServiceManager.php(487): Zend\\ServiceManager\\ServiceManager->createFromFactory('application', 'Application')\n#8 /wordpress/wp-content/plugins/wopzen2/vendor/ZF2/library/Zend/ServiceManager/ServiceManager.php(442): Zend\\ServiceManager\\ServiceManager->create(Array)\n#9 /wordpress/wp-content/plugins/wopzen2/wpzf2.php(66): Zend\\ServiceManager\\ServiceManager->get('Application')\n#10 /wordpress/wp-admin/includes/plugin.php(2387): include_once('/wordpress/wp-c...')\n#11 /wordpress/wp-admin/includes/plugin.php(673): plugin_sandbox_scrape('wopzen2/wpzf2.p...')\n#12 /internal/eval.php(20): activate_plugin('wopzen2/wpzf2.p...')\n#13 {main}\n\nNext Zend\\ServiceManager\\Exception\\ServiceNotCreatedException: An exception was raised while creating \"Application\"; no instance returned in /wordpress/wp-content/plugins/wopzen2/vendor/ZF2/library/Zend/ServiceManager/ServiceManager.php:733\nStack trace:\n#0 /wordpress/wp-content/plugins/wopzen2/vendor/ZF2/library/Zend/ServiceManager/ServiceManager.php(841): Zend\\ServiceManager\\ServiceManager->createServiceViaCallback(Array, 'application', 'Application')\n#1 /wordpress/wp-content/plugins/wopzen2/vendor/ZF2/library/Zend/ServiceManager/ServiceManager.php(487): Zend\\ServiceManager\\ServiceManager->createFromFactory('application', 'Application')\n#2 /wordpress/wp-content/plugins/wopzen2/vendor/ZF2/library/Zend/ServiceManager/ServiceManager.php(442): Zend\\ServiceManager\\ServiceManager->create(Array)\n#3 /wordpress/wp-content/plugins/wopzen2/wpzf2.php(66): Zend\\ServiceManager\\ServiceManager->get('Application')\n#4 /wordpress/wp-admin/includes/plugin.php(2387): include_once('/wordpress/wp-c...')\n#5 /wordpress/wp-admin/includes/plugin.php(673): plugin_sandbox_scrape('wopzen2/wpzf2.p...')\n#6 /internal/eval.php(20): activate_plugin('wopzen2/wpzf2.p...')\n#7 {main}\n  thrown in /wordpress/wp-content/plugins/wopzen2/vendor/ZF2/library/Zend/ServiceManager/ServiceManager.php on line 733","log":"/logs/plugins/w/web-page-speed-checker/error.json"}
,
{"message":"iconv_set_encoding(): Use of iconv.internal_encoding is deprecated in /wordpress/wp-content/plugins/wopzen2/vendor/ZF2/library/Zend/Validator/Hostname.php on line 490","level":"DEPRECATED","type":"PHP","test":"ast-sqlite-boot","plugin":"web-page-speed-checker","details":"[15-May-2025 03:26:21 UTC] PHP Deprecated:  iconv_set_encoding(): Use of iconv.internal_encoding is deprecated in /wordpress/wp-content/plugins/wopzen2/vendor/ZF2/library/Zend/Validator/Hostname.php on line 490","log":"/logs/plugins/w/web-page-speed-checker/error.json"}
,
{"message":"iconv_set_encoding(): Use of iconv.internal_encoding is deprecated in /wordpress/wp-content/plugins/wopzen2/vendor/ZF2/library/Zend/Validator/Hostname.php on line 586","level":"DEPRECATED","type":"PHP","test":"ast-sqlite-boot","plugin":"web-page-speed-checker","details":"[15-May-2025 03:26:21 UTC] PHP Deprecated:  iconv_set_encoding(): Use of iconv.internal_encoding is deprecated in /wordpress/wp-content/plugins/wopzen2/vendor/ZF2/library/Zend/Validator/Hostname.php on line 586","log":"/logs/plugins/w/web-page-speed-checker/error.json"}
,
{"message":"Uncaught Zend\\Uri\\Exception\\InvalidUriPartException: Host \"example.com:443\" is not valid or is not accepted by Zend\\Uri\\Http in /wordpress/wp-content/plugins/wopzen2/vendor/ZF2/library/Zend/Uri/Uri.php:729","level":"FATAL","type":"PHP","test":"ast-sqlite-boot","plugin":"web-page-speed-checker","details":"[15-May-2025 03:26:22 UTC] PHP Fatal error:  Uncaught Zend\\Uri\\Exception\\InvalidUriPartException: Host \"example.com:443\" is not valid or is not accepted by Zend\\Uri\\Http in /wordpress/wp-content/plugins/wopzen2/vendor/ZF2/library/Zend/Uri/Uri.php:729\nStack trace:\n#0 /wordpress/wp-content/plugins/wopzen2/vendor/ZF2/library/Zend/Http/PhpEnvironment/Request.php(285): Zend\\Uri\\Uri->setHost('example.com:443')\n#1 /wordpress/wp-content/plugins/wopzen2/vendor/ZF2/library/Zend/Http/PhpEnvironment/Request.php(85): Zend\\Http\\PhpEnvironment\\Request->setServer(Object(Zend\\Stdlib\\Parameters))\n#2 /wordpress/wp-content/plugins/wopzen2/vendor/ZF2/library/Zend/Mvc/Application.php(126): Zend\\Http\\PhpEnvironment\\Request->__construct()\n#3 /wordpress/wp-content/plugins/wopzen2/vendor/ZF2/library/Zend/Mvc/Service/ApplicationFactory.php(35): Zend\\Mvc\\Application->__construct(Array, Object(Zend\\ServiceManager\\ServiceManager))\n#4 [internal function]: Zend\\Mvc\\Service\\ApplicationFactory->createService(Object(Zend\\ServiceManager\\ServiceManager), 'application', 'Application')\n#5 /wordpress/wp-content/plugins/wopzen2/vendor/ZF2/library/Zend/ServiceManager/ServiceManager.php(726): call_user_func(Array, Object(Zend\\ServiceManager\\ServiceManager), 'application', 'Application')\n#6 /wordpress/wp-content/plugins/wopzen2/vendor/ZF2/library/Zend/ServiceManager/ServiceManager.php(841): Zend\\ServiceManager\\ServiceManager->createServiceViaCallback(Array, 'application', 'Application')\n#7 /wordpress/wp-content/plugins/wopzen2/vendor/ZF2/library/Zend/ServiceManager/ServiceManager.php(487): Zend\\ServiceManager\\ServiceManager->createFromFactory('application', 'Application')\n#8 /wordpress/wp-content/plugins/wopzen2/vendor/ZF2/library/Zend/ServiceManager/ServiceManager.php(442): Zend\\ServiceManager\\ServiceManager->create(Array)\n#9 /wordpress/wp-content/plugins/wopzen2/wpzf2.php(66): Zend\\ServiceManager\\ServiceManager->get('Application')\n#10 /wordpress/wp-admin/includes/plugin.php(2387): include_once('/wordpress/wp-c...')\n#11 /wordpress/wp-admin/includes/plugin.php(673): plugin_sandbox_scrape('wopzen2/wpzf2.p...')\n#12 /internal/eval.php(20): activate_plugin('wopzen2/wpzf2.p...')\n#13 {main}\n\nNext Zend\\ServiceManager\\Exception\\ServiceNotCreatedException: An exception was raised while creating \"Application\"; no instance returned in /wordpress/wp-content/plugins/wopzen2/vendor/ZF2/library/Zend/ServiceManager/ServiceManager.php:733\nStack trace:\n#0 /wordpress/wp-content/plugins/wopzen2/vendor/ZF2/library/Zend/ServiceManager/ServiceManager.php(841): Zend\\ServiceManager\\ServiceManager->createServiceViaCallback(Array, 'application', 'Application')\n#1 /wordpress/wp-content/plugins/wopzen2/vendor/ZF2/library/Zend/ServiceManager/ServiceManager.php(487): Zend\\ServiceManager\\ServiceManager->createFromFactory('application', 'Application')\n#2 /wordpress/wp-content/plugins/wopzen2/vendor/ZF2/library/Zend/ServiceManager/ServiceManager.php(442): Zend\\ServiceManager\\ServiceManager->create(Array)\n#3 /wordpress/wp-content/plugins/wopzen2/wpzf2.php(66): Zend\\ServiceManager\\ServiceManager->get('Application')\n#4 /wordpress/wp-admin/includes/plugin.php(2387): include_once('/wordpress/wp-c...')\n#5 /wordpress/wp-admin/includes/plugin.php(673): plugin_sandbox_scrape('wopzen2/wpzf2.p...')\n#6 /internal/eval.php(20): activate_plugin('wopzen2/wpzf2.p...')\n#7 {main}\n  thrown in /wordpress/wp-content/plugins/wopzen2/vendor/ZF2/library/Zend/ServiceManager/ServiceManager.php on line 733","log":"/logs/plugins/w/web-page-speed-checker/error.json"}
,
{"message":"iconv_set_encoding(): Use of iconv.internal_encoding is deprecated in /wordpress/wp-content/plugins/wopzen2/vendor/ZF2/library/Zend/Validator/Hostname.php on line 490","level":"DEPRECATED","type":"PHP","test":"ast-sqlite-boot","plugin":"web-page-speed-checker","details":"[15-May-2025 03:26:34 UTC] PHP Deprecated:  iconv_set_encoding(): Use of iconv.internal_encoding is deprecated in /wordpress/wp-content/plugins/wopzen2/vendor/ZF2/library/Zend/Validator/Hostname.php on line 490","log":"/logs/plugins/w/web-page-speed-checker/error.json"}
,
{"message":"iconv_set_encoding(): Use of iconv.internal_encoding is deprecated in /wordpress/wp-content/plugins/wopzen2/vendor/ZF2/library/Zend/Validator/Hostname.php on line 586","level":"DEPRECATED","type":"PHP","test":"ast-sqlite-boot","plugin":"web-page-speed-checker","details":"[15-May-2025 03:26:34 UTC] PHP Deprecated:  iconv_set_encoding(): Use of iconv.internal_encoding is deprecated in /wordpress/wp-content/plugins/wopzen2/vendor/ZF2/library/Zend/Validator/Hostname.php on line 586","log":"/logs/plugins/w/web-page-speed-checker/error.json"}
,
{"message":"Uncaught Zend\\Uri\\Exception\\InvalidUriPartException: Host \"example.com:443\" is not valid or is not accepted by Zend\\Uri\\Http in /wordpress/wp-content/plugins/wopzen2/vendor/ZF2/library/Zend/Uri/Uri.php:729","level":"FATAL","type":"PHP","test":"ast-sqlite-boot","plugin":"web-page-speed-checker","details":"[15-May-2025 03:26:34 UTC] PHP Fatal error:  Uncaught Zend\\Uri\\Exception\\InvalidUriPartException: Host \"example.com:443\" is not valid or is not accepted by Zend\\Uri\\Http in /wordpress/wp-content/plugins/wopzen2/vendor/ZF2/library/Zend/Uri/Uri.php:729\nStack trace:\n#0 /wordpress/wp-content/plugins/wopzen2/vendor/ZF2/library/Zend/Http/PhpEnvironment/Request.php(285): Zend\\Uri\\Uri->setHost('example.com:443')\n#1 /wordpress/wp-content/plugins/wopzen2/vendor/ZF2/library/Zend/Http/PhpEnvironment/Request.php(85): Zend\\Http\\PhpEnvironment\\Request->setServer(Object(Zend\\Stdlib\\Parameters))\n#2 /wordpress/wp-content/plugins/wopzen2/vendor/ZF2/library/Zend/Mvc/Application.php(126): Zend\\Http\\PhpEnvironment\\Request->__construct()\n#3 /wordpress/wp-content/plugins/wopzen2/vendor/ZF2/library/Zend/Mvc/Service/ApplicationFactory.php(35): Zend\\Mvc\\Application->__construct(Array, Object(Zend\\ServiceManager\\ServiceManager))\n#4 [internal function]: Zend\\Mvc\\Service\\ApplicationFactory->createService(Object(Zend\\ServiceManager\\ServiceManager), 'application', 'Application')\n#5 /wordpress/wp-content/plugins/wopzen2/vendor/ZF2/library/Zend/ServiceManager/ServiceManager.php(726): call_user_func(Array, Object(Zend\\ServiceManager\\ServiceManager), 'application', 'Application')\n#6 /wordpress/wp-content/plugins/wopzen2/vendor/ZF2/library/Zend/ServiceManager/ServiceManager.php(841): Zend\\ServiceManager\\ServiceManager->createServiceViaCallback(Array, 'application', 'Application')\n#7 /wordpress/wp-content/plugins/wopzen2/vendor/ZF2/library/Zend/ServiceManager/ServiceManager.php(487): Zend\\ServiceManager\\ServiceManager->createFromFactory('application', 'Application')\n#8 /wordpress/wp-content/plugins/wopzen2/vendor/ZF2/library/Zend/ServiceManager/ServiceManager.php(442): Zend\\ServiceManager\\ServiceManager->create(Array)\n#9 /wordpress/wp-content/plugins/wopzen2/wpzf2.php(66): Zend\\ServiceManager\\ServiceManager->get('Application')\n#10 /wordpress/wp-admin/includes/plugin.php(2387): include_once('/wordpress/wp-c...')\n#11 /wordpress/wp-admin/includes/plugin.php(673): plugin_sandbox_scrape('wopzen2/wpzf2.p...')\n#12 /internal/eval.php(20): activate_plugin('wopzen2/wpzf2.p...')\n#13 {main}\n\nNext Zend\\ServiceManager\\Exception\\ServiceNotCreatedException: An exception was raised while creating \"Application\"; no instance returned in /wordpress/wp-content/plugins/wopzen2/vendor/ZF2/library/Zend/ServiceManager/ServiceManager.php:733\nStack trace:\n#0 /wordpress/wp-content/plugins/wopzen2/vendor/ZF2/library/Zend/ServiceManager/ServiceManager.php(841): Zend\\ServiceManager\\ServiceManager->createServiceViaCallback(Array, 'application', 'Application')\n#1 /wordpress/wp-content/plugins/wopzen2/vendor/ZF2/library/Zend/ServiceManager/ServiceManager.php(487): Zend\\ServiceManager\\ServiceManager->createFromFactory('application', 'Application')\n#2 /wordpress/wp-content/plugins/wopzen2/vendor/ZF2/library/Zend/ServiceManager/ServiceManager.php(442): Zend\\ServiceManager\\ServiceManager->create(Array)\n#3 /wordpress/wp-content/plugins/wopzen2/wpzf2.php(66): Zend\\ServiceManager\\ServiceManager->get('Application')\n#4 /wordpress/wp-admin/includes/plugin.php(2387): include_once('/wordpress/wp-c...')\n#5 /wordpress/wp-admin/includes/plugin.php(673): plugin_sandbox_scrape('wopzen2/wpzf2.p...')\n#6 /internal/eval.php(20): activate_plugin('wopzen2/wpzf2.p...')\n#7 {main}\n  thrown in /wordpress/wp-content/plugins/wopzen2/vendor/ZF2/library/Zend/ServiceManager/ServiceManager.php on line 733","log":"/logs/plugins/w/web-page-speed-checker/error.json"}
,
{"message":"Array and string offset access syntax with curly braces is no longer supported in /wordpress/wp-content/plugins/wd-gallery/vendor/james-heinrich/phpthumb/phpthumb.class.php on line 540","level":"FATAL","type":"PHP","test":"ast-sqlite-boot","plugin":"web-page-speed-checker","details":"[15-May-2025 03:27:04 UTC] PHP Fatal error:  Array and string offset access syntax with curly braces is no longer supported in /wordpress/wp-content/plugins/wd-gallery/vendor/james-heinrich/phpthumb/phpthumb.class.php on line 540","log":"/logs/plugins/w/web-page-speed-checker/error.json"}
,
{"message":"Array and string offset access syntax with curly braces is no longer supported in /wordpress/wp-content/plugins/wd-gallery/vendor/james-heinrich/phpthumb/phpthumb.class.php on line 540","level":"FATAL","type":"PHP","test":"ast-sqlite-boot","plugin":"web-page-speed-checker","details":"[15-May-2025 03:27:12 UTC] PHP Fatal error:  Array and string offset access syntax with curly braces is no longer supported in /wordpress/wp-content/plugins/wd-gallery/vendor/james-heinrich/phpthumb/phpthumb.class.php on line 540","log":"/logs/plugins/w/web-page-speed-checker/error.json"}
,
{"message":"Array and string offset access syntax with curly braces is no longer supported in /wordpress/wp-content/plugins/wd-gallery/vendor/james-heinrich/phpthumb/phpthumb.class.php on line 540","level":"FATAL","type":"PHP","test":"ast-sqlite-boot","plugin":"web-page-speed-checker","details":"[15-May-2025 03:27:21 UTC] PHP Fatal error:  Array and string offset access syntax with curly braces is no longer supported in /wordpress/wp-content/plugins/wd-gallery/vendor/james-heinrich/phpthumb/phpthumb.class.php on line 540","log":"/logs/plugins/w/web-page-speed-checker/error.json"}
,
{"message":"Array and string offset access syntax with curly braces is no longer supported in /wordpress/wp-content/plugins/web-page-speed-checker/classes/google-api-php-client/src/io/apiREST.php on line 149","level":"FATAL","type":"PHP","test":"ast-sqlite-boot","plugin":"web-page-speed-checker","details":"[15-May-2025 03:27:30 UTC] PHP Fatal error:  Array and string offset access syntax with curly braces is no longer supported in /wordpress/wp-content/plugins/web-page-speed-checker/classes/google-api-php-client/src/io/apiREST.php on line 149\n\n    at Object.onBind (file:///home/runner/work/playground-tester/playground-tester/node_modules/@wp-playground/cli/index.js:237:15)\n    at process.processTicksAndRejections (node:internal/process/task_queues:105:5)\n    at async V (file:///home/runner/work/playground-tester/playground-tester/node_modules/@wp-playground/cli/index.js:64:10)\n    at async ja (file:///home/runner/work/playground-tester/playground-tester/node_modules/@wp-playground/cli/cli.js:8161:12) {\n  [cause]: Error: Error when executing the blueprint step #5 ({\"step\":\"installPlugin\",\"pluginData\":{\"resource\":\"wordpress.org/plugins\",\"slug\":\"web-page-speed-checker\"},\"options\":{\"activate\":true}}) : PHP.run() failed with exit code 255 and the following output: \n      at Object.run (file:///home/runner/work/playground-tester/playground-tester/node_modules/@wp-playground/blueprints/index.js:12449:19)\n      at process.processTicksAndRejections (node:internal/process/task_queues:105:5)\n      at async ms (file:///home/runner/work/playground-tester/playground-tester/node_modules/@wp-playground/blueprints/index.js:12552:3)\n      ... 2 lines matching cause stack trace ...\n      at async ja (file:///home/runner/work/playground-tester/playground-tester/node_modules/@wp-playground/cli/cli.js:8161:12) {\n    [cause]: PHPExecutionFailureError: PHP.run() failed with exit code 255 and the following output: \n        at PHP.run (file:///home/runner/work/playground-tester/playground-tester/node_modules/@php-wasm/universal/index.js:987:19)\n        at process.processTicksAndRejections (node:internal/process/task_queues:105:5)\n        at async wr (file:///home/runner/work/playground-tester/playground-tester/node_modules/@wp-playground/blueprints/index.js:33:39)\n        at async Object.gt [as installPlugin] (file:///home/runner/work/playground-tester/playground-tester/node_modules/@wp-playground/blueprints/index.js:974:42)\n        at async g (file:///home/runner/work/playground-tester/playground-tester/node_modules/@wp-playground/blueprints/index.js:12517:30)\n        at async Object.run (file:///home/runner/work/playground-tester/playground-tester/node_modules/@wp-playground/blueprints/index.js:12446:23)\n        at async ms (file:///home/runner/work/playground-tester/playground-tester/node_modules/@wp-playground/blueprints/index.js:12552:3)\n        at async Object.onBind (file:///home/runner/work/playground-tester/playground-tester/node_modules/@wp-playground/cli/index.js:227:48)\n        at async V (file:///home/runner/work/playground-tester/playground-tester/node_modules/@wp-playground/cli/index.js:64:10)\n        at async ja (file:///home/runner/work/playground-tester/playground-tester/node_modules/@wp-playground/cli/cli.js:8161:12) {\n      response: PHPResponse {\n        httpStatusCode: 500,\n        headers: {\n          'x-powered-by': [ 'PHP/8.0.30-dev' ],\n          'content-type': [ 'text/html; charset=UTF-8' ]\n        },\n        bytes: Uint8Array(0) [],\n        exitCode: 255,\n        errors: ''\n      },\n      source: 'request'\n    }\n  }\n}\n\n","log":"/logs/plugins/w/web-page-speed-checker/error.json"}
]
