[
  {
    "message": "file:///home/runner/work/playground-tester/playground-tester/node_modules/@wp-playground/cli/run-cli-j-geJYS3.js:325\n        throw new Error($, { cause: h });\n              ^\n",
    "level": "FATAL",
    "type": "PLAYGROUND",
    "test": "ast-sqlite-boot",
    "plugin": "spartan-templating",
    "details": "file:///home/runner/work/playground-tester/playground-tester/node_modules/@wp-playground/cli/run-cli-j-geJYS3.js:325\n        throw new Error($, { cause: h });\n              ^\n",
    "log": "/tmp/tmp.8874Crsnxy"
  },
  {
    "message": "call_user_func_array() expects parameter 1 to be a valid callback, class 'Soapberry\\Soapberry' does not have a method 'activate' in /wordpress/wp-includes/class-wp-hook.php on line 324",
    "level": "WARNING",
    "type": "PHP",
    "test": "ast-sqlite-boot",
    "plugin": "spartan-templating",
    "details": "[29-Jun-2025 07:26:22 UTC] PHP Warning:  call_user_func_array() expects parameter 1 to be a valid callback, class 'Soapberry\\Soapberry' does not have a method 'activate' in /wordpress/wp-includes/class-wp-hook.php on line 324",
    "log": "/logs/plugins/s/spartan-templating/error.json"
  },
  {
    "message": "call_user_func_array() expects parameter 1 to be a valid callback, class 'Soapberry\\Soapberry' does not have a method 'activate' in /wordpress/wp-includes/class-wp-hook.php on line 324",
    "level": "WARNING",
    "type": "PHP",
    "test": "ast-sqlite-boot",
    "plugin": "spartan-templating",
    "details": "[29-Jun-2025 07:26:33 UTC] PHP Warning:  call_user_func_array() expects parameter 1 to be a valid callback, class 'Soapberry\\Soapberry' does not have a method 'activate' in /wordpress/wp-includes/class-wp-hook.php on line 324",
    "log": "/logs/plugins/s/spartan-templating/error.json"
  },
  {
    "message": "call_user_func_array() expects parameter 1 to be a valid callback, class 'Soapberry\\Soapberry' does not have a method 'activate' in /wordpress/wp-includes/class-wp-hook.php on line 324",
    "level": "WARNING",
    "type": "PHP",
    "test": "ast-sqlite-boot",
    "plugin": "spartan-templating",
    "details": "[29-Jun-2025 07:26:42 UTC] PHP Warning:  call_user_func_array() expects parameter 1 to be a valid callback, class 'Soapberry\\Soapberry' does not have a method 'activate' in /wordpress/wp-includes/class-wp-hook.php on line 324",
    "log": "/logs/plugins/s/spartan-templating/error.json"
  },
  {
    "message": "Undefined variable $wp_version in /wordpress/wp-content/plugins/sample-sales-op-je-site-nl/ssopjesite_stockverkopennl.php on line 91",
    "level": "WARNING",
    "type": "PHP",
    "test": "ast-sqlite-boot",
    "plugin": "spartan-templating",
    "details": "[29-Jun-2025 07:27:45 UTC] PHP Warning:  Undefined variable $wp_version in /wordpress/wp-content/plugins/sample-sales-op-je-site-nl/ssopjesite_stockverkopennl.php on line 91",
    "log": "/logs/plugins/s/spartan-templating/error.json"
  },
  {
    "message": "Uncaught TypeError: Unsupported operand types: string * int in /wordpress/wp-content/plugins/sample-sales-op-je-site-nl/ssopjesite_stockverkopennl.php:91",
    "level": "FATAL",
    "type": "PHP",
    "test": "ast-sqlite-boot",
    "plugin": "spartan-templating",
    "details": "[29-Jun-2025 07:27:45 UTC] PHP Fatal error:  Uncaught TypeError: Unsupported operand types: string * int in /wordpress/wp-content/plugins/sample-sales-op-je-site-nl/ssopjesite_stockverkopennl.php:91\nStack trace:\n#0 /wordpress/wp-admin/includes/plugin.php(2387): include_once()\n#1 /wordpress/wp-admin/includes/plugin.php(673): plugin_sandbox_scrape('sample-sales-op...')\n#2 /internal/eval.php(20): activate_plugin('sample-sales-op...')\n#3 {main}\n  thrown in /wordpress/wp-content/plugins/sample-sales-op-je-site-nl/ssopjesite_stockverkopennl.php on line 91",
    "log": "/logs/plugins/s/spartan-templating/error.json"
  },
  {
    "message": "Undefined variable $wp_version in /wordpress/wp-content/plugins/sample-sales-op-je-site-nl/ssopjesite_stockverkopennl.php on line 91",
    "level": "WARNING",
    "type": "PHP",
    "test": "ast-sqlite-boot",
    "plugin": "spartan-templating",
    "details": "[29-Jun-2025 07:27:53 UTC] PHP Warning:  Undefined variable $wp_version in /wordpress/wp-content/plugins/sample-sales-op-je-site-nl/ssopjesite_stockverkopennl.php on line 91",
    "log": "/logs/plugins/s/spartan-templating/error.json"
  },
  {
    "message": "Uncaught TypeError: Unsupported operand types: string * int in /wordpress/wp-content/plugins/sample-sales-op-je-site-nl/ssopjesite_stockverkopennl.php:91",
    "level": "FATAL",
    "type": "PHP",
    "test": "ast-sqlite-boot",
    "plugin": "spartan-templating",
    "details": "[29-Jun-2025 07:27:53 UTC] PHP Fatal error:  Uncaught TypeError: Unsupported operand types: string * int in /wordpress/wp-content/plugins/sample-sales-op-je-site-nl/ssopjesite_stockverkopennl.php:91\nStack trace:\n#0 /wordpress/wp-admin/includes/plugin.php(2387): include_once()\n#1 /wordpress/wp-admin/includes/plugin.php(673): plugin_sandbox_scrape('sample-sales-op...')\n#2 /internal/eval.php(20): activate_plugin('sample-sales-op...')\n#3 {main}\n  thrown in /wordpress/wp-content/plugins/sample-sales-op-je-site-nl/ssopjesite_stockverkopennl.php on line 91",
    "log": "/logs/plugins/s/spartan-templating/error.json"
  },
  {
    "message": "Undefined variable $wp_version in /wordpress/wp-content/plugins/sample-sales-op-je-site-nl/ssopjesite_stockverkopennl.php on line 91",
    "level": "WARNING",
    "type": "PHP",
    "test": "ast-sqlite-boot",
    "plugin": "spartan-templating",
    "details": "[29-Jun-2025 07:28:01 UTC] PHP Warning:  Undefined variable $wp_version in /wordpress/wp-content/plugins/sample-sales-op-je-site-nl/ssopjesite_stockverkopennl.php on line 91",
    "log": "/logs/plugins/s/spartan-templating/error.json"
  },
  {
    "message": "Uncaught TypeError: Unsupported operand types: string * int in /wordpress/wp-content/plugins/sample-sales-op-je-site-nl/ssopjesite_stockverkopennl.php:91",
    "level": "FATAL",
    "type": "PHP",
    "test": "ast-sqlite-boot",
    "plugin": "spartan-templating",
    "details": "[29-Jun-2025 07:28:01 UTC] PHP Fatal error:  Uncaught TypeError: Unsupported operand types: string * int in /wordpress/wp-content/plugins/sample-sales-op-je-site-nl/ssopjesite_stockverkopennl.php:91\nStack trace:\n#0 /wordpress/wp-admin/includes/plugin.php(2387): include_once()\n#1 /wordpress/wp-admin/includes/plugin.php(673): plugin_sandbox_scrape('sample-sales-op...')\n#2 /internal/eval.php(20): activate_plugin('sample-sales-op...')\n#3 {main}\n  thrown in /wordpress/wp-content/plugins/sample-sales-op-je-site-nl/ssopjesite_stockverkopennl.php on line 91",
    "log": "/logs/plugins/s/spartan-templating/error.json"
  },
  {
    "message": "Function wp_enqueue_script was called <strong>incorrectly</strong>. Scripts and styles should not be registered or enqueued until the <code>wp_enqueue_scripts</code>, <code>admin_enqueue_scripts</code>, or <code>login_enqueue_scripts</code> hooks. This notice was triggered by the <code>jquery</code> handle. Please see <a href=\"https://developer.wordpress.org/advanced-administration/debug/debug-wordpress/\">Debugging in WordPress</a> for more information. (This message was added in version 3.3.0.) in /wordpress/wp-includes/functions.php on line 6121",
    "level": "NOTICE",
    "type": "PHP",
    "test": "ast-sqlite-boot",
    "plugin": "spartan-templating",
    "details": "[29-Jun-2025 07:28:40 UTC] PHP Notice:  Function wp_enqueue_script was called <strong>incorrectly</strong>. Scripts and styles should not be registered or enqueued until the <code>wp_enqueue_scripts</code>, <code>admin_enqueue_scripts</code>, or <code>login_enqueue_scripts</code> hooks. This notice was triggered by the <code>jquery</code> handle. Please see <a href=\"https://developer.wordpress.org/advanced-administration/debug/debug-wordpress/\">Debugging in WordPress</a> for more information. (This message was added in version 3.3.0.) in /wordpress/wp-includes/functions.php on line 6121",
    "log": "/logs/plugins/s/spartan-templating/error.json"
  },
  {
    "message": "Function wp_deregister_script was called <strong>incorrectly</strong>. Scripts and styles should not be registered or enqueued until the <code>wp_enqueue_scripts</code>, <code>admin_enqueue_scripts</code>, or <code>login_enqueue_scripts</code> hooks. This notice was triggered by the <code>facebooksdk</code> handle. Please see <a href=\"https://developer.wordpress.org/advanced-administration/debug/debug-wordpress/\">Debugging in WordPress</a> for more information. (This message was added in version 3.3.0.) in /wordpress/wp-includes/functions.php on line 6121",
    "level": "NOTICE",
    "type": "PHP",
    "test": "ast-sqlite-boot",
    "plugin": "spartan-templating",
    "details": "[29-Jun-2025 07:28:40 UTC] PHP Notice:  Function wp_deregister_script was called <strong>incorrectly</strong>. Scripts and styles should not be registered or enqueued until the <code>wp_enqueue_scripts</code>, <code>admin_enqueue_scripts</code>, or <code>login_enqueue_scripts</code> hooks. This notice was triggered by the <code>facebooksdk</code> handle. Please see <a href=\"https://developer.wordpress.org/advanced-administration/debug/debug-wordpress/\">Debugging in WordPress</a> for more information. (This message was added in version 3.3.0.) in /wordpress/wp-includes/functions.php on line 6121",
    "log": "/logs/plugins/s/spartan-templating/error.json"
  },
  {
    "message": "Function wp_register_script was called <strong>incorrectly</strong>. Scripts and styles should not be registered or enqueued until the <code>wp_enqueue_scripts</code>, <code>admin_enqueue_scripts</code>, or <code>login_enqueue_scripts</code> hooks. This notice was triggered by the <code>facebooksdk</code> handle. Please see <a href=\"https://developer.wordpress.org/advanced-administration/debug/debug-wordpress/\">Debugging in WordPress</a> for more information. (This message was added in version 3.3.0.) in /wordpress/wp-includes/functions.php on line 6121",
    "level": "NOTICE",
    "type": "PHP",
    "test": "ast-sqlite-boot",
    "plugin": "spartan-templating",
    "details": "[29-Jun-2025 07:28:40 UTC] PHP Notice:  Function wp_register_script was called <strong>incorrectly</strong>. Scripts and styles should not be registered or enqueued until the <code>wp_enqueue_scripts</code>, <code>admin_enqueue_scripts</code>, or <code>login_enqueue_scripts</code> hooks. This notice was triggered by the <code>facebooksdk</code> handle. Please see <a href=\"https://developer.wordpress.org/advanced-administration/debug/debug-wordpress/\">Debugging in WordPress</a> for more information. (This message was added in version 3.3.0.) in /wordpress/wp-includes/functions.php on line 6121",
    "log": "/logs/plugins/s/spartan-templating/error.json"
  },
  {
    "message": "Function wp_enqueue_script was called <strong>incorrectly</strong>. Scripts and styles should not be registered or enqueued until the <code>wp_enqueue_scripts</code>, <code>admin_enqueue_scripts</code>, or <code>login_enqueue_scripts</code> hooks. This notice was triggered by the <code>facebooksdk</code> handle. Please see <a href=\"https://developer.wordpress.org/advanced-administration/debug/debug-wordpress/\">Debugging in WordPress</a> for more information. (This message was added in version 3.3.0.) in /wordpress/wp-includes/functions.php on line 6121",
    "level": "NOTICE",
    "type": "PHP",
    "test": "ast-sqlite-boot",
    "plugin": "spartan-templating",
    "details": "[29-Jun-2025 07:28:40 UTC] PHP Notice:  Function wp_enqueue_script was called <strong>incorrectly</strong>. Scripts and styles should not be registered or enqueued until the <code>wp_enqueue_scripts</code>, <code>admin_enqueue_scripts</code>, or <code>login_enqueue_scripts</code> hooks. This notice was triggered by the <code>facebooksdk</code> handle. Please see <a href=\"https://developer.wordpress.org/advanced-administration/debug/debug-wordpress/\">Debugging in WordPress</a> for more information. (This message was added in version 3.3.0.) in /wordpress/wp-includes/functions.php on line 6121",
    "log": "/logs/plugins/s/spartan-templating/error.json"
  },
  {
    "message": "Function wp_deregister_script was called <strong>incorrectly</strong>. Scripts and styles should not be registered or enqueued until the <code>wp_enqueue_scripts</code>, <code>admin_enqueue_scripts</code>, or <code>login_enqueue_scripts</code> hooks. This notice was triggered by the <code>twittersdk</code> handle. Please see <a href=\"https://developer.wordpress.org/advanced-administration/debug/debug-wordpress/\">Debugging in WordPress</a> for more information. (This message was added in version 3.3.0.) in /wordpress/wp-includes/functions.php on line 6121",
    "level": "NOTICE",
    "type": "PHP",
    "test": "ast-sqlite-boot",
    "plugin": "spartan-templating",
    "details": "[29-Jun-2025 07:28:40 UTC] PHP Notice:  Function wp_deregister_script was called <strong>incorrectly</strong>. Scripts and styles should not be registered or enqueued until the <code>wp_enqueue_scripts</code>, <code>admin_enqueue_scripts</code>, or <code>login_enqueue_scripts</code> hooks. This notice was triggered by the <code>twittersdk</code> handle. Please see <a href=\"https://developer.wordpress.org/advanced-administration/debug/debug-wordpress/\">Debugging in WordPress</a> for more information. (This message was added in version 3.3.0.) in /wordpress/wp-includes/functions.php on line 6121",
    "log": "/logs/plugins/s/spartan-templating/error.json"
  },
  {
    "message": "Function wp_register_script was called <strong>incorrectly</strong>. Scripts and styles should not be registered or enqueued until the <code>wp_enqueue_scripts</code>, <code>admin_enqueue_scripts</code>, or <code>login_enqueue_scripts</code> hooks. This notice was triggered by the <code>twittersdk</code> handle. Please see <a href=\"https://developer.wordpress.org/advanced-administration/debug/debug-wordpress/\">Debugging in WordPress</a> for more information. (This message was added in version 3.3.0.) in /wordpress/wp-includes/functions.php on line 6121",
    "level": "NOTICE",
    "type": "PHP",
    "test": "ast-sqlite-boot",
    "plugin": "spartan-templating",
    "details": "[29-Jun-2025 07:28:40 UTC] PHP Notice:  Function wp_register_script was called <strong>incorrectly</strong>. Scripts and styles should not be registered or enqueued until the <code>wp_enqueue_scripts</code>, <code>admin_enqueue_scripts</code>, or <code>login_enqueue_scripts</code> hooks. This notice was triggered by the <code>twittersdk</code> handle. Please see <a href=\"https://developer.wordpress.org/advanced-administration/debug/debug-wordpress/\">Debugging in WordPress</a> for more information. (This message was added in version 3.3.0.) in /wordpress/wp-includes/functions.php on line 6121",
    "log": "/logs/plugins/s/spartan-templating/error.json"
  },
  {
    "message": "Function wp_enqueue_script was called <strong>incorrectly</strong>. Scripts and styles should not be registered or enqueued until the <code>wp_enqueue_scripts</code>, <code>admin_enqueue_scripts</code>, or <code>login_enqueue_scripts</code> hooks. This notice was triggered by the <code>twittersdk</code> handle. Please see <a href=\"https://developer.wordpress.org/advanced-administration/debug/debug-wordpress/\">Debugging in WordPress</a> for more information. (This message was added in version 3.3.0.) in /wordpress/wp-includes/functions.php on line 6121",
    "level": "NOTICE",
    "type": "PHP",
    "test": "ast-sqlite-boot",
    "plugin": "spartan-templating",
    "details": "[29-Jun-2025 07:28:40 UTC] PHP Notice:  Function wp_enqueue_script was called <strong>incorrectly</strong>. Scripts and styles should not be registered or enqueued until the <code>wp_enqueue_scripts</code>, <code>admin_enqueue_scripts</code>, or <code>login_enqueue_scripts</code> hooks. This notice was triggered by the <code>twittersdk</code> handle. Please see <a href=\"https://developer.wordpress.org/advanced-administration/debug/debug-wordpress/\">Debugging in WordPress</a> for more information. (This message was added in version 3.3.0.) in /wordpress/wp-includes/functions.php on line 6121",
    "log": "/logs/plugins/s/spartan-templating/error.json"
  },
  {
    "message": "Function wp_enqueue_script was called <strong>incorrectly</strong>. Scripts and styles should not be registered or enqueued until the <code>wp_enqueue_scripts</code>, <code>admin_enqueue_scripts</code>, or <code>login_enqueue_scripts</code> hooks. This notice was triggered by the <code>jquery</code> handle. Please see <a href=\"https://developer.wordpress.org/advanced-administration/debug/debug-wordpress/\">Debugging in WordPress</a> for more information. (This message was added in version 3.3.0.) in /wordpress/wp-includes/functions.php on line 6121",
    "level": "NOTICE",
    "type": "PHP",
    "test": "ast-sqlite-boot",
    "plugin": "spartan-templating",
    "details": "[29-Jun-2025 07:28:50 UTC] PHP Notice:  Function wp_enqueue_script was called <strong>incorrectly</strong>. Scripts and styles should not be registered or enqueued until the <code>wp_enqueue_scripts</code>, <code>admin_enqueue_scripts</code>, or <code>login_enqueue_scripts</code> hooks. This notice was triggered by the <code>jquery</code> handle. Please see <a href=\"https://developer.wordpress.org/advanced-administration/debug/debug-wordpress/\">Debugging in WordPress</a> for more information. (This message was added in version 3.3.0.) in /wordpress/wp-includes/functions.php on line 6121",
    "log": "/logs/plugins/s/spartan-templating/error.json"
  },
  {
    "message": "Function wp_deregister_script was called <strong>incorrectly</strong>. Scripts and styles should not be registered or enqueued until the <code>wp_enqueue_scripts</code>, <code>admin_enqueue_scripts</code>, or <code>login_enqueue_scripts</code> hooks. This notice was triggered by the <code>facebooksdk</code> handle. Please see <a href=\"https://developer.wordpress.org/advanced-administration/debug/debug-wordpress/\">Debugging in WordPress</a> for more information. (This message was added in version 3.3.0.) in /wordpress/wp-includes/functions.php on line 6121",
    "level": "NOTICE",
    "type": "PHP",
    "test": "ast-sqlite-boot",
    "plugin": "spartan-templating",
    "details": "[29-Jun-2025 07:28:50 UTC] PHP Notice:  Function wp_deregister_script was called <strong>incorrectly</strong>. Scripts and styles should not be registered or enqueued until the <code>wp_enqueue_scripts</code>, <code>admin_enqueue_scripts</code>, or <code>login_enqueue_scripts</code> hooks. This notice was triggered by the <code>facebooksdk</code> handle. Please see <a href=\"https://developer.wordpress.org/advanced-administration/debug/debug-wordpress/\">Debugging in WordPress</a> for more information. (This message was added in version 3.3.0.) in /wordpress/wp-includes/functions.php on line 6121",
    "log": "/logs/plugins/s/spartan-templating/error.json"
  },
  {
    "message": "Function wp_register_script was called <strong>incorrectly</strong>. Scripts and styles should not be registered or enqueued until the <code>wp_enqueue_scripts</code>, <code>admin_enqueue_scripts</code>, or <code>login_enqueue_scripts</code> hooks. This notice was triggered by the <code>facebooksdk</code> handle. Please see <a href=\"https://developer.wordpress.org/advanced-administration/debug/debug-wordpress/\">Debugging in WordPress</a> for more information. (This message was added in version 3.3.0.) in /wordpress/wp-includes/functions.php on line 6121",
    "level": "NOTICE",
    "type": "PHP",
    "test": "ast-sqlite-boot",
    "plugin": "spartan-templating",
    "details": "[29-Jun-2025 07:28:50 UTC] PHP Notice:  Function wp_register_script was called <strong>incorrectly</strong>. Scripts and styles should not be registered or enqueued until the <code>wp_enqueue_scripts</code>, <code>admin_enqueue_scripts</code>, or <code>login_enqueue_scripts</code> hooks. This notice was triggered by the <code>facebooksdk</code> handle. Please see <a href=\"https://developer.wordpress.org/advanced-administration/debug/debug-wordpress/\">Debugging in WordPress</a> for more information. (This message was added in version 3.3.0.) in /wordpress/wp-includes/functions.php on line 6121",
    "log": "/logs/plugins/s/spartan-templating/error.json"
  },
  {
    "message": "Function wp_enqueue_script was called <strong>incorrectly</strong>. Scripts and styles should not be registered or enqueued until the <code>wp_enqueue_scripts</code>, <code>admin_enqueue_scripts</code>, or <code>login_enqueue_scripts</code> hooks. This notice was triggered by the <code>facebooksdk</code> handle. Please see <a href=\"https://developer.wordpress.org/advanced-administration/debug/debug-wordpress/\">Debugging in WordPress</a> for more information. (This message was added in version 3.3.0.) in /wordpress/wp-includes/functions.php on line 6121",
    "level": "NOTICE",
    "type": "PHP",
    "test": "ast-sqlite-boot",
    "plugin": "spartan-templating",
    "details": "[29-Jun-2025 07:28:50 UTC] PHP Notice:  Function wp_enqueue_script was called <strong>incorrectly</strong>. Scripts and styles should not be registered or enqueued until the <code>wp_enqueue_scripts</code>, <code>admin_enqueue_scripts</code>, or <code>login_enqueue_scripts</code> hooks. This notice was triggered by the <code>facebooksdk</code> handle. Please see <a href=\"https://developer.wordpress.org/advanced-administration/debug/debug-wordpress/\">Debugging in WordPress</a> for more information. (This message was added in version 3.3.0.) in /wordpress/wp-includes/functions.php on line 6121",
    "log": "/logs/plugins/s/spartan-templating/error.json"
  },
  {
    "message": "Function wp_deregister_script was called <strong>incorrectly</strong>. Scripts and styles should not be registered or enqueued until the <code>wp_enqueue_scripts</code>, <code>admin_enqueue_scripts</code>, or <code>login_enqueue_scripts</code> hooks. This notice was triggered by the <code>twittersdk</code> handle. Please see <a href=\"https://developer.wordpress.org/advanced-administration/debug/debug-wordpress/\">Debugging in WordPress</a> for more information. (This message was added in version 3.3.0.) in /wordpress/wp-includes/functions.php on line 6121",
    "level": "NOTICE",
    "type": "PHP",
    "test": "ast-sqlite-boot",
    "plugin": "spartan-templating",
    "details": "[29-Jun-2025 07:28:50 UTC] PHP Notice:  Function wp_deregister_script was called <strong>incorrectly</strong>. Scripts and styles should not be registered or enqueued until the <code>wp_enqueue_scripts</code>, <code>admin_enqueue_scripts</code>, or <code>login_enqueue_scripts</code> hooks. This notice was triggered by the <code>twittersdk</code> handle. Please see <a href=\"https://developer.wordpress.org/advanced-administration/debug/debug-wordpress/\">Debugging in WordPress</a> for more information. (This message was added in version 3.3.0.) in /wordpress/wp-includes/functions.php on line 6121",
    "log": "/logs/plugins/s/spartan-templating/error.json"
  },
  {
    "message": "Function wp_register_script was called <strong>incorrectly</strong>. Scripts and styles should not be registered or enqueued until the <code>wp_enqueue_scripts</code>, <code>admin_enqueue_scripts</code>, or <code>login_enqueue_scripts</code> hooks. This notice was triggered by the <code>twittersdk</code> handle. Please see <a href=\"https://developer.wordpress.org/advanced-administration/debug/debug-wordpress/\">Debugging in WordPress</a> for more information. (This message was added in version 3.3.0.) in /wordpress/wp-includes/functions.php on line 6121",
    "level": "NOTICE",
    "type": "PHP",
    "test": "ast-sqlite-boot",
    "plugin": "spartan-templating",
    "details": "[29-Jun-2025 07:28:50 UTC] PHP Notice:  Function wp_register_script was called <strong>incorrectly</strong>. Scripts and styles should not be registered or enqueued until the <code>wp_enqueue_scripts</code>, <code>admin_enqueue_scripts</code>, or <code>login_enqueue_scripts</code> hooks. This notice was triggered by the <code>twittersdk</code> handle. Please see <a href=\"https://developer.wordpress.org/advanced-administration/debug/debug-wordpress/\">Debugging in WordPress</a> for more information. (This message was added in version 3.3.0.) in /wordpress/wp-includes/functions.php on line 6121",
    "log": "/logs/plugins/s/spartan-templating/error.json"
  },
  {
    "message": "Function wp_enqueue_script was called <strong>incorrectly</strong>. Scripts and styles should not be registered or enqueued until the <code>wp_enqueue_scripts</code>, <code>admin_enqueue_scripts</code>, or <code>login_enqueue_scripts</code> hooks. This notice was triggered by the <code>twittersdk</code> handle. Please see <a href=\"https://developer.wordpress.org/advanced-administration/debug/debug-wordpress/\">Debugging in WordPress</a> for more information. (This message was added in version 3.3.0.) in /wordpress/wp-includes/functions.php on line 6121",
    "level": "NOTICE",
    "type": "PHP",
    "test": "ast-sqlite-boot",
    "plugin": "spartan-templating",
    "details": "[29-Jun-2025 07:28:50 UTC] PHP Notice:  Function wp_enqueue_script was called <strong>incorrectly</strong>. Scripts and styles should not be registered or enqueued until the <code>wp_enqueue_scripts</code>, <code>admin_enqueue_scripts</code>, or <code>login_enqueue_scripts</code> hooks. This notice was triggered by the <code>twittersdk</code> handle. Please see <a href=\"https://developer.wordpress.org/advanced-administration/debug/debug-wordpress/\">Debugging in WordPress</a> for more information. (This message was added in version 3.3.0.) in /wordpress/wp-includes/functions.php on line 6121",
    "log": "/logs/plugins/s/spartan-templating/error.json"
  },
  {
    "message": "Function wp_enqueue_script was called <strong>incorrectly</strong>. Scripts and styles should not be registered or enqueued until the <code>wp_enqueue_scripts</code>, <code>admin_enqueue_scripts</code>, or <code>login_enqueue_scripts</code> hooks. This notice was triggered by the <code>jquery</code> handle. Please see <a href=\"https://developer.wordpress.org/advanced-administration/debug/debug-wordpress/\">Debugging in WordPress</a> for more information. (This message was added in version 3.3.0.) in /wordpress/wp-includes/functions.php on line 6121",
    "level": "NOTICE",
    "type": "PHP",
    "test": "ast-sqlite-boot",
    "plugin": "spartan-templating",
    "details": "[29-Jun-2025 07:29:00 UTC] PHP Notice:  Function wp_enqueue_script was called <strong>incorrectly</strong>. Scripts and styles should not be registered or enqueued until the <code>wp_enqueue_scripts</code>, <code>admin_enqueue_scripts</code>, or <code>login_enqueue_scripts</code> hooks. This notice was triggered by the <code>jquery</code> handle. Please see <a href=\"https://developer.wordpress.org/advanced-administration/debug/debug-wordpress/\">Debugging in WordPress</a> for more information. (This message was added in version 3.3.0.) in /wordpress/wp-includes/functions.php on line 6121",
    "log": "/logs/plugins/s/spartan-templating/error.json"
  },
  {
    "message": "Function wp_deregister_script was called <strong>incorrectly</strong>. Scripts and styles should not be registered or enqueued until the <code>wp_enqueue_scripts</code>, <code>admin_enqueue_scripts</code>, or <code>login_enqueue_scripts</code> hooks. This notice was triggered by the <code>facebooksdk</code> handle. Please see <a href=\"https://developer.wordpress.org/advanced-administration/debug/debug-wordpress/\">Debugging in WordPress</a> for more information. (This message was added in version 3.3.0.) in /wordpress/wp-includes/functions.php on line 6121",
    "level": "NOTICE",
    "type": "PHP",
    "test": "ast-sqlite-boot",
    "plugin": "spartan-templating",
    "details": "[29-Jun-2025 07:29:00 UTC] PHP Notice:  Function wp_deregister_script was called <strong>incorrectly</strong>. Scripts and styles should not be registered or enqueued until the <code>wp_enqueue_scripts</code>, <code>admin_enqueue_scripts</code>, or <code>login_enqueue_scripts</code> hooks. This notice was triggered by the <code>facebooksdk</code> handle. Please see <a href=\"https://developer.wordpress.org/advanced-administration/debug/debug-wordpress/\">Debugging in WordPress</a> for more information. (This message was added in version 3.3.0.) in /wordpress/wp-includes/functions.php on line 6121",
    "log": "/logs/plugins/s/spartan-templating/error.json"
  },
  {
    "message": "Function wp_register_script was called <strong>incorrectly</strong>. Scripts and styles should not be registered or enqueued until the <code>wp_enqueue_scripts</code>, <code>admin_enqueue_scripts</code>, or <code>login_enqueue_scripts</code> hooks. This notice was triggered by the <code>facebooksdk</code> handle. Please see <a href=\"https://developer.wordpress.org/advanced-administration/debug/debug-wordpress/\">Debugging in WordPress</a> for more information. (This message was added in version 3.3.0.) in /wordpress/wp-includes/functions.php on line 6121",
    "level": "NOTICE",
    "type": "PHP",
    "test": "ast-sqlite-boot",
    "plugin": "spartan-templating",
    "details": "[29-Jun-2025 07:29:00 UTC] PHP Notice:  Function wp_register_script was called <strong>incorrectly</strong>. Scripts and styles should not be registered or enqueued until the <code>wp_enqueue_scripts</code>, <code>admin_enqueue_scripts</code>, or <code>login_enqueue_scripts</code> hooks. This notice was triggered by the <code>facebooksdk</code> handle. Please see <a href=\"https://developer.wordpress.org/advanced-administration/debug/debug-wordpress/\">Debugging in WordPress</a> for more information. (This message was added in version 3.3.0.) in /wordpress/wp-includes/functions.php on line 6121",
    "log": "/logs/plugins/s/spartan-templating/error.json"
  },
  {
    "message": "Function wp_enqueue_script was called <strong>incorrectly</strong>. Scripts and styles should not be registered or enqueued until the <code>wp_enqueue_scripts</code>, <code>admin_enqueue_scripts</code>, or <code>login_enqueue_scripts</code> hooks. This notice was triggered by the <code>facebooksdk</code> handle. Please see <a href=\"https://developer.wordpress.org/advanced-administration/debug/debug-wordpress/\">Debugging in WordPress</a> for more information. (This message was added in version 3.3.0.) in /wordpress/wp-includes/functions.php on line 6121",
    "level": "NOTICE",
    "type": "PHP",
    "test": "ast-sqlite-boot",
    "plugin": "spartan-templating",
    "details": "[29-Jun-2025 07:29:00 UTC] PHP Notice:  Function wp_enqueue_script was called <strong>incorrectly</strong>. Scripts and styles should not be registered or enqueued until the <code>wp_enqueue_scripts</code>, <code>admin_enqueue_scripts</code>, or <code>login_enqueue_scripts</code> hooks. This notice was triggered by the <code>facebooksdk</code> handle. Please see <a href=\"https://developer.wordpress.org/advanced-administration/debug/debug-wordpress/\">Debugging in WordPress</a> for more information. (This message was added in version 3.3.0.) in /wordpress/wp-includes/functions.php on line 6121",
    "log": "/logs/plugins/s/spartan-templating/error.json"
  },
  {
    "message": "Function wp_deregister_script was called <strong>incorrectly</strong>. Scripts and styles should not be registered or enqueued until the <code>wp_enqueue_scripts</code>, <code>admin_enqueue_scripts</code>, or <code>login_enqueue_scripts</code> hooks. This notice was triggered by the <code>twittersdk</code> handle. Please see <a href=\"https://developer.wordpress.org/advanced-administration/debug/debug-wordpress/\">Debugging in WordPress</a> for more information. (This message was added in version 3.3.0.) in /wordpress/wp-includes/functions.php on line 6121",
    "level": "NOTICE",
    "type": "PHP",
    "test": "ast-sqlite-boot",
    "plugin": "spartan-templating",
    "details": "[29-Jun-2025 07:29:00 UTC] PHP Notice:  Function wp_deregister_script was called <strong>incorrectly</strong>. Scripts and styles should not be registered or enqueued until the <code>wp_enqueue_scripts</code>, <code>admin_enqueue_scripts</code>, or <code>login_enqueue_scripts</code> hooks. This notice was triggered by the <code>twittersdk</code> handle. Please see <a href=\"https://developer.wordpress.org/advanced-administration/debug/debug-wordpress/\">Debugging in WordPress</a> for more information. (This message was added in version 3.3.0.) in /wordpress/wp-includes/functions.php on line 6121",
    "log": "/logs/plugins/s/spartan-templating/error.json"
  },
  {
    "message": "Function wp_register_script was called <strong>incorrectly</strong>. Scripts and styles should not be registered or enqueued until the <code>wp_enqueue_scripts</code>, <code>admin_enqueue_scripts</code>, or <code>login_enqueue_scripts</code> hooks. This notice was triggered by the <code>twittersdk</code> handle. Please see <a href=\"https://developer.wordpress.org/advanced-administration/debug/debug-wordpress/\">Debugging in WordPress</a> for more information. (This message was added in version 3.3.0.) in /wordpress/wp-includes/functions.php on line 6121",
    "level": "NOTICE",
    "type": "PHP",
    "test": "ast-sqlite-boot",
    "plugin": "spartan-templating",
    "details": "[29-Jun-2025 07:29:00 UTC] PHP Notice:  Function wp_register_script was called <strong>incorrectly</strong>. Scripts and styles should not be registered or enqueued until the <code>wp_enqueue_scripts</code>, <code>admin_enqueue_scripts</code>, or <code>login_enqueue_scripts</code> hooks. This notice was triggered by the <code>twittersdk</code> handle. Please see <a href=\"https://developer.wordpress.org/advanced-administration/debug/debug-wordpress/\">Debugging in WordPress</a> for more information. (This message was added in version 3.3.0.) in /wordpress/wp-includes/functions.php on line 6121",
    "log": "/logs/plugins/s/spartan-templating/error.json"
  },
  {
    "message": "Function wp_enqueue_script was called <strong>incorrectly</strong>. Scripts and styles should not be registered or enqueued until the <code>wp_enqueue_scripts</code>, <code>admin_enqueue_scripts</code>, or <code>login_enqueue_scripts</code> hooks. This notice was triggered by the <code>twittersdk</code> handle. Please see <a href=\"https://developer.wordpress.org/advanced-administration/debug/debug-wordpress/\">Debugging in WordPress</a> for more information. (This message was added in version 3.3.0.) in /wordpress/wp-includes/functions.php on line 6121",
    "level": "NOTICE",
    "type": "PHP",
    "test": "ast-sqlite-boot",
    "plugin": "spartan-templating",
    "details": "[29-Jun-2025 07:29:00 UTC] PHP Notice:  Function wp_enqueue_script was called <strong>incorrectly</strong>. Scripts and styles should not be registered or enqueued until the <code>wp_enqueue_scripts</code>, <code>admin_enqueue_scripts</code>, or <code>login_enqueue_scripts</code> hooks. This notice was triggered by the <code>twittersdk</code> handle. Please see <a href=\"https://developer.wordpress.org/advanced-administration/debug/debug-wordpress/\">Debugging in WordPress</a> for more information. (This message was added in version 3.3.0.) in /wordpress/wp-includes/functions.php on line 6121",
    "log": "/logs/plugins/s/spartan-templating/error.json"
  },
  {
    "message": "Required parameter $old_quantity follows optional parameter $quantity in /wordpress/wp-content/plugins/simile-for-woocommerce/includes/simile-smart-bundles-products-view.php on line 430",
    "level": "DEPRECATED",
    "type": "PHP",
    "test": "ast-sqlite-boot",
    "plugin": "spartan-templating",
    "details": "[29-Jun-2025 07:32:56 UTC] PHP Deprecated:  Required parameter $old_quantity follows optional parameter $quantity in /wordpress/wp-content/plugins/simile-for-woocommerce/includes/simile-smart-bundles-products-view.php on line 430",
    "log": "/logs/plugins/s/spartan-templating/error.json"
  },
  {
    "message": "Required parameter $cart follows optional parameter $quantity in /wordpress/wp-content/plugins/simile-for-woocommerce/includes/simile-smart-bundles-products-view.php on line 430",
    "level": "DEPRECATED",
    "type": "PHP",
    "test": "ast-sqlite-boot",
    "plugin": "spartan-templating",
    "details": "[29-Jun-2025 07:32:56 UTC] PHP Deprecated:  Required parameter $cart follows optional parameter $quantity in /wordpress/wp-content/plugins/simile-for-woocommerce/includes/simile-smart-bundles-products-view.php on line 430",
    "log": "/logs/plugins/s/spartan-templating/error.json"
  },
  {
    "message": "Uncaught Exception: \"cURL error 35: OpenSSL SSL_connect: SSL_ERROR_SYSCALL in connection to api.scopemedia.com:443 \" in /wordpress/wp-content/plugins/simile-for-woocommerce/includes/simile-model.php:429",
    "level": "FATAL",
    "type": "PHP",
    "test": "ast-sqlite-boot",
    "plugin": "spartan-templating",
    "details": "[29-Jun-2025 07:32:57 UTC] PHP Fatal error:  Uncaught Exception: \"cURL error 35: OpenSSL SSL_connect: SSL_ERROR_SYSCALL in connection to api.scopemedia.com:443 \" in /wordpress/wp-content/plugins/simile-for-woocommerce/includes/simile-model.php:429\nStack trace:\n#0 /wordpress/wp-content/plugins/simile-for-woocommerce/includes/simile-model.php(50): Simile_Model::check_response_error(Object(WP_Error))\n#1 /wordpress/wp-content/plugins/simile-for-woocommerce/includes/simile-on-activation.php(42): Simile_Model::signup()\n#2 /wordpress/wp-content/plugins/simile-for-woocommerce/simile-for-woocommerce.php(78): Simile_On_Activation::on_activation()\n#3 /wordpress/wp-includes/class-wp-hook.php(324): Simile->on_activation(false)\n#4 /wordpress/wp-includes/class-wp-hook.php(348): WP_Hook->apply_filters('', Array)\n#5 /wordpress/wp-includes/plugin.php(517): WP_Hook->do_action(Array)\n#6 /wordpress/wp-admin/includes/plugin.php(703): do_action('activate_simile...', false)\n#7 /internal/eval.php(20): activate_plugin('simile-for-wooc...')\n#8 {main}\n  thrown in /wordpress/wp-content/plugins/simile-for-woocommerce/includes/simile-model.php on line 429",
    "log": "/logs/plugins/s/spartan-templating/error.json"
  },
  {
    "message": "Required parameter $old_quantity follows optional parameter $quantity in /wordpress/wp-content/plugins/simile-for-woocommerce/includes/simile-smart-bundles-products-view.php on line 430",
    "level": "DEPRECATED",
    "type": "PHP",
    "test": "ast-sqlite-boot",
    "plugin": "spartan-templating",
    "details": "[29-Jun-2025 07:33:05 UTC] PHP Deprecated:  Required parameter $old_quantity follows optional parameter $quantity in /wordpress/wp-content/plugins/simile-for-woocommerce/includes/simile-smart-bundles-products-view.php on line 430",
    "log": "/logs/plugins/s/spartan-templating/error.json"
  },
  {
    "message": "Required parameter $cart follows optional parameter $quantity in /wordpress/wp-content/plugins/simile-for-woocommerce/includes/simile-smart-bundles-products-view.php on line 430",
    "level": "DEPRECATED",
    "type": "PHP",
    "test": "ast-sqlite-boot",
    "plugin": "spartan-templating",
    "details": "[29-Jun-2025 07:33:05 UTC] PHP Deprecated:  Required parameter $cart follows optional parameter $quantity in /wordpress/wp-content/plugins/simile-for-woocommerce/includes/simile-smart-bundles-products-view.php on line 430",
    "log": "/logs/plugins/s/spartan-templating/error.json"
  },
  {
    "message": "Uncaught Exception: \"cURL error 35: OpenSSL SSL_connect: SSL_ERROR_SYSCALL in connection to api.scopemedia.com:443 \" in /wordpress/wp-content/plugins/simile-for-woocommerce/includes/simile-model.php:429",
    "level": "FATAL",
    "type": "PHP",
    "test": "ast-sqlite-boot",
    "plugin": "spartan-templating",
    "details": "[29-Jun-2025 07:33:05 UTC] PHP Fatal error:  Uncaught Exception: \"cURL error 35: OpenSSL SSL_connect: SSL_ERROR_SYSCALL in connection to api.scopemedia.com:443 \" in /wordpress/wp-content/plugins/simile-for-woocommerce/includes/simile-model.php:429\nStack trace:\n#0 /wordpress/wp-content/plugins/simile-for-woocommerce/includes/simile-model.php(50): Simile_Model::check_response_error(Object(WP_Error))\n#1 /wordpress/wp-content/plugins/simile-for-woocommerce/includes/simile-on-activation.php(42): Simile_Model::signup()\n#2 /wordpress/wp-content/plugins/simile-for-woocommerce/simile-for-woocommerce.php(78): Simile_On_Activation::on_activation()\n#3 /wordpress/wp-includes/class-wp-hook.php(324): Simile->on_activation(false)\n#4 /wordpress/wp-includes/class-wp-hook.php(348): WP_Hook->apply_filters('', Array)\n#5 /wordpress/wp-includes/plugin.php(517): WP_Hook->do_action(Array)\n#6 /wordpress/wp-admin/includes/plugin.php(703): do_action('activate_simile...', false)\n#7 /internal/eval.php(20): activate_plugin('simile-for-wooc...')\n#8 {main}\n  thrown in /wordpress/wp-content/plugins/simile-for-woocommerce/includes/simile-model.php on line 429",
    "log": "/logs/plugins/s/spartan-templating/error.json"
  },
  {
    "message": "Required parameter $old_quantity follows optional parameter $quantity in /wordpress/wp-content/plugins/simile-for-woocommerce/includes/simile-smart-bundles-products-view.php on line 430",
    "level": "DEPRECATED",
    "type": "PHP",
    "test": "ast-sqlite-boot",
    "plugin": "spartan-templating",
    "details": "[29-Jun-2025 07:33:14 UTC] PHP Deprecated:  Required parameter $old_quantity follows optional parameter $quantity in /wordpress/wp-content/plugins/simile-for-woocommerce/includes/simile-smart-bundles-products-view.php on line 430",
    "log": "/logs/plugins/s/spartan-templating/error.json"
  },
  {
    "message": "Required parameter $cart follows optional parameter $quantity in /wordpress/wp-content/plugins/simile-for-woocommerce/includes/simile-smart-bundles-products-view.php on line 430",
    "level": "DEPRECATED",
    "type": "PHP",
    "test": "ast-sqlite-boot",
    "plugin": "spartan-templating",
    "details": "[29-Jun-2025 07:33:14 UTC] PHP Deprecated:  Required parameter $cart follows optional parameter $quantity in /wordpress/wp-content/plugins/simile-for-woocommerce/includes/simile-smart-bundles-products-view.php on line 430",
    "log": "/logs/plugins/s/spartan-templating/error.json"
  },
  {
    "message": "Uncaught Exception: \"cURL error 28: Operation timed out after 5002 milliseconds with 0 out of 0 bytes received\" in /wordpress/wp-content/plugins/simile-for-woocommerce/includes/simile-model.php:429",
    "level": "FATAL",
    "type": "PHP",
    "test": "ast-sqlite-boot",
    "plugin": "spartan-templating",
    "details": "[29-Jun-2025 07:33:19 UTC] PHP Fatal error:  Uncaught Exception: \"cURL error 28: Operation timed out after 5002 milliseconds with 0 out of 0 bytes received\" in /wordpress/wp-content/plugins/simile-for-woocommerce/includes/simile-model.php:429\nStack trace:\n#0 /wordpress/wp-content/plugins/simile-for-woocommerce/includes/simile-model.php(50): Simile_Model::check_response_error(Object(WP_Error))\n#1 /wordpress/wp-content/plugins/simile-for-woocommerce/includes/simile-on-activation.php(42): Simile_Model::signup()\n#2 /wordpress/wp-content/plugins/simile-for-woocommerce/simile-for-woocommerce.php(78): Simile_On_Activation::on_activation()\n#3 /wordpress/wp-includes/class-wp-hook.php(324): Simile->on_activation(false)\n#4 /wordpress/wp-includes/class-wp-hook.php(348): WP_Hook->apply_filters('', Array)\n#5 /wordpress/wp-includes/plugin.php(517): WP_Hook->do_action(Array)\n#6 /wordpress/wp-admin/includes/plugin.php(703): do_action('activate_simile...', false)\n#7 /internal/eval.php(20): activate_plugin('simile-for-wooc...')\n#8 {main}\n  thrown in /wordpress/wp-content/plugins/simile-for-woocommerce/includes/simile-model.php on line 429\n\n    at Object.onBind (file:///home/runner/work/playground-tester/playground-tester/node_modules/@wp-playground/cli/run-cli-j-geJYS3.js:325:15)\n    at process.processTicksAndRejections (node:internal/process/task_queues:105:5)\n    at async re (file:///home/runner/work/playground-tester/playground-tester/node_modules/@wp-playground/cli/run-cli-j-geJYS3.js:149:10) {\n  [cause]: Error: Error when executing the blueprint step #5 ({\"step\":\"installPlugin\",\"pluginData\":{\"resource\":\"wordpress.org/plugins\",\"slug\":\"spartan-templating\"},\"options\":{\"activate\":true}}) : Plugin /wordpress/wp-content/plugins/spartan-templating could not be activated – WordPress exited with no error. Sometimes, when $_SERVER or site options are not configured correctly, WordPress exits early with a 301 redirect. Inspect the \"debug\" logs in the console for more details.\n      at Object.run (file:///home/runner/work/playground-tester/playground-tester/node_modules/@wp-playground/blueprints/index.js:12093:19)\n      at process.processTicksAndRejections (node:internal/process/task_queues:105:5)\n      at async ys (file:///home/runner/work/playground-tester/playground-tester/node_modules/@wp-playground/blueprints/index.js:12196:3)\n      at async Object.onBind (file:///home/runner/work/playground-tester/playground-tester/node_modules/@wp-playground/cli/run-cli-j-geJYS3.js:315:48)\n      at async re (file:///home/runner/work/playground-tester/playground-tester/node_modules/@wp-playground/cli/run-cli-j-geJYS3.js:149:10) {\n    [cause]: Error: Plugin /wordpress/wp-content/plugins/spartan-templating could not be activated – WordPress exited with no error. Sometimes, when $_SERVER or site options are not configured correctly, WordPress exits early with a 301 redirect. Inspect the \"debug\" logs in the console for more details.\n        at wr (file:///home/runner/work/playground-tester/playground-tester/node_modules/@wp-playground/blueprints/index.js:120:51)\n        at process.processTicksAndRejections (node:internal/process/task_queues:105:5)\n        at async Object.gt [as installPlugin] (file:///home/runner/work/playground-tester/playground-tester/node_modules/@wp-playground/blueprints/index.js:631:42)\n        at async g (file:///home/runner/work/playground-tester/playground-tester/node_modules/@wp-playground/blueprints/index.js:12161:30)\n        at async Object.run (file:///home/runner/work/playground-tester/playground-tester/node_modules/@wp-playground/blueprints/index.js:12090:23)\n        at async ys (file:///home/runner/work/playground-tester/playground-tester/node_modules/@wp-playground/blueprints/index.js:12196:3)\n        at async Object.onBind (file:///home/runner/work/playground-tester/playground-tester/node_modules/@wp-playground/cli/run-cli-j-geJYS3.js:315:48)\n        at async re (file:///home/runner/work/playground-tester/playground-tester/node_modules/@wp-playground/cli/run-cli-j-geJYS3.js:149:10)\n  }\n}\n\n",
    "log": "/logs/plugins/s/spartan-templating/error.json"
  },
  {
    "message": "file:///home/runner/work/playground-tester/playground-tester/node_modules/@wp-playground/cli/run-cli-j-geJYS3.js:325\n        throw new Error($, { cause: h });\n              ^\n",
    "level": "FATAL",
    "type": "PLAYGROUND",
    "test": "asyncify-boot",
    "plugin": "spartan-templating",
    "details": "file:///home/runner/work/playground-tester/playground-tester/node_modules/@wp-playground/cli/run-cli-j-geJYS3.js:325\n        throw new Error($, { cause: h });\n              ^\n",
    "log": "/tmp/tmp.tR4iWfoJFx"
  },
  {
    "message": "call_user_func_array() expects parameter 1 to be a valid callback, class 'Soapberry\\Soapberry' does not have a method 'activate' in /wordpress/wp-includes/class-wp-hook.php on line 324",
    "level": "WARNING",
    "type": "PHP",
    "test": "asyncify-boot",
    "plugin": "spartan-templating",
    "details": "[29-Jun-2025 07:26:22 UTC] PHP Warning:  call_user_func_array() expects parameter 1 to be a valid callback, class 'Soapberry\\Soapberry' does not have a method 'activate' in /wordpress/wp-includes/class-wp-hook.php on line 324",
    "log": "/logs/plugins/s/spartan-templating/error.json"
  },
  {
    "message": "call_user_func_array() expects parameter 1 to be a valid callback, class 'Soapberry\\Soapberry' does not have a method 'activate' in /wordpress/wp-includes/class-wp-hook.php on line 324",
    "level": "WARNING",
    "type": "PHP",
    "test": "asyncify-boot",
    "plugin": "spartan-templating",
    "details": "[29-Jun-2025 07:26:33 UTC] PHP Warning:  call_user_func_array() expects parameter 1 to be a valid callback, class 'Soapberry\\Soapberry' does not have a method 'activate' in /wordpress/wp-includes/class-wp-hook.php on line 324",
    "log": "/logs/plugins/s/spartan-templating/error.json"
  },
  {
    "message": "call_user_func_array() expects parameter 1 to be a valid callback, class 'Soapberry\\Soapberry' does not have a method 'activate' in /wordpress/wp-includes/class-wp-hook.php on line 324",
    "level": "WARNING",
    "type": "PHP",
    "test": "asyncify-boot",
    "plugin": "spartan-templating",
    "details": "[29-Jun-2025 07:26:42 UTC] PHP Warning:  call_user_func_array() expects parameter 1 to be a valid callback, class 'Soapberry\\Soapberry' does not have a method 'activate' in /wordpress/wp-includes/class-wp-hook.php on line 324",
    "log": "/logs/plugins/s/spartan-templating/error.json"
  },
  {
    "message": "Undefined variable $wp_version in /wordpress/wp-content/plugins/sample-sales-op-je-site-nl/ssopjesite_stockverkopennl.php on line 91",
    "level": "WARNING",
    "type": "PHP",
    "test": "asyncify-boot",
    "plugin": "spartan-templating",
    "details": "[29-Jun-2025 07:27:45 UTC] PHP Warning:  Undefined variable $wp_version in /wordpress/wp-content/plugins/sample-sales-op-je-site-nl/ssopjesite_stockverkopennl.php on line 91",
    "log": "/logs/plugins/s/spartan-templating/error.json"
  },
  {
    "message": "Uncaught TypeError: Unsupported operand types: string * int in /wordpress/wp-content/plugins/sample-sales-op-je-site-nl/ssopjesite_stockverkopennl.php:91",
    "level": "FATAL",
    "type": "PHP",
    "test": "asyncify-boot",
    "plugin": "spartan-templating",
    "details": "[29-Jun-2025 07:27:45 UTC] PHP Fatal error:  Uncaught TypeError: Unsupported operand types: string * int in /wordpress/wp-content/plugins/sample-sales-op-je-site-nl/ssopjesite_stockverkopennl.php:91\nStack trace:\n#0 /wordpress/wp-admin/includes/plugin.php(2387): include_once()\n#1 /wordpress/wp-admin/includes/plugin.php(673): plugin_sandbox_scrape('sample-sales-op...')\n#2 /internal/eval.php(20): activate_plugin('sample-sales-op...')\n#3 {main}\n  thrown in /wordpress/wp-content/plugins/sample-sales-op-je-site-nl/ssopjesite_stockverkopennl.php on line 91",
    "log": "/logs/plugins/s/spartan-templating/error.json"
  },
  {
    "message": "Undefined variable $wp_version in /wordpress/wp-content/plugins/sample-sales-op-je-site-nl/ssopjesite_stockverkopennl.php on line 91",
    "level": "WARNING",
    "type": "PHP",
    "test": "asyncify-boot",
    "plugin": "spartan-templating",
    "details": "[29-Jun-2025 07:27:53 UTC] PHP Warning:  Undefined variable $wp_version in /wordpress/wp-content/plugins/sample-sales-op-je-site-nl/ssopjesite_stockverkopennl.php on line 91",
    "log": "/logs/plugins/s/spartan-templating/error.json"
  },
  {
    "message": "Uncaught TypeError: Unsupported operand types: string * int in /wordpress/wp-content/plugins/sample-sales-op-je-site-nl/ssopjesite_stockverkopennl.php:91",
    "level": "FATAL",
    "type": "PHP",
    "test": "asyncify-boot",
    "plugin": "spartan-templating",
    "details": "[29-Jun-2025 07:27:53 UTC] PHP Fatal error:  Uncaught TypeError: Unsupported operand types: string * int in /wordpress/wp-content/plugins/sample-sales-op-je-site-nl/ssopjesite_stockverkopennl.php:91\nStack trace:\n#0 /wordpress/wp-admin/includes/plugin.php(2387): include_once()\n#1 /wordpress/wp-admin/includes/plugin.php(673): plugin_sandbox_scrape('sample-sales-op...')\n#2 /internal/eval.php(20): activate_plugin('sample-sales-op...')\n#3 {main}\n  thrown in /wordpress/wp-content/plugins/sample-sales-op-je-site-nl/ssopjesite_stockverkopennl.php on line 91",
    "log": "/logs/plugins/s/spartan-templating/error.json"
  },
  {
    "message": "Undefined variable $wp_version in /wordpress/wp-content/plugins/sample-sales-op-je-site-nl/ssopjesite_stockverkopennl.php on line 91",
    "level": "WARNING",
    "type": "PHP",
    "test": "asyncify-boot",
    "plugin": "spartan-templating",
    "details": "[29-Jun-2025 07:28:01 UTC] PHP Warning:  Undefined variable $wp_version in /wordpress/wp-content/plugins/sample-sales-op-je-site-nl/ssopjesite_stockverkopennl.php on line 91",
    "log": "/logs/plugins/s/spartan-templating/error.json"
  },
  {
    "message": "Uncaught TypeError: Unsupported operand types: string * int in /wordpress/wp-content/plugins/sample-sales-op-je-site-nl/ssopjesite_stockverkopennl.php:91",
    "level": "FATAL",
    "type": "PHP",
    "test": "asyncify-boot",
    "plugin": "spartan-templating",
    "details": "[29-Jun-2025 07:28:01 UTC] PHP Fatal error:  Uncaught TypeError: Unsupported operand types: string * int in /wordpress/wp-content/plugins/sample-sales-op-je-site-nl/ssopjesite_stockverkopennl.php:91\nStack trace:\n#0 /wordpress/wp-admin/includes/plugin.php(2387): include_once()\n#1 /wordpress/wp-admin/includes/plugin.php(673): plugin_sandbox_scrape('sample-sales-op...')\n#2 /internal/eval.php(20): activate_plugin('sample-sales-op...')\n#3 {main}\n  thrown in /wordpress/wp-content/plugins/sample-sales-op-je-site-nl/ssopjesite_stockverkopennl.php on line 91",
    "log": "/logs/plugins/s/spartan-templating/error.json"
  },
  {
    "message": "Function wp_enqueue_script was called <strong>incorrectly</strong>. Scripts and styles should not be registered or enqueued until the <code>wp_enqueue_scripts</code>, <code>admin_enqueue_scripts</code>, or <code>login_enqueue_scripts</code> hooks. This notice was triggered by the <code>jquery</code> handle. Please see <a href=\"https://developer.wordpress.org/advanced-administration/debug/debug-wordpress/\">Debugging in WordPress</a> for more information. (This message was added in version 3.3.0.) in /wordpress/wp-includes/functions.php on line 6121",
    "level": "NOTICE",
    "type": "PHP",
    "test": "asyncify-boot",
    "plugin": "spartan-templating",
    "details": "[29-Jun-2025 07:28:40 UTC] PHP Notice:  Function wp_enqueue_script was called <strong>incorrectly</strong>. Scripts and styles should not be registered or enqueued until the <code>wp_enqueue_scripts</code>, <code>admin_enqueue_scripts</code>, or <code>login_enqueue_scripts</code> hooks. This notice was triggered by the <code>jquery</code> handle. Please see <a href=\"https://developer.wordpress.org/advanced-administration/debug/debug-wordpress/\">Debugging in WordPress</a> for more information. (This message was added in version 3.3.0.) in /wordpress/wp-includes/functions.php on line 6121",
    "log": "/logs/plugins/s/spartan-templating/error.json"
  },
  {
    "message": "Function wp_deregister_script was called <strong>incorrectly</strong>. Scripts and styles should not be registered or enqueued until the <code>wp_enqueue_scripts</code>, <code>admin_enqueue_scripts</code>, or <code>login_enqueue_scripts</code> hooks. This notice was triggered by the <code>facebooksdk</code> handle. Please see <a href=\"https://developer.wordpress.org/advanced-administration/debug/debug-wordpress/\">Debugging in WordPress</a> for more information. (This message was added in version 3.3.0.) in /wordpress/wp-includes/functions.php on line 6121",
    "level": "NOTICE",
    "type": "PHP",
    "test": "asyncify-boot",
    "plugin": "spartan-templating",
    "details": "[29-Jun-2025 07:28:40 UTC] PHP Notice:  Function wp_deregister_script was called <strong>incorrectly</strong>. Scripts and styles should not be registered or enqueued until the <code>wp_enqueue_scripts</code>, <code>admin_enqueue_scripts</code>, or <code>login_enqueue_scripts</code> hooks. This notice was triggered by the <code>facebooksdk</code> handle. Please see <a href=\"https://developer.wordpress.org/advanced-administration/debug/debug-wordpress/\">Debugging in WordPress</a> for more information. (This message was added in version 3.3.0.) in /wordpress/wp-includes/functions.php on line 6121",
    "log": "/logs/plugins/s/spartan-templating/error.json"
  },
  {
    "message": "Function wp_register_script was called <strong>incorrectly</strong>. Scripts and styles should not be registered or enqueued until the <code>wp_enqueue_scripts</code>, <code>admin_enqueue_scripts</code>, or <code>login_enqueue_scripts</code> hooks. This notice was triggered by the <code>facebooksdk</code> handle. Please see <a href=\"https://developer.wordpress.org/advanced-administration/debug/debug-wordpress/\">Debugging in WordPress</a> for more information. (This message was added in version 3.3.0.) in /wordpress/wp-includes/functions.php on line 6121",
    "level": "NOTICE",
    "type": "PHP",
    "test": "asyncify-boot",
    "plugin": "spartan-templating",
    "details": "[29-Jun-2025 07:28:40 UTC] PHP Notice:  Function wp_register_script was called <strong>incorrectly</strong>. Scripts and styles should not be registered or enqueued until the <code>wp_enqueue_scripts</code>, <code>admin_enqueue_scripts</code>, or <code>login_enqueue_scripts</code> hooks. This notice was triggered by the <code>facebooksdk</code> handle. Please see <a href=\"https://developer.wordpress.org/advanced-administration/debug/debug-wordpress/\">Debugging in WordPress</a> for more information. (This message was added in version 3.3.0.) in /wordpress/wp-includes/functions.php on line 6121",
    "log": "/logs/plugins/s/spartan-templating/error.json"
  },
  {
    "message": "Function wp_enqueue_script was called <strong>incorrectly</strong>. Scripts and styles should not be registered or enqueued until the <code>wp_enqueue_scripts</code>, <code>admin_enqueue_scripts</code>, or <code>login_enqueue_scripts</code> hooks. This notice was triggered by the <code>facebooksdk</code> handle. Please see <a href=\"https://developer.wordpress.org/advanced-administration/debug/debug-wordpress/\">Debugging in WordPress</a> for more information. (This message was added in version 3.3.0.) in /wordpress/wp-includes/functions.php on line 6121",
    "level": "NOTICE",
    "type": "PHP",
    "test": "asyncify-boot",
    "plugin": "spartan-templating",
    "details": "[29-Jun-2025 07:28:40 UTC] PHP Notice:  Function wp_enqueue_script was called <strong>incorrectly</strong>. Scripts and styles should not be registered or enqueued until the <code>wp_enqueue_scripts</code>, <code>admin_enqueue_scripts</code>, or <code>login_enqueue_scripts</code> hooks. This notice was triggered by the <code>facebooksdk</code> handle. Please see <a href=\"https://developer.wordpress.org/advanced-administration/debug/debug-wordpress/\">Debugging in WordPress</a> for more information. (This message was added in version 3.3.0.) in /wordpress/wp-includes/functions.php on line 6121",
    "log": "/logs/plugins/s/spartan-templating/error.json"
  },
  {
    "message": "Function wp_deregister_script was called <strong>incorrectly</strong>. Scripts and styles should not be registered or enqueued until the <code>wp_enqueue_scripts</code>, <code>admin_enqueue_scripts</code>, or <code>login_enqueue_scripts</code> hooks. This notice was triggered by the <code>twittersdk</code> handle. Please see <a href=\"https://developer.wordpress.org/advanced-administration/debug/debug-wordpress/\">Debugging in WordPress</a> for more information. (This message was added in version 3.3.0.) in /wordpress/wp-includes/functions.php on line 6121",
    "level": "NOTICE",
    "type": "PHP",
    "test": "asyncify-boot",
    "plugin": "spartan-templating",
    "details": "[29-Jun-2025 07:28:40 UTC] PHP Notice:  Function wp_deregister_script was called <strong>incorrectly</strong>. Scripts and styles should not be registered or enqueued until the <code>wp_enqueue_scripts</code>, <code>admin_enqueue_scripts</code>, or <code>login_enqueue_scripts</code> hooks. This notice was triggered by the <code>twittersdk</code> handle. Please see <a href=\"https://developer.wordpress.org/advanced-administration/debug/debug-wordpress/\">Debugging in WordPress</a> for more information. (This message was added in version 3.3.0.) in /wordpress/wp-includes/functions.php on line 6121",
    "log": "/logs/plugins/s/spartan-templating/error.json"
  },
  {
    "message": "Function wp_register_script was called <strong>incorrectly</strong>. Scripts and styles should not be registered or enqueued until the <code>wp_enqueue_scripts</code>, <code>admin_enqueue_scripts</code>, or <code>login_enqueue_scripts</code> hooks. This notice was triggered by the <code>twittersdk</code> handle. Please see <a href=\"https://developer.wordpress.org/advanced-administration/debug/debug-wordpress/\">Debugging in WordPress</a> for more information. (This message was added in version 3.3.0.) in /wordpress/wp-includes/functions.php on line 6121",
    "level": "NOTICE",
    "type": "PHP",
    "test": "asyncify-boot",
    "plugin": "spartan-templating",
    "details": "[29-Jun-2025 07:28:40 UTC] PHP Notice:  Function wp_register_script was called <strong>incorrectly</strong>. Scripts and styles should not be registered or enqueued until the <code>wp_enqueue_scripts</code>, <code>admin_enqueue_scripts</code>, or <code>login_enqueue_scripts</code> hooks. This notice was triggered by the <code>twittersdk</code> handle. Please see <a href=\"https://developer.wordpress.org/advanced-administration/debug/debug-wordpress/\">Debugging in WordPress</a> for more information. (This message was added in version 3.3.0.) in /wordpress/wp-includes/functions.php on line 6121",
    "log": "/logs/plugins/s/spartan-templating/error.json"
  },
  {
    "message": "Function wp_enqueue_script was called <strong>incorrectly</strong>. Scripts and styles should not be registered or enqueued until the <code>wp_enqueue_scripts</code>, <code>admin_enqueue_scripts</code>, or <code>login_enqueue_scripts</code> hooks. This notice was triggered by the <code>twittersdk</code> handle. Please see <a href=\"https://developer.wordpress.org/advanced-administration/debug/debug-wordpress/\">Debugging in WordPress</a> for more information. (This message was added in version 3.3.0.) in /wordpress/wp-includes/functions.php on line 6121",
    "level": "NOTICE",
    "type": "PHP",
    "test": "asyncify-boot",
    "plugin": "spartan-templating",
    "details": "[29-Jun-2025 07:28:40 UTC] PHP Notice:  Function wp_enqueue_script was called <strong>incorrectly</strong>. Scripts and styles should not be registered or enqueued until the <code>wp_enqueue_scripts</code>, <code>admin_enqueue_scripts</code>, or <code>login_enqueue_scripts</code> hooks. This notice was triggered by the <code>twittersdk</code> handle. Please see <a href=\"https://developer.wordpress.org/advanced-administration/debug/debug-wordpress/\">Debugging in WordPress</a> for more information. (This message was added in version 3.3.0.) in /wordpress/wp-includes/functions.php on line 6121",
    "log": "/logs/plugins/s/spartan-templating/error.json"
  },
  {
    "message": "Function wp_enqueue_script was called <strong>incorrectly</strong>. Scripts and styles should not be registered or enqueued until the <code>wp_enqueue_scripts</code>, <code>admin_enqueue_scripts</code>, or <code>login_enqueue_scripts</code> hooks. This notice was triggered by the <code>jquery</code> handle. Please see <a href=\"https://developer.wordpress.org/advanced-administration/debug/debug-wordpress/\">Debugging in WordPress</a> for more information. (This message was added in version 3.3.0.) in /wordpress/wp-includes/functions.php on line 6121",
    "level": "NOTICE",
    "type": "PHP",
    "test": "asyncify-boot",
    "plugin": "spartan-templating",
    "details": "[29-Jun-2025 07:28:50 UTC] PHP Notice:  Function wp_enqueue_script was called <strong>incorrectly</strong>. Scripts and styles should not be registered or enqueued until the <code>wp_enqueue_scripts</code>, <code>admin_enqueue_scripts</code>, or <code>login_enqueue_scripts</code> hooks. This notice was triggered by the <code>jquery</code> handle. Please see <a href=\"https://developer.wordpress.org/advanced-administration/debug/debug-wordpress/\">Debugging in WordPress</a> for more information. (This message was added in version 3.3.0.) in /wordpress/wp-includes/functions.php on line 6121",
    "log": "/logs/plugins/s/spartan-templating/error.json"
  },
  {
    "message": "Function wp_deregister_script was called <strong>incorrectly</strong>. Scripts and styles should not be registered or enqueued until the <code>wp_enqueue_scripts</code>, <code>admin_enqueue_scripts</code>, or <code>login_enqueue_scripts</code> hooks. This notice was triggered by the <code>facebooksdk</code> handle. Please see <a href=\"https://developer.wordpress.org/advanced-administration/debug/debug-wordpress/\">Debugging in WordPress</a> for more information. (This message was added in version 3.3.0.) in /wordpress/wp-includes/functions.php on line 6121",
    "level": "NOTICE",
    "type": "PHP",
    "test": "asyncify-boot",
    "plugin": "spartan-templating",
    "details": "[29-Jun-2025 07:28:50 UTC] PHP Notice:  Function wp_deregister_script was called <strong>incorrectly</strong>. Scripts and styles should not be registered or enqueued until the <code>wp_enqueue_scripts</code>, <code>admin_enqueue_scripts</code>, or <code>login_enqueue_scripts</code> hooks. This notice was triggered by the <code>facebooksdk</code> handle. Please see <a href=\"https://developer.wordpress.org/advanced-administration/debug/debug-wordpress/\">Debugging in WordPress</a> for more information. (This message was added in version 3.3.0.) in /wordpress/wp-includes/functions.php on line 6121",
    "log": "/logs/plugins/s/spartan-templating/error.json"
  },
  {
    "message": "Function wp_register_script was called <strong>incorrectly</strong>. Scripts and styles should not be registered or enqueued until the <code>wp_enqueue_scripts</code>, <code>admin_enqueue_scripts</code>, or <code>login_enqueue_scripts</code> hooks. This notice was triggered by the <code>facebooksdk</code> handle. Please see <a href=\"https://developer.wordpress.org/advanced-administration/debug/debug-wordpress/\">Debugging in WordPress</a> for more information. (This message was added in version 3.3.0.) in /wordpress/wp-includes/functions.php on line 6121",
    "level": "NOTICE",
    "type": "PHP",
    "test": "asyncify-boot",
    "plugin": "spartan-templating",
    "details": "[29-Jun-2025 07:28:50 UTC] PHP Notice:  Function wp_register_script was called <strong>incorrectly</strong>. Scripts and styles should not be registered or enqueued until the <code>wp_enqueue_scripts</code>, <code>admin_enqueue_scripts</code>, or <code>login_enqueue_scripts</code> hooks. This notice was triggered by the <code>facebooksdk</code> handle. Please see <a href=\"https://developer.wordpress.org/advanced-administration/debug/debug-wordpress/\">Debugging in WordPress</a> for more information. (This message was added in version 3.3.0.) in /wordpress/wp-includes/functions.php on line 6121",
    "log": "/logs/plugins/s/spartan-templating/error.json"
  },
  {
    "message": "Function wp_enqueue_script was called <strong>incorrectly</strong>. Scripts and styles should not be registered or enqueued until the <code>wp_enqueue_scripts</code>, <code>admin_enqueue_scripts</code>, or <code>login_enqueue_scripts</code> hooks. This notice was triggered by the <code>facebooksdk</code> handle. Please see <a href=\"https://developer.wordpress.org/advanced-administration/debug/debug-wordpress/\">Debugging in WordPress</a> for more information. (This message was added in version 3.3.0.) in /wordpress/wp-includes/functions.php on line 6121",
    "level": "NOTICE",
    "type": "PHP",
    "test": "asyncify-boot",
    "plugin": "spartan-templating",
    "details": "[29-Jun-2025 07:28:50 UTC] PHP Notice:  Function wp_enqueue_script was called <strong>incorrectly</strong>. Scripts and styles should not be registered or enqueued until the <code>wp_enqueue_scripts</code>, <code>admin_enqueue_scripts</code>, or <code>login_enqueue_scripts</code> hooks. This notice was triggered by the <code>facebooksdk</code> handle. Please see <a href=\"https://developer.wordpress.org/advanced-administration/debug/debug-wordpress/\">Debugging in WordPress</a> for more information. (This message was added in version 3.3.0.) in /wordpress/wp-includes/functions.php on line 6121",
    "log": "/logs/plugins/s/spartan-templating/error.json"
  },
  {
    "message": "Function wp_deregister_script was called <strong>incorrectly</strong>. Scripts and styles should not be registered or enqueued until the <code>wp_enqueue_scripts</code>, <code>admin_enqueue_scripts</code>, or <code>login_enqueue_scripts</code> hooks. This notice was triggered by the <code>twittersdk</code> handle. Please see <a href=\"https://developer.wordpress.org/advanced-administration/debug/debug-wordpress/\">Debugging in WordPress</a> for more information. (This message was added in version 3.3.0.) in /wordpress/wp-includes/functions.php on line 6121",
    "level": "NOTICE",
    "type": "PHP",
    "test": "asyncify-boot",
    "plugin": "spartan-templating",
    "details": "[29-Jun-2025 07:28:50 UTC] PHP Notice:  Function wp_deregister_script was called <strong>incorrectly</strong>. Scripts and styles should not be registered or enqueued until the <code>wp_enqueue_scripts</code>, <code>admin_enqueue_scripts</code>, or <code>login_enqueue_scripts</code> hooks. This notice was triggered by the <code>twittersdk</code> handle. Please see <a href=\"https://developer.wordpress.org/advanced-administration/debug/debug-wordpress/\">Debugging in WordPress</a> for more information. (This message was added in version 3.3.0.) in /wordpress/wp-includes/functions.php on line 6121",
    "log": "/logs/plugins/s/spartan-templating/error.json"
  },
  {
    "message": "Function wp_register_script was called <strong>incorrectly</strong>. Scripts and styles should not be registered or enqueued until the <code>wp_enqueue_scripts</code>, <code>admin_enqueue_scripts</code>, or <code>login_enqueue_scripts</code> hooks. This notice was triggered by the <code>twittersdk</code> handle. Please see <a href=\"https://developer.wordpress.org/advanced-administration/debug/debug-wordpress/\">Debugging in WordPress</a> for more information. (This message was added in version 3.3.0.) in /wordpress/wp-includes/functions.php on line 6121",
    "level": "NOTICE",
    "type": "PHP",
    "test": "asyncify-boot",
    "plugin": "spartan-templating",
    "details": "[29-Jun-2025 07:28:50 UTC] PHP Notice:  Function wp_register_script was called <strong>incorrectly</strong>. Scripts and styles should not be registered or enqueued until the <code>wp_enqueue_scripts</code>, <code>admin_enqueue_scripts</code>, or <code>login_enqueue_scripts</code> hooks. This notice was triggered by the <code>twittersdk</code> handle. Please see <a href=\"https://developer.wordpress.org/advanced-administration/debug/debug-wordpress/\">Debugging in WordPress</a> for more information. (This message was added in version 3.3.0.) in /wordpress/wp-includes/functions.php on line 6121",
    "log": "/logs/plugins/s/spartan-templating/error.json"
  },
  {
    "message": "Function wp_enqueue_script was called <strong>incorrectly</strong>. Scripts and styles should not be registered or enqueued until the <code>wp_enqueue_scripts</code>, <code>admin_enqueue_scripts</code>, or <code>login_enqueue_scripts</code> hooks. This notice was triggered by the <code>twittersdk</code> handle. Please see <a href=\"https://developer.wordpress.org/advanced-administration/debug/debug-wordpress/\">Debugging in WordPress</a> for more information. (This message was added in version 3.3.0.) in /wordpress/wp-includes/functions.php on line 6121",
    "level": "NOTICE",
    "type": "PHP",
    "test": "asyncify-boot",
    "plugin": "spartan-templating",
    "details": "[29-Jun-2025 07:28:50 UTC] PHP Notice:  Function wp_enqueue_script was called <strong>incorrectly</strong>. Scripts and styles should not be registered or enqueued until the <code>wp_enqueue_scripts</code>, <code>admin_enqueue_scripts</code>, or <code>login_enqueue_scripts</code> hooks. This notice was triggered by the <code>twittersdk</code> handle. Please see <a href=\"https://developer.wordpress.org/advanced-administration/debug/debug-wordpress/\">Debugging in WordPress</a> for more information. (This message was added in version 3.3.0.) in /wordpress/wp-includes/functions.php on line 6121",
    "log": "/logs/plugins/s/spartan-templating/error.json"
  },
  {
    "message": "Function wp_enqueue_script was called <strong>incorrectly</strong>. Scripts and styles should not be registered or enqueued until the <code>wp_enqueue_scripts</code>, <code>admin_enqueue_scripts</code>, or <code>login_enqueue_scripts</code> hooks. This notice was triggered by the <code>jquery</code> handle. Please see <a href=\"https://developer.wordpress.org/advanced-administration/debug/debug-wordpress/\">Debugging in WordPress</a> for more information. (This message was added in version 3.3.0.) in /wordpress/wp-includes/functions.php on line 6121",
    "level": "NOTICE",
    "type": "PHP",
    "test": "asyncify-boot",
    "plugin": "spartan-templating",
    "details": "[29-Jun-2025 07:29:00 UTC] PHP Notice:  Function wp_enqueue_script was called <strong>incorrectly</strong>. Scripts and styles should not be registered or enqueued until the <code>wp_enqueue_scripts</code>, <code>admin_enqueue_scripts</code>, or <code>login_enqueue_scripts</code> hooks. This notice was triggered by the <code>jquery</code> handle. Please see <a href=\"https://developer.wordpress.org/advanced-administration/debug/debug-wordpress/\">Debugging in WordPress</a> for more information. (This message was added in version 3.3.0.) in /wordpress/wp-includes/functions.php on line 6121",
    "log": "/logs/plugins/s/spartan-templating/error.json"
  },
  {
    "message": "Function wp_deregister_script was called <strong>incorrectly</strong>. Scripts and styles should not be registered or enqueued until the <code>wp_enqueue_scripts</code>, <code>admin_enqueue_scripts</code>, or <code>login_enqueue_scripts</code> hooks. This notice was triggered by the <code>facebooksdk</code> handle. Please see <a href=\"https://developer.wordpress.org/advanced-administration/debug/debug-wordpress/\">Debugging in WordPress</a> for more information. (This message was added in version 3.3.0.) in /wordpress/wp-includes/functions.php on line 6121",
    "level": "NOTICE",
    "type": "PHP",
    "test": "asyncify-boot",
    "plugin": "spartan-templating",
    "details": "[29-Jun-2025 07:29:00 UTC] PHP Notice:  Function wp_deregister_script was called <strong>incorrectly</strong>. Scripts and styles should not be registered or enqueued until the <code>wp_enqueue_scripts</code>, <code>admin_enqueue_scripts</code>, or <code>login_enqueue_scripts</code> hooks. This notice was triggered by the <code>facebooksdk</code> handle. Please see <a href=\"https://developer.wordpress.org/advanced-administration/debug/debug-wordpress/\">Debugging in WordPress</a> for more information. (This message was added in version 3.3.0.) in /wordpress/wp-includes/functions.php on line 6121",
    "log": "/logs/plugins/s/spartan-templating/error.json"
  },
  {
    "message": "Function wp_register_script was called <strong>incorrectly</strong>. Scripts and styles should not be registered or enqueued until the <code>wp_enqueue_scripts</code>, <code>admin_enqueue_scripts</code>, or <code>login_enqueue_scripts</code> hooks. This notice was triggered by the <code>facebooksdk</code> handle. Please see <a href=\"https://developer.wordpress.org/advanced-administration/debug/debug-wordpress/\">Debugging in WordPress</a> for more information. (This message was added in version 3.3.0.) in /wordpress/wp-includes/functions.php on line 6121",
    "level": "NOTICE",
    "type": "PHP",
    "test": "asyncify-boot",
    "plugin": "spartan-templating",
    "details": "[29-Jun-2025 07:29:00 UTC] PHP Notice:  Function wp_register_script was called <strong>incorrectly</strong>. Scripts and styles should not be registered or enqueued until the <code>wp_enqueue_scripts</code>, <code>admin_enqueue_scripts</code>, or <code>login_enqueue_scripts</code> hooks. This notice was triggered by the <code>facebooksdk</code> handle. Please see <a href=\"https://developer.wordpress.org/advanced-administration/debug/debug-wordpress/\">Debugging in WordPress</a> for more information. (This message was added in version 3.3.0.) in /wordpress/wp-includes/functions.php on line 6121",
    "log": "/logs/plugins/s/spartan-templating/error.json"
  },
  {
    "message": "Function wp_enqueue_script was called <strong>incorrectly</strong>. Scripts and styles should not be registered or enqueued until the <code>wp_enqueue_scripts</code>, <code>admin_enqueue_scripts</code>, or <code>login_enqueue_scripts</code> hooks. This notice was triggered by the <code>facebooksdk</code> handle. Please see <a href=\"https://developer.wordpress.org/advanced-administration/debug/debug-wordpress/\">Debugging in WordPress</a> for more information. (This message was added in version 3.3.0.) in /wordpress/wp-includes/functions.php on line 6121",
    "level": "NOTICE",
    "type": "PHP",
    "test": "asyncify-boot",
    "plugin": "spartan-templating",
    "details": "[29-Jun-2025 07:29:00 UTC] PHP Notice:  Function wp_enqueue_script was called <strong>incorrectly</strong>. Scripts and styles should not be registered or enqueued until the <code>wp_enqueue_scripts</code>, <code>admin_enqueue_scripts</code>, or <code>login_enqueue_scripts</code> hooks. This notice was triggered by the <code>facebooksdk</code> handle. Please see <a href=\"https://developer.wordpress.org/advanced-administration/debug/debug-wordpress/\">Debugging in WordPress</a> for more information. (This message was added in version 3.3.0.) in /wordpress/wp-includes/functions.php on line 6121",
    "log": "/logs/plugins/s/spartan-templating/error.json"
  },
  {
    "message": "Function wp_deregister_script was called <strong>incorrectly</strong>. Scripts and styles should not be registered or enqueued until the <code>wp_enqueue_scripts</code>, <code>admin_enqueue_scripts</code>, or <code>login_enqueue_scripts</code> hooks. This notice was triggered by the <code>twittersdk</code> handle. Please see <a href=\"https://developer.wordpress.org/advanced-administration/debug/debug-wordpress/\">Debugging in WordPress</a> for more information. (This message was added in version 3.3.0.) in /wordpress/wp-includes/functions.php on line 6121",
    "level": "NOTICE",
    "type": "PHP",
    "test": "asyncify-boot",
    "plugin": "spartan-templating",
    "details": "[29-Jun-2025 07:29:00 UTC] PHP Notice:  Function wp_deregister_script was called <strong>incorrectly</strong>. Scripts and styles should not be registered or enqueued until the <code>wp_enqueue_scripts</code>, <code>admin_enqueue_scripts</code>, or <code>login_enqueue_scripts</code> hooks. This notice was triggered by the <code>twittersdk</code> handle. Please see <a href=\"https://developer.wordpress.org/advanced-administration/debug/debug-wordpress/\">Debugging in WordPress</a> for more information. (This message was added in version 3.3.0.) in /wordpress/wp-includes/functions.php on line 6121",
    "log": "/logs/plugins/s/spartan-templating/error.json"
  },
  {
    "message": "Function wp_register_script was called <strong>incorrectly</strong>. Scripts and styles should not be registered or enqueued until the <code>wp_enqueue_scripts</code>, <code>admin_enqueue_scripts</code>, or <code>login_enqueue_scripts</code> hooks. This notice was triggered by the <code>twittersdk</code> handle. Please see <a href=\"https://developer.wordpress.org/advanced-administration/debug/debug-wordpress/\">Debugging in WordPress</a> for more information. (This message was added in version 3.3.0.) in /wordpress/wp-includes/functions.php on line 6121",
    "level": "NOTICE",
    "type": "PHP",
    "test": "asyncify-boot",
    "plugin": "spartan-templating",
    "details": "[29-Jun-2025 07:29:00 UTC] PHP Notice:  Function wp_register_script was called <strong>incorrectly</strong>. Scripts and styles should not be registered or enqueued until the <code>wp_enqueue_scripts</code>, <code>admin_enqueue_scripts</code>, or <code>login_enqueue_scripts</code> hooks. This notice was triggered by the <code>twittersdk</code> handle. Please see <a href=\"https://developer.wordpress.org/advanced-administration/debug/debug-wordpress/\">Debugging in WordPress</a> for more information. (This message was added in version 3.3.0.) in /wordpress/wp-includes/functions.php on line 6121",
    "log": "/logs/plugins/s/spartan-templating/error.json"
  },
  {
    "message": "Function wp_enqueue_script was called <strong>incorrectly</strong>. Scripts and styles should not be registered or enqueued until the <code>wp_enqueue_scripts</code>, <code>admin_enqueue_scripts</code>, or <code>login_enqueue_scripts</code> hooks. This notice was triggered by the <code>twittersdk</code> handle. Please see <a href=\"https://developer.wordpress.org/advanced-administration/debug/debug-wordpress/\">Debugging in WordPress</a> for more information. (This message was added in version 3.3.0.) in /wordpress/wp-includes/functions.php on line 6121",
    "level": "NOTICE",
    "type": "PHP",
    "test": "asyncify-boot",
    "plugin": "spartan-templating",
    "details": "[29-Jun-2025 07:29:00 UTC] PHP Notice:  Function wp_enqueue_script was called <strong>incorrectly</strong>. Scripts and styles should not be registered or enqueued until the <code>wp_enqueue_scripts</code>, <code>admin_enqueue_scripts</code>, or <code>login_enqueue_scripts</code> hooks. This notice was triggered by the <code>twittersdk</code> handle. Please see <a href=\"https://developer.wordpress.org/advanced-administration/debug/debug-wordpress/\">Debugging in WordPress</a> for more information. (This message was added in version 3.3.0.) in /wordpress/wp-includes/functions.php on line 6121",
    "log": "/logs/plugins/s/spartan-templating/error.json"
  },
  {
    "message": "Required parameter $old_quantity follows optional parameter $quantity in /wordpress/wp-content/plugins/simile-for-woocommerce/includes/simile-smart-bundles-products-view.php on line 430",
    "level": "DEPRECATED",
    "type": "PHP",
    "test": "asyncify-boot",
    "plugin": "spartan-templating",
    "details": "[29-Jun-2025 07:32:56 UTC] PHP Deprecated:  Required parameter $old_quantity follows optional parameter $quantity in /wordpress/wp-content/plugins/simile-for-woocommerce/includes/simile-smart-bundles-products-view.php on line 430",
    "log": "/logs/plugins/s/spartan-templating/error.json"
  },
  {
    "message": "Required parameter $cart follows optional parameter $quantity in /wordpress/wp-content/plugins/simile-for-woocommerce/includes/simile-smart-bundles-products-view.php on line 430",
    "level": "DEPRECATED",
    "type": "PHP",
    "test": "asyncify-boot",
    "plugin": "spartan-templating",
    "details": "[29-Jun-2025 07:32:56 UTC] PHP Deprecated:  Required parameter $cart follows optional parameter $quantity in /wordpress/wp-content/plugins/simile-for-woocommerce/includes/simile-smart-bundles-products-view.php on line 430",
    "log": "/logs/plugins/s/spartan-templating/error.json"
  },
  {
    "message": "Uncaught Exception: \"cURL error 35: OpenSSL SSL_connect: SSL_ERROR_SYSCALL in connection to api.scopemedia.com:443 \" in /wordpress/wp-content/plugins/simile-for-woocommerce/includes/simile-model.php:429",
    "level": "FATAL",
    "type": "PHP",
    "test": "asyncify-boot",
    "plugin": "spartan-templating",
    "details": "[29-Jun-2025 07:32:57 UTC] PHP Fatal error:  Uncaught Exception: \"cURL error 35: OpenSSL SSL_connect: SSL_ERROR_SYSCALL in connection to api.scopemedia.com:443 \" in /wordpress/wp-content/plugins/simile-for-woocommerce/includes/simile-model.php:429\nStack trace:\n#0 /wordpress/wp-content/plugins/simile-for-woocommerce/includes/simile-model.php(50): Simile_Model::check_response_error(Object(WP_Error))\n#1 /wordpress/wp-content/plugins/simile-for-woocommerce/includes/simile-on-activation.php(42): Simile_Model::signup()\n#2 /wordpress/wp-content/plugins/simile-for-woocommerce/simile-for-woocommerce.php(78): Simile_On_Activation::on_activation()\n#3 /wordpress/wp-includes/class-wp-hook.php(324): Simile->on_activation(false)\n#4 /wordpress/wp-includes/class-wp-hook.php(348): WP_Hook->apply_filters('', Array)\n#5 /wordpress/wp-includes/plugin.php(517): WP_Hook->do_action(Array)\n#6 /wordpress/wp-admin/includes/plugin.php(703): do_action('activate_simile...', false)\n#7 /internal/eval.php(20): activate_plugin('simile-for-wooc...')\n#8 {main}\n  thrown in /wordpress/wp-content/plugins/simile-for-woocommerce/includes/simile-model.php on line 429",
    "log": "/logs/plugins/s/spartan-templating/error.json"
  },
  {
    "message": "Required parameter $old_quantity follows optional parameter $quantity in /wordpress/wp-content/plugins/simile-for-woocommerce/includes/simile-smart-bundles-products-view.php on line 430",
    "level": "DEPRECATED",
    "type": "PHP",
    "test": "asyncify-boot",
    "plugin": "spartan-templating",
    "details": "[29-Jun-2025 07:33:05 UTC] PHP Deprecated:  Required parameter $old_quantity follows optional parameter $quantity in /wordpress/wp-content/plugins/simile-for-woocommerce/includes/simile-smart-bundles-products-view.php on line 430",
    "log": "/logs/plugins/s/spartan-templating/error.json"
  },
  {
    "message": "Required parameter $cart follows optional parameter $quantity in /wordpress/wp-content/plugins/simile-for-woocommerce/includes/simile-smart-bundles-products-view.php on line 430",
    "level": "DEPRECATED",
    "type": "PHP",
    "test": "asyncify-boot",
    "plugin": "spartan-templating",
    "details": "[29-Jun-2025 07:33:05 UTC] PHP Deprecated:  Required parameter $cart follows optional parameter $quantity in /wordpress/wp-content/plugins/simile-for-woocommerce/includes/simile-smart-bundles-products-view.php on line 430",
    "log": "/logs/plugins/s/spartan-templating/error.json"
  },
  {
    "message": "Uncaught Exception: \"cURL error 35: OpenSSL SSL_connect: SSL_ERROR_SYSCALL in connection to api.scopemedia.com:443 \" in /wordpress/wp-content/plugins/simile-for-woocommerce/includes/simile-model.php:429",
    "level": "FATAL",
    "type": "PHP",
    "test": "asyncify-boot",
    "plugin": "spartan-templating",
    "details": "[29-Jun-2025 07:33:05 UTC] PHP Fatal error:  Uncaught Exception: \"cURL error 35: OpenSSL SSL_connect: SSL_ERROR_SYSCALL in connection to api.scopemedia.com:443 \" in /wordpress/wp-content/plugins/simile-for-woocommerce/includes/simile-model.php:429\nStack trace:\n#0 /wordpress/wp-content/plugins/simile-for-woocommerce/includes/simile-model.php(50): Simile_Model::check_response_error(Object(WP_Error))\n#1 /wordpress/wp-content/plugins/simile-for-woocommerce/includes/simile-on-activation.php(42): Simile_Model::signup()\n#2 /wordpress/wp-content/plugins/simile-for-woocommerce/simile-for-woocommerce.php(78): Simile_On_Activation::on_activation()\n#3 /wordpress/wp-includes/class-wp-hook.php(324): Simile->on_activation(false)\n#4 /wordpress/wp-includes/class-wp-hook.php(348): WP_Hook->apply_filters('', Array)\n#5 /wordpress/wp-includes/plugin.php(517): WP_Hook->do_action(Array)\n#6 /wordpress/wp-admin/includes/plugin.php(703): do_action('activate_simile...', false)\n#7 /internal/eval.php(20): activate_plugin('simile-for-wooc...')\n#8 {main}\n  thrown in /wordpress/wp-content/plugins/simile-for-woocommerce/includes/simile-model.php on line 429",
    "log": "/logs/plugins/s/spartan-templating/error.json"
  },
  {
    "message": "Required parameter $old_quantity follows optional parameter $quantity in /wordpress/wp-content/plugins/simile-for-woocommerce/includes/simile-smart-bundles-products-view.php on line 430",
    "level": "DEPRECATED",
    "type": "PHP",
    "test": "asyncify-boot",
    "plugin": "spartan-templating",
    "details": "[29-Jun-2025 07:33:14 UTC] PHP Deprecated:  Required parameter $old_quantity follows optional parameter $quantity in /wordpress/wp-content/plugins/simile-for-woocommerce/includes/simile-smart-bundles-products-view.php on line 430",
    "log": "/logs/plugins/s/spartan-templating/error.json"
  },
  {
    "message": "Required parameter $cart follows optional parameter $quantity in /wordpress/wp-content/plugins/simile-for-woocommerce/includes/simile-smart-bundles-products-view.php on line 430",
    "level": "DEPRECATED",
    "type": "PHP",
    "test": "asyncify-boot",
    "plugin": "spartan-templating",
    "details": "[29-Jun-2025 07:33:14 UTC] PHP Deprecated:  Required parameter $cart follows optional parameter $quantity in /wordpress/wp-content/plugins/simile-for-woocommerce/includes/simile-smart-bundles-products-view.php on line 430",
    "log": "/logs/plugins/s/spartan-templating/error.json"
  },
  {
    "message": "Uncaught Exception: \"cURL error 28: Operation timed out after 5002 milliseconds with 0 out of 0 bytes received\" in /wordpress/wp-content/plugins/simile-for-woocommerce/includes/simile-model.php:429",
    "level": "FATAL",
    "type": "PHP",
    "test": "asyncify-boot",
    "plugin": "spartan-templating",
    "details": "[29-Jun-2025 07:33:19 UTC] PHP Fatal error:  Uncaught Exception: \"cURL error 28: Operation timed out after 5002 milliseconds with 0 out of 0 bytes received\" in /wordpress/wp-content/plugins/simile-for-woocommerce/includes/simile-model.php:429\nStack trace:\n#0 /wordpress/wp-content/plugins/simile-for-woocommerce/includes/simile-model.php(50): Simile_Model::check_response_error(Object(WP_Error))\n#1 /wordpress/wp-content/plugins/simile-for-woocommerce/includes/simile-on-activation.php(42): Simile_Model::signup()\n#2 /wordpress/wp-content/plugins/simile-for-woocommerce/simile-for-woocommerce.php(78): Simile_On_Activation::on_activation()\n#3 /wordpress/wp-includes/class-wp-hook.php(324): Simile->on_activation(false)\n#4 /wordpress/wp-includes/class-wp-hook.php(348): WP_Hook->apply_filters('', Array)\n#5 /wordpress/wp-includes/plugin.php(517): WP_Hook->do_action(Array)\n#6 /wordpress/wp-admin/includes/plugin.php(703): do_action('activate_simile...', false)\n#7 /internal/eval.php(20): activate_plugin('simile-for-wooc...')\n#8 {main}\n  thrown in /wordpress/wp-content/plugins/simile-for-woocommerce/includes/simile-model.php on line 429\n\n    at Object.onBind (file:///home/runner/work/playground-tester/playground-tester/node_modules/@wp-playground/cli/run-cli-j-geJYS3.js:325:15)\n    at process.processTicksAndRejections (node:internal/process/task_queues:105:5)\n    at async re (file:///home/runner/work/playground-tester/playground-tester/node_modules/@wp-playground/cli/run-cli-j-geJYS3.js:149:10) {\n  [cause]: Error: Error when executing the blueprint step #1 ({\"step\":\"installPlugin\",\"pluginData\":{\"resource\":\"wordpress.org/plugins\",\"slug\":\"spartan-templating\"},\"options\":{\"activate\":true}}) : Plugin /wordpress/wp-content/plugins/spartan-templating could not be activated – WordPress exited with no error. Sometimes, when $_SERVER or site options are not configured correctly, WordPress exits early with a 301 redirect. Inspect the \"debug\" logs in the console for more details.\n      at Object.run (file:///home/runner/work/playground-tester/playground-tester/node_modules/@wp-playground/blueprints/index.js:12093:19)\n      at process.processTicksAndRejections (node:internal/process/task_queues:105:5)\n      at async ys (file:///home/runner/work/playground-tester/playground-tester/node_modules/@wp-playground/blueprints/index.js:12196:3)\n      at async Object.onBind (file:///home/runner/work/playground-tester/playground-tester/node_modules/@wp-playground/cli/run-cli-j-geJYS3.js:315:48)\n      at async re (file:///home/runner/work/playground-tester/playground-tester/node_modules/@wp-playground/cli/run-cli-j-geJYS3.js:149:10) {\n    [cause]: Error: Plugin /wordpress/wp-content/plugins/spartan-templating could not be activated – WordPress exited with no error. Sometimes, when $_SERVER or site options are not configured correctly, WordPress exits early with a 301 redirect. Inspect the \"debug\" logs in the console for more details.\n        at wr (file:///home/runner/work/playground-tester/playground-tester/node_modules/@wp-playground/blueprints/index.js:120:51)\n        at process.processTicksAndRejections (node:internal/process/task_queues:105:5)\n        at async Object.gt [as installPlugin] (file:///home/runner/work/playground-tester/playground-tester/node_modules/@wp-playground/blueprints/index.js:631:42)\n        at async g (file:///home/runner/work/playground-tester/playground-tester/node_modules/@wp-playground/blueprints/index.js:12161:30)\n        at async Object.run (file:///home/runner/work/playground-tester/playground-tester/node_modules/@wp-playground/blueprints/index.js:12090:23)\n        at async ys (file:///home/runner/work/playground-tester/playground-tester/node_modules/@wp-playground/blueprints/index.js:12196:3)\n        at async Object.onBind (file:///home/runner/work/playground-tester/playground-tester/node_modules/@wp-playground/cli/run-cli-j-geJYS3.js:315:48)\n        at async re (file:///home/runner/work/playground-tester/playground-tester/node_modules/@wp-playground/cli/run-cli-j-geJYS3.js:149:10)\n  }\n}\n\n",
    "log": "/logs/plugins/s/spartan-templating/error.json"
  },
  {
    "message": "file:///home/runner/work/playground-tester/playground-tester/node_modules/@wp-playground/cli/run-cli-j-geJYS3.js:325\n        throw new Error($, { cause: h });\n              ^\n",
    "level": "FATAL",
    "type": "PLAYGROUND",
    "test": "jspi-boot",
    "plugin": "spartan-templating",
    "details": "file:///home/runner/work/playground-tester/playground-tester/node_modules/@wp-playground/cli/run-cli-j-geJYS3.js:325\n        throw new Error($, { cause: h });\n              ^\n",
    "log": "/tmp/tmp.8j4YpCDQAR"
  },
  {
    "message": "call_user_func_array() expects parameter 1 to be a valid callback, class 'Soapberry\\Soapberry' does not have a method 'activate' in /wordpress/wp-includes/class-wp-hook.php on line 324",
    "level": "WARNING",
    "type": "PHP",
    "test": "jspi-boot",
    "plugin": "spartan-templating",
    "details": "[29-Jun-2025 07:26:22 UTC] PHP Warning:  call_user_func_array() expects parameter 1 to be a valid callback, class 'Soapberry\\Soapberry' does not have a method 'activate' in /wordpress/wp-includes/class-wp-hook.php on line 324",
    "log": "/logs/plugins/s/spartan-templating/error.json"
  },
  {
    "message": "call_user_func_array() expects parameter 1 to be a valid callback, class 'Soapberry\\Soapberry' does not have a method 'activate' in /wordpress/wp-includes/class-wp-hook.php on line 324",
    "level": "WARNING",
    "type": "PHP",
    "test": "jspi-boot",
    "plugin": "spartan-templating",
    "details": "[29-Jun-2025 07:26:33 UTC] PHP Warning:  call_user_func_array() expects parameter 1 to be a valid callback, class 'Soapberry\\Soapberry' does not have a method 'activate' in /wordpress/wp-includes/class-wp-hook.php on line 324",
    "log": "/logs/plugins/s/spartan-templating/error.json"
  },
  {
    "message": "call_user_func_array() expects parameter 1 to be a valid callback, class 'Soapberry\\Soapberry' does not have a method 'activate' in /wordpress/wp-includes/class-wp-hook.php on line 324",
    "level": "WARNING",
    "type": "PHP",
    "test": "jspi-boot",
    "plugin": "spartan-templating",
    "details": "[29-Jun-2025 07:26:42 UTC] PHP Warning:  call_user_func_array() expects parameter 1 to be a valid callback, class 'Soapberry\\Soapberry' does not have a method 'activate' in /wordpress/wp-includes/class-wp-hook.php on line 324",
    "log": "/logs/plugins/s/spartan-templating/error.json"
  },
  {
    "message": "Undefined variable $wp_version in /wordpress/wp-content/plugins/sample-sales-op-je-site-nl/ssopjesite_stockverkopennl.php on line 91",
    "level": "WARNING",
    "type": "PHP",
    "test": "jspi-boot",
    "plugin": "spartan-templating",
    "details": "[29-Jun-2025 07:27:45 UTC] PHP Warning:  Undefined variable $wp_version in /wordpress/wp-content/plugins/sample-sales-op-je-site-nl/ssopjesite_stockverkopennl.php on line 91",
    "log": "/logs/plugins/s/spartan-templating/error.json"
  },
  {
    "message": "Uncaught TypeError: Unsupported operand types: string * int in /wordpress/wp-content/plugins/sample-sales-op-je-site-nl/ssopjesite_stockverkopennl.php:91",
    "level": "FATAL",
    "type": "PHP",
    "test": "jspi-boot",
    "plugin": "spartan-templating",
    "details": "[29-Jun-2025 07:27:45 UTC] PHP Fatal error:  Uncaught TypeError: Unsupported operand types: string * int in /wordpress/wp-content/plugins/sample-sales-op-je-site-nl/ssopjesite_stockverkopennl.php:91\nStack trace:\n#0 /wordpress/wp-admin/includes/plugin.php(2387): include_once()\n#1 /wordpress/wp-admin/includes/plugin.php(673): plugin_sandbox_scrape('sample-sales-op...')\n#2 /internal/eval.php(20): activate_plugin('sample-sales-op...')\n#3 {main}\n  thrown in /wordpress/wp-content/plugins/sample-sales-op-je-site-nl/ssopjesite_stockverkopennl.php on line 91",
    "log": "/logs/plugins/s/spartan-templating/error.json"
  },
  {
    "message": "Undefined variable $wp_version in /wordpress/wp-content/plugins/sample-sales-op-je-site-nl/ssopjesite_stockverkopennl.php on line 91",
    "level": "WARNING",
    "type": "PHP",
    "test": "jspi-boot",
    "plugin": "spartan-templating",
    "details": "[29-Jun-2025 07:27:53 UTC] PHP Warning:  Undefined variable $wp_version in /wordpress/wp-content/plugins/sample-sales-op-je-site-nl/ssopjesite_stockverkopennl.php on line 91",
    "log": "/logs/plugins/s/spartan-templating/error.json"
  },
  {
    "message": "Uncaught TypeError: Unsupported operand types: string * int in /wordpress/wp-content/plugins/sample-sales-op-je-site-nl/ssopjesite_stockverkopennl.php:91",
    "level": "FATAL",
    "type": "PHP",
    "test": "jspi-boot",
    "plugin": "spartan-templating",
    "details": "[29-Jun-2025 07:27:53 UTC] PHP Fatal error:  Uncaught TypeError: Unsupported operand types: string * int in /wordpress/wp-content/plugins/sample-sales-op-je-site-nl/ssopjesite_stockverkopennl.php:91\nStack trace:\n#0 /wordpress/wp-admin/includes/plugin.php(2387): include_once()\n#1 /wordpress/wp-admin/includes/plugin.php(673): plugin_sandbox_scrape('sample-sales-op...')\n#2 /internal/eval.php(20): activate_plugin('sample-sales-op...')\n#3 {main}\n  thrown in /wordpress/wp-content/plugins/sample-sales-op-je-site-nl/ssopjesite_stockverkopennl.php on line 91",
    "log": "/logs/plugins/s/spartan-templating/error.json"
  },
  {
    "message": "Undefined variable $wp_version in /wordpress/wp-content/plugins/sample-sales-op-je-site-nl/ssopjesite_stockverkopennl.php on line 91",
    "level": "WARNING",
    "type": "PHP",
    "test": "jspi-boot",
    "plugin": "spartan-templating",
    "details": "[29-Jun-2025 07:28:01 UTC] PHP Warning:  Undefined variable $wp_version in /wordpress/wp-content/plugins/sample-sales-op-je-site-nl/ssopjesite_stockverkopennl.php on line 91",
    "log": "/logs/plugins/s/spartan-templating/error.json"
  },
  {
    "message": "Uncaught TypeError: Unsupported operand types: string * int in /wordpress/wp-content/plugins/sample-sales-op-je-site-nl/ssopjesite_stockverkopennl.php:91",
    "level": "FATAL",
    "type": "PHP",
    "test": "jspi-boot",
    "plugin": "spartan-templating",
    "details": "[29-Jun-2025 07:28:01 UTC] PHP Fatal error:  Uncaught TypeError: Unsupported operand types: string * int in /wordpress/wp-content/plugins/sample-sales-op-je-site-nl/ssopjesite_stockverkopennl.php:91\nStack trace:\n#0 /wordpress/wp-admin/includes/plugin.php(2387): include_once()\n#1 /wordpress/wp-admin/includes/plugin.php(673): plugin_sandbox_scrape('sample-sales-op...')\n#2 /internal/eval.php(20): activate_plugin('sample-sales-op...')\n#3 {main}\n  thrown in /wordpress/wp-content/plugins/sample-sales-op-je-site-nl/ssopjesite_stockverkopennl.php on line 91",
    "log": "/logs/plugins/s/spartan-templating/error.json"
  },
  {
    "message": "Function wp_enqueue_script was called <strong>incorrectly</strong>. Scripts and styles should not be registered or enqueued until the <code>wp_enqueue_scripts</code>, <code>admin_enqueue_scripts</code>, or <code>login_enqueue_scripts</code> hooks. This notice was triggered by the <code>jquery</code> handle. Please see <a href=\"https://developer.wordpress.org/advanced-administration/debug/debug-wordpress/\">Debugging in WordPress</a> for more information. (This message was added in version 3.3.0.) in /wordpress/wp-includes/functions.php on line 6121",
    "level": "NOTICE",
    "type": "PHP",
    "test": "jspi-boot",
    "plugin": "spartan-templating",
    "details": "[29-Jun-2025 07:28:40 UTC] PHP Notice:  Function wp_enqueue_script was called <strong>incorrectly</strong>. Scripts and styles should not be registered or enqueued until the <code>wp_enqueue_scripts</code>, <code>admin_enqueue_scripts</code>, or <code>login_enqueue_scripts</code> hooks. This notice was triggered by the <code>jquery</code> handle. Please see <a href=\"https://developer.wordpress.org/advanced-administration/debug/debug-wordpress/\">Debugging in WordPress</a> for more information. (This message was added in version 3.3.0.) in /wordpress/wp-includes/functions.php on line 6121",
    "log": "/logs/plugins/s/spartan-templating/error.json"
  },
  {
    "message": "Function wp_deregister_script was called <strong>incorrectly</strong>. Scripts and styles should not be registered or enqueued until the <code>wp_enqueue_scripts</code>, <code>admin_enqueue_scripts</code>, or <code>login_enqueue_scripts</code> hooks. This notice was triggered by the <code>facebooksdk</code> handle. Please see <a href=\"https://developer.wordpress.org/advanced-administration/debug/debug-wordpress/\">Debugging in WordPress</a> for more information. (This message was added in version 3.3.0.) in /wordpress/wp-includes/functions.php on line 6121",
    "level": "NOTICE",
    "type": "PHP",
    "test": "jspi-boot",
    "plugin": "spartan-templating",
    "details": "[29-Jun-2025 07:28:40 UTC] PHP Notice:  Function wp_deregister_script was called <strong>incorrectly</strong>. Scripts and styles should not be registered or enqueued until the <code>wp_enqueue_scripts</code>, <code>admin_enqueue_scripts</code>, or <code>login_enqueue_scripts</code> hooks. This notice was triggered by the <code>facebooksdk</code> handle. Please see <a href=\"https://developer.wordpress.org/advanced-administration/debug/debug-wordpress/\">Debugging in WordPress</a> for more information. (This message was added in version 3.3.0.) in /wordpress/wp-includes/functions.php on line 6121",
    "log": "/logs/plugins/s/spartan-templating/error.json"
  },
  {
    "message": "Function wp_register_script was called <strong>incorrectly</strong>. Scripts and styles should not be registered or enqueued until the <code>wp_enqueue_scripts</code>, <code>admin_enqueue_scripts</code>, or <code>login_enqueue_scripts</code> hooks. This notice was triggered by the <code>facebooksdk</code> handle. Please see <a href=\"https://developer.wordpress.org/advanced-administration/debug/debug-wordpress/\">Debugging in WordPress</a> for more information. (This message was added in version 3.3.0.) in /wordpress/wp-includes/functions.php on line 6121",
    "level": "NOTICE",
    "type": "PHP",
    "test": "jspi-boot",
    "plugin": "spartan-templating",
    "details": "[29-Jun-2025 07:28:40 UTC] PHP Notice:  Function wp_register_script was called <strong>incorrectly</strong>. Scripts and styles should not be registered or enqueued until the <code>wp_enqueue_scripts</code>, <code>admin_enqueue_scripts</code>, or <code>login_enqueue_scripts</code> hooks. This notice was triggered by the <code>facebooksdk</code> handle. Please see <a href=\"https://developer.wordpress.org/advanced-administration/debug/debug-wordpress/\">Debugging in WordPress</a> for more information. (This message was added in version 3.3.0.) in /wordpress/wp-includes/functions.php on line 6121",
    "log": "/logs/plugins/s/spartan-templating/error.json"
  },
  {
    "message": "Function wp_enqueue_script was called <strong>incorrectly</strong>. Scripts and styles should not be registered or enqueued until the <code>wp_enqueue_scripts</code>, <code>admin_enqueue_scripts</code>, or <code>login_enqueue_scripts</code> hooks. This notice was triggered by the <code>facebooksdk</code> handle. Please see <a href=\"https://developer.wordpress.org/advanced-administration/debug/debug-wordpress/\">Debugging in WordPress</a> for more information. (This message was added in version 3.3.0.) in /wordpress/wp-includes/functions.php on line 6121",
    "level": "NOTICE",
    "type": "PHP",
    "test": "jspi-boot",
    "plugin": "spartan-templating",
    "details": "[29-Jun-2025 07:28:40 UTC] PHP Notice:  Function wp_enqueue_script was called <strong>incorrectly</strong>. Scripts and styles should not be registered or enqueued until the <code>wp_enqueue_scripts</code>, <code>admin_enqueue_scripts</code>, or <code>login_enqueue_scripts</code> hooks. This notice was triggered by the <code>facebooksdk</code> handle. Please see <a href=\"https://developer.wordpress.org/advanced-administration/debug/debug-wordpress/\">Debugging in WordPress</a> for more information. (This message was added in version 3.3.0.) in /wordpress/wp-includes/functions.php on line 6121",
    "log": "/logs/plugins/s/spartan-templating/error.json"
  },
  {
    "message": "Function wp_deregister_script was called <strong>incorrectly</strong>. Scripts and styles should not be registered or enqueued until the <code>wp_enqueue_scripts</code>, <code>admin_enqueue_scripts</code>, or <code>login_enqueue_scripts</code> hooks. This notice was triggered by the <code>twittersdk</code> handle. Please see <a href=\"https://developer.wordpress.org/advanced-administration/debug/debug-wordpress/\">Debugging in WordPress</a> for more information. (This message was added in version 3.3.0.) in /wordpress/wp-includes/functions.php on line 6121",
    "level": "NOTICE",
    "type": "PHP",
    "test": "jspi-boot",
    "plugin": "spartan-templating",
    "details": "[29-Jun-2025 07:28:40 UTC] PHP Notice:  Function wp_deregister_script was called <strong>incorrectly</strong>. Scripts and styles should not be registered or enqueued until the <code>wp_enqueue_scripts</code>, <code>admin_enqueue_scripts</code>, or <code>login_enqueue_scripts</code> hooks. This notice was triggered by the <code>twittersdk</code> handle. Please see <a href=\"https://developer.wordpress.org/advanced-administration/debug/debug-wordpress/\">Debugging in WordPress</a> for more information. (This message was added in version 3.3.0.) in /wordpress/wp-includes/functions.php on line 6121",
    "log": "/logs/plugins/s/spartan-templating/error.json"
  },
  {
    "message": "Function wp_register_script was called <strong>incorrectly</strong>. Scripts and styles should not be registered or enqueued until the <code>wp_enqueue_scripts</code>, <code>admin_enqueue_scripts</code>, or <code>login_enqueue_scripts</code> hooks. This notice was triggered by the <code>twittersdk</code> handle. Please see <a href=\"https://developer.wordpress.org/advanced-administration/debug/debug-wordpress/\">Debugging in WordPress</a> for more information. (This message was added in version 3.3.0.) in /wordpress/wp-includes/functions.php on line 6121",
    "level": "NOTICE",
    "type": "PHP",
    "test": "jspi-boot",
    "plugin": "spartan-templating",
    "details": "[29-Jun-2025 07:28:40 UTC] PHP Notice:  Function wp_register_script was called <strong>incorrectly</strong>. Scripts and styles should not be registered or enqueued until the <code>wp_enqueue_scripts</code>, <code>admin_enqueue_scripts</code>, or <code>login_enqueue_scripts</code> hooks. This notice was triggered by the <code>twittersdk</code> handle. Please see <a href=\"https://developer.wordpress.org/advanced-administration/debug/debug-wordpress/\">Debugging in WordPress</a> for more information. (This message was added in version 3.3.0.) in /wordpress/wp-includes/functions.php on line 6121",
    "log": "/logs/plugins/s/spartan-templating/error.json"
  },
  {
    "message": "Function wp_enqueue_script was called <strong>incorrectly</strong>. Scripts and styles should not be registered or enqueued until the <code>wp_enqueue_scripts</code>, <code>admin_enqueue_scripts</code>, or <code>login_enqueue_scripts</code> hooks. This notice was triggered by the <code>twittersdk</code> handle. Please see <a href=\"https://developer.wordpress.org/advanced-administration/debug/debug-wordpress/\">Debugging in WordPress</a> for more information. (This message was added in version 3.3.0.) in /wordpress/wp-includes/functions.php on line 6121",
    "level": "NOTICE",
    "type": "PHP",
    "test": "jspi-boot",
    "plugin": "spartan-templating",
    "details": "[29-Jun-2025 07:28:40 UTC] PHP Notice:  Function wp_enqueue_script was called <strong>incorrectly</strong>. Scripts and styles should not be registered or enqueued until the <code>wp_enqueue_scripts</code>, <code>admin_enqueue_scripts</code>, or <code>login_enqueue_scripts</code> hooks. This notice was triggered by the <code>twittersdk</code> handle. Please see <a href=\"https://developer.wordpress.org/advanced-administration/debug/debug-wordpress/\">Debugging in WordPress</a> for more information. (This message was added in version 3.3.0.) in /wordpress/wp-includes/functions.php on line 6121",
    "log": "/logs/plugins/s/spartan-templating/error.json"
  },
  {
    "message": "Function wp_enqueue_script was called <strong>incorrectly</strong>. Scripts and styles should not be registered or enqueued until the <code>wp_enqueue_scripts</code>, <code>admin_enqueue_scripts</code>, or <code>login_enqueue_scripts</code> hooks. This notice was triggered by the <code>jquery</code> handle. Please see <a href=\"https://developer.wordpress.org/advanced-administration/debug/debug-wordpress/\">Debugging in WordPress</a> for more information. (This message was added in version 3.3.0.) in /wordpress/wp-includes/functions.php on line 6121",
    "level": "NOTICE",
    "type": "PHP",
    "test": "jspi-boot",
    "plugin": "spartan-templating",
    "details": "[29-Jun-2025 07:28:50 UTC] PHP Notice:  Function wp_enqueue_script was called <strong>incorrectly</strong>. Scripts and styles should not be registered or enqueued until the <code>wp_enqueue_scripts</code>, <code>admin_enqueue_scripts</code>, or <code>login_enqueue_scripts</code> hooks. This notice was triggered by the <code>jquery</code> handle. Please see <a href=\"https://developer.wordpress.org/advanced-administration/debug/debug-wordpress/\">Debugging in WordPress</a> for more information. (This message was added in version 3.3.0.) in /wordpress/wp-includes/functions.php on line 6121",
    "log": "/logs/plugins/s/spartan-templating/error.json"
  },
  {
    "message": "Function wp_deregister_script was called <strong>incorrectly</strong>. Scripts and styles should not be registered or enqueued until the <code>wp_enqueue_scripts</code>, <code>admin_enqueue_scripts</code>, or <code>login_enqueue_scripts</code> hooks. This notice was triggered by the <code>facebooksdk</code> handle. Please see <a href=\"https://developer.wordpress.org/advanced-administration/debug/debug-wordpress/\">Debugging in WordPress</a> for more information. (This message was added in version 3.3.0.) in /wordpress/wp-includes/functions.php on line 6121",
    "level": "NOTICE",
    "type": "PHP",
    "test": "jspi-boot",
    "plugin": "spartan-templating",
    "details": "[29-Jun-2025 07:28:50 UTC] PHP Notice:  Function wp_deregister_script was called <strong>incorrectly</strong>. Scripts and styles should not be registered or enqueued until the <code>wp_enqueue_scripts</code>, <code>admin_enqueue_scripts</code>, or <code>login_enqueue_scripts</code> hooks. This notice was triggered by the <code>facebooksdk</code> handle. Please see <a href=\"https://developer.wordpress.org/advanced-administration/debug/debug-wordpress/\">Debugging in WordPress</a> for more information. (This message was added in version 3.3.0.) in /wordpress/wp-includes/functions.php on line 6121",
    "log": "/logs/plugins/s/spartan-templating/error.json"
  },
  {
    "message": "Function wp_register_script was called <strong>incorrectly</strong>. Scripts and styles should not be registered or enqueued until the <code>wp_enqueue_scripts</code>, <code>admin_enqueue_scripts</code>, or <code>login_enqueue_scripts</code> hooks. This notice was triggered by the <code>facebooksdk</code> handle. Please see <a href=\"https://developer.wordpress.org/advanced-administration/debug/debug-wordpress/\">Debugging in WordPress</a> for more information. (This message was added in version 3.3.0.) in /wordpress/wp-includes/functions.php on line 6121",
    "level": "NOTICE",
    "type": "PHP",
    "test": "jspi-boot",
    "plugin": "spartan-templating",
    "details": "[29-Jun-2025 07:28:50 UTC] PHP Notice:  Function wp_register_script was called <strong>incorrectly</strong>. Scripts and styles should not be registered or enqueued until the <code>wp_enqueue_scripts</code>, <code>admin_enqueue_scripts</code>, or <code>login_enqueue_scripts</code> hooks. This notice was triggered by the <code>facebooksdk</code> handle. Please see <a href=\"https://developer.wordpress.org/advanced-administration/debug/debug-wordpress/\">Debugging in WordPress</a> for more information. (This message was added in version 3.3.0.) in /wordpress/wp-includes/functions.php on line 6121",
    "log": "/logs/plugins/s/spartan-templating/error.json"
  },
  {
    "message": "Function wp_enqueue_script was called <strong>incorrectly</strong>. Scripts and styles should not be registered or enqueued until the <code>wp_enqueue_scripts</code>, <code>admin_enqueue_scripts</code>, or <code>login_enqueue_scripts</code> hooks. This notice was triggered by the <code>facebooksdk</code> handle. Please see <a href=\"https://developer.wordpress.org/advanced-administration/debug/debug-wordpress/\">Debugging in WordPress</a> for more information. (This message was added in version 3.3.0.) in /wordpress/wp-includes/functions.php on line 6121",
    "level": "NOTICE",
    "type": "PHP",
    "test": "jspi-boot",
    "plugin": "spartan-templating",
    "details": "[29-Jun-2025 07:28:50 UTC] PHP Notice:  Function wp_enqueue_script was called <strong>incorrectly</strong>. Scripts and styles should not be registered or enqueued until the <code>wp_enqueue_scripts</code>, <code>admin_enqueue_scripts</code>, or <code>login_enqueue_scripts</code> hooks. This notice was triggered by the <code>facebooksdk</code> handle. Please see <a href=\"https://developer.wordpress.org/advanced-administration/debug/debug-wordpress/\">Debugging in WordPress</a> for more information. (This message was added in version 3.3.0.) in /wordpress/wp-includes/functions.php on line 6121",
    "log": "/logs/plugins/s/spartan-templating/error.json"
  },
  {
    "message": "Function wp_deregister_script was called <strong>incorrectly</strong>. Scripts and styles should not be registered or enqueued until the <code>wp_enqueue_scripts</code>, <code>admin_enqueue_scripts</code>, or <code>login_enqueue_scripts</code> hooks. This notice was triggered by the <code>twittersdk</code> handle. Please see <a href=\"https://developer.wordpress.org/advanced-administration/debug/debug-wordpress/\">Debugging in WordPress</a> for more information. (This message was added in version 3.3.0.) in /wordpress/wp-includes/functions.php on line 6121",
    "level": "NOTICE",
    "type": "PHP",
    "test": "jspi-boot",
    "plugin": "spartan-templating",
    "details": "[29-Jun-2025 07:28:50 UTC] PHP Notice:  Function wp_deregister_script was called <strong>incorrectly</strong>. Scripts and styles should not be registered or enqueued until the <code>wp_enqueue_scripts</code>, <code>admin_enqueue_scripts</code>, or <code>login_enqueue_scripts</code> hooks. This notice was triggered by the <code>twittersdk</code> handle. Please see <a href=\"https://developer.wordpress.org/advanced-administration/debug/debug-wordpress/\">Debugging in WordPress</a> for more information. (This message was added in version 3.3.0.) in /wordpress/wp-includes/functions.php on line 6121",
    "log": "/logs/plugins/s/spartan-templating/error.json"
  },
  {
    "message": "Function wp_register_script was called <strong>incorrectly</strong>. Scripts and styles should not be registered or enqueued until the <code>wp_enqueue_scripts</code>, <code>admin_enqueue_scripts</code>, or <code>login_enqueue_scripts</code> hooks. This notice was triggered by the <code>twittersdk</code> handle. Please see <a href=\"https://developer.wordpress.org/advanced-administration/debug/debug-wordpress/\">Debugging in WordPress</a> for more information. (This message was added in version 3.3.0.) in /wordpress/wp-includes/functions.php on line 6121",
    "level": "NOTICE",
    "type": "PHP",
    "test": "jspi-boot",
    "plugin": "spartan-templating",
    "details": "[29-Jun-2025 07:28:50 UTC] PHP Notice:  Function wp_register_script was called <strong>incorrectly</strong>. Scripts and styles should not be registered or enqueued until the <code>wp_enqueue_scripts</code>, <code>admin_enqueue_scripts</code>, or <code>login_enqueue_scripts</code> hooks. This notice was triggered by the <code>twittersdk</code> handle. Please see <a href=\"https://developer.wordpress.org/advanced-administration/debug/debug-wordpress/\">Debugging in WordPress</a> for more information. (This message was added in version 3.3.0.) in /wordpress/wp-includes/functions.php on line 6121",
    "log": "/logs/plugins/s/spartan-templating/error.json"
  },
  {
    "message": "Function wp_enqueue_script was called <strong>incorrectly</strong>. Scripts and styles should not be registered or enqueued until the <code>wp_enqueue_scripts</code>, <code>admin_enqueue_scripts</code>, or <code>login_enqueue_scripts</code> hooks. This notice was triggered by the <code>twittersdk</code> handle. Please see <a href=\"https://developer.wordpress.org/advanced-administration/debug/debug-wordpress/\">Debugging in WordPress</a> for more information. (This message was added in version 3.3.0.) in /wordpress/wp-includes/functions.php on line 6121",
    "level": "NOTICE",
    "type": "PHP",
    "test": "jspi-boot",
    "plugin": "spartan-templating",
    "details": "[29-Jun-2025 07:28:50 UTC] PHP Notice:  Function wp_enqueue_script was called <strong>incorrectly</strong>. Scripts and styles should not be registered or enqueued until the <code>wp_enqueue_scripts</code>, <code>admin_enqueue_scripts</code>, or <code>login_enqueue_scripts</code> hooks. This notice was triggered by the <code>twittersdk</code> handle. Please see <a href=\"https://developer.wordpress.org/advanced-administration/debug/debug-wordpress/\">Debugging in WordPress</a> for more information. (This message was added in version 3.3.0.) in /wordpress/wp-includes/functions.php on line 6121",
    "log": "/logs/plugins/s/spartan-templating/error.json"
  },
  {
    "message": "Function wp_enqueue_script was called <strong>incorrectly</strong>. Scripts and styles should not be registered or enqueued until the <code>wp_enqueue_scripts</code>, <code>admin_enqueue_scripts</code>, or <code>login_enqueue_scripts</code> hooks. This notice was triggered by the <code>jquery</code> handle. Please see <a href=\"https://developer.wordpress.org/advanced-administration/debug/debug-wordpress/\">Debugging in WordPress</a> for more information. (This message was added in version 3.3.0.) in /wordpress/wp-includes/functions.php on line 6121",
    "level": "NOTICE",
    "type": "PHP",
    "test": "jspi-boot",
    "plugin": "spartan-templating",
    "details": "[29-Jun-2025 07:29:00 UTC] PHP Notice:  Function wp_enqueue_script was called <strong>incorrectly</strong>. Scripts and styles should not be registered or enqueued until the <code>wp_enqueue_scripts</code>, <code>admin_enqueue_scripts</code>, or <code>login_enqueue_scripts</code> hooks. This notice was triggered by the <code>jquery</code> handle. Please see <a href=\"https://developer.wordpress.org/advanced-administration/debug/debug-wordpress/\">Debugging in WordPress</a> for more information. (This message was added in version 3.3.0.) in /wordpress/wp-includes/functions.php on line 6121",
    "log": "/logs/plugins/s/spartan-templating/error.json"
  },
  {
    "message": "Function wp_deregister_script was called <strong>incorrectly</strong>. Scripts and styles should not be registered or enqueued until the <code>wp_enqueue_scripts</code>, <code>admin_enqueue_scripts</code>, or <code>login_enqueue_scripts</code> hooks. This notice was triggered by the <code>facebooksdk</code> handle. Please see <a href=\"https://developer.wordpress.org/advanced-administration/debug/debug-wordpress/\">Debugging in WordPress</a> for more information. (This message was added in version 3.3.0.) in /wordpress/wp-includes/functions.php on line 6121",
    "level": "NOTICE",
    "type": "PHP",
    "test": "jspi-boot",
    "plugin": "spartan-templating",
    "details": "[29-Jun-2025 07:29:00 UTC] PHP Notice:  Function wp_deregister_script was called <strong>incorrectly</strong>. Scripts and styles should not be registered or enqueued until the <code>wp_enqueue_scripts</code>, <code>admin_enqueue_scripts</code>, or <code>login_enqueue_scripts</code> hooks. This notice was triggered by the <code>facebooksdk</code> handle. Please see <a href=\"https://developer.wordpress.org/advanced-administration/debug/debug-wordpress/\">Debugging in WordPress</a> for more information. (This message was added in version 3.3.0.) in /wordpress/wp-includes/functions.php on line 6121",
    "log": "/logs/plugins/s/spartan-templating/error.json"
  },
  {
    "message": "Function wp_register_script was called <strong>incorrectly</strong>. Scripts and styles should not be registered or enqueued until the <code>wp_enqueue_scripts</code>, <code>admin_enqueue_scripts</code>, or <code>login_enqueue_scripts</code> hooks. This notice was triggered by the <code>facebooksdk</code> handle. Please see <a href=\"https://developer.wordpress.org/advanced-administration/debug/debug-wordpress/\">Debugging in WordPress</a> for more information. (This message was added in version 3.3.0.) in /wordpress/wp-includes/functions.php on line 6121",
    "level": "NOTICE",
    "type": "PHP",
    "test": "jspi-boot",
    "plugin": "spartan-templating",
    "details": "[29-Jun-2025 07:29:00 UTC] PHP Notice:  Function wp_register_script was called <strong>incorrectly</strong>. Scripts and styles should not be registered or enqueued until the <code>wp_enqueue_scripts</code>, <code>admin_enqueue_scripts</code>, or <code>login_enqueue_scripts</code> hooks. This notice was triggered by the <code>facebooksdk</code> handle. Please see <a href=\"https://developer.wordpress.org/advanced-administration/debug/debug-wordpress/\">Debugging in WordPress</a> for more information. (This message was added in version 3.3.0.) in /wordpress/wp-includes/functions.php on line 6121",
    "log": "/logs/plugins/s/spartan-templating/error.json"
  },
  {
    "message": "Function wp_enqueue_script was called <strong>incorrectly</strong>. Scripts and styles should not be registered or enqueued until the <code>wp_enqueue_scripts</code>, <code>admin_enqueue_scripts</code>, or <code>login_enqueue_scripts</code> hooks. This notice was triggered by the <code>facebooksdk</code> handle. Please see <a href=\"https://developer.wordpress.org/advanced-administration/debug/debug-wordpress/\">Debugging in WordPress</a> for more information. (This message was added in version 3.3.0.) in /wordpress/wp-includes/functions.php on line 6121",
    "level": "NOTICE",
    "type": "PHP",
    "test": "jspi-boot",
    "plugin": "spartan-templating",
    "details": "[29-Jun-2025 07:29:00 UTC] PHP Notice:  Function wp_enqueue_script was called <strong>incorrectly</strong>. Scripts and styles should not be registered or enqueued until the <code>wp_enqueue_scripts</code>, <code>admin_enqueue_scripts</code>, or <code>login_enqueue_scripts</code> hooks. This notice was triggered by the <code>facebooksdk</code> handle. Please see <a href=\"https://developer.wordpress.org/advanced-administration/debug/debug-wordpress/\">Debugging in WordPress</a> for more information. (This message was added in version 3.3.0.) in /wordpress/wp-includes/functions.php on line 6121",
    "log": "/logs/plugins/s/spartan-templating/error.json"
  },
  {
    "message": "Function wp_deregister_script was called <strong>incorrectly</strong>. Scripts and styles should not be registered or enqueued until the <code>wp_enqueue_scripts</code>, <code>admin_enqueue_scripts</code>, or <code>login_enqueue_scripts</code> hooks. This notice was triggered by the <code>twittersdk</code> handle. Please see <a href=\"https://developer.wordpress.org/advanced-administration/debug/debug-wordpress/\">Debugging in WordPress</a> for more information. (This message was added in version 3.3.0.) in /wordpress/wp-includes/functions.php on line 6121",
    "level": "NOTICE",
    "type": "PHP",
    "test": "jspi-boot",
    "plugin": "spartan-templating",
    "details": "[29-Jun-2025 07:29:00 UTC] PHP Notice:  Function wp_deregister_script was called <strong>incorrectly</strong>. Scripts and styles should not be registered or enqueued until the <code>wp_enqueue_scripts</code>, <code>admin_enqueue_scripts</code>, or <code>login_enqueue_scripts</code> hooks. This notice was triggered by the <code>twittersdk</code> handle. Please see <a href=\"https://developer.wordpress.org/advanced-administration/debug/debug-wordpress/\">Debugging in WordPress</a> for more information. (This message was added in version 3.3.0.) in /wordpress/wp-includes/functions.php on line 6121",
    "log": "/logs/plugins/s/spartan-templating/error.json"
  },
  {
    "message": "Function wp_register_script was called <strong>incorrectly</strong>. Scripts and styles should not be registered or enqueued until the <code>wp_enqueue_scripts</code>, <code>admin_enqueue_scripts</code>, or <code>login_enqueue_scripts</code> hooks. This notice was triggered by the <code>twittersdk</code> handle. Please see <a href=\"https://developer.wordpress.org/advanced-administration/debug/debug-wordpress/\">Debugging in WordPress</a> for more information. (This message was added in version 3.3.0.) in /wordpress/wp-includes/functions.php on line 6121",
    "level": "NOTICE",
    "type": "PHP",
    "test": "jspi-boot",
    "plugin": "spartan-templating",
    "details": "[29-Jun-2025 07:29:00 UTC] PHP Notice:  Function wp_register_script was called <strong>incorrectly</strong>. Scripts and styles should not be registered or enqueued until the <code>wp_enqueue_scripts</code>, <code>admin_enqueue_scripts</code>, or <code>login_enqueue_scripts</code> hooks. This notice was triggered by the <code>twittersdk</code> handle. Please see <a href=\"https://developer.wordpress.org/advanced-administration/debug/debug-wordpress/\">Debugging in WordPress</a> for more information. (This message was added in version 3.3.0.) in /wordpress/wp-includes/functions.php on line 6121",
    "log": "/logs/plugins/s/spartan-templating/error.json"
  },
  {
    "message": "Function wp_enqueue_script was called <strong>incorrectly</strong>. Scripts and styles should not be registered or enqueued until the <code>wp_enqueue_scripts</code>, <code>admin_enqueue_scripts</code>, or <code>login_enqueue_scripts</code> hooks. This notice was triggered by the <code>twittersdk</code> handle. Please see <a href=\"https://developer.wordpress.org/advanced-administration/debug/debug-wordpress/\">Debugging in WordPress</a> for more information. (This message was added in version 3.3.0.) in /wordpress/wp-includes/functions.php on line 6121",
    "level": "NOTICE",
    "type": "PHP",
    "test": "jspi-boot",
    "plugin": "spartan-templating",
    "details": "[29-Jun-2025 07:29:00 UTC] PHP Notice:  Function wp_enqueue_script was called <strong>incorrectly</strong>. Scripts and styles should not be registered or enqueued until the <code>wp_enqueue_scripts</code>, <code>admin_enqueue_scripts</code>, or <code>login_enqueue_scripts</code> hooks. This notice was triggered by the <code>twittersdk</code> handle. Please see <a href=\"https://developer.wordpress.org/advanced-administration/debug/debug-wordpress/\">Debugging in WordPress</a> for more information. (This message was added in version 3.3.0.) in /wordpress/wp-includes/functions.php on line 6121",
    "log": "/logs/plugins/s/spartan-templating/error.json"
  },
  {
    "message": "Required parameter $old_quantity follows optional parameter $quantity in /wordpress/wp-content/plugins/simile-for-woocommerce/includes/simile-smart-bundles-products-view.php on line 430",
    "level": "DEPRECATED",
    "type": "PHP",
    "test": "jspi-boot",
    "plugin": "spartan-templating",
    "details": "[29-Jun-2025 07:32:56 UTC] PHP Deprecated:  Required parameter $old_quantity follows optional parameter $quantity in /wordpress/wp-content/plugins/simile-for-woocommerce/includes/simile-smart-bundles-products-view.php on line 430",
    "log": "/logs/plugins/s/spartan-templating/error.json"
  },
  {
    "message": "Required parameter $cart follows optional parameter $quantity in /wordpress/wp-content/plugins/simile-for-woocommerce/includes/simile-smart-bundles-products-view.php on line 430",
    "level": "DEPRECATED",
    "type": "PHP",
    "test": "jspi-boot",
    "plugin": "spartan-templating",
    "details": "[29-Jun-2025 07:32:56 UTC] PHP Deprecated:  Required parameter $cart follows optional parameter $quantity in /wordpress/wp-content/plugins/simile-for-woocommerce/includes/simile-smart-bundles-products-view.php on line 430",
    "log": "/logs/plugins/s/spartan-templating/error.json"
  },
  {
    "message": "Uncaught Exception: \"cURL error 35: OpenSSL SSL_connect: SSL_ERROR_SYSCALL in connection to api.scopemedia.com:443 \" in /wordpress/wp-content/plugins/simile-for-woocommerce/includes/simile-model.php:429",
    "level": "FATAL",
    "type": "PHP",
    "test": "jspi-boot",
    "plugin": "spartan-templating",
    "details": "[29-Jun-2025 07:32:57 UTC] PHP Fatal error:  Uncaught Exception: \"cURL error 35: OpenSSL SSL_connect: SSL_ERROR_SYSCALL in connection to api.scopemedia.com:443 \" in /wordpress/wp-content/plugins/simile-for-woocommerce/includes/simile-model.php:429\nStack trace:\n#0 /wordpress/wp-content/plugins/simile-for-woocommerce/includes/simile-model.php(50): Simile_Model::check_response_error(Object(WP_Error))\n#1 /wordpress/wp-content/plugins/simile-for-woocommerce/includes/simile-on-activation.php(42): Simile_Model::signup()\n#2 /wordpress/wp-content/plugins/simile-for-woocommerce/simile-for-woocommerce.php(78): Simile_On_Activation::on_activation()\n#3 /wordpress/wp-includes/class-wp-hook.php(324): Simile->on_activation(false)\n#4 /wordpress/wp-includes/class-wp-hook.php(348): WP_Hook->apply_filters('', Array)\n#5 /wordpress/wp-includes/plugin.php(517): WP_Hook->do_action(Array)\n#6 /wordpress/wp-admin/includes/plugin.php(703): do_action('activate_simile...', false)\n#7 /internal/eval.php(20): activate_plugin('simile-for-wooc...')\n#8 {main}\n  thrown in /wordpress/wp-content/plugins/simile-for-woocommerce/includes/simile-model.php on line 429",
    "log": "/logs/plugins/s/spartan-templating/error.json"
  },
  {
    "message": "Required parameter $old_quantity follows optional parameter $quantity in /wordpress/wp-content/plugins/simile-for-woocommerce/includes/simile-smart-bundles-products-view.php on line 430",
    "level": "DEPRECATED",
    "type": "PHP",
    "test": "jspi-boot",
    "plugin": "spartan-templating",
    "details": "[29-Jun-2025 07:33:05 UTC] PHP Deprecated:  Required parameter $old_quantity follows optional parameter $quantity in /wordpress/wp-content/plugins/simile-for-woocommerce/includes/simile-smart-bundles-products-view.php on line 430",
    "log": "/logs/plugins/s/spartan-templating/error.json"
  },
  {
    "message": "Required parameter $cart follows optional parameter $quantity in /wordpress/wp-content/plugins/simile-for-woocommerce/includes/simile-smart-bundles-products-view.php on line 430",
    "level": "DEPRECATED",
    "type": "PHP",
    "test": "jspi-boot",
    "plugin": "spartan-templating",
    "details": "[29-Jun-2025 07:33:05 UTC] PHP Deprecated:  Required parameter $cart follows optional parameter $quantity in /wordpress/wp-content/plugins/simile-for-woocommerce/includes/simile-smart-bundles-products-view.php on line 430",
    "log": "/logs/plugins/s/spartan-templating/error.json"
  },
  {
    "message": "Uncaught Exception: \"cURL error 35: OpenSSL SSL_connect: SSL_ERROR_SYSCALL in connection to api.scopemedia.com:443 \" in /wordpress/wp-content/plugins/simile-for-woocommerce/includes/simile-model.php:429",
    "level": "FATAL",
    "type": "PHP",
    "test": "jspi-boot",
    "plugin": "spartan-templating",
    "details": "[29-Jun-2025 07:33:05 UTC] PHP Fatal error:  Uncaught Exception: \"cURL error 35: OpenSSL SSL_connect: SSL_ERROR_SYSCALL in connection to api.scopemedia.com:443 \" in /wordpress/wp-content/plugins/simile-for-woocommerce/includes/simile-model.php:429\nStack trace:\n#0 /wordpress/wp-content/plugins/simile-for-woocommerce/includes/simile-model.php(50): Simile_Model::check_response_error(Object(WP_Error))\n#1 /wordpress/wp-content/plugins/simile-for-woocommerce/includes/simile-on-activation.php(42): Simile_Model::signup()\n#2 /wordpress/wp-content/plugins/simile-for-woocommerce/simile-for-woocommerce.php(78): Simile_On_Activation::on_activation()\n#3 /wordpress/wp-includes/class-wp-hook.php(324): Simile->on_activation(false)\n#4 /wordpress/wp-includes/class-wp-hook.php(348): WP_Hook->apply_filters('', Array)\n#5 /wordpress/wp-includes/plugin.php(517): WP_Hook->do_action(Array)\n#6 /wordpress/wp-admin/includes/plugin.php(703): do_action('activate_simile...', false)\n#7 /internal/eval.php(20): activate_plugin('simile-for-wooc...')\n#8 {main}\n  thrown in /wordpress/wp-content/plugins/simile-for-woocommerce/includes/simile-model.php on line 429",
    "log": "/logs/plugins/s/spartan-templating/error.json"
  },
  {
    "message": "Required parameter $old_quantity follows optional parameter $quantity in /wordpress/wp-content/plugins/simile-for-woocommerce/includes/simile-smart-bundles-products-view.php on line 430",
    "level": "DEPRECATED",
    "type": "PHP",
    "test": "jspi-boot",
    "plugin": "spartan-templating",
    "details": "[29-Jun-2025 07:33:14 UTC] PHP Deprecated:  Required parameter $old_quantity follows optional parameter $quantity in /wordpress/wp-content/plugins/simile-for-woocommerce/includes/simile-smart-bundles-products-view.php on line 430",
    "log": "/logs/plugins/s/spartan-templating/error.json"
  },
  {
    "message": "Required parameter $cart follows optional parameter $quantity in /wordpress/wp-content/plugins/simile-for-woocommerce/includes/simile-smart-bundles-products-view.php on line 430",
    "level": "DEPRECATED",
    "type": "PHP",
    "test": "jspi-boot",
    "plugin": "spartan-templating",
    "details": "[29-Jun-2025 07:33:14 UTC] PHP Deprecated:  Required parameter $cart follows optional parameter $quantity in /wordpress/wp-content/plugins/simile-for-woocommerce/includes/simile-smart-bundles-products-view.php on line 430",
    "log": "/logs/plugins/s/spartan-templating/error.json"
  },
  {
    "message": "Uncaught Exception: \"cURL error 28: Operation timed out after 5002 milliseconds with 0 out of 0 bytes received\" in /wordpress/wp-content/plugins/simile-for-woocommerce/includes/simile-model.php:429",
    "level": "FATAL",
    "type": "PHP",
    "test": "jspi-boot",
    "plugin": "spartan-templating",
    "details": "[29-Jun-2025 07:33:19 UTC] PHP Fatal error:  Uncaught Exception: \"cURL error 28: Operation timed out after 5002 milliseconds with 0 out of 0 bytes received\" in /wordpress/wp-content/plugins/simile-for-woocommerce/includes/simile-model.php:429\nStack trace:\n#0 /wordpress/wp-content/plugins/simile-for-woocommerce/includes/simile-model.php(50): Simile_Model::check_response_error(Object(WP_Error))\n#1 /wordpress/wp-content/plugins/simile-for-woocommerce/includes/simile-on-activation.php(42): Simile_Model::signup()\n#2 /wordpress/wp-content/plugins/simile-for-woocommerce/simile-for-woocommerce.php(78): Simile_On_Activation::on_activation()\n#3 /wordpress/wp-includes/class-wp-hook.php(324): Simile->on_activation(false)\n#4 /wordpress/wp-includes/class-wp-hook.php(348): WP_Hook->apply_filters('', Array)\n#5 /wordpress/wp-includes/plugin.php(517): WP_Hook->do_action(Array)\n#6 /wordpress/wp-admin/includes/plugin.php(703): do_action('activate_simile...', false)\n#7 /internal/eval.php(20): activate_plugin('simile-for-wooc...')\n#8 {main}\n  thrown in /wordpress/wp-content/plugins/simile-for-woocommerce/includes/simile-model.php on line 429\n\n    at Object.onBind (file:///home/runner/work/playground-tester/playground-tester/node_modules/@wp-playground/cli/run-cli-j-geJYS3.js:325:15)\n    at process.processTicksAndRejections (node:internal/process/task_queues:105:5)\n    at async re (file:///home/runner/work/playground-tester/playground-tester/node_modules/@wp-playground/cli/run-cli-j-geJYS3.js:149:10) {\n  [cause]: Error: Error when executing the blueprint step #1 ({\"step\":\"installPlugin\",\"pluginData\":{\"resource\":\"wordpress.org/plugins\",\"slug\":\"spartan-templating\"},\"options\":{\"activate\":true}}) : Plugin /wordpress/wp-content/plugins/spartan-templating could not be activated – WordPress exited with no error. Sometimes, when $_SERVER or site options are not configured correctly, WordPress exits early with a 301 redirect. Inspect the \"debug\" logs in the console for more details.\n      at Object.run (file:///home/runner/work/playground-tester/playground-tester/node_modules/@wp-playground/blueprints/index.js:12093:19)\n      at process.processTicksAndRejections (node:internal/process/task_queues:105:5)\n      at async ys (file:///home/runner/work/playground-tester/playground-tester/node_modules/@wp-playground/blueprints/index.js:12196:3)\n      at async Object.onBind (file:///home/runner/work/playground-tester/playground-tester/node_modules/@wp-playground/cli/run-cli-j-geJYS3.js:315:48)\n      at async re (file:///home/runner/work/playground-tester/playground-tester/node_modules/@wp-playground/cli/run-cli-j-geJYS3.js:149:10) {\n    [cause]: Error: Plugin /wordpress/wp-content/plugins/spartan-templating could not be activated – WordPress exited with no error. Sometimes, when $_SERVER or site options are not configured correctly, WordPress exits early with a 301 redirect. Inspect the \"debug\" logs in the console for more details.\n        at wr (file:///home/runner/work/playground-tester/playground-tester/node_modules/@wp-playground/blueprints/index.js:120:51)\n        at process.processTicksAndRejections (node:internal/process/task_queues:105:5)\n        at async Object.gt [as installPlugin] (file:///home/runner/work/playground-tester/playground-tester/node_modules/@wp-playground/blueprints/index.js:631:42)\n        at async g (file:///home/runner/work/playground-tester/playground-tester/node_modules/@wp-playground/blueprints/index.js:12161:30)\n        at async Object.run (file:///home/runner/work/playground-tester/playground-tester/node_modules/@wp-playground/blueprints/index.js:12090:23)\n        at async ys (file:///home/runner/work/playground-tester/playground-tester/node_modules/@wp-playground/blueprints/index.js:12196:3)\n        at async Object.onBind (file:///home/runner/work/playground-tester/playground-tester/node_modules/@wp-playground/cli/run-cli-j-geJYS3.js:315:48)\n        at async re (file:///home/runner/work/playground-tester/playground-tester/node_modules/@wp-playground/cli/run-cli-j-geJYS3.js:149:10)\n  }\n}\n\n",
    "log": "/logs/plugins/s/spartan-templating/error.json"
  }
]
