[
{"message":"file:///home/runner/work/playground-tester/playground-tester/node_modules/@wp-playground/cli/run-cli-j-geJYS3.js:325\n        throw new Error($, { cause: h });\n              ^\n","level":"FATAL","type":"PLAYGROUND","test":"jspi-boot","plugin":"bp-networks","details":"file:///home/runner/work/playground-tester/playground-tester/node_modules/@wp-playground/cli/run-cli-j-geJYS3.js:325\n        throw new Error($, { cause: h });\n              ^\n","log":"/tmp/tmp.3KHZitY4gi"}
,
{"message":"Undefined variable $HTTP_POST_VARS in /wordpress/wp-content/plugins/baufinanzierung/zinstableau.php on line 398","level":"WARNING","type":"PHP","test":"jspi-boot","plugin":"bp-networks","details":"[03-Jun-2025 13:42:03 UTC] PHP Warning:  Undefined variable $HTTP_POST_VARS in /wordpress/wp-content/plugins/baufinanzierung/zinstableau.php on line 398","log":"/logs/plugins/b/bp-networks/error.json"}
,
{"message":"Trying to access array offset on value of type null in /wordpress/wp-content/plugins/baufinanzierung/zinstableau.php on line 398","level":"WARNING","type":"PHP","test":"jspi-boot","plugin":"bp-networks","details":"[03-Jun-2025 13:42:03 UTC] PHP Warning:  Trying to access array offset on value of type null in /wordpress/wp-content/plugins/baufinanzierung/zinstableau.php on line 398","log":"/logs/plugins/b/bp-networks/error.json"}
,
{"message":"Undefined variable $HTTP_POST_VARS in /wordpress/wp-content/plugins/baufinanzierung/zinstableau.php on line 398","level":"WARNING","type":"PHP","test":"jspi-boot","plugin":"bp-networks","details":"[03-Jun-2025 13:42:04 UTC] PHP Warning:  Undefined variable $HTTP_POST_VARS in /wordpress/wp-content/plugins/baufinanzierung/zinstableau.php on line 398","log":"/logs/plugins/b/bp-networks/error.json"}
,
{"message":"Trying to access array offset on value of type null in /wordpress/wp-content/plugins/baufinanzierung/zinstableau.php on line 398","level":"WARNING","type":"PHP","test":"jspi-boot","plugin":"bp-networks","details":"[03-Jun-2025 13:42:04 UTC] PHP Warning:  Trying to access array offset on value of type null in /wordpress/wp-content/plugins/baufinanzierung/zinstableau.php on line 398","log":"/logs/plugins/b/bp-networks/error.json"}
,
{"message":"Function register_sidebar_widget is <strong>deprecated</strong> since version 2.8.0! Use wp_register_sidebar_widget() instead. in /wordpress/wp-includes/functions.php on line 6121","level":"DEPRECATED","type":"PHP","test":"jspi-boot","plugin":"bp-networks","details":"[03-Jun-2025 13:42:04 UTC] PHP Deprecated:  Function register_sidebar_widget is <strong>deprecated</strong> since version 2.8.0! Use wp_register_sidebar_widget() instead. in /wordpress/wp-includes/functions.php on line 6121","log":"/logs/plugins/b/bp-networks/error.json"}
,
{"message":"Undefined variable $HTTP_POST_VARS in /wordpress/wp-content/plugins/baufinanzierung/zinstableau.php on line 398","level":"WARNING","type":"PHP","test":"jspi-boot","plugin":"bp-networks","details":"[03-Jun-2025 13:42:12 UTC] PHP Warning:  Undefined variable $HTTP_POST_VARS in /wordpress/wp-content/plugins/baufinanzierung/zinstableau.php on line 398","log":"/logs/plugins/b/bp-networks/error.json"}
,
{"message":"Trying to access array offset on value of type null in /wordpress/wp-content/plugins/baufinanzierung/zinstableau.php on line 398","level":"WARNING","type":"PHP","test":"jspi-boot","plugin":"bp-networks","details":"[03-Jun-2025 13:42:12 UTC] PHP Warning:  Trying to access array offset on value of type null in /wordpress/wp-content/plugins/baufinanzierung/zinstableau.php on line 398","log":"/logs/plugins/b/bp-networks/error.json"}
,
{"message":"Undefined variable $HTTP_POST_VARS in /wordpress/wp-content/plugins/baufinanzierung/zinstableau.php on line 398","level":"WARNING","type":"PHP","test":"jspi-boot","plugin":"bp-networks","details":"[03-Jun-2025 13:42:13 UTC] PHP Warning:  Undefined variable $HTTP_POST_VARS in /wordpress/wp-content/plugins/baufinanzierung/zinstableau.php on line 398","log":"/logs/plugins/b/bp-networks/error.json"}
,
{"message":"Trying to access array offset on value of type null in /wordpress/wp-content/plugins/baufinanzierung/zinstableau.php on line 398","level":"WARNING","type":"PHP","test":"jspi-boot","plugin":"bp-networks","details":"[03-Jun-2025 13:42:13 UTC] PHP Warning:  Trying to access array offset on value of type null in /wordpress/wp-content/plugins/baufinanzierung/zinstableau.php on line 398","log":"/logs/plugins/b/bp-networks/error.json"}
,
{"message":"Function register_sidebar_widget is <strong>deprecated</strong> since version 2.8.0! Use wp_register_sidebar_widget() instead. in /wordpress/wp-includes/functions.php on line 6121","level":"DEPRECATED","type":"PHP","test":"jspi-boot","plugin":"bp-networks","details":"[03-Jun-2025 13:42:13 UTC] PHP Deprecated:  Function register_sidebar_widget is <strong>deprecated</strong> since version 2.8.0! Use wp_register_sidebar_widget() instead. in /wordpress/wp-includes/functions.php on line 6121","log":"/logs/plugins/b/bp-networks/error.json"}
,
{"message":"Undefined variable $HTTP_POST_VARS in /wordpress/wp-content/plugins/baufinanzierung/zinstableau.php on line 398","level":"WARNING","type":"PHP","test":"jspi-boot","plugin":"bp-networks","details":"[03-Jun-2025 13:42:22 UTC] PHP Warning:  Undefined variable $HTTP_POST_VARS in /wordpress/wp-content/plugins/baufinanzierung/zinstableau.php on line 398","log":"/logs/plugins/b/bp-networks/error.json"}
,
{"message":"Trying to access array offset on value of type null in /wordpress/wp-content/plugins/baufinanzierung/zinstableau.php on line 398","level":"WARNING","type":"PHP","test":"jspi-boot","plugin":"bp-networks","details":"[03-Jun-2025 13:42:22 UTC] PHP Warning:  Trying to access array offset on value of type null in /wordpress/wp-content/plugins/baufinanzierung/zinstableau.php on line 398","log":"/logs/plugins/b/bp-networks/error.json"}
,
{"message":"Undefined variable $HTTP_POST_VARS in /wordpress/wp-content/plugins/baufinanzierung/zinstableau.php on line 398","level":"WARNING","type":"PHP","test":"jspi-boot","plugin":"bp-networks","details":"[03-Jun-2025 13:42:24 UTC] PHP Warning:  Undefined variable $HTTP_POST_VARS in /wordpress/wp-content/plugins/baufinanzierung/zinstableau.php on line 398","log":"/logs/plugins/b/bp-networks/error.json"}
,
{"message":"Trying to access array offset on value of type null in /wordpress/wp-content/plugins/baufinanzierung/zinstableau.php on line 398","level":"WARNING","type":"PHP","test":"jspi-boot","plugin":"bp-networks","details":"[03-Jun-2025 13:42:24 UTC] PHP Warning:  Trying to access array offset on value of type null in /wordpress/wp-content/plugins/baufinanzierung/zinstableau.php on line 398","log":"/logs/plugins/b/bp-networks/error.json"}
,
{"message":"Function register_sidebar_widget is <strong>deprecated</strong> since version 2.8.0! Use wp_register_sidebar_widget() instead. in /wordpress/wp-includes/functions.php on line 6121","level":"DEPRECATED","type":"PHP","test":"jspi-boot","plugin":"bp-networks","details":"[03-Jun-2025 13:42:24 UTC] PHP Deprecated:  Function register_sidebar_widget is <strong>deprecated</strong> since version 2.8.0! Use wp_register_sidebar_widget() instead. in /wordpress/wp-includes/functions.php on line 6121","log":"/logs/plugins/b/bp-networks/error.json"}
,
{"message":"Uncaught Error: Undefined constant \"PLUGIN_URL\" in /wordpress/wp-content/plugins/bbredirector/bbRedirector.php:91","level":"FATAL","type":"PHP","test":"jspi-boot","plugin":"bp-networks","details":"[03-Jun-2025 13:42:33 UTC] PHP Fatal error:  Uncaught Error: Undefined constant \"PLUGIN_URL\" in /wordpress/wp-content/plugins/bbredirector/bbRedirector.php:91\nStack trace:\n#0 /wordpress/wp-content/plugins/bbredirector/bbRedirector.php(354): bbRedirector->__construct()\n#1 /wordpress/wp-admin/includes/plugin.php(2387): include_once('/wordpress/wp-c...')\n#2 /wordpress/wp-admin/includes/plugin.php(673): plugin_sandbox_scrape('bbredirector/bb...')\n#3 /internal/eval.php(20): activate_plugin('bbredirector/bb...')\n#4 {main}\n  thrown in /wordpress/wp-content/plugins/bbredirector/bbRedirector.php on line 91","log":"/logs/plugins/b/bp-networks/error.json"}
,
{"message":"Uncaught Error: Undefined constant \"PLUGIN_URL\" in /wordpress/wp-content/plugins/bbredirector/bbRedirector.php:91","level":"FATAL","type":"PHP","test":"jspi-boot","plugin":"bp-networks","details":"[03-Jun-2025 13:42:41 UTC] PHP Fatal error:  Uncaught Error: Undefined constant \"PLUGIN_URL\" in /wordpress/wp-content/plugins/bbredirector/bbRedirector.php:91\nStack trace:\n#0 /wordpress/wp-content/plugins/bbredirector/bbRedirector.php(354): bbRedirector->__construct()\n#1 /wordpress/wp-admin/includes/plugin.php(2387): include_once('/wordpress/wp-c...')\n#2 /wordpress/wp-admin/includes/plugin.php(673): plugin_sandbox_scrape('bbredirector/bb...')\n#3 /internal/eval.php(20): activate_plugin('bbredirector/bb...')\n#4 {main}\n  thrown in /wordpress/wp-content/plugins/bbredirector/bbRedirector.php on line 91","log":"/logs/plugins/b/bp-networks/error.json"}
,
{"message":"Uncaught Error: Undefined constant \"PLUGIN_URL\" in /wordpress/wp-content/plugins/bbredirector/bbRedirector.php:91","level":"FATAL","type":"PHP","test":"jspi-boot","plugin":"bp-networks","details":"[03-Jun-2025 13:42:50 UTC] PHP Fatal error:  Uncaught Error: Undefined constant \"PLUGIN_URL\" in /wordpress/wp-content/plugins/bbredirector/bbRedirector.php:91\nStack trace:\n#0 /wordpress/wp-content/plugins/bbredirector/bbRedirector.php(354): bbRedirector->__construct()\n#1 /wordpress/wp-admin/includes/plugin.php(2387): include_once('/wordpress/wp-c...')\n#2 /wordpress/wp-admin/includes/plugin.php(673): plugin_sandbox_scrape('bbredirector/bb...')\n#3 /internal/eval.php(20): activate_plugin('bbredirector/bb...')\n#4 {main}\n  thrown in /wordpress/wp-content/plugins/bbredirector/bbRedirector.php on line 91","log":"/logs/plugins/b/bp-networks/error.json"}
,
{"message":"Uncaught Error: Class \"WC_Payment_Gateway\" not found in /wordpress/wp-content/plugins/beacon-payment-gateway/beacon-gateway.class.php:2","level":"FATAL","type":"PHP","test":"jspi-boot","plugin":"bp-networks","details":"[03-Jun-2025 13:43:01 UTC] PHP Fatal error:  Uncaught Error: Class \"WC_Payment_Gateway\" not found in /wordpress/wp-content/plugins/beacon-payment-gateway/beacon-gateway.class.php:2\nStack trace:\n#0 /wordpress/wp-content/plugins/beacon-payment-gateway/functions.php(105): require()\n#1 /wordpress/wp-includes/class-wp-hook.php(324): beacon_init_gateway('')\n#2 /wordpress/wp-includes/class-wp-hook.php(348): WP_Hook->apply_filters(NULL, Array)\n#3 /wordpress/wp-includes/plugin.php(517): WP_Hook->do_action(Array)\n#4 /wordpress/wp-settings.php(578): do_action('plugins_loaded')\n#5 /wordpress/wp-config.php(102): require_once('/wordpress/wp-s...')\n#6 /wordpress/wp-load.php(50): require_once('/wordpress/wp-c...')\n#7 /internal/eval.php(3): require_once('/wordpress/wp-l...')\n#8 {main}\n  thrown in /wordpress/wp-content/plugins/beacon-payment-gateway/beacon-gateway.class.php on line 2","log":"/logs/plugins/b/bp-networks/error.json"}
,
{"message":"Uncaught Error: Class \"WC_Payment_Gateway\" not found in /wordpress/wp-content/plugins/beacon-payment-gateway/beacon-gateway.class.php:2","level":"FATAL","type":"PHP","test":"jspi-boot","plugin":"bp-networks","details":"[03-Jun-2025 13:43:11 UTC] PHP Fatal error:  Uncaught Error: Class \"WC_Payment_Gateway\" not found in /wordpress/wp-content/plugins/beacon-payment-gateway/beacon-gateway.class.php:2\nStack trace:\n#0 /wordpress/wp-content/plugins/beacon-payment-gateway/functions.php(105): require()\n#1 /wordpress/wp-includes/class-wp-hook.php(324): beacon_init_gateway('')\n#2 /wordpress/wp-includes/class-wp-hook.php(348): WP_Hook->apply_filters(NULL, Array)\n#3 /wordpress/wp-includes/plugin.php(517): WP_Hook->do_action(Array)\n#4 /wordpress/wp-settings.php(578): do_action('plugins_loaded')\n#5 /wordpress/wp-config.php(102): require_once('/wordpress/wp-s...')\n#6 /wordpress/wp-load.php(50): require_once('/wordpress/wp-c...')\n#7 /internal/eval.php(3): require_once('/wordpress/wp-l...')\n#8 {main}\n  thrown in /wordpress/wp-content/plugins/beacon-payment-gateway/beacon-gateway.class.php on line 2","log":"/logs/plugins/b/bp-networks/error.json"}
,
{"message":"Uncaught Error: Class \"WC_Payment_Gateway\" not found in /wordpress/wp-content/plugins/beacon-payment-gateway/beacon-gateway.class.php:2","level":"FATAL","type":"PHP","test":"jspi-boot","plugin":"bp-networks","details":"[03-Jun-2025 13:43:21 UTC] PHP Fatal error:  Uncaught Error: Class \"WC_Payment_Gateway\" not found in /wordpress/wp-content/plugins/beacon-payment-gateway/beacon-gateway.class.php:2\nStack trace:\n#0 /wordpress/wp-content/plugins/beacon-payment-gateway/functions.php(105): require()\n#1 /wordpress/wp-includes/class-wp-hook.php(324): beacon_init_gateway('')\n#2 /wordpress/wp-includes/class-wp-hook.php(348): WP_Hook->apply_filters(NULL, Array)\n#3 /wordpress/wp-includes/plugin.php(517): WP_Hook->do_action(Array)\n#4 /wordpress/wp-settings.php(578): do_action('plugins_loaded')\n#5 /wordpress/wp-config.php(102): require_once('/wordpress/wp-s...')\n#6 /wordpress/wp-load.php(50): require_once('/wordpress/wp-c...')\n#7 /internal/eval.php(3): require_once('/wordpress/wp-l...')\n#8 {main}\n  thrown in /wordpress/wp-content/plugins/beacon-payment-gateway/beacon-gateway.class.php on line 2","log":"/logs/plugins/b/bp-networks/error.json"}
,
{"message":"Uncaught Symfony\\Component\\Cache\\Exception\\InvalidArgumentException: Namespace contains \":\" but only characters in [-+_.A-Za-z0-9] are allowed. in /wordpress/wp-content/plugins/biblica-online-bible/vendor/symfony/cache/Traits/FilesystemCommonTrait.php:35","level":"FATAL","type":"PHP","test":"jspi-boot","plugin":"bp-networks","details":"[03-Jun-2025 13:46:08 UTC] PHP Fatal error:  Uncaught Symfony\\Component\\Cache\\Exception\\InvalidArgumentException: Namespace contains \":\" but only characters in [-+_.A-Za-z0-9] are allowed. in /wordpress/wp-content/plugins/biblica-online-bible/vendor/symfony/cache/Traits/FilesystemCommonTrait.php:35\nStack trace:\n#0 /wordpress/wp-content/plugins/biblica-online-bible/vendor/symfony/cache/Adapter/FilesystemAdapter.php(27): Symfony\\Component\\Cache\\Adapter\\FilesystemAdapter->init('127.0.0.1:9402', '/wordpress/wp-c...')\n#1 /wordpress/wp-content/plugins/biblica-online-bible/src/Biblica/Util/FileSystemCache.php(27): Symfony\\Component\\Cache\\Adapter\\FilesystemAdapter->__construct('127.0.0.1:9402', 0, '/wordpress/wp-c...')\n#2 /wordpress/wp-content/plugins/biblica-online-bible/src/Biblica/WordPress/Plugin/OnlineBible/OnlineBiblePlugin.php(143): Biblica\\Util\\FileSystemCache->__construct('http://127.0.0....', '/wordpress/wp-c...', 604800)\n#3 /wordpress/wp-content/plugins/biblica-online-bible/vendor/pimple/pimple/src/Pimple/Container.php(122): Biblica\\WordPress\\Plugin\\OnlineBible\\OnlineBiblePlugin->Biblica\\WordPress\\Plugin\\OnlineBible\\{closure}(Object(Pimple\\Container))\n#4 /wordpress/wp-content/plugins/biblica-online-bible/src/Biblica/WordPress/Plugin/OnlineBible/OnlineBiblePlugin.php(163): Pimple\\Container->offsetGet('cache')\n#5 /wordpress/wp-includes/class-wp-hook.php(324): Biblica\\WordPress\\Plugin\\OnlineBible\\OnlineBiblePlugin->onPluginsLoaded('')\n#6 /wordpress/wp-includes/class-wp-hook.php(348): WP_Hook->apply_filters(NULL, Array)\n#7 /wordpress/wp-includes/plugin.php(517): WP_Hook->do_action(Array)\n#8 /wordpress/wp-settings.php(578): do_action('plugins_loaded')\n#9 /wordpress/wp-config.php(102): require_once('/wordpress/wp-s...')\n#10 /wordpress/wp-load.php(50): require_once('/wordpress/wp-c...')\n#11 /internal/eval.php(3): require_once('/wordpress/wp-l...')\n#12 {main}\n  thrown in /wordpress/wp-content/plugins/biblica-online-bible/vendor/symfony/cache/Traits/FilesystemCommonTrait.php on line 35","log":"/logs/plugins/b/bp-networks/error.json"}
,
{"message":"Uncaught Symfony\\Component\\Cache\\Exception\\InvalidArgumentException: Namespace contains \":\" but only characters in [-+_.A-Za-z0-9] are allowed. in /wordpress/wp-content/plugins/biblica-online-bible/vendor/symfony/cache/Traits/FilesystemCommonTrait.php:35","level":"FATAL","type":"PHP","test":"jspi-boot","plugin":"bp-networks","details":"[03-Jun-2025 13:46:21 UTC] PHP Fatal error:  Uncaught Symfony\\Component\\Cache\\Exception\\InvalidArgumentException: Namespace contains \":\" but only characters in [-+_.A-Za-z0-9] are allowed. in /wordpress/wp-content/plugins/biblica-online-bible/vendor/symfony/cache/Traits/FilesystemCommonTrait.php:35\nStack trace:\n#0 /wordpress/wp-content/plugins/biblica-online-bible/vendor/symfony/cache/Adapter/FilesystemAdapter.php(27): Symfony\\Component\\Cache\\Adapter\\FilesystemAdapter->init('127.0.0.1:9402', '/wordpress/wp-c...')\n#1 /wordpress/wp-content/plugins/biblica-online-bible/src/Biblica/Util/FileSystemCache.php(27): Symfony\\Component\\Cache\\Adapter\\FilesystemAdapter->__construct('127.0.0.1:9402', 0, '/wordpress/wp-c...')\n#2 /wordpress/wp-content/plugins/biblica-online-bible/src/Biblica/WordPress/Plugin/OnlineBible/OnlineBiblePlugin.php(143): Biblica\\Util\\FileSystemCache->__construct('http://127.0.0....', '/wordpress/wp-c...', 604800)\n#3 /wordpress/wp-content/plugins/biblica-online-bible/vendor/pimple/pimple/src/Pimple/Container.php(122): Biblica\\WordPress\\Plugin\\OnlineBible\\OnlineBiblePlugin->Biblica\\WordPress\\Plugin\\OnlineBible\\{closure}(Object(Pimple\\Container))\n#4 /wordpress/wp-content/plugins/biblica-online-bible/src/Biblica/WordPress/Plugin/OnlineBible/OnlineBiblePlugin.php(163): Pimple\\Container->offsetGet('cache')\n#5 /wordpress/wp-includes/class-wp-hook.php(324): Biblica\\WordPress\\Plugin\\OnlineBible\\OnlineBiblePlugin->onPluginsLoaded('')\n#6 /wordpress/wp-includes/class-wp-hook.php(348): WP_Hook->apply_filters(NULL, Array)\n#7 /wordpress/wp-includes/plugin.php(517): WP_Hook->do_action(Array)\n#8 /wordpress/wp-settings.php(578): do_action('plugins_loaded')\n#9 /wordpress/wp-config.php(102): require_once('/wordpress/wp-s...')\n#10 /wordpress/wp-load.php(50): require_once('/wordpress/wp-c...')\n#11 /internal/eval.php(3): require_once('/wordpress/wp-l...')\n#12 {main}\n  thrown in /wordpress/wp-content/plugins/biblica-online-bible/vendor/symfony/cache/Traits/FilesystemCommonTrait.php on line 35","log":"/logs/plugins/b/bp-networks/error.json"}
,
{"message":"Uncaught Symfony\\Component\\Cache\\Exception\\InvalidArgumentException: Namespace contains \":\" but only characters in [-+_.A-Za-z0-9] are allowed. in /wordpress/wp-content/plugins/biblica-online-bible/vendor/symfony/cache/Traits/FilesystemCommonTrait.php:35","level":"FATAL","type":"PHP","test":"jspi-boot","plugin":"bp-networks","details":"[03-Jun-2025 13:46:33 UTC] PHP Fatal error:  Uncaught Symfony\\Component\\Cache\\Exception\\InvalidArgumentException: Namespace contains \":\" but only characters in [-+_.A-Za-z0-9] are allowed. in /wordpress/wp-content/plugins/biblica-online-bible/vendor/symfony/cache/Traits/FilesystemCommonTrait.php:35\nStack trace:\n#0 /wordpress/wp-content/plugins/biblica-online-bible/vendor/symfony/cache/Adapter/FilesystemAdapter.php(27): Symfony\\Component\\Cache\\Adapter\\FilesystemAdapter->init('127.0.0.1:9402', '/wordpress/wp-c...')\n#1 /wordpress/wp-content/plugins/biblica-online-bible/src/Biblica/Util/FileSystemCache.php(27): Symfony\\Component\\Cache\\Adapter\\FilesystemAdapter->__construct('127.0.0.1:9402', 0, '/wordpress/wp-c...')\n#2 /wordpress/wp-content/plugins/biblica-online-bible/src/Biblica/WordPress/Plugin/OnlineBible/OnlineBiblePlugin.php(143): Biblica\\Util\\FileSystemCache->__construct('http://127.0.0....', '/wordpress/wp-c...', 604800)\n#3 /wordpress/wp-content/plugins/biblica-online-bible/vendor/pimple/pimple/src/Pimple/Container.php(122): Biblica\\WordPress\\Plugin\\OnlineBible\\OnlineBiblePlugin->Biblica\\WordPress\\Plugin\\OnlineBible\\{closure}(Object(Pimple\\Container))\n#4 /wordpress/wp-content/plugins/biblica-online-bible/src/Biblica/WordPress/Plugin/OnlineBible/OnlineBiblePlugin.php(163): Pimple\\Container->offsetGet('cache')\n#5 /wordpress/wp-includes/class-wp-hook.php(324): Biblica\\WordPress\\Plugin\\OnlineBible\\OnlineBiblePlugin->onPluginsLoaded('')\n#6 /wordpress/wp-includes/class-wp-hook.php(348): WP_Hook->apply_filters(NULL, Array)\n#7 /wordpress/wp-includes/plugin.php(517): WP_Hook->do_action(Array)\n#8 /wordpress/wp-settings.php(578): do_action('plugins_loaded')\n#9 /wordpress/wp-config.php(102): require_once('/wordpress/wp-s...')\n#10 /wordpress/wp-load.php(50): require_once('/wordpress/wp-c...')\n#11 /internal/eval.php(3): require_once('/wordpress/wp-l...')\n#12 {main}\n  thrown in /wordpress/wp-content/plugins/biblica-online-bible/vendor/symfony/cache/Traits/FilesystemCommonTrait.php on line 35","log":"/logs/plugins/b/bp-networks/error.json"}
,
{"message":"Trying to access array offset on value of type bool in /wordpress/wp-content/plugins/billbrd-io/class.billbrd-admin.php on line 56","level":"WARNING","type":"PHP","test":"jspi-boot","plugin":"bp-networks","details":"[03-Jun-2025 13:46:43 UTC] PHP Warning:  Trying to access array offset on value of type bool in /wordpress/wp-content/plugins/billbrd-io/class.billbrd-admin.php on line 56","log":"/logs/plugins/b/bp-networks/error.json"}
,
{"message":"Trying to access array offset on value of type bool in /wordpress/wp-content/plugins/billbrd-io/class.billbrd-admin.php on line 394","level":"WARNING","type":"PHP","test":"jspi-boot","plugin":"bp-networks","details":"[03-Jun-2025 13:46:43 UTC] PHP Warning:  Trying to access array offset on value of type bool in /wordpress/wp-content/plugins/billbrd-io/class.billbrd-admin.php on line 394","log":"/logs/plugins/b/bp-networks/error.json"}
,
{"message":"Trying to access array offset on value of type bool in /wordpress/wp-content/plugins/billbrd-io/class.billbrd-admin.php on line 56","level":"WARNING","type":"PHP","test":"jspi-boot","plugin":"bp-networks","details":"[03-Jun-2025 13:46:54 UTC] PHP Warning:  Trying to access array offset on value of type bool in /wordpress/wp-content/plugins/billbrd-io/class.billbrd-admin.php on line 56","log":"/logs/plugins/b/bp-networks/error.json"}
,
{"message":"Trying to access array offset on value of type bool in /wordpress/wp-content/plugins/billbrd-io/class.billbrd-admin.php on line 394","level":"WARNING","type":"PHP","test":"jspi-boot","plugin":"bp-networks","details":"[03-Jun-2025 13:46:54 UTC] PHP Warning:  Trying to access array offset on value of type bool in /wordpress/wp-content/plugins/billbrd-io/class.billbrd-admin.php on line 394","log":"/logs/plugins/b/bp-networks/error.json"}
,
{"message":"Trying to access array offset on value of type bool in /wordpress/wp-content/plugins/billbrd-io/class.billbrd-admin.php on line 56","level":"WARNING","type":"PHP","test":"jspi-boot","plugin":"bp-networks","details":"[03-Jun-2025 13:47:04 UTC] PHP Warning:  Trying to access array offset on value of type bool in /wordpress/wp-content/plugins/billbrd-io/class.billbrd-admin.php on line 56","log":"/logs/plugins/b/bp-networks/error.json"}
,
{"message":"Trying to access array offset on value of type bool in /wordpress/wp-content/plugins/billbrd-io/class.billbrd-admin.php on line 394","level":"WARNING","type":"PHP","test":"jspi-boot","plugin":"bp-networks","details":"[03-Jun-2025 13:47:04 UTC] PHP Warning:  Trying to access array offset on value of type bool in /wordpress/wp-content/plugins/billbrd-io/class.billbrd-admin.php on line 394","log":"/logs/plugins/b/bp-networks/error.json"}
,
{"message":"Required parameter $post follows optional parameter $field in /wordpress/wp-content/plugins/blesta-shared-login/includes/lib/class-blesta-shared-login-admin-api.php on line 281","level":"DEPRECATED","type":"PHP","test":"jspi-boot","plugin":"bp-networks","details":"[03-Jun-2025 13:47:45 UTC] PHP Deprecated:  Required parameter $post follows optional parameter $field in /wordpress/wp-content/plugins/blesta-shared-login/includes/lib/class-blesta-shared-login-admin-api.php on line 281","log":"/logs/plugins/b/bp-networks/error.json"}
,
{"message":"Required parameter $post follows optional parameter $field in /wordpress/wp-content/plugins/blesta-shared-login/includes/lib/class-blesta-shared-login-admin-api.php on line 281","level":"DEPRECATED","type":"PHP","test":"jspi-boot","plugin":"bp-networks","details":"[03-Jun-2025 13:47:47 UTC] PHP Deprecated:  Required parameter $post follows optional parameter $field in /wordpress/wp-content/plugins/blesta-shared-login/includes/lib/class-blesta-shared-login-admin-api.php on line 281","log":"/logs/plugins/b/bp-networks/error.json"}
,
{"message":"Required parameter $post follows optional parameter $field in /wordpress/wp-content/plugins/blesta-shared-login/includes/lib/class-blesta-shared-login-admin-api.php on line 281","level":"DEPRECATED","type":"PHP","test":"jspi-boot","plugin":"bp-networks","details":"[03-Jun-2025 13:47:55 UTC] PHP Deprecated:  Required parameter $post follows optional parameter $field in /wordpress/wp-content/plugins/blesta-shared-login/includes/lib/class-blesta-shared-login-admin-api.php on line 281","log":"/logs/plugins/b/bp-networks/error.json"}
,
{"message":"Required parameter $post follows optional parameter $field in /wordpress/wp-content/plugins/blesta-shared-login/includes/lib/class-blesta-shared-login-admin-api.php on line 281","level":"DEPRECATED","type":"PHP","test":"jspi-boot","plugin":"bp-networks","details":"[03-Jun-2025 13:47:56 UTC] PHP Deprecated:  Required parameter $post follows optional parameter $field in /wordpress/wp-content/plugins/blesta-shared-login/includes/lib/class-blesta-shared-login-admin-api.php on line 281","log":"/logs/plugins/b/bp-networks/error.json"}
,
{"message":"Required parameter $post follows optional parameter $field in /wordpress/wp-content/plugins/blesta-shared-login/includes/lib/class-blesta-shared-login-admin-api.php on line 281","level":"DEPRECATED","type":"PHP","test":"jspi-boot","plugin":"bp-networks","details":"[03-Jun-2025 13:48:06 UTC] PHP Deprecated:  Required parameter $post follows optional parameter $field in /wordpress/wp-content/plugins/blesta-shared-login/includes/lib/class-blesta-shared-login-admin-api.php on line 281","log":"/logs/plugins/b/bp-networks/error.json"}
,
{"message":"Required parameter $post follows optional parameter $field in /wordpress/wp-content/plugins/blesta-shared-login/includes/lib/class-blesta-shared-login-admin-api.php on line 281","level":"DEPRECATED","type":"PHP","test":"jspi-boot","plugin":"bp-networks","details":"[03-Jun-2025 13:48:07 UTC] PHP Deprecated:  Required parameter $post follows optional parameter $field in /wordpress/wp-content/plugins/blesta-shared-login/includes/lib/class-blesta-shared-login-admin-api.php on line 281","log":"/logs/plugins/b/bp-networks/error.json"}
,
{"message":"Undefined array key \"plugin\" in /wordpress/wp-content/plugins/bp-activity-filter/buddypress-activity-filter.php on line 214","level":"WARNING","type":"PHP","test":"jspi-boot","plugin":"bp-networks","details":"[03-Jun-2025 13:49:18 UTC] PHP Warning:  Undefined array key \"plugin\" in /wordpress/wp-content/plugins/bp-activity-filter/buddypress-activity-filter.php on line 214","log":"/logs/plugins/b/bp-networks/error.json"}
,
{"message":"Undefined array key \"plugin\" in /wordpress/wp-content/plugins/bp-activity-filter/buddypress-activity-filter.php on line 214","level":"WARNING","type":"PHP","test":"jspi-boot","plugin":"bp-networks","details":"[03-Jun-2025 13:49:29 UTC] PHP Warning:  Undefined array key \"plugin\" in /wordpress/wp-content/plugins/bp-activity-filter/buddypress-activity-filter.php on line 214","log":"/logs/plugins/b/bp-networks/error.json"}
,
{"message":"Undefined array key \"plugin\" in /wordpress/wp-content/plugins/bp-activity-filter/buddypress-activity-filter.php on line 214","level":"WARNING","type":"PHP","test":"jspi-boot","plugin":"bp-networks","details":"[03-Jun-2025 13:49:39 UTC] PHP Warning:  Undefined array key \"plugin\" in /wordpress/wp-content/plugins/bp-activity-filter/buddypress-activity-filter.php on line 214","log":"/logs/plugins/b/bp-networks/error.json"}
,
{"message":"Function get_plugin_data was called with an argument that is <strong>deprecated</strong> since version 3.0.0! The <code>Site Wide Only: true</code> plugin header is deprecated. Use <code>Network: true</code> instead. in /wordpress/wp-includes/functions.php on line 6121","level":"DEPRECATED","type":"PHP","test":"jspi-boot","plugin":"bp-networks","details":"[03-Jun-2025 13:51:20 UTC] PHP Deprecated:  Function get_plugin_data was called with an argument that is <strong>deprecated</strong> since version 3.0.0! The <code>Site Wide Only: true</code> plugin header is deprecated. Use <code>Network: true</code> instead. in /wordpress/wp-includes/functions.php on line 6121","log":"/logs/plugins/b/bp-networks/error.json"}
,
{"message":"Function get_plugin_data was called with an argument that is <strong>deprecated</strong> since version 3.0.0! The <code>Site Wide Only: true</code> plugin header is deprecated. Use <code>Network: true</code> instead. in /wordpress/wp-includes/functions.php on line 6121","level":"DEPRECATED","type":"PHP","test":"jspi-boot","plugin":"bp-networks","details":"[03-Jun-2025 13:51:22 UTC] PHP Deprecated:  Function get_plugin_data was called with an argument that is <strong>deprecated</strong> since version 3.0.0! The <code>Site Wide Only: true</code> plugin header is deprecated. Use <code>Network: true</code> instead. in /wordpress/wp-includes/functions.php on line 6121","log":"/logs/plugins/b/bp-networks/error.json"}
,
{"message":"Function get_plugin_data was called with an argument that is <strong>deprecated</strong> since version 3.0.0! The <code>Site Wide Only: true</code> plugin header is deprecated. Use <code>Network: true</code> instead. in /wordpress/wp-includes/functions.php on line 6121","level":"DEPRECATED","type":"PHP","test":"jspi-boot","plugin":"bp-networks","details":"[03-Jun-2025 13:51:30 UTC] PHP Deprecated:  Function get_plugin_data was called with an argument that is <strong>deprecated</strong> since version 3.0.0! The <code>Site Wide Only: true</code> plugin header is deprecated. Use <code>Network: true</code> instead. in /wordpress/wp-includes/functions.php on line 6121","log":"/logs/plugins/b/bp-networks/error.json"}
,
{"message":"Function get_plugin_data was called with an argument that is <strong>deprecated</strong> since version 3.0.0! The <code>Site Wide Only: true</code> plugin header is deprecated. Use <code>Network: true</code> instead. in /wordpress/wp-includes/functions.php on line 6121","level":"DEPRECATED","type":"PHP","test":"jspi-boot","plugin":"bp-networks","details":"[03-Jun-2025 13:51:31 UTC] PHP Deprecated:  Function get_plugin_data was called with an argument that is <strong>deprecated</strong> since version 3.0.0! The <code>Site Wide Only: true</code> plugin header is deprecated. Use <code>Network: true</code> instead. in /wordpress/wp-includes/functions.php on line 6121","log":"/logs/plugins/b/bp-networks/error.json"}
,
{"message":"Function get_plugin_data was called with an argument that is <strong>deprecated</strong> since version 3.0.0! The <code>Site Wide Only: true</code> plugin header is deprecated. Use <code>Network: true</code> instead. in /wordpress/wp-includes/functions.php on line 6121","level":"DEPRECATED","type":"PHP","test":"jspi-boot","plugin":"bp-networks","details":"[03-Jun-2025 13:51:39 UTC] PHP Deprecated:  Function get_plugin_data was called with an argument that is <strong>deprecated</strong> since version 3.0.0! The <code>Site Wide Only: true</code> plugin header is deprecated. Use <code>Network: true</code> instead. in /wordpress/wp-includes/functions.php on line 6121","log":"/logs/plugins/b/bp-networks/error.json"}
,
{"message":"Function get_plugin_data was called with an argument that is <strong>deprecated</strong> since version 3.0.0! The <code>Site Wide Only: true</code> plugin header is deprecated. Use <code>Network: true</code> instead. in /wordpress/wp-includes/functions.php on line 6121","level":"DEPRECATED","type":"PHP","test":"jspi-boot","plugin":"bp-networks","details":"[03-Jun-2025 13:51:41 UTC] PHP Deprecated:  Function get_plugin_data was called with an argument that is <strong>deprecated</strong> since version 3.0.0! The <code>Site Wide Only: true</code> plugin header is deprecated. Use <code>Network: true</code> instead. in /wordpress/wp-includes/functions.php on line 6121","log":"/logs/plugins/b/bp-networks/error.json"}
,
{"message":"Function get_plugin_data was called with an argument that is <strong>deprecated</strong> since version 3.0.0! The <code>Site Wide Only: true</code> plugin header is deprecated. Use <code>Network: true</code> instead. in /wordpress/wp-includes/functions.php on line 6121","level":"DEPRECATED","type":"PHP","test":"jspi-boot","plugin":"bp-networks","details":"[03-Jun-2025 13:51:50 UTC] PHP Deprecated:  Function get_plugin_data was called with an argument that is <strong>deprecated</strong> since version 3.0.0! The <code>Site Wide Only: true</code> plugin header is deprecated. Use <code>Network: true</code> instead. in /wordpress/wp-includes/functions.php on line 6121","log":"/logs/plugins/b/bp-networks/error.json"}
,
{"message":"Function get_plugin_data was called with an argument that is <strong>deprecated</strong> since version 3.0.0! The <code>Site Wide Only: true</code> plugin header is deprecated. Use <code>Network: true</code> instead. in /wordpress/wp-includes/functions.php on line 6121","level":"DEPRECATED","type":"PHP","test":"jspi-boot","plugin":"bp-networks","details":"[03-Jun-2025 13:51:59 UTC] PHP Deprecated:  Function get_plugin_data was called with an argument that is <strong>deprecated</strong> since version 3.0.0! The <code>Site Wide Only: true</code> plugin header is deprecated. Use <code>Network: true</code> instead. in /wordpress/wp-includes/functions.php on line 6121","log":"/logs/plugins/b/bp-networks/error.json"}
,
{"message":"Function get_plugin_data was called with an argument that is <strong>deprecated</strong> since version 3.0.0! The <code>Site Wide Only: true</code> plugin header is deprecated. Use <code>Network: true</code> instead. in /wordpress/wp-includes/functions.php on line 6121","level":"DEPRECATED","type":"PHP","test":"jspi-boot","plugin":"bp-networks","details":"[03-Jun-2025 13:52:09 UTC] PHP Deprecated:  Function get_plugin_data was called with an argument that is <strong>deprecated</strong> since version 3.0.0! The <code>Site Wide Only: true</code> plugin header is deprecated. Use <code>Network: true</code> instead. in /wordpress/wp-includes/functions.php on line 6121","log":"/logs/plugins/b/bp-networks/error.json"}
,
{"message":"Function get_plugin_data was called with an argument that is <strong>deprecated</strong> since version 3.0.0! The <code>Site Wide Only: true</code> plugin header is deprecated. Use <code>Network: true</code> instead. in /wordpress/wp-includes/functions.php on line 6121","level":"DEPRECATED","type":"PHP","test":"jspi-boot","plugin":"bp-networks","details":"[03-Jun-2025 13:52:19 UTC] PHP Deprecated:  Function get_plugin_data was called with an argument that is <strong>deprecated</strong> since version 3.0.0! The <code>Site Wide Only: true</code> plugin header is deprecated. Use <code>Network: true</code> instead. in /wordpress/wp-includes/functions.php on line 6121","log":"/logs/plugins/b/bp-networks/error.json"}
,
{"message":"Function get_plugin_data was called with an argument that is <strong>deprecated</strong> since version 3.0.0! The <code>Site Wide Only: true</code> plugin header is deprecated. Use <code>Network: true</code> instead. in /wordpress/wp-includes/functions.php on line 6121","level":"DEPRECATED","type":"PHP","test":"jspi-boot","plugin":"bp-networks","details":"[03-Jun-2025 13:52:28 UTC] PHP Deprecated:  Function get_plugin_data was called with an argument that is <strong>deprecated</strong> since version 3.0.0! The <code>Site Wide Only: true</code> plugin header is deprecated. Use <code>Network: true</code> instead. in /wordpress/wp-includes/functions.php on line 6121","log":"/logs/plugins/b/bp-networks/error.json"}
,
{"message":"Function get_plugin_data was called with an argument that is <strong>deprecated</strong> since version 3.0.0! The <code>Site Wide Only: true</code> plugin header is deprecated. Use <code>Network: true</code> instead. in /wordpress/wp-includes/functions.php on line 6121","level":"DEPRECATED","type":"PHP","test":"jspi-boot","plugin":"bp-networks","details":"[03-Jun-2025 13:52:37 UTC] PHP Deprecated:  Function get_plugin_data was called with an argument that is <strong>deprecated</strong> since version 3.0.0! The <code>Site Wide Only: true</code> plugin header is deprecated. Use <code>Network: true</code> instead. in /wordpress/wp-includes/functions.php on line 6121\n\n    at Object.onBind (file:///home/runner/work/playground-tester/playground-tester/node_modules/@wp-playground/cli/run-cli-j-geJYS3.js:325:15)\n    at process.processTicksAndRejections (node:internal/process/task_queues:105:5)\n    at async re (file:///home/runner/work/playground-tester/playground-tester/node_modules/@wp-playground/cli/run-cli-j-geJYS3.js:149:10) {\n  [cause]: Error: Error when executing the blueprint step #1 ({\"step\":\"installPlugin\",\"pluginData\":{\"resource\":\"wordpress.org/plugins\",\"slug\":\"bp-networks\"},\"options\":{\"activate\":true}}) : Could not download \"https://downloads.wordpress.org/plugin/bp-networks.latest-stable.zip\".\n  \t\t\t\tCheck if the URL is correct and the server is reachable.\n  \t\t\t\tIf it is reachable, the server might be blocking the request.\n  \t\t\t\tCheck the browser console and network tabs for more information.\n  \n  \t\t\t\t## Does the console show the error \"No 'Access-Control-Allow-Origin' header\"?\n  \n  \t\t\t\tThis means the server that hosts your file does not allow requests from other sites\n  \t\t\t\t(cross-origin requests, or CORS).\tYou need to move the asset to a server that allows\n  \t\t\t\tcross-origin file downloads. Learn more about CORS at\n  \t\t\t\thttps://developer.mozilla.org/en-US/docs/Web/HTTP/CORS.\n  \n  \t\t\t\tIf your file is on GitHub, load it from \"raw.githubusercontent.com\".\n  \t\t\t\tHere's how to do that:\n  \n  \t\t\t\t1. Start with the original GitHub URL of the file. For example:\n  \t\t\t\thttps://github.com/username/repository/blob/branch/filename.\n  \t\t\t\t2. Replace \"github.com\" with \"raw.githubusercontent.com\".\n  \t\t\t\t3. Remove the \"/blob/\" part of the URL.\n  \n  \t\t\t\tThe resulting URL should look like this:\n  \t\t\t\thttps://raw.githubusercontent.com/username/repository/branch/filename\n  \n  \t\t\t\tError:\n  \t\t\t\tError: Could not download \"https://downloads.wordpress.org/plugin/bp-networks.latest-stable.zip\"\n      at Object.run (file:///home/runner/work/playground-tester/playground-tester/node_modules/@wp-playground/blueprints/index.js:12093:19)\n      at process.processTicksAndRejections (node:internal/process/task_queues:105:5)\n      at async ys (file:///home/runner/work/playground-tester/playground-tester/node_modules/@wp-playground/blueprints/index.js:12196:3)\n      at async Object.onBind (file:///home/runner/work/playground-tester/playground-tester/node_modules/@wp-playground/cli/run-cli-j-geJYS3.js:315:48)\n      at async re (file:///home/runner/work/playground-tester/playground-tester/node_modules/@wp-playground/cli/run-cli-j-geJYS3.js:149:10) {\n    [cause]: Error: Could not download \"https://downloads.wordpress.org/plugin/bp-networks.latest-stable.zip\".\n    \t\t\t\tCheck if the URL is correct and the server is reachable.\n    \t\t\t\tIf it is reachable, the server might be blocking the request.\n    \t\t\t\tCheck the browser console and network tabs for more information.\n    \n    \t\t\t\t## Does the console show the error \"No 'Access-Control-Allow-Origin' header\"?\n    \n    \t\t\t\tThis means the server that hosts your file does not allow requests from other sites\n    \t\t\t\t(cross-origin requests, or CORS).\tYou need to move the asset to a server that allows\n    \t\t\t\tcross-origin file downloads. Learn more about CORS at\n    \t\t\t\thttps://developer.mozilla.org/en-US/docs/Web/HTTP/CORS.\n    \n    \t\t\t\tIf your file is on GitHub, load it from \"raw.githubusercontent.com\".\n    \t\t\t\tHere's how to do that:\n    \n    \t\t\t\t1. Start with the original GitHub URL of the file. For example:\n    \t\t\t\thttps://github.com/username/repository/blob/branch/filename.\n    \t\t\t\t2. Replace \"github.com\" with \"raw.githubusercontent.com\".\n    \t\t\t\t3. Remove the \"/blob/\" part of the URL.\n    \n    \t\t\t\tThe resulting URL should look like this:\n    \t\t\t\thttps://raw.githubusercontent.com/username/repository/branch/filename\n    \n    \t\t\t\tError:\n    \t\t\t\tError: Could not download \"https://downloads.wordpress.org/plugin/bp-networks.latest-stable.zip\"\n        at Ct.resolve (file:///home/runner/work/playground-tester/playground-tester/node_modules/@wp-playground/blueprints/index.js:1129:13)\n        at process.processTicksAndRejections (node:internal/process/task_queues:105:5)\n        at async _.run (file:///home/runner/work/playground-tester/playground-tester/node_modules/@php-wasm/util/index.js:45:14)\n  }\n}\n\n","log":"/logs/plugins/b/bp-networks/error.json"}
]
