[
{"message":"file:///home/runner/work/playground-tester/playground-tester/node_modules/@wp-playground/cli/index.js:237\n        throw new Error(y, { cause: u });\n              ^\n","level":"FATAL","type":"PLAYGROUND","test":"asyncify-boot","plugin":"blackjack-lite","details":"file:///home/runner/work/playground-tester/playground-tester/node_modules/@wp-playground/cli/index.js:237\n        throw new Error(y, { cause: u });\n              ^\n","log":"/tmp/tmp.l6LPtgCN8d"}
,
{"message":"Uncaught Exception: DateTimeZone::__construct(): Unknown or bad timezone () in /wordpress/wp-content/plugins/bktsk-live-scheduler/lib/class-bktskytschedulershortcode.php:24","level":"FATAL","type":"PHP","test":"asyncify-boot","plugin":"blackjack-lite","details":"[08-May-2025 23:50:01 UTC] PHP Fatal error:  Uncaught Exception: DateTimeZone::__construct(): Unknown or bad timezone () in /wordpress/wp-content/plugins/bktsk-live-scheduler/lib/class-bktskytschedulershortcode.php:24\nStack trace:\n#0 /wordpress/wp-content/plugins/bktsk-live-scheduler/lib/class-bktskytschedulershortcode.php(24): DateTimeZone->__construct('')\n#1 /wordpress/wp-content/plugins/bktsk-live-scheduler/lib/class-bktskytschedulershortcode.php(394): BktskYtSchedulerShortcode->__construct()\n#2 /wordpress/wp-content/plugins/bktsk-live-scheduler/bktsk-yt-live-scheduler.php(43): require_once('/wordpress/wp-c...')\n#3 /wordpress/wp-admin/includes/plugin.php(2387): include_once('/wordpress/wp-c...')\n#4 /wordpress/wp-admin/includes/plugin.php(673): plugin_sandbox_scrape('bktsk-live-sche...')\n#5 /internal/eval.php(20): activate_plugin('bktsk-live-sche...')\n#6 {main}\n  thrown in /wordpress/wp-content/plugins/bktsk-live-scheduler/lib/class-bktskytschedulershortcode.php on line 24","log":"/logs/plugins/b/blackjack-lite/error.json"}
,
{"message":"Uncaught Exception: DateTimeZone::__construct(): Unknown or bad timezone () in /wordpress/wp-content/plugins/bktsk-live-scheduler/lib/class-bktskytschedulershortcode.php:24","level":"FATAL","type":"PHP","test":"asyncify-boot","plugin":"blackjack-lite","details":"[08-May-2025 23:50:08 UTC] PHP Fatal error:  Uncaught Exception: DateTimeZone::__construct(): Unknown or bad timezone () in /wordpress/wp-content/plugins/bktsk-live-scheduler/lib/class-bktskytschedulershortcode.php:24\nStack trace:\n#0 /wordpress/wp-content/plugins/bktsk-live-scheduler/lib/class-bktskytschedulershortcode.php(24): DateTimeZone->__construct('')\n#1 /wordpress/wp-content/plugins/bktsk-live-scheduler/lib/class-bktskytschedulershortcode.php(394): BktskYtSchedulerShortcode->__construct()\n#2 /wordpress/wp-content/plugins/bktsk-live-scheduler/bktsk-yt-live-scheduler.php(43): require_once('/wordpress/wp-c...')\n#3 /wordpress/wp-admin/includes/plugin.php(2387): include_once('/wordpress/wp-c...')\n#4 /wordpress/wp-admin/includes/plugin.php(673): plugin_sandbox_scrape('bktsk-live-sche...')\n#5 /internal/eval.php(20): activate_plugin('bktsk-live-sche...')\n#6 {main}\n  thrown in /wordpress/wp-content/plugins/bktsk-live-scheduler/lib/class-bktskytschedulershortcode.php on line 24","log":"/logs/plugins/b/blackjack-lite/error.json"}
,
{"message":"Uncaught Exception: DateTimeZone::__construct(): Unknown or bad timezone () in /wordpress/wp-content/plugins/bktsk-live-scheduler/lib/class-bktskytschedulershortcode.php:24","level":"FATAL","type":"PHP","test":"asyncify-boot","plugin":"blackjack-lite","details":"[08-May-2025 23:50:16 UTC] PHP Fatal error:  Uncaught Exception: DateTimeZone::__construct(): Unknown or bad timezone () in /wordpress/wp-content/plugins/bktsk-live-scheduler/lib/class-bktskytschedulershortcode.php:24\nStack trace:\n#0 /wordpress/wp-content/plugins/bktsk-live-scheduler/lib/class-bktskytschedulershortcode.php(24): DateTimeZone->__construct('')\n#1 /wordpress/wp-content/plugins/bktsk-live-scheduler/lib/class-bktskytschedulershortcode.php(394): BktskYtSchedulerShortcode->__construct()\n#2 /wordpress/wp-content/plugins/bktsk-live-scheduler/bktsk-yt-live-scheduler.php(43): require_once('/wordpress/wp-c...')\n#3 /wordpress/wp-admin/includes/plugin.php(2387): include_once('/wordpress/wp-c...')\n#4 /wordpress/wp-admin/includes/plugin.php(673): plugin_sandbox_scrape('bktsk-live-sche...')\n#5 /internal/eval.php(20): activate_plugin('bktsk-live-sche...')\n#6 {main}\n  thrown in /wordpress/wp-content/plugins/bktsk-live-scheduler/lib/class-bktskytschedulershortcode.php on line 24","log":"/logs/plugins/b/blackjack-lite/error.json"}
,
{"message":"Uncaught Error: Call to undefined function create_function() in /wordpress/wp-content/plugins/basic-calculator/basic-math-calculator.php:220","level":"FATAL","type":"PHP","test":"asyncify-boot","plugin":"blackjack-lite","details":"[08-May-2025 23:51:38 UTC] PHP Fatal error:  Uncaught Error: Call to undefined function create_function() in /wordpress/wp-content/plugins/basic-calculator/basic-math-calculator.php:220\nStack trace:\n#0 /wordpress/wp-admin/includes/plugin.php(2387): include_once()\n#1 /wordpress/wp-admin/includes/plugin.php(673): plugin_sandbox_scrape('basic-calculato...')\n#2 /internal/eval.php(20): activate_plugin('basic-calculato...')\n#3 {main}\n  thrown in /wordpress/wp-content/plugins/basic-calculator/basic-math-calculator.php on line 220","log":"/logs/plugins/b/blackjack-lite/error.json"}
,
{"message":"Uncaught Error: Call to undefined function create_function() in /wordpress/wp-content/plugins/basic-calculator/basic-math-calculator.php:220","level":"FATAL","type":"PHP","test":"asyncify-boot","plugin":"blackjack-lite","details":"[08-May-2025 23:51:47 UTC] PHP Fatal error:  Uncaught Error: Call to undefined function create_function() in /wordpress/wp-content/plugins/basic-calculator/basic-math-calculator.php:220\nStack trace:\n#0 /wordpress/wp-admin/includes/plugin.php(2387): include_once()\n#1 /wordpress/wp-admin/includes/plugin.php(673): plugin_sandbox_scrape('basic-calculato...')\n#2 /internal/eval.php(20): activate_plugin('basic-calculato...')\n#3 {main}\n  thrown in /wordpress/wp-content/plugins/basic-calculator/basic-math-calculator.php on line 220","log":"/logs/plugins/b/blackjack-lite/error.json"}
,
{"message":"Uncaught Error: Call to undefined function create_function() in /wordpress/wp-content/plugins/basic-calculator/basic-math-calculator.php:220","level":"FATAL","type":"PHP","test":"asyncify-boot","plugin":"blackjack-lite","details":"[08-May-2025 23:51:55 UTC] PHP Fatal error:  Uncaught Error: Call to undefined function create_function() in /wordpress/wp-content/plugins/basic-calculator/basic-math-calculator.php:220\nStack trace:\n#0 /wordpress/wp-admin/includes/plugin.php(2387): include_once()\n#1 /wordpress/wp-admin/includes/plugin.php(673): plugin_sandbox_scrape('basic-calculato...')\n#2 /internal/eval.php(20): activate_plugin('basic-calculato...')\n#3 {main}\n  thrown in /wordpress/wp-content/plugins/basic-calculator/basic-math-calculator.php on line 220","log":"/logs/plugins/b/blackjack-lite/error.json"}
,
{"message":"Function register_sidebar_widget is <strong>deprecated</strong> since version 2.8.0! Use wp_register_sidebar_widget() instead. in /wordpress/wp-includes/functions.php on line 6121","level":"DEPRECATED","type":"PHP","test":"asyncify-boot","plugin":"blackjack-lite","details":"[08-May-2025 23:53:01 UTC] PHP Deprecated:  Function register_sidebar_widget is <strong>deprecated</strong> since version 2.8.0! Use wp_register_sidebar_widget() instead. in /wordpress/wp-includes/functions.php on line 6121","log":"/logs/plugins/b/blackjack-lite/error.json"}
,
{"message":"Function register_widget_control is <strong>deprecated</strong> since version 2.8.0! Use wp_register_widget_control() instead. in /wordpress/wp-includes/functions.php on line 6121","level":"DEPRECATED","type":"PHP","test":"asyncify-boot","plugin":"blackjack-lite","details":"[08-May-2025 23:53:01 UTC] PHP Deprecated:  Function register_widget_control is <strong>deprecated</strong> since version 2.8.0! Use wp_register_widget_control() instead. in /wordpress/wp-includes/functions.php on line 6121","log":"/logs/plugins/b/blackjack-lite/error.json"}
,
{"message":"Function register_sidebar_widget is <strong>deprecated</strong> since version 2.8.0! Use wp_register_sidebar_widget() instead. in /wordpress/wp-includes/functions.php on line 6121","level":"DEPRECATED","type":"PHP","test":"asyncify-boot","plugin":"blackjack-lite","details":"[08-May-2025 23:53:11 UTC] PHP Deprecated:  Function register_sidebar_widget is <strong>deprecated</strong> since version 2.8.0! Use wp_register_sidebar_widget() instead. in /wordpress/wp-includes/functions.php on line 6121","log":"/logs/plugins/b/blackjack-lite/error.json"}
,
{"message":"Function register_widget_control is <strong>deprecated</strong> since version 2.8.0! Use wp_register_widget_control() instead. in /wordpress/wp-includes/functions.php on line 6121","level":"DEPRECATED","type":"PHP","test":"asyncify-boot","plugin":"blackjack-lite","details":"[08-May-2025 23:53:11 UTC] PHP Deprecated:  Function register_widget_control is <strong>deprecated</strong> since version 2.8.0! Use wp_register_widget_control() instead. in /wordpress/wp-includes/functions.php on line 6121","log":"/logs/plugins/b/blackjack-lite/error.json"}
,
{"message":"Function register_sidebar_widget is <strong>deprecated</strong> since version 2.8.0! Use wp_register_sidebar_widget() instead. in /wordpress/wp-includes/functions.php on line 6121","level":"DEPRECATED","type":"PHP","test":"asyncify-boot","plugin":"blackjack-lite","details":"[08-May-2025 23:53:20 UTC] PHP Deprecated:  Function register_sidebar_widget is <strong>deprecated</strong> since version 2.8.0! Use wp_register_sidebar_widget() instead. in /wordpress/wp-includes/functions.php on line 6121","log":"/logs/plugins/b/blackjack-lite/error.json"}
,
{"message":"Function register_widget_control is <strong>deprecated</strong> since version 2.8.0! Use wp_register_widget_control() instead. in /wordpress/wp-includes/functions.php on line 6121","level":"DEPRECATED","type":"PHP","test":"asyncify-boot","plugin":"blackjack-lite","details":"[08-May-2025 23:53:20 UTC] PHP Deprecated:  Function register_widget_control is <strong>deprecated</strong> since version 2.8.0! Use wp_register_widget_control() instead. in /wordpress/wp-includes/functions.php on line 6121","log":"/logs/plugins/b/blackjack-lite/error.json"}
,
{"message":"Uncaught Error: Call to undefined function create_function() in /wordpress/wp-content/plugins/biz-things/biz-things.php:122","level":"FATAL","type":"PHP","test":"asyncify-boot","plugin":"blackjack-lite","details":"[08-May-2025 23:54:50 UTC] PHP Fatal error:  Uncaught Error: Call to undefined function create_function() in /wordpress/wp-content/plugins/biz-things/biz-things.php:122\nStack trace:\n#0 /wordpress/wp-admin/includes/plugin.php(2387): include_once()\n#1 /wordpress/wp-admin/includes/plugin.php(673): plugin_sandbox_scrape('biz-things/biz-...')\n#2 /internal/eval.php(20): activate_plugin('biz-things/biz-...')\n#3 {main}\n  thrown in /wordpress/wp-content/plugins/biz-things/biz-things.php on line 122","log":"/logs/plugins/b/blackjack-lite/error.json"}
,
{"message":"Uncaught Error: Call to undefined function create_function() in /wordpress/wp-content/plugins/biz-things/biz-things.php:122","level":"FATAL","type":"PHP","test":"asyncify-boot","plugin":"blackjack-lite","details":"[08-May-2025 23:54:58 UTC] PHP Fatal error:  Uncaught Error: Call to undefined function create_function() in /wordpress/wp-content/plugins/biz-things/biz-things.php:122\nStack trace:\n#0 /wordpress/wp-admin/includes/plugin.php(2387): include_once()\n#1 /wordpress/wp-admin/includes/plugin.php(673): plugin_sandbox_scrape('biz-things/biz-...')\n#2 /internal/eval.php(20): activate_plugin('biz-things/biz-...')\n#3 {main}\n  thrown in /wordpress/wp-content/plugins/biz-things/biz-things.php on line 122","log":"/logs/plugins/b/blackjack-lite/error.json"}
,
{"message":"Uncaught Error: Call to undefined function create_function() in /wordpress/wp-content/plugins/biz-things/biz-things.php:122","level":"FATAL","type":"PHP","test":"asyncify-boot","plugin":"blackjack-lite","details":"[08-May-2025 23:55:06 UTC] PHP Fatal error:  Uncaught Error: Call to undefined function create_function() in /wordpress/wp-content/plugins/biz-things/biz-things.php:122\nStack trace:\n#0 /wordpress/wp-admin/includes/plugin.php(2387): include_once()\n#1 /wordpress/wp-admin/includes/plugin.php(673): plugin_sandbox_scrape('biz-things/biz-...')\n#2 /internal/eval.php(20): activate_plugin('biz-things/biz-...')\n#3 {main}\n  thrown in /wordpress/wp-content/plugins/biz-things/biz-things.php on line 122","log":"/logs/plugins/b/blackjack-lite/error.json"}
,
{"message":"Uncaught ArgumentCountError: Too few arguments to function EzBasePlugin::__construct(), 0 passed in /wordpress/wp-content/plugins/blackjack-lite/blackjack-lite.php on line 276 and exactly 3 expected in /wordpress/wp-content/plugins/blackjack-lite/EzOptions.php:541","level":"FATAL","type":"PHP","test":"asyncify-boot","plugin":"blackjack-lite","details":"[08-May-2025 23:55:15 UTC] PHP Fatal error:  Uncaught ArgumentCountError: Too few arguments to function EzBasePlugin::__construct(), 0 passed in /wordpress/wp-content/plugins/blackjack-lite/blackjack-lite.php on line 276 and exactly 3 expected in /wordpress/wp-content/plugins/blackjack-lite/EzOptions.php:541\nStack trace:\n#0 /wordpress/wp-content/plugins/blackjack-lite/blackjack-lite.php(276): EzBasePlugin->__construct()\n#1 /wordpress/wp-admin/includes/plugin.php(2387): include_once('/wordpress/wp-c...')\n#2 /wordpress/wp-admin/includes/plugin.php(673): plugin_sandbox_scrape('blackjack-lite/...')\n#3 /internal/eval.php(20): activate_plugin('blackjack-lite/...')\n#4 {main}\n  thrown in /wordpress/wp-content/plugins/blackjack-lite/EzOptions.php on line 541","log":"/logs/plugins/b/blackjack-lite/error.json"}
,
{"message":"Uncaught ArgumentCountError: Too few arguments to function EzBasePlugin::__construct(), 0 passed in /wordpress/wp-content/plugins/blackjack-lite/blackjack-lite.php on line 276 and exactly 3 expected in /wordpress/wp-content/plugins/blackjack-lite/EzOptions.php:541","level":"FATAL","type":"PHP","test":"asyncify-boot","plugin":"blackjack-lite","details":"[08-May-2025 23:55:23 UTC] PHP Fatal error:  Uncaught ArgumentCountError: Too few arguments to function EzBasePlugin::__construct(), 0 passed in /wordpress/wp-content/plugins/blackjack-lite/blackjack-lite.php on line 276 and exactly 3 expected in /wordpress/wp-content/plugins/blackjack-lite/EzOptions.php:541\nStack trace:\n#0 /wordpress/wp-content/plugins/blackjack-lite/blackjack-lite.php(276): EzBasePlugin->__construct()\n#1 /wordpress/wp-admin/includes/plugin.php(2387): include_once('/wordpress/wp-c...')\n#2 /wordpress/wp-admin/includes/plugin.php(673): plugin_sandbox_scrape('blackjack-lite/...')\n#3 /internal/eval.php(20): activate_plugin('blackjack-lite/...')\n#4 {main}\n  thrown in /wordpress/wp-content/plugins/blackjack-lite/EzOptions.php on line 541\n\n    at Object.onBind (file:///home/runner/work/playground-tester/playground-tester/node_modules/@wp-playground/cli/index.js:237:15)\n    at process.processTicksAndRejections (node:internal/process/task_queues:105:5)\n    at async V (file:///home/runner/work/playground-tester/playground-tester/node_modules/@wp-playground/cli/index.js:64:10)\n    at async ja (file:///home/runner/work/playground-tester/playground-tester/node_modules/@wp-playground/cli/cli.js:8161:12) {\n  [cause]: Error: Error when executing the blueprint step #1 ({\"step\":\"installPlugin\",\"pluginData\":{\"resource\":\"wordpress.org/plugins\",\"slug\":\"blackjack-lite\"},\"options\":{\"activate\":true}}) : PHP.run() failed with exit code 255 and the following output: \n      at Object.run (file:///home/runner/work/playground-tester/playground-tester/node_modules/@wp-playground/blueprints/index.js:12449:19)\n      at process.processTicksAndRejections (node:internal/process/task_queues:105:5)\n      at async ms (file:///home/runner/work/playground-tester/playground-tester/node_modules/@wp-playground/blueprints/index.js:12552:3)\n      ... 2 lines matching cause stack trace ...\n      at async ja (file:///home/runner/work/playground-tester/playground-tester/node_modules/@wp-playground/cli/cli.js:8161:12) {\n    [cause]: PHPExecutionFailureError: PHP.run() failed with exit code 255 and the following output: \n        at PHP.run (file:///home/runner/work/playground-tester/playground-tester/node_modules/@php-wasm/universal/index.js:987:19)\n        at process.processTicksAndRejections (node:internal/process/task_queues:105:5)\n        at async wr (file:///home/runner/work/playground-tester/playground-tester/node_modules/@wp-playground/blueprints/index.js:33:39)\n        at async Object.gt [as installPlugin] (file:///home/runner/work/playground-tester/playground-tester/node_modules/@wp-playground/blueprints/index.js:974:42)\n        at async g (file:///home/runner/work/playground-tester/playground-tester/node_modules/@wp-playground/blueprints/index.js:12517:30)\n        at async Object.run (file:///home/runner/work/playground-tester/playground-tester/node_modules/@wp-playground/blueprints/index.js:12446:23)\n        at async ms (file:///home/runner/work/playground-tester/playground-tester/node_modules/@wp-playground/blueprints/index.js:12552:3)\n        at async Object.onBind (file:///home/runner/work/playground-tester/playground-tester/node_modules/@wp-playground/cli/index.js:227:48)\n        at async V (file:///home/runner/work/playground-tester/playground-tester/node_modules/@wp-playground/cli/index.js:64:10)\n        at async ja (file:///home/runner/work/playground-tester/playground-tester/node_modules/@wp-playground/cli/cli.js:8161:12) {\n      response: PHPResponse {\n        httpStatusCode: 500,\n        headers: {\n          'x-powered-by': [ 'PHP/8.0.30-dev' ],\n          'content-type': [ 'text/html; charset=UTF-8' ]\n        },\n        bytes: Uint8Array(0) [],\n        exitCode: 255,\n        errors: ''\n      },\n      source: 'request'\n    }\n  }\n}\n\n","log":"/logs/plugins/b/blackjack-lite/error.json"}
]
