[
  {
    "message": "file:///home/runner/work/playground-tester/playground-tester/node_modules/@wp-playground/cli/run-cli-j-geJYS3.js:325\n        throw new Error($, { cause: h });\n              ^\n",
    "level": "FATAL",
    "type": "PLAYGROUND",
    "test": "ast-sqlite-boot",
    "plugin": "wp-quotes",
    "details": "file:///home/runner/work/playground-tester/playground-tester/node_modules/@wp-playground/cli/run-cli-j-geJYS3.js:325\n        throw new Error($, { cause: h });\n              ^\n",
    "log": "/tmp/tmp.Dmg0a6HQt2"
  },
  {
    "message": "Undefined array key \"letter\" in /wordpress/wp-content/plugins/wp-alphabetic-navigation/wpalphabeticnavigation.php on line 119",
    "level": "WARNING",
    "type": "PHP",
    "test": "ast-sqlite-boot",
    "plugin": "wp-quotes",
    "details": "[07-Jun-2025 07:26:45 UTC] PHP Warning:  Undefined array key \"letter\" in /wordpress/wp-content/plugins/wp-alphabetic-navigation/wpalphabeticnavigation.php on line 119",
    "log": "/logs/plugins/w/wp-quotes/error.json"
  },
  {
    "message": "Undefined array key \"letter\" in /wordpress/wp-content/plugins/wp-alphabetic-navigation/wpalphabeticnavigation.php on line 119",
    "level": "WARNING",
    "type": "PHP",
    "test": "ast-sqlite-boot",
    "plugin": "wp-quotes",
    "details": "[07-Jun-2025 07:26:46 UTC] PHP Warning:  Undefined array key \"letter\" in /wordpress/wp-content/plugins/wp-alphabetic-navigation/wpalphabeticnavigation.php on line 119",
    "log": "/logs/plugins/w/wp-quotes/error.json"
  },
  {
    "message": "Undefined array key \"letter\" in /wordpress/wp-content/plugins/wp-alphabetic-navigation/wpalphabeticnavigation.php on line 119",
    "level": "WARNING",
    "type": "PHP",
    "test": "ast-sqlite-boot",
    "plugin": "wp-quotes",
    "details": "[07-Jun-2025 07:26:54 UTC] PHP Warning:  Undefined array key \"letter\" in /wordpress/wp-content/plugins/wp-alphabetic-navigation/wpalphabeticnavigation.php on line 119",
    "log": "/logs/plugins/w/wp-quotes/error.json"
  },
  {
    "message": "Undefined array key \"letter\" in /wordpress/wp-content/plugins/wp-alphabetic-navigation/wpalphabeticnavigation.php on line 119",
    "level": "WARNING",
    "type": "PHP",
    "test": "ast-sqlite-boot",
    "plugin": "wp-quotes",
    "details": "[07-Jun-2025 07:26:55 UTC] PHP Warning:  Undefined array key \"letter\" in /wordpress/wp-content/plugins/wp-alphabetic-navigation/wpalphabeticnavigation.php on line 119",
    "log": "/logs/plugins/w/wp-quotes/error.json"
  },
  {
    "message": "Undefined array key \"letter\" in /wordpress/wp-content/plugins/wp-alphabetic-navigation/wpalphabeticnavigation.php on line 119",
    "level": "WARNING",
    "type": "PHP",
    "test": "ast-sqlite-boot",
    "plugin": "wp-quotes",
    "details": "[07-Jun-2025 07:27:03 UTC] PHP Warning:  Undefined array key \"letter\" in /wordpress/wp-content/plugins/wp-alphabetic-navigation/wpalphabeticnavigation.php on line 119",
    "log": "/logs/plugins/w/wp-quotes/error.json"
  },
  {
    "message": "Undefined array key \"letter\" in /wordpress/wp-content/plugins/wp-alphabetic-navigation/wpalphabeticnavigation.php on line 119",
    "level": "WARNING",
    "type": "PHP",
    "test": "ast-sqlite-boot",
    "plugin": "wp-quotes",
    "details": "[07-Jun-2025 07:27:04 UTC] PHP Warning:  Undefined array key \"letter\" in /wordpress/wp-content/plugins/wp-alphabetic-navigation/wpalphabeticnavigation.php on line 119",
    "log": "/logs/plugins/w/wp-quotes/error.json"
  },
  {
    "message": "Function wp_enqueue_script was called <strong>incorrectly</strong>. Scripts and styles should not be registered or enqueued until the <code>wp_enqueue_scripts</code>, <code>admin_enqueue_scripts</code>, or <code>login_enqueue_scripts</code> hooks. This notice was triggered by the <code>jquery</code> handle. Please see <a href=\"https://developer.wordpress.org/advanced-administration/debug/debug-wordpress/\">Debugging in WordPress</a> for more information. (This message was added in version 3.3.0.) in /wordpress/wp-includes/functions.php on line 6121",
    "level": "NOTICE",
    "type": "PHP",
    "test": "ast-sqlite-boot",
    "plugin": "wp-quotes",
    "details": "[07-Jun-2025 07:28:41 UTC] PHP Notice:  Function wp_enqueue_script was called <strong>incorrectly</strong>. Scripts and styles should not be registered or enqueued until the <code>wp_enqueue_scripts</code>, <code>admin_enqueue_scripts</code>, or <code>login_enqueue_scripts</code> hooks. This notice was triggered by the <code>jquery</code> handle. Please see <a href=\"https://developer.wordpress.org/advanced-administration/debug/debug-wordpress/\">Debugging in WordPress</a> for more information. (This message was added in version 3.3.0.) in /wordpress/wp-includes/functions.php on line 6121",
    "log": "/logs/plugins/w/wp-quotes/error.json"
  },
  {
    "message": "Function wp_enqueue_script was called <strong>incorrectly</strong>. Scripts and styles should not be registered or enqueued until the <code>wp_enqueue_scripts</code>, <code>admin_enqueue_scripts</code>, or <code>login_enqueue_scripts</code> hooks. This notice was triggered by the <code>jquery</code> handle. Please see <a href=\"https://developer.wordpress.org/advanced-administration/debug/debug-wordpress/\">Debugging in WordPress</a> for more information. (This message was added in version 3.3.0.) in /wordpress/wp-includes/functions.php on line 6121",
    "level": "NOTICE",
    "type": "PHP",
    "test": "ast-sqlite-boot",
    "plugin": "wp-quotes",
    "details": "[07-Jun-2025 07:28:50 UTC] PHP Notice:  Function wp_enqueue_script was called <strong>incorrectly</strong>. Scripts and styles should not be registered or enqueued until the <code>wp_enqueue_scripts</code>, <code>admin_enqueue_scripts</code>, or <code>login_enqueue_scripts</code> hooks. This notice was triggered by the <code>jquery</code> handle. Please see <a href=\"https://developer.wordpress.org/advanced-administration/debug/debug-wordpress/\">Debugging in WordPress</a> for more information. (This message was added in version 3.3.0.) in /wordpress/wp-includes/functions.php on line 6121",
    "log": "/logs/plugins/w/wp-quotes/error.json"
  },
  {
    "message": "Function wp_enqueue_script was called <strong>incorrectly</strong>. Scripts and styles should not be registered or enqueued until the <code>wp_enqueue_scripts</code>, <code>admin_enqueue_scripts</code>, or <code>login_enqueue_scripts</code> hooks. This notice was triggered by the <code>jquery</code> handle. Please see <a href=\"https://developer.wordpress.org/advanced-administration/debug/debug-wordpress/\">Debugging in WordPress</a> for more information. (This message was added in version 3.3.0.) in /wordpress/wp-includes/functions.php on line 6121",
    "level": "NOTICE",
    "type": "PHP",
    "test": "ast-sqlite-boot",
    "plugin": "wp-quotes",
    "details": "[07-Jun-2025 07:28:59 UTC] PHP Notice:  Function wp_enqueue_script was called <strong>incorrectly</strong>. Scripts and styles should not be registered or enqueued until the <code>wp_enqueue_scripts</code>, <code>admin_enqueue_scripts</code>, or <code>login_enqueue_scripts</code> hooks. This notice was triggered by the <code>jquery</code> handle. Please see <a href=\"https://developer.wordpress.org/advanced-administration/debug/debug-wordpress/\">Debugging in WordPress</a> for more information. (This message was added in version 3.3.0.) in /wordpress/wp-includes/functions.php on line 6121",
    "log": "/logs/plugins/w/wp-quotes/error.json"
  },
  {
    "message": "Uncaught PDOException: SQLSTATE[HY000] [2002] Address family not supported by protocol in /wordpress/wp-content/plugins/wp-xapi-lrs/include/WpUtil.php:43",
    "level": "FATAL",
    "type": "PHP",
    "test": "ast-sqlite-boot",
    "plugin": "wp-quotes",
    "details": "[07-Jun-2025 07:30:00 UTC] PHP Fatal error:  Uncaught PDOException: SQLSTATE[HY000] [2002] Address family not supported by protocol in /wordpress/wp-content/plugins/wp-xapi-lrs/include/WpUtil.php:43\nStack trace:\n#0 /wordpress/wp-content/plugins/wp-xapi-lrs/include/WpUtil.php(43): PDO->__construct('mysql:host=loca...', 'username_here', 'password_here')\n#1 /wordpress/wp-content/plugins/wp-xapi-lrs/wp-xapi-lrs.php(27): xapilrs\\WpUtil::getCompatiblePdo()\n#2 /wordpress/wp-includes/class-wp-hook.php(324): xapilrs_activate(false)\n#3 /wordpress/wp-includes/class-wp-hook.php(348): WP_Hook->apply_filters('', Array)\n#4 /wordpress/wp-includes/plugin.php(517): WP_Hook->do_action(Array)\n#5 /wordpress/wp-admin/includes/plugin.php(703): do_action('activate_wp-xap...', false)\n#6 /internal/eval.php(20): activate_plugin('wp-xapi-lrs/wp-...')\n#7 {main}\n  thrown in /wordpress/wp-content/plugins/wp-xapi-lrs/include/WpUtil.php on line 43",
    "log": "/logs/plugins/w/wp-quotes/error.json"
  },
  {
    "message": "Uncaught PDOException: SQLSTATE[HY000] [2002] Address family not supported by protocol in /wordpress/wp-content/plugins/wp-xapi-lrs/include/WpUtil.php:43",
    "level": "FATAL",
    "type": "PHP",
    "test": "ast-sqlite-boot",
    "plugin": "wp-quotes",
    "details": "[07-Jun-2025 07:30:08 UTC] PHP Fatal error:  Uncaught PDOException: SQLSTATE[HY000] [2002] Address family not supported by protocol in /wordpress/wp-content/plugins/wp-xapi-lrs/include/WpUtil.php:43\nStack trace:\n#0 /wordpress/wp-content/plugins/wp-xapi-lrs/include/WpUtil.php(43): PDO->__construct('mysql:host=loca...', 'username_here', 'password_here')\n#1 /wordpress/wp-content/plugins/wp-xapi-lrs/wp-xapi-lrs.php(27): xapilrs\\WpUtil::getCompatiblePdo()\n#2 /wordpress/wp-includes/class-wp-hook.php(324): xapilrs_activate(false)\n#3 /wordpress/wp-includes/class-wp-hook.php(348): WP_Hook->apply_filters('', Array)\n#4 /wordpress/wp-includes/plugin.php(517): WP_Hook->do_action(Array)\n#5 /wordpress/wp-admin/includes/plugin.php(703): do_action('activate_wp-xap...', false)\n#6 /internal/eval.php(20): activate_plugin('wp-xapi-lrs/wp-...')\n#7 {main}\n  thrown in /wordpress/wp-content/plugins/wp-xapi-lrs/include/WpUtil.php on line 43",
    "log": "/logs/plugins/w/wp-quotes/error.json"
  },
  {
    "message": "Uncaught PDOException: SQLSTATE[HY000] [2002] Address family not supported by protocol in /wordpress/wp-content/plugins/wp-xapi-lrs/include/WpUtil.php:43",
    "level": "FATAL",
    "type": "PHP",
    "test": "ast-sqlite-boot",
    "plugin": "wp-quotes",
    "details": "[07-Jun-2025 07:30:17 UTC] PHP Fatal error:  Uncaught PDOException: SQLSTATE[HY000] [2002] Address family not supported by protocol in /wordpress/wp-content/plugins/wp-xapi-lrs/include/WpUtil.php:43\nStack trace:\n#0 /wordpress/wp-content/plugins/wp-xapi-lrs/include/WpUtil.php(43): PDO->__construct('mysql:host=loca...', 'username_here', 'password_here')\n#1 /wordpress/wp-content/plugins/wp-xapi-lrs/wp-xapi-lrs.php(27): xapilrs\\WpUtil::getCompatiblePdo()\n#2 /wordpress/wp-includes/class-wp-hook.php(324): xapilrs_activate(false)\n#3 /wordpress/wp-includes/class-wp-hook.php(348): WP_Hook->apply_filters('', Array)\n#4 /wordpress/wp-includes/plugin.php(517): WP_Hook->do_action(Array)\n#5 /wordpress/wp-admin/includes/plugin.php(703): do_action('activate_wp-xap...', false)\n#6 /internal/eval.php(20): activate_plugin('wp-xapi-lrs/wp-...')\n#7 {main}\n  thrown in /wordpress/wp-content/plugins/wp-xapi-lrs/include/WpUtil.php on line 43",
    "log": "/logs/plugins/w/wp-quotes/error.json"
  },
  {
    "message": "Undefined array key \"action\" in /wordpress/wp-content/plugins/wpmediawiki/wp-mediawiki.php on line 971",
    "level": "WARNING",
    "type": "PHP",
    "test": "ast-sqlite-boot",
    "plugin": "wp-quotes",
    "details": "[07-Jun-2025 07:30:57 UTC] PHP Warning:  Undefined array key \"action\" in /wordpress/wp-content/plugins/wpmediawiki/wp-mediawiki.php on line 971",
    "log": "/logs/plugins/w/wp-quotes/error.json"
  },
  {
    "message": "Undefined array key \"action\" in /wordpress/wp-content/plugins/wpmediawiki/wp-mediawiki.php on line 971",
    "level": "WARNING",
    "type": "PHP",
    "test": "ast-sqlite-boot",
    "plugin": "wp-quotes",
    "details": "[07-Jun-2025 07:30:58 UTC] PHP Warning:  Undefined array key \"action\" in /wordpress/wp-content/plugins/wpmediawiki/wp-mediawiki.php on line 971",
    "log": "/logs/plugins/w/wp-quotes/error.json"
  },
  {
    "message": "Undefined array key \"action\" in /wordpress/wp-content/plugins/wpmediawiki/wp-mediawiki.php on line 971",
    "level": "WARNING",
    "type": "PHP",
    "test": "ast-sqlite-boot",
    "plugin": "wp-quotes",
    "details": "[07-Jun-2025 07:31:05 UTC] PHP Warning:  Undefined array key \"action\" in /wordpress/wp-content/plugins/wpmediawiki/wp-mediawiki.php on line 971",
    "log": "/logs/plugins/w/wp-quotes/error.json"
  },
  {
    "message": "Undefined array key \"action\" in /wordpress/wp-content/plugins/wpmediawiki/wp-mediawiki.php on line 971",
    "level": "WARNING",
    "type": "PHP",
    "test": "ast-sqlite-boot",
    "plugin": "wp-quotes",
    "details": "[07-Jun-2025 07:31:06 UTC] PHP Warning:  Undefined array key \"action\" in /wordpress/wp-content/plugins/wpmediawiki/wp-mediawiki.php on line 971",
    "log": "/logs/plugins/w/wp-quotes/error.json"
  },
  {
    "message": "Undefined array key \"action\" in /wordpress/wp-content/plugins/wpmediawiki/wp-mediawiki.php on line 971",
    "level": "WARNING",
    "type": "PHP",
    "test": "ast-sqlite-boot",
    "plugin": "wp-quotes",
    "details": "[07-Jun-2025 07:31:14 UTC] PHP Warning:  Undefined array key \"action\" in /wordpress/wp-content/plugins/wpmediawiki/wp-mediawiki.php on line 971",
    "log": "/logs/plugins/w/wp-quotes/error.json"
  },
  {
    "message": "Undefined array key \"action\" in /wordpress/wp-content/plugins/wpmediawiki/wp-mediawiki.php on line 971",
    "level": "WARNING",
    "type": "PHP",
    "test": "ast-sqlite-boot",
    "plugin": "wp-quotes",
    "details": "[07-Jun-2025 07:31:15 UTC] PHP Warning:  Undefined array key \"action\" in /wordpress/wp-content/plugins/wpmediawiki/wp-mediawiki.php on line 971\n\n    at Object.onBind (file:///home/runner/work/playground-tester/playground-tester/node_modules/@wp-playground/cli/run-cli-j-geJYS3.js:325:15)\n    at process.processTicksAndRejections (node:internal/process/task_queues:105:5)\n    at async re (file:///home/runner/work/playground-tester/playground-tester/node_modules/@wp-playground/cli/run-cli-j-geJYS3.js:149:10) {\n  [cause]: Error: Error when executing the blueprint step #5 ({\"step\":\"installPlugin\",\"pluginData\":{\"resource\":\"wordpress.org/plugins\",\"slug\":\"wp-quotes\"},\"options\":{\"activate\":true}}) : Could not download \"https://downloads.wordpress.org/plugin/wp-quotes.latest-stable.zip\".\n  \t\t\t\tCheck if the URL is correct and the server is reachable.\n  \t\t\t\tIf it is reachable, the server might be blocking the request.\n  \t\t\t\tCheck the browser console and network tabs for more information.\n  \n  \t\t\t\t## Does the console show the error \"No 'Access-Control-Allow-Origin' header\"?\n  \n  \t\t\t\tThis means the server that hosts your file does not allow requests from other sites\n  \t\t\t\t(cross-origin requests, or CORS).\tYou need to move the asset to a server that allows\n  \t\t\t\tcross-origin file downloads. Learn more about CORS at\n  \t\t\t\thttps://developer.mozilla.org/en-US/docs/Web/HTTP/CORS.\n  \n  \t\t\t\tIf your file is on GitHub, load it from \"raw.githubusercontent.com\".\n  \t\t\t\tHere's how to do that:\n  \n  \t\t\t\t1. Start with the original GitHub URL of the file. For example:\n  \t\t\t\thttps://github.com/username/repository/blob/branch/filename.\n  \t\t\t\t2. Replace \"github.com\" with \"raw.githubusercontent.com\".\n  \t\t\t\t3. Remove the \"/blob/\" part of the URL.\n  \n  \t\t\t\tThe resulting URL should look like this:\n  \t\t\t\thttps://raw.githubusercontent.com/username/repository/branch/filename\n  \n  \t\t\t\tError:\n  \t\t\t\tError: Could not download \"https://downloads.wordpress.org/plugin/wp-quotes.latest-stable.zip\"\n      at Object.run (file:///home/runner/work/playground-tester/playground-tester/node_modules/@wp-playground/blueprints/index.js:12093:19)\n      at process.processTicksAndRejections (node:internal/process/task_queues:105:5)\n      at async ys (file:///home/runner/work/playground-tester/playground-tester/node_modules/@wp-playground/blueprints/index.js:12196:3)\n      at async Object.onBind (file:///home/runner/work/playground-tester/playground-tester/node_modules/@wp-playground/cli/run-cli-j-geJYS3.js:315:48)\n      at async re (file:///home/runner/work/playground-tester/playground-tester/node_modules/@wp-playground/cli/run-cli-j-geJYS3.js:149:10) {\n    [cause]: Error: Could not download \"https://downloads.wordpress.org/plugin/wp-quotes.latest-stable.zip\".\n    \t\t\t\tCheck if the URL is correct and the server is reachable.\n    \t\t\t\tIf it is reachable, the server might be blocking the request.\n    \t\t\t\tCheck the browser console and network tabs for more information.\n    \n    \t\t\t\t## Does the console show the error \"No 'Access-Control-Allow-Origin' header\"?\n    \n    \t\t\t\tThis means the server that hosts your file does not allow requests from other sites\n    \t\t\t\t(cross-origin requests, or CORS).\tYou need to move the asset to a server that allows\n    \t\t\t\tcross-origin file downloads. Learn more about CORS at\n    \t\t\t\thttps://developer.mozilla.org/en-US/docs/Web/HTTP/CORS.\n    \n    \t\t\t\tIf your file is on GitHub, load it from \"raw.githubusercontent.com\".\n    \t\t\t\tHere's how to do that:\n    \n    \t\t\t\t1. Start with the original GitHub URL of the file. For example:\n    \t\t\t\thttps://github.com/username/repository/blob/branch/filename.\n    \t\t\t\t2. Replace \"github.com\" with \"raw.githubusercontent.com\".\n    \t\t\t\t3. Remove the \"/blob/\" part of the URL.\n    \n    \t\t\t\tThe resulting URL should look like this:\n    \t\t\t\thttps://raw.githubusercontent.com/username/repository/branch/filename\n    \n    \t\t\t\tError:\n    \t\t\t\tError: Could not download \"https://downloads.wordpress.org/plugin/wp-quotes.latest-stable.zip\"\n        at Ct.resolve (file:///home/runner/work/playground-tester/playground-tester/node_modules/@wp-playground/blueprints/index.js:1129:13)\n        at process.processTicksAndRejections (node:internal/process/task_queues:105:5)\n        at async _.run (file:///home/runner/work/playground-tester/playground-tester/node_modules/@php-wasm/util/index.js:45:14)\n  }\n}\n\n",
    "log": "/logs/plugins/w/wp-quotes/error.json"
  },
  {
    "message": "file:///home/runner/work/playground-tester/playground-tester/node_modules/@wp-playground/cli/run-cli-j-geJYS3.js:325\n        throw new Error($, { cause: h });\n              ^\n",
    "level": "FATAL",
    "type": "PLAYGROUND",
    "test": "asyncify-boot",
    "plugin": "wp-quotes",
    "details": "file:///home/runner/work/playground-tester/playground-tester/node_modules/@wp-playground/cli/run-cli-j-geJYS3.js:325\n        throw new Error($, { cause: h });\n              ^\n",
    "log": "/tmp/tmp.sFRd9pW6Tw"
  },
  {
    "message": "Undefined array key \"letter\" in /wordpress/wp-content/plugins/wp-alphabetic-navigation/wpalphabeticnavigation.php on line 119",
    "level": "WARNING",
    "type": "PHP",
    "test": "asyncify-boot",
    "plugin": "wp-quotes",
    "details": "[07-Jun-2025 07:26:45 UTC] PHP Warning:  Undefined array key \"letter\" in /wordpress/wp-content/plugins/wp-alphabetic-navigation/wpalphabeticnavigation.php on line 119",
    "log": "/logs/plugins/w/wp-quotes/error.json"
  },
  {
    "message": "Undefined array key \"letter\" in /wordpress/wp-content/plugins/wp-alphabetic-navigation/wpalphabeticnavigation.php on line 119",
    "level": "WARNING",
    "type": "PHP",
    "test": "asyncify-boot",
    "plugin": "wp-quotes",
    "details": "[07-Jun-2025 07:26:46 UTC] PHP Warning:  Undefined array key \"letter\" in /wordpress/wp-content/plugins/wp-alphabetic-navigation/wpalphabeticnavigation.php on line 119",
    "log": "/logs/plugins/w/wp-quotes/error.json"
  },
  {
    "message": "Undefined array key \"letter\" in /wordpress/wp-content/plugins/wp-alphabetic-navigation/wpalphabeticnavigation.php on line 119",
    "level": "WARNING",
    "type": "PHP",
    "test": "asyncify-boot",
    "plugin": "wp-quotes",
    "details": "[07-Jun-2025 07:26:54 UTC] PHP Warning:  Undefined array key \"letter\" in /wordpress/wp-content/plugins/wp-alphabetic-navigation/wpalphabeticnavigation.php on line 119",
    "log": "/logs/plugins/w/wp-quotes/error.json"
  },
  {
    "message": "Undefined array key \"letter\" in /wordpress/wp-content/plugins/wp-alphabetic-navigation/wpalphabeticnavigation.php on line 119",
    "level": "WARNING",
    "type": "PHP",
    "test": "asyncify-boot",
    "plugin": "wp-quotes",
    "details": "[07-Jun-2025 07:26:55 UTC] PHP Warning:  Undefined array key \"letter\" in /wordpress/wp-content/plugins/wp-alphabetic-navigation/wpalphabeticnavigation.php on line 119",
    "log": "/logs/plugins/w/wp-quotes/error.json"
  },
  {
    "message": "Undefined array key \"letter\" in /wordpress/wp-content/plugins/wp-alphabetic-navigation/wpalphabeticnavigation.php on line 119",
    "level": "WARNING",
    "type": "PHP",
    "test": "asyncify-boot",
    "plugin": "wp-quotes",
    "details": "[07-Jun-2025 07:27:03 UTC] PHP Warning:  Undefined array key \"letter\" in /wordpress/wp-content/plugins/wp-alphabetic-navigation/wpalphabeticnavigation.php on line 119",
    "log": "/logs/plugins/w/wp-quotes/error.json"
  },
  {
    "message": "Undefined array key \"letter\" in /wordpress/wp-content/plugins/wp-alphabetic-navigation/wpalphabeticnavigation.php on line 119",
    "level": "WARNING",
    "type": "PHP",
    "test": "asyncify-boot",
    "plugin": "wp-quotes",
    "details": "[07-Jun-2025 07:27:04 UTC] PHP Warning:  Undefined array key \"letter\" in /wordpress/wp-content/plugins/wp-alphabetic-navigation/wpalphabeticnavigation.php on line 119",
    "log": "/logs/plugins/w/wp-quotes/error.json"
  },
  {
    "message": "Function wp_enqueue_script was called <strong>incorrectly</strong>. Scripts and styles should not be registered or enqueued until the <code>wp_enqueue_scripts</code>, <code>admin_enqueue_scripts</code>, or <code>login_enqueue_scripts</code> hooks. This notice was triggered by the <code>jquery</code> handle. Please see <a href=\"https://developer.wordpress.org/advanced-administration/debug/debug-wordpress/\">Debugging in WordPress</a> for more information. (This message was added in version 3.3.0.) in /wordpress/wp-includes/functions.php on line 6121",
    "level": "NOTICE",
    "type": "PHP",
    "test": "asyncify-boot",
    "plugin": "wp-quotes",
    "details": "[07-Jun-2025 07:28:41 UTC] PHP Notice:  Function wp_enqueue_script was called <strong>incorrectly</strong>. Scripts and styles should not be registered or enqueued until the <code>wp_enqueue_scripts</code>, <code>admin_enqueue_scripts</code>, or <code>login_enqueue_scripts</code> hooks. This notice was triggered by the <code>jquery</code> handle. Please see <a href=\"https://developer.wordpress.org/advanced-administration/debug/debug-wordpress/\">Debugging in WordPress</a> for more information. (This message was added in version 3.3.0.) in /wordpress/wp-includes/functions.php on line 6121",
    "log": "/logs/plugins/w/wp-quotes/error.json"
  },
  {
    "message": "Function wp_enqueue_script was called <strong>incorrectly</strong>. Scripts and styles should not be registered or enqueued until the <code>wp_enqueue_scripts</code>, <code>admin_enqueue_scripts</code>, or <code>login_enqueue_scripts</code> hooks. This notice was triggered by the <code>jquery</code> handle. Please see <a href=\"https://developer.wordpress.org/advanced-administration/debug/debug-wordpress/\">Debugging in WordPress</a> for more information. (This message was added in version 3.3.0.) in /wordpress/wp-includes/functions.php on line 6121",
    "level": "NOTICE",
    "type": "PHP",
    "test": "asyncify-boot",
    "plugin": "wp-quotes",
    "details": "[07-Jun-2025 07:28:50 UTC] PHP Notice:  Function wp_enqueue_script was called <strong>incorrectly</strong>. Scripts and styles should not be registered or enqueued until the <code>wp_enqueue_scripts</code>, <code>admin_enqueue_scripts</code>, or <code>login_enqueue_scripts</code> hooks. This notice was triggered by the <code>jquery</code> handle. Please see <a href=\"https://developer.wordpress.org/advanced-administration/debug/debug-wordpress/\">Debugging in WordPress</a> for more information. (This message was added in version 3.3.0.) in /wordpress/wp-includes/functions.php on line 6121",
    "log": "/logs/plugins/w/wp-quotes/error.json"
  },
  {
    "message": "Function wp_enqueue_script was called <strong>incorrectly</strong>. Scripts and styles should not be registered or enqueued until the <code>wp_enqueue_scripts</code>, <code>admin_enqueue_scripts</code>, or <code>login_enqueue_scripts</code> hooks. This notice was triggered by the <code>jquery</code> handle. Please see <a href=\"https://developer.wordpress.org/advanced-administration/debug/debug-wordpress/\">Debugging in WordPress</a> for more information. (This message was added in version 3.3.0.) in /wordpress/wp-includes/functions.php on line 6121",
    "level": "NOTICE",
    "type": "PHP",
    "test": "asyncify-boot",
    "plugin": "wp-quotes",
    "details": "[07-Jun-2025 07:28:59 UTC] PHP Notice:  Function wp_enqueue_script was called <strong>incorrectly</strong>. Scripts and styles should not be registered or enqueued until the <code>wp_enqueue_scripts</code>, <code>admin_enqueue_scripts</code>, or <code>login_enqueue_scripts</code> hooks. This notice was triggered by the <code>jquery</code> handle. Please see <a href=\"https://developer.wordpress.org/advanced-administration/debug/debug-wordpress/\">Debugging in WordPress</a> for more information. (This message was added in version 3.3.0.) in /wordpress/wp-includes/functions.php on line 6121",
    "log": "/logs/plugins/w/wp-quotes/error.json"
  },
  {
    "message": "Uncaught PDOException: SQLSTATE[HY000] [2002] Address family not supported by protocol in /wordpress/wp-content/plugins/wp-xapi-lrs/include/WpUtil.php:43",
    "level": "FATAL",
    "type": "PHP",
    "test": "asyncify-boot",
    "plugin": "wp-quotes",
    "details": "[07-Jun-2025 07:30:00 UTC] PHP Fatal error:  Uncaught PDOException: SQLSTATE[HY000] [2002] Address family not supported by protocol in /wordpress/wp-content/plugins/wp-xapi-lrs/include/WpUtil.php:43\nStack trace:\n#0 /wordpress/wp-content/plugins/wp-xapi-lrs/include/WpUtil.php(43): PDO->__construct('mysql:host=loca...', 'username_here', 'password_here')\n#1 /wordpress/wp-content/plugins/wp-xapi-lrs/wp-xapi-lrs.php(27): xapilrs\\WpUtil::getCompatiblePdo()\n#2 /wordpress/wp-includes/class-wp-hook.php(324): xapilrs_activate(false)\n#3 /wordpress/wp-includes/class-wp-hook.php(348): WP_Hook->apply_filters('', Array)\n#4 /wordpress/wp-includes/plugin.php(517): WP_Hook->do_action(Array)\n#5 /wordpress/wp-admin/includes/plugin.php(703): do_action('activate_wp-xap...', false)\n#6 /internal/eval.php(20): activate_plugin('wp-xapi-lrs/wp-...')\n#7 {main}\n  thrown in /wordpress/wp-content/plugins/wp-xapi-lrs/include/WpUtil.php on line 43",
    "log": "/logs/plugins/w/wp-quotes/error.json"
  },
  {
    "message": "Uncaught PDOException: SQLSTATE[HY000] [2002] Address family not supported by protocol in /wordpress/wp-content/plugins/wp-xapi-lrs/include/WpUtil.php:43",
    "level": "FATAL",
    "type": "PHP",
    "test": "asyncify-boot",
    "plugin": "wp-quotes",
    "details": "[07-Jun-2025 07:30:08 UTC] PHP Fatal error:  Uncaught PDOException: SQLSTATE[HY000] [2002] Address family not supported by protocol in /wordpress/wp-content/plugins/wp-xapi-lrs/include/WpUtil.php:43\nStack trace:\n#0 /wordpress/wp-content/plugins/wp-xapi-lrs/include/WpUtil.php(43): PDO->__construct('mysql:host=loca...', 'username_here', 'password_here')\n#1 /wordpress/wp-content/plugins/wp-xapi-lrs/wp-xapi-lrs.php(27): xapilrs\\WpUtil::getCompatiblePdo()\n#2 /wordpress/wp-includes/class-wp-hook.php(324): xapilrs_activate(false)\n#3 /wordpress/wp-includes/class-wp-hook.php(348): WP_Hook->apply_filters('', Array)\n#4 /wordpress/wp-includes/plugin.php(517): WP_Hook->do_action(Array)\n#5 /wordpress/wp-admin/includes/plugin.php(703): do_action('activate_wp-xap...', false)\n#6 /internal/eval.php(20): activate_plugin('wp-xapi-lrs/wp-...')\n#7 {main}\n  thrown in /wordpress/wp-content/plugins/wp-xapi-lrs/include/WpUtil.php on line 43",
    "log": "/logs/plugins/w/wp-quotes/error.json"
  },
  {
    "message": "Uncaught PDOException: SQLSTATE[HY000] [2002] Address family not supported by protocol in /wordpress/wp-content/plugins/wp-xapi-lrs/include/WpUtil.php:43",
    "level": "FATAL",
    "type": "PHP",
    "test": "asyncify-boot",
    "plugin": "wp-quotes",
    "details": "[07-Jun-2025 07:30:17 UTC] PHP Fatal error:  Uncaught PDOException: SQLSTATE[HY000] [2002] Address family not supported by protocol in /wordpress/wp-content/plugins/wp-xapi-lrs/include/WpUtil.php:43\nStack trace:\n#0 /wordpress/wp-content/plugins/wp-xapi-lrs/include/WpUtil.php(43): PDO->__construct('mysql:host=loca...', 'username_here', 'password_here')\n#1 /wordpress/wp-content/plugins/wp-xapi-lrs/wp-xapi-lrs.php(27): xapilrs\\WpUtil::getCompatiblePdo()\n#2 /wordpress/wp-includes/class-wp-hook.php(324): xapilrs_activate(false)\n#3 /wordpress/wp-includes/class-wp-hook.php(348): WP_Hook->apply_filters('', Array)\n#4 /wordpress/wp-includes/plugin.php(517): WP_Hook->do_action(Array)\n#5 /wordpress/wp-admin/includes/plugin.php(703): do_action('activate_wp-xap...', false)\n#6 /internal/eval.php(20): activate_plugin('wp-xapi-lrs/wp-...')\n#7 {main}\n  thrown in /wordpress/wp-content/plugins/wp-xapi-lrs/include/WpUtil.php on line 43",
    "log": "/logs/plugins/w/wp-quotes/error.json"
  },
  {
    "message": "Undefined array key \"action\" in /wordpress/wp-content/plugins/wpmediawiki/wp-mediawiki.php on line 971",
    "level": "WARNING",
    "type": "PHP",
    "test": "asyncify-boot",
    "plugin": "wp-quotes",
    "details": "[07-Jun-2025 07:30:57 UTC] PHP Warning:  Undefined array key \"action\" in /wordpress/wp-content/plugins/wpmediawiki/wp-mediawiki.php on line 971",
    "log": "/logs/plugins/w/wp-quotes/error.json"
  },
  {
    "message": "Undefined array key \"action\" in /wordpress/wp-content/plugins/wpmediawiki/wp-mediawiki.php on line 971",
    "level": "WARNING",
    "type": "PHP",
    "test": "asyncify-boot",
    "plugin": "wp-quotes",
    "details": "[07-Jun-2025 07:30:58 UTC] PHP Warning:  Undefined array key \"action\" in /wordpress/wp-content/plugins/wpmediawiki/wp-mediawiki.php on line 971",
    "log": "/logs/plugins/w/wp-quotes/error.json"
  },
  {
    "message": "Undefined array key \"action\" in /wordpress/wp-content/plugins/wpmediawiki/wp-mediawiki.php on line 971",
    "level": "WARNING",
    "type": "PHP",
    "test": "asyncify-boot",
    "plugin": "wp-quotes",
    "details": "[07-Jun-2025 07:31:05 UTC] PHP Warning:  Undefined array key \"action\" in /wordpress/wp-content/plugins/wpmediawiki/wp-mediawiki.php on line 971",
    "log": "/logs/plugins/w/wp-quotes/error.json"
  },
  {
    "message": "Undefined array key \"action\" in /wordpress/wp-content/plugins/wpmediawiki/wp-mediawiki.php on line 971",
    "level": "WARNING",
    "type": "PHP",
    "test": "asyncify-boot",
    "plugin": "wp-quotes",
    "details": "[07-Jun-2025 07:31:06 UTC] PHP Warning:  Undefined array key \"action\" in /wordpress/wp-content/plugins/wpmediawiki/wp-mediawiki.php on line 971",
    "log": "/logs/plugins/w/wp-quotes/error.json"
  },
  {
    "message": "Undefined array key \"action\" in /wordpress/wp-content/plugins/wpmediawiki/wp-mediawiki.php on line 971",
    "level": "WARNING",
    "type": "PHP",
    "test": "asyncify-boot",
    "plugin": "wp-quotes",
    "details": "[07-Jun-2025 07:31:14 UTC] PHP Warning:  Undefined array key \"action\" in /wordpress/wp-content/plugins/wpmediawiki/wp-mediawiki.php on line 971",
    "log": "/logs/plugins/w/wp-quotes/error.json"
  },
  {
    "message": "Undefined array key \"action\" in /wordpress/wp-content/plugins/wpmediawiki/wp-mediawiki.php on line 971",
    "level": "WARNING",
    "type": "PHP",
    "test": "asyncify-boot",
    "plugin": "wp-quotes",
    "details": "[07-Jun-2025 07:31:15 UTC] PHP Warning:  Undefined array key \"action\" in /wordpress/wp-content/plugins/wpmediawiki/wp-mediawiki.php on line 971\n\n    at Object.onBind (file:///home/runner/work/playground-tester/playground-tester/node_modules/@wp-playground/cli/run-cli-j-geJYS3.js:325:15)\n    at process.processTicksAndRejections (node:internal/process/task_queues:105:5)\n    at async re (file:///home/runner/work/playground-tester/playground-tester/node_modules/@wp-playground/cli/run-cli-j-geJYS3.js:149:10) {\n  [cause]: Error: Error when executing the blueprint step #1 ({\"step\":\"installPlugin\",\"pluginData\":{\"resource\":\"wordpress.org/plugins\",\"slug\":\"wp-quotes\"},\"options\":{\"activate\":true}}) : Could not download \"https://downloads.wordpress.org/plugin/wp-quotes.latest-stable.zip\".\n  \t\t\t\tCheck if the URL is correct and the server is reachable.\n  \t\t\t\tIf it is reachable, the server might be blocking the request.\n  \t\t\t\tCheck the browser console and network tabs for more information.\n  \n  \t\t\t\t## Does the console show the error \"No 'Access-Control-Allow-Origin' header\"?\n  \n  \t\t\t\tThis means the server that hosts your file does not allow requests from other sites\n  \t\t\t\t(cross-origin requests, or CORS).\tYou need to move the asset to a server that allows\n  \t\t\t\tcross-origin file downloads. Learn more about CORS at\n  \t\t\t\thttps://developer.mozilla.org/en-US/docs/Web/HTTP/CORS.\n  \n  \t\t\t\tIf your file is on GitHub, load it from \"raw.githubusercontent.com\".\n  \t\t\t\tHere's how to do that:\n  \n  \t\t\t\t1. Start with the original GitHub URL of the file. For example:\n  \t\t\t\thttps://github.com/username/repository/blob/branch/filename.\n  \t\t\t\t2. Replace \"github.com\" with \"raw.githubusercontent.com\".\n  \t\t\t\t3. Remove the \"/blob/\" part of the URL.\n  \n  \t\t\t\tThe resulting URL should look like this:\n  \t\t\t\thttps://raw.githubusercontent.com/username/repository/branch/filename\n  \n  \t\t\t\tError:\n  \t\t\t\tError: Could not download \"https://downloads.wordpress.org/plugin/wp-quotes.latest-stable.zip\"\n      at Object.run (file:///home/runner/work/playground-tester/playground-tester/node_modules/@wp-playground/blueprints/index.js:12093:19)\n      at process.processTicksAndRejections (node:internal/process/task_queues:105:5)\n      at async ys (file:///home/runner/work/playground-tester/playground-tester/node_modules/@wp-playground/blueprints/index.js:12196:3)\n      at async Object.onBind (file:///home/runner/work/playground-tester/playground-tester/node_modules/@wp-playground/cli/run-cli-j-geJYS3.js:315:48)\n      at async re (file:///home/runner/work/playground-tester/playground-tester/node_modules/@wp-playground/cli/run-cli-j-geJYS3.js:149:10) {\n    [cause]: Error: Could not download \"https://downloads.wordpress.org/plugin/wp-quotes.latest-stable.zip\".\n    \t\t\t\tCheck if the URL is correct and the server is reachable.\n    \t\t\t\tIf it is reachable, the server might be blocking the request.\n    \t\t\t\tCheck the browser console and network tabs for more information.\n    \n    \t\t\t\t## Does the console show the error \"No 'Access-Control-Allow-Origin' header\"?\n    \n    \t\t\t\tThis means the server that hosts your file does not allow requests from other sites\n    \t\t\t\t(cross-origin requests, or CORS).\tYou need to move the asset to a server that allows\n    \t\t\t\tcross-origin file downloads. Learn more about CORS at\n    \t\t\t\thttps://developer.mozilla.org/en-US/docs/Web/HTTP/CORS.\n    \n    \t\t\t\tIf your file is on GitHub, load it from \"raw.githubusercontent.com\".\n    \t\t\t\tHere's how to do that:\n    \n    \t\t\t\t1. Start with the original GitHub URL of the file. For example:\n    \t\t\t\thttps://github.com/username/repository/blob/branch/filename.\n    \t\t\t\t2. Replace \"github.com\" with \"raw.githubusercontent.com\".\n    \t\t\t\t3. Remove the \"/blob/\" part of the URL.\n    \n    \t\t\t\tThe resulting URL should look like this:\n    \t\t\t\thttps://raw.githubusercontent.com/username/repository/branch/filename\n    \n    \t\t\t\tError:\n    \t\t\t\tError: Could not download \"https://downloads.wordpress.org/plugin/wp-quotes.latest-stable.zip\"\n        at Ct.resolve (file:///home/runner/work/playground-tester/playground-tester/node_modules/@wp-playground/blueprints/index.js:1129:13)\n        at process.processTicksAndRejections (node:internal/process/task_queues:105:5)\n        at async _.run (file:///home/runner/work/playground-tester/playground-tester/node_modules/@php-wasm/util/index.js:45:14)\n  }\n}\n\n",
    "log": "/logs/plugins/w/wp-quotes/error.json"
  },
  {
    "message": "file:///home/runner/work/playground-tester/playground-tester/node_modules/@wp-playground/cli/run-cli-j-geJYS3.js:325\n        throw new Error($, { cause: h });\n              ^\n",
    "level": "FATAL",
    "type": "PLAYGROUND",
    "test": "jspi-boot",
    "plugin": "wp-quotes",
    "details": "file:///home/runner/work/playground-tester/playground-tester/node_modules/@wp-playground/cli/run-cli-j-geJYS3.js:325\n        throw new Error($, { cause: h });\n              ^\n",
    "log": "/tmp/tmp.2dYPcipOCL"
  },
  {
    "message": "Undefined array key \"letter\" in /wordpress/wp-content/plugins/wp-alphabetic-navigation/wpalphabeticnavigation.php on line 119",
    "level": "WARNING",
    "type": "PHP",
    "test": "jspi-boot",
    "plugin": "wp-quotes",
    "details": "[07-Jun-2025 07:26:45 UTC] PHP Warning:  Undefined array key \"letter\" in /wordpress/wp-content/plugins/wp-alphabetic-navigation/wpalphabeticnavigation.php on line 119",
    "log": "/logs/plugins/w/wp-quotes/error.json"
  },
  {
    "message": "Undefined array key \"letter\" in /wordpress/wp-content/plugins/wp-alphabetic-navigation/wpalphabeticnavigation.php on line 119",
    "level": "WARNING",
    "type": "PHP",
    "test": "jspi-boot",
    "plugin": "wp-quotes",
    "details": "[07-Jun-2025 07:26:46 UTC] PHP Warning:  Undefined array key \"letter\" in /wordpress/wp-content/plugins/wp-alphabetic-navigation/wpalphabeticnavigation.php on line 119",
    "log": "/logs/plugins/w/wp-quotes/error.json"
  },
  {
    "message": "Undefined array key \"letter\" in /wordpress/wp-content/plugins/wp-alphabetic-navigation/wpalphabeticnavigation.php on line 119",
    "level": "WARNING",
    "type": "PHP",
    "test": "jspi-boot",
    "plugin": "wp-quotes",
    "details": "[07-Jun-2025 07:26:54 UTC] PHP Warning:  Undefined array key \"letter\" in /wordpress/wp-content/plugins/wp-alphabetic-navigation/wpalphabeticnavigation.php on line 119",
    "log": "/logs/plugins/w/wp-quotes/error.json"
  },
  {
    "message": "Undefined array key \"letter\" in /wordpress/wp-content/plugins/wp-alphabetic-navigation/wpalphabeticnavigation.php on line 119",
    "level": "WARNING",
    "type": "PHP",
    "test": "jspi-boot",
    "plugin": "wp-quotes",
    "details": "[07-Jun-2025 07:26:55 UTC] PHP Warning:  Undefined array key \"letter\" in /wordpress/wp-content/plugins/wp-alphabetic-navigation/wpalphabeticnavigation.php on line 119",
    "log": "/logs/plugins/w/wp-quotes/error.json"
  },
  {
    "message": "Undefined array key \"letter\" in /wordpress/wp-content/plugins/wp-alphabetic-navigation/wpalphabeticnavigation.php on line 119",
    "level": "WARNING",
    "type": "PHP",
    "test": "jspi-boot",
    "plugin": "wp-quotes",
    "details": "[07-Jun-2025 07:27:03 UTC] PHP Warning:  Undefined array key \"letter\" in /wordpress/wp-content/plugins/wp-alphabetic-navigation/wpalphabeticnavigation.php on line 119",
    "log": "/logs/plugins/w/wp-quotes/error.json"
  },
  {
    "message": "Undefined array key \"letter\" in /wordpress/wp-content/plugins/wp-alphabetic-navigation/wpalphabeticnavigation.php on line 119",
    "level": "WARNING",
    "type": "PHP",
    "test": "jspi-boot",
    "plugin": "wp-quotes",
    "details": "[07-Jun-2025 07:27:04 UTC] PHP Warning:  Undefined array key \"letter\" in /wordpress/wp-content/plugins/wp-alphabetic-navigation/wpalphabeticnavigation.php on line 119",
    "log": "/logs/plugins/w/wp-quotes/error.json"
  },
  {
    "message": "Function wp_enqueue_script was called <strong>incorrectly</strong>. Scripts and styles should not be registered or enqueued until the <code>wp_enqueue_scripts</code>, <code>admin_enqueue_scripts</code>, or <code>login_enqueue_scripts</code> hooks. This notice was triggered by the <code>jquery</code> handle. Please see <a href=\"https://developer.wordpress.org/advanced-administration/debug/debug-wordpress/\">Debugging in WordPress</a> for more information. (This message was added in version 3.3.0.) in /wordpress/wp-includes/functions.php on line 6121",
    "level": "NOTICE",
    "type": "PHP",
    "test": "jspi-boot",
    "plugin": "wp-quotes",
    "details": "[07-Jun-2025 07:28:41 UTC] PHP Notice:  Function wp_enqueue_script was called <strong>incorrectly</strong>. Scripts and styles should not be registered or enqueued until the <code>wp_enqueue_scripts</code>, <code>admin_enqueue_scripts</code>, or <code>login_enqueue_scripts</code> hooks. This notice was triggered by the <code>jquery</code> handle. Please see <a href=\"https://developer.wordpress.org/advanced-administration/debug/debug-wordpress/\">Debugging in WordPress</a> for more information. (This message was added in version 3.3.0.) in /wordpress/wp-includes/functions.php on line 6121",
    "log": "/logs/plugins/w/wp-quotes/error.json"
  },
  {
    "message": "Function wp_enqueue_script was called <strong>incorrectly</strong>. Scripts and styles should not be registered or enqueued until the <code>wp_enqueue_scripts</code>, <code>admin_enqueue_scripts</code>, or <code>login_enqueue_scripts</code> hooks. This notice was triggered by the <code>jquery</code> handle. Please see <a href=\"https://developer.wordpress.org/advanced-administration/debug/debug-wordpress/\">Debugging in WordPress</a> for more information. (This message was added in version 3.3.0.) in /wordpress/wp-includes/functions.php on line 6121",
    "level": "NOTICE",
    "type": "PHP",
    "test": "jspi-boot",
    "plugin": "wp-quotes",
    "details": "[07-Jun-2025 07:28:50 UTC] PHP Notice:  Function wp_enqueue_script was called <strong>incorrectly</strong>. Scripts and styles should not be registered or enqueued until the <code>wp_enqueue_scripts</code>, <code>admin_enqueue_scripts</code>, or <code>login_enqueue_scripts</code> hooks. This notice was triggered by the <code>jquery</code> handle. Please see <a href=\"https://developer.wordpress.org/advanced-administration/debug/debug-wordpress/\">Debugging in WordPress</a> for more information. (This message was added in version 3.3.0.) in /wordpress/wp-includes/functions.php on line 6121",
    "log": "/logs/plugins/w/wp-quotes/error.json"
  },
  {
    "message": "Function wp_enqueue_script was called <strong>incorrectly</strong>. Scripts and styles should not be registered or enqueued until the <code>wp_enqueue_scripts</code>, <code>admin_enqueue_scripts</code>, or <code>login_enqueue_scripts</code> hooks. This notice was triggered by the <code>jquery</code> handle. Please see <a href=\"https://developer.wordpress.org/advanced-administration/debug/debug-wordpress/\">Debugging in WordPress</a> for more information. (This message was added in version 3.3.0.) in /wordpress/wp-includes/functions.php on line 6121",
    "level": "NOTICE",
    "type": "PHP",
    "test": "jspi-boot",
    "plugin": "wp-quotes",
    "details": "[07-Jun-2025 07:28:59 UTC] PHP Notice:  Function wp_enqueue_script was called <strong>incorrectly</strong>. Scripts and styles should not be registered or enqueued until the <code>wp_enqueue_scripts</code>, <code>admin_enqueue_scripts</code>, or <code>login_enqueue_scripts</code> hooks. This notice was triggered by the <code>jquery</code> handle. Please see <a href=\"https://developer.wordpress.org/advanced-administration/debug/debug-wordpress/\">Debugging in WordPress</a> for more information. (This message was added in version 3.3.0.) in /wordpress/wp-includes/functions.php on line 6121",
    "log": "/logs/plugins/w/wp-quotes/error.json"
  },
  {
    "message": "Uncaught PDOException: SQLSTATE[HY000] [2002] Address family not supported by protocol in /wordpress/wp-content/plugins/wp-xapi-lrs/include/WpUtil.php:43",
    "level": "FATAL",
    "type": "PHP",
    "test": "jspi-boot",
    "plugin": "wp-quotes",
    "details": "[07-Jun-2025 07:30:00 UTC] PHP Fatal error:  Uncaught PDOException: SQLSTATE[HY000] [2002] Address family not supported by protocol in /wordpress/wp-content/plugins/wp-xapi-lrs/include/WpUtil.php:43\nStack trace:\n#0 /wordpress/wp-content/plugins/wp-xapi-lrs/include/WpUtil.php(43): PDO->__construct('mysql:host=loca...', 'username_here', 'password_here')\n#1 /wordpress/wp-content/plugins/wp-xapi-lrs/wp-xapi-lrs.php(27): xapilrs\\WpUtil::getCompatiblePdo()\n#2 /wordpress/wp-includes/class-wp-hook.php(324): xapilrs_activate(false)\n#3 /wordpress/wp-includes/class-wp-hook.php(348): WP_Hook->apply_filters('', Array)\n#4 /wordpress/wp-includes/plugin.php(517): WP_Hook->do_action(Array)\n#5 /wordpress/wp-admin/includes/plugin.php(703): do_action('activate_wp-xap...', false)\n#6 /internal/eval.php(20): activate_plugin('wp-xapi-lrs/wp-...')\n#7 {main}\n  thrown in /wordpress/wp-content/plugins/wp-xapi-lrs/include/WpUtil.php on line 43",
    "log": "/logs/plugins/w/wp-quotes/error.json"
  },
  {
    "message": "Uncaught PDOException: SQLSTATE[HY000] [2002] Address family not supported by protocol in /wordpress/wp-content/plugins/wp-xapi-lrs/include/WpUtil.php:43",
    "level": "FATAL",
    "type": "PHP",
    "test": "jspi-boot",
    "plugin": "wp-quotes",
    "details": "[07-Jun-2025 07:30:08 UTC] PHP Fatal error:  Uncaught PDOException: SQLSTATE[HY000] [2002] Address family not supported by protocol in /wordpress/wp-content/plugins/wp-xapi-lrs/include/WpUtil.php:43\nStack trace:\n#0 /wordpress/wp-content/plugins/wp-xapi-lrs/include/WpUtil.php(43): PDO->__construct('mysql:host=loca...', 'username_here', 'password_here')\n#1 /wordpress/wp-content/plugins/wp-xapi-lrs/wp-xapi-lrs.php(27): xapilrs\\WpUtil::getCompatiblePdo()\n#2 /wordpress/wp-includes/class-wp-hook.php(324): xapilrs_activate(false)\n#3 /wordpress/wp-includes/class-wp-hook.php(348): WP_Hook->apply_filters('', Array)\n#4 /wordpress/wp-includes/plugin.php(517): WP_Hook->do_action(Array)\n#5 /wordpress/wp-admin/includes/plugin.php(703): do_action('activate_wp-xap...', false)\n#6 /internal/eval.php(20): activate_plugin('wp-xapi-lrs/wp-...')\n#7 {main}\n  thrown in /wordpress/wp-content/plugins/wp-xapi-lrs/include/WpUtil.php on line 43",
    "log": "/logs/plugins/w/wp-quotes/error.json"
  },
  {
    "message": "Uncaught PDOException: SQLSTATE[HY000] [2002] Address family not supported by protocol in /wordpress/wp-content/plugins/wp-xapi-lrs/include/WpUtil.php:43",
    "level": "FATAL",
    "type": "PHP",
    "test": "jspi-boot",
    "plugin": "wp-quotes",
    "details": "[07-Jun-2025 07:30:17 UTC] PHP Fatal error:  Uncaught PDOException: SQLSTATE[HY000] [2002] Address family not supported by protocol in /wordpress/wp-content/plugins/wp-xapi-lrs/include/WpUtil.php:43\nStack trace:\n#0 /wordpress/wp-content/plugins/wp-xapi-lrs/include/WpUtil.php(43): PDO->__construct('mysql:host=loca...', 'username_here', 'password_here')\n#1 /wordpress/wp-content/plugins/wp-xapi-lrs/wp-xapi-lrs.php(27): xapilrs\\WpUtil::getCompatiblePdo()\n#2 /wordpress/wp-includes/class-wp-hook.php(324): xapilrs_activate(false)\n#3 /wordpress/wp-includes/class-wp-hook.php(348): WP_Hook->apply_filters('', Array)\n#4 /wordpress/wp-includes/plugin.php(517): WP_Hook->do_action(Array)\n#5 /wordpress/wp-admin/includes/plugin.php(703): do_action('activate_wp-xap...', false)\n#6 /internal/eval.php(20): activate_plugin('wp-xapi-lrs/wp-...')\n#7 {main}\n  thrown in /wordpress/wp-content/plugins/wp-xapi-lrs/include/WpUtil.php on line 43",
    "log": "/logs/plugins/w/wp-quotes/error.json"
  },
  {
    "message": "Undefined array key \"action\" in /wordpress/wp-content/plugins/wpmediawiki/wp-mediawiki.php on line 971",
    "level": "WARNING",
    "type": "PHP",
    "test": "jspi-boot",
    "plugin": "wp-quotes",
    "details": "[07-Jun-2025 07:30:57 UTC] PHP Warning:  Undefined array key \"action\" in /wordpress/wp-content/plugins/wpmediawiki/wp-mediawiki.php on line 971",
    "log": "/logs/plugins/w/wp-quotes/error.json"
  },
  {
    "message": "Undefined array key \"action\" in /wordpress/wp-content/plugins/wpmediawiki/wp-mediawiki.php on line 971",
    "level": "WARNING",
    "type": "PHP",
    "test": "jspi-boot",
    "plugin": "wp-quotes",
    "details": "[07-Jun-2025 07:30:58 UTC] PHP Warning:  Undefined array key \"action\" in /wordpress/wp-content/plugins/wpmediawiki/wp-mediawiki.php on line 971",
    "log": "/logs/plugins/w/wp-quotes/error.json"
  },
  {
    "message": "Undefined array key \"action\" in /wordpress/wp-content/plugins/wpmediawiki/wp-mediawiki.php on line 971",
    "level": "WARNING",
    "type": "PHP",
    "test": "jspi-boot",
    "plugin": "wp-quotes",
    "details": "[07-Jun-2025 07:31:05 UTC] PHP Warning:  Undefined array key \"action\" in /wordpress/wp-content/plugins/wpmediawiki/wp-mediawiki.php on line 971",
    "log": "/logs/plugins/w/wp-quotes/error.json"
  },
  {
    "message": "Undefined array key \"action\" in /wordpress/wp-content/plugins/wpmediawiki/wp-mediawiki.php on line 971",
    "level": "WARNING",
    "type": "PHP",
    "test": "jspi-boot",
    "plugin": "wp-quotes",
    "details": "[07-Jun-2025 07:31:06 UTC] PHP Warning:  Undefined array key \"action\" in /wordpress/wp-content/plugins/wpmediawiki/wp-mediawiki.php on line 971",
    "log": "/logs/plugins/w/wp-quotes/error.json"
  },
  {
    "message": "Undefined array key \"action\" in /wordpress/wp-content/plugins/wpmediawiki/wp-mediawiki.php on line 971",
    "level": "WARNING",
    "type": "PHP",
    "test": "jspi-boot",
    "plugin": "wp-quotes",
    "details": "[07-Jun-2025 07:31:14 UTC] PHP Warning:  Undefined array key \"action\" in /wordpress/wp-content/plugins/wpmediawiki/wp-mediawiki.php on line 971",
    "log": "/logs/plugins/w/wp-quotes/error.json"
  },
  {
    "message": "Undefined array key \"action\" in /wordpress/wp-content/plugins/wpmediawiki/wp-mediawiki.php on line 971",
    "level": "WARNING",
    "type": "PHP",
    "test": "jspi-boot",
    "plugin": "wp-quotes",
    "details": "[07-Jun-2025 07:31:15 UTC] PHP Warning:  Undefined array key \"action\" in /wordpress/wp-content/plugins/wpmediawiki/wp-mediawiki.php on line 971\n\n    at Object.onBind (file:///home/runner/work/playground-tester/playground-tester/node_modules/@wp-playground/cli/run-cli-j-geJYS3.js:325:15)\n    at process.processTicksAndRejections (node:internal/process/task_queues:105:5)\n    at async re (file:///home/runner/work/playground-tester/playground-tester/node_modules/@wp-playground/cli/run-cli-j-geJYS3.js:149:10) {\n  [cause]: Error: Error when executing the blueprint step #1 ({\"step\":\"installPlugin\",\"pluginData\":{\"resource\":\"wordpress.org/plugins\",\"slug\":\"wp-quotes\"},\"options\":{\"activate\":true}}) : Could not download \"https://downloads.wordpress.org/plugin/wp-quotes.latest-stable.zip\".\n  \t\t\t\tCheck if the URL is correct and the server is reachable.\n  \t\t\t\tIf it is reachable, the server might be blocking the request.\n  \t\t\t\tCheck the browser console and network tabs for more information.\n  \n  \t\t\t\t## Does the console show the error \"No 'Access-Control-Allow-Origin' header\"?\n  \n  \t\t\t\tThis means the server that hosts your file does not allow requests from other sites\n  \t\t\t\t(cross-origin requests, or CORS).\tYou need to move the asset to a server that allows\n  \t\t\t\tcross-origin file downloads. Learn more about CORS at\n  \t\t\t\thttps://developer.mozilla.org/en-US/docs/Web/HTTP/CORS.\n  \n  \t\t\t\tIf your file is on GitHub, load it from \"raw.githubusercontent.com\".\n  \t\t\t\tHere's how to do that:\n  \n  \t\t\t\t1. Start with the original GitHub URL of the file. For example:\n  \t\t\t\thttps://github.com/username/repository/blob/branch/filename.\n  \t\t\t\t2. Replace \"github.com\" with \"raw.githubusercontent.com\".\n  \t\t\t\t3. Remove the \"/blob/\" part of the URL.\n  \n  \t\t\t\tThe resulting URL should look like this:\n  \t\t\t\thttps://raw.githubusercontent.com/username/repository/branch/filename\n  \n  \t\t\t\tError:\n  \t\t\t\tError: Could not download \"https://downloads.wordpress.org/plugin/wp-quotes.latest-stable.zip\"\n      at Object.run (file:///home/runner/work/playground-tester/playground-tester/node_modules/@wp-playground/blueprints/index.js:12093:19)\n      at process.processTicksAndRejections (node:internal/process/task_queues:105:5)\n      at async ys (file:///home/runner/work/playground-tester/playground-tester/node_modules/@wp-playground/blueprints/index.js:12196:3)\n      at async Object.onBind (file:///home/runner/work/playground-tester/playground-tester/node_modules/@wp-playground/cli/run-cli-j-geJYS3.js:315:48)\n      at async re (file:///home/runner/work/playground-tester/playground-tester/node_modules/@wp-playground/cli/run-cli-j-geJYS3.js:149:10) {\n    [cause]: Error: Could not download \"https://downloads.wordpress.org/plugin/wp-quotes.latest-stable.zip\".\n    \t\t\t\tCheck if the URL is correct and the server is reachable.\n    \t\t\t\tIf it is reachable, the server might be blocking the request.\n    \t\t\t\tCheck the browser console and network tabs for more information.\n    \n    \t\t\t\t## Does the console show the error \"No 'Access-Control-Allow-Origin' header\"?\n    \n    \t\t\t\tThis means the server that hosts your file does not allow requests from other sites\n    \t\t\t\t(cross-origin requests, or CORS).\tYou need to move the asset to a server that allows\n    \t\t\t\tcross-origin file downloads. Learn more about CORS at\n    \t\t\t\thttps://developer.mozilla.org/en-US/docs/Web/HTTP/CORS.\n    \n    \t\t\t\tIf your file is on GitHub, load it from \"raw.githubusercontent.com\".\n    \t\t\t\tHere's how to do that:\n    \n    \t\t\t\t1. Start with the original GitHub URL of the file. For example:\n    \t\t\t\thttps://github.com/username/repository/blob/branch/filename.\n    \t\t\t\t2. Replace \"github.com\" with \"raw.githubusercontent.com\".\n    \t\t\t\t3. Remove the \"/blob/\" part of the URL.\n    \n    \t\t\t\tThe resulting URL should look like this:\n    \t\t\t\thttps://raw.githubusercontent.com/username/repository/branch/filename\n    \n    \t\t\t\tError:\n    \t\t\t\tError: Could not download \"https://downloads.wordpress.org/plugin/wp-quotes.latest-stable.zip\"\n        at Ct.resolve (file:///home/runner/work/playground-tester/playground-tester/node_modules/@wp-playground/blueprints/index.js:1129:13)\n        at process.processTicksAndRejections (node:internal/process/task_queues:105:5)\n        at async _.run (file:///home/runner/work/playground-tester/playground-tester/node_modules/@php-wasm/util/index.js:45:14)\n  }\n}\n\n",
    "log": "/logs/plugins/w/wp-quotes/error.json"
  }
]
