[
{"message":"file:///home/runner/work/playground-tester/playground-tester/node_modules/@wp-playground/cli/index.js:237\n        throw new Error(y, { cause: u });\n              ^\n","level":"FATAL","type":"PLAYGROUND","test":"jspi-boot","plugin":"triplify","details":"file:///home/runner/work/playground-tester/playground-tester/node_modules/@wp-playground/cli/index.js:237\n        throw new Error(y, { cause: u });\n              ^\n","log":"/tmp/tmp.1ZwRIBypa3"}
,
{"message":"Trying to access array offset on value of type bool in /wordpress/wp-content/plugins/terbit-coming-soon/inc/config.php on line 71","level":"WARNING","type":"PHP","test":"jspi-boot","plugin":"triplify","details":"[09-May-2025 11:46:15 UTC] PHP Warning:  Trying to access array offset on value of type bool in /wordpress/wp-content/plugins/terbit-coming-soon/inc/config.php on line 71","log":"/logs/plugins/t/triplify/error.json"}
,
{"message":"Trying to access array offset on value of type bool in /wordpress/wp-content/plugins/terbit-coming-soon/inc/config.php on line 71","level":"WARNING","type":"PHP","test":"jspi-boot","plugin":"triplify","details":"[09-May-2025 11:46:16 UTC] PHP Warning:  Trying to access array offset on value of type bool in /wordpress/wp-content/plugins/terbit-coming-soon/inc/config.php on line 71","log":"/logs/plugins/t/triplify/error.json"}
,
{"message":"Function _load_textdomain_just_in_time was called <strong>incorrectly</strong>. Translation loading for the <code>terbit-coming-soon</code> domain was triggered too early. This is usually an indicator for some code in the plugin or theme running too early. Translations should be loaded at the <code>init</code> action or later. Please see <a href=\"https://developer.wordpress.org/advanced-administration/debug/debug-wordpress/\">Debugging in WordPress</a> for more information. (This message was added in version 6.7.0.) in /wordpress/wp-includes/functions.php on line 6121","level":"NOTICE","type":"PHP","test":"jspi-boot","plugin":"triplify","details":"[09-May-2025 11:46:16 UTC] PHP Notice:  Function _load_textdomain_just_in_time was called <strong>incorrectly</strong>. Translation loading for the <code>terbit-coming-soon</code> domain was triggered too early. This is usually an indicator for some code in the plugin or theme running too early. Translations should be loaded at the <code>init</code> action or later. Please see <a href=\"https://developer.wordpress.org/advanced-administration/debug/debug-wordpress/\">Debugging in WordPress</a> for more information. (This message was added in version 6.7.0.) in /wordpress/wp-includes/functions.php on line 6121","log":"/logs/plugins/t/triplify/error.json"}
,
{"message":"Trying to access array offset on value of type bool in /wordpress/wp-content/plugins/terbit-coming-soon/inc/config.php on line 71","level":"WARNING","type":"PHP","test":"jspi-boot","plugin":"triplify","details":"[09-May-2025 11:46:24 UTC] PHP Warning:  Trying to access array offset on value of type bool in /wordpress/wp-content/plugins/terbit-coming-soon/inc/config.php on line 71","log":"/logs/plugins/t/triplify/error.json"}
,
{"message":"Trying to access array offset on value of type bool in /wordpress/wp-content/plugins/terbit-coming-soon/inc/config.php on line 71","level":"WARNING","type":"PHP","test":"jspi-boot","plugin":"triplify","details":"[09-May-2025 11:46:24 UTC] PHP Warning:  Trying to access array offset on value of type bool in /wordpress/wp-content/plugins/terbit-coming-soon/inc/config.php on line 71","log":"/logs/plugins/t/triplify/error.json"}
,
{"message":"Function _load_textdomain_just_in_time was called <strong>incorrectly</strong>. Translation loading for the <code>terbit-coming-soon</code> domain was triggered too early. This is usually an indicator for some code in the plugin or theme running too early. Translations should be loaded at the <code>init</code> action or later. Please see <a href=\"https://developer.wordpress.org/advanced-administration/debug/debug-wordpress/\">Debugging in WordPress</a> for more information. (This message was added in version 6.7.0.) in /wordpress/wp-includes/functions.php on line 6121","level":"NOTICE","type":"PHP","test":"jspi-boot","plugin":"triplify","details":"[09-May-2025 11:46:24 UTC] PHP Notice:  Function _load_textdomain_just_in_time was called <strong>incorrectly</strong>. Translation loading for the <code>terbit-coming-soon</code> domain was triggered too early. This is usually an indicator for some code in the plugin or theme running too early. Translations should be loaded at the <code>init</code> action or later. Please see <a href=\"https://developer.wordpress.org/advanced-administration/debug/debug-wordpress/\">Debugging in WordPress</a> for more information. (This message was added in version 6.7.0.) in /wordpress/wp-includes/functions.php on line 6121","log":"/logs/plugins/t/triplify/error.json"}
,
{"message":"Trying to access array offset on value of type bool in /wordpress/wp-content/plugins/terbit-coming-soon/inc/config.php on line 71","level":"WARNING","type":"PHP","test":"jspi-boot","plugin":"triplify","details":"[09-May-2025 11:46:33 UTC] PHP Warning:  Trying to access array offset on value of type bool in /wordpress/wp-content/plugins/terbit-coming-soon/inc/config.php on line 71","log":"/logs/plugins/t/triplify/error.json"}
,
{"message":"Trying to access array offset on value of type bool in /wordpress/wp-content/plugins/terbit-coming-soon/inc/config.php on line 71","level":"WARNING","type":"PHP","test":"jspi-boot","plugin":"triplify","details":"[09-May-2025 11:46:34 UTC] PHP Warning:  Trying to access array offset on value of type bool in /wordpress/wp-content/plugins/terbit-coming-soon/inc/config.php on line 71","log":"/logs/plugins/t/triplify/error.json"}
,
{"message":"Function _load_textdomain_just_in_time was called <strong>incorrectly</strong>. Translation loading for the <code>terbit-coming-soon</code> domain was triggered too early. This is usually an indicator for some code in the plugin or theme running too early. Translations should be loaded at the <code>init</code> action or later. Please see <a href=\"https://developer.wordpress.org/advanced-administration/debug/debug-wordpress/\">Debugging in WordPress</a> for more information. (This message was added in version 6.7.0.) in /wordpress/wp-includes/functions.php on line 6121","level":"NOTICE","type":"PHP","test":"jspi-boot","plugin":"triplify","details":"[09-May-2025 11:46:34 UTC] PHP Notice:  Function _load_textdomain_just_in_time was called <strong>incorrectly</strong>. Translation loading for the <code>terbit-coming-soon</code> domain was triggered too early. This is usually an indicator for some code in the plugin or theme running too early. Translations should be loaded at the <code>init</code> action or later. Please see <a href=\"https://developer.wordpress.org/advanced-administration/debug/debug-wordpress/\">Debugging in WordPress</a> for more information. (This message was added in version 6.7.0.) in /wordpress/wp-includes/functions.php on line 6121","log":"/logs/plugins/t/triplify/error.json"}
,
{"message":"Required parameter $_and_more follows optional parameter $sFieldID2 in /wordpress/wp-content/plugins/text-truncator/include/library/admin-page-framework/factory/AdminPageFramework/AdminPageFramework_Form_Controller.php on line 47","level":"DEPRECATED","type":"PHP","test":"jspi-boot","plugin":"triplify","details":"[09-May-2025 11:47:09 UTC] PHP Deprecated:  Required parameter $_and_more follows optional parameter $sFieldID2 in /wordpress/wp-content/plugins/text-truncator/include/library/admin-page-framework/factory/AdminPageFramework/AdminPageFramework_Form_Controller.php on line 47","log":"/logs/plugins/t/triplify/error.json"}
,
{"message":"Required parameter $_and_more follows optional parameter $sFieldID2 in /wordpress/wp-content/plugins/text-truncator/include/library/admin-page-framework/factory/AdminPageFramework/AdminPageFramework_Form_Controller.php on line 47","level":"DEPRECATED","type":"PHP","test":"jspi-boot","plugin":"triplify","details":"[09-May-2025 11:47:19 UTC] PHP Deprecated:  Required parameter $_and_more follows optional parameter $sFieldID2 in /wordpress/wp-content/plugins/text-truncator/include/library/admin-page-framework/factory/AdminPageFramework/AdminPageFramework_Form_Controller.php on line 47","log":"/logs/plugins/t/triplify/error.json"}
,
{"message":"Required parameter $_and_more follows optional parameter $sFieldID2 in /wordpress/wp-content/plugins/text-truncator/include/library/admin-page-framework/factory/AdminPageFramework/AdminPageFramework_Form_Controller.php on line 47","level":"DEPRECATED","type":"PHP","test":"jspi-boot","plugin":"triplify","details":"[09-May-2025 11:47:27 UTC] PHP Deprecated:  Required parameter $_and_more follows optional parameter $sFieldID2 in /wordpress/wp-content/plugins/text-truncator/include/library/admin-page-framework/factory/AdminPageFramework/AdminPageFramework_Form_Controller.php on line 47","log":"/logs/plugins/t/triplify/error.json"}
,
{"message":"[09-May-2025 11:48:41 UTC] OpenSSL SSL_connect: SSL_ERROR_SYSCALL in connection to app.thevoicedesigner.com:443 ","level":"INFO","type":"OTHER","test":"jspi-boot","plugin":"triplify","details":"[09-May-2025 11:48:41 UTC] OpenSSL SSL_connect: SSL_ERROR_SYSCALL in connection to app.thevoicedesigner.com:443 ","log":"/logs/plugins/t/triplify/error.json"}
,
{"message":"Uncaught Httpful\\Exception\\ConnectionErrorException: Unable to connect to \"https://app.thevoicedesigner.com/api/apps\": 35 OpenSSL SSL_connect: SSL_ERROR_SYSCALL in connection to app.thevoicedesigner.com:443  in /wordpress/wp-content/plugins/the-voice-designer-by-data-driven-design/vendor/nategood/httpful/src/Httpful/Request.php:1028","level":"FATAL","type":"PHP","test":"jspi-boot","plugin":"triplify","details":"[09-May-2025 11:48:41 UTC] PHP Fatal error:  Uncaught Httpful\\Exception\\ConnectionErrorException: Unable to connect to \"https://app.thevoicedesigner.com/api/apps\": 35 OpenSSL SSL_connect: SSL_ERROR_SYSCALL in connection to app.thevoicedesigner.com:443  in /wordpress/wp-content/plugins/the-voice-designer-by-data-driven-design/vendor/nategood/httpful/src/Httpful/Request.php:1028\nStack trace:\n#0 /wordpress/wp-content/plugins/the-voice-designer-by-data-driven-design/vendor/nategood/httpful/src/Httpful/Request.php(204): Httpful\\Request->buildResponse(false)\n#1 /wordpress/wp-content/plugins/the-voice-designer-by-data-driven-design/src/BackendApi.php(53): Httpful\\Request->send()\n#2 /wordpress/wp-content/plugins/the-voice-designer-by-data-driven-design/src/BackendApi.php(32): DataDrivenDesign\\VoiceDesigner\\BackendApi->makeRequest(Object(Httpful\\Request))\n#3 /wordpress/wp-content/plugins/the-voice-designer-by-data-driven-design/src/Plugin.php(16): DataDrivenDesign\\VoiceDesigner\\BackendApi->createApp()\n#4 /wordpress/wp-includes/class-wp-hook.php(324): DataDrivenD in /wordpress/wp-content/plugins/the-voice-designer-by-data-driven-design/vendor/nategood/httpful/src/Httpful/Request.php on line 1028","log":"/logs/plugins/t/triplify/error.json"}
,
{"message":"[09-May-2025 11:48:49 UTC] OpenSSL SSL_connect: SSL_ERROR_SYSCALL in connection to app.thevoicedesigner.com:443 ","level":"INFO","type":"OTHER","test":"jspi-boot","plugin":"triplify","details":"[09-May-2025 11:48:49 UTC] OpenSSL SSL_connect: SSL_ERROR_SYSCALL in connection to app.thevoicedesigner.com:443 ","log":"/logs/plugins/t/triplify/error.json"}
,
{"message":"Uncaught Httpful\\Exception\\ConnectionErrorException: Unable to connect to \"https://app.thevoicedesigner.com/api/apps\": 35 OpenSSL SSL_connect: SSL_ERROR_SYSCALL in connection to app.thevoicedesigner.com:443  in /wordpress/wp-content/plugins/the-voice-designer-by-data-driven-design/vendor/nategood/httpful/src/Httpful/Request.php:1028","level":"FATAL","type":"PHP","test":"jspi-boot","plugin":"triplify","details":"[09-May-2025 11:48:49 UTC] PHP Fatal error:  Uncaught Httpful\\Exception\\ConnectionErrorException: Unable to connect to \"https://app.thevoicedesigner.com/api/apps\": 35 OpenSSL SSL_connect: SSL_ERROR_SYSCALL in connection to app.thevoicedesigner.com:443  in /wordpress/wp-content/plugins/the-voice-designer-by-data-driven-design/vendor/nategood/httpful/src/Httpful/Request.php:1028\nStack trace:\n#0 /wordpress/wp-content/plugins/the-voice-designer-by-data-driven-design/vendor/nategood/httpful/src/Httpful/Request.php(204): Httpful\\Request->buildResponse(false)\n#1 /wordpress/wp-content/plugins/the-voice-designer-by-data-driven-design/src/BackendApi.php(53): Httpful\\Request->send()\n#2 /wordpress/wp-content/plugins/the-voice-designer-by-data-driven-design/src/BackendApi.php(32): DataDrivenDesign\\VoiceDesigner\\BackendApi->makeRequest(Object(Httpful\\Request))\n#3 /wordpress/wp-content/plugins/the-voice-designer-by-data-driven-design/src/Plugin.php(16): DataDrivenDesign\\VoiceDesigner\\BackendApi->createApp()\n#4 /wordpress/wp-includes/class-wp-hook.php(324): DataDrivenD in /wordpress/wp-content/plugins/the-voice-designer-by-data-driven-design/vendor/nategood/httpful/src/Httpful/Request.php on line 1028","log":"/logs/plugins/t/triplify/error.json"}
,
{"message":"[09-May-2025 11:48:57 UTC] OpenSSL SSL_connect: SSL_ERROR_SYSCALL in connection to app.thevoicedesigner.com:443 ","level":"INFO","type":"OTHER","test":"jspi-boot","plugin":"triplify","details":"[09-May-2025 11:48:57 UTC] OpenSSL SSL_connect: SSL_ERROR_SYSCALL in connection to app.thevoicedesigner.com:443 ","log":"/logs/plugins/t/triplify/error.json"}
,
{"message":"Uncaught Httpful\\Exception\\ConnectionErrorException: Unable to connect to \"https://app.thevoicedesigner.com/api/apps\": 35 OpenSSL SSL_connect: SSL_ERROR_SYSCALL in connection to app.thevoicedesigner.com:443  in /wordpress/wp-content/plugins/the-voice-designer-by-data-driven-design/vendor/nategood/httpful/src/Httpful/Request.php:1028","level":"FATAL","type":"PHP","test":"jspi-boot","plugin":"triplify","details":"[09-May-2025 11:48:57 UTC] PHP Fatal error:  Uncaught Httpful\\Exception\\ConnectionErrorException: Unable to connect to \"https://app.thevoicedesigner.com/api/apps\": 35 OpenSSL SSL_connect: SSL_ERROR_SYSCALL in connection to app.thevoicedesigner.com:443  in /wordpress/wp-content/plugins/the-voice-designer-by-data-driven-design/vendor/nategood/httpful/src/Httpful/Request.php:1028\nStack trace:\n#0 /wordpress/wp-content/plugins/the-voice-designer-by-data-driven-design/vendor/nategood/httpful/src/Httpful/Request.php(204): Httpful\\Request->buildResponse(false)\n#1 /wordpress/wp-content/plugins/the-voice-designer-by-data-driven-design/src/BackendApi.php(53): Httpful\\Request->send()\n#2 /wordpress/wp-content/plugins/the-voice-designer-by-data-driven-design/src/BackendApi.php(32): DataDrivenDesign\\VoiceDesigner\\BackendApi->makeRequest(Object(Httpful\\Request))\n#3 /wordpress/wp-content/plugins/the-voice-designer-by-data-driven-design/src/Plugin.php(16): DataDrivenDesign\\VoiceDesigner\\BackendApi->createApp()\n#4 /wordpress/wp-includes/class-wp-hook.php(324): DataDrivenD in /wordpress/wp-content/plugins/the-voice-designer-by-data-driven-design/vendor/nategood/httpful/src/Httpful/Request.php on line 1028","log":"/logs/plugins/t/triplify/error.json"}
,
{"message":"Uncaught Exception: GMP extension seems not to be installed in /wordpress/wp-content/plugins/trezor-connect-plugin/BitcoinECDSA.php:11","level":"FATAL","type":"PHP","test":"jspi-boot","plugin":"triplify","details":"[09-May-2025 11:49:05 UTC] PHP Fatal error:  Uncaught Exception: GMP extension seems not to be installed in /wordpress/wp-content/plugins/trezor-connect-plugin/BitcoinECDSA.php:11\nStack trace:\n#0 /wordpress/wp-content/plugins/trezor-connect-plugin/WPTrezorPlugin.php(28): require()\n#1 /wordpress/wp-admin/includes/plugin.php(2387): include_once('/wordpress/wp-c...')\n#2 /wordpress/wp-admin/includes/plugin.php(673): plugin_sandbox_scrape('trezor-connect-...')\n#3 /internal/eval.php(20): activate_plugin('trezor-connect-...')\n#4 {main}\n  thrown in /wordpress/wp-content/plugins/trezor-connect-plugin/BitcoinECDSA.php on line 11","log":"/logs/plugins/t/triplify/error.json"}
,
{"message":"Uncaught Exception: GMP extension seems not to be installed in /wordpress/wp-content/plugins/trezor-connect-plugin/BitcoinECDSA.php:11","level":"FATAL","type":"PHP","test":"jspi-boot","plugin":"triplify","details":"[09-May-2025 11:49:12 UTC] PHP Fatal error:  Uncaught Exception: GMP extension seems not to be installed in /wordpress/wp-content/plugins/trezor-connect-plugin/BitcoinECDSA.php:11\nStack trace:\n#0 /wordpress/wp-content/plugins/trezor-connect-plugin/WPTrezorPlugin.php(28): require()\n#1 /wordpress/wp-admin/includes/plugin.php(2387): include_once('/wordpress/wp-c...')\n#2 /wordpress/wp-admin/includes/plugin.php(673): plugin_sandbox_scrape('trezor-connect-...')\n#3 /internal/eval.php(20): activate_plugin('trezor-connect-...')\n#4 {main}\n  thrown in /wordpress/wp-content/plugins/trezor-connect-plugin/BitcoinECDSA.php on line 11","log":"/logs/plugins/t/triplify/error.json"}
,
{"message":"Uncaught Exception: GMP extension seems not to be installed in /wordpress/wp-content/plugins/trezor-connect-plugin/BitcoinECDSA.php:11","level":"FATAL","type":"PHP","test":"jspi-boot","plugin":"triplify","details":"[09-May-2025 11:49:20 UTC] PHP Fatal error:  Uncaught Exception: GMP extension seems not to be installed in /wordpress/wp-content/plugins/trezor-connect-plugin/BitcoinECDSA.php:11\nStack trace:\n#0 /wordpress/wp-content/plugins/trezor-connect-plugin/WPTrezorPlugin.php(28): require()\n#1 /wordpress/wp-admin/includes/plugin.php(2387): include_once('/wordpress/wp-c...')\n#2 /wordpress/wp-admin/includes/plugin.php(673): plugin_sandbox_scrape('trezor-connect-...')\n#3 /internal/eval.php(20): activate_plugin('trezor-connect-...')\n#4 {main}\n  thrown in /wordpress/wp-content/plugins/trezor-connect-plugin/BitcoinECDSA.php on line 11\n\n    at Object.onBind (file:///home/runner/work/playground-tester/playground-tester/node_modules/@wp-playground/cli/index.js:237:15)\n    at process.processTicksAndRejections (node:internal/process/task_queues:105:5)\n    at async V (file:///home/runner/work/playground-tester/playground-tester/node_modules/@wp-playground/cli/index.js:64:10)\n    at async ja (file:///home/runner/work/playground-tester/playground-tester/node_modules/@wp-playground/cli/cli.js:8161:12) {\n  [cause]: Error: Error when executing the blueprint step #1 ({\"step\":\"installPlugin\",\"pluginData\":{\"resource\":\"wordpress.org/plugins\",\"slug\":\"triplify\"},\"options\":{\"activate\":true}}) : Could not download \"https://downloads.wordpress.org/plugin/triplify.latest-stable.zip\".\n  \t\t\t\tCheck if the URL is correct and the server is reachable.\n  \t\t\t\tIf it is reachable, the server might be blocking the request.\n  \t\t\t\tCheck the browser console and network tabs for more information.\n  \n  \t\t\t\t## Does the console show the error \"No 'Access-Control-Allow-Origin' header\"?\n  \n  \t\t\t\tThis means the server that hosts your file does not allow requests from other sites\n  \t\t\t\t(cross-origin requests, or CORS).\tYou need to move the asset to a server that allows\n  \t\t\t\tcross-origin file downloads. Learn more about CORS at\n  \t\t\t\thttps://developer.mozilla.org/en-US/docs/Web/HTTP/CORS.\n  \n  \t\t\t\tIf your file is on GitHub, load it from \"raw.githubusercontent.com\".\n  \t\t\t\tHere's how to do that:\n  \n  \t\t\t\t1. Start with the original GitHub URL of the file. For example:\n  \t\t\t\thttps://github.com/username/repository/blob/branch/filename.\n  \t\t\t\t2. Replace \"github.com\" with \"raw.githubusercontent.com\".\n  \t\t\t\t3. Remove the \"/blob/\" part of the URL.\n  \n  \t\t\t\tThe resulting URL should look like this:\n  \t\t\t\thttps://raw.githubusercontent.com/username/repository/branch/filename\n  \n  \t\t\t\tError:\n  \t\t\t\tError: Could not download \"https://downloads.wordpress.org/plugin/triplify.latest-stable.zip\"\n      at Object.run (file:///home/runner/work/playground-tester/playground-tester/node_modules/@wp-playground/blueprints/index.js:12449:19)\n      at process.processTicksAndRejections (node:internal/process/task_queues:105:5)\n      at async ms (file:///home/runner/work/playground-tester/playground-tester/node_modules/@wp-playground/blueprints/index.js:12552:3)\n      at async Object.onBind (file:///home/runner/work/playground-tester/playground-tester/node_modules/@wp-playground/cli/index.js:227:48)\n      at async V (file:///home/runner/work/playground-tester/playground-tester/node_modules/@wp-playground/cli/index.js:64:10)\n      at async ja (file:///home/runner/work/playground-tester/playground-tester/node_modules/@wp-playground/cli/cli.js:8161:12) {\n    [cause]: Error: Could not download \"https://downloads.wordpress.org/plugin/triplify.latest-stable.zip\".\n    \t\t\t\tCheck if the URL is correct and the server is reachable.\n    \t\t\t\tIf it is reachable, the server might be blocking the request.\n    \t\t\t\tCheck the browser console and network tabs for more information.\n    \n    \t\t\t\t## Does the console show the error \"No 'Access-Control-Allow-Origin' header\"?\n    \n    \t\t\t\tThis means the server that hosts your file does not allow requests from other sites\n    \t\t\t\t(cross-origin requests, or CORS).\tYou need to move the asset to a server that allows\n    \t\t\t\tcross-origin file downloads. Learn more about CORS at\n    \t\t\t\thttps://developer.mozilla.org/en-US/docs/Web/HTTP/CORS.\n    \n    \t\t\t\tIf your file is on GitHub, load it from \"raw.githubusercontent.com\".\n    \t\t\t\tHere's how to do that:\n    \n    \t\t\t\t1. Start with the original GitHub URL of the file. For example:\n    \t\t\t\thttps://github.com/username/repository/blob/branch/filename.\n    \t\t\t\t2. Replace \"github.com\" with \"raw.githubusercontent.com\".\n    \t\t\t\t3. Remove the \"/blob/\" part of the URL.\n    \n    \t\t\t\tThe resulting URL should look like this:\n    \t\t\t\thttps://raw.githubusercontent.com/username/repository/branch/filename\n    \n    \t\t\t\tError:\n    \t\t\t\tError: Could not download \"https://downloads.wordpress.org/plugin/triplify.latest-stable.zip\"\n        at Ct.resolve (file:///home/runner/work/playground-tester/playground-tester/node_modules/@wp-playground/blueprints/index.js:1472:13)\n        at process.processTicksAndRejections (node:internal/process/task_queues:105:5)\n        at async _.run (file:///home/runner/work/playground-tester/playground-tester/node_modules/@php-wasm/util/index.js:45:14)\n  }\n}\n\n","log":"/logs/plugins/t/triplify/error.json"}
]
