[
  {
    "message": "file:///home/runner/work/playground-tester/playground-tester/node_modules/@wp-playground/cli/index.js:237\n        throw new Error(y, { cause: u });\n              ^\n",
    "level": "FATAL",
    "type": "PLAYGROUND",
    "test": "ast-sqlite-boot",
    "plugin": "attach-files",
    "details": "file:///home/runner/work/playground-tester/playground-tester/node_modules/@wp-playground/cli/index.js:237\n        throw new Error(y, { cause: u });\n              ^\n",
    "log": "/tmp/tmp.tGGdzrac3r"
  },
  {
    "message": "Uncaught Error: Call to undefined function create_function() in /wordpress/wp-content/plugins/author-progress-bar/widget.php:188",
    "level": "FATAL",
    "type": "PHP",
    "test": "ast-sqlite-boot",
    "plugin": "attach-files",
    "details": "[09-May-2025 23:48:36 UTC] PHP Fatal error:  Uncaught Error: Call to undefined function create_function() in /wordpress/wp-content/plugins/author-progress-bar/widget.php:188\nStack trace:\n#0 /wordpress/wp-content/plugins/author-progress-bar/widget.php(428): Author_Progress_BarWidgetManager->__construct()\n#1 /wordpress/wp-content/plugins/author-progress-bar/author-progress-bar.php(22): include_once('/wordpress/wp-c...')\n#2 /wordpress/wp-admin/includes/plugin.php(2387): include_once('/wordpress/wp-c...')\n#3 /wordpress/wp-admin/includes/plugin.php(673): plugin_sandbox_scrape('author-progress...')\n#4 /internal/eval.php(20): activate_plugin('author-progress...')\n#5 {main}\n  thrown in /wordpress/wp-content/plugins/author-progress-bar/widget.php on line 188",
    "log": "/logs/plugins/a/attach-files/error.json"
  },
  {
    "message": "Uncaught Error: Call to undefined function create_function() in /wordpress/wp-content/plugins/author-progress-bar/widget.php:188",
    "level": "FATAL",
    "type": "PHP",
    "test": "ast-sqlite-boot",
    "plugin": "attach-files",
    "details": "[09-May-2025 23:48:43 UTC] PHP Fatal error:  Uncaught Error: Call to undefined function create_function() in /wordpress/wp-content/plugins/author-progress-bar/widget.php:188\nStack trace:\n#0 /wordpress/wp-content/plugins/author-progress-bar/widget.php(428): Author_Progress_BarWidgetManager->__construct()\n#1 /wordpress/wp-content/plugins/author-progress-bar/author-progress-bar.php(22): include_once('/wordpress/wp-c...')\n#2 /wordpress/wp-admin/includes/plugin.php(2387): include_once('/wordpress/wp-c...')\n#3 /wordpress/wp-admin/includes/plugin.php(673): plugin_sandbox_scrape('author-progress...')\n#4 /internal/eval.php(20): activate_plugin('author-progress...')\n#5 {main}\n  thrown in /wordpress/wp-content/plugins/author-progress-bar/widget.php on line 188",
    "log": "/logs/plugins/a/attach-files/error.json"
  },
  {
    "message": "Uncaught Error: Call to undefined function create_function() in /wordpress/wp-content/plugins/author-progress-bar/widget.php:188",
    "level": "FATAL",
    "type": "PHP",
    "test": "ast-sqlite-boot",
    "plugin": "attach-files",
    "details": "[09-May-2025 23:48:51 UTC] PHP Fatal error:  Uncaught Error: Call to undefined function create_function() in /wordpress/wp-content/plugins/author-progress-bar/widget.php:188\nStack trace:\n#0 /wordpress/wp-content/plugins/author-progress-bar/widget.php(428): Author_Progress_BarWidgetManager->__construct()\n#1 /wordpress/wp-content/plugins/author-progress-bar/author-progress-bar.php(22): include_once('/wordpress/wp-c...')\n#2 /wordpress/wp-admin/includes/plugin.php(2387): include_once('/wordpress/wp-c...')\n#3 /wordpress/wp-admin/includes/plugin.php(673): plugin_sandbox_scrape('author-progress...')\n#4 /internal/eval.php(20): activate_plugin('author-progress...')\n#5 {main}\n  thrown in /wordpress/wp-content/plugins/author-progress-bar/widget.php on line 188",
    "log": "/logs/plugins/a/attach-files/error.json"
  },
  {
    "message": "Uncaught TypeError: call_user_func_array(): Argument #1 ($callback) must be a valid callback, non-static method AdditionalPluginsDescriptions::action_activation() cannot be called statically in /wordpress/wp-includes/class-wp-hook.php:324",
    "level": "FATAL",
    "type": "PHP",
    "test": "ast-sqlite-boot",
    "plugin": "attach-files",
    "details": "[09-May-2025 23:52:09 UTC] PHP Fatal error:  Uncaught TypeError: call_user_func_array(): Argument #1 ($callback) must be a valid callback, non-static method AdditionalPluginsDescriptions::action_activation() cannot be called statically in /wordpress/wp-includes/class-wp-hook.php:324\nStack trace:\n#0 /wordpress/wp-includes/class-wp-hook.php(348): WP_Hook->apply_filters('', Array)\n#1 /wordpress/wp-includes/plugin.php(517): WP_Hook->do_action(Array)\n#2 /wordpress/wp-admin/includes/plugin.php(703): do_action('activate_additi...', false)\n#3 /internal/eval.php(20): activate_plugin('additional-plug...')\n#4 {main}\n  thrown in /wordpress/wp-includes/class-wp-hook.php on line 324",
    "log": "/logs/plugins/a/attach-files/error.json"
  },
  {
    "message": "Uncaught TypeError: call_user_func_array(): Argument #1 ($callback) must be a valid callback, non-static method AdditionalPluginsDescriptions::action_activation() cannot be called statically in /wordpress/wp-includes/class-wp-hook.php:324",
    "level": "FATAL",
    "type": "PHP",
    "test": "ast-sqlite-boot",
    "plugin": "attach-files",
    "details": "[09-May-2025 23:52:16 UTC] PHP Fatal error:  Uncaught TypeError: call_user_func_array(): Argument #1 ($callback) must be a valid callback, non-static method AdditionalPluginsDescriptions::action_activation() cannot be called statically in /wordpress/wp-includes/class-wp-hook.php:324\nStack trace:\n#0 /wordpress/wp-includes/class-wp-hook.php(348): WP_Hook->apply_filters('', Array)\n#1 /wordpress/wp-includes/plugin.php(517): WP_Hook->do_action(Array)\n#2 /wordpress/wp-admin/includes/plugin.php(703): do_action('activate_additi...', false)\n#3 /internal/eval.php(20): activate_plugin('additional-plug...')\n#4 {main}\n  thrown in /wordpress/wp-includes/class-wp-hook.php on line 324",
    "log": "/logs/plugins/a/attach-files/error.json"
  },
  {
    "message": "Uncaught TypeError: call_user_func_array(): Argument #1 ($callback) must be a valid callback, non-static method AdditionalPluginsDescriptions::action_activation() cannot be called statically in /wordpress/wp-includes/class-wp-hook.php:324",
    "level": "FATAL",
    "type": "PHP",
    "test": "ast-sqlite-boot",
    "plugin": "attach-files",
    "details": "[09-May-2025 23:52:24 UTC] PHP Fatal error:  Uncaught TypeError: call_user_func_array(): Argument #1 ($callback) must be a valid callback, non-static method AdditionalPluginsDescriptions::action_activation() cannot be called statically in /wordpress/wp-includes/class-wp-hook.php:324\nStack trace:\n#0 /wordpress/wp-includes/class-wp-hook.php(348): WP_Hook->apply_filters('', Array)\n#1 /wordpress/wp-includes/plugin.php(517): WP_Hook->do_action(Array)\n#2 /wordpress/wp-admin/includes/plugin.php(703): do_action('activate_additi...', false)\n#3 /internal/eval.php(20): activate_plugin('additional-plug...')\n#4 {main}\n  thrown in /wordpress/wp-includes/class-wp-hook.php on line 324",
    "log": "/logs/plugins/a/attach-files/error.json"
  },
  {
    "message": "Uncaught Error: Undefined constant \"cbid\" in /wordpress/wp-content/plugins/ads-by-cb/adsbycb.php:20",
    "level": "FATAL",
    "type": "PHP",
    "test": "ast-sqlite-boot",
    "plugin": "attach-files",
    "details": "[09-May-2025 23:52:59 UTC] PHP Fatal error:  Uncaught Error: Undefined constant \"cbid\" in /wordpress/wp-content/plugins/ads-by-cb/adsbycb.php:20\nStack trace:\n#0 /wordpress/wp-admin/includes/plugin.php(2387): include_once()\n#1 /wordpress/wp-admin/includes/plugin.php(673): plugin_sandbox_scrape('ads-by-cb/adsby...')\n#2 /internal/eval.php(20): activate_plugin('ads-by-cb/adsby...')\n#3 {main}\n  thrown in /wordpress/wp-content/plugins/ads-by-cb/adsbycb.php on line 20",
    "log": "/logs/plugins/a/attach-files/error.json"
  },
  {
    "message": "Uncaught Error: Undefined constant \"cbid\" in /wordpress/wp-content/plugins/ads-by-cb/adsbycb.php:20",
    "level": "FATAL",
    "type": "PHP",
    "test": "ast-sqlite-boot",
    "plugin": "attach-files",
    "details": "[09-May-2025 23:53:07 UTC] PHP Fatal error:  Uncaught Error: Undefined constant \"cbid\" in /wordpress/wp-content/plugins/ads-by-cb/adsbycb.php:20\nStack trace:\n#0 /wordpress/wp-admin/includes/plugin.php(2387): include_once()\n#1 /wordpress/wp-admin/includes/plugin.php(673): plugin_sandbox_scrape('ads-by-cb/adsby...')\n#2 /internal/eval.php(20): activate_plugin('ads-by-cb/adsby...')\n#3 {main}\n  thrown in /wordpress/wp-content/plugins/ads-by-cb/adsbycb.php on line 20",
    "log": "/logs/plugins/a/attach-files/error.json"
  },
  {
    "message": "Uncaught Error: Undefined constant \"cbid\" in /wordpress/wp-content/plugins/ads-by-cb/adsbycb.php:20",
    "level": "FATAL",
    "type": "PHP",
    "test": "ast-sqlite-boot",
    "plugin": "attach-files",
    "details": "[09-May-2025 23:53:14 UTC] PHP Fatal error:  Uncaught Error: Undefined constant \"cbid\" in /wordpress/wp-content/plugins/ads-by-cb/adsbycb.php:20\nStack trace:\n#0 /wordpress/wp-admin/includes/plugin.php(2387): include_once()\n#1 /wordpress/wp-admin/includes/plugin.php(673): plugin_sandbox_scrape('ads-by-cb/adsby...')\n#2 /internal/eval.php(20): activate_plugin('ads-by-cb/adsby...')\n#3 {main}\n  thrown in /wordpress/wp-content/plugins/ads-by-cb/adsbycb.php on line 20",
    "log": "/logs/plugins/a/attach-files/error.json"
  },
  {
    "message": "Required parameter $fields follows optional parameter $fieldset in /wordpress/wp-content/plugins/advanced-categories-widget/inc/class-advanced-categories-widget-fields.php on line 33",
    "level": "DEPRECATED",
    "type": "PHP",
    "test": "ast-sqlite-boot",
    "plugin": "attach-files",
    "details": "[09-May-2025 23:53:23 UTC] PHP Deprecated:  Required parameter $fields follows optional parameter $fieldset in /wordpress/wp-content/plugins/advanced-categories-widget/inc/class-advanced-categories-widget-fields.php on line 33",
    "log": "/logs/plugins/a/attach-files/error.json"
  },
  {
    "message": "Required parameter $instance follows optional parameter $fieldset in /wordpress/wp-content/plugins/advanced-categories-widget/inc/class-advanced-categories-widget-fields.php on line 33",
    "level": "DEPRECATED",
    "type": "PHP",
    "test": "ast-sqlite-boot",
    "plugin": "attach-files",
    "details": "[09-May-2025 23:53:23 UTC] PHP Deprecated:  Required parameter $instance follows optional parameter $fieldset in /wordpress/wp-content/plugins/advanced-categories-widget/inc/class-advanced-categories-widget-fields.php on line 33",
    "log": "/logs/plugins/a/attach-files/error.json"
  },
  {
    "message": "Required parameter $widget follows optional parameter $fieldset in /wordpress/wp-content/plugins/advanced-categories-widget/inc/class-advanced-categories-widget-fields.php on line 33",
    "level": "DEPRECATED",
    "type": "PHP",
    "test": "ast-sqlite-boot",
    "plugin": "attach-files",
    "details": "[09-May-2025 23:53:23 UTC] PHP Deprecated:  Required parameter $widget follows optional parameter $fieldset in /wordpress/wp-content/plugins/advanced-categories-widget/inc/class-advanced-categories-widget-fields.php on line 33",
    "log": "/logs/plugins/a/attach-files/error.json"
  },
  {
    "message": "Required parameter $instance follows optional parameter $fieldset in /wordpress/wp-content/plugins/advanced-categories-widget/inc/class-advanced-categories-widget-fields.php on line 82",
    "level": "DEPRECATED",
    "type": "PHP",
    "test": "ast-sqlite-boot",
    "plugin": "attach-files",
    "details": "[09-May-2025 23:53:23 UTC] PHP Deprecated:  Required parameter $instance follows optional parameter $fieldset in /wordpress/wp-content/plugins/advanced-categories-widget/inc/class-advanced-categories-widget-fields.php on line 82",
    "log": "/logs/plugins/a/attach-files/error.json"
  },
  {
    "message": "Required parameter $widget follows optional parameter $fieldset in /wordpress/wp-content/plugins/advanced-categories-widget/inc/class-advanced-categories-widget-fields.php on line 82",
    "level": "DEPRECATED",
    "type": "PHP",
    "test": "ast-sqlite-boot",
    "plugin": "attach-files",
    "details": "[09-May-2025 23:53:23 UTC] PHP Deprecated:  Required parameter $widget follows optional parameter $fieldset in /wordpress/wp-content/plugins/advanced-categories-widget/inc/class-advanced-categories-widget-fields.php on line 82",
    "log": "/logs/plugins/a/attach-files/error.json"
  },
  {
    "message": "Required parameter $fields follows optional parameter $fieldset in /wordpress/wp-content/plugins/advanced-categories-widget/inc/class-advanced-categories-widget-fields.php on line 33",
    "level": "DEPRECATED",
    "type": "PHP",
    "test": "ast-sqlite-boot",
    "plugin": "attach-files",
    "details": "[09-May-2025 23:53:32 UTC] PHP Deprecated:  Required parameter $fields follows optional parameter $fieldset in /wordpress/wp-content/plugins/advanced-categories-widget/inc/class-advanced-categories-widget-fields.php on line 33",
    "log": "/logs/plugins/a/attach-files/error.json"
  },
  {
    "message": "Required parameter $instance follows optional parameter $fieldset in /wordpress/wp-content/plugins/advanced-categories-widget/inc/class-advanced-categories-widget-fields.php on line 33",
    "level": "DEPRECATED",
    "type": "PHP",
    "test": "ast-sqlite-boot",
    "plugin": "attach-files",
    "details": "[09-May-2025 23:53:32 UTC] PHP Deprecated:  Required parameter $instance follows optional parameter $fieldset in /wordpress/wp-content/plugins/advanced-categories-widget/inc/class-advanced-categories-widget-fields.php on line 33",
    "log": "/logs/plugins/a/attach-files/error.json"
  },
  {
    "message": "Required parameter $widget follows optional parameter $fieldset in /wordpress/wp-content/plugins/advanced-categories-widget/inc/class-advanced-categories-widget-fields.php on line 33",
    "level": "DEPRECATED",
    "type": "PHP",
    "test": "ast-sqlite-boot",
    "plugin": "attach-files",
    "details": "[09-May-2025 23:53:32 UTC] PHP Deprecated:  Required parameter $widget follows optional parameter $fieldset in /wordpress/wp-content/plugins/advanced-categories-widget/inc/class-advanced-categories-widget-fields.php on line 33",
    "log": "/logs/plugins/a/attach-files/error.json"
  },
  {
    "message": "Required parameter $instance follows optional parameter $fieldset in /wordpress/wp-content/plugins/advanced-categories-widget/inc/class-advanced-categories-widget-fields.php on line 82",
    "level": "DEPRECATED",
    "type": "PHP",
    "test": "ast-sqlite-boot",
    "plugin": "attach-files",
    "details": "[09-May-2025 23:53:32 UTC] PHP Deprecated:  Required parameter $instance follows optional parameter $fieldset in /wordpress/wp-content/plugins/advanced-categories-widget/inc/class-advanced-categories-widget-fields.php on line 82",
    "log": "/logs/plugins/a/attach-files/error.json"
  },
  {
    "message": "Required parameter $widget follows optional parameter $fieldset in /wordpress/wp-content/plugins/advanced-categories-widget/inc/class-advanced-categories-widget-fields.php on line 82",
    "level": "DEPRECATED",
    "type": "PHP",
    "test": "ast-sqlite-boot",
    "plugin": "attach-files",
    "details": "[09-May-2025 23:53:32 UTC] PHP Deprecated:  Required parameter $widget follows optional parameter $fieldset in /wordpress/wp-content/plugins/advanced-categories-widget/inc/class-advanced-categories-widget-fields.php on line 82",
    "log": "/logs/plugins/a/attach-files/error.json"
  },
  {
    "message": "Required parameter $fields follows optional parameter $fieldset in /wordpress/wp-content/plugins/advanced-categories-widget/inc/class-advanced-categories-widget-fields.php on line 33",
    "level": "DEPRECATED",
    "type": "PHP",
    "test": "ast-sqlite-boot",
    "plugin": "attach-files",
    "details": "[09-May-2025 23:53:40 UTC] PHP Deprecated:  Required parameter $fields follows optional parameter $fieldset in /wordpress/wp-content/plugins/advanced-categories-widget/inc/class-advanced-categories-widget-fields.php on line 33",
    "log": "/logs/plugins/a/attach-files/error.json"
  },
  {
    "message": "Required parameter $instance follows optional parameter $fieldset in /wordpress/wp-content/plugins/advanced-categories-widget/inc/class-advanced-categories-widget-fields.php on line 33",
    "level": "DEPRECATED",
    "type": "PHP",
    "test": "ast-sqlite-boot",
    "plugin": "attach-files",
    "details": "[09-May-2025 23:53:40 UTC] PHP Deprecated:  Required parameter $instance follows optional parameter $fieldset in /wordpress/wp-content/plugins/advanced-categories-widget/inc/class-advanced-categories-widget-fields.php on line 33",
    "log": "/logs/plugins/a/attach-files/error.json"
  },
  {
    "message": "Required parameter $widget follows optional parameter $fieldset in /wordpress/wp-content/plugins/advanced-categories-widget/inc/class-advanced-categories-widget-fields.php on line 33",
    "level": "DEPRECATED",
    "type": "PHP",
    "test": "ast-sqlite-boot",
    "plugin": "attach-files",
    "details": "[09-May-2025 23:53:40 UTC] PHP Deprecated:  Required parameter $widget follows optional parameter $fieldset in /wordpress/wp-content/plugins/advanced-categories-widget/inc/class-advanced-categories-widget-fields.php on line 33",
    "log": "/logs/plugins/a/attach-files/error.json"
  },
  {
    "message": "Required parameter $instance follows optional parameter $fieldset in /wordpress/wp-content/plugins/advanced-categories-widget/inc/class-advanced-categories-widget-fields.php on line 82",
    "level": "DEPRECATED",
    "type": "PHP",
    "test": "ast-sqlite-boot",
    "plugin": "attach-files",
    "details": "[09-May-2025 23:53:40 UTC] PHP Deprecated:  Required parameter $instance follows optional parameter $fieldset in /wordpress/wp-content/plugins/advanced-categories-widget/inc/class-advanced-categories-widget-fields.php on line 82",
    "log": "/logs/plugins/a/attach-files/error.json"
  },
  {
    "message": "Required parameter $widget follows optional parameter $fieldset in /wordpress/wp-content/plugins/advanced-categories-widget/inc/class-advanced-categories-widget-fields.php on line 82",
    "level": "DEPRECATED",
    "type": "PHP",
    "test": "ast-sqlite-boot",
    "plugin": "attach-files",
    "details": "[09-May-2025 23:53:40 UTC] PHP Deprecated:  Required parameter $widget follows optional parameter $fieldset in /wordpress/wp-content/plugins/advanced-categories-widget/inc/class-advanced-categories-widget-fields.php on line 82",
    "log": "/logs/plugins/a/attach-files/error.json"
  },
  {
    "message": "Uncaught Error: Call to undefined function create_function() in /wordpress/wp-content/plugins/ajaxed-twitter-for-wordpress/twitter.php:398",
    "level": "FATAL",
    "type": "PHP",
    "test": "ast-sqlite-boot",
    "plugin": "attach-files",
    "details": "[09-May-2025 23:55:23 UTC] PHP Fatal error:  Uncaught Error: Call to undefined function create_function() in /wordpress/wp-content/plugins/ajaxed-twitter-for-wordpress/twitter.php:398\nStack trace:\n#0 /wordpress/wp-admin/includes/plugin.php(2387): include_once()\n#1 /wordpress/wp-admin/includes/plugin.php(673): plugin_sandbox_scrape('ajaxed-twitter-...')\n#2 /internal/eval.php(20): activate_plugin('ajaxed-twitter-...')\n#3 {main}\n  thrown in /wordpress/wp-content/plugins/ajaxed-twitter-for-wordpress/twitter.php on line 398",
    "log": "/logs/plugins/a/attach-files/error.json"
  },
  {
    "message": "Uncaught Error: Call to undefined function create_function() in /wordpress/wp-content/plugins/ajaxed-twitter-for-wordpress/twitter.php:398",
    "level": "FATAL",
    "type": "PHP",
    "test": "ast-sqlite-boot",
    "plugin": "attach-files",
    "details": "[09-May-2025 23:55:29 UTC] PHP Fatal error:  Uncaught Error: Call to undefined function create_function() in /wordpress/wp-content/plugins/ajaxed-twitter-for-wordpress/twitter.php:398\nStack trace:\n#0 /wordpress/wp-admin/includes/plugin.php(2387): include_once()\n#1 /wordpress/wp-admin/includes/plugin.php(673): plugin_sandbox_scrape('ajaxed-twitter-...')\n#2 /internal/eval.php(20): activate_plugin('ajaxed-twitter-...')\n#3 {main}\n  thrown in /wordpress/wp-content/plugins/ajaxed-twitter-for-wordpress/twitter.php on line 398",
    "log": "/logs/plugins/a/attach-files/error.json"
  },
  {
    "message": "Uncaught Error: Call to undefined function create_function() in /wordpress/wp-content/plugins/ajaxed-twitter-for-wordpress/twitter.php:398",
    "level": "FATAL",
    "type": "PHP",
    "test": "ast-sqlite-boot",
    "plugin": "attach-files",
    "details": "[09-May-2025 23:55:37 UTC] PHP Fatal error:  Uncaught Error: Call to undefined function create_function() in /wordpress/wp-content/plugins/ajaxed-twitter-for-wordpress/twitter.php:398\nStack trace:\n#0 /wordpress/wp-admin/includes/plugin.php(2387): include_once()\n#1 /wordpress/wp-admin/includes/plugin.php(673): plugin_sandbox_scrape('ajaxed-twitter-...')\n#2 /internal/eval.php(20): activate_plugin('ajaxed-twitter-...')\n#3 {main}\n  thrown in /wordpress/wp-content/plugins/ajaxed-twitter-for-wordpress/twitter.php on line 398",
    "log": "/logs/plugins/a/attach-files/error.json"
  },
  {
    "message": "Function _load_textdomain_just_in_time was called <strong>incorrectly</strong>. Translation loading for the <code>aspexifbsidebox</code> domain was triggered too early. This is usually an indicator for some code in the plugin or theme running too early. Translations should be loaded at the <code>init</code> action or later. Please see <a href=\"https://developer.wordpress.org/advanced-administration/debug/debug-wordpress/\">Debugging in WordPress</a> for more information. (This message was added in version 6.7.0.) in /wordpress/wp-includes/functions.php on line 6121",
    "level": "NOTICE",
    "type": "PHP",
    "test": "ast-sqlite-boot",
    "plugin": "attach-files",
    "details": "[09-May-2025 23:56:35 UTC] PHP Notice:  Function _load_textdomain_just_in_time was called <strong>incorrectly</strong>. Translation loading for the <code>aspexifbsidebox</code> domain was triggered too early. This is usually an indicator for some code in the plugin or theme running too early. Translations should be loaded at the <code>init</code> action or later. Please see <a href=\"https://developer.wordpress.org/advanced-administration/debug/debug-wordpress/\">Debugging in WordPress</a> for more information. (This message was added in version 6.7.0.) in /wordpress/wp-includes/functions.php on line 6121",
    "log": "/logs/plugins/a/attach-files/error.json"
  },
  {
    "message": "Function _load_textdomain_just_in_time was called <strong>incorrectly</strong>. Translation loading for the <code>aspexifbsidebox</code> domain was triggered too early. This is usually an indicator for some code in the plugin or theme running too early. Translations should be loaded at the <code>init</code> action or later. Please see <a href=\"https://developer.wordpress.org/advanced-administration/debug/debug-wordpress/\">Debugging in WordPress</a> for more information. (This message was added in version 6.7.0.) in /wordpress/wp-includes/functions.php on line 6121",
    "level": "NOTICE",
    "type": "PHP",
    "test": "ast-sqlite-boot",
    "plugin": "attach-files",
    "details": "[09-May-2025 23:56:42 UTC] PHP Notice:  Function _load_textdomain_just_in_time was called <strong>incorrectly</strong>. Translation loading for the <code>aspexifbsidebox</code> domain was triggered too early. This is usually an indicator for some code in the plugin or theme running too early. Translations should be loaded at the <code>init</code> action or later. Please see <a href=\"https://developer.wordpress.org/advanced-administration/debug/debug-wordpress/\">Debugging in WordPress</a> for more information. (This message was added in version 6.7.0.) in /wordpress/wp-includes/functions.php on line 6121",
    "log": "/logs/plugins/a/attach-files/error.json"
  },
  {
    "message": "Function _load_textdomain_just_in_time was called <strong>incorrectly</strong>. Translation loading for the <code>aspexifbsidebox</code> domain was triggered too early. This is usually an indicator for some code in the plugin or theme running too early. Translations should be loaded at the <code>init</code> action or later. Please see <a href=\"https://developer.wordpress.org/advanced-administration/debug/debug-wordpress/\">Debugging in WordPress</a> for more information. (This message was added in version 6.7.0.) in /wordpress/wp-includes/functions.php on line 6121",
    "level": "NOTICE",
    "type": "PHP",
    "test": "ast-sqlite-boot",
    "plugin": "attach-files",
    "details": "[09-May-2025 23:56:50 UTC] PHP Notice:  Function _load_textdomain_just_in_time was called <strong>incorrectly</strong>. Translation loading for the <code>aspexifbsidebox</code> domain was triggered too early. This is usually an indicator for some code in the plugin or theme running too early. Translations should be loaded at the <code>init</code> action or later. Please see <a href=\"https://developer.wordpress.org/advanced-administration/debug/debug-wordpress/\">Debugging in WordPress</a> for more information. (This message was added in version 6.7.0.) in /wordpress/wp-includes/functions.php on line 6121",
    "log": "/logs/plugins/a/attach-files/error.json"
  },
  {
    "message": "Uncaught TypeError: call_user_func_array(): Argument #1 ($callback) must be a valid callback, function \"xltadincode_activate\" not found or invalid function name in /wordpress/wp-includes/class-wp-hook.php:324",
    "level": "FATAL",
    "type": "PHP",
    "test": "ast-sqlite-boot",
    "plugin": "attach-files",
    "details": "[09-May-2025 23:56:59 UTC] PHP Fatal error:  Uncaught TypeError: call_user_func_array(): Argument #1 ($callback) must be a valid callback, function \"xltadincode_activate\" not found or invalid function name in /wordpress/wp-includes/class-wp-hook.php:324\nStack trace:\n#0 /wordpress/wp-includes/class-wp-hook.php(348): WP_Hook->apply_filters('', Array)\n#1 /wordpress/wp-includes/plugin.php(517): WP_Hook->do_action(Array)\n#2 /wordpress/wp-admin/includes/plugin.php(703): do_action('activate_auth-u...', false)\n#3 /internal/eval.php(20): activate_plugin('auth-using-goog...')\n#4 {main}\n  thrown in /wordpress/wp-includes/class-wp-hook.php on line 324",
    "log": "/logs/plugins/a/attach-files/error.json"
  },
  {
    "message": "Uncaught TypeError: call_user_func_array(): Argument #1 ($callback) must be a valid callback, function \"xltadincode_activate\" not found or invalid function name in /wordpress/wp-includes/class-wp-hook.php:324",
    "level": "FATAL",
    "type": "PHP",
    "test": "ast-sqlite-boot",
    "plugin": "attach-files",
    "details": "[09-May-2025 23:57:07 UTC] PHP Fatal error:  Uncaught TypeError: call_user_func_array(): Argument #1 ($callback) must be a valid callback, function \"xltadincode_activate\" not found or invalid function name in /wordpress/wp-includes/class-wp-hook.php:324\nStack trace:\n#0 /wordpress/wp-includes/class-wp-hook.php(348): WP_Hook->apply_filters('', Array)\n#1 /wordpress/wp-includes/plugin.php(517): WP_Hook->do_action(Array)\n#2 /wordpress/wp-admin/includes/plugin.php(703): do_action('activate_auth-u...', false)\n#3 /internal/eval.php(20): activate_plugin('auth-using-goog...')\n#4 {main}\n  thrown in /wordpress/wp-includes/class-wp-hook.php on line 324",
    "log": "/logs/plugins/a/attach-files/error.json"
  },
  {
    "message": "Uncaught TypeError: call_user_func_array(): Argument #1 ($callback) must be a valid callback, function \"xltadincode_activate\" not found or invalid function name in /wordpress/wp-includes/class-wp-hook.php:324",
    "level": "FATAL",
    "type": "PHP",
    "test": "ast-sqlite-boot",
    "plugin": "attach-files",
    "details": "[09-May-2025 23:57:15 UTC] PHP Fatal error:  Uncaught TypeError: call_user_func_array(): Argument #1 ($callback) must be a valid callback, function \"xltadincode_activate\" not found or invalid function name in /wordpress/wp-includes/class-wp-hook.php:324\nStack trace:\n#0 /wordpress/wp-includes/class-wp-hook.php(348): WP_Hook->apply_filters('', Array)\n#1 /wordpress/wp-includes/plugin.php(517): WP_Hook->do_action(Array)\n#2 /wordpress/wp-admin/includes/plugin.php(703): do_action('activate_auth-u...', false)\n#3 /internal/eval.php(20): activate_plugin('auth-using-goog...')\n#4 {main}\n  thrown in /wordpress/wp-includes/class-wp-hook.php on line 324",
    "log": "/logs/plugins/a/attach-files/error.json"
  },
  {
    "message": "Uncaught PDOException: SQLSTATE[HY000] [2002] Address family not supported by protocol in /wordpress/wp-content/plugins/asura-connector/vendor/catfan/medoo/src/Medoo.php:476",
    "level": "FATAL",
    "type": "PHP",
    "test": "ast-sqlite-boot",
    "plugin": "attach-files",
    "details": "[09-May-2025 23:58:44 UTC] PHP Fatal error:  Uncaught PDOException: SQLSTATE[HY000] [2002] Address family not supported by protocol in /wordpress/wp-content/plugins/asura-connector/vendor/catfan/medoo/src/Medoo.php:476\nStack trace:\n#0 /wordpress/wp-content/plugins/asura-connector/app/Utils/DB.php(50): Medoo\\Medoo->__construct(Array)\n#1 /wordpress/wp-content/plugins/asura-connector/app/Utils/DB.php(58): Dplugins\\Asura\\Connector\\Utils\\DB->__construct()\n#2 /wordpress/wp-content/plugins/asura-connector/app/Utils/DB.php(105): Dplugins\\Asura\\Connector\\Utils\\DB::getInstance()\n#3 /wordpress/wp-content/plugins/asura-connector/database/migrations/2021_07_10_000000_001_create_providers_table.php(11): Dplugins\\Asura\\Connector\\Utils\\DB::db()\n#4 [internal function]: Dplugins\\Asura\\Connector\\Database\\Migrations\\CreateProvidersTable::up()\n#5 /wordpress/wp-content/plugins/asura-connector/app/Utils/Migration.php(29): call_user_func(Array)\n#6 /wordpress/wp-content/plugins/asura-connector/app/Connector.php(88): Dplugins\\Asura\\Connector\\Utils\\Migration::migrate('/wordpress/wp-c...', 'Dplugins\\\\Asura\\\\...', 0, '001')\n#7 /wordpress/wp-includes/class-wp-hook.php(324): Dplugins\\Asura\\Connector\\Connector->plugin_activate(false)\n#8 /wordpress/wp-includes/class-wp-hook.php(348): WP_Hook->apply_filters('', Array)\n#9 /wordpress/wp-includes/plugin.php(517): WP_Hook->do_action(Array)\n#10 /wordpress/wp-admin/includes/plugin.php(703): do_action('activate_asura-...', false)\n#11 /internal/eval.php(20): activate_plugin('asura-connector...')\n#12 {main}\n  thrown in /wordpress/wp-content/plugins/asura-connector/vendor/catfan/medoo/src/Medoo.php on line 476",
    "log": "/logs/plugins/a/attach-files/error.json"
  },
  {
    "message": "Uncaught PDOException: SQLSTATE[HY000] [2002] Address family not supported by protocol in /wordpress/wp-content/plugins/asura-connector/vendor/catfan/medoo/src/Medoo.php:476",
    "level": "FATAL",
    "type": "PHP",
    "test": "ast-sqlite-boot",
    "plugin": "attach-files",
    "details": "[09-May-2025 23:58:52 UTC] PHP Fatal error:  Uncaught PDOException: SQLSTATE[HY000] [2002] Address family not supported by protocol in /wordpress/wp-content/plugins/asura-connector/vendor/catfan/medoo/src/Medoo.php:476\nStack trace:\n#0 /wordpress/wp-content/plugins/asura-connector/app/Utils/DB.php(50): Medoo\\Medoo->__construct(Array)\n#1 /wordpress/wp-content/plugins/asura-connector/app/Utils/DB.php(58): Dplugins\\Asura\\Connector\\Utils\\DB->__construct()\n#2 /wordpress/wp-content/plugins/asura-connector/app/Utils/DB.php(105): Dplugins\\Asura\\Connector\\Utils\\DB::getInstance()\n#3 /wordpress/wp-content/plugins/asura-connector/database/migrations/2021_07_10_000000_001_create_providers_table.php(11): Dplugins\\Asura\\Connector\\Utils\\DB::db()\n#4 [internal function]: Dplugins\\Asura\\Connector\\Database\\Migrations\\CreateProvidersTable::up()\n#5 /wordpress/wp-content/plugins/asura-connector/app/Utils/Migration.php(29): call_user_func(Array)\n#6 /wordpress/wp-content/plugins/asura-connector/app/Connector.php(88): Dplugins\\Asura\\Connector\\Utils\\Migration::migrate('/wordpress/wp-c...', 'Dplugins\\\\Asura\\\\...', 0, '001')\n#7 /wordpress/wp-includes/class-wp-hook.php(324): Dplugins\\Asura\\Connector\\Connector->plugin_activate(false)\n#8 /wordpress/wp-includes/class-wp-hook.php(348): WP_Hook->apply_filters('', Array)\n#9 /wordpress/wp-includes/plugin.php(517): WP_Hook->do_action(Array)\n#10 /wordpress/wp-admin/includes/plugin.php(703): do_action('activate_asura-...', false)\n#11 /internal/eval.php(20): activate_plugin('asura-connector...')\n#12 {main}\n  thrown in /wordpress/wp-content/plugins/asura-connector/vendor/catfan/medoo/src/Medoo.php on line 476",
    "log": "/logs/plugins/a/attach-files/error.json"
  },
  {
    "message": "Uncaught PDOException: SQLSTATE[HY000] [2002] Address family not supported by protocol in /wordpress/wp-content/plugins/asura-connector/vendor/catfan/medoo/src/Medoo.php:476",
    "level": "FATAL",
    "type": "PHP",
    "test": "ast-sqlite-boot",
    "plugin": "attach-files",
    "details": "[09-May-2025 23:59:01 UTC] PHP Fatal error:  Uncaught PDOException: SQLSTATE[HY000] [2002] Address family not supported by protocol in /wordpress/wp-content/plugins/asura-connector/vendor/catfan/medoo/src/Medoo.php:476\nStack trace:\n#0 /wordpress/wp-content/plugins/asura-connector/app/Utils/DB.php(50): Medoo\\Medoo->__construct(Array)\n#1 /wordpress/wp-content/plugins/asura-connector/app/Utils/DB.php(58): Dplugins\\Asura\\Connector\\Utils\\DB->__construct()\n#2 /wordpress/wp-content/plugins/asura-connector/app/Utils/DB.php(105): Dplugins\\Asura\\Connector\\Utils\\DB::getInstance()\n#3 /wordpress/wp-content/plugins/asura-connector/database/migrations/2021_07_10_000000_001_create_providers_table.php(11): Dplugins\\Asura\\Connector\\Utils\\DB::db()\n#4 [internal function]: Dplugins\\Asura\\Connector\\Database\\Migrations\\CreateProvidersTable::up()\n#5 /wordpress/wp-content/plugins/asura-connector/app/Utils/Migration.php(29): call_user_func(Array)\n#6 /wordpress/wp-content/plugins/asura-connector/app/Connector.php(88): Dplugins\\Asura\\Connector\\Utils\\Migration::migrate('/wordpress/wp-c...', 'Dplugins\\\\Asura\\\\...', 0, '001')\n#7 /wordpress/wp-includes/class-wp-hook.php(324): Dplugins\\Asura\\Connector\\Connector->plugin_activate(false)\n#8 /wordpress/wp-includes/class-wp-hook.php(348): WP_Hook->apply_filters('', Array)\n#9 /wordpress/wp-includes/plugin.php(517): WP_Hook->do_action(Array)\n#10 /wordpress/wp-admin/includes/plugin.php(703): do_action('activate_asura-...', false)\n#11 /internal/eval.php(20): activate_plugin('asura-connector...')\n#12 {main}\n  thrown in /wordpress/wp-content/plugins/asura-connector/vendor/catfan/medoo/src/Medoo.php on line 476",
    "log": "/logs/plugins/a/attach-files/error.json"
  },
  {
    "message": "Undefined variable $wpdb in /wordpress/wp-content/plugins/attach-files/attach-files.php on line 15",
    "level": "WARNING",
    "type": "PHP",
    "test": "ast-sqlite-boot",
    "plugin": "attach-files",
    "details": "[09-May-2025 23:59:09 UTC] PHP Warning:  Undefined variable $wpdb in /wordpress/wp-content/plugins/attach-files/attach-files.php on line 15",
    "log": "/logs/plugins/a/attach-files/error.json"
  },
  {
    "message": "Undefined variable $table_prefix in /wordpress/wp-content/plugins/attach-files/attach-files.php on line 15",
    "level": "WARNING",
    "type": "PHP",
    "test": "ast-sqlite-boot",
    "plugin": "attach-files",
    "details": "[09-May-2025 23:59:09 UTC] PHP Warning:  Undefined variable $table_prefix in /wordpress/wp-content/plugins/attach-files/attach-files.php on line 15",
    "log": "/logs/plugins/a/attach-files/error.json"
  },
  {
    "message": "Uncaught Error: Call to a member function get_results() on null in /wordpress/wp-content/plugins/attach-files/attach-files.php:160",
    "level": "FATAL",
    "type": "PHP",
    "test": "ast-sqlite-boot",
    "plugin": "attach-files",
    "details": "[09-May-2025 23:59:09 UTC] PHP Fatal error:  Uncaught Error: Call to a member function get_results() on null in /wordpress/wp-content/plugins/attach-files/attach-files.php:160\nStack trace:\n#0 /wordpress/wp-content/plugins/attach-files/attach-files.php(15): af_mysql_table_exists(NULL, 'attached_files_...')\n#1 /wordpress/wp-admin/includes/plugin.php(2387): include_once('/wordpress/wp-c...')\n#2 /wordpress/wp-admin/includes/plugin.php(673): plugin_sandbox_scrape('attach-files/at...')\n#3 /internal/eval.php(20): activate_plugin('attach-files/at...')\n#4 {main}\n  thrown in /wordpress/wp-content/plugins/attach-files/attach-files.php on line 160\n\n    at Object.onBind (file:///home/runner/work/playground-tester/playground-tester/node_modules/@wp-playground/cli/index.js:237:15)\n    at process.processTicksAndRejections (node:internal/process/task_queues:105:5)\n    at async V (file:///home/runner/work/playground-tester/playground-tester/node_modules/@wp-playground/cli/index.js:64:10)\n    at async ja (file:///home/runner/work/playground-tester/playground-tester/node_modules/@wp-playground/cli/cli.js:8161:12) {\n  [cause]: Error: Error when executing the blueprint step #5 ({\"step\":\"installPlugin\",\"pluginData\":{\"resource\":\"wordpress.org/plugins\",\"slug\":\"attach-files\"},\"options\":{\"activate\":true}}) : PHP.run() failed with exit code 255 and the following output: \n      at Object.run (file:///home/runner/work/playground-tester/playground-tester/node_modules/@wp-playground/blueprints/index.js:12449:19)\n      at process.processTicksAndRejections (node:internal/process/task_queues:105:5)\n      at async ms (file:///home/runner/work/playground-tester/playground-tester/node_modules/@wp-playground/blueprints/index.js:12552:3)\n      ... 2 lines matching cause stack trace ...\n      at async ja (file:///home/runner/work/playground-tester/playground-tester/node_modules/@wp-playground/cli/cli.js:8161:12) {\n    [cause]: PHPExecutionFailureError: PHP.run() failed with exit code 255 and the following output: \n        at PHP.run (file:///home/runner/work/playground-tester/playground-tester/node_modules/@php-wasm/universal/index.js:987:19)\n        at process.processTicksAndRejections (node:internal/process/task_queues:105:5)\n        at async wr (file:///home/runner/work/playground-tester/playground-tester/node_modules/@wp-playground/blueprints/index.js:33:39)\n        at async Object.gt [as installPlugin] (file:///home/runner/work/playground-tester/playground-tester/node_modules/@wp-playground/blueprints/index.js:974:42)\n        at async g (file:///home/runner/work/playground-tester/playground-tester/node_modules/@wp-playground/blueprints/index.js:12517:30)\n        at async Object.run (file:///home/runner/work/playground-tester/playground-tester/node_modules/@wp-playground/blueprints/index.js:12446:23)\n        at async ms (file:///home/runner/work/playground-tester/playground-tester/node_modules/@wp-playground/blueprints/index.js:12552:3)\n        at async Object.onBind (file:///home/runner/work/playground-tester/playground-tester/node_modules/@wp-playground/cli/index.js:227:48)\n        at async V (file:///home/runner/work/playground-tester/playground-tester/node_modules/@wp-playground/cli/index.js:64:10)\n        at async ja (file:///home/runner/work/playground-tester/playground-tester/node_modules/@wp-playground/cli/cli.js:8161:12) {\n      response: PHPResponse {\n        httpStatusCode: 500,\n        headers: {\n          'x-powered-by': [ 'PHP/8.0.30-dev' ],\n          'content-type': [ 'text/html; charset=UTF-8' ]\n        },\n        bytes: Uint8Array(0) [],\n        exitCode: 255,\n        errors: ''\n      },\n      source: 'request'\n    }\n  }\n}\n\n",
    "log": "/logs/plugins/a/attach-files/error.json"
  },
  {
    "message": "file:///home/runner/work/playground-tester/playground-tester/node_modules/@wp-playground/cli/index.js:237\n        throw new Error(y, { cause: u });\n              ^\n",
    "level": "FATAL",
    "type": "PLAYGROUND",
    "test": "asyncify-boot",
    "plugin": "attach-files",
    "details": "file:///home/runner/work/playground-tester/playground-tester/node_modules/@wp-playground/cli/index.js:237\n        throw new Error(y, { cause: u });\n              ^\n",
    "log": "/tmp/tmp.4i3RRElerP"
  },
  {
    "message": "Uncaught Error: Call to undefined function create_function() in /wordpress/wp-content/plugins/author-progress-bar/widget.php:188",
    "level": "FATAL",
    "type": "PHP",
    "test": "asyncify-boot",
    "plugin": "attach-files",
    "details": "[09-May-2025 23:48:36 UTC] PHP Fatal error:  Uncaught Error: Call to undefined function create_function() in /wordpress/wp-content/plugins/author-progress-bar/widget.php:188\nStack trace:\n#0 /wordpress/wp-content/plugins/author-progress-bar/widget.php(428): Author_Progress_BarWidgetManager->__construct()\n#1 /wordpress/wp-content/plugins/author-progress-bar/author-progress-bar.php(22): include_once('/wordpress/wp-c...')\n#2 /wordpress/wp-admin/includes/plugin.php(2387): include_once('/wordpress/wp-c...')\n#3 /wordpress/wp-admin/includes/plugin.php(673): plugin_sandbox_scrape('author-progress...')\n#4 /internal/eval.php(20): activate_plugin('author-progress...')\n#5 {main}\n  thrown in /wordpress/wp-content/plugins/author-progress-bar/widget.php on line 188",
    "log": "/logs/plugins/a/attach-files/error.json"
  },
  {
    "message": "Uncaught Error: Call to undefined function create_function() in /wordpress/wp-content/plugins/author-progress-bar/widget.php:188",
    "level": "FATAL",
    "type": "PHP",
    "test": "asyncify-boot",
    "plugin": "attach-files",
    "details": "[09-May-2025 23:48:43 UTC] PHP Fatal error:  Uncaught Error: Call to undefined function create_function() in /wordpress/wp-content/plugins/author-progress-bar/widget.php:188\nStack trace:\n#0 /wordpress/wp-content/plugins/author-progress-bar/widget.php(428): Author_Progress_BarWidgetManager->__construct()\n#1 /wordpress/wp-content/plugins/author-progress-bar/author-progress-bar.php(22): include_once('/wordpress/wp-c...')\n#2 /wordpress/wp-admin/includes/plugin.php(2387): include_once('/wordpress/wp-c...')\n#3 /wordpress/wp-admin/includes/plugin.php(673): plugin_sandbox_scrape('author-progress...')\n#4 /internal/eval.php(20): activate_plugin('author-progress...')\n#5 {main}\n  thrown in /wordpress/wp-content/plugins/author-progress-bar/widget.php on line 188",
    "log": "/logs/plugins/a/attach-files/error.json"
  },
  {
    "message": "Uncaught Error: Call to undefined function create_function() in /wordpress/wp-content/plugins/author-progress-bar/widget.php:188",
    "level": "FATAL",
    "type": "PHP",
    "test": "asyncify-boot",
    "plugin": "attach-files",
    "details": "[09-May-2025 23:48:51 UTC] PHP Fatal error:  Uncaught Error: Call to undefined function create_function() in /wordpress/wp-content/plugins/author-progress-bar/widget.php:188\nStack trace:\n#0 /wordpress/wp-content/plugins/author-progress-bar/widget.php(428): Author_Progress_BarWidgetManager->__construct()\n#1 /wordpress/wp-content/plugins/author-progress-bar/author-progress-bar.php(22): include_once('/wordpress/wp-c...')\n#2 /wordpress/wp-admin/includes/plugin.php(2387): include_once('/wordpress/wp-c...')\n#3 /wordpress/wp-admin/includes/plugin.php(673): plugin_sandbox_scrape('author-progress...')\n#4 /internal/eval.php(20): activate_plugin('author-progress...')\n#5 {main}\n  thrown in /wordpress/wp-content/plugins/author-progress-bar/widget.php on line 188",
    "log": "/logs/plugins/a/attach-files/error.json"
  },
  {
    "message": "Uncaught TypeError: call_user_func_array(): Argument #1 ($callback) must be a valid callback, non-static method AdditionalPluginsDescriptions::action_activation() cannot be called statically in /wordpress/wp-includes/class-wp-hook.php:324",
    "level": "FATAL",
    "type": "PHP",
    "test": "asyncify-boot",
    "plugin": "attach-files",
    "details": "[09-May-2025 23:52:09 UTC] PHP Fatal error:  Uncaught TypeError: call_user_func_array(): Argument #1 ($callback) must be a valid callback, non-static method AdditionalPluginsDescriptions::action_activation() cannot be called statically in /wordpress/wp-includes/class-wp-hook.php:324\nStack trace:\n#0 /wordpress/wp-includes/class-wp-hook.php(348): WP_Hook->apply_filters('', Array)\n#1 /wordpress/wp-includes/plugin.php(517): WP_Hook->do_action(Array)\n#2 /wordpress/wp-admin/includes/plugin.php(703): do_action('activate_additi...', false)\n#3 /internal/eval.php(20): activate_plugin('additional-plug...')\n#4 {main}\n  thrown in /wordpress/wp-includes/class-wp-hook.php on line 324",
    "log": "/logs/plugins/a/attach-files/error.json"
  },
  {
    "message": "Uncaught TypeError: call_user_func_array(): Argument #1 ($callback) must be a valid callback, non-static method AdditionalPluginsDescriptions::action_activation() cannot be called statically in /wordpress/wp-includes/class-wp-hook.php:324",
    "level": "FATAL",
    "type": "PHP",
    "test": "asyncify-boot",
    "plugin": "attach-files",
    "details": "[09-May-2025 23:52:16 UTC] PHP Fatal error:  Uncaught TypeError: call_user_func_array(): Argument #1 ($callback) must be a valid callback, non-static method AdditionalPluginsDescriptions::action_activation() cannot be called statically in /wordpress/wp-includes/class-wp-hook.php:324\nStack trace:\n#0 /wordpress/wp-includes/class-wp-hook.php(348): WP_Hook->apply_filters('', Array)\n#1 /wordpress/wp-includes/plugin.php(517): WP_Hook->do_action(Array)\n#2 /wordpress/wp-admin/includes/plugin.php(703): do_action('activate_additi...', false)\n#3 /internal/eval.php(20): activate_plugin('additional-plug...')\n#4 {main}\n  thrown in /wordpress/wp-includes/class-wp-hook.php on line 324",
    "log": "/logs/plugins/a/attach-files/error.json"
  },
  {
    "message": "Uncaught TypeError: call_user_func_array(): Argument #1 ($callback) must be a valid callback, non-static method AdditionalPluginsDescriptions::action_activation() cannot be called statically in /wordpress/wp-includes/class-wp-hook.php:324",
    "level": "FATAL",
    "type": "PHP",
    "test": "asyncify-boot",
    "plugin": "attach-files",
    "details": "[09-May-2025 23:52:24 UTC] PHP Fatal error:  Uncaught TypeError: call_user_func_array(): Argument #1 ($callback) must be a valid callback, non-static method AdditionalPluginsDescriptions::action_activation() cannot be called statically in /wordpress/wp-includes/class-wp-hook.php:324\nStack trace:\n#0 /wordpress/wp-includes/class-wp-hook.php(348): WP_Hook->apply_filters('', Array)\n#1 /wordpress/wp-includes/plugin.php(517): WP_Hook->do_action(Array)\n#2 /wordpress/wp-admin/includes/plugin.php(703): do_action('activate_additi...', false)\n#3 /internal/eval.php(20): activate_plugin('additional-plug...')\n#4 {main}\n  thrown in /wordpress/wp-includes/class-wp-hook.php on line 324",
    "log": "/logs/plugins/a/attach-files/error.json"
  },
  {
    "message": "Uncaught Error: Undefined constant \"cbid\" in /wordpress/wp-content/plugins/ads-by-cb/adsbycb.php:20",
    "level": "FATAL",
    "type": "PHP",
    "test": "asyncify-boot",
    "plugin": "attach-files",
    "details": "[09-May-2025 23:52:59 UTC] PHP Fatal error:  Uncaught Error: Undefined constant \"cbid\" in /wordpress/wp-content/plugins/ads-by-cb/adsbycb.php:20\nStack trace:\n#0 /wordpress/wp-admin/includes/plugin.php(2387): include_once()\n#1 /wordpress/wp-admin/includes/plugin.php(673): plugin_sandbox_scrape('ads-by-cb/adsby...')\n#2 /internal/eval.php(20): activate_plugin('ads-by-cb/adsby...')\n#3 {main}\n  thrown in /wordpress/wp-content/plugins/ads-by-cb/adsbycb.php on line 20",
    "log": "/logs/plugins/a/attach-files/error.json"
  },
  {
    "message": "Uncaught Error: Undefined constant \"cbid\" in /wordpress/wp-content/plugins/ads-by-cb/adsbycb.php:20",
    "level": "FATAL",
    "type": "PHP",
    "test": "asyncify-boot",
    "plugin": "attach-files",
    "details": "[09-May-2025 23:53:07 UTC] PHP Fatal error:  Uncaught Error: Undefined constant \"cbid\" in /wordpress/wp-content/plugins/ads-by-cb/adsbycb.php:20\nStack trace:\n#0 /wordpress/wp-admin/includes/plugin.php(2387): include_once()\n#1 /wordpress/wp-admin/includes/plugin.php(673): plugin_sandbox_scrape('ads-by-cb/adsby...')\n#2 /internal/eval.php(20): activate_plugin('ads-by-cb/adsby...')\n#3 {main}\n  thrown in /wordpress/wp-content/plugins/ads-by-cb/adsbycb.php on line 20",
    "log": "/logs/plugins/a/attach-files/error.json"
  },
  {
    "message": "Uncaught Error: Undefined constant \"cbid\" in /wordpress/wp-content/plugins/ads-by-cb/adsbycb.php:20",
    "level": "FATAL",
    "type": "PHP",
    "test": "asyncify-boot",
    "plugin": "attach-files",
    "details": "[09-May-2025 23:53:14 UTC] PHP Fatal error:  Uncaught Error: Undefined constant \"cbid\" in /wordpress/wp-content/plugins/ads-by-cb/adsbycb.php:20\nStack trace:\n#0 /wordpress/wp-admin/includes/plugin.php(2387): include_once()\n#1 /wordpress/wp-admin/includes/plugin.php(673): plugin_sandbox_scrape('ads-by-cb/adsby...')\n#2 /internal/eval.php(20): activate_plugin('ads-by-cb/adsby...')\n#3 {main}\n  thrown in /wordpress/wp-content/plugins/ads-by-cb/adsbycb.php on line 20",
    "log": "/logs/plugins/a/attach-files/error.json"
  },
  {
    "message": "Required parameter $fields follows optional parameter $fieldset in /wordpress/wp-content/plugins/advanced-categories-widget/inc/class-advanced-categories-widget-fields.php on line 33",
    "level": "DEPRECATED",
    "type": "PHP",
    "test": "asyncify-boot",
    "plugin": "attach-files",
    "details": "[09-May-2025 23:53:23 UTC] PHP Deprecated:  Required parameter $fields follows optional parameter $fieldset in /wordpress/wp-content/plugins/advanced-categories-widget/inc/class-advanced-categories-widget-fields.php on line 33",
    "log": "/logs/plugins/a/attach-files/error.json"
  },
  {
    "message": "Required parameter $instance follows optional parameter $fieldset in /wordpress/wp-content/plugins/advanced-categories-widget/inc/class-advanced-categories-widget-fields.php on line 33",
    "level": "DEPRECATED",
    "type": "PHP",
    "test": "asyncify-boot",
    "plugin": "attach-files",
    "details": "[09-May-2025 23:53:23 UTC] PHP Deprecated:  Required parameter $instance follows optional parameter $fieldset in /wordpress/wp-content/plugins/advanced-categories-widget/inc/class-advanced-categories-widget-fields.php on line 33",
    "log": "/logs/plugins/a/attach-files/error.json"
  },
  {
    "message": "Required parameter $widget follows optional parameter $fieldset in /wordpress/wp-content/plugins/advanced-categories-widget/inc/class-advanced-categories-widget-fields.php on line 33",
    "level": "DEPRECATED",
    "type": "PHP",
    "test": "asyncify-boot",
    "plugin": "attach-files",
    "details": "[09-May-2025 23:53:23 UTC] PHP Deprecated:  Required parameter $widget follows optional parameter $fieldset in /wordpress/wp-content/plugins/advanced-categories-widget/inc/class-advanced-categories-widget-fields.php on line 33",
    "log": "/logs/plugins/a/attach-files/error.json"
  },
  {
    "message": "Required parameter $instance follows optional parameter $fieldset in /wordpress/wp-content/plugins/advanced-categories-widget/inc/class-advanced-categories-widget-fields.php on line 82",
    "level": "DEPRECATED",
    "type": "PHP",
    "test": "asyncify-boot",
    "plugin": "attach-files",
    "details": "[09-May-2025 23:53:23 UTC] PHP Deprecated:  Required parameter $instance follows optional parameter $fieldset in /wordpress/wp-content/plugins/advanced-categories-widget/inc/class-advanced-categories-widget-fields.php on line 82",
    "log": "/logs/plugins/a/attach-files/error.json"
  },
  {
    "message": "Required parameter $widget follows optional parameter $fieldset in /wordpress/wp-content/plugins/advanced-categories-widget/inc/class-advanced-categories-widget-fields.php on line 82",
    "level": "DEPRECATED",
    "type": "PHP",
    "test": "asyncify-boot",
    "plugin": "attach-files",
    "details": "[09-May-2025 23:53:23 UTC] PHP Deprecated:  Required parameter $widget follows optional parameter $fieldset in /wordpress/wp-content/plugins/advanced-categories-widget/inc/class-advanced-categories-widget-fields.php on line 82",
    "log": "/logs/plugins/a/attach-files/error.json"
  },
  {
    "message": "Required parameter $fields follows optional parameter $fieldset in /wordpress/wp-content/plugins/advanced-categories-widget/inc/class-advanced-categories-widget-fields.php on line 33",
    "level": "DEPRECATED",
    "type": "PHP",
    "test": "asyncify-boot",
    "plugin": "attach-files",
    "details": "[09-May-2025 23:53:32 UTC] PHP Deprecated:  Required parameter $fields follows optional parameter $fieldset in /wordpress/wp-content/plugins/advanced-categories-widget/inc/class-advanced-categories-widget-fields.php on line 33",
    "log": "/logs/plugins/a/attach-files/error.json"
  },
  {
    "message": "Required parameter $instance follows optional parameter $fieldset in /wordpress/wp-content/plugins/advanced-categories-widget/inc/class-advanced-categories-widget-fields.php on line 33",
    "level": "DEPRECATED",
    "type": "PHP",
    "test": "asyncify-boot",
    "plugin": "attach-files",
    "details": "[09-May-2025 23:53:32 UTC] PHP Deprecated:  Required parameter $instance follows optional parameter $fieldset in /wordpress/wp-content/plugins/advanced-categories-widget/inc/class-advanced-categories-widget-fields.php on line 33",
    "log": "/logs/plugins/a/attach-files/error.json"
  },
  {
    "message": "Required parameter $widget follows optional parameter $fieldset in /wordpress/wp-content/plugins/advanced-categories-widget/inc/class-advanced-categories-widget-fields.php on line 33",
    "level": "DEPRECATED",
    "type": "PHP",
    "test": "asyncify-boot",
    "plugin": "attach-files",
    "details": "[09-May-2025 23:53:32 UTC] PHP Deprecated:  Required parameter $widget follows optional parameter $fieldset in /wordpress/wp-content/plugins/advanced-categories-widget/inc/class-advanced-categories-widget-fields.php on line 33",
    "log": "/logs/plugins/a/attach-files/error.json"
  },
  {
    "message": "Required parameter $instance follows optional parameter $fieldset in /wordpress/wp-content/plugins/advanced-categories-widget/inc/class-advanced-categories-widget-fields.php on line 82",
    "level": "DEPRECATED",
    "type": "PHP",
    "test": "asyncify-boot",
    "plugin": "attach-files",
    "details": "[09-May-2025 23:53:32 UTC] PHP Deprecated:  Required parameter $instance follows optional parameter $fieldset in /wordpress/wp-content/plugins/advanced-categories-widget/inc/class-advanced-categories-widget-fields.php on line 82",
    "log": "/logs/plugins/a/attach-files/error.json"
  },
  {
    "message": "Required parameter $widget follows optional parameter $fieldset in /wordpress/wp-content/plugins/advanced-categories-widget/inc/class-advanced-categories-widget-fields.php on line 82",
    "level": "DEPRECATED",
    "type": "PHP",
    "test": "asyncify-boot",
    "plugin": "attach-files",
    "details": "[09-May-2025 23:53:32 UTC] PHP Deprecated:  Required parameter $widget follows optional parameter $fieldset in /wordpress/wp-content/plugins/advanced-categories-widget/inc/class-advanced-categories-widget-fields.php on line 82",
    "log": "/logs/plugins/a/attach-files/error.json"
  },
  {
    "message": "Required parameter $fields follows optional parameter $fieldset in /wordpress/wp-content/plugins/advanced-categories-widget/inc/class-advanced-categories-widget-fields.php on line 33",
    "level": "DEPRECATED",
    "type": "PHP",
    "test": "asyncify-boot",
    "plugin": "attach-files",
    "details": "[09-May-2025 23:53:40 UTC] PHP Deprecated:  Required parameter $fields follows optional parameter $fieldset in /wordpress/wp-content/plugins/advanced-categories-widget/inc/class-advanced-categories-widget-fields.php on line 33",
    "log": "/logs/plugins/a/attach-files/error.json"
  },
  {
    "message": "Required parameter $instance follows optional parameter $fieldset in /wordpress/wp-content/plugins/advanced-categories-widget/inc/class-advanced-categories-widget-fields.php on line 33",
    "level": "DEPRECATED",
    "type": "PHP",
    "test": "asyncify-boot",
    "plugin": "attach-files",
    "details": "[09-May-2025 23:53:40 UTC] PHP Deprecated:  Required parameter $instance follows optional parameter $fieldset in /wordpress/wp-content/plugins/advanced-categories-widget/inc/class-advanced-categories-widget-fields.php on line 33",
    "log": "/logs/plugins/a/attach-files/error.json"
  },
  {
    "message": "Required parameter $widget follows optional parameter $fieldset in /wordpress/wp-content/plugins/advanced-categories-widget/inc/class-advanced-categories-widget-fields.php on line 33",
    "level": "DEPRECATED",
    "type": "PHP",
    "test": "asyncify-boot",
    "plugin": "attach-files",
    "details": "[09-May-2025 23:53:40 UTC] PHP Deprecated:  Required parameter $widget follows optional parameter $fieldset in /wordpress/wp-content/plugins/advanced-categories-widget/inc/class-advanced-categories-widget-fields.php on line 33",
    "log": "/logs/plugins/a/attach-files/error.json"
  },
  {
    "message": "Required parameter $instance follows optional parameter $fieldset in /wordpress/wp-content/plugins/advanced-categories-widget/inc/class-advanced-categories-widget-fields.php on line 82",
    "level": "DEPRECATED",
    "type": "PHP",
    "test": "asyncify-boot",
    "plugin": "attach-files",
    "details": "[09-May-2025 23:53:40 UTC] PHP Deprecated:  Required parameter $instance follows optional parameter $fieldset in /wordpress/wp-content/plugins/advanced-categories-widget/inc/class-advanced-categories-widget-fields.php on line 82",
    "log": "/logs/plugins/a/attach-files/error.json"
  },
  {
    "message": "Required parameter $widget follows optional parameter $fieldset in /wordpress/wp-content/plugins/advanced-categories-widget/inc/class-advanced-categories-widget-fields.php on line 82",
    "level": "DEPRECATED",
    "type": "PHP",
    "test": "asyncify-boot",
    "plugin": "attach-files",
    "details": "[09-May-2025 23:53:40 UTC] PHP Deprecated:  Required parameter $widget follows optional parameter $fieldset in /wordpress/wp-content/plugins/advanced-categories-widget/inc/class-advanced-categories-widget-fields.php on line 82",
    "log": "/logs/plugins/a/attach-files/error.json"
  },
  {
    "message": "Uncaught Error: Call to undefined function create_function() in /wordpress/wp-content/plugins/ajaxed-twitter-for-wordpress/twitter.php:398",
    "level": "FATAL",
    "type": "PHP",
    "test": "asyncify-boot",
    "plugin": "attach-files",
    "details": "[09-May-2025 23:55:23 UTC] PHP Fatal error:  Uncaught Error: Call to undefined function create_function() in /wordpress/wp-content/plugins/ajaxed-twitter-for-wordpress/twitter.php:398\nStack trace:\n#0 /wordpress/wp-admin/includes/plugin.php(2387): include_once()\n#1 /wordpress/wp-admin/includes/plugin.php(673): plugin_sandbox_scrape('ajaxed-twitter-...')\n#2 /internal/eval.php(20): activate_plugin('ajaxed-twitter-...')\n#3 {main}\n  thrown in /wordpress/wp-content/plugins/ajaxed-twitter-for-wordpress/twitter.php on line 398",
    "log": "/logs/plugins/a/attach-files/error.json"
  },
  {
    "message": "Uncaught Error: Call to undefined function create_function() in /wordpress/wp-content/plugins/ajaxed-twitter-for-wordpress/twitter.php:398",
    "level": "FATAL",
    "type": "PHP",
    "test": "asyncify-boot",
    "plugin": "attach-files",
    "details": "[09-May-2025 23:55:29 UTC] PHP Fatal error:  Uncaught Error: Call to undefined function create_function() in /wordpress/wp-content/plugins/ajaxed-twitter-for-wordpress/twitter.php:398\nStack trace:\n#0 /wordpress/wp-admin/includes/plugin.php(2387): include_once()\n#1 /wordpress/wp-admin/includes/plugin.php(673): plugin_sandbox_scrape('ajaxed-twitter-...')\n#2 /internal/eval.php(20): activate_plugin('ajaxed-twitter-...')\n#3 {main}\n  thrown in /wordpress/wp-content/plugins/ajaxed-twitter-for-wordpress/twitter.php on line 398",
    "log": "/logs/plugins/a/attach-files/error.json"
  },
  {
    "message": "Uncaught Error: Call to undefined function create_function() in /wordpress/wp-content/plugins/ajaxed-twitter-for-wordpress/twitter.php:398",
    "level": "FATAL",
    "type": "PHP",
    "test": "asyncify-boot",
    "plugin": "attach-files",
    "details": "[09-May-2025 23:55:37 UTC] PHP Fatal error:  Uncaught Error: Call to undefined function create_function() in /wordpress/wp-content/plugins/ajaxed-twitter-for-wordpress/twitter.php:398\nStack trace:\n#0 /wordpress/wp-admin/includes/plugin.php(2387): include_once()\n#1 /wordpress/wp-admin/includes/plugin.php(673): plugin_sandbox_scrape('ajaxed-twitter-...')\n#2 /internal/eval.php(20): activate_plugin('ajaxed-twitter-...')\n#3 {main}\n  thrown in /wordpress/wp-content/plugins/ajaxed-twitter-for-wordpress/twitter.php on line 398",
    "log": "/logs/plugins/a/attach-files/error.json"
  },
  {
    "message": "Function _load_textdomain_just_in_time was called <strong>incorrectly</strong>. Translation loading for the <code>aspexifbsidebox</code> domain was triggered too early. This is usually an indicator for some code in the plugin or theme running too early. Translations should be loaded at the <code>init</code> action or later. Please see <a href=\"https://developer.wordpress.org/advanced-administration/debug/debug-wordpress/\">Debugging in WordPress</a> for more information. (This message was added in version 6.7.0.) in /wordpress/wp-includes/functions.php on line 6121",
    "level": "NOTICE",
    "type": "PHP",
    "test": "asyncify-boot",
    "plugin": "attach-files",
    "details": "[09-May-2025 23:56:35 UTC] PHP Notice:  Function _load_textdomain_just_in_time was called <strong>incorrectly</strong>. Translation loading for the <code>aspexifbsidebox</code> domain was triggered too early. This is usually an indicator for some code in the plugin or theme running too early. Translations should be loaded at the <code>init</code> action or later. Please see <a href=\"https://developer.wordpress.org/advanced-administration/debug/debug-wordpress/\">Debugging in WordPress</a> for more information. (This message was added in version 6.7.0.) in /wordpress/wp-includes/functions.php on line 6121",
    "log": "/logs/plugins/a/attach-files/error.json"
  },
  {
    "message": "Function _load_textdomain_just_in_time was called <strong>incorrectly</strong>. Translation loading for the <code>aspexifbsidebox</code> domain was triggered too early. This is usually an indicator for some code in the plugin or theme running too early. Translations should be loaded at the <code>init</code> action or later. Please see <a href=\"https://developer.wordpress.org/advanced-administration/debug/debug-wordpress/\">Debugging in WordPress</a> for more information. (This message was added in version 6.7.0.) in /wordpress/wp-includes/functions.php on line 6121",
    "level": "NOTICE",
    "type": "PHP",
    "test": "asyncify-boot",
    "plugin": "attach-files",
    "details": "[09-May-2025 23:56:42 UTC] PHP Notice:  Function _load_textdomain_just_in_time was called <strong>incorrectly</strong>. Translation loading for the <code>aspexifbsidebox</code> domain was triggered too early. This is usually an indicator for some code in the plugin or theme running too early. Translations should be loaded at the <code>init</code> action or later. Please see <a href=\"https://developer.wordpress.org/advanced-administration/debug/debug-wordpress/\">Debugging in WordPress</a> for more information. (This message was added in version 6.7.0.) in /wordpress/wp-includes/functions.php on line 6121",
    "log": "/logs/plugins/a/attach-files/error.json"
  },
  {
    "message": "Function _load_textdomain_just_in_time was called <strong>incorrectly</strong>. Translation loading for the <code>aspexifbsidebox</code> domain was triggered too early. This is usually an indicator for some code in the plugin or theme running too early. Translations should be loaded at the <code>init</code> action or later. Please see <a href=\"https://developer.wordpress.org/advanced-administration/debug/debug-wordpress/\">Debugging in WordPress</a> for more information. (This message was added in version 6.7.0.) in /wordpress/wp-includes/functions.php on line 6121",
    "level": "NOTICE",
    "type": "PHP",
    "test": "asyncify-boot",
    "plugin": "attach-files",
    "details": "[09-May-2025 23:56:50 UTC] PHP Notice:  Function _load_textdomain_just_in_time was called <strong>incorrectly</strong>. Translation loading for the <code>aspexifbsidebox</code> domain was triggered too early. This is usually an indicator for some code in the plugin or theme running too early. Translations should be loaded at the <code>init</code> action or later. Please see <a href=\"https://developer.wordpress.org/advanced-administration/debug/debug-wordpress/\">Debugging in WordPress</a> for more information. (This message was added in version 6.7.0.) in /wordpress/wp-includes/functions.php on line 6121",
    "log": "/logs/plugins/a/attach-files/error.json"
  },
  {
    "message": "Uncaught TypeError: call_user_func_array(): Argument #1 ($callback) must be a valid callback, function \"xltadincode_activate\" not found or invalid function name in /wordpress/wp-includes/class-wp-hook.php:324",
    "level": "FATAL",
    "type": "PHP",
    "test": "asyncify-boot",
    "plugin": "attach-files",
    "details": "[09-May-2025 23:56:59 UTC] PHP Fatal error:  Uncaught TypeError: call_user_func_array(): Argument #1 ($callback) must be a valid callback, function \"xltadincode_activate\" not found or invalid function name in /wordpress/wp-includes/class-wp-hook.php:324\nStack trace:\n#0 /wordpress/wp-includes/class-wp-hook.php(348): WP_Hook->apply_filters('', Array)\n#1 /wordpress/wp-includes/plugin.php(517): WP_Hook->do_action(Array)\n#2 /wordpress/wp-admin/includes/plugin.php(703): do_action('activate_auth-u...', false)\n#3 /internal/eval.php(20): activate_plugin('auth-using-goog...')\n#4 {main}\n  thrown in /wordpress/wp-includes/class-wp-hook.php on line 324",
    "log": "/logs/plugins/a/attach-files/error.json"
  },
  {
    "message": "Uncaught TypeError: call_user_func_array(): Argument #1 ($callback) must be a valid callback, function \"xltadincode_activate\" not found or invalid function name in /wordpress/wp-includes/class-wp-hook.php:324",
    "level": "FATAL",
    "type": "PHP",
    "test": "asyncify-boot",
    "plugin": "attach-files",
    "details": "[09-May-2025 23:57:07 UTC] PHP Fatal error:  Uncaught TypeError: call_user_func_array(): Argument #1 ($callback) must be a valid callback, function \"xltadincode_activate\" not found or invalid function name in /wordpress/wp-includes/class-wp-hook.php:324\nStack trace:\n#0 /wordpress/wp-includes/class-wp-hook.php(348): WP_Hook->apply_filters('', Array)\n#1 /wordpress/wp-includes/plugin.php(517): WP_Hook->do_action(Array)\n#2 /wordpress/wp-admin/includes/plugin.php(703): do_action('activate_auth-u...', false)\n#3 /internal/eval.php(20): activate_plugin('auth-using-goog...')\n#4 {main}\n  thrown in /wordpress/wp-includes/class-wp-hook.php on line 324",
    "log": "/logs/plugins/a/attach-files/error.json"
  },
  {
    "message": "Uncaught TypeError: call_user_func_array(): Argument #1 ($callback) must be a valid callback, function \"xltadincode_activate\" not found or invalid function name in /wordpress/wp-includes/class-wp-hook.php:324",
    "level": "FATAL",
    "type": "PHP",
    "test": "asyncify-boot",
    "plugin": "attach-files",
    "details": "[09-May-2025 23:57:15 UTC] PHP Fatal error:  Uncaught TypeError: call_user_func_array(): Argument #1 ($callback) must be a valid callback, function \"xltadincode_activate\" not found or invalid function name in /wordpress/wp-includes/class-wp-hook.php:324\nStack trace:\n#0 /wordpress/wp-includes/class-wp-hook.php(348): WP_Hook->apply_filters('', Array)\n#1 /wordpress/wp-includes/plugin.php(517): WP_Hook->do_action(Array)\n#2 /wordpress/wp-admin/includes/plugin.php(703): do_action('activate_auth-u...', false)\n#3 /internal/eval.php(20): activate_plugin('auth-using-goog...')\n#4 {main}\n  thrown in /wordpress/wp-includes/class-wp-hook.php on line 324",
    "log": "/logs/plugins/a/attach-files/error.json"
  },
  {
    "message": "Uncaught PDOException: SQLSTATE[HY000] [2002] Address family not supported by protocol in /wordpress/wp-content/plugins/asura-connector/vendor/catfan/medoo/src/Medoo.php:476",
    "level": "FATAL",
    "type": "PHP",
    "test": "asyncify-boot",
    "plugin": "attach-files",
    "details": "[09-May-2025 23:58:44 UTC] PHP Fatal error:  Uncaught PDOException: SQLSTATE[HY000] [2002] Address family not supported by protocol in /wordpress/wp-content/plugins/asura-connector/vendor/catfan/medoo/src/Medoo.php:476\nStack trace:\n#0 /wordpress/wp-content/plugins/asura-connector/app/Utils/DB.php(50): Medoo\\Medoo->__construct(Array)\n#1 /wordpress/wp-content/plugins/asura-connector/app/Utils/DB.php(58): Dplugins\\Asura\\Connector\\Utils\\DB->__construct()\n#2 /wordpress/wp-content/plugins/asura-connector/app/Utils/DB.php(105): Dplugins\\Asura\\Connector\\Utils\\DB::getInstance()\n#3 /wordpress/wp-content/plugins/asura-connector/database/migrations/2021_07_10_000000_001_create_providers_table.php(11): Dplugins\\Asura\\Connector\\Utils\\DB::db()\n#4 [internal function]: Dplugins\\Asura\\Connector\\Database\\Migrations\\CreateProvidersTable::up()\n#5 /wordpress/wp-content/plugins/asura-connector/app/Utils/Migration.php(29): call_user_func(Array)\n#6 /wordpress/wp-content/plugins/asura-connector/app/Connector.php(88): Dplugins\\Asura\\Connector\\Utils\\Migration::migrate('/wordpress/wp-c...', 'Dplugins\\\\Asura\\\\...', 0, '001')\n#7 /wordpress/wp-includes/class-wp-hook.php(324): Dplugins\\Asura\\Connector\\Connector->plugin_activate(false)\n#8 /wordpress/wp-includes/class-wp-hook.php(348): WP_Hook->apply_filters('', Array)\n#9 /wordpress/wp-includes/plugin.php(517): WP_Hook->do_action(Array)\n#10 /wordpress/wp-admin/includes/plugin.php(703): do_action('activate_asura-...', false)\n#11 /internal/eval.php(20): activate_plugin('asura-connector...')\n#12 {main}\n  thrown in /wordpress/wp-content/plugins/asura-connector/vendor/catfan/medoo/src/Medoo.php on line 476",
    "log": "/logs/plugins/a/attach-files/error.json"
  },
  {
    "message": "Uncaught PDOException: SQLSTATE[HY000] [2002] Address family not supported by protocol in /wordpress/wp-content/plugins/asura-connector/vendor/catfan/medoo/src/Medoo.php:476",
    "level": "FATAL",
    "type": "PHP",
    "test": "asyncify-boot",
    "plugin": "attach-files",
    "details": "[09-May-2025 23:58:52 UTC] PHP Fatal error:  Uncaught PDOException: SQLSTATE[HY000] [2002] Address family not supported by protocol in /wordpress/wp-content/plugins/asura-connector/vendor/catfan/medoo/src/Medoo.php:476\nStack trace:\n#0 /wordpress/wp-content/plugins/asura-connector/app/Utils/DB.php(50): Medoo\\Medoo->__construct(Array)\n#1 /wordpress/wp-content/plugins/asura-connector/app/Utils/DB.php(58): Dplugins\\Asura\\Connector\\Utils\\DB->__construct()\n#2 /wordpress/wp-content/plugins/asura-connector/app/Utils/DB.php(105): Dplugins\\Asura\\Connector\\Utils\\DB::getInstance()\n#3 /wordpress/wp-content/plugins/asura-connector/database/migrations/2021_07_10_000000_001_create_providers_table.php(11): Dplugins\\Asura\\Connector\\Utils\\DB::db()\n#4 [internal function]: Dplugins\\Asura\\Connector\\Database\\Migrations\\CreateProvidersTable::up()\n#5 /wordpress/wp-content/plugins/asura-connector/app/Utils/Migration.php(29): call_user_func(Array)\n#6 /wordpress/wp-content/plugins/asura-connector/app/Connector.php(88): Dplugins\\Asura\\Connector\\Utils\\Migration::migrate('/wordpress/wp-c...', 'Dplugins\\\\Asura\\\\...', 0, '001')\n#7 /wordpress/wp-includes/class-wp-hook.php(324): Dplugins\\Asura\\Connector\\Connector->plugin_activate(false)\n#8 /wordpress/wp-includes/class-wp-hook.php(348): WP_Hook->apply_filters('', Array)\n#9 /wordpress/wp-includes/plugin.php(517): WP_Hook->do_action(Array)\n#10 /wordpress/wp-admin/includes/plugin.php(703): do_action('activate_asura-...', false)\n#11 /internal/eval.php(20): activate_plugin('asura-connector...')\n#12 {main}\n  thrown in /wordpress/wp-content/plugins/asura-connector/vendor/catfan/medoo/src/Medoo.php on line 476",
    "log": "/logs/plugins/a/attach-files/error.json"
  },
  {
    "message": "Uncaught PDOException: SQLSTATE[HY000] [2002] Address family not supported by protocol in /wordpress/wp-content/plugins/asura-connector/vendor/catfan/medoo/src/Medoo.php:476",
    "level": "FATAL",
    "type": "PHP",
    "test": "asyncify-boot",
    "plugin": "attach-files",
    "details": "[09-May-2025 23:59:01 UTC] PHP Fatal error:  Uncaught PDOException: SQLSTATE[HY000] [2002] Address family not supported by protocol in /wordpress/wp-content/plugins/asura-connector/vendor/catfan/medoo/src/Medoo.php:476\nStack trace:\n#0 /wordpress/wp-content/plugins/asura-connector/app/Utils/DB.php(50): Medoo\\Medoo->__construct(Array)\n#1 /wordpress/wp-content/plugins/asura-connector/app/Utils/DB.php(58): Dplugins\\Asura\\Connector\\Utils\\DB->__construct()\n#2 /wordpress/wp-content/plugins/asura-connector/app/Utils/DB.php(105): Dplugins\\Asura\\Connector\\Utils\\DB::getInstance()\n#3 /wordpress/wp-content/plugins/asura-connector/database/migrations/2021_07_10_000000_001_create_providers_table.php(11): Dplugins\\Asura\\Connector\\Utils\\DB::db()\n#4 [internal function]: Dplugins\\Asura\\Connector\\Database\\Migrations\\CreateProvidersTable::up()\n#5 /wordpress/wp-content/plugins/asura-connector/app/Utils/Migration.php(29): call_user_func(Array)\n#6 /wordpress/wp-content/plugins/asura-connector/app/Connector.php(88): Dplugins\\Asura\\Connector\\Utils\\Migration::migrate('/wordpress/wp-c...', 'Dplugins\\\\Asura\\\\...', 0, '001')\n#7 /wordpress/wp-includes/class-wp-hook.php(324): Dplugins\\Asura\\Connector\\Connector->plugin_activate(false)\n#8 /wordpress/wp-includes/class-wp-hook.php(348): WP_Hook->apply_filters('', Array)\n#9 /wordpress/wp-includes/plugin.php(517): WP_Hook->do_action(Array)\n#10 /wordpress/wp-admin/includes/plugin.php(703): do_action('activate_asura-...', false)\n#11 /internal/eval.php(20): activate_plugin('asura-connector...')\n#12 {main}\n  thrown in /wordpress/wp-content/plugins/asura-connector/vendor/catfan/medoo/src/Medoo.php on line 476",
    "log": "/logs/plugins/a/attach-files/error.json"
  },
  {
    "message": "Undefined variable $wpdb in /wordpress/wp-content/plugins/attach-files/attach-files.php on line 15",
    "level": "WARNING",
    "type": "PHP",
    "test": "asyncify-boot",
    "plugin": "attach-files",
    "details": "[09-May-2025 23:59:09 UTC] PHP Warning:  Undefined variable $wpdb in /wordpress/wp-content/plugins/attach-files/attach-files.php on line 15",
    "log": "/logs/plugins/a/attach-files/error.json"
  },
  {
    "message": "Undefined variable $table_prefix in /wordpress/wp-content/plugins/attach-files/attach-files.php on line 15",
    "level": "WARNING",
    "type": "PHP",
    "test": "asyncify-boot",
    "plugin": "attach-files",
    "details": "[09-May-2025 23:59:09 UTC] PHP Warning:  Undefined variable $table_prefix in /wordpress/wp-content/plugins/attach-files/attach-files.php on line 15",
    "log": "/logs/plugins/a/attach-files/error.json"
  },
  {
    "message": "Uncaught Error: Call to a member function get_results() on null in /wordpress/wp-content/plugins/attach-files/attach-files.php:160",
    "level": "FATAL",
    "type": "PHP",
    "test": "asyncify-boot",
    "plugin": "attach-files",
    "details": "[09-May-2025 23:59:09 UTC] PHP Fatal error:  Uncaught Error: Call to a member function get_results() on null in /wordpress/wp-content/plugins/attach-files/attach-files.php:160\nStack trace:\n#0 /wordpress/wp-content/plugins/attach-files/attach-files.php(15): af_mysql_table_exists(NULL, 'attached_files_...')\n#1 /wordpress/wp-admin/includes/plugin.php(2387): include_once('/wordpress/wp-c...')\n#2 /wordpress/wp-admin/includes/plugin.php(673): plugin_sandbox_scrape('attach-files/at...')\n#3 /internal/eval.php(20): activate_plugin('attach-files/at...')\n#4 {main}\n  thrown in /wordpress/wp-content/plugins/attach-files/attach-files.php on line 160",
    "log": "/logs/plugins/a/attach-files/error.json"
  },
  {
    "message": "Undefined variable $wpdb in /wordpress/wp-content/plugins/attach-files/attach-files.php on line 15",
    "level": "WARNING",
    "type": "PHP",
    "test": "asyncify-boot",
    "plugin": "attach-files",
    "details": "[09-May-2025 23:59:17 UTC] PHP Warning:  Undefined variable $wpdb in /wordpress/wp-content/plugins/attach-files/attach-files.php on line 15",
    "log": "/logs/plugins/a/attach-files/error.json"
  },
  {
    "message": "Undefined variable $table_prefix in /wordpress/wp-content/plugins/attach-files/attach-files.php on line 15",
    "level": "WARNING",
    "type": "PHP",
    "test": "asyncify-boot",
    "plugin": "attach-files",
    "details": "[09-May-2025 23:59:17 UTC] PHP Warning:  Undefined variable $table_prefix in /wordpress/wp-content/plugins/attach-files/attach-files.php on line 15",
    "log": "/logs/plugins/a/attach-files/error.json"
  },
  {
    "message": "Uncaught Error: Call to a member function get_results() on null in /wordpress/wp-content/plugins/attach-files/attach-files.php:160",
    "level": "FATAL",
    "type": "PHP",
    "test": "asyncify-boot",
    "plugin": "attach-files",
    "details": "[09-May-2025 23:59:17 UTC] PHP Fatal error:  Uncaught Error: Call to a member function get_results() on null in /wordpress/wp-content/plugins/attach-files/attach-files.php:160\nStack trace:\n#0 /wordpress/wp-content/plugins/attach-files/attach-files.php(15): af_mysql_table_exists(NULL, 'attached_files_...')\n#1 /wordpress/wp-admin/includes/plugin.php(2387): include_once('/wordpress/wp-c...')\n#2 /wordpress/wp-admin/includes/plugin.php(673): plugin_sandbox_scrape('attach-files/at...')\n#3 /internal/eval.php(20): activate_plugin('attach-files/at...')\n#4 {main}\n  thrown in /wordpress/wp-content/plugins/attach-files/attach-files.php on line 160\n\n    at Object.onBind (file:///home/runner/work/playground-tester/playground-tester/node_modules/@wp-playground/cli/index.js:237:15)\n    at process.processTicksAndRejections (node:internal/process/task_queues:105:5)\n    at async V (file:///home/runner/work/playground-tester/playground-tester/node_modules/@wp-playground/cli/index.js:64:10)\n    at async ja (file:///home/runner/work/playground-tester/playground-tester/node_modules/@wp-playground/cli/cli.js:8161:12) {\n  [cause]: Error: Error when executing the blueprint step #1 ({\"step\":\"installPlugin\",\"pluginData\":{\"resource\":\"wordpress.org/plugins\",\"slug\":\"attach-files\"},\"options\":{\"activate\":true}}) : PHP.run() failed with exit code 255 and the following output: \n      at Object.run (file:///home/runner/work/playground-tester/playground-tester/node_modules/@wp-playground/blueprints/index.js:12449:19)\n      at process.processTicksAndRejections (node:internal/process/task_queues:105:5)\n      at async ms (file:///home/runner/work/playground-tester/playground-tester/node_modules/@wp-playground/blueprints/index.js:12552:3)\n      ... 2 lines matching cause stack trace ...\n      at async ja (file:///home/runner/work/playground-tester/playground-tester/node_modules/@wp-playground/cli/cli.js:8161:12) {\n    [cause]: PHPExecutionFailureError: PHP.run() failed with exit code 255 and the following output: \n        at PHP.run (file:///home/runner/work/playground-tester/playground-tester/node_modules/@php-wasm/universal/index.js:987:19)\n        at process.processTicksAndRejections (node:internal/process/task_queues:105:5)\n        at async wr (file:///home/runner/work/playground-tester/playground-tester/node_modules/@wp-playground/blueprints/index.js:33:39)\n        at async Object.gt [as installPlugin] (file:///home/runner/work/playground-tester/playground-tester/node_modules/@wp-playground/blueprints/index.js:974:42)\n        at async g (file:///home/runner/work/playground-tester/playground-tester/node_modules/@wp-playground/blueprints/index.js:12517:30)\n        at async Object.run (file:///home/runner/work/playground-tester/playground-tester/node_modules/@wp-playground/blueprints/index.js:12446:23)\n        at async ms (file:///home/runner/work/playground-tester/playground-tester/node_modules/@wp-playground/blueprints/index.js:12552:3)\n        at async Object.onBind (file:///home/runner/work/playground-tester/playground-tester/node_modules/@wp-playground/cli/index.js:227:48)\n        at async V (file:///home/runner/work/playground-tester/playground-tester/node_modules/@wp-playground/cli/index.js:64:10)\n        at async ja (file:///home/runner/work/playground-tester/playground-tester/node_modules/@wp-playground/cli/cli.js:8161:12) {\n      response: PHPResponse {\n        httpStatusCode: 500,\n        headers: {\n          'x-powered-by': [ 'PHP/8.0.30-dev' ],\n          'content-type': [ 'text/html; charset=UTF-8' ]\n        },\n        bytes: Uint8Array(0) [],\n        exitCode: 255,\n        errors: ''\n      },\n      source: 'request'\n    }\n  }\n}\n\n",
    "log": "/logs/plugins/a/attach-files/error.json"
  },
  {
    "message": "file:///home/runner/work/playground-tester/playground-tester/node_modules/@wp-playground/cli/index.js:237\n        throw new Error(y, { cause: u });\n              ^\n",
    "level": "FATAL",
    "type": "PLAYGROUND",
    "test": "jspi-boot",
    "plugin": "attach-files",
    "details": "file:///home/runner/work/playground-tester/playground-tester/node_modules/@wp-playground/cli/index.js:237\n        throw new Error(y, { cause: u });\n              ^\n",
    "log": "/tmp/tmp.6T4mQTdfWJ"
  },
  {
    "message": "Uncaught Error: Call to undefined function create_function() in /wordpress/wp-content/plugins/author-progress-bar/widget.php:188",
    "level": "FATAL",
    "type": "PHP",
    "test": "jspi-boot",
    "plugin": "attach-files",
    "details": "[09-May-2025 23:48:36 UTC] PHP Fatal error:  Uncaught Error: Call to undefined function create_function() in /wordpress/wp-content/plugins/author-progress-bar/widget.php:188\nStack trace:\n#0 /wordpress/wp-content/plugins/author-progress-bar/widget.php(428): Author_Progress_BarWidgetManager->__construct()\n#1 /wordpress/wp-content/plugins/author-progress-bar/author-progress-bar.php(22): include_once('/wordpress/wp-c...')\n#2 /wordpress/wp-admin/includes/plugin.php(2387): include_once('/wordpress/wp-c...')\n#3 /wordpress/wp-admin/includes/plugin.php(673): plugin_sandbox_scrape('author-progress...')\n#4 /internal/eval.php(20): activate_plugin('author-progress...')\n#5 {main}\n  thrown in /wordpress/wp-content/plugins/author-progress-bar/widget.php on line 188",
    "log": "/logs/plugins/a/attach-files/error.json"
  },
  {
    "message": "Uncaught Error: Call to undefined function create_function() in /wordpress/wp-content/plugins/author-progress-bar/widget.php:188",
    "level": "FATAL",
    "type": "PHP",
    "test": "jspi-boot",
    "plugin": "attach-files",
    "details": "[09-May-2025 23:48:43 UTC] PHP Fatal error:  Uncaught Error: Call to undefined function create_function() in /wordpress/wp-content/plugins/author-progress-bar/widget.php:188\nStack trace:\n#0 /wordpress/wp-content/plugins/author-progress-bar/widget.php(428): Author_Progress_BarWidgetManager->__construct()\n#1 /wordpress/wp-content/plugins/author-progress-bar/author-progress-bar.php(22): include_once('/wordpress/wp-c...')\n#2 /wordpress/wp-admin/includes/plugin.php(2387): include_once('/wordpress/wp-c...')\n#3 /wordpress/wp-admin/includes/plugin.php(673): plugin_sandbox_scrape('author-progress...')\n#4 /internal/eval.php(20): activate_plugin('author-progress...')\n#5 {main}\n  thrown in /wordpress/wp-content/plugins/author-progress-bar/widget.php on line 188",
    "log": "/logs/plugins/a/attach-files/error.json"
  },
  {
    "message": "Uncaught Error: Call to undefined function create_function() in /wordpress/wp-content/plugins/author-progress-bar/widget.php:188",
    "level": "FATAL",
    "type": "PHP",
    "test": "jspi-boot",
    "plugin": "attach-files",
    "details": "[09-May-2025 23:48:51 UTC] PHP Fatal error:  Uncaught Error: Call to undefined function create_function() in /wordpress/wp-content/plugins/author-progress-bar/widget.php:188\nStack trace:\n#0 /wordpress/wp-content/plugins/author-progress-bar/widget.php(428): Author_Progress_BarWidgetManager->__construct()\n#1 /wordpress/wp-content/plugins/author-progress-bar/author-progress-bar.php(22): include_once('/wordpress/wp-c...')\n#2 /wordpress/wp-admin/includes/plugin.php(2387): include_once('/wordpress/wp-c...')\n#3 /wordpress/wp-admin/includes/plugin.php(673): plugin_sandbox_scrape('author-progress...')\n#4 /internal/eval.php(20): activate_plugin('author-progress...')\n#5 {main}\n  thrown in /wordpress/wp-content/plugins/author-progress-bar/widget.php on line 188",
    "log": "/logs/plugins/a/attach-files/error.json"
  },
  {
    "message": "Uncaught TypeError: call_user_func_array(): Argument #1 ($callback) must be a valid callback, non-static method AdditionalPluginsDescriptions::action_activation() cannot be called statically in /wordpress/wp-includes/class-wp-hook.php:324",
    "level": "FATAL",
    "type": "PHP",
    "test": "jspi-boot",
    "plugin": "attach-files",
    "details": "[09-May-2025 23:52:09 UTC] PHP Fatal error:  Uncaught TypeError: call_user_func_array(): Argument #1 ($callback) must be a valid callback, non-static method AdditionalPluginsDescriptions::action_activation() cannot be called statically in /wordpress/wp-includes/class-wp-hook.php:324\nStack trace:\n#0 /wordpress/wp-includes/class-wp-hook.php(348): WP_Hook->apply_filters('', Array)\n#1 /wordpress/wp-includes/plugin.php(517): WP_Hook->do_action(Array)\n#2 /wordpress/wp-admin/includes/plugin.php(703): do_action('activate_additi...', false)\n#3 /internal/eval.php(20): activate_plugin('additional-plug...')\n#4 {main}\n  thrown in /wordpress/wp-includes/class-wp-hook.php on line 324",
    "log": "/logs/plugins/a/attach-files/error.json"
  },
  {
    "message": "Uncaught TypeError: call_user_func_array(): Argument #1 ($callback) must be a valid callback, non-static method AdditionalPluginsDescriptions::action_activation() cannot be called statically in /wordpress/wp-includes/class-wp-hook.php:324",
    "level": "FATAL",
    "type": "PHP",
    "test": "jspi-boot",
    "plugin": "attach-files",
    "details": "[09-May-2025 23:52:16 UTC] PHP Fatal error:  Uncaught TypeError: call_user_func_array(): Argument #1 ($callback) must be a valid callback, non-static method AdditionalPluginsDescriptions::action_activation() cannot be called statically in /wordpress/wp-includes/class-wp-hook.php:324\nStack trace:\n#0 /wordpress/wp-includes/class-wp-hook.php(348): WP_Hook->apply_filters('', Array)\n#1 /wordpress/wp-includes/plugin.php(517): WP_Hook->do_action(Array)\n#2 /wordpress/wp-admin/includes/plugin.php(703): do_action('activate_additi...', false)\n#3 /internal/eval.php(20): activate_plugin('additional-plug...')\n#4 {main}\n  thrown in /wordpress/wp-includes/class-wp-hook.php on line 324",
    "log": "/logs/plugins/a/attach-files/error.json"
  },
  {
    "message": "Uncaught TypeError: call_user_func_array(): Argument #1 ($callback) must be a valid callback, non-static method AdditionalPluginsDescriptions::action_activation() cannot be called statically in /wordpress/wp-includes/class-wp-hook.php:324",
    "level": "FATAL",
    "type": "PHP",
    "test": "jspi-boot",
    "plugin": "attach-files",
    "details": "[09-May-2025 23:52:24 UTC] PHP Fatal error:  Uncaught TypeError: call_user_func_array(): Argument #1 ($callback) must be a valid callback, non-static method AdditionalPluginsDescriptions::action_activation() cannot be called statically in /wordpress/wp-includes/class-wp-hook.php:324\nStack trace:\n#0 /wordpress/wp-includes/class-wp-hook.php(348): WP_Hook->apply_filters('', Array)\n#1 /wordpress/wp-includes/plugin.php(517): WP_Hook->do_action(Array)\n#2 /wordpress/wp-admin/includes/plugin.php(703): do_action('activate_additi...', false)\n#3 /internal/eval.php(20): activate_plugin('additional-plug...')\n#4 {main}\n  thrown in /wordpress/wp-includes/class-wp-hook.php on line 324",
    "log": "/logs/plugins/a/attach-files/error.json"
  },
  {
    "message": "Uncaught Error: Undefined constant \"cbid\" in /wordpress/wp-content/plugins/ads-by-cb/adsbycb.php:20",
    "level": "FATAL",
    "type": "PHP",
    "test": "jspi-boot",
    "plugin": "attach-files",
    "details": "[09-May-2025 23:52:59 UTC] PHP Fatal error:  Uncaught Error: Undefined constant \"cbid\" in /wordpress/wp-content/plugins/ads-by-cb/adsbycb.php:20\nStack trace:\n#0 /wordpress/wp-admin/includes/plugin.php(2387): include_once()\n#1 /wordpress/wp-admin/includes/plugin.php(673): plugin_sandbox_scrape('ads-by-cb/adsby...')\n#2 /internal/eval.php(20): activate_plugin('ads-by-cb/adsby...')\n#3 {main}\n  thrown in /wordpress/wp-content/plugins/ads-by-cb/adsbycb.php on line 20",
    "log": "/logs/plugins/a/attach-files/error.json"
  },
  {
    "message": "Uncaught Error: Undefined constant \"cbid\" in /wordpress/wp-content/plugins/ads-by-cb/adsbycb.php:20",
    "level": "FATAL",
    "type": "PHP",
    "test": "jspi-boot",
    "plugin": "attach-files",
    "details": "[09-May-2025 23:53:07 UTC] PHP Fatal error:  Uncaught Error: Undefined constant \"cbid\" in /wordpress/wp-content/plugins/ads-by-cb/adsbycb.php:20\nStack trace:\n#0 /wordpress/wp-admin/includes/plugin.php(2387): include_once()\n#1 /wordpress/wp-admin/includes/plugin.php(673): plugin_sandbox_scrape('ads-by-cb/adsby...')\n#2 /internal/eval.php(20): activate_plugin('ads-by-cb/adsby...')\n#3 {main}\n  thrown in /wordpress/wp-content/plugins/ads-by-cb/adsbycb.php on line 20",
    "log": "/logs/plugins/a/attach-files/error.json"
  },
  {
    "message": "Uncaught Error: Undefined constant \"cbid\" in /wordpress/wp-content/plugins/ads-by-cb/adsbycb.php:20",
    "level": "FATAL",
    "type": "PHP",
    "test": "jspi-boot",
    "plugin": "attach-files",
    "details": "[09-May-2025 23:53:14 UTC] PHP Fatal error:  Uncaught Error: Undefined constant \"cbid\" in /wordpress/wp-content/plugins/ads-by-cb/adsbycb.php:20\nStack trace:\n#0 /wordpress/wp-admin/includes/plugin.php(2387): include_once()\n#1 /wordpress/wp-admin/includes/plugin.php(673): plugin_sandbox_scrape('ads-by-cb/adsby...')\n#2 /internal/eval.php(20): activate_plugin('ads-by-cb/adsby...')\n#3 {main}\n  thrown in /wordpress/wp-content/plugins/ads-by-cb/adsbycb.php on line 20",
    "log": "/logs/plugins/a/attach-files/error.json"
  },
  {
    "message": "Required parameter $fields follows optional parameter $fieldset in /wordpress/wp-content/plugins/advanced-categories-widget/inc/class-advanced-categories-widget-fields.php on line 33",
    "level": "DEPRECATED",
    "type": "PHP",
    "test": "jspi-boot",
    "plugin": "attach-files",
    "details": "[09-May-2025 23:53:23 UTC] PHP Deprecated:  Required parameter $fields follows optional parameter $fieldset in /wordpress/wp-content/plugins/advanced-categories-widget/inc/class-advanced-categories-widget-fields.php on line 33",
    "log": "/logs/plugins/a/attach-files/error.json"
  },
  {
    "message": "Required parameter $instance follows optional parameter $fieldset in /wordpress/wp-content/plugins/advanced-categories-widget/inc/class-advanced-categories-widget-fields.php on line 33",
    "level": "DEPRECATED",
    "type": "PHP",
    "test": "jspi-boot",
    "plugin": "attach-files",
    "details": "[09-May-2025 23:53:23 UTC] PHP Deprecated:  Required parameter $instance follows optional parameter $fieldset in /wordpress/wp-content/plugins/advanced-categories-widget/inc/class-advanced-categories-widget-fields.php on line 33",
    "log": "/logs/plugins/a/attach-files/error.json"
  },
  {
    "message": "Required parameter $widget follows optional parameter $fieldset in /wordpress/wp-content/plugins/advanced-categories-widget/inc/class-advanced-categories-widget-fields.php on line 33",
    "level": "DEPRECATED",
    "type": "PHP",
    "test": "jspi-boot",
    "plugin": "attach-files",
    "details": "[09-May-2025 23:53:23 UTC] PHP Deprecated:  Required parameter $widget follows optional parameter $fieldset in /wordpress/wp-content/plugins/advanced-categories-widget/inc/class-advanced-categories-widget-fields.php on line 33",
    "log": "/logs/plugins/a/attach-files/error.json"
  },
  {
    "message": "Required parameter $instance follows optional parameter $fieldset in /wordpress/wp-content/plugins/advanced-categories-widget/inc/class-advanced-categories-widget-fields.php on line 82",
    "level": "DEPRECATED",
    "type": "PHP",
    "test": "jspi-boot",
    "plugin": "attach-files",
    "details": "[09-May-2025 23:53:23 UTC] PHP Deprecated:  Required parameter $instance follows optional parameter $fieldset in /wordpress/wp-content/plugins/advanced-categories-widget/inc/class-advanced-categories-widget-fields.php on line 82",
    "log": "/logs/plugins/a/attach-files/error.json"
  },
  {
    "message": "Required parameter $widget follows optional parameter $fieldset in /wordpress/wp-content/plugins/advanced-categories-widget/inc/class-advanced-categories-widget-fields.php on line 82",
    "level": "DEPRECATED",
    "type": "PHP",
    "test": "jspi-boot",
    "plugin": "attach-files",
    "details": "[09-May-2025 23:53:23 UTC] PHP Deprecated:  Required parameter $widget follows optional parameter $fieldset in /wordpress/wp-content/plugins/advanced-categories-widget/inc/class-advanced-categories-widget-fields.php on line 82",
    "log": "/logs/plugins/a/attach-files/error.json"
  },
  {
    "message": "Required parameter $fields follows optional parameter $fieldset in /wordpress/wp-content/plugins/advanced-categories-widget/inc/class-advanced-categories-widget-fields.php on line 33",
    "level": "DEPRECATED",
    "type": "PHP",
    "test": "jspi-boot",
    "plugin": "attach-files",
    "details": "[09-May-2025 23:53:32 UTC] PHP Deprecated:  Required parameter $fields follows optional parameter $fieldset in /wordpress/wp-content/plugins/advanced-categories-widget/inc/class-advanced-categories-widget-fields.php on line 33",
    "log": "/logs/plugins/a/attach-files/error.json"
  },
  {
    "message": "Required parameter $instance follows optional parameter $fieldset in /wordpress/wp-content/plugins/advanced-categories-widget/inc/class-advanced-categories-widget-fields.php on line 33",
    "level": "DEPRECATED",
    "type": "PHP",
    "test": "jspi-boot",
    "plugin": "attach-files",
    "details": "[09-May-2025 23:53:32 UTC] PHP Deprecated:  Required parameter $instance follows optional parameter $fieldset in /wordpress/wp-content/plugins/advanced-categories-widget/inc/class-advanced-categories-widget-fields.php on line 33",
    "log": "/logs/plugins/a/attach-files/error.json"
  },
  {
    "message": "Required parameter $widget follows optional parameter $fieldset in /wordpress/wp-content/plugins/advanced-categories-widget/inc/class-advanced-categories-widget-fields.php on line 33",
    "level": "DEPRECATED",
    "type": "PHP",
    "test": "jspi-boot",
    "plugin": "attach-files",
    "details": "[09-May-2025 23:53:32 UTC] PHP Deprecated:  Required parameter $widget follows optional parameter $fieldset in /wordpress/wp-content/plugins/advanced-categories-widget/inc/class-advanced-categories-widget-fields.php on line 33",
    "log": "/logs/plugins/a/attach-files/error.json"
  },
  {
    "message": "Required parameter $instance follows optional parameter $fieldset in /wordpress/wp-content/plugins/advanced-categories-widget/inc/class-advanced-categories-widget-fields.php on line 82",
    "level": "DEPRECATED",
    "type": "PHP",
    "test": "jspi-boot",
    "plugin": "attach-files",
    "details": "[09-May-2025 23:53:32 UTC] PHP Deprecated:  Required parameter $instance follows optional parameter $fieldset in /wordpress/wp-content/plugins/advanced-categories-widget/inc/class-advanced-categories-widget-fields.php on line 82",
    "log": "/logs/plugins/a/attach-files/error.json"
  },
  {
    "message": "Required parameter $widget follows optional parameter $fieldset in /wordpress/wp-content/plugins/advanced-categories-widget/inc/class-advanced-categories-widget-fields.php on line 82",
    "level": "DEPRECATED",
    "type": "PHP",
    "test": "jspi-boot",
    "plugin": "attach-files",
    "details": "[09-May-2025 23:53:32 UTC] PHP Deprecated:  Required parameter $widget follows optional parameter $fieldset in /wordpress/wp-content/plugins/advanced-categories-widget/inc/class-advanced-categories-widget-fields.php on line 82",
    "log": "/logs/plugins/a/attach-files/error.json"
  },
  {
    "message": "Required parameter $fields follows optional parameter $fieldset in /wordpress/wp-content/plugins/advanced-categories-widget/inc/class-advanced-categories-widget-fields.php on line 33",
    "level": "DEPRECATED",
    "type": "PHP",
    "test": "jspi-boot",
    "plugin": "attach-files",
    "details": "[09-May-2025 23:53:40 UTC] PHP Deprecated:  Required parameter $fields follows optional parameter $fieldset in /wordpress/wp-content/plugins/advanced-categories-widget/inc/class-advanced-categories-widget-fields.php on line 33",
    "log": "/logs/plugins/a/attach-files/error.json"
  },
  {
    "message": "Required parameter $instance follows optional parameter $fieldset in /wordpress/wp-content/plugins/advanced-categories-widget/inc/class-advanced-categories-widget-fields.php on line 33",
    "level": "DEPRECATED",
    "type": "PHP",
    "test": "jspi-boot",
    "plugin": "attach-files",
    "details": "[09-May-2025 23:53:40 UTC] PHP Deprecated:  Required parameter $instance follows optional parameter $fieldset in /wordpress/wp-content/plugins/advanced-categories-widget/inc/class-advanced-categories-widget-fields.php on line 33",
    "log": "/logs/plugins/a/attach-files/error.json"
  },
  {
    "message": "Required parameter $widget follows optional parameter $fieldset in /wordpress/wp-content/plugins/advanced-categories-widget/inc/class-advanced-categories-widget-fields.php on line 33",
    "level": "DEPRECATED",
    "type": "PHP",
    "test": "jspi-boot",
    "plugin": "attach-files",
    "details": "[09-May-2025 23:53:40 UTC] PHP Deprecated:  Required parameter $widget follows optional parameter $fieldset in /wordpress/wp-content/plugins/advanced-categories-widget/inc/class-advanced-categories-widget-fields.php on line 33",
    "log": "/logs/plugins/a/attach-files/error.json"
  },
  {
    "message": "Required parameter $instance follows optional parameter $fieldset in /wordpress/wp-content/plugins/advanced-categories-widget/inc/class-advanced-categories-widget-fields.php on line 82",
    "level": "DEPRECATED",
    "type": "PHP",
    "test": "jspi-boot",
    "plugin": "attach-files",
    "details": "[09-May-2025 23:53:40 UTC] PHP Deprecated:  Required parameter $instance follows optional parameter $fieldset in /wordpress/wp-content/plugins/advanced-categories-widget/inc/class-advanced-categories-widget-fields.php on line 82",
    "log": "/logs/plugins/a/attach-files/error.json"
  },
  {
    "message": "Required parameter $widget follows optional parameter $fieldset in /wordpress/wp-content/plugins/advanced-categories-widget/inc/class-advanced-categories-widget-fields.php on line 82",
    "level": "DEPRECATED",
    "type": "PHP",
    "test": "jspi-boot",
    "plugin": "attach-files",
    "details": "[09-May-2025 23:53:40 UTC] PHP Deprecated:  Required parameter $widget follows optional parameter $fieldset in /wordpress/wp-content/plugins/advanced-categories-widget/inc/class-advanced-categories-widget-fields.php on line 82",
    "log": "/logs/plugins/a/attach-files/error.json"
  },
  {
    "message": "Uncaught Error: Call to undefined function create_function() in /wordpress/wp-content/plugins/ajaxed-twitter-for-wordpress/twitter.php:398",
    "level": "FATAL",
    "type": "PHP",
    "test": "jspi-boot",
    "plugin": "attach-files",
    "details": "[09-May-2025 23:55:23 UTC] PHP Fatal error:  Uncaught Error: Call to undefined function create_function() in /wordpress/wp-content/plugins/ajaxed-twitter-for-wordpress/twitter.php:398\nStack trace:\n#0 /wordpress/wp-admin/includes/plugin.php(2387): include_once()\n#1 /wordpress/wp-admin/includes/plugin.php(673): plugin_sandbox_scrape('ajaxed-twitter-...')\n#2 /internal/eval.php(20): activate_plugin('ajaxed-twitter-...')\n#3 {main}\n  thrown in /wordpress/wp-content/plugins/ajaxed-twitter-for-wordpress/twitter.php on line 398",
    "log": "/logs/plugins/a/attach-files/error.json"
  },
  {
    "message": "Uncaught Error: Call to undefined function create_function() in /wordpress/wp-content/plugins/ajaxed-twitter-for-wordpress/twitter.php:398",
    "level": "FATAL",
    "type": "PHP",
    "test": "jspi-boot",
    "plugin": "attach-files",
    "details": "[09-May-2025 23:55:29 UTC] PHP Fatal error:  Uncaught Error: Call to undefined function create_function() in /wordpress/wp-content/plugins/ajaxed-twitter-for-wordpress/twitter.php:398\nStack trace:\n#0 /wordpress/wp-admin/includes/plugin.php(2387): include_once()\n#1 /wordpress/wp-admin/includes/plugin.php(673): plugin_sandbox_scrape('ajaxed-twitter-...')\n#2 /internal/eval.php(20): activate_plugin('ajaxed-twitter-...')\n#3 {main}\n  thrown in /wordpress/wp-content/plugins/ajaxed-twitter-for-wordpress/twitter.php on line 398",
    "log": "/logs/plugins/a/attach-files/error.json"
  },
  {
    "message": "Uncaught Error: Call to undefined function create_function() in /wordpress/wp-content/plugins/ajaxed-twitter-for-wordpress/twitter.php:398",
    "level": "FATAL",
    "type": "PHP",
    "test": "jspi-boot",
    "plugin": "attach-files",
    "details": "[09-May-2025 23:55:37 UTC] PHP Fatal error:  Uncaught Error: Call to undefined function create_function() in /wordpress/wp-content/plugins/ajaxed-twitter-for-wordpress/twitter.php:398\nStack trace:\n#0 /wordpress/wp-admin/includes/plugin.php(2387): include_once()\n#1 /wordpress/wp-admin/includes/plugin.php(673): plugin_sandbox_scrape('ajaxed-twitter-...')\n#2 /internal/eval.php(20): activate_plugin('ajaxed-twitter-...')\n#3 {main}\n  thrown in /wordpress/wp-content/plugins/ajaxed-twitter-for-wordpress/twitter.php on line 398",
    "log": "/logs/plugins/a/attach-files/error.json"
  },
  {
    "message": "Function _load_textdomain_just_in_time was called <strong>incorrectly</strong>. Translation loading for the <code>aspexifbsidebox</code> domain was triggered too early. This is usually an indicator for some code in the plugin or theme running too early. Translations should be loaded at the <code>init</code> action or later. Please see <a href=\"https://developer.wordpress.org/advanced-administration/debug/debug-wordpress/\">Debugging in WordPress</a> for more information. (This message was added in version 6.7.0.) in /wordpress/wp-includes/functions.php on line 6121",
    "level": "NOTICE",
    "type": "PHP",
    "test": "jspi-boot",
    "plugin": "attach-files",
    "details": "[09-May-2025 23:56:35 UTC] PHP Notice:  Function _load_textdomain_just_in_time was called <strong>incorrectly</strong>. Translation loading for the <code>aspexifbsidebox</code> domain was triggered too early. This is usually an indicator for some code in the plugin or theme running too early. Translations should be loaded at the <code>init</code> action or later. Please see <a href=\"https://developer.wordpress.org/advanced-administration/debug/debug-wordpress/\">Debugging in WordPress</a> for more information. (This message was added in version 6.7.0.) in /wordpress/wp-includes/functions.php on line 6121",
    "log": "/logs/plugins/a/attach-files/error.json"
  },
  {
    "message": "Function _load_textdomain_just_in_time was called <strong>incorrectly</strong>. Translation loading for the <code>aspexifbsidebox</code> domain was triggered too early. This is usually an indicator for some code in the plugin or theme running too early. Translations should be loaded at the <code>init</code> action or later. Please see <a href=\"https://developer.wordpress.org/advanced-administration/debug/debug-wordpress/\">Debugging in WordPress</a> for more information. (This message was added in version 6.7.0.) in /wordpress/wp-includes/functions.php on line 6121",
    "level": "NOTICE",
    "type": "PHP",
    "test": "jspi-boot",
    "plugin": "attach-files",
    "details": "[09-May-2025 23:56:42 UTC] PHP Notice:  Function _load_textdomain_just_in_time was called <strong>incorrectly</strong>. Translation loading for the <code>aspexifbsidebox</code> domain was triggered too early. This is usually an indicator for some code in the plugin or theme running too early. Translations should be loaded at the <code>init</code> action or later. Please see <a href=\"https://developer.wordpress.org/advanced-administration/debug/debug-wordpress/\">Debugging in WordPress</a> for more information. (This message was added in version 6.7.0.) in /wordpress/wp-includes/functions.php on line 6121",
    "log": "/logs/plugins/a/attach-files/error.json"
  },
  {
    "message": "Function _load_textdomain_just_in_time was called <strong>incorrectly</strong>. Translation loading for the <code>aspexifbsidebox</code> domain was triggered too early. This is usually an indicator for some code in the plugin or theme running too early. Translations should be loaded at the <code>init</code> action or later. Please see <a href=\"https://developer.wordpress.org/advanced-administration/debug/debug-wordpress/\">Debugging in WordPress</a> for more information. (This message was added in version 6.7.0.) in /wordpress/wp-includes/functions.php on line 6121",
    "level": "NOTICE",
    "type": "PHP",
    "test": "jspi-boot",
    "plugin": "attach-files",
    "details": "[09-May-2025 23:56:50 UTC] PHP Notice:  Function _load_textdomain_just_in_time was called <strong>incorrectly</strong>. Translation loading for the <code>aspexifbsidebox</code> domain was triggered too early. This is usually an indicator for some code in the plugin or theme running too early. Translations should be loaded at the <code>init</code> action or later. Please see <a href=\"https://developer.wordpress.org/advanced-administration/debug/debug-wordpress/\">Debugging in WordPress</a> for more information. (This message was added in version 6.7.0.) in /wordpress/wp-includes/functions.php on line 6121",
    "log": "/logs/plugins/a/attach-files/error.json"
  },
  {
    "message": "Uncaught TypeError: call_user_func_array(): Argument #1 ($callback) must be a valid callback, function \"xltadincode_activate\" not found or invalid function name in /wordpress/wp-includes/class-wp-hook.php:324",
    "level": "FATAL",
    "type": "PHP",
    "test": "jspi-boot",
    "plugin": "attach-files",
    "details": "[09-May-2025 23:56:59 UTC] PHP Fatal error:  Uncaught TypeError: call_user_func_array(): Argument #1 ($callback) must be a valid callback, function \"xltadincode_activate\" not found or invalid function name in /wordpress/wp-includes/class-wp-hook.php:324\nStack trace:\n#0 /wordpress/wp-includes/class-wp-hook.php(348): WP_Hook->apply_filters('', Array)\n#1 /wordpress/wp-includes/plugin.php(517): WP_Hook->do_action(Array)\n#2 /wordpress/wp-admin/includes/plugin.php(703): do_action('activate_auth-u...', false)\n#3 /internal/eval.php(20): activate_plugin('auth-using-goog...')\n#4 {main}\n  thrown in /wordpress/wp-includes/class-wp-hook.php on line 324",
    "log": "/logs/plugins/a/attach-files/error.json"
  },
  {
    "message": "Uncaught TypeError: call_user_func_array(): Argument #1 ($callback) must be a valid callback, function \"xltadincode_activate\" not found or invalid function name in /wordpress/wp-includes/class-wp-hook.php:324",
    "level": "FATAL",
    "type": "PHP",
    "test": "jspi-boot",
    "plugin": "attach-files",
    "details": "[09-May-2025 23:57:07 UTC] PHP Fatal error:  Uncaught TypeError: call_user_func_array(): Argument #1 ($callback) must be a valid callback, function \"xltadincode_activate\" not found or invalid function name in /wordpress/wp-includes/class-wp-hook.php:324\nStack trace:\n#0 /wordpress/wp-includes/class-wp-hook.php(348): WP_Hook->apply_filters('', Array)\n#1 /wordpress/wp-includes/plugin.php(517): WP_Hook->do_action(Array)\n#2 /wordpress/wp-admin/includes/plugin.php(703): do_action('activate_auth-u...', false)\n#3 /internal/eval.php(20): activate_plugin('auth-using-goog...')\n#4 {main}\n  thrown in /wordpress/wp-includes/class-wp-hook.php on line 324",
    "log": "/logs/plugins/a/attach-files/error.json"
  },
  {
    "message": "Uncaught TypeError: call_user_func_array(): Argument #1 ($callback) must be a valid callback, function \"xltadincode_activate\" not found or invalid function name in /wordpress/wp-includes/class-wp-hook.php:324",
    "level": "FATAL",
    "type": "PHP",
    "test": "jspi-boot",
    "plugin": "attach-files",
    "details": "[09-May-2025 23:57:15 UTC] PHP Fatal error:  Uncaught TypeError: call_user_func_array(): Argument #1 ($callback) must be a valid callback, function \"xltadincode_activate\" not found or invalid function name in /wordpress/wp-includes/class-wp-hook.php:324\nStack trace:\n#0 /wordpress/wp-includes/class-wp-hook.php(348): WP_Hook->apply_filters('', Array)\n#1 /wordpress/wp-includes/plugin.php(517): WP_Hook->do_action(Array)\n#2 /wordpress/wp-admin/includes/plugin.php(703): do_action('activate_auth-u...', false)\n#3 /internal/eval.php(20): activate_plugin('auth-using-goog...')\n#4 {main}\n  thrown in /wordpress/wp-includes/class-wp-hook.php on line 324",
    "log": "/logs/plugins/a/attach-files/error.json"
  },
  {
    "message": "Uncaught PDOException: SQLSTATE[HY000] [2002] Address family not supported by protocol in /wordpress/wp-content/plugins/asura-connector/vendor/catfan/medoo/src/Medoo.php:476",
    "level": "FATAL",
    "type": "PHP",
    "test": "jspi-boot",
    "plugin": "attach-files",
    "details": "[09-May-2025 23:58:44 UTC] PHP Fatal error:  Uncaught PDOException: SQLSTATE[HY000] [2002] Address family not supported by protocol in /wordpress/wp-content/plugins/asura-connector/vendor/catfan/medoo/src/Medoo.php:476\nStack trace:\n#0 /wordpress/wp-content/plugins/asura-connector/app/Utils/DB.php(50): Medoo\\Medoo->__construct(Array)\n#1 /wordpress/wp-content/plugins/asura-connector/app/Utils/DB.php(58): Dplugins\\Asura\\Connector\\Utils\\DB->__construct()\n#2 /wordpress/wp-content/plugins/asura-connector/app/Utils/DB.php(105): Dplugins\\Asura\\Connector\\Utils\\DB::getInstance()\n#3 /wordpress/wp-content/plugins/asura-connector/database/migrations/2021_07_10_000000_001_create_providers_table.php(11): Dplugins\\Asura\\Connector\\Utils\\DB::db()\n#4 [internal function]: Dplugins\\Asura\\Connector\\Database\\Migrations\\CreateProvidersTable::up()\n#5 /wordpress/wp-content/plugins/asura-connector/app/Utils/Migration.php(29): call_user_func(Array)\n#6 /wordpress/wp-content/plugins/asura-connector/app/Connector.php(88): Dplugins\\Asura\\Connector\\Utils\\Migration::migrate('/wordpress/wp-c...', 'Dplugins\\\\Asura\\\\...', 0, '001')\n#7 /wordpress/wp-includes/class-wp-hook.php(324): Dplugins\\Asura\\Connector\\Connector->plugin_activate(false)\n#8 /wordpress/wp-includes/class-wp-hook.php(348): WP_Hook->apply_filters('', Array)\n#9 /wordpress/wp-includes/plugin.php(517): WP_Hook->do_action(Array)\n#10 /wordpress/wp-admin/includes/plugin.php(703): do_action('activate_asura-...', false)\n#11 /internal/eval.php(20): activate_plugin('asura-connector...')\n#12 {main}\n  thrown in /wordpress/wp-content/plugins/asura-connector/vendor/catfan/medoo/src/Medoo.php on line 476",
    "log": "/logs/plugins/a/attach-files/error.json"
  },
  {
    "message": "Uncaught PDOException: SQLSTATE[HY000] [2002] Address family not supported by protocol in /wordpress/wp-content/plugins/asura-connector/vendor/catfan/medoo/src/Medoo.php:476",
    "level": "FATAL",
    "type": "PHP",
    "test": "jspi-boot",
    "plugin": "attach-files",
    "details": "[09-May-2025 23:58:52 UTC] PHP Fatal error:  Uncaught PDOException: SQLSTATE[HY000] [2002] Address family not supported by protocol in /wordpress/wp-content/plugins/asura-connector/vendor/catfan/medoo/src/Medoo.php:476\nStack trace:\n#0 /wordpress/wp-content/plugins/asura-connector/app/Utils/DB.php(50): Medoo\\Medoo->__construct(Array)\n#1 /wordpress/wp-content/plugins/asura-connector/app/Utils/DB.php(58): Dplugins\\Asura\\Connector\\Utils\\DB->__construct()\n#2 /wordpress/wp-content/plugins/asura-connector/app/Utils/DB.php(105): Dplugins\\Asura\\Connector\\Utils\\DB::getInstance()\n#3 /wordpress/wp-content/plugins/asura-connector/database/migrations/2021_07_10_000000_001_create_providers_table.php(11): Dplugins\\Asura\\Connector\\Utils\\DB::db()\n#4 [internal function]: Dplugins\\Asura\\Connector\\Database\\Migrations\\CreateProvidersTable::up()\n#5 /wordpress/wp-content/plugins/asura-connector/app/Utils/Migration.php(29): call_user_func(Array)\n#6 /wordpress/wp-content/plugins/asura-connector/app/Connector.php(88): Dplugins\\Asura\\Connector\\Utils\\Migration::migrate('/wordpress/wp-c...', 'Dplugins\\\\Asura\\\\...', 0, '001')\n#7 /wordpress/wp-includes/class-wp-hook.php(324): Dplugins\\Asura\\Connector\\Connector->plugin_activate(false)\n#8 /wordpress/wp-includes/class-wp-hook.php(348): WP_Hook->apply_filters('', Array)\n#9 /wordpress/wp-includes/plugin.php(517): WP_Hook->do_action(Array)\n#10 /wordpress/wp-admin/includes/plugin.php(703): do_action('activate_asura-...', false)\n#11 /internal/eval.php(20): activate_plugin('asura-connector...')\n#12 {main}\n  thrown in /wordpress/wp-content/plugins/asura-connector/vendor/catfan/medoo/src/Medoo.php on line 476",
    "log": "/logs/plugins/a/attach-files/error.json"
  },
  {
    "message": "Uncaught PDOException: SQLSTATE[HY000] [2002] Address family not supported by protocol in /wordpress/wp-content/plugins/asura-connector/vendor/catfan/medoo/src/Medoo.php:476",
    "level": "FATAL",
    "type": "PHP",
    "test": "jspi-boot",
    "plugin": "attach-files",
    "details": "[09-May-2025 23:59:01 UTC] PHP Fatal error:  Uncaught PDOException: SQLSTATE[HY000] [2002] Address family not supported by protocol in /wordpress/wp-content/plugins/asura-connector/vendor/catfan/medoo/src/Medoo.php:476\nStack trace:\n#0 /wordpress/wp-content/plugins/asura-connector/app/Utils/DB.php(50): Medoo\\Medoo->__construct(Array)\n#1 /wordpress/wp-content/plugins/asura-connector/app/Utils/DB.php(58): Dplugins\\Asura\\Connector\\Utils\\DB->__construct()\n#2 /wordpress/wp-content/plugins/asura-connector/app/Utils/DB.php(105): Dplugins\\Asura\\Connector\\Utils\\DB::getInstance()\n#3 /wordpress/wp-content/plugins/asura-connector/database/migrations/2021_07_10_000000_001_create_providers_table.php(11): Dplugins\\Asura\\Connector\\Utils\\DB::db()\n#4 [internal function]: Dplugins\\Asura\\Connector\\Database\\Migrations\\CreateProvidersTable::up()\n#5 /wordpress/wp-content/plugins/asura-connector/app/Utils/Migration.php(29): call_user_func(Array)\n#6 /wordpress/wp-content/plugins/asura-connector/app/Connector.php(88): Dplugins\\Asura\\Connector\\Utils\\Migration::migrate('/wordpress/wp-c...', 'Dplugins\\\\Asura\\\\...', 0, '001')\n#7 /wordpress/wp-includes/class-wp-hook.php(324): Dplugins\\Asura\\Connector\\Connector->plugin_activate(false)\n#8 /wordpress/wp-includes/class-wp-hook.php(348): WP_Hook->apply_filters('', Array)\n#9 /wordpress/wp-includes/plugin.php(517): WP_Hook->do_action(Array)\n#10 /wordpress/wp-admin/includes/plugin.php(703): do_action('activate_asura-...', false)\n#11 /internal/eval.php(20): activate_plugin('asura-connector...')\n#12 {main}\n  thrown in /wordpress/wp-content/plugins/asura-connector/vendor/catfan/medoo/src/Medoo.php on line 476",
    "log": "/logs/plugins/a/attach-files/error.json"
  },
  {
    "message": "Undefined variable $wpdb in /wordpress/wp-content/plugins/attach-files/attach-files.php on line 15",
    "level": "WARNING",
    "type": "PHP",
    "test": "jspi-boot",
    "plugin": "attach-files",
    "details": "[09-May-2025 23:59:09 UTC] PHP Warning:  Undefined variable $wpdb in /wordpress/wp-content/plugins/attach-files/attach-files.php on line 15",
    "log": "/logs/plugins/a/attach-files/error.json"
  },
  {
    "message": "Undefined variable $table_prefix in /wordpress/wp-content/plugins/attach-files/attach-files.php on line 15",
    "level": "WARNING",
    "type": "PHP",
    "test": "jspi-boot",
    "plugin": "attach-files",
    "details": "[09-May-2025 23:59:09 UTC] PHP Warning:  Undefined variable $table_prefix in /wordpress/wp-content/plugins/attach-files/attach-files.php on line 15",
    "log": "/logs/plugins/a/attach-files/error.json"
  },
  {
    "message": "Uncaught Error: Call to a member function get_results() on null in /wordpress/wp-content/plugins/attach-files/attach-files.php:160",
    "level": "FATAL",
    "type": "PHP",
    "test": "jspi-boot",
    "plugin": "attach-files",
    "details": "[09-May-2025 23:59:09 UTC] PHP Fatal error:  Uncaught Error: Call to a member function get_results() on null in /wordpress/wp-content/plugins/attach-files/attach-files.php:160\nStack trace:\n#0 /wordpress/wp-content/plugins/attach-files/attach-files.php(15): af_mysql_table_exists(NULL, 'attached_files_...')\n#1 /wordpress/wp-admin/includes/plugin.php(2387): include_once('/wordpress/wp-c...')\n#2 /wordpress/wp-admin/includes/plugin.php(673): plugin_sandbox_scrape('attach-files/at...')\n#3 /internal/eval.php(20): activate_plugin('attach-files/at...')\n#4 {main}\n  thrown in /wordpress/wp-content/plugins/attach-files/attach-files.php on line 160",
    "log": "/logs/plugins/a/attach-files/error.json"
  },
  {
    "message": "Undefined variable $wpdb in /wordpress/wp-content/plugins/attach-files/attach-files.php on line 15",
    "level": "WARNING",
    "type": "PHP",
    "test": "jspi-boot",
    "plugin": "attach-files",
    "details": "[09-May-2025 23:59:17 UTC] PHP Warning:  Undefined variable $wpdb in /wordpress/wp-content/plugins/attach-files/attach-files.php on line 15",
    "log": "/logs/plugins/a/attach-files/error.json"
  },
  {
    "message": "Undefined variable $table_prefix in /wordpress/wp-content/plugins/attach-files/attach-files.php on line 15",
    "level": "WARNING",
    "type": "PHP",
    "test": "jspi-boot",
    "plugin": "attach-files",
    "details": "[09-May-2025 23:59:17 UTC] PHP Warning:  Undefined variable $table_prefix in /wordpress/wp-content/plugins/attach-files/attach-files.php on line 15",
    "log": "/logs/plugins/a/attach-files/error.json"
  },
  {
    "message": "Uncaught Error: Call to a member function get_results() on null in /wordpress/wp-content/plugins/attach-files/attach-files.php:160",
    "level": "FATAL",
    "type": "PHP",
    "test": "jspi-boot",
    "plugin": "attach-files",
    "details": "[09-May-2025 23:59:17 UTC] PHP Fatal error:  Uncaught Error: Call to a member function get_results() on null in /wordpress/wp-content/plugins/attach-files/attach-files.php:160\nStack trace:\n#0 /wordpress/wp-content/plugins/attach-files/attach-files.php(15): af_mysql_table_exists(NULL, 'attached_files_...')\n#1 /wordpress/wp-admin/includes/plugin.php(2387): include_once('/wordpress/wp-c...')\n#2 /wordpress/wp-admin/includes/plugin.php(673): plugin_sandbox_scrape('attach-files/at...')\n#3 /internal/eval.php(20): activate_plugin('attach-files/at...')\n#4 {main}\n  thrown in /wordpress/wp-content/plugins/attach-files/attach-files.php on line 160",
    "log": "/logs/plugins/a/attach-files/error.json"
  },
  {
    "message": "Undefined variable $wpdb in /wordpress/wp-content/plugins/attach-files/attach-files.php on line 15",
    "level": "WARNING",
    "type": "PHP",
    "test": "jspi-boot",
    "plugin": "attach-files",
    "details": "[09-May-2025 23:59:24 UTC] PHP Warning:  Undefined variable $wpdb in /wordpress/wp-content/plugins/attach-files/attach-files.php on line 15",
    "log": "/logs/plugins/a/attach-files/error.json"
  },
  {
    "message": "Undefined variable $table_prefix in /wordpress/wp-content/plugins/attach-files/attach-files.php on line 15",
    "level": "WARNING",
    "type": "PHP",
    "test": "jspi-boot",
    "plugin": "attach-files",
    "details": "[09-May-2025 23:59:24 UTC] PHP Warning:  Undefined variable $table_prefix in /wordpress/wp-content/plugins/attach-files/attach-files.php on line 15",
    "log": "/logs/plugins/a/attach-files/error.json"
  },
  {
    "message": "Uncaught Error: Call to a member function get_results() on null in /wordpress/wp-content/plugins/attach-files/attach-files.php:160",
    "level": "FATAL",
    "type": "PHP",
    "test": "jspi-boot",
    "plugin": "attach-files",
    "details": "[09-May-2025 23:59:24 UTC] PHP Fatal error:  Uncaught Error: Call to a member function get_results() on null in /wordpress/wp-content/plugins/attach-files/attach-files.php:160\nStack trace:\n#0 /wordpress/wp-content/plugins/attach-files/attach-files.php(15): af_mysql_table_exists(NULL, 'attached_files_...')\n#1 /wordpress/wp-admin/includes/plugin.php(2387): include_once('/wordpress/wp-c...')\n#2 /wordpress/wp-admin/includes/plugin.php(673): plugin_sandbox_scrape('attach-files/at...')\n#3 /internal/eval.php(20): activate_plugin('attach-files/at...')\n#4 {main}\n  thrown in /wordpress/wp-content/plugins/attach-files/attach-files.php on line 160\n\n    at Object.onBind (file:///home/runner/work/playground-tester/playground-tester/node_modules/@wp-playground/cli/index.js:237:15)\n    at process.processTicksAndRejections (node:internal/process/task_queues:105:5)\n    at async V (file:///home/runner/work/playground-tester/playground-tester/node_modules/@wp-playground/cli/index.js:64:10)\n    at async ja (file:///home/runner/work/playground-tester/playground-tester/node_modules/@wp-playground/cli/cli.js:8161:12) {\n  [cause]: Error: Error when executing the blueprint step #1 ({\"step\":\"installPlugin\",\"pluginData\":{\"resource\":\"wordpress.org/plugins\",\"slug\":\"attach-files\"},\"options\":{\"activate\":true}}) : PHP.run() failed with exit code 255 and the following output: \n      at Object.run (file:///home/runner/work/playground-tester/playground-tester/node_modules/@wp-playground/blueprints/index.js:12449:19)\n      at process.processTicksAndRejections (node:internal/process/task_queues:105:5)\n      at async ms (file:///home/runner/work/playground-tester/playground-tester/node_modules/@wp-playground/blueprints/index.js:12552:3)\n      ... 2 lines matching cause stack trace ...\n      at async ja (file:///home/runner/work/playground-tester/playground-tester/node_modules/@wp-playground/cli/cli.js:8161:12) {\n    [cause]: PHPExecutionFailureError: PHP.run() failed with exit code 255 and the following output: \n        at PHP.run (file:///home/runner/work/playground-tester/playground-tester/node_modules/@php-wasm/universal/index.js:987:19)\n        at process.processTicksAndRejections (node:internal/process/task_queues:105:5)\n        at async wr (file:///home/runner/work/playground-tester/playground-tester/node_modules/@wp-playground/blueprints/index.js:33:39)\n        at async Object.gt [as installPlugin] (file:///home/runner/work/playground-tester/playground-tester/node_modules/@wp-playground/blueprints/index.js:974:42)\n        at async g (file:///home/runner/work/playground-tester/playground-tester/node_modules/@wp-playground/blueprints/index.js:12517:30)\n        at async Object.run (file:///home/runner/work/playground-tester/playground-tester/node_modules/@wp-playground/blueprints/index.js:12446:23)\n        at async ms (file:///home/runner/work/playground-tester/playground-tester/node_modules/@wp-playground/blueprints/index.js:12552:3)\n        at async Object.onBind (file:///home/runner/work/playground-tester/playground-tester/node_modules/@wp-playground/cli/index.js:227:48)\n        at async V (file:///home/runner/work/playground-tester/playground-tester/node_modules/@wp-playground/cli/index.js:64:10)\n        at async ja (file:///home/runner/work/playground-tester/playground-tester/node_modules/@wp-playground/cli/cli.js:8161:12) {\n      response: PHPResponse {\n        httpStatusCode: 500,\n        headers: {\n          'x-powered-by': [ 'PHP/8.0.30-dev' ],\n          'content-type': [ 'text/html; charset=UTF-8' ]\n        },\n        bytes: Uint8Array(0) [],\n        exitCode: 255,\n        errors: ''\n      },\n      source: 'request'\n    }\n  }\n}\n\n",
    "log": "/logs/plugins/a/attach-files/error.json"
  }
]
