file:///home/runner/work/playground-tester/playground-tester/node_modules/@wp-playground/cli/run-cli-j-geJYS3.js:325
        throw new Error($, { cause: h });
              ^

Error: [15-Jun-2025 10:30:52 UTC] PHP Notice:  Function _load_textdomain_just_in_time was called <strong>incorrectly</strong>. Translation loading for the <code>woocommerce</code> domain was triggered too early. This is usually an indicator for some code in the plugin or theme running too early. Translations should be loaded at the <code>init</code> action or later. Please see <a href="https://developer.wordpress.org/advanced-administration/debug/debug-wordpress/">Debugging in WordPress</a> for more information. (This message was added in version 6.7.0.) in /wordpress/wp-includes/functions.php on line 6121
[15-Jun-2025 10:31:34 UTC] PHP Notice:  Function _load_textdomain_just_in_time was called <strong>incorrectly</strong>. Translation loading for the <code>woocommerce</code> domain was triggered too early. This is usually an indicator for some code in the plugin or theme running too early. Translations should be loaded at the <code>init</code> action or later. Please see <a href="https://developer.wordpress.org/advanced-administration/debug/debug-wordpress/">Debugging in WordPress</a> for more information. (This message was added in version 6.7.0.) in /wordpress/wp-includes/functions.php on line 6121
[15-Jun-2025 10:32:14 UTC] PHP Notice:  Function _load_textdomain_just_in_time was called <strong>incorrectly</strong>. Translation loading for the <code>woocommerce</code> domain was triggered too early. This is usually an indicator for some code in the plugin or theme running too early. Translations should be loaded at the <code>init</code> action or later. Please see <a href="https://developer.wordpress.org/advanced-administration/debug/debug-wordpress/">Debugging in WordPress</a> for more information. (This message was added in version 6.7.0.) in /wordpress/wp-includes/functions.php on line 6121
[15-Jun-2025 10:33:31 UTC] PHP Warning:  Private methods cannot be final as they are never overridden by other classes in /wordpress/wp-content/plugins/circle-progress-bar/includes/class-circle-progress-bar-singleton.php on line 47
[15-Jun-2025 10:33:32 UTC] PHP Warning:  Private methods cannot be final as they are never overridden by other classes in /wordpress/wp-content/plugins/circle-progress-bar/includes/class-circle-progress-bar-singleton.php on line 47
[15-Jun-2025 10:33:40 UTC] PHP Warning:  Private methods cannot be final as they are never overridden by other classes in /wordpress/wp-content/plugins/circle-progress-bar/includes/class-circle-progress-bar-singleton.php on line 47
[15-Jun-2025 10:33:41 UTC] PHP Warning:  Private methods cannot be final as they are never overridden by other classes in /wordpress/wp-content/plugins/circle-progress-bar/includes/class-circle-progress-bar-singleton.php on line 47
[15-Jun-2025 10:33:49 UTC] PHP Warning:  Private methods cannot be final as they are never overridden by other classes in /wordpress/wp-content/plugins/circle-progress-bar/includes/class-circle-progress-bar-singleton.php on line 47
[15-Jun-2025 10:33:50 UTC] PHP Warning:  Private methods cannot be final as they are never overridden by other classes in /wordpress/wp-content/plugins/circle-progress-bar/includes/class-circle-progress-bar-singleton.php on line 47
[15-Jun-2025 10:33:59 UTC] PHP Warning:  Undefined variable $sql in /wordpress/wp-content/plugins/cleverwise-daily-quotes/dqa.php on line 1037
[15-Jun-2025 10:34:09 UTC] PHP Warning:  Undefined variable $sql in /wordpress/wp-content/plugins/cleverwise-daily-quotes/dqa.php on line 1037
[15-Jun-2025 10:34:19 UTC] PHP Warning:  Undefined variable $sql in /wordpress/wp-content/plugins/cleverwise-daily-quotes/dqa.php on line 1037
[15-Jun-2025 10:34:28 UTC] PHP Fatal error:  Uncaught Error: Call to undefined function create_function() in /wordpress/wp-content/plugins/cocatech-podcast/widget.php:73
Stack trace:
#0 /wordpress/wp-content/plugins/cocatech-podcast/cocatech-podcast.php(12): require_once()
#1 /wordpress/wp-admin/includes/plugin.php(2387): include_once('/wordpress/wp-c...')
#2 /wordpress/wp-admin/includes/plugin.php(673): plugin_sandbox_scrape('cocatech-podcas...')
#3 /internal/eval.php(20): activate_plugin('cocatech-podcas...')
#4 {main}
  thrown in /wordpress/wp-content/plugins/cocatech-podcast/widget.php on line 73
[15-Jun-2025 10:34:37 UTC] PHP Fatal error:  Uncaught Error: Call to undefined function create_function() in /wordpress/wp-content/plugins/cocatech-podcast/widget.php:73
Stack trace:
#0 /wordpress/wp-content/plugins/cocatech-podcast/cocatech-podcast.php(12): require_once()
#1 /wordpress/wp-admin/includes/plugin.php(2387): include_once('/wordpress/wp-c...')
#2 /wordpress/wp-admin/includes/plugin.php(673): plugin_sandbox_scrape('cocatech-podcas...')
#3 /internal/eval.php(20): activate_plugin('cocatech-podcas...')
#4 {main}
  thrown in /wordpress/wp-content/plugins/cocatech-podcast/widget.php on line 73
[15-Jun-2025 10:34:45 UTC] PHP Fatal error:  Uncaught Error: Call to undefined function create_function() in /wordpress/wp-content/plugins/cocatech-podcast/widget.php:73
Stack trace:
#0 /wordpress/wp-content/plugins/cocatech-podcast/cocatech-podcast.php(12): require_once()
#1 /wordpress/wp-admin/includes/plugin.php(2387): include_once('/wordpress/wp-c...')
#2 /wordpress/wp-admin/includes/plugin.php(673): plugin_sandbox_scrape('cocatech-podcas...')
#3 /internal/eval.php(20): activate_plugin('cocatech-podcas...')
#4 {main}
  thrown in /wordpress/wp-content/plugins/cocatech-podcast/widget.php on line 73
[15-Jun-2025 10:34:55 UTC] PHP Fatal error:  Uncaught Error: Call to undefined function create_function() in /wordpress/wp-content/plugins/colorful-text-widget/colorful-text-widget.php:74
Stack trace:
#0 /wordpress/wp-admin/includes/plugin.php(2387): include_once()
#1 /wordpress/wp-admin/includes/plugin.php(673): plugin_sandbox_scrape('colorful-text-w...')
#2 /internal/eval.php(20): activate_plugin('colorful-text-w...')
#3 {main}
  thrown in /wordpress/wp-content/plugins/colorful-text-widget/colorful-text-widget.php on line 74
[15-Jun-2025 10:35:03 UTC] PHP Fatal error:  Uncaught Error: Call to undefined function create_function() in /wordpress/wp-content/plugins/colorful-text-widget/colorful-text-widget.php:74
Stack trace:
#0 /wordpress/wp-admin/includes/plugin.php(2387): include_once()
#1 /wordpress/wp-admin/includes/plugin.php(673): plugin_sandbox_scrape('colorful-text-w...')
#2 /internal/eval.php(20): activate_plugin('colorful-text-w...')
#3 {main}
  thrown in /wordpress/wp-content/plugins/colorful-text-widget/colorful-text-widget.php on line 74
[15-Jun-2025 10:35:11 UTC] PHP Fatal error:  Uncaught Error: Call to undefined function create_function() in /wordpress/wp-content/plugins/colorful-text-widget/colorful-text-widget.php:74
Stack trace:
#0 /wordpress/wp-admin/includes/plugin.php(2387): include_once()
#1 /wordpress/wp-admin/includes/plugin.php(673): plugin_sandbox_scrape('colorful-text-w...')
#2 /internal/eval.php(20): activate_plugin('colorful-text-w...')
#3 {main}
  thrown in /wordpress/wp-content/plugins/colorful-text-widget/colorful-text-widget.php on line 74
[15-Jun-2025 10:35:22 UTC] PHP Warning:  Undefined variable $slug in /wordpress/wp-content/plugins/companion-portfolio/companion_portfolio.php on line 87
[15-Jun-2025 10:35:31 UTC] PHP Warning:  Undefined variable $slug in /wordpress/wp-content/plugins/companion-portfolio/companion_portfolio.php on line 87
[15-Jun-2025 10:35:40 UTC] PHP Warning:  Undefined variable $slug in /wordpress/wp-content/plugins/companion-portfolio/companion_portfolio.php on line 87
[15-Jun-2025 10:38:33 UTC] PHP Deprecated:  Required parameter $convers8_user_id follows optional parameter $status in /wordpress/wp-content/plugins/convers8/connect.php on line 80
[15-Jun-2025 10:38:33 UTC] PHP Deprecated:  File registration.php is <strong>deprecated</strong> since version 3.1.0 with no alternative available. This file no longer needs to be included. in /wordpress/wp-includes/functions.php on line 6121
[15-Jun-2025 10:38:33 UTC] PHP Fatal error:  Uncaught Error: Undefined constant "CONVERS8_LOGIN_FAILED" in /wordpress/wp-content/plugins/convers8/connect.php:4
Stack trace:
#0 /wordpress/wp-content/plugins/convers8/Convers8.php(20): include_once()
#1 /wordpress/wp-admin/includes/plugin.php(2387): include_once('/wordpress/wp-c...')
#2 /wordpress/wp-admin/includes/plugin.php(673): plugin_sandbox_scrape('convers8/Conver...')
#3 /internal/eval.php(20): activate_plugin('convers8/Conver...')
#4 {main}
  thrown in /wordpress/wp-content/plugins/convers8/connect.php on line 4
[15-Jun-2025 10:38:42 UTC] PHP Deprecated:  Required parameter $convers8_user_id follows optional parameter $status in /wordpress/wp-content/plugins/convers8/connect.php on line 80
[15-Jun-2025 10:38:42 UTC] PHP Deprecated:  File registration.php is <strong>deprecated</strong> since version 3.1.0 with no alternative available. This file no longer needs to be included. in /wordpress/wp-includes/functions.php on line 6121
[15-Jun-2025 10:38:42 UTC] PHP Fatal error:  Uncaught Error: Undefined constant "CONVERS8_LOGIN_FAILED" in /wordpress/wp-content/plugins/convers8/connect.php:4
Stack trace:
#0 /wordpress/wp-content/plugins/convers8/Convers8.php(20): include_once()
#1 /wordpress/wp-admin/includes/plugin.php(2387): include_once('/wordpress/wp-c...')
#2 /wordpress/wp-admin/includes/plugin.php(673): plugin_sandbox_scrape('convers8/Conver...')
#3 /internal/eval.php(20): activate_plugin('convers8/Conver...')
#4 {main}
  thrown in /wordpress/wp-content/plugins/convers8/connect.php on line 4
[15-Jun-2025 10:38:51 UTC] PHP Deprecated:  Required parameter $convers8_user_id follows optional parameter $status in /wordpress/wp-content/plugins/convers8/connect.php on line 80
[15-Jun-2025 10:38:51 UTC] PHP Deprecated:  File registration.php is <strong>deprecated</strong> since version 3.1.0 with no alternative available. This file no longer needs to be included. in /wordpress/wp-includes/functions.php on line 6121
[15-Jun-2025 10:38:51 UTC] PHP Fatal error:  Uncaught Error: Undefined constant "CONVERS8_LOGIN_FAILED" in /wordpress/wp-content/plugins/convers8/connect.php:4
Stack trace:
#0 /wordpress/wp-content/plugins/convers8/Convers8.php(20): include_once()
#1 /wordpress/wp-admin/includes/plugin.php(2387): include_once('/wordpress/wp-c...')
#2 /wordpress/wp-admin/includes/plugin.php(673): plugin_sandbox_scrape('convers8/Conver...')
#3 /internal/eval.php(20): activate_plugin('convers8/Conver...')
#4 {main}
  thrown in /wordpress/wp-content/plugins/convers8/connect.php on line 4

    at Object.onBind (file:///home/runner/work/playground-tester/playground-tester/node_modules/@wp-playground/cli/run-cli-j-geJYS3.js:325:15)
    at process.processTicksAndRejections (node:internal/process/task_queues:105:5)
    at async re (file:///home/runner/work/playground-tester/playground-tester/node_modules/@wp-playground/cli/run-cli-j-geJYS3.js:149:10) {
  [cause]: Error: Error when executing the blueprint step #1 ({"step":"installPlugin","pluginData":{"resource":"wordpress.org/plugins","slug":"convers8"},"options":{"activate":true}}) : PHP.run() failed with exit code 255 and the following output: 
      at Object.run (file:///home/runner/work/playground-tester/playground-tester/node_modules/@wp-playground/blueprints/index.js:12093:19)
      at process.processTicksAndRejections (node:internal/process/task_queues:105:5)
      at async ys (file:///home/runner/work/playground-tester/playground-tester/node_modules/@wp-playground/blueprints/index.js:12196:3)
      at async Object.onBind (file:///home/runner/work/playground-tester/playground-tester/node_modules/@wp-playground/cli/run-cli-j-geJYS3.js:315:48)
      at async re (file:///home/runner/work/playground-tester/playground-tester/node_modules/@wp-playground/cli/run-cli-j-geJYS3.js:149:10) {
    [cause]: PHPExecutionFailureError: PHP.run() failed with exit code 255 and the following output: 
        at PHP.run (file:///home/runner/work/playground-tester/playground-tester/node_modules/@php-wasm/universal/index.js:1034:19)
        at process.processTicksAndRejections (node:internal/process/task_queues:105:5)
        at async wr (file:///home/runner/work/playground-tester/playground-tester/node_modules/@wp-playground/blueprints/index.js:34:39)
        at async Object.gt [as installPlugin] (file:///home/runner/work/playground-tester/playground-tester/node_modules/@wp-playground/blueprints/index.js:631:42)
        at async g (file:///home/runner/work/playground-tester/playground-tester/node_modules/@wp-playground/blueprints/index.js:12161:30)
        at async Object.run (file:///home/runner/work/playground-tester/playground-tester/node_modules/@wp-playground/blueprints/index.js:12090:23)
        at async ys (file:///home/runner/work/playground-tester/playground-tester/node_modules/@wp-playground/blueprints/index.js:12196:3)
        at async Object.onBind (file:///home/runner/work/playground-tester/playground-tester/node_modules/@wp-playground/cli/run-cli-j-geJYS3.js:315:48)
        at async re (file:///home/runner/work/playground-tester/playground-tester/node_modules/@wp-playground/cli/run-cli-j-geJYS3.js:149:10) {
      response: PHPResponse {
        httpStatusCode: 500,
        headers: {
          'x-powered-by': [ 'PHP/8.0.30-dev' ],
          'content-type': [ 'text/html; charset=UTF-8' ]
        },
        bytes: Uint8Array(0) [],
        exitCode: 255,
        errors: ''
      },
      source: 'request'
    }
  }
}

Node.js v23.11.0
