[
{"message":"file:///home/runner/work/playground-tester/playground-tester/node_modules/@wp-playground/cli/index.js:237\n        throw new Error(y, { cause: u });\n              ^\n","level":"FATAL","type":"PLAYGROUND","test":"jspi-boot","plugin":"wp-auto-backup","details":"file:///home/runner/work/playground-tester/playground-tester/node_modules/@wp-playground/cli/index.js:237\n        throw new Error(y, { cause: u });\n              ^\n","log":"/tmp/tmp.QBYL1G27fP"}
,
{"message":"Required parameter $paging_variables follows optional parameter $paging_base_link in /wordpress/wp-content/plugins/wpseokit/plugin/plugin_class.inc.php on line 284","level":"DEPRECATED","type":"PHP","test":"jspi-boot","plugin":"wp-auto-backup","details":"[06-May-2025 21:29:33 UTC] PHP Deprecated:  Required parameter $paging_variables follows optional parameter $paging_base_link in /wordpress/wp-content/plugins/wpseokit/plugin/plugin_class.inc.php on line 284","log":"/logs/plugins/w/wp-auto-backup/error.json"}
,
{"message":"Required parameter $paging_total_results follows optional parameter $paging_base_link in /wordpress/wp-content/plugins/wpseokit/plugin/plugin_class.inc.php on line 284","level":"DEPRECATED","type":"PHP","test":"jspi-boot","plugin":"wp-auto-backup","details":"[06-May-2025 21:29:33 UTC] PHP Deprecated:  Required parameter $paging_total_results follows optional parameter $paging_base_link in /wordpress/wp-content/plugins/wpseokit/plugin/plugin_class.inc.php on line 284","log":"/logs/plugins/w/wp-auto-backup/error.json"}
,
{"message":"Function register_uninstall_hook was called <strong>incorrectly</strong>. Only a static class method or function can be used in an uninstall hook. Please see <a href=\"https://developer.wordpress.org/advanced-administration/debug/debug-wordpress/\">Debugging in WordPress</a> for more information. (This message was added in version 3.1.0.) in /wordpress/wp-includes/functions.php on line 6121","level":"NOTICE","type":"PHP","test":"jspi-boot","plugin":"wp-auto-backup","details":"[06-May-2025 21:29:33 UTC] PHP Notice:  Function register_uninstall_hook was called <strong>incorrectly</strong>. Only a static class method or function can be used in an uninstall hook. Please see <a href=\"https://developer.wordpress.org/advanced-administration/debug/debug-wordpress/\">Debugging in WordPress</a> for more information. (This message was added in version 3.1.0.) in /wordpress/wp-includes/functions.php on line 6121","log":"/logs/plugins/w/wp-auto-backup/error.json"}
,
{"message":"Undefined property: wpseokit::$pp_plugin_name_wp in /wordpress/wp-content/plugins/wpseokit/plugin/plugin_class.inc.php on line 39","level":"WARNING","type":"PHP","test":"jspi-boot","plugin":"wp-auto-backup","details":"[06-May-2025 21:29:33 UTC] PHP Warning:  Undefined property: wpseokit::$pp_plugin_name_wp in /wordpress/wp-content/plugins/wpseokit/plugin/plugin_class.inc.php on line 39","log":"/logs/plugins/w/wp-auto-backup/error.json"}
,
{"message":"Trying to access array offset on value of type bool in /wordpress/wp-content/plugins/wpseokit/plugin/plugin_class.inc.php on line 41","level":"WARNING","type":"PHP","test":"jspi-boot","plugin":"wp-auto-backup","details":"[06-May-2025 21:29:33 UTC] PHP Warning:  Trying to access array offset on value of type bool in /wordpress/wp-content/plugins/wpseokit/plugin/plugin_class.inc.php on line 41","log":"/logs/plugins/w/wp-auto-backup/error.json"}
,
{"message":"Trying to access array offset on value of type bool in /wordpress/wp-content/plugins/wpseokit/plugin/plugin_class.inc.php on line 42","level":"WARNING","type":"PHP","test":"jspi-boot","plugin":"wp-auto-backup","details":"[06-May-2025 21:29:33 UTC] PHP Warning:  Trying to access array offset on value of type bool in /wordpress/wp-content/plugins/wpseokit/plugin/plugin_class.inc.php on line 42","log":"/logs/plugins/w/wp-auto-backup/error.json"}
,
{"message":"Trying to access array offset on value of type bool in /wordpress/wp-content/plugins/wpseokit/plugin/plugin_class.inc.php on line 45","level":"WARNING","type":"PHP","test":"jspi-boot","plugin":"wp-auto-backup","details":"[06-May-2025 21:29:33 UTC] PHP Warning:  Trying to access array offset on value of type bool in /wordpress/wp-content/plugins/wpseokit/plugin/plugin_class.inc.php on line 45","log":"/logs/plugins/w/wp-auto-backup/error.json"}
,
{"message":"Required parameter $paging_variables follows optional parameter $paging_base_link in /wordpress/wp-content/plugins/wpseokit/plugin/plugin_class.inc.php on line 284","level":"DEPRECATED","type":"PHP","test":"jspi-boot","plugin":"wp-auto-backup","details":"[06-May-2025 21:29:33 UTC] PHP Deprecated:  Required parameter $paging_variables follows optional parameter $paging_base_link in /wordpress/wp-content/plugins/wpseokit/plugin/plugin_class.inc.php on line 284","log":"/logs/plugins/w/wp-auto-backup/error.json"}
,
{"message":"Required parameter $paging_total_results follows optional parameter $paging_base_link in /wordpress/wp-content/plugins/wpseokit/plugin/plugin_class.inc.php on line 284","level":"DEPRECATED","type":"PHP","test":"jspi-boot","plugin":"wp-auto-backup","details":"[06-May-2025 21:29:33 UTC] PHP Deprecated:  Required parameter $paging_total_results follows optional parameter $paging_base_link in /wordpress/wp-content/plugins/wpseokit/plugin/plugin_class.inc.php on line 284","log":"/logs/plugins/w/wp-auto-backup/error.json"}
,
{"message":"Function register_uninstall_hook was called <strong>incorrectly</strong>. Only a static class method or function can be used in an uninstall hook. Please see <a href=\"https://developer.wordpress.org/advanced-administration/debug/debug-wordpress/\">Debugging in WordPress</a> for more information. (This message was added in version 3.1.0.) in /wordpress/wp-includes/functions.php on line 6121","level":"NOTICE","type":"PHP","test":"jspi-boot","plugin":"wp-auto-backup","details":"[06-May-2025 21:29:33 UTC] PHP Notice:  Function register_uninstall_hook was called <strong>incorrectly</strong>. Only a static class method or function can be used in an uninstall hook. Please see <a href=\"https://developer.wordpress.org/advanced-administration/debug/debug-wordpress/\">Debugging in WordPress</a> for more information. (This message was added in version 3.1.0.) in /wordpress/wp-includes/functions.php on line 6121","log":"/logs/plugins/w/wp-auto-backup/error.json"}
,
{"message":"Undefined array key \"HTTP_REFERER\" in /wordpress/wp-content/plugins/wpseokit/plugin/plugin_class.inc.php on line 921","level":"WARNING","type":"PHP","test":"jspi-boot","plugin":"wp-auto-backup","details":"[06-May-2025 21:29:34 UTC] PHP Warning:  Undefined array key \"HTTP_REFERER\" in /wordpress/wp-content/plugins/wpseokit/plugin/plugin_class.inc.php on line 921","log":"/logs/plugins/w/wp-auto-backup/error.json"}
,
{"message":"Required parameter $paging_variables follows optional parameter $paging_base_link in /wordpress/wp-content/plugins/wpseokit/plugin/plugin_class.inc.php on line 284","level":"DEPRECATED","type":"PHP","test":"jspi-boot","plugin":"wp-auto-backup","details":"[06-May-2025 21:29:40 UTC] PHP Deprecated:  Required parameter $paging_variables follows optional parameter $paging_base_link in /wordpress/wp-content/plugins/wpseokit/plugin/plugin_class.inc.php on line 284","log":"/logs/plugins/w/wp-auto-backup/error.json"}
,
{"message":"Required parameter $paging_total_results follows optional parameter $paging_base_link in /wordpress/wp-content/plugins/wpseokit/plugin/plugin_class.inc.php on line 284","level":"DEPRECATED","type":"PHP","test":"jspi-boot","plugin":"wp-auto-backup","details":"[06-May-2025 21:29:40 UTC] PHP Deprecated:  Required parameter $paging_total_results follows optional parameter $paging_base_link in /wordpress/wp-content/plugins/wpseokit/plugin/plugin_class.inc.php on line 284","log":"/logs/plugins/w/wp-auto-backup/error.json"}
,
{"message":"Function register_uninstall_hook was called <strong>incorrectly</strong>. Only a static class method or function can be used in an uninstall hook. Please see <a href=\"https://developer.wordpress.org/advanced-administration/debug/debug-wordpress/\">Debugging in WordPress</a> for more information. (This message was added in version 3.1.0.) in /wordpress/wp-includes/functions.php on line 6121","level":"NOTICE","type":"PHP","test":"jspi-boot","plugin":"wp-auto-backup","details":"[06-May-2025 21:29:40 UTC] PHP Notice:  Function register_uninstall_hook was called <strong>incorrectly</strong>. Only a static class method or function can be used in an uninstall hook. Please see <a href=\"https://developer.wordpress.org/advanced-administration/debug/debug-wordpress/\">Debugging in WordPress</a> for more information. (This message was added in version 3.1.0.) in /wordpress/wp-includes/functions.php on line 6121","log":"/logs/plugins/w/wp-auto-backup/error.json"}
,
{"message":"Undefined property: wpseokit::$pp_plugin_name_wp in /wordpress/wp-content/plugins/wpseokit/plugin/plugin_class.inc.php on line 39","level":"WARNING","type":"PHP","test":"jspi-boot","plugin":"wp-auto-backup","details":"[06-May-2025 21:29:40 UTC] PHP Warning:  Undefined property: wpseokit::$pp_plugin_name_wp in /wordpress/wp-content/plugins/wpseokit/plugin/plugin_class.inc.php on line 39","log":"/logs/plugins/w/wp-auto-backup/error.json"}
,
{"message":"Trying to access array offset on value of type bool in /wordpress/wp-content/plugins/wpseokit/plugin/plugin_class.inc.php on line 41","level":"WARNING","type":"PHP","test":"jspi-boot","plugin":"wp-auto-backup","details":"[06-May-2025 21:29:40 UTC] PHP Warning:  Trying to access array offset on value of type bool in /wordpress/wp-content/plugins/wpseokit/plugin/plugin_class.inc.php on line 41","log":"/logs/plugins/w/wp-auto-backup/error.json"}
,
{"message":"Trying to access array offset on value of type bool in /wordpress/wp-content/plugins/wpseokit/plugin/plugin_class.inc.php on line 42","level":"WARNING","type":"PHP","test":"jspi-boot","plugin":"wp-auto-backup","details":"[06-May-2025 21:29:40 UTC] PHP Warning:  Trying to access array offset on value of type bool in /wordpress/wp-content/plugins/wpseokit/plugin/plugin_class.inc.php on line 42","log":"/logs/plugins/w/wp-auto-backup/error.json"}
,
{"message":"Trying to access array offset on value of type bool in /wordpress/wp-content/plugins/wpseokit/plugin/plugin_class.inc.php on line 45","level":"WARNING","type":"PHP","test":"jspi-boot","plugin":"wp-auto-backup","details":"[06-May-2025 21:29:40 UTC] PHP Warning:  Trying to access array offset on value of type bool in /wordpress/wp-content/plugins/wpseokit/plugin/plugin_class.inc.php on line 45","log":"/logs/plugins/w/wp-auto-backup/error.json"}
,
{"message":"Required parameter $paging_variables follows optional parameter $paging_base_link in /wordpress/wp-content/plugins/wpseokit/plugin/plugin_class.inc.php on line 284","level":"DEPRECATED","type":"PHP","test":"jspi-boot","plugin":"wp-auto-backup","details":"[06-May-2025 21:29:41 UTC] PHP Deprecated:  Required parameter $paging_variables follows optional parameter $paging_base_link in /wordpress/wp-content/plugins/wpseokit/plugin/plugin_class.inc.php on line 284","log":"/logs/plugins/w/wp-auto-backup/error.json"}
,
{"message":"Required parameter $paging_total_results follows optional parameter $paging_base_link in /wordpress/wp-content/plugins/wpseokit/plugin/plugin_class.inc.php on line 284","level":"DEPRECATED","type":"PHP","test":"jspi-boot","plugin":"wp-auto-backup","details":"[06-May-2025 21:29:41 UTC] PHP Deprecated:  Required parameter $paging_total_results follows optional parameter $paging_base_link in /wordpress/wp-content/plugins/wpseokit/plugin/plugin_class.inc.php on line 284","log":"/logs/plugins/w/wp-auto-backup/error.json"}
,
{"message":"Function register_uninstall_hook was called <strong>incorrectly</strong>. Only a static class method or function can be used in an uninstall hook. Please see <a href=\"https://developer.wordpress.org/advanced-administration/debug/debug-wordpress/\">Debugging in WordPress</a> for more information. (This message was added in version 3.1.0.) in /wordpress/wp-includes/functions.php on line 6121","level":"NOTICE","type":"PHP","test":"jspi-boot","plugin":"wp-auto-backup","details":"[06-May-2025 21:29:41 UTC] PHP Notice:  Function register_uninstall_hook was called <strong>incorrectly</strong>. Only a static class method or function can be used in an uninstall hook. Please see <a href=\"https://developer.wordpress.org/advanced-administration/debug/debug-wordpress/\">Debugging in WordPress</a> for more information. (This message was added in version 3.1.0.) in /wordpress/wp-includes/functions.php on line 6121","log":"/logs/plugins/w/wp-auto-backup/error.json"}
,
{"message":"Undefined array key \"HTTP_REFERER\" in /wordpress/wp-content/plugins/wpseokit/plugin/plugin_class.inc.php on line 921","level":"WARNING","type":"PHP","test":"jspi-boot","plugin":"wp-auto-backup","details":"[06-May-2025 21:29:41 UTC] PHP Warning:  Undefined array key \"HTTP_REFERER\" in /wordpress/wp-content/plugins/wpseokit/plugin/plugin_class.inc.php on line 921","log":"/logs/plugins/w/wp-auto-backup/error.json"}
,
{"message":"Required parameter $paging_variables follows optional parameter $paging_base_link in /wordpress/wp-content/plugins/wpseokit/plugin/plugin_class.inc.php on line 284","level":"DEPRECATED","type":"PHP","test":"jspi-boot","plugin":"wp-auto-backup","details":"[06-May-2025 21:29:49 UTC] PHP Deprecated:  Required parameter $paging_variables follows optional parameter $paging_base_link in /wordpress/wp-content/plugins/wpseokit/plugin/plugin_class.inc.php on line 284","log":"/logs/plugins/w/wp-auto-backup/error.json"}
,
{"message":"Required parameter $paging_total_results follows optional parameter $paging_base_link in /wordpress/wp-content/plugins/wpseokit/plugin/plugin_class.inc.php on line 284","level":"DEPRECATED","type":"PHP","test":"jspi-boot","plugin":"wp-auto-backup","details":"[06-May-2025 21:29:49 UTC] PHP Deprecated:  Required parameter $paging_total_results follows optional parameter $paging_base_link in /wordpress/wp-content/plugins/wpseokit/plugin/plugin_class.inc.php on line 284","log":"/logs/plugins/w/wp-auto-backup/error.json"}
,
{"message":"Function register_uninstall_hook was called <strong>incorrectly</strong>. Only a static class method or function can be used in an uninstall hook. Please see <a href=\"https://developer.wordpress.org/advanced-administration/debug/debug-wordpress/\">Debugging in WordPress</a> for more information. (This message was added in version 3.1.0.) in /wordpress/wp-includes/functions.php on line 6121","level":"NOTICE","type":"PHP","test":"jspi-boot","plugin":"wp-auto-backup","details":"[06-May-2025 21:29:49 UTC] PHP Notice:  Function register_uninstall_hook was called <strong>incorrectly</strong>. Only a static class method or function can be used in an uninstall hook. Please see <a href=\"https://developer.wordpress.org/advanced-administration/debug/debug-wordpress/\">Debugging in WordPress</a> for more information. (This message was added in version 3.1.0.) in /wordpress/wp-includes/functions.php on line 6121","log":"/logs/plugins/w/wp-auto-backup/error.json"}
,
{"message":"Undefined property: wpseokit::$pp_plugin_name_wp in /wordpress/wp-content/plugins/wpseokit/plugin/plugin_class.inc.php on line 39","level":"WARNING","type":"PHP","test":"jspi-boot","plugin":"wp-auto-backup","details":"[06-May-2025 21:29:49 UTC] PHP Warning:  Undefined property: wpseokit::$pp_plugin_name_wp in /wordpress/wp-content/plugins/wpseokit/plugin/plugin_class.inc.php on line 39","log":"/logs/plugins/w/wp-auto-backup/error.json"}
,
{"message":"Trying to access array offset on value of type bool in /wordpress/wp-content/plugins/wpseokit/plugin/plugin_class.inc.php on line 41","level":"WARNING","type":"PHP","test":"jspi-boot","plugin":"wp-auto-backup","details":"[06-May-2025 21:29:49 UTC] PHP Warning:  Trying to access array offset on value of type bool in /wordpress/wp-content/plugins/wpseokit/plugin/plugin_class.inc.php on line 41","log":"/logs/plugins/w/wp-auto-backup/error.json"}
,
{"message":"Trying to access array offset on value of type bool in /wordpress/wp-content/plugins/wpseokit/plugin/plugin_class.inc.php on line 42","level":"WARNING","type":"PHP","test":"jspi-boot","plugin":"wp-auto-backup","details":"[06-May-2025 21:29:49 UTC] PHP Warning:  Trying to access array offset on value of type bool in /wordpress/wp-content/plugins/wpseokit/plugin/plugin_class.inc.php on line 42","log":"/logs/plugins/w/wp-auto-backup/error.json"}
,
{"message":"Trying to access array offset on value of type bool in /wordpress/wp-content/plugins/wpseokit/plugin/plugin_class.inc.php on line 45","level":"WARNING","type":"PHP","test":"jspi-boot","plugin":"wp-auto-backup","details":"[06-May-2025 21:29:49 UTC] PHP Warning:  Trying to access array offset on value of type bool in /wordpress/wp-content/plugins/wpseokit/plugin/plugin_class.inc.php on line 45","log":"/logs/plugins/w/wp-auto-backup/error.json"}
,
{"message":"Required parameter $paging_variables follows optional parameter $paging_base_link in /wordpress/wp-content/plugins/wpseokit/plugin/plugin_class.inc.php on line 284","level":"DEPRECATED","type":"PHP","test":"jspi-boot","plugin":"wp-auto-backup","details":"[06-May-2025 21:29:50 UTC] PHP Deprecated:  Required parameter $paging_variables follows optional parameter $paging_base_link in /wordpress/wp-content/plugins/wpseokit/plugin/plugin_class.inc.php on line 284","log":"/logs/plugins/w/wp-auto-backup/error.json"}
,
{"message":"Required parameter $paging_total_results follows optional parameter $paging_base_link in /wordpress/wp-content/plugins/wpseokit/plugin/plugin_class.inc.php on line 284","level":"DEPRECATED","type":"PHP","test":"jspi-boot","plugin":"wp-auto-backup","details":"[06-May-2025 21:29:50 UTC] PHP Deprecated:  Required parameter $paging_total_results follows optional parameter $paging_base_link in /wordpress/wp-content/plugins/wpseokit/plugin/plugin_class.inc.php on line 284","log":"/logs/plugins/w/wp-auto-backup/error.json"}
,
{"message":"Function register_uninstall_hook was called <strong>incorrectly</strong>. Only a static class method or function can be used in an uninstall hook. Please see <a href=\"https://developer.wordpress.org/advanced-administration/debug/debug-wordpress/\">Debugging in WordPress</a> for more information. (This message was added in version 3.1.0.) in /wordpress/wp-includes/functions.php on line 6121","level":"NOTICE","type":"PHP","test":"jspi-boot","plugin":"wp-auto-backup","details":"[06-May-2025 21:29:50 UTC] PHP Notice:  Function register_uninstall_hook was called <strong>incorrectly</strong>. Only a static class method or function can be used in an uninstall hook. Please see <a href=\"https://developer.wordpress.org/advanced-administration/debug/debug-wordpress/\">Debugging in WordPress</a> for more information. (This message was added in version 3.1.0.) in /wordpress/wp-includes/functions.php on line 6121","log":"/logs/plugins/w/wp-auto-backup/error.json"}
,
{"message":"Undefined array key \"HTTP_REFERER\" in /wordpress/wp-content/plugins/wpseokit/plugin/plugin_class.inc.php on line 921","level":"WARNING","type":"PHP","test":"jspi-boot","plugin":"wp-auto-backup","details":"[06-May-2025 21:29:50 UTC] PHP Warning:  Undefined array key \"HTTP_REFERER\" in /wordpress/wp-content/plugins/wpseokit/plugin/plugin_class.inc.php on line 921","log":"/logs/plugins/w/wp-auto-backup/error.json"}
,
{"message":"Undefined variable $Base_name in /wordpress/wp-content/plugins/wp-auto-backup/Data.php on line 47","level":"WARNING","type":"PHP","test":"jspi-boot","plugin":"wp-auto-backup","details":"[06-May-2025 21:30:28 UTC] PHP Warning:  Undefined variable $Base_name in /wordpress/wp-content/plugins/wp-auto-backup/Data.php on line 47","log":"/logs/plugins/w/wp-auto-backup/error.json"}
,
{"message":"Uncaught PDOException: SQLSTATE[HY000] [2002] Address family not supported by protocol in /wordpress/wp-content/plugins/wp-auto-backup/Store.class.php:16","level":"FATAL","type":"PHP","test":"jspi-boot","plugin":"wp-auto-backup","details":"[06-May-2025 21:30:29 UTC] PHP Fatal error:  Uncaught PDOException: SQLSTATE[HY000] [2002] Address family not supported by protocol in /wordpress/wp-content/plugins/wp-auto-backup/Store.class.php:16\nStack trace:\n#0 /wordpress/wp-content/plugins/wp-auto-backup/Store.class.php(16): PDO->__construct('mysql:host=;dbn...', '', '')\n#1 /wordpress/wp-content/plugins/wp-auto-backup/Store.class.php(44): dj_store->Open_DataBase()\n#2 /wordpress/wp-content/plugins/wp-auto-backup/Database_Backup.php(361): dj_store->Sql_Operation_WR('\\nCREATE TABLE I...')\n#3 /wordpress/wp-content/plugins/wp-auto-backup/Main.php(61): dj_operation->Create_BackUp_Table()\n#4 /wordpress/wp-includes/class-wp-hook.php(324): dj_databases_backup->create_options_table('')\n#5 /wordpress/wp-includes/class-wp-hook.php(348): WP_Hook->apply_filters(NULL, Array)\n#6 /wordpress/wp-includes/plugin.php(517): WP_Hook->do_action(Array)\n#7 /wordpress/wp-settings.php(727): do_action('init')\n#8 /wordpress/wp-config.php(102): require_once('/wordpress/wp-s...')\n#9 /wordpress/wp-load.php(50): require_once('/wordpress/wp-c...')\n#10 /internal/eval.php(3): require_once('/wordpress/wp-l...')\n#11 {main}\n  thrown in /wordpress/wp-content/plugins/wp-auto-backup/Store.class.php on line 16","log":"/logs/plugins/w/wp-auto-backup/error.json"}
,
{"message":"Undefined variable $Base_name in /wordpress/wp-content/plugins/wp-auto-backup/Data.php on line 47","level":"WARNING","type":"PHP","test":"jspi-boot","plugin":"wp-auto-backup","details":"[06-May-2025 21:30:37 UTC] PHP Warning:  Undefined variable $Base_name in /wordpress/wp-content/plugins/wp-auto-backup/Data.php on line 47","log":"/logs/plugins/w/wp-auto-backup/error.json"}
,
{"message":"Uncaught PDOException: SQLSTATE[HY000] [2002] Address family not supported by protocol in /wordpress/wp-content/plugins/wp-auto-backup/Store.class.php:16","level":"FATAL","type":"PHP","test":"jspi-boot","plugin":"wp-auto-backup","details":"[06-May-2025 21:30:38 UTC] PHP Fatal error:  Uncaught PDOException: SQLSTATE[HY000] [2002] Address family not supported by protocol in /wordpress/wp-content/plugins/wp-auto-backup/Store.class.php:16\nStack trace:\n#0 /wordpress/wp-content/plugins/wp-auto-backup/Store.class.php(16): PDO->__construct('mysql:host=;dbn...', '', '')\n#1 /wordpress/wp-content/plugins/wp-auto-backup/Store.class.php(44): dj_store->Open_DataBase()\n#2 /wordpress/wp-content/plugins/wp-auto-backup/Database_Backup.php(361): dj_store->Sql_Operation_WR('\\nCREATE TABLE I...')\n#3 /wordpress/wp-content/plugins/wp-auto-backup/Main.php(61): dj_operation->Create_BackUp_Table()\n#4 /wordpress/wp-includes/class-wp-hook.php(324): dj_databases_backup->create_options_table('')\n#5 /wordpress/wp-includes/class-wp-hook.php(348): WP_Hook->apply_filters(NULL, Array)\n#6 /wordpress/wp-includes/plugin.php(517): WP_Hook->do_action(Array)\n#7 /wordpress/wp-settings.php(727): do_action('init')\n#8 /wordpress/wp-config.php(102): require_once('/wordpress/wp-s...')\n#9 /wordpress/wp-load.php(50): require_once('/wordpress/wp-c...')\n#10 /internal/eval.php(3): require_once('/wordpress/wp-l...')\n#11 {main}\n  thrown in /wordpress/wp-content/plugins/wp-auto-backup/Store.class.php on line 16","log":"/logs/plugins/w/wp-auto-backup/error.json"}
,
{"message":"Undefined variable $Base_name in /wordpress/wp-content/plugins/wp-auto-backup/Data.php on line 47","level":"WARNING","type":"PHP","test":"jspi-boot","plugin":"wp-auto-backup","details":"[06-May-2025 21:30:46 UTC] PHP Warning:  Undefined variable $Base_name in /wordpress/wp-content/plugins/wp-auto-backup/Data.php on line 47","log":"/logs/plugins/w/wp-auto-backup/error.json"}
,
{"message":"Uncaught PDOException: SQLSTATE[HY000] [2002] Address family not supported by protocol in /wordpress/wp-content/plugins/wp-auto-backup/Store.class.php:16","level":"FATAL","type":"PHP","test":"jspi-boot","plugin":"wp-auto-backup","details":"[06-May-2025 21:30:48 UTC] PHP Fatal error:  Uncaught PDOException: SQLSTATE[HY000] [2002] Address family not supported by protocol in /wordpress/wp-content/plugins/wp-auto-backup/Store.class.php:16\nStack trace:\n#0 /wordpress/wp-content/plugins/wp-auto-backup/Store.class.php(16): PDO->__construct('mysql:host=;dbn...', '', '')\n#1 /wordpress/wp-content/plugins/wp-auto-backup/Store.class.php(44): dj_store->Open_DataBase()\n#2 /wordpress/wp-content/plugins/wp-auto-backup/Database_Backup.php(361): dj_store->Sql_Operation_WR('\\nCREATE TABLE I...')\n#3 /wordpress/wp-content/plugins/wp-auto-backup/Main.php(61): dj_operation->Create_BackUp_Table()\n#4 /wordpress/wp-includes/class-wp-hook.php(324): dj_databases_backup->create_options_table('')\n#5 /wordpress/wp-includes/class-wp-hook.php(348): WP_Hook->apply_filters(NULL, Array)\n#6 /wordpress/wp-includes/plugin.php(517): WP_Hook->do_action(Array)\n#7 /wordpress/wp-settings.php(727): do_action('init')\n#8 /wordpress/wp-config.php(102): require_once('/wordpress/wp-s...')\n#9 /wordpress/wp-load.php(50): require_once('/wordpress/wp-c...')\n#10 /internal/eval.php(3): require_once('/wordpress/wp-l...')\n#11 {main}\n  thrown in /wordpress/wp-content/plugins/wp-auto-backup/Store.class.php on line 16\n\n    at Object.onBind (file:///home/runner/work/playground-tester/playground-tester/node_modules/@wp-playground/cli/index.js:237:15)\n    at process.processTicksAndRejections (node:internal/process/task_queues:105:5)\n    at async V (file:///home/runner/work/playground-tester/playground-tester/node_modules/@wp-playground/cli/index.js:64:10)\n    at async ja (file:///home/runner/work/playground-tester/playground-tester/node_modules/@wp-playground/cli/cli.js:8161:12) {\n  [cause]: Error: Error when executing the blueprint step #1 ({\"step\":\"installPlugin\",\"pluginData\":{\"resource\":\"wordpress.org/plugins\",\"slug\":\"wp-auto-backup\"},\"options\":{\"activate\":true}}) : PHP.run() failed with exit code 255 and the following output: \n      at Object.run (file:///home/runner/work/playground-tester/playground-tester/node_modules/@wp-playground/blueprints/index.js:12449:19)\n      at process.processTicksAndRejections (node:internal/process/task_queues:105:5)\n      at async ms (file:///home/runner/work/playground-tester/playground-tester/node_modules/@wp-playground/blueprints/index.js:12552:3)\n      ... 2 lines matching cause stack trace ...\n      at async ja (file:///home/runner/work/playground-tester/playground-tester/node_modules/@wp-playground/cli/cli.js:8161:12) {\n    [cause]: PHPExecutionFailureError: PHP.run() failed with exit code 255 and the following output: \n        at PHP.run (file:///home/runner/work/playground-tester/playground-tester/node_modules/@php-wasm/universal/index.js:987:19)\n        at process.processTicksAndRejections (node:internal/process/task_queues:105:5)\n        at async wr (file:///home/runner/work/playground-tester/playground-tester/node_modules/@wp-playground/blueprints/index.js:73:13)\n        at async Object.gt [as installPlugin] (file:///home/runner/work/playground-tester/playground-tester/node_modules/@wp-playground/blueprints/index.js:974:42)\n        at async g (file:///home/runner/work/playground-tester/playground-tester/node_modules/@wp-playground/blueprints/index.js:12517:30)\n        at async Object.run (file:///home/runner/work/playground-tester/playground-tester/node_modules/@wp-playground/blueprints/index.js:12446:23)\n        at async ms (file:///home/runner/work/playground-tester/playground-tester/node_modules/@wp-playground/blueprints/index.js:12552:3)\n        at async Object.onBind (file:///home/runner/work/playground-tester/playground-tester/node_modules/@wp-playground/cli/index.js:227:48)\n        at async V (file:///home/runner/work/playground-tester/playground-tester/node_modules/@wp-playground/cli/index.js:64:10)\n        at async ja (file:///home/runner/work/playground-tester/playground-tester/node_modules/@wp-playground/cli/cli.js:8161:12) {\n      response: PHPResponse {\n        httpStatusCode: 500,\n        headers: {\n          'x-powered-by': [ 'PHP/8.0.30-dev' ],\n          'content-type': [ 'text/html; charset=UTF-8' ],\n          expires: [ 'Wed, 11 Jan 1984 05:00:00 GMT' ],\n          'cache-control': [ 'no-cache, must-revalidate, max-age=0, no-store, private' ]\n        },\n        bytes: Uint8Array(2653) [\n           60,  33,  68,  79,  67,  84,  89,  80,  69,  32, 104, 116,\n          109, 108,  62,  10,  60, 104, 116, 109, 108,  32, 108,  97,\n          110, 103,  61,  34, 101, 110,  45,  85,  83,  34,  62,  10,\n           60, 104, 101,  97, 100,  62,  10,   9,  60, 109, 101, 116,\n           97,  32, 104, 116, 116, 112,  45, 101, 113, 117, 105, 118,\n           61,  34,  67, 111, 110, 116, 101, 110, 116,  45,  84, 121,\n          112, 101,  34,  32,  99, 111, 110, 116, 101, 110, 116,  61,\n           34, 116, 101, 120, 116,  47, 104, 116, 109, 108,  59,  32,\n           99, 104,  97, 114,\n          ... 2553 more items\n        ],\n        exitCode: 255,\n        errors: ''\n      },\n      source: 'request'\n    }\n  }\n}\n\n","log":"/logs/plugins/w/wp-auto-backup/error.json"}
]
