file:///home/runner/work/playground-tester/playground-tester/node_modules/@wp-playground/cli/index.js:237
        throw new Error(y, { cause: u });
              ^

Error: [06-May-2025 21:29:33 UTC] PHP Deprecated:  Required parameter $paging_variables follows optional parameter $paging_base_link in /wordpress/wp-content/plugins/wpseokit/plugin/plugin_class.inc.php on line 284
[06-May-2025 21:29:33 UTC] PHP Deprecated:  Required parameter $paging_total_results follows optional parameter $paging_base_link in /wordpress/wp-content/plugins/wpseokit/plugin/plugin_class.inc.php on line 284
[06-May-2025 21:29:33 UTC] PHP Notice:  Function register_uninstall_hook was called <strong>incorrectly</strong>. Only a static class method or function can be used in an uninstall hook. Please see <a href="https://developer.wordpress.org/advanced-administration/debug/debug-wordpress/">Debugging in WordPress</a> for more information. (This message was added in version 3.1.0.) in /wordpress/wp-includes/functions.php on line 6121
[06-May-2025 21:29:33 UTC] PHP Warning:  Undefined property: wpseokit::$pp_plugin_name_wp in /wordpress/wp-content/plugins/wpseokit/plugin/plugin_class.inc.php on line 39
[06-May-2025 21:29:33 UTC] PHP Warning:  Trying to access array offset on value of type bool in /wordpress/wp-content/plugins/wpseokit/plugin/plugin_class.inc.php on line 41
[06-May-2025 21:29:33 UTC] PHP Warning:  Trying to access array offset on value of type bool in /wordpress/wp-content/plugins/wpseokit/plugin/plugin_class.inc.php on line 42
[06-May-2025 21:29:33 UTC] PHP Warning:  Trying to access array offset on value of type bool in /wordpress/wp-content/plugins/wpseokit/plugin/plugin_class.inc.php on line 45
[06-May-2025 21:29:33 UTC] PHP Deprecated:  Required parameter $paging_variables follows optional parameter $paging_base_link in /wordpress/wp-content/plugins/wpseokit/plugin/plugin_class.inc.php on line 284
[06-May-2025 21:29:33 UTC] PHP Deprecated:  Required parameter $paging_total_results follows optional parameter $paging_base_link in /wordpress/wp-content/plugins/wpseokit/plugin/plugin_class.inc.php on line 284
[06-May-2025 21:29:33 UTC] PHP Notice:  Function register_uninstall_hook was called <strong>incorrectly</strong>. Only a static class method or function can be used in an uninstall hook. Please see <a href="https://developer.wordpress.org/advanced-administration/debug/debug-wordpress/">Debugging in WordPress</a> for more information. (This message was added in version 3.1.0.) in /wordpress/wp-includes/functions.php on line 6121
[06-May-2025 21:29:34 UTC] PHP Warning:  Undefined array key "HTTP_REFERER" in /wordpress/wp-content/plugins/wpseokit/plugin/plugin_class.inc.php on line 921
[06-May-2025 21:29:40 UTC] PHP Deprecated:  Required parameter $paging_variables follows optional parameter $paging_base_link in /wordpress/wp-content/plugins/wpseokit/plugin/plugin_class.inc.php on line 284
[06-May-2025 21:29:40 UTC] PHP Deprecated:  Required parameter $paging_total_results follows optional parameter $paging_base_link in /wordpress/wp-content/plugins/wpseokit/plugin/plugin_class.inc.php on line 284
[06-May-2025 21:29:40 UTC] PHP Notice:  Function register_uninstall_hook was called <strong>incorrectly</strong>. Only a static class method or function can be used in an uninstall hook. Please see <a href="https://developer.wordpress.org/advanced-administration/debug/debug-wordpress/">Debugging in WordPress</a> for more information. (This message was added in version 3.1.0.) in /wordpress/wp-includes/functions.php on line 6121
[06-May-2025 21:29:40 UTC] PHP Warning:  Undefined property: wpseokit::$pp_plugin_name_wp in /wordpress/wp-content/plugins/wpseokit/plugin/plugin_class.inc.php on line 39
[06-May-2025 21:29:40 UTC] PHP Warning:  Trying to access array offset on value of type bool in /wordpress/wp-content/plugins/wpseokit/plugin/plugin_class.inc.php on line 41
[06-May-2025 21:29:40 UTC] PHP Warning:  Trying to access array offset on value of type bool in /wordpress/wp-content/plugins/wpseokit/plugin/plugin_class.inc.php on line 42
[06-May-2025 21:29:40 UTC] PHP Warning:  Trying to access array offset on value of type bool in /wordpress/wp-content/plugins/wpseokit/plugin/plugin_class.inc.php on line 45
[06-May-2025 21:29:41 UTC] PHP Deprecated:  Required parameter $paging_variables follows optional parameter $paging_base_link in /wordpress/wp-content/plugins/wpseokit/plugin/plugin_class.inc.php on line 284
[06-May-2025 21:29:41 UTC] PHP Deprecated:  Required parameter $paging_total_results follows optional parameter $paging_base_link in /wordpress/wp-content/plugins/wpseokit/plugin/plugin_class.inc.php on line 284
[06-May-2025 21:29:41 UTC] PHP Notice:  Function register_uninstall_hook was called <strong>incorrectly</strong>. Only a static class method or function can be used in an uninstall hook. Please see <a href="https://developer.wordpress.org/advanced-administration/debug/debug-wordpress/">Debugging in WordPress</a> for more information. (This message was added in version 3.1.0.) in /wordpress/wp-includes/functions.php on line 6121
[06-May-2025 21:29:41 UTC] PHP Warning:  Undefined array key "HTTP_REFERER" in /wordpress/wp-content/plugins/wpseokit/plugin/plugin_class.inc.php on line 921
[06-May-2025 21:29:49 UTC] PHP Deprecated:  Required parameter $paging_variables follows optional parameter $paging_base_link in /wordpress/wp-content/plugins/wpseokit/plugin/plugin_class.inc.php on line 284
[06-May-2025 21:29:49 UTC] PHP Deprecated:  Required parameter $paging_total_results follows optional parameter $paging_base_link in /wordpress/wp-content/plugins/wpseokit/plugin/plugin_class.inc.php on line 284
[06-May-2025 21:29:49 UTC] PHP Notice:  Function register_uninstall_hook was called <strong>incorrectly</strong>. Only a static class method or function can be used in an uninstall hook. Please see <a href="https://developer.wordpress.org/advanced-administration/debug/debug-wordpress/">Debugging in WordPress</a> for more information. (This message was added in version 3.1.0.) in /wordpress/wp-includes/functions.php on line 6121
[06-May-2025 21:29:49 UTC] PHP Warning:  Undefined property: wpseokit::$pp_plugin_name_wp in /wordpress/wp-content/plugins/wpseokit/plugin/plugin_class.inc.php on line 39
[06-May-2025 21:29:49 UTC] PHP Warning:  Trying to access array offset on value of type bool in /wordpress/wp-content/plugins/wpseokit/plugin/plugin_class.inc.php on line 41
[06-May-2025 21:29:49 UTC] PHP Warning:  Trying to access array offset on value of type bool in /wordpress/wp-content/plugins/wpseokit/plugin/plugin_class.inc.php on line 42
[06-May-2025 21:29:49 UTC] PHP Warning:  Trying to access array offset on value of type bool in /wordpress/wp-content/plugins/wpseokit/plugin/plugin_class.inc.php on line 45
[06-May-2025 21:29:50 UTC] PHP Deprecated:  Required parameter $paging_variables follows optional parameter $paging_base_link in /wordpress/wp-content/plugins/wpseokit/plugin/plugin_class.inc.php on line 284
[06-May-2025 21:29:50 UTC] PHP Deprecated:  Required parameter $paging_total_results follows optional parameter $paging_base_link in /wordpress/wp-content/plugins/wpseokit/plugin/plugin_class.inc.php on line 284
[06-May-2025 21:29:50 UTC] PHP Notice:  Function register_uninstall_hook was called <strong>incorrectly</strong>. Only a static class method or function can be used in an uninstall hook. Please see <a href="https://developer.wordpress.org/advanced-administration/debug/debug-wordpress/">Debugging in WordPress</a> for more information. (This message was added in version 3.1.0.) in /wordpress/wp-includes/functions.php on line 6121
[06-May-2025 21:29:50 UTC] PHP Warning:  Undefined array key "HTTP_REFERER" in /wordpress/wp-content/plugins/wpseokit/plugin/plugin_class.inc.php on line 921
[06-May-2025 21:30:28 UTC] PHP Warning:  Undefined variable $Base_name in /wordpress/wp-content/plugins/wp-auto-backup/Data.php on line 47
[06-May-2025 21:30:29 UTC] PHP Fatal error:  Uncaught PDOException: SQLSTATE[HY000] [2002] Address family not supported by protocol in /wordpress/wp-content/plugins/wp-auto-backup/Store.class.php:16
Stack trace:
#0 /wordpress/wp-content/plugins/wp-auto-backup/Store.class.php(16): PDO->__construct('mysql:host=;dbn...', '', '')
#1 /wordpress/wp-content/plugins/wp-auto-backup/Store.class.php(44): dj_store->Open_DataBase()
#2 /wordpress/wp-content/plugins/wp-auto-backup/Database_Backup.php(361): dj_store->Sql_Operation_WR('\nCREATE TABLE I...')
#3 /wordpress/wp-content/plugins/wp-auto-backup/Main.php(61): dj_operation->Create_BackUp_Table()
#4 /wordpress/wp-includes/class-wp-hook.php(324): dj_databases_backup->create_options_table('')
#5 /wordpress/wp-includes/class-wp-hook.php(348): WP_Hook->apply_filters(NULL, Array)
#6 /wordpress/wp-includes/plugin.php(517): WP_Hook->do_action(Array)
#7 /wordpress/wp-settings.php(727): do_action('init')
#8 /wordpress/wp-config.php(102): require_once('/wordpress/wp-s...')
#9 /wordpress/wp-load.php(50): require_once('/wordpress/wp-c...')
#10 /internal/eval.php(3): require_once('/wordpress/wp-l...')
#11 {main}
  thrown in /wordpress/wp-content/plugins/wp-auto-backup/Store.class.php on line 16
[06-May-2025 21:30:37 UTC] PHP Warning:  Undefined variable $Base_name in /wordpress/wp-content/plugins/wp-auto-backup/Data.php on line 47
[06-May-2025 21:30:38 UTC] PHP Fatal error:  Uncaught PDOException: SQLSTATE[HY000] [2002] Address family not supported by protocol in /wordpress/wp-content/plugins/wp-auto-backup/Store.class.php:16
Stack trace:
#0 /wordpress/wp-content/plugins/wp-auto-backup/Store.class.php(16): PDO->__construct('mysql:host=;dbn...', '', '')
#1 /wordpress/wp-content/plugins/wp-auto-backup/Store.class.php(44): dj_store->Open_DataBase()
#2 /wordpress/wp-content/plugins/wp-auto-backup/Database_Backup.php(361): dj_store->Sql_Operation_WR('\nCREATE TABLE I...')
#3 /wordpress/wp-content/plugins/wp-auto-backup/Main.php(61): dj_operation->Create_BackUp_Table()
#4 /wordpress/wp-includes/class-wp-hook.php(324): dj_databases_backup->create_options_table('')
#5 /wordpress/wp-includes/class-wp-hook.php(348): WP_Hook->apply_filters(NULL, Array)
#6 /wordpress/wp-includes/plugin.php(517): WP_Hook->do_action(Array)
#7 /wordpress/wp-settings.php(727): do_action('init')
#8 /wordpress/wp-config.php(102): require_once('/wordpress/wp-s...')
#9 /wordpress/wp-load.php(50): require_once('/wordpress/wp-c...')
#10 /internal/eval.php(3): require_once('/wordpress/wp-l...')
#11 {main}
  thrown in /wordpress/wp-content/plugins/wp-auto-backup/Store.class.php on line 16
[06-May-2025 21:30:46 UTC] PHP Warning:  Undefined variable $Base_name in /wordpress/wp-content/plugins/wp-auto-backup/Data.php on line 47
[06-May-2025 21:30:48 UTC] PHP Fatal error:  Uncaught PDOException: SQLSTATE[HY000] [2002] Address family not supported by protocol in /wordpress/wp-content/plugins/wp-auto-backup/Store.class.php:16
Stack trace:
#0 /wordpress/wp-content/plugins/wp-auto-backup/Store.class.php(16): PDO->__construct('mysql:host=;dbn...', '', '')
#1 /wordpress/wp-content/plugins/wp-auto-backup/Store.class.php(44): dj_store->Open_DataBase()
#2 /wordpress/wp-content/plugins/wp-auto-backup/Database_Backup.php(361): dj_store->Sql_Operation_WR('\nCREATE TABLE I...')
#3 /wordpress/wp-content/plugins/wp-auto-backup/Main.php(61): dj_operation->Create_BackUp_Table()
#4 /wordpress/wp-includes/class-wp-hook.php(324): dj_databases_backup->create_options_table('')
#5 /wordpress/wp-includes/class-wp-hook.php(348): WP_Hook->apply_filters(NULL, Array)
#6 /wordpress/wp-includes/plugin.php(517): WP_Hook->do_action(Array)
#7 /wordpress/wp-settings.php(727): do_action('init')
#8 /wordpress/wp-config.php(102): require_once('/wordpress/wp-s...')
#9 /wordpress/wp-load.php(50): require_once('/wordpress/wp-c...')
#10 /internal/eval.php(3): require_once('/wordpress/wp-l...')
#11 {main}
  thrown in /wordpress/wp-content/plugins/wp-auto-backup/Store.class.php on line 16

    at Object.onBind (file:///home/runner/work/playground-tester/playground-tester/node_modules/@wp-playground/cli/index.js:237:15)
    at process.processTicksAndRejections (node:internal/process/task_queues:105:5)
    at async V (file:///home/runner/work/playground-tester/playground-tester/node_modules/@wp-playground/cli/index.js:64:10)
    at async ja (file:///home/runner/work/playground-tester/playground-tester/node_modules/@wp-playground/cli/cli.js:8161:12) {
  [cause]: Error: Error when executing the blueprint step #1 ({"step":"installPlugin","pluginData":{"resource":"wordpress.org/plugins","slug":"wp-auto-backup"},"options":{"activate":true}}) : PHP.run() failed with exit code 255 and the following output: 
      at Object.run (file:///home/runner/work/playground-tester/playground-tester/node_modules/@wp-playground/blueprints/index.js:12449:19)
      at process.processTicksAndRejections (node:internal/process/task_queues:105:5)
      at async ms (file:///home/runner/work/playground-tester/playground-tester/node_modules/@wp-playground/blueprints/index.js:12552:3)
      ... 2 lines matching cause stack trace ...
      at async ja (file:///home/runner/work/playground-tester/playground-tester/node_modules/@wp-playground/cli/cli.js:8161:12) {
    [cause]: PHPExecutionFailureError: PHP.run() failed with exit code 255 and the following output: 
        at PHP.run (file:///home/runner/work/playground-tester/playground-tester/node_modules/@php-wasm/universal/index.js:987:19)
        at process.processTicksAndRejections (node:internal/process/task_queues:105:5)
        at async wr (file:///home/runner/work/playground-tester/playground-tester/node_modules/@wp-playground/blueprints/index.js:73:13)
        at async Object.gt [as installPlugin] (file:///home/runner/work/playground-tester/playground-tester/node_modules/@wp-playground/blueprints/index.js:974:42)
        at async g (file:///home/runner/work/playground-tester/playground-tester/node_modules/@wp-playground/blueprints/index.js:12517:30)
        at async Object.run (file:///home/runner/work/playground-tester/playground-tester/node_modules/@wp-playground/blueprints/index.js:12446:23)
        at async ms (file:///home/runner/work/playground-tester/playground-tester/node_modules/@wp-playground/blueprints/index.js:12552:3)
        at async Object.onBind (file:///home/runner/work/playground-tester/playground-tester/node_modules/@wp-playground/cli/index.js:227:48)
        at async V (file:///home/runner/work/playground-tester/playground-tester/node_modules/@wp-playground/cli/index.js:64:10)
        at async ja (file:///home/runner/work/playground-tester/playground-tester/node_modules/@wp-playground/cli/cli.js:8161:12) {
      response: PHPResponse {
        httpStatusCode: 500,
        headers: {
          'x-powered-by': [ 'PHP/8.0.30-dev' ],
          'content-type': [ 'text/html; charset=UTF-8' ],
          expires: [ 'Wed, 11 Jan 1984 05:00:00 GMT' ],
          'cache-control': [ 'no-cache, must-revalidate, max-age=0, no-store, private' ]
        },
        bytes: Uint8Array(2653) [
           60,  33,  68,  79,  67,  84,  89,  80,  69,  32, 104, 116,
          109, 108,  62,  10,  60, 104, 116, 109, 108,  32, 108,  97,
          110, 103,  61,  34, 101, 110,  45,  85,  83,  34,  62,  10,
           60, 104, 101,  97, 100,  62,  10,   9,  60, 109, 101, 116,
           97,  32, 104, 116, 116, 112,  45, 101, 113, 117, 105, 118,
           61,  34,  67, 111, 110, 116, 101, 110, 116,  45,  84, 121,
          112, 101,  34,  32,  99, 111, 110, 116, 101, 110, 116,  61,
           34, 116, 101, 120, 116,  47, 104, 116, 109, 108,  59,  32,
           99, 104,  97, 114,
          ... 2553 more items
        ],
        exitCode: 255,
        errors: ''
      },
      source: 'request'
    }
  }
}

Node.js v23.11.0
