[
{"message":"file:///home/runner/work/playground-tester/playground-tester/node_modules/@wp-playground/cli/run-cli-j-geJYS3.js:325\n        throw new Error($, { cause: h });\n              ^\n","level":"FATAL","type":"PLAYGROUND","test":"ast-sqlite-boot","plugin":"hfd-integration","details":"file:///home/runner/work/playground-tester/playground-tester/node_modules/@wp-playground/cli/run-cli-j-geJYS3.js:325\n        throw new Error($, { cause: h });\n              ^\n","log":"/tmp/tmp.xFickEGmOI"}
,
{"message":"Function _load_textdomain_just_in_time was called <strong>incorrectly</strong>. Translation loading for the <code>ht-gallery-proofing</code> domain was triggered too early. This is usually an indicator for some code in the plugin or theme running too early. Translations should be loaded at the <code>init</code> action or later. Please see <a href=\"https://developer.wordpress.org/advanced-administration/debug/debug-wordpress/\">Debugging in WordPress</a> for more information. (This message was added in version 6.7.0.) in /wordpress/wp-includes/functions.php on line 6121","level":"NOTICE","type":"PHP","test":"ast-sqlite-boot","plugin":"hfd-integration","details":"[23-Jun-2025 11:48:56 UTC] PHP Notice:  Function _load_textdomain_just_in_time was called <strong>incorrectly</strong>. Translation loading for the <code>ht-gallery-proofing</code> domain was triggered too early. This is usually an indicator for some code in the plugin or theme running too early. Translations should be loaded at the <code>init</code> action or later. Please see <a href=\"https://developer.wordpress.org/advanced-administration/debug/debug-wordpress/\">Debugging in WordPress</a> for more information. (This message was added in version 6.7.0.) in /wordpress/wp-includes/functions.php on line 6121","log":"/logs/plugins/h/hfd-integration/error.json"}
,
{"message":"Function _load_textdomain_just_in_time was called <strong>incorrectly</strong>. Translation loading for the <code>ht-gallery-proofing</code> domain was triggered too early. This is usually an indicator for some code in the plugin or theme running too early. Translations should be loaded at the <code>init</code> action or later. Please see <a href=\"https://developer.wordpress.org/advanced-administration/debug/debug-wordpress/\">Debugging in WordPress</a> for more information. (This message was added in version 6.7.0.) in /wordpress/wp-includes/functions.php on line 6121","level":"NOTICE","type":"PHP","test":"ast-sqlite-boot","plugin":"hfd-integration","details":"[23-Jun-2025 11:49:06 UTC] PHP Notice:  Function _load_textdomain_just_in_time was called <strong>incorrectly</strong>. Translation loading for the <code>ht-gallery-proofing</code> domain was triggered too early. This is usually an indicator for some code in the plugin or theme running too early. Translations should be loaded at the <code>init</code> action or later. Please see <a href=\"https://developer.wordpress.org/advanced-administration/debug/debug-wordpress/\">Debugging in WordPress</a> for more information. (This message was added in version 6.7.0.) in /wordpress/wp-includes/functions.php on line 6121","log":"/logs/plugins/h/hfd-integration/error.json"}
,
{"message":"Function _load_textdomain_just_in_time was called <strong>incorrectly</strong>. Translation loading for the <code>ht-gallery-proofing</code> domain was triggered too early. This is usually an indicator for some code in the plugin or theme running too early. Translations should be loaded at the <code>init</code> action or later. Please see <a href=\"https://developer.wordpress.org/advanced-administration/debug/debug-wordpress/\">Debugging in WordPress</a> for more information. (This message was added in version 6.7.0.) in /wordpress/wp-includes/functions.php on line 6121","level":"NOTICE","type":"PHP","test":"ast-sqlite-boot","plugin":"hfd-integration","details":"[23-Jun-2025 11:49:15 UTC] PHP Notice:  Function _load_textdomain_just_in_time was called <strong>incorrectly</strong>. Translation loading for the <code>ht-gallery-proofing</code> domain was triggered too early. This is usually an indicator for some code in the plugin or theme running too early. Translations should be loaded at the <code>init</code> action or later. Please see <a href=\"https://developer.wordpress.org/advanced-administration/debug/debug-wordpress/\">Debugging in WordPress</a> for more information. (This message was added in version 6.7.0.) in /wordpress/wp-includes/functions.php on line 6121","log":"/logs/plugins/h/hfd-integration/error.json"}
,
{"message":"Required parameter $is_script follows optional parameter $list in /wordpress/wp-content/plugins/heron-customizer/inc/customizer/inc/class.redux_cdn.php on line 21","level":"DEPRECATED","type":"PHP","test":"ast-sqlite-boot","plugin":"hfd-integration","details":"[23-Jun-2025 11:49:25 UTC] PHP Deprecated:  Required parameter $is_script follows optional parameter $list in /wordpress/wp-content/plugins/heron-customizer/inc/customizer/inc/class.redux_cdn.php on line 21","log":"/logs/plugins/h/hfd-integration/error.json"}
,
{"message":"Required parameter $handle follows optional parameter $register in /wordpress/wp-content/plugins/heron-customizer/inc/customizer/inc/class.redux_cdn.php on line 45","level":"DEPRECATED","type":"PHP","test":"ast-sqlite-boot","plugin":"hfd-integration","details":"[23-Jun-2025 11:49:25 UTC] PHP Deprecated:  Required parameter $handle follows optional parameter $register in /wordpress/wp-content/plugins/heron-customizer/inc/customizer/inc/class.redux_cdn.php on line 45","log":"/logs/plugins/h/hfd-integration/error.json"}
,
{"message":"Required parameter $src_cdn follows optional parameter $register in /wordpress/wp-content/plugins/heron-customizer/inc/customizer/inc/class.redux_cdn.php on line 45","level":"DEPRECATED","type":"PHP","test":"ast-sqlite-boot","plugin":"hfd-integration","details":"[23-Jun-2025 11:49:25 UTC] PHP Deprecated:  Required parameter $src_cdn follows optional parameter $register in /wordpress/wp-content/plugins/heron-customizer/inc/customizer/inc/class.redux_cdn.php on line 45","log":"/logs/plugins/h/hfd-integration/error.json"}
,
{"message":"Required parameter $deps follows optional parameter $register in /wordpress/wp-content/plugins/heron-customizer/inc/customizer/inc/class.redux_cdn.php on line 45","level":"DEPRECATED","type":"PHP","test":"ast-sqlite-boot","plugin":"hfd-integration","details":"[23-Jun-2025 11:49:25 UTC] PHP Deprecated:  Required parameter $deps follows optional parameter $register in /wordpress/wp-content/plugins/heron-customizer/inc/customizer/inc/class.redux_cdn.php on line 45","log":"/logs/plugins/h/hfd-integration/error.json"}
,
{"message":"Required parameter $ver follows optional parameter $register in /wordpress/wp-content/plugins/heron-customizer/inc/customizer/inc/class.redux_cdn.php on line 45","level":"DEPRECATED","type":"PHP","test":"ast-sqlite-boot","plugin":"hfd-integration","details":"[23-Jun-2025 11:49:25 UTC] PHP Deprecated:  Required parameter $ver follows optional parameter $register in /wordpress/wp-content/plugins/heron-customizer/inc/customizer/inc/class.redux_cdn.php on line 45","log":"/logs/plugins/h/hfd-integration/error.json"}
,
{"message":"Required parameter $footer_or_media follows optional parameter $register in /wordpress/wp-content/plugins/heron-customizer/inc/customizer/inc/class.redux_cdn.php on line 45","level":"DEPRECATED","type":"PHP","test":"ast-sqlite-boot","plugin":"hfd-integration","details":"[23-Jun-2025 11:49:25 UTC] PHP Deprecated:  Required parameter $footer_or_media follows optional parameter $register in /wordpress/wp-content/plugins/heron-customizer/inc/customizer/inc/class.redux_cdn.php on line 45","log":"/logs/plugins/h/hfd-integration/error.json"}
,
{"message":"Required parameter $handle follows optional parameter $register in /wordpress/wp-content/plugins/heron-customizer/inc/customizer/inc/class.redux_cdn.php on line 104","level":"DEPRECATED","type":"PHP","test":"ast-sqlite-boot","plugin":"hfd-integration","details":"[23-Jun-2025 11:49:25 UTC] PHP Deprecated:  Required parameter $handle follows optional parameter $register in /wordpress/wp-content/plugins/heron-customizer/inc/customizer/inc/class.redux_cdn.php on line 104","log":"/logs/plugins/h/hfd-integration/error.json"}
,
{"message":"Required parameter $src_cdn follows optional parameter $register in /wordpress/wp-content/plugins/heron-customizer/inc/customizer/inc/class.redux_cdn.php on line 104","level":"DEPRECATED","type":"PHP","test":"ast-sqlite-boot","plugin":"hfd-integration","details":"[23-Jun-2025 11:49:25 UTC] PHP Deprecated:  Required parameter $src_cdn follows optional parameter $register in /wordpress/wp-content/plugins/heron-customizer/inc/customizer/inc/class.redux_cdn.php on line 104","log":"/logs/plugins/h/hfd-integration/error.json"}
,
{"message":"Required parameter $deps follows optional parameter $register in /wordpress/wp-content/plugins/heron-customizer/inc/customizer/inc/class.redux_cdn.php on line 104","level":"DEPRECATED","type":"PHP","test":"ast-sqlite-boot","plugin":"hfd-integration","details":"[23-Jun-2025 11:49:25 UTC] PHP Deprecated:  Required parameter $deps follows optional parameter $register in /wordpress/wp-content/plugins/heron-customizer/inc/customizer/inc/class.redux_cdn.php on line 104","log":"/logs/plugins/h/hfd-integration/error.json"}
,
{"message":"Required parameter $ver follows optional parameter $register in /wordpress/wp-content/plugins/heron-customizer/inc/customizer/inc/class.redux_cdn.php on line 104","level":"DEPRECATED","type":"PHP","test":"ast-sqlite-boot","plugin":"hfd-integration","details":"[23-Jun-2025 11:49:25 UTC] PHP Deprecated:  Required parameter $ver follows optional parameter $register in /wordpress/wp-content/plugins/heron-customizer/inc/customizer/inc/class.redux_cdn.php on line 104","log":"/logs/plugins/h/hfd-integration/error.json"}
,
{"message":"Required parameter $footer_or_media follows optional parameter $register in /wordpress/wp-content/plugins/heron-customizer/inc/customizer/inc/class.redux_cdn.php on line 104","level":"DEPRECATED","type":"PHP","test":"ast-sqlite-boot","plugin":"hfd-integration","details":"[23-Jun-2025 11:49:25 UTC] PHP Deprecated:  Required parameter $footer_or_media follows optional parameter $register in /wordpress/wp-content/plugins/heron-customizer/inc/customizer/inc/class.redux_cdn.php on line 104","log":"/logs/plugins/h/hfd-integration/error.json"}
,
{"message":"Required parameter $path follows optional parameter $expire in /wordpress/wp-content/plugins/heron-customizer/inc/customizer/inc/class.redux_functions.php on line 54","level":"DEPRECATED","type":"PHP","test":"ast-sqlite-boot","plugin":"hfd-integration","details":"[23-Jun-2025 11:49:25 UTC] PHP Deprecated:  Required parameter $path follows optional parameter $expire in /wordpress/wp-content/plugins/heron-customizer/inc/customizer/inc/class.redux_functions.php on line 54","log":"/logs/plugins/h/hfd-integration/error.json"}
,
{"message":"include_once(/wordpress/wp-content/plugins/heron-customizer/core/HeronCustomizerActivator.php): Failed to open stream: No such file or directory in /wordpress/wp-content/plugins/heron-customizer/heronCustomizerMain.php on line 56","level":"WARNING","type":"PHP","test":"ast-sqlite-boot","plugin":"hfd-integration","details":"[23-Jun-2025 11:49:25 UTC] PHP Warning:  include_once(/wordpress/wp-content/plugins/heron-customizer/core/HeronCustomizerActivator.php): Failed to open stream: No such file or directory in /wordpress/wp-content/plugins/heron-customizer/heronCustomizerMain.php on line 56","log":"/logs/plugins/h/hfd-integration/error.json"}
,
{"message":"include_once(): Failed opening '/wordpress/wp-content/plugins/heron-customizer/core/HeronCustomizerActivator.php' for inclusion (include_path='.:') in /wordpress/wp-content/plugins/heron-customizer/heronCustomizerMain.php on line 56","level":"WARNING","type":"PHP","test":"ast-sqlite-boot","plugin":"hfd-integration","details":"[23-Jun-2025 11:49:25 UTC] PHP Warning:  include_once(): Failed opening '/wordpress/wp-content/plugins/heron-customizer/core/HeronCustomizerActivator.php' for inclusion (include_path='.:') in /wordpress/wp-content/plugins/heron-customizer/heronCustomizerMain.php on line 56","log":"/logs/plugins/h/hfd-integration/error.json"}
,
{"message":"Uncaught Error: Class \"HeronCustomizerActivator\" not found in /wordpress/wp-content/plugins/heron-customizer/heronCustomizerMain.php:57","level":"FATAL","type":"PHP","test":"ast-sqlite-boot","plugin":"hfd-integration","details":"[23-Jun-2025 11:49:25 UTC] PHP Fatal error:  Uncaught Error: Class \"HeronCustomizerActivator\" not found in /wordpress/wp-content/plugins/heron-customizer/heronCustomizerMain.php:57\nStack trace:\n#0 /wordpress/wp-includes/class-wp-hook.php(324): activateHeronCustomizer(false)\n#1 /wordpress/wp-includes/class-wp-hook.php(348): WP_Hook->apply_filters('', Array)\n#2 /wordpress/wp-includes/plugin.php(517): WP_Hook->do_action(Array)\n#3 /wordpress/wp-admin/includes/plugin.php(703): do_action('activate_heron-...', false)\n#4 /internal/eval.php(20): activate_plugin('heron-customize...')\n#5 {main}\n  thrown in /wordpress/wp-content/plugins/heron-customizer/heronCustomizerMain.php on line 57","log":"/logs/plugins/h/hfd-integration/error.json"}
,
{"message":"Required parameter $is_script follows optional parameter $list in /wordpress/wp-content/plugins/heron-customizer/inc/customizer/inc/class.redux_cdn.php on line 21","level":"DEPRECATED","type":"PHP","test":"ast-sqlite-boot","plugin":"hfd-integration","details":"[23-Jun-2025 11:49:35 UTC] PHP Deprecated:  Required parameter $is_script follows optional parameter $list in /wordpress/wp-content/plugins/heron-customizer/inc/customizer/inc/class.redux_cdn.php on line 21","log":"/logs/plugins/h/hfd-integration/error.json"}
,
{"message":"Required parameter $handle follows optional parameter $register in /wordpress/wp-content/plugins/heron-customizer/inc/customizer/inc/class.redux_cdn.php on line 45","level":"DEPRECATED","type":"PHP","test":"ast-sqlite-boot","plugin":"hfd-integration","details":"[23-Jun-2025 11:49:35 UTC] PHP Deprecated:  Required parameter $handle follows optional parameter $register in /wordpress/wp-content/plugins/heron-customizer/inc/customizer/inc/class.redux_cdn.php on line 45","log":"/logs/plugins/h/hfd-integration/error.json"}
,
{"message":"Required parameter $src_cdn follows optional parameter $register in /wordpress/wp-content/plugins/heron-customizer/inc/customizer/inc/class.redux_cdn.php on line 45","level":"DEPRECATED","type":"PHP","test":"ast-sqlite-boot","plugin":"hfd-integration","details":"[23-Jun-2025 11:49:35 UTC] PHP Deprecated:  Required parameter $src_cdn follows optional parameter $register in /wordpress/wp-content/plugins/heron-customizer/inc/customizer/inc/class.redux_cdn.php on line 45","log":"/logs/plugins/h/hfd-integration/error.json"}
,
{"message":"Required parameter $deps follows optional parameter $register in /wordpress/wp-content/plugins/heron-customizer/inc/customizer/inc/class.redux_cdn.php on line 45","level":"DEPRECATED","type":"PHP","test":"ast-sqlite-boot","plugin":"hfd-integration","details":"[23-Jun-2025 11:49:35 UTC] PHP Deprecated:  Required parameter $deps follows optional parameter $register in /wordpress/wp-content/plugins/heron-customizer/inc/customizer/inc/class.redux_cdn.php on line 45","log":"/logs/plugins/h/hfd-integration/error.json"}
,
{"message":"Required parameter $ver follows optional parameter $register in /wordpress/wp-content/plugins/heron-customizer/inc/customizer/inc/class.redux_cdn.php on line 45","level":"DEPRECATED","type":"PHP","test":"ast-sqlite-boot","plugin":"hfd-integration","details":"[23-Jun-2025 11:49:35 UTC] PHP Deprecated:  Required parameter $ver follows optional parameter $register in /wordpress/wp-content/plugins/heron-customizer/inc/customizer/inc/class.redux_cdn.php on line 45","log":"/logs/plugins/h/hfd-integration/error.json"}
,
{"message":"Required parameter $footer_or_media follows optional parameter $register in /wordpress/wp-content/plugins/heron-customizer/inc/customizer/inc/class.redux_cdn.php on line 45","level":"DEPRECATED","type":"PHP","test":"ast-sqlite-boot","plugin":"hfd-integration","details":"[23-Jun-2025 11:49:35 UTC] PHP Deprecated:  Required parameter $footer_or_media follows optional parameter $register in /wordpress/wp-content/plugins/heron-customizer/inc/customizer/inc/class.redux_cdn.php on line 45","log":"/logs/plugins/h/hfd-integration/error.json"}
,
{"message":"Required parameter $handle follows optional parameter $register in /wordpress/wp-content/plugins/heron-customizer/inc/customizer/inc/class.redux_cdn.php on line 104","level":"DEPRECATED","type":"PHP","test":"ast-sqlite-boot","plugin":"hfd-integration","details":"[23-Jun-2025 11:49:36 UTC] PHP Deprecated:  Required parameter $handle follows optional parameter $register in /wordpress/wp-content/plugins/heron-customizer/inc/customizer/inc/class.redux_cdn.php on line 104","log":"/logs/plugins/h/hfd-integration/error.json"}
,
{"message":"Required parameter $src_cdn follows optional parameter $register in /wordpress/wp-content/plugins/heron-customizer/inc/customizer/inc/class.redux_cdn.php on line 104","level":"DEPRECATED","type":"PHP","test":"ast-sqlite-boot","plugin":"hfd-integration","details":"[23-Jun-2025 11:49:36 UTC] PHP Deprecated:  Required parameter $src_cdn follows optional parameter $register in /wordpress/wp-content/plugins/heron-customizer/inc/customizer/inc/class.redux_cdn.php on line 104","log":"/logs/plugins/h/hfd-integration/error.json"}
,
{"message":"Required parameter $deps follows optional parameter $register in /wordpress/wp-content/plugins/heron-customizer/inc/customizer/inc/class.redux_cdn.php on line 104","level":"DEPRECATED","type":"PHP","test":"ast-sqlite-boot","plugin":"hfd-integration","details":"[23-Jun-2025 11:49:36 UTC] PHP Deprecated:  Required parameter $deps follows optional parameter $register in /wordpress/wp-content/plugins/heron-customizer/inc/customizer/inc/class.redux_cdn.php on line 104","log":"/logs/plugins/h/hfd-integration/error.json"}
,
{"message":"Required parameter $ver follows optional parameter $register in /wordpress/wp-content/plugins/heron-customizer/inc/customizer/inc/class.redux_cdn.php on line 104","level":"DEPRECATED","type":"PHP","test":"ast-sqlite-boot","plugin":"hfd-integration","details":"[23-Jun-2025 11:49:36 UTC] PHP Deprecated:  Required parameter $ver follows optional parameter $register in /wordpress/wp-content/plugins/heron-customizer/inc/customizer/inc/class.redux_cdn.php on line 104","log":"/logs/plugins/h/hfd-integration/error.json"}
,
{"message":"Required parameter $footer_or_media follows optional parameter $register in /wordpress/wp-content/plugins/heron-customizer/inc/customizer/inc/class.redux_cdn.php on line 104","level":"DEPRECATED","type":"PHP","test":"ast-sqlite-boot","plugin":"hfd-integration","details":"[23-Jun-2025 11:49:36 UTC] PHP Deprecated:  Required parameter $footer_or_media follows optional parameter $register in /wordpress/wp-content/plugins/heron-customizer/inc/customizer/inc/class.redux_cdn.php on line 104","log":"/logs/plugins/h/hfd-integration/error.json"}
,
{"message":"Required parameter $path follows optional parameter $expire in /wordpress/wp-content/plugins/heron-customizer/inc/customizer/inc/class.redux_functions.php on line 54","level":"DEPRECATED","type":"PHP","test":"ast-sqlite-boot","plugin":"hfd-integration","details":"[23-Jun-2025 11:49:36 UTC] PHP Deprecated:  Required parameter $path follows optional parameter $expire in /wordpress/wp-content/plugins/heron-customizer/inc/customizer/inc/class.redux_functions.php on line 54","log":"/logs/plugins/h/hfd-integration/error.json"}
,
{"message":"include_once(/wordpress/wp-content/plugins/heron-customizer/core/HeronCustomizerActivator.php): Failed to open stream: No such file or directory in /wordpress/wp-content/plugins/heron-customizer/heronCustomizerMain.php on line 56","level":"WARNING","type":"PHP","test":"ast-sqlite-boot","plugin":"hfd-integration","details":"[23-Jun-2025 11:49:36 UTC] PHP Warning:  include_once(/wordpress/wp-content/plugins/heron-customizer/core/HeronCustomizerActivator.php): Failed to open stream: No such file or directory in /wordpress/wp-content/plugins/heron-customizer/heronCustomizerMain.php on line 56","log":"/logs/plugins/h/hfd-integration/error.json"}
,
{"message":"include_once(): Failed opening '/wordpress/wp-content/plugins/heron-customizer/core/HeronCustomizerActivator.php' for inclusion (include_path='.:') in /wordpress/wp-content/plugins/heron-customizer/heronCustomizerMain.php on line 56","level":"WARNING","type":"PHP","test":"ast-sqlite-boot","plugin":"hfd-integration","details":"[23-Jun-2025 11:49:36 UTC] PHP Warning:  include_once(): Failed opening '/wordpress/wp-content/plugins/heron-customizer/core/HeronCustomizerActivator.php' for inclusion (include_path='.:') in /wordpress/wp-content/plugins/heron-customizer/heronCustomizerMain.php on line 56","log":"/logs/plugins/h/hfd-integration/error.json"}
,
{"message":"Uncaught Error: Class \"HeronCustomizerActivator\" not found in /wordpress/wp-content/plugins/heron-customizer/heronCustomizerMain.php:57","level":"FATAL","type":"PHP","test":"ast-sqlite-boot","plugin":"hfd-integration","details":"[23-Jun-2025 11:49:36 UTC] PHP Fatal error:  Uncaught Error: Class \"HeronCustomizerActivator\" not found in /wordpress/wp-content/plugins/heron-customizer/heronCustomizerMain.php:57\nStack trace:\n#0 /wordpress/wp-includes/class-wp-hook.php(324): activateHeronCustomizer(false)\n#1 /wordpress/wp-includes/class-wp-hook.php(348): WP_Hook->apply_filters('', Array)\n#2 /wordpress/wp-includes/plugin.php(517): WP_Hook->do_action(Array)\n#3 /wordpress/wp-admin/includes/plugin.php(703): do_action('activate_heron-...', false)\n#4 /internal/eval.php(20): activate_plugin('heron-customize...')\n#5 {main}\n  thrown in /wordpress/wp-content/plugins/heron-customizer/heronCustomizerMain.php on line 57","log":"/logs/plugins/h/hfd-integration/error.json"}
,
{"message":"Required parameter $is_script follows optional parameter $list in /wordpress/wp-content/plugins/heron-customizer/inc/customizer/inc/class.redux_cdn.php on line 21","level":"DEPRECATED","type":"PHP","test":"ast-sqlite-boot","plugin":"hfd-integration","details":"[23-Jun-2025 11:49:45 UTC] PHP Deprecated:  Required parameter $is_script follows optional parameter $list in /wordpress/wp-content/plugins/heron-customizer/inc/customizer/inc/class.redux_cdn.php on line 21","log":"/logs/plugins/h/hfd-integration/error.json"}
,
{"message":"Required parameter $handle follows optional parameter $register in /wordpress/wp-content/plugins/heron-customizer/inc/customizer/inc/class.redux_cdn.php on line 45","level":"DEPRECATED","type":"PHP","test":"ast-sqlite-boot","plugin":"hfd-integration","details":"[23-Jun-2025 11:49:45 UTC] PHP Deprecated:  Required parameter $handle follows optional parameter $register in /wordpress/wp-content/plugins/heron-customizer/inc/customizer/inc/class.redux_cdn.php on line 45","log":"/logs/plugins/h/hfd-integration/error.json"}
,
{"message":"Required parameter $src_cdn follows optional parameter $register in /wordpress/wp-content/plugins/heron-customizer/inc/customizer/inc/class.redux_cdn.php on line 45","level":"DEPRECATED","type":"PHP","test":"ast-sqlite-boot","plugin":"hfd-integration","details":"[23-Jun-2025 11:49:45 UTC] PHP Deprecated:  Required parameter $src_cdn follows optional parameter $register in /wordpress/wp-content/plugins/heron-customizer/inc/customizer/inc/class.redux_cdn.php on line 45","log":"/logs/plugins/h/hfd-integration/error.json"}
,
{"message":"Required parameter $deps follows optional parameter $register in /wordpress/wp-content/plugins/heron-customizer/inc/customizer/inc/class.redux_cdn.php on line 45","level":"DEPRECATED","type":"PHP","test":"ast-sqlite-boot","plugin":"hfd-integration","details":"[23-Jun-2025 11:49:45 UTC] PHP Deprecated:  Required parameter $deps follows optional parameter $register in /wordpress/wp-content/plugins/heron-customizer/inc/customizer/inc/class.redux_cdn.php on line 45","log":"/logs/plugins/h/hfd-integration/error.json"}
,
{"message":"Required parameter $ver follows optional parameter $register in /wordpress/wp-content/plugins/heron-customizer/inc/customizer/inc/class.redux_cdn.php on line 45","level":"DEPRECATED","type":"PHP","test":"ast-sqlite-boot","plugin":"hfd-integration","details":"[23-Jun-2025 11:49:45 UTC] PHP Deprecated:  Required parameter $ver follows optional parameter $register in /wordpress/wp-content/plugins/heron-customizer/inc/customizer/inc/class.redux_cdn.php on line 45","log":"/logs/plugins/h/hfd-integration/error.json"}
,
{"message":"Required parameter $footer_or_media follows optional parameter $register in /wordpress/wp-content/plugins/heron-customizer/inc/customizer/inc/class.redux_cdn.php on line 45","level":"DEPRECATED","type":"PHP","test":"ast-sqlite-boot","plugin":"hfd-integration","details":"[23-Jun-2025 11:49:45 UTC] PHP Deprecated:  Required parameter $footer_or_media follows optional parameter $register in /wordpress/wp-content/plugins/heron-customizer/inc/customizer/inc/class.redux_cdn.php on line 45","log":"/logs/plugins/h/hfd-integration/error.json"}
,
{"message":"Required parameter $handle follows optional parameter $register in /wordpress/wp-content/plugins/heron-customizer/inc/customizer/inc/class.redux_cdn.php on line 104","level":"DEPRECATED","type":"PHP","test":"ast-sqlite-boot","plugin":"hfd-integration","details":"[23-Jun-2025 11:49:45 UTC] PHP Deprecated:  Required parameter $handle follows optional parameter $register in /wordpress/wp-content/plugins/heron-customizer/inc/customizer/inc/class.redux_cdn.php on line 104","log":"/logs/plugins/h/hfd-integration/error.json"}
,
{"message":"Required parameter $src_cdn follows optional parameter $register in /wordpress/wp-content/plugins/heron-customizer/inc/customizer/inc/class.redux_cdn.php on line 104","level":"DEPRECATED","type":"PHP","test":"ast-sqlite-boot","plugin":"hfd-integration","details":"[23-Jun-2025 11:49:45 UTC] PHP Deprecated:  Required parameter $src_cdn follows optional parameter $register in /wordpress/wp-content/plugins/heron-customizer/inc/customizer/inc/class.redux_cdn.php on line 104","log":"/logs/plugins/h/hfd-integration/error.json"}
,
{"message":"Required parameter $deps follows optional parameter $register in /wordpress/wp-content/plugins/heron-customizer/inc/customizer/inc/class.redux_cdn.php on line 104","level":"DEPRECATED","type":"PHP","test":"ast-sqlite-boot","plugin":"hfd-integration","details":"[23-Jun-2025 11:49:45 UTC] PHP Deprecated:  Required parameter $deps follows optional parameter $register in /wordpress/wp-content/plugins/heron-customizer/inc/customizer/inc/class.redux_cdn.php on line 104","log":"/logs/plugins/h/hfd-integration/error.json"}
,
{"message":"Required parameter $ver follows optional parameter $register in /wordpress/wp-content/plugins/heron-customizer/inc/customizer/inc/class.redux_cdn.php on line 104","level":"DEPRECATED","type":"PHP","test":"ast-sqlite-boot","plugin":"hfd-integration","details":"[23-Jun-2025 11:49:45 UTC] PHP Deprecated:  Required parameter $ver follows optional parameter $register in /wordpress/wp-content/plugins/heron-customizer/inc/customizer/inc/class.redux_cdn.php on line 104","log":"/logs/plugins/h/hfd-integration/error.json"}
,
{"message":"Required parameter $footer_or_media follows optional parameter $register in /wordpress/wp-content/plugins/heron-customizer/inc/customizer/inc/class.redux_cdn.php on line 104","level":"DEPRECATED","type":"PHP","test":"ast-sqlite-boot","plugin":"hfd-integration","details":"[23-Jun-2025 11:49:45 UTC] PHP Deprecated:  Required parameter $footer_or_media follows optional parameter $register in /wordpress/wp-content/plugins/heron-customizer/inc/customizer/inc/class.redux_cdn.php on line 104","log":"/logs/plugins/h/hfd-integration/error.json"}
,
{"message":"Required parameter $path follows optional parameter $expire in /wordpress/wp-content/plugins/heron-customizer/inc/customizer/inc/class.redux_functions.php on line 54","level":"DEPRECATED","type":"PHP","test":"ast-sqlite-boot","plugin":"hfd-integration","details":"[23-Jun-2025 11:49:45 UTC] PHP Deprecated:  Required parameter $path follows optional parameter $expire in /wordpress/wp-content/plugins/heron-customizer/inc/customizer/inc/class.redux_functions.php on line 54","log":"/logs/plugins/h/hfd-integration/error.json"}
,
{"message":"include_once(/wordpress/wp-content/plugins/heron-customizer/core/HeronCustomizerActivator.php): Failed to open stream: No such file or directory in /wordpress/wp-content/plugins/heron-customizer/heronCustomizerMain.php on line 56","level":"WARNING","type":"PHP","test":"ast-sqlite-boot","plugin":"hfd-integration","details":"[23-Jun-2025 11:49:45 UTC] PHP Warning:  include_once(/wordpress/wp-content/plugins/heron-customizer/core/HeronCustomizerActivator.php): Failed to open stream: No such file or directory in /wordpress/wp-content/plugins/heron-customizer/heronCustomizerMain.php on line 56","log":"/logs/plugins/h/hfd-integration/error.json"}
,
{"message":"include_once(): Failed opening '/wordpress/wp-content/plugins/heron-customizer/core/HeronCustomizerActivator.php' for inclusion (include_path='.:') in /wordpress/wp-content/plugins/heron-customizer/heronCustomizerMain.php on line 56","level":"WARNING","type":"PHP","test":"ast-sqlite-boot","plugin":"hfd-integration","details":"[23-Jun-2025 11:49:45 UTC] PHP Warning:  include_once(): Failed opening '/wordpress/wp-content/plugins/heron-customizer/core/HeronCustomizerActivator.php' for inclusion (include_path='.:') in /wordpress/wp-content/plugins/heron-customizer/heronCustomizerMain.php on line 56","log":"/logs/plugins/h/hfd-integration/error.json"}
,
{"message":"Uncaught Error: Class \"HeronCustomizerActivator\" not found in /wordpress/wp-content/plugins/heron-customizer/heronCustomizerMain.php:57","level":"FATAL","type":"PHP","test":"ast-sqlite-boot","plugin":"hfd-integration","details":"[23-Jun-2025 11:49:45 UTC] PHP Fatal error:  Uncaught Error: Class \"HeronCustomizerActivator\" not found in /wordpress/wp-content/plugins/heron-customizer/heronCustomizerMain.php:57\nStack trace:\n#0 /wordpress/wp-includes/class-wp-hook.php(324): activateHeronCustomizer(false)\n#1 /wordpress/wp-includes/class-wp-hook.php(348): WP_Hook->apply_filters('', Array)\n#2 /wordpress/wp-includes/plugin.php(517): WP_Hook->do_action(Array)\n#3 /wordpress/wp-admin/includes/plugin.php(703): do_action('activate_heron-...', false)\n#4 /internal/eval.php(20): activate_plugin('heron-customize...')\n#5 {main}\n  thrown in /wordpress/wp-content/plugins/heron-customizer/heronCustomizerMain.php on line 57","log":"/logs/plugins/h/hfd-integration/error.json"}
,
{"message":"Uncaught Error: Call to undefined function create_function() in /wordpress/wp-content/plugins/hetjens-expiration-date/Hetjens_Expiration_Date.php:148","level":"FATAL","type":"PHP","test":"ast-sqlite-boot","plugin":"hfd-integration","details":"[23-Jun-2025 11:50:24 UTC] PHP Fatal error:  Uncaught Error: Call to undefined function create_function() in /wordpress/wp-content/plugins/hetjens-expiration-date/Hetjens_Expiration_Date.php:148\nStack trace:\n#0 /wordpress/wp-admin/includes/plugin.php(2387): include_once()\n#1 /wordpress/wp-admin/includes/plugin.php(673): plugin_sandbox_scrape('hetjens-expirat...')\n#2 /internal/eval.php(20): activate_plugin('hetjens-expirat...')\n#3 {main}\n  thrown in /wordpress/wp-content/plugins/hetjens-expiration-date/Hetjens_Expiration_Date.php on line 148","log":"/logs/plugins/h/hfd-integration/error.json"}
,
{"message":"Uncaught Error: Call to undefined function create_function() in /wordpress/wp-content/plugins/hetjens-expiration-date/Hetjens_Expiration_Date.php:148","level":"FATAL","type":"PHP","test":"ast-sqlite-boot","plugin":"hfd-integration","details":"[23-Jun-2025 11:50:32 UTC] PHP Fatal error:  Uncaught Error: Call to undefined function create_function() in /wordpress/wp-content/plugins/hetjens-expiration-date/Hetjens_Expiration_Date.php:148\nStack trace:\n#0 /wordpress/wp-admin/includes/plugin.php(2387): include_once()\n#1 /wordpress/wp-admin/includes/plugin.php(673): plugin_sandbox_scrape('hetjens-expirat...')\n#2 /internal/eval.php(20): activate_plugin('hetjens-expirat...')\n#3 {main}\n  thrown in /wordpress/wp-content/plugins/hetjens-expiration-date/Hetjens_Expiration_Date.php on line 148","log":"/logs/plugins/h/hfd-integration/error.json"}
,
{"message":"Uncaught Error: Call to undefined function create_function() in /wordpress/wp-content/plugins/hetjens-expiration-date/Hetjens_Expiration_Date.php:148","level":"FATAL","type":"PHP","test":"ast-sqlite-boot","plugin":"hfd-integration","details":"[23-Jun-2025 11:50:41 UTC] PHP Fatal error:  Uncaught Error: Call to undefined function create_function() in /wordpress/wp-content/plugins/hetjens-expiration-date/Hetjens_Expiration_Date.php:148\nStack trace:\n#0 /wordpress/wp-admin/includes/plugin.php(2387): include_once()\n#1 /wordpress/wp-admin/includes/plugin.php(673): plugin_sandbox_scrape('hetjens-expirat...')\n#2 /internal/eval.php(20): activate_plugin('hetjens-expirat...')\n#3 {main}\n  thrown in /wordpress/wp-content/plugins/hetjens-expiration-date/Hetjens_Expiration_Date.php on line 148","log":"/logs/plugins/h/hfd-integration/error.json"}
,
{"message":"Use of undefined constant STDERR - assumed 'STDERR' (this will throw an Error in a future version of PHP) in /wordpress/wp-content/plugins/heureka/deps/composer/platform_check.php on line 17","level":"WARNING","type":"PHP","test":"ast-sqlite-boot","plugin":"hfd-integration","details":"[23-Jun-2025 11:50:52 UTC] PHP Warning:  Use of undefined constant STDERR - assumed 'STDERR' (this will throw an Error in a future version of PHP) in /wordpress/wp-content/plugins/heureka/deps/composer/platform_check.php on line 17","log":"/logs/plugins/h/hfd-integration/error.json"}
,
{"message":"fwrite() expects parameter 1 to be resource, string given in /wordpress/wp-content/plugins/heureka/deps/composer/platform_check.php on line 17","level":"WARNING","type":"PHP","test":"ast-sqlite-boot","plugin":"hfd-integration","details":"[23-Jun-2025 11:50:52 UTC] PHP Warning:  fwrite() expects parameter 1 to be resource, string given in /wordpress/wp-content/plugins/heureka/deps/composer/platform_check.php on line 17","log":"/logs/plugins/h/hfd-integration/error.json"}
,
{"message":"Composer detected issues in your platform: Your Composer dependencies require a PHP version \">= 7.4.33\". You are running 7.4.31-dev. in /wordpress/wp-content/plugins/heureka/deps/composer/platform_check.php on line 24","level":"FATAL","type":"PHP","test":"ast-sqlite-boot","plugin":"hfd-integration","details":"[23-Jun-2025 11:50:52 UTC] PHP Fatal error:  Composer detected issues in your platform: Your Composer dependencies require a PHP version \">= 7.4.33\". You are running 7.4.31-dev. in /wordpress/wp-content/plugins/heureka/deps/composer/platform_check.php on line 24","log":"/logs/plugins/h/hfd-integration/error.json"}
,
{"message":"Use of undefined constant STDERR - assumed 'STDERR' (this will throw an Error in a future version of PHP) in /wordpress/wp-content/plugins/heureka/deps/composer/platform_check.php on line 17","level":"WARNING","type":"PHP","test":"ast-sqlite-boot","plugin":"hfd-integration","details":"[23-Jun-2025 11:51:02 UTC] PHP Warning:  Use of undefined constant STDERR - assumed 'STDERR' (this will throw an Error in a future version of PHP) in /wordpress/wp-content/plugins/heureka/deps/composer/platform_check.php on line 17","log":"/logs/plugins/h/hfd-integration/error.json"}
,
{"message":"fwrite() expects parameter 1 to be resource, string given in /wordpress/wp-content/plugins/heureka/deps/composer/platform_check.php on line 17","level":"WARNING","type":"PHP","test":"ast-sqlite-boot","plugin":"hfd-integration","details":"[23-Jun-2025 11:51:02 UTC] PHP Warning:  fwrite() expects parameter 1 to be resource, string given in /wordpress/wp-content/plugins/heureka/deps/composer/platform_check.php on line 17","log":"/logs/plugins/h/hfd-integration/error.json"}
,
{"message":"Composer detected issues in your platform: Your Composer dependencies require a PHP version \">= 7.4.33\". You are running 7.4.31-dev. in /wordpress/wp-content/plugins/heureka/deps/composer/platform_check.php on line 24","level":"FATAL","type":"PHP","test":"ast-sqlite-boot","plugin":"hfd-integration","details":"[23-Jun-2025 11:51:02 UTC] PHP Fatal error:  Composer detected issues in your platform: Your Composer dependencies require a PHP version \">= 7.4.33\". You are running 7.4.31-dev. in /wordpress/wp-content/plugins/heureka/deps/composer/platform_check.php on line 24","log":"/logs/plugins/h/hfd-integration/error.json"}
,
{"message":"Use of undefined constant STDERR - assumed 'STDERR' (this will throw an Error in a future version of PHP) in /wordpress/wp-content/plugins/heureka/deps/composer/platform_check.php on line 17","level":"WARNING","type":"PHP","test":"ast-sqlite-boot","plugin":"hfd-integration","details":"[23-Jun-2025 11:51:12 UTC] PHP Warning:  Use of undefined constant STDERR - assumed 'STDERR' (this will throw an Error in a future version of PHP) in /wordpress/wp-content/plugins/heureka/deps/composer/platform_check.php on line 17","log":"/logs/plugins/h/hfd-integration/error.json"}
,
{"message":"fwrite() expects parameter 1 to be resource, string given in /wordpress/wp-content/plugins/heureka/deps/composer/platform_check.php on line 17","level":"WARNING","type":"PHP","test":"ast-sqlite-boot","plugin":"hfd-integration","details":"[23-Jun-2025 11:51:12 UTC] PHP Warning:  fwrite() expects parameter 1 to be resource, string given in /wordpress/wp-content/plugins/heureka/deps/composer/platform_check.php on line 17","log":"/logs/plugins/h/hfd-integration/error.json"}
,
{"message":"Composer detected issues in your platform: Your Composer dependencies require a PHP version \">= 7.4.33\". You are running 7.4.31-dev. in /wordpress/wp-content/plugins/heureka/deps/composer/platform_check.php on line 24","level":"FATAL","type":"PHP","test":"ast-sqlite-boot","plugin":"hfd-integration","details":"[23-Jun-2025 11:51:12 UTC] PHP Fatal error:  Composer detected issues in your platform: Your Composer dependencies require a PHP version \">= 7.4.33\". You are running 7.4.31-dev. in /wordpress/wp-content/plugins/heureka/deps/composer/platform_check.php on line 24","log":"/logs/plugins/h/hfd-integration/error.json"}
,
{"message":"Uncaught Exception: SQLSTATE[HY000] [2002] Address family not supported by protocol in /wordpress/wp-content/plugins/hexreport-sales-analytics-for-woocommerce/vendor/codesvault/howdy-qb/src/Utilities.php:23","level":"FATAL","type":"PHP","test":"ast-sqlite-boot","plugin":"hfd-integration","details":"[23-Jun-2025 11:51:22 UTC] PHP Fatal error:  Uncaught Exception: SQLSTATE[HY000] [2002] Address family not supported by protocol in /wordpress/wp-content/plugins/hexreport-sales-analytics-for-woocommerce/vendor/codesvault/howdy-qb/src/Utilities.php:23\nStack trace:\n#0 /wordpress/wp-content/plugins/hexreport-sales-analytics-for-woocommerce/vendor/codesvault/howdy-qb/src/Connect.php(28): CodesVault\\Howdyqb\\Utilities::throughException(Object(PDOException))\n#1 /wordpress/wp-content/plugins/hexreport-sales-analytics-for-woocommerce/vendor/codesvault/howdy-qb/src/QueryFactory.php(32): CodesVault\\Howdyqb\\Connect::pdo()\n#2 /wordpress/wp-content/plugins/hexreport-sales-analytics-for-woocommerce/vendor/codesvault/howdy-qb/src/DB.php(30): CodesVault\\Howdyqb\\QueryFactory->__construct('pdo')\n#3 /wordpress/wp-content/plugins/hexreport-sales-analytics-for-woocommerce/database/Migrations/CacheMigration.php(16): CodesVault\\Howdyqb\\DB::create('hexreport_visit...')\n#4 /wordpress/wp-content/plugins/hexreport-sales-analytics-for-woocommerce/app/Core/Lib/SingleTon.php(12): HexReport\\Database\\Migrations\\CacheMigration->__construct()\n#5 /wordpress/wp-content/plugins/hexreport-sales-analytics-for-woocommerce/app/Services/ActivationService.php(23): HexReport\\Database\\Migrations\\CacheMigration::getInstance()\n#6 /wordpress/wp-includes/class-wp-hook.php(324): HexReport\\App\\Services\\ActivationService::activate(false)\n#7 /wordpress/wp-includes/class-wp-hook.php(348): WP_Hook->apply_filters('', Array)\n#8 /wordpress/wp-includes/plugin.php(517): WP_Hook->do_action(Array)\n#9 /wordpress/wp-admin/includes/plugin.php(703): do_action('activate_hexrep...', false)\n#10 /internal/eval.php(20): activate_plugin('hexreport-sales...')\n#11 {main}\n  thrown in /wordpress/wp-content/plugins/hexreport-sales-analytics-for-woocommerce/vendor/codesvault/howdy-qb/src/Utilities.php on line 23","log":"/logs/plugins/h/hfd-integration/error.json"}
,
{"message":"Uncaught Exception: SQLSTATE[HY000] [2002] Address family not supported by protocol in /wordpress/wp-content/plugins/hexreport-sales-analytics-for-woocommerce/vendor/codesvault/howdy-qb/src/Utilities.php:23","level":"FATAL","type":"PHP","test":"ast-sqlite-boot","plugin":"hfd-integration","details":"[23-Jun-2025 11:51:32 UTC] PHP Fatal error:  Uncaught Exception: SQLSTATE[HY000] [2002] Address family not supported by protocol in /wordpress/wp-content/plugins/hexreport-sales-analytics-for-woocommerce/vendor/codesvault/howdy-qb/src/Utilities.php:23\nStack trace:\n#0 /wordpress/wp-content/plugins/hexreport-sales-analytics-for-woocommerce/vendor/codesvault/howdy-qb/src/Connect.php(28): CodesVault\\Howdyqb\\Utilities::throughException(Object(PDOException))\n#1 /wordpress/wp-content/plugins/hexreport-sales-analytics-for-woocommerce/vendor/codesvault/howdy-qb/src/QueryFactory.php(32): CodesVault\\Howdyqb\\Connect::pdo()\n#2 /wordpress/wp-content/plugins/hexreport-sales-analytics-for-woocommerce/vendor/codesvault/howdy-qb/src/DB.php(30): CodesVault\\Howdyqb\\QueryFactory->__construct('pdo')\n#3 /wordpress/wp-content/plugins/hexreport-sales-analytics-for-woocommerce/database/Migrations/CacheMigration.php(16): CodesVault\\Howdyqb\\DB::create('hexreport_visit...')\n#4 /wordpress/wp-content/plugins/hexreport-sales-analytics-for-woocommerce/app/Core/Lib/SingleTon.php(12): HexReport\\Database\\Migrations\\CacheMigration->__construct()\n#5 /wordpress/wp-content/plugins/hexreport-sales-analytics-for-woocommerce/app/Services/ActivationService.php(23): HexReport\\Database\\Migrations\\CacheMigration::getInstance()\n#6 /wordpress/wp-includes/class-wp-hook.php(324): HexReport\\App\\Services\\ActivationService::activate(false)\n#7 /wordpress/wp-includes/class-wp-hook.php(348): WP_Hook->apply_filters('', Array)\n#8 /wordpress/wp-includes/plugin.php(517): WP_Hook->do_action(Array)\n#9 /wordpress/wp-admin/includes/plugin.php(703): do_action('activate_hexrep...', false)\n#10 /internal/eval.php(20): activate_plugin('hexreport-sales...')\n#11 {main}\n  thrown in /wordpress/wp-content/plugins/hexreport-sales-analytics-for-woocommerce/vendor/codesvault/howdy-qb/src/Utilities.php on line 23","log":"/logs/plugins/h/hfd-integration/error.json"}
,
{"message":"Uncaught Exception: SQLSTATE[HY000] [2002] Address family not supported by protocol in /wordpress/wp-content/plugins/hexreport-sales-analytics-for-woocommerce/vendor/codesvault/howdy-qb/src/Utilities.php:23","level":"FATAL","type":"PHP","test":"ast-sqlite-boot","plugin":"hfd-integration","details":"[23-Jun-2025 11:51:42 UTC] PHP Fatal error:  Uncaught Exception: SQLSTATE[HY000] [2002] Address family not supported by protocol in /wordpress/wp-content/plugins/hexreport-sales-analytics-for-woocommerce/vendor/codesvault/howdy-qb/src/Utilities.php:23\nStack trace:\n#0 /wordpress/wp-content/plugins/hexreport-sales-analytics-for-woocommerce/vendor/codesvault/howdy-qb/src/Connect.php(28): CodesVault\\Howdyqb\\Utilities::throughException(Object(PDOException))\n#1 /wordpress/wp-content/plugins/hexreport-sales-analytics-for-woocommerce/vendor/codesvault/howdy-qb/src/QueryFactory.php(32): CodesVault\\Howdyqb\\Connect::pdo()\n#2 /wordpress/wp-content/plugins/hexreport-sales-analytics-for-woocommerce/vendor/codesvault/howdy-qb/src/DB.php(30): CodesVault\\Howdyqb\\QueryFactory->__construct('pdo')\n#3 /wordpress/wp-content/plugins/hexreport-sales-analytics-for-woocommerce/database/Migrations/CacheMigration.php(16): CodesVault\\Howdyqb\\DB::create('hexreport_visit...')\n#4 /wordpress/wp-content/plugins/hexreport-sales-analytics-for-woocommerce/app/Core/Lib/SingleTon.php(12): HexReport\\Database\\Migrations\\CacheMigration->__construct()\n#5 /wordpress/wp-content/plugins/hexreport-sales-analytics-for-woocommerce/app/Services/ActivationService.php(23): HexReport\\Database\\Migrations\\CacheMigration::getInstance()\n#6 /wordpress/wp-includes/class-wp-hook.php(324): HexReport\\App\\Services\\ActivationService::activate(false)\n#7 /wordpress/wp-includes/class-wp-hook.php(348): WP_Hook->apply_filters('', Array)\n#8 /wordpress/wp-includes/plugin.php(517): WP_Hook->do_action(Array)\n#9 /wordpress/wp-admin/includes/plugin.php(703): do_action('activate_hexrep...', false)\n#10 /internal/eval.php(20): activate_plugin('hexreport-sales...')\n#11 {main}\n  thrown in /wordpress/wp-content/plugins/hexreport-sales-analytics-for-woocommerce/vendor/codesvault/howdy-qb/src/Utilities.php on line 23","log":"/logs/plugins/h/hfd-integration/error.json"}
,
{"message":"Uncaught Error: Class \"WC_Shipping_Method\" not found in /wordpress/wp-content/plugins/hfd-integration/class/Shipping/Epost.php:10","level":"FATAL","type":"PHP","test":"ast-sqlite-boot","plugin":"hfd-integration","details":"[23-Jun-2025 11:52:43 UTC] PHP Fatal error:  Uncaught Error: Class \"WC_Shipping_Method\" not found in /wordpress/wp-content/plugins/hfd-integration/class/Shipping/Epost.php:10\nStack trace:\n#0 /wordpress/wp-content/plugins/hfd-integration/class/AutoLoad.php(42): require_once()\n#1 /wordpress/wp-content/plugins/hfd-integration/class/App.php(22): Hfd\\Woocommerce\\AutoLoad->load('Hfd\\\\Woocommerce...')\n#2 /wordpress/wp-content/plugins/hfd-integration/class/Setting.php(41): Hfd\\Woocommerce\\App->Hfd\\Woocommerce\\{closure}('Hfd\\\\Woocommerce...')\n#3 /wordpress/wp-content/plugins/hfd-integration/class/App.php(457): Hfd\\Woocommerce\\Setting->initDefaultSetting()\n#4 /wordpress/wp-includes/class-wp-hook.php(324): Hfd\\Woocommerce\\App->pluginActivation(false)\n#5 /wordpress/wp-includes/class-wp-hook.php(348): WP_Hook->apply_filters('', Array)\n#6 /wordpress/wp-includes/plugin.php(517): WP_Hook->do_action(Array)\n#7 /wordpress/wp-admin/includes/plugin.php(703): do_action('activate_hfd-in...', false)\n#8 /internal/eval.php(20): activate_plugin('hfd-integration...')\n#9 {main}\n  thrown in /wordpress/wp-content/plugins/hfd-integration/class/Shipping/Epost.php on line 10\n\n    at Object.onBind (file:///home/runner/work/playground-tester/playground-tester/node_modules/@wp-playground/cli/run-cli-j-geJYS3.js:325:15)\n    at process.processTicksAndRejections (node:internal/process/task_queues:105:5)\n    at async re (file:///home/runner/work/playground-tester/playground-tester/node_modules/@wp-playground/cli/run-cli-j-geJYS3.js:149:10) {\n  [cause]: Error: Error when executing the blueprint step #5 ({\"step\":\"installPlugin\",\"pluginData\":{\"resource\":\"wordpress.org/plugins\",\"slug\":\"hfd-integration\"},\"options\":{\"activate\":true}}) : PHP.run() failed with exit code 255 and the following output: \n      at Object.run (file:///home/runner/work/playground-tester/playground-tester/node_modules/@wp-playground/blueprints/index.js:12093:19)\n      at process.processTicksAndRejections (node:internal/process/task_queues:105:5)\n      at async ys (file:///home/runner/work/playground-tester/playground-tester/node_modules/@wp-playground/blueprints/index.js:12196:3)\n      at async Object.onBind (file:///home/runner/work/playground-tester/playground-tester/node_modules/@wp-playground/cli/run-cli-j-geJYS3.js:315:48)\n      at async re (file:///home/runner/work/playground-tester/playground-tester/node_modules/@wp-playground/cli/run-cli-j-geJYS3.js:149:10) {\n    [cause]: PHPExecutionFailureError: PHP.run() failed with exit code 255 and the following output: \n        at PHP.run (file:///home/runner/work/playground-tester/playground-tester/node_modules/@php-wasm/universal/index.js:1034:19)\n        at process.processTicksAndRejections (node:internal/process/task_queues:105:5)\n        at async wr (file:///home/runner/work/playground-tester/playground-tester/node_modules/@wp-playground/blueprints/index.js:34:39)\n        at async Object.gt [as installPlugin] (file:///home/runner/work/playground-tester/playground-tester/node_modules/@wp-playground/blueprints/index.js:631:42)\n        at async g (file:///home/runner/work/playground-tester/playground-tester/node_modules/@wp-playground/blueprints/index.js:12161:30)\n        at async Object.run (file:///home/runner/work/playground-tester/playground-tester/node_modules/@wp-playground/blueprints/index.js:12090:23)\n        at async ys (file:///home/runner/work/playground-tester/playground-tester/node_modules/@wp-playground/blueprints/index.js:12196:3)\n        at async Object.onBind (file:///home/runner/work/playground-tester/playground-tester/node_modules/@wp-playground/cli/run-cli-j-geJYS3.js:315:48)\n        at async re (file:///home/runner/work/playground-tester/playground-tester/node_modules/@wp-playground/cli/run-cli-j-geJYS3.js:149:10) {\n      response: PHPResponse {\n        httpStatusCode: 500,\n        headers: {\n          'x-powered-by': [ 'PHP/8.0.30-dev' ],\n          'content-type': [ 'text/html; charset=UTF-8' ]\n        },\n        bytes: Uint8Array(0) [],\n        exitCode: 255,\n        errors: ''\n      },\n      source: 'request'\n    }\n  }\n}\n\n","log":"/logs/plugins/h/hfd-integration/error.json"}
]
