file:///home/runner/work/playground-tester/playground-tester/node_modules/@wp-playground/cli/index.js:237
        throw new Error(y, { cause: u });
              ^

Error: [07-May-2025 07:28:17 UTC] PHP Fatal error:  Uncaught TypeError: call_user_func_array(): Argument #1 ($callback) must be a valid callback, non-static method SSLCertTracker::activate() cannot be called statically in /wordpress/wp-includes/class-wp-hook.php:324
Stack trace:
#0 /wordpress/wp-includes/class-wp-hook.php(348): WP_Hook->apply_filters('', Array)
#1 /wordpress/wp-includes/plugin.php(517): WP_Hook->do_action(Array)
#2 /wordpress/wp-admin/includes/plugin.php(703): do_action('activate_ssl-ce...', false)
#3 /internal/eval.php(20): activate_plugin('ssl-cert-tracke...')
#4 {main}
  thrown in /wordpress/wp-includes/class-wp-hook.php on line 324
[07-May-2025 07:28:24 UTC] PHP Fatal error:  Uncaught TypeError: call_user_func_array(): Argument #1 ($callback) must be a valid callback, non-static method SSLCertTracker::activate() cannot be called statically in /wordpress/wp-includes/class-wp-hook.php:324
Stack trace:
#0 /wordpress/wp-includes/class-wp-hook.php(348): WP_Hook->apply_filters('', Array)
#1 /wordpress/wp-includes/plugin.php(517): WP_Hook->do_action(Array)
#2 /wordpress/wp-admin/includes/plugin.php(703): do_action('activate_ssl-ce...', false)
#3 /internal/eval.php(20): activate_plugin('ssl-cert-tracke...')
#4 {main}
  thrown in /wordpress/wp-includes/class-wp-hook.php on line 324
[07-May-2025 07:28:31 UTC] PHP Fatal error:  Uncaught TypeError: call_user_func_array(): Argument #1 ($callback) must be a valid callback, non-static method SSLCertTracker::activate() cannot be called statically in /wordpress/wp-includes/class-wp-hook.php:324
Stack trace:
#0 /wordpress/wp-includes/class-wp-hook.php(348): WP_Hook->apply_filters('', Array)
#1 /wordpress/wp-includes/plugin.php(517): WP_Hook->do_action(Array)
#2 /wordpress/wp-admin/includes/plugin.php(703): do_action('activate_ssl-ce...', false)
#3 /internal/eval.php(20): activate_plugin('ssl-cert-tracke...')
#4 {main}
  thrown in /wordpress/wp-includes/class-wp-hook.php on line 324
[07-May-2025 07:30:54 UTC] PHP Warning:  Undefined array key "width" in /wordpress/wp-content/plugins/simages/classes/simages.class.php on line 233
[07-May-2025 07:30:54 UTC] PHP Warning:  Undefined array key "height" in /wordpress/wp-content/plugins/simages/classes/simages.class.php on line 233
[07-May-2025 07:30:54 UTC] PHP Warning:  Undefined array key "crop" in /wordpress/wp-content/plugins/simages/classes/simages.class.php on line 233
[07-May-2025 07:31:02 UTC] PHP Warning:  Undefined array key "width" in /wordpress/wp-content/plugins/simages/classes/simages.class.php on line 233
[07-May-2025 07:31:02 UTC] PHP Warning:  Undefined array key "height" in /wordpress/wp-content/plugins/simages/classes/simages.class.php on line 233
[07-May-2025 07:31:02 UTC] PHP Warning:  Undefined array key "crop" in /wordpress/wp-content/plugins/simages/classes/simages.class.php on line 233
[07-May-2025 07:31:10 UTC] PHP Warning:  Undefined array key "width" in /wordpress/wp-content/plugins/simages/classes/simages.class.php on line 233
[07-May-2025 07:31:10 UTC] PHP Warning:  Undefined array key "height" in /wordpress/wp-content/plugins/simages/classes/simages.class.php on line 233
[07-May-2025 07:31:10 UTC] PHP Warning:  Undefined array key "crop" in /wordpress/wp-content/plugins/simages/classes/simages.class.php on line 233
[07-May-2025 07:32:12 UTC] PHP Warning:  include_once(/wordpress/wp-content/plugins/bonds_extra/bonds_extra.php): Failed to open stream: No such file or directory in /wordpress/wp-content/plugins/simple-bitcoin-faucets/bonds/bonds.php on line 15
[07-May-2025 07:32:12 UTC] PHP Warning:  include_once(): Failed opening '/wordpress/wp-content/plugins/bonds_extra/bonds_extra.php' for inclusion (include_path='.:') in /wordpress/wp-content/plugins/simple-bitcoin-faucets/bonds/bonds.php on line 15
[07-May-2025 07:32:13 UTC] PHP Warning:  include_once(/wordpress/wp-content/plugins/bonds_extra/bonds_extra.php): Failed to open stream: No such file or directory in /wordpress/wp-content/plugins/simple-bitcoin-faucets/bonds/bonds.php on line 15
[07-May-2025 07:32:13 UTC] PHP Warning:  include_once(): Failed opening '/wordpress/wp-content/plugins/bonds_extra/bonds_extra.php' for inclusion (include_path='.:') in /wordpress/wp-content/plugins/simple-bitcoin-faucets/bonds/bonds.php on line 15
[07-May-2025 07:32:22 UTC] PHP Warning:  include_once(/wordpress/wp-content/plugins/bonds_extra/bonds_extra.php): Failed to open stream: No such file or directory in /wordpress/wp-content/plugins/simple-bitcoin-faucets/bonds/bonds.php on line 15
[07-May-2025 07:32:22 UTC] PHP Warning:  include_once(): Failed opening '/wordpress/wp-content/plugins/bonds_extra/bonds_extra.php' for inclusion (include_path='.:') in /wordpress/wp-content/plugins/simple-bitcoin-faucets/bonds/bonds.php on line 15
[07-May-2025 07:32:23 UTC] PHP Warning:  include_once(/wordpress/wp-content/plugins/bonds_extra/bonds_extra.php): Failed to open stream: No such file or directory in /wordpress/wp-content/plugins/simple-bitcoin-faucets/bonds/bonds.php on line 15
[07-May-2025 07:32:23 UTC] PHP Warning:  include_once(): Failed opening '/wordpress/wp-content/plugins/bonds_extra/bonds_extra.php' for inclusion (include_path='.:') in /wordpress/wp-content/plugins/simple-bitcoin-faucets/bonds/bonds.php on line 15
[07-May-2025 07:32:31 UTC] PHP Warning:  include_once(/wordpress/wp-content/plugins/bonds_extra/bonds_extra.php): Failed to open stream: No such file or directory in /wordpress/wp-content/plugins/simple-bitcoin-faucets/bonds/bonds.php on line 15
[07-May-2025 07:32:31 UTC] PHP Warning:  include_once(): Failed opening '/wordpress/wp-content/plugins/bonds_extra/bonds_extra.php' for inclusion (include_path='.:') in /wordpress/wp-content/plugins/simple-bitcoin-faucets/bonds/bonds.php on line 15
[07-May-2025 07:32:31 UTC] PHP Warning:  include_once(/wordpress/wp-content/plugins/bonds_extra/bonds_extra.php): Failed to open stream: No such file or directory in /wordpress/wp-content/plugins/simple-bitcoin-faucets/bonds/bonds.php on line 15
[07-May-2025 07:32:31 UTC] PHP Warning:  include_once(): Failed opening '/wordpress/wp-content/plugins/bonds_extra/bonds_extra.php' for inclusion (include_path='.:') in /wordpress/wp-content/plugins/simple-bitcoin-faucets/bonds/bonds.php on line 15
[07-May-2025 07:32:39 UTC] PHP Fatal error:  Uncaught Error: Undefined constant "version__MLSS" in /wordpress/wp-content/plugins/simple-database-exportimport-for-migration-or-backup/index.php:39
Stack trace:
#0 /wordpress/wp-includes/class-wp-hook.php(324): refresh_options__SDIEM(false)
#1 /wordpress/wp-includes/class-wp-hook.php(348): WP_Hook->apply_filters('', Array)
#2 /wordpress/wp-includes/plugin.php(517): WP_Hook->do_action(Array)
#3 /wordpress/wp-admin/includes/plugin.php(703): do_action('activate_simple...', false)
#4 /internal/eval.php(20): activate_plugin('simple-database...')
#5 {main}
  thrown in /wordpress/wp-content/plugins/simple-database-exportimport-for-migration-or-backup/index.php on line 39
[07-May-2025 07:32:47 UTC] PHP Fatal error:  Uncaught Error: Undefined constant "version__MLSS" in /wordpress/wp-content/plugins/simple-database-exportimport-for-migration-or-backup/index.php:39
Stack trace:
#0 /wordpress/wp-includes/class-wp-hook.php(324): refresh_options__SDIEM(false)
#1 /wordpress/wp-includes/class-wp-hook.php(348): WP_Hook->apply_filters('', Array)
#2 /wordpress/wp-includes/plugin.php(517): WP_Hook->do_action(Array)
#3 /wordpress/wp-admin/includes/plugin.php(703): do_action('activate_simple...', false)
#4 /internal/eval.php(20): activate_plugin('simple-database...')
#5 {main}
  thrown in /wordpress/wp-content/plugins/simple-database-exportimport-for-migration-or-backup/index.php on line 39
[07-May-2025 07:32:56 UTC] PHP Fatal error:  Uncaught Error: Undefined constant "version__MLSS" in /wordpress/wp-content/plugins/simple-database-exportimport-for-migration-or-backup/index.php:39
Stack trace:
#0 /wordpress/wp-includes/class-wp-hook.php(324): refresh_options__SDIEM(false)
#1 /wordpress/wp-includes/class-wp-hook.php(348): WP_Hook->apply_filters('', Array)
#2 /wordpress/wp-includes/plugin.php(517): WP_Hook->do_action(Array)
#3 /wordpress/wp-admin/includes/plugin.php(703): do_action('activate_simple...', false)
#4 /internal/eval.php(20): activate_plugin('simple-database...')
#5 {main}
  thrown in /wordpress/wp-content/plugins/simple-database-exportimport-for-migration-or-backup/index.php on line 39
[07-May-2025 07:33:04 UTC] PHP Warning:  Undefined array key "action" in /wordpress/wp-content/plugins/simple-facebook-comments-for-wordpress/SFCController.php on line 18
[07-May-2025 07:33:04 UTC] PHP Fatal error:  Uncaught PDOException: SQLSTATE[HY000] [2002] Address family not supported by protocol in /wordpress/wp-content/plugins/simple-facebook-comments-for-wordpress/Model/PdoSingleton.php:10
Stack trace:
#0 /wordpress/wp-content/plugins/simple-facebook-comments-for-wordpress/Model/PdoSingleton.php(10): PDO->__construct('mysql:dbname=da...', 'username_here', 'password_here')
#1 /wordpress/wp-content/plugins/simple-facebook-comments-for-wordpress/Model/PdoSingleton.php(18): PdoSingleton->__construct('database_name_h...', 'localhost', 'username_here', 'password_here')
#2 /wordpress/wp-content/plugins/simple-facebook-comments-for-wordpress/SFCController.php(25): PdoSingleton::initialize('database_name_h...', 'localhost', 'username_here', 'password_here')
#3 /wordpress/wp-admin/includes/plugin.php(2387): include_once('/wordpress/wp-c...')
#4 /wordpress/wp-admin/includes/plugin.php(673): plugin_sandbox_scrape('simple-facebook...')
#5 /internal/eval.php(20): activate_plugin('simple-facebook...')
#6 {main}
  thrown in /wordpress/wp-content/plugins/simple-facebook-comments-for-wordpress/Model/PdoSingleton.php on line 10
[07-May-2025 07:33:11 UTC] PHP Warning:  Undefined array key "action" in /wordpress/wp-content/plugins/simple-facebook-comments-for-wordpress/SFCController.php on line 18
[07-May-2025 07:33:11 UTC] PHP Fatal error:  Uncaught PDOException: SQLSTATE[HY000] [2002] Address family not supported by protocol in /wordpress/wp-content/plugins/simple-facebook-comments-for-wordpress/Model/PdoSingleton.php:10
Stack trace:
#0 /wordpress/wp-content/plugins/simple-facebook-comments-for-wordpress/Model/PdoSingleton.php(10): PDO->__construct('mysql:dbname=da...', 'username_here', 'password_here')
#1 /wordpress/wp-content/plugins/simple-facebook-comments-for-wordpress/Model/PdoSingleton.php(18): PdoSingleton->__construct('database_name_h...', 'localhost', 'username_here', 'password_here')
#2 /wordpress/wp-content/plugins/simple-facebook-comments-for-wordpress/SFCController.php(25): PdoSingleton::initialize('database_name_h...', 'localhost', 'username_here', 'password_here')
#3 /wordpress/wp-admin/includes/plugin.php(2387): include_once('/wordpress/wp-c...')
#4 /wordpress/wp-admin/includes/plugin.php(673): plugin_sandbox_scrape('simple-facebook...')
#5 /internal/eval.php(20): activate_plugin('simple-facebook...')
#6 {main}
  thrown in /wordpress/wp-content/plugins/simple-facebook-comments-for-wordpress/Model/PdoSingleton.php on line 10
[07-May-2025 07:33:18 UTC] PHP Warning:  Undefined array key "action" in /wordpress/wp-content/plugins/simple-facebook-comments-for-wordpress/SFCController.php on line 18
[07-May-2025 07:33:18 UTC] PHP Fatal error:  Uncaught PDOException: SQLSTATE[HY000] [2002] Address family not supported by protocol in /wordpress/wp-content/plugins/simple-facebook-comments-for-wordpress/Model/PdoSingleton.php:10
Stack trace:
#0 /wordpress/wp-content/plugins/simple-facebook-comments-for-wordpress/Model/PdoSingleton.php(10): PDO->__construct('mysql:dbname=da...', 'username_here', 'password_here')
#1 /wordpress/wp-content/plugins/simple-facebook-comments-for-wordpress/Model/PdoSingleton.php(18): PdoSingleton->__construct('database_name_h...', 'localhost', 'username_here', 'password_here')
#2 /wordpress/wp-content/plugins/simple-facebook-comments-for-wordpress/SFCController.php(25): PdoSingleton::initialize('database_name_h...', 'localhost', 'username_here', 'password_here')
#3 /wordpress/wp-admin/includes/plugin.php(2387): include_once('/wordpress/wp-c...')
#4 /wordpress/wp-admin/includes/plugin.php(673): plugin_sandbox_scrape('simple-facebook...')
#5 /internal/eval.php(20): activate_plugin('simple-facebook...')
#6 {main}
  thrown in /wordpress/wp-content/plugins/simple-facebook-comments-for-wordpress/Model/PdoSingleton.php on line 10
[07-May-2025 07:33:27 UTC] PHP Fatal error:  Uncaught Error: Call to undefined function create_function() in /wordpress/wp-content/plugins/simple-google-contact-map/googlemap-sgcm.php:178
Stack trace:
#0 /wordpress/wp-admin/includes/plugin.php(2387): include_once()
#1 /wordpress/wp-admin/includes/plugin.php(673): plugin_sandbox_scrape('simple-google-c...')
#2 /internal/eval.php(20): activate_plugin('simple-google-c...')
#3 {main}
  thrown in /wordpress/wp-content/plugins/simple-google-contact-map/googlemap-sgcm.php on line 178
[07-May-2025 07:33:35 UTC] PHP Fatal error:  Uncaught Error: Call to undefined function create_function() in /wordpress/wp-content/plugins/simple-google-contact-map/googlemap-sgcm.php:178
Stack trace:
#0 /wordpress/wp-admin/includes/plugin.php(2387): include_once()
#1 /wordpress/wp-admin/includes/plugin.php(673): plugin_sandbox_scrape('simple-google-c...')
#2 /internal/eval.php(20): activate_plugin('simple-google-c...')
#3 {main}
  thrown in /wordpress/wp-content/plugins/simple-google-contact-map/googlemap-sgcm.php on line 178
[07-May-2025 07:33:42 UTC] PHP Fatal error:  Uncaught Error: Call to undefined function create_function() in /wordpress/wp-content/plugins/simple-google-contact-map/googlemap-sgcm.php:178
Stack trace:
#0 /wordpress/wp-admin/includes/plugin.php(2387): include_once()
#1 /wordpress/wp-admin/includes/plugin.php(673): plugin_sandbox_scrape('simple-google-c...')
#2 /internal/eval.php(20): activate_plugin('simple-google-c...')
#3 {main}
  thrown in /wordpress/wp-content/plugins/simple-google-contact-map/googlemap-sgcm.php on line 178

    at Object.onBind (file:///home/runner/work/playground-tester/playground-tester/node_modules/@wp-playground/cli/index.js:237:15)
    at process.processTicksAndRejections (node:internal/process/task_queues:105:5)
    at async V (file:///home/runner/work/playground-tester/playground-tester/node_modules/@wp-playground/cli/index.js:64:10)
    at async ja (file:///home/runner/work/playground-tester/playground-tester/node_modules/@wp-playground/cli/cli.js:8161:12) {
  [cause]: Error: Error when executing the blueprint step #1 ({"step":"installPlugin","pluginData":{"resource":"wordpress.org/plugins","slug":"simple-google-contact-map"},"options":{"activate":true}}) : PHP.run() failed with exit code 255 and the following output: 
      at Object.run (file:///home/runner/work/playground-tester/playground-tester/node_modules/@wp-playground/blueprints/index.js:12449:19)
      at process.processTicksAndRejections (node:internal/process/task_queues:105:5)
      at async ms (file:///home/runner/work/playground-tester/playground-tester/node_modules/@wp-playground/blueprints/index.js:12552:3)
      ... 2 lines matching cause stack trace ...
      at async ja (file:///home/runner/work/playground-tester/playground-tester/node_modules/@wp-playground/cli/cli.js:8161:12) {
    [cause]: PHPExecutionFailureError: PHP.run() failed with exit code 255 and the following output: 
        at PHP.run (file:///home/runner/work/playground-tester/playground-tester/node_modules/@php-wasm/universal/index.js:987:19)
        at process.processTicksAndRejections (node:internal/process/task_queues:105:5)
        at async wr (file:///home/runner/work/playground-tester/playground-tester/node_modules/@wp-playground/blueprints/index.js:33:39)
        at async Object.gt [as installPlugin] (file:///home/runner/work/playground-tester/playground-tester/node_modules/@wp-playground/blueprints/index.js:974:42)
        at async g (file:///home/runner/work/playground-tester/playground-tester/node_modules/@wp-playground/blueprints/index.js:12517:30)
        at async Object.run (file:///home/runner/work/playground-tester/playground-tester/node_modules/@wp-playground/blueprints/index.js:12446:23)
        at async ms (file:///home/runner/work/playground-tester/playground-tester/node_modules/@wp-playground/blueprints/index.js:12552:3)
        at async Object.onBind (file:///home/runner/work/playground-tester/playground-tester/node_modules/@wp-playground/cli/index.js:227:48)
        at async V (file:///home/runner/work/playground-tester/playground-tester/node_modules/@wp-playground/cli/index.js:64:10)
        at async ja (file:///home/runner/work/playground-tester/playground-tester/node_modules/@wp-playground/cli/cli.js:8161:12) {
      response: PHPResponse {
        httpStatusCode: 500,
        headers: {
          'x-powered-by': [ 'PHP/8.0.30-dev' ],
          'content-type': [ 'text/html; charset=UTF-8' ]
        },
        bytes: Uint8Array(0) [],
        exitCode: 255,
        errors: ''
      },
      source: 'request'
    }
  }
}

Node.js v23.11.0
