file:///home/runner/work/playground-tester/playground-tester/node_modules/@wp-playground/cli/index.js:237
        throw new Error(y, { cause: u });
              ^

Error: [22-May-2025 14:53:20 UTC] WordPress database error <div style="clear:both">&nbsp;</div>
<div class="queries" style="clear:both;margin-bottom:2px;border:red dotted thin;">
<p>MySQL query:</p>
<p>CREATE TABLE IF NOT EXISTS `wp_xh_sessions` (
                	`session_id` BIGINT(20) NOT NULL AUTO_INCREMENT,
                	`session_key` CHAR(32) NOT NULL,
                	`session_value` LONGTEXT NOT NULL,
                	`session_expiry` BIGINT(20) NOT NULL,
                	PRIMARY KEY (`session_key`),
                	UNIQUE INDEX `session_id` (`session_id`)
                )
                ;</p>
<p>Queries made or created this session were:</p>
<ol>
<li>Executing: BEGIN | (no parameters)</li>
<li>Executing: ROLLBACK | (no parameters)</li>
</ol>
</div>
<div style="clear:both;margin-bottom:2px;border:red dotted thin;" class="error_message" style="border-bottom:dotted blue thin;">
Error occurred at line 4117 in Function <code>handle_error</code>. Error message was: Cannot combine AUTOINCREMENT and multiple primary keys in SQLite.
</div>
<p>Backtrace:</p>
<pre>#0 /internal/shared/sqlite-database-integration/wp-includes/sqlite/class-wp-sqlite-db.php(287): WP_SQLite_Translator->get_error_message()
#1 /wordpress/wp-content/plugins/wc-china-checkout/includes/class-xh-session-handler.php(518): WP_SQLite_DB->query('CREATE TABLE IF...')
#2 /wordpress/wp-content/plugins/wc-china-checkout/init.php(399): XH_Session_Handler_Model->init()
#3 /wordpress/wp-includes/class-wp-hook.php(324): WC_Sinic->_register_activation_hook(false)
#4 /wordpress/wp-includes/class-wp-hook.php(348): WP_Hook->apply_filters('', Array)
#5 /wordpress/wp-includes/plugin.php(517): WP_Hook->do_action(Array)
#6 /wordpress/wp-admin/includes/plugin.php(703): do_action('activate_wc-chi...', false)
#7 /internal/eval.php(20): activate_plugin('wc-china-checko...')
#8 {main}</pre>
 for query CREATE TABLE IF NOT EXISTS `wp_xh_sessions` (
                	`session_id` BIGINT(20) NOT NULL AUTO_INCREMENT,
                	`session_key` CHAR(32) NOT NULL,
                	`session_value` LONGTEXT NOT NULL,
                	`session_expiry` BIGINT(20) NOT NULL,
                	PRIMARY KEY (`session_key`),
                	UNIQUE INDEX `session_id` (`session_id`)
                )
                ; made by activate_plugin, do_action('activate_wc-china-checkout/init.php'), WP_Hook->do_action, WP_Hook->apply_filters, WC_Sinic->_register_activation_hook, XH_Session_Handler_Model->init, WP_SQLite_DB->query, WP_SQLite_DB->print_error
[22-May-2025 14:53:20 UTC] PHP Fatal error:  Uncaught Exception: <div style="clear:both">&nbsp;</div>
<div class="queries" style="clear:both;margin-bottom:2px;border:red dotted thin;">
<p>MySQL query:</p>
<p>CREATE TABLE IF NOT EXISTS `wp_xh_sessions` (
                	`session_id` BIGINT(20) NOT NULL AUTO_INCREMENT,
                	`session_key` CHAR(32) NOT NULL,
                	`session_value` LONGTEXT NOT NULL,
                	`session_expiry` BIGINT(20) NOT NULL,
                	PRIMARY KEY (`session_key`),
                	UNIQUE INDEX `session_id` (`session_id`)
                )
                ;</p>
<p>Queries made or created this session were:</p>
<ol>
<li>Executing: BEGIN | (no parameters)</li>
<li>Executing: ROLLBACK | (no parameters)</li>
</ol>
</div>
<div style="clear:both;margin-bottom:2px;border:red dotted thin;" class="error_message" style="border-bottom:dotted blue thin;">
Error occurred at line 4117 in Function <code>handle_error</code>. Error message was: Cannot combine AUTOINCREMENT and multiple primary keys in SQLite.
</div>
<p>Backtrace:</p>
<pre>#0 /internal/shared/sqlite-database-integration/wp-includes/sqlite/class-wp-sqlite-db.php(287): WP_SQLite_Translator->get_error_message()
#1 /wordpress/wp-content/plugins/wc-china-checkout/includes/class-xh-session-handler.php(518): WP_SQLite_DB->query('CREATE TABLE IF...')
#2 /wordpress/wp-content/plugins/wc-china-checkout/init.php(399): XH_Session_Handler_Model->init()
#3 /wordpress/wp-includes/class-wp-hook.php(324): WC_Sinic->_register_activation_hook(false)
#4 /wordpress/wp-includes/class-wp-hook.php(348): WP_Hook->apply_filters('', Array)
#5 /wordpress/wp-includes/plugin.php(517): WP_Hook->do_action(Array)
#6 /wordpress/wp-admin/includes/plugin.php(703): do_action('activate_wc-chi...', false)
#7 /internal/eval.php(20): activate_plugin('wc-china-checko...')
#8 {main}</pre>
 in /wordpress/wp-content/plugins/wc-china-checkout/includes/class-xh-session-handler.php:521
Stack trace:
#0 /wordpress/wp-content/plugins/wc-china-checkout/init.php(399): XH_Session_Handler_Model->init()
#1 /wordpress/wp-includes/class-wp-hook.php(324): WC_Sinic->_register_activation_hook(false)
#2 /wordpress/wp-includes/class-wp-hook.php(348): WP_Hook->apply_filters('', Array)
#3 /wordpress/wp-includes/plugin.php(517): WP_Hook->do_action(Array)
#4 /wordpress/wp-admin/includes/plugin.php(703): do_action('activate_wc-chi...', false)
#5 /internal/eval.php(20): activate_plugin('wc-china-checko...')
#6 {main}
  thrown in /wordpress/wp-content/plugins/wc-china-checkout/includes/class-xh-session-handler.php on line 521
[22-May-2025 14:53:28 UTC] WordPress database error <div style="clear:both">&nbsp;</div>
<div class="queries" style="clear:both;margin-bottom:2px;border:red dotted thin;">
<p>MySQL query:</p>
<p>CREATE TABLE IF NOT EXISTS `wp_xh_sessions` (
                	`session_id` BIGINT(20) NOT NULL AUTO_INCREMENT,
                	`session_key` CHAR(32) NOT NULL,
                	`session_value` LONGTEXT NOT NULL,
                	`session_expiry` BIGINT(20) NOT NULL,
                	PRIMARY KEY (`session_key`),
                	UNIQUE INDEX `session_id` (`session_id`)
                )
                ;</p>
<p>Queries made or created this session were:</p>
<ol>
<li>Executing: BEGIN | (no parameters)</li>
<li>Executing: ROLLBACK | (no parameters)</li>
</ol>
</div>
<div style="clear:both;margin-bottom:2px;border:red dotted thin;" class="error_message" style="border-bottom:dotted blue thin;">
Error occurred at line 4117 in Function <code>handle_error</code>. Error message was: Cannot combine AUTOINCREMENT and multiple primary keys in SQLite.
</div>
<p>Backtrace:</p>
<pre>#0 /internal/shared/sqlite-database-integration/wp-includes/sqlite/class-wp-sqlite-db.php(287): WP_SQLite_Translator->get_error_message()
#1 /wordpress/wp-content/plugins/wc-china-checkout/includes/class-xh-session-handler.php(518): WP_SQLite_DB->query('CREATE TABLE IF...')
#2 /wordpress/wp-content/plugins/wc-china-checkout/init.php(399): XH_Session_Handler_Model->init()
#3 /wordpress/wp-includes/class-wp-hook.php(324): WC_Sinic->_register_activation_hook(false)
#4 /wordpress/wp-includes/class-wp-hook.php(348): WP_Hook->apply_filters('', Array)
#5 /wordpress/wp-includes/plugin.php(517): WP_Hook->do_action(Array)
#6 /wordpress/wp-admin/includes/plugin.php(703): do_action('activate_wc-chi...', false)
#7 /internal/eval.php(20): activate_plugin('wc-china-checko...')
#8 {main}</pre>
 for query CREATE TABLE IF NOT EXISTS `wp_xh_sessions` (
                	`session_id` BIGINT(20) NOT NULL AUTO_INCREMENT,
                	`session_key` CHAR(32) NOT NULL,
                	`session_value` LONGTEXT NOT NULL,
                	`session_expiry` BIGINT(20) NOT NULL,
                	PRIMARY KEY (`session_key`),
                	UNIQUE INDEX `session_id` (`session_id`)
                )
                ; made by activate_plugin, do_action('activate_wc-china-checkout/init.php'), WP_Hook->do_action, WP_Hook->apply_filters, WC_Sinic->_register_activation_hook, XH_Session_Handler_Model->init, WP_SQLite_DB->query, WP_SQLite_DB->print_error
[22-May-2025 14:53:28 UTC] PHP Fatal error:  Uncaught Exception: <div style="clear:both">&nbsp;</div>
<div class="queries" style="clear:both;margin-bottom:2px;border:red dotted thin;">
<p>MySQL query:</p>
<p>CREATE TABLE IF NOT EXISTS `wp_xh_sessions` (
                	`session_id` BIGINT(20) NOT NULL AUTO_INCREMENT,
                	`session_key` CHAR(32) NOT NULL,
                	`session_value` LONGTEXT NOT NULL,
                	`session_expiry` BIGINT(20) NOT NULL,
                	PRIMARY KEY (`session_key`),
                	UNIQUE INDEX `session_id` (`session_id`)
                )
                ;</p>
<p>Queries made or created this session were:</p>
<ol>
<li>Executing: BEGIN | (no parameters)</li>
<li>Executing: ROLLBACK | (no parameters)</li>
</ol>
</div>
<div style="clear:both;margin-bottom:2px;border:red dotted thin;" class="error_message" style="border-bottom:dotted blue thin;">
Error occurred at line 4117 in Function <code>handle_error</code>. Error message was: Cannot combine AUTOINCREMENT and multiple primary keys in SQLite.
</div>
<p>Backtrace:</p>
<pre>#0 /internal/shared/sqlite-database-integration/wp-includes/sqlite/class-wp-sqlite-db.php(287): WP_SQLite_Translator->get_error_message()
#1 /wordpress/wp-content/plugins/wc-china-checkout/includes/class-xh-session-handler.php(518): WP_SQLite_DB->query('CREATE TABLE IF...')
#2 /wordpress/wp-content/plugins/wc-china-checkout/init.php(399): XH_Session_Handler_Model->init()
#3 /wordpress/wp-includes/class-wp-hook.php(324): WC_Sinic->_register_activation_hook(false)
#4 /wordpress/wp-includes/class-wp-hook.php(348): WP_Hook->apply_filters('', Array)
#5 /wordpress/wp-includes/plugin.php(517): WP_Hook->do_action(Array)
#6 /wordpress/wp-admin/includes/plugin.php(703): do_action('activate_wc-chi...', false)
#7 /internal/eval.php(20): activate_plugin('wc-china-checko...')
#8 {main}</pre>
 in /wordpress/wp-content/plugins/wc-china-checkout/includes/class-xh-session-handler.php:521
Stack trace:
#0 /wordpress/wp-content/plugins/wc-china-checkout/init.php(399): XH_Session_Handler_Model->init()
#1 /wordpress/wp-includes/class-wp-hook.php(324): WC_Sinic->_register_activation_hook(false)
#2 /wordpress/wp-includes/class-wp-hook.php(348): WP_Hook->apply_filters('', Array)
#3 /wordpress/wp-includes/plugin.php(517): WP_Hook->do_action(Array)
#4 /wordpress/wp-admin/includes/plugin.php(703): do_action('activate_wc-chi...', false)
#5 /internal/eval.php(20): activate_plugin('wc-china-checko...')
#6 {main}
  thrown in /wordpress/wp-content/plugins/wc-china-checkout/includes/class-xh-session-handler.php on line 521
[22-May-2025 14:57:54 UTC] PHP Notice:  Function _load_textdomain_just_in_time was called <strong>incorrectly</strong>. Translation loading for the <code>woocommerce</code> domain was triggered too early. This is usually an indicator for some code in the plugin or theme running too early. Translations should be loaded at the <code>init</code> action or later. Please see <a href="https://developer.wordpress.org/advanced-administration/debug/debug-wordpress/">Debugging in WordPress</a> for more information. (This message was added in version 6.7.0.) in /wordpress/wp-includes/functions.php on line 6121
[22-May-2025 14:58:35 UTC] PHP Notice:  Function _load_textdomain_just_in_time was called <strong>incorrectly</strong>. Translation loading for the <code>woocommerce</code> domain was triggered too early. This is usually an indicator for some code in the plugin or theme running too early. Translations should be loaded at the <code>init</code> action or later. Please see <a href="https://developer.wordpress.org/advanced-administration/debug/debug-wordpress/">Debugging in WordPress</a> for more information. (This message was added in version 6.7.0.) in /wordpress/wp-includes/functions.php on line 6121
[22-May-2025 14:59:18 UTC] PHP Notice:  Function _load_textdomain_just_in_time was called <strong>incorrectly</strong>. Translation loading for the <code>woocommerce</code> domain was triggered too early. This is usually an indicator for some code in the plugin or theme running too early. Translations should be loaded at the <code>init</code> action or later. Please see <a href="https://developer.wordpress.org/advanced-administration/debug/debug-wordpress/">Debugging in WordPress</a> for more information. (This message was added in version 6.7.0.) in /wordpress/wp-includes/functions.php on line 6121
[22-May-2025 15:02:39 UTC] PHP Warning:  Trying to access array offset on value of type bool in /wordpress/wp-content/plugins/wp-fastest-site-search/includes/class-expertrecsearch.php on line 76
[22-May-2025 15:02:50 UTC] PHP Warning:  Trying to access array offset on value of type bool in /wordpress/wp-content/plugins/wp-fastest-site-search/includes/class-expertrecsearch.php on line 76
[22-May-2025 15:03:01 UTC] PHP Warning:  Trying to access array offset on value of type bool in /wordpress/wp-content/plugins/wp-fastest-site-search/includes/class-expertrecsearch.php on line 76
[22-May-2025 15:03:39 UTC] WordPress database error <div style="clear:both">&nbsp;</div>
<div class="queries" style="clear:both;margin-bottom:2px;border:red dotted thin;">
<p>MySQL query:</p>
<p>CREATE TABLE IF NOT EXISTS  (
			id int(9) NOT NULL AUTO_INCREMENT PRIMARY KEY,
			full_name varchar(255) NOT NULL,
			email varchar(255) NOT NULL,
			phone varchar(25) NOT NULL,
			city varchar(255) NOT NULL,
			content text NOT NULL,
			status int(1) DEFAULT 0 NOT NULL,
			time datetime DEFAULT '0000-00-00 00:00:00' NOT NULL
		) </p>
<p>Queries made or created this session were:</p>
<ol>
</ol>
</div>
<div style="clear:both;margin-bottom:2px;border:red dotted thin;" class="error_message" style="border-bottom:dotted blue thin;">
Failed to parse the MySQL query.
</div>
<p>Backtrace:</p>
<pre>#0 /internal/shared/sqlite-database-integration/wp-includes/sqlite-ast/class-wp-sqlite-driver.php(606): WP_SQLite_Driver->new_driver_exception('Failed to parse...')
#1 /internal/shared/sqlite-database-integration/wp-includes/sqlite/class-wp-sqlite-db.php(491): WP_SQLite_Driver->query('CREATE TABLE IF...')
#2 /internal/shared/sqlite-database-integration/wp-includes/sqlite/class-wp-sqlite-db.php(432): WP_SQLite_DB->_do_query('CREATE TABLE IF...')
#3 /wordpress/wp-admin/includes/upgrade.php(3280): WP_SQLite_DB->query('CREATE TABLE IF...')
#4 /wordpress/wp-content/plugins/wp-rest-api-contact/includes/api-custom/class.wprac-api-contact-controller.php(92): dbDelta(Array)
#5 /wordpress/wp-content/plugins/wp-rest-api-contact/includes/class.wprac-custom-controller.php(70): WPRAC_Api_Contact_Controller::wprac_create_table()
#6 /wordpress/wp-includes/class-wp-hook.php(324): WPRAC_Controller::wprac_plugin_activation(false)
#7 /wordpress/wp-includes/class-wp-hook.php(348): WP_Hook->apply_filters('', Array)
#8 /wordpress/wp-includes/plugin.php(517): WP_Hook->do_action(Array)
#9 /wordpress/wp-admin/includes/plugin.php(703): do_action('activate_wp-res...', false)
#10 /internal/eval.php(20): activate_plugin('wp-rest-api-con...')
#11 {main}</pre>
 for query CREATE TABLE IF NOT EXISTS  (
			id int(9) NOT NULL AUTO_INCREMENT PRIMARY KEY,
			full_name varchar(255) NOT NULL,
			email varchar(255) NOT NULL,
			phone varchar(25) NOT NULL,
			city varchar(255) NOT NULL,
			content text NOT NULL,
			status int(1) DEFAULT 0 NOT NULL,
			time datetime DEFAULT '0000-00-00 00:00:00' NOT NULL
		)  made by activate_plugin, do_action('activate_wp-rest-api-contact/wp-rest-api-npa.php'), WP_Hook->do_action, WP_Hook->apply_filters, WPRAC_Controller::wprac_plugin_activation, WPRAC_Api_Contact_Controller::wprac_create_table, dbDelta, WP_SQLite_DB->query, WP_SQLite_DB->print_error
[22-May-2025 15:03:39 UTC] PHP Fatal error:  Uncaught Error: Call to a member function insert() on null in /wordpress/wp-content/plugins/wp-rest-api-contact/includes/api-custom/class.wprac-api-contact-controller.php:116
Stack trace:
#0 /wordpress/wp-content/plugins/wp-rest-api-contact/includes/class.wprac-custom-controller.php(71): WPRAC_Api_Contact_Controller::wprac_insert_table_default()
#1 /wordpress/wp-includes/class-wp-hook.php(324): WPRAC_Controller::wprac_plugin_activation(false)
#2 /wordpress/wp-includes/class-wp-hook.php(348): WP_Hook->apply_filters('', Array)
#3 /wordpress/wp-includes/plugin.php(517): WP_Hook->do_action(Array)
#4 /wordpress/wp-admin/includes/plugin.php(703): do_action('activate_wp-res...', false)
#5 /internal/eval.php(20): activate_plugin('wp-rest-api-con...')
#6 {main}
  thrown in /wordpress/wp-content/plugins/wp-rest-api-contact/includes/api-custom/class.wprac-api-contact-controller.php on line 116

    at Object.onBind (file:///home/runner/work/playground-tester/playground-tester/node_modules/@wp-playground/cli/index.js:237:15)
    at process.processTicksAndRejections (node:internal/process/task_queues:105:5)
    at async V (file:///home/runner/work/playground-tester/playground-tester/node_modules/@wp-playground/cli/index.js:64:10)
    at async ja (file:///home/runner/work/playground-tester/playground-tester/node_modules/@wp-playground/cli/cli.js:8161:12) {
  [cause]: Error: Error when executing the blueprint step #5 ({"step":"installPlugin","pluginData":{"resource":"wordpress.org/plugins","slug":"wp-rest-api-contact"},"options":{"activate":true}}) : PHP.run() failed with exit code 255 and the following output: 
      at Object.run (file:///home/runner/work/playground-tester/playground-tester/node_modules/@wp-playground/blueprints/index.js:12449:19)
      at process.processTicksAndRejections (node:internal/process/task_queues:105:5)
      at async ms (file:///home/runner/work/playground-tester/playground-tester/node_modules/@wp-playground/blueprints/index.js:12552:3)
      ... 2 lines matching cause stack trace ...
      at async ja (file:///home/runner/work/playground-tester/playground-tester/node_modules/@wp-playground/cli/cli.js:8161:12) {
    [cause]: PHPExecutionFailureError: PHP.run() failed with exit code 255 and the following output: 
        at PHP.run (file:///home/runner/work/playground-tester/playground-tester/node_modules/@php-wasm/universal/index.js:987:19)
        at process.processTicksAndRejections (node:internal/process/task_queues:105:5)
        at async wr (file:///home/runner/work/playground-tester/playground-tester/node_modules/@wp-playground/blueprints/index.js:33:39)
        at async Object.gt [as installPlugin] (file:///home/runner/work/playground-tester/playground-tester/node_modules/@wp-playground/blueprints/index.js:974:42)
        at async g (file:///home/runner/work/playground-tester/playground-tester/node_modules/@wp-playground/blueprints/index.js:12517:30)
        at async Object.run (file:///home/runner/work/playground-tester/playground-tester/node_modules/@wp-playground/blueprints/index.js:12446:23)
        at async ms (file:///home/runner/work/playground-tester/playground-tester/node_modules/@wp-playground/blueprints/index.js:12552:3)
        at async Object.onBind (file:///home/runner/work/playground-tester/playground-tester/node_modules/@wp-playground/cli/index.js:227:48)
        at async V (file:///home/runner/work/playground-tester/playground-tester/node_modules/@wp-playground/cli/index.js:64:10)
        at async ja (file:///home/runner/work/playground-tester/playground-tester/node_modules/@wp-playground/cli/cli.js:8161:12) {
      response: PHPResponse {
        httpStatusCode: 500,
        headers: {
          'x-powered-by': [ 'PHP/8.0.30-dev' ],
          'content-type': [ 'text/html; charset=UTF-8' ]
        },
        bytes: Uint8Array(0) [],
        exitCode: 255,
        errors: ''
      },
      source: 'request'
    }
  }
}

Node.js v23.11.0
