file:///home/runner/work/playground-tester/playground-tester/node_modules/@wp-playground/cli/run-cli-j-geJYS3.js:325
        throw new Error($, { cause: h });
              ^

Error: [05-Jul-2025 12:50:53 UTC] PHP Fatal error:  Uncaught Exception: mCrypt extension seems not to be installed in /wordpress/wp-content/plugins/wp-faucet-direct/lib/block_io.php:11
Stack trace:
#0 /wordpress/wp-content/plugins/wp-faucet-direct/wp-faucet-direct.php(17): require_once()
#1 /wordpress/wp-admin/includes/plugin.php(2387): include_once('/wordpress/wp-c...')
#2 /wordpress/wp-admin/includes/plugin.php(673): plugin_sandbox_scrape('wp-faucet-direc...')
#3 /internal/eval.php(20): activate_plugin('wp-faucet-direc...')
#4 {main}
  thrown in /wordpress/wp-content/plugins/wp-faucet-direct/lib/block_io.php on line 11
[05-Jul-2025 12:51:00 UTC] PHP Fatal error:  Uncaught Exception: mCrypt extension seems not to be installed in /wordpress/wp-content/plugins/wp-faucet-direct/lib/block_io.php:11
Stack trace:
#0 /wordpress/wp-content/plugins/wp-faucet-direct/wp-faucet-direct.php(17): require_once()
#1 /wordpress/wp-admin/includes/plugin.php(2387): include_once('/wordpress/wp-c...')
#2 /wordpress/wp-admin/includes/plugin.php(673): plugin_sandbox_scrape('wp-faucet-direc...')
#3 /internal/eval.php(20): activate_plugin('wp-faucet-direc...')
#4 {main}
  thrown in /wordpress/wp-content/plugins/wp-faucet-direct/lib/block_io.php on line 11
[05-Jul-2025 12:51:08 UTC] PHP Fatal error:  Uncaught Exception: mCrypt extension seems not to be installed in /wordpress/wp-content/plugins/wp-faucet-direct/lib/block_io.php:11
Stack trace:
#0 /wordpress/wp-content/plugins/wp-faucet-direct/wp-faucet-direct.php(17): require_once()
#1 /wordpress/wp-admin/includes/plugin.php(2387): include_once('/wordpress/wp-c...')
#2 /wordpress/wp-admin/includes/plugin.php(673): plugin_sandbox_scrape('wp-faucet-direc...')
#3 /internal/eval.php(20): activate_plugin('wp-faucet-direc...')
#4 {main}
  thrown in /wordpress/wp-content/plugins/wp-faucet-direct/lib/block_io.php on line 11
[05-Jul-2025 12:52:16 UTC] PHP Warning:  Undefined array key "REMOTE_ADDR" in /wordpress/wp-content/plugins/wp-handy-lightbox/wp-jquery-lightbox.php on line 25
[05-Jul-2025 12:52:16 UTC] PHP Fatal error:  Uncaught Error: Call to undefined function eregi() in /wordpress/wp-content/plugins/wp-handy-lightbox/wp-jquery-lightbox.php:26
Stack trace:
#0 /wordpress/wp-admin/includes/plugin.php(2387): include_once()
#1 /wordpress/wp-admin/includes/plugin.php(673): plugin_sandbox_scrape('wp-handy-lightb...')
#2 /internal/eval.php(20): activate_plugin('wp-handy-lightb...')
#3 {main}
  thrown in /wordpress/wp-content/plugins/wp-handy-lightbox/wp-jquery-lightbox.php on line 26
[05-Jul-2025 12:52:25 UTC] PHP Warning:  Undefined array key "REMOTE_ADDR" in /wordpress/wp-content/plugins/wp-handy-lightbox/wp-jquery-lightbox.php on line 25
[05-Jul-2025 12:52:25 UTC] PHP Fatal error:  Uncaught Error: Call to undefined function eregi() in /wordpress/wp-content/plugins/wp-handy-lightbox/wp-jquery-lightbox.php:26
Stack trace:
#0 /wordpress/wp-admin/includes/plugin.php(2387): include_once()
#1 /wordpress/wp-admin/includes/plugin.php(673): plugin_sandbox_scrape('wp-handy-lightb...')
#2 /internal/eval.php(20): activate_plugin('wp-handy-lightb...')
#3 {main}
  thrown in /wordpress/wp-content/plugins/wp-handy-lightbox/wp-jquery-lightbox.php on line 26
[05-Jul-2025 12:52:33 UTC] PHP Warning:  Undefined array key "REMOTE_ADDR" in /wordpress/wp-content/plugins/wp-handy-lightbox/wp-jquery-lightbox.php on line 25
[05-Jul-2025 12:52:33 UTC] PHP Fatal error:  Uncaught Error: Call to undefined function eregi() in /wordpress/wp-content/plugins/wp-handy-lightbox/wp-jquery-lightbox.php:26
Stack trace:
#0 /wordpress/wp-admin/includes/plugin.php(2387): include_once()
#1 /wordpress/wp-admin/includes/plugin.php(673): plugin_sandbox_scrape('wp-handy-lightb...')
#2 /internal/eval.php(20): activate_plugin('wp-handy-lightb...')
#3 {main}
  thrown in /wordpress/wp-content/plugins/wp-handy-lightbox/wp-jquery-lightbox.php on line 26
[05-Jul-2025 12:52:43 UTC] PHP Deprecated:  Function register_sidebar_widget is <strong>deprecated</strong> since version 2.8.0! Use wp_register_sidebar_widget() instead. in /wordpress/wp-includes/functions.php on line 6121
[05-Jul-2025 12:52:43 UTC] PHP Deprecated:  Function register_widget_control is <strong>deprecated</strong> since version 2.8.0! Use wp_register_widget_control() instead. in /wordpress/wp-includes/functions.php on line 6121
[05-Jul-2025 12:52:53 UTC] PHP Deprecated:  Function register_sidebar_widget is <strong>deprecated</strong> since version 2.8.0! Use wp_register_sidebar_widget() instead. in /wordpress/wp-includes/functions.php on line 6121
[05-Jul-2025 12:52:53 UTC] PHP Deprecated:  Function register_widget_control is <strong>deprecated</strong> since version 2.8.0! Use wp_register_widget_control() instead. in /wordpress/wp-includes/functions.php on line 6121
[05-Jul-2025 12:53:02 UTC] PHP Deprecated:  Function register_sidebar_widget is <strong>deprecated</strong> since version 2.8.0! Use wp_register_sidebar_widget() instead. in /wordpress/wp-includes/functions.php on line 6121
[05-Jul-2025 12:53:02 UTC] PHP Deprecated:  Function register_widget_control is <strong>deprecated</strong> since version 2.8.0! Use wp_register_widget_control() instead. in /wordpress/wp-includes/functions.php on line 6121
[05-Jul-2025 12:55:36 UTC] PHP Fatal error:  Uncaught TypeError: count(): Argument #1 ($value) must be of type Countable|array, bool given in /wordpress/wp-content/plugins/woo-reviews-manager/WoocommerceReviewsManager_Plugin.php:32
Stack trace:
#0 /wordpress/wp-content/plugins/woo-reviews-manager/WoocommerceReviewsManager_LifeCycle.php(29): WoocommerceReviewsManager_Plugin->initOptions()
#1 /wordpress/wp-content/plugins/woo-reviews-manager/woocommerce-reviews-manager_init.php(35): WoocommerceReviewsManager_LifeCycle->install()
#2 /wordpress/wp-content/plugins/woo-reviews-manager/woocommerce-reviews-manager.php(90): WoocommerceReviewsManager_init('/wordpress/wp-c...')
#3 /wordpress/wp-admin/includes/plugin.php(2387): include_once('/wordpress/wp-c...')
#4 /wordpress/wp-admin/includes/plugin.php(673): plugin_sandbox_scrape('woo-reviews-man...')
#5 /internal/eval.php(20): activate_plugin('woo-reviews-man...')
#6 {main}
  thrown in /wordpress/wp-content/plugins/woo-reviews-manager/WoocommerceReviewsManager_Plugin.php on line 32
[05-Jul-2025 12:55:45 UTC] PHP Fatal error:  Uncaught TypeError: count(): Argument #1 ($value) must be of type Countable|array, bool given in /wordpress/wp-content/plugins/woo-reviews-manager/WoocommerceReviewsManager_Plugin.php:32
Stack trace:
#0 /wordpress/wp-content/plugins/woo-reviews-manager/WoocommerceReviewsManager_LifeCycle.php(29): WoocommerceReviewsManager_Plugin->initOptions()
#1 /wordpress/wp-content/plugins/woo-reviews-manager/woocommerce-reviews-manager_init.php(35): WoocommerceReviewsManager_LifeCycle->install()
#2 /wordpress/wp-content/plugins/woo-reviews-manager/woocommerce-reviews-manager.php(90): WoocommerceReviewsManager_init('/wordpress/wp-c...')
#3 /wordpress/wp-admin/includes/plugin.php(2387): include_once('/wordpress/wp-c...')
#4 /wordpress/wp-admin/includes/plugin.php(673): plugin_sandbox_scrape('woo-reviews-man...')
#5 /internal/eval.php(20): activate_plugin('woo-reviews-man...')
#6 {main}
  thrown in /wordpress/wp-content/plugins/woo-reviews-manager/WoocommerceReviewsManager_Plugin.php on line 32
[05-Jul-2025 12:55:53 UTC] PHP Fatal error:  Uncaught TypeError: count(): Argument #1 ($value) must be of type Countable|array, bool given in /wordpress/wp-content/plugins/woo-reviews-manager/WoocommerceReviewsManager_Plugin.php:32
Stack trace:
#0 /wordpress/wp-content/plugins/woo-reviews-manager/WoocommerceReviewsManager_LifeCycle.php(29): WoocommerceReviewsManager_Plugin->initOptions()
#1 /wordpress/wp-content/plugins/woo-reviews-manager/woocommerce-reviews-manager_init.php(35): WoocommerceReviewsManager_LifeCycle->install()
#2 /wordpress/wp-content/plugins/woo-reviews-manager/woocommerce-reviews-manager.php(90): WoocommerceReviewsManager_init('/wordpress/wp-c...')
#3 /wordpress/wp-admin/includes/plugin.php(2387): include_once('/wordpress/wp-c...')
#4 /wordpress/wp-admin/includes/plugin.php(673): plugin_sandbox_scrape('woo-reviews-man...')
#5 /internal/eval.php(20): activate_plugin('woo-reviews-man...')
#6 {main}
  thrown in /wordpress/wp-content/plugins/woo-reviews-manager/WoocommerceReviewsManager_Plugin.php on line 32
[05-Jul-2025 12:57:29 UTC] PHP Deprecated:  Required parameter $numberposts follows optional parameter $cat in /wordpress/wp-content/plugins/wp-news-feed-widget/wp-news-feed-widget.php on line 188
[05-Jul-2025 12:57:29 UTC] PHP Deprecated:  Required parameter $truncate follows optional parameter $cat in /wordpress/wp-content/plugins/wp-news-feed-widget/wp-news-feed-widget.php on line 188
[05-Jul-2025 12:57:29 UTC] PHP Deprecated:  Required parameter $title_limit follows optional parameter $cat in /wordpress/wp-content/plugins/wp-news-feed-widget/wp-news-feed-widget.php on line 188
[05-Jul-2025 12:57:29 UTC] PHP Fatal error:  Uncaught Error: Call to undefined function create_function() in /wordpress/wp-content/plugins/wp-news-feed-widget/wp-news-feed-widget.php:274
Stack trace:
#0 /wordpress/wp-admin/includes/plugin.php(2387): include_once()
#1 /wordpress/wp-admin/includes/plugin.php(673): plugin_sandbox_scrape('wp-news-feed-wi...')
#2 /internal/eval.php(20): activate_plugin('wp-news-feed-wi...')
#3 {main}
  thrown in /wordpress/wp-content/plugins/wp-news-feed-widget/wp-news-feed-widget.php on line 274
[05-Jul-2025 12:57:37 UTC] PHP Deprecated:  Required parameter $numberposts follows optional parameter $cat in /wordpress/wp-content/plugins/wp-news-feed-widget/wp-news-feed-widget.php on line 188
[05-Jul-2025 12:57:37 UTC] PHP Deprecated:  Required parameter $truncate follows optional parameter $cat in /wordpress/wp-content/plugins/wp-news-feed-widget/wp-news-feed-widget.php on line 188
[05-Jul-2025 12:57:37 UTC] PHP Deprecated:  Required parameter $title_limit follows optional parameter $cat in /wordpress/wp-content/plugins/wp-news-feed-widget/wp-news-feed-widget.php on line 188
[05-Jul-2025 12:57:37 UTC] PHP Fatal error:  Uncaught Error: Call to undefined function create_function() in /wordpress/wp-content/plugins/wp-news-feed-widget/wp-news-feed-widget.php:274
Stack trace:
#0 /wordpress/wp-admin/includes/plugin.php(2387): include_once()
#1 /wordpress/wp-admin/includes/plugin.php(673): plugin_sandbox_scrape('wp-news-feed-wi...')
#2 /internal/eval.php(20): activate_plugin('wp-news-feed-wi...')
#3 {main}
  thrown in /wordpress/wp-content/plugins/wp-news-feed-widget/wp-news-feed-widget.php on line 274
[05-Jul-2025 12:57:44 UTC] PHP Deprecated:  Required parameter $numberposts follows optional parameter $cat in /wordpress/wp-content/plugins/wp-news-feed-widget/wp-news-feed-widget.php on line 188
[05-Jul-2025 12:57:44 UTC] PHP Deprecated:  Required parameter $truncate follows optional parameter $cat in /wordpress/wp-content/plugins/wp-news-feed-widget/wp-news-feed-widget.php on line 188
[05-Jul-2025 12:57:44 UTC] PHP Deprecated:  Required parameter $title_limit follows optional parameter $cat in /wordpress/wp-content/plugins/wp-news-feed-widget/wp-news-feed-widget.php on line 188
[05-Jul-2025 12:57:44 UTC] PHP Fatal error:  Uncaught Error: Call to undefined function create_function() in /wordpress/wp-content/plugins/wp-news-feed-widget/wp-news-feed-widget.php:274
Stack trace:
#0 /wordpress/wp-admin/includes/plugin.php(2387): include_once()
#1 /wordpress/wp-admin/includes/plugin.php(673): plugin_sandbox_scrape('wp-news-feed-wi...')
#2 /internal/eval.php(20): activate_plugin('wp-news-feed-wi...')
#3 {main}
  thrown in /wordpress/wp-content/plugins/wp-news-feed-widget/wp-news-feed-widget.php on line 274
[05-Jul-2025 12:57:54 UTC] PHP Fatal error:  Uncaught TypeError: count(): Argument #1 ($value) must be of type Countable|array, bool given in /wordpress/wp-content/plugins/wp-options-manager/wp_options_manager.php:722
Stack trace:
#0 /wordpress/wp-content/plugins/wp-options-manager/wp_options_manager.php(769): wp_options_manager->_get_options()
#1 /wordpress/wp-admin/includes/plugin.php(2387): include_once('/wordpress/wp-c...')
#2 /wordpress/wp-admin/includes/plugin.php(673): plugin_sandbox_scrape('wp-options-mana...')
#3 /internal/eval.php(20): activate_plugin('wp-options-mana...')
#4 {main}
  thrown in /wordpress/wp-content/plugins/wp-options-manager/wp_options_manager.php on line 722
[05-Jul-2025 12:58:02 UTC] PHP Fatal error:  Uncaught TypeError: count(): Argument #1 ($value) must be of type Countable|array, bool given in /wordpress/wp-content/plugins/wp-options-manager/wp_options_manager.php:722
Stack trace:
#0 /wordpress/wp-content/plugins/wp-options-manager/wp_options_manager.php(769): wp_options_manager->_get_options()
#1 /wordpress/wp-admin/includes/plugin.php(2387): include_once('/wordpress/wp-c...')
#2 /wordpress/wp-admin/includes/plugin.php(673): plugin_sandbox_scrape('wp-options-mana...')
#3 /internal/eval.php(20): activate_plugin('wp-options-mana...')
#4 {main}
  thrown in /wordpress/wp-content/plugins/wp-options-manager/wp_options_manager.php on line 722
[05-Jul-2025 12:58:11 UTC] PHP Fatal error:  Uncaught TypeError: count(): Argument #1 ($value) must be of type Countable|array, bool given in /wordpress/wp-content/plugins/wp-options-manager/wp_options_manager.php:722
Stack trace:
#0 /wordpress/wp-content/plugins/wp-options-manager/wp_options_manager.php(769): wp_options_manager->_get_options()
#1 /wordpress/wp-admin/includes/plugin.php(2387): include_once('/wordpress/wp-c...')
#2 /wordpress/wp-admin/includes/plugin.php(673): plugin_sandbox_scrape('wp-options-mana...')
#3 /internal/eval.php(20): activate_plugin('wp-options-mana...')
#4 {main}
  thrown in /wordpress/wp-content/plugins/wp-options-manager/wp_options_manager.php on line 722

    at Object.onBind (file:///home/runner/work/playground-tester/playground-tester/node_modules/@wp-playground/cli/run-cli-j-geJYS3.js:325:15)
    at process.processTicksAndRejections (node:internal/process/task_queues:105:5)
    at async re (file:///home/runner/work/playground-tester/playground-tester/node_modules/@wp-playground/cli/run-cli-j-geJYS3.js:149:10) {
  [cause]: Error: Error when executing the blueprint step #1 ({"step":"installPlugin","pluginData":{"resource":"wordpress.org/plugins","slug":"wp-options-manager"},"options":{"activate":true}}) : PHP.run() failed with exit code 255 and the following output: 
      at Object.run (file:///home/runner/work/playground-tester/playground-tester/node_modules/@wp-playground/blueprints/index.js:12093:19)
      at process.processTicksAndRejections (node:internal/process/task_queues:105:5)
      at async ys (file:///home/runner/work/playground-tester/playground-tester/node_modules/@wp-playground/blueprints/index.js:12196:3)
      at async Object.onBind (file:///home/runner/work/playground-tester/playground-tester/node_modules/@wp-playground/cli/run-cli-j-geJYS3.js:315:48)
      at async re (file:///home/runner/work/playground-tester/playground-tester/node_modules/@wp-playground/cli/run-cli-j-geJYS3.js:149:10) {
    [cause]: PHPExecutionFailureError: PHP.run() failed with exit code 255 and the following output: 
        at PHP.run (file:///home/runner/work/playground-tester/playground-tester/node_modules/@php-wasm/universal/index.js:1034:19)
        at process.processTicksAndRejections (node:internal/process/task_queues:105:5)
        at async wr (file:///home/runner/work/playground-tester/playground-tester/node_modules/@wp-playground/blueprints/index.js:34:39)
        at async Object.gt [as installPlugin] (file:///home/runner/work/playground-tester/playground-tester/node_modules/@wp-playground/blueprints/index.js:631:42)
        at async g (file:///home/runner/work/playground-tester/playground-tester/node_modules/@wp-playground/blueprints/index.js:12161:30)
        at async Object.run (file:///home/runner/work/playground-tester/playground-tester/node_modules/@wp-playground/blueprints/index.js:12090:23)
        at async ys (file:///home/runner/work/playground-tester/playground-tester/node_modules/@wp-playground/blueprints/index.js:12196:3)
        at async Object.onBind (file:///home/runner/work/playground-tester/playground-tester/node_modules/@wp-playground/cli/run-cli-j-geJYS3.js:315:48)
        at async re (file:///home/runner/work/playground-tester/playground-tester/node_modules/@wp-playground/cli/run-cli-j-geJYS3.js:149:10) {
      response: PHPResponse {
        httpStatusCode: 500,
        headers: {
          'x-powered-by': [ 'PHP/8.0.30-dev' ],
          'content-type': [ 'text/html; charset=UTF-8' ]
        },
        bytes: Uint8Array(0) [],
        exitCode: 255,
        errors: ''
      },
      source: 'request'
    }
  }
}

Node.js v23.11.0
