file:///home/runner/work/playground-tester/playground-tester/node_modules/@wp-playground/cli/index.js:237
        throw new Error(y, { cause: u });
              ^

Error: [06-May-2025 02:26:41 UTC] PHP Notice:  curl_setopt(): CURLOPT_SSL_VERIFYHOST no longer accepts the value 1, value 2 will be used instead in /wordpress/wp-content/plugins/paypal-digital-goods-monetization-powered-by-cleeng/php/classes/Client.php on line 541
[06-May-2025 02:26:41 UTC] PHP Fatal error:  Uncaught CleengClientException: Authorization error (404). in /wordpress/wp-content/plugins/paypal-digital-goods-monetization-powered-by-cleeng/php/classes/Client.php:557
Stack trace:
#0 /wordpress/wp-content/plugins/paypal-digital-goods-monetization-powered-by-cleeng/php/classes/Client.php(891): Cleeng_Client->callApi('registerClientA...', Array)
#1 /wordpress/wp-content/plugins/paypal-digital-goods-monetization-powered-by-cleeng/php/classes/Installer.php(115): Cleeng_Client->registerClientApp('My WordPress We...', 'Automatically c...', 'http://127.0.0....')
#2 /wordpress/wp-content/plugins/paypal-digital-goods-monetization-powered-by-cleeng/php/classes/Core.php(126): Cleeng_Installer->register_client_app()
#3 /wordpress/wp-content/plugins/paypal-digital-goods-monetization-powered-by-cleeng/cleengWP.php(28): Cleeng_Core->setup()
#4 /wordpress/wp-admin/includes/plugin.php(2387): include_once('/wordpress/wp-c...')
#5 /wordpress/wp-admin/includes/plugin.php(673): plugin_sandbox_scrape('paypal-digital-...')
#6 /internal/eval.php(20): activate_plugin('paypal-digital-...')
#7 {main}
  thrown in /wordpress/wp-content/plugins/paypal-digital-goods-monetization-powered-by-cleeng/php/classes/Client.php on line 557
[06-May-2025 02:26:49 UTC] PHP Notice:  curl_setopt(): CURLOPT_SSL_VERIFYHOST no longer accepts the value 1, value 2 will be used instead in /wordpress/wp-content/plugins/paypal-digital-goods-monetization-powered-by-cleeng/php/classes/Client.php on line 541
[06-May-2025 02:26:50 UTC] PHP Fatal error:  Uncaught CleengClientException: Authorization error (404). in /wordpress/wp-content/plugins/paypal-digital-goods-monetization-powered-by-cleeng/php/classes/Client.php:557
Stack trace:
#0 /wordpress/wp-content/plugins/paypal-digital-goods-monetization-powered-by-cleeng/php/classes/Client.php(891): Cleeng_Client->callApi('registerClientA...', Array)
#1 /wordpress/wp-content/plugins/paypal-digital-goods-monetization-powered-by-cleeng/php/classes/Installer.php(115): Cleeng_Client->registerClientApp('My WordPress We...', 'Automatically c...', 'http://127.0.0....')
#2 /wordpress/wp-content/plugins/paypal-digital-goods-monetization-powered-by-cleeng/php/classes/Core.php(126): Cleeng_Installer->register_client_app()
#3 /wordpress/wp-content/plugins/paypal-digital-goods-monetization-powered-by-cleeng/cleengWP.php(28): Cleeng_Core->setup()
#4 /wordpress/wp-admin/includes/plugin.php(2387): include_once('/wordpress/wp-c...')
#5 /wordpress/wp-admin/includes/plugin.php(673): plugin_sandbox_scrape('paypal-digital-...')
#6 /internal/eval.php(20): activate_plugin('paypal-digital-...')
#7 {main}
  thrown in /wordpress/wp-content/plugins/paypal-digital-goods-monetization-powered-by-cleeng/php/classes/Client.php on line 557
[06-May-2025 02:26:58 UTC] PHP Notice:  curl_setopt(): CURLOPT_SSL_VERIFYHOST no longer accepts the value 1, value 2 will be used instead in /wordpress/wp-content/plugins/paypal-digital-goods-monetization-powered-by-cleeng/php/classes/Client.php on line 541
[06-May-2025 02:26:58 UTC] PHP Fatal error:  Uncaught CleengClientException: Authorization error (404). in /wordpress/wp-content/plugins/paypal-digital-goods-monetization-powered-by-cleeng/php/classes/Client.php:557
Stack trace:
#0 /wordpress/wp-content/plugins/paypal-digital-goods-monetization-powered-by-cleeng/php/classes/Client.php(891): Cleeng_Client->callApi('registerClientA...', Array)
#1 /wordpress/wp-content/plugins/paypal-digital-goods-monetization-powered-by-cleeng/php/classes/Installer.php(115): Cleeng_Client->registerClientApp('My WordPress We...', 'Automatically c...', 'http://127.0.0....')
#2 /wordpress/wp-content/plugins/paypal-digital-goods-monetization-powered-by-cleeng/php/classes/Core.php(126): Cleeng_Installer->register_client_app()
#3 /wordpress/wp-content/plugins/paypal-digital-goods-monetization-powered-by-cleeng/cleengWP.php(28): Cleeng_Core->setup()
#4 /wordpress/wp-admin/includes/plugin.php(2387): include_once('/wordpress/wp-c...')
#5 /wordpress/wp-admin/includes/plugin.php(673): plugin_sandbox_scrape('paypal-digital-...')
#6 /internal/eval.php(20): activate_plugin('paypal-digital-...')
#7 {main}
  thrown in /wordpress/wp-content/plugins/paypal-digital-goods-monetization-powered-by-cleeng/php/classes/Client.php on line 557
[06-May-2025 02:29:27 UTC] PHP Deprecated:  Function register_sidebar_widget is <strong>deprecated</strong> since version 2.8.0! Use wp_register_sidebar_widget() instead. in /wordpress/wp-includes/functions.php on line 6121
[06-May-2025 02:29:35 UTC] PHP Deprecated:  Function register_sidebar_widget is <strong>deprecated</strong> since version 2.8.0! Use wp_register_sidebar_widget() instead. in /wordpress/wp-includes/functions.php on line 6121
[06-May-2025 02:29:44 UTC] PHP Deprecated:  Function register_sidebar_widget is <strong>deprecated</strong> since version 2.8.0! Use wp_register_sidebar_widget() instead. in /wordpress/wp-includes/functions.php on line 6121
[06-May-2025 02:30:20 UTC] PHP Fatal error:  Uncaught TypeError: array_key_exists(): Argument #2 ($array) must be of type array, bool given in /wordpress/wp-content/plugins/rails-login/rails-login.php:268
Stack trace:
#0 /wordpress/wp-content/plugins/rails-login/rails-login.php(289): getBooleanOption('single_login')
#1 /wordpress/wp-admin/includes/plugin.php(2387): include_once('/wordpress/wp-c...')
#2 /wordpress/wp-admin/includes/plugin.php(673): plugin_sandbox_scrape('rails-login/rai...')
#3 /internal/eval.php(20): activate_plugin('rails-login/rai...')
#4 {main}
  thrown in /wordpress/wp-content/plugins/rails-login/rails-login.php on line 268
[06-May-2025 02:30:27 UTC] PHP Fatal error:  Uncaught TypeError: array_key_exists(): Argument #2 ($array) must be of type array, bool given in /wordpress/wp-content/plugins/rails-login/rails-login.php:268
Stack trace:
#0 /wordpress/wp-content/plugins/rails-login/rails-login.php(289): getBooleanOption('single_login')
#1 /wordpress/wp-admin/includes/plugin.php(2387): include_once('/wordpress/wp-c...')
#2 /wordpress/wp-admin/includes/plugin.php(673): plugin_sandbox_scrape('rails-login/rai...')
#3 /internal/eval.php(20): activate_plugin('rails-login/rai...')
#4 {main}
  thrown in /wordpress/wp-content/plugins/rails-login/rails-login.php on line 268
[06-May-2025 02:30:35 UTC] PHP Fatal error:  Uncaught TypeError: array_key_exists(): Argument #2 ($array) must be of type array, bool given in /wordpress/wp-content/plugins/rails-login/rails-login.php:268
Stack trace:
#0 /wordpress/wp-content/plugins/rails-login/rails-login.php(289): getBooleanOption('single_login')
#1 /wordpress/wp-admin/includes/plugin.php(2387): include_once('/wordpress/wp-c...')
#2 /wordpress/wp-admin/includes/plugin.php(673): plugin_sandbox_scrape('rails-login/rai...')
#3 /internal/eval.php(20): activate_plugin('rails-login/rai...')
#4 {main}
  thrown in /wordpress/wp-content/plugins/rails-login/rails-login.php on line 268

    at Object.onBind (file:///home/runner/work/playground-tester/playground-tester/node_modules/@wp-playground/cli/index.js:237:15)
    at process.processTicksAndRejections (node:internal/process/task_queues:105:5)
    at async V (file:///home/runner/work/playground-tester/playground-tester/node_modules/@wp-playground/cli/index.js:64:10)
    at async ja (file:///home/runner/work/playground-tester/playground-tester/node_modules/@wp-playground/cli/cli.js:8161:12) {
  [cause]: Error: Error when executing the blueprint step #1 ({"step":"installPlugin","pluginData":{"resource":"wordpress.org/plugins","slug":"random-comments"},"options":{"activate":true}}) : Could not download "https://downloads.wordpress.org/plugin/random-comments.latest-stable.zip".
  				Check if the URL is correct and the server is reachable.
  				If it is reachable, the server might be blocking the request.
  				Check the browser console and network tabs for more information.
  
  				## Does the console show the error "No 'Access-Control-Allow-Origin' header"?
  
  				This means the server that hosts your file does not allow requests from other sites
  				(cross-origin requests, or CORS).	You need to move the asset to a server that allows
  				cross-origin file downloads. Learn more about CORS at
  				https://developer.mozilla.org/en-US/docs/Web/HTTP/CORS.
  
  				If your file is on GitHub, load it from "raw.githubusercontent.com".
  				Here's how to do that:
  
  				1. Start with the original GitHub URL of the file. For example:
  				https://github.com/username/repository/blob/branch/filename.
  				2. Replace "github.com" with "raw.githubusercontent.com".
  				3. Remove the "/blob/" part of the URL.
  
  				The resulting URL should look like this:
  				https://raw.githubusercontent.com/username/repository/branch/filename
  
  				Error:
  				Error: Could not download "https://downloads.wordpress.org/plugin/random-comments.latest-stable.zip"
      at Object.run (file:///home/runner/work/playground-tester/playground-tester/node_modules/@wp-playground/blueprints/index.js:12449:19)
      at process.processTicksAndRejections (node:internal/process/task_queues:105:5)
      at async ms (file:///home/runner/work/playground-tester/playground-tester/node_modules/@wp-playground/blueprints/index.js:12552:3)
      at async Object.onBind (file:///home/runner/work/playground-tester/playground-tester/node_modules/@wp-playground/cli/index.js:227:48)
      at async V (file:///home/runner/work/playground-tester/playground-tester/node_modules/@wp-playground/cli/index.js:64:10)
      at async ja (file:///home/runner/work/playground-tester/playground-tester/node_modules/@wp-playground/cli/cli.js:8161:12) {
    [cause]: Error: Could not download "https://downloads.wordpress.org/plugin/random-comments.latest-stable.zip".
    				Check if the URL is correct and the server is reachable.
    				If it is reachable, the server might be blocking the request.
    				Check the browser console and network tabs for more information.
    
    				## Does the console show the error "No 'Access-Control-Allow-Origin' header"?
    
    				This means the server that hosts your file does not allow requests from other sites
    				(cross-origin requests, or CORS).	You need to move the asset to a server that allows
    				cross-origin file downloads. Learn more about CORS at
    				https://developer.mozilla.org/en-US/docs/Web/HTTP/CORS.
    
    				If your file is on GitHub, load it from "raw.githubusercontent.com".
    				Here's how to do that:
    
    				1. Start with the original GitHub URL of the file. For example:
    				https://github.com/username/repository/blob/branch/filename.
    				2. Replace "github.com" with "raw.githubusercontent.com".
    				3. Remove the "/blob/" part of the URL.
    
    				The resulting URL should look like this:
    				https://raw.githubusercontent.com/username/repository/branch/filename
    
    				Error:
    				Error: Could not download "https://downloads.wordpress.org/plugin/random-comments.latest-stable.zip"
        at Ct.resolve (file:///home/runner/work/playground-tester/playground-tester/node_modules/@wp-playground/blueprints/index.js:1472:13)
        at process.processTicksAndRejections (node:internal/process/task_queues:105:5)
        at async _.run (file:///home/runner/work/playground-tester/playground-tester/node_modules/@php-wasm/util/index.js:45:14)
  }
}

Node.js v23.11.0
