[
{"message":"file:///home/runner/work/playground-tester/playground-tester/node_modules/@wp-playground/cli/index.js:237\n        throw new Error(y, { cause: u });\n              ^\n","level":"FATAL","type":"PLAYGROUND","test":"jspi-boot","plugin":"kahanit-wp-fw","details":"file:///home/runner/work/playground-tester/playground-tester/node_modules/@wp-playground/cli/index.js:237\n        throw new Error(y, { cause: u });\n              ^\n","log":"/tmp/tmp.P8wG7ZBq9q"}
,
{"message":"Uncaught Error: Call to undefined function create_function() in /wordpress/wp-content/plugins/jquery-vertical-accordion-menu/dcwp_jquery_accordion.php:60","level":"FATAL","type":"PHP","test":"jspi-boot","plugin":"kahanit-wp-fw","details":"[20-Apr-2025 13:49:24 UTC] PHP Fatal error:  Uncaught Error: Call to undefined function create_function() in /wordpress/wp-content/plugins/jquery-vertical-accordion-menu/dcwp_jquery_accordion.php:60\nStack trace:\n#0 /wordpress/wp-admin/includes/plugin.php(2387): include_once()\n#1 /wordpress/wp-admin/includes/plugin.php(673): plugin_sandbox_scrape('jquery-vertical...')\n#2 /internal/eval.php(20): activate_plugin('jquery-vertical...')\n#3 {main}\n  thrown in /wordpress/wp-content/plugins/jquery-vertical-accordion-menu/dcwp_jquery_accordion.php on line 60","log":"/logs/plugins/k/kahanit-wp-fw/error.json"}
,
{"message":"Uncaught Error: Call to undefined function create_function() in /wordpress/wp-content/plugins/jquery-vertical-accordion-menu/dcwp_jquery_accordion.php:60","level":"FATAL","type":"PHP","test":"jspi-boot","plugin":"kahanit-wp-fw","details":"[20-Apr-2025 13:49:31 UTC] PHP Fatal error:  Uncaught Error: Call to undefined function create_function() in /wordpress/wp-content/plugins/jquery-vertical-accordion-menu/dcwp_jquery_accordion.php:60\nStack trace:\n#0 /wordpress/wp-admin/includes/plugin.php(2387): include_once()\n#1 /wordpress/wp-admin/includes/plugin.php(673): plugin_sandbox_scrape('jquery-vertical...')\n#2 /internal/eval.php(20): activate_plugin('jquery-vertical...')\n#3 {main}\n  thrown in /wordpress/wp-content/plugins/jquery-vertical-accordion-menu/dcwp_jquery_accordion.php on line 60","log":"/logs/plugins/k/kahanit-wp-fw/error.json"}
,
{"message":"Uncaught Error: Call to undefined function create_function() in /wordpress/wp-content/plugins/jquery-vertical-accordion-menu/dcwp_jquery_accordion.php:60","level":"FATAL","type":"PHP","test":"jspi-boot","plugin":"kahanit-wp-fw","details":"[20-Apr-2025 13:49:40 UTC] PHP Fatal error:  Uncaught Error: Call to undefined function create_function() in /wordpress/wp-content/plugins/jquery-vertical-accordion-menu/dcwp_jquery_accordion.php:60\nStack trace:\n#0 /wordpress/wp-admin/includes/plugin.php(2387): include_once()\n#1 /wordpress/wp-admin/includes/plugin.php(673): plugin_sandbox_scrape('jquery-vertical...')\n#2 /internal/eval.php(20): activate_plugin('jquery-vertical...')\n#3 {main}\n  thrown in /wordpress/wp-content/plugins/jquery-vertical-accordion-menu/dcwp_jquery_accordion.php on line 60","log":"/logs/plugins/k/kahanit-wp-fw/error.json"}
,
{"message":"Uncaught TypeError: define(): Argument #2 ($value) cannot be an object, CurlHandle given in /wordpress/wp-content/plugins/jr-timezone/jr-timezone.php:66","level":"FATAL","type":"PHP","test":"jspi-boot","plugin":"kahanit-wp-fw","details":"[20-Apr-2025 13:50:20 UTC] PHP Fatal error:  Uncaught TypeError: define(): Argument #2 ($value) cannot be an object, CurlHandle given in /wordpress/wp-content/plugins/jr-timezone/jr-timezone.php:66\nStack trace:\n#0 /wordpress/wp-content/plugins/jr-timezone/jr-timezone.php(66): define('ch', Object(CurlHandle))\n#1 /wordpress/wp-admin/includes/plugin.php(2387): include_once('/wordpress/wp-c...')\n#2 /wordpress/wp-admin/includes/plugin.php(673): plugin_sandbox_scrape('jr-timezone/jr-...')\n#3 /internal/eval.php(20): activate_plugin('jr-timezone/jr-...')\n#4 {main}\n  thrown in /wordpress/wp-content/plugins/jr-timezone/jr-timezone.php on line 66","log":"/logs/plugins/k/kahanit-wp-fw/error.json"}
,
{"message":"Uncaught TypeError: define(): Argument #2 ($value) cannot be an object, CurlHandle given in /wordpress/wp-content/plugins/jr-timezone/jr-timezone.php:66","level":"FATAL","type":"PHP","test":"jspi-boot","plugin":"kahanit-wp-fw","details":"[20-Apr-2025 13:50:28 UTC] PHP Fatal error:  Uncaught TypeError: define(): Argument #2 ($value) cannot be an object, CurlHandle given in /wordpress/wp-content/plugins/jr-timezone/jr-timezone.php:66\nStack trace:\n#0 /wordpress/wp-content/plugins/jr-timezone/jr-timezone.php(66): define('ch', Object(CurlHandle))\n#1 /wordpress/wp-admin/includes/plugin.php(2387): include_once('/wordpress/wp-c...')\n#2 /wordpress/wp-admin/includes/plugin.php(673): plugin_sandbox_scrape('jr-timezone/jr-...')\n#3 /internal/eval.php(20): activate_plugin('jr-timezone/jr-...')\n#4 {main}\n  thrown in /wordpress/wp-content/plugins/jr-timezone/jr-timezone.php on line 66","log":"/logs/plugins/k/kahanit-wp-fw/error.json"}
,
{"message":"Uncaught TypeError: define(): Argument #2 ($value) cannot be an object, CurlHandle given in /wordpress/wp-content/plugins/jr-timezone/jr-timezone.php:66","level":"FATAL","type":"PHP","test":"jspi-boot","plugin":"kahanit-wp-fw","details":"[20-Apr-2025 13:50:36 UTC] PHP Fatal error:  Uncaught TypeError: define(): Argument #2 ($value) cannot be an object, CurlHandle given in /wordpress/wp-content/plugins/jr-timezone/jr-timezone.php:66\nStack trace:\n#0 /wordpress/wp-content/plugins/jr-timezone/jr-timezone.php(66): define('ch', Object(CurlHandle))\n#1 /wordpress/wp-admin/includes/plugin.php(2387): include_once('/wordpress/wp-c...')\n#2 /wordpress/wp-admin/includes/plugin.php(673): plugin_sandbox_scrape('jr-timezone/jr-...')\n#3 /internal/eval.php(20): activate_plugin('jr-timezone/jr-...')\n#4 {main}\n  thrown in /wordpress/wp-content/plugins/jr-timezone/jr-timezone.php on line 66","log":"/logs/plugins/k/kahanit-wp-fw/error.json"}
,
{"message":"Undefined variable $jse_captcha_register in /wordpress/wp-content/plugins/jse-captcha/jse-captcha.php on line 116","level":"WARNING","type":"PHP","test":"jspi-boot","plugin":"kahanit-wp-fw","details":"[20-Apr-2025 13:51:18 UTC] PHP Warning:  Undefined variable $jse_captcha_register in /wordpress/wp-content/plugins/jse-captcha/jse-captcha.php on line 116","log":"/logs/plugins/k/kahanit-wp-fw/error.json"}
,
{"message":"Undefined variable $jse_captcha_register in /wordpress/wp-content/plugins/jse-captcha/jse-captcha.php on line 116","level":"WARNING","type":"PHP","test":"jspi-boot","plugin":"kahanit-wp-fw","details":"[20-Apr-2025 13:51:27 UTC] PHP Warning:  Undefined variable $jse_captcha_register in /wordpress/wp-content/plugins/jse-captcha/jse-captcha.php on line 116","log":"/logs/plugins/k/kahanit-wp-fw/error.json"}
,
{"message":"Undefined variable $jse_captcha_register in /wordpress/wp-content/plugins/jse-captcha/jse-captcha.php on line 116","level":"WARNING","type":"PHP","test":"jspi-boot","plugin":"kahanit-wp-fw","details":"[20-Apr-2025 13:51:35 UTC] PHP Warning:  Undefined variable $jse_captcha_register in /wordpress/wp-content/plugins/jse-captcha/jse-captcha.php on line 116","log":"/logs/plugins/k/kahanit-wp-fw/error.json"}
,
{"message":"Uncaught ArgumentCountError: Too few arguments to function WP_Widget::__construct(), 0 passed in /wordpress/wp-includes/class-wp-widget-factory.php on line 62 and at least 2 expected in /wordpress/wp-includes/class-wp-widget.php:163","level":"FATAL","type":"PHP","test":"jspi-boot","plugin":"kahanit-wp-fw","details":"[20-Apr-2025 13:54:49 UTC] PHP Fatal error:  Uncaught ArgumentCountError: Too few arguments to function WP_Widget::__construct(), 0 passed in /wordpress/wp-includes/class-wp-widget-factory.php on line 62 and at least 2 expected in /wordpress/wp-includes/class-wp-widget.php:163\nStack trace:\n#0 /wordpress/wp-includes/class-wp-widget-factory.php(62): WP_Widget->__construct()\n#1 /wordpress/wp-includes/widgets.php(123): WP_Widget_Factory->register('Just_A_Quote_Wi...')\n#2 /wordpress/wp-content/plugins/just-a-quote-widget/just-a-quote.php(82): register_widget('Just_A_Quote_Wi...')\n#3 /wordpress/wp-includes/class-wp-hook.php(324): JustaQuoteInit('')\n#4 /wordpress/wp-includes/class-wp-hook.php(348): WP_Hook->apply_filters(NULL, Array)\n#5 /wordpress/wp-includes/plugin.php(517): WP_Hook->do_action(Array)\n#6 /wordpress/wp-includes/widgets.php(1870): do_action('widgets_init')\n#7 /wordpress/wp-includes/class-wp-hook.php(324): wp_widgets_init('')\n#8 /wordpress/wp-includes/class-wp-hook.php(348): WP_Hook->apply_filters(NULL, Array)\n#9 /wordpress/wp-includes/plugin.php(517): WP_Hook->do_action(Array)\n#10 /wordpress/wp-settings.php(727): do_action('init')\n#11 /wordpress/wp-config.php(102): require_once('/wordpress/wp-s...')\n#12 /wordpress/wp-load.php(50): require_once('/wordpress/wp-c...')\n#13 /internal/eval.php(3): require_once('/wordpress/wp-l...')\n#14 {main}\n  thrown in /wordpress/wp-includes/class-wp-widget.php on line 163","log":"/logs/plugins/k/kahanit-wp-fw/error.json"}
,
{"message":"Uncaught ArgumentCountError: Too few arguments to function WP_Widget::__construct(), 0 passed in /wordpress/wp-includes/class-wp-widget-factory.php on line 62 and at least 2 expected in /wordpress/wp-includes/class-wp-widget.php:163","level":"FATAL","type":"PHP","test":"jspi-boot","plugin":"kahanit-wp-fw","details":"[20-Apr-2025 13:54:58 UTC] PHP Fatal error:  Uncaught ArgumentCountError: Too few arguments to function WP_Widget::__construct(), 0 passed in /wordpress/wp-includes/class-wp-widget-factory.php on line 62 and at least 2 expected in /wordpress/wp-includes/class-wp-widget.php:163\nStack trace:\n#0 /wordpress/wp-includes/class-wp-widget-factory.php(62): WP_Widget->__construct()\n#1 /wordpress/wp-includes/widgets.php(123): WP_Widget_Factory->register('Just_A_Quote_Wi...')\n#2 /wordpress/wp-content/plugins/just-a-quote-widget/just-a-quote.php(82): register_widget('Just_A_Quote_Wi...')\n#3 /wordpress/wp-includes/class-wp-hook.php(324): JustaQuoteInit('')\n#4 /wordpress/wp-includes/class-wp-hook.php(348): WP_Hook->apply_filters(NULL, Array)\n#5 /wordpress/wp-includes/plugin.php(517): WP_Hook->do_action(Array)\n#6 /wordpress/wp-includes/widgets.php(1870): do_action('widgets_init')\n#7 /wordpress/wp-includes/class-wp-hook.php(324): wp_widgets_init('')\n#8 /wordpress/wp-includes/class-wp-hook.php(348): WP_Hook->apply_filters(NULL, Array)\n#9 /wordpress/wp-includes/plugin.php(517): WP_Hook->do_action(Array)\n#10 /wordpress/wp-settings.php(727): do_action('init')\n#11 /wordpress/wp-config.php(102): require_once('/wordpress/wp-s...')\n#12 /wordpress/wp-load.php(50): require_once('/wordpress/wp-c...')\n#13 /internal/eval.php(3): require_once('/wordpress/wp-l...')\n#14 {main}\n  thrown in /wordpress/wp-includes/class-wp-widget.php on line 163","log":"/logs/plugins/k/kahanit-wp-fw/error.json"}
,
{"message":"Uncaught ArgumentCountError: Too few arguments to function WP_Widget::__construct(), 0 passed in /wordpress/wp-includes/class-wp-widget-factory.php on line 62 and at least 2 expected in /wordpress/wp-includes/class-wp-widget.php:163","level":"FATAL","type":"PHP","test":"jspi-boot","plugin":"kahanit-wp-fw","details":"[20-Apr-2025 13:55:07 UTC] PHP Fatal error:  Uncaught ArgumentCountError: Too few arguments to function WP_Widget::__construct(), 0 passed in /wordpress/wp-includes/class-wp-widget-factory.php on line 62 and at least 2 expected in /wordpress/wp-includes/class-wp-widget.php:163\nStack trace:\n#0 /wordpress/wp-includes/class-wp-widget-factory.php(62): WP_Widget->__construct()\n#1 /wordpress/wp-includes/widgets.php(123): WP_Widget_Factory->register('Just_A_Quote_Wi...')\n#2 /wordpress/wp-content/plugins/just-a-quote-widget/just-a-quote.php(82): register_widget('Just_A_Quote_Wi...')\n#3 /wordpress/wp-includes/class-wp-hook.php(324): JustaQuoteInit('')\n#4 /wordpress/wp-includes/class-wp-hook.php(348): WP_Hook->apply_filters(NULL, Array)\n#5 /wordpress/wp-includes/plugin.php(517): WP_Hook->do_action(Array)\n#6 /wordpress/wp-includes/widgets.php(1870): do_action('widgets_init')\n#7 /wordpress/wp-includes/class-wp-hook.php(324): wp_widgets_init('')\n#8 /wordpress/wp-includes/class-wp-hook.php(348): WP_Hook->apply_filters(NULL, Array)\n#9 /wordpress/wp-includes/plugin.php(517): WP_Hook->do_action(Array)\n#10 /wordpress/wp-settings.php(727): do_action('init')\n#11 /wordpress/wp-config.php(102): require_once('/wordpress/wp-s...')\n#12 /wordpress/wp-load.php(50): require_once('/wordpress/wp-c...')\n#13 /internal/eval.php(3): require_once('/wordpress/wp-l...')\n#14 {main}\n  thrown in /wordpress/wp-includes/class-wp-widget.php on line 163","log":"/logs/plugins/k/kahanit-wp-fw/error.json"}
,
{"message":"Uncaught PDOException: SQLSTATE[HY000] [2002] Address family not supported by protocol in /wordpress/wp-content/plugins/kahanit-wp-fw/library/Zend/Db/Adapter/Pdo/Abstract.php:128","level":"FATAL","type":"PHP","test":"jspi-boot","plugin":"kahanit-wp-fw","details":"[20-Apr-2025 13:58:37 UTC] PHP Fatal error:  Uncaught PDOException: SQLSTATE[HY000] [2002] Address family not supported by protocol in /wordpress/wp-content/plugins/kahanit-wp-fw/library/Zend/Db/Adapter/Pdo/Abstract.php:128\nStack trace:\n#0 /wordpress/wp-content/plugins/kahanit-wp-fw/library/Zend/Db/Adapter/Pdo/Abstract.php(128): PDO->__construct('mysql:host=loca...', 'username_here', 'password_here', Array)\n#1 /wordpress/wp-content/plugins/kahanit-wp-fw/library/Zend/Db/Adapter/Pdo/Mysql.php(109): Zend_Db_Adapter_Pdo_Abstract->_connect()\n#2 /wordpress/wp-content/plugins/kahanit-wp-fw/library/Zend/Db/Adapter/Abstract.php(459): Zend_Db_Adapter_Pdo_Mysql->_connect()\n#3 /wordpress/wp-content/plugins/kahanit-wp-fw/library/Zend/Db/Adapter/Pdo/Abstract.php(238): Zend_Db_Adapter_Abstract->query('\\r\\nCREATE TABLE ...', Array)\n#4 /wordpress/wp-content/plugins/kahanit-wp-fw/kahanit-wp-fw.php(181): Zend_Db_Adapter_Pdo_Abstract->query('\\r\\nCREATE TABLE ...')\n#5 /wordpress/wp-content/plugins/kahanit-wp-fw/kahanit-wp-fw.php(94): Kahanit_WP_FW_Admin->install()\n#6 /wordpress/wp-content/plugins/kahanit-wp-fw/kahanit-wp-fw.php(217): Kahanit_WP_FW_Admin->__construct()\n#7 /wordpress/wp-admin/includes/plugin.php(2387): include_once('/wordpress/wp-c...')\n#8 /wordpress/wp-admin/includes/plugin.php(673): plugin_sandbox_scrape('kahanit-wp-fw/k...')\n#9 /internal/eval.php(20): activate_plugin('kahanit-wp-fw/k...')\n#10 {main}\n\nNext Zend_Db_Adapter_Exception: SQLSTATE[HY000] [2002] Address family not supported by protocol in /wordpress/wp-content/plugins/kahanit-wp-fw/library/Zend/Db/Adapter/Pdo/Abstract.php:144\nStack trace:\n#0 /wordpress/wp-content/plugins/kahanit-wp-fw/library/Zend/Db/Adapter/Pdo/Mysql.php(109): Zend_Db_Adapter_Pdo_Abstract->_connect()\n#1 /wordpress/wp-content/plugins/kahanit-wp-fw/library/Zend/Db/Adapter/Abstract.php(459): Zend_Db_Adapter_Pdo_Mysql->_connect()\n#2 /wordpress/wp-content/plugins/kahanit-wp-fw/library/Zend/Db/Adapter/Pdo/Abstract.php(238): Zend_Db_Adapter_Abstract->query('\\r\\nCREATE TABLE ...', Array)\n#3 /wordpress/wp-content/plugins/kahanit-wp-fw/kahanit-wp-fw.php(181): Zend_Db_Adapter_Pdo_Abstract->query('\\r\\nCREATE TABLE ...')\n#4 /wordpress/wp-content/plugins/kahanit-wp-fw/kahanit-wp-fw.php(94): Kahanit_WP_FW_Admin->install()\n#5 /wordpress/wp-content/plugins/kahanit-wp-fw/kahanit-wp-fw.php(217): Kahanit_WP_FW_Admin->__construct()\n#6 /wordpress/wp-admin/includes/plugin.php(2387): include_once('/wordpress/wp-c...')\n#7 /wordpress/wp-admin/includes/plugin.php(673): plugin_sandbox_scrape('kahanit-wp-fw/k...')\n#8 /internal/eval.php(20): activate_plugin('kahanit-wp-fw/k...')\n#9 {main}\n  thrown in /wordpress/wp-content/plugins/kahanit-wp-fw/library/Zend/Db/Adapter/Pdo/Abstract.php on line 144","log":"/logs/plugins/k/kahanit-wp-fw/error.json"}
,
{"message":"Uncaught PDOException: SQLSTATE[HY000] [2002] Address family not supported by protocol in /wordpress/wp-content/plugins/kahanit-wp-fw/library/Zend/Db/Adapter/Pdo/Abstract.php:128","level":"FATAL","type":"PHP","test":"jspi-boot","plugin":"kahanit-wp-fw","details":"[20-Apr-2025 13:58:47 UTC] PHP Fatal error:  Uncaught PDOException: SQLSTATE[HY000] [2002] Address family not supported by protocol in /wordpress/wp-content/plugins/kahanit-wp-fw/library/Zend/Db/Adapter/Pdo/Abstract.php:128\nStack trace:\n#0 /wordpress/wp-content/plugins/kahanit-wp-fw/library/Zend/Db/Adapter/Pdo/Abstract.php(128): PDO->__construct('mysql:host=loca...', 'username_here', 'password_here', Array)\n#1 /wordpress/wp-content/plugins/kahanit-wp-fw/library/Zend/Db/Adapter/Pdo/Mysql.php(109): Zend_Db_Adapter_Pdo_Abstract->_connect()\n#2 /wordpress/wp-content/plugins/kahanit-wp-fw/library/Zend/Db/Adapter/Abstract.php(459): Zend_Db_Adapter_Pdo_Mysql->_connect()\n#3 /wordpress/wp-content/plugins/kahanit-wp-fw/library/Zend/Db/Adapter/Pdo/Abstract.php(238): Zend_Db_Adapter_Abstract->query('\\r\\nCREATE TABLE ...', Array)\n#4 /wordpress/wp-content/plugins/kahanit-wp-fw/kahanit-wp-fw.php(181): Zend_Db_Adapter_Pdo_Abstract->query('\\r\\nCREATE TABLE ...')\n#5 /wordpress/wp-content/plugins/kahanit-wp-fw/kahanit-wp-fw.php(94): Kahanit_WP_FW_Admin->install()\n#6 /wordpress/wp-content/plugins/kahanit-wp-fw/kahanit-wp-fw.php(217): Kahanit_WP_FW_Admin->__construct()\n#7 /wordpress/wp-admin/includes/plugin.php(2387): include_once('/wordpress/wp-c...')\n#8 /wordpress/wp-admin/includes/plugin.php(673): plugin_sandbox_scrape('kahanit-wp-fw/k...')\n#9 /internal/eval.php(20): activate_plugin('kahanit-wp-fw/k...')\n#10 {main}\n\nNext Zend_Db_Adapter_Exception: SQLSTATE[HY000] [2002] Address family not supported by protocol in /wordpress/wp-content/plugins/kahanit-wp-fw/library/Zend/Db/Adapter/Pdo/Abstract.php:144\nStack trace:\n#0 /wordpress/wp-content/plugins/kahanit-wp-fw/library/Zend/Db/Adapter/Pdo/Mysql.php(109): Zend_Db_Adapter_Pdo_Abstract->_connect()\n#1 /wordpress/wp-content/plugins/kahanit-wp-fw/library/Zend/Db/Adapter/Abstract.php(459): Zend_Db_Adapter_Pdo_Mysql->_connect()\n#2 /wordpress/wp-content/plugins/kahanit-wp-fw/library/Zend/Db/Adapter/Pdo/Abstract.php(238): Zend_Db_Adapter_Abstract->query('\\r\\nCREATE TABLE ...', Array)\n#3 /wordpress/wp-content/plugins/kahanit-wp-fw/kahanit-wp-fw.php(181): Zend_Db_Adapter_Pdo_Abstract->query('\\r\\nCREATE TABLE ...')\n#4 /wordpress/wp-content/plugins/kahanit-wp-fw/kahanit-wp-fw.php(94): Kahanit_WP_FW_Admin->install()\n#5 /wordpress/wp-content/plugins/kahanit-wp-fw/kahanit-wp-fw.php(217): Kahanit_WP_FW_Admin->__construct()\n#6 /wordpress/wp-admin/includes/plugin.php(2387): include_once('/wordpress/wp-c...')\n#7 /wordpress/wp-admin/includes/plugin.php(673): plugin_sandbox_scrape('kahanit-wp-fw/k...')\n#8 /internal/eval.php(20): activate_plugin('kahanit-wp-fw/k...')\n#9 {main}\n  thrown in /wordpress/wp-content/plugins/kahanit-wp-fw/library/Zend/Db/Adapter/Pdo/Abstract.php on line 144","log":"/logs/plugins/k/kahanit-wp-fw/error.json"}
,
{"message":"Uncaught PDOException: SQLSTATE[HY000] [2002] Address family not supported by protocol in /wordpress/wp-content/plugins/kahanit-wp-fw/library/Zend/Db/Adapter/Pdo/Abstract.php:128","level":"FATAL","type":"PHP","test":"jspi-boot","plugin":"kahanit-wp-fw","details":"[20-Apr-2025 13:58:56 UTC] PHP Fatal error:  Uncaught PDOException: SQLSTATE[HY000] [2002] Address family not supported by protocol in /wordpress/wp-content/plugins/kahanit-wp-fw/library/Zend/Db/Adapter/Pdo/Abstract.php:128\nStack trace:\n#0 /wordpress/wp-content/plugins/kahanit-wp-fw/library/Zend/Db/Adapter/Pdo/Abstract.php(128): PDO->__construct('mysql:host=loca...', 'username_here', 'password_here', Array)\n#1 /wordpress/wp-content/plugins/kahanit-wp-fw/library/Zend/Db/Adapter/Pdo/Mysql.php(109): Zend_Db_Adapter_Pdo_Abstract->_connect()\n#2 /wordpress/wp-content/plugins/kahanit-wp-fw/library/Zend/Db/Adapter/Abstract.php(459): Zend_Db_Adapter_Pdo_Mysql->_connect()\n#3 /wordpress/wp-content/plugins/kahanit-wp-fw/library/Zend/Db/Adapter/Pdo/Abstract.php(238): Zend_Db_Adapter_Abstract->query('\\r\\nCREATE TABLE ...', Array)\n#4 /wordpress/wp-content/plugins/kahanit-wp-fw/kahanit-wp-fw.php(181): Zend_Db_Adapter_Pdo_Abstract->query('\\r\\nCREATE TABLE ...')\n#5 /wordpress/wp-content/plugins/kahanit-wp-fw/kahanit-wp-fw.php(94): Kahanit_WP_FW_Admin->install()\n#6 /wordpress/wp-content/plugins/kahanit-wp-fw/kahanit-wp-fw.php(217): Kahanit_WP_FW_Admin->__construct()\n#7 /wordpress/wp-admin/includes/plugin.php(2387): include_once('/wordpress/wp-c...')\n#8 /wordpress/wp-admin/includes/plugin.php(673): plugin_sandbox_scrape('kahanit-wp-fw/k...')\n#9 /internal/eval.php(20): activate_plugin('kahanit-wp-fw/k...')\n#10 {main}\n\nNext Zend_Db_Adapter_Exception: SQLSTATE[HY000] [2002] Address family not supported by protocol in /wordpress/wp-content/plugins/kahanit-wp-fw/library/Zend/Db/Adapter/Pdo/Abstract.php:144\nStack trace:\n#0 /wordpress/wp-content/plugins/kahanit-wp-fw/library/Zend/Db/Adapter/Pdo/Mysql.php(109): Zend_Db_Adapter_Pdo_Abstract->_connect()\n#1 /wordpress/wp-content/plugins/kahanit-wp-fw/library/Zend/Db/Adapter/Abstract.php(459): Zend_Db_Adapter_Pdo_Mysql->_connect()\n#2 /wordpress/wp-content/plugins/kahanit-wp-fw/library/Zend/Db/Adapter/Pdo/Abstract.php(238): Zend_Db_Adapter_Abstract->query('\\r\\nCREATE TABLE ...', Array)\n#3 /wordpress/wp-content/plugins/kahanit-wp-fw/kahanit-wp-fw.php(181): Zend_Db_Adapter_Pdo_Abstract->query('\\r\\nCREATE TABLE ...')\n#4 /wordpress/wp-content/plugins/kahanit-wp-fw/kahanit-wp-fw.php(94): Kahanit_WP_FW_Admin->install()\n#5 /wordpress/wp-content/plugins/kahanit-wp-fw/kahanit-wp-fw.php(217): Kahanit_WP_FW_Admin->__construct()\n#6 /wordpress/wp-admin/includes/plugin.php(2387): include_once('/wordpress/wp-c...')\n#7 /wordpress/wp-admin/includes/plugin.php(673): plugin_sandbox_scrape('kahanit-wp-fw/k...')\n#8 /internal/eval.php(20): activate_plugin('kahanit-wp-fw/k...')\n#9 {main}\n  thrown in /wordpress/wp-content/plugins/kahanit-wp-fw/library/Zend/Db/Adapter/Pdo/Abstract.php on line 144\n\n    at Object.onBind (file:///home/runner/work/playground-tester/playground-tester/node_modules/@wp-playground/cli/index.js:237:15)\n    at process.processTicksAndRejections (node:internal/process/task_queues:105:5)\n    at async V (file:///home/runner/work/playground-tester/playground-tester/node_modules/@wp-playground/cli/index.js:64:10)\n    at async ja (file:///home/runner/work/playground-tester/playground-tester/node_modules/@wp-playground/cli/cli.js:8161:12) {\n  [cause]: Error: Error when executing the blueprint step #1 ({\"step\":\"installPlugin\",\"pluginData\":{\"resource\":\"wordpress.org/plugins\",\"slug\":\"kahanit-wp-fw\"},\"options\":{\"activate\":true}}) : PHP.run() failed with exit code 255 and the following output: \n      at Object.run (file:///home/runner/work/playground-tester/playground-tester/node_modules/@wp-playground/blueprints/index.js:12449:19)\n      at process.processTicksAndRejections (node:internal/process/task_queues:105:5)\n      at async ms (file:///home/runner/work/playground-tester/playground-tester/node_modules/@wp-playground/blueprints/index.js:12552:3)\n      ... 2 lines matching cause stack trace ...\n      at async ja (file:///home/runner/work/playground-tester/playground-tester/node_modules/@wp-playground/cli/cli.js:8161:12) {\n    [cause]: PHPExecutionFailureError: PHP.run() failed with exit code 255 and the following output: \n        at PHP.run (file:///home/runner/work/playground-tester/playground-tester/node_modules/@php-wasm/universal/index.js:987:19)\n        at process.processTicksAndRejections (node:internal/process/task_queues:105:5)\n        at async wr (file:///home/runner/work/playground-tester/playground-tester/node_modules/@wp-playground/blueprints/index.js:33:39)\n        at async Object.gt [as installPlugin] (file:///home/runner/work/playground-tester/playground-tester/node_modules/@wp-playground/blueprints/index.js:974:42)\n        at async g (file:///home/runner/work/playground-tester/playground-tester/node_modules/@wp-playground/blueprints/index.js:12517:30)\n        at async Object.run (file:///home/runner/work/playground-tester/playground-tester/node_modules/@wp-playground/blueprints/index.js:12446:23)\n        at async ms (file:///home/runner/work/playground-tester/playground-tester/node_modules/@wp-playground/blueprints/index.js:12552:3)\n        at async Object.onBind (file:///home/runner/work/playground-tester/playground-tester/node_modules/@wp-playground/cli/index.js:227:48)\n        at async V (file:///home/runner/work/playground-tester/playground-tester/node_modules/@wp-playground/cli/index.js:64:10)\n        at async ja (file:///home/runner/work/playground-tester/playground-tester/node_modules/@wp-playground/cli/cli.js:8161:12) {\n      response: PHPResponse {\n        httpStatusCode: 500,\n        headers: {\n          'x-powered-by': [ 'PHP/8.0.30-dev' ],\n          'content-type': [ 'text/html; charset=UTF-8' ]\n        },\n        bytes: Uint8Array(0) [],\n        exitCode: 255,\n        errors: ''\n      },\n      source: 'request'\n    }\n  }\n}\n\n","log":"/logs/plugins/k/kahanit-wp-fw/error.json"}
]
