[
{"message":"file:///home/runner/work/playground-tester/playground-tester/node_modules/@wp-playground/cli/index.js:237\n        throw new Error(y, { cause: u });\n              ^\n","level":"FATAL","type":"PLAYGROUND","test":"asyncify-boot","plugin":"pages-order","details":"file:///home/runner/work/playground-tester/playground-tester/node_modules/@wp-playground/cli/index.js:237\n        throw new Error(y, { cause: u });\n              ^\n","log":"/tmp/tmp.2IhSbjTEpT"}
,
{"message":"Function wp_enqueue_script was called <strong>incorrectly</strong>. Scripts and styles should not be registered or enqueued until the <code>wp_enqueue_scripts</code>, <code>admin_enqueue_scripts</code>, or <code>login_enqueue_scripts</code> hooks. This notice was triggered by the <code>jquery</code> handle. Please see <a href=\"https://developer.wordpress.org/advanced-administration/debug/debug-wordpress/\">Debugging in WordPress</a> for more information. (This message was added in version 3.3.0.) in /wordpress/wp-includes/functions.php on line 6121","level":"NOTICE","type":"PHP","test":"asyncify-boot","plugin":"pages-order","details":"[01-May-2025 07:28:56 UTC] PHP Notice:  Function wp_enqueue_script was called <strong>incorrectly</strong>. Scripts and styles should not be registered or enqueued until the <code>wp_enqueue_scripts</code>, <code>admin_enqueue_scripts</code>, or <code>login_enqueue_scripts</code> hooks. This notice was triggered by the <code>jquery</code> handle. Please see <a href=\"https://developer.wordpress.org/advanced-administration/debug/debug-wordpress/\">Debugging in WordPress</a> for more information. (This message was added in version 3.3.0.) in /wordpress/wp-includes/functions.php on line 6121","log":"/logs/plugins/p/pages-order/error.json"}
,
{"message":"Function wp_enqueue_script was called <strong>incorrectly</strong>. Scripts and styles should not be registered or enqueued until the <code>wp_enqueue_scripts</code>, <code>admin_enqueue_scripts</code>, or <code>login_enqueue_scripts</code> hooks. This notice was triggered by the <code>pnkeynav</code> handle. Please see <a href=\"https://developer.wordpress.org/advanced-administration/debug/debug-wordpress/\">Debugging in WordPress</a> for more information. (This message was added in version 3.3.0.) in /wordpress/wp-includes/functions.php on line 6121","level":"NOTICE","type":"PHP","test":"asyncify-boot","plugin":"pages-order","details":"[01-May-2025 07:28:56 UTC] PHP Notice:  Function wp_enqueue_script was called <strong>incorrectly</strong>. Scripts and styles should not be registered or enqueued until the <code>wp_enqueue_scripts</code>, <code>admin_enqueue_scripts</code>, or <code>login_enqueue_scripts</code> hooks. This notice was triggered by the <code>pnkeynav</code> handle. Please see <a href=\"https://developer.wordpress.org/advanced-administration/debug/debug-wordpress/\">Debugging in WordPress</a> for more information. (This message was added in version 3.3.0.) in /wordpress/wp-includes/functions.php on line 6121","log":"/logs/plugins/p/pages-order/error.json"}
,
{"message":"Function wp_enqueue_script was called <strong>incorrectly</strong>. Scripts and styles should not be registered or enqueued until the <code>wp_enqueue_scripts</code>, <code>admin_enqueue_scripts</code>, or <code>login_enqueue_scripts</code> hooks. This notice was triggered by the <code>jquery</code> handle. Please see <a href=\"https://developer.wordpress.org/advanced-administration/debug/debug-wordpress/\">Debugging in WordPress</a> for more information. (This message was added in version 3.3.0.) in /wordpress/wp-includes/functions.php on line 6121","level":"NOTICE","type":"PHP","test":"asyncify-boot","plugin":"pages-order","details":"[01-May-2025 07:29:04 UTC] PHP Notice:  Function wp_enqueue_script was called <strong>incorrectly</strong>. Scripts and styles should not be registered or enqueued until the <code>wp_enqueue_scripts</code>, <code>admin_enqueue_scripts</code>, or <code>login_enqueue_scripts</code> hooks. This notice was triggered by the <code>jquery</code> handle. Please see <a href=\"https://developer.wordpress.org/advanced-administration/debug/debug-wordpress/\">Debugging in WordPress</a> for more information. (This message was added in version 3.3.0.) in /wordpress/wp-includes/functions.php on line 6121","log":"/logs/plugins/p/pages-order/error.json"}
,
{"message":"Function wp_enqueue_script was called <strong>incorrectly</strong>. Scripts and styles should not be registered or enqueued until the <code>wp_enqueue_scripts</code>, <code>admin_enqueue_scripts</code>, or <code>login_enqueue_scripts</code> hooks. This notice was triggered by the <code>pnkeynav</code> handle. Please see <a href=\"https://developer.wordpress.org/advanced-administration/debug/debug-wordpress/\">Debugging in WordPress</a> for more information. (This message was added in version 3.3.0.) in /wordpress/wp-includes/functions.php on line 6121","level":"NOTICE","type":"PHP","test":"asyncify-boot","plugin":"pages-order","details":"[01-May-2025 07:29:04 UTC] PHP Notice:  Function wp_enqueue_script was called <strong>incorrectly</strong>. Scripts and styles should not be registered or enqueued until the <code>wp_enqueue_scripts</code>, <code>admin_enqueue_scripts</code>, or <code>login_enqueue_scripts</code> hooks. This notice was triggered by the <code>pnkeynav</code> handle. Please see <a href=\"https://developer.wordpress.org/advanced-administration/debug/debug-wordpress/\">Debugging in WordPress</a> for more information. (This message was added in version 3.3.0.) in /wordpress/wp-includes/functions.php on line 6121","log":"/logs/plugins/p/pages-order/error.json"}
,
{"message":"Function wp_enqueue_script was called <strong>incorrectly</strong>. Scripts and styles should not be registered or enqueued until the <code>wp_enqueue_scripts</code>, <code>admin_enqueue_scripts</code>, or <code>login_enqueue_scripts</code> hooks. This notice was triggered by the <code>jquery</code> handle. Please see <a href=\"https://developer.wordpress.org/advanced-administration/debug/debug-wordpress/\">Debugging in WordPress</a> for more information. (This message was added in version 3.3.0.) in /wordpress/wp-includes/functions.php on line 6121","level":"NOTICE","type":"PHP","test":"asyncify-boot","plugin":"pages-order","details":"[01-May-2025 07:29:12 UTC] PHP Notice:  Function wp_enqueue_script was called <strong>incorrectly</strong>. Scripts and styles should not be registered or enqueued until the <code>wp_enqueue_scripts</code>, <code>admin_enqueue_scripts</code>, or <code>login_enqueue_scripts</code> hooks. This notice was triggered by the <code>jquery</code> handle. Please see <a href=\"https://developer.wordpress.org/advanced-administration/debug/debug-wordpress/\">Debugging in WordPress</a> for more information. (This message was added in version 3.3.0.) in /wordpress/wp-includes/functions.php on line 6121","log":"/logs/plugins/p/pages-order/error.json"}
,
{"message":"Function wp_enqueue_script was called <strong>incorrectly</strong>. Scripts and styles should not be registered or enqueued until the <code>wp_enqueue_scripts</code>, <code>admin_enqueue_scripts</code>, or <code>login_enqueue_scripts</code> hooks. This notice was triggered by the <code>pnkeynav</code> handle. Please see <a href=\"https://developer.wordpress.org/advanced-administration/debug/debug-wordpress/\">Debugging in WordPress</a> for more information. (This message was added in version 3.3.0.) in /wordpress/wp-includes/functions.php on line 6121","level":"NOTICE","type":"PHP","test":"asyncify-boot","plugin":"pages-order","details":"[01-May-2025 07:29:12 UTC] PHP Notice:  Function wp_enqueue_script was called <strong>incorrectly</strong>. Scripts and styles should not be registered or enqueued until the <code>wp_enqueue_scripts</code>, <code>admin_enqueue_scripts</code>, or <code>login_enqueue_scripts</code> hooks. This notice was triggered by the <code>pnkeynav</code> handle. Please see <a href=\"https://developer.wordpress.org/advanced-administration/debug/debug-wordpress/\">Debugging in WordPress</a> for more information. (This message was added in version 3.3.0.) in /wordpress/wp-includes/functions.php on line 6121","log":"/logs/plugins/p/pages-order/error.json"}
,
{"message":"Uncaught Error: Call to undefined function create_function() in /wordpress/wp-content/plugins/quote-calculation-system/quote-system.php:1233","level":"FATAL","type":"PHP","test":"asyncify-boot","plugin":"pages-order","details":"[01-May-2025 07:29:46 UTC] PHP Fatal error:  Uncaught Error: Call to undefined function create_function() in /wordpress/wp-content/plugins/quote-calculation-system/quote-system.php:1233\nStack trace:\n#0 /wordpress/wp-admin/includes/plugin.php(2387): include_once()\n#1 /wordpress/wp-admin/includes/plugin.php(673): plugin_sandbox_scrape('quote-calculati...')\n#2 /internal/eval.php(20): activate_plugin('quote-calculati...')\n#3 {main}\n  thrown in /wordpress/wp-content/plugins/quote-calculation-system/quote-system.php on line 1233","log":"/logs/plugins/p/pages-order/error.json"}
,
{"message":"Uncaught Error: Call to undefined function create_function() in /wordpress/wp-content/plugins/quote-calculation-system/quote-system.php:1233","level":"FATAL","type":"PHP","test":"asyncify-boot","plugin":"pages-order","details":"[01-May-2025 07:29:53 UTC] PHP Fatal error:  Uncaught Error: Call to undefined function create_function() in /wordpress/wp-content/plugins/quote-calculation-system/quote-system.php:1233\nStack trace:\n#0 /wordpress/wp-admin/includes/plugin.php(2387): include_once()\n#1 /wordpress/wp-admin/includes/plugin.php(673): plugin_sandbox_scrape('quote-calculati...')\n#2 /internal/eval.php(20): activate_plugin('quote-calculati...')\n#3 {main}\n  thrown in /wordpress/wp-content/plugins/quote-calculation-system/quote-system.php on line 1233","log":"/logs/plugins/p/pages-order/error.json"}
,
{"message":"Uncaught Error: Call to undefined function create_function() in /wordpress/wp-content/plugins/quote-calculation-system/quote-system.php:1233","level":"FATAL","type":"PHP","test":"asyncify-boot","plugin":"pages-order","details":"[01-May-2025 07:30:00 UTC] PHP Fatal error:  Uncaught Error: Call to undefined function create_function() in /wordpress/wp-content/plugins/quote-calculation-system/quote-system.php:1233\nStack trace:\n#0 /wordpress/wp-admin/includes/plugin.php(2387): include_once()\n#1 /wordpress/wp-admin/includes/plugin.php(673): plugin_sandbox_scrape('quote-calculati...')\n#2 /internal/eval.php(20): activate_plugin('quote-calculati...')\n#3 {main}\n  thrown in /wordpress/wp-content/plugins/quote-calculation-system/quote-system.php on line 1233","log":"/logs/plugins/p/pages-order/error.json"}
,
{"message":"Function add_option was called with an argument that is <strong>deprecated</strong> since version 2.3.0 with no alternative available. in /wordpress/wp-includes/functions.php on line 6121","level":"DEPRECATED","type":"PHP","test":"asyncify-boot","plugin":"pages-order","details":"[01-May-2025 07:31:49 UTC] PHP Deprecated:  Function add_option was called with an argument that is <strong>deprecated</strong> since version 2.3.0 with no alternative available. in /wordpress/wp-includes/functions.php on line 6121","log":"/logs/plugins/p/pages-order/error.json"}
,
{"message":"Undefined variable $ads_id_1 in /wordpress/wp-content/plugins/premier-league-team-stats-lite/premier-league-team-stats-lite.php on line 56","level":"WARNING","type":"PHP","test":"asyncify-boot","plugin":"pages-order","details":"[01-May-2025 07:31:49 UTC] PHP Warning:  Undefined variable $ads_id_1 in /wordpress/wp-content/plugins/premier-league-team-stats-lite/premier-league-team-stats-lite.php on line 56","log":"/logs/plugins/p/pages-order/error.json"}
,
{"message":"mail(): Could not execute mail delivery program '/usr/sbin/sendmail -t -i' in /wordpress/wp-content/plugins/premier-league-team-stats-lite/premier-league-team-stats-lite.php on line 58","level":"WARNING","type":"PHP","test":"asyncify-boot","plugin":"pages-order","details":"[01-May-2025 07:31:49 UTC] PHP Warning:  mail(): Could not execute mail delivery program '/usr/sbin/sendmail -t -i' in /wordpress/wp-content/plugins/premier-league-team-stats-lite/premier-league-team-stats-lite.php on line 58","log":"/logs/plugins/p/pages-order/error.json"}
,
{"message":"Function register_sidebar_widget is <strong>deprecated</strong> since version 2.8.0! Use wp_register_sidebar_widget() instead. in /wordpress/wp-includes/functions.php on line 6121","level":"DEPRECATED","type":"PHP","test":"asyncify-boot","plugin":"pages-order","details":"[01-May-2025 07:31:50 UTC] PHP Deprecated:  Function register_sidebar_widget is <strong>deprecated</strong> since version 2.8.0! Use wp_register_sidebar_widget() instead. in /wordpress/wp-includes/functions.php on line 6121","log":"/logs/plugins/p/pages-order/error.json"}
,
{"message":"Function add_option was called with an argument that is <strong>deprecated</strong> since version 2.3.0 with no alternative available. in /wordpress/wp-includes/functions.php on line 6121","level":"DEPRECATED","type":"PHP","test":"asyncify-boot","plugin":"pages-order","details":"[01-May-2025 07:31:58 UTC] PHP Deprecated:  Function add_option was called with an argument that is <strong>deprecated</strong> since version 2.3.0 with no alternative available. in /wordpress/wp-includes/functions.php on line 6121","log":"/logs/plugins/p/pages-order/error.json"}
,
{"message":"Undefined variable $ads_id_1 in /wordpress/wp-content/plugins/premier-league-team-stats-lite/premier-league-team-stats-lite.php on line 56","level":"WARNING","type":"PHP","test":"asyncify-boot","plugin":"pages-order","details":"[01-May-2025 07:31:58 UTC] PHP Warning:  Undefined variable $ads_id_1 in /wordpress/wp-content/plugins/premier-league-team-stats-lite/premier-league-team-stats-lite.php on line 56","log":"/logs/plugins/p/pages-order/error.json"}
,
{"message":"mail(): Could not execute mail delivery program '/usr/sbin/sendmail -t -i' in /wordpress/wp-content/plugins/premier-league-team-stats-lite/premier-league-team-stats-lite.php on line 58","level":"WARNING","type":"PHP","test":"asyncify-boot","plugin":"pages-order","details":"[01-May-2025 07:31:58 UTC] PHP Warning:  mail(): Could not execute mail delivery program '/usr/sbin/sendmail -t -i' in /wordpress/wp-content/plugins/premier-league-team-stats-lite/premier-league-team-stats-lite.php on line 58","log":"/logs/plugins/p/pages-order/error.json"}
,
{"message":"Function register_sidebar_widget is <strong>deprecated</strong> since version 2.8.0! Use wp_register_sidebar_widget() instead. in /wordpress/wp-includes/functions.php on line 6121","level":"DEPRECATED","type":"PHP","test":"asyncify-boot","plugin":"pages-order","details":"[01-May-2025 07:31:58 UTC] PHP Deprecated:  Function register_sidebar_widget is <strong>deprecated</strong> since version 2.8.0! Use wp_register_sidebar_widget() instead. in /wordpress/wp-includes/functions.php on line 6121","log":"/logs/plugins/p/pages-order/error.json"}
,
{"message":"Function add_option was called with an argument that is <strong>deprecated</strong> since version 2.3.0 with no alternative available. in /wordpress/wp-includes/functions.php on line 6121","level":"DEPRECATED","type":"PHP","test":"asyncify-boot","plugin":"pages-order","details":"[01-May-2025 07:32:06 UTC] PHP Deprecated:  Function add_option was called with an argument that is <strong>deprecated</strong> since version 2.3.0 with no alternative available. in /wordpress/wp-includes/functions.php on line 6121","log":"/logs/plugins/p/pages-order/error.json"}
,
{"message":"Undefined variable $ads_id_1 in /wordpress/wp-content/plugins/premier-league-team-stats-lite/premier-league-team-stats-lite.php on line 56","level":"WARNING","type":"PHP","test":"asyncify-boot","plugin":"pages-order","details":"[01-May-2025 07:32:06 UTC] PHP Warning:  Undefined variable $ads_id_1 in /wordpress/wp-content/plugins/premier-league-team-stats-lite/premier-league-team-stats-lite.php on line 56","log":"/logs/plugins/p/pages-order/error.json"}
,
{"message":"mail(): Could not execute mail delivery program '/usr/sbin/sendmail -t -i' in /wordpress/wp-content/plugins/premier-league-team-stats-lite/premier-league-team-stats-lite.php on line 58","level":"WARNING","type":"PHP","test":"asyncify-boot","plugin":"pages-order","details":"[01-May-2025 07:32:06 UTC] PHP Warning:  mail(): Could not execute mail delivery program '/usr/sbin/sendmail -t -i' in /wordpress/wp-content/plugins/premier-league-team-stats-lite/premier-league-team-stats-lite.php on line 58","log":"/logs/plugins/p/pages-order/error.json"}
,
{"message":"Function register_sidebar_widget is <strong>deprecated</strong> since version 2.8.0! Use wp_register_sidebar_widget() instead. in /wordpress/wp-includes/functions.php on line 6121","level":"DEPRECATED","type":"PHP","test":"asyncify-boot","plugin":"pages-order","details":"[01-May-2025 07:32:07 UTC] PHP Deprecated:  Function register_sidebar_widget is <strong>deprecated</strong> since version 2.8.0! Use wp_register_sidebar_widget() instead. in /wordpress/wp-includes/functions.php on line 6121","log":"/logs/plugins/p/pages-order/error.json"}
,
{"message":"Uncaught Error: Call to undefined function create_function() in /wordpress/wp-content/plugins/private-messages-for-wordpress/inc/widget.php:5","level":"FATAL","type":"PHP","test":"asyncify-boot","plugin":"pages-order","details":"[01-May-2025 07:32:40 UTC] PHP Fatal error:  Uncaught Error: Call to undefined function create_function() in /wordpress/wp-content/plugins/private-messages-for-wordpress/inc/widget.php:5\nStack trace:\n#0 /wordpress/wp-content/plugins/private-messages-for-wordpress/pm4wp.php(22): include_once()\n#1 /wordpress/wp-admin/includes/plugin.php(2387): include_once('/wordpress/wp-c...')\n#2 /wordpress/wp-admin/includes/plugin.php(673): plugin_sandbox_scrape('private-message...')\n#3 /internal/eval.php(20): activate_plugin('private-message...')\n#4 {main}\n  thrown in /wordpress/wp-content/plugins/private-messages-for-wordpress/inc/widget.php on line 5","log":"/logs/plugins/p/pages-order/error.json"}
,
{"message":"Uncaught Error: Call to undefined function create_function() in /wordpress/wp-content/plugins/private-messages-for-wordpress/inc/widget.php:5","level":"FATAL","type":"PHP","test":"asyncify-boot","plugin":"pages-order","details":"[01-May-2025 07:32:47 UTC] PHP Fatal error:  Uncaught Error: Call to undefined function create_function() in /wordpress/wp-content/plugins/private-messages-for-wordpress/inc/widget.php:5\nStack trace:\n#0 /wordpress/wp-content/plugins/private-messages-for-wordpress/pm4wp.php(22): include_once()\n#1 /wordpress/wp-admin/includes/plugin.php(2387): include_once('/wordpress/wp-c...')\n#2 /wordpress/wp-admin/includes/plugin.php(673): plugin_sandbox_scrape('private-message...')\n#3 /internal/eval.php(20): activate_plugin('private-message...')\n#4 {main}\n  thrown in /wordpress/wp-content/plugins/private-messages-for-wordpress/inc/widget.php on line 5","log":"/logs/plugins/p/pages-order/error.json"}
,
{"message":"Uncaught Error: Call to undefined function create_function() in /wordpress/wp-content/plugins/private-messages-for-wordpress/inc/widget.php:5","level":"FATAL","type":"PHP","test":"asyncify-boot","plugin":"pages-order","details":"[01-May-2025 07:32:55 UTC] PHP Fatal error:  Uncaught Error: Call to undefined function create_function() in /wordpress/wp-content/plugins/private-messages-for-wordpress/inc/widget.php:5\nStack trace:\n#0 /wordpress/wp-content/plugins/private-messages-for-wordpress/pm4wp.php(22): include_once()\n#1 /wordpress/wp-admin/includes/plugin.php(2387): include_once('/wordpress/wp-c...')\n#2 /wordpress/wp-admin/includes/plugin.php(673): plugin_sandbox_scrape('private-message...')\n#3 /internal/eval.php(20): activate_plugin('private-message...')\n#4 {main}\n  thrown in /wordpress/wp-content/plugins/private-messages-for-wordpress/inc/widget.php on line 5","log":"/logs/plugins/p/pages-order/error.json"}
,
{"message":"Function get_page_by_title is <strong>deprecated</strong> since version 6.2.0! Use WP_Query instead. in /wordpress/wp-includes/functions.php on line 6121","level":"DEPRECATED","type":"PHP","test":"asyncify-boot","plugin":"pages-order","details":"[01-May-2025 07:33:53 UTC] PHP Deprecated:  Function get_page_by_title is <strong>deprecated</strong> since version 6.2.0! Use WP_Query instead. in /wordpress/wp-includes/functions.php on line 6121","log":"/logs/plugins/p/pages-order/error.json"}
,
{"message":"Function get_page_by_title is <strong>deprecated</strong> since version 6.2.0! Use WP_Query instead. in /wordpress/wp-includes/functions.php on line 6121","level":"DEPRECATED","type":"PHP","test":"asyncify-boot","plugin":"pages-order","details":"[01-May-2025 07:34:03 UTC] PHP Deprecated:  Function get_page_by_title is <strong>deprecated</strong> since version 6.2.0! Use WP_Query instead. in /wordpress/wp-includes/functions.php on line 6121","log":"/logs/plugins/p/pages-order/error.json"}
,
{"message":"Function get_page_by_title is <strong>deprecated</strong> since version 6.2.0! Use WP_Query instead. in /wordpress/wp-includes/functions.php on line 6121","level":"DEPRECATED","type":"PHP","test":"asyncify-boot","plugin":"pages-order","details":"[01-May-2025 07:34:14 UTC] PHP Deprecated:  Function get_page_by_title is <strong>deprecated</strong> since version 6.2.0! Use WP_Query instead. in /wordpress/wp-includes/functions.php on line 6121","log":"/logs/plugins/p/pages-order/error.json"}
,
{"message":"Uncaught Error: Call to undefined function create_function() in /wordpress/wp-content/plugins/responsive-image-widget/responsive_image_widget.php:123","level":"FATAL","type":"PHP","test":"asyncify-boot","plugin":"pages-order","details":"[01-May-2025 07:34:25 UTC] PHP Fatal error:  Uncaught Error: Call to undefined function create_function() in /wordpress/wp-content/plugins/responsive-image-widget/responsive_image_widget.php:123\nStack trace:\n#0 /wordpress/wp-admin/includes/plugin.php(2387): include_once()\n#1 /wordpress/wp-admin/includes/plugin.php(673): plugin_sandbox_scrape('responsive-imag...')\n#2 /internal/eval.php(20): activate_plugin('responsive-imag...')\n#3 {main}\n  thrown in /wordpress/wp-content/plugins/responsive-image-widget/responsive_image_widget.php on line 123","log":"/logs/plugins/p/pages-order/error.json"}
,
{"message":"Uncaught Error: Call to undefined function create_function() in /wordpress/wp-content/plugins/responsive-image-widget/responsive_image_widget.php:123","level":"FATAL","type":"PHP","test":"asyncify-boot","plugin":"pages-order","details":"[01-May-2025 07:34:32 UTC] PHP Fatal error:  Uncaught Error: Call to undefined function create_function() in /wordpress/wp-content/plugins/responsive-image-widget/responsive_image_widget.php:123\nStack trace:\n#0 /wordpress/wp-admin/includes/plugin.php(2387): include_once()\n#1 /wordpress/wp-admin/includes/plugin.php(673): plugin_sandbox_scrape('responsive-imag...')\n#2 /internal/eval.php(20): activate_plugin('responsive-imag...')\n#3 {main}\n  thrown in /wordpress/wp-content/plugins/responsive-image-widget/responsive_image_widget.php on line 123","log":"/logs/plugins/p/pages-order/error.json"}
,
{"message":"Uncaught Error: Call to undefined function create_function() in /wordpress/wp-content/plugins/responsive-image-widget/responsive_image_widget.php:123","level":"FATAL","type":"PHP","test":"asyncify-boot","plugin":"pages-order","details":"[01-May-2025 07:34:39 UTC] PHP Fatal error:  Uncaught Error: Call to undefined function create_function() in /wordpress/wp-content/plugins/responsive-image-widget/responsive_image_widget.php:123\nStack trace:\n#0 /wordpress/wp-admin/includes/plugin.php(2387): include_once()\n#1 /wordpress/wp-admin/includes/plugin.php(673): plugin_sandbox_scrape('responsive-imag...')\n#2 /internal/eval.php(20): activate_plugin('responsive-imag...')\n#3 {main}\n  thrown in /wordpress/wp-content/plugins/responsive-image-widget/responsive_image_widget.php on line 123","log":"/logs/plugins/p/pages-order/error.json"}
,
{"message":"file_get_contents(/wordpress/.htaccess): Failed to open stream: No such file or directory in /wordpress/wp-content/plugins/rest-cache/includes/class.rewrite-rule.php on line 22","level":"WARNING","type":"PHP","test":"asyncify-boot","plugin":"pages-order","details":"[01-May-2025 07:34:59 UTC] PHP Warning:  file_get_contents(/wordpress/.htaccess): Failed to open stream: No such file or directory in /wordpress/wp-content/plugins/rest-cache/includes/class.rewrite-rule.php on line 22","log":"/logs/plugins/p/pages-order/error.json"}
,
{"message":"Undefined array key \"DOCUMENT_ROOT\" in /wordpress/wp-content/plugins/rest-cache/includes/class.rewrite-rule.php on line 44","level":"WARNING","type":"PHP","test":"asyncify-boot","plugin":"pages-order","details":"[01-May-2025 07:34:59 UTC] PHP Warning:  Undefined array key \"DOCUMENT_ROOT\" in /wordpress/wp-content/plugins/rest-cache/includes/class.rewrite-rule.php on line 44","log":"/logs/plugins/p/pages-order/error.json"}
,
{"message":"file_get_contents(/wordpress/.htaccess): Failed to open stream: No such file or directory in /wordpress/wp-content/plugins/rest-cache/includes/class.rewrite-rule.php on line 61","level":"WARNING","type":"PHP","test":"asyncify-boot","plugin":"pages-order","details":"[01-May-2025 07:34:59 UTC] PHP Warning:  file_get_contents(/wordpress/.htaccess): Failed to open stream: No such file or directory in /wordpress/wp-content/plugins/rest-cache/includes/class.rewrite-rule.php on line 61","log":"/logs/plugins/p/pages-order/error.json"}
,
{"message":"Uncaught GuzzleHttp\\Exception\\ClientException: Client error: `GET http://127.0.0.1:9401/wp-content/plugins/rest-cache/service/public/api/install` resulted in a `404 Not Found` response:","level":"FATAL","type":"PHP","test":"asyncify-boot","plugin":"pages-order","details":"[01-May-2025 07:35:02 UTC] PHP Fatal error:  Uncaught GuzzleHttp\\Exception\\ClientException: Client error: `GET http://127.0.0.1:9401/wp-content/plugins/rest-cache/service/public/api/install` resulted in a `404 Not Found` response:\n<!DOCTYPE html>\n<html lang=\"en-US\">\n<head>\n\t<meta charset=\"UTF-8\" />\n\t<meta name=\"viewport\" content=\"width=device-width, (truncated...)\n in /wordpress/wp-content/plugins/rest-cache/vendor/guzzlehttp/guzzle/src/Exception/RequestException.php:111\nStack trace:\n#0 /wordpress/wp-content/plugins/rest-cache/vendor/guzzlehttp/guzzle/src/Middleware.php(66): GuzzleHttp\\Exception\\RequestException::create(Object(GuzzleHttp\\Psr7\\Request), Object(GuzzleHttp\\Psr7\\Response))\n#1 /wordpress/wp-content/plugins/rest-cache/vendor/guzzlehttp/promises/src/Promise.php(203): GuzzleHttp\\Middleware::GuzzleHttp\\{closure}(Object(GuzzleHttp\\Psr7\\Response))\n#2 /wordpress/wp-content/plugins/rest-cache/vendor/guzzlehttp/promises/src/Promise.php(156): GuzzleHttp\\Promise\\Promise::callHandler(1, Object(GuzzleHttp\\Psr7\\Response), Array)\n#3 /wordpress/wp-content/plugins/rest-cache/vendor/guzzlehttp/promises/src/TaskQueue.php(47): GuzzleHttp\\Promise\\Promise::GuzzleHttp\\Promise\\{closure}()\n#4 /wordpress/wp-content/plugins/rest-cache/vendor/guzzlehttp/promises/src/Promise.php(246): GuzzleHttp\\Promise\\TaskQueue->run(true)\n#5 /wordpress/wp-content/plugins/rest-cache/vendor/guzzlehttp/promises/src/Promise.php(223): GuzzleHttp\\Promise\\Promise->invokeWaitFn()\n#6 /wordpress/wp-content/plugins/rest-cache/vendor/guzzlehttp/promises/src/Promise.php(267): GuzzleHttp\\Promise\\Promise->waitIfPending()\n#7 /wordpress/wp-content/plugins/rest-cache/vendor/guzzlehttp/promises/src/Promise.php(225): GuzzleHttp\\Promise\\Promise->invokeWaitList()\n#8 /wordpress/wp-content/plugins/rest-cache/vendor/guzzlehttp/promises/src/Promise.php(62): GuzzleHttp\\Promise\\Promise->waitIfPending()\n#9 /wordpress/wp-content/plugins/rest-cache/vendor/guzzlehttp/guzzle/src/Client.php(181): GuzzleHttp\\Promise\\Promise->wait()\n#10 /wordpress/wp-content/plugins/rest-cache/includes/class.plugin.php(94): GuzzleHttp\\Client->request('GET', 'http://127.0.0....', Array)\n#11 /wordpress/wp-includes/class-wp-hook.php(324): PerryRylance\\WordPress\\RESTCache\\Plugin->onActivate(false)\n#12 /wordpress/wp-includes/class-wp-hook.php(348): WP_Hook->apply_filters('', Array)\n#13 /wordpress/wp-includes/plugin.php(517): WP_Hook->do_action(Array)\n#14 /wordpress/wp-admin/includes/plugin.php(703): do_action('activate_rest-c...', false)\n#15 /internal/eval.php(20): activate_plugin('rest-cache/rest...')\n#16 {main}\n  thrown in /wordpress/wp-content/plugins/rest-cache/vendor/guzzlehttp/guzzle/src/Exception/RequestException.php on line 111","log":"/logs/plugins/p/pages-order/error.json"}
,
{"message":"Uncaught GuzzleHttp\\Exception\\ClientException: Client error: `GET http://127.0.0.1:9401/wp-content/plugins/rest-cache/service/public/api/install` resulted in a `404 Not Found` response:","level":"FATAL","type":"PHP","test":"asyncify-boot","plugin":"pages-order","details":"[01-May-2025 07:35:26 UTC] PHP Fatal error:  Uncaught GuzzleHttp\\Exception\\ClientException: Client error: `GET http://127.0.0.1:9401/wp-content/plugins/rest-cache/service/public/api/install` resulted in a `404 Not Found` response:\n<!DOCTYPE html>\n<html lang=\"en-US\">\n<head>\n\t<meta charset=\"UTF-8\" />\n\t<meta name=\"viewport\" content=\"width=device-width, (truncated...)\n in /wordpress/wp-content/plugins/rest-cache/vendor/guzzlehttp/guzzle/src/Exception/RequestException.php:111\nStack trace:\n#0 /wordpress/wp-content/plugins/rest-cache/vendor/guzzlehttp/guzzle/src/Middleware.php(66): GuzzleHttp\\Exception\\RequestException::create(Object(GuzzleHttp\\Psr7\\Request), Object(GuzzleHttp\\Psr7\\Response))\n#1 /wordpress/wp-content/plugins/rest-cache/vendor/guzzlehttp/promises/src/Promise.php(203): GuzzleHttp\\Middleware::GuzzleHttp\\{closure}(Object(GuzzleHttp\\Psr7\\Response))\n#2 /wordpress/wp-content/plugins/rest-cache/vendor/guzzlehttp/promises/src/Promise.php(156): GuzzleHttp\\Promise\\Promise::callHandler(1, Object(GuzzleHttp\\Psr7\\Response), Array)\n#3 /wordpress/wp-content/plugins/rest-cache/vendor/guzzlehttp/promises/src/TaskQueue.php(47): GuzzleHttp\\Promise\\Promise::GuzzleHttp\\Promise\\{closure}()\n#4 /wordpress/wp-content/plugins/rest-cache/vendor/guzzlehttp/promises/src/Promise.php(246): GuzzleHttp\\Promise\\TaskQueue->run(true)\n#5 /wordpress/wp-content/plugins/rest-cache/vendor/guzzlehttp/promises/src/Promise.php(223): GuzzleHttp\\Promise\\Promise->invokeWaitFn()\n#6 /wordpress/wp-content/plugins/rest-cache/vendor/guzzlehttp/promises/src/Promise.php(267): GuzzleHttp\\Promise\\Promise->waitIfPending()\n#7 /wordpress/wp-content/plugins/rest-cache/vendor/guzzlehttp/promises/src/Promise.php(225): GuzzleHttp\\Promise\\Promise->invokeWaitList()\n#8 /wordpress/wp-content/plugins/rest-cache/vendor/guzzlehttp/promises/src/Promise.php(62): GuzzleHttp\\Promise\\Promise->waitIfPending()\n#9 /wordpress/wp-content/plugins/rest-cache/vendor/guzzlehttp/guzzle/src/Client.php(181): GuzzleHttp\\Promise\\Promise->wait()\n#10 /wordpress/wp-content/plugins/rest-cache/includes/class.plugin.php(94): GuzzleHttp\\Client->request('GET', 'http://127.0.0....', Array)\n#11 /wordpress/wp-includes/class-wp-hook.php(324): PerryRylance\\WordPress\\RESTCache\\Plugin->onActivate(false)\n#12 /wordpress/wp-includes/class-wp-hook.php(348): WP_Hook->apply_filters('', Array)\n#13 /wordpress/wp-includes/plugin.php(517): WP_Hook->do_action(Array)\n#14 /wordpress/wp-admin/includes/plugin.php(703): do_action('activate_rest-c...', false)\n#15 /internal/eval.php(20): activate_plugin('rest-cache/rest...')\n#16 {main}\n  thrown in /wordpress/wp-content/plugins/rest-cache/vendor/guzzlehttp/guzzle/src/Exception/RequestException.php on line 111","log":"/logs/plugins/p/pages-order/error.json"}
,
{"message":"Uncaught GuzzleHttp\\Exception\\ClientException: Client error: `GET http://127.0.0.1:9401/wp-content/plugins/rest-cache/service/public/api/install` resulted in a `404 Not Found` response:","level":"FATAL","type":"PHP","test":"asyncify-boot","plugin":"pages-order","details":"[01-May-2025 07:35:50 UTC] PHP Fatal error:  Uncaught GuzzleHttp\\Exception\\ClientException: Client error: `GET http://127.0.0.1:9401/wp-content/plugins/rest-cache/service/public/api/install` resulted in a `404 Not Found` response:\n<!DOCTYPE html>\n<html lang=\"en-US\">\n<head>\n\t<meta charset=\"UTF-8\" />\n\t<meta name=\"viewport\" content=\"width=device-width, (truncated...)\n in /wordpress/wp-content/plugins/rest-cache/vendor/guzzlehttp/guzzle/src/Exception/RequestException.php:111\nStack trace:\n#0 /wordpress/wp-content/plugins/rest-cache/vendor/guzzlehttp/guzzle/src/Middleware.php(66): GuzzleHttp\\Exception\\RequestException::create(Object(GuzzleHttp\\Psr7\\Request), Object(GuzzleHttp\\Psr7\\Response))\n#1 /wordpress/wp-content/plugins/rest-cache/vendor/guzzlehttp/promises/src/Promise.php(203): GuzzleHttp\\Middleware::GuzzleHttp\\{closure}(Object(GuzzleHttp\\Psr7\\Response))\n#2 /wordpress/wp-content/plugins/rest-cache/vendor/guzzlehttp/promises/src/Promise.php(156): GuzzleHttp\\Promise\\Promise::callHandler(1, Object(GuzzleHttp\\Psr7\\Response), Array)\n#3 /wordpress/wp-content/plugins/rest-cache/vendor/guzzlehttp/promises/src/TaskQueue.php(47): GuzzleHttp\\Promise\\Promise::GuzzleHttp\\Promise\\{closure}()\n#4 /wordpress/wp-content/plugins/rest-cache/vendor/guzzlehttp/promises/src/Promise.php(246): GuzzleHttp\\Promise\\TaskQueue->run(true)\n#5 /wordpress/wp-content/plugins/rest-cache/vendor/guzzlehttp/promises/src/Promise.php(223): GuzzleHttp\\Promise\\Promise->invokeWaitFn()\n#6 /wordpress/wp-content/plugins/rest-cache/vendor/guzzlehttp/promises/src/Promise.php(267): GuzzleHttp\\Promise\\Promise->waitIfPending()\n#7 /wordpress/wp-content/plugins/rest-cache/vendor/guzzlehttp/promises/src/Promise.php(225): GuzzleHttp\\Promise\\Promise->invokeWaitList()\n#8 /wordpress/wp-content/plugins/rest-cache/vendor/guzzlehttp/promises/src/Promise.php(62): GuzzleHttp\\Promise\\Promise->waitIfPending()\n#9 /wordpress/wp-content/plugins/rest-cache/vendor/guzzlehttp/guzzle/src/Client.php(181): GuzzleHttp\\Promise\\Promise->wait()\n#10 /wordpress/wp-content/plugins/rest-cache/includes/class.plugin.php(94): GuzzleHttp\\Client->request('GET', 'http://127.0.0....', Array)\n#11 /wordpress/wp-includes/class-wp-hook.php(324): PerryRylance\\WordPress\\RESTCache\\Plugin->onActivate(false)\n#12 /wordpress/wp-includes/class-wp-hook.php(348): WP_Hook->apply_filters('', Array)\n#13 /wordpress/wp-includes/plugin.php(517): WP_Hook->do_action(Array)\n#14 /wordpress/wp-admin/includes/plugin.php(703): do_action('activate_rest-c...', false)\n#15 /internal/eval.php(20): activate_plugin('rest-cache/rest...')\n#16 {main}\n  thrown in /wordpress/wp-content/plugins/rest-cache/vendor/guzzlehttp/guzzle/src/Exception/RequestException.php on line 111","log":"/logs/plugins/p/pages-order/error.json"}
,
{"message":"Function is_embed was called <strong>incorrectly</strong>. Conditional query tags do not work before the query is run. Before then, they always return false. Please see <a href=\"https://developer.wordpress.org/advanced-administration/debug/debug-wordpress/\">Debugging in WordPress</a> for more information. (This message was added in version 3.1.0.) in /wordpress/wp-includes/functions.php on line 6121","level":"NOTICE","type":"PHP","test":"asyncify-boot","plugin":"pages-order","details":"[01-May-2025 07:36:55 UTC] PHP Notice:  Function is_embed was called <strong>incorrectly</strong>. Conditional query tags do not work before the query is run. Before then, they always return false. Please see <a href=\"https://developer.wordpress.org/advanced-administration/debug/debug-wordpress/\">Debugging in WordPress</a> for more information. (This message was added in version 3.1.0.) in /wordpress/wp-includes/functions.php on line 6121","log":"/logs/plugins/p/pages-order/error.json"}
,
{"message":"Function is_embed was called <strong>incorrectly</strong>. Conditional query tags do not work before the query is run. Before then, they always return false. Please see <a href=\"https://developer.wordpress.org/advanced-administration/debug/debug-wordpress/\">Debugging in WordPress</a> for more information. (This message was added in version 3.1.0.) in /wordpress/wp-includes/functions.php on line 6121","level":"NOTICE","type":"PHP","test":"asyncify-boot","plugin":"pages-order","details":"[01-May-2025 07:37:03 UTC] PHP Notice:  Function is_embed was called <strong>incorrectly</strong>. Conditional query tags do not work before the query is run. Before then, they always return false. Please see <a href=\"https://developer.wordpress.org/advanced-administration/debug/debug-wordpress/\">Debugging in WordPress</a> for more information. (This message was added in version 3.1.0.) in /wordpress/wp-includes/functions.php on line 6121","log":"/logs/plugins/p/pages-order/error.json"}
,
{"message":"Function is_embed was called <strong>incorrectly</strong>. Conditional query tags do not work before the query is run. Before then, they always return false. Please see <a href=\"https://developer.wordpress.org/advanced-administration/debug/debug-wordpress/\">Debugging in WordPress</a> for more information. (This message was added in version 3.1.0.) in /wordpress/wp-includes/functions.php on line 6121","level":"NOTICE","type":"PHP","test":"asyncify-boot","plugin":"pages-order","details":"[01-May-2025 07:37:12 UTC] PHP Notice:  Function is_embed was called <strong>incorrectly</strong>. Conditional query tags do not work before the query is run. Before then, they always return false. Please see <a href=\"https://developer.wordpress.org/advanced-administration/debug/debug-wordpress/\">Debugging in WordPress</a> for more information. (This message was added in version 3.1.0.) in /wordpress/wp-includes/functions.php on line 6121","log":"/logs/plugins/p/pages-order/error.json"}
,
{"message":"Array and string offset access syntax with curly braces is no longer supported in /wordpress/wp-content/plugins/pages-order/core/utils.class.php on line 102","level":"FATAL","type":"PHP","test":"asyncify-boot","plugin":"pages-order","details":"[01-May-2025 07:37:20 UTC] PHP Fatal error:  Array and string offset access syntax with curly braces is no longer supported in /wordpress/wp-content/plugins/pages-order/core/utils.class.php on line 102","log":"/logs/plugins/p/pages-order/error.json"}
,
{"message":"Array and string offset access syntax with curly braces is no longer supported in /wordpress/wp-content/plugins/pages-order/core/utils.class.php on line 102","level":"FATAL","type":"PHP","test":"asyncify-boot","plugin":"pages-order","details":"[01-May-2025 07:37:29 UTC] PHP Fatal error:  Array and string offset access syntax with curly braces is no longer supported in /wordpress/wp-content/plugins/pages-order/core/utils.class.php on line 102\n\n    at Object.onBind (file:///home/runner/work/playground-tester/playground-tester/node_modules/@wp-playground/cli/index.js:237:15)\n    at process.processTicksAndRejections (node:internal/process/task_queues:105:5)\n    at async V (file:///home/runner/work/playground-tester/playground-tester/node_modules/@wp-playground/cli/index.js:64:10)\n    at async ja (file:///home/runner/work/playground-tester/playground-tester/node_modules/@wp-playground/cli/cli.js:8161:12) {\n  [cause]: Error: Error when executing the blueprint step #1 ({\"step\":\"installPlugin\",\"pluginData\":{\"resource\":\"wordpress.org/plugins\",\"slug\":\"pages-order\"},\"options\":{\"activate\":true}}) : PHP.run() failed with exit code 255 and the following output: \n      at Object.run (file:///home/runner/work/playground-tester/playground-tester/node_modules/@wp-playground/blueprints/index.js:12449:19)\n      at process.processTicksAndRejections (node:internal/process/task_queues:105:5)\n      at async ms (file:///home/runner/work/playground-tester/playground-tester/node_modules/@wp-playground/blueprints/index.js:12552:3)\n      ... 2 lines matching cause stack trace ...\n      at async ja (file:///home/runner/work/playground-tester/playground-tester/node_modules/@wp-playground/cli/cli.js:8161:12) {\n    [cause]: PHPExecutionFailureError: PHP.run() failed with exit code 255 and the following output: \n        at PHP.run (file:///home/runner/work/playground-tester/playground-tester/node_modules/@php-wasm/universal/index.js:987:19)\n        at process.processTicksAndRejections (node:internal/process/task_queues:105:5)\n        at async wr (file:///home/runner/work/playground-tester/playground-tester/node_modules/@wp-playground/blueprints/index.js:33:39)\n        at async Object.gt [as installPlugin] (file:///home/runner/work/playground-tester/playground-tester/node_modules/@wp-playground/blueprints/index.js:974:42)\n        at async g (file:///home/runner/work/playground-tester/playground-tester/node_modules/@wp-playground/blueprints/index.js:12517:30)\n        at async Object.run (file:///home/runner/work/playground-tester/playground-tester/node_modules/@wp-playground/blueprints/index.js:12446:23)\n        at async ms (file:///home/runner/work/playground-tester/playground-tester/node_modules/@wp-playground/blueprints/index.js:12552:3)\n        at async Object.onBind (file:///home/runner/work/playground-tester/playground-tester/node_modules/@wp-playground/cli/index.js:227:48)\n        at async V (file:///home/runner/work/playground-tester/playground-tester/node_modules/@wp-playground/cli/index.js:64:10)\n        at async ja (file:///home/runner/work/playground-tester/playground-tester/node_modules/@wp-playground/cli/cli.js:8161:12) {\n      response: PHPResponse {\n        httpStatusCode: 500,\n        headers: {\n          'x-powered-by': [ 'PHP/8.0.30-dev' ],\n          'content-type': [ 'text/html; charset=UTF-8' ]\n        },\n        bytes: Uint8Array(0) [],\n        exitCode: 255,\n        errors: ''\n      },\n      source: 'request'\n    }\n  }\n}\n\n","log":"/logs/plugins/p/pages-order/error.json"}
]
