[
{"message":"file:///home/runner/work/playground-tester/playground-tester/node_modules/@wp-playground/cli/index.js:237\n        throw new Error(y, { cause: u });\n              ^\n","level":"FATAL","type":"PLAYGROUND","test":"asyncify-boot","plugin":"google-translitration","details":"file:///home/runner/work/playground-tester/playground-tester/node_modules/@wp-playground/cli/index.js:237\n        throw new Error(y, { cause: u });\n              ^\n","log":"/tmp/tmp.MfHnIkgwwN"}
,
{"message":"Required parameter $force follows optional parameter $file in /wordpress/wp-content/plugins/google-document-embedder/functions.php on line 100","level":"DEPRECATED","type":"PHP","test":"asyncify-boot","plugin":"google-translitration","details":"[13-May-2025 16:35:18 UTC] PHP Deprecated:  Required parameter $force follows optional parameter $file in /wordpress/wp-content/plugins/google-document-embedder/functions.php on line 100","log":"/logs/plugins/g/google-translitration/error.json"}
,
{"message":"Trying to access array offset on value of type bool in /wordpress/wp-content/plugins/google-document-embedder/gviewer.php on line 263","level":"WARNING","type":"PHP","test":"asyncify-boot","plugin":"google-translitration","details":"[13-May-2025 16:35:18 UTC] PHP Warning:  Trying to access array offset on value of type bool in /wordpress/wp-content/plugins/google-document-embedder/gviewer.php on line 263","log":"/logs/plugins/g/google-translitration/error.json"}
,
{"message":"Required parameter $force follows optional parameter $file in /wordpress/wp-content/plugins/google-document-embedder/functions.php on line 100","level":"DEPRECATED","type":"PHP","test":"asyncify-boot","plugin":"google-translitration","details":"[13-May-2025 16:35:19 UTC] PHP Deprecated:  Required parameter $force follows optional parameter $file in /wordpress/wp-content/plugins/google-document-embedder/functions.php on line 100","log":"/logs/plugins/g/google-translitration/error.json"}
,
{"message":"Function _load_textdomain_just_in_time was called <strong>incorrectly</strong>. Translation loading for the <code>google-document-embedder</code> domain was triggered too early. This is usually an indicator for some code in the plugin or theme running too early. Translations should be loaded at the <code>init</code> action or later. Please see <a href=\"https://developer.wordpress.org/advanced-administration/debug/debug-wordpress/\">Debugging in WordPress</a> for more information. (This message was added in version 6.7.0.) in /wordpress/wp-includes/functions.php on line 6121","level":"NOTICE","type":"PHP","test":"asyncify-boot","plugin":"google-translitration","details":"[13-May-2025 16:35:19 UTC] PHP Notice:  Function _load_textdomain_just_in_time was called <strong>incorrectly</strong>. Translation loading for the <code>google-document-embedder</code> domain was triggered too early. This is usually an indicator for some code in the plugin or theme running too early. Translations should be loaded at the <code>init</code> action or later. Please see <a href=\"https://developer.wordpress.org/advanced-administration/debug/debug-wordpress/\">Debugging in WordPress</a> for more information. (This message was added in version 6.7.0.) in /wordpress/wp-includes/functions.php on line 6121","log":"/logs/plugins/g/google-translitration/error.json"}
,
{"message":"Required parameter $force follows optional parameter $file in /wordpress/wp-content/plugins/google-document-embedder/functions.php on line 100","level":"DEPRECATED","type":"PHP","test":"asyncify-boot","plugin":"google-translitration","details":"[13-May-2025 16:35:28 UTC] PHP Deprecated:  Required parameter $force follows optional parameter $file in /wordpress/wp-content/plugins/google-document-embedder/functions.php on line 100","log":"/logs/plugins/g/google-translitration/error.json"}
,
{"message":"Trying to access array offset on value of type bool in /wordpress/wp-content/plugins/google-document-embedder/gviewer.php on line 263","level":"WARNING","type":"PHP","test":"asyncify-boot","plugin":"google-translitration","details":"[13-May-2025 16:35:28 UTC] PHP Warning:  Trying to access array offset on value of type bool in /wordpress/wp-content/plugins/google-document-embedder/gviewer.php on line 263","log":"/logs/plugins/g/google-translitration/error.json"}
,
{"message":"Required parameter $force follows optional parameter $file in /wordpress/wp-content/plugins/google-document-embedder/functions.php on line 100","level":"DEPRECATED","type":"PHP","test":"asyncify-boot","plugin":"google-translitration","details":"[13-May-2025 16:35:29 UTC] PHP Deprecated:  Required parameter $force follows optional parameter $file in /wordpress/wp-content/plugins/google-document-embedder/functions.php on line 100","log":"/logs/plugins/g/google-translitration/error.json"}
,
{"message":"Function _load_textdomain_just_in_time was called <strong>incorrectly</strong>. Translation loading for the <code>google-document-embedder</code> domain was triggered too early. This is usually an indicator for some code in the plugin or theme running too early. Translations should be loaded at the <code>init</code> action or later. Please see <a href=\"https://developer.wordpress.org/advanced-administration/debug/debug-wordpress/\">Debugging in WordPress</a> for more information. (This message was added in version 6.7.0.) in /wordpress/wp-includes/functions.php on line 6121","level":"NOTICE","type":"PHP","test":"asyncify-boot","plugin":"google-translitration","details":"[13-May-2025 16:35:29 UTC] PHP Notice:  Function _load_textdomain_just_in_time was called <strong>incorrectly</strong>. Translation loading for the <code>google-document-embedder</code> domain was triggered too early. This is usually an indicator for some code in the plugin or theme running too early. Translations should be loaded at the <code>init</code> action or later. Please see <a href=\"https://developer.wordpress.org/advanced-administration/debug/debug-wordpress/\">Debugging in WordPress</a> for more information. (This message was added in version 6.7.0.) in /wordpress/wp-includes/functions.php on line 6121","log":"/logs/plugins/g/google-translitration/error.json"}
,
{"message":"Required parameter $force follows optional parameter $file in /wordpress/wp-content/plugins/google-document-embedder/functions.php on line 100","level":"DEPRECATED","type":"PHP","test":"asyncify-boot","plugin":"google-translitration","details":"[13-May-2025 16:35:37 UTC] PHP Deprecated:  Required parameter $force follows optional parameter $file in /wordpress/wp-content/plugins/google-document-embedder/functions.php on line 100","log":"/logs/plugins/g/google-translitration/error.json"}
,
{"message":"Trying to access array offset on value of type bool in /wordpress/wp-content/plugins/google-document-embedder/gviewer.php on line 263","level":"WARNING","type":"PHP","test":"asyncify-boot","plugin":"google-translitration","details":"[13-May-2025 16:35:37 UTC] PHP Warning:  Trying to access array offset on value of type bool in /wordpress/wp-content/plugins/google-document-embedder/gviewer.php on line 263","log":"/logs/plugins/g/google-translitration/error.json"}
,
{"message":"Required parameter $force follows optional parameter $file in /wordpress/wp-content/plugins/google-document-embedder/functions.php on line 100","level":"DEPRECATED","type":"PHP","test":"asyncify-boot","plugin":"google-translitration","details":"[13-May-2025 16:35:38 UTC] PHP Deprecated:  Required parameter $force follows optional parameter $file in /wordpress/wp-content/plugins/google-document-embedder/functions.php on line 100","log":"/logs/plugins/g/google-translitration/error.json"}
,
{"message":"Function _load_textdomain_just_in_time was called <strong>incorrectly</strong>. Translation loading for the <code>google-document-embedder</code> domain was triggered too early. This is usually an indicator for some code in the plugin or theme running too early. Translations should be loaded at the <code>init</code> action or later. Please see <a href=\"https://developer.wordpress.org/advanced-administration/debug/debug-wordpress/\">Debugging in WordPress</a> for more information. (This message was added in version 6.7.0.) in /wordpress/wp-includes/functions.php on line 6121","level":"NOTICE","type":"PHP","test":"asyncify-boot","plugin":"google-translitration","details":"[13-May-2025 16:35:38 UTC] PHP Notice:  Function _load_textdomain_just_in_time was called <strong>incorrectly</strong>. Translation loading for the <code>google-document-embedder</code> domain was triggered too early. This is usually an indicator for some code in the plugin or theme running too early. Translations should be loaded at the <code>init</code> action or later. Please see <a href=\"https://developer.wordpress.org/advanced-administration/debug/debug-wordpress/\">Debugging in WordPress</a> for more information. (This message was added in version 6.7.0.) in /wordpress/wp-includes/functions.php on line 6121","log":"/logs/plugins/g/google-translitration/error.json"}
,
{"message":"Function register_sidebar_widget is <strong>deprecated</strong> since version 2.8.0! Use wp_register_sidebar_widget() instead. in /wordpress/wp-includes/functions.php on line 6121","level":"DEPRECATED","type":"PHP","test":"asyncify-boot","plugin":"google-translitration","details":"[13-May-2025 16:37:08 UTC] PHP Deprecated:  Function register_sidebar_widget is <strong>deprecated</strong> since version 2.8.0! Use wp_register_sidebar_widget() instead. in /wordpress/wp-includes/functions.php on line 6121","log":"/logs/plugins/g/google-translitration/error.json"}
,
{"message":"Uncaught Error: Call to undefined function mysql_query() in /wordpress/wp-content/plugins/game-tabs/my-game-tabs.php:615","level":"FATAL","type":"PHP","test":"asyncify-boot","plugin":"google-translitration","details":"[13-May-2025 16:37:08 UTC] PHP Fatal error:  Uncaught Error: Call to undefined function mysql_query() in /wordpress/wp-content/plugins/game-tabs/my-game-tabs.php:615\nStack trace:\n#0 /wordpress/wp-content/plugins/game-tabs/my-game-tabs.php(574): define_variable()\n#1 /wordpress/wp-includes/class-wp-hook.php(324): myStrommen_init('')\n#2 /wordpress/wp-includes/class-wp-hook.php(348): WP_Hook->apply_filters(NULL, Array)\n#3 /wordpress/wp-includes/plugin.php(517): WP_Hook->do_action(Array)\n#4 /wordpress/wp-settings.php(578): do_action('plugins_loaded')\n#5 /wordpress/wp-config.php(102): require_once('/wordpress/wp-s...')\n#6 /wordpress/wp-load.php(50): require_once('/wordpress/wp-c...')\n#7 /internal/eval.php(3): require_once('/wordpress/wp-l...')\n#8 {main}\n  thrown in /wordpress/wp-content/plugins/game-tabs/my-game-tabs.php on line 615","log":"/logs/plugins/g/google-translitration/error.json"}
,
{"message":"Function register_sidebar_widget is <strong>deprecated</strong> since version 2.8.0! Use wp_register_sidebar_widget() instead. in /wordpress/wp-includes/functions.php on line 6121","level":"DEPRECATED","type":"PHP","test":"asyncify-boot","plugin":"google-translitration","details":"[13-May-2025 16:37:16 UTC] PHP Deprecated:  Function register_sidebar_widget is <strong>deprecated</strong> since version 2.8.0! Use wp_register_sidebar_widget() instead. in /wordpress/wp-includes/functions.php on line 6121","log":"/logs/plugins/g/google-translitration/error.json"}
,
{"message":"Uncaught Error: Call to undefined function mysql_query() in /wordpress/wp-content/plugins/game-tabs/my-game-tabs.php:615","level":"FATAL","type":"PHP","test":"asyncify-boot","plugin":"google-translitration","details":"[13-May-2025 16:37:16 UTC] PHP Fatal error:  Uncaught Error: Call to undefined function mysql_query() in /wordpress/wp-content/plugins/game-tabs/my-game-tabs.php:615\nStack trace:\n#0 /wordpress/wp-content/plugins/game-tabs/my-game-tabs.php(574): define_variable()\n#1 /wordpress/wp-includes/class-wp-hook.php(324): myStrommen_init('')\n#2 /wordpress/wp-includes/class-wp-hook.php(348): WP_Hook->apply_filters(NULL, Array)\n#3 /wordpress/wp-includes/plugin.php(517): WP_Hook->do_action(Array)\n#4 /wordpress/wp-settings.php(578): do_action('plugins_loaded')\n#5 /wordpress/wp-config.php(102): require_once('/wordpress/wp-s...')\n#6 /wordpress/wp-load.php(50): require_once('/wordpress/wp-c...')\n#7 /internal/eval.php(3): require_once('/wordpress/wp-l...')\n#8 {main}\n  thrown in /wordpress/wp-content/plugins/game-tabs/my-game-tabs.php on line 615","log":"/logs/plugins/g/google-translitration/error.json"}
,
{"message":"Function register_sidebar_widget is <strong>deprecated</strong> since version 2.8.0! Use wp_register_sidebar_widget() instead. in /wordpress/wp-includes/functions.php on line 6121","level":"DEPRECATED","type":"PHP","test":"asyncify-boot","plugin":"google-translitration","details":"[13-May-2025 16:37:26 UTC] PHP Deprecated:  Function register_sidebar_widget is <strong>deprecated</strong> since version 2.8.0! Use wp_register_sidebar_widget() instead. in /wordpress/wp-includes/functions.php on line 6121","log":"/logs/plugins/g/google-translitration/error.json"}
,
{"message":"Uncaught Error: Call to undefined function mysql_query() in /wordpress/wp-content/plugins/game-tabs/my-game-tabs.php:615","level":"FATAL","type":"PHP","test":"asyncify-boot","plugin":"google-translitration","details":"[13-May-2025 16:37:26 UTC] PHP Fatal error:  Uncaught Error: Call to undefined function mysql_query() in /wordpress/wp-content/plugins/game-tabs/my-game-tabs.php:615\nStack trace:\n#0 /wordpress/wp-content/plugins/game-tabs/my-game-tabs.php(574): define_variable()\n#1 /wordpress/wp-includes/class-wp-hook.php(324): myStrommen_init('')\n#2 /wordpress/wp-includes/class-wp-hook.php(348): WP_Hook->apply_filters(NULL, Array)\n#3 /wordpress/wp-includes/plugin.php(517): WP_Hook->do_action(Array)\n#4 /wordpress/wp-settings.php(578): do_action('plugins_loaded')\n#5 /wordpress/wp-config.php(102): require_once('/wordpress/wp-s...')\n#6 /wordpress/wp-load.php(50): require_once('/wordpress/wp-c...')\n#7 /internal/eval.php(3): require_once('/wordpress/wp-l...')\n#8 {main}\n  thrown in /wordpress/wp-content/plugins/game-tabs/my-game-tabs.php on line 615","log":"/logs/plugins/g/google-translitration/error.json"}
,
{"message":"Uncaught WP_SQLite_Driver_Exception: Failed to parse the MySQL query. in /internal/shared/sqlite-database-integration/wp-includes/sqlite-ast/class-wp-sqlite-driver.php:3671","level":"FATAL","type":"PHP","test":"asyncify-boot","plugin":"google-translitration","details":"[13-May-2025 16:38:01 UTC] PHP Fatal error:  Uncaught WP_SQLite_Driver_Exception: Failed to parse the MySQL query. in /internal/shared/sqlite-database-integration/wp-includes/sqlite-ast/class-wp-sqlite-driver.php:3671\nStack trace:\n#0 /internal/shared/sqlite-database-integration/wp-includes/sqlite-ast/class-wp-sqlite-driver.php(606): WP_SQLite_Driver->new_driver_exception('Failed to parse...')\n#1 /internal/shared/sqlite-database-integration/wp-includes/sqlite/class-wp-sqlite-db.php(132): WP_SQLite_Driver->query('SET SESSION sql...')\n#2 /wordpress/wp-content/plugins/geargag-toolkit/Add_DB_Column.php(18): WP_SQLite_DB->set_sql_mode(Array)\n#3 /wordpress/wp-includes/class-wp-hook.php(324): GearGag_Toolkit\\Add_DB_Column->add_column(false)\n#4 /wordpress/wp-includes/class-wp-hook.php(348): WP_Hook->apply_filters('', Array)\n#5 /wordpress/wp-includes/plugin.php(517): WP_Hook->do_action(Array)\n#6 /wordpress/wp-admin/includes/plugin.php(703): do_action('activate_gearga...', false)\n#7 /internal/eval.php(20): activate_plugin('geargag-toolkit...')\n#8 {main}\n  thrown in /internal/shared/sqlite-database-integration/wp-includes/sqlite-ast/class-wp-sqlite-driver.php on line 3671","log":"/logs/plugins/g/google-translitration/error.json"}
,
{"message":"Function _load_textdomain_just_in_time was called <strong>incorrectly</strong>. Translation loading for the <code>geargag-toolkit</code> domain was triggered too early. This is usually an indicator for some code in the plugin or theme running too early. Translations should be loaded at the <code>init</code> action or later. Please see <a href=\"https://developer.wordpress.org/advanced-administration/debug/debug-wordpress/\">Debugging in WordPress</a> for more information. (This message was added in version 6.7.0.) in /wordpress/wp-includes/functions.php on line 6121","level":"NOTICE","type":"PHP","test":"asyncify-boot","plugin":"google-translitration","details":"[13-May-2025 16:38:10 UTC] PHP Notice:  Function _load_textdomain_just_in_time was called <strong>incorrectly</strong>. Translation loading for the <code>geargag-toolkit</code> domain was triggered too early. This is usually an indicator for some code in the plugin or theme running too early. Translations should be loaded at the <code>init</code> action or later. Please see <a href=\"https://developer.wordpress.org/advanced-administration/debug/debug-wordpress/\">Debugging in WordPress</a> for more information. (This message was added in version 6.7.0.) in /wordpress/wp-includes/functions.php on line 6121","log":"/logs/plugins/g/google-translitration/error.json"}
,
{"message":"Function _load_textdomain_just_in_time was called <strong>incorrectly</strong>. Translation loading for the <code>geargag-toolkit</code> domain was triggered too early. This is usually an indicator for some code in the plugin or theme running too early. Translations should be loaded at the <code>init</code> action or later. Please see <a href=\"https://developer.wordpress.org/advanced-administration/debug/debug-wordpress/\">Debugging in WordPress</a> for more information. (This message was added in version 6.7.0.) in /wordpress/wp-includes/functions.php on line 6121","level":"NOTICE","type":"PHP","test":"asyncify-boot","plugin":"google-translitration","details":"[13-May-2025 16:38:18 UTC] PHP Notice:  Function _load_textdomain_just_in_time was called <strong>incorrectly</strong>. Translation loading for the <code>geargag-toolkit</code> domain was triggered too early. This is usually an indicator for some code in the plugin or theme running too early. Translations should be loaded at the <code>init</code> action or later. Please see <a href=\"https://developer.wordpress.org/advanced-administration/debug/debug-wordpress/\">Debugging in WordPress</a> for more information. (This message was added in version 6.7.0.) in /wordpress/wp-includes/functions.php on line 6121","log":"/logs/plugins/g/google-translitration/error.json"}
,
{"message":"Uncaught Error: Undefined constant \"STDERR\" in /wordpress/wp-content/plugins/google-picasa-albums-viewer/vendor/composer/platform_check.php:17","level":"FATAL","type":"PHP","test":"asyncify-boot","plugin":"google-translitration","details":"[13-May-2025 16:39:33 UTC] PHP Fatal error:  Uncaught Error: Undefined constant \"STDERR\" in /wordpress/wp-content/plugins/google-picasa-albums-viewer/vendor/composer/platform_check.php:17\nStack trace:\n#0 /wordpress/wp-content/plugins/google-picasa-albums-viewer/vendor/composer/autoload_real.php(25): require()\n#1 /wordpress/wp-content/plugins/google-picasa-albums-viewer/vendor/autoload.php(25): ComposerAutoloaderInit345220dac31e52a5440f156a0be6c853::getLoader()\n#2 /wordpress/wp-content/plugins/google-picasa-albums-viewer/includes/class-google-photos-albums-gallery.php(131): require('/wordpress/wp-c...')\n#3 /wordpress/wp-content/plugins/google-picasa-albums-viewer/includes/class-google-photos-albums-gallery.php(80): Google_Photos_Albums_Gallery->load_dependencies()\n#4 /wordpress/wp-content/plugins/google-picasa-albums-viewer/google-photos-albums-gallery.php(78): Google_Photos_Albums_Gallery->__construct()\n#5 /wordpress/wp-content/plugins/google-picasa-albums-viewer/google-photos-albums-gallery.php(82): run_google_photos_albums_gallery()\n#6 /wordpress/wp-admin/includes/plugin.php(2387): include_once('/wordpress/wp-c...')\n#7 /wordpress/wp-admin/includes/plugin.php(673): plugin_sandbox_scrape('google-picasa-a...')\n#8 /internal/eval.php(20): activate_plugin('google-picasa-a...')\n#9 {main}\n  thrown in /wordpress/wp-content/plugins/google-picasa-albums-viewer/vendor/composer/platform_check.php on line 17","log":"/logs/plugins/g/google-translitration/error.json"}
,
{"message":"Uncaught Error: Undefined constant \"STDERR\" in /wordpress/wp-content/plugins/google-picasa-albums-viewer/vendor/composer/platform_check.php:17","level":"FATAL","type":"PHP","test":"asyncify-boot","plugin":"google-translitration","details":"[13-May-2025 16:39:45 UTC] PHP Fatal error:  Uncaught Error: Undefined constant \"STDERR\" in /wordpress/wp-content/plugins/google-picasa-albums-viewer/vendor/composer/platform_check.php:17\nStack trace:\n#0 /wordpress/wp-content/plugins/google-picasa-albums-viewer/vendor/composer/autoload_real.php(25): require()\n#1 /wordpress/wp-content/plugins/google-picasa-albums-viewer/vendor/autoload.php(25): ComposerAutoloaderInit345220dac31e52a5440f156a0be6c853::getLoader()\n#2 /wordpress/wp-content/plugins/google-picasa-albums-viewer/includes/class-google-photos-albums-gallery.php(131): require('/wordpress/wp-c...')\n#3 /wordpress/wp-content/plugins/google-picasa-albums-viewer/includes/class-google-photos-albums-gallery.php(80): Google_Photos_Albums_Gallery->load_dependencies()\n#4 /wordpress/wp-content/plugins/google-picasa-albums-viewer/google-photos-albums-gallery.php(78): Google_Photos_Albums_Gallery->__construct()\n#5 /wordpress/wp-content/plugins/google-picasa-albums-viewer/google-photos-albums-gallery.php(82): run_google_photos_albums_gallery()\n#6 /wordpress/wp-admin/includes/plugin.php(2387): include_once('/wordpress/wp-c...')\n#7 /wordpress/wp-admin/includes/plugin.php(673): plugin_sandbox_scrape('google-picasa-a...')\n#8 /internal/eval.php(20): activate_plugin('google-picasa-a...')\n#9 {main}\n  thrown in /wordpress/wp-content/plugins/google-picasa-albums-viewer/vendor/composer/platform_check.php on line 17","log":"/logs/plugins/g/google-translitration/error.json"}
,
{"message":"Uncaught Error: Undefined constant \"STDERR\" in /wordpress/wp-content/plugins/google-picasa-albums-viewer/vendor/composer/platform_check.php:17","level":"FATAL","type":"PHP","test":"asyncify-boot","plugin":"google-translitration","details":"[13-May-2025 16:39:57 UTC] PHP Fatal error:  Uncaught Error: Undefined constant \"STDERR\" in /wordpress/wp-content/plugins/google-picasa-albums-viewer/vendor/composer/platform_check.php:17\nStack trace:\n#0 /wordpress/wp-content/plugins/google-picasa-albums-viewer/vendor/composer/autoload_real.php(25): require()\n#1 /wordpress/wp-content/plugins/google-picasa-albums-viewer/vendor/autoload.php(25): ComposerAutoloaderInit345220dac31e52a5440f156a0be6c853::getLoader()\n#2 /wordpress/wp-content/plugins/google-picasa-albums-viewer/includes/class-google-photos-albums-gallery.php(131): require('/wordpress/wp-c...')\n#3 /wordpress/wp-content/plugins/google-picasa-albums-viewer/includes/class-google-photos-albums-gallery.php(80): Google_Photos_Albums_Gallery->load_dependencies()\n#4 /wordpress/wp-content/plugins/google-picasa-albums-viewer/google-photos-albums-gallery.php(78): Google_Photos_Albums_Gallery->__construct()\n#5 /wordpress/wp-content/plugins/google-picasa-albums-viewer/google-photos-albums-gallery.php(82): run_google_photos_albums_gallery()\n#6 /wordpress/wp-admin/includes/plugin.php(2387): include_once('/wordpress/wp-c...')\n#7 /wordpress/wp-admin/includes/plugin.php(673): plugin_sandbox_scrape('google-picasa-a...')\n#8 /internal/eval.php(20): activate_plugin('google-picasa-a...')\n#9 {main}\n  thrown in /wordpress/wp-content/plugins/google-picasa-albums-viewer/vendor/composer/platform_check.php on line 17","log":"/logs/plugins/g/google-translitration/error.json"}
,
{"message":"spl_autoload_register(): Argument #2 ($do_throw) has been ignored, spl_autoload_register() will always throw in /wordpress/wp-content/plugins/google-publisher/ClassAutoloader.php on line 27","level":"NOTICE","type":"PHP","test":"asyncify-boot","plugin":"google-translitration","details":"[13-May-2025 16:40:06 UTC] PHP Notice:  spl_autoload_register(): Argument #2 ($do_throw) has been ignored, spl_autoload_register() will always throw in /wordpress/wp-content/plugins/google-publisher/ClassAutoloader.php on line 27","log":"/logs/plugins/g/google-translitration/error.json"}
,
{"message":"spl_autoload_register(): Argument #2 ($do_throw) has been ignored, spl_autoload_register() will always throw in /wordpress/wp-content/plugins/google-publisher/ClassAutoloader.php on line 27","level":"NOTICE","type":"PHP","test":"asyncify-boot","plugin":"google-translitration","details":"[13-May-2025 16:40:07 UTC] PHP Notice:  spl_autoload_register(): Argument #2 ($do_throw) has been ignored, spl_autoload_register() will always throw in /wordpress/wp-content/plugins/google-publisher/ClassAutoloader.php on line 27","log":"/logs/plugins/g/google-translitration/error.json"}
,
{"message":"spl_autoload_register(): Argument #2 ($do_throw) has been ignored, spl_autoload_register() will always throw in /wordpress/wp-content/plugins/google-publisher/ClassAutoloader.php on line 27","level":"NOTICE","type":"PHP","test":"asyncify-boot","plugin":"google-translitration","details":"[13-May-2025 16:40:14 UTC] PHP Notice:  spl_autoload_register(): Argument #2 ($do_throw) has been ignored, spl_autoload_register() will always throw in /wordpress/wp-content/plugins/google-publisher/ClassAutoloader.php on line 27","log":"/logs/plugins/g/google-translitration/error.json"}
,
{"message":"spl_autoload_register(): Argument #2 ($do_throw) has been ignored, spl_autoload_register() will always throw in /wordpress/wp-content/plugins/google-publisher/ClassAutoloader.php on line 27","level":"NOTICE","type":"PHP","test":"asyncify-boot","plugin":"google-translitration","details":"[13-May-2025 16:40:15 UTC] PHP Notice:  spl_autoload_register(): Argument #2 ($do_throw) has been ignored, spl_autoload_register() will always throw in /wordpress/wp-content/plugins/google-publisher/ClassAutoloader.php on line 27","log":"/logs/plugins/g/google-translitration/error.json"}
,
{"message":"spl_autoload_register(): Argument #2 ($do_throw) has been ignored, spl_autoload_register() will always throw in /wordpress/wp-content/plugins/google-publisher/ClassAutoloader.php on line 27","level":"NOTICE","type":"PHP","test":"asyncify-boot","plugin":"google-translitration","details":"[13-May-2025 16:40:23 UTC] PHP Notice:  spl_autoload_register(): Argument #2 ($do_throw) has been ignored, spl_autoload_register() will always throw in /wordpress/wp-content/plugins/google-publisher/ClassAutoloader.php on line 27","log":"/logs/plugins/g/google-translitration/error.json"}
,
{"message":"spl_autoload_register(): Argument #2 ($do_throw) has been ignored, spl_autoload_register() will always throw in /wordpress/wp-content/plugins/google-publisher/ClassAutoloader.php on line 27","level":"NOTICE","type":"PHP","test":"asyncify-boot","plugin":"google-translitration","details":"[13-May-2025 16:40:24 UTC] PHP Notice:  spl_autoload_register(): Argument #2 ($do_throw) has been ignored, spl_autoload_register() will always throw in /wordpress/wp-content/plugins/google-publisher/ClassAutoloader.php on line 27","log":"/logs/plugins/g/google-translitration/error.json"}
,
{"message":"Undefined array key \"act\" in /wordpress/wp-content/plugins/google-scholar/gs.php on line 34","level":"WARNING","type":"PHP","test":"asyncify-boot","plugin":"google-translitration","details":"[13-May-2025 16:40:32 UTC] PHP Warning:  Undefined array key \"act\" in /wordpress/wp-content/plugins/google-scholar/gs.php on line 34","log":"/logs/plugins/g/google-translitration/error.json"}
,
{"message":"Trying to access array offset on value of type bool in /wordpress/wp-content/plugins/google-scholar/gs.php on line 21","level":"WARNING","type":"PHP","test":"asyncify-boot","plugin":"google-translitration","details":"[13-May-2025 16:40:32 UTC] PHP Warning:  Trying to access array offset on value of type bool in /wordpress/wp-content/plugins/google-scholar/gs.php on line 21","log":"/logs/plugins/g/google-translitration/error.json"}
,
{"message":"Uncaught TypeError: call_user_func_array(): Argument #1 ($callback) must be a valid callback, function \"myplugin_activate\" not found or invalid function name in /wordpress/wp-includes/class-wp-hook.php:324","level":"FATAL","type":"PHP","test":"asyncify-boot","plugin":"google-translitration","details":"[13-May-2025 16:40:33 UTC] PHP Fatal error:  Uncaught TypeError: call_user_func_array(): Argument #1 ($callback) must be a valid callback, function \"myplugin_activate\" not found or invalid function name in /wordpress/wp-includes/class-wp-hook.php:324\nStack trace:\n#0 /wordpress/wp-includes/class-wp-hook.php(348): WP_Hook->apply_filters(NULL, Array)\n#1 /wordpress/wp-includes/plugin.php(517): WP_Hook->do_action(Array)\n#2 /wordpress/wp-admin/includes/plugin.php(703): do_action('activate_google...', false)\n#3 /internal/eval.php(20): activate_plugin('google-scholar/...')\n#4 {main}\n  thrown in /wordpress/wp-includes/class-wp-hook.php on line 324","log":"/logs/plugins/g/google-translitration/error.json"}
,
{"message":"Undefined array key \"act\" in /wordpress/wp-content/plugins/google-scholar/gs.php on line 34","level":"WARNING","type":"PHP","test":"asyncify-boot","plugin":"google-translitration","details":"[13-May-2025 16:40:40 UTC] PHP Warning:  Undefined array key \"act\" in /wordpress/wp-content/plugins/google-scholar/gs.php on line 34","log":"/logs/plugins/g/google-translitration/error.json"}
,
{"message":"Trying to access array offset on value of type bool in /wordpress/wp-content/plugins/google-scholar/gs.php on line 21","level":"WARNING","type":"PHP","test":"asyncify-boot","plugin":"google-translitration","details":"[13-May-2025 16:40:40 UTC] PHP Warning:  Trying to access array offset on value of type bool in /wordpress/wp-content/plugins/google-scholar/gs.php on line 21","log":"/logs/plugins/g/google-translitration/error.json"}
,
{"message":"Uncaught TypeError: call_user_func_array(): Argument #1 ($callback) must be a valid callback, function \"myplugin_activate\" not found or invalid function name in /wordpress/wp-includes/class-wp-hook.php:324","level":"FATAL","type":"PHP","test":"asyncify-boot","plugin":"google-translitration","details":"[13-May-2025 16:40:41 UTC] PHP Fatal error:  Uncaught TypeError: call_user_func_array(): Argument #1 ($callback) must be a valid callback, function \"myplugin_activate\" not found or invalid function name in /wordpress/wp-includes/class-wp-hook.php:324\nStack trace:\n#0 /wordpress/wp-includes/class-wp-hook.php(348): WP_Hook->apply_filters(NULL, Array)\n#1 /wordpress/wp-includes/plugin.php(517): WP_Hook->do_action(Array)\n#2 /wordpress/wp-admin/includes/plugin.php(703): do_action('activate_google...', false)\n#3 /internal/eval.php(20): activate_plugin('google-scholar/...')\n#4 {main}\n  thrown in /wordpress/wp-includes/class-wp-hook.php on line 324","log":"/logs/plugins/g/google-translitration/error.json"}
,
{"message":"Undefined array key \"act\" in /wordpress/wp-content/plugins/google-scholar/gs.php on line 34","level":"WARNING","type":"PHP","test":"asyncify-boot","plugin":"google-translitration","details":"[13-May-2025 16:40:48 UTC] PHP Warning:  Undefined array key \"act\" in /wordpress/wp-content/plugins/google-scholar/gs.php on line 34","log":"/logs/plugins/g/google-translitration/error.json"}
,
{"message":"Trying to access array offset on value of type bool in /wordpress/wp-content/plugins/google-scholar/gs.php on line 21","level":"WARNING","type":"PHP","test":"asyncify-boot","plugin":"google-translitration","details":"[13-May-2025 16:40:48 UTC] PHP Warning:  Trying to access array offset on value of type bool in /wordpress/wp-content/plugins/google-scholar/gs.php on line 21","log":"/logs/plugins/g/google-translitration/error.json"}
,
{"message":"Uncaught TypeError: call_user_func_array(): Argument #1 ($callback) must be a valid callback, function \"myplugin_activate\" not found or invalid function name in /wordpress/wp-includes/class-wp-hook.php:324","level":"FATAL","type":"PHP","test":"asyncify-boot","plugin":"google-translitration","details":"[13-May-2025 16:40:48 UTC] PHP Fatal error:  Uncaught TypeError: call_user_func_array(): Argument #1 ($callback) must be a valid callback, function \"myplugin_activate\" not found or invalid function name in /wordpress/wp-includes/class-wp-hook.php:324\nStack trace:\n#0 /wordpress/wp-includes/class-wp-hook.php(348): WP_Hook->apply_filters(NULL, Array)\n#1 /wordpress/wp-includes/plugin.php(517): WP_Hook->do_action(Array)\n#2 /wordpress/wp-admin/includes/plugin.php(703): do_action('activate_google...', false)\n#3 /internal/eval.php(20): activate_plugin('google-scholar/...')\n#4 {main}\n  thrown in /wordpress/wp-includes/class-wp-hook.php on line 324","log":"/logs/plugins/g/google-translitration/error.json"}
,
{"message":"Cannot redeclare file_put_contents() in /wordpress/wp-content/plugins/google-toolbar-button-plugin/googletoolbar.php on line 59","level":"FATAL","type":"PHP","test":"asyncify-boot","plugin":"google-translitration","details":"[13-May-2025 16:40:57 UTC] PHP Fatal error:  Cannot redeclare file_put_contents() in /wordpress/wp-content/plugins/google-toolbar-button-plugin/googletoolbar.php on line 59","log":"/logs/plugins/g/google-translitration/error.json"}
,
{"message":"Cannot redeclare file_put_contents() in /wordpress/wp-content/plugins/google-toolbar-button-plugin/googletoolbar.php on line 59","level":"FATAL","type":"PHP","test":"asyncify-boot","plugin":"google-translitration","details":"[13-May-2025 16:41:05 UTC] PHP Fatal error:  Cannot redeclare file_put_contents() in /wordpress/wp-content/plugins/google-toolbar-button-plugin/googletoolbar.php on line 59","log":"/logs/plugins/g/google-translitration/error.json"}
,
{"message":"Cannot redeclare file_put_contents() in /wordpress/wp-content/plugins/google-toolbar-button-plugin/googletoolbar.php on line 59","level":"FATAL","type":"PHP","test":"asyncify-boot","plugin":"google-translitration","details":"[13-May-2025 16:41:13 UTC] PHP Fatal error:  Cannot redeclare file_put_contents() in /wordpress/wp-content/plugins/google-toolbar-button-plugin/googletoolbar.php on line 59","log":"/logs/plugins/g/google-translitration/error.json"}
,
{"message":"syntax error, unexpected token \"&\" in /wordpress/wp-content/plugins/guthrie/guthrie.php on line 467","level":"PARSE","type":"PHP","test":"asyncify-boot","plugin":"google-translitration","details":"[13-May-2025 16:43:28 UTC] PHP Parse error:  syntax error, unexpected token \"&\" in /wordpress/wp-content/plugins/guthrie/guthrie.php on line 467","log":"/logs/plugins/g/google-translitration/error.json"}
,
{"message":"syntax error, unexpected token \"&\" in /wordpress/wp-content/plugins/guthrie/guthrie.php on line 467","level":"PARSE","type":"PHP","test":"asyncify-boot","plugin":"google-translitration","details":"[13-May-2025 16:43:36 UTC] PHP Parse error:  syntax error, unexpected token \"&\" in /wordpress/wp-content/plugins/guthrie/guthrie.php on line 467","log":"/logs/plugins/g/google-translitration/error.json"}
,
{"message":"syntax error, unexpected token \"&\" in /wordpress/wp-content/plugins/guthrie/guthrie.php on line 467","level":"PARSE","type":"PHP","test":"asyncify-boot","plugin":"google-translitration","details":"[13-May-2025 16:43:44 UTC] PHP Parse error:  syntax error, unexpected token \"&\" in /wordpress/wp-content/plugins/guthrie/guthrie.php on line 467\n\n    at Object.onBind (file:///home/runner/work/playground-tester/playground-tester/node_modules/@wp-playground/cli/index.js:237:15)\n    at process.processTicksAndRejections (node:internal/process/task_queues:105:5)\n    at async V (file:///home/runner/work/playground-tester/playground-tester/node_modules/@wp-playground/cli/index.js:64:10)\n    at async ja (file:///home/runner/work/playground-tester/playground-tester/node_modules/@wp-playground/cli/cli.js:8161:12) {\n  [cause]: Error: Error when executing the blueprint step #1 ({\"step\":\"installPlugin\",\"pluginData\":{\"resource\":\"wordpress.org/plugins\",\"slug\":\"google-translitration\"},\"options\":{\"activate\":true}}) : Could not download \"https://downloads.wordpress.org/plugin/google-translitration.latest-stable.zip\".\n  \t\t\t\tCheck if the URL is correct and the server is reachable.\n  \t\t\t\tIf it is reachable, the server might be blocking the request.\n  \t\t\t\tCheck the browser console and network tabs for more information.\n  \n  \t\t\t\t## Does the console show the error \"No 'Access-Control-Allow-Origin' header\"?\n  \n  \t\t\t\tThis means the server that hosts your file does not allow requests from other sites\n  \t\t\t\t(cross-origin requests, or CORS).\tYou need to move the asset to a server that allows\n  \t\t\t\tcross-origin file downloads. Learn more about CORS at\n  \t\t\t\thttps://developer.mozilla.org/en-US/docs/Web/HTTP/CORS.\n  \n  \t\t\t\tIf your file is on GitHub, load it from \"raw.githubusercontent.com\".\n  \t\t\t\tHere's how to do that:\n  \n  \t\t\t\t1. Start with the original GitHub URL of the file. For example:\n  \t\t\t\thttps://github.com/username/repository/blob/branch/filename.\n  \t\t\t\t2. Replace \"github.com\" with \"raw.githubusercontent.com\".\n  \t\t\t\t3. Remove the \"/blob/\" part of the URL.\n  \n  \t\t\t\tThe resulting URL should look like this:\n  \t\t\t\thttps://raw.githubusercontent.com/username/repository/branch/filename\n  \n  \t\t\t\tError:\n  \t\t\t\tError: Could not download \"https://downloads.wordpress.org/plugin/google-translitration.latest-stable.zip\"\n      at Object.run (file:///home/runner/work/playground-tester/playground-tester/node_modules/@wp-playground/blueprints/index.js:12449:19)\n      at process.processTicksAndRejections (node:internal/process/task_queues:105:5)\n      at async ms (file:///home/runner/work/playground-tester/playground-tester/node_modules/@wp-playground/blueprints/index.js:12552:3)\n      at async Object.onBind (file:///home/runner/work/playground-tester/playground-tester/node_modules/@wp-playground/cli/index.js:227:48)\n      at async V (file:///home/runner/work/playground-tester/playground-tester/node_modules/@wp-playground/cli/index.js:64:10)\n      at async ja (file:///home/runner/work/playground-tester/playground-tester/node_modules/@wp-playground/cli/cli.js:8161:12) {\n    [cause]: Error: Could not download \"https://downloads.wordpress.org/plugin/google-translitration.latest-stable.zip\".\n    \t\t\t\tCheck if the URL is correct and the server is reachable.\n    \t\t\t\tIf it is reachable, the server might be blocking the request.\n    \t\t\t\tCheck the browser console and network tabs for more information.\n    \n    \t\t\t\t## Does the console show the error \"No 'Access-Control-Allow-Origin' header\"?\n    \n    \t\t\t\tThis means the server that hosts your file does not allow requests from other sites\n    \t\t\t\t(cross-origin requests, or CORS).\tYou need to move the asset to a server that allows\n    \t\t\t\tcross-origin file downloads. Learn more about CORS at\n    \t\t\t\thttps://developer.mozilla.org/en-US/docs/Web/HTTP/CORS.\n    \n    \t\t\t\tIf your file is on GitHub, load it from \"raw.githubusercontent.com\".\n    \t\t\t\tHere's how to do that:\n    \n    \t\t\t\t1. Start with the original GitHub URL of the file. For example:\n    \t\t\t\thttps://github.com/username/repository/blob/branch/filename.\n    \t\t\t\t2. Replace \"github.com\" with \"raw.githubusercontent.com\".\n    \t\t\t\t3. Remove the \"/blob/\" part of the URL.\n    \n    \t\t\t\tThe resulting URL should look like this:\n    \t\t\t\thttps://raw.githubusercontent.com/username/repository/branch/filename\n    \n    \t\t\t\tError:\n    \t\t\t\tError: Could not download \"https://downloads.wordpress.org/plugin/google-translitration.latest-stable.zip\"\n        at Ct.resolve (file:///home/runner/work/playground-tester/playground-tester/node_modules/@wp-playground/blueprints/index.js:1472:13)\n        at process.processTicksAndRejections (node:internal/process/task_queues:105:5)\n        at async _.run (file:///home/runner/work/playground-tester/playground-tester/node_modules/@php-wasm/util/index.js:45:14)\n  }\n}\n\n","log":"/logs/plugins/g/google-translitration/error.json"}
]
