file:///home/runner/work/playground-tester/playground-tester/node_modules/@wp-playground/cli/index.js:237
        throw new Error(y, { cause: u });
              ^

Error: [12-May-2025 08:59:40 UTC] PHP Fatal error:  Uncaught Error: Undefined constant "trigger" in /wordpress/wp-content/plugins/order-by-engagement/wp-obe.php:100
Stack trace:
#0 /wordpress/wp-admin/includes/plugin.php(2387): include_once()
#1 /wordpress/wp-admin/includes/plugin.php(673): plugin_sandbox_scrape('order-by-engage...')
#2 /internal/eval.php(20): activate_plugin('order-by-engage...')
#3 {main}
  thrown in /wordpress/wp-content/plugins/order-by-engagement/wp-obe.php on line 100
[12-May-2025 08:59:46 UTC] PHP Fatal error:  Uncaught Error: Undefined constant "trigger" in /wordpress/wp-content/plugins/order-by-engagement/wp-obe.php:100
Stack trace:
#0 /wordpress/wp-admin/includes/plugin.php(2387): include_once()
#1 /wordpress/wp-admin/includes/plugin.php(673): plugin_sandbox_scrape('order-by-engage...')
#2 /internal/eval.php(20): activate_plugin('order-by-engage...')
#3 {main}
  thrown in /wordpress/wp-content/plugins/order-by-engagement/wp-obe.php on line 100
[12-May-2025 08:59:53 UTC] PHP Fatal error:  Uncaught Error: Undefined constant "trigger" in /wordpress/wp-content/plugins/order-by-engagement/wp-obe.php:100
Stack trace:
#0 /wordpress/wp-admin/includes/plugin.php(2387): include_once()
#1 /wordpress/wp-admin/includes/plugin.php(673): plugin_sandbox_scrape('order-by-engage...')
#2 /internal/eval.php(20): activate_plugin('order-by-engage...')
#3 {main}
  thrown in /wordpress/wp-content/plugins/order-by-engagement/wp-obe.php on line 100
[12-May-2025 09:00:50 UTC] PHP Warning:  Array to string conversion in /wordpress/wp-includes/class-wp-taxonomy.php on line 440
[12-May-2025 09:00:59 UTC] PHP Warning:  Array to string conversion in /wordpress/wp-includes/class-wp-taxonomy.php on line 440
[12-May-2025 09:01:08 UTC] PHP Warning:  Array to string conversion in /wordpress/wp-includes/class-wp-taxonomy.php on line 440
[12-May-2025 09:02:36 UTC] PHP Fatal error:  Array and string offset access syntax with curly braces is no longer supported in /wordpress/wp-content/plugins/one-click-plugin-updater/oneclick-plugin-updater.php on line 1282
[12-May-2025 09:02:43 UTC] PHP Fatal error:  Array and string offset access syntax with curly braces is no longer supported in /wordpress/wp-content/plugins/one-click-plugin-updater/oneclick-plugin-updater.php on line 1282
[12-May-2025 09:02:51 UTC] PHP Fatal error:  Array and string offset access syntax with curly braces is no longer supported in /wordpress/wp-content/plugins/one-click-plugin-updater/oneclick-plugin-updater.php on line 1282
[12-May-2025 09:06:32 UTC] [ERROR] Please configure Openpublishing plugin with API Host and Realm ID and Brand name
[12-May-2025 09:06:32 UTC] [ERROR] Please configure Openpublishing plugin with API Host and Realm ID and Brand name
[12-May-2025 09:06:40 UTC] [ERROR] Please configure Openpublishing plugin with API Host and Realm ID and Brand name
[12-May-2025 09:06:40 UTC] [ERROR] Please configure Openpublishing plugin with API Host and Realm ID and Brand name
[12-May-2025 09:06:48 UTC] [ERROR] Please configure Openpublishing plugin with API Host and Realm ID and Brand name
[12-May-2025 09:06:48 UTC] [ERROR] Please configure Openpublishing plugin with API Host and Realm ID and Brand name

    at Object.onBind (file:///home/runner/work/playground-tester/playground-tester/node_modules/@wp-playground/cli/index.js:237:15)
    at process.processTicksAndRejections (node:internal/process/task_queues:105:5)
    at async V (file:///home/runner/work/playground-tester/playground-tester/node_modules/@wp-playground/cli/index.js:64:10)
    at async ja (file:///home/runner/work/playground-tester/playground-tester/node_modules/@wp-playground/cli/cli.js:8161:12) {
  [cause]: Error: Error when executing the blueprint step #5 ({"step":"installPlugin","pluginData":{"resource":"wordpress.org/plugins","slug":"order-table-filter-product"},"options":{"activate":true}}) : Plugin /wordpress/wp-content/plugins/order-table-filter-product could not be activated – WordPress exited with no error. Sometimes, when $_SERVER or site options are not configured correctly, WordPress exits early with a 301 redirect. Inspect the "debug" logs in the console for more details.
      at Object.run (file:///home/runner/work/playground-tester/playground-tester/node_modules/@wp-playground/blueprints/index.js:12449:19)
      at process.processTicksAndRejections (node:internal/process/task_queues:105:5)
      at async ms (file:///home/runner/work/playground-tester/playground-tester/node_modules/@wp-playground/blueprints/index.js:12552:3)
      ... 2 lines matching cause stack trace ...
      at async ja (file:///home/runner/work/playground-tester/playground-tester/node_modules/@wp-playground/cli/cli.js:8161:12) {
    [cause]: Error: Plugin /wordpress/wp-content/plugins/order-table-filter-product could not be activated – WordPress exited with no error. Sometimes, when $_SERVER or site options are not configured correctly, WordPress exits early with a 301 redirect. Inspect the "debug" logs in the console for more details.
        at wr (file:///home/runner/work/playground-tester/playground-tester/node_modules/@wp-playground/blueprints/index.js:119:51)
        at process.processTicksAndRejections (node:internal/process/task_queues:105:5)
        at async Object.gt [as installPlugin] (file:///home/runner/work/playground-tester/playground-tester/node_modules/@wp-playground/blueprints/index.js:974:42)
        at async g (file:///home/runner/work/playground-tester/playground-tester/node_modules/@wp-playground/blueprints/index.js:12517:30)
        at async Object.run (file:///home/runner/work/playground-tester/playground-tester/node_modules/@wp-playground/blueprints/index.js:12446:23)
        at async ms (file:///home/runner/work/playground-tester/playground-tester/node_modules/@wp-playground/blueprints/index.js:12552:3)
        at async Object.onBind (file:///home/runner/work/playground-tester/playground-tester/node_modules/@wp-playground/cli/index.js:227:48)
        at async V (file:///home/runner/work/playground-tester/playground-tester/node_modules/@wp-playground/cli/index.js:64:10)
        at async ja (file:///home/runner/work/playground-tester/playground-tester/node_modules/@wp-playground/cli/cli.js:8161:12)
  }
}

Node.js v23.11.0
