file:///home/runner/work/playground-tester/playground-tester/node_modules/@wp-playground/cli/index.js:237
        throw new Error(y, { cause: u });
              ^

Error: [21-Apr-2025 03:37:11 UTC] WordPress database error <div style="clear:both">&nbsp;</div>
<div class="queries" style="clear:both;margin-bottom:2px;border:red dotted thin;">
<p>MySQL query:</p>
<p>INSERT INTO blinkr_check_settings VALUES ('', 'wpcron','1')</p>
<p>Queries made or created this session were:</p>
<ol>
<li>Executing: BEGIN | (no parameters)</li>
<li>Executing: SELECT 1 FROM sqlite_temp_schema WHERE type = 'table' AND name = ? | parameters: blinkr_check_settings</li>
<li>Executing: 
				SELECT column_name, is_nullable, column_default, data_type, extra
				FROM _wp_sqlite_mysql_information_schema_columns
				WHERE table_schema = ?
				AND table_name = ?
				ORDER BY ordinal_position
			 | parameters: database_name_here, blinkr_check_settings</li>
<li>Executing: INSERT INTO `blinkr_check_settings` (`ID`, `name`, `value`) SELECT `column1`, `column2`, `column3` FROM (VALUES ( '' , 'wpcron' , '1' )) WHERE true | (no parameters)</li>
<li>Executing: ROLLBACK | (no parameters)</li>
</ol>
</div>
<div style="clear:both;margin-bottom:2px;border:red dotted thin;" class="error_message" style="border-bottom:dotted blue thin;">
SQLSTATE[HY000]: General error: 20 datatype mismatch
</div>
<p>Backtrace:</p>
<pre>#0 /internal/shared/sqlite-database-integration/wp-includes/sqlite-ast/class-wp-sqlite-driver.php(690): WP_SQLite_Driver->new_driver_exception('SQLSTATE[HY000]...', 0, Object(PDOException))
#1 /internal/shared/sqlite-database-integration/wp-includes/sqlite/class-wp-sqlite-db.php(472): WP_SQLite_Driver->query('INSERT INTO bli...')
#2 /internal/shared/sqlite-database-integration/wp-includes/sqlite/class-wp-sqlite-db.php(413): WP_SQLite_DB->_do_query('INSERT INTO bli...')
#3 /wordpress/wp-content/plugins/backlink-rechecker/backlink_rechecker.php(55): WP_SQLite_DB->query('INSERT INTO bli...')
#4 /wordpress/wp-includes/class-wp-hook.php(324): blinkr_activation_plugin(false)
#5 /wordpress/wp-includes/class-wp-hook.php(348): WP_Hook->apply_filters('', Array)
#6 /wordpress/wp-includes/plugin.php(517): WP_Hook->do_action(Array)
#7 /wordpress/wp-admin/includes/plugin.php(703): do_action('activate_backli...', false)
#8 /internal/eval.php(20): activate_plugin('backlink-rechec...')
#9 {main}</pre>
 for query INSERT INTO blinkr_check_settings VALUES ('', 'wpcron','1') made by activate_plugin, do_action('activate_backlink-rechecker/backlink_rechecker.php'), WP_Hook->do_action, WP_Hook->apply_filters, blinkr_activation_plugin, WP_SQLite_DB->query, WP_SQLite_DB->print_error
[21-Apr-2025 03:37:11 UTC] WordPress database error <div style="clear:both">&nbsp;</div>
<div class="queries" style="clear:both;margin-bottom:2px;border:red dotted thin;">
<p>MySQL query:</p>
<p>INSERT INTO blinkr_check_settings VALUES ('', 'blinkr_email','')</p>
<p>Queries made or created this session were:</p>
<ol>
<li>Executing: BEGIN | (no parameters)</li>
<li>Executing: SELECT 1 FROM sqlite_temp_schema WHERE type = 'table' AND name = ? | parameters: blinkr_check_settings</li>
<li>Executing: 
				SELECT column_name, is_nullable, column_default, data_type, extra
				FROM _wp_sqlite_mysql_information_schema_columns
				WHERE table_schema = ?
				AND table_name = ?
				ORDER BY ordinal_position
			 | parameters: database_name_here, blinkr_check_settings</li>
<li>Executing: INSERT INTO `blinkr_check_settings` (`ID`, `name`, `value`) SELECT `column1`, `column2`, `column3` FROM (VALUES ( '' , 'blinkr_email' , '' )) WHERE true | (no parameters)</li>
<li>Executing: ROLLBACK | (no parameters)</li>
</ol>
</div>
<div style="clear:both;margin-bottom:2px;border:red dotted thin;" class="error_message" style="border-bottom:dotted blue thin;">
SQLSTATE[HY000]: General error: 20 datatype mismatch
</div>
<p>Backtrace:</p>
<pre>#0 /internal/shared/sqlite-database-integration/wp-includes/sqlite-ast/class-wp-sqlite-driver.php(690): WP_SQLite_Driver->new_driver_exception('SQLSTATE[HY000]...', 0, Object(PDOException))
#1 /internal/shared/sqlite-database-integration/wp-includes/sqlite/class-wp-sqlite-db.php(472): WP_SQLite_Driver->query('INSERT INTO bli...')
#2 /internal/shared/sqlite-database-integration/wp-includes/sqlite/class-wp-sqlite-db.php(413): WP_SQLite_DB->_do_query('INSERT INTO bli...')
#3 /wordpress/wp-content/plugins/backlink-rechecker/backlink_rechecker.php(61): WP_SQLite_DB->query('INSERT INTO bli...')
#4 /wordpress/wp-includes/class-wp-hook.php(324): blinkr_activation_plugin(false)
#5 /wordpress/wp-includes/class-wp-hook.php(348): WP_Hook->apply_filters('', Array)
#6 /wordpress/wp-includes/plugin.php(517): WP_Hook->do_action(Array)
#7 /wordpress/wp-admin/includes/plugin.php(703): do_action('activate_backli...', false)
#8 /internal/eval.php(20): activate_plugin('backlink-rechec...')
#9 {main}</pre>
 for query INSERT INTO blinkr_check_settings VALUES ('', 'blinkr_email','') made by activate_plugin, do_action('activate_backlink-rechecker/backlink_rechecker.php'), WP_Hook->do_action, WP_Hook->apply_filters, blinkr_activation_plugin, WP_SQLite_DB->query, WP_SQLite_DB->print_error
[21-Apr-2025 03:37:20 UTC] WordPress database error <div style="clear:both">&nbsp;</div>
<div class="queries" style="clear:both;margin-bottom:2px;border:red dotted thin;">
<p>MySQL query:</p>
<p>INSERT INTO blinkr_check_settings VALUES ('', 'wpcron','1')</p>
<p>Queries made or created this session were:</p>
<ol>
<li>Executing: BEGIN | (no parameters)</li>
<li>Executing: INSERT INTO blinkr_check_settings VALUES (:param0 , :param1 ,:param2 ) | parameters: , wpcron, 1</li>
<li>Executing: ROLLBACK | (no parameters)</li>
</ol>
</div>
<div style="clear:both;margin-bottom:2px;border:red dotted thin;" class="error_message" style="border-bottom:dotted blue thin;">
Error occurred at line 4117 in Function <code>handle_error</code>. Error message was: SQLSTATE[HY000]: General error: 20 datatype mismatch.
</div>
<p>Backtrace:</p>
<pre>#0 /internal/shared/sqlite-database-integration/wp-includes/sqlite/class-wp-sqlite-db.php(287): WP_SQLite_Translator->get_error_message()
#1 /wordpress/wp-content/plugins/backlink-rechecker/backlink_rechecker.php(55): WP_SQLite_DB->query('INSERT INTO bli...')
#2 /wordpress/wp-includes/class-wp-hook.php(324): blinkr_activation_plugin(false)
#3 /wordpress/wp-includes/class-wp-hook.php(348): WP_Hook->apply_filters('', Array)
#4 /wordpress/wp-includes/plugin.php(517): WP_Hook->do_action(Array)
#5 /wordpress/wp-admin/includes/plugin.php(703): do_action('activate_backli...', false)
#6 /internal/eval.php(20): activate_plugin('backlink-rechec...')
#7 {main}</pre>
 for query INSERT INTO blinkr_check_settings VALUES ('', 'wpcron','1') made by activate_plugin, do_action('activate_backlink-rechecker/backlink_rechecker.php'), WP_Hook->do_action, WP_Hook->apply_filters, blinkr_activation_plugin, WP_SQLite_DB->query, WP_SQLite_DB->print_error
[21-Apr-2025 03:37:20 UTC] WordPress database error <div style="clear:both">&nbsp;</div>
<div class="queries" style="clear:both;margin-bottom:2px;border:red dotted thin;">
<p>MySQL query:</p>
<p>INSERT INTO blinkr_check_settings VALUES ('', 'blinkr_email','')</p>
<p>Queries made or created this session were:</p>
<ol>
<li>Executing: BEGIN | (no parameters)</li>
<li>Executing: INSERT INTO blinkr_check_settings VALUES (:param0 , :param1 ,:param2 ) | parameters: , blinkr_email, </li>
<li>Executing: ROLLBACK | (no parameters)</li>
</ol>
</div>
<div style="clear:both;margin-bottom:2px;border:red dotted thin;" class="error_message" style="border-bottom:dotted blue thin;">
Error occurred at line 4117 in Function <code>handle_error</code>. Error message was: SQLSTATE[HY000]: General error: 20 datatype mismatch.
</div>
<p>Backtrace:</p>
<pre>#0 /internal/shared/sqlite-database-integration/wp-includes/sqlite/class-wp-sqlite-db.php(287): WP_SQLite_Translator->get_error_message()
#1 /wordpress/wp-content/plugins/backlink-rechecker/backlink_rechecker.php(61): WP_SQLite_DB->query('INSERT INTO bli...')
#2 /wordpress/wp-includes/class-wp-hook.php(324): blinkr_activation_plugin(false)
#3 /wordpress/wp-includes/class-wp-hook.php(348): WP_Hook->apply_filters('', Array)
#4 /wordpress/wp-includes/plugin.php(517): WP_Hook->do_action(Array)
#5 /wordpress/wp-admin/includes/plugin.php(703): do_action('activate_backli...', false)
#6 /internal/eval.php(20): activate_plugin('backlink-rechec...')
#7 {main}</pre>
 for query INSERT INTO blinkr_check_settings VALUES ('', 'blinkr_email','') made by activate_plugin, do_action('activate_backlink-rechecker/backlink_rechecker.php'), WP_Hook->do_action, WP_Hook->apply_filters, blinkr_activation_plugin, WP_SQLite_DB->query, WP_SQLite_DB->print_error
[21-Apr-2025 03:37:28 UTC] WordPress database error <div style="clear:both">&nbsp;</div>
<div class="queries" style="clear:both;margin-bottom:2px;border:red dotted thin;">
<p>MySQL query:</p>
<p>INSERT INTO blinkr_check_settings VALUES ('', 'wpcron','1')</p>
<p>Queries made or created this session were:</p>
<ol>
<li>Executing: BEGIN | (no parameters)</li>
<li>Executing: INSERT INTO blinkr_check_settings VALUES (:param0 , :param1 ,:param2 ) | parameters: , wpcron, 1</li>
<li>Executing: ROLLBACK | (no parameters)</li>
</ol>
</div>
<div style="clear:both;margin-bottom:2px;border:red dotted thin;" class="error_message" style="border-bottom:dotted blue thin;">
Error occurred at line 4117 in Function <code>handle_error</code>. Error message was: SQLSTATE[HY000]: General error: 20 datatype mismatch.
</div>
<p>Backtrace:</p>
<pre>#0 /internal/shared/sqlite-database-integration/wp-includes/sqlite/class-wp-sqlite-db.php(287): WP_SQLite_Translator->get_error_message()
#1 /wordpress/wp-content/plugins/backlink-rechecker/backlink_rechecker.php(55): WP_SQLite_DB->query('INSERT INTO bli...')
#2 /wordpress/wp-includes/class-wp-hook.php(324): blinkr_activation_plugin(false)
#3 /wordpress/wp-includes/class-wp-hook.php(348): WP_Hook->apply_filters('', Array)
#4 /wordpress/wp-includes/plugin.php(517): WP_Hook->do_action(Array)
#5 /wordpress/wp-admin/includes/plugin.php(703): do_action('activate_backli...', false)
#6 /internal/eval.php(20): activate_plugin('backlink-rechec...')
#7 {main}</pre>
 for query INSERT INTO blinkr_check_settings VALUES ('', 'wpcron','1') made by activate_plugin, do_action('activate_backlink-rechecker/backlink_rechecker.php'), WP_Hook->do_action, WP_Hook->apply_filters, blinkr_activation_plugin, WP_SQLite_DB->query, WP_SQLite_DB->print_error
[21-Apr-2025 03:37:28 UTC] WordPress database error <div style="clear:both">&nbsp;</div>
<div class="queries" style="clear:both;margin-bottom:2px;border:red dotted thin;">
<p>MySQL query:</p>
<p>INSERT INTO blinkr_check_settings VALUES ('', 'blinkr_email','')</p>
<p>Queries made or created this session were:</p>
<ol>
<li>Executing: BEGIN | (no parameters)</li>
<li>Executing: INSERT INTO blinkr_check_settings VALUES (:param0 , :param1 ,:param2 ) | parameters: , blinkr_email, </li>
<li>Executing: ROLLBACK | (no parameters)</li>
</ol>
</div>
<div style="clear:both;margin-bottom:2px;border:red dotted thin;" class="error_message" style="border-bottom:dotted blue thin;">
Error occurred at line 4117 in Function <code>handle_error</code>. Error message was: SQLSTATE[HY000]: General error: 20 datatype mismatch.
</div>
<p>Backtrace:</p>
<pre>#0 /internal/shared/sqlite-database-integration/wp-includes/sqlite/class-wp-sqlite-db.php(287): WP_SQLite_Translator->get_error_message()
#1 /wordpress/wp-content/plugins/backlink-rechecker/backlink_rechecker.php(61): WP_SQLite_DB->query('INSERT INTO bli...')
#2 /wordpress/wp-includes/class-wp-hook.php(324): blinkr_activation_plugin(false)
#3 /wordpress/wp-includes/class-wp-hook.php(348): WP_Hook->apply_filters('', Array)
#4 /wordpress/wp-includes/plugin.php(517): WP_Hook->do_action(Array)
#5 /wordpress/wp-admin/includes/plugin.php(703): do_action('activate_backli...', false)
#6 /internal/eval.php(20): activate_plugin('backlink-rechec...')
#7 {main}</pre>
 for query INSERT INTO blinkr_check_settings VALUES ('', 'blinkr_email','') made by activate_plugin, do_action('activate_backlink-rechecker/backlink_rechecker.php'), WP_Hook->do_action, WP_Hook->apply_filters, blinkr_activation_plugin, WP_SQLite_DB->query, WP_SQLite_DB->print_error
[21-Apr-2025 03:38:58 UTC] PHP Deprecated:  Non-static method bp_group_import_users_class::activate() should not be called statically in /wordpress/wp-includes/class-wp-hook.php on line 324
[21-Apr-2025 03:39:07 UTC] PHP Deprecated:  Non-static method bp_group_import_users_class::activate() should not be called statically in /wordpress/wp-includes/class-wp-hook.php on line 324
[21-Apr-2025 03:39:16 UTC] PHP Deprecated:  Non-static method bp_group_import_users_class::activate() should not be called statically in /wordpress/wp-includes/class-wp-hook.php on line 324
[21-Apr-2025 03:39:26 UTC] PHP Deprecated:  Function get_plugin_data was called with an argument that is <strong>deprecated</strong> since version 3.0.0! The <code>Site Wide Only: true</code> plugin header is deprecated. Use <code>Network: true</code> instead. in /wordpress/wp-includes/functions.php on line 6121
[21-Apr-2025 03:39:27 UTC] PHP Deprecated:  Function get_plugin_data was called with an argument that is <strong>deprecated</strong> since version 3.0.0! The <code>Site Wide Only: true</code> plugin header is deprecated. Use <code>Network: true</code> instead. in /wordpress/wp-includes/functions.php on line 6121
[21-Apr-2025 03:39:27 UTC] PHP Fatal error:  Uncaught Error: Attempt to modify property "album" on null in /wordpress/wp-content/plugins/bppicture-album/bp-album.php:91
Stack trace:
#0 /wordpress/wp-includes/class-wp-hook.php(324): bp_album_setup_globals('')
#1 /wordpress/wp-includes/class-wp-hook.php(348): WP_Hook->apply_filters(NULL, Array)
#2 /wordpress/wp-includes/plugin.php(517): WP_Hook->do_action(Array)
#3 /wordpress/wp-settings.php(578): do_action('plugins_loaded')
#4 /wordpress/wp-config.php(102): require_once('/wordpress/wp-s...')
#5 /wordpress/wp-load.php(50): require_once('/wordpress/wp-c...')
#6 /internal/eval.php(3): require_once('/wordpress/wp-l...')
#7 {main}
  thrown in /wordpress/wp-content/plugins/bppicture-album/bp-album.php on line 91
[21-Apr-2025 03:39:34 UTC] PHP Deprecated:  Function get_plugin_data was called with an argument that is <strong>deprecated</strong> since version 3.0.0! The <code>Site Wide Only: true</code> plugin header is deprecated. Use <code>Network: true</code> instead. in /wordpress/wp-includes/functions.php on line 6121
[21-Apr-2025 03:39:36 UTC] PHP Deprecated:  Function get_plugin_data was called with an argument that is <strong>deprecated</strong> since version 3.0.0! The <code>Site Wide Only: true</code> plugin header is deprecated. Use <code>Network: true</code> instead. in /wordpress/wp-includes/functions.php on line 6121
[21-Apr-2025 03:39:36 UTC] PHP Fatal error:  Uncaught Error: Attempt to modify property "album" on null in /wordpress/wp-content/plugins/bppicture-album/bp-album.php:91
Stack trace:
#0 /wordpress/wp-includes/class-wp-hook.php(324): bp_album_setup_globals('')
#1 /wordpress/wp-includes/class-wp-hook.php(348): WP_Hook->apply_filters(NULL, Array)
#2 /wordpress/wp-includes/plugin.php(517): WP_Hook->do_action(Array)
#3 /wordpress/wp-settings.php(578): do_action('plugins_loaded')
#4 /wordpress/wp-config.php(102): require_once('/wordpress/wp-s...')
#5 /wordpress/wp-load.php(50): require_once('/wordpress/wp-c...')
#6 /internal/eval.php(3): require_once('/wordpress/wp-l...')
#7 {main}
  thrown in /wordpress/wp-content/plugins/bppicture-album/bp-album.php on line 91
[21-Apr-2025 03:39:43 UTC] PHP Deprecated:  Function get_plugin_data was called with an argument that is <strong>deprecated</strong> since version 3.0.0! The <code>Site Wide Only: true</code> plugin header is deprecated. Use <code>Network: true</code> instead. in /wordpress/wp-includes/functions.php on line 6121
[21-Apr-2025 03:39:44 UTC] PHP Deprecated:  Function get_plugin_data was called with an argument that is <strong>deprecated</strong> since version 3.0.0! The <code>Site Wide Only: true</code> plugin header is deprecated. Use <code>Network: true</code> instead. in /wordpress/wp-includes/functions.php on line 6121
[21-Apr-2025 03:39:44 UTC] PHP Fatal error:  Uncaught Error: Attempt to modify property "album" on null in /wordpress/wp-content/plugins/bppicture-album/bp-album.php:91
Stack trace:
#0 /wordpress/wp-includes/class-wp-hook.php(324): bp_album_setup_globals('')
#1 /wordpress/wp-includes/class-wp-hook.php(348): WP_Hook->apply_filters(NULL, Array)
#2 /wordpress/wp-includes/plugin.php(517): WP_Hook->do_action(Array)
#3 /wordpress/wp-settings.php(578): do_action('plugins_loaded')
#4 /wordpress/wp-config.php(102): require_once('/wordpress/wp-s...')
#5 /wordpress/wp-load.php(50): require_once('/wordpress/wp-c...')
#6 /internal/eval.php(3): require_once('/wordpress/wp-l...')
#7 {main}
  thrown in /wordpress/wp-content/plugins/bppicture-album/bp-album.php on line 91
[21-Apr-2025 03:40:33 UTC] PHP Deprecated:  Function get_plugin_data was called with an argument that is <strong>deprecated</strong> since version 3.0.0! The <code>Site Wide Only: true</code> plugin header is deprecated. Use <code>Network: true</code> instead. in /wordpress/wp-includes/functions.php on line 6121
[21-Apr-2025 03:40:42 UTC] PHP Deprecated:  Function get_plugin_data was called with an argument that is <strong>deprecated</strong> since version 3.0.0! The <code>Site Wide Only: true</code> plugin header is deprecated. Use <code>Network: true</code> instead. in /wordpress/wp-includes/functions.php on line 6121
[21-Apr-2025 03:40:50 UTC] PHP Deprecated:  Function get_plugin_data was called with an argument that is <strong>deprecated</strong> since version 3.0.0! The <code>Site Wide Only: true</code> plugin header is deprecated. Use <code>Network: true</code> instead. in /wordpress/wp-includes/functions.php on line 6121
[21-Apr-2025 03:40:59 UTC] PHP Deprecated:  Function get_plugin_data was called with an argument that is <strong>deprecated</strong> since version 3.0.0! The <code>Site Wide Only: true</code> plugin header is deprecated. Use <code>Network: true</code> instead. in /wordpress/wp-includes/functions.php on line 6121
[21-Apr-2025 03:41:08 UTC] PHP Deprecated:  Function get_plugin_data was called with an argument that is <strong>deprecated</strong> since version 3.0.0! The <code>Site Wide Only: true</code> plugin header is deprecated. Use <code>Network: true</code> instead. in /wordpress/wp-includes/functions.php on line 6121
[21-Apr-2025 03:41:16 UTC] PHP Deprecated:  Function get_plugin_data was called with an argument that is <strong>deprecated</strong> since version 3.0.0! The <code>Site Wide Only: true</code> plugin header is deprecated. Use <code>Network: true</code> instead. in /wordpress/wp-includes/functions.php on line 6121
[21-Apr-2025 03:41:26 UTC] PHP Deprecated:  Function get_plugin_data was called with an argument that is <strong>deprecated</strong> since version 3.0.0! The <code>Site Wide Only: true</code> plugin header is deprecated. Use <code>Network: true</code> instead. in /wordpress/wp-includes/functions.php on line 6121
[21-Apr-2025 03:41:34 UTC] PHP Deprecated:  Function get_plugin_data was called with an argument that is <strong>deprecated</strong> since version 3.0.0! The <code>Site Wide Only: true</code> plugin header is deprecated. Use <code>Network: true</code> instead. in /wordpress/wp-includes/functions.php on line 6121
[21-Apr-2025 03:41:43 UTC] PHP Deprecated:  Function get_plugin_data was called with an argument that is <strong>deprecated</strong> since version 3.0.0! The <code>Site Wide Only: true</code> plugin header is deprecated. Use <code>Network: true</code> instead. in /wordpress/wp-includes/functions.php on line 6121
[21-Apr-2025 03:41:55 UTC] PHP Deprecated:  Function get_plugin_data was called with an argument that is <strong>deprecated</strong> since version 3.0.0! The <code>Site Wide Only: true</code> plugin header is deprecated. Use <code>Network: true</code> instead. in /wordpress/wp-includes/functions.php on line 6121
[21-Apr-2025 03:41:55 UTC] PHP Fatal error:  Uncaught RuntimeException: <div style="clear:both">&nbsp;</div>
<div class="queries" style="clear:both;margin-bottom:2px;border:red dotted thin;">
<p>MySQL query:</p>
<p>CREATE TABLE IF NOT EXISTS wp_bit_assist_widget_channels (
             id BIGINT  UNSIGNED NOT NULL AUTO_INCREMENT
, widget_id BIGINT(20) UNSIGNED NOT NULL
, channel_name VARCHAR(255) NOT NULL
, config LONGTEXT  NULL
, sequence INTEGER  NULL
, status BOOLEAN  NOT NULL DEFAULT 1
, created_at timestamp  NULL DEFAULT NULL
, updated_at timestamp  NULL DEFAULT NULL,
PRIMARY KEY (
id
), FOREIGN KEY (widget_id) REFERENCES wp_bit_assist_widgets (id) ON DELETE CASCADE
             ) </p>
<p>Queries made or created this session were:</p>
<ol>
<li>Executing: BEGIN | (no parameters)</li>
<li>Executing: SELECT 1 FROM _wp_sqlite_mysql_information_schema_tables WHERE table_schema = ? AND table_name = ? | parameters: database_name_here, wp_bit_assist_widget_channels</li>
<li>Executing: 
				INSERT INTO _wp_sqlite_mysql_information_schema_tables (table_schem in /wordpress/wp-content/plugins/bit-assist/vendor/bitapps/wp-database/src/Blueprint.php on line 176
[21-Apr-2025 03:42:04 UTC] PHP Deprecated:  Function get_plugin_data was called with an argument that is <strong>deprecated</strong> since version 3.0.0! The <code>Site Wide Only: true</code> plugin header is deprecated. Use <code>Network: true</code> instead. in /wordpress/wp-includes/functions.php on line 6121
[21-Apr-2025 03:42:05 UTC] PHP Fatal error:  Uncaught RuntimeException: <div style="clear:both">&nbsp;</div>
<div class="queries" style="clear:both;margin-bottom:2px;border:red dotted thin;">
<p>MySQL query:</p>
<p>CREATE TABLE IF NOT EXISTS wp_bit_assist_widget_channels (
             id BIGINT  UNSIGNED NOT NULL AUTO_INCREMENT
, widget_id BIGINT(20) UNSIGNED NOT NULL
, channel_name VARCHAR(255) NOT NULL
, config LONGTEXT  NULL
, sequence INTEGER  NULL
, status BOOLEAN  NOT NULL DEFAULT 1
, created_at timestamp  NULL DEFAULT NULL
, updated_at timestamp  NULL DEFAULT NULL,
PRIMARY KEY (
id
), FOREIGN KEY (widget_id) REFERENCES wp_bit_assist_widgets (id) ON DELETE CASCADE
             ) </p>
<p>Queries made or created this session were:</p>
<ol>
<li>Executing: BEGIN | (no parameters)</li>
<li>Executing: INSERT INTO _mysql_data_types_cache (`table`, `column_or_index`, `mysql_type`)
				VALUES (:table, :column, :datatype)
				ON CONFLICT(`table`, `column_or_index`) DO UPDATE SET `mysql_type` = :datatype
			 | parameters: wp_bit_assist_widget_channels, id,  in /wordpress/wp-content/plugins/bit-assist/vendor/bitapps/wp-database/src/Blueprint.php on line 176
[21-Apr-2025 03:42:14 UTC] PHP Deprecated:  Function get_plugin_data was called with an argument that is <strong>deprecated</strong> since version 3.0.0! The <code>Site Wide Only: true</code> plugin header is deprecated. Use <code>Network: true</code> instead. in /wordpress/wp-includes/functions.php on line 6121
[21-Apr-2025 03:42:15 UTC] PHP Fatal error:  Uncaught RuntimeException: <div style="clear:both">&nbsp;</div>
<div class="queries" style="clear:both;margin-bottom:2px;border:red dotted thin;">
<p>MySQL query:</p>
<p>CREATE TABLE IF NOT EXISTS wp_bit_assist_widget_channels (
             id BIGINT  UNSIGNED NOT NULL AUTO_INCREMENT
, widget_id BIGINT(20) UNSIGNED NOT NULL
, channel_name VARCHAR(255) NOT NULL
, config LONGTEXT  NULL
, sequence INTEGER  NULL
, status BOOLEAN  NOT NULL DEFAULT 1
, created_at timestamp  NULL DEFAULT NULL
, updated_at timestamp  NULL DEFAULT NULL,
PRIMARY KEY (
id
), FOREIGN KEY (widget_id) REFERENCES wp_bit_assist_widgets (id) ON DELETE CASCADE
             ) </p>
<p>Queries made or created this session were:</p>
<ol>
<li>Executing: BEGIN | (no parameters)</li>
<li>Executing: INSERT INTO _mysql_data_types_cache (`table`, `column_or_index`, `mysql_type`)
				VALUES (:table, :column, :datatype)
				ON CONFLICT(`table`, `column_or_index`) DO UPDATE SET `mysql_type` = :datatype
			 | parameters: wp_bit_assist_widget_channels, id,  in /wordpress/wp-content/plugins/bit-assist/vendor/bitapps/wp-database/src/Blueprint.php on line 176
[21-Apr-2025 03:42:24 UTC] PHP Deprecated:  Function get_plugin_data was called with an argument that is <strong>deprecated</strong> since version 3.0.0! The <code>Site Wide Only: true</code> plugin header is deprecated. Use <code>Network: true</code> instead. in /wordpress/wp-includes/functions.php on line 6121
[21-Apr-2025 03:42:33 UTC] PHP Deprecated:  Function get_plugin_data was called with an argument that is <strong>deprecated</strong> since version 3.0.0! The <code>Site Wide Only: true</code> plugin header is deprecated. Use <code>Network: true</code> instead. in /wordpress/wp-includes/functions.php on line 6121
[21-Apr-2025 03:42:42 UTC] PHP Deprecated:  Function get_plugin_data was called with an argument that is <strong>deprecated</strong> since version 3.0.0! The <code>Site Wide Only: true</code> plugin header is deprecated. Use <code>Network: true</code> instead. in /wordpress/wp-includes/functions.php on line 6121
[21-Apr-2025 03:42:52 UTC] PHP Deprecated:  Function get_plugin_data was called with an argument that is <strong>deprecated</strong> since version 3.0.0! The <code>Site Wide Only: true</code> plugin header is deprecated. Use <code>Network: true</code> instead. in /wordpress/wp-includes/functions.php on line 6121
[21-Apr-2025 03:43:01 UTC] PHP Deprecated:  Function get_plugin_data was called with an argument that is <strong>deprecated</strong> since version 3.0.0! The <code>Site Wide Only: true</code> plugin header is deprecated. Use <code>Network: true</code> instead. in /wordpress/wp-includes/functions.php on line 6121
[21-Apr-2025 03:43:10 UTC] PHP Deprecated:  Function get_plugin_data was called with an argument that is <strong>deprecated</strong> since version 3.0.0! The <code>Site Wide Only: true</code> plugin header is deprecated. Use <code>Network: true</code> instead. in /wordpress/wp-includes/functions.php on line 6121
[21-Apr-2025 03:43:20 UTC] PHP Deprecated:  Function get_plugin_data was called with an argument that is <strong>deprecated</strong> since version 3.0.0! The <code>Site Wide Only: true</code> plugin header is deprecated. Use <code>Network: true</code> instead. in /wordpress/wp-includes/functions.php on line 6121
[21-Apr-2025 03:43:20 UTC] PHP Fatal error:  Array and string offset access syntax with curly braces is no longer supported in /wordpress/wp-content/plugins/blog-templates/gb-blog-templates.php on line 414
[21-Apr-2025 03:43:28 UTC] PHP Deprecated:  Function get_plugin_data was called with an argument that is <strong>deprecated</strong> since version 3.0.0! The <code>Site Wide Only: true</code> plugin header is deprecated. Use <code>Network: true</code> instead. in /wordpress/wp-includes/functions.php on line 6121
[21-Apr-2025 03:43:28 UTC] PHP Fatal error:  Array and string offset access syntax with curly braces is no longer supported in /wordpress/wp-content/plugins/blog-templates/gb-blog-templates.php on line 414
[21-Apr-2025 03:43:36 UTC] PHP Deprecated:  Function get_plugin_data was called with an argument that is <strong>deprecated</strong> since version 3.0.0! The <code>Site Wide Only: true</code> plugin header is deprecated. Use <code>Network: true</code> instead. in /wordpress/wp-includes/functions.php on line 6121
[21-Apr-2025 03:43:36 UTC] PHP Fatal error:  Array and string offset access syntax with curly braces is no longer supported in /wordpress/wp-content/plugins/blog-templates/gb-blog-templates.php on line 414
[21-Apr-2025 03:43:45 UTC] PHP Deprecated:  Function get_plugin_data was called with an argument that is <strong>deprecated</strong> since version 3.0.0! The <code>Site Wide Only: true</code> plugin header is deprecated. Use <code>Network: true</code> instead. in /wordpress/wp-includes/functions.php on line 6121
[21-Apr-2025 03:43:56 UTC] PHP Deprecated:  Function get_plugin_data was called with an argument that is <strong>deprecated</strong> since version 3.0.0! The <code>Site Wide Only: true</code> plugin header is deprecated. Use <code>Network: true</code> instead. in /wordpress/wp-includes/functions.php on line 6121
[21-Apr-2025 03:43:58 UTC] WordPress database error <div style="clear:both">&nbsp;</div>
<div class="queries" style="clear:both;margin-bottom:2px;border:red dotted thin;">
<p>MySQL query:</p>
<p>CREATE TABLE IF NOT EXISTS wp_BS_Scanner (
            `ID` int(11) NOT NULL AUTO_INCREMENT,
            `fileName` varchar(255) NOT NULL,
            `scanMD5` varchar(50) NOT NULL,
            `officialMD5` varchar(50) DEFAULT NULL,
            `updatedMD5` varchar(50) DEFAULT NULL,
            `fileFound` tinyint(1) NOT NULL DEFAULT 1,
            `ignoredFile` tinyint(1) NOT NULL DEFAULT 0,
            `newFile` tinyint(1) NOT NULL DEFAULT 0,
            `modifiedFile` tinyint(1) NOT NULL DEFAULT 0,
            `dateFound` datetime NOT NULL,
            `type` varchar(1) NOT NULL DEFAULT 'N',
            `slug` varchar(100) NOT NULL,
            `ver` varchar(20) NOT NULL,
            PRIMARY KEY (`fileName`),
            UNIQUE KEY `fileName` (`fileName`),
            KEY `ID` (`ID`)
          ) ENGINE=MyISAM DEFAULT CHARSET=latin1;</p>
<p>Queries made or created this session were:</p>
<ol>
<li>Executing: BEGIN | (no parameters)</li>
<li>Executing: ROLLBACK | (no parameters)</li>
</ol>
</div>
<div style="clear:both;margin-bottom:2px;border:red dotted thin;" class="error_message" style="border-bottom:dotted blue thin;">
Error occurred at line 4117 in Function <code>handle_error</code>. Error message was: Cannot combine AUTOINCREMENT and multiple primary keys in SQLite.
</div>
<p>Backtrace:</p>
<pre>#0 /internal/shared/sqlite-database-integration/wp-includes/sqlite/class-wp-sqlite-db.php(287): WP_SQLite_Translator->get_error_message()
#1 /wordpress/wp-content/plugins/blogsafe-scanner/includes/class-blogsafe-scanner-plus-activator.php(45): WP_SQLite_DB->query('CREATE TABLE IF...')
#2 /wordpress/wp-content/plugins/blogsafe-scanner/blogsafe-scanner-plus.php(89): Blogsafe_Scanner_Plus_Activator::activate(false)
#3 /wordpress/wp-includes/class-wp-hook.php(324): activate_blogsafe_scanner_plus(false)
#4 /wordpress/wp-includes/class-wp-hook.php(348): WP_Hook->apply_filters(NULL, Array)
#5 /wordpress/wp-includes/plugin.php(517): WP_Hook->do_action(Array)
#6 /wordpress/wp-admin/includes/plugin.php(703): do_action('activate_blogsa...', false)
#7 /internal/eval.php(20): activate_plugin('blogsafe-scanne...')
#8 {main}</pre>
 for query CREATE TABLE IF NOT EXISTS wp_BS_Scanner (
            `ID` int(11) NOT NULL AUTO_INCREMENT,
            `fileName` varchar(255) NOT NULL,
            `scanMD5` varchar(50) NOT NULL,
            `officialMD5` varchar(50) DEFAULT NULL,
            `updatedMD5` varchar(50) DEFAULT NULL,
            `fileFound` tinyint(1) NOT NULL DEFAULT 1,
            `ignoredFile` tinyint(1) NOT NULL DEFAULT 0,
            `newFile` tinyint(1) NOT NULL DEFAULT 0,
            `modifiedFile` tinyint(1) NOT NULL DEFAULT 0,
            `dateFound` datetime NOT NULL,
            `type` varchar(1) NOT NULL DEFAULT 'N',
            `slug` varchar(100) NOT NULL,
            `ver` varchar(20) NOT NULL,
            PRIMARY KEY (`fileName`),
            UNIQUE KEY `fileName` (`fileName`),
            KEY `ID` (`ID`)
          ) ENGINE=MyISAM DEFAULT CHARSET=latin1; made by activate_plugin, do_action('activate_blogsafe-scanner/blogsafe-scanner-plus.php'), WP_Hook->do_action, WP_Hook->apply_filters, activate_blogsafe_scanner_plus, Blogsafe_Scanner_Plus_Activator::activate, WP_SQLite_DB->query, WP_SQLite_DB->print_error
[21-Apr-2025 03:43:59 UTC] WordPress database error <div style="clear:both">&nbsp;</div>
<div class="queries" style="clear:both;margin-bottom:2px;border:red dotted thin;">
<p>MySQL query:</p>
<p>SELECT COUNT(*) from wp_BS_Scanner</p>
<p>Queries made or created this session were:</p>
<ol>
<li>Executing: BEGIN | (no parameters)</li>
<li>Executing: SELECT COUNT(*) from wp_BS_Scanner | (no parameters)</li>
<li>Executing: ROLLBACK | (no parameters)</li>
</ol>
</div>
<div style="clear:both;margin-bottom:2px;border:red dotted thin;" class="error_message" style="border-bottom:dotted blue thin;">
Error occurred at line 4117 in Function <code>handle_error</code>. Error message was: SQLSTATE[HY000]: General error: 1 no such table: wp_BS_Scanner.
</div>
<p>Backtrace:</p>
<pre>#0 /internal/shared/sqlite-database-integration/wp-includes/sqlite/class-wp-sqlite-db.php(287): WP_SQLite_Translator->get_error_message()
#1 /wordpress/wp-includes/class-wpdb.php(3031): WP_SQLite_DB->query('SELECT COUNT(*)...')
#2 /wordpress/wp-content/plugins/blogsafe-scanner/admin/class-blogsafe-scanner-plus-admin.php(63): wpdb->get_var('SELECT COUNT(*)...')
#3 /wordpress/wp-includes/class-wp-hook.php(324): Blogsafe_Scanner_Plus_Admin->BSScan_do_output_buffer('')
#4 /wordpress/wp-includes/class-wp-hook.php(348): WP_Hook->apply_filters(NULL, Array)
#5 /wordpress/wp-includes/plugin.php(517): WP_Hook->do_action(Array)
#6 /wordpress/wp-settings.php(727): do_action('init')
#7 /wordpress/wp-config.php(102): require_once('/wordpress/wp-s...')
#8 /wordpress/wp-load.php(50): require_once('/wordpress/wp-c...')
#9 /internal/eval.php(3): require_once('/wordpress/wp-l...')
#10 {main}</pre>
 for query SELECT COUNT(*) from wp_BS_Scanner made by require_once('wp-load.php'), require_once('wp-config.php'), require_once('wp-settings.php'), do_action('init'), WP_Hook->do_action, WP_Hook->apply_filters, Blogsafe_Scanner_Plus_Admin->BSScan_do_output_buffer, WP_SQLite_DB->query, WP_SQLite_DB->print_error
[21-Apr-2025 03:44:07 UTC] PHP Deprecated:  Function get_plugin_data was called with an argument that is <strong>deprecated</strong> since version 3.0.0! The <code>Site Wide Only: true</code> plugin header is deprecated. Use <code>Network: true</code> instead. in /wordpress/wp-includes/functions.php on line 6121
[21-Apr-2025 03:44:08 UTC] WordPress database error <div style="clear:both">&nbsp;</div>
<div class="queries" style="clear:both;margin-bottom:2px;border:red dotted thin;">
<p>MySQL query:</p>
<p>CREATE TABLE IF NOT EXISTS wp_BS_Scanner (
            `ID` int(11) NOT NULL AUTO_INCREMENT,
            `fileName` varchar(255) NOT NULL,
            `scanMD5` varchar(50) NOT NULL,
            `officialMD5` varchar(50) DEFAULT NULL,
            `updatedMD5` varchar(50) DEFAULT NULL,
            `fileFound` tinyint(1) NOT NULL DEFAULT 1,
            `ignoredFile` tinyint(1) NOT NULL DEFAULT 0,
            `newFile` tinyint(1) NOT NULL DEFAULT 0,
            `modifiedFile` tinyint(1) NOT NULL DEFAULT 0,
            `dateFound` datetime NOT NULL,
            `type` varchar(1) NOT NULL DEFAULT 'N',
            `slug` varchar(100) NOT NULL,
            `ver` varchar(20) NOT NULL,
            PRIMARY KEY (`fileName`),
            UNIQUE KEY `fileName` (`fileName`),
            KEY `ID` (`ID`)
          ) ENGINE=MyISAM DEFAULT CHARSET=latin1;</p>
<p>Queries made or created this session were:</p>
<ol>
<li>Executing: BEGIN | (no parameters)</li>
<li>Executing: ROLLBACK | (no parameters)</li>
</ol>
</div>
<div style="clear:both;margin-bottom:2px;border:red dotted thin;" class="error_message" style="border-bottom:dotted blue thin;">
Error occurred at line 4117 in Function <code>handle_error</code>. Error message was: Cannot combine AUTOINCREMENT and multiple primary keys in SQLite.
</div>
<p>Backtrace:</p>
<pre>#0 /internal/shared/sqlite-database-integration/wp-includes/sqlite/class-wp-sqlite-db.php(287): WP_SQLite_Translator->get_error_message()
#1 /wordpress/wp-content/plugins/blogsafe-scanner/includes/class-blogsafe-scanner-plus-activator.php(45): WP_SQLite_DB->query('CREATE TABLE IF...')
#2 /wordpress/wp-content/plugins/blogsafe-scanner/blogsafe-scanner-plus.php(89): Blogsafe_Scanner_Plus_Activator::activate(false)
#3 /wordpress/wp-includes/class-wp-hook.php(324): activate_blogsafe_scanner_plus(false)
#4 /wordpress/wp-includes/class-wp-hook.php(348): WP_Hook->apply_filters(NULL, Array)
#5 /wordpress/wp-includes/plugin.php(517): WP_Hook->do_action(Array)
#6 /wordpress/wp-admin/includes/plugin.php(703): do_action('activate_blogsa...', false)
#7 /internal/eval.php(20): activate_plugin('blogsafe-scanne...')
#8 {main}</pre>
 for query CREATE TABLE IF NOT EXISTS wp_BS_Scanner (
            `ID` int(11) NOT NULL AUTO_INCREMENT,
            `fileName` varchar(255) NOT NULL,
            `scanMD5` varchar(50) NOT NULL,
            `officialMD5` varchar(50) DEFAULT NULL,
            `updatedMD5` varchar(50) DEFAULT NULL,
            `fileFound` tinyint(1) NOT NULL DEFAULT 1,
            `ignoredFile` tinyint(1) NOT NULL DEFAULT 0,
            `newFile` tinyint(1) NOT NULL DEFAULT 0,
            `modifiedFile` tinyint(1) NOT NULL DEFAULT 0,
            `dateFound` datetime NOT NULL,
            `type` varchar(1) NOT NULL DEFAULT 'N',
            `slug` varchar(100) NOT NULL,
            `ver` varchar(20) NOT NULL,
            PRIMARY KEY (`fileName`),
            UNIQUE KEY `fileName` (`fileName`),
            KEY `ID` (`ID`)
          ) ENGINE=MyISAM DEFAULT CHARSET=latin1; made by activate_plugin, do_action('activate_blogsafe-scanner/blogsafe-scanner-plus.php'), WP_Hook->do_action, WP_Hook->apply_filters, activate_blogsafe_scanner_plus, Blogsafe_Scanner_Plus_Activator::activate, WP_SQLite_DB->query, WP_SQLite_DB->print_error
[21-Apr-2025 03:44:10 UTC] WordPress database error <div style="clear:both">&nbsp;</div>
<div class="queries" style="clear:both;margin-bottom:2px;border:red dotted thin;">
<p>MySQL query:</p>
<p>SELECT COUNT(*) from wp_BS_Scanner</p>
<p>Queries made or created this session were:</p>
<ol>
<li>Executing: BEGIN | (no parameters)</li>
<li>Executing: SELECT COUNT(*) from wp_BS_Scanner | (no parameters)</li>
<li>Executing: ROLLBACK | (no parameters)</li>
</ol>
</div>
<div style="clear:both;margin-bottom:2px;border:red dotted thin;" class="error_message" style="border-bottom:dotted blue thin;">
Error occurred at line 4117 in Function <code>handle_error</code>. Error message was: SQLSTATE[HY000]: General error: 1 no such table: wp_BS_Scanner.
</div>
<p>Backtrace:</p>
<pre>#0 /internal/shared/sqlite-database-integration/wp-includes/sqlite/class-wp-sqlite-db.php(287): WP_SQLite_Translator->get_error_message()
#1 /wordpress/wp-includes/class-wpdb.php(3031): WP_SQLite_DB->query('SELECT COUNT(*)...')
#2 /wordpress/wp-content/plugins/blogsafe-scanner/admin/class-blogsafe-scanner-plus-admin.php(63): wpdb->get_var('SELECT COUNT(*)...')
#3 /wordpress/wp-includes/class-wp-hook.php(324): Blogsafe_Scanner_Plus_Admin->BSScan_do_output_buffer('')
#4 /wordpress/wp-includes/class-wp-hook.php(348): WP_Hook->apply_filters(NULL, Array)
#5 /wordpress/wp-includes/plugin.php(517): WP_Hook->do_action(Array)
#6 /wordpress/wp-settings.php(727): do_action('init')
#7 /wordpress/wp-config.php(102): require_once('/wordpress/wp-s...')
#8 /wordpress/wp-load.php(50): require_once('/wordpress/wp-c...')
#9 /internal/eval.php(3): require_once('/wordpress/wp-l...')
#10 {main}</pre>
 for query SELECT COUNT(*) from wp_BS_Scanner made by require_once('wp-load.php'), require_once('wp-config.php'), require_once('wp-settings.php'), do_action('init'), WP_Hook->do_action, WP_Hook->apply_filters, Blogsafe_Scanner_Plus_Admin->BSScan_do_output_buffer, WP_SQLite_DB->query, WP_SQLite_DB->print_error
[21-Apr-2025 03:44:18 UTC] PHP Deprecated:  Function get_plugin_data was called with an argument that is <strong>deprecated</strong> since version 3.0.0! The <code>Site Wide Only: true</code> plugin header is deprecated. Use <code>Network: true</code> instead. in /wordpress/wp-includes/functions.php on line 6121
[21-Apr-2025 03:44:28 UTC] PHP Deprecated:  Function get_plugin_data was called with an argument that is <strong>deprecated</strong> since version 3.0.0! The <code>Site Wide Only: true</code> plugin header is deprecated. Use <code>Network: true</code> instead. in /wordpress/wp-includes/functions.php on line 6121
[21-Apr-2025 03:44:37 UTC] PHP Deprecated:  Function get_plugin_data was called with an argument that is <strong>deprecated</strong> since version 3.0.0! The <code>Site Wide Only: true</code> plugin header is deprecated. Use <code>Network: true</code> instead. in /wordpress/wp-includes/functions.php on line 6121
[21-Apr-2025 03:44:47 UTC] PHP Deprecated:  Function get_plugin_data was called with an argument that is <strong>deprecated</strong> since version 3.0.0! The <code>Site Wide Only: true</code> plugin header is deprecated. Use <code>Network: true</code> instead. in /wordpress/wp-includes/functions.php on line 6121
[21-Apr-2025 03:44:56 UTC] PHP Deprecated:  Function get_plugin_data was called with an argument that is <strong>deprecated</strong> since version 3.0.0! The <code>Site Wide Only: true</code> plugin header is deprecated. Use <code>Network: true</code> instead. in /wordpress/wp-includes/functions.php on line 6121
[21-Apr-2025 03:45:04 UTC] PHP Deprecated:  Function get_plugin_data was called with an argument that is <strong>deprecated</strong> since version 3.0.0! The <code>Site Wide Only: true</code> plugin header is deprecated. Use <code>Network: true</code> instead. in /wordpress/wp-includes/functions.php on line 6121
[21-Apr-2025 03:45:14 UTC] PHP Deprecated:  Function get_plugin_data was called with an argument that is <strong>deprecated</strong> since version 3.0.0! The <code>Site Wide Only: true</code> plugin header is deprecated. Use <code>Network: true</code> instead. in /wordpress/wp-includes/functions.php on line 6121
[21-Apr-2025 03:45:23 UTC] PHP Deprecated:  Function get_plugin_data was called with an argument that is <strong>deprecated</strong> since version 3.0.0! The <code>Site Wide Only: true</code> plugin header is deprecated. Use <code>Network: true</code> instead. in /wordpress/wp-includes/functions.php on line 6121
[21-Apr-2025 03:45:32 UTC] PHP Deprecated:  Function get_plugin_data was called with an argument that is <strong>deprecated</strong> since version 3.0.0! The <code>Site Wide Only: true</code> plugin header is deprecated. Use <code>Network: true</code> instead. in /wordpress/wp-includes/functions.php on line 6121
[21-Apr-2025 03:45:41 UTC] PHP Deprecated:  Function get_plugin_data was called with an argument that is <strong>deprecated</strong> since version 3.0.0! The <code>Site Wide Only: true</code> plugin header is deprecated. Use <code>Network: true</code> instead. in /wordpress/wp-includes/functions.php on line 6121
[21-Apr-2025 03:45:50 UTC] PHP Deprecated:  Function get_plugin_data was called with an argument that is <strong>deprecated</strong> since version 3.0.0! The <code>Site Wide Only: true</code> plugin header is deprecated. Use <code>Network: true</code> instead. in /wordpress/wp-includes/functions.php on line 6121

    at Object.onBind (file:///home/runner/work/playground-tester/playground-tester/node_modules/@wp-playground/cli/index.js:237:15)
    at process.processTicksAndRejections (node:internal/process/task_queues:105:5)
    at async V (file:///home/runner/work/playground-tester/playground-tester/node_modules/@wp-playground/cli/index.js:64:10)
    at async ja (file:///home/runner/work/playground-tester/playground-tester/node_modules/@wp-playground/cli/cli.js:8161:12) {
  [cause]: Error: Error when executing the blueprint step #1 ({"step":"installPlugin","pluginData":{"resource":"wordpress.org/plugins","slug":"bp-rewrites"},"options":{"activate":true}}) : Plugin /wordpress/wp-content/plugins/bp-rewrites could not be activated – WordPress exited with no error. Sometimes, when $_SERVER or site options are not configured correctly, WordPress exits early with a 301 redirect. Inspect the "debug" logs in the console for more details.
      at Object.run (file:///home/runner/work/playground-tester/playground-tester/node_modules/@wp-playground/blueprints/index.js:12449:19)
      at process.processTicksAndRejections (node:internal/process/task_queues:105:5)
      at async ms (file:///home/runner/work/playground-tester/playground-tester/node_modules/@wp-playground/blueprints/index.js:12552:3)
      ... 2 lines matching cause stack trace ...
      at async ja (file:///home/runner/work/playground-tester/playground-tester/node_modules/@wp-playground/cli/cli.js:8161:12) {
    [cause]: Error: Plugin /wordpress/wp-content/plugins/bp-rewrites could not be activated – WordPress exited with no error. Sometimes, when $_SERVER or site options are not configured correctly, WordPress exits early with a 301 redirect. Inspect the "debug" logs in the console for more details.
        at wr (file:///home/runner/work/playground-tester/playground-tester/node_modules/@wp-playground/blueprints/index.js:119:51)
        at process.processTicksAndRejections (node:internal/process/task_queues:105:5)
        at async Object.gt [as installPlugin] (file:///home/runner/work/playground-tester/playground-tester/node_modules/@wp-playground/blueprints/index.js:974:42)
        at async g (file:///home/runner/work/playground-tester/playground-tester/node_modules/@wp-playground/blueprints/index.js:12517:30)
        at async Object.run (file:///home/runner/work/playground-tester/playground-tester/node_modules/@wp-playground/blueprints/index.js:12446:23)
        at async ms (file:///home/runner/work/playground-tester/playground-tester/node_modules/@wp-playground/blueprints/index.js:12552:3)
        at async Object.onBind (file:///home/runner/work/playground-tester/playground-tester/node_modules/@wp-playground/cli/index.js:227:48)
        at async V (file:///home/runner/work/playground-tester/playground-tester/node_modules/@wp-playground/cli/index.js:64:10)
        at async ja (file:///home/runner/work/playground-tester/playground-tester/node_modules/@wp-playground/cli/cli.js:8161:12)
  }
}

Node.js v23.11.0
