file:///home/runner/work/playground-tester/playground-tester/node_modules/@wp-playground/cli/index.js:237
        throw new Error(y, { cause: u });
              ^

Error: [09-May-2025 11:47:38 UTC] PHP Fatal error:  Uncaught PDOException: SQLSTATE[HY000] [2002] Address family not supported by protocol in /wordpress/wp-content/plugins/bots-master/vendor/webxid/edmo/src/DB/Query.php:108
Stack trace:
#0 /wordpress/wp-content/plugins/bots-master/vendor/webxid/edmo/src/DB/Query.php(108): PDO->__construct('mysql:host=loca...', 'username_here', 'password_here', Array)
#1 /wordpress/wp-content/plugins/bots-master/vendor/webxid/edmo/src/DB.php(128): WebXID\EDMo\DB\Query::init('default', Array, false)
#2 /wordpress/wp-content/plugins/bots-master/vendor/webxid/edmo/src/DB.php(186): WebXID\EDMo\DB::connect()
#3 /wordpress/wp-content/plugins/bots-master/app/BotsMaster.php(147): WebXID\EDMo\DB::query('\n            CR...')
#4 /wordpress/wp-includes/class-wp-hook.php(324): WebXID\BotsMaster\BotsMaster->pluginActivation(false)
#5 /wordpress/wp-includes/class-wp-hook.php(348): WP_Hook->apply_filters('', Array)
#6 /wordpress/wp-includes/plugin.php(517): WP_Hook->do_action(Array)
#7 /wordpress/wp-admin/includes/plugin.php(703): do_action(' in /wordpress/wp-content/plugins/bots-master/vendor/webxid/edmo/src/DB/Query.php on line 108
[09-May-2025 11:47:47 UTC] PHP Fatal error:  Uncaught PDOException: SQLSTATE[HY000] [2002] Address family not supported by protocol in /wordpress/wp-content/plugins/bots-master/vendor/webxid/edmo/src/DB/Query.php:108
Stack trace:
#0 /wordpress/wp-content/plugins/bots-master/vendor/webxid/edmo/src/DB/Query.php(108): PDO->__construct('mysql:host=loca...', 'username_here', 'password_here', Array)
#1 /wordpress/wp-content/plugins/bots-master/vendor/webxid/edmo/src/DB.php(128): WebXID\EDMo\DB\Query::init('default', Array, false)
#2 /wordpress/wp-content/plugins/bots-master/vendor/webxid/edmo/src/DB.php(186): WebXID\EDMo\DB::connect()
#3 /wordpress/wp-content/plugins/bots-master/app/BotsMaster.php(147): WebXID\EDMo\DB::query('\n            CR...')
#4 /wordpress/wp-includes/class-wp-hook.php(324): WebXID\BotsMaster\BotsMaster->pluginActivation(false)
#5 /wordpress/wp-includes/class-wp-hook.php(348): WP_Hook->apply_filters('', Array)
#6 /wordpress/wp-includes/plugin.php(517): WP_Hook->do_action(Array)
#7 /wordpress/wp-admin/includes/plugin.php(703): do_action(' in /wordpress/wp-content/plugins/bots-master/vendor/webxid/edmo/src/DB/Query.php on line 108
[09-May-2025 11:47:57 UTC] PHP Fatal error:  Uncaught PDOException: SQLSTATE[HY000] [2002] Address family not supported by protocol in /wordpress/wp-content/plugins/bots-master/vendor/webxid/edmo/src/DB/Query.php:108
Stack trace:
#0 /wordpress/wp-content/plugins/bots-master/vendor/webxid/edmo/src/DB/Query.php(108): PDO->__construct('mysql:host=loca...', 'username_here', 'password_here', Array)
#1 /wordpress/wp-content/plugins/bots-master/vendor/webxid/edmo/src/DB.php(128): WebXID\EDMo\DB\Query::init('default', Array, false)
#2 /wordpress/wp-content/plugins/bots-master/vendor/webxid/edmo/src/DB.php(186): WebXID\EDMo\DB::connect()
#3 /wordpress/wp-content/plugins/bots-master/app/BotsMaster.php(147): WebXID\EDMo\DB::query('\n            CR...')
#4 /wordpress/wp-includes/class-wp-hook.php(324): WebXID\BotsMaster\BotsMaster->pluginActivation(false)
#5 /wordpress/wp-includes/class-wp-hook.php(348): WP_Hook->apply_filters('', Array)
#6 /wordpress/wp-includes/plugin.php(517): WP_Hook->do_action(Array)
#7 /wordpress/wp-admin/includes/plugin.php(703): do_action(' in /wordpress/wp-content/plugins/bots-master/vendor/webxid/edmo/src/DB/Query.php on line 108
[09-May-2025 11:48:07 UTC] PHP Deprecated:  Function register_sidebar_widget is <strong>deprecated</strong> since version 2.8.0! Use wp_register_sidebar_widget() instead. in /wordpress/wp-includes/functions.php on line 6121
[09-May-2025 11:48:15 UTC] PHP Deprecated:  Function register_sidebar_widget is <strong>deprecated</strong> since version 2.8.0! Use wp_register_sidebar_widget() instead. in /wordpress/wp-includes/functions.php on line 6121
[09-May-2025 11:48:24 UTC] PHP Deprecated:  Function register_sidebar_widget is <strong>deprecated</strong> since version 2.8.0! Use wp_register_sidebar_widget() instead. in /wordpress/wp-includes/functions.php on line 6121
[09-May-2025 11:49:06 UTC] PHP Warning:  Use of undefined constant STDERR - assumed 'STDERR' (this will throw an Error in a future version of PHP) in /wordpress/wp-content/plugins/2coders-integration-mux-video/vendor/composer/platform_check.php on line 17
[09-May-2025 11:49:06 UTC] PHP Warning:  fwrite() expects parameter 1 to be resource, string given in /wordpress/wp-content/plugins/2coders-integration-mux-video/vendor/composer/platform_check.php on line 17
[09-May-2025 11:49:06 UTC] PHP Fatal error:  Composer detected issues in your platform: Your Composer dependencies require a PHP version ">= 7.4.0". You are running 7.2.34-dev. in /wordpress/wp-content/plugins/2coders-integration-mux-video/vendor/composer/platform_check.php on line 24
[09-May-2025 11:49:17 UTC] PHP Warning:  Use of undefined constant STDERR - assumed 'STDERR' (this will throw an Error in a future version of PHP) in /wordpress/wp-content/plugins/2coders-integration-mux-video/vendor/composer/platform_check.php on line 17
[09-May-2025 11:49:17 UTC] PHP Warning:  fwrite() expects parameter 1 to be resource, string given in /wordpress/wp-content/plugins/2coders-integration-mux-video/vendor/composer/platform_check.php on line 17
[09-May-2025 11:49:17 UTC] PHP Fatal error:  Composer detected issues in your platform: Your Composer dependencies require a PHP version ">= 7.4.0". You are running 7.2.34-dev. in /wordpress/wp-content/plugins/2coders-integration-mux-video/vendor/composer/platform_check.php on line 24
[09-May-2025 11:49:28 UTC] PHP Warning:  Use of undefined constant STDERR - assumed 'STDERR' (this will throw an Error in a future version of PHP) in /wordpress/wp-content/plugins/2coders-integration-mux-video/vendor/composer/platform_check.php on line 17
[09-May-2025 11:49:28 UTC] PHP Warning:  fwrite() expects parameter 1 to be resource, string given in /wordpress/wp-content/plugins/2coders-integration-mux-video/vendor/composer/platform_check.php on line 17
[09-May-2025 11:49:28 UTC] PHP Fatal error:  Composer detected issues in your platform: Your Composer dependencies require a PHP version ">= 7.4.0". You are running 7.2.34-dev. in /wordpress/wp-content/plugins/2coders-integration-mux-video/vendor/composer/platform_check.php on line 24
[09-May-2025 11:49:37 UTC] PHP Deprecated:  Function add_option was called with an argument that is <strong>deprecated</strong> since version 2.3.0 with no alternative available. in /wordpress/wp-includes/functions.php on line 6121
[09-May-2025 11:49:38 UTC] PHP Deprecated:  Function add_option was called with an argument that is <strong>deprecated</strong> since version 2.3.0 with no alternative available. in /wordpress/wp-includes/functions.php on line 6121
[09-May-2025 11:49:46 UTC] PHP Deprecated:  Function add_option was called with an argument that is <strong>deprecated</strong> since version 2.3.0 with no alternative available. in /wordpress/wp-includes/functions.php on line 6121
[09-May-2025 11:49:47 UTC] PHP Deprecated:  Function add_option was called with an argument that is <strong>deprecated</strong> since version 2.3.0 with no alternative available. in /wordpress/wp-includes/functions.php on line 6121
[09-May-2025 11:49:55 UTC] PHP Deprecated:  Function add_option was called with an argument that is <strong>deprecated</strong> since version 2.3.0 with no alternative available. in /wordpress/wp-includes/functions.php on line 6121
[09-May-2025 11:49:57 UTC] PHP Deprecated:  Function add_option was called with an argument that is <strong>deprecated</strong> since version 2.3.0 with no alternative available. in /wordpress/wp-includes/functions.php on line 6121
[09-May-2025 11:50:35 UTC] PHP Fatal error:  Uncaught ArgumentCountError: Too few arguments to function WP_Widget::__construct(), 0 passed in /wordpress/wp-includes/class-wp-widget-factory.php on line 62 and at least 2 expected in /wordpress/wp-includes/class-wp-widget.php:163
Stack trace:
#0 /wordpress/wp-includes/class-wp-widget-factory.php(62): WP_Widget->__construct()
#1 /wordpress/wp-includes/widgets.php(123): WP_Widget_Factory->register('TwoState_Widget')
#2 /wordpress/wp-content/plugins/2statereviews-wp/2statereviews.php(19): register_widget('TwoState_Widget')
#3 /wordpress/wp-includes/class-wp-hook.php(324): example_load_widgets('')
#4 /wordpress/wp-includes/class-wp-hook.php(348): WP_Hook->apply_filters(NULL, Array)
#5 /wordpress/wp-includes/plugin.php(517): WP_Hook->do_action(Array)
#6 /wordpress/wp-includes/widgets.php(1870): do_action('widgets_init')
#7 /wordpress/wp-includes/class-wp-hook.php(324): wp_widgets_init('')
#8 /wordpress/wp-includes/class-wp-hook.php(348): WP_Hook->apply_filters(NULL, Array)
#9 /wordpress/wp-includes/plugin.php(517): WP_Hook->do_action(Array)
#10 /wordpress/wp-settings.php(727): do_action('init')
#11 /wordpress/wp-config.php(102): require_once('/wordpress/wp-s...')
#12 /wordpress/wp-load.php(50): require_once('/wordpress/wp-c...')
#13 /internal/eval.php(3): require_once('/wordpress/wp-l...')
#14 {main}
  thrown in /wordpress/wp-includes/class-wp-widget.php on line 163
[09-May-2025 11:50:44 UTC] PHP Fatal error:  Uncaught ArgumentCountError: Too few arguments to function WP_Widget::__construct(), 0 passed in /wordpress/wp-includes/class-wp-widget-factory.php on line 62 and at least 2 expected in /wordpress/wp-includes/class-wp-widget.php:163
Stack trace:
#0 /wordpress/wp-includes/class-wp-widget-factory.php(62): WP_Widget->__construct()
#1 /wordpress/wp-includes/widgets.php(123): WP_Widget_Factory->register('TwoState_Widget')
#2 /wordpress/wp-content/plugins/2statereviews-wp/2statereviews.php(19): register_widget('TwoState_Widget')
#3 /wordpress/wp-includes/class-wp-hook.php(324): example_load_widgets('')
#4 /wordpress/wp-includes/class-wp-hook.php(348): WP_Hook->apply_filters(NULL, Array)
#5 /wordpress/wp-includes/plugin.php(517): WP_Hook->do_action(Array)
#6 /wordpress/wp-includes/widgets.php(1870): do_action('widgets_init')
#7 /wordpress/wp-includes/class-wp-hook.php(324): wp_widgets_init('')
#8 /wordpress/wp-includes/class-wp-hook.php(348): WP_Hook->apply_filters(NULL, Array)
#9 /wordpress/wp-includes/plugin.php(517): WP_Hook->do_action(Array)
#10 /wordpress/wp-settings.php(727): do_action('init')
#11 /wordpress/wp-config.php(102): require_once('/wordpress/wp-s...')
#12 /wordpress/wp-load.php(50): require_once('/wordpress/wp-c...')
#13 /internal/eval.php(3): require_once('/wordpress/wp-l...')
#14 {main}
  thrown in /wordpress/wp-includes/class-wp-widget.php on line 163
[09-May-2025 11:50:53 UTC] PHP Fatal error:  Uncaught ArgumentCountError: Too few arguments to function WP_Widget::__construct(), 0 passed in /wordpress/wp-includes/class-wp-widget-factory.php on line 62 and at least 2 expected in /wordpress/wp-includes/class-wp-widget.php:163
Stack trace:
#0 /wordpress/wp-includes/class-wp-widget-factory.php(62): WP_Widget->__construct()
#1 /wordpress/wp-includes/widgets.php(123): WP_Widget_Factory->register('TwoState_Widget')
#2 /wordpress/wp-content/plugins/2statereviews-wp/2statereviews.php(19): register_widget('TwoState_Widget')
#3 /wordpress/wp-includes/class-wp-hook.php(324): example_load_widgets('')
#4 /wordpress/wp-includes/class-wp-hook.php(348): WP_Hook->apply_filters(NULL, Array)
#5 /wordpress/wp-includes/plugin.php(517): WP_Hook->do_action(Array)
#6 /wordpress/wp-includes/widgets.php(1870): do_action('widgets_init')
#7 /wordpress/wp-includes/class-wp-hook.php(324): wp_widgets_init('')
#8 /wordpress/wp-includes/class-wp-hook.php(348): WP_Hook->apply_filters(NULL, Array)
#9 /wordpress/wp-includes/plugin.php(517): WP_Hook->do_action(Array)
#10 /wordpress/wp-settings.php(727): do_action('init')
#11 /wordpress/wp-config.php(102): require_once('/wordpress/wp-s...')
#12 /wordpress/wp-load.php(50): require_once('/wordpress/wp-c...')
#13 /internal/eval.php(3): require_once('/wordpress/wp-l...')
#14 {main}
  thrown in /wordpress/wp-includes/class-wp-widget.php on line 163
[09-May-2025 11:54:03 UTC] PHP Fatal error:  Uncaught TypeError: call_user_func_array(): Argument #1 ($callback) must be a valid callback, non-static method Bepro_listings_realestate::bepro_listings_realestate_activate() cannot be called statically in /wordpress/wp-includes/class-wp-hook.php:324
Stack trace:
#0 /wordpress/wp-includes/class-wp-hook.php(348): WP_Hook->apply_filters('', Array)
#1 /wordpress/wp-includes/plugin.php(517): WP_Hook->do_action(Array)
#2 /wordpress/wp-admin/includes/plugin.php(703): do_action('activate_bepro-...', false)
#3 /internal/eval.php(20): activate_plugin('bepro-listings-...')
#4 {main}
  thrown in /wordpress/wp-includes/class-wp-hook.php on line 324
[09-May-2025 11:54:10 UTC] PHP Fatal error:  Uncaught TypeError: call_user_func_array(): Argument #1 ($callback) must be a valid callback, non-static method Bepro_listings_realestate::bepro_listings_realestate_activate() cannot be called statically in /wordpress/wp-includes/class-wp-hook.php:324
Stack trace:
#0 /wordpress/wp-includes/class-wp-hook.php(348): WP_Hook->apply_filters('', Array)
#1 /wordpress/wp-includes/plugin.php(517): WP_Hook->do_action(Array)
#2 /wordpress/wp-admin/includes/plugin.php(703): do_action('activate_bepro-...', false)
#3 /internal/eval.php(20): activate_plugin('bepro-listings-...')
#4 {main}
  thrown in /wordpress/wp-includes/class-wp-hook.php on line 324
[09-May-2025 11:54:18 UTC] PHP Fatal error:  Uncaught TypeError: call_user_func_array(): Argument #1 ($callback) must be a valid callback, non-static method Bepro_listings_realestate::bepro_listings_realestate_activate() cannot be called statically in /wordpress/wp-includes/class-wp-hook.php:324
Stack trace:
#0 /wordpress/wp-includes/class-wp-hook.php(348): WP_Hook->apply_filters('', Array)
#1 /wordpress/wp-includes/plugin.php(517): WP_Hook->do_action(Array)
#2 /wordpress/wp-admin/includes/plugin.php(703): do_action('activate_bepro-...', false)
#3 /internal/eval.php(20): activate_plugin('bepro-listings-...')
#4 {main}
  thrown in /wordpress/wp-includes/class-wp-hook.php on line 324
[09-May-2025 11:55:43 UTC] PHP Fatal error:  Uncaught Error: Undefined constant "BOOKX_DIR" in /wordpress/wp-content/plugins/bookx/bookx.php:42
Stack trace:
#0 /wordpress/wp-admin/includes/plugin.php(2387): include_once()
#1 /wordpress/wp-admin/includes/plugin.php(673): plugin_sandbox_scrape('bookx/bookx.php')
#2 /internal/eval.php(20): activate_plugin('bookx/bookx.php')
#3 {main}
  thrown in /wordpress/wp-content/plugins/bookx/bookx.php on line 42
[09-May-2025 11:55:51 UTC] PHP Fatal error:  Uncaught Error: Undefined constant "BOOKX_DIR" in /wordpress/wp-content/plugins/bookx/bookx.php:42
Stack trace:
#0 /wordpress/wp-admin/includes/plugin.php(2387): include_once()
#1 /wordpress/wp-admin/includes/plugin.php(673): plugin_sandbox_scrape('bookx/bookx.php')
#2 /internal/eval.php(20): activate_plugin('bookx/bookx.php')
#3 {main}
  thrown in /wordpress/wp-content/plugins/bookx/bookx.php on line 42
[09-May-2025 11:55:58 UTC] PHP Fatal error:  Uncaught Error: Undefined constant "BOOKX_DIR" in /wordpress/wp-content/plugins/bookx/bookx.php:42
Stack trace:
#0 /wordpress/wp-admin/includes/plugin.php(2387): include_once()
#1 /wordpress/wp-admin/includes/plugin.php(673): plugin_sandbox_scrape('bookx/bookx.php')
#2 /internal/eval.php(20): activate_plugin('bookx/bookx.php')
#3 {main}
  thrown in /wordpress/wp-content/plugins/bookx/bookx.php on line 42
[09-May-2025 11:56:07 UTC] PHP Fatal error:  Uncaught Error: Undefined constant "BP_GALLERY_IS_INSTALLED" in /wordpress/wp-content/plugins/bp-gallery-sidebar-widget/bp-gallery-sidebar-widget.php:21
Stack trace:
#0 /wordpress/wp-includes/class-wp-hook.php(324): init_bp_gallery_sidebar_widget('')
#1 /wordpress/wp-includes/class-wp-hook.php(348): WP_Hook->apply_filters(NULL, Array)
#2 /wordpress/wp-includes/plugin.php(517): WP_Hook->do_action(Array)
#3 /wordpress/wp-settings.php(578): do_action('plugins_loaded')
#4 /wordpress/wp-config.php(102): require_once('/wordpress/wp-s...')
#5 /wordpress/wp-load.php(50): require_once('/wordpress/wp-c...')
#6 /internal/eval.php(3): require_once('/wordpress/wp-l...')
#7 {main}
  thrown in /wordpress/wp-content/plugins/bp-gallery-sidebar-widget/bp-gallery-sidebar-widget.php on line 21
[09-May-2025 11:56:15 UTC] PHP Fatal error:  Uncaught Error: Undefined constant "BP_GALLERY_IS_INSTALLED" in /wordpress/wp-content/plugins/bp-gallery-sidebar-widget/bp-gallery-sidebar-widget.php:21
Stack trace:
#0 /wordpress/wp-includes/class-wp-hook.php(324): init_bp_gallery_sidebar_widget('')
#1 /wordpress/wp-includes/class-wp-hook.php(348): WP_Hook->apply_filters(NULL, Array)
#2 /wordpress/wp-includes/plugin.php(517): WP_Hook->do_action(Array)
#3 /wordpress/wp-settings.php(578): do_action('plugins_loaded')
#4 /wordpress/wp-config.php(102): require_once('/wordpress/wp-s...')
#5 /wordpress/wp-load.php(50): require_once('/wordpress/wp-c...')
#6 /internal/eval.php(3): require_once('/wordpress/wp-l...')
#7 {main}
  thrown in /wordpress/wp-content/plugins/bp-gallery-sidebar-widget/bp-gallery-sidebar-widget.php on line 21
[09-May-2025 11:56:24 UTC] PHP Fatal error:  Uncaught Error: Undefined constant "BP_GALLERY_IS_INSTALLED" in /wordpress/wp-content/plugins/bp-gallery-sidebar-widget/bp-gallery-sidebar-widget.php:21
Stack trace:
#0 /wordpress/wp-includes/class-wp-hook.php(324): init_bp_gallery_sidebar_widget('')
#1 /wordpress/wp-includes/class-wp-hook.php(348): WP_Hook->apply_filters(NULL, Array)
#2 /wordpress/wp-includes/plugin.php(517): WP_Hook->do_action(Array)
#3 /wordpress/wp-settings.php(578): do_action('plugins_loaded')
#4 /wordpress/wp-config.php(102): require_once('/wordpress/wp-s...')
#5 /wordpress/wp-load.php(50): require_once('/wordpress/wp-c...')
#6 /internal/eval.php(3): require_once('/wordpress/wp-l...')
#7 {main}
  thrown in /wordpress/wp-content/plugins/bp-gallery-sidebar-widget/bp-gallery-sidebar-widget.php on line 21

    at Object.onBind (file:///home/runner/work/playground-tester/playground-tester/node_modules/@wp-playground/cli/index.js:237:15)
    at process.processTicksAndRejections (node:internal/process/task_queues:105:5)
    at async V (file:///home/runner/work/playground-tester/playground-tester/node_modules/@wp-playground/cli/index.js:64:10)
    at async ja (file:///home/runner/work/playground-tester/playground-tester/node_modules/@wp-playground/cli/cli.js:8161:12) {
  [cause]: Error: Error when executing the blueprint step #1 ({"step":"installPlugin","pluginData":{"resource":"wordpress.org/plugins","slug":"brickmobile-mobile-redirect-installer"},"options":{"activate":true}}) : Could not download "https://downloads.wordpress.org/plugin/brickmobile-mobile-redirect-installer.latest-stable.zip".
  				Check if the URL is correct and the server is reachable.
  				If it is reachable, the server might be blocking the request.
  				Check the browser console and network tabs for more information.
  
  				## Does the console show the error "No 'Access-Control-Allow-Origin' header"?
  
  				This means the server that hosts your file does not allow requests from other sites
  				(cross-origin requests, or CORS).	You need to move the asset to a server that allows
  				cross-origin file downloads. Learn more about CORS at
  				https://developer.mozilla.org/en-US/docs/Web/HTTP/CORS.
  
  				If your file is on GitHub, load it from "raw.githubusercontent.com".
  				Here's how to do that:
  
  				1. Start with the original GitHub URL of the file. For example:
  				https://github.com/username/repository/blob/branch/filename.
  				2. Replace "github.com" with "raw.githubusercontent.com".
  				3. Remove the "/blob/" part of the URL.
  
  				The resulting URL should look like this:
  				https://raw.githubusercontent.com/username/repository/branch/filename
  
  				Error:
  				Error: Could not download "https://downloads.wordpress.org/plugin/brickmobile-mobile-redirect-installer.latest-stable.zip"
      at Object.run (file:///home/runner/work/playground-tester/playground-tester/node_modules/@wp-playground/blueprints/index.js:12449:19)
      at process.processTicksAndRejections (node:internal/process/task_queues:105:5)
      at async ms (file:///home/runner/work/playground-tester/playground-tester/node_modules/@wp-playground/blueprints/index.js:12552:3)
      at async Object.onBind (file:///home/runner/work/playground-tester/playground-tester/node_modules/@wp-playground/cli/index.js:227:48)
      at async V (file:///home/runner/work/playground-tester/playground-tester/node_modules/@wp-playground/cli/index.js:64:10)
      at async ja (file:///home/runner/work/playground-tester/playground-tester/node_modules/@wp-playground/cli/cli.js:8161:12) {
    [cause]: Error: Could not download "https://downloads.wordpress.org/plugin/brickmobile-mobile-redirect-installer.latest-stable.zip".
    				Check if the URL is correct and the server is reachable.
    				If it is reachable, the server might be blocking the request.
    				Check the browser console and network tabs for more information.
    
    				## Does the console show the error "No 'Access-Control-Allow-Origin' header"?
    
    				This means the server that hosts your file does not allow requests from other sites
    				(cross-origin requests, or CORS).	You need to move the asset to a server that allows
    				cross-origin file downloads. Learn more about CORS at
    				https://developer.mozilla.org/en-US/docs/Web/HTTP/CORS.
    
    				If your file is on GitHub, load it from "raw.githubusercontent.com".
    				Here's how to do that:
    
    				1. Start with the original GitHub URL of the file. For example:
    				https://github.com/username/repository/blob/branch/filename.
    				2. Replace "github.com" with "raw.githubusercontent.com".
    				3. Remove the "/blob/" part of the URL.
    
    				The resulting URL should look like this:
    				https://raw.githubusercontent.com/username/repository/branch/filename
    
    				Error:
    				Error: Could not download "https://downloads.wordpress.org/plugin/brickmobile-mobile-redirect-installer.latest-stable.zip"
        at Ct.resolve (file:///home/runner/work/playground-tester/playground-tester/node_modules/@wp-playground/blueprints/index.js:1472:13)
        at process.processTicksAndRejections (node:internal/process/task_queues:105:5)
        at async _.run (file:///home/runner/work/playground-tester/playground-tester/node_modules/@php-wasm/util/index.js:45:14)
  }
}

Node.js v23.11.0
