file:///home/runner/work/playground-tester/playground-tester/node_modules/@wp-playground/cli/index.js:237
        throw new Error(y, { cause: u });
              ^

Error: [17-Apr-2025 23:25:01 UTC] PHP Notice:  Function wp_register_script was called <strong>incorrectly</strong>. Scripts and styles should not be registered or enqueued until the <code>wp_enqueue_scripts</code>, <code>admin_enqueue_scripts</code>, or <code>login_enqueue_scripts</code> hooks. This notice was triggered by the <code>Smooth-Scrolling-To-Top-script</code> handle. Please see <a href="https://developer.wordpress.org/advanced-administration/debug/debug-wordpress/">Debugging in WordPress</a> for more information. (This message was added in version 3.3.0.) in /wordpress/wp-includes/functions.php on line 6121
[17-Apr-2025 23:25:01 UTC] PHP Notice:  Function wp_enqueue_script was called <strong>incorrectly</strong>. Scripts and styles should not be registered or enqueued until the <code>wp_enqueue_scripts</code>, <code>admin_enqueue_scripts</code>, or <code>login_enqueue_scripts</code> hooks. This notice was triggered by the <code>Smooth-Scrolling-To-Top-script</code> handle. Please see <a href="https://developer.wordpress.org/advanced-administration/debug/debug-wordpress/">Debugging in WordPress</a> for more information. (This message was added in version 3.3.0.) in /wordpress/wp-includes/functions.php on line 6121
[17-Apr-2025 23:25:01 UTC] PHP Notice:  Function wp_register_style was called <strong>incorrectly</strong>. Scripts and styles should not be registered or enqueued until the <code>wp_enqueue_scripts</code>, <code>admin_enqueue_scripts</code>, or <code>login_enqueue_scripts</code> hooks. This notice was triggered by the <code>Smooth-Scrolling-To-Top-style</code> handle. Please see <a href="https://developer.wordpress.org/advanced-administration/debug/debug-wordpress/">Debugging in WordPress</a> for more information. (This message was added in version 3.3.0.) in /wordpress/wp-includes/functions.php on line 6121
[17-Apr-2025 23:25:01 UTC] PHP Notice:  Function is_feed was called <strong>incorrectly</strong>. Conditional query tags do not work before the query is run. Before then, they always return false. Please see <a href="https://developer.wordpress.org/advanced-administration/debug/debug-wordpress/">Debugging in WordPress</a> for more information. (This message was added in version 3.1.0.) in /wordpress/wp-includes/functions.php on line 6121
[17-Apr-2025 23:25:01 UTC] PHP Notice:  Function wp_enqueue_style was called <strong>incorrectly</strong>. Scripts and styles should not be registered or enqueued until the <code>wp_enqueue_scripts</code>, <code>admin_enqueue_scripts</code>, or <code>login_enqueue_scripts</code> hooks. This notice was triggered by the <code>Smooth-Scrolling-To-Top-style</code> handle. Please see <a href="https://developer.wordpress.org/advanced-administration/debug/debug-wordpress/">Debugging in WordPress</a> for more information. (This message was added in version 3.3.0.) in /wordpress/wp-includes/functions.php on line 6121
[17-Apr-2025 23:25:09 UTC] PHP Notice:  Function wp_register_script was called <strong>incorrectly</strong>. Scripts and styles should not be registered or enqueued until the <code>wp_enqueue_scripts</code>, <code>admin_enqueue_scripts</code>, or <code>login_enqueue_scripts</code> hooks. This notice was triggered by the <code>Smooth-Scrolling-To-Top-script</code> handle. Please see <a href="https://developer.wordpress.org/advanced-administration/debug/debug-wordpress/">Debugging in WordPress</a> for more information. (This message was added in version 3.3.0.) in /wordpress/wp-includes/functions.php on line 6121
[17-Apr-2025 23:25:09 UTC] PHP Notice:  Function wp_enqueue_script was called <strong>incorrectly</strong>. Scripts and styles should not be registered or enqueued until the <code>wp_enqueue_scripts</code>, <code>admin_enqueue_scripts</code>, or <code>login_enqueue_scripts</code> hooks. This notice was triggered by the <code>Smooth-Scrolling-To-Top-script</code> handle. Please see <a href="https://developer.wordpress.org/advanced-administration/debug/debug-wordpress/">Debugging in WordPress</a> for more information. (This message was added in version 3.3.0.) in /wordpress/wp-includes/functions.php on line 6121
[17-Apr-2025 23:25:09 UTC] PHP Notice:  Function wp_register_style was called <strong>incorrectly</strong>. Scripts and styles should not be registered or enqueued until the <code>wp_enqueue_scripts</code>, <code>admin_enqueue_scripts</code>, or <code>login_enqueue_scripts</code> hooks. This notice was triggered by the <code>Smooth-Scrolling-To-Top-style</code> handle. Please see <a href="https://developer.wordpress.org/advanced-administration/debug/debug-wordpress/">Debugging in WordPress</a> for more information. (This message was added in version 3.3.0.) in /wordpress/wp-includes/functions.php on line 6121
[17-Apr-2025 23:25:09 UTC] PHP Notice:  Function is_feed was called <strong>incorrectly</strong>. Conditional query tags do not work before the query is run. Before then, they always return false. Please see <a href="https://developer.wordpress.org/advanced-administration/debug/debug-wordpress/">Debugging in WordPress</a> for more information. (This message was added in version 3.1.0.) in /wordpress/wp-includes/functions.php on line 6121
[17-Apr-2025 23:25:09 UTC] PHP Notice:  Function wp_enqueue_style was called <strong>incorrectly</strong>. Scripts and styles should not be registered or enqueued until the <code>wp_enqueue_scripts</code>, <code>admin_enqueue_scripts</code>, or <code>login_enqueue_scripts</code> hooks. This notice was triggered by the <code>Smooth-Scrolling-To-Top-style</code> handle. Please see <a href="https://developer.wordpress.org/advanced-administration/debug/debug-wordpress/">Debugging in WordPress</a> for more information. (This message was added in version 3.3.0.) in /wordpress/wp-includes/functions.php on line 6121
[17-Apr-2025 23:25:18 UTC] PHP Notice:  Function wp_register_script was called <strong>incorrectly</strong>. Scripts and styles should not be registered or enqueued until the <code>wp_enqueue_scripts</code>, <code>admin_enqueue_scripts</code>, or <code>login_enqueue_scripts</code> hooks. This notice was triggered by the <code>Smooth-Scrolling-To-Top-script</code> handle. Please see <a href="https://developer.wordpress.org/advanced-administration/debug/debug-wordpress/">Debugging in WordPress</a> for more information. (This message was added in version 3.3.0.) in /wordpress/wp-includes/functions.php on line 6121
[17-Apr-2025 23:25:18 UTC] PHP Notice:  Function wp_enqueue_script was called <strong>incorrectly</strong>. Scripts and styles should not be registered or enqueued until the <code>wp_enqueue_scripts</code>, <code>admin_enqueue_scripts</code>, or <code>login_enqueue_scripts</code> hooks. This notice was triggered by the <code>Smooth-Scrolling-To-Top-script</code> handle. Please see <a href="https://developer.wordpress.org/advanced-administration/debug/debug-wordpress/">Debugging in WordPress</a> for more information. (This message was added in version 3.3.0.) in /wordpress/wp-includes/functions.php on line 6121
[17-Apr-2025 23:25:18 UTC] PHP Notice:  Function wp_register_style was called <strong>incorrectly</strong>. Scripts and styles should not be registered or enqueued until the <code>wp_enqueue_scripts</code>, <code>admin_enqueue_scripts</code>, or <code>login_enqueue_scripts</code> hooks. This notice was triggered by the <code>Smooth-Scrolling-To-Top-style</code> handle. Please see <a href="https://developer.wordpress.org/advanced-administration/debug/debug-wordpress/">Debugging in WordPress</a> for more information. (This message was added in version 3.3.0.) in /wordpress/wp-includes/functions.php on line 6121
[17-Apr-2025 23:25:18 UTC] PHP Notice:  Function is_feed was called <strong>incorrectly</strong>. Conditional query tags do not work before the query is run. Before then, they always return false. Please see <a href="https://developer.wordpress.org/advanced-administration/debug/debug-wordpress/">Debugging in WordPress</a> for more information. (This message was added in version 3.1.0.) in /wordpress/wp-includes/functions.php on line 6121
[17-Apr-2025 23:25:18 UTC] PHP Notice:  Function wp_enqueue_style was called <strong>incorrectly</strong>. Scripts and styles should not be registered or enqueued until the <code>wp_enqueue_scripts</code>, <code>admin_enqueue_scripts</code>, or <code>login_enqueue_scripts</code> hooks. This notice was triggered by the <code>Smooth-Scrolling-To-Top-style</code> handle. Please see <a href="https://developer.wordpress.org/advanced-administration/debug/debug-wordpress/">Debugging in WordPress</a> for more information. (This message was added in version 3.3.0.) in /wordpress/wp-includes/functions.php on line 6121
[17-Apr-2025 23:26:16 UTC] PHP Fatal error:  Uncaught Error: Call to undefined function create_function() in /wordpress/wp-content/plugins/stylish-twitter-profile-box/stylish-twitter-profile-box.php:325
Stack trace:
#0 /wordpress/wp-admin/includes/plugin.php(2387): include_once()
#1 /wordpress/wp-admin/includes/plugin.php(673): plugin_sandbox_scrape('stylish-twitter...')
#2 /internal/eval.php(20): activate_plugin('stylish-twitter...')
#3 {main}
  thrown in /wordpress/wp-content/plugins/stylish-twitter-profile-box/stylish-twitter-profile-box.php on line 325
[17-Apr-2025 23:26:23 UTC] PHP Fatal error:  Uncaught Error: Call to undefined function create_function() in /wordpress/wp-content/plugins/stylish-twitter-profile-box/stylish-twitter-profile-box.php:325
Stack trace:
#0 /wordpress/wp-admin/includes/plugin.php(2387): include_once()
#1 /wordpress/wp-admin/includes/plugin.php(673): plugin_sandbox_scrape('stylish-twitter...')
#2 /internal/eval.php(20): activate_plugin('stylish-twitter...')
#3 {main}
  thrown in /wordpress/wp-content/plugins/stylish-twitter-profile-box/stylish-twitter-profile-box.php on line 325
[17-Apr-2025 23:26:31 UTC] PHP Fatal error:  Uncaught Error: Call to undefined function create_function() in /wordpress/wp-content/plugins/stylish-twitter-profile-box/stylish-twitter-profile-box.php:325
Stack trace:
#0 /wordpress/wp-admin/includes/plugin.php(2387): include_once()
#1 /wordpress/wp-admin/includes/plugin.php(673): plugin_sandbox_scrape('stylish-twitter...')
#2 /internal/eval.php(20): activate_plugin('stylish-twitter...')
#3 {main}
  thrown in /wordpress/wp-content/plugins/stylish-twitter-profile-box/stylish-twitter-profile-box.php on line 325
[17-Apr-2025 23:27:44 UTC] PHP Warning:  Undefined array key "sp_gwa_id" in /wordpress/wp-content/plugins/salespage-gwa/sp_gwa.php on line 55
[17-Apr-2025 23:27:44 UTC] PHP Warning:  Undefined array key "sp_gwa_tagf" in /wordpress/wp-content/plugins/salespage-gwa/sp_gwa.php on line 104
[17-Apr-2025 23:27:44 UTC] PHP Warning:  Undefined array key "courtesy" in /wordpress/wp-content/plugins/salespage-gwa/sp_gwa.php on line 98
[17-Apr-2025 23:27:45 UTC] PHP Warning:  Undefined array key "sp_gwa_id" in /wordpress/wp-content/plugins/salespage-gwa/sp_gwa.php on line 55
[17-Apr-2025 23:27:45 UTC] PHP Warning:  Undefined array key "sp_gwa_tagf" in /wordpress/wp-content/plugins/salespage-gwa/sp_gwa.php on line 104
[17-Apr-2025 23:27:45 UTC] PHP Warning:  Undefined array key "courtesy" in /wordpress/wp-content/plugins/salespage-gwa/sp_gwa.php on line 98
[17-Apr-2025 23:27:52 UTC] PHP Warning:  Undefined array key "sp_gwa_id" in /wordpress/wp-content/plugins/salespage-gwa/sp_gwa.php on line 55
[17-Apr-2025 23:27:52 UTC] PHP Warning:  Undefined array key "sp_gwa_tagf" in /wordpress/wp-content/plugins/salespage-gwa/sp_gwa.php on line 104
[17-Apr-2025 23:27:52 UTC] PHP Warning:  Undefined array key "courtesy" in /wordpress/wp-content/plugins/salespage-gwa/sp_gwa.php on line 98
[17-Apr-2025 23:27:53 UTC] PHP Warning:  Undefined array key "sp_gwa_id" in /wordpress/wp-content/plugins/salespage-gwa/sp_gwa.php on line 55
[17-Apr-2025 23:27:53 UTC] PHP Warning:  Undefined array key "sp_gwa_tagf" in /wordpress/wp-content/plugins/salespage-gwa/sp_gwa.php on line 104
[17-Apr-2025 23:27:53 UTC] PHP Warning:  Undefined array key "courtesy" in /wordpress/wp-content/plugins/salespage-gwa/sp_gwa.php on line 98
[17-Apr-2025 23:28:01 UTC] PHP Warning:  Undefined array key "sp_gwa_id" in /wordpress/wp-content/plugins/salespage-gwa/sp_gwa.php on line 55
[17-Apr-2025 23:28:01 UTC] PHP Warning:  Undefined array key "sp_gwa_tagf" in /wordpress/wp-content/plugins/salespage-gwa/sp_gwa.php on line 104
[17-Apr-2025 23:28:01 UTC] PHP Warning:  Undefined array key "courtesy" in /wordpress/wp-content/plugins/salespage-gwa/sp_gwa.php on line 98
[17-Apr-2025 23:28:02 UTC] PHP Warning:  Undefined array key "sp_gwa_id" in /wordpress/wp-content/plugins/salespage-gwa/sp_gwa.php on line 55
[17-Apr-2025 23:28:02 UTC] PHP Warning:  Undefined array key "sp_gwa_tagf" in /wordpress/wp-content/plugins/salespage-gwa/sp_gwa.php on line 104
[17-Apr-2025 23:28:02 UTC] PHP Warning:  Undefined array key "courtesy" in /wordpress/wp-content/plugins/salespage-gwa/sp_gwa.php on line 98
[17-Apr-2025 23:29:20 UTC] PHP Notice:  Function _load_textdomain_just_in_time was called <strong>incorrectly</strong>. Translation loading for the <code>woocommerce</code> domain was triggered too early. This is usually an indicator for some code in the plugin or theme running too early. Translations should be loaded at the <code>init</code> action or later. Please see <a href="https://developer.wordpress.org/advanced-administration/debug/debug-wordpress/">Debugging in WordPress</a> for more information. (This message was added in version 6.7.0.) in /wordpress/wp-includes/functions.php on line 6121
[17-Apr-2025 23:30:13 UTC] PHP Notice:  Function _load_textdomain_just_in_time was called <strong>incorrectly</strong>. Translation loading for the <code>woocommerce</code> domain was triggered too early. This is usually an indicator for some code in the plugin or theme running too early. Translations should be loaded at the <code>init</code> action or later. Please see <a href="https://developer.wordpress.org/advanced-administration/debug/debug-wordpress/">Debugging in WordPress</a> for more information. (This message was added in version 6.7.0.) in /wordpress/wp-includes/functions.php on line 6121
[17-Apr-2025 23:31:06 UTC] PHP Notice:  Function _load_textdomain_just_in_time was called <strong>incorrectly</strong>. Translation loading for the <code>woocommerce</code> domain was triggered too early. This is usually an indicator for some code in the plugin or theme running too early. Translations should be loaded at the <code>init</code> action or later. Please see <a href="https://developer.wordpress.org/advanced-administration/debug/debug-wordpress/">Debugging in WordPress</a> for more information. (This message was added in version 6.7.0.) in /wordpress/wp-includes/functions.php on line 6121
[17-Apr-2025 23:31:36 UTC] PHP Warning:  Undefined array key "action" in /wordpress/wp-content/plugins/simple-facebook-comments-for-wordpress/SFCController.php on line 18
[17-Apr-2025 23:31:36 UTC] PHP Fatal error:  Uncaught PDOException: SQLSTATE[HY000] [2002] Address family not supported by protocol in /wordpress/wp-content/plugins/simple-facebook-comments-for-wordpress/Model/PdoSingleton.php:10
Stack trace:
#0 /wordpress/wp-content/plugins/simple-facebook-comments-for-wordpress/Model/PdoSingleton.php(10): PDO->__construct('mysql:dbname=da...', 'username_here', 'password_here')
#1 /wordpress/wp-content/plugins/simple-facebook-comments-for-wordpress/Model/PdoSingleton.php(18): PdoSingleton->__construct('database_name_h...', 'localhost', 'username_here', 'password_here')
#2 /wordpress/wp-content/plugins/simple-facebook-comments-for-wordpress/SFCController.php(25): PdoSingleton::initialize('database_name_h...', 'localhost', 'username_here', 'password_here')
#3 /wordpress/wp-admin/includes/plugin.php(2387): include_once('/wordpress/wp-c...')
#4 /wordpress/wp-admin/includes/plugin.php(673): plugin_sandbox_scrape('simple-facebook...')
#5 /internal/eval.php(20): activate_plugin('simple-facebook...')
#6 {main}
  thrown in /wordpress/wp-content/plugins/simple-facebook-comments-for-wordpress/Model/PdoSingleton.php on line 10
[17-Apr-2025 23:31:44 UTC] PHP Warning:  Undefined array key "action" in /wordpress/wp-content/plugins/simple-facebook-comments-for-wordpress/SFCController.php on line 18
[17-Apr-2025 23:31:44 UTC] PHP Fatal error:  Uncaught PDOException: SQLSTATE[HY000] [2002] Address family not supported by protocol in /wordpress/wp-content/plugins/simple-facebook-comments-for-wordpress/Model/PdoSingleton.php:10
Stack trace:
#0 /wordpress/wp-content/plugins/simple-facebook-comments-for-wordpress/Model/PdoSingleton.php(10): PDO->__construct('mysql:dbname=da...', 'username_here', 'password_here')
#1 /wordpress/wp-content/plugins/simple-facebook-comments-for-wordpress/Model/PdoSingleton.php(18): PdoSingleton->__construct('database_name_h...', 'localhost', 'username_here', 'password_here')
#2 /wordpress/wp-content/plugins/simple-facebook-comments-for-wordpress/SFCController.php(25): PdoSingleton::initialize('database_name_h...', 'localhost', 'username_here', 'password_here')
#3 /wordpress/wp-admin/includes/plugin.php(2387): include_once('/wordpress/wp-c...')
#4 /wordpress/wp-admin/includes/plugin.php(673): plugin_sandbox_scrape('simple-facebook...')
#5 /internal/eval.php(20): activate_plugin('simple-facebook...')
#6 {main}
  thrown in /wordpress/wp-content/plugins/simple-facebook-comments-for-wordpress/Model/PdoSingleton.php on line 10
[17-Apr-2025 23:31:51 UTC] PHP Warning:  Undefined array key "action" in /wordpress/wp-content/plugins/simple-facebook-comments-for-wordpress/SFCController.php on line 18
[17-Apr-2025 23:31:51 UTC] PHP Fatal error:  Uncaught PDOException: SQLSTATE[HY000] [2002] Address family not supported by protocol in /wordpress/wp-content/plugins/simple-facebook-comments-for-wordpress/Model/PdoSingleton.php:10
Stack trace:
#0 /wordpress/wp-content/plugins/simple-facebook-comments-for-wordpress/Model/PdoSingleton.php(10): PDO->__construct('mysql:dbname=da...', 'username_here', 'password_here')
#1 /wordpress/wp-content/plugins/simple-facebook-comments-for-wordpress/Model/PdoSingleton.php(18): PdoSingleton->__construct('database_name_h...', 'localhost', 'username_here', 'password_here')
#2 /wordpress/wp-content/plugins/simple-facebook-comments-for-wordpress/SFCController.php(25): PdoSingleton::initialize('database_name_h...', 'localhost', 'username_here', 'password_here')
#3 /wordpress/wp-admin/includes/plugin.php(2387): include_once('/wordpress/wp-c...')
#4 /wordpress/wp-admin/includes/plugin.php(673): plugin_sandbox_scrape('simple-facebook...')
#5 /internal/eval.php(20): activate_plugin('simple-facebook...')
#6 {main}
  thrown in /wordpress/wp-content/plugins/simple-facebook-comments-for-wordpress/Model/PdoSingleton.php on line 10
[17-Apr-2025 23:33:21 UTC] PHP Deprecated:  The called constructor method for WP_Widget class in SoftinnRoomBookingSystem is <strong>deprecated</strong> since version 4.3.0! Use <code>__construct()</code> instead. in /wordpress/wp-includes/functions.php on line 6121
[17-Apr-2025 23:33:29 UTC] PHP Deprecated:  The called constructor method for WP_Widget class in SoftinnRoomBookingSystem is <strong>deprecated</strong> since version 4.3.0! Use <code>__construct()</code> instead. in /wordpress/wp-includes/functions.php on line 6121
[17-Apr-2025 23:33:38 UTC] PHP Deprecated:  The called constructor method for WP_Widget class in SoftinnRoomBookingSystem is <strong>deprecated</strong> since version 4.3.0! Use <code>__construct()</code> instead. in /wordpress/wp-includes/functions.php on line 6121

    at Object.onBind (file:///home/runner/work/playground-tester/playground-tester/node_modules/@wp-playground/cli/index.js:237:15)
    at process.processTicksAndRejections (node:internal/process/task_queues:105:5)
    at async V (file:///home/runner/work/playground-tester/playground-tester/node_modules/@wp-playground/cli/index.js:64:10)
    at async ja (file:///home/runner/work/playground-tester/playground-tester/node_modules/@wp-playground/cli/cli.js:8161:12) {
  [cause]: Error: Error when executing the blueprint step #5 ({"step":"installPlugin","pluginData":{"resource":"wordpress.org/plugins","slug":"super-capcha"},"options":{"activate":true}}) : Plugin /wordpress/wp-content/plugins/super-capcha could not be activated – WordPress exited with no error. Sometimes, when $_SERVER or site options are not configured correctly, WordPress exits early with a 301 redirect. Inspect the "debug" logs in the console for more details.
      at Object.run (file:///home/runner/work/playground-tester/playground-tester/node_modules/@wp-playground/blueprints/index.js:12449:19)
      at process.processTicksAndRejections (node:internal/process/task_queues:105:5)
      at async ms (file:///home/runner/work/playground-tester/playground-tester/node_modules/@wp-playground/blueprints/index.js:12552:3)
      ... 2 lines matching cause stack trace ...
      at async ja (file:///home/runner/work/playground-tester/playground-tester/node_modules/@wp-playground/cli/cli.js:8161:12) {
    [cause]: Error: Plugin /wordpress/wp-content/plugins/super-capcha could not be activated – WordPress exited with no error. Sometimes, when $_SERVER or site options are not configured correctly, WordPress exits early with a 301 redirect. Inspect the "debug" logs in the console for more details.
        at wr (file:///home/runner/work/playground-tester/playground-tester/node_modules/@wp-playground/blueprints/index.js:119:51)
        at process.processTicksAndRejections (node:internal/process/task_queues:105:5)
        at async Object.gt [as installPlugin] (file:///home/runner/work/playground-tester/playground-tester/node_modules/@wp-playground/blueprints/index.js:974:42)
        at async g (file:///home/runner/work/playground-tester/playground-tester/node_modules/@wp-playground/blueprints/index.js:12517:30)
        at async Object.run (file:///home/runner/work/playground-tester/playground-tester/node_modules/@wp-playground/blueprints/index.js:12446:23)
        at async ms (file:///home/runner/work/playground-tester/playground-tester/node_modules/@wp-playground/blueprints/index.js:12552:3)
        at async Object.onBind (file:///home/runner/work/playground-tester/playground-tester/node_modules/@wp-playground/cli/index.js:227:48)
        at async V (file:///home/runner/work/playground-tester/playground-tester/node_modules/@wp-playground/cli/index.js:64:10)
        at async ja (file:///home/runner/work/playground-tester/playground-tester/node_modules/@wp-playground/cli/cli.js:8161:12)
  }
}

Node.js v23.11.0
