file:///home/runner/work/playground-tester/playground-tester/node_modules/@wp-playground/cli/index.js:237
        throw new Error(y, { cause: u });
              ^

Error: [11-May-2025 22:26:27 UTC] PHP Warning:  Attempt to read property "post_type" on null in /wordpress/wp-content/plugins/cashpress/client_type.php on line 213
[11-May-2025 22:26:27 UTC] PHP Warning:  Attempt to read property "post_type" on null in /wordpress/wp-content/plugins/cashpress/client_type.php on line 216
[11-May-2025 22:26:27 UTC] PHP Warning:  Attempt to read property "post_type" on null in /wordpress/wp-content/plugins/cashpress/client_type.php on line 219
[11-May-2025 22:26:27 UTC] PHP Warning:  Undefined array key "csp-nonce" in /wordpress/wp-content/plugins/cashpress/proposal_type.php on line 1169
[11-May-2025 22:26:27 UTC] PHP Warning:  Undefined array key "csp-nonce" in /wordpress/wp-content/plugins/cashpress/invoice_type.php on line 1176
[11-May-2025 22:26:27 UTC] PHP Warning:  Attempt to read property "post_type" on null in /wordpress/wp-content/plugins/cashpress/client_type.php on line 213
[11-May-2025 22:26:27 UTC] PHP Warning:  Attempt to read property "post_type" on null in /wordpress/wp-content/plugins/cashpress/client_type.php on line 216
[11-May-2025 22:26:27 UTC] PHP Warning:  Attempt to read property "post_type" on null in /wordpress/wp-content/plugins/cashpress/client_type.php on line 219
[11-May-2025 22:26:27 UTC] PHP Warning:  Undefined array key "csp-nonce" in /wordpress/wp-content/plugins/cashpress/proposal_type.php on line 1169
[11-May-2025 22:26:27 UTC] PHP Warning:  Undefined array key "csp-nonce" in /wordpress/wp-content/plugins/cashpress/invoice_type.php on line 1176
[11-May-2025 22:26:38 UTC] PHP Warning:  Attempt to read property "post_type" on null in /wordpress/wp-content/plugins/cashpress/client_type.php on line 213
[11-May-2025 22:26:38 UTC] PHP Warning:  Attempt to read property "post_type" on null in /wordpress/wp-content/plugins/cashpress/client_type.php on line 216
[11-May-2025 22:26:38 UTC] PHP Warning:  Attempt to read property "post_type" on null in /wordpress/wp-content/plugins/cashpress/client_type.php on line 219
[11-May-2025 22:26:38 UTC] PHP Warning:  Undefined array key "csp-nonce" in /wordpress/wp-content/plugins/cashpress/proposal_type.php on line 1169
[11-May-2025 22:26:38 UTC] PHP Warning:  Undefined array key "csp-nonce" in /wordpress/wp-content/plugins/cashpress/invoice_type.php on line 1176
[11-May-2025 22:26:38 UTC] PHP Warning:  Attempt to read property "post_type" on null in /wordpress/wp-content/plugins/cashpress/client_type.php on line 213
[11-May-2025 22:26:38 UTC] PHP Warning:  Attempt to read property "post_type" on null in /wordpress/wp-content/plugins/cashpress/client_type.php on line 216
[11-May-2025 22:26:38 UTC] PHP Warning:  Attempt to read property "post_type" on null in /wordpress/wp-content/plugins/cashpress/client_type.php on line 219
[11-May-2025 22:26:38 UTC] PHP Warning:  Undefined array key "csp-nonce" in /wordpress/wp-content/plugins/cashpress/proposal_type.php on line 1169
[11-May-2025 22:26:38 UTC] PHP Warning:  Undefined array key "csp-nonce" in /wordpress/wp-content/plugins/cashpress/invoice_type.php on line 1176
[11-May-2025 22:26:48 UTC] PHP Warning:  Attempt to read property "post_type" on null in /wordpress/wp-content/plugins/cashpress/client_type.php on line 213
[11-May-2025 22:26:48 UTC] PHP Warning:  Attempt to read property "post_type" on null in /wordpress/wp-content/plugins/cashpress/client_type.php on line 216
[11-May-2025 22:26:48 UTC] PHP Warning:  Attempt to read property "post_type" on null in /wordpress/wp-content/plugins/cashpress/client_type.php on line 219
[11-May-2025 22:26:48 UTC] PHP Warning:  Undefined array key "csp-nonce" in /wordpress/wp-content/plugins/cashpress/proposal_type.php on line 1169
[11-May-2025 22:26:48 UTC] PHP Warning:  Undefined array key "csp-nonce" in /wordpress/wp-content/plugins/cashpress/invoice_type.php on line 1176
[11-May-2025 22:26:48 UTC] PHP Warning:  Attempt to read property "post_type" on null in /wordpress/wp-content/plugins/cashpress/client_type.php on line 213
[11-May-2025 22:26:48 UTC] PHP Warning:  Attempt to read property "post_type" on null in /wordpress/wp-content/plugins/cashpress/client_type.php on line 216
[11-May-2025 22:26:48 UTC] PHP Warning:  Attempt to read property "post_type" on null in /wordpress/wp-content/plugins/cashpress/client_type.php on line 219
[11-May-2025 22:26:48 UTC] PHP Warning:  Undefined array key "csp-nonce" in /wordpress/wp-content/plugins/cashpress/proposal_type.php on line 1169
[11-May-2025 22:26:48 UTC] PHP Warning:  Undefined array key "csp-nonce" in /wordpress/wp-content/plugins/cashpress/invoice_type.php on line 1176
[11-May-2025 22:29:18 UTC] PHP Warning:  Undefined array key "page" in /wordpress/wp-content/plugins/checkout-subscription/classes/class-vwcs-checkout-subscription.php on line 13
[11-May-2025 22:29:18 UTC] PHP Warning:  Undefined variable $address_fields in /wordpress/wp-content/plugins/checkout-subscription/classes/class-vwcs-checkout-subscription.php on line 19
[11-May-2025 22:29:20 UTC] PHP Warning:  Undefined array key "page" in /wordpress/wp-content/plugins/checkout-subscription/classes/class-vwcs-checkout-subscription.php on line 13
[11-May-2025 22:29:20 UTC] PHP Warning:  Undefined variable $address_fields in /wordpress/wp-content/plugins/checkout-subscription/classes/class-vwcs-checkout-subscription.php on line 19
[11-May-2025 22:29:27 UTC] PHP Warning:  Undefined array key "page" in /wordpress/wp-content/plugins/checkout-subscription/classes/class-vwcs-checkout-subscription.php on line 13
[11-May-2025 22:29:27 UTC] PHP Warning:  Undefined variable $address_fields in /wordpress/wp-content/plugins/checkout-subscription/classes/class-vwcs-checkout-subscription.php on line 19
[11-May-2025 22:29:28 UTC] PHP Warning:  Undefined array key "page" in /wordpress/wp-content/plugins/checkout-subscription/classes/class-vwcs-checkout-subscription.php on line 13
[11-May-2025 22:29:28 UTC] PHP Warning:  Undefined variable $address_fields in /wordpress/wp-content/plugins/checkout-subscription/classes/class-vwcs-checkout-subscription.php on line 19
[11-May-2025 22:29:36 UTC] PHP Warning:  Undefined array key "page" in /wordpress/wp-content/plugins/checkout-subscription/classes/class-vwcs-checkout-subscription.php on line 13
[11-May-2025 22:29:36 UTC] PHP Warning:  Undefined variable $address_fields in /wordpress/wp-content/plugins/checkout-subscription/classes/class-vwcs-checkout-subscription.php on line 19
[11-May-2025 22:29:37 UTC] PHP Warning:  Undefined array key "page" in /wordpress/wp-content/plugins/checkout-subscription/classes/class-vwcs-checkout-subscription.php on line 13
[11-May-2025 22:29:37 UTC] PHP Warning:  Undefined variable $address_fields in /wordpress/wp-content/plugins/checkout-subscription/classes/class-vwcs-checkout-subscription.php on line 19
[11-May-2025 22:29:47 UTC] PHP Deprecated:  Function register_widget_control is <strong>deprecated</strong> since version 2.8.0! Use wp_register_widget_control() instead. in /wordpress/wp-includes/functions.php on line 6121
[11-May-2025 22:29:47 UTC] PHP Deprecated:  Function register_sidebar_widget is <strong>deprecated</strong> since version 2.8.0! Use wp_register_sidebar_widget() instead. in /wordpress/wp-includes/functions.php on line 6121
[11-May-2025 22:29:54 UTC] PHP Deprecated:  Function register_widget_control is <strong>deprecated</strong> since version 2.8.0! Use wp_register_widget_control() instead. in /wordpress/wp-includes/functions.php on line 6121
[11-May-2025 22:29:54 UTC] PHP Deprecated:  Function register_sidebar_widget is <strong>deprecated</strong> since version 2.8.0! Use wp_register_sidebar_widget() instead. in /wordpress/wp-includes/functions.php on line 6121
[11-May-2025 22:30:03 UTC] PHP Deprecated:  Function register_widget_control is <strong>deprecated</strong> since version 2.8.0! Use wp_register_widget_control() instead. in /wordpress/wp-includes/functions.php on line 6121
[11-May-2025 22:30:03 UTC] PHP Deprecated:  Function register_sidebar_widget is <strong>deprecated</strong> since version 2.8.0! Use wp_register_sidebar_widget() instead. in /wordpress/wp-includes/functions.php on line 6121
[11-May-2025 22:30:38 UTC] PHP Notice:  Only variables should be passed by reference in /wordpress/wp-content/plugins/cleeng/cleengWP.php on line 29
[11-May-2025 22:30:38 UTC] PHP Notice:  curl_setopt(): CURLOPT_SSL_VERIFYHOST no longer accepts the value 1, value 2 will be used instead in /wordpress/wp-content/plugins/cleeng/php/classes/Client.php on line 541
[11-May-2025 22:30:39 UTC] PHP Fatal error:  Uncaught CleengClientException: Authorization error (404). in /wordpress/wp-content/plugins/cleeng/php/classes/Client.php:557
Stack trace:
#0 /wordpress/wp-content/plugins/cleeng/php/classes/Client.php(891): Cleeng_Client->callApi('registerClientA...', Array)
#1 /wordpress/wp-content/plugins/cleeng/php/classes/Installer.php(115): Cleeng_Client->registerClientApp('My WordPress We...', 'Automatically c...', 'http://127.0.0....')
#2 /wordpress/wp-content/plugins/cleeng/php/classes/Core.php(132): Cleeng_Installer->register_client_app()
#3 /wordpress/wp-content/plugins/cleeng/cleengWP.php(34): Cleeng_Core->setup()
#4 /wordpress/wp-admin/includes/plugin.php(2387): include_once('/wordpress/wp-c...')
#5 /wordpress/wp-admin/includes/plugin.php(673): plugin_sandbox_scrape('cleeng/cleengWP...')
#6 /internal/eval.php(20): activate_plugin('cleeng/cleengWP...')
#7 {main}
  thrown in /wordpress/wp-content/plugins/cleeng/php/classes/Client.php on line 557
[11-May-2025 22:30:47 UTC] PHP Notice:  Only variables should be passed by reference in /wordpress/wp-content/plugins/cleeng/cleengWP.php on line 29
[11-May-2025 22:30:47 UTC] PHP Notice:  curl_setopt(): CURLOPT_SSL_VERIFYHOST no longer accepts the value 1, value 2 will be used instead in /wordpress/wp-content/plugins/cleeng/php/classes/Client.php on line 541
[11-May-2025 22:30:48 UTC] PHP Fatal error:  Uncaught CleengClientException: Authorization error (404). in /wordpress/wp-content/plugins/cleeng/php/classes/Client.php:557
Stack trace:
#0 /wordpress/wp-content/plugins/cleeng/php/classes/Client.php(891): Cleeng_Client->callApi('registerClientA...', Array)
#1 /wordpress/wp-content/plugins/cleeng/php/classes/Installer.php(115): Cleeng_Client->registerClientApp('My WordPress We...', 'Automatically c...', 'http://127.0.0....')
#2 /wordpress/wp-content/plugins/cleeng/php/classes/Core.php(132): Cleeng_Installer->register_client_app()
#3 /wordpress/wp-content/plugins/cleeng/cleengWP.php(34): Cleeng_Core->setup()
#4 /wordpress/wp-admin/includes/plugin.php(2387): include_once('/wordpress/wp-c...')
#5 /wordpress/wp-admin/includes/plugin.php(673): plugin_sandbox_scrape('cleeng/cleengWP...')
#6 /internal/eval.php(20): activate_plugin('cleeng/cleengWP...')
#7 {main}
  thrown in /wordpress/wp-content/plugins/cleeng/php/classes/Client.php on line 557
[11-May-2025 22:30:57 UTC] PHP Notice:  Only variables should be passed by reference in /wordpress/wp-content/plugins/cleeng/cleengWP.php on line 29
[11-May-2025 22:30:57 UTC] PHP Notice:  curl_setopt(): CURLOPT_SSL_VERIFYHOST no longer accepts the value 1, value 2 will be used instead in /wordpress/wp-content/plugins/cleeng/php/classes/Client.php on line 541
[11-May-2025 22:30:57 UTC] PHP Fatal error:  Uncaught CleengClientException: Authorization error (404). in /wordpress/wp-content/plugins/cleeng/php/classes/Client.php:557
Stack trace:
#0 /wordpress/wp-content/plugins/cleeng/php/classes/Client.php(891): Cleeng_Client->callApi('registerClientA...', Array)
#1 /wordpress/wp-content/plugins/cleeng/php/classes/Installer.php(115): Cleeng_Client->registerClientApp('My WordPress We...', 'Automatically c...', 'http://127.0.0....')
#2 /wordpress/wp-content/plugins/cleeng/php/classes/Core.php(132): Cleeng_Installer->register_client_app()
#3 /wordpress/wp-content/plugins/cleeng/cleengWP.php(34): Cleeng_Core->setup()
#4 /wordpress/wp-admin/includes/plugin.php(2387): include_once('/wordpress/wp-c...')
#5 /wordpress/wp-admin/includes/plugin.php(673): plugin_sandbox_scrape('cleeng/cleengWP...')
#6 /internal/eval.php(20): activate_plugin('cleeng/cleengWP...')
#7 {main}
  thrown in /wordpress/wp-content/plugins/cleeng/php/classes/Client.php on line 557
[11-May-2025 22:31:05 UTC] PHP Fatal error:  Uncaught TypeError: call_user_func_array(): Argument #1 ($callback) must be a valid callback, non-static method tm_clicktotweet::activation() cannot be called statically in /wordpress/wp-includes/class-wp-hook.php:324
Stack trace:
#0 /wordpress/wp-includes/class-wp-hook.php(348): WP_Hook->apply_filters('', Array)
#1 /wordpress/wp-includes/plugin.php(517): WP_Hook->do_action(Array)
#2 /wordpress/wp-admin/includes/plugin.php(703): do_action('activate_click-...', false)
#3 /internal/eval.php(20): activate_plugin('click-to-tweet-...')
#4 {main}
  thrown in /wordpress/wp-includes/class-wp-hook.php on line 324
[11-May-2025 22:31:13 UTC] PHP Fatal error:  Uncaught TypeError: call_user_func_array(): Argument #1 ($callback) must be a valid callback, non-static method tm_clicktotweet::activation() cannot be called statically in /wordpress/wp-includes/class-wp-hook.php:324
Stack trace:
#0 /wordpress/wp-includes/class-wp-hook.php(348): WP_Hook->apply_filters('', Array)
#1 /wordpress/wp-includes/plugin.php(517): WP_Hook->do_action(Array)
#2 /wordpress/wp-admin/includes/plugin.php(703): do_action('activate_click-...', false)
#3 /internal/eval.php(20): activate_plugin('click-to-tweet-...')
#4 {main}
  thrown in /wordpress/wp-includes/class-wp-hook.php on line 324
[11-May-2025 22:31:20 UTC] PHP Fatal error:  Uncaught TypeError: call_user_func_array(): Argument #1 ($callback) must be a valid callback, non-static method tm_clicktotweet::activation() cannot be called statically in /wordpress/wp-includes/class-wp-hook.php:324
Stack trace:
#0 /wordpress/wp-includes/class-wp-hook.php(348): WP_Hook->apply_filters('', Array)
#1 /wordpress/wp-includes/plugin.php(517): WP_Hook->do_action(Array)
#2 /wordpress/wp-admin/includes/plugin.php(703): do_action('activate_click-...', false)
#3 /internal/eval.php(20): activate_plugin('click-to-tweet-...')
#4 {main}
  thrown in /wordpress/wp-includes/class-wp-hook.php on line 324
[11-May-2025 22:32:21 UTC] PHP Notice:  Function _load_textdomain_just_in_time was called <strong>incorrectly</strong>. Translation loading for the <code>collapsible-widget-area</code> domain was triggered too early. This is usually an indicator for some code in the plugin or theme running too early. Translations should be loaded at the <code>init</code> action or later. Please see <a href="https://developer.wordpress.org/advanced-administration/debug/debug-wordpress/">Debugging in WordPress</a> for more information. (This message was added in version 6.7.0.) in /wordpress/wp-includes/functions.php on line 6121
[11-May-2025 22:32:30 UTC] PHP Notice:  Function _load_textdomain_just_in_time was called <strong>incorrectly</strong>. Translation loading for the <code>collapsible-widget-area</code> domain was triggered too early. This is usually an indicator for some code in the plugin or theme running too early. Translations should be loaded at the <code>init</code> action or later. Please see <a href="https://developer.wordpress.org/advanced-administration/debug/debug-wordpress/">Debugging in WordPress</a> for more information. (This message was added in version 6.7.0.) in /wordpress/wp-includes/functions.php on line 6121
[11-May-2025 22:32:38 UTC] PHP Notice:  Function _load_textdomain_just_in_time was called <strong>incorrectly</strong>. Translation loading for the <code>collapsible-widget-area</code> domain was triggered too early. This is usually an indicator for some code in the plugin or theme running too early. Translations should be loaded at the <code>init</code> action or later. Please see <a href="https://developer.wordpress.org/advanced-administration/debug/debug-wordpress/">Debugging in WordPress</a> for more information. (This message was added in version 6.7.0.) in /wordpress/wp-includes/functions.php on line 6121
[11-May-2025 22:33:08 UTC] PHP Fatal error:  Array and string offset access syntax with curly braces is no longer supported in /wordpress/wp-content/plugins/comment-refs/inc/Api/Callbacks/AdminCallbacksCrefs.php on line 247
[11-May-2025 22:33:16 UTC] PHP Fatal error:  Array and string offset access syntax with curly braces is no longer supported in /wordpress/wp-content/plugins/comment-refs/inc/Api/Callbacks/AdminCallbacksCrefs.php on line 247
[11-May-2025 22:33:24 UTC] PHP Fatal error:  Array and string offset access syntax with curly braces is no longer supported in /wordpress/wp-content/plugins/comment-refs/inc/Api/Callbacks/AdminCallbacksCrefs.php on line 247
[11-May-2025 22:34:30 UTC] PHP Notice:  Function wp_enqueue_script was called <strong>incorrectly</strong>. Scripts and styles should not be registered or enqueued until the <code>wp_enqueue_scripts</code>, <code>admin_enqueue_scripts</code>, or <code>login_enqueue_scripts</code> hooks. This notice was triggered by the <code>converterScript</code> handle. Please see <a href="https://developer.wordpress.org/advanced-administration/debug/debug-wordpress/">Debugging in WordPress</a> for more information. (This message was added in version 3.3.0.) in /wordpress/wp-includes/functions.php on line 6121
[11-May-2025 22:34:30 UTC] PHP Deprecated:  Function register_sidebar_widget is <strong>deprecated</strong> since version 2.8.0! Use wp_register_sidebar_widget() instead. in /wordpress/wp-includes/functions.php on line 6121
[11-May-2025 22:34:30 UTC] PHP Deprecated:  Function register_widget_control is <strong>deprecated</strong> since version 2.8.0! Use wp_register_widget_control() instead. in /wordpress/wp-includes/functions.php on line 6121
[11-May-2025 22:34:39 UTC] PHP Notice:  Function wp_enqueue_script was called <strong>incorrectly</strong>. Scripts and styles should not be registered or enqueued until the <code>wp_enqueue_scripts</code>, <code>admin_enqueue_scripts</code>, or <code>login_enqueue_scripts</code> hooks. This notice was triggered by the <code>converterScript</code> handle. Please see <a href="https://developer.wordpress.org/advanced-administration/debug/debug-wordpress/">Debugging in WordPress</a> for more information. (This message was added in version 3.3.0.) in /wordpress/wp-includes/functions.php on line 6121
[11-May-2025 22:34:39 UTC] PHP Deprecated:  Function register_sidebar_widget is <strong>deprecated</strong> since version 2.8.0! Use wp_register_sidebar_widget() instead. in /wordpress/wp-includes/functions.php on line 6121
[11-May-2025 22:34:39 UTC] PHP Deprecated:  Function register_widget_control is <strong>deprecated</strong> since version 2.8.0! Use wp_register_widget_control() instead. in /wordpress/wp-includes/functions.php on line 6121
[11-May-2025 22:34:48 UTC] PHP Notice:  Function wp_enqueue_script was called <strong>incorrectly</strong>. Scripts and styles should not be registered or enqueued until the <code>wp_enqueue_scripts</code>, <code>admin_enqueue_scripts</code>, or <code>login_enqueue_scripts</code> hooks. This notice was triggered by the <code>converterScript</code> handle. Please see <a href="https://developer.wordpress.org/advanced-administration/debug/debug-wordpress/">Debugging in WordPress</a> for more information. (This message was added in version 3.3.0.) in /wordpress/wp-includes/functions.php on line 6121
[11-May-2025 22:34:48 UTC] PHP Deprecated:  Function register_sidebar_widget is <strong>deprecated</strong> since version 2.8.0! Use wp_register_sidebar_widget() instead. in /wordpress/wp-includes/functions.php on line 6121
[11-May-2025 22:34:48 UTC] PHP Deprecated:  Function register_widget_control is <strong>deprecated</strong> since version 2.8.0! Use wp_register_widget_control() instead. in /wordpress/wp-includes/functions.php on line 6121
[11-May-2025 22:35:32 UTC] PHP Warning:  Undefined variable $post in /wordpress/wp-content/plugins/content-types-wordpress-plugin/content-types-wordpress-plugin.php on line 21
[11-May-2025 22:35:32 UTC] PHP Warning:  Undefined property: stdClass::$post_type in /wordpress/wp-content/plugins/content-types-wordpress-plugin/content-types-wordpress-plugin.php on line 69
[11-May-2025 22:35:32 UTC] PHP Warning:  Undefined array key "post_type" in /wordpress/wp-content/plugins/content-types-wordpress-plugin/content-types-wordpress-plugin.php on line 69
[11-May-2025 22:35:33 UTC] PHP Warning:  Undefined variable $post in /wordpress/wp-content/plugins/content-types-wordpress-plugin/content-types-wordpress-plugin.php on line 21
[11-May-2025 22:35:33 UTC] PHP Warning:  Undefined property: stdClass::$post_type in /wordpress/wp-content/plugins/content-types-wordpress-plugin/content-types-wordpress-plugin.php on line 69
[11-May-2025 22:35:33 UTC] PHP Warning:  Undefined array key "post_type" in /wordpress/wp-content/plugins/content-types-wordpress-plugin/content-types-wordpress-plugin.php on line 69
[11-May-2025 22:35:33 UTC] PHP Warning:  Undefined array key "use_category" in /wordpress/wp-content/plugins/content-types-wordpress-plugin/content-types-wordpress-plugin.php on line 201
[11-May-2025 22:35:33 UTC] PHP Warning:  Undefined array key "use_tags" in /wordpress/wp-content/plugins/content-types-wordpress-plugin/content-types-wordpress-plugin.php on line 249
[11-May-2025 22:35:41 UTC] PHP Warning:  Undefined variable $post in /wordpress/wp-content/plugins/content-types-wordpress-plugin/content-types-wordpress-plugin.php on line 21
[11-May-2025 22:35:41 UTC] PHP Warning:  Undefined property: stdClass::$post_type in /wordpress/wp-content/plugins/content-types-wordpress-plugin/content-types-wordpress-plugin.php on line 69
[11-May-2025 22:35:41 UTC] PHP Warning:  Undefined array key "post_type" in /wordpress/wp-content/plugins/content-types-wordpress-plugin/content-types-wordpress-plugin.php on line 69
[11-May-2025 22:35:42 UTC] PHP Warning:  Undefined variable $post in /wordpress/wp-content/plugins/content-types-wordpress-plugin/content-types-wordpress-plugin.php on line 21
[11-May-2025 22:35:42 UTC] PHP Warning:  Undefined property: stdClass::$post_type in /wordpress/wp-content/plugins/content-types-wordpress-plugin/content-types-wordpress-plugin.php on line 69
[11-May-2025 22:35:42 UTC] PHP Warning:  Undefined array key "post_type" in /wordpress/wp-content/plugins/content-types-wordpress-plugin/content-types-wordpress-plugin.php on line 69
[11-May-2025 22:35:42 UTC] PHP Warning:  Undefined array key "use_category" in /wordpress/wp-content/plugins/content-types-wordpress-plugin/content-types-wordpress-plugin.php on line 201
[11-May-2025 22:35:42 UTC] PHP Warning:  Undefined array key "use_tags" in /wordpress/wp-content/plugins/content-types-wordpress-plugin/content-types-wordpress-plugin.php on line 249
[11-May-2025 22:35:50 UTC] PHP Warning:  Undefined variable $post in /wordpress/wp-content/plugins/content-types-wordpress-plugin/content-types-wordpress-plugin.php on line 21
[11-May-2025 22:35:50 UTC] PHP Warning:  Undefined property: stdClass::$post_type in /wordpress/wp-content/plugins/content-types-wordpress-plugin/content-types-wordpress-plugin.php on line 69
[11-May-2025 22:35:50 UTC] PHP Warning:  Undefined array key "post_type" in /wordpress/wp-content/plugins/content-types-wordpress-plugin/content-types-wordpress-plugin.php on line 69
[11-May-2025 22:35:51 UTC] PHP Warning:  Undefined variable $post in /wordpress/wp-content/plugins/content-types-wordpress-plugin/content-types-wordpress-plugin.php on line 21
[11-May-2025 22:35:51 UTC] PHP Warning:  Undefined property: stdClass::$post_type in /wordpress/wp-content/plugins/content-types-wordpress-plugin/content-types-wordpress-plugin.php on line 69
[11-May-2025 22:35:51 UTC] PHP Warning:  Undefined array key "post_type" in /wordpress/wp-content/plugins/content-types-wordpress-plugin/content-types-wordpress-plugin.php on line 69
[11-May-2025 22:35:51 UTC] PHP Warning:  Undefined array key "use_category" in /wordpress/wp-content/plugins/content-types-wordpress-plugin/content-types-wordpress-plugin.php on line 201
[11-May-2025 22:35:51 UTC] PHP Warning:  Undefined array key "use_tags" in /wordpress/wp-content/plugins/content-types-wordpress-plugin/content-types-wordpress-plugin.php on line 249
[11-May-2025 22:36:25 UTC] PHP Warning:  Undefined variable $wp_version in /wordpress/wp-content/plugins/custom-fields-list-generator/cflg.php on line 183
[11-May-2025 22:36:33 UTC] PHP Warning:  Undefined variable $wp_version in /wordpress/wp-content/plugins/custom-fields-list-generator/cflg.php on line 183
[11-May-2025 22:36:42 UTC] PHP Warning:  Undefined variable $wp_version in /wordpress/wp-content/plugins/custom-fields-list-generator/cflg.php on line 183

    at Object.onBind (file:///home/runner/work/playground-tester/playground-tester/node_modules/@wp-playground/cli/index.js:237:15)
    at process.processTicksAndRejections (node:internal/process/task_queues:105:5)
    at async V (file:///home/runner/work/playground-tester/playground-tester/node_modules/@wp-playground/cli/index.js:64:10)
    at async ja (file:///home/runner/work/playground-tester/playground-tester/node_modules/@wp-playground/cli/cli.js:8161:12) {
  [cause]: Error: Error when executing the blueprint step #1 ({"step":"installPlugin","pluginData":{"resource":"wordpress.org/plugins","slug":"cwis-antivirus-malware-detected"},"options":{"activate":true}}) : Plugin /wordpress/wp-content/plugins/cwis-antivirus-malware-detected could not be activated – WordPress exited with no error. Sometimes, when $_SERVER or site options are not configured correctly, WordPress exits early with a 301 redirect. Inspect the "debug" logs in the console for more details.
      at Object.run (file:///home/runner/work/playground-tester/playground-tester/node_modules/@wp-playground/blueprints/index.js:12449:19)
      at process.processTicksAndRejections (node:internal/process/task_queues:105:5)
      at async ms (file:///home/runner/work/playground-tester/playground-tester/node_modules/@wp-playground/blueprints/index.js:12552:3)
      ... 2 lines matching cause stack trace ...
      at async ja (file:///home/runner/work/playground-tester/playground-tester/node_modules/@wp-playground/cli/cli.js:8161:12) {
    [cause]: Error: Plugin /wordpress/wp-content/plugins/cwis-antivirus-malware-detected could not be activated – WordPress exited with no error. Sometimes, when $_SERVER or site options are not configured correctly, WordPress exits early with a 301 redirect. Inspect the "debug" logs in the console for more details.
        at wr (file:///home/runner/work/playground-tester/playground-tester/node_modules/@wp-playground/blueprints/index.js:119:51)
        at process.processTicksAndRejections (node:internal/process/task_queues:105:5)
        at async Object.gt [as installPlugin] (file:///home/runner/work/playground-tester/playground-tester/node_modules/@wp-playground/blueprints/index.js:974:42)
        at async g (file:///home/runner/work/playground-tester/playground-tester/node_modules/@wp-playground/blueprints/index.js:12517:30)
        at async Object.run (file:///home/runner/work/playground-tester/playground-tester/node_modules/@wp-playground/blueprints/index.js:12446:23)
        at async ms (file:///home/runner/work/playground-tester/playground-tester/node_modules/@wp-playground/blueprints/index.js:12552:3)
        at async Object.onBind (file:///home/runner/work/playground-tester/playground-tester/node_modules/@wp-playground/cli/index.js:227:48)
        at async V (file:///home/runner/work/playground-tester/playground-tester/node_modules/@wp-playground/cli/index.js:64:10)
        at async ja (file:///home/runner/work/playground-tester/playground-tester/node_modules/@wp-playground/cli/cli.js:8161:12)
  }
}

Node.js v23.11.0
