file:///home/runner/work/playground-tester/playground-tester/node_modules/@wp-playground/cli/index.js:237
        throw new Error(y, { cause: u });
              ^

Error: [30-Apr-2025 03:14:01 UTC] PHP Notice:  Function _load_textdomain_just_in_time was called <strong>incorrectly</strong>. Translation loading for the <code>woocommerce</code> domain was triggered too early. This is usually an indicator for some code in the plugin or theme running too early. Translations should be loaded at the <code>init</code> action or later. Please see <a href="https://developer.wordpress.org/advanced-administration/debug/debug-wordpress/">Debugging in WordPress</a> for more information. (This message was added in version 6.7.0.) in /wordpress/wp-includes/functions.php on line 6121
[30-Apr-2025 03:14:09 UTC] PHP Notice:  Function _load_textdomain_just_in_time was called <strong>incorrectly</strong>. Translation loading for the <code>tradesafe-payment-gateway</code> domain was triggered too early. This is usually an indicator for some code in the plugin or theme running too early. Translations should be loaded at the <code>init</code> action or later. Please see <a href="https://developer.wordpress.org/advanced-administration/debug/debug-wordpress/">Debugging in WordPress</a> for more information. (This message was added in version 6.7.0.) in /wordpress/wp-includes/functions.php on line 6121
[30-Apr-2025 03:14:44 UTC] PHP Notice:  Function _load_textdomain_just_in_time was called <strong>incorrectly</strong>. Translation loading for the <code>woocommerce</code> domain was triggered too early. This is usually an indicator for some code in the plugin or theme running too early. Translations should be loaded at the <code>init</code> action or later. Please see <a href="https://developer.wordpress.org/advanced-administration/debug/debug-wordpress/">Debugging in WordPress</a> for more information. (This message was added in version 6.7.0.) in /wordpress/wp-includes/functions.php on line 6121
[30-Apr-2025 03:14:51 UTC] PHP Notice:  Function _load_textdomain_just_in_time was called <strong>incorrectly</strong>. Translation loading for the <code>tradesafe-payment-gateway</code> domain was triggered too early. This is usually an indicator for some code in the plugin or theme running too early. Translations should be loaded at the <code>init</code> action or later. Please see <a href="https://developer.wordpress.org/advanced-administration/debug/debug-wordpress/">Debugging in WordPress</a> for more information. (This message was added in version 6.7.0.) in /wordpress/wp-includes/functions.php on line 6121
[30-Apr-2025 03:15:28 UTC] PHP Notice:  Function _load_textdomain_just_in_time was called <strong>incorrectly</strong>. Translation loading for the <code>woocommerce</code> domain was triggered too early. This is usually an indicator for some code in the plugin or theme running too early. Translations should be loaded at the <code>init</code> action or later. Please see <a href="https://developer.wordpress.org/advanced-administration/debug/debug-wordpress/">Debugging in WordPress</a> for more information. (This message was added in version 6.7.0.) in /wordpress/wp-includes/functions.php on line 6121
[30-Apr-2025 03:15:35 UTC] PHP Notice:  Function _load_textdomain_just_in_time was called <strong>incorrectly</strong>. Translation loading for the <code>tradesafe-payment-gateway</code> domain was triggered too early. This is usually an indicator for some code in the plugin or theme running too early. Translations should be loaded at the <code>init</code> action or later. Please see <a href="https://developer.wordpress.org/advanced-administration/debug/debug-wordpress/">Debugging in WordPress</a> for more information. (This message was added in version 6.7.0.) in /wordpress/wp-includes/functions.php on line 6121
[30-Apr-2025 03:16:15 UTC] PHP Fatal error:  Uncaught Exception: GMP extension seems not to be installed in /wordpress/wp-content/plugins/trezor-connect-plugin/BitcoinECDSA.php:11
Stack trace:
#0 /wordpress/wp-content/plugins/trezor-connect-plugin/WPTrezorPlugin.php(28): require()
#1 /wordpress/wp-admin/includes/plugin.php(2387): include_once('/wordpress/wp-c...')
#2 /wordpress/wp-admin/includes/plugin.php(673): plugin_sandbox_scrape('trezor-connect-...')
#3 /internal/eval.php(20): activate_plugin('trezor-connect-...')
#4 {main}
  thrown in /wordpress/wp-content/plugins/trezor-connect-plugin/BitcoinECDSA.php on line 11
[30-Apr-2025 03:16:22 UTC] PHP Fatal error:  Uncaught Exception: GMP extension seems not to be installed in /wordpress/wp-content/plugins/trezor-connect-plugin/BitcoinECDSA.php:11
Stack trace:
#0 /wordpress/wp-content/plugins/trezor-connect-plugin/WPTrezorPlugin.php(28): require()
#1 /wordpress/wp-admin/includes/plugin.php(2387): include_once('/wordpress/wp-c...')
#2 /wordpress/wp-admin/includes/plugin.php(673): plugin_sandbox_scrape('trezor-connect-...')
#3 /internal/eval.php(20): activate_plugin('trezor-connect-...')
#4 {main}
  thrown in /wordpress/wp-content/plugins/trezor-connect-plugin/BitcoinECDSA.php on line 11
[30-Apr-2025 03:16:30 UTC] PHP Fatal error:  Uncaught Exception: GMP extension seems not to be installed in /wordpress/wp-content/plugins/trezor-connect-plugin/BitcoinECDSA.php:11
Stack trace:
#0 /wordpress/wp-content/plugins/trezor-connect-plugin/WPTrezorPlugin.php(28): require()
#1 /wordpress/wp-admin/includes/plugin.php(2387): include_once('/wordpress/wp-c...')
#2 /wordpress/wp-admin/includes/plugin.php(673): plugin_sandbox_scrape('trezor-connect-...')
#3 /internal/eval.php(20): activate_plugin('trezor-connect-...')
#4 {main}
  thrown in /wordpress/wp-content/plugins/trezor-connect-plugin/BitcoinECDSA.php on line 11
[30-Apr-2025 03:16:38 UTC] PHP Warning:  Undefined array key "HTTP_USER_AGENT" in /wordpress/wp-content/plugins/triggered-messaging-solution-for-e-commerce/core/Helper.php on line 67
[30-Apr-2025 03:16:38 UTC] PHP Fatal error:  Uncaught Error: Call to undefined function create_function() in /wordpress/wp-content/plugins/triggered-messaging-solution-for-e-commerce/index.php:222
Stack trace:
#0 /wordpress/wp-admin/includes/plugin.php(2387): include_once()
#1 /wordpress/wp-admin/includes/plugin.php(673): plugin_sandbox_scrape('triggered-messa...')
#2 /internal/eval.php(20): activate_plugin('triggered-messa...')
#3 {main}
  thrown in /wordpress/wp-content/plugins/triggered-messaging-solution-for-e-commerce/index.php on line 222
[30-Apr-2025 03:16:46 UTC] PHP Warning:  Undefined array key "HTTP_USER_AGENT" in /wordpress/wp-content/plugins/triggered-messaging-solution-for-e-commerce/core/Helper.php on line 67
[30-Apr-2025 03:16:46 UTC] PHP Fatal error:  Uncaught Error: Call to undefined function create_function() in /wordpress/wp-content/plugins/triggered-messaging-solution-for-e-commerce/index.php:222
Stack trace:
#0 /wordpress/wp-admin/includes/plugin.php(2387): include_once()
#1 /wordpress/wp-admin/includes/plugin.php(673): plugin_sandbox_scrape('triggered-messa...')
#2 /internal/eval.php(20): activate_plugin('triggered-messa...')
#3 {main}
  thrown in /wordpress/wp-content/plugins/triggered-messaging-solution-for-e-commerce/index.php on line 222
[30-Apr-2025 03:16:54 UTC] PHP Warning:  Undefined array key "HTTP_USER_AGENT" in /wordpress/wp-content/plugins/triggered-messaging-solution-for-e-commerce/core/Helper.php on line 67
[30-Apr-2025 03:16:54 UTC] PHP Fatal error:  Uncaught Error: Call to undefined function create_function() in /wordpress/wp-content/plugins/triggered-messaging-solution-for-e-commerce/index.php:222
Stack trace:
#0 /wordpress/wp-admin/includes/plugin.php(2387): include_once()
#1 /wordpress/wp-admin/includes/plugin.php(673): plugin_sandbox_scrape('triggered-messa...')
#2 /internal/eval.php(20): activate_plugin('triggered-messa...')
#3 {main}
  thrown in /wordpress/wp-content/plugins/triggered-messaging-solution-for-e-commerce/index.php on line 222
[30-Apr-2025 03:17:57 UTC] PHP Fatal error:  Uncaught Error: Undefined constant "ic_setup_target_box" in /wordpress/wp-content/plugins/target-box/target-box-plugin.php:16
Stack trace:
#0 /wordpress/wp-admin/includes/plugin.php(2387): include_once()
#1 /wordpress/wp-admin/includes/plugin.php(673): plugin_sandbox_scrape('target-box/targ...')
#2 /internal/eval.php(20): activate_plugin('target-box/targ...')
#3 {main}
  thrown in /wordpress/wp-content/plugins/target-box/target-box-plugin.php on line 16
[30-Apr-2025 03:18:05 UTC] PHP Fatal error:  Uncaught Error: Undefined constant "ic_setup_target_box" in /wordpress/wp-content/plugins/target-box/target-box-plugin.php:16
Stack trace:
#0 /wordpress/wp-admin/includes/plugin.php(2387): include_once()
#1 /wordpress/wp-admin/includes/plugin.php(673): plugin_sandbox_scrape('target-box/targ...')
#2 /internal/eval.php(20): activate_plugin('target-box/targ...')
#3 {main}
  thrown in /wordpress/wp-content/plugins/target-box/target-box-plugin.php on line 16
[30-Apr-2025 03:18:12 UTC] PHP Fatal error:  Uncaught Error: Undefined constant "ic_setup_target_box" in /wordpress/wp-content/plugins/target-box/target-box-plugin.php:16
Stack trace:
#0 /wordpress/wp-admin/includes/plugin.php(2387): include_once()
#1 /wordpress/wp-admin/includes/plugin.php(673): plugin_sandbox_scrape('target-box/targ...')
#2 /internal/eval.php(20): activate_plugin('target-box/targ...')
#3 {main}
  thrown in /wordpress/wp-content/plugins/target-box/target-box-plugin.php on line 16
[30-Apr-2025 03:22:01 UTC] PHP Deprecated:  Required parameter $user_access_key follows optional parameter $method in /wordpress/wp-content/plugins/tweetable/mh_twitter_class.php on line 494
[30-Apr-2025 03:22:01 UTC] PHP Deprecated:  Required parameter $user_access_secret follows optional parameter $method in /wordpress/wp-content/plugins/tweetable/mh_twitter_class.php on line 494
[30-Apr-2025 03:22:01 UTC] PHP Deprecated:  Required parameter $data follows optional parameter $method in /wordpress/wp-content/plugins/tweetable/mh_twitter_class.php on line 494
[30-Apr-2025 03:22:02 UTC] PHP Deprecated:  Required parameter $user_access_key follows optional parameter $method in /wordpress/wp-content/plugins/tweetable/mh_twitter_class.php on line 494
[30-Apr-2025 03:22:02 UTC] PHP Deprecated:  Required parameter $user_access_secret follows optional parameter $method in /wordpress/wp-content/plugins/tweetable/mh_twitter_class.php on line 494
[30-Apr-2025 03:22:02 UTC] PHP Deprecated:  Required parameter $data follows optional parameter $method in /wordpress/wp-content/plugins/tweetable/mh_twitter_class.php on line 494
[30-Apr-2025 03:22:09 UTC] PHP Deprecated:  Required parameter $user_access_key follows optional parameter $method in /wordpress/wp-content/plugins/tweetable/mh_twitter_class.php on line 494
[30-Apr-2025 03:22:09 UTC] PHP Deprecated:  Required parameter $user_access_secret follows optional parameter $method in /wordpress/wp-content/plugins/tweetable/mh_twitter_class.php on line 494
[30-Apr-2025 03:22:09 UTC] PHP Deprecated:  Required parameter $data follows optional parameter $method in /wordpress/wp-content/plugins/tweetable/mh_twitter_class.php on line 494
[30-Apr-2025 03:22:10 UTC] PHP Deprecated:  Required parameter $user_access_key follows optional parameter $method in /wordpress/wp-content/plugins/tweetable/mh_twitter_class.php on line 494
[30-Apr-2025 03:22:10 UTC] PHP Deprecated:  Required parameter $user_access_secret follows optional parameter $method in /wordpress/wp-content/plugins/tweetable/mh_twitter_class.php on line 494
[30-Apr-2025 03:22:10 UTC] PHP Deprecated:  Required parameter $data follows optional parameter $method in /wordpress/wp-content/plugins/tweetable/mh_twitter_class.php on line 494
[30-Apr-2025 03:22:18 UTC] PHP Deprecated:  Required parameter $user_access_key follows optional parameter $method in /wordpress/wp-content/plugins/tweetable/mh_twitter_class.php on line 494
[30-Apr-2025 03:22:18 UTC] PHP Deprecated:  Required parameter $user_access_secret follows optional parameter $method in /wordpress/wp-content/plugins/tweetable/mh_twitter_class.php on line 494
[30-Apr-2025 03:22:18 UTC] PHP Deprecated:  Required parameter $data follows optional parameter $method in /wordpress/wp-content/plugins/tweetable/mh_twitter_class.php on line 494
[30-Apr-2025 03:22:19 UTC] PHP Deprecated:  Required parameter $user_access_key follows optional parameter $method in /wordpress/wp-content/plugins/tweetable/mh_twitter_class.php on line 494
[30-Apr-2025 03:22:19 UTC] PHP Deprecated:  Required parameter $user_access_secret follows optional parameter $method in /wordpress/wp-content/plugins/tweetable/mh_twitter_class.php on line 494
[30-Apr-2025 03:22:19 UTC] PHP Deprecated:  Required parameter $data follows optional parameter $method in /wordpress/wp-content/plugins/tweetable/mh_twitter_class.php on line 494
[30-Apr-2025 03:22:55 UTC] PHP Fatal error:  Uncaught Error: Call to undefined function create_function() in /wordpress/wp-content/plugins/twitwi/twitwi.php:40
Stack trace:
#0 /wordpress/wp-admin/includes/plugin.php(2387): include_once()
#1 /wordpress/wp-admin/includes/plugin.php(673): plugin_sandbox_scrape('twitwi/twitwi.p...')
#2 /internal/eval.php(20): activate_plugin('twitwi/twitwi.p...')
#3 {main}
  thrown in /wordpress/wp-content/plugins/twitwi/twitwi.php on line 40
[30-Apr-2025 03:23:02 UTC] PHP Fatal error:  Uncaught Error: Call to undefined function create_function() in /wordpress/wp-content/plugins/twitwi/twitwi.php:40
Stack trace:
#0 /wordpress/wp-admin/includes/plugin.php(2387): include_once()
#1 /wordpress/wp-admin/includes/plugin.php(673): plugin_sandbox_scrape('twitwi/twitwi.p...')
#2 /internal/eval.php(20): activate_plugin('twitwi/twitwi.p...')
#3 {main}
  thrown in /wordpress/wp-content/plugins/twitwi/twitwi.php on line 40

    at Object.onBind (file:///home/runner/work/playground-tester/playground-tester/node_modules/@wp-playground/cli/index.js:237:15)
    at process.processTicksAndRejections (node:internal/process/task_queues:105:5)
    at async V (file:///home/runner/work/playground-tester/playground-tester/node_modules/@wp-playground/cli/index.js:64:10)
    at async ja (file:///home/runner/work/playground-tester/playground-tester/node_modules/@wp-playground/cli/cli.js:8161:12) {
  [cause]: Error: Error when executing the blueprint step #1 ({"step":"installPlugin","pluginData":{"resource":"wordpress.org/plugins","slug":"twitwi"},"options":{"activate":true}}) : PHP.run() failed with exit code 255 and the following output: 
      at Object.run (file:///home/runner/work/playground-tester/playground-tester/node_modules/@wp-playground/blueprints/index.js:12449:19)
      at process.processTicksAndRejections (node:internal/process/task_queues:105:5)
      at async ms (file:///home/runner/work/playground-tester/playground-tester/node_modules/@wp-playground/blueprints/index.js:12552:3)
      ... 2 lines matching cause stack trace ...
      at async ja (file:///home/runner/work/playground-tester/playground-tester/node_modules/@wp-playground/cli/cli.js:8161:12) {
    [cause]: PHPExecutionFailureError: PHP.run() failed with exit code 255 and the following output: 
        at PHP.run (file:///home/runner/work/playground-tester/playground-tester/node_modules/@php-wasm/universal/index.js:987:19)
        at process.processTicksAndRejections (node:internal/process/task_queues:105:5)
        at async wr (file:///home/runner/work/playground-tester/playground-tester/node_modules/@wp-playground/blueprints/index.js:33:39)
        at async Object.gt [as installPlugin] (file:///home/runner/work/playground-tester/playground-tester/node_modules/@wp-playground/blueprints/index.js:974:42)
        at async g (file:///home/runner/work/playground-tester/playground-tester/node_modules/@wp-playground/blueprints/index.js:12517:30)
        at async Object.run (file:///home/runner/work/playground-tester/playground-tester/node_modules/@wp-playground/blueprints/index.js:12446:23)
        at async ms (file:///home/runner/work/playground-tester/playground-tester/node_modules/@wp-playground/blueprints/index.js:12552:3)
        at async Object.onBind (file:///home/runner/work/playground-tester/playground-tester/node_modules/@wp-playground/cli/index.js:227:48)
        at async V (file:///home/runner/work/playground-tester/playground-tester/node_modules/@wp-playground/cli/index.js:64:10)
        at async ja (file:///home/runner/work/playground-tester/playground-tester/node_modules/@wp-playground/cli/cli.js:8161:12) {
      response: PHPResponse {
        httpStatusCode: 500,
        headers: {
          'x-powered-by': [ 'PHP/8.0.30-dev' ],
          'set-cookie': [ 'PHPSESSID=0413550fa2655687babe8385f0f068bc; path=/' ],
          expires: [ 'Thu, 19 Nov 1981 08:52:00 GMT' ],
          'cache-control': [ 'no-store, no-cache, must-revalidate' ],
          pragma: [ 'no-cache' ],
          'content-type': [ 'text/html; charset=UTF-8' ]
        },
        bytes: Uint8Array(0) [],
        exitCode: 255,
        errors: ''
      },
      source: 'request'
    }
  }
}

Node.js v23.11.0
