[
{"message":"file:///home/runner/work/playground-tester/playground-tester/node_modules/@wp-playground/cli/run-cli-j-geJYS3.js:325\n        throw new Error($, { cause: h });\n              ^\n","level":"FATAL","type":"PLAYGROUND","test":"jspi-boot","plugin":"stickyadz","details":"file:///home/runner/work/playground-tester/playground-tester/node_modules/@wp-playground/cli/run-cli-j-geJYS3.js:325\n        throw new Error($, { cause: h });\n              ^\n","log":"/tmp/tmp.X63EPBMdr6"}
,
{"message":"Required parameter $value follows optional parameter $dim in /wordpress/wp-content/plugins/simple-category-icons/simple_category_icons.php on line 237","level":"DEPRECATED","type":"PHP","test":"jspi-boot","plugin":"stickyadz","details":"[16-Jun-2025 07:00:47 UTC] PHP Deprecated:  Required parameter $value follows optional parameter $dim in /wordpress/wp-content/plugins/simple-category-icons/simple_category_icons.php on line 237","log":"/logs/plugins/s/stickyadz/error.json"}
,
{"message":"Required parameter $value follows optional parameter $dim in /wordpress/wp-content/plugins/simple-category-icons/simple_category_icons.php on line 237","level":"DEPRECATED","type":"PHP","test":"jspi-boot","plugin":"stickyadz","details":"[16-Jun-2025 07:00:48 UTC] PHP Deprecated:  Required parameter $value follows optional parameter $dim in /wordpress/wp-content/plugins/simple-category-icons/simple_category_icons.php on line 237","log":"/logs/plugins/s/stickyadz/error.json"}
,
{"message":"Required parameter $value follows optional parameter $dim in /wordpress/wp-content/plugins/simple-category-icons/simple_category_icons.php on line 237","level":"DEPRECATED","type":"PHP","test":"jspi-boot","plugin":"stickyadz","details":"[16-Jun-2025 07:00:57 UTC] PHP Deprecated:  Required parameter $value follows optional parameter $dim in /wordpress/wp-content/plugins/simple-category-icons/simple_category_icons.php on line 237","log":"/logs/plugins/s/stickyadz/error.json"}
,
{"message":"Required parameter $value follows optional parameter $dim in /wordpress/wp-content/plugins/simple-category-icons/simple_category_icons.php on line 237","level":"DEPRECATED","type":"PHP","test":"jspi-boot","plugin":"stickyadz","details":"[16-Jun-2025 07:00:58 UTC] PHP Deprecated:  Required parameter $value follows optional parameter $dim in /wordpress/wp-content/plugins/simple-category-icons/simple_category_icons.php on line 237","log":"/logs/plugins/s/stickyadz/error.json"}
,
{"message":"Required parameter $value follows optional parameter $dim in /wordpress/wp-content/plugins/simple-category-icons/simple_category_icons.php on line 237","level":"DEPRECATED","type":"PHP","test":"jspi-boot","plugin":"stickyadz","details":"[16-Jun-2025 07:01:07 UTC] PHP Deprecated:  Required parameter $value follows optional parameter $dim in /wordpress/wp-content/plugins/simple-category-icons/simple_category_icons.php on line 237","log":"/logs/plugins/s/stickyadz/error.json"}
,
{"message":"Required parameter $value follows optional parameter $dim in /wordpress/wp-content/plugins/simple-category-icons/simple_category_icons.php on line 237","level":"DEPRECATED","type":"PHP","test":"jspi-boot","plugin":"stickyadz","details":"[16-Jun-2025 07:01:08 UTC] PHP Deprecated:  Required parameter $value follows optional parameter $dim in /wordpress/wp-content/plugins/simple-category-icons/simple_category_icons.php on line 237","log":"/logs/plugins/s/stickyadz/error.json"}
,
{"message":"Function _load_textdomain_just_in_time was called <strong>incorrectly</strong>. Translation loading for the <code>scroll-back-to-top</code> domain was triggered too early. This is usually an indicator for some code in the plugin or theme running too early. Translations should be loaded at the <code>init</code> action or later. Please see <a href=\"https://developer.wordpress.org/advanced-administration/debug/debug-wordpress/\">Debugging in WordPress</a> for more information. (This message was added in version 6.7.0.) in /wordpress/wp-includes/functions.php on line 6121","level":"NOTICE","type":"PHP","test":"jspi-boot","plugin":"stickyadz","details":"[16-Jun-2025 07:03:48 UTC] PHP Notice:  Function _load_textdomain_just_in_time was called <strong>incorrectly</strong>. Translation loading for the <code>scroll-back-to-top</code> domain was triggered too early. This is usually an indicator for some code in the plugin or theme running too early. Translations should be loaded at the <code>init</code> action or later. Please see <a href=\"https://developer.wordpress.org/advanced-administration/debug/debug-wordpress/\">Debugging in WordPress</a> for more information. (This message was added in version 6.7.0.) in /wordpress/wp-includes/functions.php on line 6121","log":"/logs/plugins/s/stickyadz/error.json"}
,
{"message":"Function _load_textdomain_just_in_time was called <strong>incorrectly</strong>. Translation loading for the <code>scroll-back-to-top</code> domain was triggered too early. This is usually an indicator for some code in the plugin or theme running too early. Translations should be loaded at the <code>init</code> action or later. Please see <a href=\"https://developer.wordpress.org/advanced-administration/debug/debug-wordpress/\">Debugging in WordPress</a> for more information. (This message was added in version 6.7.0.) in /wordpress/wp-includes/functions.php on line 6121","level":"NOTICE","type":"PHP","test":"jspi-boot","plugin":"stickyadz","details":"[16-Jun-2025 07:03:58 UTC] PHP Notice:  Function _load_textdomain_just_in_time was called <strong>incorrectly</strong>. Translation loading for the <code>scroll-back-to-top</code> domain was triggered too early. This is usually an indicator for some code in the plugin or theme running too early. Translations should be loaded at the <code>init</code> action or later. Please see <a href=\"https://developer.wordpress.org/advanced-administration/debug/debug-wordpress/\">Debugging in WordPress</a> for more information. (This message was added in version 6.7.0.) in /wordpress/wp-includes/functions.php on line 6121","log":"/logs/plugins/s/stickyadz/error.json"}
,
{"message":"Function _load_textdomain_just_in_time was called <strong>incorrectly</strong>. Translation loading for the <code>scroll-back-to-top</code> domain was triggered too early. This is usually an indicator for some code in the plugin or theme running too early. Translations should be loaded at the <code>init</code> action or later. Please see <a href=\"https://developer.wordpress.org/advanced-administration/debug/debug-wordpress/\">Debugging in WordPress</a> for more information. (This message was added in version 6.7.0.) in /wordpress/wp-includes/functions.php on line 6121","level":"NOTICE","type":"PHP","test":"jspi-boot","plugin":"stickyadz","details":"[16-Jun-2025 07:04:08 UTC] PHP Notice:  Function _load_textdomain_just_in_time was called <strong>incorrectly</strong>. Translation loading for the <code>scroll-back-to-top</code> domain was triggered too early. This is usually an indicator for some code in the plugin or theme running too early. Translations should be loaded at the <code>init</code> action or later. Please see <a href=\"https://developer.wordpress.org/advanced-administration/debug/debug-wordpress/\">Debugging in WordPress</a> for more information. (This message was added in version 6.7.0.) in /wordpress/wp-includes/functions.php on line 6121","log":"/logs/plugins/s/stickyadz/error.json"}
,
{"message":"Uncaught Exception: DateTimeZone::__construct(): Unknown or bad timezone () in /wordpress/wp-content/plugins/simple-schedule-notice/simple-schedule-notice.php:47","level":"FATAL","type":"PHP","test":"jspi-boot","plugin":"stickyadz","details":"[16-Jun-2025 07:05:35 UTC] PHP Fatal error:  Uncaught Exception: DateTimeZone::__construct(): Unknown or bad timezone () in /wordpress/wp-content/plugins/simple-schedule-notice/simple-schedule-notice.php:47\nStack trace:\n#0 /wordpress/wp-content/plugins/simple-schedule-notice/simple-schedule-notice.php(47): DateTimeZone->__construct('')\n#1 /wordpress/wp-content/plugins/simple-schedule-notice/simple-schedule-notice.php(944): Simple_Schedulenotice_Class->__construct()\n#2 /wordpress/wp-admin/includes/plugin.php(2387): include_once('/wordpress/wp-c...')\n#3 /wordpress/wp-admin/includes/plugin.php(673): plugin_sandbox_scrape('simple-schedule...')\n#4 /internal/eval.php(20): activate_plugin('simple-schedule...')\n#5 {main}\n  thrown in /wordpress/wp-content/plugins/simple-schedule-notice/simple-schedule-notice.php on line 47","log":"/logs/plugins/s/stickyadz/error.json"}
,
{"message":"Uncaught Exception: DateTimeZone::__construct(): Unknown or bad timezone () in /wordpress/wp-content/plugins/simple-schedule-notice/simple-schedule-notice.php:47","level":"FATAL","type":"PHP","test":"jspi-boot","plugin":"stickyadz","details":"[16-Jun-2025 07:05:43 UTC] PHP Fatal error:  Uncaught Exception: DateTimeZone::__construct(): Unknown or bad timezone () in /wordpress/wp-content/plugins/simple-schedule-notice/simple-schedule-notice.php:47\nStack trace:\n#0 /wordpress/wp-content/plugins/simple-schedule-notice/simple-schedule-notice.php(47): DateTimeZone->__construct('')\n#1 /wordpress/wp-content/plugins/simple-schedule-notice/simple-schedule-notice.php(944): Simple_Schedulenotice_Class->__construct()\n#2 /wordpress/wp-admin/includes/plugin.php(2387): include_once('/wordpress/wp-c...')\n#3 /wordpress/wp-admin/includes/plugin.php(673): plugin_sandbox_scrape('simple-schedule...')\n#4 /internal/eval.php(20): activate_plugin('simple-schedule...')\n#5 {main}\n  thrown in /wordpress/wp-content/plugins/simple-schedule-notice/simple-schedule-notice.php on line 47","log":"/logs/plugins/s/stickyadz/error.json"}
,
{"message":"Uncaught Exception: DateTimeZone::__construct(): Unknown or bad timezone () in /wordpress/wp-content/plugins/simple-schedule-notice/simple-schedule-notice.php:47","level":"FATAL","type":"PHP","test":"jspi-boot","plugin":"stickyadz","details":"[16-Jun-2025 07:05:52 UTC] PHP Fatal error:  Uncaught Exception: DateTimeZone::__construct(): Unknown or bad timezone () in /wordpress/wp-content/plugins/simple-schedule-notice/simple-schedule-notice.php:47\nStack trace:\n#0 /wordpress/wp-content/plugins/simple-schedule-notice/simple-schedule-notice.php(47): DateTimeZone->__construct('')\n#1 /wordpress/wp-content/plugins/simple-schedule-notice/simple-schedule-notice.php(944): Simple_Schedulenotice_Class->__construct()\n#2 /wordpress/wp-admin/includes/plugin.php(2387): include_once('/wordpress/wp-c...')\n#3 /wordpress/wp-admin/includes/plugin.php(673): plugin_sandbox_scrape('simple-schedule...')\n#4 /internal/eval.php(20): activate_plugin('simple-schedule...')\n#5 {main}\n  thrown in /wordpress/wp-content/plugins/simple-schedule-notice/simple-schedule-notice.php on line 47","log":"/logs/plugins/s/stickyadz/error.json"}
,
{"message":"Function get_currentuserinfo is <strong>deprecated</strong> since version 4.5.0! Use wp_get_current_user() instead. in /wordpress/wp-includes/functions.php on line 6121","level":"DEPRECATED","type":"PHP","test":"jspi-boot","plugin":"stickyadz","details":"[16-Jun-2025 07:07:25 UTC] PHP Deprecated:  Function get_currentuserinfo is <strong>deprecated</strong> since version 4.5.0! Use wp_get_current_user() instead. in /wordpress/wp-includes/functions.php on line 6121","log":"/logs/plugins/s/stickyadz/error.json"}
,
{"message":"Uncaught Error: Non-static method sp_postComponent::enqueueBaseJS() cannot be called statically in /wordpress/wp-content/plugins/smartpost-templates/components/component/sp_postComponent.php:152","level":"FATAL","type":"PHP","test":"jspi-boot","plugin":"stickyadz","details":"[16-Jun-2025 07:07:26 UTC] PHP Fatal error:  Uncaught Error: Non-static method sp_postComponent::enqueueBaseJS() cannot be called statically in /wordpress/wp-content/plugins/smartpost-templates/components/component/sp_postComponent.php:152\nStack trace:\n#0 /wordpress/wp-content/plugins/smartpost-templates/smartpost.php(47): sp_postComponent::init_post_component()\n#1 /wordpress/wp-content/plugins/smartpost-templates/smartpost.php(198): smartpost->__construct()\n#2 /wordpress/wp-admin/includes/plugin.php(2387): include_once('/wordpress/wp-c...')\n#3 /wordpress/wp-admin/includes/plugin.php(673): plugin_sandbox_scrape('smartpost-templ...')\n#4 /internal/eval.php(20): activate_plugin('smartpost-templ...')\n#5 {main}\n  thrown in /wordpress/wp-content/plugins/smartpost-templates/components/component/sp_postComponent.php on line 152","log":"/logs/plugins/s/stickyadz/error.json"}
,
{"message":"Function get_currentuserinfo is <strong>deprecated</strong> since version 4.5.0! Use wp_get_current_user() instead. in /wordpress/wp-includes/functions.php on line 6121","level":"DEPRECATED","type":"PHP","test":"jspi-boot","plugin":"stickyadz","details":"[16-Jun-2025 07:07:35 UTC] PHP Deprecated:  Function get_currentuserinfo is <strong>deprecated</strong> since version 4.5.0! Use wp_get_current_user() instead. in /wordpress/wp-includes/functions.php on line 6121","log":"/logs/plugins/s/stickyadz/error.json"}
,
{"message":"Uncaught Error: Non-static method sp_postComponent::enqueueBaseJS() cannot be called statically in /wordpress/wp-content/plugins/smartpost-templates/components/component/sp_postComponent.php:152","level":"FATAL","type":"PHP","test":"jspi-boot","plugin":"stickyadz","details":"[16-Jun-2025 07:07:35 UTC] PHP Fatal error:  Uncaught Error: Non-static method sp_postComponent::enqueueBaseJS() cannot be called statically in /wordpress/wp-content/plugins/smartpost-templates/components/component/sp_postComponent.php:152\nStack trace:\n#0 /wordpress/wp-content/plugins/smartpost-templates/smartpost.php(47): sp_postComponent::init_post_component()\n#1 /wordpress/wp-content/plugins/smartpost-templates/smartpost.php(198): smartpost->__construct()\n#2 /wordpress/wp-admin/includes/plugin.php(2387): include_once('/wordpress/wp-c...')\n#3 /wordpress/wp-admin/includes/plugin.php(673): plugin_sandbox_scrape('smartpost-templ...')\n#4 /internal/eval.php(20): activate_plugin('smartpost-templ...')\n#5 {main}\n  thrown in /wordpress/wp-content/plugins/smartpost-templates/components/component/sp_postComponent.php on line 152","log":"/logs/plugins/s/stickyadz/error.json"}
,
{"message":"Function get_currentuserinfo is <strong>deprecated</strong> since version 4.5.0! Use wp_get_current_user() instead. in /wordpress/wp-includes/functions.php on line 6121","level":"DEPRECATED","type":"PHP","test":"jspi-boot","plugin":"stickyadz","details":"[16-Jun-2025 07:07:45 UTC] PHP Deprecated:  Function get_currentuserinfo is <strong>deprecated</strong> since version 4.5.0! Use wp_get_current_user() instead. in /wordpress/wp-includes/functions.php on line 6121","log":"/logs/plugins/s/stickyadz/error.json"}
,
{"message":"Uncaught Error: Non-static method sp_postComponent::enqueueBaseJS() cannot be called statically in /wordpress/wp-content/plugins/smartpost-templates/components/component/sp_postComponent.php:152","level":"FATAL","type":"PHP","test":"jspi-boot","plugin":"stickyadz","details":"[16-Jun-2025 07:07:45 UTC] PHP Fatal error:  Uncaught Error: Non-static method sp_postComponent::enqueueBaseJS() cannot be called statically in /wordpress/wp-content/plugins/smartpost-templates/components/component/sp_postComponent.php:152\nStack trace:\n#0 /wordpress/wp-content/plugins/smartpost-templates/smartpost.php(47): sp_postComponent::init_post_component()\n#1 /wordpress/wp-content/plugins/smartpost-templates/smartpost.php(198): smartpost->__construct()\n#2 /wordpress/wp-admin/includes/plugin.php(2387): include_once('/wordpress/wp-c...')\n#3 /wordpress/wp-admin/includes/plugin.php(673): plugin_sandbox_scrape('smartpost-templ...')\n#4 /internal/eval.php(20): activate_plugin('smartpost-templ...')\n#5 {main}\n  thrown in /wordpress/wp-content/plugins/smartpost-templates/components/component/sp_postComponent.php on line 152\n\n    at Object.onBind (file:///home/runner/work/playground-tester/playground-tester/node_modules/@wp-playground/cli/run-cli-j-geJYS3.js:325:15)\n    at process.processTicksAndRejections (node:internal/process/task_queues:105:5)\n    at async re (file:///home/runner/work/playground-tester/playground-tester/node_modules/@wp-playground/cli/run-cli-j-geJYS3.js:149:10) {\n  [cause]: Error: Error when executing the blueprint step #1 ({\"step\":\"installPlugin\",\"pluginData\":{\"resource\":\"wordpress.org/plugins\",\"slug\":\"stickyadz\"},\"options\":{\"activate\":true}}) : Could not download \"https://downloads.wordpress.org/plugin/stickyadz.latest-stable.zip\".\n  \t\t\t\tCheck if the URL is correct and the server is reachable.\n  \t\t\t\tIf it is reachable, the server might be blocking the request.\n  \t\t\t\tCheck the browser console and network tabs for more information.\n  \n  \t\t\t\t## Does the console show the error \"No 'Access-Control-Allow-Origin' header\"?\n  \n  \t\t\t\tThis means the server that hosts your file does not allow requests from other sites\n  \t\t\t\t(cross-origin requests, or CORS).\tYou need to move the asset to a server that allows\n  \t\t\t\tcross-origin file downloads. Learn more about CORS at\n  \t\t\t\thttps://developer.mozilla.org/en-US/docs/Web/HTTP/CORS.\n  \n  \t\t\t\tIf your file is on GitHub, load it from \"raw.githubusercontent.com\".\n  \t\t\t\tHere's how to do that:\n  \n  \t\t\t\t1. Start with the original GitHub URL of the file. For example:\n  \t\t\t\thttps://github.com/username/repository/blob/branch/filename.\n  \t\t\t\t2. Replace \"github.com\" with \"raw.githubusercontent.com\".\n  \t\t\t\t3. Remove the \"/blob/\" part of the URL.\n  \n  \t\t\t\tThe resulting URL should look like this:\n  \t\t\t\thttps://raw.githubusercontent.com/username/repository/branch/filename\n  \n  \t\t\t\tError:\n  \t\t\t\tError: Could not download \"https://downloads.wordpress.org/plugin/stickyadz.latest-stable.zip\"\n      at Object.run (file:///home/runner/work/playground-tester/playground-tester/node_modules/@wp-playground/blueprints/index.js:12093:19)\n      at process.processTicksAndRejections (node:internal/process/task_queues:105:5)\n      at async ys (file:///home/runner/work/playground-tester/playground-tester/node_modules/@wp-playground/blueprints/index.js:12196:3)\n      at async Object.onBind (file:///home/runner/work/playground-tester/playground-tester/node_modules/@wp-playground/cli/run-cli-j-geJYS3.js:315:48)\n      at async re (file:///home/runner/work/playground-tester/playground-tester/node_modules/@wp-playground/cli/run-cli-j-geJYS3.js:149:10) {\n    [cause]: Error: Could not download \"https://downloads.wordpress.org/plugin/stickyadz.latest-stable.zip\".\n    \t\t\t\tCheck if the URL is correct and the server is reachable.\n    \t\t\t\tIf it is reachable, the server might be blocking the request.\n    \t\t\t\tCheck the browser console and network tabs for more information.\n    \n    \t\t\t\t## Does the console show the error \"No 'Access-Control-Allow-Origin' header\"?\n    \n    \t\t\t\tThis means the server that hosts your file does not allow requests from other sites\n    \t\t\t\t(cross-origin requests, or CORS).\tYou need to move the asset to a server that allows\n    \t\t\t\tcross-origin file downloads. Learn more about CORS at\n    \t\t\t\thttps://developer.mozilla.org/en-US/docs/Web/HTTP/CORS.\n    \n    \t\t\t\tIf your file is on GitHub, load it from \"raw.githubusercontent.com\".\n    \t\t\t\tHere's how to do that:\n    \n    \t\t\t\t1. Start with the original GitHub URL of the file. For example:\n    \t\t\t\thttps://github.com/username/repository/blob/branch/filename.\n    \t\t\t\t2. Replace \"github.com\" with \"raw.githubusercontent.com\".\n    \t\t\t\t3. Remove the \"/blob/\" part of the URL.\n    \n    \t\t\t\tThe resulting URL should look like this:\n    \t\t\t\thttps://raw.githubusercontent.com/username/repository/branch/filename\n    \n    \t\t\t\tError:\n    \t\t\t\tError: Could not download \"https://downloads.wordpress.org/plugin/stickyadz.latest-stable.zip\"\n        at Ct.resolve (file:///home/runner/work/playground-tester/playground-tester/node_modules/@wp-playground/blueprints/index.js:1129:13)\n        at process.processTicksAndRejections (node:internal/process/task_queues:105:5)\n        at async _.run (file:///home/runner/work/playground-tester/playground-tester/node_modules/@php-wasm/util/index.js:45:14)\n  }\n}\n\n","log":"/logs/plugins/s/stickyadz/error.json"}
]
