file:///home/runner/work/playground-tester/playground-tester/node_modules/@wp-playground/cli/index.js:237
        throw new Error(y, { cause: u });
              ^

Error: [19-Apr-2025 19:45:17 UTC] PHP Fatal error:  Uncaught TypeError: call_user_func_array(): Argument #1 ($callback) must be a valid callback, non-static method WAC_Authority_Checker::wac_wpa_install() cannot be called statically in /wordpress/wp-includes/class-wp-hook.php:324
Stack trace:
#0 /wordpress/wp-includes/class-wp-hook.php(348): WP_Hook->apply_filters('', Array)
#1 /wordpress/wp-includes/plugin.php(517): WP_Hook->do_action(Array)
#2 /wordpress/wp-admin/includes/plugin.php(703): do_action('activate_websit...', false)
#3 /internal/eval.php(20): activate_plugin('website-authori...')
#4 {main}
  thrown in /wordpress/wp-includes/class-wp-hook.php on line 324
[19-Apr-2025 19:45:25 UTC] PHP Fatal error:  Uncaught TypeError: call_user_func_array(): Argument #1 ($callback) must be a valid callback, non-static method WAC_Authority_Checker::wac_wpa_install() cannot be called statically in /wordpress/wp-includes/class-wp-hook.php:324
Stack trace:
#0 /wordpress/wp-includes/class-wp-hook.php(348): WP_Hook->apply_filters('', Array)
#1 /wordpress/wp-includes/plugin.php(517): WP_Hook->do_action(Array)
#2 /wordpress/wp-admin/includes/plugin.php(703): do_action('activate_websit...', false)
#3 /internal/eval.php(20): activate_plugin('website-authori...')
#4 {main}
  thrown in /wordpress/wp-includes/class-wp-hook.php on line 324
[19-Apr-2025 19:45:33 UTC] PHP Fatal error:  Uncaught TypeError: call_user_func_array(): Argument #1 ($callback) must be a valid callback, non-static method WAC_Authority_Checker::wac_wpa_install() cannot be called statically in /wordpress/wp-includes/class-wp-hook.php:324
Stack trace:
#0 /wordpress/wp-includes/class-wp-hook.php(348): WP_Hook->apply_filters('', Array)
#1 /wordpress/wp-includes/plugin.php(517): WP_Hook->do_action(Array)
#2 /wordpress/wp-admin/includes/plugin.php(703): do_action('activate_websit...', false)
#3 /internal/eval.php(20): activate_plugin('website-authori...')
#4 {main}
  thrown in /wordpress/wp-includes/class-wp-hook.php on line 324
[19-Apr-2025 19:45:43 UTC] PHP Notice:  Function _load_textdomain_just_in_time was called <strong>incorrectly</strong>. Translation loading for the <code>xh_social</code> domain was triggered too early. This is usually an indicator for some code in the plugin or theme running too early. Translations should be loaded at the <code>init</code> action or later. Please see <a href="https://developer.wordpress.org/advanced-administration/debug/debug-wordpress/">Debugging in WordPress</a> for more information. (This message was added in version 6.7.0.) in /wordpress/wp-includes/functions.php on line 6121
[19-Apr-2025 19:45:53 UTC] WordPress database error <div style="clear:both">&nbsp;</div>
<div class="queries" style="clear:both;margin-bottom:2px;border:red dotted thin;">
<p>MySQL query:</p>
<p>ALTER TABLE `wp_xh_social_channel_wechat` ADD COLUMN `uid` varchar(64) NULL DEFAULT NULL;</p>
<p>Queries made or created this session were:</p>
<ol>
<li>Executing: BEGIN | (no parameters)</li>
<li>Executing: INSERT INTO _mysql_data_types_cache (`table`, `column_or_index`, `mysql_type`)
				VALUES (:table, :column, :datatype)
				ON CONFLICT(`table`, `column_or_index`) DO UPDATE SET `mysql_type` = :datatype
			 | parameters: wp_xh_social_channel_wechat, uid, varchar(64)</li>
<li>Executing: ALTER TABLE wp_xh_social_channel_wechat ADD COLUMN `uid` text NULL DEFAULT NULL; | (no parameters)</li>
<li>Executing: ROLLBACK | (no parameters)</li>
</ol>
</div>
<div style="clear:both;margin-bottom:2px;border:red dotted thin;" class="error_message" style="border-bottom:dotted blue thin;">
Error occurred at line 4117 in Function <code>handle_error</code>. Error message was: SQLSTATE[HY000]: General error: 1 duplicate column name: uid.
</div>
<p>Backtrace:</p>
<pre>#0 /internal/shared/sqlite-database-integration/wp-includes/sqlite/class-wp-sqlite-db.php(287): WP_SQLite_Translator->get_error_message()
#1 /wordpress/wp-content/plugins/wechat-social-login/add-ons/social-wechat/class-xh-social-channel-wechat.php(921): WP_SQLite_DB->query('ALTER TABLE `wp...')
#2 /wordpress/wp-content/plugins/wechat-social-login/add-ons/social-wechat/class-xh-social-channel-wechat.php(872): XH_Social_Channel_Wechat_Model->on_version_101()
#3 /wordpress/wp-content/plugins/wechat-social-login/add-ons/social-wechat/init.php(100): XH_Social_Channel_Wechat_Model->init()
#4 /wordpress/wp-content/plugins/wechat-social-login/init.php(369): XH_Social_Add_On_Social_Wechat->on_install()
#5 /wordpress/wp-includes/class-wp-hook.php(324): XH_Social->_register_activation_hook(false)
#6 /wordpress/wp-includes/class-wp-hook.php(348): WP_Hook->apply_filters('', Array)
#7 /wordpress/wp-includes/plugin.php(517): WP_Hook->do_action(Array)
#8 /wordpress/wp-admin/includes/plugin.php(703): do_action('activate_wechat...', false)
#9 /internal/eval.php(20): activate_plugin('wechat-social-l...')
#10 {main}</pre>
 for query ALTER TABLE `wp_xh_social_channel_wechat` ADD COLUMN `uid` varchar(64) NULL DEFAULT NULL; made by activate_plugin, do_action('activate_wechat-social-login/init.php'), WP_Hook->do_action, WP_Hook->apply_filters, XH_Social->_register_activation_hook, XH_Social_Add_On_Social_Wechat->on_install, XH_Social_Channel_Wechat_Model->init, XH_Social_Channel_Wechat_Model->on_version_101, WP_SQLite_DB->query, WP_SQLite_DB->print_error
[19-Apr-2025 19:45:53 UTC] WordPress database error <div style="clear:both">&nbsp;</div>
<div class="queries" style="clear:both;margin-bottom:2px;border:red dotted thin;">
<p>MySQL query:</p>
<p>ALTER TABLE `wp_xh_social_channel_wechat` ADD UNIQUE INDEX uid_unique(uid);</p>
<p>Queries made or created this session were:</p>
<ol>
<li>Executing: BEGIN | (no parameters)</li>
<li>Executing: INSERT INTO _mysql_data_types_cache (`table`, `column_or_index`, `mysql_type`)
				VALUES (:table, :column, :datatype)
				ON CONFLICT(`table`, `column_or_index`) DO UPDATE SET `mysql_type` = :datatype
			 | parameters: wp_xh_social_channel_wechat, wp_xh_social_channel_wechat__uid_unique, UNIQUE</li>
<li>Executing: CREATE UNIQUE INDEX &quot;wp_xh_social_channel_wechat__uid_unique&quot; ON &quot;wp_xh_social_channel_wechat&quot; (`uid`); | (no parameters)</li>
<li>Executing: ROLLBACK | (no parameters)</li>
</ol>
</div>
<div style="clear:both;margin-bottom:2px;border:red dotted thin;" class="error_message" style="border-bottom:dotted blue thin;">
Error occurred at line 4117 in Function <code>handle_error</code>. Error message was: SQLSTATE[HY000]: General error: 1 index wp_xh_social_channel_wechat__uid_unique already exists.
</div>
<p>Backtrace:</p>
<pre>#0 /internal/shared/sqlite-database-integration/wp-includes/sqlite/class-wp-sqlite-db.php(287): WP_SQLite_Translator->get_error_message()
#1 /wordpress/wp-content/plugins/wechat-social-login/add-ons/social-wechat/class-xh-social-channel-wechat.php(942): WP_SQLite_DB->query('ALTER TABLE `wp...')
#2 /wordpress/wp-content/plugins/wechat-social-login/add-ons/social-wechat/class-xh-social-channel-wechat.php(872): XH_Social_Channel_Wechat_Model->on_version_101()
#3 /wordpress/wp-content/plugins/wechat-social-login/add-ons/social-wechat/init.php(100): XH_Social_Channel_Wechat_Model->init()
#4 /wordpress/wp-content/plugins/wechat-social-login/init.php(369): XH_Social_Add_On_Social_Wechat->on_install()
#5 /wordpress/wp-includes/class-wp-hook.php(324): XH_Social->_register_activation_hook(false)
#6 /wordpress/wp-includes/class-wp-hook.php(348): WP_Hook->apply_filters('', Array)
#7 /wordpress/wp-includes/plugin.php(517): WP_Hook->do_action(Array)
#8 /wordpress/wp-admin/includes/plugin.php(703): do_action('activate_wechat...', false)
#9 /internal/eval.php(20): activate_plugin('wechat-social-l...')
#10 {main}</pre>
 for query ALTER TABLE `wp_xh_social_channel_wechat` ADD UNIQUE INDEX uid_unique(uid); made by activate_plugin, do_action('activate_wechat-social-login/init.php'), WP_Hook->do_action, WP_Hook->apply_filters, XH_Social->_register_activation_hook, XH_Social_Add_On_Social_Wechat->on_install, XH_Social_Channel_Wechat_Model->init, XH_Social_Channel_Wechat_Model->on_version_101, WP_SQLite_DB->query, WP_SQLite_DB->print_error
[19-Apr-2025 19:45:53 UTC] WordPress database error <div style="clear:both">&nbsp;</div>
<div class="queries" style="clear:both;margin-bottom:2px;border:red dotted thin;">
<p>MySQL query:</p>
<p>ALTER TABLE `wp_xh_social_channel_wechat` ADD COLUMN `sp_openid` varchar(128) NULL DEFAULT NULL;</p>
<p>Queries made or created this session were:</p>
<ol>
<li>Executing: BEGIN | (no parameters)</li>
<li>Executing: INSERT INTO _mysql_data_types_cache (`table`, `column_or_index`, `mysql_type`)
				VALUES (:table, :column, :datatype)
				ON CONFLICT(`table`, `column_or_index`) DO UPDATE SET `mysql_type` = :datatype
			 | parameters: wp_xh_social_channel_wechat, sp_openid, varchar(128)</li>
<li>Executing: ALTER TABLE wp_xh_social_channel_wechat ADD COLUMN `sp_openid` text NULL DEFAULT NULL; | (no parameters)</li>
<li>Executing: ROLLBACK | (no parameters)</li>
</ol>
</div>
<div style="clear:both;margin-bottom:2px;border:red dotted thin;" class="error_message" style="border-bottom:dotted blue thin;">
Error occurred at line 4117 in Function <code>handle_error</code>. Error message was: SQLSTATE[HY000]: General error: 1 duplicate column name: sp_openid.
</div>
<p>Backtrace:</p>
<pre>#0 /internal/shared/sqlite-database-integration/wp-includes/sqlite/class-wp-sqlite-db.php(287): WP_SQLite_Translator->get_error_message()
#1 /wordpress/wp-content/plugins/wechat-social-login/add-ons/social-wechat/class-xh-social-channel-wechat.php(883): WP_SQLite_DB->query('ALTER TABLE `wp...')
#2 /wordpress/wp-content/plugins/wechat-social-login/add-ons/social-wechat/init.php(100): XH_Social_Channel_Wechat_Model->init()
#3 /wordpress/wp-content/plugins/wechat-social-login/init.php(369): XH_Social_Add_On_Social_Wechat->on_install()
#4 /wordpress/wp-includes/class-wp-hook.php(324): XH_Social->_register_activation_hook(false)
#5 /wordpress/wp-includes/class-wp-hook.php(348): WP_Hook->apply_filters('', Array)
#6 /wordpress/wp-includes/plugin.php(517): WP_Hook->do_action(Array)
#7 /wordpress/wp-admin/includes/plugin.php(703): do_action('activate_wechat...', false)
#8 /internal/eval.php(20): activate_plugin('wechat-social-l...')
#9 {main}</pre>
 for query ALTER TABLE `wp_xh_social_channel_wechat` ADD COLUMN `sp_openid` varchar(128) NULL DEFAULT NULL; made by activate_plugin, do_action('activate_wechat-social-login/init.php'), WP_Hook->do_action, WP_Hook->apply_filters, XH_Social->_register_activation_hook, XH_Social_Add_On_Social_Wechat->on_install, XH_Social_Channel_Wechat_Model->init, WP_SQLite_DB->query, WP_SQLite_DB->print_error
[19-Apr-2025 19:45:53 UTC] WordPress database error <div style="clear:both">&nbsp;</div>
<div class="queries" style="clear:both;margin-bottom:2px;border:red dotted thin;">
<p>MySQL query:</p>
<p>CREATE TABLE IF NOT EXISTS `wp_xh_sessions` (
				`session_id` BIGINT(20) NOT NULL AUTO_INCREMENT,
				`session_key` CHAR(32) NOT NULL,
				`session_value` LONGTEXT NOT NULL,
				`session_expiry` BIGINT(20) NOT NULL,
				PRIMARY KEY (`session_key`),
				UNIQUE INDEX `session_id` (`session_id`)
				)
				;</p>
<p>Queries made or created this session were:</p>
<ol>
<li>Executing: BEGIN | (no parameters)</li>
<li>Executing: ROLLBACK | (no parameters)</li>
</ol>
</div>
<div style="clear:both;margin-bottom:2px;border:red dotted thin;" class="error_message" style="border-bottom:dotted blue thin;">
Error occurred at line 4117 in Function <code>handle_error</code>. Error message was: Cannot combine AUTOINCREMENT and multiple primary keys in SQLite.
</div>
<p>Backtrace:</p>
<pre>#0 /internal/shared/sqlite-database-integration/wp-includes/sqlite/class-wp-sqlite-db.php(287): WP_SQLite_Translator->get_error_message()
#1 /wordpress/wp-content/plugins/wechat-social-login/includes/class-xh-session-handler.php(532): WP_SQLite_DB->query('CREATE TABLE IF...')
#2 /wordpress/wp-content/plugins/wechat-social-login/init.php(374): XH_Session_Handler_Model->init()
#3 /wordpress/wp-includes/class-wp-hook.php(324): XH_Social->_register_activation_hook(false)
#4 /wordpress/wp-includes/class-wp-hook.php(348): WP_Hook->apply_filters('', Array)
#5 /wordpress/wp-includes/plugin.php(517): WP_Hook->do_action(Array)
#6 /wordpress/wp-admin/includes/plugin.php(703): do_action('activate_wechat...', false)
#7 /internal/eval.php(20): activate_plugin('wechat-social-l...')
#8 {main}</pre>
 for query CREATE TABLE IF NOT EXISTS `wp_xh_sessions` (
				`session_id` BIGINT(20) NOT NULL AUTO_INCREMENT,
				`session_key` CHAR(32) NOT NULL,
				`session_value` LONGTEXT NOT NULL,
				`session_expiry` BIGINT(20) NOT NULL,
				PRIMARY KEY (`session_key`),
				UNIQUE INDEX `session_id` (`session_id`)
				)
				; made by activate_plugin, do_action('activate_wechat-social-login/init.php'), WP_Hook->do_action, WP_Hook->apply_filters, XH_Social->_register_activation_hook, XH_Session_Handler_Model->init, WP_SQLite_DB->query, WP_SQLite_DB->print_error
[19-Apr-2025 19:45:53 UTC] PHP Fatal error:  Uncaught Exception: <div style="clear:both">&nbsp;</div>
<div class="queries" style="clear:both;margin-bottom:2px;border:red dotted thin;">
<p>MySQL query:</p>
<p>CREATE TABLE IF NOT EXISTS `wp_xh_sessions` (
				`session_id` BIGINT(20) NOT NULL AUTO_INCREMENT,
				`session_key` CHAR(32) NOT NULL,
				`session_value` LONGTEXT NOT NULL,
				`session_expiry` BIGINT(20) NOT NULL,
				PRIMARY KEY (`session_key`),
				UNIQUE INDEX `session_id` (`session_id`)
				)
				;</p>
<p>Queries made or created this session were:</p>
<ol>
<li>Executing: BEGIN | (no parameters)</li>
<li>Executing: ROLLBACK | (no parameters)</li>
</ol>
</div>
<div style="clear:both;margin-bottom:2px;border:red dotted thin;" class="error_message" style="border-bottom:dotted blue thin;">
Error occurred at line 4117 in Function <code>handle_error</code>. Error message was: Cannot combine AUTOINCREMENT and multiple primary keys in SQLite.
</div>
<p>Backtrace:</p>
<pre>#0 /internal/shared/sqlite-database-integration/wp-includes/sqlite/class-wp-sqlite-db.php(287): WP_SQLite_Translator->get_error_message()
#1 /wordpress/wp-content/plugins/wechat-social-login/includes/class-xh-session-handler.php(532): WP_SQLite_DB->query('CREATE TABLE IF...')
#2 /wordpress/wp-content/plugins/wechat-social-login/init.php(374): XH_Session_Handler_Model->init()
#3 /wordpress/wp-includes/class-wp-hook.php(324): XH_Social->_register_activation_hook(false)
#4 /wordpress/wp-includes/class-wp-hook.php(348): WP_Hook->apply_filters('', Array)
#5 /wordpress/wp-includes/plugin.php(517): WP_Hook->do_action(Array)
#6 /wordpress/wp-admin/includes/plugin.php(703): do_action('activate_wechat...', false)
#7 /internal/eval.php(20): activate_plugin('wechat-social-l...')
#8 {main}</pre>
 in /wordpress/wp-content/plugins/wechat-social-login/includes/class-xh-session-handler.php:535
Stack trace:
#0 /wordpress/wp-content/plugins/wechat-social-login/init.php(374): XH_Session_Handler_Model->init()
#1 /wordpress/wp-includes/class-wp-hook.php(324): XH_Social->_register_activation_hook(false)
#2 /wordpress/wp-includes/class-wp-hook.php(348): WP_Hook->apply_filters('', Array)
#3 /wordpress/wp-includes/plugin.php(517): WP_Hook->do_action(Array)
#4 /wordpress/wp-admin/includes/plugin.php(703): do_action('activate_wechat...', false)
#5 /internal/eval.php(20): activate_plugin('wechat-social-l...')
#6 {main}
  thrown in /wordpress/wp-content/plugins/wechat-social-login/includes/class-xh-session-handler.php on line 535
[19-Apr-2025 19:46:04 UTC] WordPress database error <div style="clear:both">&nbsp;</div>
<div class="queries" style="clear:both;margin-bottom:2px;border:red dotted thin;">
<p>MySQL query:</p>
<p>ALTER TABLE `wp_xh_social_channel_wechat` ADD COLUMN `uid` varchar(64) NULL DEFAULT NULL;</p>
<p>Queries made or created this session were:</p>
<ol>
<li>Executing: BEGIN | (no parameters)</li>
<li>Executing: INSERT INTO _mysql_data_types_cache (`table`, `column_or_index`, `mysql_type`)
				VALUES (:table, :column, :datatype)
				ON CONFLICT(`table`, `column_or_index`) DO UPDATE SET `mysql_type` = :datatype
			 | parameters: wp_xh_social_channel_wechat, uid, varchar(64)</li>
<li>Executing: ALTER TABLE wp_xh_social_channel_wechat ADD COLUMN `uid` text NULL DEFAULT NULL; | (no parameters)</li>
<li>Executing: ROLLBACK | (no parameters)</li>
</ol>
</div>
<div style="clear:both;margin-bottom:2px;border:red dotted thin;" class="error_message" style="border-bottom:dotted blue thin;">
Error occurred at line 4117 in Function <code>handle_error</code>. Error message was: SQLSTATE[HY000]: General error: 1 duplicate column name: uid.
</div>
<p>Backtrace:</p>
<pre>#0 /internal/shared/sqlite-database-integration/wp-includes/sqlite/class-wp-sqlite-db.php(287): WP_SQLite_Translator->get_error_message()
#1 /wordpress/wp-content/plugins/wechat-social-login/add-ons/social-wechat/class-xh-social-channel-wechat.php(921): WP_SQLite_DB->query('ALTER TABLE `wp...')
#2 /wordpress/wp-content/plugins/wechat-social-login/add-ons/social-wechat/class-xh-social-channel-wechat.php(872): XH_Social_Channel_Wechat_Model->on_version_101()
#3 /wordpress/wp-content/plugins/wechat-social-login/add-ons/social-wechat/init.php(100): XH_Social_Channel_Wechat_Model->init()
#4 /wordpress/wp-content/plugins/wechat-social-login/init.php(369): XH_Social_Add_On_Social_Wechat->on_install()
#5 /wordpress/wp-includes/class-wp-hook.php(324): XH_Social->_register_activation_hook(false)
#6 /wordpress/wp-includes/class-wp-hook.php(348): WP_Hook->apply_filters('', Array)
#7 /wordpress/wp-includes/plugin.php(517): WP_Hook->do_action(Array)
#8 /wordpress/wp-admin/includes/plugin.php(703): do_action('activate_wechat...', false)
#9 /internal/eval.php(20): activate_plugin('wechat-social-l...')
#10 {main}</pre>
 for query ALTER TABLE `wp_xh_social_channel_wechat` ADD COLUMN `uid` varchar(64) NULL DEFAULT NULL; made by activate_plugin, do_action('activate_wechat-social-login/init.php'), WP_Hook->do_action, WP_Hook->apply_filters, XH_Social->_register_activation_hook, XH_Social_Add_On_Social_Wechat->on_install, XH_Social_Channel_Wechat_Model->init, XH_Social_Channel_Wechat_Model->on_version_101, WP_SQLite_DB->query, WP_SQLite_DB->print_error
[19-Apr-2025 19:46:04 UTC] WordPress database error <div style="clear:both">&nbsp;</div>
<div class="queries" style="clear:both;margin-bottom:2px;border:red dotted thin;">
<p>MySQL query:</p>
<p>ALTER TABLE `wp_xh_social_channel_wechat` ADD UNIQUE INDEX uid_unique(uid);</p>
<p>Queries made or created this session were:</p>
<ol>
<li>Executing: BEGIN | (no parameters)</li>
<li>Executing: INSERT INTO _mysql_data_types_cache (`table`, `column_or_index`, `mysql_type`)
				VALUES (:table, :column, :datatype)
				ON CONFLICT(`table`, `column_or_index`) DO UPDATE SET `mysql_type` = :datatype
			 | parameters: wp_xh_social_channel_wechat, wp_xh_social_channel_wechat__uid_unique, UNIQUE</li>
<li>Executing: CREATE UNIQUE INDEX &quot;wp_xh_social_channel_wechat__uid_unique&quot; ON &quot;wp_xh_social_channel_wechat&quot; (`uid`); | (no parameters)</li>
<li>Executing: ROLLBACK | (no parameters)</li>
</ol>
</div>
<div style="clear:both;margin-bottom:2px;border:red dotted thin;" class="error_message" style="border-bottom:dotted blue thin;">
Error occurred at line 4117 in Function <code>handle_error</code>. Error message was: SQLSTATE[HY000]: General error: 1 index wp_xh_social_channel_wechat__uid_unique already exists.
</div>
<p>Backtrace:</p>
<pre>#0 /internal/shared/sqlite-database-integration/wp-includes/sqlite/class-wp-sqlite-db.php(287): WP_SQLite_Translator->get_error_message()
#1 /wordpress/wp-content/plugins/wechat-social-login/add-ons/social-wechat/class-xh-social-channel-wechat.php(942): WP_SQLite_DB->query('ALTER TABLE `wp...')
#2 /wordpress/wp-content/plugins/wechat-social-login/add-ons/social-wechat/class-xh-social-channel-wechat.php(872): XH_Social_Channel_Wechat_Model->on_version_101()
#3 /wordpress/wp-content/plugins/wechat-social-login/add-ons/social-wechat/init.php(100): XH_Social_Channel_Wechat_Model->init()
#4 /wordpress/wp-content/plugins/wechat-social-login/init.php(369): XH_Social_Add_On_Social_Wechat->on_install()
#5 /wordpress/wp-includes/class-wp-hook.php(324): XH_Social->_register_activation_hook(false)
#6 /wordpress/wp-includes/class-wp-hook.php(348): WP_Hook->apply_filters('', Array)
#7 /wordpress/wp-includes/plugin.php(517): WP_Hook->do_action(Array)
#8 /wordpress/wp-admin/includes/plugin.php(703): do_action('activate_wechat...', false)
#9 /internal/eval.php(20): activate_plugin('wechat-social-l...')
#10 {main}</pre>
 for query ALTER TABLE `wp_xh_social_channel_wechat` ADD UNIQUE INDEX uid_unique(uid); made by activate_plugin, do_action('activate_wechat-social-login/init.php'), WP_Hook->do_action, WP_Hook->apply_filters, XH_Social->_register_activation_hook, XH_Social_Add_On_Social_Wechat->on_install, XH_Social_Channel_Wechat_Model->init, XH_Social_Channel_Wechat_Model->on_version_101, WP_SQLite_DB->query, WP_SQLite_DB->print_error
[19-Apr-2025 19:46:04 UTC] WordPress database error <div style="clear:both">&nbsp;</div>
<div class="queries" style="clear:both;margin-bottom:2px;border:red dotted thin;">
<p>MySQL query:</p>
<p>ALTER TABLE `wp_xh_social_channel_wechat` ADD COLUMN `sp_openid` varchar(128) NULL DEFAULT NULL;</p>
<p>Queries made or created this session were:</p>
<ol>
<li>Executing: BEGIN | (no parameters)</li>
<li>Executing: INSERT INTO _mysql_data_types_cache (`table`, `column_or_index`, `mysql_type`)
				VALUES (:table, :column, :datatype)
				ON CONFLICT(`table`, `column_or_index`) DO UPDATE SET `mysql_type` = :datatype
			 | parameters: wp_xh_social_channel_wechat, sp_openid, varchar(128)</li>
<li>Executing: ALTER TABLE wp_xh_social_channel_wechat ADD COLUMN `sp_openid` text NULL DEFAULT NULL; | (no parameters)</li>
<li>Executing: ROLLBACK | (no parameters)</li>
</ol>
</div>
<div style="clear:both;margin-bottom:2px;border:red dotted thin;" class="error_message" style="border-bottom:dotted blue thin;">
Error occurred at line 4117 in Function <code>handle_error</code>. Error message was: SQLSTATE[HY000]: General error: 1 duplicate column name: sp_openid.
</div>
<p>Backtrace:</p>
<pre>#0 /internal/shared/sqlite-database-integration/wp-includes/sqlite/class-wp-sqlite-db.php(287): WP_SQLite_Translator->get_error_message()
#1 /wordpress/wp-content/plugins/wechat-social-login/add-ons/social-wechat/class-xh-social-channel-wechat.php(883): WP_SQLite_DB->query('ALTER TABLE `wp...')
#2 /wordpress/wp-content/plugins/wechat-social-login/add-ons/social-wechat/init.php(100): XH_Social_Channel_Wechat_Model->init()
#3 /wordpress/wp-content/plugins/wechat-social-login/init.php(369): XH_Social_Add_On_Social_Wechat->on_install()
#4 /wordpress/wp-includes/class-wp-hook.php(324): XH_Social->_register_activation_hook(false)
#5 /wordpress/wp-includes/class-wp-hook.php(348): WP_Hook->apply_filters('', Array)
#6 /wordpress/wp-includes/plugin.php(517): WP_Hook->do_action(Array)
#7 /wordpress/wp-admin/includes/plugin.php(703): do_action('activate_wechat...', false)
#8 /internal/eval.php(20): activate_plugin('wechat-social-l...')
#9 {main}</pre>
 for query ALTER TABLE `wp_xh_social_channel_wechat` ADD COLUMN `sp_openid` varchar(128) NULL DEFAULT NULL; made by activate_plugin, do_action('activate_wechat-social-login/init.php'), WP_Hook->do_action, WP_Hook->apply_filters, XH_Social->_register_activation_hook, XH_Social_Add_On_Social_Wechat->on_install, XH_Social_Channel_Wechat_Model->init, WP_SQLite_DB->query, WP_SQLite_DB->print_error
[19-Apr-2025 19:46:04 UTC] WordPress database error <div style="clear:both">&nbsp;</div>
<div class="queries" style="clear:both;margin-bottom:2px;border:red dotted thin;">
<p>MySQL query:</p>
<p>CREATE TABLE IF NOT EXISTS `wp_xh_sessions` (
				`session_id` BIGINT(20) NOT NULL AUTO_INCREMENT,
				`session_key` CHAR(32) NOT NULL,
				`session_value` LONGTEXT NOT NULL,
				`session_expiry` BIGINT(20) NOT NULL,
				PRIMARY KEY (`session_key`),
				UNIQUE INDEX `session_id` (`session_id`)
				)
				;</p>
<p>Queries made or created this session were:</p>
<ol>
<li>Executing: BEGIN | (no parameters)</li>
<li>Executing: ROLLBACK | (no parameters)</li>
</ol>
</div>
<div style="clear:both;margin-bottom:2px;border:red dotted thin;" class="error_message" style="border-bottom:dotted blue thin;">
Error occurred at line 4117 in Function <code>handle_error</code>. Error message was: Cannot combine AUTOINCREMENT and multiple primary keys in SQLite.
</div>
<p>Backtrace:</p>
<pre>#0 /internal/shared/sqlite-database-integration/wp-includes/sqlite/class-wp-sqlite-db.php(287): WP_SQLite_Translator->get_error_message()
#1 /wordpress/wp-content/plugins/wechat-social-login/includes/class-xh-session-handler.php(532): WP_SQLite_DB->query('CREATE TABLE IF...')
#2 /wordpress/wp-content/plugins/wechat-social-login/init.php(374): XH_Session_Handler_Model->init()
#3 /wordpress/wp-includes/class-wp-hook.php(324): XH_Social->_register_activation_hook(false)
#4 /wordpress/wp-includes/class-wp-hook.php(348): WP_Hook->apply_filters('', Array)
#5 /wordpress/wp-includes/plugin.php(517): WP_Hook->do_action(Array)
#6 /wordpress/wp-admin/includes/plugin.php(703): do_action('activate_wechat...', false)
#7 /internal/eval.php(20): activate_plugin('wechat-social-l...')
#8 {main}</pre>
 for query CREATE TABLE IF NOT EXISTS `wp_xh_sessions` (
				`session_id` BIGINT(20) NOT NULL AUTO_INCREMENT,
				`session_key` CHAR(32) NOT NULL,
				`session_value` LONGTEXT NOT NULL,
				`session_expiry` BIGINT(20) NOT NULL,
				PRIMARY KEY (`session_key`),
				UNIQUE INDEX `session_id` (`session_id`)
				)
				; made by activate_plugin, do_action('activate_wechat-social-login/init.php'), WP_Hook->do_action, WP_Hook->apply_filters, XH_Social->_register_activation_hook, XH_Session_Handler_Model->init, WP_SQLite_DB->query, WP_SQLite_DB->print_error
[19-Apr-2025 19:46:04 UTC] PHP Fatal error:  Uncaught Exception: <div style="clear:both">&nbsp;</div>
<div class="queries" style="clear:both;margin-bottom:2px;border:red dotted thin;">
<p>MySQL query:</p>
<p>CREATE TABLE IF NOT EXISTS `wp_xh_sessions` (
				`session_id` BIGINT(20) NOT NULL AUTO_INCREMENT,
				`session_key` CHAR(32) NOT NULL,
				`session_value` LONGTEXT NOT NULL,
				`session_expiry` BIGINT(20) NOT NULL,
				PRIMARY KEY (`session_key`),
				UNIQUE INDEX `session_id` (`session_id`)
				)
				;</p>
<p>Queries made or created this session were:</p>
<ol>
<li>Executing: BEGIN | (no parameters)</li>
<li>Executing: ROLLBACK | (no parameters)</li>
</ol>
</div>
<div style="clear:both;margin-bottom:2px;border:red dotted thin;" class="error_message" style="border-bottom:dotted blue thin;">
Error occurred at line 4117 in Function <code>handle_error</code>. Error message was: Cannot combine AUTOINCREMENT and multiple primary keys in SQLite.
</div>
<p>Backtrace:</p>
<pre>#0 /internal/shared/sqlite-database-integration/wp-includes/sqlite/class-wp-sqlite-db.php(287): WP_SQLite_Translator->get_error_message()
#1 /wordpress/wp-content/plugins/wechat-social-login/includes/class-xh-session-handler.php(532): WP_SQLite_DB->query('CREATE TABLE IF...')
#2 /wordpress/wp-content/plugins/wechat-social-login/init.php(374): XH_Session_Handler_Model->init()
#3 /wordpress/wp-includes/class-wp-hook.php(324): XH_Social->_register_activation_hook(false)
#4 /wordpress/wp-includes/class-wp-hook.php(348): WP_Hook->apply_filters('', Array)
#5 /wordpress/wp-includes/plugin.php(517): WP_Hook->do_action(Array)
#6 /wordpress/wp-admin/includes/plugin.php(703): do_action('activate_wechat...', false)
#7 /internal/eval.php(20): activate_plugin('wechat-social-l...')
#8 {main}</pre>
 in /wordpress/wp-content/plugins/wechat-social-login/includes/class-xh-session-handler.php:535
Stack trace:
#0 /wordpress/wp-content/plugins/wechat-social-login/init.php(374): XH_Session_Handler_Model->init()
#1 /wordpress/wp-includes/class-wp-hook.php(324): XH_Social->_register_activation_hook(false)
#2 /wordpress/wp-includes/class-wp-hook.php(348): WP_Hook->apply_filters('', Array)
#3 /wordpress/wp-includes/plugin.php(517): WP_Hook->do_action(Array)
#4 /wordpress/wp-admin/includes/plugin.php(703): do_action('activate_wechat...', false)
#5 /internal/eval.php(20): activate_plugin('wechat-social-l...')
#6 {main}
  thrown in /wordpress/wp-content/plugins/wechat-social-login/includes/class-xh-session-handler.php on line 535
[19-Apr-2025 19:48:23 UTC] WordPress database error <div style="clear:both">&nbsp;</div>
<div class="queries" style="clear:both;margin-bottom:2px;border:red dotted thin;">
<p>MySQL query:</p>
<p>CREATE TABLE IF NOT EXISTS wp_npxyz2021_sessions (
     `option_id` bigint(20) unsigned NOT NULL AUTO_INCREMENT,
     `option_name` varchar(191)  NOT NULL,
     `option_value` longtext DEFAULT NULL,
     `expiration` bigint(20) NOT NULL,
     `misc_value` longtext DEFAULT NULL,
     `created` timestamp NOT NULL DEFAULT current_timestamp(),
     `updated` timestamp NOT NULL DEFAULT '0000-00-00 00:00:00',
     PRIMARY KEY (`option_id`),
     UNIQUE KEY `option_name` (`option_name`)
   )  CHARSET=utf8mb4 COLLATE=</p>
<p>Queries made or created this session were:</p>
<ol>
</ol>
</div>
<div style="clear:both;margin-bottom:2px;border:red dotted thin;" class="error_message" style="border-bottom:dotted blue thin;">
Failed to parse the MySQL query.
</div>
<p>Backtrace:</p>
<pre>#0 /internal/shared/sqlite-database-integration/wp-includes/sqlite-ast/class-wp-sqlite-driver.php(690): WP_SQLite_Driver->new_driver_exception('Failed to parse...', 0, Object(WP_SQLite_Driver_Exception))
#1 /internal/shared/sqlite-database-integration/wp-includes/sqlite/class-wp-sqlite-db.php(472): WP_SQLite_Driver->query('CREATE TABLE IF...')
#2 /internal/shared/sqlite-database-integration/wp-includes/sqlite/class-wp-sqlite-db.php(413): WP_SQLite_DB->_do_query('CREATE TABLE IF...')
#3 /wordpress/wp-admin/includes/upgrade.php(3280): WP_SQLite_DB->query('CREATE TABLE IF...')
#4 /wordpress/wp-content/plugins/woo-rfq-for-woocommerce/woo-rfq-for-woocommerce.php(1777): dbDelta(Array)
#5 /wordpress/wp-content/plugins/woo-rfq-for-woocommerce/woo-rfq-for-woocommerce.php(1785): GPLS_WOO_RFQ_activation()
#6 /wordpress/wp-admin/includes/plugin.php(2387): include_once('/wordpress/wp-c...')
#7 /wordpress/wp-admin/includes/plugin.php(673): plugin_sandbox_scrape('woo-rfq-for-woo...')
#8 /internal/eval.php(20): activate_plugin('woo-rfq-for-woo...')
#9 {main}</pre>
 for query CREATE TABLE IF NOT EXISTS wp_npxyz2021_sessions (
     `option_id` bigint(20) unsigned NOT NULL AUTO_INCREMENT,
     `option_name` varchar(191)  NOT NULL,
     `option_value` longtext DEFAULT NULL,
     `expiration` bigint(20) NOT NULL,
     `misc_value` longtext DEFAULT NULL,
     `created` timestamp NOT NULL DEFAULT current_timestamp(),
     `updated` timestamp NOT NULL DEFAULT '0000-00-00 00:00:00',
     PRIMARY KEY (`option_id`),
     UNIQUE KEY `option_name` (`option_name`)
   )  CHARSET=utf8mb4 COLLATE= made by activate_plugin, plugin_sandbox_scrape, include_once('/plugins/woo-rfq-for-woocommerce/woo-rfq-for-woocommerce.php'), GPLS_WOO_RFQ_activation, dbDelta, WP_SQLite_DB->query, WP_SQLite_DB->print_error
[19-Apr-2025 19:48:23 UTC] WordPress database error <div style="clear:both">&nbsp;</div>
<div class="queries" style="clear:both;margin-bottom:2px;border:red dotted thin;">
<p>MySQL query:</p>
<p>CREATE TABLE IF NOT EXISTS wp_npxyz2021_sessions (
     `option_id` bigint(20) unsigned NOT NULL AUTO_INCREMENT,
     `option_name` varchar(191)  NOT NULL,
     `option_value` longtext DEFAULT NULL,
     `expiration` bigint(20) NOT NULL,
     `misc_value` longtext DEFAULT NULL,
     `created` timestamp NOT NULL DEFAULT current_timestamp(),
     `updated` timestamp NOT NULL DEFAULT '0000-00-00 00:00:00',
     PRIMARY KEY (`option_id`),
     UNIQUE KEY `option_name` (`option_name`)
   )  CHARSET=utf8mb4 COLLATE=</p>
<p>Queries made or created this session were:</p>
<ol>
</ol>
</div>
<div style="clear:both;margin-bottom:2px;border:red dotted thin;" class="error_message" style="border-bottom:dotted blue thin;">
Failed to parse the MySQL query.
</div>
<p>Backtrace:</p>
<pre>#0 /internal/shared/sqlite-database-integration/wp-includes/sqlite-ast/class-wp-sqlite-driver.php(690): WP_SQLite_Driver->new_driver_exception('Failed to parse...', 0, Object(WP_SQLite_Driver_Exception))
#1 /internal/shared/sqlite-database-integration/wp-includes/sqlite/class-wp-sqlite-db.php(472): WP_SQLite_Driver->query('CREATE TABLE IF...')
#2 /internal/shared/sqlite-database-integration/wp-includes/sqlite/class-wp-sqlite-db.php(413): WP_SQLite_DB->_do_query('CREATE TABLE IF...')
#3 /wordpress/wp-admin/includes/upgrade.php(3280): WP_SQLite_DB->query('CREATE TABLE IF...')
#4 /wordpress/wp-content/plugins/woo-rfq-for-woocommerce/woo-rfq-for-woocommerce.php(1777): dbDelta(Array)
#5 /wordpress/wp-includes/class-wp-hook.php(324): GPLS_WOO_RFQ_activation(false)
#6 /wordpress/wp-includes/class-wp-hook.php(348): WP_Hook->apply_filters('', Array)
#7 /wordpress/wp-includes/plugin.php(517): WP_Hook->do_action(Array)
#8 /wordpress/wp-admin/includes/plugin.php(703): do_action('activate_woo-rf...', false)
#9 /internal/eval.php(20): activate_plugin('woo-rfq-for-woo...')
#10 {main}</pre>
 for query CREATE TABLE IF NOT EXISTS wp_npxyz2021_sessions (
     `option_id` bigint(20) unsigned NOT NULL AUTO_INCREMENT,
     `option_name` varchar(191)  NOT NULL,
     `option_value` longtext DEFAULT NULL,
     `expiration` bigint(20) NOT NULL,
     `misc_value` longtext DEFAULT NULL,
     `created` timestamp NOT NULL DEFAULT current_timestamp(),
     `updated` timestamp NOT NULL DEFAULT '0000-00-00 00:00:00',
     PRIMARY KEY (`option_id`),
     UNIQUE KEY `option_name` (`option_name`)
   )  CHARSET=utf8mb4 COLLATE= made by activate_plugin, do_action('activate_woo-rfq-for-woocommerce/woo-rfq-for-woocommerce.php'), WP_Hook->do_action, WP_Hook->apply_filters, GPLS_WOO_RFQ_activation, dbDelta, WP_SQLite_DB->query, WP_SQLite_DB->print_error
[19-Apr-2025 19:48:23 UTC] WordPress database error <div style="clear:both">&nbsp;</div>
<div class="queries" style="clear:both;margin-bottom:2px;border:red dotted thin;">
<p>MySQL query:</p>
<p>SELECT option_value
        FROM wp_npxyz2021_sessions 
        WHERE option_name = '_rfqtk_wp_session_9a9abac57e40a13a4aa039b7c9ec3376'  LIMIT 1</p>
<p>Queries made or created this session were:</p>
<ol>
<li>Executing: BEGIN | (no parameters)</li>
<li>Executing: SELECT `option_value` FROM `wp_npxyz2021_sessions` WHERE `option_name` = '_rfqtk_wp_session_9a9abac57e40a13a4aa039b7c9ec3376' LIMIT 1 | (no parameters)</li>
<li>Executing: ROLLBACK | (no parameters)</li>
</ol>
</div>
<div style="clear:both;margin-bottom:2px;border:red dotted thin;" class="error_message" style="border-bottom:dotted blue thin;">
SQLSTATE[HY000]: General error: 1 no such table: wp_npxyz2021_sessions
</div>
<p>Backtrace:</p>
<pre>#0 /internal/shared/sqlite-database-integration/wp-includes/sqlite-ast/class-wp-sqlite-driver.php(690): WP_SQLite_Driver->new_driver_exception('SQLSTATE[HY000]...', 0, Object(PDOException))
#1 /internal/shared/sqlite-database-integration/wp-includes/sqlite/class-wp-sqlite-db.php(472): WP_SQLite_Driver->query('SELECT option_v...')
#2 /internal/shared/sqlite-database-integration/wp-includes/sqlite/class-wp-sqlite-db.php(413): WP_SQLite_DB->_do_query('SELECT option_v...')
#3 /wordpress/wp-includes/class-wpdb.php(3031): WP_SQLite_DB->query('SELECT option_v...')
#4 /wordpress/wp-content/plugins/woo-rfq-for-woocommerce/wp-session-manager/includes/class-wp-session.php(384): wpdb->get_var('SELECT option_v...')
#5 /wordpress/wp-content/plugins/woo-rfq-for-woocommerce/wp-session-manager/includes/class-wp-session.php(186): RFQTK_WP_Session->np_get_session('_rfqtk_wp_sessi...', Array)
#6 /wordpress/wp-content/plugins/woo-rfq-for-woocommerce/wp-session-manager/includes/class-wp-session.php(130): RFQTK_WP_Session->read_data()
#7 /wordpress/wp-content/plugins/woo-rfq-for-woocommerce/wp-session-manager/includes/class-wp-session.php(72): RFQTK_WP_Session->__construct()
#8 /wordpress/wp-content/plugins/woo-rfq-for-woocommerce/wp-session-manager/includes/wp-session.php(127): RFQTK_WP_Session::get_instance()
#9 /wordpress/wp-includes/class-wp-hook.php(324): RFQTK_wp_session_write_close('')
#10 /wordpress/wp-includes/class-wp-hook.php(348): WP_Hook->apply_filters(NULL, Array)
#11 /wordpress/wp-includes/plugin.php(517): WP_Hook->do_action(Array)
#12 /wordpress/wp-includes/load.php(1304): do_action('shutdown')
#13 [internal function]: shutdown_action_hook()
#14 {main}</pre>
 for query SELECT option_value
        FROM wp_npxyz2021_sessions 
        WHERE option_name = '_rfqtk_wp_session_9a9abac57e40a13a4aa039b7c9ec3376'  LIMIT 1 made by shutdown_action_hook, do_action('shutdown'), WP_Hook->do_action, WP_Hook->apply_filters, RFQTK_wp_session_write_close, RFQTK_WP_Session::get_instance, RFQTK_WP_Session->__construct, RFQTK_WP_Session->read_data, RFQTK_WP_Session->np_get_session, WP_SQLite_DB->query, WP_SQLite_DB->print_error
[19-Apr-2025 19:48:23 UTC] WordPress database error <div style="clear:both">&nbsp;</div>
<div class="queries" style="clear:both;margin-bottom:2px;border:red dotted thin;">
<p>MySQL query:</p>
<p>SELECT option_value
        FROM wp_npxyz2021_sessions 
        WHERE option_name = '_rfqtk_wp_session_9a9abac57e40a13a4aa039b7c9ec3376'  LIMIT 1</p>
<p>Queries made or created this session were:</p>
<ol>
<li>Executing: BEGIN | (no parameters)</li>
<li>Executing: SELECT `option_value` FROM `wp_npxyz2021_sessions` WHERE `option_name` = '_rfqtk_wp_session_9a9abac57e40a13a4aa039b7c9ec3376' LIMIT 1 | (no parameters)</li>
<li>Executing: ROLLBACK | (no parameters)</li>
</ol>
</div>
<div style="clear:both;margin-bottom:2px;border:red dotted thin;" class="error_message" style="border-bottom:dotted blue thin;">
SQLSTATE[HY000]: General error: 1 no such table: wp_npxyz2021_sessions
</div>
<p>Backtrace:</p>
<pre>#0 /internal/shared/sqlite-database-integration/wp-includes/sqlite-ast/class-wp-sqlite-driver.php(690): WP_SQLite_Driver->new_driver_exception('SQLSTATE[HY000]...', 0, Object(PDOException))
#1 /internal/shared/sqlite-database-integration/wp-includes/sqlite/class-wp-sqlite-db.php(472): WP_SQLite_Driver->query('SELECT option_v...')
#2 /internal/shared/sqlite-database-integration/wp-includes/sqlite/class-wp-sqlite-db.php(413): WP_SQLite_DB->_do_query('SELECT option_v...')
#3 /wordpress/wp-includes/class-wpdb.php(3031): WP_SQLite_DB->query('SELECT option_v...')
#4 /wordpress/wp-content/plugins/woo-rfq-for-woocommerce/wp-session-manager/includes/class-wp-session.php(395): wpdb->get_var('SELECT option_v...')
#5 /wordpress/wp-content/plugins/woo-rfq-for-woocommerce/wp-session-manager/includes/class-wp-session.php(186): RFQTK_WP_Session->np_get_session('_rfqtk_wp_sessi...', Array)
#6 /wordpress/wp-content/plugins/woo-rfq-for-woocommerce/wp-session-manager/includes/class-wp-session.php(130): RFQTK_WP_Session->read_data()
#7 /wordpress/wp-content/plugins/woo-rfq-for-woocommerce/wp-session-manager/includes/class-wp-session.php(72): RFQTK_WP_Session->__construct()
#8 /wordpress/wp-content/plugins/woo-rfq-for-woocommerce/wp-session-manager/includes/wp-session.php(127): RFQTK_WP_Session::get_instance()
#9 /wordpress/wp-includes/class-wp-hook.php(324): RFQTK_wp_session_write_close('')
#10 /wordpress/wp-includes/class-wp-hook.php(348): WP_Hook->apply_filters(NULL, Array)
#11 /wordpress/wp-includes/plugin.php(517): WP_Hook->do_action(Array)
#12 /wordpress/wp-includes/load.php(1304): do_action('shutdown')
#13 [internal function]: shutdown_action_hook()
#14 {main}</pre>
 for query SELECT option_value
        FROM wp_npxyz2021_sessions 
        WHERE option_name = '_rfqtk_wp_session_9a9abac57e40a13a4aa039b7c9ec3376'  LIMIT 1 made by shutdown_action_hook, do_action('shutdown'), WP_Hook->do_action, WP_Hook->apply_filters, RFQTK_wp_session_write_close, RFQTK_WP_Session::get_instance, RFQTK_WP_Session->__construct, RFQTK_WP_Session->read_data, RFQTK_WP_Session->np_get_session, WP_SQLite_DB->query, WP_SQLite_DB->print_error
[19-Apr-2025 19:48:24 UTC] WordPress database error <div style="clear:both">&nbsp;</div>
<div class="queries" style="clear:both;margin-bottom:2px;border:red dotted thin;">
<p>MySQL query:</p>
<p>SELECT option_value
        FROM wp_npxyz2021_sessions 
        WHERE option_name = '_rfqtk_wp_session_7a5aa3fc2f838be66df7d92d45dad397'  LIMIT 1</p>
<p>Queries made or created this session were:</p>
<ol>
<li>Executing: BEGIN | (no parameters)</li>
<li>Executing: SELECT `option_value` FROM `wp_npxyz2021_sessions` WHERE `option_name` = '_rfqtk_wp_session_7a5aa3fc2f838be66df7d92d45dad397' LIMIT 1 | (no parameters)</li>
<li>Executing: ROLLBACK | (no parameters)</li>
</ol>
</div>
<div style="clear:both;margin-bottom:2px;border:red dotted thin;" class="error_message" style="border-bottom:dotted blue thin;">
SQLSTATE[HY000]: General error: 1 no such table: wp_npxyz2021_sessions
</div>
<p>Backtrace:</p>
<pre>#0 /internal/shared/sqlite-database-integration/wp-includes/sqlite-ast/class-wp-sqlite-driver.php(690): WP_SQLite_Driver->new_driver_exception('SQLSTATE[HY000]...', 0, Object(PDOException))
#1 /internal/shared/sqlite-database-integration/wp-includes/sqlite/class-wp-sqlite-db.php(472): WP_SQLite_Driver->query('SELECT option_v...')
#2 /internal/shared/sqlite-database-integration/wp-includes/sqlite/class-wp-sqlite-db.php(413): WP_SQLite_DB->_do_query('SELECT option_v...')
#3 /wordpress/wp-includes/class-wpdb.php(3031): WP_SQLite_DB->query('SELECT option_v...')
#4 /wordpress/wp-content/plugins/woo-rfq-for-woocommerce/wp-session-manager/includes/class-wp-session.php(384): wpdb->get_var('SELECT option_v...')
#5 /wordpress/wp-content/plugins/woo-rfq-for-woocommerce/wp-session-manager/includes/class-wp-session.php(186): RFQTK_WP_Session->np_get_session('_rfqtk_wp_sessi...', Array)
#6 /wordpress/wp-content/plugins/woo-rfq-for-woocommerce/wp-session-manager/includes/class-wp-session.php(130): RFQTK_WP_Session->read_data()
#7 /wordpress/wp-content/plugins/woo-rfq-for-woocommerce/wp-session-manager/includes/class-wp-session.php(72): RFQTK_WP_Session->__construct()
#8 /wordpress/wp-content/plugins/woo-rfq-for-woocommerce/wp-session-manager/includes/wp-session.php(86): RFQTK_WP_Session::get_instance()
#9 /wordpress/wp-includes/class-wp-hook.php(324): RFQTK_wp_session_start('')
#10 /wordpress/wp-includes/class-wp-hook.php(348): WP_Hook->apply_filters(NULL, Array)
#11 /wordpress/wp-includes/plugin.php(517): WP_Hook->do_action(Array)
#12 /wordpress/wp-settings.php(578): do_action('plugins_loaded')
#13 /wordpress/wp-config.php(102): require_once('/wordpress/wp-s...')
#14 /wordpress/wp-load.php(50): require_once('/wordpress/wp-c...')
#15 /internal/eval.php(3): require_once('/wordpress/wp-l...')
#16 {main}</pre>
 for query SELECT option_value
        FROM wp_npxyz2021_sessions 
        WHERE option_name = '_rfqtk_wp_session_7a5aa3fc2f838be66df7d92d45dad397'  LIMIT 1 made by require_once('wp-load.php'), require_once('wp-config.php'), require_once('wp-settings.php'), do_action('plugins_loaded'), WP_Hook->do_action, WP_Hook->apply_filters, RFQTK_wp_session_start, RFQTK_WP_Session::get_instance, RFQTK_WP_Session->__construct, RFQTK_WP_Session->read_data, RFQTK_WP_Session->np_get_session, WP_SQLite_DB->query, WP_SQLite_DB->print_error
[19-Apr-2025 19:48:24 UTC] WordPress database error <div style="clear:both">&nbsp;</div>
<div class="queries" style="clear:both;margin-bottom:2px;border:red dotted thin;">
<p>MySQL query:</p>
<p>SELECT option_value
        FROM wp_npxyz2021_sessions 
        WHERE option_name = '_rfqtk_wp_session_7a5aa3fc2f838be66df7d92d45dad397'  LIMIT 1</p>
<p>Queries made or created this session were:</p>
<ol>
<li>Executing: BEGIN | (no parameters)</li>
<li>Executing: SELECT `option_value` FROM `wp_npxyz2021_sessions` WHERE `option_name` = '_rfqtk_wp_session_7a5aa3fc2f838be66df7d92d45dad397' LIMIT 1 | (no parameters)</li>
<li>Executing: ROLLBACK | (no parameters)</li>
</ol>
</div>
<div style="clear:both;margin-bottom:2px;border:red dotted thin;" class="error_message" style="border-bottom:dotted blue thin;">
SQLSTATE[HY000]: General error: 1 no such table: wp_npxyz2021_sessions
</div>
<p>Backtrace:</p>
<pre>#0 /internal/shared/sqlite-database-integration/wp-includes/sqlite-ast/class-wp-sqlite-driver.php(690): WP_SQLite_Driver->new_driver_exception('SQLSTATE[HY000]...', 0, Object(PDOException))
#1 /internal/shared/sqlite-database-integration/wp-includes/sqlite/class-wp-sqlite-db.php(472): WP_SQLite_Driver->query('SELECT option_v...')
#2 /internal/shared/sqlite-database-integration/wp-includes/sqlite/class-wp-sqlite-db.php(413): WP_SQLite_DB->_do_query('SELECT option_v...')
#3 /wordpress/wp-includes/class-wpdb.php(3031): WP_SQLite_DB->query('SELECT option_v...')
#4 /wordpress/wp-content/plugins/woo-rfq-for-woocommerce/wp-session-manager/includes/class-wp-session.php(395): wpdb->get_var('SELECT option_v...')
#5 /wordpress/wp-content/plugins/woo-rfq-for-woocommerce/wp-session-manager/includes/class-wp-session.php(186): RFQTK_WP_Session->np_get_session('_rfqtk_wp_sessi...', Array)
#6 /wordpress/wp-content/plugins/woo-rfq-for-woocommerce/wp-session-manager/includes/class-wp-session.php(130): RFQTK_WP_Session->read_data()
#7 /wordpress/wp-content/plugins/woo-rfq-for-woocommerce/wp-session-manager/includes/class-wp-session.php(72): RFQTK_WP_Session->__construct()
#8 /wordpress/wp-content/plugins/woo-rfq-for-woocommerce/wp-session-manager/includes/wp-session.php(86): RFQTK_WP_Session::get_instance()
#9 /wordpress/wp-includes/class-wp-hook.php(324): RFQTK_wp_session_start('')
#10 /wordpress/wp-includes/class-wp-hook.php(348): WP_Hook->apply_filters(NULL, Array)
#11 /wordpress/wp-includes/plugin.php(517): WP_Hook->do_action(Array)
#12 /wordpress/wp-settings.php(578): do_action('plugins_loaded')
#13 /wordpress/wp-config.php(102): require_once('/wordpress/wp-s...')
#14 /wordpress/wp-load.php(50): require_once('/wordpress/wp-c...')
#15 /internal/eval.php(3): require_once('/wordpress/wp-l...')
#16 {main}</pre>
 for query SELECT option_value
        FROM wp_npxyz2021_sessions 
        WHERE option_name = '_rfqtk_wp_session_7a5aa3fc2f838be66df7d92d45dad397'  LIMIT 1 made by require_once('wp-load.php'), require_once('wp-config.php'), require_once('wp-settings.php'), do_action('plugins_loaded'), WP_Hook->do_action, WP_Hook->apply_filters, RFQTK_wp_session_start, RFQTK_WP_Session::get_instance, RFQTK_WP_Session->__construct, RFQTK_WP_Session->read_data, RFQTK_WP_Session->np_get_session, WP_SQLite_DB->query, WP_SQLite_DB->print_error
[19-Apr-2025 19:49:16 UTC] PHP Notice:  Function _load_textdomain_just_in_time was called <strong>incorrectly</strong>. Translation loading for the <code>woocommerce</code> domain was triggered too early. This is usually an indicator for some code in the plugin or theme running too early. Translations should be loaded at the <code>init</code> action or later. Please see <a href="https://developer.wordpress.org/advanced-administration/debug/debug-wordpress/">Debugging in WordPress</a> for more information. (This message was added in version 6.7.0.) in /wordpress/wp-includes/functions.php on line 6121
[19-Apr-2025 19:49:57 UTC] PHP Notice:  Function _load_textdomain_just_in_time was called <strong>incorrectly</strong>. Translation loading for the <code>woocommerce</code> domain was triggered too early. This is usually an indicator for some code in the plugin or theme running too early. Translations should be loaded at the <code>init</code> action or later. Please see <a href="https://developer.wordpress.org/advanced-administration/debug/debug-wordpress/">Debugging in WordPress</a> for more information. (This message was added in version 6.7.0.) in /wordpress/wp-includes/functions.php on line 6121
[19-Apr-2025 19:50:36 UTC] PHP Notice:  Function _load_textdomain_just_in_time was called <strong>incorrectly</strong>. Translation loading for the <code>woocommerce</code> domain was triggered too early. This is usually an indicator for some code in the plugin or theme running too early. Translations should be loaded at the <code>init</code> action or later. Please see <a href="https://developer.wordpress.org/advanced-administration/debug/debug-wordpress/">Debugging in WordPress</a> for more information. (This message was added in version 6.7.0.) in /wordpress/wp-includes/functions.php on line 6121
[19-Apr-2025 19:50:53 UTC] PHP Warning:  Trying to access array offset on value of type bool in /wordpress/wp-content/plugins/wpecounter/includes/class-views.php on line 68
[19-Apr-2025 19:51:02 UTC] PHP Warning:  Trying to access array offset on value of type bool in /wordpress/wp-content/plugins/wpecounter/includes/class-views.php on line 68
[19-Apr-2025 19:51:11 UTC] PHP Warning:  Trying to access array offset on value of type bool in /wordpress/wp-content/plugins/wpecounter/includes/class-views.php on line 68
[19-Apr-2025 19:54:07 UTC] PHP Parse error:  syntax error, unexpected identifier "Renderer", expecting variable in /wordpress/wp-content/plugins/wp-github-card/src/Shortcode.php on line 14
[19-Apr-2025 19:54:16 UTC] PHP Parse error:  syntax error, unexpected identifier "Renderer", expecting variable in /wordpress/wp-content/plugins/wp-github-card/src/Shortcode.php on line 14
[19-Apr-2025 19:54:25 UTC] PHP Parse error:  syntax error, unexpected identifier "Renderer", expecting variable in /wordpress/wp-content/plugins/wp-github-card/src/Shortcode.php on line 14
[19-Apr-2025 19:54:35 UTC] PHP Fatal error:  'continue' not in the 'loop' or 'switch' context in /wordpress/wp-content/plugins/wp-on-routes/lib/main.php on line 53
[19-Apr-2025 19:54:44 UTC] PHP Fatal error:  'continue' not in the 'loop' or 'switch' context in /wordpress/wp-content/plugins/wp-on-routes/lib/main.php on line 53
[19-Apr-2025 19:54:53 UTC] PHP Fatal error:  'continue' not in the 'loop' or 'switch' context in /wordpress/wp-content/plugins/wp-on-routes/lib/main.php on line 53
[19-Apr-2025 19:55:50 UTC] PHP Fatal error:  Uncaught Error: Undefined constant "register_WPTafMetarWidget" in /wordpress/wp-content/plugins/wp-taf-metar-widget/WP-TAF-METAR-Widget.php:202
Stack trace:
#0 /wordpress/wp-admin/includes/plugin.php(2387): include_once()
#1 /wordpress/wp-admin/includes/plugin.php(673): plugin_sandbox_scrape('wp-taf-metar-wi...')
#2 /internal/eval.php(20): activate_plugin('wp-taf-metar-wi...')
#3 {main}
  thrown in /wordpress/wp-content/plugins/wp-taf-metar-widget/WP-TAF-METAR-Widget.php on line 202
[19-Apr-2025 19:55:57 UTC] PHP Fatal error:  Uncaught Error: Undefined constant "register_WPTafMetarWidget" in /wordpress/wp-content/plugins/wp-taf-metar-widget/WP-TAF-METAR-Widget.php:202
Stack trace:
#0 /wordpress/wp-admin/includes/plugin.php(2387): include_once()
#1 /wordpress/wp-admin/includes/plugin.php(673): plugin_sandbox_scrape('wp-taf-metar-wi...')
#2 /internal/eval.php(20): activate_plugin('wp-taf-metar-wi...')
#3 {main}
  thrown in /wordpress/wp-content/plugins/wp-taf-metar-widget/WP-TAF-METAR-Widget.php on line 202
[19-Apr-2025 19:56:06 UTC] PHP Fatal error:  Uncaught Error: Undefined constant "register_WPTafMetarWidget" in /wordpress/wp-content/plugins/wp-taf-metar-widget/WP-TAF-METAR-Widget.php:202
Stack trace:
#0 /wordpress/wp-admin/includes/plugin.php(2387): include_once()
#1 /wordpress/wp-admin/includes/plugin.php(673): plugin_sandbox_scrape('wp-taf-metar-wi...')
#2 /internal/eval.php(20): activate_plugin('wp-taf-metar-wi...')
#3 {main}
  thrown in /wordpress/wp-content/plugins/wp-taf-metar-widget/WP-TAF-METAR-Widget.php on line 202
[19-Apr-2025 19:56:15 UTC] PHP Fatal error:  Uncaught TypeError: call_user_func_array(): Argument #1 ($callback) must be a valid callback, non-static method wp_twitter_cards::twitter_cards_activation() cannot be called statically in /wordpress/wp-includes/class-wp-hook.php:324
Stack trace:
#0 /wordpress/wp-includes/class-wp-hook.php(348): WP_Hook->apply_filters('', Array)
#1 /wordpress/wp-includes/plugin.php(517): WP_Hook->do_action(Array)
#2 /wordpress/wp-admin/includes/plugin.php(703): do_action('activate_wp-twi...', false)
#3 /internal/eval.php(20): activate_plugin('wp-twitter-card...')
#4 {main}
  thrown in /wordpress/wp-includes/class-wp-hook.php on line 324

    at Object.onBind (file:///home/runner/work/playground-tester/playground-tester/node_modules/@wp-playground/cli/index.js:237:15)
    at process.processTicksAndRejections (node:internal/process/task_queues:105:5)
    at async V (file:///home/runner/work/playground-tester/playground-tester/node_modules/@wp-playground/cli/index.js:64:10)
    at async ja (file:///home/runner/work/playground-tester/playground-tester/node_modules/@wp-playground/cli/cli.js:8161:12) {
  [cause]: Error: Error when executing the blueprint step #5 ({"step":"installPlugin","pluginData":{"resource":"wordpress.org/plugins","slug":"wp-twitter-cards"},"options":{"activate":true}}) : PHP.run() failed with exit code 255 and the following output: 
      at Object.run (file:///home/runner/work/playground-tester/playground-tester/node_modules/@wp-playground/blueprints/index.js:12449:19)
      at process.processTicksAndRejections (node:internal/process/task_queues:105:5)
      at async ms (file:///home/runner/work/playground-tester/playground-tester/node_modules/@wp-playground/blueprints/index.js:12552:3)
      ... 2 lines matching cause stack trace ...
      at async ja (file:///home/runner/work/playground-tester/playground-tester/node_modules/@wp-playground/cli/cli.js:8161:12) {
    [cause]: PHPExecutionFailureError: PHP.run() failed with exit code 255 and the following output: 
        at PHP.run (file:///home/runner/work/playground-tester/playground-tester/node_modules/@php-wasm/universal/index.js:987:19)
        at process.processTicksAndRejections (node:internal/process/task_queues:105:5)
        at async wr (file:///home/runner/work/playground-tester/playground-tester/node_modules/@wp-playground/blueprints/index.js:33:39)
        at async Object.gt [as installPlugin] (file:///home/runner/work/playground-tester/playground-tester/node_modules/@wp-playground/blueprints/index.js:974:42)
        at async g (file:///home/runner/work/playground-tester/playground-tester/node_modules/@wp-playground/blueprints/index.js:12517:30)
        at async Object.run (file:///home/runner/work/playground-tester/playground-tester/node_modules/@wp-playground/blueprints/index.js:12446:23)
        at async ms (file:///home/runner/work/playground-tester/playground-tester/node_modules/@wp-playground/blueprints/index.js:12552:3)
        at async Object.onBind (file:///home/runner/work/playground-tester/playground-tester/node_modules/@wp-playground/cli/index.js:227:48)
        at async V (file:///home/runner/work/playground-tester/playground-tester/node_modules/@wp-playground/cli/index.js:64:10)
        at async ja (file:///home/runner/work/playground-tester/playground-tester/node_modules/@wp-playground/cli/cli.js:8161:12) {
      response: PHPResponse {
        httpStatusCode: 500,
        headers: {
          'x-powered-by': [ 'PHP/8.0.30-dev' ],
          'content-type': [ 'text/html; charset=UTF-8' ]
        },
        bytes: Uint8Array(0) [],
        exitCode: 255,
        errors: ''
      },
      source: 'request'
    }
  }
}

Node.js v23.11.0
