[
{"message":"file:///home/runner/work/playground-tester/playground-tester/node_modules/@wp-playground/cli/run-cli-j-geJYS3.js:325\n        throw new Error($, { cause: h });\n              ^\n","level":"FATAL","type":"PLAYGROUND","test":"ast-sqlite-boot","plugin":"openwallet","details":"file:///home/runner/work/playground-tester/playground-tester/node_modules/@wp-playground/cli/run-cli-j-geJYS3.js:325\n        throw new Error($, { cause: h });\n              ^\n","log":"/tmp/tmp.kgfUDWOU3i"}
,
{"message":"Function load_plugin_textdomain was called with an argument that is <strong>deprecated</strong> since version 2.7.0 with no alternative available. in /wordpress/wp-includes/functions.php on line 6121","level":"DEPRECATED","type":"PHP","test":"ast-sqlite-boot","plugin":"openwallet","details":"[23-Jun-2025 08:37:44 UTC] PHP Deprecated:  Function load_plugin_textdomain was called with an argument that is <strong>deprecated</strong> since version 2.7.0 with no alternative available. in /wordpress/wp-includes/functions.php on line 6121","log":"/logs/plugins/o/openwallet/error.json"}
,
{"message":"Function load_plugin_textdomain was called with an argument that is <strong>deprecated</strong> since version 2.7.0 with no alternative available. in /wordpress/wp-includes/functions.php on line 6121","level":"DEPRECATED","type":"PHP","test":"ast-sqlite-boot","plugin":"openwallet","details":"[23-Jun-2025 08:37:45 UTC] PHP Deprecated:  Function load_plugin_textdomain was called with an argument that is <strong>deprecated</strong> since version 2.7.0 with no alternative available. in /wordpress/wp-includes/functions.php on line 6121","log":"/logs/plugins/o/openwallet/error.json"}
,
{"message":"Function load_plugin_textdomain was called with an argument that is <strong>deprecated</strong> since version 2.7.0 with no alternative available. in /wordpress/wp-includes/functions.php on line 6121","level":"DEPRECATED","type":"PHP","test":"ast-sqlite-boot","plugin":"openwallet","details":"[23-Jun-2025 08:37:54 UTC] PHP Deprecated:  Function load_plugin_textdomain was called with an argument that is <strong>deprecated</strong> since version 2.7.0 with no alternative available. in /wordpress/wp-includes/functions.php on line 6121","log":"/logs/plugins/o/openwallet/error.json"}
,
{"message":"Function load_plugin_textdomain was called with an argument that is <strong>deprecated</strong> since version 2.7.0 with no alternative available. in /wordpress/wp-includes/functions.php on line 6121","level":"DEPRECATED","type":"PHP","test":"ast-sqlite-boot","plugin":"openwallet","details":"[23-Jun-2025 08:37:55 UTC] PHP Deprecated:  Function load_plugin_textdomain was called with an argument that is <strong>deprecated</strong> since version 2.7.0 with no alternative available. in /wordpress/wp-includes/functions.php on line 6121","log":"/logs/plugins/o/openwallet/error.json"}
,
{"message":"Function load_plugin_textdomain was called with an argument that is <strong>deprecated</strong> since version 2.7.0 with no alternative available. in /wordpress/wp-includes/functions.php on line 6121","level":"DEPRECATED","type":"PHP","test":"ast-sqlite-boot","plugin":"openwallet","details":"[23-Jun-2025 08:38:05 UTC] PHP Deprecated:  Function load_plugin_textdomain was called with an argument that is <strong>deprecated</strong> since version 2.7.0 with no alternative available. in /wordpress/wp-includes/functions.php on line 6121","log":"/logs/plugins/o/openwallet/error.json"}
,
{"message":"Function load_plugin_textdomain was called with an argument that is <strong>deprecated</strong> since version 2.7.0 with no alternative available. in /wordpress/wp-includes/functions.php on line 6121","level":"DEPRECATED","type":"PHP","test":"ast-sqlite-boot","plugin":"openwallet","details":"[23-Jun-2025 08:38:06 UTC] PHP Deprecated:  Function load_plugin_textdomain was called with an argument that is <strong>deprecated</strong> since version 2.7.0 with no alternative available. in /wordpress/wp-includes/functions.php on line 6121","log":"/logs/plugins/o/openwallet/error.json"}
,
{"message":"Required parameter $e follows optional parameter $b in /wordpress/wp-content/plugins/openbookings-calendar-plugin/index.php on line 133","level":"DEPRECATED","type":"PHP","test":"ast-sqlite-boot","plugin":"openwallet","details":"[23-Jun-2025 08:39:14 UTC] PHP Deprecated:  Required parameter $e follows optional parameter $b in /wordpress/wp-content/plugins/openbookings-calendar-plugin/index.php on line 133","log":"/logs/plugins/o/openwallet/error.json"}
,
{"message":"Required parameter $e follows optional parameter $b in /wordpress/wp-content/plugins/openbookings-calendar-plugin/index.php on line 133","level":"DEPRECATED","type":"PHP","test":"ast-sqlite-boot","plugin":"openwallet","details":"[23-Jun-2025 08:39:14 UTC] PHP Deprecated:  Required parameter $e follows optional parameter $b in /wordpress/wp-content/plugins/openbookings-calendar-plugin/index.php on line 133","log":"/logs/plugins/o/openwallet/error.json"}
,
{"message":"Required parameter $e follows optional parameter $b in /wordpress/wp-content/plugins/openbookings-calendar-plugin/index.php on line 133","level":"DEPRECATED","type":"PHP","test":"ast-sqlite-boot","plugin":"openwallet","details":"[23-Jun-2025 08:39:23 UTC] PHP Deprecated:  Required parameter $e follows optional parameter $b in /wordpress/wp-content/plugins/openbookings-calendar-plugin/index.php on line 133","log":"/logs/plugins/o/openwallet/error.json"}
,
{"message":"Required parameter $e follows optional parameter $b in /wordpress/wp-content/plugins/openbookings-calendar-plugin/index.php on line 133","level":"DEPRECATED","type":"PHP","test":"ast-sqlite-boot","plugin":"openwallet","details":"[23-Jun-2025 08:39:24 UTC] PHP Deprecated:  Required parameter $e follows optional parameter $b in /wordpress/wp-content/plugins/openbookings-calendar-plugin/index.php on line 133","log":"/logs/plugins/o/openwallet/error.json"}
,
{"message":"Required parameter $e follows optional parameter $b in /wordpress/wp-content/plugins/openbookings-calendar-plugin/index.php on line 133","level":"DEPRECATED","type":"PHP","test":"ast-sqlite-boot","plugin":"openwallet","details":"[23-Jun-2025 08:39:32 UTC] PHP Deprecated:  Required parameter $e follows optional parameter $b in /wordpress/wp-content/plugins/openbookings-calendar-plugin/index.php on line 133","log":"/logs/plugins/o/openwallet/error.json"}
,
{"message":"Required parameter $e follows optional parameter $b in /wordpress/wp-content/plugins/openbookings-calendar-plugin/index.php on line 133","level":"DEPRECATED","type":"PHP","test":"ast-sqlite-boot","plugin":"openwallet","details":"[23-Jun-2025 08:39:33 UTC] PHP Deprecated:  Required parameter $e follows optional parameter $b in /wordpress/wp-content/plugins/openbookings-calendar-plugin/index.php on line 133","log":"/logs/plugins/o/openwallet/error.json"}
,
{"message":"Trying to access array offset on value of type bool in /wordpress/wp-content/plugins/opencast/lib/Api/OCRestAPI.php on line 18","level":"WARNING","type":"PHP","test":"ast-sqlite-boot","plugin":"openwallet","details":"[23-Jun-2025 08:39:44 UTC] PHP Warning:  Trying to access array offset on value of type bool in /wordpress/wp-content/plugins/opencast/lib/Api/OCRestAPI.php on line 18","log":"/logs/plugins/o/openwallet/error.json"}
,
{"message":"Trying to access array offset on value of type bool in /wordpress/wp-content/plugins/opencast/lib/Api/OCRestAPI.php on line 19","level":"WARNING","type":"PHP","test":"ast-sqlite-boot","plugin":"openwallet","details":"[23-Jun-2025 08:39:44 UTC] PHP Warning:  Trying to access array offset on value of type bool in /wordpress/wp-content/plugins/opencast/lib/Api/OCRestAPI.php on line 19","log":"/logs/plugins/o/openwallet/error.json"}
,
{"message":"Trying to access array offset on value of type bool in /wordpress/wp-content/plugins/opencast/lib/Api/OCRestAPI.php on line 20","level":"WARNING","type":"PHP","test":"ast-sqlite-boot","plugin":"openwallet","details":"[23-Jun-2025 08:39:44 UTC] PHP Warning:  Trying to access array offset on value of type bool in /wordpress/wp-content/plugins/opencast/lib/Api/OCRestAPI.php on line 20","log":"/logs/plugins/o/openwallet/error.json"}
,
{"message":"Undefined array key \"apiurl\" in /wordpress/wp-content/plugins/opencast/lib/Api/OCRestAPI.php on line 18","level":"WARNING","type":"PHP","test":"ast-sqlite-boot","plugin":"openwallet","details":"[23-Jun-2025 08:39:45 UTC] PHP Warning:  Undefined array key \"apiurl\" in /wordpress/wp-content/plugins/opencast/lib/Api/OCRestAPI.php on line 18","log":"/logs/plugins/o/openwallet/error.json"}
,
{"message":"Undefined array key \"apiusername\" in /wordpress/wp-content/plugins/opencast/lib/Api/OCRestAPI.php on line 19","level":"WARNING","type":"PHP","test":"ast-sqlite-boot","plugin":"openwallet","details":"[23-Jun-2025 08:39:45 UTC] PHP Warning:  Undefined array key \"apiusername\" in /wordpress/wp-content/plugins/opencast/lib/Api/OCRestAPI.php on line 19","log":"/logs/plugins/o/openwallet/error.json"}
,
{"message":"Undefined array key \"apipassword\" in /wordpress/wp-content/plugins/opencast/lib/Api/OCRestAPI.php on line 20","level":"WARNING","type":"PHP","test":"ast-sqlite-boot","plugin":"openwallet","details":"[23-Jun-2025 08:39:45 UTC] PHP Warning:  Undefined array key \"apipassword\" in /wordpress/wp-content/plugins/opencast/lib/Api/OCRestAPI.php on line 20","log":"/logs/plugins/o/openwallet/error.json"}
,
{"message":"Trying to access array offset on value of type bool in /wordpress/wp-content/plugins/opencast/lib/Api/OCRestAPI.php on line 18","level":"WARNING","type":"PHP","test":"ast-sqlite-boot","plugin":"openwallet","details":"[23-Jun-2025 08:39:55 UTC] PHP Warning:  Trying to access array offset on value of type bool in /wordpress/wp-content/plugins/opencast/lib/Api/OCRestAPI.php on line 18","log":"/logs/plugins/o/openwallet/error.json"}
,
{"message":"Trying to access array offset on value of type bool in /wordpress/wp-content/plugins/opencast/lib/Api/OCRestAPI.php on line 19","level":"WARNING","type":"PHP","test":"ast-sqlite-boot","plugin":"openwallet","details":"[23-Jun-2025 08:39:55 UTC] PHP Warning:  Trying to access array offset on value of type bool in /wordpress/wp-content/plugins/opencast/lib/Api/OCRestAPI.php on line 19","log":"/logs/plugins/o/openwallet/error.json"}
,
{"message":"Trying to access array offset on value of type bool in /wordpress/wp-content/plugins/opencast/lib/Api/OCRestAPI.php on line 20","level":"WARNING","type":"PHP","test":"ast-sqlite-boot","plugin":"openwallet","details":"[23-Jun-2025 08:39:55 UTC] PHP Warning:  Trying to access array offset on value of type bool in /wordpress/wp-content/plugins/opencast/lib/Api/OCRestAPI.php on line 20","log":"/logs/plugins/o/openwallet/error.json"}
,
{"message":"Undefined array key \"apiurl\" in /wordpress/wp-content/plugins/opencast/lib/Api/OCRestAPI.php on line 18","level":"WARNING","type":"PHP","test":"ast-sqlite-boot","plugin":"openwallet","details":"[23-Jun-2025 08:39:55 UTC] PHP Warning:  Undefined array key \"apiurl\" in /wordpress/wp-content/plugins/opencast/lib/Api/OCRestAPI.php on line 18","log":"/logs/plugins/o/openwallet/error.json"}
,
{"message":"Undefined array key \"apiusername\" in /wordpress/wp-content/plugins/opencast/lib/Api/OCRestAPI.php on line 19","level":"WARNING","type":"PHP","test":"ast-sqlite-boot","plugin":"openwallet","details":"[23-Jun-2025 08:39:55 UTC] PHP Warning:  Undefined array key \"apiusername\" in /wordpress/wp-content/plugins/opencast/lib/Api/OCRestAPI.php on line 19","log":"/logs/plugins/o/openwallet/error.json"}
,
{"message":"Undefined array key \"apipassword\" in /wordpress/wp-content/plugins/opencast/lib/Api/OCRestAPI.php on line 20","level":"WARNING","type":"PHP","test":"ast-sqlite-boot","plugin":"openwallet","details":"[23-Jun-2025 08:39:55 UTC] PHP Warning:  Undefined array key \"apipassword\" in /wordpress/wp-content/plugins/opencast/lib/Api/OCRestAPI.php on line 20","log":"/logs/plugins/o/openwallet/error.json"}
,
{"message":"Trying to access array offset on value of type bool in /wordpress/wp-content/plugins/opencast/lib/Api/OCRestAPI.php on line 18","level":"WARNING","type":"PHP","test":"ast-sqlite-boot","plugin":"openwallet","details":"[23-Jun-2025 08:40:06 UTC] PHP Warning:  Trying to access array offset on value of type bool in /wordpress/wp-content/plugins/opencast/lib/Api/OCRestAPI.php on line 18","log":"/logs/plugins/o/openwallet/error.json"}
,
{"message":"Trying to access array offset on value of type bool in /wordpress/wp-content/plugins/opencast/lib/Api/OCRestAPI.php on line 19","level":"WARNING","type":"PHP","test":"ast-sqlite-boot","plugin":"openwallet","details":"[23-Jun-2025 08:40:06 UTC] PHP Warning:  Trying to access array offset on value of type bool in /wordpress/wp-content/plugins/opencast/lib/Api/OCRestAPI.php on line 19","log":"/logs/plugins/o/openwallet/error.json"}
,
{"message":"Trying to access array offset on value of type bool in /wordpress/wp-content/plugins/opencast/lib/Api/OCRestAPI.php on line 20","level":"WARNING","type":"PHP","test":"ast-sqlite-boot","plugin":"openwallet","details":"[23-Jun-2025 08:40:06 UTC] PHP Warning:  Trying to access array offset on value of type bool in /wordpress/wp-content/plugins/opencast/lib/Api/OCRestAPI.php on line 20","log":"/logs/plugins/o/openwallet/error.json"}
,
{"message":"Undefined array key \"apiurl\" in /wordpress/wp-content/plugins/opencast/lib/Api/OCRestAPI.php on line 18","level":"WARNING","type":"PHP","test":"ast-sqlite-boot","plugin":"openwallet","details":"[23-Jun-2025 08:40:07 UTC] PHP Warning:  Undefined array key \"apiurl\" in /wordpress/wp-content/plugins/opencast/lib/Api/OCRestAPI.php on line 18","log":"/logs/plugins/o/openwallet/error.json"}
,
{"message":"Undefined array key \"apiusername\" in /wordpress/wp-content/plugins/opencast/lib/Api/OCRestAPI.php on line 19","level":"WARNING","type":"PHP","test":"ast-sqlite-boot","plugin":"openwallet","details":"[23-Jun-2025 08:40:07 UTC] PHP Warning:  Undefined array key \"apiusername\" in /wordpress/wp-content/plugins/opencast/lib/Api/OCRestAPI.php on line 19","log":"/logs/plugins/o/openwallet/error.json"}
,
{"message":"Undefined array key \"apipassword\" in /wordpress/wp-content/plugins/opencast/lib/Api/OCRestAPI.php on line 20","level":"WARNING","type":"PHP","test":"ast-sqlite-boot","plugin":"openwallet","details":"[23-Jun-2025 08:40:07 UTC] PHP Warning:  Undefined array key \"apipassword\" in /wordpress/wp-content/plugins/opencast/lib/Api/OCRestAPI.php on line 20","log":"/logs/plugins/o/openwallet/error.json"}
,
{"message":"Required parameter $release_attributes follows optional parameter $site_name in /wordpress/wp-content/plugins/openid/server.php on line 442","level":"DEPRECATED","type":"PHP","test":"ast-sqlite-boot","plugin":"openwallet","details":"[23-Jun-2025 08:40:44 UTC] PHP Deprecated:  Required parameter $release_attributes follows optional parameter $site_name in /wordpress/wp-content/plugins/openid/server.php on line 442","log":"/logs/plugins/o/openwallet/error.json"}
,
{"message":"Required parameter $release_attributes follows optional parameter $site_name in /wordpress/wp-content/plugins/openid/server.php on line 442","level":"DEPRECATED","type":"PHP","test":"ast-sqlite-boot","plugin":"openwallet","details":"[23-Jun-2025 08:40:46 UTC] PHP Deprecated:  Required parameter $release_attributes follows optional parameter $site_name in /wordpress/wp-content/plugins/openid/server.php on line 442","log":"/logs/plugins/o/openwallet/error.json"}
,
{"message":"Required parameter $release_attributes follows optional parameter $site_name in /wordpress/wp-content/plugins/openid/server.php on line 442","level":"DEPRECATED","type":"PHP","test":"ast-sqlite-boot","plugin":"openwallet","details":"[23-Jun-2025 08:40:54 UTC] PHP Deprecated:  Required parameter $release_attributes follows optional parameter $site_name in /wordpress/wp-content/plugins/openid/server.php on line 442","log":"/logs/plugins/o/openwallet/error.json"}
,
{"message":"Required parameter $release_attributes follows optional parameter $site_name in /wordpress/wp-content/plugins/openid/server.php on line 442","level":"DEPRECATED","type":"PHP","test":"ast-sqlite-boot","plugin":"openwallet","details":"[23-Jun-2025 08:40:56 UTC] PHP Deprecated:  Required parameter $release_attributes follows optional parameter $site_name in /wordpress/wp-content/plugins/openid/server.php on line 442","log":"/logs/plugins/o/openwallet/error.json"}
,
{"message":"Required parameter $release_attributes follows optional parameter $site_name in /wordpress/wp-content/plugins/openid/server.php on line 442","level":"DEPRECATED","type":"PHP","test":"ast-sqlite-boot","plugin":"openwallet","details":"[23-Jun-2025 08:41:05 UTC] PHP Deprecated:  Required parameter $release_attributes follows optional parameter $site_name in /wordpress/wp-content/plugins/openid/server.php on line 442","log":"/logs/plugins/o/openwallet/error.json"}
,
{"message":"Required parameter $release_attributes follows optional parameter $site_name in /wordpress/wp-content/plugins/openid/server.php on line 442","level":"DEPRECATED","type":"PHP","test":"ast-sqlite-boot","plugin":"openwallet","details":"[23-Jun-2025 08:41:07 UTC] PHP Deprecated:  Required parameter $release_attributes follows optional parameter $site_name in /wordpress/wp-content/plugins/openid/server.php on line 442","log":"/logs/plugins/o/openwallet/error.json"}
,
{"message":"Function _load_textdomain_just_in_time was called <strong>incorrectly</strong>. Translation loading for the <code>opening-hours</code> domain was triggered too early. This is usually an indicator for some code in the plugin or theme running too early. Translations should be loaded at the <code>init</code> action or later. Please see <a href=\"https://developer.wordpress.org/advanced-administration/debug/debug-wordpress/\">Debugging in WordPress</a> for more information. (This message was added in version 6.7.0.) in /wordpress/wp-includes/functions.php on line 6121","level":"NOTICE","type":"PHP","test":"ast-sqlite-boot","plugin":"openwallet","details":"[23-Jun-2025 08:41:19 UTC] PHP Notice:  Function _load_textdomain_just_in_time was called <strong>incorrectly</strong>. Translation loading for the <code>opening-hours</code> domain was triggered too early. This is usually an indicator for some code in the plugin or theme running too early. Translations should be loaded at the <code>init</code> action or later. Please see <a href=\"https://developer.wordpress.org/advanced-administration/debug/debug-wordpress/\">Debugging in WordPress</a> for more information. (This message was added in version 6.7.0.) in /wordpress/wp-includes/functions.php on line 6121","log":"/logs/plugins/o/openwallet/error.json"}
,
{"message":"Function _load_textdomain_just_in_time was called <strong>incorrectly</strong>. Translation loading for the <code>opening-hours</code> domain was triggered too early. This is usually an indicator for some code in the plugin or theme running too early. Translations should be loaded at the <code>init</code> action or later. Please see <a href=\"https://developer.wordpress.org/advanced-administration/debug/debug-wordpress/\">Debugging in WordPress</a> for more information. (This message was added in version 6.7.0.) in /wordpress/wp-includes/functions.php on line 6121","level":"NOTICE","type":"PHP","test":"ast-sqlite-boot","plugin":"openwallet","details":"[23-Jun-2025 08:41:20 UTC] PHP Notice:  Function _load_textdomain_just_in_time was called <strong>incorrectly</strong>. Translation loading for the <code>opening-hours</code> domain was triggered too early. This is usually an indicator for some code in the plugin or theme running too early. Translations should be loaded at the <code>init</code> action or later. Please see <a href=\"https://developer.wordpress.org/advanced-administration/debug/debug-wordpress/\">Debugging in WordPress</a> for more information. (This message was added in version 6.7.0.) in /wordpress/wp-includes/functions.php on line 6121","log":"/logs/plugins/o/openwallet/error.json"}
,
{"message":"Function _load_textdomain_just_in_time was called <strong>incorrectly</strong>. Translation loading for the <code>opening-hours</code> domain was triggered too early. This is usually an indicator for some code in the plugin or theme running too early. Translations should be loaded at the <code>init</code> action or later. Please see <a href=\"https://developer.wordpress.org/advanced-administration/debug/debug-wordpress/\">Debugging in WordPress</a> for more information. (This message was added in version 6.7.0.) in /wordpress/wp-includes/functions.php on line 6121","level":"NOTICE","type":"PHP","test":"ast-sqlite-boot","plugin":"openwallet","details":"[23-Jun-2025 08:41:31 UTC] PHP Notice:  Function _load_textdomain_just_in_time was called <strong>incorrectly</strong>. Translation loading for the <code>opening-hours</code> domain was triggered too early. This is usually an indicator for some code in the plugin or theme running too early. Translations should be loaded at the <code>init</code> action or later. Please see <a href=\"https://developer.wordpress.org/advanced-administration/debug/debug-wordpress/\">Debugging in WordPress</a> for more information. (This message was added in version 6.7.0.) in /wordpress/wp-includes/functions.php on line 6121","log":"/logs/plugins/o/openwallet/error.json"}
,
{"message":"Function _load_textdomain_just_in_time was called <strong>incorrectly</strong>. Translation loading for the <code>opening-hours</code> domain was triggered too early. This is usually an indicator for some code in the plugin or theme running too early. Translations should be loaded at the <code>init</code> action or later. Please see <a href=\"https://developer.wordpress.org/advanced-administration/debug/debug-wordpress/\">Debugging in WordPress</a> for more information. (This message was added in version 6.7.0.) in /wordpress/wp-includes/functions.php on line 6121","level":"NOTICE","type":"PHP","test":"ast-sqlite-boot","plugin":"openwallet","details":"[23-Jun-2025 08:41:32 UTC] PHP Notice:  Function _load_textdomain_just_in_time was called <strong>incorrectly</strong>. Translation loading for the <code>opening-hours</code> domain was triggered too early. This is usually an indicator for some code in the plugin or theme running too early. Translations should be loaded at the <code>init</code> action or later. Please see <a href=\"https://developer.wordpress.org/advanced-administration/debug/debug-wordpress/\">Debugging in WordPress</a> for more information. (This message was added in version 6.7.0.) in /wordpress/wp-includes/functions.php on line 6121","log":"/logs/plugins/o/openwallet/error.json"}
,
{"message":"Function _load_textdomain_just_in_time was called <strong>incorrectly</strong>. Translation loading for the <code>opening-hours</code> domain was triggered too early. This is usually an indicator for some code in the plugin or theme running too early. Translations should be loaded at the <code>init</code> action or later. Please see <a href=\"https://developer.wordpress.org/advanced-administration/debug/debug-wordpress/\">Debugging in WordPress</a> for more information. (This message was added in version 6.7.0.) in /wordpress/wp-includes/functions.php on line 6121","level":"NOTICE","type":"PHP","test":"ast-sqlite-boot","plugin":"openwallet","details":"[23-Jun-2025 08:41:43 UTC] PHP Notice:  Function _load_textdomain_just_in_time was called <strong>incorrectly</strong>. Translation loading for the <code>opening-hours</code> domain was triggered too early. This is usually an indicator for some code in the plugin or theme running too early. Translations should be loaded at the <code>init</code> action or later. Please see <a href=\"https://developer.wordpress.org/advanced-administration/debug/debug-wordpress/\">Debugging in WordPress</a> for more information. (This message was added in version 6.7.0.) in /wordpress/wp-includes/functions.php on line 6121","log":"/logs/plugins/o/openwallet/error.json"}
,
{"message":"Function _load_textdomain_just_in_time was called <strong>incorrectly</strong>. Translation loading for the <code>opening-hours</code> domain was triggered too early. This is usually an indicator for some code in the plugin or theme running too early. Translations should be loaded at the <code>init</code> action or later. Please see <a href=\"https://developer.wordpress.org/advanced-administration/debug/debug-wordpress/\">Debugging in WordPress</a> for more information. (This message was added in version 6.7.0.) in /wordpress/wp-includes/functions.php on line 6121","level":"NOTICE","type":"PHP","test":"ast-sqlite-boot","plugin":"openwallet","details":"[23-Jun-2025 08:41:45 UTC] PHP Notice:  Function _load_textdomain_just_in_time was called <strong>incorrectly</strong>. Translation loading for the <code>opening-hours</code> domain was triggered too early. This is usually an indicator for some code in the plugin or theme running too early. Translations should be loaded at the <code>init</code> action or later. Please see <a href=\"https://developer.wordpress.org/advanced-administration/debug/debug-wordpress/\">Debugging in WordPress</a> for more information. (This message was added in version 6.7.0.) in /wordpress/wp-includes/functions.php on line 6121","log":"/logs/plugins/o/openwallet/error.json"}
,
{"message":"Function _load_textdomain_just_in_time was called <strong>incorrectly</strong>. Translation loading for the <code>real-estate-right-now</code> domain was triggered too early. This is usually an indicator for some code in the plugin or theme running too early. Translations should be loaded at the <code>init</code> action or later. Please see <a href=\"https://developer.wordpress.org/advanced-administration/debug/debug-wordpress/\">Debugging in WordPress</a> for more information. (This message was added in version 6.7.0.) in /wordpress/wp-includes/functions.php on line 6121","level":"NOTICE","type":"PHP","test":"ast-sqlite-boot","plugin":"openwallet","details":"[23-Jun-2025 08:43:28 UTC] PHP Notice:  Function _load_textdomain_just_in_time was called <strong>incorrectly</strong>. Translation loading for the <code>real-estate-right-now</code> domain was triggered too early. This is usually an indicator for some code in the plugin or theme running too early. Translations should be loaded at the <code>init</code> action or later. Please see <a href=\"https://developer.wordpress.org/advanced-administration/debug/debug-wordpress/\">Debugging in WordPress</a> for more information. (This message was added in version 6.7.0.) in /wordpress/wp-includes/functions.php on line 6121","log":"/logs/plugins/o/openwallet/error.json"}
,
{"message":"Function _load_textdomain_just_in_time was called <strong>incorrectly</strong>. Translation loading for the <code>twentytwentyfive</code> domain was triggered too early. This is usually an indicator for some code in the plugin or theme running too early. Translations should be loaded at the <code>init</code> action or later. Please see <a href=\"https://developer.wordpress.org/advanced-administration/debug/debug-wordpress/\">Debugging in WordPress</a> for more information. (This message was added in version 6.7.0.) in /wordpress/wp-includes/functions.php on line 6121","level":"NOTICE","type":"PHP","test":"ast-sqlite-boot","plugin":"openwallet","details":"[23-Jun-2025 08:43:28 UTC] PHP Notice:  Function _load_textdomain_just_in_time was called <strong>incorrectly</strong>. Translation loading for the <code>twentytwentyfive</code> domain was triggered too early. This is usually an indicator for some code in the plugin or theme running too early. Translations should be loaded at the <code>init</code> action or later. Please see <a href=\"https://developer.wordpress.org/advanced-administration/debug/debug-wordpress/\">Debugging in WordPress</a> for more information. (This message was added in version 6.7.0.) in /wordpress/wp-includes/functions.php on line 6121","log":"/logs/plugins/o/openwallet/error.json"}
,
{"message":"Function _load_textdomain_just_in_time was called <strong>incorrectly</strong>. Translation loading for the <code>real-estate-right-now</code> domain was triggered too early. This is usually an indicator for some code in the plugin or theme running too early. Translations should be loaded at the <code>init</code> action or later. Please see <a href=\"https://developer.wordpress.org/advanced-administration/debug/debug-wordpress/\">Debugging in WordPress</a> for more information. (This message was added in version 6.7.0.) in /wordpress/wp-includes/functions.php on line 6121","level":"NOTICE","type":"PHP","test":"ast-sqlite-boot","plugin":"openwallet","details":"[23-Jun-2025 08:43:38 UTC] PHP Notice:  Function _load_textdomain_just_in_time was called <strong>incorrectly</strong>. Translation loading for the <code>real-estate-right-now</code> domain was triggered too early. This is usually an indicator for some code in the plugin or theme running too early. Translations should be loaded at the <code>init</code> action or later. Please see <a href=\"https://developer.wordpress.org/advanced-administration/debug/debug-wordpress/\">Debugging in WordPress</a> for more information. (This message was added in version 6.7.0.) in /wordpress/wp-includes/functions.php on line 6121","log":"/logs/plugins/o/openwallet/error.json"}
,
{"message":"Function _load_textdomain_just_in_time was called <strong>incorrectly</strong>. Translation loading for the <code>twentytwentyfive</code> domain was triggered too early. This is usually an indicator for some code in the plugin or theme running too early. Translations should be loaded at the <code>init</code> action or later. Please see <a href=\"https://developer.wordpress.org/advanced-administration/debug/debug-wordpress/\">Debugging in WordPress</a> for more information. (This message was added in version 6.7.0.) in /wordpress/wp-includes/functions.php on line 6121","level":"NOTICE","type":"PHP","test":"ast-sqlite-boot","plugin":"openwallet","details":"[23-Jun-2025 08:43:38 UTC] PHP Notice:  Function _load_textdomain_just_in_time was called <strong>incorrectly</strong>. Translation loading for the <code>twentytwentyfive</code> domain was triggered too early. This is usually an indicator for some code in the plugin or theme running too early. Translations should be loaded at the <code>init</code> action or later. Please see <a href=\"https://developer.wordpress.org/advanced-administration/debug/debug-wordpress/\">Debugging in WordPress</a> for more information. (This message was added in version 6.7.0.) in /wordpress/wp-includes/functions.php on line 6121","log":"/logs/plugins/o/openwallet/error.json"}
,
{"message":"Function _load_textdomain_just_in_time was called <strong>incorrectly</strong>. Translation loading for the <code>real-estate-right-now</code> domain was triggered too early. This is usually an indicator for some code in the plugin or theme running too early. Translations should be loaded at the <code>init</code> action or later. Please see <a href=\"https://developer.wordpress.org/advanced-administration/debug/debug-wordpress/\">Debugging in WordPress</a> for more information. (This message was added in version 6.7.0.) in /wordpress/wp-includes/functions.php on line 6121","level":"NOTICE","type":"PHP","test":"ast-sqlite-boot","plugin":"openwallet","details":"[23-Jun-2025 08:43:49 UTC] PHP Notice:  Function _load_textdomain_just_in_time was called <strong>incorrectly</strong>. Translation loading for the <code>real-estate-right-now</code> domain was triggered too early. This is usually an indicator for some code in the plugin or theme running too early. Translations should be loaded at the <code>init</code> action or later. Please see <a href=\"https://developer.wordpress.org/advanced-administration/debug/debug-wordpress/\">Debugging in WordPress</a> for more information. (This message was added in version 6.7.0.) in /wordpress/wp-includes/functions.php on line 6121","log":"/logs/plugins/o/openwallet/error.json"}
,
{"message":"Function _load_textdomain_just_in_time was called <strong>incorrectly</strong>. Translation loading for the <code>twentytwentyfive</code> domain was triggered too early. This is usually an indicator for some code in the plugin or theme running too early. Translations should be loaded at the <code>init</code> action or later. Please see <a href=\"https://developer.wordpress.org/advanced-administration/debug/debug-wordpress/\">Debugging in WordPress</a> for more information. (This message was added in version 6.7.0.) in /wordpress/wp-includes/functions.php on line 6121","level":"NOTICE","type":"PHP","test":"ast-sqlite-boot","plugin":"openwallet","details":"[23-Jun-2025 08:43:49 UTC] PHP Notice:  Function _load_textdomain_just_in_time was called <strong>incorrectly</strong>. Translation loading for the <code>twentytwentyfive</code> domain was triggered too early. This is usually an indicator for some code in the plugin or theme running too early. Translations should be loaded at the <code>init</code> action or later. Please see <a href=\"https://developer.wordpress.org/advanced-administration/debug/debug-wordpress/\">Debugging in WordPress</a> for more information. (This message was added in version 6.7.0.) in /wordpress/wp-includes/functions.php on line 6121","log":"/logs/plugins/o/openwallet/error.json"}
,
{"message":"Function wp_enqueue_style was called <strong>incorrectly</strong>. Scripts and styles should not be registered or enqueued until the <code>wp_enqueue_scripts</code>, <code>admin_enqueue_scripts</code>, or <code>login_enqueue_scripts</code> hooks. This notice was triggered by the <code>resaline_style</code> handle. Please see <a href=\"https://developer.wordpress.org/advanced-administration/debug/debug-wordpress/\">Debugging in WordPress</a> for more information. (This message was added in version 3.3.0.) in /wordpress/wp-includes/functions.php on line 6121","level":"NOTICE","type":"PHP","test":"ast-sqlite-boot","plugin":"openwallet","details":"[23-Jun-2025 08:44:59 UTC] PHP Notice:  Function wp_enqueue_style was called <strong>incorrectly</strong>. Scripts and styles should not be registered or enqueued until the <code>wp_enqueue_scripts</code>, <code>admin_enqueue_scripts</code>, or <code>login_enqueue_scripts</code> hooks. This notice was triggered by the <code>resaline_style</code> handle. Please see <a href=\"https://developer.wordpress.org/advanced-administration/debug/debug-wordpress/\">Debugging in WordPress</a> for more information. (This message was added in version 3.3.0.) in /wordpress/wp-includes/functions.php on line 6121","log":"/logs/plugins/o/openwallet/error.json"}
,
{"message":"Function is_feed was called <strong>incorrectly</strong>. Conditional query tags do not work before the query is run. Before then, they always return false. Please see <a href=\"https://developer.wordpress.org/advanced-administration/debug/debug-wordpress/\">Debugging in WordPress</a> for more information. (This message was added in version 3.1.0.) in /wordpress/wp-includes/functions.php on line 6121","level":"NOTICE","type":"PHP","test":"ast-sqlite-boot","plugin":"openwallet","details":"[23-Jun-2025 08:44:59 UTC] PHP Notice:  Function is_feed was called <strong>incorrectly</strong>. Conditional query tags do not work before the query is run. Before then, they always return false. Please see <a href=\"https://developer.wordpress.org/advanced-administration/debug/debug-wordpress/\">Debugging in WordPress</a> for more information. (This message was added in version 3.1.0.) in /wordpress/wp-includes/functions.php on line 6121","log":"/logs/plugins/o/openwallet/error.json"}
,
{"message":"Function wp_enqueue_style was called <strong>incorrectly</strong>. Scripts and styles should not be registered or enqueued until the <code>wp_enqueue_scripts</code>, <code>admin_enqueue_scripts</code>, or <code>login_enqueue_scripts</code> hooks. This notice was triggered by the <code>resaline_style</code> handle. Please see <a href=\"https://developer.wordpress.org/advanced-administration/debug/debug-wordpress/\">Debugging in WordPress</a> for more information. (This message was added in version 3.3.0.) in /wordpress/wp-includes/functions.php on line 6121","level":"NOTICE","type":"PHP","test":"ast-sqlite-boot","plugin":"openwallet","details":"[23-Jun-2025 08:45:09 UTC] PHP Notice:  Function wp_enqueue_style was called <strong>incorrectly</strong>. Scripts and styles should not be registered or enqueued until the <code>wp_enqueue_scripts</code>, <code>admin_enqueue_scripts</code>, or <code>login_enqueue_scripts</code> hooks. This notice was triggered by the <code>resaline_style</code> handle. Please see <a href=\"https://developer.wordpress.org/advanced-administration/debug/debug-wordpress/\">Debugging in WordPress</a> for more information. (This message was added in version 3.3.0.) in /wordpress/wp-includes/functions.php on line 6121","log":"/logs/plugins/o/openwallet/error.json"}
,
{"message":"Function is_feed was called <strong>incorrectly</strong>. Conditional query tags do not work before the query is run. Before then, they always return false. Please see <a href=\"https://developer.wordpress.org/advanced-administration/debug/debug-wordpress/\">Debugging in WordPress</a> for more information. (This message was added in version 3.1.0.) in /wordpress/wp-includes/functions.php on line 6121","level":"NOTICE","type":"PHP","test":"ast-sqlite-boot","plugin":"openwallet","details":"[23-Jun-2025 08:45:09 UTC] PHP Notice:  Function is_feed was called <strong>incorrectly</strong>. Conditional query tags do not work before the query is run. Before then, they always return false. Please see <a href=\"https://developer.wordpress.org/advanced-administration/debug/debug-wordpress/\">Debugging in WordPress</a> for more information. (This message was added in version 3.1.0.) in /wordpress/wp-includes/functions.php on line 6121","log":"/logs/plugins/o/openwallet/error.json"}
,
{"message":"Function wp_enqueue_style was called <strong>incorrectly</strong>. Scripts and styles should not be registered or enqueued until the <code>wp_enqueue_scripts</code>, <code>admin_enqueue_scripts</code>, or <code>login_enqueue_scripts</code> hooks. This notice was triggered by the <code>resaline_style</code> handle. Please see <a href=\"https://developer.wordpress.org/advanced-administration/debug/debug-wordpress/\">Debugging in WordPress</a> for more information. (This message was added in version 3.3.0.) in /wordpress/wp-includes/functions.php on line 6121","level":"NOTICE","type":"PHP","test":"ast-sqlite-boot","plugin":"openwallet","details":"[23-Jun-2025 08:45:19 UTC] PHP Notice:  Function wp_enqueue_style was called <strong>incorrectly</strong>. Scripts and styles should not be registered or enqueued until the <code>wp_enqueue_scripts</code>, <code>admin_enqueue_scripts</code>, or <code>login_enqueue_scripts</code> hooks. This notice was triggered by the <code>resaline_style</code> handle. Please see <a href=\"https://developer.wordpress.org/advanced-administration/debug/debug-wordpress/\">Debugging in WordPress</a> for more information. (This message was added in version 3.3.0.) in /wordpress/wp-includes/functions.php on line 6121","log":"/logs/plugins/o/openwallet/error.json"}
,
{"message":"Function is_feed was called <strong>incorrectly</strong>. Conditional query tags do not work before the query is run. Before then, they always return false. Please see <a href=\"https://developer.wordpress.org/advanced-administration/debug/debug-wordpress/\">Debugging in WordPress</a> for more information. (This message was added in version 3.1.0.) in /wordpress/wp-includes/functions.php on line 6121","level":"NOTICE","type":"PHP","test":"ast-sqlite-boot","plugin":"openwallet","details":"[23-Jun-2025 08:45:19 UTC] PHP Notice:  Function is_feed was called <strong>incorrectly</strong>. Conditional query tags do not work before the query is run. Before then, they always return false. Please see <a href=\"https://developer.wordpress.org/advanced-administration/debug/debug-wordpress/\">Debugging in WordPress</a> for more information. (This message was added in version 3.1.0.) in /wordpress/wp-includes/functions.php on line 6121","log":"/logs/plugins/o/openwallet/error.json"}
,
{"message":"[23-Jun-2025 08:45:58 UTC] [ERROR] Please configure Openpublishing plugin with API Host and Realm ID and Brand name","level":"INFO","type":"OTHER","test":"ast-sqlite-boot","plugin":"openwallet","details":"[23-Jun-2025 08:45:58 UTC] [ERROR] Please configure Openpublishing plugin with API Host and Realm ID and Brand name","log":"/logs/plugins/o/openwallet/error.json"}
,
{"message":"[23-Jun-2025 08:45:59 UTC] [ERROR] Please configure Openpublishing plugin with API Host and Realm ID and Brand name","level":"INFO","type":"OTHER","test":"ast-sqlite-boot","plugin":"openwallet","details":"[23-Jun-2025 08:45:59 UTC] [ERROR] Please configure Openpublishing plugin with API Host and Realm ID and Brand name","log":"/logs/plugins/o/openwallet/error.json"}
,
{"message":"[23-Jun-2025 08:46:08 UTC] [ERROR] Please configure Openpublishing plugin with API Host and Realm ID and Brand name","level":"INFO","type":"OTHER","test":"ast-sqlite-boot","plugin":"openwallet","details":"[23-Jun-2025 08:46:08 UTC] [ERROR] Please configure Openpublishing plugin with API Host and Realm ID and Brand name","log":"/logs/plugins/o/openwallet/error.json"}
,
{"message":"[23-Jun-2025 08:46:09 UTC] [ERROR] Please configure Openpublishing plugin with API Host and Realm ID and Brand name","level":"INFO","type":"OTHER","test":"ast-sqlite-boot","plugin":"openwallet","details":"[23-Jun-2025 08:46:09 UTC] [ERROR] Please configure Openpublishing plugin with API Host and Realm ID and Brand name","log":"/logs/plugins/o/openwallet/error.json"}
,
{"message":"[23-Jun-2025 08:46:17 UTC] [ERROR] Please configure Openpublishing plugin with API Host and Realm ID and Brand name","level":"INFO","type":"OTHER","test":"ast-sqlite-boot","plugin":"openwallet","details":"[23-Jun-2025 08:46:17 UTC] [ERROR] Please configure Openpublishing plugin with API Host and Realm ID and Brand name","log":"/logs/plugins/o/openwallet/error.json"}
,
{"message":"[23-Jun-2025 08:46:18 UTC] [ERROR] Please configure Openpublishing plugin with API Host and Realm ID and Brand name","level":"INFO","type":"OTHER","test":"ast-sqlite-boot","plugin":"openwallet","details":"[23-Jun-2025 08:46:18 UTC] [ERROR] Please configure Openpublishing plugin with API Host and Realm ID and Brand name","log":"/logs/plugins/o/openwallet/error.json"}
,
{"message":"Array and string offset access syntax with curly braces is no longer supported in /wordpress/wp-content/plugins/opensearchserver-search/opensearchserver_admin.php on line 411","level":"FATAL","type":"PHP","test":"ast-sqlite-boot","plugin":"openwallet","details":"[23-Jun-2025 08:46:27 UTC] PHP Fatal error:  Array and string offset access syntax with curly braces is no longer supported in /wordpress/wp-content/plugins/opensearchserver-search/opensearchserver_admin.php on line 411","log":"/logs/plugins/o/openwallet/error.json"}
,
{"message":"Array and string offset access syntax with curly braces is no longer supported in /wordpress/wp-content/plugins/opensearchserver-search/opensearchserver_admin.php on line 411","level":"FATAL","type":"PHP","test":"ast-sqlite-boot","plugin":"openwallet","details":"[23-Jun-2025 08:46:37 UTC] PHP Fatal error:  Array and string offset access syntax with curly braces is no longer supported in /wordpress/wp-content/plugins/opensearchserver-search/opensearchserver_admin.php on line 411","log":"/logs/plugins/o/openwallet/error.json"}
,
{"message":"Array and string offset access syntax with curly braces is no longer supported in /wordpress/wp-content/plugins/opensearchserver-search/opensearchserver_admin.php on line 411","level":"FATAL","type":"PHP","test":"ast-sqlite-boot","plugin":"openwallet","details":"[23-Jun-2025 08:46:45 UTC] PHP Fatal error:  Array and string offset access syntax with curly braces is no longer supported in /wordpress/wp-content/plugins/opensearchserver-search/opensearchserver_admin.php on line 411","log":"/logs/plugins/o/openwallet/error.json"}
,
{"message":"Uncaught Error: Undefined constant \"WPLANG\" in /wordpress/wp-content/plugins/openstat-counter/openstatcounter.php:20","level":"FATAL","type":"PHP","test":"ast-sqlite-boot","plugin":"openwallet","details":"[23-Jun-2025 08:46:55 UTC] PHP Fatal error:  Uncaught Error: Undefined constant \"WPLANG\" in /wordpress/wp-content/plugins/openstat-counter/openstatcounter.php:20\nStack trace:\n#0 /wordpress/wp-admin/includes/plugin.php(2387): include_once()\n#1 /wordpress/wp-admin/includes/plugin.php(673): plugin_sandbox_scrape('openstat-counte...')\n#2 /internal/eval.php(20): activate_plugin('openstat-counte...')\n#3 {main}\n  thrown in /wordpress/wp-content/plugins/openstat-counter/openstatcounter.php on line 20","log":"/logs/plugins/o/openwallet/error.json"}
,
{"message":"Uncaught Error: Undefined constant \"WPLANG\" in /wordpress/wp-content/plugins/openstat-counter/openstatcounter.php:20","level":"FATAL","type":"PHP","test":"ast-sqlite-boot","plugin":"openwallet","details":"[23-Jun-2025 08:47:03 UTC] PHP Fatal error:  Uncaught Error: Undefined constant \"WPLANG\" in /wordpress/wp-content/plugins/openstat-counter/openstatcounter.php:20\nStack trace:\n#0 /wordpress/wp-admin/includes/plugin.php(2387): include_once()\n#1 /wordpress/wp-admin/includes/plugin.php(673): plugin_sandbox_scrape('openstat-counte...')\n#2 /internal/eval.php(20): activate_plugin('openstat-counte...')\n#3 {main}\n  thrown in /wordpress/wp-content/plugins/openstat-counter/openstatcounter.php on line 20","log":"/logs/plugins/o/openwallet/error.json"}
,
{"message":"Uncaught Error: Undefined constant \"WPLANG\" in /wordpress/wp-content/plugins/openstat-counter/openstatcounter.php:20","level":"FATAL","type":"PHP","test":"ast-sqlite-boot","plugin":"openwallet","details":"[23-Jun-2025 08:47:12 UTC] PHP Fatal error:  Uncaught Error: Undefined constant \"WPLANG\" in /wordpress/wp-content/plugins/openstat-counter/openstatcounter.php:20\nStack trace:\n#0 /wordpress/wp-admin/includes/plugin.php(2387): include_once()\n#1 /wordpress/wp-admin/includes/plugin.php(673): plugin_sandbox_scrape('openstat-counte...')\n#2 /internal/eval.php(20): activate_plugin('openstat-counte...')\n#3 {main}\n  thrown in /wordpress/wp-content/plugins/openstat-counter/openstatcounter.php on line 20","log":"/logs/plugins/o/openwallet/error.json"}
,
{"message":"Uncaught Error: Undefined constant \"OW_URL\" in /wordpress/wp-content/plugins/openwallet/open-wallet.php:28","level":"FATAL","type":"PHP","test":"ast-sqlite-boot","plugin":"openwallet","details":"[23-Jun-2025 08:47:21 UTC] PHP Fatal error:  Uncaught Error: Undefined constant \"OW_URL\" in /wordpress/wp-content/plugins/openwallet/open-wallet.php:28\nStack trace:\n#0 /wordpress/wp-admin/includes/plugin.php(2387): include_once()\n#1 /wordpress/wp-admin/includes/plugin.php(673): plugin_sandbox_scrape('openwallet/open...')\n#2 /internal/eval.php(20): activate_plugin('openwallet/open...')\n#3 {main}\n  thrown in /wordpress/wp-content/plugins/openwallet/open-wallet.php on line 28\n\n    at Object.onBind (file:///home/runner/work/playground-tester/playground-tester/node_modules/@wp-playground/cli/run-cli-j-geJYS3.js:325:15)\n    at process.processTicksAndRejections (node:internal/process/task_queues:105:5)\n    at async re (file:///home/runner/work/playground-tester/playground-tester/node_modules/@wp-playground/cli/run-cli-j-geJYS3.js:149:10) {\n  [cause]: Error: Error when executing the blueprint step #5 ({\"step\":\"installPlugin\",\"pluginData\":{\"resource\":\"wordpress.org/plugins\",\"slug\":\"openwallet\"},\"options\":{\"activate\":true}}) : PHP.run() failed with exit code 255 and the following output: \n      at Object.run (file:///home/runner/work/playground-tester/playground-tester/node_modules/@wp-playground/blueprints/index.js:12093:19)\n      at process.processTicksAndRejections (node:internal/process/task_queues:105:5)\n      at async ys (file:///home/runner/work/playground-tester/playground-tester/node_modules/@wp-playground/blueprints/index.js:12196:3)\n      at async Object.onBind (file:///home/runner/work/playground-tester/playground-tester/node_modules/@wp-playground/cli/run-cli-j-geJYS3.js:315:48)\n      at async re (file:///home/runner/work/playground-tester/playground-tester/node_modules/@wp-playground/cli/run-cli-j-geJYS3.js:149:10) {\n    [cause]: PHPExecutionFailureError: PHP.run() failed with exit code 255 and the following output: \n        at PHP.run (file:///home/runner/work/playground-tester/playground-tester/node_modules/@php-wasm/universal/index.js:1034:19)\n        at process.processTicksAndRejections (node:internal/process/task_queues:105:5)\n        at async wr (file:///home/runner/work/playground-tester/playground-tester/node_modules/@wp-playground/blueprints/index.js:34:39)\n        at async Object.gt [as installPlugin] (file:///home/runner/work/playground-tester/playground-tester/node_modules/@wp-playground/blueprints/index.js:631:42)\n        at async g (file:///home/runner/work/playground-tester/playground-tester/node_modules/@wp-playground/blueprints/index.js:12161:30)\n        at async Object.run (file:///home/runner/work/playground-tester/playground-tester/node_modules/@wp-playground/blueprints/index.js:12090:23)\n        at async ys (file:///home/runner/work/playground-tester/playground-tester/node_modules/@wp-playground/blueprints/index.js:12196:3)\n        at async Object.onBind (file:///home/runner/work/playground-tester/playground-tester/node_modules/@wp-playground/cli/run-cli-j-geJYS3.js:315:48)\n        at async re (file:///home/runner/work/playground-tester/playground-tester/node_modules/@wp-playground/cli/run-cli-j-geJYS3.js:149:10) {\n      response: PHPResponse {\n        httpStatusCode: 500,\n        headers: {\n          'x-powered-by': [ 'PHP/8.0.30-dev' ],\n          'content-type': [ 'text/html; charset=UTF-8' ]\n        },\n        bytes: Uint8Array(0) [],\n        exitCode: 255,\n        errors: ''\n      },\n      source: 'request'\n    }\n  }\n}\n\n","log":"/logs/plugins/o/openwallet/error.json"}
]
