[
{"message":"file:///home/runner/work/playground-tester/playground-tester/node_modules/@wp-playground/cli/index.js:237\n        throw new Error(y, { cause: u });\n              ^\n","level":"FATAL","type":"PLAYGROUND","test":"ast-sqlite-boot","plugin":"leet-speak","details":"file:///home/runner/work/playground-tester/playground-tester/node_modules/@wp-playground/cli/index.js:237\n        throw new Error(y, { cause: u });\n              ^\n","log":"/tmp/tmp.8ctqEXfczW"}
,
{"message":"Uncaught TypeError: call_user_func_array(): Argument #1 ($callback) must be a valid callback, non-static method lunchcom_widget_manager::activate() cannot be called statically in /wordpress/wp-includes/class-wp-hook.php:324","level":"FATAL","type":"PHP","test":"ast-sqlite-boot","plugin":"leet-speak","details":"[14-Apr-2025 17:48:26 UTC] PHP Fatal error:  Uncaught TypeError: call_user_func_array(): Argument #1 ($callback) must be a valid callback, non-static method lunchcom_widget_manager::activate() cannot be called statically in /wordpress/wp-includes/class-wp-hook.php:324\nStack trace:\n#0 /wordpress/wp-includes/class-wp-hook.php(348): WP_Hook->apply_filters('', Array)\n#1 /wordpress/wp-includes/plugin.php(517): WP_Hook->do_action(Array)\n#2 /wordpress/wp-admin/includes/plugin.php(703): do_action('activate_lunchc...', false)\n#3 /internal/eval.php(20): activate_plugin('lunchcom-commun...')\n#4 {main}\n  thrown in /wordpress/wp-includes/class-wp-hook.php on line 324","log":"/logs/plugins/l/leet-speak/error.json"}
,
{"message":"Uncaught TypeError: call_user_func_array(): Argument #1 ($callback) must be a valid callback, non-static method lunchcom_widget_manager::activate() cannot be called statically in /wordpress/wp-includes/class-wp-hook.php:324","level":"FATAL","type":"PHP","test":"ast-sqlite-boot","plugin":"leet-speak","details":"[14-Apr-2025 17:48:34 UTC] PHP Fatal error:  Uncaught TypeError: call_user_func_array(): Argument #1 ($callback) must be a valid callback, non-static method lunchcom_widget_manager::activate() cannot be called statically in /wordpress/wp-includes/class-wp-hook.php:324\nStack trace:\n#0 /wordpress/wp-includes/class-wp-hook.php(348): WP_Hook->apply_filters('', Array)\n#1 /wordpress/wp-includes/plugin.php(517): WP_Hook->do_action(Array)\n#2 /wordpress/wp-admin/includes/plugin.php(703): do_action('activate_lunchc...', false)\n#3 /internal/eval.php(20): activate_plugin('lunchcom-commun...')\n#4 {main}\n  thrown in /wordpress/wp-includes/class-wp-hook.php on line 324","log":"/logs/plugins/l/leet-speak/error.json"}
,
{"message":"Uncaught TypeError: call_user_func_array(): Argument #1 ($callback) must be a valid callback, non-static method lunchcom_widget_manager::activate() cannot be called statically in /wordpress/wp-includes/class-wp-hook.php:324","level":"FATAL","type":"PHP","test":"ast-sqlite-boot","plugin":"leet-speak","details":"[14-Apr-2025 17:48:42 UTC] PHP Fatal error:  Uncaught TypeError: call_user_func_array(): Argument #1 ($callback) must be a valid callback, non-static method lunchcom_widget_manager::activate() cannot be called statically in /wordpress/wp-includes/class-wp-hook.php:324\nStack trace:\n#0 /wordpress/wp-includes/class-wp-hook.php(348): WP_Hook->apply_filters('', Array)\n#1 /wordpress/wp-includes/plugin.php(517): WP_Hook->do_action(Array)\n#2 /wordpress/wp-admin/includes/plugin.php(703): do_action('activate_lunchc...', false)\n#3 /internal/eval.php(20): activate_plugin('lunchcom-commun...')\n#4 {main}\n  thrown in /wordpress/wp-includes/class-wp-hook.php on line 324","log":"/logs/plugins/l/leet-speak/error.json"}
,
{"message":"Unexpected token in MySQL query: block.","level":"FATAL","type":"SQL","test":"ast-sqlite-boot","plugin":"leet-speak","details":"[14-Apr-2025 17:49:22 UTC] WordPress database error <div style=\"clear:both\">&nbsp;</div>\n<div class=\"queries\" style=\"clear:both;margin-bottom:2px;border:red dotted thin;\">\n<p>MySQL query:</p>\n<p>CREATE TABLE IF NOT EXISTS `wp_lmtttmpts_failed_attempts` (\n            `id` INT UNSIGNED NOT NULL AUTO_INCREMENT,\n            `ip` CHAR(31) NOT NULL,\n            `ip_int` BIGINT,\n            `email` VARCHAR( 255 ),\n            `failed_attempts` INT(3) NOT NULL DEFAULT '0',\n            `block` BOOL DEFAULT FALSE,\n            `block_quantity` INT(3) NOT NULL DEFAULT '0',\n            `block_start` DATETIME,\n            `block_till` DATETIME,\n            `block_by` VARCHAR( 255 ),\n            `last_failed_attempt` TIMESTAMP,\n            PRIMARY KEY (`id`)\n            ) DEFAULT CHARSET=utf8</p>\n<p>Queries made or created this session were:</p>\n<ol>\n<li>Executing: BEGIN | (no parameters)</li>\n<li>Executing: ROLLBACK | (no parameters)</li>\n</ol>\n</div>\n<div style=\"clear:both;margin-bottom:2px;border:red dotted thin;\" class=\"error_message\" style=\"border-bottom:dotted blue thin;\">\nError occurred at line 4117 in Function <code>handle_error</code>. Error message was: Unexpected token in MySQL query: block.\n</div>\n<p>Backtrace:</p>\n<pre>#0 /internal/shared/sqlite-database-integration/wp-includes/sqlite/class-wp-sqlite-db.php(287): WP_SQLite_Translator->get_error_message()\n#1 /wordpress/wp-admin/includes/upgrade.php(3271): WP_SQLite_DB->query('CREATE TABLE IF...')\n#2 /wordpress/wp-content/plugins/limit-attempts/limit-attempts.php(348): dbDelta(Array)\n#3 /wordpress/wp-content/plugins/limit-attempts/limit-attempts.php(292): lmtttmpts_create_table()\n#4 /wordpress/wp-includes/class-wp-hook.php(324): lmtttmpts_plugin_activate(false)\n#5 /wordpress/wp-includes/class-wp-hook.php(348): WP_Hook->apply_filters('', Array)\n#6 /wordpress/wp-includes/plugin.php(517): WP_Hook->do_action(Array)\n#7 /wordpress/wp-admin/includes/plugin.php(703): do_action('activate_limit-...', false)\n#8 /internal/eval.php(20): activate_plugin('limit-attempts/...')\n#9 {main}</pre>\n for query CREATE TABLE IF NOT EXISTS `wp_lmtttmpts_failed_attempts` (\n            `id` INT UNSIGNED NOT NULL AUTO_INCREMENT,\n            `ip` CHAR(31) NOT NULL,\n            `ip_int` BIGINT,\n            `email` VARCHAR( 255 ),\n            `failed_attempts` INT(3) NOT NULL DEFAULT '0',\n            `block` BOOL DEFAULT FALSE,\n            `block_quantity` INT(3) NOT NULL DEFAULT '0',\n            `block_start` DATETIME,\n            `block_till` DATETIME,\n            `block_by` VARCHAR( 255 ),\n            `last_failed_attempt` TIMESTAMP,\n            PRIMARY KEY (`id`)\n            ) DEFAULT CHARSET=utf8 made by activate_plugin, do_action('activate_limit-attempts/limit-attempts.php'), WP_Hook->do_action, WP_Hook->apply_filters, lmtttmpts_plugin_activate, lmtttmpts_create_table, dbDelta, WP_SQLite_DB->query, WP_SQLite_DB->print_error","log":"/logs/plugins/l/leet-speak/error.json"}
,
{"message":"Unexpected token in MySQL query: block.","level":"FATAL","type":"SQL","test":"ast-sqlite-boot","plugin":"leet-speak","details":"[14-Apr-2025 17:49:22 UTC] WordPress database error <div style=\"clear:both\">&nbsp;</div>\n<div class=\"queries\" style=\"clear:both;margin-bottom:2px;border:red dotted thin;\">\n<p>MySQL query:</p>\n<p>CREATE TABLE IF NOT EXISTS `wp_lmtttmpts_all_failed_attempts` (\n            `id` INT UNSIGNED NOT NULL AUTO_INCREMENT,\n            `ip` CHAR(31) NOT NULL,\n            `ip_int` BIGINT,\n            `email` VARCHAR( 255 ),\n            `failed_attempts` INT(4) NOT NULL DEFAULT '0',\n            `block` BOOL DEFAULT FALSE,\n            `block_quantity` INT(3) NOT NULL DEFAULT '0',\n            `last_failed_attempt` TIMESTAMP,\n            PRIMARY KEY (`id`)\n            ) DEFAULT CHARSET=utf8</p>\n<p>Queries made or created this session were:</p>\n<ol>\n<li>Executing: BEGIN | (no parameters)</li>\n<li>Executing: ROLLBACK | (no parameters)</li>\n</ol>\n</div>\n<div style=\"clear:both;margin-bottom:2px;border:red dotted thin;\" class=\"error_message\" style=\"border-bottom:dotted blue thin;\">\nError occurred at line 4117 in Function <code>handle_error</code>. Error message was: Unexpected token in MySQL query: block.\n</div>\n<p>Backtrace:</p>\n<pre>#0 /internal/shared/sqlite-database-integration/wp-includes/sqlite/class-wp-sqlite-db.php(287): WP_SQLite_Translator->get_error_message()\n#1 /wordpress/wp-admin/includes/upgrade.php(3271): WP_SQLite_DB->query('CREATE TABLE IF...')\n#2 /wordpress/wp-content/plugins/limit-attempts/limit-attempts.php(361): dbDelta(Array)\n#3 /wordpress/wp-content/plugins/limit-attempts/limit-attempts.php(292): lmtttmpts_create_table()\n#4 /wordpress/wp-includes/class-wp-hook.php(324): lmtttmpts_plugin_activate(false)\n#5 /wordpress/wp-includes/class-wp-hook.php(348): WP_Hook->apply_filters('', Array)\n#6 /wordpress/wp-includes/plugin.php(517): WP_Hook->do_action(Array)\n#7 /wordpress/wp-admin/includes/plugin.php(703): do_action('activate_limit-...', false)\n#8 /internal/eval.php(20): activate_plugin('limit-attempts/...')\n#9 {main}</pre>\n for query CREATE TABLE IF NOT EXISTS `wp_lmtttmpts_all_failed_attempts` (\n            `id` INT UNSIGNED NOT NULL AUTO_INCREMENT,\n            `ip` CHAR(31) NOT NULL,\n            `ip_int` BIGINT,\n            `email` VARCHAR( 255 ),\n            `failed_attempts` INT(4) NOT NULL DEFAULT '0',\n            `block` BOOL DEFAULT FALSE,\n            `block_quantity` INT(3) NOT NULL DEFAULT '0',\n            `last_failed_attempt` TIMESTAMP,\n            PRIMARY KEY (`id`)\n            ) DEFAULT CHARSET=utf8 made by activate_plugin, do_action('activate_limit-attempts/limit-attempts.php'), WP_Hook->do_action, WP_Hook->apply_filters, lmtttmpts_plugin_activate, lmtttmpts_create_table, dbDelta, WP_SQLite_DB->query, WP_SQLite_DB->print_error","log":"/logs/plugins/l/leet-speak/error.json"}
,
{"message":"SQLSTATE[HY000]: General error: 1 no such table: wp_lmtttmpts_failed_attempts.","level":"FATAL","type":"SQL","test":"ast-sqlite-boot","plugin":"leet-speak","details":"[14-Apr-2025 17:49:23 UTC] WordPress database error <div style=\"clear:both\">&nbsp;</div>\n<div class=\"queries\" style=\"clear:both;margin-bottom:2px;border:red dotted thin;\">\n<p>MySQL query:</p>\n<p>ALTER TABLE `wp_lmtttmpts_failed_attempts` ADD `block_start` DATETIME AFTER `block_quantity`;</p>\n<p>Queries made or created this session were:</p>\n<ol>\n<li>Executing: BEGIN | (no parameters)</li>\n<li>Executing: INSERT INTO _mysql_data_types_cache (`table`, `column_or_index`, `mysql_type`)\n\t\t\t\tVALUES (:table, :column, :datatype)\n\t\t\t\tON CONFLICT(`table`, `column_or_index`) DO UPDATE SET `mysql_type` = :datatype\n\t\t\t | parameters: wp_lmtttmpts_failed_attempts, `BLOCK_START`, datetime</li>\n<li>Executing: ALTER TABLE wp_lmtttmpts_failed_attempts ADD `block_start` text  ; | (no parameters)</li>\n<li>Executing: ROLLBACK | (no parameters)</li>\n</ol>\n</div>\n<div style=\"clear:both;margin-bottom:2px;border:red dotted thin;\" class=\"error_message\" style=\"border-bottom:dotted blue thin;\">\nError occurred at line 4117 in Function <code>handle_error</code>. Error message was: SQLSTATE[HY000]: General error: 1 no such table: wp_lmtttmpts_failed_attempts.\n</div>\n<p>Backtrace:</p>\n<pre>#0 /internal/shared/sqlite-database-integration/wp-includes/sqlite/class-wp-sqlite-db.php(287): WP_SQLite_Translator->get_error_message()\n#1 /wordpress/wp-content/plugins/limit-attempts/limit-attempts.php(429): WP_SQLite_DB->query('ALTER TABLE `wp...')\n#2 /wordpress/wp-content/plugins/limit-attempts/limit-attempts.php(171): register_lmtttmpts_settings()\n#3 /wordpress/wp-includes/class-wp-hook.php(324): lmtttmpts_plugin_init('')\n#4 /wordpress/wp-includes/class-wp-hook.php(348): WP_Hook->apply_filters(NULL, Array)\n#5 /wordpress/wp-includes/plugin.php(517): WP_Hook->do_action(Array)\n#6 /wordpress/wp-settings.php(704): do_action('init')\n#7 /wordpress/wp-config.php(102): require_once('/wordpress/wp-s...')\n#8 /wordpress/wp-load.php(50): require_once('/wordpress/wp-c...')\n#9 /internal/eval.php(3): require_once('/wordpress/wp-l...')\n#10 {main}</pre>\n for query ALTER TABLE `wp_lmtttmpts_failed_attempts` ADD `block_start` DATETIME AFTER `block_quantity`; made by require_once('wp-load.php'), require_once('wp-config.php'), require_once('wp-settings.php'), do_action('init'), WP_Hook->do_action, WP_Hook->apply_filters, lmtttmpts_plugin_init, register_lmtttmpts_settings, WP_SQLite_DB->query, WP_SQLite_DB->print_error","log":"/logs/plugins/l/leet-speak/error.json"}
,
{"message":"Unexpected token in MySQL query: block.","level":"FATAL","type":"SQL","test":"ast-sqlite-boot","plugin":"leet-speak","details":"[14-Apr-2025 17:49:23 UTC] WordPress database error <div style=\"clear:both\">&nbsp;</div>\n<div class=\"queries\" style=\"clear:both;margin-bottom:2px;border:red dotted thin;\">\n<p>MySQL query:</p>\n<p>CREATE TABLE IF NOT EXISTS `wp_lmtttmpts_failed_attempts` (\n            `id` INT UNSIGNED NOT NULL AUTO_INCREMENT,\n            `ip` CHAR(31) NOT NULL,\n            `ip_int` BIGINT,\n            `email` VARCHAR( 255 ),\n            `failed_attempts` INT(3) NOT NULL DEFAULT '0',\n            `block` BOOL DEFAULT FALSE,\n            `block_quantity` INT(3) NOT NULL DEFAULT '0',\n            `block_start` DATETIME,\n            `block_till` DATETIME,\n            `block_by` VARCHAR( 255 ),\n            `last_failed_attempt` TIMESTAMP,\n            PRIMARY KEY (`id`)\n            ) DEFAULT CHARSET=utf8</p>\n<p>Queries made or created this session were:</p>\n<ol>\n<li>Executing: BEGIN | (no parameters)</li>\n<li>Executing: ROLLBACK | (no parameters)</li>\n</ol>\n</div>\n<div style=\"clear:both;margin-bottom:2px;border:red dotted thin;\" class=\"error_message\" style=\"border-bottom:dotted blue thin;\">\nError occurred at line 4117 in Function <code>handle_error</code>. Error message was: Unexpected token in MySQL query: block.\n</div>\n<p>Backtrace:</p>\n<pre>#0 /internal/shared/sqlite-database-integration/wp-includes/sqlite/class-wp-sqlite-db.php(287): WP_SQLite_Translator->get_error_message()\n#1 /wordpress/wp-admin/includes/upgrade.php(3271): WP_SQLite_DB->query('CREATE TABLE IF...')\n#2 /wordpress/wp-content/plugins/limit-attempts/limit-attempts.php(348): dbDelta(Array)\n#3 /wordpress/wp-content/plugins/limit-attempts/limit-attempts.php(432): lmtttmpts_create_table()\n#4 /wordpress/wp-content/plugins/limit-attempts/limit-attempts.php(171): register_lmtttmpts_settings()\n#5 /wordpress/wp-includes/class-wp-hook.php(324): lmtttmpts_plugin_init('')\n#6 /wordpress/wp-includes/class-wp-hook.php(348): WP_Hook->apply_filters(NULL, Array)\n#7 /wordpress/wp-includes/plugin.php(517): WP_Hook->do_action(Array)\n#8 /wordpress/wp-settings.php(704): do_action('init')\n#9 /wordpress/wp-config.php(102): require_once('/wordpress/wp-s...')\n#10 /wordpress/wp-load.php(50): require_once('/wordpress/wp-c...')\n#11 /internal/eval.php(3): require_once('/wordpress/wp-l...')\n#12 {main}</pre>\n for query CREATE TABLE IF NOT EXISTS `wp_lmtttmpts_failed_attempts` (\n            `id` INT UNSIGNED NOT NULL AUTO_INCREMENT,\n            `ip` CHAR(31) NOT NULL,\n            `ip_int` BIGINT,\n            `email` VARCHAR( 255 ),\n            `failed_attempts` INT(3) NOT NULL DEFAULT '0',\n            `block` BOOL DEFAULT FALSE,\n            `block_quantity` INT(3) NOT NULL DEFAULT '0',\n            `block_start` DATETIME,\n            `block_till` DATETIME,\n            `block_by` VARCHAR( 255 ),\n            `last_failed_attempt` TIMESTAMP,\n            PRIMARY KEY (`id`)\n            ) DEFAULT CHARSET=utf8 made by require_once('wp-load.php'), require_once('wp-config.php'), require_once('wp-settings.php'), do_action('init'), WP_Hook->do_action, WP_Hook->apply_filters, lmtttmpts_plugin_init, register_lmtttmpts_settings, lmtttmpts_create_table, dbDelta, WP_SQLite_DB->query, WP_SQLite_DB->print_error","log":"/logs/plugins/l/leet-speak/error.json"}
,
{"message":"Unexpected token in MySQL query: block.","level":"FATAL","type":"SQL","test":"ast-sqlite-boot","plugin":"leet-speak","details":"[14-Apr-2025 17:49:23 UTC] WordPress database error <div style=\"clear:both\">&nbsp;</div>\n<div class=\"queries\" style=\"clear:both;margin-bottom:2px;border:red dotted thin;\">\n<p>MySQL query:</p>\n<p>CREATE TABLE IF NOT EXISTS `wp_lmtttmpts_all_failed_attempts` (\n            `id` INT UNSIGNED NOT NULL AUTO_INCREMENT,\n            `ip` CHAR(31) NOT NULL,\n            `ip_int` BIGINT,\n            `email` VARCHAR( 255 ),\n            `failed_attempts` INT(4) NOT NULL DEFAULT '0',\n            `block` BOOL DEFAULT FALSE,\n            `block_quantity` INT(3) NOT NULL DEFAULT '0',\n            `last_failed_attempt` TIMESTAMP,\n            PRIMARY KEY (`id`)\n            ) DEFAULT CHARSET=utf8</p>\n<p>Queries made or created this session were:</p>\n<ol>\n<li>Executing: BEGIN | (no parameters)</li>\n<li>Executing: ROLLBACK | (no parameters)</li>\n</ol>\n</div>\n<div style=\"clear:both;margin-bottom:2px;border:red dotted thin;\" class=\"error_message\" style=\"border-bottom:dotted blue thin;\">\nError occurred at line 4117 in Function <code>handle_error</code>. Error message was: Unexpected token in MySQL query: block.\n</div>\n<p>Backtrace:</p>\n<pre>#0 /internal/shared/sqlite-database-integration/wp-includes/sqlite/class-wp-sqlite-db.php(287): WP_SQLite_Translator->get_error_message()\n#1 /wordpress/wp-admin/includes/upgrade.php(3271): WP_SQLite_DB->query('CREATE TABLE IF...')\n#2 /wordpress/wp-content/plugins/limit-attempts/limit-attempts.php(361): dbDelta(Array)\n#3 /wordpress/wp-content/plugins/limit-attempts/limit-attempts.php(432): lmtttmpts_create_table()\n#4 /wordpress/wp-content/plugins/limit-attempts/limit-attempts.php(171): register_lmtttmpts_settings()\n#5 /wordpress/wp-includes/class-wp-hook.php(324): lmtttmpts_plugin_init('')\n#6 /wordpress/wp-includes/class-wp-hook.php(348): WP_Hook->apply_filters(NULL, Array)\n#7 /wordpress/wp-includes/plugin.php(517): WP_Hook->do_action(Array)\n#8 /wordpress/wp-settings.php(704): do_action('init')\n#9 /wordpress/wp-config.php(102): require_once('/wordpress/wp-s...')\n#10 /wordpress/wp-load.php(50): require_once('/wordpress/wp-c...')\n#11 /internal/eval.php(3): require_once('/wordpress/wp-l...')\n#12 {main}</pre>\n for query CREATE TABLE IF NOT EXISTS `wp_lmtttmpts_all_failed_attempts` (\n            `id` INT UNSIGNED NOT NULL AUTO_INCREMENT,\n            `ip` CHAR(31) NOT NULL,\n            `ip_int` BIGINT,\n            `email` VARCHAR( 255 ),\n            `failed_attempts` INT(4) NOT NULL DEFAULT '0',\n            `block` BOOL DEFAULT FALSE,\n            `block_quantity` INT(3) NOT NULL DEFAULT '0',\n            `last_failed_attempt` TIMESTAMP,\n            PRIMARY KEY (`id`)\n            ) DEFAULT CHARSET=utf8 made by require_once('wp-load.php'), require_once('wp-config.php'), require_once('wp-settings.php'), do_action('init'), WP_Hook->do_action, WP_Hook->apply_filters, lmtttmpts_plugin_init, register_lmtttmpts_settings, lmtttmpts_create_table, dbDelta, WP_SQLite_DB->query, WP_SQLite_DB->print_error","log":"/logs/plugins/l/leet-speak/error.json"}
,
{"message":"SQLSTATE[HY000]: General error: 1 no such table: wp_lmtttmpts_failed_attempts.","level":"FATAL","type":"SQL","test":"ast-sqlite-boot","plugin":"leet-speak","details":"[14-Apr-2025 17:49:24 UTC] WordPress database error <div style=\"clear:both\">&nbsp;</div>\n<div class=\"queries\" style=\"clear:both;margin-bottom:2px;border:red dotted thin;\">\n<p>MySQL query:</p>\n<p>ALTER TABLE `wp_lmtttmpts_failed_attempts` ADD `block_by` TEXT AFTER `block_till`;</p>\n<p>Queries made or created this session were:</p>\n<ol>\n<li>Executing: BEGIN | (no parameters)</li>\n<li>Executing: INSERT INTO _mysql_data_types_cache (`table`, `column_or_index`, `mysql_type`)\n\t\t\t\tVALUES (:table, :column, :datatype)\n\t\t\t\tON CONFLICT(`table`, `column_or_index`) DO UPDATE SET `mysql_type` = :datatype\n\t\t\t | parameters: wp_lmtttmpts_failed_attempts, `BLOCK_BY`, text</li>\n<li>Executing: ALTER TABLE wp_lmtttmpts_failed_attempts ADD `block_by` text  ; | (no parameters)</li>\n<li>Executing: ROLLBACK | (no parameters)</li>\n</ol>\n</div>\n<div style=\"clear:both;margin-bottom:2px;border:red dotted thin;\" class=\"error_message\" style=\"border-bottom:dotted blue thin;\">\nError occurred at line 4117 in Function <code>handle_error</code>. Error message was: SQLSTATE[HY000]: General error: 1 no such table: wp_lmtttmpts_failed_attempts.\n</div>\n<p>Backtrace:</p>\n<pre>#0 /internal/shared/sqlite-database-integration/wp-includes/sqlite/class-wp-sqlite-db.php(287): WP_SQLite_Translator->get_error_message()\n#1 /wordpress/wp-content/plugins/limit-attempts/limit-attempts.php(455): WP_SQLite_DB->query('ALTER TABLE `wp...')\n#2 /wordpress/wp-content/plugins/limit-attempts/limit-attempts.php(171): register_lmtttmpts_settings()\n#3 /wordpress/wp-includes/class-wp-hook.php(324): lmtttmpts_plugin_init('')\n#4 /wordpress/wp-includes/class-wp-hook.php(348): WP_Hook->apply_filters(NULL, Array)\n#5 /wordpress/wp-includes/plugin.php(517): WP_Hook->do_action(Array)\n#6 /wordpress/wp-settings.php(704): do_action('init')\n#7 /wordpress/wp-config.php(102): require_once('/wordpress/wp-s...')\n#8 /wordpress/wp-load.php(50): require_once('/wordpress/wp-c...')\n#9 /internal/eval.php(3): require_once('/wordpress/wp-l...')\n#10 {main}</pre>\n for query ALTER TABLE `wp_lmtttmpts_failed_attempts` ADD `block_by` TEXT AFTER `block_till`; made by require_once('wp-load.php'), require_once('wp-config.php'), require_once('wp-settings.php'), do_action('init'), WP_Hook->do_action, WP_Hook->apply_filters, lmtttmpts_plugin_init, register_lmtttmpts_settings, WP_SQLite_DB->query, WP_SQLite_DB->print_error","log":"/logs/plugins/l/leet-speak/error.json"}
,
{"message":"SQLSTATE[HY000]: General error: 1 no such table: wp_lmtttmpts_failed_attempts.","level":"FATAL","type":"SQL","test":"ast-sqlite-boot","plugin":"leet-speak","details":"[14-Apr-2025 17:49:24 UTC] WordPress database error <div style=\"clear:both\">&nbsp;</div>\n<div class=\"queries\" style=\"clear:both;margin-bottom:2px;border:red dotted thin;\">\n<p>MySQL query:</p>\n<p>ALTER TABLE `wp_lmtttmpts_failed_attempts` ADD `email` TEXT AFTER `ip_int`;</p>\n<p>Queries made or created this session were:</p>\n<ol>\n<li>Executing: BEGIN | (no parameters)</li>\n<li>Executing: INSERT INTO _mysql_data_types_cache (`table`, `column_or_index`, `mysql_type`)\n\t\t\t\tVALUES (:table, :column, :datatype)\n\t\t\t\tON CONFLICT(`table`, `column_or_index`) DO UPDATE SET `mysql_type` = :datatype\n\t\t\t | parameters: wp_lmtttmpts_failed_attempts, `EMAIL`, text</li>\n<li>Executing: ALTER TABLE wp_lmtttmpts_failed_attempts ADD `email` text  ; | (no parameters)</li>\n<li>Executing: ROLLBACK | (no parameters)</li>\n</ol>\n</div>\n<div style=\"clear:both;margin-bottom:2px;border:red dotted thin;\" class=\"error_message\" style=\"border-bottom:dotted blue thin;\">\nError occurred at line 4117 in Function <code>handle_error</code>. Error message was: SQLSTATE[HY000]: General error: 1 no such table: wp_lmtttmpts_failed_attempts.\n</div>\n<p>Backtrace:</p>\n<pre>#0 /internal/shared/sqlite-database-integration/wp-includes/sqlite/class-wp-sqlite-db.php(287): WP_SQLite_Translator->get_error_message()\n#1 /wordpress/wp-content/plugins/limit-attempts/limit-attempts.php(460): WP_SQLite_DB->query('ALTER TABLE `wp...')\n#2 /wordpress/wp-content/plugins/limit-attempts/limit-attempts.php(171): register_lmtttmpts_settings()\n#3 /wordpress/wp-includes/class-wp-hook.php(324): lmtttmpts_plugin_init('')\n#4 /wordpress/wp-includes/class-wp-hook.php(348): WP_Hook->apply_filters(NULL, Array)\n#5 /wordpress/wp-includes/plugin.php(517): WP_Hook->do_action(Array)\n#6 /wordpress/wp-settings.php(704): do_action('init')\n#7 /wordpress/wp-config.php(102): require_once('/wordpress/wp-s...')\n#8 /wordpress/wp-load.php(50): require_once('/wordpress/wp-c...')\n#9 /internal/eval.php(3): require_once('/wordpress/wp-l...')\n#10 {main}</pre>\n for query ALTER TABLE `wp_lmtttmpts_failed_attempts` ADD `email` TEXT AFTER `ip_int`; made by require_once('wp-load.php'), require_once('wp-config.php'), require_once('wp-settings.php'), do_action('init'), WP_Hook->do_action, WP_Hook->apply_filters, lmtttmpts_plugin_init, register_lmtttmpts_settings, WP_SQLite_DB->query, WP_SQLite_DB->print_error","log":"/logs/plugins/l/leet-speak/error.json"}
,
{"message":"SQLSTATE[HY000]: General error: 1 no such table: wp_lmtttmpts_failed_attempts.","level":"FATAL","type":"SQL","test":"ast-sqlite-boot","plugin":"leet-speak","details":"[14-Apr-2025 17:49:24 UTC] WordPress database error <div style=\"clear:both\">&nbsp;</div>\n<div class=\"queries\" style=\"clear:both;margin-bottom:2px;border:red dotted thin;\">\n<p>MySQL query:</p>\n<p>ALTER TABLE `wp_lmtttmpts_failed_attempts` ADD `last_failed_attempt` TIMESTAMP AFTER `block_by`;</p>\n<p>Queries made or created this session were:</p>\n<ol>\n<li>Executing: BEGIN | (no parameters)</li>\n<li>Executing: INSERT INTO _mysql_data_types_cache (`table`, `column_or_index`, `mysql_type`)\n\t\t\t\tVALUES (:table, :column, :datatype)\n\t\t\t\tON CONFLICT(`table`, `column_or_index`) DO UPDATE SET `mysql_type` = :datatype\n\t\t\t | parameters: wp_lmtttmpts_failed_attempts, `LAST_FAILED_ATTEMPT`, timestamp</li>\n<li>Executing: ALTER TABLE wp_lmtttmpts_failed_attempts ADD `last_failed_attempt` text  ; | (no parameters)</li>\n<li>Executing: ROLLBACK | (no parameters)</li>\n</ol>\n</div>\n<div style=\"clear:both;margin-bottom:2px;border:red dotted thin;\" class=\"error_message\" style=\"border-bottom:dotted blue thin;\">\nError occurred at line 4117 in Function <code>handle_error</code>. Error message was: SQLSTATE[HY000]: General error: 1 no such table: wp_lmtttmpts_failed_attempts.\n</div>\n<p>Backtrace:</p>\n<pre>#0 /internal/shared/sqlite-database-integration/wp-includes/sqlite/class-wp-sqlite-db.php(287): WP_SQLite_Translator->get_error_message()\n#1 /wordpress/wp-content/plugins/limit-attempts/limit-attempts.php(465): WP_SQLite_DB->query('ALTER TABLE `wp...')\n#2 /wordpress/wp-content/plugins/limit-attempts/limit-attempts.php(171): register_lmtttmpts_settings()\n#3 /wordpress/wp-includes/class-wp-hook.php(324): lmtttmpts_plugin_init('')\n#4 /wordpress/wp-includes/class-wp-hook.php(348): WP_Hook->apply_filters(NULL, Array)\n#5 /wordpress/wp-includes/plugin.php(517): WP_Hook->do_action(Array)\n#6 /wordpress/wp-settings.php(704): do_action('init')\n#7 /wordpress/wp-config.php(102): require_once('/wordpress/wp-s...')\n#8 /wordpress/wp-load.php(50): require_once('/wordpress/wp-c...')\n#9 /internal/eval.php(3): require_once('/wordpress/wp-l...')\n#10 {main}</pre>\n for query ALTER TABLE `wp_lmtttmpts_failed_attempts` ADD `last_failed_attempt` TIMESTAMP AFTER `block_by`; made by require_once('wp-load.php'), require_once('wp-config.php'), require_once('wp-settings.php'), do_action('init'), WP_Hook->do_action, WP_Hook->apply_filters, lmtttmpts_plugin_init, register_lmtttmpts_settings, WP_SQLite_DB->query, WP_SQLite_DB->print_error","log":"/logs/plugins/l/leet-speak/error.json"}
,
{"message":"SQLSTATE[HY000]: General error: 1 no such table: wp_lmtttmpts_all_failed_attempts.","level":"FATAL","type":"SQL","test":"ast-sqlite-boot","plugin":"leet-speak","details":"[14-Apr-2025 17:49:24 UTC] WordPress database error <div style=\"clear:both\">&nbsp;</div>\n<div class=\"queries\" style=\"clear:both;margin-bottom:2px;border:red dotted thin;\">\n<p>MySQL query:</p>\n<p>ALTER TABLE `wp_lmtttmpts_all_failed_attempts` ADD `email` TEXT AFTER `ip_int`;</p>\n<p>Queries made or created this session were:</p>\n<ol>\n<li>Executing: BEGIN | (no parameters)</li>\n<li>Executing: INSERT INTO _mysql_data_types_cache (`table`, `column_or_index`, `mysql_type`)\n\t\t\t\tVALUES (:table, :column, :datatype)\n\t\t\t\tON CONFLICT(`table`, `column_or_index`) DO UPDATE SET `mysql_type` = :datatype\n\t\t\t | parameters: wp_lmtttmpts_all_failed_attempts, `EMAIL`, text</li>\n<li>Executing: ALTER TABLE wp_lmtttmpts_all_failed_attempts ADD `email` text  ; | (no parameters)</li>\n<li>Executing: ROLLBACK | (no parameters)</li>\n</ol>\n</div>\n<div style=\"clear:both;margin-bottom:2px;border:red dotted thin;\" class=\"error_message\" style=\"border-bottom:dotted blue thin;\">\nError occurred at line 4117 in Function <code>handle_error</code>. Error message was: SQLSTATE[HY000]: General error: 1 no such table: wp_lmtttmpts_all_failed_attempts.\n</div>\n<p>Backtrace:</p>\n<pre>#0 /internal/shared/sqlite-database-integration/wp-includes/sqlite/class-wp-sqlite-db.php(287): WP_SQLite_Translator->get_error_message()\n#1 /wordpress/wp-content/plugins/limit-attempts/limit-attempts.php(470): WP_SQLite_DB->query('ALTER TABLE `wp...')\n#2 /wordpress/wp-content/plugins/limit-attempts/limit-attempts.php(171): register_lmtttmpts_settings()\n#3 /wordpress/wp-includes/class-wp-hook.php(324): lmtttmpts_plugin_init('')\n#4 /wordpress/wp-includes/class-wp-hook.php(348): WP_Hook->apply_filters(NULL, Array)\n#5 /wordpress/wp-includes/plugin.php(517): WP_Hook->do_action(Array)\n#6 /wordpress/wp-settings.php(704): do_action('init')\n#7 /wordpress/wp-config.php(102): require_once('/wordpress/wp-s...')\n#8 /wordpress/wp-load.php(50): require_once('/wordpress/wp-c...')\n#9 /internal/eval.php(3): require_once('/wordpress/wp-l...')\n#10 {main}</pre>\n for query ALTER TABLE `wp_lmtttmpts_all_failed_attempts` ADD `email` TEXT AFTER `ip_int`; made by require_once('wp-load.php'), require_once('wp-config.php'), require_once('wp-settings.php'), do_action('init'), WP_Hook->do_action, WP_Hook->apply_filters, lmtttmpts_plugin_init, register_lmtttmpts_settings, WP_SQLite_DB->query, WP_SQLite_DB->print_error","log":"/logs/plugins/l/leet-speak/error.json"}
,
{"message":"Data type expected in MySQL query, unknown token received: BOOL.","level":"FATAL","type":"SQL","test":"ast-sqlite-boot","plugin":"leet-speak","details":"[14-Apr-2025 17:49:24 UTC] WordPress database error <div style=\"clear:both\">&nbsp;</div>\n<div class=\"queries\" style=\"clear:both;margin-bottom:2px;border:red dotted thin;\">\n<p>MySQL query:</p>\n<p>ALTER TABLE `wp_lmtttmpts_all_failed_attempts` ADD `block` BOOL DEFAULT FALSE AFTER `failed_attempts`;</p>\n<p>Queries made or created this session were:</p>\n<ol>\n<li>Executing: BEGIN | (no parameters)</li>\n<li>Executing: ROLLBACK | (no parameters)</li>\n</ol>\n</div>\n<div style=\"clear:both;margin-bottom:2px;border:red dotted thin;\" class=\"error_message\" style=\"border-bottom:dotted blue thin;\">\nError occurred at line 4117 in Function <code>handle_error</code>. Error message was: Data type expected in MySQL query, unknown token received: BOOL.\n</div>\n<p>Backtrace:</p>\n<pre>#0 /internal/shared/sqlite-database-integration/wp-includes/sqlite/class-wp-sqlite-db.php(287): WP_SQLite_Translator->get_error_message()\n#1 /wordpress/wp-content/plugins/limit-attempts/limit-attempts.php(475): WP_SQLite_DB->query('ALTER TABLE `wp...')\n#2 /wordpress/wp-content/plugins/limit-attempts/limit-attempts.php(171): register_lmtttmpts_settings()\n#3 /wordpress/wp-includes/class-wp-hook.php(324): lmtttmpts_plugin_init('')\n#4 /wordpress/wp-includes/class-wp-hook.php(348): WP_Hook->apply_filters(NULL, Array)\n#5 /wordpress/wp-includes/plugin.php(517): WP_Hook->do_action(Array)\n#6 /wordpress/wp-settings.php(704): do_action('init')\n#7 /wordpress/wp-config.php(102): require_once('/wordpress/wp-s...')\n#8 /wordpress/wp-load.php(50): require_once('/wordpress/wp-c...')\n#9 /internal/eval.php(3): require_once('/wordpress/wp-l...')\n#10 {main}</pre>\n for query ALTER TABLE `wp_lmtttmpts_all_failed_attempts` ADD `block` BOOL DEFAULT FALSE AFTER `failed_attempts`; made by require_once('wp-load.php'), require_once('wp-config.php'), require_once('wp-settings.php'), do_action('init'), WP_Hook->do_action, WP_Hook->apply_filters, lmtttmpts_plugin_init, register_lmtttmpts_settings, WP_SQLite_DB->query, WP_SQLite_DB->print_error","log":"/logs/plugins/l/leet-speak/error.json"}
,
{"message":"SQLSTATE[HY000]: General error: 1 near \",\": syntax error.","level":"FATAL","type":"SQL","test":"ast-sqlite-boot","plugin":"leet-speak","details":"[14-Apr-2025 17:49:24 UTC] WordPress database error <div style=\"clear:both\">&nbsp;</div>\n<div class=\"queries\" style=\"clear:both;margin-bottom:2px;border:red dotted thin;\">\n<p>MySQL query:</p>\n<p>ALTER TABLE wp_lmtttmpts_denylist\n\t\t\t\t\t\t\tDROP `ip_from`,\n\t\t\t\t\t\t\tDROP `ip_to`,\n\t\t\t\t\t\t\tDROP `ip_from_int`,\n\t\t\t\t\t\t\tDROP `ip_to_int`;</p>\n<p>Queries made or created this session were:</p>\n<ol>\n<li>Executing: BEGIN | (no parameters)</li>\n<li>Executing: ALTER TABLE wp_lmtttmpts_denylist\n\t\t\t\t\t\t\tDROP `ip_from`,\n\t\t\t\t\t\t\tDROP `ip_to`,\n\t\t\t\t\t\t\tDROP `ip_from_int`,\n\t\t\t\t\t\t\tDROP `ip_to_int`; | (no parameters)</li>\n<li>Executing: ROLLBACK | (no parameters)</li>\n</ol>\n</div>\n<div style=\"clear:both;margin-bottom:2px;border:red dotted thin;\" class=\"error_message\" style=\"border-bottom:dotted blue thin;\">\nError occurred at line 4117 in Function <code>handle_error</code>. Error message was: SQLSTATE[HY000]: General error: 1 near \",\": syntax error.\n</div>\n<p>Backtrace:</p>\n<pre>#0 /internal/shared/sqlite-database-integration/wp-includes/sqlite/class-wp-sqlite-db.php(287): WP_SQLite_Translator->get_error_message()\n#1 /wordpress/wp-content/plugins/limit-attempts/limit-attempts.php(513): WP_SQLite_DB->query('ALTER TABLE wp_...')\n#2 /wordpress/wp-content/plugins/limit-attempts/limit-attempts.php(171): register_lmtttmpts_settings()\n#3 /wordpress/wp-includes/class-wp-hook.php(324): lmtttmpts_plugin_init('')\n#4 /wordpress/wp-includes/class-wp-hook.php(348): WP_Hook->apply_filters(NULL, Array)\n#5 /wordpress/wp-includes/plugin.php(517): WP_Hook->do_action(Array)\n#6 /wordpress/wp-settings.php(704): do_action('init')\n#7 /wordpress/wp-config.php(102): require_once('/wordpress/wp-s...')\n#8 /wordpress/wp-load.php(50): require_once('/wordpress/wp-c...')\n#9 /internal/eval.php(3): require_once('/wordpress/wp-l...')\n#10 {main}</pre>\n for query ALTER TABLE wp_lmtttmpts_denylist\n\t\t\t\t\t\t\tDROP `ip_from`,\n\t\t\t\t\t\t\tDROP `ip_to`,\n\t\t\t\t\t\t\tDROP `ip_from_int`,\n\t\t\t\t\t\t\tDROP `ip_to_int`; made by require_once('wp-load.php'), require_once('wp-config.php'), require_once('wp-settings.php'), do_action('init'), WP_Hook->do_action, WP_Hook->apply_filters, lmtttmpts_plugin_init, register_lmtttmpts_settings, WP_SQLite_DB->query, WP_SQLite_DB->print_error","log":"/logs/plugins/l/leet-speak/error.json"}
,
{"message":"SQLSTATE[HY000]: General error: 1 near \",\": syntax error.","level":"FATAL","type":"SQL","test":"ast-sqlite-boot","plugin":"leet-speak","details":"[14-Apr-2025 17:49:24 UTC] WordPress database error <div style=\"clear:both\">&nbsp;</div>\n<div class=\"queries\" style=\"clear:both;margin-bottom:2px;border:red dotted thin;\">\n<p>MySQL query:</p>\n<p>ALTER TABLE wp_lmtttmpts_allowlist\n\t\t\t\t\t\t\tDROP `ip_from`,\n\t\t\t\t\t\t\tDROP `ip_to`,\n\t\t\t\t\t\t\tDROP `ip_from_int`,\n\t\t\t\t\t\t\tDROP `ip_to_int`;</p>\n<p>Queries made or created this session were:</p>\n<ol>\n<li>Executing: BEGIN | (no parameters)</li>\n<li>Executing: ALTER TABLE wp_lmtttmpts_allowlist\n\t\t\t\t\t\t\tDROP `ip_from`,\n\t\t\t\t\t\t\tDROP `ip_to`,\n\t\t\t\t\t\t\tDROP `ip_from_int`,\n\t\t\t\t\t\t\tDROP `ip_to_int`; | (no parameters)</li>\n<li>Executing: ROLLBACK | (no parameters)</li>\n</ol>\n</div>\n<div style=\"clear:both;margin-bottom:2px;border:red dotted thin;\" class=\"error_message\" style=\"border-bottom:dotted blue thin;\">\nError occurred at line 4117 in Function <code>handle_error</code>. Error message was: SQLSTATE[HY000]: General error: 1 near \",\": syntax error.\n</div>\n<p>Backtrace:</p>\n<pre>#0 /internal/shared/sqlite-database-integration/wp-includes/sqlite/class-wp-sqlite-db.php(287): WP_SQLite_Translator->get_error_message()\n#1 /wordpress/wp-content/plugins/limit-attempts/limit-attempts.php(513): WP_SQLite_DB->query('ALTER TABLE wp_...')\n#2 /wordpress/wp-content/plugins/limit-attempts/limit-attempts.php(171): register_lmtttmpts_settings()\n#3 /wordpress/wp-includes/class-wp-hook.php(324): lmtttmpts_plugin_init('')\n#4 /wordpress/wp-includes/class-wp-hook.php(348): WP_Hook->apply_filters(NULL, Array)\n#5 /wordpress/wp-includes/plugin.php(517): WP_Hook->do_action(Array)\n#6 /wordpress/wp-settings.php(704): do_action('init')\n#7 /wordpress/wp-config.php(102): require_once('/wordpress/wp-s...')\n#8 /wordpress/wp-load.php(50): require_once('/wordpress/wp-c...')\n#9 /internal/eval.php(3): require_once('/wordpress/wp-l...')\n#10 {main}</pre>\n for query ALTER TABLE wp_lmtttmpts_allowlist\n\t\t\t\t\t\t\tDROP `ip_from`,\n\t\t\t\t\t\t\tDROP `ip_to`,\n\t\t\t\t\t\t\tDROP `ip_from_int`,\n\t\t\t\t\t\t\tDROP `ip_to_int`; made by require_once('wp-load.php'), require_once('wp-config.php'), require_once('wp-settings.php'), do_action('init'), WP_Hook->do_action, WP_Hook->apply_filters, lmtttmpts_plugin_init, register_lmtttmpts_settings, WP_SQLite_DB->query, WP_SQLite_DB->print_error","log":"/logs/plugins/l/leet-speak/error.json"}
,
{"message":"SQLSTATE[HY000]: General error: 1 near \"ADD\": syntax error.","level":"FATAL","type":"SQL","test":"ast-sqlite-boot","plugin":"leet-speak","details":"[14-Apr-2025 17:49:24 UTC] WordPress database error <div style=\"clear:both\">&nbsp;</div>\n<div class=\"queries\" style=\"clear:both;margin-bottom:2px;border:red dotted thin;\">\n<p>MySQL query:</p>\n<p>ALTER TABLE wp_lmtttmpts_failed_attempts DROP PRIMARY KEY, ADD `id` INT UNSIGNED NOT NULL AUTO_INCREMENT PRIMARY KEY FIRST;</p>\n<p>Queries made or created this session were:</p>\n<ol>\n<li>Executing: BEGIN | (no parameters)</li>\n<li>Executing: DROP INDEX &quot;wp_lmtttmpts_failed_attempts__,&quot; ADD `id` INT UNSIGNED NOT NULL AUTO_INCREMENT PRIMARY KEY FIRST; | (no parameters)</li>\n<li>Executing: ROLLBACK | (no parameters)</li>\n</ol>\n</div>\n<div style=\"clear:both;margin-bottom:2px;border:red dotted thin;\" class=\"error_message\" style=\"border-bottom:dotted blue thin;\">\nError occurred at line 4117 in Function <code>handle_error</code>. Error message was: SQLSTATE[HY000]: General error: 1 near \"ADD\": syntax error.\n</div>\n<p>Backtrace:</p>\n<pre>#0 /internal/shared/sqlite-database-integration/wp-includes/sqlite/class-wp-sqlite-db.php(287): WP_SQLite_Translator->get_error_message()\n#1 /wordpress/wp-content/plugins/limit-attempts/limit-attempts.php(506): WP_SQLite_DB->query('ALTER TABLE wp_...')\n#2 /wordpress/wp-content/plugins/limit-attempts/limit-attempts.php(171): register_lmtttmpts_settings()\n#3 /wordpress/wp-includes/class-wp-hook.php(324): lmtttmpts_plugin_init('')\n#4 /wordpress/wp-includes/class-wp-hook.php(348): WP_Hook->apply_filters(NULL, Array)\n#5 /wordpress/wp-includes/plugin.php(517): WP_Hook->do_action(Array)\n#6 /wordpress/wp-settings.php(704): do_action('init')\n#7 /wordpress/wp-config.php(102): require_once('/wordpress/wp-s...')\n#8 /wordpress/wp-load.php(50): require_once('/wordpress/wp-c...')\n#9 /internal/eval.php(3): require_once('/wordpress/wp-l...')\n#10 {main}</pre>\n for query ALTER TABLE wp_lmtttmpts_failed_attempts DROP PRIMARY KEY, ADD `id` INT UNSIGNED NOT NULL AUTO_INCREMENT PRIMARY KEY FIRST; made by require_once('wp-load.php'), require_once('wp-config.php'), require_once('wp-settings.php'), do_action('init'), WP_Hook->do_action, WP_Hook->apply_filters, lmtttmpts_plugin_init, register_lmtttmpts_settings, WP_SQLite_DB->query, WP_SQLite_DB->print_error","log":"/logs/plugins/l/leet-speak/error.json"}
,
{"message":"SQLSTATE[HY000]: General error: 1 near \"ADD\": syntax error.","level":"FATAL","type":"SQL","test":"ast-sqlite-boot","plugin":"leet-speak","details":"[14-Apr-2025 17:49:24 UTC] WordPress database error <div style=\"clear:both\">&nbsp;</div>\n<div class=\"queries\" style=\"clear:both;margin-bottom:2px;border:red dotted thin;\">\n<p>MySQL query:</p>\n<p>ALTER TABLE wp_lmtttmpts_all_failed_attempts DROP PRIMARY KEY, ADD `id` INT UNSIGNED NOT NULL AUTO_INCREMENT PRIMARY KEY FIRST;</p>\n<p>Queries made or created this session were:</p>\n<ol>\n<li>Executing: BEGIN | (no parameters)</li>\n<li>Executing: DROP INDEX &quot;wp_lmtttmpts_all_failed_attempts__,&quot; ADD `id` INT UNSIGNED NOT NULL AUTO_INCREMENT PRIMARY KEY FIRST; | (no parameters)</li>\n<li>Executing: ROLLBACK | (no parameters)</li>\n</ol>\n</div>\n<div style=\"clear:both;margin-bottom:2px;border:red dotted thin;\" class=\"error_message\" style=\"border-bottom:dotted blue thin;\">\nError occurred at line 4117 in Function <code>handle_error</code>. Error message was: SQLSTATE[HY000]: General error: 1 near \"ADD\": syntax error.\n</div>\n<p>Backtrace:</p>\n<pre>#0 /internal/shared/sqlite-database-integration/wp-includes/sqlite/class-wp-sqlite-db.php(287): WP_SQLite_Translator->get_error_message()\n#1 /wordpress/wp-content/plugins/limit-attempts/limit-attempts.php(506): WP_SQLite_DB->query('ALTER TABLE wp_...')\n#2 /wordpress/wp-content/plugins/limit-attempts/limit-attempts.php(171): register_lmtttmpts_settings()\n#3 /wordpress/wp-includes/class-wp-hook.php(324): lmtttmpts_plugin_init('')\n#4 /wordpress/wp-includes/class-wp-hook.php(348): WP_Hook->apply_filters(NULL, Array)\n#5 /wordpress/wp-includes/plugin.php(517): WP_Hook->do_action(Array)\n#6 /wordpress/wp-settings.php(704): do_action('init')\n#7 /wordpress/wp-config.php(102): require_once('/wordpress/wp-s...')\n#8 /wordpress/wp-load.php(50): require_once('/wordpress/wp-c...')\n#9 /internal/eval.php(3): require_once('/wordpress/wp-l...')\n#10 {main}</pre>\n for query ALTER TABLE wp_lmtttmpts_all_failed_attempts DROP PRIMARY KEY, ADD `id` INT UNSIGNED NOT NULL AUTO_INCREMENT PRIMARY KEY FIRST; made by require_once('wp-load.php'), require_once('wp-config.php'), require_once('wp-settings.php'), do_action('init'), WP_Hook->do_action, WP_Hook->apply_filters, lmtttmpts_plugin_init, register_lmtttmpts_settings, WP_SQLite_DB->query, WP_SQLite_DB->print_error","log":"/logs/plugins/l/leet-speak/error.json"}
,
{"message":"Unexpected token in MySQL query: block.","level":"FATAL","type":"SQL","test":"ast-sqlite-boot","plugin":"leet-speak","details":"[14-Apr-2025 17:49:32 UTC] WordPress database error <div style=\"clear:both\">&nbsp;</div>\n<div class=\"queries\" style=\"clear:both;margin-bottom:2px;border:red dotted thin;\">\n<p>MySQL query:</p>\n<p>CREATE TABLE IF NOT EXISTS `wp_lmtttmpts_failed_attempts` (\n            `id` INT UNSIGNED NOT NULL AUTO_INCREMENT,\n            `ip` CHAR(31) NOT NULL,\n            `ip_int` BIGINT,\n            `email` VARCHAR( 255 ),\n            `failed_attempts` INT(3) NOT NULL DEFAULT '0',\n            `block` BOOL DEFAULT FALSE,\n            `block_quantity` INT(3) NOT NULL DEFAULT '0',\n            `block_start` DATETIME,\n            `block_till` DATETIME,\n            `block_by` VARCHAR( 255 ),\n            `last_failed_attempt` TIMESTAMP,\n            PRIMARY KEY (`id`)\n            ) DEFAULT CHARSET=utf8</p>\n<p>Queries made or created this session were:</p>\n<ol>\n<li>Executing: BEGIN | (no parameters)</li>\n<li>Executing: ROLLBACK | (no parameters)</li>\n</ol>\n</div>\n<div style=\"clear:both;margin-bottom:2px;border:red dotted thin;\" class=\"error_message\" style=\"border-bottom:dotted blue thin;\">\nError occurred at line 4117 in Function <code>handle_error</code>. Error message was: Unexpected token in MySQL query: block.\n</div>\n<p>Backtrace:</p>\n<pre>#0 /internal/shared/sqlite-database-integration/wp-includes/sqlite/class-wp-sqlite-db.php(287): WP_SQLite_Translator->get_error_message()\n#1 /wordpress/wp-admin/includes/upgrade.php(3271): WP_SQLite_DB->query('CREATE TABLE IF...')\n#2 /wordpress/wp-content/plugins/limit-attempts/limit-attempts.php(348): dbDelta(Array)\n#3 /wordpress/wp-content/plugins/limit-attempts/limit-attempts.php(292): lmtttmpts_create_table()\n#4 /wordpress/wp-includes/class-wp-hook.php(324): lmtttmpts_plugin_activate(false)\n#5 /wordpress/wp-includes/class-wp-hook.php(348): WP_Hook->apply_filters('', Array)\n#6 /wordpress/wp-includes/plugin.php(517): WP_Hook->do_action(Array)\n#7 /wordpress/wp-admin/includes/plugin.php(703): do_action('activate_limit-...', false)\n#8 /internal/eval.php(20): activate_plugin('limit-attempts/...')\n#9 {main}</pre>\n for query CREATE TABLE IF NOT EXISTS `wp_lmtttmpts_failed_attempts` (\n            `id` INT UNSIGNED NOT NULL AUTO_INCREMENT,\n            `ip` CHAR(31) NOT NULL,\n            `ip_int` BIGINT,\n            `email` VARCHAR( 255 ),\n            `failed_attempts` INT(3) NOT NULL DEFAULT '0',\n            `block` BOOL DEFAULT FALSE,\n            `block_quantity` INT(3) NOT NULL DEFAULT '0',\n            `block_start` DATETIME,\n            `block_till` DATETIME,\n            `block_by` VARCHAR( 255 ),\n            `last_failed_attempt` TIMESTAMP,\n            PRIMARY KEY (`id`)\n            ) DEFAULT CHARSET=utf8 made by activate_plugin, do_action('activate_limit-attempts/limit-attempts.php'), WP_Hook->do_action, WP_Hook->apply_filters, lmtttmpts_plugin_activate, lmtttmpts_create_table, dbDelta, WP_SQLite_DB->query, WP_SQLite_DB->print_error","log":"/logs/plugins/l/leet-speak/error.json"}
,
{"message":"Unexpected token in MySQL query: block.","level":"FATAL","type":"SQL","test":"ast-sqlite-boot","plugin":"leet-speak","details":"[14-Apr-2025 17:49:32 UTC] WordPress database error <div style=\"clear:both\">&nbsp;</div>\n<div class=\"queries\" style=\"clear:both;margin-bottom:2px;border:red dotted thin;\">\n<p>MySQL query:</p>\n<p>CREATE TABLE IF NOT EXISTS `wp_lmtttmpts_all_failed_attempts` (\n            `id` INT UNSIGNED NOT NULL AUTO_INCREMENT,\n            `ip` CHAR(31) NOT NULL,\n            `ip_int` BIGINT,\n            `email` VARCHAR( 255 ),\n            `failed_attempts` INT(4) NOT NULL DEFAULT '0',\n            `block` BOOL DEFAULT FALSE,\n            `block_quantity` INT(3) NOT NULL DEFAULT '0',\n            `last_failed_attempt` TIMESTAMP,\n            PRIMARY KEY (`id`)\n            ) DEFAULT CHARSET=utf8</p>\n<p>Queries made or created this session were:</p>\n<ol>\n<li>Executing: BEGIN | (no parameters)</li>\n<li>Executing: ROLLBACK | (no parameters)</li>\n</ol>\n</div>\n<div style=\"clear:both;margin-bottom:2px;border:red dotted thin;\" class=\"error_message\" style=\"border-bottom:dotted blue thin;\">\nError occurred at line 4117 in Function <code>handle_error</code>. Error message was: Unexpected token in MySQL query: block.\n</div>\n<p>Backtrace:</p>\n<pre>#0 /internal/shared/sqlite-database-integration/wp-includes/sqlite/class-wp-sqlite-db.php(287): WP_SQLite_Translator->get_error_message()\n#1 /wordpress/wp-admin/includes/upgrade.php(3271): WP_SQLite_DB->query('CREATE TABLE IF...')\n#2 /wordpress/wp-content/plugins/limit-attempts/limit-attempts.php(361): dbDelta(Array)\n#3 /wordpress/wp-content/plugins/limit-attempts/limit-attempts.php(292): lmtttmpts_create_table()\n#4 /wordpress/wp-includes/class-wp-hook.php(324): lmtttmpts_plugin_activate(false)\n#5 /wordpress/wp-includes/class-wp-hook.php(348): WP_Hook->apply_filters('', Array)\n#6 /wordpress/wp-includes/plugin.php(517): WP_Hook->do_action(Array)\n#7 /wordpress/wp-admin/includes/plugin.php(703): do_action('activate_limit-...', false)\n#8 /internal/eval.php(20): activate_plugin('limit-attempts/...')\n#9 {main}</pre>\n for query CREATE TABLE IF NOT EXISTS `wp_lmtttmpts_all_failed_attempts` (\n            `id` INT UNSIGNED NOT NULL AUTO_INCREMENT,\n            `ip` CHAR(31) NOT NULL,\n            `ip_int` BIGINT,\n            `email` VARCHAR( 255 ),\n            `failed_attempts` INT(4) NOT NULL DEFAULT '0',\n            `block` BOOL DEFAULT FALSE,\n            `block_quantity` INT(3) NOT NULL DEFAULT '0',\n            `last_failed_attempt` TIMESTAMP,\n            PRIMARY KEY (`id`)\n            ) DEFAULT CHARSET=utf8 made by activate_plugin, do_action('activate_limit-attempts/limit-attempts.php'), WP_Hook->do_action, WP_Hook->apply_filters, lmtttmpts_plugin_activate, lmtttmpts_create_table, dbDelta, WP_SQLite_DB->query, WP_SQLite_DB->print_error","log":"/logs/plugins/l/leet-speak/error.json"}
,
{"message":"SQLSTATE[HY000]: General error: 1 no such table: wp_lmtttmpts_failed_attempts.","level":"FATAL","type":"SQL","test":"ast-sqlite-boot","plugin":"leet-speak","details":"[14-Apr-2025 17:49:34 UTC] WordPress database error <div style=\"clear:both\">&nbsp;</div>\n<div class=\"queries\" style=\"clear:both;margin-bottom:2px;border:red dotted thin;\">\n<p>MySQL query:</p>\n<p>ALTER TABLE `wp_lmtttmpts_failed_attempts` ADD `block_start` DATETIME AFTER `block_quantity`;</p>\n<p>Queries made or created this session were:</p>\n<ol>\n<li>Executing: BEGIN | (no parameters)</li>\n<li>Executing: INSERT INTO _mysql_data_types_cache (`table`, `column_or_index`, `mysql_type`)\n\t\t\t\tVALUES (:table, :column, :datatype)\n\t\t\t\tON CONFLICT(`table`, `column_or_index`) DO UPDATE SET `mysql_type` = :datatype\n\t\t\t | parameters: wp_lmtttmpts_failed_attempts, `BLOCK_START`, datetime</li>\n<li>Executing: ALTER TABLE wp_lmtttmpts_failed_attempts ADD `block_start` text  ; | (no parameters)</li>\n<li>Executing: ROLLBACK | (no parameters)</li>\n</ol>\n</div>\n<div style=\"clear:both;margin-bottom:2px;border:red dotted thin;\" class=\"error_message\" style=\"border-bottom:dotted blue thin;\">\nError occurred at line 4117 in Function <code>handle_error</code>. Error message was: SQLSTATE[HY000]: General error: 1 no such table: wp_lmtttmpts_failed_attempts.\n</div>\n<p>Backtrace:</p>\n<pre>#0 /internal/shared/sqlite-database-integration/wp-includes/sqlite/class-wp-sqlite-db.php(287): WP_SQLite_Translator->get_error_message()\n#1 /wordpress/wp-content/plugins/limit-attempts/limit-attempts.php(429): WP_SQLite_DB->query('ALTER TABLE `wp...')\n#2 /wordpress/wp-content/plugins/limit-attempts/limit-attempts.php(171): register_lmtttmpts_settings()\n#3 /wordpress/wp-includes/class-wp-hook.php(324): lmtttmpts_plugin_init('')\n#4 /wordpress/wp-includes/class-wp-hook.php(348): WP_Hook->apply_filters(NULL, Array)\n#5 /wordpress/wp-includes/plugin.php(517): WP_Hook->do_action(Array)\n#6 /wordpress/wp-settings.php(704): do_action('init')\n#7 /wordpress/wp-config.php(102): require_once('/wordpress/wp-s...')\n#8 /wordpress/wp-load.php(50): require_once('/wordpress/wp-c...')\n#9 /internal/eval.php(3): require_once('/wordpress/wp-l...')\n#10 {main}</pre>\n for query ALTER TABLE `wp_lmtttmpts_failed_attempts` ADD `block_start` DATETIME AFTER `block_quantity`; made by require_once('wp-load.php'), require_once('wp-config.php'), require_once('wp-settings.php'), do_action('init'), WP_Hook->do_action, WP_Hook->apply_filters, lmtttmpts_plugin_init, register_lmtttmpts_settings, WP_SQLite_DB->query, WP_SQLite_DB->print_error","log":"/logs/plugins/l/leet-speak/error.json"}
,
{"message":"Unexpected token in MySQL query: block.","level":"FATAL","type":"SQL","test":"ast-sqlite-boot","plugin":"leet-speak","details":"[14-Apr-2025 17:49:34 UTC] WordPress database error <div style=\"clear:both\">&nbsp;</div>\n<div class=\"queries\" style=\"clear:both;margin-bottom:2px;border:red dotted thin;\">\n<p>MySQL query:</p>\n<p>CREATE TABLE IF NOT EXISTS `wp_lmtttmpts_failed_attempts` (\n            `id` INT UNSIGNED NOT NULL AUTO_INCREMENT,\n            `ip` CHAR(31) NOT NULL,\n            `ip_int` BIGINT,\n            `email` VARCHAR( 255 ),\n            `failed_attempts` INT(3) NOT NULL DEFAULT '0',\n            `block` BOOL DEFAULT FALSE,\n            `block_quantity` INT(3) NOT NULL DEFAULT '0',\n            `block_start` DATETIME,\n            `block_till` DATETIME,\n            `block_by` VARCHAR( 255 ),\n            `last_failed_attempt` TIMESTAMP,\n            PRIMARY KEY (`id`)\n            ) DEFAULT CHARSET=utf8</p>\n<p>Queries made or created this session were:</p>\n<ol>\n<li>Executing: BEGIN | (no parameters)</li>\n<li>Executing: ROLLBACK | (no parameters)</li>\n</ol>\n</div>\n<div style=\"clear:both;margin-bottom:2px;border:red dotted thin;\" class=\"error_message\" style=\"border-bottom:dotted blue thin;\">\nError occurred at line 4117 in Function <code>handle_error</code>. Error message was: Unexpected token in MySQL query: block.\n</div>\n<p>Backtrace:</p>\n<pre>#0 /internal/shared/sqlite-database-integration/wp-includes/sqlite/class-wp-sqlite-db.php(287): WP_SQLite_Translator->get_error_message()\n#1 /wordpress/wp-admin/includes/upgrade.php(3271): WP_SQLite_DB->query('CREATE TABLE IF...')\n#2 /wordpress/wp-content/plugins/limit-attempts/limit-attempts.php(348): dbDelta(Array)\n#3 /wordpress/wp-content/plugins/limit-attempts/limit-attempts.php(432): lmtttmpts_create_table()\n#4 /wordpress/wp-content/plugins/limit-attempts/limit-attempts.php(171): register_lmtttmpts_settings()\n#5 /wordpress/wp-includes/class-wp-hook.php(324): lmtttmpts_plugin_init('')\n#6 /wordpress/wp-includes/class-wp-hook.php(348): WP_Hook->apply_filters(NULL, Array)\n#7 /wordpress/wp-includes/plugin.php(517): WP_Hook->do_action(Array)\n#8 /wordpress/wp-settings.php(704): do_action('init')\n#9 /wordpress/wp-config.php(102): require_once('/wordpress/wp-s...')\n#10 /wordpress/wp-load.php(50): require_once('/wordpress/wp-c...')\n#11 /internal/eval.php(3): require_once('/wordpress/wp-l...')\n#12 {main}</pre>\n for query CREATE TABLE IF NOT EXISTS `wp_lmtttmpts_failed_attempts` (\n            `id` INT UNSIGNED NOT NULL AUTO_INCREMENT,\n            `ip` CHAR(31) NOT NULL,\n            `ip_int` BIGINT,\n            `email` VARCHAR( 255 ),\n            `failed_attempts` INT(3) NOT NULL DEFAULT '0',\n            `block` BOOL DEFAULT FALSE,\n            `block_quantity` INT(3) NOT NULL DEFAULT '0',\n            `block_start` DATETIME,\n            `block_till` DATETIME,\n            `block_by` VARCHAR( 255 ),\n            `last_failed_attempt` TIMESTAMP,\n            PRIMARY KEY (`id`)\n            ) DEFAULT CHARSET=utf8 made by require_once('wp-load.php'), require_once('wp-config.php'), require_once('wp-settings.php'), do_action('init'), WP_Hook->do_action, WP_Hook->apply_filters, lmtttmpts_plugin_init, register_lmtttmpts_settings, lmtttmpts_create_table, dbDelta, WP_SQLite_DB->query, WP_SQLite_DB->print_error","log":"/logs/plugins/l/leet-speak/error.json"}
,
{"message":"Unexpected token in MySQL query: block.","level":"FATAL","type":"SQL","test":"ast-sqlite-boot","plugin":"leet-speak","details":"[14-Apr-2025 17:49:34 UTC] WordPress database error <div style=\"clear:both\">&nbsp;</div>\n<div class=\"queries\" style=\"clear:both;margin-bottom:2px;border:red dotted thin;\">\n<p>MySQL query:</p>\n<p>CREATE TABLE IF NOT EXISTS `wp_lmtttmpts_all_failed_attempts` (\n            `id` INT UNSIGNED NOT NULL AUTO_INCREMENT,\n            `ip` CHAR(31) NOT NULL,\n            `ip_int` BIGINT,\n            `email` VARCHAR( 255 ),\n            `failed_attempts` INT(4) NOT NULL DEFAULT '0',\n            `block` BOOL DEFAULT FALSE,\n            `block_quantity` INT(3) NOT NULL DEFAULT '0',\n            `last_failed_attempt` TIMESTAMP,\n            PRIMARY KEY (`id`)\n            ) DEFAULT CHARSET=utf8</p>\n<p>Queries made or created this session were:</p>\n<ol>\n<li>Executing: BEGIN | (no parameters)</li>\n<li>Executing: ROLLBACK | (no parameters)</li>\n</ol>\n</div>\n<div style=\"clear:both;margin-bottom:2px;border:red dotted thin;\" class=\"error_message\" style=\"border-bottom:dotted blue thin;\">\nError occurred at line 4117 in Function <code>handle_error</code>. Error message was: Unexpected token in MySQL query: block.\n</div>\n<p>Backtrace:</p>\n<pre>#0 /internal/shared/sqlite-database-integration/wp-includes/sqlite/class-wp-sqlite-db.php(287): WP_SQLite_Translator->get_error_message()\n#1 /wordpress/wp-admin/includes/upgrade.php(3271): WP_SQLite_DB->query('CREATE TABLE IF...')\n#2 /wordpress/wp-content/plugins/limit-attempts/limit-attempts.php(361): dbDelta(Array)\n#3 /wordpress/wp-content/plugins/limit-attempts/limit-attempts.php(432): lmtttmpts_create_table()\n#4 /wordpress/wp-content/plugins/limit-attempts/limit-attempts.php(171): register_lmtttmpts_settings()\n#5 /wordpress/wp-includes/class-wp-hook.php(324): lmtttmpts_plugin_init('')\n#6 /wordpress/wp-includes/class-wp-hook.php(348): WP_Hook->apply_filters(NULL, Array)\n#7 /wordpress/wp-includes/plugin.php(517): WP_Hook->do_action(Array)\n#8 /wordpress/wp-settings.php(704): do_action('init')\n#9 /wordpress/wp-config.php(102): require_once('/wordpress/wp-s...')\n#10 /wordpress/wp-load.php(50): require_once('/wordpress/wp-c...')\n#11 /internal/eval.php(3): require_once('/wordpress/wp-l...')\n#12 {main}</pre>\n for query CREATE TABLE IF NOT EXISTS `wp_lmtttmpts_all_failed_attempts` (\n            `id` INT UNSIGNED NOT NULL AUTO_INCREMENT,\n            `ip` CHAR(31) NOT NULL,\n            `ip_int` BIGINT,\n            `email` VARCHAR( 255 ),\n            `failed_attempts` INT(4) NOT NULL DEFAULT '0',\n            `block` BOOL DEFAULT FALSE,\n            `block_quantity` INT(3) NOT NULL DEFAULT '0',\n            `last_failed_attempt` TIMESTAMP,\n            PRIMARY KEY (`id`)\n            ) DEFAULT CHARSET=utf8 made by require_once('wp-load.php'), require_once('wp-config.php'), require_once('wp-settings.php'), do_action('init'), WP_Hook->do_action, WP_Hook->apply_filters, lmtttmpts_plugin_init, register_lmtttmpts_settings, lmtttmpts_create_table, dbDelta, WP_SQLite_DB->query, WP_SQLite_DB->print_error","log":"/logs/plugins/l/leet-speak/error.json"}
,
{"message":"SQLSTATE[HY000]: General error: 1 no such table: wp_lmtttmpts_failed_attempts.","level":"FATAL","type":"SQL","test":"ast-sqlite-boot","plugin":"leet-speak","details":"[14-Apr-2025 17:49:34 UTC] WordPress database error <div style=\"clear:both\">&nbsp;</div>\n<div class=\"queries\" style=\"clear:both;margin-bottom:2px;border:red dotted thin;\">\n<p>MySQL query:</p>\n<p>ALTER TABLE `wp_lmtttmpts_failed_attempts` ADD `block_by` TEXT AFTER `block_till`;</p>\n<p>Queries made or created this session were:</p>\n<ol>\n<li>Executing: BEGIN | (no parameters)</li>\n<li>Executing: INSERT INTO _mysql_data_types_cache (`table`, `column_or_index`, `mysql_type`)\n\t\t\t\tVALUES (:table, :column, :datatype)\n\t\t\t\tON CONFLICT(`table`, `column_or_index`) DO UPDATE SET `mysql_type` = :datatype\n\t\t\t | parameters: wp_lmtttmpts_failed_attempts, `BLOCK_BY`, text</li>\n<li>Executing: ALTER TABLE wp_lmtttmpts_failed_attempts ADD `block_by` text  ; | (no parameters)</li>\n<li>Executing: ROLLBACK | (no parameters)</li>\n</ol>\n</div>\n<div style=\"clear:both;margin-bottom:2px;border:red dotted thin;\" class=\"error_message\" style=\"border-bottom:dotted blue thin;\">\nError occurred at line 4117 in Function <code>handle_error</code>. Error message was: SQLSTATE[HY000]: General error: 1 no such table: wp_lmtttmpts_failed_attempts.\n</div>\n<p>Backtrace:</p>\n<pre>#0 /internal/shared/sqlite-database-integration/wp-includes/sqlite/class-wp-sqlite-db.php(287): WP_SQLite_Translator->get_error_message()\n#1 /wordpress/wp-content/plugins/limit-attempts/limit-attempts.php(455): WP_SQLite_DB->query('ALTER TABLE `wp...')\n#2 /wordpress/wp-content/plugins/limit-attempts/limit-attempts.php(171): register_lmtttmpts_settings()\n#3 /wordpress/wp-includes/class-wp-hook.php(324): lmtttmpts_plugin_init('')\n#4 /wordpress/wp-includes/class-wp-hook.php(348): WP_Hook->apply_filters(NULL, Array)\n#5 /wordpress/wp-includes/plugin.php(517): WP_Hook->do_action(Array)\n#6 /wordpress/wp-settings.php(704): do_action('init')\n#7 /wordpress/wp-config.php(102): require_once('/wordpress/wp-s...')\n#8 /wordpress/wp-load.php(50): require_once('/wordpress/wp-c...')\n#9 /internal/eval.php(3): require_once('/wordpress/wp-l...')\n#10 {main}</pre>\n for query ALTER TABLE `wp_lmtttmpts_failed_attempts` ADD `block_by` TEXT AFTER `block_till`; made by require_once('wp-load.php'), require_once('wp-config.php'), require_once('wp-settings.php'), do_action('init'), WP_Hook->do_action, WP_Hook->apply_filters, lmtttmpts_plugin_init, register_lmtttmpts_settings, WP_SQLite_DB->query, WP_SQLite_DB->print_error","log":"/logs/plugins/l/leet-speak/error.json"}
,
{"message":"SQLSTATE[HY000]: General error: 1 no such table: wp_lmtttmpts_failed_attempts.","level":"FATAL","type":"SQL","test":"ast-sqlite-boot","plugin":"leet-speak","details":"[14-Apr-2025 17:49:34 UTC] WordPress database error <div style=\"clear:both\">&nbsp;</div>\n<div class=\"queries\" style=\"clear:both;margin-bottom:2px;border:red dotted thin;\">\n<p>MySQL query:</p>\n<p>ALTER TABLE `wp_lmtttmpts_failed_attempts` ADD `email` TEXT AFTER `ip_int`;</p>\n<p>Queries made or created this session were:</p>\n<ol>\n<li>Executing: BEGIN | (no parameters)</li>\n<li>Executing: INSERT INTO _mysql_data_types_cache (`table`, `column_or_index`, `mysql_type`)\n\t\t\t\tVALUES (:table, :column, :datatype)\n\t\t\t\tON CONFLICT(`table`, `column_or_index`) DO UPDATE SET `mysql_type` = :datatype\n\t\t\t | parameters: wp_lmtttmpts_failed_attempts, `EMAIL`, text</li>\n<li>Executing: ALTER TABLE wp_lmtttmpts_failed_attempts ADD `email` text  ; | (no parameters)</li>\n<li>Executing: ROLLBACK | (no parameters)</li>\n</ol>\n</div>\n<div style=\"clear:both;margin-bottom:2px;border:red dotted thin;\" class=\"error_message\" style=\"border-bottom:dotted blue thin;\">\nError occurred at line 4117 in Function <code>handle_error</code>. Error message was: SQLSTATE[HY000]: General error: 1 no such table: wp_lmtttmpts_failed_attempts.\n</div>\n<p>Backtrace:</p>\n<pre>#0 /internal/shared/sqlite-database-integration/wp-includes/sqlite/class-wp-sqlite-db.php(287): WP_SQLite_Translator->get_error_message()\n#1 /wordpress/wp-content/plugins/limit-attempts/limit-attempts.php(460): WP_SQLite_DB->query('ALTER TABLE `wp...')\n#2 /wordpress/wp-content/plugins/limit-attempts/limit-attempts.php(171): register_lmtttmpts_settings()\n#3 /wordpress/wp-includes/class-wp-hook.php(324): lmtttmpts_plugin_init('')\n#4 /wordpress/wp-includes/class-wp-hook.php(348): WP_Hook->apply_filters(NULL, Array)\n#5 /wordpress/wp-includes/plugin.php(517): WP_Hook->do_action(Array)\n#6 /wordpress/wp-settings.php(704): do_action('init')\n#7 /wordpress/wp-config.php(102): require_once('/wordpress/wp-s...')\n#8 /wordpress/wp-load.php(50): require_once('/wordpress/wp-c...')\n#9 /internal/eval.php(3): require_once('/wordpress/wp-l...')\n#10 {main}</pre>\n for query ALTER TABLE `wp_lmtttmpts_failed_attempts` ADD `email` TEXT AFTER `ip_int`; made by require_once('wp-load.php'), require_once('wp-config.php'), require_once('wp-settings.php'), do_action('init'), WP_Hook->do_action, WP_Hook->apply_filters, lmtttmpts_plugin_init, register_lmtttmpts_settings, WP_SQLite_DB->query, WP_SQLite_DB->print_error","log":"/logs/plugins/l/leet-speak/error.json"}
,
{"message":"SQLSTATE[HY000]: General error: 1 no such table: wp_lmtttmpts_failed_attempts.","level":"FATAL","type":"SQL","test":"ast-sqlite-boot","plugin":"leet-speak","details":"[14-Apr-2025 17:49:34 UTC] WordPress database error <div style=\"clear:both\">&nbsp;</div>\n<div class=\"queries\" style=\"clear:both;margin-bottom:2px;border:red dotted thin;\">\n<p>MySQL query:</p>\n<p>ALTER TABLE `wp_lmtttmpts_failed_attempts` ADD `last_failed_attempt` TIMESTAMP AFTER `block_by`;</p>\n<p>Queries made or created this session were:</p>\n<ol>\n<li>Executing: BEGIN | (no parameters)</li>\n<li>Executing: INSERT INTO _mysql_data_types_cache (`table`, `column_or_index`, `mysql_type`)\n\t\t\t\tVALUES (:table, :column, :datatype)\n\t\t\t\tON CONFLICT(`table`, `column_or_index`) DO UPDATE SET `mysql_type` = :datatype\n\t\t\t | parameters: wp_lmtttmpts_failed_attempts, `LAST_FAILED_ATTEMPT`, timestamp</li>\n<li>Executing: ALTER TABLE wp_lmtttmpts_failed_attempts ADD `last_failed_attempt` text  ; | (no parameters)</li>\n<li>Executing: ROLLBACK | (no parameters)</li>\n</ol>\n</div>\n<div style=\"clear:both;margin-bottom:2px;border:red dotted thin;\" class=\"error_message\" style=\"border-bottom:dotted blue thin;\">\nError occurred at line 4117 in Function <code>handle_error</code>. Error message was: SQLSTATE[HY000]: General error: 1 no such table: wp_lmtttmpts_failed_attempts.\n</div>\n<p>Backtrace:</p>\n<pre>#0 /internal/shared/sqlite-database-integration/wp-includes/sqlite/class-wp-sqlite-db.php(287): WP_SQLite_Translator->get_error_message()\n#1 /wordpress/wp-content/plugins/limit-attempts/limit-attempts.php(465): WP_SQLite_DB->query('ALTER TABLE `wp...')\n#2 /wordpress/wp-content/plugins/limit-attempts/limit-attempts.php(171): register_lmtttmpts_settings()\n#3 /wordpress/wp-includes/class-wp-hook.php(324): lmtttmpts_plugin_init('')\n#4 /wordpress/wp-includes/class-wp-hook.php(348): WP_Hook->apply_filters(NULL, Array)\n#5 /wordpress/wp-includes/plugin.php(517): WP_Hook->do_action(Array)\n#6 /wordpress/wp-settings.php(704): do_action('init')\n#7 /wordpress/wp-config.php(102): require_once('/wordpress/wp-s...')\n#8 /wordpress/wp-load.php(50): require_once('/wordpress/wp-c...')\n#9 /internal/eval.php(3): require_once('/wordpress/wp-l...')\n#10 {main}</pre>\n for query ALTER TABLE `wp_lmtttmpts_failed_attempts` ADD `last_failed_attempt` TIMESTAMP AFTER `block_by`; made by require_once('wp-load.php'), require_once('wp-config.php'), require_once('wp-settings.php'), do_action('init'), WP_Hook->do_action, WP_Hook->apply_filters, lmtttmpts_plugin_init, register_lmtttmpts_settings, WP_SQLite_DB->query, WP_SQLite_DB->print_error","log":"/logs/plugins/l/leet-speak/error.json"}
,
{"message":"SQLSTATE[HY000]: General error: 1 no such table: wp_lmtttmpts_all_failed_attempts.","level":"FATAL","type":"SQL","test":"ast-sqlite-boot","plugin":"leet-speak","details":"[14-Apr-2025 17:49:34 UTC] WordPress database error <div style=\"clear:both\">&nbsp;</div>\n<div class=\"queries\" style=\"clear:both;margin-bottom:2px;border:red dotted thin;\">\n<p>MySQL query:</p>\n<p>ALTER TABLE `wp_lmtttmpts_all_failed_attempts` ADD `email` TEXT AFTER `ip_int`;</p>\n<p>Queries made or created this session were:</p>\n<ol>\n<li>Executing: BEGIN | (no parameters)</li>\n<li>Executing: INSERT INTO _mysql_data_types_cache (`table`, `column_or_index`, `mysql_type`)\n\t\t\t\tVALUES (:table, :column, :datatype)\n\t\t\t\tON CONFLICT(`table`, `column_or_index`) DO UPDATE SET `mysql_type` = :datatype\n\t\t\t | parameters: wp_lmtttmpts_all_failed_attempts, `EMAIL`, text</li>\n<li>Executing: ALTER TABLE wp_lmtttmpts_all_failed_attempts ADD `email` text  ; | (no parameters)</li>\n<li>Executing: ROLLBACK | (no parameters)</li>\n</ol>\n</div>\n<div style=\"clear:both;margin-bottom:2px;border:red dotted thin;\" class=\"error_message\" style=\"border-bottom:dotted blue thin;\">\nError occurred at line 4117 in Function <code>handle_error</code>. Error message was: SQLSTATE[HY000]: General error: 1 no such table: wp_lmtttmpts_all_failed_attempts.\n</div>\n<p>Backtrace:</p>\n<pre>#0 /internal/shared/sqlite-database-integration/wp-includes/sqlite/class-wp-sqlite-db.php(287): WP_SQLite_Translator->get_error_message()\n#1 /wordpress/wp-content/plugins/limit-attempts/limit-attempts.php(470): WP_SQLite_DB->query('ALTER TABLE `wp...')\n#2 /wordpress/wp-content/plugins/limit-attempts/limit-attempts.php(171): register_lmtttmpts_settings()\n#3 /wordpress/wp-includes/class-wp-hook.php(324): lmtttmpts_plugin_init('')\n#4 /wordpress/wp-includes/class-wp-hook.php(348): WP_Hook->apply_filters(NULL, Array)\n#5 /wordpress/wp-includes/plugin.php(517): WP_Hook->do_action(Array)\n#6 /wordpress/wp-settings.php(704): do_action('init')\n#7 /wordpress/wp-config.php(102): require_once('/wordpress/wp-s...')\n#8 /wordpress/wp-load.php(50): require_once('/wordpress/wp-c...')\n#9 /internal/eval.php(3): require_once('/wordpress/wp-l...')\n#10 {main}</pre>\n for query ALTER TABLE `wp_lmtttmpts_all_failed_attempts` ADD `email` TEXT AFTER `ip_int`; made by require_once('wp-load.php'), require_once('wp-config.php'), require_once('wp-settings.php'), do_action('init'), WP_Hook->do_action, WP_Hook->apply_filters, lmtttmpts_plugin_init, register_lmtttmpts_settings, WP_SQLite_DB->query, WP_SQLite_DB->print_error","log":"/logs/plugins/l/leet-speak/error.json"}
,
{"message":"Data type expected in MySQL query, unknown token received: BOOL.","level":"FATAL","type":"SQL","test":"ast-sqlite-boot","plugin":"leet-speak","details":"[14-Apr-2025 17:49:34 UTC] WordPress database error <div style=\"clear:both\">&nbsp;</div>\n<div class=\"queries\" style=\"clear:both;margin-bottom:2px;border:red dotted thin;\">\n<p>MySQL query:</p>\n<p>ALTER TABLE `wp_lmtttmpts_all_failed_attempts` ADD `block` BOOL DEFAULT FALSE AFTER `failed_attempts`;</p>\n<p>Queries made or created this session were:</p>\n<ol>\n<li>Executing: BEGIN | (no parameters)</li>\n<li>Executing: ROLLBACK | (no parameters)</li>\n</ol>\n</div>\n<div style=\"clear:both;margin-bottom:2px;border:red dotted thin;\" class=\"error_message\" style=\"border-bottom:dotted blue thin;\">\nError occurred at line 4117 in Function <code>handle_error</code>. Error message was: Data type expected in MySQL query, unknown token received: BOOL.\n</div>\n<p>Backtrace:</p>\n<pre>#0 /internal/shared/sqlite-database-integration/wp-includes/sqlite/class-wp-sqlite-db.php(287): WP_SQLite_Translator->get_error_message()\n#1 /wordpress/wp-content/plugins/limit-attempts/limit-attempts.php(475): WP_SQLite_DB->query('ALTER TABLE `wp...')\n#2 /wordpress/wp-content/plugins/limit-attempts/limit-attempts.php(171): register_lmtttmpts_settings()\n#3 /wordpress/wp-includes/class-wp-hook.php(324): lmtttmpts_plugin_init('')\n#4 /wordpress/wp-includes/class-wp-hook.php(348): WP_Hook->apply_filters(NULL, Array)\n#5 /wordpress/wp-includes/plugin.php(517): WP_Hook->do_action(Array)\n#6 /wordpress/wp-settings.php(704): do_action('init')\n#7 /wordpress/wp-config.php(102): require_once('/wordpress/wp-s...')\n#8 /wordpress/wp-load.php(50): require_once('/wordpress/wp-c...')\n#9 /internal/eval.php(3): require_once('/wordpress/wp-l...')\n#10 {main}</pre>\n for query ALTER TABLE `wp_lmtttmpts_all_failed_attempts` ADD `block` BOOL DEFAULT FALSE AFTER `failed_attempts`; made by require_once('wp-load.php'), require_once('wp-config.php'), require_once('wp-settings.php'), do_action('init'), WP_Hook->do_action, WP_Hook->apply_filters, lmtttmpts_plugin_init, register_lmtttmpts_settings, WP_SQLite_DB->query, WP_SQLite_DB->print_error","log":"/logs/plugins/l/leet-speak/error.json"}
,
{"message":"SQLSTATE[HY000]: General error: 1 near \",\": syntax error.","level":"FATAL","type":"SQL","test":"ast-sqlite-boot","plugin":"leet-speak","details":"[14-Apr-2025 17:49:34 UTC] WordPress database error <div style=\"clear:both\">&nbsp;</div>\n<div class=\"queries\" style=\"clear:both;margin-bottom:2px;border:red dotted thin;\">\n<p>MySQL query:</p>\n<p>ALTER TABLE wp_lmtttmpts_denylist\n\t\t\t\t\t\t\tDROP `ip_from`,\n\t\t\t\t\t\t\tDROP `ip_to`,\n\t\t\t\t\t\t\tDROP `ip_from_int`,\n\t\t\t\t\t\t\tDROP `ip_to_int`;</p>\n<p>Queries made or created this session were:</p>\n<ol>\n<li>Executing: BEGIN | (no parameters)</li>\n<li>Executing: ALTER TABLE wp_lmtttmpts_denylist\n\t\t\t\t\t\t\tDROP `ip_from`,\n\t\t\t\t\t\t\tDROP `ip_to`,\n\t\t\t\t\t\t\tDROP `ip_from_int`,\n\t\t\t\t\t\t\tDROP `ip_to_int`; | (no parameters)</li>\n<li>Executing: ROLLBACK | (no parameters)</li>\n</ol>\n</div>\n<div style=\"clear:both;margin-bottom:2px;border:red dotted thin;\" class=\"error_message\" style=\"border-bottom:dotted blue thin;\">\nError occurred at line 4117 in Function <code>handle_error</code>. Error message was: SQLSTATE[HY000]: General error: 1 near \",\": syntax error.\n</div>\n<p>Backtrace:</p>\n<pre>#0 /internal/shared/sqlite-database-integration/wp-includes/sqlite/class-wp-sqlite-db.php(287): WP_SQLite_Translator->get_error_message()\n#1 /wordpress/wp-content/plugins/limit-attempts/limit-attempts.php(513): WP_SQLite_DB->query('ALTER TABLE wp_...')\n#2 /wordpress/wp-content/plugins/limit-attempts/limit-attempts.php(171): register_lmtttmpts_settings()\n#3 /wordpress/wp-includes/class-wp-hook.php(324): lmtttmpts_plugin_init('')\n#4 /wordpress/wp-includes/class-wp-hook.php(348): WP_Hook->apply_filters(NULL, Array)\n#5 /wordpress/wp-includes/plugin.php(517): WP_Hook->do_action(Array)\n#6 /wordpress/wp-settings.php(704): do_action('init')\n#7 /wordpress/wp-config.php(102): require_once('/wordpress/wp-s...')\n#8 /wordpress/wp-load.php(50): require_once('/wordpress/wp-c...')\n#9 /internal/eval.php(3): require_once('/wordpress/wp-l...')\n#10 {main}</pre>\n for query ALTER TABLE wp_lmtttmpts_denylist\n\t\t\t\t\t\t\tDROP `ip_from`,\n\t\t\t\t\t\t\tDROP `ip_to`,\n\t\t\t\t\t\t\tDROP `ip_from_int`,\n\t\t\t\t\t\t\tDROP `ip_to_int`; made by require_once('wp-load.php'), require_once('wp-config.php'), require_once('wp-settings.php'), do_action('init'), WP_Hook->do_action, WP_Hook->apply_filters, lmtttmpts_plugin_init, register_lmtttmpts_settings, WP_SQLite_DB->query, WP_SQLite_DB->print_error","log":"/logs/plugins/l/leet-speak/error.json"}
,
{"message":"SQLSTATE[HY000]: General error: 1 near \",\": syntax error.","level":"FATAL","type":"SQL","test":"ast-sqlite-boot","plugin":"leet-speak","details":"[14-Apr-2025 17:49:34 UTC] WordPress database error <div style=\"clear:both\">&nbsp;</div>\n<div class=\"queries\" style=\"clear:both;margin-bottom:2px;border:red dotted thin;\">\n<p>MySQL query:</p>\n<p>ALTER TABLE wp_lmtttmpts_allowlist\n\t\t\t\t\t\t\tDROP `ip_from`,\n\t\t\t\t\t\t\tDROP `ip_to`,\n\t\t\t\t\t\t\tDROP `ip_from_int`,\n\t\t\t\t\t\t\tDROP `ip_to_int`;</p>\n<p>Queries made or created this session were:</p>\n<ol>\n<li>Executing: BEGIN | (no parameters)</li>\n<li>Executing: ALTER TABLE wp_lmtttmpts_allowlist\n\t\t\t\t\t\t\tDROP `ip_from`,\n\t\t\t\t\t\t\tDROP `ip_to`,\n\t\t\t\t\t\t\tDROP `ip_from_int`,\n\t\t\t\t\t\t\tDROP `ip_to_int`; | (no parameters)</li>\n<li>Executing: ROLLBACK | (no parameters)</li>\n</ol>\n</div>\n<div style=\"clear:both;margin-bottom:2px;border:red dotted thin;\" class=\"error_message\" style=\"border-bottom:dotted blue thin;\">\nError occurred at line 4117 in Function <code>handle_error</code>. Error message was: SQLSTATE[HY000]: General error: 1 near \",\": syntax error.\n</div>\n<p>Backtrace:</p>\n<pre>#0 /internal/shared/sqlite-database-integration/wp-includes/sqlite/class-wp-sqlite-db.php(287): WP_SQLite_Translator->get_error_message()\n#1 /wordpress/wp-content/plugins/limit-attempts/limit-attempts.php(513): WP_SQLite_DB->query('ALTER TABLE wp_...')\n#2 /wordpress/wp-content/plugins/limit-attempts/limit-attempts.php(171): register_lmtttmpts_settings()\n#3 /wordpress/wp-includes/class-wp-hook.php(324): lmtttmpts_plugin_init('')\n#4 /wordpress/wp-includes/class-wp-hook.php(348): WP_Hook->apply_filters(NULL, Array)\n#5 /wordpress/wp-includes/plugin.php(517): WP_Hook->do_action(Array)\n#6 /wordpress/wp-settings.php(704): do_action('init')\n#7 /wordpress/wp-config.php(102): require_once('/wordpress/wp-s...')\n#8 /wordpress/wp-load.php(50): require_once('/wordpress/wp-c...')\n#9 /internal/eval.php(3): require_once('/wordpress/wp-l...')\n#10 {main}</pre>\n for query ALTER TABLE wp_lmtttmpts_allowlist\n\t\t\t\t\t\t\tDROP `ip_from`,\n\t\t\t\t\t\t\tDROP `ip_to`,\n\t\t\t\t\t\t\tDROP `ip_from_int`,\n\t\t\t\t\t\t\tDROP `ip_to_int`; made by require_once('wp-load.php'), require_once('wp-config.php'), require_once('wp-settings.php'), do_action('init'), WP_Hook->do_action, WP_Hook->apply_filters, lmtttmpts_plugin_init, register_lmtttmpts_settings, WP_SQLite_DB->query, WP_SQLite_DB->print_error","log":"/logs/plugins/l/leet-speak/error.json"}
,
{"message":"SQLSTATE[HY000]: General error: 1 near \"ADD\": syntax error.","level":"FATAL","type":"SQL","test":"ast-sqlite-boot","plugin":"leet-speak","details":"[14-Apr-2025 17:49:34 UTC] WordPress database error <div style=\"clear:both\">&nbsp;</div>\n<div class=\"queries\" style=\"clear:both;margin-bottom:2px;border:red dotted thin;\">\n<p>MySQL query:</p>\n<p>ALTER TABLE wp_lmtttmpts_failed_attempts DROP PRIMARY KEY, ADD `id` INT UNSIGNED NOT NULL AUTO_INCREMENT PRIMARY KEY FIRST;</p>\n<p>Queries made or created this session were:</p>\n<ol>\n<li>Executing: BEGIN | (no parameters)</li>\n<li>Executing: DROP INDEX &quot;wp_lmtttmpts_failed_attempts__,&quot; ADD `id` INT UNSIGNED NOT NULL AUTO_INCREMENT PRIMARY KEY FIRST; | (no parameters)</li>\n<li>Executing: ROLLBACK | (no parameters)</li>\n</ol>\n</div>\n<div style=\"clear:both;margin-bottom:2px;border:red dotted thin;\" class=\"error_message\" style=\"border-bottom:dotted blue thin;\">\nError occurred at line 4117 in Function <code>handle_error</code>. Error message was: SQLSTATE[HY000]: General error: 1 near \"ADD\": syntax error.\n</div>\n<p>Backtrace:</p>\n<pre>#0 /internal/shared/sqlite-database-integration/wp-includes/sqlite/class-wp-sqlite-db.php(287): WP_SQLite_Translator->get_error_message()\n#1 /wordpress/wp-content/plugins/limit-attempts/limit-attempts.php(506): WP_SQLite_DB->query('ALTER TABLE wp_...')\n#2 /wordpress/wp-content/plugins/limit-attempts/limit-attempts.php(171): register_lmtttmpts_settings()\n#3 /wordpress/wp-includes/class-wp-hook.php(324): lmtttmpts_plugin_init('')\n#4 /wordpress/wp-includes/class-wp-hook.php(348): WP_Hook->apply_filters(NULL, Array)\n#5 /wordpress/wp-includes/plugin.php(517): WP_Hook->do_action(Array)\n#6 /wordpress/wp-settings.php(704): do_action('init')\n#7 /wordpress/wp-config.php(102): require_once('/wordpress/wp-s...')\n#8 /wordpress/wp-load.php(50): require_once('/wordpress/wp-c...')\n#9 /internal/eval.php(3): require_once('/wordpress/wp-l...')\n#10 {main}</pre>\n for query ALTER TABLE wp_lmtttmpts_failed_attempts DROP PRIMARY KEY, ADD `id` INT UNSIGNED NOT NULL AUTO_INCREMENT PRIMARY KEY FIRST; made by require_once('wp-load.php'), require_once('wp-config.php'), require_once('wp-settings.php'), do_action('init'), WP_Hook->do_action, WP_Hook->apply_filters, lmtttmpts_plugin_init, register_lmtttmpts_settings, WP_SQLite_DB->query, WP_SQLite_DB->print_error","log":"/logs/plugins/l/leet-speak/error.json"}
,
{"message":"SQLSTATE[HY000]: General error: 1 near \"ADD\": syntax error.","level":"FATAL","type":"SQL","test":"ast-sqlite-boot","plugin":"leet-speak","details":"[14-Apr-2025 17:49:34 UTC] WordPress database error <div style=\"clear:both\">&nbsp;</div>\n<div class=\"queries\" style=\"clear:both;margin-bottom:2px;border:red dotted thin;\">\n<p>MySQL query:</p>\n<p>ALTER TABLE wp_lmtttmpts_all_failed_attempts DROP PRIMARY KEY, ADD `id` INT UNSIGNED NOT NULL AUTO_INCREMENT PRIMARY KEY FIRST;</p>\n<p>Queries made or created this session were:</p>\n<ol>\n<li>Executing: BEGIN | (no parameters)</li>\n<li>Executing: DROP INDEX &quot;wp_lmtttmpts_all_failed_attempts__,&quot; ADD `id` INT UNSIGNED NOT NULL AUTO_INCREMENT PRIMARY KEY FIRST; | (no parameters)</li>\n<li>Executing: ROLLBACK | (no parameters)</li>\n</ol>\n</div>\n<div style=\"clear:both;margin-bottom:2px;border:red dotted thin;\" class=\"error_message\" style=\"border-bottom:dotted blue thin;\">\nError occurred at line 4117 in Function <code>handle_error</code>. Error message was: SQLSTATE[HY000]: General error: 1 near \"ADD\": syntax error.\n</div>\n<p>Backtrace:</p>\n<pre>#0 /internal/shared/sqlite-database-integration/wp-includes/sqlite/class-wp-sqlite-db.php(287): WP_SQLite_Translator->get_error_message()\n#1 /wordpress/wp-content/plugins/limit-attempts/limit-attempts.php(506): WP_SQLite_DB->query('ALTER TABLE wp_...')\n#2 /wordpress/wp-content/plugins/limit-attempts/limit-attempts.php(171): register_lmtttmpts_settings()\n#3 /wordpress/wp-includes/class-wp-hook.php(324): lmtttmpts_plugin_init('')\n#4 /wordpress/wp-includes/class-wp-hook.php(348): WP_Hook->apply_filters(NULL, Array)\n#5 /wordpress/wp-includes/plugin.php(517): WP_Hook->do_action(Array)\n#6 /wordpress/wp-settings.php(704): do_action('init')\n#7 /wordpress/wp-config.php(102): require_once('/wordpress/wp-s...')\n#8 /wordpress/wp-load.php(50): require_once('/wordpress/wp-c...')\n#9 /internal/eval.php(3): require_once('/wordpress/wp-l...')\n#10 {main}</pre>\n for query ALTER TABLE wp_lmtttmpts_all_failed_attempts DROP PRIMARY KEY, ADD `id` INT UNSIGNED NOT NULL AUTO_INCREMENT PRIMARY KEY FIRST; made by require_once('wp-load.php'), require_once('wp-config.php'), require_once('wp-settings.php'), do_action('init'), WP_Hook->do_action, WP_Hook->apply_filters, lmtttmpts_plugin_init, register_lmtttmpts_settings, WP_SQLite_DB->query, WP_SQLite_DB->print_error","log":"/logs/plugins/l/leet-speak/error.json"}
,
{"message":"Undefined array key \"DOCUMENT_ROOT\" in /wordpress/wp-content/plugins/linkedin-lite/setup.php on line 40","level":"WARNING","type":"PHP","test":"ast-sqlite-boot","plugin":"leet-speak","details":"[14-Apr-2025 17:49:42 UTC] PHP Warning:  Undefined array key \"DOCUMENT_ROOT\" in /wordpress/wp-content/plugins/linkedin-lite/setup.php on line 40","log":"/logs/plugins/l/leet-speak/error.json"}
,
{"message":"Undefined array key 1 in /wordpress/wp-content/plugins/linkedin-lite/setup.php on line 40","level":"WARNING","type":"PHP","test":"ast-sqlite-boot","plugin":"leet-speak","details":"[14-Apr-2025 17:49:42 UTC] PHP Warning:  Undefined array key 1 in /wordpress/wp-content/plugins/linkedin-lite/setup.php on line 40","log":"/logs/plugins/l/leet-speak/error.json"}
,
{"message":"Undefined array key \"DOCUMENT_ROOT\" in /wordpress/wp-content/plugins/linkedin-lite/class-core.php on line 37","level":"WARNING","type":"PHP","test":"ast-sqlite-boot","plugin":"leet-speak","details":"[14-Apr-2025 17:49:42 UTC] PHP Warning:  Undefined array key \"DOCUMENT_ROOT\" in /wordpress/wp-content/plugins/linkedin-lite/class-core.php on line 37","log":"/logs/plugins/l/leet-speak/error.json"}
,
{"message":"Uncaught ValueError: explode(): Argument #1 ($separator) cannot be empty in /wordpress/wp-content/plugins/linkedin-lite/class-core.php:37","level":"FATAL","type":"PHP","test":"ast-sqlite-boot","plugin":"leet-speak","details":"[14-Apr-2025 17:49:42 UTC] PHP Fatal error:  Uncaught ValueError: explode(): Argument #1 ($separator) cannot be empty in /wordpress/wp-content/plugins/linkedin-lite/class-core.php:37\nStack trace:\n#0 /wordpress/wp-content/plugins/linkedin-lite/class-core.php(37): explode('', '/wordpress/wp-c...', 2)\n#1 /wordpress/wp-content/plugins/linkedin-lite/class-linkedin.php(22): liLITE_core->__construct()\n#2 /wordpress/wp-content/plugins/linkedin-lite/linkedin-lite.php(23): liLITE_main->__construct()\n#3 /wordpress/wp-admin/includes/plugin.php(2387): include_once('/wordpress/wp-c...')\n#4 /wordpress/wp-admin/includes/plugin.php(673): plugin_sandbox_scrape('linkedin-lite/l...')\n#5 /internal/eval.php(20): activate_plugin('linkedin-lite/l...')\n#6 {main}\n  thrown in /wordpress/wp-content/plugins/linkedin-lite/class-core.php on line 37","log":"/logs/plugins/l/leet-speak/error.json"}
,
{"message":"Undefined array key \"DOCUMENT_ROOT\" in /wordpress/wp-content/plugins/linkedin-lite/setup.php on line 40","level":"WARNING","type":"PHP","test":"ast-sqlite-boot","plugin":"leet-speak","details":"[14-Apr-2025 17:49:50 UTC] PHP Warning:  Undefined array key \"DOCUMENT_ROOT\" in /wordpress/wp-content/plugins/linkedin-lite/setup.php on line 40","log":"/logs/plugins/l/leet-speak/error.json"}
,
{"message":"Undefined array key 1 in /wordpress/wp-content/plugins/linkedin-lite/setup.php on line 40","level":"WARNING","type":"PHP","test":"ast-sqlite-boot","plugin":"leet-speak","details":"[14-Apr-2025 17:49:50 UTC] PHP Warning:  Undefined array key 1 in /wordpress/wp-content/plugins/linkedin-lite/setup.php on line 40","log":"/logs/plugins/l/leet-speak/error.json"}
,
{"message":"Undefined array key \"DOCUMENT_ROOT\" in /wordpress/wp-content/plugins/linkedin-lite/class-core.php on line 37","level":"WARNING","type":"PHP","test":"ast-sqlite-boot","plugin":"leet-speak","details":"[14-Apr-2025 17:49:50 UTC] PHP Warning:  Undefined array key \"DOCUMENT_ROOT\" in /wordpress/wp-content/plugins/linkedin-lite/class-core.php on line 37","log":"/logs/plugins/l/leet-speak/error.json"}
,
{"message":"Uncaught ValueError: explode(): Argument #1 ($separator) cannot be empty in /wordpress/wp-content/plugins/linkedin-lite/class-core.php:37","level":"FATAL","type":"PHP","test":"ast-sqlite-boot","plugin":"leet-speak","details":"[14-Apr-2025 17:49:50 UTC] PHP Fatal error:  Uncaught ValueError: explode(): Argument #1 ($separator) cannot be empty in /wordpress/wp-content/plugins/linkedin-lite/class-core.php:37\nStack trace:\n#0 /wordpress/wp-content/plugins/linkedin-lite/class-core.php(37): explode('', '/wordpress/wp-c...', 2)\n#1 /wordpress/wp-content/plugins/linkedin-lite/class-linkedin.php(22): liLITE_core->__construct()\n#2 /wordpress/wp-content/plugins/linkedin-lite/linkedin-lite.php(23): liLITE_main->__construct()\n#3 /wordpress/wp-admin/includes/plugin.php(2387): include_once('/wordpress/wp-c...')\n#4 /wordpress/wp-admin/includes/plugin.php(673): plugin_sandbox_scrape('linkedin-lite/l...')\n#5 /internal/eval.php(20): activate_plugin('linkedin-lite/l...')\n#6 {main}\n  thrown in /wordpress/wp-content/plugins/linkedin-lite/class-core.php on line 37","log":"/logs/plugins/l/leet-speak/error.json"}
,
{"message":"Undefined array key \"DOCUMENT_ROOT\" in /wordpress/wp-content/plugins/linkedin-lite/setup.php on line 40","level":"WARNING","type":"PHP","test":"ast-sqlite-boot","plugin":"leet-speak","details":"[14-Apr-2025 17:49:58 UTC] PHP Warning:  Undefined array key \"DOCUMENT_ROOT\" in /wordpress/wp-content/plugins/linkedin-lite/setup.php on line 40","log":"/logs/plugins/l/leet-speak/error.json"}
,
{"message":"Undefined array key 1 in /wordpress/wp-content/plugins/linkedin-lite/setup.php on line 40","level":"WARNING","type":"PHP","test":"ast-sqlite-boot","plugin":"leet-speak","details":"[14-Apr-2025 17:49:58 UTC] PHP Warning:  Undefined array key 1 in /wordpress/wp-content/plugins/linkedin-lite/setup.php on line 40","log":"/logs/plugins/l/leet-speak/error.json"}
,
{"message":"Undefined array key \"DOCUMENT_ROOT\" in /wordpress/wp-content/plugins/linkedin-lite/class-core.php on line 37","level":"WARNING","type":"PHP","test":"ast-sqlite-boot","plugin":"leet-speak","details":"[14-Apr-2025 17:49:58 UTC] PHP Warning:  Undefined array key \"DOCUMENT_ROOT\" in /wordpress/wp-content/plugins/linkedin-lite/class-core.php on line 37","log":"/logs/plugins/l/leet-speak/error.json"}
,
{"message":"Uncaught ValueError: explode(): Argument #1 ($separator) cannot be empty in /wordpress/wp-content/plugins/linkedin-lite/class-core.php:37","level":"FATAL","type":"PHP","test":"ast-sqlite-boot","plugin":"leet-speak","details":"[14-Apr-2025 17:49:58 UTC] PHP Fatal error:  Uncaught ValueError: explode(): Argument #1 ($separator) cannot be empty in /wordpress/wp-content/plugins/linkedin-lite/class-core.php:37\nStack trace:\n#0 /wordpress/wp-content/plugins/linkedin-lite/class-core.php(37): explode('', '/wordpress/wp-c...', 2)\n#1 /wordpress/wp-content/plugins/linkedin-lite/class-linkedin.php(22): liLITE_core->__construct()\n#2 /wordpress/wp-content/plugins/linkedin-lite/linkedin-lite.php(23): liLITE_main->__construct()\n#3 /wordpress/wp-admin/includes/plugin.php(2387): include_once('/wordpress/wp-c...')\n#4 /wordpress/wp-admin/includes/plugin.php(673): plugin_sandbox_scrape('linkedin-lite/l...')\n#5 /internal/eval.php(20): activate_plugin('linkedin-lite/l...')\n#6 {main}\n  thrown in /wordpress/wp-content/plugins/linkedin-lite/class-core.php on line 37","log":"/logs/plugins/l/leet-speak/error.json"}
,
{"message":"Uncaught Error: Class \"WP_Site\" not found in /wordpress/wp-includes/ms-blogs.php:224","level":"FATAL","type":"PHP","test":"ast-sqlite-boot","plugin":"leet-speak","details":"[14-Apr-2025 17:50:06 UTC] PHP Fatal error:  Uncaught Error: Class \"WP_Site\" not found in /wordpress/wp-includes/ms-blogs.php:224\nStack trace:\n#0 /wordpress/wp-content/plugins/links2tabs/links2tabs.php(73): get_blog_details(1, true)\n#1 /wordpress/wp-admin/includes/plugin.php(2387): include_once('/wordpress/wp-c...')\n#2 /wordpress/wp-admin/includes/plugin.php(673): plugin_sandbox_scrape('links2tabs/link...')\n#3 /internal/eval.php(20): activate_plugin('links2tabs/link...')\n#4 {main}\n  thrown in /wordpress/wp-includes/ms-blogs.php on line 224","log":"/logs/plugins/l/leet-speak/error.json"}
,
{"message":"Uncaught Error: Class \"WP_Site\" not found in /wordpress/wp-includes/ms-blogs.php:224","level":"FATAL","type":"PHP","test":"ast-sqlite-boot","plugin":"leet-speak","details":"[14-Apr-2025 17:50:15 UTC] PHP Fatal error:  Uncaught Error: Class \"WP_Site\" not found in /wordpress/wp-includes/ms-blogs.php:224\nStack trace:\n#0 /wordpress/wp-content/plugins/links2tabs/links2tabs.php(73): get_blog_details(1, true)\n#1 /wordpress/wp-admin/includes/plugin.php(2387): include_once('/wordpress/wp-c...')\n#2 /wordpress/wp-admin/includes/plugin.php(673): plugin_sandbox_scrape('links2tabs/link...')\n#3 /internal/eval.php(20): activate_plugin('links2tabs/link...')\n#4 {main}\n  thrown in /wordpress/wp-includes/ms-blogs.php on line 224","log":"/logs/plugins/l/leet-speak/error.json"}
,
{"message":"Uncaught Error: Class \"WP_Site\" not found in /wordpress/wp-includes/ms-blogs.php:224","level":"FATAL","type":"PHP","test":"ast-sqlite-boot","plugin":"leet-speak","details":"[14-Apr-2025 17:50:23 UTC] PHP Fatal error:  Uncaught Error: Class \"WP_Site\" not found in /wordpress/wp-includes/ms-blogs.php:224\nStack trace:\n#0 /wordpress/wp-content/plugins/links2tabs/links2tabs.php(73): get_blog_details(1, true)\n#1 /wordpress/wp-admin/includes/plugin.php(2387): include_once('/wordpress/wp-c...')\n#2 /wordpress/wp-admin/includes/plugin.php(673): plugin_sandbox_scrape('links2tabs/link...')\n#3 /internal/eval.php(20): activate_plugin('links2tabs/link...')\n#4 {main}\n  thrown in /wordpress/wp-includes/ms-blogs.php on line 224","log":"/logs/plugins/l/leet-speak/error.json"}
,
{"message":"Uncaught TypeError: call_user_func_array(): Argument #1 ($callback) must be a valid callback, non-static method DDLeetSpeak::install() cannot be called statically in /wordpress/wp-includes/class-wp-hook.php:324","level":"FATAL","type":"PHP","test":"ast-sqlite-boot","plugin":"leet-speak","details":"[14-Apr-2025 17:55:19 UTC] PHP Fatal error:  Uncaught TypeError: call_user_func_array(): Argument #1 ($callback) must be a valid callback, non-static method DDLeetSpeak::install() cannot be called statically in /wordpress/wp-includes/class-wp-hook.php:324\nStack trace:\n#0 /wordpress/wp-includes/class-wp-hook.php(348): WP_Hook->apply_filters('', Array)\n#1 /wordpress/wp-includes/plugin.php(517): WP_Hook->do_action(Array)\n#2 /wordpress/wp-admin/includes/plugin.php(703): do_action('activate_leet-s...', false)\n#3 /internal/eval.php(20): activate_plugin('leet-speak/leet...')\n#4 {main}\n  thrown in /wordpress/wp-includes/class-wp-hook.php on line 324\n\n    at Object.onBind (file:///home/runner/work/playground-tester/playground-tester/node_modules/@wp-playground/cli/index.js:237:15)\n    at process.processTicksAndRejections (node:internal/process/task_queues:105:5)\n    at async V (file:///home/runner/work/playground-tester/playground-tester/node_modules/@wp-playground/cli/index.js:64:10)\n    at async ja (file:///home/runner/work/playground-tester/playground-tester/node_modules/@wp-playground/cli/cli.js:8161:12) {\n  [cause]: Error: Error when executing the blueprint step #5 ({\"step\":\"installPlugin\",\"pluginData\":{\"resource\":\"wordpress.org/plugins\",\"slug\":\"leet-speak\"},\"options\":{\"activate\":true}}) : PHP.run() failed with exit code 255 and the following output: \n      at Object.run (file:///home/runner/work/playground-tester/playground-tester/node_modules/@wp-playground/blueprints/index.js:12449:19)\n      at process.processTicksAndRejections (node:internal/process/task_queues:105:5)\n      at async ms (file:///home/runner/work/playground-tester/playground-tester/node_modules/@wp-playground/blueprints/index.js:12552:3)\n      ... 2 lines matching cause stack trace ...\n      at async ja (file:///home/runner/work/playground-tester/playground-tester/node_modules/@wp-playground/cli/cli.js:8161:12) {\n    [cause]: PHPExecutionFailureError: PHP.run() failed with exit code 255 and the following output: \n        at PHP.run (file:///home/runner/work/playground-tester/playground-tester/node_modules/@php-wasm/universal/index.js:987:19)\n        at process.processTicksAndRejections (node:internal/process/task_queues:105:5)\n        at async wr (file:///home/runner/work/playground-tester/playground-tester/node_modules/@wp-playground/blueprints/index.js:33:39)\n        at async Object.gt [as installPlugin] (file:///home/runner/work/playground-tester/playground-tester/node_modules/@wp-playground/blueprints/index.js:974:42)\n        at async g (file:///home/runner/work/playground-tester/playground-tester/node_m\n","log":"/logs/plugins/l/leet-speak/error.json"}
]
