[
{"message":"file:///home/runner/work/playground-tester/playground-tester/node_modules/@wp-playground/cli/index.js:237\n        throw new Error(y, { cause: u });\n              ^\n","level":"FATAL","type":"PLAYGROUND","test":"ast-sqlite-boot","plugin":"woo-payzen-payment","details":"file:///home/runner/work/playground-tester/playground-tester/node_modules/@wp-playground/cli/index.js:237\n        throw new Error(y, { cause: u });\n              ^\n","log":"/tmp/tmp.UyCHwvzaLs"}
,
{"message":"Undefined variable $Base_name in /wordpress/wp-content/plugins/wp-auto-backup/Data.php on line 47","level":"WARNING","type":"PHP","test":"ast-sqlite-boot","plugin":"woo-payzen-payment","details":"[15-May-2025 03:35:35 UTC] PHP Warning:  Undefined variable $Base_name in /wordpress/wp-content/plugins/wp-auto-backup/Data.php on line 47","log":"/logs/plugins/w/woo-payzen-payment/error.json"}
,
{"message":"Uncaught PDOException: SQLSTATE[HY000] [2002] Address family not supported by protocol in /wordpress/wp-content/plugins/wp-auto-backup/Store.class.php:16","level":"FATAL","type":"PHP","test":"ast-sqlite-boot","plugin":"woo-payzen-payment","details":"[15-May-2025 03:35:36 UTC] PHP Fatal error:  Uncaught PDOException: SQLSTATE[HY000] [2002] Address family not supported by protocol in /wordpress/wp-content/plugins/wp-auto-backup/Store.class.php:16\nStack trace:\n#0 /wordpress/wp-content/plugins/wp-auto-backup/Store.class.php(16): PDO->__construct('mysql:host=;dbn...', '', '')\n#1 /wordpress/wp-content/plugins/wp-auto-backup/Store.class.php(44): dj_store->Open_DataBase()\n#2 /wordpress/wp-content/plugins/wp-auto-backup/Database_Backup.php(361): dj_store->Sql_Operation_WR('\\nCREATE TABLE I...')\n#3 /wordpress/wp-content/plugins/wp-auto-backup/Main.php(61): dj_operation->Create_BackUp_Table()\n#4 /wordpress/wp-includes/class-wp-hook.php(324): dj_databases_backup->create_options_table('')\n#5 /wordpress/wp-includes/class-wp-hook.php(348): WP_Hook->apply_filters(NULL, Array)\n#6 /wordpress/wp-includes/plugin.php(517): WP_Hook->do_action(Array)\n#7 /wordpress/wp-settings.php(727): do_action('init')\n#8 /wordpress/wp-config.php(102): require_once('/wordpress/wp-s...')\n#9 /wordpress/wp-load.php(50): require_once('/wordpress/wp-c...')\n#10 /internal/eval.php(3): require_once('/wordpress/wp-l...')\n#11 {main}\n  thrown in /wordpress/wp-content/plugins/wp-auto-backup/Store.class.php on line 16","log":"/logs/plugins/w/woo-payzen-payment/error.json"}
,
{"message":"Undefined variable $Base_name in /wordpress/wp-content/plugins/wp-auto-backup/Data.php on line 47","level":"WARNING","type":"PHP","test":"ast-sqlite-boot","plugin":"woo-payzen-payment","details":"[15-May-2025 03:35:45 UTC] PHP Warning:  Undefined variable $Base_name in /wordpress/wp-content/plugins/wp-auto-backup/Data.php on line 47","log":"/logs/plugins/w/woo-payzen-payment/error.json"}
,
{"message":"Uncaught PDOException: SQLSTATE[HY000] [2002] Address family not supported by protocol in /wordpress/wp-content/plugins/wp-auto-backup/Store.class.php:16","level":"FATAL","type":"PHP","test":"ast-sqlite-boot","plugin":"woo-payzen-payment","details":"[15-May-2025 03:35:46 UTC] PHP Fatal error:  Uncaught PDOException: SQLSTATE[HY000] [2002] Address family not supported by protocol in /wordpress/wp-content/plugins/wp-auto-backup/Store.class.php:16\nStack trace:\n#0 /wordpress/wp-content/plugins/wp-auto-backup/Store.class.php(16): PDO->__construct('mysql:host=;dbn...', '', '')\n#1 /wordpress/wp-content/plugins/wp-auto-backup/Store.class.php(44): dj_store->Open_DataBase()\n#2 /wordpress/wp-content/plugins/wp-auto-backup/Database_Backup.php(361): dj_store->Sql_Operation_WR('\\nCREATE TABLE I...')\n#3 /wordpress/wp-content/plugins/wp-auto-backup/Main.php(61): dj_operation->Create_BackUp_Table()\n#4 /wordpress/wp-includes/class-wp-hook.php(324): dj_databases_backup->create_options_table('')\n#5 /wordpress/wp-includes/class-wp-hook.php(348): WP_Hook->apply_filters(NULL, Array)\n#6 /wordpress/wp-includes/plugin.php(517): WP_Hook->do_action(Array)\n#7 /wordpress/wp-settings.php(727): do_action('init')\n#8 /wordpress/wp-config.php(102): require_once('/wordpress/wp-s...')\n#9 /wordpress/wp-load.php(50): require_once('/wordpress/wp-c...')\n#10 /internal/eval.php(3): require_once('/wordpress/wp-l...')\n#11 {main}\n  thrown in /wordpress/wp-content/plugins/wp-auto-backup/Store.class.php on line 16","log":"/logs/plugins/w/woo-payzen-payment/error.json"}
,
{"message":"Undefined variable $Base_name in /wordpress/wp-content/plugins/wp-auto-backup/Data.php on line 47","level":"WARNING","type":"PHP","test":"ast-sqlite-boot","plugin":"woo-payzen-payment","details":"[15-May-2025 03:35:54 UTC] PHP Warning:  Undefined variable $Base_name in /wordpress/wp-content/plugins/wp-auto-backup/Data.php on line 47","log":"/logs/plugins/w/woo-payzen-payment/error.json"}
,
{"message":"Uncaught PDOException: SQLSTATE[HY000] [2002] Address family not supported by protocol in /wordpress/wp-content/plugins/wp-auto-backup/Store.class.php:16","level":"FATAL","type":"PHP","test":"ast-sqlite-boot","plugin":"woo-payzen-payment","details":"[15-May-2025 03:35:55 UTC] PHP Fatal error:  Uncaught PDOException: SQLSTATE[HY000] [2002] Address family not supported by protocol in /wordpress/wp-content/plugins/wp-auto-backup/Store.class.php:16\nStack trace:\n#0 /wordpress/wp-content/plugins/wp-auto-backup/Store.class.php(16): PDO->__construct('mysql:host=;dbn...', '', '')\n#1 /wordpress/wp-content/plugins/wp-auto-backup/Store.class.php(44): dj_store->Open_DataBase()\n#2 /wordpress/wp-content/plugins/wp-auto-backup/Database_Backup.php(361): dj_store->Sql_Operation_WR('\\nCREATE TABLE I...')\n#3 /wordpress/wp-content/plugins/wp-auto-backup/Main.php(61): dj_operation->Create_BackUp_Table()\n#4 /wordpress/wp-includes/class-wp-hook.php(324): dj_databases_backup->create_options_table('')\n#5 /wordpress/wp-includes/class-wp-hook.php(348): WP_Hook->apply_filters(NULL, Array)\n#6 /wordpress/wp-includes/plugin.php(517): WP_Hook->do_action(Array)\n#7 /wordpress/wp-settings.php(727): do_action('init')\n#8 /wordpress/wp-config.php(102): require_once('/wordpress/wp-s...')\n#9 /wordpress/wp-load.php(50): require_once('/wordpress/wp-c...')\n#10 /internal/eval.php(3): require_once('/wordpress/wp-l...')\n#11 {main}\n  thrown in /wordpress/wp-content/plugins/wp-auto-backup/Store.class.php on line 16","log":"/logs/plugins/w/woo-payzen-payment/error.json"}
,
{"message":"Uncaught Error: Non-static method WP_Present_Core::action_init_register_post_type() cannot be called statically in /wordpress/wp-content/plugins/wp-present/wp-present.php:107","level":"FATAL","type":"PHP","test":"ast-sqlite-boot","plugin":"woo-payzen-payment","details":"[15-May-2025 03:36:53 UTC] PHP Fatal error:  Uncaught Error: Non-static method WP_Present_Core::action_init_register_post_type() cannot be called statically in /wordpress/wp-content/plugins/wp-present/wp-present.php:107\nStack trace:\n#0 /wordpress/wp-includes/class-wp-hook.php(324): WP_Present_Loader->activate(false)\n#1 /wordpress/wp-includes/class-wp-hook.php(348): WP_Hook->apply_filters('', Array)\n#2 /wordpress/wp-includes/plugin.php(517): WP_Hook->do_action(Array)\n#3 /wordpress/wp-admin/includes/plugin.php(703): do_action('activate_wp-pre...', false)\n#4 /internal/eval.php(20): activate_plugin('wp-present/wp-p...')\n#5 {main}\n  thrown in /wordpress/wp-content/plugins/wp-present/wp-present.php on line 107","log":"/logs/plugins/w/woo-payzen-payment/error.json"}
,
{"message":"Uncaught Error: Non-static method WP_Present_Core::action_init_register_post_type() cannot be called statically in /wordpress/wp-content/plugins/wp-present/wp-present.php:107","level":"FATAL","type":"PHP","test":"ast-sqlite-boot","plugin":"woo-payzen-payment","details":"[15-May-2025 03:37:01 UTC] PHP Fatal error:  Uncaught Error: Non-static method WP_Present_Core::action_init_register_post_type() cannot be called statically in /wordpress/wp-content/plugins/wp-present/wp-present.php:107\nStack trace:\n#0 /wordpress/wp-includes/class-wp-hook.php(324): WP_Present_Loader->activate(false)\n#1 /wordpress/wp-includes/class-wp-hook.php(348): WP_Hook->apply_filters('', Array)\n#2 /wordpress/wp-includes/plugin.php(517): WP_Hook->do_action(Array)\n#3 /wordpress/wp-admin/includes/plugin.php(703): do_action('activate_wp-pre...', false)\n#4 /internal/eval.php(20): activate_plugin('wp-present/wp-p...')\n#5 {main}\n  thrown in /wordpress/wp-content/plugins/wp-present/wp-present.php on line 107","log":"/logs/plugins/w/woo-payzen-payment/error.json"}
,
{"message":"Uncaught Error: Non-static method WP_Present_Core::action_init_register_post_type() cannot be called statically in /wordpress/wp-content/plugins/wp-present/wp-present.php:107","level":"FATAL","type":"PHP","test":"ast-sqlite-boot","plugin":"woo-payzen-payment","details":"[15-May-2025 03:37:09 UTC] PHP Fatal error:  Uncaught Error: Non-static method WP_Present_Core::action_init_register_post_type() cannot be called statically in /wordpress/wp-content/plugins/wp-present/wp-present.php:107\nStack trace:\n#0 /wordpress/wp-includes/class-wp-hook.php(324): WP_Present_Loader->activate(false)\n#1 /wordpress/wp-includes/class-wp-hook.php(348): WP_Hook->apply_filters('', Array)\n#2 /wordpress/wp-includes/plugin.php(517): WP_Hook->do_action(Array)\n#3 /wordpress/wp-admin/includes/plugin.php(703): do_action('activate_wp-pre...', false)\n#4 /internal/eval.php(20): activate_plugin('wp-present/wp-p...')\n#5 {main}\n  thrown in /wordpress/wp-content/plugins/wp-present/wp-present.php on line 107","log":"/logs/plugins/w/woo-payzen-payment/error.json"}
,
{"message":"Undefined array key \"hex_smap_button\" in /wordpress/wp-content/plugins/wp-visited-countries-reloaded/inc/class-wpvc-settings.php on line 547","level":"WARNING","type":"PHP","test":"ast-sqlite-boot","plugin":"woo-payzen-payment","details":"[15-May-2025 03:39:07 UTC] PHP Warning:  Undefined array key \"hex_smap_button\" in /wordpress/wp-content/plugins/wp-visited-countries-reloaded/inc/class-wpvc-settings.php on line 547","log":"/logs/plugins/w/woo-payzen-payment/error.json"}
,
{"message":"Undefined array key \"pos_smap_button\" in /wordpress/wp-content/plugins/wp-visited-countries-reloaded/inc/class-wpvc-settings.php on line 548","level":"WARNING","type":"PHP","test":"ast-sqlite-boot","plugin":"woo-payzen-payment","details":"[15-May-2025 03:39:07 UTC] PHP Warning:  Undefined array key \"pos_smap_button\" in /wordpress/wp-content/plugins/wp-visited-countries-reloaded/inc/class-wpvc-settings.php on line 548","log":"/logs/plugins/w/woo-payzen-payment/error.json"}
,
{"message":"Undefined array key \"hex_smap_button\" in /wordpress/wp-content/plugins/wp-visited-countries-reloaded/inc/class-wpvc-settings.php on line 547","level":"WARNING","type":"PHP","test":"ast-sqlite-boot","plugin":"woo-payzen-payment","details":"[15-May-2025 03:39:16 UTC] PHP Warning:  Undefined array key \"hex_smap_button\" in /wordpress/wp-content/plugins/wp-visited-countries-reloaded/inc/class-wpvc-settings.php on line 547","log":"/logs/plugins/w/woo-payzen-payment/error.json"}
,
{"message":"Undefined array key \"pos_smap_button\" in /wordpress/wp-content/plugins/wp-visited-countries-reloaded/inc/class-wpvc-settings.php on line 548","level":"WARNING","type":"PHP","test":"ast-sqlite-boot","plugin":"woo-payzen-payment","details":"[15-May-2025 03:39:16 UTC] PHP Warning:  Undefined array key \"pos_smap_button\" in /wordpress/wp-content/plugins/wp-visited-countries-reloaded/inc/class-wpvc-settings.php on line 548","log":"/logs/plugins/w/woo-payzen-payment/error.json"}
,
{"message":"Undefined array key \"hex_smap_button\" in /wordpress/wp-content/plugins/wp-visited-countries-reloaded/inc/class-wpvc-settings.php on line 547","level":"WARNING","type":"PHP","test":"ast-sqlite-boot","plugin":"woo-payzen-payment","details":"[15-May-2025 03:39:25 UTC] PHP Warning:  Undefined array key \"hex_smap_button\" in /wordpress/wp-content/plugins/wp-visited-countries-reloaded/inc/class-wpvc-settings.php on line 547","log":"/logs/plugins/w/woo-payzen-payment/error.json"}
,
{"message":"Undefined array key \"pos_smap_button\" in /wordpress/wp-content/plugins/wp-visited-countries-reloaded/inc/class-wpvc-settings.php on line 548","level":"WARNING","type":"PHP","test":"ast-sqlite-boot","plugin":"woo-payzen-payment","details":"[15-May-2025 03:39:25 UTC] PHP Warning:  Undefined array key \"pos_smap_button\" in /wordpress/wp-content/plugins/wp-visited-countries-reloaded/inc/class-wpvc-settings.php on line 548","log":"/logs/plugins/w/woo-payzen-payment/error.json"}
,
{"message":"Undefined array key 0 in /wordpress/wp-includes/functions.php on line 1139","level":"WARNING","type":"PHP","test":"ast-sqlite-boot","plugin":"woo-payzen-payment","details":"[15-May-2025 03:40:50 UTC] PHP Warning:  Undefined array key 0 in /wordpress/wp-includes/functions.php on line 1139","log":"/logs/plugins/w/woo-payzen-payment/error.json"}
,
{"message":"Undefined array key 0 in /wordpress/wp-includes/functions.php on line 1183","level":"WARNING","type":"PHP","test":"ast-sqlite-boot","plugin":"woo-payzen-payment","details":"[15-May-2025 03:40:50 UTC] PHP Warning:  Undefined array key 0 in /wordpress/wp-includes/functions.php on line 1183","log":"/logs/plugins/w/woo-payzen-payment/error.json"}
,
{"message":"Undefined array key 0 in /wordpress/wp-includes/functions.php on line 1188","level":"WARNING","type":"PHP","test":"ast-sqlite-boot","plugin":"woo-payzen-payment","details":"[15-May-2025 03:40:50 UTC] PHP Warning:  Undefined array key 0 in /wordpress/wp-includes/functions.php on line 1188","log":"/logs/plugins/w/woo-payzen-payment/error.json"}
,
{"message":"Undefined array key 1 in /wordpress/wp-includes/functions.php on line 1188","level":"WARNING","type":"PHP","test":"ast-sqlite-boot","plugin":"woo-payzen-payment","details":"[15-May-2025 03:40:50 UTC] PHP Warning:  Undefined array key 1 in /wordpress/wp-includes/functions.php on line 1188","log":"/logs/plugins/w/woo-payzen-payment/error.json"}
,
{"message":"Undefined array key 0 in /wordpress/wp-includes/functions.php on line 1139","level":"WARNING","type":"PHP","test":"ast-sqlite-boot","plugin":"woo-payzen-payment","details":"[15-May-2025 03:40:59 UTC] PHP Warning:  Undefined array key 0 in /wordpress/wp-includes/functions.php on line 1139","log":"/logs/plugins/w/woo-payzen-payment/error.json"}
,
{"message":"Undefined array key 0 in /wordpress/wp-includes/functions.php on line 1183","level":"WARNING","type":"PHP","test":"ast-sqlite-boot","plugin":"woo-payzen-payment","details":"[15-May-2025 03:40:59 UTC] PHP Warning:  Undefined array key 0 in /wordpress/wp-includes/functions.php on line 1183","log":"/logs/plugins/w/woo-payzen-payment/error.json"}
,
{"message":"Undefined array key 0 in /wordpress/wp-includes/functions.php on line 1188","level":"WARNING","type":"PHP","test":"ast-sqlite-boot","plugin":"woo-payzen-payment","details":"[15-May-2025 03:40:59 UTC] PHP Warning:  Undefined array key 0 in /wordpress/wp-includes/functions.php on line 1188","log":"/logs/plugins/w/woo-payzen-payment/error.json"}
,
{"message":"Undefined array key 1 in /wordpress/wp-includes/functions.php on line 1188","level":"WARNING","type":"PHP","test":"ast-sqlite-boot","plugin":"woo-payzen-payment","details":"[15-May-2025 03:40:59 UTC] PHP Warning:  Undefined array key 1 in /wordpress/wp-includes/functions.php on line 1188","log":"/logs/plugins/w/woo-payzen-payment/error.json"}
,
{"message":"Undefined array key 0 in /wordpress/wp-includes/functions.php on line 1139","level":"WARNING","type":"PHP","test":"ast-sqlite-boot","plugin":"woo-payzen-payment","details":"[15-May-2025 03:41:07 UTC] PHP Warning:  Undefined array key 0 in /wordpress/wp-includes/functions.php on line 1139","log":"/logs/plugins/w/woo-payzen-payment/error.json"}
,
{"message":"Undefined array key 0 in /wordpress/wp-includes/functions.php on line 1183","level":"WARNING","type":"PHP","test":"ast-sqlite-boot","plugin":"woo-payzen-payment","details":"[15-May-2025 03:41:07 UTC] PHP Warning:  Undefined array key 0 in /wordpress/wp-includes/functions.php on line 1183","log":"/logs/plugins/w/woo-payzen-payment/error.json"}
,
{"message":"Undefined array key 0 in /wordpress/wp-includes/functions.php on line 1188","level":"WARNING","type":"PHP","test":"ast-sqlite-boot","plugin":"woo-payzen-payment","details":"[15-May-2025 03:41:07 UTC] PHP Warning:  Undefined array key 0 in /wordpress/wp-includes/functions.php on line 1188","log":"/logs/plugins/w/woo-payzen-payment/error.json"}
,
{"message":"Undefined array key 1 in /wordpress/wp-includes/functions.php on line 1188","level":"WARNING","type":"PHP","test":"ast-sqlite-boot","plugin":"woo-payzen-payment","details":"[15-May-2025 03:41:07 UTC] PHP Warning:  Undefined array key 1 in /wordpress/wp-includes/functions.php on line 1188","log":"/logs/plugins/w/woo-payzen-payment/error.json"}
,
{"message":"Array and string offset access syntax with curly braces is no longer supported in /wordpress/wp-content/plugins/wp-deals/wpdeals.php on line 629","level":"FATAL","type":"PHP","test":"ast-sqlite-boot","plugin":"woo-payzen-payment","details":"[15-May-2025 03:41:16 UTC] PHP Fatal error:  Array and string offset access syntax with curly braces is no longer supported in /wordpress/wp-content/plugins/wp-deals/wpdeals.php on line 629","log":"/logs/plugins/w/woo-payzen-payment/error.json"}
,
{"message":"Array and string offset access syntax with curly braces is no longer supported in /wordpress/wp-content/plugins/wp-deals/wpdeals.php on line 629","level":"FATAL","type":"PHP","test":"ast-sqlite-boot","plugin":"woo-payzen-payment","details":"[15-May-2025 03:41:23 UTC] PHP Fatal error:  Array and string offset access syntax with curly braces is no longer supported in /wordpress/wp-content/plugins/wp-deals/wpdeals.php on line 629","log":"/logs/plugins/w/woo-payzen-payment/error.json"}
,
{"message":"Array and string offset access syntax with curly braces is no longer supported in /wordpress/wp-content/plugins/wp-deals/wpdeals.php on line 629","level":"FATAL","type":"PHP","test":"ast-sqlite-boot","plugin":"woo-payzen-payment","details":"[15-May-2025 03:41:31 UTC] PHP Fatal error:  Array and string offset access syntax with curly braces is no longer supported in /wordpress/wp-content/plugins/wp-deals/wpdeals.php on line 629","log":"/logs/plugins/w/woo-payzen-payment/error.json"}
,
{"message":"Trying to access array offset on value of type null in /wordpress/wp-content/plugins/wp-e-commerce-store-toolkit/includes/functions.php on line 690","level":"WARNING","type":"PHP","test":"ast-sqlite-boot","plugin":"woo-payzen-payment","details":"[15-May-2025 03:41:40 UTC] PHP Warning:  Trying to access array offset on value of type null in /wordpress/wp-content/plugins/wp-e-commerce-store-toolkit/includes/functions.php on line 690","log":"/logs/plugins/w/woo-payzen-payment/error.json"}
,
{"message":"Trying to access array offset on value of type null in /wordpress/wp-content/plugins/wp-e-commerce-store-toolkit/includes/install.php on line 12","level":"WARNING","type":"PHP","test":"ast-sqlite-boot","plugin":"woo-payzen-payment","details":"[15-May-2025 03:41:40 UTC] PHP Warning:  Trying to access array offset on value of type null in /wordpress/wp-content/plugins/wp-e-commerce-store-toolkit/includes/install.php on line 12","log":"/logs/plugins/w/woo-payzen-payment/error.json"}
,
{"message":"Function _load_textdomain_just_in_time was called <strong>incorrectly</strong>. Translation loading for the <code>wp-e-commerce-store-toolkit</code> domain was triggered too early. This is usually an indicator for some code in the plugin or theme running too early. Translations should be loaded at the <code>init</code> action or later. Please see <a href=\"https://developer.wordpress.org/advanced-administration/debug/debug-wordpress/\">Debugging in WordPress</a> for more information. (This message was added in version 6.7.0.) in /wordpress/wp-includes/functions.php on line 6121","level":"NOTICE","type":"PHP","test":"ast-sqlite-boot","plugin":"woo-payzen-payment","details":"[15-May-2025 03:41:41 UTC] PHP Notice:  Function _load_textdomain_just_in_time was called <strong>incorrectly</strong>. Translation loading for the <code>wp-e-commerce-store-toolkit</code> domain was triggered too early. This is usually an indicator for some code in the plugin or theme running too early. Translations should be loaded at the <code>init</code> action or later. Please see <a href=\"https://developer.wordpress.org/advanced-administration/debug/debug-wordpress/\">Debugging in WordPress</a> for more information. (This message was added in version 6.7.0.) in /wordpress/wp-includes/functions.php on line 6121","log":"/logs/plugins/w/woo-payzen-payment/error.json"}
,
{"message":"Trying to access array offset on value of type null in /wordpress/wp-content/plugins/wp-e-commerce-store-toolkit/includes/functions.php on line 690","level":"WARNING","type":"PHP","test":"ast-sqlite-boot","plugin":"woo-payzen-payment","details":"[15-May-2025 03:41:49 UTC] PHP Warning:  Trying to access array offset on value of type null in /wordpress/wp-content/plugins/wp-e-commerce-store-toolkit/includes/functions.php on line 690","log":"/logs/plugins/w/woo-payzen-payment/error.json"}
,
{"message":"Trying to access array offset on value of type null in /wordpress/wp-content/plugins/wp-e-commerce-store-toolkit/includes/install.php on line 12","level":"WARNING","type":"PHP","test":"ast-sqlite-boot","plugin":"woo-payzen-payment","details":"[15-May-2025 03:41:49 UTC] PHP Warning:  Trying to access array offset on value of type null in /wordpress/wp-content/plugins/wp-e-commerce-store-toolkit/includes/install.php on line 12","log":"/logs/plugins/w/woo-payzen-payment/error.json"}
,
{"message":"Function _load_textdomain_just_in_time was called <strong>incorrectly</strong>. Translation loading for the <code>wp-e-commerce-store-toolkit</code> domain was triggered too early. This is usually an indicator for some code in the plugin or theme running too early. Translations should be loaded at the <code>init</code> action or later. Please see <a href=\"https://developer.wordpress.org/advanced-administration/debug/debug-wordpress/\">Debugging in WordPress</a> for more information. (This message was added in version 6.7.0.) in /wordpress/wp-includes/functions.php on line 6121","level":"NOTICE","type":"PHP","test":"ast-sqlite-boot","plugin":"woo-payzen-payment","details":"[15-May-2025 03:41:50 UTC] PHP Notice:  Function _load_textdomain_just_in_time was called <strong>incorrectly</strong>. Translation loading for the <code>wp-e-commerce-store-toolkit</code> domain was triggered too early. This is usually an indicator for some code in the plugin or theme running too early. Translations should be loaded at the <code>init</code> action or later. Please see <a href=\"https://developer.wordpress.org/advanced-administration/debug/debug-wordpress/\">Debugging in WordPress</a> for more information. (This message was added in version 6.7.0.) in /wordpress/wp-includes/functions.php on line 6121","log":"/logs/plugins/w/woo-payzen-payment/error.json"}
,
{"message":"Trying to access array offset on value of type null in /wordpress/wp-content/plugins/wp-e-commerce-store-toolkit/includes/functions.php on line 690","level":"WARNING","type":"PHP","test":"ast-sqlite-boot","plugin":"woo-payzen-payment","details":"[15-May-2025 03:41:58 UTC] PHP Warning:  Trying to access array offset on value of type null in /wordpress/wp-content/plugins/wp-e-commerce-store-toolkit/includes/functions.php on line 690","log":"/logs/plugins/w/woo-payzen-payment/error.json"}
,
{"message":"Trying to access array offset on value of type null in /wordpress/wp-content/plugins/wp-e-commerce-store-toolkit/includes/install.php on line 12","level":"WARNING","type":"PHP","test":"ast-sqlite-boot","plugin":"woo-payzen-payment","details":"[15-May-2025 03:41:58 UTC] PHP Warning:  Trying to access array offset on value of type null in /wordpress/wp-content/plugins/wp-e-commerce-store-toolkit/includes/install.php on line 12","log":"/logs/plugins/w/woo-payzen-payment/error.json"}
,
{"message":"Function _load_textdomain_just_in_time was called <strong>incorrectly</strong>. Translation loading for the <code>wp-e-commerce-store-toolkit</code> domain was triggered too early. This is usually an indicator for some code in the plugin or theme running too early. Translations should be loaded at the <code>init</code> action or later. Please see <a href=\"https://developer.wordpress.org/advanced-administration/debug/debug-wordpress/\">Debugging in WordPress</a> for more information. (This message was added in version 6.7.0.) in /wordpress/wp-includes/functions.php on line 6121","level":"NOTICE","type":"PHP","test":"ast-sqlite-boot","plugin":"woo-payzen-payment","details":"[15-May-2025 03:41:59 UTC] PHP Notice:  Function _load_textdomain_just_in_time was called <strong>incorrectly</strong>. Translation loading for the <code>wp-e-commerce-store-toolkit</code> domain was triggered too early. This is usually an indicator for some code in the plugin or theme running too early. Translations should be loaded at the <code>init</code> action or later. Please see <a href=\"https://developer.wordpress.org/advanced-administration/debug/debug-wordpress/\">Debugging in WordPress</a> for more information. (This message was added in version 6.7.0.) in /wordpress/wp-includes/functions.php on line 6121","log":"/logs/plugins/w/woo-payzen-payment/error.json"}
,
{"message":"Undefined array key \"wcd_display_in_menus\" in /wordpress/wp-content/plugins/woo-cart-dropdown/woocommerce-cart-dropdown.php on line 478","level":"WARNING","type":"PHP","test":"ast-sqlite-boot","plugin":"woo-payzen-payment","details":"[15-May-2025 03:44:33 UTC] PHP Warning:  Undefined array key \"wcd_display_in_menus\" in /wordpress/wp-content/plugins/woo-cart-dropdown/woocommerce-cart-dropdown.php on line 478","log":"/logs/plugins/w/woo-payzen-payment/error.json"}
,
{"message":"Undefined array key \"wcd_display_in_menus\" in /wordpress/wp-content/plugins/woo-cart-dropdown/woocommerce-cart-dropdown.php on line 478","level":"WARNING","type":"PHP","test":"ast-sqlite-boot","plugin":"woo-payzen-payment","details":"[15-May-2025 03:44:42 UTC] PHP Warning:  Undefined array key \"wcd_display_in_menus\" in /wordpress/wp-content/plugins/woo-cart-dropdown/woocommerce-cart-dropdown.php on line 478","log":"/logs/plugins/w/woo-payzen-payment/error.json"}
,
{"message":"Undefined array key \"wcd_display_in_menus\" in /wordpress/wp-content/plugins/woo-cart-dropdown/woocommerce-cart-dropdown.php on line 478","level":"WARNING","type":"PHP","test":"ast-sqlite-boot","plugin":"woo-payzen-payment","details":"[15-May-2025 03:44:51 UTC] PHP Warning:  Undefined array key \"wcd_display_in_menus\" in /wordpress/wp-content/plugins/woo-cart-dropdown/woocommerce-cart-dropdown.php on line 478\n\n    at Object.onBind (file:///home/runner/work/playground-tester/playground-tester/node_modules/@wp-playground/cli/index.js:237:15)\n    at process.processTicksAndRejections (node:internal/process/task_queues:105:5)\n    at async V (file:///home/runner/work/playground-tester/playground-tester/node_modules/@wp-playground/cli/index.js:64:10)\n    at async ja (file:///home/runner/work/playground-tester/playground-tester/node_modules/@wp-playground/cli/cli.js:8161:12) {\n  [cause]: Error: Error when executing the blueprint step #5 ({\"step\":\"installPlugin\",\"pluginData\":{\"resource\":\"wordpress.org/plugins\",\"slug\":\"woo-payzen-payment\"},\"options\":{\"activate\":true}}) : Plugin /wordpress/wp-content/plugins/woo-payzen-payment could not be activated – WordPress exited with no error. Sometimes, when $_SERVER or site options are not configured correctly, WordPress exits early with a 301 redirect. Inspect the \"debug\" logs in the console for more details.\n      at Object.run (file:///home/runner/work/playground-tester/playground-tester/node_modules/@wp-playground/blueprints/index.js:12449:19)\n      at process.processTicksAndRejections (node:internal/process/task_queues:105:5)\n      at async ms (file:///home/runner/work/playground-tester/playground-tester/node_modules/@wp-playground/blueprints/index.js:12552:3)\n      ... 2 lines matching cause stack trace ...\n      at async ja (file:///home/runner/work/playground-tester/playground-tester/node_modules/@wp-playground/cli/cli.js:8161:12) {\n    [cause]: Error: Plugin /wordpress/wp-content/plugins/woo-payzen-payment could not be activated – WordPress exited with no error. Sometimes, when $_SERVER or site options are not configured correctly, WordPress exits early with a 301 redirect. Inspect the \"debug\" logs in the console for more details.\n        at wr (file:///home/runner/work/playground-tester/playground-tester/node_modules/@wp-playground/blueprints/index.js:119:51)\n        at process.processTicksAndRejections (node:internal/process/task_queues:105:5)\n        at async Object.gt [as installPlugin] (file:///home/runner/work/playground-tester/playground-tester/node_modules/@wp-playground/blueprints/index.js:974:42)\n        at async g (file:///home/runner/work/playground-tester/playground-tester/node_modules/@wp-playground/blueprints/index.js:12517:30)\n        at async Object.run (file:///home/runner/work/playground-tester/playground-tester/node_modules/@wp-playground/blueprints/index.js:12446:23)\n        at async ms (file:///home/runner/work/playground-tester/playground-tester/node_modules/@wp-playground/blueprints/index.js:12552:3)\n        at async Object.onBind (file:///home/runner/work/playground-tester/playground-tester/node_modules/@wp-playground/cli/index.js:227:48)\n        at async V (file:///home/runner/work/playground-tester/playground-tester/node_modules/@wp-playground/cli/index.js:64:10)\n        at async ja (file:///home/runner/work/playground-tester/playground-tester/node_modules/@wp-playground/cli/cli.js:8161:12)\n  }\n}\n\n","log":"/logs/plugins/w/woo-payzen-payment/error.json"}
]
