[
{"message":"file:///home/runner/work/playground-tester/playground-tester/node_modules/@wp-playground/cli/index.js:237\n        throw new Error(y, { cause: u });\n              ^\n","level":"FATAL","type":"PLAYGROUND","test":"asyncify-boot","plugin":"multilanguage-comment-box","details":"file:///home/runner/work/playground-tester/playground-tester/node_modules/@wp-playground/cli/index.js:237\n        throw new Error(y, { cause: u });\n              ^\n","log":"/tmp/tmp.6IBMj1W2cy"}
,
{"message":"Unknown operation: ALTER.","level":"FATAL","type":"SQL","test":"asyncify-boot","plugin":"multilanguage-comment-box","details":"[12-Apr-2025 17:47:34 UTC] WordPress database error <div style=\"clear:both\">&nbsp;</div>\n<div class=\"queries\" style=\"clear:both;margin-bottom:2px;border:red dotted thin;\">\n<p>MySQL query:</p>\n<p>ALTER TABLE wp_wow_mwp ALTER COLUMN `title` SET DEFAULT ''</p>\n<p>Queries made or created this session were:</p>\n<ol>\n<li>Executing: BEGIN | (no parameters)</li>\n<li>Executing: ROLLBACK | (no parameters)</li>\n</ol>\n</div>\n<div style=\"clear:both;margin-bottom:2px;border:red dotted thin;\" class=\"error_message\" style=\"border-bottom:dotted blue thin;\">\nError occurred at line 4117 in Function <code>handle_error</code>. Error message was: Unknown operation: ALTER.\n</div>\n<p>Backtrace:</p>\n<pre>#0 /internal/shared/sqlite-database-integration/wp-includes/sqlite/class-wp-sqlite-db.php(287): WP_SQLite_Translator->get_error_message()\n#1 /wordpress/wp-admin/includes/upgrade.php(3271): WP_SQLite_DB->query('ALTER TABLE wp_...')\n#2 /wordpress/wp-content/plugins/modal-window/classes/Update/UpdateDB.php(60): dbDelta(Array)\n#3 /wordpress/wp-content/plugins/modal-window/classes/Update/UpdateDB.php(37): ModalWindow\\Update\\UpdateDB::update_database()\n#4 /wordpress/wp-content/plugins/modal-window/classes/Update/UpdateDB.php(31): ModalWindow\\Update\\UpdateDB::start_update()\n#5 /wordpress/wp-content/plugins/modal-window/modal-window.php(183): ModalWindow\\Update\\UpdateDB::init()\n#6 /wordpress/wp-includes/class-wp-hook.php(324): ModalWindow\\WOWP_Plugin->loaded('')\n#7 /wordpress/wp-includes/class-wp-hook.php(348): WP_Hook->apply_filters(NULL, Array)\n#8 /wordpress/wp-includes/plugin.php(517): WP_Hook->do_action(Array)\n#9 /wordpress/wp-settings.php(559): do_action('plugins_loaded')\n#10 /wordpress/wp-config.php(102): require_once('/wordpress/wp-s...')\n#11 /wordpress/wp-load.php(50): require_once('/wordpress/wp-c...')\n#12 /internal/eval.php(3): require_once('/wordpress/wp-l...')\n#13 {main}</pre>\n for query ALTER TABLE wp_wow_mwp ALTER COLUMN `title` SET DEFAULT '' made by require_once('wp-load.php'), require_once('wp-config.php'), require_once('wp-settings.php'), do_action('plugins_loaded'), WP_Hook->do_action, WP_Hook->apply_filters, ModalWindow\\WOWP_Plugin->loaded, ModalWindow\\Update\\UpdateDB::init, ModalWindow\\Update\\UpdateDB::start_update, ModalWindow\\Update\\UpdateDB::update_database, dbDelta, WP_SQLite_DB->query, WP_SQLite_DB->print_error","log":"/logs/plugins/m/multilanguage-comment-box/error.json"}
,
{"message":"Unknown operation: ALTER.","level":"FATAL","type":"SQL","test":"asyncify-boot","plugin":"multilanguage-comment-box","details":"[12-Apr-2025 17:47:34 UTC] WordPress database error <div style=\"clear:both\">&nbsp;</div>\n<div class=\"queries\" style=\"clear:both;margin-bottom:2px;border:red dotted thin;\">\n<p>MySQL query:</p>\n<p>ALTER TABLE wp_wow_mwp ALTER COLUMN `param` SET DEFAULT ''</p>\n<p>Queries made or created this session were:</p>\n<ol>\n<li>Executing: BEGIN | (no parameters)</li>\n<li>Executing: ROLLBACK | (no parameters)</li>\n</ol>\n</div>\n<div style=\"clear:both;margin-bottom:2px;border:red dotted thin;\" class=\"error_message\" style=\"border-bottom:dotted blue thin;\">\nError occurred at line 4117 in Function <code>handle_error</code>. Error message was: Unknown operation: ALTER.\n</div>\n<p>Backtrace:</p>\n<pre>#0 /internal/shared/sqlite-database-integration/wp-includes/sqlite/class-wp-sqlite-db.php(287): WP_SQLite_Translator->get_error_message()\n#1 /wordpress/wp-admin/includes/upgrade.php(3271): WP_SQLite_DB->query('ALTER TABLE wp_...')\n#2 /wordpress/wp-content/plugins/modal-window/classes/Update/UpdateDB.php(60): dbDelta(Array)\n#3 /wordpress/wp-content/plugins/modal-window/classes/Update/UpdateDB.php(37): ModalWindow\\Update\\UpdateDB::update_database()\n#4 /wordpress/wp-content/plugins/modal-window/classes/Update/UpdateDB.php(31): ModalWindow\\Update\\UpdateDB::start_update()\n#5 /wordpress/wp-content/plugins/modal-window/modal-window.php(183): ModalWindow\\Update\\UpdateDB::init()\n#6 /wordpress/wp-includes/class-wp-hook.php(324): ModalWindow\\WOWP_Plugin->loaded('')\n#7 /wordpress/wp-includes/class-wp-hook.php(348): WP_Hook->apply_filters(NULL, Array)\n#8 /wordpress/wp-includes/plugin.php(517): WP_Hook->do_action(Array)\n#9 /wordpress/wp-settings.php(559): do_action('plugins_loaded')\n#10 /wordpress/wp-config.php(102): require_once('/wordpress/wp-s...')\n#11 /wordpress/wp-load.php(50): require_once('/wordpress/wp-c...')\n#12 /internal/eval.php(3): require_once('/wordpress/wp-l...')\n#13 {main}</pre>\n for query ALTER TABLE wp_wow_mwp ALTER COLUMN `param` SET DEFAULT '' made by require_once('wp-load.php'), require_once('wp-config.php'), require_once('wp-settings.php'), do_action('plugins_loaded'), WP_Hook->do_action, WP_Hook->apply_filters, ModalWindow\\WOWP_Plugin->loaded, ModalWindow\\Update\\UpdateDB::init, ModalWindow\\Update\\UpdateDB::start_update, ModalWindow\\Update\\UpdateDB::update_database, dbDelta, WP_SQLite_DB->query, WP_SQLite_DB->print_error","log":"/logs/plugins/m/multilanguage-comment-box/error.json"}
,
{"message":"Unknown operation: ALTER.","level":"FATAL","type":"SQL","test":"asyncify-boot","plugin":"multilanguage-comment-box","details":"[12-Apr-2025 17:47:34 UTC] WordPress database error <div style=\"clear:both\">&nbsp;</div>\n<div class=\"queries\" style=\"clear:both;margin-bottom:2px;border:red dotted thin;\">\n<p>MySQL query:</p>\n<p>ALTER TABLE wp_wow_mwp ALTER COLUMN `tag` SET DEFAULT ''</p>\n<p>Queries made or created this session were:</p>\n<ol>\n<li>Executing: BEGIN | (no parameters)</li>\n<li>Executing: ROLLBACK | (no parameters)</li>\n</ol>\n</div>\n<div style=\"clear:both;margin-bottom:2px;border:red dotted thin;\" class=\"error_message\" style=\"border-bottom:dotted blue thin;\">\nError occurred at line 4117 in Function <code>handle_error</code>. Error message was: Unknown operation: ALTER.\n</div>\n<p>Backtrace:</p>\n<pre>#0 /internal/shared/sqlite-database-integration/wp-includes/sqlite/class-wp-sqlite-db.php(287): WP_SQLite_Translator->get_error_message()\n#1 /wordpress/wp-admin/includes/upgrade.php(3271): WP_SQLite_DB->query('ALTER TABLE wp_...')\n#2 /wordpress/wp-content/plugins/modal-window/classes/Update/UpdateDB.php(60): dbDelta(Array)\n#3 /wordpress/wp-content/plugins/modal-window/classes/Update/UpdateDB.php(37): ModalWindow\\Update\\UpdateDB::update_database()\n#4 /wordpress/wp-content/plugins/modal-window/classes/Update/UpdateDB.php(31): ModalWindow\\Update\\UpdateDB::start_update()\n#5 /wordpress/wp-content/plugins/modal-window/modal-window.php(183): ModalWindow\\Update\\UpdateDB::init()\n#6 /wordpress/wp-includes/class-wp-hook.php(324): ModalWindow\\WOWP_Plugin->loaded('')\n#7 /wordpress/wp-includes/class-wp-hook.php(348): WP_Hook->apply_filters(NULL, Array)\n#8 /wordpress/wp-includes/plugin.php(517): WP_Hook->do_action(Array)\n#9 /wordpress/wp-settings.php(559): do_action('plugins_loaded')\n#10 /wordpress/wp-config.php(102): require_once('/wordpress/wp-s...')\n#11 /wordpress/wp-load.php(50): require_once('/wordpress/wp-c...')\n#12 /internal/eval.php(3): require_once('/wordpress/wp-l...')\n#13 {main}</pre>\n for query ALTER TABLE wp_wow_mwp ALTER COLUMN `tag` SET DEFAULT '' made by require_once('wp-load.php'), require_once('wp-config.php'), require_once('wp-settings.php'), do_action('plugins_loaded'), WP_Hook->do_action, WP_Hook->apply_filters, ModalWindow\\WOWP_Plugin->loaded, ModalWindow\\Update\\UpdateDB::init, ModalWindow\\Update\\UpdateDB::start_update, ModalWindow\\Update\\UpdateDB::update_database, dbDelta, WP_SQLite_DB->query, WP_SQLite_DB->print_error","log":"/logs/plugins/m/multilanguage-comment-box/error.json"}
,
{"message":"Unknown operation: ALTER.","level":"FATAL","type":"SQL","test":"asyncify-boot","plugin":"multilanguage-comment-box","details":"[12-Apr-2025 17:47:45 UTC] WordPress database error <div style=\"clear:both\">&nbsp;</div>\n<div class=\"queries\" style=\"clear:both;margin-bottom:2px;border:red dotted thin;\">\n<p>MySQL query:</p>\n<p>ALTER TABLE wp_wow_mwp ALTER COLUMN `title` SET DEFAULT ''</p>\n<p>Queries made or created this session were:</p>\n<ol>\n<li>Executing: BEGIN | (no parameters)</li>\n<li>Executing: ROLLBACK | (no parameters)</li>\n</ol>\n</div>\n<div style=\"clear:both;margin-bottom:2px;border:red dotted thin;\" class=\"error_message\" style=\"border-bottom:dotted blue thin;\">\nError occurred at line 4117 in Function <code>handle_error</code>. Error message was: Unknown operation: ALTER.\n</div>\n<p>Backtrace:</p>\n<pre>#0 /internal/shared/sqlite-database-integration/wp-includes/sqlite/class-wp-sqlite-db.php(287): WP_SQLite_Translator->get_error_message()\n#1 /wordpress/wp-admin/includes/upgrade.php(3271): WP_SQLite_DB->query('ALTER TABLE wp_...')\n#2 /wordpress/wp-content/plugins/modal-window/classes/Update/UpdateDB.php(60): dbDelta(Array)\n#3 /wordpress/wp-content/plugins/modal-window/classes/Update/UpdateDB.php(37): ModalWindow\\Update\\UpdateDB::update_database()\n#4 /wordpress/wp-content/plugins/modal-window/classes/Update/UpdateDB.php(31): ModalWindow\\Update\\UpdateDB::start_update()\n#5 /wordpress/wp-content/plugins/modal-window/modal-window.php(183): ModalWindow\\Update\\UpdateDB::init()\n#6 /wordpress/wp-includes/class-wp-hook.php(324): ModalWindow\\WOWP_Plugin->loaded('')\n#7 /wordpress/wp-includes/class-wp-hook.php(348): WP_Hook->apply_filters(NULL, Array)\n#8 /wordpress/wp-includes/plugin.php(517): WP_Hook->do_action(Array)\n#9 /wordpress/wp-settings.php(559): do_action('plugins_loaded')\n#10 /wordpress/wp-config.php(102): require_once('/wordpress/wp-s...')\n#11 /wordpress/wp-load.php(50): require_once('/wordpress/wp-c...')\n#12 /internal/eval.php(3): require_once('/wordpress/wp-l...')\n#13 {main}</pre>\n for query ALTER TABLE wp_wow_mwp ALTER COLUMN `title` SET DEFAULT '' made by require_once('wp-load.php'), require_once('wp-config.php'), require_once('wp-settings.php'), do_action('plugins_loaded'), WP_Hook->do_action, WP_Hook->apply_filters, ModalWindow\\WOWP_Plugin->loaded, ModalWindow\\Update\\UpdateDB::init, ModalWindow\\Update\\UpdateDB::start_update, ModalWindow\\Update\\UpdateDB::update_database, dbDelta, WP_SQLite_DB->query, WP_SQLite_DB->print_error","log":"/logs/plugins/m/multilanguage-comment-box/error.json"}
,
{"message":"Unknown operation: ALTER.","level":"FATAL","type":"SQL","test":"asyncify-boot","plugin":"multilanguage-comment-box","details":"[12-Apr-2025 17:47:45 UTC] WordPress database error <div style=\"clear:both\">&nbsp;</div>\n<div class=\"queries\" style=\"clear:both;margin-bottom:2px;border:red dotted thin;\">\n<p>MySQL query:</p>\n<p>ALTER TABLE wp_wow_mwp ALTER COLUMN `param` SET DEFAULT ''</p>\n<p>Queries made or created this session were:</p>\n<ol>\n<li>Executing: BEGIN | (no parameters)</li>\n<li>Executing: ROLLBACK | (no parameters)</li>\n</ol>\n</div>\n<div style=\"clear:both;margin-bottom:2px;border:red dotted thin;\" class=\"error_message\" style=\"border-bottom:dotted blue thin;\">\nError occurred at line 4117 in Function <code>handle_error</code>. Error message was: Unknown operation: ALTER.\n</div>\n<p>Backtrace:</p>\n<pre>#0 /internal/shared/sqlite-database-integration/wp-includes/sqlite/class-wp-sqlite-db.php(287): WP_SQLite_Translator->get_error_message()\n#1 /wordpress/wp-admin/includes/upgrade.php(3271): WP_SQLite_DB->query('ALTER TABLE wp_...')\n#2 /wordpress/wp-content/plugins/modal-window/classes/Update/UpdateDB.php(60): dbDelta(Array)\n#3 /wordpress/wp-content/plugins/modal-window/classes/Update/UpdateDB.php(37): ModalWindow\\Update\\UpdateDB::update_database()\n#4 /wordpress/wp-content/plugins/modal-window/classes/Update/UpdateDB.php(31): ModalWindow\\Update\\UpdateDB::start_update()\n#5 /wordpress/wp-content/plugins/modal-window/modal-window.php(183): ModalWindow\\Update\\UpdateDB::init()\n#6 /wordpress/wp-includes/class-wp-hook.php(324): ModalWindow\\WOWP_Plugin->loaded('')\n#7 /wordpress/wp-includes/class-wp-hook.php(348): WP_Hook->apply_filters(NULL, Array)\n#8 /wordpress/wp-includes/plugin.php(517): WP_Hook->do_action(Array)\n#9 /wordpress/wp-settings.php(559): do_action('plugins_loaded')\n#10 /wordpress/wp-config.php(102): require_once('/wordpress/wp-s...')\n#11 /wordpress/wp-load.php(50): require_once('/wordpress/wp-c...')\n#12 /internal/eval.php(3): require_once('/wordpress/wp-l...')\n#13 {main}</pre>\n for query ALTER TABLE wp_wow_mwp ALTER COLUMN `param` SET DEFAULT '' made by require_once('wp-load.php'), require_once('wp-config.php'), require_once('wp-settings.php'), do_action('plugins_loaded'), WP_Hook->do_action, WP_Hook->apply_filters, ModalWindow\\WOWP_Plugin->loaded, ModalWindow\\Update\\UpdateDB::init, ModalWindow\\Update\\UpdateDB::start_update, ModalWindow\\Update\\UpdateDB::update_database, dbDelta, WP_SQLite_DB->query, WP_SQLite_DB->print_error","log":"/logs/plugins/m/multilanguage-comment-box/error.json"}
,
{"message":"Unknown operation: ALTER.","level":"FATAL","type":"SQL","test":"asyncify-boot","plugin":"multilanguage-comment-box","details":"[12-Apr-2025 17:47:45 UTC] WordPress database error <div style=\"clear:both\">&nbsp;</div>\n<div class=\"queries\" style=\"clear:both;margin-bottom:2px;border:red dotted thin;\">\n<p>MySQL query:</p>\n<p>ALTER TABLE wp_wow_mwp ALTER COLUMN `tag` SET DEFAULT ''</p>\n<p>Queries made or created this session were:</p>\n<ol>\n<li>Executing: BEGIN | (no parameters)</li>\n<li>Executing: ROLLBACK | (no parameters)</li>\n</ol>\n</div>\n<div style=\"clear:both;margin-bottom:2px;border:red dotted thin;\" class=\"error_message\" style=\"border-bottom:dotted blue thin;\">\nError occurred at line 4117 in Function <code>handle_error</code>. Error message was: Unknown operation: ALTER.\n</div>\n<p>Backtrace:</p>\n<pre>#0 /internal/shared/sqlite-database-integration/wp-includes/sqlite/class-wp-sqlite-db.php(287): WP_SQLite_Translator->get_error_message()\n#1 /wordpress/wp-admin/includes/upgrade.php(3271): WP_SQLite_DB->query('ALTER TABLE wp_...')\n#2 /wordpress/wp-content/plugins/modal-window/classes/Update/UpdateDB.php(60): dbDelta(Array)\n#3 /wordpress/wp-content/plugins/modal-window/classes/Update/UpdateDB.php(37): ModalWindow\\Update\\UpdateDB::update_database()\n#4 /wordpress/wp-content/plugins/modal-window/classes/Update/UpdateDB.php(31): ModalWindow\\Update\\UpdateDB::start_update()\n#5 /wordpress/wp-content/plugins/modal-window/modal-window.php(183): ModalWindow\\Update\\UpdateDB::init()\n#6 /wordpress/wp-includes/class-wp-hook.php(324): ModalWindow\\WOWP_Plugin->loaded('')\n#7 /wordpress/wp-includes/class-wp-hook.php(348): WP_Hook->apply_filters(NULL, Array)\n#8 /wordpress/wp-includes/plugin.php(517): WP_Hook->do_action(Array)\n#9 /wordpress/wp-settings.php(559): do_action('plugins_loaded')\n#10 /wordpress/wp-config.php(102): require_once('/wordpress/wp-s...')\n#11 /wordpress/wp-load.php(50): require_once('/wordpress/wp-c...')\n#12 /internal/eval.php(3): require_once('/wordpress/wp-l...')\n#13 {main}</pre>\n for query ALTER TABLE wp_wow_mwp ALTER COLUMN `tag` SET DEFAULT '' made by require_once('wp-load.php'), require_once('wp-config.php'), require_once('wp-settings.php'), do_action('plugins_loaded'), WP_Hook->do_action, WP_Hook->apply_filters, ModalWindow\\WOWP_Plugin->loaded, ModalWindow\\Update\\UpdateDB::init, ModalWindow\\Update\\UpdateDB::start_update, ModalWindow\\Update\\UpdateDB::update_database, dbDelta, WP_SQLite_DB->query, WP_SQLite_DB->print_error","log":"/logs/plugins/m/multilanguage-comment-box/error.json"}
,
{"message":"Uncaught Error: Undefined constant \"STDERR\" in /wordpress/wp-content/plugins/my-right-horse/vendor/composer/platform_check.php:17","level":"FATAL","type":"PHP","test":"asyncify-boot","plugin":"multilanguage-comment-box","details":"[12-Apr-2025 17:48:22 UTC] PHP Fatal error:  Uncaught Error: Undefined constant \"STDERR\" in /wordpress/wp-content/plugins/my-right-horse/vendor/composer/platform_check.php:17\nStack trace:\n#0 /wordpress/wp-content/plugins/my-right-horse/vendor/composer/autoload_real.php(25): require()\n#1 /wordpress/wp-content/plugins/my-right-horse/vendor/autoload.php(25): ComposerAutoloaderInit387273fc6afb67a1f5a8a9de7aebeecc::getLoader()\n#2 /wordpress/wp-content/plugins/my-right-horse/myrighthorse.php(23): require_once('/wordpress/wp-c...')\n#3 /wordpress/wp-admin/includes/plugin.php(2387): include_once('/wordpress/wp-c...')\n#4 /wordpress/wp-admin/includes/plugin.php(673): plugin_sandbox_scrape('my-right-horse/...')\n#5 /internal/eval.php(20): activate_plugin('my-right-horse/...')\n#6 {main}\n  thrown in /wordpress/wp-content/plugins/my-right-horse/vendor/composer/platform_check.php on line 17","log":"/logs/plugins/m/multilanguage-comment-box/error.json"}
,
{"message":"Uncaught Error: Undefined constant \"STDERR\" in /wordpress/wp-content/plugins/my-right-horse/vendor/composer/platform_check.php:17","level":"FATAL","type":"PHP","test":"asyncify-boot","plugin":"multilanguage-comment-box","details":"[12-Apr-2025 17:48:31 UTC] PHP Fatal error:  Uncaught Error: Undefined constant \"STDERR\" in /wordpress/wp-content/plugins/my-right-horse/vendor/composer/platform_check.php:17\nStack trace:\n#0 /wordpress/wp-content/plugins/my-right-horse/vendor/composer/autoload_real.php(25): require()\n#1 /wordpress/wp-content/plugins/my-right-horse/vendor/autoload.php(25): ComposerAutoloaderInit387273fc6afb67a1f5a8a9de7aebeecc::getLoader()\n#2 /wordpress/wp-content/plugins/my-right-horse/myrighthorse.php(23): require_once('/wordpress/wp-c...')\n#3 /wordpress/wp-admin/includes/plugin.php(2387): include_once('/wordpress/wp-c...')\n#4 /wordpress/wp-admin/includes/plugin.php(673): plugin_sandbox_scrape('my-right-horse/...')\n#5 /internal/eval.php(20): activate_plugin('my-right-horse/...')\n#6 {main}\n  thrown in /wordpress/wp-content/plugins/my-right-horse/vendor/composer/platform_check.php on line 17","log":"/logs/plugins/m/multilanguage-comment-box/error.json"}
,
{"message":"Uncaught Error: Undefined constant \"STDERR\" in /wordpress/wp-content/plugins/my-right-horse/vendor/composer/platform_check.php:17","level":"FATAL","type":"PHP","test":"asyncify-boot","plugin":"multilanguage-comment-box","details":"[12-Apr-2025 17:48:41 UTC] PHP Fatal error:  Uncaught Error: Undefined constant \"STDERR\" in /wordpress/wp-content/plugins/my-right-horse/vendor/composer/platform_check.php:17\nStack trace:\n#0 /wordpress/wp-content/plugins/my-right-horse/vendor/composer/autoload_real.php(25): require()\n#1 /wordpress/wp-content/plugins/my-right-horse/vendor/autoload.php(25): ComposerAutoloaderInit387273fc6afb67a1f5a8a9de7aebeecc::getLoader()\n#2 /wordpress/wp-content/plugins/my-right-horse/myrighthorse.php(23): require_once('/wordpress/wp-c...')\n#3 /wordpress/wp-admin/includes/plugin.php(2387): include_once('/wordpress/wp-c...')\n#4 /wordpress/wp-admin/includes/plugin.php(673): plugin_sandbox_scrape('my-right-horse/...')\n#5 /internal/eval.php(20): activate_plugin('my-right-horse/...')\n#6 {main}\n  thrown in /wordpress/wp-content/plugins/my-right-horse/vendor/composer/platform_check.php on line 17","log":"/logs/plugins/m/multilanguage-comment-box/error.json"}
,
{"message":"Required parameter $value follows optional parameter $parent in /wordpress/wp-content/plugins/myloyal/core/options.php on line 92","level":"DEPRECATED","type":"PHP","test":"asyncify-boot","plugin":"multilanguage-comment-box","details":"[12-Apr-2025 17:49:15 UTC] PHP Deprecated:  Required parameter $value follows optional parameter $parent in /wordpress/wp-content/plugins/myloyal/core/options.php on line 92","log":"/logs/plugins/m/multilanguage-comment-box/error.json"}
,
{"message":"foreach() argument must be of type array|object, null given in /wordpress/wp-content/plugins/myloyal/core/action-runner.php on line 49","level":"WARNING","type":"PHP","test":"asyncify-boot","plugin":"multilanguage-comment-box","details":"[12-Apr-2025 17:49:15 UTC] PHP Warning:  foreach() argument must be of type array|object, null given in /wordpress/wp-content/plugins/myloyal/core/action-runner.php on line 49","log":"/logs/plugins/m/multilanguage-comment-box/error.json"}
,
{"message":"Uncaught Exception: <div style=\"clear:both\">&nbsp;</div>","level":"FATAL","type":"PHP","test":"asyncify-boot","plugin":"multilanguage-comment-box","details":"[12-Apr-2025 17:49:15 UTC] PHP Fatal error:  Uncaught Exception: <div style=\"clear:both\">&nbsp;</div>\n<div class=\"queries\" style=\"clear:both;margin-bottom:2px;border:red dotted thin;\">\n<p>MySQL query:</p>\n<p>alter table `wp_myloyal_badge_user` add constraint `myloyal_badge_user_user_id_foreign` foreign key (`user_id`) references `wp_users` (`ID`) on delete cascade</p>\n<p>Queries made or created this session were:</p>\n<ol>\n<li>Executing: BEGIN | (no parameters)</li>\n<li>Executing: SELECT 1 FROM sqlite_temp_schema WHERE type = 'table' AND name = ? | parameters: wp_myloyal_badge_user</li>\n<li>Executing: SELECT COLUMN_NAME FROM _wp_sqlite_mysql_information_schema_columns WHERE table_schema = ? AND table_name = ? | parameters: database_name_here, wp_myloyal_badge_user</li>\n<li>Executing: SELECT 1 FROM sqlite_temp_schema WHERE type = 'table' AND name = ? | parameters: wp_myloyal_badge_user</li>\n<li>Executing: ROLLBACK | (no parameters)</li>\n</ol>\n</div>\n<div style=\"clear:both;margin-bottom:2px;border:red dotted thin;\" class=\"error_message\" style=\"border-bottom:dotted blue thin;\">\nFOREIGN KEY and CHECK constraints are not supported yet.\n</div>\n<p>Backtrace:</p>\n<pre>#0 /internal/shared/sqlite-database-integration/wp-includes/sqlite-ast/class-wp-sqlite-driver.php(690): WP_SQLite_Driver->new_driver_exception('FOREIGN KEY and...', 0, Object(Exception))\n#1 /internal/shared/sqlite-database-integration/wp-includes/sqlite/class-wp-sqlite-db.php(472): WP_SQLite_Driver->query('alter table `wp...')\n#2 /internal/shared/sqlite-database-integration/wp-includes/sqlite/class-wp-sqlite-db.php(413): WP_SQLite_DB->_do_query('alter table `wp...')\n#3 /wordpress/wp-content/plugins/myloyal/vendor/as247/wp-eloquent/src/Database/WpConnection.php(147): WP_SQLite_DB->query('alter table `wp...')\n#4 /wordpress/wp-content/plugins/myloyal/vendor/as247/wp-eloquent/src/Database/Connection.php(664): As247\\WpEloquent\\Database\\WpConnection->As247\\WpEloquent\\Database\\{closure}('alter table `wp...', Array)\n#5 /wordpress/wp-content/plugins/myloyal/vendor/as247/wp-eloquent/src/Database/Connection.php(631): As247\\WpEloquent\\Database\\Connection->runQueryCallback('alter table `wp...', Array, Object(Closure))\n#6 /wordpress/wp-content/plugins/myloyal/vendor/as247/wp-eloquent/src/Database/WpConnection.php(156): As247\\WpEloquent\\Database\\Connection->run('alter table `wp...', Array, Object(Closure))\n#7 /wordpress/wp-content/plugins/myloyal/vendor/as247/wp-eloquent/src/Database/WpConnection.php(132): As247\\WpEloquent\\Database\\WpConnection->runRawQuery('alter table `wp...', true)\n#8 /wordpress/wp-content/plugins/myloyal/vendor/as247/wp-eloquent/src/Database/WpConnection.php(108): As247\\WpEloquent\\Database\\WpConnection->unprepared('alter table `wp...')\n#9 /wordpress/wp-content/plugins/myloyal/vendor/as247/wp-eloquent/src/Database/Schema/Blueprint.php(103): As247\\WpEloquent\\Database\\WpConnection->statement('alter table `wp...')\n#10 /wordpress/wp-content/plugins/myloyal/vendor/as247/wp-eloquent/src/Database/Schema/Builder.php(323): As247\\WpEloquent\\Database\\Schema\\Blueprint->build(Object(As247\\WpEloquent\\Database\\WpConnection), Object(As247\\WpEloquent\\Database\\Schema\\Grammars\\MySqlGrammar))\n#11 /wordpress/wp-content/plugins/myloyal/vendor/as247/wp-eloquent/src/Database/Schema/Builder.php(200): As247\\WpEloquent\\Database\\Schema\\Builder->build(Object(As247\\WpEloquent\\Database\\Schema\\Blueprint))\n#12 /wordpress/wp-content/plugins/myloyal/vendor/as247/wp-eloquent/src/Support/Facades/Facade.php(261): As247\\WpEloquent\\Database\\Schema\\Builder->create('myloyal_badge_u...', Object(Closure))\n#13 /wordpress/wp-content/plugins/myloyal/migrations/badge-user.php(20): As247\\WpEloquent\\Support\\Facades\\Facade::__callStatic('create', Array)\n#14 /wordpress/wp-content/plugins/myloyal/myloyal.php(127): myLoyal\\migrations\\Badge_User->run()\n#15 /wordpress/wp-includes/class-wp-hook.php(324): myLoyal\\MyLoyal_Init->on_active(false)\n#16 /wordpress/wp-includes/class-wp-hook.php(348): WP_Hook->apply_filters('', Array)\n#17 /wordpress/wp-includes/plugin.php(517): WP_Hook->do_action(Array)\n#18 /wordpress/wp-admin/includes/plugin.php(703): do_action('activate_myloya...', false)\n#19 /internal/eval.php(20): activate_plugin('myloyal/myloyal...')\n#20 {main}</pre>\n in /wordpress/wp-content/plugins/myloyal/vendor/as247/wp-eloquent/src/Database/WpConnection.php:150\nStack trace:\n#0 /wordpress/wp-content/plugins/myloyal/vendor/as247/wp-eloquent/src/Database/Connection.php(664): As247\\WpEloquent\\Database\\WpConnection->As247\\WpEloquent\\Database\\{closure}('alter table `wp...', Array)\n#1 /wordpress/wp-content/plugins/myloyal/vendor/as247/wp-eloquent/src/Database/Connection.php(631): As247\\WpEloquent\\Database\\Connection->runQueryCallback('alter table `wp...', Array, Object(Closure))\n#2 /wordpress/wp-content/plugins/myloyal/vendor/as247/wp-eloquent/src/Database/WpConnection.php(156): As247\\WpEloquent\\Database\\Connection->run('alter table `wp...', Array, Object(Closure))\n#3 /wordpress/wp-content/plugins/myloyal/vendor/as247/wp-eloquent/src/Database/WpConnection.php(132): As247\\WpEloquent\\Database\\WpConnection->runRawQuery('alter table `wp...', true)\n#4 /wordpress/wp-content/plugins/myloyal/vendor/as247/wp-eloquent/src/Database/WpConnection.php(108): As247\\WpEloquent\\Database\\WpConnection->unprepared('alter table `wp...')\n#5 /wordpress/wp-content/plugins/myloyal/vendor/as247/wp-eloquent/src/Database/Schema/Blueprint.php(103): As247\\WpEloquent\\Database\\WpConnection->statement('alter table `wp...')\n#6 /wordpress/wp-content/plugins/myloyal/vendor/as247/wp-eloquent/src/Database/Schema/Builder.php(323): As247\\WpEloquent\\Database\\Schema\\Blueprint->build(Object(As247\\WpEloquent\\Database\\WpConnection), Object(As247\\WpEloquent\\Database\\Schema\\Grammars\\MySqlGrammar))\n#7 /wordpress/wp-content/plugins/myloyal/vendor/as247/wp-eloquent/src/Database/Schema/Builder.php(200): As247\\WpEloquent\\Database\\Schema\\Builder->build(Object(As247\\WpEloquent\\Database\\Schema\\Blueprint))\n#8 /wordpress/wp-content/plugins/myloyal/vendor/as247/wp-eloquent/src/Support/Facades/Facade.php(261): As247\\WpEloquent\\Database\\Schema\\Builder->create('myloyal_badge_u...', Object(Closure))\n#9 /wordpress/wp-content/plugins/myloyal/migrations/badge-user.php(20): As247\\WpEloquent\\Support\\Facades\\Facade::__callStatic('create', Array)\n#10 /wordpress/wp-content/plugins/myloyal/myloyal.php(127): myLoyal\\migrations\\Badge_User->run()\n#11 /wordpress/wp-includes/class-wp-hook.php(324): myLoyal\\MyLoyal_Init->on_active(false)\n#12 /wordpress/wp-includes/class-wp-hook.php(348): WP_Hook->apply_filters('', Array)\n#13 /wordpress/wp-includes/plugin.php(517): WP_Hook->do_action(Array)\n#14 /wordpress/wp-admin/includes/plugin.php(703): do_action('activate_myloya...', false)\n#15 /internal/eval.php(20): activate_plugin('myloyal/myloyal...')\n#16 {main}\n\nNext As247\\WpEloquent\\Database\\QueryException: <div style=\"clear:both\">&nbsp;</div>\n<div class=\"queries\" style=\"clear:both;margin-bottom:2px;border:red dotted thin;\">\n<p>MySQL query:</p>\n<p>alter table `wp_myloyal_badge_user` add constraint `myloyal_badge_user_user_id_foreign` foreign key (`user_id`) references `wp_users` (`ID`) on delete cascade</p>\n<p>Queries made or created this session were:</p>\n<ol>\n<li>Executing: BEGIN | (no parameters)</li>\n<li>Executing: SELECT 1 FROM sqlite_temp_schema WHERE type = 'table' AND name = ? | parameters: wp_myloyal_badge_user</li>\n<li>Executing: SELECT COLUMN_NAME FROM _wp_sqlite_mysql_information_schema_columns WHERE table_schema = ? AND table_name = ? | parameters: database_name_here, wp_myloyal_badge_user</li>\n<li>Executing: SELECT 1 FROM sqlite_temp_schema WHERE type = 'table' AND name = ? | parameters: wp_myloyal_badge_user</li>\n<li>Executing: ROLLBACK | (no parameters)</li>\n</ol>\n</div>\n<div style=\"clear:both;margin-bottom:2px;border:red dotted thin;\" class=\"error_message\" style=\"border-bottom:dotted blue thin;\">\nFOREIGN KEY and CHECK constraints are not supported yet.\n</div>\n<p>Backtrace:</p>\n<pre>#0 /internal/shared/sqlite-database-integration/wp-includes/sqlite-ast/class-wp-sqlite-driver.php(690): WP_SQLite_Driver->new_driver_exception('FOREIGN KEY and...', 0, Object(Exception))\n#1 /internal/shared/sqlite-database-integration/wp-includes/sqlite/class-wp-sqlite-db.php(472): WP_SQLite_Driver->query('alter table `wp...')\n#2 /internal/shared/sqlite-database-integration/wp-includes/sqlite/class-wp-sqlite-db.php(413): WP_SQLite_DB->_do_query('alter table `wp...')\n#3 /wordpress/wp-content/plugins/myloyal/vendor/as247/wp-eloquent/src/Database/WpConnection.php(147): WP_SQLite_DB->query('alter table `wp...')\n#4 /wordpress/wp-content/plugins/myloyal/vendor/as247/wp-eloquent/src/Database/Connection.php(664): As247\\WpEloquent\\Database\\WpConnection->As247\\WpEloquent\\Database\\{closure}('alter table `wp...', Array)\n#5 /wordpress/wp-content/plugins/myloyal/vendor/as247/wp-eloquent/src/Database/Connection.php(631): As247\\WpEloquent\\Database\\Connection->runQueryCallback('alter table `wp...', Array, Object(Closure))\n#6 /wordpress/wp-content/plugins/myloyal/vendor/as247/wp-eloquent/src/Database/WpConnection.php(156): As247\\WpEloquent\\Database\\Connection->run('alter table `wp...', Array, Object(Closure))\n#7 /wordpress/wp-content/plugins/myloyal/vendor/as247/wp-eloquent/src/Database/WpConnection.php(132): As247\\WpEloquent\\Database\\WpConnection->runRawQuery('alter table `wp...', true)\n#8 /wordpress/wp-content/plugins/myloyal/vendor/as247/wp-eloquent/src/Database/WpConnection.php(108): As247\\WpEloquent\\Database\\WpConnection->unprepared('alter table `wp...')\n#9 /wordpress/wp-content/plugins/myloyal/vendor/as247/wp-eloquent/src/Database/Schema/Blueprint.php(103): As247\\WpEloquent\\Database\\WpConnection->statement('alter table `wp...')\n#10 /wordpress/wp-content/plugins/myloyal/vendor/as247/wp-eloquent/src/Database/Schema/Builder.php(323): As247\\WpEloquent\\Database\\Schema\\Blueprint->build(Object(As247\\WpEloquent\\Database\\WpConnection), Object(As247\\WpEloquent\\Database\\Schema\\Grammars\\MySqlGrammar))\n#11 /wordpress/wp-content/plugins/myloyal/vendor/as247/wp-eloquent/src/Database/Schema/Builder.php(200): As247\\WpEloquent\\Database\\Schema\\Builder->build(Object(As247\\WpEloquent\\Database\\Schema\\Blueprint))\n#12 /wordpress/wp-content/plugins/myloyal/vendor/as247/wp-eloquent/src/Support/Facades/Facade.php(261): As247\\WpEloquent\\Database\\Schema\\Builder->create('myloyal_badge_u...', Object(Closure))\n#13 /wordpress/wp-content/plugins/myloyal/migrations/badge-user.php(20): As247\\WpEloquent\\Support\\Facades\\Facade::__callStatic('create', Array)\n#14 /wordpress/wp-content/plugins/myloyal/myloyal.php(127): myLoyal\\migrations\\Badge_User->run()\n#15 /wordpress/wp-includes/class-wp-hook.php(324): myLoyal\\MyLoyal_Init->on_active(false)\n#16 /wordpress/wp-includes/class-wp-hook.php(348): WP_Hook->apply_filters('', Array)\n#17 /wordpress/wp-includes/plugin.php(517): WP_Hook->do_action(Array)\n#18 /wordpress/wp-admin/includes/plugin.php(703): do_action('activate_myloya...', false)\n#19 /internal/eval.php(20): activate_plugin('myloyal/myloyal...')\n#20 {main}</pre>\n (SQL: alter table `wp_myloyal_badge_user` add constraint `myloyal_badge_user_user_id_foreign` foreign key (`user_id`) references `wp_users` (`ID`) on delete cascade) in /wordpress/wp-content/plugins/myloyal/vendor/as247/wp-eloquent/src/Database/WpConnection.php:150\nStack trace:\n#0 /wordpress/wp-content/plugins/myloyal/vendor/as247/wp-eloquent/src/Database/Connection.php(664): As247\\WpEloquent\\Database\\WpConnection->As247\\WpEloquent\\Database\\{closure}('alter table `wp...', Array)\n#1 /wordpress/wp-content/plugins/myloyal/vendor/as247/wp-eloquent/src/Database/Connection.php(631): As247\\WpEloquent\\Database\\Connection->runQueryCallback('alter table `wp...', Array, Object(Closure))\n#2 /wordpress/wp-content/plugins/myloyal/vendor/as247/wp-eloquent/src/Database/WpConnection.php(156): As247\\WpEloquent\\Database\\Connection->run('alter table `wp...', Array, Object(Closure))\n#3 /wordpress/wp-content/plugins/myloyal/vendor/as247/wp-eloquent/src/Database/WpConnection.php(132): As247\\WpEloquent\\Database\\WpConnection->runRawQuery('alter table `wp...', true)\n#4 /wordpress/wp-content/plugins/myloyal/vendor/as247/wp-eloquent/src/Database/WpConnection.php(108): As247\\WpEloquent\\Database\\WpConnection->unprepared('alter table `wp...')\n#5 /wordpress/wp-content/plugins/myloyal/vendor/as247/wp-eloquent/src/Database/Schema/Blueprint.php(103): As247\\WpEloquent\\Database\\WpConnection->statement('alter table `wp...')\n#6 /wordpress/wp-content/plugins/myloyal/vendor/as247/wp-eloquent/src/Database/Schema/Builder.php(323): As247\\WpEloquent\\Database\\Schema\\Blueprint->build(Object(As247\\WpEloquent\\Database\\WpConnection), Object(As247\\WpEloquent\\Database\\Schema\\Grammars\\MySqlGrammar))\n#7 /wordpress/wp-content/plugins/myloyal/vendor/as247/wp-eloquent/src/Database/Schema/Builder.php(200): As247\\WpEloquent\\Database\\Schema\\Builder->build(Object(As247\\WpEloquent\\Database\\Schema\\Blueprint))\n#8 /wordpress/wp-content/plugins/myloyal/vendor/as247/wp-eloquent/src/Support/Facades/Facade.php(261): As247\\WpEloquent\\Database\\Schema\\Builder->create('myloyal_badge_u...', Object(Closure))\n#9 /wordpress/wp-content/plugins/myloyal/migrations/badge-user.php(20): As247\\WpEloquent\\Support\\Facades\\Facade::__callStatic('create', Array)\n#10 /wordpress/wp-content/plugins/myloyal/myloyal.php(127): myLoyal\\migrations\\Badge_User->run()\n#11 /wordpress/wp-includes/class-wp-hook.php(324): myLoyal\\MyLoyal_Init->on_active(false)\n#12 /wordpress/wp-includes/class-wp-hook.php(348): WP_Hook->apply_filters('', Array)\n#13 /wordpress/wp-includes/plugin.php(517): WP_Hook->do_action(Array)\n#14 /wordpress/wp-admin/includes/plugin.php(703): do_action('activate_myloya...', false)\n#15 /internal/eval.php(20): activate_plugin('myloyal/myloyal...')\n#16 {main}\n\nNext As247\\WpEloquent\\Database\\QueryException: <div style=\"clear:both\">&nbsp;</div>\n<div class=\"queries\" style=\"clear:both;margin-bottom:2px;border:red dotted thin;\">\n<p>MySQL query:</p>\n<p>alter table `wp_myloyal_badge_user` add constraint `myloyal_badge_user_user_id_foreign` foreign key (`user_id`) references `wp_users` (`ID`) on delete cascade</p>\n<p>Queries made or created this session were:</p>\n<ol>\n<li>Executing: BEGIN | (no parameters)</li>\n<li>Executing: SELECT 1 FROM sqlite_temp_schema WHERE type = 'table' AND name = ? | parameters: wp_myloyal_badge_user</li>\n<li>Executing: SELECT COLUMN_NAME FROM _wp_sqlite_mysql_information_schema_columns WHERE table_schema = ? AND table_name = ? | parameters: database_name_here, wp_myloyal_badge_user</li>\n<li>Executing: SELECT 1 FROM sqlite_temp_schema WHERE type = 'table' AND name = ? | parameters: wp_myloyal_badge_user</li>\n<li>Executing: ROLLBACK | (no parameters)</li>\n</ol>\n</div>\n<div style=\"clear:both;margin-bottom:2px;border:red dotted thin;\" class=\"error_message\" style=\"border-bottom:dotted blue thin;\">\nFOREIGN KEY and CHECK constraints are not supported yet.\n</div>\n<p>Backtrace:</p>\n<pre>#0 /internal/shared/sqlite-database-integration/wp-includes/sqlite-ast/class-wp-sqlite-driver.php(690): WP_SQLite_Driver->new_driver_exception('FOREIGN KEY and...', 0, Object(Exception))\n#1 /internal/shared/sqlite-database-integration/wp-includes/sqlite/class-wp-sqlite-db.php(472): WP_SQLite_Driver->query('alter table `wp...')\n#2 /internal/shared/sqlite-database-integration/wp-includes/sqlite/class-wp-sqlite-db.php(413): WP_SQLite_DB->_do_query('alter table `wp...')\n#3 /wordpress/wp-content/plugins/myloyal/vendor/as247/wp-eloquent/src/Database/WpConnection.php(147): WP_SQLite_DB->query('alter table `wp...')\n#4 /wordpress/wp-content/plugins/myloyal/vendor/as247/wp-eloquent/src/Database/Connection.php(664): As247\\WpEloquent\\Database\\WpConnection->As247\\WpEloquent\\Database\\{closure}('alter table `wp...', Array)\n#5 /wordpress/wp-content/plugins/myloyal/vendor/as247/wp-eloquent/src/Database/Connection.php(631): As247\\WpEloquent\\Database\\Connection->runQueryCallback('alter table `wp...', Array, Object(Closure))\n#6 /wordpress/wp-content/plugins/myloyal/vendor/as247/wp-eloquent/src/Database/WpConnection.php(156): As247\\WpEloquent\\Database\\Connection->run('alter table `wp...', Array, Object(Closure))\n#7 /wordpress/wp-content/plugins/myloyal/vendor/as247/wp-eloquent/src/Database/WpConnection.php(132): As247\\WpEloquent\\Database\\WpConnection->runRawQuery('alter table `wp...', true)\n#8 /wordpress/wp-content/plugins/myloyal/vendor/as247/wp-eloquent/src/Database/WpConnection.php(108): As247\\WpEloquent\\Database\\WpConnection->unprepared('alter table `wp...')\n#9 /wordpress/wp-content/plugins/myloyal/vendor/as247/wp-eloquent/src/Database/Schema/Blueprint.php(103): As247\\WpEloquent\\Database\\WpConnection->statement('alter table `wp...')\n#10 /wordpress/wp-content/plugins/myloyal/vendor/as247/wp-eloquent/src/Database/Schema/Builder.php(323): As247\\WpEloquent\\Database\\Schema\\Blueprint->build(Object(As247\\WpEloquent\\Database\\WpConnection), Object(As247\\WpEloquent\\Database\\Schema\\Grammars\\MySqlGrammar))\n#11 /wordpress/wp-content/plugins/myloyal/vendor/as247/wp-eloquent/src/Database/Schema/Builder.php(200): As247\\WpEloquent\\Database\\Schema\\Builder->build(Object(As247\\WpEloquent\\Database\\Schema\\Blueprint))\n#12 /wordpress/wp-content/plugins/myloyal/vendor/as247/wp-eloquent/src/Support/Facades/Facade.php(261): As247\\WpEloquent\\Database\\Schema\\Builder->create('myloyal_badge_u...', Object(Closure))\n#13 /wordpress/wp-content/plugins/myloyal/migrations/badge-user.php(20): As247\\WpEloquent\\Support\\Facades\\Facade::__callStatic('create', Array)\n#14 /wordpress/wp-content/plugins/myloyal/myloyal.php(127): myLoyal\\migrations\\Badge_User->run()\n#15 /wordpress/wp-includes/class-wp-hook.php(324): myLoyal\\MyLoyal_Init->on_active(false)\n#16 /wordpress/wp-includes/class-wp-hook.php(348): WP_Hook->apply_filters('', Array)\n#17 /wordpress/wp-includes/plugin.php(517): WP_Hook->do_action(Array)\n#18 /wordpress/wp-admin/includes/plugin.php(703): do_action('activate_myloya...', false)\n#19 /internal/eval.php(20): activate_plugin('myloyal/myloyal...')\n#20 {main}</pre>\n (SQL: alter table `wp_myloyal_badge_user` add constraint `myloyal_badge_user_user_id_foreign` foreign key (`user_id`) references `wp_users` (`ID`) on delete cascade) (SQL: alter table `wp_myloyal_badge_user` add constraint `myloyal_badge_user_user_id_foreign` foreign key (`user_id`) references `wp_users` (`ID`) on delete cascade) in /wordpress/wp-content/plugins/myloyal/vendor/as247/wp-eloquent/src/Database/Connection.php:671\nStack trace:\n#0 /wordpress/wp-content/plugins/myloyal/vendor/as247/wp-eloquent/src/Database/Connection.php(631): As247\\WpEloquent\\Database\\Connection->runQueryCallback('alter table `wp...', Array, Object(Closure))\n#1 /wordpress/wp-content/plugins/myloyal/vendor/as247/wp-eloquent/src/Database/WpConnection.php(156): As247\\WpEloquent\\Database\\Connection->run('alter table `wp...', Array, Object(Closure))\n#2 /wordpress/wp-content/plugins/myloyal/vendor/as247/wp-eloquent/src/Database/WpConnection.php(132): As247\\WpEloquent\\Database\\WpConnection->runRawQuery('alter table `wp...', true)\n#3 /wordpress/wp-content/plugins/myloyal/vendor/as247/wp-eloquent/src/Database/WpConnection.php(108): As247\\WpEloquent\\Database\\WpConnection->unprepared('alter table `wp...')\n#4 /wordpress/wp-content/plugins/myloyal/vendor/as247/wp-eloquent/src/Database/Schema/Blueprint.php(103): As247\\WpEloquent\\Database\\WpConnection->statement('alter table `wp...')\n#5 /wordpress/wp-content/plugins/myloyal/vendor/as247/wp-eloquent/src/Database/Schema/Builder.php(323): As247\\WpEloquent\\Database\\Schema\\Blueprint->build(Object(As247\\WpEloquent\\Database\\WpConnection), Object(As247\\WpEloquent\\Database\\Schema\\Grammars\\MySqlGrammar))\n#6 /wordpress/wp-content/plugins/myloyal/vendor/as247/wp-eloquent/src/Database/Schema/Builder.php(200): As247\\WpEloquent\\Database\\Schema\\Builder->build(Object(As247\\WpEloquent\\Database\\Schema\\Blueprint))\n#7 /wordpress/wp-content/plugins/myloyal/vendor/as247/wp-eloquent/src/Support/Facades/Facade.php(261): As247\\WpEloquent\\Database\\Schema\\Builder->create('myloyal_badge_u...', Object(Closure))\n#8 /wordpress/wp-content/plugins/myloyal/migrations/badge-user.php(20): As247\\WpEloquent\\Support\\Facades\\Facade::__callStatic('create', Array)\n#9 /wordpress/wp-content/plugins/myloyal/myloyal.php(127): myLoyal\\migrations\\Badge_User->run()\n#10 /wordpress/wp-includes/class-wp-hook.php(324): myLoyal\\MyLoyal_Init->on_active(false)\n#11 /wordpress/wp-includes/class-wp-hook.php(348): WP_Hook->apply_filters('', Array)\n#12 /wordpress/wp-includes/plugin.php(517): WP_Hook->do_action(Array)\n#13 /wordpress/wp-admin/includes/plugin.php(703): do_action('activate_myloya...', false)\n#14 /internal/eval.php(20): activate_plugin('myloyal/myloyal...')\n#15 {main}\n  thrown in /wordpress/wp-content/plugins/myloyal/vendor/as247/wp-eloquent/src/Database/Connection.php on line 671","log":"/logs/plugins/m/multilanguage-comment-box/error.json"}
,
{"message":"Required parameter $value follows optional parameter $parent in /wordpress/wp-content/plugins/myloyal/core/options.php on line 92","level":"DEPRECATED","type":"PHP","test":"asyncify-boot","plugin":"multilanguage-comment-box","details":"[12-Apr-2025 17:49:24 UTC] PHP Deprecated:  Required parameter $value follows optional parameter $parent in /wordpress/wp-content/plugins/myloyal/core/options.php on line 92","log":"/logs/plugins/m/multilanguage-comment-box/error.json"}
,
{"message":"foreach() argument must be of type array|object, null given in /wordpress/wp-content/plugins/myloyal/core/action-runner.php on line 49","level":"WARNING","type":"PHP","test":"asyncify-boot","plugin":"multilanguage-comment-box","details":"[12-Apr-2025 17:49:24 UTC] PHP Warning:  foreach() argument must be of type array|object, null given in /wordpress/wp-content/plugins/myloyal/core/action-runner.php on line 49","log":"/logs/plugins/m/multilanguage-comment-box/error.json"}
,
{"message":"Required parameter $value follows optional parameter $parent in /wordpress/wp-content/plugins/myloyal/core/options.php on line 92","level":"DEPRECATED","type":"PHP","test":"asyncify-boot","plugin":"multilanguage-comment-box","details":"[12-Apr-2025 17:49:24 UTC] PHP Deprecated:  Required parameter $value follows optional parameter $parent in /wordpress/wp-content/plugins/myloyal/core/options.php on line 92","log":"/logs/plugins/m/multilanguage-comment-box/error.json"}
,
{"message":"foreach() argument must be of type array|object, null given in /wordpress/wp-content/plugins/myloyal/core/action-runner.php on line 49","level":"WARNING","type":"PHP","test":"asyncify-boot","plugin":"multilanguage-comment-box","details":"[12-Apr-2025 17:49:24 UTC] PHP Warning:  foreach() argument must be of type array|object, null given in /wordpress/wp-content/plugins/myloyal/core/action-runner.php on line 49","log":"/logs/plugins/m/multilanguage-comment-box/error.json"}
,
{"message":"Required parameter $value follows optional parameter $parent in /wordpress/wp-content/plugins/myloyal/core/options.php on line 92","level":"DEPRECATED","type":"PHP","test":"asyncify-boot","plugin":"multilanguage-comment-box","details":"[12-Apr-2025 17:49:33 UTC] PHP Deprecated:  Required parameter $value follows optional parameter $parent in /wordpress/wp-content/plugins/myloyal/core/options.php on line 92","log":"/logs/plugins/m/multilanguage-comment-box/error.json"}
,
{"message":"foreach() argument must be of type array|object, null given in /wordpress/wp-content/plugins/myloyal/core/action-runner.php on line 49","level":"WARNING","type":"PHP","test":"asyncify-boot","plugin":"multilanguage-comment-box","details":"[12-Apr-2025 17:49:33 UTC] PHP Warning:  foreach() argument must be of type array|object, null given in /wordpress/wp-content/plugins/myloyal/core/action-runner.php on line 49","log":"/logs/plugins/m/multilanguage-comment-box/error.json"}
,
{"message":"Required parameter $value follows optional parameter $parent in /wordpress/wp-content/plugins/myloyal/core/options.php on line 92","level":"DEPRECATED","type":"PHP","test":"asyncify-boot","plugin":"multilanguage-comment-box","details":"[12-Apr-2025 17:49:34 UTC] PHP Deprecated:  Required parameter $value follows optional parameter $parent in /wordpress/wp-content/plugins/myloyal/core/options.php on line 92","log":"/logs/plugins/m/multilanguage-comment-box/error.json"}
,
{"message":"foreach() argument must be of type array|object, null given in /wordpress/wp-content/plugins/myloyal/core/action-runner.php on line 49","level":"WARNING","type":"PHP","test":"asyncify-boot","plugin":"multilanguage-comment-box","details":"[12-Apr-2025 17:49:34 UTC] PHP Warning:  foreach() argument must be of type array|object, null given in /wordpress/wp-content/plugins/myloyal/core/action-runner.php on line 49","log":"/logs/plugins/m/multilanguage-comment-box/error.json"}
,
{"message":"Undefined array key \"newsletter\" in /wordpress/wp-content/plugins/mailchimp-for-shopified/index.php on line 69","level":"WARNING","type":"PHP","test":"asyncify-boot","plugin":"multilanguage-comment-box","details":"[12-Apr-2025 17:50:51 UTC] PHP Warning:  Undefined array key \"newsletter\" in /wordpress/wp-content/plugins/mailchimp-for-shopified/index.php on line 69","log":"/logs/plugins/m/multilanguage-comment-box/error.json"}
,
{"message":"Undefined variable $name in /wordpress/wp-content/plugins/mailchimp-for-shopified/index.php on line 99","level":"WARNING","type":"PHP","test":"asyncify-boot","plugin":"multilanguage-comment-box","details":"[12-Apr-2025 17:50:51 UTC] PHP Warning:  Undefined variable $name in /wordpress/wp-content/plugins/mailchimp-for-shopified/index.php on line 99","log":"/logs/plugins/m/multilanguage-comment-box/error.json"}
,
{"message":"Undefined array key 1 in /wordpress/wp-content/plugins/mailchimp-for-shopified/include/MailChimp.php on line 31","level":"WARNING","type":"PHP","test":"asyncify-boot","plugin":"multilanguage-comment-box","details":"[12-Apr-2025 17:50:51 UTC] PHP Warning:  Undefined array key 1 in /wordpress/wp-content/plugins/mailchimp-for-shopified/include/MailChimp.php on line 31","log":"/logs/plugins/m/multilanguage-comment-box/error.json"}
,
{"message":"Undefined array key \"newsletter\" in /wordpress/wp-content/plugins/mailchimp-for-shopified/index.php on line 69","level":"WARNING","type":"PHP","test":"asyncify-boot","plugin":"multilanguage-comment-box","details":"[12-Apr-2025 17:50:58 UTC] PHP Warning:  Undefined array key \"newsletter\" in /wordpress/wp-content/plugins/mailchimp-for-shopified/index.php on line 69","log":"/logs/plugins/m/multilanguage-comment-box/error.json"}
,
{"message":"Undefined variable $name in /wordpress/wp-content/plugins/mailchimp-for-shopified/index.php on line 99","level":"WARNING","type":"PHP","test":"asyncify-boot","plugin":"multilanguage-comment-box","details":"[12-Apr-2025 17:50:58 UTC] PHP Warning:  Undefined variable $name in /wordpress/wp-content/plugins/mailchimp-for-shopified/index.php on line 99","log":"/logs/plugins/m/multilanguage-comment-box/error.json"}
,
{"message":"Undefined array key 1 in /wordpress/wp-content/plugins/mailchimp-for-shopified/include/MailChimp.php on line 31","level":"WARNING","type":"PHP","test":"asyncify-boot","plugin":"multilanguage-comment-box","details":"[12-Apr-2025 17:50:58 UTC] PHP Warning:  Undefined array key 1 in /wordpress/wp-content/plugins/mailchimp-for-shopified/include/MailChimp.php on line 31","log":"/logs/plugins/m/multilanguage-comment-box/error.json"}
,
{"message":"Undefined array key \"newsletter\" in /wordpress/wp-content/plugins/mailchimp-for-shopified/index.php on line 69","level":"WARNING","type":"PHP","test":"asyncify-boot","plugin":"multilanguage-comment-box","details":"[12-Apr-2025 17:51:07 UTC] PHP Warning:  Undefined array key \"newsletter\" in /wordpress/wp-content/plugins/mailchimp-for-shopified/index.php on line 69","log":"/logs/plugins/m/multilanguage-comment-box/error.json"}
,
{"message":"Undefined variable $name in /wordpress/wp-content/plugins/mailchimp-for-shopified/index.php on line 99","level":"WARNING","type":"PHP","test":"asyncify-boot","plugin":"multilanguage-comment-box","details":"[12-Apr-2025 17:51:07 UTC] PHP Warning:  Undefined variable $name in /wordpress/wp-content/plugins/mailchimp-for-shopified/index.php on line 99","log":"/logs/plugins/m/multilanguage-comment-box/error.json"}
,
{"message":"Undefined array key 1 in /wordpress/wp-content/plugins/mailchimp-for-shopified/include/MailChimp.php on line 31","level":"WARNING","type":"PHP","test":"asyncify-boot","plugin":"multilanguage-comment-box","details":"[12-Apr-2025 17:51:07 UTC] PHP Warning:  Undefined array key 1 in /wordpress/wp-content/plugins/mailchimp-for-shopified/include/MailChimp.php on line 31","log":"/logs/plugins/m/multilanguage-comment-box/error.json"}
,
{"message":"Undefined array key 0 in /wordpress/wp-content/plugins/mj-posts-extras/mjpx_func.php on line 7","level":"WARNING","type":"PHP","test":"asyncify-boot","plugin":"multilanguage-comment-box","details":"[12-Apr-2025 17:53:01 UTC] PHP Warning:  Undefined array key 0 in /wordpress/wp-content/plugins/mj-posts-extras/mjpx_func.php on line 7","log":"/logs/plugins/m/multilanguage-comment-box/error.json"}
,
{"message":"Attempt to read property \"term_taxonomy_id\" on null in /wordpress/wp-content/plugins/mj-posts-extras/mjpx_func.php on line 7","level":"WARNING","type":"PHP","test":"asyncify-boot","plugin":"multilanguage-comment-box","details":"[12-Apr-2025 17:53:01 UTC] PHP Warning:  Attempt to read property \"term_taxonomy_id\" on null in /wordpress/wp-content/plugins/mj-posts-extras/mjpx_func.php on line 7","log":"/logs/plugins/m/multilanguage-comment-box/error.json"}
,
{"message":"Undefined variable $wp_query in /wordpress/wp-content/plugins/mj-posts-extras/mjpx_func.php on line 20","level":"WARNING","type":"PHP","test":"asyncify-boot","plugin":"multilanguage-comment-box","details":"[12-Apr-2025 17:53:01 UTC] PHP Warning:  Undefined variable $wp_query in /wordpress/wp-content/plugins/mj-posts-extras/mjpx_func.php on line 20","log":"/logs/plugins/m/multilanguage-comment-box/error.json"}
,
{"message":"Undefined array key 0 in /wordpress/wp-content/plugins/mj-posts-extras/mjpx_func.php on line 37","level":"WARNING","type":"PHP","test":"asyncify-boot","plugin":"multilanguage-comment-box","details":"[12-Apr-2025 17:53:01 UTC] PHP Warning:  Undefined array key 0 in /wordpress/wp-content/plugins/mj-posts-extras/mjpx_func.php on line 37","log":"/logs/plugins/m/multilanguage-comment-box/error.json"}
,
{"message":"Attempt to read property \"post_type\" on null in /wordpress/wp-content/plugins/mj-posts-extras/mjpx_func.php on line 37","level":"WARNING","type":"PHP","test":"asyncify-boot","plugin":"multilanguage-comment-box","details":"[12-Apr-2025 17:53:01 UTC] PHP Warning:  Attempt to read property \"post_type\" on null in /wordpress/wp-content/plugins/mj-posts-extras/mjpx_func.php on line 37","log":"/logs/plugins/m/multilanguage-comment-box/error.json"}
,
{"message":"Undefined variable $wp_query in /wordpress/wp-content/plugins/mj-posts-extras/mjpx_func.php on line 50","level":"WARNING","type":"PHP","test":"asyncify-boot","plugin":"multilanguage-comment-box","details":"[12-Apr-2025 17:53:01 UTC] PHP Warning:  Undefined variable $wp_query in /wordpress/wp-content/plugins/mj-posts-extras/mjpx_func.php on line 50","log":"/logs/plugins/m/multilanguage-comment-box/error.json"}
,
{"message":"Undefined variable $wp_query in /wordpress/wp-content/plugins/mj-posts-extras/mjpx_func.php on line 86","level":"WARNING","type":"PHP","test":"asyncify-boot","plugin":"multilanguage-comment-box","details":"[12-Apr-2025 17:53:01 UTC] PHP Warning:  Undefined variable $wp_query in /wordpress/wp-content/plugins/mj-posts-extras/mjpx_func.php on line 86","log":"/logs/plugins/m/multilanguage-comment-box/error.json"}
,
{"message":"Undefined variable $wp_query in /wordpress/wp-content/plugins/mj-posts-extras/mjpx_func.php on line 116","level":"WARNING","type":"PHP","test":"asyncify-boot","plugin":"multilanguage-comment-box","details":"[12-Apr-2025 17:53:01 UTC] PHP Warning:  Undefined variable $wp_query in /wordpress/wp-content/plugins/mj-posts-extras/mjpx_func.php on line 116","log":"/logs/plugins/m/multilanguage-comment-box/error.json"}
,
{"message":"SQLSTATE[HY000]: General error: 1 incomplete input.","level":"FATAL","type":"SQL","test":"asyncify-boot","plugin":"multilanguage-comment-box","details":"[12-Apr-2025 17:53:09 UTC] WordPress database error <div style=\"clear:both\">&nbsp;</div>\n<div class=\"queries\" style=\"clear:both;margin-bottom:2px;border:red dotted thin;\">\n<p>MySQL query:</p>\n<p>SELECT wp_term_relationships.term_taxonomy_id FROM wp_posts INNER JOIN wp_term_relationships ON wp_posts.ID=wp_term_relationships.object_id WHERE wp_posts.ID=</p>\n<p>Queries made or created this session were:</p>\n<ol>\n<li>Executing: BEGIN | (no parameters)</li>\n<li>Executing: SELECT wp_term_relationships.term_taxonomy_id FROM wp_posts INNER JOIN wp_term_relationships ON wp_posts.ID=wp_term_relationships.object_id WHERE wp_posts.ID= | (no parameters)</li>\n<li>Executing: ROLLBACK | (no parameters)</li>\n</ol>\n</div>\n<div style=\"clear:both;margin-bottom:2px;border:red dotted thin;\" class=\"error_message\" style=\"border-bottom:dotted blue thin;\">\nError occurred at line 4117 in Function <code>handle_error</code>. Error message was: SQLSTATE[HY000]: General error: 1 incomplete input.\n</div>\n<p>Backtrace:</p>\n<pre>#0 /internal/shared/sqlite-database-integration/wp-includes/sqlite/class-wp-sqlite-db.php(287): WP_SQLite_Translator->get_error_message()\n#1 /wordpress/wp-includes/class-wpdb.php(3142): WP_SQLite_DB->query('SELECT wp_term_...')\n#2 /wordpress/wp-content/plugins/mj-posts-extras/mjpx_func.php(6): wpdb->get_results('SELECT wp_term_...')\n#3 /wordpress/wp-content/plugins/mj-posts-extras/mjpx_posts_extras.php(22): mjpx_getRelatedCatPosts('', '')\n#4 /wordpress/wp-includes/class-wp-hook.php(324): mjpx_related_cat_posts('')\n#5 /wordpress/wp-includes/class-wp-hook.php(348): WP_Hook->apply_filters(NULL, Array)\n#6 /wordpress/wp-includes/plugin.php(517): WP_Hook->do_action(Array)\n#7 /wordpress/wp-settings.php(704): do_action('init')\n#8 /wordpress/wp-config.php(102): require_once('/wordpress/wp-s...')\n#9 /wordpress/wp-load.php(50): require_once('/wordpress/wp-c...')\n#10 /internal/eval.php(3): require_once('/wordpress/wp-l...')\n#11 {main}</pre>\n for query SELECT wp_term_relationships.term_taxonomy_id FROM wp_posts INNER JOIN wp_term_relationships ON wp_posts.ID=wp_term_relationships.object_id WHERE wp_posts.ID= made by require_once('wp-load.php'), require_once('wp-config.php'), require_once('wp-settings.php'), do_action('init'), WP_Hook->do_action, WP_Hook->apply_filters, mjpx_related_cat_posts, mjpx_getRelatedCatPosts, WP_SQLite_DB->query, WP_SQLite_DB->print_error","log":"/logs/plugins/m/multilanguage-comment-box/error.json"}
,
{"message":"Undefined array key 0 in /wordpress/wp-content/plugins/mj-posts-extras/mjpx_func.php on line 7","level":"WARNING","type":"PHP","test":"asyncify-boot","plugin":"multilanguage-comment-box","details":"[12-Apr-2025 17:53:09 UTC] PHP Warning:  Undefined array key 0 in /wordpress/wp-content/plugins/mj-posts-extras/mjpx_func.php on line 7","log":"/logs/plugins/m/multilanguage-comment-box/error.json"}
,
{"message":"Attempt to read property \"term_taxonomy_id\" on null in /wordpress/wp-content/plugins/mj-posts-extras/mjpx_func.php on line 7","level":"WARNING","type":"PHP","test":"asyncify-boot","plugin":"multilanguage-comment-box","details":"[12-Apr-2025 17:53:09 UTC] PHP Warning:  Attempt to read property \"term_taxonomy_id\" on null in /wordpress/wp-content/plugins/mj-posts-extras/mjpx_func.php on line 7","log":"/logs/plugins/m/multilanguage-comment-box/error.json"}
,
{"message":"Undefined variable $wp_query in /wordpress/wp-content/plugins/mj-posts-extras/mjpx_func.php on line 20","level":"WARNING","type":"PHP","test":"asyncify-boot","plugin":"multilanguage-comment-box","details":"[12-Apr-2025 17:53:09 UTC] PHP Warning:  Undefined variable $wp_query in /wordpress/wp-content/plugins/mj-posts-extras/mjpx_func.php on line 20","log":"/logs/plugins/m/multilanguage-comment-box/error.json"}
,
{"message":"SQLSTATE[HY000]: General error: 1 incomplete input.","level":"FATAL","type":"SQL","test":"asyncify-boot","plugin":"multilanguage-comment-box","details":"[12-Apr-2025 17:53:09 UTC] WordPress database error <div style=\"clear:both\">&nbsp;</div>\n<div class=\"queries\" style=\"clear:both;margin-bottom:2px;border:red dotted thin;\">\n<p>MySQL query:</p>\n<p>SELECT post_type FROM wp_posts WHERE ID=</p>\n<p>Queries made or created this session were:</p>\n<ol>\n<li>Executing: BEGIN | (no parameters)</li>\n<li>Executing: SELECT post_type FROM wp_posts WHERE ID= | (no parameters)</li>\n<li>Executing: ROLLBACK | (no parameters)</li>\n</ol>\n</div>\n<div style=\"clear:both;margin-bottom:2px;border:red dotted thin;\" class=\"error_message\" style=\"border-bottom:dotted blue thin;\">\nError occurred at line 4117 in Function <code>handle_error</code>. Error message was: SQLSTATE[HY000]: General error: 1 incomplete input.\n</div>\n<p>Backtrace:</p>\n<pre>#0 /internal/shared/sqlite-database-integration/wp-includes/sqlite/class-wp-sqlite-db.php(287): WP_SQLite_Translator->get_error_message()\n#1 /wordpress/wp-includes/class-wpdb.php(3142): WP_SQLite_DB->query('SELECT post_typ...')\n#2 /wordpress/wp-content/plugins/mj-posts-extras/mjpx_func.php(36): wpdb->get_results('SELECT post_typ...')\n#3 /wordpress/wp-content/plugins/mj-posts-extras/mjpx_posts_extras.php(25): mjpx_getRelatedCustomPosts('', '')\n#4 /wordpress/wp-includes/class-wp-hook.php(324): mjpx_related_custom_posts('')\n#5 /wordpress/wp-includes/class-wp-hook.php(348): WP_Hook->apply_filters('<ul class=\"mjpx...', Array)\n#6 /wordpress/wp-includes/plugin.php(517): WP_Hook->do_action(Array)\n#7 /wordpress/wp-settings.php(704): do_action('init')\n#8 /wordpress/wp-config.php(102): require_once('/wordpress/wp-s...')\n#9 /wordpress/wp-load.php(50): require_once('/wordpress/wp-c...')\n#10 /internal/eval.php(3): require_once('/wordpress/wp-l...')\n#11 {main}</pre>\n for query SELECT post_type FROM wp_posts WHERE ID= made by require_once('wp-load.php'), require_once('wp-config.php'), require_once('wp-settings.php'), do_action('init'), WP_Hook->do_action, WP_Hook->apply_filters, mjpx_related_custom_posts, mjpx_getRelatedCustomPosts, WP_SQLite_DB->query, WP_SQLite_DB->print_error","log":"/logs/plugins/m/multilanguage-comment-box/error.json"}
,
{"message":"Undefined array key 0 in /wordpress/wp-content/plugins/mj-posts-extras/mjpx_func.php on line 37","level":"WARNING","type":"PHP","test":"asyncify-boot","plugin":"multilanguage-comment-box","details":"[12-Apr-2025 17:53:09 UTC] PHP Warning:  Undefined array key 0 in /wordpress/wp-content/plugins/mj-posts-extras/mjpx_func.php on line 37","log":"/logs/plugins/m/multilanguage-comment-box/error.json"}
,
{"message":"Attempt to read property \"post_type\" on null in /wordpress/wp-content/plugins/mj-posts-extras/mjpx_func.php on line 37","level":"WARNING","type":"PHP","test":"asyncify-boot","plugin":"multilanguage-comment-box","details":"[12-Apr-2025 17:53:09 UTC] PHP Warning:  Attempt to read property \"post_type\" on null in /wordpress/wp-content/plugins/mj-posts-extras/mjpx_func.php on line 37","log":"/logs/plugins/m/multilanguage-comment-box/error.json"}
,
{"message":"Undefined variable $wp_query in /wordpress/wp-content/plugins/mj-posts-extras/mjpx_func.php on line 50","level":"WARNING","type":"PHP","test":"asyncify-boot","plugin":"multilanguage-comment-box","details":"[12-Apr-2025 17:53:09 UTC] PHP Warning:  Undefined variable $wp_query in /wordpress/wp-content/plugins/mj-posts-extras/mjpx_func.php on line 50","log":"/logs/plugins/m/multilanguage-comment-box/error.json"}
,
{"message":"Undefined variable $wp_query in /wordpress/wp-content/plugins/mj-posts-extras/mjpx_func.php on line 86","level":"WARNING","type":"PHP","test":"asyncify-boot","plugin":"multilanguage-comment-box","details":"[12-Apr-2025 17:53:09 UTC] PHP Warning:  Undefined variable $wp_query in /wordpress/wp-content/plugins/mj-posts-extras/mjpx_func.php on line 86","log":"/logs/plugins/m/multilanguage-comment-box/error.json"}
,
{"message":"Undefined variable $wp_query in /wordpress/wp-content/plugins/mj-posts-extras/mjpx_func.php on line 116","level":"WARNING","type":"PHP","test":"asyncify-boot","plugin":"multilanguage-comment-box","details":"[12-Apr-2025 17:53:09 UTC] PHP Warning:  Undefined variable $wp_query in /wordpress/wp-content/plugins/mj-posts-extras/mjpx_func.php on line 116","log":"/logs/plugins/m/multilanguage-comment-box/error.json"}
,
{"message":"SQLSTATE[HY000]: General error: 1 incomplete input.","level":"FATAL","type":"SQL","test":"asyncify-boot","plugin":"multilanguage-comment-box","details":"[12-Apr-2025 17:53:18 UTC] WordPress database error <div style=\"clear:both\">&nbsp;</div>\n<div class=\"queries\" style=\"clear:both;margin-bottom:2px;border:red dotted thin;\">\n<p>MySQL query:</p>\n<p>SELECT wp_term_relationships.term_taxonomy_id FROM wp_posts INNER JOIN wp_term_relationships ON wp_posts.ID=wp_term_relationships.object_id WHERE wp_posts.ID=</p>\n<p>Queries made or created this session were:</p>\n<ol>\n<li>Executing: BEGIN | (no parameters)</li>\n<li>Executing: SELECT wp_term_relationships.term_taxonomy_id FROM wp_posts INNER JOIN wp_term_relationships ON wp_posts.ID=wp_term_relationships.object_id WHERE wp_posts.ID= | (no parameters)</li>\n<li>Executing: ROLLBACK | (no parameters)</li>\n</ol>\n</div>\n<div style=\"clear:both;margin-bottom:2px;border:red dotted thin;\" class=\"error_message\" style=\"border-bottom:dotted blue thin;\">\nError occurred at line 4117 in Function <code>handle_error</code>. Error message was: SQLSTATE[HY000]: General error: 1 incomplete input.\n</div>\n<p>Backtrace:</p>\n<pre>#0 /internal/shared/sqlite-database-integration/wp-includes/sqlite/class-wp-sqlite-db.php(287): WP_SQLite_Translator->get_error_message()\n#1 /wordpress/wp-includes/class-wpdb.php(3142): WP_SQLite_DB->query('SELECT wp_term_...')\n#2 /wordpress/wp-content/plugins/mj-posts-extras/mjpx_func.php(6): wpdb->get_results('SELECT wp_term_...')\n#3 /wordpress/wp-content/plugins/mj-posts-extras/mjpx_posts_extras.php(22): mjpx_getRelatedCatPosts('', '')\n#4 /wordpress/wp-includes/class-wp-hook.php(324): mjpx_related_cat_posts('')\n#5 /wordpress/wp-includes/class-wp-hook.php(348): WP_Hook->apply_filters(NULL, Array)\n#6 /wordpress/wp-includes/plugin.php(517): WP_Hook->do_action(Array)\n#7 /wordpress/wp-settings.php(704): do_action('init')\n#8 /wordpress/wp-config.php(102): require_once('/wordpress/wp-s...')\n#9 /wordpress/wp-load.php(50): require_once('/wordpress/wp-c...')\n#10 /internal/eval.php(3): require_once('/wordpress/wp-l...')\n#11 {main}</pre>\n for query SELECT wp_term_relationships.term_taxonomy_id FROM wp_posts INNER JOIN wp_term_relationships ON wp_posts.ID=wp_term_relationships.object_id WHERE wp_posts.ID= made by require_once('wp-load.php'), require_once('wp-config.php'), require_once('wp-settings.php'), do_action('init'), WP_Hook->do_action, WP_Hook->apply_filters, mjpx_related_cat_posts, mjpx_getRelatedCatPosts, WP_SQLite_DB->query, WP_SQLite_DB->print_error","log":"/logs/plugins/m/multilanguage-comment-box/error.json"}
,
{"message":"Undefined array key 0 in /wordpress/wp-content/plugins/mj-posts-extras/mjpx_func.php on line 7","level":"WARNING","type":"PHP","test":"asyncify-boot","plugin":"multilanguage-comment-box","details":"[12-Apr-2025 17:53:18 UTC] PHP Warning:  Undefined array key 0 in /wordpress/wp-content/plugins/mj-posts-extras/mjpx_func.php on line 7","log":"/logs/plugins/m/multilanguage-comment-box/error.json"}
,
{"message":"Attempt to read property \"term_taxonomy_id\" on null in /wordpress/wp-content/plugins/mj-posts-extras/mjpx_func.php on line 7","level":"WARNING","type":"PHP","test":"asyncify-boot","plugin":"multilanguage-comment-box","details":"[12-Apr-2025 17:53:18 UTC] PHP Warning:  Attempt to read property \"term_taxonomy_id\" on null in /wordpress/wp-content/plugins/mj-posts-extras/mjpx_func.php on line 7","log":"/logs/plugins/m/multilanguage-comment-box/error.json"}
,
{"message":"Undefined variable $wp_query in /wordpress/wp-content/plugins/mj-posts-extras/mjpx_func.php on line 20","level":"WARNING","type":"PHP","test":"asyncify-boot","plugin":"multilanguage-comment-box","details":"[12-Apr-2025 17:53:18 UTC] PHP Warning:  Undefined variable $wp_query in /wordpress/wp-content/plugins/mj-posts-extras/mjpx_func.php on line 20","log":"/logs/plugins/m/multilanguage-comment-box/error.json"}
,
{"message":"SQLSTATE[HY000]: General error: 1 incomplete input.","level":"FATAL","type":"SQL","test":"asyncify-boot","plugin":"multilanguage-comment-box","details":"[12-Apr-2025 17:53:18 UTC] WordPress database error <div style=\"clear:both\">&nbsp;</div>\n<div class=\"queries\" style=\"clear:both;margin-bottom:2px;border:red dotted thin;\">\n<p>MySQL query:</p>\n<p>SELECT post_type FROM wp_posts WHERE ID=</p>\n<p>Queries made or created this session were:</p>\n<ol>\n<li>Executing: BEGIN | (no parameters)</li>\n<li>Executing: SELECT post_type FROM wp_posts WHERE ID= | (no parameters)</li>\n<li>Executing: ROLLBACK | (no parameters)</li>\n</ol>\n</div>\n<div style=\"clear:both;margin-bottom:2px;border:red dotted thin;\" class=\"error_message\" style=\"border-bottom:dotted blue thin;\">\nError occurred at line 4117 in Function <code>handle_error</code>. Error message was: SQLSTATE[HY000]: General error: 1 incomplete input.\n</div>\n<p>Backtrace:</p>\n<pre>#0 /internal/shared/sqlite-database-integration/wp-includes/sqlite/class-wp-sqlite-db.php(287): WP_SQLite_Translator->get_error_message()\n#1 /wordpress/wp-includes/class-wpdb.php(3142): WP_SQLite_DB->query('SELECT post_typ...')\n#2 /wordpress/wp-content/plugins/mj-posts-extras/mjpx_func.php(36): wpdb->get_results('SELECT post_typ...')\n#3 /wordpress/wp-content/plugins/mj-posts-extras/mjpx_posts_extras.php(25): mjpx_getRelatedCustomPosts('', '')\n#4 /wordpress/wp-includes/class-wp-hook.php(324): mjpx_related_custom_posts('')\n#5 /wordpress/wp-includes/class-wp-hook.php(348): WP_Hook->apply_filters('<ul class=\"mjpx...', Array)\n#6 /wordpress/wp-includes/plugin.php(517): WP_Hook->do_action(Array)\n#7 /wordpress/wp-settings.php(704): do_action('init')\n#8 /wordpress/wp-config.php(102): require_once('/wordpress/wp-s...')\n#9 /wordpress/wp-load.php(50): require_once('/wordpress/wp-c...')\n#10 /internal/eval.php(3): require_once('/wordpress/wp-l...')\n#11 {main}</pre>\n for query SELECT post_type FROM wp_posts WHERE ID= made by require_once('wp-load.php'), require_once('wp-config.php'), require_once('wp-settings.php'), do_action('init'), WP_Hook->do_action, WP_Hook->apply_filters, mjpx_related_custom_posts, mjpx_getRelatedCustomPosts, WP_SQLite_DB->query, WP_SQLite_DB->print_error","log":"/logs/plugins/m/multilanguage-comment-box/error.json"}
,
{"message":"Undefined array key 0 in /wordpress/wp-content/plugins/mj-posts-extras/mjpx_func.php on line 37","level":"WARNING","type":"PHP","test":"asyncify-boot","plugin":"multilanguage-comment-box","details":"[12-Apr-2025 17:53:18 UTC] PHP Warning:  Undefined array key 0 in /wordpress/wp-content/plugins/mj-posts-extras/mjpx_func.php on line 37","log":"/logs/plugins/m/multilanguage-comment-box/error.json"}
,
{"message":"Attempt to read property \"post_type\" on null in /wordpress/wp-content/plugins/mj-posts-extras/mjpx_func.php on line 37","level":"WARNING","type":"PHP","test":"asyncify-boot","plugin":"multilanguage-comment-box","details":"[12-Apr-2025 17:53:18 UTC] PHP Warning:  Attempt to read property \"post_type\" on null in /wordpress/wp-content/plugins/mj-posts-extras/mjpx_func.php on line 37","log":"/logs/plugins/m/multilanguage-comment-box/error.json"}
,
{"message":"Undefined variable $wp_query in /wordpress/wp-content/plugins/mj-posts-extras/mjpx_func.php on line 50","level":"WARNING","type":"PHP","test":"asyncify-boot","plugin":"multilanguage-comment-box","details":"[12-Apr-2025 17:53:18 UTC] PHP Warning:  Undefined variable $wp_query in /wordpress/wp-content/plugins/mj-posts-extras/mjpx_func.php on line 50","log":"/logs/plugins/m/multilanguage-comment-box/error.json"}
,
{"message":"Undefined variable $wp_query in /wordpress/wp-content/plugins/mj-posts-extras/mjpx_func.php on line 86","level":"WARNING","type":"PHP","test":"asyncify-boot","plugin":"multilanguage-comment-box","details":"[12-Apr-2025 17:53:18 UTC] PHP Warning:  Undefined variable $wp_query in /wordpress/wp-content/plugins/mj-posts-extras/mjpx_func.php on line 86","log":"/logs/plugins/m/multilanguage-comment-box/error.json"}
,
{"message":"Undefined variable $wp_query in /wordpress/wp-content/plugins/mj-posts-extras/mjpx_func.php on line 116","level":"WARNING","type":"PHP","test":"asyncify-boot","plugin":"multilanguage-comment-box","details":"[12-Apr-2025 17:53:18 UTC] PHP Warning:  Undefined variable $wp_query in /wordpress/wp-content/plugins/mj-posts-extras/mjpx_func.php on line 116","log":"/logs/plugins/m/multilanguage-comment-box/error.json"}
,
{"message":"Required parameter $style follows optional parameter $control in /wordpress/wp-content/plugins/mobilechief-mobile-site-creator/lib/simpleGMapAPI.php on line 384","level":"DEPRECATED","type":"PHP","test":"asyncify-boot","plugin":"multilanguage-comment-box","details":"[12-Apr-2025 17:53:32 UTC] PHP Deprecated:  Required parameter $style follows optional parameter $control in /wordpress/wp-content/plugins/mobilechief-mobile-site-creator/lib/simpleGMapAPI.php on line 384","log":"/logs/plugins/m/multilanguage-comment-box/error.json"}
,
{"message":"Required parameter $style follows optional parameter $control in /wordpress/wp-content/plugins/mobilechief-mobile-site-creator/lib/simpleGMapAPI.php on line 407","level":"DEPRECATED","type":"PHP","test":"asyncify-boot","plugin":"multilanguage-comment-box","details":"[12-Apr-2025 17:53:32 UTC] PHP Deprecated:  Required parameter $style follows optional parameter $control in /wordpress/wp-content/plugins/mobilechief-mobile-site-creator/lib/simpleGMapAPI.php on line 407","log":"/logs/plugins/m/multilanguage-comment-box/error.json"}
,
{"message":"Array and string offset access syntax with curly braces is no longer supported in /wordpress/wp-content/plugins/mobilechief-mobile-site-creator/lib/lessphp/lessc.inc.php on line 654","level":"FATAL","type":"PHP","test":"asyncify-boot","plugin":"multilanguage-comment-box","details":"[12-Apr-2025 17:53:32 UTC] PHP Fatal error:  Array and string offset access syntax with curly braces is no longer supported in /wordpress/wp-content/plugins/mobilechief-mobile-site-creator/lib/lessphp/lessc.inc.php on line 654","log":"/logs/plugins/m/multilanguage-comment-box/error.json"}
,
{"message":"Required parameter $style follows optional parameter $control in /wordpress/wp-content/plugins/mobilechief-mobile-site-creator/lib/simpleGMapAPI.php on line 384","level":"DEPRECATED","type":"PHP","test":"asyncify-boot","plugin":"multilanguage-comment-box","details":"[12-Apr-2025 17:53:44 UTC] PHP Deprecated:  Required parameter $style follows optional parameter $control in /wordpress/wp-content/plugins/mobilechief-mobile-site-creator/lib/simpleGMapAPI.php on line 384","log":"/logs/plugins/m/multilanguage-comment-box/error.json"}
,
{"message":"Required parameter $style follows optional parameter $control in /wordpress/wp-content/plugins/mobilechief-mobile-site-creator/lib/simpleGMapAPI.php on line 407","level":"DEPRECATED","type":"PHP","test":"asyncify-boot","plugin":"multilanguage-comment-box","details":"[12-Apr-2025 17:53:44 UTC] PHP Deprecated:  Required parameter $style follows optional parameter $control in /wordpress/wp-content/plugins/mobilechief-mobile-site-creator/lib/simpleGMapAPI.php on line 407","log":"/logs/plugins/m/multilanguage-comment-box/error.json"}
,
{"message":"Array and string offset access syntax with curly braces is no longer supported in /wordpress/wp-content/plugins/mobilechief-mobile-site-creator/lib/lessphp/lessc.inc.php on line 654","level":"FATAL","type":"PHP","test":"asyncify-boot","plugin":"multilanguage-comment-box","details":"[12-Apr-2025 17:53:44 UTC] PHP Fatal error:  Array and string offset access syntax with curly braces is no longer supported in /wordpress/wp-content/plugins/mobilechief-mobile-site-creator/lib/lessphp/lessc.inc.php on line 654","log":"/logs/plugins/m/multilanguage-comment-box/error.json"}
,
{"message":"Required parameter $style follows optional parameter $control in /wordpress/wp-content/plugins/mobilechief-mobile-site-creator/lib/simpleGMapAPI.php on line 384","level":"DEPRECATED","type":"PHP","test":"asyncify-boot","plugin":"multilanguage-comment-box","details":"[12-Apr-2025 17:53:57 UTC] PHP Deprecated:  Required parameter $style follows optional parameter $control in /wordpress/wp-content/plugins/mobilechief-mobile-site-creator/lib/simpleGMapAPI.php on line 384","log":"/logs/plugins/m/multilanguage-comment-box/error.json"}
,
{"message":"Required parameter $style follows optional parameter $control in /wordpress/wp-content/plugins/mobilechief-mobile-site-creator/lib/simpleGMapAPI.php on line 407","level":"DEPRECATED","type":"PHP","test":"asyncify-boot","plugin":"multilanguage-comment-box","details":"[12-Apr-2025 17:53:57 UTC] PHP Deprecated:  Required parameter $style follows optional parameter $control in /wordpress/wp-content/plugins/mobilechief-mobile-site-creator/lib/simpleGMapAPI.php on line 407","log":"/logs/plugins/m/multilanguage-comment-box/error.json"}
,
{"message":"Array and string offset access syntax with curly braces is no longer supported in /wordpress/wp-content/plugins/mobilechief-mobile-site-creator/lib/lessphp/lessc.inc.php on line 654","level":"FATAL","type":"PHP","test":"asyncify-boot","plugin":"multilanguage-comment-box","details":"[12-Apr-2025 17:53:57 UTC] PHP Fatal error:  Array and string offset access syntax with curly braces is no longer supported in /wordpress/wp-content/plugins/mobilechief-mobile-site-creator/lib/lessphp/lessc.inc.php on line 654\n\n    at Object.onBind (file:///home/runner/work/playground-tester/playground-tester/node_modules/@wp-playground/cli/index.js:237:15)\n    at process.processTicksAndRejections (node:internal/process/task_queues:105:5)\n    at async V (file:///home/runner/work/playground-tester/playground-tester/node_modules/@wp-playground/cli/index.js:64:10)\n    at async ja (file:///home/runner/work/playground-tester/playground-tester/node_modules/@wp-playground/cli/cli.js:8161:12) {\n  [cause]: Error: Error when executing the blueprint step #1 ({\"step\":\"installPlugin\",\"pluginData\":{\"resource\":\"wordpress.org/plugins\",\"slug\":\"multilanguage-comment-box\"},\"options\":{\"activate\":true}}) : Could not download \"https://downloads.wordpress.org/plugin/multilanguage-comment-box.latest-stable.zip\".\n  \t\t\t\tCheck if the URL is correct and the server is reachable.\n  \t\t\t\tIf it is reachable, the server might be blocking the request.\n  \t\t\t\tCheck the browser console and network tabs for more information.\n  \n  \t\t\t\t## Does the console show the error \"No 'Access-Control-Allow-Origin' header\"?\n  \n  \t\t\t\tThis means the server that hosts your file does not allow requests from other sites\n  \t\t\t\t(cross-origin requests, or CORS).\tYou need to move the asset to a server that allows\n  \t\t\t\tcross-origin file downloads. Learn more about CORS at\n  \t\t\t\thttps://developer.mozilla.org/en-US/docs/Web/HTTP/CORS.\n  \n  \t\t\t\tIf your file is on GitHub, load it from \"raw.githubusercontent.com\".\n  \t\t\t\tHere's how to do that:\n  \n  \t\t\t\t1. Start with the original GitHub URL of the file. For example:\n  \t\t\t\thttps://github.com/username/repository/blob/branch/filename.\n  \t\t\t\t2. Replace \"github.com\" with \"raw.githubusercontent.com\".\n  \t\t\t\t3. Remove the \"/blob/\" part of the URL.\n  \n  \t\t\t\tThe resulting URL should look like this:\n  \t\t\t\thttps://raw.githubusercontent.com/username/repository/branch/filename\n  \n  \t\t\t\tError:\n  \t\t\t\tError: Could not download \"https://downloads.wordpress.org/plugin/multilanguage-comment-box.latest-stable.zip\"\n      at Object.run (file:///home/runner/work/playground-tester/playground-tester/node_modules/@wp-playground/blueprints/index.js:12449:19)\n      at process.processTicksAndRejections (node:internal/process/task_queues:105:5)\n      at async ms (file:///home/runner/work/playground-tester/playground-tester/node_modules/@wp-playground/blueprints/index.js:12552:3)\n      at async Object.onBind (file:///home/runner/work/playground-tester/playground-tester/node_modules/@wp-playground/cli/index.js:227:48)\n      at async V (file:///home/runner/work/playground-tester/playground-tester/node_modules/@wp-playground/cli/index.js:64:10)\n      at async ja (file:///home/runner/work/playground-tester/playground-tester/node_modules/@wp-playground/cli/cli.js:8161:12) {\n    [cause]: Error: Could not download \"https://downloads.wordpress.org/plugin/multilanguage-comment-box.latest-stable.zip\".\n    \t\t\t\tCheck if the URL is correct and the server is reachable.\n    \t\t\t\tIf it is reachable, the server might be blocking the request.\n    \t\t\t\tCheck the browser console and network tabs for more information.\n    \n    \t\t\t\t## Does the console show the error \"No 'Access-Control-Allow-Origin' header\"?\n    \n    \t\t\t\tThis means the server that hosts your file does not allow requests from other sites\n    \t\t\t\t(cross-origin requests, or CORS).\tYou need to move the asset to a server that allows\n    \t\t\t\tcross-origin file downloads. Learn more about CORS at\n    \t\t\t\thttps://developer.mozilla.org/en-US/docs/Web/HTTP/CORS.\n    \n    \t\t\t\tIf your file is on GitHub, load it from \"raw.githubusercontent.com\".\n    \t\t\t\tHere's how to do that:\n    \n    \t\t\t\t1. Start with the original GitHub URL of the file. For example:\n    \t\t\t\thttps://github.com/username/repository/blob/branch/filename.\n    \t\t\t\t2. Replace \"github.com\" with \"raw.githubusercontent.com\".\n    \t\t\t\t3. Remove the \"/blob/\" part of the URL.\n    \n    \t\t\t\tThe resulting URL should look like this:\n    \t\t\t\thttps://raw.githubusercontent.com/username/repository/branch/filename\n    \n    \t\t\t\tError:\n    \t\t\t\tError: Could not download \"https://downloads.wordpress.org/plugin/multilanguage-comment-box.latest-stable.zip\"\n        at Ct.resolve (file:///home/runner/work/playground-tester/playground-tester/node_modules/@wp-playground/blueprints/index.js:1472:13)\n        at process.processTicksAndRejections (node:internal/process/task_queues:105:5)\n        at async _.run (file:///home/runner/work/playground-tester/playground-tester/node_modules/@php-wasm/util/index.js:45:14)\n  }\n}\n\n","log":"/logs/plugins/m/multilanguage-comment-box/error.json"}
]
