[
{"message":"file:///home/runner/work/playground-tester/playground-tester/node_modules/@wp-playground/cli/run-cli-j-geJYS3.js:325\n        throw new Error($, { cause: h });\n              ^\n","level":"FATAL","type":"PLAYGROUND","test":"asyncify-boot","plugin":"advanced-store-control-for-woocommerce","details":"file:///home/runner/work/playground-tester/playground-tester/node_modules/@wp-playground/cli/run-cli-j-geJYS3.js:325\n        throw new Error($, { cause: h });\n              ^\n","log":"/tmp/tmp.IVDTiHM6Lh"}
,
{"message":"Function _load_textdomain_just_in_time was called <strong>incorrectly</strong>. Translation loading for the <code>add-to-cart-custom-text</code> domain was triggered too early. This is usually an indicator for some code in the plugin or theme running too early. Translations should be loaded at the <code>init</code> action or later. Please see <a href=\"https://developer.wordpress.org/advanced-administration/debug/debug-wordpress/\">Debugging in WordPress</a> for more information. (This message was added in version 6.7.0.) in /wordpress/wp-includes/functions.php on line 6121","level":"NOTICE","type":"PHP","test":"asyncify-boot","plugin":"advanced-store-control-for-woocommerce","details":"[16-Jun-2025 21:30:13 UTC] PHP Notice:  Function _load_textdomain_just_in_time was called <strong>incorrectly</strong>. Translation loading for the <code>add-to-cart-custom-text</code> domain was triggered too early. This is usually an indicator for some code in the plugin or theme running too early. Translations should be loaded at the <code>init</code> action or later. Please see <a href=\"https://developer.wordpress.org/advanced-administration/debug/debug-wordpress/\">Debugging in WordPress</a> for more information. (This message was added in version 6.7.0.) in /wordpress/wp-includes/functions.php on line 6121","log":"/logs/plugins/a/advanced-store-control-for-woocommerce/error.json"}
,
{"message":"Function _load_textdomain_just_in_time was called <strong>incorrectly</strong>. Translation loading for the <code>add-to-cart-custom-text</code> domain was triggered too early. This is usually an indicator for some code in the plugin or theme running too early. Translations should be loaded at the <code>init</code> action or later. Please see <a href=\"https://developer.wordpress.org/advanced-administration/debug/debug-wordpress/\">Debugging in WordPress</a> for more information. (This message was added in version 6.7.0.) in /wordpress/wp-includes/functions.php on line 6121","level":"NOTICE","type":"PHP","test":"asyncify-boot","plugin":"advanced-store-control-for-woocommerce","details":"[16-Jun-2025 21:30:23 UTC] PHP Notice:  Function _load_textdomain_just_in_time was called <strong>incorrectly</strong>. Translation loading for the <code>add-to-cart-custom-text</code> domain was triggered too early. This is usually an indicator for some code in the plugin or theme running too early. Translations should be loaded at the <code>init</code> action or later. Please see <a href=\"https://developer.wordpress.org/advanced-administration/debug/debug-wordpress/\">Debugging in WordPress</a> for more information. (This message was added in version 6.7.0.) in /wordpress/wp-includes/functions.php on line 6121","log":"/logs/plugins/a/advanced-store-control-for-woocommerce/error.json"}
,
{"message":"Function _load_textdomain_just_in_time was called <strong>incorrectly</strong>. Translation loading for the <code>add-to-cart-custom-text</code> domain was triggered too early. This is usually an indicator for some code in the plugin or theme running too early. Translations should be loaded at the <code>init</code> action or later. Please see <a href=\"https://developer.wordpress.org/advanced-administration/debug/debug-wordpress/\">Debugging in WordPress</a> for more information. (This message was added in version 6.7.0.) in /wordpress/wp-includes/functions.php on line 6121","level":"NOTICE","type":"PHP","test":"asyncify-boot","plugin":"advanced-store-control-for-woocommerce","details":"[16-Jun-2025 21:30:33 UTC] PHP Notice:  Function _load_textdomain_just_in_time was called <strong>incorrectly</strong>. Translation loading for the <code>add-to-cart-custom-text</code> domain was triggered too early. This is usually an indicator for some code in the plugin or theme running too early. Translations should be loaded at the <code>init</code> action or later. Please see <a href=\"https://developer.wordpress.org/advanced-administration/debug/debug-wordpress/\">Debugging in WordPress</a> for more information. (This message was added in version 6.7.0.) in /wordpress/wp-includes/functions.php on line 6121","log":"/logs/plugins/a/advanced-store-control-for-woocommerce/error.json"}
,
{"message":"Uncaught Exception: ошибка в запросе: INSERT INTO `wp_asc_log` (`time`, `error`, `success`, `info`, `supplier_id`) VALUES ('2025-06-16 21:34:50', 'ошибка в запросе: CREATE TABLE IF NOT EXISTS `wp_asc_currencies` (\r","level":"FATAL","type":"PHP","test":"asyncify-boot","plugin":"advanced-store-control-for-woocommerce","details":"[16-Jun-2025 21:34:50 UTC] PHP Fatal error:  Uncaught Exception: ошибка в запросе: INSERT INTO `wp_asc_log` (`time`, `error`, `success`, `info`, `supplier_id`) VALUES ('2025-06-16 21:34:50', 'ошибка в запросе: CREATE TABLE IF NOT EXISTS `wp_asc_currencies` (\r\n  \t\t\t\t`supplier_id` int(10) UNSIGNED NOT NULL,\r\n  \t\t\t\t`name` varchar(3) COLLATE utf8mb4_unicode_ci NOT NULL,\r\n  \t\t\t\t`rate` float NOT NULL,\r\n  \t\t\t\tUNIQUE KEY `supplier_id` (`supplier_id`,`name`),\r\n  \t\t\t\tCONSTRAINT `wp_asc_currencies_ibfk_1` FOREIGN KEY (`supplier_id`) REFERENCES `wp_asc_suppliers` (`supplier_id`) ON DELETE CASCADE                                             \r\n\t\t\t) ENGINE=InnoDB DEFAULT CHARSET=utf8mb4 COLLATE=utf8mb4_unicode_ci;', '', '', NULL) in /wordpress/wp-content/plugins/advanced-store-control-for-woocommerce/traits/model.php:63\nStack trace:\n#0 /wordpress/wp-content/plugins/advanced-store-control-for-woocommerce/models/log.php(39): ASC\\Models\\Model_Log->query('INSERT INTO `wp...')\n#1 /wordpress/wp-content/plugins/advanced-store-control-for-woocommerce/controllers/log.php(84): ASC\\Models\\Model_Log->create('2025-06-16 21:3...', 'NULL', Array)\n#2 /wordpress/wp-content/plugins/advanced-store-control-for-woocommerce/controllers/log.php(126): ASC\\Controllers\\Controller_Log->save(Array)\n#3 /wordpress/wp-content/plugins/advanced-store-control-for-woocommerce/controllers/log.php(105): ASC\\Controllers\\Controller_Log->set_error('\\xD0\\xBE\\xD1\\x88\\xD0\\xB8\\xD0\\xB1\\xD0\\xBA\\xD0\\xB0 \\xD0\\xB2...')\n#4 [internal function]: ASC\\Controllers\\Controller_Log::exception(Object(Exception))\n#5 {main}\n  thrown in /wordpress/wp-content/plugins/advanced-store-control-for-woocommerce/traits/model.php on line 63","log":"/logs/plugins/a/advanced-store-control-for-woocommerce/error.json"}
,
{"message":"Uncaught Exception: ошибка в запросе: INSERT INTO `wp_asc_log` (`time`, `error`, `success`, `info`, `supplier_id`) VALUES ('2025-06-16 21:34:59', 'ошибка в запросе: CREATE TABLE IF NOT EXISTS `wp_asc_currencies` (\r","level":"FATAL","type":"PHP","test":"asyncify-boot","plugin":"advanced-store-control-for-woocommerce","details":"[16-Jun-2025 21:34:59 UTC] PHP Fatal error:  Uncaught Exception: ошибка в запросе: INSERT INTO `wp_asc_log` (`time`, `error`, `success`, `info`, `supplier_id`) VALUES ('2025-06-16 21:34:59', 'ошибка в запросе: CREATE TABLE IF NOT EXISTS `wp_asc_currencies` (\r\n  \t\t\t\t`supplier_id` int(10) UNSIGNED NOT NULL,\r\n  \t\t\t\t`name` varchar(3) COLLATE utf8mb4_unicode_ci NOT NULL,\r\n  \t\t\t\t`rate` float NOT NULL,\r\n  \t\t\t\tUNIQUE KEY `supplier_id` (`supplier_id`,`name`),\r\n  \t\t\t\tCONSTRAINT `wp_asc_currencies_ibfk_1` FOREIGN KEY (`supplier_id`) REFERENCES `wp_asc_suppliers` (`supplier_id`) ON DELETE CASCADE                                             \r\n\t\t\t) ENGINE=InnoDB DEFAULT CHARSET=utf8mb4 COLLATE=utf8mb4_unicode_ci;', '', '', NULL) in /wordpress/wp-content/plugins/advanced-store-control-for-woocommerce/traits/model.php:63\nStack trace:\n#0 /wordpress/wp-content/plugins/advanced-store-control-for-woocommerce/models/log.php(39): ASC\\Models\\Model_Log->query('INSERT INTO `wp...')\n#1 /wordpress/wp-content/plugins/advanced-store-control-for-woocommerce/controllers/log.php(84): ASC\\Models\\Model_Log->create('2025-06-16 21:3...', 'NULL', Array)\n#2 /wordpress/wp-content/plugins/advanced-store-control-for-woocommerce/controllers/log.php(126): ASC\\Controllers\\Controller_Log->save(Array)\n#3 /wordpress/wp-content/plugins/advanced-store-control-for-woocommerce/controllers/log.php(105): ASC\\Controllers\\Controller_Log->set_error('\\xD0\\xBE\\xD1\\x88\\xD0\\xB8\\xD0\\xB1\\xD0\\xBA\\xD0\\xB0 \\xD0\\xB2...')\n#4 [internal function]: ASC\\Controllers\\Controller_Log::exception(Object(Exception))\n#5 {main}\n  thrown in /wordpress/wp-content/plugins/advanced-store-control-for-woocommerce/traits/model.php on line 63\n\n    at Object.onBind (file:///home/runner/work/playground-tester/playground-tester/node_modules/@wp-playground/cli/run-cli-j-geJYS3.js:325:15)\n    at process.processTicksAndRejections (node:internal/process/task_queues:105:5)\n    at async re (file:///home/runner/work/playground-tester/playground-tester/node_modules/@wp-playground/cli/run-cli-j-geJYS3.js:149:10) {\n  [cause]: Error: Error when executing the blueprint step #1 ({\"step\":\"installPlugin\",\"pluginData\":{\"resource\":\"wordpress.org/plugins\",\"slug\":\"advanced-store-control-for-woocommerce\"},\"options\":{\"activate\":true}}) : PHP.run() failed with exit code 255 and the following output: \n      at Object.run (file:///home/runner/work/playground-tester/playground-tester/node_modules/@wp-playground/blueprints/index.js:12093:19)\n      at process.processTicksAndRejections (node:internal/process/task_queues:105:5)\n      at async ys (file:///home/runner/work/playground-tester/playground-tester/node_modules/@wp-playground/blueprints/index.js:12196:3)\n      at async Object.onBind (file:///home/runner/work/playground-tester/playground-tester/node_modules/@wp-playground/cli/run-cli-j-geJYS3.js:315:48)\n      at async re (file:///home/runner/work/playground-tester/playground-tester/node_modules/@wp-playground/cli/run-cli-j-geJYS3.js:149:10) {\n    [cause]: PHPExecutionFailureError: PHP.run() failed with exit code 255 and the following output: \n        at PHP.run (file:///home/runner/work/playground-tester/playground-tester/node_modules/@php-wasm/universal/index.js:1034:19)\n        at process.processTicksAndRejections (node:internal/process/task_queues:105:5)\n        at async wr (file:///home/runner/work/playground-tester/playground-tester/node_modules/@wp-playground/blueprints/index.js:34:39)\n        at async Object.gt [as installPlugin] (file:///home/runner/work/playground-tester/playground-tester/node_modules/@wp-playground/blueprints/index.js:631:42)\n        at async g (file:///home/runner/work/playground-tester/playground-tester/node_modules/@wp-playground/blueprints/index.js:12161:30)\n        at async Object.run (file:///home/runner/work/playground-tester/playground-tester/node_modules/@wp-playground/blueprints/index.js:12090:23)\n        at async ys (file:///home/runner/work/playground-tester/playground-tester/node_modules/@wp-playground/blueprints/index.js:12196:3)\n        at async Object.onBind (file:///home/runner/work/playground-tester/playground-tester/node_modules/@wp-playground/cli/run-cli-j-geJYS3.js:315:48)\n        at async re (file:///home/runner/work/playground-tester/playground-tester/node_modules/@wp-playground/cli/run-cli-j-geJYS3.js:149:10) {\n      response: PHPResponse {\n        httpStatusCode: 500,\n        headers: {\n          'x-powered-by': [ 'PHP/8.0.30-dev' ],\n          'content-type': [ 'text/html; charset=UTF-8' ]\n        },\n        bytes: Uint8Array(0) [],\n        exitCode: 255,\n        errors: ''\n      },\n      source: 'request'\n    }\n  }\n}\n\n","log":"/logs/plugins/a/advanced-store-control-for-woocommerce/error.json"}
]
