file:///home/runner/work/playground-tester/playground-tester/node_modules/@wp-playground/cli/index.js:237
        throw new Error(y, { cause: u });
              ^

Error: [10-May-2025 18:38:23 UTC] PHP Warning:  Undefined array key "table" in /wordpress/wp-content/plugins/wp-snapcam/public/class-wp-snapcam-public-gallery.php on line 43
[10-May-2025 18:38:23 UTC] PHP Warning:  Undefined property: stdClass::$Collation in /wordpress/wp-admin/includes/upgrade.php on line 2734
[10-May-2025 18:38:23 UTC] PHP Warning:  mkdir(): No such file or directory in /wordpress/wp-content/plugins/wp-snapcam/includes/class-wp-snapcam-activator.php on line 219
[10-May-2025 18:38:23 UTC] PHP Warning:  copy(/wordpress/wp-content/uploads/wp-snapcam/681f9d1f6c278.jpg): Failed to open stream: No such file or directory in /wordpress/wp-content/plugins/wp-snapcam/includes/class-wp-snapcam-activator.php on line 241
[10-May-2025 18:38:33 UTC] PHP Warning:  Undefined array key "table" in /wordpress/wp-content/plugins/wp-snapcam/public/class-wp-snapcam-public-gallery.php on line 43
[10-May-2025 18:38:33 UTC] PHP Warning:  mkdir(): No such file or directory in /wordpress/wp-content/plugins/wp-snapcam/includes/class-wp-snapcam-activator.php on line 219
[10-May-2025 18:38:33 UTC] PHP Warning:  copy(/wordpress/wp-content/uploads/wp-snapcam/681f9d29cc970.jpg): Failed to open stream: No such file or directory in /wordpress/wp-content/plugins/wp-snapcam/includes/class-wp-snapcam-activator.php on line 241
[10-May-2025 18:38:43 UTC] PHP Warning:  Undefined array key "table" in /wordpress/wp-content/plugins/wp-snapcam/public/class-wp-snapcam-public-gallery.php on line 43
[10-May-2025 18:38:43 UTC] PHP Warning:  mkdir(): No such file or directory in /wordpress/wp-content/plugins/wp-snapcam/includes/class-wp-snapcam-activator.php on line 219
[10-May-2025 18:38:43 UTC] PHP Warning:  copy(/wordpress/wp-content/uploads/wp-snapcam/681f9d339df58.jpg): Failed to open stream: No such file or directory in /wordpress/wp-content/plugins/wp-snapcam/includes/class-wp-snapcam-activator.php on line 241
[10-May-2025 18:41:40 UTC] PHP Warning:  The use statement with non-compound name 'Exception' has no effect in /wordpress/wp-content/plugins/wl-wc-newsletter/db/upgrade_to_1_1.php on line 5
[10-May-2025 18:41:40 UTC] PHP Warning:  The use statement with non-compound name 'PDOException' has no effect in /wordpress/wp-content/plugins/wl-wc-newsletter/db/upgrade_to_1_1.php on line 6
[10-May-2025 18:41:40 UTC] PHP Warning:  The use statement with non-compound name 'PDO' has no effect in /wordpress/wp-content/plugins/wl-wc-newsletter/db/upgrade_to_1_1.php on line 7
[10-May-2025 18:41:40 UTC] PHP Fatal error:  Uncaught PDOException: SQLSTATE[HY000] [2002] Address family not supported by protocol in /wordpress/wp-content/plugins/wl-wc-newsletter/db/upgrade_to_1_1.php:20
Stack trace:
#0 /wordpress/wp-content/plugins/wl-wc-newsletter/db/upgrade_to_1_1.php(20): PDO->__construct('mysql:host=loca...', 'username_here', 'password_here')
#1 /wordpress/wp-content/plugins/wl-wc-newsletter/db/migrate.php(159): require_once('/wordpress/wp-c...')
#2 /wordpress/wp-content/plugins/wl-wc-newsletter/admin_functions.php(390): require_once('/wordpress/wp-c...')
#3 /wordpress/wp-includes/class-wp-hook.php(324): wlwcn_activated(false)
#4 /wordpress/wp-includes/class-wp-hook.php(348): WP_Hook->apply_filters('', Array)
#5 /wordpress/wp-includes/plugin.php(517): WP_Hook->do_action(Array)
#6 /wordpress/wp-admin/includes/plugin.php(703): do_action('activate_wl-wc-...', false)
#7 /internal/eval.php(20): activate_plugin('wl-wc-newslette...')
#8 {main}
  thrown in /wordpress/wp-content/plugins/wl-wc-newsletter/db/upgrade_to_1_1.php on line 20
[10-May-2025 18:41:52 UTC] PHP Warning:  The use statement with non-compound name 'Exception' has no effect in /wordpress/wp-content/plugins/wl-wc-newsletter/db/upgrade_to_1_1.php on line 5
[10-May-2025 18:41:52 UTC] PHP Warning:  The use statement with non-compound name 'PDOException' has no effect in /wordpress/wp-content/plugins/wl-wc-newsletter/db/upgrade_to_1_1.php on line 6
[10-May-2025 18:41:52 UTC] PHP Warning:  The use statement with non-compound name 'PDO' has no effect in /wordpress/wp-content/plugins/wl-wc-newsletter/db/upgrade_to_1_1.php on line 7
[10-May-2025 18:41:52 UTC] PHP Fatal error:  Uncaught PDOException: SQLSTATE[HY000] [2002] Address family not supported by protocol in /wordpress/wp-content/plugins/wl-wc-newsletter/db/upgrade_to_1_1.php:20
Stack trace:
#0 /wordpress/wp-content/plugins/wl-wc-newsletter/db/upgrade_to_1_1.php(20): PDO->__construct('mysql:host=loca...', 'username_here', 'password_here')
#1 /wordpress/wp-content/plugins/wl-wc-newsletter/db/migrate.php(159): require_once('/wordpress/wp-c...')
#2 /wordpress/wp-content/plugins/wl-wc-newsletter/admin_functions.php(390): require_once('/wordpress/wp-c...')
#3 /wordpress/wp-includes/class-wp-hook.php(324): wlwcn_activated(false)
#4 /wordpress/wp-includes/class-wp-hook.php(348): WP_Hook->apply_filters('', Array)
#5 /wordpress/wp-includes/plugin.php(517): WP_Hook->do_action(Array)
#6 /wordpress/wp-admin/includes/plugin.php(703): do_action('activate_wl-wc-...', false)
#7 /internal/eval.php(20): activate_plugin('wl-wc-newslette...')
#8 {main}
  thrown in /wordpress/wp-content/plugins/wl-wc-newsletter/db/upgrade_to_1_1.php on line 20

    at Object.onBind (file:///home/runner/work/playground-tester/playground-tester/node_modules/@wp-playground/cli/index.js:237:15)
    at process.processTicksAndRejections (node:internal/process/task_queues:105:5)
    at async V (file:///home/runner/work/playground-tester/playground-tester/node_modules/@wp-playground/cli/index.js:64:10)
    at async ja (file:///home/runner/work/playground-tester/playground-tester/node_modules/@wp-playground/cli/cli.js:8161:12) {
  [cause]: Error: Error when executing the blueprint step #1 ({"step":"installPlugin","pluginData":{"resource":"wordpress.org/plugins","slug":"wl-wc-newsletter"},"options":{"activate":true}}) : PHP.run() failed with exit code 255 and the following output: 
      at Object.run (file:///home/runner/work/playground-tester/playground-tester/node_modules/@wp-playground/blueprints/index.js:12449:19)
      at process.processTicksAndRejections (node:internal/process/task_queues:105:5)
      at async ms (file:///home/runner/work/playground-tester/playground-tester/node_modules/@wp-playground/blueprints/index.js:12552:3)
      ... 2 lines matching cause stack trace ...
      at async ja (file:///home/runner/work/playground-tester/playground-tester/node_modules/@wp-playground/cli/cli.js:8161:12) {
    [cause]: PHPExecutionFailureError: PHP.run() failed with exit code 255 and the following output: 
        at PHP.run (file:///home/runner/work/playground-tester/playground-tester/node_modules/@php-wasm/universal/index.js:987:19)
        at process.processTicksAndRejections (node:internal/process/task_queues:105:5)
        at async wr (file:///home/runner/work/playground-tester/playground-tester/node_modules/@wp-playground/blueprints/index.js:33:39)
        at async Object.gt [as installPlugin] (file:///home/runner/work/playground-tester/playground-tester/node_modules/@wp-playground/blueprints/index.js:974:42)
        at async g (file:///home/runner/work/playground-tester/playground-tester/node_modules/@wp-playground/blueprints/index.js:12517:30)
        at async Object.run (file:///home/runner/work/playground-tester/playground-tester/node_modules/@wp-playground/blueprints/index.js:12446:23)
        at async ms (file:///home/runner/work/playground-tester/playground-tester/node_modules/@wp-playground/blueprints/index.js:12552:3)
        at async Object.onBind (file:///home/runner/work/playground-tester/playground-tester/node_modules/@wp-playground/cli/index.js:227:48)
        at async V (file:///home/runner/work/playground-tester/playground-tester/node_modules/@wp-playground/cli/index.js:64:10)
        at async ja (file:///home/runner/work/playground-tester/playground-tester/node_modules/@wp-playground/cli/cli.js:8161:12) {
      response: PHPResponse {
        httpStatusCode: 500,
        headers: {
          'x-powered-by': [ 'PHP/8.0.30-dev' ],
          'content-type': [ 'text/html; charset=UTF-8' ]
        },
        bytes: Uint8Array(0) [],
        exitCode: 255,
        errors: ''
      },
      source: 'request'
    }
  }
}

Node.js v23.11.0
