file:///home/runner/work/playground-tester/playground-tester/node_modules/@wp-playground/cli/run-cli-j-geJYS3.js:325
        throw new Error($, { cause: h });
              ^

Error: [24-Jun-2025 15:33:13 UTC] PHP Fatal error:  Uncaught Exception: The WooCommerce is not activated. in /wordpress/wp-content/plugins/payfull/payfull.php:23
Stack trace:
#0 /wordpress/wp-includes/class-wp-hook.php(324): payfull_init('')
#1 /wordpress/wp-includes/class-wp-hook.php(348): WP_Hook->apply_filters(NULL, Array)
#2 /wordpress/wp-includes/plugin.php(517): WP_Hook->do_action(Array)
#3 /wordpress/wp-settings.php(727): do_action('init')
#4 /wordpress/wp-config.php(102): require_once('/wordpress/wp-s...')
#5 /wordpress/wp-load.php(50): require_once('/wordpress/wp-c...')
#6 /internal/eval.php(3): require_once('/wordpress/wp-l...')
#7 {main}
  thrown in /wordpress/wp-content/plugins/payfull/payfull.php on line 23
[24-Jun-2025 15:33:22 UTC] PHP Fatal error:  Uncaught Exception: The WooCommerce is not activated. in /wordpress/wp-content/plugins/payfull/payfull.php:23
Stack trace:
#0 /wordpress/wp-includes/class-wp-hook.php(324): payfull_init('')
#1 /wordpress/wp-includes/class-wp-hook.php(348): WP_Hook->apply_filters(NULL, Array)
#2 /wordpress/wp-includes/plugin.php(517): WP_Hook->do_action(Array)
#3 /wordpress/wp-settings.php(727): do_action('init')
#4 /wordpress/wp-config.php(102): require_once('/wordpress/wp-s...')
#5 /wordpress/wp-load.php(50): require_once('/wordpress/wp-c...')
#6 /internal/eval.php(3): require_once('/wordpress/wp-l...')
#7 {main}
  thrown in /wordpress/wp-content/plugins/payfull/payfull.php on line 23
[24-Jun-2025 15:33:32 UTC] PHP Fatal error:  Uncaught Exception: The WooCommerce is not activated. in /wordpress/wp-content/plugins/payfull/payfull.php:23
Stack trace:
#0 /wordpress/wp-includes/class-wp-hook.php(324): payfull_init('')
#1 /wordpress/wp-includes/class-wp-hook.php(348): WP_Hook->apply_filters(NULL, Array)
#2 /wordpress/wp-includes/plugin.php(517): WP_Hook->do_action(Array)
#3 /wordpress/wp-settings.php(727): do_action('init')
#4 /wordpress/wp-config.php(102): require_once('/wordpress/wp-s...')
#5 /wordpress/wp-load.php(50): require_once('/wordpress/wp-c...')
#6 /internal/eval.php(3): require_once('/wordpress/wp-l...')
#7 {main}
  thrown in /wordpress/wp-content/plugins/payfull/payfull.php on line 23
[24-Jun-2025 15:34:33 UTC] WordPress database error <div style="clear:both">&nbsp;</div>
<div class="queries" style="clear:both;margin-bottom:2px;border:red dotted thin;">
<p>MySQL query:</p>
<p>SELECT tax_rate_country as shcode, `tax_rate_class` as `class`, `tax_rate_id` as `id`,`tax_rate` as `rate`, `tax_rate_name` as `name` FROM wp_woocommerce_tax_rates  Order By tax_rate_class, tax_rate_country </p>
<p>Queries made or created this session were:</p>
<ol>
<li>Executing: BEGIN IMMEDIATE | (no parameters)</li>
<li>Executing: SELECT `tax_rate_country` as `shcode` , `tax_rate_class` as `class` , `tax_rate_id` as `id` , `tax_rate` as `rate` , `tax_rate_name` as `name` FROM `wp_woocommerce_tax_rates` Order By `tax_rate_class` , `tax_rate_country` | (no parameters)</li>
<li>Executing: ROLLBACK | (no parameters)</li>
</ol>
</div>
<div style="clear:both;margin-bottom:2px;border:red dotted thin;" class="error_message" style="border-bottom:dotted blue thin;">
SQLSTATE[HY000]: General error: 1 no such table: wp_woocommerce_tax_rates
</div>
<p>Backtrace:</p>
<pre>#0 /internal/shared/sqlite-database-integration/wp-includes/sqlite-ast/class-wp-sqlite-driver.php(683): WP_SQLite_Driver->new_driver_exception('SQLSTATE[HY000]...', 'HY000', Object(PDOException))
#1 /internal/shared/sqlite-database-integration/wp-includes/sqlite/class-wp-sqlite-db.php(491): WP_SQLite_Driver->query('SELECT tax_rate...')
#2 /internal/shared/sqlite-database-integration/wp-includes/sqlite/class-wp-sqlite-db.php(432): WP_SQLite_DB->_do_query('SELECT tax_rate...')
#3 /wordpress/wp-includes/class-wpdb.php(3146): WP_SQLite_DB->query('SELECT tax_rate...')
#4 /wordpress/wp-content/plugins/product-catalog-feed/inc/common.php(709): wpdb->get_results('SELECT tax_rate...', 'ARRAY_A')
#5 /wordpress/wp-content/plugins/product-catalog-feed/inc/common.php(647): WoocommerceWpwoofCommon->getTaxRateCountries()
#6 /wordpress/wp-content/plugins/product-catalog-feed/inc/common.php(1127): WoocommerceWpwoofCommon->__construct()
#7 /wordpress/wp-content/plugins/product-catalog-feed/inc/generate-feed.php(2): require_once('/wordpress/wp-c...')
#8 /wordpress/wp-content/plugins/product-catalog-feed/product-catalog-feed.php(60): require_once('/wordpress/wp-c...')
#9 /wordpress/wp-admin/includes/plugin.php(2387): include_once('/wordpress/wp-c...')
#10 /wordpress/wp-admin/includes/plugin.php(673): plugin_sandbox_scrape('product-catalog...')
#11 /internal/eval.php(20): activate_plugin('product-catalog...')
#12 {main}</pre>
 for query SELECT tax_rate_country as shcode, `tax_rate_class` as `class`, `tax_rate_id` as `id`,`tax_rate` as `rate`, `tax_rate_name` as `name` FROM wp_woocommerce_tax_rates  Order By tax_rate_class, tax_rate_country  made by activate_plugin, plugin_sandbox_scrape, include_once('/plugins/product-catalog-feed/product-catalog-feed.php'), require_once('/plugins/product-catalog-feed/inc/generate-feed.php'), require_once('/plugins/product-catalog-feed/inc/common.php'), WoocommerceWpwoofCommon->__construct, WoocommerceWpwoofCommon->getTaxRateCountries, WP_SQLite_DB->query, WP_SQLite_DB->print_error
[24-Jun-2025 15:34:43 UTC] WordPress database error <div style="clear:both">&nbsp;</div>
<div class="queries" style="clear:both;margin-bottom:2px;border:red dotted thin;">
<p>MySQL query:</p>
<p>SELECT tax_rate_country as shcode, `tax_rate_class` as `class`, `tax_rate_id` as `id`,`tax_rate` as `rate`, `tax_rate_name` as `name` FROM wp_woocommerce_tax_rates  Order By tax_rate_class, tax_rate_country </p>
<p>Queries made or created this session were:</p>
<ol>
<li>Executing: BEGIN IMMEDIATE | (no parameters)</li>
<li>Executing: SELECT `tax_rate_country` as `shcode` , `tax_rate_class` as `class` , `tax_rate_id` as `id` , `tax_rate` as `rate` , `tax_rate_name` as `name` FROM `wp_woocommerce_tax_rates` Order By `tax_rate_class` , `tax_rate_country` | (no parameters)</li>
<li>Executing: ROLLBACK | (no parameters)</li>
</ol>
</div>
<div style="clear:both;margin-bottom:2px;border:red dotted thin;" class="error_message" style="border-bottom:dotted blue thin;">
SQLSTATE[HY000]: General error: 1 no such table: wp_woocommerce_tax_rates
</div>
<p>Backtrace:</p>
<pre>#0 /internal/shared/sqlite-database-integration/wp-includes/sqlite-ast/class-wp-sqlite-driver.php(683): WP_SQLite_Driver->new_driver_exception('SQLSTATE[HY000]...', 'HY000', Object(PDOException))
#1 /internal/shared/sqlite-database-integration/wp-includes/sqlite/class-wp-sqlite-db.php(491): WP_SQLite_Driver->query('SELECT tax_rate...')
#2 /internal/shared/sqlite-database-integration/wp-includes/sqlite/class-wp-sqlite-db.php(432): WP_SQLite_DB->_do_query('SELECT tax_rate...')
#3 /wordpress/wp-includes/class-wpdb.php(3146): WP_SQLite_DB->query('SELECT tax_rate...')
#4 /wordpress/wp-content/plugins/product-catalog-feed/inc/common.php(709): wpdb->get_results('SELECT tax_rate...', 'ARRAY_A')
#5 /wordpress/wp-content/plugins/product-catalog-feed/inc/common.php(647): WoocommerceWpwoofCommon->getTaxRateCountries()
#6 /wordpress/wp-content/plugins/product-catalog-feed/inc/common.php(1127): WoocommerceWpwoofCommon->__construct()
#7 /wordpress/wp-content/plugins/product-catalog-feed/inc/generate-feed.php(2): require_once('/wordpress/wp-c...')
#8 /wordpress/wp-content/plugins/product-catalog-feed/product-catalog-feed.php(60): require_once('/wordpress/wp-c...')
#9 /wordpress/wp-admin/includes/plugin.php(2387): include_once('/wordpress/wp-c...')
#10 /wordpress/wp-admin/includes/plugin.php(673): plugin_sandbox_scrape('product-catalog...')
#11 /internal/eval.php(20): activate_plugin('product-catalog...')
#12 {main}</pre>
 for query SELECT tax_rate_country as shcode, `tax_rate_class` as `class`, `tax_rate_id` as `id`,`tax_rate` as `rate`, `tax_rate_name` as `name` FROM wp_woocommerce_tax_rates  Order By tax_rate_class, tax_rate_country  made by activate_plugin, plugin_sandbox_scrape, include_once('/plugins/product-catalog-feed/product-catalog-feed.php'), require_once('/plugins/product-catalog-feed/inc/generate-feed.php'), require_once('/plugins/product-catalog-feed/inc/common.php'), WoocommerceWpwoofCommon->__construct, WoocommerceWpwoofCommon->getTaxRateCountries, WP_SQLite_DB->query, WP_SQLite_DB->print_error
[24-Jun-2025 15:34:53 UTC] WordPress database error <div style="clear:both">&nbsp;</div>
<div class="queries" style="clear:both;margin-bottom:2px;border:red dotted thin;">
<p>MySQL query:</p>
<p>SELECT tax_rate_country as shcode, `tax_rate_class` as `class`, `tax_rate_id` as `id`,`tax_rate` as `rate`, `tax_rate_name` as `name` FROM wp_woocommerce_tax_rates  Order By tax_rate_class, tax_rate_country </p>
<p>Queries made or created this session were:</p>
<ol>
<li>Executing: BEGIN IMMEDIATE | (no parameters)</li>
<li>Executing: SELECT `tax_rate_country` as `shcode` , `tax_rate_class` as `class` , `tax_rate_id` as `id` , `tax_rate` as `rate` , `tax_rate_name` as `name` FROM `wp_woocommerce_tax_rates` Order By `tax_rate_class` , `tax_rate_country` | (no parameters)</li>
<li>Executing: ROLLBACK | (no parameters)</li>
</ol>
</div>
<div style="clear:both;margin-bottom:2px;border:red dotted thin;" class="error_message" style="border-bottom:dotted blue thin;">
SQLSTATE[HY000]: General error: 1 no such table: wp_woocommerce_tax_rates
</div>
<p>Backtrace:</p>
<pre>#0 /internal/shared/sqlite-database-integration/wp-includes/sqlite-ast/class-wp-sqlite-driver.php(683): WP_SQLite_Driver->new_driver_exception('SQLSTATE[HY000]...', 'HY000', Object(PDOException))
#1 /internal/shared/sqlite-database-integration/wp-includes/sqlite/class-wp-sqlite-db.php(491): WP_SQLite_Driver->query('SELECT tax_rate...')
#2 /internal/shared/sqlite-database-integration/wp-includes/sqlite/class-wp-sqlite-db.php(432): WP_SQLite_DB->_do_query('SELECT tax_rate...')
#3 /wordpress/wp-includes/class-wpdb.php(3146): WP_SQLite_DB->query('SELECT tax_rate...')
#4 /wordpress/wp-content/plugins/product-catalog-feed/inc/common.php(709): wpdb->get_results('SELECT tax_rate...', 'ARRAY_A')
#5 /wordpress/wp-content/plugins/product-catalog-feed/inc/common.php(647): WoocommerceWpwoofCommon->getTaxRateCountries()
#6 /wordpress/wp-content/plugins/product-catalog-feed/inc/common.php(1127): WoocommerceWpwoofCommon->__construct()
#7 /wordpress/wp-content/plugins/product-catalog-feed/inc/generate-feed.php(2): require_once('/wordpress/wp-c...')
#8 /wordpress/wp-content/plugins/product-catalog-feed/product-catalog-feed.php(60): require_once('/wordpress/wp-c...')
#9 /wordpress/wp-admin/includes/plugin.php(2387): include_once('/wordpress/wp-c...')
#10 /wordpress/wp-admin/includes/plugin.php(673): plugin_sandbox_scrape('product-catalog...')
#11 /internal/eval.php(20): activate_plugin('product-catalog...')
#12 {main}</pre>
 for query SELECT tax_rate_country as shcode, `tax_rate_class` as `class`, `tax_rate_id` as `id`,`tax_rate` as `rate`, `tax_rate_name` as `name` FROM wp_woocommerce_tax_rates  Order By tax_rate_class, tax_rate_country  made by activate_plugin, plugin_sandbox_scrape, include_once('/plugins/product-catalog-feed/product-catalog-feed.php'), require_once('/plugins/product-catalog-feed/inc/generate-feed.php'), require_once('/plugins/product-catalog-feed/inc/common.php'), WoocommerceWpwoofCommon->__construct, WoocommerceWpwoofCommon->getTaxRateCountries, WP_SQLite_DB->query, WP_SQLite_DB->print_error
[24-Jun-2025 15:36:00 UTC] PHP Warning:  file_get_contents(http://plugins.camilstaps.nl/wp-content/plugins/nanowrimo-stats-logger/logger.php?url=example.com%3A443&amp;action=add): Failed to open stream: HTTP request failed! HTTP/1.1 404 Not Found
 in /wordpress/wp-content/plugins/nanowrimo-stats/nanostats.php on line 46
[24-Jun-2025 15:36:10 UTC] PHP Warning:  file_get_contents(http://plugins.camilstaps.nl/wp-content/plugins/nanowrimo-stats-logger/logger.php?url=example.com%3A443&amp;action=add): Failed to open stream: HTTP request failed! HTTP/1.1 404 Not Found
 in /wordpress/wp-content/plugins/nanowrimo-stats/nanostats.php on line 46
[24-Jun-2025 15:36:21 UTC] PHP Warning:  file_get_contents(http://plugins.camilstaps.nl/wp-content/plugins/nanowrimo-stats-logger/logger.php?url=example.com%3A443&amp;action=add): Failed to open stream: HTTP request failed! HTTP/1.1 404 Not Found
 in /wordpress/wp-content/plugins/nanowrimo-stats/nanostats.php on line 46
[24-Jun-2025 15:36:31 UTC] PHP Fatal error:  Uncaught ArgumentCountError: Too few arguments to function WP_Widget::__construct(), 0 passed in /wordpress/wp-includes/class-wp-widget-factory.php on line 62 and at least 2 expected in /wordpress/wp-includes/class-wp-widget.php:163
Stack trace:
#0 /wordpress/wp-includes/class-wp-widget-factory.php(62): WP_Widget->__construct()
#1 /wordpress/wp-includes/widgets.php(123): WP_Widget_Factory->register('NashOS')
#2 /wordpress/wp-content/plugins/nash-operating-system/nash-operating-system.php(87): register_widget('NashOS')
#3 /wordpress/wp-includes/class-wp-hook.php(324): nashos_widget_init('')
#4 /wordpress/wp-includes/class-wp-hook.php(348): WP_Hook->apply_filters(NULL, Array)
#5 /wordpress/wp-includes/plugin.php(517): WP_Hook->do_action(Array)
#6 /wordpress/wp-includes/widgets.php(1870): do_action('widgets_init')
#7 /wordpress/wp-includes/class-wp-hook.php(324): wp_widgets_init('')
#8 /wordpress/wp-includes/class-wp-hook.php(348): WP_Hook->apply_filters(NULL, Array)
#9 /wordpress/wp-includes/plugin.php(517): WP_Hook->do_action(Array)
#10 /wordpress/wp-settings.php(727): do_action('init')
#11 /wordpress/wp-config.php(102): require_once('/wordpress/wp-s...')
#12 /wordpress/wp-load.php(50): require_once('/wordpress/wp-c...')
#13 /internal/eval.php(3): require_once('/wordpress/wp-l...')
#14 {main}
  thrown in /wordpress/wp-includes/class-wp-widget.php on line 163
[24-Jun-2025 15:36:40 UTC] PHP Fatal error:  Uncaught ArgumentCountError: Too few arguments to function WP_Widget::__construct(), 0 passed in /wordpress/wp-includes/class-wp-widget-factory.php on line 62 and at least 2 expected in /wordpress/wp-includes/class-wp-widget.php:163
Stack trace:
#0 /wordpress/wp-includes/class-wp-widget-factory.php(62): WP_Widget->__construct()
#1 /wordpress/wp-includes/widgets.php(123): WP_Widget_Factory->register('NashOS')
#2 /wordpress/wp-content/plugins/nash-operating-system/nash-operating-system.php(87): register_widget('NashOS')
#3 /wordpress/wp-includes/class-wp-hook.php(324): nashos_widget_init('')
#4 /wordpress/wp-includes/class-wp-hook.php(348): WP_Hook->apply_filters(NULL, Array)
#5 /wordpress/wp-includes/plugin.php(517): WP_Hook->do_action(Array)
#6 /wordpress/wp-includes/widgets.php(1870): do_action('widgets_init')
#7 /wordpress/wp-includes/class-wp-hook.php(324): wp_widgets_init('')
#8 /wordpress/wp-includes/class-wp-hook.php(348): WP_Hook->apply_filters(NULL, Array)
#9 /wordpress/wp-includes/plugin.php(517): WP_Hook->do_action(Array)
#10 /wordpress/wp-settings.php(727): do_action('init')
#11 /wordpress/wp-config.php(102): require_once('/wordpress/wp-s...')
#12 /wordpress/wp-load.php(50): require_once('/wordpress/wp-c...')
#13 /internal/eval.php(3): require_once('/wordpress/wp-l...')
#14 {main}
  thrown in /wordpress/wp-includes/class-wp-widget.php on line 163
[24-Jun-2025 15:36:48 UTC] PHP Fatal error:  Uncaught ArgumentCountError: Too few arguments to function WP_Widget::__construct(), 0 passed in /wordpress/wp-includes/class-wp-widget-factory.php on line 62 and at least 2 expected in /wordpress/wp-includes/class-wp-widget.php:163
Stack trace:
#0 /wordpress/wp-includes/class-wp-widget-factory.php(62): WP_Widget->__construct()
#1 /wordpress/wp-includes/widgets.php(123): WP_Widget_Factory->register('NashOS')
#2 /wordpress/wp-content/plugins/nash-operating-system/nash-operating-system.php(87): register_widget('NashOS')
#3 /wordpress/wp-includes/class-wp-hook.php(324): nashos_widget_init('')
#4 /wordpress/wp-includes/class-wp-hook.php(348): WP_Hook->apply_filters(NULL, Array)
#5 /wordpress/wp-includes/plugin.php(517): WP_Hook->do_action(Array)
#6 /wordpress/wp-includes/widgets.php(1870): do_action('widgets_init')
#7 /wordpress/wp-includes/class-wp-hook.php(324): wp_widgets_init('')
#8 /wordpress/wp-includes/class-wp-hook.php(348): WP_Hook->apply_filters(NULL, Array)
#9 /wordpress/wp-includes/plugin.php(517): WP_Hook->do_action(Array)
#10 /wordpress/wp-settings.php(727): do_action('init')
#11 /wordpress/wp-config.php(102): require_once('/wordpress/wp-s...')
#12 /wordpress/wp-load.php(50): require_once('/wordpress/wp-c...')
#13 /internal/eval.php(3): require_once('/wordpress/wp-l...')
#14 {main}
  thrown in /wordpress/wp-includes/class-wp-widget.php on line 163
[24-Jun-2025 15:36:57 UTC] Request: https://wp_plug.adnow.com/wp_aadb.php?token=
[24-Jun-2025 15:36:58 UTC] Response: {"success":false,"validate":false,"msg":"You have entered an invalid token!"}
[24-Jun-2025 15:36:59 UTC] Request: https://wp_plug.adnow.com/wp_aadb.php?token=
[24-Jun-2025 15:37:00 UTC] Response: {"success":false,"validate":false,"msg":"You have entered an invalid token!"}
[24-Jun-2025 15:37:08 UTC] Request: https://wp_plug.adnow.com/wp_aadb.php?token=
[24-Jun-2025 15:37:09 UTC] Response: {"success":false,"validate":false,"msg":"You have entered an invalid token!"}
[24-Jun-2025 15:37:10 UTC] Request: https://wp_plug.adnow.com/wp_aadb.php?token=
[24-Jun-2025 15:37:11 UTC] Response: {"success":false,"validate":false,"msg":"You have entered an invalid token!"}
[24-Jun-2025 15:37:20 UTC] Request: https://wp_plug.adnow.com/wp_aadb.php?token=
[24-Jun-2025 15:37:20 UTC] Response: {"success":false,"validate":false,"msg":"You have entered an invalid token!"}
[24-Jun-2025 15:37:21 UTC] Request: https://wp_plug.adnow.com/wp_aadb.php?token=
[24-Jun-2025 15:37:22 UTC] Response: {"success":false,"validate":false,"msg":"You have entered an invalid token!"}
[24-Jun-2025 15:37:31 UTC] PHP Fatal error:  Declaration of nys_SubscribeWidget::widget($args) must be compatible with WP_Widget::widget($args, $instance) in /wordpress/wp-content/plugins/navayan-subscribe/functions.php on line 292
[24-Jun-2025 15:37:40 UTC] PHP Fatal error:  Declaration of nys_SubscribeWidget::widget($args) must be compatible with WP_Widget::widget($args, $instance) in /wordpress/wp-content/plugins/navayan-subscribe/functions.php on line 292
[24-Jun-2025 15:37:49 UTC] PHP Fatal error:  Declaration of nys_SubscribeWidget::widget($args) must be compatible with WP_Widget::widget($args, $instance) in /wordpress/wp-content/plugins/navayan-subscribe/functions.php on line 292

    at Object.onBind (file:///home/runner/work/playground-tester/playground-tester/node_modules/@wp-playground/cli/run-cli-j-geJYS3.js:325:15)
    at process.processTicksAndRejections (node:internal/process/task_queues:105:5)
    at async re (file:///home/runner/work/playground-tester/playground-tester/node_modules/@wp-playground/cli/run-cli-j-geJYS3.js:149:10) {
  [cause]: Error: Error when executing the blueprint step #5 ({"step":"installPlugin","pluginData":{"resource":"wordpress.org/plugins","slug":"nerd-contact-form"},"options":{"activate":true}}) : Could not download "https://downloads.wordpress.org/plugin/nerd-contact-form.latest-stable.zip".
  				Check if the URL is correct and the server is reachable.
  				If it is reachable, the server might be blocking the request.
  				Check the browser console and network tabs for more information.
  
  				## Does the console show the error "No 'Access-Control-Allow-Origin' header"?
  
  				This means the server that hosts your file does not allow requests from other sites
  				(cross-origin requests, or CORS).	You need to move the asset to a server that allows
  				cross-origin file downloads. Learn more about CORS at
  				https://developer.mozilla.org/en-US/docs/Web/HTTP/CORS.
  
  				If your file is on GitHub, load it from "raw.githubusercontent.com".
  				Here's how to do that:
  
  				1. Start with the original GitHub URL of the file. For example:
  				https://github.com/username/repository/blob/branch/filename.
  				2. Replace "github.com" with "raw.githubusercontent.com".
  				3. Remove the "/blob/" part of the URL.
  
  				The resulting URL should look like this:
  				https://raw.githubusercontent.com/username/repository/branch/filename
  
  				Error:
  				Error: Could not download "https://downloads.wordpress.org/plugin/nerd-contact-form.latest-stable.zip"
      at Object.run (file:///home/runner/work/playground-tester/playground-tester/node_modules/@wp-playground/blueprints/index.js:12093:19)
      at process.processTicksAndRejections (node:internal/process/task_queues:105:5)
      at async ys (file:///home/runner/work/playground-tester/playground-tester/node_modules/@wp-playground/blueprints/index.js:12196:3)
      at async Object.onBind (file:///home/runner/work/playground-tester/playground-tester/node_modules/@wp-playground/cli/run-cli-j-geJYS3.js:315:48)
      at async re (file:///home/runner/work/playground-tester/playground-tester/node_modules/@wp-playground/cli/run-cli-j-geJYS3.js:149:10) {
    [cause]: Error: Could not download "https://downloads.wordpress.org/plugin/nerd-contact-form.latest-stable.zip".
    				Check if the URL is correct and the server is reachable.
    				If it is reachable, the server might be blocking the request.
    				Check the browser console and network tabs for more information.
    
    				## Does the console show the error "No 'Access-Control-Allow-Origin' header"?
    
    				This means the server that hosts your file does not allow requests from other sites
    				(cross-origin requests, or CORS).	You need to move the asset to a server that allows
    				cross-origin file downloads. Learn more about CORS at
    				https://developer.mozilla.org/en-US/docs/Web/HTTP/CORS.
    
    				If your file is on GitHub, load it from "raw.githubusercontent.com".
    				Here's how to do that:
    
    				1. Start with the original GitHub URL of the file. For example:
    				https://github.com/username/repository/blob/branch/filename.
    				2. Replace "github.com" with "raw.githubusercontent.com".
    				3. Remove the "/blob/" part of the URL.
    
    				The resulting URL should look like this:
    				https://raw.githubusercontent.com/username/repository/branch/filename
    
    				Error:
    				Error: Could not download "https://downloads.wordpress.org/plugin/nerd-contact-form.latest-stable.zip"
        at Ct.resolve (file:///home/runner/work/playground-tester/playground-tester/node_modules/@wp-playground/blueprints/index.js:1129:13)
        at process.processTicksAndRejections (node:internal/process/task_queues:105:5)
        at async _.run (file:///home/runner/work/playground-tester/playground-tester/node_modules/@php-wasm/util/index.js:45:14)
  }
}

Node.js v23.11.0
