[
  {
    "message": "file:///home/runner/work/playground-tester/playground-tester/node_modules/@wp-playground/cli/index.js:237\n        throw new Error(y, { cause: u });\n              ^\n",
    "level": "FATAL",
    "type": "PLAYGROUND",
    "test": "ast-sqlite-boot",
    "plugin": "website-monitoring-2",
    "details": "file:///home/runner/work/playground-tester/playground-tester/node_modules/@wp-playground/cli/index.js:237\n        throw new Error(y, { cause: u });\n              ^\n",
    "log": "/tmp/tmp.CNfRgGeJqL"
  },
  {
    "message": "Constant RWMB_URL already defined in /wordpress/wp-content/plugins/wp-repo-tracker/ext/meta-box/inc/loader.php on line 27",
    "level": "WARNING",
    "type": "PHP",
    "test": "ast-sqlite-boot",
    "plugin": "website-monitoring-2",
    "details": "[06-May-2025 08:38:06 UTC] PHP Warning:  Constant RWMB_URL already defined in /wordpress/wp-content/plugins/wp-repo-tracker/ext/meta-box/inc/loader.php on line 27",
    "log": "/logs/plugins/w/website-monitoring-2/error.json"
  },
  {
    "message": "Function register_uninstall_hook was called <strong>incorrectly</strong>. Only a static class method or function can be used in an uninstall hook. Please see <a href=\"https://developer.wordpress.org/advanced-administration/debug/debug-wordpress/\">Debugging in WordPress</a> for more information. (This message was added in version 3.1.0.) in /wordpress/wp-includes/functions.php on line 6121",
    "level": "NOTICE",
    "type": "PHP",
    "test": "ast-sqlite-boot",
    "plugin": "website-monitoring-2",
    "details": "[06-May-2025 08:38:06 UTC] PHP Notice:  Function register_uninstall_hook was called <strong>incorrectly</strong>. Only a static class method or function can be used in an uninstall hook. Please see <a href=\"https://developer.wordpress.org/advanced-administration/debug/debug-wordpress/\">Debugging in WordPress</a> for more information. (This message was added in version 3.1.0.) in /wordpress/wp-includes/functions.php on line 6121",
    "log": "/logs/plugins/w/website-monitoring-2/error.json"
  },
  {
    "message": "Private methods cannot be final as they are never overridden by other classes in /wordpress/wp-content/plugins/wp-repo-tracker/ext/wprecord/WpRecord.php on line 75",
    "level": "WARNING",
    "type": "PHP",
    "test": "ast-sqlite-boot",
    "plugin": "website-monitoring-2",
    "details": "[06-May-2025 08:38:06 UTC] PHP Warning:  Private methods cannot be final as they are never overridden by other classes in /wordpress/wp-content/plugins/wp-repo-tracker/ext/wprecord/WpRecord.php on line 75",
    "log": "/logs/plugins/w/website-monitoring-2/error.json"
  },
  {
    "message": "Private methods cannot be final as they are never overridden by other classes in /wordpress/wp-content/plugins/wp-repo-tracker/ext/wprecord/WpRecord.php on line 336",
    "level": "WARNING",
    "type": "PHP",
    "test": "ast-sqlite-boot",
    "plugin": "website-monitoring-2",
    "details": "[06-May-2025 08:38:06 UTC] PHP Warning:  Private methods cannot be final as they are never overridden by other classes in /wordpress/wp-content/plugins/wp-repo-tracker/ext/wprecord/WpRecord.php on line 336",
    "log": "/logs/plugins/w/website-monitoring-2/error.json"
  },
  {
    "message": "Private methods cannot be final as they are never overridden by other classes in /wordpress/wp-content/plugins/wp-repo-tracker/ext/wprecord/WpRecord.php on line 350",
    "level": "WARNING",
    "type": "PHP",
    "test": "ast-sqlite-boot",
    "plugin": "website-monitoring-2",
    "details": "[06-May-2025 08:38:06 UTC] PHP Warning:  Private methods cannot be final as they are never overridden by other classes in /wordpress/wp-content/plugins/wp-repo-tracker/ext/wprecord/WpRecord.php on line 350",
    "log": "/logs/plugins/w/website-monitoring-2/error.json"
  },
  {
    "message": "Private methods cannot be final as they are never overridden by other classes in /wordpress/wp-content/plugins/wp-repo-tracker/ext/wprecord/WpRecord.php on line 409",
    "level": "WARNING",
    "type": "PHP",
    "test": "ast-sqlite-boot",
    "plugin": "website-monitoring-2",
    "details": "[06-May-2025 08:38:06 UTC] PHP Warning:  Private methods cannot be final as they are never overridden by other classes in /wordpress/wp-content/plugins/wp-repo-tracker/ext/wprecord/WpRecord.php on line 409",
    "log": "/logs/plugins/w/website-monitoring-2/error.json"
  },
  {
    "message": "Constant RWMB_URL already defined in /wordpress/wp-content/plugins/wp-repo-tracker/ext/meta-box/inc/loader.php on line 27",
    "level": "WARNING",
    "type": "PHP",
    "test": "ast-sqlite-boot",
    "plugin": "website-monitoring-2",
    "details": "[06-May-2025 08:38:07 UTC] PHP Warning:  Constant RWMB_URL already defined in /wordpress/wp-content/plugins/wp-repo-tracker/ext/meta-box/inc/loader.php on line 27",
    "log": "/logs/plugins/w/website-monitoring-2/error.json"
  },
  {
    "message": "Function register_uninstall_hook was called <strong>incorrectly</strong>. Only a static class method or function can be used in an uninstall hook. Please see <a href=\"https://developer.wordpress.org/advanced-administration/debug/debug-wordpress/\">Debugging in WordPress</a> for more information. (This message was added in version 3.1.0.) in /wordpress/wp-includes/functions.php on line 6121",
    "level": "NOTICE",
    "type": "PHP",
    "test": "ast-sqlite-boot",
    "plugin": "website-monitoring-2",
    "details": "[06-May-2025 08:38:07 UTC] PHP Notice:  Function register_uninstall_hook was called <strong>incorrectly</strong>. Only a static class method or function can be used in an uninstall hook. Please see <a href=\"https://developer.wordpress.org/advanced-administration/debug/debug-wordpress/\">Debugging in WordPress</a> for more information. (This message was added in version 3.1.0.) in /wordpress/wp-includes/functions.php on line 6121",
    "log": "/logs/plugins/w/website-monitoring-2/error.json"
  },
  {
    "message": "Constant RWMB_URL already defined in /wordpress/wp-content/plugins/wp-repo-tracker/ext/meta-box/inc/loader.php on line 27",
    "level": "WARNING",
    "type": "PHP",
    "test": "ast-sqlite-boot",
    "plugin": "website-monitoring-2",
    "details": "[06-May-2025 08:38:16 UTC] PHP Warning:  Constant RWMB_URL already defined in /wordpress/wp-content/plugins/wp-repo-tracker/ext/meta-box/inc/loader.php on line 27",
    "log": "/logs/plugins/w/website-monitoring-2/error.json"
  },
  {
    "message": "Function register_uninstall_hook was called <strong>incorrectly</strong>. Only a static class method or function can be used in an uninstall hook. Please see <a href=\"https://developer.wordpress.org/advanced-administration/debug/debug-wordpress/\">Debugging in WordPress</a> for more information. (This message was added in version 3.1.0.) in /wordpress/wp-includes/functions.php on line 6121",
    "level": "NOTICE",
    "type": "PHP",
    "test": "ast-sqlite-boot",
    "plugin": "website-monitoring-2",
    "details": "[06-May-2025 08:38:16 UTC] PHP Notice:  Function register_uninstall_hook was called <strong>incorrectly</strong>. Only a static class method or function can be used in an uninstall hook. Please see <a href=\"https://developer.wordpress.org/advanced-administration/debug/debug-wordpress/\">Debugging in WordPress</a> for more information. (This message was added in version 3.1.0.) in /wordpress/wp-includes/functions.php on line 6121",
    "log": "/logs/plugins/w/website-monitoring-2/error.json"
  },
  {
    "message": "Private methods cannot be final as they are never overridden by other classes in /wordpress/wp-content/plugins/wp-repo-tracker/ext/wprecord/WpRecord.php on line 75",
    "level": "WARNING",
    "type": "PHP",
    "test": "ast-sqlite-boot",
    "plugin": "website-monitoring-2",
    "details": "[06-May-2025 08:38:16 UTC] PHP Warning:  Private methods cannot be final as they are never overridden by other classes in /wordpress/wp-content/plugins/wp-repo-tracker/ext/wprecord/WpRecord.php on line 75",
    "log": "/logs/plugins/w/website-monitoring-2/error.json"
  },
  {
    "message": "Private methods cannot be final as they are never overridden by other classes in /wordpress/wp-content/plugins/wp-repo-tracker/ext/wprecord/WpRecord.php on line 336",
    "level": "WARNING",
    "type": "PHP",
    "test": "ast-sqlite-boot",
    "plugin": "website-monitoring-2",
    "details": "[06-May-2025 08:38:16 UTC] PHP Warning:  Private methods cannot be final as they are never overridden by other classes in /wordpress/wp-content/plugins/wp-repo-tracker/ext/wprecord/WpRecord.php on line 336",
    "log": "/logs/plugins/w/website-monitoring-2/error.json"
  },
  {
    "message": "Private methods cannot be final as they are never overridden by other classes in /wordpress/wp-content/plugins/wp-repo-tracker/ext/wprecord/WpRecord.php on line 350",
    "level": "WARNING",
    "type": "PHP",
    "test": "ast-sqlite-boot",
    "plugin": "website-monitoring-2",
    "details": "[06-May-2025 08:38:16 UTC] PHP Warning:  Private methods cannot be final as they are never overridden by other classes in /wordpress/wp-content/plugins/wp-repo-tracker/ext/wprecord/WpRecord.php on line 350",
    "log": "/logs/plugins/w/website-monitoring-2/error.json"
  },
  {
    "message": "Private methods cannot be final as they are never overridden by other classes in /wordpress/wp-content/plugins/wp-repo-tracker/ext/wprecord/WpRecord.php on line 409",
    "level": "WARNING",
    "type": "PHP",
    "test": "ast-sqlite-boot",
    "plugin": "website-monitoring-2",
    "details": "[06-May-2025 08:38:16 UTC] PHP Warning:  Private methods cannot be final as they are never overridden by other classes in /wordpress/wp-content/plugins/wp-repo-tracker/ext/wprecord/WpRecord.php on line 409",
    "log": "/logs/plugins/w/website-monitoring-2/error.json"
  },
  {
    "message": "Unknown operation: MODIFY.",
    "level": "FATAL",
    "type": "SQL",
    "test": "ast-sqlite-boot",
    "plugin": "website-monitoring-2",
    "details": "[06-May-2025 08:38:16 UTC] WordPress database error <div style=\"clear:both\">&nbsp;</div>\n<div class=\"queries\" style=\"clear:both;margin-bottom:2px;border:red dotted thin;\">\n<p>MySQL query:</p>\n<p>ALTER TABLE `wp_repoissue` MODIFY id integer not null auto_increment</p>\n<p>Queries made or created this session were:</p>\n<ol>\n<li>Executing: BEGIN | (no parameters)</li>\n<li>Executing: ROLLBACK | (no parameters)</li>\n</ol>\n</div>\n<div style=\"clear:both;margin-bottom:2px;border:red dotted thin;\" class=\"error_message\" style=\"border-bottom:dotted blue thin;\">\nError occurred at line 4117 in Function <code>handle_error</code>. Error message was: Unknown operation: MODIFY.\n</div>\n<p>Backtrace:</p>\n<pre>#0 /internal/shared/sqlite-database-integration/wp-includes/sqlite/class-wp-sqlite-db.php(287): WP_SQLite_Translator->get_error_message()\n#1 /wordpress/wp-includes/class-wpdb.php(3146): WP_SQLite_DB->query('ALTER TABLE `wp...')\n#2 /wordpress/wp-content/plugins/wp-repo-tracker/ext/wprecord/WpRecord.php(369): wpdb->get_results('ALTER TABLE `wp...', 'ARRAY_A')\n#3 /wordpress/wp-content/plugins/wp-repo-tracker/ext/wprecord/WpRecord.php(131): WpRecord::query('ALTER TABLE `wp...')\n#4 /wordpress/wp-content/plugins/wp-repo-tracker/src/plugin/RepoTrackerPlugin.php(36): WpRecord::install()\n#5 /wordpress/wp-includes/class-wp-hook.php(324): repotracker\\RepoTrackerPlugin->activate(false)\n#6 /wordpress/wp-includes/class-wp-hook.php(348): WP_Hook->apply_filters('', Array)\n#7 /wordpress/wp-includes/plugin.php(517): WP_Hook->do_action(Array)\n#8 /wordpress/wp-admin/includes/plugin.php(703): do_action('activate_wp-rep...', false)\n#9 /internal/eval.php(20): activate_plugin('wp-repo-tracker...')\n#10 {main}</pre>\n for query ALTER TABLE `wp_repoissue` MODIFY id integer not null auto_increment made by activate_plugin, do_action('activate_wp-repo-tracker/wp-repo-tracker.php'), WP_Hook->do_action, WP_Hook->apply_filters, repotracker\\RepoTrackerPlugin->activate, WpRecord::install, WpRecord::query, WP_SQLite_DB->query, WP_SQLite_DB->print_error",
    "log": "/logs/plugins/w/website-monitoring-2/error.json"
  },
  {
    "message": "Uncaught Exception: <div style=\"clear:both\">&nbsp;</div>",
    "level": "FATAL",
    "type": "PHP",
    "test": "ast-sqlite-boot",
    "plugin": "website-monitoring-2",
    "details": "[06-May-2025 08:38:16 UTC] PHP Fatal error:  Uncaught Exception: <div style=\"clear:both\">&nbsp;</div>\n<div class=\"queries\" style=\"clear:both;margin-bottom:2px;border:red dotted thin;\">\n<p>MySQL query:</p>\n<p>ALTER TABLE `wp_repoissue` MODIFY id integer not null auto_increment</p>\n<p>Queries made or created this session were:</p>\n<ol>\n<li>Executing: BEGIN | (no parameters)</li>\n<li>Executing: ROLLBACK | (no parameters)</li>\n</ol>\n</div>\n<div style=\"clear:both;margin-bottom:2px;border:red dotted thin;\" class=\"error_message\" style=\"border-bottom:dotted blue thin;\">\nError occurred at line 4117 in Function <code>handle_error</code>. Error message was: Unknown operation: MODIFY.\n</div>\n<p>Backtrace:</p>\n<pre>#0 /internal/shared/sqlite-database-integration/wp-includes/sqlite/class-wp-sqlite-db.php(287): WP_SQLite_Translator->get_error_message()\n#1 /wordpress/wp-includes/class-wpdb.php(3146): WP_SQLite_DB->query('ALTER TABLE `wp...')\n#2 /wordpress/wp-content/plugins/wp-repo-tracker/ext/wprecord/WpRecord.php(369): wpdb->get_results('ALTER TABLE `wp...', 'ARRAY_A')\n#3 /wordpress/wp-content/plugins/wp-repo-tracker/ext/wprecord/WpRecord.php(131): WpRecord::query('ALTER TABLE `wp...')\n#4 /wordpress/wp-content/plugins/wp-repo-tracker/src/plugin/RepoTrackerPlugin.php(36): WpRecord::install()\n#5 /wordpress/wp-includes/class-wp-hook.php(324): repotracker\\RepoTrackerPlugin->activate(false)\n#6 /wordpress/wp-includes/class-wp-hook.php(348): WP_Hook->apply_filters('', Array)\n#7 /wordpress/wp-includes/plugin.php(517): WP_Hook->do_action(Array)\n#8 /wordpress/wp-admin/includes/plugin.php(703): do_action('activate_wp-rep...', false)\n#9 /internal/eval.php(20): activate_plugin('wp-repo-tracker...')\n#10 {main}</pre>\n in /wordpress/wp-content/plugins/wp-repo-tracker/ext/wprecord/WpRecord.php:371\nStack trace:\n#0 /wordpress/wp-content/plugins/wp-repo-tracker/ext/wprecord/WpRecord.php(131): WpRecord::query('ALTER TABLE `wp...')\n#1 /wordpress/wp-content/plugins/wp-repo-tracker/src/plugin/RepoTrackerPlugin.php(36): WpRecord::install()\n#2 /wordpress/wp-includes/class-wp-hook.php(324): repotracker\\RepoTrackerPlugin->activate(false)\n#3 /wordpress/wp-includes/class-wp-hook.php(348): WP_Hook->apply_filters('', Array)\n#4 /wordpress/wp-includes/plugin.php(517): WP_Hook->do_action(Array)\n#5 /wordpress/wp-admin/includes/plugin.php(703): do_action('activate_wp-rep...', false)\n#6 /internal/eval.php(20): activate_plugin('wp-repo-tracker...')\n#7 {main}\n  thrown in /wordpress/wp-content/plugins/wp-repo-tracker/ext/wprecord/WpRecord.php on line 371",
    "log": "/logs/plugins/w/website-monitoring-2/error.json"
  },
  {
    "message": "Constant RWMB_URL already defined in /wordpress/wp-content/plugins/wp-repo-tracker/ext/meta-box/inc/loader.php on line 27",
    "level": "WARNING",
    "type": "PHP",
    "test": "ast-sqlite-boot",
    "plugin": "website-monitoring-2",
    "details": "[06-May-2025 08:38:24 UTC] PHP Warning:  Constant RWMB_URL already defined in /wordpress/wp-content/plugins/wp-repo-tracker/ext/meta-box/inc/loader.php on line 27",
    "log": "/logs/plugins/w/website-monitoring-2/error.json"
  },
  {
    "message": "Function register_uninstall_hook was called <strong>incorrectly</strong>. Only a static class method or function can be used in an uninstall hook. Please see <a href=\"https://developer.wordpress.org/advanced-administration/debug/debug-wordpress/\">Debugging in WordPress</a> for more information. (This message was added in version 3.1.0.) in /wordpress/wp-includes/functions.php on line 6121",
    "level": "NOTICE",
    "type": "PHP",
    "test": "ast-sqlite-boot",
    "plugin": "website-monitoring-2",
    "details": "[06-May-2025 08:38:24 UTC] PHP Notice:  Function register_uninstall_hook was called <strong>incorrectly</strong>. Only a static class method or function can be used in an uninstall hook. Please see <a href=\"https://developer.wordpress.org/advanced-administration/debug/debug-wordpress/\">Debugging in WordPress</a> for more information. (This message was added in version 3.1.0.) in /wordpress/wp-includes/functions.php on line 6121",
    "log": "/logs/plugins/w/website-monitoring-2/error.json"
  },
  {
    "message": "Private methods cannot be final as they are never overridden by other classes in /wordpress/wp-content/plugins/wp-repo-tracker/ext/wprecord/WpRecord.php on line 75",
    "level": "WARNING",
    "type": "PHP",
    "test": "ast-sqlite-boot",
    "plugin": "website-monitoring-2",
    "details": "[06-May-2025 08:38:24 UTC] PHP Warning:  Private methods cannot be final as they are never overridden by other classes in /wordpress/wp-content/plugins/wp-repo-tracker/ext/wprecord/WpRecord.php on line 75",
    "log": "/logs/plugins/w/website-monitoring-2/error.json"
  },
  {
    "message": "Private methods cannot be final as they are never overridden by other classes in /wordpress/wp-content/plugins/wp-repo-tracker/ext/wprecord/WpRecord.php on line 336",
    "level": "WARNING",
    "type": "PHP",
    "test": "ast-sqlite-boot",
    "plugin": "website-monitoring-2",
    "details": "[06-May-2025 08:38:24 UTC] PHP Warning:  Private methods cannot be final as they are never overridden by other classes in /wordpress/wp-content/plugins/wp-repo-tracker/ext/wprecord/WpRecord.php on line 336",
    "log": "/logs/plugins/w/website-monitoring-2/error.json"
  },
  {
    "message": "Private methods cannot be final as they are never overridden by other classes in /wordpress/wp-content/plugins/wp-repo-tracker/ext/wprecord/WpRecord.php on line 350",
    "level": "WARNING",
    "type": "PHP",
    "test": "ast-sqlite-boot",
    "plugin": "website-monitoring-2",
    "details": "[06-May-2025 08:38:24 UTC] PHP Warning:  Private methods cannot be final as they are never overridden by other classes in /wordpress/wp-content/plugins/wp-repo-tracker/ext/wprecord/WpRecord.php on line 350",
    "log": "/logs/plugins/w/website-monitoring-2/error.json"
  },
  {
    "message": "Private methods cannot be final as they are never overridden by other classes in /wordpress/wp-content/plugins/wp-repo-tracker/ext/wprecord/WpRecord.php on line 409",
    "level": "WARNING",
    "type": "PHP",
    "test": "ast-sqlite-boot",
    "plugin": "website-monitoring-2",
    "details": "[06-May-2025 08:38:24 UTC] PHP Warning:  Private methods cannot be final as they are never overridden by other classes in /wordpress/wp-content/plugins/wp-repo-tracker/ext/wprecord/WpRecord.php on line 409",
    "log": "/logs/plugins/w/website-monitoring-2/error.json"
  },
  {
    "message": "Unknown operation: MODIFY.",
    "level": "FATAL",
    "type": "SQL",
    "test": "ast-sqlite-boot",
    "plugin": "website-monitoring-2",
    "details": "[06-May-2025 08:38:24 UTC] WordPress database error <div style=\"clear:both\">&nbsp;</div>\n<div class=\"queries\" style=\"clear:both;margin-bottom:2px;border:red dotted thin;\">\n<p>MySQL query:</p>\n<p>ALTER TABLE `wp_repoissue` MODIFY id integer not null auto_increment</p>\n<p>Queries made or created this session were:</p>\n<ol>\n<li>Executing: BEGIN | (no parameters)</li>\n<li>Executing: ROLLBACK | (no parameters)</li>\n</ol>\n</div>\n<div style=\"clear:both;margin-bottom:2px;border:red dotted thin;\" class=\"error_message\" style=\"border-bottom:dotted blue thin;\">\nError occurred at line 4117 in Function <code>handle_error</code>. Error message was: Unknown operation: MODIFY.\n</div>\n<p>Backtrace:</p>\n<pre>#0 /internal/shared/sqlite-database-integration/wp-includes/sqlite/class-wp-sqlite-db.php(287): WP_SQLite_Translator->get_error_message()\n#1 /wordpress/wp-includes/class-wpdb.php(3146): WP_SQLite_DB->query('ALTER TABLE `wp...')\n#2 /wordpress/wp-content/plugins/wp-repo-tracker/ext/wprecord/WpRecord.php(369): wpdb->get_results('ALTER TABLE `wp...', 'ARRAY_A')\n#3 /wordpress/wp-content/plugins/wp-repo-tracker/ext/wprecord/WpRecord.php(131): WpRecord::query('ALTER TABLE `wp...')\n#4 /wordpress/wp-content/plugins/wp-repo-tracker/src/plugin/RepoTrackerPlugin.php(36): WpRecord::install()\n#5 /wordpress/wp-includes/class-wp-hook.php(324): repotracker\\RepoTrackerPlugin->activate(false)\n#6 /wordpress/wp-includes/class-wp-hook.php(348): WP_Hook->apply_filters('', Array)\n#7 /wordpress/wp-includes/plugin.php(517): WP_Hook->do_action(Array)\n#8 /wordpress/wp-admin/includes/plugin.php(703): do_action('activate_wp-rep...', false)\n#9 /internal/eval.php(20): activate_plugin('wp-repo-tracker...')\n#10 {main}</pre>\n for query ALTER TABLE `wp_repoissue` MODIFY id integer not null auto_increment made by activate_plugin, do_action('activate_wp-repo-tracker/wp-repo-tracker.php'), WP_Hook->do_action, WP_Hook->apply_filters, repotracker\\RepoTrackerPlugin->activate, WpRecord::install, WpRecord::query, WP_SQLite_DB->query, WP_SQLite_DB->print_error",
    "log": "/logs/plugins/w/website-monitoring-2/error.json"
  },
  {
    "message": "Uncaught Exception: <div style=\"clear:both\">&nbsp;</div>",
    "level": "FATAL",
    "type": "PHP",
    "test": "ast-sqlite-boot",
    "plugin": "website-monitoring-2",
    "details": "[06-May-2025 08:38:24 UTC] PHP Fatal error:  Uncaught Exception: <div style=\"clear:both\">&nbsp;</div>\n<div class=\"queries\" style=\"clear:both;margin-bottom:2px;border:red dotted thin;\">\n<p>MySQL query:</p>\n<p>ALTER TABLE `wp_repoissue` MODIFY id integer not null auto_increment</p>\n<p>Queries made or created this session were:</p>\n<ol>\n<li>Executing: BEGIN | (no parameters)</li>\n<li>Executing: ROLLBACK | (no parameters)</li>\n</ol>\n</div>\n<div style=\"clear:both;margin-bottom:2px;border:red dotted thin;\" class=\"error_message\" style=\"border-bottom:dotted blue thin;\">\nError occurred at line 4117 in Function <code>handle_error</code>. Error message was: Unknown operation: MODIFY.\n</div>\n<p>Backtrace:</p>\n<pre>#0 /internal/shared/sqlite-database-integration/wp-includes/sqlite/class-wp-sqlite-db.php(287): WP_SQLite_Translator->get_error_message()\n#1 /wordpress/wp-includes/class-wpdb.php(3146): WP_SQLite_DB->query('ALTER TABLE `wp...')\n#2 /wordpress/wp-content/plugins/wp-repo-tracker/ext/wprecord/WpRecord.php(369): wpdb->get_results('ALTER TABLE `wp...', 'ARRAY_A')\n#3 /wordpress/wp-content/plugins/wp-repo-tracker/ext/wprecord/WpRecord.php(131): WpRecord::query('ALTER TABLE `wp...')\n#4 /wordpress/wp-content/plugins/wp-repo-tracker/src/plugin/RepoTrackerPlugin.php(36): WpRecord::install()\n#5 /wordpress/wp-includes/class-wp-hook.php(324): repotracker\\RepoTrackerPlugin->activate(false)\n#6 /wordpress/wp-includes/class-wp-hook.php(348): WP_Hook->apply_filters('', Array)\n#7 /wordpress/wp-includes/plugin.php(517): WP_Hook->do_action(Array)\n#8 /wordpress/wp-admin/includes/plugin.php(703): do_action('activate_wp-rep...', false)\n#9 /internal/eval.php(20): activate_plugin('wp-repo-tracker...')\n#10 {main}</pre>\n in /wordpress/wp-content/plugins/wp-repo-tracker/ext/wprecord/WpRecord.php:371\nStack trace:\n#0 /wordpress/wp-content/plugins/wp-repo-tracker/ext/wprecord/WpRecord.php(131): WpRecord::query('ALTER TABLE `wp...')\n#1 /wordpress/wp-content/plugins/wp-repo-tracker/src/plugin/RepoTrackerPlugin.php(36): WpRecord::install()\n#2 /wordpress/wp-includes/class-wp-hook.php(324): repotracker\\RepoTrackerPlugin->activate(false)\n#3 /wordpress/wp-includes/class-wp-hook.php(348): WP_Hook->apply_filters('', Array)\n#4 /wordpress/wp-includes/plugin.php(517): WP_Hook->do_action(Array)\n#5 /wordpress/wp-admin/includes/plugin.php(703): do_action('activate_wp-rep...', false)\n#6 /internal/eval.php(20): activate_plugin('wp-repo-tracker...')\n#7 {main}\n  thrown in /wordpress/wp-content/plugins/wp-repo-tracker/ext/wprecord/WpRecord.php on line 371",
    "log": "/logs/plugins/w/website-monitoring-2/error.json"
  },
  {
    "message": "Function _load_textdomain_just_in_time was called <strong>incorrectly</strong>. Translation loading for the <code>woocommerce</code> domain was triggered too early. This is usually an indicator for some code in the plugin or theme running too early. Translations should be loaded at the <code>init</code> action or later. Please see <a href=\"https://developer.wordpress.org/advanced-administration/debug/debug-wordpress/\">Debugging in WordPress</a> for more information. (This message was added in version 6.7.0.) in /wordpress/wp-includes/functions.php on line 6121",
    "level": "NOTICE",
    "type": "PHP",
    "test": "ast-sqlite-boot",
    "plugin": "website-monitoring-2",
    "details": "[06-May-2025 08:39:49 UTC] PHP Notice:  Function _load_textdomain_just_in_time was called <strong>incorrectly</strong>. Translation loading for the <code>woocommerce</code> domain was triggered too early. This is usually an indicator for some code in the plugin or theme running too early. Translations should be loaded at the <code>init</code> action or later. Please see <a href=\"https://developer.wordpress.org/advanced-administration/debug/debug-wordpress/\">Debugging in WordPress</a> for more information. (This message was added in version 6.7.0.) in /wordpress/wp-includes/functions.php on line 6121",
    "log": "/logs/plugins/w/website-monitoring-2/error.json"
  },
  {
    "message": "Function _load_textdomain_just_in_time was called <strong>incorrectly</strong>. Translation loading for the <code>woocommerce</code> domain was triggered too early. This is usually an indicator for some code in the plugin or theme running too early. Translations should be loaded at the <code>init</code> action or later. Please see <a href=\"https://developer.wordpress.org/advanced-administration/debug/debug-wordpress/\">Debugging in WordPress</a> for more information. (This message was added in version 6.7.0.) in /wordpress/wp-includes/functions.php on line 6121",
    "level": "NOTICE",
    "type": "PHP",
    "test": "ast-sqlite-boot",
    "plugin": "website-monitoring-2",
    "details": "[06-May-2025 08:40:29 UTC] PHP Notice:  Function _load_textdomain_just_in_time was called <strong>incorrectly</strong>. Translation loading for the <code>woocommerce</code> domain was triggered too early. This is usually an indicator for some code in the plugin or theme running too early. Translations should be loaded at the <code>init</code> action or later. Please see <a href=\"https://developer.wordpress.org/advanced-administration/debug/debug-wordpress/\">Debugging in WordPress</a> for more information. (This message was added in version 6.7.0.) in /wordpress/wp-includes/functions.php on line 6121",
    "log": "/logs/plugins/w/website-monitoring-2/error.json"
  },
  {
    "message": "Function _load_textdomain_just_in_time was called <strong>incorrectly</strong>. Translation loading for the <code>woocommerce</code> domain was triggered too early. This is usually an indicator for some code in the plugin or theme running too early. Translations should be loaded at the <code>init</code> action or later. Please see <a href=\"https://developer.wordpress.org/advanced-administration/debug/debug-wordpress/\">Debugging in WordPress</a> for more information. (This message was added in version 6.7.0.) in /wordpress/wp-includes/functions.php on line 6121",
    "level": "NOTICE",
    "type": "PHP",
    "test": "ast-sqlite-boot",
    "plugin": "website-monitoring-2",
    "details": "[06-May-2025 08:41:08 UTC] PHP Notice:  Function _load_textdomain_just_in_time was called <strong>incorrectly</strong>. Translation loading for the <code>woocommerce</code> domain was triggered too early. This is usually an indicator for some code in the plugin or theme running too early. Translations should be loaded at the <code>init</code> action or later. Please see <a href=\"https://developer.wordpress.org/advanced-administration/debug/debug-wordpress/\">Debugging in WordPress</a> for more information. (This message was added in version 6.7.0.) in /wordpress/wp-includes/functions.php on line 6121",
    "log": "/logs/plugins/w/website-monitoring-2/error.json"
  },
  {
    "message": "Function _load_textdomain_just_in_time was called <strong>incorrectly</strong>. Translation loading for the <code>wp-embed-facebook</code> domain was triggered too early. This is usually an indicator for some code in the plugin or theme running too early. Translations should be loaded at the <code>init</code> action or later. Please see <a href=\"https://developer.wordpress.org/advanced-administration/debug/debug-wordpress/\">Debugging in WordPress</a> for more information. (This message was added in version 6.7.0.) in /wordpress/wp-includes/functions.php on line 6121",
    "level": "NOTICE",
    "type": "PHP",
    "test": "ast-sqlite-boot",
    "plugin": "website-monitoring-2",
    "details": "[06-May-2025 08:41:49 UTC] PHP Notice:  Function _load_textdomain_just_in_time was called <strong>incorrectly</strong>. Translation loading for the <code>wp-embed-facebook</code> domain was triggered too early. This is usually an indicator for some code in the plugin or theme running too early. Translations should be loaded at the <code>init</code> action or later. Please see <a href=\"https://developer.wordpress.org/advanced-administration/debug/debug-wordpress/\">Debugging in WordPress</a> for more information. (This message was added in version 6.7.0.) in /wordpress/wp-includes/functions.php on line 6121",
    "log": "/logs/plugins/w/website-monitoring-2/error.json"
  },
  {
    "message": "Function _load_textdomain_just_in_time was called <strong>incorrectly</strong>. Translation loading for the <code>wp-embed-facebook</code> domain was triggered too early. This is usually an indicator for some code in the plugin or theme running too early. Translations should be loaded at the <code>init</code> action or later. Please see <a href=\"https://developer.wordpress.org/advanced-administration/debug/debug-wordpress/\">Debugging in WordPress</a> for more information. (This message was added in version 6.7.0.) in /wordpress/wp-includes/functions.php on line 6121",
    "level": "NOTICE",
    "type": "PHP",
    "test": "ast-sqlite-boot",
    "plugin": "website-monitoring-2",
    "details": "[06-May-2025 08:41:58 UTC] PHP Notice:  Function _load_textdomain_just_in_time was called <strong>incorrectly</strong>. Translation loading for the <code>wp-embed-facebook</code> domain was triggered too early. This is usually an indicator for some code in the plugin or theme running too early. Translations should be loaded at the <code>init</code> action or later. Please see <a href=\"https://developer.wordpress.org/advanced-administration/debug/debug-wordpress/\">Debugging in WordPress</a> for more information. (This message was added in version 6.7.0.) in /wordpress/wp-includes/functions.php on line 6121",
    "log": "/logs/plugins/w/website-monitoring-2/error.json"
  },
  {
    "message": "Function _load_textdomain_just_in_time was called <strong>incorrectly</strong>. Translation loading for the <code>wp-embed-facebook</code> domain was triggered too early. This is usually an indicator for some code in the plugin or theme running too early. Translations should be loaded at the <code>init</code> action or later. Please see <a href=\"https://developer.wordpress.org/advanced-administration/debug/debug-wordpress/\">Debugging in WordPress</a> for more information. (This message was added in version 6.7.0.) in /wordpress/wp-includes/functions.php on line 6121",
    "level": "NOTICE",
    "type": "PHP",
    "test": "ast-sqlite-boot",
    "plugin": "website-monitoring-2",
    "details": "[06-May-2025 08:42:07 UTC] PHP Notice:  Function _load_textdomain_just_in_time was called <strong>incorrectly</strong>. Translation loading for the <code>wp-embed-facebook</code> domain was triggered too early. This is usually an indicator for some code in the plugin or theme running too early. Translations should be loaded at the <code>init</code> action or later. Please see <a href=\"https://developer.wordpress.org/advanced-administration/debug/debug-wordpress/\">Debugging in WordPress</a> for more information. (This message was added in version 6.7.0.) in /wordpress/wp-includes/functions.php on line 6121",
    "log": "/logs/plugins/w/website-monitoring-2/error.json"
  },
  {
    "message": "Undefined variable $wpdb in /wordpress/wp-content/plugins/wp-flock/wp-flock.php on line 47",
    "level": "WARNING",
    "type": "PHP",
    "test": "ast-sqlite-boot",
    "plugin": "website-monitoring-2",
    "details": "[06-May-2025 08:42:16 UTC] PHP Warning:  Undefined variable $wpdb in /wordpress/wp-content/plugins/wp-flock/wp-flock.php on line 47",
    "log": "/logs/plugins/w/website-monitoring-2/error.json"
  },
  {
    "message": "Attempt to read property \"prefix\" on null in /wordpress/wp-content/plugins/wp-flock/wp-flock.php on line 47",
    "level": "WARNING",
    "type": "PHP",
    "test": "ast-sqlite-boot",
    "plugin": "website-monitoring-2",
    "details": "[06-May-2025 08:42:16 UTC] PHP Warning:  Attempt to read property \"prefix\" on null in /wordpress/wp-content/plugins/wp-flock/wp-flock.php on line 47",
    "log": "/logs/plugins/w/website-monitoring-2/error.json"
  },
  {
    "message": "Uncaught Error: Attempt to assign property \"flgroups\" on null in /wordpress/wp-content/plugins/wp-flock/wp-flock.php:47",
    "level": "FATAL",
    "type": "PHP",
    "test": "ast-sqlite-boot",
    "plugin": "website-monitoring-2",
    "details": "[06-May-2025 08:42:16 UTC] PHP Fatal error:  Uncaught Error: Attempt to assign property \"flgroups\" on null in /wordpress/wp-content/plugins/wp-flock/wp-flock.php:47\nStack trace:\n#0 /wordpress/wp-admin/includes/plugin.php(2387): include_once()\n#1 /wordpress/wp-admin/includes/plugin.php(673): plugin_sandbox_scrape('wp-flock/wp-flo...')\n#2 /internal/eval.php(20): activate_plugin('wp-flock/wp-flo...')\n#3 {main}\n  thrown in /wordpress/wp-content/plugins/wp-flock/wp-flock.php on line 47",
    "log": "/logs/plugins/w/website-monitoring-2/error.json"
  },
  {
    "message": "Undefined variable $wpdb in /wordpress/wp-content/plugins/wp-flock/wp-flock.php on line 47",
    "level": "WARNING",
    "type": "PHP",
    "test": "ast-sqlite-boot",
    "plugin": "website-monitoring-2",
    "details": "[06-May-2025 08:42:23 UTC] PHP Warning:  Undefined variable $wpdb in /wordpress/wp-content/plugins/wp-flock/wp-flock.php on line 47",
    "log": "/logs/plugins/w/website-monitoring-2/error.json"
  },
  {
    "message": "Attempt to read property \"prefix\" on null in /wordpress/wp-content/plugins/wp-flock/wp-flock.php on line 47",
    "level": "WARNING",
    "type": "PHP",
    "test": "ast-sqlite-boot",
    "plugin": "website-monitoring-2",
    "details": "[06-May-2025 08:42:23 UTC] PHP Warning:  Attempt to read property \"prefix\" on null in /wordpress/wp-content/plugins/wp-flock/wp-flock.php on line 47",
    "log": "/logs/plugins/w/website-monitoring-2/error.json"
  },
  {
    "message": "Uncaught Error: Attempt to assign property \"flgroups\" on null in /wordpress/wp-content/plugins/wp-flock/wp-flock.php:47",
    "level": "FATAL",
    "type": "PHP",
    "test": "ast-sqlite-boot",
    "plugin": "website-monitoring-2",
    "details": "[06-May-2025 08:42:23 UTC] PHP Fatal error:  Uncaught Error: Attempt to assign property \"flgroups\" on null in /wordpress/wp-content/plugins/wp-flock/wp-flock.php:47\nStack trace:\n#0 /wordpress/wp-admin/includes/plugin.php(2387): include_once()\n#1 /wordpress/wp-admin/includes/plugin.php(673): plugin_sandbox_scrape('wp-flock/wp-flo...')\n#2 /internal/eval.php(20): activate_plugin('wp-flock/wp-flo...')\n#3 {main}\n  thrown in /wordpress/wp-content/plugins/wp-flock/wp-flock.php on line 47",
    "log": "/logs/plugins/w/website-monitoring-2/error.json"
  },
  {
    "message": "Undefined variable $wpdb in /wordpress/wp-content/plugins/wp-flock/wp-flock.php on line 47",
    "level": "WARNING",
    "type": "PHP",
    "test": "ast-sqlite-boot",
    "plugin": "website-monitoring-2",
    "details": "[06-May-2025 08:42:31 UTC] PHP Warning:  Undefined variable $wpdb in /wordpress/wp-content/plugins/wp-flock/wp-flock.php on line 47",
    "log": "/logs/plugins/w/website-monitoring-2/error.json"
  },
  {
    "message": "Attempt to read property \"prefix\" on null in /wordpress/wp-content/plugins/wp-flock/wp-flock.php on line 47",
    "level": "WARNING",
    "type": "PHP",
    "test": "ast-sqlite-boot",
    "plugin": "website-monitoring-2",
    "details": "[06-May-2025 08:42:31 UTC] PHP Warning:  Attempt to read property \"prefix\" on null in /wordpress/wp-content/plugins/wp-flock/wp-flock.php on line 47",
    "log": "/logs/plugins/w/website-monitoring-2/error.json"
  },
  {
    "message": "Uncaught Error: Attempt to assign property \"flgroups\" on null in /wordpress/wp-content/plugins/wp-flock/wp-flock.php:47",
    "level": "FATAL",
    "type": "PHP",
    "test": "ast-sqlite-boot",
    "plugin": "website-monitoring-2",
    "details": "[06-May-2025 08:42:31 UTC] PHP Fatal error:  Uncaught Error: Attempt to assign property \"flgroups\" on null in /wordpress/wp-content/plugins/wp-flock/wp-flock.php:47\nStack trace:\n#0 /wordpress/wp-admin/includes/plugin.php(2387): include_once()\n#1 /wordpress/wp-admin/includes/plugin.php(673): plugin_sandbox_scrape('wp-flock/wp-flo...')\n#2 /internal/eval.php(20): activate_plugin('wp-flock/wp-flo...')\n#3 {main}\n  thrown in /wordpress/wp-content/plugins/wp-flock/wp-flock.php on line 47\n\n    at Object.onBind (file:///home/runner/work/playground-tester/playground-tester/node_modules/@wp-playground/cli/index.js:237:15)\n    at process.processTicksAndRejections (node:internal/process/task_queues:105:5)\n    at async V (file:///home/runner/work/playground-tester/playground-tester/node_modules/@wp-playground/cli/index.js:64:10)\n    at async ja (file:///home/runner/work/playground-tester/playground-tester/node_modules/@wp-playground/cli/cli.js:8161:12) {\n  [cause]: Error: Error when executing the blueprint step #5 ({\"step\":\"installPlugin\",\"pluginData\":{\"resource\":\"wordpress.org/plugins\",\"slug\":\"website-monitoring-2\"},\"options\":{\"activate\":true}}) : Could not download \"https://downloads.wordpress.org/plugin/website-monitoring-2.latest-stable.zip\".\n  \t\t\t\tCheck if the URL is correct and the server is reachable.\n  \t\t\t\tIf it is reachable, the server might be blocking the request.\n  \t\t\t\tCheck the browser console and network tabs for more information.\n  \n  \t\t\t\t## Does the console show the error \"No 'Access-Control-Allow-Origin' header\"?\n  \n  \t\t\t\tThis means the server that hosts your file does not allow requests from other sites\n  \t\t\t\t(cross-origin requests, or CORS).\tYou need to move the asset to a server that allows\n  \t\t\t\tcross-origin file downloads. Learn more about CORS at\n  \t\t\t\thttps://developer.mozilla.org/en-US/docs/Web/HTTP/CORS.\n  \n  \t\t\t\tIf your file is on GitHub, load it from \"raw.githubusercontent.com\".\n  \t\t\t\tHere's how to do that:\n  \n  \t\t\t\t1. Start with the original GitHub URL of the file. For example:\n  \t\t\t\thttps://github.com/username/repository/blob/branch/filename.\n  \t\t\t\t2. Replace \"github.com\" with \"raw.githubusercontent.com\".\n  \t\t\t\t3. Remove the \"/blob/\" part of the URL.\n  \n  \t\t\t\tThe resulting URL should look like this:\n  \t\t\t\thttps://raw.githubusercontent.com/username/repository/branch/filename\n  \n  \t\t\t\tError:\n  \t\t\t\tError: Could not download \"https://downloads.wordpress.org/plugin/website-monitoring-2.latest-stable.zip\"\n      at Object.run (file:///home/runner/work/playground-tester/playground-tester/node_modules/@wp-playground/blueprints/index.js:12449:19)\n      at process.processTicksAndRejections (node:internal/process/task_queues:105:5)\n      at async ms (file:///home/runner/work/playground-tester/playground-tester/node_modules/@wp-playground/blueprints/index.js:12552:3)\n      at async Object.onBind (file:///home/runner/work/playground-tester/playground-tester/node_modules/@wp-playground/cli/index.js:227:48)\n      at async V (file:///home/runner/work/playground-tester/playground-tester/node_modules/@wp-playground/cli/index.js:64:10)\n      at async ja (file:///home/runner/work/playground-tester/playground-tester/node_modules/@wp-playground/cli/cli.js:8161:12) {\n    [cause]: Error: Could not download \"https://downloads.wordpress.org/plugin/website-monitoring-2.latest-stable.zip\".\n    \t\t\t\tCheck if the URL is correct and the server is reachable.\n    \t\t\t\tIf it is reachable, the server might be blocking the request.\n    \t\t\t\tCheck the browser console and network tabs for more information.\n    \n    \t\t\t\t## Does the console show the error \"No 'Access-Control-Allow-Origin' header\"?\n    \n    \t\t\t\tThis means the server that hosts your file does not allow requests from other sites\n    \t\t\t\t(cross-origin requests, or CORS).\tYou need to move the asset to a server that allows\n    \t\t\t\tcross-origin file downloads. Learn more about CORS at\n    \t\t\t\thttps://developer.mozilla.org/en-US/docs/Web/HTTP/CORS.\n    \n    \t\t\t\tIf your file is on GitHub, load it from \"raw.githubusercontent.com\".\n    \t\t\t\tHere's how to do that:\n    \n    \t\t\t\t1. Start with the original GitHub URL of the file. For example:\n    \t\t\t\thttps://github.com/username/repository/blob/branch/filename.\n    \t\t\t\t2. Replace \"github.com\" with \"raw.githubusercontent.com\".\n    \t\t\t\t3. Remove the \"/blob/\" part of the URL.\n    \n    \t\t\t\tThe resulting URL should look like this:\n    \t\t\t\thttps://raw.githubusercontent.com/username/repository/branch/filename\n    \n    \t\t\t\tError:\n    \t\t\t\tError: Could not download \"https://downloads.wordpress.org/plugin/website-monitoring-2.latest-stable.zip\"\n        at Ct.resolve (file:///home/runner/work/playground-tester/playground-tester/node_modules/@wp-playground/blueprints/index.js:1472:13)\n        at process.processTicksAndRejections (node:internal/process/task_queues:105:5)\n        at async _.run (file:///home/runner/work/playground-tester/playground-tester/node_modules/@php-wasm/util/index.js:45:14)\n  }\n}\n\n",
    "log": "/logs/plugins/w/website-monitoring-2/error.json"
  },
  {
    "message": "file:///home/runner/work/playground-tester/playground-tester/node_modules/@wp-playground/cli/index.js:237\n        throw new Error(y, { cause: u });\n              ^\n",
    "level": "FATAL",
    "type": "PLAYGROUND",
    "test": "asyncify-boot",
    "plugin": "website-monitoring-2",
    "details": "file:///home/runner/work/playground-tester/playground-tester/node_modules/@wp-playground/cli/index.js:237\n        throw new Error(y, { cause: u });\n              ^\n",
    "log": "/tmp/tmp.dSlv3v27AW"
  },
  {
    "message": "Constant RWMB_URL already defined in /wordpress/wp-content/plugins/wp-repo-tracker/ext/meta-box/inc/loader.php on line 27",
    "level": "WARNING",
    "type": "PHP",
    "test": "asyncify-boot",
    "plugin": "website-monitoring-2",
    "details": "[06-May-2025 08:38:06 UTC] PHP Warning:  Constant RWMB_URL already defined in /wordpress/wp-content/plugins/wp-repo-tracker/ext/meta-box/inc/loader.php on line 27",
    "log": "/logs/plugins/w/website-monitoring-2/error.json"
  },
  {
    "message": "Function register_uninstall_hook was called <strong>incorrectly</strong>. Only a static class method or function can be used in an uninstall hook. Please see <a href=\"https://developer.wordpress.org/advanced-administration/debug/debug-wordpress/\">Debugging in WordPress</a> for more information. (This message was added in version 3.1.0.) in /wordpress/wp-includes/functions.php on line 6121",
    "level": "NOTICE",
    "type": "PHP",
    "test": "asyncify-boot",
    "plugin": "website-monitoring-2",
    "details": "[06-May-2025 08:38:06 UTC] PHP Notice:  Function register_uninstall_hook was called <strong>incorrectly</strong>. Only a static class method or function can be used in an uninstall hook. Please see <a href=\"https://developer.wordpress.org/advanced-administration/debug/debug-wordpress/\">Debugging in WordPress</a> for more information. (This message was added in version 3.1.0.) in /wordpress/wp-includes/functions.php on line 6121",
    "log": "/logs/plugins/w/website-monitoring-2/error.json"
  },
  {
    "message": "Private methods cannot be final as they are never overridden by other classes in /wordpress/wp-content/plugins/wp-repo-tracker/ext/wprecord/WpRecord.php on line 75",
    "level": "WARNING",
    "type": "PHP",
    "test": "asyncify-boot",
    "plugin": "website-monitoring-2",
    "details": "[06-May-2025 08:38:06 UTC] PHP Warning:  Private methods cannot be final as they are never overridden by other classes in /wordpress/wp-content/plugins/wp-repo-tracker/ext/wprecord/WpRecord.php on line 75",
    "log": "/logs/plugins/w/website-monitoring-2/error.json"
  },
  {
    "message": "Private methods cannot be final as they are never overridden by other classes in /wordpress/wp-content/plugins/wp-repo-tracker/ext/wprecord/WpRecord.php on line 336",
    "level": "WARNING",
    "type": "PHP",
    "test": "asyncify-boot",
    "plugin": "website-monitoring-2",
    "details": "[06-May-2025 08:38:06 UTC] PHP Warning:  Private methods cannot be final as they are never overridden by other classes in /wordpress/wp-content/plugins/wp-repo-tracker/ext/wprecord/WpRecord.php on line 336",
    "log": "/logs/plugins/w/website-monitoring-2/error.json"
  },
  {
    "message": "Private methods cannot be final as they are never overridden by other classes in /wordpress/wp-content/plugins/wp-repo-tracker/ext/wprecord/WpRecord.php on line 350",
    "level": "WARNING",
    "type": "PHP",
    "test": "asyncify-boot",
    "plugin": "website-monitoring-2",
    "details": "[06-May-2025 08:38:06 UTC] PHP Warning:  Private methods cannot be final as they are never overridden by other classes in /wordpress/wp-content/plugins/wp-repo-tracker/ext/wprecord/WpRecord.php on line 350",
    "log": "/logs/plugins/w/website-monitoring-2/error.json"
  },
  {
    "message": "Private methods cannot be final as they are never overridden by other classes in /wordpress/wp-content/plugins/wp-repo-tracker/ext/wprecord/WpRecord.php on line 409",
    "level": "WARNING",
    "type": "PHP",
    "test": "asyncify-boot",
    "plugin": "website-monitoring-2",
    "details": "[06-May-2025 08:38:06 UTC] PHP Warning:  Private methods cannot be final as they are never overridden by other classes in /wordpress/wp-content/plugins/wp-repo-tracker/ext/wprecord/WpRecord.php on line 409",
    "log": "/logs/plugins/w/website-monitoring-2/error.json"
  },
  {
    "message": "Constant RWMB_URL already defined in /wordpress/wp-content/plugins/wp-repo-tracker/ext/meta-box/inc/loader.php on line 27",
    "level": "WARNING",
    "type": "PHP",
    "test": "asyncify-boot",
    "plugin": "website-monitoring-2",
    "details": "[06-May-2025 08:38:07 UTC] PHP Warning:  Constant RWMB_URL already defined in /wordpress/wp-content/plugins/wp-repo-tracker/ext/meta-box/inc/loader.php on line 27",
    "log": "/logs/plugins/w/website-monitoring-2/error.json"
  },
  {
    "message": "Function register_uninstall_hook was called <strong>incorrectly</strong>. Only a static class method or function can be used in an uninstall hook. Please see <a href=\"https://developer.wordpress.org/advanced-administration/debug/debug-wordpress/\">Debugging in WordPress</a> for more information. (This message was added in version 3.1.0.) in /wordpress/wp-includes/functions.php on line 6121",
    "level": "NOTICE",
    "type": "PHP",
    "test": "asyncify-boot",
    "plugin": "website-monitoring-2",
    "details": "[06-May-2025 08:38:07 UTC] PHP Notice:  Function register_uninstall_hook was called <strong>incorrectly</strong>. Only a static class method or function can be used in an uninstall hook. Please see <a href=\"https://developer.wordpress.org/advanced-administration/debug/debug-wordpress/\">Debugging in WordPress</a> for more information. (This message was added in version 3.1.0.) in /wordpress/wp-includes/functions.php on line 6121",
    "log": "/logs/plugins/w/website-monitoring-2/error.json"
  },
  {
    "message": "Constant RWMB_URL already defined in /wordpress/wp-content/plugins/wp-repo-tracker/ext/meta-box/inc/loader.php on line 27",
    "level": "WARNING",
    "type": "PHP",
    "test": "asyncify-boot",
    "plugin": "website-monitoring-2",
    "details": "[06-May-2025 08:38:16 UTC] PHP Warning:  Constant RWMB_URL already defined in /wordpress/wp-content/plugins/wp-repo-tracker/ext/meta-box/inc/loader.php on line 27",
    "log": "/logs/plugins/w/website-monitoring-2/error.json"
  },
  {
    "message": "Function register_uninstall_hook was called <strong>incorrectly</strong>. Only a static class method or function can be used in an uninstall hook. Please see <a href=\"https://developer.wordpress.org/advanced-administration/debug/debug-wordpress/\">Debugging in WordPress</a> for more information. (This message was added in version 3.1.0.) in /wordpress/wp-includes/functions.php on line 6121",
    "level": "NOTICE",
    "type": "PHP",
    "test": "asyncify-boot",
    "plugin": "website-monitoring-2",
    "details": "[06-May-2025 08:38:16 UTC] PHP Notice:  Function register_uninstall_hook was called <strong>incorrectly</strong>. Only a static class method or function can be used in an uninstall hook. Please see <a href=\"https://developer.wordpress.org/advanced-administration/debug/debug-wordpress/\">Debugging in WordPress</a> for more information. (This message was added in version 3.1.0.) in /wordpress/wp-includes/functions.php on line 6121",
    "log": "/logs/plugins/w/website-monitoring-2/error.json"
  },
  {
    "message": "Private methods cannot be final as they are never overridden by other classes in /wordpress/wp-content/plugins/wp-repo-tracker/ext/wprecord/WpRecord.php on line 75",
    "level": "WARNING",
    "type": "PHP",
    "test": "asyncify-boot",
    "plugin": "website-monitoring-2",
    "details": "[06-May-2025 08:38:16 UTC] PHP Warning:  Private methods cannot be final as they are never overridden by other classes in /wordpress/wp-content/plugins/wp-repo-tracker/ext/wprecord/WpRecord.php on line 75",
    "log": "/logs/plugins/w/website-monitoring-2/error.json"
  },
  {
    "message": "Private methods cannot be final as they are never overridden by other classes in /wordpress/wp-content/plugins/wp-repo-tracker/ext/wprecord/WpRecord.php on line 336",
    "level": "WARNING",
    "type": "PHP",
    "test": "asyncify-boot",
    "plugin": "website-monitoring-2",
    "details": "[06-May-2025 08:38:16 UTC] PHP Warning:  Private methods cannot be final as they are never overridden by other classes in /wordpress/wp-content/plugins/wp-repo-tracker/ext/wprecord/WpRecord.php on line 336",
    "log": "/logs/plugins/w/website-monitoring-2/error.json"
  },
  {
    "message": "Private methods cannot be final as they are never overridden by other classes in /wordpress/wp-content/plugins/wp-repo-tracker/ext/wprecord/WpRecord.php on line 350",
    "level": "WARNING",
    "type": "PHP",
    "test": "asyncify-boot",
    "plugin": "website-monitoring-2",
    "details": "[06-May-2025 08:38:16 UTC] PHP Warning:  Private methods cannot be final as they are never overridden by other classes in /wordpress/wp-content/plugins/wp-repo-tracker/ext/wprecord/WpRecord.php on line 350",
    "log": "/logs/plugins/w/website-monitoring-2/error.json"
  },
  {
    "message": "Private methods cannot be final as they are never overridden by other classes in /wordpress/wp-content/plugins/wp-repo-tracker/ext/wprecord/WpRecord.php on line 409",
    "level": "WARNING",
    "type": "PHP",
    "test": "asyncify-boot",
    "plugin": "website-monitoring-2",
    "details": "[06-May-2025 08:38:16 UTC] PHP Warning:  Private methods cannot be final as they are never overridden by other classes in /wordpress/wp-content/plugins/wp-repo-tracker/ext/wprecord/WpRecord.php on line 409",
    "log": "/logs/plugins/w/website-monitoring-2/error.json"
  },
  {
    "message": "Unknown operation: MODIFY.",
    "level": "FATAL",
    "type": "SQL",
    "test": "asyncify-boot",
    "plugin": "website-monitoring-2",
    "details": "[06-May-2025 08:38:16 UTC] WordPress database error <div style=\"clear:both\">&nbsp;</div>\n<div class=\"queries\" style=\"clear:both;margin-bottom:2px;border:red dotted thin;\">\n<p>MySQL query:</p>\n<p>ALTER TABLE `wp_repoissue` MODIFY id integer not null auto_increment</p>\n<p>Queries made or created this session were:</p>\n<ol>\n<li>Executing: BEGIN | (no parameters)</li>\n<li>Executing: ROLLBACK | (no parameters)</li>\n</ol>\n</div>\n<div style=\"clear:both;margin-bottom:2px;border:red dotted thin;\" class=\"error_message\" style=\"border-bottom:dotted blue thin;\">\nError occurred at line 4117 in Function <code>handle_error</code>. Error message was: Unknown operation: MODIFY.\n</div>\n<p>Backtrace:</p>\n<pre>#0 /internal/shared/sqlite-database-integration/wp-includes/sqlite/class-wp-sqlite-db.php(287): WP_SQLite_Translator->get_error_message()\n#1 /wordpress/wp-includes/class-wpdb.php(3146): WP_SQLite_DB->query('ALTER TABLE `wp...')\n#2 /wordpress/wp-content/plugins/wp-repo-tracker/ext/wprecord/WpRecord.php(369): wpdb->get_results('ALTER TABLE `wp...', 'ARRAY_A')\n#3 /wordpress/wp-content/plugins/wp-repo-tracker/ext/wprecord/WpRecord.php(131): WpRecord::query('ALTER TABLE `wp...')\n#4 /wordpress/wp-content/plugins/wp-repo-tracker/src/plugin/RepoTrackerPlugin.php(36): WpRecord::install()\n#5 /wordpress/wp-includes/class-wp-hook.php(324): repotracker\\RepoTrackerPlugin->activate(false)\n#6 /wordpress/wp-includes/class-wp-hook.php(348): WP_Hook->apply_filters('', Array)\n#7 /wordpress/wp-includes/plugin.php(517): WP_Hook->do_action(Array)\n#8 /wordpress/wp-admin/includes/plugin.php(703): do_action('activate_wp-rep...', false)\n#9 /internal/eval.php(20): activate_plugin('wp-repo-tracker...')\n#10 {main}</pre>\n for query ALTER TABLE `wp_repoissue` MODIFY id integer not null auto_increment made by activate_plugin, do_action('activate_wp-repo-tracker/wp-repo-tracker.php'), WP_Hook->do_action, WP_Hook->apply_filters, repotracker\\RepoTrackerPlugin->activate, WpRecord::install, WpRecord::query, WP_SQLite_DB->query, WP_SQLite_DB->print_error",
    "log": "/logs/plugins/w/website-monitoring-2/error.json"
  },
  {
    "message": "Uncaught Exception: <div style=\"clear:both\">&nbsp;</div>",
    "level": "FATAL",
    "type": "PHP",
    "test": "asyncify-boot",
    "plugin": "website-monitoring-2",
    "details": "[06-May-2025 08:38:16 UTC] PHP Fatal error:  Uncaught Exception: <div style=\"clear:both\">&nbsp;</div>\n<div class=\"queries\" style=\"clear:both;margin-bottom:2px;border:red dotted thin;\">\n<p>MySQL query:</p>\n<p>ALTER TABLE `wp_repoissue` MODIFY id integer not null auto_increment</p>\n<p>Queries made or created this session were:</p>\n<ol>\n<li>Executing: BEGIN | (no parameters)</li>\n<li>Executing: ROLLBACK | (no parameters)</li>\n</ol>\n</div>\n<div style=\"clear:both;margin-bottom:2px;border:red dotted thin;\" class=\"error_message\" style=\"border-bottom:dotted blue thin;\">\nError occurred at line 4117 in Function <code>handle_error</code>. Error message was: Unknown operation: MODIFY.\n</div>\n<p>Backtrace:</p>\n<pre>#0 /internal/shared/sqlite-database-integration/wp-includes/sqlite/class-wp-sqlite-db.php(287): WP_SQLite_Translator->get_error_message()\n#1 /wordpress/wp-includes/class-wpdb.php(3146): WP_SQLite_DB->query('ALTER TABLE `wp...')\n#2 /wordpress/wp-content/plugins/wp-repo-tracker/ext/wprecord/WpRecord.php(369): wpdb->get_results('ALTER TABLE `wp...', 'ARRAY_A')\n#3 /wordpress/wp-content/plugins/wp-repo-tracker/ext/wprecord/WpRecord.php(131): WpRecord::query('ALTER TABLE `wp...')\n#4 /wordpress/wp-content/plugins/wp-repo-tracker/src/plugin/RepoTrackerPlugin.php(36): WpRecord::install()\n#5 /wordpress/wp-includes/class-wp-hook.php(324): repotracker\\RepoTrackerPlugin->activate(false)\n#6 /wordpress/wp-includes/class-wp-hook.php(348): WP_Hook->apply_filters('', Array)\n#7 /wordpress/wp-includes/plugin.php(517): WP_Hook->do_action(Array)\n#8 /wordpress/wp-admin/includes/plugin.php(703): do_action('activate_wp-rep...', false)\n#9 /internal/eval.php(20): activate_plugin('wp-repo-tracker...')\n#10 {main}</pre>\n in /wordpress/wp-content/plugins/wp-repo-tracker/ext/wprecord/WpRecord.php:371\nStack trace:\n#0 /wordpress/wp-content/plugins/wp-repo-tracker/ext/wprecord/WpRecord.php(131): WpRecord::query('ALTER TABLE `wp...')\n#1 /wordpress/wp-content/plugins/wp-repo-tracker/src/plugin/RepoTrackerPlugin.php(36): WpRecord::install()\n#2 /wordpress/wp-includes/class-wp-hook.php(324): repotracker\\RepoTrackerPlugin->activate(false)\n#3 /wordpress/wp-includes/class-wp-hook.php(348): WP_Hook->apply_filters('', Array)\n#4 /wordpress/wp-includes/plugin.php(517): WP_Hook->do_action(Array)\n#5 /wordpress/wp-admin/includes/plugin.php(703): do_action('activate_wp-rep...', false)\n#6 /internal/eval.php(20): activate_plugin('wp-repo-tracker...')\n#7 {main}\n  thrown in /wordpress/wp-content/plugins/wp-repo-tracker/ext/wprecord/WpRecord.php on line 371",
    "log": "/logs/plugins/w/website-monitoring-2/error.json"
  },
  {
    "message": "Constant RWMB_URL already defined in /wordpress/wp-content/plugins/wp-repo-tracker/ext/meta-box/inc/loader.php on line 27",
    "level": "WARNING",
    "type": "PHP",
    "test": "asyncify-boot",
    "plugin": "website-monitoring-2",
    "details": "[06-May-2025 08:38:24 UTC] PHP Warning:  Constant RWMB_URL already defined in /wordpress/wp-content/plugins/wp-repo-tracker/ext/meta-box/inc/loader.php on line 27",
    "log": "/logs/plugins/w/website-monitoring-2/error.json"
  },
  {
    "message": "Function register_uninstall_hook was called <strong>incorrectly</strong>. Only a static class method or function can be used in an uninstall hook. Please see <a href=\"https://developer.wordpress.org/advanced-administration/debug/debug-wordpress/\">Debugging in WordPress</a> for more information. (This message was added in version 3.1.0.) in /wordpress/wp-includes/functions.php on line 6121",
    "level": "NOTICE",
    "type": "PHP",
    "test": "asyncify-boot",
    "plugin": "website-monitoring-2",
    "details": "[06-May-2025 08:38:24 UTC] PHP Notice:  Function register_uninstall_hook was called <strong>incorrectly</strong>. Only a static class method or function can be used in an uninstall hook. Please see <a href=\"https://developer.wordpress.org/advanced-administration/debug/debug-wordpress/\">Debugging in WordPress</a> for more information. (This message was added in version 3.1.0.) in /wordpress/wp-includes/functions.php on line 6121",
    "log": "/logs/plugins/w/website-monitoring-2/error.json"
  },
  {
    "message": "Private methods cannot be final as they are never overridden by other classes in /wordpress/wp-content/plugins/wp-repo-tracker/ext/wprecord/WpRecord.php on line 75",
    "level": "WARNING",
    "type": "PHP",
    "test": "asyncify-boot",
    "plugin": "website-monitoring-2",
    "details": "[06-May-2025 08:38:24 UTC] PHP Warning:  Private methods cannot be final as they are never overridden by other classes in /wordpress/wp-content/plugins/wp-repo-tracker/ext/wprecord/WpRecord.php on line 75",
    "log": "/logs/plugins/w/website-monitoring-2/error.json"
  },
  {
    "message": "Private methods cannot be final as they are never overridden by other classes in /wordpress/wp-content/plugins/wp-repo-tracker/ext/wprecord/WpRecord.php on line 336",
    "level": "WARNING",
    "type": "PHP",
    "test": "asyncify-boot",
    "plugin": "website-monitoring-2",
    "details": "[06-May-2025 08:38:24 UTC] PHP Warning:  Private methods cannot be final as they are never overridden by other classes in /wordpress/wp-content/plugins/wp-repo-tracker/ext/wprecord/WpRecord.php on line 336",
    "log": "/logs/plugins/w/website-monitoring-2/error.json"
  },
  {
    "message": "Private methods cannot be final as they are never overridden by other classes in /wordpress/wp-content/plugins/wp-repo-tracker/ext/wprecord/WpRecord.php on line 350",
    "level": "WARNING",
    "type": "PHP",
    "test": "asyncify-boot",
    "plugin": "website-monitoring-2",
    "details": "[06-May-2025 08:38:24 UTC] PHP Warning:  Private methods cannot be final as they are never overridden by other classes in /wordpress/wp-content/plugins/wp-repo-tracker/ext/wprecord/WpRecord.php on line 350",
    "log": "/logs/plugins/w/website-monitoring-2/error.json"
  },
  {
    "message": "Private methods cannot be final as they are never overridden by other classes in /wordpress/wp-content/plugins/wp-repo-tracker/ext/wprecord/WpRecord.php on line 409",
    "level": "WARNING",
    "type": "PHP",
    "test": "asyncify-boot",
    "plugin": "website-monitoring-2",
    "details": "[06-May-2025 08:38:24 UTC] PHP Warning:  Private methods cannot be final as they are never overridden by other classes in /wordpress/wp-content/plugins/wp-repo-tracker/ext/wprecord/WpRecord.php on line 409",
    "log": "/logs/plugins/w/website-monitoring-2/error.json"
  },
  {
    "message": "Unknown operation: MODIFY.",
    "level": "FATAL",
    "type": "SQL",
    "test": "asyncify-boot",
    "plugin": "website-monitoring-2",
    "details": "[06-May-2025 08:38:24 UTC] WordPress database error <div style=\"clear:both\">&nbsp;</div>\n<div class=\"queries\" style=\"clear:both;margin-bottom:2px;border:red dotted thin;\">\n<p>MySQL query:</p>\n<p>ALTER TABLE `wp_repoissue` MODIFY id integer not null auto_increment</p>\n<p>Queries made or created this session were:</p>\n<ol>\n<li>Executing: BEGIN | (no parameters)</li>\n<li>Executing: ROLLBACK | (no parameters)</li>\n</ol>\n</div>\n<div style=\"clear:both;margin-bottom:2px;border:red dotted thin;\" class=\"error_message\" style=\"border-bottom:dotted blue thin;\">\nError occurred at line 4117 in Function <code>handle_error</code>. Error message was: Unknown operation: MODIFY.\n</div>\n<p>Backtrace:</p>\n<pre>#0 /internal/shared/sqlite-database-integration/wp-includes/sqlite/class-wp-sqlite-db.php(287): WP_SQLite_Translator->get_error_message()\n#1 /wordpress/wp-includes/class-wpdb.php(3146): WP_SQLite_DB->query('ALTER TABLE `wp...')\n#2 /wordpress/wp-content/plugins/wp-repo-tracker/ext/wprecord/WpRecord.php(369): wpdb->get_results('ALTER TABLE `wp...', 'ARRAY_A')\n#3 /wordpress/wp-content/plugins/wp-repo-tracker/ext/wprecord/WpRecord.php(131): WpRecord::query('ALTER TABLE `wp...')\n#4 /wordpress/wp-content/plugins/wp-repo-tracker/src/plugin/RepoTrackerPlugin.php(36): WpRecord::install()\n#5 /wordpress/wp-includes/class-wp-hook.php(324): repotracker\\RepoTrackerPlugin->activate(false)\n#6 /wordpress/wp-includes/class-wp-hook.php(348): WP_Hook->apply_filters('', Array)\n#7 /wordpress/wp-includes/plugin.php(517): WP_Hook->do_action(Array)\n#8 /wordpress/wp-admin/includes/plugin.php(703): do_action('activate_wp-rep...', false)\n#9 /internal/eval.php(20): activate_plugin('wp-repo-tracker...')\n#10 {main}</pre>\n for query ALTER TABLE `wp_repoissue` MODIFY id integer not null auto_increment made by activate_plugin, do_action('activate_wp-repo-tracker/wp-repo-tracker.php'), WP_Hook->do_action, WP_Hook->apply_filters, repotracker\\RepoTrackerPlugin->activate, WpRecord::install, WpRecord::query, WP_SQLite_DB->query, WP_SQLite_DB->print_error",
    "log": "/logs/plugins/w/website-monitoring-2/error.json"
  },
  {
    "message": "Uncaught Exception: <div style=\"clear:both\">&nbsp;</div>",
    "level": "FATAL",
    "type": "PHP",
    "test": "asyncify-boot",
    "plugin": "website-monitoring-2",
    "details": "[06-May-2025 08:38:24 UTC] PHP Fatal error:  Uncaught Exception: <div style=\"clear:both\">&nbsp;</div>\n<div class=\"queries\" style=\"clear:both;margin-bottom:2px;border:red dotted thin;\">\n<p>MySQL query:</p>\n<p>ALTER TABLE `wp_repoissue` MODIFY id integer not null auto_increment</p>\n<p>Queries made or created this session were:</p>\n<ol>\n<li>Executing: BEGIN | (no parameters)</li>\n<li>Executing: ROLLBACK | (no parameters)</li>\n</ol>\n</div>\n<div style=\"clear:both;margin-bottom:2px;border:red dotted thin;\" class=\"error_message\" style=\"border-bottom:dotted blue thin;\">\nError occurred at line 4117 in Function <code>handle_error</code>. Error message was: Unknown operation: MODIFY.\n</div>\n<p>Backtrace:</p>\n<pre>#0 /internal/shared/sqlite-database-integration/wp-includes/sqlite/class-wp-sqlite-db.php(287): WP_SQLite_Translator->get_error_message()\n#1 /wordpress/wp-includes/class-wpdb.php(3146): WP_SQLite_DB->query('ALTER TABLE `wp...')\n#2 /wordpress/wp-content/plugins/wp-repo-tracker/ext/wprecord/WpRecord.php(369): wpdb->get_results('ALTER TABLE `wp...', 'ARRAY_A')\n#3 /wordpress/wp-content/plugins/wp-repo-tracker/ext/wprecord/WpRecord.php(131): WpRecord::query('ALTER TABLE `wp...')\n#4 /wordpress/wp-content/plugins/wp-repo-tracker/src/plugin/RepoTrackerPlugin.php(36): WpRecord::install()\n#5 /wordpress/wp-includes/class-wp-hook.php(324): repotracker\\RepoTrackerPlugin->activate(false)\n#6 /wordpress/wp-includes/class-wp-hook.php(348): WP_Hook->apply_filters('', Array)\n#7 /wordpress/wp-includes/plugin.php(517): WP_Hook->do_action(Array)\n#8 /wordpress/wp-admin/includes/plugin.php(703): do_action('activate_wp-rep...', false)\n#9 /internal/eval.php(20): activate_plugin('wp-repo-tracker...')\n#10 {main}</pre>\n in /wordpress/wp-content/plugins/wp-repo-tracker/ext/wprecord/WpRecord.php:371\nStack trace:\n#0 /wordpress/wp-content/plugins/wp-repo-tracker/ext/wprecord/WpRecord.php(131): WpRecord::query('ALTER TABLE `wp...')\n#1 /wordpress/wp-content/plugins/wp-repo-tracker/src/plugin/RepoTrackerPlugin.php(36): WpRecord::install()\n#2 /wordpress/wp-includes/class-wp-hook.php(324): repotracker\\RepoTrackerPlugin->activate(false)\n#3 /wordpress/wp-includes/class-wp-hook.php(348): WP_Hook->apply_filters('', Array)\n#4 /wordpress/wp-includes/plugin.php(517): WP_Hook->do_action(Array)\n#5 /wordpress/wp-admin/includes/plugin.php(703): do_action('activate_wp-rep...', false)\n#6 /internal/eval.php(20): activate_plugin('wp-repo-tracker...')\n#7 {main}\n  thrown in /wordpress/wp-content/plugins/wp-repo-tracker/ext/wprecord/WpRecord.php on line 371",
    "log": "/logs/plugins/w/website-monitoring-2/error.json"
  },
  {
    "message": "Function _load_textdomain_just_in_time was called <strong>incorrectly</strong>. Translation loading for the <code>woocommerce</code> domain was triggered too early. This is usually an indicator for some code in the plugin or theme running too early. Translations should be loaded at the <code>init</code> action or later. Please see <a href=\"https://developer.wordpress.org/advanced-administration/debug/debug-wordpress/\">Debugging in WordPress</a> for more information. (This message was added in version 6.7.0.) in /wordpress/wp-includes/functions.php on line 6121",
    "level": "NOTICE",
    "type": "PHP",
    "test": "asyncify-boot",
    "plugin": "website-monitoring-2",
    "details": "[06-May-2025 08:39:49 UTC] PHP Notice:  Function _load_textdomain_just_in_time was called <strong>incorrectly</strong>. Translation loading for the <code>woocommerce</code> domain was triggered too early. This is usually an indicator for some code in the plugin or theme running too early. Translations should be loaded at the <code>init</code> action or later. Please see <a href=\"https://developer.wordpress.org/advanced-administration/debug/debug-wordpress/\">Debugging in WordPress</a> for more information. (This message was added in version 6.7.0.) in /wordpress/wp-includes/functions.php on line 6121",
    "log": "/logs/plugins/w/website-monitoring-2/error.json"
  },
  {
    "message": "Function _load_textdomain_just_in_time was called <strong>incorrectly</strong>. Translation loading for the <code>woocommerce</code> domain was triggered too early. This is usually an indicator for some code in the plugin or theme running too early. Translations should be loaded at the <code>init</code> action or later. Please see <a href=\"https://developer.wordpress.org/advanced-administration/debug/debug-wordpress/\">Debugging in WordPress</a> for more information. (This message was added in version 6.7.0.) in /wordpress/wp-includes/functions.php on line 6121",
    "level": "NOTICE",
    "type": "PHP",
    "test": "asyncify-boot",
    "plugin": "website-monitoring-2",
    "details": "[06-May-2025 08:40:29 UTC] PHP Notice:  Function _load_textdomain_just_in_time was called <strong>incorrectly</strong>. Translation loading for the <code>woocommerce</code> domain was triggered too early. This is usually an indicator for some code in the plugin or theme running too early. Translations should be loaded at the <code>init</code> action or later. Please see <a href=\"https://developer.wordpress.org/advanced-administration/debug/debug-wordpress/\">Debugging in WordPress</a> for more information. (This message was added in version 6.7.0.) in /wordpress/wp-includes/functions.php on line 6121",
    "log": "/logs/plugins/w/website-monitoring-2/error.json"
  },
  {
    "message": "Function _load_textdomain_just_in_time was called <strong>incorrectly</strong>. Translation loading for the <code>woocommerce</code> domain was triggered too early. This is usually an indicator for some code in the plugin or theme running too early. Translations should be loaded at the <code>init</code> action or later. Please see <a href=\"https://developer.wordpress.org/advanced-administration/debug/debug-wordpress/\">Debugging in WordPress</a> for more information. (This message was added in version 6.7.0.) in /wordpress/wp-includes/functions.php on line 6121",
    "level": "NOTICE",
    "type": "PHP",
    "test": "asyncify-boot",
    "plugin": "website-monitoring-2",
    "details": "[06-May-2025 08:41:08 UTC] PHP Notice:  Function _load_textdomain_just_in_time was called <strong>incorrectly</strong>. Translation loading for the <code>woocommerce</code> domain was triggered too early. This is usually an indicator for some code in the plugin or theme running too early. Translations should be loaded at the <code>init</code> action or later. Please see <a href=\"https://developer.wordpress.org/advanced-administration/debug/debug-wordpress/\">Debugging in WordPress</a> for more information. (This message was added in version 6.7.0.) in /wordpress/wp-includes/functions.php on line 6121",
    "log": "/logs/plugins/w/website-monitoring-2/error.json"
  },
  {
    "message": "Function _load_textdomain_just_in_time was called <strong>incorrectly</strong>. Translation loading for the <code>wp-embed-facebook</code> domain was triggered too early. This is usually an indicator for some code in the plugin or theme running too early. Translations should be loaded at the <code>init</code> action or later. Please see <a href=\"https://developer.wordpress.org/advanced-administration/debug/debug-wordpress/\">Debugging in WordPress</a> for more information. (This message was added in version 6.7.0.) in /wordpress/wp-includes/functions.php on line 6121",
    "level": "NOTICE",
    "type": "PHP",
    "test": "asyncify-boot",
    "plugin": "website-monitoring-2",
    "details": "[06-May-2025 08:41:49 UTC] PHP Notice:  Function _load_textdomain_just_in_time was called <strong>incorrectly</strong>. Translation loading for the <code>wp-embed-facebook</code> domain was triggered too early. This is usually an indicator for some code in the plugin or theme running too early. Translations should be loaded at the <code>init</code> action or later. Please see <a href=\"https://developer.wordpress.org/advanced-administration/debug/debug-wordpress/\">Debugging in WordPress</a> for more information. (This message was added in version 6.7.0.) in /wordpress/wp-includes/functions.php on line 6121",
    "log": "/logs/plugins/w/website-monitoring-2/error.json"
  },
  {
    "message": "Function _load_textdomain_just_in_time was called <strong>incorrectly</strong>. Translation loading for the <code>wp-embed-facebook</code> domain was triggered too early. This is usually an indicator for some code in the plugin or theme running too early. Translations should be loaded at the <code>init</code> action or later. Please see <a href=\"https://developer.wordpress.org/advanced-administration/debug/debug-wordpress/\">Debugging in WordPress</a> for more information. (This message was added in version 6.7.0.) in /wordpress/wp-includes/functions.php on line 6121",
    "level": "NOTICE",
    "type": "PHP",
    "test": "asyncify-boot",
    "plugin": "website-monitoring-2",
    "details": "[06-May-2025 08:41:58 UTC] PHP Notice:  Function _load_textdomain_just_in_time was called <strong>incorrectly</strong>. Translation loading for the <code>wp-embed-facebook</code> domain was triggered too early. This is usually an indicator for some code in the plugin or theme running too early. Translations should be loaded at the <code>init</code> action or later. Please see <a href=\"https://developer.wordpress.org/advanced-administration/debug/debug-wordpress/\">Debugging in WordPress</a> for more information. (This message was added in version 6.7.0.) in /wordpress/wp-includes/functions.php on line 6121",
    "log": "/logs/plugins/w/website-monitoring-2/error.json"
  },
  {
    "message": "Function _load_textdomain_just_in_time was called <strong>incorrectly</strong>. Translation loading for the <code>wp-embed-facebook</code> domain was triggered too early. This is usually an indicator for some code in the plugin or theme running too early. Translations should be loaded at the <code>init</code> action or later. Please see <a href=\"https://developer.wordpress.org/advanced-administration/debug/debug-wordpress/\">Debugging in WordPress</a> for more information. (This message was added in version 6.7.0.) in /wordpress/wp-includes/functions.php on line 6121",
    "level": "NOTICE",
    "type": "PHP",
    "test": "asyncify-boot",
    "plugin": "website-monitoring-2",
    "details": "[06-May-2025 08:42:07 UTC] PHP Notice:  Function _load_textdomain_just_in_time was called <strong>incorrectly</strong>. Translation loading for the <code>wp-embed-facebook</code> domain was triggered too early. This is usually an indicator for some code in the plugin or theme running too early. Translations should be loaded at the <code>init</code> action or later. Please see <a href=\"https://developer.wordpress.org/advanced-administration/debug/debug-wordpress/\">Debugging in WordPress</a> for more information. (This message was added in version 6.7.0.) in /wordpress/wp-includes/functions.php on line 6121",
    "log": "/logs/plugins/w/website-monitoring-2/error.json"
  },
  {
    "message": "Undefined variable $wpdb in /wordpress/wp-content/plugins/wp-flock/wp-flock.php on line 47",
    "level": "WARNING",
    "type": "PHP",
    "test": "asyncify-boot",
    "plugin": "website-monitoring-2",
    "details": "[06-May-2025 08:42:16 UTC] PHP Warning:  Undefined variable $wpdb in /wordpress/wp-content/plugins/wp-flock/wp-flock.php on line 47",
    "log": "/logs/plugins/w/website-monitoring-2/error.json"
  },
  {
    "message": "Attempt to read property \"prefix\" on null in /wordpress/wp-content/plugins/wp-flock/wp-flock.php on line 47",
    "level": "WARNING",
    "type": "PHP",
    "test": "asyncify-boot",
    "plugin": "website-monitoring-2",
    "details": "[06-May-2025 08:42:16 UTC] PHP Warning:  Attempt to read property \"prefix\" on null in /wordpress/wp-content/plugins/wp-flock/wp-flock.php on line 47",
    "log": "/logs/plugins/w/website-monitoring-2/error.json"
  },
  {
    "message": "Uncaught Error: Attempt to assign property \"flgroups\" on null in /wordpress/wp-content/plugins/wp-flock/wp-flock.php:47",
    "level": "FATAL",
    "type": "PHP",
    "test": "asyncify-boot",
    "plugin": "website-monitoring-2",
    "details": "[06-May-2025 08:42:16 UTC] PHP Fatal error:  Uncaught Error: Attempt to assign property \"flgroups\" on null in /wordpress/wp-content/plugins/wp-flock/wp-flock.php:47\nStack trace:\n#0 /wordpress/wp-admin/includes/plugin.php(2387): include_once()\n#1 /wordpress/wp-admin/includes/plugin.php(673): plugin_sandbox_scrape('wp-flock/wp-flo...')\n#2 /internal/eval.php(20): activate_plugin('wp-flock/wp-flo...')\n#3 {main}\n  thrown in /wordpress/wp-content/plugins/wp-flock/wp-flock.php on line 47",
    "log": "/logs/plugins/w/website-monitoring-2/error.json"
  },
  {
    "message": "Undefined variable $wpdb in /wordpress/wp-content/plugins/wp-flock/wp-flock.php on line 47",
    "level": "WARNING",
    "type": "PHP",
    "test": "asyncify-boot",
    "plugin": "website-monitoring-2",
    "details": "[06-May-2025 08:42:23 UTC] PHP Warning:  Undefined variable $wpdb in /wordpress/wp-content/plugins/wp-flock/wp-flock.php on line 47",
    "log": "/logs/plugins/w/website-monitoring-2/error.json"
  },
  {
    "message": "Attempt to read property \"prefix\" on null in /wordpress/wp-content/plugins/wp-flock/wp-flock.php on line 47",
    "level": "WARNING",
    "type": "PHP",
    "test": "asyncify-boot",
    "plugin": "website-monitoring-2",
    "details": "[06-May-2025 08:42:23 UTC] PHP Warning:  Attempt to read property \"prefix\" on null in /wordpress/wp-content/plugins/wp-flock/wp-flock.php on line 47",
    "log": "/logs/plugins/w/website-monitoring-2/error.json"
  },
  {
    "message": "Uncaught Error: Attempt to assign property \"flgroups\" on null in /wordpress/wp-content/plugins/wp-flock/wp-flock.php:47",
    "level": "FATAL",
    "type": "PHP",
    "test": "asyncify-boot",
    "plugin": "website-monitoring-2",
    "details": "[06-May-2025 08:42:23 UTC] PHP Fatal error:  Uncaught Error: Attempt to assign property \"flgroups\" on null in /wordpress/wp-content/plugins/wp-flock/wp-flock.php:47\nStack trace:\n#0 /wordpress/wp-admin/includes/plugin.php(2387): include_once()\n#1 /wordpress/wp-admin/includes/plugin.php(673): plugin_sandbox_scrape('wp-flock/wp-flo...')\n#2 /internal/eval.php(20): activate_plugin('wp-flock/wp-flo...')\n#3 {main}\n  thrown in /wordpress/wp-content/plugins/wp-flock/wp-flock.php on line 47",
    "log": "/logs/plugins/w/website-monitoring-2/error.json"
  },
  {
    "message": "Undefined variable $wpdb in /wordpress/wp-content/plugins/wp-flock/wp-flock.php on line 47",
    "level": "WARNING",
    "type": "PHP",
    "test": "asyncify-boot",
    "plugin": "website-monitoring-2",
    "details": "[06-May-2025 08:42:31 UTC] PHP Warning:  Undefined variable $wpdb in /wordpress/wp-content/plugins/wp-flock/wp-flock.php on line 47",
    "log": "/logs/plugins/w/website-monitoring-2/error.json"
  },
  {
    "message": "Attempt to read property \"prefix\" on null in /wordpress/wp-content/plugins/wp-flock/wp-flock.php on line 47",
    "level": "WARNING",
    "type": "PHP",
    "test": "asyncify-boot",
    "plugin": "website-monitoring-2",
    "details": "[06-May-2025 08:42:31 UTC] PHP Warning:  Attempt to read property \"prefix\" on null in /wordpress/wp-content/plugins/wp-flock/wp-flock.php on line 47",
    "log": "/logs/plugins/w/website-monitoring-2/error.json"
  },
  {
    "message": "Uncaught Error: Attempt to assign property \"flgroups\" on null in /wordpress/wp-content/plugins/wp-flock/wp-flock.php:47",
    "level": "FATAL",
    "type": "PHP",
    "test": "asyncify-boot",
    "plugin": "website-monitoring-2",
    "details": "[06-May-2025 08:42:31 UTC] PHP Fatal error:  Uncaught Error: Attempt to assign property \"flgroups\" on null in /wordpress/wp-content/plugins/wp-flock/wp-flock.php:47\nStack trace:\n#0 /wordpress/wp-admin/includes/plugin.php(2387): include_once()\n#1 /wordpress/wp-admin/includes/plugin.php(673): plugin_sandbox_scrape('wp-flock/wp-flo...')\n#2 /internal/eval.php(20): activate_plugin('wp-flock/wp-flo...')\n#3 {main}\n  thrown in /wordpress/wp-content/plugins/wp-flock/wp-flock.php on line 47\n\n    at Object.onBind (file:///home/runner/work/playground-tester/playground-tester/node_modules/@wp-playground/cli/index.js:237:15)\n    at process.processTicksAndRejections (node:internal/process/task_queues:105:5)\n    at async V (file:///home/runner/work/playground-tester/playground-tester/node_modules/@wp-playground/cli/index.js:64:10)\n    at async ja (file:///home/runner/work/playground-tester/playground-tester/node_modules/@wp-playground/cli/cli.js:8161:12) {\n  [cause]: Error: Error when executing the blueprint step #1 ({\"step\":\"installPlugin\",\"pluginData\":{\"resource\":\"wordpress.org/plugins\",\"slug\":\"website-monitoring-2\"},\"options\":{\"activate\":true}}) : Could not download \"https://downloads.wordpress.org/plugin/website-monitoring-2.latest-stable.zip\".\n  \t\t\t\tCheck if the URL is correct and the server is reachable.\n  \t\t\t\tIf it is reachable, the server might be blocking the request.\n  \t\t\t\tCheck the browser console and network tabs for more information.\n  \n  \t\t\t\t## Does the console show the error \"No 'Access-Control-Allow-Origin' header\"?\n  \n  \t\t\t\tThis means the server that hosts your file does not allow requests from other sites\n  \t\t\t\t(cross-origin requests, or CORS).\tYou need to move the asset to a server that allows\n  \t\t\t\tcross-origin file downloads. Learn more about CORS at\n  \t\t\t\thttps://developer.mozilla.org/en-US/docs/Web/HTTP/CORS.\n  \n  \t\t\t\tIf your file is on GitHub, load it from \"raw.githubusercontent.com\".\n  \t\t\t\tHere's how to do that:\n  \n  \t\t\t\t1. Start with the original GitHub URL of the file. For example:\n  \t\t\t\thttps://github.com/username/repository/blob/branch/filename.\n  \t\t\t\t2. Replace \"github.com\" with \"raw.githubusercontent.com\".\n  \t\t\t\t3. Remove the \"/blob/\" part of the URL.\n  \n  \t\t\t\tThe resulting URL should look like this:\n  \t\t\t\thttps://raw.githubusercontent.com/username/repository/branch/filename\n  \n  \t\t\t\tError:\n  \t\t\t\tError: Could not download \"https://downloads.wordpress.org/plugin/website-monitoring-2.latest-stable.zip\"\n      at Object.run (file:///home/runner/work/playground-tester/playground-tester/node_modules/@wp-playground/blueprints/index.js:12449:19)\n      at process.processTicksAndRejections (node:internal/process/task_queues:105:5)\n      at async ms (file:///home/runner/work/playground-tester/playground-tester/node_modules/@wp-playground/blueprints/index.js:12552:3)\n      at async Object.onBind (file:///home/runner/work/playground-tester/playground-tester/node_modules/@wp-playground/cli/index.js:227:48)\n      at async V (file:///home/runner/work/playground-tester/playground-tester/node_modules/@wp-playground/cli/index.js:64:10)\n      at async ja (file:///home/runner/work/playground-tester/playground-tester/node_modules/@wp-playground/cli/cli.js:8161:12) {\n    [cause]: Error: Could not download \"https://downloads.wordpress.org/plugin/website-monitoring-2.latest-stable.zip\".\n    \t\t\t\tCheck if the URL is correct and the server is reachable.\n    \t\t\t\tIf it is reachable, the server might be blocking the request.\n    \t\t\t\tCheck the browser console and network tabs for more information.\n    \n    \t\t\t\t## Does the console show the error \"No 'Access-Control-Allow-Origin' header\"?\n    \n    \t\t\t\tThis means the server that hosts your file does not allow requests from other sites\n    \t\t\t\t(cross-origin requests, or CORS).\tYou need to move the asset to a server that allows\n    \t\t\t\tcross-origin file downloads. Learn more about CORS at\n    \t\t\t\thttps://developer.mozilla.org/en-US/docs/Web/HTTP/CORS.\n    \n    \t\t\t\tIf your file is on GitHub, load it from \"raw.githubusercontent.com\".\n    \t\t\t\tHere's how to do that:\n    \n    \t\t\t\t1. Start with the original GitHub URL of the file. For example:\n    \t\t\t\thttps://github.com/username/repository/blob/branch/filename.\n    \t\t\t\t2. Replace \"github.com\" with \"raw.githubusercontent.com\".\n    \t\t\t\t3. Remove the \"/blob/\" part of the URL.\n    \n    \t\t\t\tThe resulting URL should look like this:\n    \t\t\t\thttps://raw.githubusercontent.com/username/repository/branch/filename\n    \n    \t\t\t\tError:\n    \t\t\t\tError: Could not download \"https://downloads.wordpress.org/plugin/website-monitoring-2.latest-stable.zip\"\n        at Ct.resolve (file:///home/runner/work/playground-tester/playground-tester/node_modules/@wp-playground/blueprints/index.js:1472:13)\n        at process.processTicksAndRejections (node:internal/process/task_queues:105:5)\n        at async _.run (file:///home/runner/work/playground-tester/playground-tester/node_modules/@php-wasm/util/index.js:45:14)\n  }\n}\n\n",
    "log": "/logs/plugins/w/website-monitoring-2/error.json"
  },
  {
    "message": "file:///home/runner/work/playground-tester/playground-tester/node_modules/@wp-playground/cli/index.js:237\n        throw new Error(y, { cause: u });\n              ^\n",
    "level": "FATAL",
    "type": "PLAYGROUND",
    "test": "jspi-boot",
    "plugin": "website-monitoring-2",
    "details": "file:///home/runner/work/playground-tester/playground-tester/node_modules/@wp-playground/cli/index.js:237\n        throw new Error(y, { cause: u });\n              ^\n",
    "log": "/tmp/tmp.cI1HWlddI7"
  },
  {
    "message": "Constant RWMB_URL already defined in /wordpress/wp-content/plugins/wp-repo-tracker/ext/meta-box/inc/loader.php on line 27",
    "level": "WARNING",
    "type": "PHP",
    "test": "jspi-boot",
    "plugin": "website-monitoring-2",
    "details": "[06-May-2025 08:38:06 UTC] PHP Warning:  Constant RWMB_URL already defined in /wordpress/wp-content/plugins/wp-repo-tracker/ext/meta-box/inc/loader.php on line 27",
    "log": "/logs/plugins/w/website-monitoring-2/error.json"
  },
  {
    "message": "Function register_uninstall_hook was called <strong>incorrectly</strong>. Only a static class method or function can be used in an uninstall hook. Please see <a href=\"https://developer.wordpress.org/advanced-administration/debug/debug-wordpress/\">Debugging in WordPress</a> for more information. (This message was added in version 3.1.0.) in /wordpress/wp-includes/functions.php on line 6121",
    "level": "NOTICE",
    "type": "PHP",
    "test": "jspi-boot",
    "plugin": "website-monitoring-2",
    "details": "[06-May-2025 08:38:06 UTC] PHP Notice:  Function register_uninstall_hook was called <strong>incorrectly</strong>. Only a static class method or function can be used in an uninstall hook. Please see <a href=\"https://developer.wordpress.org/advanced-administration/debug/debug-wordpress/\">Debugging in WordPress</a> for more information. (This message was added in version 3.1.0.) in /wordpress/wp-includes/functions.php on line 6121",
    "log": "/logs/plugins/w/website-monitoring-2/error.json"
  },
  {
    "message": "Private methods cannot be final as they are never overridden by other classes in /wordpress/wp-content/plugins/wp-repo-tracker/ext/wprecord/WpRecord.php on line 75",
    "level": "WARNING",
    "type": "PHP",
    "test": "jspi-boot",
    "plugin": "website-monitoring-2",
    "details": "[06-May-2025 08:38:06 UTC] PHP Warning:  Private methods cannot be final as they are never overridden by other classes in /wordpress/wp-content/plugins/wp-repo-tracker/ext/wprecord/WpRecord.php on line 75",
    "log": "/logs/plugins/w/website-monitoring-2/error.json"
  },
  {
    "message": "Private methods cannot be final as they are never overridden by other classes in /wordpress/wp-content/plugins/wp-repo-tracker/ext/wprecord/WpRecord.php on line 336",
    "level": "WARNING",
    "type": "PHP",
    "test": "jspi-boot",
    "plugin": "website-monitoring-2",
    "details": "[06-May-2025 08:38:06 UTC] PHP Warning:  Private methods cannot be final as they are never overridden by other classes in /wordpress/wp-content/plugins/wp-repo-tracker/ext/wprecord/WpRecord.php on line 336",
    "log": "/logs/plugins/w/website-monitoring-2/error.json"
  },
  {
    "message": "Private methods cannot be final as they are never overridden by other classes in /wordpress/wp-content/plugins/wp-repo-tracker/ext/wprecord/WpRecord.php on line 350",
    "level": "WARNING",
    "type": "PHP",
    "test": "jspi-boot",
    "plugin": "website-monitoring-2",
    "details": "[06-May-2025 08:38:06 UTC] PHP Warning:  Private methods cannot be final as they are never overridden by other classes in /wordpress/wp-content/plugins/wp-repo-tracker/ext/wprecord/WpRecord.php on line 350",
    "log": "/logs/plugins/w/website-monitoring-2/error.json"
  },
  {
    "message": "Private methods cannot be final as they are never overridden by other classes in /wordpress/wp-content/plugins/wp-repo-tracker/ext/wprecord/WpRecord.php on line 409",
    "level": "WARNING",
    "type": "PHP",
    "test": "jspi-boot",
    "plugin": "website-monitoring-2",
    "details": "[06-May-2025 08:38:06 UTC] PHP Warning:  Private methods cannot be final as they are never overridden by other classes in /wordpress/wp-content/plugins/wp-repo-tracker/ext/wprecord/WpRecord.php on line 409",
    "log": "/logs/plugins/w/website-monitoring-2/error.json"
  },
  {
    "message": "Constant RWMB_URL already defined in /wordpress/wp-content/plugins/wp-repo-tracker/ext/meta-box/inc/loader.php on line 27",
    "level": "WARNING",
    "type": "PHP",
    "test": "jspi-boot",
    "plugin": "website-monitoring-2",
    "details": "[06-May-2025 08:38:07 UTC] PHP Warning:  Constant RWMB_URL already defined in /wordpress/wp-content/plugins/wp-repo-tracker/ext/meta-box/inc/loader.php on line 27",
    "log": "/logs/plugins/w/website-monitoring-2/error.json"
  },
  {
    "message": "Function register_uninstall_hook was called <strong>incorrectly</strong>. Only a static class method or function can be used in an uninstall hook. Please see <a href=\"https://developer.wordpress.org/advanced-administration/debug/debug-wordpress/\">Debugging in WordPress</a> for more information. (This message was added in version 3.1.0.) in /wordpress/wp-includes/functions.php on line 6121",
    "level": "NOTICE",
    "type": "PHP",
    "test": "jspi-boot",
    "plugin": "website-monitoring-2",
    "details": "[06-May-2025 08:38:07 UTC] PHP Notice:  Function register_uninstall_hook was called <strong>incorrectly</strong>. Only a static class method or function can be used in an uninstall hook. Please see <a href=\"https://developer.wordpress.org/advanced-administration/debug/debug-wordpress/\">Debugging in WordPress</a> for more information. (This message was added in version 3.1.0.) in /wordpress/wp-includes/functions.php on line 6121",
    "log": "/logs/plugins/w/website-monitoring-2/error.json"
  },
  {
    "message": "Constant RWMB_URL already defined in /wordpress/wp-content/plugins/wp-repo-tracker/ext/meta-box/inc/loader.php on line 27",
    "level": "WARNING",
    "type": "PHP",
    "test": "jspi-boot",
    "plugin": "website-monitoring-2",
    "details": "[06-May-2025 08:38:16 UTC] PHP Warning:  Constant RWMB_URL already defined in /wordpress/wp-content/plugins/wp-repo-tracker/ext/meta-box/inc/loader.php on line 27",
    "log": "/logs/plugins/w/website-monitoring-2/error.json"
  },
  {
    "message": "Function register_uninstall_hook was called <strong>incorrectly</strong>. Only a static class method or function can be used in an uninstall hook. Please see <a href=\"https://developer.wordpress.org/advanced-administration/debug/debug-wordpress/\">Debugging in WordPress</a> for more information. (This message was added in version 3.1.0.) in /wordpress/wp-includes/functions.php on line 6121",
    "level": "NOTICE",
    "type": "PHP",
    "test": "jspi-boot",
    "plugin": "website-monitoring-2",
    "details": "[06-May-2025 08:38:16 UTC] PHP Notice:  Function register_uninstall_hook was called <strong>incorrectly</strong>. Only a static class method or function can be used in an uninstall hook. Please see <a href=\"https://developer.wordpress.org/advanced-administration/debug/debug-wordpress/\">Debugging in WordPress</a> for more information. (This message was added in version 3.1.0.) in /wordpress/wp-includes/functions.php on line 6121",
    "log": "/logs/plugins/w/website-monitoring-2/error.json"
  },
  {
    "message": "Private methods cannot be final as they are never overridden by other classes in /wordpress/wp-content/plugins/wp-repo-tracker/ext/wprecord/WpRecord.php on line 75",
    "level": "WARNING",
    "type": "PHP",
    "test": "jspi-boot",
    "plugin": "website-monitoring-2",
    "details": "[06-May-2025 08:38:16 UTC] PHP Warning:  Private methods cannot be final as they are never overridden by other classes in /wordpress/wp-content/plugins/wp-repo-tracker/ext/wprecord/WpRecord.php on line 75",
    "log": "/logs/plugins/w/website-monitoring-2/error.json"
  },
  {
    "message": "Private methods cannot be final as they are never overridden by other classes in /wordpress/wp-content/plugins/wp-repo-tracker/ext/wprecord/WpRecord.php on line 336",
    "level": "WARNING",
    "type": "PHP",
    "test": "jspi-boot",
    "plugin": "website-monitoring-2",
    "details": "[06-May-2025 08:38:16 UTC] PHP Warning:  Private methods cannot be final as they are never overridden by other classes in /wordpress/wp-content/plugins/wp-repo-tracker/ext/wprecord/WpRecord.php on line 336",
    "log": "/logs/plugins/w/website-monitoring-2/error.json"
  },
  {
    "message": "Private methods cannot be final as they are never overridden by other classes in /wordpress/wp-content/plugins/wp-repo-tracker/ext/wprecord/WpRecord.php on line 350",
    "level": "WARNING",
    "type": "PHP",
    "test": "jspi-boot",
    "plugin": "website-monitoring-2",
    "details": "[06-May-2025 08:38:16 UTC] PHP Warning:  Private methods cannot be final as they are never overridden by other classes in /wordpress/wp-content/plugins/wp-repo-tracker/ext/wprecord/WpRecord.php on line 350",
    "log": "/logs/plugins/w/website-monitoring-2/error.json"
  },
  {
    "message": "Private methods cannot be final as they are never overridden by other classes in /wordpress/wp-content/plugins/wp-repo-tracker/ext/wprecord/WpRecord.php on line 409",
    "level": "WARNING",
    "type": "PHP",
    "test": "jspi-boot",
    "plugin": "website-monitoring-2",
    "details": "[06-May-2025 08:38:16 UTC] PHP Warning:  Private methods cannot be final as they are never overridden by other classes in /wordpress/wp-content/plugins/wp-repo-tracker/ext/wprecord/WpRecord.php on line 409",
    "log": "/logs/plugins/w/website-monitoring-2/error.json"
  },
  {
    "message": "Unknown operation: MODIFY.",
    "level": "FATAL",
    "type": "SQL",
    "test": "jspi-boot",
    "plugin": "website-monitoring-2",
    "details": "[06-May-2025 08:38:16 UTC] WordPress database error <div style=\"clear:both\">&nbsp;</div>\n<div class=\"queries\" style=\"clear:both;margin-bottom:2px;border:red dotted thin;\">\n<p>MySQL query:</p>\n<p>ALTER TABLE `wp_repoissue` MODIFY id integer not null auto_increment</p>\n<p>Queries made or created this session were:</p>\n<ol>\n<li>Executing: BEGIN | (no parameters)</li>\n<li>Executing: ROLLBACK | (no parameters)</li>\n</ol>\n</div>\n<div style=\"clear:both;margin-bottom:2px;border:red dotted thin;\" class=\"error_message\" style=\"border-bottom:dotted blue thin;\">\nError occurred at line 4117 in Function <code>handle_error</code>. Error message was: Unknown operation: MODIFY.\n</div>\n<p>Backtrace:</p>\n<pre>#0 /internal/shared/sqlite-database-integration/wp-includes/sqlite/class-wp-sqlite-db.php(287): WP_SQLite_Translator->get_error_message()\n#1 /wordpress/wp-includes/class-wpdb.php(3146): WP_SQLite_DB->query('ALTER TABLE `wp...')\n#2 /wordpress/wp-content/plugins/wp-repo-tracker/ext/wprecord/WpRecord.php(369): wpdb->get_results('ALTER TABLE `wp...', 'ARRAY_A')\n#3 /wordpress/wp-content/plugins/wp-repo-tracker/ext/wprecord/WpRecord.php(131): WpRecord::query('ALTER TABLE `wp...')\n#4 /wordpress/wp-content/plugins/wp-repo-tracker/src/plugin/RepoTrackerPlugin.php(36): WpRecord::install()\n#5 /wordpress/wp-includes/class-wp-hook.php(324): repotracker\\RepoTrackerPlugin->activate(false)\n#6 /wordpress/wp-includes/class-wp-hook.php(348): WP_Hook->apply_filters('', Array)\n#7 /wordpress/wp-includes/plugin.php(517): WP_Hook->do_action(Array)\n#8 /wordpress/wp-admin/includes/plugin.php(703): do_action('activate_wp-rep...', false)\n#9 /internal/eval.php(20): activate_plugin('wp-repo-tracker...')\n#10 {main}</pre>\n for query ALTER TABLE `wp_repoissue` MODIFY id integer not null auto_increment made by activate_plugin, do_action('activate_wp-repo-tracker/wp-repo-tracker.php'), WP_Hook->do_action, WP_Hook->apply_filters, repotracker\\RepoTrackerPlugin->activate, WpRecord::install, WpRecord::query, WP_SQLite_DB->query, WP_SQLite_DB->print_error",
    "log": "/logs/plugins/w/website-monitoring-2/error.json"
  },
  {
    "message": "Uncaught Exception: <div style=\"clear:both\">&nbsp;</div>",
    "level": "FATAL",
    "type": "PHP",
    "test": "jspi-boot",
    "plugin": "website-monitoring-2",
    "details": "[06-May-2025 08:38:16 UTC] PHP Fatal error:  Uncaught Exception: <div style=\"clear:both\">&nbsp;</div>\n<div class=\"queries\" style=\"clear:both;margin-bottom:2px;border:red dotted thin;\">\n<p>MySQL query:</p>\n<p>ALTER TABLE `wp_repoissue` MODIFY id integer not null auto_increment</p>\n<p>Queries made or created this session were:</p>\n<ol>\n<li>Executing: BEGIN | (no parameters)</li>\n<li>Executing: ROLLBACK | (no parameters)</li>\n</ol>\n</div>\n<div style=\"clear:both;margin-bottom:2px;border:red dotted thin;\" class=\"error_message\" style=\"border-bottom:dotted blue thin;\">\nError occurred at line 4117 in Function <code>handle_error</code>. Error message was: Unknown operation: MODIFY.\n</div>\n<p>Backtrace:</p>\n<pre>#0 /internal/shared/sqlite-database-integration/wp-includes/sqlite/class-wp-sqlite-db.php(287): WP_SQLite_Translator->get_error_message()\n#1 /wordpress/wp-includes/class-wpdb.php(3146): WP_SQLite_DB->query('ALTER TABLE `wp...')\n#2 /wordpress/wp-content/plugins/wp-repo-tracker/ext/wprecord/WpRecord.php(369): wpdb->get_results('ALTER TABLE `wp...', 'ARRAY_A')\n#3 /wordpress/wp-content/plugins/wp-repo-tracker/ext/wprecord/WpRecord.php(131): WpRecord::query('ALTER TABLE `wp...')\n#4 /wordpress/wp-content/plugins/wp-repo-tracker/src/plugin/RepoTrackerPlugin.php(36): WpRecord::install()\n#5 /wordpress/wp-includes/class-wp-hook.php(324): repotracker\\RepoTrackerPlugin->activate(false)\n#6 /wordpress/wp-includes/class-wp-hook.php(348): WP_Hook->apply_filters('', Array)\n#7 /wordpress/wp-includes/plugin.php(517): WP_Hook->do_action(Array)\n#8 /wordpress/wp-admin/includes/plugin.php(703): do_action('activate_wp-rep...', false)\n#9 /internal/eval.php(20): activate_plugin('wp-repo-tracker...')\n#10 {main}</pre>\n in /wordpress/wp-content/plugins/wp-repo-tracker/ext/wprecord/WpRecord.php:371\nStack trace:\n#0 /wordpress/wp-content/plugins/wp-repo-tracker/ext/wprecord/WpRecord.php(131): WpRecord::query('ALTER TABLE `wp...')\n#1 /wordpress/wp-content/plugins/wp-repo-tracker/src/plugin/RepoTrackerPlugin.php(36): WpRecord::install()\n#2 /wordpress/wp-includes/class-wp-hook.php(324): repotracker\\RepoTrackerPlugin->activate(false)\n#3 /wordpress/wp-includes/class-wp-hook.php(348): WP_Hook->apply_filters('', Array)\n#4 /wordpress/wp-includes/plugin.php(517): WP_Hook->do_action(Array)\n#5 /wordpress/wp-admin/includes/plugin.php(703): do_action('activate_wp-rep...', false)\n#6 /internal/eval.php(20): activate_plugin('wp-repo-tracker...')\n#7 {main}\n  thrown in /wordpress/wp-content/plugins/wp-repo-tracker/ext/wprecord/WpRecord.php on line 371",
    "log": "/logs/plugins/w/website-monitoring-2/error.json"
  },
  {
    "message": "Constant RWMB_URL already defined in /wordpress/wp-content/plugins/wp-repo-tracker/ext/meta-box/inc/loader.php on line 27",
    "level": "WARNING",
    "type": "PHP",
    "test": "jspi-boot",
    "plugin": "website-monitoring-2",
    "details": "[06-May-2025 08:38:24 UTC] PHP Warning:  Constant RWMB_URL already defined in /wordpress/wp-content/plugins/wp-repo-tracker/ext/meta-box/inc/loader.php on line 27",
    "log": "/logs/plugins/w/website-monitoring-2/error.json"
  },
  {
    "message": "Function register_uninstall_hook was called <strong>incorrectly</strong>. Only a static class method or function can be used in an uninstall hook. Please see <a href=\"https://developer.wordpress.org/advanced-administration/debug/debug-wordpress/\">Debugging in WordPress</a> for more information. (This message was added in version 3.1.0.) in /wordpress/wp-includes/functions.php on line 6121",
    "level": "NOTICE",
    "type": "PHP",
    "test": "jspi-boot",
    "plugin": "website-monitoring-2",
    "details": "[06-May-2025 08:38:24 UTC] PHP Notice:  Function register_uninstall_hook was called <strong>incorrectly</strong>. Only a static class method or function can be used in an uninstall hook. Please see <a href=\"https://developer.wordpress.org/advanced-administration/debug/debug-wordpress/\">Debugging in WordPress</a> for more information. (This message was added in version 3.1.0.) in /wordpress/wp-includes/functions.php on line 6121",
    "log": "/logs/plugins/w/website-monitoring-2/error.json"
  },
  {
    "message": "Private methods cannot be final as they are never overridden by other classes in /wordpress/wp-content/plugins/wp-repo-tracker/ext/wprecord/WpRecord.php on line 75",
    "level": "WARNING",
    "type": "PHP",
    "test": "jspi-boot",
    "plugin": "website-monitoring-2",
    "details": "[06-May-2025 08:38:24 UTC] PHP Warning:  Private methods cannot be final as they are never overridden by other classes in /wordpress/wp-content/plugins/wp-repo-tracker/ext/wprecord/WpRecord.php on line 75",
    "log": "/logs/plugins/w/website-monitoring-2/error.json"
  },
  {
    "message": "Private methods cannot be final as they are never overridden by other classes in /wordpress/wp-content/plugins/wp-repo-tracker/ext/wprecord/WpRecord.php on line 336",
    "level": "WARNING",
    "type": "PHP",
    "test": "jspi-boot",
    "plugin": "website-monitoring-2",
    "details": "[06-May-2025 08:38:24 UTC] PHP Warning:  Private methods cannot be final as they are never overridden by other classes in /wordpress/wp-content/plugins/wp-repo-tracker/ext/wprecord/WpRecord.php on line 336",
    "log": "/logs/plugins/w/website-monitoring-2/error.json"
  },
  {
    "message": "Private methods cannot be final as they are never overridden by other classes in /wordpress/wp-content/plugins/wp-repo-tracker/ext/wprecord/WpRecord.php on line 350",
    "level": "WARNING",
    "type": "PHP",
    "test": "jspi-boot",
    "plugin": "website-monitoring-2",
    "details": "[06-May-2025 08:38:24 UTC] PHP Warning:  Private methods cannot be final as they are never overridden by other classes in /wordpress/wp-content/plugins/wp-repo-tracker/ext/wprecord/WpRecord.php on line 350",
    "log": "/logs/plugins/w/website-monitoring-2/error.json"
  },
  {
    "message": "Private methods cannot be final as they are never overridden by other classes in /wordpress/wp-content/plugins/wp-repo-tracker/ext/wprecord/WpRecord.php on line 409",
    "level": "WARNING",
    "type": "PHP",
    "test": "jspi-boot",
    "plugin": "website-monitoring-2",
    "details": "[06-May-2025 08:38:24 UTC] PHP Warning:  Private methods cannot be final as they are never overridden by other classes in /wordpress/wp-content/plugins/wp-repo-tracker/ext/wprecord/WpRecord.php on line 409",
    "log": "/logs/plugins/w/website-monitoring-2/error.json"
  },
  {
    "message": "Unknown operation: MODIFY.",
    "level": "FATAL",
    "type": "SQL",
    "test": "jspi-boot",
    "plugin": "website-monitoring-2",
    "details": "[06-May-2025 08:38:24 UTC] WordPress database error <div style=\"clear:both\">&nbsp;</div>\n<div class=\"queries\" style=\"clear:both;margin-bottom:2px;border:red dotted thin;\">\n<p>MySQL query:</p>\n<p>ALTER TABLE `wp_repoissue` MODIFY id integer not null auto_increment</p>\n<p>Queries made or created this session were:</p>\n<ol>\n<li>Executing: BEGIN | (no parameters)</li>\n<li>Executing: ROLLBACK | (no parameters)</li>\n</ol>\n</div>\n<div style=\"clear:both;margin-bottom:2px;border:red dotted thin;\" class=\"error_message\" style=\"border-bottom:dotted blue thin;\">\nError occurred at line 4117 in Function <code>handle_error</code>. Error message was: Unknown operation: MODIFY.\n</div>\n<p>Backtrace:</p>\n<pre>#0 /internal/shared/sqlite-database-integration/wp-includes/sqlite/class-wp-sqlite-db.php(287): WP_SQLite_Translator->get_error_message()\n#1 /wordpress/wp-includes/class-wpdb.php(3146): WP_SQLite_DB->query('ALTER TABLE `wp...')\n#2 /wordpress/wp-content/plugins/wp-repo-tracker/ext/wprecord/WpRecord.php(369): wpdb->get_results('ALTER TABLE `wp...', 'ARRAY_A')\n#3 /wordpress/wp-content/plugins/wp-repo-tracker/ext/wprecord/WpRecord.php(131): WpRecord::query('ALTER TABLE `wp...')\n#4 /wordpress/wp-content/plugins/wp-repo-tracker/src/plugin/RepoTrackerPlugin.php(36): WpRecord::install()\n#5 /wordpress/wp-includes/class-wp-hook.php(324): repotracker\\RepoTrackerPlugin->activate(false)\n#6 /wordpress/wp-includes/class-wp-hook.php(348): WP_Hook->apply_filters('', Array)\n#7 /wordpress/wp-includes/plugin.php(517): WP_Hook->do_action(Array)\n#8 /wordpress/wp-admin/includes/plugin.php(703): do_action('activate_wp-rep...', false)\n#9 /internal/eval.php(20): activate_plugin('wp-repo-tracker...')\n#10 {main}</pre>\n for query ALTER TABLE `wp_repoissue` MODIFY id integer not null auto_increment made by activate_plugin, do_action('activate_wp-repo-tracker/wp-repo-tracker.php'), WP_Hook->do_action, WP_Hook->apply_filters, repotracker\\RepoTrackerPlugin->activate, WpRecord::install, WpRecord::query, WP_SQLite_DB->query, WP_SQLite_DB->print_error",
    "log": "/logs/plugins/w/website-monitoring-2/error.json"
  },
  {
    "message": "Uncaught Exception: <div style=\"clear:both\">&nbsp;</div>",
    "level": "FATAL",
    "type": "PHP",
    "test": "jspi-boot",
    "plugin": "website-monitoring-2",
    "details": "[06-May-2025 08:38:24 UTC] PHP Fatal error:  Uncaught Exception: <div style=\"clear:both\">&nbsp;</div>\n<div class=\"queries\" style=\"clear:both;margin-bottom:2px;border:red dotted thin;\">\n<p>MySQL query:</p>\n<p>ALTER TABLE `wp_repoissue` MODIFY id integer not null auto_increment</p>\n<p>Queries made or created this session were:</p>\n<ol>\n<li>Executing: BEGIN | (no parameters)</li>\n<li>Executing: ROLLBACK | (no parameters)</li>\n</ol>\n</div>\n<div style=\"clear:both;margin-bottom:2px;border:red dotted thin;\" class=\"error_message\" style=\"border-bottom:dotted blue thin;\">\nError occurred at line 4117 in Function <code>handle_error</code>. Error message was: Unknown operation: MODIFY.\n</div>\n<p>Backtrace:</p>\n<pre>#0 /internal/shared/sqlite-database-integration/wp-includes/sqlite/class-wp-sqlite-db.php(287): WP_SQLite_Translator->get_error_message()\n#1 /wordpress/wp-includes/class-wpdb.php(3146): WP_SQLite_DB->query('ALTER TABLE `wp...')\n#2 /wordpress/wp-content/plugins/wp-repo-tracker/ext/wprecord/WpRecord.php(369): wpdb->get_results('ALTER TABLE `wp...', 'ARRAY_A')\n#3 /wordpress/wp-content/plugins/wp-repo-tracker/ext/wprecord/WpRecord.php(131): WpRecord::query('ALTER TABLE `wp...')\n#4 /wordpress/wp-content/plugins/wp-repo-tracker/src/plugin/RepoTrackerPlugin.php(36): WpRecord::install()\n#5 /wordpress/wp-includes/class-wp-hook.php(324): repotracker\\RepoTrackerPlugin->activate(false)\n#6 /wordpress/wp-includes/class-wp-hook.php(348): WP_Hook->apply_filters('', Array)\n#7 /wordpress/wp-includes/plugin.php(517): WP_Hook->do_action(Array)\n#8 /wordpress/wp-admin/includes/plugin.php(703): do_action('activate_wp-rep...', false)\n#9 /internal/eval.php(20): activate_plugin('wp-repo-tracker...')\n#10 {main}</pre>\n in /wordpress/wp-content/plugins/wp-repo-tracker/ext/wprecord/WpRecord.php:371\nStack trace:\n#0 /wordpress/wp-content/plugins/wp-repo-tracker/ext/wprecord/WpRecord.php(131): WpRecord::query('ALTER TABLE `wp...')\n#1 /wordpress/wp-content/plugins/wp-repo-tracker/src/plugin/RepoTrackerPlugin.php(36): WpRecord::install()\n#2 /wordpress/wp-includes/class-wp-hook.php(324): repotracker\\RepoTrackerPlugin->activate(false)\n#3 /wordpress/wp-includes/class-wp-hook.php(348): WP_Hook->apply_filters('', Array)\n#4 /wordpress/wp-includes/plugin.php(517): WP_Hook->do_action(Array)\n#5 /wordpress/wp-admin/includes/plugin.php(703): do_action('activate_wp-rep...', false)\n#6 /internal/eval.php(20): activate_plugin('wp-repo-tracker...')\n#7 {main}\n  thrown in /wordpress/wp-content/plugins/wp-repo-tracker/ext/wprecord/WpRecord.php on line 371",
    "log": "/logs/plugins/w/website-monitoring-2/error.json"
  },
  {
    "message": "Function _load_textdomain_just_in_time was called <strong>incorrectly</strong>. Translation loading for the <code>woocommerce</code> domain was triggered too early. This is usually an indicator for some code in the plugin or theme running too early. Translations should be loaded at the <code>init</code> action or later. Please see <a href=\"https://developer.wordpress.org/advanced-administration/debug/debug-wordpress/\">Debugging in WordPress</a> for more information. (This message was added in version 6.7.0.) in /wordpress/wp-includes/functions.php on line 6121",
    "level": "NOTICE",
    "type": "PHP",
    "test": "jspi-boot",
    "plugin": "website-monitoring-2",
    "details": "[06-May-2025 08:39:49 UTC] PHP Notice:  Function _load_textdomain_just_in_time was called <strong>incorrectly</strong>. Translation loading for the <code>woocommerce</code> domain was triggered too early. This is usually an indicator for some code in the plugin or theme running too early. Translations should be loaded at the <code>init</code> action or later. Please see <a href=\"https://developer.wordpress.org/advanced-administration/debug/debug-wordpress/\">Debugging in WordPress</a> for more information. (This message was added in version 6.7.0.) in /wordpress/wp-includes/functions.php on line 6121",
    "log": "/logs/plugins/w/website-monitoring-2/error.json"
  },
  {
    "message": "Function _load_textdomain_just_in_time was called <strong>incorrectly</strong>. Translation loading for the <code>woocommerce</code> domain was triggered too early. This is usually an indicator for some code in the plugin or theme running too early. Translations should be loaded at the <code>init</code> action or later. Please see <a href=\"https://developer.wordpress.org/advanced-administration/debug/debug-wordpress/\">Debugging in WordPress</a> for more information. (This message was added in version 6.7.0.) in /wordpress/wp-includes/functions.php on line 6121",
    "level": "NOTICE",
    "type": "PHP",
    "test": "jspi-boot",
    "plugin": "website-monitoring-2",
    "details": "[06-May-2025 08:40:29 UTC] PHP Notice:  Function _load_textdomain_just_in_time was called <strong>incorrectly</strong>. Translation loading for the <code>woocommerce</code> domain was triggered too early. This is usually an indicator for some code in the plugin or theme running too early. Translations should be loaded at the <code>init</code> action or later. Please see <a href=\"https://developer.wordpress.org/advanced-administration/debug/debug-wordpress/\">Debugging in WordPress</a> for more information. (This message was added in version 6.7.0.) in /wordpress/wp-includes/functions.php on line 6121",
    "log": "/logs/plugins/w/website-monitoring-2/error.json"
  },
  {
    "message": "Function _load_textdomain_just_in_time was called <strong>incorrectly</strong>. Translation loading for the <code>woocommerce</code> domain was triggered too early. This is usually an indicator for some code in the plugin or theme running too early. Translations should be loaded at the <code>init</code> action or later. Please see <a href=\"https://developer.wordpress.org/advanced-administration/debug/debug-wordpress/\">Debugging in WordPress</a> for more information. (This message was added in version 6.7.0.) in /wordpress/wp-includes/functions.php on line 6121",
    "level": "NOTICE",
    "type": "PHP",
    "test": "jspi-boot",
    "plugin": "website-monitoring-2",
    "details": "[06-May-2025 08:41:08 UTC] PHP Notice:  Function _load_textdomain_just_in_time was called <strong>incorrectly</strong>. Translation loading for the <code>woocommerce</code> domain was triggered too early. This is usually an indicator for some code in the plugin or theme running too early. Translations should be loaded at the <code>init</code> action or later. Please see <a href=\"https://developer.wordpress.org/advanced-administration/debug/debug-wordpress/\">Debugging in WordPress</a> for more information. (This message was added in version 6.7.0.) in /wordpress/wp-includes/functions.php on line 6121",
    "log": "/logs/plugins/w/website-monitoring-2/error.json"
  },
  {
    "message": "Function _load_textdomain_just_in_time was called <strong>incorrectly</strong>. Translation loading for the <code>wp-embed-facebook</code> domain was triggered too early. This is usually an indicator for some code in the plugin or theme running too early. Translations should be loaded at the <code>init</code> action or later. Please see <a href=\"https://developer.wordpress.org/advanced-administration/debug/debug-wordpress/\">Debugging in WordPress</a> for more information. (This message was added in version 6.7.0.) in /wordpress/wp-includes/functions.php on line 6121",
    "level": "NOTICE",
    "type": "PHP",
    "test": "jspi-boot",
    "plugin": "website-monitoring-2",
    "details": "[06-May-2025 08:41:49 UTC] PHP Notice:  Function _load_textdomain_just_in_time was called <strong>incorrectly</strong>. Translation loading for the <code>wp-embed-facebook</code> domain was triggered too early. This is usually an indicator for some code in the plugin or theme running too early. Translations should be loaded at the <code>init</code> action or later. Please see <a href=\"https://developer.wordpress.org/advanced-administration/debug/debug-wordpress/\">Debugging in WordPress</a> for more information. (This message was added in version 6.7.0.) in /wordpress/wp-includes/functions.php on line 6121",
    "log": "/logs/plugins/w/website-monitoring-2/error.json"
  },
  {
    "message": "Function _load_textdomain_just_in_time was called <strong>incorrectly</strong>. Translation loading for the <code>wp-embed-facebook</code> domain was triggered too early. This is usually an indicator for some code in the plugin or theme running too early. Translations should be loaded at the <code>init</code> action or later. Please see <a href=\"https://developer.wordpress.org/advanced-administration/debug/debug-wordpress/\">Debugging in WordPress</a> for more information. (This message was added in version 6.7.0.) in /wordpress/wp-includes/functions.php on line 6121",
    "level": "NOTICE",
    "type": "PHP",
    "test": "jspi-boot",
    "plugin": "website-monitoring-2",
    "details": "[06-May-2025 08:41:58 UTC] PHP Notice:  Function _load_textdomain_just_in_time was called <strong>incorrectly</strong>. Translation loading for the <code>wp-embed-facebook</code> domain was triggered too early. This is usually an indicator for some code in the plugin or theme running too early. Translations should be loaded at the <code>init</code> action or later. Please see <a href=\"https://developer.wordpress.org/advanced-administration/debug/debug-wordpress/\">Debugging in WordPress</a> for more information. (This message was added in version 6.7.0.) in /wordpress/wp-includes/functions.php on line 6121",
    "log": "/logs/plugins/w/website-monitoring-2/error.json"
  },
  {
    "message": "Function _load_textdomain_just_in_time was called <strong>incorrectly</strong>. Translation loading for the <code>wp-embed-facebook</code> domain was triggered too early. This is usually an indicator for some code in the plugin or theme running too early. Translations should be loaded at the <code>init</code> action or later. Please see <a href=\"https://developer.wordpress.org/advanced-administration/debug/debug-wordpress/\">Debugging in WordPress</a> for more information. (This message was added in version 6.7.0.) in /wordpress/wp-includes/functions.php on line 6121",
    "level": "NOTICE",
    "type": "PHP",
    "test": "jspi-boot",
    "plugin": "website-monitoring-2",
    "details": "[06-May-2025 08:42:07 UTC] PHP Notice:  Function _load_textdomain_just_in_time was called <strong>incorrectly</strong>. Translation loading for the <code>wp-embed-facebook</code> domain was triggered too early. This is usually an indicator for some code in the plugin or theme running too early. Translations should be loaded at the <code>init</code> action or later. Please see <a href=\"https://developer.wordpress.org/advanced-administration/debug/debug-wordpress/\">Debugging in WordPress</a> for more information. (This message was added in version 6.7.0.) in /wordpress/wp-includes/functions.php on line 6121",
    "log": "/logs/plugins/w/website-monitoring-2/error.json"
  },
  {
    "message": "Undefined variable $wpdb in /wordpress/wp-content/plugins/wp-flock/wp-flock.php on line 47",
    "level": "WARNING",
    "type": "PHP",
    "test": "jspi-boot",
    "plugin": "website-monitoring-2",
    "details": "[06-May-2025 08:42:16 UTC] PHP Warning:  Undefined variable $wpdb in /wordpress/wp-content/plugins/wp-flock/wp-flock.php on line 47",
    "log": "/logs/plugins/w/website-monitoring-2/error.json"
  },
  {
    "message": "Attempt to read property \"prefix\" on null in /wordpress/wp-content/plugins/wp-flock/wp-flock.php on line 47",
    "level": "WARNING",
    "type": "PHP",
    "test": "jspi-boot",
    "plugin": "website-monitoring-2",
    "details": "[06-May-2025 08:42:16 UTC] PHP Warning:  Attempt to read property \"prefix\" on null in /wordpress/wp-content/plugins/wp-flock/wp-flock.php on line 47",
    "log": "/logs/plugins/w/website-monitoring-2/error.json"
  },
  {
    "message": "Uncaught Error: Attempt to assign property \"flgroups\" on null in /wordpress/wp-content/plugins/wp-flock/wp-flock.php:47",
    "level": "FATAL",
    "type": "PHP",
    "test": "jspi-boot",
    "plugin": "website-monitoring-2",
    "details": "[06-May-2025 08:42:16 UTC] PHP Fatal error:  Uncaught Error: Attempt to assign property \"flgroups\" on null in /wordpress/wp-content/plugins/wp-flock/wp-flock.php:47\nStack trace:\n#0 /wordpress/wp-admin/includes/plugin.php(2387): include_once()\n#1 /wordpress/wp-admin/includes/plugin.php(673): plugin_sandbox_scrape('wp-flock/wp-flo...')\n#2 /internal/eval.php(20): activate_plugin('wp-flock/wp-flo...')\n#3 {main}\n  thrown in /wordpress/wp-content/plugins/wp-flock/wp-flock.php on line 47",
    "log": "/logs/plugins/w/website-monitoring-2/error.json"
  },
  {
    "message": "Undefined variable $wpdb in /wordpress/wp-content/plugins/wp-flock/wp-flock.php on line 47",
    "level": "WARNING",
    "type": "PHP",
    "test": "jspi-boot",
    "plugin": "website-monitoring-2",
    "details": "[06-May-2025 08:42:23 UTC] PHP Warning:  Undefined variable $wpdb in /wordpress/wp-content/plugins/wp-flock/wp-flock.php on line 47",
    "log": "/logs/plugins/w/website-monitoring-2/error.json"
  },
  {
    "message": "Attempt to read property \"prefix\" on null in /wordpress/wp-content/plugins/wp-flock/wp-flock.php on line 47",
    "level": "WARNING",
    "type": "PHP",
    "test": "jspi-boot",
    "plugin": "website-monitoring-2",
    "details": "[06-May-2025 08:42:23 UTC] PHP Warning:  Attempt to read property \"prefix\" on null in /wordpress/wp-content/plugins/wp-flock/wp-flock.php on line 47",
    "log": "/logs/plugins/w/website-monitoring-2/error.json"
  },
  {
    "message": "Uncaught Error: Attempt to assign property \"flgroups\" on null in /wordpress/wp-content/plugins/wp-flock/wp-flock.php:47",
    "level": "FATAL",
    "type": "PHP",
    "test": "jspi-boot",
    "plugin": "website-monitoring-2",
    "details": "[06-May-2025 08:42:23 UTC] PHP Fatal error:  Uncaught Error: Attempt to assign property \"flgroups\" on null in /wordpress/wp-content/plugins/wp-flock/wp-flock.php:47\nStack trace:\n#0 /wordpress/wp-admin/includes/plugin.php(2387): include_once()\n#1 /wordpress/wp-admin/includes/plugin.php(673): plugin_sandbox_scrape('wp-flock/wp-flo...')\n#2 /internal/eval.php(20): activate_plugin('wp-flock/wp-flo...')\n#3 {main}\n  thrown in /wordpress/wp-content/plugins/wp-flock/wp-flock.php on line 47",
    "log": "/logs/plugins/w/website-monitoring-2/error.json"
  },
  {
    "message": "Undefined variable $wpdb in /wordpress/wp-content/plugins/wp-flock/wp-flock.php on line 47",
    "level": "WARNING",
    "type": "PHP",
    "test": "jspi-boot",
    "plugin": "website-monitoring-2",
    "details": "[06-May-2025 08:42:31 UTC] PHP Warning:  Undefined variable $wpdb in /wordpress/wp-content/plugins/wp-flock/wp-flock.php on line 47",
    "log": "/logs/plugins/w/website-monitoring-2/error.json"
  },
  {
    "message": "Attempt to read property \"prefix\" on null in /wordpress/wp-content/plugins/wp-flock/wp-flock.php on line 47",
    "level": "WARNING",
    "type": "PHP",
    "test": "jspi-boot",
    "plugin": "website-monitoring-2",
    "details": "[06-May-2025 08:42:31 UTC] PHP Warning:  Attempt to read property \"prefix\" on null in /wordpress/wp-content/plugins/wp-flock/wp-flock.php on line 47",
    "log": "/logs/plugins/w/website-monitoring-2/error.json"
  },
  {
    "message": "Uncaught Error: Attempt to assign property \"flgroups\" on null in /wordpress/wp-content/plugins/wp-flock/wp-flock.php:47",
    "level": "FATAL",
    "type": "PHP",
    "test": "jspi-boot",
    "plugin": "website-monitoring-2",
    "details": "[06-May-2025 08:42:31 UTC] PHP Fatal error:  Uncaught Error: Attempt to assign property \"flgroups\" on null in /wordpress/wp-content/plugins/wp-flock/wp-flock.php:47\nStack trace:\n#0 /wordpress/wp-admin/includes/plugin.php(2387): include_once()\n#1 /wordpress/wp-admin/includes/plugin.php(673): plugin_sandbox_scrape('wp-flock/wp-flo...')\n#2 /internal/eval.php(20): activate_plugin('wp-flock/wp-flo...')\n#3 {main}\n  thrown in /wordpress/wp-content/plugins/wp-flock/wp-flock.php on line 47\n\n    at Object.onBind (file:///home/runner/work/playground-tester/playground-tester/node_modules/@wp-playground/cli/index.js:237:15)\n    at process.processTicksAndRejections (node:internal/process/task_queues:105:5)\n    at async V (file:///home/runner/work/playground-tester/playground-tester/node_modules/@wp-playground/cli/index.js:64:10)\n    at async ja (file:///home/runner/work/playground-tester/playground-tester/node_modules/@wp-playground/cli/cli.js:8161:12) {\n  [cause]: Error: Error when executing the blueprint step #1 ({\"step\":\"installPlugin\",\"pluginData\":{\"resource\":\"wordpress.org/plugins\",\"slug\":\"website-monitoring-2\"},\"options\":{\"activate\":true}}) : Could not download \"https://downloads.wordpress.org/plugin/website-monitoring-2.latest-stable.zip\".\n  \t\t\t\tCheck if the URL is correct and the server is reachable.\n  \t\t\t\tIf it is reachable, the server might be blocking the request.\n  \t\t\t\tCheck the browser console and network tabs for more information.\n  \n  \t\t\t\t## Does the console show the error \"No 'Access-Control-Allow-Origin' header\"?\n  \n  \t\t\t\tThis means the server that hosts your file does not allow requests from other sites\n  \t\t\t\t(cross-origin requests, or CORS).\tYou need to move the asset to a server that allows\n  \t\t\t\tcross-origin file downloads. Learn more about CORS at\n  \t\t\t\thttps://developer.mozilla.org/en-US/docs/Web/HTTP/CORS.\n  \n  \t\t\t\tIf your file is on GitHub, load it from \"raw.githubusercontent.com\".\n  \t\t\t\tHere's how to do that:\n  \n  \t\t\t\t1. Start with the original GitHub URL of the file. For example:\n  \t\t\t\thttps://github.com/username/repository/blob/branch/filename.\n  \t\t\t\t2. Replace \"github.com\" with \"raw.githubusercontent.com\".\n  \t\t\t\t3. Remove the \"/blob/\" part of the URL.\n  \n  \t\t\t\tThe resulting URL should look like this:\n  \t\t\t\thttps://raw.githubusercontent.com/username/repository/branch/filename\n  \n  \t\t\t\tError:\n  \t\t\t\tError: Could not download \"https://downloads.wordpress.org/plugin/website-monitoring-2.latest-stable.zip\"\n      at Object.run (file:///home/runner/work/playground-tester/playground-tester/node_modules/@wp-playground/blueprints/index.js:12449:19)\n      at process.processTicksAndRejections (node:internal/process/task_queues:105:5)\n      at async ms (file:///home/runner/work/playground-tester/playground-tester/node_modules/@wp-playground/blueprints/index.js:12552:3)\n      at async Object.onBind (file:///home/runner/work/playground-tester/playground-tester/node_modules/@wp-playground/cli/index.js:227:48)\n      at async V (file:///home/runner/work/playground-tester/playground-tester/node_modules/@wp-playground/cli/index.js:64:10)\n      at async ja (file:///home/runner/work/playground-tester/playground-tester/node_modules/@wp-playground/cli/cli.js:8161:12) {\n    [cause]: Error: Could not download \"https://downloads.wordpress.org/plugin/website-monitoring-2.latest-stable.zip\".\n    \t\t\t\tCheck if the URL is correct and the server is reachable.\n    \t\t\t\tIf it is reachable, the server might be blocking the request.\n    \t\t\t\tCheck the browser console and network tabs for more information.\n    \n    \t\t\t\t## Does the console show the error \"No 'Access-Control-Allow-Origin' header\"?\n    \n    \t\t\t\tThis means the server that hosts your file does not allow requests from other sites\n    \t\t\t\t(cross-origin requests, or CORS).\tYou need to move the asset to a server that allows\n    \t\t\t\tcross-origin file downloads. Learn more about CORS at\n    \t\t\t\thttps://developer.mozilla.org/en-US/docs/Web/HTTP/CORS.\n    \n    \t\t\t\tIf your file is on GitHub, load it from \"raw.githubusercontent.com\".\n    \t\t\t\tHere's how to do that:\n    \n    \t\t\t\t1. Start with the original GitHub URL of the file. For example:\n    \t\t\t\thttps://github.com/username/repository/blob/branch/filename.\n    \t\t\t\t2. Replace \"github.com\" with \"raw.githubusercontent.com\".\n    \t\t\t\t3. Remove the \"/blob/\" part of the URL.\n    \n    \t\t\t\tThe resulting URL should look like this:\n    \t\t\t\thttps://raw.githubusercontent.com/username/repository/branch/filename\n    \n    \t\t\t\tError:\n    \t\t\t\tError: Could not download \"https://downloads.wordpress.org/plugin/website-monitoring-2.latest-stable.zip\"\n        at Ct.resolve (file:///home/runner/work/playground-tester/playground-tester/node_modules/@wp-playground/blueprints/index.js:1472:13)\n        at process.processTicksAndRejections (node:internal/process/task_queues:105:5)\n        at async _.run (file:///home/runner/work/playground-tester/playground-tester/node_modules/@php-wasm/util/index.js:45:14)\n  }\n}\n\n",
    "log": "/logs/plugins/w/website-monitoring-2/error.json"
  }
]
