file:///home/runner/work/playground-tester/playground-tester/node_modules/@wp-playground/cli/cli.js:21
`)},constants:R,phpIniEntries:{"openssl.cafile":"/internal/shared/ca-bundle.crt",allow_url_fopen:"1",disable_functions:""},hooks:{async beforeWordPressFiles(h){e.mountBeforeInstall&&u(h,e.mountBeforeInstall)}}}),d.log("Booted!");const W=await w.getPrimaryPhp();try{if(o&&!e.mountBeforeInstall&&!m.existsSync(f)&&(d.log("Caching preinstalled WordPress for the next boot..."),m.writeFileSync(f,await Z(W,"/wordpress")),d.log("Cached!")),e.mount&&u(W,e.mount),H=!0,l){const{php:h,reap:b}=await w.processManager.acquirePHPInstance();try{d.log("Running the Blueprint..."),await M(l,h),d.log("Finished running the blueprint")}finally{b()}}a==="build-snapshot"?(await i(e.outfile),d.log(`WordPress exported to ${e.outfile}`),process.exit(0)):a==="run-blueprint"?(d.log("Blueprint executed"),process.exit(0)):d.log(`WordPress is running on ${s}`)}catch(h){if(!e.debug)throw h;const b=W.readFileAsText(L);throw new Error(b,{cause:h})}},async handleRequest(r){return H?await w.request(r):U.forHttpCode(502,"WordPress is not ready yet")}})}te();
                                                                                                                                                                                                                                                                                                                                                                                                                                                                                                                                                                                                                                                                                                                                                                                                                                                                                                                                      ^

Error: [11-Apr-2025 09:47:27 UTC] PHP Fatal error:  Uncaught Error: Call to undefined function create_function() in /wordpress/wp-content/plugins/business-block-widget/business-block-widget.php:320
Stack trace:
#0 /wordpress/wp-admin/includes/plugin.php(2387): include_once()
#1 /wordpress/wp-admin/includes/plugin.php(673): plugin_sandbox_scrape('business-block-...')
#2 /internal/eval.php(20): activate_plugin('business-block-...')
#3 {main}
  thrown in /wordpress/wp-content/plugins/business-block-widget/business-block-widget.php on line 320
[11-Apr-2025 09:47:35 UTC] PHP Fatal error:  Uncaught Error: Call to undefined function create_function() in /wordpress/wp-content/plugins/business-block-widget/business-block-widget.php:320
Stack trace:
#0 /wordpress/wp-admin/includes/plugin.php(2387): include_once()
#1 /wordpress/wp-admin/includes/plugin.php(673): plugin_sandbox_scrape('business-block-...')
#2 /internal/eval.php(20): activate_plugin('business-block-...')
#3 {main}
  thrown in /wordpress/wp-content/plugins/business-block-widget/business-block-widget.php on line 320
[11-Apr-2025 09:47:43 UTC] PHP Fatal error:  Uncaught Error: Call to undefined function create_function() in /wordpress/wp-content/plugins/business-block-widget/business-block-widget.php:320
Stack trace:
#0 /wordpress/wp-admin/includes/plugin.php(2387): include_once()
#1 /wordpress/wp-admin/includes/plugin.php(673): plugin_sandbox_scrape('business-block-...')
#2 /internal/eval.php(20): activate_plugin('business-block-...')
#3 {main}
  thrown in /wordpress/wp-content/plugins/business-block-widget/business-block-widget.php on line 320
[11-Apr-2025 09:47:54 UTC] PHP Warning:  Undefined array key "path" in /wordpress/wp-content/plugins/buying-buddy-idx-crm/class/BuyingBuddy.php on line 39
[11-Apr-2025 09:47:54 UTC] PHP Warning:  Undefined array key 1 in /wordpress/wp-content/plugins/buying-buddy-idx-crm/class/BuyingBuddy.php on line 40
[11-Apr-2025 09:47:54 UTC] PHP Warning:  Undefined array key "path" in /wordpress/wp-content/plugins/buying-buddy-idx-crm/class/BuyingBuddy.php on line 52
[11-Apr-2025 09:47:54 UTC] PHP Warning:  Trying to access array offset on value of type bool in /wordpress/wp-content/plugins/buying-buddy-idx-crm/includes/functions.php on line 188
[11-Apr-2025 09:47:55 UTC] PHP Warning:  Undefined array key "path" in /wordpress/wp-content/plugins/buying-buddy-idx-crm/class/BuyingBuddy.php on line 39
[11-Apr-2025 09:47:55 UTC] PHP Warning:  Undefined array key 1 in /wordpress/wp-content/plugins/buying-buddy-idx-crm/class/BuyingBuddy.php on line 40
[11-Apr-2025 09:47:55 UTC] PHP Warning:  Undefined array key "path" in /wordpress/wp-content/plugins/buying-buddy-idx-crm/class/BuyingBuddy.php on line 52
[11-Apr-2025 09:48:03 UTC] PHP Warning:  Undefined array key "path" in /wordpress/wp-content/plugins/buying-buddy-idx-crm/class/BuyingBuddy.php on line 39
[11-Apr-2025 09:48:03 UTC] PHP Warning:  Undefined array key 1 in /wordpress/wp-content/plugins/buying-buddy-idx-crm/class/BuyingBuddy.php on line 40
[11-Apr-2025 09:48:03 UTC] PHP Warning:  Undefined array key "path" in /wordpress/wp-content/plugins/buying-buddy-idx-crm/class/BuyingBuddy.php on line 52
[11-Apr-2025 09:48:03 UTC] PHP Warning:  Trying to access array offset on value of type bool in /wordpress/wp-content/plugins/buying-buddy-idx-crm/includes/functions.php on line 188
[11-Apr-2025 09:48:04 UTC] PHP Warning:  Undefined array key "path" in /wordpress/wp-content/plugins/buying-buddy-idx-crm/class/BuyingBuddy.php on line 39
[11-Apr-2025 09:48:04 UTC] PHP Warning:  Undefined array key 1 in /wordpress/wp-content/plugins/buying-buddy-idx-crm/class/BuyingBuddy.php on line 40
[11-Apr-2025 09:48:04 UTC] PHP Warning:  Undefined array key "path" in /wordpress/wp-content/plugins/buying-buddy-idx-crm/class/BuyingBuddy.php on line 52
[11-Apr-2025 09:48:12 UTC] PHP Warning:  Undefined array key "path" in /wordpress/wp-content/plugins/buying-buddy-idx-crm/class/BuyingBuddy.php on line 39
[11-Apr-2025 09:48:12 UTC] PHP Warning:  Undefined array key 1 in /wordpress/wp-content/plugins/buying-buddy-idx-crm/class/BuyingBuddy.php on line 40
[11-Apr-2025 09:48:12 UTC] PHP Warning:  Undefined array key "path" in /wordpress/wp-content/plugins/buying-buddy-idx-crm/class/BuyingBuddy.php on line 52
[11-Apr-2025 09:48:12 UTC] PHP Warning:  Trying to access array offset on value of type bool in /wordpress/wp-content/plugins/buying-buddy-idx-crm/includes/functions.php on line 188
[11-Apr-2025 09:48:13 UTC] PHP Warning:  Undefined array key "path" in /wordpress/wp-content/plugins/buying-buddy-idx-crm/class/BuyingBuddy.php on line 39
[11-Apr-2025 09:48:13 UTC] PHP Warning:  Undefined array key 1 in /wordpress/wp-content/plugins/buying-buddy-idx-crm/class/BuyingBuddy.php on line 40
[11-Apr-2025 09:48:13 UTC] PHP Warning:  Undefined array key "path" in /wordpress/wp-content/plugins/buying-buddy-idx-crm/class/BuyingBuddy.php on line 52
[11-Apr-2025 09:48:26 UTC] PHP Fatal error:  Uncaught Error: Class 'WpOrg\Requests\Response' not found in /wordpress/wp-includes/Requests/src/Requests.php:724
Stack trace:
#0 /wordpress/wp-includes/Requests/src/Requests.php(473): WpOrg\Requests\Requests::parse_response('', 'http://127.0.0....', Array, NULL, Array)
#1 /wordpress/wp-includes/class-wp-http.php(410): WpOrg\Requests\Requests::request('http://127.0.0....', Array, NULL, 'POST', Array)
#2 /wordpress/wp-includes/class-wp-http.php(633): WP_Http->request('http://127.0.0....', Array)
#3 /wordpress/wp-includes/http.php(196): WP_Http->post('http://127.0.0....', Array)
#4 /wordpress/wp-includes/cron.php(949): wp_remote_post('http://127.0.0....', Array)
#5 /wordpress/wp-includes/cron.php(1029): spawn_cron(1744364903.727)
#6 /wordpress/wp-includes/class-wp-hook.php(324): _wp_cron('')
#7 /wordpress/wp-includes/class-wp-hook.php(348): WP_Hook->apply_filters(NULL, Array)
#8 /wordpress/wp-includes/plugin.php(517): WP_Hook->do_action(Array)
#9 /wordpress/wp-settings.php(726): do_action('wp_loaded')
#10 /word in /wordpress/wp-includes/Requests/src/Requests.php on line 724
[11-Apr-2025 09:50:47 UTC] PHP Fatal error:  Uncaught Error: Class 'WpOrg\Requests\Response' not found in /wordpress/wp-includes/Requests/src/Requests.php:724
Stack trace:
#0 /wordpress/wp-includes/Requests/src/Requests.php(473): WpOrg\Requests\Requests::parse_response('', 'http://127.0.0....', Array, NULL, Array)
#1 /wordpress/wp-includes/class-wp-http.php(410): WpOrg\Requests\Requests::request('http://127.0.0....', Array, NULL, 'POST', Array)
#2 /wordpress/wp-includes/class-wp-http.php(633): WP_Http->request('http://127.0.0....', Array)
#3 /wordpress/wp-includes/http.php(196): WP_Http->post('http://127.0.0....', Array)
#4 /wordpress/wp-includes/cron.php(949): wp_remote_post('http://127.0.0....', Array)
#5 /wordpress/wp-includes/cron.php(1029): spawn_cron(1744365045.398)
#6 /wordpress/wp-includes/class-wp-hook.php(324): _wp_cron('')
#7 /wordpress/wp-includes/class-wp-hook.php(348): WP_Hook->apply_filters(NULL, Array)
#8 /wordpress/wp-includes/plugin.php(517): WP_Hook->do_action(Array)
#9 /wordpress/wp-settings.php(726): do_action('wp_loaded')
#10 /word in /wordpress/wp-includes/Requests/src/Requests.php on line 724
[11-Apr-2025 09:51:45 UTC] PHP Fatal error:  Array and string offset access syntax with curly braces is no longer supported in /wordpress/wp-content/plugins/blog-watch/blog-watch.php on line 426
[11-Apr-2025 09:51:54 UTC] PHP Fatal error:  Array and string offset access syntax with curly braces is no longer supported in /wordpress/wp-content/plugins/blog-watch/blog-watch.php on line 426
[11-Apr-2025 09:52:01 UTC] PHP Fatal error:  Array and string offset access syntax with curly braces is no longer supported in /wordpress/wp-content/plugins/blog-watch/blog-watch.php on line 426
[11-Apr-2025 09:52:13 UTC] PHP Fatal error:  Uncaught Error: Call to undefined function create_function() in /wordpress/wp-content/plugins/blue-utopia/blueutopia.php:45
Stack trace:
#0 /wordpress/wp-admin/includes/plugin.php(2387): include_once()
#1 /wordpress/wp-admin/includes/plugin.php(673): plugin_sandbox_scrape('blue-utopia/blu...')
#2 /internal/eval.php(20): activate_plugin('blue-utopia/blu...')
#3 {main}
  thrown in /wordpress/wp-content/plugins/blue-utopia/blueutopia.php on line 45
[11-Apr-2025 09:52:21 UTC] PHP Fatal error:  Uncaught Error: Call to undefined function create_function() in /wordpress/wp-content/plugins/blue-utopia/blueutopia.php:45
Stack trace:
#0 /wordpress/wp-admin/includes/plugin.php(2387): include_once()
#1 /wordpress/wp-admin/includes/plugin.php(673): plugin_sandbox_scrape('blue-utopia/blu...')
#2 /internal/eval.php(20): activate_plugin('blue-utopia/blu...')
#3 {main}
  thrown in /wordpress/wp-content/plugins/blue-utopia/blueutopia.php on line 45
[11-Apr-2025 09:52:30 UTC] PHP Fatal error:  Uncaught Error: Call to undefined function create_function() in /wordpress/wp-content/plugins/blue-utopia/blueutopia.php:45
Stack trace:
#0 /wordpress/wp-admin/includes/plugin.php(2387): include_once()
#1 /wordpress/wp-admin/includes/plugin.php(673): plugin_sandbox_scrape('blue-utopia/blu...')
#2 /internal/eval.php(20): activate_plugin('blue-utopia/blu...')
#3 {main}
  thrown in /wordpress/wp-content/plugins/blue-utopia/blueutopia.php on line 45
[11-Apr-2025 09:52:42 UTC] PHP Fatal error:  Uncaught Error: Class 'WpOrg\Requests\Response' not found in /wordpress/wp-includes/Requests/src/Requests.php:724
Stack trace:
#0 /wordpress/wp-includes/Requests/src/Requests.php(473): WpOrg\Requests\Requests::parse_response('', 'http://127.0.0....', Array, NULL, Array)
#1 /wordpress/wp-includes/class-wp-http.php(410): WpOrg\Requests\Requests::request('http://127.0.0....', Array, NULL, 'POST', Array)
#2 /wordpress/wp-includes/class-wp-http.php(633): WP_Http->request('http://127.0.0....', Array)
#3 /wordpress/wp-includes/http.php(196): WP_Http->post('http://127.0.0....', Array)
#4 /wordpress/wp-includes/cron.php(949): wp_remote_post('http://127.0.0....', Array)
#5 /wordpress/wp-includes/cron.php(1029): spawn_cron(1744365160.048)
#6 /wordpress/wp-includes/class-wp-hook.php(324): _wp_cron('')
#7 /wordpress/wp-includes/class-wp-hook.php(348): WP_Hook->apply_filters(NULL, Array)
#8 /wordpress/wp-includes/plugin.php(517): WP_Hook->do_action(Array)
#9 /wordpress/wp-settings.php(726): do_action('wp_loaded')
#10 /word in /wordpress/wp-includes/Requests/src/Requests.php on line 724
[11-Apr-2025 09:52:51 UTC] PHP Fatal error:  Uncaught PDOException: SQLSTATE[HY000] [2002] Address family not supported by protocol in /wordpress/wp-content/plugins/bots-master/vendor/webxid/edmo/src/DB/Query.php:108
Stack trace:
#0 /wordpress/wp-content/plugins/bots-master/vendor/webxid/edmo/src/DB/Query.php(108): PDO->__construct('mysql:host=loca...', 'username_here', 'password_here', Array)
#1 /wordpress/wp-content/plugins/bots-master/vendor/webxid/edmo/src/DB.php(128): WebXID\EDMo\DB\Query::init('default', Array, false)
#2 /wordpress/wp-content/plugins/bots-master/vendor/webxid/edmo/src/DB.php(186): WebXID\EDMo\DB::connect()
#3 /wordpress/wp-content/plugins/bots-master/app/BotsMaster.php(147): WebXID\EDMo\DB::query('\n            CR...')
#4 /wordpress/wp-includes/class-wp-hook.php(324): WebXID\BotsMaster\BotsMaster->pluginActivation(false)
#5 /wordpress/wp-includes/class-wp-hook.php(348): WP_Hook->apply_filters('', Array)
#6 /wordpress/wp-includes/plugin.php(517): WP_Hook->do_action(Array)
#7 /wordpress/wp-admin/includes/plugin.php(703): do_action(' in /wordpress/wp-content/plugins/bots-master/vendor/webxid/edmo/src/DB/Query.php on line 108
[11-Apr-2025 09:53:01 UTC] PHP Fatal error:  Uncaught PDOException: SQLSTATE[HY000] [2002] Address family not supported by protocol in /wordpress/wp-content/plugins/bots-master/vendor/webxid/edmo/src/DB/Query.php:108
Stack trace:
#0 /wordpress/wp-content/plugins/bots-master/vendor/webxid/edmo/src/DB/Query.php(108): PDO->__construct('mysql:host=loca...', 'username_here', 'password_here', Array)
#1 /wordpress/wp-content/plugins/bots-master/vendor/webxid/edmo/src/DB.php(128): WebXID\EDMo\DB\Query::init('default', Array, false)
#2 /wordpress/wp-content/plugins/bots-master/vendor/webxid/edmo/src/DB.php(186): WebXID\EDMo\DB::connect()
#3 /wordpress/wp-content/plugins/bots-master/app/BotsMaster.php(147): WebXID\EDMo\DB::query('\n            CR...')
#4 /wordpress/wp-includes/class-wp-hook.php(324): WebXID\BotsMaster\BotsMaster->pluginActivation(false)
#5 /wordpress/wp-includes/class-wp-hook.php(348): WP_Hook->apply_filters('', Array)
#6 /wordpress/wp-includes/plugin.php(517): WP_Hook->do_action(Array)
#7 /wordpress/wp-admin/includes/plugin.php(703): do_action(' in /wordpress/wp-content/plugins/bots-master/vendor/webxid/edmo/src/DB/Query.php on line 108
[11-Apr-2025 09:53:13 UTC] PHP Fatal error:  Uncaught TypeError: call_user_func_array(): Argument #1 ($callback) must be a valid callback, non-static method Branded_Login_Screen::branded_login_screen_activate() cannot be called statically in /wordpress/wp-includes/class-wp-hook.php:324
Stack trace:
#0 /wordpress/wp-includes/class-wp-hook.php(348): WP_Hook->apply_filters('', Array)
#1 /wordpress/wp-includes/plugin.php(517): WP_Hook->do_action(Array)
#2 /wordpress/wp-admin/includes/plugin.php(703): do_action('activate_brande...', false)
#3 /internal/eval.php(20): activate_plugin('branded-login-s...')
#4 {main}
  thrown in /wordpress/wp-includes/class-wp-hook.php on line 324
[11-Apr-2025 09:53:21 UTC] PHP Fatal error:  Uncaught TypeError: call_user_func_array(): Argument #1 ($callback) must be a valid callback, non-static method Branded_Login_Screen::branded_login_screen_activate() cannot be called statically in /wordpress/wp-includes/class-wp-hook.php:324
Stack trace:
#0 /wordpress/wp-includes/class-wp-hook.php(348): WP_Hook->apply_filters('', Array)
#1 /wordpress/wp-includes/plugin.php(517): WP_Hook->do_action(Array)
#2 /wordpress/wp-admin/includes/plugin.php(703): do_action('activate_brande...', false)
#3 /internal/eval.php(20): activate_plugin('branded-login-s...')
#4 {main}
  thrown in /wordpress/wp-includes/class-wp-hook.php on line 324
[11-Apr-2025 09:53:29 UTC] PHP Fatal error:  Uncaught TypeError: call_user_func_array(): Argument #1 ($callback) must be a valid callback, non-static method Branded_Login_Screen::branded_login_screen_activate() cannot be called statically in /wordpress/wp-includes/class-wp-hook.php:324
Stack trace:
#0 /wordpress/wp-includes/class-wp-hook.php(348): WP_Hook->apply_filters('', Array)
#1 /wordpress/wp-includes/plugin.php(517): WP_Hook->do_action(Array)
#2 /wordpress/wp-admin/includes/plugin.php(703): do_action('activate_brande...', false)
#3 /internal/eval.php(20): activate_plugin('branded-login-s...')
#4 {main}
  thrown in /wordpress/wp-includes/class-wp-hook.php on line 324
[11-Apr-2025 09:56:05 UTC] PHP Deprecated:  Function register_sidebar_widget is <strong>deprecated</strong> since version 2.8.0! Use wp_register_sidebar_widget() instead. in /wordpress/wp-includes/functions.php on line 6114
[11-Apr-2025 09:56:05 UTC] PHP Deprecated:  Function register_widget_control is <strong>deprecated</strong> since version 2.8.0! Use wp_register_widget_control() instead. in /wordpress/wp-includes/functions.php on line 6114
[11-Apr-2025 09:56:13 UTC] PHP Deprecated:  Function register_sidebar_widget is <strong>deprecated</strong> since version 2.8.0! Use wp_register_sidebar_widget() instead. in /wordpress/wp-includes/functions.php on line 6114
[11-Apr-2025 09:56:13 UTC] PHP Deprecated:  Function register_widget_control is <strong>deprecated</strong> since version 2.8.0! Use wp_register_widget_control() instead. in /wordpress/wp-includes/functions.php on line 6114
[11-Apr-2025 09:56:23 UTC] PHP Deprecated:  Function register_sidebar_widget is <strong>deprecated</strong> since version 2.8.0! Use wp_register_sidebar_widget() instead. in /wordpress/wp-includes/functions.php on line 6114
[11-Apr-2025 09:56:23 UTC] PHP Deprecated:  Function register_widget_control is <strong>deprecated</strong> since version 2.8.0! Use wp_register_widget_control() instead. in /wordpress/wp-includes/functions.php on line 6114
[11-Apr-2025 09:56:35 UTC] PHP Deprecated:  Required parameter $nonce follows optional parameter $formdata in /wordpress/wp-content/plugins/bj-lazy-load/inc/scb/Forms.php on line 61
[11-Apr-2025 09:56:35 UTC] PHP Deprecated:  Required parameter $args follows optional parameter $file in /wordpress/wp-content/plugins/bj-lazy-load/inc/scb/Cron.php on line 23
[11-Apr-2025 09:56:44 UTC] PHP Deprecated:  Required parameter $nonce follows optional parameter $formdata in /wordpress/wp-content/plugins/bj-lazy-load/inc/scb/Forms.php on line 61
[11-Apr-2025 09:56:44 UTC] PHP Deprecated:  Required parameter $args follows optional parameter $file in /wordpress/wp-content/plugins/bj-lazy-load/inc/scb/Cron.php on line 23
[11-Apr-2025 09:56:52 UTC] PHP Deprecated:  Required parameter $nonce follows optional parameter $formdata in /wordpress/wp-content/plugins/bj-lazy-load/inc/scb/Forms.php on line 61
[11-Apr-2025 09:56:52 UTC] PHP Deprecated:  Required parameter $args follows optional parameter $file in /wordpress/wp-content/plugins/bj-lazy-load/inc/scb/Cron.php on line 23
[11-Apr-2025 09:57:56 UTC] PHP Fatal error:  Uncaught Error: Undefined constant "BP_GALLERY_IS_INSTALLED" in /wordpress/wp-content/plugins/bp-gallery-sidebar-widget/bp-gallery-sidebar-widget.php:21
Stack trace:
#0 /wordpress/wp-includes/class-wp-hook.php(324): init_bp_gallery_sidebar_widget('')
#1 /wordpress/wp-includes/class-wp-hook.php(348): WP_Hook->apply_filters(NULL, Array)
#2 /wordpress/wp-includes/plugin.php(517): WP_Hook->do_action(Array)
#3 /wordpress/wp-settings.php(559): do_action('plugins_loaded')
#4 /wordpress/wp-config.php(102): require_once('/wordpress/wp-s...')
#5 /wordpress/wp-load.php(50): require_once('/wordpress/wp-c...')
#6 /internal/eval.php(3): require_once('/wordpress/wp-l...')
#7 {main}
  thrown in /wordpress/wp-content/plugins/bp-gallery-sidebar-widget/bp-gallery-sidebar-widget.php on line 21
[11-Apr-2025 09:58:05 UTC] PHP Fatal error:  Uncaught Error: Undefined constant "BP_GALLERY_IS_INSTALLED" in /wordpress/wp-content/plugins/bp-gallery-sidebar-widget/bp-gallery-sidebar-widget.php:21
Stack trace:
#0 /wordpress/wp-includes/class-wp-hook.php(324): init_bp_gallery_sidebar_widget('')
#1 /wordpress/wp-includes/class-wp-hook.php(348): WP_Hook->apply_filters(NULL, Array)
#2 /wordpress/wp-includes/plugin.php(517): WP_Hook->do_action(Array)
#3 /wordpress/wp-settings.php(559): do_action('plugins_loaded')
#4 /wordpress/wp-config.php(102): require_once('/wordpress/wp-s...')
#5 /wordpress/wp-load.php(50): require_once('/wordpress/wp-c...')
#6 /internal/eval.php(3): require_once('/wordpress/wp-l...')
#7 {main}
  thrown in /wordpress/wp-content/plugins/bp-gallery-sidebar-widget/bp-gallery-sidebar-widget.php on line 21
[11-Apr-2025 09:58:14 UTC] PHP Fatal error:  Uncaught Error: Undefined constant "BP_GALLERY_IS_INSTALLED" in /wordpress/wp-content/plugins/bp-gallery-sidebar-widget/bp-gallery-sidebar-widget.php:21
Stack trace:
#0 /wordpress/wp-includes/class-wp-hook.php(324): init_bp_gallery_sidebar_widget('')
#1 /wordpress/wp-includes/class-wp-hook.php(348): WP_Hook->apply_filters(NULL, Array)
#2 /wordpress/wp-includes/plugin.php(517): WP_Hook->do_action(Array)
#3 /wordpress/wp-settings.php(559): do_action('plugins_loaded')
#4 /wordpress/wp-config.php(102): require_once('/wordpress/wp-s...')
#5 /wordpress/wp-load.php(50): require_once('/wordpress/wp-c...')
#6 /internal/eval.php(3): require_once('/wordpress/wp-l...')
#7 {main}
  thrown in /wordpress/wp-content/plugins/bp-gallery-sidebar-widget/bp-gallery-sidebar-widget.php on line 21

    at Object.onBind (file:///home/runner/work/playground-tester/playground-tester/node_modules/@wp-playground/cli/cli.js:21:903)
    at process.processTicksAndRejections (node:internal/process/task_queues:105:5)
    at async Y (file:///home/runner/work/playground-tester/playground-tester/node_modules/@wp-playground/cli/cli.js:1:1159) {
  [cause]: Error: Error when executing the blueprint step #0 ({"step":"installPlugin","pluginData":{"resource":"wordpress.org/plugins","slug":"bp-gallery-sidebar-widget"},"options":{"activate":true}}) : PHP.run() failed with exit code 255 and the following output: 
      at Object.run (file:///home/runner/work/playground-tester/playground-tester/node_modules/@wp-playground/blueprints/index.js:12407:32)
      at process.processTicksAndRejections (node:internal/process/task_queues:105:5)
      at async ns (file:///home/runner/work/playground-tester/playground-tester/node_modules/@wp-playground/blueprints/index.js:12508:3)
      at async Object.onBind (file:///home/runner/work/playground-tester/playground-tester/node_modules/@wp-playground/cli/cli.js:21:568)
      at async Y (file:///home/runner/work/playground-tester/playground-tester/node_modules/@wp-playground/cli/cli.js:1:1159) {
    [cause]: PHPExecutionFailureError: PHP.run() failed with exit code 255 and the following output: 
        at PHP.run (file:///home/runner/work/playground-tester/playground-tester/node_modules/@php-wasm/universal/index.js:984:19)
        at process.processTicksAndRejections (node:internal/process/task_queues:105:5)
        at async vr (file:///home/runner/work/playground-tester/playground-tester/node_modules/@wp-playground/blueprints/index.js:73:13)
        at async Object.ut [as installPlugin] (file:///home/runner/work/playground-tester/playground-tester/node_modules/@wp-playground/blueprints/index.js:1084:42)
        at async d (file:///home/runner/work/playground-tester/playground-tester/node_modules/@wp-playground/blueprints/index.js:12473:30)
        at async Object.run (file:///home/runner/work/playground-tester/playground-tester/node_modules/@wp-playground/blueprints/index.js:12404:23)
        at async ns (file:///home/runner/work/playground-tester/playground-tester/node_modules/@wp-playground/blueprints/index.js:12508:3)
        at async Object.onBind (file:///home/runner/work/playground-tester/playground-tester/node_modules/@wp-playground/cli/cli.js:21:568)
        at async Y (file:///home/runner/work/playground-tester/playground-tester/node_modules/@wp-playground/cli/cli.js:1:1159) {
      response: PHPResponse {
        httpStatusCode: 500,
        headers: {
          'x-powered-by': [ 'PHP/8.0.30-dev' ],
          'content-type': [ 'text/html; charset=UTF-8' ],
          expires: [ 'Wed, 11 Jan 1984 05:00:00 GMT' ],
          'cache-control': [ 'no-cache, must-revalidate, max-age=0' ]
        },
        bytes: Uint8Array(2653) [
           60,  33,  68,  79,  67,  84,  89,  80,  69,  32, 104, 116,
          109, 108,  62,  10,  60, 104, 116, 109, 108,  32, 108,  97,
          110, 103,  61,  34, 101, 110,  45,  85,  83,  34,  62,  10,
           60, 104, 101,  97, 100,  62,  10,   9,  60, 109, 101, 116,
           97,  32, 104, 116, 116, 112,  45, 101, 113, 117, 105, 118,
           61,  34,  67, 111, 110, 116, 101, 110, 116,  45,  84, 121,
          112, 101,  34,  32,  99, 111, 110, 116, 101, 110, 116,  61,
           34, 116, 101, 120, 116,  47, 104, 116, 109, 108,  59,  32,
           99, 104,  97, 114,
          ... 2553 more items
        ],
        exitCode: 255,
        errors: ''
      },
      source: 'request'
    }
  }
}

Node.js v23.11.0
