[
{"message":"file:///home/runner/work/playground-tester/playground-tester/node_modules/@wp-playground/cli/run-cli-j-geJYS3.js:325\n        throw new Error($, { cause: h });\n              ^\n","level":"FATAL","type":"PLAYGROUND","test":"ast-sqlite-boot","plugin":"sidebar-adder","details":"file:///home/runner/work/playground-tester/playground-tester/node_modules/@wp-playground/cli/run-cli-j-geJYS3.js:325\n        throw new Error($, { cause: h });\n              ^\n","log":"/tmp/tmp.862O6rmURH"}
,
{"message":"Function _load_textdomain_just_in_time was called <strong>incorrectly</strong>. Translation loading for the <code>woocommerce</code> domain was triggered too early. This is usually an indicator for some code in the plugin or theme running too early. Translations should be loaded at the <code>init</code> action or later. Please see <a href=\"https://developer.wordpress.org/advanced-administration/debug/debug-wordpress/\">Debugging in WordPress</a> for more information. (This message was added in version 6.7.0.) in /wordpress/wp-includes/functions.php on line 6121","level":"NOTICE","type":"PHP","test":"ast-sqlite-boot","plugin":"sidebar-adder","details":"[06-Jul-2025 11:25:53 UTC] PHP Notice:  Function _load_textdomain_just_in_time was called <strong>incorrectly</strong>. Translation loading for the <code>woocommerce</code> domain was triggered too early. This is usually an indicator for some code in the plugin or theme running too early. Translations should be loaded at the <code>init</code> action or later. Please see <a href=\"https://developer.wordpress.org/advanced-administration/debug/debug-wordpress/\">Debugging in WordPress</a> for more information. (This message was added in version 6.7.0.) in /wordpress/wp-includes/functions.php on line 6121","log":"/logs/plugins/s/sidebar-adder/error.json"}
,
{"message":"[06-Jul-2025 11:26:07 UTC] An unexpected error occurred while trying to use PHP Intl Collator class, it may be caused by an incorrect installation of PHP Intl and ICU, and could be fixed by reinstallaing PHP Intl, see more details about PHP Intl installation: https://www.php.net/manual/en/intl.installation.php. Error message: Constructor failed","level":"INFO","type":"OTHER","test":"ast-sqlite-boot","plugin":"sidebar-adder","details":"[06-Jul-2025 11:26:07 UTC] An unexpected error occurred while trying to use PHP Intl Collator class, it may be caused by an incorrect installation of PHP Intl and ICU, and could be fixed by reinstallaing PHP Intl, see more details about PHP Intl installation: https://www.php.net/manual/en/intl.installation.php. Error message: Constructor failed","log":"/logs/plugins/s/sidebar-adder/error.json"}
,
{"message":"Function _load_textdomain_just_in_time was called <strong>incorrectly</strong>. Translation loading for the <code>woocommerce</code> domain was triggered too early. This is usually an indicator for some code in the plugin or theme running too early. Translations should be loaded at the <code>init</code> action or later. Please see <a href=\"https://developer.wordpress.org/advanced-administration/debug/debug-wordpress/\">Debugging in WordPress</a> for more information. (This message was added in version 6.7.0.) in /wordpress/wp-includes/functions.php on line 6121","level":"NOTICE","type":"PHP","test":"ast-sqlite-boot","plugin":"sidebar-adder","details":"[06-Jul-2025 11:26:48 UTC] PHP Notice:  Function _load_textdomain_just_in_time was called <strong>incorrectly</strong>. Translation loading for the <code>woocommerce</code> domain was triggered too early. This is usually an indicator for some code in the plugin or theme running too early. Translations should be loaded at the <code>init</code> action or later. Please see <a href=\"https://developer.wordpress.org/advanced-administration/debug/debug-wordpress/\">Debugging in WordPress</a> for more information. (This message was added in version 6.7.0.) in /wordpress/wp-includes/functions.php on line 6121","log":"/logs/plugins/s/sidebar-adder/error.json"}
,
{"message":"[06-Jul-2025 11:27:04 UTC] An unexpected error occurred while trying to use PHP Intl Collator class, it may be caused by an incorrect installation of PHP Intl and ICU, and could be fixed by reinstallaing PHP Intl, see more details about PHP Intl installation: https://www.php.net/manual/en/intl.installation.php. Error message: Constructor failed","level":"INFO","type":"OTHER","test":"ast-sqlite-boot","plugin":"sidebar-adder","details":"[06-Jul-2025 11:27:04 UTC] An unexpected error occurred while trying to use PHP Intl Collator class, it may be caused by an incorrect installation of PHP Intl and ICU, and could be fixed by reinstallaing PHP Intl, see more details about PHP Intl installation: https://www.php.net/manual/en/intl.installation.php. Error message: Constructor failed","log":"/logs/plugins/s/sidebar-adder/error.json"}
,
{"message":"Function _load_textdomain_just_in_time was called <strong>incorrectly</strong>. Translation loading for the <code>woocommerce</code> domain was triggered too early. This is usually an indicator for some code in the plugin or theme running too early. Translations should be loaded at the <code>init</code> action or later. Please see <a href=\"https://developer.wordpress.org/advanced-administration/debug/debug-wordpress/\">Debugging in WordPress</a> for more information. (This message was added in version 6.7.0.) in /wordpress/wp-includes/functions.php on line 6121","level":"NOTICE","type":"PHP","test":"ast-sqlite-boot","plugin":"sidebar-adder","details":"[06-Jul-2025 11:27:44 UTC] PHP Notice:  Function _load_textdomain_just_in_time was called <strong>incorrectly</strong>. Translation loading for the <code>woocommerce</code> domain was triggered too early. This is usually an indicator for some code in the plugin or theme running too early. Translations should be loaded at the <code>init</code> action or later. Please see <a href=\"https://developer.wordpress.org/advanced-administration/debug/debug-wordpress/\">Debugging in WordPress</a> for more information. (This message was added in version 6.7.0.) in /wordpress/wp-includes/functions.php on line 6121","log":"/logs/plugins/s/sidebar-adder/error.json"}
,
{"message":"[06-Jul-2025 11:27:58 UTC] An unexpected error occurred while trying to use PHP Intl Collator class, it may be caused by an incorrect installation of PHP Intl and ICU, and could be fixed by reinstallaing PHP Intl, see more details about PHP Intl installation: https://www.php.net/manual/en/intl.installation.php. Error message: Constructor failed","level":"INFO","type":"OTHER","test":"ast-sqlite-boot","plugin":"sidebar-adder","details":"[06-Jul-2025 11:27:58 UTC] An unexpected error occurred while trying to use PHP Intl Collator class, it may be caused by an incorrect installation of PHP Intl and ICU, and could be fixed by reinstallaing PHP Intl, see more details about PHP Intl installation: https://www.php.net/manual/en/intl.installation.php. Error message: Constructor failed","log":"/logs/plugins/s/sidebar-adder/error.json"}
,
{"message":"Uncaught TypeError: call_user_func_array(): Argument #1 ($callback) must be a valid callback, function \"pluginprefix_function_to_run\" not found or invalid function name in /wordpress/wp-includes/class-wp-hook.php:324","level":"FATAL","type":"PHP","test":"ast-sqlite-boot","plugin":"sidebar-adder","details":"[06-Jul-2025 11:28:42 UTC] PHP Fatal error:  Uncaught TypeError: call_user_func_array(): Argument #1 ($callback) must be a valid callback, function \"pluginprefix_function_to_run\" not found or invalid function name in /wordpress/wp-includes/class-wp-hook.php:324\nStack trace:\n#0 /wordpress/wp-includes/class-wp-hook.php(348): WP_Hook->apply_filters('', Array)\n#1 /wordpress/wp-includes/plugin.php(517): WP_Hook->do_action(Array)\n#2 /wordpress/wp-admin/includes/plugin.php(703): do_action('activate_site-h...', false)\n#3 /internal/eval.php(20): activate_plugin('site-hitz/SiteH...')\n#4 {main}\n  thrown in /wordpress/wp-includes/class-wp-hook.php on line 324","log":"/logs/plugins/s/sidebar-adder/error.json"}
,
{"message":"Uncaught TypeError: call_user_func_array(): Argument #1 ($callback) must be a valid callback, function \"pluginprefix_function_to_run\" not found or invalid function name in /wordpress/wp-includes/class-wp-hook.php:324","level":"FATAL","type":"PHP","test":"ast-sqlite-boot","plugin":"sidebar-adder","details":"[06-Jul-2025 11:28:50 UTC] PHP Fatal error:  Uncaught TypeError: call_user_func_array(): Argument #1 ($callback) must be a valid callback, function \"pluginprefix_function_to_run\" not found or invalid function name in /wordpress/wp-includes/class-wp-hook.php:324\nStack trace:\n#0 /wordpress/wp-includes/class-wp-hook.php(348): WP_Hook->apply_filters('', Array)\n#1 /wordpress/wp-includes/plugin.php(517): WP_Hook->do_action(Array)\n#2 /wordpress/wp-admin/includes/plugin.php(703): do_action('activate_site-h...', false)\n#3 /internal/eval.php(20): activate_plugin('site-hitz/SiteH...')\n#4 {main}\n  thrown in /wordpress/wp-includes/class-wp-hook.php on line 324","log":"/logs/plugins/s/sidebar-adder/error.json"}
,
{"message":"Uncaught TypeError: call_user_func_array(): Argument #1 ($callback) must be a valid callback, function \"pluginprefix_function_to_run\" not found or invalid function name in /wordpress/wp-includes/class-wp-hook.php:324","level":"FATAL","type":"PHP","test":"ast-sqlite-boot","plugin":"sidebar-adder","details":"[06-Jul-2025 11:28:58 UTC] PHP Fatal error:  Uncaught TypeError: call_user_func_array(): Argument #1 ($callback) must be a valid callback, function \"pluginprefix_function_to_run\" not found or invalid function name in /wordpress/wp-includes/class-wp-hook.php:324\nStack trace:\n#0 /wordpress/wp-includes/class-wp-hook.php(348): WP_Hook->apply_filters('', Array)\n#1 /wordpress/wp-includes/plugin.php(517): WP_Hook->do_action(Array)\n#2 /wordpress/wp-admin/includes/plugin.php(703): do_action('activate_site-h...', false)\n#3 /internal/eval.php(20): activate_plugin('site-hitz/SiteH...')\n#4 {main}\n  thrown in /wordpress/wp-includes/class-wp-hook.php on line 324","log":"/logs/plugins/s/sidebar-adder/error.json"}
,
{"message":"Undefined variable $wpdb in /wordpress/wp-content/plugins/sitemap-navigation/sitemap - navigation.php on line 30","level":"WARNING","type":"PHP","test":"ast-sqlite-boot","plugin":"sidebar-adder","details":"[06-Jul-2025 11:29:06 UTC] PHP Warning:  Undefined variable $wpdb in /wordpress/wp-content/plugins/sitemap-navigation/sitemap - navigation.php on line 30","log":"/logs/plugins/s/sidebar-adder/error.json"}
,
{"message":"Uncaught Error: Call to a member function get_results() on null in /wordpress/wp-content/plugins/sitemap-navigation/sitemap - navigation.php:30","level":"FATAL","type":"PHP","test":"ast-sqlite-boot","plugin":"sidebar-adder","details":"[06-Jul-2025 11:29:06 UTC] PHP Fatal error:  Uncaught Error: Call to a member function get_results() on null in /wordpress/wp-content/plugins/sitemap-navigation/sitemap - navigation.php:30\nStack trace:\n#0 /wordpress/wp-admin/includes/plugin.php(2387): include_once()\n#1 /wordpress/wp-admin/includes/plugin.php(673): plugin_sandbox_scrape('sitemap-navigat...')\n#2 /internal/eval.php(20): activate_plugin('sitemap-navigat...')\n#3 {main}\n  thrown in /wordpress/wp-content/plugins/sitemap-navigation/sitemap - navigation.php on line 30","log":"/logs/plugins/s/sidebar-adder/error.json"}
,
{"message":"Undefined variable $wpdb in /wordpress/wp-content/plugins/sitemap-navigation/sitemap - navigation.php on line 30","level":"WARNING","type":"PHP","test":"ast-sqlite-boot","plugin":"sidebar-adder","details":"[06-Jul-2025 11:29:15 UTC] PHP Warning:  Undefined variable $wpdb in /wordpress/wp-content/plugins/sitemap-navigation/sitemap - navigation.php on line 30","log":"/logs/plugins/s/sidebar-adder/error.json"}
,
{"message":"Uncaught Error: Call to a member function get_results() on null in /wordpress/wp-content/plugins/sitemap-navigation/sitemap - navigation.php:30","level":"FATAL","type":"PHP","test":"ast-sqlite-boot","plugin":"sidebar-adder","details":"[06-Jul-2025 11:29:15 UTC] PHP Fatal error:  Uncaught Error: Call to a member function get_results() on null in /wordpress/wp-content/plugins/sitemap-navigation/sitemap - navigation.php:30\nStack trace:\n#0 /wordpress/wp-admin/includes/plugin.php(2387): include_once()\n#1 /wordpress/wp-admin/includes/plugin.php(673): plugin_sandbox_scrape('sitemap-navigat...')\n#2 /internal/eval.php(20): activate_plugin('sitemap-navigat...')\n#3 {main}\n  thrown in /wordpress/wp-content/plugins/sitemap-navigation/sitemap - navigation.php on line 30","log":"/logs/plugins/s/sidebar-adder/error.json"}
,
{"message":"Undefined variable $wpdb in /wordpress/wp-content/plugins/sitemap-navigation/sitemap - navigation.php on line 30","level":"WARNING","type":"PHP","test":"ast-sqlite-boot","plugin":"sidebar-adder","details":"[06-Jul-2025 11:29:23 UTC] PHP Warning:  Undefined variable $wpdb in /wordpress/wp-content/plugins/sitemap-navigation/sitemap - navigation.php on line 30","log":"/logs/plugins/s/sidebar-adder/error.json"}
,
{"message":"Uncaught Error: Call to a member function get_results() on null in /wordpress/wp-content/plugins/sitemap-navigation/sitemap - navigation.php:30","level":"FATAL","type":"PHP","test":"ast-sqlite-boot","plugin":"sidebar-adder","details":"[06-Jul-2025 11:29:23 UTC] PHP Fatal error:  Uncaught Error: Call to a member function get_results() on null in /wordpress/wp-content/plugins/sitemap-navigation/sitemap - navigation.php:30\nStack trace:\n#0 /wordpress/wp-admin/includes/plugin.php(2387): include_once()\n#1 /wordpress/wp-admin/includes/plugin.php(673): plugin_sandbox_scrape('sitemap-navigat...')\n#2 /internal/eval.php(20): activate_plugin('sitemap-navigat...')\n#3 {main}\n  thrown in /wordpress/wp-content/plugins/sitemap-navigation/sitemap - navigation.php on line 30","log":"/logs/plugins/s/sidebar-adder/error.json"}
,
{"message":"Uncaught Error: Call to undefined function create_function() in /wordpress/wp-content/plugins/solve360/solve360.php:45","level":"FATAL","type":"PHP","test":"ast-sqlite-boot","plugin":"sidebar-adder","details":"[06-Jul-2025 11:30:04 UTC] PHP Fatal error:  Uncaught Error: Call to undefined function create_function() in /wordpress/wp-content/plugins/solve360/solve360.php:45\nStack trace:\n#0 /wordpress/wp-content/plugins/solve360/solve360.php(33): Solve360->__construct()\n#1 /wordpress/wp-includes/class-wp-hook.php(324): Solve360('')\n#2 /wordpress/wp-includes/class-wp-hook.php(348): WP_Hook->apply_filters(NULL, Array)\n#3 /wordpress/wp-includes/plugin.php(517): WP_Hook->do_action(Array)\n#4 /wordpress/wp-settings.php(578): do_action('plugins_loaded')\n#5 /wordpress/wp-config.php(102): require_once('/wordpress/wp-s...')\n#6 /wordpress/wp-load.php(50): require_once('/wordpress/wp-c...')\n#7 /internal/eval.php(3): require_once('/wordpress/wp-l...')\n#8 {main}\n  thrown in /wordpress/wp-content/plugins/solve360/solve360.php on line 45","log":"/logs/plugins/s/sidebar-adder/error.json"}
,
{"message":"Uncaught Error: Call to undefined function create_function() in /wordpress/wp-content/plugins/solve360/solve360.php:45","level":"FATAL","type":"PHP","test":"ast-sqlite-boot","plugin":"sidebar-adder","details":"[06-Jul-2025 11:30:14 UTC] PHP Fatal error:  Uncaught Error: Call to undefined function create_function() in /wordpress/wp-content/plugins/solve360/solve360.php:45\nStack trace:\n#0 /wordpress/wp-content/plugins/solve360/solve360.php(33): Solve360->__construct()\n#1 /wordpress/wp-includes/class-wp-hook.php(324): Solve360('')\n#2 /wordpress/wp-includes/class-wp-hook.php(348): WP_Hook->apply_filters(NULL, Array)\n#3 /wordpress/wp-includes/plugin.php(517): WP_Hook->do_action(Array)\n#4 /wordpress/wp-settings.php(578): do_action('plugins_loaded')\n#5 /wordpress/wp-config.php(102): require_once('/wordpress/wp-s...')\n#6 /wordpress/wp-load.php(50): require_once('/wordpress/wp-c...')\n#7 /internal/eval.php(3): require_once('/wordpress/wp-l...')\n#8 {main}\n  thrown in /wordpress/wp-content/plugins/solve360/solve360.php on line 45","log":"/logs/plugins/s/sidebar-adder/error.json"}
,
{"message":"Uncaught Error: Call to undefined function create_function() in /wordpress/wp-content/plugins/solve360/solve360.php:45","level":"FATAL","type":"PHP","test":"ast-sqlite-boot","plugin":"sidebar-adder","details":"[06-Jul-2025 11:30:23 UTC] PHP Fatal error:  Uncaught Error: Call to undefined function create_function() in /wordpress/wp-content/plugins/solve360/solve360.php:45\nStack trace:\n#0 /wordpress/wp-content/plugins/solve360/solve360.php(33): Solve360->__construct()\n#1 /wordpress/wp-includes/class-wp-hook.php(324): Solve360('')\n#2 /wordpress/wp-includes/class-wp-hook.php(348): WP_Hook->apply_filters(NULL, Array)\n#3 /wordpress/wp-includes/plugin.php(517): WP_Hook->do_action(Array)\n#4 /wordpress/wp-settings.php(578): do_action('plugins_loaded')\n#5 /wordpress/wp-config.php(102): require_once('/wordpress/wp-s...')\n#6 /wordpress/wp-load.php(50): require_once('/wordpress/wp-c...')\n#7 /internal/eval.php(3): require_once('/wordpress/wp-l...')\n#8 {main}\n  thrown in /wordpress/wp-content/plugins/solve360/solve360.php on line 45","log":"/logs/plugins/s/sidebar-adder/error.json"}
,
{"message":"Undefined array key \"REMOTE_ADDR\" in /wordpress/wp-content/plugins/stop-war-stop-putin/stopwarstopputin.php on line 2314","level":"WARNING","type":"PHP","test":"ast-sqlite-boot","plugin":"sidebar-adder","details":"[06-Jul-2025 11:30:34 UTC] PHP Warning:  Undefined array key \"REMOTE_ADDR\" in /wordpress/wp-content/plugins/stop-war-stop-putin/stopwarstopputin.php on line 2314","log":"/logs/plugins/s/sidebar-adder/error.json"}
,
{"message":"Undefined array key \"REMOTE_ADDR\" in /wordpress/wp-content/plugins/stop-war-stop-putin/stopwarstopputin.php on line 2314","level":"WARNING","type":"PHP","test":"ast-sqlite-boot","plugin":"sidebar-adder","details":"[06-Jul-2025 11:30:45 UTC] PHP Warning:  Undefined array key \"REMOTE_ADDR\" in /wordpress/wp-content/plugins/stop-war-stop-putin/stopwarstopputin.php on line 2314","log":"/logs/plugins/s/sidebar-adder/error.json"}
,
{"message":"Undefined array key \"REMOTE_ADDR\" in /wordpress/wp-content/plugins/stop-war-stop-putin/stopwarstopputin.php on line 2314","level":"WARNING","type":"PHP","test":"ast-sqlite-boot","plugin":"sidebar-adder","details":"[06-Jul-2025 11:30:56 UTC] PHP Warning:  Undefined array key \"REMOTE_ADDR\" in /wordpress/wp-content/plugins/stop-war-stop-putin/stopwarstopputin.php on line 2314","log":"/logs/plugins/s/sidebar-adder/error.json"}
,
{"message":"mysqli::__construct(): (HY000/2002): Address family not supported by protocol in /wordpress/wp-content/plugins/storekeeper-for-woocommerce/src/StoreKeeper/WooCommerce/B2C/Database/DatabaseConnection.php on line 50","level":"WARNING","type":"PHP","test":"ast-sqlite-boot","plugin":"sidebar-adder","details":"[06-Jul-2025 11:31:08 UTC] PHP Warning:  mysqli::__construct(): (HY000/2002): Address family not supported by protocol in /wordpress/wp-content/plugins/storekeeper-for-woocommerce/src/StoreKeeper/WooCommerce/B2C/Database/DatabaseConnection.php on line 50","log":"/logs/plugins/s/sidebar-adder/error.json"}
,
{"message":"mysqli::query(): Couldn't fetch mysqli in /wordpress/wp-content/plugins/storekeeper-for-woocommerce/src/StoreKeeper/WooCommerce/B2C/Database/DatabaseConnection.php on line 70","level":"WARNING","type":"PHP","test":"ast-sqlite-boot","plugin":"sidebar-adder","details":"[06-Jul-2025 11:31:08 UTC] PHP Warning:  mysqli::query(): Couldn't fetch mysqli in /wordpress/wp-content/plugins/storekeeper-for-woocommerce/src/StoreKeeper/WooCommerce/B2C/Database/DatabaseConnection.php on line 70","log":"/logs/plugins/s/sidebar-adder/error.json"}
,
{"message":"StoreKeeper\\WooCommerce\\B2C\\Database\\DatabaseConnection::querySql(): Couldn't fetch mysqli in /wordpress/wp-content/plugins/storekeeper-for-woocommerce/src/StoreKeeper/WooCommerce/B2C/Database/DatabaseConnection.php on line 72","level":"WARNING","type":"PHP","test":"ast-sqlite-boot","plugin":"sidebar-adder","details":"[06-Jul-2025 11:31:08 UTC] PHP Warning:  StoreKeeper\\WooCommerce\\B2C\\Database\\DatabaseConnection::querySql(): Couldn't fetch mysqli in /wordpress/wp-content/plugins/storekeeper-for-woocommerce/src/StoreKeeper/WooCommerce/B2C/Database/DatabaseConnection.php on line 72","log":"/logs/plugins/s/sidebar-adder/error.json"}
,
{"message":"Uncaught StoreKeeper\\WooCommerce\\B2C\\Exceptions\\SqlException: Sql query error: \"\". in /wordpress/wp-content/plugins/storekeeper-for-woocommerce/src/StoreKeeper/WooCommerce/B2C/Database/DatabaseConnection.php:72","level":"FATAL","type":"PHP","test":"ast-sqlite-boot","plugin":"sidebar-adder","details":"[06-Jul-2025 11:31:08 UTC] PHP Fatal error:  Uncaught StoreKeeper\\WooCommerce\\B2C\\Exceptions\\SqlException: Sql query error: \"\". in /wordpress/wp-content/plugins/storekeeper-for-woocommerce/src/StoreKeeper/WooCommerce/B2C/Database/DatabaseConnection.php:72\nStack trace:\n#0 /wordpress/wp-content/plugins/storekeeper-for-woocommerce/src/StoreKeeper/WooCommerce/B2C/Migrations/MigrationManager.php(92): StoreKeeper\\WooCommerce\\B2C\\Database\\DatabaseConnection->querySql('    CREATE TABL...')\n#1 /wordpress/wp-content/plugins/storekeeper-for-woocommerce/src/StoreKeeper/WooCommerce/B2C/Migrations/MigrationManager.php(28): StoreKeeper\\WooCommerce\\B2C\\Migrations\\MigrationManager->ensureMigrationTable()\n#2 /wordpress/wp-content/plugins/storekeeper-for-woocommerce/src/StoreKeeper/WooCommerce/B2C/Activator.php(13): StoreKeeper\\WooCommerce\\B2C\\Migrations\\MigrationManager->migrateAll()\n#3 /wordpress/wp-content/plugins/storekeeper-for-woocommerce/storekeeper-woocommerce-b2c.php(80): StoreKeeper\\WooCommerce\\B2C\\Activator->run()\n#4 /wordpress/wp-includes/class-wp-hook.php(324 in /wordpress/wp-content/plugins/storekeeper-for-woocommerce/src/StoreKeeper/WooCommerce/B2C/Database/DatabaseConnection.php on line 72","log":"/logs/plugins/s/sidebar-adder/error.json"}
,
{"message":"mysqli::__construct(): (HY000/2002): Address family not supported by protocol in /wordpress/wp-content/plugins/storekeeper-for-woocommerce/src/StoreKeeper/WooCommerce/B2C/Database/DatabaseConnection.php on line 50","level":"WARNING","type":"PHP","test":"ast-sqlite-boot","plugin":"sidebar-adder","details":"[06-Jul-2025 11:31:19 UTC] PHP Warning:  mysqli::__construct(): (HY000/2002): Address family not supported by protocol in /wordpress/wp-content/plugins/storekeeper-for-woocommerce/src/StoreKeeper/WooCommerce/B2C/Database/DatabaseConnection.php on line 50","log":"/logs/plugins/s/sidebar-adder/error.json"}
,
{"message":"mysqli::query(): Couldn't fetch mysqli in /wordpress/wp-content/plugins/storekeeper-for-woocommerce/src/StoreKeeper/WooCommerce/B2C/Database/DatabaseConnection.php on line 70","level":"WARNING","type":"PHP","test":"ast-sqlite-boot","plugin":"sidebar-adder","details":"[06-Jul-2025 11:31:19 UTC] PHP Warning:  mysqli::query(): Couldn't fetch mysqli in /wordpress/wp-content/plugins/storekeeper-for-woocommerce/src/StoreKeeper/WooCommerce/B2C/Database/DatabaseConnection.php on line 70","log":"/logs/plugins/s/sidebar-adder/error.json"}
,
{"message":"StoreKeeper\\WooCommerce\\B2C\\Database\\DatabaseConnection::querySql(): Couldn't fetch mysqli in /wordpress/wp-content/plugins/storekeeper-for-woocommerce/src/StoreKeeper/WooCommerce/B2C/Database/DatabaseConnection.php on line 72","level":"WARNING","type":"PHP","test":"ast-sqlite-boot","plugin":"sidebar-adder","details":"[06-Jul-2025 11:31:19 UTC] PHP Warning:  StoreKeeper\\WooCommerce\\B2C\\Database\\DatabaseConnection::querySql(): Couldn't fetch mysqli in /wordpress/wp-content/plugins/storekeeper-for-woocommerce/src/StoreKeeper/WooCommerce/B2C/Database/DatabaseConnection.php on line 72","log":"/logs/plugins/s/sidebar-adder/error.json"}
,
{"message":"Uncaught StoreKeeper\\WooCommerce\\B2C\\Exceptions\\SqlException: Sql query error: \"\". in /wordpress/wp-content/plugins/storekeeper-for-woocommerce/src/StoreKeeper/WooCommerce/B2C/Database/DatabaseConnection.php:72","level":"FATAL","type":"PHP","test":"ast-sqlite-boot","plugin":"sidebar-adder","details":"[06-Jul-2025 11:31:19 UTC] PHP Fatal error:  Uncaught StoreKeeper\\WooCommerce\\B2C\\Exceptions\\SqlException: Sql query error: \"\". in /wordpress/wp-content/plugins/storekeeper-for-woocommerce/src/StoreKeeper/WooCommerce/B2C/Database/DatabaseConnection.php:72\nStack trace:\n#0 /wordpress/wp-content/plugins/storekeeper-for-woocommerce/src/StoreKeeper/WooCommerce/B2C/Migrations/MigrationManager.php(92): StoreKeeper\\WooCommerce\\B2C\\Database\\DatabaseConnection->querySql('    CREATE TABL...')\n#1 /wordpress/wp-content/plugins/storekeeper-for-woocommerce/src/StoreKeeper/WooCommerce/B2C/Migrations/MigrationManager.php(28): StoreKeeper\\WooCommerce\\B2C\\Migrations\\MigrationManager->ensureMigrationTable()\n#2 /wordpress/wp-content/plugins/storekeeper-for-woocommerce/src/StoreKeeper/WooCommerce/B2C/Activator.php(13): StoreKeeper\\WooCommerce\\B2C\\Migrations\\MigrationManager->migrateAll()\n#3 /wordpress/wp-content/plugins/storekeeper-for-woocommerce/storekeeper-woocommerce-b2c.php(80): StoreKeeper\\WooCommerce\\B2C\\Activator->run()\n#4 /wordpress/wp-includes/class-wp-hook.php(324 in /wordpress/wp-content/plugins/storekeeper-for-woocommerce/src/StoreKeeper/WooCommerce/B2C/Database/DatabaseConnection.php on line 72","log":"/logs/plugins/s/sidebar-adder/error.json"}
,
{"message":"mysqli::__construct(): (HY000/2002): Address family not supported by protocol in /wordpress/wp-content/plugins/storekeeper-for-woocommerce/src/StoreKeeper/WooCommerce/B2C/Database/DatabaseConnection.php on line 50","level":"WARNING","type":"PHP","test":"ast-sqlite-boot","plugin":"sidebar-adder","details":"[06-Jul-2025 11:31:30 UTC] PHP Warning:  mysqli::__construct(): (HY000/2002): Address family not supported by protocol in /wordpress/wp-content/plugins/storekeeper-for-woocommerce/src/StoreKeeper/WooCommerce/B2C/Database/DatabaseConnection.php on line 50","log":"/logs/plugins/s/sidebar-adder/error.json"}
,
{"message":"mysqli::query(): Couldn't fetch mysqli in /wordpress/wp-content/plugins/storekeeper-for-woocommerce/src/StoreKeeper/WooCommerce/B2C/Database/DatabaseConnection.php on line 70","level":"WARNING","type":"PHP","test":"ast-sqlite-boot","plugin":"sidebar-adder","details":"[06-Jul-2025 11:31:30 UTC] PHP Warning:  mysqli::query(): Couldn't fetch mysqli in /wordpress/wp-content/plugins/storekeeper-for-woocommerce/src/StoreKeeper/WooCommerce/B2C/Database/DatabaseConnection.php on line 70","log":"/logs/plugins/s/sidebar-adder/error.json"}
,
{"message":"StoreKeeper\\WooCommerce\\B2C\\Database\\DatabaseConnection::querySql(): Couldn't fetch mysqli in /wordpress/wp-content/plugins/storekeeper-for-woocommerce/src/StoreKeeper/WooCommerce/B2C/Database/DatabaseConnection.php on line 72","level":"WARNING","type":"PHP","test":"ast-sqlite-boot","plugin":"sidebar-adder","details":"[06-Jul-2025 11:31:30 UTC] PHP Warning:  StoreKeeper\\WooCommerce\\B2C\\Database\\DatabaseConnection::querySql(): Couldn't fetch mysqli in /wordpress/wp-content/plugins/storekeeper-for-woocommerce/src/StoreKeeper/WooCommerce/B2C/Database/DatabaseConnection.php on line 72","log":"/logs/plugins/s/sidebar-adder/error.json"}
,
{"message":"Uncaught StoreKeeper\\WooCommerce\\B2C\\Exceptions\\SqlException: Sql query error: \"\". in /wordpress/wp-content/plugins/storekeeper-for-woocommerce/src/StoreKeeper/WooCommerce/B2C/Database/DatabaseConnection.php:72","level":"FATAL","type":"PHP","test":"ast-sqlite-boot","plugin":"sidebar-adder","details":"[06-Jul-2025 11:31:30 UTC] PHP Fatal error:  Uncaught StoreKeeper\\WooCommerce\\B2C\\Exceptions\\SqlException: Sql query error: \"\". in /wordpress/wp-content/plugins/storekeeper-for-woocommerce/src/StoreKeeper/WooCommerce/B2C/Database/DatabaseConnection.php:72\nStack trace:\n#0 /wordpress/wp-content/plugins/storekeeper-for-woocommerce/src/StoreKeeper/WooCommerce/B2C/Migrations/MigrationManager.php(92): StoreKeeper\\WooCommerce\\B2C\\Database\\DatabaseConnection->querySql('    CREATE TABL...')\n#1 /wordpress/wp-content/plugins/storekeeper-for-woocommerce/src/StoreKeeper/WooCommerce/B2C/Migrations/MigrationManager.php(28): StoreKeeper\\WooCommerce\\B2C\\Migrations\\MigrationManager->ensureMigrationTable()\n#2 /wordpress/wp-content/plugins/storekeeper-for-woocommerce/src/StoreKeeper/WooCommerce/B2C/Activator.php(13): StoreKeeper\\WooCommerce\\B2C\\Migrations\\MigrationManager->migrateAll()\n#3 /wordpress/wp-content/plugins/storekeeper-for-woocommerce/storekeeper-woocommerce-b2c.php(80): StoreKeeper\\WooCommerce\\B2C\\Activator->run()\n#4 /wordpress/wp-includes/class-wp-hook.php(324 in /wordpress/wp-content/plugins/storekeeper-for-woocommerce/src/StoreKeeper/WooCommerce/B2C/Database/DatabaseConnection.php on line 72","log":"/logs/plugins/s/sidebar-adder/error.json"}
,
{"message":"Function load_plugin_textdomain was called with an argument that is <strong>deprecated</strong> since version 2.7.0 with no alternative available. in /wordpress/wp-includes/functions.php on line 6121","level":"DEPRECATED","type":"PHP","test":"ast-sqlite-boot","plugin":"sidebar-adder","details":"[06-Jul-2025 11:33:00 UTC] PHP Deprecated:  Function load_plugin_textdomain was called with an argument that is <strong>deprecated</strong> since version 2.7.0 with no alternative available. in /wordpress/wp-includes/functions.php on line 6121","log":"/logs/plugins/s/sidebar-adder/error.json"}
,
{"message":"Function load_plugin_textdomain was called with an argument that is <strong>deprecated</strong> since version 2.7.0 with no alternative available. in /wordpress/wp-includes/functions.php on line 6121","level":"DEPRECATED","type":"PHP","test":"ast-sqlite-boot","plugin":"sidebar-adder","details":"[06-Jul-2025 11:33:00 UTC] PHP Deprecated:  Function load_plugin_textdomain was called with an argument that is <strong>deprecated</strong> since version 2.7.0 with no alternative available. in /wordpress/wp-includes/functions.php on line 6121","log":"/logs/plugins/s/sidebar-adder/error.json"}
,
{"message":"Function register_sidebar_widget is <strong>deprecated</strong> since version 2.8.0! Use wp_register_sidebar_widget() instead. in /wordpress/wp-includes/functions.php on line 6121","level":"DEPRECATED","type":"PHP","test":"ast-sqlite-boot","plugin":"sidebar-adder","details":"[06-Jul-2025 11:33:00 UTC] PHP Deprecated:  Function register_sidebar_widget is <strong>deprecated</strong> since version 2.8.0! Use wp_register_sidebar_widget() instead. in /wordpress/wp-includes/functions.php on line 6121","log":"/logs/plugins/s/sidebar-adder/error.json"}
,
{"message":"Function register_widget_control is <strong>deprecated</strong> since version 2.8.0! Use wp_register_widget_control() instead. in /wordpress/wp-includes/functions.php on line 6121","level":"DEPRECATED","type":"PHP","test":"ast-sqlite-boot","plugin":"sidebar-adder","details":"[06-Jul-2025 11:33:00 UTC] PHP Deprecated:  Function register_widget_control is <strong>deprecated</strong> since version 2.8.0! Use wp_register_widget_control() instead. in /wordpress/wp-includes/functions.php on line 6121","log":"/logs/plugins/s/sidebar-adder/error.json"}
,
{"message":"Function load_plugin_textdomain was called with an argument that is <strong>deprecated</strong> since version 2.7.0 with no alternative available. in /wordpress/wp-includes/functions.php on line 6121","level":"DEPRECATED","type":"PHP","test":"ast-sqlite-boot","plugin":"sidebar-adder","details":"[06-Jul-2025 11:33:09 UTC] PHP Deprecated:  Function load_plugin_textdomain was called with an argument that is <strong>deprecated</strong> since version 2.7.0 with no alternative available. in /wordpress/wp-includes/functions.php on line 6121","log":"/logs/plugins/s/sidebar-adder/error.json"}
,
{"message":"Function load_plugin_textdomain was called with an argument that is <strong>deprecated</strong> since version 2.7.0 with no alternative available. in /wordpress/wp-includes/functions.php on line 6121","level":"DEPRECATED","type":"PHP","test":"ast-sqlite-boot","plugin":"sidebar-adder","details":"[06-Jul-2025 11:33:10 UTC] PHP Deprecated:  Function load_plugin_textdomain was called with an argument that is <strong>deprecated</strong> since version 2.7.0 with no alternative available. in /wordpress/wp-includes/functions.php on line 6121","log":"/logs/plugins/s/sidebar-adder/error.json"}
,
{"message":"Function register_sidebar_widget is <strong>deprecated</strong> since version 2.8.0! Use wp_register_sidebar_widget() instead. in /wordpress/wp-includes/functions.php on line 6121","level":"DEPRECATED","type":"PHP","test":"ast-sqlite-boot","plugin":"sidebar-adder","details":"[06-Jul-2025 11:33:10 UTC] PHP Deprecated:  Function register_sidebar_widget is <strong>deprecated</strong> since version 2.8.0! Use wp_register_sidebar_widget() instead. in /wordpress/wp-includes/functions.php on line 6121","log":"/logs/plugins/s/sidebar-adder/error.json"}
,
{"message":"Function register_widget_control is <strong>deprecated</strong> since version 2.8.0! Use wp_register_widget_control() instead. in /wordpress/wp-includes/functions.php on line 6121","level":"DEPRECATED","type":"PHP","test":"ast-sqlite-boot","plugin":"sidebar-adder","details":"[06-Jul-2025 11:33:10 UTC] PHP Deprecated:  Function register_widget_control is <strong>deprecated</strong> since version 2.8.0! Use wp_register_widget_control() instead. in /wordpress/wp-includes/functions.php on line 6121","log":"/logs/plugins/s/sidebar-adder/error.json"}
,
{"message":"Function load_plugin_textdomain was called with an argument that is <strong>deprecated</strong> since version 2.7.0 with no alternative available. in /wordpress/wp-includes/functions.php on line 6121","level":"DEPRECATED","type":"PHP","test":"ast-sqlite-boot","plugin":"sidebar-adder","details":"[06-Jul-2025 11:33:18 UTC] PHP Deprecated:  Function load_plugin_textdomain was called with an argument that is <strong>deprecated</strong> since version 2.7.0 with no alternative available. in /wordpress/wp-includes/functions.php on line 6121","log":"/logs/plugins/s/sidebar-adder/error.json"}
,
{"message":"Function load_plugin_textdomain was called with an argument that is <strong>deprecated</strong> since version 2.7.0 with no alternative available. in /wordpress/wp-includes/functions.php on line 6121","level":"DEPRECATED","type":"PHP","test":"ast-sqlite-boot","plugin":"sidebar-adder","details":"[06-Jul-2025 11:33:19 UTC] PHP Deprecated:  Function load_plugin_textdomain was called with an argument that is <strong>deprecated</strong> since version 2.7.0 with no alternative available. in /wordpress/wp-includes/functions.php on line 6121","log":"/logs/plugins/s/sidebar-adder/error.json"}
,
{"message":"Function register_sidebar_widget is <strong>deprecated</strong> since version 2.8.0! Use wp_register_sidebar_widget() instead. in /wordpress/wp-includes/functions.php on line 6121","level":"DEPRECATED","type":"PHP","test":"ast-sqlite-boot","plugin":"sidebar-adder","details":"[06-Jul-2025 11:33:19 UTC] PHP Deprecated:  Function register_sidebar_widget is <strong>deprecated</strong> since version 2.8.0! Use wp_register_sidebar_widget() instead. in /wordpress/wp-includes/functions.php on line 6121","log":"/logs/plugins/s/sidebar-adder/error.json"}
,
{"message":"Function register_widget_control is <strong>deprecated</strong> since version 2.8.0! Use wp_register_widget_control() instead. in /wordpress/wp-includes/functions.php on line 6121","level":"DEPRECATED","type":"PHP","test":"ast-sqlite-boot","plugin":"sidebar-adder","details":"[06-Jul-2025 11:33:19 UTC] PHP Deprecated:  Function register_widget_control is <strong>deprecated</strong> since version 2.8.0! Use wp_register_widget_control() instead. in /wordpress/wp-includes/functions.php on line 6121","log":"/logs/plugins/s/sidebar-adder/error.json"}
,
{"message":"Declaration of table::insert() must be compatible with wpdb::insert($table, $data, $format = null) in /wordpress/wp-content/plugins/sidebar-adder/class-table.php on line 42","level":"FATAL","type":"PHP","test":"ast-sqlite-boot","plugin":"sidebar-adder","details":"[06-Jul-2025 11:33:28 UTC] PHP Fatal error:  Declaration of table::insert() must be compatible with wpdb::insert($table, $data, $format = null) in /wordpress/wp-content/plugins/sidebar-adder/class-table.php on line 42\n\n    at Object.onBind (file:///home/runner/work/playground-tester/playground-tester/node_modules/@wp-playground/cli/run-cli-j-geJYS3.js:325:15)\n    at process.processTicksAndRejections (node:internal/process/task_queues:105:5)\n    at async re (file:///home/runner/work/playground-tester/playground-tester/node_modules/@wp-playground/cli/run-cli-j-geJYS3.js:149:10) {\n  [cause]: Error: Error when executing the blueprint step #5 ({\"step\":\"installPlugin\",\"pluginData\":{\"resource\":\"wordpress.org/plugins\",\"slug\":\"sidebar-adder\"},\"options\":{\"activate\":true}}) : PHP.run() failed with exit code 255 and the following output: \n      at Object.run (file:///home/runner/work/playground-tester/playground-tester/node_modules/@wp-playground/blueprints/index.js:12093:19)\n      at process.processTicksAndRejections (node:internal/process/task_queues:105:5)\n      at async ys (file:///home/runner/work/playground-tester/playground-tester/node_modules/@wp-playground/blueprints/index.js:12196:3)\n      at async Object.onBind (file:///home/runner/work/playground-tester/playground-tester/node_modules/@wp-playground/cli/run-cli-j-geJYS3.js:315:48)\n      at async re (file:///home/runner/work/playground-tester/playground-tester/node_modules/@wp-playground/cli/run-cli-j-geJYS3.js:149:10) {\n    [cause]: PHPExecutionFailureError: PHP.run() failed with exit code 255 and the following output: \n        at PHP.run (file:///home/runner/work/playground-tester/playground-tester/node_modules/@php-wasm/universal/index.js:1034:19)\n        at process.processTicksAndRejections (node:internal/process/task_queues:105:5)\n        at async wr (file:///home/runner/work/playground-tester/playground-tester/node_modules/@wp-playground/blueprints/index.js:34:39)\n        at async Object.gt [as installPlugin] (file:///home/runner/work/playground-tester/playground-tester/node_modules/@wp-playground/blueprints/index.js:631:42)\n        at async g (file:///home/runner/work/playground-tester/playground-tester/node_modules/@wp-playground/blueprints/index.js:12161:30)\n        at async Object.run (file:///home/runner/work/playground-tester/playground-tester/node_modules/@wp-playground/blueprints/index.js:12090:23)\n        at async ys (file:///home/runner/work/playground-tester/playground-tester/node_modules/@wp-playground/blueprints/index.js:12196:3)\n        at async Object.onBind (file:///home/runner/work/playground-tester/playground-tester/node_modules/@wp-playground/cli/run-cli-j-geJYS3.js:315:48)\n        at async re (file:///home/runner/work/playground-tester/playground-tester/node_modules/@wp-playground/cli/run-cli-j-geJYS3.js:149:10) {\n      response: PHPResponse {\n        httpStatusCode: 500,\n        headers: {\n          'x-powered-by': [ 'PHP/8.0.30-dev' ],\n          'content-type': [ 'text/html; charset=UTF-8' ]\n        },\n        bytes: Uint8Array(0) [],\n        exitCode: 255,\n        errors: ''\n      },\n      source: 'request'\n    }\n  }\n}\n\n","log":"/logs/plugins/s/sidebar-adder/error.json"}
]
