file:///home/runner/work/playground-tester/playground-tester/node_modules/@wp-playground/cli/index.js:237
        throw new Error(y, { cause: u });
              ^

Error: [02-May-2025 12:50:57 UTC] PHP Warning:  Constant CODEXSHAPER_OAUTH_SERVER_VERSION already defined in /wordpress/wp-content/plugins/oauth2-server/includes/class-codexshaper-oauth-server.php on line 280
[02-May-2025 12:50:57 UTC] PHP Fatal error:  Uncaught Illuminate\Contracts\Filesystem\FileNotFoundException: File does not exist at path /wordpress/wp-content/plugins/oauth2-server/includes/../../../../.htaccess. in /wordpress/wp-content/plugins/oauth2-server/vendor/illuminate/filesystem/Filesystem.php:54
Stack trace:
#0 /wordpress/wp-content/plugins/oauth2-server/includes/class-codexshaper-oauth-server-activator.php(69): Illuminate\Filesystem\Filesystem->get('/wordpress/wp-c...')
#1 /wordpress/wp-content/plugins/oauth2-server/includes/class-codexshaper-oauth-server-activator.php(57): Codexshaper_Oauth_Server_Activator::codexshaper_oauth_server_rewrite_auth_conditions()
#2 /wordpress/wp-content/plugins/oauth2-server/includes/class-codexshaper-oauth-server-activator.php(36): Codexshaper_Oauth_Server_Activator::codexshaper_oauth_server_add_rewrite_authorization()
#3 /wordpress/wp-content/plugins/oauth2-server/oauth2-server.php(73): Codexshaper_Oauth_Server_Activator::activate()
#4 /wordpress/wp-includes/class-wp-hook.php(324): codexshaper_oauth_server_activate(false)
#5 /wordpress/wp-includes/class-wp-hook.php(348): WP_Hook->apply_filters('', Array)
#6 /wordpress/wp-includes/plugin.php(517): WP_Hook->do_action(Array)
#7 /wordpress/wp-admin/includes/plugin.php(703): do_action('activate_oauth2...', false)
#8 /internal/eval.php(20): activate_plugin('oauth2-server/o...')
#9 {main}
  thrown in /wordpress/wp-content/plugins/oauth2-server/vendor/illuminate/filesystem/Filesystem.php on line 54
[02-May-2025 12:51:13 UTC] PHP Warning:  Constant CODEXSHAPER_OAUTH_SERVER_VERSION already defined in /wordpress/wp-content/plugins/oauth2-server/includes/class-codexshaper-oauth-server.php on line 280
[02-May-2025 12:51:13 UTC] PHP Fatal error:  Uncaught Illuminate\Contracts\Filesystem\FileNotFoundException: File does not exist at path /wordpress/wp-content/plugins/oauth2-server/includes/../../../../.htaccess. in /wordpress/wp-content/plugins/oauth2-server/vendor/illuminate/filesystem/Filesystem.php:54
Stack trace:
#0 /wordpress/wp-content/plugins/oauth2-server/includes/class-codexshaper-oauth-server-activator.php(69): Illuminate\Filesystem\Filesystem->get('/wordpress/wp-c...')
#1 /wordpress/wp-content/plugins/oauth2-server/includes/class-codexshaper-oauth-server-activator.php(57): Codexshaper_Oauth_Server_Activator::codexshaper_oauth_server_rewrite_auth_conditions()
#2 /wordpress/wp-content/plugins/oauth2-server/includes/class-codexshaper-oauth-server-activator.php(36): Codexshaper_Oauth_Server_Activator::codexshaper_oauth_server_add_rewrite_authorization()
#3 /wordpress/wp-content/plugins/oauth2-server/oauth2-server.php(73): Codexshaper_Oauth_Server_Activator::activate()
#4 /wordpress/wp-includes/class-wp-hook.php(324): codexshaper_oauth_server_activate(false)
#5 /wordpress/wp-includes/class-wp-hook.php(348): WP_Hook->apply_filters('', Array)
#6 /wordpress/wp-includes/plugin.php(517): WP_Hook->do_action(Array)
#7 /wordpress/wp-admin/includes/plugin.php(703): do_action('activate_oauth2...', false)
#8 /internal/eval.php(20): activate_plugin('oauth2-server/o...')
#9 {main}
  thrown in /wordpress/wp-content/plugins/oauth2-server/vendor/illuminate/filesystem/Filesystem.php on line 54
[02-May-2025 12:51:30 UTC] PHP Warning:  Constant CODEXSHAPER_OAUTH_SERVER_VERSION already defined in /wordpress/wp-content/plugins/oauth2-server/includes/class-codexshaper-oauth-server.php on line 280
[02-May-2025 12:51:30 UTC] PHP Fatal error:  Uncaught Illuminate\Contracts\Filesystem\FileNotFoundException: File does not exist at path /wordpress/wp-content/plugins/oauth2-server/includes/../../../../.htaccess. in /wordpress/wp-content/plugins/oauth2-server/vendor/illuminate/filesystem/Filesystem.php:54
Stack trace:
#0 /wordpress/wp-content/plugins/oauth2-server/includes/class-codexshaper-oauth-server-activator.php(69): Illuminate\Filesystem\Filesystem->get('/wordpress/wp-c...')
#1 /wordpress/wp-content/plugins/oauth2-server/includes/class-codexshaper-oauth-server-activator.php(57): Codexshaper_Oauth_Server_Activator::codexshaper_oauth_server_rewrite_auth_conditions()
#2 /wordpress/wp-content/plugins/oauth2-server/includes/class-codexshaper-oauth-server-activator.php(36): Codexshaper_Oauth_Server_Activator::codexshaper_oauth_server_add_rewrite_authorization()
#3 /wordpress/wp-content/plugins/oauth2-server/oauth2-server.php(73): Codexshaper_Oauth_Server_Activator::activate()
#4 /wordpress/wp-includes/class-wp-hook.php(324): codexshaper_oauth_server_activate(false)
#5 /wordpress/wp-includes/class-wp-hook.php(348): WP_Hook->apply_filters('', Array)
#6 /wordpress/wp-includes/plugin.php(517): WP_Hook->do_action(Array)
#7 /wordpress/wp-admin/includes/plugin.php(703): do_action('activate_oauth2...', false)
#8 /internal/eval.php(20): activate_plugin('oauth2-server/o...')
#9 {main}
  thrown in /wordpress/wp-content/plugins/oauth2-server/vendor/illuminate/filesystem/Filesystem.php on line 54

    at Object.onBind (file:///home/runner/work/playground-tester/playground-tester/node_modules/@wp-playground/cli/index.js:237:15)
    at process.processTicksAndRejections (node:internal/process/task_queues:105:5)
    at async V (file:///home/runner/work/playground-tester/playground-tester/node_modules/@wp-playground/cli/index.js:64:10)
    at async ja (file:///home/runner/work/playground-tester/playground-tester/node_modules/@wp-playground/cli/cli.js:8161:12) {
  [cause]: Error: Error when executing the blueprint step #1 ({"step":"installPlugin","pluginData":{"resource":"wordpress.org/plugins","slug":"occasionwise-calendar"},"options":{"activate":true}}) : Plugin /wordpress/wp-content/plugins/occasionwise-calendar could not be activated – WordPress exited with no error. Sometimes, when $_SERVER or site options are not configured correctly, WordPress exits early with a 301 redirect. Inspect the "debug" logs in the console for more details.
      at Object.run (file:///home/runner/work/playground-tester/playground-tester/node_modules/@wp-playground/blueprints/index.js:12449:19)
      at process.processTicksAndRejections (node:internal/process/task_queues:105:5)
      at async ms (file:///home/runner/work/playground-tester/playground-tester/node_modules/@wp-playground/blueprints/index.js:12552:3)
      ... 2 lines matching cause stack trace ...
      at async ja (file:///home/runner/work/playground-tester/playground-tester/node_modules/@wp-playground/cli/cli.js:8161:12) {
    [cause]: Error: Plugin /wordpress/wp-content/plugins/occasionwise-calendar could not be activated – WordPress exited with no error. Sometimes, when $_SERVER or site options are not configured correctly, WordPress exits early with a 301 redirect. Inspect the "debug" logs in the console for more details.
        at wr (file:///home/runner/work/playground-tester/playground-tester/node_modules/@wp-playground/blueprints/index.js:119:51)
        at process.processTicksAndRejections (node:internal/process/task_queues:105:5)
        at async Object.gt [as installPlugin] (file:///home/runner/work/playground-tester/playground-tester/node_modules/@wp-playground/blueprints/index.js:974:42)
        at async g (file:///home/runner/work/playground-tester/playground-tester/node_modules/@wp-playground/blueprints/index.js:12517:30)
        at async Object.run (file:///home/runner/work/playground-tester/playground-tester/node_modules/@wp-playground/blueprints/index.js:12446:23)
        at async ms (file:///home/runner/work/playground-tester/playground-tester/node_modules/@wp-playground/blueprints/index.js:12552:3)
        at async Object.onBind (file:///home/runner/work/playground-tester/playground-tester/node_modules/@wp-playground/cli/index.js:227:48)
        at async V (file:///home/runner/work/playground-tester/playground-tester/node_modules/@wp-playground/cli/index.js:64:10)
        at async ja (file:///home/runner/work/playground-tester/playground-tester/node_modules/@wp-playground/cli/cli.js:8161:12)
  }
}

Node.js v23.11.0
