file:///home/runner/work/playground-tester/playground-tester/node_modules/@wp-playground/cli/index.js:237
        throw new Error(y, { cause: u });
              ^

Error: [07-May-2025 22:29:13 UTC] WordPress database error <div style="clear:both">&nbsp;</div>
<div class="queries" style="clear:both;margin-bottom:2px;border:red dotted thin;">
<p>MySQL query:</p>
<p>SELECT toe_m.*, toe_m_t.label as type_name FROM wp_bup_modules toe_m INNER JOIN wp_bup_modules_type toe_m_t ON toe_m_t.id = toe_m.type_id ORDER BY id ASC</p>
<p>Queries made or created this session were:</p>
<ol>
<li>Executing: BEGIN | (no parameters)</li>
<li>Executing: SELECT `toe_m`.* , `toe_m_t`.`label` as `type_name` FROM `wp_bup_modules` `toe_m` INNER JOIN `wp_bup_modules_type` `toe_m_t` ON `toe_m_t`.`id` = `toe_m`.`type_id` ORDER BY `id` ASC | (no parameters)</li>
<li>Executing: ROLLBACK | (no parameters)</li>
</ol>
</div>
<div style="clear:both;margin-bottom:2px;border:red dotted thin;" class="error_message" style="border-bottom:dotted blue thin;">
SQLSTATE[HY000]: General error: 1 no such table: wp_bup_modules
</div>
<p>Backtrace:</p>
<pre>#0 /internal/shared/sqlite-database-integration/wp-includes/sqlite-ast/class-wp-sqlite-driver.php(683): WP_SQLite_Driver->new_driver_exception('SQLSTATE[HY000]...', 'HY000', Object(PDOException))
#1 /internal/shared/sqlite-database-integration/wp-includes/sqlite/class-wp-sqlite-db.php(491): WP_SQLite_Driver->query('SELECT toe_m.*,...')
#2 /internal/shared/sqlite-database-integration/wp-includes/sqlite/class-wp-sqlite-db.php(432): WP_SQLite_DB->_do_query('SELECT toe_m.*,...')
#3 /wordpress/wp-includes/class-wpdb.php(3146): WP_SQLite_DB->query('SELECT toe_m.*,...')
#4 /wordpress/wp-content/plugins/backup-by-supsystic/classes/db.php(32): wpdb->get_results('SELECT toe_m.*,...', 'ARRAY_A')
#5 /wordpress/wp-content/plugins/backup-by-supsystic/classes/table.php(241): dbBup::get('SELECT toe_m.*,...', 'all')
#6 /wordpress/wp-content/plugins/backup-by-supsystic/classes/frame.php(68): tableBup->get('toe_m.*, toe_m_...')
#7 /wordpress/wp-content/plugins/backup-by-supsystic/classes/frame.php(107): frameBup->_extractModules()
#8 /wordpress/wp-content/plugins/backup-by-supsystic/backup-supsystic.php(54): frameBup->init()
#9 /wordpress/wp-admin/includes/plugin.php(2387): include_once('/wordpress/wp-c...')
#10 /wordpress/wp-admin/includes/plugin.php(673): plugin_sandbox_scrape('backup-by-supsy...')
#11 /internal/eval.php(20): activate_plugin('backup-by-supsy...')
#12 {main}</pre>
 for query SELECT toe_m.*, toe_m_t.label as type_name FROM wp_bup_modules toe_m INNER JOIN wp_bup_modules_type toe_m_t ON toe_m_t.id = toe_m.type_id ORDER BY id ASC made by activate_plugin, plugin_sandbox_scrape, include_once('/plugins/backup-by-supsystic/backup-supsystic.php'), frameBup->init, frameBup->_extractModules, tableBup->get, dbBup::get, WP_SQLite_DB->query, WP_SQLite_DB->print_error
[07-May-2025 22:29:14 UTC] WordPress database error <div style="clear:both">&nbsp;</div>
<div class="queries" style="clear:both;margin-bottom:2px;border:red dotted thin;">
<p>MySQL query:</p>
<p>INSERT INTO `wp_bup_options` (`id`,`code`,`value`,`label`,`description`,`htmltype_id`,`params`,`cat_id`,`sort_order`,`value_type`) VALUES
				(NULL,'full','1','Full backup','on/off full backup',1,'',0,0,'dest_backup'),
				(NULL,'wp_core','1','Wordpress core backup','on/off Wordpress core backup',1,'',0,0,'dest_backup'),
				(NULL,'plugins','1','Plugins','on/off backup plugins',1,'',0,0,'dest_backup'),
				(NULL,'themes','1','Themes','on/off backup themes',1,'',0,0,'dest_backup'),
				(NULL,'uploads','1','Uploads','on/off backup uploads',1,'',0,0,'dest_backup'),
				(NULL,'database','1','Database','on/off backup database',1,'',0,0,'db_backup'),
				(NULL,'any_directories','1','Any','Any other directories found inside wp-content',1,'',0,0,'dest_backup'),
				(NULL,'warehouse','/wp-content/upsupsystic/','Warehouse','path to storage',1,'',0,0,''),
				(NULL,'warehouse_ignore','upsupsystic','Warehouse_ignore','Name ignore directory storage',1,'',0,0,''),
				(NULL,'safe_array','','Safe array','Safe file array',1,'',0,0,''),
				(NULL,'dropbox_model','','Dropbox model','Module uses two models: for PHP 5.2.x and for PHP >= 5.3.x', '1','', '', '',''),
				(NULL,'aws_access_key','','AWS Access Key','Amazon Web Services Access Key to work with the Amazon S3', '1','', '', '',''),
				(NULL,'aws_secret_key','','AWS Secret Key','Amazon Web Services Secret Key to work with Amazon S3', '1','', '', '',''),
				(NULL,'aws_s3_bucket','','S3 Bucket','Name of bucket to upload backups', '1','', '', '','');</p>
<p>Queries made or created this session were:</p>
<ol>
<li>Executing: BEGIN | (no parameters)</li>
<li>Executing: SELECT 1 FROM sqlite_temp_schema WHERE type = 'table' AND name = ? | parameters: wp_bup_options</li>
<li>Executing: 
				SELECT column_name, is_nullable, column_default, data_type, extra
				FROM `_wp_sqlite_mysql_information_schema_columns`
				WHERE table_schema = ?
				AND table_name = ?
				ORDER BY ordinal_position
			 | parameters: database_name_here, wp_bup_options</li>
<li>Executing: INSERT INTO `wp_bup_options` (`id`, `code`, `value`, `label`, `description`, `htmltype_id`, `params`, `cat_id`, `sort_order`, `value_type`) SELECT `column1`, `column2`, `column3`, `column4`, `column5`, `column6`, `column7`, `column8`, `column9`, `column10` FROM (VALUES ( NULL , 'full' , '1' , 'Full backup' , 'on/off full backup' , 1 , '' , 0 , 0 , 'dest_backup' ) , ( NULL , 'wp_core' , '1' , 'Wordpress core backup' , 'on/off Wordpress core backup' , 1 , '' , 0 , 0 , 'dest_backup' ) , ( NULL , 'plugins' , '1' , 'Plugins' , 'on/off backup plugins' , 1 , '' , 0 , 0 , 'dest_backup' ) , ( NULL , 'themes' , '1' , 'Themes' , 'on/off backup themes' , 1 , '' , 0 , 0 , 'dest_backup' ) , ( NULL , 'uploads' , '1' , 'Uploads' , 'on/off backup uploads' , 1 , '' , 0 , 0 , 'dest_backup' ) , ( NULL , 'database' , '1' , 'Database' , 'on/off backup database' , 1 , '' , 0 , 0 , 'db_backup' ) , ( NULL , 'any_directories' , '1' , 'Any' , 'Any other directories found inside wp-content' , 1 , '' , 0 , 0 , 'dest_backup' ) , ( NULL , 'warehouse' , '/wp-content/upsupsystic/' , 'Warehouse' , 'path to storage' , 1 , '' , 0 , 0 , '' ) , ( NULL , 'warehouse_ignore' , 'upsupsystic' , 'Warehouse_ignore' , 'Name ignore directory storage' , 1 , '' , 0 , 0 , '' ) , ( NULL , 'safe_array' , '' , 'Safe array' , 'Safe file array' , 1 , '' , 0 , 0 , '' ) , ( NULL , 'dropbox_model' , '' , 'Dropbox model' , 'Module uses two models: for PHP 5.2.x and for PHP &gt;= 5.3.x' , '1' , '' , '' , '' , '' ) , ( NULL , 'aws_access_key' , '' , 'AWS Access Key' , 'Amazon Web Services Access Key to work with the Amazon S3' , '1' , '' , '' , '' , '' ) , ( NULL , 'aws_secret_key' , '' , 'AWS Secret Key' , 'Amazon Web Services Secret Key to work with Amazon S3' , '1' , '' , '' , '' , '' ) , ( NULL , 'aws_s3_bucket' , '' , 'S3 Bucket' , 'Name of bucket to upload backups' , '1' , '' , '' , '' , '' )) WHERE true | (no parameters)</li>
<li>Executing: ROLLBACK | (no parameters)</li>
</ol>
</div>
<div style="clear:both;margin-bottom:2px;border:red dotted thin;" class="error_message" style="border-bottom:dotted blue thin;">
SQLSTATE[23000]: Integrity constraint violation: 19 cannot store TEXT value in INTEGER column wp_bup_options.cat_id
</div>
<p>Backtrace:</p>
<pre>#0 /internal/shared/sqlite-database-integration/wp-includes/sqlite-ast/class-wp-sqlite-driver.php(683): WP_SQLite_Driver->new_driver_exception('SQLSTATE[23000]...', '23000', Object(PDOException))
#1 /internal/shared/sqlite-database-integration/wp-includes/sqlite/class-wp-sqlite-db.php(491): WP_SQLite_Driver->query('INSERT INTO `wp...')
#2 /internal/shared/sqlite-database-integration/wp-includes/sqlite/class-wp-sqlite-db.php(432): WP_SQLite_DB->_do_query('INSERT INTO `wp...')
#3 /wordpress/wp-content/plugins/backup-by-supsystic/classes/db.php(43): WP_SQLite_DB->query('INSERT INTO `wp...')
#4 /wordpress/wp-content/plugins/backup-by-supsystic/classes/installer.php(131): dbBup::query('INSERT INTO `wp...')
#5 /wordpress/wp-content/plugins/backup-by-supsystic/classes/utils.php(358): installerBup::init()
#6 /wordpress/wp-includes/class-wp-hook.php(324): utilsBup::activatePlugin(false)
#7 /wordpress/wp-includes/class-wp-hook.php(348): WP_Hook->apply_filters('', Array)
#8 /wordpress/wp-includes/plugin.php(517): WP_Hook->do_action(Array)
#9 /wordpress/wp-admin/includes/plugin.php(703): do_action('activate_backup...', false)
#10 /internal/eval.php(20): activate_plugin('backup-by-supsy...')
#11 {main}</pre>
 for query INSERT INTO `wp_bup_options` (`id`,`code`,`value`,`label`,`description`,`htmltype_id`,`params`,`cat_id`,`sort_order`,`value_type`) VALUES
				(NULL,'full','1','Full backup','on/off full backup',1,'',0,0,'dest_backup'),
				(NULL,'wp_core','1','Wordpress core backup','on/off Wordpress core backup',1,'',0,0,'dest_backup'),
				(NULL,'plugins','1','Plugins','on/off backup plugins',1,'',0,0,'dest_backup'),
				(NULL,'themes','1','Themes','on/off backup themes',1,'',0,0,'dest_backup'),
				(NULL,'uploads','1','Uploads','on/off backup uploads',1,'',0,0,'dest_backup'),
				(NULL,'database','1','Database','on/off backup database',1,'',0,0,'db_backup'),
				(NULL,'any_directories','1','Any','Any other directories found inside wp-content',1,'',0,0,'dest_backup'),
				(NULL,'warehouse','/wp-content/upsupsystic/','Warehouse','path to storage',1,'',0,0,''),
				(NULL,'warehouse_ignore','upsupsystic','Warehouse_ignore','Name ignore directory storage',1,'',0,0,''),
				(NULL,'safe_array','','Safe array','Safe file array',1,'',0,0,''),
				(NULL,'dropbox_model','','Dropbox model','Module uses two models: for PHP 5.2.x and for PHP >= 5.3.x', '1','', '', '',''),
				(NULL,'aws_access_key','','AWS Access Key','Amazon Web Services Access Key to work with the Amazon S3', '1','', '', '',''),
				(NULL,'aws_secret_key','','AWS Secret Key','Amazon Web Services Secret Key to work with Amazon S3', '1','', '', '',''),
				(NULL,'aws_s3_bucket','','S3 Bucket','Name of bucket to upload backups', '1','', '', '',''); made by activate_plugin, do_action('activate_backup-by-supsystic/backup-supsystic.php'), WP_Hook->do_action, WP_Hook->apply_filters, utilsBup::activatePlugin, installerBup::init, dbBup::query, WP_SQLite_DB->query, WP_SQLite_DB->print_error
[07-May-2025 22:29:14 UTC] WordPress database error <div style="clear:both">&nbsp;</div>
<div class="queries" style="clear:both;margin-bottom:2px;border:red dotted thin;">
<p>MySQL query:</p>
<p>INSERT INTO `wp_bup_options` (`id`,`code`,`value`,`label`,`description`,`htmltype_id`,`params`,`cat_id`,`sort_order`,`value_type`) VALUES
			    (NULL,'dropbox_model','','Dropbox model','Module uses two models: for PHP 5.2.x and for PHP >= 5.3.x', '1','', '', '','');</p>
<p>Queries made or created this session were:</p>
<ol>
<li>Executing: BEGIN | (no parameters)</li>
<li>Executing: SELECT 1 FROM sqlite_temp_schema WHERE type = 'table' AND name = ? | parameters: wp_bup_options</li>
<li>Executing: 
				SELECT column_name, is_nullable, column_default, data_type, extra
				FROM `_wp_sqlite_mysql_information_schema_columns`
				WHERE table_schema = ?
				AND table_name = ?
				ORDER BY ordinal_position
			 | parameters: database_name_here, wp_bup_options</li>
<li>Executing: INSERT INTO `wp_bup_options` (`id`, `code`, `value`, `label`, `description`, `htmltype_id`, `params`, `cat_id`, `sort_order`, `value_type`) SELECT `column1`, `column2`, `column3`, `column4`, `column5`, `column6`, `column7`, `column8`, `column9`, `column10` FROM (VALUES ( NULL , 'dropbox_model' , '' , 'Dropbox model' , 'Module uses two models: for PHP 5.2.x and for PHP &gt;= 5.3.x' , '1' , '' , '' , '' , '' )) WHERE true | (no parameters)</li>
<li>Executing: ROLLBACK | (no parameters)</li>
</ol>
</div>
<div style="clear:both;margin-bottom:2px;border:red dotted thin;" class="error_message" style="border-bottom:dotted blue thin;">
SQLSTATE[23000]: Integrity constraint violation: 19 cannot store TEXT value in INTEGER column wp_bup_options.cat_id
</div>
<p>Backtrace:</p>
<pre>#0 /internal/shared/sqlite-database-integration/wp-includes/sqlite-ast/class-wp-sqlite-driver.php(683): WP_SQLite_Driver->new_driver_exception('SQLSTATE[23000]...', '23000', Object(PDOException))
#1 /internal/shared/sqlite-database-integration/wp-includes/sqlite/class-wp-sqlite-db.php(491): WP_SQLite_Driver->query('INSERT INTO `wp...')
#2 /internal/shared/sqlite-database-integration/wp-includes/sqlite/class-wp-sqlite-db.php(432): WP_SQLite_DB->_do_query('INSERT INTO `wp...')
#3 /wordpress/wp-content/plugins/backup-by-supsystic/classes/db.php(43): WP_SQLite_DB->query('INSERT INTO `wp...')
#4 /wordpress/wp-content/plugins/backup-by-supsystic/classes/installer.php(141): dbBup::query('INSERT INTO `wp...')
#5 /wordpress/wp-content/plugins/backup-by-supsystic/classes/utils.php(358): installerBup::init()
#6 /wordpress/wp-includes/class-wp-hook.php(324): utilsBup::activatePlugin(false)
#7 /wordpress/wp-includes/class-wp-hook.php(348): WP_Hook->apply_filters('', Array)
#8 /wordpress/wp-includes/plugin.php(517): WP_Hook->do_action(Array)
#9 /wordpress/wp-admin/includes/plugin.php(703): do_action('activate_backup...', false)
#10 /internal/eval.php(20): activate_plugin('backup-by-supsy...')
#11 {main}</pre>
 for query INSERT INTO `wp_bup_options` (`id`,`code`,`value`,`label`,`description`,`htmltype_id`,`params`,`cat_id`,`sort_order`,`value_type`) VALUES
			    (NULL,'dropbox_model','','Dropbox model','Module uses two models: for PHP 5.2.x and for PHP >= 5.3.x', '1','', '', '',''); made by activate_plugin, do_action('activate_backup-by-supsystic/backup-supsystic.php'), WP_Hook->do_action, WP_Hook->apply_filters, utilsBup::activatePlugin, installerBup::init, dbBup::query, WP_SQLite_DB->query, WP_SQLite_DB->print_error
[07-May-2025 22:29:14 UTC] WordPress database error <div style="clear:both">&nbsp;</div>
<div class="queries" style="clear:both;margin-bottom:2px;border:red dotted thin;">
<p>MySQL query:</p>
<p>INSERT INTO `wp_bup_options` (`id`,`code`,`value`,`label`,`description`,`htmltype_id`,`params`,`cat_id`,`sort_order`,`value_type`) VALUES
			    (NULL,'gdrive_refresh_token','','Google Refresh Token','GoogleDrive refresh token using for automatically extend token time', '1','', '', '','');</p>
<p>Queries made or created this session were:</p>
<ol>
<li>Executing: BEGIN | (no parameters)</li>
<li>Executing: SELECT 1 FROM sqlite_temp_schema WHERE type = 'table' AND name = ? | parameters: wp_bup_options</li>
<li>Executing: 
				SELECT column_name, is_nullable, column_default, data_type, extra
				FROM `_wp_sqlite_mysql_information_schema_columns`
				WHERE table_schema = ?
				AND table_name = ?
				ORDER BY ordinal_position
			 | parameters: database_name_here, wp_bup_options</li>
<li>Executing: INSERT INTO `wp_bup_options` (`id`, `code`, `value`, `label`, `description`, `htmltype_id`, `params`, `cat_id`, `sort_order`, `value_type`) SELECT `column1`, `column2`, `column3`, `column4`, `column5`, `column6`, `column7`, `column8`, `column9`, `column10` FROM (VALUES ( NULL , 'gdrive_refresh_token' , '' , 'Google Refresh Token' , 'GoogleDrive refresh token using for automatically extend token time' , '1' , '' , '' , '' , '' )) WHERE true | (no parameters)</li>
<li>Executing: ROLLBACK | (no parameters)</li>
</ol>
</div>
<div style="clear:both;margin-bottom:2px;border:red dotted thin;" class="error_message" style="border-bottom:dotted blue thin;">
SQLSTATE[23000]: Integrity constraint violation: 19 cannot store TEXT value in INTEGER column wp_bup_options.cat_id
</div>
<p>Backtrace:</p>
<pre>#0 /internal/shared/sqlite-database-integration/wp-includes/sqlite-ast/class-wp-sqlite-driver.php(683): WP_SQLite_Driver->new_driver_exception('SQLSTATE[23000]...', '23000', Object(PDOException))
#1 /internal/shared/sqlite-database-integration/wp-includes/sqlite/class-wp-sqlite-db.php(491): WP_SQLite_Driver->query('INSERT INTO `wp...')
#2 /internal/shared/sqlite-database-integration/wp-includes/sqlite/class-wp-sqlite-db.php(432): WP_SQLite_DB->_do_query('INSERT INTO `wp...')
#3 /wordpress/wp-content/plugins/backup-by-supsystic/classes/db.php(43): WP_SQLite_DB->query('INSERT INTO `wp...')
#4 /wordpress/wp-content/plugins/backup-by-supsystic/classes/installer.php(145): dbBup::query('INSERT INTO `wp...')
#5 /wordpress/wp-content/plugins/backup-by-supsystic/classes/utils.php(358): installerBup::init()
#6 /wordpress/wp-includes/class-wp-hook.php(324): utilsBup::activatePlugin(false)
#7 /wordpress/wp-includes/class-wp-hook.php(348): WP_Hook->apply_filters('', Array)
#8 /wordpress/wp-includes/plugin.php(517): WP_Hook->do_action(Array)
#9 /wordpress/wp-admin/includes/plugin.php(703): do_action('activate_backup...', false)
#10 /internal/eval.php(20): activate_plugin('backup-by-supsy...')
#11 {main}</pre>
 for query INSERT INTO `wp_bup_options` (`id`,`code`,`value`,`label`,`description`,`htmltype_id`,`params`,`cat_id`,`sort_order`,`value_type`) VALUES
			    (NULL,'gdrive_refresh_token','','Google Refresh Token','GoogleDrive refresh token using for automatically extend token time', '1','', '', '',''); made by activate_plugin, do_action('activate_backup-by-supsystic/backup-supsystic.php'), WP_Hook->do_action, WP_Hook->apply_filters, utilsBup::activatePlugin, installerBup::init, dbBup::query, WP_SQLite_DB->query, WP_SQLite_DB->print_error
[07-May-2025 22:29:14 UTC] WordPress database error <div style="clear:both">&nbsp;</div>
<div class="queries" style="clear:both;margin-bottom:2px;border:red dotted thin;">
<p>MySQL query:</p>
<p>INSERT INTO `wp_bup_options` (`id`,`code`,`value`,`label`,`description`,`htmltype_id`,`params`,`cat_id`,`sort_order`,`value_type`) VALUES
			    (NULL,'aws_access_key','','AWS Access Key','Amazon Web Services Access Key to work with the Amazon S3', '1','', '', '','');</p>
<p>Queries made or created this session were:</p>
<ol>
<li>Executing: BEGIN | (no parameters)</li>
<li>Executing: SELECT 1 FROM sqlite_temp_schema WHERE type = 'table' AND name = ? | parameters: wp_bup_options</li>
<li>Executing: 
				SELECT column_name, is_nullable, column_default, data_type, extra
				FROM `_wp_sqlite_mysql_information_schema_columns`
				WHERE table_schema = ?
				AND table_name = ?
				ORDER BY ordinal_position
			 | parameters: database_name_here, wp_bup_options</li>
<li>Executing: INSERT INTO `wp_bup_options` (`id`, `code`, `value`, `label`, `description`, `htmltype_id`, `params`, `cat_id`, `sort_order`, `value_type`) SELECT `column1`, `column2`, `column3`, `column4`, `column5`, `column6`, `column7`, `column8`, `column9`, `column10` FROM (VALUES ( NULL , 'aws_access_key' , '' , 'AWS Access Key' , 'Amazon Web Services Access Key to work with the Amazon S3' , '1' , '' , '' , '' , '' )) WHERE true | (no parameters)</li>
<li>Executing: ROLLBACK | (no parameters)</li>
</ol>
</div>
<div style="clear:both;margin-bottom:2px;border:red dotted thin;" class="error_message" style="border-bottom:dotted blue thin;">
SQLSTATE[23000]: Integrity constraint violation: 19 cannot store TEXT value in INTEGER column wp_bup_options.cat_id
</div>
<p>Backtrace:</p>
<pre>#0 /internal/shared/sqlite-database-integration/wp-includes/sqlite-ast/class-wp-sqlite-driver.php(683): WP_SQLite_Driver->new_driver_exception('SQLSTATE[23000]...', '23000', Object(PDOException))
#1 /internal/shared/sqlite-database-integration/wp-includes/sqlite/class-wp-sqlite-db.php(491): WP_SQLite_Driver->query('INSERT INTO `wp...')
#2 /internal/shared/sqlite-database-integration/wp-includes/sqlite/class-wp-sqlite-db.php(432): WP_SQLite_DB->_do_query('INSERT INTO `wp...')
#3 /wordpress/wp-content/plugins/backup-by-supsystic/classes/db.php(43): WP_SQLite_DB->query('INSERT INTO `wp...')
#4 /wordpress/wp-content/plugins/backup-by-supsystic/classes/installer.php(149): dbBup::query('INSERT INTO `wp...')
#5 /wordpress/wp-content/plugins/backup-by-supsystic/classes/utils.php(358): installerBup::init()
#6 /wordpress/wp-includes/class-wp-hook.php(324): utilsBup::activatePlugin(false)
#7 /wordpress/wp-includes/class-wp-hook.php(348): WP_Hook->apply_filters('', Array)
#8 /wordpress/wp-includes/plugin.php(517): WP_Hook->do_action(Array)
#9 /wordpress/wp-admin/includes/plugin.php(703): do_action('activate_backup...', false)
#10 /internal/eval.php(20): activate_plugin('backup-by-supsy...')
#11 {main}</pre>
 for query INSERT INTO `wp_bup_options` (`id`,`code`,`value`,`label`,`description`,`htmltype_id`,`params`,`cat_id`,`sort_order`,`value_type`) VALUES
			    (NULL,'aws_access_key','','AWS Access Key','Amazon Web Services Access Key to work with the Amazon S3', '1','', '', '',''); made by activate_plugin, do_action('activate_backup-by-supsystic/backup-supsystic.php'), WP_Hook->do_action, WP_Hook->apply_filters, utilsBup::activatePlugin, installerBup::init, dbBup::query, WP_SQLite_DB->query, WP_SQLite_DB->print_error
[07-May-2025 22:29:14 UTC] WordPress database error <div style="clear:both">&nbsp;</div>
<div class="queries" style="clear:both;margin-bottom:2px;border:red dotted thin;">
<p>MySQL query:</p>
<p>INSERT INTO `wp_bup_options` (`id`,`code`,`value`,`label`,`description`,`htmltype_id`,`params`,`cat_id`,`sort_order`,`value_type`) VALUES
			    (NULL,'aws_secret_key','','AWS Secret Key','Amazon Web Services Secret Key to work with Amazon S3', '1','', '', '','');</p>
<p>Queries made or created this session were:</p>
<ol>
<li>Executing: BEGIN | (no parameters)</li>
<li>Executing: SELECT 1 FROM sqlite_temp_schema WHERE type = 'table' AND name = ? | parameters: wp_bup_options</li>
<li>Executing: 
				SELECT column_name, is_nullable, column_default, data_type, extra
				FROM `_wp_sqlite_mysql_information_schema_columns`
				WHERE table_schema = ?
				AND table_name = ?
				ORDER BY ordinal_position
			 | parameters: database_name_here, wp_bup_options</li>
<li>Executing: INSERT INTO `wp_bup_options` (`id`, `code`, `value`, `label`, `description`, `htmltype_id`, `params`, `cat_id`, `sort_order`, `value_type`) SELECT `column1`, `column2`, `column3`, `column4`, `column5`, `column6`, `column7`, `column8`, `column9`, `column10` FROM (VALUES ( NULL , 'aws_secret_key' , '' , 'AWS Secret Key' , 'Amazon Web Services Secret Key to work with Amazon S3' , '1' , '' , '' , '' , '' )) WHERE true | (no parameters)</li>
<li>Executing: ROLLBACK | (no parameters)</li>
</ol>
</div>
<div style="clear:both;margin-bottom:2px;border:red dotted thin;" class="error_message" style="border-bottom:dotted blue thin;">
SQLSTATE[23000]: Integrity constraint violation: 19 cannot store TEXT value in INTEGER column wp_bup_options.cat_id
</div>
<p>Backtrace:</p>
<pre>#0 /internal/shared/sqlite-database-integration/wp-includes/sqlite-ast/class-wp-sqlite-driver.php(683): WP_SQLite_Driver->new_driver_exception('SQLSTATE[23000]...', '23000', Object(PDOException))
#1 /internal/shared/sqlite-database-integration/wp-includes/sqlite/class-wp-sqlite-db.php(491): WP_SQLite_Driver->query('INSERT INTO `wp...')
#2 /internal/shared/sqlite-database-integration/wp-includes/sqlite/class-wp-sqlite-db.php(432): WP_SQLite_DB->_do_query('INSERT INTO `wp...')
#3 /wordpress/wp-content/plugins/backup-by-supsystic/classes/db.php(43): WP_SQLite_DB->query('INSERT INTO `wp...')
#4 /wordpress/wp-content/plugins/backup-by-supsystic/classes/installer.php(153): dbBup::query('INSERT INTO `wp...')
#5 /wordpress/wp-content/plugins/backup-by-supsystic/classes/utils.php(358): installerBup::init()
#6 /wordpress/wp-includes/class-wp-hook.php(324): utilsBup::activatePlugin(false)
#7 /wordpress/wp-includes/class-wp-hook.php(348): WP_Hook->apply_filters('', Array)
#8 /wordpress/wp-includes/plugin.php(517): WP_Hook->do_action(Array)
#9 /wordpress/wp-admin/includes/plugin.php(703): do_action('activate_backup...', false)
#10 /internal/eval.php(20): activate_plugin('backup-by-supsy...')
#11 {main}</pre>
 for query INSERT INTO `wp_bup_options` (`id`,`code`,`value`,`label`,`description`,`htmltype_id`,`params`,`cat_id`,`sort_order`,`value_type`) VALUES
			    (NULL,'aws_secret_key','','AWS Secret Key','Amazon Web Services Secret Key to work with Amazon S3', '1','', '', '',''); made by activate_plugin, do_action('activate_backup-by-supsystic/backup-supsystic.php'), WP_Hook->do_action, WP_Hook->apply_filters, utilsBup::activatePlugin, installerBup::init, dbBup::query, WP_SQLite_DB->query, WP_SQLite_DB->print_error
[07-May-2025 22:29:14 UTC] WordPress database error <div style="clear:both">&nbsp;</div>
<div class="queries" style="clear:both;margin-bottom:2px;border:red dotted thin;">
<p>MySQL query:</p>
<p>INSERT INTO `wp_bup_options` (`id`,`code`,`value`,`label`,`description`,`htmltype_id`,`params`,`cat_id`,`sort_order`,`value_type`) VALUES
			    (NULL,'aws_s3_bucket','','S3 Bucket','Name of bucket to upload backups', '1','', '', '','');</p>
<p>Queries made or created this session were:</p>
<ol>
<li>Executing: BEGIN | (no parameters)</li>
<li>Executing: SELECT 1 FROM sqlite_temp_schema WHERE type = 'table' AND name = ? | parameters: wp_bup_options</li>
<li>Executing: 
				SELECT column_name, is_nullable, column_default, data_type, extra
				FROM `_wp_sqlite_mysql_information_schema_columns`
				WHERE table_schema = ?
				AND table_name = ?
				ORDER BY ordinal_position
			 | parameters: database_name_here, wp_bup_options</li>
<li>Executing: INSERT INTO `wp_bup_options` (`id`, `code`, `value`, `label`, `description`, `htmltype_id`, `params`, `cat_id`, `sort_order`, `value_type`) SELECT `column1`, `column2`, `column3`, `column4`, `column5`, `column6`, `column7`, `column8`, `column9`, `column10` FROM (VALUES ( NULL , 'aws_s3_bucket' , '' , 'S3 Bucket' , 'Name of bucket to upload backups' , '1' , '' , '' , '' , '' )) WHERE true | (no parameters)</li>
<li>Executing: ROLLBACK | (no parameters)</li>
</ol>
</div>
<div style="clear:both;margin-bottom:2px;border:red dotted thin;" class="error_message" style="border-bottom:dotted blue thin;">
SQLSTATE[23000]: Integrity constraint violation: 19 cannot store TEXT value in INTEGER column wp_bup_options.cat_id
</div>
<p>Backtrace:</p>
<pre>#0 /internal/shared/sqlite-database-integration/wp-includes/sqlite-ast/class-wp-sqlite-driver.php(683): WP_SQLite_Driver->new_driver_exception('SQLSTATE[23000]...', '23000', Object(PDOException))
#1 /internal/shared/sqlite-database-integration/wp-includes/sqlite/class-wp-sqlite-db.php(491): WP_SQLite_Driver->query('INSERT INTO `wp...')
#2 /internal/shared/sqlite-database-integration/wp-includes/sqlite/class-wp-sqlite-db.php(432): WP_SQLite_DB->_do_query('INSERT INTO `wp...')
#3 /wordpress/wp-content/plugins/backup-by-supsystic/classes/db.php(43): WP_SQLite_DB->query('INSERT INTO `wp...')
#4 /wordpress/wp-content/plugins/backup-by-supsystic/classes/installer.php(157): dbBup::query('INSERT INTO `wp...')
#5 /wordpress/wp-content/plugins/backup-by-supsystic/classes/utils.php(358): installerBup::init()
#6 /wordpress/wp-includes/class-wp-hook.php(324): utilsBup::activatePlugin(false)
#7 /wordpress/wp-includes/class-wp-hook.php(348): WP_Hook->apply_filters('', Array)
#8 /wordpress/wp-includes/plugin.php(517): WP_Hook->do_action(Array)
#9 /wordpress/wp-admin/includes/plugin.php(703): do_action('activate_backup...', false)
#10 /internal/eval.php(20): activate_plugin('backup-by-supsy...')
#11 {main}</pre>
 for query INSERT INTO `wp_bup_options` (`id`,`code`,`value`,`label`,`description`,`htmltype_id`,`params`,`cat_id`,`sort_order`,`value_type`) VALUES
			    (NULL,'aws_s3_bucket','','S3 Bucket','Name of bucket to upload backups', '1','', '', '',''); made by activate_plugin, do_action('activate_backup-by-supsystic/backup-supsystic.php'), WP_Hook->do_action, WP_Hook->apply_filters, utilsBup::activatePlugin, installerBup::init, dbBup::query, WP_SQLite_DB->query, WP_SQLite_DB->print_error
[07-May-2025 22:29:15 UTC] PHP Notice:  Function _load_textdomain_just_in_time was called <strong>incorrectly</strong>. Translation loading for the <code>backup-by-supsystic</code> domain was triggered too early. This is usually an indicator for some code in the plugin or theme running too early. Translations should be loaded at the <code>init</code> action or later. Please see <a href="https://developer.wordpress.org/advanced-administration/debug/debug-wordpress/">Debugging in WordPress</a> for more information. (This message was added in version 6.7.0.) in /wordpress/wp-includes/functions.php on line 6121
[07-May-2025 22:29:15 UTC] PHP Deprecated:  Required parameter $encode follows optional parameter $fields in /wordpress/wp-content/plugins/backup-by-supsystic/modules/dropbox/classes/curlBup.php on line 150
[07-May-2025 22:29:26 UTC] WordPress database error <div style="clear:both">&nbsp;</div>
<div class="queries" style="clear:both;margin-bottom:2px;border:red dotted thin;">
<p>MySQL query:</p>
<p>SELECT toe_m.*, toe_m_t.label as type_name FROM wp_bup_modules toe_m INNER JOIN wp_bup_modules_type toe_m_t ON toe_m_t.id = toe_m.type_id ORDER BY id ASC</p>
<p>Queries made or created this session were:</p>
<ol>
<li>Executing: BEGIN | (no parameters)</li>
<li>Executing: SELECT toe_m.*, toe_m_t.label as type_name FROM wp_bup_modules toe_m INNER JOIN wp_bup_modules_type toe_m_t ON toe_m_t.id = toe_m.type_id ORDER BY id ASC | (no parameters)</li>
<li>Executing: ROLLBACK | (no parameters)</li>
</ol>
</div>
<div style="clear:both;margin-bottom:2px;border:red dotted thin;" class="error_message" style="border-bottom:dotted blue thin;">
Error occurred at line 4117 in Function <code>handle_error</code>. Error message was: SQLSTATE[HY000]: General error: 1 no such table: wp_bup_modules.
</div>
<p>Backtrace:</p>
<pre>#0 /internal/shared/sqlite-database-integration/wp-includes/sqlite/class-wp-sqlite-db.php(287): WP_SQLite_Translator->get_error_message()
#1 /wordpress/wp-includes/class-wpdb.php(3146): WP_SQLite_DB->query('SELECT toe_m.*,...')
#2 /wordpress/wp-content/plugins/backup-by-supsystic/classes/db.php(32): wpdb->get_results('SELECT toe_m.*,...', 'ARRAY_A')
#3 /wordpress/wp-content/plugins/backup-by-supsystic/classes/table.php(241): dbBup::get('SELECT toe_m.*,...', 'all')
#4 /wordpress/wp-content/plugins/backup-by-supsystic/classes/frame.php(68): tableBup->get('toe_m.*, toe_m_...')
#5 /wordpress/wp-content/plugins/backup-by-supsystic/classes/frame.php(107): frameBup->_extractModules()
#6 /wordpress/wp-content/plugins/backup-by-supsystic/backup-supsystic.php(54): frameBup->init()
#7 /wordpress/wp-admin/includes/plugin.php(2387): include_once('/wordpress/wp-c...')
#8 /wordpress/wp-admin/includes/plugin.php(673): plugin_sandbox_scrape('backup-by-supsy...')
#9 /internal/eval.php(20): activate_plugin('backup-by-supsy...')
#10 {main}</pre>
 for query SELECT toe_m.*, toe_m_t.label as type_name FROM wp_bup_modules toe_m INNER JOIN wp_bup_modules_type toe_m_t ON toe_m_t.id = toe_m.type_id ORDER BY id ASC made by activate_plugin, plugin_sandbox_scrape, include_once('/plugins/backup-by-supsystic/backup-supsystic.php'), frameBup->init, frameBup->_extractModules, tableBup->get, dbBup::get, WP_SQLite_DB->query, WP_SQLite_DB->print_error
[07-May-2025 22:29:27 UTC] PHP Notice:  Function _load_textdomain_just_in_time was called <strong>incorrectly</strong>. Translation loading for the <code>backup-by-supsystic</code> domain was triggered too early. This is usually an indicator for some code in the plugin or theme running too early. Translations should be loaded at the <code>init</code> action or later. Please see <a href="https://developer.wordpress.org/advanced-administration/debug/debug-wordpress/">Debugging in WordPress</a> for more information. (This message was added in version 6.7.0.) in /wordpress/wp-includes/functions.php on line 6121
[07-May-2025 22:29:27 UTC] PHP Deprecated:  Required parameter $encode follows optional parameter $fields in /wordpress/wp-content/plugins/backup-by-supsystic/modules/dropbox/classes/curlBup.php on line 150
[07-May-2025 22:29:38 UTC] WordPress database error <div style="clear:both">&nbsp;</div>
<div class="queries" style="clear:both;margin-bottom:2px;border:red dotted thin;">
<p>MySQL query:</p>
<p>SELECT toe_m.*, toe_m_t.label as type_name FROM wp_bup_modules toe_m INNER JOIN wp_bup_modules_type toe_m_t ON toe_m_t.id = toe_m.type_id ORDER BY id ASC</p>
<p>Queries made or created this session were:</p>
<ol>
<li>Executing: BEGIN | (no parameters)</li>
<li>Executing: SELECT toe_m.*, toe_m_t.label as type_name FROM wp_bup_modules toe_m INNER JOIN wp_bup_modules_type toe_m_t ON toe_m_t.id = toe_m.type_id ORDER BY id ASC | (no parameters)</li>
<li>Executing: ROLLBACK | (no parameters)</li>
</ol>
</div>
<div style="clear:both;margin-bottom:2px;border:red dotted thin;" class="error_message" style="border-bottom:dotted blue thin;">
Error occurred at line 4117 in Function <code>handle_error</code>. Error message was: SQLSTATE[HY000]: General error: 1 no such table: wp_bup_modules.
</div>
<p>Backtrace:</p>
<pre>#0 /internal/shared/sqlite-database-integration/wp-includes/sqlite/class-wp-sqlite-db.php(287): WP_SQLite_Translator->get_error_message()
#1 /wordpress/wp-includes/class-wpdb.php(3146): WP_SQLite_DB->query('SELECT toe_m.*,...')
#2 /wordpress/wp-content/plugins/backup-by-supsystic/classes/db.php(32): wpdb->get_results('SELECT toe_m.*,...', 'ARRAY_A')
#3 /wordpress/wp-content/plugins/backup-by-supsystic/classes/table.php(241): dbBup::get('SELECT toe_m.*,...', 'all')
#4 /wordpress/wp-content/plugins/backup-by-supsystic/classes/frame.php(68): tableBup->get('toe_m.*, toe_m_...')
#5 /wordpress/wp-content/plugins/backup-by-supsystic/classes/frame.php(107): frameBup->_extractModules()
#6 /wordpress/wp-content/plugins/backup-by-supsystic/backup-supsystic.php(54): frameBup->init()
#7 /wordpress/wp-admin/includes/plugin.php(2387): include_once('/wordpress/wp-c...')
#8 /wordpress/wp-admin/includes/plugin.php(673): plugin_sandbox_scrape('backup-by-supsy...')
#9 /internal/eval.php(20): activate_plugin('backup-by-supsy...')
#10 {main}</pre>
 for query SELECT toe_m.*, toe_m_t.label as type_name FROM wp_bup_modules toe_m INNER JOIN wp_bup_modules_type toe_m_t ON toe_m_t.id = toe_m.type_id ORDER BY id ASC made by activate_plugin, plugin_sandbox_scrape, include_once('/plugins/backup-by-supsystic/backup-supsystic.php'), frameBup->init, frameBup->_extractModules, tableBup->get, dbBup::get, WP_SQLite_DB->query, WP_SQLite_DB->print_error
[07-May-2025 22:29:39 UTC] PHP Notice:  Function _load_textdomain_just_in_time was called <strong>incorrectly</strong>. Translation loading for the <code>backup-by-supsystic</code> domain was triggered too early. This is usually an indicator for some code in the plugin or theme running too early. Translations should be loaded at the <code>init</code> action or later. Please see <a href="https://developer.wordpress.org/advanced-administration/debug/debug-wordpress/">Debugging in WordPress</a> for more information. (This message was added in version 6.7.0.) in /wordpress/wp-includes/functions.php on line 6121
[07-May-2025 22:29:40 UTC] PHP Deprecated:  Required parameter $encode follows optional parameter $fields in /wordpress/wp-content/plugins/backup-by-supsystic/modules/dropbox/classes/curlBup.php on line 150
[07-May-2025 22:30:42 UTC] Loading the plugin
[07-May-2025 22:30:43 UTC] Loading the plugin
[07-May-2025 22:30:51 UTC] Loading the plugin
[07-May-2025 22:30:53 UTC] Loading the plugin
[07-May-2025 22:31:01 UTC] Loading the plugin
[07-May-2025 22:31:02 UTC] Loading the plugin
[07-May-2025 22:31:39 UTC] PHP Fatal error:  Uncaught Error: Call to undefined function mysql_get_server_info() in /wordpress/wp-content/plugins/benday-reviews-system/br-system.php:22
Stack trace:
#0 /wordpress/wp-includes/class-wp-hook.php(324): br_install(false)
#1 /wordpress/wp-includes/class-wp-hook.php(348): WP_Hook->apply_filters('', Array)
#2 /wordpress/wp-includes/plugin.php(517): WP_Hook->do_action(Array)
#3 /wordpress/wp-admin/includes/plugin.php(703): do_action('activate_benday...', false)
#4 /internal/eval.php(20): activate_plugin('benday-reviews-...')
#5 {main}
  thrown in /wordpress/wp-content/plugins/benday-reviews-system/br-system.php on line 22
[07-May-2025 22:31:46 UTC] PHP Fatal error:  Uncaught Error: Call to undefined function mysql_get_server_info() in /wordpress/wp-content/plugins/benday-reviews-system/br-system.php:22
Stack trace:
#0 /wordpress/wp-includes/class-wp-hook.php(324): br_install(false)
#1 /wordpress/wp-includes/class-wp-hook.php(348): WP_Hook->apply_filters('', Array)
#2 /wordpress/wp-includes/plugin.php(517): WP_Hook->do_action(Array)
#3 /wordpress/wp-admin/includes/plugin.php(703): do_action('activate_benday...', false)
#4 /internal/eval.php(20): activate_plugin('benday-reviews-...')
#5 {main}
  thrown in /wordpress/wp-content/plugins/benday-reviews-system/br-system.php on line 22
[07-May-2025 22:31:54 UTC] PHP Fatal error:  Uncaught Error: Call to undefined function mysql_get_server_info() in /wordpress/wp-content/plugins/benday-reviews-system/br-system.php:22
Stack trace:
#0 /wordpress/wp-includes/class-wp-hook.php(324): br_install(false)
#1 /wordpress/wp-includes/class-wp-hook.php(348): WP_Hook->apply_filters('', Array)
#2 /wordpress/wp-includes/plugin.php(517): WP_Hook->do_action(Array)
#3 /wordpress/wp-admin/includes/plugin.php(703): do_action('activate_benday...', false)
#4 /internal/eval.php(20): activate_plugin('benday-reviews-...')
#5 {main}
  thrown in /wordpress/wp-content/plugins/benday-reviews-system/br-system.php on line 22
[07-May-2025 22:32:58 UTC] PHP Fatal error:  Uncaught RuntimeException: <div style="clear:both">&nbsp;</div>
<div class="queries" style="clear:both;margin-bottom:2px;border:red dotted thin;">
<p>MySQL query:</p>
<p>CREATE TABLE IF NOT EXISTS wp_bit_assist_widget_channels (
             id BIGINT  UNSIGNED NOT NULL AUTO_INCREMENT
, widget_id BIGINT(20) UNSIGNED NOT NULL
, channel_name VARCHAR(255) NOT NULL
, config LONGTEXT  NULL
, sequence INTEGER  NULL
, status BOOLEAN  NOT NULL DEFAULT 1
, created_at timestamp  NULL DEFAULT NULL
, updated_at timestamp  NULL DEFAULT NULL,
PRIMARY KEY (
id
), FOREIGN KEY (widget_id) REFERENCES wp_bit_assist_widgets (id) ON DELETE CASCADE
             ) </p>
<p>Queries made or created this session were:</p>
<ol>
<li>Executing: BEGIN | (no parameters)</li>
<li>Executing: SELECT 1 FROM `_wp_sqlite_mysql_information_schema_tables` WHERE table_schema = ? AND table_name = ? | parameters: database_name_here, wp_bit_assist_widget_channels</li>
<li>Executing: INSERT INTO `_wp_sqlite_mysql_information_schema_tables` (`table_schem in /wordpress/wp-content/plugins/bit-assist/vendor/bitapps/wp-database/src/Blueprint.php on line 176
[07-May-2025 22:33:08 UTC] PHP Fatal error:  Uncaught RuntimeException: <div style="clear:both">&nbsp;</div>
<div class="queries" style="clear:both;margin-bottom:2px;border:red dotted thin;">
<p>MySQL query:</p>
<p>CREATE TABLE IF NOT EXISTS wp_bit_assist_widget_channels (
             id BIGINT  UNSIGNED NOT NULL AUTO_INCREMENT
, widget_id BIGINT(20) UNSIGNED NOT NULL
, channel_name VARCHAR(255) NOT NULL
, config LONGTEXT  NULL
, sequence INTEGER  NULL
, status BOOLEAN  NOT NULL DEFAULT 1
, created_at timestamp  NULL DEFAULT NULL
, updated_at timestamp  NULL DEFAULT NULL,
PRIMARY KEY (
id
), FOREIGN KEY (widget_id) REFERENCES wp_bit_assist_widgets (id) ON DELETE CASCADE
             ) </p>
<p>Queries made or created this session were:</p>
<ol>
<li>Executing: BEGIN | (no parameters)</li>
<li>Executing: INSERT INTO _mysql_data_types_cache (`table`, `column_or_index`, `mysql_type`)
				VALUES (:table, :column, :datatype)
				ON CONFLICT(`table`, `column_or_index`) DO UPDATE SET `mysql_type` = :datatype
			 | parameters: wp_bit_assist_widget_channels, id,  in /wordpress/wp-content/plugins/bit-assist/vendor/bitapps/wp-database/src/Blueprint.php on line 176
[07-May-2025 22:33:18 UTC] PHP Fatal error:  Uncaught RuntimeException: <div style="clear:both">&nbsp;</div>
<div class="queries" style="clear:both;margin-bottom:2px;border:red dotted thin;">
<p>MySQL query:</p>
<p>CREATE TABLE IF NOT EXISTS wp_bit_assist_widget_channels (
             id BIGINT  UNSIGNED NOT NULL AUTO_INCREMENT
, widget_id BIGINT(20) UNSIGNED NOT NULL
, channel_name VARCHAR(255) NOT NULL
, config LONGTEXT  NULL
, sequence INTEGER  NULL
, status BOOLEAN  NOT NULL DEFAULT 1
, created_at timestamp  NULL DEFAULT NULL
, updated_at timestamp  NULL DEFAULT NULL,
PRIMARY KEY (
id
), FOREIGN KEY (widget_id) REFERENCES wp_bit_assist_widgets (id) ON DELETE CASCADE
             ) </p>
<p>Queries made or created this session were:</p>
<ol>
<li>Executing: BEGIN | (no parameters)</li>
<li>Executing: INSERT INTO _mysql_data_types_cache (`table`, `column_or_index`, `mysql_type`)
				VALUES (:table, :column, :datatype)
				ON CONFLICT(`table`, `column_or_index`) DO UPDATE SET `mysql_type` = :datatype
			 | parameters: wp_bit_assist_widget_channels, id,  in /wordpress/wp-content/plugins/bit-assist/vendor/bitapps/wp-database/src/Blueprint.php on line 176
[07-May-2025 22:35:01 UTC] PHP Fatal error:  Uncaught Error: Using $this when not in object context in /wordpress/wp-content/plugins/bp-social-network/vbSocialBuddy.php:20
Stack trace:
#0 /wordpress/wp-admin/includes/plugin.php(2387): include_once()
#1 /wordpress/wp-admin/includes/plugin.php(673): plugin_sandbox_scrape('bp-social-netwo...')
#2 /internal/eval.php(20): activate_plugin('bp-social-netwo...')
#3 {main}
  thrown in /wordpress/wp-content/plugins/bp-social-network/vbSocialBuddy.php on line 20
[07-May-2025 22:35:10 UTC] PHP Fatal error:  Uncaught Error: Using $this when not in object context in /wordpress/wp-content/plugins/bp-social-network/vbSocialBuddy.php:20
Stack trace:
#0 /wordpress/wp-admin/includes/plugin.php(2387): include_once()
#1 /wordpress/wp-admin/includes/plugin.php(673): plugin_sandbox_scrape('bp-social-netwo...')
#2 /internal/eval.php(20): activate_plugin('bp-social-netwo...')
#3 {main}
  thrown in /wordpress/wp-content/plugins/bp-social-network/vbSocialBuddy.php on line 20
[07-May-2025 22:35:19 UTC] PHP Fatal error:  Uncaught Error: Using $this when not in object context in /wordpress/wp-content/plugins/bp-social-network/vbSocialBuddy.php:20
Stack trace:
#0 /wordpress/wp-admin/includes/plugin.php(2387): include_once()
#1 /wordpress/wp-admin/includes/plugin.php(673): plugin_sandbox_scrape('bp-social-netwo...')
#2 /internal/eval.php(20): activate_plugin('bp-social-netwo...')
#3 {main}
  thrown in /wordpress/wp-content/plugins/bp-social-network/vbSocialBuddy.php on line 20
[07-May-2025 22:35:27 UTC] PHP Deprecated:  Function get_plugin_data was called with an argument that is <strong>deprecated</strong> since version 3.0.0! The <code>Site Wide Only: true</code> plugin header is deprecated. Use <code>Network: true</code> instead. in /wordpress/wp-includes/functions.php on line 6121
[07-May-2025 22:35:28 UTC] PHP Deprecated:  File upgrade-functions.php is <strong>deprecated</strong> since version 2.5.0! Use wp-admin/includes/upgrade.php instead. in /wordpress/wp-includes/functions.php on line 6121
[07-May-2025 22:35:29 UTC] PHP Deprecated:  Function get_plugin_data was called with an argument that is <strong>deprecated</strong> since version 3.0.0! The <code>Site Wide Only: true</code> plugin header is deprecated. Use <code>Network: true</code> instead. in /wordpress/wp-includes/functions.php on line 6121
[07-May-2025 22:35:37 UTC] PHP Deprecated:  Function get_plugin_data was called with an argument that is <strong>deprecated</strong> since version 3.0.0! The <code>Site Wide Only: true</code> plugin header is deprecated. Use <code>Network: true</code> instead. in /wordpress/wp-includes/functions.php on line 6121
[07-May-2025 22:35:37 UTC] PHP Deprecated:  File upgrade-functions.php is <strong>deprecated</strong> since version 2.5.0! Use wp-admin/includes/upgrade.php instead. in /wordpress/wp-includes/functions.php on line 6121
[07-May-2025 22:35:38 UTC] PHP Deprecated:  Function get_plugin_data was called with an argument that is <strong>deprecated</strong> since version 3.0.0! The <code>Site Wide Only: true</code> plugin header is deprecated. Use <code>Network: true</code> instead. in /wordpress/wp-includes/functions.php on line 6121
[07-May-2025 22:35:46 UTC] PHP Deprecated:  Function get_plugin_data was called with an argument that is <strong>deprecated</strong> since version 3.0.0! The <code>Site Wide Only: true</code> plugin header is deprecated. Use <code>Network: true</code> instead. in /wordpress/wp-includes/functions.php on line 6121
[07-May-2025 22:35:46 UTC] PHP Deprecated:  File upgrade-functions.php is <strong>deprecated</strong> since version 2.5.0! Use wp-admin/includes/upgrade.php instead. in /wordpress/wp-includes/functions.php on line 6121
[07-May-2025 22:35:48 UTC] PHP Deprecated:  Function get_plugin_data was called with an argument that is <strong>deprecated</strong> since version 3.0.0! The <code>Site Wide Only: true</code> plugin header is deprecated. Use <code>Network: true</code> instead. in /wordpress/wp-includes/functions.php on line 6121
[07-May-2025 22:35:56 UTC] PHP Deprecated:  Function get_plugin_data was called with an argument that is <strong>deprecated</strong> since version 3.0.0! The <code>Site Wide Only: true</code> plugin header is deprecated. Use <code>Network: true</code> instead. in /wordpress/wp-includes/functions.php on line 6121
[07-May-2025 22:36:05 UTC] PHP Deprecated:  Function get_plugin_data was called with an argument that is <strong>deprecated</strong> since version 3.0.0! The <code>Site Wide Only: true</code> plugin header is deprecated. Use <code>Network: true</code> instead. in /wordpress/wp-includes/functions.php on line 6121
[07-May-2025 22:36:13 UTC] PHP Deprecated:  Function get_plugin_data was called with an argument that is <strong>deprecated</strong> since version 3.0.0! The <code>Site Wide Only: true</code> plugin header is deprecated. Use <code>Network: true</code> instead. in /wordpress/wp-includes/functions.php on line 6121
[07-May-2025 22:36:23 UTC] PHP Deprecated:  Function get_plugin_data was called with an argument that is <strong>deprecated</strong> since version 3.0.0! The <code>Site Wide Only: true</code> plugin header is deprecated. Use <code>Network: true</code> instead. in /wordpress/wp-includes/functions.php on line 6121
[07-May-2025 22:36:23 UTC] PHP Warning:  Undefined variable $name in /wordpress/wp-content/plugins/buy-sell-ads/buy-sell-ads.php on line 114
[07-May-2025 22:36:25 UTC] PHP Fatal error:  Uncaught ArgumentCountError: Too few arguments to function WP_Widget::__construct(), 0 passed in /wordpress/wp-includes/class-wp-widget-factory.php on line 62 and at least 2 expected in /wordpress/wp-includes/class-wp-widget.php:163
Stack trace:
#0 /wordpress/wp-includes/class-wp-widget-factory.php(62): WP_Widget->__construct()
#1 /wordpress/wp-includes/widgets.php(123): WP_Widget_Factory->register('BSAZoneWidget')
#2 /wordpress/wp-content/plugins/buy-sell-ads/buy-sell-ads.php(451): register_widget('BSAZoneWidget')
#3 /wordpress/wp-includes/class-wp-hook.php(324): BuySellAds->widget_init('')
#4 /wordpress/wp-includes/class-wp-hook.php(348): WP_Hook->apply_filters(NULL, Array)
#5 /wordpress/wp-includes/plugin.php(517): WP_Hook->do_action(Array)
#6 /wordpress/wp-includes/widgets.php(1870): do_action('widgets_init')
#7 /wordpress/wp-includes/class-wp-hook.php(324): wp_widgets_init('')
#8 /wordpress/wp-includes/class-wp-hook.php(348): WP_Hook->apply_filters(NULL, Array)
#9 /wordpress/wp-includes/plugin.php(517): WP_Hook->do_action(Array)
#10 /wordpress/wp-settings.php(727): do_action('init')
#11 /wordpress/wp-config.php(102): require_once('/wordpress/wp-s...')
#12 /wordpress/wp-load.php(50): require_once('/wordpress/wp-c...')
#13 /internal/eval.php(3): require_once('/wordpress/wp-l...')
#14 {main}
  thrown in /wordpress/wp-includes/class-wp-widget.php on line 163
[07-May-2025 22:36:32 UTC] PHP Deprecated:  Function get_plugin_data was called with an argument that is <strong>deprecated</strong> since version 3.0.0! The <code>Site Wide Only: true</code> plugin header is deprecated. Use <code>Network: true</code> instead. in /wordpress/wp-includes/functions.php on line 6121
[07-May-2025 22:36:32 UTC] PHP Warning:  Undefined variable $name in /wordpress/wp-content/plugins/buy-sell-ads/buy-sell-ads.php on line 114
[07-May-2025 22:36:33 UTC] PHP Fatal error:  Uncaught ArgumentCountError: Too few arguments to function WP_Widget::__construct(), 0 passed in /wordpress/wp-includes/class-wp-widget-factory.php on line 62 and at least 2 expected in /wordpress/wp-includes/class-wp-widget.php:163
Stack trace:
#0 /wordpress/wp-includes/class-wp-widget-factory.php(62): WP_Widget->__construct()
#1 /wordpress/wp-includes/widgets.php(123): WP_Widget_Factory->register('BSAZoneWidget')
#2 /wordpress/wp-content/plugins/buy-sell-ads/buy-sell-ads.php(451): register_widget('BSAZoneWidget')
#3 /wordpress/wp-includes/class-wp-hook.php(324): BuySellAds->widget_init('')
#4 /wordpress/wp-includes/class-wp-hook.php(348): WP_Hook->apply_filters(NULL, Array)
#5 /wordpress/wp-includes/plugin.php(517): WP_Hook->do_action(Array)
#6 /wordpress/wp-includes/widgets.php(1870): do_action('widgets_init')
#7 /wordpress/wp-includes/class-wp-hook.php(324): wp_widgets_init('')
#8 /wordpress/wp-includes/class-wp-hook.php(348): WP_Hook->apply_filters(NULL, Array)
#9 /wordpress/wp-includes/plugin.php(517): WP_Hook->do_action(Array)
#10 /wordpress/wp-settings.php(727): do_action('init')
#11 /wordpress/wp-config.php(102): require_once('/wordpress/wp-s...')
#12 /wordpress/wp-load.php(50): require_once('/wordpress/wp-c...')
#13 /internal/eval.php(3): require_once('/wordpress/wp-l...')
#14 {main}
  thrown in /wordpress/wp-includes/class-wp-widget.php on line 163
[07-May-2025 22:36:40 UTC] PHP Deprecated:  Function get_plugin_data was called with an argument that is <strong>deprecated</strong> since version 3.0.0! The <code>Site Wide Only: true</code> plugin header is deprecated. Use <code>Network: true</code> instead. in /wordpress/wp-includes/functions.php on line 6121
[07-May-2025 22:36:41 UTC] PHP Warning:  Undefined variable $name in /wordpress/wp-content/plugins/buy-sell-ads/buy-sell-ads.php on line 114
[07-May-2025 22:36:42 UTC] PHP Fatal error:  Uncaught ArgumentCountError: Too few arguments to function WP_Widget::__construct(), 0 passed in /wordpress/wp-includes/class-wp-widget-factory.php on line 62 and at least 2 expected in /wordpress/wp-includes/class-wp-widget.php:163
Stack trace:
#0 /wordpress/wp-includes/class-wp-widget-factory.php(62): WP_Widget->__construct()
#1 /wordpress/wp-includes/widgets.php(123): WP_Widget_Factory->register('BSAZoneWidget')
#2 /wordpress/wp-content/plugins/buy-sell-ads/buy-sell-ads.php(451): register_widget('BSAZoneWidget')
#3 /wordpress/wp-includes/class-wp-hook.php(324): BuySellAds->widget_init('')
#4 /wordpress/wp-includes/class-wp-hook.php(348): WP_Hook->apply_filters(NULL, Array)
#5 /wordpress/wp-includes/plugin.php(517): WP_Hook->do_action(Array)
#6 /wordpress/wp-includes/widgets.php(1870): do_action('widgets_init')
#7 /wordpress/wp-includes/class-wp-hook.php(324): wp_widgets_init('')
#8 /wordpress/wp-includes/class-wp-hook.php(348): WP_Hook->apply_filters(NULL, Array)
#9 /wordpress/wp-includes/plugin.php(517): WP_Hook->do_action(Array)
#10 /wordpress/wp-settings.php(727): do_action('init')
#11 /wordpress/wp-config.php(102): require_once('/wordpress/wp-s...')
#12 /wordpress/wp-load.php(50): require_once('/wordpress/wp-c...')
#13 /internal/eval.php(3): require_once('/wordpress/wp-l...')
#14 {main}
  thrown in /wordpress/wp-includes/class-wp-widget.php on line 163
[07-May-2025 22:36:51 UTC] PHP Deprecated:  Function get_plugin_data was called with an argument that is <strong>deprecated</strong> since version 3.0.0! The <code>Site Wide Only: true</code> plugin header is deprecated. Use <code>Network: true</code> instead. in /wordpress/wp-includes/functions.php on line 6121
[07-May-2025 22:36:51 UTC] PHP Warning:  Undefined array key "REMOTE_ADDR" in /wordpress/wp-content/plugins/bloomly-integration/includes/class-ezoic-integration-request-utils.php on line 86
[07-May-2025 22:36:51 UTC] PHP Warning:  Undefined array key "REMOTE_ADDR" in /wordpress/wp-content/plugins/bloomly-integration/includes/class-ezoic-integration-cache-endpoints.php on line 36
[07-May-2025 22:36:52 UTC] PHP Warning:  Undefined array key "REMOTE_ADDR" in /wordpress/wp-content/plugins/bloomly-integration/includes/class-ezoic-integration-request-utils.php on line 86
[07-May-2025 22:36:52 UTC] PHP Warning:  Undefined array key "REMOTE_ADDR" in /wordpress/wp-content/plugins/bloomly-integration/includes/class-ezoic-integration-cache-endpoints.php on line 36
[07-May-2025 22:36:52 UTC] PHP Warning:  Undefined array key "QUERY_STRING" in /wordpress/wp-content/plugins/bloomly-integration/includes/class-ezoic-integration-wp-filter.php on line 115
[07-May-2025 22:36:52 UTC] PHP Warning:  Undefined array key "QUERY_STRING" in /wordpress/wp-content/plugins/bloomly-integration/includes/class-ezoic-integration-cache-endpoints.php on line 49
[07-May-2025 22:36:52 UTC] PHP Warning:  Undefined array key "QUERY_STRING" in /wordpress/wp-content/plugins/bloomly-integration/includes/class-ezoic-integration-wp-request.php on line 61
[07-May-2025 22:37:01 UTC] PHP Deprecated:  Function get_plugin_data was called with an argument that is <strong>deprecated</strong> since version 3.0.0! The <code>Site Wide Only: true</code> plugin header is deprecated. Use <code>Network: true</code> instead. in /wordpress/wp-includes/functions.php on line 6121
[07-May-2025 22:37:01 UTC] PHP Warning:  Undefined array key "REMOTE_ADDR" in /wordpress/wp-content/plugins/bloomly-integration/includes/class-ezoic-integration-request-utils.php on line 86
[07-May-2025 22:37:01 UTC] PHP Warning:  Undefined array key "REMOTE_ADDR" in /wordpress/wp-content/plugins/bloomly-integration/includes/class-ezoic-integration-cache-endpoints.php on line 36
[07-May-2025 22:37:02 UTC] PHP Warning:  Undefined array key "REMOTE_ADDR" in /wordpress/wp-content/plugins/bloomly-integration/includes/class-ezoic-integration-request-utils.php on line 86
[07-May-2025 22:37:02 UTC] PHP Warning:  Undefined array key "REMOTE_ADDR" in /wordpress/wp-content/plugins/bloomly-integration/includes/class-ezoic-integration-cache-endpoints.php on line 36
[07-May-2025 22:37:02 UTC] PHP Warning:  Undefined array key "QUERY_STRING" in /wordpress/wp-content/plugins/bloomly-integration/includes/class-ezoic-integration-wp-filter.php on line 115
[07-May-2025 22:37:02 UTC] PHP Warning:  Undefined array key "QUERY_STRING" in /wordpress/wp-content/plugins/bloomly-integration/includes/class-ezoic-integration-cache-endpoints.php on line 49
[07-May-2025 22:37:02 UTC] PHP Warning:  Undefined array key "QUERY_STRING" in /wordpress/wp-content/plugins/bloomly-integration/includes/class-ezoic-integration-wp-request.php on line 61

    at Object.onBind (file:///home/runner/work/playground-tester/playground-tester/node_modules/@wp-playground/cli/index.js:237:15)
    at runNextTicks (node:internal/process/task_queues:65:5)
    at listOnTimeout (node:internal/timers:569:9)
    at process.processTimers (node:internal/timers:543:7)
    at async V (file:///home/runner/work/playground-tester/playground-tester/node_modules/@wp-playground/cli/index.js:64:10)
    at async ja (file:///home/runner/work/playground-tester/playground-tester/node_modules/@wp-playground/cli/cli.js:8161:12) {
  [cause]: Error: Error when executing the blueprint step #1 ({"step":"installPlugin","pluginData":{"resource":"wordpress.org/plugins","slug":"bloomly-integration"},"options":{"activate":true}}) : Plugin /wordpress/wp-content/plugins/bloomly-integration could not be activated  WordPress exited with no error. Sometimes, when $_SERVER or site options are not configured correctly, WordPress exits early with a 301 redirect. Inspect the "debug" logs in the console for more details.
      at Object.run (file:///home/runner/work/playground-tester/playground-tester/node_modules/@wp-playground/blueprints/index.js:12449:19)
      at runNextTicks (node:internal/process/task_queues:65:5)
      at listOnTimeout (node:internal/timers:569:9)
      at process.processTimers (node:internal/timers:543:7)
      at async ms (file:///home/runner/work/playground-tester/playground-tester/node_modules/@wp-playground/blueprints/index.js:12552:3)
      at async Object.onBind (file:///home/runner/work/playground-tester/playground-tester/node_modules/@wp-playground/cli/index.js:227:48)
      at async V (file:///home/runner/work/playground-tester/playground-tester/node_modules/@wp-playground/cli/index.js:64:10)
      at async ja (file:///home/runner/work/playground-tester/playground-tester/node_modules/@wp-playground/cli/cli.js:8161:12) {
    [cause]: Error: Plugin /wordpress/wp-content/plugins/bloomly-integration could not be activated  WordPress exited with no error. Sometimes, when $_SERVER or site options are not configured correctly, WordPress exits early with a 301 redirect. Inspect the "debug" logs in the console for more details.
        at wr (file:///home/runner/work/playground-tester/playground-tester/node_modules/@wp-playground/blueprints/index.js:119:51)
        at runNextTicks (node:internal/process/task_queues:65:5)
        at listOnTimeout (node:internal/timers:569:9)
        at process.processTimers (node:internal/timers:543:7)
        at async Object.gt [as installPlugin] (file:///home/runner/work/playground-tester/playground-tester/node_modules/@wp-playground/blueprints/index.js:974:42)
        at async g (file:///home/runner/work/playground-tester/playground-tester/node_modules/@wp-playground/blueprints/index.js:12517:30)
        at async Object.run (file:///home/runner/work/playground-tester/playground-tester/node_modules/@wp-playground/blueprints/index.js:12446:23)
        at async ms (file:///home/runner/work/playground-tester/playground-tester/node_modules/@wp-playground/blueprints/index.js:12552:3)
        at async Object.onBind (file:///home/runner/work/playground-tester/playground-tester/node_modules/@wp-playground/cli/index.js:227:48)
        at async V (file:///home/runner/work/playground-tester/playground-tester/node_modules/@wp-playground/cli/index.js:64:10)
  }
}

Node.js v23.11.0
