[
  {
    "message": "file:///home/runner/work/playground-tester/playground-tester/node_modules/@wp-playground/cli/cli.js:20\n`)},constants:R,phpIniEntries:{\"openssl.cafile\":\"/internal/shared/ca-bundle.crt\",allow_url_fopen:\"1\",disable_functions:\"\"},hooks:{async beforeWordPressFiles(h){t.mountBeforeInstall&&p(h,t.mountBeforeInstall)}}});const v=await s.getPrimaryPhp();try{if(n&&!t.mountBeforeInstall&&g.writeFileSync(f,await q(v,\"/wordpress\")),t.mount&&p(v,t.mount),d=!0,u){const{php:h,reap:m}=await s.processManager.acquirePHPInstance();try{c.log(\"Running the Blueprint...\"),await x(u,h),c.log(\"Finished running the blueprint\")}finally{m()}}a===\"build-snapshot\"?(await r(t.outfile),c.log(`WordPress exported to ${t.outfile}`),process.exit(0)):a===\"run-blueprint\"?(c.log(\"Blueprint executed\"),process.exit(0)):c.log(`WordPress is running on ${l}`)}catch(h){if(!t.debug)throw h;const m=v.readFileAsText(D);throw new Error(m,{cause:h})}},async handleRequest(o){return d?await s.request(o):I.forHttpCode(502,\"WordPress is not ready yet\")}})}Q();\n                                                                                                                                                                                                                                                                                                                                                                                                                                                                                                                                                                                                                                                                                                                                                                                                                   ^\n",
    "level": "FATAL",
    "type": "PLAYGROUND",
    "test": "asyncify-boot",
    "plugin": "chained-quiz",
    "details": "file:///home/runner/work/playground-tester/playground-tester/node_modules/@wp-playground/cli/cli.js:20\n`)},constants:R,phpIniEntries:{\"openssl.cafile\":\"/internal/shared/ca-bundle.crt\",allow_url_fopen:\"1\",disable_functions:\"\"},hooks:{async beforeWordPressFiles(h){t.mountBeforeInstall&&p(h,t.mountBeforeInstall)}}});const v=await s.getPrimaryPhp();try{if(n&&!t.mountBeforeInstall&&g.writeFileSync(f,await q(v,\"/wordpress\")),t.mount&&p(v,t.mount),d=!0,u){const{php:h,reap:m}=await s.processManager.acquirePHPInstance();try{c.log(\"Running the Blueprint...\"),await x(u,h),c.log(\"Finished running the blueprint\")}finally{m()}}a===\"build-snapshot\"?(await r(t.outfile),c.log(`WordPress exported to ${t.outfile}`),process.exit(0)):a===\"run-blueprint\"?(c.log(\"Blueprint executed\"),process.exit(0)):c.log(`WordPress is running on ${l}`)}catch(h){if(!t.debug)throw h;const m=v.readFileAsText(D);throw new Error(m,{cause:h})}},async handleRequest(o){return d?await s.request(o):I.forHttpCode(502,\"WordPress is not ready yet\")}})}Q();\n                                                                                                                                                                                                                                                                                                                                                                                                                                                                                                                                                                                                                                                                                                                                                                                                                   ^\n",
    "log": "/tmp/tmp.zKlkVHQyi5"
  },
  {
    "message": "SQLSTATE[HY000]: General error: 1 duplicate column name: autocontinue.",
    "level": "FATAL",
    "type": "SQL",
    "test": "asyncify-boot",
    "plugin": "chained-quiz",
    "details": "[22-Jan-2025 13:49:19 UTC] WordPress database error <div style=\"clear:both\">&nbsp;</div>\n<div class=\"queries\" style=\"clear:both;margin-bottom:2px;border:red dotted thin;\">\n<p>MySQL query:</p>\n<p>ALTER TABLE `wp_chained_questions` ADD autocontinue TINYINT UNSIGNED NOT NULL DEFAULT 0, ADD sort_order INT UNSIGNED NOT NULL DEFAULT 0, ADD accept_comments TINYINT UNSIGNED NOT NULL DEFAULT 0, ADD accept_comments_label VARCHAR(255) NOT NULL DEFAULT ''</p>\n<p>Queries made or created this session were:</p>\n<ol>\n<li>Executing: BEGIN | (no parameters)</li>\n<li>Executing: INSERT INTO _mysql_data_types_cache (`table`, `column_or_index`, `mysql_type`)\n\t\t\t\tVALUES (:table, :column, :datatype)\n\t\t\t\tON CONFLICT(`table`, `column_or_index`) DO UPDATE SET `mysql_type` = :datatype\n\t\t\t | parameters: wp_chained_questions, AUTOCONTINUE, tinyint UNSIGNED</li>\n<li>Executing: ALTER TABLE wp_chained_questions ADD autocontinue  integer NOT NULL DEFAULT 0 | (no parameters)</li>\n<li>Executing: ROLLBACK | (no parameters)</li>\n</ol>\n</div>\n<div style=\"clear:both;margin-bottom:2px;border:red dotted thin;\" class=\"error_message\" style=\"border-bottom:dotted blue thin;\">\nError occurred at line 4117 in Function <code>handle_error</code>. Error message was: SQLSTATE[HY000]: General error: 1 duplicate column name: autocontinue.\n</div>\n<p>Backtrace:</p>\n<pre>#0 /internal/shared/sqlite-database-integration/wp-includes/sqlite/class-wp-sqlite-db.php(287): WP_SQLite_Translator->get_error_message()\n#1 /wordpress/wp-content/plugins/chained-quiz/helpers/htmlhelper.php(34): WP_SQLite_DB->query('ALTER TABLE `wp...')\n#2 /wordpress/wp-content/plugins/chained-quiz/models/basic.php(115): chainedquiz_add_db_fields(Array, 'wp_chained_ques...')\n#3 /wordpress/wp-includes/class-wp-hook.php(324): ChainedQuiz::install(false)\n#4 /wordpress/wp-includes/class-wp-hook.php(348): WP_Hook->apply_filters('', Array)\n#5 /wordpress/wp-includes/plugin.php(517): WP_Hook->do_action(Array)\n#6 /wordpress/wp-admin/includes/plugin.php(703): do_action('activate_chaine...', false)\n#7 /internal/eval.php(20): activate_plugin('chained-quiz/ch...')\n#8 {main}</pre>\n for query ALTER TABLE `wp_chained_questions` ADD autocontinue TINYINT UNSIGNED NOT NULL DEFAULT 0, ADD sort_order INT UNSIGNED NOT NULL DEFAULT 0, ADD accept_comments TINYINT UNSIGNED NOT NULL DEFAULT 0, ADD accept_comments_label VARCHAR(255) NOT NULL DEFAULT '' made by activate_plugin, do_action('activate_chained-quiz/chained-quiz.php'), WP_Hook->do_action, WP_Hook->apply_filters, ChainedQuiz::install, chainedquiz_add_db_fields, WP_SQLite_DB->query, WP_SQLite_DB->print_error",
    "log": "/logs/plugins/c/chained-quiz/error.json"
  },
  {
    "message": "SQLSTATE[HY000]: General error: 1 duplicate column name: redirect_url.",
    "level": "FATAL",
    "type": "SQL",
    "test": "asyncify-boot",
    "plugin": "chained-quiz",
    "details": "[22-Jan-2025 13:49:19 UTC] WordPress database error <div style=\"clear:both\">&nbsp;</div>\n<div class=\"queries\" style=\"clear:both;margin-bottom:2px;border:red dotted thin;\">\n<p>MySQL query:</p>\n<p>ALTER TABLE `wp_chained_results` ADD redirect_url VARCHAR(255) NOT NULL DEFAULT ''</p>\n<p>Queries made or created this session were:</p>\n<ol>\n<li>Executing: BEGIN | (no parameters)</li>\n<li>Executing: INSERT INTO _mysql_data_types_cache (`table`, `column_or_index`, `mysql_type`)\n\t\t\t\tVALUES (:table, :column, :datatype)\n\t\t\t\tON CONFLICT(`table`, `column_or_index`) DO UPDATE SET `mysql_type` = :datatype\n\t\t\t | parameters: wp_chained_results, REDIRECT_URL, varchar(255)</li>\n<li>Executing: ALTER TABLE wp_chained_results ADD redirect_url text NOT NULL DEFAULT '' | (no parameters)</li>\n<li>Executing: ROLLBACK | (no parameters)</li>\n</ol>\n</div>\n<div style=\"clear:both;margin-bottom:2px;border:red dotted thin;\" class=\"error_message\" style=\"border-bottom:dotted blue thin;\">\nError occurred at line 4117 in Function <code>handle_error</code>. Error message was: SQLSTATE[HY000]: General error: 1 duplicate column name: redirect_url.\n</div>\n<p>Backtrace:</p>\n<pre>#0 /internal/shared/sqlite-database-integration/wp-includes/sqlite/class-wp-sqlite-db.php(287): WP_SQLite_Translator->get_error_message()\n#1 /wordpress/wp-content/plugins/chained-quiz/helpers/htmlhelper.php(34): WP_SQLite_DB->query('ALTER TABLE `wp...')\n#2 /wordpress/wp-content/plugins/chained-quiz/models/basic.php(119): chainedquiz_add_db_fields(Array, 'wp_chained_resu...')\n#3 /wordpress/wp-includes/class-wp-hook.php(324): ChainedQuiz::install(false)\n#4 /wordpress/wp-includes/class-wp-hook.php(348): WP_Hook->apply_filters('', Array)\n#5 /wordpress/wp-includes/plugin.php(517): WP_Hook->do_action(Array)\n#6 /wordpress/wp-admin/includes/plugin.php(703): do_action('activate_chaine...', false)\n#7 /internal/eval.php(20): activate_plugin('chained-quiz/ch...')\n#8 {main}</pre>\n for query ALTER TABLE `wp_chained_results` ADD redirect_url VARCHAR(255) NOT NULL DEFAULT '' made by activate_plugin, do_action('activate_chained-quiz/chained-quiz.php'), WP_Hook->do_action, WP_Hook->apply_filters, ChainedQuiz::install, chainedquiz_add_db_fields, WP_SQLite_DB->query, WP_SQLite_DB->print_error",
    "log": "/logs/plugins/c/chained-quiz/error.json"
  },
  {
    "message": "SQLSTATE[HY000]: General error: 1 duplicate column name: comments.",
    "level": "FATAL",
    "type": "SQL",
    "test": "asyncify-boot",
    "plugin": "chained-quiz",
    "details": "[22-Jan-2025 13:49:19 UTC] WordPress database error <div style=\"clear:both\">&nbsp;</div>\n<div class=\"queries\" style=\"clear:both;margin-bottom:2px;border:red dotted thin;\">\n<p>MySQL query:</p>\n<p>ALTER TABLE `wp_chained_user_answers` ADD comments TEXT, ADD is_correct TINYINT UNSIGNED NOT NULL DEFAULT 0</p>\n<p>Queries made or created this session were:</p>\n<ol>\n<li>Executing: BEGIN | (no parameters)</li>\n<li>Executing: INSERT INTO _mysql_data_types_cache (`table`, `column_or_index`, `mysql_type`)\n\t\t\t\tVALUES (:table, :column, :datatype)\n\t\t\t\tON CONFLICT(`table`, `column_or_index`) DO UPDATE SET `mysql_type` = :datatype\n\t\t\t | parameters: wp_chained_user_answers, COMMENTS, text</li>\n<li>Executing: ALTER TABLE wp_chained_user_answers ADD comments text | (no parameters)</li>\n<li>Executing: ROLLBACK | (no parameters)</li>\n</ol>\n</div>\n<div style=\"clear:both;margin-bottom:2px;border:red dotted thin;\" class=\"error_message\" style=\"border-bottom:dotted blue thin;\">\nError occurred at line 4117 in Function <code>handle_error</code>. Error message was: SQLSTATE[HY000]: General error: 1 duplicate column name: comments.\n</div>\n<p>Backtrace:</p>\n<pre>#0 /internal/shared/sqlite-database-integration/wp-includes/sqlite/class-wp-sqlite-db.php(287): WP_SQLite_Translator->get_error_message()\n#1 /wordpress/wp-content/plugins/chained-quiz/helpers/htmlhelper.php(34): WP_SQLite_DB->query('ALTER TABLE `wp...')\n#2 /wordpress/wp-content/plugins/chained-quiz/models/basic.php(124): chainedquiz_add_db_fields(Array, 'wp_chained_user...')\n#3 /wordpress/wp-includes/class-wp-hook.php(324): ChainedQuiz::install(false)\n#4 /wordpress/wp-includes/class-wp-hook.php(348): WP_Hook->apply_filters('', Array)\n#5 /wordpress/wp-includes/plugin.php(517): WP_Hook->do_action(Array)\n#6 /wordpress/wp-admin/includes/plugin.php(703): do_action('activate_chaine...', false)\n#7 /internal/eval.php(20): activate_plugin('chained-quiz/ch...')\n#8 {main}</pre>\n for query ALTER TABLE `wp_chained_user_answers` ADD comments TEXT, ADD is_correct TINYINT UNSIGNED NOT NULL DEFAULT 0 made by activate_plugin, do_action('activate_chained-quiz/chained-quiz.php'), WP_Hook->do_action, WP_Hook->apply_filters, ChainedQuiz::install, chainedquiz_add_db_fields, WP_SQLite_DB->query, WP_SQLite_DB->print_error",
    "log": "/logs/plugins/c/chained-quiz/error.json"
  },
  {
    "message": "SQLSTATE[HY000]: General error: 1 duplicate column name: email_admin.",
    "level": "FATAL",
    "type": "SQL",
    "test": "asyncify-boot",
    "plugin": "chained-quiz",
    "details": "[22-Jan-2025 13:49:19 UTC] WordPress database error <div style=\"clear:both\">&nbsp;</div>\n<div class=\"queries\" style=\"clear:both;margin-bottom:2px;border:red dotted thin;\">\n<p>MySQL query:</p>\n<p>ALTER TABLE `wp_chained_quizzes` ADD email_admin TINYINT UNSIGNED NOT NULL DEFAULT 0, ADD email_user TINYINT UNSIGNED NOT NULL DEFAULT 0, ADD require_login TINYINT UNSIGNED NOT NULL DEFAULT 0, ADD times_to_take INT UNSIGNED NOT NULL DEFAULT 0, ADD save_source_url TINYINT UNSIGNED NOT NULL DEFAULT 0, ADD set_email_output TINYINT UNSIGNED NOT NULL DEFAULT 0, ADD email_output TEXT, ADD admin_email VARCHAR(255) NOT NULL DEFAULT '', ADD email_required TINYINT UNSIGNED NOT NULL DEFAULT 0, ADD hide_email_field TINYINT UNSIGNED NOT NULL DEFAULT 0, ADD require_text_captcha TINYINT UNSIGNED NOT NULL DEFAULT 0</p>\n<p>Queries made or created this session were:</p>\n<ol>\n<li>Executing: BEGIN | (no parameters)</li>\n<li>Executing: INSERT INTO _mysql_data_types_cache (`table`, `column_or_index`, `mysql_type`)\n\t\t\t\tVALUES (:table, :column, :datatype)\n\t\t\t\tON CONFLICT(`table`, `column_or_index`) DO UPDATE SET `mysql_type` = :datatype\n\t\t\t | parameters: wp_chained_quizzes, EMAIL_ADMIN, tinyint UNSIGNED</li>\n<li>Executing: ALTER TABLE wp_chained_quizzes ADD email_admin  integer NOT NULL DEFAULT 0 | (no parameters)</li>\n<li>Executing: ROLLBACK | (no parameters)</li>\n</ol>\n</div>\n<div style=\"clear:both;margin-bottom:2px;border:red dotted thin;\" class=\"error_message\" style=\"border-bottom:dotted blue thin;\">\nError occurred at line 4117 in Function <code>handle_error</code>. Error message was: SQLSTATE[HY000]: General error: 1 duplicate column name: email_admin.\n</div>\n<p>Backtrace:</p>\n<pre>#0 /internal/shared/sqlite-database-integration/wp-includes/sqlite/class-wp-sqlite-db.php(287): WP_SQLite_Translator->get_error_message()\n#1 /wordpress/wp-content/plugins/chained-quiz/helpers/htmlhelper.php(34): WP_SQLite_DB->query('ALTER TABLE `wp...')\n#2 /wordpress/wp-content/plugins/chained-quiz/models/basic.php(138): chainedquiz_add_db_fields(Array, 'wp_chained_quiz...')\n#3 /wordpress/wp-includes/class-wp-hook.php(324): ChainedQuiz::install(false)\n#4 /wordpress/wp-includes/class-wp-hook.php(348): WP_Hook->apply_filters('', Array)\n#5 /wordpress/wp-includes/plugin.php(517): WP_Hook->do_action(Array)\n#6 /wordpress/wp-admin/includes/plugin.php(703): do_action('activate_chaine...', false)\n#7 /internal/eval.php(20): activate_plugin('chained-quiz/ch...')\n#8 {main}</pre>\n for query ALTER TABLE `wp_chained_quizzes` ADD email_admin TINYINT UNSIGNED NOT NULL DEFAULT 0, ADD email_user TINYINT UNSIGNED NOT NULL DEFAULT 0, ADD require_login TINYINT UNSIGNED NOT NULL DEFAULT 0, ADD times_to_take INT UNSIGNED NOT NULL DEFAULT 0, ADD save_source_url TINYINT UNSIGNED NOT NULL DEFAULT 0, ADD set_email_output TINYINT UNSIGNED NOT NULL DEFAULT 0, ADD email_output TEXT, ADD admin_email VARCHAR(255) NOT NULL DEFAULT '', ADD email_required TINYINT UNSIGNED NOT NULL DEFAULT 0, ADD hide_email_field TINYINT UNSIGNED NOT NULL DEFAULT 0, ADD require_text_captcha TINYINT UNSIGNED NOT NULL DEFAULT 0 made by activate_plugin, do_action('activate_chained-quiz/chained-quiz.php'), WP_Hook->do_action, WP_Hook->apply_filters, ChainedQuiz::install, chainedquiz_add_db_fields, WP_SQLite_DB->query, WP_SQLite_DB->print_error",
    "log": "/logs/plugins/c/chained-quiz/error.json"
  },
  {
    "message": "SQLSTATE[HY000]: General error: 1 duplicate column name: not_empty.",
    "level": "FATAL",
    "type": "SQL",
    "test": "asyncify-boot",
    "plugin": "chained-quiz",
    "details": "[22-Jan-2025 13:49:19 UTC] WordPress database error <div style=\"clear:both\">&nbsp;</div>\n<div class=\"queries\" style=\"clear:both;margin-bottom:2px;border:red dotted thin;\">\n<p>MySQL query:</p>\n<p>ALTER TABLE `wp_chained_completed` ADD not_empty TINYINT NOT NULL DEFAULT 0, ADD source_url VARCHAR(255) NOT NULL DEFAULT '', ADD email VARCHAR(255) NOT NULL DEFAULT ''</p>\n<p>Queries made or created this session were:</p>\n<ol>\n<li>Executing: BEGIN | (no parameters)</li>\n<li>Executing: INSERT INTO _mysql_data_types_cache (`table`, `column_or_index`, `mysql_type`)\n\t\t\t\tVALUES (:table, :column, :datatype)\n\t\t\t\tON CONFLICT(`table`, `column_or_index`) DO UPDATE SET `mysql_type` = :datatype\n\t\t\t | parameters: wp_chained_completed, NOT_EMPTY, tinyint</li>\n<li>Executing: ALTER TABLE wp_chained_completed ADD not_empty integer NOT NULL DEFAULT 0 | (no parameters)</li>\n<li>Executing: ROLLBACK | (no parameters)</li>\n</ol>\n</div>\n<div style=\"clear:both;margin-bottom:2px;border:red dotted thin;\" class=\"error_message\" style=\"border-bottom:dotted blue thin;\">\nError occurred at line 4117 in Function <code>handle_error</code>. Error message was: SQLSTATE[HY000]: General error: 1 duplicate column name: not_empty.\n</div>\n<p>Backtrace:</p>\n<pre>#0 /internal/shared/sqlite-database-integration/wp-includes/sqlite/class-wp-sqlite-db.php(287): WP_SQLite_Translator->get_error_message()\n#1 /wordpress/wp-content/plugins/chained-quiz/helpers/htmlhelper.php(34): WP_SQLite_DB->query('ALTER TABLE `wp...')\n#2 /wordpress/wp-content/plugins/chained-quiz/models/basic.php(144): chainedquiz_add_db_fields(Array, 'wp_chained_comp...')\n#3 /wordpress/wp-includes/class-wp-hook.php(324): ChainedQuiz::install(false)\n#4 /wordpress/wp-includes/class-wp-hook.php(348): WP_Hook->apply_filters('', Array)\n#5 /wordpress/wp-includes/plugin.php(517): WP_Hook->do_action(Array)\n#6 /wordpress/wp-admin/includes/plugin.php(703): do_action('activate_chaine...', false)\n#7 /internal/eval.php(20): activate_plugin('chained-quiz/ch...')\n#8 {main}</pre>\n for query ALTER TABLE `wp_chained_completed` ADD not_empty TINYINT NOT NULL DEFAULT 0, ADD source_url VARCHAR(255) NOT NULL DEFAULT '', ADD email VARCHAR(255) NOT NULL DEFAULT '' made by activate_plugin, do_action('activate_chained-quiz/chained-quiz.php'), WP_Hook->do_action, WP_Hook->apply_filters, ChainedQuiz::install, chainedquiz_add_db_fields, WP_SQLite_DB->query, WP_SQLite_DB->print_error",
    "log": "/logs/plugins/c/chained-quiz/error.json"
  },
  {
    "message": "SQLSTATE[HY000]: General error: 1 duplicate column name: tags.",
    "level": "FATAL",
    "type": "SQL",
    "test": "asyncify-boot",
    "plugin": "chained-quiz",
    "details": "[22-Jan-2025 13:49:19 UTC] WordPress database error <div style=\"clear:both\">&nbsp;</div>\n<div class=\"queries\" style=\"clear:both;margin-bottom:2px;border:red dotted thin;\">\n<p>MySQL query:</p>\n<p>ALTER TABLE `wp_chained_mail_relations` ADD tags TEXT</p>\n<p>Queries made or created this session were:</p>\n<ol>\n<li>Executing: BEGIN | (no parameters)</li>\n<li>Executing: INSERT INTO _mysql_data_types_cache (`table`, `column_or_index`, `mysql_type`)\n\t\t\t\tVALUES (:table, :column, :datatype)\n\t\t\t\tON CONFLICT(`table`, `column_or_index`) DO UPDATE SET `mysql_type` = :datatype\n\t\t\t | parameters: wp_chained_mail_relations, TAGS, text</li>\n<li>Executing: ALTER TABLE wp_chained_mail_relations ADD tags text | (no parameters)</li>\n<li>Executing: ROLLBACK | (no parameters)</li>\n</ol>\n</div>\n<div style=\"clear:both;margin-bottom:2px;border:red dotted thin;\" class=\"error_message\" style=\"border-bottom:dotted blue thin;\">\nError occurred at line 4117 in Function <code>handle_error</code>. Error message was: SQLSTATE[HY000]: General error: 1 duplicate column name: tags.\n</div>\n<p>Backtrace:</p>\n<pre>#0 /internal/shared/sqlite-database-integration/wp-includes/sqlite/class-wp-sqlite-db.php(287): WP_SQLite_Translator->get_error_message()\n#1 /wordpress/wp-content/plugins/chained-quiz/helpers/htmlhelper.php(34): WP_SQLite_DB->query('ALTER TABLE `wp...')\n#2 /wordpress/wp-content/plugins/chained-quiz/models/basic.php(148): chainedquiz_add_db_fields(Array, 'wp_chained_mail...')\n#3 /wordpress/wp-includes/class-wp-hook.php(324): ChainedQuiz::install(false)\n#4 /wordpress/wp-includes/class-wp-hook.php(348): WP_Hook->apply_filters('', Array)\n#5 /wordpress/wp-includes/plugin.php(517): WP_Hook->do_action(Array)\n#6 /wordpress/wp-admin/includes/plugin.php(703): do_action('activate_chaine...', false)\n#7 /internal/eval.php(20): activate_plugin('chained-quiz/ch...')\n#8 {main}</pre>\n for query ALTER TABLE `wp_chained_mail_relations` ADD tags TEXT made by activate_plugin, do_action('activate_chained-quiz/chained-quiz.php'), WP_Hook->do_action, WP_Hook->apply_filters, ChainedQuiz::install, chainedquiz_add_db_fields, WP_SQLite_DB->query, WP_SQLite_DB->print_error",
    "log": "/logs/plugins/c/chained-quiz/error.json"
  },
  {
    "message": "Uncaught Exception: The plugin generated unexpected output. in /internal/eval.php:29",
    "level": "FATAL",
    "type": "PHP",
    "test": "asyncify-boot",
    "plugin": "chained-quiz",
    "details": "[22-Jan-2025 13:49:19 UTC] PHP Fatal error:  Uncaught Exception: The plugin generated unexpected output. in /internal/eval.php:29\nStack trace:\n#0 {main}\n  thrown in /internal/eval.php on line 29\n\n    at Object.onBind (file:///home/runner/work/playground-tester/playground-tester/node_modules/@wp-playground/cli/cli.js:20:788)\n    at async j (file:///home/runner/work/playground-tester/playground-tester/node_modules/@wp-playground/cli/cli.js:1:1166) {\n  [cause]: Error: Error when executing the blueprint step #0 ({\"step\":\"installPlugin\",\"pluginData\":{\"resource\":\"wordpress.org/plugins\",\"slug\":\"chained-quiz\"},\"options\":{\"activate\":true}}) : PHP.run() failed with exit code 255 and the following output: \n      at Object.run (file:///home/runner/work/playground-tester/playground-tester/node_modules/@wp-playground/blueprints/index.js:12099:32)\n      at async Qt (file:///home/runner/work/playground-tester/playground-tester/node_modules/@wp-playground/blueprints/index.js:12200:3)\n      at async Object.onBind (file:///home/runner/work/playground-tester/playground-tester/node_modules/@wp-playground/cli/cli.js:20:453)\n      at async j (file:///home/runner/work/playground-tester/playground-tester/node_modules/@wp-playground/cli/cli.js:1:1166) {\n    [cause]: PHPExecutionFailureError: PHP.run() failed with exit code 255 and the following output: \n        at PHP.run (file:///home/runner/work/playground-tester/playground-tester/node_modules/@php-wasm/universal/index.js:979:19)\n        at async gr (file:///home/runner/work/playground-tester/playground-tester/node_modules/@wp-playground/blueprints/index.js:31:39)\n        at async Object.at [as installPlugin] (file:///home/runner/work/playground-tester/playground-tester/node_modules/@wp-playground/blueprints/index.js:877:42)\n        at async d (file:///home/runner/work/playground-tester/playground-tester/node_modules/@wp-playground/blueprints/index.js:12165:30)\n        at async Object.run (file:///home/runner/work/playground-tester/playground-tester/node_modules/@wp-playground/blueprints/index.js:12096:23)\n        at async Qt (file:///home/runner/work/playground-tester/playground-tester/node_modules/@wp-playground/blueprints/index.js:12200:3)\n        at async Object.onBind (file:///home/runner/work/playground-tester/playground-tester/node_modules/@wp-playground/cli/cli.js:20:453)\n        at async j (file:///home/runner/work/playground-tester/playground-tester/node_modules/@wp-playground/cli/cli.js:1:1166) {\n      response: PHPResponse {\n        httpStatusCode: 500,\n        headers: {\n          'x-powered-by': [ 'PHP/8.0.30-dev' ],\n          'content-type': [ 'text/html; charset=UTF-8' ]\n        },\n        bytes: Uint8Array(0) [],\n        exitCode: 255,\n        errors: ''\n      },\n      source: 'request'\n    }\n  }\n}\n\n",
    "log": "/logs/plugins/c/chained-quiz/error.json"
  },
  {
    "message": "file:///home/runner/work/playground-tester/playground-tester/node_modules/@wp-playground/cli/cli.js:20\n`)},constants:R,phpIniEntries:{\"openssl.cafile\":\"/internal/shared/ca-bundle.crt\",allow_url_fopen:\"1\",disable_functions:\"\"},hooks:{async beforeWordPressFiles(h){t.mountBeforeInstall&&p(h,t.mountBeforeInstall)}}});const v=await s.getPrimaryPhp();try{if(n&&!t.mountBeforeInstall&&g.writeFileSync(f,await q(v,\"/wordpress\")),t.mount&&p(v,t.mount),d=!0,u){const{php:h,reap:m}=await s.processManager.acquirePHPInstance();try{c.log(\"Running the Blueprint...\"),await x(u,h),c.log(\"Finished running the blueprint\")}finally{m()}}a===\"build-snapshot\"?(await r(t.outfile),c.log(`WordPress exported to ${t.outfile}`),process.exit(0)):a===\"run-blueprint\"?(c.log(\"Blueprint executed\"),process.exit(0)):c.log(`WordPress is running on ${l}`)}catch(h){if(!t.debug)throw h;const m=v.readFileAsText(D);throw new Error(m,{cause:h})}},async handleRequest(o){return d?await s.request(o):I.forHttpCode(502,\"WordPress is not ready yet\")}})}Q();\n                                                                                                                                                                                                                                                                                                                                                                                                                                                                                                                                                                                                                                                                                                                                                                                                                   ^\n",
    "level": "FATAL",
    "type": "PLAYGROUND",
    "test": "jspi-boot",
    "plugin": "chained-quiz",
    "details": "file:///home/runner/work/playground-tester/playground-tester/node_modules/@wp-playground/cli/cli.js:20\n`)},constants:R,phpIniEntries:{\"openssl.cafile\":\"/internal/shared/ca-bundle.crt\",allow_url_fopen:\"1\",disable_functions:\"\"},hooks:{async beforeWordPressFiles(h){t.mountBeforeInstall&&p(h,t.mountBeforeInstall)}}});const v=await s.getPrimaryPhp();try{if(n&&!t.mountBeforeInstall&&g.writeFileSync(f,await q(v,\"/wordpress\")),t.mount&&p(v,t.mount),d=!0,u){const{php:h,reap:m}=await s.processManager.acquirePHPInstance();try{c.log(\"Running the Blueprint...\"),await x(u,h),c.log(\"Finished running the blueprint\")}finally{m()}}a===\"build-snapshot\"?(await r(t.outfile),c.log(`WordPress exported to ${t.outfile}`),process.exit(0)):a===\"run-blueprint\"?(c.log(\"Blueprint executed\"),process.exit(0)):c.log(`WordPress is running on ${l}`)}catch(h){if(!t.debug)throw h;const m=v.readFileAsText(D);throw new Error(m,{cause:h})}},async handleRequest(o){return d?await s.request(o):I.forHttpCode(502,\"WordPress is not ready yet\")}})}Q();\n                                                                                                                                                                                                                                                                                                                                                                                                                                                                                                                                                                                                                                                                                                                                                                                                                   ^\n",
    "log": "/tmp/tmp.eK9xydeFwH"
  },
  {
    "message": "SQLSTATE[HY000]: General error: 1 duplicate column name: autocontinue.",
    "level": "FATAL",
    "type": "SQL",
    "test": "jspi-boot",
    "plugin": "chained-quiz",
    "details": "[22-Jan-2025 13:49:22 UTC] WordPress database error <div style=\"clear:both\">&nbsp;</div>\n<div class=\"queries\" style=\"clear:both;margin-bottom:2px;border:red dotted thin;\">\n<p>MySQL query:</p>\n<p>ALTER TABLE `wp_chained_questions` ADD autocontinue TINYINT UNSIGNED NOT NULL DEFAULT 0, ADD sort_order INT UNSIGNED NOT NULL DEFAULT 0, ADD accept_comments TINYINT UNSIGNED NOT NULL DEFAULT 0, ADD accept_comments_label VARCHAR(255) NOT NULL DEFAULT ''</p>\n<p>Queries made or created this session were:</p>\n<ol>\n<li>Executing: BEGIN | (no parameters)</li>\n<li>Executing: INSERT INTO _mysql_data_types_cache (`table`, `column_or_index`, `mysql_type`)\n\t\t\t\tVALUES (:table, :column, :datatype)\n\t\t\t\tON CONFLICT(`table`, `column_or_index`) DO UPDATE SET `mysql_type` = :datatype\n\t\t\t | parameters: wp_chained_questions, AUTOCONTINUE, tinyint UNSIGNED</li>\n<li>Executing: ALTER TABLE wp_chained_questions ADD autocontinue  integer NOT NULL DEFAULT 0 | (no parameters)</li>\n<li>Executing: ROLLBACK | (no parameters)</li>\n</ol>\n</div>\n<div style=\"clear:both;margin-bottom:2px;border:red dotted thin;\" class=\"error_message\" style=\"border-bottom:dotted blue thin;\">\nError occurred at line 4117 in Function <code>handle_error</code>. Error message was: SQLSTATE[HY000]: General error: 1 duplicate column name: autocontinue.\n</div>\n<p>Backtrace:</p>\n<pre>#0 /internal/shared/sqlite-database-integration/wp-includes/sqlite/class-wp-sqlite-db.php(287): WP_SQLite_Translator->get_error_message()\n#1 /wordpress/wp-content/plugins/chained-quiz/helpers/htmlhelper.php(34): WP_SQLite_DB->query('ALTER TABLE `wp...')\n#2 /wordpress/wp-content/plugins/chained-quiz/models/basic.php(115): chainedquiz_add_db_fields(Array, 'wp_chained_ques...')\n#3 /wordpress/wp-includes/class-wp-hook.php(324): ChainedQuiz::install(false)\n#4 /wordpress/wp-includes/class-wp-hook.php(348): WP_Hook->apply_filters('', Array)\n#5 /wordpress/wp-includes/plugin.php(517): WP_Hook->do_action(Array)\n#6 /wordpress/wp-admin/includes/plugin.php(703): do_action('activate_chaine...', false)\n#7 /internal/eval.php(20): activate_plugin('chained-quiz/ch...')\n#8 {main}</pre>\n for query ALTER TABLE `wp_chained_questions` ADD autocontinue TINYINT UNSIGNED NOT NULL DEFAULT 0, ADD sort_order INT UNSIGNED NOT NULL DEFAULT 0, ADD accept_comments TINYINT UNSIGNED NOT NULL DEFAULT 0, ADD accept_comments_label VARCHAR(255) NOT NULL DEFAULT '' made by activate_plugin, do_action('activate_chained-quiz/chained-quiz.php'), WP_Hook->do_action, WP_Hook->apply_filters, ChainedQuiz::install, chainedquiz_add_db_fields, WP_SQLite_DB->query, WP_SQLite_DB->print_error",
    "log": "/logs/plugins/c/chained-quiz/error.json"
  },
  {
    "message": "SQLSTATE[HY000]: General error: 1 duplicate column name: redirect_url.",
    "level": "FATAL",
    "type": "SQL",
    "test": "jspi-boot",
    "plugin": "chained-quiz",
    "details": "[22-Jan-2025 13:49:22 UTC] WordPress database error <div style=\"clear:both\">&nbsp;</div>\n<div class=\"queries\" style=\"clear:both;margin-bottom:2px;border:red dotted thin;\">\n<p>MySQL query:</p>\n<p>ALTER TABLE `wp_chained_results` ADD redirect_url VARCHAR(255) NOT NULL DEFAULT ''</p>\n<p>Queries made or created this session were:</p>\n<ol>\n<li>Executing: BEGIN | (no parameters)</li>\n<li>Executing: INSERT INTO _mysql_data_types_cache (`table`, `column_or_index`, `mysql_type`)\n\t\t\t\tVALUES (:table, :column, :datatype)\n\t\t\t\tON CONFLICT(`table`, `column_or_index`) DO UPDATE SET `mysql_type` = :datatype\n\t\t\t | parameters: wp_chained_results, REDIRECT_URL, varchar(255)</li>\n<li>Executing: ALTER TABLE wp_chained_results ADD redirect_url text NOT NULL DEFAULT '' | (no parameters)</li>\n<li>Executing: ROLLBACK | (no parameters)</li>\n</ol>\n</div>\n<div style=\"clear:both;margin-bottom:2px;border:red dotted thin;\" class=\"error_message\" style=\"border-bottom:dotted blue thin;\">\nError occurred at line 4117 in Function <code>handle_error</code>. Error message was: SQLSTATE[HY000]: General error: 1 duplicate column name: redirect_url.\n</div>\n<p>Backtrace:</p>\n<pre>#0 /internal/shared/sqlite-database-integration/wp-includes/sqlite/class-wp-sqlite-db.php(287): WP_SQLite_Translator->get_error_message()\n#1 /wordpress/wp-content/plugins/chained-quiz/helpers/htmlhelper.php(34): WP_SQLite_DB->query('ALTER TABLE `wp...')\n#2 /wordpress/wp-content/plugins/chained-quiz/models/basic.php(119): chainedquiz_add_db_fields(Array, 'wp_chained_resu...')\n#3 /wordpress/wp-includes/class-wp-hook.php(324): ChainedQuiz::install(false)\n#4 /wordpress/wp-includes/class-wp-hook.php(348): WP_Hook->apply_filters('', Array)\n#5 /wordpress/wp-includes/plugin.php(517): WP_Hook->do_action(Array)\n#6 /wordpress/wp-admin/includes/plugin.php(703): do_action('activate_chaine...', false)\n#7 /internal/eval.php(20): activate_plugin('chained-quiz/ch...')\n#8 {main}</pre>\n for query ALTER TABLE `wp_chained_results` ADD redirect_url VARCHAR(255) NOT NULL DEFAULT '' made by activate_plugin, do_action('activate_chained-quiz/chained-quiz.php'), WP_Hook->do_action, WP_Hook->apply_filters, ChainedQuiz::install, chainedquiz_add_db_fields, WP_SQLite_DB->query, WP_SQLite_DB->print_error",
    "log": "/logs/plugins/c/chained-quiz/error.json"
  },
  {
    "message": "SQLSTATE[HY000]: General error: 1 duplicate column name: comments.",
    "level": "FATAL",
    "type": "SQL",
    "test": "jspi-boot",
    "plugin": "chained-quiz",
    "details": "[22-Jan-2025 13:49:22 UTC] WordPress database error <div style=\"clear:both\">&nbsp;</div>\n<div class=\"queries\" style=\"clear:both;margin-bottom:2px;border:red dotted thin;\">\n<p>MySQL query:</p>\n<p>ALTER TABLE `wp_chained_user_answers` ADD comments TEXT, ADD is_correct TINYINT UNSIGNED NOT NULL DEFAULT 0</p>\n<p>Queries made or created this session were:</p>\n<ol>\n<li>Executing: BEGIN | (no parameters)</li>\n<li>Executing: INSERT INTO _mysql_data_types_cache (`table`, `column_or_index`, `mysql_type`)\n\t\t\t\tVALUES (:table, :column, :datatype)\n\t\t\t\tON CONFLICT(`table`, `column_or_index`) DO UPDATE SET `mysql_type` = :datatype\n\t\t\t | parameters: wp_chained_user_answers, COMMENTS, text</li>\n<li>Executing: ALTER TABLE wp_chained_user_answers ADD comments text | (no parameters)</li>\n<li>Executing: ROLLBACK | (no parameters)</li>\n</ol>\n</div>\n<div style=\"clear:both;margin-bottom:2px;border:red dotted thin;\" class=\"error_message\" style=\"border-bottom:dotted blue thin;\">\nError occurred at line 4117 in Function <code>handle_error</code>. Error message was: SQLSTATE[HY000]: General error: 1 duplicate column name: comments.\n</div>\n<p>Backtrace:</p>\n<pre>#0 /internal/shared/sqlite-database-integration/wp-includes/sqlite/class-wp-sqlite-db.php(287): WP_SQLite_Translator->get_error_message()\n#1 /wordpress/wp-content/plugins/chained-quiz/helpers/htmlhelper.php(34): WP_SQLite_DB->query('ALTER TABLE `wp...')\n#2 /wordpress/wp-content/plugins/chained-quiz/models/basic.php(124): chainedquiz_add_db_fields(Array, 'wp_chained_user...')\n#3 /wordpress/wp-includes/class-wp-hook.php(324): ChainedQuiz::install(false)\n#4 /wordpress/wp-includes/class-wp-hook.php(348): WP_Hook->apply_filters('', Array)\n#5 /wordpress/wp-includes/plugin.php(517): WP_Hook->do_action(Array)\n#6 /wordpress/wp-admin/includes/plugin.php(703): do_action('activate_chaine...', false)\n#7 /internal/eval.php(20): activate_plugin('chained-quiz/ch...')\n#8 {main}</pre>\n for query ALTER TABLE `wp_chained_user_answers` ADD comments TEXT, ADD is_correct TINYINT UNSIGNED NOT NULL DEFAULT 0 made by activate_plugin, do_action('activate_chained-quiz/chained-quiz.php'), WP_Hook->do_action, WP_Hook->apply_filters, ChainedQuiz::install, chainedquiz_add_db_fields, WP_SQLite_DB->query, WP_SQLite_DB->print_error",
    "log": "/logs/plugins/c/chained-quiz/error.json"
  },
  {
    "message": "SQLSTATE[HY000]: General error: 1 duplicate column name: email_admin.",
    "level": "FATAL",
    "type": "SQL",
    "test": "jspi-boot",
    "plugin": "chained-quiz",
    "details": "[22-Jan-2025 13:49:22 UTC] WordPress database error <div style=\"clear:both\">&nbsp;</div>\n<div class=\"queries\" style=\"clear:both;margin-bottom:2px;border:red dotted thin;\">\n<p>MySQL query:</p>\n<p>ALTER TABLE `wp_chained_quizzes` ADD email_admin TINYINT UNSIGNED NOT NULL DEFAULT 0, ADD email_user TINYINT UNSIGNED NOT NULL DEFAULT 0, ADD require_login TINYINT UNSIGNED NOT NULL DEFAULT 0, ADD times_to_take INT UNSIGNED NOT NULL DEFAULT 0, ADD save_source_url TINYINT UNSIGNED NOT NULL DEFAULT 0, ADD set_email_output TINYINT UNSIGNED NOT NULL DEFAULT 0, ADD email_output TEXT, ADD admin_email VARCHAR(255) NOT NULL DEFAULT '', ADD email_required TINYINT UNSIGNED NOT NULL DEFAULT 0, ADD hide_email_field TINYINT UNSIGNED NOT NULL DEFAULT 0, ADD require_text_captcha TINYINT UNSIGNED NOT NULL DEFAULT 0</p>\n<p>Queries made or created this session were:</p>\n<ol>\n<li>Executing: BEGIN | (no parameters)</li>\n<li>Executing: INSERT INTO _mysql_data_types_cache (`table`, `column_or_index`, `mysql_type`)\n\t\t\t\tVALUES (:table, :column, :datatype)\n\t\t\t\tON CONFLICT(`table`, `column_or_index`) DO UPDATE SET `mysql_type` = :datatype\n\t\t\t | parameters: wp_chained_quizzes, EMAIL_ADMIN, tinyint UNSIGNED</li>\n<li>Executing: ALTER TABLE wp_chained_quizzes ADD email_admin  integer NOT NULL DEFAULT 0 | (no parameters)</li>\n<li>Executing: ROLLBACK | (no parameters)</li>\n</ol>\n</div>\n<div style=\"clear:both;margin-bottom:2px;border:red dotted thin;\" class=\"error_message\" style=\"border-bottom:dotted blue thin;\">\nError occurred at line 4117 in Function <code>handle_error</code>. Error message was: SQLSTATE[HY000]: General error: 1 duplicate column name: email_admin.\n</div>\n<p>Backtrace:</p>\n<pre>#0 /internal/shared/sqlite-database-integration/wp-includes/sqlite/class-wp-sqlite-db.php(287): WP_SQLite_Translator->get_error_message()\n#1 /wordpress/wp-content/plugins/chained-quiz/helpers/htmlhelper.php(34): WP_SQLite_DB->query('ALTER TABLE `wp...')\n#2 /wordpress/wp-content/plugins/chained-quiz/models/basic.php(138): chainedquiz_add_db_fields(Array, 'wp_chained_quiz...')\n#3 /wordpress/wp-includes/class-wp-hook.php(324): ChainedQuiz::install(false)\n#4 /wordpress/wp-includes/class-wp-hook.php(348): WP_Hook->apply_filters('', Array)\n#5 /wordpress/wp-includes/plugin.php(517): WP_Hook->do_action(Array)\n#6 /wordpress/wp-admin/includes/plugin.php(703): do_action('activate_chaine...', false)\n#7 /internal/eval.php(20): activate_plugin('chained-quiz/ch...')\n#8 {main}</pre>\n for query ALTER TABLE `wp_chained_quizzes` ADD email_admin TINYINT UNSIGNED NOT NULL DEFAULT 0, ADD email_user TINYINT UNSIGNED NOT NULL DEFAULT 0, ADD require_login TINYINT UNSIGNED NOT NULL DEFAULT 0, ADD times_to_take INT UNSIGNED NOT NULL DEFAULT 0, ADD save_source_url TINYINT UNSIGNED NOT NULL DEFAULT 0, ADD set_email_output TINYINT UNSIGNED NOT NULL DEFAULT 0, ADD email_output TEXT, ADD admin_email VARCHAR(255) NOT NULL DEFAULT '', ADD email_required TINYINT UNSIGNED NOT NULL DEFAULT 0, ADD hide_email_field TINYINT UNSIGNED NOT NULL DEFAULT 0, ADD require_text_captcha TINYINT UNSIGNED NOT NULL DEFAULT 0 made by activate_plugin, do_action('activate_chained-quiz/chained-quiz.php'), WP_Hook->do_action, WP_Hook->apply_filters, ChainedQuiz::install, chainedquiz_add_db_fields, WP_SQLite_DB->query, WP_SQLite_DB->print_error",
    "log": "/logs/plugins/c/chained-quiz/error.json"
  },
  {
    "message": "SQLSTATE[HY000]: General error: 1 duplicate column name: not_empty.",
    "level": "FATAL",
    "type": "SQL",
    "test": "jspi-boot",
    "plugin": "chained-quiz",
    "details": "[22-Jan-2025 13:49:22 UTC] WordPress database error <div style=\"clear:both\">&nbsp;</div>\n<div class=\"queries\" style=\"clear:both;margin-bottom:2px;border:red dotted thin;\">\n<p>MySQL query:</p>\n<p>ALTER TABLE `wp_chained_completed` ADD not_empty TINYINT NOT NULL DEFAULT 0, ADD source_url VARCHAR(255) NOT NULL DEFAULT '', ADD email VARCHAR(255) NOT NULL DEFAULT ''</p>\n<p>Queries made or created this session were:</p>\n<ol>\n<li>Executing: BEGIN | (no parameters)</li>\n<li>Executing: INSERT INTO _mysql_data_types_cache (`table`, `column_or_index`, `mysql_type`)\n\t\t\t\tVALUES (:table, :column, :datatype)\n\t\t\t\tON CONFLICT(`table`, `column_or_index`) DO UPDATE SET `mysql_type` = :datatype\n\t\t\t | parameters: wp_chained_completed, NOT_EMPTY, tinyint</li>\n<li>Executing: ALTER TABLE wp_chained_completed ADD not_empty integer NOT NULL DEFAULT 0 | (no parameters)</li>\n<li>Executing: ROLLBACK | (no parameters)</li>\n</ol>\n</div>\n<div style=\"clear:both;margin-bottom:2px;border:red dotted thin;\" class=\"error_message\" style=\"border-bottom:dotted blue thin;\">\nError occurred at line 4117 in Function <code>handle_error</code>. Error message was: SQLSTATE[HY000]: General error: 1 duplicate column name: not_empty.\n</div>\n<p>Backtrace:</p>\n<pre>#0 /internal/shared/sqlite-database-integration/wp-includes/sqlite/class-wp-sqlite-db.php(287): WP_SQLite_Translator->get_error_message()\n#1 /wordpress/wp-content/plugins/chained-quiz/helpers/htmlhelper.php(34): WP_SQLite_DB->query('ALTER TABLE `wp...')\n#2 /wordpress/wp-content/plugins/chained-quiz/models/basic.php(144): chainedquiz_add_db_fields(Array, 'wp_chained_comp...')\n#3 /wordpress/wp-includes/class-wp-hook.php(324): ChainedQuiz::install(false)\n#4 /wordpress/wp-includes/class-wp-hook.php(348): WP_Hook->apply_filters('', Array)\n#5 /wordpress/wp-includes/plugin.php(517): WP_Hook->do_action(Array)\n#6 /wordpress/wp-admin/includes/plugin.php(703): do_action('activate_chaine...', false)\n#7 /internal/eval.php(20): activate_plugin('chained-quiz/ch...')\n#8 {main}</pre>\n for query ALTER TABLE `wp_chained_completed` ADD not_empty TINYINT NOT NULL DEFAULT 0, ADD source_url VARCHAR(255) NOT NULL DEFAULT '', ADD email VARCHAR(255) NOT NULL DEFAULT '' made by activate_plugin, do_action('activate_chained-quiz/chained-quiz.php'), WP_Hook->do_action, WP_Hook->apply_filters, ChainedQuiz::install, chainedquiz_add_db_fields, WP_SQLite_DB->query, WP_SQLite_DB->print_error",
    "log": "/logs/plugins/c/chained-quiz/error.json"
  },
  {
    "message": "SQLSTATE[HY000]: General error: 1 duplicate column name: tags.",
    "level": "FATAL",
    "type": "SQL",
    "test": "jspi-boot",
    "plugin": "chained-quiz",
    "details": "[22-Jan-2025 13:49:22 UTC] WordPress database error <div style=\"clear:both\">&nbsp;</div>\n<div class=\"queries\" style=\"clear:both;margin-bottom:2px;border:red dotted thin;\">\n<p>MySQL query:</p>\n<p>ALTER TABLE `wp_chained_mail_relations` ADD tags TEXT</p>\n<p>Queries made or created this session were:</p>\n<ol>\n<li>Executing: BEGIN | (no parameters)</li>\n<li>Executing: INSERT INTO _mysql_data_types_cache (`table`, `column_or_index`, `mysql_type`)\n\t\t\t\tVALUES (:table, :column, :datatype)\n\t\t\t\tON CONFLICT(`table`, `column_or_index`) DO UPDATE SET `mysql_type` = :datatype\n\t\t\t | parameters: wp_chained_mail_relations, TAGS, text</li>\n<li>Executing: ALTER TABLE wp_chained_mail_relations ADD tags text | (no parameters)</li>\n<li>Executing: ROLLBACK | (no parameters)</li>\n</ol>\n</div>\n<div style=\"clear:both;margin-bottom:2px;border:red dotted thin;\" class=\"error_message\" style=\"border-bottom:dotted blue thin;\">\nError occurred at line 4117 in Function <code>handle_error</code>. Error message was: SQLSTATE[HY000]: General error: 1 duplicate column name: tags.\n</div>\n<p>Backtrace:</p>\n<pre>#0 /internal/shared/sqlite-database-integration/wp-includes/sqlite/class-wp-sqlite-db.php(287): WP_SQLite_Translator->get_error_message()\n#1 /wordpress/wp-content/plugins/chained-quiz/helpers/htmlhelper.php(34): WP_SQLite_DB->query('ALTER TABLE `wp...')\n#2 /wordpress/wp-content/plugins/chained-quiz/models/basic.php(148): chainedquiz_add_db_fields(Array, 'wp_chained_mail...')\n#3 /wordpress/wp-includes/class-wp-hook.php(324): ChainedQuiz::install(false)\n#4 /wordpress/wp-includes/class-wp-hook.php(348): WP_Hook->apply_filters('', Array)\n#5 /wordpress/wp-includes/plugin.php(517): WP_Hook->do_action(Array)\n#6 /wordpress/wp-admin/includes/plugin.php(703): do_action('activate_chaine...', false)\n#7 /internal/eval.php(20): activate_plugin('chained-quiz/ch...')\n#8 {main}</pre>\n for query ALTER TABLE `wp_chained_mail_relations` ADD tags TEXT made by activate_plugin, do_action('activate_chained-quiz/chained-quiz.php'), WP_Hook->do_action, WP_Hook->apply_filters, ChainedQuiz::install, chainedquiz_add_db_fields, WP_SQLite_DB->query, WP_SQLite_DB->print_error",
    "log": "/logs/plugins/c/chained-quiz/error.json"
  },
  {
    "message": "Uncaught Exception: The plugin generated unexpected output. in /internal/eval.php:29",
    "level": "FATAL",
    "type": "PHP",
    "test": "jspi-boot",
    "plugin": "chained-quiz",
    "details": "[22-Jan-2025 13:49:22 UTC] PHP Fatal error:  Uncaught Exception: The plugin generated unexpected output. in /internal/eval.php:29\nStack trace:\n#0 {main}\n  thrown in /internal/eval.php on line 29\n\n    at Object.onBind (file:///home/runner/work/playground-tester/playground-tester/node_modules/@wp-playground/cli/cli.js:20:788)\n    at process.processTicksAndRejections (node:internal/process/task_queues:105:5)\n    at async j (file:///home/runner/work/playground-tester/playground-tester/node_modules/@wp-playground/cli/cli.js:1:1166) {\n  [cause]: Error: Error when executing the blueprint step #0 ({\"step\":\"installPlugin\",\"pluginData\":{\"resource\":\"wordpress.org/plugins\",\"slug\":\"chained-quiz\"},\"options\":{\"activate\":true}}) : PHP.run() failed with exit code 255 and the following output: \n      at Object.run (file:///home/runner/work/playground-tester/playground-tester/node_modules/@wp-playground/blueprints/index.js:12099:32)\n      at process.processTicksAndRejections (node:internal/process/task_queues:105:5)\n      at async Qt (file:///home/runner/work/playground-tester/playground-tester/node_modules/@wp-playground/blueprints/index.js:12200:3)\n      at async Object.onBind (file:///home/runner/work/playground-tester/playground-tester/node_modules/@wp-playground/cli/cli.js:20:453)\n      at async j (file:///home/runner/work/playground-tester/playground-tester/node_modules/@wp-playground/cli/cli.js:1:1166) {\n    [cause]: PHPExecutionFailureError: PHP.run() failed with exit code 255 and the following output: \n        at PHP.run (file:///home/runner/work/playground-tester/playground-tester/node_modules/@php-wasm/universal/index.js:979:19)\n        at process.processTicksAndRejections (node:internal/process/task_queues:105:5)\n        at async gr (file:///home/runner/work/playground-tester/playground-tester/node_modules/@wp-playground/blueprints/index.js:31:39)\n        at async Object.at [as installPlugin] (file:///home/runner/work/playground-tester/playground-tester/node_modules/@wp-playground/blueprints/index.js:877:42)\n        at async d (file:///home/runner/work/playground-tester/playground-tester/node_modules/@wp-playground/blueprints/index.js:12165:30)\n        at async Object.run (file:///home/runner/work/playground-tester/playground-tester/node_modules/@wp-playground/blueprints/index.js:12096:23)\n        at async Qt (file:///home/runner/work/playground-tester/playground-tester/node_modules/@wp-playground/blueprints/index.js:12200:3)\n        at async Object.onBind (file:///home/runner/work/playground-tester/playground-tester/node_modules/@wp-playground/cli/cli.js:20:453)\n        at async j (file:///home/runner/work/playground-tester/playground-tester/node_modules/@wp-playground/cli/cli.js:1:1166) {\n      response: PHPResponse {\n        httpStatusCode: 500,\n        headers: {\n          'x-powered-by': [ 'PHP/8.0.30-dev' ],\n          'content-type': [ 'text/html; charset=UTF-8' ]\n        },\n        bytes: Uint8Array(0) [],\n        exitCode: 255,\n        errors: ''\n      },\n      source: 'request'\n    }\n  }\n}\n\n",
    "log": "/logs/plugins/c/chained-quiz/error.json"
  }
]
