file:///home/runner/work/playground-tester/playground-tester/node_modules/@wp-playground/cli/index.js:237
        throw new Error(y, { cause: u });
              ^

Error: [07-May-2025 14:29:42 UTC] PHP Warning:  Undefined array key "smbsugar_action" in /wordpress/wp-content/plugins/bizsugar-voting-button/wp-bizsugar-vote.php on line 22
[07-May-2025 14:29:50 UTC] PHP Warning:  Undefined array key "smbsugar_action" in /wordpress/wp-content/plugins/bizsugar-voting-button/wp-bizsugar-vote.php on line 22
[07-May-2025 14:29:59 UTC] PHP Warning:  Undefined array key "smbsugar_action" in /wordpress/wp-content/plugins/bizsugar-voting-button/wp-bizsugar-vote.php on line 22
[07-May-2025 14:30:07 UTC] PHP Fatal error:  Uncaught Exception: DateTimeZone::__construct(): Unknown or bad timezone () in /wordpress/wp-content/plugins/bktsk-live-scheduler/lib/class-bktskytschedulershortcode.php:24
Stack trace:
#0 /wordpress/wp-content/plugins/bktsk-live-scheduler/lib/class-bktskytschedulershortcode.php(24): DateTimeZone->__construct('')
#1 /wordpress/wp-content/plugins/bktsk-live-scheduler/lib/class-bktskytschedulershortcode.php(394): BktskYtSchedulerShortcode->__construct()
#2 /wordpress/wp-content/plugins/bktsk-live-scheduler/bktsk-yt-live-scheduler.php(43): require_once('/wordpress/wp-c...')
#3 /wordpress/wp-admin/includes/plugin.php(2387): include_once('/wordpress/wp-c...')
#4 /wordpress/wp-admin/includes/plugin.php(673): plugin_sandbox_scrape('bktsk-live-sche...')
#5 /internal/eval.php(20): activate_plugin('bktsk-live-sche...')
#6 {main}
  thrown in /wordpress/wp-content/plugins/bktsk-live-scheduler/lib/class-bktskytschedulershortcode.php on line 24
[07-May-2025 14:30:14 UTC] PHP Fatal error:  Uncaught Exception: DateTimeZone::__construct(): Unknown or bad timezone () in /wordpress/wp-content/plugins/bktsk-live-scheduler/lib/class-bktskytschedulershortcode.php:24
Stack trace:
#0 /wordpress/wp-content/plugins/bktsk-live-scheduler/lib/class-bktskytschedulershortcode.php(24): DateTimeZone->__construct('')
#1 /wordpress/wp-content/plugins/bktsk-live-scheduler/lib/class-bktskytschedulershortcode.php(394): BktskYtSchedulerShortcode->__construct()
#2 /wordpress/wp-content/plugins/bktsk-live-scheduler/bktsk-yt-live-scheduler.php(43): require_once('/wordpress/wp-c...')
#3 /wordpress/wp-admin/includes/plugin.php(2387): include_once('/wordpress/wp-c...')
#4 /wordpress/wp-admin/includes/plugin.php(673): plugin_sandbox_scrape('bktsk-live-sche...')
#5 /internal/eval.php(20): activate_plugin('bktsk-live-sche...')
#6 {main}
  thrown in /wordpress/wp-content/plugins/bktsk-live-scheduler/lib/class-bktskytschedulershortcode.php on line 24
[07-May-2025 14:30:22 UTC] PHP Fatal error:  Uncaught Exception: DateTimeZone::__construct(): Unknown or bad timezone () in /wordpress/wp-content/plugins/bktsk-live-scheduler/lib/class-bktskytschedulershortcode.php:24
Stack trace:
#0 /wordpress/wp-content/plugins/bktsk-live-scheduler/lib/class-bktskytschedulershortcode.php(24): DateTimeZone->__construct('')
#1 /wordpress/wp-content/plugins/bktsk-live-scheduler/lib/class-bktskytschedulershortcode.php(394): BktskYtSchedulerShortcode->__construct()
#2 /wordpress/wp-content/plugins/bktsk-live-scheduler/bktsk-yt-live-scheduler.php(43): require_once('/wordpress/wp-c...')
#3 /wordpress/wp-admin/includes/plugin.php(2387): include_once('/wordpress/wp-c...')
#4 /wordpress/wp-admin/includes/plugin.php(673): plugin_sandbox_scrape('bktsk-live-sche...')
#5 /internal/eval.php(20): activate_plugin('bktsk-live-sche...')
#6 {main}
  thrown in /wordpress/wp-content/plugins/bktsk-live-scheduler/lib/class-bktskytschedulershortcode.php on line 24
[07-May-2025 14:30:57 UTC] PHP Parse error:  syntax error, unexpected token "new" in /wordpress/wp-content/plugins/backup-content-as-txt/BackupContentAsTxt.php on line 157
[07-May-2025 14:31:04 UTC] PHP Parse error:  syntax error, unexpected token "new" in /wordpress/wp-content/plugins/backup-content-as-txt/BackupContentAsTxt.php on line 157
[07-May-2025 14:31:12 UTC] PHP Parse error:  syntax error, unexpected token "new" in /wordpress/wp-content/plugins/backup-content-as-txt/BackupContentAsTxt.php on line 157
[07-May-2025 14:33:12 UTC] PHP Fatal error:  Uncaught ArgumentCountError: Too few arguments to function WP_Widget::__construct(), 0 passed in /wordpress/wp-includes/class-wp-widget-factory.php on line 62 and at least 2 expected in /wordpress/wp-includes/class-wp-widget.php:163
Stack trace:
#0 /wordpress/wp-includes/class-wp-widget-factory.php(62): WP_Widget->__construct()
#1 /wordpress/wp-includes/widgets.php(123): WP_Widget_Factory->register('blizzBlue_Widge...')
#2 /wordpress/wp-content/plugins/blizzblue-widget/blizzblue.php(19): register_widget('blizzBlue_Widge...')
#3 /wordpress/wp-includes/class-wp-hook.php(324): blizzBlue_widgets('')
#4 /wordpress/wp-includes/class-wp-hook.php(348): WP_Hook->apply_filters(NULL, Array)
#5 /wordpress/wp-includes/plugin.php(517): WP_Hook->do_action(Array)
#6 /wordpress/wp-includes/widgets.php(1870): do_action('widgets_init')
#7 /wordpress/wp-includes/class-wp-hook.php(324): wp_widgets_init('')
#8 /wordpress/wp-includes/class-wp-hook.php(348): WP_Hook->apply_filters(NULL, Array)
#9 /wordpress/wp-includes/plugin.php(517): WP_Hook->do_action(Array)
#10 /wordpress/wp-settings.php(727): do_action('init')
#11 /wordpress/wp-config.php(102): require_once('/wordpress/wp-s...')
#12 /wordpress/wp-load.php(50): require_once('/wordpress/wp-c...')
#13 /internal/eval.php(3): require_once('/wordpress/wp-l...')
#14 {main}
  thrown in /wordpress/wp-includes/class-wp-widget.php on line 163
[07-May-2025 14:33:20 UTC] PHP Fatal error:  Uncaught ArgumentCountError: Too few arguments to function WP_Widget::__construct(), 0 passed in /wordpress/wp-includes/class-wp-widget-factory.php on line 62 and at least 2 expected in /wordpress/wp-includes/class-wp-widget.php:163
Stack trace:
#0 /wordpress/wp-includes/class-wp-widget-factory.php(62): WP_Widget->__construct()
#1 /wordpress/wp-includes/widgets.php(123): WP_Widget_Factory->register('blizzBlue_Widge...')
#2 /wordpress/wp-content/plugins/blizzblue-widget/blizzblue.php(19): register_widget('blizzBlue_Widge...')
#3 /wordpress/wp-includes/class-wp-hook.php(324): blizzBlue_widgets('')
#4 /wordpress/wp-includes/class-wp-hook.php(348): WP_Hook->apply_filters(NULL, Array)
#5 /wordpress/wp-includes/plugin.php(517): WP_Hook->do_action(Array)
#6 /wordpress/wp-includes/widgets.php(1870): do_action('widgets_init')
#7 /wordpress/wp-includes/class-wp-hook.php(324): wp_widgets_init('')
#8 /wordpress/wp-includes/class-wp-hook.php(348): WP_Hook->apply_filters(NULL, Array)
#9 /wordpress/wp-includes/plugin.php(517): WP_Hook->do_action(Array)
#10 /wordpress/wp-settings.php(727): do_action('init')
#11 /wordpress/wp-config.php(102): require_once('/wordpress/wp-s...')
#12 /wordpress/wp-load.php(50): require_once('/wordpress/wp-c...')
#13 /internal/eval.php(3): require_once('/wordpress/wp-l...')
#14 {main}
  thrown in /wordpress/wp-includes/class-wp-widget.php on line 163
[07-May-2025 14:33:29 UTC] PHP Fatal error:  Uncaught ArgumentCountError: Too few arguments to function WP_Widget::__construct(), 0 passed in /wordpress/wp-includes/class-wp-widget-factory.php on line 62 and at least 2 expected in /wordpress/wp-includes/class-wp-widget.php:163
Stack trace:
#0 /wordpress/wp-includes/class-wp-widget-factory.php(62): WP_Widget->__construct()
#1 /wordpress/wp-includes/widgets.php(123): WP_Widget_Factory->register('blizzBlue_Widge...')
#2 /wordpress/wp-content/plugins/blizzblue-widget/blizzblue.php(19): register_widget('blizzBlue_Widge...')
#3 /wordpress/wp-includes/class-wp-hook.php(324): blizzBlue_widgets('')
#4 /wordpress/wp-includes/class-wp-hook.php(348): WP_Hook->apply_filters(NULL, Array)
#5 /wordpress/wp-includes/plugin.php(517): WP_Hook->do_action(Array)
#6 /wordpress/wp-includes/widgets.php(1870): do_action('widgets_init')
#7 /wordpress/wp-includes/class-wp-hook.php(324): wp_widgets_init('')
#8 /wordpress/wp-includes/class-wp-hook.php(348): WP_Hook->apply_filters(NULL, Array)
#9 /wordpress/wp-includes/plugin.php(517): WP_Hook->do_action(Array)
#10 /wordpress/wp-settings.php(727): do_action('init')
#11 /wordpress/wp-config.php(102): require_once('/wordpress/wp-s...')
#12 /wordpress/wp-load.php(50): require_once('/wordpress/wp-c...')
#13 /internal/eval.php(3): require_once('/wordpress/wp-l...')
#14 {main}
  thrown in /wordpress/wp-includes/class-wp-widget.php on line 163
[07-May-2025 14:34:34 UTC] PHP Fatal error:  Uncaught TypeError: call_user_func_array(): Argument #1 ($callback) must be a valid callback, non-static method Rec_Widget::Register() cannot be called statically in /wordpress/wp-includes/class-wp-hook.php:324
Stack trace:
#0 /wordpress/wp-includes/class-wp-hook.php(348): WP_Hook->apply_filters(NULL, Array)
#1 /wordpress/wp-includes/plugin.php(517): WP_Hook->do_action(Array)
#2 /wordpress/wp-settings.php(578): do_action('plugins_loaded')
#3 /wordpress/wp-config.php(102): require_once('/wordpress/wp-s...')
#4 /wordpress/wp-load.php(50): require_once('/wordpress/wp-c...')
#5 /internal/eval.php(3): require_once('/wordpress/wp-l...')
#6 {main}
  thrown in /wordpress/wp-includes/class-wp-hook.php on line 324
[07-May-2025 14:34:44 UTC] PHP Fatal error:  Uncaught TypeError: call_user_func_array(): Argument #1 ($callback) must be a valid callback, non-static method Rec_Widget::Register() cannot be called statically in /wordpress/wp-includes/class-wp-hook.php:324
Stack trace:
#0 /wordpress/wp-includes/class-wp-hook.php(348): WP_Hook->apply_filters(NULL, Array)
#1 /wordpress/wp-includes/plugin.php(517): WP_Hook->do_action(Array)
#2 /wordpress/wp-settings.php(578): do_action('plugins_loaded')
#3 /wordpress/wp-config.php(102): require_once('/wordpress/wp-s...')
#4 /wordpress/wp-load.php(50): require_once('/wordpress/wp-c...')
#5 /internal/eval.php(3): require_once('/wordpress/wp-l...')
#6 {main}
  thrown in /wordpress/wp-includes/class-wp-hook.php on line 324
[07-May-2025 14:34:53 UTC] PHP Fatal error:  Uncaught TypeError: call_user_func_array(): Argument #1 ($callback) must be a valid callback, non-static method Rec_Widget::Register() cannot be called statically in /wordpress/wp-includes/class-wp-hook.php:324
Stack trace:
#0 /wordpress/wp-includes/class-wp-hook.php(348): WP_Hook->apply_filters(NULL, Array)
#1 /wordpress/wp-includes/plugin.php(517): WP_Hook->do_action(Array)
#2 /wordpress/wp-settings.php(578): do_action('plugins_loaded')
#3 /wordpress/wp-config.php(102): require_once('/wordpress/wp-s...')
#4 /wordpress/wp-load.php(50): require_once('/wordpress/wp-c...')
#5 /internal/eval.php(3): require_once('/wordpress/wp-l...')
#6 {main}
  thrown in /wordpress/wp-includes/class-wp-hook.php on line 324
[07-May-2025 14:35:02 UTC] PHP Warning:  Undefined variable $bh_bh_wordpress_dashboard_rename_settings in /wordpress/wp-content/plugins/bh-dashboard-menus-settings/plugin-main.php on line 512
[07-May-2025 14:35:03 UTC] PHP Warning:  Undefined variable $bh_bh_wordpress_dashboard_rename_settings in /wordpress/wp-content/plugins/bh-dashboard-menus-settings/plugin-main.php on line 512
[07-May-2025 14:35:12 UTC] PHP Warning:  Undefined variable $bh_bh_wordpress_dashboard_rename_settings in /wordpress/wp-content/plugins/bh-dashboard-menus-settings/plugin-main.php on line 512
[07-May-2025 14:35:13 UTC] PHP Warning:  Undefined variable $bh_bh_wordpress_dashboard_rename_settings in /wordpress/wp-content/plugins/bh-dashboard-menus-settings/plugin-main.php on line 512
[07-May-2025 14:35:21 UTC] PHP Warning:  Undefined variable $bh_bh_wordpress_dashboard_rename_settings in /wordpress/wp-content/plugins/bh-dashboard-menus-settings/plugin-main.php on line 512
[07-May-2025 14:35:22 UTC] PHP Warning:  Undefined variable $bh_bh_wordpress_dashboard_rename_settings in /wordpress/wp-content/plugins/bh-dashboard-menus-settings/plugin-main.php on line 512
[07-May-2025 14:36:03 UTC] PHP Warning:  Undefined array key "smbsugar_action" in /wordpress/wp-content/plugins/bizsugar-vote-button/wp-bizsugar-vote.php on line 22
[07-May-2025 14:36:12 UTC] PHP Warning:  Undefined array key "smbsugar_action" in /wordpress/wp-content/plugins/bizsugar-vote-button/wp-bizsugar-vote.php on line 22
[07-May-2025 14:36:20 UTC] PHP Warning:  Undefined array key "smbsugar_action" in /wordpress/wp-content/plugins/bizsugar-vote-button/wp-bizsugar-vote.php on line 22
[07-May-2025 14:36:55 UTC] PHP Deprecated:  Required parameter $path follows optional parameter $templatevars in /wordpress/wp-content/plugins/block-management-online/class.bmo.php on line 290
[07-May-2025 14:36:55 UTC] PHP Warning:  Undefined array key "action" in /wordpress/wp-content/plugins/block-management-online/class.bmo_session.php on line 19
[07-May-2025 14:36:55 UTC] PHP Fatal error:  Uncaught TypeError: call_user_func_array(): Argument #1 ($callback) must be a valid callback, non-static method bmo_pluginmanager::install_plugin() cannot be called statically in /wordpress/wp-includes/class-wp-hook.php:324
Stack trace:
#0 /wordpress/wp-includes/class-wp-hook.php(348): WP_Hook->apply_filters('', Array)
#1 /wordpress/wp-includes/plugin.php(517): WP_Hook->do_action(Array)
#2 /wordpress/wp-admin/includes/plugin.php(703): do_action('activate_block-...', false)
#3 /internal/eval.php(20): activate_plugin('block-managemen...')
#4 {main}
  thrown in /wordpress/wp-includes/class-wp-hook.php on line 324
[07-May-2025 14:37:03 UTC] PHP Deprecated:  Required parameter $path follows optional parameter $templatevars in /wordpress/wp-content/plugins/block-management-online/class.bmo.php on line 290
[07-May-2025 14:37:03 UTC] PHP Warning:  Undefined array key "action" in /wordpress/wp-content/plugins/block-management-online/class.bmo_session.php on line 19
[07-May-2025 14:37:03 UTC] PHP Fatal error:  Uncaught TypeError: call_user_func_array(): Argument #1 ($callback) must be a valid callback, non-static method bmo_pluginmanager::install_plugin() cannot be called statically in /wordpress/wp-includes/class-wp-hook.php:324
Stack trace:
#0 /wordpress/wp-includes/class-wp-hook.php(348): WP_Hook->apply_filters('', Array)
#1 /wordpress/wp-includes/plugin.php(517): WP_Hook->do_action(Array)
#2 /wordpress/wp-admin/includes/plugin.php(703): do_action('activate_block-...', false)
#3 /internal/eval.php(20): activate_plugin('block-managemen...')
#4 {main}
  thrown in /wordpress/wp-includes/class-wp-hook.php on line 324
[07-May-2025 14:37:11 UTC] PHP Deprecated:  Required parameter $path follows optional parameter $templatevars in /wordpress/wp-content/plugins/block-management-online/class.bmo.php on line 290
[07-May-2025 14:37:11 UTC] PHP Warning:  Undefined array key "action" in /wordpress/wp-content/plugins/block-management-online/class.bmo_session.php on line 19
[07-May-2025 14:37:11 UTC] PHP Fatal error:  Uncaught TypeError: call_user_func_array(): Argument #1 ($callback) must be a valid callback, non-static method bmo_pluginmanager::install_plugin() cannot be called statically in /wordpress/wp-includes/class-wp-hook.php:324
Stack trace:
#0 /wordpress/wp-includes/class-wp-hook.php(348): WP_Hook->apply_filters('', Array)
#1 /wordpress/wp-includes/plugin.php(517): WP_Hook->do_action(Array)
#2 /wordpress/wp-admin/includes/plugin.php(703): do_action('activate_block-...', false)
#3 /internal/eval.php(20): activate_plugin('block-managemen...')
#4 {main}
  thrown in /wordpress/wp-includes/class-wp-hook.php on line 324
[07-May-2025 14:37:49 UTC] PHP Fatal error:  Uncaught Error: Class "WC_Payment_Gateway" not found in /wordpress/wp-content/plugins/blockpen-payment-gateway/blockpen-payment-gateway.php:49
Stack trace:
#0 /wordpress/wp-includes/class-wp-hook.php(324): blockpen_paygate_load('')
#1 /wordpress/wp-includes/class-wp-hook.php(348): WP_Hook->apply_filters(NULL, Array)
#2 /wordpress/wp-includes/plugin.php(517): WP_Hook->do_action(Array)
#3 /wordpress/wp-settings.php(578): do_action('plugins_loaded')
#4 /wordpress/wp-config.php(102): require_once('/wordpress/wp-s...')
#5 /wordpress/wp-load.php(50): require_once('/wordpress/wp-c...')
#6 /internal/eval.php(3): require_once('/wordpress/wp-l...')
#7 {main}
  thrown in /wordpress/wp-content/plugins/blockpen-payment-gateway/blockpen-payment-gateway.php on line 49
[07-May-2025 14:37:58 UTC] PHP Fatal error:  Uncaught Error: Class "WC_Payment_Gateway" not found in /wordpress/wp-content/plugins/blockpen-payment-gateway/blockpen-payment-gateway.php:49
Stack trace:
#0 /wordpress/wp-includes/class-wp-hook.php(324): blockpen_paygate_load('')
#1 /wordpress/wp-includes/class-wp-hook.php(348): WP_Hook->apply_filters(NULL, Array)
#2 /wordpress/wp-includes/plugin.php(517): WP_Hook->do_action(Array)
#3 /wordpress/wp-settings.php(578): do_action('plugins_loaded')
#4 /wordpress/wp-config.php(102): require_once('/wordpress/wp-s...')
#5 /wordpress/wp-load.php(50): require_once('/wordpress/wp-c...')
#6 /internal/eval.php(3): require_once('/wordpress/wp-l...')
#7 {main}
  thrown in /wordpress/wp-content/plugins/blockpen-payment-gateway/blockpen-payment-gateway.php on line 49
[07-May-2025 14:38:07 UTC] PHP Fatal error:  Uncaught Error: Class "WC_Payment_Gateway" not found in /wordpress/wp-content/plugins/blockpen-payment-gateway/blockpen-payment-gateway.php:49
Stack trace:
#0 /wordpress/wp-includes/class-wp-hook.php(324): blockpen_paygate_load('')
#1 /wordpress/wp-includes/class-wp-hook.php(348): WP_Hook->apply_filters(NULL, Array)
#2 /wordpress/wp-includes/plugin.php(517): WP_Hook->do_action(Array)
#3 /wordpress/wp-settings.php(578): do_action('plugins_loaded')
#4 /wordpress/wp-config.php(102): require_once('/wordpress/wp-s...')
#5 /wordpress/wp-load.php(50): require_once('/wordpress/wp-c...')
#6 /internal/eval.php(3): require_once('/wordpress/wp-l...')
#7 {main}
  thrown in /wordpress/wp-content/plugins/blockpen-payment-gateway/blockpen-payment-gateway.php on line 49

    at Object.onBind (file:///home/runner/work/playground-tester/playground-tester/node_modules/@wp-playground/cli/index.js:237:15)
    at process.processTicksAndRejections (node:internal/process/task_queues:105:5)
    at async V (file:///home/runner/work/playground-tester/playground-tester/node_modules/@wp-playground/cli/index.js:64:10)
    at async ja (file:///home/runner/work/playground-tester/playground-tester/node_modules/@wp-playground/cli/cli.js:8161:12) {
  [cause]: Error: Error when executing the blueprint step #1 ({"step":"installPlugin","pluginData":{"resource":"wordpress.org/plugins","slug":"blog-description"},"options":{"activate":true}}) : Could not download "https://downloads.wordpress.org/plugin/blog-description.latest-stable.zip".
  				Check if the URL is correct and the server is reachable.
  				If it is reachable, the server might be blocking the request.
  				Check the browser console and network tabs for more information.
  
  				## Does the console show the error "No 'Access-Control-Allow-Origin' header"?
  
  				This means the server that hosts your file does not allow requests from other sites
  				(cross-origin requests, or CORS).	You need to move the asset to a server that allows
  				cross-origin file downloads. Learn more about CORS at
  				https://developer.mozilla.org/en-US/docs/Web/HTTP/CORS.
  
  				If your file is on GitHub, load it from "raw.githubusercontent.com".
  				Here's how to do that:
  
  				1. Start with the original GitHub URL of the file. For example:
  				https://github.com/username/repository/blob/branch/filename.
  				2. Replace "github.com" with "raw.githubusercontent.com".
  				3. Remove the "/blob/" part of the URL.
  
  				The resulting URL should look like this:
  				https://raw.githubusercontent.com/username/repository/branch/filename
  
  				Error:
  				Error: Could not download "https://downloads.wordpress.org/plugin/blog-description.latest-stable.zip"
      at Object.run (file:///home/runner/work/playground-tester/playground-tester/node_modules/@wp-playground/blueprints/index.js:12449:19)
      at process.processTicksAndRejections (node:internal/process/task_queues:105:5)
      at async ms (file:///home/runner/work/playground-tester/playground-tester/node_modules/@wp-playground/blueprints/index.js:12552:3)
      at async Object.onBind (file:///home/runner/work/playground-tester/playground-tester/node_modules/@wp-playground/cli/index.js:227:48)
      at async V (file:///home/runner/work/playground-tester/playground-tester/node_modules/@wp-playground/cli/index.js:64:10)
      at async ja (file:///home/runner/work/playground-tester/playground-tester/node_modules/@wp-playground/cli/cli.js:8161:12) {
    [cause]: Error: Could not download "https://downloads.wordpress.org/plugin/blog-description.latest-stable.zip".
    				Check if the URL is correct and the server is reachable.
    				If it is reachable, the server might be blocking the request.
    				Check the browser console and network tabs for more information.
    
    				## Does the console show the error "No 'Access-Control-Allow-Origin' header"?
    
    				This means the server that hosts your file does not allow requests from other sites
    				(cross-origin requests, or CORS).	You need to move the asset to a server that allows
    				cross-origin file downloads. Learn more about CORS at
    				https://developer.mozilla.org/en-US/docs/Web/HTTP/CORS.
    
    				If your file is on GitHub, load it from "raw.githubusercontent.com".
    				Here's how to do that:
    
    				1. Start with the original GitHub URL of the file. For example:
    				https://github.com/username/repository/blob/branch/filename.
    				2. Replace "github.com" with "raw.githubusercontent.com".
    				3. Remove the "/blob/" part of the URL.
    
    				The resulting URL should look like this:
    				https://raw.githubusercontent.com/username/repository/branch/filename
    
    				Error:
    				Error: Could not download "https://downloads.wordpress.org/plugin/blog-description.latest-stable.zip"
        at Ct.resolve (file:///home/runner/work/playground-tester/playground-tester/node_modules/@wp-playground/blueprints/index.js:1472:13)
        at process.processTicksAndRejections (node:internal/process/task_queues:105:5)
        at async _.run (file:///home/runner/work/playground-tester/playground-tester/node_modules/@php-wasm/util/index.js:45:14)
  }
}

Node.js v23.11.0
