file:///home/runner/work/playground-tester/playground-tester/node_modules/@wp-playground/cli/index.js:237
        throw new Error(y, { cause: u });
              ^

Error: [07-May-2025 07:29:05 UTC] PHP Deprecated:  Required parameter $tag follows optional parameter $content in /wordpress/wp-content/plugins/k7-church/inc/controller/Church_LocationController.php on line 38
[07-May-2025 07:29:05 UTC] PHP Deprecated:  Required parameter $tag follows optional parameter $content in /wordpress/wp-content/plugins/k7-church/inc/controller/Church_SermonController.php on line 76
[07-May-2025 07:29:05 UTC] PHP Deprecated:  Required parameter $tag follows optional parameter $content in /wordpress/wp-content/plugins/k7-church/inc/controller/Church_EventController.php on line 526
[07-May-2025 07:29:07 UTC] PHP Deprecated:  Required parameter $tag follows optional parameter $content in /wordpress/wp-content/plugins/k7-church/inc/controller/Church_LocationController.php on line 38
[07-May-2025 07:29:07 UTC] PHP Deprecated:  Required parameter $tag follows optional parameter $content in /wordpress/wp-content/plugins/k7-church/inc/controller/Church_SermonController.php on line 76
[07-May-2025 07:29:07 UTC] PHP Deprecated:  Required parameter $tag follows optional parameter $content in /wordpress/wp-content/plugins/k7-church/inc/controller/Church_EventController.php on line 526
[07-May-2025 07:29:07 UTC] PHP Notice:  Function _load_textdomain_just_in_time was called <strong>incorrectly</strong>. Translation loading for the <code>k7-church</code> domain was triggered too early. This is usually an indicator for some code in the plugin or theme running too early. Translations should be loaded at the <code>init</code> action or later. Please see <a href="https://developer.wordpress.org/advanced-administration/debug/debug-wordpress/">Debugging in WordPress</a> for more information. (This message was added in version 6.7.0.) in /wordpress/wp-includes/functions.php on line 6121
[07-May-2025 07:29:16 UTC] PHP Deprecated:  Required parameter $tag follows optional parameter $content in /wordpress/wp-content/plugins/k7-church/inc/controller/Church_LocationController.php on line 38
[07-May-2025 07:29:16 UTC] PHP Deprecated:  Required parameter $tag follows optional parameter $content in /wordpress/wp-content/plugins/k7-church/inc/controller/Church_SermonController.php on line 76
[07-May-2025 07:29:16 UTC] PHP Deprecated:  Required parameter $tag follows optional parameter $content in /wordpress/wp-content/plugins/k7-church/inc/controller/Church_EventController.php on line 526
[07-May-2025 07:29:17 UTC] PHP Deprecated:  Required parameter $tag follows optional parameter $content in /wordpress/wp-content/plugins/k7-church/inc/controller/Church_LocationController.php on line 38
[07-May-2025 07:29:17 UTC] PHP Deprecated:  Required parameter $tag follows optional parameter $content in /wordpress/wp-content/plugins/k7-church/inc/controller/Church_SermonController.php on line 76
[07-May-2025 07:29:17 UTC] PHP Deprecated:  Required parameter $tag follows optional parameter $content in /wordpress/wp-content/plugins/k7-church/inc/controller/Church_EventController.php on line 526
[07-May-2025 07:29:17 UTC] PHP Notice:  Function _load_textdomain_just_in_time was called <strong>incorrectly</strong>. Translation loading for the <code>k7-church</code> domain was triggered too early. This is usually an indicator for some code in the plugin or theme running too early. Translations should be loaded at the <code>init</code> action or later. Please see <a href="https://developer.wordpress.org/advanced-administration/debug/debug-wordpress/">Debugging in WordPress</a> for more information. (This message was added in version 6.7.0.) in /wordpress/wp-includes/functions.php on line 6121
[07-May-2025 07:29:26 UTC] PHP Deprecated:  Required parameter $tag follows optional parameter $content in /wordpress/wp-content/plugins/k7-church/inc/controller/Church_LocationController.php on line 38
[07-May-2025 07:29:26 UTC] PHP Deprecated:  Required parameter $tag follows optional parameter $content in /wordpress/wp-content/plugins/k7-church/inc/controller/Church_SermonController.php on line 76
[07-May-2025 07:29:26 UTC] PHP Deprecated:  Required parameter $tag follows optional parameter $content in /wordpress/wp-content/plugins/k7-church/inc/controller/Church_EventController.php on line 526
[07-May-2025 07:29:27 UTC] PHP Deprecated:  Required parameter $tag follows optional parameter $content in /wordpress/wp-content/plugins/k7-church/inc/controller/Church_LocationController.php on line 38
[07-May-2025 07:29:27 UTC] PHP Deprecated:  Required parameter $tag follows optional parameter $content in /wordpress/wp-content/plugins/k7-church/inc/controller/Church_SermonController.php on line 76
[07-May-2025 07:29:27 UTC] PHP Deprecated:  Required parameter $tag follows optional parameter $content in /wordpress/wp-content/plugins/k7-church/inc/controller/Church_EventController.php on line 526
[07-May-2025 07:29:27 UTC] PHP Notice:  Function _load_textdomain_just_in_time was called <strong>incorrectly</strong>. Translation loading for the <code>k7-church</code> domain was triggered too early. This is usually an indicator for some code in the plugin or theme running too early. Translations should be loaded at the <code>init</code> action or later. Please see <a href="https://developer.wordpress.org/advanced-administration/debug/debug-wordpress/">Debugging in WordPress</a> for more information. (This message was added in version 6.7.0.) in /wordpress/wp-includes/functions.php on line 6121
[07-May-2025 07:30:05 UTC] PHP Notice:  Function _load_textdomain_just_in_time was called <strong>incorrectly</strong>. Translation loading for the <code>kafkai</code> domain was triggered too early. This is usually an indicator for some code in the plugin or theme running too early. Translations should be loaded at the <code>init</code> action or later. Please see <a href="https://developer.wordpress.org/advanced-administration/debug/debug-wordpress/">Debugging in WordPress</a> for more information. (This message was added in version 6.7.0.) in /wordpress/wp-includes/functions.php on line 6121
[07-May-2025 07:30:14 UTC] PHP Notice:  Function _load_textdomain_just_in_time was called <strong>incorrectly</strong>. Translation loading for the <code>kafkai</code> domain was triggered too early. This is usually an indicator for some code in the plugin or theme running too early. Translations should be loaded at the <code>init</code> action or later. Please see <a href="https://developer.wordpress.org/advanced-administration/debug/debug-wordpress/">Debugging in WordPress</a> for more information. (This message was added in version 6.7.0.) in /wordpress/wp-includes/functions.php on line 6121
[07-May-2025 07:30:23 UTC] PHP Notice:  Function _load_textdomain_just_in_time was called <strong>incorrectly</strong>. Translation loading for the <code>kafkai</code> domain was triggered too early. This is usually an indicator for some code in the plugin or theme running too early. Translations should be loaded at the <code>init</code> action or later. Please see <a href="https://developer.wordpress.org/advanced-administration/debug/debug-wordpress/">Debugging in WordPress</a> for more information. (This message was added in version 6.7.0.) in /wordpress/wp-includes/functions.php on line 6121
[07-May-2025 07:30:33 UTC] PHP Fatal error:  Uncaught PDOException: SQLSTATE[HY000] [2002] Address family not supported by protocol in /wordpress/wp-content/plugins/kahanit-wp-fw/library/Zend/Db/Adapter/Pdo/Abstract.php:128
Stack trace:
#0 /wordpress/wp-content/plugins/kahanit-wp-fw/library/Zend/Db/Adapter/Pdo/Abstract.php(128): PDO->__construct('mysql:host=loca...', 'username_here', 'password_here', Array)
#1 /wordpress/wp-content/plugins/kahanit-wp-fw/library/Zend/Db/Adapter/Pdo/Mysql.php(109): Zend_Db_Adapter_Pdo_Abstract->_connect()
#2 /wordpress/wp-content/plugins/kahanit-wp-fw/library/Zend/Db/Adapter/Abstract.php(459): Zend_Db_Adapter_Pdo_Mysql->_connect()
#3 /wordpress/wp-content/plugins/kahanit-wp-fw/library/Zend/Db/Adapter/Pdo/Abstract.php(238): Zend_Db_Adapter_Abstract->query('\r\nCREATE TABLE ...', Array)
#4 /wordpress/wp-content/plugins/kahanit-wp-fw/kahanit-wp-fw.php(181): Zend_Db_Adapter_Pdo_Abstract->query('\r\nCREATE TABLE ...')
#5 /wordpress/wp-content/plugins/kahanit-wp-fw/kahanit-wp-fw.php(94): Kahanit_WP_FW_Admin->install()
#6 /wordpress/wp-content/plugins/kahanit-wp-fw/kahanit-wp-fw.php(217): Kahanit_WP_FW_Admin->__construct()
#7 /wordpress/wp-admin/includes/plugin.php(2387): include_once('/wordpress/wp-c...')
#8 /wordpress/wp-admin/includes/plugin.php(673): plugin_sandbox_scrape('kahanit-wp-fw/k...')
#9 /internal/eval.php(20): activate_plugin('kahanit-wp-fw/k...')
#10 {main}

Next Zend_Db_Adapter_Exception: SQLSTATE[HY000] [2002] Address family not supported by protocol in /wordpress/wp-content/plugins/kahanit-wp-fw/library/Zend/Db/Adapter/Pdo/Abstract.php:144
Stack trace:
#0 /wordpress/wp-content/plugins/kahanit-wp-fw/library/Zend/Db/Adapter/Pdo/Mysql.php(109): Zend_Db_Adapter_Pdo_Abstract->_connect()
#1 /wordpress/wp-content/plugins/kahanit-wp-fw/library/Zend/Db/Adapter/Abstract.php(459): Zend_Db_Adapter_Pdo_Mysql->_connect()
#2 /wordpress/wp-content/plugins/kahanit-wp-fw/library/Zend/Db/Adapter/Pdo/Abstract.php(238): Zend_Db_Adapter_Abstract->query('\r\nCREATE TABLE ...', Array)
#3 /wordpress/wp-content/plugins/kahanit-wp-fw/kahanit-wp-fw.php(181): Zend_Db_Adapter_Pdo_Abstract->query('\r\nCREATE TABLE ...')
#4 /wordpress/wp-content/plugins/kahanit-wp-fw/kahanit-wp-fw.php(94): Kahanit_WP_FW_Admin->install()
#5 /wordpress/wp-content/plugins/kahanit-wp-fw/kahanit-wp-fw.php(217): Kahanit_WP_FW_Admin->__construct()
#6 /wordpress/wp-admin/includes/plugin.php(2387): include_once('/wordpress/wp-c...')
#7 /wordpress/wp-admin/includes/plugin.php(673): plugin_sandbox_scrape('kahanit-wp-fw/k...')
#8 /internal/eval.php(20): activate_plugin('kahanit-wp-fw/k...')
#9 {main}
  thrown in /wordpress/wp-content/plugins/kahanit-wp-fw/library/Zend/Db/Adapter/Pdo/Abstract.php on line 144
[07-May-2025 07:30:42 UTC] PHP Fatal error:  Uncaught PDOException: SQLSTATE[HY000] [2002] Address family not supported by protocol in /wordpress/wp-content/plugins/kahanit-wp-fw/library/Zend/Db/Adapter/Pdo/Abstract.php:128
Stack trace:
#0 /wordpress/wp-content/plugins/kahanit-wp-fw/library/Zend/Db/Adapter/Pdo/Abstract.php(128): PDO->__construct('mysql:host=loca...', 'username_here', 'password_here', Array)
#1 /wordpress/wp-content/plugins/kahanit-wp-fw/library/Zend/Db/Adapter/Pdo/Mysql.php(109): Zend_Db_Adapter_Pdo_Abstract->_connect()
#2 /wordpress/wp-content/plugins/kahanit-wp-fw/library/Zend/Db/Adapter/Abstract.php(459): Zend_Db_Adapter_Pdo_Mysql->_connect()
#3 /wordpress/wp-content/plugins/kahanit-wp-fw/library/Zend/Db/Adapter/Pdo/Abstract.php(238): Zend_Db_Adapter_Abstract->query('\r\nCREATE TABLE ...', Array)
#4 /wordpress/wp-content/plugins/kahanit-wp-fw/kahanit-wp-fw.php(181): Zend_Db_Adapter_Pdo_Abstract->query('\r\nCREATE TABLE ...')
#5 /wordpress/wp-content/plugins/kahanit-wp-fw/kahanit-wp-fw.php(94): Kahanit_WP_FW_Admin->install()
#6 /wordpress/wp-content/plugins/kahanit-wp-fw/kahanit-wp-fw.php(217): Kahanit_WP_FW_Admin->__construct()
#7 /wordpress/wp-admin/includes/plugin.php(2387): include_once('/wordpress/wp-c...')
#8 /wordpress/wp-admin/includes/plugin.php(673): plugin_sandbox_scrape('kahanit-wp-fw/k...')
#9 /internal/eval.php(20): activate_plugin('kahanit-wp-fw/k...')
#10 {main}

Next Zend_Db_Adapter_Exception: SQLSTATE[HY000] [2002] Address family not supported by protocol in /wordpress/wp-content/plugins/kahanit-wp-fw/library/Zend/Db/Adapter/Pdo/Abstract.php:144
Stack trace:
#0 /wordpress/wp-content/plugins/kahanit-wp-fw/library/Zend/Db/Adapter/Pdo/Mysql.php(109): Zend_Db_Adapter_Pdo_Abstract->_connect()
#1 /wordpress/wp-content/plugins/kahanit-wp-fw/library/Zend/Db/Adapter/Abstract.php(459): Zend_Db_Adapter_Pdo_Mysql->_connect()
#2 /wordpress/wp-content/plugins/kahanit-wp-fw/library/Zend/Db/Adapter/Pdo/Abstract.php(238): Zend_Db_Adapter_Abstract->query('\r\nCREATE TABLE ...', Array)
#3 /wordpress/wp-content/plugins/kahanit-wp-fw/kahanit-wp-fw.php(181): Zend_Db_Adapter_Pdo_Abstract->query('\r\nCREATE TABLE ...')
#4 /wordpress/wp-content/plugins/kahanit-wp-fw/kahanit-wp-fw.php(94): Kahanit_WP_FW_Admin->install()
#5 /wordpress/wp-content/plugins/kahanit-wp-fw/kahanit-wp-fw.php(217): Kahanit_WP_FW_Admin->__construct()
#6 /wordpress/wp-admin/includes/plugin.php(2387): include_once('/wordpress/wp-c...')
#7 /wordpress/wp-admin/includes/plugin.php(673): plugin_sandbox_scrape('kahanit-wp-fw/k...')
#8 /internal/eval.php(20): activate_plugin('kahanit-wp-fw/k...')
#9 {main}
  thrown in /wordpress/wp-content/plugins/kahanit-wp-fw/library/Zend/Db/Adapter/Pdo/Abstract.php on line 144
[07-May-2025 07:30:53 UTC] PHP Fatal error:  Uncaught PDOException: SQLSTATE[HY000] [2002] Address family not supported by protocol in /wordpress/wp-content/plugins/kahanit-wp-fw/library/Zend/Db/Adapter/Pdo/Abstract.php:128
Stack trace:
#0 /wordpress/wp-content/plugins/kahanit-wp-fw/library/Zend/Db/Adapter/Pdo/Abstract.php(128): PDO->__construct('mysql:host=loca...', 'username_here', 'password_here', Array)
#1 /wordpress/wp-content/plugins/kahanit-wp-fw/library/Zend/Db/Adapter/Pdo/Mysql.php(109): Zend_Db_Adapter_Pdo_Abstract->_connect()
#2 /wordpress/wp-content/plugins/kahanit-wp-fw/library/Zend/Db/Adapter/Abstract.php(459): Zend_Db_Adapter_Pdo_Mysql->_connect()
#3 /wordpress/wp-content/plugins/kahanit-wp-fw/library/Zend/Db/Adapter/Pdo/Abstract.php(238): Zend_Db_Adapter_Abstract->query('\r\nCREATE TABLE ...', Array)
#4 /wordpress/wp-content/plugins/kahanit-wp-fw/kahanit-wp-fw.php(181): Zend_Db_Adapter_Pdo_Abstract->query('\r\nCREATE TABLE ...')
#5 /wordpress/wp-content/plugins/kahanit-wp-fw/kahanit-wp-fw.php(94): Kahanit_WP_FW_Admin->install()
#6 /wordpress/wp-content/plugins/kahanit-wp-fw/kahanit-wp-fw.php(217): Kahanit_WP_FW_Admin->__construct()
#7 /wordpress/wp-admin/includes/plugin.php(2387): include_once('/wordpress/wp-c...')
#8 /wordpress/wp-admin/includes/plugin.php(673): plugin_sandbox_scrape('kahanit-wp-fw/k...')
#9 /internal/eval.php(20): activate_plugin('kahanit-wp-fw/k...')
#10 {main}

Next Zend_Db_Adapter_Exception: SQLSTATE[HY000] [2002] Address family not supported by protocol in /wordpress/wp-content/plugins/kahanit-wp-fw/library/Zend/Db/Adapter/Pdo/Abstract.php:144
Stack trace:
#0 /wordpress/wp-content/plugins/kahanit-wp-fw/library/Zend/Db/Adapter/Pdo/Mysql.php(109): Zend_Db_Adapter_Pdo_Abstract->_connect()
#1 /wordpress/wp-content/plugins/kahanit-wp-fw/library/Zend/Db/Adapter/Abstract.php(459): Zend_Db_Adapter_Pdo_Mysql->_connect()
#2 /wordpress/wp-content/plugins/kahanit-wp-fw/library/Zend/Db/Adapter/Pdo/Abstract.php(238): Zend_Db_Adapter_Abstract->query('\r\nCREATE TABLE ...', Array)
#3 /wordpress/wp-content/plugins/kahanit-wp-fw/kahanit-wp-fw.php(181): Zend_Db_Adapter_Pdo_Abstract->query('\r\nCREATE TABLE ...')
#4 /wordpress/wp-content/plugins/kahanit-wp-fw/kahanit-wp-fw.php(94): Kahanit_WP_FW_Admin->install()
#5 /wordpress/wp-content/plugins/kahanit-wp-fw/kahanit-wp-fw.php(217): Kahanit_WP_FW_Admin->__construct()
#6 /wordpress/wp-admin/includes/plugin.php(2387): include_once('/wordpress/wp-c...')
#7 /wordpress/wp-admin/includes/plugin.php(673): plugin_sandbox_scrape('kahanit-wp-fw/k...')
#8 /internal/eval.php(20): activate_plugin('kahanit-wp-fw/k...')
#9 {main}
  thrown in /wordpress/wp-content/plugins/kahanit-wp-fw/library/Zend/Db/Adapter/Pdo/Abstract.php on line 144
[07-May-2025 07:31:29 UTC] PHP Deprecated:  Function register_sidebar_widget is <strong>deprecated</strong> since version 2.8.0! Use wp_register_sidebar_widget() instead. in /wordpress/wp-includes/functions.php on line 6121
[07-May-2025 07:31:37 UTC] PHP Deprecated:  Function register_sidebar_widget is <strong>deprecated</strong> since version 2.8.0! Use wp_register_sidebar_widget() instead. in /wordpress/wp-includes/functions.php on line 6121
[07-May-2025 07:31:46 UTC] PHP Deprecated:  Function register_sidebar_widget is <strong>deprecated</strong> since version 2.8.0! Use wp_register_sidebar_widget() instead. in /wordpress/wp-includes/functions.php on line 6121
[07-May-2025 07:31:55 UTC] PHP Warning:  Trying to access array offset on value of type bool in /wordpress/wp-content/plugins/kalimah-shortcodes/kalimah-shortcodes.php on line 88
[07-May-2025 07:31:55 UTC] PHP Warning:  Trying to access array offset on value of type null in /wordpress/wp-content/plugins/kalimah-shortcodes/kalimah-shortcodes.php on line 88
[07-May-2025 07:31:56 UTC] PHP Warning:  Trying to access array offset on value of type bool in /wordpress/wp-content/plugins/kalimah-shortcodes/kalimah-shortcodes.php on line 88
[07-May-2025 07:31:56 UTC] PHP Warning:  Trying to access array offset on value of type null in /wordpress/wp-content/plugins/kalimah-shortcodes/kalimah-shortcodes.php on line 88
[07-May-2025 07:32:06 UTC] PHP Warning:  Trying to access array offset on value of type bool in /wordpress/wp-content/plugins/kalimah-shortcodes/kalimah-shortcodes.php on line 88
[07-May-2025 07:32:06 UTC] PHP Warning:  Trying to access array offset on value of type null in /wordpress/wp-content/plugins/kalimah-shortcodes/kalimah-shortcodes.php on line 88
[07-May-2025 07:32:07 UTC] PHP Warning:  Trying to access array offset on value of type bool in /wordpress/wp-content/plugins/kalimah-shortcodes/kalimah-shortcodes.php on line 88
[07-May-2025 07:32:07 UTC] PHP Warning:  Trying to access array offset on value of type null in /wordpress/wp-content/plugins/kalimah-shortcodes/kalimah-shortcodes.php on line 88
[07-May-2025 07:32:16 UTC] PHP Warning:  Trying to access array offset on value of type bool in /wordpress/wp-content/plugins/kalimah-shortcodes/kalimah-shortcodes.php on line 88
[07-May-2025 07:32:16 UTC] PHP Warning:  Trying to access array offset on value of type null in /wordpress/wp-content/plugins/kalimah-shortcodes/kalimah-shortcodes.php on line 88
[07-May-2025 07:32:17 UTC] PHP Warning:  Trying to access array offset on value of type bool in /wordpress/wp-content/plugins/kalimah-shortcodes/kalimah-shortcodes.php on line 88
[07-May-2025 07:32:17 UTC] PHP Warning:  Trying to access array offset on value of type null in /wordpress/wp-content/plugins/kalimah-shortcodes/kalimah-shortcodes.php on line 88

    at Object.onBind (file:///home/runner/work/playground-tester/playground-tester/node_modules/@wp-playground/cli/index.js:237:15)
    at process.processTicksAndRejections (node:internal/process/task_queues:105:5)
    at async V (file:///home/runner/work/playground-tester/playground-tester/node_modules/@wp-playground/cli/index.js:64:10)
    at async ja (file:///home/runner/work/playground-tester/playground-tester/node_modules/@wp-playground/cli/cli.js:8161:12) {
  [cause]: Error: Error when executing the blueprint step #5 ({"step":"installPlugin","pluginData":{"resource":"wordpress.org/plugins","slug":"kaltura-wordpress-plugin"},"options":{"activate":true}}) : Could not download "https://downloads.wordpress.org/plugin/kaltura-wordpress-plugin.latest-stable.zip".
  				Check if the URL is correct and the server is reachable.
  				If it is reachable, the server might be blocking the request.
  				Check the browser console and network tabs for more information.
  
  				## Does the console show the error "No 'Access-Control-Allow-Origin' header"?
  
  				This means the server that hosts your file does not allow requests from other sites
  				(cross-origin requests, or CORS).	You need to move the asset to a server that allows
  				cross-origin file downloads. Learn more about CORS at
  				https://developer.mozilla.org/en-US/docs/Web/HTTP/CORS.
  
  				If your file is on GitHub, load it from "raw.githubusercontent.com".
  				Here's how to do that:
  
  				1. Start with the original GitHub URL of the file. For example:
  				https://github.com/username/repository/blob/branch/filename.
  				2. Replace "github.com" with "raw.githubusercontent.com".
  				3. Remove the "/blob/" part of the URL.
  
  				The resulting URL should look like this:
  				https://raw.githubusercontent.com/username/repository/branch/filename
  
  				Error:
  				Error: Could not download "https://downloads.wordpress.org/plugin/kaltura-wordpress-plugin.latest-stable.zip"
      at Object.run (file:///home/runner/work/playground-tester/playground-tester/node_modules/@wp-playground/blueprints/index.js:12449:19)
      at process.processTicksAndRejections (node:internal/process/task_queues:105:5)
      at async ms (file:///home/runner/work/playground-tester/playground-tester/node_modules/@wp-playground/blueprints/index.js:12552:3)
      at async Object.onBind (file:///home/runner/work/playground-tester/playground-tester/node_modules/@wp-playground/cli/index.js:227:48)
      at async V (file:///home/runner/work/playground-tester/playground-tester/node_modules/@wp-playground/cli/index.js:64:10)
      at async ja (file:///home/runner/work/playground-tester/playground-tester/node_modules/@wp-playground/cli/cli.js:8161:12) {
    [cause]: Error: Could not download "https://downloads.wordpress.org/plugin/kaltura-wordpress-plugin.latest-stable.zip".
    				Check if the URL is correct and the server is reachable.
    				If it is reachable, the server might be blocking the request.
    				Check the browser console and network tabs for more information.
    
    				## Does the console show the error "No 'Access-Control-Allow-Origin' header"?
    
    				This means the server that hosts your file does not allow requests from other sites
    				(cross-origin requests, or CORS).	You need to move the asset to a server that allows
    				cross-origin file downloads. Learn more about CORS at
    				https://developer.mozilla.org/en-US/docs/Web/HTTP/CORS.
    
    				If your file is on GitHub, load it from "raw.githubusercontent.com".
    				Here's how to do that:
    
    				1. Start with the original GitHub URL of the file. For example:
    				https://github.com/username/repository/blob/branch/filename.
    				2. Replace "github.com" with "raw.githubusercontent.com".
    				3. Remove the "/blob/" part of the URL.
    
    				The resulting URL should look like this:
    				https://raw.githubusercontent.com/username/repository/branch/filename
    
    				Error:
    				Error: Could not download "https://downloads.wordpress.org/plugin/kaltura-wordpress-plugin.latest-stable.zip"
        at Ct.resolve (file:///home/runner/work/playground-tester/playground-tester/node_modules/@wp-playground/blueprints/index.js:1472:13)
        at process.processTicksAndRejections (node:internal/process/task_queues:105:5)
        at async _.run (file:///home/runner/work/playground-tester/playground-tester/node_modules/@php-wasm/util/index.js:45:14)
  }
}

Node.js v23.11.0
