[
{"message":"file:///home/runner/work/playground-tester/playground-tester/node_modules/@wp-playground/cli/index.js:237\n        throw new Error(y, { cause: u });\n              ^\n","level":"FATAL","type":"PLAYGROUND","test":"jspi-boot","plugin":"alex-wordpress-size","details":"file:///home/runner/work/playground-tester/playground-tester/node_modules/@wp-playground/cli/index.js:237\n        throw new Error(y, { cause: u });\n              ^\n","log":"/tmp/tmp.DqpES55neg"}
,
{"message":"Function _load_textdomain_just_in_time was called <strong>incorrectly</strong>. Translation loading for the <code>bwp-minify</code> domain was triggered too early. This is usually an indicator for some code in the plugin or theme running too early. Translations should be loaded at the <code>init</code> action or later. Please see <a href=\"https://developer.wordpress.org/advanced-administration/debug/debug-wordpress/\">Debugging in WordPress</a> for more information. (This message was added in version 6.7.0.) in /wordpress/wp-includes/functions.php on line 6121","level":"NOTICE","type":"PHP","test":"jspi-boot","plugin":"alex-wordpress-size","details":"[15-May-2025 05:27:47 UTC] PHP Notice:  Function _load_textdomain_just_in_time was called <strong>incorrectly</strong>. Translation loading for the <code>bwp-minify</code> domain was triggered too early. This is usually an indicator for some code in the plugin or theme running too early. Translations should be loaded at the <code>init</code> action or later. Please see <a href=\"https://developer.wordpress.org/advanced-administration/debug/debug-wordpress/\">Debugging in WordPress</a> for more information. (This message was added in version 6.7.0.) in /wordpress/wp-includes/functions.php on line 6121","log":"/logs/plugins/a/alex-wordpress-size/error.json"}
,
{"message":"Undefined array key \"DOCUMENT_ROOT\" in /wordpress/wp-content/plugins/bwp-minify/includes/class-bwp-minify.php on line 609","level":"WARNING","type":"PHP","test":"jspi-boot","plugin":"alex-wordpress-size","details":"[15-May-2025 05:27:47 UTC] PHP Warning:  Undefined array key \"DOCUMENT_ROOT\" in /wordpress/wp-content/plugins/bwp-minify/includes/class-bwp-minify.php on line 609","log":"/logs/plugins/a/alex-wordpress-size/error.json"}
,
{"message":"Function _load_textdomain_just_in_time was called <strong>incorrectly</strong>. Translation loading for the <code>bwp-minify</code> domain was triggered too early. This is usually an indicator for some code in the plugin or theme running too early. Translations should be loaded at the <code>init</code> action or later. Please see <a href=\"https://developer.wordpress.org/advanced-administration/debug/debug-wordpress/\">Debugging in WordPress</a> for more information. (This message was added in version 6.7.0.) in /wordpress/wp-includes/functions.php on line 6121","level":"NOTICE","type":"PHP","test":"jspi-boot","plugin":"alex-wordpress-size","details":"[15-May-2025 05:27:57 UTC] PHP Notice:  Function _load_textdomain_just_in_time was called <strong>incorrectly</strong>. Translation loading for the <code>bwp-minify</code> domain was triggered too early. This is usually an indicator for some code in the plugin or theme running too early. Translations should be loaded at the <code>init</code> action or later. Please see <a href=\"https://developer.wordpress.org/advanced-administration/debug/debug-wordpress/\">Debugging in WordPress</a> for more information. (This message was added in version 6.7.0.) in /wordpress/wp-includes/functions.php on line 6121","log":"/logs/plugins/a/alex-wordpress-size/error.json"}
,
{"message":"Undefined array key \"DOCUMENT_ROOT\" in /wordpress/wp-content/plugins/bwp-minify/includes/class-bwp-minify.php on line 609","level":"WARNING","type":"PHP","test":"jspi-boot","plugin":"alex-wordpress-size","details":"[15-May-2025 05:27:57 UTC] PHP Warning:  Undefined array key \"DOCUMENT_ROOT\" in /wordpress/wp-content/plugins/bwp-minify/includes/class-bwp-minify.php on line 609","log":"/logs/plugins/a/alex-wordpress-size/error.json"}
,
{"message":"Function _load_textdomain_just_in_time was called <strong>incorrectly</strong>. Translation loading for the <code>bwp-minify</code> domain was triggered too early. This is usually an indicator for some code in the plugin or theme running too early. Translations should be loaded at the <code>init</code> action or later. Please see <a href=\"https://developer.wordpress.org/advanced-administration/debug/debug-wordpress/\">Debugging in WordPress</a> for more information. (This message was added in version 6.7.0.) in /wordpress/wp-includes/functions.php on line 6121","level":"NOTICE","type":"PHP","test":"jspi-boot","plugin":"alex-wordpress-size","details":"[15-May-2025 05:28:07 UTC] PHP Notice:  Function _load_textdomain_just_in_time was called <strong>incorrectly</strong>. Translation loading for the <code>bwp-minify</code> domain was triggered too early. This is usually an indicator for some code in the plugin or theme running too early. Translations should be loaded at the <code>init</code> action or later. Please see <a href=\"https://developer.wordpress.org/advanced-administration/debug/debug-wordpress/\">Debugging in WordPress</a> for more information. (This message was added in version 6.7.0.) in /wordpress/wp-includes/functions.php on line 6121","log":"/logs/plugins/a/alex-wordpress-size/error.json"}
,
{"message":"Undefined array key \"DOCUMENT_ROOT\" in /wordpress/wp-content/plugins/bwp-minify/includes/class-bwp-minify.php on line 609","level":"WARNING","type":"PHP","test":"jspi-boot","plugin":"alex-wordpress-size","details":"[15-May-2025 05:28:07 UTC] PHP Warning:  Undefined array key \"DOCUMENT_ROOT\" in /wordpress/wp-content/plugins/bwp-minify/includes/class-bwp-minify.php on line 609","log":"/logs/plugins/a/alex-wordpress-size/error.json"}
,
{"message":"Required parameter $sc_name follows optional parameter $content in /wordpress/wp-content/plugins/adl-team/includes/classes/ADL_team_shortcode.php on line 12","level":"DEPRECATED","type":"PHP","test":"jspi-boot","plugin":"alex-wordpress-size","details":"[15-May-2025 05:31:45 UTC] PHP Deprecated:  Required parameter $sc_name follows optional parameter $content in /wordpress/wp-content/plugins/adl-team/includes/classes/ADL_team_shortcode.php on line 12","log":"/logs/plugins/a/alex-wordpress-size/error.json"}
,
{"message":"Required parameter $sc_name follows optional parameter $content in /wordpress/wp-content/plugins/adl-team/includes/classes/ADL_team_shortcode.php on line 12","level":"DEPRECATED","type":"PHP","test":"jspi-boot","plugin":"alex-wordpress-size","details":"[15-May-2025 05:31:47 UTC] PHP Deprecated:  Required parameter $sc_name follows optional parameter $content in /wordpress/wp-content/plugins/adl-team/includes/classes/ADL_team_shortcode.php on line 12","log":"/logs/plugins/a/alex-wordpress-size/error.json"}
,
{"message":"Required parameter $sc_name follows optional parameter $content in /wordpress/wp-content/plugins/adl-team/includes/classes/ADL_team_shortcode.php on line 12","level":"DEPRECATED","type":"PHP","test":"jspi-boot","plugin":"alex-wordpress-size","details":"[15-May-2025 05:31:55 UTC] PHP Deprecated:  Required parameter $sc_name follows optional parameter $content in /wordpress/wp-content/plugins/adl-team/includes/classes/ADL_team_shortcode.php on line 12","log":"/logs/plugins/a/alex-wordpress-size/error.json"}
,
{"message":"Required parameter $sc_name follows optional parameter $content in /wordpress/wp-content/plugins/adl-team/includes/classes/ADL_team_shortcode.php on line 12","level":"DEPRECATED","type":"PHP","test":"jspi-boot","plugin":"alex-wordpress-size","details":"[15-May-2025 05:31:56 UTC] PHP Deprecated:  Required parameter $sc_name follows optional parameter $content in /wordpress/wp-content/plugins/adl-team/includes/classes/ADL_team_shortcode.php on line 12","log":"/logs/plugins/a/alex-wordpress-size/error.json"}
,
{"message":"Required parameter $sc_name follows optional parameter $content in /wordpress/wp-content/plugins/adl-team/includes/classes/ADL_team_shortcode.php on line 12","level":"DEPRECATED","type":"PHP","test":"jspi-boot","plugin":"alex-wordpress-size","details":"[15-May-2025 05:32:04 UTC] PHP Deprecated:  Required parameter $sc_name follows optional parameter $content in /wordpress/wp-content/plugins/adl-team/includes/classes/ADL_team_shortcode.php on line 12","log":"/logs/plugins/a/alex-wordpress-size/error.json"}
,
{"message":"Required parameter $sc_name follows optional parameter $content in /wordpress/wp-content/plugins/adl-team/includes/classes/ADL_team_shortcode.php on line 12","level":"DEPRECATED","type":"PHP","test":"jspi-boot","plugin":"alex-wordpress-size","details":"[15-May-2025 05:32:05 UTC] PHP Deprecated:  Required parameter $sc_name follows optional parameter $content in /wordpress/wp-content/plugins/adl-team/includes/classes/ADL_team_shortcode.php on line 12","log":"/logs/plugins/a/alex-wordpress-size/error.json"}
,
{"message":"Uncaught Exception: ошибка в запросе: INSERT INTO `wp_asc_log` (`time`, `error`, `success`, `info`, `supplier_id`) VALUES ('2025-05-15 05:34:30', 'ошибка в запросе: CREATE TABLE IF NOT EXISTS `wp_asc_currencies` (\r","level":"FATAL","type":"PHP","test":"jspi-boot","plugin":"alex-wordpress-size","details":"[15-May-2025 05:34:30 UTC] PHP Fatal error:  Uncaught Exception: ошибка в запросе: INSERT INTO `wp_asc_log` (`time`, `error`, `success`, `info`, `supplier_id`) VALUES ('2025-05-15 05:34:30', 'ошибка в запросе: CREATE TABLE IF NOT EXISTS `wp_asc_currencies` (\r\n  \t\t\t\t`supplier_id` int(10) UNSIGNED NOT NULL,\r\n  \t\t\t\t`name` varchar(3) COLLATE utf8mb4_unicode_ci NOT NULL,\r\n  \t\t\t\t`rate` float NOT NULL,\r\n  \t\t\t\tUNIQUE KEY `supplier_id` (`supplier_id`,`name`),\r\n  \t\t\t\tCONSTRAINT `wp_asc_currencies_ibfk_1` FOREIGN KEY (`supplier_id`) REFERENCES `wp_asc_suppliers` (`supplier_id`) ON DELETE CASCADE                                             \r\n\t\t\t) ENGINE=InnoDB DEFAULT CHARSET=utf8mb4 COLLATE=utf8mb4_unicode_ci;', '', '', NULL) in /wordpress/wp-content/plugins/advanced-store-control-for-woocommerce/traits/model.php:63\nStack trace:\n#0 /wordpress/wp-content/plugins/advanced-store-control-for-woocommerce/models/log.php(39): ASC\\Models\\Model_Log->query('INSERT INTO `wp...')\n#1 /wordpress/wp-content/plugins/advanced-store-control-for-woocommerce/controllers/log.php(84): ASC\\Models\\Model_Log->create('2025-05-15 05:3...', 'NULL', Array)\n#2 /wordpress/wp-content/plugins/advanced-store-control-for-woocommerce/controllers/log.php(126): ASC\\Controllers\\Controller_Log->save(Array)\n#3 /wordpress/wp-content/plugins/advanced-store-control-for-woocommerce/controllers/log.php(105): ASC\\Controllers\\Controller_Log->set_error('\\xD0\\xBE\\xD1\\x88\\xD0\\xB8\\xD0\\xB1\\xD0\\xBA\\xD0\\xB0 \\xD0\\xB2...')\n#4 [internal function]: ASC\\Controllers\\Controller_Log::exception(Object(Exception))\n#5 {main}\n  thrown in /wordpress/wp-content/plugins/advanced-store-control-for-woocommerce/traits/model.php on line 63","log":"/logs/plugins/a/alex-wordpress-size/error.json"}
,
{"message":"SQLSTATE[23000]: Integrity constraint violation: 19 NOT NULL constraint failed: _mysql_data_types_cache.mysql_type.","level":"FATAL","type":"SQL","test":"jspi-boot","plugin":"alex-wordpress-size","details":"[15-May-2025 05:34:37 UTC] WordPress database error <div style=\"clear:both\">&nbsp;</div>\n<div class=\"queries\" style=\"clear:both;margin-bottom:2px;border:red dotted thin;\">\n<p>MySQL query:</p>\n<p>CREATE TABLE IF NOT EXISTS `wp_asc_currencies` (\r\n  \t\t\t\t`supplier_id` int(10) UNSIGNED NOT NULL,\r\n  \t\t\t\t`name` varchar(3) COLLATE utf8mb4_unicode_ci NOT NULL,\r\n  \t\t\t\t`rate` float NOT NULL,\r\n  \t\t\t\tUNIQUE KEY `supplier_id` (`supplier_id`,`name`),\r\n  \t\t\t\tCONSTRAINT `wp_asc_currencies_ibfk_1` FOREIGN KEY (`supplier_id`) REFERENCES `wp_asc_suppliers` (`supplier_id`) ON DELETE CASCADE                                             \r\n\t\t\t) ENGINE=InnoDB DEFAULT CHARSET=utf8mb4 COLLATE=utf8mb4_unicode_ci;</p>\n<p>Queries made or created this session were:</p>\n<ol>\n<li>Executing: BEGIN | (no parameters)</li>\n<li>Executing: INSERT INTO _mysql_data_types_cache (`table`, `column_or_index`, `mysql_type`)\n\t\t\t\tVALUES (:table, :column, :datatype)\n\t\t\t\tON CONFLICT(`table`, `column_or_index`) DO UPDATE SET `mysql_type` = :datatype\n\t\t\t | parameters: wp_asc_currencies, supplier_id, int(10) UNSIGNED</li>\n<li>Executing: INSERT INTO _mysql_data_types_cache (`table`, `column_or_index`, `mysql_type`)\n\t\t\t\tVALUES (:table, :column, :datatype)\n\t\t\t\tON CONFLICT(`table`, `column_or_index`) DO UPDATE SET `mysql_type` = :datatype\n\t\t\t | parameters: wp_asc_currencies, name, varchar(3)</li>\n<li>Executing: INSERT INTO _mysql_data_types_cache (`table`, `column_or_index`, `mysql_type`)\n\t\t\t\tVALUES (:table, :column, :datatype)\n\t\t\t\tON CONFLICT(`table`, `column_or_index`) DO UPDATE SET `mysql_type` = :datatype\n\t\t\t | parameters: wp_asc_currencies, rate, float</li>\n<li>Executing: CREATE TABLE IF NOT EXISTS &quot;wp_asc_currencies&quot; (\n&quot;supplier_id&quot; integer NOT NULL ON CONFLICT REPLACE DEFAULT 0,\n&quot;name&quot; text NOT NULL ON CONFLICT REPLACE DEFAULT '' COLLATE NOCASE,\n&quot;rate&quot; real NOT NULL ON CONFLICT REPLACE DEFAULT 0) | (no parameters)</li>\n<li>Executing: CREATE UNIQUE  INDEX IF NOT EXISTS &quot;wp_asc_currencies__supplier_id&quot; ON &quot;wp_asc_currencies&quot; (&quot;supplier_id&quot;, &quot;name&quot;) | (no parameters)</li>\n<li>Executing: INSERT INTO _mysql_data_types_cache (`table`, `column_or_index`, `mysql_type`)\n\t\t\t\tVALUES (:table, :column, :datatype)\n\t\t\t\tON CONFLICT(`table`, `column_or_index`) DO UPDATE SET `mysql_type` = :datatype\n\t\t\t | parameters: wp_asc_currencies, wp_asc_currencies__supplier_id, UNIQUE</li>\n<li>Executing: CREATE  INDEX IF NOT EXISTS &quot;wp_asc_currencies__&quot; ON &quot;wp_asc_currencies&quot; (&quot;&quot;) | (no parameters)</li>\n<li>Executing: INSERT INTO _mysql_data_types_cache (`table`, `column_or_index`, `mysql_type`)\n\t\t\t\tVALUES (:table, :column, :datatype)\n\t\t\t\tON CONFLICT(`table`, `column_or_index`) DO UPDATE SET `mysql_type` = :datatype\n\t\t\t | parameters: wp_asc_currencies, wp_asc_currencies__, </li>\n<li>Executing: ROLLBACK | (no parameters)</li>\n</ol>\n</div>\n<div style=\"clear:both;margin-bottom:2px;border:red dotted thin;\" class=\"error_message\" style=\"border-bottom:dotted blue thin;\">\nError occurred at line 4117 in Function <code>handle_error</code>. Error message was: SQLSTATE[23000]: Integrity constraint violation: 19 NOT NULL constraint failed: _mysql_data_types_cache.mysql_type.\n</div>\n<p>Backtrace:</p>\n<pre>#0 /internal/shared/sqlite-database-integration/wp-includes/sqlite/class-wp-sqlite-db.php(287): WP_SQLite_Translator->get_error_message()\n#1 /wordpress/wp-content/plugins/advanced-store-control-for-woocommerce/traits/model.php(57): WP_SQLite_DB->query('CREATE TABLE IF...')\n#2 /wordpress/wp-content/plugins/advanced-store-control-for-woocommerce/models/tables.php(96): ASC\\Models\\Model_Tables->query('CREATE TABLE IF...')\n#3 /wordpress/wp-content/plugins/advanced-store-control-for-woocommerce/controllers/hooks.php(52): ASC\\Models\\Model_Tables->create()\n#4 /wordpress/wp-includes/class-wp-hook.php(324): ASC\\Controllers\\Controller_Hooks->activate(false)\n#5 /wordpress/wp-includes/class-wp-hook.php(348): WP_Hook->apply_filters('', Array)\n#6 /wordpress/wp-includes/plugin.php(517): WP_Hook->do_action(Array)\n#7 /wordpress/wp-admin/includes/plugin.php(703): do_action('activate_advanc...', false)\n#8 /internal/eval.php(20): activate_plugin('advanced-store-...')\n#9 {main}</pre>\n for query CREATE TABLE IF NOT EXISTS `wp_asc_currencies` (\r\n  \t\t\t\t`supplier_id` int(10) UNSIGNED NOT NULL,\r\n  \t\t\t\t`name` varchar(3) COLLATE utf8mb4_unicode_ci NOT NULL,\r\n  \t\t\t\t`rate` float NOT NULL,\r\n  \t\t\t\tUNIQUE KEY `supplier_id` (`supplier_id`,`name`),\r\n  \t\t\t\tCONSTRAINT `wp_asc_currencies_ibfk_1` FOREIGN KEY (`supplier_id`) REFERENCES `wp_asc_suppliers` (`supplier_id`) ON DELETE CASCADE                                             \r\n\t\t\t) ENGINE=InnoDB DEFAULT CHARSET=utf8mb4 COLLATE=utf8mb4_unicode_ci; made by activate_plugin, do_action('activate_advanced-store-control-for-woocommerce/advanced-store-control.php'), WP_Hook->do_action, WP_Hook->apply_filters, ASC\\Controllers\\Controller_Hooks->activate, ASC\\Models\\Model_Tables->create, ASC\\Models\\Model_Tables->query, WP_SQLite_DB->query, WP_SQLite_DB->print_error","log":"/logs/plugins/a/alex-wordpress-size/error.json"}
,
{"message":"SQLSTATE[HY000]: General error: 1 no such table: wp_asc_log.","level":"FATAL","type":"SQL","test":"jspi-boot","plugin":"alex-wordpress-size","details":"[15-May-2025 05:34:37 UTC] WordPress database error <div style=\"clear:both\">&nbsp;</div>\n<div class=\"queries\" style=\"clear:both;margin-bottom:2px;border:red dotted thin;\">\n<p>MySQL query:</p>\n<p>INSERT INTO `wp_asc_log` (`time`, `error`, `success`, `info`, `supplier_id`) VALUES ('2025-05-15 05:34:37', 'ошибка в запросе: CREATE TABLE IF NOT EXISTS `wp_asc_currencies` (\r\n  \t\t\t\t`supplier_id` int(10) UNSIGNED NOT NULL,\r\n  \t\t\t\t`name` varchar(3) COLLATE utf8mb4_unicode_ci NOT NULL,\r\n  \t\t\t\t`rate` float NOT NULL,\r\n  \t\t\t\tUNIQUE KEY `supplier_id` (`supplier_id`,`name`),\r\n  \t\t\t\tCONSTRAINT `wp_asc_currencies_ibfk_1` FOREIGN KEY (`supplier_id`) REFERENCES `wp_asc_suppliers` (`supplier_id`) ON DELETE CASCADE                                             \r\n\t\t\t) ENGINE=InnoDB DEFAULT CHARSET=utf8mb4 COLLATE=utf8mb4_unicode_ci;', '', '', NULL)</p>\n<p>Queries made or created this session were:</p>\n<ol>\n<li>Executing: BEGIN | (no parameters)</li>\n<li>Executing: INSERT INTO `wp_asc_log` (`time`, `error`, `success`, `info`, `supplier_id`) VALUES (:param0 , :param1 , :param2 , :param3 , NULL) | parameters: 2025-05-15 05:34:37, ошибка в запросе: CREATE TABLE IF NOT EXISTS `wp_asc_currencies` (\r\n  \t\t\t\t`supplier_id` int(10) UNSIGNED NOT NULL,\r\n  \t\t\t\t`name` varchar(3) COLLATE utf8mb4_unicode_ci NOT NULL,\r\n  \t\t\t\t`rate` float NOT NULL,\r\n  \t\t\t\tUNIQUE KEY `supplier_id` (`supplier_id`,`name`),\r\n  \t\t\t\tCONSTRAINT `wp_asc_currencies_ibfk_1` FOREIGN KEY (`supplier_id`) REFERENCES `wp_asc_suppliers` (`supplier_id`) ON DELETE CASCADE                                             \r\n\t\t\t) ENGINE=InnoDB DEFAULT CHARSET=utf8mb4 COLLATE=utf8mb4_unicode_ci;, , </li>\n<li>Executing: ROLLBACK | (no parameters)</li>\n</ol>\n</div>\n<div style=\"clear:both;margin-bottom:2px;border:red dotted thin;\" class=\"error_message\" style=\"border-bottom:dotted blue thin;\">\nError occurred at line 4117 in Function <code>handle_error</code>. Error message was: SQLSTATE[HY000]: General error: 1 no such table: wp_asc_log.\n</div>\n<p>Backtrace:</p>\n<pre>#0 /internal/shared/sqlite-database-integration/wp-includes/sqlite/class-wp-sqlite-db.php(287): WP_SQLite_Translator->get_error_message()\n#1 /wordpress/wp-content/plugins/advanced-store-control-for-woocommerce/traits/model.php(57): WP_SQLite_DB->query('INSERT INTO `wp...')\n#2 /wordpress/wp-content/plugins/advanced-store-control-for-woocommerce/models/log.php(39): ASC\\Models\\Model_Log->query('INSERT INTO `wp...')\n#3 /wordpress/wp-content/plugins/advanced-store-control-for-woocommerce/controllers/log.php(84): ASC\\Models\\Model_Log->create('2025-05-15 05:3...', 'NULL', Array)\n#4 /wordpress/wp-content/plugins/advanced-store-control-for-woocommerce/controllers/log.php(126): ASC\\Controllers\\Controller_Log->save(Array)\n#5 /wordpress/wp-content/plugins/advanced-store-control-for-woocommerce/controllers/log.php(105): ASC\\Controllers\\Controller_Log->set_error('\\xD0\\xBE\\xD1\\x88\\xD0\\xB8\\xD0\\xB1\\xD0\\xBA\\xD0\\xB0 \\xD0\\xB2...')\n#6 [internal function]: ASC\\Controllers\\Controller_Log::exception(Object(Exception))\n#7 {main}</pre>\n for query INSERT INTO `wp_asc_log` (`time`, `error`, `success`, `info`, `supplier_id`) VALUES ('2025-05-15 05:34:37', 'ошибка в запросе: CREATE TABLE IF NOT EXISTS `wp_asc_currencies` (\r\n  \t\t\t\t`supplier_id` int(10) UNSIGNED NOT NULL,\r\n  \t\t\t\t`name` varchar(3) COLLATE utf8mb4_unicode_ci NOT NULL,\r\n  \t\t\t\t`rate` float NOT NULL,\r\n  \t\t\t\tUNIQUE KEY `supplier_id` (`supplier_id`,`name`),\r\n  \t\t\t\tCONSTRAINT `wp_asc_currencies_ibfk_1` FOREIGN KEY (`supplier_id`) REFERENCES `wp_asc_suppliers` (`supplier_id`) ON DELETE CASCADE                                             \r\n\t\t\t) ENGINE=InnoDB DEFAULT CHARSET=utf8mb4 COLLATE=utf8mb4_unicode_ci;', '', '', NULL) made by ASC\\Controllers\\Controller_Log::exception, ASC\\Controllers\\Controller_Log->set_error, ASC\\Controllers\\Controller_Log->save, ASC\\Models\\Model_Log->create, ASC\\Models\\Model_Log->query, WP_SQLite_DB->query, WP_SQLite_DB->print_error","log":"/logs/plugins/a/alex-wordpress-size/error.json"}
,
{"message":"Uncaught Exception: ошибка в запросе: INSERT INTO `wp_asc_log` (`time`, `error`, `success`, `info`, `supplier_id`) VALUES ('2025-05-15 05:34:37', 'ошибка в запросе: CREATE TABLE IF NOT EXISTS `wp_asc_currencies` (\r","level":"FATAL","type":"PHP","test":"jspi-boot","plugin":"alex-wordpress-size","details":"[15-May-2025 05:34:37 UTC] PHP Fatal error:  Uncaught Exception: ошибка в запросе: INSERT INTO `wp_asc_log` (`time`, `error`, `success`, `info`, `supplier_id`) VALUES ('2025-05-15 05:34:37', 'ошибка в запросе: CREATE TABLE IF NOT EXISTS `wp_asc_currencies` (\r\n  \t\t\t\t`supplier_id` int(10) UNSIGNED NOT NULL,\r\n  \t\t\t\t`name` varchar(3) COLLATE utf8mb4_unicode_ci NOT NULL,\r\n  \t\t\t\t`rate` float NOT NULL,\r\n  \t\t\t\tUNIQUE KEY `supplier_id` (`supplier_id`,`name`),\r\n  \t\t\t\tCONSTRAINT `wp_asc_currencies_ibfk_1` FOREIGN KEY (`supplier_id`) REFERENCES `wp_asc_suppliers` (`supplier_id`) ON DELETE CASCADE                                             \r\n\t\t\t) ENGINE=InnoDB DEFAULT CHARSET=utf8mb4 COLLATE=utf8mb4_unicode_ci;', '', '', NULL) in /wordpress/wp-content/plugins/advanced-store-control-for-woocommerce/traits/model.php:63\nStack trace:\n#0 /wordpress/wp-content/plugins/advanced-store-control-for-woocommerce/models/log.php(39): ASC\\Models\\Model_Log->query('INSERT INTO `wp...')\n#1 /wordpress/wp-content/plugins/advanced-store-control-for-woocommerce/controllers/log.php(84): ASC\\Models\\Model_Log->create('2025-05-15 05:3...', 'NULL', Array)\n#2 /wordpress/wp-content/plugins/advanced-store-control-for-woocommerce/controllers/log.php(126): ASC\\Controllers\\Controller_Log->save(Array)\n#3 /wordpress/wp-content/plugins/advanced-store-control-for-woocommerce/controllers/log.php(105): ASC\\Controllers\\Controller_Log->set_error('\\xD0\\xBE\\xD1\\x88\\xD0\\xB8\\xD0\\xB1\\xD0\\xBA\\xD0\\xB0 \\xD0\\xB2...')\n#4 [internal function]: ASC\\Controllers\\Controller_Log::exception(Object(Exception))\n#5 {main}\n  thrown in /wordpress/wp-content/plugins/advanced-store-control-for-woocommerce/traits/model.php on line 63","log":"/logs/plugins/a/alex-wordpress-size/error.json"}
,
{"message":"SQLSTATE[23000]: Integrity constraint violation: 19 NOT NULL constraint failed: _mysql_data_types_cache.mysql_type.","level":"FATAL","type":"SQL","test":"jspi-boot","plugin":"alex-wordpress-size","details":"[15-May-2025 05:34:45 UTC] WordPress database error <div style=\"clear:both\">&nbsp;</div>\n<div class=\"queries\" style=\"clear:both;margin-bottom:2px;border:red dotted thin;\">\n<p>MySQL query:</p>\n<p>CREATE TABLE IF NOT EXISTS `wp_asc_currencies` (\r\n  \t\t\t\t`supplier_id` int(10) UNSIGNED NOT NULL,\r\n  \t\t\t\t`name` varchar(3) COLLATE utf8mb4_unicode_ci NOT NULL,\r\n  \t\t\t\t`rate` float NOT NULL,\r\n  \t\t\t\tUNIQUE KEY `supplier_id` (`supplier_id`,`name`),\r\n  \t\t\t\tCONSTRAINT `wp_asc_currencies_ibfk_1` FOREIGN KEY (`supplier_id`) REFERENCES `wp_asc_suppliers` (`supplier_id`) ON DELETE CASCADE                                             \r\n\t\t\t) ENGINE=InnoDB DEFAULT CHARSET=utf8mb4 COLLATE=utf8mb4_unicode_ci;</p>\n<p>Queries made or created this session were:</p>\n<ol>\n<li>Executing: BEGIN | (no parameters)</li>\n<li>Executing: INSERT INTO _mysql_data_types_cache (`table`, `column_or_index`, `mysql_type`)\n\t\t\t\tVALUES (:table, :column, :datatype)\n\t\t\t\tON CONFLICT(`table`, `column_or_index`) DO UPDATE SET `mysql_type` = :datatype\n\t\t\t | parameters: wp_asc_currencies, supplier_id, int(10) UNSIGNED</li>\n<li>Executing: INSERT INTO _mysql_data_types_cache (`table`, `column_or_index`, `mysql_type`)\n\t\t\t\tVALUES (:table, :column, :datatype)\n\t\t\t\tON CONFLICT(`table`, `column_or_index`) DO UPDATE SET `mysql_type` = :datatype\n\t\t\t | parameters: wp_asc_currencies, name, varchar(3)</li>\n<li>Executing: INSERT INTO _mysql_data_types_cache (`table`, `column_or_index`, `mysql_type`)\n\t\t\t\tVALUES (:table, :column, :datatype)\n\t\t\t\tON CONFLICT(`table`, `column_or_index`) DO UPDATE SET `mysql_type` = :datatype\n\t\t\t | parameters: wp_asc_currencies, rate, float</li>\n<li>Executing: CREATE TABLE IF NOT EXISTS &quot;wp_asc_currencies&quot; (\n&quot;supplier_id&quot; integer NOT NULL ON CONFLICT REPLACE DEFAULT 0,\n&quot;name&quot; text NOT NULL ON CONFLICT REPLACE DEFAULT '' COLLATE NOCASE,\n&quot;rate&quot; real NOT NULL ON CONFLICT REPLACE DEFAULT 0) | (no parameters)</li>\n<li>Executing: CREATE UNIQUE  INDEX IF NOT EXISTS &quot;wp_asc_currencies__supplier_id&quot; ON &quot;wp_asc_currencies&quot; (&quot;supplier_id&quot;, &quot;name&quot;) | (no parameters)</li>\n<li>Executing: INSERT INTO _mysql_data_types_cache (`table`, `column_or_index`, `mysql_type`)\n\t\t\t\tVALUES (:table, :column, :datatype)\n\t\t\t\tON CONFLICT(`table`, `column_or_index`) DO UPDATE SET `mysql_type` = :datatype\n\t\t\t | parameters: wp_asc_currencies, wp_asc_currencies__supplier_id, UNIQUE</li>\n<li>Executing: CREATE  INDEX IF NOT EXISTS &quot;wp_asc_currencies__&quot; ON &quot;wp_asc_currencies&quot; (&quot;&quot;) | (no parameters)</li>\n<li>Executing: INSERT INTO _mysql_data_types_cache (`table`, `column_or_index`, `mysql_type`)\n\t\t\t\tVALUES (:table, :column, :datatype)\n\t\t\t\tON CONFLICT(`table`, `column_or_index`) DO UPDATE SET `mysql_type` = :datatype\n\t\t\t | parameters: wp_asc_currencies, wp_asc_currencies__, </li>\n<li>Executing: ROLLBACK | (no parameters)</li>\n</ol>\n</div>\n<div style=\"clear:both;margin-bottom:2px;border:red dotted thin;\" class=\"error_message\" style=\"border-bottom:dotted blue thin;\">\nError occurred at line 4117 in Function <code>handle_error</code>. Error message was: SQLSTATE[23000]: Integrity constraint violation: 19 NOT NULL constraint failed: _mysql_data_types_cache.mysql_type.\n</div>\n<p>Backtrace:</p>\n<pre>#0 /internal/shared/sqlite-database-integration/wp-includes/sqlite/class-wp-sqlite-db.php(287): WP_SQLite_Translator->get_error_message()\n#1 /wordpress/wp-content/plugins/advanced-store-control-for-woocommerce/traits/model.php(57): WP_SQLite_DB->query('CREATE TABLE IF...')\n#2 /wordpress/wp-content/plugins/advanced-store-control-for-woocommerce/models/tables.php(96): ASC\\Models\\Model_Tables->query('CREATE TABLE IF...')\n#3 /wordpress/wp-content/plugins/advanced-store-control-for-woocommerce/controllers/hooks.php(52): ASC\\Models\\Model_Tables->create()\n#4 /wordpress/wp-includes/class-wp-hook.php(324): ASC\\Controllers\\Controller_Hooks->activate(false)\n#5 /wordpress/wp-includes/class-wp-hook.php(348): WP_Hook->apply_filters('', Array)\n#6 /wordpress/wp-includes/plugin.php(517): WP_Hook->do_action(Array)\n#7 /wordpress/wp-admin/includes/plugin.php(703): do_action('activate_advanc...', false)\n#8 /internal/eval.php(20): activate_plugin('advanced-store-...')\n#9 {main}</pre>\n for query CREATE TABLE IF NOT EXISTS `wp_asc_currencies` (\r\n  \t\t\t\t`supplier_id` int(10) UNSIGNED NOT NULL,\r\n  \t\t\t\t`name` varchar(3) COLLATE utf8mb4_unicode_ci NOT NULL,\r\n  \t\t\t\t`rate` float NOT NULL,\r\n  \t\t\t\tUNIQUE KEY `supplier_id` (`supplier_id`,`name`),\r\n  \t\t\t\tCONSTRAINT `wp_asc_currencies_ibfk_1` FOREIGN KEY (`supplier_id`) REFERENCES `wp_asc_suppliers` (`supplier_id`) ON DELETE CASCADE                                             \r\n\t\t\t) ENGINE=InnoDB DEFAULT CHARSET=utf8mb4 COLLATE=utf8mb4_unicode_ci; made by activate_plugin, do_action('activate_advanced-store-control-for-woocommerce/advanced-store-control.php'), WP_Hook->do_action, WP_Hook->apply_filters, ASC\\Controllers\\Controller_Hooks->activate, ASC\\Models\\Model_Tables->create, ASC\\Models\\Model_Tables->query, WP_SQLite_DB->query, WP_SQLite_DB->print_error","log":"/logs/plugins/a/alex-wordpress-size/error.json"}
,
{"message":"SQLSTATE[HY000]: General error: 1 no such table: wp_asc_log.","level":"FATAL","type":"SQL","test":"jspi-boot","plugin":"alex-wordpress-size","details":"[15-May-2025 05:34:45 UTC] WordPress database error <div style=\"clear:both\">&nbsp;</div>\n<div class=\"queries\" style=\"clear:both;margin-bottom:2px;border:red dotted thin;\">\n<p>MySQL query:</p>\n<p>INSERT INTO `wp_asc_log` (`time`, `error`, `success`, `info`, `supplier_id`) VALUES ('2025-05-15 05:34:45', 'ошибка в запросе: CREATE TABLE IF NOT EXISTS `wp_asc_currencies` (\r\n  \t\t\t\t`supplier_id` int(10) UNSIGNED NOT NULL,\r\n  \t\t\t\t`name` varchar(3) COLLATE utf8mb4_unicode_ci NOT NULL,\r\n  \t\t\t\t`rate` float NOT NULL,\r\n  \t\t\t\tUNIQUE KEY `supplier_id` (`supplier_id`,`name`),\r\n  \t\t\t\tCONSTRAINT `wp_asc_currencies_ibfk_1` FOREIGN KEY (`supplier_id`) REFERENCES `wp_asc_suppliers` (`supplier_id`) ON DELETE CASCADE                                             \r\n\t\t\t) ENGINE=InnoDB DEFAULT CHARSET=utf8mb4 COLLATE=utf8mb4_unicode_ci;', '', '', NULL)</p>\n<p>Queries made or created this session were:</p>\n<ol>\n<li>Executing: BEGIN | (no parameters)</li>\n<li>Executing: INSERT INTO `wp_asc_log` (`time`, `error`, `success`, `info`, `supplier_id`) VALUES (:param0 , :param1 , :param2 , :param3 , NULL) | parameters: 2025-05-15 05:34:45, ошибка в запросе: CREATE TABLE IF NOT EXISTS `wp_asc_currencies` (\r\n  \t\t\t\t`supplier_id` int(10) UNSIGNED NOT NULL,\r\n  \t\t\t\t`name` varchar(3) COLLATE utf8mb4_unicode_ci NOT NULL,\r\n  \t\t\t\t`rate` float NOT NULL,\r\n  \t\t\t\tUNIQUE KEY `supplier_id` (`supplier_id`,`name`),\r\n  \t\t\t\tCONSTRAINT `wp_asc_currencies_ibfk_1` FOREIGN KEY (`supplier_id`) REFERENCES `wp_asc_suppliers` (`supplier_id`) ON DELETE CASCADE                                             \r\n\t\t\t) ENGINE=InnoDB DEFAULT CHARSET=utf8mb4 COLLATE=utf8mb4_unicode_ci;, , </li>\n<li>Executing: ROLLBACK | (no parameters)</li>\n</ol>\n</div>\n<div style=\"clear:both;margin-bottom:2px;border:red dotted thin;\" class=\"error_message\" style=\"border-bottom:dotted blue thin;\">\nError occurred at line 4117 in Function <code>handle_error</code>. Error message was: SQLSTATE[HY000]: General error: 1 no such table: wp_asc_log.\n</div>\n<p>Backtrace:</p>\n<pre>#0 /internal/shared/sqlite-database-integration/wp-includes/sqlite/class-wp-sqlite-db.php(287): WP_SQLite_Translator->get_error_message()\n#1 /wordpress/wp-content/plugins/advanced-store-control-for-woocommerce/traits/model.php(57): WP_SQLite_DB->query('INSERT INTO `wp...')\n#2 /wordpress/wp-content/plugins/advanced-store-control-for-woocommerce/models/log.php(39): ASC\\Models\\Model_Log->query('INSERT INTO `wp...')\n#3 /wordpress/wp-content/plugins/advanced-store-control-for-woocommerce/controllers/log.php(84): ASC\\Models\\Model_Log->create('2025-05-15 05:3...', 'NULL', Array)\n#4 /wordpress/wp-content/plugins/advanced-store-control-for-woocommerce/controllers/log.php(126): ASC\\Controllers\\Controller_Log->save(Array)\n#5 /wordpress/wp-content/plugins/advanced-store-control-for-woocommerce/controllers/log.php(105): ASC\\Controllers\\Controller_Log->set_error('\\xD0\\xBE\\xD1\\x88\\xD0\\xB8\\xD0\\xB1\\xD0\\xBA\\xD0\\xB0 \\xD0\\xB2...')\n#6 [internal function]: ASC\\Controllers\\Controller_Log::exception(Object(Exception))\n#7 {main}</pre>\n for query INSERT INTO `wp_asc_log` (`time`, `error`, `success`, `info`, `supplier_id`) VALUES ('2025-05-15 05:34:45', 'ошибка в запросе: CREATE TABLE IF NOT EXISTS `wp_asc_currencies` (\r\n  \t\t\t\t`supplier_id` int(10) UNSIGNED NOT NULL,\r\n  \t\t\t\t`name` varchar(3) COLLATE utf8mb4_unicode_ci NOT NULL,\r\n  \t\t\t\t`rate` float NOT NULL,\r\n  \t\t\t\tUNIQUE KEY `supplier_id` (`supplier_id`,`name`),\r\n  \t\t\t\tCONSTRAINT `wp_asc_currencies_ibfk_1` FOREIGN KEY (`supplier_id`) REFERENCES `wp_asc_suppliers` (`supplier_id`) ON DELETE CASCADE                                             \r\n\t\t\t) ENGINE=InnoDB DEFAULT CHARSET=utf8mb4 COLLATE=utf8mb4_unicode_ci;', '', '', NULL) made by ASC\\Controllers\\Controller_Log::exception, ASC\\Controllers\\Controller_Log->set_error, ASC\\Controllers\\Controller_Log->save, ASC\\Models\\Model_Log->create, ASC\\Models\\Model_Log->query, WP_SQLite_DB->query, WP_SQLite_DB->print_error","log":"/logs/plugins/a/alex-wordpress-size/error.json"}
,
{"message":"Uncaught Exception: ошибка в запросе: INSERT INTO `wp_asc_log` (`time`, `error`, `success`, `info`, `supplier_id`) VALUES ('2025-05-15 05:34:45', 'ошибка в запросе: CREATE TABLE IF NOT EXISTS `wp_asc_currencies` (\r","level":"FATAL","type":"PHP","test":"jspi-boot","plugin":"alex-wordpress-size","details":"[15-May-2025 05:34:45 UTC] PHP Fatal error:  Uncaught Exception: ошибка в запросе: INSERT INTO `wp_asc_log` (`time`, `error`, `success`, `info`, `supplier_id`) VALUES ('2025-05-15 05:34:45', 'ошибка в запросе: CREATE TABLE IF NOT EXISTS `wp_asc_currencies` (\r\n  \t\t\t\t`supplier_id` int(10) UNSIGNED NOT NULL,\r\n  \t\t\t\t`name` varchar(3) COLLATE utf8mb4_unicode_ci NOT NULL,\r\n  \t\t\t\t`rate` float NOT NULL,\r\n  \t\t\t\tUNIQUE KEY `supplier_id` (`supplier_id`,`name`),\r\n  \t\t\t\tCONSTRAINT `wp_asc_currencies_ibfk_1` FOREIGN KEY (`supplier_id`) REFERENCES `wp_asc_suppliers` (`supplier_id`) ON DELETE CASCADE                                             \r\n\t\t\t) ENGINE=InnoDB DEFAULT CHARSET=utf8mb4 COLLATE=utf8mb4_unicode_ci;', '', '', NULL) in /wordpress/wp-content/plugins/advanced-store-control-for-woocommerce/traits/model.php:63\nStack trace:\n#0 /wordpress/wp-content/plugins/advanced-store-control-for-woocommerce/models/log.php(39): ASC\\Models\\Model_Log->query('INSERT INTO `wp...')\n#1 /wordpress/wp-content/plugins/advanced-store-control-for-woocommerce/controllers/log.php(84): ASC\\Models\\Model_Log->create('2025-05-15 05:3...', 'NULL', Array)\n#2 /wordpress/wp-content/plugins/advanced-store-control-for-woocommerce/controllers/log.php(126): ASC\\Controllers\\Controller_Log->save(Array)\n#3 /wordpress/wp-content/plugins/advanced-store-control-for-woocommerce/controllers/log.php(105): ASC\\Controllers\\Controller_Log->set_error('\\xD0\\xBE\\xD1\\x88\\xD0\\xB8\\xD0\\xB1\\xD0\\xBA\\xD0\\xB0 \\xD0\\xB2...')\n#4 [internal function]: ASC\\Controllers\\Controller_Log::exception(Object(Exception))\n#5 {main}\n  thrown in /wordpress/wp-content/plugins/advanced-store-control-for-woocommerce/traits/model.php on line 63\n\n    at Object.onBind (file:///home/runner/work/playground-tester/playground-tester/node_modules/@wp-playground/cli/index.js:237:15)\n    at process.processTicksAndRejections (node:internal/process/task_queues:105:5)\n    at async V (file:///home/runner/work/playground-tester/playground-tester/node_modules/@wp-playground/cli/index.js:64:10)\n    at async ja (file:///home/runner/work/playground-tester/playground-tester/node_modules/@wp-playground/cli/cli.js:8161:12) {\n  [cause]: Error: Error when executing the blueprint step #1 ({\"step\":\"installPlugin\",\"pluginData\":{\"resource\":\"wordpress.org/plugins\",\"slug\":\"alex-wordpress-size\"},\"options\":{\"activate\":true}}) : Could not download \"https://downloads.wordpress.org/plugin/alex-wordpress-size.latest-stable.zip\".\n  \t\t\t\tCheck if the URL is correct and the server is reachable.\n  \t\t\t\tIf it is reachable, the server might be blocking the request.\n  \t\t\t\tCheck the browser console and network tabs for more information.\n  \n  \t\t\t\t## Does the console show the error \"No 'Access-Control-Allow-Origin' header\"?\n  \n  \t\t\t\tThis means the server that hosts your file does not allow requests from other sites\n  \t\t\t\t(cross-origin requests, or CORS).\tYou need to move the asset to a server that allows\n  \t\t\t\tcross-origin file downloads. Learn more about CORS at\n  \t\t\t\thttps://developer.mozilla.org/en-US/docs/Web/HTTP/CORS.\n  \n  \t\t\t\tIf your file is on GitHub, load it from \"raw.githubusercontent.com\".\n  \t\t\t\tHere's how to do that:\n  \n  \t\t\t\t1. Start with the original GitHub URL of the file. For example:\n  \t\t\t\thttps://github.com/username/repository/blob/branch/filename.\n  \t\t\t\t2. Replace \"github.com\" with \"raw.githubusercontent.com\".\n  \t\t\t\t3. Remove the \"/blob/\" part of the URL.\n  \n  \t\t\t\tThe resulting URL should look like this:\n  \t\t\t\thttps://raw.githubusercontent.com/username/repository/branch/filename\n  \n  \t\t\t\tError:\n  \t\t\t\tError: Could not download \"https://downloads.wordpress.org/plugin/alex-wordpress-size.latest-stable.zip\"\n      at Object.run (file:///home/runner/work/playground-tester/playground-tester/node_modules/@wp-playground/blueprints/index.js:12449:19)\n      at process.processTicksAndRejections (node:internal/process/task_queues:105:5)\n      at async ms (file:///home/runner/work/playground-tester/playground-tester/node_modules/@wp-playground/blueprints/index.js:12552:3)\n      at async Object.onBind (file:///home/runner/work/playground-tester/playground-tester/node_modules/@wp-playground/cli/index.js:227:48)\n      at async V (file:///home/runner/work/playground-tester/playground-tester/node_modules/@wp-playground/cli/index.js:64:10)\n      at async ja (file:///home/runner/work/playground-tester/playground-tester/node_modules/@wp-playground/cli/cli.js:8161:12) {\n    [cause]: Error: Could not download \"https://downloads.wordpress.org/plugin/alex-wordpress-size.latest-stable.zip\".\n    \t\t\t\tCheck if the URL is correct and the server is reachable.\n    \t\t\t\tIf it is reachable, the server might be blocking the request.\n    \t\t\t\tCheck the browser console and network tabs for more information.\n    \n    \t\t\t\t## Does the console show the error \"No 'Access-Control-Allow-Origin' header\"?\n    \n    \t\t\t\tThis means the server that hosts your file does not allow requests from other sites\n    \t\t\t\t(cross-origin requests, or CORS).\tYou need to move the asset to a server that allows\n    \t\t\t\tcross-origin file downloads. Learn more about CORS at\n    \t\t\t\thttps://developer.mozilla.org/en-US/docs/Web/HTTP/CORS.\n    \n    \t\t\t\tIf your file is on GitHub, load it from \"raw.githubusercontent.com\".\n    \t\t\t\tHere's how to do that:\n    \n    \t\t\t\t1. Start with the original GitHub URL of the file. For example:\n    \t\t\t\thttps://github.com/username/repository/blob/branch/filename.\n    \t\t\t\t2. Replace \"github.com\" with \"raw.githubusercontent.com\".\n    \t\t\t\t3. Remove the \"/blob/\" part of the URL.\n    \n    \t\t\t\tThe resulting URL should look like this:\n    \t\t\t\thttps://raw.githubusercontent.com/username/repository/branch/filename\n    \n    \t\t\t\tError:\n    \t\t\t\tError: Could not download \"https://downloads.wordpress.org/plugin/alex-wordpress-size.latest-stable.zip\"\n        at Ct.resolve (file:///home/runner/work/playground-tester/playground-tester/node_modules/@wp-playground/blueprints/index.js:1472:13)\n        at process.processTicksAndRejections (node:internal/process/task_queues:105:5)\n        at async _.run (file:///home/runner/work/playground-tester/playground-tester/node_modules/@php-wasm/util/index.js:45:14)\n  }\n}\n\n","log":"/logs/plugins/a/alex-wordpress-size/error.json"}
]
