[
  {
    "message": "file:///home/runner/work/playground-tester/playground-tester/node_modules/@wp-playground/cli/index.js:237\n        throw new Error(y, { cause: u });\n              ^\n",
    "level": "FATAL",
    "type": "PLAYGROUND",
    "test": "ast-sqlite-boot",
    "plugin": "myloyal",
    "details": "file:///home/runner/work/playground-tester/playground-tester/node_modules/@wp-playground/cli/index.js:237\n        throw new Error(y, { cause: u });\n              ^\n",
    "log": "/tmp/tmp.qYs0BcvE48"
  },
  {
    "message": "Function register_sidebar_widget is <strong>deprecated</strong> since version 2.8.0! Use wp_register_sidebar_widget() instead. in /wordpress/wp-includes/functions.php on line 6121",
    "level": "DEPRECATED",
    "type": "PHP",
    "test": "ast-sqlite-boot",
    "plugin": "myloyal",
    "details": "[28-May-2025 13:16:11 UTC] PHP Deprecated:  Function register_sidebar_widget is <strong>deprecated</strong> since version 2.8.0! Use wp_register_sidebar_widget() instead. in /wordpress/wp-includes/functions.php on line 6121",
    "log": "/logs/plugins/m/myloyal/error.json"
  },
  {
    "message": "Function register_widget_control is <strong>deprecated</strong> since version 2.8.0! Use wp_register_widget_control() instead. in /wordpress/wp-includes/functions.php on line 6121",
    "level": "DEPRECATED",
    "type": "PHP",
    "test": "ast-sqlite-boot",
    "plugin": "myloyal",
    "details": "[28-May-2025 13:16:11 UTC] PHP Deprecated:  Function register_widget_control is <strong>deprecated</strong> since version 2.8.0! Use wp_register_widget_control() instead. in /wordpress/wp-includes/functions.php on line 6121",
    "log": "/logs/plugins/m/myloyal/error.json"
  },
  {
    "message": "Function register_sidebar_widget is <strong>deprecated</strong> since version 2.8.0! Use wp_register_sidebar_widget() instead. in /wordpress/wp-includes/functions.php on line 6121",
    "level": "DEPRECATED",
    "type": "PHP",
    "test": "ast-sqlite-boot",
    "plugin": "myloyal",
    "details": "[28-May-2025 13:16:20 UTC] PHP Deprecated:  Function register_sidebar_widget is <strong>deprecated</strong> since version 2.8.0! Use wp_register_sidebar_widget() instead. in /wordpress/wp-includes/functions.php on line 6121",
    "log": "/logs/plugins/m/myloyal/error.json"
  },
  {
    "message": "Function register_widget_control is <strong>deprecated</strong> since version 2.8.0! Use wp_register_widget_control() instead. in /wordpress/wp-includes/functions.php on line 6121",
    "level": "DEPRECATED",
    "type": "PHP",
    "test": "ast-sqlite-boot",
    "plugin": "myloyal",
    "details": "[28-May-2025 13:16:20 UTC] PHP Deprecated:  Function register_widget_control is <strong>deprecated</strong> since version 2.8.0! Use wp_register_widget_control() instead. in /wordpress/wp-includes/functions.php on line 6121",
    "log": "/logs/plugins/m/myloyal/error.json"
  },
  {
    "message": "Function register_sidebar_widget is <strong>deprecated</strong> since version 2.8.0! Use wp_register_sidebar_widget() instead. in /wordpress/wp-includes/functions.php on line 6121",
    "level": "DEPRECATED",
    "type": "PHP",
    "test": "ast-sqlite-boot",
    "plugin": "myloyal",
    "details": "[28-May-2025 13:16:30 UTC] PHP Deprecated:  Function register_sidebar_widget is <strong>deprecated</strong> since version 2.8.0! Use wp_register_sidebar_widget() instead. in /wordpress/wp-includes/functions.php on line 6121",
    "log": "/logs/plugins/m/myloyal/error.json"
  },
  {
    "message": "Function register_widget_control is <strong>deprecated</strong> since version 2.8.0! Use wp_register_widget_control() instead. in /wordpress/wp-includes/functions.php on line 6121",
    "level": "DEPRECATED",
    "type": "PHP",
    "test": "ast-sqlite-boot",
    "plugin": "myloyal",
    "details": "[28-May-2025 13:16:30 UTC] PHP Deprecated:  Function register_widget_control is <strong>deprecated</strong> since version 2.8.0! Use wp_register_widget_control() instead. in /wordpress/wp-includes/functions.php on line 6121",
    "log": "/logs/plugins/m/myloyal/error.json"
  },
  {
    "message": "Trying to access array offset on value of type bool in /wordpress/wp-content/plugins/minotaurcaptcha/minotaurcaptcha.php on line 106",
    "level": "WARNING",
    "type": "PHP",
    "test": "ast-sqlite-boot",
    "plugin": "myloyal",
    "details": "[28-May-2025 13:17:34 UTC] PHP Warning:  Trying to access array offset on value of type bool in /wordpress/wp-content/plugins/minotaurcaptcha/minotaurcaptcha.php on line 106",
    "log": "/logs/plugins/m/myloyal/error.json"
  },
  {
    "message": "Trying to access array offset on value of type bool in /wordpress/wp-content/plugins/minotaurcaptcha/minotaurcaptcha.php on line 215",
    "level": "WARNING",
    "type": "PHP",
    "test": "ast-sqlite-boot",
    "plugin": "myloyal",
    "details": "[28-May-2025 13:17:34 UTC] PHP Warning:  Trying to access array offset on value of type bool in /wordpress/wp-content/plugins/minotaurcaptcha/minotaurcaptcha.php on line 215",
    "log": "/logs/plugins/m/myloyal/error.json"
  },
  {
    "message": "Trying to access array offset on value of type bool in /wordpress/wp-content/plugins/minotaurcaptcha/minotaurcaptcha.php on line 382",
    "level": "WARNING",
    "type": "PHP",
    "test": "ast-sqlite-boot",
    "plugin": "myloyal",
    "details": "[28-May-2025 13:17:34 UTC] PHP Warning:  Trying to access array offset on value of type bool in /wordpress/wp-content/plugins/minotaurcaptcha/minotaurcaptcha.php on line 382",
    "log": "/logs/plugins/m/myloyal/error.json"
  },
  {
    "message": "Trying to access array offset on value of type bool in /wordpress/wp-content/plugins/minotaurcaptcha/minotaurcaptcha.php on line 106",
    "level": "WARNING",
    "type": "PHP",
    "test": "ast-sqlite-boot",
    "plugin": "myloyal",
    "details": "[28-May-2025 13:17:35 UTC] PHP Warning:  Trying to access array offset on value of type bool in /wordpress/wp-content/plugins/minotaurcaptcha/minotaurcaptcha.php on line 106",
    "log": "/logs/plugins/m/myloyal/error.json"
  },
  {
    "message": "Trying to access array offset on value of type bool in /wordpress/wp-content/plugins/minotaurcaptcha/minotaurcaptcha.php on line 215",
    "level": "WARNING",
    "type": "PHP",
    "test": "ast-sqlite-boot",
    "plugin": "myloyal",
    "details": "[28-May-2025 13:17:35 UTC] PHP Warning:  Trying to access array offset on value of type bool in /wordpress/wp-content/plugins/minotaurcaptcha/minotaurcaptcha.php on line 215",
    "log": "/logs/plugins/m/myloyal/error.json"
  },
  {
    "message": "Trying to access array offset on value of type bool in /wordpress/wp-content/plugins/minotaurcaptcha/minotaurcaptcha.php on line 382",
    "level": "WARNING",
    "type": "PHP",
    "test": "ast-sqlite-boot",
    "plugin": "myloyal",
    "details": "[28-May-2025 13:17:35 UTC] PHP Warning:  Trying to access array offset on value of type bool in /wordpress/wp-content/plugins/minotaurcaptcha/minotaurcaptcha.php on line 382",
    "log": "/logs/plugins/m/myloyal/error.json"
  },
  {
    "message": "Trying to access array offset on value of type bool in /wordpress/wp-content/plugins/minotaurcaptcha/minotaurcaptcha.php on line 106",
    "level": "WARNING",
    "type": "PHP",
    "test": "ast-sqlite-boot",
    "plugin": "myloyal",
    "details": "[28-May-2025 13:17:42 UTC] PHP Warning:  Trying to access array offset on value of type bool in /wordpress/wp-content/plugins/minotaurcaptcha/minotaurcaptcha.php on line 106",
    "log": "/logs/plugins/m/myloyal/error.json"
  },
  {
    "message": "Trying to access array offset on value of type bool in /wordpress/wp-content/plugins/minotaurcaptcha/minotaurcaptcha.php on line 215",
    "level": "WARNING",
    "type": "PHP",
    "test": "ast-sqlite-boot",
    "plugin": "myloyal",
    "details": "[28-May-2025 13:17:42 UTC] PHP Warning:  Trying to access array offset on value of type bool in /wordpress/wp-content/plugins/minotaurcaptcha/minotaurcaptcha.php on line 215",
    "log": "/logs/plugins/m/myloyal/error.json"
  },
  {
    "message": "Trying to access array offset on value of type bool in /wordpress/wp-content/plugins/minotaurcaptcha/minotaurcaptcha.php on line 382",
    "level": "WARNING",
    "type": "PHP",
    "test": "ast-sqlite-boot",
    "plugin": "myloyal",
    "details": "[28-May-2025 13:17:42 UTC] PHP Warning:  Trying to access array offset on value of type bool in /wordpress/wp-content/plugins/minotaurcaptcha/minotaurcaptcha.php on line 382",
    "log": "/logs/plugins/m/myloyal/error.json"
  },
  {
    "message": "Trying to access array offset on value of type bool in /wordpress/wp-content/plugins/minotaurcaptcha/minotaurcaptcha.php on line 106",
    "level": "WARNING",
    "type": "PHP",
    "test": "ast-sqlite-boot",
    "plugin": "myloyal",
    "details": "[28-May-2025 13:17:43 UTC] PHP Warning:  Trying to access array offset on value of type bool in /wordpress/wp-content/plugins/minotaurcaptcha/minotaurcaptcha.php on line 106",
    "log": "/logs/plugins/m/myloyal/error.json"
  },
  {
    "message": "Trying to access array offset on value of type bool in /wordpress/wp-content/plugins/minotaurcaptcha/minotaurcaptcha.php on line 215",
    "level": "WARNING",
    "type": "PHP",
    "test": "ast-sqlite-boot",
    "plugin": "myloyal",
    "details": "[28-May-2025 13:17:43 UTC] PHP Warning:  Trying to access array offset on value of type bool in /wordpress/wp-content/plugins/minotaurcaptcha/minotaurcaptcha.php on line 215",
    "log": "/logs/plugins/m/myloyal/error.json"
  },
  {
    "message": "Trying to access array offset on value of type bool in /wordpress/wp-content/plugins/minotaurcaptcha/minotaurcaptcha.php on line 382",
    "level": "WARNING",
    "type": "PHP",
    "test": "ast-sqlite-boot",
    "plugin": "myloyal",
    "details": "[28-May-2025 13:17:43 UTC] PHP Warning:  Trying to access array offset on value of type bool in /wordpress/wp-content/plugins/minotaurcaptcha/minotaurcaptcha.php on line 382",
    "log": "/logs/plugins/m/myloyal/error.json"
  },
  {
    "message": "Trying to access array offset on value of type bool in /wordpress/wp-content/plugins/minotaurcaptcha/minotaurcaptcha.php on line 106",
    "level": "WARNING",
    "type": "PHP",
    "test": "ast-sqlite-boot",
    "plugin": "myloyal",
    "details": "[28-May-2025 13:17:51 UTC] PHP Warning:  Trying to access array offset on value of type bool in /wordpress/wp-content/plugins/minotaurcaptcha/minotaurcaptcha.php on line 106",
    "log": "/logs/plugins/m/myloyal/error.json"
  },
  {
    "message": "Trying to access array offset on value of type bool in /wordpress/wp-content/plugins/minotaurcaptcha/minotaurcaptcha.php on line 215",
    "level": "WARNING",
    "type": "PHP",
    "test": "ast-sqlite-boot",
    "plugin": "myloyal",
    "details": "[28-May-2025 13:17:51 UTC] PHP Warning:  Trying to access array offset on value of type bool in /wordpress/wp-content/plugins/minotaurcaptcha/minotaurcaptcha.php on line 215",
    "log": "/logs/plugins/m/myloyal/error.json"
  },
  {
    "message": "Trying to access array offset on value of type bool in /wordpress/wp-content/plugins/minotaurcaptcha/minotaurcaptcha.php on line 382",
    "level": "WARNING",
    "type": "PHP",
    "test": "ast-sqlite-boot",
    "plugin": "myloyal",
    "details": "[28-May-2025 13:17:51 UTC] PHP Warning:  Trying to access array offset on value of type bool in /wordpress/wp-content/plugins/minotaurcaptcha/minotaurcaptcha.php on line 382",
    "log": "/logs/plugins/m/myloyal/error.json"
  },
  {
    "message": "Trying to access array offset on value of type bool in /wordpress/wp-content/plugins/minotaurcaptcha/minotaurcaptcha.php on line 106",
    "level": "WARNING",
    "type": "PHP",
    "test": "ast-sqlite-boot",
    "plugin": "myloyal",
    "details": "[28-May-2025 13:17:52 UTC] PHP Warning:  Trying to access array offset on value of type bool in /wordpress/wp-content/plugins/minotaurcaptcha/minotaurcaptcha.php on line 106",
    "log": "/logs/plugins/m/myloyal/error.json"
  },
  {
    "message": "Trying to access array offset on value of type bool in /wordpress/wp-content/plugins/minotaurcaptcha/minotaurcaptcha.php on line 215",
    "level": "WARNING",
    "type": "PHP",
    "test": "ast-sqlite-boot",
    "plugin": "myloyal",
    "details": "[28-May-2025 13:17:52 UTC] PHP Warning:  Trying to access array offset on value of type bool in /wordpress/wp-content/plugins/minotaurcaptcha/minotaurcaptcha.php on line 215",
    "log": "/logs/plugins/m/myloyal/error.json"
  },
  {
    "message": "Trying to access array offset on value of type bool in /wordpress/wp-content/plugins/minotaurcaptcha/minotaurcaptcha.php on line 382",
    "level": "WARNING",
    "type": "PHP",
    "test": "ast-sqlite-boot",
    "plugin": "myloyal",
    "details": "[28-May-2025 13:17:52 UTC] PHP Warning:  Trying to access array offset on value of type bool in /wordpress/wp-content/plugins/minotaurcaptcha/minotaurcaptcha.php on line 382",
    "log": "/logs/plugins/m/myloyal/error.json"
  },
  {
    "message": "Uncaught Error: Undefined constant \"MB_OVERLOAD_STRING\" in /wordpress/wp-content/miwi/phputf8/utf8.php:8",
    "level": "FATAL",
    "type": "PHP",
    "test": "ast-sqlite-boot",
    "plugin": "myloyal",
    "details": "[28-May-2025 13:18:01 UTC] PHP Fatal error:  Uncaught Error: Undefined constant \"MB_OVERLOAD_STRING\" in /wordpress/wp-content/miwi/phputf8/utf8.php:8\nStack trace:\n#0 /wordpress/wp-content/miwi/loader.php(100): include_once()\n#1 /wordpress/wp-content/miwi/loader.php(200): MLoader::import('phputf8.utf8')\n#2 /wordpress/wp-content/miwi/initialise.php(64): mimport('phputf8.utf8')\n#3 /wordpress/wp-content/plugins/miwopolls/miwopolls.php(39): require_once('/wordpress/wp-c...')\n#4 /wordpress/wp-content/plugins/miwopolls/wordpress.php(155): MPolls->initialise()\n#5 /wordpress/wp-includes/class-wp-hook.php(324): MWordpress->activate(false)\n#6 /wordpress/wp-includes/class-wp-hook.php(348): WP_Hook->apply_filters('', Array)\n#7 /wordpress/wp-includes/plugin.php(517): WP_Hook->do_action(Array)\n#8 /wordpress/wp-admin/includes/plugin.php(703): do_action('activate_miwopo...', false)\n#9 /internal/eval.php(20): activate_plugin('miwopolls/miwop...')\n#10 {main}\n  thrown in /wordpress/wp-content/miwi/phputf8/utf8.php on line 8",
    "log": "/logs/plugins/m/myloyal/error.json"
  },
  {
    "message": "Uncaught Error: Undefined constant \"MB_OVERLOAD_STRING\" in /wordpress/wp-content/miwi/phputf8/utf8.php:8",
    "level": "FATAL",
    "type": "PHP",
    "test": "ast-sqlite-boot",
    "plugin": "myloyal",
    "details": "[28-May-2025 13:18:11 UTC] PHP Fatal error:  Uncaught Error: Undefined constant \"MB_OVERLOAD_STRING\" in /wordpress/wp-content/miwi/phputf8/utf8.php:8\nStack trace:\n#0 /wordpress/wp-content/miwi/loader.php(100): include_once()\n#1 /wordpress/wp-content/miwi/loader.php(200): MLoader::import('phputf8.utf8')\n#2 /wordpress/wp-content/miwi/initialise.php(64): mimport('phputf8.utf8')\n#3 /wordpress/wp-content/plugins/miwopolls/miwopolls.php(39): require_once('/wordpress/wp-c...')\n#4 /wordpress/wp-content/plugins/miwopolls/wordpress.php(26): MPolls->initialise()\n#5 /wordpress/wp-content/plugins/miwopolls/miwopolls.php(29): MWordpress->__construct('miwopolls', '33.0005')\n#6 /wordpress/wp-content/plugins/miwopolls/miwopolls.php(53): MPolls->__construct()\n#7 /wordpress/wp-admin/includes/plugin.php(2387): include_once('/wordpress/wp-c...')\n#8 /wordpress/wp-admin/includes/plugin.php(673): plugin_sandbox_scrape('miwopolls/miwop...')\n#9 /internal/eval.php(20): activate_plugin('miwopolls/miwop...')\n#10 {main}\n  thrown in /wordpress/wp-content/miwi/phputf8/utf8.php on line 8",
    "log": "/logs/plugins/m/myloyal/error.json"
  },
  {
    "message": "Uncaught Error: Undefined constant \"MB_OVERLOAD_STRING\" in /wordpress/wp-content/miwi/phputf8/utf8.php:8",
    "level": "FATAL",
    "type": "PHP",
    "test": "ast-sqlite-boot",
    "plugin": "myloyal",
    "details": "[28-May-2025 13:18:20 UTC] PHP Fatal error:  Uncaught Error: Undefined constant \"MB_OVERLOAD_STRING\" in /wordpress/wp-content/miwi/phputf8/utf8.php:8\nStack trace:\n#0 /wordpress/wp-content/miwi/loader.php(100): include_once()\n#1 /wordpress/wp-content/miwi/loader.php(200): MLoader::import('phputf8.utf8')\n#2 /wordpress/wp-content/miwi/initialise.php(64): mimport('phputf8.utf8')\n#3 /wordpress/wp-content/plugins/miwopolls/miwopolls.php(39): require_once('/wordpress/wp-c...')\n#4 /wordpress/wp-content/plugins/miwopolls/wordpress.php(26): MPolls->initialise()\n#5 /wordpress/wp-content/plugins/miwopolls/miwopolls.php(29): MWordpress->__construct('miwopolls', '33.0005')\n#6 /wordpress/wp-content/plugins/miwopolls/miwopolls.php(53): MPolls->__construct()\n#7 /wordpress/wp-admin/includes/plugin.php(2387): include_once('/wordpress/wp-c...')\n#8 /wordpress/wp-admin/includes/plugin.php(673): plugin_sandbox_scrape('miwopolls/miwop...')\n#9 /internal/eval.php(20): activate_plugin('miwopolls/miwop...')\n#10 {main}\n  thrown in /wordpress/wp-content/miwi/phputf8/utf8.php on line 8",
    "log": "/logs/plugins/m/myloyal/error.json"
  },
  {
    "message": "Function _load_textdomain_just_in_time was called <strong>incorrectly</strong>. Translation loading for the <code>job-postings</code> domain was triggered too early. This is usually an indicator for some code in the plugin or theme running too early. Translations should be loaded at the <code>init</code> action or later. Please see <a href=\"https://developer.wordpress.org/advanced-administration/debug/debug-wordpress/\">Debugging in WordPress</a> for more information. (This message was added in version 6.7.0.) in /wordpress/wp-includes/functions.php on line 6121",
    "level": "NOTICE",
    "type": "PHP",
    "test": "ast-sqlite-boot",
    "plugin": "myloyal",
    "details": "[28-May-2025 13:19:31 UTC] PHP Notice:  Function _load_textdomain_just_in_time was called <strong>incorrectly</strong>. Translation loading for the <code>job-postings</code> domain was triggered too early. This is usually an indicator for some code in the plugin or theme running too early. Translations should be loaded at the <code>init</code> action or later. Please see <a href=\"https://developer.wordpress.org/advanced-administration/debug/debug-wordpress/\">Debugging in WordPress</a> for more information. (This message was added in version 6.7.0.) in /wordpress/wp-includes/functions.php on line 6121",
    "log": "/logs/plugins/m/myloyal/error.json"
  },
  {
    "message": "Function _load_textdomain_just_in_time was called <strong>incorrectly</strong>. Translation loading for the <code>job-postings</code> domain was triggered too early. This is usually an indicator for some code in the plugin or theme running too early. Translations should be loaded at the <code>init</code> action or later. Please see <a href=\"https://developer.wordpress.org/advanced-administration/debug/debug-wordpress/\">Debugging in WordPress</a> for more information. (This message was added in version 6.7.0.) in /wordpress/wp-includes/functions.php on line 6121",
    "level": "NOTICE",
    "type": "PHP",
    "test": "ast-sqlite-boot",
    "plugin": "myloyal",
    "details": "[28-May-2025 13:19:42 UTC] PHP Notice:  Function _load_textdomain_just_in_time was called <strong>incorrectly</strong>. Translation loading for the <code>job-postings</code> domain was triggered too early. This is usually an indicator for some code in the plugin or theme running too early. Translations should be loaded at the <code>init</code> action or later. Please see <a href=\"https://developer.wordpress.org/advanced-administration/debug/debug-wordpress/\">Debugging in WordPress</a> for more information. (This message was added in version 6.7.0.) in /wordpress/wp-includes/functions.php on line 6121",
    "log": "/logs/plugins/m/myloyal/error.json"
  },
  {
    "message": "Function _load_textdomain_just_in_time was called <strong>incorrectly</strong>. Translation loading for the <code>job-postings</code> domain was triggered too early. This is usually an indicator for some code in the plugin or theme running too early. Translations should be loaded at the <code>init</code> action or later. Please see <a href=\"https://developer.wordpress.org/advanced-administration/debug/debug-wordpress/\">Debugging in WordPress</a> for more information. (This message was added in version 6.7.0.) in /wordpress/wp-includes/functions.php on line 6121",
    "level": "NOTICE",
    "type": "PHP",
    "test": "ast-sqlite-boot",
    "plugin": "myloyal",
    "details": "[28-May-2025 13:19:53 UTC] PHP Notice:  Function _load_textdomain_just_in_time was called <strong>incorrectly</strong>. Translation loading for the <code>job-postings</code> domain was triggered too early. This is usually an indicator for some code in the plugin or theme running too early. Translations should be loaded at the <code>init</code> action or later. Please see <a href=\"https://developer.wordpress.org/advanced-administration/debug/debug-wordpress/\">Debugging in WordPress</a> for more information. (This message was added in version 6.7.0.) in /wordpress/wp-includes/functions.php on line 6121",
    "log": "/logs/plugins/m/myloyal/error.json"
  },
  {
    "message": "Function register_sidebar_widget is <strong>deprecated</strong> since version 2.8.0! Use wp_register_sidebar_widget() instead. in /wordpress/wp-includes/functions.php on line 6121",
    "level": "DEPRECATED",
    "type": "PHP",
    "test": "ast-sqlite-boot",
    "plugin": "myloyal",
    "details": "[28-May-2025 13:20:52 UTC] PHP Deprecated:  Function register_sidebar_widget is <strong>deprecated</strong> since version 2.8.0! Use wp_register_sidebar_widget() instead. in /wordpress/wp-includes/functions.php on line 6121",
    "log": "/logs/plugins/m/myloyal/error.json"
  },
  {
    "message": "Function register_widget_control is <strong>deprecated</strong> since version 2.8.0! Use wp_register_widget_control() instead. in /wordpress/wp-includes/functions.php on line 6121",
    "level": "DEPRECATED",
    "type": "PHP",
    "test": "ast-sqlite-boot",
    "plugin": "myloyal",
    "details": "[28-May-2025 13:20:52 UTC] PHP Deprecated:  Function register_widget_control is <strong>deprecated</strong> since version 2.8.0! Use wp_register_widget_control() instead. in /wordpress/wp-includes/functions.php on line 6121",
    "log": "/logs/plugins/m/myloyal/error.json"
  },
  {
    "message": "Function register_sidebar_widget is <strong>deprecated</strong> since version 2.8.0! Use wp_register_sidebar_widget() instead. in /wordpress/wp-includes/functions.php on line 6121",
    "level": "DEPRECATED",
    "type": "PHP",
    "test": "ast-sqlite-boot",
    "plugin": "myloyal",
    "details": "[28-May-2025 13:21:01 UTC] PHP Deprecated:  Function register_sidebar_widget is <strong>deprecated</strong> since version 2.8.0! Use wp_register_sidebar_widget() instead. in /wordpress/wp-includes/functions.php on line 6121",
    "log": "/logs/plugins/m/myloyal/error.json"
  },
  {
    "message": "Function register_widget_control is <strong>deprecated</strong> since version 2.8.0! Use wp_register_widget_control() instead. in /wordpress/wp-includes/functions.php on line 6121",
    "level": "DEPRECATED",
    "type": "PHP",
    "test": "ast-sqlite-boot",
    "plugin": "myloyal",
    "details": "[28-May-2025 13:21:01 UTC] PHP Deprecated:  Function register_widget_control is <strong>deprecated</strong> since version 2.8.0! Use wp_register_widget_control() instead. in /wordpress/wp-includes/functions.php on line 6121",
    "log": "/logs/plugins/m/myloyal/error.json"
  },
  {
    "message": "Function register_sidebar_widget is <strong>deprecated</strong> since version 2.8.0! Use wp_register_sidebar_widget() instead. in /wordpress/wp-includes/functions.php on line 6121",
    "level": "DEPRECATED",
    "type": "PHP",
    "test": "ast-sqlite-boot",
    "plugin": "myloyal",
    "details": "[28-May-2025 13:21:11 UTC] PHP Deprecated:  Function register_sidebar_widget is <strong>deprecated</strong> since version 2.8.0! Use wp_register_sidebar_widget() instead. in /wordpress/wp-includes/functions.php on line 6121",
    "log": "/logs/plugins/m/myloyal/error.json"
  },
  {
    "message": "Function register_widget_control is <strong>deprecated</strong> since version 2.8.0! Use wp_register_widget_control() instead. in /wordpress/wp-includes/functions.php on line 6121",
    "level": "DEPRECATED",
    "type": "PHP",
    "test": "ast-sqlite-boot",
    "plugin": "myloyal",
    "details": "[28-May-2025 13:21:11 UTC] PHP Deprecated:  Function register_widget_control is <strong>deprecated</strong> since version 2.8.0! Use wp_register_widget_control() instead. in /wordpress/wp-includes/functions.php on line 6121",
    "log": "/logs/plugins/m/myloyal/error.json"
  },
  {
    "message": "Function _load_textdomain_just_in_time was called <strong>incorrectly</strong>. Translation loading for the <code>mobilize</code> domain was triggered too early. This is usually an indicator for some code in the plugin or theme running too early. Translations should be loaded at the <code>init</code> action or later. Please see <a href=\"https://developer.wordpress.org/advanced-administration/debug/debug-wordpress/\">Debugging in WordPress</a> for more information. (This message was added in version 6.7.0.) in /wordpress/wp-includes/functions.php on line 6121",
    "level": "NOTICE",
    "type": "PHP",
    "test": "ast-sqlite-boot",
    "plugin": "myloyal",
    "details": "[28-May-2025 13:22:09 UTC] PHP Notice:  Function _load_textdomain_just_in_time was called <strong>incorrectly</strong>. Translation loading for the <code>mobilize</code> domain was triggered too early. This is usually an indicator for some code in the plugin or theme running too early. Translations should be loaded at the <code>init</code> action or later. Please see <a href=\"https://developer.wordpress.org/advanced-administration/debug/debug-wordpress/\">Debugging in WordPress</a> for more information. (This message was added in version 6.7.0.) in /wordpress/wp-includes/functions.php on line 6121",
    "log": "/logs/plugins/m/myloyal/error.json"
  },
  {
    "message": "Function _load_textdomain_just_in_time was called <strong>incorrectly</strong>. Translation loading for the <code>mobilize</code> domain was triggered too early. This is usually an indicator for some code in the plugin or theme running too early. Translations should be loaded at the <code>init</code> action or later. Please see <a href=\"https://developer.wordpress.org/advanced-administration/debug/debug-wordpress/\">Debugging in WordPress</a> for more information. (This message was added in version 6.7.0.) in /wordpress/wp-includes/functions.php on line 6121",
    "level": "NOTICE",
    "type": "PHP",
    "test": "ast-sqlite-boot",
    "plugin": "myloyal",
    "details": "[28-May-2025 13:22:17 UTC] PHP Notice:  Function _load_textdomain_just_in_time was called <strong>incorrectly</strong>. Translation loading for the <code>mobilize</code> domain was triggered too early. This is usually an indicator for some code in the plugin or theme running too early. Translations should be loaded at the <code>init</code> action or later. Please see <a href=\"https://developer.wordpress.org/advanced-administration/debug/debug-wordpress/\">Debugging in WordPress</a> for more information. (This message was added in version 6.7.0.) in /wordpress/wp-includes/functions.php on line 6121",
    "log": "/logs/plugins/m/myloyal/error.json"
  },
  {
    "message": "Function _load_textdomain_just_in_time was called <strong>incorrectly</strong>. Translation loading for the <code>mobilize</code> domain was triggered too early. This is usually an indicator for some code in the plugin or theme running too early. Translations should be loaded at the <code>init</code> action or later. Please see <a href=\"https://developer.wordpress.org/advanced-administration/debug/debug-wordpress/\">Debugging in WordPress</a> for more information. (This message was added in version 6.7.0.) in /wordpress/wp-includes/functions.php on line 6121",
    "level": "NOTICE",
    "type": "PHP",
    "test": "ast-sqlite-boot",
    "plugin": "myloyal",
    "details": "[28-May-2025 13:22:26 UTC] PHP Notice:  Function _load_textdomain_just_in_time was called <strong>incorrectly</strong>. Translation loading for the <code>mobilize</code> domain was triggered too early. This is usually an indicator for some code in the plugin or theme running too early. Translations should be loaded at the <code>init</code> action or later. Please see <a href=\"https://developer.wordpress.org/advanced-administration/debug/debug-wordpress/\">Debugging in WordPress</a> for more information. (This message was added in version 6.7.0.) in /wordpress/wp-includes/functions.php on line 6121",
    "log": "/logs/plugins/m/myloyal/error.json"
  },
  {
    "message": "Uncaught Error: Call to undefined function create_function() in /wordpress/wp-content/plugins/mootools-accessible-autocomplete/mootools-accessible-autocomplete.php:99",
    "level": "FATAL",
    "type": "PHP",
    "test": "ast-sqlite-boot",
    "plugin": "myloyal",
    "details": "[28-May-2025 13:24:50 UTC] PHP Fatal error:  Uncaught Error: Call to undefined function create_function() in /wordpress/wp-content/plugins/mootools-accessible-autocomplete/mootools-accessible-autocomplete.php:99\nStack trace:\n#0 /wordpress/wp-admin/includes/plugin.php(2387): include_once()\n#1 /wordpress/wp-admin/includes/plugin.php(673): plugin_sandbox_scrape('mootools-access...')\n#2 /internal/eval.php(20): activate_plugin('mootools-access...')\n#3 {main}\n  thrown in /wordpress/wp-content/plugins/mootools-accessible-autocomplete/mootools-accessible-autocomplete.php on line 99",
    "log": "/logs/plugins/m/myloyal/error.json"
  },
  {
    "message": "Uncaught Error: Call to undefined function create_function() in /wordpress/wp-content/plugins/mootools-accessible-autocomplete/mootools-accessible-autocomplete.php:99",
    "level": "FATAL",
    "type": "PHP",
    "test": "ast-sqlite-boot",
    "plugin": "myloyal",
    "details": "[28-May-2025 13:24:57 UTC] PHP Fatal error:  Uncaught Error: Call to undefined function create_function() in /wordpress/wp-content/plugins/mootools-accessible-autocomplete/mootools-accessible-autocomplete.php:99\nStack trace:\n#0 /wordpress/wp-admin/includes/plugin.php(2387): include_once()\n#1 /wordpress/wp-admin/includes/plugin.php(673): plugin_sandbox_scrape('mootools-access...')\n#2 /internal/eval.php(20): activate_plugin('mootools-access...')\n#3 {main}\n  thrown in /wordpress/wp-content/plugins/mootools-accessible-autocomplete/mootools-accessible-autocomplete.php on line 99",
    "log": "/logs/plugins/m/myloyal/error.json"
  },
  {
    "message": "Uncaught Error: Call to undefined function create_function() in /wordpress/wp-content/plugins/mootools-accessible-autocomplete/mootools-accessible-autocomplete.php:99",
    "level": "FATAL",
    "type": "PHP",
    "test": "ast-sqlite-boot",
    "plugin": "myloyal",
    "details": "[28-May-2025 13:25:05 UTC] PHP Fatal error:  Uncaught Error: Call to undefined function create_function() in /wordpress/wp-content/plugins/mootools-accessible-autocomplete/mootools-accessible-autocomplete.php:99\nStack trace:\n#0 /wordpress/wp-admin/includes/plugin.php(2387): include_once()\n#1 /wordpress/wp-admin/includes/plugin.php(673): plugin_sandbox_scrape('mootools-access...')\n#2 /internal/eval.php(20): activate_plugin('mootools-access...')\n#3 {main}\n  thrown in /wordpress/wp-content/plugins/mootools-accessible-autocomplete/mootools-accessible-autocomplete.php on line 99",
    "log": "/logs/plugins/m/myloyal/error.json"
  },
  {
    "message": "Uncaught Error: Undefined constant \"our_custom_check_filetype_and_ext\" in /wordpress/wp-content/plugins/more-file-types/more-file-types.php:62",
    "level": "FATAL",
    "type": "PHP",
    "test": "ast-sqlite-boot",
    "plugin": "myloyal",
    "details": "[28-May-2025 13:25:14 UTC] PHP Fatal error:  Uncaught Error: Undefined constant \"our_custom_check_filetype_and_ext\" in /wordpress/wp-content/plugins/more-file-types/more-file-types.php:62\nStack trace:\n#0 /wordpress/wp-admin/includes/plugin.php(2387): include_once()\n#1 /wordpress/wp-admin/includes/plugin.php(673): plugin_sandbox_scrape('more-file-types...')\n#2 /internal/eval.php(20): activate_plugin('more-file-types...')\n#3 {main}\n  thrown in /wordpress/wp-content/plugins/more-file-types/more-file-types.php on line 62",
    "log": "/logs/plugins/m/myloyal/error.json"
  },
  {
    "message": "Uncaught Error: Undefined constant \"our_custom_check_filetype_and_ext\" in /wordpress/wp-content/plugins/more-file-types/more-file-types.php:62",
    "level": "FATAL",
    "type": "PHP",
    "test": "ast-sqlite-boot",
    "plugin": "myloyal",
    "details": "[28-May-2025 13:25:21 UTC] PHP Fatal error:  Uncaught Error: Undefined constant \"our_custom_check_filetype_and_ext\" in /wordpress/wp-content/plugins/more-file-types/more-file-types.php:62\nStack trace:\n#0 /wordpress/wp-admin/includes/plugin.php(2387): include_once()\n#1 /wordpress/wp-admin/includes/plugin.php(673): plugin_sandbox_scrape('more-file-types...')\n#2 /internal/eval.php(20): activate_plugin('more-file-types...')\n#3 {main}\n  thrown in /wordpress/wp-content/plugins/more-file-types/more-file-types.php on line 62",
    "log": "/logs/plugins/m/myloyal/error.json"
  },
  {
    "message": "Uncaught Error: Undefined constant \"our_custom_check_filetype_and_ext\" in /wordpress/wp-content/plugins/more-file-types/more-file-types.php:62",
    "level": "FATAL",
    "type": "PHP",
    "test": "ast-sqlite-boot",
    "plugin": "myloyal",
    "details": "[28-May-2025 13:25:29 UTC] PHP Fatal error:  Uncaught Error: Undefined constant \"our_custom_check_filetype_and_ext\" in /wordpress/wp-content/plugins/more-file-types/more-file-types.php:62\nStack trace:\n#0 /wordpress/wp-admin/includes/plugin.php(2387): include_once()\n#1 /wordpress/wp-admin/includes/plugin.php(673): plugin_sandbox_scrape('more-file-types...')\n#2 /internal/eval.php(20): activate_plugin('more-file-types...')\n#3 {main}\n  thrown in /wordpress/wp-content/plugins/more-file-types/more-file-types.php on line 62",
    "log": "/logs/plugins/m/myloyal/error.json"
  },
  {
    "message": "Uncaught Error: Call to undefined function create_function() in /wordpress/wp-content/plugins/most-popular-posts/most-popular.php:13",
    "level": "FATAL",
    "type": "PHP",
    "test": "ast-sqlite-boot",
    "plugin": "myloyal",
    "details": "[28-May-2025 13:26:05 UTC] PHP Fatal error:  Uncaught Error: Call to undefined function create_function() in /wordpress/wp-content/plugins/most-popular-posts/most-popular.php:13\nStack trace:\n#0 /wordpress/wp-admin/includes/plugin.php(2387): include_once()\n#1 /wordpress/wp-admin/includes/plugin.php(673): plugin_sandbox_scrape('most-popular-po...')\n#2 /internal/eval.php(20): activate_plugin('most-popular-po...')\n#3 {main}\n  thrown in /wordpress/wp-content/plugins/most-popular-posts/most-popular.php on line 13",
    "log": "/logs/plugins/m/myloyal/error.json"
  },
  {
    "message": "Uncaught Error: Call to undefined function create_function() in /wordpress/wp-content/plugins/most-popular-posts/most-popular.php:13",
    "level": "FATAL",
    "type": "PHP",
    "test": "ast-sqlite-boot",
    "plugin": "myloyal",
    "details": "[28-May-2025 13:26:13 UTC] PHP Fatal error:  Uncaught Error: Call to undefined function create_function() in /wordpress/wp-content/plugins/most-popular-posts/most-popular.php:13\nStack trace:\n#0 /wordpress/wp-admin/includes/plugin.php(2387): include_once()\n#1 /wordpress/wp-admin/includes/plugin.php(673): plugin_sandbox_scrape('most-popular-po...')\n#2 /internal/eval.php(20): activate_plugin('most-popular-po...')\n#3 {main}\n  thrown in /wordpress/wp-content/plugins/most-popular-posts/most-popular.php on line 13",
    "log": "/logs/plugins/m/myloyal/error.json"
  },
  {
    "message": "Uncaught Error: Call to undefined function create_function() in /wordpress/wp-content/plugins/most-popular-posts/most-popular.php:13",
    "level": "FATAL",
    "type": "PHP",
    "test": "ast-sqlite-boot",
    "plugin": "myloyal",
    "details": "[28-May-2025 13:26:20 UTC] PHP Fatal error:  Uncaught Error: Call to undefined function create_function() in /wordpress/wp-content/plugins/most-popular-posts/most-popular.php:13\nStack trace:\n#0 /wordpress/wp-admin/includes/plugin.php(2387): include_once()\n#1 /wordpress/wp-admin/includes/plugin.php(673): plugin_sandbox_scrape('most-popular-po...')\n#2 /internal/eval.php(20): activate_plugin('most-popular-po...')\n#3 {main}\n  thrown in /wordpress/wp-content/plugins/most-popular-posts/most-popular.php on line 13",
    "log": "/logs/plugins/m/myloyal/error.json"
  },
  {
    "message": "Required parameter $value follows optional parameter $parent in /wordpress/wp-content/plugins/myloyal/core/options.php on line 92",
    "level": "DEPRECATED",
    "type": "PHP",
    "test": "ast-sqlite-boot",
    "plugin": "myloyal",
    "details": "[28-May-2025 13:26:30 UTC] PHP Deprecated:  Required parameter $value follows optional parameter $parent in /wordpress/wp-content/plugins/myloyal/core/options.php on line 92",
    "log": "/logs/plugins/m/myloyal/error.json"
  },
  {
    "message": "foreach() argument must be of type array|object, null given in /wordpress/wp-content/plugins/myloyal/core/action-runner.php on line 49",
    "level": "WARNING",
    "type": "PHP",
    "test": "ast-sqlite-boot",
    "plugin": "myloyal",
    "details": "[28-May-2025 13:26:30 UTC] PHP Warning:  foreach() argument must be of type array|object, null given in /wordpress/wp-content/plugins/myloyal/core/action-runner.php on line 49",
    "log": "/logs/plugins/m/myloyal/error.json"
  },
  {
    "message": "Uncaught Exception: <div style=\"clear:both\">&nbsp;</div>",
    "level": "FATAL",
    "type": "PHP",
    "test": "ast-sqlite-boot",
    "plugin": "myloyal",
    "details": "[28-May-2025 13:26:30 UTC] PHP Fatal error:  Uncaught Exception: <div style=\"clear:both\">&nbsp;</div>\n<div class=\"queries\" style=\"clear:both;margin-bottom:2px;border:red dotted thin;\">\n<p>MySQL query:</p>\n<p>alter table `wp_myloyal_badge_user` add constraint `myloyal_badge_user_user_id_foreign` foreign key (`user_id`) references `wp_users` (`ID`) on delete cascade</p>\n<p>Queries made or created this session were:</p>\n<ol>\n<li>Executing: BEGIN | (no parameters)</li>\n<li>Executing: SELECT 1 FROM sqlite_temp_schema WHERE type = 'table' AND name = ? | parameters: wp_myloyal_badge_user</li>\n<li>Executing: SELECT\n\t\t\t\t\tCOLUMN_NAME,\n\t\t\t\t\tLOWER(COLUMN_NAME) AS COLUMN_NAME_LOWERCASE\n\t\t\t\tFROM `_wp_sqlite_mysql_information_schema_columns` WHERE table_schema = ? AND table_name = ? | parameters: database_name_here, wp_myloyal_badge_user</li>\n<li>Executing: SELECT 1 FROM sqlite_temp_schema WHERE type = 'table' AND name = ? | parameters: wp_myloyal_badge_user</li>\n<li>Executing: ROLLBACK | (no parameters)</li>\n</ol>\n</div>\n<div style=\"clear:both;margin-bottom:2px;border:red dotted thin;\" class=\"error_message\" style=\"border-bottom:dotted blue thin;\">\nFOREIGN KEY and CHECK constraints are not supported yet.\n</div>\n<p>Backtrace:</p>\n<pre>#0 /internal/shared/sqlite-database-integration/wp-includes/sqlite-ast/class-wp-sqlite-driver.php(683): WP_SQLite_Driver->new_driver_exception('FOREIGN KEY and...', 0, Object(Exception))\n#1 /internal/shared/sqlite-database-integration/wp-includes/sqlite/class-wp-sqlite-db.php(491): WP_SQLite_Driver->query('alter table `wp...')\n#2 /internal/shared/sqlite-database-integration/wp-includes/sqlite/class-wp-sqlite-db.php(432): WP_SQLite_DB->_do_query('alter table `wp...')\n#3 /wordpress/wp-content/plugins/myloyal/vendor/as247/wp-eloquent/src/Database/WpConnection.php(147): WP_SQLite_DB->query('alter table `wp...')\n#4 /wordpress/wp-content/plugins/myloyal/vendor/as247/wp-eloquent/src/Database/Connection.php(664): As247\\WpEloquent\\Database\\WpConnection->As247\\WpEloquent\\Database\\{closure}('alter table `wp...', Array)\n#5 /wordpress/wp-content/plugins/myloyal/vendor/as247/wp-eloquent/src/Database/Connection.php(631): As247\\WpEloquent\\Database\\Connection->runQueryCallback('alter table `wp...', Array, Object(Closure))\n#6 /wordpress/wp-content/plugins/myloyal/vendor/as247/wp-eloquent/src/Database/WpConnection.php(156): As247\\WpEloquent\\Database\\Connection->run('alter table `wp...', Array, Object(Closure))\n#7 /wordpress/wp-content/plugins/myloyal/vendor/as247/wp-eloquent/src/Database/WpConnection.php(132): As247\\WpEloquent\\Database\\WpConnection->runRawQuery('alter table `wp...', true)\n#8 /wordpress/wp-content/plugins/myloyal/vendor/as247/wp-eloquent/src/Database/WpConnection.php(108): As247\\WpEloquent\\Database\\WpConnection->unprepared('alter table `wp...')\n#9 /wordpress/wp-content/plugins/myloyal/vendor/as247/wp-eloquent/src/Database/Schema/Blueprint.php(103): As247\\WpEloquent\\Database\\WpConnection->statement('alter table `wp...')\n#10 /wordpress/wp-content/plugins/myloyal/vendor/as247/wp-eloquent/src/Database/Schema/Builder.php(323): As247\\WpEloquent\\Database\\Schema\\Blueprint->build(Object(As247\\WpEloquent\\Database\\WpConnection), Object(As247\\WpEloquent\\Database\\Schema\\Grammars\\MySqlGrammar))\n#11 /wordpress/wp-content/plugins/myloyal/vendor/as247/wp-eloquent/src/Database/Schema/Builder.php(200): As247\\WpEloquent\\Database\\Schema\\Builder->build(Object(As247\\WpEloquent\\Database\\Schema\\Blueprint))\n#12 /wordpress/wp-content/plugins/myloyal/vendor/as247/wp-eloquent/src/Support/Facades/Facade.php(261): As247\\WpEloquent\\Database\\Schema\\Builder->create('myloyal_badge_u...', Object(Closure))\n#13 /wordpress/wp-content/plugins/myloyal/migrations/badge-user.php(20): As247\\WpEloquent\\Support\\Facades\\Facade::__callStatic('create', Array)\n#14 /wordpress/wp-content/plugins/myloyal/myloyal.php(127): myLoyal\\migrations\\Badge_User->run()\n#15 /wordpress/wp-includes/class-wp-hook.php(324): myLoyal\\MyLoyal_Init->on_active(false)\n#16 /wordpress/wp-includes/class-wp-hook.php(348): WP_Hook->apply_filters('', Array)\n#17 /wordpress/wp-includes/plugin.php(517): WP_Hook->do_action(Array)\n#18 /wordpress/wp-admin/includes/plugin.php(703): do_action('activate_myloya...', false)\n#19 /internal/eval.php(20): activate_plugin('myloyal/myloyal...')\n#20 {main}</pre>\n in /wordpress/wp-content/plugins/myloyal/vendor/as247/wp-eloquent/src/Database/WpConnection.php:150\nStack trace:\n#0 /wordpress/wp-content/plugins/myloyal/vendor/as247/wp-eloquent/src/Database/Connection.php(664): As247\\WpEloquent\\Database\\WpConnection->As247\\WpEloquent\\Database\\{closure}('alter table `wp...', Array)\n#1 /wordpress/wp-content/plugins/myloyal/vendor/as247/wp-eloquent/src/Database/Connection.php(631): As247\\WpEloquent\\Database\\Connection->runQueryCallback('alter table `wp...', Array, Object(Closure))\n#2 /wordpress/wp-content/plugins/myloyal/vendor/as247/wp-eloquent/src/Database/WpConnection.php(156): As247\\WpEloquent\\Database\\Connection->run('alter table `wp...', Array, Object(Closure))\n#3 /wordpress/wp-content/plugins/myloyal/vendor/as247/wp-eloquent/src/Database/WpConnection.php(132): As247\\WpEloquent\\Database\\WpConnection->runRawQuery('alter table `wp...', true)\n#4 /wordpress/wp-content/plugins/myloyal/vendor/as247/wp-eloquent/src/Database/WpConnection.php(108): As247\\WpEloquent\\Database\\WpConnection->unprepared('alter table `wp...')\n#5 /wordpress/wp-content/plugins/myloyal/vendor/as247/wp-eloquent/src/Database/Schema/Blueprint.php(103): As247\\WpEloquent\\Database\\WpConnection->statement('alter table `wp...')\n#6 /wordpress/wp-content/plugins/myloyal/vendor/as247/wp-eloquent/src/Database/Schema/Builder.php(323): As247\\WpEloquent\\Database\\Schema\\Blueprint->build(Object(As247\\WpEloquent\\Database\\WpConnection), Object(As247\\WpEloquent\\Database\\Schema\\Grammars\\MySqlGrammar))\n#7 /wordpress/wp-content/plugins/myloyal/vendor/as247/wp-eloquent/src/Database/Schema/Builder.php(200): As247\\WpEloquent\\Database\\Schema\\Builder->build(Object(As247\\WpEloquent\\Database\\Schema\\Blueprint))\n#8 /wordpress/wp-content/plugins/myloyal/vendor/as247/wp-eloquent/src/Support/Facades/Facade.php(261): As247\\WpEloquent\\Database\\Schema\\Builder->create('myloyal_badge_u...', Object(Closure))\n#9 /wordpress/wp-content/plugins/myloyal/migrations/badge-user.php(20): As247\\WpEloquent\\Support\\Facades\\Facade::__callStatic('create', Array)\n#10 /wordpress/wp-content/plugins/myloyal/myloyal.php(127): myLoyal\\migrations\\Badge_User->run()\n#11 /wordpress/wp-includes/class-wp-hook.php(324): myLoyal\\MyLoyal_Init->on_active(false)\n#12 /wordpress/wp-includes/class-wp-hook.php(348): WP_Hook->apply_filters('', Array)\n#13 /wordpress/wp-includes/plugin.php(517): WP_Hook->do_action(Array)\n#14 /wordpress/wp-admin/includes/plugin.php(703): do_action('activate_myloya...', false)\n#15 /internal/eval.php(20): activate_plugin('myloyal/myloyal...')\n#16 {main}\n\nNext As247\\WpEloquent\\Database\\QueryException: <div style=\"clear:both\">&nbsp;</div>\n<div class=\"queries\" style=\"clear:both;margin-bottom:2px;border:red dotted thin;\">\n<p>MySQL query:</p>\n<p>alter table `wp_myloyal_badge_user` add constraint `myloyal_badge_user_user_id_foreign` foreign key (`user_id`) references `wp_users` (`ID`) on delete cascade</p>\n<p>Queries made or created this session were:</p>\n<ol>\n<li>Executing: BEGIN | (no parameters)</li>\n<li>Executing: SELECT 1 FROM sqlite_temp_schema WHERE type = 'table' AND name = ? | parameters: wp_myloyal_badge_user</li>\n<li>Executing: SELECT\n\t\t\t\t\tCOLUMN_NAME,\n\t\t\t\t\tLOWER(COLUMN_NAME) AS COLUMN_NAME_LOWERCASE\n\t\t\t\tFROM `_wp_sqlite_mysql_information_schema_columns` WHERE table_schema = ? AND table_name = ? | parameters: database_name_here, wp_myloyal_badge_user</li>\n<li>Executing: SELECT 1 FROM sqlite_temp_schema WHERE type = 'table' AND name = ? | parameters: wp_myloyal_badge_user</li>\n<li>Executing: ROLLBACK | (no parameters)</li>\n</ol>\n</div>\n<div style=\"clear:both;margin-bottom:2px;border:red dotted thin;\" class=\"error_message\" style=\"border-bottom:dotted blue thin;\">\nFOREIGN KEY and CHECK constraints are not supported yet.\n</div>\n<p>Backtrace:</p>\n<pre>#0 /internal/shared/sqlite-database-integration/wp-includes/sqlite-ast/class-wp-sqlite-driver.php(683): WP_SQLite_Driver->new_driver_exception('FOREIGN KEY and...', 0, Object(Exception))\n#1 /internal/shared/sqlite-database-integration/wp-includes/sqlite/class-wp-sqlite-db.php(491): WP_SQLite_Driver->query('alter table `wp...')\n#2 /internal/shared/sqlite-database-integration/wp-includes/sqlite/class-wp-sqlite-db.php(432): WP_SQLite_DB->_do_query('alter table `wp...')\n#3 /wordpress/wp-content/plugins/myloyal/vendor/as247/wp-eloquent/src/Database/WpConnection.php(147): WP_SQLite_DB->query('alter table `wp...')\n#4 /wordpress/wp-content/plugins/myloyal/vendor/as247/wp-eloquent/src/Database/Connection.php(664): As247\\WpEloquent\\Database\\WpConnection->As247\\WpEloquent\\Database\\{closure}('alter table `wp...', Array)\n#5 /wordpress/wp-content/plugins/myloyal/vendor/as247/wp-eloquent/src/Database/Connection.php(631): As247\\WpEloquent\\Database\\Connection->runQueryCallback('alter table `wp...', Array, Object(Closure))\n#6 /wordpress/wp-content/plugins/myloyal/vendor/as247/wp-eloquent/src/Database/WpConnection.php(156): As247\\WpEloquent\\Database\\Connection->run('alter table `wp...', Array, Object(Closure))\n#7 /wordpress/wp-content/plugins/myloyal/vendor/as247/wp-eloquent/src/Database/WpConnection.php(132): As247\\WpEloquent\\Database\\WpConnection->runRawQuery('alter table `wp...', true)\n#8 /wordpress/wp-content/plugins/myloyal/vendor/as247/wp-eloquent/src/Database/WpConnection.php(108): As247\\WpEloquent\\Database\\WpConnection->unprepared('alter table `wp...')\n#9 /wordpress/wp-content/plugins/myloyal/vendor/as247/wp-eloquent/src/Database/Schema/Blueprint.php(103): As247\\WpEloquent\\Database\\WpConnection->statement('alter table `wp...')\n#10 /wordpress/wp-content/plugins/myloyal/vendor/as247/wp-eloquent/src/Database/Schema/Builder.php(323): As247\\WpEloquent\\Database\\Schema\\Blueprint->build(Object(As247\\WpEloquent\\Database\\WpConnection), Object(As247\\WpEloquent\\Database\\Schema\\Grammars\\MySqlGrammar))\n#11 /wordpress/wp-content/plugins/myloyal/vendor/as247/wp-eloquent/src/Database/Schema/Builder.php(200): As247\\WpEloquent\\Database\\Schema\\Builder->build(Object(As247\\WpEloquent\\Database\\Schema\\Blueprint))\n#12 /wordpress/wp-content/plugins/myloyal/vendor/as247/wp-eloquent/src/Support/Facades/Facade.php(261): As247\\WpEloquent\\Database\\Schema\\Builder->create('myloyal_badge_u...', Object(Closure))\n#13 /wordpress/wp-content/plugins/myloyal/migrations/badge-user.php(20): As247\\WpEloquent\\Support\\Facades\\Facade::__callStatic('create', Array)\n#14 /wordpress/wp-content/plugins/myloyal/myloyal.php(127): myLoyal\\migrations\\Badge_User->run()\n#15 /wordpress/wp-includes/class-wp-hook.php(324): myLoyal\\MyLoyal_Init->on_active(false)\n#16 /wordpress/wp-includes/class-wp-hook.php(348): WP_Hook->apply_filters('', Array)\n#17 /wordpress/wp-includes/plugin.php(517): WP_Hook->do_action(Array)\n#18 /wordpress/wp-admin/includes/plugin.php(703): do_action('activate_myloya...', false)\n#19 /internal/eval.php(20): activate_plugin('myloyal/myloyal...')\n#20 {main}</pre>\n (SQL: alter table `wp_myloyal_badge_user` add constraint `myloyal_badge_user_user_id_foreign` foreign key (`user_id`) references `wp_users` (`ID`) on delete cascade) in /wordpress/wp-content/plugins/myloyal/vendor/as247/wp-eloquent/src/Database/WpConnection.php:150\nStack trace:\n#0 /wordpress/wp-content/plugins/myloyal/vendor/as247/wp-eloquent/src/Database/Connection.php(664): As247\\WpEloquent\\Database\\WpConnection->As247\\WpEloquent\\Database\\{closure}('alter table `wp...', Array)\n#1 /wordpress/wp-content/plugins/myloyal/vendor/as247/wp-eloquent/src/Database/Connection.php(631): As247\\WpEloquent\\Database\\Connection->runQueryCallback('alter table `wp...', Array, Object(Closure))\n#2 /wordpress/wp-content/plugins/myloyal/vendor/as247/wp-eloquent/src/Database/WpConnection.php(156): As247\\WpEloquent\\Database\\Connection->run('alter table `wp...', Array, Object(Closure))\n#3 /wordpress/wp-content/plugins/myloyal/vendor/as247/wp-eloquent/src/Database/WpConnection.php(132): As247\\WpEloquent\\Database\\WpConnection->runRawQuery('alter table `wp...', true)\n#4 /wordpress/wp-content/plugins/myloyal/vendor/as247/wp-eloquent/src/Database/WpConnection.php(108): As247\\WpEloquent\\Database\\WpConnection->unprepared('alter table `wp...')\n#5 /wordpress/wp-content/plugins/myloyal/vendor/as247/wp-eloquent/src/Database/Schema/Blueprint.php(103): As247\\WpEloquent\\Database\\WpConnection->statement('alter table `wp...')\n#6 /wordpress/wp-content/plugins/myloyal/vendor/as247/wp-eloquent/src/Database/Schema/Builder.php(323): As247\\WpEloquent\\Database\\Schema\\Blueprint->build(Object(As247\\WpEloquent\\Database\\WpConnection), Object(As247\\WpEloquent\\Database\\Schema\\Grammars\\MySqlGrammar))\n#7 /wordpress/wp-content/plugins/myloyal/vendor/as247/wp-eloquent/src/Database/Schema/Builder.php(200): As247\\WpEloquent\\Database\\Schema\\Builder->build(Object(As247\\WpEloquent\\Database\\Schema\\Blueprint))\n#8 /wordpress/wp-content/plugins/myloyal/vendor/as247/wp-eloquent/src/Support/Facades/Facade.php(261): As247\\WpEloquent\\Database\\Schema\\Builder->create('myloyal_badge_u...', Object(Closure))\n#9 /wordpress/wp-content/plugins/myloyal/migrations/badge-user.php(20): As247\\WpEloquent\\Support\\Facades\\Facade::__callStatic('create', Array)\n#10 /wordpress/wp-content/plugins/myloyal/myloyal.php(127): myLoyal\\migrations\\Badge_User->run()\n#11 /wordpress/wp-includes/class-wp-hook.php(324): myLoyal\\MyLoyal_Init->on_active(false)\n#12 /wordpress/wp-includes/class-wp-hook.php(348): WP_Hook->apply_filters('', Array)\n#13 /wordpress/wp-includes/plugin.php(517): WP_Hook->do_action(Array)\n#14 /wordpress/wp-admin/includes/plugin.php(703): do_action('activate_myloya...', false)\n#15 /internal/eval.php(20): activate_plugin('myloyal/myloyal...')\n#16 {main}\n\nNext As247\\WpEloquent\\Database\\QueryException: <div style=\"clear:both\">&nbsp;</div>\n<div class=\"queries\" style=\"clear:both;margin-bottom:2px;border:red dotted thin;\">\n<p>MySQL query:</p>\n<p>alter table `wp_myloyal_badge_user` add constraint `myloyal_badge_user_user_id_foreign` foreign key (`user_id`) references `wp_users` (`ID`) on delete cascade</p>\n<p>Queries made or created this session were:</p>\n<ol>\n<li>Executing: BEGIN | (no parameters)</li>\n<li>Executing: SELECT 1 FROM sqlite_temp_schema WHERE type = 'table' AND name = ? | parameters: wp_myloyal_badge_user</li>\n<li>Executing: SELECT\n\t\t\t\t\tCOLUMN_NAME,\n\t\t\t\t\tLOWER(COLUMN_NAME) AS COLUMN_NAME_LOWERCASE\n\t\t\t\tFROM `_wp_sqlite_mysql_information_schema_columns` WHERE table_schema = ? AND table_name = ? | parameters: database_name_here, wp_myloyal_badge_user</li>\n<li>Executing: SELECT 1 FROM sqlite_temp_schema WHERE type = 'table' AND name = ? | parameters: wp_myloyal_badge_user</li>\n<li>Executing: ROLLBACK | (no parameters)</li>\n</ol>\n</div>\n<div style=\"clear:both;margin-bottom:2px;border:red dotted thin;\" class=\"error_message\" style=\"border-bottom:dotted blue thin;\">\nFOREIGN KEY and CHECK constraints are not supported yet.\n</div>\n<p>Backtrace:</p>\n<pre>#0 /internal/shared/sqlite-database-integration/wp-includes/sqlite-ast/class-wp-sqlite-driver.php(683): WP_SQLite_Driver->new_driver_exception('FOREIGN KEY and...', 0, Object(Exception))\n#1 /internal/shared/sqlite-database-integration/wp-includes/sqlite/class-wp-sqlite-db.php(491): WP_SQLite_Driver->query('alter table `wp...')\n#2 /internal/shared/sqlite-database-integration/wp-includes/sqlite/class-wp-sqlite-db.php(432): WP_SQLite_DB->_do_query('alter table `wp...')\n#3 /wordpress/wp-content/plugins/myloyal/vendor/as247/wp-eloquent/src/Database/WpConnection.php(147): WP_SQLite_DB->query('alter table `wp...')\n#4 /wordpress/wp-content/plugins/myloyal/vendor/as247/wp-eloquent/src/Database/Connection.php(664): As247\\WpEloquent\\Database\\WpConnection->As247\\WpEloquent\\Database\\{closure}('alter table `wp...', Array)\n#5 /wordpress/wp-content/plugins/myloyal/vendor/as247/wp-eloquent/src/Database/Connection.php(631): As247\\WpEloquent\\Database\\Connection->runQueryCallback('alter table `wp...', Array, Object(Closure))\n#6 /wordpress/wp-content/plugins/myloyal/vendor/as247/wp-eloquent/src/Database/WpConnection.php(156): As247\\WpEloquent\\Database\\Connection->run('alter table `wp...', Array, Object(Closure))\n#7 /wordpress/wp-content/plugins/myloyal/vendor/as247/wp-eloquent/src/Database/WpConnection.php(132): As247\\WpEloquent\\Database\\WpConnection->runRawQuery('alter table `wp...', true)\n#8 /wordpress/wp-content/plugins/myloyal/vendor/as247/wp-eloquent/src/Database/WpConnection.php(108): As247\\WpEloquent\\Database\\WpConnection->unprepared('alter table `wp...')\n#9 /wordpress/wp-content/plugins/myloyal/vendor/as247/wp-eloquent/src/Database/Schema/Blueprint.php(103): As247\\WpEloquent\\Database\\WpConnection->statement('alter table `wp...')\n#10 /wordpress/wp-content/plugins/myloyal/vendor/as247/wp-eloquent/src/Database/Schema/Builder.php(323): As247\\WpEloquent\\Database\\Schema\\Blueprint->build(Object(As247\\WpEloquent\\Database\\WpConnection), Object(As247\\WpEloquent\\Database\\Schema\\Grammars\\MySqlGrammar))\n#11 /wordpress/wp-content/plugins/myloyal/vendor/as247/wp-eloquent/src/Database/Schema/Builder.php(200): As247\\WpEloquent\\Database\\Schema\\Builder->build(Object(As247\\WpEloquent\\Database\\Schema\\Blueprint))\n#12 /wordpress/wp-content/plugins/myloyal/vendor/as247/wp-eloquent/src/Support/Facades/Facade.php(261): As247\\WpEloquent\\Database\\Schema\\Builder->create('myloyal_badge_u...', Object(Closure))\n#13 /wordpress/wp-content/plugins/myloyal/migrations/badge-user.php(20): As247\\WpEloquent\\Support\\Facades\\Facade::__callStatic('create', Array)\n#14 /wordpress/wp-content/plugins/myloyal/myloyal.php(127): myLoyal\\migrations\\Badge_User->run()\n#15 /wordpress/wp-includes/class-wp-hook.php(324): myLoyal\\MyLoyal_Init->on_active(false)\n#16 /wordpress/wp-includes/class-wp-hook.php(348): WP_Hook->apply_filters('', Array)\n#17 /wordpress/wp-includes/plugin.php(517): WP_Hook->do_action(Array)\n#18 /wordpress/wp-admin/includes/plugin.php(703): do_action('activate_myloya...', false)\n#19 /internal/eval.php(20): activate_plugin('myloyal/myloyal...')\n#20 {main}</pre>\n (SQL: alter table `wp_myloyal_badge_user` add constraint `myloyal_badge_user_user_id_foreign` foreign key (`user_id`) references `wp_users` (`ID`) on delete cascade) (SQL: alter table `wp_myloyal_badge_user` add constraint `myloyal_badge_user_user_id_foreign` foreign key (`user_id`) references `wp_users` (`ID`) on delete cascade) in /wordpress/wp-content/plugins/myloyal/vendor/as247/wp-eloquent/src/Database/Connection.php:671\nStack trace:\n#0 /wordpress/wp-content/plugins/myloyal/vendor/as247/wp-eloquent/src/Database/Connection.php(631): As247\\WpEloquent\\Database\\Connection->runQueryCallback('alter table `wp...', Array, Object(Closure))\n#1 /wordpress/wp-content/plugins/myloyal/vendor/as247/wp-eloquent/src/Database/WpConnection.php(156): As247\\WpEloquent\\Database\\Connection->run('alter table `wp...', Array, Object(Closure))\n#2 /wordpress/wp-content/plugins/myloyal/vendor/as247/wp-eloquent/src/Database/WpConnection.php(132): As247\\WpEloquent\\Database\\WpConnection->runRawQuery('alter table `wp...', true)\n#3 /wordpress/wp-content/plugins/myloyal/vendor/as247/wp-eloquent/src/Database/WpConnection.php(108): As247\\WpEloquent\\Database\\WpConnection->unprepared('alter table `wp...')\n#4 /wordpress/wp-content/plugins/myloyal/vendor/as247/wp-eloquent/src/Database/Schema/Blueprint.php(103): As247\\WpEloquent\\Database\\WpConnection->statement('alter table `wp...')\n#5 /wordpress/wp-content/plugins/myloyal/vendor/as247/wp-eloquent/src/Database/Schema/Builder.php(323): As247\\WpEloquent\\Database\\Schema\\Blueprint->build(Object(As247\\WpEloquent\\Database\\WpConnection), Object(As247\\WpEloquent\\Database\\Schema\\Grammars\\MySqlGrammar))\n#6 /wordpress/wp-content/plugins/myloyal/vendor/as247/wp-eloquent/src/Database/Schema/Builder.php(200): As247\\WpEloquent\\Database\\Schema\\Builder->build(Object(As247\\WpEloquent\\Database\\Schema\\Blueprint))\n#7 /wordpress/wp-content/plugins/myloyal/vendor/as247/wp-eloquent/src/Support/Facades/Facade.php(261): As247\\WpEloquent\\Database\\Schema\\Builder->create('myloyal_badge_u...', Object(Closure))\n#8 /wordpress/wp-content/plugins/myloyal/migrations/badge-user.php(20): As247\\WpEloquent\\Support\\Facades\\Facade::__callStatic('create', Array)\n#9 /wordpress/wp-content/plugins/myloyal/myloyal.php(127): myLoyal\\migrations\\Badge_User->run()\n#10 /wordpress/wp-includes/class-wp-hook.php(324): myLoyal\\MyLoyal_Init->on_active(false)\n#11 /wordpress/wp-includes/class-wp-hook.php(348): WP_Hook->apply_filters('', Array)\n#12 /wordpress/wp-includes/plugin.php(517): WP_Hook->do_action(Array)\n#13 /wordpress/wp-admin/includes/plugin.php(703): do_action('activate_myloya...', false)\n#14 /internal/eval.php(20): activate_plugin('myloyal/myloyal...')\n#15 {main}\n  thrown in /wordpress/wp-content/plugins/myloyal/vendor/as247/wp-eloquent/src/Database/Connection.php on line 671\n\n    at Object.onBind (file:///home/runner/work/playground-tester/playground-tester/node_modules/@wp-playground/cli/index.js:237:15)\n    at process.processTicksAndRejections (node:internal/process/task_queues:105:5)\n    at async V (file:///home/runner/work/playground-tester/playground-tester/node_modules/@wp-playground/cli/index.js:64:10)\n    at async ja (file:///home/runner/work/playground-tester/playground-tester/node_modules/@wp-playground/cli/cli.js:8161:12) {\n  [cause]: Error: Error when executing the blueprint step #5 ({\"step\":\"installPlugin\",\"pluginData\":{\"resource\":\"wordpress.org/plugins\",\"slug\":\"myloyal\"},\"options\":{\"activate\":true}}) : PHP.run() failed with exit code 255 and the following output: \n      at Object.run (file:///home/runner/work/playground-tester/playground-tester/node_modules/@wp-playground/blueprints/index.js:12449:19)\n      at process.processTicksAndRejections (node:internal/process/task_queues:105:5)\n      at async ms (file:///home/runner/work/playground-tester/playground-tester/node_modules/@wp-playground/blueprints/index.js:12552:3)\n      ... 2 lines matching cause stack trace ...\n      at async ja (file:///home/runner/work/playground-tester/playground-tester/node_modules/@wp-playground/cli/cli.js:8161:12) {\n    [cause]: PHPExecutionFailureError: PHP.run() failed with exit code 255 and the following output: \n        at PHP.run (file:///home/runner/work/playground-tester/playground-tester/node_modules/@php-wasm/universal/index.js:987:19)\n        at process.processTicksAndRejections (node:internal/process/task_queues:105:5)\n        at async wr (file:///home/runner/work/playground-tester/playground-tester/node_modules/@wp-playground/blueprints/index.js:33:39)\n        at async Object.gt [as installPlugin] (file:///home/runner/work/playground-tester/playground-tester/node_modules/@wp-playground/blueprints/index.js:974:42)\n        at async g (file:///home/runner/work/playground-tester/playground-tester/node_modules/@wp-playground/blueprints/index.js:12517:30)\n        at async Object.run (file:///home/runner/work/playground-tester/playground-tester/node_modules/@wp-playground/blueprints/index.js:12446:23)\n        at async ms (file:///home/runner/work/playground-tester/playground-tester/node_modules/@wp-playground/blueprints/index.js:12552:3)\n        at async Object.onBind (file:///home/runner/work/playground-tester/playground-tester/node_modules/@wp-playground/cli/index.js:227:48)\n        at async V (file:///home/runner/work/playground-tester/playground-tester/node_modules/@wp-playground/cli/index.js:64:10)\n        at async ja (file:///home/runner/work/playground-tester/playground-tester/node_modules/@wp-playground/cli/cli.js:8161:12) {\n      response: PHPResponse {\n        httpStatusCode: 500,\n        headers: {\n          'x-powered-by': [ 'PHP/8.0.30-dev' ],\n          'content-type': [ 'text/html; charset=UTF-8' ]\n        },\n        bytes: Uint8Array(0) [],\n        exitCode: 255,\n        errors: ''\n      },\n      source: 'request'\n    }\n  }\n}\n\n",
    "log": "/logs/plugins/m/myloyal/error.json"
  }
]
