[
{"message":"file:///home/runner/work/playground-tester/playground-tester/node_modules/@wp-playground/cli/run-cli-j-geJYS3.js:325\n        throw new Error($, { cause: h });\n              ^\n","level":"FATAL","type":"PLAYGROUND","test":"asyncify-boot","plugin":"simple-daily-quotes","details":"file:///home/runner/work/playground-tester/playground-tester/node_modules/@wp-playground/cli/run-cli-j-geJYS3.js:325\n        throw new Error($, { cause: h });\n              ^\n","log":"/tmp/tmp.7s6nL7G1L2"}
,
{"message":"[21-Jun-2025 15:27:16 UTC] [Squad Modules] [ERROR]: [Missing Divi] Requirements check failed: Divi Installation. Current: Not installed. Expected: Divi theme or Divi Builder plugin must be installed.","level":"INFO","type":"OTHER","test":"asyncify-boot","plugin":"simple-daily-quotes","details":"[21-Jun-2025 15:27:16 UTC] [Squad Modules] [ERROR]: [Missing Divi] Requirements check failed: Divi Installation. Current: Not installed. Expected: Divi theme or Divi Builder plugin must be installed.","log":"/logs/plugins/s/simple-daily-quotes/error.json"}
,
{"message":"[21-Jun-2025 15:27:17 UTC] [Squad Modules] [ERROR]: [Missing Divi] Requirements check failed: Divi Installation. Current: Not installed. Expected: Divi theme or Divi Builder plugin must be installed.","level":"INFO","type":"OTHER","test":"asyncify-boot","plugin":"simple-daily-quotes","details":"[21-Jun-2025 15:27:17 UTC] [Squad Modules] [ERROR]: [Missing Divi] Requirements check failed: Divi Installation. Current: Not installed. Expected: Divi theme or Divi Builder plugin must be installed.","log":"/logs/plugins/s/simple-daily-quotes/error.json"}
,
{"message":"[21-Jun-2025 15:27:23 UTC] [Squad Modules] [ERROR]: [Missing Divi] Requirements check failed: Divi Installation. Current: Not installed. Expected: Divi theme or Divi Builder plugin must be installed.","level":"INFO","type":"OTHER","test":"asyncify-boot","plugin":"simple-daily-quotes","details":"[21-Jun-2025 15:27:23 UTC] [Squad Modules] [ERROR]: [Missing Divi] Requirements check failed: Divi Installation. Current: Not installed. Expected: Divi theme or Divi Builder plugin must be installed.","log":"/logs/plugins/s/simple-daily-quotes/error.json"}
,
{"message":"[21-Jun-2025 15:27:34 UTC] [Squad Modules] [ERROR]: [Missing Divi] Requirements check failed: Divi Installation. Current: Not installed. Expected: Divi theme or Divi Builder plugin must be installed.","level":"INFO","type":"OTHER","test":"asyncify-boot","plugin":"simple-daily-quotes","details":"[21-Jun-2025 15:27:34 UTC] [Squad Modules] [ERROR]: [Missing Divi] Requirements check failed: Divi Installation. Current: Not installed. Expected: Divi theme or Divi Builder plugin must be installed.","log":"/logs/plugins/s/simple-daily-quotes/error.json"}
,
{"message":"[21-Jun-2025 15:27:36 UTC] [Squad Modules] [ERROR]: [Missing Divi] Requirements check failed: Divi Installation. Current: Not installed. Expected: Divi theme or Divi Builder plugin must be installed.","level":"INFO","type":"OTHER","test":"asyncify-boot","plugin":"simple-daily-quotes","details":"[21-Jun-2025 15:27:36 UTC] [Squad Modules] [ERROR]: [Missing Divi] Requirements check failed: Divi Installation. Current: Not installed. Expected: Divi theme or Divi Builder plugin must be installed.","log":"/logs/plugins/s/simple-daily-quotes/error.json"}
,
{"message":"[21-Jun-2025 15:27:40 UTC] [Squad Modules] [ERROR]: [Missing Divi] Requirements check failed: Divi Installation. Current: Not installed. Expected: Divi theme or Divi Builder plugin must be installed.","level":"INFO","type":"OTHER","test":"asyncify-boot","plugin":"simple-daily-quotes","details":"[21-Jun-2025 15:27:40 UTC] [Squad Modules] [ERROR]: [Missing Divi] Requirements check failed: Divi Installation. Current: Not installed. Expected: Divi theme or Divi Builder plugin must be installed.","log":"/logs/plugins/s/simple-daily-quotes/error.json"}
,
{"message":"[21-Jun-2025 15:27:41 UTC] [Squad Modules] [ERROR]: [Missing Divi] Requirements check failed: Divi Installation. Current: Not installed. Expected: Divi theme or Divi Builder plugin must be installed.","level":"INFO","type":"OTHER","test":"asyncify-boot","plugin":"simple-daily-quotes","details":"[21-Jun-2025 15:27:41 UTC] [Squad Modules] [ERROR]: [Missing Divi] Requirements check failed: Divi Installation. Current: Not installed. Expected: Divi theme or Divi Builder plugin must be installed.","log":"/logs/plugins/s/simple-daily-quotes/error.json"}
,
{"message":"[21-Jun-2025 15:27:56 UTC] [Squad Modules] [ERROR]: [Missing Divi] Requirements check failed: Divi Installation. Current: Not installed. Expected: Divi theme or Divi Builder plugin must be installed.","level":"INFO","type":"OTHER","test":"asyncify-boot","plugin":"simple-daily-quotes","details":"[21-Jun-2025 15:27:56 UTC] [Squad Modules] [ERROR]: [Missing Divi] Requirements check failed: Divi Installation. Current: Not installed. Expected: Divi theme or Divi Builder plugin must be installed.","log":"/logs/plugins/s/simple-daily-quotes/error.json"}
,
{"message":"[21-Jun-2025 15:27:58 UTC] [Squad Modules] [ERROR]: [Missing Divi] Requirements check failed: Divi Installation. Current: Not installed. Expected: Divi theme or Divi Builder plugin must be installed.","level":"INFO","type":"OTHER","test":"asyncify-boot","plugin":"simple-daily-quotes","details":"[21-Jun-2025 15:27:58 UTC] [Squad Modules] [ERROR]: [Missing Divi] Requirements check failed: Divi Installation. Current: Not installed. Expected: Divi theme or Divi Builder plugin must be installed.","log":"/logs/plugins/s/simple-daily-quotes/error.json"}
,
{"message":"[21-Jun-2025 15:28:02 UTC] [Squad Modules] [ERROR]: [Missing Divi] Requirements check failed: Divi Installation. Current: Not installed. Expected: Divi theme or Divi Builder plugin must be installed.","level":"INFO","type":"OTHER","test":"asyncify-boot","plugin":"simple-daily-quotes","details":"[21-Jun-2025 15:28:02 UTC] [Squad Modules] [ERROR]: [Missing Divi] Requirements check failed: Divi Installation. Current: Not installed. Expected: Divi theme or Divi Builder plugin must be installed.","log":"/logs/plugins/s/simple-daily-quotes/error.json"}
,
{"message":"[21-Jun-2025 15:28:03 UTC] [Squad Modules] [ERROR]: [Missing Divi] Requirements check failed: Divi Installation. Current: Not installed. Expected: Divi theme or Divi Builder plugin must be installed.","level":"INFO","type":"OTHER","test":"asyncify-boot","plugin":"simple-daily-quotes","details":"[21-Jun-2025 15:28:03 UTC] [Squad Modules] [ERROR]: [Missing Divi] Requirements check failed: Divi Installation. Current: Not installed. Expected: Divi theme or Divi Builder plugin must be installed.","log":"/logs/plugins/s/simple-daily-quotes/error.json"}
,
{"message":"Function register_sidebar_widget is <strong>deprecated</strong> since version 2.8.0! Use wp_register_sidebar_widget() instead. in /wordpress/wp-includes/functions.php on line 6121","level":"DEPRECATED","type":"PHP","test":"asyncify-boot","plugin":"simple-daily-quotes","details":"[21-Jun-2025 15:32:34 UTC] PHP Deprecated:  Function register_sidebar_widget is <strong>deprecated</strong> since version 2.8.0! Use wp_register_sidebar_widget() instead. in /wordpress/wp-includes/functions.php on line 6121","log":"/logs/plugins/s/simple-daily-quotes/error.json"}
,
{"message":"Function register_sidebar_widget is <strong>deprecated</strong> since version 2.8.0! Use wp_register_sidebar_widget() instead. in /wordpress/wp-includes/functions.php on line 6121","level":"DEPRECATED","type":"PHP","test":"asyncify-boot","plugin":"simple-daily-quotes","details":"[21-Jun-2025 15:32:35 UTC] PHP Deprecated:  Function register_sidebar_widget is <strong>deprecated</strong> since version 2.8.0! Use wp_register_sidebar_widget() instead. in /wordpress/wp-includes/functions.php on line 6121","log":"/logs/plugins/s/simple-daily-quotes/error.json"}
,
{"message":"Function register_sidebar_widget is <strong>deprecated</strong> since version 2.8.0! Use wp_register_sidebar_widget() instead. in /wordpress/wp-includes/functions.php on line 6121","level":"DEPRECATED","type":"PHP","test":"asyncify-boot","plugin":"simple-daily-quotes","details":"[21-Jun-2025 15:32:43 UTC] PHP Deprecated:  Function register_sidebar_widget is <strong>deprecated</strong> since version 2.8.0! Use wp_register_sidebar_widget() instead. in /wordpress/wp-includes/functions.php on line 6121","log":"/logs/plugins/s/simple-daily-quotes/error.json"}
,
{"message":"Function register_sidebar_widget is <strong>deprecated</strong> since version 2.8.0! Use wp_register_sidebar_widget() instead. in /wordpress/wp-includes/functions.php on line 6121","level":"DEPRECATED","type":"PHP","test":"asyncify-boot","plugin":"simple-daily-quotes","details":"[21-Jun-2025 15:32:44 UTC] PHP Deprecated:  Function register_sidebar_widget is <strong>deprecated</strong> since version 2.8.0! Use wp_register_sidebar_widget() instead. in /wordpress/wp-includes/functions.php on line 6121","log":"/logs/plugins/s/simple-daily-quotes/error.json"}
,
{"message":"Function register_sidebar_widget is <strong>deprecated</strong> since version 2.8.0! Use wp_register_sidebar_widget() instead. in /wordpress/wp-includes/functions.php on line 6121","level":"DEPRECATED","type":"PHP","test":"asyncify-boot","plugin":"simple-daily-quotes","details":"[21-Jun-2025 15:32:53 UTC] PHP Deprecated:  Function register_sidebar_widget is <strong>deprecated</strong> since version 2.8.0! Use wp_register_sidebar_widget() instead. in /wordpress/wp-includes/functions.php on line 6121","log":"/logs/plugins/s/simple-daily-quotes/error.json"}
,
{"message":"Function register_sidebar_widget is <strong>deprecated</strong> since version 2.8.0! Use wp_register_sidebar_widget() instead. in /wordpress/wp-includes/functions.php on line 6121","level":"DEPRECATED","type":"PHP","test":"asyncify-boot","plugin":"simple-daily-quotes","details":"[21-Jun-2025 15:32:54 UTC] PHP Deprecated:  Function register_sidebar_widget is <strong>deprecated</strong> since version 2.8.0! Use wp_register_sidebar_widget() instead. in /wordpress/wp-includes/functions.php on line 6121","log":"/logs/plugins/s/simple-daily-quotes/error.json"}
,
{"message":"Undefined array key \"page\" in /wordpress/wp-content/plugins/selected-tags-rss/admin/admin.php on line 26","level":"WARNING","type":"PHP","test":"asyncify-boot","plugin":"simple-daily-quotes","details":"[21-Jun-2025 15:34:18 UTC] PHP Warning:  Undefined array key \"page\" in /wordpress/wp-content/plugins/selected-tags-rss/admin/admin.php on line 26","log":"/logs/plugins/s/simple-daily-quotes/error.json"}
,
{"message":"ob_flush(): Failed to flush buffer. No buffer to flush in /wordpress/wp-content/plugins/selected-tags-rss/selected-tags-rss.php on line 424","level":"NOTICE","type":"PHP","test":"asyncify-boot","plugin":"simple-daily-quotes","details":"[21-Jun-2025 15:34:18 UTC] PHP Notice:  ob_flush(): Failed to flush buffer. No buffer to flush in /wordpress/wp-content/plugins/selected-tags-rss/selected-tags-rss.php on line 424","log":"/logs/plugins/s/simple-daily-quotes/error.json"}
,
{"message":"ob_flush(): Failed to flush buffer. No buffer to flush in /wordpress/wp-content/plugins/selected-tags-rss/selected-tags-rss.php on line 424","level":"NOTICE","type":"PHP","test":"asyncify-boot","plugin":"simple-daily-quotes","details":"[21-Jun-2025 15:34:19 UTC] PHP Notice:  ob_flush(): Failed to flush buffer. No buffer to flush in /wordpress/wp-content/plugins/selected-tags-rss/selected-tags-rss.php on line 424","log":"/logs/plugins/s/simple-daily-quotes/error.json"}
,
{"message":"Undefined array key \"page\" in /wordpress/wp-content/plugins/selected-tags-rss/admin/admin.php on line 26","level":"WARNING","type":"PHP","test":"asyncify-boot","plugin":"simple-daily-quotes","details":"[21-Jun-2025 15:34:27 UTC] PHP Warning:  Undefined array key \"page\" in /wordpress/wp-content/plugins/selected-tags-rss/admin/admin.php on line 26","log":"/logs/plugins/s/simple-daily-quotes/error.json"}
,
{"message":"ob_flush(): Failed to flush buffer. No buffer to flush in /wordpress/wp-content/plugins/selected-tags-rss/selected-tags-rss.php on line 424","level":"NOTICE","type":"PHP","test":"asyncify-boot","plugin":"simple-daily-quotes","details":"[21-Jun-2025 15:34:27 UTC] PHP Notice:  ob_flush(): Failed to flush buffer. No buffer to flush in /wordpress/wp-content/plugins/selected-tags-rss/selected-tags-rss.php on line 424","log":"/logs/plugins/s/simple-daily-quotes/error.json"}
,
{"message":"ob_flush(): Failed to flush buffer. No buffer to flush in /wordpress/wp-content/plugins/selected-tags-rss/selected-tags-rss.php on line 424","level":"NOTICE","type":"PHP","test":"asyncify-boot","plugin":"simple-daily-quotes","details":"[21-Jun-2025 15:34:29 UTC] PHP Notice:  ob_flush(): Failed to flush buffer. No buffer to flush in /wordpress/wp-content/plugins/selected-tags-rss/selected-tags-rss.php on line 424","log":"/logs/plugins/s/simple-daily-quotes/error.json"}
,
{"message":"Undefined array key \"page\" in /wordpress/wp-content/plugins/selected-tags-rss/admin/admin.php on line 26","level":"WARNING","type":"PHP","test":"asyncify-boot","plugin":"simple-daily-quotes","details":"[21-Jun-2025 15:34:38 UTC] PHP Warning:  Undefined array key \"page\" in /wordpress/wp-content/plugins/selected-tags-rss/admin/admin.php on line 26","log":"/logs/plugins/s/simple-daily-quotes/error.json"}
,
{"message":"ob_flush(): Failed to flush buffer. No buffer to flush in /wordpress/wp-content/plugins/selected-tags-rss/selected-tags-rss.php on line 424","level":"NOTICE","type":"PHP","test":"asyncify-boot","plugin":"simple-daily-quotes","details":"[21-Jun-2025 15:34:38 UTC] PHP Notice:  ob_flush(): Failed to flush buffer. No buffer to flush in /wordpress/wp-content/plugins/selected-tags-rss/selected-tags-rss.php on line 424","log":"/logs/plugins/s/simple-daily-quotes/error.json"}
,
{"message":"ob_flush(): Failed to flush buffer. No buffer to flush in /wordpress/wp-content/plugins/selected-tags-rss/selected-tags-rss.php on line 424","level":"NOTICE","type":"PHP","test":"asyncify-boot","plugin":"simple-daily-quotes","details":"[21-Jun-2025 15:34:39 UTC] PHP Notice:  ob_flush(): Failed to flush buffer. No buffer to flush in /wordpress/wp-content/plugins/selected-tags-rss/selected-tags-rss.php on line 424","log":"/logs/plugins/s/simple-daily-quotes/error.json"}
,
{"message":"chmod(): No such file or directory in /wordpress/wp-content/plugins/simple-coverflow/simple_coverflow.php on line 44","level":"WARNING","type":"PHP","test":"asyncify-boot","plugin":"simple-daily-quotes","details":"[21-Jun-2025 15:35:47 UTC] PHP Warning:  chmod(): No such file or directory in /wordpress/wp-content/plugins/simple-coverflow/simple_coverflow.php on line 44","log":"/logs/plugins/s/simple-daily-quotes/error.json"}
,
{"message":"Required parameter $alt follows optional parameter $width in /wordpress/wp-content/plugins/simple-coverflow/views/first_view/gallery.php on line 289","level":"DEPRECATED","type":"PHP","test":"asyncify-boot","plugin":"simple-daily-quotes","details":"[21-Jun-2025 15:35:47 UTC] PHP Deprecated:  Required parameter $alt follows optional parameter $width in /wordpress/wp-content/plugins/simple-coverflow/views/first_view/gallery.php on line 289","log":"/logs/plugins/s/simple-daily-quotes/error.json"}
,
{"message":"include_once(/wordpress/wp-content/plugins/simple-coverflow/views/def_view/def_view.php): Failed to open stream: No such file or directory in /wordpress/wp-content/plugins/simple-coverflow/simple_coverflow.php on line 54","level":"WARNING","type":"PHP","test":"asyncify-boot","plugin":"simple-daily-quotes","details":"[21-Jun-2025 15:35:47 UTC] PHP Warning:  include_once(/wordpress/wp-content/plugins/simple-coverflow/views/def_view/def_view.php): Failed to open stream: No such file or directory in /wordpress/wp-content/plugins/simple-coverflow/simple_coverflow.php on line 54","log":"/logs/plugins/s/simple-daily-quotes/error.json"}
,
{"message":"include_once(): Failed opening '/wordpress/wp-content/plugins/simple-coverflow/views/def_view/def_view.php' for inclusion (include_path='.:') in /wordpress/wp-content/plugins/simple-coverflow/simple_coverflow.php on line 54","level":"WARNING","type":"PHP","test":"asyncify-boot","plugin":"simple-daily-quotes","details":"[21-Jun-2025 15:35:47 UTC] PHP Warning:  include_once(): Failed opening '/wordpress/wp-content/plugins/simple-coverflow/views/def_view/def_view.php' for inclusion (include_path='.:') in /wordpress/wp-content/plugins/simple-coverflow/simple_coverflow.php on line 54","log":"/logs/plugins/s/simple-daily-quotes/error.json"}
,
{"message":"chmod(): No such file or directory in /wordpress/wp-content/plugins/simple-coverflow/simple_coverflow.php on line 44","level":"WARNING","type":"PHP","test":"asyncify-boot","plugin":"simple-daily-quotes","details":"[21-Jun-2025 15:35:49 UTC] PHP Warning:  chmod(): No such file or directory in /wordpress/wp-content/plugins/simple-coverflow/simple_coverflow.php on line 44","log":"/logs/plugins/s/simple-daily-quotes/error.json"}
,
{"message":"Required parameter $alt follows optional parameter $width in /wordpress/wp-content/plugins/simple-coverflow/views/first_view/gallery.php on line 289","level":"DEPRECATED","type":"PHP","test":"asyncify-boot","plugin":"simple-daily-quotes","details":"[21-Jun-2025 15:35:49 UTC] PHP Deprecated:  Required parameter $alt follows optional parameter $width in /wordpress/wp-content/plugins/simple-coverflow/views/first_view/gallery.php on line 289","log":"/logs/plugins/s/simple-daily-quotes/error.json"}
,
{"message":"include_once(/wordpress/wp-content/plugins/simple-coverflow/views/def_view/def_view.php): Failed to open stream: No such file or directory in /wordpress/wp-content/plugins/simple-coverflow/simple_coverflow.php on line 54","level":"WARNING","type":"PHP","test":"asyncify-boot","plugin":"simple-daily-quotes","details":"[21-Jun-2025 15:35:49 UTC] PHP Warning:  include_once(/wordpress/wp-content/plugins/simple-coverflow/views/def_view/def_view.php): Failed to open stream: No such file or directory in /wordpress/wp-content/plugins/simple-coverflow/simple_coverflow.php on line 54","log":"/logs/plugins/s/simple-daily-quotes/error.json"}
,
{"message":"include_once(): Failed opening '/wordpress/wp-content/plugins/simple-coverflow/views/def_view/def_view.php' for inclusion (include_path='.:') in /wordpress/wp-content/plugins/simple-coverflow/simple_coverflow.php on line 54","level":"WARNING","type":"PHP","test":"asyncify-boot","plugin":"simple-daily-quotes","details":"[21-Jun-2025 15:35:49 UTC] PHP Warning:  include_once(): Failed opening '/wordpress/wp-content/plugins/simple-coverflow/views/def_view/def_view.php' for inclusion (include_path='.:') in /wordpress/wp-content/plugins/simple-coverflow/simple_coverflow.php on line 54","log":"/logs/plugins/s/simple-daily-quotes/error.json"}
,
{"message":"chmod(): No such file or directory in /wordpress/wp-content/plugins/simple-coverflow/simple_coverflow.php on line 44","level":"WARNING","type":"PHP","test":"asyncify-boot","plugin":"simple-daily-quotes","details":"[21-Jun-2025 15:35:58 UTC] PHP Warning:  chmod(): No such file or directory in /wordpress/wp-content/plugins/simple-coverflow/simple_coverflow.php on line 44","log":"/logs/plugins/s/simple-daily-quotes/error.json"}
,
{"message":"Required parameter $alt follows optional parameter $width in /wordpress/wp-content/plugins/simple-coverflow/views/first_view/gallery.php on line 289","level":"DEPRECATED","type":"PHP","test":"asyncify-boot","plugin":"simple-daily-quotes","details":"[21-Jun-2025 15:35:58 UTC] PHP Deprecated:  Required parameter $alt follows optional parameter $width in /wordpress/wp-content/plugins/simple-coverflow/views/first_view/gallery.php on line 289","log":"/logs/plugins/s/simple-daily-quotes/error.json"}
,
{"message":"include_once(/wordpress/wp-content/plugins/simple-coverflow/views/def_view/def_view.php): Failed to open stream: No such file or directory in /wordpress/wp-content/plugins/simple-coverflow/simple_coverflow.php on line 54","level":"WARNING","type":"PHP","test":"asyncify-boot","plugin":"simple-daily-quotes","details":"[21-Jun-2025 15:35:58 UTC] PHP Warning:  include_once(/wordpress/wp-content/plugins/simple-coverflow/views/def_view/def_view.php): Failed to open stream: No such file or directory in /wordpress/wp-content/plugins/simple-coverflow/simple_coverflow.php on line 54","log":"/logs/plugins/s/simple-daily-quotes/error.json"}
,
{"message":"include_once(): Failed opening '/wordpress/wp-content/plugins/simple-coverflow/views/def_view/def_view.php' for inclusion (include_path='.:') in /wordpress/wp-content/plugins/simple-coverflow/simple_coverflow.php on line 54","level":"WARNING","type":"PHP","test":"asyncify-boot","plugin":"simple-daily-quotes","details":"[21-Jun-2025 15:35:58 UTC] PHP Warning:  include_once(): Failed opening '/wordpress/wp-content/plugins/simple-coverflow/views/def_view/def_view.php' for inclusion (include_path='.:') in /wordpress/wp-content/plugins/simple-coverflow/simple_coverflow.php on line 54","log":"/logs/plugins/s/simple-daily-quotes/error.json"}
,
{"message":"chmod(): No such file or directory in /wordpress/wp-content/plugins/simple-coverflow/simple_coverflow.php on line 44","level":"WARNING","type":"PHP","test":"asyncify-boot","plugin":"simple-daily-quotes","details":"[21-Jun-2025 15:35:58 UTC] PHP Warning:  chmod(): No such file or directory in /wordpress/wp-content/plugins/simple-coverflow/simple_coverflow.php on line 44","log":"/logs/plugins/s/simple-daily-quotes/error.json"}
,
{"message":"Required parameter $alt follows optional parameter $width in /wordpress/wp-content/plugins/simple-coverflow/views/first_view/gallery.php on line 289","level":"DEPRECATED","type":"PHP","test":"asyncify-boot","plugin":"simple-daily-quotes","details":"[21-Jun-2025 15:35:58 UTC] PHP Deprecated:  Required parameter $alt follows optional parameter $width in /wordpress/wp-content/plugins/simple-coverflow/views/first_view/gallery.php on line 289","log":"/logs/plugins/s/simple-daily-quotes/error.json"}
,
{"message":"include_once(/wordpress/wp-content/plugins/simple-coverflow/views/def_view/def_view.php): Failed to open stream: No such file or directory in /wordpress/wp-content/plugins/simple-coverflow/simple_coverflow.php on line 54","level":"WARNING","type":"PHP","test":"asyncify-boot","plugin":"simple-daily-quotes","details":"[21-Jun-2025 15:35:58 UTC] PHP Warning:  include_once(/wordpress/wp-content/plugins/simple-coverflow/views/def_view/def_view.php): Failed to open stream: No such file or directory in /wordpress/wp-content/plugins/simple-coverflow/simple_coverflow.php on line 54","log":"/logs/plugins/s/simple-daily-quotes/error.json"}
,
{"message":"include_once(): Failed opening '/wordpress/wp-content/plugins/simple-coverflow/views/def_view/def_view.php' for inclusion (include_path='.:') in /wordpress/wp-content/plugins/simple-coverflow/simple_coverflow.php on line 54","level":"WARNING","type":"PHP","test":"asyncify-boot","plugin":"simple-daily-quotes","details":"[21-Jun-2025 15:35:58 UTC] PHP Warning:  include_once(): Failed opening '/wordpress/wp-content/plugins/simple-coverflow/views/def_view/def_view.php' for inclusion (include_path='.:') in /wordpress/wp-content/plugins/simple-coverflow/simple_coverflow.php on line 54","log":"/logs/plugins/s/simple-daily-quotes/error.json"}
,
{"message":"chmod(): No such file or directory in /wordpress/wp-content/plugins/simple-coverflow/simple_coverflow.php on line 44","level":"WARNING","type":"PHP","test":"asyncify-boot","plugin":"simple-daily-quotes","details":"[21-Jun-2025 15:36:07 UTC] PHP Warning:  chmod(): No such file or directory in /wordpress/wp-content/plugins/simple-coverflow/simple_coverflow.php on line 44","log":"/logs/plugins/s/simple-daily-quotes/error.json"}
,
{"message":"Required parameter $alt follows optional parameter $width in /wordpress/wp-content/plugins/simple-coverflow/views/first_view/gallery.php on line 289","level":"DEPRECATED","type":"PHP","test":"asyncify-boot","plugin":"simple-daily-quotes","details":"[21-Jun-2025 15:36:07 UTC] PHP Deprecated:  Required parameter $alt follows optional parameter $width in /wordpress/wp-content/plugins/simple-coverflow/views/first_view/gallery.php on line 289","log":"/logs/plugins/s/simple-daily-quotes/error.json"}
,
{"message":"include_once(/wordpress/wp-content/plugins/simple-coverflow/views/def_view/def_view.php): Failed to open stream: No such file or directory in /wordpress/wp-content/plugins/simple-coverflow/simple_coverflow.php on line 54","level":"WARNING","type":"PHP","test":"asyncify-boot","plugin":"simple-daily-quotes","details":"[21-Jun-2025 15:36:07 UTC] PHP Warning:  include_once(/wordpress/wp-content/plugins/simple-coverflow/views/def_view/def_view.php): Failed to open stream: No such file or directory in /wordpress/wp-content/plugins/simple-coverflow/simple_coverflow.php on line 54","log":"/logs/plugins/s/simple-daily-quotes/error.json"}
,
{"message":"include_once(): Failed opening '/wordpress/wp-content/plugins/simple-coverflow/views/def_view/def_view.php' for inclusion (include_path='.:') in /wordpress/wp-content/plugins/simple-coverflow/simple_coverflow.php on line 54","level":"WARNING","type":"PHP","test":"asyncify-boot","plugin":"simple-daily-quotes","details":"[21-Jun-2025 15:36:07 UTC] PHP Warning:  include_once(): Failed opening '/wordpress/wp-content/plugins/simple-coverflow/views/def_view/def_view.php' for inclusion (include_path='.:') in /wordpress/wp-content/plugins/simple-coverflow/simple_coverflow.php on line 54","log":"/logs/plugins/s/simple-daily-quotes/error.json"}
,
{"message":"chmod(): No such file or directory in /wordpress/wp-content/plugins/simple-coverflow/simple_coverflow.php on line 44","level":"WARNING","type":"PHP","test":"asyncify-boot","plugin":"simple-daily-quotes","details":"[21-Jun-2025 15:36:08 UTC] PHP Warning:  chmod(): No such file or directory in /wordpress/wp-content/plugins/simple-coverflow/simple_coverflow.php on line 44","log":"/logs/plugins/s/simple-daily-quotes/error.json"}
,
{"message":"Required parameter $alt follows optional parameter $width in /wordpress/wp-content/plugins/simple-coverflow/views/first_view/gallery.php on line 289","level":"DEPRECATED","type":"PHP","test":"asyncify-boot","plugin":"simple-daily-quotes","details":"[21-Jun-2025 15:36:08 UTC] PHP Deprecated:  Required parameter $alt follows optional parameter $width in /wordpress/wp-content/plugins/simple-coverflow/views/first_view/gallery.php on line 289","log":"/logs/plugins/s/simple-daily-quotes/error.json"}
,
{"message":"include_once(/wordpress/wp-content/plugins/simple-coverflow/views/def_view/def_view.php): Failed to open stream: No such file or directory in /wordpress/wp-content/plugins/simple-coverflow/simple_coverflow.php on line 54","level":"WARNING","type":"PHP","test":"asyncify-boot","plugin":"simple-daily-quotes","details":"[21-Jun-2025 15:36:08 UTC] PHP Warning:  include_once(/wordpress/wp-content/plugins/simple-coverflow/views/def_view/def_view.php): Failed to open stream: No such file or directory in /wordpress/wp-content/plugins/simple-coverflow/simple_coverflow.php on line 54","log":"/logs/plugins/s/simple-daily-quotes/error.json"}
,
{"message":"include_once(): Failed opening '/wordpress/wp-content/plugins/simple-coverflow/views/def_view/def_view.php' for inclusion (include_path='.:') in /wordpress/wp-content/plugins/simple-coverflow/simple_coverflow.php on line 54","level":"WARNING","type":"PHP","test":"asyncify-boot","plugin":"simple-daily-quotes","details":"[21-Jun-2025 15:36:08 UTC] PHP Warning:  include_once(): Failed opening '/wordpress/wp-content/plugins/simple-coverflow/views/def_view/def_view.php' for inclusion (include_path='.:') in /wordpress/wp-content/plugins/simple-coverflow/simple_coverflow.php on line 54","log":"/logs/plugins/s/simple-daily-quotes/error.json"}
,
{"message":"Uncaught TypeError: call_user_func_array(): Argument #1 ($callback) must be a valid callback, non-static method SimpleDailyQuotes::activate() cannot be called statically in /wordpress/wp-includes/class-wp-hook.php:324","level":"FATAL","type":"PHP","test":"asyncify-boot","plugin":"simple-daily-quotes","details":"[21-Jun-2025 15:36:17 UTC] PHP Fatal error:  Uncaught TypeError: call_user_func_array(): Argument #1 ($callback) must be a valid callback, non-static method SimpleDailyQuotes::activate() cannot be called statically in /wordpress/wp-includes/class-wp-hook.php:324\nStack trace:\n#0 /wordpress/wp-includes/class-wp-hook.php(348): WP_Hook->apply_filters('', Array)\n#1 /wordpress/wp-includes/plugin.php(517): WP_Hook->do_action(Array)\n#2 /wordpress/wp-admin/includes/plugin.php(703): do_action('activate_simple...', false)\n#3 /internal/eval.php(20): activate_plugin('simple-daily-qu...')\n#4 {main}\n  thrown in /wordpress/wp-includes/class-wp-hook.php on line 324","log":"/logs/plugins/s/simple-daily-quotes/error.json"}
,
{"message":"Uncaught TypeError: call_user_func_array(): Argument #1 ($callback) must be a valid callback, non-static method SimpleDailyQuotes::activate() cannot be called statically in /wordpress/wp-includes/class-wp-hook.php:324","level":"FATAL","type":"PHP","test":"asyncify-boot","plugin":"simple-daily-quotes","details":"[21-Jun-2025 15:36:26 UTC] PHP Fatal error:  Uncaught TypeError: call_user_func_array(): Argument #1 ($callback) must be a valid callback, non-static method SimpleDailyQuotes::activate() cannot be called statically in /wordpress/wp-includes/class-wp-hook.php:324\nStack trace:\n#0 /wordpress/wp-includes/class-wp-hook.php(348): WP_Hook->apply_filters('', Array)\n#1 /wordpress/wp-includes/plugin.php(517): WP_Hook->do_action(Array)\n#2 /wordpress/wp-admin/includes/plugin.php(703): do_action('activate_simple...', false)\n#3 /internal/eval.php(20): activate_plugin('simple-daily-qu...')\n#4 {main}\n  thrown in /wordpress/wp-includes/class-wp-hook.php on line 324\n\n    at Object.onBind (file:///home/runner/work/playground-tester/playground-tester/node_modules/@wp-playground/cli/run-cli-j-geJYS3.js:325:15)\n    at process.processTicksAndRejections (node:internal/process/task_queues:105:5)\n    at async re (file:///home/runner/work/playground-tester/playground-tester/node_modules/@wp-playground/cli/run-cli-j-geJYS3.js:149:10) {\n  [cause]: Error: Error when executing the blueprint step #1 ({\"step\":\"installPlugin\",\"pluginData\":{\"resource\":\"wordpress.org/plugins\",\"slug\":\"simple-daily-quotes\"},\"options\":{\"activate\":true}}) : PHP.run() failed with exit code 255 and the following output: \n      at Object.run (file:///home/runner/work/playground-tester/playground-tester/node_modules/@wp-playground/blueprints/index.js:12093:19)\n      at process.processTicksAndRejections (node:internal/process/task_queues:105:5)\n      at async ys (file:///home/runner/work/playground-tester/playground-tester/node_modules/@wp-playground/blueprints/index.js:12196:3)\n      at async Object.onBind (file:///home/runner/work/playground-tester/playground-tester/node_modules/@wp-playground/cli/run-cli-j-geJYS3.js:315:48)\n      at async re (file:///home/runner/work/playground-tester/playground-tester/node_modules/@wp-playground/cli/run-cli-j-geJYS3.js:149:10) {\n    [cause]: PHPExecutionFailureError: PHP.run() failed with exit code 255 and the following output: \n        at PHP.run (file:///home/runner/work/playground-tester/playground-tester/node_modules/@php-wasm/universal/index.js:1034:19)\n        at process.processTicksAndRejections (node:internal/process/task_queues:105:5)\n        at async wr (file:///home/runner/work/playground-tester/playground-tester/node_modules/@wp-playground/blueprints/index.js:34:39)\n        at async Object.gt [as installPlugin] (file:///home/runner/work/playground-tester/playground-tester/node_modules/@wp-playground/blueprints/index.js:631:42)\n        at async g (file:///home/runner/work/playground-tester/playground-tester/node_modules/@wp-playground/blueprints/index.js:12161:30)\n        at async Object.run (file:///home/runner/work/playground-tester/playground-tester/node_modules/@wp-playground/blueprints/index.js:12090:23)\n        at async ys (file:///home/runner/work/playground-tester/playground-tester/node_modules/@wp-playground/blueprints/index.js:12196:3)\n        at async Object.onBind (file:///home/runner/work/playground-tester/playground-tester/node_modules/@wp-playground/cli/run-cli-j-geJYS3.js:315:48)\n        at async re (file:///home/runner/work/playground-tester/playground-tester/node_modules/@wp-playground/cli/run-cli-j-geJYS3.js:149:10) {\n      response: PHPResponse {\n        httpStatusCode: 500,\n        headers: {\n          'x-powered-by': [ 'PHP/8.0.30-dev' ],\n          'content-type': [ 'text/html; charset=UTF-8' ]\n        },\n        bytes: Uint8Array(0) [],\n        exitCode: 255,\n        errors: ''\n      },\n      source: 'request'\n    }\n  }\n}\n\n","log":"/logs/plugins/s/simple-daily-quotes/error.json"}
]
