[
{"message":"file:///home/runner/work/playground-tester/playground-tester/node_modules/@wp-playground/cli/index.js:237\n        throw new Error(y, { cause: u });\n              ^\n","level":"FATAL","type":"PLAYGROUND","test":"ast-sqlite-boot","plugin":"woo-product-sales","details":"file:///home/runner/work/playground-tester/playground-tester/node_modules/@wp-playground/cli/index.js:237\n        throw new Error(y, { cause: u });\n              ^\n","log":"/tmp/tmp.s3gzO6lkDy"}
,
{"message":"Required parameter $product follows optional parameter $price in /wordpress/wp-content/plugins/woocommerce-pay-what-you-want/woocommerce-pay-what-you-want.php on line 1725","level":"DEPRECATED","type":"PHP","test":"ast-sqlite-boot","plugin":"woo-product-sales","details":"[16-Apr-2025 19:24:31 UTC] PHP Deprecated:  Required parameter $product follows optional parameter $price in /wordpress/wp-content/plugins/woocommerce-pay-what-you-want/woocommerce-pay-what-you-want.php on line 1725","log":"/logs/plugins/w/woo-product-sales/error.json"}
,
{"message":"Required parameter $product follows optional parameter $price in /wordpress/wp-content/plugins/woocommerce-pay-what-you-want/woocommerce-pay-what-you-want.php on line 1777","level":"DEPRECATED","type":"PHP","test":"ast-sqlite-boot","plugin":"woo-product-sales","details":"[16-Apr-2025 19:24:31 UTC] PHP Deprecated:  Required parameter $product follows optional parameter $price in /wordpress/wp-content/plugins/woocommerce-pay-what-you-want/woocommerce-pay-what-you-want.php on line 1777","log":"/logs/plugins/w/woo-product-sales/error.json"}
,
{"message":"Required parameter $product follows optional parameter $price in /wordpress/wp-content/plugins/woocommerce-pay-what-you-want/woocommerce-pay-what-you-want.php on line 1810","level":"DEPRECATED","type":"PHP","test":"ast-sqlite-boot","plugin":"woo-product-sales","details":"[16-Apr-2025 19:24:31 UTC] PHP Deprecated:  Required parameter $product follows optional parameter $price in /wordpress/wp-content/plugins/woocommerce-pay-what-you-want/woocommerce-pay-what-you-want.php on line 1810","log":"/logs/plugins/w/woo-product-sales/error.json"}
,
{"message":"Required parameter $product follows optional parameter $price in /wordpress/wp-content/plugins/woocommerce-pay-what-you-want/woocommerce-pay-what-you-want.php on line 1725","level":"DEPRECATED","type":"PHP","test":"ast-sqlite-boot","plugin":"woo-product-sales","details":"[16-Apr-2025 19:24:32 UTC] PHP Deprecated:  Required parameter $product follows optional parameter $price in /wordpress/wp-content/plugins/woocommerce-pay-what-you-want/woocommerce-pay-what-you-want.php on line 1725","log":"/logs/plugins/w/woo-product-sales/error.json"}
,
{"message":"Required parameter $product follows optional parameter $price in /wordpress/wp-content/plugins/woocommerce-pay-what-you-want/woocommerce-pay-what-you-want.php on line 1777","level":"DEPRECATED","type":"PHP","test":"ast-sqlite-boot","plugin":"woo-product-sales","details":"[16-Apr-2025 19:24:32 UTC] PHP Deprecated:  Required parameter $product follows optional parameter $price in /wordpress/wp-content/plugins/woocommerce-pay-what-you-want/woocommerce-pay-what-you-want.php on line 1777","log":"/logs/plugins/w/woo-product-sales/error.json"}
,
{"message":"Required parameter $product follows optional parameter $price in /wordpress/wp-content/plugins/woocommerce-pay-what-you-want/woocommerce-pay-what-you-want.php on line 1810","level":"DEPRECATED","type":"PHP","test":"ast-sqlite-boot","plugin":"woo-product-sales","details":"[16-Apr-2025 19:24:32 UTC] PHP Deprecated:  Required parameter $product follows optional parameter $price in /wordpress/wp-content/plugins/woocommerce-pay-what-you-want/woocommerce-pay-what-you-want.php on line 1810","log":"/logs/plugins/w/woo-product-sales/error.json"}
,
{"message":"Required parameter $product follows optional parameter $price in /wordpress/wp-content/plugins/woocommerce-pay-what-you-want/woocommerce-pay-what-you-want.php on line 1725","level":"DEPRECATED","type":"PHP","test":"ast-sqlite-boot","plugin":"woo-product-sales","details":"[16-Apr-2025 19:24:40 UTC] PHP Deprecated:  Required parameter $product follows optional parameter $price in /wordpress/wp-content/plugins/woocommerce-pay-what-you-want/woocommerce-pay-what-you-want.php on line 1725","log":"/logs/plugins/w/woo-product-sales/error.json"}
,
{"message":"Required parameter $product follows optional parameter $price in /wordpress/wp-content/plugins/woocommerce-pay-what-you-want/woocommerce-pay-what-you-want.php on line 1777","level":"DEPRECATED","type":"PHP","test":"ast-sqlite-boot","plugin":"woo-product-sales","details":"[16-Apr-2025 19:24:40 UTC] PHP Deprecated:  Required parameter $product follows optional parameter $price in /wordpress/wp-content/plugins/woocommerce-pay-what-you-want/woocommerce-pay-what-you-want.php on line 1777","log":"/logs/plugins/w/woo-product-sales/error.json"}
,
{"message":"Required parameter $product follows optional parameter $price in /wordpress/wp-content/plugins/woocommerce-pay-what-you-want/woocommerce-pay-what-you-want.php on line 1810","level":"DEPRECATED","type":"PHP","test":"ast-sqlite-boot","plugin":"woo-product-sales","details":"[16-Apr-2025 19:24:40 UTC] PHP Deprecated:  Required parameter $product follows optional parameter $price in /wordpress/wp-content/plugins/woocommerce-pay-what-you-want/woocommerce-pay-what-you-want.php on line 1810","log":"/logs/plugins/w/woo-product-sales/error.json"}
,
{"message":"Required parameter $product follows optional parameter $price in /wordpress/wp-content/plugins/woocommerce-pay-what-you-want/woocommerce-pay-what-you-want.php on line 1725","level":"DEPRECATED","type":"PHP","test":"ast-sqlite-boot","plugin":"woo-product-sales","details":"[16-Apr-2025 19:24:40 UTC] PHP Deprecated:  Required parameter $product follows optional parameter $price in /wordpress/wp-content/plugins/woocommerce-pay-what-you-want/woocommerce-pay-what-you-want.php on line 1725","log":"/logs/plugins/w/woo-product-sales/error.json"}
,
{"message":"Required parameter $product follows optional parameter $price in /wordpress/wp-content/plugins/woocommerce-pay-what-you-want/woocommerce-pay-what-you-want.php on line 1777","level":"DEPRECATED","type":"PHP","test":"ast-sqlite-boot","plugin":"woo-product-sales","details":"[16-Apr-2025 19:24:40 UTC] PHP Deprecated:  Required parameter $product follows optional parameter $price in /wordpress/wp-content/plugins/woocommerce-pay-what-you-want/woocommerce-pay-what-you-want.php on line 1777","log":"/logs/plugins/w/woo-product-sales/error.json"}
,
{"message":"Required parameter $product follows optional parameter $price in /wordpress/wp-content/plugins/woocommerce-pay-what-you-want/woocommerce-pay-what-you-want.php on line 1810","level":"DEPRECATED","type":"PHP","test":"ast-sqlite-boot","plugin":"woo-product-sales","details":"[16-Apr-2025 19:24:40 UTC] PHP Deprecated:  Required parameter $product follows optional parameter $price in /wordpress/wp-content/plugins/woocommerce-pay-what-you-want/woocommerce-pay-what-you-want.php on line 1810","log":"/logs/plugins/w/woo-product-sales/error.json"}
,
{"message":"Required parameter $product follows optional parameter $price in /wordpress/wp-content/plugins/woocommerce-pay-what-you-want/woocommerce-pay-what-you-want.php on line 1725","level":"DEPRECATED","type":"PHP","test":"ast-sqlite-boot","plugin":"woo-product-sales","details":"[16-Apr-2025 19:24:47 UTC] PHP Deprecated:  Required parameter $product follows optional parameter $price in /wordpress/wp-content/plugins/woocommerce-pay-what-you-want/woocommerce-pay-what-you-want.php on line 1725","log":"/logs/plugins/w/woo-product-sales/error.json"}
,
{"message":"Required parameter $product follows optional parameter $price in /wordpress/wp-content/plugins/woocommerce-pay-what-you-want/woocommerce-pay-what-you-want.php on line 1777","level":"DEPRECATED","type":"PHP","test":"ast-sqlite-boot","plugin":"woo-product-sales","details":"[16-Apr-2025 19:24:47 UTC] PHP Deprecated:  Required parameter $product follows optional parameter $price in /wordpress/wp-content/plugins/woocommerce-pay-what-you-want/woocommerce-pay-what-you-want.php on line 1777","log":"/logs/plugins/w/woo-product-sales/error.json"}
,
{"message":"Required parameter $product follows optional parameter $price in /wordpress/wp-content/plugins/woocommerce-pay-what-you-want/woocommerce-pay-what-you-want.php on line 1810","level":"DEPRECATED","type":"PHP","test":"ast-sqlite-boot","plugin":"woo-product-sales","details":"[16-Apr-2025 19:24:47 UTC] PHP Deprecated:  Required parameter $product follows optional parameter $price in /wordpress/wp-content/plugins/woocommerce-pay-what-you-want/woocommerce-pay-what-you-want.php on line 1810","log":"/logs/plugins/w/woo-product-sales/error.json"}
,
{"message":"Required parameter $product follows optional parameter $price in /wordpress/wp-content/plugins/woocommerce-pay-what-you-want/woocommerce-pay-what-you-want.php on line 1725","level":"DEPRECATED","type":"PHP","test":"ast-sqlite-boot","plugin":"woo-product-sales","details":"[16-Apr-2025 19:24:48 UTC] PHP Deprecated:  Required parameter $product follows optional parameter $price in /wordpress/wp-content/plugins/woocommerce-pay-what-you-want/woocommerce-pay-what-you-want.php on line 1725","log":"/logs/plugins/w/woo-product-sales/error.json"}
,
{"message":"Required parameter $product follows optional parameter $price in /wordpress/wp-content/plugins/woocommerce-pay-what-you-want/woocommerce-pay-what-you-want.php on line 1777","level":"DEPRECATED","type":"PHP","test":"ast-sqlite-boot","plugin":"woo-product-sales","details":"[16-Apr-2025 19:24:48 UTC] PHP Deprecated:  Required parameter $product follows optional parameter $price in /wordpress/wp-content/plugins/woocommerce-pay-what-you-want/woocommerce-pay-what-you-want.php on line 1777","log":"/logs/plugins/w/woo-product-sales/error.json"}
,
{"message":"Required parameter $product follows optional parameter $price in /wordpress/wp-content/plugins/woocommerce-pay-what-you-want/woocommerce-pay-what-you-want.php on line 1810","level":"DEPRECATED","type":"PHP","test":"ast-sqlite-boot","plugin":"woo-product-sales","details":"[16-Apr-2025 19:24:48 UTC] PHP Deprecated:  Required parameter $product follows optional parameter $price in /wordpress/wp-content/plugins/woocommerce-pay-what-you-want/woocommerce-pay-what-you-want.php on line 1810","log":"/logs/plugins/w/woo-product-sales/error.json"}
,
{"message":"mysqli::__construct(): (HY000/2002): Address family not supported by protocol in /wordpress/wp-content/plugins/wp-database-session-handler/session_handler.php on line 109","level":"WARNING","type":"PHP","test":"ast-sqlite-boot","plugin":"woo-product-sales","details":"[16-Apr-2025 19:27:47 UTC] PHP Warning:  mysqli::__construct(): (HY000/2002): Address family not supported by protocol in /wordpress/wp-content/plugins/wp-database-session-handler/session_handler.php on line 109","log":"/logs/plugins/w/woo-product-sales/error.json"}
,
{"message":"Uncaught Exception: Connect Error (2002) Address family not supported by protocol in /wordpress/wp-content/plugins/wp-database-session-handler/session_handler.php:112","level":"FATAL","type":"PHP","test":"ast-sqlite-boot","plugin":"woo-product-sales","details":"[16-Apr-2025 19:27:47 UTC] PHP Fatal error:  Uncaught Exception: Connect Error (2002) Address family not supported by protocol in /wordpress/wp-content/plugins/wp-database-session-handler/session_handler.php:112\nStack trace:\n#0 /wordpress/wp-content/plugins/wp-database-session-handler/session_handler.php(39): SC\\WPSH\\SC_MySqlSessionHandler::setDbDetails('localhost', 'username_here', 'password_here', 'database_name_h...')\n#1 /wordpress/wp-content/plugins/wp-database-session-handler/session_handler.php(29): SC\\WPSH\\SC_MySqlSessionHandler::activate_session_handler()\n#2 /wordpress/wp-content/plugins/wp-database-session-handler/sc-session-handler.php(67): SC\\WPSH\\SC_MySqlSessionHandler::init()\n#3 /wordpress/wp-admin/includes/plugin.php(2387): include_once('/wordpress/wp-c...')\n#4 /wordpress/wp-admin/includes/plugin.php(673): plugin_sandbox_scrape('wp-database-ses...')\n#5 /internal/eval.php(20): activate_plugin('wp-database-ses...')\n#6 {main}\n  thrown in /wordpress/wp-content/plugins/wp-database-session-handler/session_handler.php on line 112","log":"/logs/plugins/w/woo-product-sales/error.json"}
,
{"message":"mysqli::__construct(): (HY000/2002): Address family not supported by protocol in /wordpress/wp-content/plugins/wp-database-session-handler/session_handler.php on line 109","level":"WARNING","type":"PHP","test":"ast-sqlite-boot","plugin":"woo-product-sales","details":"[16-Apr-2025 19:27:55 UTC] PHP Warning:  mysqli::__construct(): (HY000/2002): Address family not supported by protocol in /wordpress/wp-content/plugins/wp-database-session-handler/session_handler.php on line 109","log":"/logs/plugins/w/woo-product-sales/error.json"}
,
{"message":"Uncaught Exception: Connect Error (2002) Address family not supported by protocol in /wordpress/wp-content/plugins/wp-database-session-handler/session_handler.php:112","level":"FATAL","type":"PHP","test":"ast-sqlite-boot","plugin":"woo-product-sales","details":"[16-Apr-2025 19:27:55 UTC] PHP Fatal error:  Uncaught Exception: Connect Error (2002) Address family not supported by protocol in /wordpress/wp-content/plugins/wp-database-session-handler/session_handler.php:112\nStack trace:\n#0 /wordpress/wp-content/plugins/wp-database-session-handler/session_handler.php(39): SC\\WPSH\\SC_MySqlSessionHandler::setDbDetails('localhost', 'username_here', 'password_here', 'database_name_h...')\n#1 /wordpress/wp-content/plugins/wp-database-session-handler/session_handler.php(29): SC\\WPSH\\SC_MySqlSessionHandler::activate_session_handler()\n#2 /wordpress/wp-content/plugins/wp-database-session-handler/sc-session-handler.php(67): SC\\WPSH\\SC_MySqlSessionHandler::init()\n#3 /wordpress/wp-admin/includes/plugin.php(2387): include_once('/wordpress/wp-c...')\n#4 /wordpress/wp-admin/includes/plugin.php(673): plugin_sandbox_scrape('wp-database-ses...')\n#5 /internal/eval.php(20): activate_plugin('wp-database-ses...')\n#6 {main}\n  thrown in /wordpress/wp-content/plugins/wp-database-session-handler/session_handler.php on line 112","log":"/logs/plugins/w/woo-product-sales/error.json"}
,
{"message":"mysqli::__construct(): (HY000/2002): Address family not supported by protocol in /wordpress/wp-content/plugins/wp-database-session-handler/session_handler.php on line 109","level":"WARNING","type":"PHP","test":"ast-sqlite-boot","plugin":"woo-product-sales","details":"[16-Apr-2025 19:28:02 UTC] PHP Warning:  mysqli::__construct(): (HY000/2002): Address family not supported by protocol in /wordpress/wp-content/plugins/wp-database-session-handler/session_handler.php on line 109","log":"/logs/plugins/w/woo-product-sales/error.json"}
,
{"message":"Uncaught Exception: Connect Error (2002) Address family not supported by protocol in /wordpress/wp-content/plugins/wp-database-session-handler/session_handler.php:112","level":"FATAL","type":"PHP","test":"ast-sqlite-boot","plugin":"woo-product-sales","details":"[16-Apr-2025 19:28:02 UTC] PHP Fatal error:  Uncaught Exception: Connect Error (2002) Address family not supported by protocol in /wordpress/wp-content/plugins/wp-database-session-handler/session_handler.php:112\nStack trace:\n#0 /wordpress/wp-content/plugins/wp-database-session-handler/session_handler.php(39): SC\\WPSH\\SC_MySqlSessionHandler::setDbDetails('localhost', 'username_here', 'password_here', 'database_name_h...')\n#1 /wordpress/wp-content/plugins/wp-database-session-handler/session_handler.php(29): SC\\WPSH\\SC_MySqlSessionHandler::activate_session_handler()\n#2 /wordpress/wp-content/plugins/wp-database-session-handler/sc-session-handler.php(67): SC\\WPSH\\SC_MySqlSessionHandler::init()\n#3 /wordpress/wp-admin/includes/plugin.php(2387): include_once('/wordpress/wp-c...')\n#4 /wordpress/wp-admin/includes/plugin.php(673): plugin_sandbox_scrape('wp-database-ses...')\n#5 /internal/eval.php(20): activate_plugin('wp-database-ses...')\n#6 {main}\n  thrown in /wordpress/wp-content/plugins/wp-database-session-handler/session_handler.php on line 112","log":"/logs/plugins/w/woo-product-sales/error.json"}
,
{"message":"syntax error, unexpected character 0x1B in /wordpress/wp-content/plugins/wp-email-notificator/wp-email-notificator.php on line 394","level":"PARSE","type":"PHP","test":"ast-sqlite-boot","plugin":"woo-product-sales","details":"[16-Apr-2025 19:28:11 UTC] PHP Parse error:  syntax error, unexpected character 0x1B in /wordpress/wp-content/plugins/wp-email-notificator/wp-email-notificator.php on line 394","log":"/logs/plugins/w/woo-product-sales/error.json"}
,
{"message":"syntax error, unexpected character 0x1B in /wordpress/wp-content/plugins/wp-email-notificator/wp-email-notificator.php on line 394","level":"PARSE","type":"PHP","test":"ast-sqlite-boot","plugin":"woo-product-sales","details":"[16-Apr-2025 19:28:18 UTC] PHP Parse error:  syntax error, unexpected character 0x1B in /wordpress/wp-content/plugins/wp-email-notificator/wp-email-notificator.php on line 394","log":"/logs/plugins/w/woo-product-sales/error.json"}
,
{"message":"syntax error, unexpected character 0x1B in /wordpress/wp-content/plugins/wp-email-notificator/wp-email-notificator.php on line 394","level":"PARSE","type":"PHP","test":"ast-sqlite-boot","plugin":"woo-product-sales","details":"[16-Apr-2025 19:28:26 UTC] PHP Parse error:  syntax error, unexpected character 0x1B in /wordpress/wp-content/plugins/wp-email-notificator/wp-email-notificator.php on line 394","log":"/logs/plugins/w/woo-product-sales/error.json"}
,
{"message":"File upgrade-functions.php is <strong>deprecated</strong> since version 2.5.0! Use wp-admin/includes/upgrade.php instead. in /wordpress/wp-includes/functions.php on line 6121","level":"DEPRECATED","type":"PHP","test":"ast-sqlite-boot","plugin":"woo-product-sales","details":"[16-Apr-2025 19:29:02 UTC] PHP Deprecated:  File upgrade-functions.php is <strong>deprecated</strong> since version 2.5.0! Use wp-admin/includes/upgrade.php instead. in /wordpress/wp-includes/functions.php on line 6121","log":"/logs/plugins/w/woo-product-sales/error.json"}
,
{"message":"File upgrade-functions.php is <strong>deprecated</strong> since version 2.5.0! Use wp-admin/includes/upgrade.php instead. in /wordpress/wp-includes/functions.php on line 6121","level":"DEPRECATED","type":"PHP","test":"ast-sqlite-boot","plugin":"woo-product-sales","details":"[16-Apr-2025 19:29:11 UTC] PHP Deprecated:  File upgrade-functions.php is <strong>deprecated</strong> since version 2.5.0! Use wp-admin/includes/upgrade.php instead. in /wordpress/wp-includes/functions.php on line 6121","log":"/logs/plugins/w/woo-product-sales/error.json"}
,
{"message":"File upgrade-functions.php is <strong>deprecated</strong> since version 2.5.0! Use wp-admin/includes/upgrade.php instead. in /wordpress/wp-includes/functions.php on line 6121","level":"DEPRECATED","type":"PHP","test":"ast-sqlite-boot","plugin":"woo-product-sales","details":"[16-Apr-2025 19:29:21 UTC] PHP Deprecated:  File upgrade-functions.php is <strong>deprecated</strong> since version 2.5.0! Use wp-admin/includes/upgrade.php instead. in /wordpress/wp-includes/functions.php on line 6121","log":"/logs/plugins/w/woo-product-sales/error.json"}
,
{"message":"Function _load_textdomain_just_in_time was called <strong>incorrectly</strong>. Translation loading for the <code>woocommerce</code> domain was triggered too early. This is usually an indicator for some code in the plugin or theme running too early. Translations should be loaded at the <code>init</code> action or later. Please see <a href=\"https://developer.wordpress.org/advanced-administration/debug/debug-wordpress/\">Debugging in WordPress</a> for more information. (This message was added in version 6.7.0.) in /wordpress/wp-includes/functions.php on line 6121","level":"NOTICE","type":"PHP","test":"ast-sqlite-boot","plugin":"woo-product-sales","details":"[16-Apr-2025 19:31:45 UTC] PHP Notice:  Function _load_textdomain_just_in_time was called <strong>incorrectly</strong>. Translation loading for the <code>woocommerce</code> domain was triggered too early. This is usually an indicator for some code in the plugin or theme running too early. Translations should be loaded at the <code>init</code> action or later. Please see <a href=\"https://developer.wordpress.org/advanced-administration/debug/debug-wordpress/\">Debugging in WordPress</a> for more information. (This message was added in version 6.7.0.) in /wordpress/wp-includes/functions.php on line 6121","log":"/logs/plugins/w/woo-product-sales/error.json"}
,
{"message":"Function _load_textdomain_just_in_time was called <strong>incorrectly</strong>. Translation loading for the <code>woocommerce</code> domain was triggered too early. This is usually an indicator for some code in the plugin or theme running too early. Translations should be loaded at the <code>init</code> action or later. Please see <a href=\"https://developer.wordpress.org/advanced-administration/debug/debug-wordpress/\">Debugging in WordPress</a> for more information. (This message was added in version 6.7.0.) in /wordpress/wp-includes/functions.php on line 6121","level":"NOTICE","type":"PHP","test":"ast-sqlite-boot","plugin":"woo-product-sales","details":"[16-Apr-2025 19:32:24 UTC] PHP Notice:  Function _load_textdomain_just_in_time was called <strong>incorrectly</strong>. Translation loading for the <code>woocommerce</code> domain was triggered too early. This is usually an indicator for some code in the plugin or theme running too early. Translations should be loaded at the <code>init</code> action or later. Please see <a href=\"https://developer.wordpress.org/advanced-administration/debug/debug-wordpress/\">Debugging in WordPress</a> for more information. (This message was added in version 6.7.0.) in /wordpress/wp-includes/functions.php on line 6121","log":"/logs/plugins/w/woo-product-sales/error.json"}
,
{"message":"Function _load_textdomain_just_in_time was called <strong>incorrectly</strong>. Translation loading for the <code>woocommerce</code> domain was triggered too early. This is usually an indicator for some code in the plugin or theme running too early. Translations should be loaded at the <code>init</code> action or later. Please see <a href=\"https://developer.wordpress.org/advanced-administration/debug/debug-wordpress/\">Debugging in WordPress</a> for more information. (This message was added in version 6.7.0.) in /wordpress/wp-includes/functions.php on line 6121","level":"NOTICE","type":"PHP","test":"ast-sqlite-boot","plugin":"woo-product-sales","details":"[16-Apr-2025 19:33:06 UTC] PHP Notice:  Function _load_textdomain_just_in_time was called <strong>incorrectly</strong>. Translation loading for the <code>woocommerce</code> domain was triggered too early. This is usually an indicator for some code in the plugin or theme running too early. Translations should be loaded at the <code>init</code> action or later. Please see <a href=\"https://developer.wordpress.org/advanced-administration/debug/debug-wordpress/\">Debugging in WordPress</a> for more information. (This message was added in version 6.7.0.) in /wordpress/wp-includes/functions.php on line 6121\n\n    at Object.onBind (file:///home/runner/work/playground-tester/playground-tester/node_modules/@wp-playground/cli/index.js:237:15)\n    at process.processTicksAndRejections (node:internal/process/task_queues:105:5)\n    at async V (file:///home/runner/work/playground-tester/playground-tester/node_modules/@wp-playground/cli/index.js:64:10)\n    at async ja (file:///home/runner/work/playground-tester/playground-tester/node_modules/@wp-playground/cli/cli.js:8161:12) {\n  [cause]: Error: Error when executing the blueprint step #5 ({\"step\":\"installPlugin\",\"pluginData\":{\"resource\":\"wordpress.org/plugins\",\"slug\":\"woo-product-sales\"},\"options\":{\"activate\":true}}) : Could not download \"https://downloads.wordpress.org/plugin/woo-product-sales.latest-stable.zip\".\n  \t\t\t\tCheck if the URL is correct and the server is reachable.\n  \t\t\t\tIf it is reachable, the server might be blocking the request.\n  \t\t\t\tCheck the browser console and network tabs for more information.\n  \n  \t\t\t\t## Does the console show the error \"No 'Access-Control-Allow-Origin' header\"?\n  \n  \t\t\t\tThis means the server that hosts your file does not allow requests from other sites\n  \t\t\t\t(cross-origin requests, or CORS).\tYou need to move the asset to a server that allows\n  \t\t\t\tcross-origin file downloads. Learn more about CORS at\n  \t\t\t\thttps://developer.mozilla.org/en-US/docs/Web/HTTP/CORS.\n  \n  \t\t\t\tIf your file is on GitHub, load it from \"raw.githubusercontent.com\".\n  \t\t\t\tHere's how to do that:\n  \n  \t\t\t\t1. Start with the original GitHub URL of the file. For example:\n  \t\t\t\thttps://github.com/username/repository/blob/branch/filename.\n  \t\t\t\t2. Replace \"github.com\" with \"raw.githubusercontent.com\".\n  \t\t\t\t3. Remove the \"/blob/\" part of the URL.\n  \n  \t\t\t\tThe resulting URL should look like this:\n  \t\t\t\thttps://raw.githubusercontent.com/username/repository/branch/filename\n  \n  \t\t\t\tError:\n  \t\t\t\tError: Could not download \"https://downloads.wordpress.org/plugin/woo-product-sales.latest-stable.zip\"\n      at Object.run (file:///home/runner/work/playground-tester/playground-tester/node_modules/@wp-playground/blueprints/index.js:12449:19)\n      at process.processTicksAndRejections (node:internal/process/task_queues:105:5)\n      at async ms (file:///home/runner/work/playground-tester/playground-tester/node_modules/@wp-playground/blueprints/index.js:12552:3)\n      at async Object.onBind (file:///home/runner/work/playground-tester/playground-tester/node_modules/@wp-playground/cli/index.js:227:48)\n      at async V (file:///home/runner/work/playground-tester/playground-tester/node_modules/@wp-playground/cli/index.js:64:10)\n      at async ja (file:///home/runner/work/playground-tester/playground-tester/node_modules/@wp-playground/cli/cli.js:8161:12) {\n    [cause]: Error: Could not download \"https://downloads.wordpress.org/plugin/woo-product-sales.latest-stable.zip\".\n    \t\t\t\tCheck if the URL is correct and the server is reachable.\n    \t\t\t\tIf it is reachable, the server might be blocking the request.\n    \t\t\t\tCheck the browser console and network tabs for more information.\n    \n    \t\t\t\t## Does the console show the error \"No 'Access-Control-Allow-Origin' header\"?\n    \n    \t\t\t\tThis means the server that hosts your file does not allow requests from other sites\n    \t\t\t\t(cross-origin requests, or CORS).\tYou need to move the asset to a server that allows\n    \t\t\t\tcross-origin file downloads. Learn more about CORS at\n    \t\t\t\thttps://developer.mozilla.org/en-US/docs/Web/HTTP/CORS.\n    \n    \t\t\t\tIf your file is on GitHub, load it from \"raw.githubusercontent.com\".\n    \t\t\t\tHere's how to do that:\n    \n    \t\t\t\t1. Start with the original GitHub URL of the file. For example:\n    \t\t\t\thttps://github.com/username/repository/blob/branch/filename.\n    \t\t\t\t2. Replace \"github.com\" with \"raw.githubusercontent.com\".\n    \t\t\t\t3. Remove the \"/blob/\" part of the URL.\n    \n    \t\t\t\tThe resulting URL should look like this:\n    \t\t\t\thttps://raw.githubusercontent.com/username/repository/branch/filename\n    \n    \t\t\t\tError:\n    \t\t\t\tError: Could not download \"https://downloads.wordpress.org/plugin/woo-product-sales.latest-stable.zip\"\n        at Ct.resolve (file:///home/runner/work/playground-tester/playground-tester/node_modules/@wp-playground/blueprints/index.js:1472:13)\n        at process.processTicksAndRejections (node:internal/process/task_queues:105:5)\n        at async _.run (file:///home/runner/work/playground-tester/playground-tester/node_modules/@php-wasm/util/index.js:45:14)\n  }\n}\n\n","log":"/logs/plugins/w/woo-product-sales/error.json"}
]
