[
{"message":"file:///home/runner/work/playground-tester/playground-tester/node_modules/@wp-playground/cli/run-cli-j-geJYS3.js:325\n        throw new Error($, { cause: h });\n              ^\n","level":"FATAL","type":"PLAYGROUND","test":"ast-sqlite-boot","plugin":"the-voice-designer-by-data-driven-design","details":"file:///home/runner/work/playground-tester/playground-tester/node_modules/@wp-playground/cli/run-cli-j-geJYS3.js:325\n        throw new Error($, { cause: h });\n              ^\n","log":"/tmp/tmp.3yowKnKAE9"}
,
{"message":"Uncaught Error: Class \"WC_Payment_Gateway\" not found in /wordpress/wp-content/plugins/the-cao-woocommerce/the-cao-woocommerce.php:25","level":"FATAL","type":"PHP","test":"ast-sqlite-boot","plugin":"the-voice-designer-by-data-driven-design","details":"[17-Jun-2025 11:25:14 UTC] PHP Fatal error:  Uncaught Error: Class \"WC_Payment_Gateway\" not found in /wordpress/wp-content/plugins/the-cao-woocommerce/the-cao-woocommerce.php:25\nStack trace:\n#0 /wordpress/wp-includes/class-wp-hook.php(324): the_cao_gateway_class('')\n#1 /wordpress/wp-includes/class-wp-hook.php(348): WP_Hook->apply_filters(NULL, Array)\n#2 /wordpress/wp-includes/plugin.php(517): WP_Hook->do_action(Array)\n#3 /wordpress/wp-settings.php(578): do_action('plugins_loaded')\n#4 /wordpress/wp-config.php(102): require_once('/wordpress/wp-s...')\n#5 /wordpress/wp-load.php(50): require_once('/wordpress/wp-c...')\n#6 /internal/eval.php(3): require_once('/wordpress/wp-l...')\n#7 {main}\n  thrown in /wordpress/wp-content/plugins/the-cao-woocommerce/the-cao-woocommerce.php on line 25","log":"/logs/plugins/t/the-voice-designer-by-data-driven-design/error.json"}
,
{"message":"Uncaught Error: Class \"WC_Payment_Gateway\" not found in /wordpress/wp-content/plugins/the-cao-woocommerce/the-cao-woocommerce.php:25","level":"FATAL","type":"PHP","test":"ast-sqlite-boot","plugin":"the-voice-designer-by-data-driven-design","details":"[17-Jun-2025 11:25:24 UTC] PHP Fatal error:  Uncaught Error: Class \"WC_Payment_Gateway\" not found in /wordpress/wp-content/plugins/the-cao-woocommerce/the-cao-woocommerce.php:25\nStack trace:\n#0 /wordpress/wp-includes/class-wp-hook.php(324): the_cao_gateway_class('')\n#1 /wordpress/wp-includes/class-wp-hook.php(348): WP_Hook->apply_filters(NULL, Array)\n#2 /wordpress/wp-includes/plugin.php(517): WP_Hook->do_action(Array)\n#3 /wordpress/wp-settings.php(578): do_action('plugins_loaded')\n#4 /wordpress/wp-config.php(102): require_once('/wordpress/wp-s...')\n#5 /wordpress/wp-load.php(50): require_once('/wordpress/wp-c...')\n#6 /internal/eval.php(3): require_once('/wordpress/wp-l...')\n#7 {main}\n  thrown in /wordpress/wp-content/plugins/the-cao-woocommerce/the-cao-woocommerce.php on line 25","log":"/logs/plugins/t/the-voice-designer-by-data-driven-design/error.json"}
,
{"message":"Uncaught Error: Class \"WC_Payment_Gateway\" not found in /wordpress/wp-content/plugins/the-cao-woocommerce/the-cao-woocommerce.php:25","level":"FATAL","type":"PHP","test":"ast-sqlite-boot","plugin":"the-voice-designer-by-data-driven-design","details":"[17-Jun-2025 11:25:33 UTC] PHP Fatal error:  Uncaught Error: Class \"WC_Payment_Gateway\" not found in /wordpress/wp-content/plugins/the-cao-woocommerce/the-cao-woocommerce.php:25\nStack trace:\n#0 /wordpress/wp-includes/class-wp-hook.php(324): the_cao_gateway_class('')\n#1 /wordpress/wp-includes/class-wp-hook.php(348): WP_Hook->apply_filters(NULL, Array)\n#2 /wordpress/wp-includes/plugin.php(517): WP_Hook->do_action(Array)\n#3 /wordpress/wp-settings.php(578): do_action('plugins_loaded')\n#4 /wordpress/wp-config.php(102): require_once('/wordpress/wp-s...')\n#5 /wordpress/wp-load.php(50): require_once('/wordpress/wp-c...')\n#6 /internal/eval.php(3): require_once('/wordpress/wp-l...')\n#7 {main}\n  thrown in /wordpress/wp-content/plugins/the-cao-woocommerce/the-cao-woocommerce.php on line 25","log":"/logs/plugins/t/the-voice-designer-by-data-driven-design/error.json"}
,
{"message":"Function _load_textdomain_just_in_time was called <strong>incorrectly</strong>. Translation loading for the <code>trigger-happy</code> domain was triggered too early. This is usually an indicator for some code in the plugin or theme running too early. Translations should be loaded at the <code>init</code> action or later. Please see <a href=\"https://developer.wordpress.org/advanced-administration/debug/debug-wordpress/\">Debugging in WordPress</a> for more information. (This message was added in version 6.7.0.) in /wordpress/wp-includes/functions.php on line 6121","level":"NOTICE","type":"PHP","test":"ast-sqlite-boot","plugin":"the-voice-designer-by-data-driven-design","details":"[17-Jun-2025 11:27:39 UTC] PHP Notice:  Function _load_textdomain_just_in_time was called <strong>incorrectly</strong>. Translation loading for the <code>trigger-happy</code> domain was triggered too early. This is usually an indicator for some code in the plugin or theme running too early. Translations should be loaded at the <code>init</code> action or later. Please see <a href=\"https://developer.wordpress.org/advanced-administration/debug/debug-wordpress/\">Debugging in WordPress</a> for more information. (This message was added in version 6.7.0.) in /wordpress/wp-includes/functions.php on line 6121","log":"/logs/plugins/t/the-voice-designer-by-data-driven-design/error.json"}
,
{"message":"Function _load_textdomain_just_in_time was called <strong>incorrectly</strong>. Translation loading for the <code>trigger-happy</code> domain was triggered too early. This is usually an indicator for some code in the plugin or theme running too early. Translations should be loaded at the <code>init</code> action or later. Please see <a href=\"https://developer.wordpress.org/advanced-administration/debug/debug-wordpress/\">Debugging in WordPress</a> for more information. (This message was added in version 6.7.0.) in /wordpress/wp-includes/functions.php on line 6121","level":"NOTICE","type":"PHP","test":"ast-sqlite-boot","plugin":"the-voice-designer-by-data-driven-design","details":"[17-Jun-2025 11:27:48 UTC] PHP Notice:  Function _load_textdomain_just_in_time was called <strong>incorrectly</strong>. Translation loading for the <code>trigger-happy</code> domain was triggered too early. This is usually an indicator for some code in the plugin or theme running too early. Translations should be loaded at the <code>init</code> action or later. Please see <a href=\"https://developer.wordpress.org/advanced-administration/debug/debug-wordpress/\">Debugging in WordPress</a> for more information. (This message was added in version 6.7.0.) in /wordpress/wp-includes/functions.php on line 6121","log":"/logs/plugins/t/the-voice-designer-by-data-driven-design/error.json"}
,
{"message":"Function _load_textdomain_just_in_time was called <strong>incorrectly</strong>. Translation loading for the <code>trigger-happy</code> domain was triggered too early. This is usually an indicator for some code in the plugin or theme running too early. Translations should be loaded at the <code>init</code> action or later. Please see <a href=\"https://developer.wordpress.org/advanced-administration/debug/debug-wordpress/\">Debugging in WordPress</a> for more information. (This message was added in version 6.7.0.) in /wordpress/wp-includes/functions.php on line 6121","level":"NOTICE","type":"PHP","test":"ast-sqlite-boot","plugin":"the-voice-designer-by-data-driven-design","details":"[17-Jun-2025 11:27:58 UTC] PHP Notice:  Function _load_textdomain_just_in_time was called <strong>incorrectly</strong>. Translation loading for the <code>trigger-happy</code> domain was triggered too early. This is usually an indicator for some code in the plugin or theme running too early. Translations should be loaded at the <code>init</code> action or later. Please see <a href=\"https://developer.wordpress.org/advanced-administration/debug/debug-wordpress/\">Debugging in WordPress</a> for more information. (This message was added in version 6.7.0.) in /wordpress/wp-includes/functions.php on line 6121","log":"/logs/plugins/t/the-voice-designer-by-data-driven-design/error.json"}
,
{"message":"Undefined variable $wpdb in /wordpress/wp-content/plugins/tweet-tweet/tweet-tweet.php on line 26","level":"WARNING","type":"PHP","test":"ast-sqlite-boot","plugin":"the-voice-designer-by-data-driven-design","details":"[17-Jun-2025 11:29:05 UTC] PHP Warning:  Undefined variable $wpdb in /wordpress/wp-content/plugins/tweet-tweet/tweet-tweet.php on line 26","log":"/logs/plugins/t/the-voice-designer-by-data-driven-design/error.json"}
,
{"message":"Attempt to read property \"prefix\" on null in /wordpress/wp-content/plugins/tweet-tweet/tweet-tweet.php on line 26","level":"WARNING","type":"PHP","test":"ast-sqlite-boot","plugin":"the-voice-designer-by-data-driven-design","details":"[17-Jun-2025 11:29:05 UTC] PHP Warning:  Attempt to read property \"prefix\" on null in /wordpress/wp-content/plugins/tweet-tweet/tweet-tweet.php on line 26","log":"/logs/plugins/t/the-voice-designer-by-data-driven-design/error.json"}
,
{"message":"Uncaught Error: Attempt to assign property \"twitterarchives\" on null in /wordpress/wp-content/plugins/tweet-tweet/tweet-tweet.php:26","level":"FATAL","type":"PHP","test":"ast-sqlite-boot","plugin":"the-voice-designer-by-data-driven-design","details":"[17-Jun-2025 11:29:05 UTC] PHP Fatal error:  Uncaught Error: Attempt to assign property \"twitterarchives\" on null in /wordpress/wp-content/plugins/tweet-tweet/tweet-tweet.php:26\nStack trace:\n#0 /wordpress/wp-admin/includes/plugin.php(2387): include_once()\n#1 /wordpress/wp-admin/includes/plugin.php(673): plugin_sandbox_scrape('tweet-tweet/twe...')\n#2 /internal/eval.php(20): activate_plugin('tweet-tweet/twe...')\n#3 {main}\n  thrown in /wordpress/wp-content/plugins/tweet-tweet/tweet-tweet.php on line 26","log":"/logs/plugins/t/the-voice-designer-by-data-driven-design/error.json"}
,
{"message":"Undefined variable $wpdb in /wordpress/wp-content/plugins/tweet-tweet/tweet-tweet.php on line 26","level":"WARNING","type":"PHP","test":"ast-sqlite-boot","plugin":"the-voice-designer-by-data-driven-design","details":"[17-Jun-2025 11:29:14 UTC] PHP Warning:  Undefined variable $wpdb in /wordpress/wp-content/plugins/tweet-tweet/tweet-tweet.php on line 26","log":"/logs/plugins/t/the-voice-designer-by-data-driven-design/error.json"}
,
{"message":"Attempt to read property \"prefix\" on null in /wordpress/wp-content/plugins/tweet-tweet/tweet-tweet.php on line 26","level":"WARNING","type":"PHP","test":"ast-sqlite-boot","plugin":"the-voice-designer-by-data-driven-design","details":"[17-Jun-2025 11:29:14 UTC] PHP Warning:  Attempt to read property \"prefix\" on null in /wordpress/wp-content/plugins/tweet-tweet/tweet-tweet.php on line 26","log":"/logs/plugins/t/the-voice-designer-by-data-driven-design/error.json"}
,
{"message":"Uncaught Error: Attempt to assign property \"twitterarchives\" on null in /wordpress/wp-content/plugins/tweet-tweet/tweet-tweet.php:26","level":"FATAL","type":"PHP","test":"ast-sqlite-boot","plugin":"the-voice-designer-by-data-driven-design","details":"[17-Jun-2025 11:29:14 UTC] PHP Fatal error:  Uncaught Error: Attempt to assign property \"twitterarchives\" on null in /wordpress/wp-content/plugins/tweet-tweet/tweet-tweet.php:26\nStack trace:\n#0 /wordpress/wp-admin/includes/plugin.php(2387): include_once()\n#1 /wordpress/wp-admin/includes/plugin.php(673): plugin_sandbox_scrape('tweet-tweet/twe...')\n#2 /internal/eval.php(20): activate_plugin('tweet-tweet/twe...')\n#3 {main}\n  thrown in /wordpress/wp-content/plugins/tweet-tweet/tweet-tweet.php on line 26","log":"/logs/plugins/t/the-voice-designer-by-data-driven-design/error.json"}
,
{"message":"Undefined variable $wpdb in /wordpress/wp-content/plugins/tweet-tweet/tweet-tweet.php on line 26","level":"WARNING","type":"PHP","test":"ast-sqlite-boot","plugin":"the-voice-designer-by-data-driven-design","details":"[17-Jun-2025 11:29:22 UTC] PHP Warning:  Undefined variable $wpdb in /wordpress/wp-content/plugins/tweet-tweet/tweet-tweet.php on line 26","log":"/logs/plugins/t/the-voice-designer-by-data-driven-design/error.json"}
,
{"message":"Attempt to read property \"prefix\" on null in /wordpress/wp-content/plugins/tweet-tweet/tweet-tweet.php on line 26","level":"WARNING","type":"PHP","test":"ast-sqlite-boot","plugin":"the-voice-designer-by-data-driven-design","details":"[17-Jun-2025 11:29:22 UTC] PHP Warning:  Attempt to read property \"prefix\" on null in /wordpress/wp-content/plugins/tweet-tweet/tweet-tweet.php on line 26","log":"/logs/plugins/t/the-voice-designer-by-data-driven-design/error.json"}
,
{"message":"Uncaught Error: Attempt to assign property \"twitterarchives\" on null in /wordpress/wp-content/plugins/tweet-tweet/tweet-tweet.php:26","level":"FATAL","type":"PHP","test":"ast-sqlite-boot","plugin":"the-voice-designer-by-data-driven-design","details":"[17-Jun-2025 11:29:22 UTC] PHP Fatal error:  Uncaught Error: Attempt to assign property \"twitterarchives\" on null in /wordpress/wp-content/plugins/tweet-tweet/tweet-tweet.php:26\nStack trace:\n#0 /wordpress/wp-admin/includes/plugin.php(2387): include_once()\n#1 /wordpress/wp-admin/includes/plugin.php(673): plugin_sandbox_scrape('tweet-tweet/twe...')\n#2 /internal/eval.php(20): activate_plugin('tweet-tweet/twe...')\n#3 {main}\n  thrown in /wordpress/wp-content/plugins/tweet-tweet/tweet-tweet.php on line 26","log":"/logs/plugins/t/the-voice-designer-by-data-driven-design/error.json"}
,
{"message":"Uncaught Error: Undefined constant \"TAS_VERSION\" in /wordpress/wp-content/plugins/twitter-api-shortcodes/twitter-api-shortcodes.php:10","level":"FATAL","type":"PHP","test":"ast-sqlite-boot","plugin":"the-voice-designer-by-data-driven-design","details":"[17-Jun-2025 11:29:32 UTC] PHP Fatal error:  Uncaught Error: Undefined constant \"TAS_VERSION\" in /wordpress/wp-content/plugins/twitter-api-shortcodes/twitter-api-shortcodes.php:10\nStack trace:\n#0 /wordpress/wp-admin/includes/plugin.php(2387): include_once()\n#1 /wordpress/wp-admin/includes/plugin.php(673): plugin_sandbox_scrape('twitter-api-sho...')\n#2 /internal/eval.php(20): activate_plugin('twitter-api-sho...')\n#3 {main}\n  thrown in /wordpress/wp-content/plugins/twitter-api-shortcodes/twitter-api-shortcodes.php on line 10","log":"/logs/plugins/t/the-voice-designer-by-data-driven-design/error.json"}
,
{"message":"Uncaught Error: Undefined constant \"TAS_VERSION\" in /wordpress/wp-content/plugins/twitter-api-shortcodes/twitter-api-shortcodes.php:10","level":"FATAL","type":"PHP","test":"ast-sqlite-boot","plugin":"the-voice-designer-by-data-driven-design","details":"[17-Jun-2025 11:29:41 UTC] PHP Fatal error:  Uncaught Error: Undefined constant \"TAS_VERSION\" in /wordpress/wp-content/plugins/twitter-api-shortcodes/twitter-api-shortcodes.php:10\nStack trace:\n#0 /wordpress/wp-admin/includes/plugin.php(2387): include_once()\n#1 /wordpress/wp-admin/includes/plugin.php(673): plugin_sandbox_scrape('twitter-api-sho...')\n#2 /internal/eval.php(20): activate_plugin('twitter-api-sho...')\n#3 {main}\n  thrown in /wordpress/wp-content/plugins/twitter-api-shortcodes/twitter-api-shortcodes.php on line 10","log":"/logs/plugins/t/the-voice-designer-by-data-driven-design/error.json"}
,
{"message":"Uncaught Error: Undefined constant \"TAS_VERSION\" in /wordpress/wp-content/plugins/twitter-api-shortcodes/twitter-api-shortcodes.php:10","level":"FATAL","type":"PHP","test":"ast-sqlite-boot","plugin":"the-voice-designer-by-data-driven-design","details":"[17-Jun-2025 11:29:49 UTC] PHP Fatal error:  Uncaught Error: Undefined constant \"TAS_VERSION\" in /wordpress/wp-content/plugins/twitter-api-shortcodes/twitter-api-shortcodes.php:10\nStack trace:\n#0 /wordpress/wp-admin/includes/plugin.php(2387): include_once()\n#1 /wordpress/wp-admin/includes/plugin.php(673): plugin_sandbox_scrape('twitter-api-sho...')\n#2 /internal/eval.php(20): activate_plugin('twitter-api-sho...')\n#3 {main}\n  thrown in /wordpress/wp-content/plugins/twitter-api-shortcodes/twitter-api-shortcodes.php on line 10","log":"/logs/plugins/t/the-voice-designer-by-data-driven-design/error.json"}
,
{"message":"Function _load_textdomain_just_in_time was called <strong>incorrectly</strong>. Translation loading for the <code>twitter-widget-pro</code> domain was triggered too early. This is usually an indicator for some code in the plugin or theme running too early. Translations should be loaded at the <code>init</code> action or later. Please see <a href=\"https://developer.wordpress.org/advanced-administration/debug/debug-wordpress/\">Debugging in WordPress</a> for more information. (This message was added in version 6.7.0.) in /wordpress/wp-includes/functions.php on line 6121","level":"NOTICE","type":"PHP","test":"ast-sqlite-boot","plugin":"the-voice-designer-by-data-driven-design","details":"[17-Jun-2025 11:30:00 UTC] PHP Notice:  Function _load_textdomain_just_in_time was called <strong>incorrectly</strong>. Translation loading for the <code>twitter-widget-pro</code> domain was triggered too early. This is usually an indicator for some code in the plugin or theme running too early. Translations should be loaded at the <code>init</code> action or later. Please see <a href=\"https://developer.wordpress.org/advanced-administration/debug/debug-wordpress/\">Debugging in WordPress</a> for more information. (This message was added in version 6.7.0.) in /wordpress/wp-includes/functions.php on line 6121","log":"/logs/plugins/t/the-voice-designer-by-data-driven-design/error.json"}
,
{"message":"Function _load_textdomain_just_in_time was called <strong>incorrectly</strong>. Translation loading for the <code>twitter-widget-pro</code> domain was triggered too early. This is usually an indicator for some code in the plugin or theme running too early. Translations should be loaded at the <code>init</code> action or later. Please see <a href=\"https://developer.wordpress.org/advanced-administration/debug/debug-wordpress/\">Debugging in WordPress</a> for more information. (This message was added in version 6.7.0.) in /wordpress/wp-includes/functions.php on line 6121","level":"NOTICE","type":"PHP","test":"ast-sqlite-boot","plugin":"the-voice-designer-by-data-driven-design","details":"[17-Jun-2025 11:30:09 UTC] PHP Notice:  Function _load_textdomain_just_in_time was called <strong>incorrectly</strong>. Translation loading for the <code>twitter-widget-pro</code> domain was triggered too early. This is usually an indicator for some code in the plugin or theme running too early. Translations should be loaded at the <code>init</code> action or later. Please see <a href=\"https://developer.wordpress.org/advanced-administration/debug/debug-wordpress/\">Debugging in WordPress</a> for more information. (This message was added in version 6.7.0.) in /wordpress/wp-includes/functions.php on line 6121","log":"/logs/plugins/t/the-voice-designer-by-data-driven-design/error.json"}
,
{"message":"Function _load_textdomain_just_in_time was called <strong>incorrectly</strong>. Translation loading for the <code>twitter-widget-pro</code> domain was triggered too early. This is usually an indicator for some code in the plugin or theme running too early. Translations should be loaded at the <code>init</code> action or later. Please see <a href=\"https://developer.wordpress.org/advanced-administration/debug/debug-wordpress/\">Debugging in WordPress</a> for more information. (This message was added in version 6.7.0.) in /wordpress/wp-includes/functions.php on line 6121","level":"NOTICE","type":"PHP","test":"ast-sqlite-boot","plugin":"the-voice-designer-by-data-driven-design","details":"[17-Jun-2025 11:30:19 UTC] PHP Notice:  Function _load_textdomain_just_in_time was called <strong>incorrectly</strong>. Translation loading for the <code>twitter-widget-pro</code> domain was triggered too early. This is usually an indicator for some code in the plugin or theme running too early. Translations should be loaded at the <code>init</code> action or later. Please see <a href=\"https://developer.wordpress.org/advanced-administration/debug/debug-wordpress/\">Debugging in WordPress</a> for more information. (This message was added in version 6.7.0.) in /wordpress/wp-includes/functions.php on line 6121","log":"/logs/plugins/t/the-voice-designer-by-data-driven-design/error.json"}
,
{"message":"Function register_sidebar_widget is <strong>deprecated</strong> since version 2.8.0! Use wp_register_sidebar_widget() instead. in /wordpress/wp-includes/functions.php on line 6121","level":"DEPRECATED","type":"PHP","test":"ast-sqlite-boot","plugin":"the-voice-designer-by-data-driven-design","details":"[17-Jun-2025 11:33:26 UTC] PHP Deprecated:  Function register_sidebar_widget is <strong>deprecated</strong> since version 2.8.0! Use wp_register_sidebar_widget() instead. in /wordpress/wp-includes/functions.php on line 6121","log":"/logs/plugins/t/the-voice-designer-by-data-driven-design/error.json"}
,
{"message":"Function register_sidebar_widget is <strong>deprecated</strong> since version 2.8.0! Use wp_register_sidebar_widget() instead. in /wordpress/wp-includes/functions.php on line 6121","level":"DEPRECATED","type":"PHP","test":"ast-sqlite-boot","plugin":"the-voice-designer-by-data-driven-design","details":"[17-Jun-2025 11:33:36 UTC] PHP Deprecated:  Function register_sidebar_widget is <strong>deprecated</strong> since version 2.8.0! Use wp_register_sidebar_widget() instead. in /wordpress/wp-includes/functions.php on line 6121","log":"/logs/plugins/t/the-voice-designer-by-data-driven-design/error.json"}
,
{"message":"Function register_sidebar_widget is <strong>deprecated</strong> since version 2.8.0! Use wp_register_sidebar_widget() instead. in /wordpress/wp-includes/functions.php on line 6121","level":"DEPRECATED","type":"PHP","test":"ast-sqlite-boot","plugin":"the-voice-designer-by-data-driven-design","details":"[17-Jun-2025 11:33:46 UTC] PHP Deprecated:  Function register_sidebar_widget is <strong>deprecated</strong> since version 2.8.0! Use wp_register_sidebar_widget() instead. in /wordpress/wp-includes/functions.php on line 6121","log":"/logs/plugins/t/the-voice-designer-by-data-driven-design/error.json"}
,
{"message":"[17-Jun-2025 11:34:25 UTC] OpenSSL SSL_connect: SSL_ERROR_SYSCALL in connection to app.thevoicedesigner.com:443 ","level":"INFO","type":"OTHER","test":"ast-sqlite-boot","plugin":"the-voice-designer-by-data-driven-design","details":"[17-Jun-2025 11:34:25 UTC] OpenSSL SSL_connect: SSL_ERROR_SYSCALL in connection to app.thevoicedesigner.com:443 ","log":"/logs/plugins/t/the-voice-designer-by-data-driven-design/error.json"}
,
{"message":"Uncaught Httpful\\Exception\\ConnectionErrorException: Unable to connect to \"https://app.thevoicedesigner.com/api/apps\": 35 OpenSSL SSL_connect: SSL_ERROR_SYSCALL in connection to app.thevoicedesigner.com:443  in /wordpress/wp-content/plugins/the-voice-designer-by-data-driven-design/vendor/nategood/httpful/src/Httpful/Request.php:1028","level":"FATAL","type":"PHP","test":"ast-sqlite-boot","plugin":"the-voice-designer-by-data-driven-design","details":"[17-Jun-2025 11:34:25 UTC] PHP Fatal error:  Uncaught Httpful\\Exception\\ConnectionErrorException: Unable to connect to \"https://app.thevoicedesigner.com/api/apps\": 35 OpenSSL SSL_connect: SSL_ERROR_SYSCALL in connection to app.thevoicedesigner.com:443  in /wordpress/wp-content/plugins/the-voice-designer-by-data-driven-design/vendor/nategood/httpful/src/Httpful/Request.php:1028\nStack trace:\n#0 /wordpress/wp-content/plugins/the-voice-designer-by-data-driven-design/vendor/nategood/httpful/src/Httpful/Request.php(204): Httpful\\Request->buildResponse(false)\n#1 /wordpress/wp-content/plugins/the-voice-designer-by-data-driven-design/src/BackendApi.php(53): Httpful\\Request->send()\n#2 /wordpress/wp-content/plugins/the-voice-designer-by-data-driven-design/src/BackendApi.php(32): DataDrivenDesign\\VoiceDesigner\\BackendApi->makeRequest(Object(Httpful\\Request))\n#3 /wordpress/wp-content/plugins/the-voice-designer-by-data-driven-design/src/Plugin.php(16): DataDrivenDesign\\VoiceDesigner\\BackendApi->createApp()\n#4 /wordpress/wp-includes/class-wp-hook.php(324): DataDrivenD in /wordpress/wp-content/plugins/the-voice-designer-by-data-driven-design/vendor/nategood/httpful/src/Httpful/Request.php on line 1028\n\n    at Object.onBind (file:///home/runner/work/playground-tester/playground-tester/node_modules/@wp-playground/cli/run-cli-j-geJYS3.js:325:15)\n    at async re (file:///home/runner/work/playground-tester/playground-tester/node_modules/@wp-playground/cli/run-cli-j-geJYS3.js:149:10) {\n  [cause]: Error: Error when executing the blueprint step #5 ({\"step\":\"installPlugin\",\"pluginData\":{\"resource\":\"wordpress.org/plugins\",\"slug\":\"the-voice-designer-by-data-driven-design\"},\"options\":{\"activate\":true}}) : PHP.run() failed with exit code 255 and the following output: \n      at Object.run (file:///home/runner/work/playground-tester/playground-tester/node_modules/@wp-playground/blueprints/index.js:12093:19)\n      at async ys (file:///home/runner/work/playground-tester/playground-tester/node_modules/@wp-playground/blueprints/index.js:12196:3)\n      at async Object.onBind (file:///home/runner/work/playground-tester/playground-tester/node_modules/@wp-playground/cli/run-cli-j-geJYS3.js:315:48)\n      at async re (file:///home/runner/work/playground-tester/playground-tester/node_modules/@wp-playground/cli/run-cli-j-geJYS3.js:149:10) {\n    [cause]: PHPExecutionFailureError: PHP.run() failed with exit code 255 and the following output: \n        at PHP.run (file:///home/runner/work/playground-tester/playground-tester/node_modules/@php-wasm/universal/index.js:1034:19)\n        at async wr (file:///home/runner/work/playground-tester/playground-tester/node_modules/@wp-playground/blueprints/index.js:34:39)\n        at async Object.gt [as installPlugin] (file:///home/runner/work/playground-tester/playground-tester/node_modules/@wp-playground/blueprints/index.js:631:42)\n        at async g (file:///home/runner/work/playground-tester/playground-tester/node_modules/@wp-playground/blueprints/index.js:12161:30)\n        at async Object.run (file:///home/runner/work/playground-tester/playground-tester/node_modules/@wp-playground/blueprints/index.js:12090:23)\n        at async ys (file:///home/runner/work/playground-tester/playground-tester/node_modules/@wp-playground/blueprints/index.js:12196:3)\n        at async Object.onBind (file:///home/runner/work/playground-tester/playground-tester/node_modules/@wp-playground/cli/run-cli-j-geJYS3.js:315:48)\n        at async re (file:///home/runner/work/playground-tester/playground-tester/node_modules/@wp-playground/cli/run-cli-j-geJYS3.js:149:10) {\n      response: PHPResponse {\n        httpStatusCode: 500,\n        headers: {\n          'x-powered-by': [ 'PHP/7.2.34-dev' ],\n          'content-type': [ 'text/html; charset=UTF-8' ]\n        },\n        bytes: Uint8Array(0) [],\n        exitCode: 255,\n        errors: ''\n      },\n      source: 'request'\n    }\n  }\n}\n\n","log":"/logs/plugins/t/the-voice-designer-by-data-driven-design/error.json"}
]
