file:///home/runner/work/playground-tester/playground-tester/node_modules/@wp-playground/cli/index.js:237
        throw new Error(y, { cause: u });
              ^

Error: [27-Apr-2025 13:08:30 UTC] PHP Deprecated:  Required parameter $fields follows optional parameter $x in /wordpress/wp-content/plugins/social-crowd/sc_functions.php on line 46
[27-Apr-2025 13:08:30 UTC] PHP Warning:  Undefined variable $result in /wordpress/wp-content/plugins/social-crowd/sc_functions.php on line 273
[27-Apr-2025 13:08:30 UTC] PHP Warning:  Undefined variable $result in /wordpress/wp-content/plugins/social-crowd/sc_functions.php on line 267
[27-Apr-2025 13:08:30 UTC] PHP Deprecated:  Function has_cap was called with an argument that is <strong>deprecated</strong> since version 2.0.0! Usage of user levels is deprecated. Use capabilities instead. in /wordpress/wp-includes/functions.php on line 6121
[27-Apr-2025 13:08:32 UTC] PHP Deprecated:  Required parameter $fields follows optional parameter $x in /wordpress/wp-content/plugins/social-crowd/sc_functions.php on line 46
[27-Apr-2025 13:08:32 UTC] PHP Fatal error:  Uncaught ArgumentCountError: Too few arguments to function WP_Widget::__construct(), 0 passed in /wordpress/wp-includes/class-wp-widget-factory.php on line 62 and at least 2 expected in /wordpress/wp-includes/class-wp-widget.php:163
Stack trace:
#0 /wordpress/wp-includes/class-wp-widget-factory.php(62): WP_Widget->__construct()
#1 /wordpress/wp-includes/widgets.php(123): WP_Widget_Factory->register('SC_Widget')
#2 /wordpress/wp-content/plugins/social-crowd/sc_widget.php(290): register_widget('SC_Widget')
#3 /wordpress/wp-includes/class-wp-hook.php(324): loadSCWidget('')
#4 /wordpress/wp-includes/class-wp-hook.php(348): WP_Hook->apply_filters(NULL, Array)
#5 /wordpress/wp-includes/plugin.php(517): WP_Hook->do_action(Array)
#6 /wordpress/wp-includes/widgets.php(1870): do_action('widgets_init')
#7 /wordpress/wp-includes/class-wp-hook.php(324): wp_widgets_init('')
#8 /wordpress/wp-includes/class-wp-hook.php(348): WP_Hook->apply_filters(NULL, Array)
#9 /wordpress/wp-includes/plugin.php(517): WP_Hook->do_action(Array)
#10 /wordpress/wp-settings.php(727): do_action('init')
#11 /wordpress/wp-config.php(102): require_once('/wordpress/wp-s...')
#12 /wordpress/wp-load.php(50): require_once('/wordpress/wp-c...')
#13 /internal/eval.php(3): require_once('/wordpress/wp-l...')
#14 {main}
  thrown in /wordpress/wp-includes/class-wp-widget.php on line 163
[27-Apr-2025 13:08:40 UTC] PHP Deprecated:  Required parameter $fields follows optional parameter $x in /wordpress/wp-content/plugins/social-crowd/sc_functions.php on line 46
[27-Apr-2025 13:08:40 UTC] PHP Warning:  Undefined variable $result in /wordpress/wp-content/plugins/social-crowd/sc_functions.php on line 273
[27-Apr-2025 13:08:40 UTC] PHP Warning:  Undefined variable $result in /wordpress/wp-content/plugins/social-crowd/sc_functions.php on line 267
[27-Apr-2025 13:08:40 UTC] PHP Deprecated:  Function has_cap was called with an argument that is <strong>deprecated</strong> since version 2.0.0! Usage of user levels is deprecated. Use capabilities instead. in /wordpress/wp-includes/functions.php on line 6121
[27-Apr-2025 13:08:41 UTC] PHP Deprecated:  Required parameter $fields follows optional parameter $x in /wordpress/wp-content/plugins/social-crowd/sc_functions.php on line 46
[27-Apr-2025 13:08:42 UTC] PHP Fatal error:  Uncaught ArgumentCountError: Too few arguments to function WP_Widget::__construct(), 0 passed in /wordpress/wp-includes/class-wp-widget-factory.php on line 62 and at least 2 expected in /wordpress/wp-includes/class-wp-widget.php:163
Stack trace:
#0 /wordpress/wp-includes/class-wp-widget-factory.php(62): WP_Widget->__construct()
#1 /wordpress/wp-includes/widgets.php(123): WP_Widget_Factory->register('SC_Widget')
#2 /wordpress/wp-content/plugins/social-crowd/sc_widget.php(290): register_widget('SC_Widget')
#3 /wordpress/wp-includes/class-wp-hook.php(324): loadSCWidget('')
#4 /wordpress/wp-includes/class-wp-hook.php(348): WP_Hook->apply_filters(NULL, Array)
#5 /wordpress/wp-includes/plugin.php(517): WP_Hook->do_action(Array)
#6 /wordpress/wp-includes/widgets.php(1870): do_action('widgets_init')
#7 /wordpress/wp-includes/class-wp-hook.php(324): wp_widgets_init('')
#8 /wordpress/wp-includes/class-wp-hook.php(348): WP_Hook->apply_filters(NULL, Array)
#9 /wordpress/wp-includes/plugin.php(517): WP_Hook->do_action(Array)
#10 /wordpress/wp-settings.php(727): do_action('init')
#11 /wordpress/wp-config.php(102): require_once('/wordpress/wp-s...')
#12 /wordpress/wp-load.php(50): require_once('/wordpress/wp-c...')
#13 /internal/eval.php(3): require_once('/wordpress/wp-l...')
#14 {main}
  thrown in /wordpress/wp-includes/class-wp-widget.php on line 163
[27-Apr-2025 13:08:49 UTC] PHP Deprecated:  Required parameter $fields follows optional parameter $x in /wordpress/wp-content/plugins/social-crowd/sc_functions.php on line 46
[27-Apr-2025 13:08:49 UTC] PHP Warning:  Undefined variable $result in /wordpress/wp-content/plugins/social-crowd/sc_functions.php on line 273
[27-Apr-2025 13:08:49 UTC] PHP Warning:  Undefined variable $result in /wordpress/wp-content/plugins/social-crowd/sc_functions.php on line 267
[27-Apr-2025 13:08:49 UTC] PHP Deprecated:  Function has_cap was called with an argument that is <strong>deprecated</strong> since version 2.0.0! Usage of user levels is deprecated. Use capabilities instead. in /wordpress/wp-includes/functions.php on line 6121
[27-Apr-2025 13:08:50 UTC] PHP Deprecated:  Required parameter $fields follows optional parameter $x in /wordpress/wp-content/plugins/social-crowd/sc_functions.php on line 46
[27-Apr-2025 13:08:50 UTC] PHP Fatal error:  Uncaught ArgumentCountError: Too few arguments to function WP_Widget::__construct(), 0 passed in /wordpress/wp-includes/class-wp-widget-factory.php on line 62 and at least 2 expected in /wordpress/wp-includes/class-wp-widget.php:163
Stack trace:
#0 /wordpress/wp-includes/class-wp-widget-factory.php(62): WP_Widget->__construct()
#1 /wordpress/wp-includes/widgets.php(123): WP_Widget_Factory->register('SC_Widget')
#2 /wordpress/wp-content/plugins/social-crowd/sc_widget.php(290): register_widget('SC_Widget')
#3 /wordpress/wp-includes/class-wp-hook.php(324): loadSCWidget('')
#4 /wordpress/wp-includes/class-wp-hook.php(348): WP_Hook->apply_filters(NULL, Array)
#5 /wordpress/wp-includes/plugin.php(517): WP_Hook->do_action(Array)
#6 /wordpress/wp-includes/widgets.php(1870): do_action('widgets_init')
#7 /wordpress/wp-includes/class-wp-hook.php(324): wp_widgets_init('')
#8 /wordpress/wp-includes/class-wp-hook.php(348): WP_Hook->apply_filters(NULL, Array)
#9 /wordpress/wp-includes/plugin.php(517): WP_Hook->do_action(Array)
#10 /wordpress/wp-settings.php(727): do_action('init')
#11 /wordpress/wp-config.php(102): require_once('/wordpress/wp-s...')
#12 /wordpress/wp-load.php(50): require_once('/wordpress/wp-c...')
#13 /internal/eval.php(3): require_once('/wordpress/wp-l...')
#14 {main}
  thrown in /wordpress/wp-includes/class-wp-widget.php on line 163
[27-Apr-2025 13:11:29 UTC] [Squad Modules] [ERROR]: [Missing Divi] Requirements check failed: Divi Installation. Current: Not installed. Expected: Divi theme or Divi Builder plugin must be installed.
[27-Apr-2025 13:11:30 UTC] [Squad Modules] [ERROR]: [Missing Divi] Requirements check failed: Divi Installation. Current: Not installed. Expected: Divi theme or Divi Builder plugin must be installed.
[27-Apr-2025 13:11:36 UTC] [Squad Modules] [ERROR]: [Missing Divi] Requirements check failed: Divi Installation. Current: Not installed. Expected: Divi theme or Divi Builder plugin must be installed.
[27-Apr-2025 13:11:47 UTC] [Squad Modules] [ERROR]: [Missing Divi] Requirements check failed: Divi Installation. Current: Not installed. Expected: Divi theme or Divi Builder plugin must be installed.
[27-Apr-2025 13:11:49 UTC] [Squad Modules] [ERROR]: [Missing Divi] Requirements check failed: Divi Installation. Current: Not installed. Expected: Divi theme or Divi Builder plugin must be installed.
[27-Apr-2025 13:11:53 UTC] [Squad Modules] [ERROR]: [Missing Divi] Requirements check failed: Divi Installation. Current: Not installed. Expected: Divi theme or Divi Builder plugin must be installed.
[27-Apr-2025 13:11:54 UTC] [Squad Modules] [ERROR]: [Missing Divi] Requirements check failed: Divi Installation. Current: Not installed. Expected: Divi theme or Divi Builder plugin must be installed.
[27-Apr-2025 13:12:06 UTC] [Squad Modules] [ERROR]: [Missing Divi] Requirements check failed: Divi Installation. Current: Not installed. Expected: Divi theme or Divi Builder plugin must be installed.
[27-Apr-2025 13:12:08 UTC] [Squad Modules] [ERROR]: [Missing Divi] Requirements check failed: Divi Installation. Current: Not installed. Expected: Divi theme or Divi Builder plugin must be installed.
[27-Apr-2025 13:12:11 UTC] [Squad Modules] [ERROR]: [Missing Divi] Requirements check failed: Divi Installation. Current: Not installed. Expected: Divi theme or Divi Builder plugin must be installed.
[27-Apr-2025 13:12:12 UTC] [Squad Modules] [ERROR]: [Missing Divi] Requirements check failed: Divi Installation. Current: Not installed. Expected: Divi theme or Divi Builder plugin must be installed.

    at Object.onBind (file:///home/runner/work/playground-tester/playground-tester/node_modules/@wp-playground/cli/index.js:237:15)
    at process.processTicksAndRejections (node:internal/process/task_queues:105:5)
    at async V (file:///home/runner/work/playground-tester/playground-tester/node_modules/@wp-playground/cli/index.js:64:10)
    at async ja (file:///home/runner/work/playground-tester/playground-tester/node_modules/@wp-playground/cli/cli.js:8161:12) {
  [cause]: Error: Error when executing the blueprint step #5 ({"step":"installPlugin","pluginData":{"resource":"wordpress.org/plugins","slug":"sales-promotional-tools"},"options":{"activate":true}}) : memory access out of bounds
      at Object.run (file:///home/runner/work/playground-tester/playground-tester/node_modules/@wp-playground/blueprints/index.js:12449:19)
      at process.processTicksAndRejections (node:internal/process/task_queues:105:5)
      at async ms (file:///home/runner/work/playground-tester/playground-tester/node_modules/@wp-playground/blueprints/index.js:12552:3)
      at async Object.onBind (file:///home/runner/work/playground-tester/playground-tester/node_modules/@wp-playground/cli/index.js:227:48)
      at async V (file:///home/runner/work/playground-tester/playground-tester/node_modules/@wp-playground/cli/index.js:64:10)
      at async ja (file:///home/runner/work/playground-tester/playground-tester/node_modules/@wp-playground/cli/cli.js:8161:12) {
    [cause]: Error: memory access out of bounds
        at PHP.ae (file:///home/runner/work/playground-tester/playground-tester/node_modules/@php-wasm/universal/index.js:1449:78)
        at process.processTicksAndRejections (node:internal/process/task_queues:105:5)
        at async PHP.run (file:///home/runner/work/playground-tester/playground-tester/node_modules/@php-wasm/universal/index.js:984:17)
        at async wr (file:///home/runner/work/playground-tester/playground-tester/node_modules/@wp-playground/blueprints/index.js:33:39)
        at async Object.gt [as installPlugin] (file:///home/runner/work/playground-tester/playground-tester/node_modules/@wp-playground/blueprints/index.js:974:42)
        at async g (file:///home/runner/work/playground-tester/playground-tester/node_modules/@wp-playground/blueprints/index.js:12517:30)
        at async Object.run (file:///home/runner/work/playground-tester/playground-tester/node_modules/@wp-playground/blueprints/index.js:12446:23)
        at async ms (file:///home/runner/work/playground-tester/playground-tester/node_modules/@wp-playground/blueprints/index.js:12552:3)
        at async Object.onBind (file:///home/runner/work/playground-tester/playground-tester/node_modules/@wp-playground/cli/index.js:227:48)
        at async V (file:///home/runner/work/playground-tester/playground-tester/node_modules/@wp-playground/cli/index.js:64:10) {
      cause: Error: Rethrown
          at UnhandledRejectionsTarget.e (file:///home/runner/work/playground-tester/playground-tester/node_modules/@php-wasm/universal/index.js:1426:19)
          at [nodejs.internal.kHybridDispatch] (node:internal/event_target:827:20)
          at UnhandledRejectionsTarget.dispatchEvent (node:internal/event_target:762:26)
          at t.wasmExports.<computed> (file:///home/runner/work/playground-tester/playground-tester/node_modules/@php-wasm/universal/index.js:568:15)
          at invoke_iii (file:///home/runner/work/playground-tester/playground-tester/node_modules/@php-wasm/node/index.js:99031:14)
          at php.wasm.phar_compile_file (wasm://wasm/php.wasm-038c1012:wasm-function[11554]:0x64ddc5)
          at php.wasm.zend_include_or_eval (wasm://wasm/php.wasm-038c1012:wasm-function[2850]:0x1de014)
          at php.wasm.ZEND_INCLUDE_OR_EVAL_SPEC_CONST_HANDLER (wasm://wasm/php.wasm-038c1012:wasm-function[14530]:0x7621ea)
          at php.wasm.execute_ex (wasm://wasm/php.wasm-038c1012:wasm-function[13057]:0x6e3f0e)
          at php.wasm.zend_execute (wasm://wasm/php.wasm-038c1012:wasm-function[3568]:0x24b6e1) {
        cause: RuntimeError: memory access out of bounds
            at php.wasm.zend_hash_find (wasm://wasm/php.wasm-038c1012:wasm-function[165]:0xe7bb)
            at php.wasm.zend_compile_var_inner (wasm://wasm/php.wasm-038c1012:wasm-function[923]:0x894d6)
            at php.wasm.zend_compile_expr_inner (wasm://wasm/php.wasm-038c1012:wasm-function[276]:0x1a573)
            at php.wasm.zend_compile_expr_inner (wasm://wasm/php.wasm-038c1012:wasm-function[276]:0x1ae88)
            at php.wasm.zend_compile_expr_inner (wasm://wasm/php.wasm-038c1012:wasm-function[276]:0x1ae72)
            at php.wasm.zend_compile_expr_inner (wasm://wasm/php.wasm-038c1012:wasm-function[276]:0x1ae72)
            at php.wasm.zend_compile_expr_inner (wasm://wasm/php.wasm-038c1012:wasm-function[276]:0x1ae72)
            at php.wasm.zend_compile_expr_inner (wasm://wasm/php.wasm-038c1012:wasm-function[276]:0x1ae72)
            at php.wasm.zend_compile_expr_inner (wasm://wasm/php.wasm-038c1012:wasm-function[276]:0x1ae72)
            at php.wasm.zend_compile_expr_inner (wasm://wasm/php.wasm-038c1012:wasm-function[276]:0x1ae72),
        betterMessage: 'memory access out of bounds'
      }
    }
  }
}

Node.js v23.11.0
