[
{"message":"file:///home/runner/work/playground-tester/playground-tester/node_modules/@wp-playground/cli/index.js:237\n        throw new Error(y, { cause: u });\n              ^\n","level":"FATAL","type":"PLAYGROUND","test":"jspi-boot","plugin":"wc-gateway-payburner","details":"file:///home/runner/work/playground-tester/playground-tester/node_modules/@wp-playground/cli/index.js:237\n        throw new Error(y, { cause: u });\n              ^\n","log":"/tmp/tmp.vh33nrYlVh"}
,
{"message":"Method ReflectionParameter::getClass() is deprecated in /wordpress/wp-content/plugins/wp-criticalcss/vendor/level-2/dice/Dice.php on line 73","level":"DEPRECATED","type":"PHP","test":"jspi-boot","plugin":"wc-gateway-payburner","details":"[07-May-2025 22:28:08 UTC] PHP Deprecated:  Method ReflectionParameter::getClass() is deprecated in /wordpress/wp-content/plugins/wp-criticalcss/vendor/level-2/dice/Dice.php on line 73","log":"/logs/plugins/w/wc-gateway-payburner/error.json"}
,
{"message":"Required parameter $name follows optional parameter $item in /wordpress/wp-content/plugins/wp-criticalcss/lib/WP/CriticalCSS/Data/Manager.php on line 30","level":"DEPRECATED","type":"PHP","test":"jspi-boot","plugin":"wc-gateway-payburner","details":"[07-May-2025 22:28:08 UTC] PHP Deprecated:  Required parameter $name follows optional parameter $item in /wordpress/wp-content/plugins/wp-criticalcss/lib/WP/CriticalCSS/Data/Manager.php on line 30","log":"/logs/plugins/w/wc-gateway-payburner/error.json"}
,
{"message":"Method ReflectionParameter::getClass() is deprecated in /wordpress/wp-content/plugins/wp-criticalcss/vendor/level-2/dice/Dice.php on line 73","level":"DEPRECATED","type":"PHP","test":"jspi-boot","plugin":"wc-gateway-payburner","details":"[07-May-2025 22:28:08 UTC] PHP Deprecated:  Method ReflectionParameter::getClass() is deprecated in /wordpress/wp-content/plugins/wp-criticalcss/vendor/level-2/dice/Dice.php on line 73","log":"/logs/plugins/w/wc-gateway-payburner/error.json"}
,
{"message":"Undefined variable $version_0_7_1 in /wordpress/wp-content/plugins/wp-criticalcss/lib/WP/CriticalCSS/Installer.php on line 75","level":"WARNING","type":"PHP","test":"jspi-boot","plugin":"wc-gateway-payburner","details":"[07-May-2025 22:28:08 UTC] PHP Warning:  Undefined variable $version_0_7_1 in /wordpress/wp-content/plugins/wp-criticalcss/lib/WP/CriticalCSS/Installer.php on line 75","log":"/logs/plugins/w/wc-gateway-payburner/error.json"}
,
{"message":"Undefined array key \"web_check_interval\" in /wordpress/wp-content/plugins/wp-criticalcss/lib/WP/CriticalCSS/Admin/UI.php on line 465","level":"WARNING","type":"PHP","test":"jspi-boot","plugin":"wc-gateway-payburner","details":"[07-May-2025 22:28:08 UTC] PHP Warning:  Undefined array key \"web_check_interval\" in /wordpress/wp-content/plugins/wp-criticalcss/lib/WP/CriticalCSS/Admin/UI.php on line 465","log":"/logs/plugins/w/wc-gateway-payburner/error.json"}
,
{"message":"Uncaught ArgumentCountError: array_merge() does not accept unknown named parameters in /wordpress/wp-content/plugins/wp-criticalcss/lib/WP/CriticalCSS/Request.php:121","level":"FATAL","type":"PHP","test":"jspi-boot","plugin":"wc-gateway-payburner","details":"[07-May-2025 22:28:08 UTC] PHP Fatal error:  Uncaught ArgumentCountError: array_merge() does not accept unknown named parameters in /wordpress/wp-content/plugins/wp-criticalcss/lib/WP/CriticalCSS/Request.php:121\nStack trace:\n#0 [internal function]: array_merge(category: Array, post_tag: Array, post_format: Array)\n#1 /wordpress/wp-content/plugins/wp-criticalcss/lib/WP/CriticalCSS/Request.php(121): call_user_func_array('array_merge', Array)\n#2 /wordpress/wp-includes/class-wp-hook.php(324): WP\\CriticalCSS\\Request->fix_rewrites(Array)\n#3 /wordpress/wp-includes/plugin.php(205): WP_Hook->apply_filters(Array, Array)\n#4 /wordpress/wp-includes/class-wp-rewrite.php(1476): apply_filters('rewrite_rules_a...', Array)\n#5 /wordpress/wp-includes/class-wp-rewrite.php(1513): WP_Rewrite->rewrite_rules()\n#6 /wordpress/wp-includes/class-wp-rewrite.php(1888): WP_Rewrite->refresh_rewrite_rules()\n#7 /wordpress/wp-includes/rewrite.php(282): WP_Rewrite->flush_rules(true)\n#8 /wordpress/wp-content/plugins/wp-criticalcss/lib/WP/CriticalCSS/Installer.php(118): flush_rewrite_rules()\n#9 /wordpress/wp-content/plugins/wp-criticalcss/lib/WP/CriticalCSS.php(229): WP\\CriticalCSS\\Installer->activate()\n#10 /wordpress/wp-content/plugins/wp-criticalcss/wp-criticalcss.php(51): WP\\CriticalCSS->activate()\n#11 /wordpress/wp-includes/class-wp-hook.php(324): wp_criticalcss_activate(false)\n#12 /wordpress/wp-includes/class-wp-hook.php(348): WP_Hook->apply_filters('', Array)\n#13 /wordpress/wp-includes/plugin.php(517): WP_Hook->do_action(Array)\n#14 /wordpress/wp-admin/includes/plugin.php(703): do_action('activate_wp-cri...', false)\n#15 /internal/eval.php(20): activate_plugin('wp-criticalcss/...')\n#16 {main}\n  thrown in /wordpress/wp-content/plugins/wp-criticalcss/lib/WP/CriticalCSS/Request.php on line 121","log":"/logs/plugins/w/wc-gateway-payburner/error.json"}
,
{"message":"Method ReflectionParameter::getClass() is deprecated in /wordpress/wp-content/plugins/wp-criticalcss/vendor/level-2/dice/Dice.php on line 73","level":"DEPRECATED","type":"PHP","test":"jspi-boot","plugin":"wc-gateway-payburner","details":"[07-May-2025 22:28:16 UTC] PHP Deprecated:  Method ReflectionParameter::getClass() is deprecated in /wordpress/wp-content/plugins/wp-criticalcss/vendor/level-2/dice/Dice.php on line 73","log":"/logs/plugins/w/wc-gateway-payburner/error.json"}
,
{"message":"Required parameter $name follows optional parameter $item in /wordpress/wp-content/plugins/wp-criticalcss/lib/WP/CriticalCSS/Data/Manager.php on line 30","level":"DEPRECATED","type":"PHP","test":"jspi-boot","plugin":"wc-gateway-payburner","details":"[07-May-2025 22:28:16 UTC] PHP Deprecated:  Required parameter $name follows optional parameter $item in /wordpress/wp-content/plugins/wp-criticalcss/lib/WP/CriticalCSS/Data/Manager.php on line 30","log":"/logs/plugins/w/wc-gateway-payburner/error.json"}
,
{"message":"Method ReflectionParameter::getClass() is deprecated in /wordpress/wp-content/plugins/wp-criticalcss/vendor/level-2/dice/Dice.php on line 73","level":"DEPRECATED","type":"PHP","test":"jspi-boot","plugin":"wc-gateway-payburner","details":"[07-May-2025 22:28:16 UTC] PHP Deprecated:  Method ReflectionParameter::getClass() is deprecated in /wordpress/wp-content/plugins/wp-criticalcss/vendor/level-2/dice/Dice.php on line 73","log":"/logs/plugins/w/wc-gateway-payburner/error.json"}
,
{"message":"Undefined variable $version_0_7_1 in /wordpress/wp-content/plugins/wp-criticalcss/lib/WP/CriticalCSS/Installer.php on line 75","level":"WARNING","type":"PHP","test":"jspi-boot","plugin":"wc-gateway-payburner","details":"[07-May-2025 22:28:16 UTC] PHP Warning:  Undefined variable $version_0_7_1 in /wordpress/wp-content/plugins/wp-criticalcss/lib/WP/CriticalCSS/Installer.php on line 75","log":"/logs/plugins/w/wc-gateway-payburner/error.json"}
,
{"message":"Undefined array key \"web_check_interval\" in /wordpress/wp-content/plugins/wp-criticalcss/lib/WP/CriticalCSS/Admin/UI.php on line 465","level":"WARNING","type":"PHP","test":"jspi-boot","plugin":"wc-gateway-payburner","details":"[07-May-2025 22:28:16 UTC] PHP Warning:  Undefined array key \"web_check_interval\" in /wordpress/wp-content/plugins/wp-criticalcss/lib/WP/CriticalCSS/Admin/UI.php on line 465","log":"/logs/plugins/w/wc-gateway-payburner/error.json"}
,
{"message":"Uncaught ArgumentCountError: array_merge() does not accept unknown named parameters in /wordpress/wp-content/plugins/wp-criticalcss/lib/WP/CriticalCSS/Request.php:121","level":"FATAL","type":"PHP","test":"jspi-boot","plugin":"wc-gateway-payburner","details":"[07-May-2025 22:28:17 UTC] PHP Fatal error:  Uncaught ArgumentCountError: array_merge() does not accept unknown named parameters in /wordpress/wp-content/plugins/wp-criticalcss/lib/WP/CriticalCSS/Request.php:121\nStack trace:\n#0 [internal function]: array_merge(category: Array, post_tag: Array, post_format: Array)\n#1 /wordpress/wp-content/plugins/wp-criticalcss/lib/WP/CriticalCSS/Request.php(121): call_user_func_array('array_merge', Array)\n#2 /wordpress/wp-includes/class-wp-hook.php(324): WP\\CriticalCSS\\Request->fix_rewrites(Array)\n#3 /wordpress/wp-includes/plugin.php(205): WP_Hook->apply_filters(Array, Array)\n#4 /wordpress/wp-includes/class-wp-rewrite.php(1476): apply_filters('rewrite_rules_a...', Array)\n#5 /wordpress/wp-includes/class-wp-rewrite.php(1513): WP_Rewrite->rewrite_rules()\n#6 /wordpress/wp-includes/class-wp-rewrite.php(1888): WP_Rewrite->refresh_rewrite_rules()\n#7 /wordpress/wp-includes/rewrite.php(282): WP_Rewrite->flush_rules(true)\n#8 /wordpress/wp-content/plugins/wp-criticalcss/lib/WP/CriticalCSS/Installer.php(118): flush_rewrite_rules()\n#9 /wordpress/wp-content/plugins/wp-criticalcss/lib/WP/CriticalCSS.php(229): WP\\CriticalCSS\\Installer->activate()\n#10 /wordpress/wp-content/plugins/wp-criticalcss/wp-criticalcss.php(51): WP\\CriticalCSS->activate()\n#11 /wordpress/wp-includes/class-wp-hook.php(324): wp_criticalcss_activate(false)\n#12 /wordpress/wp-includes/class-wp-hook.php(348): WP_Hook->apply_filters('', Array)\n#13 /wordpress/wp-includes/plugin.php(517): WP_Hook->do_action(Array)\n#14 /wordpress/wp-admin/includes/plugin.php(703): do_action('activate_wp-cri...', false)\n#15 /internal/eval.php(20): activate_plugin('wp-criticalcss/...')\n#16 {main}\n  thrown in /wordpress/wp-content/plugins/wp-criticalcss/lib/WP/CriticalCSS/Request.php on line 121","log":"/logs/plugins/w/wc-gateway-payburner/error.json"}
,
{"message":"Method ReflectionParameter::getClass() is deprecated in /wordpress/wp-content/plugins/wp-criticalcss/vendor/level-2/dice/Dice.php on line 73","level":"DEPRECATED","type":"PHP","test":"jspi-boot","plugin":"wc-gateway-payburner","details":"[07-May-2025 22:28:24 UTC] PHP Deprecated:  Method ReflectionParameter::getClass() is deprecated in /wordpress/wp-content/plugins/wp-criticalcss/vendor/level-2/dice/Dice.php on line 73","log":"/logs/plugins/w/wc-gateway-payburner/error.json"}
,
{"message":"Required parameter $name follows optional parameter $item in /wordpress/wp-content/plugins/wp-criticalcss/lib/WP/CriticalCSS/Data/Manager.php on line 30","level":"DEPRECATED","type":"PHP","test":"jspi-boot","plugin":"wc-gateway-payburner","details":"[07-May-2025 22:28:24 UTC] PHP Deprecated:  Required parameter $name follows optional parameter $item in /wordpress/wp-content/plugins/wp-criticalcss/lib/WP/CriticalCSS/Data/Manager.php on line 30","log":"/logs/plugins/w/wc-gateway-payburner/error.json"}
,
{"message":"Method ReflectionParameter::getClass() is deprecated in /wordpress/wp-content/plugins/wp-criticalcss/vendor/level-2/dice/Dice.php on line 73","level":"DEPRECATED","type":"PHP","test":"jspi-boot","plugin":"wc-gateway-payburner","details":"[07-May-2025 22:28:24 UTC] PHP Deprecated:  Method ReflectionParameter::getClass() is deprecated in /wordpress/wp-content/plugins/wp-criticalcss/vendor/level-2/dice/Dice.php on line 73","log":"/logs/plugins/w/wc-gateway-payburner/error.json"}
,
{"message":"Undefined variable $version_0_7_1 in /wordpress/wp-content/plugins/wp-criticalcss/lib/WP/CriticalCSS/Installer.php on line 75","level":"WARNING","type":"PHP","test":"jspi-boot","plugin":"wc-gateway-payburner","details":"[07-May-2025 22:28:24 UTC] PHP Warning:  Undefined variable $version_0_7_1 in /wordpress/wp-content/plugins/wp-criticalcss/lib/WP/CriticalCSS/Installer.php on line 75","log":"/logs/plugins/w/wc-gateway-payburner/error.json"}
,
{"message":"Undefined array key \"web_check_interval\" in /wordpress/wp-content/plugins/wp-criticalcss/lib/WP/CriticalCSS/Admin/UI.php on line 465","level":"WARNING","type":"PHP","test":"jspi-boot","plugin":"wc-gateway-payburner","details":"[07-May-2025 22:28:24 UTC] PHP Warning:  Undefined array key \"web_check_interval\" in /wordpress/wp-content/plugins/wp-criticalcss/lib/WP/CriticalCSS/Admin/UI.php on line 465","log":"/logs/plugins/w/wc-gateway-payburner/error.json"}
,
{"message":"Uncaught ArgumentCountError: array_merge() does not accept unknown named parameters in /wordpress/wp-content/plugins/wp-criticalcss/lib/WP/CriticalCSS/Request.php:121","level":"FATAL","type":"PHP","test":"jspi-boot","plugin":"wc-gateway-payburner","details":"[07-May-2025 22:28:25 UTC] PHP Fatal error:  Uncaught ArgumentCountError: array_merge() does not accept unknown named parameters in /wordpress/wp-content/plugins/wp-criticalcss/lib/WP/CriticalCSS/Request.php:121\nStack trace:\n#0 [internal function]: array_merge(category: Array, post_tag: Array, post_format: Array)\n#1 /wordpress/wp-content/plugins/wp-criticalcss/lib/WP/CriticalCSS/Request.php(121): call_user_func_array('array_merge', Array)\n#2 /wordpress/wp-includes/class-wp-hook.php(324): WP\\CriticalCSS\\Request->fix_rewrites(Array)\n#3 /wordpress/wp-includes/plugin.php(205): WP_Hook->apply_filters(Array, Array)\n#4 /wordpress/wp-includes/class-wp-rewrite.php(1476): apply_filters('rewrite_rules_a...', Array)\n#5 /wordpress/wp-includes/class-wp-rewrite.php(1513): WP_Rewrite->rewrite_rules()\n#6 /wordpress/wp-includes/class-wp-rewrite.php(1888): WP_Rewrite->refresh_rewrite_rules()\n#7 /wordpress/wp-includes/rewrite.php(282): WP_Rewrite->flush_rules(true)\n#8 /wordpress/wp-content/plugins/wp-criticalcss/lib/WP/CriticalCSS/Installer.php(118): flush_rewrite_rules()\n#9 /wordpress/wp-content/plugins/wp-criticalcss/lib/WP/CriticalCSS.php(229): WP\\CriticalCSS\\Installer->activate()\n#10 /wordpress/wp-content/plugins/wp-criticalcss/wp-criticalcss.php(51): WP\\CriticalCSS->activate()\n#11 /wordpress/wp-includes/class-wp-hook.php(324): wp_criticalcss_activate(false)\n#12 /wordpress/wp-includes/class-wp-hook.php(348): WP_Hook->apply_filters('', Array)\n#13 /wordpress/wp-includes/plugin.php(517): WP_Hook->do_action(Array)\n#14 /wordpress/wp-admin/includes/plugin.php(703): do_action('activate_wp-cri...', false)\n#15 /internal/eval.php(20): activate_plugin('wp-criticalcss/...')\n#16 {main}\n  thrown in /wordpress/wp-content/plugins/wp-criticalcss/lib/WP/CriticalCSS/Request.php on line 121","log":"/logs/plugins/w/wc-gateway-payburner/error.json"}
,
{"message":"Trying to access array offset on value of type bool in /wordpress/wp-content/plugins/wpcalc-modal-form/includes/wpcalc-modal-form.php on line 80","level":"WARNING","type":"PHP","test":"jspi-boot","plugin":"wc-gateway-payburner","details":"[07-May-2025 22:30:45 UTC] PHP Warning:  Trying to access array offset on value of type bool in /wordpress/wp-content/plugins/wpcalc-modal-form/includes/wpcalc-modal-form.php on line 80","log":"/logs/plugins/w/wc-gateway-payburner/error.json"}
,
{"message":"Trying to access array offset on value of type bool in /wordpress/wp-content/plugins/wpcalc-modal-form/includes/wpcalc-modal-form.php on line 84","level":"WARNING","type":"PHP","test":"jspi-boot","plugin":"wc-gateway-payburner","details":"[07-May-2025 22:30:45 UTC] PHP Warning:  Trying to access array offset on value of type bool in /wordpress/wp-content/plugins/wpcalc-modal-form/includes/wpcalc-modal-form.php on line 84","log":"/logs/plugins/w/wc-gateway-payburner/error.json"}
,
{"message":"Trying to access array offset on value of type bool in /wordpress/wp-content/plugins/wpcalc-modal-form/includes/wpcalc-modal-form.php on line 89","level":"WARNING","type":"PHP","test":"jspi-boot","plugin":"wc-gateway-payburner","details":"[07-May-2025 22:30:45 UTC] PHP Warning:  Trying to access array offset on value of type bool in /wordpress/wp-content/plugins/wpcalc-modal-form/includes/wpcalc-modal-form.php on line 89","log":"/logs/plugins/w/wc-gateway-payburner/error.json"}
,
{"message":"Undefined array key \"modal_open\" in /wordpress/wp-content/plugins/wpcalc-modal-form/includes/wpcalc-modal-form.php on line 80","level":"WARNING","type":"PHP","test":"jspi-boot","plugin":"wc-gateway-payburner","details":"[07-May-2025 22:30:46 UTC] PHP Warning:  Undefined array key \"modal_open\" in /wordpress/wp-content/plugins/wpcalc-modal-form/includes/wpcalc-modal-form.php on line 80","log":"/logs/plugins/w/wc-gateway-payburner/error.json"}
,
{"message":"Trying to access array offset on value of type bool in /wordpress/wp-content/plugins/wpcalc-modal-form/includes/wpcalc-modal-form.php on line 80","level":"WARNING","type":"PHP","test":"jspi-boot","plugin":"wc-gateway-payburner","details":"[07-May-2025 22:30:53 UTC] PHP Warning:  Trying to access array offset on value of type bool in /wordpress/wp-content/plugins/wpcalc-modal-form/includes/wpcalc-modal-form.php on line 80","log":"/logs/plugins/w/wc-gateway-payburner/error.json"}
,
{"message":"Trying to access array offset on value of type bool in /wordpress/wp-content/plugins/wpcalc-modal-form/includes/wpcalc-modal-form.php on line 84","level":"WARNING","type":"PHP","test":"jspi-boot","plugin":"wc-gateway-payburner","details":"[07-May-2025 22:30:53 UTC] PHP Warning:  Trying to access array offset on value of type bool in /wordpress/wp-content/plugins/wpcalc-modal-form/includes/wpcalc-modal-form.php on line 84","log":"/logs/plugins/w/wc-gateway-payburner/error.json"}
,
{"message":"Trying to access array offset on value of type bool in /wordpress/wp-content/plugins/wpcalc-modal-form/includes/wpcalc-modal-form.php on line 89","level":"WARNING","type":"PHP","test":"jspi-boot","plugin":"wc-gateway-payburner","details":"[07-May-2025 22:30:53 UTC] PHP Warning:  Trying to access array offset on value of type bool in /wordpress/wp-content/plugins/wpcalc-modal-form/includes/wpcalc-modal-form.php on line 89","log":"/logs/plugins/w/wc-gateway-payburner/error.json"}
,
{"message":"Undefined array key \"modal_open\" in /wordpress/wp-content/plugins/wpcalc-modal-form/includes/wpcalc-modal-form.php on line 80","level":"WARNING","type":"PHP","test":"jspi-boot","plugin":"wc-gateway-payburner","details":"[07-May-2025 22:30:54 UTC] PHP Warning:  Undefined array key \"modal_open\" in /wordpress/wp-content/plugins/wpcalc-modal-form/includes/wpcalc-modal-form.php on line 80","log":"/logs/plugins/w/wc-gateway-payburner/error.json"}
,
{"message":"Trying to access array offset on value of type bool in /wordpress/wp-content/plugins/wpcalc-modal-form/includes/wpcalc-modal-form.php on line 80","level":"WARNING","type":"PHP","test":"jspi-boot","plugin":"wc-gateway-payburner","details":"[07-May-2025 22:31:02 UTC] PHP Warning:  Trying to access array offset on value of type bool in /wordpress/wp-content/plugins/wpcalc-modal-form/includes/wpcalc-modal-form.php on line 80","log":"/logs/plugins/w/wc-gateway-payburner/error.json"}
,
{"message":"Trying to access array offset on value of type bool in /wordpress/wp-content/plugins/wpcalc-modal-form/includes/wpcalc-modal-form.php on line 84","level":"WARNING","type":"PHP","test":"jspi-boot","plugin":"wc-gateway-payburner","details":"[07-May-2025 22:31:02 UTC] PHP Warning:  Trying to access array offset on value of type bool in /wordpress/wp-content/plugins/wpcalc-modal-form/includes/wpcalc-modal-form.php on line 84","log":"/logs/plugins/w/wc-gateway-payburner/error.json"}
,
{"message":"Trying to access array offset on value of type bool in /wordpress/wp-content/plugins/wpcalc-modal-form/includes/wpcalc-modal-form.php on line 89","level":"WARNING","type":"PHP","test":"jspi-boot","plugin":"wc-gateway-payburner","details":"[07-May-2025 22:31:02 UTC] PHP Warning:  Trying to access array offset on value of type bool in /wordpress/wp-content/plugins/wpcalc-modal-form/includes/wpcalc-modal-form.php on line 89","log":"/logs/plugins/w/wc-gateway-payburner/error.json"}
,
{"message":"Undefined array key \"modal_open\" in /wordpress/wp-content/plugins/wpcalc-modal-form/includes/wpcalc-modal-form.php on line 80","level":"WARNING","type":"PHP","test":"jspi-boot","plugin":"wc-gateway-payburner","details":"[07-May-2025 22:31:03 UTC] PHP Warning:  Undefined array key \"modal_open\" in /wordpress/wp-content/plugins/wpcalc-modal-form/includes/wpcalc-modal-form.php on line 80","log":"/logs/plugins/w/wc-gateway-payburner/error.json"}
,
{"message":"Uncaught Error: Call to undefined function create_function() in /wordpress/wp-content/plugins/wp-planification/WP-Planification-Widget.php:333","level":"FATAL","type":"PHP","test":"jspi-boot","plugin":"wc-gateway-payburner","details":"[07-May-2025 22:34:59 UTC] PHP Fatal error:  Uncaught Error: Call to undefined function create_function() in /wordpress/wp-content/plugins/wp-planification/WP-Planification-Widget.php:333\nStack trace:\n#0 /wordpress/wp-content/plugins/wp-planification/WP-Planification-Activation-BDD.php(225): include()\n#1 /wordpress/wp-admin/includes/plugin.php(2387): include_once('/wordpress/wp-c...')\n#2 /wordpress/wp-admin/includes/plugin.php(673): plugin_sandbox_scrape('wp-planificatio...')\n#3 /internal/eval.php(20): activate_plugin('wp-planificatio...')\n#4 {main}\n  thrown in /wordpress/wp-content/plugins/wp-planification/WP-Planification-Widget.php on line 333","log":"/logs/plugins/w/wc-gateway-payburner/error.json"}
,
{"message":"Uncaught Error: Call to undefined function create_function() in /wordpress/wp-content/plugins/wp-planification/WP-Planification-Widget.php:333","level":"FATAL","type":"PHP","test":"jspi-boot","plugin":"wc-gateway-payburner","details":"[07-May-2025 22:35:07 UTC] PHP Fatal error:  Uncaught Error: Call to undefined function create_function() in /wordpress/wp-content/plugins/wp-planification/WP-Planification-Widget.php:333\nStack trace:\n#0 /wordpress/wp-content/plugins/wp-planification/WP-Planification-Activation-BDD.php(225): include()\n#1 /wordpress/wp-admin/includes/plugin.php(2387): include_once('/wordpress/wp-c...')\n#2 /wordpress/wp-admin/includes/plugin.php(673): plugin_sandbox_scrape('wp-planificatio...')\n#3 /internal/eval.php(20): activate_plugin('wp-planificatio...')\n#4 {main}\n  thrown in /wordpress/wp-content/plugins/wp-planification/WP-Planification-Widget.php on line 333","log":"/logs/plugins/w/wc-gateway-payburner/error.json"}
,
{"message":"Uncaught Error: Call to undefined function create_function() in /wordpress/wp-content/plugins/wp-planification/WP-Planification-Widget.php:333","level":"FATAL","type":"PHP","test":"jspi-boot","plugin":"wc-gateway-payburner","details":"[07-May-2025 22:35:15 UTC] PHP Fatal error:  Uncaught Error: Call to undefined function create_function() in /wordpress/wp-content/plugins/wp-planification/WP-Planification-Widget.php:333\nStack trace:\n#0 /wordpress/wp-content/plugins/wp-planification/WP-Planification-Activation-BDD.php(225): include()\n#1 /wordpress/wp-admin/includes/plugin.php(2387): include_once('/wordpress/wp-c...')\n#2 /wordpress/wp-admin/includes/plugin.php(673): plugin_sandbox_scrape('wp-planificatio...')\n#3 /internal/eval.php(20): activate_plugin('wp-planificatio...')\n#4 {main}\n  thrown in /wordpress/wp-content/plugins/wp-planification/WP-Planification-Widget.php on line 333","log":"/logs/plugins/w/wc-gateway-payburner/error.json"}
,
{"message":"Constant RWMB_URL already defined in /wordpress/wp-content/plugins/wp-repo-tracker/ext/meta-box/inc/loader.php on line 27","level":"WARNING","type":"PHP","test":"jspi-boot","plugin":"wc-gateway-payburner","details":"[07-May-2025 22:35:50 UTC] PHP Warning:  Constant RWMB_URL already defined in /wordpress/wp-content/plugins/wp-repo-tracker/ext/meta-box/inc/loader.php on line 27","log":"/logs/plugins/w/wc-gateway-payburner/error.json"}
,
{"message":"Function register_uninstall_hook was called <strong>incorrectly</strong>. Only a static class method or function can be used in an uninstall hook. Please see <a href=\"https://developer.wordpress.org/advanced-administration/debug/debug-wordpress/\">Debugging in WordPress</a> for more information. (This message was added in version 3.1.0.) in /wordpress/wp-includes/functions.php on line 6121","level":"NOTICE","type":"PHP","test":"jspi-boot","plugin":"wc-gateway-payburner","details":"[07-May-2025 22:35:50 UTC] PHP Notice:  Function register_uninstall_hook was called <strong>incorrectly</strong>. Only a static class method or function can be used in an uninstall hook. Please see <a href=\"https://developer.wordpress.org/advanced-administration/debug/debug-wordpress/\">Debugging in WordPress</a> for more information. (This message was added in version 3.1.0.) in /wordpress/wp-includes/functions.php on line 6121","log":"/logs/plugins/w/wc-gateway-payburner/error.json"}
,
{"message":"Private methods cannot be final as they are never overridden by other classes in /wordpress/wp-content/plugins/wp-repo-tracker/ext/wprecord/WpRecord.php on line 75","level":"WARNING","type":"PHP","test":"jspi-boot","plugin":"wc-gateway-payburner","details":"[07-May-2025 22:35:50 UTC] PHP Warning:  Private methods cannot be final as they are never overridden by other classes in /wordpress/wp-content/plugins/wp-repo-tracker/ext/wprecord/WpRecord.php on line 75","log":"/logs/plugins/w/wc-gateway-payburner/error.json"}
,
{"message":"Private methods cannot be final as they are never overridden by other classes in /wordpress/wp-content/plugins/wp-repo-tracker/ext/wprecord/WpRecord.php on line 336","level":"WARNING","type":"PHP","test":"jspi-boot","plugin":"wc-gateway-payburner","details":"[07-May-2025 22:35:50 UTC] PHP Warning:  Private methods cannot be final as they are never overridden by other classes in /wordpress/wp-content/plugins/wp-repo-tracker/ext/wprecord/WpRecord.php on line 336","log":"/logs/plugins/w/wc-gateway-payburner/error.json"}
,
{"message":"Private methods cannot be final as they are never overridden by other classes in /wordpress/wp-content/plugins/wp-repo-tracker/ext/wprecord/WpRecord.php on line 350","level":"WARNING","type":"PHP","test":"jspi-boot","plugin":"wc-gateway-payburner","details":"[07-May-2025 22:35:50 UTC] PHP Warning:  Private methods cannot be final as they are never overridden by other classes in /wordpress/wp-content/plugins/wp-repo-tracker/ext/wprecord/WpRecord.php on line 350","log":"/logs/plugins/w/wc-gateway-payburner/error.json"}
,
{"message":"Private methods cannot be final as they are never overridden by other classes in /wordpress/wp-content/plugins/wp-repo-tracker/ext/wprecord/WpRecord.php on line 409","level":"WARNING","type":"PHP","test":"jspi-boot","plugin":"wc-gateway-payburner","details":"[07-May-2025 22:35:50 UTC] PHP Warning:  Private methods cannot be final as they are never overridden by other classes in /wordpress/wp-content/plugins/wp-repo-tracker/ext/wprecord/WpRecord.php on line 409","log":"/logs/plugins/w/wc-gateway-payburner/error.json"}
,
{"message":"Constant RWMB_URL already defined in /wordpress/wp-content/plugins/wp-repo-tracker/ext/meta-box/inc/loader.php on line 27","level":"WARNING","type":"PHP","test":"jspi-boot","plugin":"wc-gateway-payburner","details":"[07-May-2025 22:35:51 UTC] PHP Warning:  Constant RWMB_URL already defined in /wordpress/wp-content/plugins/wp-repo-tracker/ext/meta-box/inc/loader.php on line 27","log":"/logs/plugins/w/wc-gateway-payburner/error.json"}
,
{"message":"Function register_uninstall_hook was called <strong>incorrectly</strong>. Only a static class method or function can be used in an uninstall hook. Please see <a href=\"https://developer.wordpress.org/advanced-administration/debug/debug-wordpress/\">Debugging in WordPress</a> for more information. (This message was added in version 3.1.0.) in /wordpress/wp-includes/functions.php on line 6121","level":"NOTICE","type":"PHP","test":"jspi-boot","plugin":"wc-gateway-payburner","details":"[07-May-2025 22:35:51 UTC] PHP Notice:  Function register_uninstall_hook was called <strong>incorrectly</strong>. Only a static class method or function can be used in an uninstall hook. Please see <a href=\"https://developer.wordpress.org/advanced-administration/debug/debug-wordpress/\">Debugging in WordPress</a> for more information. (This message was added in version 3.1.0.) in /wordpress/wp-includes/functions.php on line 6121","log":"/logs/plugins/w/wc-gateway-payburner/error.json"}
,
{"message":"Constant RWMB_URL already defined in /wordpress/wp-content/plugins/wp-repo-tracker/ext/meta-box/inc/loader.php on line 27","level":"WARNING","type":"PHP","test":"jspi-boot","plugin":"wc-gateway-payburner","details":"[07-May-2025 22:36:00 UTC] PHP Warning:  Constant RWMB_URL already defined in /wordpress/wp-content/plugins/wp-repo-tracker/ext/meta-box/inc/loader.php on line 27","log":"/logs/plugins/w/wc-gateway-payburner/error.json"}
,
{"message":"Function register_uninstall_hook was called <strong>incorrectly</strong>. Only a static class method or function can be used in an uninstall hook. Please see <a href=\"https://developer.wordpress.org/advanced-administration/debug/debug-wordpress/\">Debugging in WordPress</a> for more information. (This message was added in version 3.1.0.) in /wordpress/wp-includes/functions.php on line 6121","level":"NOTICE","type":"PHP","test":"jspi-boot","plugin":"wc-gateway-payburner","details":"[07-May-2025 22:36:00 UTC] PHP Notice:  Function register_uninstall_hook was called <strong>incorrectly</strong>. Only a static class method or function can be used in an uninstall hook. Please see <a href=\"https://developer.wordpress.org/advanced-administration/debug/debug-wordpress/\">Debugging in WordPress</a> for more information. (This message was added in version 3.1.0.) in /wordpress/wp-includes/functions.php on line 6121","log":"/logs/plugins/w/wc-gateway-payburner/error.json"}
,
{"message":"Private methods cannot be final as they are never overridden by other classes in /wordpress/wp-content/plugins/wp-repo-tracker/ext/wprecord/WpRecord.php on line 75","level":"WARNING","type":"PHP","test":"jspi-boot","plugin":"wc-gateway-payburner","details":"[07-May-2025 22:36:00 UTC] PHP Warning:  Private methods cannot be final as they are never overridden by other classes in /wordpress/wp-content/plugins/wp-repo-tracker/ext/wprecord/WpRecord.php on line 75","log":"/logs/plugins/w/wc-gateway-payburner/error.json"}
,
{"message":"Private methods cannot be final as they are never overridden by other classes in /wordpress/wp-content/plugins/wp-repo-tracker/ext/wprecord/WpRecord.php on line 336","level":"WARNING","type":"PHP","test":"jspi-boot","plugin":"wc-gateway-payburner","details":"[07-May-2025 22:36:00 UTC] PHP Warning:  Private methods cannot be final as they are never overridden by other classes in /wordpress/wp-content/plugins/wp-repo-tracker/ext/wprecord/WpRecord.php on line 336","log":"/logs/plugins/w/wc-gateway-payburner/error.json"}
,
{"message":"Private methods cannot be final as they are never overridden by other classes in /wordpress/wp-content/plugins/wp-repo-tracker/ext/wprecord/WpRecord.php on line 350","level":"WARNING","type":"PHP","test":"jspi-boot","plugin":"wc-gateway-payburner","details":"[07-May-2025 22:36:00 UTC] PHP Warning:  Private methods cannot be final as they are never overridden by other classes in /wordpress/wp-content/plugins/wp-repo-tracker/ext/wprecord/WpRecord.php on line 350","log":"/logs/plugins/w/wc-gateway-payburner/error.json"}
,
{"message":"Private methods cannot be final as they are never overridden by other classes in /wordpress/wp-content/plugins/wp-repo-tracker/ext/wprecord/WpRecord.php on line 409","level":"WARNING","type":"PHP","test":"jspi-boot","plugin":"wc-gateway-payburner","details":"[07-May-2025 22:36:00 UTC] PHP Warning:  Private methods cannot be final as they are never overridden by other classes in /wordpress/wp-content/plugins/wp-repo-tracker/ext/wprecord/WpRecord.php on line 409","log":"/logs/plugins/w/wc-gateway-payburner/error.json"}
,
{"message":"Unknown operation: MODIFY.","level":"FATAL","type":"SQL","test":"jspi-boot","plugin":"wc-gateway-payburner","details":"[07-May-2025 22:36:00 UTC] WordPress database error <div style=\"clear:both\">&nbsp;</div>\n<div class=\"queries\" style=\"clear:both;margin-bottom:2px;border:red dotted thin;\">\n<p>MySQL query:</p>\n<p>ALTER TABLE `wp_repoissue` MODIFY id integer not null auto_increment</p>\n<p>Queries made or created this session were:</p>\n<ol>\n<li>Executing: BEGIN | (no parameters)</li>\n<li>Executing: ROLLBACK | (no parameters)</li>\n</ol>\n</div>\n<div style=\"clear:both;margin-bottom:2px;border:red dotted thin;\" class=\"error_message\" style=\"border-bottom:dotted blue thin;\">\nError occurred at line 4117 in Function <code>handle_error</code>. Error message was: Unknown operation: MODIFY.\n</div>\n<p>Backtrace:</p>\n<pre>#0 /internal/shared/sqlite-database-integration/wp-includes/sqlite/class-wp-sqlite-db.php(287): WP_SQLite_Translator->get_error_message()\n#1 /wordpress/wp-includes/class-wpdb.php(3146): WP_SQLite_DB->query('ALTER TABLE `wp...')\n#2 /wordpress/wp-content/plugins/wp-repo-tracker/ext/wprecord/WpRecord.php(369): wpdb->get_results('ALTER TABLE `wp...', 'ARRAY_A')\n#3 /wordpress/wp-content/plugins/wp-repo-tracker/ext/wprecord/WpRecord.php(131): WpRecord::query('ALTER TABLE `wp...')\n#4 /wordpress/wp-content/plugins/wp-repo-tracker/src/plugin/RepoTrackerPlugin.php(36): WpRecord::install()\n#5 /wordpress/wp-includes/class-wp-hook.php(324): repotracker\\RepoTrackerPlugin->activate(false)\n#6 /wordpress/wp-includes/class-wp-hook.php(348): WP_Hook->apply_filters('', Array)\n#7 /wordpress/wp-includes/plugin.php(517): WP_Hook->do_action(Array)\n#8 /wordpress/wp-admin/includes/plugin.php(703): do_action('activate_wp-rep...', false)\n#9 /internal/eval.php(20): activate_plugin('wp-repo-tracker...')\n#10 {main}</pre>\n for query ALTER TABLE `wp_repoissue` MODIFY id integer not null auto_increment made by activate_plugin, do_action('activate_wp-repo-tracker/wp-repo-tracker.php'), WP_Hook->do_action, WP_Hook->apply_filters, repotracker\\RepoTrackerPlugin->activate, WpRecord::install, WpRecord::query, WP_SQLite_DB->query, WP_SQLite_DB->print_error","log":"/logs/plugins/w/wc-gateway-payburner/error.json"}
,
{"message":"Uncaught Exception: <div style=\"clear:both\">&nbsp;</div>","level":"FATAL","type":"PHP","test":"jspi-boot","plugin":"wc-gateway-payburner","details":"[07-May-2025 22:36:00 UTC] PHP Fatal error:  Uncaught Exception: <div style=\"clear:both\">&nbsp;</div>\n<div class=\"queries\" style=\"clear:both;margin-bottom:2px;border:red dotted thin;\">\n<p>MySQL query:</p>\n<p>ALTER TABLE `wp_repoissue` MODIFY id integer not null auto_increment</p>\n<p>Queries made or created this session were:</p>\n<ol>\n<li>Executing: BEGIN | (no parameters)</li>\n<li>Executing: ROLLBACK | (no parameters)</li>\n</ol>\n</div>\n<div style=\"clear:both;margin-bottom:2px;border:red dotted thin;\" class=\"error_message\" style=\"border-bottom:dotted blue thin;\">\nError occurred at line 4117 in Function <code>handle_error</code>. Error message was: Unknown operation: MODIFY.\n</div>\n<p>Backtrace:</p>\n<pre>#0 /internal/shared/sqlite-database-integration/wp-includes/sqlite/class-wp-sqlite-db.php(287): WP_SQLite_Translator->get_error_message()\n#1 /wordpress/wp-includes/class-wpdb.php(3146): WP_SQLite_DB->query('ALTER TABLE `wp...')\n#2 /wordpress/wp-content/plugins/wp-repo-tracker/ext/wprecord/WpRecord.php(369): wpdb->get_results('ALTER TABLE `wp...', 'ARRAY_A')\n#3 /wordpress/wp-content/plugins/wp-repo-tracker/ext/wprecord/WpRecord.php(131): WpRecord::query('ALTER TABLE `wp...')\n#4 /wordpress/wp-content/plugins/wp-repo-tracker/src/plugin/RepoTrackerPlugin.php(36): WpRecord::install()\n#5 /wordpress/wp-includes/class-wp-hook.php(324): repotracker\\RepoTrackerPlugin->activate(false)\n#6 /wordpress/wp-includes/class-wp-hook.php(348): WP_Hook->apply_filters('', Array)\n#7 /wordpress/wp-includes/plugin.php(517): WP_Hook->do_action(Array)\n#8 /wordpress/wp-admin/includes/plugin.php(703): do_action('activate_wp-rep...', false)\n#9 /internal/eval.php(20): activate_plugin('wp-repo-tracker...')\n#10 {main}</pre>\n in /wordpress/wp-content/plugins/wp-repo-tracker/ext/wprecord/WpRecord.php:371\nStack trace:\n#0 /wordpress/wp-content/plugins/wp-repo-tracker/ext/wprecord/WpRecord.php(131): WpRecord::query('ALTER TABLE `wp...')\n#1 /wordpress/wp-content/plugins/wp-repo-tracker/src/plugin/RepoTrackerPlugin.php(36): WpRecord::install()\n#2 /wordpress/wp-includes/class-wp-hook.php(324): repotracker\\RepoTrackerPlugin->activate(false)\n#3 /wordpress/wp-includes/class-wp-hook.php(348): WP_Hook->apply_filters('', Array)\n#4 /wordpress/wp-includes/plugin.php(517): WP_Hook->do_action(Array)\n#5 /wordpress/wp-admin/includes/plugin.php(703): do_action('activate_wp-rep...', false)\n#6 /internal/eval.php(20): activate_plugin('wp-repo-tracker...')\n#7 {main}\n  thrown in /wordpress/wp-content/plugins/wp-repo-tracker/ext/wprecord/WpRecord.php on line 371","log":"/logs/plugins/w/wc-gateway-payburner/error.json"}
,
{"message":"Constant RWMB_URL already defined in /wordpress/wp-content/plugins/wp-repo-tracker/ext/meta-box/inc/loader.php on line 27","level":"WARNING","type":"PHP","test":"jspi-boot","plugin":"wc-gateway-payburner","details":"[07-May-2025 22:36:09 UTC] PHP Warning:  Constant RWMB_URL already defined in /wordpress/wp-content/plugins/wp-repo-tracker/ext/meta-box/inc/loader.php on line 27","log":"/logs/plugins/w/wc-gateway-payburner/error.json"}
,
{"message":"Function register_uninstall_hook was called <strong>incorrectly</strong>. Only a static class method or function can be used in an uninstall hook. Please see <a href=\"https://developer.wordpress.org/advanced-administration/debug/debug-wordpress/\">Debugging in WordPress</a> for more information. (This message was added in version 3.1.0.) in /wordpress/wp-includes/functions.php on line 6121","level":"NOTICE","type":"PHP","test":"jspi-boot","plugin":"wc-gateway-payburner","details":"[07-May-2025 22:36:09 UTC] PHP Notice:  Function register_uninstall_hook was called <strong>incorrectly</strong>. Only a static class method or function can be used in an uninstall hook. Please see <a href=\"https://developer.wordpress.org/advanced-administration/debug/debug-wordpress/\">Debugging in WordPress</a> for more information. (This message was added in version 3.1.0.) in /wordpress/wp-includes/functions.php on line 6121","log":"/logs/plugins/w/wc-gateway-payburner/error.json"}
,
{"message":"Private methods cannot be final as they are never overridden by other classes in /wordpress/wp-content/plugins/wp-repo-tracker/ext/wprecord/WpRecord.php on line 75","level":"WARNING","type":"PHP","test":"jspi-boot","plugin":"wc-gateway-payburner","details":"[07-May-2025 22:36:09 UTC] PHP Warning:  Private methods cannot be final as they are never overridden by other classes in /wordpress/wp-content/plugins/wp-repo-tracker/ext/wprecord/WpRecord.php on line 75","log":"/logs/plugins/w/wc-gateway-payburner/error.json"}
,
{"message":"Private methods cannot be final as they are never overridden by other classes in /wordpress/wp-content/plugins/wp-repo-tracker/ext/wprecord/WpRecord.php on line 336","level":"WARNING","type":"PHP","test":"jspi-boot","plugin":"wc-gateway-payburner","details":"[07-May-2025 22:36:09 UTC] PHP Warning:  Private methods cannot be final as they are never overridden by other classes in /wordpress/wp-content/plugins/wp-repo-tracker/ext/wprecord/WpRecord.php on line 336","log":"/logs/plugins/w/wc-gateway-payburner/error.json"}
,
{"message":"Private methods cannot be final as they are never overridden by other classes in /wordpress/wp-content/plugins/wp-repo-tracker/ext/wprecord/WpRecord.php on line 350","level":"WARNING","type":"PHP","test":"jspi-boot","plugin":"wc-gateway-payburner","details":"[07-May-2025 22:36:09 UTC] PHP Warning:  Private methods cannot be final as they are never overridden by other classes in /wordpress/wp-content/plugins/wp-repo-tracker/ext/wprecord/WpRecord.php on line 350","log":"/logs/plugins/w/wc-gateway-payburner/error.json"}
,
{"message":"Private methods cannot be final as they are never overridden by other classes in /wordpress/wp-content/plugins/wp-repo-tracker/ext/wprecord/WpRecord.php on line 409","level":"WARNING","type":"PHP","test":"jspi-boot","plugin":"wc-gateway-payburner","details":"[07-May-2025 22:36:09 UTC] PHP Warning:  Private methods cannot be final as they are never overridden by other classes in /wordpress/wp-content/plugins/wp-repo-tracker/ext/wprecord/WpRecord.php on line 409","log":"/logs/plugins/w/wc-gateway-payburner/error.json"}
,
{"message":"Unknown operation: MODIFY.","level":"FATAL","type":"SQL","test":"jspi-boot","plugin":"wc-gateway-payburner","details":"[07-May-2025 22:36:09 UTC] WordPress database error <div style=\"clear:both\">&nbsp;</div>\n<div class=\"queries\" style=\"clear:both;margin-bottom:2px;border:red dotted thin;\">\n<p>MySQL query:</p>\n<p>ALTER TABLE `wp_repoissue` MODIFY id integer not null auto_increment</p>\n<p>Queries made or created this session were:</p>\n<ol>\n<li>Executing: BEGIN | (no parameters)</li>\n<li>Executing: ROLLBACK | (no parameters)</li>\n</ol>\n</div>\n<div style=\"clear:both;margin-bottom:2px;border:red dotted thin;\" class=\"error_message\" style=\"border-bottom:dotted blue thin;\">\nError occurred at line 4117 in Function <code>handle_error</code>. Error message was: Unknown operation: MODIFY.\n</div>\n<p>Backtrace:</p>\n<pre>#0 /internal/shared/sqlite-database-integration/wp-includes/sqlite/class-wp-sqlite-db.php(287): WP_SQLite_Translator->get_error_message()\n#1 /wordpress/wp-includes/class-wpdb.php(3146): WP_SQLite_DB->query('ALTER TABLE `wp...')\n#2 /wordpress/wp-content/plugins/wp-repo-tracker/ext/wprecord/WpRecord.php(369): wpdb->get_results('ALTER TABLE `wp...', 'ARRAY_A')\n#3 /wordpress/wp-content/plugins/wp-repo-tracker/ext/wprecord/WpRecord.php(131): WpRecord::query('ALTER TABLE `wp...')\n#4 /wordpress/wp-content/plugins/wp-repo-tracker/src/plugin/RepoTrackerPlugin.php(36): WpRecord::install()\n#5 /wordpress/wp-includes/class-wp-hook.php(324): repotracker\\RepoTrackerPlugin->activate(false)\n#6 /wordpress/wp-includes/class-wp-hook.php(348): WP_Hook->apply_filters('', Array)\n#7 /wordpress/wp-includes/plugin.php(517): WP_Hook->do_action(Array)\n#8 /wordpress/wp-admin/includes/plugin.php(703): do_action('activate_wp-rep...', false)\n#9 /internal/eval.php(20): activate_plugin('wp-repo-tracker...')\n#10 {main}</pre>\n for query ALTER TABLE `wp_repoissue` MODIFY id integer not null auto_increment made by activate_plugin, do_action('activate_wp-repo-tracker/wp-repo-tracker.php'), WP_Hook->do_action, WP_Hook->apply_filters, repotracker\\RepoTrackerPlugin->activate, WpRecord::install, WpRecord::query, WP_SQLite_DB->query, WP_SQLite_DB->print_error","log":"/logs/plugins/w/wc-gateway-payburner/error.json"}
,
{"message":"Uncaught Exception: <div style=\"clear:both\">&nbsp;</div>","level":"FATAL","type":"PHP","test":"jspi-boot","plugin":"wc-gateway-payburner","details":"[07-May-2025 22:36:09 UTC] PHP Fatal error:  Uncaught Exception: <div style=\"clear:both\">&nbsp;</div>\n<div class=\"queries\" style=\"clear:both;margin-bottom:2px;border:red dotted thin;\">\n<p>MySQL query:</p>\n<p>ALTER TABLE `wp_repoissue` MODIFY id integer not null auto_increment</p>\n<p>Queries made or created this session were:</p>\n<ol>\n<li>Executing: BEGIN | (no parameters)</li>\n<li>Executing: ROLLBACK | (no parameters)</li>\n</ol>\n</div>\n<div style=\"clear:both;margin-bottom:2px;border:red dotted thin;\" class=\"error_message\" style=\"border-bottom:dotted blue thin;\">\nError occurred at line 4117 in Function <code>handle_error</code>. Error message was: Unknown operation: MODIFY.\n</div>\n<p>Backtrace:</p>\n<pre>#0 /internal/shared/sqlite-database-integration/wp-includes/sqlite/class-wp-sqlite-db.php(287): WP_SQLite_Translator->get_error_message()\n#1 /wordpress/wp-includes/class-wpdb.php(3146): WP_SQLite_DB->query('ALTER TABLE `wp...')\n#2 /wordpress/wp-content/plugins/wp-repo-tracker/ext/wprecord/WpRecord.php(369): wpdb->get_results('ALTER TABLE `wp...', 'ARRAY_A')\n#3 /wordpress/wp-content/plugins/wp-repo-tracker/ext/wprecord/WpRecord.php(131): WpRecord::query('ALTER TABLE `wp...')\n#4 /wordpress/wp-content/plugins/wp-repo-tracker/src/plugin/RepoTrackerPlugin.php(36): WpRecord::install()\n#5 /wordpress/wp-includes/class-wp-hook.php(324): repotracker\\RepoTrackerPlugin->activate(false)\n#6 /wordpress/wp-includes/class-wp-hook.php(348): WP_Hook->apply_filters('', Array)\n#7 /wordpress/wp-includes/plugin.php(517): WP_Hook->do_action(Array)\n#8 /wordpress/wp-admin/includes/plugin.php(703): do_action('activate_wp-rep...', false)\n#9 /internal/eval.php(20): activate_plugin('wp-repo-tracker...')\n#10 {main}</pre>\n in /wordpress/wp-content/plugins/wp-repo-tracker/ext/wprecord/WpRecord.php:371\nStack trace:\n#0 /wordpress/wp-content/plugins/wp-repo-tracker/ext/wprecord/WpRecord.php(131): WpRecord::query('ALTER TABLE `wp...')\n#1 /wordpress/wp-content/plugins/wp-repo-tracker/src/plugin/RepoTrackerPlugin.php(36): WpRecord::install()\n#2 /wordpress/wp-includes/class-wp-hook.php(324): repotracker\\RepoTrackerPlugin->activate(false)\n#3 /wordpress/wp-includes/class-wp-hook.php(348): WP_Hook->apply_filters('', Array)\n#4 /wordpress/wp-includes/plugin.php(517): WP_Hook->do_action(Array)\n#5 /wordpress/wp-admin/includes/plugin.php(703): do_action('activate_wp-rep...', false)\n#6 /internal/eval.php(20): activate_plugin('wp-repo-tracker...')\n#7 {main}\n  thrown in /wordpress/wp-content/plugins/wp-repo-tracker/ext/wprecord/WpRecord.php on line 371","log":"/logs/plugins/w/wc-gateway-payburner/error.json"}
,
{"message":"The magic method WC_Payburner::__wakeup() must have public visibility in /wordpress/wp-content/plugins/wc-gateway-payburner/wc-gateway-payburner.php on line 63","level":"WARNING","type":"PHP","test":"jspi-boot","plugin":"wc-gateway-payburner","details":"[07-May-2025 22:36:18 UTC] PHP Warning:  The magic method WC_Payburner::__wakeup() must have public visibility in /wordpress/wp-content/plugins/wc-gateway-payburner/wc-gateway-payburner.php on line 63","log":"/logs/plugins/w/wc-gateway-payburner/error.json"}
,
{"message":"The magic method WC_Payburner::__wakeup() must have public visibility in /wordpress/wp-content/plugins/wc-gateway-payburner/wc-gateway-payburner.php on line 63","level":"WARNING","type":"PHP","test":"jspi-boot","plugin":"wc-gateway-payburner","details":"[07-May-2025 22:36:19 UTC] PHP Warning:  The magic method WC_Payburner::__wakeup() must have public visibility in /wordpress/wp-content/plugins/wc-gateway-payburner/wc-gateway-payburner.php on line 63","log":"/logs/plugins/w/wc-gateway-payburner/error.json"}
,
{"message":"Uncaught Error: Class \"WC_Payment_Gateway\" not found in /wordpress/wp-content/plugins/wc-gateway-payburner/includes/class-wc-gateway-payburner.php:9","level":"FATAL","type":"PHP","test":"jspi-boot","plugin":"wc-gateway-payburner","details":"[07-May-2025 22:36:19 UTC] PHP Fatal error:  Uncaught Error: Class \"WC_Payment_Gateway\" not found in /wordpress/wp-content/plugins/wc-gateway-payburner/includes/class-wc-gateway-payburner.php:9\nStack trace:\n#0 /wordpress/wp-content/plugins/wc-gateway-payburner/wc-gateway-payburner.php(84): include_once()\n#1 /wordpress/wp-includes/class-wp-hook.php(324): WC_Payburner->init_gateways('')\n#2 /wordpress/wp-includes/class-wp-hook.php(348): WP_Hook->apply_filters(NULL, Array)\n#3 /wordpress/wp-includes/plugin.php(517): WP_Hook->do_action(Array)\n#4 /wordpress/wp-settings.php(578): do_action('plugins_loaded')\n#5 /wordpress/wp-config.php(102): require_once('/wordpress/wp-s...')\n#6 /wordpress/wp-load.php(50): require_once('/wordpress/wp-c...')\n#7 /internal/eval.php(3): require_once('/wordpress/wp-l...')\n#8 {main}\n  thrown in /wordpress/wp-content/plugins/wc-gateway-payburner/includes/class-wc-gateway-payburner.php on line 9","log":"/logs/plugins/w/wc-gateway-payburner/error.json"}
,
{"message":"The magic method WC_Payburner::__wakeup() must have public visibility in /wordpress/wp-content/plugins/wc-gateway-payburner/wc-gateway-payburner.php on line 63","level":"WARNING","type":"PHP","test":"jspi-boot","plugin":"wc-gateway-payburner","details":"[07-May-2025 22:36:28 UTC] PHP Warning:  The magic method WC_Payburner::__wakeup() must have public visibility in /wordpress/wp-content/plugins/wc-gateway-payburner/wc-gateway-payburner.php on line 63","log":"/logs/plugins/w/wc-gateway-payburner/error.json"}
,
{"message":"The magic method WC_Payburner::__wakeup() must have public visibility in /wordpress/wp-content/plugins/wc-gateway-payburner/wc-gateway-payburner.php on line 63","level":"WARNING","type":"PHP","test":"jspi-boot","plugin":"wc-gateway-payburner","details":"[07-May-2025 22:36:29 UTC] PHP Warning:  The magic method WC_Payburner::__wakeup() must have public visibility in /wordpress/wp-content/plugins/wc-gateway-payburner/wc-gateway-payburner.php on line 63","log":"/logs/plugins/w/wc-gateway-payburner/error.json"}
,
{"message":"Uncaught Error: Class \"WC_Payment_Gateway\" not found in /wordpress/wp-content/plugins/wc-gateway-payburner/includes/class-wc-gateway-payburner.php:9","level":"FATAL","type":"PHP","test":"jspi-boot","plugin":"wc-gateway-payburner","details":"[07-May-2025 22:36:29 UTC] PHP Fatal error:  Uncaught Error: Class \"WC_Payment_Gateway\" not found in /wordpress/wp-content/plugins/wc-gateway-payburner/includes/class-wc-gateway-payburner.php:9\nStack trace:\n#0 /wordpress/wp-content/plugins/wc-gateway-payburner/wc-gateway-payburner.php(84): include_once()\n#1 /wordpress/wp-includes/class-wp-hook.php(324): WC_Payburner->init_gateways('')\n#2 /wordpress/wp-includes/class-wp-hook.php(348): WP_Hook->apply_filters(NULL, Array)\n#3 /wordpress/wp-includes/plugin.php(517): WP_Hook->do_action(Array)\n#4 /wordpress/wp-settings.php(578): do_action('plugins_loaded')\n#5 /wordpress/wp-config.php(102): require_once('/wordpress/wp-s...')\n#6 /wordpress/wp-load.php(50): require_once('/wordpress/wp-c...')\n#7 /internal/eval.php(3): require_once('/wordpress/wp-l...')\n#8 {main}\n  thrown in /wordpress/wp-content/plugins/wc-gateway-payburner/includes/class-wc-gateway-payburner.php on line 9","log":"/logs/plugins/w/wc-gateway-payburner/error.json"}
,
{"message":"The magic method WC_Payburner::__wakeup() must have public visibility in /wordpress/wp-content/plugins/wc-gateway-payburner/wc-gateway-payburner.php on line 63","level":"WARNING","type":"PHP","test":"jspi-boot","plugin":"wc-gateway-payburner","details":"[07-May-2025 22:36:36 UTC] PHP Warning:  The magic method WC_Payburner::__wakeup() must have public visibility in /wordpress/wp-content/plugins/wc-gateway-payburner/wc-gateway-payburner.php on line 63","log":"/logs/plugins/w/wc-gateway-payburner/error.json"}
,
{"message":"The magic method WC_Payburner::__wakeup() must have public visibility in /wordpress/wp-content/plugins/wc-gateway-payburner/wc-gateway-payburner.php on line 63","level":"WARNING","type":"PHP","test":"jspi-boot","plugin":"wc-gateway-payburner","details":"[07-May-2025 22:36:37 UTC] PHP Warning:  The magic method WC_Payburner::__wakeup() must have public visibility in /wordpress/wp-content/plugins/wc-gateway-payburner/wc-gateway-payburner.php on line 63","log":"/logs/plugins/w/wc-gateway-payburner/error.json"}
,
{"message":"Uncaught Error: Class \"WC_Payment_Gateway\" not found in /wordpress/wp-content/plugins/wc-gateway-payburner/includes/class-wc-gateway-payburner.php:9","level":"FATAL","type":"PHP","test":"jspi-boot","plugin":"wc-gateway-payburner","details":"[07-May-2025 22:36:37 UTC] PHP Fatal error:  Uncaught Error: Class \"WC_Payment_Gateway\" not found in /wordpress/wp-content/plugins/wc-gateway-payburner/includes/class-wc-gateway-payburner.php:9\nStack trace:\n#0 /wordpress/wp-content/plugins/wc-gateway-payburner/wc-gateway-payburner.php(84): include_once()\n#1 /wordpress/wp-includes/class-wp-hook.php(324): WC_Payburner->init_gateways('')\n#2 /wordpress/wp-includes/class-wp-hook.php(348): WP_Hook->apply_filters(NULL, Array)\n#3 /wordpress/wp-includes/plugin.php(517): WP_Hook->do_action(Array)\n#4 /wordpress/wp-settings.php(578): do_action('plugins_loaded')\n#5 /wordpress/wp-config.php(102): require_once('/wordpress/wp-s...')\n#6 /wordpress/wp-load.php(50): require_once('/wordpress/wp-c...')\n#7 /internal/eval.php(3): require_once('/wordpress/wp-l...')\n#8 {main}\n  thrown in /wordpress/wp-content/plugins/wc-gateway-payburner/includes/class-wc-gateway-payburner.php on line 9\n\n    at Object.onBind (file:///home/runner/work/playground-tester/playground-tester/node_modules/@wp-playground/cli/index.js:237:15)\n    at process.processTicksAndRejections (node:internal/process/task_queues:105:5)\n    at async V (file:///home/runner/work/playground-tester/playground-tester/node_modules/@wp-playground/cli/index.js:64:10)\n    at async ja (file:///home/runner/work/playground-tester/playground-tester/node_modules/@wp-playground/cli/cli.js:8161:12) {\n  [cause]: Error: Error when executing the blueprint step #1 ({\"step\":\"installPlugin\",\"pluginData\":{\"resource\":\"wordpress.org/plugins\",\"slug\":\"wc-gateway-payburner\"},\"options\":{\"activate\":true}}) : PHP.run() failed with exit code 255 and the following output: \n      at Object.run (file:///home/runner/work/playground-tester/playground-tester/node_modules/@wp-playground/blueprints/index.js:12449:19)\n      at process.processTicksAndRejections (node:internal/process/task_queues:105:5)\n      at async ms (file:///home/runner/work/playground-tester/playground-tester/node_modules/@wp-playground/blueprints/index.js:12552:3)\n      ... 2 lines matching cause stack trace ...\n      at async ja (file:///home/runner/work/playground-tester/playground-tester/node_modules/@wp-playground/cli/cli.js:8161:12) {\n    [cause]: PHPExecutionFailureError: PHP.run() failed with exit code 255 and the following output: \n        at PHP.run (file:///home/runner/work/playground-tester/playground-tester/node_modules/@php-wasm/universal/index.js:987:19)\n        at process.processTicksAndRejections (node:internal/process/task_queues:105:5)\n        at async wr (file:///home/runner/work/playground-tester/playground-tester/node_modules/@wp-playground/blueprints/index.js:73:13)\n        at async Object.gt [as installPlugin] (file:///home/runner/work/playground-tester/playground-tester/node_modules/@wp-playground/blueprints/index.js:974:42)\n        at async g (file:///home/runner/work/playground-tester/playground-tester/node_modules/@wp-playground/blueprints/index.js:12517:30)\n        at async Object.run (file:///home/runner/work/playground-tester/playground-tester/node_modules/@wp-playground/blueprints/index.js:12446:23)\n        at async ms (file:///home/runner/work/playground-tester/playground-tester/node_modules/@wp-playground/blueprints/index.js:12552:3)\n        at async Object.onBind (file:///home/runner/work/playground-tester/playground-tester/node_modules/@wp-playground/cli/index.js:227:48)\n        at async V (file:///home/runner/work/playground-tester/playground-tester/node_modules/@wp-playground/cli/index.js:64:10)\n        at async ja (file:///home/runner/work/playground-tester/playground-tester/node_modules/@wp-playground/cli/cli.js:8161:12) {\n      response: PHPResponse {\n        httpStatusCode: 500,\n        headers: {\n          'x-powered-by': [ 'PHP/8.0.30-dev' ],\n          'content-type': [ 'text/html; charset=UTF-8' ],\n          expires: [ 'Wed, 11 Jan 1984 05:00:00 GMT' ],\n          'cache-control': [ 'no-cache, must-revalidate, max-age=0, no-store, private' ]\n        },\n        bytes: Uint8Array(2653) [\n           60,  33,  68,  79,  67,  84,  89,  80,  69,  32, 104, 116,\n          109, 108,  62,  10,  60, 104, 116, 109, 108,  32, 108,  97,\n          110, 103,  61,  34, 101, 110,  45,  85,  83,  34,  62,  10,\n           60, 104, 101,  97, 100,  62,  10,   9,  60, 109, 101, 116,\n           97,  32, 104, 116, 116, 112,  45, 101, 113, 117, 105, 118,\n           61,  34,  67, 111, 110, 116, 101, 110, 116,  45,  84, 121,\n          112, 101,  34,  32,  99, 111, 110, 116, 101, 110, 116,  61,\n           34, 116, 101, 120, 116,  47, 104, 116, 109, 108,  59,  32,\n           99, 104,  97, 114,\n          ... 2553 more items\n        ],\n        exitCode: 255,\n        errors: ''\n      },\n      source: 'request'\n    }\n  }\n}\n\n","log":"/logs/plugins/w/wc-gateway-payburner/error.json"}
]
