[
  {
    "message": "file:///home/runner/work/playground-tester/playground-tester/node_modules/@wp-playground/cli/run-cli-j-geJYS3.js:325\n        throw new Error($, { cause: h });\n              ^\n",
    "level": "FATAL",
    "type": "PLAYGROUND",
    "test": "ast-sqlite-boot",
    "plugin": "sh-nice-slug",
    "details": "file:///home/runner/work/playground-tester/playground-tester/node_modules/@wp-playground/cli/run-cli-j-geJYS3.js:325\n        throw new Error($, { cause: h });\n              ^\n",
    "log": "/tmp/tmp.hf1KKdwQQ8"
  },
  {
    "message": "Uncaught Error: Call to undefined function create_function() in /wordpress/wp-content/plugins/steam-news-widget/includes/ssg-steam-news-widget-internal.php:240",
    "level": "FATAL",
    "type": "PHP",
    "test": "ast-sqlite-boot",
    "plugin": "sh-nice-slug",
    "details": "[10-Jun-2025 21:28:55 UTC] PHP Fatal error:  Uncaught Error: Call to undefined function create_function() in /wordpress/wp-content/plugins/steam-news-widget/includes/ssg-steam-news-widget-internal.php:240\nStack trace:\n#0 /wordpress/wp-content/plugins/steam-news-widget/ssg-steam-news-widget.php(15): require_once()\n#1 /wordpress/wp-admin/includes/plugin.php(2387): include_once('/wordpress/wp-c...')\n#2 /wordpress/wp-admin/includes/plugin.php(673): plugin_sandbox_scrape('steam-news-widg...')\n#3 /internal/eval.php(20): activate_plugin('steam-news-widg...')\n#4 {main}\n  thrown in /wordpress/wp-content/plugins/steam-news-widget/includes/ssg-steam-news-widget-internal.php on line 240",
    "log": "/logs/plugins/s/sh-nice-slug/error.json"
  },
  {
    "message": "Uncaught Error: Call to undefined function create_function() in /wordpress/wp-content/plugins/steam-news-widget/includes/ssg-steam-news-widget-internal.php:240",
    "level": "FATAL",
    "type": "PHP",
    "test": "ast-sqlite-boot",
    "plugin": "sh-nice-slug",
    "details": "[10-Jun-2025 21:29:04 UTC] PHP Fatal error:  Uncaught Error: Call to undefined function create_function() in /wordpress/wp-content/plugins/steam-news-widget/includes/ssg-steam-news-widget-internal.php:240\nStack trace:\n#0 /wordpress/wp-content/plugins/steam-news-widget/ssg-steam-news-widget.php(15): require_once()\n#1 /wordpress/wp-admin/includes/plugin.php(2387): include_once('/wordpress/wp-c...')\n#2 /wordpress/wp-admin/includes/plugin.php(673): plugin_sandbox_scrape('steam-news-widg...')\n#3 /internal/eval.php(20): activate_plugin('steam-news-widg...')\n#4 {main}\n  thrown in /wordpress/wp-content/plugins/steam-news-widget/includes/ssg-steam-news-widget-internal.php on line 240",
    "log": "/logs/plugins/s/sh-nice-slug/error.json"
  },
  {
    "message": "Uncaught Error: Call to undefined function create_function() in /wordpress/wp-content/plugins/steam-news-widget/includes/ssg-steam-news-widget-internal.php:240",
    "level": "FATAL",
    "type": "PHP",
    "test": "ast-sqlite-boot",
    "plugin": "sh-nice-slug",
    "details": "[10-Jun-2025 21:29:13 UTC] PHP Fatal error:  Uncaught Error: Call to undefined function create_function() in /wordpress/wp-content/plugins/steam-news-widget/includes/ssg-steam-news-widget-internal.php:240\nStack trace:\n#0 /wordpress/wp-content/plugins/steam-news-widget/ssg-steam-news-widget.php(15): require_once()\n#1 /wordpress/wp-admin/includes/plugin.php(2387): include_once('/wordpress/wp-c...')\n#2 /wordpress/wp-admin/includes/plugin.php(673): plugin_sandbox_scrape('steam-news-widg...')\n#3 /internal/eval.php(20): activate_plugin('steam-news-widg...')\n#4 {main}\n  thrown in /wordpress/wp-content/plugins/steam-news-widget/includes/ssg-steam-news-widget-internal.php on line 240",
    "log": "/logs/plugins/s/sh-nice-slug/error.json"
  },
  {
    "message": "Required parameter $tag follows optional parameter $content in /wordpress/wp-content/plugins/salonde-widget/salon.de-widget.php on line 172",
    "level": "DEPRECATED",
    "type": "PHP",
    "test": "ast-sqlite-boot",
    "plugin": "sh-nice-slug",
    "details": "[10-Jun-2025 21:29:56 UTC] PHP Deprecated:  Required parameter $tag follows optional parameter $content in /wordpress/wp-content/plugins/salonde-widget/salon.de-widget.php on line 172",
    "log": "/logs/plugins/s/sh-nice-slug/error.json"
  },
  {
    "message": "Required parameter $tag follows optional parameter $content in /wordpress/wp-content/plugins/salonde-widget/salon.de-widget.php on line 172",
    "level": "DEPRECATED",
    "type": "PHP",
    "test": "ast-sqlite-boot",
    "plugin": "sh-nice-slug",
    "details": "[10-Jun-2025 21:29:57 UTC] PHP Deprecated:  Required parameter $tag follows optional parameter $content in /wordpress/wp-content/plugins/salonde-widget/salon.de-widget.php on line 172",
    "log": "/logs/plugins/s/sh-nice-slug/error.json"
  },
  {
    "message": "Required parameter $tag follows optional parameter $content in /wordpress/wp-content/plugins/salonde-widget/salon.de-widget.php on line 172",
    "level": "DEPRECATED",
    "type": "PHP",
    "test": "ast-sqlite-boot",
    "plugin": "sh-nice-slug",
    "details": "[10-Jun-2025 21:30:06 UTC] PHP Deprecated:  Required parameter $tag follows optional parameter $content in /wordpress/wp-content/plugins/salonde-widget/salon.de-widget.php on line 172",
    "log": "/logs/plugins/s/sh-nice-slug/error.json"
  },
  {
    "message": "Required parameter $tag follows optional parameter $content in /wordpress/wp-content/plugins/salonde-widget/salon.de-widget.php on line 172",
    "level": "DEPRECATED",
    "type": "PHP",
    "test": "ast-sqlite-boot",
    "plugin": "sh-nice-slug",
    "details": "[10-Jun-2025 21:30:06 UTC] PHP Deprecated:  Required parameter $tag follows optional parameter $content in /wordpress/wp-content/plugins/salonde-widget/salon.de-widget.php on line 172",
    "log": "/logs/plugins/s/sh-nice-slug/error.json"
  },
  {
    "message": "Required parameter $tag follows optional parameter $content in /wordpress/wp-content/plugins/salonde-widget/salon.de-widget.php on line 172",
    "level": "DEPRECATED",
    "type": "PHP",
    "test": "ast-sqlite-boot",
    "plugin": "sh-nice-slug",
    "details": "[10-Jun-2025 21:30:15 UTC] PHP Deprecated:  Required parameter $tag follows optional parameter $content in /wordpress/wp-content/plugins/salonde-widget/salon.de-widget.php on line 172",
    "log": "/logs/plugins/s/sh-nice-slug/error.json"
  },
  {
    "message": "Required parameter $tag follows optional parameter $content in /wordpress/wp-content/plugins/salonde-widget/salon.de-widget.php on line 172",
    "level": "DEPRECATED",
    "type": "PHP",
    "test": "ast-sqlite-boot",
    "plugin": "sh-nice-slug",
    "details": "[10-Jun-2025 21:30:15 UTC] PHP Deprecated:  Required parameter $tag follows optional parameter $content in /wordpress/wp-content/plugins/salonde-widget/salon.de-widget.php on line 172",
    "log": "/logs/plugins/s/sh-nice-slug/error.json"
  },
  {
    "message": "Attempt to read property \"shipping\" on null in /wordpress/wp-content/plugins/sandyhutextensions/SandyhutExtensions.php on line 204",
    "level": "WARNING",
    "type": "PHP",
    "test": "ast-sqlite-boot",
    "plugin": "sh-nice-slug",
    "details": "[10-Jun-2025 21:30:24 UTC] PHP Warning:  Attempt to read property \"shipping\" on null in /wordpress/wp-content/plugins/sandyhutextensions/SandyhutExtensions.php on line 204",
    "log": "/logs/plugins/s/sh-nice-slug/error.json"
  },
  {
    "message": "Uncaught Error: Call to a member function load_shipping_methods() on null in /wordpress/wp-content/plugins/sandyhutextensions/SandyhutExtensions.php:204",
    "level": "FATAL",
    "type": "PHP",
    "test": "ast-sqlite-boot",
    "plugin": "sh-nice-slug",
    "details": "[10-Jun-2025 21:30:24 UTC] PHP Fatal error:  Uncaught Error: Call to a member function load_shipping_methods() on null in /wordpress/wp-content/plugins/sandyhutextensions/SandyhutExtensions.php:204\nStack trace:\n#0 /wordpress/wp-content/plugins/sandyhutextensions/SandyhutExtensions.php(46): SandyhutExtensions::get_table_rate_shipping_data()\n#1 /wordpress/wp-includes/class-wp-hook.php(324): SandyhutExtensions->activate(false)\n#2 /wordpress/wp-includes/class-wp-hook.php(348): WP_Hook->apply_filters('', Array)\n#3 /wordpress/wp-includes/plugin.php(517): WP_Hook->do_action(Array)\n#4 /wordpress/wp-admin/includes/plugin.php(703): do_action('activate_sandyh...', false)\n#5 /internal/eval.php(20): activate_plugin('sandyhutextensi...')\n#6 {main}\n  thrown in /wordpress/wp-content/plugins/sandyhutextensions/SandyhutExtensions.php on line 204",
    "log": "/logs/plugins/s/sh-nice-slug/error.json"
  },
  {
    "message": "Attempt to read property \"shipping\" on null in /wordpress/wp-content/plugins/sandyhutextensions/SandyhutExtensions.php on line 204",
    "level": "WARNING",
    "type": "PHP",
    "test": "ast-sqlite-boot",
    "plugin": "sh-nice-slug",
    "details": "[10-Jun-2025 21:30:32 UTC] PHP Warning:  Attempt to read property \"shipping\" on null in /wordpress/wp-content/plugins/sandyhutextensions/SandyhutExtensions.php on line 204",
    "log": "/logs/plugins/s/sh-nice-slug/error.json"
  },
  {
    "message": "Uncaught Error: Call to a member function load_shipping_methods() on null in /wordpress/wp-content/plugins/sandyhutextensions/SandyhutExtensions.php:204",
    "level": "FATAL",
    "type": "PHP",
    "test": "ast-sqlite-boot",
    "plugin": "sh-nice-slug",
    "details": "[10-Jun-2025 21:30:32 UTC] PHP Fatal error:  Uncaught Error: Call to a member function load_shipping_methods() on null in /wordpress/wp-content/plugins/sandyhutextensions/SandyhutExtensions.php:204\nStack trace:\n#0 /wordpress/wp-content/plugins/sandyhutextensions/SandyhutExtensions.php(46): SandyhutExtensions::get_table_rate_shipping_data()\n#1 /wordpress/wp-includes/class-wp-hook.php(324): SandyhutExtensions->activate(false)\n#2 /wordpress/wp-includes/class-wp-hook.php(348): WP_Hook->apply_filters('', Array)\n#3 /wordpress/wp-includes/plugin.php(517): WP_Hook->do_action(Array)\n#4 /wordpress/wp-admin/includes/plugin.php(703): do_action('activate_sandyh...', false)\n#5 /internal/eval.php(20): activate_plugin('sandyhutextensi...')\n#6 {main}\n  thrown in /wordpress/wp-content/plugins/sandyhutextensions/SandyhutExtensions.php on line 204",
    "log": "/logs/plugins/s/sh-nice-slug/error.json"
  },
  {
    "message": "Attempt to read property \"shipping\" on null in /wordpress/wp-content/plugins/sandyhutextensions/SandyhutExtensions.php on line 204",
    "level": "WARNING",
    "type": "PHP",
    "test": "ast-sqlite-boot",
    "plugin": "sh-nice-slug",
    "details": "[10-Jun-2025 21:30:41 UTC] PHP Warning:  Attempt to read property \"shipping\" on null in /wordpress/wp-content/plugins/sandyhutextensions/SandyhutExtensions.php on line 204",
    "log": "/logs/plugins/s/sh-nice-slug/error.json"
  },
  {
    "message": "Uncaught Error: Call to a member function load_shipping_methods() on null in /wordpress/wp-content/plugins/sandyhutextensions/SandyhutExtensions.php:204",
    "level": "FATAL",
    "type": "PHP",
    "test": "ast-sqlite-boot",
    "plugin": "sh-nice-slug",
    "details": "[10-Jun-2025 21:30:41 UTC] PHP Fatal error:  Uncaught Error: Call to a member function load_shipping_methods() on null in /wordpress/wp-content/plugins/sandyhutextensions/SandyhutExtensions.php:204\nStack trace:\n#0 /wordpress/wp-content/plugins/sandyhutextensions/SandyhutExtensions.php(46): SandyhutExtensions::get_table_rate_shipping_data()\n#1 /wordpress/wp-includes/class-wp-hook.php(324): SandyhutExtensions->activate(false)\n#2 /wordpress/wp-includes/class-wp-hook.php(348): WP_Hook->apply_filters('', Array)\n#3 /wordpress/wp-includes/plugin.php(517): WP_Hook->do_action(Array)\n#4 /wordpress/wp-admin/includes/plugin.php(703): do_action('activate_sandyh...', false)\n#5 /internal/eval.php(20): activate_plugin('sandyhutextensi...')\n#6 {main}\n  thrown in /wordpress/wp-content/plugins/sandyhutextensions/SandyhutExtensions.php on line 204",
    "log": "/logs/plugins/s/sh-nice-slug/error.json"
  },
  {
    "message": "Uncaught Error: Call to undefined function create_function() in /wordpress/wp-content/plugins/search-refinement/modules/widget.php:6",
    "level": "FATAL",
    "type": "PHP",
    "test": "ast-sqlite-boot",
    "plugin": "sh-nice-slug",
    "details": "[10-Jun-2025 21:30:50 UTC] PHP Fatal error:  Uncaught Error: Call to undefined function create_function() in /wordpress/wp-content/plugins/search-refinement/modules/widget.php:6\nStack trace:\n#0 /wordpress/wp-content/plugins/search-refinement/search-refinement.php(21): include_once()\n#1 /wordpress/wp-admin/includes/plugin.php(2387): include_once('/wordpress/wp-c...')\n#2 /wordpress/wp-admin/includes/plugin.php(673): plugin_sandbox_scrape('search-refineme...')\n#3 /internal/eval.php(20): activate_plugin('search-refineme...')\n#4 {main}\n  thrown in /wordpress/wp-content/plugins/search-refinement/modules/widget.php on line 6",
    "log": "/logs/plugins/s/sh-nice-slug/error.json"
  },
  {
    "message": "Uncaught Error: Call to undefined function create_function() in /wordpress/wp-content/plugins/search-refinement/modules/widget.php:6",
    "level": "FATAL",
    "type": "PHP",
    "test": "ast-sqlite-boot",
    "plugin": "sh-nice-slug",
    "details": "[10-Jun-2025 21:30:59 UTC] PHP Fatal error:  Uncaught Error: Call to undefined function create_function() in /wordpress/wp-content/plugins/search-refinement/modules/widget.php:6\nStack trace:\n#0 /wordpress/wp-content/plugins/search-refinement/search-refinement.php(21): include_once()\n#1 /wordpress/wp-admin/includes/plugin.php(2387): include_once('/wordpress/wp-c...')\n#2 /wordpress/wp-admin/includes/plugin.php(673): plugin_sandbox_scrape('search-refineme...')\n#3 /internal/eval.php(20): activate_plugin('search-refineme...')\n#4 {main}\n  thrown in /wordpress/wp-content/plugins/search-refinement/modules/widget.php on line 6",
    "log": "/logs/plugins/s/sh-nice-slug/error.json"
  },
  {
    "message": "Uncaught Error: Call to undefined function create_function() in /wordpress/wp-content/plugins/search-refinement/modules/widget.php:6",
    "level": "FATAL",
    "type": "PHP",
    "test": "ast-sqlite-boot",
    "plugin": "sh-nice-slug",
    "details": "[10-Jun-2025 21:31:06 UTC] PHP Fatal error:  Uncaught Error: Call to undefined function create_function() in /wordpress/wp-content/plugins/search-refinement/modules/widget.php:6\nStack trace:\n#0 /wordpress/wp-content/plugins/search-refinement/search-refinement.php(21): include_once()\n#1 /wordpress/wp-admin/includes/plugin.php(2387): include_once('/wordpress/wp-c...')\n#2 /wordpress/wp-admin/includes/plugin.php(673): plugin_sandbox_scrape('search-refineme...')\n#3 /internal/eval.php(20): activate_plugin('search-refineme...')\n#4 {main}\n  thrown in /wordpress/wp-content/plugins/search-refinement/modules/widget.php on line 6",
    "log": "/logs/plugins/s/sh-nice-slug/error.json"
  },
  {
    "message": "Function _load_textdomain_just_in_time was called <strong>incorrectly</strong>. Translation loading for the <code>stellarpay</code> domain was triggered too early. This is usually an indicator for some code in the plugin or theme running too early. Translations should be loaded at the <code>init</code> action or later. Please see <a href=\"https://developer.wordpress.org/advanced-administration/debug/debug-wordpress/\">Debugging in WordPress</a> for more information. (This message was added in version 6.7.0.) in /wordpress/wp-includes/functions.php on line 6121",
    "level": "NOTICE",
    "type": "PHP",
    "test": "ast-sqlite-boot",
    "plugin": "sh-nice-slug",
    "details": "[10-Jun-2025 21:31:44 UTC] PHP Notice:  Function _load_textdomain_just_in_time was called <strong>incorrectly</strong>. Translation loading for the <code>stellarpay</code> domain was triggered too early. This is usually an indicator for some code in the plugin or theme running too early. Translations should be loaded at the <code>init</code> action or later. Please see <a href=\"https://developer.wordpress.org/advanced-administration/debug/debug-wordpress/\">Debugging in WordPress</a> for more information. (This message was added in version 6.7.0.) in /wordpress/wp-includes/functions.php on line 6121",
    "log": "/logs/plugins/s/sh-nice-slug/error.json"
  },
  {
    "message": "Uncaught StellarPay\\Vendors\\StellarWP\\DB\\Database\\Exceptions\\DatabaseQueryException: Database Query in /wordpress/wp-content/plugins/stellarpay/vendor/vendor-prefixed/stellarwp/db/src/DB/DB.php:296",
    "level": "FATAL",
    "type": "PHP",
    "test": "ast-sqlite-boot",
    "plugin": "sh-nice-slug",
    "details": "[10-Jun-2025 21:31:44 UTC] PHP Fatal error:  Uncaught StellarPay\\Vendors\\StellarWP\\DB\\Database\\Exceptions\\DatabaseQueryException: Database Query in /wordpress/wp-content/plugins/stellarpay/vendor/vendor-prefixed/stellarwp/db/src/DB/DB.php:296\nStack trace:\n#0 /wordpress/wp-content/plugins/stellarpay/vendor/vendor-prefixed/stellarwp/db/src/DB/DB.php(84): StellarPay\\Vendors\\StellarWP\\DB\\DB::runQueryWithErrorChecking(Object(Closure))\n#1 /wordpress/wp-content/plugins/stellarpay/src/Subscriptions/Migrations/CreateSubscriptionMetaDatabaseTable.php(55): StellarPay\\Vendors\\StellarWP\\DB\\DB::delta('CREATE TABLE wp...')\n#2 /wordpress/wp-content/plugins/stellarpay/src/PluginSetup/Actions/CreateDatabaseTable.php(49): StellarPay\\Subscriptions\\Migrations\\CreateSubscriptionMetaDatabaseTable->run()\n#3 [internal function]: StellarPay\\PluginSetup\\Actions\\CreateDatabaseTable->__invoke('stellarpay_curr...')\n#4 /wordpress/wp-content/plugins/stellarpay/src/Core/Hooks.php(66): call_user_func_array(Array, Array)\n#5 /wordpress/wp-includes/class-wp-hook.php(326): StellarPay\\Core\\H in /wordpress/wp-content/plugins/stellarpay/src/Subscriptions/Migrations/CreateSubscriptionMetaDatabaseTable.php on line 63",
    "log": "/logs/plugins/s/sh-nice-slug/error.json"
  },
  {
    "message": "Function _load_textdomain_just_in_time was called <strong>incorrectly</strong>. Translation loading for the <code>stellarpay</code> domain was triggered too early. This is usually an indicator for some code in the plugin or theme running too early. Translations should be loaded at the <code>init</code> action or later. Please see <a href=\"https://developer.wordpress.org/advanced-administration/debug/debug-wordpress/\">Debugging in WordPress</a> for more information. (This message was added in version 6.7.0.) in /wordpress/wp-includes/functions.php on line 6121",
    "level": "NOTICE",
    "type": "PHP",
    "test": "ast-sqlite-boot",
    "plugin": "sh-nice-slug",
    "details": "[10-Jun-2025 21:31:58 UTC] PHP Notice:  Function _load_textdomain_just_in_time was called <strong>incorrectly</strong>. Translation loading for the <code>stellarpay</code> domain was triggered too early. This is usually an indicator for some code in the plugin or theme running too early. Translations should be loaded at the <code>init</code> action or later. Please see <a href=\"https://developer.wordpress.org/advanced-administration/debug/debug-wordpress/\">Debugging in WordPress</a> for more information. (This message was added in version 6.7.0.) in /wordpress/wp-includes/functions.php on line 6121",
    "log": "/logs/plugins/s/sh-nice-slug/error.json"
  },
  {
    "message": "Uncaught StellarPay\\Vendors\\StellarWP\\DB\\Database\\Exceptions\\DatabaseQueryException: Database Query in /wordpress/wp-content/plugins/stellarpay/vendor/vendor-prefixed/stellarwp/db/src/DB/DB.php:296",
    "level": "FATAL",
    "type": "PHP",
    "test": "ast-sqlite-boot",
    "plugin": "sh-nice-slug",
    "details": "[10-Jun-2025 21:31:58 UTC] PHP Fatal error:  Uncaught StellarPay\\Vendors\\StellarWP\\DB\\Database\\Exceptions\\DatabaseQueryException: Database Query in /wordpress/wp-content/plugins/stellarpay/vendor/vendor-prefixed/stellarwp/db/src/DB/DB.php:296\nStack trace:\n#0 /wordpress/wp-content/plugins/stellarpay/vendor/vendor-prefixed/stellarwp/db/src/DB/DB.php(84): StellarPay\\Vendors\\StellarWP\\DB\\DB::runQueryWithErrorChecking(Object(Closure))\n#1 /wordpress/wp-content/plugins/stellarpay/src/Subscriptions/Migrations/CreateSubscriptionMetaDatabaseTable.php(55): StellarPay\\Vendors\\StellarWP\\DB\\DB::delta('CREATE TABLE wp...')\n#2 /wordpress/wp-content/plugins/stellarpay/src/PluginSetup/Actions/CreateDatabaseTable.php(49): StellarPay\\Subscriptions\\Migrations\\CreateSubscriptionMetaDatabaseTable->run()\n#3 [internal function]: StellarPay\\PluginSetup\\Actions\\CreateDatabaseTable->__invoke('stellarpay_curr...')\n#4 /wordpress/wp-content/plugins/stellarpay/src/Core/Hooks.php(66): call_user_func_array(Array, Array)\n#5 /wordpress/wp-includes/class-wp-hook.php(326): StellarPay\\Core\\H in /wordpress/wp-content/plugins/stellarpay/src/Subscriptions/Migrations/CreateSubscriptionMetaDatabaseTable.php on line 63",
    "log": "/logs/plugins/s/sh-nice-slug/error.json"
  },
  {
    "message": "Function _load_textdomain_just_in_time was called <strong>incorrectly</strong>. Translation loading for the <code>stellarpay</code> domain was triggered too early. This is usually an indicator for some code in the plugin or theme running too early. Translations should be loaded at the <code>init</code> action or later. Please see <a href=\"https://developer.wordpress.org/advanced-administration/debug/debug-wordpress/\">Debugging in WordPress</a> for more information. (This message was added in version 6.7.0.) in /wordpress/wp-includes/functions.php on line 6121",
    "level": "NOTICE",
    "type": "PHP",
    "test": "ast-sqlite-boot",
    "plugin": "sh-nice-slug",
    "details": "[10-Jun-2025 21:32:13 UTC] PHP Notice:  Function _load_textdomain_just_in_time was called <strong>incorrectly</strong>. Translation loading for the <code>stellarpay</code> domain was triggered too early. This is usually an indicator for some code in the plugin or theme running too early. Translations should be loaded at the <code>init</code> action or later. Please see <a href=\"https://developer.wordpress.org/advanced-administration/debug/debug-wordpress/\">Debugging in WordPress</a> for more information. (This message was added in version 6.7.0.) in /wordpress/wp-includes/functions.php on line 6121",
    "log": "/logs/plugins/s/sh-nice-slug/error.json"
  },
  {
    "message": "Uncaught StellarPay\\Vendors\\StellarWP\\DB\\Database\\Exceptions\\DatabaseQueryException: Database Query in /wordpress/wp-content/plugins/stellarpay/vendor/vendor-prefixed/stellarwp/db/src/DB/DB.php:296",
    "level": "FATAL",
    "type": "PHP",
    "test": "ast-sqlite-boot",
    "plugin": "sh-nice-slug",
    "details": "[10-Jun-2025 21:32:14 UTC] PHP Fatal error:  Uncaught StellarPay\\Vendors\\StellarWP\\DB\\Database\\Exceptions\\DatabaseQueryException: Database Query in /wordpress/wp-content/plugins/stellarpay/vendor/vendor-prefixed/stellarwp/db/src/DB/DB.php:296\nStack trace:\n#0 /wordpress/wp-content/plugins/stellarpay/vendor/vendor-prefixed/stellarwp/db/src/DB/DB.php(84): StellarPay\\Vendors\\StellarWP\\DB\\DB::runQueryWithErrorChecking(Object(Closure))\n#1 /wordpress/wp-content/plugins/stellarpay/src/Subscriptions/Migrations/CreateSubscriptionMetaDatabaseTable.php(55): StellarPay\\Vendors\\StellarWP\\DB\\DB::delta('CREATE TABLE wp...')\n#2 /wordpress/wp-content/plugins/stellarpay/src/PluginSetup/Actions/CreateDatabaseTable.php(49): StellarPay\\Subscriptions\\Migrations\\CreateSubscriptionMetaDatabaseTable->run()\n#3 [internal function]: StellarPay\\PluginSetup\\Actions\\CreateDatabaseTable->__invoke('stellarpay_curr...')\n#4 /wordpress/wp-content/plugins/stellarpay/src/Core/Hooks.php(66): call_user_func_array(Array, Array)\n#5 /wordpress/wp-includes/class-wp-hook.php(326): StellarPay\\Core\\H in /wordpress/wp-content/plugins/stellarpay/src/Subscriptions/Migrations/CreateSubscriptionMetaDatabaseTable.php on line 63",
    "log": "/logs/plugins/s/sh-nice-slug/error.json"
  },
  {
    "message": "syntax error, unexpected ')' in /wordpress/wp-content/plugins/sub-club/includes/publish.php on line 22",
    "level": "PARSE",
    "type": "PHP",
    "test": "ast-sqlite-boot",
    "plugin": "sh-nice-slug",
    "details": "[10-Jun-2025 21:33:17 UTC] PHP Parse error:  syntax error, unexpected ')' in /wordpress/wp-content/plugins/sub-club/includes/publish.php on line 22",
    "log": "/logs/plugins/s/sh-nice-slug/error.json"
  },
  {
    "message": "syntax error, unexpected ')' in /wordpress/wp-content/plugins/sub-club/includes/publish.php on line 22",
    "level": "PARSE",
    "type": "PHP",
    "test": "ast-sqlite-boot",
    "plugin": "sh-nice-slug",
    "details": "[10-Jun-2025 21:33:25 UTC] PHP Parse error:  syntax error, unexpected ')' in /wordpress/wp-content/plugins/sub-club/includes/publish.php on line 22",
    "log": "/logs/plugins/s/sh-nice-slug/error.json"
  },
  {
    "message": "syntax error, unexpected ')' in /wordpress/wp-content/plugins/sub-club/includes/publish.php on line 22",
    "level": "PARSE",
    "type": "PHP",
    "test": "ast-sqlite-boot",
    "plugin": "sh-nice-slug",
    "details": "[10-Jun-2025 21:33:34 UTC] PHP Parse error:  syntax error, unexpected ')' in /wordpress/wp-content/plugins/sub-club/includes/publish.php on line 22\n\n    at Object.onBind (file:///home/runner/work/playground-tester/playground-tester/node_modules/@wp-playground/cli/run-cli-j-geJYS3.js:325:15)\n    at process.processTicksAndRejections (node:internal/process/task_queues:105:5)\n    at async re (file:///home/runner/work/playground-tester/playground-tester/node_modules/@wp-playground/cli/run-cli-j-geJYS3.js:149:10) {\n  [cause]: Error: Error when executing the blueprint step #5 ({\"step\":\"installPlugin\",\"pluginData\":{\"resource\":\"wordpress.org/plugins\",\"slug\":\"sh-nice-slug\"},\"options\":{\"activate\":true}}) : Plugin /wordpress/wp-content/plugins/sh-nice-slug could not be activated – WordPress exited with no error. Sometimes, when $_SERVER or site options are not configured correctly, WordPress exits early with a 301 redirect. Inspect the \"debug\" logs in the console for more details.\n      at Object.run (file:///home/runner/work/playground-tester/playground-tester/node_modules/@wp-playground/blueprints/index.js:12093:19)\n      at process.processTicksAndRejections (node:internal/process/task_queues:105:5)\n      at async ys (file:///home/runner/work/playground-tester/playground-tester/node_modules/@wp-playground/blueprints/index.js:12196:3)\n      at async Object.onBind (file:///home/runner/work/playground-tester/playground-tester/node_modules/@wp-playground/cli/run-cli-j-geJYS3.js:315:48)\n      at async re (file:///home/runner/work/playground-tester/playground-tester/node_modules/@wp-playground/cli/run-cli-j-geJYS3.js:149:10) {\n    [cause]: Error: Plugin /wordpress/wp-content/plugins/sh-nice-slug could not be activated – WordPress exited with no error. Sometimes, when $_SERVER or site options are not configured correctly, WordPress exits early with a 301 redirect. Inspect the \"debug\" logs in the console for more details.\n        at wr (file:///home/runner/work/playground-tester/playground-tester/node_modules/@wp-playground/blueprints/index.js:120:51)\n        at process.processTicksAndRejections (node:internal/process/task_queues:105:5)\n        at async Object.gt [as installPlugin] (file:///home/runner/work/playground-tester/playground-tester/node_modules/@wp-playground/blueprints/index.js:631:42)\n        at async g (file:///home/runner/work/playground-tester/playground-tester/node_modules/@wp-playground/blueprints/index.js:12161:30)\n        at async Object.run (file:///home/runner/work/playground-tester/playground-tester/node_modules/@wp-playground/blueprints/index.js:12090:23)\n        at async ys (file:///home/runner/work/playground-tester/playground-tester/node_modules/@wp-playground/blueprints/index.js:12196:3)\n        at async Object.onBind (file:///home/runner/work/playground-tester/playground-tester/node_modules/@wp-playground/cli/run-cli-j-geJYS3.js:315:48)\n        at async re (file:///home/runner/work/playground-tester/playground-tester/node_modules/@wp-playground/cli/run-cli-j-geJYS3.js:149:10)\n  }\n}\n\n",
    "log": "/logs/plugins/s/sh-nice-slug/error.json"
  },
  {
    "message": "file:///home/runner/work/playground-tester/playground-tester/node_modules/@wp-playground/cli/run-cli-j-geJYS3.js:325\n        throw new Error($, { cause: h });\n              ^\n",
    "level": "FATAL",
    "type": "PLAYGROUND",
    "test": "asyncify-boot",
    "plugin": "sh-nice-slug",
    "details": "file:///home/runner/work/playground-tester/playground-tester/node_modules/@wp-playground/cli/run-cli-j-geJYS3.js:325\n        throw new Error($, { cause: h });\n              ^\n",
    "log": "/tmp/tmp.RdvKAyCwot"
  },
  {
    "message": "Uncaught Error: Call to undefined function create_function() in /wordpress/wp-content/plugins/steam-news-widget/includes/ssg-steam-news-widget-internal.php:240",
    "level": "FATAL",
    "type": "PHP",
    "test": "asyncify-boot",
    "plugin": "sh-nice-slug",
    "details": "[10-Jun-2025 21:28:55 UTC] PHP Fatal error:  Uncaught Error: Call to undefined function create_function() in /wordpress/wp-content/plugins/steam-news-widget/includes/ssg-steam-news-widget-internal.php:240\nStack trace:\n#0 /wordpress/wp-content/plugins/steam-news-widget/ssg-steam-news-widget.php(15): require_once()\n#1 /wordpress/wp-admin/includes/plugin.php(2387): include_once('/wordpress/wp-c...')\n#2 /wordpress/wp-admin/includes/plugin.php(673): plugin_sandbox_scrape('steam-news-widg...')\n#3 /internal/eval.php(20): activate_plugin('steam-news-widg...')\n#4 {main}\n  thrown in /wordpress/wp-content/plugins/steam-news-widget/includes/ssg-steam-news-widget-internal.php on line 240",
    "log": "/logs/plugins/s/sh-nice-slug/error.json"
  },
  {
    "message": "Uncaught Error: Call to undefined function create_function() in /wordpress/wp-content/plugins/steam-news-widget/includes/ssg-steam-news-widget-internal.php:240",
    "level": "FATAL",
    "type": "PHP",
    "test": "asyncify-boot",
    "plugin": "sh-nice-slug",
    "details": "[10-Jun-2025 21:29:04 UTC] PHP Fatal error:  Uncaught Error: Call to undefined function create_function() in /wordpress/wp-content/plugins/steam-news-widget/includes/ssg-steam-news-widget-internal.php:240\nStack trace:\n#0 /wordpress/wp-content/plugins/steam-news-widget/ssg-steam-news-widget.php(15): require_once()\n#1 /wordpress/wp-admin/includes/plugin.php(2387): include_once('/wordpress/wp-c...')\n#2 /wordpress/wp-admin/includes/plugin.php(673): plugin_sandbox_scrape('steam-news-widg...')\n#3 /internal/eval.php(20): activate_plugin('steam-news-widg...')\n#4 {main}\n  thrown in /wordpress/wp-content/plugins/steam-news-widget/includes/ssg-steam-news-widget-internal.php on line 240",
    "log": "/logs/plugins/s/sh-nice-slug/error.json"
  },
  {
    "message": "Uncaught Error: Call to undefined function create_function() in /wordpress/wp-content/plugins/steam-news-widget/includes/ssg-steam-news-widget-internal.php:240",
    "level": "FATAL",
    "type": "PHP",
    "test": "asyncify-boot",
    "plugin": "sh-nice-slug",
    "details": "[10-Jun-2025 21:29:13 UTC] PHP Fatal error:  Uncaught Error: Call to undefined function create_function() in /wordpress/wp-content/plugins/steam-news-widget/includes/ssg-steam-news-widget-internal.php:240\nStack trace:\n#0 /wordpress/wp-content/plugins/steam-news-widget/ssg-steam-news-widget.php(15): require_once()\n#1 /wordpress/wp-admin/includes/plugin.php(2387): include_once('/wordpress/wp-c...')\n#2 /wordpress/wp-admin/includes/plugin.php(673): plugin_sandbox_scrape('steam-news-widg...')\n#3 /internal/eval.php(20): activate_plugin('steam-news-widg...')\n#4 {main}\n  thrown in /wordpress/wp-content/plugins/steam-news-widget/includes/ssg-steam-news-widget-internal.php on line 240",
    "log": "/logs/plugins/s/sh-nice-slug/error.json"
  },
  {
    "message": "Required parameter $tag follows optional parameter $content in /wordpress/wp-content/plugins/salonde-widget/salon.de-widget.php on line 172",
    "level": "DEPRECATED",
    "type": "PHP",
    "test": "asyncify-boot",
    "plugin": "sh-nice-slug",
    "details": "[10-Jun-2025 21:29:56 UTC] PHP Deprecated:  Required parameter $tag follows optional parameter $content in /wordpress/wp-content/plugins/salonde-widget/salon.de-widget.php on line 172",
    "log": "/logs/plugins/s/sh-nice-slug/error.json"
  },
  {
    "message": "Required parameter $tag follows optional parameter $content in /wordpress/wp-content/plugins/salonde-widget/salon.de-widget.php on line 172",
    "level": "DEPRECATED",
    "type": "PHP",
    "test": "asyncify-boot",
    "plugin": "sh-nice-slug",
    "details": "[10-Jun-2025 21:29:57 UTC] PHP Deprecated:  Required parameter $tag follows optional parameter $content in /wordpress/wp-content/plugins/salonde-widget/salon.de-widget.php on line 172",
    "log": "/logs/plugins/s/sh-nice-slug/error.json"
  },
  {
    "message": "Required parameter $tag follows optional parameter $content in /wordpress/wp-content/plugins/salonde-widget/salon.de-widget.php on line 172",
    "level": "DEPRECATED",
    "type": "PHP",
    "test": "asyncify-boot",
    "plugin": "sh-nice-slug",
    "details": "[10-Jun-2025 21:30:06 UTC] PHP Deprecated:  Required parameter $tag follows optional parameter $content in /wordpress/wp-content/plugins/salonde-widget/salon.de-widget.php on line 172",
    "log": "/logs/plugins/s/sh-nice-slug/error.json"
  },
  {
    "message": "Required parameter $tag follows optional parameter $content in /wordpress/wp-content/plugins/salonde-widget/salon.de-widget.php on line 172",
    "level": "DEPRECATED",
    "type": "PHP",
    "test": "asyncify-boot",
    "plugin": "sh-nice-slug",
    "details": "[10-Jun-2025 21:30:06 UTC] PHP Deprecated:  Required parameter $tag follows optional parameter $content in /wordpress/wp-content/plugins/salonde-widget/salon.de-widget.php on line 172",
    "log": "/logs/plugins/s/sh-nice-slug/error.json"
  },
  {
    "message": "Required parameter $tag follows optional parameter $content in /wordpress/wp-content/plugins/salonde-widget/salon.de-widget.php on line 172",
    "level": "DEPRECATED",
    "type": "PHP",
    "test": "asyncify-boot",
    "plugin": "sh-nice-slug",
    "details": "[10-Jun-2025 21:30:15 UTC] PHP Deprecated:  Required parameter $tag follows optional parameter $content in /wordpress/wp-content/plugins/salonde-widget/salon.de-widget.php on line 172",
    "log": "/logs/plugins/s/sh-nice-slug/error.json"
  },
  {
    "message": "Required parameter $tag follows optional parameter $content in /wordpress/wp-content/plugins/salonde-widget/salon.de-widget.php on line 172",
    "level": "DEPRECATED",
    "type": "PHP",
    "test": "asyncify-boot",
    "plugin": "sh-nice-slug",
    "details": "[10-Jun-2025 21:30:15 UTC] PHP Deprecated:  Required parameter $tag follows optional parameter $content in /wordpress/wp-content/plugins/salonde-widget/salon.de-widget.php on line 172",
    "log": "/logs/plugins/s/sh-nice-slug/error.json"
  },
  {
    "message": "Attempt to read property \"shipping\" on null in /wordpress/wp-content/plugins/sandyhutextensions/SandyhutExtensions.php on line 204",
    "level": "WARNING",
    "type": "PHP",
    "test": "asyncify-boot",
    "plugin": "sh-nice-slug",
    "details": "[10-Jun-2025 21:30:24 UTC] PHP Warning:  Attempt to read property \"shipping\" on null in /wordpress/wp-content/plugins/sandyhutextensions/SandyhutExtensions.php on line 204",
    "log": "/logs/plugins/s/sh-nice-slug/error.json"
  },
  {
    "message": "Uncaught Error: Call to a member function load_shipping_methods() on null in /wordpress/wp-content/plugins/sandyhutextensions/SandyhutExtensions.php:204",
    "level": "FATAL",
    "type": "PHP",
    "test": "asyncify-boot",
    "plugin": "sh-nice-slug",
    "details": "[10-Jun-2025 21:30:24 UTC] PHP Fatal error:  Uncaught Error: Call to a member function load_shipping_methods() on null in /wordpress/wp-content/plugins/sandyhutextensions/SandyhutExtensions.php:204\nStack trace:\n#0 /wordpress/wp-content/plugins/sandyhutextensions/SandyhutExtensions.php(46): SandyhutExtensions::get_table_rate_shipping_data()\n#1 /wordpress/wp-includes/class-wp-hook.php(324): SandyhutExtensions->activate(false)\n#2 /wordpress/wp-includes/class-wp-hook.php(348): WP_Hook->apply_filters('', Array)\n#3 /wordpress/wp-includes/plugin.php(517): WP_Hook->do_action(Array)\n#4 /wordpress/wp-admin/includes/plugin.php(703): do_action('activate_sandyh...', false)\n#5 /internal/eval.php(20): activate_plugin('sandyhutextensi...')\n#6 {main}\n  thrown in /wordpress/wp-content/plugins/sandyhutextensions/SandyhutExtensions.php on line 204",
    "log": "/logs/plugins/s/sh-nice-slug/error.json"
  },
  {
    "message": "Attempt to read property \"shipping\" on null in /wordpress/wp-content/plugins/sandyhutextensions/SandyhutExtensions.php on line 204",
    "level": "WARNING",
    "type": "PHP",
    "test": "asyncify-boot",
    "plugin": "sh-nice-slug",
    "details": "[10-Jun-2025 21:30:32 UTC] PHP Warning:  Attempt to read property \"shipping\" on null in /wordpress/wp-content/plugins/sandyhutextensions/SandyhutExtensions.php on line 204",
    "log": "/logs/plugins/s/sh-nice-slug/error.json"
  },
  {
    "message": "Uncaught Error: Call to a member function load_shipping_methods() on null in /wordpress/wp-content/plugins/sandyhutextensions/SandyhutExtensions.php:204",
    "level": "FATAL",
    "type": "PHP",
    "test": "asyncify-boot",
    "plugin": "sh-nice-slug",
    "details": "[10-Jun-2025 21:30:32 UTC] PHP Fatal error:  Uncaught Error: Call to a member function load_shipping_methods() on null in /wordpress/wp-content/plugins/sandyhutextensions/SandyhutExtensions.php:204\nStack trace:\n#0 /wordpress/wp-content/plugins/sandyhutextensions/SandyhutExtensions.php(46): SandyhutExtensions::get_table_rate_shipping_data()\n#1 /wordpress/wp-includes/class-wp-hook.php(324): SandyhutExtensions->activate(false)\n#2 /wordpress/wp-includes/class-wp-hook.php(348): WP_Hook->apply_filters('', Array)\n#3 /wordpress/wp-includes/plugin.php(517): WP_Hook->do_action(Array)\n#4 /wordpress/wp-admin/includes/plugin.php(703): do_action('activate_sandyh...', false)\n#5 /internal/eval.php(20): activate_plugin('sandyhutextensi...')\n#6 {main}\n  thrown in /wordpress/wp-content/plugins/sandyhutextensions/SandyhutExtensions.php on line 204",
    "log": "/logs/plugins/s/sh-nice-slug/error.json"
  },
  {
    "message": "Attempt to read property \"shipping\" on null in /wordpress/wp-content/plugins/sandyhutextensions/SandyhutExtensions.php on line 204",
    "level": "WARNING",
    "type": "PHP",
    "test": "asyncify-boot",
    "plugin": "sh-nice-slug",
    "details": "[10-Jun-2025 21:30:41 UTC] PHP Warning:  Attempt to read property \"shipping\" on null in /wordpress/wp-content/plugins/sandyhutextensions/SandyhutExtensions.php on line 204",
    "log": "/logs/plugins/s/sh-nice-slug/error.json"
  },
  {
    "message": "Uncaught Error: Call to a member function load_shipping_methods() on null in /wordpress/wp-content/plugins/sandyhutextensions/SandyhutExtensions.php:204",
    "level": "FATAL",
    "type": "PHP",
    "test": "asyncify-boot",
    "plugin": "sh-nice-slug",
    "details": "[10-Jun-2025 21:30:41 UTC] PHP Fatal error:  Uncaught Error: Call to a member function load_shipping_methods() on null in /wordpress/wp-content/plugins/sandyhutextensions/SandyhutExtensions.php:204\nStack trace:\n#0 /wordpress/wp-content/plugins/sandyhutextensions/SandyhutExtensions.php(46): SandyhutExtensions::get_table_rate_shipping_data()\n#1 /wordpress/wp-includes/class-wp-hook.php(324): SandyhutExtensions->activate(false)\n#2 /wordpress/wp-includes/class-wp-hook.php(348): WP_Hook->apply_filters('', Array)\n#3 /wordpress/wp-includes/plugin.php(517): WP_Hook->do_action(Array)\n#4 /wordpress/wp-admin/includes/plugin.php(703): do_action('activate_sandyh...', false)\n#5 /internal/eval.php(20): activate_plugin('sandyhutextensi...')\n#6 {main}\n  thrown in /wordpress/wp-content/plugins/sandyhutextensions/SandyhutExtensions.php on line 204",
    "log": "/logs/plugins/s/sh-nice-slug/error.json"
  },
  {
    "message": "Uncaught Error: Call to undefined function create_function() in /wordpress/wp-content/plugins/search-refinement/modules/widget.php:6",
    "level": "FATAL",
    "type": "PHP",
    "test": "asyncify-boot",
    "plugin": "sh-nice-slug",
    "details": "[10-Jun-2025 21:30:50 UTC] PHP Fatal error:  Uncaught Error: Call to undefined function create_function() in /wordpress/wp-content/plugins/search-refinement/modules/widget.php:6\nStack trace:\n#0 /wordpress/wp-content/plugins/search-refinement/search-refinement.php(21): include_once()\n#1 /wordpress/wp-admin/includes/plugin.php(2387): include_once('/wordpress/wp-c...')\n#2 /wordpress/wp-admin/includes/plugin.php(673): plugin_sandbox_scrape('search-refineme...')\n#3 /internal/eval.php(20): activate_plugin('search-refineme...')\n#4 {main}\n  thrown in /wordpress/wp-content/plugins/search-refinement/modules/widget.php on line 6",
    "log": "/logs/plugins/s/sh-nice-slug/error.json"
  },
  {
    "message": "Uncaught Error: Call to undefined function create_function() in /wordpress/wp-content/plugins/search-refinement/modules/widget.php:6",
    "level": "FATAL",
    "type": "PHP",
    "test": "asyncify-boot",
    "plugin": "sh-nice-slug",
    "details": "[10-Jun-2025 21:30:59 UTC] PHP Fatal error:  Uncaught Error: Call to undefined function create_function() in /wordpress/wp-content/plugins/search-refinement/modules/widget.php:6\nStack trace:\n#0 /wordpress/wp-content/plugins/search-refinement/search-refinement.php(21): include_once()\n#1 /wordpress/wp-admin/includes/plugin.php(2387): include_once('/wordpress/wp-c...')\n#2 /wordpress/wp-admin/includes/plugin.php(673): plugin_sandbox_scrape('search-refineme...')\n#3 /internal/eval.php(20): activate_plugin('search-refineme...')\n#4 {main}\n  thrown in /wordpress/wp-content/plugins/search-refinement/modules/widget.php on line 6",
    "log": "/logs/plugins/s/sh-nice-slug/error.json"
  },
  {
    "message": "Uncaught Error: Call to undefined function create_function() in /wordpress/wp-content/plugins/search-refinement/modules/widget.php:6",
    "level": "FATAL",
    "type": "PHP",
    "test": "asyncify-boot",
    "plugin": "sh-nice-slug",
    "details": "[10-Jun-2025 21:31:06 UTC] PHP Fatal error:  Uncaught Error: Call to undefined function create_function() in /wordpress/wp-content/plugins/search-refinement/modules/widget.php:6\nStack trace:\n#0 /wordpress/wp-content/plugins/search-refinement/search-refinement.php(21): include_once()\n#1 /wordpress/wp-admin/includes/plugin.php(2387): include_once('/wordpress/wp-c...')\n#2 /wordpress/wp-admin/includes/plugin.php(673): plugin_sandbox_scrape('search-refineme...')\n#3 /internal/eval.php(20): activate_plugin('search-refineme...')\n#4 {main}\n  thrown in /wordpress/wp-content/plugins/search-refinement/modules/widget.php on line 6",
    "log": "/logs/plugins/s/sh-nice-slug/error.json"
  },
  {
    "message": "Function _load_textdomain_just_in_time was called <strong>incorrectly</strong>. Translation loading for the <code>stellarpay</code> domain was triggered too early. This is usually an indicator for some code in the plugin or theme running too early. Translations should be loaded at the <code>init</code> action or later. Please see <a href=\"https://developer.wordpress.org/advanced-administration/debug/debug-wordpress/\">Debugging in WordPress</a> for more information. (This message was added in version 6.7.0.) in /wordpress/wp-includes/functions.php on line 6121",
    "level": "NOTICE",
    "type": "PHP",
    "test": "asyncify-boot",
    "plugin": "sh-nice-slug",
    "details": "[10-Jun-2025 21:31:44 UTC] PHP Notice:  Function _load_textdomain_just_in_time was called <strong>incorrectly</strong>. Translation loading for the <code>stellarpay</code> domain was triggered too early. This is usually an indicator for some code in the plugin or theme running too early. Translations should be loaded at the <code>init</code> action or later. Please see <a href=\"https://developer.wordpress.org/advanced-administration/debug/debug-wordpress/\">Debugging in WordPress</a> for more information. (This message was added in version 6.7.0.) in /wordpress/wp-includes/functions.php on line 6121",
    "log": "/logs/plugins/s/sh-nice-slug/error.json"
  },
  {
    "message": "Uncaught StellarPay\\Vendors\\StellarWP\\DB\\Database\\Exceptions\\DatabaseQueryException: Database Query in /wordpress/wp-content/plugins/stellarpay/vendor/vendor-prefixed/stellarwp/db/src/DB/DB.php:296",
    "level": "FATAL",
    "type": "PHP",
    "test": "asyncify-boot",
    "plugin": "sh-nice-slug",
    "details": "[10-Jun-2025 21:31:44 UTC] PHP Fatal error:  Uncaught StellarPay\\Vendors\\StellarWP\\DB\\Database\\Exceptions\\DatabaseQueryException: Database Query in /wordpress/wp-content/plugins/stellarpay/vendor/vendor-prefixed/stellarwp/db/src/DB/DB.php:296\nStack trace:\n#0 /wordpress/wp-content/plugins/stellarpay/vendor/vendor-prefixed/stellarwp/db/src/DB/DB.php(84): StellarPay\\Vendors\\StellarWP\\DB\\DB::runQueryWithErrorChecking(Object(Closure))\n#1 /wordpress/wp-content/plugins/stellarpay/src/Subscriptions/Migrations/CreateSubscriptionMetaDatabaseTable.php(55): StellarPay\\Vendors\\StellarWP\\DB\\DB::delta('CREATE TABLE wp...')\n#2 /wordpress/wp-content/plugins/stellarpay/src/PluginSetup/Actions/CreateDatabaseTable.php(49): StellarPay\\Subscriptions\\Migrations\\CreateSubscriptionMetaDatabaseTable->run()\n#3 [internal function]: StellarPay\\PluginSetup\\Actions\\CreateDatabaseTable->__invoke('stellarpay_curr...')\n#4 /wordpress/wp-content/plugins/stellarpay/src/Core/Hooks.php(66): call_user_func_array(Array, Array)\n#5 /wordpress/wp-includes/class-wp-hook.php(326): StellarPay\\Core\\H in /wordpress/wp-content/plugins/stellarpay/src/Subscriptions/Migrations/CreateSubscriptionMetaDatabaseTable.php on line 63",
    "log": "/logs/plugins/s/sh-nice-slug/error.json"
  },
  {
    "message": "Function _load_textdomain_just_in_time was called <strong>incorrectly</strong>. Translation loading for the <code>stellarpay</code> domain was triggered too early. This is usually an indicator for some code in the plugin or theme running too early. Translations should be loaded at the <code>init</code> action or later. Please see <a href=\"https://developer.wordpress.org/advanced-administration/debug/debug-wordpress/\">Debugging in WordPress</a> for more information. (This message was added in version 6.7.0.) in /wordpress/wp-includes/functions.php on line 6121",
    "level": "NOTICE",
    "type": "PHP",
    "test": "asyncify-boot",
    "plugin": "sh-nice-slug",
    "details": "[10-Jun-2025 21:31:58 UTC] PHP Notice:  Function _load_textdomain_just_in_time was called <strong>incorrectly</strong>. Translation loading for the <code>stellarpay</code> domain was triggered too early. This is usually an indicator for some code in the plugin or theme running too early. Translations should be loaded at the <code>init</code> action or later. Please see <a href=\"https://developer.wordpress.org/advanced-administration/debug/debug-wordpress/\">Debugging in WordPress</a> for more information. (This message was added in version 6.7.0.) in /wordpress/wp-includes/functions.php on line 6121",
    "log": "/logs/plugins/s/sh-nice-slug/error.json"
  },
  {
    "message": "Uncaught StellarPay\\Vendors\\StellarWP\\DB\\Database\\Exceptions\\DatabaseQueryException: Database Query in /wordpress/wp-content/plugins/stellarpay/vendor/vendor-prefixed/stellarwp/db/src/DB/DB.php:296",
    "level": "FATAL",
    "type": "PHP",
    "test": "asyncify-boot",
    "plugin": "sh-nice-slug",
    "details": "[10-Jun-2025 21:31:58 UTC] PHP Fatal error:  Uncaught StellarPay\\Vendors\\StellarWP\\DB\\Database\\Exceptions\\DatabaseQueryException: Database Query in /wordpress/wp-content/plugins/stellarpay/vendor/vendor-prefixed/stellarwp/db/src/DB/DB.php:296\nStack trace:\n#0 /wordpress/wp-content/plugins/stellarpay/vendor/vendor-prefixed/stellarwp/db/src/DB/DB.php(84): StellarPay\\Vendors\\StellarWP\\DB\\DB::runQueryWithErrorChecking(Object(Closure))\n#1 /wordpress/wp-content/plugins/stellarpay/src/Subscriptions/Migrations/CreateSubscriptionMetaDatabaseTable.php(55): StellarPay\\Vendors\\StellarWP\\DB\\DB::delta('CREATE TABLE wp...')\n#2 /wordpress/wp-content/plugins/stellarpay/src/PluginSetup/Actions/CreateDatabaseTable.php(49): StellarPay\\Subscriptions\\Migrations\\CreateSubscriptionMetaDatabaseTable->run()\n#3 [internal function]: StellarPay\\PluginSetup\\Actions\\CreateDatabaseTable->__invoke('stellarpay_curr...')\n#4 /wordpress/wp-content/plugins/stellarpay/src/Core/Hooks.php(66): call_user_func_array(Array, Array)\n#5 /wordpress/wp-includes/class-wp-hook.php(326): StellarPay\\Core\\H in /wordpress/wp-content/plugins/stellarpay/src/Subscriptions/Migrations/CreateSubscriptionMetaDatabaseTable.php on line 63",
    "log": "/logs/plugins/s/sh-nice-slug/error.json"
  },
  {
    "message": "Function _load_textdomain_just_in_time was called <strong>incorrectly</strong>. Translation loading for the <code>stellarpay</code> domain was triggered too early. This is usually an indicator for some code in the plugin or theme running too early. Translations should be loaded at the <code>init</code> action or later. Please see <a href=\"https://developer.wordpress.org/advanced-administration/debug/debug-wordpress/\">Debugging in WordPress</a> for more information. (This message was added in version 6.7.0.) in /wordpress/wp-includes/functions.php on line 6121",
    "level": "NOTICE",
    "type": "PHP",
    "test": "asyncify-boot",
    "plugin": "sh-nice-slug",
    "details": "[10-Jun-2025 21:32:13 UTC] PHP Notice:  Function _load_textdomain_just_in_time was called <strong>incorrectly</strong>. Translation loading for the <code>stellarpay</code> domain was triggered too early. This is usually an indicator for some code in the plugin or theme running too early. Translations should be loaded at the <code>init</code> action or later. Please see <a href=\"https://developer.wordpress.org/advanced-administration/debug/debug-wordpress/\">Debugging in WordPress</a> for more information. (This message was added in version 6.7.0.) in /wordpress/wp-includes/functions.php on line 6121",
    "log": "/logs/plugins/s/sh-nice-slug/error.json"
  },
  {
    "message": "Uncaught StellarPay\\Vendors\\StellarWP\\DB\\Database\\Exceptions\\DatabaseQueryException: Database Query in /wordpress/wp-content/plugins/stellarpay/vendor/vendor-prefixed/stellarwp/db/src/DB/DB.php:296",
    "level": "FATAL",
    "type": "PHP",
    "test": "asyncify-boot",
    "plugin": "sh-nice-slug",
    "details": "[10-Jun-2025 21:32:14 UTC] PHP Fatal error:  Uncaught StellarPay\\Vendors\\StellarWP\\DB\\Database\\Exceptions\\DatabaseQueryException: Database Query in /wordpress/wp-content/plugins/stellarpay/vendor/vendor-prefixed/stellarwp/db/src/DB/DB.php:296\nStack trace:\n#0 /wordpress/wp-content/plugins/stellarpay/vendor/vendor-prefixed/stellarwp/db/src/DB/DB.php(84): StellarPay\\Vendors\\StellarWP\\DB\\DB::runQueryWithErrorChecking(Object(Closure))\n#1 /wordpress/wp-content/plugins/stellarpay/src/Subscriptions/Migrations/CreateSubscriptionMetaDatabaseTable.php(55): StellarPay\\Vendors\\StellarWP\\DB\\DB::delta('CREATE TABLE wp...')\n#2 /wordpress/wp-content/plugins/stellarpay/src/PluginSetup/Actions/CreateDatabaseTable.php(49): StellarPay\\Subscriptions\\Migrations\\CreateSubscriptionMetaDatabaseTable->run()\n#3 [internal function]: StellarPay\\PluginSetup\\Actions\\CreateDatabaseTable->__invoke('stellarpay_curr...')\n#4 /wordpress/wp-content/plugins/stellarpay/src/Core/Hooks.php(66): call_user_func_array(Array, Array)\n#5 /wordpress/wp-includes/class-wp-hook.php(326): StellarPay\\Core\\H in /wordpress/wp-content/plugins/stellarpay/src/Subscriptions/Migrations/CreateSubscriptionMetaDatabaseTable.php on line 63",
    "log": "/logs/plugins/s/sh-nice-slug/error.json"
  },
  {
    "message": "syntax error, unexpected ')' in /wordpress/wp-content/plugins/sub-club/includes/publish.php on line 22",
    "level": "PARSE",
    "type": "PHP",
    "test": "asyncify-boot",
    "plugin": "sh-nice-slug",
    "details": "[10-Jun-2025 21:33:17 UTC] PHP Parse error:  syntax error, unexpected ')' in /wordpress/wp-content/plugins/sub-club/includes/publish.php on line 22",
    "log": "/logs/plugins/s/sh-nice-slug/error.json"
  },
  {
    "message": "syntax error, unexpected ')' in /wordpress/wp-content/plugins/sub-club/includes/publish.php on line 22",
    "level": "PARSE",
    "type": "PHP",
    "test": "asyncify-boot",
    "plugin": "sh-nice-slug",
    "details": "[10-Jun-2025 21:33:25 UTC] PHP Parse error:  syntax error, unexpected ')' in /wordpress/wp-content/plugins/sub-club/includes/publish.php on line 22",
    "log": "/logs/plugins/s/sh-nice-slug/error.json"
  },
  {
    "message": "syntax error, unexpected ')' in /wordpress/wp-content/plugins/sub-club/includes/publish.php on line 22",
    "level": "PARSE",
    "type": "PHP",
    "test": "asyncify-boot",
    "plugin": "sh-nice-slug",
    "details": "[10-Jun-2025 21:33:34 UTC] PHP Parse error:  syntax error, unexpected ')' in /wordpress/wp-content/plugins/sub-club/includes/publish.php on line 22\n\n    at Object.onBind (file:///home/runner/work/playground-tester/playground-tester/node_modules/@wp-playground/cli/run-cli-j-geJYS3.js:325:15)\n    at process.processTicksAndRejections (node:internal/process/task_queues:105:5)\n    at async re (file:///home/runner/work/playground-tester/playground-tester/node_modules/@wp-playground/cli/run-cli-j-geJYS3.js:149:10) {\n  [cause]: Error: Error when executing the blueprint step #1 ({\"step\":\"installPlugin\",\"pluginData\":{\"resource\":\"wordpress.org/plugins\",\"slug\":\"sh-nice-slug\"},\"options\":{\"activate\":true}}) : Plugin /wordpress/wp-content/plugins/sh-nice-slug could not be activated – WordPress exited with no error. Sometimes, when $_SERVER or site options are not configured correctly, WordPress exits early with a 301 redirect. Inspect the \"debug\" logs in the console for more details.\n      at Object.run (file:///home/runner/work/playground-tester/playground-tester/node_modules/@wp-playground/blueprints/index.js:12093:19)\n      at process.processTicksAndRejections (node:internal/process/task_queues:105:5)\n      at async ys (file:///home/runner/work/playground-tester/playground-tester/node_modules/@wp-playground/blueprints/index.js:12196:3)\n      at async Object.onBind (file:///home/runner/work/playground-tester/playground-tester/node_modules/@wp-playground/cli/run-cli-j-geJYS3.js:315:48)\n      at async re (file:///home/runner/work/playground-tester/playground-tester/node_modules/@wp-playground/cli/run-cli-j-geJYS3.js:149:10) {\n    [cause]: Error: Plugin /wordpress/wp-content/plugins/sh-nice-slug could not be activated – WordPress exited with no error. Sometimes, when $_SERVER or site options are not configured correctly, WordPress exits early with a 301 redirect. Inspect the \"debug\" logs in the console for more details.\n        at wr (file:///home/runner/work/playground-tester/playground-tester/node_modules/@wp-playground/blueprints/index.js:120:51)\n        at process.processTicksAndRejections (node:internal/process/task_queues:105:5)\n        at async Object.gt [as installPlugin] (file:///home/runner/work/playground-tester/playground-tester/node_modules/@wp-playground/blueprints/index.js:631:42)\n        at async g (file:///home/runner/work/playground-tester/playground-tester/node_modules/@wp-playground/blueprints/index.js:12161:30)\n        at async Object.run (file:///home/runner/work/playground-tester/playground-tester/node_modules/@wp-playground/blueprints/index.js:12090:23)\n        at async ys (file:///home/runner/work/playground-tester/playground-tester/node_modules/@wp-playground/blueprints/index.js:12196:3)\n        at async Object.onBind (file:///home/runner/work/playground-tester/playground-tester/node_modules/@wp-playground/cli/run-cli-j-geJYS3.js:315:48)\n        at async re (file:///home/runner/work/playground-tester/playground-tester/node_modules/@wp-playground/cli/run-cli-j-geJYS3.js:149:10)\n  }\n}\n\n",
    "log": "/logs/plugins/s/sh-nice-slug/error.json"
  },
  {
    "message": "file:///home/runner/work/playground-tester/playground-tester/node_modules/@wp-playground/cli/run-cli-j-geJYS3.js:325\n        throw new Error($, { cause: h });\n              ^\n",
    "level": "FATAL",
    "type": "PLAYGROUND",
    "test": "jspi-boot",
    "plugin": "sh-nice-slug",
    "details": "file:///home/runner/work/playground-tester/playground-tester/node_modules/@wp-playground/cli/run-cli-j-geJYS3.js:325\n        throw new Error($, { cause: h });\n              ^\n",
    "log": "/tmp/tmp.CuIOQ7K6LP"
  },
  {
    "message": "Uncaught Error: Call to undefined function create_function() in /wordpress/wp-content/plugins/steam-news-widget/includes/ssg-steam-news-widget-internal.php:240",
    "level": "FATAL",
    "type": "PHP",
    "test": "jspi-boot",
    "plugin": "sh-nice-slug",
    "details": "[10-Jun-2025 21:28:55 UTC] PHP Fatal error:  Uncaught Error: Call to undefined function create_function() in /wordpress/wp-content/plugins/steam-news-widget/includes/ssg-steam-news-widget-internal.php:240\nStack trace:\n#0 /wordpress/wp-content/plugins/steam-news-widget/ssg-steam-news-widget.php(15): require_once()\n#1 /wordpress/wp-admin/includes/plugin.php(2387): include_once('/wordpress/wp-c...')\n#2 /wordpress/wp-admin/includes/plugin.php(673): plugin_sandbox_scrape('steam-news-widg...')\n#3 /internal/eval.php(20): activate_plugin('steam-news-widg...')\n#4 {main}\n  thrown in /wordpress/wp-content/plugins/steam-news-widget/includes/ssg-steam-news-widget-internal.php on line 240",
    "log": "/logs/plugins/s/sh-nice-slug/error.json"
  },
  {
    "message": "Uncaught Error: Call to undefined function create_function() in /wordpress/wp-content/plugins/steam-news-widget/includes/ssg-steam-news-widget-internal.php:240",
    "level": "FATAL",
    "type": "PHP",
    "test": "jspi-boot",
    "plugin": "sh-nice-slug",
    "details": "[10-Jun-2025 21:29:04 UTC] PHP Fatal error:  Uncaught Error: Call to undefined function create_function() in /wordpress/wp-content/plugins/steam-news-widget/includes/ssg-steam-news-widget-internal.php:240\nStack trace:\n#0 /wordpress/wp-content/plugins/steam-news-widget/ssg-steam-news-widget.php(15): require_once()\n#1 /wordpress/wp-admin/includes/plugin.php(2387): include_once('/wordpress/wp-c...')\n#2 /wordpress/wp-admin/includes/plugin.php(673): plugin_sandbox_scrape('steam-news-widg...')\n#3 /internal/eval.php(20): activate_plugin('steam-news-widg...')\n#4 {main}\n  thrown in /wordpress/wp-content/plugins/steam-news-widget/includes/ssg-steam-news-widget-internal.php on line 240",
    "log": "/logs/plugins/s/sh-nice-slug/error.json"
  },
  {
    "message": "Uncaught Error: Call to undefined function create_function() in /wordpress/wp-content/plugins/steam-news-widget/includes/ssg-steam-news-widget-internal.php:240",
    "level": "FATAL",
    "type": "PHP",
    "test": "jspi-boot",
    "plugin": "sh-nice-slug",
    "details": "[10-Jun-2025 21:29:13 UTC] PHP Fatal error:  Uncaught Error: Call to undefined function create_function() in /wordpress/wp-content/plugins/steam-news-widget/includes/ssg-steam-news-widget-internal.php:240\nStack trace:\n#0 /wordpress/wp-content/plugins/steam-news-widget/ssg-steam-news-widget.php(15): require_once()\n#1 /wordpress/wp-admin/includes/plugin.php(2387): include_once('/wordpress/wp-c...')\n#2 /wordpress/wp-admin/includes/plugin.php(673): plugin_sandbox_scrape('steam-news-widg...')\n#3 /internal/eval.php(20): activate_plugin('steam-news-widg...')\n#4 {main}\n  thrown in /wordpress/wp-content/plugins/steam-news-widget/includes/ssg-steam-news-widget-internal.php on line 240",
    "log": "/logs/plugins/s/sh-nice-slug/error.json"
  },
  {
    "message": "Required parameter $tag follows optional parameter $content in /wordpress/wp-content/plugins/salonde-widget/salon.de-widget.php on line 172",
    "level": "DEPRECATED",
    "type": "PHP",
    "test": "jspi-boot",
    "plugin": "sh-nice-slug",
    "details": "[10-Jun-2025 21:29:56 UTC] PHP Deprecated:  Required parameter $tag follows optional parameter $content in /wordpress/wp-content/plugins/salonde-widget/salon.de-widget.php on line 172",
    "log": "/logs/plugins/s/sh-nice-slug/error.json"
  },
  {
    "message": "Required parameter $tag follows optional parameter $content in /wordpress/wp-content/plugins/salonde-widget/salon.de-widget.php on line 172",
    "level": "DEPRECATED",
    "type": "PHP",
    "test": "jspi-boot",
    "plugin": "sh-nice-slug",
    "details": "[10-Jun-2025 21:29:57 UTC] PHP Deprecated:  Required parameter $tag follows optional parameter $content in /wordpress/wp-content/plugins/salonde-widget/salon.de-widget.php on line 172",
    "log": "/logs/plugins/s/sh-nice-slug/error.json"
  },
  {
    "message": "Required parameter $tag follows optional parameter $content in /wordpress/wp-content/plugins/salonde-widget/salon.de-widget.php on line 172",
    "level": "DEPRECATED",
    "type": "PHP",
    "test": "jspi-boot",
    "plugin": "sh-nice-slug",
    "details": "[10-Jun-2025 21:30:06 UTC] PHP Deprecated:  Required parameter $tag follows optional parameter $content in /wordpress/wp-content/plugins/salonde-widget/salon.de-widget.php on line 172",
    "log": "/logs/plugins/s/sh-nice-slug/error.json"
  },
  {
    "message": "Required parameter $tag follows optional parameter $content in /wordpress/wp-content/plugins/salonde-widget/salon.de-widget.php on line 172",
    "level": "DEPRECATED",
    "type": "PHP",
    "test": "jspi-boot",
    "plugin": "sh-nice-slug",
    "details": "[10-Jun-2025 21:30:06 UTC] PHP Deprecated:  Required parameter $tag follows optional parameter $content in /wordpress/wp-content/plugins/salonde-widget/salon.de-widget.php on line 172",
    "log": "/logs/plugins/s/sh-nice-slug/error.json"
  },
  {
    "message": "Required parameter $tag follows optional parameter $content in /wordpress/wp-content/plugins/salonde-widget/salon.de-widget.php on line 172",
    "level": "DEPRECATED",
    "type": "PHP",
    "test": "jspi-boot",
    "plugin": "sh-nice-slug",
    "details": "[10-Jun-2025 21:30:15 UTC] PHP Deprecated:  Required parameter $tag follows optional parameter $content in /wordpress/wp-content/plugins/salonde-widget/salon.de-widget.php on line 172",
    "log": "/logs/plugins/s/sh-nice-slug/error.json"
  },
  {
    "message": "Required parameter $tag follows optional parameter $content in /wordpress/wp-content/plugins/salonde-widget/salon.de-widget.php on line 172",
    "level": "DEPRECATED",
    "type": "PHP",
    "test": "jspi-boot",
    "plugin": "sh-nice-slug",
    "details": "[10-Jun-2025 21:30:15 UTC] PHP Deprecated:  Required parameter $tag follows optional parameter $content in /wordpress/wp-content/plugins/salonde-widget/salon.de-widget.php on line 172",
    "log": "/logs/plugins/s/sh-nice-slug/error.json"
  },
  {
    "message": "Attempt to read property \"shipping\" on null in /wordpress/wp-content/plugins/sandyhutextensions/SandyhutExtensions.php on line 204",
    "level": "WARNING",
    "type": "PHP",
    "test": "jspi-boot",
    "plugin": "sh-nice-slug",
    "details": "[10-Jun-2025 21:30:24 UTC] PHP Warning:  Attempt to read property \"shipping\" on null in /wordpress/wp-content/plugins/sandyhutextensions/SandyhutExtensions.php on line 204",
    "log": "/logs/plugins/s/sh-nice-slug/error.json"
  },
  {
    "message": "Uncaught Error: Call to a member function load_shipping_methods() on null in /wordpress/wp-content/plugins/sandyhutextensions/SandyhutExtensions.php:204",
    "level": "FATAL",
    "type": "PHP",
    "test": "jspi-boot",
    "plugin": "sh-nice-slug",
    "details": "[10-Jun-2025 21:30:24 UTC] PHP Fatal error:  Uncaught Error: Call to a member function load_shipping_methods() on null in /wordpress/wp-content/plugins/sandyhutextensions/SandyhutExtensions.php:204\nStack trace:\n#0 /wordpress/wp-content/plugins/sandyhutextensions/SandyhutExtensions.php(46): SandyhutExtensions::get_table_rate_shipping_data()\n#1 /wordpress/wp-includes/class-wp-hook.php(324): SandyhutExtensions->activate(false)\n#2 /wordpress/wp-includes/class-wp-hook.php(348): WP_Hook->apply_filters('', Array)\n#3 /wordpress/wp-includes/plugin.php(517): WP_Hook->do_action(Array)\n#4 /wordpress/wp-admin/includes/plugin.php(703): do_action('activate_sandyh...', false)\n#5 /internal/eval.php(20): activate_plugin('sandyhutextensi...')\n#6 {main}\n  thrown in /wordpress/wp-content/plugins/sandyhutextensions/SandyhutExtensions.php on line 204",
    "log": "/logs/plugins/s/sh-nice-slug/error.json"
  },
  {
    "message": "Attempt to read property \"shipping\" on null in /wordpress/wp-content/plugins/sandyhutextensions/SandyhutExtensions.php on line 204",
    "level": "WARNING",
    "type": "PHP",
    "test": "jspi-boot",
    "plugin": "sh-nice-slug",
    "details": "[10-Jun-2025 21:30:32 UTC] PHP Warning:  Attempt to read property \"shipping\" on null in /wordpress/wp-content/plugins/sandyhutextensions/SandyhutExtensions.php on line 204",
    "log": "/logs/plugins/s/sh-nice-slug/error.json"
  },
  {
    "message": "Uncaught Error: Call to a member function load_shipping_methods() on null in /wordpress/wp-content/plugins/sandyhutextensions/SandyhutExtensions.php:204",
    "level": "FATAL",
    "type": "PHP",
    "test": "jspi-boot",
    "plugin": "sh-nice-slug",
    "details": "[10-Jun-2025 21:30:32 UTC] PHP Fatal error:  Uncaught Error: Call to a member function load_shipping_methods() on null in /wordpress/wp-content/plugins/sandyhutextensions/SandyhutExtensions.php:204\nStack trace:\n#0 /wordpress/wp-content/plugins/sandyhutextensions/SandyhutExtensions.php(46): SandyhutExtensions::get_table_rate_shipping_data()\n#1 /wordpress/wp-includes/class-wp-hook.php(324): SandyhutExtensions->activate(false)\n#2 /wordpress/wp-includes/class-wp-hook.php(348): WP_Hook->apply_filters('', Array)\n#3 /wordpress/wp-includes/plugin.php(517): WP_Hook->do_action(Array)\n#4 /wordpress/wp-admin/includes/plugin.php(703): do_action('activate_sandyh...', false)\n#5 /internal/eval.php(20): activate_plugin('sandyhutextensi...')\n#6 {main}\n  thrown in /wordpress/wp-content/plugins/sandyhutextensions/SandyhutExtensions.php on line 204",
    "log": "/logs/plugins/s/sh-nice-slug/error.json"
  },
  {
    "message": "Attempt to read property \"shipping\" on null in /wordpress/wp-content/plugins/sandyhutextensions/SandyhutExtensions.php on line 204",
    "level": "WARNING",
    "type": "PHP",
    "test": "jspi-boot",
    "plugin": "sh-nice-slug",
    "details": "[10-Jun-2025 21:30:41 UTC] PHP Warning:  Attempt to read property \"shipping\" on null in /wordpress/wp-content/plugins/sandyhutextensions/SandyhutExtensions.php on line 204",
    "log": "/logs/plugins/s/sh-nice-slug/error.json"
  },
  {
    "message": "Uncaught Error: Call to a member function load_shipping_methods() on null in /wordpress/wp-content/plugins/sandyhutextensions/SandyhutExtensions.php:204",
    "level": "FATAL",
    "type": "PHP",
    "test": "jspi-boot",
    "plugin": "sh-nice-slug",
    "details": "[10-Jun-2025 21:30:41 UTC] PHP Fatal error:  Uncaught Error: Call to a member function load_shipping_methods() on null in /wordpress/wp-content/plugins/sandyhutextensions/SandyhutExtensions.php:204\nStack trace:\n#0 /wordpress/wp-content/plugins/sandyhutextensions/SandyhutExtensions.php(46): SandyhutExtensions::get_table_rate_shipping_data()\n#1 /wordpress/wp-includes/class-wp-hook.php(324): SandyhutExtensions->activate(false)\n#2 /wordpress/wp-includes/class-wp-hook.php(348): WP_Hook->apply_filters('', Array)\n#3 /wordpress/wp-includes/plugin.php(517): WP_Hook->do_action(Array)\n#4 /wordpress/wp-admin/includes/plugin.php(703): do_action('activate_sandyh...', false)\n#5 /internal/eval.php(20): activate_plugin('sandyhutextensi...')\n#6 {main}\n  thrown in /wordpress/wp-content/plugins/sandyhutextensions/SandyhutExtensions.php on line 204",
    "log": "/logs/plugins/s/sh-nice-slug/error.json"
  },
  {
    "message": "Uncaught Error: Call to undefined function create_function() in /wordpress/wp-content/plugins/search-refinement/modules/widget.php:6",
    "level": "FATAL",
    "type": "PHP",
    "test": "jspi-boot",
    "plugin": "sh-nice-slug",
    "details": "[10-Jun-2025 21:30:50 UTC] PHP Fatal error:  Uncaught Error: Call to undefined function create_function() in /wordpress/wp-content/plugins/search-refinement/modules/widget.php:6\nStack trace:\n#0 /wordpress/wp-content/plugins/search-refinement/search-refinement.php(21): include_once()\n#1 /wordpress/wp-admin/includes/plugin.php(2387): include_once('/wordpress/wp-c...')\n#2 /wordpress/wp-admin/includes/plugin.php(673): plugin_sandbox_scrape('search-refineme...')\n#3 /internal/eval.php(20): activate_plugin('search-refineme...')\n#4 {main}\n  thrown in /wordpress/wp-content/plugins/search-refinement/modules/widget.php on line 6",
    "log": "/logs/plugins/s/sh-nice-slug/error.json"
  },
  {
    "message": "Uncaught Error: Call to undefined function create_function() in /wordpress/wp-content/plugins/search-refinement/modules/widget.php:6",
    "level": "FATAL",
    "type": "PHP",
    "test": "jspi-boot",
    "plugin": "sh-nice-slug",
    "details": "[10-Jun-2025 21:30:59 UTC] PHP Fatal error:  Uncaught Error: Call to undefined function create_function() in /wordpress/wp-content/plugins/search-refinement/modules/widget.php:6\nStack trace:\n#0 /wordpress/wp-content/plugins/search-refinement/search-refinement.php(21): include_once()\n#1 /wordpress/wp-admin/includes/plugin.php(2387): include_once('/wordpress/wp-c...')\n#2 /wordpress/wp-admin/includes/plugin.php(673): plugin_sandbox_scrape('search-refineme...')\n#3 /internal/eval.php(20): activate_plugin('search-refineme...')\n#4 {main}\n  thrown in /wordpress/wp-content/plugins/search-refinement/modules/widget.php on line 6",
    "log": "/logs/plugins/s/sh-nice-slug/error.json"
  },
  {
    "message": "Uncaught Error: Call to undefined function create_function() in /wordpress/wp-content/plugins/search-refinement/modules/widget.php:6",
    "level": "FATAL",
    "type": "PHP",
    "test": "jspi-boot",
    "plugin": "sh-nice-slug",
    "details": "[10-Jun-2025 21:31:06 UTC] PHP Fatal error:  Uncaught Error: Call to undefined function create_function() in /wordpress/wp-content/plugins/search-refinement/modules/widget.php:6\nStack trace:\n#0 /wordpress/wp-content/plugins/search-refinement/search-refinement.php(21): include_once()\n#1 /wordpress/wp-admin/includes/plugin.php(2387): include_once('/wordpress/wp-c...')\n#2 /wordpress/wp-admin/includes/plugin.php(673): plugin_sandbox_scrape('search-refineme...')\n#3 /internal/eval.php(20): activate_plugin('search-refineme...')\n#4 {main}\n  thrown in /wordpress/wp-content/plugins/search-refinement/modules/widget.php on line 6",
    "log": "/logs/plugins/s/sh-nice-slug/error.json"
  },
  {
    "message": "Function _load_textdomain_just_in_time was called <strong>incorrectly</strong>. Translation loading for the <code>stellarpay</code> domain was triggered too early. This is usually an indicator for some code in the plugin or theme running too early. Translations should be loaded at the <code>init</code> action or later. Please see <a href=\"https://developer.wordpress.org/advanced-administration/debug/debug-wordpress/\">Debugging in WordPress</a> for more information. (This message was added in version 6.7.0.) in /wordpress/wp-includes/functions.php on line 6121",
    "level": "NOTICE",
    "type": "PHP",
    "test": "jspi-boot",
    "plugin": "sh-nice-slug",
    "details": "[10-Jun-2025 21:31:44 UTC] PHP Notice:  Function _load_textdomain_just_in_time was called <strong>incorrectly</strong>. Translation loading for the <code>stellarpay</code> domain was triggered too early. This is usually an indicator for some code in the plugin or theme running too early. Translations should be loaded at the <code>init</code> action or later. Please see <a href=\"https://developer.wordpress.org/advanced-administration/debug/debug-wordpress/\">Debugging in WordPress</a> for more information. (This message was added in version 6.7.0.) in /wordpress/wp-includes/functions.php on line 6121",
    "log": "/logs/plugins/s/sh-nice-slug/error.json"
  },
  {
    "message": "Uncaught StellarPay\\Vendors\\StellarWP\\DB\\Database\\Exceptions\\DatabaseQueryException: Database Query in /wordpress/wp-content/plugins/stellarpay/vendor/vendor-prefixed/stellarwp/db/src/DB/DB.php:296",
    "level": "FATAL",
    "type": "PHP",
    "test": "jspi-boot",
    "plugin": "sh-nice-slug",
    "details": "[10-Jun-2025 21:31:44 UTC] PHP Fatal error:  Uncaught StellarPay\\Vendors\\StellarWP\\DB\\Database\\Exceptions\\DatabaseQueryException: Database Query in /wordpress/wp-content/plugins/stellarpay/vendor/vendor-prefixed/stellarwp/db/src/DB/DB.php:296\nStack trace:\n#0 /wordpress/wp-content/plugins/stellarpay/vendor/vendor-prefixed/stellarwp/db/src/DB/DB.php(84): StellarPay\\Vendors\\StellarWP\\DB\\DB::runQueryWithErrorChecking(Object(Closure))\n#1 /wordpress/wp-content/plugins/stellarpay/src/Subscriptions/Migrations/CreateSubscriptionMetaDatabaseTable.php(55): StellarPay\\Vendors\\StellarWP\\DB\\DB::delta('CREATE TABLE wp...')\n#2 /wordpress/wp-content/plugins/stellarpay/src/PluginSetup/Actions/CreateDatabaseTable.php(49): StellarPay\\Subscriptions\\Migrations\\CreateSubscriptionMetaDatabaseTable->run()\n#3 [internal function]: StellarPay\\PluginSetup\\Actions\\CreateDatabaseTable->__invoke('stellarpay_curr...')\n#4 /wordpress/wp-content/plugins/stellarpay/src/Core/Hooks.php(66): call_user_func_array(Array, Array)\n#5 /wordpress/wp-includes/class-wp-hook.php(326): StellarPay\\Core\\H in /wordpress/wp-content/plugins/stellarpay/src/Subscriptions/Migrations/CreateSubscriptionMetaDatabaseTable.php on line 63",
    "log": "/logs/plugins/s/sh-nice-slug/error.json"
  },
  {
    "message": "Function _load_textdomain_just_in_time was called <strong>incorrectly</strong>. Translation loading for the <code>stellarpay</code> domain was triggered too early. This is usually an indicator for some code in the plugin or theme running too early. Translations should be loaded at the <code>init</code> action or later. Please see <a href=\"https://developer.wordpress.org/advanced-administration/debug/debug-wordpress/\">Debugging in WordPress</a> for more information. (This message was added in version 6.7.0.) in /wordpress/wp-includes/functions.php on line 6121",
    "level": "NOTICE",
    "type": "PHP",
    "test": "jspi-boot",
    "plugin": "sh-nice-slug",
    "details": "[10-Jun-2025 21:31:58 UTC] PHP Notice:  Function _load_textdomain_just_in_time was called <strong>incorrectly</strong>. Translation loading for the <code>stellarpay</code> domain was triggered too early. This is usually an indicator for some code in the plugin or theme running too early. Translations should be loaded at the <code>init</code> action or later. Please see <a href=\"https://developer.wordpress.org/advanced-administration/debug/debug-wordpress/\">Debugging in WordPress</a> for more information. (This message was added in version 6.7.0.) in /wordpress/wp-includes/functions.php on line 6121",
    "log": "/logs/plugins/s/sh-nice-slug/error.json"
  },
  {
    "message": "Uncaught StellarPay\\Vendors\\StellarWP\\DB\\Database\\Exceptions\\DatabaseQueryException: Database Query in /wordpress/wp-content/plugins/stellarpay/vendor/vendor-prefixed/stellarwp/db/src/DB/DB.php:296",
    "level": "FATAL",
    "type": "PHP",
    "test": "jspi-boot",
    "plugin": "sh-nice-slug",
    "details": "[10-Jun-2025 21:31:58 UTC] PHP Fatal error:  Uncaught StellarPay\\Vendors\\StellarWP\\DB\\Database\\Exceptions\\DatabaseQueryException: Database Query in /wordpress/wp-content/plugins/stellarpay/vendor/vendor-prefixed/stellarwp/db/src/DB/DB.php:296\nStack trace:\n#0 /wordpress/wp-content/plugins/stellarpay/vendor/vendor-prefixed/stellarwp/db/src/DB/DB.php(84): StellarPay\\Vendors\\StellarWP\\DB\\DB::runQueryWithErrorChecking(Object(Closure))\n#1 /wordpress/wp-content/plugins/stellarpay/src/Subscriptions/Migrations/CreateSubscriptionMetaDatabaseTable.php(55): StellarPay\\Vendors\\StellarWP\\DB\\DB::delta('CREATE TABLE wp...')\n#2 /wordpress/wp-content/plugins/stellarpay/src/PluginSetup/Actions/CreateDatabaseTable.php(49): StellarPay\\Subscriptions\\Migrations\\CreateSubscriptionMetaDatabaseTable->run()\n#3 [internal function]: StellarPay\\PluginSetup\\Actions\\CreateDatabaseTable->__invoke('stellarpay_curr...')\n#4 /wordpress/wp-content/plugins/stellarpay/src/Core/Hooks.php(66): call_user_func_array(Array, Array)\n#5 /wordpress/wp-includes/class-wp-hook.php(326): StellarPay\\Core\\H in /wordpress/wp-content/plugins/stellarpay/src/Subscriptions/Migrations/CreateSubscriptionMetaDatabaseTable.php on line 63",
    "log": "/logs/plugins/s/sh-nice-slug/error.json"
  },
  {
    "message": "Function _load_textdomain_just_in_time was called <strong>incorrectly</strong>. Translation loading for the <code>stellarpay</code> domain was triggered too early. This is usually an indicator for some code in the plugin or theme running too early. Translations should be loaded at the <code>init</code> action or later. Please see <a href=\"https://developer.wordpress.org/advanced-administration/debug/debug-wordpress/\">Debugging in WordPress</a> for more information. (This message was added in version 6.7.0.) in /wordpress/wp-includes/functions.php on line 6121",
    "level": "NOTICE",
    "type": "PHP",
    "test": "jspi-boot",
    "plugin": "sh-nice-slug",
    "details": "[10-Jun-2025 21:32:13 UTC] PHP Notice:  Function _load_textdomain_just_in_time was called <strong>incorrectly</strong>. Translation loading for the <code>stellarpay</code> domain was triggered too early. This is usually an indicator for some code in the plugin or theme running too early. Translations should be loaded at the <code>init</code> action or later. Please see <a href=\"https://developer.wordpress.org/advanced-administration/debug/debug-wordpress/\">Debugging in WordPress</a> for more information. (This message was added in version 6.7.0.) in /wordpress/wp-includes/functions.php on line 6121",
    "log": "/logs/plugins/s/sh-nice-slug/error.json"
  },
  {
    "message": "Uncaught StellarPay\\Vendors\\StellarWP\\DB\\Database\\Exceptions\\DatabaseQueryException: Database Query in /wordpress/wp-content/plugins/stellarpay/vendor/vendor-prefixed/stellarwp/db/src/DB/DB.php:296",
    "level": "FATAL",
    "type": "PHP",
    "test": "jspi-boot",
    "plugin": "sh-nice-slug",
    "details": "[10-Jun-2025 21:32:14 UTC] PHP Fatal error:  Uncaught StellarPay\\Vendors\\StellarWP\\DB\\Database\\Exceptions\\DatabaseQueryException: Database Query in /wordpress/wp-content/plugins/stellarpay/vendor/vendor-prefixed/stellarwp/db/src/DB/DB.php:296\nStack trace:\n#0 /wordpress/wp-content/plugins/stellarpay/vendor/vendor-prefixed/stellarwp/db/src/DB/DB.php(84): StellarPay\\Vendors\\StellarWP\\DB\\DB::runQueryWithErrorChecking(Object(Closure))\n#1 /wordpress/wp-content/plugins/stellarpay/src/Subscriptions/Migrations/CreateSubscriptionMetaDatabaseTable.php(55): StellarPay\\Vendors\\StellarWP\\DB\\DB::delta('CREATE TABLE wp...')\n#2 /wordpress/wp-content/plugins/stellarpay/src/PluginSetup/Actions/CreateDatabaseTable.php(49): StellarPay\\Subscriptions\\Migrations\\CreateSubscriptionMetaDatabaseTable->run()\n#3 [internal function]: StellarPay\\PluginSetup\\Actions\\CreateDatabaseTable->__invoke('stellarpay_curr...')\n#4 /wordpress/wp-content/plugins/stellarpay/src/Core/Hooks.php(66): call_user_func_array(Array, Array)\n#5 /wordpress/wp-includes/class-wp-hook.php(326): StellarPay\\Core\\H in /wordpress/wp-content/plugins/stellarpay/src/Subscriptions/Migrations/CreateSubscriptionMetaDatabaseTable.php on line 63",
    "log": "/logs/plugins/s/sh-nice-slug/error.json"
  },
  {
    "message": "syntax error, unexpected ')' in /wordpress/wp-content/plugins/sub-club/includes/publish.php on line 22",
    "level": "PARSE",
    "type": "PHP",
    "test": "jspi-boot",
    "plugin": "sh-nice-slug",
    "details": "[10-Jun-2025 21:33:17 UTC] PHP Parse error:  syntax error, unexpected ')' in /wordpress/wp-content/plugins/sub-club/includes/publish.php on line 22",
    "log": "/logs/plugins/s/sh-nice-slug/error.json"
  },
  {
    "message": "syntax error, unexpected ')' in /wordpress/wp-content/plugins/sub-club/includes/publish.php on line 22",
    "level": "PARSE",
    "type": "PHP",
    "test": "jspi-boot",
    "plugin": "sh-nice-slug",
    "details": "[10-Jun-2025 21:33:25 UTC] PHP Parse error:  syntax error, unexpected ')' in /wordpress/wp-content/plugins/sub-club/includes/publish.php on line 22",
    "log": "/logs/plugins/s/sh-nice-slug/error.json"
  },
  {
    "message": "syntax error, unexpected ')' in /wordpress/wp-content/plugins/sub-club/includes/publish.php on line 22",
    "level": "PARSE",
    "type": "PHP",
    "test": "jspi-boot",
    "plugin": "sh-nice-slug",
    "details": "[10-Jun-2025 21:33:34 UTC] PHP Parse error:  syntax error, unexpected ')' in /wordpress/wp-content/plugins/sub-club/includes/publish.php on line 22\n\n    at Object.onBind (file:///home/runner/work/playground-tester/playground-tester/node_modules/@wp-playground/cli/run-cli-j-geJYS3.js:325:15)\n    at process.processTicksAndRejections (node:internal/process/task_queues:105:5)\n    at async re (file:///home/runner/work/playground-tester/playground-tester/node_modules/@wp-playground/cli/run-cli-j-geJYS3.js:149:10) {\n  [cause]: Error: Error when executing the blueprint step #1 ({\"step\":\"installPlugin\",\"pluginData\":{\"resource\":\"wordpress.org/plugins\",\"slug\":\"sh-nice-slug\"},\"options\":{\"activate\":true}}) : Plugin /wordpress/wp-content/plugins/sh-nice-slug could not be activated – WordPress exited with no error. Sometimes, when $_SERVER or site options are not configured correctly, WordPress exits early with a 301 redirect. Inspect the \"debug\" logs in the console for more details.\n      at Object.run (file:///home/runner/work/playground-tester/playground-tester/node_modules/@wp-playground/blueprints/index.js:12093:19)\n      at process.processTicksAndRejections (node:internal/process/task_queues:105:5)\n      at async ys (file:///home/runner/work/playground-tester/playground-tester/node_modules/@wp-playground/blueprints/index.js:12196:3)\n      at async Object.onBind (file:///home/runner/work/playground-tester/playground-tester/node_modules/@wp-playground/cli/run-cli-j-geJYS3.js:315:48)\n      at async re (file:///home/runner/work/playground-tester/playground-tester/node_modules/@wp-playground/cli/run-cli-j-geJYS3.js:149:10) {\n    [cause]: Error: Plugin /wordpress/wp-content/plugins/sh-nice-slug could not be activated – WordPress exited with no error. Sometimes, when $_SERVER or site options are not configured correctly, WordPress exits early with a 301 redirect. Inspect the \"debug\" logs in the console for more details.\n        at wr (file:///home/runner/work/playground-tester/playground-tester/node_modules/@wp-playground/blueprints/index.js:120:51)\n        at process.processTicksAndRejections (node:internal/process/task_queues:105:5)\n        at async Object.gt [as installPlugin] (file:///home/runner/work/playground-tester/playground-tester/node_modules/@wp-playground/blueprints/index.js:631:42)\n        at async g (file:///home/runner/work/playground-tester/playground-tester/node_modules/@wp-playground/blueprints/index.js:12161:30)\n        at async Object.run (file:///home/runner/work/playground-tester/playground-tester/node_modules/@wp-playground/blueprints/index.js:12090:23)\n        at async ys (file:///home/runner/work/playground-tester/playground-tester/node_modules/@wp-playground/blueprints/index.js:12196:3)\n        at async Object.onBind (file:///home/runner/work/playground-tester/playground-tester/node_modules/@wp-playground/cli/run-cli-j-geJYS3.js:315:48)\n        at async re (file:///home/runner/work/playground-tester/playground-tester/node_modules/@wp-playground/cli/run-cli-j-geJYS3.js:149:10)\n  }\n}\n\n",
    "log": "/logs/plugins/s/sh-nice-slug/error.json"
  }
]
