file:///home/runner/work/playground-tester/playground-tester/node_modules/@wp-playground/cli/run-cli-j-geJYS3.js:325
        throw new Error($, { cause: h });
              ^

Error: [02-Jul-2025 07:00:36 UTC] PHP Warning:  Undefined variable $num in /wordpress/wp-content/plugins/zipzap/zipzap.php on line 11
[02-Jul-2025 07:00:36 UTC] PHP Warning:  Undefined variable $num in /wordpress/wp-content/plugins/zipzap/zipzap.php on line 12
[02-Jul-2025 07:00:36 UTC] PHP Warning:  Undefined variable $num in /wordpress/wp-content/plugins/zipzap/zipzap.php on line 13
[02-Jul-2025 07:00:36 UTC] PHP Warning:  Undefined variable $num in /wordpress/wp-content/plugins/zipzap/zipzap.php on line 14
[02-Jul-2025 07:00:36 UTC] PHP Warning:  Undefined variable $num in /wordpress/wp-content/plugins/zipzap/zipzap.php on line 15
[02-Jul-2025 07:00:36 UTC] PHP Warning:  Undefined variable $num in /wordpress/wp-content/plugins/zipzap/zipzap.php on line 16
[02-Jul-2025 07:00:36 UTC] PHP Warning:  Undefined variable $num in /wordpress/wp-content/plugins/zipzap/zipzap.php on line 17
[02-Jul-2025 07:00:37 UTC] PHP Warning:  Undefined variable $num in /wordpress/wp-content/plugins/zipzap/zipzap.php on line 11
[02-Jul-2025 07:00:37 UTC] PHP Warning:  Undefined variable $num in /wordpress/wp-content/plugins/zipzap/zipzap.php on line 12
[02-Jul-2025 07:00:37 UTC] PHP Warning:  Undefined variable $num in /wordpress/wp-content/plugins/zipzap/zipzap.php on line 13
[02-Jul-2025 07:00:37 UTC] PHP Warning:  Undefined variable $num in /wordpress/wp-content/plugins/zipzap/zipzap.php on line 14
[02-Jul-2025 07:00:37 UTC] PHP Warning:  Undefined variable $num in /wordpress/wp-content/plugins/zipzap/zipzap.php on line 15
[02-Jul-2025 07:00:37 UTC] PHP Warning:  Undefined variable $num in /wordpress/wp-content/plugins/zipzap/zipzap.php on line 16
[02-Jul-2025 07:00:37 UTC] PHP Warning:  Undefined variable $num in /wordpress/wp-content/plugins/zipzap/zipzap.php on line 17
[02-Jul-2025 07:00:45 UTC] PHP Warning:  Undefined variable $num in /wordpress/wp-content/plugins/zipzap/zipzap.php on line 11
[02-Jul-2025 07:00:45 UTC] PHP Warning:  Undefined variable $num in /wordpress/wp-content/plugins/zipzap/zipzap.php on line 12
[02-Jul-2025 07:00:45 UTC] PHP Warning:  Undefined variable $num in /wordpress/wp-content/plugins/zipzap/zipzap.php on line 13
[02-Jul-2025 07:00:45 UTC] PHP Warning:  Undefined variable $num in /wordpress/wp-content/plugins/zipzap/zipzap.php on line 14
[02-Jul-2025 07:00:45 UTC] PHP Warning:  Undefined variable $num in /wordpress/wp-content/plugins/zipzap/zipzap.php on line 15
[02-Jul-2025 07:00:45 UTC] PHP Warning:  Undefined variable $num in /wordpress/wp-content/plugins/zipzap/zipzap.php on line 16
[02-Jul-2025 07:00:45 UTC] PHP Warning:  Undefined variable $num in /wordpress/wp-content/plugins/zipzap/zipzap.php on line 17
[02-Jul-2025 07:00:46 UTC] PHP Warning:  Undefined variable $num in /wordpress/wp-content/plugins/zipzap/zipzap.php on line 11
[02-Jul-2025 07:00:46 UTC] PHP Warning:  Undefined variable $num in /wordpress/wp-content/plugins/zipzap/zipzap.php on line 12
[02-Jul-2025 07:00:46 UTC] PHP Warning:  Undefined variable $num in /wordpress/wp-content/plugins/zipzap/zipzap.php on line 13
[02-Jul-2025 07:00:46 UTC] PHP Warning:  Undefined variable $num in /wordpress/wp-content/plugins/zipzap/zipzap.php on line 14
[02-Jul-2025 07:00:46 UTC] PHP Warning:  Undefined variable $num in /wordpress/wp-content/plugins/zipzap/zipzap.php on line 15
[02-Jul-2025 07:00:46 UTC] PHP Warning:  Undefined variable $num in /wordpress/wp-content/plugins/zipzap/zipzap.php on line 16
[02-Jul-2025 07:00:46 UTC] PHP Warning:  Undefined variable $num in /wordpress/wp-content/plugins/zipzap/zipzap.php on line 17
[02-Jul-2025 07:00:55 UTC] PHP Warning:  Undefined variable $num in /wordpress/wp-content/plugins/zipzap/zipzap.php on line 11
[02-Jul-2025 07:00:55 UTC] PHP Warning:  Undefined variable $num in /wordpress/wp-content/plugins/zipzap/zipzap.php on line 12
[02-Jul-2025 07:00:55 UTC] PHP Warning:  Undefined variable $num in /wordpress/wp-content/plugins/zipzap/zipzap.php on line 13
[02-Jul-2025 07:00:55 UTC] PHP Warning:  Undefined variable $num in /wordpress/wp-content/plugins/zipzap/zipzap.php on line 14
[02-Jul-2025 07:00:55 UTC] PHP Warning:  Undefined variable $num in /wordpress/wp-content/plugins/zipzap/zipzap.php on line 15
[02-Jul-2025 07:00:55 UTC] PHP Warning:  Undefined variable $num in /wordpress/wp-content/plugins/zipzap/zipzap.php on line 16
[02-Jul-2025 07:00:55 UTC] PHP Warning:  Undefined variable $num in /wordpress/wp-content/plugins/zipzap/zipzap.php on line 17
[02-Jul-2025 07:00:56 UTC] PHP Warning:  Undefined variable $num in /wordpress/wp-content/plugins/zipzap/zipzap.php on line 11
[02-Jul-2025 07:00:56 UTC] PHP Warning:  Undefined variable $num in /wordpress/wp-content/plugins/zipzap/zipzap.php on line 12
[02-Jul-2025 07:00:56 UTC] PHP Warning:  Undefined variable $num in /wordpress/wp-content/plugins/zipzap/zipzap.php on line 13
[02-Jul-2025 07:00:56 UTC] PHP Warning:  Undefined variable $num in /wordpress/wp-content/plugins/zipzap/zipzap.php on line 14
[02-Jul-2025 07:00:56 UTC] PHP Warning:  Undefined variable $num in /wordpress/wp-content/plugins/zipzap/zipzap.php on line 15
[02-Jul-2025 07:00:56 UTC] PHP Warning:  Undefined variable $num in /wordpress/wp-content/plugins/zipzap/zipzap.php on line 16
[02-Jul-2025 07:00:56 UTC] PHP Warning:  Undefined variable $num in /wordpress/wp-content/plugins/zipzap/zipzap.php on line 17
[02-Jul-2025 07:01:06 UTC] PHP Warning:  Undefined variable $tuning in /wordpress/wp-content/plugins/zmseo/zmseo.php on line 48
[02-Jul-2025 07:01:06 UTC] PHP Warning:  Trying to access array offset on value of type null in /wordpress/wp-content/plugins/zmseo/zmseo.php on line 48
[02-Jul-2025 07:01:16 UTC] PHP Warning:  Undefined variable $tuning in /wordpress/wp-content/plugins/zmseo/zmseo.php on line 48
[02-Jul-2025 07:01:16 UTC] PHP Warning:  Trying to access array offset on value of type null in /wordpress/wp-content/plugins/zmseo/zmseo.php on line 48
[02-Jul-2025 07:01:26 UTC] PHP Warning:  Undefined variable $tuning in /wordpress/wp-content/plugins/zmseo/zmseo.php on line 48
[02-Jul-2025 07:01:26 UTC] PHP Warning:  Trying to access array offset on value of type null in /wordpress/wp-content/plugins/zmseo/zmseo.php on line 48
[02-Jul-2025 07:01:36 UTC] WordPress database error <div style="clear:both">&nbsp;</div>
<div class="queries" style="clear:both;margin-bottom:2px;border:red dotted thin;">
<p>MySQL query:</p>
<p>ALTER table zcf_zohocrmform_field_manager MODIFY module_type varchar(255),MODIFY base_model varchar(255),MODIFY field_label varchar(255),MODIFY field_name varchar(255)</p>
<p>Queries made or created this session were:</p>
<ol>
<li>Executing: BEGIN IMMEDIATE | (no parameters)</li>
<li>Executing: SELECT 1 FROM sqlite_temp_schema WHERE type = 'table' AND name = ? | parameters: zcf_zohocrmform_field_manager</li>
<li>Executing: SELECT
					COLUMN_NAME,
					LOWER(COLUMN_NAME) AS COLUMN_NAME_LOWERCASE
				FROM `_wp_sqlite_mysql_information_schema_columns` WHERE table_schema = ? AND table_name = ? | parameters: database_name_here, zcf_zohocrmform_field_manager</li>
<li>Executing: SELECT 1 FROM sqlite_temp_schema WHERE type = 'table' AND name = ? | parameters: zcf_zohocrmform_field_manager</li>
<li>Executing: UPDATE `_wp_sqlite_mysql_information_schema_columns` SET `table_schema` = ?, `table_name` = ?, `column_name` = ?, `column_default` = ?, `is_nullable` = ?, `data_type` = ?, `character_maximum_length` = ?, `character_octet_length` = ?, `numeric_precision` = ?, `numeric_scale` = ?, `datetime_precision` = ?, `character_set_name` = ?, `collation_name` = ?, `column_type` = ?, `column_key` = ?, `extra` = ?, `privileges` = ?, `column_comment` = ?, `generation_expression` = ?, `srs_id` = ? WHERE `table_schema` = ? AND `table_name` = ? AND `column_name` = ? | parameters: database_name_here, zcf_zohocrmform_field_manager, module_type, , YES, varchar, 255, 1020, , , , utf8mb4, utf8mb4_general_ci, varchar(255), , , select,insert,update,references, , , , database_name_here, zcf_zohocrmform_field_manager, module_type</li>
<li>Executing: UPDATE `_wp_sqlite_mysql_information_schema_columns` SET `table_schema` = ?, `table_name` = ?, `column_name` = ?, `column_default` = ?, `is_nullable` = ?, `data_type` = ?, `character_maximum_length` = ?, `character_octet_length` = ?, `numeric_precision` = ?, `numeric_scale` = ?, `datetime_precision` = ?, `character_set_name` = ?, `collation_name` = ?, `column_type` = ?, `column_key` = ?, `extra` = ?, `privileges` = ?, `column_comment` = ?, `generation_expression` = ?, `srs_id` = ? WHERE `table_schema` = ? AND `table_name` = ? AND `column_name` = ? | parameters: database_name_here, zcf_zohocrmform_field_manager, base_model, , YES, varchar, 255, 1020, , , , utf8mb4, utf8mb4_general_ci, varchar(255), , , select,insert,update,references, , , , database_name_here, zcf_zohocrmform_field_manager, base_model</li>
<li>Executing: UPDATE `_wp_sqlite_mysql_information_schema_columns` SET `table_schema` = ?, `table_name` = ?, `column_name` = ?, `column_default` = ?, `is_nullable` = ?, `data_type` = ?, `character_maximum_length` = ?, `character_octet_length` = ?, `numeric_precision` = ?, `numeric_scale` = ?, `datetime_precision` = ?, `character_set_name` = ?, `collation_name` = ?, `column_type` = ?, `column_key` = ?, `extra` = ?, `privileges` = ?, `column_comment` = ?, `generation_expression` = ?, `srs_id` = ? WHERE `table_schema` = ? AND `table_name` = ? AND `column_name` = ? | parameters: database_name_here, zcf_zohocrmform_field_manager, field_label, , YES, varchar, 255, 1020, , , , utf8mb4, utf8mb4_general_ci, varchar(255), , , select,insert,update,references, , , , database_name_here, zcf_zohocrmform_field_manager, field_label</li>
<li>Executing: UPDATE `_wp_sqlite_mysql_information_schema_columns` SET `table_schema` = ?, `table_name` = ?, `column_name` = ?, `column_default` = ?, `is_nullable` = ?, `data_type` = ?, `character_maximum_length` = ?, `character_octet_length` = ?, `numeric_precision` = ?, `numeric_scale` = ?, `datetime_precision` = ?, `character_set_name` = ?, `collation_name` = ?, `column_type` = ?, `column_key` = ?, `extra` = ?, `privileges` = ?, `column_comment` = ?, `generation_expression` = ?, `srs_id` = ? WHERE `table_schema` = ? AND `table_name` = ? AND `column_name` = ? | parameters: database_name_here, zcf_zohocrmform_field_manager, field_name, , YES, varchar, 255, 1020, , , , utf8mb4, utf8mb4_general_ci, varchar(255), , , select,insert,update,references, , , , database_name_here, zcf_zohocrmform_field_manager, field_name</li>
<li>Executing: PRAGMA foreign_keys | (no parameters)</li>
<li>Executing: PRAGMA foreign_keys = OFF | (no parameters)</li>
<li>Executing: 
				SELECT *
				FROM `_wp_sqlite_mysql_information_schema_tables`
				WHERE table_type = 'BASE TABLE'
				AND table_schema = ?
				AND table_name = ?
			 | parameters: database_name_here, zcf_zohocrmform_field_manager</li>
<li>Executing: ROLLBACK | (no parameters)</li>
</ol>
</div>
<div style="clear:both;margin-bottom:2px;border:red dotted thin;" class="error_message" style="border-bottom:dotted blue thin;">
Table 'zcf_zohocrmform_field_manager' doesn't exist
</div>
<p>Backtrace:</p>
<pre>#0 /internal/shared/sqlite-database-integration/wp-includes/sqlite-ast/class-wp-sqlite-driver.php(3276): WP_SQLite_Driver->new_driver_exception('Table 'zcf_zoho...', '42S02')
#1 /internal/shared/sqlite-database-integration/wp-includes/sqlite-ast/class-wp-sqlite-driver.php(2859): WP_SQLite_Driver->get_sqlite_create_table_statement(false, 'zcf_zohocrmform...', '_wp_sqlite_tmp_...')
#2 /internal/shared/sqlite-database-integration/wp-includes/sqlite-ast/class-wp-sqlite-driver.php(1380): WP_SQLite_Driver->recreate_table_from_information_schema(false, 'zcf_zohocrmform...', Array)
#3 /internal/shared/sqlite-database-integration/wp-includes/sqlite-ast/class-wp-sqlite-driver.php(896): WP_SQLite_Driver->execute_alter_table_statement(Object(WP_Parser_Node))
#4 /internal/shared/sqlite-database-integration/wp-includes/sqlite-ast/class-wp-sqlite-driver.php(669): WP_SQLite_Driver->execute_mysql_query(Object(WP_Parser_Node))
#5 /internal/shared/sqlite-database-integration/wp-includes/sqlite/class-wp-sqlite-db.php(491): WP_SQLite_Driver->query('ALTER table zcf...')
#6 /internal/shared/sqlite-database-integration/wp-includes/sqlite/class-wp-sqlite-db.php(432): WP_SQLite_DB->_do_query('ALTER table zcf...')
#7 /wordpress/wp-content/plugins/zoho-crm-forms/includes/crmwebformshelper.php(107): WP_SQLite_DB->query('ALTER table zcf...')
#8 /wordpress/wp-content/plugins/zoho-crm-forms/includes/crmwebformshelper.php(33): zcfmaincorehelpers::zcf_createTableMigration()
#9 /wordpress/wp-content/plugins/zoho-crm-forms/includes/crmcontactformgenerator.php(15): zcfmaincorehelpers->__construct()
#10 /wordpress/wp-content/plugins/zoho-crm-forms/index.php(35): require_once('/wordpress/wp-c...')
#11 /wordpress/wp-admin/includes/plugin.php(2387): include_once('/wordpress/wp-c...')
#12 /wordpress/wp-admin/includes/plugin.php(673): plugin_sandbox_scrape('zoho-crm-forms/...')
#13 /internal/eval.php(20): activate_plugin('zoho-crm-forms/...')
#14 {main}</pre>
 for query ALTER table zcf_zohocrmform_field_manager MODIFY module_type varchar(255),MODIFY base_model varchar(255),MODIFY field_label varchar(255),MODIFY field_name varchar(255) made by activate_plugin, plugin_sandbox_scrape, include_once('/plugins/zoho-crm-forms/index.php'), require_once('/plugins/zoho-crm-forms/includes/crmcontactformgenerator.php'), zcfmaincorehelpers->__construct, zcfmaincorehelpers::zcf_createTableMigration, WP_SQLite_DB->query, WP_SQLite_DB->print_error
[02-Jul-2025 07:01:36 UTC] WordPress database error <div style="clear:both">&nbsp;</div>
<div class="queries" style="clear:both;margin-bottom:2px;border:red dotted thin;">
<p>MySQL query:</p>
<p>ALTER table zcf_zohocrmform_field_manager MODIFY module_type varchar(255),MODIFY base_model varchar(255),MODIFY field_label varchar(255),MODIFY field_name varchar(255)</p>
<p>Queries made or created this session were:</p>
<ol>
<li>Executing: BEGIN IMMEDIATE | (no parameters)</li>
<li>Executing: SELECT 1 FROM sqlite_temp_schema WHERE type = 'table' AND name = ? | parameters: zcf_zohocrmform_field_manager</li>
<li>Executing: SELECT
					COLUMN_NAME,
					LOWER(COLUMN_NAME) AS COLUMN_NAME_LOWERCASE
				FROM `_wp_sqlite_mysql_information_schema_columns` WHERE table_schema = ? AND table_name = ? | parameters: database_name_here, zcf_zohocrmform_field_manager</li>
<li>Executing: SELECT 1 FROM sqlite_temp_schema WHERE type = 'table' AND name = ? | parameters: zcf_zohocrmform_field_manager</li>
<li>Executing: UPDATE `_wp_sqlite_mysql_information_schema_columns` SET `table_schema` = ?, `table_name` = ?, `column_name` = ?, `column_default` = ?, `is_nullable` = ?, `data_type` = ?, `character_maximum_length` = ?, `character_octet_length` = ?, `numeric_precision` = ?, `numeric_scale` = ?, `datetime_precision` = ?, `character_set_name` = ?, `collation_name` = ?, `column_type` = ?, `column_key` = ?, `extra` = ?, `privileges` = ?, `column_comment` = ?, `generation_expression` = ?, `srs_id` = ? WHERE `table_schema` = ? AND `table_name` = ? AND `column_name` = ? | parameters: database_name_here, zcf_zohocrmform_field_manager, module_type, , YES, varchar, 255, 1020, , , , utf8mb4, utf8mb4_general_ci, varchar(255), , , select,insert,update,references, , , , database_name_here, zcf_zohocrmform_field_manager, module_type</li>
<li>Executing: UPDATE `_wp_sqlite_mysql_information_schema_columns` SET `table_schema` = ?, `table_name` = ?, `column_name` = ?, `column_default` = ?, `is_nullable` = ?, `data_type` = ?, `character_maximum_length` = ?, `character_octet_length` = ?, `numeric_precision` = ?, `numeric_scale` = ?, `datetime_precision` = ?, `character_set_name` = ?, `collation_name` = ?, `column_type` = ?, `column_key` = ?, `extra` = ?, `privileges` = ?, `column_comment` = ?, `generation_expression` = ?, `srs_id` = ? WHERE `table_schema` = ? AND `table_name` = ? AND `column_name` = ? | parameters: database_name_here, zcf_zohocrmform_field_manager, base_model, , YES, varchar, 255, 1020, , , , utf8mb4, utf8mb4_general_ci, varchar(255), , , select,insert,update,references, , , , database_name_here, zcf_zohocrmform_field_manager, base_model</li>
<li>Executing: UPDATE `_wp_sqlite_mysql_information_schema_columns` SET `table_schema` = ?, `table_name` = ?, `column_name` = ?, `column_default` = ?, `is_nullable` = ?, `data_type` = ?, `character_maximum_length` = ?, `character_octet_length` = ?, `numeric_precision` = ?, `numeric_scale` = ?, `datetime_precision` = ?, `character_set_name` = ?, `collation_name` = ?, `column_type` = ?, `column_key` = ?, `extra` = ?, `privileges` = ?, `column_comment` = ?, `generation_expression` = ?, `srs_id` = ? WHERE `table_schema` = ? AND `table_name` = ? AND `column_name` = ? | parameters: database_name_here, zcf_zohocrmform_field_manager, field_label, , YES, varchar, 255, 1020, , , , utf8mb4, utf8mb4_general_ci, varchar(255), , , select,insert,update,references, , , , database_name_here, zcf_zohocrmform_field_manager, field_label</li>
<li>Executing: UPDATE `_wp_sqlite_mysql_information_schema_columns` SET `table_schema` = ?, `table_name` = ?, `column_name` = ?, `column_default` = ?, `is_nullable` = ?, `data_type` = ?, `character_maximum_length` = ?, `character_octet_length` = ?, `numeric_precision` = ?, `numeric_scale` = ?, `datetime_precision` = ?, `character_set_name` = ?, `collation_name` = ?, `column_type` = ?, `column_key` = ?, `extra` = ?, `privileges` = ?, `column_comment` = ?, `generation_expression` = ?, `srs_id` = ? WHERE `table_schema` = ? AND `table_name` = ? AND `column_name` = ? | parameters: database_name_here, zcf_zohocrmform_field_manager, field_name, , YES, varchar, 255, 1020, , , , utf8mb4, utf8mb4_general_ci, varchar(255), , , select,insert,update,references, , , , database_name_here, zcf_zohocrmform_field_manager, field_name</li>
<li>Executing: PRAGMA foreign_keys | (no parameters)</li>
<li>Executing: PRAGMA foreign_keys = OFF | (no parameters)</li>
<li>Executing: 
				SELECT *
				FROM `_wp_sqlite_mysql_information_schema_tables`
				WHERE table_type = 'BASE TABLE'
				AND table_schema = ?
				AND table_name = ?
			 | parameters: database_name_here, zcf_zohocrmform_field_manager</li>
<li>Executing: ROLLBACK | (no parameters)</li>
</ol>
</div>
<div style="clear:both;margin-bottom:2px;border:red dotted thin;" class="error_message" style="border-bottom:dotted blue thin;">
Table 'zcf_zohocrmform_field_manager' doesn't exist
</div>
<p>Backtrace:</p>
<pre>#0 /internal/shared/sqlite-database-integration/wp-includes/sqlite-ast/class-wp-sqlite-driver.php(3276): WP_SQLite_Driver->new_driver_exception('Table 'zcf_zoho...', '42S02')
#1 /internal/shared/sqlite-database-integration/wp-includes/sqlite-ast/class-wp-sqlite-driver.php(2859): WP_SQLite_Driver->get_sqlite_create_table_statement(false, 'zcf_zohocrmform...', '_wp_sqlite_tmp_...')
#2 /internal/shared/sqlite-database-integration/wp-includes/sqlite-ast/class-wp-sqlite-driver.php(1380): WP_SQLite_Driver->recreate_table_from_information_schema(false, 'zcf_zohocrmform...', Array)
#3 /internal/shared/sqlite-database-integration/wp-includes/sqlite-ast/class-wp-sqlite-driver.php(896): WP_SQLite_Driver->execute_alter_table_statement(Object(WP_Parser_Node))
#4 /internal/shared/sqlite-database-integration/wp-includes/sqlite-ast/class-wp-sqlite-driver.php(669): WP_SQLite_Driver->execute_mysql_query(Object(WP_Parser_Node))
#5 /internal/shared/sqlite-database-integration/wp-includes/sqlite/class-wp-sqlite-db.php(491): WP_SQLite_Driver->query('ALTER table zcf...')
#6 /internal/shared/sqlite-database-integration/wp-includes/sqlite/class-wp-sqlite-db.php(432): WP_SQLite_DB->_do_query('ALTER table zcf...')
#7 /wordpress/wp-content/plugins/zoho-crm-forms/includes/crmwebformshelper.php(107): WP_SQLite_DB->query('ALTER table zcf...')
#8 /wordpress/wp-content/plugins/zoho-crm-forms/includes/crmwebformshelper.php(33): zcfmaincorehelpers::zcf_createTableMigration()
#9 /wordpress/wp-content/plugins/zoho-crm-forms/includes/crmwebformshelper.php(37): zcfmaincorehelpers->__construct()
#10 /wordpress/wp-includes/class-wp-hook.php(324): zcfmaincorehelpers::activate(false)
#11 /wordpress/wp-includes/class-wp-hook.php(348): WP_Hook->apply_filters('', Array)
#12 /wordpress/wp-includes/plugin.php(517): WP_Hook->do_action(Array)
#13 /wordpress/wp-admin/includes/plugin.php(703): do_action('activate_zoho-c...', false)
#14 /internal/eval.php(20): activate_plugin('zoho-crm-forms/...')
#15 {main}</pre>
 for query ALTER table zcf_zohocrmform_field_manager MODIFY module_type varchar(255),MODIFY base_model varchar(255),MODIFY field_label varchar(255),MODIFY field_name varchar(255) made by activate_plugin, do_action('activate_zoho-crm-forms/index.php'), WP_Hook->do_action, WP_Hook->apply_filters, zcfmaincorehelpers::activate, zcfmaincorehelpers->__construct, zcfmaincorehelpers::zcf_createTableMigration, WP_SQLite_DB->query, WP_SQLite_DB->print_error
[02-Jul-2025 07:01:36 UTC] WordPress database error <div style="clear:both">&nbsp;</div>
<div class="queries" style="clear:both;margin-bottom:2px;border:red dotted thin;">
<p>MySQL query:</p>
<p>ALTER table zcf_contactformrelation (ADD crmformsshortcodename varchar(50),crmformsfieldid int(20) DEFAULT NULL,crmformsfieldslable varchar(30) NOT NULL,thirdpartypluginname varchar(30) NOT NULL,thirdpartyformid int(50) DEFAULT NULL,thirdpartyfieldids varchar(50) DEFAULT NULL</p>
<p>Queries made or created this session were:</p>
<ol>
</ol>
</div>
<div style="clear:both;margin-bottom:2px;border:red dotted thin;" class="error_message" style="border-bottom:dotted blue thin;">
Failed to parse the MySQL query.
</div>
<p>Backtrace:</p>
<pre>#0 /internal/shared/sqlite-database-integration/wp-includes/sqlite-ast/class-wp-sqlite-driver.php(606): WP_SQLite_Driver->new_driver_exception('Failed to parse...')
#1 /internal/shared/sqlite-database-integration/wp-includes/sqlite/class-wp-sqlite-db.php(491): WP_SQLite_Driver->query('ALTER table zcf...')
#2 /internal/shared/sqlite-database-integration/wp-includes/sqlite/class-wp-sqlite-db.php(432): WP_SQLite_DB->_do_query('ALTER table zcf...')
#3 /wordpress/wp-content/plugins/zoho-crm-forms/includes/crmwebformshelper.php(223): WP_SQLite_DB->query('ALTER table zcf...')
#4 /wordpress/wp-content/plugins/zoho-crm-forms/includes/crmwebformshelper.php(38): zcfmaincorehelpers::zcf_migration()
#5 /wordpress/wp-includes/class-wp-hook.php(324): zcfmaincorehelpers::activate(false)
#6 /wordpress/wp-includes/class-wp-hook.php(348): WP_Hook->apply_filters('', Array)
#7 /wordpress/wp-includes/plugin.php(517): WP_Hook->do_action(Array)
#8 /wordpress/wp-admin/includes/plugin.php(703): do_action('activate_zoho-c...', false)
#9 /internal/eval.php(20): activate_plugin('zoho-crm-forms/...')
#10 {main}</pre>
 for query ALTER table zcf_contactformrelation (ADD crmformsshortcodename varchar(50),crmformsfieldid int(20) DEFAULT NULL,crmformsfieldslable varchar(30) NOT NULL,thirdpartypluginname varchar(30) NOT NULL,thirdpartyformid int(50) DEFAULT NULL,thirdpartyfieldids varchar(50) DEFAULT NULL made by activate_plugin, do_action('activate_zoho-crm-forms/index.php'), WP_Hook->do_action, WP_Hook->apply_filters, zcfmaincorehelpers::activate, zcfmaincorehelpers::zcf_migration, WP_SQLite_DB->query, WP_SQLite_DB->print_error
[02-Jul-2025 07:01:36 UTC] PHP Warning:  Undefined variable $firstplugin in /wordpress/wp-content/plugins/zoho-crm-forms/includes/crmwebformshelper.php on line 52
[02-Jul-2025 07:01:37 UTC] WordPress database error <div style="clear:both">&nbsp;</div>
<div class="queries" style="clear:both;margin-bottom:2px;border:red dotted thin;">
<p>MySQL query:</p>
<p>ALTER table zcf_zohoshortcode_manager ADD Round_Robin varchar(50)</p>
<p>Queries made or created this session were:</p>
<ol>
<li>Executing: BEGIN IMMEDIATE | (no parameters)</li>
<li>Executing: SELECT 1 FROM sqlite_temp_schema WHERE type = 'table' AND name = ? | parameters: zcf_zohoshortcode_manager</li>
<li>Executing: SELECT
					COLUMN_NAME,
					LOWER(COLUMN_NAME) AS COLUMN_NAME_LOWERCASE
				FROM `_wp_sqlite_mysql_information_schema_columns` WHERE table_schema = ? AND table_name = ? | parameters: database_name_here, zcf_zohoshortcode_manager</li>
<li>Executing: SELECT 1 FROM sqlite_temp_schema WHERE type = 'table' AND name = ? | parameters: zcf_zohoshortcode_manager</li>
<li>Executing: 
				SELECT MAX(ordinal_position)
				FROM `_wp_sqlite_mysql_information_schema_columns`
				WHERE table_schema = ?
				AND table_name = ?
			 | parameters: database_name_here, zcf_zohoshortcode_manager</li>
<li>Executing: INSERT INTO `_wp_sqlite_mysql_information_schema_columns` (`table_schema`, `table_name`, `column_name`, `ordinal_position`, `column_default`, `is_nullable`, `data_type`, `character_maximum_length`, `character_octet_length`, `numeric_precision`, `numeric_scale`, `datetime_precision`, `character_set_name`, `collation_name`, `column_type`, `column_key`, `extra`, `privileges`, `column_comment`, `generation_expression`, `srs_id`) VALUES (?, ?, ?, ?, ?, ?, ?, ?, ?, ?, ?, ?, ?, ?, ?, ?, ?, ?, ?, ?, ?) | parameters: database_name_here, zcf_zohoshortcode_manager, Round_Robin, 24, , YES, varchar, 50, 200, , , , utf8mb4, utf8mb4_general_ci, varchar(50), , , select,insert,update,references, , , </li>
<li>Executing: PRAGMA foreign_keys | (no parameters)</li>
<li>Executing: PRAGMA foreign_keys = OFF | (no parameters)</li>
<li>Executing: 
				SELECT *
				FROM `_wp_sqlite_mysql_information_schema_tables`
				WHERE table_type = 'BASE TABLE'
				AND table_schema = ?
				AND table_name = ?
			 | parameters: database_name_here, zcf_zohoshortcode_manager</li>
<li>Executing: SELECT * FROM `_wp_sqlite_mysql_information_schema_columns` WHERE table_schema = ? AND table_name = ? ORDER BY ordinal_position | parameters: database_name_here, zcf_zohoshortcode_manager</li>
<li>Executing: 
					SELECT *
					FROM `_wp_sqlite_mysql_information_schema_statistics`
					WHERE table_schema = ?
					AND table_name = ?
					ORDER BY
						INDEX_NAME = 'PRIMARY' DESC,
						NON_UNIQUE = '0' DESC,
						INDEX_TYPE = 'SPATIAL' DESC,
						INDEX_TYPE = 'BTREE' DESC,
						INDEX_TYPE = 'FULLTEXT' DESC,
						ROWID,
						SEQ_IN_INDEX
				 | parameters: database_name_here, zcf_zohoshortcode_manager</li>
<li>Executing: CREATE TABLE `_wp_sqlite_tmp_zcf_zohoshortcode_manager_6864d9514b708` (
  `shortcode_id` INTEGER NOT NULL PRIMARY KEY AUTOINCREMENT,
  `shortcode_name` TEXT COLLATE NOCASE NOT NULL,
  `old_shortcode_name` TEXT COLLATE NOCASE,
  `form_type` TEXT COLLATE NOCASE NOT NULL,
  `assigned_to` TEXT COLLATE NOCASE NOT NULL,
  `error_message` TEXT COLLATE NOCASE NOT NULL,
  `success_message` TEXT COLLATE NOCASE NOT NULL,
  `submit_count` INTEGER NOT NULL DEFAULT '0',
  `success_count` INTEGER NOT NULL DEFAULT '0',
  `failure_count` INTEGER NOT NULL DEFAULT '0',
  `is_redirection` INTEGER NOT NULL,
  `url_redirection` TEXT COLLATE NOCASE NOT NULL,
  `duplicate_handling` TEXT COLLATE NOCASE NOT NULL DEFAULT 'none',
  `google_captcha` INTEGER NOT NULL,
  `module` TEXT COLLATE NOCASE NOT NULL,
  `Round_Robin` TEXT COLLATE NOCASE NOT NULL,
  `crm_type` TEXT COLLATE NOCASE NOT NULL,
  `Layout_Name` TEXT COLLATE NOCASE NOT NULL,
  `form_name` TEXT COLLATE NOCASE NOT NULL,
  `layoutId` TEXT COLLATE NOCASE NOT NULL,
  `assignmentrule_ID` TEXT COLLATE NOCASE NOT NULL,
  `assignmentrule_enable` TEXT COLLATE NOCASE NOT NULL DEFAULT '0',
  `thirtparty_enable` TEXT COLLATE NOCASE DEFAULT '0',
  `Round_Robin` TEXT COLLATE NOCASE
) STRICT | (no parameters)</li>
<li>Executing: ROLLBACK | (no parameters)</li>
</ol>
</div>
<div style="clear:both;margin-bottom:2px;border:red dotted thin;" class="error_message" style="border-bottom:dotted blue thin;">
SQLSTATE[HY000]: General error: 1 duplicate column name: Round_Robin
</div>
<p>Backtrace:</p>
<pre>#0 /internal/shared/sqlite-database-integration/wp-includes/sqlite-ast/class-wp-sqlite-driver.php(683): WP_SQLite_Driver->new_driver_exception('SQLSTATE[HY000]...', 'HY000', Object(PDOException))
#1 /internal/shared/sqlite-database-integration/wp-includes/sqlite/class-wp-sqlite-db.php(491): WP_SQLite_Driver->query('ALTER table zcf...')
#2 /internal/shared/sqlite-database-integration/wp-includes/sqlite/class-wp-sqlite-db.php(432): WP_SQLite_DB->_do_query('ALTER table zcf...')
#3 /wordpress/wp-content/plugins/zoho-crm-forms/includes/crmwebformshelper.php(228): WP_SQLite_DB->query('ALTER table zcf...')
#4 /wordpress/wp-content/plugins/zoho-crm-forms/includes/crmwebformshelper.php(92): zcfmaincorehelpers::zcf_altershortcodetable()
#5 /wordpress/wp-content/plugins/zoho-crm-forms/includes/crmwebformshelper.php(55): zcfmaincorehelpers::zcf_checkVersion()
#6 /wordpress/wp-includes/class-wp-hook.php(324): zcfmaincorehelpers::activate(false)
#7 /wordpress/wp-includes/class-wp-hook.php(348): WP_Hook->apply_filters('', Array)
#8 /wordpress/wp-includes/plugin.php(517): WP_Hook->do_action(Array)
#9 /wordpress/wp-admin/includes/plugin.php(703): do_action('activate_zoho-c...', false)
#10 /internal/eval.php(20): activate_plugin('zoho-crm-forms/...')
#11 {main}</pre>
 for query ALTER table zcf_zohoshortcode_manager ADD Round_Robin varchar(50) made by activate_plugin, do_action('activate_zoho-crm-forms/index.php'), WP_Hook->do_action, WP_Hook->apply_filters, zcfmaincorehelpers::activate, zcfmaincorehelpers::zcf_checkVersion, zcfmaincorehelpers::zcf_altershortcodetable, WP_SQLite_DB->query, WP_SQLite_DB->print_error
[02-Jul-2025 07:01:37 UTC] WordPress database error <div style="clear:both">&nbsp;</div>
<div class="queries" style="clear:both;margin-bottom:2px;border:red dotted thin;">
<p>MySQL query:</p>
<p>ALTER table zcf_zohoshortcode_manager ADD Round_Robin varchar(50)</p>
<p>Queries made or created this session were:</p>
<ol>
<li>Executing: BEGIN IMMEDIATE | (no parameters)</li>
<li>Executing: SELECT 1 FROM sqlite_temp_schema WHERE type = 'table' AND name = ? | parameters: zcf_zohoshortcode_manager</li>
<li>Executing: SELECT
					COLUMN_NAME,
					LOWER(COLUMN_NAME) AS COLUMN_NAME_LOWERCASE
				FROM `_wp_sqlite_mysql_information_schema_columns` WHERE table_schema = ? AND table_name = ? | parameters: database_name_here, zcf_zohoshortcode_manager</li>
<li>Executing: SELECT 1 FROM sqlite_temp_schema WHERE type = 'table' AND name = ? | parameters: zcf_zohoshortcode_manager</li>
<li>Executing: 
				SELECT MAX(ordinal_position)
				FROM `_wp_sqlite_mysql_information_schema_columns`
				WHERE table_schema = ?
				AND table_name = ?
			 | parameters: database_name_here, zcf_zohoshortcode_manager</li>
<li>Executing: INSERT INTO `_wp_sqlite_mysql_information_schema_columns` (`table_schema`, `table_name`, `column_name`, `ordinal_position`, `column_default`, `is_nullable`, `data_type`, `character_maximum_length`, `character_octet_length`, `numeric_precision`, `numeric_scale`, `datetime_precision`, `character_set_name`, `collation_name`, `column_type`, `column_key`, `extra`, `privileges`, `column_comment`, `generation_expression`, `srs_id`) VALUES (?, ?, ?, ?, ?, ?, ?, ?, ?, ?, ?, ?, ?, ?, ?, ?, ?, ?, ?, ?, ?) | parameters: database_name_here, zcf_zohoshortcode_manager, Round_Robin, 24, , YES, varchar, 50, 200, , , , utf8mb4, utf8mb4_general_ci, varchar(50), , , select,insert,update,references, , , </li>
<li>Executing: PRAGMA foreign_keys | (no parameters)</li>
<li>Executing: PRAGMA foreign_keys = OFF | (no parameters)</li>
<li>Executing: 
				SELECT *
				FROM `_wp_sqlite_mysql_information_schema_tables`
				WHERE table_type = 'BASE TABLE'
				AND table_schema = ?
				AND table_name = ?
			 | parameters: database_name_here, zcf_zohoshortcode_manager</li>
<li>Executing: SELECT * FROM `_wp_sqlite_mysql_information_schema_columns` WHERE table_schema = ? AND table_name = ? ORDER BY ordinal_position | parameters: database_name_here, zcf_zohoshortcode_manager</li>
<li>Executing: 
					SELECT *
					FROM `_wp_sqlite_mysql_information_schema_statistics`
					WHERE table_schema = ?
					AND table_name = ?
					ORDER BY
						INDEX_NAME = 'PRIMARY' DESC,
						NON_UNIQUE = '0' DESC,
						INDEX_TYPE = 'SPATIAL' DESC,
						INDEX_TYPE = 'BTREE' DESC,
						INDEX_TYPE = 'FULLTEXT' DESC,
						ROWID,
						SEQ_IN_INDEX
				 | parameters: database_name_here, zcf_zohoshortcode_manager</li>
<li>Executing: CREATE TABLE `_wp_sqlite_tmp_zcf_zohoshortcode_manager_6864d9514e9d0` (
  `shortcode_id` INTEGER NOT NULL PRIMARY KEY AUTOINCREMENT,
  `shortcode_name` TEXT COLLATE NOCASE NOT NULL,
  `old_shortcode_name` TEXT COLLATE NOCASE,
  `form_type` TEXT COLLATE NOCASE NOT NULL,
  `assigned_to` TEXT COLLATE NOCASE NOT NULL,
  `error_message` TEXT COLLATE NOCASE NOT NULL,
  `success_message` TEXT COLLATE NOCASE NOT NULL,
  `submit_count` INTEGER NOT NULL DEFAULT '0',
  `success_count` INTEGER NOT NULL DEFAULT '0',
  `failure_count` INTEGER NOT NULL DEFAULT '0',
  `is_redirection` INTEGER NOT NULL,
  `url_redirection` TEXT COLLATE NOCASE NOT NULL,
  `duplicate_handling` TEXT COLLATE NOCASE NOT NULL DEFAULT 'none',
  `google_captcha` INTEGER NOT NULL,
  `module` TEXT COLLATE NOCASE NOT NULL,
  `Round_Robin` TEXT COLLATE NOCASE NOT NULL,
  `crm_type` TEXT COLLATE NOCASE NOT NULL,
  `Layout_Name` TEXT COLLATE NOCASE NOT NULL,
  `form_name` TEXT COLLATE NOCASE NOT NULL,
  `layoutId` TEXT COLLATE NOCASE NOT NULL,
  `assignmentrule_ID` TEXT COLLATE NOCASE NOT NULL,
  `assignmentrule_enable` TEXT COLLATE NOCASE NOT NULL DEFAULT '0',
  `thirtparty_enable` TEXT COLLATE NOCASE DEFAULT '0',
  `Round_Robin` TEXT COLLATE NOCASE
) STRICT | (no parameters)</li>
<li>Executing: ROLLBACK | (no parameters)</li>
</ol>
</div>
<div style="clear:both;margin-bottom:2px;border:red dotted thin;" class="error_message" style="border-bottom:dotted blue thin;">
SQLSTATE[HY000]: General error: 1 duplicate column name: Round_Robin
</div>
<p>Backtrace:</p>
<pre>#0 /internal/shared/sqlite-database-integration/wp-includes/sqlite-ast/class-wp-sqlite-driver.php(683): WP_SQLite_Driver->new_driver_exception('SQLSTATE[HY000]...', 'HY000', Object(PDOException))
#1 /internal/shared/sqlite-database-integration/wp-includes/sqlite/class-wp-sqlite-db.php(491): WP_SQLite_Driver->query('ALTER table zcf...')
#2 /internal/shared/sqlite-database-integration/wp-includes/sqlite/class-wp-sqlite-db.php(432): WP_SQLite_DB->_do_query('ALTER table zcf...')
#3 /wordpress/wp-content/plugins/zoho-crm-forms/includes/crmwebformshelper.php(228): WP_SQLite_DB->query('ALTER table zcf...')
#4 /wordpress/wp-content/plugins/zoho-crm-forms/includes/crmwebformshelper.php(94): zcfmaincorehelpers::zcf_altershortcodetable()
#5 /wordpress/wp-content/plugins/zoho-crm-forms/includes/crmwebformshelper.php(55): zcfmaincorehelpers::zcf_checkVersion()
#6 /wordpress/wp-includes/class-wp-hook.php(324): zcfmaincorehelpers::activate(false)
#7 /wordpress/wp-includes/class-wp-hook.php(348): WP_Hook->apply_filters('', Array)
#8 /wordpress/wp-includes/plugin.php(517): WP_Hook->do_action(Array)
#9 /wordpress/wp-admin/includes/plugin.php(703): do_action('activate_zoho-c...', false)
#10 /internal/eval.php(20): activate_plugin('zoho-crm-forms/...')
#11 {main}</pre>
 for query ALTER table zcf_zohoshortcode_manager ADD Round_Robin varchar(50) made by activate_plugin, do_action('activate_zoho-crm-forms/index.php'), WP_Hook->do_action, WP_Hook->apply_filters, zcfmaincorehelpers::activate, zcfmaincorehelpers::zcf_checkVersion, zcfmaincorehelpers::zcf_altershortcodetable, WP_SQLite_DB->query, WP_SQLite_DB->print_error
[02-Jul-2025 07:01:37 UTC] WordPress database error <div style="clear:both">&nbsp;</div>
<div class="queries" style="clear:both;margin-bottom:2px;border:red dotted thin;">
<p>MySQL query:</p>
<p>ALTER table zcf_contactformrelation (ADD crmformsshortcodename varchar(50),crmformsfieldid int(20) DEFAULT NULL,crmformsfieldslable varchar(30) NOT NULL,thirdpartypluginname varchar(30) NOT NULL,thirdpartyformid int(50) DEFAULT NULL,thirdpartyfieldids varchar(50) DEFAULT NULL</p>
<p>Queries made or created this session were:</p>
<ol>
</ol>
</div>
<div style="clear:both;margin-bottom:2px;border:red dotted thin;" class="error_message" style="border-bottom:dotted blue thin;">
Failed to parse the MySQL query.
</div>
<p>Backtrace:</p>
<pre>#0 /internal/shared/sqlite-database-integration/wp-includes/sqlite-ast/class-wp-sqlite-driver.php(606): WP_SQLite_Driver->new_driver_exception('Failed to parse...')
#1 /internal/shared/sqlite-database-integration/wp-includes/sqlite/class-wp-sqlite-db.php(491): WP_SQLite_Driver->query('ALTER table zcf...')
#2 /internal/shared/sqlite-database-integration/wp-includes/sqlite/class-wp-sqlite-db.php(432): WP_SQLite_DB->_do_query('ALTER table zcf...')
#3 /wordpress/wp-content/plugins/zoho-crm-forms/includes/crmwebformshelper.php(223): WP_SQLite_DB->query('ALTER table zcf...')
#4 /wordpress/wp-content/plugins/zoho-crm-forms/includes/crmwebformshelper.php(56): zcfmaincorehelpers::zcf_migration()
#5 /wordpress/wp-includes/class-wp-hook.php(324): zcfmaincorehelpers::activate(false)
#6 /wordpress/wp-includes/class-wp-hook.php(348): WP_Hook->apply_filters('', Array)
#7 /wordpress/wp-includes/plugin.php(517): WP_Hook->do_action(Array)
#8 /wordpress/wp-admin/includes/plugin.php(703): do_action('activate_zoho-c...', false)
#9 /internal/eval.php(20): activate_plugin('zoho-crm-forms/...')
#10 {main}</pre>
 for query ALTER table zcf_contactformrelation (ADD crmformsshortcodename varchar(50),crmformsfieldid int(20) DEFAULT NULL,crmformsfieldslable varchar(30) NOT NULL,thirdpartypluginname varchar(30) NOT NULL,thirdpartyformid int(50) DEFAULT NULL,thirdpartyfieldids varchar(50) DEFAULT NULL made by activate_plugin, do_action('activate_zoho-crm-forms/index.php'), WP_Hook->do_action, WP_Hook->apply_filters, zcfmaincorehelpers::activate, zcfmaincorehelpers::zcf_migration, WP_SQLite_DB->query, WP_SQLite_DB->print_error
[02-Jul-2025 07:01:47 UTC] WordPress database error <div style="clear:both">&nbsp;</div>
<div class="queries" style="clear:both;margin-bottom:2px;border:red dotted thin;">
<p>MySQL query:</p>
<p>ALTER table zcf_zohocrmform_field_manager MODIFY module_type varchar(255),MODIFY base_model varchar(255),MODIFY field_label varchar(255),MODIFY field_name varchar(255)</p>
<p>Queries made or created this session were:</p>
<ol>
<li>Executing: BEGIN IMMEDIATE | (no parameters)</li>
<li>Executing: SELECT 1 FROM sqlite_temp_schema WHERE type = 'table' AND name = ? | parameters: zcf_zohocrmform_field_manager</li>
<li>Executing: SELECT
					COLUMN_NAME,
					LOWER(COLUMN_NAME) AS COLUMN_NAME_LOWERCASE
				FROM `_wp_sqlite_mysql_information_schema_columns` WHERE table_schema = ? AND table_name = ? | parameters: database_name_here, zcf_zohocrmform_field_manager</li>
<li>Executing: SELECT 1 FROM sqlite_temp_schema WHERE type = 'table' AND name = ? | parameters: zcf_zohocrmform_field_manager</li>
<li>Executing: UPDATE `_wp_sqlite_mysql_information_schema_columns` SET `table_schema` = ?, `table_name` = ?, `column_name` = ?, `column_default` = ?, `is_nullable` = ?, `data_type` = ?, `character_maximum_length` = ?, `character_octet_length` = ?, `numeric_precision` = ?, `numeric_scale` = ?, `datetime_precision` = ?, `character_set_name` = ?, `collation_name` = ?, `column_type` = ?, `column_key` = ?, `extra` = ?, `privileges` = ?, `column_comment` = ?, `generation_expression` = ?, `srs_id` = ? WHERE `table_schema` = ? AND `table_name` = ? AND `column_name` = ? | parameters: database_name_here, zcf_zohocrmform_field_manager, module_type, , YES, varchar, 255, 1020, , , , utf8mb4, utf8mb4_general_ci, varchar(255), , , select,insert,update,references, , , , database_name_here, zcf_zohocrmform_field_manager, module_type</li>
<li>Executing: UPDATE `_wp_sqlite_mysql_information_schema_columns` SET `table_schema` = ?, `table_name` = ?, `column_name` = ?, `column_default` = ?, `is_nullable` = ?, `data_type` = ?, `character_maximum_length` = ?, `character_octet_length` = ?, `numeric_precision` = ?, `numeric_scale` = ?, `datetime_precision` = ?, `character_set_name` = ?, `collation_name` = ?, `column_type` = ?, `column_key` = ?, `extra` = ?, `privileges` = ?, `column_comment` = ?, `generation_expression` = ?, `srs_id` = ? WHERE `table_schema` = ? AND `table_name` = ? AND `column_name` = ? | parameters: database_name_here, zcf_zohocrmform_field_manager, base_model, , YES, varchar, 255, 1020, , , , utf8mb4, utf8mb4_general_ci, varchar(255), , , select,insert,update,references, , , , database_name_here, zcf_zohocrmform_field_manager, base_model</li>
<li>Executing: UPDATE `_wp_sqlite_mysql_information_schema_columns` SET `table_schema` = ?, `table_name` = ?, `column_name` = ?, `column_default` = ?, `is_nullable` = ?, `data_type` = ?, `character_maximum_length` = ?, `character_octet_length` = ?, `numeric_precision` = ?, `numeric_scale` = ?, `datetime_precision` = ?, `character_set_name` = ?, `collation_name` = ?, `column_type` = ?, `column_key` = ?, `extra` = ?, `privileges` = ?, `column_comment` = ?, `generation_expression` = ?, `srs_id` = ? WHERE `table_schema` = ? AND `table_name` = ? AND `column_name` = ? | parameters: database_name_here, zcf_zohocrmform_field_manager, field_label, , YES, varchar, 255, 1020, , , , utf8mb4, utf8mb4_general_ci, varchar(255), , , select,insert,update,references, , , , database_name_here, zcf_zohocrmform_field_manager, field_label</li>
<li>Executing: UPDATE `_wp_sqlite_mysql_information_schema_columns` SET `table_schema` = ?, `table_name` = ?, `column_name` = ?, `column_default` = ?, `is_nullable` = ?, `data_type` = ?, `character_maximum_length` = ?, `character_octet_length` = ?, `numeric_precision` = ?, `numeric_scale` = ?, `datetime_precision` = ?, `character_set_name` = ?, `collation_name` = ?, `column_type` = ?, `column_key` = ?, `extra` = ?, `privileges` = ?, `column_comment` = ?, `generation_expression` = ?, `srs_id` = ? WHERE `table_schema` = ? AND `table_name` = ? AND `column_name` = ? | parameters: database_name_here, zcf_zohocrmform_field_manager, field_name, , YES, varchar, 255, 1020, , , , utf8mb4, utf8mb4_general_ci, varchar(255), , , select,insert,update,references, , , , database_name_here, zcf_zohocrmform_field_manager, field_name</li>
<li>Executing: PRAGMA foreign_keys | (no parameters)</li>
<li>Executing: PRAGMA foreign_keys = OFF | (no parameters)</li>
<li>Executing: 
				SELECT *
				FROM `_wp_sqlite_mysql_information_schema_tables`
				WHERE table_type = 'BASE TABLE'
				AND table_schema = ?
				AND table_name = ?
			 | parameters: database_name_here, zcf_zohocrmform_field_manager</li>
<li>Executing: ROLLBACK | (no parameters)</li>
</ol>
</div>
<div style="clear:both;margin-bottom:2px;border:red dotted thin;" class="error_message" style="border-bottom:dotted blue thin;">
Table 'zcf_zohocrmform_field_manager' doesn't exist
</div>
<p>Backtrace:</p>
<pre>#0 /internal/shared/sqlite-database-integration/wp-includes/sqlite-ast/class-wp-sqlite-driver.php(3276): WP_SQLite_Driver->new_driver_exception('Table 'zcf_zoho...', '42S02')
#1 /internal/shared/sqlite-database-integration/wp-includes/sqlite-ast/class-wp-sqlite-driver.php(2859): WP_SQLite_Driver->get_sqlite_create_table_statement(false, 'zcf_zohocrmform...', '_wp_sqlite_tmp_...')
#2 /internal/shared/sqlite-database-integration/wp-includes/sqlite-ast/class-wp-sqlite-driver.php(1380): WP_SQLite_Driver->recreate_table_from_information_schema(false, 'zcf_zohocrmform...', Array)
#3 /internal/shared/sqlite-database-integration/wp-includes/sqlite-ast/class-wp-sqlite-driver.php(896): WP_SQLite_Driver->execute_alter_table_statement(Object(WP_Parser_Node))
#4 /internal/shared/sqlite-database-integration/wp-includes/sqlite-ast/class-wp-sqlite-driver.php(669): WP_SQLite_Driver->execute_mysql_query(Object(WP_Parser_Node))
#5 /internal/shared/sqlite-database-integration/wp-includes/sqlite/class-wp-sqlite-db.php(491): WP_SQLite_Driver->query('ALTER table zcf...')
#6 /internal/shared/sqlite-database-integration/wp-includes/sqlite/class-wp-sqlite-db.php(432): WP_SQLite_DB->_do_query('ALTER table zcf...')
#7 /wordpress/wp-content/plugins/zoho-crm-forms/includes/crmwebformshelper.php(107): WP_SQLite_DB->query('ALTER table zcf...')
#8 /wordpress/wp-content/plugins/zoho-crm-forms/includes/crmwebformshelper.php(33): zcfmaincorehelpers::zcf_createTableMigration()
#9 /wordpress/wp-content/plugins/zoho-crm-forms/includes/crmcontactformgenerator.php(15): zcfmaincorehelpers->__construct()
#10 /wordpress/wp-content/plugins/zoho-crm-forms/index.php(35): require_once('/wordpress/wp-c...')
#11 /wordpress/wp-admin/includes/plugin.php(2387): include_once('/wordpress/wp-c...')
#12 /wordpress/wp-admin/includes/plugin.php(673): plugin_sandbox_scrape('zoho-crm-forms/...')
#13 /internal/eval.php(20): activate_plugin('zoho-crm-forms/...')
#14 {main}</pre>
 for query ALTER table zcf_zohocrmform_field_manager MODIFY module_type varchar(255),MODIFY base_model varchar(255),MODIFY field_label varchar(255),MODIFY field_name varchar(255) made by activate_plugin, plugin_sandbox_scrape, include_once('/plugins/zoho-crm-forms/index.php'), require_once('/plugins/zoho-crm-forms/includes/crmcontactformgenerator.php'), zcfmaincorehelpers->__construct, zcfmaincorehelpers::zcf_createTableMigration, WP_SQLite_DB->query, WP_SQLite_DB->print_error
[02-Jul-2025 07:01:47 UTC] WordPress database error <div style="clear:both">&nbsp;</div>
<div class="queries" style="clear:both;margin-bottom:2px;border:red dotted thin;">
<p>MySQL query:</p>
<p>ALTER table zcf_zohocrmform_field_manager MODIFY module_type varchar(255),MODIFY base_model varchar(255),MODIFY field_label varchar(255),MODIFY field_name varchar(255)</p>
<p>Queries made or created this session were:</p>
<ol>
<li>Executing: BEGIN IMMEDIATE | (no parameters)</li>
<li>Executing: SELECT 1 FROM sqlite_temp_schema WHERE type = 'table' AND name = ? | parameters: zcf_zohocrmform_field_manager</li>
<li>Executing: SELECT
					COLUMN_NAME,
					LOWER(COLUMN_NAME) AS COLUMN_NAME_LOWERCASE
				FROM `_wp_sqlite_mysql_information_schema_columns` WHERE table_schema = ? AND table_name = ? | parameters: database_name_here, zcf_zohocrmform_field_manager</li>
<li>Executing: SELECT 1 FROM sqlite_temp_schema WHERE type = 'table' AND name = ? | parameters: zcf_zohocrmform_field_manager</li>
<li>Executing: UPDATE `_wp_sqlite_mysql_information_schema_columns` SET `table_schema` = ?, `table_name` = ?, `column_name` = ?, `column_default` = ?, `is_nullable` = ?, `data_type` = ?, `character_maximum_length` = ?, `character_octet_length` = ?, `numeric_precision` = ?, `numeric_scale` = ?, `datetime_precision` = ?, `character_set_name` = ?, `collation_name` = ?, `column_type` = ?, `column_key` = ?, `extra` = ?, `privileges` = ?, `column_comment` = ?, `generation_expression` = ?, `srs_id` = ? WHERE `table_schema` = ? AND `table_name` = ? AND `column_name` = ? | parameters: database_name_here, zcf_zohocrmform_field_manager, module_type, , YES, varchar, 255, 1020, , , , utf8mb4, utf8mb4_general_ci, varchar(255), , , select,insert,update,references, , , , database_name_here, zcf_zohocrmform_field_manager, module_type</li>
<li>Executing: UPDATE `_wp_sqlite_mysql_information_schema_columns` SET `table_schema` = ?, `table_name` = ?, `column_name` = ?, `column_default` = ?, `is_nullable` = ?, `data_type` = ?, `character_maximum_length` = ?, `character_octet_length` = ?, `numeric_precision` = ?, `numeric_scale` = ?, `datetime_precision` = ?, `character_set_name` = ?, `collation_name` = ?, `column_type` = ?, `column_key` = ?, `extra` = ?, `privileges` = ?, `column_comment` = ?, `generation_expression` = ?, `srs_id` = ? WHERE `table_schema` = ? AND `table_name` = ? AND `column_name` = ? | parameters: database_name_here, zcf_zohocrmform_field_manager, base_model, , YES, varchar, 255, 1020, , , , utf8mb4, utf8mb4_general_ci, varchar(255), , , select,insert,update,references, , , , database_name_here, zcf_zohocrmform_field_manager, base_model</li>
<li>Executing: UPDATE `_wp_sqlite_mysql_information_schema_columns` SET `table_schema` = ?, `table_name` = ?, `column_name` = ?, `column_default` = ?, `is_nullable` = ?, `data_type` = ?, `character_maximum_length` = ?, `character_octet_length` = ?, `numeric_precision` = ?, `numeric_scale` = ?, `datetime_precision` = ?, `character_set_name` = ?, `collation_name` = ?, `column_type` = ?, `column_key` = ?, `extra` = ?, `privileges` = ?, `column_comment` = ?, `generation_expression` = ?, `srs_id` = ? WHERE `table_schema` = ? AND `table_name` = ? AND `column_name` = ? | parameters: database_name_here, zcf_zohocrmform_field_manager, field_label, , YES, varchar, 255, 1020, , , , utf8mb4, utf8mb4_general_ci, varchar(255), , , select,insert,update,references, , , , database_name_here, zcf_zohocrmform_field_manager, field_label</li>
<li>Executing: UPDATE `_wp_sqlite_mysql_information_schema_columns` SET `table_schema` = ?, `table_name` = ?, `column_name` = ?, `column_default` = ?, `is_nullable` = ?, `data_type` = ?, `character_maximum_length` = ?, `character_octet_length` = ?, `numeric_precision` = ?, `numeric_scale` = ?, `datetime_precision` = ?, `character_set_name` = ?, `collation_name` = ?, `column_type` = ?, `column_key` = ?, `extra` = ?, `privileges` = ?, `column_comment` = ?, `generation_expression` = ?, `srs_id` = ? WHERE `table_schema` = ? AND `table_name` = ? AND `column_name` = ? | parameters: database_name_here, zcf_zohocrmform_field_manager, field_name, , YES, varchar, 255, 1020, , , , utf8mb4, utf8mb4_general_ci, varchar(255), , , select,insert,update,references, , , , database_name_here, zcf_zohocrmform_field_manager, field_name</li>
<li>Executing: PRAGMA foreign_keys | (no parameters)</li>
<li>Executing: PRAGMA foreign_keys = OFF | (no parameters)</li>
<li>Executing: 
				SELECT *
				FROM `_wp_sqlite_mysql_information_schema_tables`
				WHERE table_type = 'BASE TABLE'
				AND table_schema = ?
				AND table_name = ?
			 | parameters: database_name_here, zcf_zohocrmform_field_manager</li>
<li>Executing: ROLLBACK | (no parameters)</li>
</ol>
</div>
<div style="clear:both;margin-bottom:2px;border:red dotted thin;" class="error_message" style="border-bottom:dotted blue thin;">
Table 'zcf_zohocrmform_field_manager' doesn't exist
</div>
<p>Backtrace:</p>
<pre>#0 /internal/shared/sqlite-database-integration/wp-includes/sqlite-ast/class-wp-sqlite-driver.php(3276): WP_SQLite_Driver->new_driver_exception('Table 'zcf_zoho...', '42S02')
#1 /internal/shared/sqlite-database-integration/wp-includes/sqlite-ast/class-wp-sqlite-driver.php(2859): WP_SQLite_Driver->get_sqlite_create_table_statement(false, 'zcf_zohocrmform...', '_wp_sqlite_tmp_...')
#2 /internal/shared/sqlite-database-integration/wp-includes/sqlite-ast/class-wp-sqlite-driver.php(1380): WP_SQLite_Driver->recreate_table_from_information_schema(false, 'zcf_zohocrmform...', Array)
#3 /internal/shared/sqlite-database-integration/wp-includes/sqlite-ast/class-wp-sqlite-driver.php(896): WP_SQLite_Driver->execute_alter_table_statement(Object(WP_Parser_Node))
#4 /internal/shared/sqlite-database-integration/wp-includes/sqlite-ast/class-wp-sqlite-driver.php(669): WP_SQLite_Driver->execute_mysql_query(Object(WP_Parser_Node))
#5 /internal/shared/sqlite-database-integration/wp-includes/sqlite/class-wp-sqlite-db.php(491): WP_SQLite_Driver->query('ALTER table zcf...')
#6 /internal/shared/sqlite-database-integration/wp-includes/sqlite/class-wp-sqlite-db.php(432): WP_SQLite_DB->_do_query('ALTER table zcf...')
#7 /wordpress/wp-content/plugins/zoho-crm-forms/includes/crmwebformshelper.php(107): WP_SQLite_DB->query('ALTER table zcf...')
#8 /wordpress/wp-content/plugins/zoho-crm-forms/includes/crmwebformshelper.php(33): zcfmaincorehelpers::zcf_createTableMigration()
#9 /wordpress/wp-content/plugins/zoho-crm-forms/includes/crmwebformshelper.php(37): zcfmaincorehelpers->__construct()
#10 /wordpress/wp-includes/class-wp-hook.php(324): zcfmaincorehelpers::activate(false)
#11 /wordpress/wp-includes/class-wp-hook.php(348): WP_Hook->apply_filters('', Array)
#12 /wordpress/wp-includes/plugin.php(517): WP_Hook->do_action(Array)
#13 /wordpress/wp-admin/includes/plugin.php(703): do_action('activate_zoho-c...', false)
#14 /internal/eval.php(20): activate_plugin('zoho-crm-forms/...')
#15 {main}</pre>
 for query ALTER table zcf_zohocrmform_field_manager MODIFY module_type varchar(255),MODIFY base_model varchar(255),MODIFY field_label varchar(255),MODIFY field_name varchar(255) made by activate_plugin, do_action('activate_zoho-crm-forms/index.php'), WP_Hook->do_action, WP_Hook->apply_filters, zcfmaincorehelpers::activate, zcfmaincorehelpers->__construct, zcfmaincorehelpers::zcf_createTableMigration, WP_SQLite_DB->query, WP_SQLite_DB->print_error
[02-Jul-2025 07:01:47 UTC] WordPress database error <div style="clear:both">&nbsp;</div>
<div class="queries" style="clear:both;margin-bottom:2px;border:red dotted thin;">
<p>MySQL query:</p>
<p>ALTER table zcf_contactformrelation (ADD crmformsshortcodename varchar(50),crmformsfieldid int(20) DEFAULT NULL,crmformsfieldslable varchar(30) NOT NULL,thirdpartypluginname varchar(30) NOT NULL,thirdpartyformid int(50) DEFAULT NULL,thirdpartyfieldids varchar(50) DEFAULT NULL</p>
<p>Queries made or created this session were:</p>
<ol>
</ol>
</div>
<div style="clear:both;margin-bottom:2px;border:red dotted thin;" class="error_message" style="border-bottom:dotted blue thin;">
Failed to parse the MySQL query.
</div>
<p>Backtrace:</p>
<pre>#0 /internal/shared/sqlite-database-integration/wp-includes/sqlite-ast/class-wp-sqlite-driver.php(606): WP_SQLite_Driver->new_driver_exception('Failed to parse...')
#1 /internal/shared/sqlite-database-integration/wp-includes/sqlite/class-wp-sqlite-db.php(491): WP_SQLite_Driver->query('ALTER table zcf...')
#2 /internal/shared/sqlite-database-integration/wp-includes/sqlite/class-wp-sqlite-db.php(432): WP_SQLite_DB->_do_query('ALTER table zcf...')
#3 /wordpress/wp-content/plugins/zoho-crm-forms/includes/crmwebformshelper.php(223): WP_SQLite_DB->query('ALTER table zcf...')
#4 /wordpress/wp-content/plugins/zoho-crm-forms/includes/crmwebformshelper.php(38): zcfmaincorehelpers::zcf_migration()
#5 /wordpress/wp-includes/class-wp-hook.php(324): zcfmaincorehelpers::activate(false)
#6 /wordpress/wp-includes/class-wp-hook.php(348): WP_Hook->apply_filters('', Array)
#7 /wordpress/wp-includes/plugin.php(517): WP_Hook->do_action(Array)
#8 /wordpress/wp-admin/includes/plugin.php(703): do_action('activate_zoho-c...', false)
#9 /internal/eval.php(20): activate_plugin('zoho-crm-forms/...')
#10 {main}</pre>
 for query ALTER table zcf_contactformrelation (ADD crmformsshortcodename varchar(50),crmformsfieldid int(20) DEFAULT NULL,crmformsfieldslable varchar(30) NOT NULL,thirdpartypluginname varchar(30) NOT NULL,thirdpartyformid int(50) DEFAULT NULL,thirdpartyfieldids varchar(50) DEFAULT NULL made by activate_plugin, do_action('activate_zoho-crm-forms/index.php'), WP_Hook->do_action, WP_Hook->apply_filters, zcfmaincorehelpers::activate, zcfmaincorehelpers::zcf_migration, WP_SQLite_DB->query, WP_SQLite_DB->print_error
[02-Jul-2025 07:01:47 UTC] PHP Warning:  Undefined variable $firstplugin in /wordpress/wp-content/plugins/zoho-crm-forms/includes/crmwebformshelper.php on line 52
[02-Jul-2025 07:01:48 UTC] WordPress database error <div style="clear:both">&nbsp;</div>
<div class="queries" style="clear:both;margin-bottom:2px;border:red dotted thin;">
<p>MySQL query:</p>
<p>ALTER table zcf_zohoshortcode_manager ADD Round_Robin varchar(50)</p>
<p>Queries made or created this session were:</p>
<ol>
<li>Executing: BEGIN IMMEDIATE | (no parameters)</li>
<li>Executing: SELECT 1 FROM sqlite_temp_schema WHERE type = 'table' AND name = ? | parameters: zcf_zohoshortcode_manager</li>
<li>Executing: SELECT
					COLUMN_NAME,
					LOWER(COLUMN_NAME) AS COLUMN_NAME_LOWERCASE
				FROM `_wp_sqlite_mysql_information_schema_columns` WHERE table_schema = ? AND table_name = ? | parameters: database_name_here, zcf_zohoshortcode_manager</li>
<li>Executing: SELECT 1 FROM sqlite_temp_schema WHERE type = 'table' AND name = ? | parameters: zcf_zohoshortcode_manager</li>
<li>Executing: 
				SELECT MAX(ordinal_position)
				FROM `_wp_sqlite_mysql_information_schema_columns`
				WHERE table_schema = ?
				AND table_name = ?
			 | parameters: database_name_here, zcf_zohoshortcode_manager</li>
<li>Executing: INSERT INTO `_wp_sqlite_mysql_information_schema_columns` (`table_schema`, `table_name`, `column_name`, `ordinal_position`, `column_default`, `is_nullable`, `data_type`, `character_maximum_length`, `character_octet_length`, `numeric_precision`, `numeric_scale`, `datetime_precision`, `character_set_name`, `collation_name`, `column_type`, `column_key`, `extra`, `privileges`, `column_comment`, `generation_expression`, `srs_id`) VALUES (?, ?, ?, ?, ?, ?, ?, ?, ?, ?, ?, ?, ?, ?, ?, ?, ?, ?, ?, ?, ?) | parameters: database_name_here, zcf_zohoshortcode_manager, Round_Robin, 24, , YES, varchar, 50, 200, , , , utf8mb4, utf8mb4_general_ci, varchar(50), , , select,insert,update,references, , , </li>
<li>Executing: ROLLBACK | (no parameters)</li>
</ol>
</div>
<div style="clear:both;margin-bottom:2px;border:red dotted thin;" class="error_message" style="border-bottom:dotted blue thin;">
SQLSTATE[42S21]: Column already exists: 1060 Duplicate column name 'Round_Robin'
</div>
<p>Backtrace:</p>
<pre>#0 /internal/shared/sqlite-database-integration/wp-includes/sqlite-ast/class-wp-sqlite-driver.php(3885): WP_SQLite_Driver->new_driver_exception('SQLSTATE[42S21]...', '42S21')
#1 /internal/shared/sqlite-database-integration/wp-includes/sqlite-ast/class-wp-sqlite-driver.php(681): WP_SQLite_Driver->convert_information_schema_exception(Object(WP_SQLite_Information_Schema_Exception))
#2 /internal/shared/sqlite-database-integration/wp-includes/sqlite/class-wp-sqlite-db.php(491): WP_SQLite_Driver->query('ALTER table zcf...')
#3 /internal/shared/sqlite-database-integration/wp-includes/sqlite/class-wp-sqlite-db.php(432): WP_SQLite_DB->_do_query('ALTER table zcf...')
#4 /wordpress/wp-content/plugins/zoho-crm-forms/includes/crmwebformshelper.php(228): WP_SQLite_DB->query('ALTER table zcf...')
#5 /wordpress/wp-content/plugins/zoho-crm-forms/includes/crmwebformshelper.php(92): zcfmaincorehelpers::zcf_altershortcodetable()
#6 /wordpress/wp-content/plugins/zoho-crm-forms/includes/crmwebformshelper.php(55): zcfmaincorehelpers::zcf_checkVersion()
#7 /wordpress/wp-includes/class-wp-hook.php(324): zcfmaincorehelpers::activate(false)
#8 /wordpress/wp-includes/class-wp-hook.php(348): WP_Hook->apply_filters('', Array)
#9 /wordpress/wp-includes/plugin.php(517): WP_Hook->do_action(Array)
#10 /wordpress/wp-admin/includes/plugin.php(703): do_action('activate_zoho-c...', false)
#11 /internal/eval.php(20): activate_plugin('zoho-crm-forms/...')
#12 {main}</pre>
 for query ALTER table zcf_zohoshortcode_manager ADD Round_Robin varchar(50) made by activate_plugin, do_action('activate_zoho-crm-forms/index.php'), WP_Hook->do_action, WP_Hook->apply_filters, zcfmaincorehelpers::activate, zcfmaincorehelpers::zcf_checkVersion, zcfmaincorehelpers::zcf_altershortcodetable, WP_SQLite_DB->query, WP_SQLite_DB->print_error
[02-Jul-2025 07:01:48 UTC] WordPress database error <div style="clear:both">&nbsp;</div>
<div class="queries" style="clear:both;margin-bottom:2px;border:red dotted thin;">
<p>MySQL query:</p>
<p>ALTER table zcf_zohoshortcode_manager ADD Round_Robin varchar(50)</p>
<p>Queries made or created this session were:</p>
<ol>
<li>Executing: BEGIN IMMEDIATE | (no parameters)</li>
<li>Executing: SELECT 1 FROM sqlite_temp_schema WHERE type = 'table' AND name = ? | parameters: zcf_zohoshortcode_manager</li>
<li>Executing: SELECT
					COLUMN_NAME,
					LOWER(COLUMN_NAME) AS COLUMN_NAME_LOWERCASE
				FROM `_wp_sqlite_mysql_information_schema_columns` WHERE table_schema = ? AND table_name = ? | parameters: database_name_here, zcf_zohoshortcode_manager</li>
<li>Executing: SELECT 1 FROM sqlite_temp_schema WHERE type = 'table' AND name = ? | parameters: zcf_zohoshortcode_manager</li>
<li>Executing: 
				SELECT MAX(ordinal_position)
				FROM `_wp_sqlite_mysql_information_schema_columns`
				WHERE table_schema = ?
				AND table_name = ?
			 | parameters: database_name_here, zcf_zohoshortcode_manager</li>
<li>Executing: INSERT INTO `_wp_sqlite_mysql_information_schema_columns` (`table_schema`, `table_name`, `column_name`, `ordinal_position`, `column_default`, `is_nullable`, `data_type`, `character_maximum_length`, `character_octet_length`, `numeric_precision`, `numeric_scale`, `datetime_precision`, `character_set_name`, `collation_name`, `column_type`, `column_key`, `extra`, `privileges`, `column_comment`, `generation_expression`, `srs_id`) VALUES (?, ?, ?, ?, ?, ?, ?, ?, ?, ?, ?, ?, ?, ?, ?, ?, ?, ?, ?, ?, ?) | parameters: database_name_here, zcf_zohoshortcode_manager, Round_Robin, 24, , YES, varchar, 50, 200, , , , utf8mb4, utf8mb4_general_ci, varchar(50), , , select,insert,update,references, , , </li>
<li>Executing: ROLLBACK | (no parameters)</li>
</ol>
</div>
<div style="clear:both;margin-bottom:2px;border:red dotted thin;" class="error_message" style="border-bottom:dotted blue thin;">
SQLSTATE[42S21]: Column already exists: 1060 Duplicate column name 'Round_Robin'
</div>
<p>Backtrace:</p>
<pre>#0 /internal/shared/sqlite-database-integration/wp-includes/sqlite-ast/class-wp-sqlite-driver.php(3885): WP_SQLite_Driver->new_driver_exception('SQLSTATE[42S21]...', '42S21')
#1 /internal/shared/sqlite-database-integration/wp-includes/sqlite-ast/class-wp-sqlite-driver.php(681): WP_SQLite_Driver->convert_information_schema_exception(Object(WP_SQLite_Information_Schema_Exception))
#2 /internal/shared/sqlite-database-integration/wp-includes/sqlite/class-wp-sqlite-db.php(491): WP_SQLite_Driver->query('ALTER table zcf...')
#3 /internal/shared/sqlite-database-integration/wp-includes/sqlite/class-wp-sqlite-db.php(432): WP_SQLite_DB->_do_query('ALTER table zcf...')
#4 /wordpress/wp-content/plugins/zoho-crm-forms/includes/crmwebformshelper.php(228): WP_SQLite_DB->query('ALTER table zcf...')
#5 /wordpress/wp-content/plugins/zoho-crm-forms/includes/crmwebformshelper.php(94): zcfmaincorehelpers::zcf_altershortcodetable()
#6 /wordpress/wp-content/plugins/zoho-crm-forms/includes/crmwebformshelper.php(55): zcfmaincorehelpers::zcf_checkVersion()
#7 /wordpress/wp-includes/class-wp-hook.php(324): zcfmaincorehelpers::activate(false)
#8 /wordpress/wp-includes/class-wp-hook.php(348): WP_Hook->apply_filters('', Array)
#9 /wordpress/wp-includes/plugin.php(517): WP_Hook->do_action(Array)
#10 /wordpress/wp-admin/includes/plugin.php(703): do_action('activate_zoho-c...', false)
#11 /internal/eval.php(20): activate_plugin('zoho-crm-forms/...')
#12 {main}</pre>
 for query ALTER table zcf_zohoshortcode_manager ADD Round_Robin varchar(50) made by activate_plugin, do_action('activate_zoho-crm-forms/index.php'), WP_Hook->do_action, WP_Hook->apply_filters, zcfmaincorehelpers::activate, zcfmaincorehelpers::zcf_checkVersion, zcfmaincorehelpers::zcf_altershortcodetable, WP_SQLite_DB->query, WP_SQLite_DB->print_error
[02-Jul-2025 07:01:48 UTC] WordPress database error <div style="clear:both">&nbsp;</div>
<div class="queries" style="clear:both;margin-bottom:2px;border:red dotted thin;">
<p>MySQL query:</p>
<p>ALTER table zcf_contactformrelation (ADD crmformsshortcodename varchar(50),crmformsfieldid int(20) DEFAULT NULL,crmformsfieldslable varchar(30) NOT NULL,thirdpartypluginname varchar(30) NOT NULL,thirdpartyformid int(50) DEFAULT NULL,thirdpartyfieldids varchar(50) DEFAULT NULL</p>
<p>Queries made or created this session were:</p>
<ol>
</ol>
</div>
<div style="clear:both;margin-bottom:2px;border:red dotted thin;" class="error_message" style="border-bottom:dotted blue thin;">
Failed to parse the MySQL query.
</div>
<p>Backtrace:</p>
<pre>#0 /internal/shared/sqlite-database-integration/wp-includes/sqlite-ast/class-wp-sqlite-driver.php(606): WP_SQLite_Driver->new_driver_exception('Failed to parse...')
#1 /internal/shared/sqlite-database-integration/wp-includes/sqlite/class-wp-sqlite-db.php(491): WP_SQLite_Driver->query('ALTER table zcf...')
#2 /internal/shared/sqlite-database-integration/wp-includes/sqlite/class-wp-sqlite-db.php(432): WP_SQLite_DB->_do_query('ALTER table zcf...')
#3 /wordpress/wp-content/plugins/zoho-crm-forms/includes/crmwebformshelper.php(223): WP_SQLite_DB->query('ALTER table zcf...')
#4 /wordpress/wp-content/plugins/zoho-crm-forms/includes/crmwebformshelper.php(56): zcfmaincorehelpers::zcf_migration()
#5 /wordpress/wp-includes/class-wp-hook.php(324): zcfmaincorehelpers::activate(false)
#6 /wordpress/wp-includes/class-wp-hook.php(348): WP_Hook->apply_filters('', Array)
#7 /wordpress/wp-includes/plugin.php(517): WP_Hook->do_action(Array)
#8 /wordpress/wp-admin/includes/plugin.php(703): do_action('activate_zoho-c...', false)
#9 /internal/eval.php(20): activate_plugin('zoho-crm-forms/...')
#10 {main}</pre>
 for query ALTER table zcf_contactformrelation (ADD crmformsshortcodename varchar(50),crmformsfieldid int(20) DEFAULT NULL,crmformsfieldslable varchar(30) NOT NULL,thirdpartypluginname varchar(30) NOT NULL,thirdpartyformid int(50) DEFAULT NULL,thirdpartyfieldids varchar(50) DEFAULT NULL made by activate_plugin, do_action('activate_zoho-crm-forms/index.php'), WP_Hook->do_action, WP_Hook->apply_filters, zcfmaincorehelpers::activate, zcfmaincorehelpers::zcf_migration, WP_SQLite_DB->query, WP_SQLite_DB->print_error
[02-Jul-2025 07:01:58 UTC] WordPress database error <div style="clear:both">&nbsp;</div>
<div class="queries" style="clear:both;margin-bottom:2px;border:red dotted thin;">
<p>MySQL query:</p>
<p>ALTER table zcf_zohocrmform_field_manager MODIFY module_type varchar(255),MODIFY base_model varchar(255),MODIFY field_label varchar(255),MODIFY field_name varchar(255)</p>
<p>Queries made or created this session were:</p>
<ol>
<li>Executing: BEGIN IMMEDIATE | (no parameters)</li>
<li>Executing: SELECT 1 FROM sqlite_temp_schema WHERE type = 'table' AND name = ? | parameters: zcf_zohocrmform_field_manager</li>
<li>Executing: SELECT
					COLUMN_NAME,
					LOWER(COLUMN_NAME) AS COLUMN_NAME_LOWERCASE
				FROM `_wp_sqlite_mysql_information_schema_columns` WHERE table_schema = ? AND table_name = ? | parameters: database_name_here, zcf_zohocrmform_field_manager</li>
<li>Executing: SELECT 1 FROM sqlite_temp_schema WHERE type = 'table' AND name = ? | parameters: zcf_zohocrmform_field_manager</li>
<li>Executing: UPDATE `_wp_sqlite_mysql_information_schema_columns` SET `table_schema` = ?, `table_name` = ?, `column_name` = ?, `column_default` = ?, `is_nullable` = ?, `data_type` = ?, `character_maximum_length` = ?, `character_octet_length` = ?, `numeric_precision` = ?, `numeric_scale` = ?, `datetime_precision` = ?, `character_set_name` = ?, `collation_name` = ?, `column_type` = ?, `column_key` = ?, `extra` = ?, `privileges` = ?, `column_comment` = ?, `generation_expression` = ?, `srs_id` = ? WHERE `table_schema` = ? AND `table_name` = ? AND `column_name` = ? | parameters: database_name_here, zcf_zohocrmform_field_manager, module_type, , YES, varchar, 255, 1020, , , , utf8mb4, utf8mb4_general_ci, varchar(255), , , select,insert,update,references, , , , database_name_here, zcf_zohocrmform_field_manager, module_type</li>
<li>Executing: UPDATE `_wp_sqlite_mysql_information_schema_columns` SET `table_schema` = ?, `table_name` = ?, `column_name` = ?, `column_default` = ?, `is_nullable` = ?, `data_type` = ?, `character_maximum_length` = ?, `character_octet_length` = ?, `numeric_precision` = ?, `numeric_scale` = ?, `datetime_precision` = ?, `character_set_name` = ?, `collation_name` = ?, `column_type` = ?, `column_key` = ?, `extra` = ?, `privileges` = ?, `column_comment` = ?, `generation_expression` = ?, `srs_id` = ? WHERE `table_schema` = ? AND `table_name` = ? AND `column_name` = ? | parameters: database_name_here, zcf_zohocrmform_field_manager, base_model, , YES, varchar, 255, 1020, , , , utf8mb4, utf8mb4_general_ci, varchar(255), , , select,insert,update,references, , , , database_name_here, zcf_zohocrmform_field_manager, base_model</li>
<li>Executing: UPDATE `_wp_sqlite_mysql_information_schema_columns` SET `table_schema` = ?, `table_name` = ?, `column_name` = ?, `column_default` = ?, `is_nullable` = ?, `data_type` = ?, `character_maximum_length` = ?, `character_octet_length` = ?, `numeric_precision` = ?, `numeric_scale` = ?, `datetime_precision` = ?, `character_set_name` = ?, `collation_name` = ?, `column_type` = ?, `column_key` = ?, `extra` = ?, `privileges` = ?, `column_comment` = ?, `generation_expression` = ?, `srs_id` = ? WHERE `table_schema` = ? AND `table_name` = ? AND `column_name` = ? | parameters: database_name_here, zcf_zohocrmform_field_manager, field_label, , YES, varchar, 255, 1020, , , , utf8mb4, utf8mb4_general_ci, varchar(255), , , select,insert,update,references, , , , database_name_here, zcf_zohocrmform_field_manager, field_label</li>
<li>Executing: UPDATE `_wp_sqlite_mysql_information_schema_columns` SET `table_schema` = ?, `table_name` = ?, `column_name` = ?, `column_default` = ?, `is_nullable` = ?, `data_type` = ?, `character_maximum_length` = ?, `character_octet_length` = ?, `numeric_precision` = ?, `numeric_scale` = ?, `datetime_precision` = ?, `character_set_name` = ?, `collation_name` = ?, `column_type` = ?, `column_key` = ?, `extra` = ?, `privileges` = ?, `column_comment` = ?, `generation_expression` = ?, `srs_id` = ? WHERE `table_schema` = ? AND `table_name` = ? AND `column_name` = ? | parameters: database_name_here, zcf_zohocrmform_field_manager, field_name, , YES, varchar, 255, 1020, , , , utf8mb4, utf8mb4_general_ci, varchar(255), , , select,insert,update,references, , , , database_name_here, zcf_zohocrmform_field_manager, field_name</li>
<li>Executing: PRAGMA foreign_keys | (no parameters)</li>
<li>Executing: PRAGMA foreign_keys = OFF | (no parameters)</li>
<li>Executing: 
				SELECT *
				FROM `_wp_sqlite_mysql_information_schema_tables`
				WHERE table_type = 'BASE TABLE'
				AND table_schema = ?
				AND table_name = ?
			 | parameters: database_name_here, zcf_zohocrmform_field_manager</li>
<li>Executing: ROLLBACK | (no parameters)</li>
</ol>
</div>
<div style="clear:both;margin-bottom:2px;border:red dotted thin;" class="error_message" style="border-bottom:dotted blue thin;">
Table 'zcf_zohocrmform_field_manager' doesn't exist
</div>
<p>Backtrace:</p>
<pre>#0 /internal/shared/sqlite-database-integration/wp-includes/sqlite-ast/class-wp-sqlite-driver.php(3276): WP_SQLite_Driver->new_driver_exception('Table 'zcf_zoho...', '42S02')
#1 /internal/shared/sqlite-database-integration/wp-includes/sqlite-ast/class-wp-sqlite-driver.php(2859): WP_SQLite_Driver->get_sqlite_create_table_statement(false, 'zcf_zohocrmform...', '_wp_sqlite_tmp_...')
#2 /internal/shared/sqlite-database-integration/wp-includes/sqlite-ast/class-wp-sqlite-driver.php(1380): WP_SQLite_Driver->recreate_table_from_information_schema(false, 'zcf_zohocrmform...', Array)
#3 /internal/shared/sqlite-database-integration/wp-includes/sqlite-ast/class-wp-sqlite-driver.php(896): WP_SQLite_Driver->execute_alter_table_statement(Object(WP_Parser_Node))
#4 /internal/shared/sqlite-database-integration/wp-includes/sqlite-ast/class-wp-sqlite-driver.php(669): WP_SQLite_Driver->execute_mysql_query(Object(WP_Parser_Node))
#5 /internal/shared/sqlite-database-integration/wp-includes/sqlite/class-wp-sqlite-db.php(491): WP_SQLite_Driver->query('ALTER table zcf...')
#6 /internal/shared/sqlite-database-integration/wp-includes/sqlite/class-wp-sqlite-db.php(432): WP_SQLite_DB->_do_query('ALTER table zcf...')
#7 /wordpress/wp-content/plugins/zoho-crm-forms/includes/crmwebformshelper.php(107): WP_SQLite_DB->query('ALTER table zcf...')
#8 /wordpress/wp-content/plugins/zoho-crm-forms/includes/crmwebformshelper.php(33): zcfmaincorehelpers::zcf_createTableMigration()
#9 /wordpress/wp-content/plugins/zoho-crm-forms/includes/crmcontactformgenerator.php(15): zcfmaincorehelpers->__construct()
#10 /wordpress/wp-content/plugins/zoho-crm-forms/index.php(35): require_once('/wordpress/wp-c...')
#11 /wordpress/wp-admin/includes/plugin.php(2387): include_once('/wordpress/wp-c...')
#12 /wordpress/wp-admin/includes/plugin.php(673): plugin_sandbox_scrape('zoho-crm-forms/...')
#13 /internal/eval.php(20): activate_plugin('zoho-crm-forms/...')
#14 {main}</pre>
 for query ALTER table zcf_zohocrmform_field_manager MODIFY module_type varchar(255),MODIFY base_model varchar(255),MODIFY field_label varchar(255),MODIFY field_name varchar(255) made by activate_plugin, plugin_sandbox_scrape, include_once('/plugins/zoho-crm-forms/index.php'), require_once('/plugins/zoho-crm-forms/includes/crmcontactformgenerator.php'), zcfmaincorehelpers->__construct, zcfmaincorehelpers::zcf_createTableMigration, WP_SQLite_DB->query, WP_SQLite_DB->print_error
[02-Jul-2025 07:01:58 UTC] WordPress database error <div style="clear:both">&nbsp;</div>
<div class="queries" style="clear:both;margin-bottom:2px;border:red dotted thin;">
<p>MySQL query:</p>
<p>ALTER table zcf_zohocrmform_field_manager MODIFY module_type varchar(255),MODIFY base_model varchar(255),MODIFY field_label varchar(255),MODIFY field_name varchar(255)</p>
<p>Queries made or created this session were:</p>
<ol>
<li>Executing: BEGIN IMMEDIATE | (no parameters)</li>
<li>Executing: SELECT 1 FROM sqlite_temp_schema WHERE type = 'table' AND name = ? | parameters: zcf_zohocrmform_field_manager</li>
<li>Executing: SELECT
					COLUMN_NAME,
					LOWER(COLUMN_NAME) AS COLUMN_NAME_LOWERCASE
				FROM `_wp_sqlite_mysql_information_schema_columns` WHERE table_schema = ? AND table_name = ? | parameters: database_name_here, zcf_zohocrmform_field_manager</li>
<li>Executing: SELECT 1 FROM sqlite_temp_schema WHERE type = 'table' AND name = ? | parameters: zcf_zohocrmform_field_manager</li>
<li>Executing: UPDATE `_wp_sqlite_mysql_information_schema_columns` SET `table_schema` = ?, `table_name` = ?, `column_name` = ?, `column_default` = ?, `is_nullable` = ?, `data_type` = ?, `character_maximum_length` = ?, `character_octet_length` = ?, `numeric_precision` = ?, `numeric_scale` = ?, `datetime_precision` = ?, `character_set_name` = ?, `collation_name` = ?, `column_type` = ?, `column_key` = ?, `extra` = ?, `privileges` = ?, `column_comment` = ?, `generation_expression` = ?, `srs_id` = ? WHERE `table_schema` = ? AND `table_name` = ? AND `column_name` = ? | parameters: database_name_here, zcf_zohocrmform_field_manager, module_type, , YES, varchar, 255, 1020, , , , utf8mb4, utf8mb4_general_ci, varchar(255), , , select,insert,update,references, , , , database_name_here, zcf_zohocrmform_field_manager, module_type</li>
<li>Executing: UPDATE `_wp_sqlite_mysql_information_schema_columns` SET `table_schema` = ?, `table_name` = ?, `column_name` = ?, `column_default` = ?, `is_nullable` = ?, `data_type` = ?, `character_maximum_length` = ?, `character_octet_length` = ?, `numeric_precision` = ?, `numeric_scale` = ?, `datetime_precision` = ?, `character_set_name` = ?, `collation_name` = ?, `column_type` = ?, `column_key` = ?, `extra` = ?, `privileges` = ?, `column_comment` = ?, `generation_expression` = ?, `srs_id` = ? WHERE `table_schema` = ? AND `table_name` = ? AND `column_name` = ? | parameters: database_name_here, zcf_zohocrmform_field_manager, base_model, , YES, varchar, 255, 1020, , , , utf8mb4, utf8mb4_general_ci, varchar(255), , , select,insert,update,references, , , , database_name_here, zcf_zohocrmform_field_manager, base_model</li>
<li>Executing: UPDATE `_wp_sqlite_mysql_information_schema_columns` SET `table_schema` = ?, `table_name` = ?, `column_name` = ?, `column_default` = ?, `is_nullable` = ?, `data_type` = ?, `character_maximum_length` = ?, `character_octet_length` = ?, `numeric_precision` = ?, `numeric_scale` = ?, `datetime_precision` = ?, `character_set_name` = ?, `collation_name` = ?, `column_type` = ?, `column_key` = ?, `extra` = ?, `privileges` = ?, `column_comment` = ?, `generation_expression` = ?, `srs_id` = ? WHERE `table_schema` = ? AND `table_name` = ? AND `column_name` = ? | parameters: database_name_here, zcf_zohocrmform_field_manager, field_label, , YES, varchar, 255, 1020, , , , utf8mb4, utf8mb4_general_ci, varchar(255), , , select,insert,update,references, , , , database_name_here, zcf_zohocrmform_field_manager, field_label</li>
<li>Executing: UPDATE `_wp_sqlite_mysql_information_schema_columns` SET `table_schema` = ?, `table_name` = ?, `column_name` = ?, `column_default` = ?, `is_nullable` = ?, `data_type` = ?, `character_maximum_length` = ?, `character_octet_length` = ?, `numeric_precision` = ?, `numeric_scale` = ?, `datetime_precision` = ?, `character_set_name` = ?, `collation_name` = ?, `column_type` = ?, `column_key` = ?, `extra` = ?, `privileges` = ?, `column_comment` = ?, `generation_expression` = ?, `srs_id` = ? WHERE `table_schema` = ? AND `table_name` = ? AND `column_name` = ? | parameters: database_name_here, zcf_zohocrmform_field_manager, field_name, , YES, varchar, 255, 1020, , , , utf8mb4, utf8mb4_general_ci, varchar(255), , , select,insert,update,references, , , , database_name_here, zcf_zohocrmform_field_manager, field_name</li>
<li>Executing: PRAGMA foreign_keys | (no parameters)</li>
<li>Executing: PRAGMA foreign_keys = OFF | (no parameters)</li>
<li>Executing: 
				SELECT *
				FROM `_wp_sqlite_mysql_information_schema_tables`
				WHERE table_type = 'BASE TABLE'
				AND table_schema = ?
				AND table_name = ?
			 | parameters: database_name_here, zcf_zohocrmform_field_manager</li>
<li>Executing: ROLLBACK | (no parameters)</li>
</ol>
</div>
<div style="clear:both;margin-bottom:2px;border:red dotted thin;" class="error_message" style="border-bottom:dotted blue thin;">
Table 'zcf_zohocrmform_field_manager' doesn't exist
</div>
<p>Backtrace:</p>
<pre>#0 /internal/shared/sqlite-database-integration/wp-includes/sqlite-ast/class-wp-sqlite-driver.php(3276): WP_SQLite_Driver->new_driver_exception('Table 'zcf_zoho...', '42S02')
#1 /internal/shared/sqlite-database-integration/wp-includes/sqlite-ast/class-wp-sqlite-driver.php(2859): WP_SQLite_Driver->get_sqlite_create_table_statement(false, 'zcf_zohocrmform...', '_wp_sqlite_tmp_...')
#2 /internal/shared/sqlite-database-integration/wp-includes/sqlite-ast/class-wp-sqlite-driver.php(1380): WP_SQLite_Driver->recreate_table_from_information_schema(false, 'zcf_zohocrmform...', Array)
#3 /internal/shared/sqlite-database-integration/wp-includes/sqlite-ast/class-wp-sqlite-driver.php(896): WP_SQLite_Driver->execute_alter_table_statement(Object(WP_Parser_Node))
#4 /internal/shared/sqlite-database-integration/wp-includes/sqlite-ast/class-wp-sqlite-driver.php(669): WP_SQLite_Driver->execute_mysql_query(Object(WP_Parser_Node))
#5 /internal/shared/sqlite-database-integration/wp-includes/sqlite/class-wp-sqlite-db.php(491): WP_SQLite_Driver->query('ALTER table zcf...')
#6 /internal/shared/sqlite-database-integration/wp-includes/sqlite/class-wp-sqlite-db.php(432): WP_SQLite_DB->_do_query('ALTER table zcf...')
#7 /wordpress/wp-content/plugins/zoho-crm-forms/includes/crmwebformshelper.php(107): WP_SQLite_DB->query('ALTER table zcf...')
#8 /wordpress/wp-content/plugins/zoho-crm-forms/includes/crmwebformshelper.php(33): zcfmaincorehelpers::zcf_createTableMigration()
#9 /wordpress/wp-content/plugins/zoho-crm-forms/includes/crmwebformshelper.php(37): zcfmaincorehelpers->__construct()
#10 /wordpress/wp-includes/class-wp-hook.php(324): zcfmaincorehelpers::activate(false)
#11 /wordpress/wp-includes/class-wp-hook.php(348): WP_Hook->apply_filters('', Array)
#12 /wordpress/wp-includes/plugin.php(517): WP_Hook->do_action(Array)
#13 /wordpress/wp-admin/includes/plugin.php(703): do_action('activate_zoho-c...', false)
#14 /internal/eval.php(20): activate_plugin('zoho-crm-forms/...')
#15 {main}</pre>
 for query ALTER table zcf_zohocrmform_field_manager MODIFY module_type varchar(255),MODIFY base_model varchar(255),MODIFY field_label varchar(255),MODIFY field_name varchar(255) made by activate_plugin, do_action('activate_zoho-crm-forms/index.php'), WP_Hook->do_action, WP_Hook->apply_filters, zcfmaincorehelpers::activate, zcfmaincorehelpers->__construct, zcfmaincorehelpers::zcf_createTableMigration, WP_SQLite_DB->query, WP_SQLite_DB->print_error
[02-Jul-2025 07:01:58 UTC] WordPress database error <div style="clear:both">&nbsp;</div>
<div class="queries" style="clear:both;margin-bottom:2px;border:red dotted thin;">
<p>MySQL query:</p>
<p>ALTER table zcf_contactformrelation (ADD crmformsshortcodename varchar(50),crmformsfieldid int(20) DEFAULT NULL,crmformsfieldslable varchar(30) NOT NULL,thirdpartypluginname varchar(30) NOT NULL,thirdpartyformid int(50) DEFAULT NULL,thirdpartyfieldids varchar(50) DEFAULT NULL</p>
<p>Queries made or created this session were:</p>
<ol>
</ol>
</div>
<div style="clear:both;margin-bottom:2px;border:red dotted thin;" class="error_message" style="border-bottom:dotted blue thin;">
Failed to parse the MySQL query.
</div>
<p>Backtrace:</p>
<pre>#0 /internal/shared/sqlite-database-integration/wp-includes/sqlite-ast/class-wp-sqlite-driver.php(606): WP_SQLite_Driver->new_driver_exception('Failed to parse...')
#1 /internal/shared/sqlite-database-integration/wp-includes/sqlite/class-wp-sqlite-db.php(491): WP_SQLite_Driver->query('ALTER table zcf...')
#2 /internal/shared/sqlite-database-integration/wp-includes/sqlite/class-wp-sqlite-db.php(432): WP_SQLite_DB->_do_query('ALTER table zcf...')
#3 /wordpress/wp-content/plugins/zoho-crm-forms/includes/crmwebformshelper.php(223): WP_SQLite_DB->query('ALTER table zcf...')
#4 /wordpress/wp-content/plugins/zoho-crm-forms/includes/crmwebformshelper.php(38): zcfmaincorehelpers::zcf_migration()
#5 /wordpress/wp-includes/class-wp-hook.php(324): zcfmaincorehelpers::activate(false)
#6 /wordpress/wp-includes/class-wp-hook.php(348): WP_Hook->apply_filters('', Array)
#7 /wordpress/wp-includes/plugin.php(517): WP_Hook->do_action(Array)
#8 /wordpress/wp-admin/includes/plugin.php(703): do_action('activate_zoho-c...', false)
#9 /internal/eval.php(20): activate_plugin('zoho-crm-forms/...')
#10 {main}</pre>
 for query ALTER table zcf_contactformrelation (ADD crmformsshortcodename varchar(50),crmformsfieldid int(20) DEFAULT NULL,crmformsfieldslable varchar(30) NOT NULL,thirdpartypluginname varchar(30) NOT NULL,thirdpartyformid int(50) DEFAULT NULL,thirdpartyfieldids varchar(50) DEFAULT NULL made by activate_plugin, do_action('activate_zoho-crm-forms/index.php'), WP_Hook->do_action, WP_Hook->apply_filters, zcfmaincorehelpers::activate, zcfmaincorehelpers::zcf_migration, WP_SQLite_DB->query, WP_SQLite_DB->print_error
[02-Jul-2025 07:01:58 UTC] PHP Warning:  Undefined variable $firstplugin in /wordpress/wp-content/plugins/zoho-crm-forms/includes/crmwebformshelper.php on line 52
[02-Jul-2025 07:01:58 UTC] WordPress database error <div style="clear:both">&nbsp;</div>
<div class="queries" style="clear:both;margin-bottom:2px;border:red dotted thin;">
<p>MySQL query:</p>
<p>ALTER table zcf_zohoshortcode_manager ADD Round_Robin varchar(50)</p>
<p>Queries made or created this session were:</p>
<ol>
<li>Executing: BEGIN IMMEDIATE | (no parameters)</li>
<li>Executing: SELECT 1 FROM sqlite_temp_schema WHERE type = 'table' AND name = ? | parameters: zcf_zohoshortcode_manager</li>
<li>Executing: SELECT
					COLUMN_NAME,
					LOWER(COLUMN_NAME) AS COLUMN_NAME_LOWERCASE
				FROM `_wp_sqlite_mysql_information_schema_columns` WHERE table_schema = ? AND table_name = ? | parameters: database_name_here, zcf_zohoshortcode_manager</li>
<li>Executing: SELECT 1 FROM sqlite_temp_schema WHERE type = 'table' AND name = ? | parameters: zcf_zohoshortcode_manager</li>
<li>Executing: 
				SELECT MAX(ordinal_position)
				FROM `_wp_sqlite_mysql_information_schema_columns`
				WHERE table_schema = ?
				AND table_name = ?
			 | parameters: database_name_here, zcf_zohoshortcode_manager</li>
<li>Executing: INSERT INTO `_wp_sqlite_mysql_information_schema_columns` (`table_schema`, `table_name`, `column_name`, `ordinal_position`, `column_default`, `is_nullable`, `data_type`, `character_maximum_length`, `character_octet_length`, `numeric_precision`, `numeric_scale`, `datetime_precision`, `character_set_name`, `collation_name`, `column_type`, `column_key`, `extra`, `privileges`, `column_comment`, `generation_expression`, `srs_id`) VALUES (?, ?, ?, ?, ?, ?, ?, ?, ?, ?, ?, ?, ?, ?, ?, ?, ?, ?, ?, ?, ?) | parameters: database_name_here, zcf_zohoshortcode_manager, Round_Robin, 24, , YES, varchar, 50, 200, , , , utf8mb4, utf8mb4_general_ci, varchar(50), , , select,insert,update,references, , , </li>
<li>Executing: ROLLBACK | (no parameters)</li>
</ol>
</div>
<div style="clear:both;margin-bottom:2px;border:red dotted thin;" class="error_message" style="border-bottom:dotted blue thin;">
SQLSTATE[42S21]: Column already exists: 1060 Duplicate column name 'Round_Robin'
</div>
<p>Backtrace:</p>
<pre>#0 /internal/shared/sqlite-database-integration/wp-includes/sqlite-ast/class-wp-sqlite-driver.php(3885): WP_SQLite_Driver->new_driver_exception('SQLSTATE[42S21]...', '42S21')
#1 /internal/shared/sqlite-database-integration/wp-includes/sqlite-ast/class-wp-sqlite-driver.php(681): WP_SQLite_Driver->convert_information_schema_exception(Object(WP_SQLite_Information_Schema_Exception))
#2 /internal/shared/sqlite-database-integration/wp-includes/sqlite/class-wp-sqlite-db.php(491): WP_SQLite_Driver->query('ALTER table zcf...')
#3 /internal/shared/sqlite-database-integration/wp-includes/sqlite/class-wp-sqlite-db.php(432): WP_SQLite_DB->_do_query('ALTER table zcf...')
#4 /wordpress/wp-content/plugins/zoho-crm-forms/includes/crmwebformshelper.php(228): WP_SQLite_DB->query('ALTER table zcf...')
#5 /wordpress/wp-content/plugins/zoho-crm-forms/includes/crmwebformshelper.php(92): zcfmaincorehelpers::zcf_altershortcodetable()
#6 /wordpress/wp-content/plugins/zoho-crm-forms/includes/crmwebformshelper.php(55): zcfmaincorehelpers::zcf_checkVersion()
#7 /wordpress/wp-includes/class-wp-hook.php(324): zcfmaincorehelpers::activate(false)
#8 /wordpress/wp-includes/class-wp-hook.php(348): WP_Hook->apply_filters('', Array)
#9 /wordpress/wp-includes/plugin.php(517): WP_Hook->do_action(Array)
#10 /wordpress/wp-admin/includes/plugin.php(703): do_action('activate_zoho-c...', false)
#11 /internal/eval.php(20): activate_plugin('zoho-crm-forms/...')
#12 {main}</pre>
 for query ALTER table zcf_zohoshortcode_manager ADD Round_Robin varchar(50) made by activate_plugin, do_action('activate_zoho-crm-forms/index.php'), WP_Hook->do_action, WP_Hook->apply_filters, zcfmaincorehelpers::activate, zcfmaincorehelpers::zcf_checkVersion, zcfmaincorehelpers::zcf_altershortcodetable, WP_SQLite_DB->query, WP_SQLite_DB->print_error
[02-Jul-2025 07:01:58 UTC] WordPress database error <div style="clear:both">&nbsp;</div>
<div class="queries" style="clear:both;margin-bottom:2px;border:red dotted thin;">
<p>MySQL query:</p>
<p>ALTER table zcf_zohoshortcode_manager ADD Round_Robin varchar(50)</p>
<p>Queries made or created this session were:</p>
<ol>
<li>Executing: BEGIN IMMEDIATE | (no parameters)</li>
<li>Executing: SELECT 1 FROM sqlite_temp_schema WHERE type = 'table' AND name = ? | parameters: zcf_zohoshortcode_manager</li>
<li>Executing: SELECT
					COLUMN_NAME,
					LOWER(COLUMN_NAME) AS COLUMN_NAME_LOWERCASE
				FROM `_wp_sqlite_mysql_information_schema_columns` WHERE table_schema = ? AND table_name = ? | parameters: database_name_here, zcf_zohoshortcode_manager</li>
<li>Executing: SELECT 1 FROM sqlite_temp_schema WHERE type = 'table' AND name = ? | parameters: zcf_zohoshortcode_manager</li>
<li>Executing: 
				SELECT MAX(ordinal_position)
				FROM `_wp_sqlite_mysql_information_schema_columns`
				WHERE table_schema = ?
				AND table_name = ?
			 | parameters: database_name_here, zcf_zohoshortcode_manager</li>
<li>Executing: INSERT INTO `_wp_sqlite_mysql_information_schema_columns` (`table_schema`, `table_name`, `column_name`, `ordinal_position`, `column_default`, `is_nullable`, `data_type`, `character_maximum_length`, `character_octet_length`, `numeric_precision`, `numeric_scale`, `datetime_precision`, `character_set_name`, `collation_name`, `column_type`, `column_key`, `extra`, `privileges`, `column_comment`, `generation_expression`, `srs_id`) VALUES (?, ?, ?, ?, ?, ?, ?, ?, ?, ?, ?, ?, ?, ?, ?, ?, ?, ?, ?, ?, ?) | parameters: database_name_here, zcf_zohoshortcode_manager, Round_Robin, 24, , YES, varchar, 50, 200, , , , utf8mb4, utf8mb4_general_ci, varchar(50), , , select,insert,update,references, , , </li>
<li>Executing: ROLLBACK | (no parameters)</li>
</ol>
</div>
<div style="clear:both;margin-bottom:2px;border:red dotted thin;" class="error_message" style="border-bottom:dotted blue thin;">
SQLSTATE[42S21]: Column already exists: 1060 Duplicate column name 'Round_Robin'
</div>
<p>Backtrace:</p>
<pre>#0 /internal/shared/sqlite-database-integration/wp-includes/sqlite-ast/class-wp-sqlite-driver.php(3885): WP_SQLite_Driver->new_driver_exception('SQLSTATE[42S21]...', '42S21')
#1 /internal/shared/sqlite-database-integration/wp-includes/sqlite-ast/class-wp-sqlite-driver.php(681): WP_SQLite_Driver->convert_information_schema_exception(Object(WP_SQLite_Information_Schema_Exception))
#2 /internal/shared/sqlite-database-integration/wp-includes/sqlite/class-wp-sqlite-db.php(491): WP_SQLite_Driver->query('ALTER table zcf...')
#3 /internal/shared/sqlite-database-integration/wp-includes/sqlite/class-wp-sqlite-db.php(432): WP_SQLite_DB->_do_query('ALTER table zcf...')
#4 /wordpress/wp-content/plugins/zoho-crm-forms/includes/crmwebformshelper.php(228): WP_SQLite_DB->query('ALTER table zcf...')
#5 /wordpress/wp-content/plugins/zoho-crm-forms/includes/crmwebformshelper.php(94): zcfmaincorehelpers::zcf_altershortcodetable()
#6 /wordpress/wp-content/plugins/zoho-crm-forms/includes/crmwebformshelper.php(55): zcfmaincorehelpers::zcf_checkVersion()
#7 /wordpress/wp-includes/class-wp-hook.php(324): zcfmaincorehelpers::activate(false)
#8 /wordpress/wp-includes/class-wp-hook.php(348): WP_Hook->apply_filters('', Array)
#9 /wordpress/wp-includes/plugin.php(517): WP_Hook->do_action(Array)
#10 /wordpress/wp-admin/includes/plugin.php(703): do_action('activate_zoho-c...', false)
#11 /internal/eval.php(20): activate_plugin('zoho-crm-forms/...')
#12 {main}</pre>
 for query ALTER table zcf_zohoshortcode_manager ADD Round_Robin varchar(50) made by activate_plugin, do_action('activate_zoho-crm-forms/index.php'), WP_Hook->do_action, WP_Hook->apply_filters, zcfmaincorehelpers::activate, zcfmaincorehelpers::zcf_checkVersion, zcfmaincorehelpers::zcf_altershortcodetable, WP_SQLite_DB->query, WP_SQLite_DB->print_error
[02-Jul-2025 07:01:58 UTC] WordPress database error <div style="clear:both">&nbsp;</div>
<div class="queries" style="clear:both;margin-bottom:2px;border:red dotted thin;">
<p>MySQL query:</p>
<p>ALTER table zcf_contactformrelation (ADD crmformsshortcodename varchar(50),crmformsfieldid int(20) DEFAULT NULL,crmformsfieldslable varchar(30) NOT NULL,thirdpartypluginname varchar(30) NOT NULL,thirdpartyformid int(50) DEFAULT NULL,thirdpartyfieldids varchar(50) DEFAULT NULL</p>
<p>Queries made or created this session were:</p>
<ol>
</ol>
</div>
<div style="clear:both;margin-bottom:2px;border:red dotted thin;" class="error_message" style="border-bottom:dotted blue thin;">
Failed to parse the MySQL query.
</div>
<p>Backtrace:</p>
<pre>#0 /internal/shared/sqlite-database-integration/wp-includes/sqlite-ast/class-wp-sqlite-driver.php(606): WP_SQLite_Driver->new_driver_exception('Failed to parse...')
#1 /internal/shared/sqlite-database-integration/wp-includes/sqlite/class-wp-sqlite-db.php(491): WP_SQLite_Driver->query('ALTER table zcf...')
#2 /internal/shared/sqlite-database-integration/wp-includes/sqlite/class-wp-sqlite-db.php(432): WP_SQLite_DB->_do_query('ALTER table zcf...')
#3 /wordpress/wp-content/plugins/zoho-crm-forms/includes/crmwebformshelper.php(223): WP_SQLite_DB->query('ALTER table zcf...')
#4 /wordpress/wp-content/plugins/zoho-crm-forms/includes/crmwebformshelper.php(56): zcfmaincorehelpers::zcf_migration()
#5 /wordpress/wp-includes/class-wp-hook.php(324): zcfmaincorehelpers::activate(false)
#6 /wordpress/wp-includes/class-wp-hook.php(348): WP_Hook->apply_filters('', Array)
#7 /wordpress/wp-includes/plugin.php(517): WP_Hook->do_action(Array)
#8 /wordpress/wp-admin/includes/plugin.php(703): do_action('activate_zoho-c...', false)
#9 /internal/eval.php(20): activate_plugin('zoho-crm-forms/...')
#10 {main}</pre>
 for query ALTER table zcf_contactformrelation (ADD crmformsshortcodename varchar(50),crmformsfieldid int(20) DEFAULT NULL,crmformsfieldslable varchar(30) NOT NULL,thirdpartypluginname varchar(30) NOT NULL,thirdpartyformid int(50) DEFAULT NULL,thirdpartyfieldids varchar(50) DEFAULT NULL made by activate_plugin, do_action('activate_zoho-crm-forms/index.php'), WP_Hook->do_action, WP_Hook->apply_filters, zcfmaincorehelpers::activate, zcfmaincorehelpers::zcf_migration, WP_SQLite_DB->query, WP_SQLite_DB->print_error
[02-Jul-2025 07:02:33 UTC] PHP Fatal error:  Uncaught Error: Class "WC_Payment_Gateway" not found in /wordpress/wp-content/plugins/the-cao-woocommerce/the-cao-woocommerce.php:25
Stack trace:
#0 /wordpress/wp-includes/class-wp-hook.php(324): the_cao_gateway_class('')
#1 /wordpress/wp-includes/class-wp-hook.php(348): WP_Hook->apply_filters(NULL, Array)
#2 /wordpress/wp-includes/plugin.php(517): WP_Hook->do_action(Array)
#3 /wordpress/wp-settings.php(578): do_action('plugins_loaded')
#4 /wordpress/wp-config.php(102): require_once('/wordpress/wp-s...')
#5 /wordpress/wp-load.php(50): require_once('/wordpress/wp-c...')
#6 /internal/eval.php(3): require_once('/wordpress/wp-l...')
#7 {main}
  thrown in /wordpress/wp-content/plugins/the-cao-woocommerce/the-cao-woocommerce.php on line 25
[02-Jul-2025 07:02:44 UTC] PHP Fatal error:  Uncaught Error: Class "WC_Payment_Gateway" not found in /wordpress/wp-content/plugins/the-cao-woocommerce/the-cao-woocommerce.php:25
Stack trace:
#0 /wordpress/wp-includes/class-wp-hook.php(324): the_cao_gateway_class('')
#1 /wordpress/wp-includes/class-wp-hook.php(348): WP_Hook->apply_filters(NULL, Array)
#2 /wordpress/wp-includes/plugin.php(517): WP_Hook->do_action(Array)
#3 /wordpress/wp-settings.php(578): do_action('plugins_loaded')
#4 /wordpress/wp-config.php(102): require_once('/wordpress/wp-s...')
#5 /wordpress/wp-load.php(50): require_once('/wordpress/wp-c...')
#6 /internal/eval.php(3): require_once('/wordpress/wp-l...')
#7 {main}
  thrown in /wordpress/wp-content/plugins/the-cao-woocommerce/the-cao-woocommerce.php on line 25
[02-Jul-2025 07:02:55 UTC] PHP Fatal error:  Uncaught Error: Class "WC_Payment_Gateway" not found in /wordpress/wp-content/plugins/the-cao-woocommerce/the-cao-woocommerce.php:25
Stack trace:
#0 /wordpress/wp-includes/class-wp-hook.php(324): the_cao_gateway_class('')
#1 /wordpress/wp-includes/class-wp-hook.php(348): WP_Hook->apply_filters(NULL, Array)
#2 /wordpress/wp-includes/plugin.php(517): WP_Hook->do_action(Array)
#3 /wordpress/wp-settings.php(578): do_action('plugins_loaded')
#4 /wordpress/wp-config.php(102): require_once('/wordpress/wp-s...')
#5 /wordpress/wp-load.php(50): require_once('/wordpress/wp-c...')
#6 /internal/eval.php(3): require_once('/wordpress/wp-l...')
#7 {main}
  thrown in /wordpress/wp-content/plugins/the-cao-woocommerce/the-cao-woocommerce.php on line 25
[02-Jul-2025 07:05:37 UTC] PHP Warning:  Trying to access array offset on value of type null in /wordpress/wp-content/plugins/the-scientific-diet-selector-free/diet-chooser.php on line 32
[02-Jul-2025 07:05:38 UTC] PHP Warning:  Trying to access array offset on value of type null in /wordpress/wp-content/plugins/the-scientific-diet-selector-free/diet-chooser.php on line 114
[02-Jul-2025 07:05:38 UTC] PHP Warning:  foreach() argument must be of type array|object, null given in /wordpress/wp-content/plugins/the-scientific-diet-selector-free/diet-chooser.php on line 115
[02-Jul-2025 07:05:39 UTC] PHP Warning:  Trying to access array offset on value of type null in /wordpress/wp-content/plugins/the-scientific-diet-selector-free/diet-chooser.php on line 32
[02-Jul-2025 07:05:39 UTC] PHP Warning:  Trying to access array offset on value of type null in /wordpress/wp-content/plugins/the-scientific-diet-selector-free/diet-chooser.php on line 114
[02-Jul-2025 07:05:39 UTC] PHP Warning:  foreach() argument must be of type array|object, null given in /wordpress/wp-content/plugins/the-scientific-diet-selector-free/diet-chooser.php on line 115
[02-Jul-2025 07:05:48 UTC] PHP Warning:  Trying to access array offset on value of type null in /wordpress/wp-content/plugins/the-scientific-diet-selector-free/diet-chooser.php on line 32
[02-Jul-2025 07:05:48 UTC] PHP Warning:  Trying to access array offset on value of type null in /wordpress/wp-content/plugins/the-scientific-diet-selector-free/diet-chooser.php on line 114
[02-Jul-2025 07:05:48 UTC] PHP Warning:  foreach() argument must be of type array|object, null given in /wordpress/wp-content/plugins/the-scientific-diet-selector-free/diet-chooser.php on line 115
[02-Jul-2025 07:05:50 UTC] PHP Warning:  Trying to access array offset on value of type null in /wordpress/wp-content/plugins/the-scientific-diet-selector-free/diet-chooser.php on line 32
[02-Jul-2025 07:05:50 UTC] PHP Warning:  Trying to access array offset on value of type null in /wordpress/wp-content/plugins/the-scientific-diet-selector-free/diet-chooser.php on line 114
[02-Jul-2025 07:05:50 UTC] PHP Warning:  foreach() argument must be of type array|object, null given in /wordpress/wp-content/plugins/the-scientific-diet-selector-free/diet-chooser.php on line 115
[02-Jul-2025 07:05:59 UTC] PHP Warning:  Trying to access array offset on value of type null in /wordpress/wp-content/plugins/the-scientific-diet-selector-free/diet-chooser.php on line 32
[02-Jul-2025 07:06:00 UTC] PHP Warning:  Trying to access array offset on value of type null in /wordpress/wp-content/plugins/the-scientific-diet-selector-free/diet-chooser.php on line 114
[02-Jul-2025 07:06:00 UTC] PHP Warning:  foreach() argument must be of type array|object, null given in /wordpress/wp-content/plugins/the-scientific-diet-selector-free/diet-chooser.php on line 115
[02-Jul-2025 07:06:01 UTC] PHP Warning:  Trying to access array offset on value of type null in /wordpress/wp-content/plugins/the-scientific-diet-selector-free/diet-chooser.php on line 32
[02-Jul-2025 07:06:01 UTC] PHP Warning:  Trying to access array offset on value of type null in /wordpress/wp-content/plugins/the-scientific-diet-selector-free/diet-chooser.php on line 114
[02-Jul-2025 07:06:01 UTC] PHP Warning:  foreach() argument must be of type array|object, null given in /wordpress/wp-content/plugins/the-scientific-diet-selector-free/diet-chooser.php on line 115
[02-Jul-2025 07:06:42 UTC] OpenSSL SSL_connect: SSL_ERROR_SYSCALL in connection to app.thevoicedesigner.com:443 
[02-Jul-2025 07:06:42 UTC] PHP Fatal error:  Uncaught Httpful\Exception\ConnectionErrorException: Unable to connect to "https://app.thevoicedesigner.com/api/apps": 35 OpenSSL SSL_connect: SSL_ERROR_SYSCALL in connection to app.thevoicedesigner.com:443  in /wordpress/wp-content/plugins/the-voice-designer-by-data-driven-design/vendor/nategood/httpful/src/Httpful/Request.php:1028
Stack trace:
#0 /wordpress/wp-content/plugins/the-voice-designer-by-data-driven-design/vendor/nategood/httpful/src/Httpful/Request.php(204): Httpful\Request->buildResponse(false)
#1 /wordpress/wp-content/plugins/the-voice-designer-by-data-driven-design/src/BackendApi.php(53): Httpful\Request->send()
#2 /wordpress/wp-content/plugins/the-voice-designer-by-data-driven-design/src/BackendApi.php(32): DataDrivenDesign\VoiceDesigner\BackendApi->makeRequest(Object(Httpful\Request))
#3 /wordpress/wp-content/plugins/the-voice-designer-by-data-driven-design/src/Plugin.php(16): DataDrivenDesign\VoiceDesigner\BackendApi->createApp()
#4 /wordpress/wp-includes/class-wp-hook.php(324): DataDrivenD in /wordpress/wp-content/plugins/the-voice-designer-by-data-driven-design/vendor/nategood/httpful/src/Httpful/Request.php on line 1028
[02-Jul-2025 07:06:52 UTC] OpenSSL SSL_connect: SSL_ERROR_SYSCALL in connection to app.thevoicedesigner.com:443 
[02-Jul-2025 07:06:52 UTC] PHP Fatal error:  Uncaught Httpful\Exception\ConnectionErrorException: Unable to connect to "https://app.thevoicedesigner.com/api/apps": 35 OpenSSL SSL_connect: SSL_ERROR_SYSCALL in connection to app.thevoicedesigner.com:443  in /wordpress/wp-content/plugins/the-voice-designer-by-data-driven-design/vendor/nategood/httpful/src/Httpful/Request.php:1028
Stack trace:
#0 /wordpress/wp-content/plugins/the-voice-designer-by-data-driven-design/vendor/nategood/httpful/src/Httpful/Request.php(204): Httpful\Request->buildResponse(false)
#1 /wordpress/wp-content/plugins/the-voice-designer-by-data-driven-design/src/BackendApi.php(53): Httpful\Request->send()
#2 /wordpress/wp-content/plugins/the-voice-designer-by-data-driven-design/src/BackendApi.php(32): DataDrivenDesign\VoiceDesigner\BackendApi->makeRequest(Object(Httpful\Request))
#3 /wordpress/wp-content/plugins/the-voice-designer-by-data-driven-design/src/Plugin.php(16): DataDrivenDesign\VoiceDesigner\BackendApi->createApp()
#4 /wordpress/wp-includes/class-wp-hook.php(324): DataDrivenD in /wordpress/wp-content/plugins/the-voice-designer-by-data-driven-design/vendor/nategood/httpful/src/Httpful/Request.php on line 1028
[02-Jul-2025 07:07:02 UTC] OpenSSL SSL_connect: SSL_ERROR_SYSCALL in connection to app.thevoicedesigner.com:443 
[02-Jul-2025 07:07:02 UTC] PHP Fatal error:  Uncaught Httpful\Exception\ConnectionErrorException: Unable to connect to "https://app.thevoicedesigner.com/api/apps": 35 OpenSSL SSL_connect: SSL_ERROR_SYSCALL in connection to app.thevoicedesigner.com:443  in /wordpress/wp-content/plugins/the-voice-designer-by-data-driven-design/vendor/nategood/httpful/src/Httpful/Request.php:1028
Stack trace:
#0 /wordpress/wp-content/plugins/the-voice-designer-by-data-driven-design/vendor/nategood/httpful/src/Httpful/Request.php(204): Httpful\Request->buildResponse(false)
#1 /wordpress/wp-content/plugins/the-voice-designer-by-data-driven-design/src/BackendApi.php(53): Httpful\Request->send()
#2 /wordpress/wp-content/plugins/the-voice-designer-by-data-driven-design/src/BackendApi.php(32): DataDrivenDesign\VoiceDesigner\BackendApi->makeRequest(Object(Httpful\Request))
#3 /wordpress/wp-content/plugins/the-voice-designer-by-data-driven-design/src/Plugin.php(16): DataDrivenDesign\VoiceDesigner\BackendApi->createApp()
#4 /wordpress/wp-includes/class-wp-hook.php(324): DataDrivenD in /wordpress/wp-content/plugins/the-voice-designer-by-data-driven-design/vendor/nategood/httpful/src/Httpful/Request.php on line 1028

    at Object.onBind (file:///home/runner/work/playground-tester/playground-tester/node_modules/@wp-playground/cli/run-cli-j-geJYS3.js:325:15)
    at process.processTicksAndRejections (node:internal/process/task_queues:105:5)
    at async re (file:///home/runner/work/playground-tester/playground-tester/node_modules/@wp-playground/cli/run-cli-j-geJYS3.js:149:10) {
  [cause]: Error: Error when executing the blueprint step #1 ({"step":"installPlugin","pluginData":{"resource":"wordpress.org/plugins","slug":"theme-check12"},"options":{"activate":true}}) : Could not download "https://downloads.wordpress.org/plugin/theme-check12.latest-stable.zip".
  				Check if the URL is correct and the server is reachable.
  				If it is reachable, the server might be blocking the request.
  				Check the browser console and network tabs for more information.
  
  				## Does the console show the error "No 'Access-Control-Allow-Origin' header"?
  
  				This means the server that hosts your file does not allow requests from other sites
  				(cross-origin requests, or CORS).	You need to move the asset to a server that allows
  				cross-origin file downloads. Learn more about CORS at
  				https://developer.mozilla.org/en-US/docs/Web/HTTP/CORS.
  
  				If your file is on GitHub, load it from "raw.githubusercontent.com".
  				Here's how to do that:
  
  				1. Start with the original GitHub URL of the file. For example:
  				https://github.com/username/repository/blob/branch/filename.
  				2. Replace "github.com" with "raw.githubusercontent.com".
  				3. Remove the "/blob/" part of the URL.
  
  				The resulting URL should look like this:
  				https://raw.githubusercontent.com/username/repository/branch/filename
  
  				Error:
  				Error: Could not download "https://downloads.wordpress.org/plugin/theme-check12.latest-stable.zip"
      at Object.run (file:///home/runner/work/playground-tester/playground-tester/node_modules/@wp-playground/blueprints/index.js:12093:19)
      at process.processTicksAndRejections (node:internal/process/task_queues:105:5)
      at async ys (file:///home/runner/work/playground-tester/playground-tester/node_modules/@wp-playground/blueprints/index.js:12196:3)
      at async Object.onBind (file:///home/runner/work/playground-tester/playground-tester/node_modules/@wp-playground/cli/run-cli-j-geJYS3.js:315:48)
      at async re (file:///home/runner/work/playground-tester/playground-tester/node_modules/@wp-playground/cli/run-cli-j-geJYS3.js:149:10) {
    [cause]: Error: Could not download "https://downloads.wordpress.org/plugin/theme-check12.latest-stable.zip".
    				Check if the URL is correct and the server is reachable.
    				If it is reachable, the server might be blocking the request.
    				Check the browser console and network tabs for more information.
    
    				## Does the console show the error "No 'Access-Control-Allow-Origin' header"?
    
    				This means the server that hosts your file does not allow requests from other sites
    				(cross-origin requests, or CORS).	You need to move the asset to a server that allows
    				cross-origin file downloads. Learn more about CORS at
    				https://developer.mozilla.org/en-US/docs/Web/HTTP/CORS.
    
    				If your file is on GitHub, load it from "raw.githubusercontent.com".
    				Here's how to do that:
    
    				1. Start with the original GitHub URL of the file. For example:
    				https://github.com/username/repository/blob/branch/filename.
    				2. Replace "github.com" with "raw.githubusercontent.com".
    				3. Remove the "/blob/" part of the URL.
    
    				The resulting URL should look like this:
    				https://raw.githubusercontent.com/username/repository/branch/filename
    
    				Error:
    				Error: Could not download "https://downloads.wordpress.org/plugin/theme-check12.latest-stable.zip"
        at Ct.resolve (file:///home/runner/work/playground-tester/playground-tester/node_modules/@wp-playground/blueprints/index.js:1129:13)
        at process.processTicksAndRejections (node:internal/process/task_queues:105:5)
        at async _.run (file:///home/runner/work/playground-tester/playground-tester/node_modules/@php-wasm/util/index.js:45:14)
  }
}

Node.js v23.11.0
