[
{"message":"file:///home/runner/work/playground-tester/playground-tester/node_modules/@wp-playground/cli/run-cli-j-geJYS3.js:325\n        throw new Error($, { cause: h });\n              ^\n","level":"FATAL","type":"PLAYGROUND","test":"ast-sqlite-boot","plugin":"cbxwpemaillogger","details":"file:///home/runner/work/playground-tester/playground-tester/node_modules/@wp-playground/cli/run-cli-j-geJYS3.js:325\n        throw new Error($, { cause: h });\n              ^\n","log":"/tmp/tmp.zoRY7Vm0Lo"}
,
{"message":"Array and string offset access syntax with curly braces is no longer supported in /wordpress/wp-content/plugins/dynamic-mo-loader/inc/mo_dynamic.php on line 397","level":"FATAL","type":"PHP","test":"ast-sqlite-boot","plugin":"cbxwpemaillogger","details":"[25-Jun-2025 22:52:47 UTC] PHP Fatal error:  Array and string offset access syntax with curly braces is no longer supported in /wordpress/wp-content/plugins/dynamic-mo-loader/inc/mo_dynamic.php on line 397","log":"/logs/plugins/c/cbxwpemaillogger/error.json"}
,
{"message":"Array and string offset access syntax with curly braces is no longer supported in /wordpress/wp-content/plugins/dynamic-mo-loader/inc/mo_dynamic.php on line 397","level":"FATAL","type":"PHP","test":"ast-sqlite-boot","plugin":"cbxwpemaillogger","details":"[25-Jun-2025 22:52:55 UTC] PHP Fatal error:  Array and string offset access syntax with curly braces is no longer supported in /wordpress/wp-content/plugins/dynamic-mo-loader/inc/mo_dynamic.php on line 397","log":"/logs/plugins/c/cbxwpemaillogger/error.json"}
,
{"message":"Array and string offset access syntax with curly braces is no longer supported in /wordpress/wp-content/plugins/dynamic-mo-loader/inc/mo_dynamic.php on line 397","level":"FATAL","type":"PHP","test":"ast-sqlite-boot","plugin":"cbxwpemaillogger","details":"[25-Jun-2025 22:53:04 UTC] PHP Fatal error:  Array and string offset access syntax with curly braces is no longer supported in /wordpress/wp-content/plugins/dynamic-mo-loader/inc/mo_dynamic.php on line 397","log":"/logs/plugins/c/cbxwpemaillogger/error.json"}
,
{"message":"Required parameter $item_id follows optional parameter $preview_curriculum in /wordpress/wp-content/plugins/dt-lms-lite/utils/utils-courses.php on line 582","level":"DEPRECATED","type":"PHP","test":"ast-sqlite-boot","plugin":"cbxwpemaillogger","details":"[25-Jun-2025 22:53:42 UTC] PHP Deprecated:  Required parameter $item_id follows optional parameter $preview_curriculum in /wordpress/wp-content/plugins/dt-lms-lite/utils/utils-courses.php on line 582","log":"/logs/plugins/c/cbxwpemaillogger/error.json"}
,
{"message":"Required parameter $type follows optional parameter $with_icon in /wordpress/wp-content/plugins/dt-lms-lite/utils/utils-courses-listing-items.php on line 277","level":"DEPRECATED","type":"PHP","test":"ast-sqlite-boot","plugin":"cbxwpemaillogger","details":"[25-Jun-2025 22:53:42 UTC] PHP Deprecated:  Required parameter $type follows optional parameter $with_icon in /wordpress/wp-content/plugins/dt-lms-lite/utils/utils-courses-listing-items.php on line 277","log":"/logs/plugins/c/cbxwpemaillogger/error.json"}
,
{"message":"Required parameter $commission_type follows optional parameter $instructor_id in /wordpress/wp-content/plugins/dt-lms-lite/statistics/statistics-utils.php on line 577","level":"DEPRECATED","type":"PHP","test":"ast-sqlite-boot","plugin":"cbxwpemaillogger","details":"[25-Jun-2025 22:53:42 UTC] PHP Deprecated:  Required parameter $commission_type follows optional parameter $instructor_id in /wordpress/wp-content/plugins/dt-lms-lite/statistics/statistics-utils.php on line 577","log":"/logs/plugins/c/cbxwpemaillogger/error.json"}
,
{"message":"Required parameter $commission_type follows optional parameter $instructor_id in /wordpress/wp-content/plugins/dt-lms-lite/statistics/statistics-utils.php on line 636","level":"DEPRECATED","type":"PHP","test":"ast-sqlite-boot","plugin":"cbxwpemaillogger","details":"[25-Jun-2025 22:53:42 UTC] PHP Deprecated:  Required parameter $commission_type follows optional parameter $instructor_id in /wordpress/wp-content/plugins/dt-lms-lite/statistics/statistics-utils.php on line 636","log":"/logs/plugins/c/cbxwpemaillogger/error.json"}
,
{"message":"Function _load_textdomain_just_in_time was called <strong>incorrectly</strong>. Translation loading for the <code>dtlms-lite</code> domain was triggered too early. This is usually an indicator for some code in the plugin or theme running too early. Translations should be loaded at the <code>init</code> action or later. Please see <a href=\"https://developer.wordpress.org/advanced-administration/debug/debug-wordpress/\">Debugging in WordPress</a> for more information. (This message was added in version 6.7.0.) in /wordpress/wp-includes/functions.php on line 6121","level":"NOTICE","type":"PHP","test":"ast-sqlite-boot","plugin":"cbxwpemaillogger","details":"[25-Jun-2025 22:53:43 UTC] PHP Notice:  Function _load_textdomain_just_in_time was called <strong>incorrectly</strong>. Translation loading for the <code>dtlms-lite</code> domain was triggered too early. This is usually an indicator for some code in the plugin or theme running too early. Translations should be loaded at the <code>init</code> action or later. Please see <a href=\"https://developer.wordpress.org/advanced-administration/debug/debug-wordpress/\">Debugging in WordPress</a> for more information. (This message was added in version 6.7.0.) in /wordpress/wp-includes/functions.php on line 6121","log":"/logs/plugins/c/cbxwpemaillogger/error.json"}
,
{"message":"Required parameter $item_id follows optional parameter $preview_curriculum in /wordpress/wp-content/plugins/dt-lms-lite/utils/utils-courses.php on line 582","level":"DEPRECATED","type":"PHP","test":"ast-sqlite-boot","plugin":"cbxwpemaillogger","details":"[25-Jun-2025 22:53:43 UTC] PHP Deprecated:  Required parameter $item_id follows optional parameter $preview_curriculum in /wordpress/wp-content/plugins/dt-lms-lite/utils/utils-courses.php on line 582","log":"/logs/plugins/c/cbxwpemaillogger/error.json"}
,
{"message":"Required parameter $type follows optional parameter $with_icon in /wordpress/wp-content/plugins/dt-lms-lite/utils/utils-courses-listing-items.php on line 277","level":"DEPRECATED","type":"PHP","test":"ast-sqlite-boot","plugin":"cbxwpemaillogger","details":"[25-Jun-2025 22:53:43 UTC] PHP Deprecated:  Required parameter $type follows optional parameter $with_icon in /wordpress/wp-content/plugins/dt-lms-lite/utils/utils-courses-listing-items.php on line 277","log":"/logs/plugins/c/cbxwpemaillogger/error.json"}
,
{"message":"Required parameter $commission_type follows optional parameter $instructor_id in /wordpress/wp-content/plugins/dt-lms-lite/statistics/statistics-utils.php on line 577","level":"DEPRECATED","type":"PHP","test":"ast-sqlite-boot","plugin":"cbxwpemaillogger","details":"[25-Jun-2025 22:53:43 UTC] PHP Deprecated:  Required parameter $commission_type follows optional parameter $instructor_id in /wordpress/wp-content/plugins/dt-lms-lite/statistics/statistics-utils.php on line 577","log":"/logs/plugins/c/cbxwpemaillogger/error.json"}
,
{"message":"Required parameter $commission_type follows optional parameter $instructor_id in /wordpress/wp-content/plugins/dt-lms-lite/statistics/statistics-utils.php on line 636","level":"DEPRECATED","type":"PHP","test":"ast-sqlite-boot","plugin":"cbxwpemaillogger","details":"[25-Jun-2025 22:53:43 UTC] PHP Deprecated:  Required parameter $commission_type follows optional parameter $instructor_id in /wordpress/wp-content/plugins/dt-lms-lite/statistics/statistics-utils.php on line 636","log":"/logs/plugins/c/cbxwpemaillogger/error.json"}
,
{"message":"Required parameter $item_id follows optional parameter $preview_curriculum in /wordpress/wp-content/plugins/dt-lms-lite/utils/utils-courses.php on line 582","level":"DEPRECATED","type":"PHP","test":"ast-sqlite-boot","plugin":"cbxwpemaillogger","details":"[25-Jun-2025 22:53:53 UTC] PHP Deprecated:  Required parameter $item_id follows optional parameter $preview_curriculum in /wordpress/wp-content/plugins/dt-lms-lite/utils/utils-courses.php on line 582","log":"/logs/plugins/c/cbxwpemaillogger/error.json"}
,
{"message":"Required parameter $type follows optional parameter $with_icon in /wordpress/wp-content/plugins/dt-lms-lite/utils/utils-courses-listing-items.php on line 277","level":"DEPRECATED","type":"PHP","test":"ast-sqlite-boot","plugin":"cbxwpemaillogger","details":"[25-Jun-2025 22:53:53 UTC] PHP Deprecated:  Required parameter $type follows optional parameter $with_icon in /wordpress/wp-content/plugins/dt-lms-lite/utils/utils-courses-listing-items.php on line 277","log":"/logs/plugins/c/cbxwpemaillogger/error.json"}
,
{"message":"Required parameter $commission_type follows optional parameter $instructor_id in /wordpress/wp-content/plugins/dt-lms-lite/statistics/statistics-utils.php on line 577","level":"DEPRECATED","type":"PHP","test":"ast-sqlite-boot","plugin":"cbxwpemaillogger","details":"[25-Jun-2025 22:53:53 UTC] PHP Deprecated:  Required parameter $commission_type follows optional parameter $instructor_id in /wordpress/wp-content/plugins/dt-lms-lite/statistics/statistics-utils.php on line 577","log":"/logs/plugins/c/cbxwpemaillogger/error.json"}
,
{"message":"Required parameter $commission_type follows optional parameter $instructor_id in /wordpress/wp-content/plugins/dt-lms-lite/statistics/statistics-utils.php on line 636","level":"DEPRECATED","type":"PHP","test":"ast-sqlite-boot","plugin":"cbxwpemaillogger","details":"[25-Jun-2025 22:53:53 UTC] PHP Deprecated:  Required parameter $commission_type follows optional parameter $instructor_id in /wordpress/wp-content/plugins/dt-lms-lite/statistics/statistics-utils.php on line 636","log":"/logs/plugins/c/cbxwpemaillogger/error.json"}
,
{"message":"Function _load_textdomain_just_in_time was called <strong>incorrectly</strong>. Translation loading for the <code>dtlms-lite</code> domain was triggered too early. This is usually an indicator for some code in the plugin or theme running too early. Translations should be loaded at the <code>init</code> action or later. Please see <a href=\"https://developer.wordpress.org/advanced-administration/debug/debug-wordpress/\">Debugging in WordPress</a> for more information. (This message was added in version 6.7.0.) in /wordpress/wp-includes/functions.php on line 6121","level":"NOTICE","type":"PHP","test":"ast-sqlite-boot","plugin":"cbxwpemaillogger","details":"[25-Jun-2025 22:53:54 UTC] PHP Notice:  Function _load_textdomain_just_in_time was called <strong>incorrectly</strong>. Translation loading for the <code>dtlms-lite</code> domain was triggered too early. This is usually an indicator for some code in the plugin or theme running too early. Translations should be loaded at the <code>init</code> action or later. Please see <a href=\"https://developer.wordpress.org/advanced-administration/debug/debug-wordpress/\">Debugging in WordPress</a> for more information. (This message was added in version 6.7.0.) in /wordpress/wp-includes/functions.php on line 6121","log":"/logs/plugins/c/cbxwpemaillogger/error.json"}
,
{"message":"Required parameter $item_id follows optional parameter $preview_curriculum in /wordpress/wp-content/plugins/dt-lms-lite/utils/utils-courses.php on line 582","level":"DEPRECATED","type":"PHP","test":"ast-sqlite-boot","plugin":"cbxwpemaillogger","details":"[25-Jun-2025 22:53:54 UTC] PHP Deprecated:  Required parameter $item_id follows optional parameter $preview_curriculum in /wordpress/wp-content/plugins/dt-lms-lite/utils/utils-courses.php on line 582","log":"/logs/plugins/c/cbxwpemaillogger/error.json"}
,
{"message":"Required parameter $type follows optional parameter $with_icon in /wordpress/wp-content/plugins/dt-lms-lite/utils/utils-courses-listing-items.php on line 277","level":"DEPRECATED","type":"PHP","test":"ast-sqlite-boot","plugin":"cbxwpemaillogger","details":"[25-Jun-2025 22:53:54 UTC] PHP Deprecated:  Required parameter $type follows optional parameter $with_icon in /wordpress/wp-content/plugins/dt-lms-lite/utils/utils-courses-listing-items.php on line 277","log":"/logs/plugins/c/cbxwpemaillogger/error.json"}
,
{"message":"Required parameter $commission_type follows optional parameter $instructor_id in /wordpress/wp-content/plugins/dt-lms-lite/statistics/statistics-utils.php on line 577","level":"DEPRECATED","type":"PHP","test":"ast-sqlite-boot","plugin":"cbxwpemaillogger","details":"[25-Jun-2025 22:53:54 UTC] PHP Deprecated:  Required parameter $commission_type follows optional parameter $instructor_id in /wordpress/wp-content/plugins/dt-lms-lite/statistics/statistics-utils.php on line 577","log":"/logs/plugins/c/cbxwpemaillogger/error.json"}
,
{"message":"Required parameter $commission_type follows optional parameter $instructor_id in /wordpress/wp-content/plugins/dt-lms-lite/statistics/statistics-utils.php on line 636","level":"DEPRECATED","type":"PHP","test":"ast-sqlite-boot","plugin":"cbxwpemaillogger","details":"[25-Jun-2025 22:53:54 UTC] PHP Deprecated:  Required parameter $commission_type follows optional parameter $instructor_id in /wordpress/wp-content/plugins/dt-lms-lite/statistics/statistics-utils.php on line 636","log":"/logs/plugins/c/cbxwpemaillogger/error.json"}
,
{"message":"Required parameter $item_id follows optional parameter $preview_curriculum in /wordpress/wp-content/plugins/dt-lms-lite/utils/utils-courses.php on line 582","level":"DEPRECATED","type":"PHP","test":"ast-sqlite-boot","plugin":"cbxwpemaillogger","details":"[25-Jun-2025 22:54:03 UTC] PHP Deprecated:  Required parameter $item_id follows optional parameter $preview_curriculum in /wordpress/wp-content/plugins/dt-lms-lite/utils/utils-courses.php on line 582","log":"/logs/plugins/c/cbxwpemaillogger/error.json"}
,
{"message":"Required parameter $type follows optional parameter $with_icon in /wordpress/wp-content/plugins/dt-lms-lite/utils/utils-courses-listing-items.php on line 277","level":"DEPRECATED","type":"PHP","test":"ast-sqlite-boot","plugin":"cbxwpemaillogger","details":"[25-Jun-2025 22:54:03 UTC] PHP Deprecated:  Required parameter $type follows optional parameter $with_icon in /wordpress/wp-content/plugins/dt-lms-lite/utils/utils-courses-listing-items.php on line 277","log":"/logs/plugins/c/cbxwpemaillogger/error.json"}
,
{"message":"Required parameter $commission_type follows optional parameter $instructor_id in /wordpress/wp-content/plugins/dt-lms-lite/statistics/statistics-utils.php on line 577","level":"DEPRECATED","type":"PHP","test":"ast-sqlite-boot","plugin":"cbxwpemaillogger","details":"[25-Jun-2025 22:54:03 UTC] PHP Deprecated:  Required parameter $commission_type follows optional parameter $instructor_id in /wordpress/wp-content/plugins/dt-lms-lite/statistics/statistics-utils.php on line 577","log":"/logs/plugins/c/cbxwpemaillogger/error.json"}
,
{"message":"Required parameter $commission_type follows optional parameter $instructor_id in /wordpress/wp-content/plugins/dt-lms-lite/statistics/statistics-utils.php on line 636","level":"DEPRECATED","type":"PHP","test":"ast-sqlite-boot","plugin":"cbxwpemaillogger","details":"[25-Jun-2025 22:54:03 UTC] PHP Deprecated:  Required parameter $commission_type follows optional parameter $instructor_id in /wordpress/wp-content/plugins/dt-lms-lite/statistics/statistics-utils.php on line 636","log":"/logs/plugins/c/cbxwpemaillogger/error.json"}
,
{"message":"Function _load_textdomain_just_in_time was called <strong>incorrectly</strong>. Translation loading for the <code>dtlms-lite</code> domain was triggered too early. This is usually an indicator for some code in the plugin or theme running too early. Translations should be loaded at the <code>init</code> action or later. Please see <a href=\"https://developer.wordpress.org/advanced-administration/debug/debug-wordpress/\">Debugging in WordPress</a> for more information. (This message was added in version 6.7.0.) in /wordpress/wp-includes/functions.php on line 6121","level":"NOTICE","type":"PHP","test":"ast-sqlite-boot","plugin":"cbxwpemaillogger","details":"[25-Jun-2025 22:54:04 UTC] PHP Notice:  Function _load_textdomain_just_in_time was called <strong>incorrectly</strong>. Translation loading for the <code>dtlms-lite</code> domain was triggered too early. This is usually an indicator for some code in the plugin or theme running too early. Translations should be loaded at the <code>init</code> action or later. Please see <a href=\"https://developer.wordpress.org/advanced-administration/debug/debug-wordpress/\">Debugging in WordPress</a> for more information. (This message was added in version 6.7.0.) in /wordpress/wp-includes/functions.php on line 6121","log":"/logs/plugins/c/cbxwpemaillogger/error.json"}
,
{"message":"Required parameter $item_id follows optional parameter $preview_curriculum in /wordpress/wp-content/plugins/dt-lms-lite/utils/utils-courses.php on line 582","level":"DEPRECATED","type":"PHP","test":"ast-sqlite-boot","plugin":"cbxwpemaillogger","details":"[25-Jun-2025 22:54:04 UTC] PHP Deprecated:  Required parameter $item_id follows optional parameter $preview_curriculum in /wordpress/wp-content/plugins/dt-lms-lite/utils/utils-courses.php on line 582","log":"/logs/plugins/c/cbxwpemaillogger/error.json"}
,
{"message":"Required parameter $type follows optional parameter $with_icon in /wordpress/wp-content/plugins/dt-lms-lite/utils/utils-courses-listing-items.php on line 277","level":"DEPRECATED","type":"PHP","test":"ast-sqlite-boot","plugin":"cbxwpemaillogger","details":"[25-Jun-2025 22:54:04 UTC] PHP Deprecated:  Required parameter $type follows optional parameter $with_icon in /wordpress/wp-content/plugins/dt-lms-lite/utils/utils-courses-listing-items.php on line 277","log":"/logs/plugins/c/cbxwpemaillogger/error.json"}
,
{"message":"Required parameter $commission_type follows optional parameter $instructor_id in /wordpress/wp-content/plugins/dt-lms-lite/statistics/statistics-utils.php on line 577","level":"DEPRECATED","type":"PHP","test":"ast-sqlite-boot","plugin":"cbxwpemaillogger","details":"[25-Jun-2025 22:54:04 UTC] PHP Deprecated:  Required parameter $commission_type follows optional parameter $instructor_id in /wordpress/wp-content/plugins/dt-lms-lite/statistics/statistics-utils.php on line 577","log":"/logs/plugins/c/cbxwpemaillogger/error.json"}
,
{"message":"Required parameter $commission_type follows optional parameter $instructor_id in /wordpress/wp-content/plugins/dt-lms-lite/statistics/statistics-utils.php on line 636","level":"DEPRECATED","type":"PHP","test":"ast-sqlite-boot","plugin":"cbxwpemaillogger","details":"[25-Jun-2025 22:54:04 UTC] PHP Deprecated:  Required parameter $commission_type follows optional parameter $instructor_id in /wordpress/wp-content/plugins/dt-lms-lite/statistics/statistics-utils.php on line 636","log":"/logs/plugins/c/cbxwpemaillogger/error.json"}
,
{"message":"Uncaught PDOException: SQLSTATE[HY000] [2002] Address family not supported by protocol in /wordpress/wp-content/plugins/cbxwpemaillogger/vendor/illuminate/database/Connectors/Connector.php:70","level":"FATAL","type":"PHP","test":"ast-sqlite-boot","plugin":"cbxwpemaillogger","details":"[25-Jun-2025 22:55:44 UTC] PHP Fatal error:  Uncaught PDOException: SQLSTATE[HY000] [2002] Address family not supported by protocol in /wordpress/wp-content/plugins/cbxwpemaillogger/vendor/illuminate/database/Connectors/Connector.php:70\nStack trace:\n#0 /wordpress/wp-content/plugins/cbxwpemaillogger/vendor/illuminate/database/Connectors/Connector.php(70): PDO->__construct('mysql:host=loca...', 'username_here', Object(SensitiveParameterValue), Array)\n#1 /wordpress/wp-content/plugins/cbxwpemaillogger/vendor/illuminate/database/Connectors/Connector.php(45): Illuminate\\Database\\Connectors\\Connector->createPdoConnection('mysql:host=loca...', 'username_here', 'password_here', Array)\n#2 /wordpress/wp-content/plugins/cbxwpemaillogger/vendor/illuminate/database/Connectors/MySqlConnector.php(24): Illuminate\\Database\\Connectors\\Connector->createConnection('mysql:host=loca...', Array, Array)\n#3 /wordpress/wp-content/plugins/cbxwpemaillogger/vendor/illuminate/database/Connectors/ConnectionFactory.php(184): Illuminate\\Database\\Connectors\\MySqlConnector->connect(Array)\n#4 [internal function]: Illuminate\\Database\\Connectors\\ConnectionFactory->Illuminate\\Database\\Connectors\\{closure}()\n#5 /wordpress/wp-content/plugins/cbxwpemaillogger/vendor/illuminate/database/Connection.php(1064): call_user_func(Object(Closure))\n#6 /wordpress/wp-content/plugins/cbxwpemaillogger/vendor/illuminate/database/Connection.php(1100): Illuminate\\Database\\Connection->getPdo()\n#7 /wordpress/wp-content/plugins/cbxwpemaillogger/vendor/illuminate/database/Connection.php(442): Illuminate\\Database\\Connection->getReadPdo()\n#8 /wordpress/wp-content/plugins/cbxwpemaillogger/vendor/illuminate/database/Connection.php(368): Illuminate\\Database\\Connection->getPdoForSelect(true)\n#9 /wordpress/wp-content/plugins/cbxwpemaillogger/vendor/illuminate/database/Connection.php(705): Illuminate\\Database\\Connection->Illuminate\\Database\\{closure}('select * from i...', Array)\n#10 /wordpress/wp-content/plugins/cbxwpemaillogger/vendor/illuminate/database/Connection.php(672): Illuminate\\Database\\Connection->runQueryCallback('select * from i...', Array, Object(Closure))\n#11 /wordpress/wp-content/plugins/cbxwpemaillogger/vendor/illuminate/database/Connection.php(359): Illuminate\\Database\\Connection->run('select * from i...', Array, Object(Closure))\n#12 /wordpress/wp-content/plugins/cbxwpemaillogger/vendor/illuminate/database/Schema/MySqlBuilder.php(43): Illuminate\\Database\\Connection->select('select * from i...', Array)\n#13 /wordpress/wp-content/plugins/cbxwpemaillogger/includes/MigrationManage.php(28): Illuminate\\Database\\Schema\\MySqlBuilder->hasTable('wp_cbxmigration...')\n#14 /wordpress/wp-content/plugins/cbxwpemaillogger/includes/Helpers/ComfortSmtpHelpers.php(1491): Comfort\\Crm\\Smtp\\MigrationManage::run()\n#15 /wordpress/wp-content/plugins/cbxwpemaillogger/includes/Helpers/ComfortSmtpHelpers.php(1401): Comfort\\Crm\\Smtp\\Helpers\\ComfortSmtpHelpers::migration_and_defaults()\n#16 /wordpress/wp-content/plugins/cbxwpemaillogger/cbxwpemaillogger.php(115): Comfort\\Crm\\Smtp\\Helpers\\ComfortSmtpHelpers::activate()\n#17 /wordpress/wp-includes/class-wp-hook.php(324): activate_comfortsmtp(false)\n#18 /wordpress/wp-includes/class-wp-hook.php(348): WP_Hook->apply_filters('', Array)\n#19 /wordpress/wp-includes/plugin.php(517): WP_Hook->do_action(Array)\n#20 /wordpress/wp-admin/includes/plugin.php(703): do_action('activate_cbxwpe...', false)\n#21 /internal/eval.php(20): activate_plugin('cbxwpemaillogge...')\n#22 {main}\n\nNext Illuminate\\Database\\QueryException: SQLSTATE[HY000] [2002] Address family not supported by protocol (SQL: select * from information_schema.tables where table_schema = database_name_here and table_name = wp_cbxmigrations and table_type = 'BASE TABLE') in /wordpress/wp-content/plugins/cbxwpemaillogger/vendor/illuminate/database/Connection.php:712\nStack trace:\n#0 /wordpress/wp-content/plugins/cbxwpemaillogger/vendor/illuminate/database/Connection.php(672): Illuminate\\Database\\Connection->runQueryCallback('select * from i...', Array, Object(Closure))\n#1 /wordpress/wp-content/plugins/cbxwpemaillogger/vendor/illuminate/database/Connection.php(359): Illuminate\\Database\\Connection->run('select * from i...', Array, Object(Closure))\n#2 /wordpress/wp-content/plugins/cbxwpemaillogger/vendor/illuminate/database/Schema/MySqlBuilder.php(43): Illuminate\\Database\\Connection->select('select * from i...', Array)\n#3 /wordpress/wp-content/plugins/cbxwpemaillogger/includes/MigrationManage.php(28): Illuminate\\Database\\Schema\\MySqlBuilder->hasTable('wp_cbxmigration...')\n#4 /wordpress/wp-content/plugins/cbxwpemaillogger/includes/Helpers/ComfortSmtpHelpers.php(1491): Comfort\\Crm\\Smtp\\MigrationManage::run()\n#5 /wordpress/wp-content/plugins/cbxwpemaillogger/includes/Helpers/ComfortSmtpHelpers.php(1401): Comfort\\Crm\\Smtp\\Helpers\\ComfortSmtpHelpers::migration_and_defaults()\n#6 /wordpress/wp-content/plugins/cbxwpemaillogger/cbxwpemaillogger.php(115): Comfort\\Crm\\Smtp\\Helpers\\ComfortSmtpHelpers::activate()\n#7 /wordpress/wp-includes/class-wp-hook.php(324): activate_comfortsmtp(false)\n#8 /wordpress/wp-includes/class-wp-hook.php(348): WP_Hook->apply_filters('', Array)\n#9 /wordpress/wp-includes/plugin.php(517): WP_Hook->do_action(Array)\n#10 /wordpress/wp-admin/includes/plugin.php(703): do_action('activate_cbxwpe...', false)\n#11 /internal/eval.php(20): activate_plugin('cbxwpemaillogge...')\n#12 {main}\n  thrown in /wordpress/wp-content/plugins/cbxwpemaillogger/vendor/illuminate/database/Connection.php on line 712\n\n    at Object.onBind (file:///home/runner/work/playground-tester/playground-tester/node_modules/@wp-playground/cli/run-cli-j-geJYS3.js:325:15)\n    at process.processTicksAndRejections (node:internal/process/task_queues:105:5)\n    at async re (file:///home/runner/work/playground-tester/playground-tester/node_modules/@wp-playground/cli/run-cli-j-geJYS3.js:149:10) {\n  [cause]: Error: Error when executing the blueprint step #5 ({\"step\":\"installPlugin\",\"pluginData\":{\"resource\":\"wordpress.org/plugins\",\"slug\":\"cbxwpemaillogger\"},\"options\":{\"activate\":true}}) : PHP.run() failed with exit code 255 and the following output: \n      at Object.run (file:///home/runner/work/playground-tester/playground-tester/node_modules/@wp-playground/blueprints/index.js:12093:19)\n      at process.processTicksAndRejections (node:internal/process/task_queues:105:5)\n      at async ys (file:///home/runner/work/playground-tester/playground-tester/node_modules/@wp-playground/blueprints/index.js:12196:3)\n      at async Object.onBind (file:///home/runner/work/playground-tester/playground-tester/node_modules/@wp-playground/cli/run-cli-j-geJYS3.js:315:48)\n      at async re (file:///home/runner/work/playground-tester/playground-tester/node_modules/@wp-playground/cli/run-cli-j-geJYS3.js:149:10) {\n    [cause]: PHPExecutionFailureError: PHP.run() failed with exit code 255 and the following output: \n        at PHP.run (file:///home/runner/work/playground-tester/playground-tester/node_modules/@php-wasm/universal/index.js:1034:19)\n        at process.processTicksAndRejections (node:internal/process/task_queues:105:5)\n        at async wr (file:///home/runner/work/playground-tester/playground-tester/node_modules/@wp-playground/blueprints/index.js:34:39)\n        at async Object.gt [as installPlugin] (file:///home/runner/work/playground-tester/playground-tester/node_modules/@wp-playground/blueprints/index.js:631:42)\n        at async g (file:///home/runner/work/playground-tester/playground-tester/node_modules/@wp-playground/blueprints/index.js:12161:30)\n        at async Object.run (file:///home/runner/work/playground-tester/playground-tester/node_modules/@wp-playground/blueprints/index.js:12090:23)\n        at async ys (file:///home/runner/work/playground-tester/playground-tester/node_modules/@wp-playground/blueprints/index.js:12196:3)\n        at async Object.onBind (file:///home/runner/work/playground-tester/playground-tester/node_modules/@wp-playground/cli/run-cli-j-geJYS3.js:315:48)\n        at async re (file:///home/runner/work/playground-tester/playground-tester/node_modules/@wp-playground/cli/run-cli-j-geJYS3.js:149:10) {\n      response: PHPResponse {\n        httpStatusCode: 500,\n        headers: {\n          'x-powered-by': [ 'PHP/8.2.10-dev' ],\n          'content-type': [ 'text/html; charset=UTF-8' ]\n        },\n        bytes: Uint8Array(0) [],\n        exitCode: 255,\n        errors: ''\n      },\n      source: 'request'\n    }\n  }\n}\n\n","log":"/logs/plugins/c/cbxwpemaillogger/error.json"}
]
