[
{"message":"file:///home/runner/work/playground-tester/playground-tester/node_modules/@wp-playground/cli/index.js:237\n        throw new Error(y, { cause: u });\n              ^\n","level":"FATAL","type":"PLAYGROUND","test":"asyncify-boot","plugin":"littlebaby","details":"file:///home/runner/work/playground-tester/playground-tester/node_modules/@wp-playground/cli/index.js:237\n        throw new Error(y, { cause: u });\n              ^\n","log":"/tmp/tmp.YNsRLN70Wo"}
,
{"message":"Uncaught Error: Call to undefined function create_function() in /wordpress/wp-content/plugins/lol-free-champion-rotation/index.php:96","level":"FATAL","type":"PHP","test":"asyncify-boot","plugin":"littlebaby","details":"[02-Jun-2025 15:32:20 UTC] PHP Fatal error:  Uncaught Error: Call to undefined function create_function() in /wordpress/wp-content/plugins/lol-free-champion-rotation/index.php:96\nStack trace:\n#0 /wordpress/wp-admin/includes/plugin.php(2387): include_once()\n#1 /wordpress/wp-admin/includes/plugin.php(673): plugin_sandbox_scrape('lol-free-champi...')\n#2 /internal/eval.php(20): activate_plugin('lol-free-champi...')\n#3 {main}\n  thrown in /wordpress/wp-content/plugins/lol-free-champion-rotation/index.php on line 96","log":"/logs/plugins/l/littlebaby/error.json"}
,
{"message":"Uncaught Error: Call to undefined function create_function() in /wordpress/wp-content/plugins/lol-free-champion-rotation/index.php:96","level":"FATAL","type":"PHP","test":"asyncify-boot","plugin":"littlebaby","details":"[02-Jun-2025 15:32:28 UTC] PHP Fatal error:  Uncaught Error: Call to undefined function create_function() in /wordpress/wp-content/plugins/lol-free-champion-rotation/index.php:96\nStack trace:\n#0 /wordpress/wp-admin/includes/plugin.php(2387): include_once()\n#1 /wordpress/wp-admin/includes/plugin.php(673): plugin_sandbox_scrape('lol-free-champi...')\n#2 /internal/eval.php(20): activate_plugin('lol-free-champi...')\n#3 {main}\n  thrown in /wordpress/wp-content/plugins/lol-free-champion-rotation/index.php on line 96","log":"/logs/plugins/l/littlebaby/error.json"}
,
{"message":"Uncaught Error: Call to undefined function create_function() in /wordpress/wp-content/plugins/lol-free-champion-rotation/index.php:96","level":"FATAL","type":"PHP","test":"asyncify-boot","plugin":"littlebaby","details":"[02-Jun-2025 15:32:36 UTC] PHP Fatal error:  Uncaught Error: Call to undefined function create_function() in /wordpress/wp-content/plugins/lol-free-champion-rotation/index.php:96\nStack trace:\n#0 /wordpress/wp-admin/includes/plugin.php(2387): include_once()\n#1 /wordpress/wp-admin/includes/plugin.php(673): plugin_sandbox_scrape('lol-free-champi...')\n#2 /internal/eval.php(20): activate_plugin('lol-free-champi...')\n#3 {main}\n  thrown in /wordpress/wp-content/plugins/lol-free-champion-rotation/index.php on line 96","log":"/logs/plugins/l/littlebaby/error.json"}
,
{"message":"Undefined array key \"p`.`post_name\" in /internal/shared/sqlite-database-integration/wp-includes/sqlite-ast/class-wp-sqlite-driver.php on line 3146","level":"WARNING","type":"PHP","test":"asyncify-boot","plugin":"littlebaby","details":"[02-Jun-2025 15:32:45 UTC] PHP Warning:  Undefined array key \"p`.`post_name\" in /internal/shared/sqlite-database-integration/wp-includes/sqlite-ast/class-wp-sqlite-driver.php on line 3146","log":"/logs/plugins/l/littlebaby/error.json"}
,
{"message":"Trying to access array offset on value of type null in /internal/shared/sqlite-database-integration/wp-includes/sqlite-ast/class-wp-sqlite-driver.php on line 3147","level":"WARNING","type":"PHP","test":"asyncify-boot","plugin":"littlebaby","details":"[02-Jun-2025 15:32:45 UTC] PHP Warning:  Trying to access array offset on value of type null in /internal/shared/sqlite-database-integration/wp-includes/sqlite-ast/class-wp-sqlite-driver.php on line 3147","log":"/logs/plugins/l/littlebaby/error.json"}
,
{"message":"Trying to access array offset on value of type null in /internal/shared/sqlite-database-integration/wp-includes/sqlite-ast/class-wp-sqlite-driver.php on line 3148","level":"WARNING","type":"PHP","test":"asyncify-boot","plugin":"littlebaby","details":"[02-Jun-2025 15:32:45 UTC] PHP Warning:  Trying to access array offset on value of type null in /internal/shared/sqlite-database-integration/wp-includes/sqlite-ast/class-wp-sqlite-driver.php on line 3148","log":"/logs/plugins/l/littlebaby/error.json"}
,
{"message":"Trying to access array offset on value of type null in /internal/shared/sqlite-database-integration/wp-includes/sqlite-ast/class-wp-sqlite-driver.php on line 3149","level":"WARNING","type":"PHP","test":"asyncify-boot","plugin":"littlebaby","details":"[02-Jun-2025 15:32:45 UTC] PHP Warning:  Trying to access array offset on value of type null in /internal/shared/sqlite-database-integration/wp-includes/sqlite-ast/class-wp-sqlite-driver.php on line 3149","log":"/logs/plugins/l/littlebaby/error.json"}
,
{"message":"Undefined array key \"p`.`post_name\" in /internal/shared/sqlite-database-integration/wp-includes/sqlite-ast/class-wp-sqlite-driver.php on line 3146","level":"WARNING","type":"PHP","test":"asyncify-boot","plugin":"littlebaby","details":"[02-Jun-2025 15:32:47 UTC] PHP Warning:  Undefined array key \"p`.`post_name\" in /internal/shared/sqlite-database-integration/wp-includes/sqlite-ast/class-wp-sqlite-driver.php on line 3146","log":"/logs/plugins/l/littlebaby/error.json"}
,
{"message":"Trying to access array offset on value of type null in /internal/shared/sqlite-database-integration/wp-includes/sqlite-ast/class-wp-sqlite-driver.php on line 3147","level":"WARNING","type":"PHP","test":"asyncify-boot","plugin":"littlebaby","details":"[02-Jun-2025 15:32:47 UTC] PHP Warning:  Trying to access array offset on value of type null in /internal/shared/sqlite-database-integration/wp-includes/sqlite-ast/class-wp-sqlite-driver.php on line 3147","log":"/logs/plugins/l/littlebaby/error.json"}
,
{"message":"Trying to access array offset on value of type null in /internal/shared/sqlite-database-integration/wp-includes/sqlite-ast/class-wp-sqlite-driver.php on line 3148","level":"WARNING","type":"PHP","test":"asyncify-boot","plugin":"littlebaby","details":"[02-Jun-2025 15:32:47 UTC] PHP Warning:  Trying to access array offset on value of type null in /internal/shared/sqlite-database-integration/wp-includes/sqlite-ast/class-wp-sqlite-driver.php on line 3148","log":"/logs/plugins/l/littlebaby/error.json"}
,
{"message":"Trying to access array offset on value of type null in /internal/shared/sqlite-database-integration/wp-includes/sqlite-ast/class-wp-sqlite-driver.php on line 3149","level":"WARNING","type":"PHP","test":"asyncify-boot","plugin":"littlebaby","details":"[02-Jun-2025 15:32:47 UTC] PHP Warning:  Trying to access array offset on value of type null in /internal/shared/sqlite-database-integration/wp-includes/sqlite-ast/class-wp-sqlite-driver.php on line 3149","log":"/logs/plugins/l/littlebaby/error.json"}
,
{"message":"SQLSTATE[HY000]: General error: 1 near \"p\": syntax error.","level":"FATAL","type":"SQL","test":"asyncify-boot","plugin":"littlebaby","details":"[02-Jun-2025 15:32:55 UTC] WordPress database error <div style=\"clear:both\">&nbsp;</div>\n<div class=\"queries\" style=\"clear:both;margin-bottom:2px;border:red dotted thin;\">\n<p>MySQL query:</p>\n<p>UPDATE wp_posts p JOIN wp_postmeta m ON m.post_id = p.ID SET p.post_name = m.meta_value WHERE m.meta_key = 'longer-permalinks-post-name-longer';</p>\n<p>Queries made or created this session were:</p>\n<ol>\n<li>Executing: BEGIN | (no parameters)</li>\n<li>Executing: UPDATE wp_posts p JOIN wp_postmeta m ON m.post_id = p.ID SET p.post_name = m.meta_value WHERE rowid IN (SELECT rowid FROM wp_posts WHERE m.meta_key = :param0 ); | parameters: longer-permalinks-post-name-longer</li>\n<li>Executing: ROLLBACK | (no parameters)</li>\n</ol>\n</div>\n<div style=\"clear:both;margin-bottom:2px;border:red dotted thin;\" class=\"error_message\" style=\"border-bottom:dotted blue thin;\">\nError occurred at line 4117 in Function <code>handle_error</code>. Error message was: SQLSTATE[HY000]: General error: 1 near \"p\": syntax error.\n</div>\n<p>Backtrace:</p>\n<pre>#0 /internal/shared/sqlite-database-integration/wp-includes/sqlite/class-wp-sqlite-db.php(287): WP_SQLite_Translator->get_error_message()\n#1 /wordpress/wp-content/plugins/longer-permalinks/longer-permalinks.php(136): WP_SQLite_DB->query('UPDATE wp_posts...')\n#2 /wordpress/wp-content/plugins/longer-permalinks/longer-permalinks.php(82): longer_permalinks_revert_longer_titles()\n#3 /wordpress/wp-admin/includes/plugin.php(2387): include_once('/wordpress/wp-c...')\n#4 /wordpress/wp-admin/includes/plugin.php(673): plugin_sandbox_scrape('longer-permalin...')\n#5 /internal/eval.php(20): activate_plugin('longer-permalin...')\n#6 {main}</pre>\n for query UPDATE wp_posts p JOIN wp_postmeta m ON m.post_id = p.ID SET p.post_name = m.meta_value WHERE m.meta_key = 'longer-permalinks-post-name-longer'; made by activate_plugin, plugin_sandbox_scrape, include_once('/plugins/longer-permalinks/longer-permalinks.php'), longer_permalinks_revert_longer_titles, WP_SQLite_DB->query, WP_SQLite_DB->print_error","log":"/logs/plugins/l/littlebaby/error.json"}
,
{"message":"SQLSTATE[HY000]: General error: 1 near \"p\": syntax error.","level":"FATAL","type":"SQL","test":"asyncify-boot","plugin":"littlebaby","details":"[02-Jun-2025 15:32:57 UTC] WordPress database error <div style=\"clear:both\">&nbsp;</div>\n<div class=\"queries\" style=\"clear:both;margin-bottom:2px;border:red dotted thin;\">\n<p>MySQL query:</p>\n<p>UPDATE wp_posts p JOIN wp_postmeta m ON m.post_id = p.ID SET p.post_name = m.meta_value WHERE m.meta_key = 'longer-permalinks-post-name-longer';</p>\n<p>Queries made or created this session were:</p>\n<ol>\n<li>Executing: BEGIN | (no parameters)</li>\n<li>Executing: UPDATE wp_posts p JOIN wp_postmeta m ON m.post_id = p.ID SET p.post_name = m.meta_value WHERE rowid IN (SELECT rowid FROM wp_posts WHERE m.meta_key = :param0 ); | parameters: longer-permalinks-post-name-longer</li>\n<li>Executing: ROLLBACK | (no parameters)</li>\n</ol>\n</div>\n<div style=\"clear:both;margin-bottom:2px;border:red dotted thin;\" class=\"error_message\" style=\"border-bottom:dotted blue thin;\">\nError occurred at line 4117 in Function <code>handle_error</code>. Error message was: SQLSTATE[HY000]: General error: 1 near \"p\": syntax error.\n</div>\n<p>Backtrace:</p>\n<pre>#0 /internal/shared/sqlite-database-integration/wp-includes/sqlite/class-wp-sqlite-db.php(287): WP_SQLite_Translator->get_error_message()\n#1 /wordpress/wp-content/plugins/longer-permalinks/longer-permalinks.php(136): WP_SQLite_DB->query('UPDATE wp_posts...')\n#2 /wordpress/wp-content/plugins/longer-permalinks/longer-permalinks.php(82): longer_permalinks_revert_longer_titles()\n#3 /wordpress/wp-settings.php(545): include_once('/wordpress/wp-c...')\n#4 /wordpress/wp-config.php(102): require_once('/wordpress/wp-s...')\n#5 /wordpress/wp-load.php(50): require_once('/wordpress/wp-c...')\n#6 /internal/eval.php(3): require_once('/wordpress/wp-l...')\n#7 {main}</pre>\n for query UPDATE wp_posts p JOIN wp_postmeta m ON m.post_id = p.ID SET p.post_name = m.meta_value WHERE m.meta_key = 'longer-permalinks-post-name-longer'; made by require_once('wp-load.php'), require_once('wp-config.php'), require_once('wp-settings.php'), include_once('/plugins/longer-permalinks/longer-permalinks.php'), longer_permalinks_revert_longer_titles, WP_SQLite_DB->query, WP_SQLite_DB->print_error","log":"/logs/plugins/l/littlebaby/error.json"}
,
{"message":"SQLSTATE[HY000]: General error: 1 near \"p\": syntax error.","level":"FATAL","type":"SQL","test":"asyncify-boot","plugin":"littlebaby","details":"[02-Jun-2025 15:33:05 UTC] WordPress database error <div style=\"clear:both\">&nbsp;</div>\n<div class=\"queries\" style=\"clear:both;margin-bottom:2px;border:red dotted thin;\">\n<p>MySQL query:</p>\n<p>UPDATE wp_posts p JOIN wp_postmeta m ON m.post_id = p.ID SET p.post_name = m.meta_value WHERE m.meta_key = 'longer-permalinks-post-name-longer';</p>\n<p>Queries made or created this session were:</p>\n<ol>\n<li>Executing: BEGIN | (no parameters)</li>\n<li>Executing: UPDATE wp_posts p JOIN wp_postmeta m ON m.post_id = p.ID SET p.post_name = m.meta_value WHERE rowid IN (SELECT rowid FROM wp_posts WHERE m.meta_key = :param0 ); | parameters: longer-permalinks-post-name-longer</li>\n<li>Executing: ROLLBACK | (no parameters)</li>\n</ol>\n</div>\n<div style=\"clear:both;margin-bottom:2px;border:red dotted thin;\" class=\"error_message\" style=\"border-bottom:dotted blue thin;\">\nError occurred at line 4117 in Function <code>handle_error</code>. Error message was: SQLSTATE[HY000]: General error: 1 near \"p\": syntax error.\n</div>\n<p>Backtrace:</p>\n<pre>#0 /internal/shared/sqlite-database-integration/wp-includes/sqlite/class-wp-sqlite-db.php(287): WP_SQLite_Translator->get_error_message()\n#1 /wordpress/wp-content/plugins/longer-permalinks/longer-permalinks.php(136): WP_SQLite_DB->query('UPDATE wp_posts...')\n#2 /wordpress/wp-content/plugins/longer-permalinks/longer-permalinks.php(82): longer_permalinks_revert_longer_titles()\n#3 /wordpress/wp-admin/includes/plugin.php(2387): include_once('/wordpress/wp-c...')\n#4 /wordpress/wp-admin/includes/plugin.php(673): plugin_sandbox_scrape('longer-permalin...')\n#5 /internal/eval.php(20): activate_plugin('longer-permalin...')\n#6 {main}</pre>\n for query UPDATE wp_posts p JOIN wp_postmeta m ON m.post_id = p.ID SET p.post_name = m.meta_value WHERE m.meta_key = 'longer-permalinks-post-name-longer'; made by activate_plugin, plugin_sandbox_scrape, include_once('/plugins/longer-permalinks/longer-permalinks.php'), longer_permalinks_revert_longer_titles, WP_SQLite_DB->query, WP_SQLite_DB->print_error","log":"/logs/plugins/l/littlebaby/error.json"}
,
{"message":"SQLSTATE[HY000]: General error: 1 near \"p\": syntax error.","level":"FATAL","type":"SQL","test":"asyncify-boot","plugin":"littlebaby","details":"[02-Jun-2025 15:33:06 UTC] WordPress database error <div style=\"clear:both\">&nbsp;</div>\n<div class=\"queries\" style=\"clear:both;margin-bottom:2px;border:red dotted thin;\">\n<p>MySQL query:</p>\n<p>UPDATE wp_posts p JOIN wp_postmeta m ON m.post_id = p.ID SET p.post_name = m.meta_value WHERE m.meta_key = 'longer-permalinks-post-name-longer';</p>\n<p>Queries made or created this session were:</p>\n<ol>\n<li>Executing: BEGIN | (no parameters)</li>\n<li>Executing: UPDATE wp_posts p JOIN wp_postmeta m ON m.post_id = p.ID SET p.post_name = m.meta_value WHERE rowid IN (SELECT rowid FROM wp_posts WHERE m.meta_key = :param0 ); | parameters: longer-permalinks-post-name-longer</li>\n<li>Executing: ROLLBACK | (no parameters)</li>\n</ol>\n</div>\n<div style=\"clear:both;margin-bottom:2px;border:red dotted thin;\" class=\"error_message\" style=\"border-bottom:dotted blue thin;\">\nError occurred at line 4117 in Function <code>handle_error</code>. Error message was: SQLSTATE[HY000]: General error: 1 near \"p\": syntax error.\n</div>\n<p>Backtrace:</p>\n<pre>#0 /internal/shared/sqlite-database-integration/wp-includes/sqlite/class-wp-sqlite-db.php(287): WP_SQLite_Translator->get_error_message()\n#1 /wordpress/wp-content/plugins/longer-permalinks/longer-permalinks.php(136): WP_SQLite_DB->query('UPDATE wp_posts...')\n#2 /wordpress/wp-content/plugins/longer-permalinks/longer-permalinks.php(82): longer_permalinks_revert_longer_titles()\n#3 /wordpress/wp-settings.php(545): include_once('/wordpress/wp-c...')\n#4 /wordpress/wp-config.php(102): require_once('/wordpress/wp-s...')\n#5 /wordpress/wp-load.php(50): require_once('/wordpress/wp-c...')\n#6 /internal/eval.php(3): require_once('/wordpress/wp-l...')\n#7 {main}</pre>\n for query UPDATE wp_posts p JOIN wp_postmeta m ON m.post_id = p.ID SET p.post_name = m.meta_value WHERE m.meta_key = 'longer-permalinks-post-name-longer'; made by require_once('wp-load.php'), require_once('wp-config.php'), require_once('wp-settings.php'), include_once('/plugins/longer-permalinks/longer-permalinks.php'), longer_permalinks_revert_longer_titles, WP_SQLite_DB->query, WP_SQLite_DB->print_error","log":"/logs/plugins/l/littlebaby/error.json"}
,
{"message":"Function register_sidebar_widget is <strong>deprecated</strong> since version 2.8.0! Use wp_register_sidebar_widget() instead. in /wordpress/wp-includes/functions.php on line 6121","level":"DEPRECATED","type":"PHP","test":"asyncify-boot","plugin":"littlebaby","details":"[02-Jun-2025 15:34:14 UTC] PHP Deprecated:  Function register_sidebar_widget is <strong>deprecated</strong> since version 2.8.0! Use wp_register_sidebar_widget() instead. in /wordpress/wp-includes/functions.php on line 6121","log":"/logs/plugins/l/littlebaby/error.json"}
,
{"message":"Function register_sidebar_widget is <strong>deprecated</strong> since version 2.8.0! Use wp_register_sidebar_widget() instead. in /wordpress/wp-includes/functions.php on line 6121","level":"DEPRECATED","type":"PHP","test":"asyncify-boot","plugin":"littlebaby","details":"[02-Jun-2025 15:34:22 UTC] PHP Deprecated:  Function register_sidebar_widget is <strong>deprecated</strong> since version 2.8.0! Use wp_register_sidebar_widget() instead. in /wordpress/wp-includes/functions.php on line 6121","log":"/logs/plugins/l/littlebaby/error.json"}
,
{"message":"Function register_sidebar_widget is <strong>deprecated</strong> since version 2.8.0! Use wp_register_sidebar_widget() instead. in /wordpress/wp-includes/functions.php on line 6121","level":"DEPRECATED","type":"PHP","test":"asyncify-boot","plugin":"littlebaby","details":"[02-Jun-2025 15:34:30 UTC] PHP Deprecated:  Function register_sidebar_widget is <strong>deprecated</strong> since version 2.8.0! Use wp_register_sidebar_widget() instead. in /wordpress/wp-includes/functions.php on line 6121","log":"/logs/plugins/l/littlebaby/error.json"}
,
{"message":"Uncaught Error: Undefined constant \"PLUGIN_PATH\" in /wordpress/wp-content/plugins/ibl-woocommerce-wishlist/wc-custom-wishlist.php:32","level":"FATAL","type":"PHP","test":"asyncify-boot","plugin":"littlebaby","details":"[02-Jun-2025 15:34:40 UTC] PHP Fatal error:  Uncaught Error: Undefined constant \"PLUGIN_PATH\" in /wordpress/wp-content/plugins/ibl-woocommerce-wishlist/wc-custom-wishlist.php:32\nStack trace:\n#0 /wordpress/wp-admin/includes/plugin.php(2387): include_once()\n#1 /wordpress/wp-admin/includes/plugin.php(673): plugin_sandbox_scrape('ibl-woocommerce...')\n#2 /internal/eval.php(20): activate_plugin('ibl-woocommerce...')\n#3 {main}\n  thrown in /wordpress/wp-content/plugins/ibl-woocommerce-wishlist/wc-custom-wishlist.php on line 32","log":"/logs/plugins/l/littlebaby/error.json"}
,
{"message":"Uncaught Error: Undefined constant \"PLUGIN_PATH\" in /wordpress/wp-content/plugins/ibl-woocommerce-wishlist/wc-custom-wishlist.php:32","level":"FATAL","type":"PHP","test":"asyncify-boot","plugin":"littlebaby","details":"[02-Jun-2025 15:34:48 UTC] PHP Fatal error:  Uncaught Error: Undefined constant \"PLUGIN_PATH\" in /wordpress/wp-content/plugins/ibl-woocommerce-wishlist/wc-custom-wishlist.php:32\nStack trace:\n#0 /wordpress/wp-admin/includes/plugin.php(2387): include_once()\n#1 /wordpress/wp-admin/includes/plugin.php(673): plugin_sandbox_scrape('ibl-woocommerce...')\n#2 /internal/eval.php(20): activate_plugin('ibl-woocommerce...')\n#3 {main}\n  thrown in /wordpress/wp-content/plugins/ibl-woocommerce-wishlist/wc-custom-wishlist.php on line 32","log":"/logs/plugins/l/littlebaby/error.json"}
,
{"message":"Uncaught Error: Undefined constant \"PLUGIN_PATH\" in /wordpress/wp-content/plugins/ibl-woocommerce-wishlist/wc-custom-wishlist.php:32","level":"FATAL","type":"PHP","test":"asyncify-boot","plugin":"littlebaby","details":"[02-Jun-2025 15:34:58 UTC] PHP Fatal error:  Uncaught Error: Undefined constant \"PLUGIN_PATH\" in /wordpress/wp-content/plugins/ibl-woocommerce-wishlist/wc-custom-wishlist.php:32\nStack trace:\n#0 /wordpress/wp-admin/includes/plugin.php(2387): include_once()\n#1 /wordpress/wp-admin/includes/plugin.php(673): plugin_sandbox_scrape('ibl-woocommerce...')\n#2 /internal/eval.php(20): activate_plugin('ibl-woocommerce...')\n#3 {main}\n  thrown in /wordpress/wp-content/plugins/ibl-woocommerce-wishlist/wc-custom-wishlist.php on line 32","log":"/logs/plugins/l/littlebaby/error.json"}
,
{"message":"Undefined array key \"Submit\" in /wordpress/wp-content/plugins/icanlocalize-translator/inc/icanlocalize.class.php on line 9","level":"WARNING","type":"PHP","test":"asyncify-boot","plugin":"littlebaby","details":"[02-Jun-2025 15:35:07 UTC] PHP Warning:  Undefined array key \"Submit\" in /wordpress/wp-content/plugins/icanlocalize-translator/inc/icanlocalize.class.php on line 9","log":"/logs/plugins/l/littlebaby/error.json"}
,
{"message":"Trying to access array offset on value of type bool in /wordpress/wp-content/plugins/icanlocalize-translator/inc/icanlocalize.class.php on line 14","level":"WARNING","type":"PHP","test":"asyncify-boot","plugin":"littlebaby","details":"[02-Jun-2025 15:35:07 UTC] PHP Warning:  Trying to access array offset on value of type bool in /wordpress/wp-content/plugins/icanlocalize-translator/inc/icanlocalize.class.php on line 14","log":"/logs/plugins/l/littlebaby/error.json"}
,
{"message":"Trying to access array offset on value of type bool in /wordpress/wp-content/plugins/icanlocalize-translator/inc/icanlocalize.class.php on line 20","level":"WARNING","type":"PHP","test":"asyncify-boot","plugin":"littlebaby","details":"[02-Jun-2025 15:35:07 UTC] PHP Warning:  Trying to access array offset on value of type bool in /wordpress/wp-content/plugins/icanlocalize-translator/inc/icanlocalize.class.php on line 20","log":"/logs/plugins/l/littlebaby/error.json"}
,
{"message":"Trying to access array offset on value of type bool in /wordpress/wp-content/plugins/icanlocalize-translator/inc/icanlocalize.class.php on line 31","level":"WARNING","type":"PHP","test":"asyncify-boot","plugin":"littlebaby","details":"[02-Jun-2025 15:35:07 UTC] PHP Warning:  Trying to access array offset on value of type bool in /wordpress/wp-content/plugins/icanlocalize-translator/inc/icanlocalize.class.php on line 31","log":"/logs/plugins/l/littlebaby/error.json"}
,
{"message":"Trying to access array offset on value of type bool in /wordpress/wp-content/plugins/icanlocalize-translator/inc/icanlocalize.class.php on line 44","level":"WARNING","type":"PHP","test":"asyncify-boot","plugin":"littlebaby","details":"[02-Jun-2025 15:35:07 UTC] PHP Warning:  Trying to access array offset on value of type bool in /wordpress/wp-content/plugins/icanlocalize-translator/inc/icanlocalize.class.php on line 44","log":"/logs/plugins/l/littlebaby/error.json"}
,
{"message":"SQLSTATE[HY000]: General error: 1 no such table: wp_translation_requests.","level":"FATAL","type":"SQL","test":"asyncify-boot","plugin":"littlebaby","details":"[02-Jun-2025 15:35:16 UTC] WordPress database error <div style=\"clear:both\">&nbsp;</div>\n<div class=\"queries\" style=\"clear:both;margin-bottom:2px;border:red dotted thin;\">\n<p>MySQL query:</p>\n<p>SELECT COUNT(id) FROM wp_translation_requests WHERE cms_request_status='7'</p>\n<p>Queries made or created this session were:</p>\n<ol>\n<li>Executing: BEGIN | (no parameters)</li>\n<li>Executing: SELECT COUNT(id) FROM wp_translation_requests WHERE cms_request_status=:param0  | parameters: 7</li>\n<li>Executing: ROLLBACK | (no parameters)</li>\n</ol>\n</div>\n<div style=\"clear:both;margin-bottom:2px;border:red dotted thin;\" class=\"error_message\" style=\"border-bottom:dotted blue thin;\">\nError occurred at line 4117 in Function <code>handle_error</code>. Error message was: SQLSTATE[HY000]: General error: 1 no such table: wp_translation_requests.\n</div>\n<p>Backtrace:</p>\n<pre>#0 /internal/shared/sqlite-database-integration/wp-includes/sqlite/class-wp-sqlite-db.php(287): WP_SQLite_Translator->get_error_message()\n#1 /wordpress/wp-includes/class-wpdb.php(3031): WP_SQLite_DB->query('SELECT COUNT(id...')\n#2 /wordpress/wp-content/plugins/icanlocalize-translator/inc/icanlocalize.class.php(1325): wpdb->get_var('SELECT COUNT(id...')\n#3 /wordpress/wp-content/plugins/icanlocalize-translator/inc/icanlocalize.class.php(7): ICanLocalize->get_failed_requests_count()\n#4 /wordpress/wp-content/plugins/icanlocalize-translator/icanlocalize_translator.php(49): ICanLocalize->__construct()\n#5 /wordpress/wp-admin/includes/plugin.php(2387): include_once('/wordpress/wp-c...')\n#6 /wordpress/wp-admin/includes/plugin.php(673): plugin_sandbox_scrape('icanlocalize-tr...')\n#7 /internal/eval.php(20): activate_plugin('icanlocalize-tr...')\n#8 {main}</pre>\n for query SELECT COUNT(id) FROM wp_translation_requests WHERE cms_request_status='7' made by activate_plugin, plugin_sandbox_scrape, include_once('/plugins/icanlocalize-translator/icanlocalize_translator.php'), ICanLocalize->__construct, ICanLocalize->get_failed_requests_count, WP_SQLite_DB->query, WP_SQLite_DB->print_error","log":"/logs/plugins/l/littlebaby/error.json"}
,
{"message":"Undefined array key \"Submit\" in /wordpress/wp-content/plugins/icanlocalize-translator/inc/icanlocalize.class.php on line 9","level":"WARNING","type":"PHP","test":"asyncify-boot","plugin":"littlebaby","details":"[02-Jun-2025 15:35:16 UTC] PHP Warning:  Undefined array key \"Submit\" in /wordpress/wp-content/plugins/icanlocalize-translator/inc/icanlocalize.class.php on line 9","log":"/logs/plugins/l/littlebaby/error.json"}
,
{"message":"Trying to access array offset on value of type bool in /wordpress/wp-content/plugins/icanlocalize-translator/inc/icanlocalize.class.php on line 14","level":"WARNING","type":"PHP","test":"asyncify-boot","plugin":"littlebaby","details":"[02-Jun-2025 15:35:16 UTC] PHP Warning:  Trying to access array offset on value of type bool in /wordpress/wp-content/plugins/icanlocalize-translator/inc/icanlocalize.class.php on line 14","log":"/logs/plugins/l/littlebaby/error.json"}
,
{"message":"Trying to access array offset on value of type bool in /wordpress/wp-content/plugins/icanlocalize-translator/inc/icanlocalize.class.php on line 20","level":"WARNING","type":"PHP","test":"asyncify-boot","plugin":"littlebaby","details":"[02-Jun-2025 15:35:16 UTC] PHP Warning:  Trying to access array offset on value of type bool in /wordpress/wp-content/plugins/icanlocalize-translator/inc/icanlocalize.class.php on line 20","log":"/logs/plugins/l/littlebaby/error.json"}
,
{"message":"Trying to access array offset on value of type bool in /wordpress/wp-content/plugins/icanlocalize-translator/inc/icanlocalize.class.php on line 31","level":"WARNING","type":"PHP","test":"asyncify-boot","plugin":"littlebaby","details":"[02-Jun-2025 15:35:16 UTC] PHP Warning:  Trying to access array offset on value of type bool in /wordpress/wp-content/plugins/icanlocalize-translator/inc/icanlocalize.class.php on line 31","log":"/logs/plugins/l/littlebaby/error.json"}
,
{"message":"Trying to access array offset on value of type bool in /wordpress/wp-content/plugins/icanlocalize-translator/inc/icanlocalize.class.php on line 44","level":"WARNING","type":"PHP","test":"asyncify-boot","plugin":"littlebaby","details":"[02-Jun-2025 15:35:16 UTC] PHP Warning:  Trying to access array offset on value of type bool in /wordpress/wp-content/plugins/icanlocalize-translator/inc/icanlocalize.class.php on line 44","log":"/logs/plugins/l/littlebaby/error.json"}
,
{"message":"SQLSTATE[HY000]: General error: 1 no such table: wp_translation_requests.","level":"FATAL","type":"SQL","test":"asyncify-boot","plugin":"littlebaby","details":"[02-Jun-2025 15:35:25 UTC] WordPress database error <div style=\"clear:both\">&nbsp;</div>\n<div class=\"queries\" style=\"clear:both;margin-bottom:2px;border:red dotted thin;\">\n<p>MySQL query:</p>\n<p>SELECT COUNT(id) FROM wp_translation_requests WHERE cms_request_status='7'</p>\n<p>Queries made or created this session were:</p>\n<ol>\n<li>Executing: BEGIN | (no parameters)</li>\n<li>Executing: SELECT COUNT(id) FROM wp_translation_requests WHERE cms_request_status=:param0  | parameters: 7</li>\n<li>Executing: ROLLBACK | (no parameters)</li>\n</ol>\n</div>\n<div style=\"clear:both;margin-bottom:2px;border:red dotted thin;\" class=\"error_message\" style=\"border-bottom:dotted blue thin;\">\nError occurred at line 4117 in Function <code>handle_error</code>. Error message was: SQLSTATE[HY000]: General error: 1 no such table: wp_translation_requests.\n</div>\n<p>Backtrace:</p>\n<pre>#0 /internal/shared/sqlite-database-integration/wp-includes/sqlite/class-wp-sqlite-db.php(287): WP_SQLite_Translator->get_error_message()\n#1 /wordpress/wp-includes/class-wpdb.php(3031): WP_SQLite_DB->query('SELECT COUNT(id...')\n#2 /wordpress/wp-content/plugins/icanlocalize-translator/inc/icanlocalize.class.php(1325): wpdb->get_var('SELECT COUNT(id...')\n#3 /wordpress/wp-content/plugins/icanlocalize-translator/inc/icanlocalize.class.php(7): ICanLocalize->get_failed_requests_count()\n#4 /wordpress/wp-content/plugins/icanlocalize-translator/icanlocalize_translator.php(49): ICanLocalize->__construct()\n#5 /wordpress/wp-admin/includes/plugin.php(2387): include_once('/wordpress/wp-c...')\n#6 /wordpress/wp-admin/includes/plugin.php(673): plugin_sandbox_scrape('icanlocalize-tr...')\n#7 /internal/eval.php(20): activate_plugin('icanlocalize-tr...')\n#8 {main}</pre>\n for query SELECT COUNT(id) FROM wp_translation_requests WHERE cms_request_status='7' made by activate_plugin, plugin_sandbox_scrape, include_once('/plugins/icanlocalize-translator/icanlocalize_translator.php'), ICanLocalize->__construct, ICanLocalize->get_failed_requests_count, WP_SQLite_DB->query, WP_SQLite_DB->print_error","log":"/logs/plugins/l/littlebaby/error.json"}
,
{"message":"Undefined array key \"Submit\" in /wordpress/wp-content/plugins/icanlocalize-translator/inc/icanlocalize.class.php on line 9","level":"WARNING","type":"PHP","test":"asyncify-boot","plugin":"littlebaby","details":"[02-Jun-2025 15:35:25 UTC] PHP Warning:  Undefined array key \"Submit\" in /wordpress/wp-content/plugins/icanlocalize-translator/inc/icanlocalize.class.php on line 9","log":"/logs/plugins/l/littlebaby/error.json"}
,
{"message":"Trying to access array offset on value of type bool in /wordpress/wp-content/plugins/icanlocalize-translator/inc/icanlocalize.class.php on line 14","level":"WARNING","type":"PHP","test":"asyncify-boot","plugin":"littlebaby","details":"[02-Jun-2025 15:35:25 UTC] PHP Warning:  Trying to access array offset on value of type bool in /wordpress/wp-content/plugins/icanlocalize-translator/inc/icanlocalize.class.php on line 14","log":"/logs/plugins/l/littlebaby/error.json"}
,
{"message":"Trying to access array offset on value of type bool in /wordpress/wp-content/plugins/icanlocalize-translator/inc/icanlocalize.class.php on line 20","level":"WARNING","type":"PHP","test":"asyncify-boot","plugin":"littlebaby","details":"[02-Jun-2025 15:35:25 UTC] PHP Warning:  Trying to access array offset on value of type bool in /wordpress/wp-content/plugins/icanlocalize-translator/inc/icanlocalize.class.php on line 20","log":"/logs/plugins/l/littlebaby/error.json"}
,
{"message":"Trying to access array offset on value of type bool in /wordpress/wp-content/plugins/icanlocalize-translator/inc/icanlocalize.class.php on line 31","level":"WARNING","type":"PHP","test":"asyncify-boot","plugin":"littlebaby","details":"[02-Jun-2025 15:35:25 UTC] PHP Warning:  Trying to access array offset on value of type bool in /wordpress/wp-content/plugins/icanlocalize-translator/inc/icanlocalize.class.php on line 31","log":"/logs/plugins/l/littlebaby/error.json"}
,
{"message":"Trying to access array offset on value of type bool in /wordpress/wp-content/plugins/icanlocalize-translator/inc/icanlocalize.class.php on line 44","level":"WARNING","type":"PHP","test":"asyncify-boot","plugin":"littlebaby","details":"[02-Jun-2025 15:35:25 UTC] PHP Warning:  Trying to access array offset on value of type bool in /wordpress/wp-content/plugins/icanlocalize-translator/inc/icanlocalize.class.php on line 44","log":"/logs/plugins/l/littlebaby/error.json"}
,
{"message":"include(rtf.class.php): Failed to open stream: No such file or directory in /wordpress/wp-content/plugins/icq-widget/icq_class/WebIcqPro.class.php on line 2","level":"WARNING","type":"PHP","test":"asyncify-boot","plugin":"littlebaby","details":"[02-Jun-2025 15:35:36 UTC] PHP Warning:  include(rtf.class.php): Failed to open stream: No such file or directory in /wordpress/wp-content/plugins/icq-widget/icq_class/WebIcqPro.class.php on line 2","log":"/logs/plugins/l/littlebaby/error.json"}
,
{"message":"include(): Failed opening 'rtf.class.php' for inclusion (include_path='.:') in /wordpress/wp-content/plugins/icq-widget/icq_class/WebIcqPro.class.php on line 2","level":"WARNING","type":"PHP","test":"asyncify-boot","plugin":"littlebaby","details":"[02-Jun-2025 15:35:36 UTC] PHP Warning:  include(): Failed opening 'rtf.class.php' for inclusion (include_path='.:') in /wordpress/wp-content/plugins/icq-widget/icq_class/WebIcqPro.class.php on line 2","log":"/logs/plugins/l/littlebaby/error.json"}
,
{"message":"include(rtf.class.php): Failed to open stream: No such file or directory in /wordpress/wp-content/plugins/icq-widget/icq_class/WebIcqPro.class.php on line 2","level":"WARNING","type":"PHP","test":"asyncify-boot","plugin":"littlebaby","details":"[02-Jun-2025 15:35:37 UTC] PHP Warning:  include(rtf.class.php): Failed to open stream: No such file or directory in /wordpress/wp-content/plugins/icq-widget/icq_class/WebIcqPro.class.php on line 2","log":"/logs/plugins/l/littlebaby/error.json"}
,
{"message":"include(): Failed opening 'rtf.class.php' for inclusion (include_path='.:') in /wordpress/wp-content/plugins/icq-widget/icq_class/WebIcqPro.class.php on line 2","level":"WARNING","type":"PHP","test":"asyncify-boot","plugin":"littlebaby","details":"[02-Jun-2025 15:35:37 UTC] PHP Warning:  include(): Failed opening 'rtf.class.php' for inclusion (include_path='.:') in /wordpress/wp-content/plugins/icq-widget/icq_class/WebIcqPro.class.php on line 2","log":"/logs/plugins/l/littlebaby/error.json"}
,
{"message":"Function register_sidebar_widget is <strong>deprecated</strong> since version 2.8.0! Use wp_register_sidebar_widget() instead. in /wordpress/wp-includes/functions.php on line 6121","level":"DEPRECATED","type":"PHP","test":"asyncify-boot","plugin":"littlebaby","details":"[02-Jun-2025 15:35:37 UTC] PHP Deprecated:  Function register_sidebar_widget is <strong>deprecated</strong> since version 2.8.0! Use wp_register_sidebar_widget() instead. in /wordpress/wp-includes/functions.php on line 6121","log":"/logs/plugins/l/littlebaby/error.json"}
,
{"message":"Function register_widget_control is <strong>deprecated</strong> since version 2.8.0! Use wp_register_widget_control() instead. in /wordpress/wp-includes/functions.php on line 6121","level":"DEPRECATED","type":"PHP","test":"asyncify-boot","plugin":"littlebaby","details":"[02-Jun-2025 15:35:37 UTC] PHP Deprecated:  Function register_widget_control is <strong>deprecated</strong> since version 2.8.0! Use wp_register_widget_control() instead. in /wordpress/wp-includes/functions.php on line 6121","log":"/logs/plugins/l/littlebaby/error.json"}
,
{"message":"include(rtf.class.php): Failed to open stream: No such file or directory in /wordpress/wp-content/plugins/icq-widget/icq_class/WebIcqPro.class.php on line 2","level":"WARNING","type":"PHP","test":"asyncify-boot","plugin":"littlebaby","details":"[02-Jun-2025 15:35:45 UTC] PHP Warning:  include(rtf.class.php): Failed to open stream: No such file or directory in /wordpress/wp-content/plugins/icq-widget/icq_class/WebIcqPro.class.php on line 2","log":"/logs/plugins/l/littlebaby/error.json"}
,
{"message":"include(): Failed opening 'rtf.class.php' for inclusion (include_path='.:') in /wordpress/wp-content/plugins/icq-widget/icq_class/WebIcqPro.class.php on line 2","level":"WARNING","type":"PHP","test":"asyncify-boot","plugin":"littlebaby","details":"[02-Jun-2025 15:35:45 UTC] PHP Warning:  include(): Failed opening 'rtf.class.php' for inclusion (include_path='.:') in /wordpress/wp-content/plugins/icq-widget/icq_class/WebIcqPro.class.php on line 2","log":"/logs/plugins/l/littlebaby/error.json"}
,
{"message":"include(rtf.class.php): Failed to open stream: No such file or directory in /wordpress/wp-content/plugins/icq-widget/icq_class/WebIcqPro.class.php on line 2","level":"WARNING","type":"PHP","test":"asyncify-boot","plugin":"littlebaby","details":"[02-Jun-2025 15:35:46 UTC] PHP Warning:  include(rtf.class.php): Failed to open stream: No such file or directory in /wordpress/wp-content/plugins/icq-widget/icq_class/WebIcqPro.class.php on line 2","log":"/logs/plugins/l/littlebaby/error.json"}
,
{"message":"include(): Failed opening 'rtf.class.php' for inclusion (include_path='.:') in /wordpress/wp-content/plugins/icq-widget/icq_class/WebIcqPro.class.php on line 2","level":"WARNING","type":"PHP","test":"asyncify-boot","plugin":"littlebaby","details":"[02-Jun-2025 15:35:46 UTC] PHP Warning:  include(): Failed opening 'rtf.class.php' for inclusion (include_path='.:') in /wordpress/wp-content/plugins/icq-widget/icq_class/WebIcqPro.class.php on line 2","log":"/logs/plugins/l/littlebaby/error.json"}
,
{"message":"Function register_sidebar_widget is <strong>deprecated</strong> since version 2.8.0! Use wp_register_sidebar_widget() instead. in /wordpress/wp-includes/functions.php on line 6121","level":"DEPRECATED","type":"PHP","test":"asyncify-boot","plugin":"littlebaby","details":"[02-Jun-2025 15:35:46 UTC] PHP Deprecated:  Function register_sidebar_widget is <strong>deprecated</strong> since version 2.8.0! Use wp_register_sidebar_widget() instead. in /wordpress/wp-includes/functions.php on line 6121","log":"/logs/plugins/l/littlebaby/error.json"}
,
{"message":"Function register_widget_control is <strong>deprecated</strong> since version 2.8.0! Use wp_register_widget_control() instead. in /wordpress/wp-includes/functions.php on line 6121","level":"DEPRECATED","type":"PHP","test":"asyncify-boot","plugin":"littlebaby","details":"[02-Jun-2025 15:35:46 UTC] PHP Deprecated:  Function register_widget_control is <strong>deprecated</strong> since version 2.8.0! Use wp_register_widget_control() instead. in /wordpress/wp-includes/functions.php on line 6121","log":"/logs/plugins/l/littlebaby/error.json"}
,
{"message":"include(rtf.class.php): Failed to open stream: No such file or directory in /wordpress/wp-content/plugins/icq-widget/icq_class/WebIcqPro.class.php on line 2","level":"WARNING","type":"PHP","test":"asyncify-boot","plugin":"littlebaby","details":"[02-Jun-2025 15:35:54 UTC] PHP Warning:  include(rtf.class.php): Failed to open stream: No such file or directory in /wordpress/wp-content/plugins/icq-widget/icq_class/WebIcqPro.class.php on line 2","log":"/logs/plugins/l/littlebaby/error.json"}
,
{"message":"include(): Failed opening 'rtf.class.php' for inclusion (include_path='.:') in /wordpress/wp-content/plugins/icq-widget/icq_class/WebIcqPro.class.php on line 2","level":"WARNING","type":"PHP","test":"asyncify-boot","plugin":"littlebaby","details":"[02-Jun-2025 15:35:54 UTC] PHP Warning:  include(): Failed opening 'rtf.class.php' for inclusion (include_path='.:') in /wordpress/wp-content/plugins/icq-widget/icq_class/WebIcqPro.class.php on line 2","log":"/logs/plugins/l/littlebaby/error.json"}
,
{"message":"include(rtf.class.php): Failed to open stream: No such file or directory in /wordpress/wp-content/plugins/icq-widget/icq_class/WebIcqPro.class.php on line 2","level":"WARNING","type":"PHP","test":"asyncify-boot","plugin":"littlebaby","details":"[02-Jun-2025 15:35:55 UTC] PHP Warning:  include(rtf.class.php): Failed to open stream: No such file or directory in /wordpress/wp-content/plugins/icq-widget/icq_class/WebIcqPro.class.php on line 2","log":"/logs/plugins/l/littlebaby/error.json"}
,
{"message":"include(): Failed opening 'rtf.class.php' for inclusion (include_path='.:') in /wordpress/wp-content/plugins/icq-widget/icq_class/WebIcqPro.class.php on line 2","level":"WARNING","type":"PHP","test":"asyncify-boot","plugin":"littlebaby","details":"[02-Jun-2025 15:35:55 UTC] PHP Warning:  include(): Failed opening 'rtf.class.php' for inclusion (include_path='.:') in /wordpress/wp-content/plugins/icq-widget/icq_class/WebIcqPro.class.php on line 2","log":"/logs/plugins/l/littlebaby/error.json"}
,
{"message":"Function register_sidebar_widget is <strong>deprecated</strong> since version 2.8.0! Use wp_register_sidebar_widget() instead. in /wordpress/wp-includes/functions.php on line 6121","level":"DEPRECATED","type":"PHP","test":"asyncify-boot","plugin":"littlebaby","details":"[02-Jun-2025 15:35:55 UTC] PHP Deprecated:  Function register_sidebar_widget is <strong>deprecated</strong> since version 2.8.0! Use wp_register_sidebar_widget() instead. in /wordpress/wp-includes/functions.php on line 6121","log":"/logs/plugins/l/littlebaby/error.json"}
,
{"message":"Function register_widget_control is <strong>deprecated</strong> since version 2.8.0! Use wp_register_widget_control() instead. in /wordpress/wp-includes/functions.php on line 6121","level":"DEPRECATED","type":"PHP","test":"asyncify-boot","plugin":"littlebaby","details":"[02-Jun-2025 15:35:55 UTC] PHP Deprecated:  Function register_widget_control is <strong>deprecated</strong> since version 2.8.0! Use wp_register_widget_control() instead. in /wordpress/wp-includes/functions.php on line 6121","log":"/logs/plugins/l/littlebaby/error.json"}
,
{"message":"Undefined array key 0 in /wordpress/wp-includes/plugin.php on line 1001","level":"WARNING","type":"PHP","test":"asyncify-boot","plugin":"littlebaby","details":"[02-Jun-2025 15:37:05 UTC] PHP Warning:  Undefined array key 0 in /wordpress/wp-includes/plugin.php on line 1001","log":"/logs/plugins/l/littlebaby/error.json"}
,
{"message":"Undefined array key 0 in /wordpress/wp-includes/plugin.php on line 1004","level":"WARNING","type":"PHP","test":"asyncify-boot","plugin":"littlebaby","details":"[02-Jun-2025 15:37:05 UTC] PHP Warning:  Undefined array key 0 in /wordpress/wp-includes/plugin.php on line 1004","log":"/logs/plugins/l/littlebaby/error.json"}
,
{"message":"Undefined array key 0 in /wordpress/wp-includes/plugin.php on line 1001","level":"WARNING","type":"PHP","test":"asyncify-boot","plugin":"littlebaby","details":"[02-Jun-2025 15:37:15 UTC] PHP Warning:  Undefined array key 0 in /wordpress/wp-includes/plugin.php on line 1001","log":"/logs/plugins/l/littlebaby/error.json"}
,
{"message":"Undefined array key 0 in /wordpress/wp-includes/plugin.php on line 1004","level":"WARNING","type":"PHP","test":"asyncify-boot","plugin":"littlebaby","details":"[02-Jun-2025 15:37:15 UTC] PHP Warning:  Undefined array key 0 in /wordpress/wp-includes/plugin.php on line 1004","log":"/logs/plugins/l/littlebaby/error.json"}
,
{"message":"Undefined array key 0 in /wordpress/wp-includes/plugin.php on line 1001","level":"WARNING","type":"PHP","test":"asyncify-boot","plugin":"littlebaby","details":"[02-Jun-2025 15:37:24 UTC] PHP Warning:  Undefined array key 0 in /wordpress/wp-includes/plugin.php on line 1001","log":"/logs/plugins/l/littlebaby/error.json"}
,
{"message":"Undefined array key 0 in /wordpress/wp-includes/plugin.php on line 1004","level":"WARNING","type":"PHP","test":"asyncify-boot","plugin":"littlebaby","details":"[02-Jun-2025 15:37:24 UTC] PHP Warning:  Undefined array key 0 in /wordpress/wp-includes/plugin.php on line 1004","log":"/logs/plugins/l/littlebaby/error.json"}
,
{"message":"Uncaught PDOException: SQLSTATE[HY000] [2002] Address family not supported by protocol in /wordpress/wp-content/plugins/independent-analytics/vendor/illuminate/database/Connectors/Connector.php:53","level":"FATAL","type":"PHP","test":"asyncify-boot","plugin":"littlebaby","details":"[02-Jun-2025 15:38:41 UTC] PHP Fatal error:  Uncaught PDOException: SQLSTATE[HY000] [2002] Address family not supported by protocol in /wordpress/wp-content/plugins/independent-analytics/vendor/illuminate/database/Connectors/Connector.php:53\nStack trace:\n#0 /wordpress/wp-content/plugins/independent-analytics/vendor/illuminate/database/Connectors/Connector.php(53): PDO->__construct('mysql:host=;dbn...', '', '', Array)\n#1 /wordpress/wp-content/plugins/independent-analytics/vendor/illuminate/database/Connectors/Connector.php(34): IAWPSCOPED\\Illuminate\\Database\\Connectors\\Connector->createPdoConnection('mysql:host=;dbn...', '', '', Array)\n#2 /wordpress/wp-content/plugins/independent-analytics/vendor/illuminate/database/Connectors/MySqlConnector.php(22): IAWPSCOPED\\Illuminate\\Database\\Connectors\\Connector->createConnection('mysql:host=;dbn...', Array, Array)\n#3 /wordpress/wp-content/plugins/independent-analytics/vendor/illuminate/database/Connectors/ConnectionFactory.php(157): IAWPSCOPED\\Illuminate\\Database\\Connectors\\MySqlConnector->connect(Array)\n#4 /wordp in /wordpress/wp-content/plugins/independent-analytics/vendor/illuminate/database/Connectors/Connector.php on line 53","log":"/logs/plugins/l/littlebaby/error.json"}
,
{"message":"Uncaught PDOException: SQLSTATE[HY000] [2002] Address family not supported by protocol in /wordpress/wp-content/plugins/independent-analytics/vendor/illuminate/database/Connectors/Connector.php:53","level":"FATAL","type":"PHP","test":"asyncify-boot","plugin":"littlebaby","details":"[02-Jun-2025 15:38:57 UTC] PHP Fatal error:  Uncaught PDOException: SQLSTATE[HY000] [2002] Address family not supported by protocol in /wordpress/wp-content/plugins/independent-analytics/vendor/illuminate/database/Connectors/Connector.php:53\nStack trace:\n#0 /wordpress/wp-content/plugins/independent-analytics/vendor/illuminate/database/Connectors/Connector.php(53): PDO->__construct('mysql:host=;dbn...', '', '', Array)\n#1 /wordpress/wp-content/plugins/independent-analytics/vendor/illuminate/database/Connectors/Connector.php(34): IAWPSCOPED\\Illuminate\\Database\\Connectors\\Connector->createPdoConnection('mysql:host=;dbn...', '', '', Array)\n#2 /wordpress/wp-content/plugins/independent-analytics/vendor/illuminate/database/Connectors/MySqlConnector.php(22): IAWPSCOPED\\Illuminate\\Database\\Connectors\\Connector->createConnection('mysql:host=;dbn...', Array, Array)\n#3 /wordpress/wp-content/plugins/independent-analytics/vendor/illuminate/database/Connectors/ConnectionFactory.php(157): IAWPSCOPED\\Illuminate\\Database\\Connectors\\MySqlConnector->connect(Array)\n#4 /wordp in /wordpress/wp-content/plugins/independent-analytics/vendor/illuminate/database/Connectors/Connector.php on line 53","log":"/logs/plugins/l/littlebaby/error.json"}
,
{"message":"Uncaught PDOException: SQLSTATE[HY000] [2002] Address family not supported by protocol in /wordpress/wp-content/plugins/independent-analytics/vendor/illuminate/database/Connectors/Connector.php:53","level":"FATAL","type":"PHP","test":"asyncify-boot","plugin":"littlebaby","details":"[02-Jun-2025 15:39:13 UTC] PHP Fatal error:  Uncaught PDOException: SQLSTATE[HY000] [2002] Address family not supported by protocol in /wordpress/wp-content/plugins/independent-analytics/vendor/illuminate/database/Connectors/Connector.php:53\nStack trace:\n#0 /wordpress/wp-content/plugins/independent-analytics/vendor/illuminate/database/Connectors/Connector.php(53): PDO->__construct('mysql:host=;dbn...', '', '', Array)\n#1 /wordpress/wp-content/plugins/independent-analytics/vendor/illuminate/database/Connectors/Connector.php(34): IAWPSCOPED\\Illuminate\\Database\\Connectors\\Connector->createPdoConnection('mysql:host=;dbn...', '', '', Array)\n#2 /wordpress/wp-content/plugins/independent-analytics/vendor/illuminate/database/Connectors/MySqlConnector.php(22): IAWPSCOPED\\Illuminate\\Database\\Connectors\\Connector->createConnection('mysql:host=;dbn...', Array, Array)\n#3 /wordpress/wp-content/plugins/independent-analytics/vendor/illuminate/database/Connectors/ConnectionFactory.php(157): IAWPSCOPED\\Illuminate\\Database\\Connectors\\MySqlConnector->connect(Array)\n#4 /wordp in /wordpress/wp-content/plugins/independent-analytics/vendor/illuminate/database/Connectors/Connector.php on line 53","log":"/logs/plugins/l/littlebaby/error.json"}
,
{"message":"Unparenthesized `a ? b : c ? d : e` is not supported. Use either `(a ? b : c) ? d : e` or `a ? b : (c ? d : e)` in /wordpress/wp-content/plugins/loylap-gift-cards/Loylap.php on line 28","level":"FATAL","type":"PHP","test":"asyncify-boot","plugin":"littlebaby","details":"[02-Jun-2025 15:39:23 UTC] PHP Fatal error:  Unparenthesized `a ? b : c ? d : e` is not supported. Use either `(a ? b : c) ? d : e` or `a ? b : (c ? d : e)` in /wordpress/wp-content/plugins/loylap-gift-cards/Loylap.php on line 28","log":"/logs/plugins/l/littlebaby/error.json"}
,
{"message":"Unparenthesized `a ? b : c ? d : e` is not supported. Use either `(a ? b : c) ? d : e` or `a ? b : (c ? d : e)` in /wordpress/wp-content/plugins/loylap-gift-cards/Loylap.php on line 28","level":"FATAL","type":"PHP","test":"asyncify-boot","plugin":"littlebaby","details":"[02-Jun-2025 15:39:33 UTC] PHP Fatal error:  Unparenthesized `a ? b : c ? d : e` is not supported. Use either `(a ? b : c) ? d : e` or `a ? b : (c ? d : e)` in /wordpress/wp-content/plugins/loylap-gift-cards/Loylap.php on line 28","log":"/logs/plugins/l/littlebaby/error.json"}
,
{"message":"Unparenthesized `a ? b : c ? d : e` is not supported. Use either `(a ? b : c) ? d : e` or `a ? b : (c ? d : e)` in /wordpress/wp-content/plugins/loylap-gift-cards/Loylap.php on line 28","level":"FATAL","type":"PHP","test":"asyncify-boot","plugin":"littlebaby","details":"[02-Jun-2025 15:39:43 UTC] PHP Fatal error:  Unparenthesized `a ? b : c ? d : e` is not supported. Use either `(a ? b : c) ? d : e` or `a ? b : (c ? d : e)` in /wordpress/wp-content/plugins/loylap-gift-cards/Loylap.php on line 28","log":"/logs/plugins/l/littlebaby/error.json"}
,
{"message":"Uncaught ArgumentCountError: Too few arguments to function WP_Widget::__construct(), 0 passed in /wordpress/wp-includes/class-wp-widget-factory.php on line 62 and at least 2 expected in /wordpress/wp-includes/class-wp-widget.php:163","level":"FATAL","type":"PHP","test":"asyncify-boot","plugin":"littlebaby","details":"[02-Jun-2025 15:40:48 UTC] PHP Fatal error:  Uncaught ArgumentCountError: Too few arguments to function WP_Widget::__construct(), 0 passed in /wordpress/wp-includes/class-wp-widget-factory.php on line 62 and at least 2 expected in /wordpress/wp-includes/class-wp-widget.php:163\nStack trace:\n#0 /wordpress/wp-includes/class-wp-widget-factory.php(62): WP_Widget->__construct()\n#1 /wordpress/wp-includes/widgets.php(123): WP_Widget_Factory->register('am_wpie')\n#2 /wordpress/wp-content/plugins/indicadores-economicos/indicadores-economicos.php(67): register_widget('am_wpie')\n#3 /wordpress/wp-includes/class-wp-hook.php(324): load_am_wpie('')\n#4 /wordpress/wp-includes/class-wp-hook.php(348): WP_Hook->apply_filters(NULL, Array)\n#5 /wordpress/wp-includes/plugin.php(517): WP_Hook->do_action(Array)\n#6 /wordpress/wp-includes/widgets.php(1870): do_action('widgets_init')\n#7 /wordpress/wp-includes/class-wp-hook.php(324): wp_widgets_init('')\n#8 /wordpress/wp-includes/class-wp-hook.php(348): WP_Hook->apply_filters(NULL, Array)\n#9 /wordpress/wp-includes/plugin.php(517): WP_Hook->do_action(Array)\n#10 /wordpress/wp-settings.php(727): do_action('init')\n#11 /wordpress/wp-config.php(102): require_once('/wordpress/wp-s...')\n#12 /wordpress/wp-load.php(50): require_once('/wordpress/wp-c...')\n#13 /internal/eval.php(3): require_once('/wordpress/wp-l...')\n#14 {main}\n  thrown in /wordpress/wp-includes/class-wp-widget.php on line 163","log":"/logs/plugins/l/littlebaby/error.json"}
,
{"message":"Uncaught ArgumentCountError: Too few arguments to function WP_Widget::__construct(), 0 passed in /wordpress/wp-includes/class-wp-widget-factory.php on line 62 and at least 2 expected in /wordpress/wp-includes/class-wp-widget.php:163","level":"FATAL","type":"PHP","test":"asyncify-boot","plugin":"littlebaby","details":"[02-Jun-2025 15:40:57 UTC] PHP Fatal error:  Uncaught ArgumentCountError: Too few arguments to function WP_Widget::__construct(), 0 passed in /wordpress/wp-includes/class-wp-widget-factory.php on line 62 and at least 2 expected in /wordpress/wp-includes/class-wp-widget.php:163\nStack trace:\n#0 /wordpress/wp-includes/class-wp-widget-factory.php(62): WP_Widget->__construct()\n#1 /wordpress/wp-includes/widgets.php(123): WP_Widget_Factory->register('am_wpie')\n#2 /wordpress/wp-content/plugins/indicadores-economicos/indicadores-economicos.php(67): register_widget('am_wpie')\n#3 /wordpress/wp-includes/class-wp-hook.php(324): load_am_wpie('')\n#4 /wordpress/wp-includes/class-wp-hook.php(348): WP_Hook->apply_filters(NULL, Array)\n#5 /wordpress/wp-includes/plugin.php(517): WP_Hook->do_action(Array)\n#6 /wordpress/wp-includes/widgets.php(1870): do_action('widgets_init')\n#7 /wordpress/wp-includes/class-wp-hook.php(324): wp_widgets_init('')\n#8 /wordpress/wp-includes/class-wp-hook.php(348): WP_Hook->apply_filters(NULL, Array)\n#9 /wordpress/wp-includes/plugin.php(517): WP_Hook->do_action(Array)\n#10 /wordpress/wp-settings.php(727): do_action('init')\n#11 /wordpress/wp-config.php(102): require_once('/wordpress/wp-s...')\n#12 /wordpress/wp-load.php(50): require_once('/wordpress/wp-c...')\n#13 /internal/eval.php(3): require_once('/wordpress/wp-l...')\n#14 {main}\n  thrown in /wordpress/wp-includes/class-wp-widget.php on line 163","log":"/logs/plugins/l/littlebaby/error.json"}
,
{"message":"Uncaught ArgumentCountError: Too few arguments to function WP_Widget::__construct(), 0 passed in /wordpress/wp-includes/class-wp-widget-factory.php on line 62 and at least 2 expected in /wordpress/wp-includes/class-wp-widget.php:163","level":"FATAL","type":"PHP","test":"asyncify-boot","plugin":"littlebaby","details":"[02-Jun-2025 15:41:06 UTC] PHP Fatal error:  Uncaught ArgumentCountError: Too few arguments to function WP_Widget::__construct(), 0 passed in /wordpress/wp-includes/class-wp-widget-factory.php on line 62 and at least 2 expected in /wordpress/wp-includes/class-wp-widget.php:163\nStack trace:\n#0 /wordpress/wp-includes/class-wp-widget-factory.php(62): WP_Widget->__construct()\n#1 /wordpress/wp-includes/widgets.php(123): WP_Widget_Factory->register('am_wpie')\n#2 /wordpress/wp-content/plugins/indicadores-economicos/indicadores-economicos.php(67): register_widget('am_wpie')\n#3 /wordpress/wp-includes/class-wp-hook.php(324): load_am_wpie('')\n#4 /wordpress/wp-includes/class-wp-hook.php(348): WP_Hook->apply_filters(NULL, Array)\n#5 /wordpress/wp-includes/plugin.php(517): WP_Hook->do_action(Array)\n#6 /wordpress/wp-includes/widgets.php(1870): do_action('widgets_init')\n#7 /wordpress/wp-includes/class-wp-hook.php(324): wp_widgets_init('')\n#8 /wordpress/wp-includes/class-wp-hook.php(348): WP_Hook->apply_filters(NULL, Array)\n#9 /wordpress/wp-includes/plugin.php(517): WP_Hook->do_action(Array)\n#10 /wordpress/wp-settings.php(727): do_action('init')\n#11 /wordpress/wp-config.php(102): require_once('/wordpress/wp-s...')\n#12 /wordpress/wp-load.php(50): require_once('/wordpress/wp-c...')\n#13 /internal/eval.php(3): require_once('/wordpress/wp-l...')\n#14 {main}\n  thrown in /wordpress/wp-includes/class-wp-widget.php on line 163","log":"/logs/plugins/l/littlebaby/error.json"}
,
{"message":"Undefined variable $wpdb in /wordpress/wp-content/plugins/link-optimizer-lite/link-optimizer.php on line 20","level":"WARNING","type":"PHP","test":"asyncify-boot","plugin":"littlebaby","details":"[02-Jun-2025 15:41:43 UTC] PHP Warning:  Undefined variable $wpdb in /wordpress/wp-content/plugins/link-optimizer-lite/link-optimizer.php on line 20","log":"/logs/plugins/l/littlebaby/error.json"}
,
{"message":"Attempt to read property \"prefix\" on null in /wordpress/wp-content/plugins/link-optimizer-lite/link-optimizer.php on line 20","level":"WARNING","type":"PHP","test":"asyncify-boot","plugin":"littlebaby","details":"[02-Jun-2025 15:41:43 UTC] PHP Warning:  Attempt to read property \"prefix\" on null in /wordpress/wp-content/plugins/link-optimizer-lite/link-optimizer.php on line 20","log":"/logs/plugins/l/littlebaby/error.json"}
,
{"message":"Undefined variable $wpdb in /wordpress/wp-content/plugins/link-optimizer-lite/link-optimizer.php on line 21","level":"WARNING","type":"PHP","test":"asyncify-boot","plugin":"littlebaby","details":"[02-Jun-2025 15:41:43 UTC] PHP Warning:  Undefined variable $wpdb in /wordpress/wp-content/plugins/link-optimizer-lite/link-optimizer.php on line 21","log":"/logs/plugins/l/littlebaby/error.json"}
,
{"message":"Attempt to read property \"prefix\" on null in /wordpress/wp-content/plugins/link-optimizer-lite/link-optimizer.php on line 21","level":"WARNING","type":"PHP","test":"asyncify-boot","plugin":"littlebaby","details":"[02-Jun-2025 15:41:43 UTC] PHP Warning:  Attempt to read property \"prefix\" on null in /wordpress/wp-content/plugins/link-optimizer-lite/link-optimizer.php on line 21","log":"/logs/plugins/l/littlebaby/error.json"}
,
{"message":"Undefined array key \"lo-lid\" in /wordpress/wp-content/plugins/link-optimizer-lite/hooks.php on line 93","level":"WARNING","type":"PHP","test":"asyncify-boot","plugin":"littlebaby","details":"[02-Jun-2025 15:41:44 UTC] PHP Warning:  Undefined array key \"lo-lid\" in /wordpress/wp-content/plugins/link-optimizer-lite/hooks.php on line 93","log":"/logs/plugins/l/littlebaby/error.json"}
,
{"message":"Undefined array key \"lo-sid\" in /wordpress/wp-content/plugins/link-optimizer-lite/hooks.php on line 97","level":"WARNING","type":"PHP","test":"asyncify-boot","plugin":"littlebaby","details":"[02-Jun-2025 15:41:44 UTC] PHP Warning:  Undefined array key \"lo-sid\" in /wordpress/wp-content/plugins/link-optimizer-lite/hooks.php on line 97","log":"/logs/plugins/l/littlebaby/error.json"}
,
{"message":"Undefined variable $wpdb in /wordpress/wp-content/plugins/link-optimizer-lite/link-optimizer.php on line 20","level":"WARNING","type":"PHP","test":"asyncify-boot","plugin":"littlebaby","details":"[02-Jun-2025 15:41:52 UTC] PHP Warning:  Undefined variable $wpdb in /wordpress/wp-content/plugins/link-optimizer-lite/link-optimizer.php on line 20","log":"/logs/plugins/l/littlebaby/error.json"}
,
{"message":"Attempt to read property \"prefix\" on null in /wordpress/wp-content/plugins/link-optimizer-lite/link-optimizer.php on line 20","level":"WARNING","type":"PHP","test":"asyncify-boot","plugin":"littlebaby","details":"[02-Jun-2025 15:41:52 UTC] PHP Warning:  Attempt to read property \"prefix\" on null in /wordpress/wp-content/plugins/link-optimizer-lite/link-optimizer.php on line 20","log":"/logs/plugins/l/littlebaby/error.json"}
,
{"message":"Undefined variable $wpdb in /wordpress/wp-content/plugins/link-optimizer-lite/link-optimizer.php on line 21","level":"WARNING","type":"PHP","test":"asyncify-boot","plugin":"littlebaby","details":"[02-Jun-2025 15:41:52 UTC] PHP Warning:  Undefined variable $wpdb in /wordpress/wp-content/plugins/link-optimizer-lite/link-optimizer.php on line 21","log":"/logs/plugins/l/littlebaby/error.json"}
,
{"message":"Attempt to read property \"prefix\" on null in /wordpress/wp-content/plugins/link-optimizer-lite/link-optimizer.php on line 21","level":"WARNING","type":"PHP","test":"asyncify-boot","plugin":"littlebaby","details":"[02-Jun-2025 15:41:52 UTC] PHP Warning:  Attempt to read property \"prefix\" on null in /wordpress/wp-content/plugins/link-optimizer-lite/link-optimizer.php on line 21","log":"/logs/plugins/l/littlebaby/error.json"}
,
{"message":"Undefined array key \"lo-lid\" in /wordpress/wp-content/plugins/link-optimizer-lite/hooks.php on line 93","level":"WARNING","type":"PHP","test":"asyncify-boot","plugin":"littlebaby","details":"[02-Jun-2025 15:41:53 UTC] PHP Warning:  Undefined array key \"lo-lid\" in /wordpress/wp-content/plugins/link-optimizer-lite/hooks.php on line 93","log":"/logs/plugins/l/littlebaby/error.json"}
,
{"message":"Undefined array key \"lo-sid\" in /wordpress/wp-content/plugins/link-optimizer-lite/hooks.php on line 97","level":"WARNING","type":"PHP","test":"asyncify-boot","plugin":"littlebaby","details":"[02-Jun-2025 15:41:53 UTC] PHP Warning:  Undefined array key \"lo-sid\" in /wordpress/wp-content/plugins/link-optimizer-lite/hooks.php on line 97","log":"/logs/plugins/l/littlebaby/error.json"}
,
{"message":"Undefined variable $wpdb in /wordpress/wp-content/plugins/link-optimizer-lite/link-optimizer.php on line 20","level":"WARNING","type":"PHP","test":"asyncify-boot","plugin":"littlebaby","details":"[02-Jun-2025 15:42:01 UTC] PHP Warning:  Undefined variable $wpdb in /wordpress/wp-content/plugins/link-optimizer-lite/link-optimizer.php on line 20","log":"/logs/plugins/l/littlebaby/error.json"}
,
{"message":"Attempt to read property \"prefix\" on null in /wordpress/wp-content/plugins/link-optimizer-lite/link-optimizer.php on line 20","level":"WARNING","type":"PHP","test":"asyncify-boot","plugin":"littlebaby","details":"[02-Jun-2025 15:42:01 UTC] PHP Warning:  Attempt to read property \"prefix\" on null in /wordpress/wp-content/plugins/link-optimizer-lite/link-optimizer.php on line 20","log":"/logs/plugins/l/littlebaby/error.json"}
,
{"message":"Undefined variable $wpdb in /wordpress/wp-content/plugins/link-optimizer-lite/link-optimizer.php on line 21","level":"WARNING","type":"PHP","test":"asyncify-boot","plugin":"littlebaby","details":"[02-Jun-2025 15:42:01 UTC] PHP Warning:  Undefined variable $wpdb in /wordpress/wp-content/plugins/link-optimizer-lite/link-optimizer.php on line 21","log":"/logs/plugins/l/littlebaby/error.json"}
,
{"message":"Attempt to read property \"prefix\" on null in /wordpress/wp-content/plugins/link-optimizer-lite/link-optimizer.php on line 21","level":"WARNING","type":"PHP","test":"asyncify-boot","plugin":"littlebaby","details":"[02-Jun-2025 15:42:01 UTC] PHP Warning:  Attempt to read property \"prefix\" on null in /wordpress/wp-content/plugins/link-optimizer-lite/link-optimizer.php on line 21","log":"/logs/plugins/l/littlebaby/error.json"}
,
{"message":"Undefined array key \"lo-lid\" in /wordpress/wp-content/plugins/link-optimizer-lite/hooks.php on line 93","level":"WARNING","type":"PHP","test":"asyncify-boot","plugin":"littlebaby","details":"[02-Jun-2025 15:42:02 UTC] PHP Warning:  Undefined array key \"lo-lid\" in /wordpress/wp-content/plugins/link-optimizer-lite/hooks.php on line 93","log":"/logs/plugins/l/littlebaby/error.json"}
,
{"message":"Undefined array key \"lo-sid\" in /wordpress/wp-content/plugins/link-optimizer-lite/hooks.php on line 97","level":"WARNING","type":"PHP","test":"asyncify-boot","plugin":"littlebaby","details":"[02-Jun-2025 15:42:02 UTC] PHP Warning:  Undefined array key \"lo-sid\" in /wordpress/wp-content/plugins/link-optimizer-lite/hooks.php on line 97\n\n    at Object.onBind (file:///home/runner/work/playground-tester/playground-tester/node_modules/@wp-playground/cli/index.js:237:15)\n    at process.processTicksAndRejections (node:internal/process/task_queues:105:5)\n    at async V (file:///home/runner/work/playground-tester/playground-tester/node_modules/@wp-playground/cli/index.js:64:10)\n    at async ja (file:///home/runner/work/playground-tester/playground-tester/node_modules/@wp-playground/cli/cli.js:8161:12) {\n  [cause]: Error: Error when executing the blueprint step #1 ({\"step\":\"installPlugin\",\"pluginData\":{\"resource\":\"wordpress.org/plugins\",\"slug\":\"littlebaby\"},\"options\":{\"activate\":true}}) : Could not download \"https://downloads.wordpress.org/plugin/littlebaby.latest-stable.zip\".\n  \t\t\t\tCheck if the URL is correct and the server is reachable.\n  \t\t\t\tIf it is reachable, the server might be blocking the request.\n  \t\t\t\tCheck the browser console and network tabs for more information.\n  \n  \t\t\t\t## Does the console show the error \"No 'Access-Control-Allow-Origin' header\"?\n  \n  \t\t\t\tThis means the server that hosts your file does not allow requests from other sites\n  \t\t\t\t(cross-origin requests, or CORS).\tYou need to move the asset to a server that allows\n  \t\t\t\tcross-origin file downloads. Learn more about CORS at\n  \t\t\t\thttps://developer.mozilla.org/en-US/docs/Web/HTTP/CORS.\n  \n  \t\t\t\tIf your file is on GitHub, load it from \"raw.githubusercontent.com\".\n  \t\t\t\tHere's how to do that:\n  \n  \t\t\t\t1. Start with the original GitHub URL of the file. For example:\n  \t\t\t\thttps://github.com/username/repository/blob/branch/filename.\n  \t\t\t\t2. Replace \"github.com\" with \"raw.githubusercontent.com\".\n  \t\t\t\t3. Remove the \"/blob/\" part of the URL.\n  \n  \t\t\t\tThe resulting URL should look like this:\n  \t\t\t\thttps://raw.githubusercontent.com/username/repository/branch/filename\n  \n  \t\t\t\tError:\n  \t\t\t\tError: Could not download \"https://downloads.wordpress.org/plugin/littlebaby.latest-stable.zip\"\n      at Object.run (file:///home/runner/work/playground-tester/playground-tester/node_modules/@wp-playground/blueprints/index.js:12449:19)\n      at process.processTicksAndRejections (node:internal/process/task_queues:105:5)\n      at async ms (file:///home/runner/work/playground-tester/playground-tester/node_modules/@wp-playground/blueprints/index.js:12552:3)\n      at async Object.onBind (file:///home/runner/work/playground-tester/playground-tester/node_modules/@wp-playground/cli/index.js:227:48)\n      at async V (file:///home/runner/work/playground-tester/playground-tester/node_modules/@wp-playground/cli/index.js:64:10)\n      at async ja (file:///home/runner/work/playground-tester/playground-tester/node_modules/@wp-playground/cli/cli.js:8161:12) {\n    [cause]: Error: Could not download \"https://downloads.wordpress.org/plugin/littlebaby.latest-stable.zip\".\n    \t\t\t\tCheck if the URL is correct and the server is reachable.\n    \t\t\t\tIf it is reachable, the server might be blocking the request.\n    \t\t\t\tCheck the browser console and network tabs for more information.\n    \n    \t\t\t\t## Does the console show the error \"No 'Access-Control-Allow-Origin' header\"?\n    \n    \t\t\t\tThis means the server that hosts your file does not allow requests from other sites\n    \t\t\t\t(cross-origin requests, or CORS).\tYou need to move the asset to a server that allows\n    \t\t\t\tcross-origin file downloads. Learn more about CORS at\n    \t\t\t\thttps://developer.mozilla.org/en-US/docs/Web/HTTP/CORS.\n    \n    \t\t\t\tIf your file is on GitHub, load it from \"raw.githubusercontent.com\".\n    \t\t\t\tHere's how to do that:\n    \n    \t\t\t\t1. Start with the original GitHub URL of the file. For example:\n    \t\t\t\thttps://github.com/username/repository/blob/branch/filename.\n    \t\t\t\t2. Replace \"github.com\" with \"raw.githubusercontent.com\".\n    \t\t\t\t3. Remove the \"/blob/\" part of the URL.\n    \n    \t\t\t\tThe resulting URL should look like this:\n    \t\t\t\thttps://raw.githubusercontent.com/username/repository/branch/filename\n    \n    \t\t\t\tError:\n    \t\t\t\tError: Could not download \"https://downloads.wordpress.org/plugin/littlebaby.latest-stable.zip\"\n        at Ct.resolve (file:///home/runner/work/playground-tester/playground-tester/node_modules/@wp-playground/blueprints/index.js:1472:13)\n        at process.processTicksAndRejections (node:internal/process/task_queues:105:5)\n        at async _.run (file:///home/runner/work/playground-tester/playground-tester/node_modules/@php-wasm/util/index.js:45:14)\n  }\n}\n\n","log":"/logs/plugins/l/littlebaby/error.json"}
]
