file:///home/runner/work/playground-tester/playground-tester/node_modules/@wp-playground/cli/index.js:237
        throw new Error(y, { cause: u });
              ^

Error: [10-May-2025 13:34:00 UTC] PHP Deprecated:  Function register_sidebar_widget is <strong>deprecated</strong> since version 2.8.0! Use wp_register_sidebar_widget() instead. in /wordpress/wp-includes/functions.php on line 6121
[10-May-2025 13:34:00 UTC] PHP Fatal error:  Uncaught ArgumentCountError: Too few arguments to function WP_Widget::__construct(), 0 passed in /wordpress/wp-includes/class-wp-widget-factory.php on line 62 and at least 2 expected in /wordpress/wp-includes/class-wp-widget.php:163
Stack trace:
#0 /wordpress/wp-includes/class-wp-widget-factory.php(62): WP_Widget->__construct()
#1 /wordpress/wp-includes/widgets.php(123): WP_Widget_Factory->register('SideblogWidget')
#2 /wordpress/wp-content/plugins/sideblog/sideblog.php(503): register_widget('SideblogWidget')
#3 /wordpress/wp-includes/class-wp-hook.php(324): sideblog_init_widgets('')
#4 /wordpress/wp-includes/class-wp-hook.php(348): WP_Hook->apply_filters(NULL, Array)
#5 /wordpress/wp-includes/plugin.php(517): WP_Hook->do_action(Array)
#6 /wordpress/wp-includes/widgets.php(1870): do_action('widgets_init')
#7 /wordpress/wp-includes/class-wp-hook.php(324): wp_widgets_init('')
#8 /wordpress/wp-includes/class-wp-hook.php(348): WP_Hook->apply_filters(NULL, Array)
#9 /wordpress/wp-includes/plugin.php(517): WP_Hook->do_action(Array)
#10 /wordpress/wp-settings.php(727): do_action('init')
#11 /wordpress/wp-config.php(102): require_once('/wordpress/wp-s...')
#12 /wordpress/wp-load.php(50): require_once('/wordpress/wp-c...')
#13 /internal/eval.php(3): require_once('/wordpress/wp-l...')
#14 {main}
  thrown in /wordpress/wp-includes/class-wp-widget.php on line 163
[10-May-2025 13:34:08 UTC] PHP Deprecated:  Function register_sidebar_widget is <strong>deprecated</strong> since version 2.8.0! Use wp_register_sidebar_widget() instead. in /wordpress/wp-includes/functions.php on line 6121
[10-May-2025 13:34:08 UTC] PHP Fatal error:  Uncaught ArgumentCountError: Too few arguments to function WP_Widget::__construct(), 0 passed in /wordpress/wp-includes/class-wp-widget-factory.php on line 62 and at least 2 expected in /wordpress/wp-includes/class-wp-widget.php:163
Stack trace:
#0 /wordpress/wp-includes/class-wp-widget-factory.php(62): WP_Widget->__construct()
#1 /wordpress/wp-includes/widgets.php(123): WP_Widget_Factory->register('SideblogWidget')
#2 /wordpress/wp-content/plugins/sideblog/sideblog.php(503): register_widget('SideblogWidget')
#3 /wordpress/wp-includes/class-wp-hook.php(324): sideblog_init_widgets('')
#4 /wordpress/wp-includes/class-wp-hook.php(348): WP_Hook->apply_filters(NULL, Array)
#5 /wordpress/wp-includes/plugin.php(517): WP_Hook->do_action(Array)
#6 /wordpress/wp-includes/widgets.php(1870): do_action('widgets_init')
#7 /wordpress/wp-includes/class-wp-hook.php(324): wp_widgets_init('')
#8 /wordpress/wp-includes/class-wp-hook.php(348): WP_Hook->apply_filters(NULL, Array)
#9 /wordpress/wp-includes/plugin.php(517): WP_Hook->do_action(Array)
#10 /wordpress/wp-settings.php(727): do_action('init')
#11 /wordpress/wp-config.php(102): require_once('/wordpress/wp-s...')
#12 /wordpress/wp-load.php(50): require_once('/wordpress/wp-c...')
#13 /internal/eval.php(3): require_once('/wordpress/wp-l...')
#14 {main}
  thrown in /wordpress/wp-includes/class-wp-widget.php on line 163
[10-May-2025 13:34:17 UTC] PHP Deprecated:  Function register_sidebar_widget is <strong>deprecated</strong> since version 2.8.0! Use wp_register_sidebar_widget() instead. in /wordpress/wp-includes/functions.php on line 6121
[10-May-2025 13:34:17 UTC] PHP Fatal error:  Uncaught ArgumentCountError: Too few arguments to function WP_Widget::__construct(), 0 passed in /wordpress/wp-includes/class-wp-widget-factory.php on line 62 and at least 2 expected in /wordpress/wp-includes/class-wp-widget.php:163
Stack trace:
#0 /wordpress/wp-includes/class-wp-widget-factory.php(62): WP_Widget->__construct()
#1 /wordpress/wp-includes/widgets.php(123): WP_Widget_Factory->register('SideblogWidget')
#2 /wordpress/wp-content/plugins/sideblog/sideblog.php(503): register_widget('SideblogWidget')
#3 /wordpress/wp-includes/class-wp-hook.php(324): sideblog_init_widgets('')
#4 /wordpress/wp-includes/class-wp-hook.php(348): WP_Hook->apply_filters(NULL, Array)
#5 /wordpress/wp-includes/plugin.php(517): WP_Hook->do_action(Array)
#6 /wordpress/wp-includes/widgets.php(1870): do_action('widgets_init')
#7 /wordpress/wp-includes/class-wp-hook.php(324): wp_widgets_init('')
#8 /wordpress/wp-includes/class-wp-hook.php(348): WP_Hook->apply_filters(NULL, Array)
#9 /wordpress/wp-includes/plugin.php(517): WP_Hook->do_action(Array)
#10 /wordpress/wp-settings.php(727): do_action('init')
#11 /wordpress/wp-config.php(102): require_once('/wordpress/wp-s...')
#12 /wordpress/wp-load.php(50): require_once('/wordpress/wp-c...')
#13 /internal/eval.php(3): require_once('/wordpress/wp-l...')
#14 {main}
  thrown in /wordpress/wp-includes/class-wp-widget.php on line 163
[10-May-2025 13:34:48 UTC] PHP Warning:  include_once(/wordpress/wp-content/plugins/bonds_extra/bonds_extra.php): Failed to open stream: No such file or directory in /wordpress/wp-content/plugins/simple-bitcoin-faucets/bonds/bonds.php on line 15
[10-May-2025 13:34:48 UTC] PHP Warning:  include_once(): Failed opening '/wordpress/wp-content/plugins/bonds_extra/bonds_extra.php' for inclusion (include_path='.:') in /wordpress/wp-content/plugins/simple-bitcoin-faucets/bonds/bonds.php on line 15
[10-May-2025 13:34:49 UTC] PHP Warning:  include_once(/wordpress/wp-content/plugins/bonds_extra/bonds_extra.php): Failed to open stream: No such file or directory in /wordpress/wp-content/plugins/simple-bitcoin-faucets/bonds/bonds.php on line 15
[10-May-2025 13:34:49 UTC] PHP Warning:  include_once(): Failed opening '/wordpress/wp-content/plugins/bonds_extra/bonds_extra.php' for inclusion (include_path='.:') in /wordpress/wp-content/plugins/simple-bitcoin-faucets/bonds/bonds.php on line 15
[10-May-2025 13:34:58 UTC] PHP Warning:  include_once(/wordpress/wp-content/plugins/bonds_extra/bonds_extra.php): Failed to open stream: No such file or directory in /wordpress/wp-content/plugins/simple-bitcoin-faucets/bonds/bonds.php on line 15
[10-May-2025 13:34:58 UTC] PHP Warning:  include_once(): Failed opening '/wordpress/wp-content/plugins/bonds_extra/bonds_extra.php' for inclusion (include_path='.:') in /wordpress/wp-content/plugins/simple-bitcoin-faucets/bonds/bonds.php on line 15
[10-May-2025 13:34:59 UTC] PHP Warning:  include_once(/wordpress/wp-content/plugins/bonds_extra/bonds_extra.php): Failed to open stream: No such file or directory in /wordpress/wp-content/plugins/simple-bitcoin-faucets/bonds/bonds.php on line 15
[10-May-2025 13:34:59 UTC] PHP Warning:  include_once(): Failed opening '/wordpress/wp-content/plugins/bonds_extra/bonds_extra.php' for inclusion (include_path='.:') in /wordpress/wp-content/plugins/simple-bitcoin-faucets/bonds/bonds.php on line 15
[10-May-2025 13:35:09 UTC] PHP Warning:  include_once(/wordpress/wp-content/plugins/bonds_extra/bonds_extra.php): Failed to open stream: No such file or directory in /wordpress/wp-content/plugins/simple-bitcoin-faucets/bonds/bonds.php on line 15
[10-May-2025 13:35:09 UTC] PHP Warning:  include_once(): Failed opening '/wordpress/wp-content/plugins/bonds_extra/bonds_extra.php' for inclusion (include_path='.:') in /wordpress/wp-content/plugins/simple-bitcoin-faucets/bonds/bonds.php on line 15
[10-May-2025 13:35:09 UTC] PHP Warning:  include_once(/wordpress/wp-content/plugins/bonds_extra/bonds_extra.php): Failed to open stream: No such file or directory in /wordpress/wp-content/plugins/simple-bitcoin-faucets/bonds/bonds.php on line 15
[10-May-2025 13:35:09 UTC] PHP Warning:  include_once(): Failed opening '/wordpress/wp-content/plugins/bonds_extra/bonds_extra.php' for inclusion (include_path='.:') in /wordpress/wp-content/plugins/simple-bitcoin-faucets/bonds/bonds.php on line 15
[10-May-2025 13:35:18 UTC] PHP Fatal error:  Uncaught Error: Undefined constant "version__MLSS" in /wordpress/wp-content/plugins/simple-database-exportimport-for-migration-or-backup/index.php:39
Stack trace:
#0 /wordpress/wp-includes/class-wp-hook.php(324): refresh_options__SDIEM(false)
#1 /wordpress/wp-includes/class-wp-hook.php(348): WP_Hook->apply_filters('', Array)
#2 /wordpress/wp-includes/plugin.php(517): WP_Hook->do_action(Array)
#3 /wordpress/wp-admin/includes/plugin.php(703): do_action('activate_simple...', false)
#4 /internal/eval.php(20): activate_plugin('simple-database...')
#5 {main}
  thrown in /wordpress/wp-content/plugins/simple-database-exportimport-for-migration-or-backup/index.php on line 39
[10-May-2025 13:35:25 UTC] PHP Fatal error:  Uncaught Error: Undefined constant "version__MLSS" in /wordpress/wp-content/plugins/simple-database-exportimport-for-migration-or-backup/index.php:39
Stack trace:
#0 /wordpress/wp-includes/class-wp-hook.php(324): refresh_options__SDIEM(false)
#1 /wordpress/wp-includes/class-wp-hook.php(348): WP_Hook->apply_filters('', Array)
#2 /wordpress/wp-includes/plugin.php(517): WP_Hook->do_action(Array)
#3 /wordpress/wp-admin/includes/plugin.php(703): do_action('activate_simple...', false)
#4 /internal/eval.php(20): activate_plugin('simple-database...')
#5 {main}
  thrown in /wordpress/wp-content/plugins/simple-database-exportimport-for-migration-or-backup/index.php on line 39
[10-May-2025 13:35:33 UTC] PHP Fatal error:  Uncaught Error: Undefined constant "version__MLSS" in /wordpress/wp-content/plugins/simple-database-exportimport-for-migration-or-backup/index.php:39
Stack trace:
#0 /wordpress/wp-includes/class-wp-hook.php(324): refresh_options__SDIEM(false)
#1 /wordpress/wp-includes/class-wp-hook.php(348): WP_Hook->apply_filters('', Array)
#2 /wordpress/wp-includes/plugin.php(517): WP_Hook->do_action(Array)
#3 /wordpress/wp-admin/includes/plugin.php(703): do_action('activate_simple...', false)
#4 /internal/eval.php(20): activate_plugin('simple-database...')
#5 {main}
  thrown in /wordpress/wp-content/plugins/simple-database-exportimport-for-migration-or-backup/index.php on line 39
[10-May-2025 13:35:41 UTC] PHP Warning:  Undefined array key "action" in /wordpress/wp-content/plugins/simple-facebook-comments-for-wordpress/SFCController.php on line 18
[10-May-2025 13:35:41 UTC] PHP Fatal error:  Uncaught PDOException: SQLSTATE[HY000] [2002] Address family not supported by protocol in /wordpress/wp-content/plugins/simple-facebook-comments-for-wordpress/Model/PdoSingleton.php:10
Stack trace:
#0 /wordpress/wp-content/plugins/simple-facebook-comments-for-wordpress/Model/PdoSingleton.php(10): PDO->__construct('mysql:dbname=da...', 'username_here', 'password_here')
#1 /wordpress/wp-content/plugins/simple-facebook-comments-for-wordpress/Model/PdoSingleton.php(18): PdoSingleton->__construct('database_name_h...', 'localhost', 'username_here', 'password_here')
#2 /wordpress/wp-content/plugins/simple-facebook-comments-for-wordpress/SFCController.php(25): PdoSingleton::initialize('database_name_h...', 'localhost', 'username_here', 'password_here')
#3 /wordpress/wp-admin/includes/plugin.php(2387): include_once('/wordpress/wp-c...')
#4 /wordpress/wp-admin/includes/plugin.php(673): plugin_sandbox_scrape('simple-facebook...')
#5 /internal/eval.php(20): activate_plugin('simple-facebook...')
#6 {main}
  thrown in /wordpress/wp-content/plugins/simple-facebook-comments-for-wordpress/Model/PdoSingleton.php on line 10
[10-May-2025 13:35:49 UTC] PHP Warning:  Undefined array key "action" in /wordpress/wp-content/plugins/simple-facebook-comments-for-wordpress/SFCController.php on line 18
[10-May-2025 13:35:49 UTC] PHP Fatal error:  Uncaught PDOException: SQLSTATE[HY000] [2002] Address family not supported by protocol in /wordpress/wp-content/plugins/simple-facebook-comments-for-wordpress/Model/PdoSingleton.php:10
Stack trace:
#0 /wordpress/wp-content/plugins/simple-facebook-comments-for-wordpress/Model/PdoSingleton.php(10): PDO->__construct('mysql:dbname=da...', 'username_here', 'password_here')
#1 /wordpress/wp-content/plugins/simple-facebook-comments-for-wordpress/Model/PdoSingleton.php(18): PdoSingleton->__construct('database_name_h...', 'localhost', 'username_here', 'password_here')
#2 /wordpress/wp-content/plugins/simple-facebook-comments-for-wordpress/SFCController.php(25): PdoSingleton::initialize('database_name_h...', 'localhost', 'username_here', 'password_here')
#3 /wordpress/wp-admin/includes/plugin.php(2387): include_once('/wordpress/wp-c...')
#4 /wordpress/wp-admin/includes/plugin.php(673): plugin_sandbox_scrape('simple-facebook...')
#5 /internal/eval.php(20): activate_plugin('simple-facebook...')
#6 {main}
  thrown in /wordpress/wp-content/plugins/simple-facebook-comments-for-wordpress/Model/PdoSingleton.php on line 10
[10-May-2025 13:35:57 UTC] PHP Warning:  Undefined array key "action" in /wordpress/wp-content/plugins/simple-facebook-comments-for-wordpress/SFCController.php on line 18
[10-May-2025 13:35:57 UTC] PHP Fatal error:  Uncaught PDOException: SQLSTATE[HY000] [2002] Address family not supported by protocol in /wordpress/wp-content/plugins/simple-facebook-comments-for-wordpress/Model/PdoSingleton.php:10
Stack trace:
#0 /wordpress/wp-content/plugins/simple-facebook-comments-for-wordpress/Model/PdoSingleton.php(10): PDO->__construct('mysql:dbname=da...', 'username_here', 'password_here')
#1 /wordpress/wp-content/plugins/simple-facebook-comments-for-wordpress/Model/PdoSingleton.php(18): PdoSingleton->__construct('database_name_h...', 'localhost', 'username_here', 'password_here')
#2 /wordpress/wp-content/plugins/simple-facebook-comments-for-wordpress/SFCController.php(25): PdoSingleton::initialize('database_name_h...', 'localhost', 'username_here', 'password_here')
#3 /wordpress/wp-admin/includes/plugin.php(2387): include_once('/wordpress/wp-c...')
#4 /wordpress/wp-admin/includes/plugin.php(673): plugin_sandbox_scrape('simple-facebook...')
#5 /internal/eval.php(20): activate_plugin('simple-facebook...')
#6 {main}
  thrown in /wordpress/wp-content/plugins/simple-facebook-comments-for-wordpress/Model/PdoSingleton.php on line 10
[10-May-2025 13:36:34 UTC] PHP Fatal error:  Uncaught Error: Class "WC_Payment_Gateway" not found in /wordpress/wp-content/plugins/sinepay-payment-gateway-for-woocommerce/sinepay-gateway.php:30
Stack trace:
#0 /wordpress/wp-includes/class-wp-hook.php(324): sinepay_init_gateway_class('')
#1 /wordpress/wp-includes/class-wp-hook.php(348): WP_Hook->apply_filters(NULL, Array)
#2 /wordpress/wp-includes/plugin.php(517): WP_Hook->do_action(Array)
#3 /wordpress/wp-settings.php(578): do_action('plugins_loaded')
#4 /wordpress/wp-config.php(102): require_once('/wordpress/wp-s...')
#5 /wordpress/wp-load.php(50): require_once('/wordpress/wp-c...')
#6 /internal/eval.php(3): require_once('/wordpress/wp-l...')
#7 {main}
  thrown in /wordpress/wp-content/plugins/sinepay-payment-gateway-for-woocommerce/sinepay-gateway.php on line 30
[10-May-2025 13:36:44 UTC] PHP Fatal error:  Uncaught Error: Class "WC_Payment_Gateway" not found in /wordpress/wp-content/plugins/sinepay-payment-gateway-for-woocommerce/sinepay-gateway.php:30
Stack trace:
#0 /wordpress/wp-includes/class-wp-hook.php(324): sinepay_init_gateway_class('')
#1 /wordpress/wp-includes/class-wp-hook.php(348): WP_Hook->apply_filters(NULL, Array)
#2 /wordpress/wp-includes/plugin.php(517): WP_Hook->do_action(Array)
#3 /wordpress/wp-settings.php(578): do_action('plugins_loaded')
#4 /wordpress/wp-config.php(102): require_once('/wordpress/wp-s...')
#5 /wordpress/wp-load.php(50): require_once('/wordpress/wp-c...')
#6 /internal/eval.php(3): require_once('/wordpress/wp-l...')
#7 {main}
  thrown in /wordpress/wp-content/plugins/sinepay-payment-gateway-for-woocommerce/sinepay-gateway.php on line 30
[10-May-2025 13:36:52 UTC] PHP Fatal error:  Uncaught Error: Class "WC_Payment_Gateway" not found in /wordpress/wp-content/plugins/sinepay-payment-gateway-for-woocommerce/sinepay-gateway.php:30
Stack trace:
#0 /wordpress/wp-includes/class-wp-hook.php(324): sinepay_init_gateway_class('')
#1 /wordpress/wp-includes/class-wp-hook.php(348): WP_Hook->apply_filters(NULL, Array)
#2 /wordpress/wp-includes/plugin.php(517): WP_Hook->do_action(Array)
#3 /wordpress/wp-settings.php(578): do_action('plugins_loaded')
#4 /wordpress/wp-config.php(102): require_once('/wordpress/wp-s...')
#5 /wordpress/wp-load.php(50): require_once('/wordpress/wp-c...')
#6 /internal/eval.php(3): require_once('/wordpress/wp-l...')
#7 {main}
  thrown in /wordpress/wp-content/plugins/sinepay-payment-gateway-for-woocommerce/sinepay-gateway.php on line 30
[10-May-2025 13:42:41 UTC] PHP Warning:  "continue" targeting switch is equivalent to "break". Did you mean to use "continue 2"? in /wordpress/wp-content/plugins/social-medias-connect/SMConnect.php on line 1174
[10-May-2025 13:42:41 UTC] PHP Deprecated:  Required parameter $avatar follows optional parameter $size in /wordpress/wp-content/plugins/social-medias-connect/SMConnect.php on line 1351
[10-May-2025 13:42:43 UTC] PHP Warning:  "continue" targeting switch is equivalent to "break". Did you mean to use "continue 2"? in /wordpress/wp-content/plugins/social-medias-connect/SMConnect.php on line 1174
[10-May-2025 13:42:43 UTC] PHP Deprecated:  Required parameter $avatar follows optional parameter $size in /wordpress/wp-content/plugins/social-medias-connect/SMConnect.php on line 1351
[10-May-2025 13:42:43 UTC] PHP Fatal error:  Uncaught ArgumentCountError: Too few arguments to function WP_Widget::__construct(), 0 passed in /wordpress/wp-includes/class-wp-widget-factory.php on line 62 and at least 2 expected in /wordpress/wp-includes/class-wp-widget.php:163
Stack trace:
#0 /wordpress/wp-includes/class-wp-widget-factory.php(62): WP_Widget->__construct()
#1 /wordpress/wp-includes/widgets.php(123): WP_Widget_Factory->register('smc_sidebar_log...')
#2 /wordpress/wp-content/plugins/social-medias-connect/widgets.php(42): register_widget('smc_sidebar_log...')
#3 /wordpress/wp-includes/class-wp-hook.php(324): smc_sidebar_widget_init('')
#4 /wordpress/wp-includes/class-wp-hook.php(348): WP_Hook->apply_filters(NULL, Array)
#5 /wordpress/wp-includes/plugin.php(517): WP_Hook->do_action(Array)
#6 /wordpress/wp-includes/widgets.php(1870): do_action('widgets_init')
#7 /wordpress/wp-includes/class-wp-hook.php(324): wp_widgets_init('')
#8 /wordpress/wp-includes/class-wp-hook.php(348): WP_Hook->apply_filters(NULL, Array)
#9 /wordpress/wp-includes/plugin.php(517): WP_Hook->do_action(Array)
#10 /wordpress/wp-settings.php(727): do_action('init')
#11 /wordpress/wp-config.php(102): require_once('/wordpress/wp-s...')
#12 /wordpress/wp-load.php(50): require_once('/wordpress/wp-c...')
#13 /internal/eval.php(3): require_once('/wordpress/wp-l...')
#14 {main}
  thrown in /wordpress/wp-includes/class-wp-widget.php on line 163
[10-May-2025 13:42:51 UTC] PHP Warning:  "continue" targeting switch is equivalent to "break". Did you mean to use "continue 2"? in /wordpress/wp-content/plugins/social-medias-connect/SMConnect.php on line 1174
[10-May-2025 13:42:51 UTC] PHP Deprecated:  Required parameter $avatar follows optional parameter $size in /wordpress/wp-content/plugins/social-medias-connect/SMConnect.php on line 1351
[10-May-2025 13:42:54 UTC] PHP Warning:  "continue" targeting switch is equivalent to "break". Did you mean to use "continue 2"? in /wordpress/wp-content/plugins/social-medias-connect/SMConnect.php on line 1174
[10-May-2025 13:42:54 UTC] PHP Deprecated:  Required parameter $avatar follows optional parameter $size in /wordpress/wp-content/plugins/social-medias-connect/SMConnect.php on line 1351
[10-May-2025 13:42:54 UTC] PHP Fatal error:  Uncaught ArgumentCountError: Too few arguments to function WP_Widget::__construct(), 0 passed in /wordpress/wp-includes/class-wp-widget-factory.php on line 62 and at least 2 expected in /wordpress/wp-includes/class-wp-widget.php:163
Stack trace:
#0 /wordpress/wp-includes/class-wp-widget-factory.php(62): WP_Widget->__construct()
#1 /wordpress/wp-includes/widgets.php(123): WP_Widget_Factory->register('smc_sidebar_log...')
#2 /wordpress/wp-content/plugins/social-medias-connect/widgets.php(42): register_widget('smc_sidebar_log...')
#3 /wordpress/wp-includes/class-wp-hook.php(324): smc_sidebar_widget_init('')
#4 /wordpress/wp-includes/class-wp-hook.php(348): WP_Hook->apply_filters(NULL, Array)
#5 /wordpress/wp-includes/plugin.php(517): WP_Hook->do_action(Array)
#6 /wordpress/wp-includes/widgets.php(1870): do_action('widgets_init')
#7 /wordpress/wp-includes/class-wp-hook.php(324): wp_widgets_init('')
#8 /wordpress/wp-includes/class-wp-hook.php(348): WP_Hook->apply_filters(NULL, Array)
#9 /wordpress/wp-includes/plugin.php(517): WP_Hook->do_action(Array)
#10 /wordpress/wp-settings.php(727): do_action('init')
#11 /wordpress/wp-config.php(102): require_once('/wordpress/wp-s...')
#12 /wordpress/wp-load.php(50): require_once('/wordpress/wp-c...')
#13 /internal/eval.php(3): require_once('/wordpress/wp-l...')
#14 {main}
  thrown in /wordpress/wp-includes/class-wp-widget.php on line 163
[10-May-2025 13:43:01 UTC] PHP Warning:  "continue" targeting switch is equivalent to "break". Did you mean to use "continue 2"? in /wordpress/wp-content/plugins/social-medias-connect/SMConnect.php on line 1174
[10-May-2025 13:43:01 UTC] PHP Deprecated:  Required parameter $avatar follows optional parameter $size in /wordpress/wp-content/plugins/social-medias-connect/SMConnect.php on line 1351
[10-May-2025 13:43:03 UTC] PHP Warning:  "continue" targeting switch is equivalent to "break". Did you mean to use "continue 2"? in /wordpress/wp-content/plugins/social-medias-connect/SMConnect.php on line 1174
[10-May-2025 13:43:03 UTC] PHP Deprecated:  Required parameter $avatar follows optional parameter $size in /wordpress/wp-content/plugins/social-medias-connect/SMConnect.php on line 1351
[10-May-2025 13:43:03 UTC] PHP Fatal error:  Uncaught ArgumentCountError: Too few arguments to function WP_Widget::__construct(), 0 passed in /wordpress/wp-includes/class-wp-widget-factory.php on line 62 and at least 2 expected in /wordpress/wp-includes/class-wp-widget.php:163
Stack trace:
#0 /wordpress/wp-includes/class-wp-widget-factory.php(62): WP_Widget->__construct()
#1 /wordpress/wp-includes/widgets.php(123): WP_Widget_Factory->register('smc_sidebar_log...')
#2 /wordpress/wp-content/plugins/social-medias-connect/widgets.php(42): register_widget('smc_sidebar_log...')
#3 /wordpress/wp-includes/class-wp-hook.php(324): smc_sidebar_widget_init('')
#4 /wordpress/wp-includes/class-wp-hook.php(348): WP_Hook->apply_filters(NULL, Array)
#5 /wordpress/wp-includes/plugin.php(517): WP_Hook->do_action(Array)
#6 /wordpress/wp-includes/widgets.php(1870): do_action('widgets_init')
#7 /wordpress/wp-includes/class-wp-hook.php(324): wp_widgets_init('')
#8 /wordpress/wp-includes/class-wp-hook.php(348): WP_Hook->apply_filters(NULL, Array)
#9 /wordpress/wp-includes/plugin.php(517): WP_Hook->do_action(Array)
#10 /wordpress/wp-settings.php(727): do_action('init')
#11 /wordpress/wp-config.php(102): require_once('/wordpress/wp-s...')
#12 /wordpress/wp-load.php(50): require_once('/wordpress/wp-c...')
#13 /internal/eval.php(3): require_once('/wordpress/wp-l...')
#14 {main}
  thrown in /wordpress/wp-includes/class-wp-widget.php on line 163
[10-May-2025 13:43:14 UTC] PHP Deprecated:  Required parameter $query_args follows optional parameter $use_cases in /wordpress/wp-content/plugins/starcat-review/app/services/comments-factory.php on line 18
[10-May-2025 13:43:14 UTC] PHP Deprecated:  Required parameter $addon_info follows optional parameter $section in /wordpress/wp-content/plugins/starcat-review/includes/settings/premium-tease.php on line 62
[10-May-2025 13:43:14 UTC] PHP Deprecated:  Required parameter $addon_info follows optional parameter $fields in /wordpress/wp-content/plugins/starcat-review/includes/settings/premium-tease.php on line 69
[10-May-2025 13:43:14 UTC] PHP Deprecated:  Required parameter $review follows optional parameter $html in /wordpress/wp-content/plugins/starcat-review/features/non-logged-in-user.php on line 165
[10-May-2025 13:43:16 UTC] PHP Deprecated:  Required parameter $query_args follows optional parameter $use_cases in /wordpress/wp-content/plugins/starcat-review/app/services/comments-factory.php on line 18
[10-May-2025 13:43:16 UTC] PHP Notice:  Function _load_textdomain_just_in_time was called <strong>incorrectly</strong>. Translation loading for the <code>starcat-review</code> domain was triggered too early. This is usually an indicator for some code in the plugin or theme running too early. Translations should be loaded at the <code>init</code> action or later. Please see <a href="https://developer.wordpress.org/advanced-administration/debug/debug-wordpress/">Debugging in WordPress</a> for more information. (This message was added in version 6.7.0.) in /wordpress/wp-includes/functions.php on line 6121
[10-May-2025 13:43:16 UTC] PHP Deprecated:  Required parameter $addon_info follows optional parameter $section in /wordpress/wp-content/plugins/starcat-review/includes/settings/premium-tease.php on line 62
[10-May-2025 13:43:16 UTC] PHP Deprecated:  Required parameter $addon_info follows optional parameter $fields in /wordpress/wp-content/plugins/starcat-review/includes/settings/premium-tease.php on line 69
[10-May-2025 13:43:16 UTC] PHP Deprecated:  Required parameter $review follows optional parameter $html in /wordpress/wp-content/plugins/starcat-review/features/non-logged-in-user.php on line 165
[10-May-2025 13:43:25 UTC] PHP Deprecated:  Required parameter $query_args follows optional parameter $use_cases in /wordpress/wp-content/plugins/starcat-review/app/services/comments-factory.php on line 18
[10-May-2025 13:43:26 UTC] PHP Deprecated:  Required parameter $addon_info follows optional parameter $section in /wordpress/wp-content/plugins/starcat-review/includes/settings/premium-tease.php on line 62
[10-May-2025 13:43:26 UTC] PHP Deprecated:  Required parameter $addon_info follows optional parameter $fields in /wordpress/wp-content/plugins/starcat-review/includes/settings/premium-tease.php on line 69
[10-May-2025 13:43:26 UTC] PHP Deprecated:  Required parameter $review follows optional parameter $html in /wordpress/wp-content/plugins/starcat-review/features/non-logged-in-user.php on line 165
[10-May-2025 13:43:28 UTC] PHP Deprecated:  Required parameter $query_args follows optional parameter $use_cases in /wordpress/wp-content/plugins/starcat-review/app/services/comments-factory.php on line 18
[10-May-2025 13:43:28 UTC] PHP Notice:  Function _load_textdomain_just_in_time was called <strong>incorrectly</strong>. Translation loading for the <code>starcat-review</code> domain was triggered too early. This is usually an indicator for some code in the plugin or theme running too early. Translations should be loaded at the <code>init</code> action or later. Please see <a href="https://developer.wordpress.org/advanced-administration/debug/debug-wordpress/">Debugging in WordPress</a> for more information. (This message was added in version 6.7.0.) in /wordpress/wp-includes/functions.php on line 6121
[10-May-2025 13:43:28 UTC] PHP Deprecated:  Required parameter $addon_info follows optional parameter $section in /wordpress/wp-content/plugins/starcat-review/includes/settings/premium-tease.php on line 62
[10-May-2025 13:43:28 UTC] PHP Deprecated:  Required parameter $addon_info follows optional parameter $fields in /wordpress/wp-content/plugins/starcat-review/includes/settings/premium-tease.php on line 69
[10-May-2025 13:43:28 UTC] PHP Deprecated:  Required parameter $review follows optional parameter $html in /wordpress/wp-content/plugins/starcat-review/features/non-logged-in-user.php on line 165
[10-May-2025 13:43:39 UTC] PHP Deprecated:  Required parameter $query_args follows optional parameter $use_cases in /wordpress/wp-content/plugins/starcat-review/app/services/comments-factory.php on line 18
[10-May-2025 13:43:39 UTC] PHP Deprecated:  Required parameter $addon_info follows optional parameter $section in /wordpress/wp-content/plugins/starcat-review/includes/settings/premium-tease.php on line 62
[10-May-2025 13:43:39 UTC] PHP Deprecated:  Required parameter $addon_info follows optional parameter $fields in /wordpress/wp-content/plugins/starcat-review/includes/settings/premium-tease.php on line 69
[10-May-2025 13:43:39 UTC] PHP Deprecated:  Required parameter $review follows optional parameter $html in /wordpress/wp-content/plugins/starcat-review/features/non-logged-in-user.php on line 165
[10-May-2025 13:43:41 UTC] PHP Deprecated:  Required parameter $query_args follows optional parameter $use_cases in /wordpress/wp-content/plugins/starcat-review/app/services/comments-factory.php on line 18
[10-May-2025 13:43:41 UTC] PHP Notice:  Function _load_textdomain_just_in_time was called <strong>incorrectly</strong>. Translation loading for the <code>starcat-review</code> domain was triggered too early. This is usually an indicator for some code in the plugin or theme running too early. Translations should be loaded at the <code>init</code> action or later. Please see <a href="https://developer.wordpress.org/advanced-administration/debug/debug-wordpress/">Debugging in WordPress</a> for more information. (This message was added in version 6.7.0.) in /wordpress/wp-includes/functions.php on line 6121
[10-May-2025 13:43:41 UTC] PHP Deprecated:  Required parameter $addon_info follows optional parameter $section in /wordpress/wp-content/plugins/starcat-review/includes/settings/premium-tease.php on line 62
[10-May-2025 13:43:41 UTC] PHP Deprecated:  Required parameter $addon_info follows optional parameter $fields in /wordpress/wp-content/plugins/starcat-review/includes/settings/premium-tease.php on line 69
[10-May-2025 13:43:41 UTC] PHP Deprecated:  Required parameter $review follows optional parameter $html in /wordpress/wp-content/plugins/starcat-review/features/non-logged-in-user.php on line 165

    at Object.onBind (file:///home/runner/work/playground-tester/playground-tester/node_modules/@wp-playground/cli/index.js:237:15)
    at process.processTicksAndRejections (node:internal/process/task_queues:105:5)
    at async V (file:///home/runner/work/playground-tester/playground-tester/node_modules/@wp-playground/cli/index.js:64:10)
    at async ja (file:///home/runner/work/playground-tester/playground-tester/node_modules/@wp-playground/cli/cli.js:8161:12) {
  [cause]: Error: Error when executing the blueprint step #1 ({"step":"installPlugin","pluginData":{"resource":"wordpress.org/plugins","slug":"swiftbooks-subscription-membership-autoresponder"},"options":{"activate":true}}) : Could not download "https://downloads.wordpress.org/plugin/swiftbooks-subscription-membership-autoresponder.latest-stable.zip".
  				Check if the URL is correct and the server is reachable.
  				If it is reachable, the server might be blocking the request.
  				Check the browser console and network tabs for more information.
  
  				## Does the console show the error "No 'Access-Control-Allow-Origin' header"?
  
  				This means the server that hosts your file does not allow requests from other sites
  				(cross-origin requests, or CORS).	You need to move the asset to a server that allows
  				cross-origin file downloads. Learn more about CORS at
  				https://developer.mozilla.org/en-US/docs/Web/HTTP/CORS.
  
  				If your file is on GitHub, load it from "raw.githubusercontent.com".
  				Here's how to do that:
  
  				1. Start with the original GitHub URL of the file. For example:
  				https://github.com/username/repository/blob/branch/filename.
  				2. Replace "github.com" with "raw.githubusercontent.com".
  				3. Remove the "/blob/" part of the URL.
  
  				The resulting URL should look like this:
  				https://raw.githubusercontent.com/username/repository/branch/filename
  
  				Error:
  				Error: Could not download "https://downloads.wordpress.org/plugin/swiftbooks-subscription-membership-autoresponder.latest-stable.zip"
      at Object.run (file:///home/runner/work/playground-tester/playground-tester/node_modules/@wp-playground/blueprints/index.js:12449:19)
      at process.processTicksAndRejections (node:internal/process/task_queues:105:5)
      at async ms (file:///home/runner/work/playground-tester/playground-tester/node_modules/@wp-playground/blueprints/index.js:12552:3)
      at async Object.onBind (file:///home/runner/work/playground-tester/playground-tester/node_modules/@wp-playground/cli/index.js:227:48)
      at async V (file:///home/runner/work/playground-tester/playground-tester/node_modules/@wp-playground/cli/index.js:64:10)
      at async ja (file:///home/runner/work/playground-tester/playground-tester/node_modules/@wp-playground/cli/cli.js:8161:12) {
    [cause]: Error: Could not download "https://downloads.wordpress.org/plugin/swiftbooks-subscription-membership-autoresponder.latest-stable.zip".
    				Check if the URL is correct and the server is reachable.
    				If it is reachable, the server might be blocking the request.
    				Check the browser console and network tabs for more information.
    
    				## Does the console show the error "No 'Access-Control-Allow-Origin' header"?
    
    				This means the server that hosts your file does not allow requests from other sites
    				(cross-origin requests, or CORS).	You need to move the asset to a server that allows
    				cross-origin file downloads. Learn more about CORS at
    				https://developer.mozilla.org/en-US/docs/Web/HTTP/CORS.
    
    				If your file is on GitHub, load it from "raw.githubusercontent.com".
    				Here's how to do that:
    
    				1. Start with the original GitHub URL of the file. For example:
    				https://github.com/username/repository/blob/branch/filename.
    				2. Replace "github.com" with "raw.githubusercontent.com".
    				3. Remove the "/blob/" part of the URL.
    
    				The resulting URL should look like this:
    				https://raw.githubusercontent.com/username/repository/branch/filename
    
    				Error:
    				Error: Could not download "https://downloads.wordpress.org/plugin/swiftbooks-subscription-membership-autoresponder.latest-stable.zip"
        at Ct.resolve (file:///home/runner/work/playground-tester/playground-tester/node_modules/@wp-playground/blueprints/index.js:1472:13)
        at process.processTicksAndRejections (node:internal/process/task_queues:105:5)
        at async _.run (file:///home/runner/work/playground-tester/playground-tester/node_modules/@php-wasm/util/index.js:45:14)
  }
}

Node.js v23.11.0
