file:///home/runner/work/playground-tester/playground-tester/node_modules/@wp-playground/cli/index.js:237
        throw new Error(y, { cause: u });
              ^

Error: [12-Apr-2025 17:27:47 UTC] PHP Fatal error:  Uncaught Whisk\Recipes\Vendor\Carbon_Fields\Exception\Incorrect_Syntax_Exception: Attempted to access a field before the carbon_fields_register_fields and carbon_fields_fields_registered actions have fired yet. in /wordpress/wp-content/plugins/whisk-recipes/vendor-prefixed/htmlburger/carbon-fields/core/Exception/Incorrect_Syntax_Exception.php:21
Stack trace:
#0 /wordpress/wp-content/plugins/whisk-recipes/vendor-prefixed/htmlburger/carbon-fields/core/Carbon_Fields.php(204): Whisk\Recipes\Vendor\Carbon_Fields\Exception\Incorrect_Syntax_Exception::raise('Attempted to ac...')
#1 /wordpress/wp-content/plugins/whisk-recipes/vendor-prefixed/htmlburger/carbon-fields/core/Helper/Helper.php(24): Whisk\Recipes\Vendor\Carbon_Fields\Carbon_Fields::verify_fields_registered()
#2 /wordpress/wp-content/plugins/whisk-recipes/vendor-prefixed/htmlburger/carbon-fields/core/Helper/Helper.php(67): Whisk\Recipes\Vendor\Carbon_Fields\Helper\Helper::get_field('theme_options', '', 'whisk_semantic_...')
#3 /wordpress/wp-content/plugins/whisk-recipes/vendor-prefixed/htmlburger/carbon-fields/core/Helper/Helper.php(101): Whisk\Recipes\Vendor\Carbon_Fields\Helper\Helper::with_field_clone(NULL, 'theme_options', '', 'whisk_semantic_...', Object(Closure))
#4 /wordpress/wp-content/plugins/whisk-recipes/vendor-prefixed/htmlburger/carbon-fields/core/Helper/Helper.php(172): Whisk\Recipes\Vendor\Carbon_Fields\Helper\Helper::get_value(NULL, 'theme_options', '', 'whisk_semantic_...')
#5 /wordpress/wp-content/plugins/whisk-recipes/src/models/class-diet.php(118): Whisk\Recipes\Vendor\Carbon_Fields\Helper\Helper::get_theme_option('whisk_semantic_...')
#6 /wordpress/wp-content/plugins/whisk-recipes/src/models/class-diet.php(74): Whisk\Recipes\Models\Diet->register_taxonomy()
#7 /wordpress/wp-includes/class-wp-hook.php(324): Whisk\Recipes\Models\Diet->create_default_terms(false)
#8 /wordpress/wp-includes/class-wp-hook.php(348): WP_Hook->apply_filters('', Array)
#9 /wordpress/wp-includes/plugin.php(517): WP_Hook->do_action(Array)
#10 /wordpress/wp-admin/includes/plugin.php(703): do_action('activate_whisk-...', false)
#11 /internal/eval.php(20): activate_plugin('whisk-recipes/w...')
#12 {main}
  thrown in /wordpress/wp-content/plugins/whisk-recipes/vendor-prefixed/htmlburger/carbon-fields/core/Exception/Incorrect_Syntax_Exception.php on line 21
[12-Apr-2025 17:27:59 UTC] PHP Fatal error:  Uncaught Whisk\Recipes\Vendor\Carbon_Fields\Exception\Incorrect_Syntax_Exception: Attempted to access a field before the carbon_fields_register_fields and carbon_fields_fields_registered actions have fired yet. in /wordpress/wp-content/plugins/whisk-recipes/vendor-prefixed/htmlburger/carbon-fields/core/Exception/Incorrect_Syntax_Exception.php:21
Stack trace:
#0 /wordpress/wp-content/plugins/whisk-recipes/vendor-prefixed/htmlburger/carbon-fields/core/Carbon_Fields.php(204): Whisk\Recipes\Vendor\Carbon_Fields\Exception\Incorrect_Syntax_Exception::raise('Attempted to ac...')
#1 /wordpress/wp-content/plugins/whisk-recipes/vendor-prefixed/htmlburger/carbon-fields/core/Helper/Helper.php(24): Whisk\Recipes\Vendor\Carbon_Fields\Carbon_Fields::verify_fields_registered()
#2 /wordpress/wp-content/plugins/whisk-recipes/vendor-prefixed/htmlburger/carbon-fields/core/Helper/Helper.php(67): Whisk\Recipes\Vendor\Carbon_Fields\Helper\Helper::get_field('theme_options', '', 'whisk_semantic_...')
#3 /wordpress/wp-content/plugins/whisk-recipes/vendor-prefixed/htmlburger/carbon-fields/core/Helper/Helper.php(101): Whisk\Recipes\Vendor\Carbon_Fields\Helper\Helper::with_field_clone(NULL, 'theme_options', '', 'whisk_semantic_...', Object(Closure))
#4 /wordpress/wp-content/plugins/whisk-recipes/vendor-prefixed/htmlburger/carbon-fields/core/Helper/Helper.php(172): Whisk\Recipes\Vendor\Carbon_Fields\Helper\Helper::get_value(NULL, 'theme_options', '', 'whisk_semantic_...')
#5 /wordpress/wp-content/plugins/whisk-recipes/src/models/class-diet.php(118): Whisk\Recipes\Vendor\Carbon_Fields\Helper\Helper::get_theme_option('whisk_semantic_...')
#6 /wordpress/wp-content/plugins/whisk-recipes/src/models/class-diet.php(74): Whisk\Recipes\Models\Diet->register_taxonomy()
#7 /wordpress/wp-includes/class-wp-hook.php(324): Whisk\Recipes\Models\Diet->create_default_terms(false)
#8 /wordpress/wp-includes/class-wp-hook.php(348): WP_Hook->apply_filters('', Array)
#9 /wordpress/wp-includes/plugin.php(517): WP_Hook->do_action(Array)
#10 /wordpress/wp-admin/includes/plugin.php(703): do_action('activate_whisk-...', false)
#11 /internal/eval.php(20): activate_plugin('whisk-recipes/w...')
#12 {main}
  thrown in /wordpress/wp-content/plugins/whisk-recipes/vendor-prefixed/htmlburger/carbon-fields/core/Exception/Incorrect_Syntax_Exception.php on line 21
[12-Apr-2025 17:28:10 UTC] PHP Fatal error:  Uncaught Whisk\Recipes\Vendor\Carbon_Fields\Exception\Incorrect_Syntax_Exception: Attempted to access a field before the carbon_fields_register_fields and carbon_fields_fields_registered actions have fired yet. in /wordpress/wp-content/plugins/whisk-recipes/vendor-prefixed/htmlburger/carbon-fields/core/Exception/Incorrect_Syntax_Exception.php:21
Stack trace:
#0 /wordpress/wp-content/plugins/whisk-recipes/vendor-prefixed/htmlburger/carbon-fields/core/Carbon_Fields.php(204): Whisk\Recipes\Vendor\Carbon_Fields\Exception\Incorrect_Syntax_Exception::raise('Attempted to ac...')
#1 /wordpress/wp-content/plugins/whisk-recipes/vendor-prefixed/htmlburger/carbon-fields/core/Helper/Helper.php(24): Whisk\Recipes\Vendor\Carbon_Fields\Carbon_Fields::verify_fields_registered()
#2 /wordpress/wp-content/plugins/whisk-recipes/vendor-prefixed/htmlburger/carbon-fields/core/Helper/Helper.php(67): Whisk\Recipes\Vendor\Carbon_Fields\Helper\Helper::get_field('theme_options', '', 'whisk_semantic_...')
#3 /wordpress/wp-content/plugins/whisk-recipes/vendor-prefixed/htmlburger/carbon-fields/core/Helper/Helper.php(101): Whisk\Recipes\Vendor\Carbon_Fields\Helper\Helper::with_field_clone(NULL, 'theme_options', '', 'whisk_semantic_...', Object(Closure))
#4 /wordpress/wp-content/plugins/whisk-recipes/vendor-prefixed/htmlburger/carbon-fields/core/Helper/Helper.php(172): Whisk\Recipes\Vendor\Carbon_Fields\Helper\Helper::get_value(NULL, 'theme_options', '', 'whisk_semantic_...')
#5 /wordpress/wp-content/plugins/whisk-recipes/src/models/class-diet.php(118): Whisk\Recipes\Vendor\Carbon_Fields\Helper\Helper::get_theme_option('whisk_semantic_...')
#6 /wordpress/wp-content/plugins/whisk-recipes/src/models/class-diet.php(74): Whisk\Recipes\Models\Diet->register_taxonomy()
#7 /wordpress/wp-includes/class-wp-hook.php(324): Whisk\Recipes\Models\Diet->create_default_terms(false)
#8 /wordpress/wp-includes/class-wp-hook.php(348): WP_Hook->apply_filters('', Array)
#9 /wordpress/wp-includes/plugin.php(517): WP_Hook->do_action(Array)
#10 /wordpress/wp-admin/includes/plugin.php(703): do_action('activate_whisk-...', false)
#11 /internal/eval.php(20): activate_plugin('whisk-recipes/w...')
#12 {main}
  thrown in /wordpress/wp-content/plugins/whisk-recipes/vendor-prefixed/htmlburger/carbon-fields/core/Exception/Incorrect_Syntax_Exception.php on line 21
[12-Apr-2025 17:28:19 UTC] PHP Fatal error:  Uncaught Error: Non-static method WMAMC_wc_cartLimit::WMAMC_instance() cannot be called statically in /wordpress/wp-content/plugins/woo-cart-limit/woocommerce_limit_cart.php:1243
Stack trace:
#0 /wordpress/wp-content/plugins/woo-cart-limit/woocommerce_limit_cart.php(1251): WMAMC_wc_cartLimit()
#1 /wordpress/wp-admin/includes/plugin.php(2387): include_once('/wordpress/wp-c...')
#2 /wordpress/wp-admin/includes/plugin.php(673): plugin_sandbox_scrape('woo-cart-limit/...')
#3 /internal/eval.php(20): activate_plugin('woo-cart-limit/...')
#4 {main}
  thrown in /wordpress/wp-content/plugins/woo-cart-limit/woocommerce_limit_cart.php on line 1243
[12-Apr-2025 17:28:27 UTC] PHP Fatal error:  Uncaught Error: Non-static method WMAMC_wc_cartLimit::WMAMC_instance() cannot be called statically in /wordpress/wp-content/plugins/woo-cart-limit/woocommerce_limit_cart.php:1243
Stack trace:
#0 /wordpress/wp-content/plugins/woo-cart-limit/woocommerce_limit_cart.php(1251): WMAMC_wc_cartLimit()
#1 /wordpress/wp-admin/includes/plugin.php(2387): include_once('/wordpress/wp-c...')
#2 /wordpress/wp-admin/includes/plugin.php(673): plugin_sandbox_scrape('woo-cart-limit/...')
#3 /internal/eval.php(20): activate_plugin('woo-cart-limit/...')
#4 {main}
  thrown in /wordpress/wp-content/plugins/woo-cart-limit/woocommerce_limit_cart.php on line 1243
[12-Apr-2025 17:28:35 UTC] PHP Fatal error:  Uncaught Error: Non-static method WMAMC_wc_cartLimit::WMAMC_instance() cannot be called statically in /wordpress/wp-content/plugins/woo-cart-limit/woocommerce_limit_cart.php:1243
Stack trace:
#0 /wordpress/wp-content/plugins/woo-cart-limit/woocommerce_limit_cart.php(1251): WMAMC_wc_cartLimit()
#1 /wordpress/wp-admin/includes/plugin.php(2387): include_once('/wordpress/wp-c...')
#2 /wordpress/wp-admin/includes/plugin.php(673): plugin_sandbox_scrape('woo-cart-limit/...')
#3 /internal/eval.php(20): activate_plugin('woo-cart-limit/...')
#4 {main}
  thrown in /wordpress/wp-content/plugins/woo-cart-limit/woocommerce_limit_cart.php on line 1243
[12-Apr-2025 17:29:40 UTC] PHP Fatal error:  Array and string offset access syntax with curly braces is no longer supported in /wordpress/wp-content/plugins/wp-markdown/markdown-extra.php on line 846

    at Object.onBind (file:///home/runner/work/playground-tester/playground-tester/node_modules/@wp-playground/cli/index.js:237:15)
    at process.processTicksAndRejections (node:internal/process/task_queues:105:5)
    at async V (file:///home/runner/work/playground-tester/playground-tester/node_modules/@wp-playground/cli/index.js:64:10)
    at async ja (file:///home/runner/work/playground-tester/playground-tester/node_modules/@wp-playground/cli/cli.js:8161:12) {
  [cause]: Error: Error when executing the blueprint step #5 ({"step":"installPlugin","pluginData":{"resource":"wordpress.org/plugins","slug":"wp-markdown"},"options":{"activate":true}}) : PHP.run() failed with exit code 255 and the following output: 
      at Object.run (file:///home/runner/work/playground-tester/playground-tester/node_modules/@wp-playground/blueprints/index.js:12449:19)
      at process.processTicksAndRejections (node:internal/process/task_queues:105:5)
      at async ms (file:///home/runner/work/playground-tester/playground-tester/node_modules/@wp-playground/blueprints/index.js:12552:3)
      ... 2 lines matching cause stack trace ...
      at async ja (file:///home/runner/work/playground-tester/playground-tester/node_modules/@wp-playground/cli/cli.js:8161:12) {
    [cause]: PHPExecutionFailureError: PHP.run() failed with exit code 255 and the following output: 
        at PHP.run (file:///home/runner/work/playground-tester/playground-tester/node_modules/@php-wasm/universal/index.js:987:19)
        at process.processTicksAndRejections (node:internal/process/task_queues:105:5)
        at async wr (file:///home/runner/work/playground-tester/playground-tester/node_modules/@wp-playground/blueprints/index.js:33:39)
        at async Object.gt [as installPlugin] (file:///home/runner/work/playground-tester/playground-tester/node_modules/@wp-playground/blueprints/index.js:974:42)
        at async g (file:///home/runner/work/playground-tester/playground-tester/node_modules/@wp-playground/blueprints/index.js:12517:30)
        at async Object.run (file:///home/runner/work/playground-tester/playground-tester/node_modules/@wp-playground/blueprints/index.js:12446:23)
        at async ms (file:///home/runner/work/playground-tester/playground-tester/node_modules/@wp-playground/blueprints/index.js:12552:3)
        at async Object.onBind (file:///home/runner/work/playground-tester/playground-tester/node_modules/@wp-playground/cli/index.js:227:48)
        at async V (file:///home/runner/work/playground-tester/playground-tester/node_modules/@wp-playground/cli/index.js:64:10)
        at async ja (file:///home/runner/work/playground-tester/playground-tester/node_modules/@wp-playground/cli/cli.js:8161:12) {
      response: PHPResponse {
        httpStatusCode: 500,
        headers: {
          'x-powered-by': [ 'PHP/8.0.30-dev' ],
          'content-type': [ 'text/html; charset=UTF-8' ]
        },
        bytes: Uint8Array(0) [],
        exitCode: 255,
        errors: ''
      },
      source: 'request'
    }
  }
}

Node.js v23.11.0
