file:///home/runner/work/playground-tester/playground-tester/node_modules/@wp-playground/cli/run-cli-j-geJYS3.js:325
        throw new Error($, { cause: h });
              ^

Error: [06-Jun-2025 21:28:21 UTC] PHP Warning:  Undefined array key "SITELOCK_IP_HEADER" in /wordpress/wp-content/plugins/sitelock/sitelock.php on line 38
[06-Jun-2025 21:28:22 UTC] PHP Warning:  Undefined array key "SITELOCK_IP_HEADER" in /wordpress/wp-content/plugins/sitelock/sitelock.php on line 38
[06-Jun-2025 21:28:30 UTC] PHP Warning:  Undefined array key "SITELOCK_IP_HEADER" in /wordpress/wp-content/plugins/sitelock/sitelock.php on line 38
[06-Jun-2025 21:28:31 UTC] PHP Warning:  Undefined array key "SITELOCK_IP_HEADER" in /wordpress/wp-content/plugins/sitelock/sitelock.php on line 38
[06-Jun-2025 21:28:40 UTC] PHP Warning:  Undefined array key "SITELOCK_IP_HEADER" in /wordpress/wp-content/plugins/sitelock/sitelock.php on line 38
[06-Jun-2025 21:28:41 UTC] PHP Warning:  Undefined array key "SITELOCK_IP_HEADER" in /wordpress/wp-content/plugins/sitelock/sitelock.php on line 38
[06-Jun-2025 21:31:27 UTC] PHP Deprecated:  Function load_plugin_textdomain was called with an argument that is <strong>deprecated</strong> since version 2.7.0 with no alternative available. in /wordpress/wp-includes/functions.php on line 6121
[06-Jun-2025 21:31:27 UTC] PHP Warning:  Trying to access array offset on value of type bool in /wordpress/wp-content/plugins/revisioner/revisioner.php on line 169
[06-Jun-2025 21:31:27 UTC] PHP Warning:  Trying to access array offset on value of type bool in /wordpress/wp-content/plugins/revisioner/revisioner.php on line 170
[06-Jun-2025 21:31:27 UTC] PHP Warning:  Constant WP_POST_REVISIONS already defined in /wordpress/wp-content/plugins/revisioner/revisioner.php on line 173
[06-Jun-2025 21:31:27 UTC] PHP Warning:  Constant AUTOSAVE_INTERVAL already defined in /wordpress/wp-content/plugins/revisioner/revisioner.php on line 174
[06-Jun-2025 21:31:29 UTC] PHP Deprecated:  Function load_plugin_textdomain was called with an argument that is <strong>deprecated</strong> since version 2.7.0 with no alternative available. in /wordpress/wp-includes/functions.php on line 6121
[06-Jun-2025 21:31:37 UTC] PHP Deprecated:  Function load_plugin_textdomain was called with an argument that is <strong>deprecated</strong> since version 2.7.0 with no alternative available. in /wordpress/wp-includes/functions.php on line 6121
[06-Jun-2025 21:31:37 UTC] PHP Warning:  Trying to access array offset on value of type bool in /wordpress/wp-content/plugins/revisioner/revisioner.php on line 169
[06-Jun-2025 21:31:37 UTC] PHP Warning:  Trying to access array offset on value of type bool in /wordpress/wp-content/plugins/revisioner/revisioner.php on line 170
[06-Jun-2025 21:31:37 UTC] PHP Warning:  Constant WP_POST_REVISIONS already defined in /wordpress/wp-content/plugins/revisioner/revisioner.php on line 173
[06-Jun-2025 21:31:37 UTC] PHP Warning:  Constant AUTOSAVE_INTERVAL already defined in /wordpress/wp-content/plugins/revisioner/revisioner.php on line 174
[06-Jun-2025 21:31:38 UTC] PHP Deprecated:  Function load_plugin_textdomain was called with an argument that is <strong>deprecated</strong> since version 2.7.0 with no alternative available. in /wordpress/wp-includes/functions.php on line 6121
[06-Jun-2025 21:31:45 UTC] PHP Deprecated:  Function load_plugin_textdomain was called with an argument that is <strong>deprecated</strong> since version 2.7.0 with no alternative available. in /wordpress/wp-includes/functions.php on line 6121
[06-Jun-2025 21:31:45 UTC] PHP Warning:  Trying to access array offset on value of type bool in /wordpress/wp-content/plugins/revisioner/revisioner.php on line 169
[06-Jun-2025 21:31:45 UTC] PHP Warning:  Trying to access array offset on value of type bool in /wordpress/wp-content/plugins/revisioner/revisioner.php on line 170
[06-Jun-2025 21:31:45 UTC] PHP Warning:  Constant WP_POST_REVISIONS already defined in /wordpress/wp-content/plugins/revisioner/revisioner.php on line 173
[06-Jun-2025 21:31:45 UTC] PHP Warning:  Constant AUTOSAVE_INTERVAL already defined in /wordpress/wp-content/plugins/revisioner/revisioner.php on line 174
[06-Jun-2025 21:31:46 UTC] PHP Deprecated:  Function load_plugin_textdomain was called with an argument that is <strong>deprecated</strong> since version 2.7.0 with no alternative available. in /wordpress/wp-includes/functions.php on line 6121
[06-Jun-2025 21:31:56 UTC] PHP Warning:  Trying to access array offset on value of type bool in /wordpress/wp-content/plugins/rich-meta-in-rdfa/rich-meta-in-rdfa.php on line 75
[06-Jun-2025 21:31:57 UTC] PHP Warning:  Trying to access array offset on value of type bool in /wordpress/wp-content/plugins/rich-meta-in-rdfa/rich-meta-in-rdfa.php on line 75
[06-Jun-2025 21:32:05 UTC] PHP Warning:  Trying to access array offset on value of type bool in /wordpress/wp-content/plugins/rich-meta-in-rdfa/rich-meta-in-rdfa.php on line 75
[06-Jun-2025 21:32:06 UTC] PHP Warning:  Trying to access array offset on value of type bool in /wordpress/wp-content/plugins/rich-meta-in-rdfa/rich-meta-in-rdfa.php on line 75
[06-Jun-2025 21:32:15 UTC] PHP Warning:  Trying to access array offset on value of type bool in /wordpress/wp-content/plugins/rich-meta-in-rdfa/rich-meta-in-rdfa.php on line 75
[06-Jun-2025 21:32:16 UTC] PHP Warning:  Trying to access array offset on value of type bool in /wordpress/wp-content/plugins/rich-meta-in-rdfa/rich-meta-in-rdfa.php on line 75
[06-Jun-2025 21:32:26 UTC] PHP Fatal error:  Uncaught PDOException: SQLSTATE[HY000] [2002] Address family not supported by protocol in /wordpress/wp-content/plugins/rise-hotel-booking/rise-hotel-booking.php:167
Stack trace:
#0 /wordpress/wp-content/plugins/rise-hotel-booking/rise-hotel-booking.php(167): PDO->__construct('mysql:host=loca...', 'username_here', 'password_here')
#1 /wordpress/wp-includes/class-wp-hook.php(324): RISE->createTables(false)
#2 /wordpress/wp-includes/class-wp-hook.php(348): WP_Hook->apply_filters('', Array)
#3 /wordpress/wp-includes/plugin.php(517): WP_Hook->do_action(Array)
#4 /wordpress/wp-admin/includes/plugin.php(703): do_action('activate_rise-h...', false)
#5 /internal/eval.php(20): activate_plugin('rise-hotel-book...')
#6 {main}
  thrown in /wordpress/wp-content/plugins/rise-hotel-booking/rise-hotel-booking.php on line 167
[06-Jun-2025 21:32:36 UTC] PHP Fatal error:  Uncaught PDOException: SQLSTATE[HY000] [2002] Address family not supported by protocol in /wordpress/wp-content/plugins/rise-hotel-booking/rise-hotel-booking.php:167
Stack trace:
#0 /wordpress/wp-content/plugins/rise-hotel-booking/rise-hotel-booking.php(167): PDO->__construct('mysql:host=loca...', 'username_here', 'password_here')
#1 /wordpress/wp-includes/class-wp-hook.php(324): RISE->createTables(false)
#2 /wordpress/wp-includes/class-wp-hook.php(348): WP_Hook->apply_filters('', Array)
#3 /wordpress/wp-includes/plugin.php(517): WP_Hook->do_action(Array)
#4 /wordpress/wp-admin/includes/plugin.php(703): do_action('activate_rise-h...', false)
#5 /internal/eval.php(20): activate_plugin('rise-hotel-book...')
#6 {main}
  thrown in /wordpress/wp-content/plugins/rise-hotel-booking/rise-hotel-booking.php on line 167
[06-Jun-2025 21:32:45 UTC] PHP Fatal error:  Uncaught PDOException: SQLSTATE[HY000] [2002] Address family not supported by protocol in /wordpress/wp-content/plugins/rise-hotel-booking/rise-hotel-booking.php:167
Stack trace:
#0 /wordpress/wp-content/plugins/rise-hotel-booking/rise-hotel-booking.php(167): PDO->__construct('mysql:host=loca...', 'username_here', 'password_here')
#1 /wordpress/wp-includes/class-wp-hook.php(324): RISE->createTables(false)
#2 /wordpress/wp-includes/class-wp-hook.php(348): WP_Hook->apply_filters('', Array)
#3 /wordpress/wp-includes/plugin.php(517): WP_Hook->do_action(Array)
#4 /wordpress/wp-admin/includes/plugin.php(703): do_action('activate_rise-h...', false)
#5 /internal/eval.php(20): activate_plugin('rise-hotel-book...')
#6 {main}
  thrown in /wordpress/wp-content/plugins/rise-hotel-booking/rise-hotel-booking.php on line 167

    at Object.onBind (file:///home/runner/work/playground-tester/playground-tester/node_modules/@wp-playground/cli/run-cli-j-geJYS3.js:325:15)
    at process.processTicksAndRejections (node:internal/process/task_queues:105:5)
    at async re (file:///home/runner/work/playground-tester/playground-tester/node_modules/@wp-playground/cli/run-cli-j-geJYS3.js:149:10) {
  [cause]: Error: Error when executing the blueprint step #1 ({"step":"installPlugin","pluginData":{"resource":"wordpress.org/plugins","slug":"rise-hotel-booking"},"options":{"activate":true}}) : PHP.run() failed with exit code 255 and the following output: 
      at Object.run (file:///home/runner/work/playground-tester/playground-tester/node_modules/@wp-playground/blueprints/index.js:12093:19)
      at process.processTicksAndRejections (node:internal/process/task_queues:105:5)
      at async ys (file:///home/runner/work/playground-tester/playground-tester/node_modules/@wp-playground/blueprints/index.js:12196:3)
      at async Object.onBind (file:///home/runner/work/playground-tester/playground-tester/node_modules/@wp-playground/cli/run-cli-j-geJYS3.js:315:48)
      at async re (file:///home/runner/work/playground-tester/playground-tester/node_modules/@wp-playground/cli/run-cli-j-geJYS3.js:149:10) {
    [cause]: PHPExecutionFailureError: PHP.run() failed with exit code 255 and the following output: 
        at PHP.run (file:///home/runner/work/playground-tester/playground-tester/node_modules/@php-wasm/universal/index.js:1034:19)
        at process.processTicksAndRejections (node:internal/process/task_queues:105:5)
        at async wr (file:///home/runner/work/playground-tester/playground-tester/node_modules/@wp-playground/blueprints/index.js:34:39)
        at async Object.gt [as installPlugin] (file:///home/runner/work/playground-tester/playground-tester/node_modules/@wp-playground/blueprints/index.js:631:42)
        at async g (file:///home/runner/work/playground-tester/playground-tester/node_modules/@wp-playground/blueprints/index.js:12161:30)
        at async Object.run (file:///home/runner/work/playground-tester/playground-tester/node_modules/@wp-playground/blueprints/index.js:12090:23)
        at async ys (file:///home/runner/work/playground-tester/playground-tester/node_modules/@wp-playground/blueprints/index.js:12196:3)
        at async Object.onBind (file:///home/runner/work/playground-tester/playground-tester/node_modules/@wp-playground/cli/run-cli-j-geJYS3.js:315:48)
        at async re (file:///home/runner/work/playground-tester/playground-tester/node_modules/@wp-playground/cli/run-cli-j-geJYS3.js:149:10) {
      response: PHPResponse {
        httpStatusCode: 500,
        headers: {
          'x-powered-by': [ 'PHP/8.0.30-dev' ],
          'set-cookie': [ 'PHPSESSID=76bfee2527c84afdb6171a49a587b196; path=/' ],
          expires: [ 'Thu, 19 Nov 1981 08:52:00 GMT' ],
          'cache-control': [ 'no-store, no-cache, must-revalidate' ],
          pragma: [ 'no-cache' ],
          'content-type': [ 'text/html; charset=UTF-8' ]
        },
        bytes: Uint8Array(0) [],
        exitCode: 255,
        errors: ''
      },
      source: 'request'
    }
  }
}

Node.js v23.11.0
