[
{"message":"file:///home/runner/work/playground-tester/playground-tester/node_modules/@wp-playground/cli/cli.js:21\n`)},constants:R,phpIniEntries:{\"openssl.cafile\":\"/internal/shared/ca-bundle.crt\",allow_url_fopen:\"1\",disable_functions:\"\"},hooks:{async beforeWordPressFiles(h){e.mountBeforeInstall&&u(h,e.mountBeforeInstall)}}}),d.log(\"Booted!\");const W=await w.getPrimaryPhp();try{if(o&&!e.mountBeforeInstall&&!m.existsSync(f)&&(d.log(\"Caching preinstalled WordPress for the next boot...\"),m.writeFileSync(f,await Z(W,\"/wordpress\")),d.log(\"Cached!\")),e.mount&&u(W,e.mount),H=!0,l){const{php:h,reap:b}=await w.processManager.acquirePHPInstance();try{d.log(\"Running the Blueprint...\"),await M(l,h),d.log(\"Finished running the blueprint\")}finally{b()}}a===\"build-snapshot\"?(await i(e.outfile),d.log(`WordPress exported to ${e.outfile}`),process.exit(0)):a===\"run-blueprint\"?(d.log(\"Blueprint executed\"),process.exit(0)):d.log(`WordPress is running on ${s}`)}catch(h){if(!e.debug)throw h;const b=W.readFileAsText(L);throw new Error(b,{cause:h})}},async handleRequest(r){return H?await w.request(r):U.forHttpCode(502,\"WordPress is not ready yet\")}})}te();\n                                                                                                                                                                                                                                                                                                                                                                                                                                                                                                                                                                                                                                                                                                                                                                                                                                                                                                                                      ^\n","level":"FATAL","type":"PLAYGROUND","test":"jspi-boot","plugin":"fest-widget","details":"file:///home/runner/work/playground-tester/playground-tester/node_modules/@wp-playground/cli/cli.js:21\n`)},constants:R,phpIniEntries:{\"openssl.cafile\":\"/internal/shared/ca-bundle.crt\",allow_url_fopen:\"1\",disable_functions:\"\"},hooks:{async beforeWordPressFiles(h){e.mountBeforeInstall&&u(h,e.mountBeforeInstall)}}}),d.log(\"Booted!\");const W=await w.getPrimaryPhp();try{if(o&&!e.mountBeforeInstall&&!m.existsSync(f)&&(d.log(\"Caching preinstalled WordPress for the next boot...\"),m.writeFileSync(f,await Z(W,\"/wordpress\")),d.log(\"Cached!\")),e.mount&&u(W,e.mount),H=!0,l){const{php:h,reap:b}=await w.processManager.acquirePHPInstance();try{d.log(\"Running the Blueprint...\"),await M(l,h),d.log(\"Finished running the blueprint\")}finally{b()}}a===\"build-snapshot\"?(await i(e.outfile),d.log(`WordPress exported to ${e.outfile}`),process.exit(0)):a===\"run-blueprint\"?(d.log(\"Blueprint executed\"),process.exit(0)):d.log(`WordPress is running on ${s}`)}catch(h){if(!e.debug)throw h;const b=W.readFileAsText(L);throw new Error(b,{cause:h})}},async handleRequest(r){return H?await w.request(r):U.forHttpCode(502,\"WordPress is not ready yet\")}})}te();\n                                                                                                                                                                                                                                                                                                                                                                                                                                                                                                                                                                                                                                                                                                                                                                                                                                                                                                                                      ^\n","log":"/tmp/tmp.hDyKYASB4P"}
,
{"message":"Uncaught PDOException: SQLSTATE[HY000] [2002] Address family not supported by protocol in /wordpress/wp-content/plugins/firestudio/shared/init.php:20","level":"FATAL","type":"PHP","test":"jspi-boot","plugin":"fest-widget","details":"[10-Apr-2025 23:27:30 UTC] PHP Fatal error:  Uncaught PDOException: SQLSTATE[HY000] [2002] Address family not supported by protocol in /wordpress/wp-content/plugins/firestudio/shared/init.php:20\nStack trace:\n#0 /wordpress/wp-content/plugins/firestudio/shared/init.php(20): PDO->__construct('mysql:host=loca...', 'username_here', 'password_here')\n#1 /wordpress/wp-content/plugins/firestudio/shared/autoload.php(42): require_once('/wordpress/wp-c...')\n#2 /wordpress/wp-content/plugins/firestudio/plugin.php(48): require_once('/wordpress/wp-c...')\n#3 /wordpress/wp-admin/includes/plugin.php(2387): include_once('/wordpress/wp-c...')\n#4 /wordpress/wp-admin/includes/plugin.php(673): plugin_sandbox_scrape('firestudio/plug...')\n#5 /internal/eval.php(20): activate_plugin('firestudio/plug...')\n#6 {main}\n  thrown in /wordpress/wp-content/plugins/firestudio/shared/init.php on line 20","log":"/logs/plugins/f/fest-widget/error.json"}
,
{"message":"Uncaught PDOException: SQLSTATE[HY000] [2002] Address family not supported by protocol in /wordpress/wp-content/plugins/firestudio/shared/init.php:20","level":"FATAL","type":"PHP","test":"jspi-boot","plugin":"fest-widget","details":"[10-Apr-2025 23:27:38 UTC] PHP Fatal error:  Uncaught PDOException: SQLSTATE[HY000] [2002] Address family not supported by protocol in /wordpress/wp-content/plugins/firestudio/shared/init.php:20\nStack trace:\n#0 /wordpress/wp-content/plugins/firestudio/shared/init.php(20): PDO->__construct('mysql:host=loca...', 'username_here', 'password_here')\n#1 /wordpress/wp-content/plugins/firestudio/shared/autoload.php(42): require_once('/wordpress/wp-c...')\n#2 /wordpress/wp-content/plugins/firestudio/plugin.php(48): require_once('/wordpress/wp-c...')\n#3 /wordpress/wp-admin/includes/plugin.php(2387): include_once('/wordpress/wp-c...')\n#4 /wordpress/wp-admin/includes/plugin.php(673): plugin_sandbox_scrape('firestudio/plug...')\n#5 /internal/eval.php(20): activate_plugin('firestudio/plug...')\n#6 {main}\n  thrown in /wordpress/wp-content/plugins/firestudio/shared/init.php on line 20","log":"/logs/plugins/f/fest-widget/error.json"}
,
{"message":"Uncaught PDOException: SQLSTATE[HY000] [2002] Address family not supported by protocol in /wordpress/wp-content/plugins/firestudio/shared/init.php:20","level":"FATAL","type":"PHP","test":"jspi-boot","plugin":"fest-widget","details":"[10-Apr-2025 23:27:45 UTC] PHP Fatal error:  Uncaught PDOException: SQLSTATE[HY000] [2002] Address family not supported by protocol in /wordpress/wp-content/plugins/firestudio/shared/init.php:20\nStack trace:\n#0 /wordpress/wp-content/plugins/firestudio/shared/init.php(20): PDO->__construct('mysql:host=loca...', 'username_here', 'password_here')\n#1 /wordpress/wp-content/plugins/firestudio/shared/autoload.php(42): require_once('/wordpress/wp-c...')\n#2 /wordpress/wp-content/plugins/firestudio/plugin.php(48): require_once('/wordpress/wp-c...')\n#3 /wordpress/wp-admin/includes/plugin.php(2387): include_once('/wordpress/wp-c...')\n#4 /wordpress/wp-admin/includes/plugin.php(673): plugin_sandbox_scrape('firestudio/plug...')\n#5 /internal/eval.php(20): activate_plugin('firestudio/plug...')\n#6 {main}\n  thrown in /wordpress/wp-content/plugins/firestudio/shared/init.php on line 20","log":"/logs/plugins/f/fest-widget/error.json"}
,
{"message":"Trying to access array offset on value of type bool in /wordpress/wp-content/plugins/flash-sale-boost-woocommerce/Code/Flash_sbWoo.php on line 35","level":"WARNING","type":"PHP","test":"jspi-boot","plugin":"fest-widget","details":"[10-Apr-2025 23:27:56 UTC] PHP Warning:  Trying to access array offset on value of type bool in /wordpress/wp-content/plugins/flash-sale-boost-woocommerce/Code/Flash_sbWoo.php on line 35","log":"/logs/plugins/f/fest-widget/error.json"}
,
{"message":"Trying to access array offset on value of type bool in /wordpress/wp-content/plugins/flash-sale-boost-woocommerce/Code/Flash_sbWoo.php on line 35","level":"WARNING","type":"PHP","test":"jspi-boot","plugin":"fest-widget","details":"[10-Apr-2025 23:27:57 UTC] PHP Warning:  Trying to access array offset on value of type bool in /wordpress/wp-content/plugins/flash-sale-boost-woocommerce/Code/Flash_sbWoo.php on line 35","log":"/logs/plugins/f/fest-widget/error.json"}
,
{"message":"Trying to access array offset on value of type bool in /wordpress/wp-content/plugins/flash-sale-boost-woocommerce/Code/Flash_sbWoo.php on line 35","level":"WARNING","type":"PHP","test":"jspi-boot","plugin":"fest-widget","details":"[10-Apr-2025 23:28:04 UTC] PHP Warning:  Trying to access array offset on value of type bool in /wordpress/wp-content/plugins/flash-sale-boost-woocommerce/Code/Flash_sbWoo.php on line 35","log":"/logs/plugins/f/fest-widget/error.json"}
,
{"message":"Trying to access array offset on value of type bool in /wordpress/wp-content/plugins/flash-sale-boost-woocommerce/Code/Flash_sbWoo.php on line 35","level":"WARNING","type":"PHP","test":"jspi-boot","plugin":"fest-widget","details":"[10-Apr-2025 23:28:05 UTC] PHP Warning:  Trying to access array offset on value of type bool in /wordpress/wp-content/plugins/flash-sale-boost-woocommerce/Code/Flash_sbWoo.php on line 35","log":"/logs/plugins/f/fest-widget/error.json"}
,
{"message":"Trying to access array offset on value of type bool in /wordpress/wp-content/plugins/flash-sale-boost-woocommerce/Code/Flash_sbWoo.php on line 35","level":"WARNING","type":"PHP","test":"jspi-boot","plugin":"fest-widget","details":"[10-Apr-2025 23:28:12 UTC] PHP Warning:  Trying to access array offset on value of type bool in /wordpress/wp-content/plugins/flash-sale-boost-woocommerce/Code/Flash_sbWoo.php on line 35","log":"/logs/plugins/f/fest-widget/error.json"}
,
{"message":"Trying to access array offset on value of type bool in /wordpress/wp-content/plugins/flash-sale-boost-woocommerce/Code/Flash_sbWoo.php on line 35","level":"WARNING","type":"PHP","test":"jspi-boot","plugin":"fest-widget","details":"[10-Apr-2025 23:28:13 UTC] PHP Warning:  Trying to access array offset on value of type bool in /wordpress/wp-content/plugins/flash-sale-boost-woocommerce/Code/Flash_sbWoo.php on line 35","log":"/logs/plugins/f/fest-widget/error.json"}
,
{"message":"Function get_settings is <strong>deprecated</strong> since version 2.1.0! Use get_option() instead. in /wordpress/wp-includes/functions.php on line 6114","level":"DEPRECATED","type":"PHP","test":"jspi-boot","plugin":"fest-widget","details":"[10-Apr-2025 23:28:53 UTC] PHP Deprecated:  Function get_settings is <strong>deprecated</strong> since version 2.1.0! Use get_option() instead. in /wordpress/wp-includes/functions.php on line 6114","log":"/logs/plugins/f/fest-widget/error.json"}
,
{"message":"Function register_sidebar_widget is <strong>deprecated</strong> since version 2.8.0! Use wp_register_sidebar_widget() instead. in /wordpress/wp-includes/functions.php on line 6114","level":"DEPRECATED","type":"PHP","test":"jspi-boot","plugin":"fest-widget","details":"[10-Apr-2025 23:28:53 UTC] PHP Deprecated:  Function register_sidebar_widget is <strong>deprecated</strong> since version 2.8.0! Use wp_register_sidebar_widget() instead. in /wordpress/wp-includes/functions.php on line 6114","log":"/logs/plugins/f/fest-widget/error.json"}
,
{"message":"Function register_widget_control is <strong>deprecated</strong> since version 2.8.0! Use wp_register_widget_control() instead. in /wordpress/wp-includes/functions.php on line 6114","level":"DEPRECATED","type":"PHP","test":"jspi-boot","plugin":"fest-widget","details":"[10-Apr-2025 23:28:53 UTC] PHP Deprecated:  Function register_widget_control is <strong>deprecated</strong> since version 2.8.0! Use wp_register_widget_control() instead. in /wordpress/wp-includes/functions.php on line 6114","log":"/logs/plugins/f/fest-widget/error.json"}
,
{"message":"Function get_settings is <strong>deprecated</strong> since version 2.1.0! Use get_option() instead. in /wordpress/wp-includes/functions.php on line 6114","level":"DEPRECATED","type":"PHP","test":"jspi-boot","plugin":"fest-widget","details":"[10-Apr-2025 23:29:02 UTC] PHP Deprecated:  Function get_settings is <strong>deprecated</strong> since version 2.1.0! Use get_option() instead. in /wordpress/wp-includes/functions.php on line 6114","log":"/logs/plugins/f/fest-widget/error.json"}
,
{"message":"Function register_sidebar_widget is <strong>deprecated</strong> since version 2.8.0! Use wp_register_sidebar_widget() instead. in /wordpress/wp-includes/functions.php on line 6114","level":"DEPRECATED","type":"PHP","test":"jspi-boot","plugin":"fest-widget","details":"[10-Apr-2025 23:29:02 UTC] PHP Deprecated:  Function register_sidebar_widget is <strong>deprecated</strong> since version 2.8.0! Use wp_register_sidebar_widget() instead. in /wordpress/wp-includes/functions.php on line 6114","log":"/logs/plugins/f/fest-widget/error.json"}
,
{"message":"Function register_widget_control is <strong>deprecated</strong> since version 2.8.0! Use wp_register_widget_control() instead. in /wordpress/wp-includes/functions.php on line 6114","level":"DEPRECATED","type":"PHP","test":"jspi-boot","plugin":"fest-widget","details":"[10-Apr-2025 23:29:02 UTC] PHP Deprecated:  Function register_widget_control is <strong>deprecated</strong> since version 2.8.0! Use wp_register_widget_control() instead. in /wordpress/wp-includes/functions.php on line 6114","log":"/logs/plugins/f/fest-widget/error.json"}
,
{"message":"Function get_settings is <strong>deprecated</strong> since version 2.1.0! Use get_option() instead. in /wordpress/wp-includes/functions.php on line 6114","level":"DEPRECATED","type":"PHP","test":"jspi-boot","plugin":"fest-widget","details":"[10-Apr-2025 23:29:11 UTC] PHP Deprecated:  Function get_settings is <strong>deprecated</strong> since version 2.1.0! Use get_option() instead. in /wordpress/wp-includes/functions.php on line 6114","log":"/logs/plugins/f/fest-widget/error.json"}
,
{"message":"Function register_sidebar_widget is <strong>deprecated</strong> since version 2.8.0! Use wp_register_sidebar_widget() instead. in /wordpress/wp-includes/functions.php on line 6114","level":"DEPRECATED","type":"PHP","test":"jspi-boot","plugin":"fest-widget","details":"[10-Apr-2025 23:29:11 UTC] PHP Deprecated:  Function register_sidebar_widget is <strong>deprecated</strong> since version 2.8.0! Use wp_register_sidebar_widget() instead. in /wordpress/wp-includes/functions.php on line 6114","log":"/logs/plugins/f/fest-widget/error.json"}
,
{"message":"Function register_widget_control is <strong>deprecated</strong> since version 2.8.0! Use wp_register_widget_control() instead. in /wordpress/wp-includes/functions.php on line 6114","level":"DEPRECATED","type":"PHP","test":"jspi-boot","plugin":"fest-widget","details":"[10-Apr-2025 23:29:11 UTC] PHP Deprecated:  Function register_widget_control is <strong>deprecated</strong> since version 2.8.0! Use wp_register_widget_control() instead. in /wordpress/wp-includes/functions.php on line 6114","log":"/logs/plugins/f/fest-widget/error.json"}
,
{"message":"Uncaught Error: Class 'WpOrg\\Requests\\Response' not found in /wordpress/wp-includes/Requests/src/Requests.php:724","level":"FATAL","type":"PHP","test":"jspi-boot","plugin":"fest-widget","details":"[10-Apr-2025 23:30:59 UTC] PHP Fatal error:  Uncaught Error: Class 'WpOrg\\Requests\\Response' not found in /wordpress/wp-includes/Requests/src/Requests.php:724\nStack trace:\n#0 /wordpress/wp-includes/Requests/src/Requests.php(473): WpOrg\\Requests\\Requests::parse_response('', 'http://127.0.0....', Array, NULL, Array)\n#1 /wordpress/wp-includes/class-wp-http.php(410): WpOrg\\Requests\\Requests::request('http://127.0.0....', Array, NULL, 'POST', Array)\n#2 /wordpress/wp-includes/class-wp-http.php(633): WP_Http->request('http://127.0.0....', Array)\n#3 /wordpress/wp-includes/http.php(196): WP_Http->post('http://127.0.0....', Array)\n#4 /wordpress/wp-includes/cron.php(949): wp_remote_post('http://127.0.0....', Array)\n#5 /wordpress/wp-includes/cron.php(1029): spawn_cron(1744327856.796)\n#6 /wordpress/wp-includes/class-wp-hook.php(324): _wp_cron('')\n#7 /wordpress/wp-includes/class-wp-hook.php(348): WP_Hook->apply_filters(NULL, Array)\n#8 /wordpress/wp-includes/plugin.php(517): WP_Hook->do_action(Array)\n#9 /wordpress/wp-settings.php(726): do_action('wp_loaded')\n#10 /word in /wordpress/wp-includes/Requests/src/Requests.php on line 724","log":"/logs/plugins/f/fest-widget/error.json"}
,
{"message":"Declaration of likebutton::widget($args) must be compatible with WP_Widget::widget($args, $instance) in /wordpress/wp-content/plugins/facebook-like-button-widget/facebook-like-button-widget.php on line 77","level":"FATAL","type":"PHP","test":"jspi-boot","plugin":"fest-widget","details":"[10-Apr-2025 23:32:14 UTC] PHP Fatal error:  Declaration of likebutton::widget($args) must be compatible with WP_Widget::widget($args, $instance) in /wordpress/wp-content/plugins/facebook-like-button-widget/facebook-like-button-widget.php on line 77","log":"/logs/plugins/f/fest-widget/error.json"}
,
{"message":"Declaration of likebutton::widget($args) must be compatible with WP_Widget::widget($args, $instance) in /wordpress/wp-content/plugins/facebook-like-button-widget/facebook-like-button-widget.php on line 77","level":"FATAL","type":"PHP","test":"jspi-boot","plugin":"fest-widget","details":"[10-Apr-2025 23:32:23 UTC] PHP Fatal error:  Declaration of likebutton::widget($args) must be compatible with WP_Widget::widget($args, $instance) in /wordpress/wp-content/plugins/facebook-like-button-widget/facebook-like-button-widget.php on line 77","log":"/logs/plugins/f/fest-widget/error.json"}
,
{"message":"Declaration of likebutton::widget($args) must be compatible with WP_Widget::widget($args, $instance) in /wordpress/wp-content/plugins/facebook-like-button-widget/facebook-like-button-widget.php on line 77","level":"FATAL","type":"PHP","test":"jspi-boot","plugin":"fest-widget","details":"[10-Apr-2025 23:32:30 UTC] PHP Fatal error:  Declaration of likebutton::widget($args) must be compatible with WP_Widget::widget($args, $instance) in /wordpress/wp-content/plugins/facebook-like-button-widget/facebook-like-button-widget.php on line 77","log":"/logs/plugins/f/fest-widget/error.json"}
,
{"message":"Uncaught Error: Class 'WpOrg\\Requests\\Response' not found in /wordpress/wp-includes/Requests/src/Requests.php:724","level":"FATAL","type":"PHP","test":"jspi-boot","plugin":"fest-widget","details":"[10-Apr-2025 23:33:20 UTC] PHP Fatal error:  Uncaught Error: Class 'WpOrg\\Requests\\Response' not found in /wordpress/wp-includes/Requests/src/Requests.php:724\nStack trace:\n#0 /wordpress/wp-includes/Requests/src/Requests.php(473): WpOrg\\Requests\\Requests::parse_response('', 'http://127.0.0....', Array, NULL, Array)\n#1 /wordpress/wp-includes/class-wp-http.php(410): WpOrg\\Requests\\Requests::request('http://127.0.0....', Array, NULL, 'POST', Array)\n#2 /wordpress/wp-includes/class-wp-http.php(633): WP_Http->request('http://127.0.0....', Array)\n#3 /wordpress/wp-includes/http.php(196): WP_Http->post('http://127.0.0....', Array)\n#4 /wordpress/wp-includes/cron.php(949): wp_remote_post('http://127.0.0....', Array)\n#5 /wordpress/wp-includes/cron.php(1029): spawn_cron(1744327998.784)\n#6 /wordpress/wp-includes/class-wp-hook.php(324): _wp_cron('')\n#7 /wordpress/wp-includes/class-wp-hook.php(348): WP_Hook->apply_filters(NULL, Array)\n#8 /wordpress/wp-includes/plugin.php(517): WP_Hook->do_action(Array)\n#9 /wordpress/wp-settings.php(726): do_action('wp_loaded')\n#10 /word in /wordpress/wp-includes/Requests/src/Requests.php on line 724","log":"/logs/plugins/f/fest-widget/error.json"}
,
{"message":"MySQL field type cannot be translated to SQLite: json.","level":"FATAL","type":"SQL","test":"jspi-boot","plugin":"fest-widget","details":"[10-Apr-2025 23:34:03 UTC] WordPress database error <div style=\"clear:both\">&nbsp;</div>\n<div class=\"queries\" style=\"clear:both;margin-bottom:2px;border:red dotted thin;\">\n<p>MySQL query:</p>\n<p>CREATE TABLE IF NOT EXISTS wp_faire_orders (\n\t\t\t`order_id` varchar(13) NOT NULL,\n\t\t\t`wc_order_id` int(11) NULL,\n\t\t\t`status` varchar(50) NOT NULL,\n\t\t\t`created_at` datetime NOT NULL,\n\t\t\t`updated_at` datetime NOT NULL,\n\t\t\t`processed` boolean DEFAULT FALSE,\n\t\t\t`data` json DEFAULT NULL,\n\t\t\tPRIMARY KEY (order_id)\n\t\t) DEFAULT CHARACTER SET utf8mb4</p>\n<p>Queries made or created this session were:</p>\n<ol>\n<li>Executing: BEGIN | (no parameters)</li>\n<li>Executing: ROLLBACK | (no parameters)</li>\n</ol>\n</div>\n<div style=\"clear:both;margin-bottom:2px;border:red dotted thin;\" class=\"error_message\" style=\"border-bottom:dotted blue thin;\">\nError occurred at line 4117 in Function <code>handle_error</code>. Error message was: MySQL field type cannot be translated to SQLite: json.\n</div>\n<p>Backtrace:</p>\n<pre>#0 /internal/shared/sqlite-database-integration/wp-includes/sqlite/class-wp-sqlite-db.php(287): WP_SQLite_Translator->get_error_message()\n#1 /wordpress/wp-admin/includes/upgrade.php(3271): WP_SQLite_DB->query('CREATE TABLE IF...')\n#2 /wordpress/wp-content/plugins/faire-for-woocommerce/src/class-faire.php(253): dbDelta(Array)\n#3 /wordpress/wp-content/plugins/faire-for-woocommerce/src/class-faire.php(188): Faire\\Wc\\Faire->create_orders_table()\n#4 /wordpress/wp-includes/class-wp-hook.php(324): Faire\\Wc\\Faire->init('')\n#5 /wordpress/wp-includes/class-wp-hook.php(348): WP_Hook->apply_filters(NULL, Array)\n#6 /wordpress/wp-includes/plugin.php(517): WP_Hook->do_action(Array)\n#7 /wordpress/wp-settings.php(704): do_action('init')\n#8 /wordpress/wp-config.php(102): require_once('/wordpress/wp-s...')\n#9 /wordpress/wp-load.php(50): require_once('/wordpress/wp-c...')\n#10 /internal/eval.php(3): require_once('/wordpress/wp-l...')\n#11 {main}</pre>\n for query CREATE TABLE IF NOT EXISTS wp_faire_orders (\n\t\t\t`order_id` varchar(13) NOT NULL,\n\t\t\t`wc_order_id` int(11) NULL,\n\t\t\t`status` varchar(50) NOT NULL,\n\t\t\t`created_at` datetime NOT NULL,\n\t\t\t`updated_at` datetime NOT NULL,\n\t\t\t`processed` boolean DEFAULT FALSE,\n\t\t\t`data` json DEFAULT NULL,\n\t\t\tPRIMARY KEY (order_id)\n\t\t) DEFAULT CHARACTER SET utf8mb4 made by require_once('wp-load.php'), require_once('wp-config.php'), require_once('wp-settings.php'), do_action('init'), WP_Hook->do_action, WP_Hook->apply_filters, Faire\\Wc\\Faire->init, Faire\\Wc\\Faire->create_orders_table, dbDelta, WP_SQLite_DB->query, WP_SQLite_DB->print_error","log":"/logs/plugins/f/fest-widget/error.json"}
,
{"message":"MySQL field type cannot be translated to SQLite: json.","level":"FATAL","type":"SQL","test":"jspi-boot","plugin":"fest-widget","details":"[10-Apr-2025 23:34:46 UTC] WordPress database error <div style=\"clear:both\">&nbsp;</div>\n<div class=\"queries\" style=\"clear:both;margin-bottom:2px;border:red dotted thin;\">\n<p>MySQL query:</p>\n<p>CREATE TABLE IF NOT EXISTS wp_faire_orders (\n\t\t\t`order_id` varchar(13) NOT NULL,\n\t\t\t`wc_order_id` int(11) NULL,\n\t\t\t`status` varchar(50) NOT NULL,\n\t\t\t`created_at` datetime NOT NULL,\n\t\t\t`updated_at` datetime NOT NULL,\n\t\t\t`processed` boolean DEFAULT FALSE,\n\t\t\t`data` json DEFAULT NULL,\n\t\t\tPRIMARY KEY (order_id)\n\t\t) DEFAULT CHARACTER SET utf8mb4</p>\n<p>Queries made or created this session were:</p>\n<ol>\n<li>Executing: BEGIN | (no parameters)</li>\n<li>Executing: ROLLBACK | (no parameters)</li>\n</ol>\n</div>\n<div style=\"clear:both;margin-bottom:2px;border:red dotted thin;\" class=\"error_message\" style=\"border-bottom:dotted blue thin;\">\nError occurred at line 4117 in Function <code>handle_error</code>. Error message was: MySQL field type cannot be translated to SQLite: json.\n</div>\n<p>Backtrace:</p>\n<pre>#0 /internal/shared/sqlite-database-integration/wp-includes/sqlite/class-wp-sqlite-db.php(287): WP_SQLite_Translator->get_error_message()\n#1 /wordpress/wp-admin/includes/upgrade.php(3271): WP_SQLite_DB->query('CREATE TABLE IF...')\n#2 /wordpress/wp-content/plugins/faire-for-woocommerce/src/class-faire.php(253): dbDelta(Array)\n#3 /wordpress/wp-content/plugins/faire-for-woocommerce/src/class-faire.php(188): Faire\\Wc\\Faire->create_orders_table()\n#4 /wordpress/wp-includes/class-wp-hook.php(324): Faire\\Wc\\Faire->init('')\n#5 /wordpress/wp-includes/class-wp-hook.php(348): WP_Hook->apply_filters(NULL, Array)\n#6 /wordpress/wp-includes/plugin.php(517): WP_Hook->do_action(Array)\n#7 /wordpress/wp-settings.php(704): do_action('init')\n#8 /wordpress/wp-config.php(102): require_once('/wordpress/wp-s...')\n#9 /wordpress/wp-load.php(50): require_once('/wordpress/wp-c...')\n#10 /internal/eval.php(3): require_once('/wordpress/wp-l...')\n#11 {main}</pre>\n for query CREATE TABLE IF NOT EXISTS wp_faire_orders (\n\t\t\t`order_id` varchar(13) NOT NULL,\n\t\t\t`wc_order_id` int(11) NULL,\n\t\t\t`status` varchar(50) NOT NULL,\n\t\t\t`created_at` datetime NOT NULL,\n\t\t\t`updated_at` datetime NOT NULL,\n\t\t\t`processed` boolean DEFAULT FALSE,\n\t\t\t`data` json DEFAULT NULL,\n\t\t\tPRIMARY KEY (order_id)\n\t\t) DEFAULT CHARACTER SET utf8mb4 made by require_once('wp-load.php'), require_once('wp-config.php'), require_once('wp-settings.php'), do_action('init'), WP_Hook->do_action, WP_Hook->apply_filters, Faire\\Wc\\Faire->init, Faire\\Wc\\Faire->create_orders_table, dbDelta, WP_SQLite_DB->query, WP_SQLite_DB->print_error","log":"/logs/plugins/f/fest-widget/error.json"}
,
{"message":"Uncaught ArgumentCountError: Too few arguments to function WP_Widget::__construct(), 0 passed in /wordpress/wp-includes/class-wp-widget-factory.php on line 62 and at least 2 expected in /wordpress/wp-includes/class-wp-widget.php:163","level":"FATAL","type":"PHP","test":"jspi-boot","plugin":"fest-widget","details":"[10-Apr-2025 23:37:02 UTC] PHP Fatal error:  Uncaught ArgumentCountError: Too few arguments to function WP_Widget::__construct(), 0 passed in /wordpress/wp-includes/class-wp-widget-factory.php on line 62 and at least 2 expected in /wordpress/wp-includes/class-wp-widget.php:163\nStack trace:\n#0 /wordpress/wp-includes/class-wp-widget-factory.php(62): WP_Widget->__construct()\n#1 /wordpress/wp-includes/widgets.php(123): WP_Widget_Factory->register('fest_widget')\n#2 /wordpress/wp-content/plugins/fest-widget/fest.php(18): register_widget('fest_widget')\n#3 /wordpress/wp-includes/class-wp-hook.php(324): fest_init('')\n#4 /wordpress/wp-includes/class-wp-hook.php(348): WP_Hook->apply_filters(NULL, Array)\n#5 /wordpress/wp-includes/plugin.php(517): WP_Hook->do_action(Array)\n#6 /wordpress/wp-includes/widgets.php(1870): do_action('widgets_init')\n#7 /wordpress/wp-includes/class-wp-hook.php(324): wp_widgets_init('')\n#8 /wordpress/wp-includes/class-wp-hook.php(348): WP_Hook->apply_filters(NULL, Array)\n#9 /wordpress/wp-includes/plugin.php(517): WP_Hook->do_action(Array)\n#10 /wordpress/wp-settings.php(704): do_action('init')\n#11 /wordpress/wp-config.php(102): require_once('/wordpress/wp-s...')\n#12 /wordpress/wp-load.php(50): require_once('/wordpress/wp-c...')\n#13 /internal/eval.php(3): require_once('/wordpress/wp-l...')\n#14 {main}\n  thrown in /wordpress/wp-includes/class-wp-widget.php on line 163","log":"/logs/plugins/f/fest-widget/error.json"}
,
{"message":"Uncaught ArgumentCountError: Too few arguments to function WP_Widget::__construct(), 0 passed in /wordpress/wp-includes/class-wp-widget-factory.php on line 62 and at least 2 expected in /wordpress/wp-includes/class-wp-widget.php:163","level":"FATAL","type":"PHP","test":"jspi-boot","plugin":"fest-widget","details":"[10-Apr-2025 23:37:10 UTC] PHP Fatal error:  Uncaught ArgumentCountError: Too few arguments to function WP_Widget::__construct(), 0 passed in /wordpress/wp-includes/class-wp-widget-factory.php on line 62 and at least 2 expected in /wordpress/wp-includes/class-wp-widget.php:163\nStack trace:\n#0 /wordpress/wp-includes/class-wp-widget-factory.php(62): WP_Widget->__construct()\n#1 /wordpress/wp-includes/widgets.php(123): WP_Widget_Factory->register('fest_widget')\n#2 /wordpress/wp-content/plugins/fest-widget/fest.php(18): register_widget('fest_widget')\n#3 /wordpress/wp-includes/class-wp-hook.php(324): fest_init('')\n#4 /wordpress/wp-includes/class-wp-hook.php(348): WP_Hook->apply_filters(NULL, Array)\n#5 /wordpress/wp-includes/plugin.php(517): WP_Hook->do_action(Array)\n#6 /wordpress/wp-includes/widgets.php(1870): do_action('widgets_init')\n#7 /wordpress/wp-includes/class-wp-hook.php(324): wp_widgets_init('')\n#8 /wordpress/wp-includes/class-wp-hook.php(348): WP_Hook->apply_filters(NULL, Array)\n#9 /wordpress/wp-includes/plugin.php(517): WP_Hook->do_action(Array)\n#10 /wordpress/wp-settings.php(704): do_action('init')\n#11 /wordpress/wp-config.php(102): require_once('/wordpress/wp-s...')\n#12 /wordpress/wp-load.php(50): require_once('/wordpress/wp-c...')\n#13 /internal/eval.php(3): require_once('/wordpress/wp-l...')\n#14 {main}\n  thrown in /wordpress/wp-includes/class-wp-widget.php on line 163","log":"/logs/plugins/f/fest-widget/error.json"}
,
{"message":"Uncaught ArgumentCountError: Too few arguments to function WP_Widget::__construct(), 0 passed in /wordpress/wp-includes/class-wp-widget-factory.php on line 62 and at least 2 expected in /wordpress/wp-includes/class-wp-widget.php:163","level":"FATAL","type":"PHP","test":"jspi-boot","plugin":"fest-widget","details":"[10-Apr-2025 23:37:19 UTC] PHP Fatal error:  Uncaught ArgumentCountError: Too few arguments to function WP_Widget::__construct(), 0 passed in /wordpress/wp-includes/class-wp-widget-factory.php on line 62 and at least 2 expected in /wordpress/wp-includes/class-wp-widget.php:163\nStack trace:\n#0 /wordpress/wp-includes/class-wp-widget-factory.php(62): WP_Widget->__construct()\n#1 /wordpress/wp-includes/widgets.php(123): WP_Widget_Factory->register('fest_widget')\n#2 /wordpress/wp-content/plugins/fest-widget/fest.php(18): register_widget('fest_widget')\n#3 /wordpress/wp-includes/class-wp-hook.php(324): fest_init('')\n#4 /wordpress/wp-includes/class-wp-hook.php(348): WP_Hook->apply_filters(NULL, Array)\n#5 /wordpress/wp-includes/plugin.php(517): WP_Hook->do_action(Array)\n#6 /wordpress/wp-includes/widgets.php(1870): do_action('widgets_init')\n#7 /wordpress/wp-includes/class-wp-hook.php(324): wp_widgets_init('')\n#8 /wordpress/wp-includes/class-wp-hook.php(348): WP_Hook->apply_filters(NULL, Array)\n#9 /wordpress/wp-includes/plugin.php(517): WP_Hook->do_action(Array)\n#10 /wordpress/wp-settings.php(704): do_action('init')\n#11 /wordpress/wp-config.php(102): require_once('/wordpress/wp-s...')\n#12 /wordpress/wp-load.php(50): require_once('/wordpress/wp-c...')\n#13 /internal/eval.php(3): require_once('/wordpress/wp-l...')\n#14 {main}\n  thrown in /wordpress/wp-includes/class-wp-widget.php on line 163\n\n    at Object.onBind (file:///home/runner/work/playground-tester/playground-tester/node_modules/@wp-playground/cli/cli.js:21:903)\n    at process.processTicksAndRejections (node:internal/process/task_queues:105:5)\n    at async Y (file:///home/runner/work/playground-tester/playground-tester/node_modules/@wp-playground/cli/cli.js:1:1159) {\n  [cause]: Error: Error when executing the blueprint step #0 ({\"step\":\"installPlugin\",\"pluginData\":{\"resource\":\"wordpress.org/plugins\",\"slug\":\"fest-widget\"},\"options\":{\"activate\":true}}) : PHP.run() failed with exit code 255 and the following output: \n      at Object.run (file:///home/runner/work/playground-tester/playground-tester/node_modules/@wp-playground/blueprints/index.js:12407:32)\n      at process.processTicksAndRejections (node:internal/process/task_queues:105:5)\n      at async ns (file:///home/runner/work/playground-tester/playground-tester/node_modules/@wp-playground/blueprints/index.js:12508:3)\n      at async Object.onBind (file:///home/runner/work/playground-tester/playground-tester/node_modules/@wp-playground/cli/cli.js:21:568)\n      at async Y (file:///home/runner/work/playground-tester/playground-tester/node_modules/@wp-playground/cli/cli.js:1:1159) {\n    [cause]: PHPExecutionFailureError: PHP.run() failed with exit code 255 and the following output: \n        at PHP.run (file:///home/runner/work/playground-tester/playground-tester/node_modules/@php-wasm/universal/index.js:984:19)\n        at process.processTicksAndRejections (node:internal/process/task_queues:105:5)\n        at async vr (file:///home/runner/work/playground-tester/playground-tester/node_modules/@wp-playground/blueprints/index.js:73:13)\n        at async Object.ut [as installPlugin] (file:///home/runner/work/playground-tester/playground-tester/node_modules/@wp-playground/blueprints/index.js:1084:42)\n        at async d (file:///home/runner/work/playground-tester/playground-tester/node_modules/@wp-playground/blueprints/index.js:12473:30)\n        at async Object.run (file:///home/runner/work/playground-tester/playground-tester/node_modules/@wp-playground/blueprints/index.js:12404:23)\n        at async ns (file:///home/runner/work/playground-tester/playground-tester/node_modules/@wp-playground/blueprints/index.js:12508:3)\n        at async Object.onBind (file:///home/runner/work/playground-tester/playground-tester/node_modules/@wp-playground/cli/cli.js:21:568)\n        at async Y (file:///home/runner/work/playground-tester/playground-tester/node_modules/@wp-playground/cli/cli.js:1:1159) {\n      response: PHPResponse {\n        httpStatusCode: 500,\n        headers: {\n          'x-powered-by': [ 'PHP/8.0.30-dev' ],\n          'content-type': [ 'text/html; charset=UTF-8' ],\n          expires: [ 'Wed, 11 Jan 1984 05:00:00 GMT' ],\n          'cache-control': [ 'no-cache, must-revalidate, max-age=0' ]\n        },\n        bytes: Uint8Array(2653) [\n           60,  33,  68,  79,  67,  84,  89,  80,  69,  32, 104, 116,\n          109, 108,  62,  10,  60, 104, 116, 109, 108,  32, 108,  97,\n          110, 103,  61,  34, 101, 110,  45,  85,  83,  34,  62,  10,\n           60, 104, 101,  97, 100,  62,  10,   9,  60, 109, 101, 116,\n           97,  32, 104, 116, 116, 112,  45, 101, 113, 117, 105, 118,\n           61,  34,  67, 111, 110, 116, 101, 110, 116,  45,  84, 121,\n          112, 101,  34,  32,  99, 111, 110, 116, 101, 110, 116,  61,\n           34, 116, 101, 120, 116,  47, 104, 116, 109, 108,  59,  32,\n           99, 104,  97, 114,\n          ... 2553 more items\n        ],\n        exitCode: 255,\n        errors: ''\n      },\n      source: 'request'\n    }\n  }\n}\n\n","log":"/logs/plugins/f/fest-widget/error.json"}
]
