[
{"message":"file:///home/runner/work/playground-tester/playground-tester/node_modules/@wp-playground/cli/cli.js:20\n`)},constants:R,phpIniEntries:{\"openssl.cafile\":\"/internal/shared/ca-bundle.crt\",allow_url_fopen:\"1\",disable_functions:\"\"},hooks:{async beforeWordPressFiles(h){t.mountBeforeInstall&&p(h,t.mountBeforeInstall)}}});const v=await s.getPrimaryPhp();try{if(n&&!t.mountBeforeInstall&&g.writeFileSync(f,await q(v,\"/wordpress\")),t.mount&&p(v,t.mount),d=!0,u){const{php:h,reap:m}=await s.processManager.acquirePHPInstance();try{c.log(\"Running the Blueprint...\"),await x(u,h),c.log(\"Finished running the blueprint\")}finally{m()}}a===\"build-snapshot\"?(await r(t.outfile),c.log(`WordPress exported to ${t.outfile}`),process.exit(0)):a===\"run-blueprint\"?(c.log(\"Blueprint executed\"),process.exit(0)):c.log(`WordPress is running on ${l}`)}catch(h){if(!t.debug)throw h;const m=v.readFileAsText(D);throw new Error(m,{cause:h})}},async handleRequest(o){return d?await s.request(o):I.forHttpCode(502,\"WordPress is not ready yet\")}})}Q();\n                                                                                                                                                                                                                                                                                                                                                                                                                                                                                                                                                                                                                                                                                                                                                                                                                   ^\n","level":"FATAL","type":"PLAYGROUND","test":"jspi-boot","plugins":"translate2011","details":"file:///home/runner/work/playground-tester/playground-tester/node_modules/@wp-playground/cli/cli.js:20\n`)},constants:R,phpIniEntries:{\"openssl.cafile\":\"/internal/shared/ca-bundle.crt\",allow_url_fopen:\"1\",disable_functions:\"\"},hooks:{async beforeWordPressFiles(h){t.mountBeforeInstall&&p(h,t.mountBeforeInstall)}}});const v=await s.getPrimaryPhp();try{if(n&&!t.mountBeforeInstall&&g.writeFileSync(f,await q(v,\"/wordpress\")),t.mount&&p(v,t.mount),d=!0,u){const{php:h,reap:m}=await s.processManager.acquirePHPInstance();try{c.log(\"Running the Blueprint...\"),await x(u,h),c.log(\"Finished running the blueprint\")}finally{m()}}a===\"build-snapshot\"?(await r(t.outfile),c.log(`WordPress exported to ${t.outfile}`),process.exit(0)):a===\"run-blueprint\"?(c.log(\"Blueprint executed\"),process.exit(0)):c.log(`WordPress is running on ${l}`)}catch(h){if(!t.debug)throw h;const m=v.readFileAsText(D);throw new Error(m,{cause:h})}},async handleRequest(o){return d?await s.request(o):I.forHttpCode(502,\"WordPress is not ready yet\")}})}Q();\n                                                                                                                                                                                                                                                                                                                                                                                                                                                                                                                                                                                                                                                                                                                                                                                                                   ^\n","log":"/tmp/tmp.0xIdKzelp3"}
,
{"message":"Undefined variable $term in /wordpress/wp-content/plugins/translate2011/translate.php on line 39","level":"WARNING","type":"PHP","test":"jspi-boot","plugins":"translate2011","details":"[09-Jan-2025 23:56:21 UTC] PHP Warning:  Undefined variable $term in /wordpress/wp-content/plugins/translate2011/translate.php on line 39","log":"/tmp/tmp.0xIdKzelp3"}
,
{"message":"SQLSTATE[23000]: Integrity constraint violation: 19 NOT NULL constraint failed: _mysql_data_types_cache.mysql_type.","level":"FATAL","type":"SQL","test":"jspi-boot","plugins":"translate2011","details":"[09-Jan-2025 23:56:21 UTC] WordPress database error <div style=\"clear:both\">&nbsp;</div>\n<div class=\"queries\" style=\"clear:both;margin-bottom:2px;border:red dotted thin;\">\n<p>MySQL query:</p>\n<p>CREATE TABLE IF NOT EXISTS `wp_translate_dict` (\n\t\t`term` varchar(25) NOT NULL,\n\t\t`lang_id` int(11) NOT NULL,\n\t\t`translation` text NOT NULL DEFAULT '',\n\t\tPRIMARY KEY (`term`,`lang_id`),\n\t\tFOREIGN KEY (`lang_id`) REFERENCES wp_translate_langs(`id`) ON DELETE CASCADE ON UPDATE CASCADE\n\t)</p>\n<p>Queries made or created this session were:</p>\n<ol>\n<li>Executing: BEGIN | (no parameters)</li>\n<li>Executing: INSERT INTO _mysql_data_types_cache (`table`, `column_or_index`, `mysql_type`)\n\t\t\t\tVALUES (:table, :column, :datatype)\n\t\t\t\tON CONFLICT(`table`, `column_or_index`) DO UPDATE SET `mysql_type` = :datatype\n\t\t\t | parameters: wp_translate_dict, term, varchar(25)</li>\n<li>Executing: INSERT INTO _mysql_data_types_cache (`table`, `column_or_index`, `mysql_type`)\n\t\t\t\tVALUES (:table, :column, :datatype)\n\t\t\t\tON CONFLICT(`table`, `column_or_index`) DO UPDATE SET `mysql_type` = :datatype\n\t\t\t | parameters: wp_translate_dict, lang_id, int(11)</li>\n<li>Executing: INSERT INTO _mysql_data_types_cache (`table`, `column_or_index`, `mysql_type`)\n\t\t\t\tVALUES (:table, :column, :datatype)\n\t\t\t\tON CONFLICT(`table`, `column_or_index`) DO UPDATE SET `mysql_type` = :datatype\n\t\t\t | parameters: wp_translate_dict, translation, text</li>\n<li>Executing: CREATE TABLE IF NOT EXISTS &quot;wp_translate_dict&quot; (\n&quot;term&quot; text NOT NULL ON CONFLICT REPLACE DEFAULT '' COLLATE NOCASE,\n&quot;lang_id&quot; integer NOT NULL ON CONFLICT REPLACE DEFAULT 0,\n&quot;translation&quot; text NOT NULL ON CONFLICT REPLACE DEFAULT '' COLLATE NOCASE,\nPRIMARY KEY (&quot;term&quot;, &quot;lang_id&quot;)) | (no parameters)</li>\n<li>Executing: CREATE  INDEX IF NOT EXISTS &quot;wp_translate_dict__&quot; ON &quot;wp_translate_dict&quot; (&quot;&quot;) | (no parameters)</li>\n<li>Executing: INSERT INTO _mysql_data_types_cache (`table`, `column_or_index`, `mysql_type`)\n\t\t\t\tVALUES (:table, :column, :datatype)\n\t\t\t\tON CONFLICT(`table`, `column_or_index`) DO UPDATE SET `mysql_type` = :datatype\n\t\t\t | parameters: wp_translate_dict, wp_translate_dict__, </li>\n<li>Executing: ROLLBACK | (no parameters)</li>\n</ol>\n</div>\n<div style=\"clear:both;margin-bottom:2px;border:red dotted thin;\" class=\"error_message\" style=\"border-bottom:dotted blue thin;\">\nError occurred at line 4117 in Function <code>handle_error</code>. Error message was: SQLSTATE[23000]: Integrity constraint violation: 19 NOT NULL constraint failed: _mysql_data_types_cache.mysql_type.\n</div>\n<p>Backtrace:</p>\n<pre>#0 /internal/shared/sqlite-database-integration/wp-includes/sqlite/class-wp-sqlite-db.php(287): WP_SQLite_Translator->get_error_message()\n#1 /wordpress/wp-content/plugins/translate2011/translate.php(92): WP_SQLite_DB->query('CREATE TABLE IF...')\n#2 /wordpress/wp-includes/class-wp-hook.php(324): jrv_install_translate(false)\n#3 /wordpress/wp-includes/class-wp-hook.php(348): WP_Hook->apply_filters('', Array)\n#4 /wordpress/wp-includes/plugin.php(517): WP_Hook->do_action(Array)\n#5 /wordpress/wp-admin/includes/plugin.php(703): do_action('activate_transl...', false)\n#6 /internal/eval.php(20): activate_plugin('translate2011/t...')\n#7 {main}</pre>\n for query CREATE TABLE IF NOT EXISTS `wp_translate_dict` (\n\t\t`term` varchar(25) NOT NULL,\n\t\t`lang_id` int(11) NOT NULL,\n\t\t`translation` text NOT NULL DEFAULT '',\n\t\tPRIMARY KEY (`term`,`lang_id`),\n\t\tFOREIGN KEY (`lang_id`) REFERENCES wp_translate_langs(`id`) ON DELETE CASCADE ON UPDATE CASCADE\n\t) made by activate_plugin, do_action('activate_translate2011/translate.php'), WP_Hook->do_action, WP_Hook->apply_filters, jrv_install_translate, WP_SQLite_DB->query, WP_SQLite_DB->print_error","log":"/tmp/tmp.0xIdKzelp3"}
,
{"message":"File admin-functions.php is <strong>deprecated</strong> since version 2.5.0! Use wp-admin/includes/admin.php instead. in /wordpress/wp-includes/functions.php on line 6114","level":"DEPRECATED","type":"PHP","test":"jspi-boot","plugins":"translate2011","details":"[09-Jan-2025 23:56:21 UTC] PHP Deprecated:  File admin-functions.php is <strong>deprecated</strong> since version 2.5.0! Use wp-admin/includes/admin.php instead. in /wordpress/wp-includes/functions.php on line 6114","log":"/tmp/tmp.0xIdKzelp3"}
,
{"message":"Trying to access array offset on value of type bool in /wordpress/wp-content/plugins/translate2011/translate.php on line 110","level":"WARNING","type":"PHP","test":"jspi-boot","plugins":"translate2011","details":"[09-Jan-2025 23:56:21 UTC] PHP Warning:  Trying to access array offset on value of type bool in /wordpress/wp-content/plugins/translate2011/translate.php on line 110","log":"/tmp/tmp.0xIdKzelp3"}
,
{"message":"Trying to access array offset on value of type bool in /wordpress/wp-content/plugins/translate2011/translate.php on line 111","level":"WARNING","type":"PHP","test":"jspi-boot","plugins":"translate2011","details":"[09-Jan-2025 23:56:21 UTC] PHP Warning:  Trying to access array offset on value of type bool in /wordpress/wp-content/plugins/translate2011/translate.php on line 111","log":"/tmp/tmp.0xIdKzelp3"}
,
{"message":"Uncaught Exception: The plugin generated unexpected output. in /internal/eval.php:29","level":"FATAL","type":"PHP","test":"jspi-boot","plugins":"translate2011","details":"[09-Jan-2025 23:56:21 UTC] PHP Fatal error:  Uncaught Exception: The plugin generated unexpected output. in /internal/eval.php:29\nStack trace:\n#0 {main}\n  thrown in /internal/eval.php on line 29\n\n    at Object.onBind (file:///home/runner/work/playground-tester/playground-tester/node_modules/@wp-playground/cli/cli.js:20:788)\n    at process.processTicksAndRejections (node:internal/process/task_queues:105:5)\n    at async j (file:///home/runner/work/playground-tester/playground-tester/node_modules/@wp-playground/cli/cli.js:1:1166) {\n  [cause]: Error: Error when executing the blueprint step #0 ({\"step\":\"installPlugin\",\"pluginData\":{\"resource\":\"wordpress.org/plugins\",\"slug\":\"translate2011\"},\"options\":{\"activate\":true}}) : PHP.run() failed with exit code 255 and the following output: \n      at Object.run (file:///home/runner/work/playground-tester/playground-tester/node_modules/@wp-playground/blueprints/index.js:12099:32)\n      at process.processTicksAndRejections (node:internal/process/task_queues:105:5)\n      at async Qt (file:///home/runner/work/playground-tester/playground-tester/node_modules/@wp-playground/blueprints/index.js:12200:3)\n      at async Object.onBind (file:///home/runner/work/playground-tester/playground-tester/node_modules/@wp-playground/cli/cli.js:20:453)\n      at async j (file:///home/runner/work/playground-tester/playground-tester/node_modules/@wp-playground/cli/cli.js:1:1166) {\n    [cause]: PHPExecutionFailureError: PHP.run() failed with exit code 255 and the following output: \n        at PHP.run (file:///home/runner/work/playground-tester/playground-tester/node_modules/@php-wasm/universal/index.js:979:19)\n        at process.processTicksAndRejections (node:internal/process/task_queues:105:5)\n        at async gr (file:///home/runner/work/playground-tester/playground-tester/node_modules/@wp-playground/blueprints/index.js:31:39)\n        at async Object.at [as installPlugin] (file:///home/runner/work/playground-tester/playground-tester/node_modules/@wp-playground/blueprints/index.js:877:42)\n        at async d (file:///home/runner/work/playground-tester/playground-tester/node_modules/@wp-playground/blueprints/index.js:12165:30)\n        at async Object.run (file:///home/runner/work/playground-tester/playground-tester/node_modules/@wp-playground/blueprints/index.js:12096:23)\n        at async Qt (file:///home/runner/work/playground-tester/playground-tester/node_modules/@wp-playground/blueprints/index.js:12200:3)\n        at async Object.onBind (file:///home/runner/work/playground-tester/playground-tester/node_modules/@wp-playground/cli/cli.js:20:453)\n        at async j (file:///home/runner/work/playground-tester/playground-tester/node_modules/@wp-playground/cli/cli.js:1:1166) {\n      response: PHPResponse {\n        httpStatusCode: 500,\n        headers: {\n          'x-powered-by': [ 'PHP/8.0.30-dev' ],\n          'content-type': [ 'text/html; charset=UTF-8' ]\n        },\n        bytes: Uint8Array(0) [],\n        exitCode: 255,\n        errors: ''\n      },\n      source: 'request'\n    }\n  }\n}\n\n","log":"/tmp/tmp.0xIdKzelp3"}
]
