file:///home/runner/work/playground-tester/playground-tester/node_modules/@wp-playground/cli/run-cli-j-geJYS3.js:325
        throw new Error($, { cause: h });
              ^

Error: [18-Jun-2025 08:38:09 UTC] PHP Parse error:  syntax error, unexpected token "new" in /wordpress/wp-content/plugins/zanox-search-extension/zanox_search.php on line 72
[18-Jun-2025 08:38:17 UTC] PHP Parse error:  syntax error, unexpected token "new" in /wordpress/wp-content/plugins/zanox-search-extension/zanox_search.php on line 72
[18-Jun-2025 08:38:26 UTC] PHP Parse error:  syntax error, unexpected token "new" in /wordpress/wp-content/plugins/zanox-search-extension/zanox_search.php on line 72
[18-Jun-2025 08:38:35 UTC] PHP Fatal error:  Uncaught Error: Call to undefined function create_function() in /wordpress/wp-content/plugins/zaplecze-web-toolspl/web-tools-pl-zaplecze-widget.php:182
Stack trace:
#0 /wordpress/wp-admin/includes/plugin.php(2387): include_once()
#1 /wordpress/wp-admin/includes/plugin.php(673): plugin_sandbox_scrape('zaplecze-web-to...')
#2 /internal/eval.php(20): activate_plugin('zaplecze-web-to...')
#3 {main}
  thrown in /wordpress/wp-content/plugins/zaplecze-web-toolspl/web-tools-pl-zaplecze-widget.php on line 182
[18-Jun-2025 08:38:43 UTC] PHP Fatal error:  Uncaught Error: Call to undefined function create_function() in /wordpress/wp-content/plugins/zaplecze-web-toolspl/web-tools-pl-zaplecze-widget.php:182
Stack trace:
#0 /wordpress/wp-admin/includes/plugin.php(2387): include_once()
#1 /wordpress/wp-admin/includes/plugin.php(673): plugin_sandbox_scrape('zaplecze-web-to...')
#2 /internal/eval.php(20): activate_plugin('zaplecze-web-to...')
#3 {main}
  thrown in /wordpress/wp-content/plugins/zaplecze-web-toolspl/web-tools-pl-zaplecze-widget.php on line 182
[18-Jun-2025 08:38:52 UTC] PHP Fatal error:  Uncaught Error: Call to undefined function create_function() in /wordpress/wp-content/plugins/zaplecze-web-toolspl/web-tools-pl-zaplecze-widget.php:182
Stack trace:
#0 /wordpress/wp-admin/includes/plugin.php(2387): include_once()
#1 /wordpress/wp-admin/includes/plugin.php(673): plugin_sandbox_scrape('zaplecze-web-to...')
#2 /internal/eval.php(20): activate_plugin('zaplecze-web-to...')
#3 {main}
  thrown in /wordpress/wp-content/plugins/zaplecze-web-toolspl/web-tools-pl-zaplecze-widget.php on line 182
[18-Jun-2025 08:39:01 UTC] PHP Deprecated:  Required parameter $tag follows optional parameter $content in /wordpress/wp-content/plugins/tabs-for-visual-composer/plugin.class.php on line 138
[18-Jun-2025 08:39:01 UTC] PHP Deprecated:  Required parameter $tag follows optional parameter $content in /wordpress/wp-content/plugins/tabs-for-visual-composer/plugin.class.php on line 204
[18-Jun-2025 08:39:02 UTC] PHP Deprecated:  Required parameter $tag follows optional parameter $content in /wordpress/wp-content/plugins/tabs-for-visual-composer/plugin.class.php on line 138
[18-Jun-2025 08:39:02 UTC] PHP Deprecated:  Required parameter $tag follows optional parameter $content in /wordpress/wp-content/plugins/tabs-for-visual-composer/plugin.class.php on line 204
[18-Jun-2025 08:39:10 UTC] PHP Deprecated:  Required parameter $tag follows optional parameter $content in /wordpress/wp-content/plugins/tabs-for-visual-composer/plugin.class.php on line 138
[18-Jun-2025 08:39:10 UTC] PHP Deprecated:  Required parameter $tag follows optional parameter $content in /wordpress/wp-content/plugins/tabs-for-visual-composer/plugin.class.php on line 204
[18-Jun-2025 08:39:11 UTC] PHP Deprecated:  Required parameter $tag follows optional parameter $content in /wordpress/wp-content/plugins/tabs-for-visual-composer/plugin.class.php on line 138
[18-Jun-2025 08:39:11 UTC] PHP Deprecated:  Required parameter $tag follows optional parameter $content in /wordpress/wp-content/plugins/tabs-for-visual-composer/plugin.class.php on line 204
[18-Jun-2025 08:39:19 UTC] PHP Deprecated:  Required parameter $tag follows optional parameter $content in /wordpress/wp-content/plugins/tabs-for-visual-composer/plugin.class.php on line 138
[18-Jun-2025 08:39:19 UTC] PHP Deprecated:  Required parameter $tag follows optional parameter $content in /wordpress/wp-content/plugins/tabs-for-visual-composer/plugin.class.php on line 204
[18-Jun-2025 08:39:20 UTC] PHP Deprecated:  Required parameter $tag follows optional parameter $content in /wordpress/wp-content/plugins/tabs-for-visual-composer/plugin.class.php on line 138
[18-Jun-2025 08:39:20 UTC] PHP Deprecated:  Required parameter $tag follows optional parameter $content in /wordpress/wp-content/plugins/tabs-for-visual-composer/plugin.class.php on line 204
[18-Jun-2025 08:43:39 UTC] PHP Deprecated:  File class-feed.php is <strong>deprecated</strong> since version 4.7.0! Use fetch_feed() instead. in /wordpress/wp-includes/functions.php on line 6121
[18-Jun-2025 08:43:39 UTC] PHP Deprecated:  File class-wp-feed-cache.php is <strong>deprecated</strong> since version 5.6.0 with no alternative available. This file is only loaded for backward compatibility with SimplePie 1.2.x. Please consider switching to a recent SimplePie version. in /wordpress/wp-includes/functions.php on line 6121
[18-Jun-2025 08:43:40 UTC] PHP Deprecated:  File class-feed.php is <strong>deprecated</strong> since version 4.7.0! Use fetch_feed() instead. in /wordpress/wp-includes/functions.php on line 6121
[18-Jun-2025 08:43:40 UTC] PHP Deprecated:  File class-wp-feed-cache.php is <strong>deprecated</strong> since version 5.6.0 with no alternative available. This file is only loaded for backward compatibility with SimplePie 1.2.x. Please consider switching to a recent SimplePie version. in /wordpress/wp-includes/functions.php on line 6121
[18-Jun-2025 08:43:40 UTC] PHP Notice:  Function _load_textdomain_just_in_time was called <strong>incorrectly</strong>. Translation loading for the <code>thethe-floating-bookmarks</code> domain was triggered too early. This is usually an indicator for some code in the plugin or theme running too early. Translations should be loaded at the <code>init</code> action or later. Please see <a href="https://developer.wordpress.org/advanced-administration/debug/debug-wordpress/">Debugging in WordPress</a> for more information. (This message was added in version 6.7.0.) in /wordpress/wp-includes/functions.php on line 6121
[18-Jun-2025 08:43:48 UTC] PHP Deprecated:  File class-feed.php is <strong>deprecated</strong> since version 4.7.0! Use fetch_feed() instead. in /wordpress/wp-includes/functions.php on line 6121
[18-Jun-2025 08:43:48 UTC] PHP Deprecated:  File class-wp-feed-cache.php is <strong>deprecated</strong> since version 5.6.0 with no alternative available. This file is only loaded for backward compatibility with SimplePie 1.2.x. Please consider switching to a recent SimplePie version. in /wordpress/wp-includes/functions.php on line 6121
[18-Jun-2025 08:43:50 UTC] PHP Deprecated:  File class-feed.php is <strong>deprecated</strong> since version 4.7.0! Use fetch_feed() instead. in /wordpress/wp-includes/functions.php on line 6121
[18-Jun-2025 08:43:50 UTC] PHP Deprecated:  File class-wp-feed-cache.php is <strong>deprecated</strong> since version 5.6.0 with no alternative available. This file is only loaded for backward compatibility with SimplePie 1.2.x. Please consider switching to a recent SimplePie version. in /wordpress/wp-includes/functions.php on line 6121
[18-Jun-2025 08:43:50 UTC] PHP Notice:  Function _load_textdomain_just_in_time was called <strong>incorrectly</strong>. Translation loading for the <code>thethe-floating-bookmarks</code> domain was triggered too early. This is usually an indicator for some code in the plugin or theme running too early. Translations should be loaded at the <code>init</code> action or later. Please see <a href="https://developer.wordpress.org/advanced-administration/debug/debug-wordpress/">Debugging in WordPress</a> for more information. (This message was added in version 6.7.0.) in /wordpress/wp-includes/functions.php on line 6121
[18-Jun-2025 08:43:58 UTC] PHP Deprecated:  File class-feed.php is <strong>deprecated</strong> since version 4.7.0! Use fetch_feed() instead. in /wordpress/wp-includes/functions.php on line 6121
[18-Jun-2025 08:43:58 UTC] PHP Deprecated:  File class-wp-feed-cache.php is <strong>deprecated</strong> since version 5.6.0 with no alternative available. This file is only loaded for backward compatibility with SimplePie 1.2.x. Please consider switching to a recent SimplePie version. in /wordpress/wp-includes/functions.php on line 6121
[18-Jun-2025 08:43:59 UTC] PHP Deprecated:  File class-feed.php is <strong>deprecated</strong> since version 4.7.0! Use fetch_feed() instead. in /wordpress/wp-includes/functions.php on line 6121
[18-Jun-2025 08:43:59 UTC] PHP Deprecated:  File class-wp-feed-cache.php is <strong>deprecated</strong> since version 5.6.0 with no alternative available. This file is only loaded for backward compatibility with SimplePie 1.2.x. Please consider switching to a recent SimplePie version. in /wordpress/wp-includes/functions.php on line 6121
[18-Jun-2025 08:43:59 UTC] PHP Notice:  Function _load_textdomain_just_in_time was called <strong>incorrectly</strong>. Translation loading for the <code>thethe-floating-bookmarks</code> domain was triggered too early. This is usually an indicator for some code in the plugin or theme running too early. Translations should be loaded at the <code>init</code> action or later. Please see <a href="https://developer.wordpress.org/advanced-administration/debug/debug-wordpress/">Debugging in WordPress</a> for more information. (This message was added in version 6.7.0.) in /wordpress/wp-includes/functions.php on line 6121
[18-Jun-2025 08:44:08 UTC] PHP Fatal error:  Declaration of tcm_management_table::prepare_items($search) must be compatible with WP_List_Table::prepare_items() in /wordpress/wp-content/plugins/thin-content-manager/thin-content-manager.php on line 227
[18-Jun-2025 08:44:16 UTC] PHP Fatal error:  Declaration of tcm_management_table::prepare_items($search) must be compatible with WP_List_Table::prepare_items() in /wordpress/wp-content/plugins/thin-content-manager/thin-content-manager.php on line 227
[18-Jun-2025 08:44:24 UTC] PHP Fatal error:  Declaration of tcm_management_table::prepare_items($search) must be compatible with WP_List_Table::prepare_items() in /wordpress/wp-content/plugins/thin-content-manager/thin-content-manager.php on line 227
[18-Jun-2025 08:45:07 UTC] PHP Fatal error:  Uncaught Exception: Broadcast requires a Wordpress network install. It does not support single installs. in /wordpress/wp-content/plugins/threewp-broadcast/src/ThreeWP_Broadcast.php:236
Stack trace:
#0 /wordpress/wp-content/plugins/threewp-broadcast/src/sdk/wordpress/base.php(204): threewp_broadcast\ThreeWP_Broadcast->activate()
#1 /wordpress/wp-includes/class-wp-hook.php(324): plainview\sdk_broadcast\wordpress\base->activate_internal(false)
#2 /wordpress/wp-includes/class-wp-hook.php(348): WP_Hook->apply_filters('', Array)
#3 /wordpress/wp-includes/plugin.php(517): WP_Hook->do_action(Array)
#4 /wordpress/wp-admin/includes/plugin.php(703): do_action('activate_threew...', false)
#5 /internal/eval.php(20): activate_plugin('threewp-broadca...')
#6 {main}
  thrown in /wordpress/wp-content/plugins/threewp-broadcast/src/ThreeWP_Broadcast.php on line 236
[18-Jun-2025 08:45:18 UTC] PHP Fatal error:  Uncaught Exception: Broadcast requires a Wordpress network install. It does not support single installs. in /wordpress/wp-content/plugins/threewp-broadcast/src/ThreeWP_Broadcast.php:236
Stack trace:
#0 /wordpress/wp-content/plugins/threewp-broadcast/src/sdk/wordpress/base.php(204): threewp_broadcast\ThreeWP_Broadcast->activate()
#1 /wordpress/wp-includes/class-wp-hook.php(324): plainview\sdk_broadcast\wordpress\base->activate_internal(false)
#2 /wordpress/wp-includes/class-wp-hook.php(348): WP_Hook->apply_filters('', Array)
#3 /wordpress/wp-includes/plugin.php(517): WP_Hook->do_action(Array)
#4 /wordpress/wp-admin/includes/plugin.php(703): do_action('activate_threew...', false)
#5 /internal/eval.php(20): activate_plugin('threewp-broadca...')
#6 {main}
  thrown in /wordpress/wp-content/plugins/threewp-broadcast/src/ThreeWP_Broadcast.php on line 236
[18-Jun-2025 08:45:27 UTC] PHP Fatal error:  Uncaught Exception: Broadcast requires a Wordpress network install. It does not support single installs. in /wordpress/wp-content/plugins/threewp-broadcast/src/ThreeWP_Broadcast.php:236
Stack trace:
#0 /wordpress/wp-content/plugins/threewp-broadcast/src/sdk/wordpress/base.php(204): threewp_broadcast\ThreeWP_Broadcast->activate()
#1 /wordpress/wp-includes/class-wp-hook.php(324): plainview\sdk_broadcast\wordpress\base->activate_internal(false)
#2 /wordpress/wp-includes/class-wp-hook.php(348): WP_Hook->apply_filters('', Array)
#3 /wordpress/wp-includes/plugin.php(517): WP_Hook->do_action(Array)
#4 /wordpress/wp-admin/includes/plugin.php(703): do_action('activate_threew...', false)
#5 /internal/eval.php(20): activate_plugin('threewp-broadca...')
#6 {main}
  thrown in /wordpress/wp-content/plugins/threewp-broadcast/src/ThreeWP_Broadcast.php on line 236

    at Object.onBind (file:///home/runner/work/playground-tester/playground-tester/node_modules/@wp-playground/cli/run-cli-j-geJYS3.js:325:15)
    at process.processTicksAndRejections (node:internal/process/task_queues:105:5)
    at async re (file:///home/runner/work/playground-tester/playground-tester/node_modules/@wp-playground/cli/run-cli-j-geJYS3.js:149:10) {
  [cause]: Error: Error when executing the blueprint step #1 ({"step":"installPlugin","pluginData":{"resource":"wordpress.org/plugins","slug":"threewp-broadcast"},"options":{"activate":true}}) : PHP.run() failed with exit code 255 and the following output: 
      at Object.run (file:///home/runner/work/playground-tester/playground-tester/node_modules/@wp-playground/blueprints/index.js:12093:19)
      at process.processTicksAndRejections (node:internal/process/task_queues:105:5)
      at async ys (file:///home/runner/work/playground-tester/playground-tester/node_modules/@wp-playground/blueprints/index.js:12196:3)
      at async Object.onBind (file:///home/runner/work/playground-tester/playground-tester/node_modules/@wp-playground/cli/run-cli-j-geJYS3.js:315:48)
      at async re (file:///home/runner/work/playground-tester/playground-tester/node_modules/@wp-playground/cli/run-cli-j-geJYS3.js:149:10) {
    [cause]: PHPExecutionFailureError: PHP.run() failed with exit code 255 and the following output: 
        at PHP.run (file:///home/runner/work/playground-tester/playground-tester/node_modules/@php-wasm/universal/index.js:1034:19)
        at process.processTicksAndRejections (node:internal/process/task_queues:105:5)
        at async wr (file:///home/runner/work/playground-tester/playground-tester/node_modules/@wp-playground/blueprints/index.js:34:39)
        at async Object.gt [as installPlugin] (file:///home/runner/work/playground-tester/playground-tester/node_modules/@wp-playground/blueprints/index.js:631:42)
        at async g (file:///home/runner/work/playground-tester/playground-tester/node_modules/@wp-playground/blueprints/index.js:12161:30)
        at async Object.run (file:///home/runner/work/playground-tester/playground-tester/node_modules/@wp-playground/blueprints/index.js:12090:23)
        at async ys (file:///home/runner/work/playground-tester/playground-tester/node_modules/@wp-playground/blueprints/index.js:12196:3)
        at async Object.onBind (file:///home/runner/work/playground-tester/playground-tester/node_modules/@wp-playground/cli/run-cli-j-geJYS3.js:315:48)
        at async re (file:///home/runner/work/playground-tester/playground-tester/node_modules/@wp-playground/cli/run-cli-j-geJYS3.js:149:10) {
      response: PHPResponse {
        httpStatusCode: 500,
        headers: {
          'x-powered-by': [ 'PHP/8.0.30-dev' ],
          'content-type': [ 'text/html; charset=UTF-8' ]
        },
        bytes: Uint8Array(0) [],
        exitCode: 255,
        errors: ''
      },
      source: 'request'
    }
  }
}

Node.js v23.11.0
