file:///home/runner/work/playground-tester/playground-tester/node_modules/@wp-playground/cli/index.js:237
        throw new Error(y, { cause: u });
              ^

Error: [01-May-2025 04:07:03 UTC] PHP Deprecated:  Function wpdb::escape is <strong>deprecated</strong> since version 3.6.0! Use wpdb::prepare() or esc_sql() instead. in /wordpress/wp-includes/functions.php on line 6121
[01-May-2025 04:07:12 UTC] PHP Deprecated:  Function wpdb::escape is <strong>deprecated</strong> since version 3.6.0! Use wpdb::prepare() or esc_sql() instead. in /wordpress/wp-includes/functions.php on line 6121
[01-May-2025 04:07:21 UTC] PHP Deprecated:  Function wpdb::escape is <strong>deprecated</strong> since version 3.6.0! Use wpdb::prepare() or esc_sql() instead. in /wordpress/wp-includes/functions.php on line 6121
[01-May-2025 04:10:31 UTC] PHP Fatal error:  Uncaught Error: Call to undefined function create_function() in /wordpress/wp-content/plugins/translator/translator.php:194
Stack trace:
#0 /wordpress/wp-admin/includes/plugin.php(2387): include_once()
#1 /wordpress/wp-admin/includes/plugin.php(673): plugin_sandbox_scrape('translator/tran...')
#2 /internal/eval.php(20): activate_plugin('translator/tran...')
#3 {main}
  thrown in /wordpress/wp-content/plugins/translator/translator.php on line 194
[01-May-2025 04:10:38 UTC] PHP Fatal error:  Uncaught Error: Call to undefined function create_function() in /wordpress/wp-content/plugins/translator/translator.php:194
Stack trace:
#0 /wordpress/wp-admin/includes/plugin.php(2387): include_once()
#1 /wordpress/wp-admin/includes/plugin.php(673): plugin_sandbox_scrape('translator/tran...')
#2 /internal/eval.php(20): activate_plugin('translator/tran...')
#3 {main}
  thrown in /wordpress/wp-content/plugins/translator/translator.php on line 194
[01-May-2025 04:10:45 UTC] PHP Fatal error:  Uncaught Error: Call to undefined function create_function() in /wordpress/wp-content/plugins/translator/translator.php:194
Stack trace:
#0 /wordpress/wp-admin/includes/plugin.php(2387): include_once()
#1 /wordpress/wp-admin/includes/plugin.php(673): plugin_sandbox_scrape('translator/tran...')
#2 /internal/eval.php(20): activate_plugin('translator/tran...')
#3 {main}
  thrown in /wordpress/wp-content/plugins/translator/translator.php on line 194
[01-May-2025 04:10:53 UTC] PHP Fatal error:  Uncaught Error: Call to undefined function create_function() in /wordpress/wp-content/plugins/transport-and-business-locator/transport_business_locator.php:623
Stack trace:
#0 /wordpress/wp-admin/includes/plugin.php(2387): include_once()
#1 /wordpress/wp-admin/includes/plugin.php(673): plugin_sandbox_scrape('transport-and-b...')
#2 /internal/eval.php(20): activate_plugin('transport-and-b...')
#3 {main}
  thrown in /wordpress/wp-content/plugins/transport-and-business-locator/transport_business_locator.php on line 623
[01-May-2025 04:11:00 UTC] PHP Fatal error:  Uncaught Error: Call to undefined function create_function() in /wordpress/wp-content/plugins/transport-and-business-locator/transport_business_locator.php:623
Stack trace:
#0 /wordpress/wp-admin/includes/plugin.php(2387): include_once()
#1 /wordpress/wp-admin/includes/plugin.php(673): plugin_sandbox_scrape('transport-and-b...')
#2 /internal/eval.php(20): activate_plugin('transport-and-b...')
#3 {main}
  thrown in /wordpress/wp-content/plugins/transport-and-business-locator/transport_business_locator.php on line 623
[01-May-2025 04:11:07 UTC] PHP Fatal error:  Uncaught Error: Call to undefined function create_function() in /wordpress/wp-content/plugins/transport-and-business-locator/transport_business_locator.php:623
Stack trace:
#0 /wordpress/wp-admin/includes/plugin.php(2387): include_once()
#1 /wordpress/wp-admin/includes/plugin.php(673): plugin_sandbox_scrape('transport-and-b...')
#2 /internal/eval.php(20): activate_plugin('transport-and-b...')
#3 {main}
  thrown in /wordpress/wp-content/plugins/transport-and-business-locator/transport_business_locator.php on line 623
[01-May-2025 04:11:41 UTC] PHP Fatal error:  Uncaught Exception: GMP extension seems not to be installed in /wordpress/wp-content/plugins/trezor-connect-plugin/BitcoinECDSA.php:11
Stack trace:
#0 /wordpress/wp-content/plugins/trezor-connect-plugin/WPTrezorPlugin.php(28): require()
#1 /wordpress/wp-admin/includes/plugin.php(2387): include_once('/wordpress/wp-c...')
#2 /wordpress/wp-admin/includes/plugin.php(673): plugin_sandbox_scrape('trezor-connect-...')
#3 /internal/eval.php(20): activate_plugin('trezor-connect-...')
#4 {main}
  thrown in /wordpress/wp-content/plugins/trezor-connect-plugin/BitcoinECDSA.php on line 11
[01-May-2025 04:11:49 UTC] PHP Fatal error:  Uncaught Exception: GMP extension seems not to be installed in /wordpress/wp-content/plugins/trezor-connect-plugin/BitcoinECDSA.php:11
Stack trace:
#0 /wordpress/wp-content/plugins/trezor-connect-plugin/WPTrezorPlugin.php(28): require()
#1 /wordpress/wp-admin/includes/plugin.php(2387): include_once('/wordpress/wp-c...')
#2 /wordpress/wp-admin/includes/plugin.php(673): plugin_sandbox_scrape('trezor-connect-...')
#3 /internal/eval.php(20): activate_plugin('trezor-connect-...')
#4 {main}
  thrown in /wordpress/wp-content/plugins/trezor-connect-plugin/BitcoinECDSA.php on line 11
[01-May-2025 04:11:57 UTC] PHP Fatal error:  Uncaught Exception: GMP extension seems not to be installed in /wordpress/wp-content/plugins/trezor-connect-plugin/BitcoinECDSA.php:11
Stack trace:
#0 /wordpress/wp-content/plugins/trezor-connect-plugin/WPTrezorPlugin.php(28): require()
#1 /wordpress/wp-admin/includes/plugin.php(2387): include_once('/wordpress/wp-c...')
#2 /wordpress/wp-admin/includes/plugin.php(673): plugin_sandbox_scrape('trezor-connect-...')
#3 /internal/eval.php(20): activate_plugin('trezor-connect-...')
#4 {main}
  thrown in /wordpress/wp-content/plugins/trezor-connect-plugin/BitcoinECDSA.php on line 11
[01-May-2025 04:12:05 UTC] PHP Warning:  Undefined array key "HTTP_USER_AGENT" in /wordpress/wp-content/plugins/triggered-messaging-solution-for-e-commerce/core/Helper.php on line 67
[01-May-2025 04:12:05 UTC] PHP Fatal error:  Uncaught Error: Call to undefined function create_function() in /wordpress/wp-content/plugins/triggered-messaging-solution-for-e-commerce/index.php:222
Stack trace:
#0 /wordpress/wp-admin/includes/plugin.php(2387): include_once()
#1 /wordpress/wp-admin/includes/plugin.php(673): plugin_sandbox_scrape('triggered-messa...')
#2 /internal/eval.php(20): activate_plugin('triggered-messa...')
#3 {main}
  thrown in /wordpress/wp-content/plugins/triggered-messaging-solution-for-e-commerce/index.php on line 222
[01-May-2025 04:12:13 UTC] PHP Warning:  Undefined array key "HTTP_USER_AGENT" in /wordpress/wp-content/plugins/triggered-messaging-solution-for-e-commerce/core/Helper.php on line 67
[01-May-2025 04:12:13 UTC] PHP Fatal error:  Uncaught Error: Call to undefined function create_function() in /wordpress/wp-content/plugins/triggered-messaging-solution-for-e-commerce/index.php:222
Stack trace:
#0 /wordpress/wp-admin/includes/plugin.php(2387): include_once()
#1 /wordpress/wp-admin/includes/plugin.php(673): plugin_sandbox_scrape('triggered-messa...')
#2 /internal/eval.php(20): activate_plugin('triggered-messa...')
#3 {main}
  thrown in /wordpress/wp-content/plugins/triggered-messaging-solution-for-e-commerce/index.php on line 222
[01-May-2025 04:12:20 UTC] PHP Warning:  Undefined array key "HTTP_USER_AGENT" in /wordpress/wp-content/plugins/triggered-messaging-solution-for-e-commerce/core/Helper.php on line 67
[01-May-2025 04:12:20 UTC] PHP Fatal error:  Uncaught Error: Call to undefined function create_function() in /wordpress/wp-content/plugins/triggered-messaging-solution-for-e-commerce/index.php:222
Stack trace:
#0 /wordpress/wp-admin/includes/plugin.php(2387): include_once()
#1 /wordpress/wp-admin/includes/plugin.php(673): plugin_sandbox_scrape('triggered-messa...')
#2 /internal/eval.php(20): activate_plugin('triggered-messa...')
#3 {main}
  thrown in /wordpress/wp-content/plugins/triggered-messaging-solution-for-e-commerce/index.php on line 222
[01-May-2025 04:13:23 UTC] PHP Fatal error:  Uncaught Error: Call to undefined function create_function() in /wordpress/wp-content/plugins/tweet-lovers/tweet-lovers.php:390
Stack trace:
#0 /wordpress/wp-admin/includes/plugin.php(2387): include_once()
#1 /wordpress/wp-admin/includes/plugin.php(673): plugin_sandbox_scrape('tweet-lovers/tw...')
#2 /internal/eval.php(20): activate_plugin('tweet-lovers/tw...')
#3 {main}
  thrown in /wordpress/wp-content/plugins/tweet-lovers/tweet-lovers.php on line 390
[01-May-2025 04:13:31 UTC] PHP Fatal error:  Uncaught Error: Call to undefined function create_function() in /wordpress/wp-content/plugins/tweet-lovers/tweet-lovers.php:390
Stack trace:
#0 /wordpress/wp-admin/includes/plugin.php(2387): include_once()
#1 /wordpress/wp-admin/includes/plugin.php(673): plugin_sandbox_scrape('tweet-lovers/tw...')
#2 /internal/eval.php(20): activate_plugin('tweet-lovers/tw...')
#3 {main}
  thrown in /wordpress/wp-content/plugins/tweet-lovers/tweet-lovers.php on line 390
[01-May-2025 04:13:38 UTC] PHP Fatal error:  Uncaught Error: Call to undefined function create_function() in /wordpress/wp-content/plugins/tweet-lovers/tweet-lovers.php:390
Stack trace:
#0 /wordpress/wp-admin/includes/plugin.php(2387): include_once()
#1 /wordpress/wp-admin/includes/plugin.php(673): plugin_sandbox_scrape('tweet-lovers/tw...')
#2 /internal/eval.php(20): activate_plugin('tweet-lovers/tw...')
#3 {main}
  thrown in /wordpress/wp-content/plugins/tweet-lovers/tweet-lovers.php on line 390
[01-May-2025 04:13:47 UTC] PHP Fatal error:  Uncaught Error: Call to undefined function mysql_query() in /wordpress/wp-content/plugins/tweetlighter/TweetLighter.php:15
Stack trace:
#0 /wordpress/wp-admin/includes/plugin.php(2387): include_once()
#1 /wordpress/wp-admin/includes/plugin.php(673): plugin_sandbox_scrape('tweetlighter/Tw...')
#2 /internal/eval.php(20): activate_plugin('tweetlighter/Tw...')
#3 {main}
  thrown in /wordpress/wp-content/plugins/tweetlighter/TweetLighter.php on line 15
[01-May-2025 04:13:55 UTC] PHP Fatal error:  Uncaught Error: Call to undefined function mysql_query() in /wordpress/wp-content/plugins/tweetlighter/TweetLighter.php:15
Stack trace:
#0 /wordpress/wp-admin/includes/plugin.php(2387): include_once()
#1 /wordpress/wp-admin/includes/plugin.php(673): plugin_sandbox_scrape('tweetlighter/Tw...')
#2 /internal/eval.php(20): activate_plugin('tweetlighter/Tw...')
#3 {main}
  thrown in /wordpress/wp-content/plugins/tweetlighter/TweetLighter.php on line 15
[01-May-2025 04:14:02 UTC] PHP Fatal error:  Uncaught Error: Call to undefined function mysql_query() in /wordpress/wp-content/plugins/tweetlighter/TweetLighter.php:15
Stack trace:
#0 /wordpress/wp-admin/includes/plugin.php(2387): include_once()
#1 /wordpress/wp-admin/includes/plugin.php(673): plugin_sandbox_scrape('tweetlighter/Tw...')
#2 /internal/eval.php(20): activate_plugin('tweetlighter/Tw...')
#3 {main}
  thrown in /wordpress/wp-content/plugins/tweetlighter/TweetLighter.php on line 15
[01-May-2025 04:15:30 UTC] PHP Notice:  Trying to access array offset on value of type bool in /wordpress/wp-content/plugins/tematres-wp-integration/functions.php on line 390
[01-May-2025 04:15:30 UTC] PHP Warning:  Invalid argument supplied for foreach() in /wordpress/wp-content/plugins/tematres-wp-integration/functions.php on line 393
[01-May-2025 04:15:30 UTC] PHP Notice:  Undefined index: page in /wordpress/wp-content/plugins/tematres-wp-integration/functions.php on line 553
[01-May-2025 04:15:39 UTC] PHP Notice:  Trying to access array offset on value of type bool in /wordpress/wp-content/plugins/tematres-wp-integration/functions.php on line 390
[01-May-2025 04:15:39 UTC] PHP Warning:  Invalid argument supplied for foreach() in /wordpress/wp-content/plugins/tematres-wp-integration/functions.php on line 393
[01-May-2025 04:15:39 UTC] PHP Notice:  Undefined index: page in /wordpress/wp-content/plugins/tematres-wp-integration/functions.php on line 553
[01-May-2025 04:15:48 UTC] PHP Notice:  Trying to access array offset on value of type bool in /wordpress/wp-content/plugins/tematres-wp-integration/functions.php on line 390
[01-May-2025 04:15:48 UTC] PHP Warning:  Invalid argument supplied for foreach() in /wordpress/wp-content/plugins/tematres-wp-integration/functions.php on line 393
[01-May-2025 04:15:48 UTC] PHP Notice:  Undefined index: page in /wordpress/wp-content/plugins/tematres-wp-integration/functions.php on line 553

    at Object.onBind (file:///home/runner/work/playground-tester/playground-tester/node_modules/@wp-playground/cli/index.js:237:15)
    at process.processTicksAndRejections (node:internal/process/task_queues:105:5)
    at async V (file:///home/runner/work/playground-tester/playground-tester/node_modules/@wp-playground/cli/index.js:64:10)
    at async ja (file:///home/runner/work/playground-tester/playground-tester/node_modules/@wp-playground/cli/cli.js:8161:12) {
  [cause]: Error: Error when executing the blueprint step #5 ({"step":"installPlugin","pluginData":{"resource":"wordpress.org/plugins","slug":"theme-as-a-plugin"},"options":{"activate":true}}) : Could not download "https://downloads.wordpress.org/plugin/theme-as-a-plugin.latest-stable.zip".
  				Check if the URL is correct and the server is reachable.
  				If it is reachable, the server might be blocking the request.
  				Check the browser console and network tabs for more information.
  
  				## Does the console show the error "No 'Access-Control-Allow-Origin' header"?
  
  				This means the server that hosts your file does not allow requests from other sites
  				(cross-origin requests, or CORS).	You need to move the asset to a server that allows
  				cross-origin file downloads. Learn more about CORS at
  				https://developer.mozilla.org/en-US/docs/Web/HTTP/CORS.
  
  				If your file is on GitHub, load it from "raw.githubusercontent.com".
  				Here's how to do that:
  
  				1. Start with the original GitHub URL of the file. For example:
  				https://github.com/username/repository/blob/branch/filename.
  				2. Replace "github.com" with "raw.githubusercontent.com".
  				3. Remove the "/blob/" part of the URL.
  
  				The resulting URL should look like this:
  				https://raw.githubusercontent.com/username/repository/branch/filename
  
  				Error:
  				Error: Could not download "https://downloads.wordpress.org/plugin/theme-as-a-plugin.latest-stable.zip"
      at Object.run (file:///home/runner/work/playground-tester/playground-tester/node_modules/@wp-playground/blueprints/index.js:12449:19)
      at process.processTicksAndRejections (node:internal/process/task_queues:105:5)
      at async ms (file:///home/runner/work/playground-tester/playground-tester/node_modules/@wp-playground/blueprints/index.js:12552:3)
      at async Object.onBind (file:///home/runner/work/playground-tester/playground-tester/node_modules/@wp-playground/cli/index.js:227:48)
      at async V (file:///home/runner/work/playground-tester/playground-tester/node_modules/@wp-playground/cli/index.js:64:10)
      at async ja (file:///home/runner/work/playground-tester/playground-tester/node_modules/@wp-playground/cli/cli.js:8161:12) {
    [cause]: Error: Could not download "https://downloads.wordpress.org/plugin/theme-as-a-plugin.latest-stable.zip".
    				Check if the URL is correct and the server is reachable.
    				If it is reachable, the server might be blocking the request.
    				Check the browser console and network tabs for more information.
    
    				## Does the console show the error "No 'Access-Control-Allow-Origin' header"?
    
    				This means the server that hosts your file does not allow requests from other sites
    				(cross-origin requests, or CORS).	You need to move the asset to a server that allows
    				cross-origin file downloads. Learn more about CORS at
    				https://developer.mozilla.org/en-US/docs/Web/HTTP/CORS.
    
    				If your file is on GitHub, load it from "raw.githubusercontent.com".
    				Here's how to do that:
    
    				1. Start with the original GitHub URL of the file. For example:
    				https://github.com/username/repository/blob/branch/filename.
    				2. Replace "github.com" with "raw.githubusercontent.com".
    				3. Remove the "/blob/" part of the URL.
    
    				The resulting URL should look like this:
    				https://raw.githubusercontent.com/username/repository/branch/filename
    
    				Error:
    				Error: Could not download "https://downloads.wordpress.org/plugin/theme-as-a-plugin.latest-stable.zip"
        at Ct.resolve (file:///home/runner/work/playground-tester/playground-tester/node_modules/@wp-playground/blueprints/index.js:1472:13)
        at process.processTicksAndRejections (node:internal/process/task_queues:105:5)
        at async _.run (file:///home/runner/work/playground-tester/playground-tester/node_modules/@php-wasm/util/index.js:45:14)
  }
}

Node.js v23.11.0
