file:///home/runner/work/playground-tester/playground-tester/node_modules/@wp-playground/cli/index.js:237
        throw new Error(y, { cause: u });
              ^

Error: [12-Apr-2025 11:45:19 UTC] PHP Warning:  Undefined array key "REMOTE_ADDR" in /wordpress/wp-content/plugins/buooy-aviary-editor/v0.6.9/init.php on line 24
[12-Apr-2025 11:45:29 UTC] PHP Warning:  Undefined array key "REMOTE_ADDR" in /wordpress/wp-content/plugins/buooy-aviary-editor/v0.6.9/init.php on line 24
[12-Apr-2025 11:45:38 UTC] PHP Warning:  Undefined array key "REMOTE_ADDR" in /wordpress/wp-content/plugins/buooy-aviary-editor/v0.6.9/init.php on line 24
[12-Apr-2025 11:49:08 UTC] PHP Fatal error:  Uncaught Error: Call to undefined function wp_create_category() in /wordpress/wp-content/plugins/bigideas/ideas.php:52
Stack trace:
#0 /wordpress/wp-includes/class-wp-hook.php(324): ideas_activate_ideas(false)
#1 /wordpress/wp-includes/class-wp-hook.php(348): WP_Hook->apply_filters('', Array)
#2 /wordpress/wp-includes/plugin.php(517): WP_Hook->do_action(Array)
#3 /wordpress/wp-admin/includes/plugin.php(703): do_action('activate_bigide...', false)
#4 /internal/eval.php(20): activate_plugin('bigideas/ideas....')
#5 {main}
  thrown in /wordpress/wp-content/plugins/bigideas/ideas.php on line 52
[12-Apr-2025 11:49:15 UTC] PHP Fatal error:  Uncaught Error: Call to undefined function wp_create_category() in /wordpress/wp-content/plugins/bigideas/ideas.php:52
Stack trace:
#0 /wordpress/wp-includes/class-wp-hook.php(324): ideas_activate_ideas(false)
#1 /wordpress/wp-includes/class-wp-hook.php(348): WP_Hook->apply_filters('', Array)
#2 /wordpress/wp-includes/plugin.php(517): WP_Hook->do_action(Array)
#3 /wordpress/wp-admin/includes/plugin.php(703): do_action('activate_bigide...', false)
#4 /internal/eval.php(20): activate_plugin('bigideas/ideas....')
#5 {main}
  thrown in /wordpress/wp-content/plugins/bigideas/ideas.php on line 52
[12-Apr-2025 11:49:22 UTC] PHP Fatal error:  Uncaught Error: Call to undefined function wp_create_category() in /wordpress/wp-content/plugins/bigideas/ideas.php:52
Stack trace:
#0 /wordpress/wp-includes/class-wp-hook.php(324): ideas_activate_ideas(false)
#1 /wordpress/wp-includes/class-wp-hook.php(348): WP_Hook->apply_filters('', Array)
#2 /wordpress/wp-includes/plugin.php(517): WP_Hook->do_action(Array)
#3 /wordpress/wp-admin/includes/plugin.php(703): do_action('activate_bigide...', false)
#4 /internal/eval.php(20): activate_plugin('bigideas/ideas....')
#5 {main}
  thrown in /wordpress/wp-content/plugins/bigideas/ideas.php on line 52
[12-Apr-2025 11:49:31 UTC] PHP Fatal error:  Array and string offset access syntax with curly braces is no longer supported in /wordpress/wp-content/plugins/blaze-slide-show-for-wordpress/blaze.php on line 761
[12-Apr-2025 11:49:39 UTC] PHP Fatal error:  Array and string offset access syntax with curly braces is no longer supported in /wordpress/wp-content/plugins/blaze-slide-show-for-wordpress/blaze.php on line 761
[12-Apr-2025 11:49:47 UTC] PHP Fatal error:  Array and string offset access syntax with curly braces is no longer supported in /wordpress/wp-content/plugins/blaze-slide-show-for-wordpress/blaze.php on line 761
[12-Apr-2025 11:52:19 UTC] PHP Fatal error:  Uncaught Symfony\Component\Cache\Exception\InvalidArgumentException: Namespace contains ":" but only characters in [-+_.A-Za-z0-9] are allowed. in /wordpress/wp-content/plugins/biblica-online-bible/vendor/symfony/cache/Traits/FilesystemCommonTrait.php:35
Stack trace:
#0 /wordpress/wp-content/plugins/biblica-online-bible/vendor/symfony/cache/Adapter/FilesystemAdapter.php(27): Symfony\Component\Cache\Adapter\FilesystemAdapter->init('127.0.0.1:9407', '/wordpress/wp-c...')
#1 /wordpress/wp-content/plugins/biblica-online-bible/src/Biblica/Util/FileSystemCache.php(27): Symfony\Component\Cache\Adapter\FilesystemAdapter->__construct('127.0.0.1:9407', 0, '/wordpress/wp-c...')
#2 /wordpress/wp-content/plugins/biblica-online-bible/src/Biblica/WordPress/Plugin/OnlineBible/OnlineBiblePlugin.php(143): Biblica\Util\FileSystemCache->__construct('http://127.0.0....', '/wordpress/wp-c...', 604800)
#3 /wordpress/wp-content/plugins/biblica-online-bible/vendor/pimple/pimple/src/Pimple/Container.php(122): Biblica\WordPress\Plugin\OnlineBible\OnlineBiblePlugin->Biblica\WordPress\Plugin\OnlineBible\{closure}(Object(Pimple\Container))
#4 /wordpress/wp-content/plugins/biblica-online-bible/src/Biblica/WordPress/Plugin/OnlineBible/OnlineBiblePlugin.php(163): Pimple\Container->offsetGet('cache')
#5 /wordpress/wp-includes/class-wp-hook.php(324): Biblica\WordPress\Plugin\OnlineBible\OnlineBiblePlugin->onPluginsLoaded('')
#6 /wordpress/wp-includes/class-wp-hook.php(348): WP_Hook->apply_filters(NULL, Array)
#7 /wordpress/wp-includes/plugin.php(517): WP_Hook->do_action(Array)
#8 /wordpress/wp-settings.php(559): do_action('plugins_loaded')
#9 /wordpress/wp-config.php(102): require_once('/wordpress/wp-s...')
#10 /wordpress/wp-load.php(50): require_once('/wordpress/wp-c...')
#11 /internal/eval.php(3): require_once('/wordpress/wp-l...')
#12 {main}
  thrown in /wordpress/wp-content/plugins/biblica-online-bible/vendor/symfony/cache/Traits/FilesystemCommonTrait.php on line 35
[12-Apr-2025 11:52:29 UTC] PHP Fatal error:  Uncaught Symfony\Component\Cache\Exception\InvalidArgumentException: Namespace contains ":" but only characters in [-+_.A-Za-z0-9] are allowed. in /wordpress/wp-content/plugins/biblica-online-bible/vendor/symfony/cache/Traits/FilesystemCommonTrait.php:35
Stack trace:
#0 /wordpress/wp-content/plugins/biblica-online-bible/vendor/symfony/cache/Adapter/FilesystemAdapter.php(27): Symfony\Component\Cache\Adapter\FilesystemAdapter->init('127.0.0.1:9407', '/wordpress/wp-c...')
#1 /wordpress/wp-content/plugins/biblica-online-bible/src/Biblica/Util/FileSystemCache.php(27): Symfony\Component\Cache\Adapter\FilesystemAdapter->__construct('127.0.0.1:9407', 0, '/wordpress/wp-c...')
#2 /wordpress/wp-content/plugins/biblica-online-bible/src/Biblica/WordPress/Plugin/OnlineBible/OnlineBiblePlugin.php(143): Biblica\Util\FileSystemCache->__construct('http://127.0.0....', '/wordpress/wp-c...', 604800)
#3 /wordpress/wp-content/plugins/biblica-online-bible/vendor/pimple/pimple/src/Pimple/Container.php(122): Biblica\WordPress\Plugin\OnlineBible\OnlineBiblePlugin->Biblica\WordPress\Plugin\OnlineBible\{closure}(Object(Pimple\Container))
#4 /wordpress/wp-content/plugins/biblica-online-bible/src/Biblica/WordPress/Plugin/OnlineBible/OnlineBiblePlugin.php(163): Pimple\Container->offsetGet('cache')
#5 /wordpress/wp-includes/class-wp-hook.php(324): Biblica\WordPress\Plugin\OnlineBible\OnlineBiblePlugin->onPluginsLoaded('')
#6 /wordpress/wp-includes/class-wp-hook.php(348): WP_Hook->apply_filters(NULL, Array)
#7 /wordpress/wp-includes/plugin.php(517): WP_Hook->do_action(Array)
#8 /wordpress/wp-settings.php(559): do_action('plugins_loaded')
#9 /wordpress/wp-config.php(102): require_once('/wordpress/wp-s...')
#10 /wordpress/wp-load.php(50): require_once('/wordpress/wp-c...')
#11 /internal/eval.php(3): require_once('/wordpress/wp-l...')
#12 {main}
  thrown in /wordpress/wp-content/plugins/biblica-online-bible/vendor/symfony/cache/Traits/FilesystemCommonTrait.php on line 35
[12-Apr-2025 11:52:40 UTC] PHP Fatal error:  Uncaught Symfony\Component\Cache\Exception\InvalidArgumentException: Namespace contains ":" but only characters in [-+_.A-Za-z0-9] are allowed. in /wordpress/wp-content/plugins/biblica-online-bible/vendor/symfony/cache/Traits/FilesystemCommonTrait.php:35
Stack trace:
#0 /wordpress/wp-content/plugins/biblica-online-bible/vendor/symfony/cache/Adapter/FilesystemAdapter.php(27): Symfony\Component\Cache\Adapter\FilesystemAdapter->init('127.0.0.1:9407', '/wordpress/wp-c...')
#1 /wordpress/wp-content/plugins/biblica-online-bible/src/Biblica/Util/FileSystemCache.php(27): Symfony\Component\Cache\Adapter\FilesystemAdapter->__construct('127.0.0.1:9407', 0, '/wordpress/wp-c...')
#2 /wordpress/wp-content/plugins/biblica-online-bible/src/Biblica/WordPress/Plugin/OnlineBible/OnlineBiblePlugin.php(143): Biblica\Util\FileSystemCache->__construct('http://127.0.0....', '/wordpress/wp-c...', 604800)
#3 /wordpress/wp-content/plugins/biblica-online-bible/vendor/pimple/pimple/src/Pimple/Container.php(122): Biblica\WordPress\Plugin\OnlineBible\OnlineBiblePlugin->Biblica\WordPress\Plugin\OnlineBible\{closure}(Object(Pimple\Container))
#4 /wordpress/wp-content/plugins/biblica-online-bible/src/Biblica/WordPress/Plugin/OnlineBible/OnlineBiblePlugin.php(163): Pimple\Container->offsetGet('cache')
#5 /wordpress/wp-includes/class-wp-hook.php(324): Biblica\WordPress\Plugin\OnlineBible\OnlineBiblePlugin->onPluginsLoaded('')
#6 /wordpress/wp-includes/class-wp-hook.php(348): WP_Hook->apply_filters(NULL, Array)
#7 /wordpress/wp-includes/plugin.php(517): WP_Hook->do_action(Array)
#8 /wordpress/wp-settings.php(559): do_action('plugins_loaded')
#9 /wordpress/wp-config.php(102): require_once('/wordpress/wp-s...')
#10 /wordpress/wp-load.php(50): require_once('/wordpress/wp-c...')
#11 /internal/eval.php(3): require_once('/wordpress/wp-l...')
#12 {main}
  thrown in /wordpress/wp-content/plugins/biblica-online-bible/vendor/symfony/cache/Traits/FilesystemCommonTrait.php on line 35
[12-Apr-2025 11:53:17 UTC] PHP Fatal error:  Uncaught Error: Undefined constant "IE6block_option_fields" in /wordpress/wp-content/plugins/block-ie6/blockie6.php:320
Stack trace:
#0 /wordpress/wp-admin/includes/plugin.php(2387): include_once()
#1 /wordpress/wp-admin/includes/plugin.php(673): plugin_sandbox_scrape('block-ie6/block...')
#2 /internal/eval.php(20): activate_plugin('block-ie6/block...')
#3 {main}
  thrown in /wordpress/wp-content/plugins/block-ie6/blockie6.php on line 320
[12-Apr-2025 11:53:24 UTC] PHP Fatal error:  Uncaught Error: Undefined constant "IE6block_option_fields" in /wordpress/wp-content/plugins/block-ie6/blockie6.php:320
Stack trace:
#0 /wordpress/wp-admin/includes/plugin.php(2387): include_once()
#1 /wordpress/wp-admin/includes/plugin.php(673): plugin_sandbox_scrape('block-ie6/block...')
#2 /internal/eval.php(20): activate_plugin('block-ie6/block...')
#3 {main}
  thrown in /wordpress/wp-content/plugins/block-ie6/blockie6.php on line 320
[12-Apr-2025 11:53:32 UTC] PHP Fatal error:  Uncaught Error: Undefined constant "IE6block_option_fields" in /wordpress/wp-content/plugins/block-ie6/blockie6.php:320
Stack trace:
#0 /wordpress/wp-admin/includes/plugin.php(2387): include_once()
#1 /wordpress/wp-admin/includes/plugin.php(673): plugin_sandbox_scrape('block-ie6/block...')
#2 /internal/eval.php(20): activate_plugin('block-ie6/block...')
#3 {main}
  thrown in /wordpress/wp-content/plugins/block-ie6/blockie6.php on line 320
[12-Apr-2025 11:53:41 UTC] PHP Warning:  Undefined array key "DOCUMENT_ROOT" in /wordpress/wp-content/plugins/bluedaumview/blueDaumView.php on line 32
[12-Apr-2025 11:53:41 UTC] PHP Warning:  Trying to access array offset on value of type bool in /wordpress/wp-content/plugins/bluedaumview/blueDaumView.php on line 44
[12-Apr-2025 11:53:41 UTC] PHP Warning:  Undefined array key "recombox_skin" in /wordpress/wp-content/plugins/bluedaumview/blueDaumView.php on line 45
[12-Apr-2025 11:53:42 UTC] PHP Warning:  Undefined array key "DOCUMENT_ROOT" in /wordpress/wp-content/plugins/bluedaumview/blueDaumView.php on line 32
[12-Apr-2025 11:53:49 UTC] PHP Warning:  Undefined array key "DOCUMENT_ROOT" in /wordpress/wp-content/plugins/bluedaumview/blueDaumView.php on line 32
[12-Apr-2025 11:53:49 UTC] PHP Warning:  Trying to access array offset on value of type bool in /wordpress/wp-content/plugins/bluedaumview/blueDaumView.php on line 44
[12-Apr-2025 11:53:49 UTC] PHP Warning:  Undefined array key "recombox_skin" in /wordpress/wp-content/plugins/bluedaumview/blueDaumView.php on line 45
[12-Apr-2025 11:53:50 UTC] PHP Warning:  Undefined array key "DOCUMENT_ROOT" in /wordpress/wp-content/plugins/bluedaumview/blueDaumView.php on line 32
[12-Apr-2025 11:53:58 UTC] PHP Warning:  Undefined array key "DOCUMENT_ROOT" in /wordpress/wp-content/plugins/bluedaumview/blueDaumView.php on line 32
[12-Apr-2025 11:53:58 UTC] PHP Warning:  Trying to access array offset on value of type bool in /wordpress/wp-content/plugins/bluedaumview/blueDaumView.php on line 44
[12-Apr-2025 11:53:58 UTC] PHP Warning:  Undefined array key "recombox_skin" in /wordpress/wp-content/plugins/bluedaumview/blueDaumView.php on line 45
[12-Apr-2025 11:53:59 UTC] PHP Warning:  Undefined array key "DOCUMENT_ROOT" in /wordpress/wp-content/plugins/bluedaumview/blueDaumView.php on line 32
[12-Apr-2025 11:55:27 UTC] PHP Fatal error:  Uncaught Error: Call to undefined function create_function() in /wordpress/wp-content/plugins/bsk-posts-google-map/bsk-posts-google-map.php:74
Stack trace:
#0 /wordpress/wp-content/plugins/bsk-posts-google-map/bsk-posts-google-map.php(223): BSKPostsGmap->__construct()
#1 /wordpress/wp-admin/includes/plugin.php(2387): include_once('/wordpress/wp-c...')
#2 /wordpress/wp-admin/includes/plugin.php(673): plugin_sandbox_scrape('bsk-posts-googl...')
#3 /internal/eval.php(20): activate_plugin('bsk-posts-googl...')
#4 {main}
  thrown in /wordpress/wp-content/plugins/bsk-posts-google-map/bsk-posts-google-map.php on line 74
[12-Apr-2025 11:55:35 UTC] PHP Fatal error:  Uncaught Error: Call to undefined function create_function() in /wordpress/wp-content/plugins/bsk-posts-google-map/bsk-posts-google-map.php:74
Stack trace:
#0 /wordpress/wp-content/plugins/bsk-posts-google-map/bsk-posts-google-map.php(223): BSKPostsGmap->__construct()
#1 /wordpress/wp-admin/includes/plugin.php(2387): include_once('/wordpress/wp-c...')
#2 /wordpress/wp-admin/includes/plugin.php(673): plugin_sandbox_scrape('bsk-posts-googl...')
#3 /internal/eval.php(20): activate_plugin('bsk-posts-googl...')
#4 {main}
  thrown in /wordpress/wp-content/plugins/bsk-posts-google-map/bsk-posts-google-map.php on line 74

    at Object.onBind (file:///home/runner/work/playground-tester/playground-tester/node_modules/@wp-playground/cli/index.js:237:15)
    at process.processTicksAndRejections (node:internal/process/task_queues:105:5)
    at async V (file:///home/runner/work/playground-tester/playground-tester/node_modules/@wp-playground/cli/index.js:64:10)
    at async ja (file:///home/runner/work/playground-tester/playground-tester/node_modules/@wp-playground/cli/cli.js:8161:12) {
  [cause]: Error: Error when executing the blueprint step #1 ({"step":"installPlugin","pluginData":{"resource":"wordpress.org/plugins","slug":"bsk-posts-google-map"},"options":{"activate":true}}) : PHP.run() failed with exit code 255 and the following output: 
      at Object.run (file:///home/runner/work/playground-tester/playground-tester/node_modules/@wp-playground/blueprints/index.js:12449:19)
      at process.processTicksAndRejections (node:internal/process/task_queues:105:5)
      at async ms (file:///home/runner/work/playground-tester/playground-tester/node_modules/@wp-playground/blueprints/index.js:12552:3)
      ... 2 lines matching cause stack trace ...
      at async ja (file:///home/runner/work/playground-tester/playground-tester/node_modules/@wp-playground/cli/cli.js:8161:12) {
    [cause]: PHPExecutionFailureError: PHP.run() failed with exit code 255 and the following output: 
        at PHP.run (file:///home/runner/work/playground-tester/playground-tester/node_modules/@php-wasm/universal/index.js:987:19)
        at process.processTicksAndRejections (node:internal/process/task_queues:105:5)
        at async wr (file:///home/runner/work/playground-tester/playground-tester/node_modules/@wp-playground/blueprints/index.js:33:39)
        at async Object.gt [as installPlugin] (file:///home/runner/work/playground-tester/playground-tester/node_modules/@wp-playground/blueprints/index.js:974:42)
        at async g (file:///home/runner/work/playground-tester/playground-tester/node_modules/@wp-playground/blueprints/index.js:12517:30)
        at async Object.run (file:///home/runner/work/playground-tester/playground-tester/node_modules/@wp-playground/blueprints/index.js:12446:23)
        at async ms (file:///home/runner/work/playground-tester/playground-tester/node_modules/@wp-playground/blueprints/index.js:12552:3)
        at async Object.onBind (file:///home/runner/work/playground-tester/playground-tester/node_modules/@wp-playground/cli/index.js:227:48)
        at async V (file:///home/runner/work/playground-tester/playground-tester/node_modules/@wp-playground/cli/index.js:64:10)
        at async ja (file:///home/runner/work/playground-tester/playground-tester/node_modules/@wp-playground/cli/cli.js:8161:12) {
      response: PHPResponse {
        httpStatusCode: 500,
        headers: {
          'x-powered-by': [ 'PHP/8.0.30-dev' ],
          'content-type': [ 'text/html; charset=UTF-8' ]
        },
        bytes: Uint8Array(0) [],
        exitCode: 255,
        errors: ''
      },
      source: 'request'
    }
  }
}

Node.js v23.11.0
