[
{"message":"file:///home/runner/work/playground-tester/playground-tester/node_modules/@wp-playground/cli/index.js:237\n        throw new Error(y, { cause: u });\n              ^\n","level":"FATAL","type":"PLAYGROUND","test":"jspi-boot","plugin":"social-medias-connect","details":"file:///home/runner/work/playground-tester/playground-tester/node_modules/@wp-playground/cli/index.js:237\n        throw new Error(y, { cause: u });\n              ^\n","log":"/tmp/tmp.qK1kx30X9M"}
,
{"message":"Function register_sidebar_widget is <strong>deprecated</strong> since version 2.8.0! Use wp_register_sidebar_widget() instead. in /wordpress/wp-includes/functions.php on line 6121","level":"DEPRECATED","type":"PHP","test":"jspi-boot","plugin":"social-medias-connect","details":"[10-May-2025 13:34:00 UTC] PHP Deprecated:  Function register_sidebar_widget is <strong>deprecated</strong> since version 2.8.0! Use wp_register_sidebar_widget() instead. in /wordpress/wp-includes/functions.php on line 6121","log":"/logs/plugins/s/social-medias-connect/error.json"}
,
{"message":"Uncaught ArgumentCountError: Too few arguments to function WP_Widget::__construct(), 0 passed in /wordpress/wp-includes/class-wp-widget-factory.php on line 62 and at least 2 expected in /wordpress/wp-includes/class-wp-widget.php:163","level":"FATAL","type":"PHP","test":"jspi-boot","plugin":"social-medias-connect","details":"[10-May-2025 13:34:00 UTC] PHP Fatal error:  Uncaught ArgumentCountError: Too few arguments to function WP_Widget::__construct(), 0 passed in /wordpress/wp-includes/class-wp-widget-factory.php on line 62 and at least 2 expected in /wordpress/wp-includes/class-wp-widget.php:163\nStack trace:\n#0 /wordpress/wp-includes/class-wp-widget-factory.php(62): WP_Widget->__construct()\n#1 /wordpress/wp-includes/widgets.php(123): WP_Widget_Factory->register('SideblogWidget')\n#2 /wordpress/wp-content/plugins/sideblog/sideblog.php(503): register_widget('SideblogWidget')\n#3 /wordpress/wp-includes/class-wp-hook.php(324): sideblog_init_widgets('')\n#4 /wordpress/wp-includes/class-wp-hook.php(348): WP_Hook->apply_filters(NULL, Array)\n#5 /wordpress/wp-includes/plugin.php(517): WP_Hook->do_action(Array)\n#6 /wordpress/wp-includes/widgets.php(1870): do_action('widgets_init')\n#7 /wordpress/wp-includes/class-wp-hook.php(324): wp_widgets_init('')\n#8 /wordpress/wp-includes/class-wp-hook.php(348): WP_Hook->apply_filters(NULL, Array)\n#9 /wordpress/wp-includes/plugin.php(517): WP_Hook->do_action(Array)\n#10 /wordpress/wp-settings.php(727): do_action('init')\n#11 /wordpress/wp-config.php(102): require_once('/wordpress/wp-s...')\n#12 /wordpress/wp-load.php(50): require_once('/wordpress/wp-c...')\n#13 /internal/eval.php(3): require_once('/wordpress/wp-l...')\n#14 {main}\n  thrown in /wordpress/wp-includes/class-wp-widget.php on line 163","log":"/logs/plugins/s/social-medias-connect/error.json"}
,
{"message":"Function register_sidebar_widget is <strong>deprecated</strong> since version 2.8.0! Use wp_register_sidebar_widget() instead. in /wordpress/wp-includes/functions.php on line 6121","level":"DEPRECATED","type":"PHP","test":"jspi-boot","plugin":"social-medias-connect","details":"[10-May-2025 13:34:08 UTC] PHP Deprecated:  Function register_sidebar_widget is <strong>deprecated</strong> since version 2.8.0! Use wp_register_sidebar_widget() instead. in /wordpress/wp-includes/functions.php on line 6121","log":"/logs/plugins/s/social-medias-connect/error.json"}
,
{"message":"Uncaught ArgumentCountError: Too few arguments to function WP_Widget::__construct(), 0 passed in /wordpress/wp-includes/class-wp-widget-factory.php on line 62 and at least 2 expected in /wordpress/wp-includes/class-wp-widget.php:163","level":"FATAL","type":"PHP","test":"jspi-boot","plugin":"social-medias-connect","details":"[10-May-2025 13:34:08 UTC] PHP Fatal error:  Uncaught ArgumentCountError: Too few arguments to function WP_Widget::__construct(), 0 passed in /wordpress/wp-includes/class-wp-widget-factory.php on line 62 and at least 2 expected in /wordpress/wp-includes/class-wp-widget.php:163\nStack trace:\n#0 /wordpress/wp-includes/class-wp-widget-factory.php(62): WP_Widget->__construct()\n#1 /wordpress/wp-includes/widgets.php(123): WP_Widget_Factory->register('SideblogWidget')\n#2 /wordpress/wp-content/plugins/sideblog/sideblog.php(503): register_widget('SideblogWidget')\n#3 /wordpress/wp-includes/class-wp-hook.php(324): sideblog_init_widgets('')\n#4 /wordpress/wp-includes/class-wp-hook.php(348): WP_Hook->apply_filters(NULL, Array)\n#5 /wordpress/wp-includes/plugin.php(517): WP_Hook->do_action(Array)\n#6 /wordpress/wp-includes/widgets.php(1870): do_action('widgets_init')\n#7 /wordpress/wp-includes/class-wp-hook.php(324): wp_widgets_init('')\n#8 /wordpress/wp-includes/class-wp-hook.php(348): WP_Hook->apply_filters(NULL, Array)\n#9 /wordpress/wp-includes/plugin.php(517): WP_Hook->do_action(Array)\n#10 /wordpress/wp-settings.php(727): do_action('init')\n#11 /wordpress/wp-config.php(102): require_once('/wordpress/wp-s...')\n#12 /wordpress/wp-load.php(50): require_once('/wordpress/wp-c...')\n#13 /internal/eval.php(3): require_once('/wordpress/wp-l...')\n#14 {main}\n  thrown in /wordpress/wp-includes/class-wp-widget.php on line 163","log":"/logs/plugins/s/social-medias-connect/error.json"}
,
{"message":"Function register_sidebar_widget is <strong>deprecated</strong> since version 2.8.0! Use wp_register_sidebar_widget() instead. in /wordpress/wp-includes/functions.php on line 6121","level":"DEPRECATED","type":"PHP","test":"jspi-boot","plugin":"social-medias-connect","details":"[10-May-2025 13:34:17 UTC] PHP Deprecated:  Function register_sidebar_widget is <strong>deprecated</strong> since version 2.8.0! Use wp_register_sidebar_widget() instead. in /wordpress/wp-includes/functions.php on line 6121","log":"/logs/plugins/s/social-medias-connect/error.json"}
,
{"message":"Uncaught ArgumentCountError: Too few arguments to function WP_Widget::__construct(), 0 passed in /wordpress/wp-includes/class-wp-widget-factory.php on line 62 and at least 2 expected in /wordpress/wp-includes/class-wp-widget.php:163","level":"FATAL","type":"PHP","test":"jspi-boot","plugin":"social-medias-connect","details":"[10-May-2025 13:34:17 UTC] PHP Fatal error:  Uncaught ArgumentCountError: Too few arguments to function WP_Widget::__construct(), 0 passed in /wordpress/wp-includes/class-wp-widget-factory.php on line 62 and at least 2 expected in /wordpress/wp-includes/class-wp-widget.php:163\nStack trace:\n#0 /wordpress/wp-includes/class-wp-widget-factory.php(62): WP_Widget->__construct()\n#1 /wordpress/wp-includes/widgets.php(123): WP_Widget_Factory->register('SideblogWidget')\n#2 /wordpress/wp-content/plugins/sideblog/sideblog.php(503): register_widget('SideblogWidget')\n#3 /wordpress/wp-includes/class-wp-hook.php(324): sideblog_init_widgets('')\n#4 /wordpress/wp-includes/class-wp-hook.php(348): WP_Hook->apply_filters(NULL, Array)\n#5 /wordpress/wp-includes/plugin.php(517): WP_Hook->do_action(Array)\n#6 /wordpress/wp-includes/widgets.php(1870): do_action('widgets_init')\n#7 /wordpress/wp-includes/class-wp-hook.php(324): wp_widgets_init('')\n#8 /wordpress/wp-includes/class-wp-hook.php(348): WP_Hook->apply_filters(NULL, Array)\n#9 /wordpress/wp-includes/plugin.php(517): WP_Hook->do_action(Array)\n#10 /wordpress/wp-settings.php(727): do_action('init')\n#11 /wordpress/wp-config.php(102): require_once('/wordpress/wp-s...')\n#12 /wordpress/wp-load.php(50): require_once('/wordpress/wp-c...')\n#13 /internal/eval.php(3): require_once('/wordpress/wp-l...')\n#14 {main}\n  thrown in /wordpress/wp-includes/class-wp-widget.php on line 163","log":"/logs/plugins/s/social-medias-connect/error.json"}
,
{"message":"include_once(/wordpress/wp-content/plugins/bonds_extra/bonds_extra.php): Failed to open stream: No such file or directory in /wordpress/wp-content/plugins/simple-bitcoin-faucets/bonds/bonds.php on line 15","level":"WARNING","type":"PHP","test":"jspi-boot","plugin":"social-medias-connect","details":"[10-May-2025 13:34:48 UTC] PHP Warning:  include_once(/wordpress/wp-content/plugins/bonds_extra/bonds_extra.php): Failed to open stream: No such file or directory in /wordpress/wp-content/plugins/simple-bitcoin-faucets/bonds/bonds.php on line 15","log":"/logs/plugins/s/social-medias-connect/error.json"}
,
{"message":"include_once(): Failed opening '/wordpress/wp-content/plugins/bonds_extra/bonds_extra.php' for inclusion (include_path='.:') in /wordpress/wp-content/plugins/simple-bitcoin-faucets/bonds/bonds.php on line 15","level":"WARNING","type":"PHP","test":"jspi-boot","plugin":"social-medias-connect","details":"[10-May-2025 13:34:48 UTC] PHP Warning:  include_once(): Failed opening '/wordpress/wp-content/plugins/bonds_extra/bonds_extra.php' for inclusion (include_path='.:') in /wordpress/wp-content/plugins/simple-bitcoin-faucets/bonds/bonds.php on line 15","log":"/logs/plugins/s/social-medias-connect/error.json"}
,
{"message":"include_once(/wordpress/wp-content/plugins/bonds_extra/bonds_extra.php): Failed to open stream: No such file or directory in /wordpress/wp-content/plugins/simple-bitcoin-faucets/bonds/bonds.php on line 15","level":"WARNING","type":"PHP","test":"jspi-boot","plugin":"social-medias-connect","details":"[10-May-2025 13:34:49 UTC] PHP Warning:  include_once(/wordpress/wp-content/plugins/bonds_extra/bonds_extra.php): Failed to open stream: No such file or directory in /wordpress/wp-content/plugins/simple-bitcoin-faucets/bonds/bonds.php on line 15","log":"/logs/plugins/s/social-medias-connect/error.json"}
,
{"message":"include_once(): Failed opening '/wordpress/wp-content/plugins/bonds_extra/bonds_extra.php' for inclusion (include_path='.:') in /wordpress/wp-content/plugins/simple-bitcoin-faucets/bonds/bonds.php on line 15","level":"WARNING","type":"PHP","test":"jspi-boot","plugin":"social-medias-connect","details":"[10-May-2025 13:34:49 UTC] PHP Warning:  include_once(): Failed opening '/wordpress/wp-content/plugins/bonds_extra/bonds_extra.php' for inclusion (include_path='.:') in /wordpress/wp-content/plugins/simple-bitcoin-faucets/bonds/bonds.php on line 15","log":"/logs/plugins/s/social-medias-connect/error.json"}
,
{"message":"include_once(/wordpress/wp-content/plugins/bonds_extra/bonds_extra.php): Failed to open stream: No such file or directory in /wordpress/wp-content/plugins/simple-bitcoin-faucets/bonds/bonds.php on line 15","level":"WARNING","type":"PHP","test":"jspi-boot","plugin":"social-medias-connect","details":"[10-May-2025 13:34:58 UTC] PHP Warning:  include_once(/wordpress/wp-content/plugins/bonds_extra/bonds_extra.php): Failed to open stream: No such file or directory in /wordpress/wp-content/plugins/simple-bitcoin-faucets/bonds/bonds.php on line 15","log":"/logs/plugins/s/social-medias-connect/error.json"}
,
{"message":"include_once(): Failed opening '/wordpress/wp-content/plugins/bonds_extra/bonds_extra.php' for inclusion (include_path='.:') in /wordpress/wp-content/plugins/simple-bitcoin-faucets/bonds/bonds.php on line 15","level":"WARNING","type":"PHP","test":"jspi-boot","plugin":"social-medias-connect","details":"[10-May-2025 13:34:58 UTC] PHP Warning:  include_once(): Failed opening '/wordpress/wp-content/plugins/bonds_extra/bonds_extra.php' for inclusion (include_path='.:') in /wordpress/wp-content/plugins/simple-bitcoin-faucets/bonds/bonds.php on line 15","log":"/logs/plugins/s/social-medias-connect/error.json"}
,
{"message":"include_once(/wordpress/wp-content/plugins/bonds_extra/bonds_extra.php): Failed to open stream: No such file or directory in /wordpress/wp-content/plugins/simple-bitcoin-faucets/bonds/bonds.php on line 15","level":"WARNING","type":"PHP","test":"jspi-boot","plugin":"social-medias-connect","details":"[10-May-2025 13:34:59 UTC] PHP Warning:  include_once(/wordpress/wp-content/plugins/bonds_extra/bonds_extra.php): Failed to open stream: No such file or directory in /wordpress/wp-content/plugins/simple-bitcoin-faucets/bonds/bonds.php on line 15","log":"/logs/plugins/s/social-medias-connect/error.json"}
,
{"message":"include_once(): Failed opening '/wordpress/wp-content/plugins/bonds_extra/bonds_extra.php' for inclusion (include_path='.:') in /wordpress/wp-content/plugins/simple-bitcoin-faucets/bonds/bonds.php on line 15","level":"WARNING","type":"PHP","test":"jspi-boot","plugin":"social-medias-connect","details":"[10-May-2025 13:34:59 UTC] PHP Warning:  include_once(): Failed opening '/wordpress/wp-content/plugins/bonds_extra/bonds_extra.php' for inclusion (include_path='.:') in /wordpress/wp-content/plugins/simple-bitcoin-faucets/bonds/bonds.php on line 15","log":"/logs/plugins/s/social-medias-connect/error.json"}
,
{"message":"include_once(/wordpress/wp-content/plugins/bonds_extra/bonds_extra.php): Failed to open stream: No such file or directory in /wordpress/wp-content/plugins/simple-bitcoin-faucets/bonds/bonds.php on line 15","level":"WARNING","type":"PHP","test":"jspi-boot","plugin":"social-medias-connect","details":"[10-May-2025 13:35:09 UTC] PHP Warning:  include_once(/wordpress/wp-content/plugins/bonds_extra/bonds_extra.php): Failed to open stream: No such file or directory in /wordpress/wp-content/plugins/simple-bitcoin-faucets/bonds/bonds.php on line 15","log":"/logs/plugins/s/social-medias-connect/error.json"}
,
{"message":"include_once(): Failed opening '/wordpress/wp-content/plugins/bonds_extra/bonds_extra.php' for inclusion (include_path='.:') in /wordpress/wp-content/plugins/simple-bitcoin-faucets/bonds/bonds.php on line 15","level":"WARNING","type":"PHP","test":"jspi-boot","plugin":"social-medias-connect","details":"[10-May-2025 13:35:09 UTC] PHP Warning:  include_once(): Failed opening '/wordpress/wp-content/plugins/bonds_extra/bonds_extra.php' for inclusion (include_path='.:') in /wordpress/wp-content/plugins/simple-bitcoin-faucets/bonds/bonds.php on line 15","log":"/logs/plugins/s/social-medias-connect/error.json"}
,
{"message":"include_once(/wordpress/wp-content/plugins/bonds_extra/bonds_extra.php): Failed to open stream: No such file or directory in /wordpress/wp-content/plugins/simple-bitcoin-faucets/bonds/bonds.php on line 15","level":"WARNING","type":"PHP","test":"jspi-boot","plugin":"social-medias-connect","details":"[10-May-2025 13:35:09 UTC] PHP Warning:  include_once(/wordpress/wp-content/plugins/bonds_extra/bonds_extra.php): Failed to open stream: No such file or directory in /wordpress/wp-content/plugins/simple-bitcoin-faucets/bonds/bonds.php on line 15","log":"/logs/plugins/s/social-medias-connect/error.json"}
,
{"message":"include_once(): Failed opening '/wordpress/wp-content/plugins/bonds_extra/bonds_extra.php' for inclusion (include_path='.:') in /wordpress/wp-content/plugins/simple-bitcoin-faucets/bonds/bonds.php on line 15","level":"WARNING","type":"PHP","test":"jspi-boot","plugin":"social-medias-connect","details":"[10-May-2025 13:35:09 UTC] PHP Warning:  include_once(): Failed opening '/wordpress/wp-content/plugins/bonds_extra/bonds_extra.php' for inclusion (include_path='.:') in /wordpress/wp-content/plugins/simple-bitcoin-faucets/bonds/bonds.php on line 15","log":"/logs/plugins/s/social-medias-connect/error.json"}
,
{"message":"Uncaught Error: Undefined constant \"version__MLSS\" in /wordpress/wp-content/plugins/simple-database-exportimport-for-migration-or-backup/index.php:39","level":"FATAL","type":"PHP","test":"jspi-boot","plugin":"social-medias-connect","details":"[10-May-2025 13:35:18 UTC] PHP Fatal error:  Uncaught Error: Undefined constant \"version__MLSS\" in /wordpress/wp-content/plugins/simple-database-exportimport-for-migration-or-backup/index.php:39\nStack trace:\n#0 /wordpress/wp-includes/class-wp-hook.php(324): refresh_options__SDIEM(false)\n#1 /wordpress/wp-includes/class-wp-hook.php(348): WP_Hook->apply_filters('', Array)\n#2 /wordpress/wp-includes/plugin.php(517): WP_Hook->do_action(Array)\n#3 /wordpress/wp-admin/includes/plugin.php(703): do_action('activate_simple...', false)\n#4 /internal/eval.php(20): activate_plugin('simple-database...')\n#5 {main}\n  thrown in /wordpress/wp-content/plugins/simple-database-exportimport-for-migration-or-backup/index.php on line 39","log":"/logs/plugins/s/social-medias-connect/error.json"}
,
{"message":"Uncaught Error: Undefined constant \"version__MLSS\" in /wordpress/wp-content/plugins/simple-database-exportimport-for-migration-or-backup/index.php:39","level":"FATAL","type":"PHP","test":"jspi-boot","plugin":"social-medias-connect","details":"[10-May-2025 13:35:25 UTC] PHP Fatal error:  Uncaught Error: Undefined constant \"version__MLSS\" in /wordpress/wp-content/plugins/simple-database-exportimport-for-migration-or-backup/index.php:39\nStack trace:\n#0 /wordpress/wp-includes/class-wp-hook.php(324): refresh_options__SDIEM(false)\n#1 /wordpress/wp-includes/class-wp-hook.php(348): WP_Hook->apply_filters('', Array)\n#2 /wordpress/wp-includes/plugin.php(517): WP_Hook->do_action(Array)\n#3 /wordpress/wp-admin/includes/plugin.php(703): do_action('activate_simple...', false)\n#4 /internal/eval.php(20): activate_plugin('simple-database...')\n#5 {main}\n  thrown in /wordpress/wp-content/plugins/simple-database-exportimport-for-migration-or-backup/index.php on line 39","log":"/logs/plugins/s/social-medias-connect/error.json"}
,
{"message":"Uncaught Error: Undefined constant \"version__MLSS\" in /wordpress/wp-content/plugins/simple-database-exportimport-for-migration-or-backup/index.php:39","level":"FATAL","type":"PHP","test":"jspi-boot","plugin":"social-medias-connect","details":"[10-May-2025 13:35:33 UTC] PHP Fatal error:  Uncaught Error: Undefined constant \"version__MLSS\" in /wordpress/wp-content/plugins/simple-database-exportimport-for-migration-or-backup/index.php:39\nStack trace:\n#0 /wordpress/wp-includes/class-wp-hook.php(324): refresh_options__SDIEM(false)\n#1 /wordpress/wp-includes/class-wp-hook.php(348): WP_Hook->apply_filters('', Array)\n#2 /wordpress/wp-includes/plugin.php(517): WP_Hook->do_action(Array)\n#3 /wordpress/wp-admin/includes/plugin.php(703): do_action('activate_simple...', false)\n#4 /internal/eval.php(20): activate_plugin('simple-database...')\n#5 {main}\n  thrown in /wordpress/wp-content/plugins/simple-database-exportimport-for-migration-or-backup/index.php on line 39","log":"/logs/plugins/s/social-medias-connect/error.json"}
,
{"message":"Undefined array key \"action\" in /wordpress/wp-content/plugins/simple-facebook-comments-for-wordpress/SFCController.php on line 18","level":"WARNING","type":"PHP","test":"jspi-boot","plugin":"social-medias-connect","details":"[10-May-2025 13:35:41 UTC] PHP Warning:  Undefined array key \"action\" in /wordpress/wp-content/plugins/simple-facebook-comments-for-wordpress/SFCController.php on line 18","log":"/logs/plugins/s/social-medias-connect/error.json"}
,
{"message":"Uncaught PDOException: SQLSTATE[HY000] [2002] Address family not supported by protocol in /wordpress/wp-content/plugins/simple-facebook-comments-for-wordpress/Model/PdoSingleton.php:10","level":"FATAL","type":"PHP","test":"jspi-boot","plugin":"social-medias-connect","details":"[10-May-2025 13:35:41 UTC] PHP Fatal error:  Uncaught PDOException: SQLSTATE[HY000] [2002] Address family not supported by protocol in /wordpress/wp-content/plugins/simple-facebook-comments-for-wordpress/Model/PdoSingleton.php:10\nStack trace:\n#0 /wordpress/wp-content/plugins/simple-facebook-comments-for-wordpress/Model/PdoSingleton.php(10): PDO->__construct('mysql:dbname=da...', 'username_here', 'password_here')\n#1 /wordpress/wp-content/plugins/simple-facebook-comments-for-wordpress/Model/PdoSingleton.php(18): PdoSingleton->__construct('database_name_h...', 'localhost', 'username_here', 'password_here')\n#2 /wordpress/wp-content/plugins/simple-facebook-comments-for-wordpress/SFCController.php(25): PdoSingleton::initialize('database_name_h...', 'localhost', 'username_here', 'password_here')\n#3 /wordpress/wp-admin/includes/plugin.php(2387): include_once('/wordpress/wp-c...')\n#4 /wordpress/wp-admin/includes/plugin.php(673): plugin_sandbox_scrape('simple-facebook...')\n#5 /internal/eval.php(20): activate_plugin('simple-facebook...')\n#6 {main}\n  thrown in /wordpress/wp-content/plugins/simple-facebook-comments-for-wordpress/Model/PdoSingleton.php on line 10","log":"/logs/plugins/s/social-medias-connect/error.json"}
,
{"message":"Undefined array key \"action\" in /wordpress/wp-content/plugins/simple-facebook-comments-for-wordpress/SFCController.php on line 18","level":"WARNING","type":"PHP","test":"jspi-boot","plugin":"social-medias-connect","details":"[10-May-2025 13:35:49 UTC] PHP Warning:  Undefined array key \"action\" in /wordpress/wp-content/plugins/simple-facebook-comments-for-wordpress/SFCController.php on line 18","log":"/logs/plugins/s/social-medias-connect/error.json"}
,
{"message":"Uncaught PDOException: SQLSTATE[HY000] [2002] Address family not supported by protocol in /wordpress/wp-content/plugins/simple-facebook-comments-for-wordpress/Model/PdoSingleton.php:10","level":"FATAL","type":"PHP","test":"jspi-boot","plugin":"social-medias-connect","details":"[10-May-2025 13:35:49 UTC] PHP Fatal error:  Uncaught PDOException: SQLSTATE[HY000] [2002] Address family not supported by protocol in /wordpress/wp-content/plugins/simple-facebook-comments-for-wordpress/Model/PdoSingleton.php:10\nStack trace:\n#0 /wordpress/wp-content/plugins/simple-facebook-comments-for-wordpress/Model/PdoSingleton.php(10): PDO->__construct('mysql:dbname=da...', 'username_here', 'password_here')\n#1 /wordpress/wp-content/plugins/simple-facebook-comments-for-wordpress/Model/PdoSingleton.php(18): PdoSingleton->__construct('database_name_h...', 'localhost', 'username_here', 'password_here')\n#2 /wordpress/wp-content/plugins/simple-facebook-comments-for-wordpress/SFCController.php(25): PdoSingleton::initialize('database_name_h...', 'localhost', 'username_here', 'password_here')\n#3 /wordpress/wp-admin/includes/plugin.php(2387): include_once('/wordpress/wp-c...')\n#4 /wordpress/wp-admin/includes/plugin.php(673): plugin_sandbox_scrape('simple-facebook...')\n#5 /internal/eval.php(20): activate_plugin('simple-facebook...')\n#6 {main}\n  thrown in /wordpress/wp-content/plugins/simple-facebook-comments-for-wordpress/Model/PdoSingleton.php on line 10","log":"/logs/plugins/s/social-medias-connect/error.json"}
,
{"message":"Undefined array key \"action\" in /wordpress/wp-content/plugins/simple-facebook-comments-for-wordpress/SFCController.php on line 18","level":"WARNING","type":"PHP","test":"jspi-boot","plugin":"social-medias-connect","details":"[10-May-2025 13:35:57 UTC] PHP Warning:  Undefined array key \"action\" in /wordpress/wp-content/plugins/simple-facebook-comments-for-wordpress/SFCController.php on line 18","log":"/logs/plugins/s/social-medias-connect/error.json"}
,
{"message":"Uncaught PDOException: SQLSTATE[HY000] [2002] Address family not supported by protocol in /wordpress/wp-content/plugins/simple-facebook-comments-for-wordpress/Model/PdoSingleton.php:10","level":"FATAL","type":"PHP","test":"jspi-boot","plugin":"social-medias-connect","details":"[10-May-2025 13:35:57 UTC] PHP Fatal error:  Uncaught PDOException: SQLSTATE[HY000] [2002] Address family not supported by protocol in /wordpress/wp-content/plugins/simple-facebook-comments-for-wordpress/Model/PdoSingleton.php:10\nStack trace:\n#0 /wordpress/wp-content/plugins/simple-facebook-comments-for-wordpress/Model/PdoSingleton.php(10): PDO->__construct('mysql:dbname=da...', 'username_here', 'password_here')\n#1 /wordpress/wp-content/plugins/simple-facebook-comments-for-wordpress/Model/PdoSingleton.php(18): PdoSingleton->__construct('database_name_h...', 'localhost', 'username_here', 'password_here')\n#2 /wordpress/wp-content/plugins/simple-facebook-comments-for-wordpress/SFCController.php(25): PdoSingleton::initialize('database_name_h...', 'localhost', 'username_here', 'password_here')\n#3 /wordpress/wp-admin/includes/plugin.php(2387): include_once('/wordpress/wp-c...')\n#4 /wordpress/wp-admin/includes/plugin.php(673): plugin_sandbox_scrape('simple-facebook...')\n#5 /internal/eval.php(20): activate_plugin('simple-facebook...')\n#6 {main}\n  thrown in /wordpress/wp-content/plugins/simple-facebook-comments-for-wordpress/Model/PdoSingleton.php on line 10","log":"/logs/plugins/s/social-medias-connect/error.json"}
,
{"message":"Uncaught Error: Class \"WC_Payment_Gateway\" not found in /wordpress/wp-content/plugins/sinepay-payment-gateway-for-woocommerce/sinepay-gateway.php:30","level":"FATAL","type":"PHP","test":"jspi-boot","plugin":"social-medias-connect","details":"[10-May-2025 13:36:34 UTC] PHP Fatal error:  Uncaught Error: Class \"WC_Payment_Gateway\" not found in /wordpress/wp-content/plugins/sinepay-payment-gateway-for-woocommerce/sinepay-gateway.php:30\nStack trace:\n#0 /wordpress/wp-includes/class-wp-hook.php(324): sinepay_init_gateway_class('')\n#1 /wordpress/wp-includes/class-wp-hook.php(348): WP_Hook->apply_filters(NULL, Array)\n#2 /wordpress/wp-includes/plugin.php(517): WP_Hook->do_action(Array)\n#3 /wordpress/wp-settings.php(578): do_action('plugins_loaded')\n#4 /wordpress/wp-config.php(102): require_once('/wordpress/wp-s...')\n#5 /wordpress/wp-load.php(50): require_once('/wordpress/wp-c...')\n#6 /internal/eval.php(3): require_once('/wordpress/wp-l...')\n#7 {main}\n  thrown in /wordpress/wp-content/plugins/sinepay-payment-gateway-for-woocommerce/sinepay-gateway.php on line 30","log":"/logs/plugins/s/social-medias-connect/error.json"}
,
{"message":"Uncaught Error: Class \"WC_Payment_Gateway\" not found in /wordpress/wp-content/plugins/sinepay-payment-gateway-for-woocommerce/sinepay-gateway.php:30","level":"FATAL","type":"PHP","test":"jspi-boot","plugin":"social-medias-connect","details":"[10-May-2025 13:36:44 UTC] PHP Fatal error:  Uncaught Error: Class \"WC_Payment_Gateway\" not found in /wordpress/wp-content/plugins/sinepay-payment-gateway-for-woocommerce/sinepay-gateway.php:30\nStack trace:\n#0 /wordpress/wp-includes/class-wp-hook.php(324): sinepay_init_gateway_class('')\n#1 /wordpress/wp-includes/class-wp-hook.php(348): WP_Hook->apply_filters(NULL, Array)\n#2 /wordpress/wp-includes/plugin.php(517): WP_Hook->do_action(Array)\n#3 /wordpress/wp-settings.php(578): do_action('plugins_loaded')\n#4 /wordpress/wp-config.php(102): require_once('/wordpress/wp-s...')\n#5 /wordpress/wp-load.php(50): require_once('/wordpress/wp-c...')\n#6 /internal/eval.php(3): require_once('/wordpress/wp-l...')\n#7 {main}\n  thrown in /wordpress/wp-content/plugins/sinepay-payment-gateway-for-woocommerce/sinepay-gateway.php on line 30","log":"/logs/plugins/s/social-medias-connect/error.json"}
,
{"message":"Uncaught Error: Class \"WC_Payment_Gateway\" not found in /wordpress/wp-content/plugins/sinepay-payment-gateway-for-woocommerce/sinepay-gateway.php:30","level":"FATAL","type":"PHP","test":"jspi-boot","plugin":"social-medias-connect","details":"[10-May-2025 13:36:52 UTC] PHP Fatal error:  Uncaught Error: Class \"WC_Payment_Gateway\" not found in /wordpress/wp-content/plugins/sinepay-payment-gateway-for-woocommerce/sinepay-gateway.php:30\nStack trace:\n#0 /wordpress/wp-includes/class-wp-hook.php(324): sinepay_init_gateway_class('')\n#1 /wordpress/wp-includes/class-wp-hook.php(348): WP_Hook->apply_filters(NULL, Array)\n#2 /wordpress/wp-includes/plugin.php(517): WP_Hook->do_action(Array)\n#3 /wordpress/wp-settings.php(578): do_action('plugins_loaded')\n#4 /wordpress/wp-config.php(102): require_once('/wordpress/wp-s...')\n#5 /wordpress/wp-load.php(50): require_once('/wordpress/wp-c...')\n#6 /internal/eval.php(3): require_once('/wordpress/wp-l...')\n#7 {main}\n  thrown in /wordpress/wp-content/plugins/sinepay-payment-gateway-for-woocommerce/sinepay-gateway.php on line 30","log":"/logs/plugins/s/social-medias-connect/error.json"}
,
{"message":"\"continue\" targeting switch is equivalent to \"break\". Did you mean to use \"continue 2\"? in /wordpress/wp-content/plugins/social-medias-connect/SMConnect.php on line 1174","level":"WARNING","type":"PHP","test":"jspi-boot","plugin":"social-medias-connect","details":"[10-May-2025 13:42:41 UTC] PHP Warning:  \"continue\" targeting switch is equivalent to \"break\". Did you mean to use \"continue 2\"? in /wordpress/wp-content/plugins/social-medias-connect/SMConnect.php on line 1174","log":"/logs/plugins/s/social-medias-connect/error.json"}
,
{"message":"Required parameter $avatar follows optional parameter $size in /wordpress/wp-content/plugins/social-medias-connect/SMConnect.php on line 1351","level":"DEPRECATED","type":"PHP","test":"jspi-boot","plugin":"social-medias-connect","details":"[10-May-2025 13:42:41 UTC] PHP Deprecated:  Required parameter $avatar follows optional parameter $size in /wordpress/wp-content/plugins/social-medias-connect/SMConnect.php on line 1351","log":"/logs/plugins/s/social-medias-connect/error.json"}
,
{"message":"\"continue\" targeting switch is equivalent to \"break\". Did you mean to use \"continue 2\"? in /wordpress/wp-content/plugins/social-medias-connect/SMConnect.php on line 1174","level":"WARNING","type":"PHP","test":"jspi-boot","plugin":"social-medias-connect","details":"[10-May-2025 13:42:43 UTC] PHP Warning:  \"continue\" targeting switch is equivalent to \"break\". Did you mean to use \"continue 2\"? in /wordpress/wp-content/plugins/social-medias-connect/SMConnect.php on line 1174","log":"/logs/plugins/s/social-medias-connect/error.json"}
,
{"message":"Required parameter $avatar follows optional parameter $size in /wordpress/wp-content/plugins/social-medias-connect/SMConnect.php on line 1351","level":"DEPRECATED","type":"PHP","test":"jspi-boot","plugin":"social-medias-connect","details":"[10-May-2025 13:42:43 UTC] PHP Deprecated:  Required parameter $avatar follows optional parameter $size in /wordpress/wp-content/plugins/social-medias-connect/SMConnect.php on line 1351","log":"/logs/plugins/s/social-medias-connect/error.json"}
,
{"message":"Uncaught ArgumentCountError: Too few arguments to function WP_Widget::__construct(), 0 passed in /wordpress/wp-includes/class-wp-widget-factory.php on line 62 and at least 2 expected in /wordpress/wp-includes/class-wp-widget.php:163","level":"FATAL","type":"PHP","test":"jspi-boot","plugin":"social-medias-connect","details":"[10-May-2025 13:42:43 UTC] PHP Fatal error:  Uncaught ArgumentCountError: Too few arguments to function WP_Widget::__construct(), 0 passed in /wordpress/wp-includes/class-wp-widget-factory.php on line 62 and at least 2 expected in /wordpress/wp-includes/class-wp-widget.php:163\nStack trace:\n#0 /wordpress/wp-includes/class-wp-widget-factory.php(62): WP_Widget->__construct()\n#1 /wordpress/wp-includes/widgets.php(123): WP_Widget_Factory->register('smc_sidebar_log...')\n#2 /wordpress/wp-content/plugins/social-medias-connect/widgets.php(42): register_widget('smc_sidebar_log...')\n#3 /wordpress/wp-includes/class-wp-hook.php(324): smc_sidebar_widget_init('')\n#4 /wordpress/wp-includes/class-wp-hook.php(348): WP_Hook->apply_filters(NULL, Array)\n#5 /wordpress/wp-includes/plugin.php(517): WP_Hook->do_action(Array)\n#6 /wordpress/wp-includes/widgets.php(1870): do_action('widgets_init')\n#7 /wordpress/wp-includes/class-wp-hook.php(324): wp_widgets_init('')\n#8 /wordpress/wp-includes/class-wp-hook.php(348): WP_Hook->apply_filters(NULL, Array)\n#9 /wordpress/wp-includes/plugin.php(517): WP_Hook->do_action(Array)\n#10 /wordpress/wp-settings.php(727): do_action('init')\n#11 /wordpress/wp-config.php(102): require_once('/wordpress/wp-s...')\n#12 /wordpress/wp-load.php(50): require_once('/wordpress/wp-c...')\n#13 /internal/eval.php(3): require_once('/wordpress/wp-l...')\n#14 {main}\n  thrown in /wordpress/wp-includes/class-wp-widget.php on line 163","log":"/logs/plugins/s/social-medias-connect/error.json"}
,
{"message":"\"continue\" targeting switch is equivalent to \"break\". Did you mean to use \"continue 2\"? in /wordpress/wp-content/plugins/social-medias-connect/SMConnect.php on line 1174","level":"WARNING","type":"PHP","test":"jspi-boot","plugin":"social-medias-connect","details":"[10-May-2025 13:42:51 UTC] PHP Warning:  \"continue\" targeting switch is equivalent to \"break\". Did you mean to use \"continue 2\"? in /wordpress/wp-content/plugins/social-medias-connect/SMConnect.php on line 1174","log":"/logs/plugins/s/social-medias-connect/error.json"}
,
{"message":"Required parameter $avatar follows optional parameter $size in /wordpress/wp-content/plugins/social-medias-connect/SMConnect.php on line 1351","level":"DEPRECATED","type":"PHP","test":"jspi-boot","plugin":"social-medias-connect","details":"[10-May-2025 13:42:51 UTC] PHP Deprecated:  Required parameter $avatar follows optional parameter $size in /wordpress/wp-content/plugins/social-medias-connect/SMConnect.php on line 1351","log":"/logs/plugins/s/social-medias-connect/error.json"}
,
{"message":"\"continue\" targeting switch is equivalent to \"break\". Did you mean to use \"continue 2\"? in /wordpress/wp-content/plugins/social-medias-connect/SMConnect.php on line 1174","level":"WARNING","type":"PHP","test":"jspi-boot","plugin":"social-medias-connect","details":"[10-May-2025 13:42:54 UTC] PHP Warning:  \"continue\" targeting switch is equivalent to \"break\". Did you mean to use \"continue 2\"? in /wordpress/wp-content/plugins/social-medias-connect/SMConnect.php on line 1174","log":"/logs/plugins/s/social-medias-connect/error.json"}
,
{"message":"Required parameter $avatar follows optional parameter $size in /wordpress/wp-content/plugins/social-medias-connect/SMConnect.php on line 1351","level":"DEPRECATED","type":"PHP","test":"jspi-boot","plugin":"social-medias-connect","details":"[10-May-2025 13:42:54 UTC] PHP Deprecated:  Required parameter $avatar follows optional parameter $size in /wordpress/wp-content/plugins/social-medias-connect/SMConnect.php on line 1351","log":"/logs/plugins/s/social-medias-connect/error.json"}
,
{"message":"Uncaught ArgumentCountError: Too few arguments to function WP_Widget::__construct(), 0 passed in /wordpress/wp-includes/class-wp-widget-factory.php on line 62 and at least 2 expected in /wordpress/wp-includes/class-wp-widget.php:163","level":"FATAL","type":"PHP","test":"jspi-boot","plugin":"social-medias-connect","details":"[10-May-2025 13:42:54 UTC] PHP Fatal error:  Uncaught ArgumentCountError: Too few arguments to function WP_Widget::__construct(), 0 passed in /wordpress/wp-includes/class-wp-widget-factory.php on line 62 and at least 2 expected in /wordpress/wp-includes/class-wp-widget.php:163\nStack trace:\n#0 /wordpress/wp-includes/class-wp-widget-factory.php(62): WP_Widget->__construct()\n#1 /wordpress/wp-includes/widgets.php(123): WP_Widget_Factory->register('smc_sidebar_log...')\n#2 /wordpress/wp-content/plugins/social-medias-connect/widgets.php(42): register_widget('smc_sidebar_log...')\n#3 /wordpress/wp-includes/class-wp-hook.php(324): smc_sidebar_widget_init('')\n#4 /wordpress/wp-includes/class-wp-hook.php(348): WP_Hook->apply_filters(NULL, Array)\n#5 /wordpress/wp-includes/plugin.php(517): WP_Hook->do_action(Array)\n#6 /wordpress/wp-includes/widgets.php(1870): do_action('widgets_init')\n#7 /wordpress/wp-includes/class-wp-hook.php(324): wp_widgets_init('')\n#8 /wordpress/wp-includes/class-wp-hook.php(348): WP_Hook->apply_filters(NULL, Array)\n#9 /wordpress/wp-includes/plugin.php(517): WP_Hook->do_action(Array)\n#10 /wordpress/wp-settings.php(727): do_action('init')\n#11 /wordpress/wp-config.php(102): require_once('/wordpress/wp-s...')\n#12 /wordpress/wp-load.php(50): require_once('/wordpress/wp-c...')\n#13 /internal/eval.php(3): require_once('/wordpress/wp-l...')\n#14 {main}\n  thrown in /wordpress/wp-includes/class-wp-widget.php on line 163","log":"/logs/plugins/s/social-medias-connect/error.json"}
,
{"message":"\"continue\" targeting switch is equivalent to \"break\". Did you mean to use \"continue 2\"? in /wordpress/wp-content/plugins/social-medias-connect/SMConnect.php on line 1174","level":"WARNING","type":"PHP","test":"jspi-boot","plugin":"social-medias-connect","details":"[10-May-2025 13:43:01 UTC] PHP Warning:  \"continue\" targeting switch is equivalent to \"break\". Did you mean to use \"continue 2\"? in /wordpress/wp-content/plugins/social-medias-connect/SMConnect.php on line 1174","log":"/logs/plugins/s/social-medias-connect/error.json"}
,
{"message":"Required parameter $avatar follows optional parameter $size in /wordpress/wp-content/plugins/social-medias-connect/SMConnect.php on line 1351","level":"DEPRECATED","type":"PHP","test":"jspi-boot","plugin":"social-medias-connect","details":"[10-May-2025 13:43:01 UTC] PHP Deprecated:  Required parameter $avatar follows optional parameter $size in /wordpress/wp-content/plugins/social-medias-connect/SMConnect.php on line 1351","log":"/logs/plugins/s/social-medias-connect/error.json"}
,
{"message":"\"continue\" targeting switch is equivalent to \"break\". Did you mean to use \"continue 2\"? in /wordpress/wp-content/plugins/social-medias-connect/SMConnect.php on line 1174","level":"WARNING","type":"PHP","test":"jspi-boot","plugin":"social-medias-connect","details":"[10-May-2025 13:43:03 UTC] PHP Warning:  \"continue\" targeting switch is equivalent to \"break\". Did you mean to use \"continue 2\"? in /wordpress/wp-content/plugins/social-medias-connect/SMConnect.php on line 1174","log":"/logs/plugins/s/social-medias-connect/error.json"}
,
{"message":"Required parameter $avatar follows optional parameter $size in /wordpress/wp-content/plugins/social-medias-connect/SMConnect.php on line 1351","level":"DEPRECATED","type":"PHP","test":"jspi-boot","plugin":"social-medias-connect","details":"[10-May-2025 13:43:03 UTC] PHP Deprecated:  Required parameter $avatar follows optional parameter $size in /wordpress/wp-content/plugins/social-medias-connect/SMConnect.php on line 1351","log":"/logs/plugins/s/social-medias-connect/error.json"}
,
{"message":"Uncaught ArgumentCountError: Too few arguments to function WP_Widget::__construct(), 0 passed in /wordpress/wp-includes/class-wp-widget-factory.php on line 62 and at least 2 expected in /wordpress/wp-includes/class-wp-widget.php:163","level":"FATAL","type":"PHP","test":"jspi-boot","plugin":"social-medias-connect","details":"[10-May-2025 13:43:03 UTC] PHP Fatal error:  Uncaught ArgumentCountError: Too few arguments to function WP_Widget::__construct(), 0 passed in /wordpress/wp-includes/class-wp-widget-factory.php on line 62 and at least 2 expected in /wordpress/wp-includes/class-wp-widget.php:163\nStack trace:\n#0 /wordpress/wp-includes/class-wp-widget-factory.php(62): WP_Widget->__construct()\n#1 /wordpress/wp-includes/widgets.php(123): WP_Widget_Factory->register('smc_sidebar_log...')\n#2 /wordpress/wp-content/plugins/social-medias-connect/widgets.php(42): register_widget('smc_sidebar_log...')\n#3 /wordpress/wp-includes/class-wp-hook.php(324): smc_sidebar_widget_init('')\n#4 /wordpress/wp-includes/class-wp-hook.php(348): WP_Hook->apply_filters(NULL, Array)\n#5 /wordpress/wp-includes/plugin.php(517): WP_Hook->do_action(Array)\n#6 /wordpress/wp-includes/widgets.php(1870): do_action('widgets_init')\n#7 /wordpress/wp-includes/class-wp-hook.php(324): wp_widgets_init('')\n#8 /wordpress/wp-includes/class-wp-hook.php(348): WP_Hook->apply_filters(NULL, Array)\n#9 /wordpress/wp-includes/plugin.php(517): WP_Hook->do_action(Array)\n#10 /wordpress/wp-settings.php(727): do_action('init')\n#11 /wordpress/wp-config.php(102): require_once('/wordpress/wp-s...')\n#12 /wordpress/wp-load.php(50): require_once('/wordpress/wp-c...')\n#13 /internal/eval.php(3): require_once('/wordpress/wp-l...')\n#14 {main}\n  thrown in /wordpress/wp-includes/class-wp-widget.php on line 163\n\n    at Object.onBind (file:///home/runner/work/playground-tester/playground-tester/node_modules/@wp-playground/cli/index.js:237:15)\n    at async V (file:///home/runner/work/playground-tester/playground-tester/node_modules/@wp-playground/cli/index.js:64:10)\n    at async ja (file:///home/runner/work/playground-tester/playground-tester/node_modules/@wp-playground/cli/cli.js:8161:12) {\n  [cause]: Error: Error when executing the blueprint step #1 ({\"step\":\"installPlugin\",\"pluginData\":{\"resource\":\"wordpress.org/plugins\",\"slug\":\"social-medias-connect\"},\"options\":{\"activate\":true}}) : PHP.run() failed with exit code 255 and the following output: \n      at Object.run (file:///home/runner/work/playground-tester/playground-tester/node_modules/@wp-playground/blueprints/index.js:12449:19)\n      at async ms (file:///home/runner/work/playground-tester/playground-tester/node_modules/@wp-playground/blueprints/index.js:12552:3)\n      ... 2 lines matching cause stack trace ...\n      at async ja (file:///home/runner/work/playground-tester/playground-tester/node_modules/@wp-playground/cli/cli.js:8161:12) {\n    [cause]: PHPExecutionFailureError: PHP.run() failed with exit code 255 and the following output: \n        at PHP.run (file:///home/runner/work/playground-tester/playground-tester/node_modules/@php-wasm/universal/index.js:987:19)\n        at async wr (file:///home/runner/work/playground-tester/playground-tester/node_modules/@wp-playground/blueprints/index.js:73:13)\n        at async Object.gt [as installPlugin] (file:///home/runner/work/playground-tester/playground-tester/node_modules/@wp-playground/blueprints/index.js:974:42)\n        at async g (file:///home/runner/work/playground-tester/playground-tester/node_modules/@wp-playground/blueprints/index.js:12517:30)\n        at async Object.run (file:///home/runner/work/playground-tester/playground-tester/node_modules/@wp-playground/blueprints/index.js:12446:23)\n        at async ms (file:///home/runner/work/playground-tester/playground-tester/node_modules/@wp-playground/blueprints/index.js:12552:3)\n        at async Object.onBind (file:///home/runner/work/playground-tester/playground-tester/node_modules/@wp-playground/cli/index.js:227:48)\n        at async V (file:///home/runner/work/playground-tester/playground-tester/node_modules/@wp-playground/cli/index.js:64:10)\n        at async ja (file:///home/runner/work/playground-tester/playground-tester/node_modules/@wp-playground/cli/cli.js:8161:12) {\n      response: PHPResponse {\n        httpStatusCode: 500,\n        headers: {\n          'x-powered-by': [ 'PHP/8.0.30-dev' ],\n          'content-type': [ 'text/html; charset=UTF-8' ],\n          expires: [ 'Wed, 11 Jan 1984 05:00:00 GMT' ],\n          'cache-control': [ 'no-cache, must-revalidate, max-age=0, no-store, private' ]\n        },\n        bytes: Uint8Array(2653) [\n           60,  33,  68,  79,  67,  84,  89,  80,  69,  32, 104, 116,\n          109, 108,  62,  10,  60, 104, 116, 109, 108,  32, 108,  97,\n          110, 103,  61,  34, 101, 110,  45,  85,  83,  34,  62,  10,\n           60, 104, 101,  97, 100,  62,  10,   9,  60, 109, 101, 116,\n           97,  32, 104, 116, 116, 112,  45, 101, 113, 117, 105, 118,\n           61,  34,  67, 111, 110, 116, 101, 110, 116,  45,  84, 121,\n          112, 101,  34,  32,  99, 111, 110, 116, 101, 110, 116,  61,\n           34, 116, 101, 120, 116,  47, 104, 116, 109, 108,  59,  32,\n           99, 104,  97, 114,\n          ... 2553 more items\n        ],\n        exitCode: 255,\n        errors: ''\n      },\n      source: 'request'\n    }\n  }\n}\n\n","log":"/logs/plugins/s/social-medias-connect/error.json"}
]
