file:///home/runner/work/playground-tester/playground-tester/node_modules/@wp-playground/cli/index.js:237
        throw new Error(y, { cause: u });
              ^

Error: [26-May-2025 01:59:23 UTC] PHP Warning:  require_once(/wordpress/wp-content/plugins/reviews-for-woocommerce/definitions.php): failed to open stream: No such file or directory in /wordpress/wp-content/plugins/reviews-for-woocommerce/reviews-for-woocommerce.php on line 44
[26-May-2025 01:59:23 UTC] PHP Fatal error:  require_once(): Failed opening required '/wordpress/wp-content/plugins/reviews-for-woocommerce/definitions.php' (include_path='.:') in /wordpress/wp-content/plugins/reviews-for-woocommerce/reviews-for-woocommerce.php on line 44
[26-May-2025 01:59:31 UTC] PHP Warning:  require_once(/wordpress/wp-content/plugins/reviews-for-woocommerce/definitions.php): failed to open stream: No such file or directory in /wordpress/wp-content/plugins/reviews-for-woocommerce/reviews-for-woocommerce.php on line 44
[26-May-2025 01:59:31 UTC] PHP Fatal error:  require_once(): Failed opening required '/wordpress/wp-content/plugins/reviews-for-woocommerce/definitions.php' (include_path='.:') in /wordpress/wp-content/plugins/reviews-for-woocommerce/reviews-for-woocommerce.php on line 44
[26-May-2025 01:59:39 UTC] PHP Warning:  require_once(/wordpress/wp-content/plugins/reviews-for-woocommerce/definitions.php): failed to open stream: No such file or directory in /wordpress/wp-content/plugins/reviews-for-woocommerce/reviews-for-woocommerce.php on line 44
[26-May-2025 01:59:39 UTC] PHP Fatal error:  require_once(): Failed opening required '/wordpress/wp-content/plugins/reviews-for-woocommerce/definitions.php' (include_path='.:') in /wordpress/wp-content/plugins/reviews-for-woocommerce/reviews-for-woocommerce.php on line 44
[26-May-2025 02:02:19 UTC] PHP Fatal error:  Uncaught Error: Non-static method TCR_QuickDraftsAccess::init() cannot be called statically in /wordpress/wp-content/plugins/quick-review-post-access/Quick_Review_Post_Access.php:59
Stack trace:
#0 /wordpress/wp-admin/includes/plugin.php(2387): include_once()
#1 /wordpress/wp-admin/includes/plugin.php(673): plugin_sandbox_scrape('quick-review-po...')
#2 /internal/eval.php(20): activate_plugin('quick-review-po...')
#3 {main}
  thrown in /wordpress/wp-content/plugins/quick-review-post-access/Quick_Review_Post_Access.php on line 59
[26-May-2025 02:02:25 UTC] PHP Fatal error:  Uncaught Error: Non-static method TCR_QuickDraftsAccess::init() cannot be called statically in /wordpress/wp-content/plugins/quick-review-post-access/Quick_Review_Post_Access.php:59
Stack trace:
#0 /wordpress/wp-admin/includes/plugin.php(2387): include_once()
#1 /wordpress/wp-admin/includes/plugin.php(673): plugin_sandbox_scrape('quick-review-po...')
#2 /internal/eval.php(20): activate_plugin('quick-review-po...')
#3 {main}
  thrown in /wordpress/wp-content/plugins/quick-review-post-access/Quick_Review_Post_Access.php on line 59
[26-May-2025 02:02:33 UTC] PHP Fatal error:  Uncaught Error: Non-static method TCR_QuickDraftsAccess::init() cannot be called statically in /wordpress/wp-content/plugins/quick-review-post-access/Quick_Review_Post_Access.php:59
Stack trace:
#0 /wordpress/wp-admin/includes/plugin.php(2387): include_once()
#1 /wordpress/wp-admin/includes/plugin.php(673): plugin_sandbox_scrape('quick-review-po...')
#2 /internal/eval.php(20): activate_plugin('quick-review-po...')
#3 {main}
  thrown in /wordpress/wp-content/plugins/quick-review-post-access/Quick_Review_Post_Access.php on line 59
[26-May-2025 02:02:42 UTC] PHP Warning:  Attempt to read property "ID" on null in /wordpress/wp-content/plugins/quick-seo/meta.php on line 115
[26-May-2025 02:02:42 UTC] PHP Notice:  ob_end_clean(): Failed to delete buffer. No buffer to delete in /wordpress/wp-admin/includes/plugin.php on line 738
[26-May-2025 02:02:43 UTC] PHP Warning:  Attempt to read property "ID" on null in /wordpress/wp-content/plugins/quick-seo/meta.php on line 115
[26-May-2025 02:02:43 UTC] PHP Notice:  ob_end_clean(): Failed to delete buffer. No buffer to delete in /internal/eval.php on line 34
[26-May-2025 02:02:51 UTC] PHP Warning:  Attempt to read property "ID" on null in /wordpress/wp-content/plugins/quick-seo/meta.php on line 115
[26-May-2025 02:02:51 UTC] PHP Notice:  ob_end_clean(): Failed to delete buffer. No buffer to delete in /wordpress/wp-admin/includes/plugin.php on line 738
[26-May-2025 02:02:52 UTC] PHP Warning:  Attempt to read property "ID" on null in /wordpress/wp-content/plugins/quick-seo/meta.php on line 115
[26-May-2025 02:02:52 UTC] PHP Notice:  ob_end_clean(): Failed to delete buffer. No buffer to delete in /internal/eval.php on line 34
[26-May-2025 02:02:59 UTC] PHP Warning:  Attempt to read property "ID" on null in /wordpress/wp-content/plugins/quick-seo/meta.php on line 115
[26-May-2025 02:02:59 UTC] PHP Notice:  ob_end_clean(): Failed to delete buffer. No buffer to delete in /wordpress/wp-admin/includes/plugin.php on line 738
[26-May-2025 02:03:00 UTC] PHP Warning:  Attempt to read property "ID" on null in /wordpress/wp-content/plugins/quick-seo/meta.php on line 115
[26-May-2025 02:03:01 UTC] PHP Notice:  ob_end_clean(): Failed to delete buffer. No buffer to delete in /internal/eval.php on line 34
[26-May-2025 02:03:08 UTC] PHP Warning:  require(/wordpress/wp-content/plugins/rating-manager-lite/admin/admin.php): Failed to open stream: No such file or directory in /wordpress/wp-content/plugins/rating-manager-lite/plugin.php on line 23
[26-May-2025 02:03:08 UTC] PHP Fatal error:  Uncaught Error: Failed opening required '/wordpress/wp-content/plugins/rating-manager-lite/admin/admin.php' (include_path='.:') in /wordpress/wp-content/plugins/rating-manager-lite/plugin.php:23
Stack trace:
#0 /wordpress/wp-admin/includes/plugin.php(2387): include_once()
#1 /wordpress/wp-admin/includes/plugin.php(673): plugin_sandbox_scrape('rating-manager-...')
#2 /internal/eval.php(20): activate_plugin('rating-manager-...')
#3 {main}
  thrown in /wordpress/wp-content/plugins/rating-manager-lite/plugin.php on line 23
[26-May-2025 02:03:16 UTC] PHP Warning:  require(/wordpress/wp-content/plugins/rating-manager-lite/admin/admin.php): Failed to open stream: No such file or directory in /wordpress/wp-content/plugins/rating-manager-lite/plugin.php on line 23
[26-May-2025 02:03:16 UTC] PHP Fatal error:  Uncaught Error: Failed opening required '/wordpress/wp-content/plugins/rating-manager-lite/admin/admin.php' (include_path='.:') in /wordpress/wp-content/plugins/rating-manager-lite/plugin.php:23
Stack trace:
#0 /wordpress/wp-admin/includes/plugin.php(2387): include_once()
#1 /wordpress/wp-admin/includes/plugin.php(673): plugin_sandbox_scrape('rating-manager-...')
#2 /internal/eval.php(20): activate_plugin('rating-manager-...')
#3 {main}
  thrown in /wordpress/wp-content/plugins/rating-manager-lite/plugin.php on line 23
[26-May-2025 02:03:24 UTC] PHP Warning:  require(/wordpress/wp-content/plugins/rating-manager-lite/admin/admin.php): Failed to open stream: No such file or directory in /wordpress/wp-content/plugins/rating-manager-lite/plugin.php on line 23
[26-May-2025 02:03:24 UTC] PHP Fatal error:  Uncaught Error: Failed opening required '/wordpress/wp-content/plugins/rating-manager-lite/admin/admin.php' (include_path='.:') in /wordpress/wp-content/plugins/rating-manager-lite/plugin.php:23
Stack trace:
#0 /wordpress/wp-admin/includes/plugin.php(2387): include_once()
#1 /wordpress/wp-admin/includes/plugin.php(673): plugin_sandbox_scrape('rating-manager-...')
#2 /internal/eval.php(20): activate_plugin('rating-manager-...')
#3 {main}
  thrown in /wordpress/wp-content/plugins/rating-manager-lite/plugin.php on line 23
[26-May-2025 02:04:04 UTC] PHP Warning:  file_get_contents(/wordpress/.htaccess): Failed to open stream: No such file or directory in /wordpress/wp-content/plugins/rest-cache/includes/class.rewrite-rule.php on line 22
[26-May-2025 02:04:04 UTC] PHP Warning:  Undefined array key "DOCUMENT_ROOT" in /wordpress/wp-content/plugins/rest-cache/includes/class.rewrite-rule.php on line 44
[26-May-2025 02:04:04 UTC] PHP Warning:  file_get_contents(/wordpress/.htaccess): Failed to open stream: No such file or directory in /wordpress/wp-content/plugins/rest-cache/includes/class.rewrite-rule.php on line 61
[26-May-2025 02:04:07 UTC] PHP Fatal error:  Uncaught GuzzleHttp\Exception\ClientException: Client error: `GET http://127.0.0.1:9407/wp-content/plugins/rest-cache/service/public/api/install` resulted in a `404 Not Found` response:
<!DOCTYPE html>
<html lang="en-US">
<head>
	<meta charset="UTF-8" />
	<meta name="viewport" content="width=device-width, (truncated...)
 in /wordpress/wp-content/plugins/rest-cache/vendor/guzzlehttp/guzzle/src/Exception/RequestException.php:111
Stack trace:
#0 /wordpress/wp-content/plugins/rest-cache/vendor/guzzlehttp/guzzle/src/Middleware.php(66): GuzzleHttp\Exception\RequestException::create(Object(GuzzleHttp\Psr7\Request), Object(GuzzleHttp\Psr7\Response))
#1 /wordpress/wp-content/plugins/rest-cache/vendor/guzzlehttp/promises/src/Promise.php(203): GuzzleHttp\Middleware::GuzzleHttp\{closure}(Object(GuzzleHttp\Psr7\Response))
#2 /wordpress/wp-content/plugins/rest-cache/vendor/guzzlehttp/promises/src/Promise.php(156): GuzzleHttp\Promise\Promise::callHandler(1, Object(GuzzleHttp\Psr7\Response), Array)
#3 /wordpress/wp-content/plugins/rest-cache/vendor/guzzlehttp/promises/src/TaskQueue.php(47): GuzzleHttp\Promise\Promise::GuzzleHttp\Promise\{closure}()
#4 /wordpress/wp-content/plugins/rest-cache/vendor/guzzlehttp/promises/src/Promise.php(246): GuzzleHttp\Promise\TaskQueue->run(true)
#5 /wordpress/wp-content/plugins/rest-cache/vendor/guzzlehttp/promises/src/Promise.php(223): GuzzleHttp\Promise\Promise->invokeWaitFn()
#6 /wordpress/wp-content/plugins/rest-cache/vendor/guzzlehttp/promises/src/Promise.php(267): GuzzleHttp\Promise\Promise->waitIfPending()
#7 /wordpress/wp-content/plugins/rest-cache/vendor/guzzlehttp/promises/src/Promise.php(225): GuzzleHttp\Promise\Promise->invokeWaitList()
#8 /wordpress/wp-content/plugins/rest-cache/vendor/guzzlehttp/promises/src/Promise.php(62): GuzzleHttp\Promise\Promise->waitIfPending()
#9 /wordpress/wp-content/plugins/rest-cache/vendor/guzzlehttp/guzzle/src/Client.php(181): GuzzleHttp\Promise\Promise->wait()
#10 /wordpress/wp-content/plugins/rest-cache/includes/class.plugin.php(94): GuzzleHttp\Client->request('GET', 'http://127.0.0....', Array)
#11 /wordpress/wp-includes/class-wp-hook.php(324): PerryRylance\WordPress\RESTCache\Plugin->onActivate(false)
#12 /wordpress/wp-includes/class-wp-hook.php(348): WP_Hook->apply_filters('', Array)
#13 /wordpress/wp-includes/plugin.php(517): WP_Hook->do_action(Array)
#14 /wordpress/wp-admin/includes/plugin.php(703): do_action('activate_rest-c...', false)
#15 /internal/eval.php(20): activate_plugin('rest-cache/rest...')
#16 {main}
  thrown in /wordpress/wp-content/plugins/rest-cache/vendor/guzzlehttp/guzzle/src/Exception/RequestException.php on line 111
[26-May-2025 02:04:32 UTC] PHP Fatal error:  Uncaught GuzzleHttp\Exception\ClientException: Client error: `GET http://127.0.0.1:9407/wp-content/plugins/rest-cache/service/public/api/install` resulted in a `404 Not Found` response:
<!DOCTYPE html>
<html lang="en-US">
<head>
	<meta charset="UTF-8" />
	<meta name="viewport" content="width=device-width, (truncated...)
 in /wordpress/wp-content/plugins/rest-cache/vendor/guzzlehttp/guzzle/src/Exception/RequestException.php:111
Stack trace:
#0 /wordpress/wp-content/plugins/rest-cache/vendor/guzzlehttp/guzzle/src/Middleware.php(66): GuzzleHttp\Exception\RequestException::create(Object(GuzzleHttp\Psr7\Request), Object(GuzzleHttp\Psr7\Response))
#1 /wordpress/wp-content/plugins/rest-cache/vendor/guzzlehttp/promises/src/Promise.php(203): GuzzleHttp\Middleware::GuzzleHttp\{closure}(Object(GuzzleHttp\Psr7\Response))
#2 /wordpress/wp-content/plugins/rest-cache/vendor/guzzlehttp/promises/src/Promise.php(156): GuzzleHttp\Promise\Promise::callHandler(1, Object(GuzzleHttp\Psr7\Response), Array)
#3 /wordpress/wp-content/plugins/rest-cache/vendor/guzzlehttp/promises/src/TaskQueue.php(47): GuzzleHttp\Promise\Promise::GuzzleHttp\Promise\{closure}()
#4 /wordpress/wp-content/plugins/rest-cache/vendor/guzzlehttp/promises/src/Promise.php(246): GuzzleHttp\Promise\TaskQueue->run(true)
#5 /wordpress/wp-content/plugins/rest-cache/vendor/guzzlehttp/promises/src/Promise.php(223): GuzzleHttp\Promise\Promise->invokeWaitFn()
#6 /wordpress/wp-content/plugins/rest-cache/vendor/guzzlehttp/promises/src/Promise.php(267): GuzzleHttp\Promise\Promise->waitIfPending()
#7 /wordpress/wp-content/plugins/rest-cache/vendor/guzzlehttp/promises/src/Promise.php(225): GuzzleHttp\Promise\Promise->invokeWaitList()
#8 /wordpress/wp-content/plugins/rest-cache/vendor/guzzlehttp/promises/src/Promise.php(62): GuzzleHttp\Promise\Promise->waitIfPending()
#9 /wordpress/wp-content/plugins/rest-cache/vendor/guzzlehttp/guzzle/src/Client.php(181): GuzzleHttp\Promise\Promise->wait()
#10 /wordpress/wp-content/plugins/rest-cache/includes/class.plugin.php(94): GuzzleHttp\Client->request('GET', 'http://127.0.0....', Array)
#11 /wordpress/wp-includes/class-wp-hook.php(324): PerryRylance\WordPress\RESTCache\Plugin->onActivate(false)
#12 /wordpress/wp-includes/class-wp-hook.php(348): WP_Hook->apply_filters('', Array)
#13 /wordpress/wp-includes/plugin.php(517): WP_Hook->do_action(Array)
#14 /wordpress/wp-admin/includes/plugin.php(703): do_action('activate_rest-c...', false)
#15 /internal/eval.php(20): activate_plugin('rest-cache/rest...')
#16 {main}
  thrown in /wordpress/wp-content/plugins/rest-cache/vendor/guzzlehttp/guzzle/src/Exception/RequestException.php on line 111
[26-May-2025 02:04:57 UTC] PHP Fatal error:  Uncaught GuzzleHttp\Exception\ClientException: Client error: `GET http://127.0.0.1:9407/wp-content/plugins/rest-cache/service/public/api/install` resulted in a `404 Not Found` response:
<!DOCTYPE html>
<html lang="en-US">
<head>
	<meta charset="UTF-8" />
	<meta name="viewport" content="width=device-width, (truncated...)
 in /wordpress/wp-content/plugins/rest-cache/vendor/guzzlehttp/guzzle/src/Exception/RequestException.php:111
Stack trace:
#0 /wordpress/wp-content/plugins/rest-cache/vendor/guzzlehttp/guzzle/src/Middleware.php(66): GuzzleHttp\Exception\RequestException::create(Object(GuzzleHttp\Psr7\Request), Object(GuzzleHttp\Psr7\Response))
#1 /wordpress/wp-content/plugins/rest-cache/vendor/guzzlehttp/promises/src/Promise.php(203): GuzzleHttp\Middleware::GuzzleHttp\{closure}(Object(GuzzleHttp\Psr7\Response))
#2 /wordpress/wp-content/plugins/rest-cache/vendor/guzzlehttp/promises/src/Promise.php(156): GuzzleHttp\Promise\Promise::callHandler(1, Object(GuzzleHttp\Psr7\Response), Array)
#3 /wordpress/wp-content/plugins/rest-cache/vendor/guzzlehttp/promises/src/TaskQueue.php(47): GuzzleHttp\Promise\Promise::GuzzleHttp\Promise\{closure}()
#4 /wordpress/wp-content/plugins/rest-cache/vendor/guzzlehttp/promises/src/Promise.php(246): GuzzleHttp\Promise\TaskQueue->run(true)
#5 /wordpress/wp-content/plugins/rest-cache/vendor/guzzlehttp/promises/src/Promise.php(223): GuzzleHttp\Promise\Promise->invokeWaitFn()
#6 /wordpress/wp-content/plugins/rest-cache/vendor/guzzlehttp/promises/src/Promise.php(267): GuzzleHttp\Promise\Promise->waitIfPending()
#7 /wordpress/wp-content/plugins/rest-cache/vendor/guzzlehttp/promises/src/Promise.php(225): GuzzleHttp\Promise\Promise->invokeWaitList()
#8 /wordpress/wp-content/plugins/rest-cache/vendor/guzzlehttp/promises/src/Promise.php(62): GuzzleHttp\Promise\Promise->waitIfPending()
#9 /wordpress/wp-content/plugins/rest-cache/vendor/guzzlehttp/guzzle/src/Client.php(181): GuzzleHttp\Promise\Promise->wait()
#10 /wordpress/wp-content/plugins/rest-cache/includes/class.plugin.php(94): GuzzleHttp\Client->request('GET', 'http://127.0.0....', Array)
#11 /wordpress/wp-includes/class-wp-hook.php(324): PerryRylance\WordPress\RESTCache\Plugin->onActivate(false)
#12 /wordpress/wp-includes/class-wp-hook.php(348): WP_Hook->apply_filters('', Array)
#13 /wordpress/wp-includes/plugin.php(517): WP_Hook->do_action(Array)
#14 /wordpress/wp-admin/includes/plugin.php(703): do_action('activate_rest-c...', false)
#15 /internal/eval.php(20): activate_plugin('rest-cache/rest...')
#16 {main}
  thrown in /wordpress/wp-content/plugins/rest-cache/vendor/guzzlehttp/guzzle/src/Exception/RequestException.php on line 111
[26-May-2025 02:07:49 UTC] WordPress database error <div style="clear:both">&nbsp;</div>
<div class="queries" style="clear:both;margin-bottom:2px;border:red dotted thin;">
<p>MySQL query:</p>
<p>CREATE TABLE wp_delete_posts LIKE wp_posts</p>
<p>Queries made or created this session were:</p>
<ol>
<li>Executing: BEGIN | (no parameters)</li>
<li>Executing: ROLLBACK | (no parameters)</li>
</ol>
</div>
<div style="clear:both;margin-bottom:2px;border:red dotted thin;" class="error_message" style="border-bottom:dotted blue thin;">
MySQL query not supported. Cause: CREATE TABLE ... [AS] SELECT is currently not supported
</div>
<p>Backtrace:</p>
<pre>#0 /internal/shared/sqlite-database-integration/wp-includes/sqlite-ast/class-wp-sqlite-driver.php(1231): WP_SQLite_Driver->new_not_supported_exception('CREATE TABLE .....')
#1 /internal/shared/sqlite-database-integration/wp-includes/sqlite-ast/class-wp-sqlite-driver.php(839): WP_SQLite_Driver->execute_create_table_statement(Object(WP_Parser_Node))
#2 /internal/shared/sqlite-database-integration/wp-includes/sqlite-ast/class-wp-sqlite-driver.php(669): WP_SQLite_Driver->execute_mysql_query(Object(WP_Parser_Node))
#3 /internal/shared/sqlite-database-integration/wp-includes/sqlite/class-wp-sqlite-db.php(491): WP_SQLite_Driver->query('CREATE TABLE wp...')
#4 /internal/shared/sqlite-database-integration/wp-includes/sqlite/class-wp-sqlite-db.php(432): WP_SQLite_DB->_do_query('CREATE TABLE wp...')
#5 /wordpress/wp-admin/includes/upgrade.php(3280): WP_SQLite_DB->query('CREATE TABLE wp...')
#6 /wordpress/wp-content/plugins/restore-permanently-delete-post-or-page-data/delete-store-file.php(54): dbDelta(Array)
#7 /wordpress/wp-content/plugins/restore-permanently-delete-post-or-page-data/delete-store-file.php(30): RP_DPO_DPA_Engine->rp_dpo_dpa_activate()
#8 /wordpress/wp-content/plugins/restore-permanently-delete-post-or-page-data/delete-store-file.php(25): RP_DPO_DPA_Engine->__construct()
#9 /wordpress/wp-admin/includes/plugin.php(2387): include_once('/wordpress/wp-c...')
#10 /wordpress/wp-admin/includes/plugin.php(673): plugin_sandbox_scrape('restore-permane...')
#11 /internal/eval.php(20): activate_plugin('restore-permane...')
#12 {main}</pre>
 for query CREATE TABLE wp_delete_posts LIKE wp_posts made by activate_plugin, plugin_sandbox_scrape, include_once('/plugins/restore-permanently-delete-post-or-page-data/delete-store-file.php'), RP_DPO_DPA_Engine->__construct, RP_DPO_DPA_Engine->rp_dpo_dpa_activate, dbDelta, WP_SQLite_DB->query, WP_SQLite_DB->print_error
[26-May-2025 02:07:49 UTC] WordPress database error <div style="clear:both">&nbsp;</div>
<div class="queries" style="clear:both;margin-bottom:2px;border:red dotted thin;">
<p>MySQL query:</p>
<p>CREATE TABLE wp_delete_postmeta LIKE wp_postmeta</p>
<p>Queries made or created this session were:</p>
<ol>
<li>Executing: BEGIN | (no parameters)</li>
<li>Executing: ROLLBACK | (no parameters)</li>
</ol>
</div>
<div style="clear:both;margin-bottom:2px;border:red dotted thin;" class="error_message" style="border-bottom:dotted blue thin;">
MySQL query not supported. Cause: CREATE TABLE ... [AS] SELECT is currently not supported
</div>
<p>Backtrace:</p>
<pre>#0 /internal/shared/sqlite-database-integration/wp-includes/sqlite-ast/class-wp-sqlite-driver.php(1231): WP_SQLite_Driver->new_not_supported_exception('CREATE TABLE .....')
#1 /internal/shared/sqlite-database-integration/wp-includes/sqlite-ast/class-wp-sqlite-driver.php(839): WP_SQLite_Driver->execute_create_table_statement(Object(WP_Parser_Node))
#2 /internal/shared/sqlite-database-integration/wp-includes/sqlite-ast/class-wp-sqlite-driver.php(669): WP_SQLite_Driver->execute_mysql_query(Object(WP_Parser_Node))
#3 /internal/shared/sqlite-database-integration/wp-includes/sqlite/class-wp-sqlite-db.php(491): WP_SQLite_Driver->query('CREATE TABLE wp...')
#4 /internal/shared/sqlite-database-integration/wp-includes/sqlite/class-wp-sqlite-db.php(432): WP_SQLite_DB->_do_query('CREATE TABLE wp...')
#5 /wordpress/wp-admin/includes/upgrade.php(3280): WP_SQLite_DB->query('CREATE TABLE wp...')
#6 /wordpress/wp-content/plugins/restore-permanently-delete-post-or-page-data/delete-store-file.php(72): dbDelta(Array)
#7 /wordpress/wp-content/plugins/restore-permanently-delete-post-or-page-data/delete-store-file.php(30): RP_DPO_DPA_Engine->rp_dpo_dpa_activate()
#8 /wordpress/wp-content/plugins/restore-permanently-delete-post-or-page-data/delete-store-file.php(25): RP_DPO_DPA_Engine->__construct()
#9 /wordpress/wp-admin/includes/plugin.php(2387): include_once('/wordpress/wp-c...')
#10 /wordpress/wp-admin/includes/plugin.php(673): plugin_sandbox_scrape('restore-permane...')
#11 /internal/eval.php(20): activate_plugin('restore-permane...')
#12 {main}</pre>
 for query CREATE TABLE wp_delete_postmeta LIKE wp_postmeta made by activate_plugin, plugin_sandbox_scrape, include_once('/plugins/restore-permanently-delete-post-or-page-data/delete-store-file.php'), RP_DPO_DPA_Engine->__construct, RP_DPO_DPA_Engine->rp_dpo_dpa_activate, dbDelta, WP_SQLite_DB->query, WP_SQLite_DB->print_error
[26-May-2025 02:07:50 UTC] WordPress database error <div style="clear:both">&nbsp;</div>
<div class="queries" style="clear:both;margin-bottom:2px;border:red dotted thin;">
<p>MySQL query:</p>
<p>CREATE TABLE wp_delete_posts LIKE wp_posts</p>
<p>Queries made or created this session were:</p>
<ol>
<li>Executing: BEGIN | (no parameters)</li>
<li>Executing: ROLLBACK | (no parameters)</li>
</ol>
</div>
<div style="clear:both;margin-bottom:2px;border:red dotted thin;" class="error_message" style="border-bottom:dotted blue thin;">
MySQL query not supported. Cause: CREATE TABLE ... [AS] SELECT is currently not supported
</div>
<p>Backtrace:</p>
<pre>#0 /internal/shared/sqlite-database-integration/wp-includes/sqlite-ast/class-wp-sqlite-driver.php(1231): WP_SQLite_Driver->new_not_supported_exception('CREATE TABLE .....')
#1 /internal/shared/sqlite-database-integration/wp-includes/sqlite-ast/class-wp-sqlite-driver.php(839): WP_SQLite_Driver->execute_create_table_statement(Object(WP_Parser_Node))
#2 /internal/shared/sqlite-database-integration/wp-includes/sqlite-ast/class-wp-sqlite-driver.php(669): WP_SQLite_Driver->execute_mysql_query(Object(WP_Parser_Node))
#3 /internal/shared/sqlite-database-integration/wp-includes/sqlite/class-wp-sqlite-db.php(491): WP_SQLite_Driver->query('CREATE TABLE wp...')
#4 /internal/shared/sqlite-database-integration/wp-includes/sqlite/class-wp-sqlite-db.php(432): WP_SQLite_DB->_do_query('CREATE TABLE wp...')
#5 /wordpress/wp-admin/includes/upgrade.php(3280): WP_SQLite_DB->query('CREATE TABLE wp...')
#6 /wordpress/wp-content/plugins/restore-permanently-delete-post-or-page-data/delete-store-file.php(54): dbDelta(Array)
#7 /wordpress/wp-content/plugins/restore-permanently-delete-post-or-page-data/delete-store-file.php(30): RP_DPO_DPA_Engine->rp_dpo_dpa_activate()
#8 /wordpress/wp-content/plugins/restore-permanently-delete-post-or-page-data/delete-store-file.php(25): RP_DPO_DPA_Engine->__construct()
#9 /wordpress/wp-settings.php(545): include_once('/wordpress/wp-c...')
#10 /wordpress/wp-config.php(102): require_once('/wordpress/wp-s...')
#11 /wordpress/wp-load.php(50): require_once('/wordpress/wp-c...')
#12 /internal/eval.php(3): require_once('/wordpress/wp-l...')
#13 {main}</pre>
 for query CREATE TABLE wp_delete_posts LIKE wp_posts made by require_once('wp-load.php'), require_once('wp-config.php'), require_once('wp-settings.php'), include_once('/plugins/restore-permanently-delete-post-or-page-data/delete-store-file.php'), RP_DPO_DPA_Engine->__construct, RP_DPO_DPA_Engine->rp_dpo_dpa_activate, dbDelta, WP_SQLite_DB->query, WP_SQLite_DB->print_error
[26-May-2025 02:07:50 UTC] WordPress database error <div style="clear:both">&nbsp;</div>
<div class="queries" style="clear:both;margin-bottom:2px;border:red dotted thin;">
<p>MySQL query:</p>
<p>CREATE TABLE wp_delete_postmeta LIKE wp_postmeta</p>
<p>Queries made or created this session were:</p>
<ol>
<li>Executing: BEGIN | (no parameters)</li>
<li>Executing: ROLLBACK | (no parameters)</li>
</ol>
</div>
<div style="clear:both;margin-bottom:2px;border:red dotted thin;" class="error_message" style="border-bottom:dotted blue thin;">
MySQL query not supported. Cause: CREATE TABLE ... [AS] SELECT is currently not supported
</div>
<p>Backtrace:</p>
<pre>#0 /internal/shared/sqlite-database-integration/wp-includes/sqlite-ast/class-wp-sqlite-driver.php(1231): WP_SQLite_Driver->new_not_supported_exception('CREATE TABLE .....')
#1 /internal/shared/sqlite-database-integration/wp-includes/sqlite-ast/class-wp-sqlite-driver.php(839): WP_SQLite_Driver->execute_create_table_statement(Object(WP_Parser_Node))
#2 /internal/shared/sqlite-database-integration/wp-includes/sqlite-ast/class-wp-sqlite-driver.php(669): WP_SQLite_Driver->execute_mysql_query(Object(WP_Parser_Node))
#3 /internal/shared/sqlite-database-integration/wp-includes/sqlite/class-wp-sqlite-db.php(491): WP_SQLite_Driver->query('CREATE TABLE wp...')
#4 /internal/shared/sqlite-database-integration/wp-includes/sqlite/class-wp-sqlite-db.php(432): WP_SQLite_DB->_do_query('CREATE TABLE wp...')
#5 /wordpress/wp-admin/includes/upgrade.php(3280): WP_SQLite_DB->query('CREATE TABLE wp...')
#6 /wordpress/wp-content/plugins/restore-permanently-delete-post-or-page-data/delete-store-file.php(72): dbDelta(Array)
#7 /wordpress/wp-content/plugins/restore-permanently-delete-post-or-page-data/delete-store-file.php(30): RP_DPO_DPA_Engine->rp_dpo_dpa_activate()
#8 /wordpress/wp-content/plugins/restore-permanently-delete-post-or-page-data/delete-store-file.php(25): RP_DPO_DPA_Engine->__construct()
#9 /wordpress/wp-settings.php(545): include_once('/wordpress/wp-c...')
#10 /wordpress/wp-config.php(102): require_once('/wordpress/wp-s...')
#11 /wordpress/wp-load.php(50): require_once('/wordpress/wp-c...')
#12 /internal/eval.php(3): require_once('/wordpress/wp-l...')
#13 {main}</pre>
 for query CREATE TABLE wp_delete_postmeta LIKE wp_postmeta made by require_once('wp-load.php'), require_once('wp-config.php'), require_once('wp-settings.php'), include_once('/plugins/restore-permanently-delete-post-or-page-data/delete-store-file.php'), RP_DPO_DPA_Engine->__construct, RP_DPO_DPA_Engine->rp_dpo_dpa_activate, dbDelta, WP_SQLite_DB->query, WP_SQLite_DB->print_error
[26-May-2025 02:07:58 UTC] PHP Fatal error:  Uncaught Error: Call to a member function matches() on null in /internal/shared/sqlite-database-integration/wp-includes/sqlite/class-wp-sqlite-translator.php:1021
Stack trace:
#0 /internal/shared/sqlite-database-integration/wp-includes/sqlite/class-wp-sqlite-translator.php(880): WP_SQLite_Translator->parse_create_table()
#1 /internal/shared/sqlite-database-integration/wp-includes/sqlite/class-wp-sqlite-translator.php(3377): WP_SQLite_Translator->execute_create_table()
#2 /internal/shared/sqlite-database-integration/wp-includes/sqlite/class-wp-sqlite-translator.php(801): WP_SQLite_Translator->execute_create()
#3 /internal/shared/sqlite-database-integration/wp-includes/sqlite/class-wp-sqlite-translator.php(622): WP_SQLite_Translator->execute_mysql_query('CREATE TABLE wp...')
#4 /internal/shared/sqlite-database-integration/wp-includes/sqlite/class-wp-sqlite-db.php(280): WP_SQLite_Translator->query('CREATE TABLE wp...')
#5 /wordpress/wp-admin/includes/upgrade.php(3280): WP_SQLite_DB->query('CREATE TABLE wp...')
#6 /wordpress/wp-content/plugins/restore-permanently-delete-post-or-page-data/delete-store-file.php(54): dbDelta(Array)
#7 /wordpress/wp-content/plugins/restore-permanently-delete-post-or-page-data/delete-store-file.php(30): RP_DPO_DPA_Engine->rp_dpo_dpa_activate()
#8 /wordpress/wp-content/plugins/restore-permanently-delete-post-or-page-data/delete-store-file.php(25): RP_DPO_DPA_Engine->__construct()
#9 /wordpress/wp-admin/includes/plugin.php(2387): include_once('/wordpress/wp-c...')
#10 /wordpress/wp-admin/includes/plugin.php(673): plugin_sandbox_scrape('restore-permane...')
#11 /internal/eval.php(20): activate_plugin('restore-permane...')
#12 {main}
  thrown in /internal/shared/sqlite-database-integration/wp-includes/sqlite/class-wp-sqlite-translator.php on line 1021
[26-May-2025 02:08:05 UTC] PHP Fatal error:  Uncaught Error: Call to a member function matches() on null in /internal/shared/sqlite-database-integration/wp-includes/sqlite/class-wp-sqlite-translator.php:1021
Stack trace:
#0 /internal/shared/sqlite-database-integration/wp-includes/sqlite/class-wp-sqlite-translator.php(880): WP_SQLite_Translator->parse_create_table()
#1 /internal/shared/sqlite-database-integration/wp-includes/sqlite/class-wp-sqlite-translator.php(3377): WP_SQLite_Translator->execute_create_table()
#2 /internal/shared/sqlite-database-integration/wp-includes/sqlite/class-wp-sqlite-translator.php(801): WP_SQLite_Translator->execute_create()
#3 /internal/shared/sqlite-database-integration/wp-includes/sqlite/class-wp-sqlite-translator.php(622): WP_SQLite_Translator->execute_mysql_query('CREATE TABLE wp...')
#4 /internal/shared/sqlite-database-integration/wp-includes/sqlite/class-wp-sqlite-db.php(280): WP_SQLite_Translator->query('CREATE TABLE wp...')
#5 /wordpress/wp-admin/includes/upgrade.php(3280): WP_SQLite_DB->query('CREATE TABLE wp...')
#6 /wordpress/wp-content/plugins/restore-permanently-delete-post-or-page-data/delete-store-file.php(54): dbDelta(Array)
#7 /wordpress/wp-content/plugins/restore-permanently-delete-post-or-page-data/delete-store-file.php(30): RP_DPO_DPA_Engine->rp_dpo_dpa_activate()
#8 /wordpress/wp-content/plugins/restore-permanently-delete-post-or-page-data/delete-store-file.php(25): RP_DPO_DPA_Engine->__construct()
#9 /wordpress/wp-admin/includes/plugin.php(2387): include_once('/wordpress/wp-c...')
#10 /wordpress/wp-admin/includes/plugin.php(673): plugin_sandbox_scrape('restore-permane...')
#11 /internal/eval.php(20): activate_plugin('restore-permane...')
#12 {main}
  thrown in /internal/shared/sqlite-database-integration/wp-includes/sqlite/class-wp-sqlite-translator.php on line 1021

    at Object.onBind (file:///home/runner/work/playground-tester/playground-tester/node_modules/@wp-playground/cli/index.js:237:15)
    at process.processTicksAndRejections (node:internal/process/task_queues:105:5)
    at async V (file:///home/runner/work/playground-tester/playground-tester/node_modules/@wp-playground/cli/index.js:64:10)
    at async ja (file:///home/runner/work/playground-tester/playground-tester/node_modules/@wp-playground/cli/cli.js:8161:12) {
  [cause]: Error: Error when executing the blueprint step #1 ({"step":"installPlugin","pluginData":{"resource":"wordpress.org/plugins","slug":"restore-permanently-delete-post-or-page-data"},"options":{"activate":true}}) : PHP.run() failed with exit code 255 and the following output: 
      at Object.run (file:///home/runner/work/playground-tester/playground-tester/node_modules/@wp-playground/blueprints/index.js:12449:19)
      at process.processTicksAndRejections (node:internal/process/task_queues:105:5)
      at async ms (file:///home/runner/work/playground-tester/playground-tester/node_modules/@wp-playground/blueprints/index.js:12552:3)
      ... 2 lines matching cause stack trace ...
      at async ja (file:///home/runner/work/playground-tester/playground-tester/node_modules/@wp-playground/cli/cli.js:8161:12) {
    [cause]: PHPExecutionFailureError: PHP.run() failed with exit code 255 and the following output: 
        at PHP.run (file:///home/runner/work/playground-tester/playground-tester/node_modules/@php-wasm/universal/index.js:987:19)
        at process.processTicksAndRejections (node:internal/process/task_queues:105:5)
        at async wr (file:///home/runner/work/playground-tester/playground-tester/node_modules/@wp-playground/blueprints/index.js:33:39)
        at async Object.gt [as installPlugin] (file:///home/runner/work/playground-tester/playground-tester/node_modules/@wp-playground/blueprints/index.js:974:42)
        at async g (file:///home/runner/work/playground-tester/playground-tester/node_modules/@wp-playground/blueprints/index.js:12517:30)
        at async Object.run (file:///home/runner/work/playground-tester/playground-tester/node_modules/@wp-playground/blueprints/index.js:12446:23)
        at async ms (file:///home/runner/work/playground-tester/playground-tester/node_modules/@wp-playground/blueprints/index.js:12552:3)
        at async Object.onBind (file:///home/runner/work/playground-tester/playground-tester/node_modules/@wp-playground/cli/index.js:227:48)
        at async V (file:///home/runner/work/playground-tester/playground-tester/node_modules/@wp-playground/cli/index.js:64:10)
        at async ja (file:///home/runner/work/playground-tester/playground-tester/node_modules/@wp-playground/cli/cli.js:8161:12) {
      response: PHPResponse {
        httpStatusCode: 500,
        headers: {
          'x-powered-by': [ 'PHP/8.0.30-dev' ],
          'content-type': [ 'text/html; charset=UTF-8' ]
        },
        bytes: Uint8Array(0) [],
        exitCode: 255,
        errors: ''
      },
      source: 'request'
    }
  }
}

Node.js v23.11.0
