file:///home/runner/work/playground-tester/playground-tester/node_modules/@wp-playground/cli/index.js:237
        throw new Error(y, { cause: u });
              ^

Error: [02-Jun-2025 07:00:57 UTC] PHP Notice:  Function wp_enqueue_script was called <strong>incorrectly</strong>. Scripts and styles should not be registered or enqueued until the <code>wp_enqueue_scripts</code>, <code>admin_enqueue_scripts</code>, or <code>login_enqueue_scripts</code> hooks. This notice was triggered by the <code>css_clipboard_script</code> handle. Please see <a href="https://developer.wordpress.org/advanced-administration/debug/debug-wordpress/">Debugging in WordPress</a> for more information. (This message was added in version 3.3.0.) in /wordpress/wp-includes/functions.php on line 6121
[02-Jun-2025 07:00:57 UTC] PHP Notice:  Function wp_enqueue_script was called <strong>incorrectly</strong>. Scripts and styles should not be registered or enqueued until the <code>wp_enqueue_scripts</code>, <code>admin_enqueue_scripts</code>, or <code>login_enqueue_scripts</code> hooks. This notice was triggered by the <code>css_global_script</code> handle. Please see <a href="https://developer.wordpress.org/advanced-administration/debug/debug-wordpress/">Debugging in WordPress</a> for more information. (This message was added in version 3.3.0.) in /wordpress/wp-includes/functions.php on line 6121
[02-Jun-2025 07:00:57 UTC] PHP Notice:  Function wp_enqueue_style was called <strong>incorrectly</strong>. Scripts and styles should not be registered or enqueued until the <code>wp_enqueue_scripts</code>, <code>admin_enqueue_scripts</code>, or <code>login_enqueue_scripts</code> hooks. This notice was triggered by the <code>fontawesome-css</code> handle. Please see <a href="https://developer.wordpress.org/advanced-administration/debug/debug-wordpress/">Debugging in WordPress</a> for more information. (This message was added in version 3.3.0.) in /wordpress/wp-includes/functions.php on line 6121
[02-Jun-2025 07:00:57 UTC] PHP Notice:  Function is_feed was called <strong>incorrectly</strong>. Conditional query tags do not work before the query is run. Before then, they always return false. Please see <a href="https://developer.wordpress.org/advanced-administration/debug/debug-wordpress/">Debugging in WordPress</a> for more information. (This message was added in version 3.1.0.) in /wordpress/wp-includes/functions.php on line 6121
[02-Jun-2025 07:00:57 UTC] PHP Notice:  Function wp_enqueue_style was called <strong>incorrectly</strong>. Scripts and styles should not be registered or enqueued until the <code>wp_enqueue_scripts</code>, <code>admin_enqueue_scripts</code>, or <code>login_enqueue_scripts</code> hooks. This notice was triggered by the <code>css_global_style</code> handle. Please see <a href="https://developer.wordpress.org/advanced-administration/debug/debug-wordpress/">Debugging in WordPress</a> for more information. (This message was added in version 3.3.0.) in /wordpress/wp-includes/functions.php on line 6121
[02-Jun-2025 07:01:07 UTC] PHP Notice:  Function wp_enqueue_script was called <strong>incorrectly</strong>. Scripts and styles should not be registered or enqueued until the <code>wp_enqueue_scripts</code>, <code>admin_enqueue_scripts</code>, or <code>login_enqueue_scripts</code> hooks. This notice was triggered by the <code>css_clipboard_script</code> handle. Please see <a href="https://developer.wordpress.org/advanced-administration/debug/debug-wordpress/">Debugging in WordPress</a> for more information. (This message was added in version 3.3.0.) in /wordpress/wp-includes/functions.php on line 6121
[02-Jun-2025 07:01:07 UTC] PHP Notice:  Function wp_enqueue_script was called <strong>incorrectly</strong>. Scripts and styles should not be registered or enqueued until the <code>wp_enqueue_scripts</code>, <code>admin_enqueue_scripts</code>, or <code>login_enqueue_scripts</code> hooks. This notice was triggered by the <code>css_global_script</code> handle. Please see <a href="https://developer.wordpress.org/advanced-administration/debug/debug-wordpress/">Debugging in WordPress</a> for more information. (This message was added in version 3.3.0.) in /wordpress/wp-includes/functions.php on line 6121
[02-Jun-2025 07:01:07 UTC] PHP Notice:  Function wp_enqueue_style was called <strong>incorrectly</strong>. Scripts and styles should not be registered or enqueued until the <code>wp_enqueue_scripts</code>, <code>admin_enqueue_scripts</code>, or <code>login_enqueue_scripts</code> hooks. This notice was triggered by the <code>fontawesome-css</code> handle. Please see <a href="https://developer.wordpress.org/advanced-administration/debug/debug-wordpress/">Debugging in WordPress</a> for more information. (This message was added in version 3.3.0.) in /wordpress/wp-includes/functions.php on line 6121
[02-Jun-2025 07:01:07 UTC] PHP Notice:  Function is_feed was called <strong>incorrectly</strong>. Conditional query tags do not work before the query is run. Before then, they always return false. Please see <a href="https://developer.wordpress.org/advanced-administration/debug/debug-wordpress/">Debugging in WordPress</a> for more information. (This message was added in version 3.1.0.) in /wordpress/wp-includes/functions.php on line 6121
[02-Jun-2025 07:01:07 UTC] PHP Notice:  Function wp_enqueue_style was called <strong>incorrectly</strong>. Scripts and styles should not be registered or enqueued until the <code>wp_enqueue_scripts</code>, <code>admin_enqueue_scripts</code>, or <code>login_enqueue_scripts</code> hooks. This notice was triggered by the <code>css_global_style</code> handle. Please see <a href="https://developer.wordpress.org/advanced-administration/debug/debug-wordpress/">Debugging in WordPress</a> for more information. (This message was added in version 3.3.0.) in /wordpress/wp-includes/functions.php on line 6121
[02-Jun-2025 07:01:15 UTC] PHP Notice:  Function wp_enqueue_script was called <strong>incorrectly</strong>. Scripts and styles should not be registered or enqueued until the <code>wp_enqueue_scripts</code>, <code>admin_enqueue_scripts</code>, or <code>login_enqueue_scripts</code> hooks. This notice was triggered by the <code>css_clipboard_script</code> handle. Please see <a href="https://developer.wordpress.org/advanced-administration/debug/debug-wordpress/">Debugging in WordPress</a> for more information. (This message was added in version 3.3.0.) in /wordpress/wp-includes/functions.php on line 6121
[02-Jun-2025 07:01:15 UTC] PHP Notice:  Function wp_enqueue_script was called <strong>incorrectly</strong>. Scripts and styles should not be registered or enqueued until the <code>wp_enqueue_scripts</code>, <code>admin_enqueue_scripts</code>, or <code>login_enqueue_scripts</code> hooks. This notice was triggered by the <code>css_global_script</code> handle. Please see <a href="https://developer.wordpress.org/advanced-administration/debug/debug-wordpress/">Debugging in WordPress</a> for more information. (This message was added in version 3.3.0.) in /wordpress/wp-includes/functions.php on line 6121
[02-Jun-2025 07:01:15 UTC] PHP Notice:  Function wp_enqueue_style was called <strong>incorrectly</strong>. Scripts and styles should not be registered or enqueued until the <code>wp_enqueue_scripts</code>, <code>admin_enqueue_scripts</code>, or <code>login_enqueue_scripts</code> hooks. This notice was triggered by the <code>fontawesome-css</code> handle. Please see <a href="https://developer.wordpress.org/advanced-administration/debug/debug-wordpress/">Debugging in WordPress</a> for more information. (This message was added in version 3.3.0.) in /wordpress/wp-includes/functions.php on line 6121
[02-Jun-2025 07:01:15 UTC] PHP Notice:  Function is_feed was called <strong>incorrectly</strong>. Conditional query tags do not work before the query is run. Before then, they always return false. Please see <a href="https://developer.wordpress.org/advanced-administration/debug/debug-wordpress/">Debugging in WordPress</a> for more information. (This message was added in version 3.1.0.) in /wordpress/wp-includes/functions.php on line 6121
[02-Jun-2025 07:01:15 UTC] PHP Notice:  Function wp_enqueue_style was called <strong>incorrectly</strong>. Scripts and styles should not be registered or enqueued until the <code>wp_enqueue_scripts</code>, <code>admin_enqueue_scripts</code>, or <code>login_enqueue_scripts</code> hooks. This notice was triggered by the <code>css_global_style</code> handle. Please see <a href="https://developer.wordpress.org/advanced-administration/debug/debug-wordpress/">Debugging in WordPress</a> for more information. (This message was added in version 3.3.0.) in /wordpress/wp-includes/functions.php on line 6121
[02-Jun-2025 07:01:26 UTC] PHP Notice:  Function _load_textdomain_just_in_time was called <strong>incorrectly</strong>. Translation loading for the <code>cartnotify</code> domain was triggered too early. This is usually an indicator for some code in the plugin or theme running too early. Translations should be loaded at the <code>init</code> action or later. Please see <a href="https://developer.wordpress.org/advanced-administration/debug/debug-wordpress/">Debugging in WordPress</a> for more information. (This message was added in version 6.7.0.) in /wordpress/wp-includes/functions.php on line 6121
[02-Jun-2025 07:01:36 UTC] PHP Notice:  Function _load_textdomain_just_in_time was called <strong>incorrectly</strong>. Translation loading for the <code>cartnotify</code> domain was triggered too early. This is usually an indicator for some code in the plugin or theme running too early. Translations should be loaded at the <code>init</code> action or later. Please see <a href="https://developer.wordpress.org/advanced-administration/debug/debug-wordpress/">Debugging in WordPress</a> for more information. (This message was added in version 6.7.0.) in /wordpress/wp-includes/functions.php on line 6121
[02-Jun-2025 07:01:46 UTC] PHP Notice:  Function _load_textdomain_just_in_time was called <strong>incorrectly</strong>. Translation loading for the <code>cartnotify</code> domain was triggered too early. This is usually an indicator for some code in the plugin or theme running too early. Translations should be loaded at the <code>init</code> action or later. Please see <a href="https://developer.wordpress.org/advanced-administration/debug/debug-wordpress/">Debugging in WordPress</a> for more information. (This message was added in version 6.7.0.) in /wordpress/wp-includes/functions.php on line 6121
[02-Jun-2025 07:05:59 UTC] PHP Deprecated:  Function supports_collation is <strong>deprecated</strong> since version 3.5.0! Use wpdb::has_cap( 'collation' ) instead. in /wordpress/wp-includes/functions.php on line 6121
[02-Jun-2025 07:06:00 UTC] PHP Notice:  Function _load_textdomain_just_in_time was called <strong>incorrectly</strong>. Translation loading for the <code>wpcvp</code> domain was triggered too early. This is usually an indicator for some code in the plugin or theme running too early. Translations should be loaded at the <code>init</code> action or later. Please see <a href="https://developer.wordpress.org/advanced-administration/debug/debug-wordpress/">Debugging in WordPress</a> for more information. (This message was added in version 6.7.0.) in /wordpress/wp-includes/functions.php on line 6121
[02-Jun-2025 07:06:09 UTC] PHP Deprecated:  Function supports_collation is <strong>deprecated</strong> since version 3.5.0! Use wpdb::has_cap( 'collation' ) instead. in /wordpress/wp-includes/functions.php on line 6121
[02-Jun-2025 07:06:10 UTC] PHP Notice:  Function _load_textdomain_just_in_time was called <strong>incorrectly</strong>. Translation loading for the <code>wpcvp</code> domain was triggered too early. This is usually an indicator for some code in the plugin or theme running too early. Translations should be loaded at the <code>init</code> action or later. Please see <a href="https://developer.wordpress.org/advanced-administration/debug/debug-wordpress/">Debugging in WordPress</a> for more information. (This message was added in version 6.7.0.) in /wordpress/wp-includes/functions.php on line 6121
[02-Jun-2025 07:06:18 UTC] PHP Deprecated:  Function supports_collation is <strong>deprecated</strong> since version 3.5.0! Use wpdb::has_cap( 'collation' ) instead. in /wordpress/wp-includes/functions.php on line 6121
[02-Jun-2025 07:06:19 UTC] PHP Notice:  Function _load_textdomain_just_in_time was called <strong>incorrectly</strong>. Translation loading for the <code>wpcvp</code> domain was triggered too early. This is usually an indicator for some code in the plugin or theme running too early. Translations should be loaded at the <code>init</code> action or later. Please see <a href="https://developer.wordpress.org/advanced-administration/debug/debug-wordpress/">Debugging in WordPress</a> for more information. (This message was added in version 6.7.0.) in /wordpress/wp-includes/functions.php on line 6121
[02-Jun-2025 07:06:55 UTC] PHP Fatal error:  Uncaught Exception: No public or secret key given in /wordpress/wp-content/plugins/concursos-tap/public/class-concursos-tap.php:372
Stack trace:
#0 /wordpress/wp-content/plugins/concursos-tap/public/class-concursos-tap.php(327): Concursos_TAP->get_oauth_access_token()
#1 /wordpress/wp-content/plugins/concursos-tap/public/class-concursos-tap.php(256): Concursos_TAP->remote_sync()
#2 /wordpress/wp-content/plugins/concursos-tap/public/class-concursos-tap.php(161): Concursos_TAP::single_activate()
#3 /wordpress/wp-includes/class-wp-hook.php(324): Concursos_TAP::activate(false)
#4 /wordpress/wp-includes/class-wp-hook.php(348): WP_Hook->apply_filters('', Array)
#5 /wordpress/wp-includes/plugin.php(517): WP_Hook->do_action(Array)
#6 /wordpress/wp-admin/includes/plugin.php(703): do_action('activate_concur...', false)
#7 /internal/eval.php(20): activate_plugin('concursos-tap/c...')
#8 {main}
  thrown in /wordpress/wp-content/plugins/concursos-tap/public/class-concursos-tap.php on line 372
[02-Jun-2025 07:07:02 UTC] PHP Fatal error:  Uncaught Exception: No public or secret key given in /wordpress/wp-content/plugins/concursos-tap/public/class-concursos-tap.php:372
Stack trace:
#0 /wordpress/wp-content/plugins/concursos-tap/public/class-concursos-tap.php(327): Concursos_TAP->get_oauth_access_token()
#1 /wordpress/wp-content/plugins/concursos-tap/public/class-concursos-tap.php(256): Concursos_TAP->remote_sync()
#2 /wordpress/wp-content/plugins/concursos-tap/public/class-concursos-tap.php(161): Concursos_TAP::single_activate()
#3 /wordpress/wp-includes/class-wp-hook.php(324): Concursos_TAP::activate(false)
#4 /wordpress/wp-includes/class-wp-hook.php(348): WP_Hook->apply_filters('', Array)
#5 /wordpress/wp-includes/plugin.php(517): WP_Hook->do_action(Array)
#6 /wordpress/wp-admin/includes/plugin.php(703): do_action('activate_concur...', false)
#7 /internal/eval.php(20): activate_plugin('concursos-tap/c...')
#8 {main}
  thrown in /wordpress/wp-content/plugins/concursos-tap/public/class-concursos-tap.php on line 372
[02-Jun-2025 07:07:11 UTC] PHP Fatal error:  Uncaught Exception: No public or secret key given in /wordpress/wp-content/plugins/concursos-tap/public/class-concursos-tap.php:372
Stack trace:
#0 /wordpress/wp-content/plugins/concursos-tap/public/class-concursos-tap.php(327): Concursos_TAP->get_oauth_access_token()
#1 /wordpress/wp-content/plugins/concursos-tap/public/class-concursos-tap.php(256): Concursos_TAP->remote_sync()
#2 /wordpress/wp-content/plugins/concursos-tap/public/class-concursos-tap.php(161): Concursos_TAP::single_activate()
#3 /wordpress/wp-includes/class-wp-hook.php(324): Concursos_TAP::activate(false)
#4 /wordpress/wp-includes/class-wp-hook.php(348): WP_Hook->apply_filters('', Array)
#5 /wordpress/wp-includes/plugin.php(517): WP_Hook->do_action(Array)
#6 /wordpress/wp-admin/includes/plugin.php(703): do_action('activate_concur...', false)
#7 /internal/eval.php(20): activate_plugin('concursos-tap/c...')
#8 {main}
  thrown in /wordpress/wp-content/plugins/concursos-tap/public/class-concursos-tap.php on line 372
[02-Jun-2025 07:09:08 UTC] PHP Warning:  The magic method CPT_onomies::__wakeup() must have public visibility in /wordpress/wp-content/plugins/cpt-onomies/cpt-onomies.php on line 292
[02-Jun-2025 07:09:08 UTC] PHP Deprecated:  Required parameter $wrapper follows optional parameter $type in /wordpress/wp-content/plugins/cpt-onomies/freemius/includes/class-fs-logger.php on line 145
[02-Jun-2025 07:09:08 UTC] PHP Deprecated:  Required parameter $taxonomy follows optional parameter $id in /wordpress/wp-content/plugins/cpt-onomies/cpt-onomy.php on line 1284
[02-Jun-2025 07:09:08 UTC] PHP Deprecated:  Required parameter $taxonomy follows optional parameter $id in /wordpress/wp-content/plugins/cpt-onomies/cpt-onomy.php on line 1333
[02-Jun-2025 07:09:08 UTC] PHP Deprecated:  Required parameter $args follows optional parameter $depth in /wordpress/wp-content/plugins/cpt-onomies/admin.php on line 1293
[02-Jun-2025 07:09:08 UTC] PHP Deprecated:  Required parameter $output follows optional parameter $depth in /wordpress/wp-content/plugins/cpt-onomies/admin.php on line 1293
[02-Jun-2025 07:09:08 UTC] PHP Warning:  The magic method CPT_onomies_Admin_Settings::__wakeup() must have public visibility in /wordpress/wp-content/plugins/cpt-onomies/admin-settings.php on line 131
[02-Jun-2025 07:09:10 UTC] PHP Warning:  The magic method CPT_onomies::__wakeup() must have public visibility in /wordpress/wp-content/plugins/cpt-onomies/cpt-onomies.php on line 292
[02-Jun-2025 07:09:10 UTC] PHP Deprecated:  Required parameter $wrapper follows optional parameter $type in /wordpress/wp-content/plugins/cpt-onomies/freemius/includes/class-fs-logger.php on line 145
[02-Jun-2025 07:09:10 UTC] PHP Deprecated:  Required parameter $taxonomy follows optional parameter $id in /wordpress/wp-content/plugins/cpt-onomies/cpt-onomy.php on line 1284
[02-Jun-2025 07:09:10 UTC] PHP Deprecated:  Required parameter $taxonomy follows optional parameter $id in /wordpress/wp-content/plugins/cpt-onomies/cpt-onomy.php on line 1333
[02-Jun-2025 07:09:19 UTC] PHP Warning:  The magic method CPT_onomies::__wakeup() must have public visibility in /wordpress/wp-content/plugins/cpt-onomies/cpt-onomies.php on line 292
[02-Jun-2025 07:09:19 UTC] PHP Deprecated:  Required parameter $wrapper follows optional parameter $type in /wordpress/wp-content/plugins/cpt-onomies/freemius/includes/class-fs-logger.php on line 145
[02-Jun-2025 07:09:19 UTC] PHP Deprecated:  Required parameter $taxonomy follows optional parameter $id in /wordpress/wp-content/plugins/cpt-onomies/cpt-onomy.php on line 1284
[02-Jun-2025 07:09:19 UTC] PHP Deprecated:  Required parameter $taxonomy follows optional parameter $id in /wordpress/wp-content/plugins/cpt-onomies/cpt-onomy.php on line 1333
[02-Jun-2025 07:09:19 UTC] PHP Deprecated:  Required parameter $args follows optional parameter $depth in /wordpress/wp-content/plugins/cpt-onomies/admin.php on line 1293
[02-Jun-2025 07:09:19 UTC] PHP Deprecated:  Required parameter $output follows optional parameter $depth in /wordpress/wp-content/plugins/cpt-onomies/admin.php on line 1293
[02-Jun-2025 07:09:19 UTC] PHP Warning:  The magic method CPT_onomies_Admin_Settings::__wakeup() must have public visibility in /wordpress/wp-content/plugins/cpt-onomies/admin-settings.php on line 131
[02-Jun-2025 07:09:21 UTC] PHP Warning:  The magic method CPT_onomies::__wakeup() must have public visibility in /wordpress/wp-content/plugins/cpt-onomies/cpt-onomies.php on line 292
[02-Jun-2025 07:09:22 UTC] PHP Deprecated:  Required parameter $wrapper follows optional parameter $type in /wordpress/wp-content/plugins/cpt-onomies/freemius/includes/class-fs-logger.php on line 145
[02-Jun-2025 07:09:22 UTC] PHP Deprecated:  Required parameter $taxonomy follows optional parameter $id in /wordpress/wp-content/plugins/cpt-onomies/cpt-onomy.php on line 1284
[02-Jun-2025 07:09:22 UTC] PHP Deprecated:  Required parameter $taxonomy follows optional parameter $id in /wordpress/wp-content/plugins/cpt-onomies/cpt-onomy.php on line 1333
[02-Jun-2025 07:09:31 UTC] PHP Warning:  The magic method CPT_onomies::__wakeup() must have public visibility in /wordpress/wp-content/plugins/cpt-onomies/cpt-onomies.php on line 292
[02-Jun-2025 07:09:31 UTC] PHP Deprecated:  Required parameter $wrapper follows optional parameter $type in /wordpress/wp-content/plugins/cpt-onomies/freemius/includes/class-fs-logger.php on line 145
[02-Jun-2025 07:09:31 UTC] PHP Deprecated:  Required parameter $taxonomy follows optional parameter $id in /wordpress/wp-content/plugins/cpt-onomies/cpt-onomy.php on line 1284
[02-Jun-2025 07:09:31 UTC] PHP Deprecated:  Required parameter $taxonomy follows optional parameter $id in /wordpress/wp-content/plugins/cpt-onomies/cpt-onomy.php on line 1333
[02-Jun-2025 07:09:31 UTC] PHP Deprecated:  Required parameter $args follows optional parameter $depth in /wordpress/wp-content/plugins/cpt-onomies/admin.php on line 1293
[02-Jun-2025 07:09:31 UTC] PHP Deprecated:  Required parameter $output follows optional parameter $depth in /wordpress/wp-content/plugins/cpt-onomies/admin.php on line 1293
[02-Jun-2025 07:09:31 UTC] PHP Warning:  The magic method CPT_onomies_Admin_Settings::__wakeup() must have public visibility in /wordpress/wp-content/plugins/cpt-onomies/admin-settings.php on line 131
[02-Jun-2025 07:09:33 UTC] PHP Warning:  The magic method CPT_onomies::__wakeup() must have public visibility in /wordpress/wp-content/plugins/cpt-onomies/cpt-onomies.php on line 292
[02-Jun-2025 07:09:33 UTC] PHP Deprecated:  Required parameter $wrapper follows optional parameter $type in /wordpress/wp-content/plugins/cpt-onomies/freemius/includes/class-fs-logger.php on line 145
[02-Jun-2025 07:09:33 UTC] PHP Deprecated:  Required parameter $taxonomy follows optional parameter $id in /wordpress/wp-content/plugins/cpt-onomies/cpt-onomy.php on line 1284
[02-Jun-2025 07:09:33 UTC] PHP Deprecated:  Required parameter $taxonomy follows optional parameter $id in /wordpress/wp-content/plugins/cpt-onomies/cpt-onomy.php on line 1333

    at Object.onBind (file:///home/runner/work/playground-tester/playground-tester/node_modules/@wp-playground/cli/index.js:237:15)
    at process.processTicksAndRejections (node:internal/process/task_queues:105:5)
    at async V (file:///home/runner/work/playground-tester/playground-tester/node_modules/@wp-playground/cli/index.js:64:10)
    at async ja (file:///home/runner/work/playground-tester/playground-tester/node_modules/@wp-playground/cli/cli.js:8161:12) {
  [cause]: Error: Error when executing the blueprint step #5 ({"step":"installPlugin","pluginData":{"resource":"wordpress.org/plugins","slug":"cross-promote-posts"},"options":{"activate":true}}) : Could not download "https://downloads.wordpress.org/plugin/cross-promote-posts.latest-stable.zip".
  				Check if the URL is correct and the server is reachable.
  				If it is reachable, the server might be blocking the request.
  				Check the browser console and network tabs for more information.
  
  				## Does the console show the error "No 'Access-Control-Allow-Origin' header"?
  
  				This means the server that hosts your file does not allow requests from other sites
  				(cross-origin requests, or CORS).	You need to move the asset to a server that allows
  				cross-origin file downloads. Learn more about CORS at
  				https://developer.mozilla.org/en-US/docs/Web/HTTP/CORS.
  
  				If your file is on GitHub, load it from "raw.githubusercontent.com".
  				Here's how to do that:
  
  				1. Start with the original GitHub URL of the file. For example:
  				https://github.com/username/repository/blob/branch/filename.
  				2. Replace "github.com" with "raw.githubusercontent.com".
  				3. Remove the "/blob/" part of the URL.
  
  				The resulting URL should look like this:
  				https://raw.githubusercontent.com/username/repository/branch/filename
  
  				Error:
  				Error: Could not download "https://downloads.wordpress.org/plugin/cross-promote-posts.latest-stable.zip"
      at Object.run (file:///home/runner/work/playground-tester/playground-tester/node_modules/@wp-playground/blueprints/index.js:12449:19)
      at process.processTicksAndRejections (node:internal/process/task_queues:105:5)
      at async ms (file:///home/runner/work/playground-tester/playground-tester/node_modules/@wp-playground/blueprints/index.js:12552:3)
      at async Object.onBind (file:///home/runner/work/playground-tester/playground-tester/node_modules/@wp-playground/cli/index.js:227:48)
      at async V (file:///home/runner/work/playground-tester/playground-tester/node_modules/@wp-playground/cli/index.js:64:10)
      at async ja (file:///home/runner/work/playground-tester/playground-tester/node_modules/@wp-playground/cli/cli.js:8161:12) {
    [cause]: Error: Could not download "https://downloads.wordpress.org/plugin/cross-promote-posts.latest-stable.zip".
    				Check if the URL is correct and the server is reachable.
    				If it is reachable, the server might be blocking the request.
    				Check the browser console and network tabs for more information.
    
    				## Does the console show the error "No 'Access-Control-Allow-Origin' header"?
    
    				This means the server that hosts your file does not allow requests from other sites
    				(cross-origin requests, or CORS).	You need to move the asset to a server that allows
    				cross-origin file downloads. Learn more about CORS at
    				https://developer.mozilla.org/en-US/docs/Web/HTTP/CORS.
    
    				If your file is on GitHub, load it from "raw.githubusercontent.com".
    				Here's how to do that:
    
    				1. Start with the original GitHub URL of the file. For example:
    				https://github.com/username/repository/blob/branch/filename.
    				2. Replace "github.com" with "raw.githubusercontent.com".
    				3. Remove the "/blob/" part of the URL.
    
    				The resulting URL should look like this:
    				https://raw.githubusercontent.com/username/repository/branch/filename
    
    				Error:
    				Error: Could not download "https://downloads.wordpress.org/plugin/cross-promote-posts.latest-stable.zip"
        at Ct.resolve (file:///home/runner/work/playground-tester/playground-tester/node_modules/@wp-playground/blueprints/index.js:1472:13)
        at process.processTicksAndRejections (node:internal/process/task_queues:105:5)
        at async _.run (file:///home/runner/work/playground-tester/playground-tester/node_modules/@php-wasm/util/index.js:45:14)
  }
}

Node.js v23.11.0
