[
{"message":"file:///home/runner/work/playground-tester/playground-tester/node_modules/@wp-playground/cli/index.js:237\n        throw new Error(y, { cause: u });\n              ^\n","level":"FATAL","type":"PLAYGROUND","test":"jspi-boot","plugin":"wp-feedreader","details":"file:///home/runner/work/playground-tester/playground-tester/node_modules/@wp-playground/cli/index.js:237\n        throw new Error(y, { cause: u });\n              ^\n","log":"/tmp/tmp.PhvDiXY7To"}
,
{"message":"Function _load_textdomain_just_in_time was called <strong>incorrectly</strong>. Translation loading for the <code>woocommerce</code> domain was triggered too early. This is usually an indicator for some code in the plugin or theme running too early. Translations should be loaded at the <code>init</code> action or later. Please see <a href=\"https://developer.wordpress.org/advanced-administration/debug/debug-wordpress/\">Debugging in WordPress</a> for more information. (This message was added in version 6.7.0.) in /wordpress/wp-includes/functions.php on line 6121","level":"NOTICE","type":"PHP","test":"jspi-boot","plugin":"wp-feedreader","details":"[15-Apr-2025 17:26:10 UTC] PHP Notice:  Function _load_textdomain_just_in_time was called <strong>incorrectly</strong>. Translation loading for the <code>woocommerce</code> domain was triggered too early. This is usually an indicator for some code in the plugin or theme running too early. Translations should be loaded at the <code>init</code> action or later. Please see <a href=\"https://developer.wordpress.org/advanced-administration/debug/debug-wordpress/\">Debugging in WordPress</a> for more information. (This message was added in version 6.7.0.) in /wordpress/wp-includes/functions.php on line 6121","log":"/logs/plugins/w/wp-feedreader/error.json"}
,
{"message":"Function _load_textdomain_just_in_time was called <strong>incorrectly</strong>. Translation loading for the <code>woocommerce</code> domain was triggered too early. This is usually an indicator for some code in the plugin or theme running too early. Translations should be loaded at the <code>init</code> action or later. Please see <a href=\"https://developer.wordpress.org/advanced-administration/debug/debug-wordpress/\">Debugging in WordPress</a> for more information. (This message was added in version 6.7.0.) in /wordpress/wp-includes/functions.php on line 6121","level":"NOTICE","type":"PHP","test":"jspi-boot","plugin":"wp-feedreader","details":"[15-Apr-2025 17:26:52 UTC] PHP Notice:  Function _load_textdomain_just_in_time was called <strong>incorrectly</strong>. Translation loading for the <code>woocommerce</code> domain was triggered too early. This is usually an indicator for some code in the plugin or theme running too early. Translations should be loaded at the <code>init</code> action or later. Please see <a href=\"https://developer.wordpress.org/advanced-administration/debug/debug-wordpress/\">Debugging in WordPress</a> for more information. (This message was added in version 6.7.0.) in /wordpress/wp-includes/functions.php on line 6121","log":"/logs/plugins/w/wp-feedreader/error.json"}
,
{"message":"Function _load_textdomain_just_in_time was called <strong>incorrectly</strong>. Translation loading for the <code>woocommerce</code> domain was triggered too early. This is usually an indicator for some code in the plugin or theme running too early. Translations should be loaded at the <code>init</code> action or later. Please see <a href=\"https://developer.wordpress.org/advanced-administration/debug/debug-wordpress/\">Debugging in WordPress</a> for more information. (This message was added in version 6.7.0.) in /wordpress/wp-includes/functions.php on line 6121","level":"NOTICE","type":"PHP","test":"jspi-boot","plugin":"wp-feedreader","details":"[15-Apr-2025 17:27:36 UTC] PHP Notice:  Function _load_textdomain_just_in_time was called <strong>incorrectly</strong>. Translation loading for the <code>woocommerce</code> domain was triggered too early. This is usually an indicator for some code in the plugin or theme running too early. Translations should be loaded at the <code>init</code> action or later. Please see <a href=\"https://developer.wordpress.org/advanced-administration/debug/debug-wordpress/\">Debugging in WordPress</a> for more information. (This message was added in version 6.7.0.) in /wordpress/wp-includes/functions.php on line 6121","log":"/logs/plugins/w/wp-feedreader/error.json"}
,
{"message":"Undefined variable $Base_name in /wordpress/wp-content/plugins/wp-auto-backup/Data.php on line 47","level":"WARNING","type":"PHP","test":"jspi-boot","plugin":"wp-feedreader","details":"[15-Apr-2025 17:27:54 UTC] PHP Warning:  Undefined variable $Base_name in /wordpress/wp-content/plugins/wp-auto-backup/Data.php on line 47","log":"/logs/plugins/w/wp-feedreader/error.json"}
,
{"message":"Uncaught PDOException: SQLSTATE[HY000] [2002] Address family not supported by protocol in /wordpress/wp-content/plugins/wp-auto-backup/Store.class.php:16","level":"FATAL","type":"PHP","test":"jspi-boot","plugin":"wp-feedreader","details":"[15-Apr-2025 17:27:55 UTC] PHP Fatal error:  Uncaught PDOException: SQLSTATE[HY000] [2002] Address family not supported by protocol in /wordpress/wp-content/plugins/wp-auto-backup/Store.class.php:16\nStack trace:\n#0 /wordpress/wp-content/plugins/wp-auto-backup/Store.class.php(16): PDO->__construct('mysql:host=;dbn...', '', '')\n#1 /wordpress/wp-content/plugins/wp-auto-backup/Store.class.php(44): dj_store->Open_DataBase()\n#2 /wordpress/wp-content/plugins/wp-auto-backup/Database_Backup.php(361): dj_store->Sql_Operation_WR('\\nCREATE TABLE I...')\n#3 /wordpress/wp-content/plugins/wp-auto-backup/Main.php(61): dj_operation->Create_BackUp_Table()\n#4 /wordpress/wp-includes/class-wp-hook.php(324): dj_databases_backup->create_options_table('')\n#5 /wordpress/wp-includes/class-wp-hook.php(348): WP_Hook->apply_filters(NULL, Array)\n#6 /wordpress/wp-includes/plugin.php(517): WP_Hook->do_action(Array)\n#7 /wordpress/wp-settings.php(727): do_action('init')\n#8 /wordpress/wp-config.php(102): require_once('/wordpress/wp-s...')\n#9 /wordpress/wp-load.php(50): require_once('/wordpress/wp-c...')\n#10 /internal/eval.php(3): require_once('/wordpress/wp-l...')\n#11 {main}\n  thrown in /wordpress/wp-content/plugins/wp-auto-backup/Store.class.php on line 16","log":"/logs/plugins/w/wp-feedreader/error.json"}
,
{"message":"Undefined variable $Base_name in /wordpress/wp-content/plugins/wp-auto-backup/Data.php on line 47","level":"WARNING","type":"PHP","test":"jspi-boot","plugin":"wp-feedreader","details":"[15-Apr-2025 17:28:04 UTC] PHP Warning:  Undefined variable $Base_name in /wordpress/wp-content/plugins/wp-auto-backup/Data.php on line 47","log":"/logs/plugins/w/wp-feedreader/error.json"}
,
{"message":"Uncaught PDOException: SQLSTATE[HY000] [2002] Address family not supported by protocol in /wordpress/wp-content/plugins/wp-auto-backup/Store.class.php:16","level":"FATAL","type":"PHP","test":"jspi-boot","plugin":"wp-feedreader","details":"[15-Apr-2025 17:28:05 UTC] PHP Fatal error:  Uncaught PDOException: SQLSTATE[HY000] [2002] Address family not supported by protocol in /wordpress/wp-content/plugins/wp-auto-backup/Store.class.php:16\nStack trace:\n#0 /wordpress/wp-content/plugins/wp-auto-backup/Store.class.php(16): PDO->__construct('mysql:host=;dbn...', '', '')\n#1 /wordpress/wp-content/plugins/wp-auto-backup/Store.class.php(44): dj_store->Open_DataBase()\n#2 /wordpress/wp-content/plugins/wp-auto-backup/Database_Backup.php(361): dj_store->Sql_Operation_WR('\\nCREATE TABLE I...')\n#3 /wordpress/wp-content/plugins/wp-auto-backup/Main.php(61): dj_operation->Create_BackUp_Table()\n#4 /wordpress/wp-includes/class-wp-hook.php(324): dj_databases_backup->create_options_table('')\n#5 /wordpress/wp-includes/class-wp-hook.php(348): WP_Hook->apply_filters(NULL, Array)\n#6 /wordpress/wp-includes/plugin.php(517): WP_Hook->do_action(Array)\n#7 /wordpress/wp-settings.php(727): do_action('init')\n#8 /wordpress/wp-config.php(102): require_once('/wordpress/wp-s...')\n#9 /wordpress/wp-load.php(50): require_once('/wordpress/wp-c...')\n#10 /internal/eval.php(3): require_once('/wordpress/wp-l...')\n#11 {main}\n  thrown in /wordpress/wp-content/plugins/wp-auto-backup/Store.class.php on line 16","log":"/logs/plugins/w/wp-feedreader/error.json"}
,
{"message":"Undefined variable $Base_name in /wordpress/wp-content/plugins/wp-auto-backup/Data.php on line 47","level":"WARNING","type":"PHP","test":"jspi-boot","plugin":"wp-feedreader","details":"[15-Apr-2025 17:28:13 UTC] PHP Warning:  Undefined variable $Base_name in /wordpress/wp-content/plugins/wp-auto-backup/Data.php on line 47","log":"/logs/plugins/w/wp-feedreader/error.json"}
,
{"message":"Uncaught PDOException: SQLSTATE[HY000] [2002] Address family not supported by protocol in /wordpress/wp-content/plugins/wp-auto-backup/Store.class.php:16","level":"FATAL","type":"PHP","test":"jspi-boot","plugin":"wp-feedreader","details":"[15-Apr-2025 17:28:15 UTC] PHP Fatal error:  Uncaught PDOException: SQLSTATE[HY000] [2002] Address family not supported by protocol in /wordpress/wp-content/plugins/wp-auto-backup/Store.class.php:16\nStack trace:\n#0 /wordpress/wp-content/plugins/wp-auto-backup/Store.class.php(16): PDO->__construct('mysql:host=;dbn...', '', '')\n#1 /wordpress/wp-content/plugins/wp-auto-backup/Store.class.php(44): dj_store->Open_DataBase()\n#2 /wordpress/wp-content/plugins/wp-auto-backup/Database_Backup.php(361): dj_store->Sql_Operation_WR('\\nCREATE TABLE I...')\n#3 /wordpress/wp-content/plugins/wp-auto-backup/Main.php(61): dj_operation->Create_BackUp_Table()\n#4 /wordpress/wp-includes/class-wp-hook.php(324): dj_databases_backup->create_options_table('')\n#5 /wordpress/wp-includes/class-wp-hook.php(348): WP_Hook->apply_filters(NULL, Array)\n#6 /wordpress/wp-includes/plugin.php(517): WP_Hook->do_action(Array)\n#7 /wordpress/wp-settings.php(727): do_action('init')\n#8 /wordpress/wp-config.php(102): require_once('/wordpress/wp-s...')\n#9 /wordpress/wp-load.php(50): require_once('/wordpress/wp-c...')\n#10 /internal/eval.php(3): require_once('/wordpress/wp-l...')\n#11 {main}\n  thrown in /wordpress/wp-content/plugins/wp-auto-backup/Store.class.php on line 16","log":"/logs/plugins/w/wp-feedreader/error.json"}
,
{"message":"\"continue\" targeting switch is equivalent to \"break\". Did you mean to use \"continue 2\"? in /wordpress/wp-content/plugins/wp-ecommerce-compare-products/admin/admin-interface.php on line 243","level":"WARNING","type":"PHP","test":"jspi-boot","plugin":"wp-feedreader","details":"[15-Apr-2025 17:28:53 UTC] PHP Warning:  \"continue\" targeting switch is equivalent to \"break\". Did you mean to use \"continue 2\"? in /wordpress/wp-content/plugins/wp-ecommerce-compare-products/admin/admin-interface.php on line 243","log":"/logs/plugins/w/wp-feedreader/error.json"}
,
{"message":"Uncaught Error: Call to undefined function create_function() in /wordpress/wp-content/plugins/wp-ecommerce-compare-products/widget/class-compare_widget.php:6","level":"FATAL","type":"PHP","test":"jspi-boot","plugin":"wp-feedreader","details":"[15-Apr-2025 17:28:53 UTC] PHP Fatal error:  Uncaught Error: Call to undefined function create_function() in /wordpress/wp-content/plugins/wp-ecommerce-compare-products/widget/class-compare_widget.php:6\nStack trace:\n#0 /wordpress/wp-content/plugins/wp-ecommerce-compare-products/compare_products.php(66): include()\n#1 /wordpress/wp-admin/includes/plugin.php(2387): include_once('/wordpress/wp-c...')\n#2 /wordpress/wp-admin/includes/plugin.php(673): plugin_sandbox_scrape('wp-ecommerce-co...')\n#3 /internal/eval.php(20): activate_plugin('wp-ecommerce-co...')\n#4 {main}\n  thrown in /wordpress/wp-content/plugins/wp-ecommerce-compare-products/widget/class-compare_widget.php on line 6","log":"/logs/plugins/w/wp-feedreader/error.json"}
,
{"message":"\"continue\" targeting switch is equivalent to \"break\". Did you mean to use \"continue 2\"? in /wordpress/wp-content/plugins/wp-ecommerce-compare-products/admin/admin-interface.php on line 243","level":"WARNING","type":"PHP","test":"jspi-boot","plugin":"wp-feedreader","details":"[15-Apr-2025 17:29:02 UTC] PHP Warning:  \"continue\" targeting switch is equivalent to \"break\". Did you mean to use \"continue 2\"? in /wordpress/wp-content/plugins/wp-ecommerce-compare-products/admin/admin-interface.php on line 243","log":"/logs/plugins/w/wp-feedreader/error.json"}
,
{"message":"Uncaught Error: Call to undefined function create_function() in /wordpress/wp-content/plugins/wp-ecommerce-compare-products/widget/class-compare_widget.php:6","level":"FATAL","type":"PHP","test":"jspi-boot","plugin":"wp-feedreader","details":"[15-Apr-2025 17:29:02 UTC] PHP Fatal error:  Uncaught Error: Call to undefined function create_function() in /wordpress/wp-content/plugins/wp-ecommerce-compare-products/widget/class-compare_widget.php:6\nStack trace:\n#0 /wordpress/wp-content/plugins/wp-ecommerce-compare-products/compare_products.php(66): include()\n#1 /wordpress/wp-admin/includes/plugin.php(2387): include_once('/wordpress/wp-c...')\n#2 /wordpress/wp-admin/includes/plugin.php(673): plugin_sandbox_scrape('wp-ecommerce-co...')\n#3 /internal/eval.php(20): activate_plugin('wp-ecommerce-co...')\n#4 {main}\n  thrown in /wordpress/wp-content/plugins/wp-ecommerce-compare-products/widget/class-compare_widget.php on line 6","log":"/logs/plugins/w/wp-feedreader/error.json"}
,
{"message":"\"continue\" targeting switch is equivalent to \"break\". Did you mean to use \"continue 2\"? in /wordpress/wp-content/plugins/wp-ecommerce-compare-products/admin/admin-interface.php on line 243","level":"WARNING","type":"PHP","test":"jspi-boot","plugin":"wp-feedreader","details":"[15-Apr-2025 17:29:10 UTC] PHP Warning:  \"continue\" targeting switch is equivalent to \"break\". Did you mean to use \"continue 2\"? in /wordpress/wp-content/plugins/wp-ecommerce-compare-products/admin/admin-interface.php on line 243","log":"/logs/plugins/w/wp-feedreader/error.json"}
,
{"message":"Uncaught Error: Call to undefined function create_function() in /wordpress/wp-content/plugins/wp-ecommerce-compare-products/widget/class-compare_widget.php:6","level":"FATAL","type":"PHP","test":"jspi-boot","plugin":"wp-feedreader","details":"[15-Apr-2025 17:29:10 UTC] PHP Fatal error:  Uncaught Error: Call to undefined function create_function() in /wordpress/wp-content/plugins/wp-ecommerce-compare-products/widget/class-compare_widget.php:6\nStack trace:\n#0 /wordpress/wp-content/plugins/wp-ecommerce-compare-products/compare_products.php(66): include()\n#1 /wordpress/wp-admin/includes/plugin.php(2387): include_once('/wordpress/wp-c...')\n#2 /wordpress/wp-admin/includes/plugin.php(673): plugin_sandbox_scrape('wp-ecommerce-co...')\n#3 /internal/eval.php(20): activate_plugin('wp-ecommerce-co...')\n#4 {main}\n  thrown in /wordpress/wp-content/plugins/wp-ecommerce-compare-products/widget/class-compare_widget.php on line 6","log":"/logs/plugins/w/wp-feedreader/error.json"}
,
{"message":"Uncaught Error: Undefined constant \"wpgft_eval_PostData\" in /wordpress/wp-content/plugins/wp-gift-cert/wpgft-loader.php:414","level":"FATAL","type":"PHP","test":"jspi-boot","plugin":"wp-feedreader","details":"[15-Apr-2025 17:29:19 UTC] PHP Fatal error:  Uncaught Error: Undefined constant \"wpgft_eval_PostData\" in /wordpress/wp-content/plugins/wp-gift-cert/wpgft-loader.php:414\nStack trace:\n#0 /wordpress/wp-content/plugins/wp-gift-cert/wpgft.php(38): require_once()\n#1 /wordpress/wp-admin/includes/plugin.php(2387): include_once('/wordpress/wp-c...')\n#2 /wordpress/wp-admin/includes/plugin.php(673): plugin_sandbox_scrape('wp-gift-cert/wp...')\n#3 /internal/eval.php(20): activate_plugin('wp-gift-cert/wp...')\n#4 {main}\n  thrown in /wordpress/wp-content/plugins/wp-gift-cert/wpgft-loader.php on line 414","log":"/logs/plugins/w/wp-feedreader/error.json"}
,
{"message":"Uncaught Error: Undefined constant \"wpgft_eval_PostData\" in /wordpress/wp-content/plugins/wp-gift-cert/wpgft-loader.php:414","level":"FATAL","type":"PHP","test":"jspi-boot","plugin":"wp-feedreader","details":"[15-Apr-2025 17:29:27 UTC] PHP Fatal error:  Uncaught Error: Undefined constant \"wpgft_eval_PostData\" in /wordpress/wp-content/plugins/wp-gift-cert/wpgft-loader.php:414\nStack trace:\n#0 /wordpress/wp-content/plugins/wp-gift-cert/wpgft.php(38): require_once()\n#1 /wordpress/wp-admin/includes/plugin.php(2387): include_once('/wordpress/wp-c...')\n#2 /wordpress/wp-admin/includes/plugin.php(673): plugin_sandbox_scrape('wp-gift-cert/wp...')\n#3 /internal/eval.php(20): activate_plugin('wp-gift-cert/wp...')\n#4 {main}\n  thrown in /wordpress/wp-content/plugins/wp-gift-cert/wpgft-loader.php on line 414","log":"/logs/plugins/w/wp-feedreader/error.json"}
,
{"message":"Uncaught Error: Undefined constant \"wpgft_eval_PostData\" in /wordpress/wp-content/plugins/wp-gift-cert/wpgft-loader.php:414","level":"FATAL","type":"PHP","test":"jspi-boot","plugin":"wp-feedreader","details":"[15-Apr-2025 17:29:35 UTC] PHP Fatal error:  Uncaught Error: Undefined constant \"wpgft_eval_PostData\" in /wordpress/wp-content/plugins/wp-gift-cert/wpgft-loader.php:414\nStack trace:\n#0 /wordpress/wp-content/plugins/wp-gift-cert/wpgft.php(38): require_once()\n#1 /wordpress/wp-admin/includes/plugin.php(2387): include_once('/wordpress/wp-c...')\n#2 /wordpress/wp-admin/includes/plugin.php(673): plugin_sandbox_scrape('wp-gift-cert/wp...')\n#3 /internal/eval.php(20): activate_plugin('wp-gift-cert/wp...')\n#4 {main}\n  thrown in /wordpress/wp-content/plugins/wp-gift-cert/wpgft-loader.php on line 414","log":"/logs/plugins/w/wp-feedreader/error.json"}
,
{"message":"Required parameter $image follows optional parameter $unit in /wordpress/wp-content/plugins/wp-image-uploader/includes/PHPImageWorkshop/Core/ImageWorkshopLayer.php on line 497","level":"DEPRECATED","type":"PHP","test":"jspi-boot","plugin":"wp-feedreader","details":"[15-Apr-2025 17:29:44 UTC] PHP Deprecated:  Required parameter $image follows optional parameter $unit in /wordpress/wp-content/plugins/wp-image-uploader/includes/PHPImageWorkshop/Core/ImageWorkshopLayer.php on line 497","log":"/logs/plugins/w/wp-feedreader/error.json"}
,
{"message":"Required parameter $newLargestSideWidth follows optional parameter $unit in /wordpress/wp-content/plugins/wp-image-uploader/includes/PHPImageWorkshop/Core/ImageWorkshopLayer.php on line 837","level":"DEPRECATED","type":"PHP","test":"jspi-boot","plugin":"wp-feedreader","details":"[15-Apr-2025 17:29:44 UTC] PHP Deprecated:  Required parameter $newLargestSideWidth follows optional parameter $unit in /wordpress/wp-content/plugins/wp-image-uploader/includes/PHPImageWorkshop/Core/ImageWorkshopLayer.php on line 837","log":"/logs/plugins/w/wp-feedreader/error.json"}
,
{"message":"Required parameter $newNarrowSideWidth follows optional parameter $unit in /wordpress/wp-content/plugins/wp-image-uploader/includes/PHPImageWorkshop/Core/ImageWorkshopLayer.php on line 879","level":"DEPRECATED","type":"PHP","test":"jspi-boot","plugin":"wp-feedreader","details":"[15-Apr-2025 17:29:44 UTC] PHP Deprecated:  Required parameter $newNarrowSideWidth follows optional parameter $unit in /wordpress/wp-content/plugins/wp-image-uploader/includes/PHPImageWorkshop/Core/ImageWorkshopLayer.php on line 879","log":"/logs/plugins/w/wp-feedreader/error.json"}
,
{"message":"Required parameter $position follows optional parameter $positionX in /wordpress/wp-content/plugins/wp-image-uploader/includes/PHPImageWorkshop/Core/ImageWorkshopLayer.php on line 1613","level":"DEPRECATED","type":"PHP","test":"jspi-boot","plugin":"wp-feedreader","details":"[15-Apr-2025 17:29:44 UTC] PHP Deprecated:  Required parameter $position follows optional parameter $positionX in /wordpress/wp-content/plugins/wp-image-uploader/includes/PHPImageWorkshop/Core/ImageWorkshopLayer.php on line 1613","log":"/logs/plugins/w/wp-feedreader/error.json"}
,
{"message":"Required parameter $image follows optional parameter $unit in /wordpress/wp-content/plugins/wp-image-uploader/includes/PHPImageWorkshop/Core/ImageWorkshopLayer.php on line 497","level":"DEPRECATED","type":"PHP","test":"jspi-boot","plugin":"wp-feedreader","details":"[15-Apr-2025 17:29:46 UTC] PHP Deprecated:  Required parameter $image follows optional parameter $unit in /wordpress/wp-content/plugins/wp-image-uploader/includes/PHPImageWorkshop/Core/ImageWorkshopLayer.php on line 497","log":"/logs/plugins/w/wp-feedreader/error.json"}
,
{"message":"Required parameter $newLargestSideWidth follows optional parameter $unit in /wordpress/wp-content/plugins/wp-image-uploader/includes/PHPImageWorkshop/Core/ImageWorkshopLayer.php on line 837","level":"DEPRECATED","type":"PHP","test":"jspi-boot","plugin":"wp-feedreader","details":"[15-Apr-2025 17:29:46 UTC] PHP Deprecated:  Required parameter $newLargestSideWidth follows optional parameter $unit in /wordpress/wp-content/plugins/wp-image-uploader/includes/PHPImageWorkshop/Core/ImageWorkshopLayer.php on line 837","log":"/logs/plugins/w/wp-feedreader/error.json"}
,
{"message":"Required parameter $newNarrowSideWidth follows optional parameter $unit in /wordpress/wp-content/plugins/wp-image-uploader/includes/PHPImageWorkshop/Core/ImageWorkshopLayer.php on line 879","level":"DEPRECATED","type":"PHP","test":"jspi-boot","plugin":"wp-feedreader","details":"[15-Apr-2025 17:29:46 UTC] PHP Deprecated:  Required parameter $newNarrowSideWidth follows optional parameter $unit in /wordpress/wp-content/plugins/wp-image-uploader/includes/PHPImageWorkshop/Core/ImageWorkshopLayer.php on line 879","log":"/logs/plugins/w/wp-feedreader/error.json"}
,
{"message":"Required parameter $position follows optional parameter $positionX in /wordpress/wp-content/plugins/wp-image-uploader/includes/PHPImageWorkshop/Core/ImageWorkshopLayer.php on line 1613","level":"DEPRECATED","type":"PHP","test":"jspi-boot","plugin":"wp-feedreader","details":"[15-Apr-2025 17:29:46 UTC] PHP Deprecated:  Required parameter $position follows optional parameter $positionX in /wordpress/wp-content/plugins/wp-image-uploader/includes/PHPImageWorkshop/Core/ImageWorkshopLayer.php on line 1613","log":"/logs/plugins/w/wp-feedreader/error.json"}
,
{"message":"Required parameter $image follows optional parameter $unit in /wordpress/wp-content/plugins/wp-image-uploader/includes/PHPImageWorkshop/Core/ImageWorkshopLayer.php on line 497","level":"DEPRECATED","type":"PHP","test":"jspi-boot","plugin":"wp-feedreader","details":"[15-Apr-2025 17:29:54 UTC] PHP Deprecated:  Required parameter $image follows optional parameter $unit in /wordpress/wp-content/plugins/wp-image-uploader/includes/PHPImageWorkshop/Core/ImageWorkshopLayer.php on line 497","log":"/logs/plugins/w/wp-feedreader/error.json"}
,
{"message":"Required parameter $newLargestSideWidth follows optional parameter $unit in /wordpress/wp-content/plugins/wp-image-uploader/includes/PHPImageWorkshop/Core/ImageWorkshopLayer.php on line 837","level":"DEPRECATED","type":"PHP","test":"jspi-boot","plugin":"wp-feedreader","details":"[15-Apr-2025 17:29:54 UTC] PHP Deprecated:  Required parameter $newLargestSideWidth follows optional parameter $unit in /wordpress/wp-content/plugins/wp-image-uploader/includes/PHPImageWorkshop/Core/ImageWorkshopLayer.php on line 837","log":"/logs/plugins/w/wp-feedreader/error.json"}
,
{"message":"Required parameter $newNarrowSideWidth follows optional parameter $unit in /wordpress/wp-content/plugins/wp-image-uploader/includes/PHPImageWorkshop/Core/ImageWorkshopLayer.php on line 879","level":"DEPRECATED","type":"PHP","test":"jspi-boot","plugin":"wp-feedreader","details":"[15-Apr-2025 17:29:54 UTC] PHP Deprecated:  Required parameter $newNarrowSideWidth follows optional parameter $unit in /wordpress/wp-content/plugins/wp-image-uploader/includes/PHPImageWorkshop/Core/ImageWorkshopLayer.php on line 879","log":"/logs/plugins/w/wp-feedreader/error.json"}
,
{"message":"Required parameter $position follows optional parameter $positionX in /wordpress/wp-content/plugins/wp-image-uploader/includes/PHPImageWorkshop/Core/ImageWorkshopLayer.php on line 1613","level":"DEPRECATED","type":"PHP","test":"jspi-boot","plugin":"wp-feedreader","details":"[15-Apr-2025 17:29:54 UTC] PHP Deprecated:  Required parameter $position follows optional parameter $positionX in /wordpress/wp-content/plugins/wp-image-uploader/includes/PHPImageWorkshop/Core/ImageWorkshopLayer.php on line 1613","log":"/logs/plugins/w/wp-feedreader/error.json"}
,
{"message":"Required parameter $image follows optional parameter $unit in /wordpress/wp-content/plugins/wp-image-uploader/includes/PHPImageWorkshop/Core/ImageWorkshopLayer.php on line 497","level":"DEPRECATED","type":"PHP","test":"jspi-boot","plugin":"wp-feedreader","details":"[15-Apr-2025 17:29:55 UTC] PHP Deprecated:  Required parameter $image follows optional parameter $unit in /wordpress/wp-content/plugins/wp-image-uploader/includes/PHPImageWorkshop/Core/ImageWorkshopLayer.php on line 497","log":"/logs/plugins/w/wp-feedreader/error.json"}
,
{"message":"Required parameter $newLargestSideWidth follows optional parameter $unit in /wordpress/wp-content/plugins/wp-image-uploader/includes/PHPImageWorkshop/Core/ImageWorkshopLayer.php on line 837","level":"DEPRECATED","type":"PHP","test":"jspi-boot","plugin":"wp-feedreader","details":"[15-Apr-2025 17:29:55 UTC] PHP Deprecated:  Required parameter $newLargestSideWidth follows optional parameter $unit in /wordpress/wp-content/plugins/wp-image-uploader/includes/PHPImageWorkshop/Core/ImageWorkshopLayer.php on line 837","log":"/logs/plugins/w/wp-feedreader/error.json"}
,
{"message":"Required parameter $newNarrowSideWidth follows optional parameter $unit in /wordpress/wp-content/plugins/wp-image-uploader/includes/PHPImageWorkshop/Core/ImageWorkshopLayer.php on line 879","level":"DEPRECATED","type":"PHP","test":"jspi-boot","plugin":"wp-feedreader","details":"[15-Apr-2025 17:29:55 UTC] PHP Deprecated:  Required parameter $newNarrowSideWidth follows optional parameter $unit in /wordpress/wp-content/plugins/wp-image-uploader/includes/PHPImageWorkshop/Core/ImageWorkshopLayer.php on line 879","log":"/logs/plugins/w/wp-feedreader/error.json"}
,
{"message":"Required parameter $position follows optional parameter $positionX in /wordpress/wp-content/plugins/wp-image-uploader/includes/PHPImageWorkshop/Core/ImageWorkshopLayer.php on line 1613","level":"DEPRECATED","type":"PHP","test":"jspi-boot","plugin":"wp-feedreader","details":"[15-Apr-2025 17:29:55 UTC] PHP Deprecated:  Required parameter $position follows optional parameter $positionX in /wordpress/wp-content/plugins/wp-image-uploader/includes/PHPImageWorkshop/Core/ImageWorkshopLayer.php on line 1613","log":"/logs/plugins/w/wp-feedreader/error.json"}
,
{"message":"Required parameter $image follows optional parameter $unit in /wordpress/wp-content/plugins/wp-image-uploader/includes/PHPImageWorkshop/Core/ImageWorkshopLayer.php on line 497","level":"DEPRECATED","type":"PHP","test":"jspi-boot","plugin":"wp-feedreader","details":"[15-Apr-2025 17:30:03 UTC] PHP Deprecated:  Required parameter $image follows optional parameter $unit in /wordpress/wp-content/plugins/wp-image-uploader/includes/PHPImageWorkshop/Core/ImageWorkshopLayer.php on line 497","log":"/logs/plugins/w/wp-feedreader/error.json"}
,
{"message":"Required parameter $newLargestSideWidth follows optional parameter $unit in /wordpress/wp-content/plugins/wp-image-uploader/includes/PHPImageWorkshop/Core/ImageWorkshopLayer.php on line 837","level":"DEPRECATED","type":"PHP","test":"jspi-boot","plugin":"wp-feedreader","details":"[15-Apr-2025 17:30:03 UTC] PHP Deprecated:  Required parameter $newLargestSideWidth follows optional parameter $unit in /wordpress/wp-content/plugins/wp-image-uploader/includes/PHPImageWorkshop/Core/ImageWorkshopLayer.php on line 837","log":"/logs/plugins/w/wp-feedreader/error.json"}
,
{"message":"Required parameter $newNarrowSideWidth follows optional parameter $unit in /wordpress/wp-content/plugins/wp-image-uploader/includes/PHPImageWorkshop/Core/ImageWorkshopLayer.php on line 879","level":"DEPRECATED","type":"PHP","test":"jspi-boot","plugin":"wp-feedreader","details":"[15-Apr-2025 17:30:03 UTC] PHP Deprecated:  Required parameter $newNarrowSideWidth follows optional parameter $unit in /wordpress/wp-content/plugins/wp-image-uploader/includes/PHPImageWorkshop/Core/ImageWorkshopLayer.php on line 879","log":"/logs/plugins/w/wp-feedreader/error.json"}
,
{"message":"Required parameter $position follows optional parameter $positionX in /wordpress/wp-content/plugins/wp-image-uploader/includes/PHPImageWorkshop/Core/ImageWorkshopLayer.php on line 1613","level":"DEPRECATED","type":"PHP","test":"jspi-boot","plugin":"wp-feedreader","details":"[15-Apr-2025 17:30:03 UTC] PHP Deprecated:  Required parameter $position follows optional parameter $positionX in /wordpress/wp-content/plugins/wp-image-uploader/includes/PHPImageWorkshop/Core/ImageWorkshopLayer.php on line 1613","log":"/logs/plugins/w/wp-feedreader/error.json"}
,
{"message":"Required parameter $image follows optional parameter $unit in /wordpress/wp-content/plugins/wp-image-uploader/includes/PHPImageWorkshop/Core/ImageWorkshopLayer.php on line 497","level":"DEPRECATED","type":"PHP","test":"jspi-boot","plugin":"wp-feedreader","details":"[15-Apr-2025 17:30:04 UTC] PHP Deprecated:  Required parameter $image follows optional parameter $unit in /wordpress/wp-content/plugins/wp-image-uploader/includes/PHPImageWorkshop/Core/ImageWorkshopLayer.php on line 497","log":"/logs/plugins/w/wp-feedreader/error.json"}
,
{"message":"Required parameter $newLargestSideWidth follows optional parameter $unit in /wordpress/wp-content/plugins/wp-image-uploader/includes/PHPImageWorkshop/Core/ImageWorkshopLayer.php on line 837","level":"DEPRECATED","type":"PHP","test":"jspi-boot","plugin":"wp-feedreader","details":"[15-Apr-2025 17:30:04 UTC] PHP Deprecated:  Required parameter $newLargestSideWidth follows optional parameter $unit in /wordpress/wp-content/plugins/wp-image-uploader/includes/PHPImageWorkshop/Core/ImageWorkshopLayer.php on line 837","log":"/logs/plugins/w/wp-feedreader/error.json"}
,
{"message":"Required parameter $newNarrowSideWidth follows optional parameter $unit in /wordpress/wp-content/plugins/wp-image-uploader/includes/PHPImageWorkshop/Core/ImageWorkshopLayer.php on line 879","level":"DEPRECATED","type":"PHP","test":"jspi-boot","plugin":"wp-feedreader","details":"[15-Apr-2025 17:30:04 UTC] PHP Deprecated:  Required parameter $newNarrowSideWidth follows optional parameter $unit in /wordpress/wp-content/plugins/wp-image-uploader/includes/PHPImageWorkshop/Core/ImageWorkshopLayer.php on line 879","log":"/logs/plugins/w/wp-feedreader/error.json"}
,
{"message":"Required parameter $position follows optional parameter $positionX in /wordpress/wp-content/plugins/wp-image-uploader/includes/PHPImageWorkshop/Core/ImageWorkshopLayer.php on line 1613","level":"DEPRECATED","type":"PHP","test":"jspi-boot","plugin":"wp-feedreader","details":"[15-Apr-2025 17:30:04 UTC] PHP Deprecated:  Required parameter $position follows optional parameter $positionX in /wordpress/wp-content/plugins/wp-image-uploader/includes/PHPImageWorkshop/Core/ImageWorkshopLayer.php on line 1613","log":"/logs/plugins/w/wp-feedreader/error.json"}
,
{"message":"The magic method LegisearchSettings::__wakeup() must have public visibility in /wordpress/wp-content/plugins/wp-legisearch/DataClasses/LegisearchSettings.class.php on line 28","level":"WARNING","type":"PHP","test":"jspi-boot","plugin":"wp-feedreader","details":"[15-Apr-2025 17:30:12 UTC] PHP Warning:  The magic method LegisearchSettings::__wakeup() must have public visibility in /wordpress/wp-content/plugins/wp-legisearch/DataClasses/LegisearchSettings.class.php on line 28","log":"/logs/plugins/w/wp-feedreader/error.json"}
,
{"message":"The magic method LegisearchSettings::__wakeup() must have public visibility in /wordpress/wp-content/plugins/wp-legisearch/DataClasses/LegisearchSettings.class.php on line 28","level":"WARNING","type":"PHP","test":"jspi-boot","plugin":"wp-feedreader","details":"[15-Apr-2025 17:30:13 UTC] PHP Warning:  The magic method LegisearchSettings::__wakeup() must have public visibility in /wordpress/wp-content/plugins/wp-legisearch/DataClasses/LegisearchSettings.class.php on line 28","log":"/logs/plugins/w/wp-feedreader/error.json"}
,
{"message":"The magic method LegisearchSettings::__wakeup() must have public visibility in /wordpress/wp-content/plugins/wp-legisearch/DataClasses/LegisearchSettings.class.php on line 28","level":"WARNING","type":"PHP","test":"jspi-boot","plugin":"wp-feedreader","details":"[15-Apr-2025 17:30:22 UTC] PHP Warning:  The magic method LegisearchSettings::__wakeup() must have public visibility in /wordpress/wp-content/plugins/wp-legisearch/DataClasses/LegisearchSettings.class.php on line 28","log":"/logs/plugins/w/wp-feedreader/error.json"}
,
{"message":"The magic method LegisearchSettings::__wakeup() must have public visibility in /wordpress/wp-content/plugins/wp-legisearch/DataClasses/LegisearchSettings.class.php on line 28","level":"WARNING","type":"PHP","test":"jspi-boot","plugin":"wp-feedreader","details":"[15-Apr-2025 17:30:23 UTC] PHP Warning:  The magic method LegisearchSettings::__wakeup() must have public visibility in /wordpress/wp-content/plugins/wp-legisearch/DataClasses/LegisearchSettings.class.php on line 28","log":"/logs/plugins/w/wp-feedreader/error.json"}
,
{"message":"The magic method LegisearchSettings::__wakeup() must have public visibility in /wordpress/wp-content/plugins/wp-legisearch/DataClasses/LegisearchSettings.class.php on line 28","level":"WARNING","type":"PHP","test":"jspi-boot","plugin":"wp-feedreader","details":"[15-Apr-2025 17:30:32 UTC] PHP Warning:  The magic method LegisearchSettings::__wakeup() must have public visibility in /wordpress/wp-content/plugins/wp-legisearch/DataClasses/LegisearchSettings.class.php on line 28","log":"/logs/plugins/w/wp-feedreader/error.json"}
,
{"message":"The magic method LegisearchSettings::__wakeup() must have public visibility in /wordpress/wp-content/plugins/wp-legisearch/DataClasses/LegisearchSettings.class.php on line 28","level":"WARNING","type":"PHP","test":"jspi-boot","plugin":"wp-feedreader","details":"[15-Apr-2025 17:30:33 UTC] PHP Warning:  The magic method LegisearchSettings::__wakeup() must have public visibility in /wordpress/wp-content/plugins/wp-legisearch/DataClasses/LegisearchSettings.class.php on line 28","log":"/logs/plugins/w/wp-feedreader/error.json"}
,
{"message":"Required parameter $attr follows optional parameter $output in /wordpress/wp-content/plugins/wp-media-manager-lite/inc/class/wpmdia-gallery-metadata.php on line 198","level":"DEPRECATED","type":"PHP","test":"jspi-boot","plugin":"wp-feedreader","details":"[15-Apr-2025 17:30:44 UTC] PHP Deprecated:  Required parameter $attr follows optional parameter $output in /wordpress/wp-content/plugins/wp-media-manager-lite/inc/class/wpmdia-gallery-metadata.php on line 198","log":"/logs/plugins/w/wp-feedreader/error.json"}
,
{"message":"Required parameter $attr follows optional parameter $output in /wordpress/wp-content/plugins/wp-media-manager-lite/inc/class/wpmdia-gallery-metadata.php on line 198","level":"DEPRECATED","type":"PHP","test":"jspi-boot","plugin":"wp-feedreader","details":"[15-Apr-2025 17:30:45 UTC] PHP Deprecated:  Required parameter $attr follows optional parameter $output in /wordpress/wp-content/plugins/wp-media-manager-lite/inc/class/wpmdia-gallery-metadata.php on line 198","log":"/logs/plugins/w/wp-feedreader/error.json"}
,
{"message":"Required parameter $attr follows optional parameter $output in /wordpress/wp-content/plugins/wp-media-manager-lite/inc/class/wpmdia-gallery-metadata.php on line 198","level":"DEPRECATED","type":"PHP","test":"jspi-boot","plugin":"wp-feedreader","details":"[15-Apr-2025 17:30:55 UTC] PHP Deprecated:  Required parameter $attr follows optional parameter $output in /wordpress/wp-content/plugins/wp-media-manager-lite/inc/class/wpmdia-gallery-metadata.php on line 198","log":"/logs/plugins/w/wp-feedreader/error.json"}
,
{"message":"Required parameter $attr follows optional parameter $output in /wordpress/wp-content/plugins/wp-media-manager-lite/inc/class/wpmdia-gallery-metadata.php on line 198","level":"DEPRECATED","type":"PHP","test":"jspi-boot","plugin":"wp-feedreader","details":"[15-Apr-2025 17:30:56 UTC] PHP Deprecated:  Required parameter $attr follows optional parameter $output in /wordpress/wp-content/plugins/wp-media-manager-lite/inc/class/wpmdia-gallery-metadata.php on line 198","log":"/logs/plugins/w/wp-feedreader/error.json"}
,
{"message":"Required parameter $attr follows optional parameter $output in /wordpress/wp-content/plugins/wp-media-manager-lite/inc/class/wpmdia-gallery-metadata.php on line 198","level":"DEPRECATED","type":"PHP","test":"jspi-boot","plugin":"wp-feedreader","details":"[15-Apr-2025 17:31:05 UTC] PHP Deprecated:  Required parameter $attr follows optional parameter $output in /wordpress/wp-content/plugins/wp-media-manager-lite/inc/class/wpmdia-gallery-metadata.php on line 198","log":"/logs/plugins/w/wp-feedreader/error.json"}
,
{"message":"Required parameter $attr follows optional parameter $output in /wordpress/wp-content/plugins/wp-media-manager-lite/inc/class/wpmdia-gallery-metadata.php on line 198","level":"DEPRECATED","type":"PHP","test":"jspi-boot","plugin":"wp-feedreader","details":"[15-Apr-2025 17:31:06 UTC] PHP Deprecated:  Required parameter $attr follows optional parameter $output in /wordpress/wp-content/plugins/wp-media-manager-lite/inc/class/wpmdia-gallery-metadata.php on line 198","log":"/logs/plugins/w/wp-feedreader/error.json"}
,
{"message":"Uncaught Error: Call to undefined function create_function() in /wordpress/wp-content/plugins/wp-social-seo/widget-google-reviews/grw.php:54","level":"FATAL","type":"PHP","test":"jspi-boot","plugin":"wp-feedreader","details":"[15-Apr-2025 17:31:44 UTC] PHP Fatal error:  Uncaught Error: Call to undefined function create_function() in /wordpress/wp-content/plugins/wp-social-seo/widget-google-reviews/grw.php:54\nStack trace:\n#0 /wordpress/wp-content/plugins/wp-social-seo/inc/functions.php(8): require_once()\n#1 /wordpress/wp-content/plugins/wp-social-seo/wp-social-seo.php(23): require_once('/wordpress/wp-c...')\n#2 /wordpress/wp-admin/includes/plugin.php(2387): include_once('/wordpress/wp-c...')\n#3 /wordpress/wp-admin/includes/plugin.php(673): plugin_sandbox_scrape('wp-social-seo/w...')\n#4 /internal/eval.php(20): activate_plugin('wp-social-seo/w...')\n#5 {main}\n  thrown in /wordpress/wp-content/plugins/wp-social-seo/widget-google-reviews/grw.php on line 54","log":"/logs/plugins/w/wp-feedreader/error.json"}
,
{"message":"Uncaught Error: Call to undefined function create_function() in /wordpress/wp-content/plugins/wp-social-seo/widget-google-reviews/grw.php:54","level":"FATAL","type":"PHP","test":"jspi-boot","plugin":"wp-feedreader","details":"[15-Apr-2025 17:31:53 UTC] PHP Fatal error:  Uncaught Error: Call to undefined function create_function() in /wordpress/wp-content/plugins/wp-social-seo/widget-google-reviews/grw.php:54\nStack trace:\n#0 /wordpress/wp-content/plugins/wp-social-seo/inc/functions.php(8): require_once()\n#1 /wordpress/wp-content/plugins/wp-social-seo/wp-social-seo.php(23): require_once('/wordpress/wp-c...')\n#2 /wordpress/wp-admin/includes/plugin.php(2387): include_once('/wordpress/wp-c...')\n#3 /wordpress/wp-admin/includes/plugin.php(673): plugin_sandbox_scrape('wp-social-seo/w...')\n#4 /internal/eval.php(20): activate_plugin('wp-social-seo/w...')\n#5 {main}\n  thrown in /wordpress/wp-content/plugins/wp-social-seo/widget-google-reviews/grw.php on line 54","log":"/logs/plugins/w/wp-feedreader/error.json"}
,
{"message":"Uncaught Error: Call to undefined function create_function() in /wordpress/wp-content/plugins/wp-social-seo/widget-google-reviews/grw.php:54","level":"FATAL","type":"PHP","test":"jspi-boot","plugin":"wp-feedreader","details":"[15-Apr-2025 17:32:02 UTC] PHP Fatal error:  Uncaught Error: Call to undefined function create_function() in /wordpress/wp-content/plugins/wp-social-seo/widget-google-reviews/grw.php:54\nStack trace:\n#0 /wordpress/wp-content/plugins/wp-social-seo/inc/functions.php(8): require_once()\n#1 /wordpress/wp-content/plugins/wp-social-seo/wp-social-seo.php(23): require_once('/wordpress/wp-c...')\n#2 /wordpress/wp-admin/includes/plugin.php(2387): include_once('/wordpress/wp-c...')\n#3 /wordpress/wp-admin/includes/plugin.php(673): plugin_sandbox_scrape('wp-social-seo/w...')\n#4 /internal/eval.php(20): activate_plugin('wp-social-seo/w...')\n#5 {main}\n  thrown in /wordpress/wp-content/plugins/wp-social-seo/widget-google-reviews/grw.php on line 54","log":"/logs/plugins/w/wp-feedreader/error.json"}
,
{"message":"File upgrade-functions.php is <strong>deprecated</strong> since version 2.5.0! Use wp-admin/includes/upgrade.php instead. in /wordpress/wp-includes/functions.php on line 6121","level":"DEPRECATED","type":"PHP","test":"jspi-boot","plugin":"wp-feedreader","details":"[15-Apr-2025 17:32:40 UTC] PHP Deprecated:  File upgrade-functions.php is <strong>deprecated</strong> since version 2.5.0! Use wp-admin/includes/upgrade.php instead. in /wordpress/wp-includes/functions.php on line 6121","log":"/logs/plugins/w/wp-feedreader/error.json"}
,
{"message":"File upgrade-functions.php is <strong>deprecated</strong> since version 2.5.0! Use wp-admin/includes/upgrade.php instead. in /wordpress/wp-includes/functions.php on line 6121","level":"DEPRECATED","type":"PHP","test":"jspi-boot","plugin":"wp-feedreader","details":"[15-Apr-2025 17:32:49 UTC] PHP Deprecated:  File upgrade-functions.php is <strong>deprecated</strong> since version 2.5.0! Use wp-admin/includes/upgrade.php instead. in /wordpress/wp-includes/functions.php on line 6121","log":"/logs/plugins/w/wp-feedreader/error.json"}
,
{"message":"Unexpected token in MySQL query: shown.","level":"FATAL","type":"SQL","test":"jspi-boot","plugin":"wp-feedreader","details":"[15-Apr-2025 17:32:49 UTC] WordPress database error <div style=\"clear:both\">&nbsp;</div>\n<div class=\"queries\" style=\"clear:both;margin-bottom:2px;border:red dotted thin;\">\n<p>MySQL query:</p>\n<p>CREATE TABLE wp_wpsermons (\n\t  id mediumint(9) NOT NULL AUTO_INCREMENT,\n\t\ttitle varchar(50),\n\t\tspeaker varchar(35),\n\t\tdate date,\n\t\tfilepath varchar(20),\n\t\tnotes text,\n\t\tshown bool,\n\t  UNIQUE KEY id (id)\n\t)</p>\n<p>Queries made or created this session were:</p>\n<ol>\n<li>Executing: BEGIN | (no parameters)</li>\n<li>Executing: ROLLBACK | (no parameters)</li>\n</ol>\n</div>\n<div style=\"clear:both;margin-bottom:2px;border:red dotted thin;\" class=\"error_message\" style=\"border-bottom:dotted blue thin;\">\nError occurred at line 4117 in Function <code>handle_error</code>. Error message was: Unexpected token in MySQL query: shown.\n</div>\n<p>Backtrace:</p>\n<pre>#0 /internal/shared/sqlite-database-integration/wp-includes/sqlite/class-wp-sqlite-db.php(287): WP_SQLite_Translator->get_error_message()\n#1 /wordpress/wp-admin/includes/upgrade.php(3280): WP_SQLite_DB->query('CREATE TABLE wp...')\n#2 /wordpress/wp-content/plugins/wpsermons/installsql.php(24): dbDelta(Array)\n#3 /wordpress/wp-content/plugins/wpsermons/wpsermons.php(37): wpsermons_installsql()\n#4 /wordpress/wp-includes/class-wp-hook.php(324): wpsermons_install(false)\n#5 /wordpress/wp-includes/class-wp-hook.php(348): WP_Hook->apply_filters('', Array)\n#6 /wordpress/wp-includes/plugin.php(517): WP_Hook->do_action(Array)\n#7 /wordpress/wp-admin/includes/plugin.php(703): do_action('activate_wpserm...', false)\n#8 /internal/eval.php(20): activate_plugin('wpsermons/wpser...')\n#9 {main}</pre>\n for query CREATE TABLE wp_wpsermons (\n\t  id mediumint(9) NOT NULL AUTO_INCREMENT,\n\t\ttitle varchar(50),\n\t\tspeaker varchar(35),\n\t\tdate date,\n\t\tfilepath varchar(20),\n\t\tnotes text,\n\t\tshown bool,\n\t  UNIQUE KEY id (id)\n\t) made by activate_plugin, do_action('activate_wpsermons/wpsermons.php'), WP_Hook->do_action, WP_Hook->apply_filters, wpsermons_install, wpsermons_installsql, dbDelta, WP_SQLite_DB->query, WP_SQLite_DB->print_error","log":"/logs/plugins/w/wp-feedreader/error.json"}
,
{"message":"File upgrade-functions.php is <strong>deprecated</strong> since version 2.5.0! Use wp-admin/includes/upgrade.php instead. in /wordpress/wp-includes/functions.php on line 6121","level":"DEPRECATED","type":"PHP","test":"jspi-boot","plugin":"wp-feedreader","details":"[15-Apr-2025 17:32:59 UTC] PHP Deprecated:  File upgrade-functions.php is <strong>deprecated</strong> since version 2.5.0! Use wp-admin/includes/upgrade.php instead. in /wordpress/wp-includes/functions.php on line 6121","log":"/logs/plugins/w/wp-feedreader/error.json"}
,
{"message":"Unexpected token in MySQL query: shown.","level":"FATAL","type":"SQL","test":"jspi-boot","plugin":"wp-feedreader","details":"[15-Apr-2025 17:32:59 UTC] WordPress database error <div style=\"clear:both\">&nbsp;</div>\n<div class=\"queries\" style=\"clear:both;margin-bottom:2px;border:red dotted thin;\">\n<p>MySQL query:</p>\n<p>CREATE TABLE wp_wpsermons (\n\t  id mediumint(9) NOT NULL AUTO_INCREMENT,\n\t\ttitle varchar(50),\n\t\tspeaker varchar(35),\n\t\tdate date,\n\t\tfilepath varchar(20),\n\t\tnotes text,\n\t\tshown bool,\n\t  UNIQUE KEY id (id)\n\t)</p>\n<p>Queries made or created this session were:</p>\n<ol>\n<li>Executing: BEGIN | (no parameters)</li>\n<li>Executing: ROLLBACK | (no parameters)</li>\n</ol>\n</div>\n<div style=\"clear:both;margin-bottom:2px;border:red dotted thin;\" class=\"error_message\" style=\"border-bottom:dotted blue thin;\">\nError occurred at line 4117 in Function <code>handle_error</code>. Error message was: Unexpected token in MySQL query: shown.\n</div>\n<p>Backtrace:</p>\n<pre>#0 /internal/shared/sqlite-database-integration/wp-includes/sqlite/class-wp-sqlite-db.php(287): WP_SQLite_Translator->get_error_message()\n#1 /wordpress/wp-admin/includes/upgrade.php(3280): WP_SQLite_DB->query('CREATE TABLE wp...')\n#2 /wordpress/wp-content/plugins/wpsermons/installsql.php(24): dbDelta(Array)\n#3 /wordpress/wp-content/plugins/wpsermons/wpsermons.php(37): wpsermons_installsql()\n#4 /wordpress/wp-includes/class-wp-hook.php(324): wpsermons_install(false)\n#5 /wordpress/wp-includes/class-wp-hook.php(348): WP_Hook->apply_filters('', Array)\n#6 /wordpress/wp-includes/plugin.php(517): WP_Hook->do_action(Array)\n#7 /wordpress/wp-admin/includes/plugin.php(703): do_action('activate_wpserm...', false)\n#8 /internal/eval.php(20): activate_plugin('wpsermons/wpser...')\n#9 {main}</pre>\n for query CREATE TABLE wp_wpsermons (\n\t  id mediumint(9) NOT NULL AUTO_INCREMENT,\n\t\ttitle varchar(50),\n\t\tspeaker varchar(35),\n\t\tdate date,\n\t\tfilepath varchar(20),\n\t\tnotes text,\n\t\tshown bool,\n\t  UNIQUE KEY id (id)\n\t) made by activate_plugin, do_action('activate_wpsermons/wpsermons.php'), WP_Hook->do_action, WP_Hook->apply_filters, wpsermons_install, wpsermons_installsql, dbDelta, WP_SQLite_DB->query, WP_SQLite_DB->print_error","log":"/logs/plugins/w/wp-feedreader/error.json"}
,
{"message":"The magic method WooNovaPoshtaShipping\\App\\DB\\WNPS_DB::__wakeup() must have public visibility in /wordpress/wp-content/plugins/woo-nova-poshta-shipping/app/DB/wnps-db.php on line 21","level":"WARNING","type":"PHP","test":"jspi-boot","plugin":"wp-feedreader","details":"[15-Apr-2025 17:34:37 UTC] PHP Warning:  The magic method WooNovaPoshtaShipping\\App\\DB\\WNPS_DB::__wakeup() must have public visibility in /wordpress/wp-content/plugins/woo-nova-poshta-shipping/app/DB/wnps-db.php on line 21","log":"/logs/plugins/w/wp-feedreader/error.json"}
,
{"message":"The magic method WooNovaPoshtaShipping\\App\\DB\\WNPS_DB::__wakeup() must have public visibility in /wordpress/wp-content/plugins/woo-nova-poshta-shipping/app/DB/wnps-db.php on line 21","level":"WARNING","type":"PHP","test":"jspi-boot","plugin":"wp-feedreader","details":"[15-Apr-2025 17:34:46 UTC] PHP Warning:  The magic method WooNovaPoshtaShipping\\App\\DB\\WNPS_DB::__wakeup() must have public visibility in /wordpress/wp-content/plugins/woo-nova-poshta-shipping/app/DB/wnps-db.php on line 21","log":"/logs/plugins/w/wp-feedreader/error.json"}
,
{"message":"The magic method WooNovaPoshtaShipping\\App\\DB\\WNPS_DB::__wakeup() must have public visibility in /wordpress/wp-content/plugins/woo-nova-poshta-shipping/app/DB/wnps-db.php on line 21","level":"WARNING","type":"PHP","test":"jspi-boot","plugin":"wp-feedreader","details":"[15-Apr-2025 17:34:55 UTC] PHP Warning:  The magic method WooNovaPoshtaShipping\\App\\DB\\WNPS_DB::__wakeup() must have public visibility in /wordpress/wp-content/plugins/woo-nova-poshta-shipping/app/DB/wnps-db.php on line 21","log":"/logs/plugins/w/wp-feedreader/error.json"}
,
{"message":"Required parameter $package follows optional parameter $data in /wordpress/wp-content/plugins/woocommerce-safircod/safircod.php on line 235","level":"DEPRECATED","type":"PHP","test":"jspi-boot","plugin":"wp-feedreader","details":"[15-Apr-2025 17:36:03 UTC] PHP Deprecated:  Required parameter $package follows optional parameter $data in /wordpress/wp-content/plugins/woocommerce-safircod/safircod.php on line 235","log":"/logs/plugins/w/wp-feedreader/error.json"}
,
{"message":"Required parameter $package follows optional parameter $data in /wordpress/wp-content/plugins/woocommerce-safircod/safircod.php on line 235","level":"DEPRECATED","type":"PHP","test":"jspi-boot","plugin":"wp-feedreader","details":"[15-Apr-2025 17:36:04 UTC] PHP Deprecated:  Required parameter $package follows optional parameter $data in /wordpress/wp-content/plugins/woocommerce-safircod/safircod.php on line 235","log":"/logs/plugins/w/wp-feedreader/error.json"}
,
{"message":"Required parameter $package follows optional parameter $data in /wordpress/wp-content/plugins/woocommerce-safircod/safircod.php on line 235","level":"DEPRECATED","type":"PHP","test":"jspi-boot","plugin":"wp-feedreader","details":"[15-Apr-2025 17:36:12 UTC] PHP Deprecated:  Required parameter $package follows optional parameter $data in /wordpress/wp-content/plugins/woocommerce-safircod/safircod.php on line 235","log":"/logs/plugins/w/wp-feedreader/error.json"}
,
{"message":"Required parameter $package follows optional parameter $data in /wordpress/wp-content/plugins/woocommerce-safircod/safircod.php on line 235","level":"DEPRECATED","type":"PHP","test":"jspi-boot","plugin":"wp-feedreader","details":"[15-Apr-2025 17:36:13 UTC] PHP Deprecated:  Required parameter $package follows optional parameter $data in /wordpress/wp-content/plugins/woocommerce-safircod/safircod.php on line 235","log":"/logs/plugins/w/wp-feedreader/error.json"}
,
{"message":"Required parameter $package follows optional parameter $data in /wordpress/wp-content/plugins/woocommerce-safircod/safircod.php on line 235","level":"DEPRECATED","type":"PHP","test":"jspi-boot","plugin":"wp-feedreader","details":"[15-Apr-2025 17:36:21 UTC] PHP Deprecated:  Required parameter $package follows optional parameter $data in /wordpress/wp-content/plugins/woocommerce-safircod/safircod.php on line 235","log":"/logs/plugins/w/wp-feedreader/error.json"}
,
{"message":"Required parameter $package follows optional parameter $data in /wordpress/wp-content/plugins/woocommerce-safircod/safircod.php on line 235","level":"DEPRECATED","type":"PHP","test":"jspi-boot","plugin":"wp-feedreader","details":"[15-Apr-2025 17:36:22 UTC] PHP Deprecated:  Required parameter $package follows optional parameter $data in /wordpress/wp-content/plugins/woocommerce-safircod/safircod.php on line 235","log":"/logs/plugins/w/wp-feedreader/error.json"}
,
{"message":"Array and string offset access syntax with curly braces is no longer supported in /wordpress/wp-content/plugins/wp-feedreader/index.php on line 556","level":"FATAL","type":"PHP","test":"jspi-boot","plugin":"wp-feedreader","details":"[15-Apr-2025 17:37:55 UTC] PHP Fatal error:  Array and string offset access syntax with curly braces is no longer supported in /wordpress/wp-content/plugins/wp-feedreader/index.php on line 556","log":"/logs/plugins/w/wp-feedreader/error.json"}
,
{"message":"Array and string offset access syntax with curly braces is no longer supported in /wordpress/wp-content/plugins/wp-feedreader/index.php on line 556","level":"FATAL","type":"PHP","test":"jspi-boot","plugin":"wp-feedreader","details":"[15-Apr-2025 17:38:03 UTC] PHP Fatal error:  Array and string offset access syntax with curly braces is no longer supported in /wordpress/wp-content/plugins/wp-feedreader/index.php on line 556","log":"/logs/plugins/w/wp-feedreader/error.json"}
,
{"message":"Array and string offset access syntax with curly braces is no longer supported in /wordpress/wp-content/plugins/wp-feedreader/index.php on line 556","level":"FATAL","type":"PHP","test":"jspi-boot","plugin":"wp-feedreader","details":"[15-Apr-2025 17:38:11 UTC] PHP Fatal error:  Array and string offset access syntax with curly braces is no longer supported in /wordpress/wp-content/plugins/wp-feedreader/index.php on line 556\n\n    at Object.onBind (file:///home/runner/work/playground-tester/playground-tester/node_modules/@wp-playground/cli/index.js:237:15)\n    at process.processTicksAndRejections (node:internal/process/task_queues:105:5)\n    at async V (file:///home/runner/work/playground-tester/playground-tester/node_modules/@wp-playground/cli/index.js:64:10)\n    at async ja (file:///home/runner/work/playground-tester/playground-tester/node_modules/@wp-playground/cli/cli.js:8161:12) {\n  [cause]: Error: Error when executing the blueprint step #1 ({\"step\":\"installPlugin\",\"pluginData\":{\"resource\":\"wordpress.org/plugins\",\"slug\":\"wp-feedreader\"},\"options\":{\"activate\":true}}) : PHP.run() failed with exit code 255 and the following output: \n      at Object.run (file:///home/runner/work/playground-tester/playground-tester/node_modules/@wp-playground/blueprints/index.js:12449:19)\n      at process.processTicksAndRejections (node:internal/process/task_queues:105:5)\n      at async ms (file:///home/runner/work/playground-tester/playground-tester/node_modules/@wp-playground/blueprints/index.js:12552:3)\n      ... 2 lines matching cause stack trace ...\n      at async ja (file:///home/runner/work/playground-tester/playground-tester/node_modules/@wp-playground/cli/cli.js:8161:12) {\n    [cause]: PHPExecutionFailureError: PHP.run() failed with exit code 255 and the following output: \n        at PHP.run (file:///home/runner/work/playground-tester/playground-tester/node_modules/@php-wasm/universal/index.js:987:19)\n        at process.processTicksAndRejections (node:internal/process/task_queues:105:5)\n        at async wr (file:///home/runner/work/playground-tester/playground-tester/node_modules/@wp-playground/blueprints/index.js:33:39)\n        at async Object.gt [as installPlugin] (file:///home/runner/work/playground-tester/playground-tester/node_modules/@wp-playground/blueprints/index.js:974:42)\n        at async g (file:///home/runner/work/playground-tester/playground-tester/node_modules/@wp-playground/blueprints/index.js:12517:30)\n        at async Object.run (file:///home/runner/work/playground-tester/playground-tester/node_modules/@wp-playground/blueprints/index.js:12446:23)\n        at async ms (file:///home/runner/work/playground-tester/playground-tester/node_modules/@wp-playground/blueprints/index.js:12552:3)\n        at async Object.onBind (file:///home/runner/work/playground-tester/playground-tester/node_modules/@wp-playground/cli/index.js:227:48)\n        at async V (file:///home/runner/work/playground-tester/playground-tester/node_modules/@wp-playground/cli/index.js:64:10)\n        at async ja (file:///home/runner/work/playground-tester/playground-tester/node_modules/@wp-playground/cli/cli.js:8161:12) {\n      response: PHPResponse {\n        httpStatusCode: 500,\n        headers: {\n          'x-powered-by': [ 'PHP/8.0.30-dev' ],\n          'content-type': [ 'text/html; charset=UTF-8' ]\n        },\n        bytes: Uint8Array(0) [],\n        exitCode: 255,\n        errors: ''\n      },\n      source: 'request'\n    }\n  }\n}\n\n","log":"/logs/plugins/w/wp-feedreader/error.json"}
]
