[
{"message":"file:///home/runner/work/playground-tester/playground-tester/node_modules/@wp-playground/cli/run-cli-j-geJYS3.js:325\n        throw new Error($, { cause: h });\n              ^\n","level":"FATAL","type":"PLAYGROUND","test":"ast-sqlite-boot","plugin":"biller","details":"file:///home/runner/work/playground-tester/playground-tester/node_modules/@wp-playground/cli/run-cli-j-geJYS3.js:325\n        throw new Error($, { cause: h });\n              ^\n","log":"/tmp/tmp.WNtRxfUPEX"}
,
{"message":"Function register_sidebar_widget is <strong>deprecated</strong> since version 2.8.0! Use wp_register_sidebar_widget() instead. in /wordpress/wp-includes/functions.php on line 6121","level":"DEPRECATED","type":"PHP","test":"ast-sqlite-boot","plugin":"biller","details":"[14-Jun-2025 23:31:00 UTC] PHP Deprecated:  Function register_sidebar_widget is <strong>deprecated</strong> since version 2.8.0! Use wp_register_sidebar_widget() instead. in /wordpress/wp-includes/functions.php on line 6121","log":"/logs/plugins/b/biller/error.json"}
,
{"message":"Function register_sidebar_widget is <strong>deprecated</strong> since version 2.8.0! Use wp_register_sidebar_widget() instead. in /wordpress/wp-includes/functions.php on line 6121","level":"DEPRECATED","type":"PHP","test":"ast-sqlite-boot","plugin":"biller","details":"[14-Jun-2025 23:31:09 UTC] PHP Deprecated:  Function register_sidebar_widget is <strong>deprecated</strong> since version 2.8.0! Use wp_register_sidebar_widget() instead. in /wordpress/wp-includes/functions.php on line 6121","log":"/logs/plugins/b/biller/error.json"}
,
{"message":"Function register_sidebar_widget is <strong>deprecated</strong> since version 2.8.0! Use wp_register_sidebar_widget() instead. in /wordpress/wp-includes/functions.php on line 6121","level":"DEPRECATED","type":"PHP","test":"ast-sqlite-boot","plugin":"biller","details":"[14-Jun-2025 23:31:18 UTC] PHP Deprecated:  Function register_sidebar_widget is <strong>deprecated</strong> since version 2.8.0! Use wp_register_sidebar_widget() instead. in /wordpress/wp-includes/functions.php on line 6121","log":"/logs/plugins/b/biller/error.json"}
,
{"message":"mysqli::__construct(): (HY000/2002): Address family not supported by protocol in /wordpress/wp-content/plugins/bdcleaner/_generic.php on line 4","level":"WARNING","type":"PHP","test":"ast-sqlite-boot","plugin":"biller","details":"[14-Jun-2025 23:31:55 UTC] PHP Warning:  mysqli::__construct(): (HY000/2002): Address family not supported by protocol in /wordpress/wp-content/plugins/bdcleaner/_generic.php on line 4","log":"/logs/plugins/b/biller/error.json"}
,
{"message":"mysqli::__construct(): (HY000/2002): Address family not supported by protocol in /wordpress/wp-content/plugins/bdcleaner/_generic.php on line 4","level":"WARNING","type":"PHP","test":"ast-sqlite-boot","plugin":"biller","details":"[14-Jun-2025 23:32:04 UTC] PHP Warning:  mysqli::__construct(): (HY000/2002): Address family not supported by protocol in /wordpress/wp-content/plugins/bdcleaner/_generic.php on line 4","log":"/logs/plugins/b/biller/error.json"}
,
{"message":"mysqli::__construct(): (HY000/2002): Address family not supported by protocol in /wordpress/wp-content/plugins/bdcleaner/_generic.php on line 4","level":"WARNING","type":"PHP","test":"ast-sqlite-boot","plugin":"biller","details":"[14-Jun-2025 23:32:14 UTC] PHP Warning:  mysqli::__construct(): (HY000/2002): Address family not supported by protocol in /wordpress/wp-content/plugins/bdcleaner/_generic.php on line 4","log":"/logs/plugins/b/biller/error.json"}
,
{"message":"Uncaught Symfony\\Component\\Cache\\Exception\\InvalidArgumentException: Namespace contains \":\" but only characters in [-+_.A-Za-z0-9] are allowed. in /wordpress/wp-content/plugins/biblica-online-bible/vendor/symfony/cache/Traits/FilesystemCommonTrait.php:35","level":"FATAL","type":"PHP","test":"ast-sqlite-boot","plugin":"biller","details":"[14-Jun-2025 23:33:57 UTC] PHP Fatal error:  Uncaught Symfony\\Component\\Cache\\Exception\\InvalidArgumentException: Namespace contains \":\" but only characters in [-+_.A-Za-z0-9] are allowed. in /wordpress/wp-content/plugins/biblica-online-bible/vendor/symfony/cache/Traits/FilesystemCommonTrait.php:35\nStack trace:\n#0 /wordpress/wp-content/plugins/biblica-online-bible/vendor/symfony/cache/Adapter/FilesystemAdapter.php(27): Symfony\\Component\\Cache\\Adapter\\FilesystemAdapter->init('127.0.0.1:9407', '/wordpress/wp-c...')\n#1 /wordpress/wp-content/plugins/biblica-online-bible/src/Biblica/Util/FileSystemCache.php(27): Symfony\\Component\\Cache\\Adapter\\FilesystemAdapter->__construct('127.0.0.1:9407', 0, '/wordpress/wp-c...')\n#2 /wordpress/wp-content/plugins/biblica-online-bible/src/Biblica/WordPress/Plugin/OnlineBible/OnlineBiblePlugin.php(143): Biblica\\Util\\FileSystemCache->__construct('http://127.0.0....', '/wordpress/wp-c...', 604800)\n#3 /wordpress/wp-content/plugins/biblica-online-bible/vendor/pimple/pimple/src/Pimple/Container.php(122): Biblica\\WordPress\\Plugin\\OnlineBible\\OnlineBiblePlugin->Biblica\\WordPress\\Plugin\\OnlineBible\\{closure}(Object(Pimple\\Container))\n#4 /wordpress/wp-content/plugins/biblica-online-bible/src/Biblica/WordPress/Plugin/OnlineBible/OnlineBiblePlugin.php(163): Pimple\\Container->offsetGet('cache')\n#5 /wordpress/wp-includes/class-wp-hook.php(324): Biblica\\WordPress\\Plugin\\OnlineBible\\OnlineBiblePlugin->onPluginsLoaded('')\n#6 /wordpress/wp-includes/class-wp-hook.php(348): WP_Hook->apply_filters(NULL, Array)\n#7 /wordpress/wp-includes/plugin.php(517): WP_Hook->do_action(Array)\n#8 /wordpress/wp-settings.php(578): do_action('plugins_loaded')\n#9 /wordpress/wp-config.php(102): require_once('/wordpress/wp-s...')\n#10 /wordpress/wp-load.php(50): require_once('/wordpress/wp-c...')\n#11 /internal/eval.php(3): require_once('/wordpress/wp-l...')\n#12 {main}\n  thrown in /wordpress/wp-content/plugins/biblica-online-bible/vendor/symfony/cache/Traits/FilesystemCommonTrait.php on line 35","log":"/logs/plugins/b/biller/error.json"}
,
{"message":"Uncaught Symfony\\Component\\Cache\\Exception\\InvalidArgumentException: Namespace contains \":\" but only characters in [-+_.A-Za-z0-9] are allowed. in /wordpress/wp-content/plugins/biblica-online-bible/vendor/symfony/cache/Traits/FilesystemCommonTrait.php:35","level":"FATAL","type":"PHP","test":"ast-sqlite-boot","plugin":"biller","details":"[14-Jun-2025 23:34:10 UTC] PHP Fatal error:  Uncaught Symfony\\Component\\Cache\\Exception\\InvalidArgumentException: Namespace contains \":\" but only characters in [-+_.A-Za-z0-9] are allowed. in /wordpress/wp-content/plugins/biblica-online-bible/vendor/symfony/cache/Traits/FilesystemCommonTrait.php:35\nStack trace:\n#0 /wordpress/wp-content/plugins/biblica-online-bible/vendor/symfony/cache/Adapter/FilesystemAdapter.php(27): Symfony\\Component\\Cache\\Adapter\\FilesystemAdapter->init('127.0.0.1:9407', '/wordpress/wp-c...')\n#1 /wordpress/wp-content/plugins/biblica-online-bible/src/Biblica/Util/FileSystemCache.php(27): Symfony\\Component\\Cache\\Adapter\\FilesystemAdapter->__construct('127.0.0.1:9407', 0, '/wordpress/wp-c...')\n#2 /wordpress/wp-content/plugins/biblica-online-bible/src/Biblica/WordPress/Plugin/OnlineBible/OnlineBiblePlugin.php(143): Biblica\\Util\\FileSystemCache->__construct('http://127.0.0....', '/wordpress/wp-c...', 604800)\n#3 /wordpress/wp-content/plugins/biblica-online-bible/vendor/pimple/pimple/src/Pimple/Container.php(122): Biblica\\WordPress\\Plugin\\OnlineBible\\OnlineBiblePlugin->Biblica\\WordPress\\Plugin\\OnlineBible\\{closure}(Object(Pimple\\Container))\n#4 /wordpress/wp-content/plugins/biblica-online-bible/src/Biblica/WordPress/Plugin/OnlineBible/OnlineBiblePlugin.php(163): Pimple\\Container->offsetGet('cache')\n#5 /wordpress/wp-includes/class-wp-hook.php(324): Biblica\\WordPress\\Plugin\\OnlineBible\\OnlineBiblePlugin->onPluginsLoaded('')\n#6 /wordpress/wp-includes/class-wp-hook.php(348): WP_Hook->apply_filters(NULL, Array)\n#7 /wordpress/wp-includes/plugin.php(517): WP_Hook->do_action(Array)\n#8 /wordpress/wp-settings.php(578): do_action('plugins_loaded')\n#9 /wordpress/wp-config.php(102): require_once('/wordpress/wp-s...')\n#10 /wordpress/wp-load.php(50): require_once('/wordpress/wp-c...')\n#11 /internal/eval.php(3): require_once('/wordpress/wp-l...')\n#12 {main}\n  thrown in /wordpress/wp-content/plugins/biblica-online-bible/vendor/symfony/cache/Traits/FilesystemCommonTrait.php on line 35","log":"/logs/plugins/b/biller/error.json"}
,
{"message":"Uncaught Symfony\\Component\\Cache\\Exception\\InvalidArgumentException: Namespace contains \":\" but only characters in [-+_.A-Za-z0-9] are allowed. in /wordpress/wp-content/plugins/biblica-online-bible/vendor/symfony/cache/Traits/FilesystemCommonTrait.php:35","level":"FATAL","type":"PHP","test":"ast-sqlite-boot","plugin":"biller","details":"[14-Jun-2025 23:34:21 UTC] PHP Fatal error:  Uncaught Symfony\\Component\\Cache\\Exception\\InvalidArgumentException: Namespace contains \":\" but only characters in [-+_.A-Za-z0-9] are allowed. in /wordpress/wp-content/plugins/biblica-online-bible/vendor/symfony/cache/Traits/FilesystemCommonTrait.php:35\nStack trace:\n#0 /wordpress/wp-content/plugins/biblica-online-bible/vendor/symfony/cache/Adapter/FilesystemAdapter.php(27): Symfony\\Component\\Cache\\Adapter\\FilesystemAdapter->init('127.0.0.1:9407', '/wordpress/wp-c...')\n#1 /wordpress/wp-content/plugins/biblica-online-bible/src/Biblica/Util/FileSystemCache.php(27): Symfony\\Component\\Cache\\Adapter\\FilesystemAdapter->__construct('127.0.0.1:9407', 0, '/wordpress/wp-c...')\n#2 /wordpress/wp-content/plugins/biblica-online-bible/src/Biblica/WordPress/Plugin/OnlineBible/OnlineBiblePlugin.php(143): Biblica\\Util\\FileSystemCache->__construct('http://127.0.0....', '/wordpress/wp-c...', 604800)\n#3 /wordpress/wp-content/plugins/biblica-online-bible/vendor/pimple/pimple/src/Pimple/Container.php(122): Biblica\\WordPress\\Plugin\\OnlineBible\\OnlineBiblePlugin->Biblica\\WordPress\\Plugin\\OnlineBible\\{closure}(Object(Pimple\\Container))\n#4 /wordpress/wp-content/plugins/biblica-online-bible/src/Biblica/WordPress/Plugin/OnlineBible/OnlineBiblePlugin.php(163): Pimple\\Container->offsetGet('cache')\n#5 /wordpress/wp-includes/class-wp-hook.php(324): Biblica\\WordPress\\Plugin\\OnlineBible\\OnlineBiblePlugin->onPluginsLoaded('')\n#6 /wordpress/wp-includes/class-wp-hook.php(348): WP_Hook->apply_filters(NULL, Array)\n#7 /wordpress/wp-includes/plugin.php(517): WP_Hook->do_action(Array)\n#8 /wordpress/wp-settings.php(578): do_action('plugins_loaded')\n#9 /wordpress/wp-config.php(102): require_once('/wordpress/wp-s...')\n#10 /wordpress/wp-load.php(50): require_once('/wordpress/wp-c...')\n#11 /internal/eval.php(3): require_once('/wordpress/wp-l...')\n#12 {main}\n  thrown in /wordpress/wp-content/plugins/biblica-online-bible/vendor/symfony/cache/Traits/FilesystemCommonTrait.php on line 35\n\n    at Object.onBind (file:///home/runner/work/playground-tester/playground-tester/node_modules/@wp-playground/cli/run-cli-j-geJYS3.js:325:15)\n    at process.processTicksAndRejections (node:internal/process/task_queues:105:5)\n    at async re (file:///home/runner/work/playground-tester/playground-tester/node_modules/@wp-playground/cli/run-cli-j-geJYS3.js:149:10) {\n  [cause]: Error: Error when executing the blueprint step #5 ({\"step\":\"installPlugin\",\"pluginData\":{\"resource\":\"wordpress.org/plugins\",\"slug\":\"biller\"},\"options\":{\"activate\":true}}) : Plugin /wordpress/wp-content/plugins/biller could not be activated – WordPress exited with no error. Sometimes, when $_SERVER or site options are not configured correctly, WordPress exits early with a 301 redirect. Inspect the \"debug\" logs in the console for more details.\n      at Object.run (file:///home/runner/work/playground-tester/playground-tester/node_modules/@wp-playground/blueprints/index.js:12093:19)\n      at process.processTicksAndRejections (node:internal/process/task_queues:105:5)\n      at async ys (file:///home/runner/work/playground-tester/playground-tester/node_modules/@wp-playground/blueprints/index.js:12196:3)\n      at async Object.onBind (file:///home/runner/work/playground-tester/playground-tester/node_modules/@wp-playground/cli/run-cli-j-geJYS3.js:315:48)\n      at async re (file:///home/runner/work/playground-tester/playground-tester/node_modules/@wp-playground/cli/run-cli-j-geJYS3.js:149:10) {\n    [cause]: Error: Plugin /wordpress/wp-content/plugins/biller could not be activated – WordPress exited with no error. Sometimes, when $_SERVER or site options are not configured correctly, WordPress exits early with a 301 redirect. Inspect the \"debug\" logs in the console for more details.\n        at wr (file:///home/runner/work/playground-tester/playground-tester/node_modules/@wp-playground/blueprints/index.js:120:51)\n        at process.processTicksAndRejections (node:internal/process/task_queues:105:5)\n        at async Object.gt [as installPlugin] (file:///home/runner/work/playground-tester/playground-tester/node_modules/@wp-playground/blueprints/index.js:631:42)\n        at async g (file:///home/runner/work/playground-tester/playground-tester/node_modules/@wp-playground/blueprints/index.js:12161:30)\n        at async Object.run (file:///home/runner/work/playground-tester/playground-tester/node_modules/@wp-playground/blueprints/index.js:12090:23)\n        at async ys (file:///home/runner/work/playground-tester/playground-tester/node_modules/@wp-playground/blueprints/index.js:12196:3)\n        at async Object.onBind (file:///home/runner/work/playground-tester/playground-tester/node_modules/@wp-playground/cli/run-cli-j-geJYS3.js:315:48)\n        at async re (file:///home/runner/work/playground-tester/playground-tester/node_modules/@wp-playground/cli/run-cli-j-geJYS3.js:149:10)\n  }\n}\n\n","log":"/logs/plugins/b/biller/error.json"}
]
