file:///home/runner/work/playground-tester/playground-tester/node_modules/@wp-playground/cli/index.js:237
        throw new Error(y, { cause: u });
              ^

Error: [21-Apr-2025 11:47:06 UTC] PHP Fatal error:  Uncaught Exception: Broadcast requires a Wordpress network install. It does not support single installs. in /wordpress/wp-content/plugins/threewp-broadcast/src/ThreeWP_Broadcast.php:236
Stack trace:
#0 /wordpress/wp-content/plugins/threewp-broadcast/src/sdk/wordpress/base.php(204): threewp_broadcast\ThreeWP_Broadcast->activate()
#1 /wordpress/wp-includes/class-wp-hook.php(324): plainview\sdk_broadcast\wordpress\base->activate_internal(false)
#2 /wordpress/wp-includes/class-wp-hook.php(348): WP_Hook->apply_filters('', Array)
#3 /wordpress/wp-includes/plugin.php(517): WP_Hook->do_action(Array)
#4 /wordpress/wp-admin/includes/plugin.php(703): do_action('activate_threew...', false)
#5 /internal/eval.php(20): activate_plugin('threewp-broadca...')
#6 {main}
  thrown in /wordpress/wp-content/plugins/threewp-broadcast/src/ThreeWP_Broadcast.php on line 236
[21-Apr-2025 11:47:15 UTC] PHP Fatal error:  Uncaught Exception: Broadcast requires a Wordpress network install. It does not support single installs. in /wordpress/wp-content/plugins/threewp-broadcast/src/ThreeWP_Broadcast.php:236
Stack trace:
#0 /wordpress/wp-content/plugins/threewp-broadcast/src/sdk/wordpress/base.php(204): threewp_broadcast\ThreeWP_Broadcast->activate()
#1 /wordpress/wp-includes/class-wp-hook.php(324): plainview\sdk_broadcast\wordpress\base->activate_internal(false)
#2 /wordpress/wp-includes/class-wp-hook.php(348): WP_Hook->apply_filters('', Array)
#3 /wordpress/wp-includes/plugin.php(517): WP_Hook->do_action(Array)
#4 /wordpress/wp-admin/includes/plugin.php(703): do_action('activate_threew...', false)
#5 /internal/eval.php(20): activate_plugin('threewp-broadca...')
#6 {main}
  thrown in /wordpress/wp-content/plugins/threewp-broadcast/src/ThreeWP_Broadcast.php on line 236
[21-Apr-2025 11:47:26 UTC] PHP Fatal error:  Uncaught Exception: Broadcast requires a Wordpress network install. It does not support single installs. in /wordpress/wp-content/plugins/threewp-broadcast/src/ThreeWP_Broadcast.php:236
Stack trace:
#0 /wordpress/wp-content/plugins/threewp-broadcast/src/sdk/wordpress/base.php(204): threewp_broadcast\ThreeWP_Broadcast->activate()
#1 /wordpress/wp-includes/class-wp-hook.php(324): plainview\sdk_broadcast\wordpress\base->activate_internal(false)
#2 /wordpress/wp-includes/class-wp-hook.php(348): WP_Hook->apply_filters('', Array)
#3 /wordpress/wp-includes/plugin.php(517): WP_Hook->do_action(Array)
#4 /wordpress/wp-admin/includes/plugin.php(703): do_action('activate_threew...', false)
#5 /internal/eval.php(20): activate_plugin('threewp-broadca...')
#6 {main}
  thrown in /wordpress/wp-content/plugins/threewp-broadcast/src/ThreeWP_Broadcast.php on line 236
[21-Apr-2025 11:49:40 UTC] PHP Fatal error:  Uncaught Error: Call to undefined function create_function() in /wordpress/wp-content/plugins/tt-subscribe/framework/widget/settings.php:4
Stack trace:
#0 /wordpress/wp-content/plugins/tt-subscribe/framework/widget.php(2): require_once()
#1 /wordpress/wp-content/plugins/tt-subscribe/tt-subscribe.php(43): require_once('/wordpress/wp-c...')
#2 /wordpress/wp-admin/includes/plugin.php(2387): include_once('/wordpress/wp-c...')
#3 /wordpress/wp-admin/includes/plugin.php(673): plugin_sandbox_scrape('tt-subscribe/tt...')
#4 /internal/eval.php(20): activate_plugin('tt-subscribe/tt...')
#5 {main}
  thrown in /wordpress/wp-content/plugins/tt-subscribe/framework/widget/settings.php on line 4
[21-Apr-2025 11:49:48 UTC] PHP Fatal error:  Uncaught Error: Call to undefined function create_function() in /wordpress/wp-content/plugins/tt-subscribe/framework/widget/settings.php:4
Stack trace:
#0 /wordpress/wp-content/plugins/tt-subscribe/framework/widget.php(2): require_once()
#1 /wordpress/wp-content/plugins/tt-subscribe/tt-subscribe.php(43): require_once('/wordpress/wp-c...')
#2 /wordpress/wp-admin/includes/plugin.php(2387): include_once('/wordpress/wp-c...')
#3 /wordpress/wp-admin/includes/plugin.php(673): plugin_sandbox_scrape('tt-subscribe/tt...')
#4 /internal/eval.php(20): activate_plugin('tt-subscribe/tt...')
#5 {main}
  thrown in /wordpress/wp-content/plugins/tt-subscribe/framework/widget/settings.php on line 4
[21-Apr-2025 11:49:57 UTC] PHP Fatal error:  Uncaught Error: Call to undefined function create_function() in /wordpress/wp-content/plugins/tt-subscribe/framework/widget/settings.php:4
Stack trace:
#0 /wordpress/wp-content/plugins/tt-subscribe/framework/widget.php(2): require_once()
#1 /wordpress/wp-content/plugins/tt-subscribe/tt-subscribe.php(43): require_once('/wordpress/wp-c...')
#2 /wordpress/wp-admin/includes/plugin.php(2387): include_once('/wordpress/wp-c...')
#3 /wordpress/wp-admin/includes/plugin.php(673): plugin_sandbox_scrape('tt-subscribe/tt...')
#4 /internal/eval.php(20): activate_plugin('tt-subscribe/tt...')
#5 {main}
  thrown in /wordpress/wp-content/plugins/tt-subscribe/framework/widget/settings.php on line 4
[21-Apr-2025 11:50:07 UTC] PHP Notice:  Function wp_enqueue_style was called <strong>incorrectly</strong>. Scripts and styles should not be registered or enqueued until the <code>wp_enqueue_scripts</code>, <code>admin_enqueue_scripts</code>, or <code>login_enqueue_scripts</code> hooks. This notice was triggered by the <code>tweetbtn_css</code> handle. Please see <a href="https://developer.wordpress.org/advanced-administration/debug/debug-wordpress/">Debugging in WordPress</a> for more information. (This message was added in version 3.3.0.) in /wordpress/wp-includes/functions.php on line 6121
[21-Apr-2025 11:50:07 UTC] PHP Notice:  Function is_feed was called <strong>incorrectly</strong>. Conditional query tags do not work before the query is run. Before then, they always return false. Please see <a href="https://developer.wordpress.org/advanced-administration/debug/debug-wordpress/">Debugging in WordPress</a> for more information. (This message was added in version 3.1.0.) in /wordpress/wp-includes/functions.php on line 6121
[21-Apr-2025 11:50:16 UTC] PHP Notice:  Function wp_enqueue_style was called <strong>incorrectly</strong>. Scripts and styles should not be registered or enqueued until the <code>wp_enqueue_scripts</code>, <code>admin_enqueue_scripts</code>, or <code>login_enqueue_scripts</code> hooks. This notice was triggered by the <code>tweetbtn_css</code> handle. Please see <a href="https://developer.wordpress.org/advanced-administration/debug/debug-wordpress/">Debugging in WordPress</a> for more information. (This message was added in version 3.3.0.) in /wordpress/wp-includes/functions.php on line 6121
[21-Apr-2025 11:50:16 UTC] PHP Notice:  Function is_feed was called <strong>incorrectly</strong>. Conditional query tags do not work before the query is run. Before then, they always return false. Please see <a href="https://developer.wordpress.org/advanced-administration/debug/debug-wordpress/">Debugging in WordPress</a> for more information. (This message was added in version 3.1.0.) in /wordpress/wp-includes/functions.php on line 6121
[21-Apr-2025 11:50:25 UTC] PHP Notice:  Function wp_enqueue_style was called <strong>incorrectly</strong>. Scripts and styles should not be registered or enqueued until the <code>wp_enqueue_scripts</code>, <code>admin_enqueue_scripts</code>, or <code>login_enqueue_scripts</code> hooks. This notice was triggered by the <code>tweetbtn_css</code> handle. Please see <a href="https://developer.wordpress.org/advanced-administration/debug/debug-wordpress/">Debugging in WordPress</a> for more information. (This message was added in version 3.3.0.) in /wordpress/wp-includes/functions.php on line 6121
[21-Apr-2025 11:50:25 UTC] PHP Notice:  Function is_feed was called <strong>incorrectly</strong>. Conditional query tags do not work before the query is run. Before then, they always return false. Please see <a href="https://developer.wordpress.org/advanced-administration/debug/debug-wordpress/">Debugging in WordPress</a> for more information. (This message was added in version 3.1.0.) in /wordpress/wp-includes/functions.php on line 6121
[21-Apr-2025 11:50:34 UTC] PHP Warning:  Undefined variable $table_prefix in /wordpress/wp-content/plugins/twitfeed/twitfeed.php on line 12
[21-Apr-2025 11:50:34 UTC] PHP Warning:  Undefined variable $table_prefix in /wordpress/wp-content/plugins/twitfeed/twitfeed.php on line 24
[21-Apr-2025 11:50:43 UTC] PHP Warning:  Undefined variable $table_prefix in /wordpress/wp-content/plugins/twitfeed/twitfeed.php on line 12
[21-Apr-2025 11:50:43 UTC] PHP Warning:  Undefined variable $table_prefix in /wordpress/wp-content/plugins/twitfeed/twitfeed.php on line 24
[21-Apr-2025 11:50:53 UTC] PHP Warning:  Undefined variable $table_prefix in /wordpress/wp-content/plugins/twitfeed/twitfeed.php on line 12
[21-Apr-2025 11:50:53 UTC] PHP Warning:  Undefined variable $table_prefix in /wordpress/wp-content/plugins/twitfeed/twitfeed.php on line 24
[21-Apr-2025 11:51:32 UTC] PHP Notice:  Only variables should be assigned by reference in /wordpress/wp-content/plugins/tecnosenior-faq-manager/tsc-faq-manager.php on line 48
[21-Apr-2025 11:51:32 UTC] PHP Warning:  Undefined array key "index_type" in /wordpress/wp-admin/includes/upgrade.php on line 3028
[21-Apr-2025 11:51:32 UTC] PHP Warning:  Undefined array key "index_name" in /wordpress/wp-admin/includes/upgrade.php on line 3034
[21-Apr-2025 11:51:32 UTC] PHP Warning:  Undefined array key "index_columns" in /wordpress/wp-admin/includes/upgrade.php on line 3037
[21-Apr-2025 11:51:32 UTC] PHP Warning:  Undefined array key "column_name" in /wordpress/wp-admin/includes/upgrade.php on line 3066
[21-Apr-2025 11:51:32 UTC] WordPress database error <div style="clear:both">&nbsp;</div>
<div class="queries" style="clear:both;margin-bottom:2px;border:red dotted thin;">
<p>MySQL query:</p>
<p>ALTER TABLE wp_tsc_faq_question ADD  `` (``)</p>
<p>Queries made or created this session were:</p>
<ol>
</ol>
</div>
<div style="clear:both;margin-bottom:2px;border:red dotted thin;" class="error_message" style="border-bottom:dotted blue thin;">
Failed to parse the MySQL query.
</div>
<p>Backtrace:</p>
<pre>#0 /internal/shared/sqlite-database-integration/wp-includes/sqlite-ast/class-wp-sqlite-driver.php(690): WP_SQLite_Driver->new_driver_exception('Failed to parse...', 0, Object(WP_SQLite_Driver_Exception))
#1 /internal/shared/sqlite-database-integration/wp-includes/sqlite/class-wp-sqlite-db.php(472): WP_SQLite_Driver->query('ALTER TABLE wp_...')
#2 /internal/shared/sqlite-database-integration/wp-includes/sqlite/class-wp-sqlite-db.php(413): WP_SQLite_DB->_do_query('ALTER TABLE wp_...')
#3 /wordpress/wp-admin/includes/upgrade.php(3280): WP_SQLite_DB->query('ALTER TABLE wp_...')
#4 /wordpress/wp-content/plugins/tecnosenior-faq-manager/tsc-faq-manager.php(272): dbDelta(Array)
#5 /wordpress/wp-includes/class-wp-hook.php(324): TscFaqManager->install(false)
#6 /wordpress/wp-includes/class-wp-hook.php(348): WP_Hook->apply_filters('', Array)
#7 /wordpress/wp-includes/plugin.php(517): WP_Hook->do_action(Array)
#8 /wordpress/wp-admin/includes/plugin.php(703): do_action('activate_tecnos...', false)
#9 /internal/eval.php(20): activate_plugin('tecnosenior-faq...')
#10 {main}</pre>
 for query ALTER TABLE wp_tsc_faq_question ADD  `` (``) made by activate_plugin, do_action('activate_tecnosenior-faq-manager/tsc-faq-manager.php'), WP_Hook->do_action, WP_Hook->apply_filters, TscFaqManager->install, dbDelta, WP_SQLite_DB->query, WP_SQLite_DB->print_error
[21-Apr-2025 11:51:33 UTC] PHP Notice:  Only variables should be assigned by reference in /wordpress/wp-content/plugins/tecnosenior-faq-manager/tsc-faq-manager.php on line 48
[21-Apr-2025 11:51:42 UTC] PHP Notice:  Only variables should be assigned by reference in /wordpress/wp-content/plugins/tecnosenior-faq-manager/tsc-faq-manager.php on line 48
[21-Apr-2025 11:51:42 UTC] PHP Warning:  Undefined array key "index_type" in /wordpress/wp-admin/includes/upgrade.php on line 3028
[21-Apr-2025 11:51:42 UTC] PHP Warning:  Undefined array key "index_name" in /wordpress/wp-admin/includes/upgrade.php on line 3034
[21-Apr-2025 11:51:42 UTC] PHP Warning:  Undefined array key "index_columns" in /wordpress/wp-admin/includes/upgrade.php on line 3037
[21-Apr-2025 11:51:42 UTC] PHP Warning:  Undefined array key "column_name" in /wordpress/wp-admin/includes/upgrade.php on line 3066
[21-Apr-2025 11:51:42 UTC] WordPress database error <div style="clear:both">&nbsp;</div>
<div class="queries" style="clear:both;margin-bottom:2px;border:red dotted thin;">
<p>MySQL query:</p>
<p>ALTER TABLE wp_tsc_faq_question ADD  `` (``)</p>
<p>Queries made or created this session were:</p>
<ol>
<li>Executing: BEGIN | (no parameters)</li>
<li>Executing: ROLLBACK | (no parameters)</li>
</ol>
</div>
<div style="clear:both;margin-bottom:2px;border:red dotted thin;" class="error_message" style="border-bottom:dotted blue thin;">
Error occurred at line 4117 in Function <code>handle_error</code>. Error message was: Data type expected in MySQL query, unknown token received: (.
</div>
<p>Backtrace:</p>
<pre>#0 /internal/shared/sqlite-database-integration/wp-includes/sqlite/class-wp-sqlite-db.php(287): WP_SQLite_Translator->get_error_message()
#1 /wordpress/wp-admin/includes/upgrade.php(3280): WP_SQLite_DB->query('ALTER TABLE wp_...')
#2 /wordpress/wp-content/plugins/tecnosenior-faq-manager/tsc-faq-manager.php(272): dbDelta(Array)
#3 /wordpress/wp-includes/class-wp-hook.php(324): TscFaqManager->install(false)
#4 /wordpress/wp-includes/class-wp-hook.php(348): WP_Hook->apply_filters('', Array)
#5 /wordpress/wp-includes/plugin.php(517): WP_Hook->do_action(Array)
#6 /wordpress/wp-admin/includes/plugin.php(703): do_action('activate_tecnos...', false)
#7 /internal/eval.php(20): activate_plugin('tecnosenior-faq...')
#8 {main}</pre>
 for query ALTER TABLE wp_tsc_faq_question ADD  `` (``) made by activate_plugin, do_action('activate_tecnosenior-faq-manager/tsc-faq-manager.php'), WP_Hook->do_action, WP_Hook->apply_filters, TscFaqManager->install, dbDelta, WP_SQLite_DB->query, WP_SQLite_DB->print_error
[21-Apr-2025 11:51:43 UTC] PHP Notice:  Only variables should be assigned by reference in /wordpress/wp-content/plugins/tecnosenior-faq-manager/tsc-faq-manager.php on line 48
[21-Apr-2025 11:51:52 UTC] PHP Notice:  Only variables should be assigned by reference in /wordpress/wp-content/plugins/tecnosenior-faq-manager/tsc-faq-manager.php on line 48
[21-Apr-2025 11:51:53 UTC] PHP Warning:  Undefined array key "index_type" in /wordpress/wp-admin/includes/upgrade.php on line 3028
[21-Apr-2025 11:51:53 UTC] PHP Warning:  Undefined array key "index_name" in /wordpress/wp-admin/includes/upgrade.php on line 3034
[21-Apr-2025 11:51:53 UTC] PHP Warning:  Undefined array key "index_columns" in /wordpress/wp-admin/includes/upgrade.php on line 3037
[21-Apr-2025 11:51:53 UTC] PHP Warning:  Undefined array key "column_name" in /wordpress/wp-admin/includes/upgrade.php on line 3066
[21-Apr-2025 11:51:53 UTC] WordPress database error <div style="clear:both">&nbsp;</div>
<div class="queries" style="clear:both;margin-bottom:2px;border:red dotted thin;">
<p>MySQL query:</p>
<p>ALTER TABLE wp_tsc_faq_question ADD  `` (``)</p>
<p>Queries made or created this session were:</p>
<ol>
<li>Executing: BEGIN | (no parameters)</li>
<li>Executing: ROLLBACK | (no parameters)</li>
</ol>
</div>
<div style="clear:both;margin-bottom:2px;border:red dotted thin;" class="error_message" style="border-bottom:dotted blue thin;">
Error occurred at line 4117 in Function <code>handle_error</code>. Error message was: Data type expected in MySQL query, unknown token received: (.
</div>
<p>Backtrace:</p>
<pre>#0 /internal/shared/sqlite-database-integration/wp-includes/sqlite/class-wp-sqlite-db.php(287): WP_SQLite_Translator->get_error_message()
#1 /wordpress/wp-admin/includes/upgrade.php(3280): WP_SQLite_DB->query('ALTER TABLE wp_...')
#2 /wordpress/wp-content/plugins/tecnosenior-faq-manager/tsc-faq-manager.php(272): dbDelta(Array)
#3 /wordpress/wp-includes/class-wp-hook.php(324): TscFaqManager->install(false)
#4 /wordpress/wp-includes/class-wp-hook.php(348): WP_Hook->apply_filters('', Array)
#5 /wordpress/wp-includes/plugin.php(517): WP_Hook->do_action(Array)
#6 /wordpress/wp-admin/includes/plugin.php(703): do_action('activate_tecnos...', false)
#7 /internal/eval.php(20): activate_plugin('tecnosenior-faq...')
#8 {main}</pre>
 for query ALTER TABLE wp_tsc_faq_question ADD  `` (``) made by activate_plugin, do_action('activate_tecnosenior-faq-manager/tsc-faq-manager.php'), WP_Hook->do_action, WP_Hook->apply_filters, TscFaqManager->install, dbDelta, WP_SQLite_DB->query, WP_SQLite_DB->print_error
[21-Apr-2025 11:51:54 UTC] PHP Notice:  Only variables should be assigned by reference in /wordpress/wp-content/plugins/tecnosenior-faq-manager/tsc-faq-manager.php on line 48
[21-Apr-2025 11:52:02 UTC] PHP Warning:  Undefined array key "aff" in /wordpress/wp-content/plugins/templatehelp-jquery-popup-banner/popup-banner.php on line 303
[21-Apr-2025 11:52:03 UTC] PHP Deprecated:  Function register_sidebar_widget is <strong>deprecated</strong> since version 2.8.0! Use wp_register_sidebar_widget() instead. in /wordpress/wp-includes/functions.php on line 6121
[21-Apr-2025 11:52:03 UTC] PHP Deprecated:  Function register_widget_control is <strong>deprecated</strong> since version 2.8.0! Use wp_register_widget_control() instead. in /wordpress/wp-includes/functions.php on line 6121
[21-Apr-2025 11:52:12 UTC] PHP Warning:  Undefined array key "aff" in /wordpress/wp-content/plugins/templatehelp-jquery-popup-banner/popup-banner.php on line 303
[21-Apr-2025 11:52:13 UTC] PHP Deprecated:  Function register_sidebar_widget is <strong>deprecated</strong> since version 2.8.0! Use wp_register_sidebar_widget() instead. in /wordpress/wp-includes/functions.php on line 6121
[21-Apr-2025 11:52:13 UTC] PHP Deprecated:  Function register_widget_control is <strong>deprecated</strong> since version 2.8.0! Use wp_register_widget_control() instead. in /wordpress/wp-includes/functions.php on line 6121
[21-Apr-2025 11:52:21 UTC] PHP Warning:  Undefined array key "aff" in /wordpress/wp-content/plugins/templatehelp-jquery-popup-banner/popup-banner.php on line 303
[21-Apr-2025 11:52:22 UTC] PHP Deprecated:  Function register_sidebar_widget is <strong>deprecated</strong> since version 2.8.0! Use wp_register_sidebar_widget() instead. in /wordpress/wp-includes/functions.php on line 6121
[21-Apr-2025 11:52:22 UTC] PHP Deprecated:  Function register_widget_control is <strong>deprecated</strong> since version 2.8.0! Use wp_register_widget_control() instead. in /wordpress/wp-includes/functions.php on line 6121

    at Object.onBind (file:///home/runner/work/playground-tester/playground-tester/node_modules/@wp-playground/cli/index.js:237:15)
    at process.processTicksAndRejections (node:internal/process/task_queues:105:5)
    at async V (file:///home/runner/work/playground-tester/playground-tester/node_modules/@wp-playground/cli/index.js:64:10)
    at async ja (file:///home/runner/work/playground-tester/playground-tester/node_modules/@wp-playground/cli/cli.js:8161:12) {
  [cause]: Error: Error when executing the blueprint step #1 ({"step":"installPlugin","pluginData":{"resource":"wordpress.org/plugins","slug":"tnw-social-count"},"options":{"activate":true}}) : Could not download "https://downloads.wordpress.org/plugin/tnw-social-count.latest-stable.zip".
  				Check if the URL is correct and the server is reachable.
  				If it is reachable, the server might be blocking the request.
  				Check the browser console and network tabs for more information.
  
  				## Does the console show the error "No 'Access-Control-Allow-Origin' header"?
  
  				This means the server that hosts your file does not allow requests from other sites
  				(cross-origin requests, or CORS).	You need to move the asset to a server that allows
  				cross-origin file downloads. Learn more about CORS at
  				https://developer.mozilla.org/en-US/docs/Web/HTTP/CORS.
  
  				If your file is on GitHub, load it from "raw.githubusercontent.com".
  				Here's how to do that:
  
  				1. Start with the original GitHub URL of the file. For example:
  				https://github.com/username/repository/blob/branch/filename.
  				2. Replace "github.com" with "raw.githubusercontent.com".
  				3. Remove the "/blob/" part of the URL.
  
  				The resulting URL should look like this:
  				https://raw.githubusercontent.com/username/repository/branch/filename
  
  				Error:
  				Error: Could not download "https://downloads.wordpress.org/plugin/tnw-social-count.latest-stable.zip"
      at Object.run (file:///home/runner/work/playground-tester/playground-tester/node_modules/@wp-playground/blueprints/index.js:12449:19)
      at process.processTicksAndRejections (node:internal/process/task_queues:105:5)
      at async ms (file:///home/runner/work/playground-tester/playground-tester/node_modules/@wp-playground/blueprints/index.js:12552:3)
      at async Object.onBind (file:///home/runner/work/playground-tester/playground-tester/node_modules/@wp-playground/cli/index.js:227:48)
      at async V (file:///home/runner/work/playground-tester/playground-tester/node_modules/@wp-playground/cli/index.js:64:10)
      at async ja (file:///home/runner/work/playground-tester/playground-tester/node_modules/@wp-playground/cli/cli.js:8161:12) {
    [cause]: Error: Could not download "https://downloads.wordpress.org/plugin/tnw-social-count.latest-stable.zip".
    				Check if the URL is correct and the server is reachable.
    				If it is reachable, the server might be blocking the request.
    				Check the browser console and network tabs for more information.
    
    				## Does the console show the error "No 'Access-Control-Allow-Origin' header"?
    
    				This means the server that hosts your file does not allow requests from other sites
    				(cross-origin requests, or CORS).	You need to move the asset to a server that allows
    				cross-origin file downloads. Learn more about CORS at
    				https://developer.mozilla.org/en-US/docs/Web/HTTP/CORS.
    
    				If your file is on GitHub, load it from "raw.githubusercontent.com".
    				Here's how to do that:
    
    				1. Start with the original GitHub URL of the file. For example:
    				https://github.com/username/repository/blob/branch/filename.
    				2. Replace "github.com" with "raw.githubusercontent.com".
    				3. Remove the "/blob/" part of the URL.
    
    				The resulting URL should look like this:
    				https://raw.githubusercontent.com/username/repository/branch/filename
    
    				Error:
    				Error: Could not download "https://downloads.wordpress.org/plugin/tnw-social-count.latest-stable.zip"
        at Ct.resolve (file:///home/runner/work/playground-tester/playground-tester/node_modules/@wp-playground/blueprints/index.js:1472:13)
        at process.processTicksAndRejections (node:internal/process/task_queues:105:5)
        at async _.run (file:///home/runner/work/playground-tester/playground-tester/node_modules/@php-wasm/util/index.js:45:14)
  }
}

Node.js v23.11.0
