[
{"message":"file:///home/runner/work/playground-tester/playground-tester/node_modules/@wp-playground/cli/index.js:237\n        throw new Error(y, { cause: u });\n              ^\n","level":"FATAL","type":"PLAYGROUND","test":"asyncify-boot","plugin":"easyfaq","details":"file:///home/runner/work/playground-tester/playground-tester/node_modules/@wp-playground/cli/index.js:237\n        throw new Error(y, { cause: u });\n              ^\n","log":"/tmp/tmp.kgX3DDtb2B"}
,
{"message":"[22-May-2025 19:24:44 UTC] EWZ: creating/updating tables ","level":"INFO","type":"OTHER","test":"asyncify-boot","plugin":"easyfaq","details":"[22-May-2025 19:24:44 UTC] EWZ: creating/updating tables ","log":"/logs/plugins/e/easyfaq/error.json"}
,
{"message":"[22-May-2025 19:24:45 UTC] EWZ: Array\n(\n    [wp_ewz_layout] => Created table wp_ewz_layout\n)\n","level":"INFO","type":"OTHER","test":"asyncify-boot","plugin":"easyfaq","details":"[22-May-2025 19:24:45 UTC] EWZ: Array\n(\n    [wp_ewz_layout] => Created table wp_ewz_layout\n)\n","log":"/logs/plugins/e/easyfaq/error.json"}
,
{"message":"[22-May-2025 19:24:45 UTC] EWZ: Array\n(\n    [wp_ewz_field] => Created table wp_ewz_field\n)\n","level":"INFO","type":"OTHER","test":"asyncify-boot","plugin":"easyfaq","details":"[22-May-2025 19:24:45 UTC] EWZ: Array\n(\n    [wp_ewz_field] => Created table wp_ewz_field\n)\n","log":"/logs/plugins/e/easyfaq/error.json"}
,
{"message":"[22-May-2025 19:24:45 UTC] EWZ: Array\n(\n    [wp_ewz_webform] => Created table wp_ewz_webform\n)\n","level":"INFO","type":"OTHER","test":"asyncify-boot","plugin":"easyfaq","details":"[22-May-2025 19:24:45 UTC] EWZ: Array\n(\n    [wp_ewz_webform] => Created table wp_ewz_webform\n)\n","log":"/logs/plugins/e/easyfaq/error.json"}
,
{"message":"[22-May-2025 19:24:45 UTC] EWZ: Array\n(\n    [wp_ewz_item] => Created table wp_ewz_item\n)\n","level":"INFO","type":"OTHER","test":"asyncify-boot","plugin":"easyfaq","details":"[22-May-2025 19:24:45 UTC] EWZ: Array\n(\n    [wp_ewz_item] => Created table wp_ewz_item\n)\n","log":"/logs/plugins/e/easyfaq/error.json"}
,
{"message":"[22-May-2025 19:24:55 UTC] EWZ: creating/updating tables ","level":"INFO","type":"OTHER","test":"asyncify-boot","plugin":"easyfaq","details":"[22-May-2025 19:24:55 UTC] EWZ: creating/updating tables ","log":"/logs/plugins/e/easyfaq/error.json"}
,
{"message":"[22-May-2025 19:24:55 UTC] EWZ: Array\n(\n    [wp_ewz_layout] => Created table wp_ewz_layout\n)\n","level":"INFO","type":"OTHER","test":"asyncify-boot","plugin":"easyfaq","details":"[22-May-2025 19:24:55 UTC] EWZ: Array\n(\n    [wp_ewz_layout] => Created table wp_ewz_layout\n)\n","log":"/logs/plugins/e/easyfaq/error.json"}
,
{"message":"[22-May-2025 19:24:55 UTC] EWZ: Array\n(\n    [wp_ewz_field] => Created table wp_ewz_field\n)\n","level":"INFO","type":"OTHER","test":"asyncify-boot","plugin":"easyfaq","details":"[22-May-2025 19:24:55 UTC] EWZ: Array\n(\n    [wp_ewz_field] => Created table wp_ewz_field\n)\n","log":"/logs/plugins/e/easyfaq/error.json"}
,
{"message":"[22-May-2025 19:24:55 UTC] EWZ: Array\n(\n    [wp_ewz_webform] => Created table wp_ewz_webform\n)\n","level":"INFO","type":"OTHER","test":"asyncify-boot","plugin":"easyfaq","details":"[22-May-2025 19:24:55 UTC] EWZ: Array\n(\n    [wp_ewz_webform] => Created table wp_ewz_webform\n)\n","log":"/logs/plugins/e/easyfaq/error.json"}
,
{"message":"[22-May-2025 19:24:55 UTC] EWZ: Array\n(\n    [wp_ewz_item] => Created table wp_ewz_item\n)\n","level":"INFO","type":"OTHER","test":"asyncify-boot","plugin":"easyfaq","details":"[22-May-2025 19:24:55 UTC] EWZ: Array\n(\n    [wp_ewz_item] => Created table wp_ewz_item\n)\n","log":"/logs/plugins/e/easyfaq/error.json"}
,
{"message":"Unknown operation: AUTO_INCREMENT.","level":"FATAL","type":"SQL","test":"asyncify-boot","plugin":"easyfaq","details":"[22-May-2025 19:24:55 UTC] WordPress database error <div style=\"clear:both\">&nbsp;</div>\n<div class=\"queries\" style=\"clear:both;margin-bottom:2px;border:red dotted thin;\">\n<p>MySQL query:</p>\n<p>ALTER TABLE wp_ewz_layout AUTO_INCREMENT=33;</p>\n<p>Queries made or created this session were:</p>\n<ol>\n<li>Executing: BEGIN | (no parameters)</li>\n<li>Executing: ROLLBACK | (no parameters)</li>\n</ol>\n</div>\n<div style=\"clear:both;margin-bottom:2px;border:red dotted thin;\" class=\"error_message\" style=\"border-bottom:dotted blue thin;\">\nError occurred at line 4117 in Function <code>handle_error</code>. Error message was: Unknown operation: AUTO_INCREMENT.\n</div>\n<p>Backtrace:</p>\n<pre>#0 /internal/shared/sqlite-database-integration/wp-includes/sqlite/class-wp-sqlite-db.php(287): WP_SQLite_Translator->get_error_message()\n#1 /wordpress/wp-content/plugins/entrywizard/classes/ewz-setup.php(83): WP_SQLite_DB->query('ALTER TABLE wp_...')\n#2 /wordpress/wp-includes/class-wp-hook.php(324): Ewz_Setup::activate_or_install_ewz(false)\n#3 /wordpress/wp-includes/class-wp-hook.php(348): WP_Hook->apply_filters('', Array)\n#4 /wordpress/wp-includes/plugin.php(517): WP_Hook->do_action(Array)\n#5 /wordpress/wp-admin/includes/plugin.php(703): do_action('activate_entryw...', false)\n#6 /internal/eval.php(20): activate_plugin('entrywizard/ent...')\n#7 {main}</pre>\n for query ALTER TABLE wp_ewz_layout AUTO_INCREMENT=33; made by activate_plugin, do_action('activate_entrywizard/entrywizard.php'), WP_Hook->do_action, WP_Hook->apply_filters, Ewz_Setup::activate_or_install_ewz, WP_SQLite_DB->query, WP_SQLite_DB->print_error","log":"/logs/plugins/e/easyfaq/error.json"}
,
{"message":"[22-May-2025 19:24:55 UTC] EWZ: DB Error <div style=\"clear:both\">&nbsp;</div>\n<div class=\"queries\" style=\"clear:both;margin-bottom:2px;border:red dotted thin;\">\n<p>MySQL query:</p>\n<p>ALTER TABLE wp_ewz_layout AUTO_INCREMENT=33;</p>\n<p>Queries made or created this session were:</p>\n<ol>\n<li>Executing: BEGIN | (no parameters)</li>\n<li>Executing: ROLLBACK | (no parameters)</li>\n</ol>\n</div>\n<div style=\"clear:both;margin-bottom:2px;border:red dotted thin;\" class=\"error_message\" style=\"border-bottom:dotted blue thin;\">\nError occurred at line 4117 in Function <code>handle_error</code>. Error message was: Unknown operation: AUTO_INCREMENT.\n</div>\n<p>Backtrace:</p>\n<pre>#0 /internal/shared/sqlite-database-integration/wp-includes/sqlite/class-wp-sqlite-db.php(287): WP_SQLite_Translator->get_error_message()\n#1 /wordpress/wp-content/plugins/entrywizard/classes/ewz-setup.php(83): WP_SQLite_DB->query('ALTER TABLE wp_...')\n#2 /wordpress/wp-includes/class-wp-hook.php(324): Ewz_Setup::activate_or_install_ewz(false)\n#3 /wordpress/wp-includes/class-wp-hook.php(348): WP_Hook->apply_filters('', Array)\n#4 /wordpress/wp-includes/plugin.php(517): WP_Hook->do_action(Array)\n#5 /wordpress/wp-admin/includes/plugin.php(703): do_action('activate_entryw...', false)\n#6 /internal/eval.php(20): activate_plugin('entrywizard/ent...')\n#7 {main}</pre>\n ;; # {user 1}~{ classes/ewz-setup.php, line 84 }~","level":"INFO","type":"OTHER","test":"asyncify-boot","plugin":"easyfaq","details":"[22-May-2025 19:24:55 UTC] EWZ: DB Error <div style=\"clear:both\">&nbsp;</div>\n<div class=\"queries\" style=\"clear:both;margin-bottom:2px;border:red dotted thin;\">\n<p>MySQL query:</p>\n<p>ALTER TABLE wp_ewz_layout AUTO_INCREMENT=33;</p>\n<p>Queries made or created this session were:</p>\n<ol>\n<li>Executing: BEGIN | (no parameters)</li>\n<li>Executing: ROLLBACK | (no parameters)</li>\n</ol>\n</div>\n<div style=\"clear:both;margin-bottom:2px;border:red dotted thin;\" class=\"error_message\" style=\"border-bottom:dotted blue thin;\">\nError occurred at line 4117 in Function <code>handle_error</code>. Error message was: Unknown operation: AUTO_INCREMENT.\n</div>\n<p>Backtrace:</p>\n<pre>#0 /internal/shared/sqlite-database-integration/wp-includes/sqlite/class-wp-sqlite-db.php(287): WP_SQLite_Translator->get_error_message()\n#1 /wordpress/wp-content/plugins/entrywizard/classes/ewz-setup.php(83): WP_SQLite_DB->query('ALTER TABLE wp_...')\n#2 /wordpress/wp-includes/class-wp-hook.php(324): Ewz_Setup::activate_or_install_ewz(false)\n#3 /wordpress/wp-includes/class-wp-hook.php(348): WP_Hook->apply_filters('', Array)\n#4 /wordpress/wp-includes/plugin.php(517): WP_Hook->do_action(Array)\n#5 /wordpress/wp-admin/includes/plugin.php(703): do_action('activate_entryw...', false)\n#6 /internal/eval.php(20): activate_plugin('entrywizard/ent...')\n#7 {main}</pre>\n ;; # {user 1}~{ classes/ewz-setup.php, line 84 }~","log":"/logs/plugins/e/easyfaq/error.json"}
,
{"message":"Uncaught EWZ_Exception: *** EntryWizard ERROR *** DB Error &nbsp;","level":"FATAL","type":"PHP","test":"asyncify-boot","plugin":"easyfaq","details":"[22-May-2025 19:24:55 UTC] PHP Fatal error:  Uncaught EWZ_Exception: *** EntryWizard ERROR *** DB Error &nbsp;\n\nMySQL query:\nALTER TABLE wp_ewz_layout AUTO_INCREMENT=33;\nQueries made or created this session were:\n\nExecuting: BEGIN | (no parameters)\nExecuting: ROLLBACK | (no parameters)\n\n\n\nError occurred at line 4117 in Function handle_error. Error message was: Unknown operation: AUTO_INCREMENT.\n\nBacktrace:\n#0 /internal/shared/sqlite-database-integration/wp-includes/sqlite/class-wp-sqlite-db.php(287): WP_SQLite_Translator-&gt;get_error_message()\n#1 /wordpress/wp-content/plugins/entrywizard/classes/ewz-setup.php(83): WP_SQLite_DB-&gt;query('ALTER TABLE wp_...')\n#2 /wordpress/wp-includes/class-wp-hook.php(324): Ewz_Setup::activate_or_install_ewz(false)\n#3 /wordpress/wp-includes/class-wp-hook.php(348): WP_Hook-&gt;apply_filters('', Array)\n#4 /wordpress/wp-includes/plugin.php(517): WP_Hook-&gt;do_action(Array)\n#5 /wordpress/wp-admin/includes/plugin.php(703): do_action('activate_entryw...', false)\n#6 /internal/eval.php(20): activate_plugin('entrywizard/ent...')\n#7 {main}\n in /wordpress/wp-content/plugins/entrywizard/classes/ewz-setup.php:84\nStack trace:\n#0 /wordpress/wp-includes/class-wp-hook.php(324): Ewz_Setup::activate_or_install_ewz(false)\n#1 /wordpress/wp-includes/class-wp-hook.php(348): WP_Hook->apply_filters('', Array)\n#2 /wordpress/wp-includes/plugin.php(517): WP_Hook->do_action(Array)\n#3 /wordpress/wp-admin/includes/plugin.php(703): do_action('activate_entryw...', false)\n#4 /internal/eval.php(20): activate_plugin('entrywizard/ent...')\n#5 {main}\n  thrown in /wordpress/wp-content/plugins/entrywizard/classes/ewz-setup.php on line 84","log":"/logs/plugins/e/easyfaq/error.json"}
,
{"message":"[22-May-2025 19:25:04 UTC] EWZ: creating/updating tables ","level":"INFO","type":"OTHER","test":"asyncify-boot","plugin":"easyfaq","details":"[22-May-2025 19:25:04 UTC] EWZ: creating/updating tables ","log":"/logs/plugins/e/easyfaq/error.json"}
,
{"message":"[22-May-2025 19:25:04 UTC] EWZ: Array\n(\n    [wp_ewz_layout] => Created table wp_ewz_layout\n)\n","level":"INFO","type":"OTHER","test":"asyncify-boot","plugin":"easyfaq","details":"[22-May-2025 19:25:04 UTC] EWZ: Array\n(\n    [wp_ewz_layout] => Created table wp_ewz_layout\n)\n","log":"/logs/plugins/e/easyfaq/error.json"}
,
{"message":"[22-May-2025 19:25:04 UTC] EWZ: Array\n(\n    [wp_ewz_field] => Created table wp_ewz_field\n)\n","level":"INFO","type":"OTHER","test":"asyncify-boot","plugin":"easyfaq","details":"[22-May-2025 19:25:04 UTC] EWZ: Array\n(\n    [wp_ewz_field] => Created table wp_ewz_field\n)\n","log":"/logs/plugins/e/easyfaq/error.json"}
,
{"message":"[22-May-2025 19:25:04 UTC] EWZ: Array\n(\n    [wp_ewz_webform] => Created table wp_ewz_webform\n)\n","level":"INFO","type":"OTHER","test":"asyncify-boot","plugin":"easyfaq","details":"[22-May-2025 19:25:04 UTC] EWZ: Array\n(\n    [wp_ewz_webform] => Created table wp_ewz_webform\n)\n","log":"/logs/plugins/e/easyfaq/error.json"}
,
{"message":"[22-May-2025 19:25:04 UTC] EWZ: Array\n(\n    [wp_ewz_item] => Created table wp_ewz_item\n)\n","level":"INFO","type":"OTHER","test":"asyncify-boot","plugin":"easyfaq","details":"[22-May-2025 19:25:04 UTC] EWZ: Array\n(\n    [wp_ewz_item] => Created table wp_ewz_item\n)\n","log":"/logs/plugins/e/easyfaq/error.json"}
,
{"message":"Unknown operation: AUTO_INCREMENT.","level":"FATAL","type":"SQL","test":"asyncify-boot","plugin":"easyfaq","details":"[22-May-2025 19:25:04 UTC] WordPress database error <div style=\"clear:both\">&nbsp;</div>\n<div class=\"queries\" style=\"clear:both;margin-bottom:2px;border:red dotted thin;\">\n<p>MySQL query:</p>\n<p>ALTER TABLE wp_ewz_layout AUTO_INCREMENT=33;</p>\n<p>Queries made or created this session were:</p>\n<ol>\n<li>Executing: BEGIN | (no parameters)</li>\n<li>Executing: ROLLBACK | (no parameters)</li>\n</ol>\n</div>\n<div style=\"clear:both;margin-bottom:2px;border:red dotted thin;\" class=\"error_message\" style=\"border-bottom:dotted blue thin;\">\nError occurred at line 4117 in Function <code>handle_error</code>. Error message was: Unknown operation: AUTO_INCREMENT.\n</div>\n<p>Backtrace:</p>\n<pre>#0 /internal/shared/sqlite-database-integration/wp-includes/sqlite/class-wp-sqlite-db.php(287): WP_SQLite_Translator->get_error_message()\n#1 /wordpress/wp-content/plugins/entrywizard/classes/ewz-setup.php(83): WP_SQLite_DB->query('ALTER TABLE wp_...')\n#2 /wordpress/wp-includes/class-wp-hook.php(324): Ewz_Setup::activate_or_install_ewz(false)\n#3 /wordpress/wp-includes/class-wp-hook.php(348): WP_Hook->apply_filters('', Array)\n#4 /wordpress/wp-includes/plugin.php(517): WP_Hook->do_action(Array)\n#5 /wordpress/wp-admin/includes/plugin.php(703): do_action('activate_entryw...', false)\n#6 /internal/eval.php(20): activate_plugin('entrywizard/ent...')\n#7 {main}</pre>\n for query ALTER TABLE wp_ewz_layout AUTO_INCREMENT=33; made by activate_plugin, do_action('activate_entrywizard/entrywizard.php'), WP_Hook->do_action, WP_Hook->apply_filters, Ewz_Setup::activate_or_install_ewz, WP_SQLite_DB->query, WP_SQLite_DB->print_error","log":"/logs/plugins/e/easyfaq/error.json"}
,
{"message":"[22-May-2025 19:25:04 UTC] EWZ: DB Error <div style=\"clear:both\">&nbsp;</div>\n<div class=\"queries\" style=\"clear:both;margin-bottom:2px;border:red dotted thin;\">\n<p>MySQL query:</p>\n<p>ALTER TABLE wp_ewz_layout AUTO_INCREMENT=33;</p>\n<p>Queries made or created this session were:</p>\n<ol>\n<li>Executing: BEGIN | (no parameters)</li>\n<li>Executing: ROLLBACK | (no parameters)</li>\n</ol>\n</div>\n<div style=\"clear:both;margin-bottom:2px;border:red dotted thin;\" class=\"error_message\" style=\"border-bottom:dotted blue thin;\">\nError occurred at line 4117 in Function <code>handle_error</code>. Error message was: Unknown operation: AUTO_INCREMENT.\n</div>\n<p>Backtrace:</p>\n<pre>#0 /internal/shared/sqlite-database-integration/wp-includes/sqlite/class-wp-sqlite-db.php(287): WP_SQLite_Translator->get_error_message()\n#1 /wordpress/wp-content/plugins/entrywizard/classes/ewz-setup.php(83): WP_SQLite_DB->query('ALTER TABLE wp_...')\n#2 /wordpress/wp-includes/class-wp-hook.php(324): Ewz_Setup::activate_or_install_ewz(false)\n#3 /wordpress/wp-includes/class-wp-hook.php(348): WP_Hook->apply_filters('', Array)\n#4 /wordpress/wp-includes/plugin.php(517): WP_Hook->do_action(Array)\n#5 /wordpress/wp-admin/includes/plugin.php(703): do_action('activate_entryw...', false)\n#6 /internal/eval.php(20): activate_plugin('entrywizard/ent...')\n#7 {main}</pre>\n ;; # {user 1}~{ classes/ewz-setup.php, line 84 }~","level":"INFO","type":"OTHER","test":"asyncify-boot","plugin":"easyfaq","details":"[22-May-2025 19:25:04 UTC] EWZ: DB Error <div style=\"clear:both\">&nbsp;</div>\n<div class=\"queries\" style=\"clear:both;margin-bottom:2px;border:red dotted thin;\">\n<p>MySQL query:</p>\n<p>ALTER TABLE wp_ewz_layout AUTO_INCREMENT=33;</p>\n<p>Queries made or created this session were:</p>\n<ol>\n<li>Executing: BEGIN | (no parameters)</li>\n<li>Executing: ROLLBACK | (no parameters)</li>\n</ol>\n</div>\n<div style=\"clear:both;margin-bottom:2px;border:red dotted thin;\" class=\"error_message\" style=\"border-bottom:dotted blue thin;\">\nError occurred at line 4117 in Function <code>handle_error</code>. Error message was: Unknown operation: AUTO_INCREMENT.\n</div>\n<p>Backtrace:</p>\n<pre>#0 /internal/shared/sqlite-database-integration/wp-includes/sqlite/class-wp-sqlite-db.php(287): WP_SQLite_Translator->get_error_message()\n#1 /wordpress/wp-content/plugins/entrywizard/classes/ewz-setup.php(83): WP_SQLite_DB->query('ALTER TABLE wp_...')\n#2 /wordpress/wp-includes/class-wp-hook.php(324): Ewz_Setup::activate_or_install_ewz(false)\n#3 /wordpress/wp-includes/class-wp-hook.php(348): WP_Hook->apply_filters('', Array)\n#4 /wordpress/wp-includes/plugin.php(517): WP_Hook->do_action(Array)\n#5 /wordpress/wp-admin/includes/plugin.php(703): do_action('activate_entryw...', false)\n#6 /internal/eval.php(20): activate_plugin('entrywizard/ent...')\n#7 {main}</pre>\n ;; # {user 1}~{ classes/ewz-setup.php, line 84 }~","log":"/logs/plugins/e/easyfaq/error.json"}
,
{"message":"Uncaught EWZ_Exception: *** EntryWizard ERROR *** DB Error &nbsp;","level":"FATAL","type":"PHP","test":"asyncify-boot","plugin":"easyfaq","details":"[22-May-2025 19:25:04 UTC] PHP Fatal error:  Uncaught EWZ_Exception: *** EntryWizard ERROR *** DB Error &nbsp;\n\nMySQL query:\nALTER TABLE wp_ewz_layout AUTO_INCREMENT=33;\nQueries made or created this session were:\n\nExecuting: BEGIN | (no parameters)\nExecuting: ROLLBACK | (no parameters)\n\n\n\nError occurred at line 4117 in Function handle_error. Error message was: Unknown operation: AUTO_INCREMENT.\n\nBacktrace:\n#0 /internal/shared/sqlite-database-integration/wp-includes/sqlite/class-wp-sqlite-db.php(287): WP_SQLite_Translator-&gt;get_error_message()\n#1 /wordpress/wp-content/plugins/entrywizard/classes/ewz-setup.php(83): WP_SQLite_DB-&gt;query('ALTER TABLE wp_...')\n#2 /wordpress/wp-includes/class-wp-hook.php(324): Ewz_Setup::activate_or_install_ewz(false)\n#3 /wordpress/wp-includes/class-wp-hook.php(348): WP_Hook-&gt;apply_filters('', Array)\n#4 /wordpress/wp-includes/plugin.php(517): WP_Hook-&gt;do_action(Array)\n#5 /wordpress/wp-admin/includes/plugin.php(703): do_action('activate_entryw...', false)\n#6 /internal/eval.php(20): activate_plugin('entrywizard/ent...')\n#7 {main}\n in /wordpress/wp-content/plugins/entrywizard/classes/ewz-setup.php:84\nStack trace:\n#0 /wordpress/wp-includes/class-wp-hook.php(324): Ewz_Setup::activate_or_install_ewz(false)\n#1 /wordpress/wp-includes/class-wp-hook.php(348): WP_Hook->apply_filters('', Array)\n#2 /wordpress/wp-includes/plugin.php(517): WP_Hook->do_action(Array)\n#3 /wordpress/wp-admin/includes/plugin.php(703): do_action('activate_entryw...', false)\n#4 /internal/eval.php(20): activate_plugin('entrywizard/ent...')\n#5 {main}\n  thrown in /wordpress/wp-content/plugins/entrywizard/classes/ewz-setup.php on line 84","log":"/logs/plugins/e/easyfaq/error.json"}
,
{"message":"require_once(/lib/wordpress_pre2.6.inc): Failed to open stream: No such file or directory in /wordpress/wp-content/plugins/ep-tools-eros-pedrini-tools-atom-fix/ep_tools_atom_fix.php on line 31","level":"WARNING","type":"PHP","test":"asyncify-boot","plugin":"easyfaq","details":"[22-May-2025 19:25:13 UTC] PHP Warning:  require_once(/lib/wordpress_pre2.6.inc): Failed to open stream: No such file or directory in /wordpress/wp-content/plugins/ep-tools-eros-pedrini-tools-atom-fix/ep_tools_atom_fix.php on line 31","log":"/logs/plugins/e/easyfaq/error.json"}
,
{"message":"Uncaught Error: Failed opening required '/lib/wordpress_pre2.6.inc' (include_path='.:') in /wordpress/wp-content/plugins/ep-tools-eros-pedrini-tools-atom-fix/ep_tools_atom_fix.php:31","level":"FATAL","type":"PHP","test":"asyncify-boot","plugin":"easyfaq","details":"[22-May-2025 19:25:13 UTC] PHP Fatal error:  Uncaught Error: Failed opening required '/lib/wordpress_pre2.6.inc' (include_path='.:') in /wordpress/wp-content/plugins/ep-tools-eros-pedrini-tools-atom-fix/ep_tools_atom_fix.php:31\nStack trace:\n#0 /wordpress/wp-admin/includes/plugin.php(2387): include_once()\n#1 /wordpress/wp-admin/includes/plugin.php(673): plugin_sandbox_scrape('ep-tools-eros-p...')\n#2 /internal/eval.php(20): activate_plugin('ep-tools-eros-p...')\n#3 {main}\n  thrown in /wordpress/wp-content/plugins/ep-tools-eros-pedrini-tools-atom-fix/ep_tools_atom_fix.php on line 31","log":"/logs/plugins/e/easyfaq/error.json"}
,
{"message":"require_once(/lib/wordpress_pre2.6.inc): Failed to open stream: No such file or directory in /wordpress/wp-content/plugins/ep-tools-eros-pedrini-tools-atom-fix/ep_tools_atom_fix.php on line 31","level":"WARNING","type":"PHP","test":"asyncify-boot","plugin":"easyfaq","details":"[22-May-2025 19:25:21 UTC] PHP Warning:  require_once(/lib/wordpress_pre2.6.inc): Failed to open stream: No such file or directory in /wordpress/wp-content/plugins/ep-tools-eros-pedrini-tools-atom-fix/ep_tools_atom_fix.php on line 31","log":"/logs/plugins/e/easyfaq/error.json"}
,
{"message":"Uncaught Error: Failed opening required '/lib/wordpress_pre2.6.inc' (include_path='.:') in /wordpress/wp-content/plugins/ep-tools-eros-pedrini-tools-atom-fix/ep_tools_atom_fix.php:31","level":"FATAL","type":"PHP","test":"asyncify-boot","plugin":"easyfaq","details":"[22-May-2025 19:25:21 UTC] PHP Fatal error:  Uncaught Error: Failed opening required '/lib/wordpress_pre2.6.inc' (include_path='.:') in /wordpress/wp-content/plugins/ep-tools-eros-pedrini-tools-atom-fix/ep_tools_atom_fix.php:31\nStack trace:\n#0 /wordpress/wp-admin/includes/plugin.php(2387): include_once()\n#1 /wordpress/wp-admin/includes/plugin.php(673): plugin_sandbox_scrape('ep-tools-eros-p...')\n#2 /internal/eval.php(20): activate_plugin('ep-tools-eros-p...')\n#3 {main}\n  thrown in /wordpress/wp-content/plugins/ep-tools-eros-pedrini-tools-atom-fix/ep_tools_atom_fix.php on line 31","log":"/logs/plugins/e/easyfaq/error.json"}
,
{"message":"require_once(/lib/wordpress_pre2.6.inc): Failed to open stream: No such file or directory in /wordpress/wp-content/plugins/ep-tools-eros-pedrini-tools-atom-fix/ep_tools_atom_fix.php on line 31","level":"WARNING","type":"PHP","test":"asyncify-boot","plugin":"easyfaq","details":"[22-May-2025 19:25:28 UTC] PHP Warning:  require_once(/lib/wordpress_pre2.6.inc): Failed to open stream: No such file or directory in /wordpress/wp-content/plugins/ep-tools-eros-pedrini-tools-atom-fix/ep_tools_atom_fix.php on line 31","log":"/logs/plugins/e/easyfaq/error.json"}
,
{"message":"Uncaught Error: Failed opening required '/lib/wordpress_pre2.6.inc' (include_path='.:') in /wordpress/wp-content/plugins/ep-tools-eros-pedrini-tools-atom-fix/ep_tools_atom_fix.php:31","level":"FATAL","type":"PHP","test":"asyncify-boot","plugin":"easyfaq","details":"[22-May-2025 19:25:28 UTC] PHP Fatal error:  Uncaught Error: Failed opening required '/lib/wordpress_pre2.6.inc' (include_path='.:') in /wordpress/wp-content/plugins/ep-tools-eros-pedrini-tools-atom-fix/ep_tools_atom_fix.php:31\nStack trace:\n#0 /wordpress/wp-admin/includes/plugin.php(2387): include_once()\n#1 /wordpress/wp-admin/includes/plugin.php(673): plugin_sandbox_scrape('ep-tools-eros-p...')\n#2 /internal/eval.php(20): activate_plugin('ep-tools-eros-p...')\n#3 {main}\n  thrown in /wordpress/wp-content/plugins/ep-tools-eros-pedrini-tools-atom-fix/ep_tools_atom_fix.php on line 31\n\n    at Object.onBind (file:///home/runner/work/playground-tester/playground-tester/node_modules/@wp-playground/cli/index.js:237:15)\n    at process.processTicksAndRejections (node:internal/process/task_queues:105:5)\n    at async V (file:///home/runner/work/playground-tester/playground-tester/node_modules/@wp-playground/cli/index.js:64:10)\n    at async ja (file:///home/runner/work/playground-tester/playground-tester/node_modules/@wp-playground/cli/cli.js:8161:12) {\n  [cause]: Error: Error when executing the blueprint step #1 ({\"step\":\"installPlugin\",\"pluginData\":{\"resource\":\"wordpress.org/plugins\",\"slug\":\"easyfaq\"},\"options\":{\"activate\":true}}) : Could not download \"https://downloads.wordpress.org/plugin/easyfaq.latest-stable.zip\".\n  \t\t\t\tCheck if the URL is correct and the server is reachable.\n  \t\t\t\tIf it is reachable, the server might be blocking the request.\n  \t\t\t\tCheck the browser console and network tabs for more information.\n  \n  \t\t\t\t## Does the console show the error \"No 'Access-Control-Allow-Origin' header\"?\n  \n  \t\t\t\tThis means the server that hosts your file does not allow requests from other sites\n  \t\t\t\t(cross-origin requests, or CORS).\tYou need to move the asset to a server that allows\n  \t\t\t\tcross-origin file downloads. Learn more about CORS at\n  \t\t\t\thttps://developer.mozilla.org/en-US/docs/Web/HTTP/CORS.\n  \n  \t\t\t\tIf your file is on GitHub, load it from \"raw.githubusercontent.com\".\n  \t\t\t\tHere's how to do that:\n  \n  \t\t\t\t1. Start with the original GitHub URL of the file. For example:\n  \t\t\t\thttps://github.com/username/repository/blob/branch/filename.\n  \t\t\t\t2. Replace \"github.com\" with \"raw.githubusercontent.com\".\n  \t\t\t\t3. Remove the \"/blob/\" part of the URL.\n  \n  \t\t\t\tThe resulting URL should look like this:\n  \t\t\t\thttps://raw.githubusercontent.com/username/repository/branch/filename\n  \n  \t\t\t\tError:\n  \t\t\t\tError: Could not download \"https://downloads.wordpress.org/plugin/easyfaq.latest-stable.zip\"\n      at Object.run (file:///home/runner/work/playground-tester/playground-tester/node_modules/@wp-playground/blueprints/index.js:12449:19)\n      at process.processTicksAndRejections (node:internal/process/task_queues:105:5)\n      at async ms (file:///home/runner/work/playground-tester/playground-tester/node_modules/@wp-playground/blueprints/index.js:12552:3)\n      at async Object.onBind (file:///home/runner/work/playground-tester/playground-tester/node_modules/@wp-playground/cli/index.js:227:48)\n      at async V (file:///home/runner/work/playground-tester/playground-tester/node_modules/@wp-playground/cli/index.js:64:10)\n      at async ja (file:///home/runner/work/playground-tester/playground-tester/node_modules/@wp-playground/cli/cli.js:8161:12) {\n    [cause]: Error: Could not download \"https://downloads.wordpress.org/plugin/easyfaq.latest-stable.zip\".\n    \t\t\t\tCheck if the URL is correct and the server is reachable.\n    \t\t\t\tIf it is reachable, the server might be blocking the request.\n    \t\t\t\tCheck the browser console and network tabs for more information.\n    \n    \t\t\t\t## Does the console show the error \"No 'Access-Control-Allow-Origin' header\"?\n    \n    \t\t\t\tThis means the server that hosts your file does not allow requests from other sites\n    \t\t\t\t(cross-origin requests, or CORS).\tYou need to move the asset to a server that allows\n    \t\t\t\tcross-origin file downloads. Learn more about CORS at\n    \t\t\t\thttps://developer.mozilla.org/en-US/docs/Web/HTTP/CORS.\n    \n    \t\t\t\tIf your file is on GitHub, load it from \"raw.githubusercontent.com\".\n    \t\t\t\tHere's how to do that:\n    \n    \t\t\t\t1. Start with the original GitHub URL of the file. For example:\n    \t\t\t\thttps://github.com/username/repository/blob/branch/filename.\n    \t\t\t\t2. Replace \"github.com\" with \"raw.githubusercontent.com\".\n    \t\t\t\t3. Remove the \"/blob/\" part of the URL.\n    \n    \t\t\t\tThe resulting URL should look like this:\n    \t\t\t\thttps://raw.githubusercontent.com/username/repository/branch/filename\n    \n    \t\t\t\tError:\n    \t\t\t\tError: Could not download \"https://downloads.wordpress.org/plugin/easyfaq.latest-stable.zip\"\n        at Ct.resolve (file:///home/runner/work/playground-tester/playground-tester/node_modules/@wp-playground/blueprints/index.js:1472:13)\n        at process.processTicksAndRejections (node:internal/process/task_queues:105:5)\n        at async _.run (file:///home/runner/work/playground-tester/playground-tester/node_modules/@php-wasm/util/index.js:45:14)\n  }\n}\n\n","log":"/logs/plugins/e/easyfaq/error.json"}
]
