[
{"message":"file:///home/runner/work/playground-tester/playground-tester/node_modules/@wp-playground/cli/run-cli-j-geJYS3.js:325\n        throw new Error($, { cause: h });\n              ^\n","level":"FATAL","type":"PLAYGROUND","test":"asyncify-boot","plugin":"wp-random-quote","details":"file:///home/runner/work/playground-tester/playground-tester/node_modules/@wp-playground/cli/run-cli-j-geJYS3.js:325\n        throw new Error($, { cause: h });\n              ^\n","log":"/tmp/tmp.8CH52IkrV1"}
,
{"message":"Undefined array key \"DOCUMENT_ROOT\" in /wordpress/wp-content/plugins/woocommerce-billogram-integration/woocommerce-billogram2-extended.php on line 22","level":"WARNING","type":"PHP","test":"asyncify-boot","plugin":"wp-random-quote","details":"[10-Jun-2025 10:31:52 UTC] PHP Warning:  Undefined array key \"DOCUMENT_ROOT\" in /wordpress/wp-content/plugins/woocommerce-billogram-integration/woocommerce-billogram2-extended.php on line 22","log":"/logs/plugins/w/wp-random-quote/error.json"}
,
{"message":"Undefined array key \"DOCUMENT_ROOT\" in /wordpress/wp-content/plugins/woocommerce-billogram-integration/woocommerce-billogram2-extended.php on line 22","level":"WARNING","type":"PHP","test":"asyncify-boot","plugin":"wp-random-quote","details":"[10-Jun-2025 10:31:53 UTC] PHP Warning:  Undefined array key \"DOCUMENT_ROOT\" in /wordpress/wp-content/plugins/woocommerce-billogram-integration/woocommerce-billogram2-extended.php on line 22","log":"/logs/plugins/w/wp-random-quote/error.json"}
,
{"message":"Undefined array key \"DOCUMENT_ROOT\" in /wordpress/wp-content/plugins/woocommerce-billogram-integration/woocommerce-billogram2-extended.php on line 22","level":"WARNING","type":"PHP","test":"asyncify-boot","plugin":"wp-random-quote","details":"[10-Jun-2025 10:32:01 UTC] PHP Warning:  Undefined array key \"DOCUMENT_ROOT\" in /wordpress/wp-content/plugins/woocommerce-billogram-integration/woocommerce-billogram2-extended.php on line 22","log":"/logs/plugins/w/wp-random-quote/error.json"}
,
{"message":"Undefined array key \"DOCUMENT_ROOT\" in /wordpress/wp-content/plugins/woocommerce-billogram-integration/woocommerce-billogram2-extended.php on line 22","level":"WARNING","type":"PHP","test":"asyncify-boot","plugin":"wp-random-quote","details":"[10-Jun-2025 10:32:02 UTC] PHP Warning:  Undefined array key \"DOCUMENT_ROOT\" in /wordpress/wp-content/plugins/woocommerce-billogram-integration/woocommerce-billogram2-extended.php on line 22","log":"/logs/plugins/w/wp-random-quote/error.json"}
,
{"message":"Undefined array key \"DOCUMENT_ROOT\" in /wordpress/wp-content/plugins/woocommerce-billogram-integration/woocommerce-billogram2-extended.php on line 22","level":"WARNING","type":"PHP","test":"asyncify-boot","plugin":"wp-random-quote","details":"[10-Jun-2025 10:32:09 UTC] PHP Warning:  Undefined array key \"DOCUMENT_ROOT\" in /wordpress/wp-content/plugins/woocommerce-billogram-integration/woocommerce-billogram2-extended.php on line 22","log":"/logs/plugins/w/wp-random-quote/error.json"}
,
{"message":"Undefined array key \"DOCUMENT_ROOT\" in /wordpress/wp-content/plugins/woocommerce-billogram-integration/woocommerce-billogram2-extended.php on line 22","level":"WARNING","type":"PHP","test":"asyncify-boot","plugin":"wp-random-quote","details":"[10-Jun-2025 10:32:10 UTC] PHP Warning:  Undefined array key \"DOCUMENT_ROOT\" in /wordpress/wp-content/plugins/woocommerce-billogram-integration/woocommerce-billogram2-extended.php on line 22","log":"/logs/plugins/w/wp-random-quote/error.json"}
,
{"message":"Function wpdb::escape is <strong>deprecated</strong> since version 3.6.0! Use wpdb::prepare() or esc_sql() instead. in /wordpress/wp-includes/functions.php on line 6121","level":"DEPRECATED","type":"PHP","test":"asyncify-boot","plugin":"wp-random-quote","details":"[10-Jun-2025 10:33:40 UTC] PHP Deprecated:  Function wpdb::escape is <strong>deprecated</strong> since version 3.6.0! Use wpdb::prepare() or esc_sql() instead. in /wordpress/wp-includes/functions.php on line 6121","log":"/logs/plugins/w/wp-random-quote/error.json"}
,
{"message":"Function wp_enqueue_script was called <strong>incorrectly</strong>. Scripts and styles should not be registered or enqueued until the <code>wp_enqueue_scripts</code>, <code>admin_enqueue_scripts</code>, or <code>login_enqueue_scripts</code> hooks. This notice was triggered by the <code>jquery</code> handle. Please see <a href=\"https://developer.wordpress.org/advanced-administration/debug/debug-wordpress/\">Debugging in WordPress</a> for more information. (This message was added in version 3.3.0.) in /wordpress/wp-includes/functions.php on line 6121","level":"NOTICE","type":"PHP","test":"asyncify-boot","plugin":"wp-random-quote","details":"[10-Jun-2025 10:33:41 UTC] PHP Notice:  Function wp_enqueue_script was called <strong>incorrectly</strong>. Scripts and styles should not be registered or enqueued until the <code>wp_enqueue_scripts</code>, <code>admin_enqueue_scripts</code>, or <code>login_enqueue_scripts</code> hooks. This notice was triggered by the <code>jquery</code> handle. Please see <a href=\"https://developer.wordpress.org/advanced-administration/debug/debug-wordpress/\">Debugging in WordPress</a> for more information. (This message was added in version 3.3.0.) in /wordpress/wp-includes/functions.php on line 6121","log":"/logs/plugins/w/wp-random-quote/error.json"}
,
{"message":"Function wpdb::escape is <strong>deprecated</strong> since version 3.6.0! Use wpdb::prepare() or esc_sql() instead. in /wordpress/wp-includes/functions.php on line 6121","level":"DEPRECATED","type":"PHP","test":"asyncify-boot","plugin":"wp-random-quote","details":"[10-Jun-2025 10:33:49 UTC] PHP Deprecated:  Function wpdb::escape is <strong>deprecated</strong> since version 3.6.0! Use wpdb::prepare() or esc_sql() instead. in /wordpress/wp-includes/functions.php on line 6121","log":"/logs/plugins/w/wp-random-quote/error.json"}
,
{"message":"Function wp_enqueue_script was called <strong>incorrectly</strong>. Scripts and styles should not be registered or enqueued until the <code>wp_enqueue_scripts</code>, <code>admin_enqueue_scripts</code>, or <code>login_enqueue_scripts</code> hooks. This notice was triggered by the <code>jquery</code> handle. Please see <a href=\"https://developer.wordpress.org/advanced-administration/debug/debug-wordpress/\">Debugging in WordPress</a> for more information. (This message was added in version 3.3.0.) in /wordpress/wp-includes/functions.php on line 6121","level":"NOTICE","type":"PHP","test":"asyncify-boot","plugin":"wp-random-quote","details":"[10-Jun-2025 10:33:50 UTC] PHP Notice:  Function wp_enqueue_script was called <strong>incorrectly</strong>. Scripts and styles should not be registered or enqueued until the <code>wp_enqueue_scripts</code>, <code>admin_enqueue_scripts</code>, or <code>login_enqueue_scripts</code> hooks. This notice was triggered by the <code>jquery</code> handle. Please see <a href=\"https://developer.wordpress.org/advanced-administration/debug/debug-wordpress/\">Debugging in WordPress</a> for more information. (This message was added in version 3.3.0.) in /wordpress/wp-includes/functions.php on line 6121","log":"/logs/plugins/w/wp-random-quote/error.json"}
,
{"message":"Function wpdb::escape is <strong>deprecated</strong> since version 3.6.0! Use wpdb::prepare() or esc_sql() instead. in /wordpress/wp-includes/functions.php on line 6121","level":"DEPRECATED","type":"PHP","test":"asyncify-boot","plugin":"wp-random-quote","details":"[10-Jun-2025 10:33:58 UTC] PHP Deprecated:  Function wpdb::escape is <strong>deprecated</strong> since version 3.6.0! Use wpdb::prepare() or esc_sql() instead. in /wordpress/wp-includes/functions.php on line 6121","log":"/logs/plugins/w/wp-random-quote/error.json"}
,
{"message":"Function wp_enqueue_script was called <strong>incorrectly</strong>. Scripts and styles should not be registered or enqueued until the <code>wp_enqueue_scripts</code>, <code>admin_enqueue_scripts</code>, or <code>login_enqueue_scripts</code> hooks. This notice was triggered by the <code>jquery</code> handle. Please see <a href=\"https://developer.wordpress.org/advanced-administration/debug/debug-wordpress/\">Debugging in WordPress</a> for more information. (This message was added in version 3.3.0.) in /wordpress/wp-includes/functions.php on line 6121","level":"NOTICE","type":"PHP","test":"asyncify-boot","plugin":"wp-random-quote","details":"[10-Jun-2025 10:33:59 UTC] PHP Notice:  Function wp_enqueue_script was called <strong>incorrectly</strong>. Scripts and styles should not be registered or enqueued until the <code>wp_enqueue_scripts</code>, <code>admin_enqueue_scripts</code>, or <code>login_enqueue_scripts</code> hooks. This notice was triggered by the <code>jquery</code> handle. Please see <a href=\"https://developer.wordpress.org/advanced-administration/debug/debug-wordpress/\">Debugging in WordPress</a> for more information. (This message was added in version 3.3.0.) in /wordpress/wp-includes/functions.php on line 6121","log":"/logs/plugins/w/wp-random-quote/error.json"}
,
{"message":"Function _load_textdomain_just_in_time was called <strong>incorrectly</strong>. Translation loading for the <code>wbs-wp-smsto-bulk</code> domain was triggered too early. This is usually an indicator for some code in the plugin or theme running too early. Translations should be loaded at the <code>init</code> action or later. Please see <a href=\"https://developer.wordpress.org/advanced-administration/debug/debug-wordpress/\">Debugging in WordPress</a> for more information. (This message was added in version 6.7.0.) in /wordpress/wp-includes/functions.php on line 6121","level":"NOTICE","type":"PHP","test":"asyncify-boot","plugin":"wp-random-quote","details":"[10-Jun-2025 10:34:09 UTC] PHP Notice:  Function _load_textdomain_just_in_time was called <strong>incorrectly</strong>. Translation loading for the <code>wbs-wp-smsto-bulk</code> domain was triggered too early. This is usually an indicator for some code in the plugin or theme running too early. Translations should be loaded at the <code>init</code> action or later. Please see <a href=\"https://developer.wordpress.org/advanced-administration/debug/debug-wordpress/\">Debugging in WordPress</a> for more information. (This message was added in version 6.7.0.) in /wordpress/wp-includes/functions.php on line 6121","log":"/logs/plugins/w/wp-random-quote/error.json"}
,
{"message":"Function _load_textdomain_just_in_time was called <strong>incorrectly</strong>. Translation loading for the <code>wbs-wp-smsto-bulk</code> domain was triggered too early. This is usually an indicator for some code in the plugin or theme running too early. Translations should be loaded at the <code>init</code> action or later. Please see <a href=\"https://developer.wordpress.org/advanced-administration/debug/debug-wordpress/\">Debugging in WordPress</a> for more information. (This message was added in version 6.7.0.) in /wordpress/wp-includes/functions.php on line 6121","level":"NOTICE","type":"PHP","test":"asyncify-boot","plugin":"wp-random-quote","details":"[10-Jun-2025 10:34:19 UTC] PHP Notice:  Function _load_textdomain_just_in_time was called <strong>incorrectly</strong>. Translation loading for the <code>wbs-wp-smsto-bulk</code> domain was triggered too early. This is usually an indicator for some code in the plugin or theme running too early. Translations should be loaded at the <code>init</code> action or later. Please see <a href=\"https://developer.wordpress.org/advanced-administration/debug/debug-wordpress/\">Debugging in WordPress</a> for more information. (This message was added in version 6.7.0.) in /wordpress/wp-includes/functions.php on line 6121","log":"/logs/plugins/w/wp-random-quote/error.json"}
,
{"message":"Function _load_textdomain_just_in_time was called <strong>incorrectly</strong>. Translation loading for the <code>wbs-wp-smsto-bulk</code> domain was triggered too early. This is usually an indicator for some code in the plugin or theme running too early. Translations should be loaded at the <code>init</code> action or later. Please see <a href=\"https://developer.wordpress.org/advanced-administration/debug/debug-wordpress/\">Debugging in WordPress</a> for more information. (This message was added in version 6.7.0.) in /wordpress/wp-includes/functions.php on line 6121","level":"NOTICE","type":"PHP","test":"asyncify-boot","plugin":"wp-random-quote","details":"[10-Jun-2025 10:34:28 UTC] PHP Notice:  Function _load_textdomain_just_in_time was called <strong>incorrectly</strong>. Translation loading for the <code>wbs-wp-smsto-bulk</code> domain was triggered too early. This is usually an indicator for some code in the plugin or theme running too early. Translations should be loaded at the <code>init</code> action or later. Please see <a href=\"https://developer.wordpress.org/advanced-administration/debug/debug-wordpress/\">Debugging in WordPress</a> for more information. (This message was added in version 6.7.0.) in /wordpress/wp-includes/functions.php on line 6121","log":"/logs/plugins/w/wp-random-quote/error.json"}
,
{"message":"Uncaught Error: Undefined constant \"WP_CPG_MAX_ALBUM_NAME_LEN\" in /wordpress/wp-content/plugins/wp-cpg-widget/wp-cpg-widget.php:31","level":"FATAL","type":"PHP","test":"asyncify-boot","plugin":"wp-random-quote","details":"[10-Jun-2025 10:35:04 UTC] PHP Fatal error:  Uncaught Error: Undefined constant \"WP_CPG_MAX_ALBUM_NAME_LEN\" in /wordpress/wp-content/plugins/wp-cpg-widget/wp-cpg-widget.php:31\nStack trace:\n#0 /wordpress/wp-content/plugins/wp-cpg-widget/wp-cpg-plugin.php(28): require_once()\n#1 /wordpress/wp-admin/includes/plugin.php(2387): include_once('/wordpress/wp-c...')\n#2 /wordpress/wp-admin/includes/plugin.php(673): plugin_sandbox_scrape('wp-cpg-widget/w...')\n#3 /internal/eval.php(20): activate_plugin('wp-cpg-widget/w...')\n#4 {main}\n  thrown in /wordpress/wp-content/plugins/wp-cpg-widget/wp-cpg-widget.php on line 31","log":"/logs/plugins/w/wp-random-quote/error.json"}
,
{"message":"Uncaught Error: Undefined constant \"WP_CPG_MAX_ALBUM_NAME_LEN\" in /wordpress/wp-content/plugins/wp-cpg-widget/wp-cpg-widget.php:31","level":"FATAL","type":"PHP","test":"asyncify-boot","plugin":"wp-random-quote","details":"[10-Jun-2025 10:35:13 UTC] PHP Fatal error:  Uncaught Error: Undefined constant \"WP_CPG_MAX_ALBUM_NAME_LEN\" in /wordpress/wp-content/plugins/wp-cpg-widget/wp-cpg-widget.php:31\nStack trace:\n#0 /wordpress/wp-content/plugins/wp-cpg-widget/wp-cpg-plugin.php(28): require_once()\n#1 /wordpress/wp-admin/includes/plugin.php(2387): include_once('/wordpress/wp-c...')\n#2 /wordpress/wp-admin/includes/plugin.php(673): plugin_sandbox_scrape('wp-cpg-widget/w...')\n#3 /internal/eval.php(20): activate_plugin('wp-cpg-widget/w...')\n#4 {main}\n  thrown in /wordpress/wp-content/plugins/wp-cpg-widget/wp-cpg-widget.php on line 31","log":"/logs/plugins/w/wp-random-quote/error.json"}
,
{"message":"Uncaught Error: Undefined constant \"WP_CPG_MAX_ALBUM_NAME_LEN\" in /wordpress/wp-content/plugins/wp-cpg-widget/wp-cpg-widget.php:31","level":"FATAL","type":"PHP","test":"asyncify-boot","plugin":"wp-random-quote","details":"[10-Jun-2025 10:35:21 UTC] PHP Fatal error:  Uncaught Error: Undefined constant \"WP_CPG_MAX_ALBUM_NAME_LEN\" in /wordpress/wp-content/plugins/wp-cpg-widget/wp-cpg-widget.php:31\nStack trace:\n#0 /wordpress/wp-content/plugins/wp-cpg-widget/wp-cpg-plugin.php(28): require_once()\n#1 /wordpress/wp-admin/includes/plugin.php(2387): include_once('/wordpress/wp-c...')\n#2 /wordpress/wp-admin/includes/plugin.php(673): plugin_sandbox_scrape('wp-cpg-widget/w...')\n#3 /internal/eval.php(20): activate_plugin('wp-cpg-widget/w...')\n#4 {main}\n  thrown in /wordpress/wp-content/plugins/wp-cpg-widget/wp-cpg-widget.php on line 31","log":"/logs/plugins/w/wp-random-quote/error.json"}
,
{"message":"Uncaught Exception: mCrypt extension seems not to be installed in /wordpress/wp-content/plugins/wp-faucet-direct/lib/block_io.php:11","level":"FATAL","type":"PHP","test":"asyncify-boot","plugin":"wp-random-quote","details":"[10-Jun-2025 10:35:59 UTC] PHP Fatal error:  Uncaught Exception: mCrypt extension seems not to be installed in /wordpress/wp-content/plugins/wp-faucet-direct/lib/block_io.php:11\nStack trace:\n#0 /wordpress/wp-content/plugins/wp-faucet-direct/wp-faucet-direct.php(17): require_once()\n#1 /wordpress/wp-admin/includes/plugin.php(2387): include_once('/wordpress/wp-c...')\n#2 /wordpress/wp-admin/includes/plugin.php(673): plugin_sandbox_scrape('wp-faucet-direc...')\n#3 /internal/eval.php(20): activate_plugin('wp-faucet-direc...')\n#4 {main}\n  thrown in /wordpress/wp-content/plugins/wp-faucet-direct/lib/block_io.php on line 11","log":"/logs/plugins/w/wp-random-quote/error.json"}
,
{"message":"Uncaught Exception: mCrypt extension seems not to be installed in /wordpress/wp-content/plugins/wp-faucet-direct/lib/block_io.php:11","level":"FATAL","type":"PHP","test":"asyncify-boot","plugin":"wp-random-quote","details":"[10-Jun-2025 10:36:08 UTC] PHP Fatal error:  Uncaught Exception: mCrypt extension seems not to be installed in /wordpress/wp-content/plugins/wp-faucet-direct/lib/block_io.php:11\nStack trace:\n#0 /wordpress/wp-content/plugins/wp-faucet-direct/wp-faucet-direct.php(17): require_once()\n#1 /wordpress/wp-admin/includes/plugin.php(2387): include_once('/wordpress/wp-c...')\n#2 /wordpress/wp-admin/includes/plugin.php(673): plugin_sandbox_scrape('wp-faucet-direc...')\n#3 /internal/eval.php(20): activate_plugin('wp-faucet-direc...')\n#4 {main}\n  thrown in /wordpress/wp-content/plugins/wp-faucet-direct/lib/block_io.php on line 11","log":"/logs/plugins/w/wp-random-quote/error.json"}
,
{"message":"Uncaught Exception: mCrypt extension seems not to be installed in /wordpress/wp-content/plugins/wp-faucet-direct/lib/block_io.php:11","level":"FATAL","type":"PHP","test":"asyncify-boot","plugin":"wp-random-quote","details":"[10-Jun-2025 10:36:16 UTC] PHP Fatal error:  Uncaught Exception: mCrypt extension seems not to be installed in /wordpress/wp-content/plugins/wp-faucet-direct/lib/block_io.php:11\nStack trace:\n#0 /wordpress/wp-content/plugins/wp-faucet-direct/wp-faucet-direct.php(17): require_once()\n#1 /wordpress/wp-admin/includes/plugin.php(2387): include_once('/wordpress/wp-c...')\n#2 /wordpress/wp-admin/includes/plugin.php(673): plugin_sandbox_scrape('wp-faucet-direc...')\n#3 /internal/eval.php(20): activate_plugin('wp-faucet-direc...')\n#4 {main}\n  thrown in /wordpress/wp-content/plugins/wp-faucet-direct/lib/block_io.php on line 11","log":"/logs/plugins/w/wp-random-quote/error.json"}
,
{"message":"Uncaught TypeError: call_user_func_array(): Argument #1 ($callback) must be a valid callback, non-static method WPGRC_Init::on_activate() cannot be called statically in /wordpress/wp-includes/class-wp-hook.php:324","level":"FATAL","type":"PHP","test":"asyncify-boot","plugin":"wp-random-quote","details":"[10-Jun-2025 10:36:55 UTC] PHP Fatal error:  Uncaught TypeError: call_user_func_array(): Argument #1 ($callback) must be a valid callback, non-static method WPGRC_Init::on_activate() cannot be called statically in /wordpress/wp-includes/class-wp-hook.php:324\nStack trace:\n#0 /wordpress/wp-includes/class-wp-hook.php(348): WP_Hook->apply_filters('', Array)\n#1 /wordpress/wp-includes/plugin.php(517): WP_Hook->do_action(Array)\n#2 /wordpress/wp-admin/includes/plugin.php(703): do_action('activate_wp-git...', false)\n#3 /internal/eval.php(20): activate_plugin('wp-github-recen...')\n#4 {main}\n  thrown in /wordpress/wp-includes/class-wp-hook.php on line 324","log":"/logs/plugins/w/wp-random-quote/error.json"}
,
{"message":"Uncaught TypeError: call_user_func_array(): Argument #1 ($callback) must be a valid callback, non-static method WPGRC_Init::on_activate() cannot be called statically in /wordpress/wp-includes/class-wp-hook.php:324","level":"FATAL","type":"PHP","test":"asyncify-boot","plugin":"wp-random-quote","details":"[10-Jun-2025 10:37:04 UTC] PHP Fatal error:  Uncaught TypeError: call_user_func_array(): Argument #1 ($callback) must be a valid callback, non-static method WPGRC_Init::on_activate() cannot be called statically in /wordpress/wp-includes/class-wp-hook.php:324\nStack trace:\n#0 /wordpress/wp-includes/class-wp-hook.php(348): WP_Hook->apply_filters('', Array)\n#1 /wordpress/wp-includes/plugin.php(517): WP_Hook->do_action(Array)\n#2 /wordpress/wp-admin/includes/plugin.php(703): do_action('activate_wp-git...', false)\n#3 /internal/eval.php(20): activate_plugin('wp-github-recen...')\n#4 {main}\n  thrown in /wordpress/wp-includes/class-wp-hook.php on line 324","log":"/logs/plugins/w/wp-random-quote/error.json"}
,
{"message":"Uncaught TypeError: call_user_func_array(): Argument #1 ($callback) must be a valid callback, non-static method WPGRC_Init::on_activate() cannot be called statically in /wordpress/wp-includes/class-wp-hook.php:324","level":"FATAL","type":"PHP","test":"asyncify-boot","plugin":"wp-random-quote","details":"[10-Jun-2025 10:37:12 UTC] PHP Fatal error:  Uncaught TypeError: call_user_func_array(): Argument #1 ($callback) must be a valid callback, non-static method WPGRC_Init::on_activate() cannot be called statically in /wordpress/wp-includes/class-wp-hook.php:324\nStack trace:\n#0 /wordpress/wp-includes/class-wp-hook.php(348): WP_Hook->apply_filters('', Array)\n#1 /wordpress/wp-includes/plugin.php(517): WP_Hook->do_action(Array)\n#2 /wordpress/wp-admin/includes/plugin.php(703): do_action('activate_wp-git...', false)\n#3 /internal/eval.php(20): activate_plugin('wp-github-recen...')\n#4 {main}\n  thrown in /wordpress/wp-includes/class-wp-hook.php on line 324","log":"/logs/plugins/w/wp-random-quote/error.json"}
,
{"message":"Undefined array key \"REMOTE_ADDR\" in /wordpress/wp-content/plugins/wp-handy-lightbox/wp-jquery-lightbox.php on line 25","level":"WARNING","type":"PHP","test":"asyncify-boot","plugin":"wp-random-quote","details":"[10-Jun-2025 10:37:21 UTC] PHP Warning:  Undefined array key \"REMOTE_ADDR\" in /wordpress/wp-content/plugins/wp-handy-lightbox/wp-jquery-lightbox.php on line 25","log":"/logs/plugins/w/wp-random-quote/error.json"}
,
{"message":"Uncaught Error: Call to undefined function eregi() in /wordpress/wp-content/plugins/wp-handy-lightbox/wp-jquery-lightbox.php:26","level":"FATAL","type":"PHP","test":"asyncify-boot","plugin":"wp-random-quote","details":"[10-Jun-2025 10:37:21 UTC] PHP Fatal error:  Uncaught Error: Call to undefined function eregi() in /wordpress/wp-content/plugins/wp-handy-lightbox/wp-jquery-lightbox.php:26\nStack trace:\n#0 /wordpress/wp-admin/includes/plugin.php(2387): include_once()\n#1 /wordpress/wp-admin/includes/plugin.php(673): plugin_sandbox_scrape('wp-handy-lightb...')\n#2 /internal/eval.php(20): activate_plugin('wp-handy-lightb...')\n#3 {main}\n  thrown in /wordpress/wp-content/plugins/wp-handy-lightbox/wp-jquery-lightbox.php on line 26","log":"/logs/plugins/w/wp-random-quote/error.json"}
,
{"message":"Undefined array key \"REMOTE_ADDR\" in /wordpress/wp-content/plugins/wp-handy-lightbox/wp-jquery-lightbox.php on line 25","level":"WARNING","type":"PHP","test":"asyncify-boot","plugin":"wp-random-quote","details":"[10-Jun-2025 10:37:30 UTC] PHP Warning:  Undefined array key \"REMOTE_ADDR\" in /wordpress/wp-content/plugins/wp-handy-lightbox/wp-jquery-lightbox.php on line 25","log":"/logs/plugins/w/wp-random-quote/error.json"}
,
{"message":"Uncaught Error: Call to undefined function eregi() in /wordpress/wp-content/plugins/wp-handy-lightbox/wp-jquery-lightbox.php:26","level":"FATAL","type":"PHP","test":"asyncify-boot","plugin":"wp-random-quote","details":"[10-Jun-2025 10:37:30 UTC] PHP Fatal error:  Uncaught Error: Call to undefined function eregi() in /wordpress/wp-content/plugins/wp-handy-lightbox/wp-jquery-lightbox.php:26\nStack trace:\n#0 /wordpress/wp-admin/includes/plugin.php(2387): include_once()\n#1 /wordpress/wp-admin/includes/plugin.php(673): plugin_sandbox_scrape('wp-handy-lightb...')\n#2 /internal/eval.php(20): activate_plugin('wp-handy-lightb...')\n#3 {main}\n  thrown in /wordpress/wp-content/plugins/wp-handy-lightbox/wp-jquery-lightbox.php on line 26","log":"/logs/plugins/w/wp-random-quote/error.json"}
,
{"message":"Undefined array key \"REMOTE_ADDR\" in /wordpress/wp-content/plugins/wp-handy-lightbox/wp-jquery-lightbox.php on line 25","level":"WARNING","type":"PHP","test":"asyncify-boot","plugin":"wp-random-quote","details":"[10-Jun-2025 10:37:38 UTC] PHP Warning:  Undefined array key \"REMOTE_ADDR\" in /wordpress/wp-content/plugins/wp-handy-lightbox/wp-jquery-lightbox.php on line 25","log":"/logs/plugins/w/wp-random-quote/error.json"}
,
{"message":"Uncaught Error: Call to undefined function eregi() in /wordpress/wp-content/plugins/wp-handy-lightbox/wp-jquery-lightbox.php:26","level":"FATAL","type":"PHP","test":"asyncify-boot","plugin":"wp-random-quote","details":"[10-Jun-2025 10:37:38 UTC] PHP Fatal error:  Uncaught Error: Call to undefined function eregi() in /wordpress/wp-content/plugins/wp-handy-lightbox/wp-jquery-lightbox.php:26\nStack trace:\n#0 /wordpress/wp-admin/includes/plugin.php(2387): include_once()\n#1 /wordpress/wp-admin/includes/plugin.php(673): plugin_sandbox_scrape('wp-handy-lightb...')\n#2 /internal/eval.php(20): activate_plugin('wp-handy-lightb...')\n#3 {main}\n  thrown in /wordpress/wp-content/plugins/wp-handy-lightbox/wp-jquery-lightbox.php on line 26","log":"/logs/plugins/w/wp-random-quote/error.json"}
,
{"message":"Function register_sidebar_widget is <strong>deprecated</strong> since version 2.8.0! Use wp_register_sidebar_widget() instead. in /wordpress/wp-includes/functions.php on line 6121","level":"DEPRECATED","type":"PHP","test":"asyncify-boot","plugin":"wp-random-quote","details":"[10-Jun-2025 10:37:48 UTC] PHP Deprecated:  Function register_sidebar_widget is <strong>deprecated</strong> since version 2.8.0! Use wp_register_sidebar_widget() instead. in /wordpress/wp-includes/functions.php on line 6121","log":"/logs/plugins/w/wp-random-quote/error.json"}
,
{"message":"Function register_widget_control is <strong>deprecated</strong> since version 2.8.0! Use wp_register_widget_control() instead. in /wordpress/wp-includes/functions.php on line 6121","level":"DEPRECATED","type":"PHP","test":"asyncify-boot","plugin":"wp-random-quote","details":"[10-Jun-2025 10:37:48 UTC] PHP Deprecated:  Function register_widget_control is <strong>deprecated</strong> since version 2.8.0! Use wp_register_widget_control() instead. in /wordpress/wp-includes/functions.php on line 6121","log":"/logs/plugins/w/wp-random-quote/error.json"}
,
{"message":"Function register_sidebar_widget is <strong>deprecated</strong> since version 2.8.0! Use wp_register_sidebar_widget() instead. in /wordpress/wp-includes/functions.php on line 6121","level":"DEPRECATED","type":"PHP","test":"asyncify-boot","plugin":"wp-random-quote","details":"[10-Jun-2025 10:37:58 UTC] PHP Deprecated:  Function register_sidebar_widget is <strong>deprecated</strong> since version 2.8.0! Use wp_register_sidebar_widget() instead. in /wordpress/wp-includes/functions.php on line 6121","log":"/logs/plugins/w/wp-random-quote/error.json"}
,
{"message":"Function register_widget_control is <strong>deprecated</strong> since version 2.8.0! Use wp_register_widget_control() instead. in /wordpress/wp-includes/functions.php on line 6121","level":"DEPRECATED","type":"PHP","test":"asyncify-boot","plugin":"wp-random-quote","details":"[10-Jun-2025 10:37:58 UTC] PHP Deprecated:  Function register_widget_control is <strong>deprecated</strong> since version 2.8.0! Use wp_register_widget_control() instead. in /wordpress/wp-includes/functions.php on line 6121","log":"/logs/plugins/w/wp-random-quote/error.json"}
,
{"message":"Function register_sidebar_widget is <strong>deprecated</strong> since version 2.8.0! Use wp_register_sidebar_widget() instead. in /wordpress/wp-includes/functions.php on line 6121","level":"DEPRECATED","type":"PHP","test":"asyncify-boot","plugin":"wp-random-quote","details":"[10-Jun-2025 10:38:07 UTC] PHP Deprecated:  Function register_sidebar_widget is <strong>deprecated</strong> since version 2.8.0! Use wp_register_sidebar_widget() instead. in /wordpress/wp-includes/functions.php on line 6121","log":"/logs/plugins/w/wp-random-quote/error.json"}
,
{"message":"Function register_widget_control is <strong>deprecated</strong> since version 2.8.0! Use wp_register_widget_control() instead. in /wordpress/wp-includes/functions.php on line 6121","level":"DEPRECATED","type":"PHP","test":"asyncify-boot","plugin":"wp-random-quote","details":"[10-Jun-2025 10:38:07 UTC] PHP Deprecated:  Function register_widget_control is <strong>deprecated</strong> since version 2.8.0! Use wp_register_widget_control() instead. in /wordpress/wp-includes/functions.php on line 6121","log":"/logs/plugins/w/wp-random-quote/error.json"}
,
{"message":"Uncaught Error: Call to undefined function create_function() in /wordpress/wp-content/plugins/wp-random-quote/Random_Quote.php:37","level":"FATAL","type":"PHP","test":"asyncify-boot","plugin":"wp-random-quote","details":"[10-Jun-2025 10:39:17 UTC] PHP Fatal error:  Uncaught Error: Call to undefined function create_function() in /wordpress/wp-content/plugins/wp-random-quote/Random_Quote.php:37\nStack trace:\n#0 /wordpress/wp-content/plugins/wp-random-quote/Random_Quote.php(128): Random_Quote->__construct()\n#1 /wordpress/wp-admin/includes/plugin.php(2387): include_once('/wordpress/wp-c...')\n#2 /wordpress/wp-admin/includes/plugin.php(673): plugin_sandbox_scrape('wp-random-quote...')\n#3 /internal/eval.php(20): activate_plugin('wp-random-quote...')\n#4 {main}\n  thrown in /wordpress/wp-content/plugins/wp-random-quote/Random_Quote.php on line 37","log":"/logs/plugins/w/wp-random-quote/error.json"}
,
{"message":"Uncaught Error: Call to undefined function create_function() in /wordpress/wp-content/plugins/wp-random-quote/Random_Quote.php:37","level":"FATAL","type":"PHP","test":"asyncify-boot","plugin":"wp-random-quote","details":"[10-Jun-2025 10:39:24 UTC] PHP Fatal error:  Uncaught Error: Call to undefined function create_function() in /wordpress/wp-content/plugins/wp-random-quote/Random_Quote.php:37\nStack trace:\n#0 /wordpress/wp-content/plugins/wp-random-quote/Random_Quote.php(128): Random_Quote->__construct()\n#1 /wordpress/wp-admin/includes/plugin.php(2387): include_once('/wordpress/wp-c...')\n#2 /wordpress/wp-admin/includes/plugin.php(673): plugin_sandbox_scrape('wp-random-quote...')\n#3 /internal/eval.php(20): activate_plugin('wp-random-quote...')\n#4 {main}\n  thrown in /wordpress/wp-content/plugins/wp-random-quote/Random_Quote.php on line 37\n\n    at Object.onBind (file:///home/runner/work/playground-tester/playground-tester/node_modules/@wp-playground/cli/run-cli-j-geJYS3.js:325:15)\n    at process.processTicksAndRejections (node:internal/process/task_queues:105:5)\n    at async re (file:///home/runner/work/playground-tester/playground-tester/node_modules/@wp-playground/cli/run-cli-j-geJYS3.js:149:10) {\n  [cause]: Error: Error when executing the blueprint step #1 ({\"step\":\"installPlugin\",\"pluginData\":{\"resource\":\"wordpress.org/plugins\",\"slug\":\"wp-random-quote\"},\"options\":{\"activate\":true}}) : PHP.run() failed with exit code 255 and the following output: \n      at Object.run (file:///home/runner/work/playground-tester/playground-tester/node_modules/@wp-playground/blueprints/index.js:12093:19)\n      at process.processTicksAndRejections (node:internal/process/task_queues:105:5)\n      at async ys (file:///home/runner/work/playground-tester/playground-tester/node_modules/@wp-playground/blueprints/index.js:12196:3)\n      at async Object.onBind (file:///home/runner/work/playground-tester/playground-tester/node_modules/@wp-playground/cli/run-cli-j-geJYS3.js:315:48)\n      at async re (file:///home/runner/work/playground-tester/playground-tester/node_modules/@wp-playground/cli/run-cli-j-geJYS3.js:149:10) {\n    [cause]: PHPExecutionFailureError: PHP.run() failed with exit code 255 and the following output: \n        at PHP.run (file:///home/runner/work/playground-tester/playground-tester/node_modules/@php-wasm/universal/index.js:1034:19)\n        at process.processTicksAndRejections (node:internal/process/task_queues:105:5)\n        at async wr (file:///home/runner/work/playground-tester/playground-tester/node_modules/@wp-playground/blueprints/index.js:34:39)\n        at async Object.gt [as installPlugin] (file:///home/runner/work/playground-tester/playground-tester/node_modules/@wp-playground/blueprints/index.js:631:42)\n        at async g (file:///home/runner/work/playground-tester/playground-tester/node_modules/@wp-playground/blueprints/index.js:12161:30)\n        at async Object.run (file:///home/runner/work/playground-tester/playground-tester/node_modules/@wp-playground/blueprints/index.js:12090:23)\n        at async ys (file:///home/runner/work/playground-tester/playground-tester/node_modules/@wp-playground/blueprints/index.js:12196:3)\n        at async Object.onBind (file:///home/runner/work/playground-tester/playground-tester/node_modules/@wp-playground/cli/run-cli-j-geJYS3.js:315:48)\n        at async re (file:///home/runner/work/playground-tester/playground-tester/node_modules/@wp-playground/cli/run-cli-j-geJYS3.js:149:10) {\n      response: PHPResponse {\n        httpStatusCode: 500,\n        headers: {\n          'x-powered-by': [ 'PHP/8.0.30-dev' ],\n          'content-type': [ 'text/html; charset=UTF-8' ]\n        },\n        bytes: Uint8Array(0) [],\n        exitCode: 255,\n        errors: ''\n      },\n      source: 'request'\n    }\n  }\n}\n\n","log":"/logs/plugins/w/wp-random-quote/error.json"}
]
