[
  {
    "message": "file:///home/runner/work/playground-tester/playground-tester/node_modules/@wp-playground/cli/index.js:237\n        throw new Error(y, { cause: u });\n              ^\n",
    "level": "FATAL",
    "type": "PLAYGROUND",
    "test": "ast-sqlite-boot",
    "plugin": "btn-admin-login-customizer-pro",
    "details": "file:///home/runner/work/playground-tester/playground-tester/node_modules/@wp-playground/cli/index.js:237\n        throw new Error(y, { cause: u });\n              ^\n",
    "log": "/tmp/tmp.Zi23TaIWnX"
  },
  {
    "message": "Function get_theme_data is <strong>deprecated</strong> since version 3.4.0! Use wp_get_theme() instead. in /wordpress/wp-includes/functions.php on line 6121",
    "level": "DEPRECATED",
    "type": "PHP",
    "test": "ast-sqlite-boot",
    "plugin": "btn-admin-login-customizer-pro",
    "details": "[10-May-2025 17:45:12 UTC] PHP Deprecated:  Function get_theme_data is <strong>deprecated</strong> since version 3.4.0! Use wp_get_theme() instead. in /wordpress/wp-includes/functions.php on line 6121",
    "log": "/logs/plugins/b/btn-admin-login-customizer-pro/error.json"
  },
  {
    "message": "Function get_theme_data is <strong>deprecated</strong> since version 3.4.0! Use wp_get_theme() instead. in /wordpress/wp-includes/functions.php on line 6121",
    "level": "DEPRECATED",
    "type": "PHP",
    "test": "ast-sqlite-boot",
    "plugin": "btn-admin-login-customizer-pro",
    "details": "[10-May-2025 17:45:13 UTC] PHP Deprecated:  Function get_theme_data is <strong>deprecated</strong> since version 3.4.0! Use wp_get_theme() instead. in /wordpress/wp-includes/functions.php on line 6121",
    "log": "/logs/plugins/b/btn-admin-login-customizer-pro/error.json"
  },
  {
    "message": "Function get_theme_data is <strong>deprecated</strong> since version 3.4.0! Use wp_get_theme() instead. in /wordpress/wp-includes/functions.php on line 6121",
    "level": "DEPRECATED",
    "type": "PHP",
    "test": "ast-sqlite-boot",
    "plugin": "btn-admin-login-customizer-pro",
    "details": "[10-May-2025 17:45:21 UTC] PHP Deprecated:  Function get_theme_data is <strong>deprecated</strong> since version 3.4.0! Use wp_get_theme() instead. in /wordpress/wp-includes/functions.php on line 6121",
    "log": "/logs/plugins/b/btn-admin-login-customizer-pro/error.json"
  },
  {
    "message": "Function get_theme_data is <strong>deprecated</strong> since version 3.4.0! Use wp_get_theme() instead. in /wordpress/wp-includes/functions.php on line 6121",
    "level": "DEPRECATED",
    "type": "PHP",
    "test": "ast-sqlite-boot",
    "plugin": "btn-admin-login-customizer-pro",
    "details": "[10-May-2025 17:45:21 UTC] PHP Deprecated:  Function get_theme_data is <strong>deprecated</strong> since version 3.4.0! Use wp_get_theme() instead. in /wordpress/wp-includes/functions.php on line 6121",
    "log": "/logs/plugins/b/btn-admin-login-customizer-pro/error.json"
  },
  {
    "message": "Function get_theme_data is <strong>deprecated</strong> since version 3.4.0! Use wp_get_theme() instead. in /wordpress/wp-includes/functions.php on line 6121",
    "level": "DEPRECATED",
    "type": "PHP",
    "test": "ast-sqlite-boot",
    "plugin": "btn-admin-login-customizer-pro",
    "details": "[10-May-2025 17:45:26 UTC] PHP Deprecated:  Function get_theme_data is <strong>deprecated</strong> since version 3.4.0! Use wp_get_theme() instead. in /wordpress/wp-includes/functions.php on line 6121",
    "log": "/logs/plugins/b/btn-admin-login-customizer-pro/error.json"
  },
  {
    "message": "Function get_theme_data is <strong>deprecated</strong> since version 3.4.0! Use wp_get_theme() instead. in /wordpress/wp-includes/functions.php on line 6121",
    "level": "DEPRECATED",
    "type": "PHP",
    "test": "ast-sqlite-boot",
    "plugin": "btn-admin-login-customizer-pro",
    "details": "[10-May-2025 17:45:28 UTC] PHP Deprecated:  Function get_theme_data is <strong>deprecated</strong> since version 3.4.0! Use wp_get_theme() instead. in /wordpress/wp-includes/functions.php on line 6121",
    "log": "/logs/plugins/b/btn-admin-login-customizer-pro/error.json"
  },
  {
    "message": "Uncaught ArgumentCountError: Too few arguments to function WP_Widget::__construct(), 0 passed in /wordpress/wp-includes/class-wp-widget-factory.php on line 62 and at least 2 expected in /wordpress/wp-includes/class-wp-widget.php:163",
    "level": "FATAL",
    "type": "PHP",
    "test": "ast-sqlite-boot",
    "plugin": "btn-admin-login-customizer-pro",
    "details": "[10-May-2025 17:48:36 UTC] PHP Fatal error:  Uncaught ArgumentCountError: Too few arguments to function WP_Widget::__construct(), 0 passed in /wordpress/wp-includes/class-wp-widget-factory.php on line 62 and at least 2 expected in /wordpress/wp-includes/class-wp-widget.php:163\nStack trace:\n#0 /wordpress/wp-includes/class-wp-widget-factory.php(62): WP_Widget->__construct()\n#1 /wordpress/wp-includes/widgets.php(123): WP_Widget_Factory->register('bbld_widget')\n#2 /wordpress/wp-content/plugins/bbpress-latest-discussion/BBpress.php(538): register_widget('bbld_widget')\n#3 /wordpress/wp-includes/class-wp-hook.php(324): bbld_add_widget('')\n#4 /wordpress/wp-includes/class-wp-hook.php(348): WP_Hook->apply_filters(NULL, Array)\n#5 /wordpress/wp-includes/plugin.php(517): WP_Hook->do_action(Array)\n#6 /wordpress/wp-includes/widgets.php(1870): do_action('widgets_init')\n#7 /wordpress/wp-includes/class-wp-hook.php(324): wp_widgets_init('')\n#8 /wordpress/wp-includes/class-wp-hook.php(348): WP_Hook->apply_filters(NULL, Array)\n#9 /wordpress/wp-includes/plugin.php(517): WP_Hook->do_action(Array)\n#10 /wordpress/wp-settings.php(727): do_action('init')\n#11 /wordpress/wp-config.php(102): require_once('/wordpress/wp-s...')\n#12 /wordpress/wp-load.php(50): require_once('/wordpress/wp-c...')\n#13 /internal/eval.php(3): require_once('/wordpress/wp-l...')\n#14 {main}\n  thrown in /wordpress/wp-includes/class-wp-widget.php on line 163",
    "log": "/logs/plugins/b/btn-admin-login-customizer-pro/error.json"
  },
  {
    "message": "Uncaught ArgumentCountError: Too few arguments to function WP_Widget::__construct(), 0 passed in /wordpress/wp-includes/class-wp-widget-factory.php on line 62 and at least 2 expected in /wordpress/wp-includes/class-wp-widget.php:163",
    "level": "FATAL",
    "type": "PHP",
    "test": "ast-sqlite-boot",
    "plugin": "btn-admin-login-customizer-pro",
    "details": "[10-May-2025 17:48:44 UTC] PHP Fatal error:  Uncaught ArgumentCountError: Too few arguments to function WP_Widget::__construct(), 0 passed in /wordpress/wp-includes/class-wp-widget-factory.php on line 62 and at least 2 expected in /wordpress/wp-includes/class-wp-widget.php:163\nStack trace:\n#0 /wordpress/wp-includes/class-wp-widget-factory.php(62): WP_Widget->__construct()\n#1 /wordpress/wp-includes/widgets.php(123): WP_Widget_Factory->register('bbld_widget')\n#2 /wordpress/wp-content/plugins/bbpress-latest-discussion/BBpress.php(538): register_widget('bbld_widget')\n#3 /wordpress/wp-includes/class-wp-hook.php(324): bbld_add_widget('')\n#4 /wordpress/wp-includes/class-wp-hook.php(348): WP_Hook->apply_filters(NULL, Array)\n#5 /wordpress/wp-includes/plugin.php(517): WP_Hook->do_action(Array)\n#6 /wordpress/wp-includes/widgets.php(1870): do_action('widgets_init')\n#7 /wordpress/wp-includes/class-wp-hook.php(324): wp_widgets_init('')\n#8 /wordpress/wp-includes/class-wp-hook.php(348): WP_Hook->apply_filters(NULL, Array)\n#9 /wordpress/wp-includes/plugin.php(517): WP_Hook->do_action(Array)\n#10 /wordpress/wp-settings.php(727): do_action('init')\n#11 /wordpress/wp-config.php(102): require_once('/wordpress/wp-s...')\n#12 /wordpress/wp-load.php(50): require_once('/wordpress/wp-c...')\n#13 /internal/eval.php(3): require_once('/wordpress/wp-l...')\n#14 {main}\n  thrown in /wordpress/wp-includes/class-wp-widget.php on line 163",
    "log": "/logs/plugins/b/btn-admin-login-customizer-pro/error.json"
  },
  {
    "message": "Uncaught ArgumentCountError: Too few arguments to function WP_Widget::__construct(), 0 passed in /wordpress/wp-includes/class-wp-widget-factory.php on line 62 and at least 2 expected in /wordpress/wp-includes/class-wp-widget.php:163",
    "level": "FATAL",
    "type": "PHP",
    "test": "ast-sqlite-boot",
    "plugin": "btn-admin-login-customizer-pro",
    "details": "[10-May-2025 17:48:53 UTC] PHP Fatal error:  Uncaught ArgumentCountError: Too few arguments to function WP_Widget::__construct(), 0 passed in /wordpress/wp-includes/class-wp-widget-factory.php on line 62 and at least 2 expected in /wordpress/wp-includes/class-wp-widget.php:163\nStack trace:\n#0 /wordpress/wp-includes/class-wp-widget-factory.php(62): WP_Widget->__construct()\n#1 /wordpress/wp-includes/widgets.php(123): WP_Widget_Factory->register('bbld_widget')\n#2 /wordpress/wp-content/plugins/bbpress-latest-discussion/BBpress.php(538): register_widget('bbld_widget')\n#3 /wordpress/wp-includes/class-wp-hook.php(324): bbld_add_widget('')\n#4 /wordpress/wp-includes/class-wp-hook.php(348): WP_Hook->apply_filters(NULL, Array)\n#5 /wordpress/wp-includes/plugin.php(517): WP_Hook->do_action(Array)\n#6 /wordpress/wp-includes/widgets.php(1870): do_action('widgets_init')\n#7 /wordpress/wp-includes/class-wp-hook.php(324): wp_widgets_init('')\n#8 /wordpress/wp-includes/class-wp-hook.php(348): WP_Hook->apply_filters(NULL, Array)\n#9 /wordpress/wp-includes/plugin.php(517): WP_Hook->do_action(Array)\n#10 /wordpress/wp-settings.php(727): do_action('init')\n#11 /wordpress/wp-config.php(102): require_once('/wordpress/wp-s...')\n#12 /wordpress/wp-load.php(50): require_once('/wordpress/wp-c...')\n#13 /internal/eval.php(3): require_once('/wordpress/wp-l...')\n#14 {main}\n  thrown in /wordpress/wp-includes/class-wp-widget.php on line 163",
    "log": "/logs/plugins/b/btn-admin-login-customizer-pro/error.json"
  },
  {
    "message": "Uncaught Error: Call to undefined function mysql_get_server_info() in /wordpress/wp-content/plugins/benday-reviews-system/br-system.php:22",
    "level": "FATAL",
    "type": "PHP",
    "test": "ast-sqlite-boot",
    "plugin": "btn-admin-login-customizer-pro",
    "details": "[10-May-2025 17:49:27 UTC] PHP Fatal error:  Uncaught Error: Call to undefined function mysql_get_server_info() in /wordpress/wp-content/plugins/benday-reviews-system/br-system.php:22\nStack trace:\n#0 /wordpress/wp-includes/class-wp-hook.php(324): br_install(false)\n#1 /wordpress/wp-includes/class-wp-hook.php(348): WP_Hook->apply_filters('', Array)\n#2 /wordpress/wp-includes/plugin.php(517): WP_Hook->do_action(Array)\n#3 /wordpress/wp-admin/includes/plugin.php(703): do_action('activate_benday...', false)\n#4 /internal/eval.php(20): activate_plugin('benday-reviews-...')\n#5 {main}\n  thrown in /wordpress/wp-content/plugins/benday-reviews-system/br-system.php on line 22",
    "log": "/logs/plugins/b/btn-admin-login-customizer-pro/error.json"
  },
  {
    "message": "Uncaught Error: Call to undefined function mysql_get_server_info() in /wordpress/wp-content/plugins/benday-reviews-system/br-system.php:22",
    "level": "FATAL",
    "type": "PHP",
    "test": "ast-sqlite-boot",
    "plugin": "btn-admin-login-customizer-pro",
    "details": "[10-May-2025 17:49:34 UTC] PHP Fatal error:  Uncaught Error: Call to undefined function mysql_get_server_info() in /wordpress/wp-content/plugins/benday-reviews-system/br-system.php:22\nStack trace:\n#0 /wordpress/wp-includes/class-wp-hook.php(324): br_install(false)\n#1 /wordpress/wp-includes/class-wp-hook.php(348): WP_Hook->apply_filters('', Array)\n#2 /wordpress/wp-includes/plugin.php(517): WP_Hook->do_action(Array)\n#3 /wordpress/wp-admin/includes/plugin.php(703): do_action('activate_benday...', false)\n#4 /internal/eval.php(20): activate_plugin('benday-reviews-...')\n#5 {main}\n  thrown in /wordpress/wp-content/plugins/benday-reviews-system/br-system.php on line 22",
    "log": "/logs/plugins/b/btn-admin-login-customizer-pro/error.json"
  },
  {
    "message": "Uncaught Error: Call to undefined function mysql_get_server_info() in /wordpress/wp-content/plugins/benday-reviews-system/br-system.php:22",
    "level": "FATAL",
    "type": "PHP",
    "test": "ast-sqlite-boot",
    "plugin": "btn-admin-login-customizer-pro",
    "details": "[10-May-2025 17:49:41 UTC] PHP Fatal error:  Uncaught Error: Call to undefined function mysql_get_server_info() in /wordpress/wp-content/plugins/benday-reviews-system/br-system.php:22\nStack trace:\n#0 /wordpress/wp-includes/class-wp-hook.php(324): br_install(false)\n#1 /wordpress/wp-includes/class-wp-hook.php(348): WP_Hook->apply_filters('', Array)\n#2 /wordpress/wp-includes/plugin.php(517): WP_Hook->do_action(Array)\n#3 /wordpress/wp-admin/includes/plugin.php(703): do_action('activate_benday...', false)\n#4 /internal/eval.php(20): activate_plugin('benday-reviews-...')\n#5 {main}\n  thrown in /wordpress/wp-content/plugins/benday-reviews-system/br-system.php on line 22",
    "log": "/logs/plugins/b/btn-admin-login-customizer-pro/error.json"
  },
  {
    "message": "Uncaught RuntimeException: <div style=\"clear:both\">&nbsp;</div>",
    "level": "FATAL",
    "type": "PHP",
    "test": "ast-sqlite-boot",
    "plugin": "btn-admin-login-customizer-pro",
    "details": "[10-May-2025 17:50:45 UTC] PHP Fatal error:  Uncaught RuntimeException: <div style=\"clear:both\">&nbsp;</div>\n<div class=\"queries\" style=\"clear:both;margin-bottom:2px;border:red dotted thin;\">\n<p>MySQL query:</p>\n<p>CREATE TABLE IF NOT EXISTS wp_bit_assist_widget_channels (\n             id BIGINT  UNSIGNED NOT NULL AUTO_INCREMENT\n, widget_id BIGINT(20) UNSIGNED NOT NULL\n, channel_name VARCHAR(255) NOT NULL\n, config LONGTEXT  NULL\n, sequence INTEGER  NULL\n, status BOOLEAN  NOT NULL DEFAULT 1\n, created_at timestamp  NULL DEFAULT NULL\n, updated_at timestamp  NULL DEFAULT NULL,\nPRIMARY KEY (\nid\n), FOREIGN KEY (widget_id) REFERENCES wp_bit_assist_widgets (id) ON DELETE CASCADE\n             ) </p>\n<p>Queries made or created this session were:</p>\n<ol>\n<li>Executing: BEGIN | (no parameters)</li>\n<li>Executing: SELECT 1 FROM `_wp_sqlite_mysql_information_schema_tables` WHERE table_schema = ? AND table_name = ? | parameters: database_name_here, wp_bit_assist_widget_channels</li>\n<li>Executing: INSERT INTO `_wp_sqlite_mysql_information_schema_tables` (`table_schem in /wordpress/wp-content/plugins/bit-assist/vendor/bitapps/wp-database/src/Blueprint.php on line 176",
    "log": "/logs/plugins/b/btn-admin-login-customizer-pro/error.json"
  },
  {
    "message": "Uncaught RuntimeException: <div style=\"clear:both\">&nbsp;</div>",
    "level": "FATAL",
    "type": "PHP",
    "test": "ast-sqlite-boot",
    "plugin": "btn-admin-login-customizer-pro",
    "details": "[10-May-2025 17:50:55 UTC] PHP Fatal error:  Uncaught RuntimeException: <div style=\"clear:both\">&nbsp;</div>\n<div class=\"queries\" style=\"clear:both;margin-bottom:2px;border:red dotted thin;\">\n<p>MySQL query:</p>\n<p>CREATE TABLE IF NOT EXISTS wp_bit_assist_widget_channels (\n             id BIGINT  UNSIGNED NOT NULL AUTO_INCREMENT\n, widget_id BIGINT(20) UNSIGNED NOT NULL\n, channel_name VARCHAR(255) NOT NULL\n, config LONGTEXT  NULL\n, sequence INTEGER  NULL\n, status BOOLEAN  NOT NULL DEFAULT 1\n, created_at timestamp  NULL DEFAULT NULL\n, updated_at timestamp  NULL DEFAULT NULL,\nPRIMARY KEY (\nid\n), FOREIGN KEY (widget_id) REFERENCES wp_bit_assist_widgets (id) ON DELETE CASCADE\n             ) </p>\n<p>Queries made or created this session were:</p>\n<ol>\n<li>Executing: BEGIN | (no parameters)</li>\n<li>Executing: INSERT INTO _mysql_data_types_cache (`table`, `column_or_index`, `mysql_type`)\n\t\t\t\tVALUES (:table, :column, :datatype)\n\t\t\t\tON CONFLICT(`table`, `column_or_index`) DO UPDATE SET `mysql_type` = :datatype\n\t\t\t | parameters: wp_bit_assist_widget_channels, id,  in /wordpress/wp-content/plugins/bit-assist/vendor/bitapps/wp-database/src/Blueprint.php on line 176",
    "log": "/logs/plugins/b/btn-admin-login-customizer-pro/error.json"
  },
  {
    "message": "Uncaught RuntimeException: <div style=\"clear:both\">&nbsp;</div>",
    "level": "FATAL",
    "type": "PHP",
    "test": "ast-sqlite-boot",
    "plugin": "btn-admin-login-customizer-pro",
    "details": "[10-May-2025 17:51:04 UTC] PHP Fatal error:  Uncaught RuntimeException: <div style=\"clear:both\">&nbsp;</div>\n<div class=\"queries\" style=\"clear:both;margin-bottom:2px;border:red dotted thin;\">\n<p>MySQL query:</p>\n<p>CREATE TABLE IF NOT EXISTS wp_bit_assist_widget_channels (\n             id BIGINT  UNSIGNED NOT NULL AUTO_INCREMENT\n, widget_id BIGINT(20) UNSIGNED NOT NULL\n, channel_name VARCHAR(255) NOT NULL\n, config LONGTEXT  NULL\n, sequence INTEGER  NULL\n, status BOOLEAN  NOT NULL DEFAULT 1\n, created_at timestamp  NULL DEFAULT NULL\n, updated_at timestamp  NULL DEFAULT NULL,\nPRIMARY KEY (\nid\n), FOREIGN KEY (widget_id) REFERENCES wp_bit_assist_widgets (id) ON DELETE CASCADE\n             ) </p>\n<p>Queries made or created this session were:</p>\n<ol>\n<li>Executing: BEGIN | (no parameters)</li>\n<li>Executing: INSERT INTO _mysql_data_types_cache (`table`, `column_or_index`, `mysql_type`)\n\t\t\t\tVALUES (:table, :column, :datatype)\n\t\t\t\tON CONFLICT(`table`, `column_or_index`) DO UPDATE SET `mysql_type` = :datatype\n\t\t\t | parameters: wp_bit_assist_widget_channels, id,  in /wordpress/wp-content/plugins/bit-assist/vendor/bitapps/wp-database/src/Blueprint.php on line 176",
    "log": "/logs/plugins/b/btn-admin-login-customizer-pro/error.json"
  },
  {
    "message": "Required parameter $is_script follows optional parameter $list in /wordpress/wp-content/plugins/btn-admin-login-customizer-pro/ReduxCore/inc/class.redux_cdn.php on line 21",
    "level": "DEPRECATED",
    "type": "PHP",
    "test": "ast-sqlite-boot",
    "plugin": "btn-admin-login-customizer-pro",
    "details": "[10-May-2025 17:54:44 UTC] PHP Deprecated:  Required parameter $is_script follows optional parameter $list in /wordpress/wp-content/plugins/btn-admin-login-customizer-pro/ReduxCore/inc/class.redux_cdn.php on line 21",
    "log": "/logs/plugins/b/btn-admin-login-customizer-pro/error.json"
  },
  {
    "message": "Required parameter $handle follows optional parameter $register in /wordpress/wp-content/plugins/btn-admin-login-customizer-pro/ReduxCore/inc/class.redux_cdn.php on line 45",
    "level": "DEPRECATED",
    "type": "PHP",
    "test": "ast-sqlite-boot",
    "plugin": "btn-admin-login-customizer-pro",
    "details": "[10-May-2025 17:54:44 UTC] PHP Deprecated:  Required parameter $handle follows optional parameter $register in /wordpress/wp-content/plugins/btn-admin-login-customizer-pro/ReduxCore/inc/class.redux_cdn.php on line 45",
    "log": "/logs/plugins/b/btn-admin-login-customizer-pro/error.json"
  },
  {
    "message": "Required parameter $src_cdn follows optional parameter $register in /wordpress/wp-content/plugins/btn-admin-login-customizer-pro/ReduxCore/inc/class.redux_cdn.php on line 45",
    "level": "DEPRECATED",
    "type": "PHP",
    "test": "ast-sqlite-boot",
    "plugin": "btn-admin-login-customizer-pro",
    "details": "[10-May-2025 17:54:44 UTC] PHP Deprecated:  Required parameter $src_cdn follows optional parameter $register in /wordpress/wp-content/plugins/btn-admin-login-customizer-pro/ReduxCore/inc/class.redux_cdn.php on line 45",
    "log": "/logs/plugins/b/btn-admin-login-customizer-pro/error.json"
  },
  {
    "message": "Required parameter $deps follows optional parameter $register in /wordpress/wp-content/plugins/btn-admin-login-customizer-pro/ReduxCore/inc/class.redux_cdn.php on line 45",
    "level": "DEPRECATED",
    "type": "PHP",
    "test": "ast-sqlite-boot",
    "plugin": "btn-admin-login-customizer-pro",
    "details": "[10-May-2025 17:54:44 UTC] PHP Deprecated:  Required parameter $deps follows optional parameter $register in /wordpress/wp-content/plugins/btn-admin-login-customizer-pro/ReduxCore/inc/class.redux_cdn.php on line 45",
    "log": "/logs/plugins/b/btn-admin-login-customizer-pro/error.json"
  },
  {
    "message": "Required parameter $ver follows optional parameter $register in /wordpress/wp-content/plugins/btn-admin-login-customizer-pro/ReduxCore/inc/class.redux_cdn.php on line 45",
    "level": "DEPRECATED",
    "type": "PHP",
    "test": "ast-sqlite-boot",
    "plugin": "btn-admin-login-customizer-pro",
    "details": "[10-May-2025 17:54:44 UTC] PHP Deprecated:  Required parameter $ver follows optional parameter $register in /wordpress/wp-content/plugins/btn-admin-login-customizer-pro/ReduxCore/inc/class.redux_cdn.php on line 45",
    "log": "/logs/plugins/b/btn-admin-login-customizer-pro/error.json"
  },
  {
    "message": "Required parameter $footer_or_media follows optional parameter $register in /wordpress/wp-content/plugins/btn-admin-login-customizer-pro/ReduxCore/inc/class.redux_cdn.php on line 45",
    "level": "DEPRECATED",
    "type": "PHP",
    "test": "ast-sqlite-boot",
    "plugin": "btn-admin-login-customizer-pro",
    "details": "[10-May-2025 17:54:44 UTC] PHP Deprecated:  Required parameter $footer_or_media follows optional parameter $register in /wordpress/wp-content/plugins/btn-admin-login-customizer-pro/ReduxCore/inc/class.redux_cdn.php on line 45",
    "log": "/logs/plugins/b/btn-admin-login-customizer-pro/error.json"
  },
  {
    "message": "Required parameter $handle follows optional parameter $register in /wordpress/wp-content/plugins/btn-admin-login-customizer-pro/ReduxCore/inc/class.redux_cdn.php on line 100",
    "level": "DEPRECATED",
    "type": "PHP",
    "test": "ast-sqlite-boot",
    "plugin": "btn-admin-login-customizer-pro",
    "details": "[10-May-2025 17:54:44 UTC] PHP Deprecated:  Required parameter $handle follows optional parameter $register in /wordpress/wp-content/plugins/btn-admin-login-customizer-pro/ReduxCore/inc/class.redux_cdn.php on line 100",
    "log": "/logs/plugins/b/btn-admin-login-customizer-pro/error.json"
  },
  {
    "message": "Required parameter $src_cdn follows optional parameter $register in /wordpress/wp-content/plugins/btn-admin-login-customizer-pro/ReduxCore/inc/class.redux_cdn.php on line 100",
    "level": "DEPRECATED",
    "type": "PHP",
    "test": "ast-sqlite-boot",
    "plugin": "btn-admin-login-customizer-pro",
    "details": "[10-May-2025 17:54:44 UTC] PHP Deprecated:  Required parameter $src_cdn follows optional parameter $register in /wordpress/wp-content/plugins/btn-admin-login-customizer-pro/ReduxCore/inc/class.redux_cdn.php on line 100",
    "log": "/logs/plugins/b/btn-admin-login-customizer-pro/error.json"
  },
  {
    "message": "Required parameter $deps follows optional parameter $register in /wordpress/wp-content/plugins/btn-admin-login-customizer-pro/ReduxCore/inc/class.redux_cdn.php on line 100",
    "level": "DEPRECATED",
    "type": "PHP",
    "test": "ast-sqlite-boot",
    "plugin": "btn-admin-login-customizer-pro",
    "details": "[10-May-2025 17:54:44 UTC] PHP Deprecated:  Required parameter $deps follows optional parameter $register in /wordpress/wp-content/plugins/btn-admin-login-customizer-pro/ReduxCore/inc/class.redux_cdn.php on line 100",
    "log": "/logs/plugins/b/btn-admin-login-customizer-pro/error.json"
  },
  {
    "message": "Required parameter $ver follows optional parameter $register in /wordpress/wp-content/plugins/btn-admin-login-customizer-pro/ReduxCore/inc/class.redux_cdn.php on line 100",
    "level": "DEPRECATED",
    "type": "PHP",
    "test": "ast-sqlite-boot",
    "plugin": "btn-admin-login-customizer-pro",
    "details": "[10-May-2025 17:54:44 UTC] PHP Deprecated:  Required parameter $ver follows optional parameter $register in /wordpress/wp-content/plugins/btn-admin-login-customizer-pro/ReduxCore/inc/class.redux_cdn.php on line 100",
    "log": "/logs/plugins/b/btn-admin-login-customizer-pro/error.json"
  },
  {
    "message": "Required parameter $footer_or_media follows optional parameter $register in /wordpress/wp-content/plugins/btn-admin-login-customizer-pro/ReduxCore/inc/class.redux_cdn.php on line 100",
    "level": "DEPRECATED",
    "type": "PHP",
    "test": "ast-sqlite-boot",
    "plugin": "btn-admin-login-customizer-pro",
    "details": "[10-May-2025 17:54:44 UTC] PHP Deprecated:  Required parameter $footer_or_media follows optional parameter $register in /wordpress/wp-content/plugins/btn-admin-login-customizer-pro/ReduxCore/inc/class.redux_cdn.php on line 100",
    "log": "/logs/plugins/b/btn-admin-login-customizer-pro/error.json"
  },
  {
    "message": "Required parameter $path follows optional parameter $expire in /wordpress/wp-content/plugins/btn-admin-login-customizer-pro/ReduxCore/inc/class.redux_functions.php on line 54",
    "level": "DEPRECATED",
    "type": "PHP",
    "test": "ast-sqlite-boot",
    "plugin": "btn-admin-login-customizer-pro",
    "details": "[10-May-2025 17:54:44 UTC] PHP Deprecated:  Required parameter $path follows optional parameter $expire in /wordpress/wp-content/plugins/btn-admin-login-customizer-pro/ReduxCore/inc/class.redux_functions.php on line 54",
    "log": "/logs/plugins/b/btn-admin-login-customizer-pro/error.json"
  },
  {
    "message": "Uncaught Error: Attempt to modify property \"admin_notices\" on null in /wordpress/wp-content/plugins/btn-admin-login-customizer-pro/ReduxCore/inc/class.redux_filesystem.php:29",
    "level": "FATAL",
    "type": "PHP",
    "test": "ast-sqlite-boot",
    "plugin": "btn-admin-login-customizer-pro",
    "details": "[10-May-2025 17:54:44 UTC] PHP Fatal error:  Uncaught Error: Attempt to modify property \"admin_notices\" on null in /wordpress/wp-content/plugins/btn-admin-login-customizer-pro/ReduxCore/inc/class.redux_filesystem.php:29\nStack trace:\n#0 /wordpress/wp-content/plugins/btn-admin-login-customizer-pro/ReduxCore/inc/class.redux_filesystem.php(47): Redux_Filesystem->__construct()\n#1 /wordpress/wp-content/plugins/btn-admin-login-customizer-pro/ReduxCore/inc/class.redux_filesystem.php(286): Redux_Filesystem::get_instance()\n#2 /wordpress/wp-content/plugins/btn-admin-login-customizer-pro/ReduxCore/framework.php(51): require_once('/wordpress/wp-c...')\n#3 /wordpress/wp-content/plugins/btn-admin-login-customizer-pro/index.php(38): require_once('/wordpress/wp-c...')\n#4 /wordpress/wp-admin/includes/plugin.php(2387): include_once('/wordpress/wp-c...')\n#5 /wordpress/wp-admin/includes/plugin.php(673): plugin_sandbox_scrape('btn-admin-login...')\n#6 /internal/eval.php(20): activate_plugin('btn-admin-login...')\n#7 {main}\n  thrown in /wordpress/wp-content/plugins/btn-admin-login-customizer-pro/ReduxCore/inc/class.redux_filesystem.php on line 29\n\n    at Object.onBind (file:///home/runner/work/playground-tester/playground-tester/node_modules/@wp-playground/cli/index.js:237:15)\n    at process.processTicksAndRejections (node:internal/process/task_queues:105:5)\n    at async V (file:///home/runner/work/playground-tester/playground-tester/node_modules/@wp-playground/cli/index.js:64:10)\n    at async ja (file:///home/runner/work/playground-tester/playground-tester/node_modules/@wp-playground/cli/cli.js:8161:12) {\n  [cause]: Error: Error when executing the blueprint step #5 ({\"step\":\"installPlugin\",\"pluginData\":{\"resource\":\"wordpress.org/plugins\",\"slug\":\"btn-admin-login-customizer-pro\"},\"options\":{\"activate\":true}}) : PHP.run() failed with exit code 255 and the following output: \n      at Object.run (file:///home/runner/work/playground-tester/playground-tester/node_modules/@wp-playground/blueprints/index.js:12449:19)\n      at process.processTicksAndRejections (node:internal/process/task_queues:105:5)\n      at async ms (file:///home/runner/work/playground-tester/playground-tester/node_modules/@wp-playground/blueprints/index.js:12552:3)\n      ... 2 lines matching cause stack trace ...\n      at async ja (file:///home/runner/work/playground-tester/playground-tester/node_modules/@wp-playground/cli/cli.js:8161:12) {\n    [cause]: PHPExecutionFailureError: PHP.run() failed with exit code 255 and the following output: \n        at PHP.run (file:///home/runner/work/playground-tester/playground-tester/node_modules/@php-wasm/universal/index.js:987:19)\n        at process.processTicksAndRejections (node:internal/process/task_queues:105:5)\n        at async wr (file:///home/runner/work/playground-tester/playground-tester/node_modules/@wp-playground/blueprints/index.js:33:39)\n        at async Object.gt [as installPlugin] (file:///home/runner/work/playground-tester/playground-tester/node_modules/@wp-playground/blueprints/index.js:974:42)\n        at async g (file:///home/runner/work/playground-tester/playground-tester/node_modules/@wp-playground/blueprints/index.js:12517:30)\n        at async Object.run (file:///home/runner/work/playground-tester/playground-tester/node_modules/@wp-playground/blueprints/index.js:12446:23)\n        at async ms (file:///home/runner/work/playground-tester/playground-tester/node_modules/@wp-playground/blueprints/index.js:12552:3)\n        at async Object.onBind (file:///home/runner/work/playground-tester/playground-tester/node_modules/@wp-playground/cli/index.js:227:48)\n        at async V (file:///home/runner/work/playground-tester/playground-tester/node_modules/@wp-playground/cli/index.js:64:10)\n        at async ja (file:///home/runner/work/playground-tester/playground-tester/node_modules/@wp-playground/cli/cli.js:8161:12) {\n      response: PHPResponse {\n        httpStatusCode: 500,\n        headers: {\n          'x-powered-by': [ 'PHP/8.0.30-dev' ],\n          'content-type': [ 'text/html; charset=UTF-8' ]\n        },\n        bytes: Uint8Array(0) [],\n        exitCode: 255,\n        errors: ''\n      },\n      source: 'request'\n    }\n  }\n}\n\n",
    "log": "/logs/plugins/b/btn-admin-login-customizer-pro/error.json"
  },
  {
    "message": "file:///home/runner/work/playground-tester/playground-tester/node_modules/@wp-playground/cli/index.js:237\n        throw new Error(y, { cause: u });\n              ^\n",
    "level": "FATAL",
    "type": "PLAYGROUND",
    "test": "asyncify-boot",
    "plugin": "btn-admin-login-customizer-pro",
    "details": "file:///home/runner/work/playground-tester/playground-tester/node_modules/@wp-playground/cli/index.js:237\n        throw new Error(y, { cause: u });\n              ^\n",
    "log": "/tmp/tmp.stFLBRyA5P"
  },
  {
    "message": "Function get_theme_data is <strong>deprecated</strong> since version 3.4.0! Use wp_get_theme() instead. in /wordpress/wp-includes/functions.php on line 6121",
    "level": "DEPRECATED",
    "type": "PHP",
    "test": "asyncify-boot",
    "plugin": "btn-admin-login-customizer-pro",
    "details": "[10-May-2025 17:45:12 UTC] PHP Deprecated:  Function get_theme_data is <strong>deprecated</strong> since version 3.4.0! Use wp_get_theme() instead. in /wordpress/wp-includes/functions.php on line 6121",
    "log": "/logs/plugins/b/btn-admin-login-customizer-pro/error.json"
  },
  {
    "message": "Function get_theme_data is <strong>deprecated</strong> since version 3.4.0! Use wp_get_theme() instead. in /wordpress/wp-includes/functions.php on line 6121",
    "level": "DEPRECATED",
    "type": "PHP",
    "test": "asyncify-boot",
    "plugin": "btn-admin-login-customizer-pro",
    "details": "[10-May-2025 17:45:13 UTC] PHP Deprecated:  Function get_theme_data is <strong>deprecated</strong> since version 3.4.0! Use wp_get_theme() instead. in /wordpress/wp-includes/functions.php on line 6121",
    "log": "/logs/plugins/b/btn-admin-login-customizer-pro/error.json"
  },
  {
    "message": "Function get_theme_data is <strong>deprecated</strong> since version 3.4.0! Use wp_get_theme() instead. in /wordpress/wp-includes/functions.php on line 6121",
    "level": "DEPRECATED",
    "type": "PHP",
    "test": "asyncify-boot",
    "plugin": "btn-admin-login-customizer-pro",
    "details": "[10-May-2025 17:45:21 UTC] PHP Deprecated:  Function get_theme_data is <strong>deprecated</strong> since version 3.4.0! Use wp_get_theme() instead. in /wordpress/wp-includes/functions.php on line 6121",
    "log": "/logs/plugins/b/btn-admin-login-customizer-pro/error.json"
  },
  {
    "message": "Function get_theme_data is <strong>deprecated</strong> since version 3.4.0! Use wp_get_theme() instead. in /wordpress/wp-includes/functions.php on line 6121",
    "level": "DEPRECATED",
    "type": "PHP",
    "test": "asyncify-boot",
    "plugin": "btn-admin-login-customizer-pro",
    "details": "[10-May-2025 17:45:21 UTC] PHP Deprecated:  Function get_theme_data is <strong>deprecated</strong> since version 3.4.0! Use wp_get_theme() instead. in /wordpress/wp-includes/functions.php on line 6121",
    "log": "/logs/plugins/b/btn-admin-login-customizer-pro/error.json"
  },
  {
    "message": "Function get_theme_data is <strong>deprecated</strong> since version 3.4.0! Use wp_get_theme() instead. in /wordpress/wp-includes/functions.php on line 6121",
    "level": "DEPRECATED",
    "type": "PHP",
    "test": "asyncify-boot",
    "plugin": "btn-admin-login-customizer-pro",
    "details": "[10-May-2025 17:45:26 UTC] PHP Deprecated:  Function get_theme_data is <strong>deprecated</strong> since version 3.4.0! Use wp_get_theme() instead. in /wordpress/wp-includes/functions.php on line 6121",
    "log": "/logs/plugins/b/btn-admin-login-customizer-pro/error.json"
  },
  {
    "message": "Function get_theme_data is <strong>deprecated</strong> since version 3.4.0! Use wp_get_theme() instead. in /wordpress/wp-includes/functions.php on line 6121",
    "level": "DEPRECATED",
    "type": "PHP",
    "test": "asyncify-boot",
    "plugin": "btn-admin-login-customizer-pro",
    "details": "[10-May-2025 17:45:28 UTC] PHP Deprecated:  Function get_theme_data is <strong>deprecated</strong> since version 3.4.0! Use wp_get_theme() instead. in /wordpress/wp-includes/functions.php on line 6121",
    "log": "/logs/plugins/b/btn-admin-login-customizer-pro/error.json"
  },
  {
    "message": "Uncaught ArgumentCountError: Too few arguments to function WP_Widget::__construct(), 0 passed in /wordpress/wp-includes/class-wp-widget-factory.php on line 62 and at least 2 expected in /wordpress/wp-includes/class-wp-widget.php:163",
    "level": "FATAL",
    "type": "PHP",
    "test": "asyncify-boot",
    "plugin": "btn-admin-login-customizer-pro",
    "details": "[10-May-2025 17:48:36 UTC] PHP Fatal error:  Uncaught ArgumentCountError: Too few arguments to function WP_Widget::__construct(), 0 passed in /wordpress/wp-includes/class-wp-widget-factory.php on line 62 and at least 2 expected in /wordpress/wp-includes/class-wp-widget.php:163\nStack trace:\n#0 /wordpress/wp-includes/class-wp-widget-factory.php(62): WP_Widget->__construct()\n#1 /wordpress/wp-includes/widgets.php(123): WP_Widget_Factory->register('bbld_widget')\n#2 /wordpress/wp-content/plugins/bbpress-latest-discussion/BBpress.php(538): register_widget('bbld_widget')\n#3 /wordpress/wp-includes/class-wp-hook.php(324): bbld_add_widget('')\n#4 /wordpress/wp-includes/class-wp-hook.php(348): WP_Hook->apply_filters(NULL, Array)\n#5 /wordpress/wp-includes/plugin.php(517): WP_Hook->do_action(Array)\n#6 /wordpress/wp-includes/widgets.php(1870): do_action('widgets_init')\n#7 /wordpress/wp-includes/class-wp-hook.php(324): wp_widgets_init('')\n#8 /wordpress/wp-includes/class-wp-hook.php(348): WP_Hook->apply_filters(NULL, Array)\n#9 /wordpress/wp-includes/plugin.php(517): WP_Hook->do_action(Array)\n#10 /wordpress/wp-settings.php(727): do_action('init')\n#11 /wordpress/wp-config.php(102): require_once('/wordpress/wp-s...')\n#12 /wordpress/wp-load.php(50): require_once('/wordpress/wp-c...')\n#13 /internal/eval.php(3): require_once('/wordpress/wp-l...')\n#14 {main}\n  thrown in /wordpress/wp-includes/class-wp-widget.php on line 163",
    "log": "/logs/plugins/b/btn-admin-login-customizer-pro/error.json"
  },
  {
    "message": "Uncaught ArgumentCountError: Too few arguments to function WP_Widget::__construct(), 0 passed in /wordpress/wp-includes/class-wp-widget-factory.php on line 62 and at least 2 expected in /wordpress/wp-includes/class-wp-widget.php:163",
    "level": "FATAL",
    "type": "PHP",
    "test": "asyncify-boot",
    "plugin": "btn-admin-login-customizer-pro",
    "details": "[10-May-2025 17:48:44 UTC] PHP Fatal error:  Uncaught ArgumentCountError: Too few arguments to function WP_Widget::__construct(), 0 passed in /wordpress/wp-includes/class-wp-widget-factory.php on line 62 and at least 2 expected in /wordpress/wp-includes/class-wp-widget.php:163\nStack trace:\n#0 /wordpress/wp-includes/class-wp-widget-factory.php(62): WP_Widget->__construct()\n#1 /wordpress/wp-includes/widgets.php(123): WP_Widget_Factory->register('bbld_widget')\n#2 /wordpress/wp-content/plugins/bbpress-latest-discussion/BBpress.php(538): register_widget('bbld_widget')\n#3 /wordpress/wp-includes/class-wp-hook.php(324): bbld_add_widget('')\n#4 /wordpress/wp-includes/class-wp-hook.php(348): WP_Hook->apply_filters(NULL, Array)\n#5 /wordpress/wp-includes/plugin.php(517): WP_Hook->do_action(Array)\n#6 /wordpress/wp-includes/widgets.php(1870): do_action('widgets_init')\n#7 /wordpress/wp-includes/class-wp-hook.php(324): wp_widgets_init('')\n#8 /wordpress/wp-includes/class-wp-hook.php(348): WP_Hook->apply_filters(NULL, Array)\n#9 /wordpress/wp-includes/plugin.php(517): WP_Hook->do_action(Array)\n#10 /wordpress/wp-settings.php(727): do_action('init')\n#11 /wordpress/wp-config.php(102): require_once('/wordpress/wp-s...')\n#12 /wordpress/wp-load.php(50): require_once('/wordpress/wp-c...')\n#13 /internal/eval.php(3): require_once('/wordpress/wp-l...')\n#14 {main}\n  thrown in /wordpress/wp-includes/class-wp-widget.php on line 163",
    "log": "/logs/plugins/b/btn-admin-login-customizer-pro/error.json"
  },
  {
    "message": "Uncaught ArgumentCountError: Too few arguments to function WP_Widget::__construct(), 0 passed in /wordpress/wp-includes/class-wp-widget-factory.php on line 62 and at least 2 expected in /wordpress/wp-includes/class-wp-widget.php:163",
    "level": "FATAL",
    "type": "PHP",
    "test": "asyncify-boot",
    "plugin": "btn-admin-login-customizer-pro",
    "details": "[10-May-2025 17:48:53 UTC] PHP Fatal error:  Uncaught ArgumentCountError: Too few arguments to function WP_Widget::__construct(), 0 passed in /wordpress/wp-includes/class-wp-widget-factory.php on line 62 and at least 2 expected in /wordpress/wp-includes/class-wp-widget.php:163\nStack trace:\n#0 /wordpress/wp-includes/class-wp-widget-factory.php(62): WP_Widget->__construct()\n#1 /wordpress/wp-includes/widgets.php(123): WP_Widget_Factory->register('bbld_widget')\n#2 /wordpress/wp-content/plugins/bbpress-latest-discussion/BBpress.php(538): register_widget('bbld_widget')\n#3 /wordpress/wp-includes/class-wp-hook.php(324): bbld_add_widget('')\n#4 /wordpress/wp-includes/class-wp-hook.php(348): WP_Hook->apply_filters(NULL, Array)\n#5 /wordpress/wp-includes/plugin.php(517): WP_Hook->do_action(Array)\n#6 /wordpress/wp-includes/widgets.php(1870): do_action('widgets_init')\n#7 /wordpress/wp-includes/class-wp-hook.php(324): wp_widgets_init('')\n#8 /wordpress/wp-includes/class-wp-hook.php(348): WP_Hook->apply_filters(NULL, Array)\n#9 /wordpress/wp-includes/plugin.php(517): WP_Hook->do_action(Array)\n#10 /wordpress/wp-settings.php(727): do_action('init')\n#11 /wordpress/wp-config.php(102): require_once('/wordpress/wp-s...')\n#12 /wordpress/wp-load.php(50): require_once('/wordpress/wp-c...')\n#13 /internal/eval.php(3): require_once('/wordpress/wp-l...')\n#14 {main}\n  thrown in /wordpress/wp-includes/class-wp-widget.php on line 163",
    "log": "/logs/plugins/b/btn-admin-login-customizer-pro/error.json"
  },
  {
    "message": "Uncaught Error: Call to undefined function mysql_get_server_info() in /wordpress/wp-content/plugins/benday-reviews-system/br-system.php:22",
    "level": "FATAL",
    "type": "PHP",
    "test": "asyncify-boot",
    "plugin": "btn-admin-login-customizer-pro",
    "details": "[10-May-2025 17:49:27 UTC] PHP Fatal error:  Uncaught Error: Call to undefined function mysql_get_server_info() in /wordpress/wp-content/plugins/benday-reviews-system/br-system.php:22\nStack trace:\n#0 /wordpress/wp-includes/class-wp-hook.php(324): br_install(false)\n#1 /wordpress/wp-includes/class-wp-hook.php(348): WP_Hook->apply_filters('', Array)\n#2 /wordpress/wp-includes/plugin.php(517): WP_Hook->do_action(Array)\n#3 /wordpress/wp-admin/includes/plugin.php(703): do_action('activate_benday...', false)\n#4 /internal/eval.php(20): activate_plugin('benday-reviews-...')\n#5 {main}\n  thrown in /wordpress/wp-content/plugins/benday-reviews-system/br-system.php on line 22",
    "log": "/logs/plugins/b/btn-admin-login-customizer-pro/error.json"
  },
  {
    "message": "Uncaught Error: Call to undefined function mysql_get_server_info() in /wordpress/wp-content/plugins/benday-reviews-system/br-system.php:22",
    "level": "FATAL",
    "type": "PHP",
    "test": "asyncify-boot",
    "plugin": "btn-admin-login-customizer-pro",
    "details": "[10-May-2025 17:49:34 UTC] PHP Fatal error:  Uncaught Error: Call to undefined function mysql_get_server_info() in /wordpress/wp-content/plugins/benday-reviews-system/br-system.php:22\nStack trace:\n#0 /wordpress/wp-includes/class-wp-hook.php(324): br_install(false)\n#1 /wordpress/wp-includes/class-wp-hook.php(348): WP_Hook->apply_filters('', Array)\n#2 /wordpress/wp-includes/plugin.php(517): WP_Hook->do_action(Array)\n#3 /wordpress/wp-admin/includes/plugin.php(703): do_action('activate_benday...', false)\n#4 /internal/eval.php(20): activate_plugin('benday-reviews-...')\n#5 {main}\n  thrown in /wordpress/wp-content/plugins/benday-reviews-system/br-system.php on line 22",
    "log": "/logs/plugins/b/btn-admin-login-customizer-pro/error.json"
  },
  {
    "message": "Uncaught Error: Call to undefined function mysql_get_server_info() in /wordpress/wp-content/plugins/benday-reviews-system/br-system.php:22",
    "level": "FATAL",
    "type": "PHP",
    "test": "asyncify-boot",
    "plugin": "btn-admin-login-customizer-pro",
    "details": "[10-May-2025 17:49:41 UTC] PHP Fatal error:  Uncaught Error: Call to undefined function mysql_get_server_info() in /wordpress/wp-content/plugins/benday-reviews-system/br-system.php:22\nStack trace:\n#0 /wordpress/wp-includes/class-wp-hook.php(324): br_install(false)\n#1 /wordpress/wp-includes/class-wp-hook.php(348): WP_Hook->apply_filters('', Array)\n#2 /wordpress/wp-includes/plugin.php(517): WP_Hook->do_action(Array)\n#3 /wordpress/wp-admin/includes/plugin.php(703): do_action('activate_benday...', false)\n#4 /internal/eval.php(20): activate_plugin('benday-reviews-...')\n#5 {main}\n  thrown in /wordpress/wp-content/plugins/benday-reviews-system/br-system.php on line 22",
    "log": "/logs/plugins/b/btn-admin-login-customizer-pro/error.json"
  },
  {
    "message": "Uncaught RuntimeException: <div style=\"clear:both\">&nbsp;</div>",
    "level": "FATAL",
    "type": "PHP",
    "test": "asyncify-boot",
    "plugin": "btn-admin-login-customizer-pro",
    "details": "[10-May-2025 17:50:45 UTC] PHP Fatal error:  Uncaught RuntimeException: <div style=\"clear:both\">&nbsp;</div>\n<div class=\"queries\" style=\"clear:both;margin-bottom:2px;border:red dotted thin;\">\n<p>MySQL query:</p>\n<p>CREATE TABLE IF NOT EXISTS wp_bit_assist_widget_channels (\n             id BIGINT  UNSIGNED NOT NULL AUTO_INCREMENT\n, widget_id BIGINT(20) UNSIGNED NOT NULL\n, channel_name VARCHAR(255) NOT NULL\n, config LONGTEXT  NULL\n, sequence INTEGER  NULL\n, status BOOLEAN  NOT NULL DEFAULT 1\n, created_at timestamp  NULL DEFAULT NULL\n, updated_at timestamp  NULL DEFAULT NULL,\nPRIMARY KEY (\nid\n), FOREIGN KEY (widget_id) REFERENCES wp_bit_assist_widgets (id) ON DELETE CASCADE\n             ) </p>\n<p>Queries made or created this session were:</p>\n<ol>\n<li>Executing: BEGIN | (no parameters)</li>\n<li>Executing: SELECT 1 FROM `_wp_sqlite_mysql_information_schema_tables` WHERE table_schema = ? AND table_name = ? | parameters: database_name_here, wp_bit_assist_widget_channels</li>\n<li>Executing: INSERT INTO `_wp_sqlite_mysql_information_schema_tables` (`table_schem in /wordpress/wp-content/plugins/bit-assist/vendor/bitapps/wp-database/src/Blueprint.php on line 176",
    "log": "/logs/plugins/b/btn-admin-login-customizer-pro/error.json"
  },
  {
    "message": "Uncaught RuntimeException: <div style=\"clear:both\">&nbsp;</div>",
    "level": "FATAL",
    "type": "PHP",
    "test": "asyncify-boot",
    "plugin": "btn-admin-login-customizer-pro",
    "details": "[10-May-2025 17:50:55 UTC] PHP Fatal error:  Uncaught RuntimeException: <div style=\"clear:both\">&nbsp;</div>\n<div class=\"queries\" style=\"clear:both;margin-bottom:2px;border:red dotted thin;\">\n<p>MySQL query:</p>\n<p>CREATE TABLE IF NOT EXISTS wp_bit_assist_widget_channels (\n             id BIGINT  UNSIGNED NOT NULL AUTO_INCREMENT\n, widget_id BIGINT(20) UNSIGNED NOT NULL\n, channel_name VARCHAR(255) NOT NULL\n, config LONGTEXT  NULL\n, sequence INTEGER  NULL\n, status BOOLEAN  NOT NULL DEFAULT 1\n, created_at timestamp  NULL DEFAULT NULL\n, updated_at timestamp  NULL DEFAULT NULL,\nPRIMARY KEY (\nid\n), FOREIGN KEY (widget_id) REFERENCES wp_bit_assist_widgets (id) ON DELETE CASCADE\n             ) </p>\n<p>Queries made or created this session were:</p>\n<ol>\n<li>Executing: BEGIN | (no parameters)</li>\n<li>Executing: INSERT INTO _mysql_data_types_cache (`table`, `column_or_index`, `mysql_type`)\n\t\t\t\tVALUES (:table, :column, :datatype)\n\t\t\t\tON CONFLICT(`table`, `column_or_index`) DO UPDATE SET `mysql_type` = :datatype\n\t\t\t | parameters: wp_bit_assist_widget_channels, id,  in /wordpress/wp-content/plugins/bit-assist/vendor/bitapps/wp-database/src/Blueprint.php on line 176",
    "log": "/logs/plugins/b/btn-admin-login-customizer-pro/error.json"
  },
  {
    "message": "Uncaught RuntimeException: <div style=\"clear:both\">&nbsp;</div>",
    "level": "FATAL",
    "type": "PHP",
    "test": "asyncify-boot",
    "plugin": "btn-admin-login-customizer-pro",
    "details": "[10-May-2025 17:51:04 UTC] PHP Fatal error:  Uncaught RuntimeException: <div style=\"clear:both\">&nbsp;</div>\n<div class=\"queries\" style=\"clear:both;margin-bottom:2px;border:red dotted thin;\">\n<p>MySQL query:</p>\n<p>CREATE TABLE IF NOT EXISTS wp_bit_assist_widget_channels (\n             id BIGINT  UNSIGNED NOT NULL AUTO_INCREMENT\n, widget_id BIGINT(20) UNSIGNED NOT NULL\n, channel_name VARCHAR(255) NOT NULL\n, config LONGTEXT  NULL\n, sequence INTEGER  NULL\n, status BOOLEAN  NOT NULL DEFAULT 1\n, created_at timestamp  NULL DEFAULT NULL\n, updated_at timestamp  NULL DEFAULT NULL,\nPRIMARY KEY (\nid\n), FOREIGN KEY (widget_id) REFERENCES wp_bit_assist_widgets (id) ON DELETE CASCADE\n             ) </p>\n<p>Queries made or created this session were:</p>\n<ol>\n<li>Executing: BEGIN | (no parameters)</li>\n<li>Executing: INSERT INTO _mysql_data_types_cache (`table`, `column_or_index`, `mysql_type`)\n\t\t\t\tVALUES (:table, :column, :datatype)\n\t\t\t\tON CONFLICT(`table`, `column_or_index`) DO UPDATE SET `mysql_type` = :datatype\n\t\t\t | parameters: wp_bit_assist_widget_channels, id,  in /wordpress/wp-content/plugins/bit-assist/vendor/bitapps/wp-database/src/Blueprint.php on line 176",
    "log": "/logs/plugins/b/btn-admin-login-customizer-pro/error.json"
  },
  {
    "message": "Required parameter $is_script follows optional parameter $list in /wordpress/wp-content/plugins/btn-admin-login-customizer-pro/ReduxCore/inc/class.redux_cdn.php on line 21",
    "level": "DEPRECATED",
    "type": "PHP",
    "test": "asyncify-boot",
    "plugin": "btn-admin-login-customizer-pro",
    "details": "[10-May-2025 17:54:44 UTC] PHP Deprecated:  Required parameter $is_script follows optional parameter $list in /wordpress/wp-content/plugins/btn-admin-login-customizer-pro/ReduxCore/inc/class.redux_cdn.php on line 21",
    "log": "/logs/plugins/b/btn-admin-login-customizer-pro/error.json"
  },
  {
    "message": "Required parameter $handle follows optional parameter $register in /wordpress/wp-content/plugins/btn-admin-login-customizer-pro/ReduxCore/inc/class.redux_cdn.php on line 45",
    "level": "DEPRECATED",
    "type": "PHP",
    "test": "asyncify-boot",
    "plugin": "btn-admin-login-customizer-pro",
    "details": "[10-May-2025 17:54:44 UTC] PHP Deprecated:  Required parameter $handle follows optional parameter $register in /wordpress/wp-content/plugins/btn-admin-login-customizer-pro/ReduxCore/inc/class.redux_cdn.php on line 45",
    "log": "/logs/plugins/b/btn-admin-login-customizer-pro/error.json"
  },
  {
    "message": "Required parameter $src_cdn follows optional parameter $register in /wordpress/wp-content/plugins/btn-admin-login-customizer-pro/ReduxCore/inc/class.redux_cdn.php on line 45",
    "level": "DEPRECATED",
    "type": "PHP",
    "test": "asyncify-boot",
    "plugin": "btn-admin-login-customizer-pro",
    "details": "[10-May-2025 17:54:44 UTC] PHP Deprecated:  Required parameter $src_cdn follows optional parameter $register in /wordpress/wp-content/plugins/btn-admin-login-customizer-pro/ReduxCore/inc/class.redux_cdn.php on line 45",
    "log": "/logs/plugins/b/btn-admin-login-customizer-pro/error.json"
  },
  {
    "message": "Required parameter $deps follows optional parameter $register in /wordpress/wp-content/plugins/btn-admin-login-customizer-pro/ReduxCore/inc/class.redux_cdn.php on line 45",
    "level": "DEPRECATED",
    "type": "PHP",
    "test": "asyncify-boot",
    "plugin": "btn-admin-login-customizer-pro",
    "details": "[10-May-2025 17:54:44 UTC] PHP Deprecated:  Required parameter $deps follows optional parameter $register in /wordpress/wp-content/plugins/btn-admin-login-customizer-pro/ReduxCore/inc/class.redux_cdn.php on line 45",
    "log": "/logs/plugins/b/btn-admin-login-customizer-pro/error.json"
  },
  {
    "message": "Required parameter $ver follows optional parameter $register in /wordpress/wp-content/plugins/btn-admin-login-customizer-pro/ReduxCore/inc/class.redux_cdn.php on line 45",
    "level": "DEPRECATED",
    "type": "PHP",
    "test": "asyncify-boot",
    "plugin": "btn-admin-login-customizer-pro",
    "details": "[10-May-2025 17:54:44 UTC] PHP Deprecated:  Required parameter $ver follows optional parameter $register in /wordpress/wp-content/plugins/btn-admin-login-customizer-pro/ReduxCore/inc/class.redux_cdn.php on line 45",
    "log": "/logs/plugins/b/btn-admin-login-customizer-pro/error.json"
  },
  {
    "message": "Required parameter $footer_or_media follows optional parameter $register in /wordpress/wp-content/plugins/btn-admin-login-customizer-pro/ReduxCore/inc/class.redux_cdn.php on line 45",
    "level": "DEPRECATED",
    "type": "PHP",
    "test": "asyncify-boot",
    "plugin": "btn-admin-login-customizer-pro",
    "details": "[10-May-2025 17:54:44 UTC] PHP Deprecated:  Required parameter $footer_or_media follows optional parameter $register in /wordpress/wp-content/plugins/btn-admin-login-customizer-pro/ReduxCore/inc/class.redux_cdn.php on line 45",
    "log": "/logs/plugins/b/btn-admin-login-customizer-pro/error.json"
  },
  {
    "message": "Required parameter $handle follows optional parameter $register in /wordpress/wp-content/plugins/btn-admin-login-customizer-pro/ReduxCore/inc/class.redux_cdn.php on line 100",
    "level": "DEPRECATED",
    "type": "PHP",
    "test": "asyncify-boot",
    "plugin": "btn-admin-login-customizer-pro",
    "details": "[10-May-2025 17:54:44 UTC] PHP Deprecated:  Required parameter $handle follows optional parameter $register in /wordpress/wp-content/plugins/btn-admin-login-customizer-pro/ReduxCore/inc/class.redux_cdn.php on line 100",
    "log": "/logs/plugins/b/btn-admin-login-customizer-pro/error.json"
  },
  {
    "message": "Required parameter $src_cdn follows optional parameter $register in /wordpress/wp-content/plugins/btn-admin-login-customizer-pro/ReduxCore/inc/class.redux_cdn.php on line 100",
    "level": "DEPRECATED",
    "type": "PHP",
    "test": "asyncify-boot",
    "plugin": "btn-admin-login-customizer-pro",
    "details": "[10-May-2025 17:54:44 UTC] PHP Deprecated:  Required parameter $src_cdn follows optional parameter $register in /wordpress/wp-content/plugins/btn-admin-login-customizer-pro/ReduxCore/inc/class.redux_cdn.php on line 100",
    "log": "/logs/plugins/b/btn-admin-login-customizer-pro/error.json"
  },
  {
    "message": "Required parameter $deps follows optional parameter $register in /wordpress/wp-content/plugins/btn-admin-login-customizer-pro/ReduxCore/inc/class.redux_cdn.php on line 100",
    "level": "DEPRECATED",
    "type": "PHP",
    "test": "asyncify-boot",
    "plugin": "btn-admin-login-customizer-pro",
    "details": "[10-May-2025 17:54:44 UTC] PHP Deprecated:  Required parameter $deps follows optional parameter $register in /wordpress/wp-content/plugins/btn-admin-login-customizer-pro/ReduxCore/inc/class.redux_cdn.php on line 100",
    "log": "/logs/plugins/b/btn-admin-login-customizer-pro/error.json"
  },
  {
    "message": "Required parameter $ver follows optional parameter $register in /wordpress/wp-content/plugins/btn-admin-login-customizer-pro/ReduxCore/inc/class.redux_cdn.php on line 100",
    "level": "DEPRECATED",
    "type": "PHP",
    "test": "asyncify-boot",
    "plugin": "btn-admin-login-customizer-pro",
    "details": "[10-May-2025 17:54:44 UTC] PHP Deprecated:  Required parameter $ver follows optional parameter $register in /wordpress/wp-content/plugins/btn-admin-login-customizer-pro/ReduxCore/inc/class.redux_cdn.php on line 100",
    "log": "/logs/plugins/b/btn-admin-login-customizer-pro/error.json"
  },
  {
    "message": "Required parameter $footer_or_media follows optional parameter $register in /wordpress/wp-content/plugins/btn-admin-login-customizer-pro/ReduxCore/inc/class.redux_cdn.php on line 100",
    "level": "DEPRECATED",
    "type": "PHP",
    "test": "asyncify-boot",
    "plugin": "btn-admin-login-customizer-pro",
    "details": "[10-May-2025 17:54:44 UTC] PHP Deprecated:  Required parameter $footer_or_media follows optional parameter $register in /wordpress/wp-content/plugins/btn-admin-login-customizer-pro/ReduxCore/inc/class.redux_cdn.php on line 100",
    "log": "/logs/plugins/b/btn-admin-login-customizer-pro/error.json"
  },
  {
    "message": "Required parameter $path follows optional parameter $expire in /wordpress/wp-content/plugins/btn-admin-login-customizer-pro/ReduxCore/inc/class.redux_functions.php on line 54",
    "level": "DEPRECATED",
    "type": "PHP",
    "test": "asyncify-boot",
    "plugin": "btn-admin-login-customizer-pro",
    "details": "[10-May-2025 17:54:44 UTC] PHP Deprecated:  Required parameter $path follows optional parameter $expire in /wordpress/wp-content/plugins/btn-admin-login-customizer-pro/ReduxCore/inc/class.redux_functions.php on line 54",
    "log": "/logs/plugins/b/btn-admin-login-customizer-pro/error.json"
  },
  {
    "message": "Uncaught Error: Attempt to modify property \"admin_notices\" on null in /wordpress/wp-content/plugins/btn-admin-login-customizer-pro/ReduxCore/inc/class.redux_filesystem.php:29",
    "level": "FATAL",
    "type": "PHP",
    "test": "asyncify-boot",
    "plugin": "btn-admin-login-customizer-pro",
    "details": "[10-May-2025 17:54:44 UTC] PHP Fatal error:  Uncaught Error: Attempt to modify property \"admin_notices\" on null in /wordpress/wp-content/plugins/btn-admin-login-customizer-pro/ReduxCore/inc/class.redux_filesystem.php:29\nStack trace:\n#0 /wordpress/wp-content/plugins/btn-admin-login-customizer-pro/ReduxCore/inc/class.redux_filesystem.php(47): Redux_Filesystem->__construct()\n#1 /wordpress/wp-content/plugins/btn-admin-login-customizer-pro/ReduxCore/inc/class.redux_filesystem.php(286): Redux_Filesystem::get_instance()\n#2 /wordpress/wp-content/plugins/btn-admin-login-customizer-pro/ReduxCore/framework.php(51): require_once('/wordpress/wp-c...')\n#3 /wordpress/wp-content/plugins/btn-admin-login-customizer-pro/index.php(38): require_once('/wordpress/wp-c...')\n#4 /wordpress/wp-admin/includes/plugin.php(2387): include_once('/wordpress/wp-c...')\n#5 /wordpress/wp-admin/includes/plugin.php(673): plugin_sandbox_scrape('btn-admin-login...')\n#6 /internal/eval.php(20): activate_plugin('btn-admin-login...')\n#7 {main}\n  thrown in /wordpress/wp-content/plugins/btn-admin-login-customizer-pro/ReduxCore/inc/class.redux_filesystem.php on line 29",
    "log": "/logs/plugins/b/btn-admin-login-customizer-pro/error.json"
  },
  {
    "message": "Required parameter $is_script follows optional parameter $list in /wordpress/wp-content/plugins/btn-admin-login-customizer-pro/ReduxCore/inc/class.redux_cdn.php on line 21",
    "level": "DEPRECATED",
    "type": "PHP",
    "test": "asyncify-boot",
    "plugin": "btn-admin-login-customizer-pro",
    "details": "[10-May-2025 17:54:54 UTC] PHP Deprecated:  Required parameter $is_script follows optional parameter $list in /wordpress/wp-content/plugins/btn-admin-login-customizer-pro/ReduxCore/inc/class.redux_cdn.php on line 21",
    "log": "/logs/plugins/b/btn-admin-login-customizer-pro/error.json"
  },
  {
    "message": "Required parameter $handle follows optional parameter $register in /wordpress/wp-content/plugins/btn-admin-login-customizer-pro/ReduxCore/inc/class.redux_cdn.php on line 45",
    "level": "DEPRECATED",
    "type": "PHP",
    "test": "asyncify-boot",
    "plugin": "btn-admin-login-customizer-pro",
    "details": "[10-May-2025 17:54:54 UTC] PHP Deprecated:  Required parameter $handle follows optional parameter $register in /wordpress/wp-content/plugins/btn-admin-login-customizer-pro/ReduxCore/inc/class.redux_cdn.php on line 45",
    "log": "/logs/plugins/b/btn-admin-login-customizer-pro/error.json"
  },
  {
    "message": "Required parameter $src_cdn follows optional parameter $register in /wordpress/wp-content/plugins/btn-admin-login-customizer-pro/ReduxCore/inc/class.redux_cdn.php on line 45",
    "level": "DEPRECATED",
    "type": "PHP",
    "test": "asyncify-boot",
    "plugin": "btn-admin-login-customizer-pro",
    "details": "[10-May-2025 17:54:54 UTC] PHP Deprecated:  Required parameter $src_cdn follows optional parameter $register in /wordpress/wp-content/plugins/btn-admin-login-customizer-pro/ReduxCore/inc/class.redux_cdn.php on line 45",
    "log": "/logs/plugins/b/btn-admin-login-customizer-pro/error.json"
  },
  {
    "message": "Required parameter $deps follows optional parameter $register in /wordpress/wp-content/plugins/btn-admin-login-customizer-pro/ReduxCore/inc/class.redux_cdn.php on line 45",
    "level": "DEPRECATED",
    "type": "PHP",
    "test": "asyncify-boot",
    "plugin": "btn-admin-login-customizer-pro",
    "details": "[10-May-2025 17:54:54 UTC] PHP Deprecated:  Required parameter $deps follows optional parameter $register in /wordpress/wp-content/plugins/btn-admin-login-customizer-pro/ReduxCore/inc/class.redux_cdn.php on line 45",
    "log": "/logs/plugins/b/btn-admin-login-customizer-pro/error.json"
  },
  {
    "message": "Required parameter $ver follows optional parameter $register in /wordpress/wp-content/plugins/btn-admin-login-customizer-pro/ReduxCore/inc/class.redux_cdn.php on line 45",
    "level": "DEPRECATED",
    "type": "PHP",
    "test": "asyncify-boot",
    "plugin": "btn-admin-login-customizer-pro",
    "details": "[10-May-2025 17:54:54 UTC] PHP Deprecated:  Required parameter $ver follows optional parameter $register in /wordpress/wp-content/plugins/btn-admin-login-customizer-pro/ReduxCore/inc/class.redux_cdn.php on line 45",
    "log": "/logs/plugins/b/btn-admin-login-customizer-pro/error.json"
  },
  {
    "message": "Required parameter $footer_or_media follows optional parameter $register in /wordpress/wp-content/plugins/btn-admin-login-customizer-pro/ReduxCore/inc/class.redux_cdn.php on line 45",
    "level": "DEPRECATED",
    "type": "PHP",
    "test": "asyncify-boot",
    "plugin": "btn-admin-login-customizer-pro",
    "details": "[10-May-2025 17:54:54 UTC] PHP Deprecated:  Required parameter $footer_or_media follows optional parameter $register in /wordpress/wp-content/plugins/btn-admin-login-customizer-pro/ReduxCore/inc/class.redux_cdn.php on line 45",
    "log": "/logs/plugins/b/btn-admin-login-customizer-pro/error.json"
  },
  {
    "message": "Required parameter $handle follows optional parameter $register in /wordpress/wp-content/plugins/btn-admin-login-customizer-pro/ReduxCore/inc/class.redux_cdn.php on line 100",
    "level": "DEPRECATED",
    "type": "PHP",
    "test": "asyncify-boot",
    "plugin": "btn-admin-login-customizer-pro",
    "details": "[10-May-2025 17:54:54 UTC] PHP Deprecated:  Required parameter $handle follows optional parameter $register in /wordpress/wp-content/plugins/btn-admin-login-customizer-pro/ReduxCore/inc/class.redux_cdn.php on line 100",
    "log": "/logs/plugins/b/btn-admin-login-customizer-pro/error.json"
  },
  {
    "message": "Required parameter $src_cdn follows optional parameter $register in /wordpress/wp-content/plugins/btn-admin-login-customizer-pro/ReduxCore/inc/class.redux_cdn.php on line 100",
    "level": "DEPRECATED",
    "type": "PHP",
    "test": "asyncify-boot",
    "plugin": "btn-admin-login-customizer-pro",
    "details": "[10-May-2025 17:54:54 UTC] PHP Deprecated:  Required parameter $src_cdn follows optional parameter $register in /wordpress/wp-content/plugins/btn-admin-login-customizer-pro/ReduxCore/inc/class.redux_cdn.php on line 100",
    "log": "/logs/plugins/b/btn-admin-login-customizer-pro/error.json"
  },
  {
    "message": "Required parameter $deps follows optional parameter $register in /wordpress/wp-content/plugins/btn-admin-login-customizer-pro/ReduxCore/inc/class.redux_cdn.php on line 100",
    "level": "DEPRECATED",
    "type": "PHP",
    "test": "asyncify-boot",
    "plugin": "btn-admin-login-customizer-pro",
    "details": "[10-May-2025 17:54:54 UTC] PHP Deprecated:  Required parameter $deps follows optional parameter $register in /wordpress/wp-content/plugins/btn-admin-login-customizer-pro/ReduxCore/inc/class.redux_cdn.php on line 100",
    "log": "/logs/plugins/b/btn-admin-login-customizer-pro/error.json"
  },
  {
    "message": "Required parameter $ver follows optional parameter $register in /wordpress/wp-content/plugins/btn-admin-login-customizer-pro/ReduxCore/inc/class.redux_cdn.php on line 100",
    "level": "DEPRECATED",
    "type": "PHP",
    "test": "asyncify-boot",
    "plugin": "btn-admin-login-customizer-pro",
    "details": "[10-May-2025 17:54:54 UTC] PHP Deprecated:  Required parameter $ver follows optional parameter $register in /wordpress/wp-content/plugins/btn-admin-login-customizer-pro/ReduxCore/inc/class.redux_cdn.php on line 100",
    "log": "/logs/plugins/b/btn-admin-login-customizer-pro/error.json"
  },
  {
    "message": "Required parameter $footer_or_media follows optional parameter $register in /wordpress/wp-content/plugins/btn-admin-login-customizer-pro/ReduxCore/inc/class.redux_cdn.php on line 100",
    "level": "DEPRECATED",
    "type": "PHP",
    "test": "asyncify-boot",
    "plugin": "btn-admin-login-customizer-pro",
    "details": "[10-May-2025 17:54:54 UTC] PHP Deprecated:  Required parameter $footer_or_media follows optional parameter $register in /wordpress/wp-content/plugins/btn-admin-login-customizer-pro/ReduxCore/inc/class.redux_cdn.php on line 100",
    "log": "/logs/plugins/b/btn-admin-login-customizer-pro/error.json"
  },
  {
    "message": "Required parameter $path follows optional parameter $expire in /wordpress/wp-content/plugins/btn-admin-login-customizer-pro/ReduxCore/inc/class.redux_functions.php on line 54",
    "level": "DEPRECATED",
    "type": "PHP",
    "test": "asyncify-boot",
    "plugin": "btn-admin-login-customizer-pro",
    "details": "[10-May-2025 17:54:54 UTC] PHP Deprecated:  Required parameter $path follows optional parameter $expire in /wordpress/wp-content/plugins/btn-admin-login-customizer-pro/ReduxCore/inc/class.redux_functions.php on line 54",
    "log": "/logs/plugins/b/btn-admin-login-customizer-pro/error.json"
  },
  {
    "message": "Uncaught Error: Attempt to modify property \"admin_notices\" on null in /wordpress/wp-content/plugins/btn-admin-login-customizer-pro/ReduxCore/inc/class.redux_filesystem.php:29",
    "level": "FATAL",
    "type": "PHP",
    "test": "asyncify-boot",
    "plugin": "btn-admin-login-customizer-pro",
    "details": "[10-May-2025 17:54:54 UTC] PHP Fatal error:  Uncaught Error: Attempt to modify property \"admin_notices\" on null in /wordpress/wp-content/plugins/btn-admin-login-customizer-pro/ReduxCore/inc/class.redux_filesystem.php:29\nStack trace:\n#0 /wordpress/wp-content/plugins/btn-admin-login-customizer-pro/ReduxCore/inc/class.redux_filesystem.php(47): Redux_Filesystem->__construct()\n#1 /wordpress/wp-content/plugins/btn-admin-login-customizer-pro/ReduxCore/inc/class.redux_filesystem.php(286): Redux_Filesystem::get_instance()\n#2 /wordpress/wp-content/plugins/btn-admin-login-customizer-pro/ReduxCore/framework.php(51): require_once('/wordpress/wp-c...')\n#3 /wordpress/wp-content/plugins/btn-admin-login-customizer-pro/index.php(38): require_once('/wordpress/wp-c...')\n#4 /wordpress/wp-admin/includes/plugin.php(2387): include_once('/wordpress/wp-c...')\n#5 /wordpress/wp-admin/includes/plugin.php(673): plugin_sandbox_scrape('btn-admin-login...')\n#6 /internal/eval.php(20): activate_plugin('btn-admin-login...')\n#7 {main}\n  thrown in /wordpress/wp-content/plugins/btn-admin-login-customizer-pro/ReduxCore/inc/class.redux_filesystem.php on line 29\n\n    at Object.onBind (file:///home/runner/work/playground-tester/playground-tester/node_modules/@wp-playground/cli/index.js:237:15)\n    at process.processTicksAndRejections (node:internal/process/task_queues:105:5)\n    at async V (file:///home/runner/work/playground-tester/playground-tester/node_modules/@wp-playground/cli/index.js:64:10)\n    at async ja (file:///home/runner/work/playground-tester/playground-tester/node_modules/@wp-playground/cli/cli.js:8161:12) {\n  [cause]: Error: Error when executing the blueprint step #1 ({\"step\":\"installPlugin\",\"pluginData\":{\"resource\":\"wordpress.org/plugins\",\"slug\":\"btn-admin-login-customizer-pro\"},\"options\":{\"activate\":true}}) : PHP.run() failed with exit code 255 and the following output: \n      at Object.run (file:///home/runner/work/playground-tester/playground-tester/node_modules/@wp-playground/blueprints/index.js:12449:19)\n      at process.processTicksAndRejections (node:internal/process/task_queues:105:5)\n      at async ms (file:///home/runner/work/playground-tester/playground-tester/node_modules/@wp-playground/blueprints/index.js:12552:3)\n      ... 2 lines matching cause stack trace ...\n      at async ja (file:///home/runner/work/playground-tester/playground-tester/node_modules/@wp-playground/cli/cli.js:8161:12) {\n    [cause]: PHPExecutionFailureError: PHP.run() failed with exit code 255 and the following output: \n        at PHP.run (file:///home/runner/work/playground-tester/playground-tester/node_modules/@php-wasm/universal/index.js:987:19)\n        at process.processTicksAndRejections (node:internal/process/task_queues:105:5)\n        at async wr (file:///home/runner/work/playground-tester/playground-tester/node_modules/@wp-playground/blueprints/index.js:33:39)\n        at async Object.gt [as installPlugin] (file:///home/runner/work/playground-tester/playground-tester/node_modules/@wp-playground/blueprints/index.js:974:42)\n        at async g (file:///home/runner/work/playground-tester/playground-tester/node_modules/@wp-playground/blueprints/index.js:12517:30)\n        at async Object.run (file:///home/runner/work/playground-tester/playground-tester/node_modules/@wp-playground/blueprints/index.js:12446:23)\n        at async ms (file:///home/runner/work/playground-tester/playground-tester/node_modules/@wp-playground/blueprints/index.js:12552:3)\n        at async Object.onBind (file:///home/runner/work/playground-tester/playground-tester/node_modules/@wp-playground/cli/index.js:227:48)\n        at async V (file:///home/runner/work/playground-tester/playground-tester/node_modules/@wp-playground/cli/index.js:64:10)\n        at async ja (file:///home/runner/work/playground-tester/playground-tester/node_modules/@wp-playground/cli/cli.js:8161:12) {\n      response: PHPResponse {\n        httpStatusCode: 500,\n        headers: {\n          'x-powered-by': [ 'PHP/8.0.30-dev' ],\n          'content-type': [ 'text/html; charset=UTF-8' ]\n        },\n        bytes: Uint8Array(0) [],\n        exitCode: 255,\n        errors: ''\n      },\n      source: 'request'\n    }\n  }\n}\n\n",
    "log": "/logs/plugins/b/btn-admin-login-customizer-pro/error.json"
  },
  {
    "message": "file:///home/runner/work/playground-tester/playground-tester/node_modules/@wp-playground/cli/index.js:237\n        throw new Error(y, { cause: u });\n              ^\n",
    "level": "FATAL",
    "type": "PLAYGROUND",
    "test": "jspi-boot",
    "plugin": "btn-admin-login-customizer-pro",
    "details": "file:///home/runner/work/playground-tester/playground-tester/node_modules/@wp-playground/cli/index.js:237\n        throw new Error(y, { cause: u });\n              ^\n",
    "log": "/tmp/tmp.lvHKaxgXoP"
  },
  {
    "message": "Function get_theme_data is <strong>deprecated</strong> since version 3.4.0! Use wp_get_theme() instead. in /wordpress/wp-includes/functions.php on line 6121",
    "level": "DEPRECATED",
    "type": "PHP",
    "test": "jspi-boot",
    "plugin": "btn-admin-login-customizer-pro",
    "details": "[10-May-2025 17:45:12 UTC] PHP Deprecated:  Function get_theme_data is <strong>deprecated</strong> since version 3.4.0! Use wp_get_theme() instead. in /wordpress/wp-includes/functions.php on line 6121",
    "log": "/logs/plugins/b/btn-admin-login-customizer-pro/error.json"
  },
  {
    "message": "Function get_theme_data is <strong>deprecated</strong> since version 3.4.0! Use wp_get_theme() instead. in /wordpress/wp-includes/functions.php on line 6121",
    "level": "DEPRECATED",
    "type": "PHP",
    "test": "jspi-boot",
    "plugin": "btn-admin-login-customizer-pro",
    "details": "[10-May-2025 17:45:13 UTC] PHP Deprecated:  Function get_theme_data is <strong>deprecated</strong> since version 3.4.0! Use wp_get_theme() instead. in /wordpress/wp-includes/functions.php on line 6121",
    "log": "/logs/plugins/b/btn-admin-login-customizer-pro/error.json"
  },
  {
    "message": "Function get_theme_data is <strong>deprecated</strong> since version 3.4.0! Use wp_get_theme() instead. in /wordpress/wp-includes/functions.php on line 6121",
    "level": "DEPRECATED",
    "type": "PHP",
    "test": "jspi-boot",
    "plugin": "btn-admin-login-customizer-pro",
    "details": "[10-May-2025 17:45:21 UTC] PHP Deprecated:  Function get_theme_data is <strong>deprecated</strong> since version 3.4.0! Use wp_get_theme() instead. in /wordpress/wp-includes/functions.php on line 6121",
    "log": "/logs/plugins/b/btn-admin-login-customizer-pro/error.json"
  },
  {
    "message": "Function get_theme_data is <strong>deprecated</strong> since version 3.4.0! Use wp_get_theme() instead. in /wordpress/wp-includes/functions.php on line 6121",
    "level": "DEPRECATED",
    "type": "PHP",
    "test": "jspi-boot",
    "plugin": "btn-admin-login-customizer-pro",
    "details": "[10-May-2025 17:45:21 UTC] PHP Deprecated:  Function get_theme_data is <strong>deprecated</strong> since version 3.4.0! Use wp_get_theme() instead. in /wordpress/wp-includes/functions.php on line 6121",
    "log": "/logs/plugins/b/btn-admin-login-customizer-pro/error.json"
  },
  {
    "message": "Function get_theme_data is <strong>deprecated</strong> since version 3.4.0! Use wp_get_theme() instead. in /wordpress/wp-includes/functions.php on line 6121",
    "level": "DEPRECATED",
    "type": "PHP",
    "test": "jspi-boot",
    "plugin": "btn-admin-login-customizer-pro",
    "details": "[10-May-2025 17:45:26 UTC] PHP Deprecated:  Function get_theme_data is <strong>deprecated</strong> since version 3.4.0! Use wp_get_theme() instead. in /wordpress/wp-includes/functions.php on line 6121",
    "log": "/logs/plugins/b/btn-admin-login-customizer-pro/error.json"
  },
  {
    "message": "Function get_theme_data is <strong>deprecated</strong> since version 3.4.0! Use wp_get_theme() instead. in /wordpress/wp-includes/functions.php on line 6121",
    "level": "DEPRECATED",
    "type": "PHP",
    "test": "jspi-boot",
    "plugin": "btn-admin-login-customizer-pro",
    "details": "[10-May-2025 17:45:28 UTC] PHP Deprecated:  Function get_theme_data is <strong>deprecated</strong> since version 3.4.0! Use wp_get_theme() instead. in /wordpress/wp-includes/functions.php on line 6121",
    "log": "/logs/plugins/b/btn-admin-login-customizer-pro/error.json"
  },
  {
    "message": "Uncaught ArgumentCountError: Too few arguments to function WP_Widget::__construct(), 0 passed in /wordpress/wp-includes/class-wp-widget-factory.php on line 62 and at least 2 expected in /wordpress/wp-includes/class-wp-widget.php:163",
    "level": "FATAL",
    "type": "PHP",
    "test": "jspi-boot",
    "plugin": "btn-admin-login-customizer-pro",
    "details": "[10-May-2025 17:48:36 UTC] PHP Fatal error:  Uncaught ArgumentCountError: Too few arguments to function WP_Widget::__construct(), 0 passed in /wordpress/wp-includes/class-wp-widget-factory.php on line 62 and at least 2 expected in /wordpress/wp-includes/class-wp-widget.php:163\nStack trace:\n#0 /wordpress/wp-includes/class-wp-widget-factory.php(62): WP_Widget->__construct()\n#1 /wordpress/wp-includes/widgets.php(123): WP_Widget_Factory->register('bbld_widget')\n#2 /wordpress/wp-content/plugins/bbpress-latest-discussion/BBpress.php(538): register_widget('bbld_widget')\n#3 /wordpress/wp-includes/class-wp-hook.php(324): bbld_add_widget('')\n#4 /wordpress/wp-includes/class-wp-hook.php(348): WP_Hook->apply_filters(NULL, Array)\n#5 /wordpress/wp-includes/plugin.php(517): WP_Hook->do_action(Array)\n#6 /wordpress/wp-includes/widgets.php(1870): do_action('widgets_init')\n#7 /wordpress/wp-includes/class-wp-hook.php(324): wp_widgets_init('')\n#8 /wordpress/wp-includes/class-wp-hook.php(348): WP_Hook->apply_filters(NULL, Array)\n#9 /wordpress/wp-includes/plugin.php(517): WP_Hook->do_action(Array)\n#10 /wordpress/wp-settings.php(727): do_action('init')\n#11 /wordpress/wp-config.php(102): require_once('/wordpress/wp-s...')\n#12 /wordpress/wp-load.php(50): require_once('/wordpress/wp-c...')\n#13 /internal/eval.php(3): require_once('/wordpress/wp-l...')\n#14 {main}\n  thrown in /wordpress/wp-includes/class-wp-widget.php on line 163",
    "log": "/logs/plugins/b/btn-admin-login-customizer-pro/error.json"
  },
  {
    "message": "Uncaught ArgumentCountError: Too few arguments to function WP_Widget::__construct(), 0 passed in /wordpress/wp-includes/class-wp-widget-factory.php on line 62 and at least 2 expected in /wordpress/wp-includes/class-wp-widget.php:163",
    "level": "FATAL",
    "type": "PHP",
    "test": "jspi-boot",
    "plugin": "btn-admin-login-customizer-pro",
    "details": "[10-May-2025 17:48:44 UTC] PHP Fatal error:  Uncaught ArgumentCountError: Too few arguments to function WP_Widget::__construct(), 0 passed in /wordpress/wp-includes/class-wp-widget-factory.php on line 62 and at least 2 expected in /wordpress/wp-includes/class-wp-widget.php:163\nStack trace:\n#0 /wordpress/wp-includes/class-wp-widget-factory.php(62): WP_Widget->__construct()\n#1 /wordpress/wp-includes/widgets.php(123): WP_Widget_Factory->register('bbld_widget')\n#2 /wordpress/wp-content/plugins/bbpress-latest-discussion/BBpress.php(538): register_widget('bbld_widget')\n#3 /wordpress/wp-includes/class-wp-hook.php(324): bbld_add_widget('')\n#4 /wordpress/wp-includes/class-wp-hook.php(348): WP_Hook->apply_filters(NULL, Array)\n#5 /wordpress/wp-includes/plugin.php(517): WP_Hook->do_action(Array)\n#6 /wordpress/wp-includes/widgets.php(1870): do_action('widgets_init')\n#7 /wordpress/wp-includes/class-wp-hook.php(324): wp_widgets_init('')\n#8 /wordpress/wp-includes/class-wp-hook.php(348): WP_Hook->apply_filters(NULL, Array)\n#9 /wordpress/wp-includes/plugin.php(517): WP_Hook->do_action(Array)\n#10 /wordpress/wp-settings.php(727): do_action('init')\n#11 /wordpress/wp-config.php(102): require_once('/wordpress/wp-s...')\n#12 /wordpress/wp-load.php(50): require_once('/wordpress/wp-c...')\n#13 /internal/eval.php(3): require_once('/wordpress/wp-l...')\n#14 {main}\n  thrown in /wordpress/wp-includes/class-wp-widget.php on line 163",
    "log": "/logs/plugins/b/btn-admin-login-customizer-pro/error.json"
  },
  {
    "message": "Uncaught ArgumentCountError: Too few arguments to function WP_Widget::__construct(), 0 passed in /wordpress/wp-includes/class-wp-widget-factory.php on line 62 and at least 2 expected in /wordpress/wp-includes/class-wp-widget.php:163",
    "level": "FATAL",
    "type": "PHP",
    "test": "jspi-boot",
    "plugin": "btn-admin-login-customizer-pro",
    "details": "[10-May-2025 17:48:53 UTC] PHP Fatal error:  Uncaught ArgumentCountError: Too few arguments to function WP_Widget::__construct(), 0 passed in /wordpress/wp-includes/class-wp-widget-factory.php on line 62 and at least 2 expected in /wordpress/wp-includes/class-wp-widget.php:163\nStack trace:\n#0 /wordpress/wp-includes/class-wp-widget-factory.php(62): WP_Widget->__construct()\n#1 /wordpress/wp-includes/widgets.php(123): WP_Widget_Factory->register('bbld_widget')\n#2 /wordpress/wp-content/plugins/bbpress-latest-discussion/BBpress.php(538): register_widget('bbld_widget')\n#3 /wordpress/wp-includes/class-wp-hook.php(324): bbld_add_widget('')\n#4 /wordpress/wp-includes/class-wp-hook.php(348): WP_Hook->apply_filters(NULL, Array)\n#5 /wordpress/wp-includes/plugin.php(517): WP_Hook->do_action(Array)\n#6 /wordpress/wp-includes/widgets.php(1870): do_action('widgets_init')\n#7 /wordpress/wp-includes/class-wp-hook.php(324): wp_widgets_init('')\n#8 /wordpress/wp-includes/class-wp-hook.php(348): WP_Hook->apply_filters(NULL, Array)\n#9 /wordpress/wp-includes/plugin.php(517): WP_Hook->do_action(Array)\n#10 /wordpress/wp-settings.php(727): do_action('init')\n#11 /wordpress/wp-config.php(102): require_once('/wordpress/wp-s...')\n#12 /wordpress/wp-load.php(50): require_once('/wordpress/wp-c...')\n#13 /internal/eval.php(3): require_once('/wordpress/wp-l...')\n#14 {main}\n  thrown in /wordpress/wp-includes/class-wp-widget.php on line 163",
    "log": "/logs/plugins/b/btn-admin-login-customizer-pro/error.json"
  },
  {
    "message": "Uncaught Error: Call to undefined function mysql_get_server_info() in /wordpress/wp-content/plugins/benday-reviews-system/br-system.php:22",
    "level": "FATAL",
    "type": "PHP",
    "test": "jspi-boot",
    "plugin": "btn-admin-login-customizer-pro",
    "details": "[10-May-2025 17:49:27 UTC] PHP Fatal error:  Uncaught Error: Call to undefined function mysql_get_server_info() in /wordpress/wp-content/plugins/benday-reviews-system/br-system.php:22\nStack trace:\n#0 /wordpress/wp-includes/class-wp-hook.php(324): br_install(false)\n#1 /wordpress/wp-includes/class-wp-hook.php(348): WP_Hook->apply_filters('', Array)\n#2 /wordpress/wp-includes/plugin.php(517): WP_Hook->do_action(Array)\n#3 /wordpress/wp-admin/includes/plugin.php(703): do_action('activate_benday...', false)\n#4 /internal/eval.php(20): activate_plugin('benday-reviews-...')\n#5 {main}\n  thrown in /wordpress/wp-content/plugins/benday-reviews-system/br-system.php on line 22",
    "log": "/logs/plugins/b/btn-admin-login-customizer-pro/error.json"
  },
  {
    "message": "Uncaught Error: Call to undefined function mysql_get_server_info() in /wordpress/wp-content/plugins/benday-reviews-system/br-system.php:22",
    "level": "FATAL",
    "type": "PHP",
    "test": "jspi-boot",
    "plugin": "btn-admin-login-customizer-pro",
    "details": "[10-May-2025 17:49:34 UTC] PHP Fatal error:  Uncaught Error: Call to undefined function mysql_get_server_info() in /wordpress/wp-content/plugins/benday-reviews-system/br-system.php:22\nStack trace:\n#0 /wordpress/wp-includes/class-wp-hook.php(324): br_install(false)\n#1 /wordpress/wp-includes/class-wp-hook.php(348): WP_Hook->apply_filters('', Array)\n#2 /wordpress/wp-includes/plugin.php(517): WP_Hook->do_action(Array)\n#3 /wordpress/wp-admin/includes/plugin.php(703): do_action('activate_benday...', false)\n#4 /internal/eval.php(20): activate_plugin('benday-reviews-...')\n#5 {main}\n  thrown in /wordpress/wp-content/plugins/benday-reviews-system/br-system.php on line 22",
    "log": "/logs/plugins/b/btn-admin-login-customizer-pro/error.json"
  },
  {
    "message": "Uncaught Error: Call to undefined function mysql_get_server_info() in /wordpress/wp-content/plugins/benday-reviews-system/br-system.php:22",
    "level": "FATAL",
    "type": "PHP",
    "test": "jspi-boot",
    "plugin": "btn-admin-login-customizer-pro",
    "details": "[10-May-2025 17:49:41 UTC] PHP Fatal error:  Uncaught Error: Call to undefined function mysql_get_server_info() in /wordpress/wp-content/plugins/benday-reviews-system/br-system.php:22\nStack trace:\n#0 /wordpress/wp-includes/class-wp-hook.php(324): br_install(false)\n#1 /wordpress/wp-includes/class-wp-hook.php(348): WP_Hook->apply_filters('', Array)\n#2 /wordpress/wp-includes/plugin.php(517): WP_Hook->do_action(Array)\n#3 /wordpress/wp-admin/includes/plugin.php(703): do_action('activate_benday...', false)\n#4 /internal/eval.php(20): activate_plugin('benday-reviews-...')\n#5 {main}\n  thrown in /wordpress/wp-content/plugins/benday-reviews-system/br-system.php on line 22",
    "log": "/logs/plugins/b/btn-admin-login-customizer-pro/error.json"
  },
  {
    "message": "Uncaught RuntimeException: <div style=\"clear:both\">&nbsp;</div>",
    "level": "FATAL",
    "type": "PHP",
    "test": "jspi-boot",
    "plugin": "btn-admin-login-customizer-pro",
    "details": "[10-May-2025 17:50:45 UTC] PHP Fatal error:  Uncaught RuntimeException: <div style=\"clear:both\">&nbsp;</div>\n<div class=\"queries\" style=\"clear:both;margin-bottom:2px;border:red dotted thin;\">\n<p>MySQL query:</p>\n<p>CREATE TABLE IF NOT EXISTS wp_bit_assist_widget_channels (\n             id BIGINT  UNSIGNED NOT NULL AUTO_INCREMENT\n, widget_id BIGINT(20) UNSIGNED NOT NULL\n, channel_name VARCHAR(255) NOT NULL\n, config LONGTEXT  NULL\n, sequence INTEGER  NULL\n, status BOOLEAN  NOT NULL DEFAULT 1\n, created_at timestamp  NULL DEFAULT NULL\n, updated_at timestamp  NULL DEFAULT NULL,\nPRIMARY KEY (\nid\n), FOREIGN KEY (widget_id) REFERENCES wp_bit_assist_widgets (id) ON DELETE CASCADE\n             ) </p>\n<p>Queries made or created this session were:</p>\n<ol>\n<li>Executing: BEGIN | (no parameters)</li>\n<li>Executing: SELECT 1 FROM `_wp_sqlite_mysql_information_schema_tables` WHERE table_schema = ? AND table_name = ? | parameters: database_name_here, wp_bit_assist_widget_channels</li>\n<li>Executing: INSERT INTO `_wp_sqlite_mysql_information_schema_tables` (`table_schem in /wordpress/wp-content/plugins/bit-assist/vendor/bitapps/wp-database/src/Blueprint.php on line 176",
    "log": "/logs/plugins/b/btn-admin-login-customizer-pro/error.json"
  },
  {
    "message": "Uncaught RuntimeException: <div style=\"clear:both\">&nbsp;</div>",
    "level": "FATAL",
    "type": "PHP",
    "test": "jspi-boot",
    "plugin": "btn-admin-login-customizer-pro",
    "details": "[10-May-2025 17:50:55 UTC] PHP Fatal error:  Uncaught RuntimeException: <div style=\"clear:both\">&nbsp;</div>\n<div class=\"queries\" style=\"clear:both;margin-bottom:2px;border:red dotted thin;\">\n<p>MySQL query:</p>\n<p>CREATE TABLE IF NOT EXISTS wp_bit_assist_widget_channels (\n             id BIGINT  UNSIGNED NOT NULL AUTO_INCREMENT\n, widget_id BIGINT(20) UNSIGNED NOT NULL\n, channel_name VARCHAR(255) NOT NULL\n, config LONGTEXT  NULL\n, sequence INTEGER  NULL\n, status BOOLEAN  NOT NULL DEFAULT 1\n, created_at timestamp  NULL DEFAULT NULL\n, updated_at timestamp  NULL DEFAULT NULL,\nPRIMARY KEY (\nid\n), FOREIGN KEY (widget_id) REFERENCES wp_bit_assist_widgets (id) ON DELETE CASCADE\n             ) </p>\n<p>Queries made or created this session were:</p>\n<ol>\n<li>Executing: BEGIN | (no parameters)</li>\n<li>Executing: INSERT INTO _mysql_data_types_cache (`table`, `column_or_index`, `mysql_type`)\n\t\t\t\tVALUES (:table, :column, :datatype)\n\t\t\t\tON CONFLICT(`table`, `column_or_index`) DO UPDATE SET `mysql_type` = :datatype\n\t\t\t | parameters: wp_bit_assist_widget_channels, id,  in /wordpress/wp-content/plugins/bit-assist/vendor/bitapps/wp-database/src/Blueprint.php on line 176",
    "log": "/logs/plugins/b/btn-admin-login-customizer-pro/error.json"
  },
  {
    "message": "Uncaught RuntimeException: <div style=\"clear:both\">&nbsp;</div>",
    "level": "FATAL",
    "type": "PHP",
    "test": "jspi-boot",
    "plugin": "btn-admin-login-customizer-pro",
    "details": "[10-May-2025 17:51:04 UTC] PHP Fatal error:  Uncaught RuntimeException: <div style=\"clear:both\">&nbsp;</div>\n<div class=\"queries\" style=\"clear:both;margin-bottom:2px;border:red dotted thin;\">\n<p>MySQL query:</p>\n<p>CREATE TABLE IF NOT EXISTS wp_bit_assist_widget_channels (\n             id BIGINT  UNSIGNED NOT NULL AUTO_INCREMENT\n, widget_id BIGINT(20) UNSIGNED NOT NULL\n, channel_name VARCHAR(255) NOT NULL\n, config LONGTEXT  NULL\n, sequence INTEGER  NULL\n, status BOOLEAN  NOT NULL DEFAULT 1\n, created_at timestamp  NULL DEFAULT NULL\n, updated_at timestamp  NULL DEFAULT NULL,\nPRIMARY KEY (\nid\n), FOREIGN KEY (widget_id) REFERENCES wp_bit_assist_widgets (id) ON DELETE CASCADE\n             ) </p>\n<p>Queries made or created this session were:</p>\n<ol>\n<li>Executing: BEGIN | (no parameters)</li>\n<li>Executing: INSERT INTO _mysql_data_types_cache (`table`, `column_or_index`, `mysql_type`)\n\t\t\t\tVALUES (:table, :column, :datatype)\n\t\t\t\tON CONFLICT(`table`, `column_or_index`) DO UPDATE SET `mysql_type` = :datatype\n\t\t\t | parameters: wp_bit_assist_widget_channels, id,  in /wordpress/wp-content/plugins/bit-assist/vendor/bitapps/wp-database/src/Blueprint.php on line 176",
    "log": "/logs/plugins/b/btn-admin-login-customizer-pro/error.json"
  },
  {
    "message": "Required parameter $is_script follows optional parameter $list in /wordpress/wp-content/plugins/btn-admin-login-customizer-pro/ReduxCore/inc/class.redux_cdn.php on line 21",
    "level": "DEPRECATED",
    "type": "PHP",
    "test": "jspi-boot",
    "plugin": "btn-admin-login-customizer-pro",
    "details": "[10-May-2025 17:54:44 UTC] PHP Deprecated:  Required parameter $is_script follows optional parameter $list in /wordpress/wp-content/plugins/btn-admin-login-customizer-pro/ReduxCore/inc/class.redux_cdn.php on line 21",
    "log": "/logs/plugins/b/btn-admin-login-customizer-pro/error.json"
  },
  {
    "message": "Required parameter $handle follows optional parameter $register in /wordpress/wp-content/plugins/btn-admin-login-customizer-pro/ReduxCore/inc/class.redux_cdn.php on line 45",
    "level": "DEPRECATED",
    "type": "PHP",
    "test": "jspi-boot",
    "plugin": "btn-admin-login-customizer-pro",
    "details": "[10-May-2025 17:54:44 UTC] PHP Deprecated:  Required parameter $handle follows optional parameter $register in /wordpress/wp-content/plugins/btn-admin-login-customizer-pro/ReduxCore/inc/class.redux_cdn.php on line 45",
    "log": "/logs/plugins/b/btn-admin-login-customizer-pro/error.json"
  },
  {
    "message": "Required parameter $src_cdn follows optional parameter $register in /wordpress/wp-content/plugins/btn-admin-login-customizer-pro/ReduxCore/inc/class.redux_cdn.php on line 45",
    "level": "DEPRECATED",
    "type": "PHP",
    "test": "jspi-boot",
    "plugin": "btn-admin-login-customizer-pro",
    "details": "[10-May-2025 17:54:44 UTC] PHP Deprecated:  Required parameter $src_cdn follows optional parameter $register in /wordpress/wp-content/plugins/btn-admin-login-customizer-pro/ReduxCore/inc/class.redux_cdn.php on line 45",
    "log": "/logs/plugins/b/btn-admin-login-customizer-pro/error.json"
  },
  {
    "message": "Required parameter $deps follows optional parameter $register in /wordpress/wp-content/plugins/btn-admin-login-customizer-pro/ReduxCore/inc/class.redux_cdn.php on line 45",
    "level": "DEPRECATED",
    "type": "PHP",
    "test": "jspi-boot",
    "plugin": "btn-admin-login-customizer-pro",
    "details": "[10-May-2025 17:54:44 UTC] PHP Deprecated:  Required parameter $deps follows optional parameter $register in /wordpress/wp-content/plugins/btn-admin-login-customizer-pro/ReduxCore/inc/class.redux_cdn.php on line 45",
    "log": "/logs/plugins/b/btn-admin-login-customizer-pro/error.json"
  },
  {
    "message": "Required parameter $ver follows optional parameter $register in /wordpress/wp-content/plugins/btn-admin-login-customizer-pro/ReduxCore/inc/class.redux_cdn.php on line 45",
    "level": "DEPRECATED",
    "type": "PHP",
    "test": "jspi-boot",
    "plugin": "btn-admin-login-customizer-pro",
    "details": "[10-May-2025 17:54:44 UTC] PHP Deprecated:  Required parameter $ver follows optional parameter $register in /wordpress/wp-content/plugins/btn-admin-login-customizer-pro/ReduxCore/inc/class.redux_cdn.php on line 45",
    "log": "/logs/plugins/b/btn-admin-login-customizer-pro/error.json"
  },
  {
    "message": "Required parameter $footer_or_media follows optional parameter $register in /wordpress/wp-content/plugins/btn-admin-login-customizer-pro/ReduxCore/inc/class.redux_cdn.php on line 45",
    "level": "DEPRECATED",
    "type": "PHP",
    "test": "jspi-boot",
    "plugin": "btn-admin-login-customizer-pro",
    "details": "[10-May-2025 17:54:44 UTC] PHP Deprecated:  Required parameter $footer_or_media follows optional parameter $register in /wordpress/wp-content/plugins/btn-admin-login-customizer-pro/ReduxCore/inc/class.redux_cdn.php on line 45",
    "log": "/logs/plugins/b/btn-admin-login-customizer-pro/error.json"
  },
  {
    "message": "Required parameter $handle follows optional parameter $register in /wordpress/wp-content/plugins/btn-admin-login-customizer-pro/ReduxCore/inc/class.redux_cdn.php on line 100",
    "level": "DEPRECATED",
    "type": "PHP",
    "test": "jspi-boot",
    "plugin": "btn-admin-login-customizer-pro",
    "details": "[10-May-2025 17:54:44 UTC] PHP Deprecated:  Required parameter $handle follows optional parameter $register in /wordpress/wp-content/plugins/btn-admin-login-customizer-pro/ReduxCore/inc/class.redux_cdn.php on line 100",
    "log": "/logs/plugins/b/btn-admin-login-customizer-pro/error.json"
  },
  {
    "message": "Required parameter $src_cdn follows optional parameter $register in /wordpress/wp-content/plugins/btn-admin-login-customizer-pro/ReduxCore/inc/class.redux_cdn.php on line 100",
    "level": "DEPRECATED",
    "type": "PHP",
    "test": "jspi-boot",
    "plugin": "btn-admin-login-customizer-pro",
    "details": "[10-May-2025 17:54:44 UTC] PHP Deprecated:  Required parameter $src_cdn follows optional parameter $register in /wordpress/wp-content/plugins/btn-admin-login-customizer-pro/ReduxCore/inc/class.redux_cdn.php on line 100",
    "log": "/logs/plugins/b/btn-admin-login-customizer-pro/error.json"
  },
  {
    "message": "Required parameter $deps follows optional parameter $register in /wordpress/wp-content/plugins/btn-admin-login-customizer-pro/ReduxCore/inc/class.redux_cdn.php on line 100",
    "level": "DEPRECATED",
    "type": "PHP",
    "test": "jspi-boot",
    "plugin": "btn-admin-login-customizer-pro",
    "details": "[10-May-2025 17:54:44 UTC] PHP Deprecated:  Required parameter $deps follows optional parameter $register in /wordpress/wp-content/plugins/btn-admin-login-customizer-pro/ReduxCore/inc/class.redux_cdn.php on line 100",
    "log": "/logs/plugins/b/btn-admin-login-customizer-pro/error.json"
  },
  {
    "message": "Required parameter $ver follows optional parameter $register in /wordpress/wp-content/plugins/btn-admin-login-customizer-pro/ReduxCore/inc/class.redux_cdn.php on line 100",
    "level": "DEPRECATED",
    "type": "PHP",
    "test": "jspi-boot",
    "plugin": "btn-admin-login-customizer-pro",
    "details": "[10-May-2025 17:54:44 UTC] PHP Deprecated:  Required parameter $ver follows optional parameter $register in /wordpress/wp-content/plugins/btn-admin-login-customizer-pro/ReduxCore/inc/class.redux_cdn.php on line 100",
    "log": "/logs/plugins/b/btn-admin-login-customizer-pro/error.json"
  },
  {
    "message": "Required parameter $footer_or_media follows optional parameter $register in /wordpress/wp-content/plugins/btn-admin-login-customizer-pro/ReduxCore/inc/class.redux_cdn.php on line 100",
    "level": "DEPRECATED",
    "type": "PHP",
    "test": "jspi-boot",
    "plugin": "btn-admin-login-customizer-pro",
    "details": "[10-May-2025 17:54:44 UTC] PHP Deprecated:  Required parameter $footer_or_media follows optional parameter $register in /wordpress/wp-content/plugins/btn-admin-login-customizer-pro/ReduxCore/inc/class.redux_cdn.php on line 100",
    "log": "/logs/plugins/b/btn-admin-login-customizer-pro/error.json"
  },
  {
    "message": "Required parameter $path follows optional parameter $expire in /wordpress/wp-content/plugins/btn-admin-login-customizer-pro/ReduxCore/inc/class.redux_functions.php on line 54",
    "level": "DEPRECATED",
    "type": "PHP",
    "test": "jspi-boot",
    "plugin": "btn-admin-login-customizer-pro",
    "details": "[10-May-2025 17:54:44 UTC] PHP Deprecated:  Required parameter $path follows optional parameter $expire in /wordpress/wp-content/plugins/btn-admin-login-customizer-pro/ReduxCore/inc/class.redux_functions.php on line 54",
    "log": "/logs/plugins/b/btn-admin-login-customizer-pro/error.json"
  },
  {
    "message": "Uncaught Error: Attempt to modify property \"admin_notices\" on null in /wordpress/wp-content/plugins/btn-admin-login-customizer-pro/ReduxCore/inc/class.redux_filesystem.php:29",
    "level": "FATAL",
    "type": "PHP",
    "test": "jspi-boot",
    "plugin": "btn-admin-login-customizer-pro",
    "details": "[10-May-2025 17:54:44 UTC] PHP Fatal error:  Uncaught Error: Attempt to modify property \"admin_notices\" on null in /wordpress/wp-content/plugins/btn-admin-login-customizer-pro/ReduxCore/inc/class.redux_filesystem.php:29\nStack trace:\n#0 /wordpress/wp-content/plugins/btn-admin-login-customizer-pro/ReduxCore/inc/class.redux_filesystem.php(47): Redux_Filesystem->__construct()\n#1 /wordpress/wp-content/plugins/btn-admin-login-customizer-pro/ReduxCore/inc/class.redux_filesystem.php(286): Redux_Filesystem::get_instance()\n#2 /wordpress/wp-content/plugins/btn-admin-login-customizer-pro/ReduxCore/framework.php(51): require_once('/wordpress/wp-c...')\n#3 /wordpress/wp-content/plugins/btn-admin-login-customizer-pro/index.php(38): require_once('/wordpress/wp-c...')\n#4 /wordpress/wp-admin/includes/plugin.php(2387): include_once('/wordpress/wp-c...')\n#5 /wordpress/wp-admin/includes/plugin.php(673): plugin_sandbox_scrape('btn-admin-login...')\n#6 /internal/eval.php(20): activate_plugin('btn-admin-login...')\n#7 {main}\n  thrown in /wordpress/wp-content/plugins/btn-admin-login-customizer-pro/ReduxCore/inc/class.redux_filesystem.php on line 29",
    "log": "/logs/plugins/b/btn-admin-login-customizer-pro/error.json"
  },
  {
    "message": "Required parameter $is_script follows optional parameter $list in /wordpress/wp-content/plugins/btn-admin-login-customizer-pro/ReduxCore/inc/class.redux_cdn.php on line 21",
    "level": "DEPRECATED",
    "type": "PHP",
    "test": "jspi-boot",
    "plugin": "btn-admin-login-customizer-pro",
    "details": "[10-May-2025 17:54:54 UTC] PHP Deprecated:  Required parameter $is_script follows optional parameter $list in /wordpress/wp-content/plugins/btn-admin-login-customizer-pro/ReduxCore/inc/class.redux_cdn.php on line 21",
    "log": "/logs/plugins/b/btn-admin-login-customizer-pro/error.json"
  },
  {
    "message": "Required parameter $handle follows optional parameter $register in /wordpress/wp-content/plugins/btn-admin-login-customizer-pro/ReduxCore/inc/class.redux_cdn.php on line 45",
    "level": "DEPRECATED",
    "type": "PHP",
    "test": "jspi-boot",
    "plugin": "btn-admin-login-customizer-pro",
    "details": "[10-May-2025 17:54:54 UTC] PHP Deprecated:  Required parameter $handle follows optional parameter $register in /wordpress/wp-content/plugins/btn-admin-login-customizer-pro/ReduxCore/inc/class.redux_cdn.php on line 45",
    "log": "/logs/plugins/b/btn-admin-login-customizer-pro/error.json"
  },
  {
    "message": "Required parameter $src_cdn follows optional parameter $register in /wordpress/wp-content/plugins/btn-admin-login-customizer-pro/ReduxCore/inc/class.redux_cdn.php on line 45",
    "level": "DEPRECATED",
    "type": "PHP",
    "test": "jspi-boot",
    "plugin": "btn-admin-login-customizer-pro",
    "details": "[10-May-2025 17:54:54 UTC] PHP Deprecated:  Required parameter $src_cdn follows optional parameter $register in /wordpress/wp-content/plugins/btn-admin-login-customizer-pro/ReduxCore/inc/class.redux_cdn.php on line 45",
    "log": "/logs/plugins/b/btn-admin-login-customizer-pro/error.json"
  },
  {
    "message": "Required parameter $deps follows optional parameter $register in /wordpress/wp-content/plugins/btn-admin-login-customizer-pro/ReduxCore/inc/class.redux_cdn.php on line 45",
    "level": "DEPRECATED",
    "type": "PHP",
    "test": "jspi-boot",
    "plugin": "btn-admin-login-customizer-pro",
    "details": "[10-May-2025 17:54:54 UTC] PHP Deprecated:  Required parameter $deps follows optional parameter $register in /wordpress/wp-content/plugins/btn-admin-login-customizer-pro/ReduxCore/inc/class.redux_cdn.php on line 45",
    "log": "/logs/plugins/b/btn-admin-login-customizer-pro/error.json"
  },
  {
    "message": "Required parameter $ver follows optional parameter $register in /wordpress/wp-content/plugins/btn-admin-login-customizer-pro/ReduxCore/inc/class.redux_cdn.php on line 45",
    "level": "DEPRECATED",
    "type": "PHP",
    "test": "jspi-boot",
    "plugin": "btn-admin-login-customizer-pro",
    "details": "[10-May-2025 17:54:54 UTC] PHP Deprecated:  Required parameter $ver follows optional parameter $register in /wordpress/wp-content/plugins/btn-admin-login-customizer-pro/ReduxCore/inc/class.redux_cdn.php on line 45",
    "log": "/logs/plugins/b/btn-admin-login-customizer-pro/error.json"
  },
  {
    "message": "Required parameter $footer_or_media follows optional parameter $register in /wordpress/wp-content/plugins/btn-admin-login-customizer-pro/ReduxCore/inc/class.redux_cdn.php on line 45",
    "level": "DEPRECATED",
    "type": "PHP",
    "test": "jspi-boot",
    "plugin": "btn-admin-login-customizer-pro",
    "details": "[10-May-2025 17:54:54 UTC] PHP Deprecated:  Required parameter $footer_or_media follows optional parameter $register in /wordpress/wp-content/plugins/btn-admin-login-customizer-pro/ReduxCore/inc/class.redux_cdn.php on line 45",
    "log": "/logs/plugins/b/btn-admin-login-customizer-pro/error.json"
  },
  {
    "message": "Required parameter $handle follows optional parameter $register in /wordpress/wp-content/plugins/btn-admin-login-customizer-pro/ReduxCore/inc/class.redux_cdn.php on line 100",
    "level": "DEPRECATED",
    "type": "PHP",
    "test": "jspi-boot",
    "plugin": "btn-admin-login-customizer-pro",
    "details": "[10-May-2025 17:54:54 UTC] PHP Deprecated:  Required parameter $handle follows optional parameter $register in /wordpress/wp-content/plugins/btn-admin-login-customizer-pro/ReduxCore/inc/class.redux_cdn.php on line 100",
    "log": "/logs/plugins/b/btn-admin-login-customizer-pro/error.json"
  },
  {
    "message": "Required parameter $src_cdn follows optional parameter $register in /wordpress/wp-content/plugins/btn-admin-login-customizer-pro/ReduxCore/inc/class.redux_cdn.php on line 100",
    "level": "DEPRECATED",
    "type": "PHP",
    "test": "jspi-boot",
    "plugin": "btn-admin-login-customizer-pro",
    "details": "[10-May-2025 17:54:54 UTC] PHP Deprecated:  Required parameter $src_cdn follows optional parameter $register in /wordpress/wp-content/plugins/btn-admin-login-customizer-pro/ReduxCore/inc/class.redux_cdn.php on line 100",
    "log": "/logs/plugins/b/btn-admin-login-customizer-pro/error.json"
  },
  {
    "message": "Required parameter $deps follows optional parameter $register in /wordpress/wp-content/plugins/btn-admin-login-customizer-pro/ReduxCore/inc/class.redux_cdn.php on line 100",
    "level": "DEPRECATED",
    "type": "PHP",
    "test": "jspi-boot",
    "plugin": "btn-admin-login-customizer-pro",
    "details": "[10-May-2025 17:54:54 UTC] PHP Deprecated:  Required parameter $deps follows optional parameter $register in /wordpress/wp-content/plugins/btn-admin-login-customizer-pro/ReduxCore/inc/class.redux_cdn.php on line 100",
    "log": "/logs/plugins/b/btn-admin-login-customizer-pro/error.json"
  },
  {
    "message": "Required parameter $ver follows optional parameter $register in /wordpress/wp-content/plugins/btn-admin-login-customizer-pro/ReduxCore/inc/class.redux_cdn.php on line 100",
    "level": "DEPRECATED",
    "type": "PHP",
    "test": "jspi-boot",
    "plugin": "btn-admin-login-customizer-pro",
    "details": "[10-May-2025 17:54:54 UTC] PHP Deprecated:  Required parameter $ver follows optional parameter $register in /wordpress/wp-content/plugins/btn-admin-login-customizer-pro/ReduxCore/inc/class.redux_cdn.php on line 100",
    "log": "/logs/plugins/b/btn-admin-login-customizer-pro/error.json"
  },
  {
    "message": "Required parameter $footer_or_media follows optional parameter $register in /wordpress/wp-content/plugins/btn-admin-login-customizer-pro/ReduxCore/inc/class.redux_cdn.php on line 100",
    "level": "DEPRECATED",
    "type": "PHP",
    "test": "jspi-boot",
    "plugin": "btn-admin-login-customizer-pro",
    "details": "[10-May-2025 17:54:54 UTC] PHP Deprecated:  Required parameter $footer_or_media follows optional parameter $register in /wordpress/wp-content/plugins/btn-admin-login-customizer-pro/ReduxCore/inc/class.redux_cdn.php on line 100",
    "log": "/logs/plugins/b/btn-admin-login-customizer-pro/error.json"
  },
  {
    "message": "Required parameter $path follows optional parameter $expire in /wordpress/wp-content/plugins/btn-admin-login-customizer-pro/ReduxCore/inc/class.redux_functions.php on line 54",
    "level": "DEPRECATED",
    "type": "PHP",
    "test": "jspi-boot",
    "plugin": "btn-admin-login-customizer-pro",
    "details": "[10-May-2025 17:54:54 UTC] PHP Deprecated:  Required parameter $path follows optional parameter $expire in /wordpress/wp-content/plugins/btn-admin-login-customizer-pro/ReduxCore/inc/class.redux_functions.php on line 54",
    "log": "/logs/plugins/b/btn-admin-login-customizer-pro/error.json"
  },
  {
    "message": "Uncaught Error: Attempt to modify property \"admin_notices\" on null in /wordpress/wp-content/plugins/btn-admin-login-customizer-pro/ReduxCore/inc/class.redux_filesystem.php:29",
    "level": "FATAL",
    "type": "PHP",
    "test": "jspi-boot",
    "plugin": "btn-admin-login-customizer-pro",
    "details": "[10-May-2025 17:54:54 UTC] PHP Fatal error:  Uncaught Error: Attempt to modify property \"admin_notices\" on null in /wordpress/wp-content/plugins/btn-admin-login-customizer-pro/ReduxCore/inc/class.redux_filesystem.php:29\nStack trace:\n#0 /wordpress/wp-content/plugins/btn-admin-login-customizer-pro/ReduxCore/inc/class.redux_filesystem.php(47): Redux_Filesystem->__construct()\n#1 /wordpress/wp-content/plugins/btn-admin-login-customizer-pro/ReduxCore/inc/class.redux_filesystem.php(286): Redux_Filesystem::get_instance()\n#2 /wordpress/wp-content/plugins/btn-admin-login-customizer-pro/ReduxCore/framework.php(51): require_once('/wordpress/wp-c...')\n#3 /wordpress/wp-content/plugins/btn-admin-login-customizer-pro/index.php(38): require_once('/wordpress/wp-c...')\n#4 /wordpress/wp-admin/includes/plugin.php(2387): include_once('/wordpress/wp-c...')\n#5 /wordpress/wp-admin/includes/plugin.php(673): plugin_sandbox_scrape('btn-admin-login...')\n#6 /internal/eval.php(20): activate_plugin('btn-admin-login...')\n#7 {main}\n  thrown in /wordpress/wp-content/plugins/btn-admin-login-customizer-pro/ReduxCore/inc/class.redux_filesystem.php on line 29",
    "log": "/logs/plugins/b/btn-admin-login-customizer-pro/error.json"
  },
  {
    "message": "Required parameter $is_script follows optional parameter $list in /wordpress/wp-content/plugins/btn-admin-login-customizer-pro/ReduxCore/inc/class.redux_cdn.php on line 21",
    "level": "DEPRECATED",
    "type": "PHP",
    "test": "jspi-boot",
    "plugin": "btn-admin-login-customizer-pro",
    "details": "[10-May-2025 17:55:03 UTC] PHP Deprecated:  Required parameter $is_script follows optional parameter $list in /wordpress/wp-content/plugins/btn-admin-login-customizer-pro/ReduxCore/inc/class.redux_cdn.php on line 21",
    "log": "/logs/plugins/b/btn-admin-login-customizer-pro/error.json"
  },
  {
    "message": "Required parameter $handle follows optional parameter $register in /wordpress/wp-content/plugins/btn-admin-login-customizer-pro/ReduxCore/inc/class.redux_cdn.php on line 45",
    "level": "DEPRECATED",
    "type": "PHP",
    "test": "jspi-boot",
    "plugin": "btn-admin-login-customizer-pro",
    "details": "[10-May-2025 17:55:03 UTC] PHP Deprecated:  Required parameter $handle follows optional parameter $register in /wordpress/wp-content/plugins/btn-admin-login-customizer-pro/ReduxCore/inc/class.redux_cdn.php on line 45",
    "log": "/logs/plugins/b/btn-admin-login-customizer-pro/error.json"
  },
  {
    "message": "Required parameter $src_cdn follows optional parameter $register in /wordpress/wp-content/plugins/btn-admin-login-customizer-pro/ReduxCore/inc/class.redux_cdn.php on line 45",
    "level": "DEPRECATED",
    "type": "PHP",
    "test": "jspi-boot",
    "plugin": "btn-admin-login-customizer-pro",
    "details": "[10-May-2025 17:55:03 UTC] PHP Deprecated:  Required parameter $src_cdn follows optional parameter $register in /wordpress/wp-content/plugins/btn-admin-login-customizer-pro/ReduxCore/inc/class.redux_cdn.php on line 45",
    "log": "/logs/plugins/b/btn-admin-login-customizer-pro/error.json"
  },
  {
    "message": "Required parameter $deps follows optional parameter $register in /wordpress/wp-content/plugins/btn-admin-login-customizer-pro/ReduxCore/inc/class.redux_cdn.php on line 45",
    "level": "DEPRECATED",
    "type": "PHP",
    "test": "jspi-boot",
    "plugin": "btn-admin-login-customizer-pro",
    "details": "[10-May-2025 17:55:03 UTC] PHP Deprecated:  Required parameter $deps follows optional parameter $register in /wordpress/wp-content/plugins/btn-admin-login-customizer-pro/ReduxCore/inc/class.redux_cdn.php on line 45",
    "log": "/logs/plugins/b/btn-admin-login-customizer-pro/error.json"
  },
  {
    "message": "Required parameter $ver follows optional parameter $register in /wordpress/wp-content/plugins/btn-admin-login-customizer-pro/ReduxCore/inc/class.redux_cdn.php on line 45",
    "level": "DEPRECATED",
    "type": "PHP",
    "test": "jspi-boot",
    "plugin": "btn-admin-login-customizer-pro",
    "details": "[10-May-2025 17:55:03 UTC] PHP Deprecated:  Required parameter $ver follows optional parameter $register in /wordpress/wp-content/plugins/btn-admin-login-customizer-pro/ReduxCore/inc/class.redux_cdn.php on line 45",
    "log": "/logs/plugins/b/btn-admin-login-customizer-pro/error.json"
  },
  {
    "message": "Required parameter $footer_or_media follows optional parameter $register in /wordpress/wp-content/plugins/btn-admin-login-customizer-pro/ReduxCore/inc/class.redux_cdn.php on line 45",
    "level": "DEPRECATED",
    "type": "PHP",
    "test": "jspi-boot",
    "plugin": "btn-admin-login-customizer-pro",
    "details": "[10-May-2025 17:55:03 UTC] PHP Deprecated:  Required parameter $footer_or_media follows optional parameter $register in /wordpress/wp-content/plugins/btn-admin-login-customizer-pro/ReduxCore/inc/class.redux_cdn.php on line 45",
    "log": "/logs/plugins/b/btn-admin-login-customizer-pro/error.json"
  },
  {
    "message": "Required parameter $handle follows optional parameter $register in /wordpress/wp-content/plugins/btn-admin-login-customizer-pro/ReduxCore/inc/class.redux_cdn.php on line 100",
    "level": "DEPRECATED",
    "type": "PHP",
    "test": "jspi-boot",
    "plugin": "btn-admin-login-customizer-pro",
    "details": "[10-May-2025 17:55:03 UTC] PHP Deprecated:  Required parameter $handle follows optional parameter $register in /wordpress/wp-content/plugins/btn-admin-login-customizer-pro/ReduxCore/inc/class.redux_cdn.php on line 100",
    "log": "/logs/plugins/b/btn-admin-login-customizer-pro/error.json"
  },
  {
    "message": "Required parameter $src_cdn follows optional parameter $register in /wordpress/wp-content/plugins/btn-admin-login-customizer-pro/ReduxCore/inc/class.redux_cdn.php on line 100",
    "level": "DEPRECATED",
    "type": "PHP",
    "test": "jspi-boot",
    "plugin": "btn-admin-login-customizer-pro",
    "details": "[10-May-2025 17:55:03 UTC] PHP Deprecated:  Required parameter $src_cdn follows optional parameter $register in /wordpress/wp-content/plugins/btn-admin-login-customizer-pro/ReduxCore/inc/class.redux_cdn.php on line 100",
    "log": "/logs/plugins/b/btn-admin-login-customizer-pro/error.json"
  },
  {
    "message": "Required parameter $deps follows optional parameter $register in /wordpress/wp-content/plugins/btn-admin-login-customizer-pro/ReduxCore/inc/class.redux_cdn.php on line 100",
    "level": "DEPRECATED",
    "type": "PHP",
    "test": "jspi-boot",
    "plugin": "btn-admin-login-customizer-pro",
    "details": "[10-May-2025 17:55:03 UTC] PHP Deprecated:  Required parameter $deps follows optional parameter $register in /wordpress/wp-content/plugins/btn-admin-login-customizer-pro/ReduxCore/inc/class.redux_cdn.php on line 100",
    "log": "/logs/plugins/b/btn-admin-login-customizer-pro/error.json"
  },
  {
    "message": "Required parameter $ver follows optional parameter $register in /wordpress/wp-content/plugins/btn-admin-login-customizer-pro/ReduxCore/inc/class.redux_cdn.php on line 100",
    "level": "DEPRECATED",
    "type": "PHP",
    "test": "jspi-boot",
    "plugin": "btn-admin-login-customizer-pro",
    "details": "[10-May-2025 17:55:03 UTC] PHP Deprecated:  Required parameter $ver follows optional parameter $register in /wordpress/wp-content/plugins/btn-admin-login-customizer-pro/ReduxCore/inc/class.redux_cdn.php on line 100",
    "log": "/logs/plugins/b/btn-admin-login-customizer-pro/error.json"
  },
  {
    "message": "Required parameter $footer_or_media follows optional parameter $register in /wordpress/wp-content/plugins/btn-admin-login-customizer-pro/ReduxCore/inc/class.redux_cdn.php on line 100",
    "level": "DEPRECATED",
    "type": "PHP",
    "test": "jspi-boot",
    "plugin": "btn-admin-login-customizer-pro",
    "details": "[10-May-2025 17:55:03 UTC] PHP Deprecated:  Required parameter $footer_or_media follows optional parameter $register in /wordpress/wp-content/plugins/btn-admin-login-customizer-pro/ReduxCore/inc/class.redux_cdn.php on line 100",
    "log": "/logs/plugins/b/btn-admin-login-customizer-pro/error.json"
  },
  {
    "message": "Required parameter $path follows optional parameter $expire in /wordpress/wp-content/plugins/btn-admin-login-customizer-pro/ReduxCore/inc/class.redux_functions.php on line 54",
    "level": "DEPRECATED",
    "type": "PHP",
    "test": "jspi-boot",
    "plugin": "btn-admin-login-customizer-pro",
    "details": "[10-May-2025 17:55:03 UTC] PHP Deprecated:  Required parameter $path follows optional parameter $expire in /wordpress/wp-content/plugins/btn-admin-login-customizer-pro/ReduxCore/inc/class.redux_functions.php on line 54",
    "log": "/logs/plugins/b/btn-admin-login-customizer-pro/error.json"
  },
  {
    "message": "Uncaught Error: Attempt to modify property \"admin_notices\" on null in /wordpress/wp-content/plugins/btn-admin-login-customizer-pro/ReduxCore/inc/class.redux_filesystem.php:29",
    "level": "FATAL",
    "type": "PHP",
    "test": "jspi-boot",
    "plugin": "btn-admin-login-customizer-pro",
    "details": "[10-May-2025 17:55:03 UTC] PHP Fatal error:  Uncaught Error: Attempt to modify property \"admin_notices\" on null in /wordpress/wp-content/plugins/btn-admin-login-customizer-pro/ReduxCore/inc/class.redux_filesystem.php:29\nStack trace:\n#0 /wordpress/wp-content/plugins/btn-admin-login-customizer-pro/ReduxCore/inc/class.redux_filesystem.php(47): Redux_Filesystem->__construct()\n#1 /wordpress/wp-content/plugins/btn-admin-login-customizer-pro/ReduxCore/inc/class.redux_filesystem.php(286): Redux_Filesystem::get_instance()\n#2 /wordpress/wp-content/plugins/btn-admin-login-customizer-pro/ReduxCore/framework.php(51): require_once('/wordpress/wp-c...')\n#3 /wordpress/wp-content/plugins/btn-admin-login-customizer-pro/index.php(38): require_once('/wordpress/wp-c...')\n#4 /wordpress/wp-admin/includes/plugin.php(2387): include_once('/wordpress/wp-c...')\n#5 /wordpress/wp-admin/includes/plugin.php(673): plugin_sandbox_scrape('btn-admin-login...')\n#6 /internal/eval.php(20): activate_plugin('btn-admin-login...')\n#7 {main}\n  thrown in /wordpress/wp-content/plugins/btn-admin-login-customizer-pro/ReduxCore/inc/class.redux_filesystem.php on line 29\n\n    at Object.onBind (file:///home/runner/work/playground-tester/playground-tester/node_modules/@wp-playground/cli/index.js:237:15)\n    at process.processTicksAndRejections (node:internal/process/task_queues:105:5)\n    at async V (file:///home/runner/work/playground-tester/playground-tester/node_modules/@wp-playground/cli/index.js:64:10)\n    at async ja (file:///home/runner/work/playground-tester/playground-tester/node_modules/@wp-playground/cli/cli.js:8161:12) {\n  [cause]: Error: Error when executing the blueprint step #1 ({\"step\":\"installPlugin\",\"pluginData\":{\"resource\":\"wordpress.org/plugins\",\"slug\":\"btn-admin-login-customizer-pro\"},\"options\":{\"activate\":true}}) : PHP.run() failed with exit code 255 and the following output: \n      at Object.run (file:///home/runner/work/playground-tester/playground-tester/node_modules/@wp-playground/blueprints/index.js:12449:19)\n      at process.processTicksAndRejections (node:internal/process/task_queues:105:5)\n      at async ms (file:///home/runner/work/playground-tester/playground-tester/node_modules/@wp-playground/blueprints/index.js:12552:3)\n      ... 2 lines matching cause stack trace ...\n      at async ja (file:///home/runner/work/playground-tester/playground-tester/node_modules/@wp-playground/cli/cli.js:8161:12) {\n    [cause]: PHPExecutionFailureError: PHP.run() failed with exit code 255 and the following output: \n        at PHP.run (file:///home/runner/work/playground-tester/playground-tester/node_modules/@php-wasm/universal/index.js:987:19)\n        at process.processTicksAndRejections (node:internal/process/task_queues:105:5)\n        at async wr (file:///home/runner/work/playground-tester/playground-tester/node_modules/@wp-playground/blueprints/index.js:33:39)\n        at async Object.gt [as installPlugin] (file:///home/runner/work/playground-tester/playground-tester/node_modules/@wp-playground/blueprints/index.js:974:42)\n        at async g (file:///home/runner/work/playground-tester/playground-tester/node_modules/@wp-playground/blueprints/index.js:12517:30)\n        at async Object.run (file:///home/runner/work/playground-tester/playground-tester/node_modules/@wp-playground/blueprints/index.js:12446:23)\n        at async ms (file:///home/runner/work/playground-tester/playground-tester/node_modules/@wp-playground/blueprints/index.js:12552:3)\n        at async Object.onBind (file:///home/runner/work/playground-tester/playground-tester/node_modules/@wp-playground/cli/index.js:227:48)\n        at async V (file:///home/runner/work/playground-tester/playground-tester/node_modules/@wp-playground/cli/index.js:64:10)\n        at async ja (file:///home/runner/work/playground-tester/playground-tester/node_modules/@wp-playground/cli/cli.js:8161:12) {\n      response: PHPResponse {\n        httpStatusCode: 500,\n        headers: {\n          'x-powered-by': [ 'PHP/8.0.30-dev' ],\n          'content-type': [ 'text/html; charset=UTF-8' ]\n        },\n        bytes: Uint8Array(0) [],\n        exitCode: 255,\n        errors: ''\n      },\n      source: 'request'\n    }\n  }\n}\n\n",
    "log": "/logs/plugins/b/btn-admin-login-customizer-pro/error.json"
  }
]
