file:///home/runner/work/playground-tester/playground-tester/node_modules/@wp-playground/cli/run-cli-j-geJYS3.js:325
        throw new Error($, { cause: h });
              ^

Error: [04-Jul-2025 09:51:58 UTC] PHP Deprecated:  The called constructor method for WP_Widget class in The_sorter_widget is <strong>deprecated</strong> since version 4.3.0! Use <code>__construct()</code> instead. in /wordpress/wp-includes/functions.php on line 6121
[04-Jul-2025 09:52:07 UTC] PHP Deprecated:  The called constructor method for WP_Widget class in The_sorter_widget is <strong>deprecated</strong> since version 4.3.0! Use <code>__construct()</code> instead. in /wordpress/wp-includes/functions.php on line 6121
[04-Jul-2025 09:52:17 UTC] PHP Deprecated:  The called constructor method for WP_Widget class in The_sorter_widget is <strong>deprecated</strong> since version 4.3.0! Use <code>__construct()</code> instead. in /wordpress/wp-includes/functions.php on line 6121
[04-Jul-2025 09:52:27 UTC] OpenSSL SSL_connect: SSL_ERROR_SYSCALL in connection to app.thevoicedesigner.com:443 
[04-Jul-2025 09:52:27 UTC] PHP Fatal error:  Uncaught Httpful\Exception\ConnectionErrorException: Unable to connect to "https://app.thevoicedesigner.com/api/apps": 35 OpenSSL SSL_connect: SSL_ERROR_SYSCALL in connection to app.thevoicedesigner.com:443  in /wordpress/wp-content/plugins/the-voice-designer-by-data-driven-design/vendor/nategood/httpful/src/Httpful/Request.php:1028
Stack trace:
#0 /wordpress/wp-content/plugins/the-voice-designer-by-data-driven-design/vendor/nategood/httpful/src/Httpful/Request.php(204): Httpful\Request->buildResponse(false)
#1 /wordpress/wp-content/plugins/the-voice-designer-by-data-driven-design/src/BackendApi.php(53): Httpful\Request->send()
#2 /wordpress/wp-content/plugins/the-voice-designer-by-data-driven-design/src/BackendApi.php(32): DataDrivenDesign\VoiceDesigner\BackendApi->makeRequest(Object(Httpful\Request))
#3 /wordpress/wp-content/plugins/the-voice-designer-by-data-driven-design/src/Plugin.php(16): DataDrivenDesign\VoiceDesigner\BackendApi->createApp()
#4 /wordpress/wp-includes/class-wp-hook.php(324): DataDrivenD in /wordpress/wp-content/plugins/the-voice-designer-by-data-driven-design/vendor/nategood/httpful/src/Httpful/Request.php on line 1028
[04-Jul-2025 09:52:36 UTC] OpenSSL SSL_connect: SSL_ERROR_SYSCALL in connection to app.thevoicedesigner.com:443 
[04-Jul-2025 09:52:36 UTC] PHP Fatal error:  Uncaught Httpful\Exception\ConnectionErrorException: Unable to connect to "https://app.thevoicedesigner.com/api/apps": 35 OpenSSL SSL_connect: SSL_ERROR_SYSCALL in connection to app.thevoicedesigner.com:443  in /wordpress/wp-content/plugins/the-voice-designer-by-data-driven-design/vendor/nategood/httpful/src/Httpful/Request.php:1028
Stack trace:
#0 /wordpress/wp-content/plugins/the-voice-designer-by-data-driven-design/vendor/nategood/httpful/src/Httpful/Request.php(204): Httpful\Request->buildResponse(false)
#1 /wordpress/wp-content/plugins/the-voice-designer-by-data-driven-design/src/BackendApi.php(53): Httpful\Request->send()
#2 /wordpress/wp-content/plugins/the-voice-designer-by-data-driven-design/src/BackendApi.php(32): DataDrivenDesign\VoiceDesigner\BackendApi->makeRequest(Object(Httpful\Request))
#3 /wordpress/wp-content/plugins/the-voice-designer-by-data-driven-design/src/Plugin.php(16): DataDrivenDesign\VoiceDesigner\BackendApi->createApp()
#4 /wordpress/wp-includes/class-wp-hook.php(324): DataDrivenD in /wordpress/wp-content/plugins/the-voice-designer-by-data-driven-design/vendor/nategood/httpful/src/Httpful/Request.php on line 1028
[04-Jul-2025 09:52:45 UTC] OpenSSL SSL_connect: SSL_ERROR_SYSCALL in connection to app.thevoicedesigner.com:443 
[04-Jul-2025 09:52:45 UTC] PHP Fatal error:  Uncaught Httpful\Exception\ConnectionErrorException: Unable to connect to "https://app.thevoicedesigner.com/api/apps": 35 OpenSSL SSL_connect: SSL_ERROR_SYSCALL in connection to app.thevoicedesigner.com:443  in /wordpress/wp-content/plugins/the-voice-designer-by-data-driven-design/vendor/nategood/httpful/src/Httpful/Request.php:1028
Stack trace:
#0 /wordpress/wp-content/plugins/the-voice-designer-by-data-driven-design/vendor/nategood/httpful/src/Httpful/Request.php(204): Httpful\Request->buildResponse(false)
#1 /wordpress/wp-content/plugins/the-voice-designer-by-data-driven-design/src/BackendApi.php(53): Httpful\Request->send()
#2 /wordpress/wp-content/plugins/the-voice-designer-by-data-driven-design/src/BackendApi.php(32): DataDrivenDesign\VoiceDesigner\BackendApi->makeRequest(Object(Httpful\Request))
#3 /wordpress/wp-content/plugins/the-voice-designer-by-data-driven-design/src/Plugin.php(16): DataDrivenDesign\VoiceDesigner\BackendApi->createApp()
#4 /wordpress/wp-includes/class-wp-hook.php(324): DataDrivenD in /wordpress/wp-content/plugins/the-voice-designer-by-data-driven-design/vendor/nategood/httpful/src/Httpful/Request.php on line 1028
[04-Jul-2025 09:54:21 UTC] PHP Warning:  Trying to access array offset on value of type bool in /wordpress/wp-content/plugins/theme-development-preview/theme-dev-preview.php on line 76
[04-Jul-2025 09:54:21 UTC] PHP Warning:  Trying to access array offset on value of type bool in /wordpress/wp-content/plugins/theme-development-preview/theme-dev-preview.php on line 77
[04-Jul-2025 09:54:31 UTC] PHP Warning:  Trying to access array offset on value of type bool in /wordpress/wp-content/plugins/theme-development-preview/theme-dev-preview.php on line 76
[04-Jul-2025 09:54:31 UTC] PHP Warning:  Trying to access array offset on value of type bool in /wordpress/wp-content/plugins/theme-development-preview/theme-dev-preview.php on line 77
[04-Jul-2025 09:54:40 UTC] PHP Warning:  Trying to access array offset on value of type bool in /wordpress/wp-content/plugins/theme-development-preview/theme-dev-preview.php on line 76
[04-Jul-2025 09:54:40 UTC] PHP Warning:  Trying to access array offset on value of type bool in /wordpress/wp-content/plugins/theme-development-preview/theme-dev-preview.php on line 77
[04-Jul-2025 09:57:20 UTC] PHP Fatal error:  Declaration of Github_Theme_Upgrader::download_package($package) must be compatible with WP_Upgrader::download_package($package, $check_signatures = false, $hook_extra = []) in /wordpress/wp-content/plugins/theme-updater/assets.php on line 122
[04-Jul-2025 09:57:28 UTC] PHP Fatal error:  Declaration of Github_Theme_Upgrader::download_package($package) must be compatible with WP_Upgrader::download_package($package, $check_signatures = false, $hook_extra = []) in /wordpress/wp-content/plugins/theme-updater/assets.php on line 122

    at Object.onBind (file:///home/runner/work/playground-tester/playground-tester/node_modules/@wp-playground/cli/run-cli-j-geJYS3.js:325:15)
    at process.processTicksAndRejections (node:internal/process/task_queues:105:5)
    at async re (file:///home/runner/work/playground-tester/playground-tester/node_modules/@wp-playground/cli/run-cli-j-geJYS3.js:149:10) {
  [cause]: Error: Error when executing the blueprint step #1 ({"step":"installPlugin","pluginData":{"resource":"wordpress.org/plugins","slug":"theme-updater"},"options":{"activate":true}}) : PHP.run() failed with exit code 255 and the following output: 
      at Object.run (file:///home/runner/work/playground-tester/playground-tester/node_modules/@wp-playground/blueprints/index.js:12093:19)
      at process.processTicksAndRejections (node:internal/process/task_queues:105:5)
      at async ys (file:///home/runner/work/playground-tester/playground-tester/node_modules/@wp-playground/blueprints/index.js:12196:3)
      at async Object.onBind (file:///home/runner/work/playground-tester/playground-tester/node_modules/@wp-playground/cli/run-cli-j-geJYS3.js:315:48)
      at async re (file:///home/runner/work/playground-tester/playground-tester/node_modules/@wp-playground/cli/run-cli-j-geJYS3.js:149:10) {
    [cause]: PHPExecutionFailureError: PHP.run() failed with exit code 255 and the following output: 
        at PHP.run (file:///home/runner/work/playground-tester/playground-tester/node_modules/@php-wasm/universal/index.js:1034:19)
        at process.processTicksAndRejections (node:internal/process/task_queues:105:5)
        at async wr (file:///home/runner/work/playground-tester/playground-tester/node_modules/@wp-playground/blueprints/index.js:34:39)
        at async Object.gt [as installPlugin] (file:///home/runner/work/playground-tester/playground-tester/node_modules/@wp-playground/blueprints/index.js:631:42)
        at async g (file:///home/runner/work/playground-tester/playground-tester/node_modules/@wp-playground/blueprints/index.js:12161:30)
        at async Object.run (file:///home/runner/work/playground-tester/playground-tester/node_modules/@wp-playground/blueprints/index.js:12090:23)
        at async ys (file:///home/runner/work/playground-tester/playground-tester/node_modules/@wp-playground/blueprints/index.js:12196:3)
        at async Object.onBind (file:///home/runner/work/playground-tester/playground-tester/node_modules/@wp-playground/cli/run-cli-j-geJYS3.js:315:48)
        at async re (file:///home/runner/work/playground-tester/playground-tester/node_modules/@wp-playground/cli/run-cli-j-geJYS3.js:149:10) {
      response: PHPResponse {
        httpStatusCode: 500,
        headers: {
          'x-powered-by': [ 'PHP/8.0.30-dev' ],
          'content-type': [ 'text/html; charset=UTF-8' ]
        },
        bytes: Uint8Array(0) [],
        exitCode: 255,
        errors: ''
      },
      source: 'request'
    }
  }
}

Node.js v23.11.0
