file:///home/runner/work/playground-tester/playground-tester/node_modules/@wp-playground/cli/index.js:237
        throw new Error(y, { cause: u });
              ^

Error: [08-May-2025 16:38:30 UTC] PHP Warning:  mysqli::__construct(): (HY000/2002): Address family not supported by protocol in /wordpress/wp-content/plugins/storekeeper-for-woocommerce/src/StoreKeeper/WooCommerce/B2C/Database/DatabaseConnection.php on line 50
[08-May-2025 16:38:30 UTC] PHP Warning:  mysqli::query(): Couldn't fetch mysqli in /wordpress/wp-content/plugins/storekeeper-for-woocommerce/src/StoreKeeper/WooCommerce/B2C/Database/DatabaseConnection.php on line 70
[08-May-2025 16:38:30 UTC] PHP Warning:  StoreKeeper\WooCommerce\B2C\Database\DatabaseConnection::querySql(): Couldn't fetch mysqli in /wordpress/wp-content/plugins/storekeeper-for-woocommerce/src/StoreKeeper/WooCommerce/B2C/Database/DatabaseConnection.php on line 72
[08-May-2025 16:38:30 UTC] PHP Fatal error:  Uncaught StoreKeeper\WooCommerce\B2C\Exceptions\SqlException: Sql query error: "". in /wordpress/wp-content/plugins/storekeeper-for-woocommerce/src/StoreKeeper/WooCommerce/B2C/Database/DatabaseConnection.php:72
Stack trace:
#0 /wordpress/wp-content/plugins/storekeeper-for-woocommerce/src/StoreKeeper/WooCommerce/B2C/Migrations/MigrationManager.php(92): StoreKeeper\WooCommerce\B2C\Database\DatabaseConnection->querySql('    CREATE TABL...')
#1 /wordpress/wp-content/plugins/storekeeper-for-woocommerce/src/StoreKeeper/WooCommerce/B2C/Migrations/MigrationManager.php(28): StoreKeeper\WooCommerce\B2C\Migrations\MigrationManager->ensureMigrationTable()
#2 /wordpress/wp-content/plugins/storekeeper-for-woocommerce/src/StoreKeeper/WooCommerce/B2C/Activator.php(13): StoreKeeper\WooCommerce\B2C\Migrations\MigrationManager->migrateAll()
#3 /wordpress/wp-content/plugins/storekeeper-for-woocommerce/storekeeper-woocommerce-b2c.php(80): StoreKeeper\WooCommerce\B2C\Activator->run()
#4 /wordpress/wp-includes/class-wp-hook.php(324 in /wordpress/wp-content/plugins/storekeeper-for-woocommerce/src/StoreKeeper/WooCommerce/B2C/Database/DatabaseConnection.php on line 72
[08-May-2025 16:38:40 UTC] PHP Warning:  mysqli::__construct(): (HY000/2002): Address family not supported by protocol in /wordpress/wp-content/plugins/storekeeper-for-woocommerce/src/StoreKeeper/WooCommerce/B2C/Database/DatabaseConnection.php on line 50
[08-May-2025 16:38:40 UTC] PHP Warning:  mysqli::query(): Couldn't fetch mysqli in /wordpress/wp-content/plugins/storekeeper-for-woocommerce/src/StoreKeeper/WooCommerce/B2C/Database/DatabaseConnection.php on line 70
[08-May-2025 16:38:40 UTC] PHP Warning:  StoreKeeper\WooCommerce\B2C\Database\DatabaseConnection::querySql(): Couldn't fetch mysqli in /wordpress/wp-content/plugins/storekeeper-for-woocommerce/src/StoreKeeper/WooCommerce/B2C/Database/DatabaseConnection.php on line 72
[08-May-2025 16:38:40 UTC] PHP Fatal error:  Uncaught StoreKeeper\WooCommerce\B2C\Exceptions\SqlException: Sql query error: "". in /wordpress/wp-content/plugins/storekeeper-for-woocommerce/src/StoreKeeper/WooCommerce/B2C/Database/DatabaseConnection.php:72
Stack trace:
#0 /wordpress/wp-content/plugins/storekeeper-for-woocommerce/src/StoreKeeper/WooCommerce/B2C/Migrations/MigrationManager.php(92): StoreKeeper\WooCommerce\B2C\Database\DatabaseConnection->querySql('    CREATE TABL...')
#1 /wordpress/wp-content/plugins/storekeeper-for-woocommerce/src/StoreKeeper/WooCommerce/B2C/Migrations/MigrationManager.php(28): StoreKeeper\WooCommerce\B2C\Migrations\MigrationManager->ensureMigrationTable()
#2 /wordpress/wp-content/plugins/storekeeper-for-woocommerce/src/StoreKeeper/WooCommerce/B2C/Activator.php(13): StoreKeeper\WooCommerce\B2C\Migrations\MigrationManager->migrateAll()
#3 /wordpress/wp-content/plugins/storekeeper-for-woocommerce/storekeeper-woocommerce-b2c.php(80): StoreKeeper\WooCommerce\B2C\Activator->run()
#4 /wordpress/wp-includes/class-wp-hook.php(324 in /wordpress/wp-content/plugins/storekeeper-for-woocommerce/src/StoreKeeper/WooCommerce/B2C/Database/DatabaseConnection.php on line 72
[08-May-2025 16:38:51 UTC] PHP Warning:  mysqli::__construct(): (HY000/2002): Address family not supported by protocol in /wordpress/wp-content/plugins/storekeeper-for-woocommerce/src/StoreKeeper/WooCommerce/B2C/Database/DatabaseConnection.php on line 50
[08-May-2025 16:38:51 UTC] PHP Warning:  mysqli::query(): Couldn't fetch mysqli in /wordpress/wp-content/plugins/storekeeper-for-woocommerce/src/StoreKeeper/WooCommerce/B2C/Database/DatabaseConnection.php on line 70
[08-May-2025 16:38:51 UTC] PHP Warning:  StoreKeeper\WooCommerce\B2C\Database\DatabaseConnection::querySql(): Couldn't fetch mysqli in /wordpress/wp-content/plugins/storekeeper-for-woocommerce/src/StoreKeeper/WooCommerce/B2C/Database/DatabaseConnection.php on line 72
[08-May-2025 16:38:51 UTC] PHP Fatal error:  Uncaught StoreKeeper\WooCommerce\B2C\Exceptions\SqlException: Sql query error: "". in /wordpress/wp-content/plugins/storekeeper-for-woocommerce/src/StoreKeeper/WooCommerce/B2C/Database/DatabaseConnection.php:72
Stack trace:
#0 /wordpress/wp-content/plugins/storekeeper-for-woocommerce/src/StoreKeeper/WooCommerce/B2C/Migrations/MigrationManager.php(92): StoreKeeper\WooCommerce\B2C\Database\DatabaseConnection->querySql('    CREATE TABL...')
#1 /wordpress/wp-content/plugins/storekeeper-for-woocommerce/src/StoreKeeper/WooCommerce/B2C/Migrations/MigrationManager.php(28): StoreKeeper\WooCommerce\B2C\Migrations\MigrationManager->ensureMigrationTable()
#2 /wordpress/wp-content/plugins/storekeeper-for-woocommerce/src/StoreKeeper/WooCommerce/B2C/Activator.php(13): StoreKeeper\WooCommerce\B2C\Migrations\MigrationManager->migrateAll()
#3 /wordpress/wp-content/plugins/storekeeper-for-woocommerce/storekeeper-woocommerce-b2c.php(80): StoreKeeper\WooCommerce\B2C\Activator->run()
#4 /wordpress/wp-includes/class-wp-hook.php(324 in /wordpress/wp-content/plugins/storekeeper-for-woocommerce/src/StoreKeeper/WooCommerce/B2C/Database/DatabaseConnection.php on line 72
[08-May-2025 16:40:21 UTC] PHP Notice:  Function _load_textdomain_just_in_time was called <strong>incorrectly</strong>. Translation loading for the <code>shinystat-analytics</code> domain was triggered too early. This is usually an indicator for some code in the plugin or theme running too early. Translations should be loaded at the <code>init</code> action or later. Please see <a href="https://developer.wordpress.org/advanced-administration/debug/debug-wordpress/">Debugging in WordPress</a> for more information. (This message was added in version 6.7.0.) in /wordpress/wp-includes/functions.php on line 6121
[08-May-2025 16:40:32 UTC] PHP Notice:  Function _load_textdomain_just_in_time was called <strong>incorrectly</strong>. Translation loading for the <code>shinystat-analytics</code> domain was triggered too early. This is usually an indicator for some code in the plugin or theme running too early. Translations should be loaded at the <code>init</code> action or later. Please see <a href="https://developer.wordpress.org/advanced-administration/debug/debug-wordpress/">Debugging in WordPress</a> for more information. (This message was added in version 6.7.0.) in /wordpress/wp-includes/functions.php on line 6121
[08-May-2025 16:40:40 UTC] PHP Notice:  Function _load_textdomain_just_in_time was called <strong>incorrectly</strong>. Translation loading for the <code>shinystat-analytics</code> domain was triggered too early. This is usually an indicator for some code in the plugin or theme running too early. Translations should be loaded at the <code>init</code> action or later. Please see <a href="https://developer.wordpress.org/advanced-administration/debug/debug-wordpress/">Debugging in WordPress</a> for more information. (This message was added in version 6.7.0.) in /wordpress/wp-includes/functions.php on line 6121
[08-May-2025 16:42:06 UTC] PHP Fatal error:  Uncaught Error: Undefined constant "SC_PLUGIN_FILE" in /wordpress/wp-content/plugins/sugar-events-calendar-ninja-forms-add-on/sugar-calendar-ninja-forms.php:19
Stack trace:
#0 /wordpress/wp-includes/class-wp-hook.php(324): sofa_scnf_load_plugin_textdomain('')
#1 /wordpress/wp-includes/class-wp-hook.php(348): WP_Hook->apply_filters(NULL, Array)
#2 /wordpress/wp-includes/plugin.php(517): WP_Hook->do_action(Array)
#3 /wordpress/wp-settings.php(727): do_action('init')
#4 /wordpress/wp-config.php(102): require_once('/wordpress/wp-s...')
#5 /wordpress/wp-load.php(50): require_once('/wordpress/wp-c...')
#6 /internal/eval.php(3): require_once('/wordpress/wp-l...')
#7 {main}
  thrown in /wordpress/wp-content/plugins/sugar-events-calendar-ninja-forms-add-on/sugar-calendar-ninja-forms.php on line 19
[08-May-2025 16:42:15 UTC] PHP Fatal error:  Uncaught Error: Undefined constant "SC_PLUGIN_FILE" in /wordpress/wp-content/plugins/sugar-events-calendar-ninja-forms-add-on/sugar-calendar-ninja-forms.php:19
Stack trace:
#0 /wordpress/wp-includes/class-wp-hook.php(324): sofa_scnf_load_plugin_textdomain('')
#1 /wordpress/wp-includes/class-wp-hook.php(348): WP_Hook->apply_filters(NULL, Array)
#2 /wordpress/wp-includes/plugin.php(517): WP_Hook->do_action(Array)
#3 /wordpress/wp-settings.php(727): do_action('init')
#4 /wordpress/wp-config.php(102): require_once('/wordpress/wp-s...')
#5 /wordpress/wp-load.php(50): require_once('/wordpress/wp-c...')
#6 /internal/eval.php(3): require_once('/wordpress/wp-l...')
#7 {main}
  thrown in /wordpress/wp-content/plugins/sugar-events-calendar-ninja-forms-add-on/sugar-calendar-ninja-forms.php on line 19
[08-May-2025 16:42:24 UTC] PHP Fatal error:  Uncaught Error: Undefined constant "SC_PLUGIN_FILE" in /wordpress/wp-content/plugins/sugar-events-calendar-ninja-forms-add-on/sugar-calendar-ninja-forms.php:19
Stack trace:
#0 /wordpress/wp-includes/class-wp-hook.php(324): sofa_scnf_load_plugin_textdomain('')
#1 /wordpress/wp-includes/class-wp-hook.php(348): WP_Hook->apply_filters(NULL, Array)
#2 /wordpress/wp-includes/plugin.php(517): WP_Hook->do_action(Array)
#3 /wordpress/wp-settings.php(727): do_action('init')
#4 /wordpress/wp-config.php(102): require_once('/wordpress/wp-s...')
#5 /wordpress/wp-load.php(50): require_once('/wordpress/wp-c...')
#6 /internal/eval.php(3): require_once('/wordpress/wp-l...')
#7 {main}
  thrown in /wordpress/wp-content/plugins/sugar-events-calendar-ninja-forms-add-on/sugar-calendar-ninja-forms.php on line 19
[08-May-2025 16:42:34 UTC] PHP Deprecated:  Required parameter $slug follows optional parameter $level in /wordpress/wp-content/plugins/sidebar-support/admin/sidebar-builder-class.php on line 1034
[08-May-2025 16:42:34 UTC] PHP Deprecated:  Required parameter $sortable_list follows optional parameter $level in /wordpress/wp-content/plugins/sidebar-support/includes/display-list/display-list-class.php on line 134
[08-May-2025 16:42:34 UTC] PHP Deprecated:  Required parameter $sortable_ul_classes follows optional parameter $sortable_list in /wordpress/wp-content/plugins/sidebar-support/includes/display-list/display-list-class.php on line 171
[08-May-2025 16:42:34 UTC] PHP Deprecated:  Required parameter $token_url follows optional parameter $client_id in /wordpress/wp-content/plugins/sidebar-support/includes/feeds/oauth2.php on line 31
[08-May-2025 16:42:35 UTC] PHP Deprecated:  Required parameter $slug follows optional parameter $level in /wordpress/wp-content/plugins/sidebar-support/admin/sidebar-builder-class.php on line 1034
[08-May-2025 16:42:35 UTC] PHP Deprecated:  Required parameter $sortable_list follows optional parameter $level in /wordpress/wp-content/plugins/sidebar-support/includes/display-list/display-list-class.php on line 134
[08-May-2025 16:42:35 UTC] PHP Deprecated:  Required parameter $sortable_ul_classes follows optional parameter $sortable_list in /wordpress/wp-content/plugins/sidebar-support/includes/display-list/display-list-class.php on line 171
[08-May-2025 16:42:35 UTC] PHP Deprecated:  Required parameter $token_url follows optional parameter $client_id in /wordpress/wp-content/plugins/sidebar-support/includes/feeds/oauth2.php on line 31
[08-May-2025 16:42:44 UTC] PHP Deprecated:  Required parameter $slug follows optional parameter $level in /wordpress/wp-content/plugins/sidebar-support/admin/sidebar-builder-class.php on line 1034
[08-May-2025 16:42:44 UTC] PHP Deprecated:  Required parameter $sortable_list follows optional parameter $level in /wordpress/wp-content/plugins/sidebar-support/includes/display-list/display-list-class.php on line 134
[08-May-2025 16:42:44 UTC] PHP Deprecated:  Required parameter $sortable_ul_classes follows optional parameter $sortable_list in /wordpress/wp-content/plugins/sidebar-support/includes/display-list/display-list-class.php on line 171
[08-May-2025 16:42:44 UTC] PHP Deprecated:  Required parameter $token_url follows optional parameter $client_id in /wordpress/wp-content/plugins/sidebar-support/includes/feeds/oauth2.php on line 31
[08-May-2025 16:42:45 UTC] PHP Deprecated:  Required parameter $slug follows optional parameter $level in /wordpress/wp-content/plugins/sidebar-support/admin/sidebar-builder-class.php on line 1034
[08-May-2025 16:42:45 UTC] PHP Deprecated:  Required parameter $sortable_list follows optional parameter $level in /wordpress/wp-content/plugins/sidebar-support/includes/display-list/display-list-class.php on line 134
[08-May-2025 16:42:45 UTC] PHP Deprecated:  Required parameter $sortable_ul_classes follows optional parameter $sortable_list in /wordpress/wp-content/plugins/sidebar-support/includes/display-list/display-list-class.php on line 171
[08-May-2025 16:42:45 UTC] PHP Deprecated:  Required parameter $token_url follows optional parameter $client_id in /wordpress/wp-content/plugins/sidebar-support/includes/feeds/oauth2.php on line 31
[08-May-2025 16:42:53 UTC] PHP Deprecated:  Required parameter $slug follows optional parameter $level in /wordpress/wp-content/plugins/sidebar-support/admin/sidebar-builder-class.php on line 1034
[08-May-2025 16:42:53 UTC] PHP Deprecated:  Required parameter $sortable_list follows optional parameter $level in /wordpress/wp-content/plugins/sidebar-support/includes/display-list/display-list-class.php on line 134
[08-May-2025 16:42:53 UTC] PHP Deprecated:  Required parameter $sortable_ul_classes follows optional parameter $sortable_list in /wordpress/wp-content/plugins/sidebar-support/includes/display-list/display-list-class.php on line 171
[08-May-2025 16:42:53 UTC] PHP Deprecated:  Required parameter $token_url follows optional parameter $client_id in /wordpress/wp-content/plugins/sidebar-support/includes/feeds/oauth2.php on line 31
[08-May-2025 16:42:54 UTC] PHP Deprecated:  Required parameter $slug follows optional parameter $level in /wordpress/wp-content/plugins/sidebar-support/admin/sidebar-builder-class.php on line 1034
[08-May-2025 16:42:54 UTC] PHP Deprecated:  Required parameter $sortable_list follows optional parameter $level in /wordpress/wp-content/plugins/sidebar-support/includes/display-list/display-list-class.php on line 134
[08-May-2025 16:42:54 UTC] PHP Deprecated:  Required parameter $sortable_ul_classes follows optional parameter $sortable_list in /wordpress/wp-content/plugins/sidebar-support/includes/display-list/display-list-class.php on line 171
[08-May-2025 16:42:54 UTC] PHP Deprecated:  Required parameter $token_url follows optional parameter $client_id in /wordpress/wp-content/plugins/sidebar-support/includes/feeds/oauth2.php on line 31
[08-May-2025 16:44:29 UTC] PHP Fatal error:  Uncaught Error: Call to undefined function create_function() in /wordpress/wp-content/plugins/simple-popular-content/popular.php:146
Stack trace:
#0 /wordpress/wp-admin/includes/plugin.php(2387): include_once()
#1 /wordpress/wp-admin/includes/plugin.php(673): plugin_sandbox_scrape('simple-popular-...')
#2 /internal/eval.php(20): activate_plugin('simple-popular-...')
#3 {main}
  thrown in /wordpress/wp-content/plugins/simple-popular-content/popular.php on line 146
[08-May-2025 16:44:37 UTC] PHP Fatal error:  Uncaught Error: Call to undefined function create_function() in /wordpress/wp-content/plugins/simple-popular-content/popular.php:146
Stack trace:
#0 /wordpress/wp-admin/includes/plugin.php(2387): include_once()
#1 /wordpress/wp-admin/includes/plugin.php(673): plugin_sandbox_scrape('simple-popular-...')
#2 /internal/eval.php(20): activate_plugin('simple-popular-...')
#3 {main}
  thrown in /wordpress/wp-content/plugins/simple-popular-content/popular.php on line 146
[08-May-2025 16:44:44 UTC] PHP Fatal error:  Uncaught Error: Call to undefined function create_function() in /wordpress/wp-content/plugins/simple-popular-content/popular.php:146
Stack trace:
#0 /wordpress/wp-admin/includes/plugin.php(2387): include_once()
#1 /wordpress/wp-admin/includes/plugin.php(673): plugin_sandbox_scrape('simple-popular-...')
#2 /internal/eval.php(20): activate_plugin('simple-popular-...')
#3 {main}
  thrown in /wordpress/wp-content/plugins/simple-popular-content/popular.php on line 146
[08-May-2025 16:45:23 UTC] PHP Notice:  Undefined index: REMOTE_ADDR in /wordpress/wp-content/plugins/simpleanalytics/src/TrackingPolicy.php on line 9
[08-May-2025 16:45:23 UTC] PHP Fatal error:  Uncaught TypeError: Argument 1 passed to SimpleAnalytics\TrackingPolicy::clientIpExcluded() must be of the type string, null given, called in /wordpress/wp-content/plugins/simpleanalytics/src/TrackingPolicy.php on line 9 and defined in /wordpress/wp-content/plugins/simpleanalytics/src/TrackingPolicy.php:20
Stack trace:
#0 /wordpress/wp-content/plugins/simpleanalytics/src/TrackingPolicy.php(9): SimpleAnalytics\TrackingPolicy->clientIpExcluded(NULL)
#1 /wordpress/wp-content/plugins/simpleanalytics/src/Plugin.php(37): SimpleAnalytics\TrackingPolicy->shouldCollectAnalytics()
#2 /wordpress/wp-includes/class-wp-hook.php(324): SimpleAnalytics\Plugin->onInit('')
#3 /wordpress/wp-includes/class-wp-hook.php(348): WP_Hook->apply_filters(NULL, Array)
#4 /wordpress/wp-includes/plugin.php(517): WP_Hook->do_action(Array)
#5 /wordpress/wp-settings.php(727): do_action('init')
#6 /wordpress/wp-config.php(102): require_once('/wordpress/wp-s...')
#7 /wordpress/wp-load.php(50): require_once('/wordpress/wp-c...')
#8 /internal/eval in /wordpress/wp-content/plugins/simpleanalytics/src/TrackingPolicy.php on line 20
[08-May-2025 16:45:33 UTC] PHP Notice:  Undefined index: REMOTE_ADDR in /wordpress/wp-content/plugins/simpleanalytics/src/TrackingPolicy.php on line 9
[08-May-2025 16:45:33 UTC] PHP Fatal error:  Uncaught TypeError: Argument 1 passed to SimpleAnalytics\TrackingPolicy::clientIpExcluded() must be of the type string, null given, called in /wordpress/wp-content/plugins/simpleanalytics/src/TrackingPolicy.php on line 9 and defined in /wordpress/wp-content/plugins/simpleanalytics/src/TrackingPolicy.php:20
Stack trace:
#0 /wordpress/wp-content/plugins/simpleanalytics/src/TrackingPolicy.php(9): SimpleAnalytics\TrackingPolicy->clientIpExcluded(NULL)
#1 /wordpress/wp-content/plugins/simpleanalytics/src/Plugin.php(37): SimpleAnalytics\TrackingPolicy->shouldCollectAnalytics()
#2 /wordpress/wp-includes/class-wp-hook.php(324): SimpleAnalytics\Plugin->onInit('')
#3 /wordpress/wp-includes/class-wp-hook.php(348): WP_Hook->apply_filters(NULL, Array)
#4 /wordpress/wp-includes/plugin.php(517): WP_Hook->do_action(Array)
#5 /wordpress/wp-settings.php(727): do_action('init')
#6 /wordpress/wp-config.php(102): require_once('/wordpress/wp-s...')
#7 /wordpress/wp-load.php(50): require_once('/wordpress/wp-c...')
#8 /internal/eval in /wordpress/wp-content/plugins/simpleanalytics/src/TrackingPolicy.php on line 20

    at Object.onBind (file:///home/runner/work/playground-tester/playground-tester/node_modules/@wp-playground/cli/index.js:237:15)
    at process.processTicksAndRejections (node:internal/process/task_queues:105:5)
    at async V (file:///home/runner/work/playground-tester/playground-tester/node_modules/@wp-playground/cli/index.js:64:10)
    at async ja (file:///home/runner/work/playground-tester/playground-tester/node_modules/@wp-playground/cli/cli.js:8161:12) {
  [cause]: Error: Error when executing the blueprint step #1 ({"step":"installPlugin","pluginData":{"resource":"wordpress.org/plugins","slug":"simpleanalytics"},"options":{"activate":true}}) : PHP.run() failed with exit code 255 and the following output: 
      at Object.run (file:///home/runner/work/playground-tester/playground-tester/node_modules/@wp-playground/blueprints/index.js:12449:19)
      at process.processTicksAndRejections (node:internal/process/task_queues:105:5)
      at async ms (file:///home/runner/work/playground-tester/playground-tester/node_modules/@wp-playground/blueprints/index.js:12552:3)
      ... 2 lines matching cause stack trace ...
      at async ja (file:///home/runner/work/playground-tester/playground-tester/node_modules/@wp-playground/cli/cli.js:8161:12) {
    [cause]: PHPExecutionFailureError: PHP.run() failed with exit code 255 and the following output: 
        at PHP.run (file:///home/runner/work/playground-tester/playground-tester/node_modules/@php-wasm/universal/index.js:987:19)
        at process.processTicksAndRejections (node:internal/process/task_queues:105:5)
        at async wr (file:///home/runner/work/playground-tester/playground-tester/node_modules/@wp-playground/blueprints/index.js:73:13)
        at async Object.gt [as installPlugin] (file:///home/runner/work/playground-tester/playground-tester/node_modules/@wp-playground/blueprints/index.js:974:42)
        at async g (file:///home/runner/work/playground-tester/playground-tester/node_modules/@wp-playground/blueprints/index.js:12517:30)
        at async Object.run (file:///home/runner/work/playground-tester/playground-tester/node_modules/@wp-playground/blueprints/index.js:12446:23)
        at async ms (file:///home/runner/work/playground-tester/playground-tester/node_modules/@wp-playground/blueprints/index.js:12552:3)
        at async Object.onBind (file:///home/runner/work/playground-tester/playground-tester/node_modules/@wp-playground/cli/index.js:227:48)
        at async V (file:///home/runner/work/playground-tester/playground-tester/node_modules/@wp-playground/cli/index.js:64:10)
        at async ja (file:///home/runner/work/playground-tester/playground-tester/node_modules/@wp-playground/cli/cli.js:8161:12) {
      response: PHPResponse {
        httpStatusCode: 500,
        headers: {
          'x-powered-by': [ 'PHP/7.2.34-dev' ],
          'content-type': [ 'text/html; charset=UTF-8' ],
          expires: [ 'Wed, 11 Jan 1984 05:00:00 GMT' ],
          'cache-control': [ 'no-cache, must-revalidate, max-age=0, no-store, private' ]
        },
        bytes: Uint8Array(2653) [
           60,  33,  68,  79,  67,  84,  89,  80,  69,  32, 104, 116,
          109, 108,  62,  10,  60, 104, 116, 109, 108,  32, 108,  97,
          110, 103,  61,  34, 101, 110,  45,  85,  83,  34,  62,  10,
           60, 104, 101,  97, 100,  62,  10,   9,  60, 109, 101, 116,
           97,  32, 104, 116, 116, 112,  45, 101, 113, 117, 105, 118,
           61,  34,  67, 111, 110, 116, 101, 110, 116,  45,  84, 121,
          112, 101,  34,  32,  99, 111, 110, 116, 101, 110, 116,  61,
           34, 116, 101, 120, 116,  47, 104, 116, 109, 108,  59,  32,
           99, 104,  97, 114,
          ... 2553 more items
        ],
        exitCode: 255,
        errors: ''
      },
      source: 'request'
    }
  }
}

Node.js v23.11.0
