[
{"message":"file:///home/runner/work/playground-tester/playground-tester/node_modules/@wp-playground/cli/run-cli-j-geJYS3.js:325\n        throw new Error($, { cause: h });\n              ^\n","level":"FATAL","type":"PLAYGROUND","test":"ast-sqlite-boot","plugin":"ambrosite-unlink-parent-pages","details":"file:///home/runner/work/playground-tester/playground-tester/node_modules/@wp-playground/cli/run-cli-j-geJYS3.js:325\n        throw new Error($, { cause: h });\n              ^\n","log":"/tmp/tmp.s3KAkRradj"}
,
{"message":"Uncaught Error: Non-static method aRssMore::init() cannot be called statically in /wordpress/wp-content/plugins/a-rss-more/a-rss-more.php:220","level":"FATAL","type":"PHP","test":"ast-sqlite-boot","plugin":"ambrosite-unlink-parent-pages","details":"[13-Jun-2025 05:29:20 UTC] PHP Fatal error:  Uncaught Error: Non-static method aRssMore::init() cannot be called statically in /wordpress/wp-content/plugins/a-rss-more/a-rss-more.php:220\nStack trace:\n#0 /wordpress/wp-admin/includes/plugin.php(2387): include_once()\n#1 /wordpress/wp-admin/includes/plugin.php(673): plugin_sandbox_scrape('a-rss-more/a-rs...')\n#2 /internal/eval.php(20): activate_plugin('a-rss-more/a-rs...')\n#3 {main}\n  thrown in /wordpress/wp-content/plugins/a-rss-more/a-rss-more.php on line 220","log":"/logs/plugins/a/ambrosite-unlink-parent-pages/error.json"}
,
{"message":"Uncaught Error: Non-static method aRssMore::init() cannot be called statically in /wordpress/wp-content/plugins/a-rss-more/a-rss-more.php:220","level":"FATAL","type":"PHP","test":"ast-sqlite-boot","plugin":"ambrosite-unlink-parent-pages","details":"[13-Jun-2025 05:29:28 UTC] PHP Fatal error:  Uncaught Error: Non-static method aRssMore::init() cannot be called statically in /wordpress/wp-content/plugins/a-rss-more/a-rss-more.php:220\nStack trace:\n#0 /wordpress/wp-admin/includes/plugin.php(2387): include_once()\n#1 /wordpress/wp-admin/includes/plugin.php(673): plugin_sandbox_scrape('a-rss-more/a-rs...')\n#2 /internal/eval.php(20): activate_plugin('a-rss-more/a-rs...')\n#3 {main}\n  thrown in /wordpress/wp-content/plugins/a-rss-more/a-rss-more.php on line 220","log":"/logs/plugins/a/ambrosite-unlink-parent-pages/error.json"}
,
{"message":"Uncaught Error: Non-static method aRssMore::init() cannot be called statically in /wordpress/wp-content/plugins/a-rss-more/a-rss-more.php:220","level":"FATAL","type":"PHP","test":"ast-sqlite-boot","plugin":"ambrosite-unlink-parent-pages","details":"[13-Jun-2025 05:29:36 UTC] PHP Fatal error:  Uncaught Error: Non-static method aRssMore::init() cannot be called statically in /wordpress/wp-content/plugins/a-rss-more/a-rss-more.php:220\nStack trace:\n#0 /wordpress/wp-admin/includes/plugin.php(2387): include_once()\n#1 /wordpress/wp-admin/includes/plugin.php(673): plugin_sandbox_scrape('a-rss-more/a-rs...')\n#2 /internal/eval.php(20): activate_plugin('a-rss-more/a-rs...')\n#3 {main}\n  thrown in /wordpress/wp-content/plugins/a-rss-more/a-rss-more.php on line 220","log":"/logs/plugins/a/ambrosite-unlink-parent-pages/error.json"}
,
{"message":"Function register_sidebar_widget is <strong>deprecated</strong> since version 2.8.0! Use wp_register_sidebar_widget() instead. in /wordpress/wp-includes/functions.php on line 6121","level":"DEPRECATED","type":"PHP","test":"ast-sqlite-boot","plugin":"ambrosite-unlink-parent-pages","details":"[13-Jun-2025 05:32:44 UTC] PHP Deprecated:  Function register_sidebar_widget is <strong>deprecated</strong> since version 2.8.0! Use wp_register_sidebar_widget() instead. in /wordpress/wp-includes/functions.php on line 6121","log":"/logs/plugins/a/ambrosite-unlink-parent-pages/error.json"}
,
{"message":"Function register_sidebar_widget is <strong>deprecated</strong> since version 2.8.0! Use wp_register_sidebar_widget() instead. in /wordpress/wp-includes/functions.php on line 6121","level":"DEPRECATED","type":"PHP","test":"ast-sqlite-boot","plugin":"ambrosite-unlink-parent-pages","details":"[13-Jun-2025 05:32:53 UTC] PHP Deprecated:  Function register_sidebar_widget is <strong>deprecated</strong> since version 2.8.0! Use wp_register_sidebar_widget() instead. in /wordpress/wp-includes/functions.php on line 6121","log":"/logs/plugins/a/ambrosite-unlink-parent-pages/error.json"}
,
{"message":"Function register_sidebar_widget is <strong>deprecated</strong> since version 2.8.0! Use wp_register_sidebar_widget() instead. in /wordpress/wp-includes/functions.php on line 6121","level":"DEPRECATED","type":"PHP","test":"ast-sqlite-boot","plugin":"ambrosite-unlink-parent-pages","details":"[13-Jun-2025 05:33:03 UTC] PHP Deprecated:  Function register_sidebar_widget is <strong>deprecated</strong> since version 2.8.0! Use wp_register_sidebar_widget() instead. in /wordpress/wp-includes/functions.php on line 6121","log":"/logs/plugins/a/ambrosite-unlink-parent-pages/error.json"}
,
{"message":"Uncaught Error: Class \"WC_Payment_Gateway\" not found in /wordpress/wp-content/plugins/akivaspay/index.php:32","level":"FATAL","type":"PHP","test":"ast-sqlite-boot","plugin":"ambrosite-unlink-parent-pages","details":"[13-Jun-2025 05:33:13 UTC] PHP Fatal error:  Uncaught Error: Class \"WC_Payment_Gateway\" not found in /wordpress/wp-content/plugins/akivaspay/index.php:32\nStack trace:\n#0 /wordpress/wp-includes/class-wp-hook.php(324): apay_init_gateway_class('')\n#1 /wordpress/wp-includes/class-wp-hook.php(348): WP_Hook->apply_filters(NULL, Array)\n#2 /wordpress/wp-includes/plugin.php(517): WP_Hook->do_action(Array)\n#3 /wordpress/wp-settings.php(578): do_action('plugins_loaded')\n#4 /wordpress/wp-config.php(102): require_once('/wordpress/wp-s...')\n#5 /wordpress/wp-load.php(50): require_once('/wordpress/wp-c...')\n#6 /internal/eval.php(3): require_once('/wordpress/wp-l...')\n#7 {main}\n  thrown in /wordpress/wp-content/plugins/akivaspay/index.php on line 32","log":"/logs/plugins/a/ambrosite-unlink-parent-pages/error.json"}
,
{"message":"Uncaught Error: Class \"WC_Payment_Gateway\" not found in /wordpress/wp-content/plugins/akivaspay/index.php:32","level":"FATAL","type":"PHP","test":"ast-sqlite-boot","plugin":"ambrosite-unlink-parent-pages","details":"[13-Jun-2025 05:33:23 UTC] PHP Fatal error:  Uncaught Error: Class \"WC_Payment_Gateway\" not found in /wordpress/wp-content/plugins/akivaspay/index.php:32\nStack trace:\n#0 /wordpress/wp-includes/class-wp-hook.php(324): apay_init_gateway_class('')\n#1 /wordpress/wp-includes/class-wp-hook.php(348): WP_Hook->apply_filters(NULL, Array)\n#2 /wordpress/wp-includes/plugin.php(517): WP_Hook->do_action(Array)\n#3 /wordpress/wp-settings.php(578): do_action('plugins_loaded')\n#4 /wordpress/wp-config.php(102): require_once('/wordpress/wp-s...')\n#5 /wordpress/wp-load.php(50): require_once('/wordpress/wp-c...')\n#6 /internal/eval.php(3): require_once('/wordpress/wp-l...')\n#7 {main}\n  thrown in /wordpress/wp-content/plugins/akivaspay/index.php on line 32","log":"/logs/plugins/a/ambrosite-unlink-parent-pages/error.json"}
,
{"message":"Uncaught Error: Class \"WC_Payment_Gateway\" not found in /wordpress/wp-content/plugins/akivaspay/index.php:32","level":"FATAL","type":"PHP","test":"ast-sqlite-boot","plugin":"ambrosite-unlink-parent-pages","details":"[13-Jun-2025 05:33:32 UTC] PHP Fatal error:  Uncaught Error: Class \"WC_Payment_Gateway\" not found in /wordpress/wp-content/plugins/akivaspay/index.php:32\nStack trace:\n#0 /wordpress/wp-includes/class-wp-hook.php(324): apay_init_gateway_class('')\n#1 /wordpress/wp-includes/class-wp-hook.php(348): WP_Hook->apply_filters(NULL, Array)\n#2 /wordpress/wp-includes/plugin.php(517): WP_Hook->do_action(Array)\n#3 /wordpress/wp-settings.php(578): do_action('plugins_loaded')\n#4 /wordpress/wp-config.php(102): require_once('/wordpress/wp-s...')\n#5 /wordpress/wp-load.php(50): require_once('/wordpress/wp-c...')\n#6 /internal/eval.php(3): require_once('/wordpress/wp-l...')\n#7 {main}\n  thrown in /wordpress/wp-content/plugins/akivaspay/index.php on line 32","log":"/logs/plugins/a/ambrosite-unlink-parent-pages/error.json"}
,
{"message":"Undefined array key \"HTTP_REFERER\" in /wordpress/wp-content/plugins/adsense-only-to-search-engine-and-social-network/index.php on line 133","level":"WARNING","type":"PHP","test":"ast-sqlite-boot","plugin":"ambrosite-unlink-parent-pages","details":"[13-Jun-2025 05:34:05 UTC] PHP Warning:  Undefined array key \"HTTP_REFERER\" in /wordpress/wp-content/plugins/adsense-only-to-search-engine-and-social-network/index.php on line 133","log":"/logs/plugins/a/ambrosite-unlink-parent-pages/error.json"}
,
{"message":"Undefined array key \"HTTP_REFERER\" in /wordpress/wp-content/plugins/adsense-only-to-search-engine-and-social-network/index.php on line 133","level":"WARNING","type":"PHP","test":"ast-sqlite-boot","plugin":"ambrosite-unlink-parent-pages","details":"[13-Jun-2025 05:34:15 UTC] PHP Warning:  Undefined array key \"HTTP_REFERER\" in /wordpress/wp-content/plugins/adsense-only-to-search-engine-and-social-network/index.php on line 133","log":"/logs/plugins/a/ambrosite-unlink-parent-pages/error.json"}
,
{"message":"Undefined array key \"HTTP_REFERER\" in /wordpress/wp-content/plugins/adsense-only-to-search-engine-and-social-network/index.php on line 133","level":"WARNING","type":"PHP","test":"ast-sqlite-boot","plugin":"ambrosite-unlink-parent-pages","details":"[13-Jun-2025 05:34:24 UTC] PHP Warning:  Undefined array key \"HTTP_REFERER\" in /wordpress/wp-content/plugins/adsense-only-to-search-engine-and-social-network/index.php on line 133","log":"/logs/plugins/a/ambrosite-unlink-parent-pages/error.json"}
,
{"message":"Function _load_textdomain_just_in_time was called <strong>incorrectly</strong>. Translation loading for the <code>advanced-visual-elements</code> domain was triggered too early. This is usually an indicator for some code in the plugin or theme running too early. Translations should be loaded at the <code>init</code> action or later. Please see <a href=\"https://developer.wordpress.org/advanced-administration/debug/debug-wordpress/\">Debugging in WordPress</a> for more information. (This message was added in version 6.7.0.) in /wordpress/wp-includes/functions.php on line 6121","level":"NOTICE","type":"PHP","test":"ast-sqlite-boot","plugin":"ambrosite-unlink-parent-pages","details":"[13-Jun-2025 05:35:08 UTC] PHP Notice:  Function _load_textdomain_just_in_time was called <strong>incorrectly</strong>. Translation loading for the <code>advanced-visual-elements</code> domain was triggered too early. This is usually an indicator for some code in the plugin or theme running too early. Translations should be loaded at the <code>init</code> action or later. Please see <a href=\"https://developer.wordpress.org/advanced-administration/debug/debug-wordpress/\">Debugging in WordPress</a> for more information. (This message was added in version 6.7.0.) in /wordpress/wp-includes/functions.php on line 6121","log":"/logs/plugins/a/ambrosite-unlink-parent-pages/error.json"}
,
{"message":"Uncaught Error: Call to undefined function wp_validate_redirect() in /wordpress/wp-includes/http.php:655","level":"FATAL","type":"PHP","test":"ast-sqlite-boot","plugin":"ambrosite-unlink-parent-pages","details":"[13-Jun-2025 05:35:08 UTC] PHP Fatal error:  Uncaught Error: Call to undefined function wp_validate_redirect() in /wordpress/wp-includes/http.php:655\nStack trace:\n#0 /wordpress/wp-includes/class-wp-hook.php(326): allowed_http_request_hosts(false, 'wp-ave.com')\n#1 /wordpress/wp-includes/plugin.php(205): WP_Hook->apply_filters(false, Array)\n#2 /wordpress/wp-includes/http.php(607): apply_filters('http_request_ho...', false, 'wp-ave.com', 'https://wp-ave....')\n#3 /wordpress/wp-includes/class-wp-http.php(285): wp_http_validate_url('https://wp-ave....')\n#4 /wordpress/wp-includes/class-wp-http.php(638): WP_Http->request('https://wp-ave....', Array)\n#5 /wordpress/wp-includes/http.php(107): WP_Http->post('https://wp-ave....', Array)\n#6 /wordpress/wp-content/plugins/advanced-visual-elements/includes/class-adv-vis-ele-library.php(62): wp_safe_remote_post('https://wp-ave....', Array)\n#7 /wordpress/wp-content/plugins/advanced-visual-elements/includes/class-adv-vis-ele.php(24): Adv_Vis_Ele_Library->__construct()\n#8 /wordpress/wp-content/plugins/advanced-visual-elemen in /wordpress/wp-includes/http.php on line 655","log":"/logs/plugins/a/ambrosite-unlink-parent-pages/error.json"}
,
{"message":"Function _load_textdomain_just_in_time was called <strong>incorrectly</strong>. Translation loading for the <code>advanced-visual-elements</code> domain was triggered too early. This is usually an indicator for some code in the plugin or theme running too early. Translations should be loaded at the <code>init</code> action or later. Please see <a href=\"https://developer.wordpress.org/advanced-administration/debug/debug-wordpress/\">Debugging in WordPress</a> for more information. (This message was added in version 6.7.0.) in /wordpress/wp-includes/functions.php on line 6121","level":"NOTICE","type":"PHP","test":"ast-sqlite-boot","plugin":"ambrosite-unlink-parent-pages","details":"[13-Jun-2025 05:35:24 UTC] PHP Notice:  Function _load_textdomain_just_in_time was called <strong>incorrectly</strong>. Translation loading for the <code>advanced-visual-elements</code> domain was triggered too early. This is usually an indicator for some code in the plugin or theme running too early. Translations should be loaded at the <code>init</code> action or later. Please see <a href=\"https://developer.wordpress.org/advanced-administration/debug/debug-wordpress/\">Debugging in WordPress</a> for more information. (This message was added in version 6.7.0.) in /wordpress/wp-includes/functions.php on line 6121","log":"/logs/plugins/a/ambrosite-unlink-parent-pages/error.json"}
,
{"message":"Uncaught Error: Call to undefined function wp_validate_redirect() in /wordpress/wp-includes/http.php:655","level":"FATAL","type":"PHP","test":"ast-sqlite-boot","plugin":"ambrosite-unlink-parent-pages","details":"[13-Jun-2025 05:35:24 UTC] PHP Fatal error:  Uncaught Error: Call to undefined function wp_validate_redirect() in /wordpress/wp-includes/http.php:655\nStack trace:\n#0 /wordpress/wp-includes/class-wp-hook.php(326): allowed_http_request_hosts(false, 'wp-ave.com')\n#1 /wordpress/wp-includes/plugin.php(205): WP_Hook->apply_filters(false, Array)\n#2 /wordpress/wp-includes/http.php(607): apply_filters('http_request_ho...', false, 'wp-ave.com', 'https://wp-ave....')\n#3 /wordpress/wp-includes/class-wp-http.php(285): wp_http_validate_url('https://wp-ave....')\n#4 /wordpress/wp-includes/class-wp-http.php(638): WP_Http->request('https://wp-ave....', Array)\n#5 /wordpress/wp-includes/http.php(107): WP_Http->post('https://wp-ave....', Array)\n#6 /wordpress/wp-content/plugins/advanced-visual-elements/includes/class-adv-vis-ele-library.php(62): wp_safe_remote_post('https://wp-ave....', Array)\n#7 /wordpress/wp-content/plugins/advanced-visual-elements/includes/class-adv-vis-ele.php(24): Adv_Vis_Ele_Library->__construct()\n#8 /wordpress/wp-content/plugins/advanced-visual-elemen in /wordpress/wp-includes/http.php on line 655","log":"/logs/plugins/a/ambrosite-unlink-parent-pages/error.json"}
,
{"message":"Function _load_textdomain_just_in_time was called <strong>incorrectly</strong>. Translation loading for the <code>advanced-visual-elements</code> domain was triggered too early. This is usually an indicator for some code in the plugin or theme running too early. Translations should be loaded at the <code>init</code> action or later. Please see <a href=\"https://developer.wordpress.org/advanced-administration/debug/debug-wordpress/\">Debugging in WordPress</a> for more information. (This message was added in version 6.7.0.) in /wordpress/wp-includes/functions.php on line 6121","level":"NOTICE","type":"PHP","test":"ast-sqlite-boot","plugin":"ambrosite-unlink-parent-pages","details":"[13-Jun-2025 05:35:39 UTC] PHP Notice:  Function _load_textdomain_just_in_time was called <strong>incorrectly</strong>. Translation loading for the <code>advanced-visual-elements</code> domain was triggered too early. This is usually an indicator for some code in the plugin or theme running too early. Translations should be loaded at the <code>init</code> action or later. Please see <a href=\"https://developer.wordpress.org/advanced-administration/debug/debug-wordpress/\">Debugging in WordPress</a> for more information. (This message was added in version 6.7.0.) in /wordpress/wp-includes/functions.php on line 6121","log":"/logs/plugins/a/ambrosite-unlink-parent-pages/error.json"}
,
{"message":"Uncaught Error: Call to undefined function wp_validate_redirect() in /wordpress/wp-includes/http.php:655","level":"FATAL","type":"PHP","test":"ast-sqlite-boot","plugin":"ambrosite-unlink-parent-pages","details":"[13-Jun-2025 05:35:39 UTC] PHP Fatal error:  Uncaught Error: Call to undefined function wp_validate_redirect() in /wordpress/wp-includes/http.php:655\nStack trace:\n#0 /wordpress/wp-includes/class-wp-hook.php(326): allowed_http_request_hosts(false, 'wp-ave.com')\n#1 /wordpress/wp-includes/plugin.php(205): WP_Hook->apply_filters(false, Array)\n#2 /wordpress/wp-includes/http.php(607): apply_filters('http_request_ho...', false, 'wp-ave.com', 'https://wp-ave....')\n#3 /wordpress/wp-includes/class-wp-http.php(285): wp_http_validate_url('https://wp-ave....')\n#4 /wordpress/wp-includes/class-wp-http.php(638): WP_Http->request('https://wp-ave....', Array)\n#5 /wordpress/wp-includes/http.php(107): WP_Http->post('https://wp-ave....', Array)\n#6 /wordpress/wp-content/plugins/advanced-visual-elements/includes/class-adv-vis-ele-library.php(62): wp_safe_remote_post('https://wp-ave....', Array)\n#7 /wordpress/wp-content/plugins/advanced-visual-elements/includes/class-adv-vis-ele.php(24): Adv_Vis_Ele_Library->__construct()\n#8 /wordpress/wp-content/plugins/advanced-visual-elemen in /wordpress/wp-includes/http.php on line 655","log":"/logs/plugins/a/ambrosite-unlink-parent-pages/error.json"}
,
{"message":"Uncaught Error: Undefined constant \"STDERR\" in /wordpress/wp-content/plugins/ai-chat-with-pages/vendor/composer/platform_check.php:17","level":"FATAL","type":"PHP","test":"ast-sqlite-boot","plugin":"ambrosite-unlink-parent-pages","details":"[13-Jun-2025 05:35:50 UTC] PHP Fatal error:  Uncaught Error: Undefined constant \"STDERR\" in /wordpress/wp-content/plugins/ai-chat-with-pages/vendor/composer/platform_check.php:17\nStack trace:\n#0 /wordpress/wp-content/plugins/ai-chat-with-pages/vendor/composer/autoload_real.php(25): require()\n#1 /wordpress/wp-content/plugins/ai-chat-with-pages/vendor/autoload.php(25): ComposerAutoloaderInit7877be303659344231e8dd317e61f3ac::getLoader()\n#2 /wordpress/wp-content/plugins/ai-chat-with-pages/core/ai-chat-with-pages-settings.php(5): require_once('/wordpress/wp-c...')\n#3 /wordpress/wp-content/plugins/ai-chat-with-pages/ai-chat-with-pages.php(44): require_once('/wordpress/wp-c...')\n#4 /wordpress/wp-admin/includes/plugin.php(2387): include_once('/wordpress/wp-c...')\n#5 /wordpress/wp-admin/includes/plugin.php(673): plugin_sandbox_scrape('ai-chat-with-pa...')\n#6 /internal/eval.php(20): activate_plugin('ai-chat-with-pa...')\n#7 {main}\n  thrown in /wordpress/wp-content/plugins/ai-chat-with-pages/vendor/composer/platform_check.php on line 17","log":"/logs/plugins/a/ambrosite-unlink-parent-pages/error.json"}
,
{"message":"Uncaught Error: Undefined constant \"STDERR\" in /wordpress/wp-content/plugins/ai-chat-with-pages/vendor/composer/platform_check.php:17","level":"FATAL","type":"PHP","test":"ast-sqlite-boot","plugin":"ambrosite-unlink-parent-pages","details":"[13-Jun-2025 05:36:00 UTC] PHP Fatal error:  Uncaught Error: Undefined constant \"STDERR\" in /wordpress/wp-content/plugins/ai-chat-with-pages/vendor/composer/platform_check.php:17\nStack trace:\n#0 /wordpress/wp-content/plugins/ai-chat-with-pages/vendor/composer/autoload_real.php(25): require()\n#1 /wordpress/wp-content/plugins/ai-chat-with-pages/vendor/autoload.php(25): ComposerAutoloaderInit7877be303659344231e8dd317e61f3ac::getLoader()\n#2 /wordpress/wp-content/plugins/ai-chat-with-pages/core/ai-chat-with-pages-settings.php(5): require_once('/wordpress/wp-c...')\n#3 /wordpress/wp-content/plugins/ai-chat-with-pages/ai-chat-with-pages.php(44): require_once('/wordpress/wp-c...')\n#4 /wordpress/wp-admin/includes/plugin.php(2387): include_once('/wordpress/wp-c...')\n#5 /wordpress/wp-admin/includes/plugin.php(673): plugin_sandbox_scrape('ai-chat-with-pa...')\n#6 /internal/eval.php(20): activate_plugin('ai-chat-with-pa...')\n#7 {main}\n  thrown in /wordpress/wp-content/plugins/ai-chat-with-pages/vendor/composer/platform_check.php on line 17","log":"/logs/plugins/a/ambrosite-unlink-parent-pages/error.json"}
,
{"message":"Uncaught Error: Undefined constant \"STDERR\" in /wordpress/wp-content/plugins/ai-chat-with-pages/vendor/composer/platform_check.php:17","level":"FATAL","type":"PHP","test":"ast-sqlite-boot","plugin":"ambrosite-unlink-parent-pages","details":"[13-Jun-2025 05:36:10 UTC] PHP Fatal error:  Uncaught Error: Undefined constant \"STDERR\" in /wordpress/wp-content/plugins/ai-chat-with-pages/vendor/composer/platform_check.php:17\nStack trace:\n#0 /wordpress/wp-content/plugins/ai-chat-with-pages/vendor/composer/autoload_real.php(25): require()\n#1 /wordpress/wp-content/plugins/ai-chat-with-pages/vendor/autoload.php(25): ComposerAutoloaderInit7877be303659344231e8dd317e61f3ac::getLoader()\n#2 /wordpress/wp-content/plugins/ai-chat-with-pages/core/ai-chat-with-pages-settings.php(5): require_once('/wordpress/wp-c...')\n#3 /wordpress/wp-content/plugins/ai-chat-with-pages/ai-chat-with-pages.php(44): require_once('/wordpress/wp-c...')\n#4 /wordpress/wp-admin/includes/plugin.php(2387): include_once('/wordpress/wp-c...')\n#5 /wordpress/wp-admin/includes/plugin.php(673): plugin_sandbox_scrape('ai-chat-with-pa...')\n#6 /internal/eval.php(20): activate_plugin('ai-chat-with-pa...')\n#7 {main}\n  thrown in /wordpress/wp-content/plugins/ai-chat-with-pages/vendor/composer/platform_check.php on line 17","log":"/logs/plugins/a/ambrosite-unlink-parent-pages/error.json"}
,
{"message":"Uncaught Doctrine\\Common\\Annotations\\AnnotationException: [Semantical Error] The annotation \"@Configuration\" in class AllInData\\CF7CRIntegration\\PluginConfiguration was never imported. Did you maybe forget to add a \"use\" statement for this annotation? in /wordpress/wp-content/plugins/allindata-cf7-cleverreach-integration/vendor/doctrine/annotations/lib/Doctrine/Common/Annotations/AnnotationException.php:54","level":"FATAL","type":"PHP","test":"ast-sqlite-boot","plugin":"ambrosite-unlink-parent-pages","details":"[13-Jun-2025 05:38:01 UTC] PHP Fatal error:  Uncaught Doctrine\\Common\\Annotations\\AnnotationException: [Semantical Error] The annotation \"@Configuration\" in class AllInData\\CF7CRIntegration\\PluginConfiguration was never imported. Did you maybe forget to add a \"use\" statement for this annotation? in /wordpress/wp-content/plugins/allindata-cf7-cleverreach-integration/vendor/doctrine/annotations/lib/Doctrine/Common/Annotations/AnnotationException.php:54\nStack trace:\n#0 /wordpress/wp-content/plugins/allindata-cf7-cleverreach-integration/vendor/doctrine/annotations/lib/Doctrine/Common/Annotations/DocParser.php(732): Doctrine\\Common\\Annotations\\AnnotationException::semanticalError('The annotation ...')\n#1 /wordpress/wp-content/plugins/allindata-cf7-cleverreach-integration/vendor/doctrine/annotations/lib/Doctrine/Common/Annotations/DocParser.php(661): Doctrine\\Common\\Annotations\\DocParser->Annotation()\n#2 /wordpress/wp-content/plugins/allindata-cf7-cleverreach-integration/vendor/doctrine/annotations/lib/Doctrine/Common/Annotations/DocParser.php(354): Doctrine\\Common\\Annotations\\DocParser->Annotations()\n#3 /wordpress/wp-content/plugins/allindata-cf7-cleverreach-integration/vendor/doctrine/annotations/lib/Doctrine/Common/Annotations/AnnotationReader.php(218): Doctrine\\Common\\Annotations\\DocParser->parse('/**\\n * Class Pl...', 'class AllInData...')\n#4 /wordpress/wp-content/plugins/allindata-cf7-cleverreach-integration/vendor/doctrine/annotations/lib/Doctrine/Common/Annotations/AnnotationReader.php(226): Doctrine\\Common\\Annotations\\AnnotationReader->getClassAnnotations(Object(ReflectionClass))\n#5 /wordpress/wp-content/plugins/allindata-cf7-cleverreach-integration/vendor/bitexpert/disco/src/bitExpert/Disco/Proxy/Configuration/ConfigurationGenerator.php(85): Doctrine\\Common\\Annotations\\AnnotationReader->getClassAnnotation(Object(ReflectionClass), 'bitExpert\\\\Disco...')\n#6 /wordpress/wp-content/plugins/allindata-cf7-cleverreach-integration/vendor/ocramius/proxy-manager/src/ProxyManager/Factory/AbstractBaseFactory.php(106): bitExpert\\Disco\\Proxy\\Configuration\\ConfigurationGenerator->generate(Object(ReflectionClass), Object(ProxyManager\\Generator\\ClassGenerator), Array)\n#7 /wordpress/wp-content/plugins/allindata-cf7-cleverreach-integration/vendor/ocramius/proxy-manager/src/ProxyManager/Factory/AbstractBaseFactory.php(72): ProxyManager\\Factory\\AbstractBaseFactory->generateProxyClass('ProxyManagerGen...', 'AllInData\\\\CF7CR...', Array, Array)\n#8 /wordpress/wp-content/plugins/allindata-cf7-cleverreach-integration/vendor/bitexpert/disco/src/bitExpert/Disco/Proxy/Configuration/ConfigurationFactory.php(54): ProxyManager\\Factory\\AbstractBaseFactory->generateProxy('AllInData\\\\CF7CR...')\n#9 /wordpress/wp-content/plugins/allindata-cf7-cleverreach-integration/vendor/bitexpert/disco/src/bitExpert/Disco/AnnotationBeanFactory.php(44): bitExpert\\Disco\\Proxy\\Configuration\\ConfigurationFactory->createInstance(Object(bitExpert\\Disco\\BeanFactoryConfiguration), 'AllInData\\\\CF7CR...', Array)\n#10 /wordpress/wp-content/plugins/allindata-cf7-cleverreach-integration/vendor/allindata/wordpress-micro-core/src/Init.php(116): bitExpert\\Disco\\AnnotationBeanFactory->__construct('AllInData\\\\CF7CR...', Array, Object(bitExpert\\Disco\\BeanFactoryConfiguration))\n#11 /wordpress/wp-content/plugins/allindata-cf7-cleverreach-integration/vendor/allindata/wordpress-micro-core/src/Init.php(56): AllInData\\Micro\\Core\\Init->loadPlugin('allindata-cf7-c...', '/wordpress/tmp/', 'AllInData\\\\CF7CR...')\n#12 /wordpress/wp-includes/class-wp-hook.php(324): AllInData\\Micro\\Core\\Init::init('')\n#13 /wordpress/wp-includes/class-wp-hook.php(348): WP_Hook->apply_filters('', Array)\n#14 /wordpress/wp-includes/plugin.php(517): WP_Hook->do_action(Array)\n#15 /wordpress/wp-content/plugins/allindata-cf7-cleverreach-integration/vendor/allindata/wordpress-micro-core/src/Init.php(12): do_action('allindata/micro...')\n#16 /wordpress/wp-includes/class-wp-hook.php(324): AllInData\\Micro\\Core\\{closure}('')\n#17 /wordpress/wp-includes/class-wp-hook.php(348): WP_Hook->apply_filters(NULL, Array)\n#18 /wordpress/wp-includes/plugin.php(517): WP_Hook->do_action(Array)\n#19 /wordpress/wp-settings.php(578): do_action('plugins_loaded')\n#20 /wordpress/wp-config.php(102): require_once('/wordpress/wp-s...')\n#21 /wordpress/wp-load.php(50): require_once('/wordpress/wp-c...')\n#22 /internal/eval.php(3): require_once('/wordpress/wp-l...')\n#23 {main}\n\nNext ProxyManager\\Exception\\InvalidProxiedClassException: [Semantical Error] The annotation \"@Configuration\" in class AllInData\\CF7CRIntegration\\PluginConfiguration was never imported. Did you maybe forget to add a \"use\" statement for this annotation? in /wordpress/wp-content/plugins/allindata-cf7-cleverreach-integration/vendor/bitexpert/disco/src/bitExpert/Disco/Proxy/Configuration/ConfigurationGenerator.php:87\nStack trace:\n#0 /wordpress/wp-content/plugins/allindata-cf7-cleverreach-integration/vendor/ocramius/proxy-manager/src/ProxyManager/Factory/AbstractBaseFactory.php(106): bitExpert\\Disco\\Proxy\\Configuration\\ConfigurationGenerator->generate(Object(ReflectionClass), Object(ProxyManager\\Generator\\ClassGenerator), Array)\n#1 /wordpress/wp-content/plugins/allindata-cf7-cleverreach-integration/vendor/ocramius/proxy-manager/src/ProxyManager/Factory/AbstractBaseFactory.php(72): ProxyManager\\Factory\\AbstractBaseFactory->generateProxyClass('ProxyManagerGen...', 'AllInData\\\\CF7CR...', Array, Array)\n#2 /wordpress/wp-content/plugins/allindata-cf7-cleverreach-integration/vendor/bitexpert/disco/src/bitExpert/Disco/Proxy/Configuration/ConfigurationFactory.php(54): ProxyManager\\Factory\\AbstractBaseFactory->generateProxy('AllInData\\\\CF7CR...')\n#3 /wordpress/wp-content/plugins/allindata-cf7-cleverreach-integration/vendor/bitexpert/disco/src/bitExpert/Disco/AnnotationBeanFactory.php(44): bitExpert\\Disco\\Proxy\\Configuration\\ConfigurationFactory->createInstance(Object(bitExpert\\Disco\\BeanFactoryConfiguration), 'AllInData\\\\CF7CR...', Array)\n#4 /wordpress/wp-content/plugins/allindata-cf7-cleverreach-integration/vendor/allindata/wordpress-micro-core/src/Init.php(116): bitExpert\\Disco\\AnnotationBeanFactory->__construct('AllInData\\\\CF7CR...', Array, Object(bitExpert\\Disco\\BeanFactoryConfiguration))\n#5 /wordpress/wp-content/plugins/allindata-cf7-cleverreach-integration/vendor/allindata/wordpress-micro-core/src/Init.php(56): AllInData\\Micro\\Core\\Init->loadPlugin('allindata-cf7-c...', '/wordpress/tmp/', 'AllInData\\\\CF7CR...')\n#6 /wordpress/wp-includes/class-wp-hook.php(324): AllInData\\Micro\\Core\\Init::init('')\n#7 /wordpress/wp-includes/class-wp-hook.php(348): WP_Hook->apply_filters('', Array)\n#8 /wordpress/wp-includes/plugin.php(517): WP_Hook->do_action(Array)\n#9 /wordpress/wp-content/plugins/allindata-cf7-cleverreach-integration/vendor/allindata/wordpress-micro-core/src/Init.php(12): do_action('allindata/micro...')\n#10 /wordpress/wp-includes/class-wp-hook.php(324): AllInData\\Micro\\Core\\{closure}('')\n#11 /wordpress/wp-includes/class-wp-hook.php(348): WP_Hook->apply_filters(NULL, Array)\n#12 /wordpress/wp-includes/plugin.php(517): WP_Hook->do_action(Array)\n#13 /wordpress/wp-settings.php(578): do_action('plugins_loaded')\n#14 /wordpress/wp-config.php(102): require_once('/wordpress/wp-s...')\n#15 /wordpress/wp-load.php(50): require_once('/wordpress/wp-c...')\n#16 /internal/eval.php(3): require_once('/wordpress/wp-l...')\n#17 {main}\n  thrown in /wordpress/wp-content/plugins/allindata-cf7-cleverreach-integration/vendor/bitexpert/disco/src/bitExpert/Disco/Proxy/Configuration/ConfigurationGenerator.php on line 87","log":"/logs/plugins/a/ambrosite-unlink-parent-pages/error.json"}
,
{"message":"Uncaught Doctrine\\Common\\Annotations\\AnnotationException: [Semantical Error] The annotation \"@Configuration\" in class AllInData\\CF7CRIntegration\\PluginConfiguration was never imported. Did you maybe forget to add a \"use\" statement for this annotation? in /wordpress/wp-content/plugins/allindata-cf7-cleverreach-integration/vendor/doctrine/annotations/lib/Doctrine/Common/Annotations/AnnotationException.php:54","level":"FATAL","type":"PHP","test":"ast-sqlite-boot","plugin":"ambrosite-unlink-parent-pages","details":"[13-Jun-2025 05:38:13 UTC] PHP Fatal error:  Uncaught Doctrine\\Common\\Annotations\\AnnotationException: [Semantical Error] The annotation \"@Configuration\" in class AllInData\\CF7CRIntegration\\PluginConfiguration was never imported. Did you maybe forget to add a \"use\" statement for this annotation? in /wordpress/wp-content/plugins/allindata-cf7-cleverreach-integration/vendor/doctrine/annotations/lib/Doctrine/Common/Annotations/AnnotationException.php:54\nStack trace:\n#0 /wordpress/wp-content/plugins/allindata-cf7-cleverreach-integration/vendor/doctrine/annotations/lib/Doctrine/Common/Annotations/DocParser.php(732): Doctrine\\Common\\Annotations\\AnnotationException::semanticalError('The annotation ...')\n#1 /wordpress/wp-content/plugins/allindata-cf7-cleverreach-integration/vendor/doctrine/annotations/lib/Doctrine/Common/Annotations/DocParser.php(661): Doctrine\\Common\\Annotations\\DocParser->Annotation()\n#2 /wordpress/wp-content/plugins/allindata-cf7-cleverreach-integration/vendor/doctrine/annotations/lib/Doctrine/Common/Annotations/DocParser.php(354): Doctrine\\Common\\Annotations\\DocParser->Annotations()\n#3 /wordpress/wp-content/plugins/allindata-cf7-cleverreach-integration/vendor/doctrine/annotations/lib/Doctrine/Common/Annotations/AnnotationReader.php(218): Doctrine\\Common\\Annotations\\DocParser->parse('/**\\n * Class Pl...', 'class AllInData...')\n#4 /wordpress/wp-content/plugins/allindata-cf7-cleverreach-integration/vendor/doctrine/annotations/lib/Doctrine/Common/Annotations/AnnotationReader.php(226): Doctrine\\Common\\Annotations\\AnnotationReader->getClassAnnotations(Object(ReflectionClass))\n#5 /wordpress/wp-content/plugins/allindata-cf7-cleverreach-integration/vendor/bitexpert/disco/src/bitExpert/Disco/Proxy/Configuration/ConfigurationGenerator.php(85): Doctrine\\Common\\Annotations\\AnnotationReader->getClassAnnotation(Object(ReflectionClass), 'bitExpert\\\\Disco...')\n#6 /wordpress/wp-content/plugins/allindata-cf7-cleverreach-integration/vendor/ocramius/proxy-manager/src/ProxyManager/Factory/AbstractBaseFactory.php(106): bitExpert\\Disco\\Proxy\\Configuration\\ConfigurationGenerator->generate(Object(ReflectionClass), Object(ProxyManager\\Generator\\ClassGenerator), Array)\n#7 /wordpress/wp-content/plugins/allindata-cf7-cleverreach-integration/vendor/ocramius/proxy-manager/src/ProxyManager/Factory/AbstractBaseFactory.php(72): ProxyManager\\Factory\\AbstractBaseFactory->generateProxyClass('ProxyManagerGen...', 'AllInData\\\\CF7CR...', Array, Array)\n#8 /wordpress/wp-content/plugins/allindata-cf7-cleverreach-integration/vendor/bitexpert/disco/src/bitExpert/Disco/Proxy/Configuration/ConfigurationFactory.php(54): ProxyManager\\Factory\\AbstractBaseFactory->generateProxy('AllInData\\\\CF7CR...')\n#9 /wordpress/wp-content/plugins/allindata-cf7-cleverreach-integration/vendor/bitexpert/disco/src/bitExpert/Disco/AnnotationBeanFactory.php(44): bitExpert\\Disco\\Proxy\\Configuration\\ConfigurationFactory->createInstance(Object(bitExpert\\Disco\\BeanFactoryConfiguration), 'AllInData\\\\CF7CR...', Array)\n#10 /wordpress/wp-content/plugins/allindata-cf7-cleverreach-integration/vendor/allindata/wordpress-micro-core/src/Init.php(116): bitExpert\\Disco\\AnnotationBeanFactory->__construct('AllInData\\\\CF7CR...', Array, Object(bitExpert\\Disco\\BeanFactoryConfiguration))\n#11 /wordpress/wp-content/plugins/allindata-cf7-cleverreach-integration/vendor/allindata/wordpress-micro-core/src/Init.php(56): AllInData\\Micro\\Core\\Init->loadPlugin('allindata-cf7-c...', '/wordpress/tmp/', 'AllInData\\\\CF7CR...')\n#12 /wordpress/wp-includes/class-wp-hook.php(324): AllInData\\Micro\\Core\\Init::init('')\n#13 /wordpress/wp-includes/class-wp-hook.php(348): WP_Hook->apply_filters('', Array)\n#14 /wordpress/wp-includes/plugin.php(517): WP_Hook->do_action(Array)\n#15 /wordpress/wp-content/plugins/allindata-cf7-cleverreach-integration/vendor/allindata/wordpress-micro-core/src/Init.php(12): do_action('allindata/micro...')\n#16 /wordpress/wp-includes/class-wp-hook.php(324): AllInData\\Micro\\Core\\{closure}('')\n#17 /wordpress/wp-includes/class-wp-hook.php(348): WP_Hook->apply_filters(NULL, Array)\n#18 /wordpress/wp-includes/plugin.php(517): WP_Hook->do_action(Array)\n#19 /wordpress/wp-settings.php(578): do_action('plugins_loaded')\n#20 /wordpress/wp-config.php(102): require_once('/wordpress/wp-s...')\n#21 /wordpress/wp-load.php(50): require_once('/wordpress/wp-c...')\n#22 /internal/eval.php(3): require_once('/wordpress/wp-l...')\n#23 {main}\n\nNext ProxyManager\\Exception\\InvalidProxiedClassException: [Semantical Error] The annotation \"@Configuration\" in class AllInData\\CF7CRIntegration\\PluginConfiguration was never imported. Did you maybe forget to add a \"use\" statement for this annotation? in /wordpress/wp-content/plugins/allindata-cf7-cleverreach-integration/vendor/bitexpert/disco/src/bitExpert/Disco/Proxy/Configuration/ConfigurationGenerator.php:87\nStack trace:\n#0 /wordpress/wp-content/plugins/allindata-cf7-cleverreach-integration/vendor/ocramius/proxy-manager/src/ProxyManager/Factory/AbstractBaseFactory.php(106): bitExpert\\Disco\\Proxy\\Configuration\\ConfigurationGenerator->generate(Object(ReflectionClass), Object(ProxyManager\\Generator\\ClassGenerator), Array)\n#1 /wordpress/wp-content/plugins/allindata-cf7-cleverreach-integration/vendor/ocramius/proxy-manager/src/ProxyManager/Factory/AbstractBaseFactory.php(72): ProxyManager\\Factory\\AbstractBaseFactory->generateProxyClass('ProxyManagerGen...', 'AllInData\\\\CF7CR...', Array, Array)\n#2 /wordpress/wp-content/plugins/allindata-cf7-cleverreach-integration/vendor/bitexpert/disco/src/bitExpert/Disco/Proxy/Configuration/ConfigurationFactory.php(54): ProxyManager\\Factory\\AbstractBaseFactory->generateProxy('AllInData\\\\CF7CR...')\n#3 /wordpress/wp-content/plugins/allindata-cf7-cleverreach-integration/vendor/bitexpert/disco/src/bitExpert/Disco/AnnotationBeanFactory.php(44): bitExpert\\Disco\\Proxy\\Configuration\\ConfigurationFactory->createInstance(Object(bitExpert\\Disco\\BeanFactoryConfiguration), 'AllInData\\\\CF7CR...', Array)\n#4 /wordpress/wp-content/plugins/allindata-cf7-cleverreach-integration/vendor/allindata/wordpress-micro-core/src/Init.php(116): bitExpert\\Disco\\AnnotationBeanFactory->__construct('AllInData\\\\CF7CR...', Array, Object(bitExpert\\Disco\\BeanFactoryConfiguration))\n#5 /wordpress/wp-content/plugins/allindata-cf7-cleverreach-integration/vendor/allindata/wordpress-micro-core/src/Init.php(56): AllInData\\Micro\\Core\\Init->loadPlugin('allindata-cf7-c...', '/wordpress/tmp/', 'AllInData\\\\CF7CR...')\n#6 /wordpress/wp-includes/class-wp-hook.php(324): AllInData\\Micro\\Core\\Init::init('')\n#7 /wordpress/wp-includes/class-wp-hook.php(348): WP_Hook->apply_filters('', Array)\n#8 /wordpress/wp-includes/plugin.php(517): WP_Hook->do_action(Array)\n#9 /wordpress/wp-content/plugins/allindata-cf7-cleverreach-integration/vendor/allindata/wordpress-micro-core/src/Init.php(12): do_action('allindata/micro...')\n#10 /wordpress/wp-includes/class-wp-hook.php(324): AllInData\\Micro\\Core\\{closure}('')\n#11 /wordpress/wp-includes/class-wp-hook.php(348): WP_Hook->apply_filters(NULL, Array)\n#12 /wordpress/wp-includes/plugin.php(517): WP_Hook->do_action(Array)\n#13 /wordpress/wp-settings.php(578): do_action('plugins_loaded')\n#14 /wordpress/wp-config.php(102): require_once('/wordpress/wp-s...')\n#15 /wordpress/wp-load.php(50): require_once('/wordpress/wp-c...')\n#16 /internal/eval.php(3): require_once('/wordpress/wp-l...')\n#17 {main}\n  thrown in /wordpress/wp-content/plugins/allindata-cf7-cleverreach-integration/vendor/bitexpert/disco/src/bitExpert/Disco/Proxy/Configuration/ConfigurationGenerator.php on line 87","log":"/logs/plugins/a/ambrosite-unlink-parent-pages/error.json"}
,
{"message":"Uncaught Doctrine\\Common\\Annotations\\AnnotationException: [Semantical Error] The annotation \"@Configuration\" in class AllInData\\CF7CRIntegration\\PluginConfiguration was never imported. Did you maybe forget to add a \"use\" statement for this annotation? in /wordpress/wp-content/plugins/allindata-cf7-cleverreach-integration/vendor/doctrine/annotations/lib/Doctrine/Common/Annotations/AnnotationException.php:54","level":"FATAL","type":"PHP","test":"ast-sqlite-boot","plugin":"ambrosite-unlink-parent-pages","details":"[13-Jun-2025 05:38:24 UTC] PHP Fatal error:  Uncaught Doctrine\\Common\\Annotations\\AnnotationException: [Semantical Error] The annotation \"@Configuration\" in class AllInData\\CF7CRIntegration\\PluginConfiguration was never imported. Did you maybe forget to add a \"use\" statement for this annotation? in /wordpress/wp-content/plugins/allindata-cf7-cleverreach-integration/vendor/doctrine/annotations/lib/Doctrine/Common/Annotations/AnnotationException.php:54\nStack trace:\n#0 /wordpress/wp-content/plugins/allindata-cf7-cleverreach-integration/vendor/doctrine/annotations/lib/Doctrine/Common/Annotations/DocParser.php(732): Doctrine\\Common\\Annotations\\AnnotationException::semanticalError('The annotation ...')\n#1 /wordpress/wp-content/plugins/allindata-cf7-cleverreach-integration/vendor/doctrine/annotations/lib/Doctrine/Common/Annotations/DocParser.php(661): Doctrine\\Common\\Annotations\\DocParser->Annotation()\n#2 /wordpress/wp-content/plugins/allindata-cf7-cleverreach-integration/vendor/doctrine/annotations/lib/Doctrine/Common/Annotations/DocParser.php(354): Doctrine\\Common\\Annotations\\DocParser->Annotations()\n#3 /wordpress/wp-content/plugins/allindata-cf7-cleverreach-integration/vendor/doctrine/annotations/lib/Doctrine/Common/Annotations/AnnotationReader.php(218): Doctrine\\Common\\Annotations\\DocParser->parse('/**\\n * Class Pl...', 'class AllInData...')\n#4 /wordpress/wp-content/plugins/allindata-cf7-cleverreach-integration/vendor/doctrine/annotations/lib/Doctrine/Common/Annotations/AnnotationReader.php(226): Doctrine\\Common\\Annotations\\AnnotationReader->getClassAnnotations(Object(ReflectionClass))\n#5 /wordpress/wp-content/plugins/allindata-cf7-cleverreach-integration/vendor/bitexpert/disco/src/bitExpert/Disco/Proxy/Configuration/ConfigurationGenerator.php(85): Doctrine\\Common\\Annotations\\AnnotationReader->getClassAnnotation(Object(ReflectionClass), 'bitExpert\\\\Disco...')\n#6 /wordpress/wp-content/plugins/allindata-cf7-cleverreach-integration/vendor/ocramius/proxy-manager/src/ProxyManager/Factory/AbstractBaseFactory.php(106): bitExpert\\Disco\\Proxy\\Configuration\\ConfigurationGenerator->generate(Object(ReflectionClass), Object(ProxyManager\\Generator\\ClassGenerator), Array)\n#7 /wordpress/wp-content/plugins/allindata-cf7-cleverreach-integration/vendor/ocramius/proxy-manager/src/ProxyManager/Factory/AbstractBaseFactory.php(72): ProxyManager\\Factory\\AbstractBaseFactory->generateProxyClass('ProxyManagerGen...', 'AllInData\\\\CF7CR...', Array, Array)\n#8 /wordpress/wp-content/plugins/allindata-cf7-cleverreach-integration/vendor/bitexpert/disco/src/bitExpert/Disco/Proxy/Configuration/ConfigurationFactory.php(54): ProxyManager\\Factory\\AbstractBaseFactory->generateProxy('AllInData\\\\CF7CR...')\n#9 /wordpress/wp-content/plugins/allindata-cf7-cleverreach-integration/vendor/bitexpert/disco/src/bitExpert/Disco/AnnotationBeanFactory.php(44): bitExpert\\Disco\\Proxy\\Configuration\\ConfigurationFactory->createInstance(Object(bitExpert\\Disco\\BeanFactoryConfiguration), 'AllInData\\\\CF7CR...', Array)\n#10 /wordpress/wp-content/plugins/allindata-cf7-cleverreach-integration/vendor/allindata/wordpress-micro-core/src/Init.php(116): bitExpert\\Disco\\AnnotationBeanFactory->__construct('AllInData\\\\CF7CR...', Array, Object(bitExpert\\Disco\\BeanFactoryConfiguration))\n#11 /wordpress/wp-content/plugins/allindata-cf7-cleverreach-integration/vendor/allindata/wordpress-micro-core/src/Init.php(56): AllInData\\Micro\\Core\\Init->loadPlugin('allindata-cf7-c...', '/wordpress/tmp/', 'AllInData\\\\CF7CR...')\n#12 /wordpress/wp-includes/class-wp-hook.php(324): AllInData\\Micro\\Core\\Init::init('')\n#13 /wordpress/wp-includes/class-wp-hook.php(348): WP_Hook->apply_filters('', Array)\n#14 /wordpress/wp-includes/plugin.php(517): WP_Hook->do_action(Array)\n#15 /wordpress/wp-content/plugins/allindata-cf7-cleverreach-integration/vendor/allindata/wordpress-micro-core/src/Init.php(12): do_action('allindata/micro...')\n#16 /wordpress/wp-includes/class-wp-hook.php(324): AllInData\\Micro\\Core\\{closure}('')\n#17 /wordpress/wp-includes/class-wp-hook.php(348): WP_Hook->apply_filters(NULL, Array)\n#18 /wordpress/wp-includes/plugin.php(517): WP_Hook->do_action(Array)\n#19 /wordpress/wp-settings.php(578): do_action('plugins_loaded')\n#20 /wordpress/wp-config.php(102): require_once('/wordpress/wp-s...')\n#21 /wordpress/wp-load.php(50): require_once('/wordpress/wp-c...')\n#22 /internal/eval.php(3): require_once('/wordpress/wp-l...')\n#23 {main}\n\nNext ProxyManager\\Exception\\InvalidProxiedClassException: [Semantical Error] The annotation \"@Configuration\" in class AllInData\\CF7CRIntegration\\PluginConfiguration was never imported. Did you maybe forget to add a \"use\" statement for this annotation? in /wordpress/wp-content/plugins/allindata-cf7-cleverreach-integration/vendor/bitexpert/disco/src/bitExpert/Disco/Proxy/Configuration/ConfigurationGenerator.php:87\nStack trace:\n#0 /wordpress/wp-content/plugins/allindata-cf7-cleverreach-integration/vendor/ocramius/proxy-manager/src/ProxyManager/Factory/AbstractBaseFactory.php(106): bitExpert\\Disco\\Proxy\\Configuration\\ConfigurationGenerator->generate(Object(ReflectionClass), Object(ProxyManager\\Generator\\ClassGenerator), Array)\n#1 /wordpress/wp-content/plugins/allindata-cf7-cleverreach-integration/vendor/ocramius/proxy-manager/src/ProxyManager/Factory/AbstractBaseFactory.php(72): ProxyManager\\Factory\\AbstractBaseFactory->generateProxyClass('ProxyManagerGen...', 'AllInData\\\\CF7CR...', Array, Array)\n#2 /wordpress/wp-content/plugins/allindata-cf7-cleverreach-integration/vendor/bitexpert/disco/src/bitExpert/Disco/Proxy/Configuration/ConfigurationFactory.php(54): ProxyManager\\Factory\\AbstractBaseFactory->generateProxy('AllInData\\\\CF7CR...')\n#3 /wordpress/wp-content/plugins/allindata-cf7-cleverreach-integration/vendor/bitexpert/disco/src/bitExpert/Disco/AnnotationBeanFactory.php(44): bitExpert\\Disco\\Proxy\\Configuration\\ConfigurationFactory->createInstance(Object(bitExpert\\Disco\\BeanFactoryConfiguration), 'AllInData\\\\CF7CR...', Array)\n#4 /wordpress/wp-content/plugins/allindata-cf7-cleverreach-integration/vendor/allindata/wordpress-micro-core/src/Init.php(116): bitExpert\\Disco\\AnnotationBeanFactory->__construct('AllInData\\\\CF7CR...', Array, Object(bitExpert\\Disco\\BeanFactoryConfiguration))\n#5 /wordpress/wp-content/plugins/allindata-cf7-cleverreach-integration/vendor/allindata/wordpress-micro-core/src/Init.php(56): AllInData\\Micro\\Core\\Init->loadPlugin('allindata-cf7-c...', '/wordpress/tmp/', 'AllInData\\\\CF7CR...')\n#6 /wordpress/wp-includes/class-wp-hook.php(324): AllInData\\Micro\\Core\\Init::init('')\n#7 /wordpress/wp-includes/class-wp-hook.php(348): WP_Hook->apply_filters('', Array)\n#8 /wordpress/wp-includes/plugin.php(517): WP_Hook->do_action(Array)\n#9 /wordpress/wp-content/plugins/allindata-cf7-cleverreach-integration/vendor/allindata/wordpress-micro-core/src/Init.php(12): do_action('allindata/micro...')\n#10 /wordpress/wp-includes/class-wp-hook.php(324): AllInData\\Micro\\Core\\{closure}('')\n#11 /wordpress/wp-includes/class-wp-hook.php(348): WP_Hook->apply_filters(NULL, Array)\n#12 /wordpress/wp-includes/plugin.php(517): WP_Hook->do_action(Array)\n#13 /wordpress/wp-settings.php(578): do_action('plugins_loaded')\n#14 /wordpress/wp-config.php(102): require_once('/wordpress/wp-s...')\n#15 /wordpress/wp-load.php(50): require_once('/wordpress/wp-c...')\n#16 /internal/eval.php(3): require_once('/wordpress/wp-l...')\n#17 {main}\n  thrown in /wordpress/wp-content/plugins/allindata-cf7-cleverreach-integration/vendor/bitexpert/disco/src/bitExpert/Disco/Proxy/Configuration/ConfigurationGenerator.php on line 87","log":"/logs/plugins/a/ambrosite-unlink-parent-pages/error.json"}
,
{"message":"Undefined array key \"HTTP_USER_AGENT\" in /wordpress/wp-content/plugins/alpha-cache/ac.class.php on line 194","level":"WARNING","type":"PHP","test":"ast-sqlite-boot","plugin":"ambrosite-unlink-parent-pages","details":"[13-Jun-2025 05:38:34 UTC] PHP Warning:  Undefined array key \"HTTP_USER_AGENT\" in /wordpress/wp-content/plugins/alpha-cache/ac.class.php on line 194","log":"/logs/plugins/a/ambrosite-unlink-parent-pages/error.json"}
,
{"message":"Undefined array key \"HTTP_USER_AGENT\" in /wordpress/wp-content/plugins/alpha-cache/ac.class.php on line 194","level":"WARNING","type":"PHP","test":"ast-sqlite-boot","plugin":"ambrosite-unlink-parent-pages","details":"[13-Jun-2025 05:38:42 UTC] PHP Warning:  Undefined array key \"HTTP_USER_AGENT\" in /wordpress/wp-content/plugins/alpha-cache/ac.class.php on line 194","log":"/logs/plugins/a/ambrosite-unlink-parent-pages/error.json"}
,
{"message":"Undefined array key \"HTTP_USER_AGENT\" in /wordpress/wp-content/plugins/alpha-cache/ac.class.php on line 194","level":"WARNING","type":"PHP","test":"ast-sqlite-boot","plugin":"ambrosite-unlink-parent-pages","details":"[13-Jun-2025 05:38:51 UTC] PHP Warning:  Undefined array key \"HTTP_USER_AGENT\" in /wordpress/wp-content/plugins/alpha-cache/ac.class.php on line 194","log":"/logs/plugins/a/ambrosite-unlink-parent-pages/error.json"}
,
{"message":"Declaration of Walker_Page_Unlink_Parents::start_lvl(&$output, $depth) must be compatible with Walker::start_lvl(&$output, $depth = 0, $args = []) in /wordpress/wp-content/plugins/ambrosite-unlink-parent-pages/ambrosite-unlink-parent-pages.php on line 95","level":"FATAL","type":"PHP","test":"ast-sqlite-boot","plugin":"ambrosite-unlink-parent-pages","details":"[13-Jun-2025 05:39:00 UTC] PHP Fatal error:  Declaration of Walker_Page_Unlink_Parents::start_lvl(&$output, $depth) must be compatible with Walker::start_lvl(&$output, $depth = 0, $args = []) in /wordpress/wp-content/plugins/ambrosite-unlink-parent-pages/ambrosite-unlink-parent-pages.php on line 95\n\n    at Object.onBind (file:///home/runner/work/playground-tester/playground-tester/node_modules/@wp-playground/cli/run-cli-j-geJYS3.js:325:15)\n    at process.processTicksAndRejections (node:internal/process/task_queues:105:5)\n    at async re (file:///home/runner/work/playground-tester/playground-tester/node_modules/@wp-playground/cli/run-cli-j-geJYS3.js:149:10) {\n  [cause]: Error: Error when executing the blueprint step #5 ({\"step\":\"installPlugin\",\"pluginData\":{\"resource\":\"wordpress.org/plugins\",\"slug\":\"ambrosite-unlink-parent-pages\"},\"options\":{\"activate\":true}}) : PHP.run() failed with exit code 255 and the following output: \n      at Object.run (file:///home/runner/work/playground-tester/playground-tester/node_modules/@wp-playground/blueprints/index.js:12093:19)\n      at process.processTicksAndRejections (node:internal/process/task_queues:105:5)\n      at async ys (file:///home/runner/work/playground-tester/playground-tester/node_modules/@wp-playground/blueprints/index.js:12196:3)\n      at async Object.onBind (file:///home/runner/work/playground-tester/playground-tester/node_modules/@wp-playground/cli/run-cli-j-geJYS3.js:315:48)\n      at async re (file:///home/runner/work/playground-tester/playground-tester/node_modules/@wp-playground/cli/run-cli-j-geJYS3.js:149:10) {\n    [cause]: PHPExecutionFailureError: PHP.run() failed with exit code 255 and the following output: \n        at PHP.run (file:///home/runner/work/playground-tester/playground-tester/node_modules/@php-wasm/universal/index.js:1034:19)\n        at process.processTicksAndRejections (node:internal/process/task_queues:105:5)\n        at async wr (file:///home/runner/work/playground-tester/playground-tester/node_modules/@wp-playground/blueprints/index.js:34:39)\n        at async Object.gt [as installPlugin] (file:///home/runner/work/playground-tester/playground-tester/node_modules/@wp-playground/blueprints/index.js:631:42)\n        at async g (file:///home/runner/work/playground-tester/playground-tester/node_modules/@wp-playground/blueprints/index.js:12161:30)\n        at async Object.run (file:///home/runner/work/playground-tester/playground-tester/node_modules/@wp-playground/blueprints/index.js:12090:23)\n        at async ys (file:///home/runner/work/playground-tester/playground-tester/node_modules/@wp-playground/blueprints/index.js:12196:3)\n        at async Object.onBind (file:///home/runner/work/playground-tester/playground-tester/node_modules/@wp-playground/cli/run-cli-j-geJYS3.js:315:48)\n        at async re (file:///home/runner/work/playground-tester/playground-tester/node_modules/@wp-playground/cli/run-cli-j-geJYS3.js:149:10) {\n      response: PHPResponse {\n        httpStatusCode: 500,\n        headers: {\n          'x-powered-by': [ 'PHP/8.0.30-dev' ],\n          'content-type': [ 'text/html; charset=UTF-8' ]\n        },\n        bytes: Uint8Array(0) [],\n        exitCode: 255,\n        errors: ''\n      },\n      source: 'request'\n    }\n  }\n}\n\n","log":"/logs/plugins/a/ambrosite-unlink-parent-pages/error.json"}
]
