[
{"message":"file:///home/runner/work/playground-tester/playground-tester/node_modules/@wp-playground/cli/index.js:237\n        throw new Error(y, { cause: u });\n              ^\n","level":"FATAL","type":"PLAYGROUND","test":"jspi-boot","plugin":"search-github","details":"file:///home/runner/work/playground-tester/playground-tester/node_modules/@wp-playground/cli/index.js:237\n        throw new Error(y, { cause: u });\n              ^\n","log":"/tmp/tmp.tLTG2TGZpP"}
,
{"message":"Uncaught Error: Undefined constant \"wp_spreadshirt_widget\" in /wordpress/wp-content/plugins/spreadshirt-rss-3d-cube-flash-gallery/wp-spreadshirt-gallery.php:284","level":"FATAL","type":"PHP","test":"jspi-boot","plugin":"search-github","details":"[27-May-2025 02:28:43 UTC] PHP Fatal error:  Uncaught Error: Undefined constant \"wp_spreadshirt_widget\" in /wordpress/wp-content/plugins/spreadshirt-rss-3d-cube-flash-gallery/wp-spreadshirt-gallery.php:284\nStack trace:\n#0 /wordpress/wp-includes/class-wp-hook.php(324): widget_init_wp_spreadshirt_widget('')\n#1 /wordpress/wp-includes/class-wp-hook.php(348): WP_Hook->apply_filters(NULL, Array)\n#2 /wordpress/wp-includes/plugin.php(517): WP_Hook->do_action(Array)\n#3 /wordpress/wp-includes/widgets.php(1870): do_action('widgets_init')\n#4 /wordpress/wp-includes/class-wp-hook.php(324): wp_widgets_init('')\n#5 /wordpress/wp-includes/class-wp-hook.php(348): WP_Hook->apply_filters(NULL, Array)\n#6 /wordpress/wp-includes/plugin.php(517): WP_Hook->do_action(Array)\n#7 /wordpress/wp-settings.php(727): do_action('init')\n#8 /wordpress/wp-config.php(102): require_once('/wordpress/wp-s...')\n#9 /wordpress/wp-load.php(50): require_once('/wordpress/wp-c...')\n#10 /internal/eval.php(3): require_once('/wordpress/wp-l...')\n#11 {main}\n  thrown in /wordpress/wp-content/plugins/spreadshirt-rss-3d-cube-flash-gallery/wp-spreadshirt-gallery.php on line 284","log":"/logs/plugins/s/search-github/error.json"}
,
{"message":"Uncaught Error: Undefined constant \"wp_spreadshirt_widget\" in /wordpress/wp-content/plugins/spreadshirt-rss-3d-cube-flash-gallery/wp-spreadshirt-gallery.php:284","level":"FATAL","type":"PHP","test":"jspi-boot","plugin":"search-github","details":"[27-May-2025 02:28:51 UTC] PHP Fatal error:  Uncaught Error: Undefined constant \"wp_spreadshirt_widget\" in /wordpress/wp-content/plugins/spreadshirt-rss-3d-cube-flash-gallery/wp-spreadshirt-gallery.php:284\nStack trace:\n#0 /wordpress/wp-includes/class-wp-hook.php(324): widget_init_wp_spreadshirt_widget('')\n#1 /wordpress/wp-includes/class-wp-hook.php(348): WP_Hook->apply_filters(NULL, Array)\n#2 /wordpress/wp-includes/plugin.php(517): WP_Hook->do_action(Array)\n#3 /wordpress/wp-includes/widgets.php(1870): do_action('widgets_init')\n#4 /wordpress/wp-includes/class-wp-hook.php(324): wp_widgets_init('')\n#5 /wordpress/wp-includes/class-wp-hook.php(348): WP_Hook->apply_filters(NULL, Array)\n#6 /wordpress/wp-includes/plugin.php(517): WP_Hook->do_action(Array)\n#7 /wordpress/wp-settings.php(727): do_action('init')\n#8 /wordpress/wp-config.php(102): require_once('/wordpress/wp-s...')\n#9 /wordpress/wp-load.php(50): require_once('/wordpress/wp-c...')\n#10 /internal/eval.php(3): require_once('/wordpress/wp-l...')\n#11 {main}\n  thrown in /wordpress/wp-content/plugins/spreadshirt-rss-3d-cube-flash-gallery/wp-spreadshirt-gallery.php on line 284","log":"/logs/plugins/s/search-github/error.json"}
,
{"message":"Uncaught Error: Undefined constant \"wp_spreadshirt_widget\" in /wordpress/wp-content/plugins/spreadshirt-rss-3d-cube-flash-gallery/wp-spreadshirt-gallery.php:284","level":"FATAL","type":"PHP","test":"jspi-boot","plugin":"search-github","details":"[27-May-2025 02:29:00 UTC] PHP Fatal error:  Uncaught Error: Undefined constant \"wp_spreadshirt_widget\" in /wordpress/wp-content/plugins/spreadshirt-rss-3d-cube-flash-gallery/wp-spreadshirt-gallery.php:284\nStack trace:\n#0 /wordpress/wp-includes/class-wp-hook.php(324): widget_init_wp_spreadshirt_widget('')\n#1 /wordpress/wp-includes/class-wp-hook.php(348): WP_Hook->apply_filters(NULL, Array)\n#2 /wordpress/wp-includes/plugin.php(517): WP_Hook->do_action(Array)\n#3 /wordpress/wp-includes/widgets.php(1870): do_action('widgets_init')\n#4 /wordpress/wp-includes/class-wp-hook.php(324): wp_widgets_init('')\n#5 /wordpress/wp-includes/class-wp-hook.php(348): WP_Hook->apply_filters(NULL, Array)\n#6 /wordpress/wp-includes/plugin.php(517): WP_Hook->do_action(Array)\n#7 /wordpress/wp-settings.php(727): do_action('init')\n#8 /wordpress/wp-config.php(102): require_once('/wordpress/wp-s...')\n#9 /wordpress/wp-load.php(50): require_once('/wordpress/wp-c...')\n#10 /internal/eval.php(3): require_once('/wordpress/wp-l...')\n#11 {main}\n  thrown in /wordpress/wp-content/plugins/spreadshirt-rss-3d-cube-flash-gallery/wp-spreadshirt-gallery.php on line 284","log":"/logs/plugins/s/search-github/error.json"}
,
{"message":"Uncaught Error: Call to undefined function post_exists() in /wordpress/wp-content/plugins/step-by-step-ordering-system-for-woocommerce/includes/plugin/activation.php:9","level":"FATAL","type":"PHP","test":"jspi-boot","plugin":"search-github","details":"[27-May-2025 02:29:10 UTC] PHP Fatal error:  Uncaught Error: Call to undefined function post_exists() in /wordpress/wp-content/plugins/step-by-step-ordering-system-for-woocommerce/includes/plugin/activation.php:9\nStack trace:\n#0 /wordpress/wp-content/plugins/step-by-step-ordering-system-for-woocommerce/wc-step-by-step-ordering.php(89): include_once()\n#1 /wordpress/wp-includes/class-wp-hook.php(324): StepByStepSystem->plugin_activation(false)\n#2 /wordpress/wp-includes/class-wp-hook.php(348): WP_Hook->apply_filters('', Array)\n#3 /wordpress/wp-includes/plugin.php(517): WP_Hook->do_action(Array)\n#4 /wordpress/wp-admin/includes/plugin.php(703): do_action('activate_step-b...', false)\n#5 /internal/eval.php(20): activate_plugin('step-by-step-or...')\n#6 {main}\n  thrown in /wordpress/wp-content/plugins/step-by-step-ordering-system-for-woocommerce/includes/plugin/activation.php on line 9","log":"/logs/plugins/s/search-github/error.json"}
,
{"message":"Uncaught Error: Call to undefined function post_exists() in /wordpress/wp-content/plugins/step-by-step-ordering-system-for-woocommerce/includes/plugin/activation.php:9","level":"FATAL","type":"PHP","test":"jspi-boot","plugin":"search-github","details":"[27-May-2025 02:29:18 UTC] PHP Fatal error:  Uncaught Error: Call to undefined function post_exists() in /wordpress/wp-content/plugins/step-by-step-ordering-system-for-woocommerce/includes/plugin/activation.php:9\nStack trace:\n#0 /wordpress/wp-content/plugins/step-by-step-ordering-system-for-woocommerce/wc-step-by-step-ordering.php(89): include_once()\n#1 /wordpress/wp-includes/class-wp-hook.php(324): StepByStepSystem->plugin_activation(false)\n#2 /wordpress/wp-includes/class-wp-hook.php(348): WP_Hook->apply_filters('', Array)\n#3 /wordpress/wp-includes/plugin.php(517): WP_Hook->do_action(Array)\n#4 /wordpress/wp-admin/includes/plugin.php(703): do_action('activate_step-b...', false)\n#5 /internal/eval.php(20): activate_plugin('step-by-step-or...')\n#6 {main}\n  thrown in /wordpress/wp-content/plugins/step-by-step-ordering-system-for-woocommerce/includes/plugin/activation.php on line 9","log":"/logs/plugins/s/search-github/error.json"}
,
{"message":"Uncaught Error: Call to undefined function post_exists() in /wordpress/wp-content/plugins/step-by-step-ordering-system-for-woocommerce/includes/plugin/activation.php:9","level":"FATAL","type":"PHP","test":"jspi-boot","plugin":"search-github","details":"[27-May-2025 02:29:25 UTC] PHP Fatal error:  Uncaught Error: Call to undefined function post_exists() in /wordpress/wp-content/plugins/step-by-step-ordering-system-for-woocommerce/includes/plugin/activation.php:9\nStack trace:\n#0 /wordpress/wp-content/plugins/step-by-step-ordering-system-for-woocommerce/wc-step-by-step-ordering.php(89): include_once()\n#1 /wordpress/wp-includes/class-wp-hook.php(324): StepByStepSystem->plugin_activation(false)\n#2 /wordpress/wp-includes/class-wp-hook.php(348): WP_Hook->apply_filters('', Array)\n#3 /wordpress/wp-includes/plugin.php(517): WP_Hook->do_action(Array)\n#4 /wordpress/wp-admin/includes/plugin.php(703): do_action('activate_step-b...', false)\n#5 /internal/eval.php(20): activate_plugin('step-by-step-or...')\n#6 {main}\n  thrown in /wordpress/wp-content/plugins/step-by-step-ordering-system-for-woocommerce/includes/plugin/activation.php on line 9","log":"/logs/plugins/s/search-github/error.json"}
,
{"message":"Unparenthesized `a ? b : c ? d : e` is not supported. Use either `(a ? b : c) ? d : e` or `a ? b : (c ? d : e)` in /wordpress/wp-content/plugins/swift-sales-integration/includes/swift_sales_integration_plugin_class.php on line 165","level":"FATAL","type":"PHP","test":"jspi-boot","plugin":"search-github","details":"[27-May-2025 02:29:34 UTC] PHP Fatal error:  Unparenthesized `a ? b : c ? d : e` is not supported. Use either `(a ? b : c) ? d : e` or `a ? b : (c ? d : e)` in /wordpress/wp-content/plugins/swift-sales-integration/includes/swift_sales_integration_plugin_class.php on line 165","log":"/logs/plugins/s/search-github/error.json"}
,
{"message":"Unparenthesized `a ? b : c ? d : e` is not supported. Use either `(a ? b : c) ? d : e` or `a ? b : (c ? d : e)` in /wordpress/wp-content/plugins/swift-sales-integration/includes/swift_sales_integration_plugin_class.php on line 165","level":"FATAL","type":"PHP","test":"jspi-boot","plugin":"search-github","details":"[27-May-2025 02:29:42 UTC] PHP Fatal error:  Unparenthesized `a ? b : c ? d : e` is not supported. Use either `(a ? b : c) ? d : e` or `a ? b : (c ? d : e)` in /wordpress/wp-content/plugins/swift-sales-integration/includes/swift_sales_integration_plugin_class.php on line 165","log":"/logs/plugins/s/search-github/error.json"}
,
{"message":"Unparenthesized `a ? b : c ? d : e` is not supported. Use either `(a ? b : c) ? d : e` or `a ? b : (c ? d : e)` in /wordpress/wp-content/plugins/swift-sales-integration/includes/swift_sales_integration_plugin_class.php on line 165","level":"FATAL","type":"PHP","test":"jspi-boot","plugin":"search-github","details":"[27-May-2025 02:29:50 UTC] PHP Fatal error:  Unparenthesized `a ? b : c ? d : e` is not supported. Use either `(a ? b : c) ? d : e` or `a ? b : (c ? d : e)` in /wordpress/wp-content/plugins/swift-sales-integration/includes/swift_sales_integration_plugin_class.php on line 165","log":"/logs/plugins/s/search-github/error.json"}
,
{"message":"Cannot unset $this in /wordpress/wp-content/plugins/spy-analytics-lite/includes/functions/geoip.php on line 330","level":"FATAL","type":"PHP","test":"jspi-boot","plugin":"search-github","details":"[27-May-2025 02:30:55 UTC] PHP Fatal error:  Cannot unset $this in /wordpress/wp-content/plugins/spy-analytics-lite/includes/functions/geoip.php on line 330","log":"/logs/plugins/s/search-github/error.json"}
,
{"message":"Cannot unset $this in /wordpress/wp-content/plugins/spy-analytics-lite/includes/functions/geoip.php on line 330","level":"FATAL","type":"PHP","test":"jspi-boot","plugin":"search-github","details":"[27-May-2025 02:31:06 UTC] PHP Fatal error:  Cannot unset $this in /wordpress/wp-content/plugins/spy-analytics-lite/includes/functions/geoip.php on line 330","log":"/logs/plugins/s/search-github/error.json"}
,
{"message":"Cannot unset $this in /wordpress/wp-content/plugins/spy-analytics-lite/includes/functions/geoip.php on line 330","level":"FATAL","type":"PHP","test":"jspi-boot","plugin":"search-github","details":"[27-May-2025 02:31:14 UTC] PHP Fatal error:  Cannot unset $this in /wordpress/wp-content/plugins/spy-analytics-lite/includes/functions/geoip.php on line 330","log":"/logs/plugins/s/search-github/error.json"}
,
{"message":"Required parameter $tag follows optional parameter $content in /wordpress/wp-content/plugins/sstsubscribeform/inc/display/shortcodes.php on line 9","level":"DEPRECATED","type":"PHP","test":"jspi-boot","plugin":"search-github","details":"[27-May-2025 02:31:23 UTC] PHP Deprecated:  Required parameter $tag follows optional parameter $content in /wordpress/wp-content/plugins/sstsubscribeform/inc/display/shortcodes.php on line 9","log":"/logs/plugins/s/search-github/error.json"}
,
{"message":"Required parameter $tag follows optional parameter $content in /wordpress/wp-content/plugins/sstsubscribeform/inc/display/shortcodes.php on line 9","level":"DEPRECATED","type":"PHP","test":"jspi-boot","plugin":"search-github","details":"[27-May-2025 02:31:24 UTC] PHP Deprecated:  Required parameter $tag follows optional parameter $content in /wordpress/wp-content/plugins/sstsubscribeform/inc/display/shortcodes.php on line 9","log":"/logs/plugins/s/search-github/error.json"}
,
{"message":"Required parameter $endPoint follows optional parameter $httpVerb in /wordpress/wp-content/sstssfb_assets/addons/mailchimp/Wrapper-ex/MailChimp.php on line 59","level":"DEPRECATED","type":"PHP","test":"jspi-boot","plugin":"search-github","details":"[27-May-2025 02:31:25 UTC] PHP Deprecated:  Required parameter $endPoint follows optional parameter $httpVerb in /wordpress/wp-content/sstssfb_assets/addons/mailchimp/Wrapper-ex/MailChimp.php on line 59","log":"/logs/plugins/s/search-github/error.json"}
,
{"message":"Required parameter $tag follows optional parameter $content in /wordpress/wp-content/plugins/sstsubscribeform/inc/display/shortcodes.php on line 9","level":"DEPRECATED","type":"PHP","test":"jspi-boot","plugin":"search-github","details":"[27-May-2025 02:31:33 UTC] PHP Deprecated:  Required parameter $tag follows optional parameter $content in /wordpress/wp-content/plugins/sstsubscribeform/inc/display/shortcodes.php on line 9","log":"/logs/plugins/s/search-github/error.json"}
,
{"message":"Required parameter $endPoint follows optional parameter $httpVerb in /wordpress/wp-content/sstssfb_assets/addons/mailchimp/Wrapper-ex/MailChimp.php on line 59","level":"DEPRECATED","type":"PHP","test":"jspi-boot","plugin":"search-github","details":"[27-May-2025 02:31:33 UTC] PHP Deprecated:  Required parameter $endPoint follows optional parameter $httpVerb in /wordpress/wp-content/sstssfb_assets/addons/mailchimp/Wrapper-ex/MailChimp.php on line 59","log":"/logs/plugins/s/search-github/error.json"}
,
{"message":"Required parameter $tag follows optional parameter $content in /wordpress/wp-content/plugins/sstsubscribeform/inc/display/shortcodes.php on line 9","level":"DEPRECATED","type":"PHP","test":"jspi-boot","plugin":"search-github","details":"[27-May-2025 02:31:35 UTC] PHP Deprecated:  Required parameter $tag follows optional parameter $content in /wordpress/wp-content/plugins/sstsubscribeform/inc/display/shortcodes.php on line 9","log":"/logs/plugins/s/search-github/error.json"}
,
{"message":"Required parameter $endPoint follows optional parameter $httpVerb in /wordpress/wp-content/sstssfb_assets/addons/mailchimp/Wrapper-ex/MailChimp.php on line 59","level":"DEPRECATED","type":"PHP","test":"jspi-boot","plugin":"search-github","details":"[27-May-2025 02:31:35 UTC] PHP Deprecated:  Required parameter $endPoint follows optional parameter $httpVerb in /wordpress/wp-content/sstssfb_assets/addons/mailchimp/Wrapper-ex/MailChimp.php on line 59","log":"/logs/plugins/s/search-github/error.json"}
,
{"message":"Required parameter $tag follows optional parameter $content in /wordpress/wp-content/plugins/sstsubscribeform/inc/display/shortcodes.php on line 9","level":"DEPRECATED","type":"PHP","test":"jspi-boot","plugin":"search-github","details":"[27-May-2025 02:31:43 UTC] PHP Deprecated:  Required parameter $tag follows optional parameter $content in /wordpress/wp-content/plugins/sstsubscribeform/inc/display/shortcodes.php on line 9","log":"/logs/plugins/s/search-github/error.json"}
,
{"message":"Required parameter $endPoint follows optional parameter $httpVerb in /wordpress/wp-content/sstssfb_assets/addons/mailchimp/Wrapper-ex/MailChimp.php on line 59","level":"DEPRECATED","type":"PHP","test":"jspi-boot","plugin":"search-github","details":"[27-May-2025 02:31:43 UTC] PHP Deprecated:  Required parameter $endPoint follows optional parameter $httpVerb in /wordpress/wp-content/sstssfb_assets/addons/mailchimp/Wrapper-ex/MailChimp.php on line 59","log":"/logs/plugins/s/search-github/error.json"}
,
{"message":"Required parameter $tag follows optional parameter $content in /wordpress/wp-content/plugins/sstsubscribeform/inc/display/shortcodes.php on line 9","level":"DEPRECATED","type":"PHP","test":"jspi-boot","plugin":"search-github","details":"[27-May-2025 02:31:44 UTC] PHP Deprecated:  Required parameter $tag follows optional parameter $content in /wordpress/wp-content/plugins/sstsubscribeform/inc/display/shortcodes.php on line 9","log":"/logs/plugins/s/search-github/error.json"}
,
{"message":"Required parameter $endPoint follows optional parameter $httpVerb in /wordpress/wp-content/sstssfb_assets/addons/mailchimp/Wrapper-ex/MailChimp.php on line 59","level":"DEPRECATED","type":"PHP","test":"jspi-boot","plugin":"search-github","details":"[27-May-2025 02:31:44 UTC] PHP Deprecated:  Required parameter $endPoint follows optional parameter $httpVerb in /wordpress/wp-content/sstssfb_assets/addons/mailchimp/Wrapper-ex/MailChimp.php on line 59","log":"/logs/plugins/s/search-github/error.json"}
,
{"message":"Uncaught Error: Call to undefined function create_function() in /wordpress/wp-content/plugins/rebelmouse-widget/rebelmouse-widget.php:109","level":"FATAL","type":"PHP","test":"jspi-boot","plugin":"search-github","details":"[27-May-2025 02:31:54 UTC] PHP Fatal error:  Uncaught Error: Call to undefined function create_function() in /wordpress/wp-content/plugins/rebelmouse-widget/rebelmouse-widget.php:109\nStack trace:\n#0 /wordpress/wp-admin/includes/plugin.php(2387): include_once()\n#1 /wordpress/wp-admin/includes/plugin.php(673): plugin_sandbox_scrape('rebelmouse-widg...')\n#2 /internal/eval.php(20): activate_plugin('rebelmouse-widg...')\n#3 {main}\n  thrown in /wordpress/wp-content/plugins/rebelmouse-widget/rebelmouse-widget.php on line 109","log":"/logs/plugins/s/search-github/error.json"}
,
{"message":"Uncaught Error: Call to undefined function create_function() in /wordpress/wp-content/plugins/rebelmouse-widget/rebelmouse-widget.php:109","level":"FATAL","type":"PHP","test":"jspi-boot","plugin":"search-github","details":"[27-May-2025 02:32:01 UTC] PHP Fatal error:  Uncaught Error: Call to undefined function create_function() in /wordpress/wp-content/plugins/rebelmouse-widget/rebelmouse-widget.php:109\nStack trace:\n#0 /wordpress/wp-admin/includes/plugin.php(2387): include_once()\n#1 /wordpress/wp-admin/includes/plugin.php(673): plugin_sandbox_scrape('rebelmouse-widg...')\n#2 /internal/eval.php(20): activate_plugin('rebelmouse-widg...')\n#3 {main}\n  thrown in /wordpress/wp-content/plugins/rebelmouse-widget/rebelmouse-widget.php on line 109","log":"/logs/plugins/s/search-github/error.json"}
,
{"message":"Uncaught Error: Call to undefined function create_function() in /wordpress/wp-content/plugins/rebelmouse-widget/rebelmouse-widget.php:109","level":"FATAL","type":"PHP","test":"jspi-boot","plugin":"search-github","details":"[27-May-2025 02:32:10 UTC] PHP Fatal error:  Uncaught Error: Call to undefined function create_function() in /wordpress/wp-content/plugins/rebelmouse-widget/rebelmouse-widget.php:109\nStack trace:\n#0 /wordpress/wp-admin/includes/plugin.php(2387): include_once()\n#1 /wordpress/wp-admin/includes/plugin.php(673): plugin_sandbox_scrape('rebelmouse-widg...')\n#2 /internal/eval.php(20): activate_plugin('rebelmouse-widg...')\n#3 {main}\n  thrown in /wordpress/wp-content/plugins/rebelmouse-widget/rebelmouse-widget.php on line 109","log":"/logs/plugins/s/search-github/error.json"}
,
{"message":"Uncaught Error: Call to undefined function create_function() in /wordpress/wp-content/plugins/simple-popular-content/popular.php:146","level":"FATAL","type":"PHP","test":"jspi-boot","plugin":"search-github","details":"[27-May-2025 02:33:42 UTC] PHP Fatal error:  Uncaught Error: Call to undefined function create_function() in /wordpress/wp-content/plugins/simple-popular-content/popular.php:146\nStack trace:\n#0 /wordpress/wp-admin/includes/plugin.php(2387): include_once()\n#1 /wordpress/wp-admin/includes/plugin.php(673): plugin_sandbox_scrape('simple-popular-...')\n#2 /internal/eval.php(20): activate_plugin('simple-popular-...')\n#3 {main}\n  thrown in /wordpress/wp-content/plugins/simple-popular-content/popular.php on line 146","log":"/logs/plugins/s/search-github/error.json"}
,
{"message":"Uncaught Error: Call to undefined function create_function() in /wordpress/wp-content/plugins/simple-popular-content/popular.php:146","level":"FATAL","type":"PHP","test":"jspi-boot","plugin":"search-github","details":"[27-May-2025 02:33:49 UTC] PHP Fatal error:  Uncaught Error: Call to undefined function create_function() in /wordpress/wp-content/plugins/simple-popular-content/popular.php:146\nStack trace:\n#0 /wordpress/wp-admin/includes/plugin.php(2387): include_once()\n#1 /wordpress/wp-admin/includes/plugin.php(673): plugin_sandbox_scrape('simple-popular-...')\n#2 /internal/eval.php(20): activate_plugin('simple-popular-...')\n#3 {main}\n  thrown in /wordpress/wp-content/plugins/simple-popular-content/popular.php on line 146","log":"/logs/plugins/s/search-github/error.json"}
,
{"message":"Uncaught Error: Call to undefined function create_function() in /wordpress/wp-content/plugins/simple-popular-content/popular.php:146","level":"FATAL","type":"PHP","test":"jspi-boot","plugin":"search-github","details":"[27-May-2025 02:33:57 UTC] PHP Fatal error:  Uncaught Error: Call to undefined function create_function() in /wordpress/wp-content/plugins/simple-popular-content/popular.php:146\nStack trace:\n#0 /wordpress/wp-admin/includes/plugin.php(2387): include_once()\n#1 /wordpress/wp-admin/includes/plugin.php(673): plugin_sandbox_scrape('simple-popular-...')\n#2 /internal/eval.php(20): activate_plugin('simple-popular-...')\n#3 {main}\n  thrown in /wordpress/wp-content/plugins/simple-popular-content/popular.php on line 146","log":"/logs/plugins/s/search-github/error.json"}
,
{"message":"Undefined index: REMOTE_ADDR in /wordpress/wp-content/plugins/simpleanalytics/src/TrackingPolicy.php on line 9","level":"NOTICE","type":"PHP","test":"jspi-boot","plugin":"search-github","details":"[27-May-2025 02:34:36 UTC] PHP Notice:  Undefined index: REMOTE_ADDR in /wordpress/wp-content/plugins/simpleanalytics/src/TrackingPolicy.php on line 9","log":"/logs/plugins/s/search-github/error.json"}
,
{"message":"Uncaught TypeError: Argument 1 passed to SimpleAnalytics\\TrackingPolicy::clientIpExcluded() must be of the type string, null given, called in /wordpress/wp-content/plugins/simpleanalytics/src/TrackingPolicy.php on line 9 and defined in /wordpress/wp-content/plugins/simpleanalytics/src/TrackingPolicy.php:20","level":"FATAL","type":"PHP","test":"jspi-boot","plugin":"search-github","details":"[27-May-2025 02:34:36 UTC] PHP Fatal error:  Uncaught TypeError: Argument 1 passed to SimpleAnalytics\\TrackingPolicy::clientIpExcluded() must be of the type string, null given, called in /wordpress/wp-content/plugins/simpleanalytics/src/TrackingPolicy.php on line 9 and defined in /wordpress/wp-content/plugins/simpleanalytics/src/TrackingPolicy.php:20\nStack trace:\n#0 /wordpress/wp-content/plugins/simpleanalytics/src/TrackingPolicy.php(9): SimpleAnalytics\\TrackingPolicy->clientIpExcluded(NULL)\n#1 /wordpress/wp-content/plugins/simpleanalytics/src/Plugin.php(37): SimpleAnalytics\\TrackingPolicy->shouldCollectAnalytics()\n#2 /wordpress/wp-includes/class-wp-hook.php(324): SimpleAnalytics\\Plugin->onInit('')\n#3 /wordpress/wp-includes/class-wp-hook.php(348): WP_Hook->apply_filters(NULL, Array)\n#4 /wordpress/wp-includes/plugin.php(517): WP_Hook->do_action(Array)\n#5 /wordpress/wp-settings.php(727): do_action('init')\n#6 /wordpress/wp-config.php(102): require_once('/wordpress/wp-s...')\n#7 /wordpress/wp-load.php(50): require_once('/wordpress/wp-c...')\n#8 /internal/eval in /wordpress/wp-content/plugins/simpleanalytics/src/TrackingPolicy.php on line 20","log":"/logs/plugins/s/search-github/error.json"}
,
{"message":"Undefined index: REMOTE_ADDR in /wordpress/wp-content/plugins/simpleanalytics/src/TrackingPolicy.php on line 9","level":"NOTICE","type":"PHP","test":"jspi-boot","plugin":"search-github","details":"[27-May-2025 02:34:46 UTC] PHP Notice:  Undefined index: REMOTE_ADDR in /wordpress/wp-content/plugins/simpleanalytics/src/TrackingPolicy.php on line 9","log":"/logs/plugins/s/search-github/error.json"}
,
{"message":"Uncaught TypeError: Argument 1 passed to SimpleAnalytics\\TrackingPolicy::clientIpExcluded() must be of the type string, null given, called in /wordpress/wp-content/plugins/simpleanalytics/src/TrackingPolicy.php on line 9 and defined in /wordpress/wp-content/plugins/simpleanalytics/src/TrackingPolicy.php:20","level":"FATAL","type":"PHP","test":"jspi-boot","plugin":"search-github","details":"[27-May-2025 02:34:46 UTC] PHP Fatal error:  Uncaught TypeError: Argument 1 passed to SimpleAnalytics\\TrackingPolicy::clientIpExcluded() must be of the type string, null given, called in /wordpress/wp-content/plugins/simpleanalytics/src/TrackingPolicy.php on line 9 and defined in /wordpress/wp-content/plugins/simpleanalytics/src/TrackingPolicy.php:20\nStack trace:\n#0 /wordpress/wp-content/plugins/simpleanalytics/src/TrackingPolicy.php(9): SimpleAnalytics\\TrackingPolicy->clientIpExcluded(NULL)\n#1 /wordpress/wp-content/plugins/simpleanalytics/src/Plugin.php(37): SimpleAnalytics\\TrackingPolicy->shouldCollectAnalytics()\n#2 /wordpress/wp-includes/class-wp-hook.php(324): SimpleAnalytics\\Plugin->onInit('')\n#3 /wordpress/wp-includes/class-wp-hook.php(348): WP_Hook->apply_filters(NULL, Array)\n#4 /wordpress/wp-includes/plugin.php(517): WP_Hook->do_action(Array)\n#5 /wordpress/wp-settings.php(727): do_action('init')\n#6 /wordpress/wp-config.php(102): require_once('/wordpress/wp-s...')\n#7 /wordpress/wp-load.php(50): require_once('/wordpress/wp-c...')\n#8 /internal/eval in /wordpress/wp-content/plugins/simpleanalytics/src/TrackingPolicy.php on line 20","log":"/logs/plugins/s/search-github/error.json"}
,
{"message":"Undefined index: REMOTE_ADDR in /wordpress/wp-content/plugins/simpleanalytics/src/TrackingPolicy.php on line 9","level":"NOTICE","type":"PHP","test":"jspi-boot","plugin":"search-github","details":"[27-May-2025 02:34:57 UTC] PHP Notice:  Undefined index: REMOTE_ADDR in /wordpress/wp-content/plugins/simpleanalytics/src/TrackingPolicy.php on line 9","log":"/logs/plugins/s/search-github/error.json"}
,
{"message":"Uncaught TypeError: Argument 1 passed to SimpleAnalytics\\TrackingPolicy::clientIpExcluded() must be of the type string, null given, called in /wordpress/wp-content/plugins/simpleanalytics/src/TrackingPolicy.php on line 9 and defined in /wordpress/wp-content/plugins/simpleanalytics/src/TrackingPolicy.php:20","level":"FATAL","type":"PHP","test":"jspi-boot","plugin":"search-github","details":"[27-May-2025 02:34:57 UTC] PHP Fatal error:  Uncaught TypeError: Argument 1 passed to SimpleAnalytics\\TrackingPolicy::clientIpExcluded() must be of the type string, null given, called in /wordpress/wp-content/plugins/simpleanalytics/src/TrackingPolicy.php on line 9 and defined in /wordpress/wp-content/plugins/simpleanalytics/src/TrackingPolicy.php:20\nStack trace:\n#0 /wordpress/wp-content/plugins/simpleanalytics/src/TrackingPolicy.php(9): SimpleAnalytics\\TrackingPolicy->clientIpExcluded(NULL)\n#1 /wordpress/wp-content/plugins/simpleanalytics/src/Plugin.php(37): SimpleAnalytics\\TrackingPolicy->shouldCollectAnalytics()\n#2 /wordpress/wp-includes/class-wp-hook.php(324): SimpleAnalytics\\Plugin->onInit('')\n#3 /wordpress/wp-includes/class-wp-hook.php(348): WP_Hook->apply_filters(NULL, Array)\n#4 /wordpress/wp-includes/plugin.php(517): WP_Hook->do_action(Array)\n#5 /wordpress/wp-settings.php(727): do_action('init')\n#6 /wordpress/wp-config.php(102): require_once('/wordpress/wp-s...')\n#7 /wordpress/wp-load.php(50): require_once('/wordpress/wp-c...')\n#8 /internal/eval in /wordpress/wp-content/plugins/simpleanalytics/src/TrackingPolicy.php on line 20","log":"/logs/plugins/s/search-github/error.json"}
,
{"message":"Uncaught Error: Undefined constant \"APP_KEY\" in /wordpress/wp-content/plugins/sina-weibo-plugin-for-wordpress/weiboplugin.php:15","level":"FATAL","type":"PHP","test":"jspi-boot","plugin":"search-github","details":"[27-May-2025 02:35:06 UTC] PHP Fatal error:  Uncaught Error: Undefined constant \"APP_KEY\" in /wordpress/wp-content/plugins/sina-weibo-plugin-for-wordpress/weiboplugin.php:15\nStack trace:\n#0 /wordpress/wp-admin/includes/plugin.php(2387): include_once()\n#1 /wordpress/wp-admin/includes/plugin.php(673): plugin_sandbox_scrape('sina-weibo-plug...')\n#2 /internal/eval.php(20): activate_plugin('sina-weibo-plug...')\n#3 {main}\n  thrown in /wordpress/wp-content/plugins/sina-weibo-plugin-for-wordpress/weiboplugin.php on line 15","log":"/logs/plugins/s/search-github/error.json"}
,
{"message":"Uncaught Error: Undefined constant \"APP_KEY\" in /wordpress/wp-content/plugins/sina-weibo-plugin-for-wordpress/weiboplugin.php:15","level":"FATAL","type":"PHP","test":"jspi-boot","plugin":"search-github","details":"[27-May-2025 02:35:14 UTC] PHP Fatal error:  Uncaught Error: Undefined constant \"APP_KEY\" in /wordpress/wp-content/plugins/sina-weibo-plugin-for-wordpress/weiboplugin.php:15\nStack trace:\n#0 /wordpress/wp-admin/includes/plugin.php(2387): include_once()\n#1 /wordpress/wp-admin/includes/plugin.php(673): plugin_sandbox_scrape('sina-weibo-plug...')\n#2 /internal/eval.php(20): activate_plugin('sina-weibo-plug...')\n#3 {main}\n  thrown in /wordpress/wp-content/plugins/sina-weibo-plugin-for-wordpress/weiboplugin.php on line 15","log":"/logs/plugins/s/search-github/error.json"}
,
{"message":"Uncaught Error: Undefined constant \"APP_KEY\" in /wordpress/wp-content/plugins/sina-weibo-plugin-for-wordpress/weiboplugin.php:15","level":"FATAL","type":"PHP","test":"jspi-boot","plugin":"search-github","details":"[27-May-2025 02:35:21 UTC] PHP Fatal error:  Uncaught Error: Undefined constant \"APP_KEY\" in /wordpress/wp-content/plugins/sina-weibo-plugin-for-wordpress/weiboplugin.php:15\nStack trace:\n#0 /wordpress/wp-admin/includes/plugin.php(2387): include_once()\n#1 /wordpress/wp-admin/includes/plugin.php(673): plugin_sandbox_scrape('sina-weibo-plug...')\n#2 /internal/eval.php(20): activate_plugin('sina-weibo-plug...')\n#3 {main}\n  thrown in /wordpress/wp-content/plugins/sina-weibo-plugin-for-wordpress/weiboplugin.php on line 15","log":"/logs/plugins/s/search-github/error.json"}
,
{"message":"SQLSTATE[HY000]: General error: 1 no such table: wp_sirv_images.","level":"FATAL","type":"SQL","test":"jspi-boot","plugin":"search-github","details":"[27-May-2025 02:35:42 UTC] WordPress database error <div style=\"clear:both\">&nbsp;</div>\n<div class=\"queries\" style=\"clear:both;margin-bottom:2px;border:red dotted thin;\">\n<p>MySQL query:</p>\n<p>SELECT count(*) FROM wp_sirv_images WHERE status = 'SYNCED'</p>\n<p>Queries made or created this session were:</p>\n<ol>\n<li>Executing: BEGIN | (no parameters)</li>\n<li>Executing: SELECT count(*) FROM wp_sirv_images WHERE status = :param0  | parameters: SYNCED</li>\n<li>Executing: ROLLBACK | (no parameters)</li>\n</ol>\n</div>\n<div style=\"clear:both;margin-bottom:2px;border:red dotted thin;\" class=\"error_message\" style=\"border-bottom:dotted blue thin;\">\nError occurred at line 4117 in Function <code>handle_error</code>. Error message was: SQLSTATE[HY000]: General error: 1 no such table: wp_sirv_images.\n</div>\n<p>Backtrace:</p>\n<pre>#0 /internal/shared/sqlite-database-integration/wp-includes/sqlite/class-wp-sqlite-db.php(287): WP_SQLite_Translator->get_error_message()\n#1 /wordpress/wp-includes/class-wpdb.php(3031): WP_SQLite_DB->query('SELECT count(*)...')\n#2 /wordpress/wp-content/plugins/sirv/sirv.php(3994): wpdb->get_var('SELECT count(*)...')\n#3 /wordpress/wp-content/plugins/sirv/sirv.php(1020): sirv_get_synced_count()\n#4 /wordpress/wp-content/plugins/sirv/sirv.php(695): sirv_fill_empty_options()\n#5 /wordpress/wp-includes/class-wp-hook.php(324): sirv_activation_callback(false)\n#6 /wordpress/wp-includes/class-wp-hook.php(348): WP_Hook->apply_filters('', Array)\n#7 /wordpress/wp-includes/plugin.php(517): WP_Hook->do_action(Array)\n#8 /wordpress/wp-admin/includes/plugin.php(703): do_action('activate_sirv/s...', false)\n#9 /internal/eval.php(20): activate_plugin('sirv/sirv.php')\n#10 {main}</pre>\n for query SELECT count(*) FROM wp_sirv_images WHERE status = 'SYNCED' made by activate_plugin, do_action('activate_sirv/sirv.php'), WP_Hook->do_action, WP_Hook->apply_filters, sirv_activation_callback, sirv_fill_empty_options, sirv_get_synced_count, WP_SQLite_DB->query, WP_SQLite_DB->print_error","log":"/logs/plugins/s/search-github/error.json"}
,
{"message":"Unknown show type: INDEXES FROM.","level":"FATAL","type":"SQL","test":"jspi-boot","plugin":"search-github","details":"[27-May-2025 02:35:42 UTC] WordPress database error <div style=\"clear:both\">&nbsp;</div>\n<div class=\"queries\" style=\"clear:both;margin-bottom:2px;border:red dotted thin;\">\n<p>MySQL query:</p>\n<p>SHOW INDEXES FROM wp_sirv_images WHERE Column_name='attachment_id' AND NOT Non_unique</p>\n<p>Queries made or created this session were:</p>\n<ol>\n<li>Executing: BEGIN | (no parameters)</li>\n<li>Executing: ROLLBACK | (no parameters)</li>\n</ol>\n</div>\n<div style=\"clear:both;margin-bottom:2px;border:red dotted thin;\" class=\"error_message\" style=\"border-bottom:dotted blue thin;\">\nError occurred at line 4117 in Function <code>handle_error</code>. Error message was: Unknown show type: INDEXES FROM.\n</div>\n<p>Backtrace:</p>\n<pre>#0 /internal/shared/sqlite-database-integration/wp-includes/sqlite/class-wp-sqlite-db.php(287): WP_SQLite_Translator->get_error_message()\n#1 /wordpress/wp-includes/class-wpdb.php(3146): WP_SQLite_DB->query('SHOW INDEXES FR...')\n#2 /wordpress/wp-content/plugins/sirv/sirv.php(2003): wpdb->get_results('SHOW INDEXES FR...', 'ARRAY_A')\n#3 /wordpress/wp-content/plugins/sirv/sirv.php(768): sirv_is_unique_field('attachment_id')\n#4 /wordpress/wp-content/plugins/sirv/sirv.php(718): sirv_upgrade_plugin()\n#5 /wordpress/wp-includes/class-wp-hook.php(324): sirv_activation_callback(false)\n#6 /wordpress/wp-includes/class-wp-hook.php(348): WP_Hook->apply_filters('', Array)\n#7 /wordpress/wp-includes/plugin.php(517): WP_Hook->do_action(Array)\n#8 /wordpress/wp-admin/includes/plugin.php(703): do_action('activate_sirv/s...', false)\n#9 /internal/eval.php(20): activate_plugin('sirv/sirv.php')\n#10 {main}</pre>\n for query SHOW INDEXES FROM wp_sirv_images WHERE Column_name='attachment_id' AND NOT Non_unique made by activate_plugin, do_action('activate_sirv/sirv.php'), WP_Hook->do_action, WP_Hook->apply_filters, sirv_activation_callback, sirv_upgrade_plugin, sirv_is_unique_field, WP_SQLite_DB->query, WP_SQLite_DB->print_error","log":"/logs/plugins/s/search-github/error.json"}
,
{"message":"SQLSTATE[HY000]: General error: 1 near \")\": syntax error.","level":"FATAL","type":"SQL","test":"jspi-boot","plugin":"search-github","details":"[27-May-2025 02:35:43 UTC] WordPress database error <div style=\"clear:both\">&nbsp;</div>\n<div class=\"queries\" style=\"clear:both;margin-bottom:2px;border:red dotted thin;\">\n<p>MySQL query:</p>\n<p>ALTER TABLE wp_sirv_images ADD UNIQUE (attachment_id)</p>\n<p>Queries made or created this session were:</p>\n<ol>\n<li>Executing: BEGIN | (no parameters)</li>\n<li>Executing: INSERT INTO _mysql_data_types_cache (`table`, `column_or_index`, `mysql_type`)\n\t\t\t\tVALUES (:table, :column, :datatype)\n\t\t\t\tON CONFLICT(`table`, `column_or_index`) DO UPDATE SET `mysql_type` = :datatype\n\t\t\t | parameters: wp_sirv_images, wp_sirv_images__(, UNIQUE</li>\n<li>Executing: CREATE UNIQUE INDEX &quot;wp_sirv_images__(&quot; ON &quot;wp_sirv_images&quot; () | (no parameters)</li>\n<li>Executing: ROLLBACK | (no parameters)</li>\n</ol>\n</div>\n<div style=\"clear:both;margin-bottom:2px;border:red dotted thin;\" class=\"error_message\" style=\"border-bottom:dotted blue thin;\">\nError occurred at line 4117 in Function <code>handle_error</code>. Error message was: SQLSTATE[HY000]: General error: 1 near \")\": syntax error.\n</div>\n<p>Backtrace:</p>\n<pre>#0 /internal/shared/sqlite-database-integration/wp-includes/sqlite/class-wp-sqlite-db.php(287): WP_SQLite_Translator->get_error_message()\n#1 /wordpress/wp-content/plugins/sirv/sirv.php(2040): WP_SQLite_DB->query('ALTER TABLE wp_...')\n#2 /wordpress/wp-content/plugins/sirv/sirv.php(769): sirv_set_unique_field('attachment_id')\n#3 /wordpress/wp-content/plugins/sirv/sirv.php(718): sirv_upgrade_plugin()\n#4 /wordpress/wp-includes/class-wp-hook.php(324): sirv_activation_callback(false)\n#5 /wordpress/wp-includes/class-wp-hook.php(348): WP_Hook->apply_filters('', Array)\n#6 /wordpress/wp-includes/plugin.php(517): WP_Hook->do_action(Array)\n#7 /wordpress/wp-admin/includes/plugin.php(703): do_action('activate_sirv/s...', false)\n#8 /internal/eval.php(20): activate_plugin('sirv/sirv.php')\n#9 {main}</pre>\n for query ALTER TABLE wp_sirv_images ADD UNIQUE (attachment_id) made by activate_plugin, do_action('activate_sirv/sirv.php'), WP_Hook->do_action, WP_Hook->apply_filters, sirv_activation_callback, sirv_upgrade_plugin, sirv_set_unique_field, WP_SQLite_DB->query, WP_SQLite_DB->print_error","log":"/logs/plugins/s/search-github/error.json"}
,
{"message":"SQLSTATE[HY000]: General error: 1 near \",\": syntax error.","level":"FATAL","type":"SQL","test":"jspi-boot","plugin":"search-github","details":"[27-May-2025 02:35:43 UTC] WordPress database error <div style=\"clear:both\">&nbsp;</div>\n<div class=\"queries\" style=\"clear:both;margin-bottom:2px;border:red dotted thin;\">\n<p>MySQL query:</p>\n<p>ALTER TABLE wp_sirv_images\n                  DROP `sirvpath`,\n                  DROP `sirv_image_url`,\n                  DROP `sirv_folder`</p>\n<p>Queries made or created this session were:</p>\n<ol>\n<li>Executing: BEGIN | (no parameters)</li>\n<li>Executing: ALTER TABLE wp_sirv_images\n                  DROP `sirvpath`,\n                  DROP `sirv_image_url`,\n                  DROP `sirv_folder` | (no parameters)</li>\n<li>Executing: ROLLBACK | (no parameters)</li>\n</ol>\n</div>\n<div style=\"clear:both;margin-bottom:2px;border:red dotted thin;\" class=\"error_message\" style=\"border-bottom:dotted blue thin;\">\nError occurred at line 4117 in Function <code>handle_error</code>. Error message was: SQLSTATE[HY000]: General error: 1 near \",\": syntax error.\n</div>\n<p>Backtrace:</p>\n<pre>#0 /internal/shared/sqlite-database-integration/wp-includes/sqlite/class-wp-sqlite-db.php(287): WP_SQLite_Translator->get_error_message()\n#1 /wordpress/wp-content/plugins/sirv/sirv.php(1054): WP_SQLite_DB->query('ALTER TABLE wp_...')\n#2 /wordpress/wp-content/plugins/sirv/sirv.php(772): sirv_fix_db()\n#3 /wordpress/wp-content/plugins/sirv/sirv.php(718): sirv_upgrade_plugin()\n#4 /wordpress/wp-includes/class-wp-hook.php(324): sirv_activation_callback(false)\n#5 /wordpress/wp-includes/class-wp-hook.php(348): WP_Hook->apply_filters('', Array)\n#6 /wordpress/wp-includes/plugin.php(517): WP_Hook->do_action(Array)\n#7 /wordpress/wp-admin/includes/plugin.php(703): do_action('activate_sirv/s...', false)\n#8 /internal/eval.php(20): activate_plugin('sirv/sirv.php')\n#9 {main}</pre>\n for query ALTER TABLE wp_sirv_images\n                  DROP `sirvpath`,\n                  DROP `sirv_image_url`,\n                  DROP `sirv_folder` made by activate_plugin, do_action('activate_sirv/sirv.php'), WP_Hook->do_action, WP_Hook->apply_filters, sirv_activation_callback, sirv_upgrade_plugin, sirv_fix_db, WP_SQLite_DB->query, WP_SQLite_DB->print_error","log":"/logs/plugins/s/search-github/error.json"}
,
{"message":"SQLSTATE[HY000]: General error: 1 duplicate column name: checks.","level":"FATAL","type":"SQL","test":"jspi-boot","plugin":"search-github","details":"[27-May-2025 02:35:43 UTC] WordPress database error <div style=\"clear:both\">&nbsp;</div>\n<div class=\"queries\" style=\"clear:both;margin-bottom:2px;border:red dotted thin;\">\n<p>MySQL query:</p>\n<p>ALTER TABLE wp_sirv_images ADD `checks` TINYINT UNSIGNED NULL DEFAULT 0 AFTER `timestamp_synced`</p>\n<p>Queries made or created this session were:</p>\n<ol>\n<li>Executing: BEGIN | (no parameters)</li>\n<li>Executing: INSERT INTO _mysql_data_types_cache (`table`, `column_or_index`, `mysql_type`)\n\t\t\t\tVALUES (:table, :column, :datatype)\n\t\t\t\tON CONFLICT(`table`, `column_or_index`) DO UPDATE SET `mysql_type` = :datatype\n\t\t\t | parameters: wp_sirv_images, `CHECKS`, tinyint UNSIGNED</li>\n<li>Executing: ALTER TABLE wp_sirv_images ADD `checks`  integer NULL DEFAULT 0   | (no parameters)</li>\n<li>Executing: ROLLBACK | (no parameters)</li>\n</ol>\n</div>\n<div style=\"clear:both;margin-bottom:2px;border:red dotted thin;\" class=\"error_message\" style=\"border-bottom:dotted blue thin;\">\nError occurred at line 4117 in Function <code>handle_error</code>. Error message was: SQLSTATE[HY000]: General error: 1 duplicate column name: checks.\n</div>\n<p>Backtrace:</p>\n<pre>#0 /internal/shared/sqlite-database-integration/wp-includes/sqlite/class-wp-sqlite-db.php(287): WP_SQLite_Translator->get_error_message()\n#1 /wordpress/wp-content/plugins/sirv/sirv.php(1058): WP_SQLite_DB->query('ALTER TABLE wp_...')\n#2 /wordpress/wp-content/plugins/sirv/sirv.php(772): sirv_fix_db()\n#3 /wordpress/wp-content/plugins/sirv/sirv.php(718): sirv_upgrade_plugin()\n#4 /wordpress/wp-includes/class-wp-hook.php(324): sirv_activation_callback(false)\n#5 /wordpress/wp-includes/class-wp-hook.php(348): WP_Hook->apply_filters('', Array)\n#6 /wordpress/wp-includes/plugin.php(517): WP_Hook->do_action(Array)\n#7 /wordpress/wp-admin/includes/plugin.php(703): do_action('activate_sirv/s...', false)\n#8 /internal/eval.php(20): activate_plugin('sirv/sirv.php')\n#9 {main}</pre>\n for query ALTER TABLE wp_sirv_images ADD `checks` TINYINT UNSIGNED NULL DEFAULT 0 AFTER `timestamp_synced` made by activate_plugin, do_action('activate_sirv/sirv.php'), WP_Hook->do_action, WP_Hook->apply_filters, sirv_activation_callback, sirv_upgrade_plugin, sirv_fix_db, WP_SQLite_DB->query, WP_SQLite_DB->print_error","log":"/logs/plugins/s/search-github/error.json"}
,
{"message":"SQLSTATE[HY000]: General error: 1 duplicate column name: timestamp_checks.","level":"FATAL","type":"SQL","test":"jspi-boot","plugin":"search-github","details":"[27-May-2025 02:35:43 UTC] WordPress database error <div style=\"clear:both\">&nbsp;</div>\n<div class=\"queries\" style=\"clear:both;margin-bottom:2px;border:red dotted thin;\">\n<p>MySQL query:</p>\n<p>ALTER TABLE wp_sirv_images ADD `timestamp_checks` INT NULL DEFAULT NULL AFTER `checks`</p>\n<p>Queries made or created this session were:</p>\n<ol>\n<li>Executing: BEGIN | (no parameters)</li>\n<li>Executing: INSERT INTO _mysql_data_types_cache (`table`, `column_or_index`, `mysql_type`)\n\t\t\t\tVALUES (:table, :column, :datatype)\n\t\t\t\tON CONFLICT(`table`, `column_or_index`) DO UPDATE SET `mysql_type` = :datatype\n\t\t\t | parameters: wp_sirv_images, `TIMESTAMP_CHECKS`, int</li>\n<li>Executing: ALTER TABLE wp_sirv_images ADD `timestamp_checks` integer NULL DEFAULT NULL   | (no parameters)</li>\n<li>Executing: ROLLBACK | (no parameters)</li>\n</ol>\n</div>\n<div style=\"clear:both;margin-bottom:2px;border:red dotted thin;\" class=\"error_message\" style=\"border-bottom:dotted blue thin;\">\nError occurred at line 4117 in Function <code>handle_error</code>. Error message was: SQLSTATE[HY000]: General error: 1 duplicate column name: timestamp_checks.\n</div>\n<p>Backtrace:</p>\n<pre>#0 /internal/shared/sqlite-database-integration/wp-includes/sqlite/class-wp-sqlite-db.php(287): WP_SQLite_Translator->get_error_message()\n#1 /wordpress/wp-content/plugins/sirv/sirv.php(1059): WP_SQLite_DB->query('ALTER TABLE wp_...')\n#2 /wordpress/wp-content/plugins/sirv/sirv.php(772): sirv_fix_db()\n#3 /wordpress/wp-content/plugins/sirv/sirv.php(718): sirv_upgrade_plugin()\n#4 /wordpress/wp-includes/class-wp-hook.php(324): sirv_activation_callback(false)\n#5 /wordpress/wp-includes/class-wp-hook.php(348): WP_Hook->apply_filters('', Array)\n#6 /wordpress/wp-includes/plugin.php(517): WP_Hook->do_action(Array)\n#7 /wordpress/wp-admin/includes/plugin.php(703): do_action('activate_sirv/s...', false)\n#8 /internal/eval.php(20): activate_plugin('sirv/sirv.php')\n#9 {main}</pre>\n for query ALTER TABLE wp_sirv_images ADD `timestamp_checks` INT NULL DEFAULT NULL AFTER `checks` made by activate_plugin, do_action('activate_sirv/sirv.php'), WP_Hook->do_action, WP_Hook->apply_filters, sirv_activation_callback, sirv_upgrade_plugin, sirv_fix_db, WP_SQLite_DB->query, WP_SQLite_DB->print_error","log":"/logs/plugins/s/search-github/error.json"}
,
{"message":"SQLSTATE[HY000]: General error: 1 duplicate column name: status.","level":"FATAL","type":"SQL","test":"jspi-boot","plugin":"search-github","details":"[27-May-2025 02:35:43 UTC] WordPress database error <div style=\"clear:both\">&nbsp;</div>\n<div class=\"queries\" style=\"clear:both;margin-bottom:2px;border:red dotted thin;\">\n<p>MySQL query:</p>\n<p>ALTER TABLE wp_sirv_images ADD `status` enum('NEW', 'PROCESSING', 'SYNCED', 'FAILED') DEFAULT NULL AFTER `size`</p>\n<p>Queries made or created this session were:</p>\n<ol>\n<li>Executing: BEGIN | (no parameters)</li>\n<li>Executing: INSERT INTO _mysql_data_types_cache (`table`, `column_or_index`, `mysql_type`)\n\t\t\t\tVALUES (:table, :column, :datatype)\n\t\t\t\tON CONFLICT(`table`, `column_or_index`) DO UPDATE SET `mysql_type` = :datatype\n\t\t\t | parameters: wp_sirv_images, `STATUS`, enum('NEW','PROCESSING','SYNCED','FAILED')</li>\n<li>Executing: ALTER TABLE wp_sirv_images ADD `status`    text DEFAULT NULL   | (no parameters)</li>\n<li>Executing: ROLLBACK | (no parameters)</li>\n</ol>\n</div>\n<div style=\"clear:both;margin-bottom:2px;border:red dotted thin;\" class=\"error_message\" style=\"border-bottom:dotted blue thin;\">\nError occurred at line 4117 in Function <code>handle_error</code>. Error message was: SQLSTATE[HY000]: General error: 1 duplicate column name: status.\n</div>\n<p>Backtrace:</p>\n<pre>#0 /internal/shared/sqlite-database-integration/wp-includes/sqlite/class-wp-sqlite-db.php(287): WP_SQLite_Translator->get_error_message()\n#1 /wordpress/wp-content/plugins/sirv/sirv.php(1060): WP_SQLite_DB->query('ALTER TABLE wp_...')\n#2 /wordpress/wp-content/plugins/sirv/sirv.php(772): sirv_fix_db()\n#3 /wordpress/wp-content/plugins/sirv/sirv.php(718): sirv_upgrade_plugin()\n#4 /wordpress/wp-includes/class-wp-hook.php(324): sirv_activation_callback(false)\n#5 /wordpress/wp-includes/class-wp-hook.php(348): WP_Hook->apply_filters('', Array)\n#6 /wordpress/wp-includes/plugin.php(517): WP_Hook->do_action(Array)\n#7 /wordpress/wp-admin/includes/plugin.php(703): do_action('activate_sirv/s...', false)\n#8 /internal/eval.php(20): activate_plugin('sirv/sirv.php')\n#9 {main}</pre>\n for query ALTER TABLE wp_sirv_images ADD `status` enum('NEW', 'PROCESSING', 'SYNCED', 'FAILED') DEFAULT NULL AFTER `size` made by activate_plugin, do_action('activate_sirv/sirv.php'), WP_Hook->do_action, WP_Hook->apply_filters, sirv_activation_callback, sirv_upgrade_plugin, sirv_fix_db, WP_SQLite_DB->query, WP_SQLite_DB->print_error","log":"/logs/plugins/s/search-github/error.json"}
,
{"message":"SQLSTATE[HY000]: General error: 1 duplicate column name: error_type.","level":"FATAL","type":"SQL","test":"jspi-boot","plugin":"search-github","details":"[27-May-2025 02:35:43 UTC] WordPress database error <div style=\"clear:both\">&nbsp;</div>\n<div class=\"queries\" style=\"clear:both;margin-bottom:2px;border:red dotted thin;\">\n<p>MySQL query:</p>\n<p>ALTER TABLE wp_sirv_images ADD `error_type` TINYINT UNSIGNED NULL DEFAULT NULL AFTER `status`</p>\n<p>Queries made or created this session were:</p>\n<ol>\n<li>Executing: BEGIN | (no parameters)</li>\n<li>Executing: INSERT INTO _mysql_data_types_cache (`table`, `column_or_index`, `mysql_type`)\n\t\t\t\tVALUES (:table, :column, :datatype)\n\t\t\t\tON CONFLICT(`table`, `column_or_index`) DO UPDATE SET `mysql_type` = :datatype\n\t\t\t | parameters: wp_sirv_images, `ERROR_TYPE`, tinyint UNSIGNED</li>\n<li>Executing: ALTER TABLE wp_sirv_images ADD `error_type`  integer NULL DEFAULT NULL   | (no parameters)</li>\n<li>Executing: ROLLBACK | (no parameters)</li>\n</ol>\n</div>\n<div style=\"clear:both;margin-bottom:2px;border:red dotted thin;\" class=\"error_message\" style=\"border-bottom:dotted blue thin;\">\nError occurred at line 4117 in Function <code>handle_error</code>. Error message was: SQLSTATE[HY000]: General error: 1 duplicate column name: error_type.\n</div>\n<p>Backtrace:</p>\n<pre>#0 /internal/shared/sqlite-database-integration/wp-includes/sqlite/class-wp-sqlite-db.php(287): WP_SQLite_Translator->get_error_message()\n#1 /wordpress/wp-content/plugins/sirv/sirv.php(1061): WP_SQLite_DB->query('ALTER TABLE wp_...')\n#2 /wordpress/wp-content/plugins/sirv/sirv.php(772): sirv_fix_db()\n#3 /wordpress/wp-content/plugins/sirv/sirv.php(718): sirv_upgrade_plugin()\n#4 /wordpress/wp-includes/class-wp-hook.php(324): sirv_activation_callback(false)\n#5 /wordpress/wp-includes/class-wp-hook.php(348): WP_Hook->apply_filters('', Array)\n#6 /wordpress/wp-includes/plugin.php(517): WP_Hook->do_action(Array)\n#7 /wordpress/wp-admin/includes/plugin.php(703): do_action('activate_sirv/s...', false)\n#8 /internal/eval.php(20): activate_plugin('sirv/sirv.php')\n#9 {main}</pre>\n for query ALTER TABLE wp_sirv_images ADD `error_type` TINYINT UNSIGNED NULL DEFAULT NULL AFTER `status` made by activate_plugin, do_action('activate_sirv/sirv.php'), WP_Hook->do_action, WP_Hook->apply_filters, sirv_activation_callback, sirv_upgrade_plugin, sirv_fix_db, WP_SQLite_DB->query, WP_SQLite_DB->print_error","log":"/logs/plugins/s/search-github/error.json"}
,
{"message":"SQLSTATE[HY000]: General error: 1 near \"SET\": syntax error.","level":"FATAL","type":"SQL","test":"jspi-boot","plugin":"search-github","details":"[27-May-2025 02:35:43 UTC] WordPress database error <div style=\"clear:both\">&nbsp;</div>\n<div class=\"queries\" style=\"clear:both;margin-bottom:2px;border:red dotted thin;\">\n<p>MySQL query:</p>\n<p>ALTER TABLE wp_sirv_images ADD `sirv_path` VARCHAR(1000) CHARACTER SET utf8 COLLATE utf8_general_ci NULL DEFAULT NULL AFTER `img_path`</p>\n<p>Queries made or created this session were:</p>\n<ol>\n<li>Executing: BEGIN | (no parameters)</li>\n<li>Executing: INSERT INTO _mysql_data_types_cache (`table`, `column_or_index`, `mysql_type`)\n\t\t\t\tVALUES (:table, :column, :datatype)\n\t\t\t\tON CONFLICT(`table`, `column_or_index`) DO UPDATE SET `mysql_type` = :datatype\n\t\t\t | parameters: wp_sirv_images, `SIRV_PATH`, varchar(1000)</li>\n<li>Executing: ALTER TABLE wp_sirv_images ADD `sirv_path` text CHARACTER SET utf8 COLLATE utf8_general_ci NULL DEFAULT NULL   | (no parameters)</li>\n<li>Executing: ROLLBACK | (no parameters)</li>\n</ol>\n</div>\n<div style=\"clear:both;margin-bottom:2px;border:red dotted thin;\" class=\"error_message\" style=\"border-bottom:dotted blue thin;\">\nError occurred at line 4117 in Function <code>handle_error</code>. Error message was: SQLSTATE[HY000]: General error: 1 near \"SET\": syntax error.\n</div>\n<p>Backtrace:</p>\n<pre>#0 /internal/shared/sqlite-database-integration/wp-includes/sqlite/class-wp-sqlite-db.php(287): WP_SQLite_Translator->get_error_message()\n#1 /wordpress/wp-content/plugins/sirv/sirv.php(1062): WP_SQLite_DB->query('ALTER TABLE wp_...')\n#2 /wordpress/wp-content/plugins/sirv/sirv.php(772): sirv_fix_db()\n#3 /wordpress/wp-content/plugins/sirv/sirv.php(718): sirv_upgrade_plugin()\n#4 /wordpress/wp-includes/class-wp-hook.php(324): sirv_activation_callback(false)\n#5 /wordpress/wp-includes/class-wp-hook.php(348): WP_Hook->apply_filters('', Array)\n#6 /wordpress/wp-includes/plugin.php(517): WP_Hook->do_action(Array)\n#7 /wordpress/wp-admin/includes/plugin.php(703): do_action('activate_sirv/s...', false)\n#8 /internal/eval.php(20): activate_plugin('sirv/sirv.php')\n#9 {main}</pre>\n for query ALTER TABLE wp_sirv_images ADD `sirv_path` VARCHAR(1000) CHARACTER SET utf8 COLLATE utf8_general_ci NULL DEFAULT NULL AFTER `img_path` made by activate_plugin, do_action('activate_sirv/sirv.php'), WP_Hook->do_action, WP_Hook->apply_filters, sirv_activation_callback, sirv_upgrade_plugin, sirv_fix_db, WP_SQLite_DB->query, WP_SQLite_DB->print_error","log":"/logs/plugins/s/search-github/error.json"}
,
{"message":"SQLSTATE[HY000]: General error: 1 no such table: wp_sirv_images.","level":"FATAL","type":"SQL","test":"jspi-boot","plugin":"search-github","details":"[27-May-2025 02:35:53 UTC] WordPress database error <div style=\"clear:both\">&nbsp;</div>\n<div class=\"queries\" style=\"clear:both;margin-bottom:2px;border:red dotted thin;\">\n<p>MySQL query:</p>\n<p>SELECT count(*) FROM wp_sirv_images WHERE status = 'SYNCED'</p>\n<p>Queries made or created this session were:</p>\n<ol>\n<li>Executing: BEGIN | (no parameters)</li>\n<li>Executing: SELECT count(*) FROM wp_sirv_images WHERE status = :param0  | parameters: SYNCED</li>\n<li>Executing: ROLLBACK | (no parameters)</li>\n</ol>\n</div>\n<div style=\"clear:both;margin-bottom:2px;border:red dotted thin;\" class=\"error_message\" style=\"border-bottom:dotted blue thin;\">\nError occurred at line 4117 in Function <code>handle_error</code>. Error message was: SQLSTATE[HY000]: General error: 1 no such table: wp_sirv_images.\n</div>\n<p>Backtrace:</p>\n<pre>#0 /internal/shared/sqlite-database-integration/wp-includes/sqlite/class-wp-sqlite-db.php(287): WP_SQLite_Translator->get_error_message()\n#1 /wordpress/wp-includes/class-wpdb.php(3031): WP_SQLite_DB->query('SELECT count(*)...')\n#2 /wordpress/wp-content/plugins/sirv/sirv.php(3994): wpdb->get_var('SELECT count(*)...')\n#3 /wordpress/wp-content/plugins/sirv/sirv.php(1020): sirv_get_synced_count()\n#4 /wordpress/wp-content/plugins/sirv/sirv.php(695): sirv_fill_empty_options()\n#5 /wordpress/wp-includes/class-wp-hook.php(324): sirv_activation_callback(false)\n#6 /wordpress/wp-includes/class-wp-hook.php(348): WP_Hook->apply_filters('', Array)\n#7 /wordpress/wp-includes/plugin.php(517): WP_Hook->do_action(Array)\n#8 /wordpress/wp-admin/includes/plugin.php(703): do_action('activate_sirv/s...', false)\n#9 /internal/eval.php(20): activate_plugin('sirv/sirv.php')\n#10 {main}</pre>\n for query SELECT count(*) FROM wp_sirv_images WHERE status = 'SYNCED' made by activate_plugin, do_action('activate_sirv/sirv.php'), WP_Hook->do_action, WP_Hook->apply_filters, sirv_activation_callback, sirv_fill_empty_options, sirv_get_synced_count, WP_SQLite_DB->query, WP_SQLite_DB->print_error","log":"/logs/plugins/s/search-github/error.json"}
,
{"message":"Unknown show type: INDEXES FROM.","level":"FATAL","type":"SQL","test":"jspi-boot","plugin":"search-github","details":"[27-May-2025 02:35:54 UTC] WordPress database error <div style=\"clear:both\">&nbsp;</div>\n<div class=\"queries\" style=\"clear:both;margin-bottom:2px;border:red dotted thin;\">\n<p>MySQL query:</p>\n<p>SHOW INDEXES FROM wp_sirv_images WHERE Column_name='attachment_id' AND NOT Non_unique</p>\n<p>Queries made or created this session were:</p>\n<ol>\n<li>Executing: BEGIN | (no parameters)</li>\n<li>Executing: ROLLBACK | (no parameters)</li>\n</ol>\n</div>\n<div style=\"clear:both;margin-bottom:2px;border:red dotted thin;\" class=\"error_message\" style=\"border-bottom:dotted blue thin;\">\nError occurred at line 4117 in Function <code>handle_error</code>. Error message was: Unknown show type: INDEXES FROM.\n</div>\n<p>Backtrace:</p>\n<pre>#0 /internal/shared/sqlite-database-integration/wp-includes/sqlite/class-wp-sqlite-db.php(287): WP_SQLite_Translator->get_error_message()\n#1 /wordpress/wp-includes/class-wpdb.php(3146): WP_SQLite_DB->query('SHOW INDEXES FR...')\n#2 /wordpress/wp-content/plugins/sirv/sirv.php(2003): wpdb->get_results('SHOW INDEXES FR...', 'ARRAY_A')\n#3 /wordpress/wp-content/plugins/sirv/sirv.php(768): sirv_is_unique_field('attachment_id')\n#4 /wordpress/wp-content/plugins/sirv/sirv.php(718): sirv_upgrade_plugin()\n#5 /wordpress/wp-includes/class-wp-hook.php(324): sirv_activation_callback(false)\n#6 /wordpress/wp-includes/class-wp-hook.php(348): WP_Hook->apply_filters('', Array)\n#7 /wordpress/wp-includes/plugin.php(517): WP_Hook->do_action(Array)\n#8 /wordpress/wp-admin/includes/plugin.php(703): do_action('activate_sirv/s...', false)\n#9 /internal/eval.php(20): activate_plugin('sirv/sirv.php')\n#10 {main}</pre>\n for query SHOW INDEXES FROM wp_sirv_images WHERE Column_name='attachment_id' AND NOT Non_unique made by activate_plugin, do_action('activate_sirv/sirv.php'), WP_Hook->do_action, WP_Hook->apply_filters, sirv_activation_callback, sirv_upgrade_plugin, sirv_is_unique_field, WP_SQLite_DB->query, WP_SQLite_DB->print_error","log":"/logs/plugins/s/search-github/error.json"}
,
{"message":"SQLSTATE[HY000]: General error: 1 near \")\": syntax error.","level":"FATAL","type":"SQL","test":"jspi-boot","plugin":"search-github","details":"[27-May-2025 02:35:54 UTC] WordPress database error <div style=\"clear:both\">&nbsp;</div>\n<div class=\"queries\" style=\"clear:both;margin-bottom:2px;border:red dotted thin;\">\n<p>MySQL query:</p>\n<p>ALTER TABLE wp_sirv_images ADD UNIQUE (attachment_id)</p>\n<p>Queries made or created this session were:</p>\n<ol>\n<li>Executing: BEGIN | (no parameters)</li>\n<li>Executing: INSERT INTO _mysql_data_types_cache (`table`, `column_or_index`, `mysql_type`)\n\t\t\t\tVALUES (:table, :column, :datatype)\n\t\t\t\tON CONFLICT(`table`, `column_or_index`) DO UPDATE SET `mysql_type` = :datatype\n\t\t\t | parameters: wp_sirv_images, wp_sirv_images__(, UNIQUE</li>\n<li>Executing: CREATE UNIQUE INDEX &quot;wp_sirv_images__(&quot; ON &quot;wp_sirv_images&quot; () | (no parameters)</li>\n<li>Executing: ROLLBACK | (no parameters)</li>\n</ol>\n</div>\n<div style=\"clear:both;margin-bottom:2px;border:red dotted thin;\" class=\"error_message\" style=\"border-bottom:dotted blue thin;\">\nError occurred at line 4117 in Function <code>handle_error</code>. Error message was: SQLSTATE[HY000]: General error: 1 near \")\": syntax error.\n</div>\n<p>Backtrace:</p>\n<pre>#0 /internal/shared/sqlite-database-integration/wp-includes/sqlite/class-wp-sqlite-db.php(287): WP_SQLite_Translator->get_error_message()\n#1 /wordpress/wp-content/plugins/sirv/sirv.php(2040): WP_SQLite_DB->query('ALTER TABLE wp_...')\n#2 /wordpress/wp-content/plugins/sirv/sirv.php(769): sirv_set_unique_field('attachment_id')\n#3 /wordpress/wp-content/plugins/sirv/sirv.php(718): sirv_upgrade_plugin()\n#4 /wordpress/wp-includes/class-wp-hook.php(324): sirv_activation_callback(false)\n#5 /wordpress/wp-includes/class-wp-hook.php(348): WP_Hook->apply_filters('', Array)\n#6 /wordpress/wp-includes/plugin.php(517): WP_Hook->do_action(Array)\n#7 /wordpress/wp-admin/includes/plugin.php(703): do_action('activate_sirv/s...', false)\n#8 /internal/eval.php(20): activate_plugin('sirv/sirv.php')\n#9 {main}</pre>\n for query ALTER TABLE wp_sirv_images ADD UNIQUE (attachment_id) made by activate_plugin, do_action('activate_sirv/sirv.php'), WP_Hook->do_action, WP_Hook->apply_filters, sirv_activation_callback, sirv_upgrade_plugin, sirv_set_unique_field, WP_SQLite_DB->query, WP_SQLite_DB->print_error","log":"/logs/plugins/s/search-github/error.json"}
,
{"message":"SQLSTATE[HY000]: General error: 1 near \",\": syntax error.","level":"FATAL","type":"SQL","test":"jspi-boot","plugin":"search-github","details":"[27-May-2025 02:35:54 UTC] WordPress database error <div style=\"clear:both\">&nbsp;</div>\n<div class=\"queries\" style=\"clear:both;margin-bottom:2px;border:red dotted thin;\">\n<p>MySQL query:</p>\n<p>ALTER TABLE wp_sirv_images\n                  DROP `sirvpath`,\n                  DROP `sirv_image_url`,\n                  DROP `sirv_folder`</p>\n<p>Queries made or created this session were:</p>\n<ol>\n<li>Executing: BEGIN | (no parameters)</li>\n<li>Executing: ALTER TABLE wp_sirv_images\n                  DROP `sirvpath`,\n                  DROP `sirv_image_url`,\n                  DROP `sirv_folder` | (no parameters)</li>\n<li>Executing: ROLLBACK | (no parameters)</li>\n</ol>\n</div>\n<div style=\"clear:both;margin-bottom:2px;border:red dotted thin;\" class=\"error_message\" style=\"border-bottom:dotted blue thin;\">\nError occurred at line 4117 in Function <code>handle_error</code>. Error message was: SQLSTATE[HY000]: General error: 1 near \",\": syntax error.\n</div>\n<p>Backtrace:</p>\n<pre>#0 /internal/shared/sqlite-database-integration/wp-includes/sqlite/class-wp-sqlite-db.php(287): WP_SQLite_Translator->get_error_message()\n#1 /wordpress/wp-content/plugins/sirv/sirv.php(1054): WP_SQLite_DB->query('ALTER TABLE wp_...')\n#2 /wordpress/wp-content/plugins/sirv/sirv.php(772): sirv_fix_db()\n#3 /wordpress/wp-content/plugins/sirv/sirv.php(718): sirv_upgrade_plugin()\n#4 /wordpress/wp-includes/class-wp-hook.php(324): sirv_activation_callback(false)\n#5 /wordpress/wp-includes/class-wp-hook.php(348): WP_Hook->apply_filters('', Array)\n#6 /wordpress/wp-includes/plugin.php(517): WP_Hook->do_action(Array)\n#7 /wordpress/wp-admin/includes/plugin.php(703): do_action('activate_sirv/s...', false)\n#8 /internal/eval.php(20): activate_plugin('sirv/sirv.php')\n#9 {main}</pre>\n for query ALTER TABLE wp_sirv_images\n                  DROP `sirvpath`,\n                  DROP `sirv_image_url`,\n                  DROP `sirv_folder` made by activate_plugin, do_action('activate_sirv/sirv.php'), WP_Hook->do_action, WP_Hook->apply_filters, sirv_activation_callback, sirv_upgrade_plugin, sirv_fix_db, WP_SQLite_DB->query, WP_SQLite_DB->print_error","log":"/logs/plugins/s/search-github/error.json"}
,
{"message":"SQLSTATE[HY000]: General error: 1 duplicate column name: checks.","level":"FATAL","type":"SQL","test":"jspi-boot","plugin":"search-github","details":"[27-May-2025 02:35:54 UTC] WordPress database error <div style=\"clear:both\">&nbsp;</div>\n<div class=\"queries\" style=\"clear:both;margin-bottom:2px;border:red dotted thin;\">\n<p>MySQL query:</p>\n<p>ALTER TABLE wp_sirv_images ADD `checks` TINYINT UNSIGNED NULL DEFAULT 0 AFTER `timestamp_synced`</p>\n<p>Queries made or created this session were:</p>\n<ol>\n<li>Executing: BEGIN | (no parameters)</li>\n<li>Executing: INSERT INTO _mysql_data_types_cache (`table`, `column_or_index`, `mysql_type`)\n\t\t\t\tVALUES (:table, :column, :datatype)\n\t\t\t\tON CONFLICT(`table`, `column_or_index`) DO UPDATE SET `mysql_type` = :datatype\n\t\t\t | parameters: wp_sirv_images, `CHECKS`, tinyint UNSIGNED</li>\n<li>Executing: ALTER TABLE wp_sirv_images ADD `checks`  integer NULL DEFAULT 0   | (no parameters)</li>\n<li>Executing: ROLLBACK | (no parameters)</li>\n</ol>\n</div>\n<div style=\"clear:both;margin-bottom:2px;border:red dotted thin;\" class=\"error_message\" style=\"border-bottom:dotted blue thin;\">\nError occurred at line 4117 in Function <code>handle_error</code>. Error message was: SQLSTATE[HY000]: General error: 1 duplicate column name: checks.\n</div>\n<p>Backtrace:</p>\n<pre>#0 /internal/shared/sqlite-database-integration/wp-includes/sqlite/class-wp-sqlite-db.php(287): WP_SQLite_Translator->get_error_message()\n#1 /wordpress/wp-content/plugins/sirv/sirv.php(1058): WP_SQLite_DB->query('ALTER TABLE wp_...')\n#2 /wordpress/wp-content/plugins/sirv/sirv.php(772): sirv_fix_db()\n#3 /wordpress/wp-content/plugins/sirv/sirv.php(718): sirv_upgrade_plugin()\n#4 /wordpress/wp-includes/class-wp-hook.php(324): sirv_activation_callback(false)\n#5 /wordpress/wp-includes/class-wp-hook.php(348): WP_Hook->apply_filters('', Array)\n#6 /wordpress/wp-includes/plugin.php(517): WP_Hook->do_action(Array)\n#7 /wordpress/wp-admin/includes/plugin.php(703): do_action('activate_sirv/s...', false)\n#8 /internal/eval.php(20): activate_plugin('sirv/sirv.php')\n#9 {main}</pre>\n for query ALTER TABLE wp_sirv_images ADD `checks` TINYINT UNSIGNED NULL DEFAULT 0 AFTER `timestamp_synced` made by activate_plugin, do_action('activate_sirv/sirv.php'), WP_Hook->do_action, WP_Hook->apply_filters, sirv_activation_callback, sirv_upgrade_plugin, sirv_fix_db, WP_SQLite_DB->query, WP_SQLite_DB->print_error","log":"/logs/plugins/s/search-github/error.json"}
,
{"message":"SQLSTATE[HY000]: General error: 1 duplicate column name: timestamp_checks.","level":"FATAL","type":"SQL","test":"jspi-boot","plugin":"search-github","details":"[27-May-2025 02:35:54 UTC] WordPress database error <div style=\"clear:both\">&nbsp;</div>\n<div class=\"queries\" style=\"clear:both;margin-bottom:2px;border:red dotted thin;\">\n<p>MySQL query:</p>\n<p>ALTER TABLE wp_sirv_images ADD `timestamp_checks` INT NULL DEFAULT NULL AFTER `checks`</p>\n<p>Queries made or created this session were:</p>\n<ol>\n<li>Executing: BEGIN | (no parameters)</li>\n<li>Executing: INSERT INTO _mysql_data_types_cache (`table`, `column_or_index`, `mysql_type`)\n\t\t\t\tVALUES (:table, :column, :datatype)\n\t\t\t\tON CONFLICT(`table`, `column_or_index`) DO UPDATE SET `mysql_type` = :datatype\n\t\t\t | parameters: wp_sirv_images, `TIMESTAMP_CHECKS`, int</li>\n<li>Executing: ALTER TABLE wp_sirv_images ADD `timestamp_checks` integer NULL DEFAULT NULL   | (no parameters)</li>\n<li>Executing: ROLLBACK | (no parameters)</li>\n</ol>\n</div>\n<div style=\"clear:both;margin-bottom:2px;border:red dotted thin;\" class=\"error_message\" style=\"border-bottom:dotted blue thin;\">\nError occurred at line 4117 in Function <code>handle_error</code>. Error message was: SQLSTATE[HY000]: General error: 1 duplicate column name: timestamp_checks.\n</div>\n<p>Backtrace:</p>\n<pre>#0 /internal/shared/sqlite-database-integration/wp-includes/sqlite/class-wp-sqlite-db.php(287): WP_SQLite_Translator->get_error_message()\n#1 /wordpress/wp-content/plugins/sirv/sirv.php(1059): WP_SQLite_DB->query('ALTER TABLE wp_...')\n#2 /wordpress/wp-content/plugins/sirv/sirv.php(772): sirv_fix_db()\n#3 /wordpress/wp-content/plugins/sirv/sirv.php(718): sirv_upgrade_plugin()\n#4 /wordpress/wp-includes/class-wp-hook.php(324): sirv_activation_callback(false)\n#5 /wordpress/wp-includes/class-wp-hook.php(348): WP_Hook->apply_filters('', Array)\n#6 /wordpress/wp-includes/plugin.php(517): WP_Hook->do_action(Array)\n#7 /wordpress/wp-admin/includes/plugin.php(703): do_action('activate_sirv/s...', false)\n#8 /internal/eval.php(20): activate_plugin('sirv/sirv.php')\n#9 {main}</pre>\n for query ALTER TABLE wp_sirv_images ADD `timestamp_checks` INT NULL DEFAULT NULL AFTER `checks` made by activate_plugin, do_action('activate_sirv/sirv.php'), WP_Hook->do_action, WP_Hook->apply_filters, sirv_activation_callback, sirv_upgrade_plugin, sirv_fix_db, WP_SQLite_DB->query, WP_SQLite_DB->print_error","log":"/logs/plugins/s/search-github/error.json"}
,
{"message":"SQLSTATE[HY000]: General error: 1 duplicate column name: status.","level":"FATAL","type":"SQL","test":"jspi-boot","plugin":"search-github","details":"[27-May-2025 02:35:54 UTC] WordPress database error <div style=\"clear:both\">&nbsp;</div>\n<div class=\"queries\" style=\"clear:both;margin-bottom:2px;border:red dotted thin;\">\n<p>MySQL query:</p>\n<p>ALTER TABLE wp_sirv_images ADD `status` enum('NEW', 'PROCESSING', 'SYNCED', 'FAILED') DEFAULT NULL AFTER `size`</p>\n<p>Queries made or created this session were:</p>\n<ol>\n<li>Executing: BEGIN | (no parameters)</li>\n<li>Executing: INSERT INTO _mysql_data_types_cache (`table`, `column_or_index`, `mysql_type`)\n\t\t\t\tVALUES (:table, :column, :datatype)\n\t\t\t\tON CONFLICT(`table`, `column_or_index`) DO UPDATE SET `mysql_type` = :datatype\n\t\t\t | parameters: wp_sirv_images, `STATUS`, enum('NEW','PROCESSING','SYNCED','FAILED')</li>\n<li>Executing: ALTER TABLE wp_sirv_images ADD `status`    text DEFAULT NULL   | (no parameters)</li>\n<li>Executing: ROLLBACK | (no parameters)</li>\n</ol>\n</div>\n<div style=\"clear:both;margin-bottom:2px;border:red dotted thin;\" class=\"error_message\" style=\"border-bottom:dotted blue thin;\">\nError occurred at line 4117 in Function <code>handle_error</code>. Error message was: SQLSTATE[HY000]: General error: 1 duplicate column name: status.\n</div>\n<p>Backtrace:</p>\n<pre>#0 /internal/shared/sqlite-database-integration/wp-includes/sqlite/class-wp-sqlite-db.php(287): WP_SQLite_Translator->get_error_message()\n#1 /wordpress/wp-content/plugins/sirv/sirv.php(1060): WP_SQLite_DB->query('ALTER TABLE wp_...')\n#2 /wordpress/wp-content/plugins/sirv/sirv.php(772): sirv_fix_db()\n#3 /wordpress/wp-content/plugins/sirv/sirv.php(718): sirv_upgrade_plugin()\n#4 /wordpress/wp-includes/class-wp-hook.php(324): sirv_activation_callback(false)\n#5 /wordpress/wp-includes/class-wp-hook.php(348): WP_Hook->apply_filters('', Array)\n#6 /wordpress/wp-includes/plugin.php(517): WP_Hook->do_action(Array)\n#7 /wordpress/wp-admin/includes/plugin.php(703): do_action('activate_sirv/s...', false)\n#8 /internal/eval.php(20): activate_plugin('sirv/sirv.php')\n#9 {main}</pre>\n for query ALTER TABLE wp_sirv_images ADD `status` enum('NEW', 'PROCESSING', 'SYNCED', 'FAILED') DEFAULT NULL AFTER `size` made by activate_plugin, do_action('activate_sirv/sirv.php'), WP_Hook->do_action, WP_Hook->apply_filters, sirv_activation_callback, sirv_upgrade_plugin, sirv_fix_db, WP_SQLite_DB->query, WP_SQLite_DB->print_error","log":"/logs/plugins/s/search-github/error.json"}
]
