[
{"message":"file:///home/runner/work/playground-tester/playground-tester/node_modules/@wp-playground/cli/index.js:237\n        throw new Error(y, { cause: u });\n              ^\n","level":"FATAL","type":"PLAYGROUND","test":"ast-sqlite-boot","plugin":"kbucket","details":"file:///home/runner/work/playground-tester/playground-tester/node_modules/@wp-playground/cli/index.js:237\n        throw new Error(y, { cause: u });\n              ^\n","log":"/tmp/tmp.d6VnW4KySI"}
,
{"message":"Uncaught Exception: Cryptor::decryptString() - data length 0 is less than iv length 16 in /wordpress/wp-content/plugins/kangoo-for-woocommerce/includes/encryption.php:141","level":"FATAL","type":"PHP","test":"ast-sqlite-boot","plugin":"kbucket","details":"[10-May-2025 07:45:41 UTC] PHP Fatal error:  Uncaught Exception: Cryptor::decryptString() - data length 0 is less than iv length 16 in /wordpress/wp-content/plugins/kangoo-for-woocommerce/includes/encryption.php:141\nStack trace:\n#0 /wordpress/wp-content/plugins/kangoo-for-woocommerce/includes/encryption.php(187): kangooSecurity\\Cryptor->decryptString(false, 'put your unique...', 1)\n#1 /wordpress/wp-content/plugins/kangoo-for-woocommerce/includes/encryption-decryption-checker.php(92): kangooSecurity\\Cryptor::Decrypt(false, 'put your unique...')\n#2 /wordpress/wp-includes/class-wp-hook.php(324): kangooSecurity\\encryption_checker->check_encryption('')\n#3 /wordpress/wp-includes/class-wp-hook.php(348): WP_Hook->apply_filters(NULL, Array)\n#4 /wordpress/wp-includes/plugin.php(517): WP_Hook->do_action(Array)\n#5 /wordpress/wp-settings.php(727): do_action('init')\n#6 /wordpress/wp-config.php(102): require_once('/wordpress/wp-s...')\n#7 /wordpress/wp-load.php(50): require_once('/wordpress/wp-c...')\n#8 /internal/eval.php(3): require_once('/wordpress/wp-l...')\n#9 {main}\n  thrown in /wordpress/wp-content/plugins/kangoo-for-woocommerce/includes/encryption.php on line 141","log":"/logs/plugins/k/kbucket/error.json"}
,
{"message":"Uncaught Exception: Cryptor::decryptString() - data length 0 is less than iv length 16 in /wordpress/wp-content/plugins/kangoo-for-woocommerce/includes/encryption.php:141","level":"FATAL","type":"PHP","test":"ast-sqlite-boot","plugin":"kbucket","details":"[10-May-2025 07:45:51 UTC] PHP Fatal error:  Uncaught Exception: Cryptor::decryptString() - data length 0 is less than iv length 16 in /wordpress/wp-content/plugins/kangoo-for-woocommerce/includes/encryption.php:141\nStack trace:\n#0 /wordpress/wp-content/plugins/kangoo-for-woocommerce/includes/encryption.php(187): kangooSecurity\\Cryptor->decryptString(false, 'put your unique...', 1)\n#1 /wordpress/wp-content/plugins/kangoo-for-woocommerce/includes/encryption-decryption-checker.php(92): kangooSecurity\\Cryptor::Decrypt(false, 'put your unique...')\n#2 /wordpress/wp-includes/class-wp-hook.php(324): kangooSecurity\\encryption_checker->check_encryption('')\n#3 /wordpress/wp-includes/class-wp-hook.php(348): WP_Hook->apply_filters(NULL, Array)\n#4 /wordpress/wp-includes/plugin.php(517): WP_Hook->do_action(Array)\n#5 /wordpress/wp-settings.php(727): do_action('init')\n#6 /wordpress/wp-config.php(102): require_once('/wordpress/wp-s...')\n#7 /wordpress/wp-load.php(50): require_once('/wordpress/wp-c...')\n#8 /internal/eval.php(3): require_once('/wordpress/wp-l...')\n#9 {main}\n  thrown in /wordpress/wp-content/plugins/kangoo-for-woocommerce/includes/encryption.php on line 141","log":"/logs/plugins/k/kbucket/error.json"}
,
{"message":"Uncaught Exception: Cryptor::decryptString() - data length 0 is less than iv length 16 in /wordpress/wp-content/plugins/kangoo-for-woocommerce/includes/encryption.php:141","level":"FATAL","type":"PHP","test":"ast-sqlite-boot","plugin":"kbucket","details":"[10-May-2025 07:45:59 UTC] PHP Fatal error:  Uncaught Exception: Cryptor::decryptString() - data length 0 is less than iv length 16 in /wordpress/wp-content/plugins/kangoo-for-woocommerce/includes/encryption.php:141\nStack trace:\n#0 /wordpress/wp-content/plugins/kangoo-for-woocommerce/includes/encryption.php(187): kangooSecurity\\Cryptor->decryptString(false, 'put your unique...', 1)\n#1 /wordpress/wp-content/plugins/kangoo-for-woocommerce/includes/encryption-decryption-checker.php(92): kangooSecurity\\Cryptor::Decrypt(false, 'put your unique...')\n#2 /wordpress/wp-includes/class-wp-hook.php(324): kangooSecurity\\encryption_checker->check_encryption('')\n#3 /wordpress/wp-includes/class-wp-hook.php(348): WP_Hook->apply_filters(NULL, Array)\n#4 /wordpress/wp-includes/plugin.php(517): WP_Hook->do_action(Array)\n#5 /wordpress/wp-settings.php(727): do_action('init')\n#6 /wordpress/wp-config.php(102): require_once('/wordpress/wp-s...')\n#7 /wordpress/wp-load.php(50): require_once('/wordpress/wp-c...')\n#8 /internal/eval.php(3): require_once('/wordpress/wp-l...')\n#9 {main}\n  thrown in /wordpress/wp-content/plugins/kangoo-for-woocommerce/includes/encryption.php on line 141","log":"/logs/plugins/k/kbucket/error.json"}
,
{"message":"Function register_sidebar_widget is <strong>deprecated</strong> since version 2.8.0! Use wp_register_sidebar_widget() instead. in /wordpress/wp-includes/functions.php on line 6121","level":"DEPRECATED","type":"PHP","test":"ast-sqlite-boot","plugin":"kbucket","details":"[10-May-2025 07:48:23 UTC] PHP Deprecated:  Function register_sidebar_widget is <strong>deprecated</strong> since version 2.8.0! Use wp_register_sidebar_widget() instead. in /wordpress/wp-includes/functions.php on line 6121","log":"/logs/plugins/k/kbucket/error.json"}
,
{"message":"Function register_sidebar_widget is <strong>deprecated</strong> since version 2.8.0! Use wp_register_sidebar_widget() instead. in /wordpress/wp-includes/functions.php on line 6121","level":"DEPRECATED","type":"PHP","test":"ast-sqlite-boot","plugin":"kbucket","details":"[10-May-2025 07:48:32 UTC] PHP Deprecated:  Function register_sidebar_widget is <strong>deprecated</strong> since version 2.8.0! Use wp_register_sidebar_widget() instead. in /wordpress/wp-includes/functions.php on line 6121","log":"/logs/plugins/k/kbucket/error.json"}
,
{"message":"Function register_sidebar_widget is <strong>deprecated</strong> since version 2.8.0! Use wp_register_sidebar_widget() instead. in /wordpress/wp-includes/functions.php on line 6121","level":"DEPRECATED","type":"PHP","test":"ast-sqlite-boot","plugin":"kbucket","details":"[10-May-2025 07:48:41 UTC] PHP Deprecated:  Function register_sidebar_widget is <strong>deprecated</strong> since version 2.8.0! Use wp_register_sidebar_widget() instead. in /wordpress/wp-includes/functions.php on line 6121","log":"/logs/plugins/k/kbucket/error.json"}
,
{"message":"Trying to access array offset on value of type bool in /wordpress/wp-content/plugins/kazooky-loyalty-rewards/kazooky_loyalty.php on line 46","level":"WARNING","type":"PHP","test":"ast-sqlite-boot","plugin":"kbucket","details":"[10-May-2025 07:50:44 UTC] PHP Warning:  Trying to access array offset on value of type bool in /wordpress/wp-content/plugins/kazooky-loyalty-rewards/kazooky_loyalty.php on line 46","log":"/logs/plugins/k/kbucket/error.json"}
,
{"message":"Trying to access array offset on value of type bool in /wordpress/wp-content/plugins/kazooky-loyalty-rewards/kazooky_loyalty.php on line 46","level":"WARNING","type":"PHP","test":"ast-sqlite-boot","plugin":"kbucket","details":"[10-May-2025 07:50:54 UTC] PHP Warning:  Trying to access array offset on value of type bool in /wordpress/wp-content/plugins/kazooky-loyalty-rewards/kazooky_loyalty.php on line 46","log":"/logs/plugins/k/kbucket/error.json"}
,
{"message":"Trying to access array offset on value of type bool in /wordpress/wp-content/plugins/kazooky-loyalty-rewards/kazooky_loyalty.php on line 46","level":"WARNING","type":"PHP","test":"ast-sqlite-boot","plugin":"kbucket","details":"[10-May-2025 07:51:03 UTC] PHP Warning:  Trying to access array offset on value of type bool in /wordpress/wp-content/plugins/kazooky-loyalty-rewards/kazooky_loyalty.php on line 46","log":"/logs/plugins/k/kbucket/error.json"}
,
{"message":"Uncaught TypeError: call_user_func_array(): Argument #1 ($callback) must be a valid callback, function \"activate_kb_woocommerce_braspress\" not found or invalid function name in /wordpress/wp-includes/class-wp-hook.php:324","level":"FATAL","type":"PHP","test":"ast-sqlite-boot","plugin":"kbucket","details":"[10-May-2025 07:51:33 UTC] PHP Fatal error:  Uncaught TypeError: call_user_func_array(): Argument #1 ($callback) must be a valid callback, function \"activate_kb_woocommerce_braspress\" not found or invalid function name in /wordpress/wp-includes/class-wp-hook.php:324\nStack trace:\n#0 /wordpress/wp-includes/class-wp-hook.php(348): WP_Hook->apply_filters('', Array)\n#1 /wordpress/wp-includes/plugin.php(517): WP_Hook->do_action(Array)\n#2 /wordpress/wp-admin/includes/plugin.php(703): do_action('activate_kb-woo...', false)\n#3 /internal/eval.php(20): activate_plugin('kb-woocommerce-...')\n#4 {main}\n  thrown in /wordpress/wp-includes/class-wp-hook.php on line 324","log":"/logs/plugins/k/kbucket/error.json"}
,
{"message":"Uncaught TypeError: call_user_func_array(): Argument #1 ($callback) must be a valid callback, function \"activate_kb_woocommerce_braspress\" not found or invalid function name in /wordpress/wp-includes/class-wp-hook.php:324","level":"FATAL","type":"PHP","test":"ast-sqlite-boot","plugin":"kbucket","details":"[10-May-2025 07:51:41 UTC] PHP Fatal error:  Uncaught TypeError: call_user_func_array(): Argument #1 ($callback) must be a valid callback, function \"activate_kb_woocommerce_braspress\" not found or invalid function name in /wordpress/wp-includes/class-wp-hook.php:324\nStack trace:\n#0 /wordpress/wp-includes/class-wp-hook.php(348): WP_Hook->apply_filters('', Array)\n#1 /wordpress/wp-includes/plugin.php(517): WP_Hook->do_action(Array)\n#2 /wordpress/wp-admin/includes/plugin.php(703): do_action('activate_kb-woo...', false)\n#3 /internal/eval.php(20): activate_plugin('kb-woocommerce-...')\n#4 {main}\n  thrown in /wordpress/wp-includes/class-wp-hook.php on line 324","log":"/logs/plugins/k/kbucket/error.json"}
,
{"message":"Uncaught TypeError: call_user_func_array(): Argument #1 ($callback) must be a valid callback, function \"activate_kb_woocommerce_braspress\" not found or invalid function name in /wordpress/wp-includes/class-wp-hook.php:324","level":"FATAL","type":"PHP","test":"ast-sqlite-boot","plugin":"kbucket","details":"[10-May-2025 07:51:48 UTC] PHP Fatal error:  Uncaught TypeError: call_user_func_array(): Argument #1 ($callback) must be a valid callback, function \"activate_kb_woocommerce_braspress\" not found or invalid function name in /wordpress/wp-includes/class-wp-hook.php:324\nStack trace:\n#0 /wordpress/wp-includes/class-wp-hook.php(348): WP_Hook->apply_filters('', Array)\n#1 /wordpress/wp-includes/plugin.php(517): WP_Hook->do_action(Array)\n#2 /wordpress/wp-admin/includes/plugin.php(703): do_action('activate_kb-woo...', false)\n#3 /internal/eval.php(20): activate_plugin('kb-woocommerce-...')\n#4 {main}\n  thrown in /wordpress/wp-includes/class-wp-hook.php on line 324","log":"/logs/plugins/k/kbucket/error.json"}
,
{"message":"Undefined variable: wpdb in /wordpress/wp-content/plugins/kbucket/include/kb_patch.php on line 7","level":"NOTICE","type":"PHP","test":"ast-sqlite-boot","plugin":"kbucket","details":"[10-May-2025 07:52:01 UTC] PHP Notice:  Undefined variable: wpdb in /wordpress/wp-content/plugins/kbucket/include/kb_patch.php on line 7","log":"/logs/plugins/k/kbucket/error.json"}
,
{"message":"Uncaught Error: Call to a member function query() on null in /wordpress/wp-content/plugins/kbucket/include/kb_patch.php:7","level":"FATAL","type":"PHP","test":"ast-sqlite-boot","plugin":"kbucket","details":"[10-May-2025 07:52:01 UTC] PHP Fatal error:  Uncaught Error: Call to a member function query() on null in /wordpress/wp-content/plugins/kbucket/include/kb_patch.php:7\nStack trace:\n#0 /wordpress/wp-content/plugins/kbucket/KBucket.php(41): require_once()\n#1 /wordpress/wp-admin/includes/plugin.php(2387): include_once('/wordpress/wp-c...')\n#2 /wordpress/wp-admin/includes/plugin.php(673): plugin_sandbox_scrape('kbucket/KBucket...')\n#3 /internal/eval.php(20): activate_plugin('kbucket/KBucket...')\n#4 {main}\n  thrown in /wordpress/wp-content/plugins/kbucket/include/kb_patch.php on line 7\n\n    at Object.onBind (file:///home/runner/work/playground-tester/playground-tester/node_modules/@wp-playground/cli/index.js:237:15)\n    at process.processTicksAndRejections (node:internal/process/task_queues:105:5)\n    at async V (file:///home/runner/work/playground-tester/playground-tester/node_modules/@wp-playground/cli/index.js:64:10)\n    at async ja (file:///home/runner/work/playground-tester/playground-tester/node_modules/@wp-playground/cli/cli.js:8161:12) {\n  [cause]: Error: Error when executing the blueprint step #5 ({\"step\":\"installPlugin\",\"pluginData\":{\"resource\":\"wordpress.org/plugins\",\"slug\":\"kbucket\"},\"options\":{\"activate\":true}}) : PHP.run() failed with exit code 255 and the following output: \n      at Object.run (file:///home/runner/work/playground-tester/playground-tester/node_modules/@wp-playground/blueprints/index.js:12449:19)\n      at process.processTicksAndRejections (node:internal/process/task_queues:105:5)\n      at async ms (file:///home/runner/work/playground-tester/playground-tester/node_modules/@wp-playground/blueprints/index.js:12552:3)\n      ... 2 lines matching cause stack trace ...\n      at async ja (file:///home/runner/work/playground-tester/playground-tester/node_modules/@wp-playground/cli/cli.js:8161:12) {\n    [cause]: PHPExecutionFailureError: PHP.run() failed with exit code 255 and the following output: \n        at PHP.run (file:///home/runner/work/playground-tester/playground-tester/node_modules/@php-wasm/universal/index.js:987:19)\n        at process.processTicksAndRejections (node:internal/process/task_queues:105:5)\n        at async wr (file:///home/runner/work/playground-tester/playground-tester/node_modules/@wp-playground/blueprints/index.js:33:39)\n        at async Object.gt [as installPlugin] (file:///home/runner/work/playground-tester/playground-tester/node_modules/@wp-playground/blueprints/index.js:974:42)\n        at async g (file:///home/runner/work/playground-tester/playground-tester/node_modules/@wp-playground/blueprints/index.js:12517:30)\n        at async Object.run (file:///home/runner/work/playground-tester/playground-tester/node_modules/@wp-playground/blueprints/index.js:12446:23)\n        at async ms (file:///home/runner/work/playground-tester/playground-tester/node_modules/@wp-playground/blueprints/index.js:12552:3)\n        at async Object.onBind (file:///home/runner/work/playground-tester/playground-tester/node_modules/@wp-playground/cli/index.js:227:48)\n        at async V (file:///home/runner/work/playground-tester/playground-tester/node_modules/@wp-playground/cli/index.js:64:10)\n        at async ja (file:///home/runner/work/playground-tester/playground-tester/node_modules/@wp-playground/cli/cli.js:8161:12) {\n      response: PHPResponse {\n        httpStatusCode: 500,\n        headers: {\n          'x-powered-by': [ 'PHP/7.3.33' ],\n          'content-type': [ 'text/html; charset=UTF-8' ]\n        },\n        bytes: Uint8Array(0) [],\n        exitCode: 255,\n        errors: ''\n      },\n      source: 'request'\n    }\n  }\n}\n\n","log":"/logs/plugins/k/kbucket/error.json"}
]
