file:///home/runner/work/playground-tester/playground-tester/node_modules/@wp-playground/cli/run-cli-j-geJYS3.js:325
        throw new Error($, { cause: h });
              ^

Error: [11-Jun-2025 04:58:59 UTC] PHP Notice:  Function wp_register_style was called <strong>incorrectly</strong>. Scripts and styles should not be registered or enqueued until the <code>wp_enqueue_scripts</code>, <code>admin_enqueue_scripts</code>, or <code>login_enqueue_scripts</code> hooks. This notice was triggered by the <code>website-faq-style</code> handle. Please see <a href="https://developer.wordpress.org/advanced-administration/debug/debug-wordpress/">Debugging in WordPress</a> for more information. (This message was added in version 3.3.0.) in /wordpress/wp-includes/functions.php on line 6121
[11-Jun-2025 04:58:59 UTC] PHP Notice:  Function is_feed was called <strong>incorrectly</strong>. Conditional query tags do not work before the query is run. Before then, they always return false. Please see <a href="https://developer.wordpress.org/advanced-administration/debug/debug-wordpress/">Debugging in WordPress</a> for more information. (This message was added in version 3.1.0.) in /wordpress/wp-includes/functions.php on line 6121
[11-Jun-2025 04:58:59 UTC] PHP Notice:  Function wp_register_script was called <strong>incorrectly</strong>. Scripts and styles should not be registered or enqueued until the <code>wp_enqueue_scripts</code>, <code>admin_enqueue_scripts</code>, or <code>login_enqueue_scripts</code> hooks. This notice was triggered by the <code>awebsite-faq-script</code> handle. Please see <a href="https://developer.wordpress.org/advanced-administration/debug/debug-wordpress/">Debugging in WordPress</a> for more information. (This message was added in version 3.3.0.) in /wordpress/wp-includes/functions.php on line 6121
[11-Jun-2025 04:58:59 UTC] PHP Notice:  Function wp_enqueue_style was called <strong>incorrectly</strong>. Scripts and styles should not be registered or enqueued until the <code>wp_enqueue_scripts</code>, <code>admin_enqueue_scripts</code>, or <code>login_enqueue_scripts</code> hooks. This notice was triggered by the <code>website-faq-style</code> handle. Please see <a href="https://developer.wordpress.org/advanced-administration/debug/debug-wordpress/">Debugging in WordPress</a> for more information. (This message was added in version 3.3.0.) in /wordpress/wp-includes/functions.php on line 6121
[11-Jun-2025 04:58:59 UTC] PHP Notice:  Function wp_enqueue_script was called <strong>incorrectly</strong>. Scripts and styles should not be registered or enqueued until the <code>wp_enqueue_scripts</code>, <code>admin_enqueue_scripts</code>, or <code>login_enqueue_scripts</code> hooks. This notice was triggered by the <code>awebsite-faq-script</code> handle. Please see <a href="https://developer.wordpress.org/advanced-administration/debug/debug-wordpress/">Debugging in WordPress</a> for more information. (This message was added in version 3.3.0.) in /wordpress/wp-includes/functions.php on line 6121
[11-Jun-2025 04:59:10 UTC] PHP Notice:  Function wp_register_style was called <strong>incorrectly</strong>. Scripts and styles should not be registered or enqueued until the <code>wp_enqueue_scripts</code>, <code>admin_enqueue_scripts</code>, or <code>login_enqueue_scripts</code> hooks. This notice was triggered by the <code>website-faq-style</code> handle. Please see <a href="https://developer.wordpress.org/advanced-administration/debug/debug-wordpress/">Debugging in WordPress</a> for more information. (This message was added in version 3.3.0.) in /wordpress/wp-includes/functions.php on line 6121
[11-Jun-2025 04:59:10 UTC] PHP Notice:  Function is_feed was called <strong>incorrectly</strong>. Conditional query tags do not work before the query is run. Before then, they always return false. Please see <a href="https://developer.wordpress.org/advanced-administration/debug/debug-wordpress/">Debugging in WordPress</a> for more information. (This message was added in version 3.1.0.) in /wordpress/wp-includes/functions.php on line 6121
[11-Jun-2025 04:59:10 UTC] PHP Notice:  Function wp_register_script was called <strong>incorrectly</strong>. Scripts and styles should not be registered or enqueued until the <code>wp_enqueue_scripts</code>, <code>admin_enqueue_scripts</code>, or <code>login_enqueue_scripts</code> hooks. This notice was triggered by the <code>awebsite-faq-script</code> handle. Please see <a href="https://developer.wordpress.org/advanced-administration/debug/debug-wordpress/">Debugging in WordPress</a> for more information. (This message was added in version 3.3.0.) in /wordpress/wp-includes/functions.php on line 6121
[11-Jun-2025 04:59:10 UTC] PHP Notice:  Function wp_enqueue_style was called <strong>incorrectly</strong>. Scripts and styles should not be registered or enqueued until the <code>wp_enqueue_scripts</code>, <code>admin_enqueue_scripts</code>, or <code>login_enqueue_scripts</code> hooks. This notice was triggered by the <code>website-faq-style</code> handle. Please see <a href="https://developer.wordpress.org/advanced-administration/debug/debug-wordpress/">Debugging in WordPress</a> for more information. (This message was added in version 3.3.0.) in /wordpress/wp-includes/functions.php on line 6121
[11-Jun-2025 04:59:10 UTC] PHP Notice:  Function wp_enqueue_script was called <strong>incorrectly</strong>. Scripts and styles should not be registered or enqueued until the <code>wp_enqueue_scripts</code>, <code>admin_enqueue_scripts</code>, or <code>login_enqueue_scripts</code> hooks. This notice was triggered by the <code>awebsite-faq-script</code> handle. Please see <a href="https://developer.wordpress.org/advanced-administration/debug/debug-wordpress/">Debugging in WordPress</a> for more information. (This message was added in version 3.3.0.) in /wordpress/wp-includes/functions.php on line 6121
[11-Jun-2025 04:59:20 UTC] PHP Notice:  Function wp_register_style was called <strong>incorrectly</strong>. Scripts and styles should not be registered or enqueued until the <code>wp_enqueue_scripts</code>, <code>admin_enqueue_scripts</code>, or <code>login_enqueue_scripts</code> hooks. This notice was triggered by the <code>website-faq-style</code> handle. Please see <a href="https://developer.wordpress.org/advanced-administration/debug/debug-wordpress/">Debugging in WordPress</a> for more information. (This message was added in version 3.3.0.) in /wordpress/wp-includes/functions.php on line 6121
[11-Jun-2025 04:59:20 UTC] PHP Notice:  Function is_feed was called <strong>incorrectly</strong>. Conditional query tags do not work before the query is run. Before then, they always return false. Please see <a href="https://developer.wordpress.org/advanced-administration/debug/debug-wordpress/">Debugging in WordPress</a> for more information. (This message was added in version 3.1.0.) in /wordpress/wp-includes/functions.php on line 6121
[11-Jun-2025 04:59:20 UTC] PHP Notice:  Function wp_register_script was called <strong>incorrectly</strong>. Scripts and styles should not be registered or enqueued until the <code>wp_enqueue_scripts</code>, <code>admin_enqueue_scripts</code>, or <code>login_enqueue_scripts</code> hooks. This notice was triggered by the <code>awebsite-faq-script</code> handle. Please see <a href="https://developer.wordpress.org/advanced-administration/debug/debug-wordpress/">Debugging in WordPress</a> for more information. (This message was added in version 3.3.0.) in /wordpress/wp-includes/functions.php on line 6121
[11-Jun-2025 04:59:20 UTC] PHP Notice:  Function wp_enqueue_style was called <strong>incorrectly</strong>. Scripts and styles should not be registered or enqueued until the <code>wp_enqueue_scripts</code>, <code>admin_enqueue_scripts</code>, or <code>login_enqueue_scripts</code> hooks. This notice was triggered by the <code>website-faq-style</code> handle. Please see <a href="https://developer.wordpress.org/advanced-administration/debug/debug-wordpress/">Debugging in WordPress</a> for more information. (This message was added in version 3.3.0.) in /wordpress/wp-includes/functions.php on line 6121
[11-Jun-2025 04:59:20 UTC] PHP Notice:  Function wp_enqueue_script was called <strong>incorrectly</strong>. Scripts and styles should not be registered or enqueued until the <code>wp_enqueue_scripts</code>, <code>admin_enqueue_scripts</code>, or <code>login_enqueue_scripts</code> hooks. This notice was triggered by the <code>awebsite-faq-script</code> handle. Please see <a href="https://developer.wordpress.org/advanced-administration/debug/debug-wordpress/">Debugging in WordPress</a> for more information. (This message was added in version 3.3.0.) in /wordpress/wp-includes/functions.php on line 6121
[11-Jun-2025 05:00:22 UTC] PHP Parse error:  syntax error, unexpected token "new" in /wordpress/wp-content/plugins/widget-custom/wp-widget-custom.php on line 56
[11-Jun-2025 05:00:30 UTC] PHP Parse error:  syntax error, unexpected token "new" in /wordpress/wp-content/plugins/widget-custom/wp-widget-custom.php on line 56
[11-Jun-2025 05:00:39 UTC] PHP Parse error:  syntax error, unexpected token "new" in /wordpress/wp-content/plugins/widget-custom/wp-widget-custom.php on line 56
[11-Jun-2025 05:00:49 UTC] PHP Fatal error:  Uncaught ArgumentCountError: Too few arguments to function WP_Widget::__construct(), 0 passed in /wordpress/wp-includes/class-wp-widget-factory.php on line 62 and at least 2 expected in /wordpress/wp-includes/class-wp-widget.php:163
Stack trace:
#0 /wordpress/wp-includes/class-wp-widget-factory.php(62): WP_Widget->__construct()
#1 /wordpress/wp-includes/widgets.php(123): WP_Widget_Factory->register('tagWiki')
#2 /wordpress/wp-content/plugins/wikipedia-for-tag-pages/wiki-tags.php(100): register_widget('tagWiki')
#3 /wordpress/wp-includes/class-wp-hook.php(324): init_widget('')
#4 /wordpress/wp-includes/class-wp-hook.php(348): WP_Hook->apply_filters(NULL, Array)
#5 /wordpress/wp-includes/plugin.php(517): WP_Hook->do_action(Array)
#6 /wordpress/wp-includes/widgets.php(1870): do_action('widgets_init')
#7 /wordpress/wp-includes/class-wp-hook.php(324): wp_widgets_init('')
#8 /wordpress/wp-includes/class-wp-hook.php(348): WP_Hook->apply_filters(NULL, Array)
#9 /wordpress/wp-includes/plugin.php(517): WP_Hook->do_action(Array)
#10 /wordpress/wp-settings.php(727): do_action('init')
#11 /wordpress/wp-config.php(102): require_once('/wordpress/wp-s...')
#12 /wordpress/wp-load.php(50): require_once('/wordpress/wp-c...')
#13 /internal/eval.php(3): require_once('/wordpress/wp-l...')
#14 {main}
  thrown in /wordpress/wp-includes/class-wp-widget.php on line 163
[11-Jun-2025 05:00:58 UTC] PHP Fatal error:  Uncaught ArgumentCountError: Too few arguments to function WP_Widget::__construct(), 0 passed in /wordpress/wp-includes/class-wp-widget-factory.php on line 62 and at least 2 expected in /wordpress/wp-includes/class-wp-widget.php:163
Stack trace:
#0 /wordpress/wp-includes/class-wp-widget-factory.php(62): WP_Widget->__construct()
#1 /wordpress/wp-includes/widgets.php(123): WP_Widget_Factory->register('tagWiki')
#2 /wordpress/wp-content/plugins/wikipedia-for-tag-pages/wiki-tags.php(100): register_widget('tagWiki')
#3 /wordpress/wp-includes/class-wp-hook.php(324): init_widget('')
#4 /wordpress/wp-includes/class-wp-hook.php(348): WP_Hook->apply_filters(NULL, Array)
#5 /wordpress/wp-includes/plugin.php(517): WP_Hook->do_action(Array)
#6 /wordpress/wp-includes/widgets.php(1870): do_action('widgets_init')
#7 /wordpress/wp-includes/class-wp-hook.php(324): wp_widgets_init('')
#8 /wordpress/wp-includes/class-wp-hook.php(348): WP_Hook->apply_filters(NULL, Array)
#9 /wordpress/wp-includes/plugin.php(517): WP_Hook->do_action(Array)
#10 /wordpress/wp-settings.php(727): do_action('init')
#11 /wordpress/wp-config.php(102): require_once('/wordpress/wp-s...')
#12 /wordpress/wp-load.php(50): require_once('/wordpress/wp-c...')
#13 /internal/eval.php(3): require_once('/wordpress/wp-l...')
#14 {main}
  thrown in /wordpress/wp-includes/class-wp-widget.php on line 163
[11-Jun-2025 05:01:08 UTC] PHP Fatal error:  Uncaught ArgumentCountError: Too few arguments to function WP_Widget::__construct(), 0 passed in /wordpress/wp-includes/class-wp-widget-factory.php on line 62 and at least 2 expected in /wordpress/wp-includes/class-wp-widget.php:163
Stack trace:
#0 /wordpress/wp-includes/class-wp-widget-factory.php(62): WP_Widget->__construct()
#1 /wordpress/wp-includes/widgets.php(123): WP_Widget_Factory->register('tagWiki')
#2 /wordpress/wp-content/plugins/wikipedia-for-tag-pages/wiki-tags.php(100): register_widget('tagWiki')
#3 /wordpress/wp-includes/class-wp-hook.php(324): init_widget('')
#4 /wordpress/wp-includes/class-wp-hook.php(348): WP_Hook->apply_filters(NULL, Array)
#5 /wordpress/wp-includes/plugin.php(517): WP_Hook->do_action(Array)
#6 /wordpress/wp-includes/widgets.php(1870): do_action('widgets_init')
#7 /wordpress/wp-includes/class-wp-hook.php(324): wp_widgets_init('')
#8 /wordpress/wp-includes/class-wp-hook.php(348): WP_Hook->apply_filters(NULL, Array)
#9 /wordpress/wp-includes/plugin.php(517): WP_Hook->do_action(Array)
#10 /wordpress/wp-settings.php(727): do_action('init')
#11 /wordpress/wp-config.php(102): require_once('/wordpress/wp-s...')
#12 /wordpress/wp-load.php(50): require_once('/wordpress/wp-c...')
#13 /internal/eval.php(3): require_once('/wordpress/wp-l...')
#14 {main}
  thrown in /wordpress/wp-includes/class-wp-widget.php on line 163
[11-Jun-2025 05:01:22 UTC] PHP Warning:  The use statement with non-compound name 'Exception' has no effect in /wordpress/wp-content/plugins/wl-wc-newsletter/db/upgrade_to_1_1.php on line 5
[11-Jun-2025 05:01:22 UTC] PHP Warning:  The use statement with non-compound name 'PDOException' has no effect in /wordpress/wp-content/plugins/wl-wc-newsletter/db/upgrade_to_1_1.php on line 6
[11-Jun-2025 05:01:22 UTC] PHP Warning:  The use statement with non-compound name 'PDO' has no effect in /wordpress/wp-content/plugins/wl-wc-newsletter/db/upgrade_to_1_1.php on line 7
[11-Jun-2025 05:01:22 UTC] PHP Fatal error:  Uncaught PDOException: SQLSTATE[HY000] [2002] Address family not supported by protocol in /wordpress/wp-content/plugins/wl-wc-newsletter/db/upgrade_to_1_1.php:20
Stack trace:
#0 /wordpress/wp-content/plugins/wl-wc-newsletter/db/upgrade_to_1_1.php(20): PDO->__construct('mysql:host=loca...', 'username_here', 'password_here')
#1 /wordpress/wp-content/plugins/wl-wc-newsletter/db/migrate.php(159): require_once('/wordpress/wp-c...')
#2 /wordpress/wp-content/plugins/wl-wc-newsletter/admin_functions.php(390): require_once('/wordpress/wp-c...')
#3 /wordpress/wp-includes/class-wp-hook.php(324): wlwcn_activated(false)
#4 /wordpress/wp-includes/class-wp-hook.php(348): WP_Hook->apply_filters('', Array)
#5 /wordpress/wp-includes/plugin.php(517): WP_Hook->do_action(Array)
#6 /wordpress/wp-admin/includes/plugin.php(703): do_action('activate_wl-wc-...', false)
#7 /internal/eval.php(20): activate_plugin('wl-wc-newslette...')
#8 {main}
  thrown in /wordpress/wp-content/plugins/wl-wc-newsletter/db/upgrade_to_1_1.php on line 20
[11-Jun-2025 05:01:36 UTC] PHP Warning:  The use statement with non-compound name 'Exception' has no effect in /wordpress/wp-content/plugins/wl-wc-newsletter/db/upgrade_to_1_1.php on line 5
[11-Jun-2025 05:01:36 UTC] PHP Warning:  The use statement with non-compound name 'PDOException' has no effect in /wordpress/wp-content/plugins/wl-wc-newsletter/db/upgrade_to_1_1.php on line 6
[11-Jun-2025 05:01:36 UTC] PHP Warning:  The use statement with non-compound name 'PDO' has no effect in /wordpress/wp-content/plugins/wl-wc-newsletter/db/upgrade_to_1_1.php on line 7
[11-Jun-2025 05:01:36 UTC] PHP Fatal error:  Uncaught PDOException: SQLSTATE[HY000] [2002] Address family not supported by protocol in /wordpress/wp-content/plugins/wl-wc-newsletter/db/upgrade_to_1_1.php:20
Stack trace:
#0 /wordpress/wp-content/plugins/wl-wc-newsletter/db/upgrade_to_1_1.php(20): PDO->__construct('mysql:host=loca...', 'username_here', 'password_here')
#1 /wordpress/wp-content/plugins/wl-wc-newsletter/db/migrate.php(159): require_once('/wordpress/wp-c...')
#2 /wordpress/wp-content/plugins/wl-wc-newsletter/admin_functions.php(390): require_once('/wordpress/wp-c...')
#3 /wordpress/wp-includes/class-wp-hook.php(324): wlwcn_activated(false)
#4 /wordpress/wp-includes/class-wp-hook.php(348): WP_Hook->apply_filters('', Array)
#5 /wordpress/wp-includes/plugin.php(517): WP_Hook->do_action(Array)
#6 /wordpress/wp-admin/includes/plugin.php(703): do_action('activate_wl-wc-...', false)
#7 /internal/eval.php(20): activate_plugin('wl-wc-newslette...')
#8 {main}
  thrown in /wordpress/wp-content/plugins/wl-wc-newsletter/db/upgrade_to_1_1.php on line 20
[11-Jun-2025 05:01:49 UTC] PHP Warning:  The use statement with non-compound name 'Exception' has no effect in /wordpress/wp-content/plugins/wl-wc-newsletter/db/upgrade_to_1_1.php on line 5
[11-Jun-2025 05:01:49 UTC] PHP Warning:  The use statement with non-compound name 'PDOException' has no effect in /wordpress/wp-content/plugins/wl-wc-newsletter/db/upgrade_to_1_1.php on line 6
[11-Jun-2025 05:01:49 UTC] PHP Warning:  The use statement with non-compound name 'PDO' has no effect in /wordpress/wp-content/plugins/wl-wc-newsletter/db/upgrade_to_1_1.php on line 7
[11-Jun-2025 05:01:49 UTC] PHP Fatal error:  Uncaught PDOException: SQLSTATE[HY000] [2002] Address family not supported by protocol in /wordpress/wp-content/plugins/wl-wc-newsletter/db/upgrade_to_1_1.php:20
Stack trace:
#0 /wordpress/wp-content/plugins/wl-wc-newsletter/db/upgrade_to_1_1.php(20): PDO->__construct('mysql:host=loca...', 'username_here', 'password_here')
#1 /wordpress/wp-content/plugins/wl-wc-newsletter/db/migrate.php(159): require_once('/wordpress/wp-c...')
#2 /wordpress/wp-content/plugins/wl-wc-newsletter/admin_functions.php(390): require_once('/wordpress/wp-c...')
#3 /wordpress/wp-includes/class-wp-hook.php(324): wlwcn_activated(false)
#4 /wordpress/wp-includes/class-wp-hook.php(348): WP_Hook->apply_filters('', Array)
#5 /wordpress/wp-includes/plugin.php(517): WP_Hook->do_action(Array)
#6 /wordpress/wp-admin/includes/plugin.php(703): do_action('activate_wl-wc-...', false)
#7 /internal/eval.php(20): activate_plugin('wl-wc-newslette...')
#8 {main}
  thrown in /wordpress/wp-content/plugins/wl-wc-newsletter/db/upgrade_to_1_1.php on line 20
[11-Jun-2025 05:01:59 UTC] PHP Deprecated:  Required parameter $page_title follows optional parameter $section in /wordpress/wp-content/plugins/woo-categories-list-in-footer/assets/lib/AdminSection.php on line 17
[11-Jun-2025 05:01:59 UTC] PHP Deprecated:  Required parameter $menu_title follows optional parameter $section in /wordpress/wp-content/plugins/woo-categories-list-in-footer/assets/lib/AdminSection.php on line 17
[11-Jun-2025 05:01:59 UTC] PHP Deprecated:  Required parameter $menu_slug follows optional parameter $section in /wordpress/wp-content/plugins/woo-categories-list-in-footer/assets/lib/AdminSection.php on line 17
[11-Jun-2025 05:01:59 UTC] PHP Deprecated:  Required parameter $function follows optional parameter $section in /wordpress/wp-content/plugins/woo-categories-list-in-footer/assets/lib/AdminSection.php on line 17
[11-Jun-2025 05:01:59 UTC] PHP Deprecated:  Required parameter $totalCategories follows optional parameter $maxItemsPerColumn in /wordpress/wp-content/plugins/woo-categories-list-in-footer/assets/php/customWalker.php on line 14
[11-Jun-2025 05:01:59 UTC] PHP Deprecated:  Required parameter $totalColumns follows optional parameter $maxItemsPerColumn in /wordpress/wp-content/plugins/woo-categories-list-in-footer/assets/php/customWalker.php on line 14
[11-Jun-2025 05:01:59 UTC] PHP Deprecated:  Required parameter $args follows optional parameter $depth in /wordpress/wp-content/plugins/woo-categories-list-in-footer/assets/php/customWalker.php on line 74
[11-Jun-2025 05:01:59 UTC] PHP Deprecated:  Required parameter $output follows optional parameter $depth in /wordpress/wp-content/plugins/woo-categories-list-in-footer/assets/php/customWalker.php on line 74
[11-Jun-2025 05:02:00 UTC] PHP Deprecated:  Required parameter $page_title follows optional parameter $section in /wordpress/wp-content/plugins/woo-categories-list-in-footer/assets/lib/AdminSection.php on line 17
[11-Jun-2025 05:02:00 UTC] PHP Deprecated:  Required parameter $menu_title follows optional parameter $section in /wordpress/wp-content/plugins/woo-categories-list-in-footer/assets/lib/AdminSection.php on line 17
[11-Jun-2025 05:02:00 UTC] PHP Deprecated:  Required parameter $menu_slug follows optional parameter $section in /wordpress/wp-content/plugins/woo-categories-list-in-footer/assets/lib/AdminSection.php on line 17
[11-Jun-2025 05:02:00 UTC] PHP Deprecated:  Required parameter $function follows optional parameter $section in /wordpress/wp-content/plugins/woo-categories-list-in-footer/assets/lib/AdminSection.php on line 17
[11-Jun-2025 05:02:00 UTC] PHP Deprecated:  Required parameter $totalCategories follows optional parameter $maxItemsPerColumn in /wordpress/wp-content/plugins/woo-categories-list-in-footer/assets/php/customWalker.php on line 14
[11-Jun-2025 05:02:00 UTC] PHP Deprecated:  Required parameter $totalColumns follows optional parameter $maxItemsPerColumn in /wordpress/wp-content/plugins/woo-categories-list-in-footer/assets/php/customWalker.php on line 14
[11-Jun-2025 05:02:00 UTC] PHP Deprecated:  Required parameter $args follows optional parameter $depth in /wordpress/wp-content/plugins/woo-categories-list-in-footer/assets/php/customWalker.php on line 74
[11-Jun-2025 05:02:00 UTC] PHP Deprecated:  Required parameter $output follows optional parameter $depth in /wordpress/wp-content/plugins/woo-categories-list-in-footer/assets/php/customWalker.php on line 74
[11-Jun-2025 05:02:09 UTC] PHP Deprecated:  Required parameter $page_title follows optional parameter $section in /wordpress/wp-content/plugins/woo-categories-list-in-footer/assets/lib/AdminSection.php on line 17
[11-Jun-2025 05:02:09 UTC] PHP Deprecated:  Required parameter $menu_title follows optional parameter $section in /wordpress/wp-content/plugins/woo-categories-list-in-footer/assets/lib/AdminSection.php on line 17
[11-Jun-2025 05:02:09 UTC] PHP Deprecated:  Required parameter $menu_slug follows optional parameter $section in /wordpress/wp-content/plugins/woo-categories-list-in-footer/assets/lib/AdminSection.php on line 17
[11-Jun-2025 05:02:09 UTC] PHP Deprecated:  Required parameter $function follows optional parameter $section in /wordpress/wp-content/plugins/woo-categories-list-in-footer/assets/lib/AdminSection.php on line 17
[11-Jun-2025 05:02:09 UTC] PHP Deprecated:  Required parameter $totalCategories follows optional parameter $maxItemsPerColumn in /wordpress/wp-content/plugins/woo-categories-list-in-footer/assets/php/customWalker.php on line 14
[11-Jun-2025 05:02:09 UTC] PHP Deprecated:  Required parameter $totalColumns follows optional parameter $maxItemsPerColumn in /wordpress/wp-content/plugins/woo-categories-list-in-footer/assets/php/customWalker.php on line 14
[11-Jun-2025 05:02:09 UTC] PHP Deprecated:  Required parameter $args follows optional parameter $depth in /wordpress/wp-content/plugins/woo-categories-list-in-footer/assets/php/customWalker.php on line 74
[11-Jun-2025 05:02:09 UTC] PHP Deprecated:  Required parameter $output follows optional parameter $depth in /wordpress/wp-content/plugins/woo-categories-list-in-footer/assets/php/customWalker.php on line 74
[11-Jun-2025 05:02:10 UTC] PHP Deprecated:  Required parameter $page_title follows optional parameter $section in /wordpress/wp-content/plugins/woo-categories-list-in-footer/assets/lib/AdminSection.php on line 17
[11-Jun-2025 05:02:10 UTC] PHP Deprecated:  Required parameter $menu_title follows optional parameter $section in /wordpress/wp-content/plugins/woo-categories-list-in-footer/assets/lib/AdminSection.php on line 17
[11-Jun-2025 05:02:10 UTC] PHP Deprecated:  Required parameter $menu_slug follows optional parameter $section in /wordpress/wp-content/plugins/woo-categories-list-in-footer/assets/lib/AdminSection.php on line 17
[11-Jun-2025 05:02:10 UTC] PHP Deprecated:  Required parameter $function follows optional parameter $section in /wordpress/wp-content/plugins/woo-categories-list-in-footer/assets/lib/AdminSection.php on line 17
[11-Jun-2025 05:02:10 UTC] PHP Deprecated:  Required parameter $totalCategories follows optional parameter $maxItemsPerColumn in /wordpress/wp-content/plugins/woo-categories-list-in-footer/assets/php/customWalker.php on line 14
[11-Jun-2025 05:02:10 UTC] PHP Deprecated:  Required parameter $totalColumns follows optional parameter $maxItemsPerColumn in /wordpress/wp-content/plugins/woo-categories-list-in-footer/assets/php/customWalker.php on line 14
[11-Jun-2025 05:02:10 UTC] PHP Deprecated:  Required parameter $args follows optional parameter $depth in /wordpress/wp-content/plugins/woo-categories-list-in-footer/assets/php/customWalker.php on line 74
[11-Jun-2025 05:02:10 UTC] PHP Deprecated:  Required parameter $output follows optional parameter $depth in /wordpress/wp-content/plugins/woo-categories-list-in-footer/assets/php/customWalker.php on line 74
[11-Jun-2025 05:02:18 UTC] PHP Deprecated:  Required parameter $page_title follows optional parameter $section in /wordpress/wp-content/plugins/woo-categories-list-in-footer/assets/lib/AdminSection.php on line 17
[11-Jun-2025 05:02:18 UTC] PHP Deprecated:  Required parameter $menu_title follows optional parameter $section in /wordpress/wp-content/plugins/woo-categories-list-in-footer/assets/lib/AdminSection.php on line 17
[11-Jun-2025 05:02:18 UTC] PHP Deprecated:  Required parameter $menu_slug follows optional parameter $section in /wordpress/wp-content/plugins/woo-categories-list-in-footer/assets/lib/AdminSection.php on line 17
[11-Jun-2025 05:02:18 UTC] PHP Deprecated:  Required parameter $function follows optional parameter $section in /wordpress/wp-content/plugins/woo-categories-list-in-footer/assets/lib/AdminSection.php on line 17
[11-Jun-2025 05:02:18 UTC] PHP Deprecated:  Required parameter $totalCategories follows optional parameter $maxItemsPerColumn in /wordpress/wp-content/plugins/woo-categories-list-in-footer/assets/php/customWalker.php on line 14
[11-Jun-2025 05:02:18 UTC] PHP Deprecated:  Required parameter $totalColumns follows optional parameter $maxItemsPerColumn in /wordpress/wp-content/plugins/woo-categories-list-in-footer/assets/php/customWalker.php on line 14
[11-Jun-2025 05:02:18 UTC] PHP Deprecated:  Required parameter $args follows optional parameter $depth in /wordpress/wp-content/plugins/woo-categories-list-in-footer/assets/php/customWalker.php on line 74
[11-Jun-2025 05:02:18 UTC] PHP Deprecated:  Required parameter $output follows optional parameter $depth in /wordpress/wp-content/plugins/woo-categories-list-in-footer/assets/php/customWalker.php on line 74
[11-Jun-2025 05:02:19 UTC] PHP Deprecated:  Required parameter $page_title follows optional parameter $section in /wordpress/wp-content/plugins/woo-categories-list-in-footer/assets/lib/AdminSection.php on line 17
[11-Jun-2025 05:02:19 UTC] PHP Deprecated:  Required parameter $menu_title follows optional parameter $section in /wordpress/wp-content/plugins/woo-categories-list-in-footer/assets/lib/AdminSection.php on line 17
[11-Jun-2025 05:02:19 UTC] PHP Deprecated:  Required parameter $menu_slug follows optional parameter $section in /wordpress/wp-content/plugins/woo-categories-list-in-footer/assets/lib/AdminSection.php on line 17
[11-Jun-2025 05:02:19 UTC] PHP Deprecated:  Required parameter $function follows optional parameter $section in /wordpress/wp-content/plugins/woo-categories-list-in-footer/assets/lib/AdminSection.php on line 17
[11-Jun-2025 05:02:19 UTC] PHP Deprecated:  Required parameter $totalCategories follows optional parameter $maxItemsPerColumn in /wordpress/wp-content/plugins/woo-categories-list-in-footer/assets/php/customWalker.php on line 14
[11-Jun-2025 05:02:19 UTC] PHP Deprecated:  Required parameter $totalColumns follows optional parameter $maxItemsPerColumn in /wordpress/wp-content/plugins/woo-categories-list-in-footer/assets/php/customWalker.php on line 14
[11-Jun-2025 05:02:19 UTC] PHP Deprecated:  Required parameter $args follows optional parameter $depth in /wordpress/wp-content/plugins/woo-categories-list-in-footer/assets/php/customWalker.php on line 74
[11-Jun-2025 05:02:19 UTC] PHP Deprecated:  Required parameter $output follows optional parameter $depth in /wordpress/wp-content/plugins/woo-categories-list-in-footer/assets/php/customWalker.php on line 74
[11-Jun-2025 05:05:32 UTC] Class 'HB_Payment_Gateway_Stripe' not found
[11-Jun-2025 05:05:42 UTC] Class 'HB_Payment_Gateway_Stripe' not found
[11-Jun-2025 05:05:53 UTC] Class 'HB_Payment_Gateway_Stripe' not found
[11-Jun-2025 05:07:03 UTC] PHP Deprecated:  Function register_sidebar_widget is <strong>deprecated</strong> since version 2.8.0! Use wp_register_sidebar_widget() instead. in /wordpress/wp-includes/functions.php on line 6121
[11-Jun-2025 05:07:03 UTC] PHP Deprecated:  Function register_widget_control is <strong>deprecated</strong> since version 2.8.0! Use wp_register_widget_control() instead. in /wordpress/wp-includes/functions.php on line 6121
[11-Jun-2025 05:07:12 UTC] PHP Deprecated:  Function register_sidebar_widget is <strong>deprecated</strong> since version 2.8.0! Use wp_register_sidebar_widget() instead. in /wordpress/wp-includes/functions.php on line 6121
[11-Jun-2025 05:07:12 UTC] PHP Deprecated:  Function register_widget_control is <strong>deprecated</strong> since version 2.8.0! Use wp_register_widget_control() instead. in /wordpress/wp-includes/functions.php on line 6121
[11-Jun-2025 05:07:23 UTC] PHP Deprecated:  Function register_sidebar_widget is <strong>deprecated</strong> since version 2.8.0! Use wp_register_sidebar_widget() instead. in /wordpress/wp-includes/functions.php on line 6121
[11-Jun-2025 05:07:23 UTC] PHP Deprecated:  Function register_widget_control is <strong>deprecated</strong> since version 2.8.0! Use wp_register_widget_control() instead. in /wordpress/wp-includes/functions.php on line 6121

    at Object.onBind (file:///home/runner/work/playground-tester/playground-tester/node_modules/@wp-playground/cli/run-cli-j-geJYS3.js:325:15)
    at process.processTicksAndRejections (node:internal/process/task_queues:105:5)
    at async re (file:///home/runner/work/playground-tester/playground-tester/node_modules/@wp-playground/cli/run-cli-j-geJYS3.js:149:10) {
  [cause]: Error: Error when executing the blueprint step #1 ({"step":"installPlugin","pluginData":{"resource":"wordpress.org/plugins","slug":"woocommerce-attribute-extension"},"options":{"activate":true}}) : Could not download "https://downloads.wordpress.org/plugin/woocommerce-attribute-extension.latest-stable.zip".
  				Check if the URL is correct and the server is reachable.
  				If it is reachable, the server might be blocking the request.
  				Check the browser console and network tabs for more information.
  
  				## Does the console show the error "No 'Access-Control-Allow-Origin' header"?
  
  				This means the server that hosts your file does not allow requests from other sites
  				(cross-origin requests, or CORS).	You need to move the asset to a server that allows
  				cross-origin file downloads. Learn more about CORS at
  				https://developer.mozilla.org/en-US/docs/Web/HTTP/CORS.
  
  				If your file is on GitHub, load it from "raw.githubusercontent.com".
  				Here's how to do that:
  
  				1. Start with the original GitHub URL of the file. For example:
  				https://github.com/username/repository/blob/branch/filename.
  				2. Replace "github.com" with "raw.githubusercontent.com".
  				3. Remove the "/blob/" part of the URL.
  
  				The resulting URL should look like this:
  				https://raw.githubusercontent.com/username/repository/branch/filename
  
  				Error:
  				Error: Could not download "https://downloads.wordpress.org/plugin/woocommerce-attribute-extension.latest-stable.zip"
      at Object.run (file:///home/runner/work/playground-tester/playground-tester/node_modules/@wp-playground/blueprints/index.js:12093:19)
      at process.processTicksAndRejections (node:internal/process/task_queues:105:5)
      at async ys (file:///home/runner/work/playground-tester/playground-tester/node_modules/@wp-playground/blueprints/index.js:12196:3)
      at async Object.onBind (file:///home/runner/work/playground-tester/playground-tester/node_modules/@wp-playground/cli/run-cli-j-geJYS3.js:315:48)
      at async re (file:///home/runner/work/playground-tester/playground-tester/node_modules/@wp-playground/cli/run-cli-j-geJYS3.js:149:10) {
    [cause]: Error: Could not download "https://downloads.wordpress.org/plugin/woocommerce-attribute-extension.latest-stable.zip".
    				Check if the URL is correct and the server is reachable.
    				If it is reachable, the server might be blocking the request.
    				Check the browser console and network tabs for more information.
    
    				## Does the console show the error "No 'Access-Control-Allow-Origin' header"?
    
    				This means the server that hosts your file does not allow requests from other sites
    				(cross-origin requests, or CORS).	You need to move the asset to a server that allows
    				cross-origin file downloads. Learn more about CORS at
    				https://developer.mozilla.org/en-US/docs/Web/HTTP/CORS.
    
    				If your file is on GitHub, load it from "raw.githubusercontent.com".
    				Here's how to do that:
    
    				1. Start with the original GitHub URL of the file. For example:
    				https://github.com/username/repository/blob/branch/filename.
    				2. Replace "github.com" with "raw.githubusercontent.com".
    				3. Remove the "/blob/" part of the URL.
    
    				The resulting URL should look like this:
    				https://raw.githubusercontent.com/username/repository/branch/filename
    
    				Error:
    				Error: Could not download "https://downloads.wordpress.org/plugin/woocommerce-attribute-extension.latest-stable.zip"
        at Ct.resolve (file:///home/runner/work/playground-tester/playground-tester/node_modules/@wp-playground/blueprints/index.js:1129:13)
        at process.processTicksAndRejections (node:internal/process/task_queues:105:5)
        at async _.run (file:///home/runner/work/playground-tester/playground-tester/node_modules/@php-wasm/util/index.js:45:14)
  }
}

Node.js v23.11.0
