[
{"message":"file:///home/runner/work/playground-tester/playground-tester/node_modules/@wp-playground/cli/run-cli-j-geJYS3.js:325\n        throw new Error($, { cause: h });\n              ^\n","level":"FATAL","type":"PLAYGROUND","test":"ast-sqlite-boot","plugin":"shoplocket","details":"file:///home/runner/work/playground-tester/playground-tester/node_modules/@wp-playground/cli/run-cli-j-geJYS3.js:325\n        throw new Error($, { cause: h });\n              ^\n","log":"/tmp/tmp.EZDVdnHHTt"}
,
{"message":"Uncaught Error: Call to undefined function create_function() in /wordpress/wp-content/plugins/steam-news-widget/includes/ssg-steam-news-widget-internal.php:240","level":"FATAL","type":"PHP","test":"ast-sqlite-boot","plugin":"shoplocket","details":"[17-Jun-2025 18:38:38 UTC] PHP Fatal error:  Uncaught Error: Call to undefined function create_function() in /wordpress/wp-content/plugins/steam-news-widget/includes/ssg-steam-news-widget-internal.php:240\nStack trace:\n#0 /wordpress/wp-content/plugins/steam-news-widget/ssg-steam-news-widget.php(15): require_once()\n#1 /wordpress/wp-admin/includes/plugin.php(2387): include_once('/wordpress/wp-c...')\n#2 /wordpress/wp-admin/includes/plugin.php(673): plugin_sandbox_scrape('steam-news-widg...')\n#3 /internal/eval.php(20): activate_plugin('steam-news-widg...')\n#4 {main}\n  thrown in /wordpress/wp-content/plugins/steam-news-widget/includes/ssg-steam-news-widget-internal.php on line 240","log":"/logs/plugins/s/shoplocket/error.json"}
,
{"message":"Uncaught Error: Call to undefined function create_function() in /wordpress/wp-content/plugins/steam-news-widget/includes/ssg-steam-news-widget-internal.php:240","level":"FATAL","type":"PHP","test":"ast-sqlite-boot","plugin":"shoplocket","details":"[17-Jun-2025 18:38:46 UTC] PHP Fatal error:  Uncaught Error: Call to undefined function create_function() in /wordpress/wp-content/plugins/steam-news-widget/includes/ssg-steam-news-widget-internal.php:240\nStack trace:\n#0 /wordpress/wp-content/plugins/steam-news-widget/ssg-steam-news-widget.php(15): require_once()\n#1 /wordpress/wp-admin/includes/plugin.php(2387): include_once('/wordpress/wp-c...')\n#2 /wordpress/wp-admin/includes/plugin.php(673): plugin_sandbox_scrape('steam-news-widg...')\n#3 /internal/eval.php(20): activate_plugin('steam-news-widg...')\n#4 {main}\n  thrown in /wordpress/wp-content/plugins/steam-news-widget/includes/ssg-steam-news-widget-internal.php on line 240","log":"/logs/plugins/s/shoplocket/error.json"}
,
{"message":"Uncaught Error: Call to undefined function create_function() in /wordpress/wp-content/plugins/steam-news-widget/includes/ssg-steam-news-widget-internal.php:240","level":"FATAL","type":"PHP","test":"ast-sqlite-boot","plugin":"shoplocket","details":"[17-Jun-2025 18:38:54 UTC] PHP Fatal error:  Uncaught Error: Call to undefined function create_function() in /wordpress/wp-content/plugins/steam-news-widget/includes/ssg-steam-news-widget-internal.php:240\nStack trace:\n#0 /wordpress/wp-content/plugins/steam-news-widget/ssg-steam-news-widget.php(15): require_once()\n#1 /wordpress/wp-admin/includes/plugin.php(2387): include_once('/wordpress/wp-c...')\n#2 /wordpress/wp-admin/includes/plugin.php(673): plugin_sandbox_scrape('steam-news-widg...')\n#3 /internal/eval.php(20): activate_plugin('steam-news-widg...')\n#4 {main}\n  thrown in /wordpress/wp-content/plugins/steam-news-widget/includes/ssg-steam-news-widget-internal.php on line 240","log":"/logs/plugins/s/shoplocket/error.json"}
,
{"message":"Uncaught StellarPay\\Vendors\\StellarWP\\DB\\Database\\Exceptions\\DatabaseQueryException: Database Query in /wordpress/wp-content/plugins/stellarpay/vendor/vendor-prefixed/stellarwp/db/src/DB/DB.php:296","level":"FATAL","type":"PHP","test":"ast-sqlite-boot","plugin":"shoplocket","details":"[17-Jun-2025 18:39:07 UTC] PHP Fatal error:  Uncaught StellarPay\\Vendors\\StellarWP\\DB\\Database\\Exceptions\\DatabaseQueryException: Database Query in /wordpress/wp-content/plugins/stellarpay/vendor/vendor-prefixed/stellarwp/db/src/DB/DB.php:296\nStack trace:\n#0 /wordpress/wp-content/plugins/stellarpay/vendor/vendor-prefixed/stellarwp/db/src/DB/DB.php(84): StellarPay\\Vendors\\StellarWP\\DB\\DB::runQueryWithErrorChecking(Object(Closure))\n#1 /wordpress/wp-content/plugins/stellarpay/src/Subscriptions/Migrations/CreateSubscriptionMetaDatabaseTable.php(55): StellarPay\\Vendors\\StellarWP\\DB\\DB::delta('CREATE TABLE wp...')\n#2 /wordpress/wp-content/plugins/stellarpay/src/PluginSetup/Actions/CreateDatabaseTable.php(49): StellarPay\\Subscriptions\\Migrations\\CreateSubscriptionMetaDatabaseTable->run()\n#3 [internal function]: StellarPay\\PluginSetup\\Actions\\CreateDatabaseTable->__invoke('stellarpay_curr...')\n#4 /wordpress/wp-content/plugins/stellarpay/src/Core/Hooks.php(66): call_user_func_array(Array, Array)\n#5 /wordpress/wp-includes/class-wp-hook.php(326): StellarPay\\Core\\H in /wordpress/wp-content/plugins/stellarpay/src/Subscriptions/Migrations/CreateSubscriptionMetaDatabaseTable.php on line 63","log":"/logs/plugins/s/shoplocket/error.json"}
,
{"message":"Uncaught StellarPay\\Vendors\\StellarWP\\DB\\Database\\Exceptions\\DatabaseQueryException: Database Query in /wordpress/wp-content/plugins/stellarpay/vendor/vendor-prefixed/stellarwp/db/src/DB/DB.php:296","level":"FATAL","type":"PHP","test":"ast-sqlite-boot","plugin":"shoplocket","details":"[17-Jun-2025 18:39:22 UTC] PHP Fatal error:  Uncaught StellarPay\\Vendors\\StellarWP\\DB\\Database\\Exceptions\\DatabaseQueryException: Database Query in /wordpress/wp-content/plugins/stellarpay/vendor/vendor-prefixed/stellarwp/db/src/DB/DB.php:296\nStack trace:\n#0 /wordpress/wp-content/plugins/stellarpay/vendor/vendor-prefixed/stellarwp/db/src/DB/DB.php(84): StellarPay\\Vendors\\StellarWP\\DB\\DB::runQueryWithErrorChecking(Object(Closure))\n#1 /wordpress/wp-content/plugins/stellarpay/src/Subscriptions/Migrations/CreateSubscriptionMetaDatabaseTable.php(55): StellarPay\\Vendors\\StellarWP\\DB\\DB::delta('CREATE TABLE wp...')\n#2 /wordpress/wp-content/plugins/stellarpay/src/PluginSetup/Actions/CreateDatabaseTable.php(49): StellarPay\\Subscriptions\\Migrations\\CreateSubscriptionMetaDatabaseTable->run()\n#3 [internal function]: StellarPay\\PluginSetup\\Actions\\CreateDatabaseTable->__invoke('stellarpay_curr...')\n#4 /wordpress/wp-content/plugins/stellarpay/src/Core/Hooks.php(66): call_user_func_array(Array, Array)\n#5 /wordpress/wp-includes/class-wp-hook.php(326): StellarPay\\Core\\H in /wordpress/wp-content/plugins/stellarpay/src/Subscriptions/Migrations/CreateSubscriptionMetaDatabaseTable.php on line 63","log":"/logs/plugins/s/shoplocket/error.json"}
,
{"message":"Uncaught StellarPay\\Vendors\\StellarWP\\DB\\Database\\Exceptions\\DatabaseQueryException: Database Query in /wordpress/wp-content/plugins/stellarpay/vendor/vendor-prefixed/stellarwp/db/src/DB/DB.php:296","level":"FATAL","type":"PHP","test":"ast-sqlite-boot","plugin":"shoplocket","details":"[17-Jun-2025 18:39:35 UTC] PHP Fatal error:  Uncaught StellarPay\\Vendors\\StellarWP\\DB\\Database\\Exceptions\\DatabaseQueryException: Database Query in /wordpress/wp-content/plugins/stellarpay/vendor/vendor-prefixed/stellarwp/db/src/DB/DB.php:296\nStack trace:\n#0 /wordpress/wp-content/plugins/stellarpay/vendor/vendor-prefixed/stellarwp/db/src/DB/DB.php(84): StellarPay\\Vendors\\StellarWP\\DB\\DB::runQueryWithErrorChecking(Object(Closure))\n#1 /wordpress/wp-content/plugins/stellarpay/src/Subscriptions/Migrations/CreateSubscriptionMetaDatabaseTable.php(55): StellarPay\\Vendors\\StellarWP\\DB\\DB::delta('CREATE TABLE wp...')\n#2 /wordpress/wp-content/plugins/stellarpay/src/PluginSetup/Actions/CreateDatabaseTable.php(49): StellarPay\\Subscriptions\\Migrations\\CreateSubscriptionMetaDatabaseTable->run()\n#3 [internal function]: StellarPay\\PluginSetup\\Actions\\CreateDatabaseTable->__invoke('stellarpay_curr...')\n#4 /wordpress/wp-content/plugins/stellarpay/src/Core/Hooks.php(66): call_user_func_array(Array, Array)\n#5 /wordpress/wp-includes/class-wp-hook.php(326): StellarPay\\Core\\H in /wordpress/wp-content/plugins/stellarpay/src/Subscriptions/Migrations/CreateSubscriptionMetaDatabaseTable.php on line 63","log":"/logs/plugins/s/shoplocket/error.json"}
,
{"message":"Function _load_textdomain_just_in_time was called <strong>incorrectly</strong>. Translation loading for the <code>seo-friendly-ga</code> domain was triggered too early. This is usually an indicator for some code in the plugin or theme running too early. Translations should be loaded at the <code>init</code> action or later. Please see <a href=\"https://developer.wordpress.org/advanced-administration/debug/debug-wordpress/\">Debugging in WordPress</a> for more information. (This message was added in version 6.7.0.) in /wordpress/wp-includes/functions.php on line 6121","level":"NOTICE","type":"PHP","test":"ast-sqlite-boot","plugin":"shoplocket","details":"[17-Jun-2025 18:42:55 UTC] PHP Notice:  Function _load_textdomain_just_in_time was called <strong>incorrectly</strong>. Translation loading for the <code>seo-friendly-ga</code> domain was triggered too early. This is usually an indicator for some code in the plugin or theme running too early. Translations should be loaded at the <code>init</code> action or later. Please see <a href=\"https://developer.wordpress.org/advanced-administration/debug/debug-wordpress/\">Debugging in WordPress</a> for more information. (This message was added in version 6.7.0.) in /wordpress/wp-includes/functions.php on line 6121","log":"/logs/plugins/s/shoplocket/error.json"}
,
{"message":"Function _load_textdomain_just_in_time was called <strong>incorrectly</strong>. Translation loading for the <code>seo-friendly-ga</code> domain was triggered too early. This is usually an indicator for some code in the plugin or theme running too early. Translations should be loaded at the <code>init</code> action or later. Please see <a href=\"https://developer.wordpress.org/advanced-administration/debug/debug-wordpress/\">Debugging in WordPress</a> for more information. (This message was added in version 6.7.0.) in /wordpress/wp-includes/functions.php on line 6121","level":"NOTICE","type":"PHP","test":"ast-sqlite-boot","plugin":"shoplocket","details":"[17-Jun-2025 18:43:04 UTC] PHP Notice:  Function _load_textdomain_just_in_time was called <strong>incorrectly</strong>. Translation loading for the <code>seo-friendly-ga</code> domain was triggered too early. This is usually an indicator for some code in the plugin or theme running too early. Translations should be loaded at the <code>init</code> action or later. Please see <a href=\"https://developer.wordpress.org/advanced-administration/debug/debug-wordpress/\">Debugging in WordPress</a> for more information. (This message was added in version 6.7.0.) in /wordpress/wp-includes/functions.php on line 6121","log":"/logs/plugins/s/shoplocket/error.json"}
,
{"message":"Function _load_textdomain_just_in_time was called <strong>incorrectly</strong>. Translation loading for the <code>seo-friendly-ga</code> domain was triggered too early. This is usually an indicator for some code in the plugin or theme running too early. Translations should be loaded at the <code>init</code> action or later. Please see <a href=\"https://developer.wordpress.org/advanced-administration/debug/debug-wordpress/\">Debugging in WordPress</a> for more information. (This message was added in version 6.7.0.) in /wordpress/wp-includes/functions.php on line 6121","level":"NOTICE","type":"PHP","test":"ast-sqlite-boot","plugin":"shoplocket","details":"[17-Jun-2025 18:43:14 UTC] PHP Notice:  Function _load_textdomain_just_in_time was called <strong>incorrectly</strong>. Translation loading for the <code>seo-friendly-ga</code> domain was triggered too early. This is usually an indicator for some code in the plugin or theme running too early. Translations should be loaded at the <code>init</code> action or later. Please see <a href=\"https://developer.wordpress.org/advanced-administration/debug/debug-wordpress/\">Debugging in WordPress</a> for more information. (This message was added in version 6.7.0.) in /wordpress/wp-includes/functions.php on line 6121","log":"/logs/plugins/s/shoplocket/error.json"}
,
{"message":"Uncaught Error: Class 'WpOrg\\Requests\\Response' not found in /wordpress/wp-includes/Requests/src/Requests.php:724","level":"FATAL","type":"PHP","test":"ast-sqlite-boot","plugin":"shoplocket","details":"[17-Jun-2025 18:43:30 UTC] PHP Fatal error:  Uncaught Error: Class 'WpOrg\\Requests\\Response' not found in /wordpress/wp-includes/Requests/src/Requests.php:724\nStack trace:\n#0 /wordpress/wp-includes/Requests/src/Requests.php(473): WpOrg\\Requests\\Requests::parse_response('', 'http://127.0.0....', Array, Array, Array)\n#1 /wordpress/wp-includes/class-wp-http.php(415): WpOrg\\Requests\\Requests::request('http://127.0.0....', Array, Array, 'POST', Array)\n#2 /wordpress/wp-includes/class-wp-http.php(638): WP_Http->request('http://127.0.0....', Array)\n#3 /wordpress/wp-includes/http.php(196): WP_Http->post('http://127.0.0....', Array)\n#4 /wordpress/wp-content/plugins/sermon-manager-for-wordpress/includes/vendor/wp-async-request.php(84): wp_remote_post('http://127.0.0....', Array)\n#5 /wordpress/wp-content/plugins/sermon-manager-for-wordpress/includes/vendor/wp-background-process.php(403): SM_WP_Async_Request->dispatch()\n#6 /wordpress/wp-content/plugins/sermon-manager-for-wordpress/includes/class-sm-install.php(202): SM_WP_Background_Process->dispatch()\n#7 /wordpress in /wordpress/wp-includes/Requests/src/Requests.php on line 724","log":"/logs/plugins/s/shoplocket/error.json"}
,
{"message":"Uncaught Error: Class 'WpOrg\\Requests\\Response' not found in /wordpress/wp-includes/Requests/src/Requests.php:724","level":"FATAL","type":"PHP","test":"ast-sqlite-boot","plugin":"shoplocket","details":"[17-Jun-2025 18:43:47 UTC] PHP Fatal error:  Uncaught Error: Class 'WpOrg\\Requests\\Response' not found in /wordpress/wp-includes/Requests/src/Requests.php:724\nStack trace:\n#0 /wordpress/wp-includes/Requests/src/Requests.php(473): WpOrg\\Requests\\Requests::parse_response('', 'http://127.0.0....', Array, Array, Array)\n#1 /wordpress/wp-includes/class-wp-http.php(415): WpOrg\\Requests\\Requests::request('http://127.0.0....', Array, Array, 'POST', Array)\n#2 /wordpress/wp-includes/class-wp-http.php(638): WP_Http->request('http://127.0.0....', Array)\n#3 /wordpress/wp-includes/http.php(196): WP_Http->post('http://127.0.0....', Array)\n#4 /wordpress/wp-content/plugins/sermon-manager-for-wordpress/includes/vendor/wp-async-request.php(84): wp_remote_post('http://127.0.0....', Array)\n#5 /wordpress/wp-content/plugins/sermon-manager-for-wordpress/includes/vendor/wp-background-process.php(403): SM_WP_Async_Request->dispatch()\n#6 /wordpress/wp-content/plugins/sermon-manager-for-wordpress/includes/class-sm-install.php(202): SM_WP_Background_Process->dispatch()\n#7 /wordpress in /wordpress/wp-includes/Requests/src/Requests.php on line 724","log":"/logs/plugins/s/shoplocket/error.json"}
,
{"message":"Uncaught Error: Class 'WpOrg\\Requests\\Response' not found in /wordpress/wp-includes/Requests/src/Requests.php:724","level":"FATAL","type":"PHP","test":"ast-sqlite-boot","plugin":"shoplocket","details":"[17-Jun-2025 18:44:03 UTC] PHP Fatal error:  Uncaught Error: Class 'WpOrg\\Requests\\Response' not found in /wordpress/wp-includes/Requests/src/Requests.php:724\nStack trace:\n#0 /wordpress/wp-includes/Requests/src/Requests.php(473): WpOrg\\Requests\\Requests::parse_response('', 'http://127.0.0....', Array, Array, Array)\n#1 /wordpress/wp-includes/class-wp-http.php(415): WpOrg\\Requests\\Requests::request('http://127.0.0....', Array, Array, 'POST', Array)\n#2 /wordpress/wp-includes/class-wp-http.php(638): WP_Http->request('http://127.0.0....', Array)\n#3 /wordpress/wp-includes/http.php(196): WP_Http->post('http://127.0.0....', Array)\n#4 /wordpress/wp-content/plugins/sermon-manager-for-wordpress/includes/vendor/wp-async-request.php(84): wp_remote_post('http://127.0.0....', Array)\n#5 /wordpress/wp-content/plugins/sermon-manager-for-wordpress/includes/vendor/wp-background-process.php(403): SM_WP_Async_Request->dispatch()\n#6 /wordpress/wp-content/plugins/sermon-manager-for-wordpress/includes/class-sm-install.php(202): SM_WP_Background_Process->dispatch()\n#7 /wordpress in /wordpress/wp-includes/Requests/src/Requests.php on line 724","log":"/logs/plugins/s/shoplocket/error.json"}
,
{"message":"The called constructor method for WP_Widget class in SherkCPTDisplaysWidget is <strong>deprecated</strong> since version 4.3.0! Use <code>__construct()</code> instead. in /wordpress/wp-includes/functions.php on line 6121","level":"DEPRECATED","type":"PHP","test":"ast-sqlite-boot","plugin":"shoplocket","details":"[17-Jun-2025 18:45:06 UTC] PHP Deprecated:  The called constructor method for WP_Widget class in SherkCPTDisplaysWidget is <strong>deprecated</strong> since version 4.3.0! Use <code>__construct()</code> instead. in /wordpress/wp-includes/functions.php on line 6121","log":"/logs/plugins/s/shoplocket/error.json"}
,
{"message":"The called constructor method for WP_Widget class in SherkCPTDisplaysWidget is <strong>deprecated</strong> since version 4.3.0! Use <code>__construct()</code> instead. in /wordpress/wp-includes/functions.php on line 6121","level":"DEPRECATED","type":"PHP","test":"ast-sqlite-boot","plugin":"shoplocket","details":"[17-Jun-2025 18:45:16 UTC] PHP Deprecated:  The called constructor method for WP_Widget class in SherkCPTDisplaysWidget is <strong>deprecated</strong> since version 4.3.0! Use <code>__construct()</code> instead. in /wordpress/wp-includes/functions.php on line 6121","log":"/logs/plugins/s/shoplocket/error.json"}
,
{"message":"The called constructor method for WP_Widget class in SherkCPTDisplaysWidget is <strong>deprecated</strong> since version 4.3.0! Use <code>__construct()</code> instead. in /wordpress/wp-includes/functions.php on line 6121","level":"DEPRECATED","type":"PHP","test":"ast-sqlite-boot","plugin":"shoplocket","details":"[17-Jun-2025 18:45:25 UTC] PHP Deprecated:  The called constructor method for WP_Widget class in SherkCPTDisplaysWidget is <strong>deprecated</strong> since version 4.3.0! Use <code>__construct()</code> instead. in /wordpress/wp-includes/functions.php on line 6121","log":"/logs/plugins/s/shoplocket/error.json"}
,
{"message":"Uncaught TypeError: call_user_func_array(): Argument #1 ($callback) must be a valid callback, non-static method Shokola_Custom_WhiteLabel::my_plugin_activate() cannot be called statically in /wordpress/wp-includes/class-wp-hook.php:324","level":"FATAL","type":"PHP","test":"ast-sqlite-boot","plugin":"shoplocket","details":"[17-Jun-2025 18:46:33 UTC] PHP Fatal error:  Uncaught TypeError: call_user_func_array(): Argument #1 ($callback) must be a valid callback, non-static method Shokola_Custom_WhiteLabel::my_plugin_activate() cannot be called statically in /wordpress/wp-includes/class-wp-hook.php:324\nStack trace:\n#0 /wordpress/wp-includes/class-wp-hook.php(348): WP_Hook->apply_filters('', Array)\n#1 /wordpress/wp-includes/plugin.php(517): WP_Hook->do_action(Array)\n#2 /wordpress/wp-admin/includes/plugin.php(703): do_action('activate_shokol...', false)\n#3 /internal/eval.php(20): activate_plugin('shokola-custom-...')\n#4 {main}\n  thrown in /wordpress/wp-includes/class-wp-hook.php on line 324","log":"/logs/plugins/s/shoplocket/error.json"}
,
{"message":"Uncaught TypeError: call_user_func_array(): Argument #1 ($callback) must be a valid callback, non-static method Shokola_Custom_WhiteLabel::my_plugin_activate() cannot be called statically in /wordpress/wp-includes/class-wp-hook.php:324","level":"FATAL","type":"PHP","test":"ast-sqlite-boot","plugin":"shoplocket","details":"[17-Jun-2025 18:46:40 UTC] PHP Fatal error:  Uncaught TypeError: call_user_func_array(): Argument #1 ($callback) must be a valid callback, non-static method Shokola_Custom_WhiteLabel::my_plugin_activate() cannot be called statically in /wordpress/wp-includes/class-wp-hook.php:324\nStack trace:\n#0 /wordpress/wp-includes/class-wp-hook.php(348): WP_Hook->apply_filters('', Array)\n#1 /wordpress/wp-includes/plugin.php(517): WP_Hook->do_action(Array)\n#2 /wordpress/wp-admin/includes/plugin.php(703): do_action('activate_shokol...', false)\n#3 /internal/eval.php(20): activate_plugin('shokola-custom-...')\n#4 {main}\n  thrown in /wordpress/wp-includes/class-wp-hook.php on line 324","log":"/logs/plugins/s/shoplocket/error.json"}
,
{"message":"Uncaught TypeError: call_user_func_array(): Argument #1 ($callback) must be a valid callback, non-static method Shokola_Custom_WhiteLabel::my_plugin_activate() cannot be called statically in /wordpress/wp-includes/class-wp-hook.php:324","level":"FATAL","type":"PHP","test":"ast-sqlite-boot","plugin":"shoplocket","details":"[17-Jun-2025 18:46:49 UTC] PHP Fatal error:  Uncaught TypeError: call_user_func_array(): Argument #1 ($callback) must be a valid callback, non-static method Shokola_Custom_WhiteLabel::my_plugin_activate() cannot be called statically in /wordpress/wp-includes/class-wp-hook.php:324\nStack trace:\n#0 /wordpress/wp-includes/class-wp-hook.php(348): WP_Hook->apply_filters('', Array)\n#1 /wordpress/wp-includes/plugin.php(517): WP_Hook->do_action(Array)\n#2 /wordpress/wp-admin/includes/plugin.php(703): do_action('activate_shokol...', false)\n#3 /internal/eval.php(20): activate_plugin('shokola-custom-...')\n#4 {main}\n  thrown in /wordpress/wp-includes/class-wp-hook.php on line 324","log":"/logs/plugins/s/shoplocket/error.json"}
,
{"message":"Uncaught TypeError: call_user_func_array(): Argument #1 ($callback) must be a valid callback, non-static method ShopLocket_Widget::register() cannot be called statically in /wordpress/wp-includes/class-wp-hook.php:324","level":"FATAL","type":"PHP","test":"ast-sqlite-boot","plugin":"shoplocket","details":"[17-Jun-2025 18:47:28 UTC] PHP Fatal error:  Uncaught TypeError: call_user_func_array(): Argument #1 ($callback) must be a valid callback, non-static method ShopLocket_Widget::register() cannot be called statically in /wordpress/wp-includes/class-wp-hook.php:324\nStack trace:\n#0 /wordpress/wp-includes/class-wp-hook.php(348): WP_Hook->apply_filters(NULL, Array)\n#1 /wordpress/wp-includes/plugin.php(517): WP_Hook->do_action(Array)\n#2 /wordpress/wp-includes/widgets.php(1870): do_action('widgets_init')\n#3 /wordpress/wp-includes/class-wp-hook.php(324): wp_widgets_init('')\n#4 /wordpress/wp-includes/class-wp-hook.php(348): WP_Hook->apply_filters(NULL, Array)\n#5 /wordpress/wp-includes/plugin.php(517): WP_Hook->do_action(Array)\n#6 /wordpress/wp-settings.php(727): do_action('init')\n#7 /wordpress/wp-config.php(102): require_once('/wordpress/wp-s...')\n#8 /wordpress/wp-load.php(50): require_once('/wordpress/wp-c...')\n#9 /internal/eval.php(3): require_once('/wordpress/wp-l...')\n#10 {main}\n  thrown in /wordpress/wp-includes/class-wp-hook.php on line 324\n\n    at Object.onBind (file:///home/runner/work/playground-tester/playground-tester/node_modules/@wp-playground/cli/run-cli-j-geJYS3.js:325:15)\n    at process.processTicksAndRejections (node:internal/process/task_queues:105:5)\n    at async re (file:///home/runner/work/playground-tester/playground-tester/node_modules/@wp-playground/cli/run-cli-j-geJYS3.js:149:10) {\n  [cause]: Error: Error when executing the blueprint step #5 ({\"step\":\"installPlugin\",\"pluginData\":{\"resource\":\"wordpress.org/plugins\",\"slug\":\"shoplocket\"},\"options\":{\"activate\":true}}) : PHP.run() failed with exit code 255 and the following output: \n      at Object.run (file:///home/runner/work/playground-tester/playground-tester/node_modules/@wp-playground/blueprints/index.js:12093:19)\n      at process.processTicksAndRejections (node:internal/process/task_queues:105:5)\n      at async ys (file:///home/runner/work/playground-tester/playground-tester/node_modules/@wp-playground/blueprints/index.js:12196:3)\n      at async Object.onBind (file:///home/runner/work/playground-tester/playground-tester/node_modules/@wp-playground/cli/run-cli-j-geJYS3.js:315:48)\n      at async re (file:///home/runner/work/playground-tester/playground-tester/node_modules/@wp-playground/cli/run-cli-j-geJYS3.js:149:10) {\n    [cause]: PHPExecutionFailureError: PHP.run() failed with exit code 255 and the following output: \n        at PHP.run (file:///home/runner/work/playground-tester/playground-tester/node_modules/@php-wasm/universal/index.js:1034:19)\n        at process.processTicksAndRejections (node:internal/process/task_queues:105:5)\n        at async wr (file:///home/runner/work/playground-tester/playground-tester/node_modules/@wp-playground/blueprints/index.js:74:13)\n        at async Object.gt [as installPlugin] (file:///home/runner/work/playground-tester/playground-tester/node_modules/@wp-playground/blueprints/index.js:631:42)\n        at async g (file:///home/runner/work/playground-tester/playground-tester/node_modules/@wp-playground/blueprints/index.js:12161:30)\n        at async Object.run (file:///home/runner/work/playground-tester/playground-tester/node_modules/@wp-playground/blueprints/index.js:12090:23)\n        at async ys (file:///home/runner/work/playground-tester/playground-tester/node_modules/@wp-playground/blueprints/index.js:12196:3)\n        at async Object.onBind (file:///home/runner/work/playground-tester/playground-tester/node_modules/@wp-playground/cli/run-cli-j-geJYS3.js:315:48)\n        at async re (file:///home/runner/work/playground-tester/playground-tester/node_modules/@wp-playground/cli/run-cli-j-geJYS3.js:149:10) {\n      response: PHPResponse {\n        httpStatusCode: 500,\n        headers: {\n          'x-powered-by': [ 'PHP/8.0.30-dev' ],\n          'content-type': [ 'text/html; charset=UTF-8' ],\n          expires: [ 'Wed, 11 Jan 1984 05:00:00 GMT' ],\n          'cache-control': [ 'no-cache, must-revalidate, max-age=0, no-store, private' ]\n        },\n        bytes: Uint8Array(2653) [\n           60,  33,  68,  79,  67,  84,  89,  80,  69,  32, 104, 116,\n          109, 108,  62,  10,  60, 104, 116, 109, 108,  32, 108,  97,\n          110, 103,  61,  34, 101, 110,  45,  85,  83,  34,  62,  10,\n           60, 104, 101,  97, 100,  62,  10,   9,  60, 109, 101, 116,\n           97,  32, 104, 116, 116, 112,  45, 101, 113, 117, 105, 118,\n           61,  34,  67, 111, 110, 116, 101, 110, 116,  45,  84, 121,\n          112, 101,  34,  32,  99, 111, 110, 116, 101, 110, 116,  61,\n           34, 116, 101, 120, 116,  47, 104, 116, 109, 108,  59,  32,\n           99, 104,  97, 114,\n          ... 2553 more items\n        ],\n        exitCode: 255,\n        errors: ''\n      },\n      source: 'request'\n    }\n  }\n}\n\n","log":"/logs/plugins/s/shoplocket/error.json"}
]
