file:///home/runner/work/playground-tester/playground-tester/node_modules/@wp-playground/cli/index.js:237
        throw new Error(y, { cause: u });
              ^

Error: [02-Jun-2025 12:53:53 UTC] PHP Notice:  Function _load_textdomain_just_in_time was called <strong>incorrectly</strong>. Translation loading for the <code>wp-hal</code> domain was triggered too early. This is usually an indicator for some code in the plugin or theme running too early. Translations should be loaded at the <code>init</code> action or later. Please see <a href="https://developer.wordpress.org/advanced-administration/debug/debug-wordpress/">Debugging in WordPress</a> for more information. (This message was added in version 6.7.0.) in /wordpress/wp-includes/functions.php on line 6121
[02-Jun-2025 12:54:03 UTC] PHP Notice:  Function _load_textdomain_just_in_time was called <strong>incorrectly</strong>. Translation loading for the <code>wp-hal</code> domain was triggered too early. This is usually an indicator for some code in the plugin or theme running too early. Translations should be loaded at the <code>init</code> action or later. Please see <a href="https://developer.wordpress.org/advanced-administration/debug/debug-wordpress/">Debugging in WordPress</a> for more information. (This message was added in version 6.7.0.) in /wordpress/wp-includes/functions.php on line 6121
[02-Jun-2025 12:54:12 UTC] PHP Notice:  Function _load_textdomain_just_in_time was called <strong>incorrectly</strong>. Translation loading for the <code>wp-hal</code> domain was triggered too early. This is usually an indicator for some code in the plugin or theme running too early. Translations should be loaded at the <code>init</code> action or later. Please see <a href="https://developer.wordpress.org/advanced-administration/debug/debug-wordpress/">Debugging in WordPress</a> for more information. (This message was added in version 6.7.0.) in /wordpress/wp-includes/functions.php on line 6121
[02-Jun-2025 12:56:35 UTC] PHP Notice:  Function _load_textdomain_just_in_time was called <strong>incorrectly</strong>. Translation loading for the <code>handmade-woocommerce-order-status-control</code> domain was triggered too early. This is usually an indicator for some code in the plugin or theme running too early. Translations should be loaded at the <code>init</code> action or later. Please see <a href="https://developer.wordpress.org/advanced-administration/debug/debug-wordpress/">Debugging in WordPress</a> for more information. (This message was added in version 6.7.0.) in /wordpress/wp-includes/functions.php on line 6121
[02-Jun-2025 12:56:43 UTC] PHP Notice:  Function _load_textdomain_just_in_time was called <strong>incorrectly</strong>. Translation loading for the <code>handmade-woocommerce-order-status-control</code> domain was triggered too early. This is usually an indicator for some code in the plugin or theme running too early. Translations should be loaded at the <code>init</code> action or later. Please see <a href="https://developer.wordpress.org/advanced-administration/debug/debug-wordpress/">Debugging in WordPress</a> for more information. (This message was added in version 6.7.0.) in /wordpress/wp-includes/functions.php on line 6121
[02-Jun-2025 12:56:52 UTC] PHP Notice:  Function _load_textdomain_just_in_time was called <strong>incorrectly</strong>. Translation loading for the <code>handmade-woocommerce-order-status-control</code> domain was triggered too early. This is usually an indicator for some code in the plugin or theme running too early. Translations should be loaded at the <code>init</code> action or later. Please see <a href="https://developer.wordpress.org/advanced-administration/debug/debug-wordpress/">Debugging in WordPress</a> for more information. (This message was added in version 6.7.0.) in /wordpress/wp-includes/functions.php on line 6121
[02-Jun-2025 12:57:28 UTC] PHP Fatal error:  Uncaught Error: Undefined constant "wp_head" in /wordpress/wp-content/plugins/happy-christmas-plugin/happy-christmas.php:40
Stack trace:
#0 /wordpress/wp-admin/includes/plugin.php(2387): include_once()
#1 /wordpress/wp-admin/includes/plugin.php(673): plugin_sandbox_scrape('happy-christmas...')
#2 /internal/eval.php(20): activate_plugin('happy-christmas...')
#3 {main}
  thrown in /wordpress/wp-content/plugins/happy-christmas-plugin/happy-christmas.php on line 40
[02-Jun-2025 12:57:36 UTC] PHP Fatal error:  Uncaught Error: Undefined constant "wp_head" in /wordpress/wp-content/plugins/happy-christmas-plugin/happy-christmas.php:40
Stack trace:
#0 /wordpress/wp-admin/includes/plugin.php(2387): include_once()
#1 /wordpress/wp-admin/includes/plugin.php(673): plugin_sandbox_scrape('happy-christmas...')
#2 /internal/eval.php(20): activate_plugin('happy-christmas...')
#3 {main}
  thrown in /wordpress/wp-content/plugins/happy-christmas-plugin/happy-christmas.php on line 40
[02-Jun-2025 12:57:44 UTC] PHP Fatal error:  Uncaught Error: Undefined constant "wp_head" in /wordpress/wp-content/plugins/happy-christmas-plugin/happy-christmas.php:40
Stack trace:
#0 /wordpress/wp-admin/includes/plugin.php(2387): include_once()
#1 /wordpress/wp-admin/includes/plugin.php(673): plugin_sandbox_scrape('happy-christmas...')
#2 /internal/eval.php(20): activate_plugin('happy-christmas...')
#3 {main}
  thrown in /wordpress/wp-content/plugins/happy-christmas-plugin/happy-christmas.php on line 40
[02-Jun-2025 13:00:09 UTC] PHP Fatal error:  Uncaught Exception: The Timber plugin must be installed for Hatch to work. in /wordpress/wp-content/plugins/hatch/abe-hatch.php:34
Stack trace:
#0 /wordpress/wp-includes/class-wp-hook.php(324): Hatch->check_prerequisites('')
#1 /wordpress/wp-includes/class-wp-hook.php(348): WP_Hook->apply_filters(NULL, Array)
#2 /wordpress/wp-includes/plugin.php(517): WP_Hook->do_action(Array)
#3 /wordpress/wp-settings.php(578): do_action('plugins_loaded')
#4 /wordpress/wp-config.php(102): require_once('/wordpress/wp-s...')
#5 /wordpress/wp-load.php(50): require_once('/wordpress/wp-c...')
#6 /internal/eval.php(3): require_once('/wordpress/wp-l...')
#7 {main}
  thrown in /wordpress/wp-content/plugins/hatch/abe-hatch.php on line 34
[02-Jun-2025 13:00:17 UTC] PHP Fatal error:  Uncaught Exception: The Timber plugin must be installed for Hatch to work. in /wordpress/wp-content/plugins/hatch/abe-hatch.php:34
Stack trace:
#0 /wordpress/wp-includes/class-wp-hook.php(324): Hatch->check_prerequisites('')
#1 /wordpress/wp-includes/class-wp-hook.php(348): WP_Hook->apply_filters(NULL, Array)
#2 /wordpress/wp-includes/plugin.php(517): WP_Hook->do_action(Array)
#3 /wordpress/wp-settings.php(578): do_action('plugins_loaded')
#4 /wordpress/wp-config.php(102): require_once('/wordpress/wp-s...')
#5 /wordpress/wp-load.php(50): require_once('/wordpress/wp-c...')
#6 /internal/eval.php(3): require_once('/wordpress/wp-l...')
#7 {main}
  thrown in /wordpress/wp-content/plugins/hatch/abe-hatch.php on line 34
[02-Jun-2025 13:00:25 UTC] PHP Fatal error:  Uncaught Exception: The Timber plugin must be installed for Hatch to work. in /wordpress/wp-content/plugins/hatch/abe-hatch.php:34
Stack trace:
#0 /wordpress/wp-includes/class-wp-hook.php(324): Hatch->check_prerequisites('')
#1 /wordpress/wp-includes/class-wp-hook.php(348): WP_Hook->apply_filters(NULL, Array)
#2 /wordpress/wp-includes/plugin.php(517): WP_Hook->do_action(Array)
#3 /wordpress/wp-settings.php(578): do_action('plugins_loaded')
#4 /wordpress/wp-config.php(102): require_once('/wordpress/wp-s...')
#5 /wordpress/wp-load.php(50): require_once('/wordpress/wp-c...')
#6 /internal/eval.php(3): require_once('/wordpress/wp-l...')
#7 {main}
  thrown in /wordpress/wp-content/plugins/hatch/abe-hatch.php on line 34
[02-Jun-2025 13:01:58 UTC] PHP Fatal error:  Uncaught Error: Class "WC_Product" not found in /wordpress/wp-content/plugins/hcv4-payment-gateway/bundle/custom-bundle-product.php:7
Stack trace:
#0 /wordpress/wp-includes/class-wp-hook.php(324): {closure}('')
#1 /wordpress/wp-includes/class-wp-hook.php(348): WP_Hook->apply_filters(NULL, Array)
#2 /wordpress/wp-includes/plugin.php(517): WP_Hook->do_action(Array)
#3 /wordpress/wp-settings.php(727): do_action('init')
#4 /wordpress/wp-config.php(102): require_once('/wordpress/wp-s...')
#5 /wordpress/wp-load.php(50): require_once('/wordpress/wp-c...')
#6 /internal/eval.php(3): require_once('/wordpress/wp-l...')
#7 {main}
  thrown in /wordpress/wp-content/plugins/hcv4-payment-gateway/bundle/custom-bundle-product.php on line 7
[02-Jun-2025 13:02:06 UTC] PHP Fatal error:  Uncaught Error: Class "WC_Product" not found in /wordpress/wp-content/plugins/hcv4-payment-gateway/bundle/custom-bundle-product.php:7
Stack trace:
#0 /wordpress/wp-includes/class-wp-hook.php(324): {closure}('')
#1 /wordpress/wp-includes/class-wp-hook.php(348): WP_Hook->apply_filters(NULL, Array)
#2 /wordpress/wp-includes/plugin.php(517): WP_Hook->do_action(Array)
#3 /wordpress/wp-settings.php(727): do_action('init')
#4 /wordpress/wp-config.php(102): require_once('/wordpress/wp-s...')
#5 /wordpress/wp-load.php(50): require_once('/wordpress/wp-c...')
#6 /internal/eval.php(3): require_once('/wordpress/wp-l...')
#7 {main}
  thrown in /wordpress/wp-content/plugins/hcv4-payment-gateway/bundle/custom-bundle-product.php on line 7
[02-Jun-2025 13:02:16 UTC] PHP Fatal error:  Uncaught Error: Class "WC_Product" not found in /wordpress/wp-content/plugins/hcv4-payment-gateway/bundle/custom-bundle-product.php:7
Stack trace:
#0 /wordpress/wp-includes/class-wp-hook.php(324): {closure}('')
#1 /wordpress/wp-includes/class-wp-hook.php(348): WP_Hook->apply_filters(NULL, Array)
#2 /wordpress/wp-includes/plugin.php(517): WP_Hook->do_action(Array)
#3 /wordpress/wp-settings.php(727): do_action('init')
#4 /wordpress/wp-config.php(102): require_once('/wordpress/wp-s...')
#5 /wordpress/wp-load.php(50): require_once('/wordpress/wp-c...')
#6 /internal/eval.php(3): require_once('/wordpress/wp-l...')
#7 {main}
  thrown in /wordpress/wp-content/plugins/hcv4-payment-gateway/bundle/custom-bundle-product.php on line 7
[02-Jun-2025 13:02:24 UTC] PHP Fatal error:  Uncaught Error: Undefined constant "WPLANG" in /wordpress/wp-content/plugins/head-cleaner/head-cleaner.php:270
Stack trace:
#0 /wordpress/wp-content/plugins/head-cleaner/head-cleaner.php(165): HeadCleaner->_init_options(Array)
#1 /wordpress/wp-content/plugins/head-cleaner/head-cleaner.php(3506): HeadCleaner->__construct(false)
#2 /wordpress/wp-admin/includes/plugin.php(2387): include_once('/wordpress/wp-c...')
#3 /wordpress/wp-admin/includes/plugin.php(673): plugin_sandbox_scrape('head-cleaner/he...')
#4 /internal/eval.php(20): activate_plugin('head-cleaner/he...')
#5 {main}
  thrown in /wordpress/wp-content/plugins/head-cleaner/head-cleaner.php on line 270
[02-Jun-2025 13:02:32 UTC] PHP Fatal error:  Uncaught Error: Undefined constant "WPLANG" in /wordpress/wp-content/plugins/head-cleaner/head-cleaner.php:270
Stack trace:
#0 /wordpress/wp-content/plugins/head-cleaner/head-cleaner.php(165): HeadCleaner->_init_options(Array)
#1 /wordpress/wp-content/plugins/head-cleaner/head-cleaner.php(3506): HeadCleaner->__construct(false)
#2 /wordpress/wp-admin/includes/plugin.php(2387): include_once('/wordpress/wp-c...')
#3 /wordpress/wp-admin/includes/plugin.php(673): plugin_sandbox_scrape('head-cleaner/he...')
#4 /internal/eval.php(20): activate_plugin('head-cleaner/he...')
#5 {main}
  thrown in /wordpress/wp-content/plugins/head-cleaner/head-cleaner.php on line 270
[02-Jun-2025 13:02:40 UTC] PHP Fatal error:  Uncaught Error: Undefined constant "WPLANG" in /wordpress/wp-content/plugins/head-cleaner/head-cleaner.php:270
Stack trace:
#0 /wordpress/wp-content/plugins/head-cleaner/head-cleaner.php(165): HeadCleaner->_init_options(Array)
#1 /wordpress/wp-content/plugins/head-cleaner/head-cleaner.php(3506): HeadCleaner->__construct(false)
#2 /wordpress/wp-admin/includes/plugin.php(2387): include_once('/wordpress/wp-c...')
#3 /wordpress/wp-admin/includes/plugin.php(673): plugin_sandbox_scrape('head-cleaner/he...')
#4 /internal/eval.php(20): activate_plugin('head-cleaner/he...')
#5 {main}
  thrown in /wordpress/wp-content/plugins/head-cleaner/head-cleaner.php on line 270

    at Object.onBind (file:///home/runner/work/playground-tester/playground-tester/node_modules/@wp-playground/cli/index.js:237:15)
    at process.processTicksAndRejections (node:internal/process/task_queues:105:5)
    at async V (file:///home/runner/work/playground-tester/playground-tester/node_modules/@wp-playground/cli/index.js:64:10)
    at async ja (file:///home/runner/work/playground-tester/playground-tester/node_modules/@wp-playground/cli/cli.js:8161:12) {
  [cause]: Error: Error when executing the blueprint step #1 ({"step":"installPlugin","pluginData":{"resource":"wordpress.org/plugins","slug":"head-cleaner"},"options":{"activate":true}}) : PHP.run() failed with exit code 255 and the following output: 
      at Object.run (file:///home/runner/work/playground-tester/playground-tester/node_modules/@wp-playground/blueprints/index.js:12449:19)
      at process.processTicksAndRejections (node:internal/process/task_queues:105:5)
      at async ms (file:///home/runner/work/playground-tester/playground-tester/node_modules/@wp-playground/blueprints/index.js:12552:3)
      ... 2 lines matching cause stack trace ...
      at async ja (file:///home/runner/work/playground-tester/playground-tester/node_modules/@wp-playground/cli/cli.js:8161:12) {
    [cause]: PHPExecutionFailureError: PHP.run() failed with exit code 255 and the following output: 
        at PHP.run (file:///home/runner/work/playground-tester/playground-tester/node_modules/@php-wasm/universal/index.js:987:19)
        at process.processTicksAndRejections (node:internal/process/task_queues:105:5)
        at async wr (file:///home/runner/work/playground-tester/playground-tester/node_modules/@wp-playground/blueprints/index.js:33:39)
        at async Object.gt [as installPlugin] (file:///home/runner/work/playground-tester/playground-tester/node_modules/@wp-playground/blueprints/index.js:974:42)
        at async g (file:///home/runner/work/playground-tester/playground-tester/node_modules/@wp-playground/blueprints/index.js:12517:30)
        at async Object.run (file:///home/runner/work/playground-tester/playground-tester/node_modules/@wp-playground/blueprints/index.js:12446:23)
        at async ms (file:///home/runner/work/playground-tester/playground-tester/node_modules/@wp-playground/blueprints/index.js:12552:3)
        at async Object.onBind (file:///home/runner/work/playground-tester/playground-tester/node_modules/@wp-playground/cli/index.js:227:48)
        at async V (file:///home/runner/work/playground-tester/playground-tester/node_modules/@wp-playground/cli/index.js:64:10)
        at async ja (file:///home/runner/work/playground-tester/playground-tester/node_modules/@wp-playground/cli/cli.js:8161:12) {
      response: PHPResponse {
        httpStatusCode: 500,
        headers: {
          'x-powered-by': [ 'PHP/8.0.30-dev' ],
          'content-type': [ 'text/html; charset=UTF-8' ]
        },
        bytes: Uint8Array(0) [],
        exitCode: 255,
        errors: ''
      },
      source: 'request'
    }
  }
}

Node.js v23.11.0
