file:///home/runner/work/playground-tester/playground-tester/node_modules/@wp-playground/cli/run-cli-j-geJYS3.js:325
        throw new Error($, { cause: h });
              ^

Error: [09-Jul-2025 23:49:57 UTC] PHP Fatal error:  Uncaught Error: Call to undefined function create_function() in /wordpress/wp-content/plugins/openlinks-network/openlinks.php:90
Stack trace:
#0 /wordpress/wp-content/plugins/openlinks-network/loader.php(29): require()
#1 /wordpress/wp-includes/class-wp-hook.php(324): openlinks_init('')
#2 /wordpress/wp-includes/class-wp-hook.php(348): WP_Hook->apply_filters(NULL, Array)
#3 /wordpress/wp-includes/plugin.php(517): WP_Hook->do_action(Array)
#4 /wordpress/wp-settings.php(578): do_action('plugins_loaded')
#5 /wordpress/wp-config.php(102): require_once('/wordpress/wp-s...')
#6 /wordpress/wp-load.php(50): require_once('/wordpress/wp-c...')
#7 /internal/eval.php(3): require_once('/wordpress/wp-l...')
#8 {main}
  thrown in /wordpress/wp-content/plugins/openlinks-network/openlinks.php on line 90
[09-Jul-2025 23:50:07 UTC] PHP Fatal error:  Uncaught Error: Call to undefined function create_function() in /wordpress/wp-content/plugins/openlinks-network/openlinks.php:90
Stack trace:
#0 /wordpress/wp-content/plugins/openlinks-network/loader.php(29): require()
#1 /wordpress/wp-includes/class-wp-hook.php(324): openlinks_init('')
#2 /wordpress/wp-includes/class-wp-hook.php(348): WP_Hook->apply_filters(NULL, Array)
#3 /wordpress/wp-includes/plugin.php(517): WP_Hook->do_action(Array)
#4 /wordpress/wp-settings.php(578): do_action('plugins_loaded')
#5 /wordpress/wp-config.php(102): require_once('/wordpress/wp-s...')
#6 /wordpress/wp-load.php(50): require_once('/wordpress/wp-c...')
#7 /internal/eval.php(3): require_once('/wordpress/wp-l...')
#8 {main}
  thrown in /wordpress/wp-content/plugins/openlinks-network/openlinks.php on line 90
[09-Jul-2025 23:50:16 UTC] PHP Fatal error:  Uncaught Error: Call to undefined function create_function() in /wordpress/wp-content/plugins/openlinks-network/openlinks.php:90
Stack trace:
#0 /wordpress/wp-content/plugins/openlinks-network/loader.php(29): require()
#1 /wordpress/wp-includes/class-wp-hook.php(324): openlinks_init('')
#2 /wordpress/wp-includes/class-wp-hook.php(348): WP_Hook->apply_filters(NULL, Array)
#3 /wordpress/wp-includes/plugin.php(517): WP_Hook->do_action(Array)
#4 /wordpress/wp-settings.php(578): do_action('plugins_loaded')
#5 /wordpress/wp-config.php(102): require_once('/wordpress/wp-s...')
#6 /wordpress/wp-load.php(50): require_once('/wordpress/wp-c...')
#7 /internal/eval.php(3): require_once('/wordpress/wp-l...')
#8 {main}
  thrown in /wordpress/wp-content/plugins/openlinks-network/openlinks.php on line 90
[09-Jul-2025 23:50:57 UTC] [ERROR] Please configure Openpublishing plugin with API Host and Realm ID and Brand name
[09-Jul-2025 23:50:58 UTC] [ERROR] Please configure Openpublishing plugin with API Host and Realm ID and Brand name
[09-Jul-2025 23:51:06 UTC] [ERROR] Please configure Openpublishing plugin with API Host and Realm ID and Brand name
[09-Jul-2025 23:51:07 UTC] [ERROR] Please configure Openpublishing plugin with API Host and Realm ID and Brand name
[09-Jul-2025 23:51:16 UTC] [ERROR] Please configure Openpublishing plugin with API Host and Realm ID and Brand name
[09-Jul-2025 23:51:17 UTC] [ERROR] Please configure Openpublishing plugin with API Host and Realm ID and Brand name
[09-Jul-2025 23:51:26 UTC] PHP Fatal error:  Array and string offset access syntax with curly braces is no longer supported in /wordpress/wp-content/plugins/opensearchserver-search/opensearchserver_admin.php on line 411
[09-Jul-2025 23:51:35 UTC] PHP Fatal error:  Array and string offset access syntax with curly braces is no longer supported in /wordpress/wp-content/plugins/opensearchserver-search/opensearchserver_admin.php on line 411
[09-Jul-2025 23:51:44 UTC] PHP Fatal error:  Array and string offset access syntax with curly braces is no longer supported in /wordpress/wp-content/plugins/opensearchserver-search/opensearchserver_admin.php on line 411
[09-Jul-2025 23:52:25 UTC] PHP Fatal error:  Uncaught Error: Undefined constant "OW_URL" in /wordpress/wp-content/plugins/openwallet/open-wallet.php:28
Stack trace:
#0 /wordpress/wp-admin/includes/plugin.php(2387): include_once()
#1 /wordpress/wp-admin/includes/plugin.php(673): plugin_sandbox_scrape('openwallet/open...')
#2 /internal/eval.php(20): activate_plugin('openwallet/open...')
#3 {main}
  thrown in /wordpress/wp-content/plugins/openwallet/open-wallet.php on line 28
[09-Jul-2025 23:52:34 UTC] PHP Fatal error:  Uncaught Error: Undefined constant "OW_URL" in /wordpress/wp-content/plugins/openwallet/open-wallet.php:28
Stack trace:
#0 /wordpress/wp-admin/includes/plugin.php(2387): include_once()
#1 /wordpress/wp-admin/includes/plugin.php(673): plugin_sandbox_scrape('openwallet/open...')
#2 /internal/eval.php(20): activate_plugin('openwallet/open...')
#3 {main}
  thrown in /wordpress/wp-content/plugins/openwallet/open-wallet.php on line 28
[09-Jul-2025 23:52:42 UTC] PHP Fatal error:  Uncaught Error: Undefined constant "OW_URL" in /wordpress/wp-content/plugins/openwallet/open-wallet.php:28
Stack trace:
#0 /wordpress/wp-admin/includes/plugin.php(2387): include_once()
#1 /wordpress/wp-admin/includes/plugin.php(673): plugin_sandbox_scrape('openwallet/open...')
#2 /internal/eval.php(20): activate_plugin('openwallet/open...')
#3 {main}
  thrown in /wordpress/wp-content/plugins/openwallet/open-wallet.php on line 28

    at Object.onBind (file:///home/runner/work/playground-tester/playground-tester/node_modules/@wp-playground/cli/run-cli-j-geJYS3.js:325:15)
    at process.processTicksAndRejections (node:internal/process/task_queues:105:5)
    at async re (file:///home/runner/work/playground-tester/playground-tester/node_modules/@wp-playground/cli/run-cli-j-geJYS3.js:149:10) {
  [cause]: Error: Error when executing the blueprint step #1 ({"step":"installPlugin","pluginData":{"resource":"wordpress.org/plugins","slug":"openwallet"},"options":{"activate":true}}) : PHP.run() failed with exit code 255 and the following output: 
      at Object.run (file:///home/runner/work/playground-tester/playground-tester/node_modules/@wp-playground/blueprints/index.js:12093:19)
      at process.processTicksAndRejections (node:internal/process/task_queues:105:5)
      at async ys (file:///home/runner/work/playground-tester/playground-tester/node_modules/@wp-playground/blueprints/index.js:12196:3)
      at async Object.onBind (file:///home/runner/work/playground-tester/playground-tester/node_modules/@wp-playground/cli/run-cli-j-geJYS3.js:315:48)
      at async re (file:///home/runner/work/playground-tester/playground-tester/node_modules/@wp-playground/cli/run-cli-j-geJYS3.js:149:10) {
    [cause]: PHPExecutionFailureError: PHP.run() failed with exit code 255 and the following output: 
        at PHP.run (file:///home/runner/work/playground-tester/playground-tester/node_modules/@php-wasm/universal/index.js:1034:19)
        at process.processTicksAndRejections (node:internal/process/task_queues:105:5)
        at async wr (file:///home/runner/work/playground-tester/playground-tester/node_modules/@wp-playground/blueprints/index.js:34:39)
        at async Object.gt [as installPlugin] (file:///home/runner/work/playground-tester/playground-tester/node_modules/@wp-playground/blueprints/index.js:631:42)
        at async g (file:///home/runner/work/playground-tester/playground-tester/node_modules/@wp-playground/blueprints/index.js:12161:30)
        at async Object.run (file:///home/runner/work/playground-tester/playground-tester/node_modules/@wp-playground/blueprints/index.js:12090:23)
        at async ys (file:///home/runner/work/playground-tester/playground-tester/node_modules/@wp-playground/blueprints/index.js:12196:3)
        at async Object.onBind (file:///home/runner/work/playground-tester/playground-tester/node_modules/@wp-playground/cli/run-cli-j-geJYS3.js:315:48)
        at async re (file:///home/runner/work/playground-tester/playground-tester/node_modules/@wp-playground/cli/run-cli-j-geJYS3.js:149:10) {
      response: PHPResponse {
        httpStatusCode: 500,
        headers: {
          'x-powered-by': [ 'PHP/8.0.30-dev' ],
          'content-type': [ 'text/html; charset=UTF-8' ]
        },
        bytes: Uint8Array(0) [],
        exitCode: 255,
        errors: ''
      },
      source: 'request'
    }
  }
}

Node.js v23.11.0
