[
{"message":"file:///home/runner/work/playground-tester/playground-tester/node_modules/@wp-playground/cli/index.js:237\n        throw new Error(y, { cause: u });\n              ^\n","level":"FATAL","type":"PLAYGROUND","test":"jspi-boot","plugin":"fluidbox","details":"file:///home/runner/work/playground-tester/playground-tester/node_modules/@wp-playground/cli/index.js:237\n        throw new Error(y, { cause: u });\n              ^\n","log":"/tmp/tmp.V07Szbrd3E"}
,
{"message":"syntax error, unexpected ')' in /wordpress/wp-content/plugins/fyvent/admin/admin_options.php on line 75","level":"PARSE","type":"PHP","test":"jspi-boot","plugin":"fluidbox","details":"[12-Apr-2025 13:07:31 UTC] PHP Parse error:  syntax error, unexpected ')' in /wordpress/wp-content/plugins/fyvent/admin/admin_options.php on line 75","log":"/logs/plugins/f/fluidbox/error.json"}
,
{"message":"syntax error, unexpected ')' in /wordpress/wp-content/plugins/fyvent/admin/admin_options.php on line 75","level":"PARSE","type":"PHP","test":"jspi-boot","plugin":"fluidbox","details":"[12-Apr-2025 13:07:41 UTC] PHP Parse error:  syntax error, unexpected ')' in /wordpress/wp-content/plugins/fyvent/admin/admin_options.php on line 75","log":"/logs/plugins/f/fluidbox/error.json"}
,
{"message":"syntax error, unexpected ')' in /wordpress/wp-content/plugins/fyvent/admin/admin_options.php on line 75","level":"PARSE","type":"PHP","test":"jspi-boot","plugin":"fluidbox","details":"[12-Apr-2025 13:07:50 UTC] PHP Parse error:  syntax error, unexpected ')' in /wordpress/wp-content/plugins/fyvent/admin/admin_options.php on line 75","log":"/logs/plugins/f/fluidbox/error.json"}
,
{"message":"Declaration of likebutton::widget($args) must be compatible with WP_Widget::widget($args, $instance) in /wordpress/wp-content/plugins/facebook-like-button-widget/facebook-like-button-widget.php on line 77","level":"FATAL","type":"PHP","test":"jspi-boot","plugin":"fluidbox","details":"[12-Apr-2025 13:08:19 UTC] PHP Fatal error:  Declaration of likebutton::widget($args) must be compatible with WP_Widget::widget($args, $instance) in /wordpress/wp-content/plugins/facebook-like-button-widget/facebook-like-button-widget.php on line 77","log":"/logs/plugins/f/fluidbox/error.json"}
,
{"message":"Declaration of likebutton::widget($args) must be compatible with WP_Widget::widget($args, $instance) in /wordpress/wp-content/plugins/facebook-like-button-widget/facebook-like-button-widget.php on line 77","level":"FATAL","type":"PHP","test":"jspi-boot","plugin":"fluidbox","details":"[12-Apr-2025 13:08:28 UTC] PHP Fatal error:  Declaration of likebutton::widget($args) must be compatible with WP_Widget::widget($args, $instance) in /wordpress/wp-content/plugins/facebook-like-button-widget/facebook-like-button-widget.php on line 77","log":"/logs/plugins/f/fluidbox/error.json"}
,
{"message":"Declaration of likebutton::widget($args) must be compatible with WP_Widget::widget($args, $instance) in /wordpress/wp-content/plugins/facebook-like-button-widget/facebook-like-button-widget.php on line 77","level":"FATAL","type":"PHP","test":"jspi-boot","plugin":"fluidbox","details":"[12-Apr-2025 13:08:35 UTC] PHP Fatal error:  Declaration of likebutton::widget($args) must be compatible with WP_Widget::widget($args, $instance) in /wordpress/wp-content/plugins/facebook-like-button-widget/facebook-like-button-widget.php on line 77","log":"/logs/plugins/f/fluidbox/error.json"}
,
{"message":"MySQL field type cannot be translated to SQLite: json.","level":"FATAL","type":"SQL","test":"jspi-boot","plugin":"fluidbox","details":"[12-Apr-2025 13:10:27 UTC] WordPress database error <div style=\"clear:both\">&nbsp;</div>\n<div class=\"queries\" style=\"clear:both;margin-bottom:2px;border:red dotted thin;\">\n<p>MySQL query:</p>\n<p>CREATE TABLE IF NOT EXISTS wp_faire_orders (\n\t\t\t`order_id` varchar(13) NOT NULL,\n\t\t\t`wc_order_id` int(11) NULL,\n\t\t\t`status` varchar(50) NOT NULL,\n\t\t\t`created_at` datetime NOT NULL,\n\t\t\t`updated_at` datetime NOT NULL,\n\t\t\t`processed` boolean DEFAULT FALSE,\n\t\t\t`data` json DEFAULT NULL,\n\t\t\tPRIMARY KEY (order_id)\n\t\t) DEFAULT CHARACTER SET utf8mb4</p>\n<p>Queries made or created this session were:</p>\n<ol>\n<li>Executing: BEGIN | (no parameters)</li>\n<li>Executing: ROLLBACK | (no parameters)</li>\n</ol>\n</div>\n<div style=\"clear:both;margin-bottom:2px;border:red dotted thin;\" class=\"error_message\" style=\"border-bottom:dotted blue thin;\">\nError occurred at line 4117 in Function <code>handle_error</code>. Error message was: MySQL field type cannot be translated to SQLite: json.\n</div>\n<p>Backtrace:</p>\n<pre>#0 /internal/shared/sqlite-database-integration/wp-includes/sqlite/class-wp-sqlite-db.php(287): WP_SQLite_Translator->get_error_message()\n#1 /wordpress/wp-admin/includes/upgrade.php(3271): WP_SQLite_DB->query('CREATE TABLE IF...')\n#2 /wordpress/wp-content/plugins/faire-for-woocommerce/src/class-faire.php(253): dbDelta(Array)\n#3 /wordpress/wp-content/plugins/faire-for-woocommerce/src/class-faire.php(188): Faire\\Wc\\Faire->create_orders_table()\n#4 /wordpress/wp-includes/class-wp-hook.php(324): Faire\\Wc\\Faire->init('')\n#5 /wordpress/wp-includes/class-wp-hook.php(348): WP_Hook->apply_filters(NULL, Array)\n#6 /wordpress/wp-includes/plugin.php(517): WP_Hook->do_action(Array)\n#7 /wordpress/wp-settings.php(704): do_action('init')\n#8 /wordpress/wp-config.php(102): require_once('/wordpress/wp-s...')\n#9 /wordpress/wp-load.php(50): require_once('/wordpress/wp-c...')\n#10 /internal/eval.php(3): require_once('/wordpress/wp-l...')\n#11 {main}</pre>\n for query CREATE TABLE IF NOT EXISTS wp_faire_orders (\n\t\t\t`order_id` varchar(13) NOT NULL,\n\t\t\t`wc_order_id` int(11) NULL,\n\t\t\t`status` varchar(50) NOT NULL,\n\t\t\t`created_at` datetime NOT NULL,\n\t\t\t`updated_at` datetime NOT NULL,\n\t\t\t`processed` boolean DEFAULT FALSE,\n\t\t\t`data` json DEFAULT NULL,\n\t\t\tPRIMARY KEY (order_id)\n\t\t) DEFAULT CHARACTER SET utf8mb4 made by require_once('wp-load.php'), require_once('wp-config.php'), require_once('wp-settings.php'), do_action('init'), WP_Hook->do_action, WP_Hook->apply_filters, Faire\\Wc\\Faire->init, Faire\\Wc\\Faire->create_orders_table, dbDelta, WP_SQLite_DB->query, WP_SQLite_DB->print_error","log":"/logs/plugins/f/fluidbox/error.json"}
,
{"message":"MySQL field type cannot be translated to SQLite: json.","level":"FATAL","type":"SQL","test":"jspi-boot","plugin":"fluidbox","details":"[12-Apr-2025 13:11:08 UTC] WordPress database error <div style=\"clear:both\">&nbsp;</div>\n<div class=\"queries\" style=\"clear:both;margin-bottom:2px;border:red dotted thin;\">\n<p>MySQL query:</p>\n<p>CREATE TABLE IF NOT EXISTS wp_faire_orders (\n\t\t\t`order_id` varchar(13) NOT NULL,\n\t\t\t`wc_order_id` int(11) NULL,\n\t\t\t`status` varchar(50) NOT NULL,\n\t\t\t`created_at` datetime NOT NULL,\n\t\t\t`updated_at` datetime NOT NULL,\n\t\t\t`processed` boolean DEFAULT FALSE,\n\t\t\t`data` json DEFAULT NULL,\n\t\t\tPRIMARY KEY (order_id)\n\t\t) DEFAULT CHARACTER SET utf8mb4</p>\n<p>Queries made or created this session were:</p>\n<ol>\n<li>Executing: BEGIN | (no parameters)</li>\n<li>Executing: ROLLBACK | (no parameters)</li>\n</ol>\n</div>\n<div style=\"clear:both;margin-bottom:2px;border:red dotted thin;\" class=\"error_message\" style=\"border-bottom:dotted blue thin;\">\nError occurred at line 4117 in Function <code>handle_error</code>. Error message was: MySQL field type cannot be translated to SQLite: json.\n</div>\n<p>Backtrace:</p>\n<pre>#0 /internal/shared/sqlite-database-integration/wp-includes/sqlite/class-wp-sqlite-db.php(287): WP_SQLite_Translator->get_error_message()\n#1 /wordpress/wp-admin/includes/upgrade.php(3271): WP_SQLite_DB->query('CREATE TABLE IF...')\n#2 /wordpress/wp-content/plugins/faire-for-woocommerce/src/class-faire.php(253): dbDelta(Array)\n#3 /wordpress/wp-content/plugins/faire-for-woocommerce/src/class-faire.php(188): Faire\\Wc\\Faire->create_orders_table()\n#4 /wordpress/wp-includes/class-wp-hook.php(324): Faire\\Wc\\Faire->init('')\n#5 /wordpress/wp-includes/class-wp-hook.php(348): WP_Hook->apply_filters(NULL, Array)\n#6 /wordpress/wp-includes/plugin.php(517): WP_Hook->do_action(Array)\n#7 /wordpress/wp-settings.php(704): do_action('init')\n#8 /wordpress/wp-config.php(102): require_once('/wordpress/wp-s...')\n#9 /wordpress/wp-load.php(50): require_once('/wordpress/wp-c...')\n#10 /internal/eval.php(3): require_once('/wordpress/wp-l...')\n#11 {main}</pre>\n for query CREATE TABLE IF NOT EXISTS wp_faire_orders (\n\t\t\t`order_id` varchar(13) NOT NULL,\n\t\t\t`wc_order_id` int(11) NULL,\n\t\t\t`status` varchar(50) NOT NULL,\n\t\t\t`created_at` datetime NOT NULL,\n\t\t\t`updated_at` datetime NOT NULL,\n\t\t\t`processed` boolean DEFAULT FALSE,\n\t\t\t`data` json DEFAULT NULL,\n\t\t\tPRIMARY KEY (order_id)\n\t\t) DEFAULT CHARACTER SET utf8mb4 made by require_once('wp-load.php'), require_once('wp-config.php'), require_once('wp-settings.php'), do_action('init'), WP_Hook->do_action, WP_Hook->apply_filters, Faire\\Wc\\Faire->init, Faire\\Wc\\Faire->create_orders_table, dbDelta, WP_SQLite_DB->query, WP_SQLite_DB->print_error","log":"/logs/plugins/f/fluidbox/error.json"}
,
{"message":"Uncaught PDOException: SQLSTATE[HY000] [2002] Address family not supported by protocol in /wordpress/wp-content/plugins/firestudio/shared/init.php:20","level":"FATAL","type":"PHP","test":"jspi-boot","plugin":"fluidbox","details":"[12-Apr-2025 13:11:45 UTC] PHP Fatal error:  Uncaught PDOException: SQLSTATE[HY000] [2002] Address family not supported by protocol in /wordpress/wp-content/plugins/firestudio/shared/init.php:20\nStack trace:\n#0 /wordpress/wp-content/plugins/firestudio/shared/init.php(20): PDO->__construct('mysql:host=loca...', 'username_here', 'password_here')\n#1 /wordpress/wp-content/plugins/firestudio/shared/autoload.php(42): require_once('/wordpress/wp-c...')\n#2 /wordpress/wp-content/plugins/firestudio/plugin.php(48): require_once('/wordpress/wp-c...')\n#3 /wordpress/wp-admin/includes/plugin.php(2387): include_once('/wordpress/wp-c...')\n#4 /wordpress/wp-admin/includes/plugin.php(673): plugin_sandbox_scrape('firestudio/plug...')\n#5 /internal/eval.php(20): activate_plugin('firestudio/plug...')\n#6 {main}\n  thrown in /wordpress/wp-content/plugins/firestudio/shared/init.php on line 20","log":"/logs/plugins/f/fluidbox/error.json"}
,
{"message":"Uncaught PDOException: SQLSTATE[HY000] [2002] Address family not supported by protocol in /wordpress/wp-content/plugins/firestudio/shared/init.php:20","level":"FATAL","type":"PHP","test":"jspi-boot","plugin":"fluidbox","details":"[12-Apr-2025 13:11:53 UTC] PHP Fatal error:  Uncaught PDOException: SQLSTATE[HY000] [2002] Address family not supported by protocol in /wordpress/wp-content/plugins/firestudio/shared/init.php:20\nStack trace:\n#0 /wordpress/wp-content/plugins/firestudio/shared/init.php(20): PDO->__construct('mysql:host=loca...', 'username_here', 'password_here')\n#1 /wordpress/wp-content/plugins/firestudio/shared/autoload.php(42): require_once('/wordpress/wp-c...')\n#2 /wordpress/wp-content/plugins/firestudio/plugin.php(48): require_once('/wordpress/wp-c...')\n#3 /wordpress/wp-admin/includes/plugin.php(2387): include_once('/wordpress/wp-c...')\n#4 /wordpress/wp-admin/includes/plugin.php(673): plugin_sandbox_scrape('firestudio/plug...')\n#5 /internal/eval.php(20): activate_plugin('firestudio/plug...')\n#6 {main}\n  thrown in /wordpress/wp-content/plugins/firestudio/shared/init.php on line 20","log":"/logs/plugins/f/fluidbox/error.json"}
,
{"message":"Uncaught PDOException: SQLSTATE[HY000] [2002] Address family not supported by protocol in /wordpress/wp-content/plugins/firestudio/shared/init.php:20","level":"FATAL","type":"PHP","test":"jspi-boot","plugin":"fluidbox","details":"[12-Apr-2025 13:12:01 UTC] PHP Fatal error:  Uncaught PDOException: SQLSTATE[HY000] [2002] Address family not supported by protocol in /wordpress/wp-content/plugins/firestudio/shared/init.php:20\nStack trace:\n#0 /wordpress/wp-content/plugins/firestudio/shared/init.php(20): PDO->__construct('mysql:host=loca...', 'username_here', 'password_here')\n#1 /wordpress/wp-content/plugins/firestudio/shared/autoload.php(42): require_once('/wordpress/wp-c...')\n#2 /wordpress/wp-content/plugins/firestudio/plugin.php(48): require_once('/wordpress/wp-c...')\n#3 /wordpress/wp-admin/includes/plugin.php(2387): include_once('/wordpress/wp-c...')\n#4 /wordpress/wp-admin/includes/plugin.php(673): plugin_sandbox_scrape('firestudio/plug...')\n#5 /internal/eval.php(20): activate_plugin('firestudio/plug...')\n#6 {main}\n  thrown in /wordpress/wp-content/plugins/firestudio/shared/init.php on line 20","log":"/logs/plugins/f/fluidbox/error.json"}
,
{"message":"Trying to access array offset on value of type bool in /wordpress/wp-content/plugins/flash-sale-boost-woocommerce/Code/Flash_sbWoo.php on line 35","level":"WARNING","type":"PHP","test":"jspi-boot","plugin":"fluidbox","details":"[12-Apr-2025 13:12:10 UTC] PHP Warning:  Trying to access array offset on value of type bool in /wordpress/wp-content/plugins/flash-sale-boost-woocommerce/Code/Flash_sbWoo.php on line 35","log":"/logs/plugins/f/fluidbox/error.json"}
,
{"message":"Trying to access array offset on value of type bool in /wordpress/wp-content/plugins/flash-sale-boost-woocommerce/Code/Flash_sbWoo.php on line 35","level":"WARNING","type":"PHP","test":"jspi-boot","plugin":"fluidbox","details":"[12-Apr-2025 13:12:11 UTC] PHP Warning:  Trying to access array offset on value of type bool in /wordpress/wp-content/plugins/flash-sale-boost-woocommerce/Code/Flash_sbWoo.php on line 35","log":"/logs/plugins/f/fluidbox/error.json"}
,
{"message":"Trying to access array offset on value of type bool in /wordpress/wp-content/plugins/flash-sale-boost-woocommerce/Code/Flash_sbWoo.php on line 35","level":"WARNING","type":"PHP","test":"jspi-boot","plugin":"fluidbox","details":"[12-Apr-2025 13:12:19 UTC] PHP Warning:  Trying to access array offset on value of type bool in /wordpress/wp-content/plugins/flash-sale-boost-woocommerce/Code/Flash_sbWoo.php on line 35","log":"/logs/plugins/f/fluidbox/error.json"}
,
{"message":"Trying to access array offset on value of type bool in /wordpress/wp-content/plugins/flash-sale-boost-woocommerce/Code/Flash_sbWoo.php on line 35","level":"WARNING","type":"PHP","test":"jspi-boot","plugin":"fluidbox","details":"[12-Apr-2025 13:12:20 UTC] PHP Warning:  Trying to access array offset on value of type bool in /wordpress/wp-content/plugins/flash-sale-boost-woocommerce/Code/Flash_sbWoo.php on line 35","log":"/logs/plugins/f/fluidbox/error.json"}
,
{"message":"Trying to access array offset on value of type bool in /wordpress/wp-content/plugins/flash-sale-boost-woocommerce/Code/Flash_sbWoo.php on line 35","level":"WARNING","type":"PHP","test":"jspi-boot","plugin":"fluidbox","details":"[12-Apr-2025 13:12:28 UTC] PHP Warning:  Trying to access array offset on value of type bool in /wordpress/wp-content/plugins/flash-sale-boost-woocommerce/Code/Flash_sbWoo.php on line 35","log":"/logs/plugins/f/fluidbox/error.json"}
,
{"message":"Trying to access array offset on value of type bool in /wordpress/wp-content/plugins/flash-sale-boost-woocommerce/Code/Flash_sbWoo.php on line 35","level":"WARNING","type":"PHP","test":"jspi-boot","plugin":"fluidbox","details":"[12-Apr-2025 13:12:29 UTC] PHP Warning:  Trying to access array offset on value of type bool in /wordpress/wp-content/plugins/flash-sale-boost-woocommerce/Code/Flash_sbWoo.php on line 35\n\n    at Object.onBind (file:///home/runner/work/playground-tester/playground-tester/node_modules/@wp-playground/cli/index.js:237:15)\n    at process.processTicksAndRejections (node:internal/process/task_queues:105:5)\n    at async V (file:///home/runner/work/playground-tester/playground-tester/node_modules/@wp-playground/cli/index.js:64:10)\n    at async ja (file:///home/runner/work/playground-tester/playground-tester/node_modules/@wp-playground/cli/cli.js:8161:12) {\n  [cause]: Error: Error when executing the blueprint step #1 ({\"step\":\"installPlugin\",\"pluginData\":{\"resource\":\"wordpress.org/plugins\",\"slug\":\"fluidbox\"},\"options\":{\"activate\":true}}) : Plugin /wordpress/wp-content/plugins/fluidbox could not be activated – WordPress exited with no error. Sometimes, when $_SERVER or site options are not configured correctly, WordPress exits early with a 301 redirect. Inspect the \"debug\" logs in the console for more details.\n      at Object.run (file:///home/runner/work/playground-tester/playground-tester/node_modules/@wp-playground/blueprints/index.js:12449:19)\n      at process.processTicksAndRejections (node:internal/process/task_queues:105:5)\n      at async ms (file:///home/runner/work/playground-tester/playground-tester/node_modules/@wp-playground/blueprints/index.js:12552:3)\n      ... 2 lines matching cause stack trace ...\n      at async ja (file:///home/runner/work/playground-tester/playground-tester/node_modules/@wp-playground/cli/cli.js:8161:12) {\n    [cause]: Error: Plugin /wordpress/wp-content/plugins/fluidbox could not be activated – WordPress exited with no error. Sometimes, when $_SERVER or site options are not configured correctly, WordPress exits early with a 301 redirect. Inspect the \"debug\" logs in the console for more details.\n        at wr (file:///home/runner/work/playground-tester/playground-tester/node_modules/@wp-playground/blueprints/index.js:119:51)\n        at process.processTicksAndRejections (node:internal/process/task_queues:105:5)\n        at async Object.gt [as installPlugin] (file:///home/runner/work/playground-tester/playground-tester/node_modules/@wp-playground/blueprints/index.js:974:42)\n        at async g (file:///home/runner/work/playground-tester/playground-tester/node_modules/@wp-playground/blueprints/index.js:12517:30)\n        at async Object.run (file:///home/runner/work/playground-tester/playground-tester/node_modules/@wp-playground/blueprints/index.js:12446:23)\n        at async ms (file:///home/runner/work/playground-tester/playground-tester/node_modules/@wp-playground/blueprints/index.js:12552:3)\n        at async Object.onBind (file:///home/runner/work/playground-tester/playground-tester/node_modules/@wp-playground/cli/index.js:227:48)\n        at async V (file:///home/runner/work/playground-tester/playground-tester/node_modules/@wp-playground/cli/index.js:64:10)\n        at async ja (file:///home/runner/work/playground-tester/playground-tester/node_modules/@wp-playground/cli/cli.js:8161:12)\n  }\n}\n\n","log":"/logs/plugins/f/fluidbox/error.json"}
]
