[
  {
    "message": "file:///home/runner/work/playground-tester/playground-tester/node_modules/@wp-playground/cli/index.js:237\n        throw new Error(y, { cause: u });\n              ^\n",
    "level": "FATAL",
    "type": "PLAYGROUND",
    "test": "ast-sqlite-boot",
    "plugin": "fix-structured-data-errors",
    "details": "file:///home/runner/work/playground-tester/playground-tester/node_modules/@wp-playground/cli/index.js:237\n        throw new Error(y, { cause: u });\n              ^\n",
    "log": "/tmp/tmp.jpDFN0lEhv"
  },
  {
    "message": "Undefined array key \"REMOTE_ADDR\" in /wordpress/wp-content/plugins/finch/finch.php on line 23",
    "level": "WARNING",
    "type": "PHP",
    "test": "ast-sqlite-boot",
    "plugin": "fix-structured-data-errors",
    "details": "[22-May-2025 04:34:32 UTC] PHP Warning:  Undefined array key \"REMOTE_ADDR\" in /wordpress/wp-content/plugins/finch/finch.php on line 23",
    "log": "/logs/plugins/f/fix-structured-data-errors/error.json"
  },
  {
    "message": "Undefined array key \"REMOTE_ADDR\" in /wordpress/wp-content/plugins/finch/finch.php on line 23",
    "level": "WARNING",
    "type": "PHP",
    "test": "ast-sqlite-boot",
    "plugin": "fix-structured-data-errors",
    "details": "[22-May-2025 04:34:33 UTC] PHP Warning:  Undefined array key \"REMOTE_ADDR\" in /wordpress/wp-content/plugins/finch/finch.php on line 23",
    "log": "/logs/plugins/f/fix-structured-data-errors/error.json"
  },
  {
    "message": "[22-May-2025 04:34:33 UTC] Exception: cURL error 35: OpenSSL SSL_connect: SSL_ERROR_SYSCALL in connection to api.finch.io:443  in /wordpress/wp-content/plugins/finch/api/finch_api_client.class.php:73\nStack trace:\n#0 /wordpress/wp-content/plugins/finch/api/finch_api_client.class.php(208): FinchApiClient->get('/config/snippet')\n#1 /wordpress/wp-content/plugins/finch/classes/finch.class.php(104): FinchApiClient->getSnippetData()\n#2 /wordpress/wp-includes/class-wp-hook.php(324): Finch->finchInit('')\n#3 /wordpress/wp-includes/class-wp-hook.php(348): WP_Hook->apply_filters(NULL, Array)\n#4 /wordpress/wp-includes/plugin.php(517): WP_Hook->do_action(Array)\n#5 /wordpress/wp-settings.php(727): do_action('init')\n#6 /wordpress/wp-config.php(102): require_once('/wordpress/wp-s...')\n#7 /wordpress/wp-load.php(50): require_once('/wordpress/wp-c...')\n#8 /internal/eval.php(3): require_once('/wordpress/wp-l...')\n#9 {main}",
    "level": "INFO",
    "type": "OTHER",
    "test": "ast-sqlite-boot",
    "plugin": "fix-structured-data-errors",
    "details": "[22-May-2025 04:34:33 UTC] Exception: cURL error 35: OpenSSL SSL_connect: SSL_ERROR_SYSCALL in connection to api.finch.io:443  in /wordpress/wp-content/plugins/finch/api/finch_api_client.class.php:73\nStack trace:\n#0 /wordpress/wp-content/plugins/finch/api/finch_api_client.class.php(208): FinchApiClient->get('/config/snippet')\n#1 /wordpress/wp-content/plugins/finch/classes/finch.class.php(104): FinchApiClient->getSnippetData()\n#2 /wordpress/wp-includes/class-wp-hook.php(324): Finch->finchInit('')\n#3 /wordpress/wp-includes/class-wp-hook.php(348): WP_Hook->apply_filters(NULL, Array)\n#4 /wordpress/wp-includes/plugin.php(517): WP_Hook->do_action(Array)\n#5 /wordpress/wp-settings.php(727): do_action('init')\n#6 /wordpress/wp-config.php(102): require_once('/wordpress/wp-s...')\n#7 /wordpress/wp-load.php(50): require_once('/wordpress/wp-c...')\n#8 /internal/eval.php(3): require_once('/wordpress/wp-l...')\n#9 {main}",
    "log": "/logs/plugins/f/fix-structured-data-errors/error.json"
  },
  {
    "message": "Attempt to read property \"version\" on bool in /wordpress/wp-content/plugins/finch/classes/finch.class.php on line 106",
    "level": "WARNING",
    "type": "PHP",
    "test": "ast-sqlite-boot",
    "plugin": "fix-structured-data-errors",
    "details": "[22-May-2025 04:34:33 UTC] PHP Warning:  Attempt to read property \"version\" on bool in /wordpress/wp-content/plugins/finch/classes/finch.class.php on line 106",
    "log": "/logs/plugins/f/fix-structured-data-errors/error.json"
  },
  {
    "message": "Attempt to read property \"version\" on bool in /wordpress/wp-content/plugins/finch/classes/finch.class.php on line 107",
    "level": "WARNING",
    "type": "PHP",
    "test": "ast-sqlite-boot",
    "plugin": "fix-structured-data-errors",
    "details": "[22-May-2025 04:34:33 UTC] PHP Warning:  Attempt to read property \"version\" on bool in /wordpress/wp-content/plugins/finch/classes/finch.class.php on line 107",
    "log": "/logs/plugins/f/fix-structured-data-errors/error.json"
  },
  {
    "message": "Attempt to read property \"version\" on bool in /wordpress/wp-content/plugins/finch/classes/finch.class.php on line 108",
    "level": "WARNING",
    "type": "PHP",
    "test": "ast-sqlite-boot",
    "plugin": "fix-structured-data-errors",
    "details": "[22-May-2025 04:34:33 UTC] PHP Warning:  Attempt to read property \"version\" on bool in /wordpress/wp-content/plugins/finch/classes/finch.class.php on line 108",
    "log": "/logs/plugins/f/fix-structured-data-errors/error.json"
  },
  {
    "message": "Undefined array key \"REMOTE_ADDR\" in /wordpress/wp-content/plugins/finch/finch.php on line 23",
    "level": "WARNING",
    "type": "PHP",
    "test": "ast-sqlite-boot",
    "plugin": "fix-structured-data-errors",
    "details": "[22-May-2025 04:34:41 UTC] PHP Warning:  Undefined array key \"REMOTE_ADDR\" in /wordpress/wp-content/plugins/finch/finch.php on line 23",
    "log": "/logs/plugins/f/fix-structured-data-errors/error.json"
  },
  {
    "message": "Undefined array key \"REMOTE_ADDR\" in /wordpress/wp-content/plugins/finch/finch.php on line 23",
    "level": "WARNING",
    "type": "PHP",
    "test": "ast-sqlite-boot",
    "plugin": "fix-structured-data-errors",
    "details": "[22-May-2025 04:34:42 UTC] PHP Warning:  Undefined array key \"REMOTE_ADDR\" in /wordpress/wp-content/plugins/finch/finch.php on line 23",
    "log": "/logs/plugins/f/fix-structured-data-errors/error.json"
  },
  {
    "message": "[22-May-2025 04:34:42 UTC] Exception: cURL error 35: OpenSSL SSL_connect: SSL_ERROR_SYSCALL in connection to api.finch.io:443  in /wordpress/wp-content/plugins/finch/api/finch_api_client.class.php:73\nStack trace:\n#0 /wordpress/wp-content/plugins/finch/api/finch_api_client.class.php(208): FinchApiClient->get('/config/snippet')\n#1 /wordpress/wp-content/plugins/finch/classes/finch.class.php(104): FinchApiClient->getSnippetData()\n#2 /wordpress/wp-includes/class-wp-hook.php(324): Finch->finchInit('')\n#3 /wordpress/wp-includes/class-wp-hook.php(348): WP_Hook->apply_filters(NULL, Array)\n#4 /wordpress/wp-includes/plugin.php(517): WP_Hook->do_action(Array)\n#5 /wordpress/wp-settings.php(727): do_action('init')\n#6 /wordpress/wp-config.php(102): require_once('/wordpress/wp-s...')\n#7 /wordpress/wp-load.php(50): require_once('/wordpress/wp-c...')\n#8 /internal/eval.php(3): require_once('/wordpress/wp-l...')\n#9 {main}",
    "level": "INFO",
    "type": "OTHER",
    "test": "ast-sqlite-boot",
    "plugin": "fix-structured-data-errors",
    "details": "[22-May-2025 04:34:42 UTC] Exception: cURL error 35: OpenSSL SSL_connect: SSL_ERROR_SYSCALL in connection to api.finch.io:443  in /wordpress/wp-content/plugins/finch/api/finch_api_client.class.php:73\nStack trace:\n#0 /wordpress/wp-content/plugins/finch/api/finch_api_client.class.php(208): FinchApiClient->get('/config/snippet')\n#1 /wordpress/wp-content/plugins/finch/classes/finch.class.php(104): FinchApiClient->getSnippetData()\n#2 /wordpress/wp-includes/class-wp-hook.php(324): Finch->finchInit('')\n#3 /wordpress/wp-includes/class-wp-hook.php(348): WP_Hook->apply_filters(NULL, Array)\n#4 /wordpress/wp-includes/plugin.php(517): WP_Hook->do_action(Array)\n#5 /wordpress/wp-settings.php(727): do_action('init')\n#6 /wordpress/wp-config.php(102): require_once('/wordpress/wp-s...')\n#7 /wordpress/wp-load.php(50): require_once('/wordpress/wp-c...')\n#8 /internal/eval.php(3): require_once('/wordpress/wp-l...')\n#9 {main}",
    "log": "/logs/plugins/f/fix-structured-data-errors/error.json"
  },
  {
    "message": "Attempt to read property \"version\" on bool in /wordpress/wp-content/plugins/finch/classes/finch.class.php on line 106",
    "level": "WARNING",
    "type": "PHP",
    "test": "ast-sqlite-boot",
    "plugin": "fix-structured-data-errors",
    "details": "[22-May-2025 04:34:42 UTC] PHP Warning:  Attempt to read property \"version\" on bool in /wordpress/wp-content/plugins/finch/classes/finch.class.php on line 106",
    "log": "/logs/plugins/f/fix-structured-data-errors/error.json"
  },
  {
    "message": "Attempt to read property \"version\" on bool in /wordpress/wp-content/plugins/finch/classes/finch.class.php on line 107",
    "level": "WARNING",
    "type": "PHP",
    "test": "ast-sqlite-boot",
    "plugin": "fix-structured-data-errors",
    "details": "[22-May-2025 04:34:42 UTC] PHP Warning:  Attempt to read property \"version\" on bool in /wordpress/wp-content/plugins/finch/classes/finch.class.php on line 107",
    "log": "/logs/plugins/f/fix-structured-data-errors/error.json"
  },
  {
    "message": "Attempt to read property \"version\" on bool in /wordpress/wp-content/plugins/finch/classes/finch.class.php on line 108",
    "level": "WARNING",
    "type": "PHP",
    "test": "ast-sqlite-boot",
    "plugin": "fix-structured-data-errors",
    "details": "[22-May-2025 04:34:42 UTC] PHP Warning:  Attempt to read property \"version\" on bool in /wordpress/wp-content/plugins/finch/classes/finch.class.php on line 108",
    "log": "/logs/plugins/f/fix-structured-data-errors/error.json"
  },
  {
    "message": "Undefined array key \"REMOTE_ADDR\" in /wordpress/wp-content/plugins/finch/finch.php on line 23",
    "level": "WARNING",
    "type": "PHP",
    "test": "ast-sqlite-boot",
    "plugin": "fix-structured-data-errors",
    "details": "[22-May-2025 04:34:51 UTC] PHP Warning:  Undefined array key \"REMOTE_ADDR\" in /wordpress/wp-content/plugins/finch/finch.php on line 23",
    "log": "/logs/plugins/f/fix-structured-data-errors/error.json"
  },
  {
    "message": "Undefined array key \"REMOTE_ADDR\" in /wordpress/wp-content/plugins/finch/finch.php on line 23",
    "level": "WARNING",
    "type": "PHP",
    "test": "ast-sqlite-boot",
    "plugin": "fix-structured-data-errors",
    "details": "[22-May-2025 04:34:52 UTC] PHP Warning:  Undefined array key \"REMOTE_ADDR\" in /wordpress/wp-content/plugins/finch/finch.php on line 23",
    "log": "/logs/plugins/f/fix-structured-data-errors/error.json"
  },
  {
    "message": "[22-May-2025 04:34:52 UTC] Exception: cURL error 35: OpenSSL SSL_connect: SSL_ERROR_SYSCALL in connection to api.finch.io:443  in /wordpress/wp-content/plugins/finch/api/finch_api_client.class.php:73\nStack trace:\n#0 /wordpress/wp-content/plugins/finch/api/finch_api_client.class.php(208): FinchApiClient->get('/config/snippet')\n#1 /wordpress/wp-content/plugins/finch/classes/finch.class.php(104): FinchApiClient->getSnippetData()\n#2 /wordpress/wp-includes/class-wp-hook.php(324): Finch->finchInit('')\n#3 /wordpress/wp-includes/class-wp-hook.php(348): WP_Hook->apply_filters(NULL, Array)\n#4 /wordpress/wp-includes/plugin.php(517): WP_Hook->do_action(Array)\n#5 /wordpress/wp-settings.php(727): do_action('init')\n#6 /wordpress/wp-config.php(102): require_once('/wordpress/wp-s...')\n#7 /wordpress/wp-load.php(50): require_once('/wordpress/wp-c...')\n#8 /internal/eval.php(3): require_once('/wordpress/wp-l...')\n#9 {main}",
    "level": "INFO",
    "type": "OTHER",
    "test": "ast-sqlite-boot",
    "plugin": "fix-structured-data-errors",
    "details": "[22-May-2025 04:34:52 UTC] Exception: cURL error 35: OpenSSL SSL_connect: SSL_ERROR_SYSCALL in connection to api.finch.io:443  in /wordpress/wp-content/plugins/finch/api/finch_api_client.class.php:73\nStack trace:\n#0 /wordpress/wp-content/plugins/finch/api/finch_api_client.class.php(208): FinchApiClient->get('/config/snippet')\n#1 /wordpress/wp-content/plugins/finch/classes/finch.class.php(104): FinchApiClient->getSnippetData()\n#2 /wordpress/wp-includes/class-wp-hook.php(324): Finch->finchInit('')\n#3 /wordpress/wp-includes/class-wp-hook.php(348): WP_Hook->apply_filters(NULL, Array)\n#4 /wordpress/wp-includes/plugin.php(517): WP_Hook->do_action(Array)\n#5 /wordpress/wp-settings.php(727): do_action('init')\n#6 /wordpress/wp-config.php(102): require_once('/wordpress/wp-s...')\n#7 /wordpress/wp-load.php(50): require_once('/wordpress/wp-c...')\n#8 /internal/eval.php(3): require_once('/wordpress/wp-l...')\n#9 {main}",
    "log": "/logs/plugins/f/fix-structured-data-errors/error.json"
  },
  {
    "message": "Attempt to read property \"version\" on bool in /wordpress/wp-content/plugins/finch/classes/finch.class.php on line 106",
    "level": "WARNING",
    "type": "PHP",
    "test": "ast-sqlite-boot",
    "plugin": "fix-structured-data-errors",
    "details": "[22-May-2025 04:34:52 UTC] PHP Warning:  Attempt to read property \"version\" on bool in /wordpress/wp-content/plugins/finch/classes/finch.class.php on line 106",
    "log": "/logs/plugins/f/fix-structured-data-errors/error.json"
  },
  {
    "message": "Attempt to read property \"version\" on bool in /wordpress/wp-content/plugins/finch/classes/finch.class.php on line 107",
    "level": "WARNING",
    "type": "PHP",
    "test": "ast-sqlite-boot",
    "plugin": "fix-structured-data-errors",
    "details": "[22-May-2025 04:34:52 UTC] PHP Warning:  Attempt to read property \"version\" on bool in /wordpress/wp-content/plugins/finch/classes/finch.class.php on line 107",
    "log": "/logs/plugins/f/fix-structured-data-errors/error.json"
  },
  {
    "message": "Attempt to read property \"version\" on bool in /wordpress/wp-content/plugins/finch/classes/finch.class.php on line 108",
    "level": "WARNING",
    "type": "PHP",
    "test": "ast-sqlite-boot",
    "plugin": "fix-structured-data-errors",
    "details": "[22-May-2025 04:34:52 UTC] PHP Warning:  Attempt to read property \"version\" on bool in /wordpress/wp-content/plugins/finch/classes/finch.class.php on line 108",
    "log": "/logs/plugins/f/fix-structured-data-errors/error.json"
  },
  {
    "message": "Accessing static property FullCall::$basename as non static in /wordpress/wp-content/plugins/fullcall/fullcall.php on line 24",
    "level": "NOTICE",
    "type": "PHP",
    "test": "ast-sqlite-boot",
    "plugin": "fix-structured-data-errors",
    "details": "[22-May-2025 04:35:02 UTC] PHP Notice:  Accessing static property FullCall::$basename as non static in /wordpress/wp-content/plugins/fullcall/fullcall.php on line 24",
    "log": "/logs/plugins/f/fix-structured-data-errors/error.json"
  },
  {
    "message": "Function register_uninstall_hook was called <strong>incorrectly</strong>. Only a static class method or function can be used in an uninstall hook. Please see <a href=\"https://developer.wordpress.org/advanced-administration/debug/debug-wordpress/\">Debugging in WordPress</a> for more information. (This message was added in version 3.1.0.) in /wordpress/wp-includes/functions.php on line 6121",
    "level": "NOTICE",
    "type": "PHP",
    "test": "ast-sqlite-boot",
    "plugin": "fix-structured-data-errors",
    "details": "[22-May-2025 04:35:02 UTC] PHP Notice:  Function register_uninstall_hook was called <strong>incorrectly</strong>. Only a static class method or function can be used in an uninstall hook. Please see <a href=\"https://developer.wordpress.org/advanced-administration/debug/debug-wordpress/\">Debugging in WordPress</a> for more information. (This message was added in version 3.1.0.) in /wordpress/wp-includes/functions.php on line 6121",
    "log": "/logs/plugins/f/fix-structured-data-errors/error.json"
  },
  {
    "message": "Accessing static property FullCall::$basename as non static in /wordpress/wp-content/plugins/fullcall/fullcall.php on line 41",
    "level": "NOTICE",
    "type": "PHP",
    "test": "ast-sqlite-boot",
    "plugin": "fix-structured-data-errors",
    "details": "[22-May-2025 04:35:02 UTC] PHP Notice:  Accessing static property FullCall::$basename as non static in /wordpress/wp-content/plugins/fullcall/fullcall.php on line 41",
    "log": "/logs/plugins/f/fix-structured-data-errors/error.json"
  },
  {
    "message": "Uncaught Error: Cannot use object of type WP_Error as array in /wordpress/wp-content/plugins/fullcall/fullcall.php:211",
    "level": "FATAL",
    "type": "PHP",
    "test": "ast-sqlite-boot",
    "plugin": "fix-structured-data-errors",
    "details": "[22-May-2025 04:35:02 UTC] PHP Fatal error:  Uncaught Error: Cannot use object of type WP_Error as array in /wordpress/wp-content/plugins/fullcall/fullcall.php:211\nStack trace:\n#0 /wordpress/wp-includes/class-wp-hook.php(324): FullCall->install(false)\n#1 /wordpress/wp-includes/class-wp-hook.php(348): WP_Hook->apply_filters('', Array)\n#2 /wordpress/wp-includes/plugin.php(517): WP_Hook->do_action(Array)\n#3 /wordpress/wp-admin/includes/plugin.php(703): do_action('activate_fullca...', false)\n#4 /internal/eval.php(20): activate_plugin('fullcall/fullca...')\n#5 {main}\n  thrown in /wordpress/wp-content/plugins/fullcall/fullcall.php on line 211",
    "log": "/logs/plugins/f/fix-structured-data-errors/error.json"
  },
  {
    "message": "Accessing static property FullCall::$basename as non static in /wordpress/wp-content/plugins/fullcall/fullcall.php on line 24",
    "level": "NOTICE",
    "type": "PHP",
    "test": "ast-sqlite-boot",
    "plugin": "fix-structured-data-errors",
    "details": "[22-May-2025 04:35:10 UTC] PHP Notice:  Accessing static property FullCall::$basename as non static in /wordpress/wp-content/plugins/fullcall/fullcall.php on line 24",
    "log": "/logs/plugins/f/fix-structured-data-errors/error.json"
  },
  {
    "message": "Function register_uninstall_hook was called <strong>incorrectly</strong>. Only a static class method or function can be used in an uninstall hook. Please see <a href=\"https://developer.wordpress.org/advanced-administration/debug/debug-wordpress/\">Debugging in WordPress</a> for more information. (This message was added in version 3.1.0.) in /wordpress/wp-includes/functions.php on line 6121",
    "level": "NOTICE",
    "type": "PHP",
    "test": "ast-sqlite-boot",
    "plugin": "fix-structured-data-errors",
    "details": "[22-May-2025 04:35:10 UTC] PHP Notice:  Function register_uninstall_hook was called <strong>incorrectly</strong>. Only a static class method or function can be used in an uninstall hook. Please see <a href=\"https://developer.wordpress.org/advanced-administration/debug/debug-wordpress/\">Debugging in WordPress</a> for more information. (This message was added in version 3.1.0.) in /wordpress/wp-includes/functions.php on line 6121",
    "log": "/logs/plugins/f/fix-structured-data-errors/error.json"
  },
  {
    "message": "Accessing static property FullCall::$basename as non static in /wordpress/wp-content/plugins/fullcall/fullcall.php on line 41",
    "level": "NOTICE",
    "type": "PHP",
    "test": "ast-sqlite-boot",
    "plugin": "fix-structured-data-errors",
    "details": "[22-May-2025 04:35:10 UTC] PHP Notice:  Accessing static property FullCall::$basename as non static in /wordpress/wp-content/plugins/fullcall/fullcall.php on line 41",
    "log": "/logs/plugins/f/fix-structured-data-errors/error.json"
  },
  {
    "message": "Uncaught Error: Cannot use object of type WP_Error as array in /wordpress/wp-content/plugins/fullcall/fullcall.php:211",
    "level": "FATAL",
    "type": "PHP",
    "test": "ast-sqlite-boot",
    "plugin": "fix-structured-data-errors",
    "details": "[22-May-2025 04:35:10 UTC] PHP Fatal error:  Uncaught Error: Cannot use object of type WP_Error as array in /wordpress/wp-content/plugins/fullcall/fullcall.php:211\nStack trace:\n#0 /wordpress/wp-includes/class-wp-hook.php(324): FullCall->install(false)\n#1 /wordpress/wp-includes/class-wp-hook.php(348): WP_Hook->apply_filters('', Array)\n#2 /wordpress/wp-includes/plugin.php(517): WP_Hook->do_action(Array)\n#3 /wordpress/wp-admin/includes/plugin.php(703): do_action('activate_fullca...', false)\n#4 /internal/eval.php(20): activate_plugin('fullcall/fullca...')\n#5 {main}\n  thrown in /wordpress/wp-content/plugins/fullcall/fullcall.php on line 211",
    "log": "/logs/plugins/f/fix-structured-data-errors/error.json"
  },
  {
    "message": "Accessing static property FullCall::$basename as non static in /wordpress/wp-content/plugins/fullcall/fullcall.php on line 24",
    "level": "NOTICE",
    "type": "PHP",
    "test": "ast-sqlite-boot",
    "plugin": "fix-structured-data-errors",
    "details": "[22-May-2025 04:35:18 UTC] PHP Notice:  Accessing static property FullCall::$basename as non static in /wordpress/wp-content/plugins/fullcall/fullcall.php on line 24",
    "log": "/logs/plugins/f/fix-structured-data-errors/error.json"
  },
  {
    "message": "Function register_uninstall_hook was called <strong>incorrectly</strong>. Only a static class method or function can be used in an uninstall hook. Please see <a href=\"https://developer.wordpress.org/advanced-administration/debug/debug-wordpress/\">Debugging in WordPress</a> for more information. (This message was added in version 3.1.0.) in /wordpress/wp-includes/functions.php on line 6121",
    "level": "NOTICE",
    "type": "PHP",
    "test": "ast-sqlite-boot",
    "plugin": "fix-structured-data-errors",
    "details": "[22-May-2025 04:35:18 UTC] PHP Notice:  Function register_uninstall_hook was called <strong>incorrectly</strong>. Only a static class method or function can be used in an uninstall hook. Please see <a href=\"https://developer.wordpress.org/advanced-administration/debug/debug-wordpress/\">Debugging in WordPress</a> for more information. (This message was added in version 3.1.0.) in /wordpress/wp-includes/functions.php on line 6121",
    "log": "/logs/plugins/f/fix-structured-data-errors/error.json"
  },
  {
    "message": "Accessing static property FullCall::$basename as non static in /wordpress/wp-content/plugins/fullcall/fullcall.php on line 41",
    "level": "NOTICE",
    "type": "PHP",
    "test": "ast-sqlite-boot",
    "plugin": "fix-structured-data-errors",
    "details": "[22-May-2025 04:35:18 UTC] PHP Notice:  Accessing static property FullCall::$basename as non static in /wordpress/wp-content/plugins/fullcall/fullcall.php on line 41",
    "log": "/logs/plugins/f/fix-structured-data-errors/error.json"
  },
  {
    "message": "Uncaught Error: Cannot use object of type WP_Error as array in /wordpress/wp-content/plugins/fullcall/fullcall.php:211",
    "level": "FATAL",
    "type": "PHP",
    "test": "ast-sqlite-boot",
    "plugin": "fix-structured-data-errors",
    "details": "[22-May-2025 04:35:18 UTC] PHP Fatal error:  Uncaught Error: Cannot use object of type WP_Error as array in /wordpress/wp-content/plugins/fullcall/fullcall.php:211\nStack trace:\n#0 /wordpress/wp-includes/class-wp-hook.php(324): FullCall->install(false)\n#1 /wordpress/wp-includes/class-wp-hook.php(348): WP_Hook->apply_filters('', Array)\n#2 /wordpress/wp-includes/plugin.php(517): WP_Hook->do_action(Array)\n#3 /wordpress/wp-admin/includes/plugin.php(703): do_action('activate_fullca...', false)\n#4 /internal/eval.php(20): activate_plugin('fullcall/fullca...')\n#5 {main}\n  thrown in /wordpress/wp-content/plugins/fullcall/fullcall.php on line 211",
    "log": "/logs/plugins/f/fix-structured-data-errors/error.json"
  },
  {
    "message": "Function wp_enqueue_script was called <strong>incorrectly</strong>. Scripts and styles should not be registered or enqueued until the <code>wp_enqueue_scripts</code>, <code>admin_enqueue_scripts</code>, or <code>login_enqueue_scripts</code> hooks. This notice was triggered by the <code>fyyd-helper</code> handle. Please see <a href=\"https://developer.wordpress.org/advanced-administration/debug/debug-wordpress/\">Debugging in WordPress</a> for more information. (This message was added in version 3.3.0.) in /wordpress/wp-includes/functions.php on line 6121",
    "level": "NOTICE",
    "type": "PHP",
    "test": "ast-sqlite-boot",
    "plugin": "fix-structured-data-errors",
    "details": "[22-May-2025 04:35:56 UTC] PHP Notice:  Function wp_enqueue_script was called <strong>incorrectly</strong>. Scripts and styles should not be registered or enqueued until the <code>wp_enqueue_scripts</code>, <code>admin_enqueue_scripts</code>, or <code>login_enqueue_scripts</code> hooks. This notice was triggered by the <code>fyyd-helper</code> handle. Please see <a href=\"https://developer.wordpress.org/advanced-administration/debug/debug-wordpress/\">Debugging in WordPress</a> for more information. (This message was added in version 3.3.0.) in /wordpress/wp-includes/functions.php on line 6121",
    "log": "/logs/plugins/f/fix-structured-data-errors/error.json"
  },
  {
    "message": "Function wp_enqueue_script was called <strong>incorrectly</strong>. Scripts and styles should not be registered or enqueued until the <code>wp_enqueue_scripts</code>, <code>admin_enqueue_scripts</code>, or <code>login_enqueue_scripts</code> hooks. This notice was triggered by the <code>fyyd-api</code> handle. Please see <a href=\"https://developer.wordpress.org/advanced-administration/debug/debug-wordpress/\">Debugging in WordPress</a> for more information. (This message was added in version 3.3.0.) in /wordpress/wp-includes/functions.php on line 6121",
    "level": "NOTICE",
    "type": "PHP",
    "test": "ast-sqlite-boot",
    "plugin": "fix-structured-data-errors",
    "details": "[22-May-2025 04:35:57 UTC] PHP Notice:  Function wp_enqueue_script was called <strong>incorrectly</strong>. Scripts and styles should not be registered or enqueued until the <code>wp_enqueue_scripts</code>, <code>admin_enqueue_scripts</code>, or <code>login_enqueue_scripts</code> hooks. This notice was triggered by the <code>fyyd-api</code> handle. Please see <a href=\"https://developer.wordpress.org/advanced-administration/debug/debug-wordpress/\">Debugging in WordPress</a> for more information. (This message was added in version 3.3.0.) in /wordpress/wp-includes/functions.php on line 6121",
    "log": "/logs/plugins/f/fix-structured-data-errors/error.json"
  },
  {
    "message": "Function wp_enqueue_script was called <strong>incorrectly</strong>. Scripts and styles should not be registered or enqueued until the <code>wp_enqueue_scripts</code>, <code>admin_enqueue_scripts</code>, or <code>login_enqueue_scripts</code> hooks. This notice was triggered by the <code>fyyd-infoboxes</code> handle. Please see <a href=\"https://developer.wordpress.org/advanced-administration/debug/debug-wordpress/\">Debugging in WordPress</a> for more information. (This message was added in version 3.3.0.) in /wordpress/wp-includes/functions.php on line 6121",
    "level": "NOTICE",
    "type": "PHP",
    "test": "ast-sqlite-boot",
    "plugin": "fix-structured-data-errors",
    "details": "[22-May-2025 04:35:57 UTC] PHP Notice:  Function wp_enqueue_script was called <strong>incorrectly</strong>. Scripts and styles should not be registered or enqueued until the <code>wp_enqueue_scripts</code>, <code>admin_enqueue_scripts</code>, or <code>login_enqueue_scripts</code> hooks. This notice was triggered by the <code>fyyd-infoboxes</code> handle. Please see <a href=\"https://developer.wordpress.org/advanced-administration/debug/debug-wordpress/\">Debugging in WordPress</a> for more information. (This message was added in version 3.3.0.) in /wordpress/wp-includes/functions.php on line 6121",
    "log": "/logs/plugins/f/fix-structured-data-errors/error.json"
  },
  {
    "message": "Function wp_enqueue_script was called <strong>incorrectly</strong>. Scripts and styles should not be registered or enqueued until the <code>wp_enqueue_scripts</code>, <code>admin_enqueue_scripts</code>, or <code>login_enqueue_scripts</code> hooks. This notice was triggered by the <code>fyyd-player</code> handle. Please see <a href=\"https://developer.wordpress.org/advanced-administration/debug/debug-wordpress/\">Debugging in WordPress</a> for more information. (This message was added in version 3.3.0.) in /wordpress/wp-includes/functions.php on line 6121",
    "level": "NOTICE",
    "type": "PHP",
    "test": "ast-sqlite-boot",
    "plugin": "fix-structured-data-errors",
    "details": "[22-May-2025 04:35:57 UTC] PHP Notice:  Function wp_enqueue_script was called <strong>incorrectly</strong>. Scripts and styles should not be registered or enqueued until the <code>wp_enqueue_scripts</code>, <code>admin_enqueue_scripts</code>, or <code>login_enqueue_scripts</code> hooks. This notice was triggered by the <code>fyyd-player</code> handle. Please see <a href=\"https://developer.wordpress.org/advanced-administration/debug/debug-wordpress/\">Debugging in WordPress</a> for more information. (This message was added in version 3.3.0.) in /wordpress/wp-includes/functions.php on line 6121",
    "log": "/logs/plugins/f/fix-structured-data-errors/error.json"
  },
  {
    "message": "Function wp_enqueue_script was called <strong>incorrectly</strong>. Scripts and styles should not be registered or enqueued until the <code>wp_enqueue_scripts</code>, <code>admin_enqueue_scripts</code>, or <code>login_enqueue_scripts</code> hooks. This notice was triggered by the <code>fyyd-podlove-player</code> handle. Please see <a href=\"https://developer.wordpress.org/advanced-administration/debug/debug-wordpress/\">Debugging in WordPress</a> for more information. (This message was added in version 3.3.0.) in /wordpress/wp-includes/functions.php on line 6121",
    "level": "NOTICE",
    "type": "PHP",
    "test": "ast-sqlite-boot",
    "plugin": "fix-structured-data-errors",
    "details": "[22-May-2025 04:35:57 UTC] PHP Notice:  Function wp_enqueue_script was called <strong>incorrectly</strong>. Scripts and styles should not be registered or enqueued until the <code>wp_enqueue_scripts</code>, <code>admin_enqueue_scripts</code>, or <code>login_enqueue_scripts</code> hooks. This notice was triggered by the <code>fyyd-podlove-player</code> handle. Please see <a href=\"https://developer.wordpress.org/advanced-administration/debug/debug-wordpress/\">Debugging in WordPress</a> for more information. (This message was added in version 3.3.0.) in /wordpress/wp-includes/functions.php on line 6121",
    "log": "/logs/plugins/f/fix-structured-data-errors/error.json"
  },
  {
    "message": "Function wp_enqueue_style was called <strong>incorrectly</strong>. Scripts and styles should not be registered or enqueued until the <code>wp_enqueue_scripts</code>, <code>admin_enqueue_scripts</code>, or <code>login_enqueue_scripts</code> hooks. This notice was triggered by the <code>fyyd-css</code> handle. Please see <a href=\"https://developer.wordpress.org/advanced-administration/debug/debug-wordpress/\">Debugging in WordPress</a> for more information. (This message was added in version 3.3.0.) in /wordpress/wp-includes/functions.php on line 6121",
    "level": "NOTICE",
    "type": "PHP",
    "test": "ast-sqlite-boot",
    "plugin": "fix-structured-data-errors",
    "details": "[22-May-2025 04:35:57 UTC] PHP Notice:  Function wp_enqueue_style was called <strong>incorrectly</strong>. Scripts and styles should not be registered or enqueued until the <code>wp_enqueue_scripts</code>, <code>admin_enqueue_scripts</code>, or <code>login_enqueue_scripts</code> hooks. This notice was triggered by the <code>fyyd-css</code> handle. Please see <a href=\"https://developer.wordpress.org/advanced-administration/debug/debug-wordpress/\">Debugging in WordPress</a> for more information. (This message was added in version 3.3.0.) in /wordpress/wp-includes/functions.php on line 6121",
    "log": "/logs/plugins/f/fix-structured-data-errors/error.json"
  },
  {
    "message": "Function is_feed was called <strong>incorrectly</strong>. Conditional query tags do not work before the query is run. Before then, they always return false. Please see <a href=\"https://developer.wordpress.org/advanced-administration/debug/debug-wordpress/\">Debugging in WordPress</a> for more information. (This message was added in version 3.1.0.) in /wordpress/wp-includes/functions.php on line 6121",
    "level": "NOTICE",
    "type": "PHP",
    "test": "ast-sqlite-boot",
    "plugin": "fix-structured-data-errors",
    "details": "[22-May-2025 04:35:57 UTC] PHP Notice:  Function is_feed was called <strong>incorrectly</strong>. Conditional query tags do not work before the query is run. Before then, they always return false. Please see <a href=\"https://developer.wordpress.org/advanced-administration/debug/debug-wordpress/\">Debugging in WordPress</a> for more information. (This message was added in version 3.1.0.) in /wordpress/wp-includes/functions.php on line 6121",
    "log": "/logs/plugins/f/fix-structured-data-errors/error.json"
  },
  {
    "message": "Function wp_enqueue_script was called <strong>incorrectly</strong>. Scripts and styles should not be registered or enqueued until the <code>wp_enqueue_scripts</code>, <code>admin_enqueue_scripts</code>, or <code>login_enqueue_scripts</code> hooks. This notice was triggered by the <code>uikit-js</code> handle. Please see <a href=\"https://developer.wordpress.org/advanced-administration/debug/debug-wordpress/\">Debugging in WordPress</a> for more information. (This message was added in version 3.3.0.) in /wordpress/wp-includes/functions.php on line 6121",
    "level": "NOTICE",
    "type": "PHP",
    "test": "ast-sqlite-boot",
    "plugin": "fix-structured-data-errors",
    "details": "[22-May-2025 04:35:57 UTC] PHP Notice:  Function wp_enqueue_script was called <strong>incorrectly</strong>. Scripts and styles should not be registered or enqueued until the <code>wp_enqueue_scripts</code>, <code>admin_enqueue_scripts</code>, or <code>login_enqueue_scripts</code> hooks. This notice was triggered by the <code>uikit-js</code> handle. Please see <a href=\"https://developer.wordpress.org/advanced-administration/debug/debug-wordpress/\">Debugging in WordPress</a> for more information. (This message was added in version 3.3.0.) in /wordpress/wp-includes/functions.php on line 6121",
    "log": "/logs/plugins/f/fix-structured-data-errors/error.json"
  },
  {
    "message": "Function wp_enqueue_style was called <strong>incorrectly</strong>. Scripts and styles should not be registered or enqueued until the <code>wp_enqueue_scripts</code>, <code>admin_enqueue_scripts</code>, or <code>login_enqueue_scripts</code> hooks. This notice was triggered by the <code>uikit-css</code> handle. Please see <a href=\"https://developer.wordpress.org/advanced-administration/debug/debug-wordpress/\">Debugging in WordPress</a> for more information. (This message was added in version 3.3.0.) in /wordpress/wp-includes/functions.php on line 6121",
    "level": "NOTICE",
    "type": "PHP",
    "test": "ast-sqlite-boot",
    "plugin": "fix-structured-data-errors",
    "details": "[22-May-2025 04:35:57 UTC] PHP Notice:  Function wp_enqueue_style was called <strong>incorrectly</strong>. Scripts and styles should not be registered or enqueued until the <code>wp_enqueue_scripts</code>, <code>admin_enqueue_scripts</code>, or <code>login_enqueue_scripts</code> hooks. This notice was triggered by the <code>uikit-css</code> handle. Please see <a href=\"https://developer.wordpress.org/advanced-administration/debug/debug-wordpress/\">Debugging in WordPress</a> for more information. (This message was added in version 3.3.0.) in /wordpress/wp-includes/functions.php on line 6121",
    "log": "/logs/plugins/f/fix-structured-data-errors/error.json"
  },
  {
    "message": "Function wp_enqueue_script was called <strong>incorrectly</strong>. Scripts and styles should not be registered or enqueued until the <code>wp_enqueue_scripts</code>, <code>admin_enqueue_scripts</code>, or <code>login_enqueue_scripts</code> hooks. This notice was triggered by the <code>fyyd-helper</code> handle. Please see <a href=\"https://developer.wordpress.org/advanced-administration/debug/debug-wordpress/\">Debugging in WordPress</a> for more information. (This message was added in version 3.3.0.) in /wordpress/wp-includes/functions.php on line 6121",
    "level": "NOTICE",
    "type": "PHP",
    "test": "ast-sqlite-boot",
    "plugin": "fix-structured-data-errors",
    "details": "[22-May-2025 04:36:06 UTC] PHP Notice:  Function wp_enqueue_script was called <strong>incorrectly</strong>. Scripts and styles should not be registered or enqueued until the <code>wp_enqueue_scripts</code>, <code>admin_enqueue_scripts</code>, or <code>login_enqueue_scripts</code> hooks. This notice was triggered by the <code>fyyd-helper</code> handle. Please see <a href=\"https://developer.wordpress.org/advanced-administration/debug/debug-wordpress/\">Debugging in WordPress</a> for more information. (This message was added in version 3.3.0.) in /wordpress/wp-includes/functions.php on line 6121",
    "log": "/logs/plugins/f/fix-structured-data-errors/error.json"
  },
  {
    "message": "Function wp_enqueue_script was called <strong>incorrectly</strong>. Scripts and styles should not be registered or enqueued until the <code>wp_enqueue_scripts</code>, <code>admin_enqueue_scripts</code>, or <code>login_enqueue_scripts</code> hooks. This notice was triggered by the <code>fyyd-api</code> handle. Please see <a href=\"https://developer.wordpress.org/advanced-administration/debug/debug-wordpress/\">Debugging in WordPress</a> for more information. (This message was added in version 3.3.0.) in /wordpress/wp-includes/functions.php on line 6121",
    "level": "NOTICE",
    "type": "PHP",
    "test": "ast-sqlite-boot",
    "plugin": "fix-structured-data-errors",
    "details": "[22-May-2025 04:36:06 UTC] PHP Notice:  Function wp_enqueue_script was called <strong>incorrectly</strong>. Scripts and styles should not be registered or enqueued until the <code>wp_enqueue_scripts</code>, <code>admin_enqueue_scripts</code>, or <code>login_enqueue_scripts</code> hooks. This notice was triggered by the <code>fyyd-api</code> handle. Please see <a href=\"https://developer.wordpress.org/advanced-administration/debug/debug-wordpress/\">Debugging in WordPress</a> for more information. (This message was added in version 3.3.0.) in /wordpress/wp-includes/functions.php on line 6121",
    "log": "/logs/plugins/f/fix-structured-data-errors/error.json"
  },
  {
    "message": "Function wp_enqueue_script was called <strong>incorrectly</strong>. Scripts and styles should not be registered or enqueued until the <code>wp_enqueue_scripts</code>, <code>admin_enqueue_scripts</code>, or <code>login_enqueue_scripts</code> hooks. This notice was triggered by the <code>fyyd-infoboxes</code> handle. Please see <a href=\"https://developer.wordpress.org/advanced-administration/debug/debug-wordpress/\">Debugging in WordPress</a> for more information. (This message was added in version 3.3.0.) in /wordpress/wp-includes/functions.php on line 6121",
    "level": "NOTICE",
    "type": "PHP",
    "test": "ast-sqlite-boot",
    "plugin": "fix-structured-data-errors",
    "details": "[22-May-2025 04:36:06 UTC] PHP Notice:  Function wp_enqueue_script was called <strong>incorrectly</strong>. Scripts and styles should not be registered or enqueued until the <code>wp_enqueue_scripts</code>, <code>admin_enqueue_scripts</code>, or <code>login_enqueue_scripts</code> hooks. This notice was triggered by the <code>fyyd-infoboxes</code> handle. Please see <a href=\"https://developer.wordpress.org/advanced-administration/debug/debug-wordpress/\">Debugging in WordPress</a> for more information. (This message was added in version 3.3.0.) in /wordpress/wp-includes/functions.php on line 6121",
    "log": "/logs/plugins/f/fix-structured-data-errors/error.json"
  },
  {
    "message": "Function wp_enqueue_script was called <strong>incorrectly</strong>. Scripts and styles should not be registered or enqueued until the <code>wp_enqueue_scripts</code>, <code>admin_enqueue_scripts</code>, or <code>login_enqueue_scripts</code> hooks. This notice was triggered by the <code>fyyd-player</code> handle. Please see <a href=\"https://developer.wordpress.org/advanced-administration/debug/debug-wordpress/\">Debugging in WordPress</a> for more information. (This message was added in version 3.3.0.) in /wordpress/wp-includes/functions.php on line 6121",
    "level": "NOTICE",
    "type": "PHP",
    "test": "ast-sqlite-boot",
    "plugin": "fix-structured-data-errors",
    "details": "[22-May-2025 04:36:06 UTC] PHP Notice:  Function wp_enqueue_script was called <strong>incorrectly</strong>. Scripts and styles should not be registered or enqueued until the <code>wp_enqueue_scripts</code>, <code>admin_enqueue_scripts</code>, or <code>login_enqueue_scripts</code> hooks. This notice was triggered by the <code>fyyd-player</code> handle. Please see <a href=\"https://developer.wordpress.org/advanced-administration/debug/debug-wordpress/\">Debugging in WordPress</a> for more information. (This message was added in version 3.3.0.) in /wordpress/wp-includes/functions.php on line 6121",
    "log": "/logs/plugins/f/fix-structured-data-errors/error.json"
  },
  {
    "message": "Function wp_enqueue_script was called <strong>incorrectly</strong>. Scripts and styles should not be registered or enqueued until the <code>wp_enqueue_scripts</code>, <code>admin_enqueue_scripts</code>, or <code>login_enqueue_scripts</code> hooks. This notice was triggered by the <code>fyyd-podlove-player</code> handle. Please see <a href=\"https://developer.wordpress.org/advanced-administration/debug/debug-wordpress/\">Debugging in WordPress</a> for more information. (This message was added in version 3.3.0.) in /wordpress/wp-includes/functions.php on line 6121",
    "level": "NOTICE",
    "type": "PHP",
    "test": "ast-sqlite-boot",
    "plugin": "fix-structured-data-errors",
    "details": "[22-May-2025 04:36:06 UTC] PHP Notice:  Function wp_enqueue_script was called <strong>incorrectly</strong>. Scripts and styles should not be registered or enqueued until the <code>wp_enqueue_scripts</code>, <code>admin_enqueue_scripts</code>, or <code>login_enqueue_scripts</code> hooks. This notice was triggered by the <code>fyyd-podlove-player</code> handle. Please see <a href=\"https://developer.wordpress.org/advanced-administration/debug/debug-wordpress/\">Debugging in WordPress</a> for more information. (This message was added in version 3.3.0.) in /wordpress/wp-includes/functions.php on line 6121",
    "log": "/logs/plugins/f/fix-structured-data-errors/error.json"
  },
  {
    "message": "Function wp_enqueue_style was called <strong>incorrectly</strong>. Scripts and styles should not be registered or enqueued until the <code>wp_enqueue_scripts</code>, <code>admin_enqueue_scripts</code>, or <code>login_enqueue_scripts</code> hooks. This notice was triggered by the <code>fyyd-css</code> handle. Please see <a href=\"https://developer.wordpress.org/advanced-administration/debug/debug-wordpress/\">Debugging in WordPress</a> for more information. (This message was added in version 3.3.0.) in /wordpress/wp-includes/functions.php on line 6121",
    "level": "NOTICE",
    "type": "PHP",
    "test": "ast-sqlite-boot",
    "plugin": "fix-structured-data-errors",
    "details": "[22-May-2025 04:36:06 UTC] PHP Notice:  Function wp_enqueue_style was called <strong>incorrectly</strong>. Scripts and styles should not be registered or enqueued until the <code>wp_enqueue_scripts</code>, <code>admin_enqueue_scripts</code>, or <code>login_enqueue_scripts</code> hooks. This notice was triggered by the <code>fyyd-css</code> handle. Please see <a href=\"https://developer.wordpress.org/advanced-administration/debug/debug-wordpress/\">Debugging in WordPress</a> for more information. (This message was added in version 3.3.0.) in /wordpress/wp-includes/functions.php on line 6121",
    "log": "/logs/plugins/f/fix-structured-data-errors/error.json"
  },
  {
    "message": "Function is_feed was called <strong>incorrectly</strong>. Conditional query tags do not work before the query is run. Before then, they always return false. Please see <a href=\"https://developer.wordpress.org/advanced-administration/debug/debug-wordpress/\">Debugging in WordPress</a> for more information. (This message was added in version 3.1.0.) in /wordpress/wp-includes/functions.php on line 6121",
    "level": "NOTICE",
    "type": "PHP",
    "test": "ast-sqlite-boot",
    "plugin": "fix-structured-data-errors",
    "details": "[22-May-2025 04:36:06 UTC] PHP Notice:  Function is_feed was called <strong>incorrectly</strong>. Conditional query tags do not work before the query is run. Before then, they always return false. Please see <a href=\"https://developer.wordpress.org/advanced-administration/debug/debug-wordpress/\">Debugging in WordPress</a> for more information. (This message was added in version 3.1.0.) in /wordpress/wp-includes/functions.php on line 6121",
    "log": "/logs/plugins/f/fix-structured-data-errors/error.json"
  },
  {
    "message": "Function wp_enqueue_script was called <strong>incorrectly</strong>. Scripts and styles should not be registered or enqueued until the <code>wp_enqueue_scripts</code>, <code>admin_enqueue_scripts</code>, or <code>login_enqueue_scripts</code> hooks. This notice was triggered by the <code>uikit-js</code> handle. Please see <a href=\"https://developer.wordpress.org/advanced-administration/debug/debug-wordpress/\">Debugging in WordPress</a> for more information. (This message was added in version 3.3.0.) in /wordpress/wp-includes/functions.php on line 6121",
    "level": "NOTICE",
    "type": "PHP",
    "test": "ast-sqlite-boot",
    "plugin": "fix-structured-data-errors",
    "details": "[22-May-2025 04:36:06 UTC] PHP Notice:  Function wp_enqueue_script was called <strong>incorrectly</strong>. Scripts and styles should not be registered or enqueued until the <code>wp_enqueue_scripts</code>, <code>admin_enqueue_scripts</code>, or <code>login_enqueue_scripts</code> hooks. This notice was triggered by the <code>uikit-js</code> handle. Please see <a href=\"https://developer.wordpress.org/advanced-administration/debug/debug-wordpress/\">Debugging in WordPress</a> for more information. (This message was added in version 3.3.0.) in /wordpress/wp-includes/functions.php on line 6121",
    "log": "/logs/plugins/f/fix-structured-data-errors/error.json"
  },
  {
    "message": "Function wp_enqueue_style was called <strong>incorrectly</strong>. Scripts and styles should not be registered or enqueued until the <code>wp_enqueue_scripts</code>, <code>admin_enqueue_scripts</code>, or <code>login_enqueue_scripts</code> hooks. This notice was triggered by the <code>uikit-css</code> handle. Please see <a href=\"https://developer.wordpress.org/advanced-administration/debug/debug-wordpress/\">Debugging in WordPress</a> for more information. (This message was added in version 3.3.0.) in /wordpress/wp-includes/functions.php on line 6121",
    "level": "NOTICE",
    "type": "PHP",
    "test": "ast-sqlite-boot",
    "plugin": "fix-structured-data-errors",
    "details": "[22-May-2025 04:36:06 UTC] PHP Notice:  Function wp_enqueue_style was called <strong>incorrectly</strong>. Scripts and styles should not be registered or enqueued until the <code>wp_enqueue_scripts</code>, <code>admin_enqueue_scripts</code>, or <code>login_enqueue_scripts</code> hooks. This notice was triggered by the <code>uikit-css</code> handle. Please see <a href=\"https://developer.wordpress.org/advanced-administration/debug/debug-wordpress/\">Debugging in WordPress</a> for more information. (This message was added in version 3.3.0.) in /wordpress/wp-includes/functions.php on line 6121",
    "log": "/logs/plugins/f/fix-structured-data-errors/error.json"
  },
  {
    "message": "Function wp_enqueue_script was called <strong>incorrectly</strong>. Scripts and styles should not be registered or enqueued until the <code>wp_enqueue_scripts</code>, <code>admin_enqueue_scripts</code>, or <code>login_enqueue_scripts</code> hooks. This notice was triggered by the <code>fyyd-helper</code> handle. Please see <a href=\"https://developer.wordpress.org/advanced-administration/debug/debug-wordpress/\">Debugging in WordPress</a> for more information. (This message was added in version 3.3.0.) in /wordpress/wp-includes/functions.php on line 6121",
    "level": "NOTICE",
    "type": "PHP",
    "test": "ast-sqlite-boot",
    "plugin": "fix-structured-data-errors",
    "details": "[22-May-2025 04:36:14 UTC] PHP Notice:  Function wp_enqueue_script was called <strong>incorrectly</strong>. Scripts and styles should not be registered or enqueued until the <code>wp_enqueue_scripts</code>, <code>admin_enqueue_scripts</code>, or <code>login_enqueue_scripts</code> hooks. This notice was triggered by the <code>fyyd-helper</code> handle. Please see <a href=\"https://developer.wordpress.org/advanced-administration/debug/debug-wordpress/\">Debugging in WordPress</a> for more information. (This message was added in version 3.3.0.) in /wordpress/wp-includes/functions.php on line 6121",
    "log": "/logs/plugins/f/fix-structured-data-errors/error.json"
  },
  {
    "message": "Function wp_enqueue_script was called <strong>incorrectly</strong>. Scripts and styles should not be registered or enqueued until the <code>wp_enqueue_scripts</code>, <code>admin_enqueue_scripts</code>, or <code>login_enqueue_scripts</code> hooks. This notice was triggered by the <code>fyyd-api</code> handle. Please see <a href=\"https://developer.wordpress.org/advanced-administration/debug/debug-wordpress/\">Debugging in WordPress</a> for more information. (This message was added in version 3.3.0.) in /wordpress/wp-includes/functions.php on line 6121",
    "level": "NOTICE",
    "type": "PHP",
    "test": "ast-sqlite-boot",
    "plugin": "fix-structured-data-errors",
    "details": "[22-May-2025 04:36:14 UTC] PHP Notice:  Function wp_enqueue_script was called <strong>incorrectly</strong>. Scripts and styles should not be registered or enqueued until the <code>wp_enqueue_scripts</code>, <code>admin_enqueue_scripts</code>, or <code>login_enqueue_scripts</code> hooks. This notice was triggered by the <code>fyyd-api</code> handle. Please see <a href=\"https://developer.wordpress.org/advanced-administration/debug/debug-wordpress/\">Debugging in WordPress</a> for more information. (This message was added in version 3.3.0.) in /wordpress/wp-includes/functions.php on line 6121",
    "log": "/logs/plugins/f/fix-structured-data-errors/error.json"
  },
  {
    "message": "Function wp_enqueue_script was called <strong>incorrectly</strong>. Scripts and styles should not be registered or enqueued until the <code>wp_enqueue_scripts</code>, <code>admin_enqueue_scripts</code>, or <code>login_enqueue_scripts</code> hooks. This notice was triggered by the <code>fyyd-infoboxes</code> handle. Please see <a href=\"https://developer.wordpress.org/advanced-administration/debug/debug-wordpress/\">Debugging in WordPress</a> for more information. (This message was added in version 3.3.0.) in /wordpress/wp-includes/functions.php on line 6121",
    "level": "NOTICE",
    "type": "PHP",
    "test": "ast-sqlite-boot",
    "plugin": "fix-structured-data-errors",
    "details": "[22-May-2025 04:36:14 UTC] PHP Notice:  Function wp_enqueue_script was called <strong>incorrectly</strong>. Scripts and styles should not be registered or enqueued until the <code>wp_enqueue_scripts</code>, <code>admin_enqueue_scripts</code>, or <code>login_enqueue_scripts</code> hooks. This notice was triggered by the <code>fyyd-infoboxes</code> handle. Please see <a href=\"https://developer.wordpress.org/advanced-administration/debug/debug-wordpress/\">Debugging in WordPress</a> for more information. (This message was added in version 3.3.0.) in /wordpress/wp-includes/functions.php on line 6121",
    "log": "/logs/plugins/f/fix-structured-data-errors/error.json"
  },
  {
    "message": "Function wp_enqueue_script was called <strong>incorrectly</strong>. Scripts and styles should not be registered or enqueued until the <code>wp_enqueue_scripts</code>, <code>admin_enqueue_scripts</code>, or <code>login_enqueue_scripts</code> hooks. This notice was triggered by the <code>fyyd-player</code> handle. Please see <a href=\"https://developer.wordpress.org/advanced-administration/debug/debug-wordpress/\">Debugging in WordPress</a> for more information. (This message was added in version 3.3.0.) in /wordpress/wp-includes/functions.php on line 6121",
    "level": "NOTICE",
    "type": "PHP",
    "test": "ast-sqlite-boot",
    "plugin": "fix-structured-data-errors",
    "details": "[22-May-2025 04:36:14 UTC] PHP Notice:  Function wp_enqueue_script was called <strong>incorrectly</strong>. Scripts and styles should not be registered or enqueued until the <code>wp_enqueue_scripts</code>, <code>admin_enqueue_scripts</code>, or <code>login_enqueue_scripts</code> hooks. This notice was triggered by the <code>fyyd-player</code> handle. Please see <a href=\"https://developer.wordpress.org/advanced-administration/debug/debug-wordpress/\">Debugging in WordPress</a> for more information. (This message was added in version 3.3.0.) in /wordpress/wp-includes/functions.php on line 6121",
    "log": "/logs/plugins/f/fix-structured-data-errors/error.json"
  },
  {
    "message": "Function wp_enqueue_script was called <strong>incorrectly</strong>. Scripts and styles should not be registered or enqueued until the <code>wp_enqueue_scripts</code>, <code>admin_enqueue_scripts</code>, or <code>login_enqueue_scripts</code> hooks. This notice was triggered by the <code>fyyd-podlove-player</code> handle. Please see <a href=\"https://developer.wordpress.org/advanced-administration/debug/debug-wordpress/\">Debugging in WordPress</a> for more information. (This message was added in version 3.3.0.) in /wordpress/wp-includes/functions.php on line 6121",
    "level": "NOTICE",
    "type": "PHP",
    "test": "ast-sqlite-boot",
    "plugin": "fix-structured-data-errors",
    "details": "[22-May-2025 04:36:14 UTC] PHP Notice:  Function wp_enqueue_script was called <strong>incorrectly</strong>. Scripts and styles should not be registered or enqueued until the <code>wp_enqueue_scripts</code>, <code>admin_enqueue_scripts</code>, or <code>login_enqueue_scripts</code> hooks. This notice was triggered by the <code>fyyd-podlove-player</code> handle. Please see <a href=\"https://developer.wordpress.org/advanced-administration/debug/debug-wordpress/\">Debugging in WordPress</a> for more information. (This message was added in version 3.3.0.) in /wordpress/wp-includes/functions.php on line 6121",
    "log": "/logs/plugins/f/fix-structured-data-errors/error.json"
  },
  {
    "message": "Function wp_enqueue_style was called <strong>incorrectly</strong>. Scripts and styles should not be registered or enqueued until the <code>wp_enqueue_scripts</code>, <code>admin_enqueue_scripts</code>, or <code>login_enqueue_scripts</code> hooks. This notice was triggered by the <code>fyyd-css</code> handle. Please see <a href=\"https://developer.wordpress.org/advanced-administration/debug/debug-wordpress/\">Debugging in WordPress</a> for more information. (This message was added in version 3.3.0.) in /wordpress/wp-includes/functions.php on line 6121",
    "level": "NOTICE",
    "type": "PHP",
    "test": "ast-sqlite-boot",
    "plugin": "fix-structured-data-errors",
    "details": "[22-May-2025 04:36:14 UTC] PHP Notice:  Function wp_enqueue_style was called <strong>incorrectly</strong>. Scripts and styles should not be registered or enqueued until the <code>wp_enqueue_scripts</code>, <code>admin_enqueue_scripts</code>, or <code>login_enqueue_scripts</code> hooks. This notice was triggered by the <code>fyyd-css</code> handle. Please see <a href=\"https://developer.wordpress.org/advanced-administration/debug/debug-wordpress/\">Debugging in WordPress</a> for more information. (This message was added in version 3.3.0.) in /wordpress/wp-includes/functions.php on line 6121",
    "log": "/logs/plugins/f/fix-structured-data-errors/error.json"
  },
  {
    "message": "Function is_feed was called <strong>incorrectly</strong>. Conditional query tags do not work before the query is run. Before then, they always return false. Please see <a href=\"https://developer.wordpress.org/advanced-administration/debug/debug-wordpress/\">Debugging in WordPress</a> for more information. (This message was added in version 3.1.0.) in /wordpress/wp-includes/functions.php on line 6121",
    "level": "NOTICE",
    "type": "PHP",
    "test": "ast-sqlite-boot",
    "plugin": "fix-structured-data-errors",
    "details": "[22-May-2025 04:36:14 UTC] PHP Notice:  Function is_feed was called <strong>incorrectly</strong>. Conditional query tags do not work before the query is run. Before then, they always return false. Please see <a href=\"https://developer.wordpress.org/advanced-administration/debug/debug-wordpress/\">Debugging in WordPress</a> for more information. (This message was added in version 3.1.0.) in /wordpress/wp-includes/functions.php on line 6121",
    "log": "/logs/plugins/f/fix-structured-data-errors/error.json"
  },
  {
    "message": "Function wp_enqueue_script was called <strong>incorrectly</strong>. Scripts and styles should not be registered or enqueued until the <code>wp_enqueue_scripts</code>, <code>admin_enqueue_scripts</code>, or <code>login_enqueue_scripts</code> hooks. This notice was triggered by the <code>uikit-js</code> handle. Please see <a href=\"https://developer.wordpress.org/advanced-administration/debug/debug-wordpress/\">Debugging in WordPress</a> for more information. (This message was added in version 3.3.0.) in /wordpress/wp-includes/functions.php on line 6121",
    "level": "NOTICE",
    "type": "PHP",
    "test": "ast-sqlite-boot",
    "plugin": "fix-structured-data-errors",
    "details": "[22-May-2025 04:36:14 UTC] PHP Notice:  Function wp_enqueue_script was called <strong>incorrectly</strong>. Scripts and styles should not be registered or enqueued until the <code>wp_enqueue_scripts</code>, <code>admin_enqueue_scripts</code>, or <code>login_enqueue_scripts</code> hooks. This notice was triggered by the <code>uikit-js</code> handle. Please see <a href=\"https://developer.wordpress.org/advanced-administration/debug/debug-wordpress/\">Debugging in WordPress</a> for more information. (This message was added in version 3.3.0.) in /wordpress/wp-includes/functions.php on line 6121",
    "log": "/logs/plugins/f/fix-structured-data-errors/error.json"
  },
  {
    "message": "Function wp_enqueue_style was called <strong>incorrectly</strong>. Scripts and styles should not be registered or enqueued until the <code>wp_enqueue_scripts</code>, <code>admin_enqueue_scripts</code>, or <code>login_enqueue_scripts</code> hooks. This notice was triggered by the <code>uikit-css</code> handle. Please see <a href=\"https://developer.wordpress.org/advanced-administration/debug/debug-wordpress/\">Debugging in WordPress</a> for more information. (This message was added in version 3.3.0.) in /wordpress/wp-includes/functions.php on line 6121",
    "level": "NOTICE",
    "type": "PHP",
    "test": "ast-sqlite-boot",
    "plugin": "fix-structured-data-errors",
    "details": "[22-May-2025 04:36:14 UTC] PHP Notice:  Function wp_enqueue_style was called <strong>incorrectly</strong>. Scripts and styles should not be registered or enqueued until the <code>wp_enqueue_scripts</code>, <code>admin_enqueue_scripts</code>, or <code>login_enqueue_scripts</code> hooks. This notice was triggered by the <code>uikit-css</code> handle. Please see <a href=\"https://developer.wordpress.org/advanced-administration/debug/debug-wordpress/\">Debugging in WordPress</a> for more information. (This message was added in version 3.3.0.) in /wordpress/wp-includes/functions.php on line 6121",
    "log": "/logs/plugins/f/fix-structured-data-errors/error.json"
  },
  {
    "message": "Function _load_textdomain_just_in_time was called <strong>incorrectly</strong>. Translation loading for the <code>firmasite-members-menu</code> domain was triggered too early. This is usually an indicator for some code in the plugin or theme running too early. Translations should be loaded at the <code>init</code> action or later. Please see <a href=\"https://developer.wordpress.org/advanced-administration/debug/debug-wordpress/\">Debugging in WordPress</a> for more information. (This message was added in version 6.7.0.) in /wordpress/wp-includes/functions.php on line 6121",
    "level": "NOTICE",
    "type": "PHP",
    "test": "ast-sqlite-boot",
    "plugin": "fix-structured-data-errors",
    "details": "[22-May-2025 04:37:19 UTC] PHP Notice:  Function _load_textdomain_just_in_time was called <strong>incorrectly</strong>. Translation loading for the <code>firmasite-members-menu</code> domain was triggered too early. This is usually an indicator for some code in the plugin or theme running too early. Translations should be loaded at the <code>init</code> action or later. Please see <a href=\"https://developer.wordpress.org/advanced-administration/debug/debug-wordpress/\">Debugging in WordPress</a> for more information. (This message was added in version 6.7.0.) in /wordpress/wp-includes/functions.php on line 6121",
    "log": "/logs/plugins/f/fix-structured-data-errors/error.json"
  },
  {
    "message": "Function _load_textdomain_just_in_time was called <strong>incorrectly</strong>. Translation loading for the <code>firmasite-members-menu</code> domain was triggered too early. This is usually an indicator for some code in the plugin or theme running too early. Translations should be loaded at the <code>init</code> action or later. Please see <a href=\"https://developer.wordpress.org/advanced-administration/debug/debug-wordpress/\">Debugging in WordPress</a> for more information. (This message was added in version 6.7.0.) in /wordpress/wp-includes/functions.php on line 6121",
    "level": "NOTICE",
    "type": "PHP",
    "test": "ast-sqlite-boot",
    "plugin": "fix-structured-data-errors",
    "details": "[22-May-2025 04:37:27 UTC] PHP Notice:  Function _load_textdomain_just_in_time was called <strong>incorrectly</strong>. Translation loading for the <code>firmasite-members-menu</code> domain was triggered too early. This is usually an indicator for some code in the plugin or theme running too early. Translations should be loaded at the <code>init</code> action or later. Please see <a href=\"https://developer.wordpress.org/advanced-administration/debug/debug-wordpress/\">Debugging in WordPress</a> for more information. (This message was added in version 6.7.0.) in /wordpress/wp-includes/functions.php on line 6121",
    "log": "/logs/plugins/f/fix-structured-data-errors/error.json"
  },
  {
    "message": "Function _load_textdomain_just_in_time was called <strong>incorrectly</strong>. Translation loading for the <code>firmasite-members-menu</code> domain was triggered too early. This is usually an indicator for some code in the plugin or theme running too early. Translations should be loaded at the <code>init</code> action or later. Please see <a href=\"https://developer.wordpress.org/advanced-administration/debug/debug-wordpress/\">Debugging in WordPress</a> for more information. (This message was added in version 6.7.0.) in /wordpress/wp-includes/functions.php on line 6121",
    "level": "NOTICE",
    "type": "PHP",
    "test": "ast-sqlite-boot",
    "plugin": "fix-structured-data-errors",
    "details": "[22-May-2025 04:37:36 UTC] PHP Notice:  Function _load_textdomain_just_in_time was called <strong>incorrectly</strong>. Translation loading for the <code>firmasite-members-menu</code> domain was triggered too early. This is usually an indicator for some code in the plugin or theme running too early. Translations should be loaded at the <code>init</code> action or later. Please see <a href=\"https://developer.wordpress.org/advanced-administration/debug/debug-wordpress/\">Debugging in WordPress</a> for more information. (This message was added in version 6.7.0.) in /wordpress/wp-includes/functions.php on line 6121\n\n    at Object.onBind (file:///home/runner/work/playground-tester/playground-tester/node_modules/@wp-playground/cli/index.js:237:15)\n    at process.processTicksAndRejections (node:internal/process/task_queues:105:5)\n    at async V (file:///home/runner/work/playground-tester/playground-tester/node_modules/@wp-playground/cli/index.js:64:10)\n    at async ja (file:///home/runner/work/playground-tester/playground-tester/node_modules/@wp-playground/cli/cli.js:8161:12) {\n  [cause]: Error: Error when executing the blueprint step #5 ({\"step\":\"installPlugin\",\"pluginData\":{\"resource\":\"wordpress.org/plugins\",\"slug\":\"fix-structured-data-errors\"},\"options\":{\"activate\":true}}) : Plugin /wordpress/wp-content/plugins/fix-structured-data-errors could not be activated  WordPress exited with no error. Sometimes, when $_SERVER or site options are not configured correctly, WordPress exits early with a 301 redirect. Inspect the \"debug\" logs in the console for more details.\n      at Object.run (file:///home/runner/work/playground-tester/playground-tester/node_modules/@wp-playground/blueprints/index.js:12449:19)\n      at process.processTicksAndRejections (node:internal/process/task_queues:105:5)\n      at async ms (file:///home/runner/work/playground-tester/playground-tester/node_modules/@wp-playground/blueprints/index.js:12552:3)\n      ... 2 lines matching cause stack trace ...\n      at async ja (file:///home/runner/work/playground-tester/playground-tester/node_modules/@wp-playground/cli/cli.js:8161:12) {\n    [cause]: Error: Plugin /wordpress/wp-content/plugins/fix-structured-data-errors could not be activated  WordPress exited with no error. Sometimes, when $_SERVER or site options are not configured correctly, WordPress exits early with a 301 redirect. Inspect the \"debug\" logs in the console for more details.\n        at wr (file:///home/runner/work/playground-tester/playground-tester/node_modules/@wp-playground/blueprints/index.js:119:51)\n        at process.processTicksAndRejections (node:internal/process/task_queues:105:5)\n        at async Object.gt [as installPlugin] (file:///home/runner/work/playground-tester/playground-tester/node_modules/@wp-playground/blueprints/index.js:974:42)\n        at async g (file:///home/runner/work/playground-tester/playground-tester/node_modules/@wp-playground/blueprints/index.js:12517:30)\n        at async Object.run (file:///home/runner/work/playground-tester/playground-tester/node_modules/@wp-playground/blueprints/index.js:12446:23)\n        at async ms (file:///home/runner/work/playground-tester/playground-tester/node_modules/@wp-playground/blueprints/index.js:12552:3)\n        at async Object.onBind (file:///home/runner/work/playground-tester/playground-tester/node_modules/@wp-playground/cli/index.js:227:48)\n        at async V (file:///home/runner/work/playground-tester/playground-tester/node_modules/@wp-playground/cli/index.js:64:10)\n        at async ja (file:///home/runner/work/playground-tester/playground-tester/node_modules/@wp-playground/cli/cli.js:8161:12)\n  }\n}\n\n",
    "log": "/logs/plugins/f/fix-structured-data-errors/error.json"
  },
  {
    "message": "file:///home/runner/work/playground-tester/playground-tester/node_modules/@wp-playground/cli/index.js:237\n        throw new Error(y, { cause: u });\n              ^\n",
    "level": "FATAL",
    "type": "PLAYGROUND",
    "test": "asyncify-boot",
    "plugin": "fix-structured-data-errors",
    "details": "file:///home/runner/work/playground-tester/playground-tester/node_modules/@wp-playground/cli/index.js:237\n        throw new Error(y, { cause: u });\n              ^\n",
    "log": "/tmp/tmp.VbOku9iS37"
  },
  {
    "message": "Undefined array key \"REMOTE_ADDR\" in /wordpress/wp-content/plugins/finch/finch.php on line 23",
    "level": "WARNING",
    "type": "PHP",
    "test": "asyncify-boot",
    "plugin": "fix-structured-data-errors",
    "details": "[22-May-2025 04:34:32 UTC] PHP Warning:  Undefined array key \"REMOTE_ADDR\" in /wordpress/wp-content/plugins/finch/finch.php on line 23",
    "log": "/logs/plugins/f/fix-structured-data-errors/error.json"
  },
  {
    "message": "Undefined array key \"REMOTE_ADDR\" in /wordpress/wp-content/plugins/finch/finch.php on line 23",
    "level": "WARNING",
    "type": "PHP",
    "test": "asyncify-boot",
    "plugin": "fix-structured-data-errors",
    "details": "[22-May-2025 04:34:33 UTC] PHP Warning:  Undefined array key \"REMOTE_ADDR\" in /wordpress/wp-content/plugins/finch/finch.php on line 23",
    "log": "/logs/plugins/f/fix-structured-data-errors/error.json"
  },
  {
    "message": "[22-May-2025 04:34:33 UTC] Exception: cURL error 35: OpenSSL SSL_connect: SSL_ERROR_SYSCALL in connection to api.finch.io:443  in /wordpress/wp-content/plugins/finch/api/finch_api_client.class.php:73\nStack trace:\n#0 /wordpress/wp-content/plugins/finch/api/finch_api_client.class.php(208): FinchApiClient->get('/config/snippet')\n#1 /wordpress/wp-content/plugins/finch/classes/finch.class.php(104): FinchApiClient->getSnippetData()\n#2 /wordpress/wp-includes/class-wp-hook.php(324): Finch->finchInit('')\n#3 /wordpress/wp-includes/class-wp-hook.php(348): WP_Hook->apply_filters(NULL, Array)\n#4 /wordpress/wp-includes/plugin.php(517): WP_Hook->do_action(Array)\n#5 /wordpress/wp-settings.php(727): do_action('init')\n#6 /wordpress/wp-config.php(102): require_once('/wordpress/wp-s...')\n#7 /wordpress/wp-load.php(50): require_once('/wordpress/wp-c...')\n#8 /internal/eval.php(3): require_once('/wordpress/wp-l...')\n#9 {main}",
    "level": "INFO",
    "type": "OTHER",
    "test": "asyncify-boot",
    "plugin": "fix-structured-data-errors",
    "details": "[22-May-2025 04:34:33 UTC] Exception: cURL error 35: OpenSSL SSL_connect: SSL_ERROR_SYSCALL in connection to api.finch.io:443  in /wordpress/wp-content/plugins/finch/api/finch_api_client.class.php:73\nStack trace:\n#0 /wordpress/wp-content/plugins/finch/api/finch_api_client.class.php(208): FinchApiClient->get('/config/snippet')\n#1 /wordpress/wp-content/plugins/finch/classes/finch.class.php(104): FinchApiClient->getSnippetData()\n#2 /wordpress/wp-includes/class-wp-hook.php(324): Finch->finchInit('')\n#3 /wordpress/wp-includes/class-wp-hook.php(348): WP_Hook->apply_filters(NULL, Array)\n#4 /wordpress/wp-includes/plugin.php(517): WP_Hook->do_action(Array)\n#5 /wordpress/wp-settings.php(727): do_action('init')\n#6 /wordpress/wp-config.php(102): require_once('/wordpress/wp-s...')\n#7 /wordpress/wp-load.php(50): require_once('/wordpress/wp-c...')\n#8 /internal/eval.php(3): require_once('/wordpress/wp-l...')\n#9 {main}",
    "log": "/logs/plugins/f/fix-structured-data-errors/error.json"
  },
  {
    "message": "Attempt to read property \"version\" on bool in /wordpress/wp-content/plugins/finch/classes/finch.class.php on line 106",
    "level": "WARNING",
    "type": "PHP",
    "test": "asyncify-boot",
    "plugin": "fix-structured-data-errors",
    "details": "[22-May-2025 04:34:33 UTC] PHP Warning:  Attempt to read property \"version\" on bool in /wordpress/wp-content/plugins/finch/classes/finch.class.php on line 106",
    "log": "/logs/plugins/f/fix-structured-data-errors/error.json"
  },
  {
    "message": "Attempt to read property \"version\" on bool in /wordpress/wp-content/plugins/finch/classes/finch.class.php on line 107",
    "level": "WARNING",
    "type": "PHP",
    "test": "asyncify-boot",
    "plugin": "fix-structured-data-errors",
    "details": "[22-May-2025 04:34:33 UTC] PHP Warning:  Attempt to read property \"version\" on bool in /wordpress/wp-content/plugins/finch/classes/finch.class.php on line 107",
    "log": "/logs/plugins/f/fix-structured-data-errors/error.json"
  },
  {
    "message": "Attempt to read property \"version\" on bool in /wordpress/wp-content/plugins/finch/classes/finch.class.php on line 108",
    "level": "WARNING",
    "type": "PHP",
    "test": "asyncify-boot",
    "plugin": "fix-structured-data-errors",
    "details": "[22-May-2025 04:34:33 UTC] PHP Warning:  Attempt to read property \"version\" on bool in /wordpress/wp-content/plugins/finch/classes/finch.class.php on line 108",
    "log": "/logs/plugins/f/fix-structured-data-errors/error.json"
  },
  {
    "message": "Undefined array key \"REMOTE_ADDR\" in /wordpress/wp-content/plugins/finch/finch.php on line 23",
    "level": "WARNING",
    "type": "PHP",
    "test": "asyncify-boot",
    "plugin": "fix-structured-data-errors",
    "details": "[22-May-2025 04:34:41 UTC] PHP Warning:  Undefined array key \"REMOTE_ADDR\" in /wordpress/wp-content/plugins/finch/finch.php on line 23",
    "log": "/logs/plugins/f/fix-structured-data-errors/error.json"
  },
  {
    "message": "Undefined array key \"REMOTE_ADDR\" in /wordpress/wp-content/plugins/finch/finch.php on line 23",
    "level": "WARNING",
    "type": "PHP",
    "test": "asyncify-boot",
    "plugin": "fix-structured-data-errors",
    "details": "[22-May-2025 04:34:42 UTC] PHP Warning:  Undefined array key \"REMOTE_ADDR\" in /wordpress/wp-content/plugins/finch/finch.php on line 23",
    "log": "/logs/plugins/f/fix-structured-data-errors/error.json"
  },
  {
    "message": "[22-May-2025 04:34:42 UTC] Exception: cURL error 35: OpenSSL SSL_connect: SSL_ERROR_SYSCALL in connection to api.finch.io:443  in /wordpress/wp-content/plugins/finch/api/finch_api_client.class.php:73\nStack trace:\n#0 /wordpress/wp-content/plugins/finch/api/finch_api_client.class.php(208): FinchApiClient->get('/config/snippet')\n#1 /wordpress/wp-content/plugins/finch/classes/finch.class.php(104): FinchApiClient->getSnippetData()\n#2 /wordpress/wp-includes/class-wp-hook.php(324): Finch->finchInit('')\n#3 /wordpress/wp-includes/class-wp-hook.php(348): WP_Hook->apply_filters(NULL, Array)\n#4 /wordpress/wp-includes/plugin.php(517): WP_Hook->do_action(Array)\n#5 /wordpress/wp-settings.php(727): do_action('init')\n#6 /wordpress/wp-config.php(102): require_once('/wordpress/wp-s...')\n#7 /wordpress/wp-load.php(50): require_once('/wordpress/wp-c...')\n#8 /internal/eval.php(3): require_once('/wordpress/wp-l...')\n#9 {main}",
    "level": "INFO",
    "type": "OTHER",
    "test": "asyncify-boot",
    "plugin": "fix-structured-data-errors",
    "details": "[22-May-2025 04:34:42 UTC] Exception: cURL error 35: OpenSSL SSL_connect: SSL_ERROR_SYSCALL in connection to api.finch.io:443  in /wordpress/wp-content/plugins/finch/api/finch_api_client.class.php:73\nStack trace:\n#0 /wordpress/wp-content/plugins/finch/api/finch_api_client.class.php(208): FinchApiClient->get('/config/snippet')\n#1 /wordpress/wp-content/plugins/finch/classes/finch.class.php(104): FinchApiClient->getSnippetData()\n#2 /wordpress/wp-includes/class-wp-hook.php(324): Finch->finchInit('')\n#3 /wordpress/wp-includes/class-wp-hook.php(348): WP_Hook->apply_filters(NULL, Array)\n#4 /wordpress/wp-includes/plugin.php(517): WP_Hook->do_action(Array)\n#5 /wordpress/wp-settings.php(727): do_action('init')\n#6 /wordpress/wp-config.php(102): require_once('/wordpress/wp-s...')\n#7 /wordpress/wp-load.php(50): require_once('/wordpress/wp-c...')\n#8 /internal/eval.php(3): require_once('/wordpress/wp-l...')\n#9 {main}",
    "log": "/logs/plugins/f/fix-structured-data-errors/error.json"
  },
  {
    "message": "Attempt to read property \"version\" on bool in /wordpress/wp-content/plugins/finch/classes/finch.class.php on line 106",
    "level": "WARNING",
    "type": "PHP",
    "test": "asyncify-boot",
    "plugin": "fix-structured-data-errors",
    "details": "[22-May-2025 04:34:42 UTC] PHP Warning:  Attempt to read property \"version\" on bool in /wordpress/wp-content/plugins/finch/classes/finch.class.php on line 106",
    "log": "/logs/plugins/f/fix-structured-data-errors/error.json"
  },
  {
    "message": "Attempt to read property \"version\" on bool in /wordpress/wp-content/plugins/finch/classes/finch.class.php on line 107",
    "level": "WARNING",
    "type": "PHP",
    "test": "asyncify-boot",
    "plugin": "fix-structured-data-errors",
    "details": "[22-May-2025 04:34:42 UTC] PHP Warning:  Attempt to read property \"version\" on bool in /wordpress/wp-content/plugins/finch/classes/finch.class.php on line 107",
    "log": "/logs/plugins/f/fix-structured-data-errors/error.json"
  },
  {
    "message": "Attempt to read property \"version\" on bool in /wordpress/wp-content/plugins/finch/classes/finch.class.php on line 108",
    "level": "WARNING",
    "type": "PHP",
    "test": "asyncify-boot",
    "plugin": "fix-structured-data-errors",
    "details": "[22-May-2025 04:34:42 UTC] PHP Warning:  Attempt to read property \"version\" on bool in /wordpress/wp-content/plugins/finch/classes/finch.class.php on line 108",
    "log": "/logs/plugins/f/fix-structured-data-errors/error.json"
  },
  {
    "message": "Undefined array key \"REMOTE_ADDR\" in /wordpress/wp-content/plugins/finch/finch.php on line 23",
    "level": "WARNING",
    "type": "PHP",
    "test": "asyncify-boot",
    "plugin": "fix-structured-data-errors",
    "details": "[22-May-2025 04:34:51 UTC] PHP Warning:  Undefined array key \"REMOTE_ADDR\" in /wordpress/wp-content/plugins/finch/finch.php on line 23",
    "log": "/logs/plugins/f/fix-structured-data-errors/error.json"
  },
  {
    "message": "Undefined array key \"REMOTE_ADDR\" in /wordpress/wp-content/plugins/finch/finch.php on line 23",
    "level": "WARNING",
    "type": "PHP",
    "test": "asyncify-boot",
    "plugin": "fix-structured-data-errors",
    "details": "[22-May-2025 04:34:52 UTC] PHP Warning:  Undefined array key \"REMOTE_ADDR\" in /wordpress/wp-content/plugins/finch/finch.php on line 23",
    "log": "/logs/plugins/f/fix-structured-data-errors/error.json"
  },
  {
    "message": "[22-May-2025 04:34:52 UTC] Exception: cURL error 35: OpenSSL SSL_connect: SSL_ERROR_SYSCALL in connection to api.finch.io:443  in /wordpress/wp-content/plugins/finch/api/finch_api_client.class.php:73\nStack trace:\n#0 /wordpress/wp-content/plugins/finch/api/finch_api_client.class.php(208): FinchApiClient->get('/config/snippet')\n#1 /wordpress/wp-content/plugins/finch/classes/finch.class.php(104): FinchApiClient->getSnippetData()\n#2 /wordpress/wp-includes/class-wp-hook.php(324): Finch->finchInit('')\n#3 /wordpress/wp-includes/class-wp-hook.php(348): WP_Hook->apply_filters(NULL, Array)\n#4 /wordpress/wp-includes/plugin.php(517): WP_Hook->do_action(Array)\n#5 /wordpress/wp-settings.php(727): do_action('init')\n#6 /wordpress/wp-config.php(102): require_once('/wordpress/wp-s...')\n#7 /wordpress/wp-load.php(50): require_once('/wordpress/wp-c...')\n#8 /internal/eval.php(3): require_once('/wordpress/wp-l...')\n#9 {main}",
    "level": "INFO",
    "type": "OTHER",
    "test": "asyncify-boot",
    "plugin": "fix-structured-data-errors",
    "details": "[22-May-2025 04:34:52 UTC] Exception: cURL error 35: OpenSSL SSL_connect: SSL_ERROR_SYSCALL in connection to api.finch.io:443  in /wordpress/wp-content/plugins/finch/api/finch_api_client.class.php:73\nStack trace:\n#0 /wordpress/wp-content/plugins/finch/api/finch_api_client.class.php(208): FinchApiClient->get('/config/snippet')\n#1 /wordpress/wp-content/plugins/finch/classes/finch.class.php(104): FinchApiClient->getSnippetData()\n#2 /wordpress/wp-includes/class-wp-hook.php(324): Finch->finchInit('')\n#3 /wordpress/wp-includes/class-wp-hook.php(348): WP_Hook->apply_filters(NULL, Array)\n#4 /wordpress/wp-includes/plugin.php(517): WP_Hook->do_action(Array)\n#5 /wordpress/wp-settings.php(727): do_action('init')\n#6 /wordpress/wp-config.php(102): require_once('/wordpress/wp-s...')\n#7 /wordpress/wp-load.php(50): require_once('/wordpress/wp-c...')\n#8 /internal/eval.php(3): require_once('/wordpress/wp-l...')\n#9 {main}",
    "log": "/logs/plugins/f/fix-structured-data-errors/error.json"
  },
  {
    "message": "Attempt to read property \"version\" on bool in /wordpress/wp-content/plugins/finch/classes/finch.class.php on line 106",
    "level": "WARNING",
    "type": "PHP",
    "test": "asyncify-boot",
    "plugin": "fix-structured-data-errors",
    "details": "[22-May-2025 04:34:52 UTC] PHP Warning:  Attempt to read property \"version\" on bool in /wordpress/wp-content/plugins/finch/classes/finch.class.php on line 106",
    "log": "/logs/plugins/f/fix-structured-data-errors/error.json"
  },
  {
    "message": "Attempt to read property \"version\" on bool in /wordpress/wp-content/plugins/finch/classes/finch.class.php on line 107",
    "level": "WARNING",
    "type": "PHP",
    "test": "asyncify-boot",
    "plugin": "fix-structured-data-errors",
    "details": "[22-May-2025 04:34:52 UTC] PHP Warning:  Attempt to read property \"version\" on bool in /wordpress/wp-content/plugins/finch/classes/finch.class.php on line 107",
    "log": "/logs/plugins/f/fix-structured-data-errors/error.json"
  },
  {
    "message": "Attempt to read property \"version\" on bool in /wordpress/wp-content/plugins/finch/classes/finch.class.php on line 108",
    "level": "WARNING",
    "type": "PHP",
    "test": "asyncify-boot",
    "plugin": "fix-structured-data-errors",
    "details": "[22-May-2025 04:34:52 UTC] PHP Warning:  Attempt to read property \"version\" on bool in /wordpress/wp-content/plugins/finch/classes/finch.class.php on line 108",
    "log": "/logs/plugins/f/fix-structured-data-errors/error.json"
  },
  {
    "message": "Accessing static property FullCall::$basename as non static in /wordpress/wp-content/plugins/fullcall/fullcall.php on line 24",
    "level": "NOTICE",
    "type": "PHP",
    "test": "asyncify-boot",
    "plugin": "fix-structured-data-errors",
    "details": "[22-May-2025 04:35:02 UTC] PHP Notice:  Accessing static property FullCall::$basename as non static in /wordpress/wp-content/plugins/fullcall/fullcall.php on line 24",
    "log": "/logs/plugins/f/fix-structured-data-errors/error.json"
  },
  {
    "message": "Function register_uninstall_hook was called <strong>incorrectly</strong>. Only a static class method or function can be used in an uninstall hook. Please see <a href=\"https://developer.wordpress.org/advanced-administration/debug/debug-wordpress/\">Debugging in WordPress</a> for more information. (This message was added in version 3.1.0.) in /wordpress/wp-includes/functions.php on line 6121",
    "level": "NOTICE",
    "type": "PHP",
    "test": "asyncify-boot",
    "plugin": "fix-structured-data-errors",
    "details": "[22-May-2025 04:35:02 UTC] PHP Notice:  Function register_uninstall_hook was called <strong>incorrectly</strong>. Only a static class method or function can be used in an uninstall hook. Please see <a href=\"https://developer.wordpress.org/advanced-administration/debug/debug-wordpress/\">Debugging in WordPress</a> for more information. (This message was added in version 3.1.0.) in /wordpress/wp-includes/functions.php on line 6121",
    "log": "/logs/plugins/f/fix-structured-data-errors/error.json"
  },
  {
    "message": "Accessing static property FullCall::$basename as non static in /wordpress/wp-content/plugins/fullcall/fullcall.php on line 41",
    "level": "NOTICE",
    "type": "PHP",
    "test": "asyncify-boot",
    "plugin": "fix-structured-data-errors",
    "details": "[22-May-2025 04:35:02 UTC] PHP Notice:  Accessing static property FullCall::$basename as non static in /wordpress/wp-content/plugins/fullcall/fullcall.php on line 41",
    "log": "/logs/plugins/f/fix-structured-data-errors/error.json"
  },
  {
    "message": "Uncaught Error: Cannot use object of type WP_Error as array in /wordpress/wp-content/plugins/fullcall/fullcall.php:211",
    "level": "FATAL",
    "type": "PHP",
    "test": "asyncify-boot",
    "plugin": "fix-structured-data-errors",
    "details": "[22-May-2025 04:35:02 UTC] PHP Fatal error:  Uncaught Error: Cannot use object of type WP_Error as array in /wordpress/wp-content/plugins/fullcall/fullcall.php:211\nStack trace:\n#0 /wordpress/wp-includes/class-wp-hook.php(324): FullCall->install(false)\n#1 /wordpress/wp-includes/class-wp-hook.php(348): WP_Hook->apply_filters('', Array)\n#2 /wordpress/wp-includes/plugin.php(517): WP_Hook->do_action(Array)\n#3 /wordpress/wp-admin/includes/plugin.php(703): do_action('activate_fullca...', false)\n#4 /internal/eval.php(20): activate_plugin('fullcall/fullca...')\n#5 {main}\n  thrown in /wordpress/wp-content/plugins/fullcall/fullcall.php on line 211",
    "log": "/logs/plugins/f/fix-structured-data-errors/error.json"
  },
  {
    "message": "Accessing static property FullCall::$basename as non static in /wordpress/wp-content/plugins/fullcall/fullcall.php on line 24",
    "level": "NOTICE",
    "type": "PHP",
    "test": "asyncify-boot",
    "plugin": "fix-structured-data-errors",
    "details": "[22-May-2025 04:35:10 UTC] PHP Notice:  Accessing static property FullCall::$basename as non static in /wordpress/wp-content/plugins/fullcall/fullcall.php on line 24",
    "log": "/logs/plugins/f/fix-structured-data-errors/error.json"
  },
  {
    "message": "Function register_uninstall_hook was called <strong>incorrectly</strong>. Only a static class method or function can be used in an uninstall hook. Please see <a href=\"https://developer.wordpress.org/advanced-administration/debug/debug-wordpress/\">Debugging in WordPress</a> for more information. (This message was added in version 3.1.0.) in /wordpress/wp-includes/functions.php on line 6121",
    "level": "NOTICE",
    "type": "PHP",
    "test": "asyncify-boot",
    "plugin": "fix-structured-data-errors",
    "details": "[22-May-2025 04:35:10 UTC] PHP Notice:  Function register_uninstall_hook was called <strong>incorrectly</strong>. Only a static class method or function can be used in an uninstall hook. Please see <a href=\"https://developer.wordpress.org/advanced-administration/debug/debug-wordpress/\">Debugging in WordPress</a> for more information. (This message was added in version 3.1.0.) in /wordpress/wp-includes/functions.php on line 6121",
    "log": "/logs/plugins/f/fix-structured-data-errors/error.json"
  },
  {
    "message": "Accessing static property FullCall::$basename as non static in /wordpress/wp-content/plugins/fullcall/fullcall.php on line 41",
    "level": "NOTICE",
    "type": "PHP",
    "test": "asyncify-boot",
    "plugin": "fix-structured-data-errors",
    "details": "[22-May-2025 04:35:10 UTC] PHP Notice:  Accessing static property FullCall::$basename as non static in /wordpress/wp-content/plugins/fullcall/fullcall.php on line 41",
    "log": "/logs/plugins/f/fix-structured-data-errors/error.json"
  },
  {
    "message": "Uncaught Error: Cannot use object of type WP_Error as array in /wordpress/wp-content/plugins/fullcall/fullcall.php:211",
    "level": "FATAL",
    "type": "PHP",
    "test": "asyncify-boot",
    "plugin": "fix-structured-data-errors",
    "details": "[22-May-2025 04:35:10 UTC] PHP Fatal error:  Uncaught Error: Cannot use object of type WP_Error as array in /wordpress/wp-content/plugins/fullcall/fullcall.php:211\nStack trace:\n#0 /wordpress/wp-includes/class-wp-hook.php(324): FullCall->install(false)\n#1 /wordpress/wp-includes/class-wp-hook.php(348): WP_Hook->apply_filters('', Array)\n#2 /wordpress/wp-includes/plugin.php(517): WP_Hook->do_action(Array)\n#3 /wordpress/wp-admin/includes/plugin.php(703): do_action('activate_fullca...', false)\n#4 /internal/eval.php(20): activate_plugin('fullcall/fullca...')\n#5 {main}\n  thrown in /wordpress/wp-content/plugins/fullcall/fullcall.php on line 211",
    "log": "/logs/plugins/f/fix-structured-data-errors/error.json"
  },
  {
    "message": "Accessing static property FullCall::$basename as non static in /wordpress/wp-content/plugins/fullcall/fullcall.php on line 24",
    "level": "NOTICE",
    "type": "PHP",
    "test": "asyncify-boot",
    "plugin": "fix-structured-data-errors",
    "details": "[22-May-2025 04:35:18 UTC] PHP Notice:  Accessing static property FullCall::$basename as non static in /wordpress/wp-content/plugins/fullcall/fullcall.php on line 24",
    "log": "/logs/plugins/f/fix-structured-data-errors/error.json"
  },
  {
    "message": "Function register_uninstall_hook was called <strong>incorrectly</strong>. Only a static class method or function can be used in an uninstall hook. Please see <a href=\"https://developer.wordpress.org/advanced-administration/debug/debug-wordpress/\">Debugging in WordPress</a> for more information. (This message was added in version 3.1.0.) in /wordpress/wp-includes/functions.php on line 6121",
    "level": "NOTICE",
    "type": "PHP",
    "test": "asyncify-boot",
    "plugin": "fix-structured-data-errors",
    "details": "[22-May-2025 04:35:18 UTC] PHP Notice:  Function register_uninstall_hook was called <strong>incorrectly</strong>. Only a static class method or function can be used in an uninstall hook. Please see <a href=\"https://developer.wordpress.org/advanced-administration/debug/debug-wordpress/\">Debugging in WordPress</a> for more information. (This message was added in version 3.1.0.) in /wordpress/wp-includes/functions.php on line 6121",
    "log": "/logs/plugins/f/fix-structured-data-errors/error.json"
  },
  {
    "message": "Accessing static property FullCall::$basename as non static in /wordpress/wp-content/plugins/fullcall/fullcall.php on line 41",
    "level": "NOTICE",
    "type": "PHP",
    "test": "asyncify-boot",
    "plugin": "fix-structured-data-errors",
    "details": "[22-May-2025 04:35:18 UTC] PHP Notice:  Accessing static property FullCall::$basename as non static in /wordpress/wp-content/plugins/fullcall/fullcall.php on line 41",
    "log": "/logs/plugins/f/fix-structured-data-errors/error.json"
  },
  {
    "message": "Uncaught Error: Cannot use object of type WP_Error as array in /wordpress/wp-content/plugins/fullcall/fullcall.php:211",
    "level": "FATAL",
    "type": "PHP",
    "test": "asyncify-boot",
    "plugin": "fix-structured-data-errors",
    "details": "[22-May-2025 04:35:18 UTC] PHP Fatal error:  Uncaught Error: Cannot use object of type WP_Error as array in /wordpress/wp-content/plugins/fullcall/fullcall.php:211\nStack trace:\n#0 /wordpress/wp-includes/class-wp-hook.php(324): FullCall->install(false)\n#1 /wordpress/wp-includes/class-wp-hook.php(348): WP_Hook->apply_filters('', Array)\n#2 /wordpress/wp-includes/plugin.php(517): WP_Hook->do_action(Array)\n#3 /wordpress/wp-admin/includes/plugin.php(703): do_action('activate_fullca...', false)\n#4 /internal/eval.php(20): activate_plugin('fullcall/fullca...')\n#5 {main}\n  thrown in /wordpress/wp-content/plugins/fullcall/fullcall.php on line 211",
    "log": "/logs/plugins/f/fix-structured-data-errors/error.json"
  },
  {
    "message": "Function wp_enqueue_script was called <strong>incorrectly</strong>. Scripts and styles should not be registered or enqueued until the <code>wp_enqueue_scripts</code>, <code>admin_enqueue_scripts</code>, or <code>login_enqueue_scripts</code> hooks. This notice was triggered by the <code>fyyd-helper</code> handle. Please see <a href=\"https://developer.wordpress.org/advanced-administration/debug/debug-wordpress/\">Debugging in WordPress</a> for more information. (This message was added in version 3.3.0.) in /wordpress/wp-includes/functions.php on line 6121",
    "level": "NOTICE",
    "type": "PHP",
    "test": "asyncify-boot",
    "plugin": "fix-structured-data-errors",
    "details": "[22-May-2025 04:35:56 UTC] PHP Notice:  Function wp_enqueue_script was called <strong>incorrectly</strong>. Scripts and styles should not be registered or enqueued until the <code>wp_enqueue_scripts</code>, <code>admin_enqueue_scripts</code>, or <code>login_enqueue_scripts</code> hooks. This notice was triggered by the <code>fyyd-helper</code> handle. Please see <a href=\"https://developer.wordpress.org/advanced-administration/debug/debug-wordpress/\">Debugging in WordPress</a> for more information. (This message was added in version 3.3.0.) in /wordpress/wp-includes/functions.php on line 6121",
    "log": "/logs/plugins/f/fix-structured-data-errors/error.json"
  },
  {
    "message": "Function wp_enqueue_script was called <strong>incorrectly</strong>. Scripts and styles should not be registered or enqueued until the <code>wp_enqueue_scripts</code>, <code>admin_enqueue_scripts</code>, or <code>login_enqueue_scripts</code> hooks. This notice was triggered by the <code>fyyd-api</code> handle. Please see <a href=\"https://developer.wordpress.org/advanced-administration/debug/debug-wordpress/\">Debugging in WordPress</a> for more information. (This message was added in version 3.3.0.) in /wordpress/wp-includes/functions.php on line 6121",
    "level": "NOTICE",
    "type": "PHP",
    "test": "asyncify-boot",
    "plugin": "fix-structured-data-errors",
    "details": "[22-May-2025 04:35:57 UTC] PHP Notice:  Function wp_enqueue_script was called <strong>incorrectly</strong>. Scripts and styles should not be registered or enqueued until the <code>wp_enqueue_scripts</code>, <code>admin_enqueue_scripts</code>, or <code>login_enqueue_scripts</code> hooks. This notice was triggered by the <code>fyyd-api</code> handle. Please see <a href=\"https://developer.wordpress.org/advanced-administration/debug/debug-wordpress/\">Debugging in WordPress</a> for more information. (This message was added in version 3.3.0.) in /wordpress/wp-includes/functions.php on line 6121",
    "log": "/logs/plugins/f/fix-structured-data-errors/error.json"
  },
  {
    "message": "Function wp_enqueue_script was called <strong>incorrectly</strong>. Scripts and styles should not be registered or enqueued until the <code>wp_enqueue_scripts</code>, <code>admin_enqueue_scripts</code>, or <code>login_enqueue_scripts</code> hooks. This notice was triggered by the <code>fyyd-infoboxes</code> handle. Please see <a href=\"https://developer.wordpress.org/advanced-administration/debug/debug-wordpress/\">Debugging in WordPress</a> for more information. (This message was added in version 3.3.0.) in /wordpress/wp-includes/functions.php on line 6121",
    "level": "NOTICE",
    "type": "PHP",
    "test": "asyncify-boot",
    "plugin": "fix-structured-data-errors",
    "details": "[22-May-2025 04:35:57 UTC] PHP Notice:  Function wp_enqueue_script was called <strong>incorrectly</strong>. Scripts and styles should not be registered or enqueued until the <code>wp_enqueue_scripts</code>, <code>admin_enqueue_scripts</code>, or <code>login_enqueue_scripts</code> hooks. This notice was triggered by the <code>fyyd-infoboxes</code> handle. Please see <a href=\"https://developer.wordpress.org/advanced-administration/debug/debug-wordpress/\">Debugging in WordPress</a> for more information. (This message was added in version 3.3.0.) in /wordpress/wp-includes/functions.php on line 6121",
    "log": "/logs/plugins/f/fix-structured-data-errors/error.json"
  },
  {
    "message": "Function wp_enqueue_script was called <strong>incorrectly</strong>. Scripts and styles should not be registered or enqueued until the <code>wp_enqueue_scripts</code>, <code>admin_enqueue_scripts</code>, or <code>login_enqueue_scripts</code> hooks. This notice was triggered by the <code>fyyd-player</code> handle. Please see <a href=\"https://developer.wordpress.org/advanced-administration/debug/debug-wordpress/\">Debugging in WordPress</a> for more information. (This message was added in version 3.3.0.) in /wordpress/wp-includes/functions.php on line 6121",
    "level": "NOTICE",
    "type": "PHP",
    "test": "asyncify-boot",
    "plugin": "fix-structured-data-errors",
    "details": "[22-May-2025 04:35:57 UTC] PHP Notice:  Function wp_enqueue_script was called <strong>incorrectly</strong>. Scripts and styles should not be registered or enqueued until the <code>wp_enqueue_scripts</code>, <code>admin_enqueue_scripts</code>, or <code>login_enqueue_scripts</code> hooks. This notice was triggered by the <code>fyyd-player</code> handle. Please see <a href=\"https://developer.wordpress.org/advanced-administration/debug/debug-wordpress/\">Debugging in WordPress</a> for more information. (This message was added in version 3.3.0.) in /wordpress/wp-includes/functions.php on line 6121",
    "log": "/logs/plugins/f/fix-structured-data-errors/error.json"
  },
  {
    "message": "Function wp_enqueue_script was called <strong>incorrectly</strong>. Scripts and styles should not be registered or enqueued until the <code>wp_enqueue_scripts</code>, <code>admin_enqueue_scripts</code>, or <code>login_enqueue_scripts</code> hooks. This notice was triggered by the <code>fyyd-podlove-player</code> handle. Please see <a href=\"https://developer.wordpress.org/advanced-administration/debug/debug-wordpress/\">Debugging in WordPress</a> for more information. (This message was added in version 3.3.0.) in /wordpress/wp-includes/functions.php on line 6121",
    "level": "NOTICE",
    "type": "PHP",
    "test": "asyncify-boot",
    "plugin": "fix-structured-data-errors",
    "details": "[22-May-2025 04:35:57 UTC] PHP Notice:  Function wp_enqueue_script was called <strong>incorrectly</strong>. Scripts and styles should not be registered or enqueued until the <code>wp_enqueue_scripts</code>, <code>admin_enqueue_scripts</code>, or <code>login_enqueue_scripts</code> hooks. This notice was triggered by the <code>fyyd-podlove-player</code> handle. Please see <a href=\"https://developer.wordpress.org/advanced-administration/debug/debug-wordpress/\">Debugging in WordPress</a> for more information. (This message was added in version 3.3.0.) in /wordpress/wp-includes/functions.php on line 6121",
    "log": "/logs/plugins/f/fix-structured-data-errors/error.json"
  },
  {
    "message": "Function wp_enqueue_style was called <strong>incorrectly</strong>. Scripts and styles should not be registered or enqueued until the <code>wp_enqueue_scripts</code>, <code>admin_enqueue_scripts</code>, or <code>login_enqueue_scripts</code> hooks. This notice was triggered by the <code>fyyd-css</code> handle. Please see <a href=\"https://developer.wordpress.org/advanced-administration/debug/debug-wordpress/\">Debugging in WordPress</a> for more information. (This message was added in version 3.3.0.) in /wordpress/wp-includes/functions.php on line 6121",
    "level": "NOTICE",
    "type": "PHP",
    "test": "asyncify-boot",
    "plugin": "fix-structured-data-errors",
    "details": "[22-May-2025 04:35:57 UTC] PHP Notice:  Function wp_enqueue_style was called <strong>incorrectly</strong>. Scripts and styles should not be registered or enqueued until the <code>wp_enqueue_scripts</code>, <code>admin_enqueue_scripts</code>, or <code>login_enqueue_scripts</code> hooks. This notice was triggered by the <code>fyyd-css</code> handle. Please see <a href=\"https://developer.wordpress.org/advanced-administration/debug/debug-wordpress/\">Debugging in WordPress</a> for more information. (This message was added in version 3.3.0.) in /wordpress/wp-includes/functions.php on line 6121",
    "log": "/logs/plugins/f/fix-structured-data-errors/error.json"
  },
  {
    "message": "Function is_feed was called <strong>incorrectly</strong>. Conditional query tags do not work before the query is run. Before then, they always return false. Please see <a href=\"https://developer.wordpress.org/advanced-administration/debug/debug-wordpress/\">Debugging in WordPress</a> for more information. (This message was added in version 3.1.0.) in /wordpress/wp-includes/functions.php on line 6121",
    "level": "NOTICE",
    "type": "PHP",
    "test": "asyncify-boot",
    "plugin": "fix-structured-data-errors",
    "details": "[22-May-2025 04:35:57 UTC] PHP Notice:  Function is_feed was called <strong>incorrectly</strong>. Conditional query tags do not work before the query is run. Before then, they always return false. Please see <a href=\"https://developer.wordpress.org/advanced-administration/debug/debug-wordpress/\">Debugging in WordPress</a> for more information. (This message was added in version 3.1.0.) in /wordpress/wp-includes/functions.php on line 6121",
    "log": "/logs/plugins/f/fix-structured-data-errors/error.json"
  },
  {
    "message": "Function wp_enqueue_script was called <strong>incorrectly</strong>. Scripts and styles should not be registered or enqueued until the <code>wp_enqueue_scripts</code>, <code>admin_enqueue_scripts</code>, or <code>login_enqueue_scripts</code> hooks. This notice was triggered by the <code>uikit-js</code> handle. Please see <a href=\"https://developer.wordpress.org/advanced-administration/debug/debug-wordpress/\">Debugging in WordPress</a> for more information. (This message was added in version 3.3.0.) in /wordpress/wp-includes/functions.php on line 6121",
    "level": "NOTICE",
    "type": "PHP",
    "test": "asyncify-boot",
    "plugin": "fix-structured-data-errors",
    "details": "[22-May-2025 04:35:57 UTC] PHP Notice:  Function wp_enqueue_script was called <strong>incorrectly</strong>. Scripts and styles should not be registered or enqueued until the <code>wp_enqueue_scripts</code>, <code>admin_enqueue_scripts</code>, or <code>login_enqueue_scripts</code> hooks. This notice was triggered by the <code>uikit-js</code> handle. Please see <a href=\"https://developer.wordpress.org/advanced-administration/debug/debug-wordpress/\">Debugging in WordPress</a> for more information. (This message was added in version 3.3.0.) in /wordpress/wp-includes/functions.php on line 6121",
    "log": "/logs/plugins/f/fix-structured-data-errors/error.json"
  },
  {
    "message": "Function wp_enqueue_style was called <strong>incorrectly</strong>. Scripts and styles should not be registered or enqueued until the <code>wp_enqueue_scripts</code>, <code>admin_enqueue_scripts</code>, or <code>login_enqueue_scripts</code> hooks. This notice was triggered by the <code>uikit-css</code> handle. Please see <a href=\"https://developer.wordpress.org/advanced-administration/debug/debug-wordpress/\">Debugging in WordPress</a> for more information. (This message was added in version 3.3.0.) in /wordpress/wp-includes/functions.php on line 6121",
    "level": "NOTICE",
    "type": "PHP",
    "test": "asyncify-boot",
    "plugin": "fix-structured-data-errors",
    "details": "[22-May-2025 04:35:57 UTC] PHP Notice:  Function wp_enqueue_style was called <strong>incorrectly</strong>. Scripts and styles should not be registered or enqueued until the <code>wp_enqueue_scripts</code>, <code>admin_enqueue_scripts</code>, or <code>login_enqueue_scripts</code> hooks. This notice was triggered by the <code>uikit-css</code> handle. Please see <a href=\"https://developer.wordpress.org/advanced-administration/debug/debug-wordpress/\">Debugging in WordPress</a> for more information. (This message was added in version 3.3.0.) in /wordpress/wp-includes/functions.php on line 6121",
    "log": "/logs/plugins/f/fix-structured-data-errors/error.json"
  },
  {
    "message": "Function wp_enqueue_script was called <strong>incorrectly</strong>. Scripts and styles should not be registered or enqueued until the <code>wp_enqueue_scripts</code>, <code>admin_enqueue_scripts</code>, or <code>login_enqueue_scripts</code> hooks. This notice was triggered by the <code>fyyd-helper</code> handle. Please see <a href=\"https://developer.wordpress.org/advanced-administration/debug/debug-wordpress/\">Debugging in WordPress</a> for more information. (This message was added in version 3.3.0.) in /wordpress/wp-includes/functions.php on line 6121",
    "level": "NOTICE",
    "type": "PHP",
    "test": "asyncify-boot",
    "plugin": "fix-structured-data-errors",
    "details": "[22-May-2025 04:36:06 UTC] PHP Notice:  Function wp_enqueue_script was called <strong>incorrectly</strong>. Scripts and styles should not be registered or enqueued until the <code>wp_enqueue_scripts</code>, <code>admin_enqueue_scripts</code>, or <code>login_enqueue_scripts</code> hooks. This notice was triggered by the <code>fyyd-helper</code> handle. Please see <a href=\"https://developer.wordpress.org/advanced-administration/debug/debug-wordpress/\">Debugging in WordPress</a> for more information. (This message was added in version 3.3.0.) in /wordpress/wp-includes/functions.php on line 6121",
    "log": "/logs/plugins/f/fix-structured-data-errors/error.json"
  },
  {
    "message": "Function wp_enqueue_script was called <strong>incorrectly</strong>. Scripts and styles should not be registered or enqueued until the <code>wp_enqueue_scripts</code>, <code>admin_enqueue_scripts</code>, or <code>login_enqueue_scripts</code> hooks. This notice was triggered by the <code>fyyd-api</code> handle. Please see <a href=\"https://developer.wordpress.org/advanced-administration/debug/debug-wordpress/\">Debugging in WordPress</a> for more information. (This message was added in version 3.3.0.) in /wordpress/wp-includes/functions.php on line 6121",
    "level": "NOTICE",
    "type": "PHP",
    "test": "asyncify-boot",
    "plugin": "fix-structured-data-errors",
    "details": "[22-May-2025 04:36:06 UTC] PHP Notice:  Function wp_enqueue_script was called <strong>incorrectly</strong>. Scripts and styles should not be registered or enqueued until the <code>wp_enqueue_scripts</code>, <code>admin_enqueue_scripts</code>, or <code>login_enqueue_scripts</code> hooks. This notice was triggered by the <code>fyyd-api</code> handle. Please see <a href=\"https://developer.wordpress.org/advanced-administration/debug/debug-wordpress/\">Debugging in WordPress</a> for more information. (This message was added in version 3.3.0.) in /wordpress/wp-includes/functions.php on line 6121",
    "log": "/logs/plugins/f/fix-structured-data-errors/error.json"
  },
  {
    "message": "Function wp_enqueue_script was called <strong>incorrectly</strong>. Scripts and styles should not be registered or enqueued until the <code>wp_enqueue_scripts</code>, <code>admin_enqueue_scripts</code>, or <code>login_enqueue_scripts</code> hooks. This notice was triggered by the <code>fyyd-infoboxes</code> handle. Please see <a href=\"https://developer.wordpress.org/advanced-administration/debug/debug-wordpress/\">Debugging in WordPress</a> for more information. (This message was added in version 3.3.0.) in /wordpress/wp-includes/functions.php on line 6121",
    "level": "NOTICE",
    "type": "PHP",
    "test": "asyncify-boot",
    "plugin": "fix-structured-data-errors",
    "details": "[22-May-2025 04:36:06 UTC] PHP Notice:  Function wp_enqueue_script was called <strong>incorrectly</strong>. Scripts and styles should not be registered or enqueued until the <code>wp_enqueue_scripts</code>, <code>admin_enqueue_scripts</code>, or <code>login_enqueue_scripts</code> hooks. This notice was triggered by the <code>fyyd-infoboxes</code> handle. Please see <a href=\"https://developer.wordpress.org/advanced-administration/debug/debug-wordpress/\">Debugging in WordPress</a> for more information. (This message was added in version 3.3.0.) in /wordpress/wp-includes/functions.php on line 6121",
    "log": "/logs/plugins/f/fix-structured-data-errors/error.json"
  },
  {
    "message": "Function wp_enqueue_script was called <strong>incorrectly</strong>. Scripts and styles should not be registered or enqueued until the <code>wp_enqueue_scripts</code>, <code>admin_enqueue_scripts</code>, or <code>login_enqueue_scripts</code> hooks. This notice was triggered by the <code>fyyd-player</code> handle. Please see <a href=\"https://developer.wordpress.org/advanced-administration/debug/debug-wordpress/\">Debugging in WordPress</a> for more information. (This message was added in version 3.3.0.) in /wordpress/wp-includes/functions.php on line 6121",
    "level": "NOTICE",
    "type": "PHP",
    "test": "asyncify-boot",
    "plugin": "fix-structured-data-errors",
    "details": "[22-May-2025 04:36:06 UTC] PHP Notice:  Function wp_enqueue_script was called <strong>incorrectly</strong>. Scripts and styles should not be registered or enqueued until the <code>wp_enqueue_scripts</code>, <code>admin_enqueue_scripts</code>, or <code>login_enqueue_scripts</code> hooks. This notice was triggered by the <code>fyyd-player</code> handle. Please see <a href=\"https://developer.wordpress.org/advanced-administration/debug/debug-wordpress/\">Debugging in WordPress</a> for more information. (This message was added in version 3.3.0.) in /wordpress/wp-includes/functions.php on line 6121",
    "log": "/logs/plugins/f/fix-structured-data-errors/error.json"
  },
  {
    "message": "Function wp_enqueue_script was called <strong>incorrectly</strong>. Scripts and styles should not be registered or enqueued until the <code>wp_enqueue_scripts</code>, <code>admin_enqueue_scripts</code>, or <code>login_enqueue_scripts</code> hooks. This notice was triggered by the <code>fyyd-podlove-player</code> handle. Please see <a href=\"https://developer.wordpress.org/advanced-administration/debug/debug-wordpress/\">Debugging in WordPress</a> for more information. (This message was added in version 3.3.0.) in /wordpress/wp-includes/functions.php on line 6121",
    "level": "NOTICE",
    "type": "PHP",
    "test": "asyncify-boot",
    "plugin": "fix-structured-data-errors",
    "details": "[22-May-2025 04:36:06 UTC] PHP Notice:  Function wp_enqueue_script was called <strong>incorrectly</strong>. Scripts and styles should not be registered or enqueued until the <code>wp_enqueue_scripts</code>, <code>admin_enqueue_scripts</code>, or <code>login_enqueue_scripts</code> hooks. This notice was triggered by the <code>fyyd-podlove-player</code> handle. Please see <a href=\"https://developer.wordpress.org/advanced-administration/debug/debug-wordpress/\">Debugging in WordPress</a> for more information. (This message was added in version 3.3.0.) in /wordpress/wp-includes/functions.php on line 6121",
    "log": "/logs/plugins/f/fix-structured-data-errors/error.json"
  },
  {
    "message": "Function wp_enqueue_style was called <strong>incorrectly</strong>. Scripts and styles should not be registered or enqueued until the <code>wp_enqueue_scripts</code>, <code>admin_enqueue_scripts</code>, or <code>login_enqueue_scripts</code> hooks. This notice was triggered by the <code>fyyd-css</code> handle. Please see <a href=\"https://developer.wordpress.org/advanced-administration/debug/debug-wordpress/\">Debugging in WordPress</a> for more information. (This message was added in version 3.3.0.) in /wordpress/wp-includes/functions.php on line 6121",
    "level": "NOTICE",
    "type": "PHP",
    "test": "asyncify-boot",
    "plugin": "fix-structured-data-errors",
    "details": "[22-May-2025 04:36:06 UTC] PHP Notice:  Function wp_enqueue_style was called <strong>incorrectly</strong>. Scripts and styles should not be registered or enqueued until the <code>wp_enqueue_scripts</code>, <code>admin_enqueue_scripts</code>, or <code>login_enqueue_scripts</code> hooks. This notice was triggered by the <code>fyyd-css</code> handle. Please see <a href=\"https://developer.wordpress.org/advanced-administration/debug/debug-wordpress/\">Debugging in WordPress</a> for more information. (This message was added in version 3.3.0.) in /wordpress/wp-includes/functions.php on line 6121",
    "log": "/logs/plugins/f/fix-structured-data-errors/error.json"
  },
  {
    "message": "Function is_feed was called <strong>incorrectly</strong>. Conditional query tags do not work before the query is run. Before then, they always return false. Please see <a href=\"https://developer.wordpress.org/advanced-administration/debug/debug-wordpress/\">Debugging in WordPress</a> for more information. (This message was added in version 3.1.0.) in /wordpress/wp-includes/functions.php on line 6121",
    "level": "NOTICE",
    "type": "PHP",
    "test": "asyncify-boot",
    "plugin": "fix-structured-data-errors",
    "details": "[22-May-2025 04:36:06 UTC] PHP Notice:  Function is_feed was called <strong>incorrectly</strong>. Conditional query tags do not work before the query is run. Before then, they always return false. Please see <a href=\"https://developer.wordpress.org/advanced-administration/debug/debug-wordpress/\">Debugging in WordPress</a> for more information. (This message was added in version 3.1.0.) in /wordpress/wp-includes/functions.php on line 6121",
    "log": "/logs/plugins/f/fix-structured-data-errors/error.json"
  },
  {
    "message": "Function wp_enqueue_script was called <strong>incorrectly</strong>. Scripts and styles should not be registered or enqueued until the <code>wp_enqueue_scripts</code>, <code>admin_enqueue_scripts</code>, or <code>login_enqueue_scripts</code> hooks. This notice was triggered by the <code>uikit-js</code> handle. Please see <a href=\"https://developer.wordpress.org/advanced-administration/debug/debug-wordpress/\">Debugging in WordPress</a> for more information. (This message was added in version 3.3.0.) in /wordpress/wp-includes/functions.php on line 6121",
    "level": "NOTICE",
    "type": "PHP",
    "test": "asyncify-boot",
    "plugin": "fix-structured-data-errors",
    "details": "[22-May-2025 04:36:06 UTC] PHP Notice:  Function wp_enqueue_script was called <strong>incorrectly</strong>. Scripts and styles should not be registered or enqueued until the <code>wp_enqueue_scripts</code>, <code>admin_enqueue_scripts</code>, or <code>login_enqueue_scripts</code> hooks. This notice was triggered by the <code>uikit-js</code> handle. Please see <a href=\"https://developer.wordpress.org/advanced-administration/debug/debug-wordpress/\">Debugging in WordPress</a> for more information. (This message was added in version 3.3.0.) in /wordpress/wp-includes/functions.php on line 6121",
    "log": "/logs/plugins/f/fix-structured-data-errors/error.json"
  },
  {
    "message": "Function wp_enqueue_style was called <strong>incorrectly</strong>. Scripts and styles should not be registered or enqueued until the <code>wp_enqueue_scripts</code>, <code>admin_enqueue_scripts</code>, or <code>login_enqueue_scripts</code> hooks. This notice was triggered by the <code>uikit-css</code> handle. Please see <a href=\"https://developer.wordpress.org/advanced-administration/debug/debug-wordpress/\">Debugging in WordPress</a> for more information. (This message was added in version 3.3.0.) in /wordpress/wp-includes/functions.php on line 6121",
    "level": "NOTICE",
    "type": "PHP",
    "test": "asyncify-boot",
    "plugin": "fix-structured-data-errors",
    "details": "[22-May-2025 04:36:06 UTC] PHP Notice:  Function wp_enqueue_style was called <strong>incorrectly</strong>. Scripts and styles should not be registered or enqueued until the <code>wp_enqueue_scripts</code>, <code>admin_enqueue_scripts</code>, or <code>login_enqueue_scripts</code> hooks. This notice was triggered by the <code>uikit-css</code> handle. Please see <a href=\"https://developer.wordpress.org/advanced-administration/debug/debug-wordpress/\">Debugging in WordPress</a> for more information. (This message was added in version 3.3.0.) in /wordpress/wp-includes/functions.php on line 6121",
    "log": "/logs/plugins/f/fix-structured-data-errors/error.json"
  },
  {
    "message": "Function wp_enqueue_script was called <strong>incorrectly</strong>. Scripts and styles should not be registered or enqueued until the <code>wp_enqueue_scripts</code>, <code>admin_enqueue_scripts</code>, or <code>login_enqueue_scripts</code> hooks. This notice was triggered by the <code>fyyd-helper</code> handle. Please see <a href=\"https://developer.wordpress.org/advanced-administration/debug/debug-wordpress/\">Debugging in WordPress</a> for more information. (This message was added in version 3.3.0.) in /wordpress/wp-includes/functions.php on line 6121",
    "level": "NOTICE",
    "type": "PHP",
    "test": "asyncify-boot",
    "plugin": "fix-structured-data-errors",
    "details": "[22-May-2025 04:36:14 UTC] PHP Notice:  Function wp_enqueue_script was called <strong>incorrectly</strong>. Scripts and styles should not be registered or enqueued until the <code>wp_enqueue_scripts</code>, <code>admin_enqueue_scripts</code>, or <code>login_enqueue_scripts</code> hooks. This notice was triggered by the <code>fyyd-helper</code> handle. Please see <a href=\"https://developer.wordpress.org/advanced-administration/debug/debug-wordpress/\">Debugging in WordPress</a> for more information. (This message was added in version 3.3.0.) in /wordpress/wp-includes/functions.php on line 6121",
    "log": "/logs/plugins/f/fix-structured-data-errors/error.json"
  },
  {
    "message": "Function wp_enqueue_script was called <strong>incorrectly</strong>. Scripts and styles should not be registered or enqueued until the <code>wp_enqueue_scripts</code>, <code>admin_enqueue_scripts</code>, or <code>login_enqueue_scripts</code> hooks. This notice was triggered by the <code>fyyd-api</code> handle. Please see <a href=\"https://developer.wordpress.org/advanced-administration/debug/debug-wordpress/\">Debugging in WordPress</a> for more information. (This message was added in version 3.3.0.) in /wordpress/wp-includes/functions.php on line 6121",
    "level": "NOTICE",
    "type": "PHP",
    "test": "asyncify-boot",
    "plugin": "fix-structured-data-errors",
    "details": "[22-May-2025 04:36:14 UTC] PHP Notice:  Function wp_enqueue_script was called <strong>incorrectly</strong>. Scripts and styles should not be registered or enqueued until the <code>wp_enqueue_scripts</code>, <code>admin_enqueue_scripts</code>, or <code>login_enqueue_scripts</code> hooks. This notice was triggered by the <code>fyyd-api</code> handle. Please see <a href=\"https://developer.wordpress.org/advanced-administration/debug/debug-wordpress/\">Debugging in WordPress</a> for more information. (This message was added in version 3.3.0.) in /wordpress/wp-includes/functions.php on line 6121",
    "log": "/logs/plugins/f/fix-structured-data-errors/error.json"
  },
  {
    "message": "Function wp_enqueue_script was called <strong>incorrectly</strong>. Scripts and styles should not be registered or enqueued until the <code>wp_enqueue_scripts</code>, <code>admin_enqueue_scripts</code>, or <code>login_enqueue_scripts</code> hooks. This notice was triggered by the <code>fyyd-infoboxes</code> handle. Please see <a href=\"https://developer.wordpress.org/advanced-administration/debug/debug-wordpress/\">Debugging in WordPress</a> for more information. (This message was added in version 3.3.0.) in /wordpress/wp-includes/functions.php on line 6121",
    "level": "NOTICE",
    "type": "PHP",
    "test": "asyncify-boot",
    "plugin": "fix-structured-data-errors",
    "details": "[22-May-2025 04:36:14 UTC] PHP Notice:  Function wp_enqueue_script was called <strong>incorrectly</strong>. Scripts and styles should not be registered or enqueued until the <code>wp_enqueue_scripts</code>, <code>admin_enqueue_scripts</code>, or <code>login_enqueue_scripts</code> hooks. This notice was triggered by the <code>fyyd-infoboxes</code> handle. Please see <a href=\"https://developer.wordpress.org/advanced-administration/debug/debug-wordpress/\">Debugging in WordPress</a> for more information. (This message was added in version 3.3.0.) in /wordpress/wp-includes/functions.php on line 6121",
    "log": "/logs/plugins/f/fix-structured-data-errors/error.json"
  },
  {
    "message": "Function wp_enqueue_script was called <strong>incorrectly</strong>. Scripts and styles should not be registered or enqueued until the <code>wp_enqueue_scripts</code>, <code>admin_enqueue_scripts</code>, or <code>login_enqueue_scripts</code> hooks. This notice was triggered by the <code>fyyd-player</code> handle. Please see <a href=\"https://developer.wordpress.org/advanced-administration/debug/debug-wordpress/\">Debugging in WordPress</a> for more information. (This message was added in version 3.3.0.) in /wordpress/wp-includes/functions.php on line 6121",
    "level": "NOTICE",
    "type": "PHP",
    "test": "asyncify-boot",
    "plugin": "fix-structured-data-errors",
    "details": "[22-May-2025 04:36:14 UTC] PHP Notice:  Function wp_enqueue_script was called <strong>incorrectly</strong>. Scripts and styles should not be registered or enqueued until the <code>wp_enqueue_scripts</code>, <code>admin_enqueue_scripts</code>, or <code>login_enqueue_scripts</code> hooks. This notice was triggered by the <code>fyyd-player</code> handle. Please see <a href=\"https://developer.wordpress.org/advanced-administration/debug/debug-wordpress/\">Debugging in WordPress</a> for more information. (This message was added in version 3.3.0.) in /wordpress/wp-includes/functions.php on line 6121",
    "log": "/logs/plugins/f/fix-structured-data-errors/error.json"
  },
  {
    "message": "Function wp_enqueue_script was called <strong>incorrectly</strong>. Scripts and styles should not be registered or enqueued until the <code>wp_enqueue_scripts</code>, <code>admin_enqueue_scripts</code>, or <code>login_enqueue_scripts</code> hooks. This notice was triggered by the <code>fyyd-podlove-player</code> handle. Please see <a href=\"https://developer.wordpress.org/advanced-administration/debug/debug-wordpress/\">Debugging in WordPress</a> for more information. (This message was added in version 3.3.0.) in /wordpress/wp-includes/functions.php on line 6121",
    "level": "NOTICE",
    "type": "PHP",
    "test": "asyncify-boot",
    "plugin": "fix-structured-data-errors",
    "details": "[22-May-2025 04:36:14 UTC] PHP Notice:  Function wp_enqueue_script was called <strong>incorrectly</strong>. Scripts and styles should not be registered or enqueued until the <code>wp_enqueue_scripts</code>, <code>admin_enqueue_scripts</code>, or <code>login_enqueue_scripts</code> hooks. This notice was triggered by the <code>fyyd-podlove-player</code> handle. Please see <a href=\"https://developer.wordpress.org/advanced-administration/debug/debug-wordpress/\">Debugging in WordPress</a> for more information. (This message was added in version 3.3.0.) in /wordpress/wp-includes/functions.php on line 6121",
    "log": "/logs/plugins/f/fix-structured-data-errors/error.json"
  },
  {
    "message": "Function wp_enqueue_style was called <strong>incorrectly</strong>. Scripts and styles should not be registered or enqueued until the <code>wp_enqueue_scripts</code>, <code>admin_enqueue_scripts</code>, or <code>login_enqueue_scripts</code> hooks. This notice was triggered by the <code>fyyd-css</code> handle. Please see <a href=\"https://developer.wordpress.org/advanced-administration/debug/debug-wordpress/\">Debugging in WordPress</a> for more information. (This message was added in version 3.3.0.) in /wordpress/wp-includes/functions.php on line 6121",
    "level": "NOTICE",
    "type": "PHP",
    "test": "asyncify-boot",
    "plugin": "fix-structured-data-errors",
    "details": "[22-May-2025 04:36:14 UTC] PHP Notice:  Function wp_enqueue_style was called <strong>incorrectly</strong>. Scripts and styles should not be registered or enqueued until the <code>wp_enqueue_scripts</code>, <code>admin_enqueue_scripts</code>, or <code>login_enqueue_scripts</code> hooks. This notice was triggered by the <code>fyyd-css</code> handle. Please see <a href=\"https://developer.wordpress.org/advanced-administration/debug/debug-wordpress/\">Debugging in WordPress</a> for more information. (This message was added in version 3.3.0.) in /wordpress/wp-includes/functions.php on line 6121",
    "log": "/logs/plugins/f/fix-structured-data-errors/error.json"
  },
  {
    "message": "Function is_feed was called <strong>incorrectly</strong>. Conditional query tags do not work before the query is run. Before then, they always return false. Please see <a href=\"https://developer.wordpress.org/advanced-administration/debug/debug-wordpress/\">Debugging in WordPress</a> for more information. (This message was added in version 3.1.0.) in /wordpress/wp-includes/functions.php on line 6121",
    "level": "NOTICE",
    "type": "PHP",
    "test": "asyncify-boot",
    "plugin": "fix-structured-data-errors",
    "details": "[22-May-2025 04:36:14 UTC] PHP Notice:  Function is_feed was called <strong>incorrectly</strong>. Conditional query tags do not work before the query is run. Before then, they always return false. Please see <a href=\"https://developer.wordpress.org/advanced-administration/debug/debug-wordpress/\">Debugging in WordPress</a> for more information. (This message was added in version 3.1.0.) in /wordpress/wp-includes/functions.php on line 6121",
    "log": "/logs/plugins/f/fix-structured-data-errors/error.json"
  },
  {
    "message": "Function wp_enqueue_script was called <strong>incorrectly</strong>. Scripts and styles should not be registered or enqueued until the <code>wp_enqueue_scripts</code>, <code>admin_enqueue_scripts</code>, or <code>login_enqueue_scripts</code> hooks. This notice was triggered by the <code>uikit-js</code> handle. Please see <a href=\"https://developer.wordpress.org/advanced-administration/debug/debug-wordpress/\">Debugging in WordPress</a> for more information. (This message was added in version 3.3.0.) in /wordpress/wp-includes/functions.php on line 6121",
    "level": "NOTICE",
    "type": "PHP",
    "test": "asyncify-boot",
    "plugin": "fix-structured-data-errors",
    "details": "[22-May-2025 04:36:14 UTC] PHP Notice:  Function wp_enqueue_script was called <strong>incorrectly</strong>. Scripts and styles should not be registered or enqueued until the <code>wp_enqueue_scripts</code>, <code>admin_enqueue_scripts</code>, or <code>login_enqueue_scripts</code> hooks. This notice was triggered by the <code>uikit-js</code> handle. Please see <a href=\"https://developer.wordpress.org/advanced-administration/debug/debug-wordpress/\">Debugging in WordPress</a> for more information. (This message was added in version 3.3.0.) in /wordpress/wp-includes/functions.php on line 6121",
    "log": "/logs/plugins/f/fix-structured-data-errors/error.json"
  },
  {
    "message": "Function wp_enqueue_style was called <strong>incorrectly</strong>. Scripts and styles should not be registered or enqueued until the <code>wp_enqueue_scripts</code>, <code>admin_enqueue_scripts</code>, or <code>login_enqueue_scripts</code> hooks. This notice was triggered by the <code>uikit-css</code> handle. Please see <a href=\"https://developer.wordpress.org/advanced-administration/debug/debug-wordpress/\">Debugging in WordPress</a> for more information. (This message was added in version 3.3.0.) in /wordpress/wp-includes/functions.php on line 6121",
    "level": "NOTICE",
    "type": "PHP",
    "test": "asyncify-boot",
    "plugin": "fix-structured-data-errors",
    "details": "[22-May-2025 04:36:14 UTC] PHP Notice:  Function wp_enqueue_style was called <strong>incorrectly</strong>. Scripts and styles should not be registered or enqueued until the <code>wp_enqueue_scripts</code>, <code>admin_enqueue_scripts</code>, or <code>login_enqueue_scripts</code> hooks. This notice was triggered by the <code>uikit-css</code> handle. Please see <a href=\"https://developer.wordpress.org/advanced-administration/debug/debug-wordpress/\">Debugging in WordPress</a> for more information. (This message was added in version 3.3.0.) in /wordpress/wp-includes/functions.php on line 6121",
    "log": "/logs/plugins/f/fix-structured-data-errors/error.json"
  },
  {
    "message": "Function _load_textdomain_just_in_time was called <strong>incorrectly</strong>. Translation loading for the <code>firmasite-members-menu</code> domain was triggered too early. This is usually an indicator for some code in the plugin or theme running too early. Translations should be loaded at the <code>init</code> action or later. Please see <a href=\"https://developer.wordpress.org/advanced-administration/debug/debug-wordpress/\">Debugging in WordPress</a> for more information. (This message was added in version 6.7.0.) in /wordpress/wp-includes/functions.php on line 6121",
    "level": "NOTICE",
    "type": "PHP",
    "test": "asyncify-boot",
    "plugin": "fix-structured-data-errors",
    "details": "[22-May-2025 04:37:19 UTC] PHP Notice:  Function _load_textdomain_just_in_time was called <strong>incorrectly</strong>. Translation loading for the <code>firmasite-members-menu</code> domain was triggered too early. This is usually an indicator for some code in the plugin or theme running too early. Translations should be loaded at the <code>init</code> action or later. Please see <a href=\"https://developer.wordpress.org/advanced-administration/debug/debug-wordpress/\">Debugging in WordPress</a> for more information. (This message was added in version 6.7.0.) in /wordpress/wp-includes/functions.php on line 6121",
    "log": "/logs/plugins/f/fix-structured-data-errors/error.json"
  },
  {
    "message": "Function _load_textdomain_just_in_time was called <strong>incorrectly</strong>. Translation loading for the <code>firmasite-members-menu</code> domain was triggered too early. This is usually an indicator for some code in the plugin or theme running too early. Translations should be loaded at the <code>init</code> action or later. Please see <a href=\"https://developer.wordpress.org/advanced-administration/debug/debug-wordpress/\">Debugging in WordPress</a> for more information. (This message was added in version 6.7.0.) in /wordpress/wp-includes/functions.php on line 6121",
    "level": "NOTICE",
    "type": "PHP",
    "test": "asyncify-boot",
    "plugin": "fix-structured-data-errors",
    "details": "[22-May-2025 04:37:27 UTC] PHP Notice:  Function _load_textdomain_just_in_time was called <strong>incorrectly</strong>. Translation loading for the <code>firmasite-members-menu</code> domain was triggered too early. This is usually an indicator for some code in the plugin or theme running too early. Translations should be loaded at the <code>init</code> action or later. Please see <a href=\"https://developer.wordpress.org/advanced-administration/debug/debug-wordpress/\">Debugging in WordPress</a> for more information. (This message was added in version 6.7.0.) in /wordpress/wp-includes/functions.php on line 6121",
    "log": "/logs/plugins/f/fix-structured-data-errors/error.json"
  },
  {
    "message": "Function _load_textdomain_just_in_time was called <strong>incorrectly</strong>. Translation loading for the <code>firmasite-members-menu</code> domain was triggered too early. This is usually an indicator for some code in the plugin or theme running too early. Translations should be loaded at the <code>init</code> action or later. Please see <a href=\"https://developer.wordpress.org/advanced-administration/debug/debug-wordpress/\">Debugging in WordPress</a> for more information. (This message was added in version 6.7.0.) in /wordpress/wp-includes/functions.php on line 6121",
    "level": "NOTICE",
    "type": "PHP",
    "test": "asyncify-boot",
    "plugin": "fix-structured-data-errors",
    "details": "[22-May-2025 04:37:36 UTC] PHP Notice:  Function _load_textdomain_just_in_time was called <strong>incorrectly</strong>. Translation loading for the <code>firmasite-members-menu</code> domain was triggered too early. This is usually an indicator for some code in the plugin or theme running too early. Translations should be loaded at the <code>init</code> action or later. Please see <a href=\"https://developer.wordpress.org/advanced-administration/debug/debug-wordpress/\">Debugging in WordPress</a> for more information. (This message was added in version 6.7.0.) in /wordpress/wp-includes/functions.php on line 6121\n\n    at Object.onBind (file:///home/runner/work/playground-tester/playground-tester/node_modules/@wp-playground/cli/index.js:237:15)\n    at process.processTicksAndRejections (node:internal/process/task_queues:105:5)\n    at async V (file:///home/runner/work/playground-tester/playground-tester/node_modules/@wp-playground/cli/index.js:64:10)\n    at async ja (file:///home/runner/work/playground-tester/playground-tester/node_modules/@wp-playground/cli/cli.js:8161:12) {\n  [cause]: Error: Error when executing the blueprint step #1 ({\"step\":\"installPlugin\",\"pluginData\":{\"resource\":\"wordpress.org/plugins\",\"slug\":\"fix-structured-data-errors\"},\"options\":{\"activate\":true}}) : Plugin /wordpress/wp-content/plugins/fix-structured-data-errors could not be activated  WordPress exited with no error. Sometimes, when $_SERVER or site options are not configured correctly, WordPress exits early with a 301 redirect. Inspect the \"debug\" logs in the console for more details.\n      at Object.run (file:///home/runner/work/playground-tester/playground-tester/node_modules/@wp-playground/blueprints/index.js:12449:19)\n      at process.processTicksAndRejections (node:internal/process/task_queues:105:5)\n      at async ms (file:///home/runner/work/playground-tester/playground-tester/node_modules/@wp-playground/blueprints/index.js:12552:3)\n      ... 2 lines matching cause stack trace ...\n      at async ja (file:///home/runner/work/playground-tester/playground-tester/node_modules/@wp-playground/cli/cli.js:8161:12) {\n    [cause]: Error: Plugin /wordpress/wp-content/plugins/fix-structured-data-errors could not be activated  WordPress exited with no error. Sometimes, when $_SERVER or site options are not configured correctly, WordPress exits early with a 301 redirect. Inspect the \"debug\" logs in the console for more details.\n        at wr (file:///home/runner/work/playground-tester/playground-tester/node_modules/@wp-playground/blueprints/index.js:119:51)\n        at process.processTicksAndRejections (node:internal/process/task_queues:105:5)\n        at async Object.gt [as installPlugin] (file:///home/runner/work/playground-tester/playground-tester/node_modules/@wp-playground/blueprints/index.js:974:42)\n        at async g (file:///home/runner/work/playground-tester/playground-tester/node_modules/@wp-playground/blueprints/index.js:12517:30)\n        at async Object.run (file:///home/runner/work/playground-tester/playground-tester/node_modules/@wp-playground/blueprints/index.js:12446:23)\n        at async ms (file:///home/runner/work/playground-tester/playground-tester/node_modules/@wp-playground/blueprints/index.js:12552:3)\n        at async Object.onBind (file:///home/runner/work/playground-tester/playground-tester/node_modules/@wp-playground/cli/index.js:227:48)\n        at async V (file:///home/runner/work/playground-tester/playground-tester/node_modules/@wp-playground/cli/index.js:64:10)\n        at async ja (file:///home/runner/work/playground-tester/playground-tester/node_modules/@wp-playground/cli/cli.js:8161:12)\n  }\n}\n\n",
    "log": "/logs/plugins/f/fix-structured-data-errors/error.json"
  },
  {
    "message": "file:///home/runner/work/playground-tester/playground-tester/node_modules/@wp-playground/cli/index.js:237\n        throw new Error(y, { cause: u });\n              ^\n",
    "level": "FATAL",
    "type": "PLAYGROUND",
    "test": "jspi-boot",
    "plugin": "fix-structured-data-errors",
    "details": "file:///home/runner/work/playground-tester/playground-tester/node_modules/@wp-playground/cli/index.js:237\n        throw new Error(y, { cause: u });\n              ^\n",
    "log": "/tmp/tmp.OzRMsfVeLV"
  },
  {
    "message": "Undefined array key \"REMOTE_ADDR\" in /wordpress/wp-content/plugins/finch/finch.php on line 23",
    "level": "WARNING",
    "type": "PHP",
    "test": "jspi-boot",
    "plugin": "fix-structured-data-errors",
    "details": "[22-May-2025 04:34:32 UTC] PHP Warning:  Undefined array key \"REMOTE_ADDR\" in /wordpress/wp-content/plugins/finch/finch.php on line 23",
    "log": "/logs/plugins/f/fix-structured-data-errors/error.json"
  },
  {
    "message": "Undefined array key \"REMOTE_ADDR\" in /wordpress/wp-content/plugins/finch/finch.php on line 23",
    "level": "WARNING",
    "type": "PHP",
    "test": "jspi-boot",
    "plugin": "fix-structured-data-errors",
    "details": "[22-May-2025 04:34:33 UTC] PHP Warning:  Undefined array key \"REMOTE_ADDR\" in /wordpress/wp-content/plugins/finch/finch.php on line 23",
    "log": "/logs/plugins/f/fix-structured-data-errors/error.json"
  },
  {
    "message": "[22-May-2025 04:34:33 UTC] Exception: cURL error 35: OpenSSL SSL_connect: SSL_ERROR_SYSCALL in connection to api.finch.io:443  in /wordpress/wp-content/plugins/finch/api/finch_api_client.class.php:73\nStack trace:\n#0 /wordpress/wp-content/plugins/finch/api/finch_api_client.class.php(208): FinchApiClient->get('/config/snippet')\n#1 /wordpress/wp-content/plugins/finch/classes/finch.class.php(104): FinchApiClient->getSnippetData()\n#2 /wordpress/wp-includes/class-wp-hook.php(324): Finch->finchInit('')\n#3 /wordpress/wp-includes/class-wp-hook.php(348): WP_Hook->apply_filters(NULL, Array)\n#4 /wordpress/wp-includes/plugin.php(517): WP_Hook->do_action(Array)\n#5 /wordpress/wp-settings.php(727): do_action('init')\n#6 /wordpress/wp-config.php(102): require_once('/wordpress/wp-s...')\n#7 /wordpress/wp-load.php(50): require_once('/wordpress/wp-c...')\n#8 /internal/eval.php(3): require_once('/wordpress/wp-l...')\n#9 {main}",
    "level": "INFO",
    "type": "OTHER",
    "test": "jspi-boot",
    "plugin": "fix-structured-data-errors",
    "details": "[22-May-2025 04:34:33 UTC] Exception: cURL error 35: OpenSSL SSL_connect: SSL_ERROR_SYSCALL in connection to api.finch.io:443  in /wordpress/wp-content/plugins/finch/api/finch_api_client.class.php:73\nStack trace:\n#0 /wordpress/wp-content/plugins/finch/api/finch_api_client.class.php(208): FinchApiClient->get('/config/snippet')\n#1 /wordpress/wp-content/plugins/finch/classes/finch.class.php(104): FinchApiClient->getSnippetData()\n#2 /wordpress/wp-includes/class-wp-hook.php(324): Finch->finchInit('')\n#3 /wordpress/wp-includes/class-wp-hook.php(348): WP_Hook->apply_filters(NULL, Array)\n#4 /wordpress/wp-includes/plugin.php(517): WP_Hook->do_action(Array)\n#5 /wordpress/wp-settings.php(727): do_action('init')\n#6 /wordpress/wp-config.php(102): require_once('/wordpress/wp-s...')\n#7 /wordpress/wp-load.php(50): require_once('/wordpress/wp-c...')\n#8 /internal/eval.php(3): require_once('/wordpress/wp-l...')\n#9 {main}",
    "log": "/logs/plugins/f/fix-structured-data-errors/error.json"
  },
  {
    "message": "Attempt to read property \"version\" on bool in /wordpress/wp-content/plugins/finch/classes/finch.class.php on line 106",
    "level": "WARNING",
    "type": "PHP",
    "test": "jspi-boot",
    "plugin": "fix-structured-data-errors",
    "details": "[22-May-2025 04:34:33 UTC] PHP Warning:  Attempt to read property \"version\" on bool in /wordpress/wp-content/plugins/finch/classes/finch.class.php on line 106",
    "log": "/logs/plugins/f/fix-structured-data-errors/error.json"
  },
  {
    "message": "Attempt to read property \"version\" on bool in /wordpress/wp-content/plugins/finch/classes/finch.class.php on line 107",
    "level": "WARNING",
    "type": "PHP",
    "test": "jspi-boot",
    "plugin": "fix-structured-data-errors",
    "details": "[22-May-2025 04:34:33 UTC] PHP Warning:  Attempt to read property \"version\" on bool in /wordpress/wp-content/plugins/finch/classes/finch.class.php on line 107",
    "log": "/logs/plugins/f/fix-structured-data-errors/error.json"
  },
  {
    "message": "Attempt to read property \"version\" on bool in /wordpress/wp-content/plugins/finch/classes/finch.class.php on line 108",
    "level": "WARNING",
    "type": "PHP",
    "test": "jspi-boot",
    "plugin": "fix-structured-data-errors",
    "details": "[22-May-2025 04:34:33 UTC] PHP Warning:  Attempt to read property \"version\" on bool in /wordpress/wp-content/plugins/finch/classes/finch.class.php on line 108",
    "log": "/logs/plugins/f/fix-structured-data-errors/error.json"
  },
  {
    "message": "Undefined array key \"REMOTE_ADDR\" in /wordpress/wp-content/plugins/finch/finch.php on line 23",
    "level": "WARNING",
    "type": "PHP",
    "test": "jspi-boot",
    "plugin": "fix-structured-data-errors",
    "details": "[22-May-2025 04:34:41 UTC] PHP Warning:  Undefined array key \"REMOTE_ADDR\" in /wordpress/wp-content/plugins/finch/finch.php on line 23",
    "log": "/logs/plugins/f/fix-structured-data-errors/error.json"
  },
  {
    "message": "Undefined array key \"REMOTE_ADDR\" in /wordpress/wp-content/plugins/finch/finch.php on line 23",
    "level": "WARNING",
    "type": "PHP",
    "test": "jspi-boot",
    "plugin": "fix-structured-data-errors",
    "details": "[22-May-2025 04:34:42 UTC] PHP Warning:  Undefined array key \"REMOTE_ADDR\" in /wordpress/wp-content/plugins/finch/finch.php on line 23",
    "log": "/logs/plugins/f/fix-structured-data-errors/error.json"
  },
  {
    "message": "[22-May-2025 04:34:42 UTC] Exception: cURL error 35: OpenSSL SSL_connect: SSL_ERROR_SYSCALL in connection to api.finch.io:443  in /wordpress/wp-content/plugins/finch/api/finch_api_client.class.php:73\nStack trace:\n#0 /wordpress/wp-content/plugins/finch/api/finch_api_client.class.php(208): FinchApiClient->get('/config/snippet')\n#1 /wordpress/wp-content/plugins/finch/classes/finch.class.php(104): FinchApiClient->getSnippetData()\n#2 /wordpress/wp-includes/class-wp-hook.php(324): Finch->finchInit('')\n#3 /wordpress/wp-includes/class-wp-hook.php(348): WP_Hook->apply_filters(NULL, Array)\n#4 /wordpress/wp-includes/plugin.php(517): WP_Hook->do_action(Array)\n#5 /wordpress/wp-settings.php(727): do_action('init')\n#6 /wordpress/wp-config.php(102): require_once('/wordpress/wp-s...')\n#7 /wordpress/wp-load.php(50): require_once('/wordpress/wp-c...')\n#8 /internal/eval.php(3): require_once('/wordpress/wp-l...')\n#9 {main}",
    "level": "INFO",
    "type": "OTHER",
    "test": "jspi-boot",
    "plugin": "fix-structured-data-errors",
    "details": "[22-May-2025 04:34:42 UTC] Exception: cURL error 35: OpenSSL SSL_connect: SSL_ERROR_SYSCALL in connection to api.finch.io:443  in /wordpress/wp-content/plugins/finch/api/finch_api_client.class.php:73\nStack trace:\n#0 /wordpress/wp-content/plugins/finch/api/finch_api_client.class.php(208): FinchApiClient->get('/config/snippet')\n#1 /wordpress/wp-content/plugins/finch/classes/finch.class.php(104): FinchApiClient->getSnippetData()\n#2 /wordpress/wp-includes/class-wp-hook.php(324): Finch->finchInit('')\n#3 /wordpress/wp-includes/class-wp-hook.php(348): WP_Hook->apply_filters(NULL, Array)\n#4 /wordpress/wp-includes/plugin.php(517): WP_Hook->do_action(Array)\n#5 /wordpress/wp-settings.php(727): do_action('init')\n#6 /wordpress/wp-config.php(102): require_once('/wordpress/wp-s...')\n#7 /wordpress/wp-load.php(50): require_once('/wordpress/wp-c...')\n#8 /internal/eval.php(3): require_once('/wordpress/wp-l...')\n#9 {main}",
    "log": "/logs/plugins/f/fix-structured-data-errors/error.json"
  },
  {
    "message": "Attempt to read property \"version\" on bool in /wordpress/wp-content/plugins/finch/classes/finch.class.php on line 106",
    "level": "WARNING",
    "type": "PHP",
    "test": "jspi-boot",
    "plugin": "fix-structured-data-errors",
    "details": "[22-May-2025 04:34:42 UTC] PHP Warning:  Attempt to read property \"version\" on bool in /wordpress/wp-content/plugins/finch/classes/finch.class.php on line 106",
    "log": "/logs/plugins/f/fix-structured-data-errors/error.json"
  },
  {
    "message": "Attempt to read property \"version\" on bool in /wordpress/wp-content/plugins/finch/classes/finch.class.php on line 107",
    "level": "WARNING",
    "type": "PHP",
    "test": "jspi-boot",
    "plugin": "fix-structured-data-errors",
    "details": "[22-May-2025 04:34:42 UTC] PHP Warning:  Attempt to read property \"version\" on bool in /wordpress/wp-content/plugins/finch/classes/finch.class.php on line 107",
    "log": "/logs/plugins/f/fix-structured-data-errors/error.json"
  },
  {
    "message": "Attempt to read property \"version\" on bool in /wordpress/wp-content/plugins/finch/classes/finch.class.php on line 108",
    "level": "WARNING",
    "type": "PHP",
    "test": "jspi-boot",
    "plugin": "fix-structured-data-errors",
    "details": "[22-May-2025 04:34:42 UTC] PHP Warning:  Attempt to read property \"version\" on bool in /wordpress/wp-content/plugins/finch/classes/finch.class.php on line 108",
    "log": "/logs/plugins/f/fix-structured-data-errors/error.json"
  },
  {
    "message": "Undefined array key \"REMOTE_ADDR\" in /wordpress/wp-content/plugins/finch/finch.php on line 23",
    "level": "WARNING",
    "type": "PHP",
    "test": "jspi-boot",
    "plugin": "fix-structured-data-errors",
    "details": "[22-May-2025 04:34:51 UTC] PHP Warning:  Undefined array key \"REMOTE_ADDR\" in /wordpress/wp-content/plugins/finch/finch.php on line 23",
    "log": "/logs/plugins/f/fix-structured-data-errors/error.json"
  },
  {
    "message": "Undefined array key \"REMOTE_ADDR\" in /wordpress/wp-content/plugins/finch/finch.php on line 23",
    "level": "WARNING",
    "type": "PHP",
    "test": "jspi-boot",
    "plugin": "fix-structured-data-errors",
    "details": "[22-May-2025 04:34:52 UTC] PHP Warning:  Undefined array key \"REMOTE_ADDR\" in /wordpress/wp-content/plugins/finch/finch.php on line 23",
    "log": "/logs/plugins/f/fix-structured-data-errors/error.json"
  },
  {
    "message": "[22-May-2025 04:34:52 UTC] Exception: cURL error 35: OpenSSL SSL_connect: SSL_ERROR_SYSCALL in connection to api.finch.io:443  in /wordpress/wp-content/plugins/finch/api/finch_api_client.class.php:73\nStack trace:\n#0 /wordpress/wp-content/plugins/finch/api/finch_api_client.class.php(208): FinchApiClient->get('/config/snippet')\n#1 /wordpress/wp-content/plugins/finch/classes/finch.class.php(104): FinchApiClient->getSnippetData()\n#2 /wordpress/wp-includes/class-wp-hook.php(324): Finch->finchInit('')\n#3 /wordpress/wp-includes/class-wp-hook.php(348): WP_Hook->apply_filters(NULL, Array)\n#4 /wordpress/wp-includes/plugin.php(517): WP_Hook->do_action(Array)\n#5 /wordpress/wp-settings.php(727): do_action('init')\n#6 /wordpress/wp-config.php(102): require_once('/wordpress/wp-s...')\n#7 /wordpress/wp-load.php(50): require_once('/wordpress/wp-c...')\n#8 /internal/eval.php(3): require_once('/wordpress/wp-l...')\n#9 {main}",
    "level": "INFO",
    "type": "OTHER",
    "test": "jspi-boot",
    "plugin": "fix-structured-data-errors",
    "details": "[22-May-2025 04:34:52 UTC] Exception: cURL error 35: OpenSSL SSL_connect: SSL_ERROR_SYSCALL in connection to api.finch.io:443  in /wordpress/wp-content/plugins/finch/api/finch_api_client.class.php:73\nStack trace:\n#0 /wordpress/wp-content/plugins/finch/api/finch_api_client.class.php(208): FinchApiClient->get('/config/snippet')\n#1 /wordpress/wp-content/plugins/finch/classes/finch.class.php(104): FinchApiClient->getSnippetData()\n#2 /wordpress/wp-includes/class-wp-hook.php(324): Finch->finchInit('')\n#3 /wordpress/wp-includes/class-wp-hook.php(348): WP_Hook->apply_filters(NULL, Array)\n#4 /wordpress/wp-includes/plugin.php(517): WP_Hook->do_action(Array)\n#5 /wordpress/wp-settings.php(727): do_action('init')\n#6 /wordpress/wp-config.php(102): require_once('/wordpress/wp-s...')\n#7 /wordpress/wp-load.php(50): require_once('/wordpress/wp-c...')\n#8 /internal/eval.php(3): require_once('/wordpress/wp-l...')\n#9 {main}",
    "log": "/logs/plugins/f/fix-structured-data-errors/error.json"
  },
  {
    "message": "Attempt to read property \"version\" on bool in /wordpress/wp-content/plugins/finch/classes/finch.class.php on line 106",
    "level": "WARNING",
    "type": "PHP",
    "test": "jspi-boot",
    "plugin": "fix-structured-data-errors",
    "details": "[22-May-2025 04:34:52 UTC] PHP Warning:  Attempt to read property \"version\" on bool in /wordpress/wp-content/plugins/finch/classes/finch.class.php on line 106",
    "log": "/logs/plugins/f/fix-structured-data-errors/error.json"
  },
  {
    "message": "Attempt to read property \"version\" on bool in /wordpress/wp-content/plugins/finch/classes/finch.class.php on line 107",
    "level": "WARNING",
    "type": "PHP",
    "test": "jspi-boot",
    "plugin": "fix-structured-data-errors",
    "details": "[22-May-2025 04:34:52 UTC] PHP Warning:  Attempt to read property \"version\" on bool in /wordpress/wp-content/plugins/finch/classes/finch.class.php on line 107",
    "log": "/logs/plugins/f/fix-structured-data-errors/error.json"
  },
  {
    "message": "Attempt to read property \"version\" on bool in /wordpress/wp-content/plugins/finch/classes/finch.class.php on line 108",
    "level": "WARNING",
    "type": "PHP",
    "test": "jspi-boot",
    "plugin": "fix-structured-data-errors",
    "details": "[22-May-2025 04:34:52 UTC] PHP Warning:  Attempt to read property \"version\" on bool in /wordpress/wp-content/plugins/finch/classes/finch.class.php on line 108",
    "log": "/logs/plugins/f/fix-structured-data-errors/error.json"
  },
  {
    "message": "Accessing static property FullCall::$basename as non static in /wordpress/wp-content/plugins/fullcall/fullcall.php on line 24",
    "level": "NOTICE",
    "type": "PHP",
    "test": "jspi-boot",
    "plugin": "fix-structured-data-errors",
    "details": "[22-May-2025 04:35:02 UTC] PHP Notice:  Accessing static property FullCall::$basename as non static in /wordpress/wp-content/plugins/fullcall/fullcall.php on line 24",
    "log": "/logs/plugins/f/fix-structured-data-errors/error.json"
  },
  {
    "message": "Function register_uninstall_hook was called <strong>incorrectly</strong>. Only a static class method or function can be used in an uninstall hook. Please see <a href=\"https://developer.wordpress.org/advanced-administration/debug/debug-wordpress/\">Debugging in WordPress</a> for more information. (This message was added in version 3.1.0.) in /wordpress/wp-includes/functions.php on line 6121",
    "level": "NOTICE",
    "type": "PHP",
    "test": "jspi-boot",
    "plugin": "fix-structured-data-errors",
    "details": "[22-May-2025 04:35:02 UTC] PHP Notice:  Function register_uninstall_hook was called <strong>incorrectly</strong>. Only a static class method or function can be used in an uninstall hook. Please see <a href=\"https://developer.wordpress.org/advanced-administration/debug/debug-wordpress/\">Debugging in WordPress</a> for more information. (This message was added in version 3.1.0.) in /wordpress/wp-includes/functions.php on line 6121",
    "log": "/logs/plugins/f/fix-structured-data-errors/error.json"
  },
  {
    "message": "Accessing static property FullCall::$basename as non static in /wordpress/wp-content/plugins/fullcall/fullcall.php on line 41",
    "level": "NOTICE",
    "type": "PHP",
    "test": "jspi-boot",
    "plugin": "fix-structured-data-errors",
    "details": "[22-May-2025 04:35:02 UTC] PHP Notice:  Accessing static property FullCall::$basename as non static in /wordpress/wp-content/plugins/fullcall/fullcall.php on line 41",
    "log": "/logs/plugins/f/fix-structured-data-errors/error.json"
  },
  {
    "message": "Uncaught Error: Cannot use object of type WP_Error as array in /wordpress/wp-content/plugins/fullcall/fullcall.php:211",
    "level": "FATAL",
    "type": "PHP",
    "test": "jspi-boot",
    "plugin": "fix-structured-data-errors",
    "details": "[22-May-2025 04:35:02 UTC] PHP Fatal error:  Uncaught Error: Cannot use object of type WP_Error as array in /wordpress/wp-content/plugins/fullcall/fullcall.php:211\nStack trace:\n#0 /wordpress/wp-includes/class-wp-hook.php(324): FullCall->install(false)\n#1 /wordpress/wp-includes/class-wp-hook.php(348): WP_Hook->apply_filters('', Array)\n#2 /wordpress/wp-includes/plugin.php(517): WP_Hook->do_action(Array)\n#3 /wordpress/wp-admin/includes/plugin.php(703): do_action('activate_fullca...', false)\n#4 /internal/eval.php(20): activate_plugin('fullcall/fullca...')\n#5 {main}\n  thrown in /wordpress/wp-content/plugins/fullcall/fullcall.php on line 211",
    "log": "/logs/plugins/f/fix-structured-data-errors/error.json"
  },
  {
    "message": "Accessing static property FullCall::$basename as non static in /wordpress/wp-content/plugins/fullcall/fullcall.php on line 24",
    "level": "NOTICE",
    "type": "PHP",
    "test": "jspi-boot",
    "plugin": "fix-structured-data-errors",
    "details": "[22-May-2025 04:35:10 UTC] PHP Notice:  Accessing static property FullCall::$basename as non static in /wordpress/wp-content/plugins/fullcall/fullcall.php on line 24",
    "log": "/logs/plugins/f/fix-structured-data-errors/error.json"
  },
  {
    "message": "Function register_uninstall_hook was called <strong>incorrectly</strong>. Only a static class method or function can be used in an uninstall hook. Please see <a href=\"https://developer.wordpress.org/advanced-administration/debug/debug-wordpress/\">Debugging in WordPress</a> for more information. (This message was added in version 3.1.0.) in /wordpress/wp-includes/functions.php on line 6121",
    "level": "NOTICE",
    "type": "PHP",
    "test": "jspi-boot",
    "plugin": "fix-structured-data-errors",
    "details": "[22-May-2025 04:35:10 UTC] PHP Notice:  Function register_uninstall_hook was called <strong>incorrectly</strong>. Only a static class method or function can be used in an uninstall hook. Please see <a href=\"https://developer.wordpress.org/advanced-administration/debug/debug-wordpress/\">Debugging in WordPress</a> for more information. (This message was added in version 3.1.0.) in /wordpress/wp-includes/functions.php on line 6121",
    "log": "/logs/plugins/f/fix-structured-data-errors/error.json"
  },
  {
    "message": "Accessing static property FullCall::$basename as non static in /wordpress/wp-content/plugins/fullcall/fullcall.php on line 41",
    "level": "NOTICE",
    "type": "PHP",
    "test": "jspi-boot",
    "plugin": "fix-structured-data-errors",
    "details": "[22-May-2025 04:35:10 UTC] PHP Notice:  Accessing static property FullCall::$basename as non static in /wordpress/wp-content/plugins/fullcall/fullcall.php on line 41",
    "log": "/logs/plugins/f/fix-structured-data-errors/error.json"
  },
  {
    "message": "Uncaught Error: Cannot use object of type WP_Error as array in /wordpress/wp-content/plugins/fullcall/fullcall.php:211",
    "level": "FATAL",
    "type": "PHP",
    "test": "jspi-boot",
    "plugin": "fix-structured-data-errors",
    "details": "[22-May-2025 04:35:10 UTC] PHP Fatal error:  Uncaught Error: Cannot use object of type WP_Error as array in /wordpress/wp-content/plugins/fullcall/fullcall.php:211\nStack trace:\n#0 /wordpress/wp-includes/class-wp-hook.php(324): FullCall->install(false)\n#1 /wordpress/wp-includes/class-wp-hook.php(348): WP_Hook->apply_filters('', Array)\n#2 /wordpress/wp-includes/plugin.php(517): WP_Hook->do_action(Array)\n#3 /wordpress/wp-admin/includes/plugin.php(703): do_action('activate_fullca...', false)\n#4 /internal/eval.php(20): activate_plugin('fullcall/fullca...')\n#5 {main}\n  thrown in /wordpress/wp-content/plugins/fullcall/fullcall.php on line 211",
    "log": "/logs/plugins/f/fix-structured-data-errors/error.json"
  },
  {
    "message": "Accessing static property FullCall::$basename as non static in /wordpress/wp-content/plugins/fullcall/fullcall.php on line 24",
    "level": "NOTICE",
    "type": "PHP",
    "test": "jspi-boot",
    "plugin": "fix-structured-data-errors",
    "details": "[22-May-2025 04:35:18 UTC] PHP Notice:  Accessing static property FullCall::$basename as non static in /wordpress/wp-content/plugins/fullcall/fullcall.php on line 24",
    "log": "/logs/plugins/f/fix-structured-data-errors/error.json"
  },
  {
    "message": "Function register_uninstall_hook was called <strong>incorrectly</strong>. Only a static class method or function can be used in an uninstall hook. Please see <a href=\"https://developer.wordpress.org/advanced-administration/debug/debug-wordpress/\">Debugging in WordPress</a> for more information. (This message was added in version 3.1.0.) in /wordpress/wp-includes/functions.php on line 6121",
    "level": "NOTICE",
    "type": "PHP",
    "test": "jspi-boot",
    "plugin": "fix-structured-data-errors",
    "details": "[22-May-2025 04:35:18 UTC] PHP Notice:  Function register_uninstall_hook was called <strong>incorrectly</strong>. Only a static class method or function can be used in an uninstall hook. Please see <a href=\"https://developer.wordpress.org/advanced-administration/debug/debug-wordpress/\">Debugging in WordPress</a> for more information. (This message was added in version 3.1.0.) in /wordpress/wp-includes/functions.php on line 6121",
    "log": "/logs/plugins/f/fix-structured-data-errors/error.json"
  },
  {
    "message": "Accessing static property FullCall::$basename as non static in /wordpress/wp-content/plugins/fullcall/fullcall.php on line 41",
    "level": "NOTICE",
    "type": "PHP",
    "test": "jspi-boot",
    "plugin": "fix-structured-data-errors",
    "details": "[22-May-2025 04:35:18 UTC] PHP Notice:  Accessing static property FullCall::$basename as non static in /wordpress/wp-content/plugins/fullcall/fullcall.php on line 41",
    "log": "/logs/plugins/f/fix-structured-data-errors/error.json"
  },
  {
    "message": "Uncaught Error: Cannot use object of type WP_Error as array in /wordpress/wp-content/plugins/fullcall/fullcall.php:211",
    "level": "FATAL",
    "type": "PHP",
    "test": "jspi-boot",
    "plugin": "fix-structured-data-errors",
    "details": "[22-May-2025 04:35:18 UTC] PHP Fatal error:  Uncaught Error: Cannot use object of type WP_Error as array in /wordpress/wp-content/plugins/fullcall/fullcall.php:211\nStack trace:\n#0 /wordpress/wp-includes/class-wp-hook.php(324): FullCall->install(false)\n#1 /wordpress/wp-includes/class-wp-hook.php(348): WP_Hook->apply_filters('', Array)\n#2 /wordpress/wp-includes/plugin.php(517): WP_Hook->do_action(Array)\n#3 /wordpress/wp-admin/includes/plugin.php(703): do_action('activate_fullca...', false)\n#4 /internal/eval.php(20): activate_plugin('fullcall/fullca...')\n#5 {main}\n  thrown in /wordpress/wp-content/plugins/fullcall/fullcall.php on line 211",
    "log": "/logs/plugins/f/fix-structured-data-errors/error.json"
  },
  {
    "message": "Function wp_enqueue_script was called <strong>incorrectly</strong>. Scripts and styles should not be registered or enqueued until the <code>wp_enqueue_scripts</code>, <code>admin_enqueue_scripts</code>, or <code>login_enqueue_scripts</code> hooks. This notice was triggered by the <code>fyyd-helper</code> handle. Please see <a href=\"https://developer.wordpress.org/advanced-administration/debug/debug-wordpress/\">Debugging in WordPress</a> for more information. (This message was added in version 3.3.0.) in /wordpress/wp-includes/functions.php on line 6121",
    "level": "NOTICE",
    "type": "PHP",
    "test": "jspi-boot",
    "plugin": "fix-structured-data-errors",
    "details": "[22-May-2025 04:35:56 UTC] PHP Notice:  Function wp_enqueue_script was called <strong>incorrectly</strong>. Scripts and styles should not be registered or enqueued until the <code>wp_enqueue_scripts</code>, <code>admin_enqueue_scripts</code>, or <code>login_enqueue_scripts</code> hooks. This notice was triggered by the <code>fyyd-helper</code> handle. Please see <a href=\"https://developer.wordpress.org/advanced-administration/debug/debug-wordpress/\">Debugging in WordPress</a> for more information. (This message was added in version 3.3.0.) in /wordpress/wp-includes/functions.php on line 6121",
    "log": "/logs/plugins/f/fix-structured-data-errors/error.json"
  },
  {
    "message": "Function wp_enqueue_script was called <strong>incorrectly</strong>. Scripts and styles should not be registered or enqueued until the <code>wp_enqueue_scripts</code>, <code>admin_enqueue_scripts</code>, or <code>login_enqueue_scripts</code> hooks. This notice was triggered by the <code>fyyd-api</code> handle. Please see <a href=\"https://developer.wordpress.org/advanced-administration/debug/debug-wordpress/\">Debugging in WordPress</a> for more information. (This message was added in version 3.3.0.) in /wordpress/wp-includes/functions.php on line 6121",
    "level": "NOTICE",
    "type": "PHP",
    "test": "jspi-boot",
    "plugin": "fix-structured-data-errors",
    "details": "[22-May-2025 04:35:57 UTC] PHP Notice:  Function wp_enqueue_script was called <strong>incorrectly</strong>. Scripts and styles should not be registered or enqueued until the <code>wp_enqueue_scripts</code>, <code>admin_enqueue_scripts</code>, or <code>login_enqueue_scripts</code> hooks. This notice was triggered by the <code>fyyd-api</code> handle. Please see <a href=\"https://developer.wordpress.org/advanced-administration/debug/debug-wordpress/\">Debugging in WordPress</a> for more information. (This message was added in version 3.3.0.) in /wordpress/wp-includes/functions.php on line 6121",
    "log": "/logs/plugins/f/fix-structured-data-errors/error.json"
  },
  {
    "message": "Function wp_enqueue_script was called <strong>incorrectly</strong>. Scripts and styles should not be registered or enqueued until the <code>wp_enqueue_scripts</code>, <code>admin_enqueue_scripts</code>, or <code>login_enqueue_scripts</code> hooks. This notice was triggered by the <code>fyyd-infoboxes</code> handle. Please see <a href=\"https://developer.wordpress.org/advanced-administration/debug/debug-wordpress/\">Debugging in WordPress</a> for more information. (This message was added in version 3.3.0.) in /wordpress/wp-includes/functions.php on line 6121",
    "level": "NOTICE",
    "type": "PHP",
    "test": "jspi-boot",
    "plugin": "fix-structured-data-errors",
    "details": "[22-May-2025 04:35:57 UTC] PHP Notice:  Function wp_enqueue_script was called <strong>incorrectly</strong>. Scripts and styles should not be registered or enqueued until the <code>wp_enqueue_scripts</code>, <code>admin_enqueue_scripts</code>, or <code>login_enqueue_scripts</code> hooks. This notice was triggered by the <code>fyyd-infoboxes</code> handle. Please see <a href=\"https://developer.wordpress.org/advanced-administration/debug/debug-wordpress/\">Debugging in WordPress</a> for more information. (This message was added in version 3.3.0.) in /wordpress/wp-includes/functions.php on line 6121",
    "log": "/logs/plugins/f/fix-structured-data-errors/error.json"
  },
  {
    "message": "Function wp_enqueue_script was called <strong>incorrectly</strong>. Scripts and styles should not be registered or enqueued until the <code>wp_enqueue_scripts</code>, <code>admin_enqueue_scripts</code>, or <code>login_enqueue_scripts</code> hooks. This notice was triggered by the <code>fyyd-player</code> handle. Please see <a href=\"https://developer.wordpress.org/advanced-administration/debug/debug-wordpress/\">Debugging in WordPress</a> for more information. (This message was added in version 3.3.0.) in /wordpress/wp-includes/functions.php on line 6121",
    "level": "NOTICE",
    "type": "PHP",
    "test": "jspi-boot",
    "plugin": "fix-structured-data-errors",
    "details": "[22-May-2025 04:35:57 UTC] PHP Notice:  Function wp_enqueue_script was called <strong>incorrectly</strong>. Scripts and styles should not be registered or enqueued until the <code>wp_enqueue_scripts</code>, <code>admin_enqueue_scripts</code>, or <code>login_enqueue_scripts</code> hooks. This notice was triggered by the <code>fyyd-player</code> handle. Please see <a href=\"https://developer.wordpress.org/advanced-administration/debug/debug-wordpress/\">Debugging in WordPress</a> for more information. (This message was added in version 3.3.0.) in /wordpress/wp-includes/functions.php on line 6121",
    "log": "/logs/plugins/f/fix-structured-data-errors/error.json"
  },
  {
    "message": "Function wp_enqueue_script was called <strong>incorrectly</strong>. Scripts and styles should not be registered or enqueued until the <code>wp_enqueue_scripts</code>, <code>admin_enqueue_scripts</code>, or <code>login_enqueue_scripts</code> hooks. This notice was triggered by the <code>fyyd-podlove-player</code> handle. Please see <a href=\"https://developer.wordpress.org/advanced-administration/debug/debug-wordpress/\">Debugging in WordPress</a> for more information. (This message was added in version 3.3.0.) in /wordpress/wp-includes/functions.php on line 6121",
    "level": "NOTICE",
    "type": "PHP",
    "test": "jspi-boot",
    "plugin": "fix-structured-data-errors",
    "details": "[22-May-2025 04:35:57 UTC] PHP Notice:  Function wp_enqueue_script was called <strong>incorrectly</strong>. Scripts and styles should not be registered or enqueued until the <code>wp_enqueue_scripts</code>, <code>admin_enqueue_scripts</code>, or <code>login_enqueue_scripts</code> hooks. This notice was triggered by the <code>fyyd-podlove-player</code> handle. Please see <a href=\"https://developer.wordpress.org/advanced-administration/debug/debug-wordpress/\">Debugging in WordPress</a> for more information. (This message was added in version 3.3.0.) in /wordpress/wp-includes/functions.php on line 6121",
    "log": "/logs/plugins/f/fix-structured-data-errors/error.json"
  },
  {
    "message": "Function wp_enqueue_style was called <strong>incorrectly</strong>. Scripts and styles should not be registered or enqueued until the <code>wp_enqueue_scripts</code>, <code>admin_enqueue_scripts</code>, or <code>login_enqueue_scripts</code> hooks. This notice was triggered by the <code>fyyd-css</code> handle. Please see <a href=\"https://developer.wordpress.org/advanced-administration/debug/debug-wordpress/\">Debugging in WordPress</a> for more information. (This message was added in version 3.3.0.) in /wordpress/wp-includes/functions.php on line 6121",
    "level": "NOTICE",
    "type": "PHP",
    "test": "jspi-boot",
    "plugin": "fix-structured-data-errors",
    "details": "[22-May-2025 04:35:57 UTC] PHP Notice:  Function wp_enqueue_style was called <strong>incorrectly</strong>. Scripts and styles should not be registered or enqueued until the <code>wp_enqueue_scripts</code>, <code>admin_enqueue_scripts</code>, or <code>login_enqueue_scripts</code> hooks. This notice was triggered by the <code>fyyd-css</code> handle. Please see <a href=\"https://developer.wordpress.org/advanced-administration/debug/debug-wordpress/\">Debugging in WordPress</a> for more information. (This message was added in version 3.3.0.) in /wordpress/wp-includes/functions.php on line 6121",
    "log": "/logs/plugins/f/fix-structured-data-errors/error.json"
  },
  {
    "message": "Function is_feed was called <strong>incorrectly</strong>. Conditional query tags do not work before the query is run. Before then, they always return false. Please see <a href=\"https://developer.wordpress.org/advanced-administration/debug/debug-wordpress/\">Debugging in WordPress</a> for more information. (This message was added in version 3.1.0.) in /wordpress/wp-includes/functions.php on line 6121",
    "level": "NOTICE",
    "type": "PHP",
    "test": "jspi-boot",
    "plugin": "fix-structured-data-errors",
    "details": "[22-May-2025 04:35:57 UTC] PHP Notice:  Function is_feed was called <strong>incorrectly</strong>. Conditional query tags do not work before the query is run. Before then, they always return false. Please see <a href=\"https://developer.wordpress.org/advanced-administration/debug/debug-wordpress/\">Debugging in WordPress</a> for more information. (This message was added in version 3.1.0.) in /wordpress/wp-includes/functions.php on line 6121",
    "log": "/logs/plugins/f/fix-structured-data-errors/error.json"
  },
  {
    "message": "Function wp_enqueue_script was called <strong>incorrectly</strong>. Scripts and styles should not be registered or enqueued until the <code>wp_enqueue_scripts</code>, <code>admin_enqueue_scripts</code>, or <code>login_enqueue_scripts</code> hooks. This notice was triggered by the <code>uikit-js</code> handle. Please see <a href=\"https://developer.wordpress.org/advanced-administration/debug/debug-wordpress/\">Debugging in WordPress</a> for more information. (This message was added in version 3.3.0.) in /wordpress/wp-includes/functions.php on line 6121",
    "level": "NOTICE",
    "type": "PHP",
    "test": "jspi-boot",
    "plugin": "fix-structured-data-errors",
    "details": "[22-May-2025 04:35:57 UTC] PHP Notice:  Function wp_enqueue_script was called <strong>incorrectly</strong>. Scripts and styles should not be registered or enqueued until the <code>wp_enqueue_scripts</code>, <code>admin_enqueue_scripts</code>, or <code>login_enqueue_scripts</code> hooks. This notice was triggered by the <code>uikit-js</code> handle. Please see <a href=\"https://developer.wordpress.org/advanced-administration/debug/debug-wordpress/\">Debugging in WordPress</a> for more information. (This message was added in version 3.3.0.) in /wordpress/wp-includes/functions.php on line 6121",
    "log": "/logs/plugins/f/fix-structured-data-errors/error.json"
  },
  {
    "message": "Function wp_enqueue_style was called <strong>incorrectly</strong>. Scripts and styles should not be registered or enqueued until the <code>wp_enqueue_scripts</code>, <code>admin_enqueue_scripts</code>, or <code>login_enqueue_scripts</code> hooks. This notice was triggered by the <code>uikit-css</code> handle. Please see <a href=\"https://developer.wordpress.org/advanced-administration/debug/debug-wordpress/\">Debugging in WordPress</a> for more information. (This message was added in version 3.3.0.) in /wordpress/wp-includes/functions.php on line 6121",
    "level": "NOTICE",
    "type": "PHP",
    "test": "jspi-boot",
    "plugin": "fix-structured-data-errors",
    "details": "[22-May-2025 04:35:57 UTC] PHP Notice:  Function wp_enqueue_style was called <strong>incorrectly</strong>. Scripts and styles should not be registered or enqueued until the <code>wp_enqueue_scripts</code>, <code>admin_enqueue_scripts</code>, or <code>login_enqueue_scripts</code> hooks. This notice was triggered by the <code>uikit-css</code> handle. Please see <a href=\"https://developer.wordpress.org/advanced-administration/debug/debug-wordpress/\">Debugging in WordPress</a> for more information. (This message was added in version 3.3.0.) in /wordpress/wp-includes/functions.php on line 6121",
    "log": "/logs/plugins/f/fix-structured-data-errors/error.json"
  },
  {
    "message": "Function wp_enqueue_script was called <strong>incorrectly</strong>. Scripts and styles should not be registered or enqueued until the <code>wp_enqueue_scripts</code>, <code>admin_enqueue_scripts</code>, or <code>login_enqueue_scripts</code> hooks. This notice was triggered by the <code>fyyd-helper</code> handle. Please see <a href=\"https://developer.wordpress.org/advanced-administration/debug/debug-wordpress/\">Debugging in WordPress</a> for more information. (This message was added in version 3.3.0.) in /wordpress/wp-includes/functions.php on line 6121",
    "level": "NOTICE",
    "type": "PHP",
    "test": "jspi-boot",
    "plugin": "fix-structured-data-errors",
    "details": "[22-May-2025 04:36:06 UTC] PHP Notice:  Function wp_enqueue_script was called <strong>incorrectly</strong>. Scripts and styles should not be registered or enqueued until the <code>wp_enqueue_scripts</code>, <code>admin_enqueue_scripts</code>, or <code>login_enqueue_scripts</code> hooks. This notice was triggered by the <code>fyyd-helper</code> handle. Please see <a href=\"https://developer.wordpress.org/advanced-administration/debug/debug-wordpress/\">Debugging in WordPress</a> for more information. (This message was added in version 3.3.0.) in /wordpress/wp-includes/functions.php on line 6121",
    "log": "/logs/plugins/f/fix-structured-data-errors/error.json"
  },
  {
    "message": "Function wp_enqueue_script was called <strong>incorrectly</strong>. Scripts and styles should not be registered or enqueued until the <code>wp_enqueue_scripts</code>, <code>admin_enqueue_scripts</code>, or <code>login_enqueue_scripts</code> hooks. This notice was triggered by the <code>fyyd-api</code> handle. Please see <a href=\"https://developer.wordpress.org/advanced-administration/debug/debug-wordpress/\">Debugging in WordPress</a> for more information. (This message was added in version 3.3.0.) in /wordpress/wp-includes/functions.php on line 6121",
    "level": "NOTICE",
    "type": "PHP",
    "test": "jspi-boot",
    "plugin": "fix-structured-data-errors",
    "details": "[22-May-2025 04:36:06 UTC] PHP Notice:  Function wp_enqueue_script was called <strong>incorrectly</strong>. Scripts and styles should not be registered or enqueued until the <code>wp_enqueue_scripts</code>, <code>admin_enqueue_scripts</code>, or <code>login_enqueue_scripts</code> hooks. This notice was triggered by the <code>fyyd-api</code> handle. Please see <a href=\"https://developer.wordpress.org/advanced-administration/debug/debug-wordpress/\">Debugging in WordPress</a> for more information. (This message was added in version 3.3.0.) in /wordpress/wp-includes/functions.php on line 6121",
    "log": "/logs/plugins/f/fix-structured-data-errors/error.json"
  },
  {
    "message": "Function wp_enqueue_script was called <strong>incorrectly</strong>. Scripts and styles should not be registered or enqueued until the <code>wp_enqueue_scripts</code>, <code>admin_enqueue_scripts</code>, or <code>login_enqueue_scripts</code> hooks. This notice was triggered by the <code>fyyd-infoboxes</code> handle. Please see <a href=\"https://developer.wordpress.org/advanced-administration/debug/debug-wordpress/\">Debugging in WordPress</a> for more information. (This message was added in version 3.3.0.) in /wordpress/wp-includes/functions.php on line 6121",
    "level": "NOTICE",
    "type": "PHP",
    "test": "jspi-boot",
    "plugin": "fix-structured-data-errors",
    "details": "[22-May-2025 04:36:06 UTC] PHP Notice:  Function wp_enqueue_script was called <strong>incorrectly</strong>. Scripts and styles should not be registered or enqueued until the <code>wp_enqueue_scripts</code>, <code>admin_enqueue_scripts</code>, or <code>login_enqueue_scripts</code> hooks. This notice was triggered by the <code>fyyd-infoboxes</code> handle. Please see <a href=\"https://developer.wordpress.org/advanced-administration/debug/debug-wordpress/\">Debugging in WordPress</a> for more information. (This message was added in version 3.3.0.) in /wordpress/wp-includes/functions.php on line 6121",
    "log": "/logs/plugins/f/fix-structured-data-errors/error.json"
  },
  {
    "message": "Function wp_enqueue_script was called <strong>incorrectly</strong>. Scripts and styles should not be registered or enqueued until the <code>wp_enqueue_scripts</code>, <code>admin_enqueue_scripts</code>, or <code>login_enqueue_scripts</code> hooks. This notice was triggered by the <code>fyyd-player</code> handle. Please see <a href=\"https://developer.wordpress.org/advanced-administration/debug/debug-wordpress/\">Debugging in WordPress</a> for more information. (This message was added in version 3.3.0.) in /wordpress/wp-includes/functions.php on line 6121",
    "level": "NOTICE",
    "type": "PHP",
    "test": "jspi-boot",
    "plugin": "fix-structured-data-errors",
    "details": "[22-May-2025 04:36:06 UTC] PHP Notice:  Function wp_enqueue_script was called <strong>incorrectly</strong>. Scripts and styles should not be registered or enqueued until the <code>wp_enqueue_scripts</code>, <code>admin_enqueue_scripts</code>, or <code>login_enqueue_scripts</code> hooks. This notice was triggered by the <code>fyyd-player</code> handle. Please see <a href=\"https://developer.wordpress.org/advanced-administration/debug/debug-wordpress/\">Debugging in WordPress</a> for more information. (This message was added in version 3.3.0.) in /wordpress/wp-includes/functions.php on line 6121",
    "log": "/logs/plugins/f/fix-structured-data-errors/error.json"
  },
  {
    "message": "Function wp_enqueue_script was called <strong>incorrectly</strong>. Scripts and styles should not be registered or enqueued until the <code>wp_enqueue_scripts</code>, <code>admin_enqueue_scripts</code>, or <code>login_enqueue_scripts</code> hooks. This notice was triggered by the <code>fyyd-podlove-player</code> handle. Please see <a href=\"https://developer.wordpress.org/advanced-administration/debug/debug-wordpress/\">Debugging in WordPress</a> for more information. (This message was added in version 3.3.0.) in /wordpress/wp-includes/functions.php on line 6121",
    "level": "NOTICE",
    "type": "PHP",
    "test": "jspi-boot",
    "plugin": "fix-structured-data-errors",
    "details": "[22-May-2025 04:36:06 UTC] PHP Notice:  Function wp_enqueue_script was called <strong>incorrectly</strong>. Scripts and styles should not be registered or enqueued until the <code>wp_enqueue_scripts</code>, <code>admin_enqueue_scripts</code>, or <code>login_enqueue_scripts</code> hooks. This notice was triggered by the <code>fyyd-podlove-player</code> handle. Please see <a href=\"https://developer.wordpress.org/advanced-administration/debug/debug-wordpress/\">Debugging in WordPress</a> for more information. (This message was added in version 3.3.0.) in /wordpress/wp-includes/functions.php on line 6121",
    "log": "/logs/plugins/f/fix-structured-data-errors/error.json"
  },
  {
    "message": "Function wp_enqueue_style was called <strong>incorrectly</strong>. Scripts and styles should not be registered or enqueued until the <code>wp_enqueue_scripts</code>, <code>admin_enqueue_scripts</code>, or <code>login_enqueue_scripts</code> hooks. This notice was triggered by the <code>fyyd-css</code> handle. Please see <a href=\"https://developer.wordpress.org/advanced-administration/debug/debug-wordpress/\">Debugging in WordPress</a> for more information. (This message was added in version 3.3.0.) in /wordpress/wp-includes/functions.php on line 6121",
    "level": "NOTICE",
    "type": "PHP",
    "test": "jspi-boot",
    "plugin": "fix-structured-data-errors",
    "details": "[22-May-2025 04:36:06 UTC] PHP Notice:  Function wp_enqueue_style was called <strong>incorrectly</strong>. Scripts and styles should not be registered or enqueued until the <code>wp_enqueue_scripts</code>, <code>admin_enqueue_scripts</code>, or <code>login_enqueue_scripts</code> hooks. This notice was triggered by the <code>fyyd-css</code> handle. Please see <a href=\"https://developer.wordpress.org/advanced-administration/debug/debug-wordpress/\">Debugging in WordPress</a> for more information. (This message was added in version 3.3.0.) in /wordpress/wp-includes/functions.php on line 6121",
    "log": "/logs/plugins/f/fix-structured-data-errors/error.json"
  },
  {
    "message": "Function is_feed was called <strong>incorrectly</strong>. Conditional query tags do not work before the query is run. Before then, they always return false. Please see <a href=\"https://developer.wordpress.org/advanced-administration/debug/debug-wordpress/\">Debugging in WordPress</a> for more information. (This message was added in version 3.1.0.) in /wordpress/wp-includes/functions.php on line 6121",
    "level": "NOTICE",
    "type": "PHP",
    "test": "jspi-boot",
    "plugin": "fix-structured-data-errors",
    "details": "[22-May-2025 04:36:06 UTC] PHP Notice:  Function is_feed was called <strong>incorrectly</strong>. Conditional query tags do not work before the query is run. Before then, they always return false. Please see <a href=\"https://developer.wordpress.org/advanced-administration/debug/debug-wordpress/\">Debugging in WordPress</a> for more information. (This message was added in version 3.1.0.) in /wordpress/wp-includes/functions.php on line 6121",
    "log": "/logs/plugins/f/fix-structured-data-errors/error.json"
  },
  {
    "message": "Function wp_enqueue_script was called <strong>incorrectly</strong>. Scripts and styles should not be registered or enqueued until the <code>wp_enqueue_scripts</code>, <code>admin_enqueue_scripts</code>, or <code>login_enqueue_scripts</code> hooks. This notice was triggered by the <code>uikit-js</code> handle. Please see <a href=\"https://developer.wordpress.org/advanced-administration/debug/debug-wordpress/\">Debugging in WordPress</a> for more information. (This message was added in version 3.3.0.) in /wordpress/wp-includes/functions.php on line 6121",
    "level": "NOTICE",
    "type": "PHP",
    "test": "jspi-boot",
    "plugin": "fix-structured-data-errors",
    "details": "[22-May-2025 04:36:06 UTC] PHP Notice:  Function wp_enqueue_script was called <strong>incorrectly</strong>. Scripts and styles should not be registered or enqueued until the <code>wp_enqueue_scripts</code>, <code>admin_enqueue_scripts</code>, or <code>login_enqueue_scripts</code> hooks. This notice was triggered by the <code>uikit-js</code> handle. Please see <a href=\"https://developer.wordpress.org/advanced-administration/debug/debug-wordpress/\">Debugging in WordPress</a> for more information. (This message was added in version 3.3.0.) in /wordpress/wp-includes/functions.php on line 6121",
    "log": "/logs/plugins/f/fix-structured-data-errors/error.json"
  },
  {
    "message": "Function wp_enqueue_style was called <strong>incorrectly</strong>. Scripts and styles should not be registered or enqueued until the <code>wp_enqueue_scripts</code>, <code>admin_enqueue_scripts</code>, or <code>login_enqueue_scripts</code> hooks. This notice was triggered by the <code>uikit-css</code> handle. Please see <a href=\"https://developer.wordpress.org/advanced-administration/debug/debug-wordpress/\">Debugging in WordPress</a> for more information. (This message was added in version 3.3.0.) in /wordpress/wp-includes/functions.php on line 6121",
    "level": "NOTICE",
    "type": "PHP",
    "test": "jspi-boot",
    "plugin": "fix-structured-data-errors",
    "details": "[22-May-2025 04:36:06 UTC] PHP Notice:  Function wp_enqueue_style was called <strong>incorrectly</strong>. Scripts and styles should not be registered or enqueued until the <code>wp_enqueue_scripts</code>, <code>admin_enqueue_scripts</code>, or <code>login_enqueue_scripts</code> hooks. This notice was triggered by the <code>uikit-css</code> handle. Please see <a href=\"https://developer.wordpress.org/advanced-administration/debug/debug-wordpress/\">Debugging in WordPress</a> for more information. (This message was added in version 3.3.0.) in /wordpress/wp-includes/functions.php on line 6121",
    "log": "/logs/plugins/f/fix-structured-data-errors/error.json"
  },
  {
    "message": "Function wp_enqueue_script was called <strong>incorrectly</strong>. Scripts and styles should not be registered or enqueued until the <code>wp_enqueue_scripts</code>, <code>admin_enqueue_scripts</code>, or <code>login_enqueue_scripts</code> hooks. This notice was triggered by the <code>fyyd-helper</code> handle. Please see <a href=\"https://developer.wordpress.org/advanced-administration/debug/debug-wordpress/\">Debugging in WordPress</a> for more information. (This message was added in version 3.3.0.) in /wordpress/wp-includes/functions.php on line 6121",
    "level": "NOTICE",
    "type": "PHP",
    "test": "jspi-boot",
    "plugin": "fix-structured-data-errors",
    "details": "[22-May-2025 04:36:14 UTC] PHP Notice:  Function wp_enqueue_script was called <strong>incorrectly</strong>. Scripts and styles should not be registered or enqueued until the <code>wp_enqueue_scripts</code>, <code>admin_enqueue_scripts</code>, or <code>login_enqueue_scripts</code> hooks. This notice was triggered by the <code>fyyd-helper</code> handle. Please see <a href=\"https://developer.wordpress.org/advanced-administration/debug/debug-wordpress/\">Debugging in WordPress</a> for more information. (This message was added in version 3.3.0.) in /wordpress/wp-includes/functions.php on line 6121",
    "log": "/logs/plugins/f/fix-structured-data-errors/error.json"
  },
  {
    "message": "Function wp_enqueue_script was called <strong>incorrectly</strong>. Scripts and styles should not be registered or enqueued until the <code>wp_enqueue_scripts</code>, <code>admin_enqueue_scripts</code>, or <code>login_enqueue_scripts</code> hooks. This notice was triggered by the <code>fyyd-api</code> handle. Please see <a href=\"https://developer.wordpress.org/advanced-administration/debug/debug-wordpress/\">Debugging in WordPress</a> for more information. (This message was added in version 3.3.0.) in /wordpress/wp-includes/functions.php on line 6121",
    "level": "NOTICE",
    "type": "PHP",
    "test": "jspi-boot",
    "plugin": "fix-structured-data-errors",
    "details": "[22-May-2025 04:36:14 UTC] PHP Notice:  Function wp_enqueue_script was called <strong>incorrectly</strong>. Scripts and styles should not be registered or enqueued until the <code>wp_enqueue_scripts</code>, <code>admin_enqueue_scripts</code>, or <code>login_enqueue_scripts</code> hooks. This notice was triggered by the <code>fyyd-api</code> handle. Please see <a href=\"https://developer.wordpress.org/advanced-administration/debug/debug-wordpress/\">Debugging in WordPress</a> for more information. (This message was added in version 3.3.0.) in /wordpress/wp-includes/functions.php on line 6121",
    "log": "/logs/plugins/f/fix-structured-data-errors/error.json"
  },
  {
    "message": "Function wp_enqueue_script was called <strong>incorrectly</strong>. Scripts and styles should not be registered or enqueued until the <code>wp_enqueue_scripts</code>, <code>admin_enqueue_scripts</code>, or <code>login_enqueue_scripts</code> hooks. This notice was triggered by the <code>fyyd-infoboxes</code> handle. Please see <a href=\"https://developer.wordpress.org/advanced-administration/debug/debug-wordpress/\">Debugging in WordPress</a> for more information. (This message was added in version 3.3.0.) in /wordpress/wp-includes/functions.php on line 6121",
    "level": "NOTICE",
    "type": "PHP",
    "test": "jspi-boot",
    "plugin": "fix-structured-data-errors",
    "details": "[22-May-2025 04:36:14 UTC] PHP Notice:  Function wp_enqueue_script was called <strong>incorrectly</strong>. Scripts and styles should not be registered or enqueued until the <code>wp_enqueue_scripts</code>, <code>admin_enqueue_scripts</code>, or <code>login_enqueue_scripts</code> hooks. This notice was triggered by the <code>fyyd-infoboxes</code> handle. Please see <a href=\"https://developer.wordpress.org/advanced-administration/debug/debug-wordpress/\">Debugging in WordPress</a> for more information. (This message was added in version 3.3.0.) in /wordpress/wp-includes/functions.php on line 6121",
    "log": "/logs/plugins/f/fix-structured-data-errors/error.json"
  },
  {
    "message": "Function wp_enqueue_script was called <strong>incorrectly</strong>. Scripts and styles should not be registered or enqueued until the <code>wp_enqueue_scripts</code>, <code>admin_enqueue_scripts</code>, or <code>login_enqueue_scripts</code> hooks. This notice was triggered by the <code>fyyd-player</code> handle. Please see <a href=\"https://developer.wordpress.org/advanced-administration/debug/debug-wordpress/\">Debugging in WordPress</a> for more information. (This message was added in version 3.3.0.) in /wordpress/wp-includes/functions.php on line 6121",
    "level": "NOTICE",
    "type": "PHP",
    "test": "jspi-boot",
    "plugin": "fix-structured-data-errors",
    "details": "[22-May-2025 04:36:14 UTC] PHP Notice:  Function wp_enqueue_script was called <strong>incorrectly</strong>. Scripts and styles should not be registered or enqueued until the <code>wp_enqueue_scripts</code>, <code>admin_enqueue_scripts</code>, or <code>login_enqueue_scripts</code> hooks. This notice was triggered by the <code>fyyd-player</code> handle. Please see <a href=\"https://developer.wordpress.org/advanced-administration/debug/debug-wordpress/\">Debugging in WordPress</a> for more information. (This message was added in version 3.3.0.) in /wordpress/wp-includes/functions.php on line 6121",
    "log": "/logs/plugins/f/fix-structured-data-errors/error.json"
  },
  {
    "message": "Function wp_enqueue_script was called <strong>incorrectly</strong>. Scripts and styles should not be registered or enqueued until the <code>wp_enqueue_scripts</code>, <code>admin_enqueue_scripts</code>, or <code>login_enqueue_scripts</code> hooks. This notice was triggered by the <code>fyyd-podlove-player</code> handle. Please see <a href=\"https://developer.wordpress.org/advanced-administration/debug/debug-wordpress/\">Debugging in WordPress</a> for more information. (This message was added in version 3.3.0.) in /wordpress/wp-includes/functions.php on line 6121",
    "level": "NOTICE",
    "type": "PHP",
    "test": "jspi-boot",
    "plugin": "fix-structured-data-errors",
    "details": "[22-May-2025 04:36:14 UTC] PHP Notice:  Function wp_enqueue_script was called <strong>incorrectly</strong>. Scripts and styles should not be registered or enqueued until the <code>wp_enqueue_scripts</code>, <code>admin_enqueue_scripts</code>, or <code>login_enqueue_scripts</code> hooks. This notice was triggered by the <code>fyyd-podlove-player</code> handle. Please see <a href=\"https://developer.wordpress.org/advanced-administration/debug/debug-wordpress/\">Debugging in WordPress</a> for more information. (This message was added in version 3.3.0.) in /wordpress/wp-includes/functions.php on line 6121",
    "log": "/logs/plugins/f/fix-structured-data-errors/error.json"
  },
  {
    "message": "Function wp_enqueue_style was called <strong>incorrectly</strong>. Scripts and styles should not be registered or enqueued until the <code>wp_enqueue_scripts</code>, <code>admin_enqueue_scripts</code>, or <code>login_enqueue_scripts</code> hooks. This notice was triggered by the <code>fyyd-css</code> handle. Please see <a href=\"https://developer.wordpress.org/advanced-administration/debug/debug-wordpress/\">Debugging in WordPress</a> for more information. (This message was added in version 3.3.0.) in /wordpress/wp-includes/functions.php on line 6121",
    "level": "NOTICE",
    "type": "PHP",
    "test": "jspi-boot",
    "plugin": "fix-structured-data-errors",
    "details": "[22-May-2025 04:36:14 UTC] PHP Notice:  Function wp_enqueue_style was called <strong>incorrectly</strong>. Scripts and styles should not be registered or enqueued until the <code>wp_enqueue_scripts</code>, <code>admin_enqueue_scripts</code>, or <code>login_enqueue_scripts</code> hooks. This notice was triggered by the <code>fyyd-css</code> handle. Please see <a href=\"https://developer.wordpress.org/advanced-administration/debug/debug-wordpress/\">Debugging in WordPress</a> for more information. (This message was added in version 3.3.0.) in /wordpress/wp-includes/functions.php on line 6121",
    "log": "/logs/plugins/f/fix-structured-data-errors/error.json"
  },
  {
    "message": "Function is_feed was called <strong>incorrectly</strong>. Conditional query tags do not work before the query is run. Before then, they always return false. Please see <a href=\"https://developer.wordpress.org/advanced-administration/debug/debug-wordpress/\">Debugging in WordPress</a> for more information. (This message was added in version 3.1.0.) in /wordpress/wp-includes/functions.php on line 6121",
    "level": "NOTICE",
    "type": "PHP",
    "test": "jspi-boot",
    "plugin": "fix-structured-data-errors",
    "details": "[22-May-2025 04:36:14 UTC] PHP Notice:  Function is_feed was called <strong>incorrectly</strong>. Conditional query tags do not work before the query is run. Before then, they always return false. Please see <a href=\"https://developer.wordpress.org/advanced-administration/debug/debug-wordpress/\">Debugging in WordPress</a> for more information. (This message was added in version 3.1.0.) in /wordpress/wp-includes/functions.php on line 6121",
    "log": "/logs/plugins/f/fix-structured-data-errors/error.json"
  },
  {
    "message": "Function wp_enqueue_script was called <strong>incorrectly</strong>. Scripts and styles should not be registered or enqueued until the <code>wp_enqueue_scripts</code>, <code>admin_enqueue_scripts</code>, or <code>login_enqueue_scripts</code> hooks. This notice was triggered by the <code>uikit-js</code> handle. Please see <a href=\"https://developer.wordpress.org/advanced-administration/debug/debug-wordpress/\">Debugging in WordPress</a> for more information. (This message was added in version 3.3.0.) in /wordpress/wp-includes/functions.php on line 6121",
    "level": "NOTICE",
    "type": "PHP",
    "test": "jspi-boot",
    "plugin": "fix-structured-data-errors",
    "details": "[22-May-2025 04:36:14 UTC] PHP Notice:  Function wp_enqueue_script was called <strong>incorrectly</strong>. Scripts and styles should not be registered or enqueued until the <code>wp_enqueue_scripts</code>, <code>admin_enqueue_scripts</code>, or <code>login_enqueue_scripts</code> hooks. This notice was triggered by the <code>uikit-js</code> handle. Please see <a href=\"https://developer.wordpress.org/advanced-administration/debug/debug-wordpress/\">Debugging in WordPress</a> for more information. (This message was added in version 3.3.0.) in /wordpress/wp-includes/functions.php on line 6121",
    "log": "/logs/plugins/f/fix-structured-data-errors/error.json"
  },
  {
    "message": "Function wp_enqueue_style was called <strong>incorrectly</strong>. Scripts and styles should not be registered or enqueued until the <code>wp_enqueue_scripts</code>, <code>admin_enqueue_scripts</code>, or <code>login_enqueue_scripts</code> hooks. This notice was triggered by the <code>uikit-css</code> handle. Please see <a href=\"https://developer.wordpress.org/advanced-administration/debug/debug-wordpress/\">Debugging in WordPress</a> for more information. (This message was added in version 3.3.0.) in /wordpress/wp-includes/functions.php on line 6121",
    "level": "NOTICE",
    "type": "PHP",
    "test": "jspi-boot",
    "plugin": "fix-structured-data-errors",
    "details": "[22-May-2025 04:36:14 UTC] PHP Notice:  Function wp_enqueue_style was called <strong>incorrectly</strong>. Scripts and styles should not be registered or enqueued until the <code>wp_enqueue_scripts</code>, <code>admin_enqueue_scripts</code>, or <code>login_enqueue_scripts</code> hooks. This notice was triggered by the <code>uikit-css</code> handle. Please see <a href=\"https://developer.wordpress.org/advanced-administration/debug/debug-wordpress/\">Debugging in WordPress</a> for more information. (This message was added in version 3.3.0.) in /wordpress/wp-includes/functions.php on line 6121",
    "log": "/logs/plugins/f/fix-structured-data-errors/error.json"
  },
  {
    "message": "Function _load_textdomain_just_in_time was called <strong>incorrectly</strong>. Translation loading for the <code>firmasite-members-menu</code> domain was triggered too early. This is usually an indicator for some code in the plugin or theme running too early. Translations should be loaded at the <code>init</code> action or later. Please see <a href=\"https://developer.wordpress.org/advanced-administration/debug/debug-wordpress/\">Debugging in WordPress</a> for more information. (This message was added in version 6.7.0.) in /wordpress/wp-includes/functions.php on line 6121",
    "level": "NOTICE",
    "type": "PHP",
    "test": "jspi-boot",
    "plugin": "fix-structured-data-errors",
    "details": "[22-May-2025 04:37:19 UTC] PHP Notice:  Function _load_textdomain_just_in_time was called <strong>incorrectly</strong>. Translation loading for the <code>firmasite-members-menu</code> domain was triggered too early. This is usually an indicator for some code in the plugin or theme running too early. Translations should be loaded at the <code>init</code> action or later. Please see <a href=\"https://developer.wordpress.org/advanced-administration/debug/debug-wordpress/\">Debugging in WordPress</a> for more information. (This message was added in version 6.7.0.) in /wordpress/wp-includes/functions.php on line 6121",
    "log": "/logs/plugins/f/fix-structured-data-errors/error.json"
  },
  {
    "message": "Function _load_textdomain_just_in_time was called <strong>incorrectly</strong>. Translation loading for the <code>firmasite-members-menu</code> domain was triggered too early. This is usually an indicator for some code in the plugin or theme running too early. Translations should be loaded at the <code>init</code> action or later. Please see <a href=\"https://developer.wordpress.org/advanced-administration/debug/debug-wordpress/\">Debugging in WordPress</a> for more information. (This message was added in version 6.7.0.) in /wordpress/wp-includes/functions.php on line 6121",
    "level": "NOTICE",
    "type": "PHP",
    "test": "jspi-boot",
    "plugin": "fix-structured-data-errors",
    "details": "[22-May-2025 04:37:27 UTC] PHP Notice:  Function _load_textdomain_just_in_time was called <strong>incorrectly</strong>. Translation loading for the <code>firmasite-members-menu</code> domain was triggered too early. This is usually an indicator for some code in the plugin or theme running too early. Translations should be loaded at the <code>init</code> action or later. Please see <a href=\"https://developer.wordpress.org/advanced-administration/debug/debug-wordpress/\">Debugging in WordPress</a> for more information. (This message was added in version 6.7.0.) in /wordpress/wp-includes/functions.php on line 6121",
    "log": "/logs/plugins/f/fix-structured-data-errors/error.json"
  },
  {
    "message": "Function _load_textdomain_just_in_time was called <strong>incorrectly</strong>. Translation loading for the <code>firmasite-members-menu</code> domain was triggered too early. This is usually an indicator for some code in the plugin or theme running too early. Translations should be loaded at the <code>init</code> action or later. Please see <a href=\"https://developer.wordpress.org/advanced-administration/debug/debug-wordpress/\">Debugging in WordPress</a> for more information. (This message was added in version 6.7.0.) in /wordpress/wp-includes/functions.php on line 6121",
    "level": "NOTICE",
    "type": "PHP",
    "test": "jspi-boot",
    "plugin": "fix-structured-data-errors",
    "details": "[22-May-2025 04:37:36 UTC] PHP Notice:  Function _load_textdomain_just_in_time was called <strong>incorrectly</strong>. Translation loading for the <code>firmasite-members-menu</code> domain was triggered too early. This is usually an indicator for some code in the plugin or theme running too early. Translations should be loaded at the <code>init</code> action or later. Please see <a href=\"https://developer.wordpress.org/advanced-administration/debug/debug-wordpress/\">Debugging in WordPress</a> for more information. (This message was added in version 6.7.0.) in /wordpress/wp-includes/functions.php on line 6121\n\n    at Object.onBind (file:///home/runner/work/playground-tester/playground-tester/node_modules/@wp-playground/cli/index.js:237:15)\n    at process.processTicksAndRejections (node:internal/process/task_queues:105:5)\n    at async V (file:///home/runner/work/playground-tester/playground-tester/node_modules/@wp-playground/cli/index.js:64:10)\n    at async ja (file:///home/runner/work/playground-tester/playground-tester/node_modules/@wp-playground/cli/cli.js:8161:12) {\n  [cause]: Error: Error when executing the blueprint step #1 ({\"step\":\"installPlugin\",\"pluginData\":{\"resource\":\"wordpress.org/plugins\",\"slug\":\"fix-structured-data-errors\"},\"options\":{\"activate\":true}}) : Plugin /wordpress/wp-content/plugins/fix-structured-data-errors could not be activated  WordPress exited with no error. Sometimes, when $_SERVER or site options are not configured correctly, WordPress exits early with a 301 redirect. Inspect the \"debug\" logs in the console for more details.\n      at Object.run (file:///home/runner/work/playground-tester/playground-tester/node_modules/@wp-playground/blueprints/index.js:12449:19)\n      at process.processTicksAndRejections (node:internal/process/task_queues:105:5)\n      at async ms (file:///home/runner/work/playground-tester/playground-tester/node_modules/@wp-playground/blueprints/index.js:12552:3)\n      ... 2 lines matching cause stack trace ...\n      at async ja (file:///home/runner/work/playground-tester/playground-tester/node_modules/@wp-playground/cli/cli.js:8161:12) {\n    [cause]: Error: Plugin /wordpress/wp-content/plugins/fix-structured-data-errors could not be activated  WordPress exited with no error. Sometimes, when $_SERVER or site options are not configured correctly, WordPress exits early with a 301 redirect. Inspect the \"debug\" logs in the console for more details.\n        at wr (file:///home/runner/work/playground-tester/playground-tester/node_modules/@wp-playground/blueprints/index.js:119:51)\n        at process.processTicksAndRejections (node:internal/process/task_queues:105:5)\n        at async Object.gt [as installPlugin] (file:///home/runner/work/playground-tester/playground-tester/node_modules/@wp-playground/blueprints/index.js:974:42)\n        at async g (file:///home/runner/work/playground-tester/playground-tester/node_modules/@wp-playground/blueprints/index.js:12517:30)\n        at async Object.run (file:///home/runner/work/playground-tester/playground-tester/node_modules/@wp-playground/blueprints/index.js:12446:23)\n        at async ms (file:///home/runner/work/playground-tester/playground-tester/node_modules/@wp-playground/blueprints/index.js:12552:3)\n        at async Object.onBind (file:///home/runner/work/playground-tester/playground-tester/node_modules/@wp-playground/cli/index.js:227:48)\n        at async V (file:///home/runner/work/playground-tester/playground-tester/node_modules/@wp-playground/cli/index.js:64:10)\n        at async ja (file:///home/runner/work/playground-tester/playground-tester/node_modules/@wp-playground/cli/cli.js:8161:12)\n  }\n}\n\n",
    "log": "/logs/plugins/f/fix-structured-data-errors/error.json"
  }
]
