file:///home/runner/work/playground-tester/playground-tester/node_modules/@wp-playground/cli/index.js:237
        throw new Error(y, { cause: u });
              ^

Error: [21-May-2025 11:24:50 UTC] PHP Notice:  Function _load_textdomain_just_in_time was called <strong>incorrectly</strong>. Translation loading for the <code>local-development</code> domain was triggered too early. This is usually an indicator for some code in the plugin or theme running too early. Translations should be loaded at the <code>init</code> action or later. Please see <a href="https://developer.wordpress.org/advanced-administration/debug/debug-wordpress/">Debugging in WordPress</a> for more information. (This message was added in version 6.7.0.) in /wordpress/wp-includes/functions.php on line 6121
[21-May-2025 11:24:59 UTC] PHP Notice:  Function _load_textdomain_just_in_time was called <strong>incorrectly</strong>. Translation loading for the <code>local-development</code> domain was triggered too early. This is usually an indicator for some code in the plugin or theme running too early. Translations should be loaded at the <code>init</code> action or later. Please see <a href="https://developer.wordpress.org/advanced-administration/debug/debug-wordpress/">Debugging in WordPress</a> for more information. (This message was added in version 6.7.0.) in /wordpress/wp-includes/functions.php on line 6121
[21-May-2025 11:25:07 UTC] PHP Notice:  Function _load_textdomain_just_in_time was called <strong>incorrectly</strong>. Translation loading for the <code>local-development</code> domain was triggered too early. This is usually an indicator for some code in the plugin or theme running too early. Translations should be loaded at the <code>init</code> action or later. Please see <a href="https://developer.wordpress.org/advanced-administration/debug/debug-wordpress/">Debugging in WordPress</a> for more information. (This message was added in version 6.7.0.) in /wordpress/wp-includes/functions.php on line 6121
[21-May-2025 11:25:46 UTC] PHP Deprecated:  Required parameter $wrapper follows optional parameter $type in /wordpress/wp-content/plugins/localseomap-for-elementor/freemius/includes/class-fs-logger.php on line 145
[21-May-2025 11:25:49 UTC] PHP Deprecated:  Required parameter $wrapper follows optional parameter $type in /wordpress/wp-content/plugins/localseomap-for-elementor/freemius/includes/class-fs-logger.php on line 145
[21-May-2025 11:26:01 UTC] PHP Deprecated:  Required parameter $wrapper follows optional parameter $type in /wordpress/wp-content/plugins/localseomap-for-elementor/freemius/includes/class-fs-logger.php on line 145
[21-May-2025 11:26:03 UTC] PHP Deprecated:  Required parameter $wrapper follows optional parameter $type in /wordpress/wp-content/plugins/localseomap-for-elementor/freemius/includes/class-fs-logger.php on line 145
[21-May-2025 11:26:16 UTC] PHP Deprecated:  Required parameter $wrapper follows optional parameter $type in /wordpress/wp-content/plugins/localseomap-for-elementor/freemius/includes/class-fs-logger.php on line 145
[21-May-2025 11:26:18 UTC] PHP Deprecated:  Required parameter $wrapper follows optional parameter $type in /wordpress/wp-content/plugins/localseomap-for-elementor/freemius/includes/class-fs-logger.php on line 145
[21-May-2025 11:26:27 UTC] PHP Warning:  Undefined array key 1 in /wordpress/wp-content/plugins/locatorade/locatorade.php on line 1223
[21-May-2025 11:26:27 UTC] PHP Warning:  file_get_contents(http://locatorade.com/validate.php?p=&amp;s=http%3A%2F%2F127.0.0.1%3A9405): Failed to open stream: HTTP request failed! in /wordpress/wp-content/plugins/locatorade/locatorade.php on line 1226
[21-May-2025 11:26:27 UTC] PHP Fatal error:  Uncaught Error: Call to undefined function create_function() in /wordpress/wp-content/plugins/locatorade/locatorade.php:308
Stack trace:
#0 /wordpress/wp-admin/includes/plugin.php(2387): include_once()
#1 /wordpress/wp-admin/includes/plugin.php(673): plugin_sandbox_scrape('locatorade/loca...')
#2 /internal/eval.php(20): activate_plugin('locatorade/loca...')
#3 {main}
  thrown in /wordpress/wp-content/plugins/locatorade/locatorade.php on line 308
[21-May-2025 11:26:35 UTC] PHP Warning:  Undefined array key 1 in /wordpress/wp-content/plugins/locatorade/locatorade.php on line 1223
[21-May-2025 11:26:35 UTC] PHP Warning:  file_get_contents(http://locatorade.com/validate.php?p=&amp;s=http%3A%2F%2F127.0.0.1%3A9405): Failed to open stream: HTTP request failed! in /wordpress/wp-content/plugins/locatorade/locatorade.php on line 1226
[21-May-2025 11:26:35 UTC] PHP Fatal error:  Uncaught Error: Call to undefined function create_function() in /wordpress/wp-content/plugins/locatorade/locatorade.php:308
Stack trace:
#0 /wordpress/wp-admin/includes/plugin.php(2387): include_once()
#1 /wordpress/wp-admin/includes/plugin.php(673): plugin_sandbox_scrape('locatorade/loca...')
#2 /internal/eval.php(20): activate_plugin('locatorade/loca...')
#3 {main}
  thrown in /wordpress/wp-content/plugins/locatorade/locatorade.php on line 308
[21-May-2025 11:26:43 UTC] PHP Warning:  Undefined array key 1 in /wordpress/wp-content/plugins/locatorade/locatorade.php on line 1223
[21-May-2025 11:26:43 UTC] PHP Warning:  file_get_contents(http://locatorade.com/validate.php?p=&amp;s=http%3A%2F%2F127.0.0.1%3A9405): Failed to open stream: HTTP request failed! in /wordpress/wp-content/plugins/locatorade/locatorade.php on line 1226
[21-May-2025 11:26:43 UTC] PHP Fatal error:  Uncaught Error: Call to undefined function create_function() in /wordpress/wp-content/plugins/locatorade/locatorade.php:308
Stack trace:
#0 /wordpress/wp-admin/includes/plugin.php(2387): include_once()
#1 /wordpress/wp-admin/includes/plugin.php(673): plugin_sandbox_scrape('locatorade/loca...')
#2 /internal/eval.php(20): activate_plugin('locatorade/loca...')
#3 {main}
  thrown in /wordpress/wp-content/plugins/locatorade/locatorade.php on line 308
[21-May-2025 11:27:18 UTC] PHP Warning:  copy(/wordpress/wp-content/languages/plugins/lw_all_in_one-es_ES.po): Failed to open stream: No such file or directory in /wordpress/wp-content/plugins/lw-all-in-one/includes/class-lw-all-in-one-activator.php on line 231
[21-May-2025 11:27:18 UTC] PHP Warning:  copy(/wordpress/wp-content/languages/plugins/lw_all_in_one-es_ES.mo): Failed to open stream: No such file or directory in /wordpress/wp-content/plugins/lw-all-in-one/includes/class-lw-all-in-one-activator.php on line 232
[21-May-2025 11:27:18 UTC] PHP Warning:  copy(/wordpress/wp-content/languages/plugins/lw_all_in_one-it_IT.po): Failed to open stream: No such file or directory in /wordpress/wp-content/plugins/lw-all-in-one/includes/class-lw-all-in-one-activator.php on line 231
[21-May-2025 11:27:18 UTC] PHP Warning:  copy(/wordpress/wp-content/languages/plugins/lw_all_in_one-it_IT.mo): Failed to open stream: No such file or directory in /wordpress/wp-content/plugins/lw-all-in-one/includes/class-lw-all-in-one-activator.php on line 232
[21-May-2025 11:27:19 UTC] PHP Notice:  Function _load_textdomain_just_in_time was called <strong>incorrectly</strong>. Translation loading for the <code>lw_all_in_one</code> domain was triggered too early. This is usually an indicator for some code in the plugin or theme running too early. Translations should be loaded at the <code>init</code> action or later. Please see <a href="https://developer.wordpress.org/advanced-administration/debug/debug-wordpress/">Debugging in WordPress</a> for more information. (This message was added in version 6.7.0.) in /wordpress/wp-includes/functions.php on line 6121
[21-May-2025 11:27:28 UTC] PHP Warning:  copy(/wordpress/wp-content/languages/plugins/lw_all_in_one-es_ES.po): Failed to open stream: No such file or directory in /wordpress/wp-content/plugins/lw-all-in-one/includes/class-lw-all-in-one-activator.php on line 231
[21-May-2025 11:27:28 UTC] PHP Warning:  copy(/wordpress/wp-content/languages/plugins/lw_all_in_one-es_ES.mo): Failed to open stream: No such file or directory in /wordpress/wp-content/plugins/lw-all-in-one/includes/class-lw-all-in-one-activator.php on line 232
[21-May-2025 11:27:28 UTC] PHP Warning:  copy(/wordpress/wp-content/languages/plugins/lw_all_in_one-it_IT.po): Failed to open stream: No such file or directory in /wordpress/wp-content/plugins/lw-all-in-one/includes/class-lw-all-in-one-activator.php on line 231
[21-May-2025 11:27:28 UTC] PHP Warning:  copy(/wordpress/wp-content/languages/plugins/lw_all_in_one-it_IT.mo): Failed to open stream: No such file or directory in /wordpress/wp-content/plugins/lw-all-in-one/includes/class-lw-all-in-one-activator.php on line 232
[21-May-2025 11:27:29 UTC] PHP Notice:  Function _load_textdomain_just_in_time was called <strong>incorrectly</strong>. Translation loading for the <code>lw_all_in_one</code> domain was triggered too early. This is usually an indicator for some code in the plugin or theme running too early. Translations should be loaded at the <code>init</code> action or later. Please see <a href="https://developer.wordpress.org/advanced-administration/debug/debug-wordpress/">Debugging in WordPress</a> for more information. (This message was added in version 6.7.0.) in /wordpress/wp-includes/functions.php on line 6121
[21-May-2025 11:27:37 UTC] PHP Warning:  copy(/wordpress/wp-content/languages/plugins/lw_all_in_one-es_ES.po): Failed to open stream: No such file or directory in /wordpress/wp-content/plugins/lw-all-in-one/includes/class-lw-all-in-one-activator.php on line 231
[21-May-2025 11:27:37 UTC] PHP Warning:  copy(/wordpress/wp-content/languages/plugins/lw_all_in_one-es_ES.mo): Failed to open stream: No such file or directory in /wordpress/wp-content/plugins/lw-all-in-one/includes/class-lw-all-in-one-activator.php on line 232
[21-May-2025 11:27:37 UTC] PHP Warning:  copy(/wordpress/wp-content/languages/plugins/lw_all_in_one-it_IT.po): Failed to open stream: No such file or directory in /wordpress/wp-content/plugins/lw-all-in-one/includes/class-lw-all-in-one-activator.php on line 231
[21-May-2025 11:27:37 UTC] PHP Warning:  copy(/wordpress/wp-content/languages/plugins/lw_all_in_one-it_IT.mo): Failed to open stream: No such file or directory in /wordpress/wp-content/plugins/lw-all-in-one/includes/class-lw-all-in-one-activator.php on line 232
[21-May-2025 11:27:38 UTC] PHP Notice:  Function _load_textdomain_just_in_time was called <strong>incorrectly</strong>. Translation loading for the <code>lw_all_in_one</code> domain was triggered too early. This is usually an indicator for some code in the plugin or theme running too early. Translations should be loaded at the <code>init</code> action or later. Please see <a href="https://developer.wordpress.org/advanced-administration/debug/debug-wordpress/">Debugging in WordPress</a> for more information. (This message was added in version 6.7.0.) in /wordpress/wp-includes/functions.php on line 6121
[21-May-2025 11:29:24 UTC] PHP Warning:  Trying to access array offset on value of type bool in /wordpress/wp-content/plugins/image-metadata-cruncher/image-metadata-cruncher.php on line 35
[21-May-2025 11:29:24 UTC] PHP Warning:  Trying to access array offset on value of type bool in /wordpress/wp-content/plugins/image-metadata-cruncher/image-metadata-cruncher.php on line 35
[21-May-2025 11:29:32 UTC] PHP Warning:  Trying to access array offset on value of type bool in /wordpress/wp-content/plugins/image-metadata-cruncher/image-metadata-cruncher.php on line 35
[21-May-2025 11:29:33 UTC] PHP Warning:  Trying to access array offset on value of type bool in /wordpress/wp-content/plugins/image-metadata-cruncher/image-metadata-cruncher.php on line 35
[21-May-2025 11:29:41 UTC] PHP Warning:  Trying to access array offset on value of type bool in /wordpress/wp-content/plugins/image-metadata-cruncher/image-metadata-cruncher.php on line 35
[21-May-2025 11:29:42 UTC] PHP Warning:  Trying to access array offset on value of type bool in /wordpress/wp-content/plugins/image-metadata-cruncher/image-metadata-cruncher.php on line 35
[21-May-2025 11:30:18 UTC] PHP Fatal error:  Cannot redeclare imagerotate() in /wordpress/wp-content/plugins/imagerotate/imagerotate.php on line 42
[21-May-2025 11:30:24 UTC] PHP Fatal error:  Cannot redeclare imagerotate() in /wordpress/wp-content/plugins/imagerotate/imagerotate.php on line 42
[21-May-2025 11:30:32 UTC] PHP Fatal error:  Cannot redeclare imagerotate() in /wordpress/wp-content/plugins/imagerotate/imagerotate.php on line 42
[21-May-2025 11:32:02 UTC] PHP Warning:  Undefined array key 0 in /wordpress/wp-includes/plugin.php on line 1001
[21-May-2025 11:32:03 UTC] PHP Warning:  Undefined array key 0 in /wordpress/wp-includes/plugin.php on line 1004
[21-May-2025 11:32:11 UTC] PHP Warning:  Undefined array key 0 in /wordpress/wp-includes/plugin.php on line 1001
[21-May-2025 11:32:11 UTC] PHP Warning:  Undefined array key 0 in /wordpress/wp-includes/plugin.php on line 1004
[21-May-2025 11:32:20 UTC] PHP Warning:  Undefined array key 0 in /wordpress/wp-includes/plugin.php on line 1001
[21-May-2025 11:32:20 UTC] PHP Warning:  Undefined array key 0 in /wordpress/wp-includes/plugin.php on line 1004
[21-May-2025 11:33:28 UTC] PHP Fatal error:  Uncaught PDOException: SQLSTATE[HY000] [2002] Address family not supported by protocol in /wordpress/wp-content/plugins/independent-analytics/vendor/illuminate/database/Connectors/Connector.php:53
Stack trace:
#0 /wordpress/wp-content/plugins/independent-analytics/vendor/illuminate/database/Connectors/Connector.php(53): PDO->__construct('mysql:host=;dbn...', '', '', Array)
#1 /wordpress/wp-content/plugins/independent-analytics/vendor/illuminate/database/Connectors/Connector.php(34): IAWPSCOPED\Illuminate\Database\Connectors\Connector->createPdoConnection('mysql:host=;dbn...', '', '', Array)
#2 /wordpress/wp-content/plugins/independent-analytics/vendor/illuminate/database/Connectors/MySqlConnector.php(22): IAWPSCOPED\Illuminate\Database\Connectors\Connector->createConnection('mysql:host=;dbn...', Array, Array)
#3 /wordpress/wp-content/plugins/independent-analytics/vendor/illuminate/database/Connectors/ConnectionFactory.php(157): IAWPSCOPED\Illuminate\Database\Connectors\MySqlConnector->connect(Array)
#4 /wordp in /wordpress/wp-content/plugins/independent-analytics/vendor/illuminate/database/Connectors/Connector.php on line 53
[21-May-2025 11:33:44 UTC] PHP Fatal error:  Uncaught PDOException: SQLSTATE[HY000] [2002] Address family not supported by protocol in /wordpress/wp-content/plugins/independent-analytics/vendor/illuminate/database/Connectors/Connector.php:53
Stack trace:
#0 /wordpress/wp-content/plugins/independent-analytics/vendor/illuminate/database/Connectors/Connector.php(53): PDO->__construct('mysql:host=;dbn...', '', '', Array)
#1 /wordpress/wp-content/plugins/independent-analytics/vendor/illuminate/database/Connectors/Connector.php(34): IAWPSCOPED\Illuminate\Database\Connectors\Connector->createPdoConnection('mysql:host=;dbn...', '', '', Array)
#2 /wordpress/wp-content/plugins/independent-analytics/vendor/illuminate/database/Connectors/MySqlConnector.php(22): IAWPSCOPED\Illuminate\Database\Connectors\Connector->createConnection('mysql:host=;dbn...', Array, Array)
#3 /wordpress/wp-content/plugins/independent-analytics/vendor/illuminate/database/Connectors/ConnectionFactory.php(157): IAWPSCOPED\Illuminate\Database\Connectors\MySqlConnector->connect(Array)
#4 /wordp in /wordpress/wp-content/plugins/independent-analytics/vendor/illuminate/database/Connectors/Connector.php on line 53
[21-May-2025 11:33:58 UTC] PHP Fatal error:  Uncaught PDOException: SQLSTATE[HY000] [2002] Address family not supported by protocol in /wordpress/wp-content/plugins/independent-analytics/vendor/illuminate/database/Connectors/Connector.php:53
Stack trace:
#0 /wordpress/wp-content/plugins/independent-analytics/vendor/illuminate/database/Connectors/Connector.php(53): PDO->__construct('mysql:host=;dbn...', '', '', Array)
#1 /wordpress/wp-content/plugins/independent-analytics/vendor/illuminate/database/Connectors/Connector.php(34): IAWPSCOPED\Illuminate\Database\Connectors\Connector->createPdoConnection('mysql:host=;dbn...', '', '', Array)
#2 /wordpress/wp-content/plugins/independent-analytics/vendor/illuminate/database/Connectors/MySqlConnector.php(22): IAWPSCOPED\Illuminate\Database\Connectors\Connector->createConnection('mysql:host=;dbn...', Array, Array)
#3 /wordpress/wp-content/plugins/independent-analytics/vendor/illuminate/database/Connectors/ConnectionFactory.php(157): IAWPSCOPED\Illuminate\Database\Connectors\MySqlConnector->connect(Array)
#4 /wordp in /wordpress/wp-content/plugins/independent-analytics/vendor/illuminate/database/Connectors/Connector.php on line 53
[21-May-2025 11:34:07 UTC] PHP Notice:  Function wp_enqueue_script was called <strong>incorrectly</strong>. Scripts and styles should not be registered or enqueued until the <code>wp_enqueue_scripts</code>, <code>admin_enqueue_scripts</code>, or <code>login_enqueue_scripts</code> hooks. This notice was triggered by the <code>jquery-ui-core</code> handle. Please see <a href="https://developer.wordpress.org/advanced-administration/debug/debug-wordpress/">Debugging in WordPress</a> for more information. (This message was added in version 3.3.0.) in /wordpress/wp-includes/functions.php on line 6121
[21-May-2025 11:34:07 UTC] PHP Notice:  Function wp_enqueue_style was called <strong>incorrectly</strong>. Scripts and styles should not be registered or enqueued until the <code>wp_enqueue_scripts</code>, <code>admin_enqueue_scripts</code>, or <code>login_enqueue_scripts</code> hooks. This notice was triggered by the <code>script_name1</code> handle. Please see <a href="https://developer.wordpress.org/advanced-administration/debug/debug-wordpress/">Debugging in WordPress</a> for more information. (This message was added in version 3.3.0.) in /wordpress/wp-includes/functions.php on line 6121
[21-May-2025 11:34:07 UTC] PHP Notice:  Function is_feed was called <strong>incorrectly</strong>. Conditional query tags do not work before the query is run. Before then, they always return false. Please see <a href="https://developer.wordpress.org/advanced-administration/debug/debug-wordpress/">Debugging in WordPress</a> for more information. (This message was added in version 3.1.0.) in /wordpress/wp-includes/functions.php on line 6121
[21-May-2025 11:34:07 UTC] PHP Notice:  Function wp_enqueue_script was called <strong>incorrectly</strong>. Scripts and styles should not be registered or enqueued until the <code>wp_enqueue_scripts</code>, <code>admin_enqueue_scripts</code>, or <code>login_enqueue_scripts</code> hooks. This notice was triggered by the <code>script_name2</code> handle. Please see <a href="https://developer.wordpress.org/advanced-administration/debug/debug-wordpress/">Debugging in WordPress</a> for more information. (This message was added in version 3.3.0.) in /wordpress/wp-includes/functions.php on line 6121
[21-May-2025 11:34:16 UTC] PHP Notice:  Function wp_enqueue_script was called <strong>incorrectly</strong>. Scripts and styles should not be registered or enqueued until the <code>wp_enqueue_scripts</code>, <code>admin_enqueue_scripts</code>, or <code>login_enqueue_scripts</code> hooks. This notice was triggered by the <code>jquery-ui-core</code> handle. Please see <a href="https://developer.wordpress.org/advanced-administration/debug/debug-wordpress/">Debugging in WordPress</a> for more information. (This message was added in version 3.3.0.) in /wordpress/wp-includes/functions.php on line 6121
[21-May-2025 11:34:16 UTC] PHP Notice:  Function wp_enqueue_style was called <strong>incorrectly</strong>. Scripts and styles should not be registered or enqueued until the <code>wp_enqueue_scripts</code>, <code>admin_enqueue_scripts</code>, or <code>login_enqueue_scripts</code> hooks. This notice was triggered by the <code>script_name1</code> handle. Please see <a href="https://developer.wordpress.org/advanced-administration/debug/debug-wordpress/">Debugging in WordPress</a> for more information. (This message was added in version 3.3.0.) in /wordpress/wp-includes/functions.php on line 6121
[21-May-2025 11:34:16 UTC] PHP Notice:  Function is_feed was called <strong>incorrectly</strong>. Conditional query tags do not work before the query is run. Before then, they always return false. Please see <a href="https://developer.wordpress.org/advanced-administration/debug/debug-wordpress/">Debugging in WordPress</a> for more information. (This message was added in version 3.1.0.) in /wordpress/wp-includes/functions.php on line 6121
[21-May-2025 11:34:16 UTC] PHP Notice:  Function wp_enqueue_script was called <strong>incorrectly</strong>. Scripts and styles should not be registered or enqueued until the <code>wp_enqueue_scripts</code>, <code>admin_enqueue_scripts</code>, or <code>login_enqueue_scripts</code> hooks. This notice was triggered by the <code>script_name2</code> handle. Please see <a href="https://developer.wordpress.org/advanced-administration/debug/debug-wordpress/">Debugging in WordPress</a> for more information. (This message was added in version 3.3.0.) in /wordpress/wp-includes/functions.php on line 6121
[21-May-2025 11:34:24 UTC] PHP Notice:  Function wp_enqueue_script was called <strong>incorrectly</strong>. Scripts and styles should not be registered or enqueued until the <code>wp_enqueue_scripts</code>, <code>admin_enqueue_scripts</code>, or <code>login_enqueue_scripts</code> hooks. This notice was triggered by the <code>jquery-ui-core</code> handle. Please see <a href="https://developer.wordpress.org/advanced-administration/debug/debug-wordpress/">Debugging in WordPress</a> for more information. (This message was added in version 3.3.0.) in /wordpress/wp-includes/functions.php on line 6121
[21-May-2025 11:34:24 UTC] PHP Notice:  Function wp_enqueue_style was called <strong>incorrectly</strong>. Scripts and styles should not be registered or enqueued until the <code>wp_enqueue_scripts</code>, <code>admin_enqueue_scripts</code>, or <code>login_enqueue_scripts</code> hooks. This notice was triggered by the <code>script_name1</code> handle. Please see <a href="https://developer.wordpress.org/advanced-administration/debug/debug-wordpress/">Debugging in WordPress</a> for more information. (This message was added in version 3.3.0.) in /wordpress/wp-includes/functions.php on line 6121
[21-May-2025 11:34:24 UTC] PHP Notice:  Function is_feed was called <strong>incorrectly</strong>. Conditional query tags do not work before the query is run. Before then, they always return false. Please see <a href="https://developer.wordpress.org/advanced-administration/debug/debug-wordpress/">Debugging in WordPress</a> for more information. (This message was added in version 3.1.0.) in /wordpress/wp-includes/functions.php on line 6121
[21-May-2025 11:34:24 UTC] PHP Notice:  Function wp_enqueue_script was called <strong>incorrectly</strong>. Scripts and styles should not be registered or enqueued until the <code>wp_enqueue_scripts</code>, <code>admin_enqueue_scripts</code>, or <code>login_enqueue_scripts</code> hooks. This notice was triggered by the <code>script_name2</code> handle. Please see <a href="https://developer.wordpress.org/advanced-administration/debug/debug-wordpress/">Debugging in WordPress</a> for more information. (This message was added in version 3.3.0.) in /wordpress/wp-includes/functions.php on line 6121

    at Object.onBind (file:///home/runner/work/playground-tester/playground-tester/node_modules/@wp-playground/cli/index.js:237:15)
    at process.processTicksAndRejections (node:internal/process/task_queues:105:5)
    at async V (file:///home/runner/work/playground-tester/playground-tester/node_modules/@wp-playground/cli/index.js:64:10)
    at async ja (file:///home/runner/work/playground-tester/playground-tester/node_modules/@wp-playground/cli/cli.js:8161:12) {
  [cause]: Error: Error when executing the blueprint step #1 ({"step":"installPlugin","pluginData":{"resource":"wordpress.org/plugins","slug":"link-products-to-sendinblue"},"options":{"activate":true}}) : Plugin /wordpress/wp-content/plugins/link-products-to-sendinblue could not be activated – WordPress exited with no error. Sometimes, when $_SERVER or site options are not configured correctly, WordPress exits early with a 301 redirect. Inspect the "debug" logs in the console for more details.
      at Object.run (file:///home/runner/work/playground-tester/playground-tester/node_modules/@wp-playground/blueprints/index.js:12449:19)
      at process.processTicksAndRejections (node:internal/process/task_queues:105:5)
      at async ms (file:///home/runner/work/playground-tester/playground-tester/node_modules/@wp-playground/blueprints/index.js:12552:3)
      ... 2 lines matching cause stack trace ...
      at async ja (file:///home/runner/work/playground-tester/playground-tester/node_modules/@wp-playground/cli/cli.js:8161:12) {
    [cause]: Error: Plugin /wordpress/wp-content/plugins/link-products-to-sendinblue could not be activated – WordPress exited with no error. Sometimes, when $_SERVER or site options are not configured correctly, WordPress exits early with a 301 redirect. Inspect the "debug" logs in the console for more details.
        at wr (file:///home/runner/work/playground-tester/playground-tester/node_modules/@wp-playground/blueprints/index.js:119:51)
        at process.processTicksAndRejections (node:internal/process/task_queues:105:5)
        at async Object.gt [as installPlugin] (file:///home/runner/work/playground-tester/playground-tester/node_modules/@wp-playground/blueprints/index.js:974:42)
        at async g (file:///home/runner/work/playground-tester/playground-tester/node_modules/@wp-playground/blueprints/index.js:12517:30)
        at async Object.run (file:///home/runner/work/playground-tester/playground-tester/node_modules/@wp-playground/blueprints/index.js:12446:23)
        at async ms (file:///home/runner/work/playground-tester/playground-tester/node_modules/@wp-playground/blueprints/index.js:12552:3)
        at async Object.onBind (file:///home/runner/work/playground-tester/playground-tester/node_modules/@wp-playground/cli/index.js:227:48)
        at async V (file:///home/runner/work/playground-tester/playground-tester/node_modules/@wp-playground/cli/index.js:64:10)
        at async ja (file:///home/runner/work/playground-tester/playground-tester/node_modules/@wp-playground/cli/cli.js:8161:12)
  }
}

Node.js v23.11.0
