[
{"message":"file:///home/runner/work/playground-tester/playground-tester/node_modules/@wp-playground/cli/index.js:237\n        throw new Error(y, { cause: u });\n              ^\n","level":"FATAL","type":"PLAYGROUND","test":"ast-sqlite-boot","plugin":"dropshipping-with-ebay-for-woocommerce","details":"file:///home/runner/work/playground-tester/playground-tester/node_modules/@wp-playground/cli/index.js:237\n        throw new Error(y, { cause: u });\n              ^\n","log":"/tmp/tmp.B6WvV0MhZf"}
,
{"message":"The PSR-0 `Requests_...` class names in the Requests library are deprecated. Switch to the PSR-4 `WpOrg\\Requests\\...` class names at your earliest convenience. in /wordpress/wp-includes/class-requests.php on line 24","level":"DEPRECATED","type":"PHP","test":"ast-sqlite-boot","plugin":"dropshipping-with-ebay-for-woocommerce","details":"[10-May-2025 03:13:36 UTC] PHP Deprecated:  The PSR-0 `Requests_...` class names in the Requests library are deprecated. Switch to the PSR-4 `WpOrg\\Requests\\...` class names at your earliest convenience. in /wordpress/wp-includes/class-requests.php on line 24","log":"/logs/plugins/d/dropshipping-with-ebay-for-woocommerce/error.json"}
,
{"message":"Uncaught WpOrg\\Requests\\Exception: cURL error 52: Empty reply from server in /wordpress/wp-includes/Requests/src/Transport/Curl.php:490","level":"FATAL","type":"PHP","test":"ast-sqlite-boot","plugin":"dropshipping-with-ebay-for-woocommerce","details":"[10-May-2025 03:13:36 UTC] PHP Fatal error:  Uncaught WpOrg\\Requests\\Exception: cURL error 52: Empty reply from server in /wordpress/wp-includes/Requests/src/Transport/Curl.php:490\nStack trace:\n#0 /wordpress/wp-includes/Requests/src/Transport/Curl.php(219): WpOrg\\Requests\\Transport\\Curl->process_response('', Array)\n#1 /wordpress/wp-includes/Requests/src/Requests.php(469): WpOrg\\Requests\\Transport\\Curl->request('http://ma-group...', Array, '', Array)\n#2 /wordpress/wp-includes/Requests/src/Requests.php(305): WpOrg\\Requests\\Requests::request('http://ma-group...', Array, NULL, 'GET', Array)\n#3 /wordpress/wp-content/plugins/dropshipping-with-ebay-for-woocommerce/includes/functions.php(131): WpOrg\\Requests\\Requests::get('http://ma-group...', Array, Array)\n#4 /wordpress/wp-content/plugins/dropshipping-with-ebay-for-woocommerce/includes/classes/controller/E2WL_ServiceController.php(22): e2wl_remote_get('http://ma-group...')\n#5 /wordpress/wp-content/plugins/dropshipping-with-ebay-for-woocommerce/includes/init.php(70): E2WL_ServiceController->__construct()\n#6 /wordpress/wp-content/plugins/dropshipping-with-ebay-for-woocommerce/includes/init.php(151): E2WL_Init::{closure}(Array)\n#7 /wordpress/wp-includes/class-wp-hook.php(324): E2WL_Init->__call('e2wl_init', Array)\n#8 /wordpress/wp-includes/class-wp-hook.php(348): WP_Hook->apply_filters('', Array)\n#9 /wordpress/wp-includes/plugin.php(517): WP_Hook->do_action(Array)\n#10 /wordpress/wp-content/plugins/dropshipping-with-ebay-for-woocommerce/ebay2woo-lite.php(140): do_action('e2wl_init')\n#11 /wordpress/wp-admin/includes/plugin.php(2387): include_once('/wordpress/wp-c...')\n#12 /wordpress/wp-admin/includes/plugin.php(673): plugin_sandbox_scrape('dropshipping-wi...')\n#13 /internal/eval.php(20): activate_plugin('dropshipping-wi...')\n#14 {main}\n  thrown in /wordpress/wp-includes/Requests/src/Transport/Curl.php on line 490\n\n    at Object.onBind (file:///home/runner/work/playground-tester/playground-tester/node_modules/@wp-playground/cli/index.js:237:15)\n    at async V (file:///home/runner/work/playground-tester/playground-tester/node_modules/@wp-playground/cli/index.js:64:10)\n    at async ja (file:///home/runner/work/playground-tester/playground-tester/node_modules/@wp-playground/cli/cli.js:8161:12) {\n  [cause]: Error: Error when executing the blueprint step #5 ({\"step\":\"installPlugin\",\"pluginData\":{\"resource\":\"wordpress.org/plugins\",\"slug\":\"dropshipping-with-ebay-for-woocommerce\"},\"options\":{\"activate\":true}}) : PHP.run() failed with exit code 255 and the following output: \n      at Object.run (file:///home/runner/work/playground-tester/playground-tester/node_modules/@wp-playground/blueprints/index.js:12449:19)\n      at async ms (file:///home/runner/work/playground-tester/playground-tester/node_modules/@wp-playground/blueprints/index.js:12552:3)\n      ... 2 lines matching cause stack trace ...\n      at async ja (file:///home/runner/work/playground-tester/playground-tester/node_modules/@wp-playground/cli/cli.js:8161:12) {\n    [cause]: PHPExecutionFailureError: PHP.run() failed with exit code 255 and the following output: \n        at PHP.run (file:///home/runner/work/playground-tester/playground-tester/node_modules/@php-wasm/universal/index.js:987:19)\n        at async wr (file:///home/runner/work/playground-tester/playground-tester/node_modules/@wp-playground/blueprints/index.js:33:39)\n        at async Object.gt [as installPlugin] (file:///home/runner/work/playground-tester/playground-tester/node_modules/@wp-playground/blueprints/index.js:974:42)\n        at async g (file:///home/runner/work/playground-tester/playground-tester/node_modules/@wp-playground/blueprints/index.js:12517:30)\n        at async Object.run (file:///home/runner/work/playground-tester/playground-tester/node_modules/@wp-playground/blueprints/index.js:12446:23)\n        at async ms (file:///home/runner/work/playground-tester/playground-tester/node_modules/@wp-playground/blueprints/index.js:12552:3)\n        at async Object.onBind (file:///home/runner/work/playground-tester/playground-tester/node_modules/@wp-playground/cli/index.js:227:48)\n        at async V (file:///home/runner/work/playground-tester/playground-tester/node_modules/@wp-playground/cli/index.js:64:10)\n        at async ja (file:///home/runner/work/playground-tester/playground-tester/node_modules/@wp-playground/cli/cli.js:8161:12) {\n      response: PHPResponse {\n        httpStatusCode: 500,\n        headers: {\n          'x-powered-by': [ 'PHP/8.0.30-dev' ],\n          'content-type': [ 'text/html; charset=UTF-8' ]\n        },\n        bytes: Uint8Array(0) [],\n        exitCode: 255,\n        errors: ''\n      },\n      source: 'request'\n    }\n  }\n}\n\n","log":"/logs/plugins/d/dropshipping-with-ebay-for-woocommerce/error.json"}
]
