file:///home/runner/work/playground-tester/playground-tester/node_modules/@wp-playground/cli/index.js:237
        throw new Error(y, { cause: u });
              ^

Error: [09-May-2025 14:54:23 UTC] WordPress database error <div style="clear:both">&nbsp;</div>
<div class="queries" style="clear:both;margin-bottom:2px;border:red dotted thin;">
<p>MySQL query:</p>
<p>CREATE TABLE wp_wpleadstream_contacts_v1 (
		    id mediumint(9) NOT NULL AUTO_INCREMENT,
			time datetime DEFAULT CURRENT_TIMESTAMP NOT NULL,
			contact_type = tinytext, 
			contact_first_name tinytext,
			contact_last_name tinytext,
			contact_email tinytext,
			contact_phone_number tinytext,
			contact_message longtext,
			email_forward_address tinytext,
			phone_forward tinytext,
			ip_address tinytext,
			call_status tinytext,
			call_sid tinytext,
			PRIMARY KEY  (id)
		)</p>
<p>Queries made or created this session were:</p>
<ol>
</ol>
</div>
<div style="clear:both;margin-bottom:2px;border:red dotted thin;" class="error_message" style="border-bottom:dotted blue thin;">
Failed to parse the MySQL query.
</div>
<p>Backtrace:</p>
<pre>#0 /internal/shared/sqlite-database-integration/wp-includes/sqlite-ast/class-wp-sqlite-driver.php(606): WP_SQLite_Driver->new_driver_exception('Failed to parse...')
#1 /internal/shared/sqlite-database-integration/wp-includes/sqlite/class-wp-sqlite-db.php(491): WP_SQLite_Driver->query('CREATE TABLE wp...')
#2 /internal/shared/sqlite-database-integration/wp-includes/sqlite/class-wp-sqlite-db.php(432): WP_SQLite_DB->_do_query('CREATE TABLE wp...')
#3 /wordpress/wp-admin/includes/upgrade.php(3280): WP_SQLite_DB->query('CREATE TABLE wp...')
#4 /wordpress/wp-content/plugins/wp-lead-stream/includes/class-wp-lead-stream-activator.php(58): dbDelta(Array)
#5 /wordpress/wp-content/plugins/wp-lead-stream/wp-lead-stream.php(81): Wp_Lead_Stream_Activator::activate()
#6 /wordpress/wp-includes/class-wp-hook.php(324): activate_wp_lead_stream(false)
#7 /wordpress/wp-includes/class-wp-hook.php(348): WP_Hook->apply_filters('', Array)
#8 /wordpress/wp-includes/plugin.php(517): WP_Hook->do_action(Array)
#9 /wordpress/wp-admin/includes/plugin.php(703): do_action('activate_wp-lea...', false)
#10 /internal/eval.php(20): activate_plugin('wp-lead-stream/...')
#11 {main}</pre>
 for query CREATE TABLE wp_wpleadstream_contacts_v1 (
		    id mediumint(9) NOT NULL AUTO_INCREMENT,
			time datetime DEFAULT CURRENT_TIMESTAMP NOT NULL,
			contact_type = tinytext, 
			contact_first_name tinytext,
			contact_last_name tinytext,
			contact_email tinytext,
			contact_phone_number tinytext,
			contact_message longtext,
			email_forward_address tinytext,
			phone_forward tinytext,
			ip_address tinytext,
			call_status tinytext,
			call_sid tinytext,
			PRIMARY KEY  (id)
		) made by activate_plugin, do_action('activate_wp-lead-stream/wp-lead-stream.php'), WP_Hook->do_action, WP_Hook->apply_filters, activate_wp_lead_stream, Wp_Lead_Stream_Activator::activate, dbDelta, WP_SQLite_DB->query, WP_SQLite_DB->print_error
[09-May-2025 14:54:38 UTC] WordPress database error <div style="clear:both">&nbsp;</div>
<div class="queries" style="clear:both;margin-bottom:2px;border:red dotted thin;">
<p>MySQL query:</p>
<p>CREATE TABLE wp_wpleadstream_contacts_v1 (
		    id mediumint(9) NOT NULL AUTO_INCREMENT,
			time datetime DEFAULT CURRENT_TIMESTAMP NOT NULL,
			contact_type = tinytext, 
			contact_first_name tinytext,
			contact_last_name tinytext,
			contact_email tinytext,
			contact_phone_number tinytext,
			contact_message longtext,
			email_forward_address tinytext,
			phone_forward tinytext,
			ip_address tinytext,
			call_status tinytext,
			call_sid tinytext,
			PRIMARY KEY  (id)
		)</p>
<p>Queries made or created this session were:</p>
<ol>
<li>Executing: BEGIN | (no parameters)</li>
<li>Executing: ROLLBACK | (no parameters)</li>
</ol>
</div>
<div style="clear:both;margin-bottom:2px;border:red dotted thin;" class="error_message" style="border-bottom:dotted blue thin;">
Error occurred at line 4117 in Function <code>handle_error</code>. Error message was: Unexpected token in MySQL query: contact_type.
</div>
<p>Backtrace:</p>
<pre>#0 /internal/shared/sqlite-database-integration/wp-includes/sqlite/class-wp-sqlite-db.php(287): WP_SQLite_Translator->get_error_message()
#1 /wordpress/wp-admin/includes/upgrade.php(3280): WP_SQLite_DB->query('CREATE TABLE wp...')
#2 /wordpress/wp-content/plugins/wp-lead-stream/includes/class-wp-lead-stream-activator.php(58): dbDelta(Array)
#3 /wordpress/wp-content/plugins/wp-lead-stream/wp-lead-stream.php(81): Wp_Lead_Stream_Activator::activate()
#4 /wordpress/wp-includes/class-wp-hook.php(324): activate_wp_lead_stream(false)
#5 /wordpress/wp-includes/class-wp-hook.php(348): WP_Hook->apply_filters('', Array)
#6 /wordpress/wp-includes/plugin.php(517): WP_Hook->do_action(Array)
#7 /wordpress/wp-admin/includes/plugin.php(703): do_action('activate_wp-lea...', false)
#8 /internal/eval.php(20): activate_plugin('wp-lead-stream/...')
#9 {main}</pre>
 for query CREATE TABLE wp_wpleadstream_contacts_v1 (
		    id mediumint(9) NOT NULL AUTO_INCREMENT,
			time datetime DEFAULT CURRENT_TIMESTAMP NOT NULL,
			contact_type = tinytext, 
			contact_first_name tinytext,
			contact_last_name tinytext,
			contact_email tinytext,
			contact_phone_number tinytext,
			contact_message longtext,
			email_forward_address tinytext,
			phone_forward tinytext,
			ip_address tinytext,
			call_status tinytext,
			call_sid tinytext,
			PRIMARY KEY  (id)
		) made by activate_plugin, do_action('activate_wp-lead-stream/wp-lead-stream.php'), WP_Hook->do_action, WP_Hook->apply_filters, activate_wp_lead_stream, Wp_Lead_Stream_Activator::activate, dbDelta, WP_SQLite_DB->query, WP_SQLite_DB->print_error
[09-May-2025 14:54:52 UTC] WordPress database error <div style="clear:both">&nbsp;</div>
<div class="queries" style="clear:both;margin-bottom:2px;border:red dotted thin;">
<p>MySQL query:</p>
<p>CREATE TABLE wp_wpleadstream_contacts_v1 (
		    id mediumint(9) NOT NULL AUTO_INCREMENT,
			time datetime DEFAULT CURRENT_TIMESTAMP NOT NULL,
			contact_type = tinytext, 
			contact_first_name tinytext,
			contact_last_name tinytext,
			contact_email tinytext,
			contact_phone_number tinytext,
			contact_message longtext,
			email_forward_address tinytext,
			phone_forward tinytext,
			ip_address tinytext,
			call_status tinytext,
			call_sid tinytext,
			PRIMARY KEY  (id)
		)</p>
<p>Queries made or created this session were:</p>
<ol>
<li>Executing: BEGIN | (no parameters)</li>
<li>Executing: ROLLBACK | (no parameters)</li>
</ol>
</div>
<div style="clear:both;margin-bottom:2px;border:red dotted thin;" class="error_message" style="border-bottom:dotted blue thin;">
Error occurred at line 4117 in Function <code>handle_error</code>. Error message was: Unexpected token in MySQL query: contact_type.
</div>
<p>Backtrace:</p>
<pre>#0 /internal/shared/sqlite-database-integration/wp-includes/sqlite/class-wp-sqlite-db.php(287): WP_SQLite_Translator->get_error_message()
#1 /wordpress/wp-admin/includes/upgrade.php(3280): WP_SQLite_DB->query('CREATE TABLE wp...')
#2 /wordpress/wp-content/plugins/wp-lead-stream/includes/class-wp-lead-stream-activator.php(58): dbDelta(Array)
#3 /wordpress/wp-content/plugins/wp-lead-stream/wp-lead-stream.php(81): Wp_Lead_Stream_Activator::activate()
#4 /wordpress/wp-includes/class-wp-hook.php(324): activate_wp_lead_stream(false)
#5 /wordpress/wp-includes/class-wp-hook.php(348): WP_Hook->apply_filters('', Array)
#6 /wordpress/wp-includes/plugin.php(517): WP_Hook->do_action(Array)
#7 /wordpress/wp-admin/includes/plugin.php(703): do_action('activate_wp-lea...', false)
#8 /internal/eval.php(20): activate_plugin('wp-lead-stream/...')
#9 {main}</pre>
 for query CREATE TABLE wp_wpleadstream_contacts_v1 (
		    id mediumint(9) NOT NULL AUTO_INCREMENT,
			time datetime DEFAULT CURRENT_TIMESTAMP NOT NULL,
			contact_type = tinytext, 
			contact_first_name tinytext,
			contact_last_name tinytext,
			contact_email tinytext,
			contact_phone_number tinytext,
			contact_message longtext,
			email_forward_address tinytext,
			phone_forward tinytext,
			ip_address tinytext,
			call_status tinytext,
			call_sid tinytext,
			PRIMARY KEY  (id)
		) made by activate_plugin, do_action('activate_wp-lead-stream/wp-lead-stream.php'), WP_Hook->do_action, WP_Hook->apply_filters, activate_wp_lead_stream, Wp_Lead_Stream_Activator::activate, dbDelta, WP_SQLite_DB->query, WP_SQLite_DB->print_error
[09-May-2025 14:55:31 UTC] PHP Fatal error:  Uncaught Error: Call to undefined function create_function() in /wordpress/wp-content/plugins/wp-planification/WP-Planification-Widget.php:333
Stack trace:
#0 /wordpress/wp-content/plugins/wp-planification/WP-Planification-Activation-BDD.php(225): include()
#1 /wordpress/wp-admin/includes/plugin.php(2387): include_once('/wordpress/wp-c...')
#2 /wordpress/wp-admin/includes/plugin.php(673): plugin_sandbox_scrape('wp-planificatio...')
#3 /internal/eval.php(20): activate_plugin('wp-planificatio...')
#4 {main}
  thrown in /wordpress/wp-content/plugins/wp-planification/WP-Planification-Widget.php on line 333
[09-May-2025 14:55:39 UTC] PHP Fatal error:  Uncaught Error: Call to undefined function create_function() in /wordpress/wp-content/plugins/wp-planification/WP-Planification-Widget.php:333
Stack trace:
#0 /wordpress/wp-content/plugins/wp-planification/WP-Planification-Activation-BDD.php(225): include()
#1 /wordpress/wp-admin/includes/plugin.php(2387): include_once('/wordpress/wp-c...')
#2 /wordpress/wp-admin/includes/plugin.php(673): plugin_sandbox_scrape('wp-planificatio...')
#3 /internal/eval.php(20): activate_plugin('wp-planificatio...')
#4 {main}
  thrown in /wordpress/wp-content/plugins/wp-planification/WP-Planification-Widget.php on line 333
[09-May-2025 14:55:48 UTC] PHP Fatal error:  Uncaught Error: Call to undefined function create_function() in /wordpress/wp-content/plugins/wp-planification/WP-Planification-Widget.php:333
Stack trace:
#0 /wordpress/wp-content/plugins/wp-planification/WP-Planification-Activation-BDD.php(225): include()
#1 /wordpress/wp-admin/includes/plugin.php(2387): include_once('/wordpress/wp-c...')
#2 /wordpress/wp-admin/includes/plugin.php(673): plugin_sandbox_scrape('wp-planificatio...')
#3 /internal/eval.php(20): activate_plugin('wp-planificatio...')
#4 {main}
  thrown in /wordpress/wp-content/plugins/wp-planification/WP-Planification-Widget.php on line 333
[09-May-2025 14:55:57 UTC] PHP Fatal error:  Uncaught TypeError: session_start(): Argument #1 ($options) must be of type array, string given in /wordpress/wp-content/plugins/wp-private-access/wp-private-access.php:13
Stack trace:
#0 /wordpress/wp-content/plugins/wp-private-access/wp-private-access.php(13): session_start('wpprivate_sessi...')
#1 /wordpress/wp-admin/includes/plugin.php(2387): include_once('/wordpress/wp-c...')
#2 /wordpress/wp-admin/includes/plugin.php(673): plugin_sandbox_scrape('wp-private-acce...')
#3 /internal/eval.php(20): activate_plugin('wp-private-acce...')
#4 {main}
  thrown in /wordpress/wp-content/plugins/wp-private-access/wp-private-access.php on line 13
[09-May-2025 14:56:05 UTC] PHP Fatal error:  Uncaught TypeError: session_start(): Argument #1 ($options) must be of type array, string given in /wordpress/wp-content/plugins/wp-private-access/wp-private-access.php:13
Stack trace:
#0 /wordpress/wp-content/plugins/wp-private-access/wp-private-access.php(13): session_start('wpprivate_sessi...')
#1 /wordpress/wp-admin/includes/plugin.php(2387): include_once('/wordpress/wp-c...')
#2 /wordpress/wp-admin/includes/plugin.php(673): plugin_sandbox_scrape('wp-private-acce...')
#3 /internal/eval.php(20): activate_plugin('wp-private-acce...')
#4 {main}
  thrown in /wordpress/wp-content/plugins/wp-private-access/wp-private-access.php on line 13
[09-May-2025 14:56:12 UTC] PHP Fatal error:  Uncaught TypeError: session_start(): Argument #1 ($options) must be of type array, string given in /wordpress/wp-content/plugins/wp-private-access/wp-private-access.php:13
Stack trace:
#0 /wordpress/wp-content/plugins/wp-private-access/wp-private-access.php(13): session_start('wpprivate_sessi...')
#1 /wordpress/wp-admin/includes/plugin.php(2387): include_once('/wordpress/wp-c...')
#2 /wordpress/wp-admin/includes/plugin.php(673): plugin_sandbox_scrape('wp-private-acce...')
#3 /internal/eval.php(20): activate_plugin('wp-private-acce...')
#4 {main}
  thrown in /wordpress/wp-content/plugins/wp-private-access/wp-private-access.php on line 13
[09-May-2025 14:56:23 UTC] PHP Warning:  Constant RWMB_URL already defined in /wordpress/wp-content/plugins/wp-repo-tracker/ext/meta-box/inc/loader.php on line 27
[09-May-2025 14:56:23 UTC] PHP Notice:  Function register_uninstall_hook was called <strong>incorrectly</strong>. Only a static class method or function can be used in an uninstall hook. Please see <a href="https://developer.wordpress.org/advanced-administration/debug/debug-wordpress/">Debugging in WordPress</a> for more information. (This message was added in version 3.1.0.) in /wordpress/wp-includes/functions.php on line 6121
[09-May-2025 14:56:23 UTC] PHP Warning:  Private methods cannot be final as they are never overridden by other classes in /wordpress/wp-content/plugins/wp-repo-tracker/ext/wprecord/WpRecord.php on line 75
[09-May-2025 14:56:23 UTC] PHP Warning:  Private methods cannot be final as they are never overridden by other classes in /wordpress/wp-content/plugins/wp-repo-tracker/ext/wprecord/WpRecord.php on line 336
[09-May-2025 14:56:23 UTC] PHP Warning:  Private methods cannot be final as they are never overridden by other classes in /wordpress/wp-content/plugins/wp-repo-tracker/ext/wprecord/WpRecord.php on line 350
[09-May-2025 14:56:23 UTC] PHP Warning:  Private methods cannot be final as they are never overridden by other classes in /wordpress/wp-content/plugins/wp-repo-tracker/ext/wprecord/WpRecord.php on line 409
[09-May-2025 14:56:25 UTC] PHP Warning:  Constant RWMB_URL already defined in /wordpress/wp-content/plugins/wp-repo-tracker/ext/meta-box/inc/loader.php on line 27
[09-May-2025 14:56:25 UTC] PHP Notice:  Function register_uninstall_hook was called <strong>incorrectly</strong>. Only a static class method or function can be used in an uninstall hook. Please see <a href="https://developer.wordpress.org/advanced-administration/debug/debug-wordpress/">Debugging in WordPress</a> for more information. (This message was added in version 3.1.0.) in /wordpress/wp-includes/functions.php on line 6121
[09-May-2025 14:56:34 UTC] PHP Warning:  Constant RWMB_URL already defined in /wordpress/wp-content/plugins/wp-repo-tracker/ext/meta-box/inc/loader.php on line 27
[09-May-2025 14:56:34 UTC] PHP Notice:  Function register_uninstall_hook was called <strong>incorrectly</strong>. Only a static class method or function can be used in an uninstall hook. Please see <a href="https://developer.wordpress.org/advanced-administration/debug/debug-wordpress/">Debugging in WordPress</a> for more information. (This message was added in version 3.1.0.) in /wordpress/wp-includes/functions.php on line 6121
[09-May-2025 14:56:34 UTC] PHP Warning:  Private methods cannot be final as they are never overridden by other classes in /wordpress/wp-content/plugins/wp-repo-tracker/ext/wprecord/WpRecord.php on line 75
[09-May-2025 14:56:34 UTC] PHP Warning:  Private methods cannot be final as they are never overridden by other classes in /wordpress/wp-content/plugins/wp-repo-tracker/ext/wprecord/WpRecord.php on line 336
[09-May-2025 14:56:34 UTC] PHP Warning:  Private methods cannot be final as they are never overridden by other classes in /wordpress/wp-content/plugins/wp-repo-tracker/ext/wprecord/WpRecord.php on line 350
[09-May-2025 14:56:34 UTC] PHP Warning:  Private methods cannot be final as they are never overridden by other classes in /wordpress/wp-content/plugins/wp-repo-tracker/ext/wprecord/WpRecord.php on line 409
[09-May-2025 14:56:34 UTC] WordPress database error <div style="clear:both">&nbsp;</div>
<div class="queries" style="clear:both;margin-bottom:2px;border:red dotted thin;">
<p>MySQL query:</p>
<p>ALTER TABLE `wp_repoissue` MODIFY id integer not null auto_increment</p>
<p>Queries made or created this session were:</p>
<ol>
<li>Executing: BEGIN | (no parameters)</li>
<li>Executing: ROLLBACK | (no parameters)</li>
</ol>
</div>
<div style="clear:both;margin-bottom:2px;border:red dotted thin;" class="error_message" style="border-bottom:dotted blue thin;">
Error occurred at line 4117 in Function <code>handle_error</code>. Error message was: Unknown operation: MODIFY.
</div>
<p>Backtrace:</p>
<pre>#0 /internal/shared/sqlite-database-integration/wp-includes/sqlite/class-wp-sqlite-db.php(287): WP_SQLite_Translator->get_error_message()
#1 /wordpress/wp-includes/class-wpdb.php(3146): WP_SQLite_DB->query('ALTER TABLE `wp...')
#2 /wordpress/wp-content/plugins/wp-repo-tracker/ext/wprecord/WpRecord.php(369): wpdb->get_results('ALTER TABLE `wp...', 'ARRAY_A')
#3 /wordpress/wp-content/plugins/wp-repo-tracker/ext/wprecord/WpRecord.php(131): WpRecord::query('ALTER TABLE `wp...')
#4 /wordpress/wp-content/plugins/wp-repo-tracker/src/plugin/RepoTrackerPlugin.php(36): WpRecord::install()
#5 /wordpress/wp-includes/class-wp-hook.php(324): repotracker\RepoTrackerPlugin->activate(false)
#6 /wordpress/wp-includes/class-wp-hook.php(348): WP_Hook->apply_filters('', Array)
#7 /wordpress/wp-includes/plugin.php(517): WP_Hook->do_action(Array)
#8 /wordpress/wp-admin/includes/plugin.php(703): do_action('activate_wp-rep...', false)
#9 /internal/eval.php(20): activate_plugin('wp-repo-tracker...')
#10 {main}</pre>
 for query ALTER TABLE `wp_repoissue` MODIFY id integer not null auto_increment made by activate_plugin, do_action('activate_wp-repo-tracker/wp-repo-tracker.php'), WP_Hook->do_action, WP_Hook->apply_filters, repotracker\RepoTrackerPlugin->activate, WpRecord::install, WpRecord::query, WP_SQLite_DB->query, WP_SQLite_DB->print_error
[09-May-2025 14:56:34 UTC] PHP Fatal error:  Uncaught Exception: <div style="clear:both">&nbsp;</div>
<div class="queries" style="clear:both;margin-bottom:2px;border:red dotted thin;">
<p>MySQL query:</p>
<p>ALTER TABLE `wp_repoissue` MODIFY id integer not null auto_increment</p>
<p>Queries made or created this session were:</p>
<ol>
<li>Executing: BEGIN | (no parameters)</li>
<li>Executing: ROLLBACK | (no parameters)</li>
</ol>
</div>
<div style="clear:both;margin-bottom:2px;border:red dotted thin;" class="error_message" style="border-bottom:dotted blue thin;">
Error occurred at line 4117 in Function <code>handle_error</code>. Error message was: Unknown operation: MODIFY.
</div>
<p>Backtrace:</p>
<pre>#0 /internal/shared/sqlite-database-integration/wp-includes/sqlite/class-wp-sqlite-db.php(287): WP_SQLite_Translator->get_error_message()
#1 /wordpress/wp-includes/class-wpdb.php(3146): WP_SQLite_DB->query('ALTER TABLE `wp...')
#2 /wordpress/wp-content/plugins/wp-repo-tracker/ext/wprecord/WpRecord.php(369): wpdb->get_results('ALTER TABLE `wp...', 'ARRAY_A')
#3 /wordpress/wp-content/plugins/wp-repo-tracker/ext/wprecord/WpRecord.php(131): WpRecord::query('ALTER TABLE `wp...')
#4 /wordpress/wp-content/plugins/wp-repo-tracker/src/plugin/RepoTrackerPlugin.php(36): WpRecord::install()
#5 /wordpress/wp-includes/class-wp-hook.php(324): repotracker\RepoTrackerPlugin->activate(false)
#6 /wordpress/wp-includes/class-wp-hook.php(348): WP_Hook->apply_filters('', Array)
#7 /wordpress/wp-includes/plugin.php(517): WP_Hook->do_action(Array)
#8 /wordpress/wp-admin/includes/plugin.php(703): do_action('activate_wp-rep...', false)
#9 /internal/eval.php(20): activate_plugin('wp-repo-tracker...')
#10 {main}</pre>
 in /wordpress/wp-content/plugins/wp-repo-tracker/ext/wprecord/WpRecord.php:371
Stack trace:
#0 /wordpress/wp-content/plugins/wp-repo-tracker/ext/wprecord/WpRecord.php(131): WpRecord::query('ALTER TABLE `wp...')
#1 /wordpress/wp-content/plugins/wp-repo-tracker/src/plugin/RepoTrackerPlugin.php(36): WpRecord::install()
#2 /wordpress/wp-includes/class-wp-hook.php(324): repotracker\RepoTrackerPlugin->activate(false)
#3 /wordpress/wp-includes/class-wp-hook.php(348): WP_Hook->apply_filters('', Array)
#4 /wordpress/wp-includes/plugin.php(517): WP_Hook->do_action(Array)
#5 /wordpress/wp-admin/includes/plugin.php(703): do_action('activate_wp-rep...', false)
#6 /internal/eval.php(20): activate_plugin('wp-repo-tracker...')
#7 {main}
  thrown in /wordpress/wp-content/plugins/wp-repo-tracker/ext/wprecord/WpRecord.php on line 371
[09-May-2025 14:56:44 UTC] PHP Warning:  Constant RWMB_URL already defined in /wordpress/wp-content/plugins/wp-repo-tracker/ext/meta-box/inc/loader.php on line 27
[09-May-2025 14:56:44 UTC] PHP Notice:  Function register_uninstall_hook was called <strong>incorrectly</strong>. Only a static class method or function can be used in an uninstall hook. Please see <a href="https://developer.wordpress.org/advanced-administration/debug/debug-wordpress/">Debugging in WordPress</a> for more information. (This message was added in version 3.1.0.) in /wordpress/wp-includes/functions.php on line 6121
[09-May-2025 14:56:44 UTC] PHP Warning:  Private methods cannot be final as they are never overridden by other classes in /wordpress/wp-content/plugins/wp-repo-tracker/ext/wprecord/WpRecord.php on line 75
[09-May-2025 14:56:44 UTC] PHP Warning:  Private methods cannot be final as they are never overridden by other classes in /wordpress/wp-content/plugins/wp-repo-tracker/ext/wprecord/WpRecord.php on line 336
[09-May-2025 14:56:44 UTC] PHP Warning:  Private methods cannot be final as they are never overridden by other classes in /wordpress/wp-content/plugins/wp-repo-tracker/ext/wprecord/WpRecord.php on line 350
[09-May-2025 14:56:44 UTC] PHP Warning:  Private methods cannot be final as they are never overridden by other classes in /wordpress/wp-content/plugins/wp-repo-tracker/ext/wprecord/WpRecord.php on line 409
[09-May-2025 14:56:44 UTC] WordPress database error <div style="clear:both">&nbsp;</div>
<div class="queries" style="clear:both;margin-bottom:2px;border:red dotted thin;">
<p>MySQL query:</p>
<p>ALTER TABLE `wp_repoissue` MODIFY id integer not null auto_increment</p>
<p>Queries made or created this session were:</p>
<ol>
<li>Executing: BEGIN | (no parameters)</li>
<li>Executing: ROLLBACK | (no parameters)</li>
</ol>
</div>
<div style="clear:both;margin-bottom:2px;border:red dotted thin;" class="error_message" style="border-bottom:dotted blue thin;">
Error occurred at line 4117 in Function <code>handle_error</code>. Error message was: Unknown operation: MODIFY.
</div>
<p>Backtrace:</p>
<pre>#0 /internal/shared/sqlite-database-integration/wp-includes/sqlite/class-wp-sqlite-db.php(287): WP_SQLite_Translator->get_error_message()
#1 /wordpress/wp-includes/class-wpdb.php(3146): WP_SQLite_DB->query('ALTER TABLE `wp...')
#2 /wordpress/wp-content/plugins/wp-repo-tracker/ext/wprecord/WpRecord.php(369): wpdb->get_results('ALTER TABLE `wp...', 'ARRAY_A')
#3 /wordpress/wp-content/plugins/wp-repo-tracker/ext/wprecord/WpRecord.php(131): WpRecord::query('ALTER TABLE `wp...')
#4 /wordpress/wp-content/plugins/wp-repo-tracker/src/plugin/RepoTrackerPlugin.php(36): WpRecord::install()
#5 /wordpress/wp-includes/class-wp-hook.php(324): repotracker\RepoTrackerPlugin->activate(false)
#6 /wordpress/wp-includes/class-wp-hook.php(348): WP_Hook->apply_filters('', Array)
#7 /wordpress/wp-includes/plugin.php(517): WP_Hook->do_action(Array)
#8 /wordpress/wp-admin/includes/plugin.php(703): do_action('activate_wp-rep...', false)
#9 /internal/eval.php(20): activate_plugin('wp-repo-tracker...')
#10 {main}</pre>
 for query ALTER TABLE `wp_repoissue` MODIFY id integer not null auto_increment made by activate_plugin, do_action('activate_wp-repo-tracker/wp-repo-tracker.php'), WP_Hook->do_action, WP_Hook->apply_filters, repotracker\RepoTrackerPlugin->activate, WpRecord::install, WpRecord::query, WP_SQLite_DB->query, WP_SQLite_DB->print_error
[09-May-2025 14:56:44 UTC] PHP Fatal error:  Uncaught Exception: <div style="clear:both">&nbsp;</div>
<div class="queries" style="clear:both;margin-bottom:2px;border:red dotted thin;">
<p>MySQL query:</p>
<p>ALTER TABLE `wp_repoissue` MODIFY id integer not null auto_increment</p>
<p>Queries made or created this session were:</p>
<ol>
<li>Executing: BEGIN | (no parameters)</li>
<li>Executing: ROLLBACK | (no parameters)</li>
</ol>
</div>
<div style="clear:both;margin-bottom:2px;border:red dotted thin;" class="error_message" style="border-bottom:dotted blue thin;">
Error occurred at line 4117 in Function <code>handle_error</code>. Error message was: Unknown operation: MODIFY.
</div>
<p>Backtrace:</p>
<pre>#0 /internal/shared/sqlite-database-integration/wp-includes/sqlite/class-wp-sqlite-db.php(287): WP_SQLite_Translator->get_error_message()
#1 /wordpress/wp-includes/class-wpdb.php(3146): WP_SQLite_DB->query('ALTER TABLE `wp...')
#2 /wordpress/wp-content/plugins/wp-repo-tracker/ext/wprecord/WpRecord.php(369): wpdb->get_results('ALTER TABLE `wp...', 'ARRAY_A')
#3 /wordpress/wp-content/plugins/wp-repo-tracker/ext/wprecord/WpRecord.php(131): WpRecord::query('ALTER TABLE `wp...')
#4 /wordpress/wp-content/plugins/wp-repo-tracker/src/plugin/RepoTrackerPlugin.php(36): WpRecord::install()
#5 /wordpress/wp-includes/class-wp-hook.php(324): repotracker\RepoTrackerPlugin->activate(false)
#6 /wordpress/wp-includes/class-wp-hook.php(348): WP_Hook->apply_filters('', Array)
#7 /wordpress/wp-includes/plugin.php(517): WP_Hook->do_action(Array)
#8 /wordpress/wp-admin/includes/plugin.php(703): do_action('activate_wp-rep...', false)
#9 /internal/eval.php(20): activate_plugin('wp-repo-tracker...')
#10 {main}</pre>
 in /wordpress/wp-content/plugins/wp-repo-tracker/ext/wprecord/WpRecord.php:371
Stack trace:
#0 /wordpress/wp-content/plugins/wp-repo-tracker/ext/wprecord/WpRecord.php(131): WpRecord::query('ALTER TABLE `wp...')
#1 /wordpress/wp-content/plugins/wp-repo-tracker/src/plugin/RepoTrackerPlugin.php(36): WpRecord::install()
#2 /wordpress/wp-includes/class-wp-hook.php(324): repotracker\RepoTrackerPlugin->activate(false)
#3 /wordpress/wp-includes/class-wp-hook.php(348): WP_Hook->apply_filters('', Array)
#4 /wordpress/wp-includes/plugin.php(517): WP_Hook->do_action(Array)
#5 /wordpress/wp-admin/includes/plugin.php(703): do_action('activate_wp-rep...', false)
#6 /internal/eval.php(20): activate_plugin('wp-repo-tracker...')
#7 {main}
  thrown in /wordpress/wp-content/plugins/wp-repo-tracker/ext/wprecord/WpRecord.php on line 371
[09-May-2025 14:58:46 UTC] PHP Notice:  Function _load_textdomain_just_in_time was called <strong>incorrectly</strong>. Translation loading for the <code>welcome-popup</code> domain was triggered too early. This is usually an indicator for some code in the plugin or theme running too early. Translations should be loaded at the <code>init</code> action or later. Please see <a href="https://developer.wordpress.org/advanced-administration/debug/debug-wordpress/">Debugging in WordPress</a> for more information. (This message was added in version 6.7.0.) in /wordpress/wp-includes/functions.php on line 6121
[09-May-2025 14:58:55 UTC] PHP Notice:  Function _load_textdomain_just_in_time was called <strong>incorrectly</strong>. Translation loading for the <code>welcome-popup</code> domain was triggered too early. This is usually an indicator for some code in the plugin or theme running too early. Translations should be loaded at the <code>init</code> action or later. Please see <a href="https://developer.wordpress.org/advanced-administration/debug/debug-wordpress/">Debugging in WordPress</a> for more information. (This message was added in version 6.7.0.) in /wordpress/wp-includes/functions.php on line 6121
[09-May-2025 14:59:05 UTC] PHP Notice:  Function _load_textdomain_just_in_time was called <strong>incorrectly</strong>. Translation loading for the <code>welcome-popup</code> domain was triggered too early. This is usually an indicator for some code in the plugin or theme running too early. Translations should be loaded at the <code>init</code> action or later. Please see <a href="https://developer.wordpress.org/advanced-administration/debug/debug-wordpress/">Debugging in WordPress</a> for more information. (This message was added in version 6.7.0.) in /wordpress/wp-includes/functions.php on line 6121
[09-May-2025 15:00:07 UTC] PHP Fatal error:  Uncaught Error: Call to undefined function get_filesystem_method() in /wordpress/wp-content/plugins/wmf-mobile-theme-switcher/wmf-theme-switcher.php:111
Stack trace:
#0 /wordpress/wp-includes/class-wp-hook.php(324): Wmf_Theme_Switcher->wmf_theme_switcher_activate(false)
#1 /wordpress/wp-includes/class-wp-hook.php(348): WP_Hook->apply_filters('', Array)
#2 /wordpress/wp-includes/plugin.php(517): WP_Hook->do_action(Array)
#3 /wordpress/wp-admin/includes/plugin.php(703): do_action('activate_wmf-mo...', false)
#4 /internal/eval.php(20): activate_plugin('wmf-mobile-them...')
#5 {main}
  thrown in /wordpress/wp-content/plugins/wmf-mobile-theme-switcher/wmf-theme-switcher.php on line 111
[09-May-2025 15:00:14 UTC] PHP Fatal error:  Uncaught Error: Call to undefined function get_filesystem_method() in /wordpress/wp-content/plugins/wmf-mobile-theme-switcher/wmf-theme-switcher.php:111
Stack trace:
#0 /wordpress/wp-includes/class-wp-hook.php(324): Wmf_Theme_Switcher->wmf_theme_switcher_activate(false)
#1 /wordpress/wp-includes/class-wp-hook.php(348): WP_Hook->apply_filters('', Array)
#2 /wordpress/wp-includes/plugin.php(517): WP_Hook->do_action(Array)
#3 /wordpress/wp-admin/includes/plugin.php(703): do_action('activate_wmf-mo...', false)
#4 /internal/eval.php(20): activate_plugin('wmf-mobile-them...')
#5 {main}
  thrown in /wordpress/wp-content/plugins/wmf-mobile-theme-switcher/wmf-theme-switcher.php on line 111
[09-May-2025 15:00:22 UTC] PHP Fatal error:  Uncaught Error: Call to undefined function get_filesystem_method() in /wordpress/wp-content/plugins/wmf-mobile-theme-switcher/wmf-theme-switcher.php:111
Stack trace:
#0 /wordpress/wp-includes/class-wp-hook.php(324): Wmf_Theme_Switcher->wmf_theme_switcher_activate(false)
#1 /wordpress/wp-includes/class-wp-hook.php(348): WP_Hook->apply_filters('', Array)
#2 /wordpress/wp-includes/plugin.php(517): WP_Hook->do_action(Array)
#3 /wordpress/wp-admin/includes/plugin.php(703): do_action('activate_wmf-mo...', false)
#4 /internal/eval.php(20): activate_plugin('wmf-mobile-them...')
#5 {main}
  thrown in /wordpress/wp-content/plugins/wmf-mobile-theme-switcher/wmf-theme-switcher.php on line 111
[09-May-2025 15:01:53 UTC] PHP Fatal error:  Uncaught TypeError: call_user_func_array(): Argument #1 ($callback) must be a valid callback, non-static method Wpdoctopdfw_Widget::widgets_init() cannot be called statically in /wordpress/wp-includes/class-wp-hook.php:324
Stack trace:
#0 /wordpress/wp-includes/class-wp-hook.php(348): WP_Hook->apply_filters(NULL, Array)
#1 /wordpress/wp-includes/plugin.php(517): WP_Hook->do_action(Array)
#2 /wordpress/wp-includes/widgets.php(1870): do_action('widgets_init')
#3 /wordpress/wp-includes/class-wp-hook.php(324): wp_widgets_init('')
#4 /wordpress/wp-includes/class-wp-hook.php(348): WP_Hook->apply_filters(NULL, Array)
#5 /wordpress/wp-includes/plugin.php(517): WP_Hook->do_action(Array)
#6 /wordpress/wp-settings.php(727): do_action('init')
#7 /wordpress/wp-config.php(102): require_once('/wordpress/wp-s...')
#8 /wordpress/wp-load.php(50): require_once('/wordpress/wp-c...')
#9 /internal/eval.php(3): require_once('/wordpress/wp-l...')
#10 {main}
  thrown in /wordpress/wp-includes/class-wp-hook.php on line 324
[09-May-2025 15:02:03 UTC] PHP Fatal error:  Uncaught TypeError: call_user_func_array(): Argument #1 ($callback) must be a valid callback, non-static method Wpdoctopdfw_Widget::widgets_init() cannot be called statically in /wordpress/wp-includes/class-wp-hook.php:324
Stack trace:
#0 /wordpress/wp-includes/class-wp-hook.php(348): WP_Hook->apply_filters(NULL, Array)
#1 /wordpress/wp-includes/plugin.php(517): WP_Hook->do_action(Array)
#2 /wordpress/wp-includes/widgets.php(1870): do_action('widgets_init')
#3 /wordpress/wp-includes/class-wp-hook.php(324): wp_widgets_init('')
#4 /wordpress/wp-includes/class-wp-hook.php(348): WP_Hook->apply_filters(NULL, Array)
#5 /wordpress/wp-includes/plugin.php(517): WP_Hook->do_action(Array)
#6 /wordpress/wp-settings.php(727): do_action('init')
#7 /wordpress/wp-config.php(102): require_once('/wordpress/wp-s...')
#8 /wordpress/wp-load.php(50): require_once('/wordpress/wp-c...')
#9 /internal/eval.php(3): require_once('/wordpress/wp-l...')
#10 {main}
  thrown in /wordpress/wp-includes/class-wp-hook.php on line 324
[09-May-2025 15:02:13 UTC] PHP Fatal error:  Uncaught TypeError: call_user_func_array(): Argument #1 ($callback) must be a valid callback, non-static method Wpdoctopdfw_Widget::widgets_init() cannot be called statically in /wordpress/wp-includes/class-wp-hook.php:324
Stack trace:
#0 /wordpress/wp-includes/class-wp-hook.php(348): WP_Hook->apply_filters(NULL, Array)
#1 /wordpress/wp-includes/plugin.php(517): WP_Hook->do_action(Array)
#2 /wordpress/wp-includes/widgets.php(1870): do_action('widgets_init')
#3 /wordpress/wp-includes/class-wp-hook.php(324): wp_widgets_init('')
#4 /wordpress/wp-includes/class-wp-hook.php(348): WP_Hook->apply_filters(NULL, Array)
#5 /wordpress/wp-includes/plugin.php(517): WP_Hook->do_action(Array)
#6 /wordpress/wp-settings.php(727): do_action('init')
#7 /wordpress/wp-config.php(102): require_once('/wordpress/wp-s...')
#8 /wordpress/wp-load.php(50): require_once('/wordpress/wp-c...')
#9 /internal/eval.php(3): require_once('/wordpress/wp-l...')
#10 {main}
  thrown in /wordpress/wp-includes/class-wp-hook.php on line 324

    at Object.onBind (file:///home/runner/work/playground-tester/playground-tester/node_modules/@wp-playground/cli/index.js:237:15)
    at process.processTicksAndRejections (node:internal/process/task_queues:105:5)
    at async V (file:///home/runner/work/playground-tester/playground-tester/node_modules/@wp-playground/cli/index.js:64:10)
    at async ja (file:///home/runner/work/playground-tester/playground-tester/node_modules/@wp-playground/cli/cli.js:8161:12) {
  [cause]: Error: Error when executing the blueprint step #5 ({"step":"installPlugin","pluginData":{"resource":"wordpress.org/plugins","slug":"wp-exam-simulator"},"options":{"activate":true}}) : Could not download "https://downloads.wordpress.org/plugin/wp-exam-simulator.latest-stable.zip".
  				Check if the URL is correct and the server is reachable.
  				If it is reachable, the server might be blocking the request.
  				Check the browser console and network tabs for more information.
  
  				## Does the console show the error "No 'Access-Control-Allow-Origin' header"?
  
  				This means the server that hosts your file does not allow requests from other sites
  				(cross-origin requests, or CORS).	You need to move the asset to a server that allows
  				cross-origin file downloads. Learn more about CORS at
  				https://developer.mozilla.org/en-US/docs/Web/HTTP/CORS.
  
  				If your file is on GitHub, load it from "raw.githubusercontent.com".
  				Here's how to do that:
  
  				1. Start with the original GitHub URL of the file. For example:
  				https://github.com/username/repository/blob/branch/filename.
  				2. Replace "github.com" with "raw.githubusercontent.com".
  				3. Remove the "/blob/" part of the URL.
  
  				The resulting URL should look like this:
  				https://raw.githubusercontent.com/username/repository/branch/filename
  
  				Error:
  				Error: Could not download "https://downloads.wordpress.org/plugin/wp-exam-simulator.latest-stable.zip"
      at Object.run (file:///home/runner/work/playground-tester/playground-tester/node_modules/@wp-playground/blueprints/index.js:12449:19)
      at process.processTicksAndRejections (node:internal/process/task_queues:105:5)
      at async ms (file:///home/runner/work/playground-tester/playground-tester/node_modules/@wp-playground/blueprints/index.js:12552:3)
      at async Object.onBind (file:///home/runner/work/playground-tester/playground-tester/node_modules/@wp-playground/cli/index.js:227:48)
      at async V (file:///home/runner/work/playground-tester/playground-tester/node_modules/@wp-playground/cli/index.js:64:10)
      at async ja (file:///home/runner/work/playground-tester/playground-tester/node_modules/@wp-playground/cli/cli.js:8161:12) {
    [cause]: Error: Could not download "https://downloads.wordpress.org/plugin/wp-exam-simulator.latest-stable.zip".
    				Check if the URL is correct and the server is reachable.
    				If it is reachable, the server might be blocking the request.
    				Check the browser console and network tabs for more information.
    
    				## Does the console show the error "No 'Access-Control-Allow-Origin' header"?
    
    				This means the server that hosts your file does not allow requests from other sites
    				(cross-origin requests, or CORS).	You need to move the asset to a server that allows
    				cross-origin file downloads. Learn more about CORS at
    				https://developer.mozilla.org/en-US/docs/Web/HTTP/CORS.
    
    				If your file is on GitHub, load it from "raw.githubusercontent.com".
    				Here's how to do that:
    
    				1. Start with the original GitHub URL of the file. For example:
    				https://github.com/username/repository/blob/branch/filename.
    				2. Replace "github.com" with "raw.githubusercontent.com".
    				3. Remove the "/blob/" part of the URL.
    
    				The resulting URL should look like this:
    				https://raw.githubusercontent.com/username/repository/branch/filename
    
    				Error:
    				Error: Could not download "https://downloads.wordpress.org/plugin/wp-exam-simulator.latest-stable.zip"
        at Ct.resolve (file:///home/runner/work/playground-tester/playground-tester/node_modules/@wp-playground/blueprints/index.js:1472:13)
        at process.processTicksAndRejections (node:internal/process/task_queues:105:5)
        at async _.run (file:///home/runner/work/playground-tester/playground-tester/node_modules/@php-wasm/util/index.js:45:14)
  }
}

Node.js v23.11.0
