[
{"message":"file:///home/runner/work/playground-tester/playground-tester/node_modules/@wp-playground/cli/run-cli-j-geJYS3.js:325\n        throw new Error($, { cause: h });\n              ^\n","level":"FATAL","type":"PLAYGROUND","test":"ast-sqlite-boot","plugin":"wepupil-ranker","details":"file:///home/runner/work/playground-tester/playground-tester/node_modules/@wp-playground/cli/run-cli-j-geJYS3.js:325\n        throw new Error($, { cause: h });\n              ^\n","log":"/tmp/tmp.Yzp4NLRbqS"}
,
{"message":"Required parameter $nonce follows optional parameter $formdata in /wordpress/wp-content/plugins/wp-easy-events/assets/ext/emd-posts-to-posts/scb/Forms.php on line 35","level":"DEPRECATED","type":"PHP","test":"ast-sqlite-boot","plugin":"wepupil-ranker","details":"[24-Jun-2025 05:53:51 UTC] PHP Deprecated:  Required parameter $nonce follows optional parameter $formdata in /wordpress/wp-content/plugins/wp-easy-events/assets/ext/emd-posts-to-posts/scb/Forms.php on line 35","log":"/logs/plugins/w/wepupil-ranker/error.json"}
,
{"message":"Required parameter $args follows optional parameter $file in /wordpress/wp-content/plugins/wp-easy-events/assets/ext/emd-posts-to-posts/scb/Cron.php on line 24","level":"DEPRECATED","type":"PHP","test":"ast-sqlite-boot","plugin":"wepupil-ranker","details":"[24-Jun-2025 05:53:51 UTC] PHP Deprecated:  Required parameter $args follows optional parameter $file in /wordpress/wp-content/plugins/wp-easy-events/assets/ext/emd-posts-to-posts/scb/Cron.php on line 24","log":"/logs/plugins/w/wepupil-ranker/error.json"}
,
{"message":"Required parameter $current_post_id follows optional parameter $render in /wordpress/wp-content/plugins/wp-easy-events/assets/ext/emd-posts-to-posts/admin/box.php on line 162","level":"DEPRECATED","type":"PHP","test":"ast-sqlite-boot","plugin":"wepupil-ranker","details":"[24-Jun-2025 05:53:51 UTC] PHP Deprecated:  Required parameter $current_post_id follows optional parameter $render in /wordpress/wp-content/plugins/wp-easy-events/assets/ext/emd-posts-to-posts/admin/box.php on line 162","log":"/logs/plugins/w/wepupil-ranker/error.json"}
,
{"message":"Required parameter $current_post_id follows optional parameter $render in /wordpress/wp-content/plugins/wp-easy-events/assets/ext/emd-posts-to-posts/admin/box.php on line 166","level":"DEPRECATED","type":"PHP","test":"ast-sqlite-boot","plugin":"wepupil-ranker","details":"[24-Jun-2025 05:53:51 UTC] PHP Deprecated:  Required parameter $current_post_id follows optional parameter $render in /wordpress/wp-content/plugins/wp-easy-events/assets/ext/emd-posts-to-posts/admin/box.php on line 166","log":"/logs/plugins/w/wepupil-ranker/error.json"}
,
{"message":"Required parameter $submit_result follows optional parameter $error in /wordpress/wp-content/plugins/wp-easy-events/includes/emd-form-builder-lite/emd-form-frontend.php on line 996","level":"DEPRECATED","type":"PHP","test":"ast-sqlite-boot","plugin":"wepupil-ranker","details":"[24-Jun-2025 05:53:51 UTC] PHP Deprecated:  Required parameter $submit_result follows optional parameter $error in /wordpress/wp-content/plugins/wp-easy-events/includes/emd-form-builder-lite/emd-form-frontend.php on line 996","log":"/logs/plugins/w/wepupil-ranker/error.json"}
,
{"message":"Required parameter $myfields follows optional parameter $args in /wordpress/wp-content/plugins/wp-easy-events/includes/emd-form-builder-lite/emd-form-functions.php on line 688","level":"DEPRECATED","type":"PHP","test":"ast-sqlite-boot","plugin":"wepupil-ranker","details":"[24-Jun-2025 05:53:51 UTC] PHP Deprecated:  Required parameter $myfields follows optional parameter $args in /wordpress/wp-content/plugins/wp-easy-events/includes/emd-form-builder-lite/emd-form-functions.php on line 688","log":"/logs/plugins/w/wepupil-ranker/error.json"}
,
{"message":"Required parameter $submit_result follows optional parameter $error in /wordpress/wp-content/plugins/wp-easy-events/includes/emd-form-builder-lite/emd-form-frontend.php on line 996","level":"DEPRECATED","type":"PHP","test":"ast-sqlite-boot","plugin":"wepupil-ranker","details":"[24-Jun-2025 05:53:54 UTC] PHP Deprecated:  Required parameter $submit_result follows optional parameter $error in /wordpress/wp-content/plugins/wp-easy-events/includes/emd-form-builder-lite/emd-form-frontend.php on line 996","log":"/logs/plugins/w/wepupil-ranker/error.json"}
,
{"message":"Required parameter $myfields follows optional parameter $args in /wordpress/wp-content/plugins/wp-easy-events/includes/emd-form-builder-lite/emd-form-functions.php on line 688","level":"DEPRECATED","type":"PHP","test":"ast-sqlite-boot","plugin":"wepupil-ranker","details":"[24-Jun-2025 05:53:54 UTC] PHP Deprecated:  Required parameter $myfields follows optional parameter $args in /wordpress/wp-content/plugins/wp-easy-events/includes/emd-form-builder-lite/emd-form-functions.php on line 688","log":"/logs/plugins/w/wepupil-ranker/error.json"}
,
{"message":"Required parameter $nonce follows optional parameter $formdata in /wordpress/wp-content/plugins/wp-easy-events/assets/ext/emd-posts-to-posts/scb/Forms.php on line 35","level":"DEPRECATED","type":"PHP","test":"ast-sqlite-boot","plugin":"wepupil-ranker","details":"[24-Jun-2025 05:53:54 UTC] PHP Deprecated:  Required parameter $nonce follows optional parameter $formdata in /wordpress/wp-content/plugins/wp-easy-events/assets/ext/emd-posts-to-posts/scb/Forms.php on line 35","log":"/logs/plugins/w/wepupil-ranker/error.json"}
,
{"message":"Required parameter $args follows optional parameter $file in /wordpress/wp-content/plugins/wp-easy-events/assets/ext/emd-posts-to-posts/scb/Cron.php on line 24","level":"DEPRECATED","type":"PHP","test":"ast-sqlite-boot","plugin":"wepupil-ranker","details":"[24-Jun-2025 05:53:54 UTC] PHP Deprecated:  Required parameter $args follows optional parameter $file in /wordpress/wp-content/plugins/wp-easy-events/assets/ext/emd-posts-to-posts/scb/Cron.php on line 24","log":"/logs/plugins/w/wepupil-ranker/error.json"}
,
{"message":"Required parameter $nonce follows optional parameter $formdata in /wordpress/wp-content/plugins/wp-easy-events/assets/ext/emd-posts-to-posts/scb/Forms.php on line 35","level":"DEPRECATED","type":"PHP","test":"ast-sqlite-boot","plugin":"wepupil-ranker","details":"[24-Jun-2025 05:54:04 UTC] PHP Deprecated:  Required parameter $nonce follows optional parameter $formdata in /wordpress/wp-content/plugins/wp-easy-events/assets/ext/emd-posts-to-posts/scb/Forms.php on line 35","log":"/logs/plugins/w/wepupil-ranker/error.json"}
,
{"message":"Required parameter $args follows optional parameter $file in /wordpress/wp-content/plugins/wp-easy-events/assets/ext/emd-posts-to-posts/scb/Cron.php on line 24","level":"DEPRECATED","type":"PHP","test":"ast-sqlite-boot","plugin":"wepupil-ranker","details":"[24-Jun-2025 05:54:04 UTC] PHP Deprecated:  Required parameter $args follows optional parameter $file in /wordpress/wp-content/plugins/wp-easy-events/assets/ext/emd-posts-to-posts/scb/Cron.php on line 24","log":"/logs/plugins/w/wepupil-ranker/error.json"}
,
{"message":"Required parameter $current_post_id follows optional parameter $render in /wordpress/wp-content/plugins/wp-easy-events/assets/ext/emd-posts-to-posts/admin/box.php on line 162","level":"DEPRECATED","type":"PHP","test":"ast-sqlite-boot","plugin":"wepupil-ranker","details":"[24-Jun-2025 05:54:04 UTC] PHP Deprecated:  Required parameter $current_post_id follows optional parameter $render in /wordpress/wp-content/plugins/wp-easy-events/assets/ext/emd-posts-to-posts/admin/box.php on line 162","log":"/logs/plugins/w/wepupil-ranker/error.json"}
,
{"message":"Required parameter $current_post_id follows optional parameter $render in /wordpress/wp-content/plugins/wp-easy-events/assets/ext/emd-posts-to-posts/admin/box.php on line 166","level":"DEPRECATED","type":"PHP","test":"ast-sqlite-boot","plugin":"wepupil-ranker","details":"[24-Jun-2025 05:54:04 UTC] PHP Deprecated:  Required parameter $current_post_id follows optional parameter $render in /wordpress/wp-content/plugins/wp-easy-events/assets/ext/emd-posts-to-posts/admin/box.php on line 166","log":"/logs/plugins/w/wepupil-ranker/error.json"}
,
{"message":"Required parameter $submit_result follows optional parameter $error in /wordpress/wp-content/plugins/wp-easy-events/includes/emd-form-builder-lite/emd-form-frontend.php on line 996","level":"DEPRECATED","type":"PHP","test":"ast-sqlite-boot","plugin":"wepupil-ranker","details":"[24-Jun-2025 05:54:04 UTC] PHP Deprecated:  Required parameter $submit_result follows optional parameter $error in /wordpress/wp-content/plugins/wp-easy-events/includes/emd-form-builder-lite/emd-form-frontend.php on line 996","log":"/logs/plugins/w/wepupil-ranker/error.json"}
,
{"message":"Required parameter $myfields follows optional parameter $args in /wordpress/wp-content/plugins/wp-easy-events/includes/emd-form-builder-lite/emd-form-functions.php on line 688","level":"DEPRECATED","type":"PHP","test":"ast-sqlite-boot","plugin":"wepupil-ranker","details":"[24-Jun-2025 05:54:04 UTC] PHP Deprecated:  Required parameter $myfields follows optional parameter $args in /wordpress/wp-content/plugins/wp-easy-events/includes/emd-form-builder-lite/emd-form-functions.php on line 688","log":"/logs/plugins/w/wepupil-ranker/error.json"}
,
{"message":"Required parameter $submit_result follows optional parameter $error in /wordpress/wp-content/plugins/wp-easy-events/includes/emd-form-builder-lite/emd-form-frontend.php on line 996","level":"DEPRECATED","type":"PHP","test":"ast-sqlite-boot","plugin":"wepupil-ranker","details":"[24-Jun-2025 05:54:06 UTC] PHP Deprecated:  Required parameter $submit_result follows optional parameter $error in /wordpress/wp-content/plugins/wp-easy-events/includes/emd-form-builder-lite/emd-form-frontend.php on line 996","log":"/logs/plugins/w/wepupil-ranker/error.json"}
,
{"message":"Required parameter $myfields follows optional parameter $args in /wordpress/wp-content/plugins/wp-easy-events/includes/emd-form-builder-lite/emd-form-functions.php on line 688","level":"DEPRECATED","type":"PHP","test":"ast-sqlite-boot","plugin":"wepupil-ranker","details":"[24-Jun-2025 05:54:06 UTC] PHP Deprecated:  Required parameter $myfields follows optional parameter $args in /wordpress/wp-content/plugins/wp-easy-events/includes/emd-form-builder-lite/emd-form-functions.php on line 688","log":"/logs/plugins/w/wepupil-ranker/error.json"}
,
{"message":"Required parameter $nonce follows optional parameter $formdata in /wordpress/wp-content/plugins/wp-easy-events/assets/ext/emd-posts-to-posts/scb/Forms.php on line 35","level":"DEPRECATED","type":"PHP","test":"ast-sqlite-boot","plugin":"wepupil-ranker","details":"[24-Jun-2025 05:54:06 UTC] PHP Deprecated:  Required parameter $nonce follows optional parameter $formdata in /wordpress/wp-content/plugins/wp-easy-events/assets/ext/emd-posts-to-posts/scb/Forms.php on line 35","log":"/logs/plugins/w/wepupil-ranker/error.json"}
,
{"message":"Required parameter $args follows optional parameter $file in /wordpress/wp-content/plugins/wp-easy-events/assets/ext/emd-posts-to-posts/scb/Cron.php on line 24","level":"DEPRECATED","type":"PHP","test":"ast-sqlite-boot","plugin":"wepupil-ranker","details":"[24-Jun-2025 05:54:06 UTC] PHP Deprecated:  Required parameter $args follows optional parameter $file in /wordpress/wp-content/plugins/wp-easy-events/assets/ext/emd-posts-to-posts/scb/Cron.php on line 24","log":"/logs/plugins/w/wepupil-ranker/error.json"}
,
{"message":"Required parameter $nonce follows optional parameter $formdata in /wordpress/wp-content/plugins/wp-easy-events/assets/ext/emd-posts-to-posts/scb/Forms.php on line 35","level":"DEPRECATED","type":"PHP","test":"ast-sqlite-boot","plugin":"wepupil-ranker","details":"[24-Jun-2025 05:54:17 UTC] PHP Deprecated:  Required parameter $nonce follows optional parameter $formdata in /wordpress/wp-content/plugins/wp-easy-events/assets/ext/emd-posts-to-posts/scb/Forms.php on line 35","log":"/logs/plugins/w/wepupil-ranker/error.json"}
,
{"message":"Required parameter $args follows optional parameter $file in /wordpress/wp-content/plugins/wp-easy-events/assets/ext/emd-posts-to-posts/scb/Cron.php on line 24","level":"DEPRECATED","type":"PHP","test":"ast-sqlite-boot","plugin":"wepupil-ranker","details":"[24-Jun-2025 05:54:17 UTC] PHP Deprecated:  Required parameter $args follows optional parameter $file in /wordpress/wp-content/plugins/wp-easy-events/assets/ext/emd-posts-to-posts/scb/Cron.php on line 24","log":"/logs/plugins/w/wepupil-ranker/error.json"}
,
{"message":"Required parameter $current_post_id follows optional parameter $render in /wordpress/wp-content/plugins/wp-easy-events/assets/ext/emd-posts-to-posts/admin/box.php on line 162","level":"DEPRECATED","type":"PHP","test":"ast-sqlite-boot","plugin":"wepupil-ranker","details":"[24-Jun-2025 05:54:17 UTC] PHP Deprecated:  Required parameter $current_post_id follows optional parameter $render in /wordpress/wp-content/plugins/wp-easy-events/assets/ext/emd-posts-to-posts/admin/box.php on line 162","log":"/logs/plugins/w/wepupil-ranker/error.json"}
,
{"message":"Required parameter $current_post_id follows optional parameter $render in /wordpress/wp-content/plugins/wp-easy-events/assets/ext/emd-posts-to-posts/admin/box.php on line 166","level":"DEPRECATED","type":"PHP","test":"ast-sqlite-boot","plugin":"wepupil-ranker","details":"[24-Jun-2025 05:54:17 UTC] PHP Deprecated:  Required parameter $current_post_id follows optional parameter $render in /wordpress/wp-content/plugins/wp-easy-events/assets/ext/emd-posts-to-posts/admin/box.php on line 166","log":"/logs/plugins/w/wepupil-ranker/error.json"}
,
{"message":"Required parameter $submit_result follows optional parameter $error in /wordpress/wp-content/plugins/wp-easy-events/includes/emd-form-builder-lite/emd-form-frontend.php on line 996","level":"DEPRECATED","type":"PHP","test":"ast-sqlite-boot","plugin":"wepupil-ranker","details":"[24-Jun-2025 05:54:17 UTC] PHP Deprecated:  Required parameter $submit_result follows optional parameter $error in /wordpress/wp-content/plugins/wp-easy-events/includes/emd-form-builder-lite/emd-form-frontend.php on line 996","log":"/logs/plugins/w/wepupil-ranker/error.json"}
,
{"message":"Required parameter $myfields follows optional parameter $args in /wordpress/wp-content/plugins/wp-easy-events/includes/emd-form-builder-lite/emd-form-functions.php on line 688","level":"DEPRECATED","type":"PHP","test":"ast-sqlite-boot","plugin":"wepupil-ranker","details":"[24-Jun-2025 05:54:17 UTC] PHP Deprecated:  Required parameter $myfields follows optional parameter $args in /wordpress/wp-content/plugins/wp-easy-events/includes/emd-form-builder-lite/emd-form-functions.php on line 688","log":"/logs/plugins/w/wepupil-ranker/error.json"}
,
{"message":"Required parameter $submit_result follows optional parameter $error in /wordpress/wp-content/plugins/wp-easy-events/includes/emd-form-builder-lite/emd-form-frontend.php on line 996","level":"DEPRECATED","type":"PHP","test":"ast-sqlite-boot","plugin":"wepupil-ranker","details":"[24-Jun-2025 05:54:19 UTC] PHP Deprecated:  Required parameter $submit_result follows optional parameter $error in /wordpress/wp-content/plugins/wp-easy-events/includes/emd-form-builder-lite/emd-form-frontend.php on line 996","log":"/logs/plugins/w/wepupil-ranker/error.json"}
,
{"message":"Required parameter $myfields follows optional parameter $args in /wordpress/wp-content/plugins/wp-easy-events/includes/emd-form-builder-lite/emd-form-functions.php on line 688","level":"DEPRECATED","type":"PHP","test":"ast-sqlite-boot","plugin":"wepupil-ranker","details":"[24-Jun-2025 05:54:19 UTC] PHP Deprecated:  Required parameter $myfields follows optional parameter $args in /wordpress/wp-content/plugins/wp-easy-events/includes/emd-form-builder-lite/emd-form-functions.php on line 688","log":"/logs/plugins/w/wepupil-ranker/error.json"}
,
{"message":"Required parameter $nonce follows optional parameter $formdata in /wordpress/wp-content/plugins/wp-easy-events/assets/ext/emd-posts-to-posts/scb/Forms.php on line 35","level":"DEPRECATED","type":"PHP","test":"ast-sqlite-boot","plugin":"wepupil-ranker","details":"[24-Jun-2025 05:54:19 UTC] PHP Deprecated:  Required parameter $nonce follows optional parameter $formdata in /wordpress/wp-content/plugins/wp-easy-events/assets/ext/emd-posts-to-posts/scb/Forms.php on line 35","log":"/logs/plugins/w/wepupil-ranker/error.json"}
,
{"message":"Required parameter $args follows optional parameter $file in /wordpress/wp-content/plugins/wp-easy-events/assets/ext/emd-posts-to-posts/scb/Cron.php on line 24","level":"DEPRECATED","type":"PHP","test":"ast-sqlite-boot","plugin":"wepupil-ranker","details":"[24-Jun-2025 05:54:19 UTC] PHP Deprecated:  Required parameter $args follows optional parameter $file in /wordpress/wp-content/plugins/wp-easy-events/assets/ext/emd-posts-to-posts/scb/Cron.php on line 24","log":"/logs/plugins/w/wepupil-ranker/error.json"}
,
{"message":"Uncaught Error: Class \"WC_Payment_Gateway\" not found in /wordpress/wp-content/plugins/wrapper-checkout-for-cardpointe-and-hpp/wrapper-checkout.php:21","level":"FATAL","type":"PHP","test":"ast-sqlite-boot","plugin":"wepupil-ranker","details":"[24-Jun-2025 05:55:45 UTC] PHP Fatal error:  Uncaught Error: Class \"WC_Payment_Gateway\" not found in /wordpress/wp-content/plugins/wrapper-checkout-for-cardpointe-and-hpp/wrapper-checkout.php:21\nStack trace:\n#0 /wordpress/wp-includes/class-wp-hook.php(324): wrap_wrapper_init_gateway_class('')\n#1 /wordpress/wp-includes/class-wp-hook.php(348): WP_Hook->apply_filters(NULL, Array)\n#2 /wordpress/wp-includes/plugin.php(517): WP_Hook->do_action(Array)\n#3 /wordpress/wp-settings.php(578): do_action('plugins_loaded')\n#4 /wordpress/wp-config.php(102): require_once('/wordpress/wp-s...')\n#5 /wordpress/wp-load.php(50): require_once('/wordpress/wp-c...')\n#6 /internal/eval.php(3): require_once('/wordpress/wp-l...')\n#7 {main}\n  thrown in /wordpress/wp-content/plugins/wrapper-checkout-for-cardpointe-and-hpp/wrapper-checkout.php on line 21","log":"/logs/plugins/w/wepupil-ranker/error.json"}
,
{"message":"Uncaught Error: Class \"WC_Payment_Gateway\" not found in /wordpress/wp-content/plugins/wrapper-checkout-for-cardpointe-and-hpp/wrapper-checkout.php:21","level":"FATAL","type":"PHP","test":"ast-sqlite-boot","plugin":"wepupil-ranker","details":"[24-Jun-2025 05:55:53 UTC] PHP Fatal error:  Uncaught Error: Class \"WC_Payment_Gateway\" not found in /wordpress/wp-content/plugins/wrapper-checkout-for-cardpointe-and-hpp/wrapper-checkout.php:21\nStack trace:\n#0 /wordpress/wp-includes/class-wp-hook.php(324): wrap_wrapper_init_gateway_class('')\n#1 /wordpress/wp-includes/class-wp-hook.php(348): WP_Hook->apply_filters(NULL, Array)\n#2 /wordpress/wp-includes/plugin.php(517): WP_Hook->do_action(Array)\n#3 /wordpress/wp-settings.php(578): do_action('plugins_loaded')\n#4 /wordpress/wp-config.php(102): require_once('/wordpress/wp-s...')\n#5 /wordpress/wp-load.php(50): require_once('/wordpress/wp-c...')\n#6 /internal/eval.php(3): require_once('/wordpress/wp-l...')\n#7 {main}\n  thrown in /wordpress/wp-content/plugins/wrapper-checkout-for-cardpointe-and-hpp/wrapper-checkout.php on line 21","log":"/logs/plugins/w/wepupil-ranker/error.json"}
,
{"message":"Uncaught Error: Class \"WC_Payment_Gateway\" not found in /wordpress/wp-content/plugins/wrapper-checkout-for-cardpointe-and-hpp/wrapper-checkout.php:21","level":"FATAL","type":"PHP","test":"ast-sqlite-boot","plugin":"wepupil-ranker","details":"[24-Jun-2025 05:56:02 UTC] PHP Fatal error:  Uncaught Error: Class \"WC_Payment_Gateway\" not found in /wordpress/wp-content/plugins/wrapper-checkout-for-cardpointe-and-hpp/wrapper-checkout.php:21\nStack trace:\n#0 /wordpress/wp-includes/class-wp-hook.php(324): wrap_wrapper_init_gateway_class('')\n#1 /wordpress/wp-includes/class-wp-hook.php(348): WP_Hook->apply_filters(NULL, Array)\n#2 /wordpress/wp-includes/plugin.php(517): WP_Hook->do_action(Array)\n#3 /wordpress/wp-settings.php(578): do_action('plugins_loaded')\n#4 /wordpress/wp-config.php(102): require_once('/wordpress/wp-s...')\n#5 /wordpress/wp-load.php(50): require_once('/wordpress/wp-c...')\n#6 /internal/eval.php(3): require_once('/wordpress/wp-l...')\n#7 {main}\n  thrown in /wordpress/wp-content/plugins/wrapper-checkout-for-cardpointe-and-hpp/wrapper-checkout.php on line 21","log":"/logs/plugins/w/wepupil-ranker/error.json"}
,
{"message":"Uncaught Whisk\\Recipes\\Vendor\\Carbon_Fields\\Exception\\Incorrect_Syntax_Exception: Attempted to access a field before the carbon_fields_register_fields and carbon_fields_fields_registered actions have fired yet. in /wordpress/wp-content/plugins/whisk-recipes/vendor-prefixed/htmlburger/carbon-fields/core/Exception/Incorrect_Syntax_Exception.php:21","level":"FATAL","type":"PHP","test":"ast-sqlite-boot","plugin":"wepupil-ranker","details":"[24-Jun-2025 05:56:43 UTC] PHP Fatal error:  Uncaught Whisk\\Recipes\\Vendor\\Carbon_Fields\\Exception\\Incorrect_Syntax_Exception: Attempted to access a field before the carbon_fields_register_fields and carbon_fields_fields_registered actions have fired yet. in /wordpress/wp-content/plugins/whisk-recipes/vendor-prefixed/htmlburger/carbon-fields/core/Exception/Incorrect_Syntax_Exception.php:21\nStack trace:\n#0 /wordpress/wp-content/plugins/whisk-recipes/vendor-prefixed/htmlburger/carbon-fields/core/Carbon_Fields.php(204): Whisk\\Recipes\\Vendor\\Carbon_Fields\\Exception\\Incorrect_Syntax_Exception::raise('Attempted to ac...')\n#1 /wordpress/wp-content/plugins/whisk-recipes/vendor-prefixed/htmlburger/carbon-fields/core/Helper/Helper.php(24): Whisk\\Recipes\\Vendor\\Carbon_Fields\\Carbon_Fields::verify_fields_registered()\n#2 /wordpress/wp-content/plugins/whisk-recipes/vendor-prefixed/htmlburger/carbon-fields/core/Helper/Helper.php(67): Whisk\\Recipes\\Vendor\\Carbon_Fields\\Helper\\Helper::get_field('theme_options', '', 'whisk_semantic_...')\n#3 /wordpress/wp-content/plugins/whisk-recipes/vendor-prefixed/htmlburger/carbon-fields/core/Helper/Helper.php(101): Whisk\\Recipes\\Vendor\\Carbon_Fields\\Helper\\Helper::with_field_clone(NULL, 'theme_options', '', 'whisk_semantic_...', Object(Closure))\n#4 /wordpress/wp-content/plugins/whisk-recipes/vendor-prefixed/htmlburger/carbon-fields/core/Helper/Helper.php(172): Whisk\\Recipes\\Vendor\\Carbon_Fields\\Helper\\Helper::get_value(NULL, 'theme_options', '', 'whisk_semantic_...')\n#5 /wordpress/wp-content/plugins/whisk-recipes/src/models/class-diet.php(118): Whisk\\Recipes\\Vendor\\Carbon_Fields\\Helper\\Helper::get_theme_option('whisk_semantic_...')\n#6 /wordpress/wp-content/plugins/whisk-recipes/src/models/class-diet.php(74): Whisk\\Recipes\\Models\\Diet->register_taxonomy()\n#7 /wordpress/wp-includes/class-wp-hook.php(324): Whisk\\Recipes\\Models\\Diet->create_default_terms(false)\n#8 /wordpress/wp-includes/class-wp-hook.php(348): WP_Hook->apply_filters('', Array)\n#9 /wordpress/wp-includes/plugin.php(517): WP_Hook->do_action(Array)\n#10 /wordpress/wp-admin/includes/plugin.php(703): do_action('activate_whisk-...', false)\n#11 /internal/eval.php(20): activate_plugin('whisk-recipes/w...')\n#12 {main}\n  thrown in /wordpress/wp-content/plugins/whisk-recipes/vendor-prefixed/htmlburger/carbon-fields/core/Exception/Incorrect_Syntax_Exception.php on line 21","log":"/logs/plugins/w/wepupil-ranker/error.json"}
,
{"message":"Uncaught Whisk\\Recipes\\Vendor\\Carbon_Fields\\Exception\\Incorrect_Syntax_Exception: Attempted to access a field before the carbon_fields_register_fields and carbon_fields_fields_registered actions have fired yet. in /wordpress/wp-content/plugins/whisk-recipes/vendor-prefixed/htmlburger/carbon-fields/core/Exception/Incorrect_Syntax_Exception.php:21","level":"FATAL","type":"PHP","test":"ast-sqlite-boot","plugin":"wepupil-ranker","details":"[24-Jun-2025 05:56:56 UTC] PHP Fatal error:  Uncaught Whisk\\Recipes\\Vendor\\Carbon_Fields\\Exception\\Incorrect_Syntax_Exception: Attempted to access a field before the carbon_fields_register_fields and carbon_fields_fields_registered actions have fired yet. in /wordpress/wp-content/plugins/whisk-recipes/vendor-prefixed/htmlburger/carbon-fields/core/Exception/Incorrect_Syntax_Exception.php:21\nStack trace:\n#0 /wordpress/wp-content/plugins/whisk-recipes/vendor-prefixed/htmlburger/carbon-fields/core/Carbon_Fields.php(204): Whisk\\Recipes\\Vendor\\Carbon_Fields\\Exception\\Incorrect_Syntax_Exception::raise('Attempted to ac...')\n#1 /wordpress/wp-content/plugins/whisk-recipes/vendor-prefixed/htmlburger/carbon-fields/core/Helper/Helper.php(24): Whisk\\Recipes\\Vendor\\Carbon_Fields\\Carbon_Fields::verify_fields_registered()\n#2 /wordpress/wp-content/plugins/whisk-recipes/vendor-prefixed/htmlburger/carbon-fields/core/Helper/Helper.php(67): Whisk\\Recipes\\Vendor\\Carbon_Fields\\Helper\\Helper::get_field('theme_options', '', 'whisk_semantic_...')\n#3 /wordpress/wp-content/plugins/whisk-recipes/vendor-prefixed/htmlburger/carbon-fields/core/Helper/Helper.php(101): Whisk\\Recipes\\Vendor\\Carbon_Fields\\Helper\\Helper::with_field_clone(NULL, 'theme_options', '', 'whisk_semantic_...', Object(Closure))\n#4 /wordpress/wp-content/plugins/whisk-recipes/vendor-prefixed/htmlburger/carbon-fields/core/Helper/Helper.php(172): Whisk\\Recipes\\Vendor\\Carbon_Fields\\Helper\\Helper::get_value(NULL, 'theme_options', '', 'whisk_semantic_...')\n#5 /wordpress/wp-content/plugins/whisk-recipes/src/models/class-diet.php(118): Whisk\\Recipes\\Vendor\\Carbon_Fields\\Helper\\Helper::get_theme_option('whisk_semantic_...')\n#6 /wordpress/wp-content/plugins/whisk-recipes/src/models/class-diet.php(74): Whisk\\Recipes\\Models\\Diet->register_taxonomy()\n#7 /wordpress/wp-includes/class-wp-hook.php(324): Whisk\\Recipes\\Models\\Diet->create_default_terms(false)\n#8 /wordpress/wp-includes/class-wp-hook.php(348): WP_Hook->apply_filters('', Array)\n#9 /wordpress/wp-includes/plugin.php(517): WP_Hook->do_action(Array)\n#10 /wordpress/wp-admin/includes/plugin.php(703): do_action('activate_whisk-...', false)\n#11 /internal/eval.php(20): activate_plugin('whisk-recipes/w...')\n#12 {main}\n  thrown in /wordpress/wp-content/plugins/whisk-recipes/vendor-prefixed/htmlburger/carbon-fields/core/Exception/Incorrect_Syntax_Exception.php on line 21","log":"/logs/plugins/w/wepupil-ranker/error.json"}
,
{"message":"Uncaught Whisk\\Recipes\\Vendor\\Carbon_Fields\\Exception\\Incorrect_Syntax_Exception: Attempted to access a field before the carbon_fields_register_fields and carbon_fields_fields_registered actions have fired yet. in /wordpress/wp-content/plugins/whisk-recipes/vendor-prefixed/htmlburger/carbon-fields/core/Exception/Incorrect_Syntax_Exception.php:21","level":"FATAL","type":"PHP","test":"ast-sqlite-boot","plugin":"wepupil-ranker","details":"[24-Jun-2025 05:57:09 UTC] PHP Fatal error:  Uncaught Whisk\\Recipes\\Vendor\\Carbon_Fields\\Exception\\Incorrect_Syntax_Exception: Attempted to access a field before the carbon_fields_register_fields and carbon_fields_fields_registered actions have fired yet. in /wordpress/wp-content/plugins/whisk-recipes/vendor-prefixed/htmlburger/carbon-fields/core/Exception/Incorrect_Syntax_Exception.php:21\nStack trace:\n#0 /wordpress/wp-content/plugins/whisk-recipes/vendor-prefixed/htmlburger/carbon-fields/core/Carbon_Fields.php(204): Whisk\\Recipes\\Vendor\\Carbon_Fields\\Exception\\Incorrect_Syntax_Exception::raise('Attempted to ac...')\n#1 /wordpress/wp-content/plugins/whisk-recipes/vendor-prefixed/htmlburger/carbon-fields/core/Helper/Helper.php(24): Whisk\\Recipes\\Vendor\\Carbon_Fields\\Carbon_Fields::verify_fields_registered()\n#2 /wordpress/wp-content/plugins/whisk-recipes/vendor-prefixed/htmlburger/carbon-fields/core/Helper/Helper.php(67): Whisk\\Recipes\\Vendor\\Carbon_Fields\\Helper\\Helper::get_field('theme_options', '', 'whisk_semantic_...')\n#3 /wordpress/wp-content/plugins/whisk-recipes/vendor-prefixed/htmlburger/carbon-fields/core/Helper/Helper.php(101): Whisk\\Recipes\\Vendor\\Carbon_Fields\\Helper\\Helper::with_field_clone(NULL, 'theme_options', '', 'whisk_semantic_...', Object(Closure))\n#4 /wordpress/wp-content/plugins/whisk-recipes/vendor-prefixed/htmlburger/carbon-fields/core/Helper/Helper.php(172): Whisk\\Recipes\\Vendor\\Carbon_Fields\\Helper\\Helper::get_value(NULL, 'theme_options', '', 'whisk_semantic_...')\n#5 /wordpress/wp-content/plugins/whisk-recipes/src/models/class-diet.php(118): Whisk\\Recipes\\Vendor\\Carbon_Fields\\Helper\\Helper::get_theme_option('whisk_semantic_...')\n#6 /wordpress/wp-content/plugins/whisk-recipes/src/models/class-diet.php(74): Whisk\\Recipes\\Models\\Diet->register_taxonomy()\n#7 /wordpress/wp-includes/class-wp-hook.php(324): Whisk\\Recipes\\Models\\Diet->create_default_terms(false)\n#8 /wordpress/wp-includes/class-wp-hook.php(348): WP_Hook->apply_filters('', Array)\n#9 /wordpress/wp-includes/plugin.php(517): WP_Hook->do_action(Array)\n#10 /wordpress/wp-admin/includes/plugin.php(703): do_action('activate_whisk-...', false)\n#11 /internal/eval.php(20): activate_plugin('whisk-recipes/w...')\n#12 {main}\n  thrown in /wordpress/wp-content/plugins/whisk-recipes/vendor-prefixed/htmlburger/carbon-fields/core/Exception/Incorrect_Syntax_Exception.php on line 21","log":"/logs/plugins/w/wepupil-ranker/error.json"}
,
{"message":"Uncaught ArgumentCountError: Too few arguments to function WP_Widget::__construct(), 0 passed in /wordpress/wp-includes/class-wp-widget-factory.php on line 62 and at least 2 expected in /wordpress/wp-includes/class-wp-widget.php:163","level":"FATAL","type":"PHP","test":"ast-sqlite-boot","plugin":"wepupil-ranker","details":"[24-Jun-2025 05:58:16 UTC] PHP Fatal error:  Uncaught ArgumentCountError: Too few arguments to function WP_Widget::__construct(), 0 passed in /wordpress/wp-includes/class-wp-widget-factory.php on line 62 and at least 2 expected in /wordpress/wp-includes/class-wp-widget.php:163\nStack trace:\n#0 /wordpress/wp-includes/class-wp-widget-factory.php(62): WP_Widget->__construct()\n#1 /wordpress/wp-includes/widgets.php(123): WP_Widget_Factory->register('Widget_LoginLog...')\n#2 /wordpress/wp-content/plugins/wp-facebook-auto-connect-graph/Widget.php(54): register_widget('Widget_LoginLog...')\n#3 /wordpress/wp-includes/class-wp-hook.php(324): register_jfbLogin('')\n#4 /wordpress/wp-includes/class-wp-hook.php(348): WP_Hook->apply_filters(NULL, Array)\n#5 /wordpress/wp-includes/plugin.php(517): WP_Hook->do_action(Array)\n#6 /wordpress/wp-includes/widgets.php(1870): do_action('widgets_init')\n#7 /wordpress/wp-includes/class-wp-hook.php(324): wp_widgets_init('')\n#8 /wordpress/wp-includes/class-wp-hook.php(348): WP_Hook->apply_filters(NULL, Array)\n#9 /wordpress/wp-includes/plugin.php(517): WP_Hook->do_action(Array)\n#10 /wordpress/wp-settings.php(727): do_action('init')\n#11 /wordpress/wp-config.php(102): require_once('/wordpress/wp-s...')\n#12 /wordpress/wp-load.php(50): require_once('/wordpress/wp-c...')\n#13 /internal/eval.php(3): require_once('/wordpress/wp-l...')\n#14 {main}\n  thrown in /wordpress/wp-includes/class-wp-widget.php on line 163","log":"/logs/plugins/w/wepupil-ranker/error.json"}
,
{"message":"Uncaught ArgumentCountError: Too few arguments to function WP_Widget::__construct(), 0 passed in /wordpress/wp-includes/class-wp-widget-factory.php on line 62 and at least 2 expected in /wordpress/wp-includes/class-wp-widget.php:163","level":"FATAL","type":"PHP","test":"ast-sqlite-boot","plugin":"wepupil-ranker","details":"[24-Jun-2025 05:58:25 UTC] PHP Fatal error:  Uncaught ArgumentCountError: Too few arguments to function WP_Widget::__construct(), 0 passed in /wordpress/wp-includes/class-wp-widget-factory.php on line 62 and at least 2 expected in /wordpress/wp-includes/class-wp-widget.php:163\nStack trace:\n#0 /wordpress/wp-includes/class-wp-widget-factory.php(62): WP_Widget->__construct()\n#1 /wordpress/wp-includes/widgets.php(123): WP_Widget_Factory->register('Widget_LoginLog...')\n#2 /wordpress/wp-content/plugins/wp-facebook-auto-connect-graph/Widget.php(54): register_widget('Widget_LoginLog...')\n#3 /wordpress/wp-includes/class-wp-hook.php(324): register_jfbLogin('')\n#4 /wordpress/wp-includes/class-wp-hook.php(348): WP_Hook->apply_filters(NULL, Array)\n#5 /wordpress/wp-includes/plugin.php(517): WP_Hook->do_action(Array)\n#6 /wordpress/wp-includes/widgets.php(1870): do_action('widgets_init')\n#7 /wordpress/wp-includes/class-wp-hook.php(324): wp_widgets_init('')\n#8 /wordpress/wp-includes/class-wp-hook.php(348): WP_Hook->apply_filters(NULL, Array)\n#9 /wordpress/wp-includes/plugin.php(517): WP_Hook->do_action(Array)\n#10 /wordpress/wp-settings.php(727): do_action('init')\n#11 /wordpress/wp-config.php(102): require_once('/wordpress/wp-s...')\n#12 /wordpress/wp-load.php(50): require_once('/wordpress/wp-c...')\n#13 /internal/eval.php(3): require_once('/wordpress/wp-l...')\n#14 {main}\n  thrown in /wordpress/wp-includes/class-wp-widget.php on line 163","log":"/logs/plugins/w/wepupil-ranker/error.json"}
,
{"message":"Uncaught ArgumentCountError: Too few arguments to function WP_Widget::__construct(), 0 passed in /wordpress/wp-includes/class-wp-widget-factory.php on line 62 and at least 2 expected in /wordpress/wp-includes/class-wp-widget.php:163","level":"FATAL","type":"PHP","test":"ast-sqlite-boot","plugin":"wepupil-ranker","details":"[24-Jun-2025 05:58:35 UTC] PHP Fatal error:  Uncaught ArgumentCountError: Too few arguments to function WP_Widget::__construct(), 0 passed in /wordpress/wp-includes/class-wp-widget-factory.php on line 62 and at least 2 expected in /wordpress/wp-includes/class-wp-widget.php:163\nStack trace:\n#0 /wordpress/wp-includes/class-wp-widget-factory.php(62): WP_Widget->__construct()\n#1 /wordpress/wp-includes/widgets.php(123): WP_Widget_Factory->register('Widget_LoginLog...')\n#2 /wordpress/wp-content/plugins/wp-facebook-auto-connect-graph/Widget.php(54): register_widget('Widget_LoginLog...')\n#3 /wordpress/wp-includes/class-wp-hook.php(324): register_jfbLogin('')\n#4 /wordpress/wp-includes/class-wp-hook.php(348): WP_Hook->apply_filters(NULL, Array)\n#5 /wordpress/wp-includes/plugin.php(517): WP_Hook->do_action(Array)\n#6 /wordpress/wp-includes/widgets.php(1870): do_action('widgets_init')\n#7 /wordpress/wp-includes/class-wp-hook.php(324): wp_widgets_init('')\n#8 /wordpress/wp-includes/class-wp-hook.php(348): WP_Hook->apply_filters(NULL, Array)\n#9 /wordpress/wp-includes/plugin.php(517): WP_Hook->do_action(Array)\n#10 /wordpress/wp-settings.php(727): do_action('init')\n#11 /wordpress/wp-config.php(102): require_once('/wordpress/wp-s...')\n#12 /wordpress/wp-load.php(50): require_once('/wordpress/wp-c...')\n#13 /internal/eval.php(3): require_once('/wordpress/wp-l...')\n#14 {main}\n  thrown in /wordpress/wp-includes/class-wp-widget.php on line 163","log":"/logs/plugins/w/wepupil-ranker/error.json"}
,
{"message":"Function _load_textdomain_just_in_time was called <strong>incorrectly</strong>. Translation loading for the <code>wp-find-your-nearest</code> domain was triggered too early. This is usually an indicator for some code in the plugin or theme running too early. Translations should be loaded at the <code>init</code> action or later. Please see <a href=\"https://developer.wordpress.org/advanced-administration/debug/debug-wordpress/\">Debugging in WordPress</a> for more information. (This message was added in version 6.7.0.) in /wordpress/wp-includes/functions.php on line 6121","level":"NOTICE","type":"PHP","test":"ast-sqlite-boot","plugin":"wepupil-ranker","details":"[24-Jun-2025 05:59:14 UTC] PHP Notice:  Function _load_textdomain_just_in_time was called <strong>incorrectly</strong>. Translation loading for the <code>wp-find-your-nearest</code> domain was triggered too early. This is usually an indicator for some code in the plugin or theme running too early. Translations should be loaded at the <code>init</code> action or later. Please see <a href=\"https://developer.wordpress.org/advanced-administration/debug/debug-wordpress/\">Debugging in WordPress</a> for more information. (This message was added in version 6.7.0.) in /wordpress/wp-includes/functions.php on line 6121","log":"/logs/plugins/w/wepupil-ranker/error.json"}
,
{"message":"Undefined array key \"Item_Name\" in /wordpress/wp-content/plugins/wp-find-your-nearest/lib/classes/registerentities.php on line 22","level":"WARNING","type":"PHP","test":"ast-sqlite-boot","plugin":"wepupil-ranker","details":"[24-Jun-2025 05:59:14 UTC] PHP Warning:  Undefined array key \"Item_Name\" in /wordpress/wp-content/plugins/wp-find-your-nearest/lib/classes/registerentities.php on line 22","log":"/logs/plugins/w/wepupil-ranker/error.json"}
,
{"message":"Undefined array key \"Item_Name\" in /wordpress/wp-content/plugins/wp-find-your-nearest/lib/classes/registerentities.php on line 69","level":"WARNING","type":"PHP","test":"ast-sqlite-boot","plugin":"wepupil-ranker","details":"[24-Jun-2025 05:59:14 UTC] PHP Warning:  Undefined array key \"Item_Name\" in /wordpress/wp-content/plugins/wp-find-your-nearest/lib/classes/registerentities.php on line 69","log":"/logs/plugins/w/wepupil-ranker/error.json"}
,
{"message":"Function _load_textdomain_just_in_time was called <strong>incorrectly</strong>. Translation loading for the <code>wp-find-your-nearest</code> domain was triggered too early. This is usually an indicator for some code in the plugin or theme running too early. Translations should be loaded at the <code>init</code> action or later. Please see <a href=\"https://developer.wordpress.org/advanced-administration/debug/debug-wordpress/\">Debugging in WordPress</a> for more information. (This message was added in version 6.7.0.) in /wordpress/wp-includes/functions.php on line 6121","level":"NOTICE","type":"PHP","test":"ast-sqlite-boot","plugin":"wepupil-ranker","details":"[24-Jun-2025 05:59:23 UTC] PHP Notice:  Function _load_textdomain_just_in_time was called <strong>incorrectly</strong>. Translation loading for the <code>wp-find-your-nearest</code> domain was triggered too early. This is usually an indicator for some code in the plugin or theme running too early. Translations should be loaded at the <code>init</code> action or later. Please see <a href=\"https://developer.wordpress.org/advanced-administration/debug/debug-wordpress/\">Debugging in WordPress</a> for more information. (This message was added in version 6.7.0.) in /wordpress/wp-includes/functions.php on line 6121","log":"/logs/plugins/w/wepupil-ranker/error.json"}
,
{"message":"Undefined array key \"Item_Name\" in /wordpress/wp-content/plugins/wp-find-your-nearest/lib/classes/registerentities.php on line 22","level":"WARNING","type":"PHP","test":"ast-sqlite-boot","plugin":"wepupil-ranker","details":"[24-Jun-2025 05:59:23 UTC] PHP Warning:  Undefined array key \"Item_Name\" in /wordpress/wp-content/plugins/wp-find-your-nearest/lib/classes/registerentities.php on line 22","log":"/logs/plugins/w/wepupil-ranker/error.json"}
,
{"message":"Undefined array key \"Item_Name\" in /wordpress/wp-content/plugins/wp-find-your-nearest/lib/classes/registerentities.php on line 69","level":"WARNING","type":"PHP","test":"ast-sqlite-boot","plugin":"wepupil-ranker","details":"[24-Jun-2025 05:59:23 UTC] PHP Warning:  Undefined array key \"Item_Name\" in /wordpress/wp-content/plugins/wp-find-your-nearest/lib/classes/registerentities.php on line 69","log":"/logs/plugins/w/wepupil-ranker/error.json"}
,
{"message":"Function _load_textdomain_just_in_time was called <strong>incorrectly</strong>. Translation loading for the <code>wp-find-your-nearest</code> domain was triggered too early. This is usually an indicator for some code in the plugin or theme running too early. Translations should be loaded at the <code>init</code> action or later. Please see <a href=\"https://developer.wordpress.org/advanced-administration/debug/debug-wordpress/\">Debugging in WordPress</a> for more information. (This message was added in version 6.7.0.) in /wordpress/wp-includes/functions.php on line 6121","level":"NOTICE","type":"PHP","test":"ast-sqlite-boot","plugin":"wepupil-ranker","details":"[24-Jun-2025 05:59:32 UTC] PHP Notice:  Function _load_textdomain_just_in_time was called <strong>incorrectly</strong>. Translation loading for the <code>wp-find-your-nearest</code> domain was triggered too early. This is usually an indicator for some code in the plugin or theme running too early. Translations should be loaded at the <code>init</code> action or later. Please see <a href=\"https://developer.wordpress.org/advanced-administration/debug/debug-wordpress/\">Debugging in WordPress</a> for more information. (This message was added in version 6.7.0.) in /wordpress/wp-includes/functions.php on line 6121","log":"/logs/plugins/w/wepupil-ranker/error.json"}
,
{"message":"Undefined array key \"Item_Name\" in /wordpress/wp-content/plugins/wp-find-your-nearest/lib/classes/registerentities.php on line 22","level":"WARNING","type":"PHP","test":"ast-sqlite-boot","plugin":"wepupil-ranker","details":"[24-Jun-2025 05:59:33 UTC] PHP Warning:  Undefined array key \"Item_Name\" in /wordpress/wp-content/plugins/wp-find-your-nearest/lib/classes/registerentities.php on line 22","log":"/logs/plugins/w/wepupil-ranker/error.json"}
,
{"message":"Undefined array key \"Item_Name\" in /wordpress/wp-content/plugins/wp-find-your-nearest/lib/classes/registerentities.php on line 69","level":"WARNING","type":"PHP","test":"ast-sqlite-boot","plugin":"wepupil-ranker","details":"[24-Jun-2025 05:59:33 UTC] PHP Warning:  Undefined array key \"Item_Name\" in /wordpress/wp-content/plugins/wp-find-your-nearest/lib/classes/registerentities.php on line 69\n\n    at Object.onBind (file:///home/runner/work/playground-tester/playground-tester/node_modules/@wp-playground/cli/run-cli-j-geJYS3.js:325:15)\n    at process.processTicksAndRejections (node:internal/process/task_queues:105:5)\n    at async re (file:///home/runner/work/playground-tester/playground-tester/node_modules/@wp-playground/cli/run-cli-j-geJYS3.js:149:10) {\n  [cause]: Error: Error when executing the blueprint step #5 ({\"step\":\"installPlugin\",\"pluginData\":{\"resource\":\"wordpress.org/plugins\",\"slug\":\"wepupil-ranker\"},\"options\":{\"activate\":true}}) : Could not download \"https://downloads.wordpress.org/plugin/wepupil-ranker.latest-stable.zip\".\n  \t\t\t\tCheck if the URL is correct and the server is reachable.\n  \t\t\t\tIf it is reachable, the server might be blocking the request.\n  \t\t\t\tCheck the browser console and network tabs for more information.\n  \n  \t\t\t\t## Does the console show the error \"No 'Access-Control-Allow-Origin' header\"?\n  \n  \t\t\t\tThis means the server that hosts your file does not allow requests from other sites\n  \t\t\t\t(cross-origin requests, or CORS).\tYou need to move the asset to a server that allows\n  \t\t\t\tcross-origin file downloads. Learn more about CORS at\n  \t\t\t\thttps://developer.mozilla.org/en-US/docs/Web/HTTP/CORS.\n  \n  \t\t\t\tIf your file is on GitHub, load it from \"raw.githubusercontent.com\".\n  \t\t\t\tHere's how to do that:\n  \n  \t\t\t\t1. Start with the original GitHub URL of the file. For example:\n  \t\t\t\thttps://github.com/username/repository/blob/branch/filename.\n  \t\t\t\t2. Replace \"github.com\" with \"raw.githubusercontent.com\".\n  \t\t\t\t3. Remove the \"/blob/\" part of the URL.\n  \n  \t\t\t\tThe resulting URL should look like this:\n  \t\t\t\thttps://raw.githubusercontent.com/username/repository/branch/filename\n  \n  \t\t\t\tError:\n  \t\t\t\tError: Could not download \"https://downloads.wordpress.org/plugin/wepupil-ranker.latest-stable.zip\"\n      at Object.run (file:///home/runner/work/playground-tester/playground-tester/node_modules/@wp-playground/blueprints/index.js:12093:19)\n      at process.processTicksAndRejections (node:internal/process/task_queues:105:5)\n      at async ys (file:///home/runner/work/playground-tester/playground-tester/node_modules/@wp-playground/blueprints/index.js:12196:3)\n      at async Object.onBind (file:///home/runner/work/playground-tester/playground-tester/node_modules/@wp-playground/cli/run-cli-j-geJYS3.js:315:48)\n      at async re (file:///home/runner/work/playground-tester/playground-tester/node_modules/@wp-playground/cli/run-cli-j-geJYS3.js:149:10) {\n    [cause]: Error: Could not download \"https://downloads.wordpress.org/plugin/wepupil-ranker.latest-stable.zip\".\n    \t\t\t\tCheck if the URL is correct and the server is reachable.\n    \t\t\t\tIf it is reachable, the server might be blocking the request.\n    \t\t\t\tCheck the browser console and network tabs for more information.\n    \n    \t\t\t\t## Does the console show the error \"No 'Access-Control-Allow-Origin' header\"?\n    \n    \t\t\t\tThis means the server that hosts your file does not allow requests from other sites\n    \t\t\t\t(cross-origin requests, or CORS).\tYou need to move the asset to a server that allows\n    \t\t\t\tcross-origin file downloads. Learn more about CORS at\n    \t\t\t\thttps://developer.mozilla.org/en-US/docs/Web/HTTP/CORS.\n    \n    \t\t\t\tIf your file is on GitHub, load it from \"raw.githubusercontent.com\".\n    \t\t\t\tHere's how to do that:\n    \n    \t\t\t\t1. Start with the original GitHub URL of the file. For example:\n    \t\t\t\thttps://github.com/username/repository/blob/branch/filename.\n    \t\t\t\t2. Replace \"github.com\" with \"raw.githubusercontent.com\".\n    \t\t\t\t3. Remove the \"/blob/\" part of the URL.\n    \n    \t\t\t\tThe resulting URL should look like this:\n    \t\t\t\thttps://raw.githubusercontent.com/username/repository/branch/filename\n    \n    \t\t\t\tError:\n    \t\t\t\tError: Could not download \"https://downloads.wordpress.org/plugin/wepupil-ranker.latest-stable.zip\"\n        at Ct.resolve (file:///home/runner/work/playground-tester/playground-tester/node_modules/@wp-playground/blueprints/index.js:1129:13)\n        at process.processTicksAndRejections (node:internal/process/task_queues:105:5)\n        at async _.run (file:///home/runner/work/playground-tester/playground-tester/node_modules/@php-wasm/util/index.js:45:14)\n  }\n}\n\n","log":"/logs/plugins/w/wepupil-ranker/error.json"}
]
