[
{"message":"file:///home/runner/work/playground-tester/playground-tester/node_modules/@wp-playground/cli/index.js:237\n        throw new Error(y, { cause: u });\n              ^\n","level":"FATAL","type":"PLAYGROUND","test":"ast-sqlite-boot","plugin":"edd-cf7-register-guest-customers","details":"file:///home/runner/work/playground-tester/playground-tester/node_modules/@wp-playground/cli/index.js:237\n        throw new Error(y, { cause: u });\n              ^\n","log":"/tmp/tmp.yjgue3xf3y"}
,
{"message":"Uncaught TypeError: call_user_func_array(): Argument #1 ($callback) must be a valid callback, non-static method Empire_avenue::activate() cannot be called statically in /wordpress/wp-includes/class-wp-hook.php:324","level":"FATAL","type":"PHP","test":"ast-sqlite-boot","plugin":"edd-cf7-register-guest-customers","details":"[14-May-2025 17:48:24 UTC] PHP Fatal error:  Uncaught TypeError: call_user_func_array(): Argument #1 ($callback) must be a valid callback, non-static method Empire_avenue::activate() cannot be called statically in /wordpress/wp-includes/class-wp-hook.php:324\nStack trace:\n#0 /wordpress/wp-includes/class-wp-hook.php(348): WP_Hook->apply_filters('', Array)\n#1 /wordpress/wp-includes/plugin.php(517): WP_Hook->do_action(Array)\n#2 /wordpress/wp-admin/includes/plugin.php(703): do_action('activate_empire...', false)\n#3 /internal/eval.php(20): activate_plugin('empire-avenue-b...')\n#4 {main}\n  thrown in /wordpress/wp-includes/class-wp-hook.php on line 324","log":"/logs/plugins/e/edd-cf7-register-guest-customers/error.json"}
,
{"message":"Uncaught TypeError: call_user_func_array(): Argument #1 ($callback) must be a valid callback, non-static method Empire_avenue::activate() cannot be called statically in /wordpress/wp-includes/class-wp-hook.php:324","level":"FATAL","type":"PHP","test":"ast-sqlite-boot","plugin":"edd-cf7-register-guest-customers","details":"[14-May-2025 17:48:32 UTC] PHP Fatal error:  Uncaught TypeError: call_user_func_array(): Argument #1 ($callback) must be a valid callback, non-static method Empire_avenue::activate() cannot be called statically in /wordpress/wp-includes/class-wp-hook.php:324\nStack trace:\n#0 /wordpress/wp-includes/class-wp-hook.php(348): WP_Hook->apply_filters('', Array)\n#1 /wordpress/wp-includes/plugin.php(517): WP_Hook->do_action(Array)\n#2 /wordpress/wp-admin/includes/plugin.php(703): do_action('activate_empire...', false)\n#3 /internal/eval.php(20): activate_plugin('empire-avenue-b...')\n#4 {main}\n  thrown in /wordpress/wp-includes/class-wp-hook.php on line 324","log":"/logs/plugins/e/edd-cf7-register-guest-customers/error.json"}
,
{"message":"Uncaught TypeError: call_user_func_array(): Argument #1 ($callback) must be a valid callback, non-static method Empire_avenue::activate() cannot be called statically in /wordpress/wp-includes/class-wp-hook.php:324","level":"FATAL","type":"PHP","test":"ast-sqlite-boot","plugin":"edd-cf7-register-guest-customers","details":"[14-May-2025 17:48:39 UTC] PHP Fatal error:  Uncaught TypeError: call_user_func_array(): Argument #1 ($callback) must be a valid callback, non-static method Empire_avenue::activate() cannot be called statically in /wordpress/wp-includes/class-wp-hook.php:324\nStack trace:\n#0 /wordpress/wp-includes/class-wp-hook.php(348): WP_Hook->apply_filters('', Array)\n#1 /wordpress/wp-includes/plugin.php(517): WP_Hook->do_action(Array)\n#2 /wordpress/wp-admin/includes/plugin.php(703): do_action('activate_empire...', false)\n#3 /internal/eval.php(20): activate_plugin('empire-avenue-b...')\n#4 {main}\n  thrown in /wordpress/wp-includes/class-wp-hook.php on line 324","log":"/logs/plugins/e/edd-cf7-register-guest-customers/error.json"}
,
{"message":"Undefined variable $plugin_name in /wordpress/wp-content/plugins/eshop-order-emailer/eordem.php on line 107","level":"WARNING","type":"PHP","test":"ast-sqlite-boot","plugin":"edd-cf7-register-guest-customers","details":"[14-May-2025 17:49:13 UTC] PHP Warning:  Undefined variable $plugin_name in /wordpress/wp-content/plugins/eshop-order-emailer/eordem.php on line 107","log":"/logs/plugins/e/edd-cf7-register-guest-customers/error.json"}
,
{"message":"Undefined variable $plugin_name in /wordpress/wp-content/plugins/eshop-order-emailer/eordem.php on line 108","level":"WARNING","type":"PHP","test":"ast-sqlite-boot","plugin":"edd-cf7-register-guest-customers","details":"[14-May-2025 17:49:13 UTC] PHP Warning:  Undefined variable $plugin_name in /wordpress/wp-content/plugins/eshop-order-emailer/eordem.php on line 108","log":"/logs/plugins/e/edd-cf7-register-guest-customers/error.json"}
,
{"message":"Undefined array key \"page\" in /wordpress/wp-content/plugins/eshop-order-emailer/lib/pwsController-1.0-class.php on line 15","level":"WARNING","type":"PHP","test":"ast-sqlite-boot","plugin":"edd-cf7-register-guest-customers","details":"[14-May-2025 17:49:13 UTC] PHP Warning:  Undefined array key \"page\" in /wordpress/wp-content/plugins/eshop-order-emailer/lib/pwsController-1.0-class.php on line 15","log":"/logs/plugins/e/edd-cf7-register-guest-customers/error.json"}
,
{"message":"Undefined array key 1 in /wordpress/wp-content/plugins/eshop-order-emailer/lib/pwsController-1.0-class.php on line 15","level":"WARNING","type":"PHP","test":"ast-sqlite-boot","plugin":"edd-cf7-register-guest-customers","details":"[14-May-2025 17:49:13 UTC] PHP Warning:  Undefined array key 1 in /wordpress/wp-content/plugins/eshop-order-emailer/lib/pwsController-1.0-class.php on line 15","log":"/logs/plugins/e/edd-cf7-register-guest-customers/error.json"}
,
{"message":"Undefined array key 2 in /wordpress/wp-content/plugins/eshop-order-emailer/lib/pwsController-1.0-class.php on line 15","level":"WARNING","type":"PHP","test":"ast-sqlite-boot","plugin":"edd-cf7-register-guest-customers","details":"[14-May-2025 17:49:13 UTC] PHP Warning:  Undefined array key 2 in /wordpress/wp-content/plugins/eshop-order-emailer/lib/pwsController-1.0-class.php on line 15","log":"/logs/plugins/e/edd-cf7-register-guest-customers/error.json"}
,
{"message":"Undefined array key \"page\" in /wordpress/wp-content/plugins/eshop-order-emailer/lib/pwsController-1.0-class.php on line 15","level":"WARNING","type":"PHP","test":"ast-sqlite-boot","plugin":"edd-cf7-register-guest-customers","details":"[14-May-2025 17:49:13 UTC] PHP Warning:  Undefined array key \"page\" in /wordpress/wp-content/plugins/eshop-order-emailer/lib/pwsController-1.0-class.php on line 15","log":"/logs/plugins/e/edd-cf7-register-guest-customers/error.json"}
,
{"message":"Undefined array key 1 in /wordpress/wp-content/plugins/eshop-order-emailer/lib/pwsController-1.0-class.php on line 15","level":"WARNING","type":"PHP","test":"ast-sqlite-boot","plugin":"edd-cf7-register-guest-customers","details":"[14-May-2025 17:49:13 UTC] PHP Warning:  Undefined array key 1 in /wordpress/wp-content/plugins/eshop-order-emailer/lib/pwsController-1.0-class.php on line 15","log":"/logs/plugins/e/edd-cf7-register-guest-customers/error.json"}
,
{"message":"Undefined array key 2 in /wordpress/wp-content/plugins/eshop-order-emailer/lib/pwsController-1.0-class.php on line 15","level":"WARNING","type":"PHP","test":"ast-sqlite-boot","plugin":"edd-cf7-register-guest-customers","details":"[14-May-2025 17:49:13 UTC] PHP Warning:  Undefined array key 2 in /wordpress/wp-content/plugins/eshop-order-emailer/lib/pwsController-1.0-class.php on line 15","log":"/logs/plugins/e/edd-cf7-register-guest-customers/error.json"}
,
{"message":"Undefined variable $interval in /wordpress/wp-content/plugins/eshop-order-emailer/lib/pwsPlugin-1.0-class.php on line 145","level":"WARNING","type":"PHP","test":"ast-sqlite-boot","plugin":"edd-cf7-register-guest-customers","details":"[14-May-2025 17:49:13 UTC] PHP Warning:  Undefined variable $interval in /wordpress/wp-content/plugins/eshop-order-emailer/lib/pwsPlugin-1.0-class.php on line 145","log":"/logs/plugins/e/edd-cf7-register-guest-customers/error.json"}
,
{"message":"Undefined variable $before_options in /wordpress/wp-content/plugins/eshop-order-emailer/eordem.php on line 173","level":"WARNING","type":"PHP","test":"ast-sqlite-boot","plugin":"edd-cf7-register-guest-customers","details":"[14-May-2025 17:49:13 UTC] PHP Warning:  Undefined variable $before_options in /wordpress/wp-content/plugins/eshop-order-emailer/eordem.php on line 173","log":"/logs/plugins/e/edd-cf7-register-guest-customers/error.json"}
,
{"message":"Undefined variable $new_field_options in /wordpress/wp-content/plugins/eshop-order-emailer/eordem.php on line 173","level":"WARNING","type":"PHP","test":"ast-sqlite-boot","plugin":"edd-cf7-register-guest-customers","details":"[14-May-2025 17:49:13 UTC] PHP Warning:  Undefined variable $new_field_options in /wordpress/wp-content/plugins/eshop-order-emailer/eordem.php on line 173","log":"/logs/plugins/e/edd-cf7-register-guest-customers/error.json"}
,
{"message":"Undefined variable $after_options in /wordpress/wp-content/plugins/eshop-order-emailer/eordem.php on line 173","level":"WARNING","type":"PHP","test":"ast-sqlite-boot","plugin":"edd-cf7-register-guest-customers","details":"[14-May-2025 17:49:13 UTC] PHP Warning:  Undefined variable $after_options in /wordpress/wp-content/plugins/eshop-order-emailer/eordem.php on line 173","log":"/logs/plugins/e/edd-cf7-register-guest-customers/error.json"}
,
{"message":"Uncaught TypeError: array_merge(): Argument #1 must be of type array, null given in /wordpress/wp-content/plugins/eshop-order-emailer/eordem.php:173","level":"FATAL","type":"PHP","test":"ast-sqlite-boot","plugin":"edd-cf7-register-guest-customers","details":"[14-May-2025 17:49:13 UTC] PHP Fatal error:  Uncaught TypeError: array_merge(): Argument #1 must be of type array, null given in /wordpress/wp-content/plugins/eshop-order-emailer/eordem.php:173\nStack trace:\n#0 /wordpress/wp-content/plugins/eshop-order-emailer/eordem.php(173): array_merge(NULL, NULL, NULL)\n#1 /wordpress/wp-content/plugins/eshop-order-emailer/eordem.php(139): eordem->convertOldOptions()\n#2 /wordpress/wp-content/plugins/eshop-order-emailer/lib/pwsPlugin-1.0-class.php(191): eordem->activate()\n#3 /wordpress/wp-includes/class-wp-hook.php(324): pwsPlugin_1_0->activation(false)\n#4 /wordpress/wp-includes/class-wp-hook.php(348): WP_Hook->apply_filters('', Array)\n#5 /wordpress/wp-includes/plugin.php(517): WP_Hook->do_action(Array)\n#6 /wordpress/wp-admin/includes/plugin.php(703): do_action('activate_eshop-...', false)\n#7 /internal/eval.php(20): activate_plugin('eshop-order-ema...')\n#8 {main}\n  thrown in /wordpress/wp-content/plugins/eshop-order-emailer/eordem.php on line 173","log":"/logs/plugins/e/edd-cf7-register-guest-customers/error.json"}
,
{"message":"Undefined variable $plugin_name in /wordpress/wp-content/plugins/eshop-order-emailer/eordem.php on line 107","level":"WARNING","type":"PHP","test":"ast-sqlite-boot","plugin":"edd-cf7-register-guest-customers","details":"[14-May-2025 17:49:21 UTC] PHP Warning:  Undefined variable $plugin_name in /wordpress/wp-content/plugins/eshop-order-emailer/eordem.php on line 107","log":"/logs/plugins/e/edd-cf7-register-guest-customers/error.json"}
,
{"message":"Undefined variable $plugin_name in /wordpress/wp-content/plugins/eshop-order-emailer/eordem.php on line 108","level":"WARNING","type":"PHP","test":"ast-sqlite-boot","plugin":"edd-cf7-register-guest-customers","details":"[14-May-2025 17:49:21 UTC] PHP Warning:  Undefined variable $plugin_name in /wordpress/wp-content/plugins/eshop-order-emailer/eordem.php on line 108","log":"/logs/plugins/e/edd-cf7-register-guest-customers/error.json"}
,
{"message":"Undefined array key \"page\" in /wordpress/wp-content/plugins/eshop-order-emailer/lib/pwsController-1.0-class.php on line 15","level":"WARNING","type":"PHP","test":"ast-sqlite-boot","plugin":"edd-cf7-register-guest-customers","details":"[14-May-2025 17:49:21 UTC] PHP Warning:  Undefined array key \"page\" in /wordpress/wp-content/plugins/eshop-order-emailer/lib/pwsController-1.0-class.php on line 15","log":"/logs/plugins/e/edd-cf7-register-guest-customers/error.json"}
,
{"message":"Undefined array key 1 in /wordpress/wp-content/plugins/eshop-order-emailer/lib/pwsController-1.0-class.php on line 15","level":"WARNING","type":"PHP","test":"ast-sqlite-boot","plugin":"edd-cf7-register-guest-customers","details":"[14-May-2025 17:49:21 UTC] PHP Warning:  Undefined array key 1 in /wordpress/wp-content/plugins/eshop-order-emailer/lib/pwsController-1.0-class.php on line 15","log":"/logs/plugins/e/edd-cf7-register-guest-customers/error.json"}
,
{"message":"Undefined array key 2 in /wordpress/wp-content/plugins/eshop-order-emailer/lib/pwsController-1.0-class.php on line 15","level":"WARNING","type":"PHP","test":"ast-sqlite-boot","plugin":"edd-cf7-register-guest-customers","details":"[14-May-2025 17:49:21 UTC] PHP Warning:  Undefined array key 2 in /wordpress/wp-content/plugins/eshop-order-emailer/lib/pwsController-1.0-class.php on line 15","log":"/logs/plugins/e/edd-cf7-register-guest-customers/error.json"}
,
{"message":"Undefined array key \"page\" in /wordpress/wp-content/plugins/eshop-order-emailer/lib/pwsController-1.0-class.php on line 15","level":"WARNING","type":"PHP","test":"ast-sqlite-boot","plugin":"edd-cf7-register-guest-customers","details":"[14-May-2025 17:49:21 UTC] PHP Warning:  Undefined array key \"page\" in /wordpress/wp-content/plugins/eshop-order-emailer/lib/pwsController-1.0-class.php on line 15","log":"/logs/plugins/e/edd-cf7-register-guest-customers/error.json"}
,
{"message":"Undefined array key 1 in /wordpress/wp-content/plugins/eshop-order-emailer/lib/pwsController-1.0-class.php on line 15","level":"WARNING","type":"PHP","test":"ast-sqlite-boot","plugin":"edd-cf7-register-guest-customers","details":"[14-May-2025 17:49:21 UTC] PHP Warning:  Undefined array key 1 in /wordpress/wp-content/plugins/eshop-order-emailer/lib/pwsController-1.0-class.php on line 15","log":"/logs/plugins/e/edd-cf7-register-guest-customers/error.json"}
,
{"message":"Undefined array key 2 in /wordpress/wp-content/plugins/eshop-order-emailer/lib/pwsController-1.0-class.php on line 15","level":"WARNING","type":"PHP","test":"ast-sqlite-boot","plugin":"edd-cf7-register-guest-customers","details":"[14-May-2025 17:49:21 UTC] PHP Warning:  Undefined array key 2 in /wordpress/wp-content/plugins/eshop-order-emailer/lib/pwsController-1.0-class.php on line 15","log":"/logs/plugins/e/edd-cf7-register-guest-customers/error.json"}
,
{"message":"Undefined variable $interval in /wordpress/wp-content/plugins/eshop-order-emailer/lib/pwsPlugin-1.0-class.php on line 145","level":"WARNING","type":"PHP","test":"ast-sqlite-boot","plugin":"edd-cf7-register-guest-customers","details":"[14-May-2025 17:49:21 UTC] PHP Warning:  Undefined variable $interval in /wordpress/wp-content/plugins/eshop-order-emailer/lib/pwsPlugin-1.0-class.php on line 145","log":"/logs/plugins/e/edd-cf7-register-guest-customers/error.json"}
,
{"message":"Undefined variable $before_options in /wordpress/wp-content/plugins/eshop-order-emailer/eordem.php on line 173","level":"WARNING","type":"PHP","test":"ast-sqlite-boot","plugin":"edd-cf7-register-guest-customers","details":"[14-May-2025 17:49:22 UTC] PHP Warning:  Undefined variable $before_options in /wordpress/wp-content/plugins/eshop-order-emailer/eordem.php on line 173","log":"/logs/plugins/e/edd-cf7-register-guest-customers/error.json"}
,
{"message":"Undefined variable $new_field_options in /wordpress/wp-content/plugins/eshop-order-emailer/eordem.php on line 173","level":"WARNING","type":"PHP","test":"ast-sqlite-boot","plugin":"edd-cf7-register-guest-customers","details":"[14-May-2025 17:49:22 UTC] PHP Warning:  Undefined variable $new_field_options in /wordpress/wp-content/plugins/eshop-order-emailer/eordem.php on line 173","log":"/logs/plugins/e/edd-cf7-register-guest-customers/error.json"}
,
{"message":"Undefined variable $after_options in /wordpress/wp-content/plugins/eshop-order-emailer/eordem.php on line 173","level":"WARNING","type":"PHP","test":"ast-sqlite-boot","plugin":"edd-cf7-register-guest-customers","details":"[14-May-2025 17:49:22 UTC] PHP Warning:  Undefined variable $after_options in /wordpress/wp-content/plugins/eshop-order-emailer/eordem.php on line 173","log":"/logs/plugins/e/edd-cf7-register-guest-customers/error.json"}
,
{"message":"Uncaught TypeError: array_merge(): Argument #1 must be of type array, null given in /wordpress/wp-content/plugins/eshop-order-emailer/eordem.php:173","level":"FATAL","type":"PHP","test":"ast-sqlite-boot","plugin":"edd-cf7-register-guest-customers","details":"[14-May-2025 17:49:22 UTC] PHP Fatal error:  Uncaught TypeError: array_merge(): Argument #1 must be of type array, null given in /wordpress/wp-content/plugins/eshop-order-emailer/eordem.php:173\nStack trace:\n#0 /wordpress/wp-content/plugins/eshop-order-emailer/eordem.php(173): array_merge(NULL, NULL, NULL)\n#1 /wordpress/wp-content/plugins/eshop-order-emailer/eordem.php(139): eordem->convertOldOptions()\n#2 /wordpress/wp-content/plugins/eshop-order-emailer/lib/pwsPlugin-1.0-class.php(191): eordem->activate()\n#3 /wordpress/wp-includes/class-wp-hook.php(324): pwsPlugin_1_0->activation(false)\n#4 /wordpress/wp-includes/class-wp-hook.php(348): WP_Hook->apply_filters('', Array)\n#5 /wordpress/wp-includes/plugin.php(517): WP_Hook->do_action(Array)\n#6 /wordpress/wp-admin/includes/plugin.php(703): do_action('activate_eshop-...', false)\n#7 /internal/eval.php(20): activate_plugin('eshop-order-ema...')\n#8 {main}\n  thrown in /wordpress/wp-content/plugins/eshop-order-emailer/eordem.php on line 173","log":"/logs/plugins/e/edd-cf7-register-guest-customers/error.json"}
,
{"message":"Undefined variable $plugin_name in /wordpress/wp-content/plugins/eshop-order-emailer/eordem.php on line 107","level":"WARNING","type":"PHP","test":"ast-sqlite-boot","plugin":"edd-cf7-register-guest-customers","details":"[14-May-2025 17:49:29 UTC] PHP Warning:  Undefined variable $plugin_name in /wordpress/wp-content/plugins/eshop-order-emailer/eordem.php on line 107","log":"/logs/plugins/e/edd-cf7-register-guest-customers/error.json"}
,
{"message":"Undefined variable $plugin_name in /wordpress/wp-content/plugins/eshop-order-emailer/eordem.php on line 108","level":"WARNING","type":"PHP","test":"ast-sqlite-boot","plugin":"edd-cf7-register-guest-customers","details":"[14-May-2025 17:49:29 UTC] PHP Warning:  Undefined variable $plugin_name in /wordpress/wp-content/plugins/eshop-order-emailer/eordem.php on line 108","log":"/logs/plugins/e/edd-cf7-register-guest-customers/error.json"}
,
{"message":"Undefined array key \"page\" in /wordpress/wp-content/plugins/eshop-order-emailer/lib/pwsController-1.0-class.php on line 15","level":"WARNING","type":"PHP","test":"ast-sqlite-boot","plugin":"edd-cf7-register-guest-customers","details":"[14-May-2025 17:49:29 UTC] PHP Warning:  Undefined array key \"page\" in /wordpress/wp-content/plugins/eshop-order-emailer/lib/pwsController-1.0-class.php on line 15","log":"/logs/plugins/e/edd-cf7-register-guest-customers/error.json"}
,
{"message":"Undefined array key 1 in /wordpress/wp-content/plugins/eshop-order-emailer/lib/pwsController-1.0-class.php on line 15","level":"WARNING","type":"PHP","test":"ast-sqlite-boot","plugin":"edd-cf7-register-guest-customers","details":"[14-May-2025 17:49:29 UTC] PHP Warning:  Undefined array key 1 in /wordpress/wp-content/plugins/eshop-order-emailer/lib/pwsController-1.0-class.php on line 15","log":"/logs/plugins/e/edd-cf7-register-guest-customers/error.json"}
,
{"message":"Undefined array key 2 in /wordpress/wp-content/plugins/eshop-order-emailer/lib/pwsController-1.0-class.php on line 15","level":"WARNING","type":"PHP","test":"ast-sqlite-boot","plugin":"edd-cf7-register-guest-customers","details":"[14-May-2025 17:49:29 UTC] PHP Warning:  Undefined array key 2 in /wordpress/wp-content/plugins/eshop-order-emailer/lib/pwsController-1.0-class.php on line 15","log":"/logs/plugins/e/edd-cf7-register-guest-customers/error.json"}
,
{"message":"Undefined array key \"page\" in /wordpress/wp-content/plugins/eshop-order-emailer/lib/pwsController-1.0-class.php on line 15","level":"WARNING","type":"PHP","test":"ast-sqlite-boot","plugin":"edd-cf7-register-guest-customers","details":"[14-May-2025 17:49:29 UTC] PHP Warning:  Undefined array key \"page\" in /wordpress/wp-content/plugins/eshop-order-emailer/lib/pwsController-1.0-class.php on line 15","log":"/logs/plugins/e/edd-cf7-register-guest-customers/error.json"}
,
{"message":"Undefined array key 1 in /wordpress/wp-content/plugins/eshop-order-emailer/lib/pwsController-1.0-class.php on line 15","level":"WARNING","type":"PHP","test":"ast-sqlite-boot","plugin":"edd-cf7-register-guest-customers","details":"[14-May-2025 17:49:29 UTC] PHP Warning:  Undefined array key 1 in /wordpress/wp-content/plugins/eshop-order-emailer/lib/pwsController-1.0-class.php on line 15","log":"/logs/plugins/e/edd-cf7-register-guest-customers/error.json"}
,
{"message":"Undefined array key 2 in /wordpress/wp-content/plugins/eshop-order-emailer/lib/pwsController-1.0-class.php on line 15","level":"WARNING","type":"PHP","test":"ast-sqlite-boot","plugin":"edd-cf7-register-guest-customers","details":"[14-May-2025 17:49:29 UTC] PHP Warning:  Undefined array key 2 in /wordpress/wp-content/plugins/eshop-order-emailer/lib/pwsController-1.0-class.php on line 15","log":"/logs/plugins/e/edd-cf7-register-guest-customers/error.json"}
,
{"message":"Undefined variable $interval in /wordpress/wp-content/plugins/eshop-order-emailer/lib/pwsPlugin-1.0-class.php on line 145","level":"WARNING","type":"PHP","test":"ast-sqlite-boot","plugin":"edd-cf7-register-guest-customers","details":"[14-May-2025 17:49:29 UTC] PHP Warning:  Undefined variable $interval in /wordpress/wp-content/plugins/eshop-order-emailer/lib/pwsPlugin-1.0-class.php on line 145","log":"/logs/plugins/e/edd-cf7-register-guest-customers/error.json"}
,
{"message":"Undefined variable $before_options in /wordpress/wp-content/plugins/eshop-order-emailer/eordem.php on line 173","level":"WARNING","type":"PHP","test":"ast-sqlite-boot","plugin":"edd-cf7-register-guest-customers","details":"[14-May-2025 17:49:29 UTC] PHP Warning:  Undefined variable $before_options in /wordpress/wp-content/plugins/eshop-order-emailer/eordem.php on line 173","log":"/logs/plugins/e/edd-cf7-register-guest-customers/error.json"}
,
{"message":"Undefined variable $new_field_options in /wordpress/wp-content/plugins/eshop-order-emailer/eordem.php on line 173","level":"WARNING","type":"PHP","test":"ast-sqlite-boot","plugin":"edd-cf7-register-guest-customers","details":"[14-May-2025 17:49:29 UTC] PHP Warning:  Undefined variable $new_field_options in /wordpress/wp-content/plugins/eshop-order-emailer/eordem.php on line 173","log":"/logs/plugins/e/edd-cf7-register-guest-customers/error.json"}
,
{"message":"Undefined variable $after_options in /wordpress/wp-content/plugins/eshop-order-emailer/eordem.php on line 173","level":"WARNING","type":"PHP","test":"ast-sqlite-boot","plugin":"edd-cf7-register-guest-customers","details":"[14-May-2025 17:49:29 UTC] PHP Warning:  Undefined variable $after_options in /wordpress/wp-content/plugins/eshop-order-emailer/eordem.php on line 173","log":"/logs/plugins/e/edd-cf7-register-guest-customers/error.json"}
,
{"message":"Uncaught TypeError: array_merge(): Argument #1 must be of type array, null given in /wordpress/wp-content/plugins/eshop-order-emailer/eordem.php:173","level":"FATAL","type":"PHP","test":"ast-sqlite-boot","plugin":"edd-cf7-register-guest-customers","details":"[14-May-2025 17:49:29 UTC] PHP Fatal error:  Uncaught TypeError: array_merge(): Argument #1 must be of type array, null given in /wordpress/wp-content/plugins/eshop-order-emailer/eordem.php:173\nStack trace:\n#0 /wordpress/wp-content/plugins/eshop-order-emailer/eordem.php(173): array_merge(NULL, NULL, NULL)\n#1 /wordpress/wp-content/plugins/eshop-order-emailer/eordem.php(139): eordem->convertOldOptions()\n#2 /wordpress/wp-content/plugins/eshop-order-emailer/lib/pwsPlugin-1.0-class.php(191): eordem->activate()\n#3 /wordpress/wp-includes/class-wp-hook.php(324): pwsPlugin_1_0->activation(false)\n#4 /wordpress/wp-includes/class-wp-hook.php(348): WP_Hook->apply_filters('', Array)\n#5 /wordpress/wp-includes/plugin.php(517): WP_Hook->do_action(Array)\n#6 /wordpress/wp-admin/includes/plugin.php(703): do_action('activate_eshop-...', false)\n#7 /internal/eval.php(20): activate_plugin('eshop-order-ema...')\n#8 {main}\n  thrown in /wordpress/wp-content/plugins/eshop-order-emailer/eordem.php on line 173","log":"/logs/plugins/e/edd-cf7-register-guest-customers/error.json"}
,
{"message":"Required parameter $back_color follows optional parameter $filename in /wordpress/wp-content/plugins/evp-events/vendor/kairos/phpqrcode/qrimage.php on line 30","level":"DEPRECATED","type":"PHP","test":"ast-sqlite-boot","plugin":"edd-cf7-register-guest-customers","details":"[14-May-2025 17:55:09 UTC] PHP Deprecated:  Required parameter $back_color follows optional parameter $filename in /wordpress/wp-content/plugins/evp-events/vendor/kairos/phpqrcode/qrimage.php on line 30","log":"/logs/plugins/e/edd-cf7-register-guest-customers/error.json"}
,
{"message":"Required parameter $fore_color follows optional parameter $filename in /wordpress/wp-content/plugins/evp-events/vendor/kairos/phpqrcode/qrimage.php on line 30","level":"DEPRECATED","type":"PHP","test":"ast-sqlite-boot","plugin":"edd-cf7-register-guest-customers","details":"[14-May-2025 17:55:09 UTC] PHP Deprecated:  Required parameter $fore_color follows optional parameter $filename in /wordpress/wp-content/plugins/evp-events/vendor/kairos/phpqrcode/qrimage.php on line 30","log":"/logs/plugins/e/edd-cf7-register-guest-customers/error.json"}
,
{"message":"Required parameter $back_color follows optional parameter $filename in /wordpress/wp-content/plugins/evp-events/vendor/kairos/phpqrcode/qrvect.php on line 124","level":"DEPRECATED","type":"PHP","test":"ast-sqlite-boot","plugin":"edd-cf7-register-guest-customers","details":"[14-May-2025 17:55:09 UTC] PHP Deprecated:  Required parameter $back_color follows optional parameter $filename in /wordpress/wp-content/plugins/evp-events/vendor/kairos/phpqrcode/qrvect.php on line 124","log":"/logs/plugins/e/edd-cf7-register-guest-customers/error.json"}
,
{"message":"Required parameter $fore_color follows optional parameter $filename in /wordpress/wp-content/plugins/evp-events/vendor/kairos/phpqrcode/qrvect.php on line 124","level":"DEPRECATED","type":"PHP","test":"ast-sqlite-boot","plugin":"edd-cf7-register-guest-customers","details":"[14-May-2025 17:55:09 UTC] PHP Deprecated:  Required parameter $fore_color follows optional parameter $filename in /wordpress/wp-content/plugins/evp-events/vendor/kairos/phpqrcode/qrvect.php on line 124","log":"/logs/plugins/e/edd-cf7-register-guest-customers/error.json"}
,
{"message":"Array and string offset access syntax with curly braces is no longer supported in /wordpress/wp-content/plugins/evp-events/vendor/symfony/symfony/src/Symfony/Component/Yaml/Unescaper.php on line 69","level":"FATAL","type":"PHP","test":"ast-sqlite-boot","plugin":"edd-cf7-register-guest-customers","details":"[14-May-2025 17:55:09 UTC] PHP Fatal error:  Array and string offset access syntax with curly braces is no longer supported in /wordpress/wp-content/plugins/evp-events/vendor/symfony/symfony/src/Symfony/Component/Yaml/Unescaper.php on line 69","log":"/logs/plugins/e/edd-cf7-register-guest-customers/error.json"}
,
{"message":"Required parameter $back_color follows optional parameter $filename in /wordpress/wp-content/plugins/evp-events/vendor/kairos/phpqrcode/qrimage.php on line 30","level":"DEPRECATED","type":"PHP","test":"ast-sqlite-boot","plugin":"edd-cf7-register-guest-customers","details":"[14-May-2025 17:55:55 UTC] PHP Deprecated:  Required parameter $back_color follows optional parameter $filename in /wordpress/wp-content/plugins/evp-events/vendor/kairos/phpqrcode/qrimage.php on line 30","log":"/logs/plugins/e/edd-cf7-register-guest-customers/error.json"}
,
{"message":"Required parameter $fore_color follows optional parameter $filename in /wordpress/wp-content/plugins/evp-events/vendor/kairos/phpqrcode/qrimage.php on line 30","level":"DEPRECATED","type":"PHP","test":"ast-sqlite-boot","plugin":"edd-cf7-register-guest-customers","details":"[14-May-2025 17:55:55 UTC] PHP Deprecated:  Required parameter $fore_color follows optional parameter $filename in /wordpress/wp-content/plugins/evp-events/vendor/kairos/phpqrcode/qrimage.php on line 30","log":"/logs/plugins/e/edd-cf7-register-guest-customers/error.json"}
,
{"message":"Required parameter $back_color follows optional parameter $filename in /wordpress/wp-content/plugins/evp-events/vendor/kairos/phpqrcode/qrvect.php on line 124","level":"DEPRECATED","type":"PHP","test":"ast-sqlite-boot","plugin":"edd-cf7-register-guest-customers","details":"[14-May-2025 17:55:55 UTC] PHP Deprecated:  Required parameter $back_color follows optional parameter $filename in /wordpress/wp-content/plugins/evp-events/vendor/kairos/phpqrcode/qrvect.php on line 124","log":"/logs/plugins/e/edd-cf7-register-guest-customers/error.json"}
,
{"message":"Required parameter $fore_color follows optional parameter $filename in /wordpress/wp-content/plugins/evp-events/vendor/kairos/phpqrcode/qrvect.php on line 124","level":"DEPRECATED","type":"PHP","test":"ast-sqlite-boot","plugin":"edd-cf7-register-guest-customers","details":"[14-May-2025 17:55:55 UTC] PHP Deprecated:  Required parameter $fore_color follows optional parameter $filename in /wordpress/wp-content/plugins/evp-events/vendor/kairos/phpqrcode/qrvect.php on line 124","log":"/logs/plugins/e/edd-cf7-register-guest-customers/error.json"}
,
{"message":"Array and string offset access syntax with curly braces is no longer supported in /wordpress/wp-content/plugins/evp-events/vendor/symfony/symfony/src/Symfony/Component/Yaml/Unescaper.php on line 69","level":"FATAL","type":"PHP","test":"ast-sqlite-boot","plugin":"edd-cf7-register-guest-customers","details":"[14-May-2025 17:55:55 UTC] PHP Fatal error:  Array and string offset access syntax with curly braces is no longer supported in /wordpress/wp-content/plugins/evp-events/vendor/symfony/symfony/src/Symfony/Component/Yaml/Unescaper.php on line 69","log":"/logs/plugins/e/edd-cf7-register-guest-customers/error.json"}
,
{"message":"Required parameter $back_color follows optional parameter $filename in /wordpress/wp-content/plugins/evp-events/vendor/kairos/phpqrcode/qrimage.php on line 30","level":"DEPRECATED","type":"PHP","test":"ast-sqlite-boot","plugin":"edd-cf7-register-guest-customers","details":"[14-May-2025 17:56:39 UTC] PHP Deprecated:  Required parameter $back_color follows optional parameter $filename in /wordpress/wp-content/plugins/evp-events/vendor/kairos/phpqrcode/qrimage.php on line 30","log":"/logs/plugins/e/edd-cf7-register-guest-customers/error.json"}
,
{"message":"Required parameter $fore_color follows optional parameter $filename in /wordpress/wp-content/plugins/evp-events/vendor/kairos/phpqrcode/qrimage.php on line 30","level":"DEPRECATED","type":"PHP","test":"ast-sqlite-boot","plugin":"edd-cf7-register-guest-customers","details":"[14-May-2025 17:56:39 UTC] PHP Deprecated:  Required parameter $fore_color follows optional parameter $filename in /wordpress/wp-content/plugins/evp-events/vendor/kairos/phpqrcode/qrimage.php on line 30","log":"/logs/plugins/e/edd-cf7-register-guest-customers/error.json"}
,
{"message":"Required parameter $back_color follows optional parameter $filename in /wordpress/wp-content/plugins/evp-events/vendor/kairos/phpqrcode/qrvect.php on line 124","level":"DEPRECATED","type":"PHP","test":"ast-sqlite-boot","plugin":"edd-cf7-register-guest-customers","details":"[14-May-2025 17:56:39 UTC] PHP Deprecated:  Required parameter $back_color follows optional parameter $filename in /wordpress/wp-content/plugins/evp-events/vendor/kairos/phpqrcode/qrvect.php on line 124","log":"/logs/plugins/e/edd-cf7-register-guest-customers/error.json"}
,
{"message":"Required parameter $fore_color follows optional parameter $filename in /wordpress/wp-content/plugins/evp-events/vendor/kairos/phpqrcode/qrvect.php on line 124","level":"DEPRECATED","type":"PHP","test":"ast-sqlite-boot","plugin":"edd-cf7-register-guest-customers","details":"[14-May-2025 17:56:39 UTC] PHP Deprecated:  Required parameter $fore_color follows optional parameter $filename in /wordpress/wp-content/plugins/evp-events/vendor/kairos/phpqrcode/qrvect.php on line 124","log":"/logs/plugins/e/edd-cf7-register-guest-customers/error.json"}
,
{"message":"Array and string offset access syntax with curly braces is no longer supported in /wordpress/wp-content/plugins/evp-events/vendor/symfony/symfony/src/Symfony/Component/Yaml/Unescaper.php on line 69","level":"FATAL","type":"PHP","test":"ast-sqlite-boot","plugin":"edd-cf7-register-guest-customers","details":"[14-May-2025 17:56:39 UTC] PHP Fatal error:  Array and string offset access syntax with curly braces is no longer supported in /wordpress/wp-content/plugins/evp-events/vendor/symfony/symfony/src/Symfony/Component/Yaml/Unescaper.php on line 69","log":"/logs/plugins/e/edd-cf7-register-guest-customers/error.json"}
,
{"message":"Uncaught PDOException: SQLSTATE[HY000] [2002] Address family not supported by protocol in /wordpress/wp-content/plugins/easydocs/vendor/illuminate/database/Connectors/Connector.php:67","level":"FATAL","type":"PHP","test":"ast-sqlite-boot","plugin":"edd-cf7-register-guest-customers","details":"[14-May-2025 17:57:17 UTC] PHP Fatal error:  Uncaught PDOException: SQLSTATE[HY000] [2002] Address family not supported by protocol in /wordpress/wp-content/plugins/easydocs/vendor/illuminate/database/Connectors/Connector.php:67\nStack trace:\n#0 /wordpress/wp-content/plugins/easydocs/vendor/illuminate/database/Connectors/Connector.php(67): PDO->__construct('mysql:host=loca...', 'username_here', 'password_here', Array)\n#1 /wordpress/wp-content/plugins/easydocs/vendor/illuminate/database/Connectors/Connector.php(43): Illuminate\\Database\\Connectors\\Connector->createPdoConnection('mysql:host=loca...', 'username_here', 'password_here', Array)\n#2 /wordpress/wp-content/plugins/easydocs/vendor/illuminate/database/Connectors/MySqlConnector.php(24): Illuminate\\Database\\Connectors\\Connector->createConnection('mysql:host=loca...', Array, Array)\n#3 /wordpress/wp-content/plugins/easydocs/vendor/illuminate/database/Connectors/ConnectionFactory.php(183): Illuminate\\Database\\Connectors\\MySqlConnector->connect(Array)\n#4 [internal function]: Illuminate\\Database\\Connectors\\ConnectionFactory->Illuminate\\Database\\Connectors\\{closure}()\n#5 /wordpress/wp-content/plugins/easydocs/vendor/illuminate/database/Connection.php(915): call_user_func(Object(Closure))\n#6 /wordpress/wp-content/plugins/easydocs/vendor/illuminate/database/Connection.php(940): Illuminate\\Database\\Connection->getPdo()\n#7 /wordpress/wp-content/plugins/easydocs/vendor/illuminate/database/Connection.php(399): Illuminate\\Database\\Connection->getReadPdo()\n#8 /wordpress/wp-content/plugins/easydocs/vendor/illuminate/database/Connection.php(325): Illuminate\\Database\\Connection->getPdoForSelect(true)\n#9 /wordpress/wp-content/plugins/easydocs/vendor/illuminate/database/Connection.php(657): Illuminate\\Database\\Connection->Illuminate\\Database\\{closure}('select * from i...', Array)\n#10 /wordpress/wp-content/plugins/easydocs/vendor/illuminate/database/Connection.php(624): Illuminate\\Database\\Connection->runQueryCallback('select * from i...', Array, Object(Closure))\n#11 /wordpress/wp-content/plugins/easydocs/vendor/illuminate/database/Connection.php(333): Illuminate\\Database\\Connection->run('select * from i...', Array, Object(Closure))\n#12 /wordpress/wp-content/plugins/easydocs/vendor/illuminate/database/Schema/MySqlBuilder.php(18): Illuminate\\Database\\Connection->select('select * from i...', Array)\n#13 /wordpress/wp-content/plugins/easydocs/easy-docs.php(86): Illuminate\\Database\\Schema\\MySqlBuilder->hasTable('ed_files')\n#14 /wordpress/wp-content/plugins/easydocs/easy-docs.php(141): EasyDocs\\check_updates()\n#15 /wordpress/wp-content/plugins/easydocs/easy-docs.php(146): EasyDocs\\run_easy_docs()\n#16 /wordpress/wp-admin/includes/plugin.php(2387): include_once('/wordpress/wp-c...')\n#17 /wordpress/wp-admin/includes/plugin.php(673): plugin_sandbox_scrape('easydocs/easy-d...')\n#18 /internal/eval.php(20): activate_plugin('easydocs/easy-d...')\n#19 {main}\n\nNext Illuminate\\Database\\QueryException: SQLSTATE[HY000] [2002] Address family not supported by protocol (SQL: select * from information_schema.tables where table_schema = database_name_here and table_name = ed_files) in /wordpress/wp-content/plugins/easydocs/vendor/illuminate/database/Connection.php:664\nStack trace:\n#0 /wordpress/wp-content/plugins/easydocs/vendor/illuminate/database/Connection.php(624): Illuminate\\Database\\Connection->runQueryCallback('select * from i...', Array, Object(Closure))\n#1 /wordpress/wp-content/plugins/easydocs/vendor/illuminate/database/Connection.php(333): Illuminate\\Database\\Connection->run('select * from i...', Array, Object(Closure))\n#2 /wordpress/wp-content/plugins/easydocs/vendor/illuminate/database/Schema/MySqlBuilder.php(18): Illuminate\\Database\\Connection->select('select * from i...', Array)\n#3 /wordpress/wp-content/plugins/easydocs/easy-docs.php(86): Illuminate\\Database\\Schema\\MySqlBuilder->hasTable('ed_files')\n#4 /wordpress/wp-content/plugins/easydocs/easy-docs.php(141): EasyDocs\\check_updates()\n#5 /wordpress/wp-content/plugins/easydocs/easy-docs.php(146): EasyDocs\\run_easy_docs()\n#6 /wordpress/wp-admin/includes/plugin.php(2387): include_once('/wordpress/wp-c...')\n#7 /wordpress/wp-admin/includes/plugin.php(673): plugin_sandbox_scrape('easydocs/easy-d...')\n#8 /internal/eval.php(20): activate_plugin('easydocs/easy-d...')\n#9 {main}\n  thrown in /wordpress/wp-content/plugins/easydocs/vendor/illuminate/database/Connection.php on line 664","log":"/logs/plugins/e/edd-cf7-register-guest-customers/error.json"}
,
{"message":"Uncaught PDOException: SQLSTATE[HY000] [2002] Address family not supported by protocol in /wordpress/wp-content/plugins/easydocs/vendor/illuminate/database/Connectors/Connector.php:67","level":"FATAL","type":"PHP","test":"ast-sqlite-boot","plugin":"edd-cf7-register-guest-customers","details":"[14-May-2025 17:57:27 UTC] PHP Fatal error:  Uncaught PDOException: SQLSTATE[HY000] [2002] Address family not supported by protocol in /wordpress/wp-content/plugins/easydocs/vendor/illuminate/database/Connectors/Connector.php:67\nStack trace:\n#0 /wordpress/wp-content/plugins/easydocs/vendor/illuminate/database/Connectors/Connector.php(67): PDO->__construct('mysql:host=loca...', 'username_here', 'password_here', Array)\n#1 /wordpress/wp-content/plugins/easydocs/vendor/illuminate/database/Connectors/Connector.php(43): Illuminate\\Database\\Connectors\\Connector->createPdoConnection('mysql:host=loca...', 'username_here', 'password_here', Array)\n#2 /wordpress/wp-content/plugins/easydocs/vendor/illuminate/database/Connectors/MySqlConnector.php(24): Illuminate\\Database\\Connectors\\Connector->createConnection('mysql:host=loca...', Array, Array)\n#3 /wordpress/wp-content/plugins/easydocs/vendor/illuminate/database/Connectors/ConnectionFactory.php(183): Illuminate\\Database\\Connectors\\MySqlConnector->connect(Array)\n#4 [internal function]: Illuminate\\Database\\Connectors\\ConnectionFactory->Illuminate\\Database\\Connectors\\{closure}()\n#5 /wordpress/wp-content/plugins/easydocs/vendor/illuminate/database/Connection.php(915): call_user_func(Object(Closure))\n#6 /wordpress/wp-content/plugins/easydocs/vendor/illuminate/database/Connection.php(940): Illuminate\\Database\\Connection->getPdo()\n#7 /wordpress/wp-content/plugins/easydocs/vendor/illuminate/database/Connection.php(399): Illuminate\\Database\\Connection->getReadPdo()\n#8 /wordpress/wp-content/plugins/easydocs/vendor/illuminate/database/Connection.php(325): Illuminate\\Database\\Connection->getPdoForSelect(true)\n#9 /wordpress/wp-content/plugins/easydocs/vendor/illuminate/database/Connection.php(657): Illuminate\\Database\\Connection->Illuminate\\Database\\{closure}('select * from i...', Array)\n#10 /wordpress/wp-content/plugins/easydocs/vendor/illuminate/database/Connection.php(624): Illuminate\\Database\\Connection->runQueryCallback('select * from i...', Array, Object(Closure))\n#11 /wordpress/wp-content/plugins/easydocs/vendor/illuminate/database/Connection.php(333): Illuminate\\Database\\Connection->run('select * from i...', Array, Object(Closure))\n#12 /wordpress/wp-content/plugins/easydocs/vendor/illuminate/database/Schema/MySqlBuilder.php(18): Illuminate\\Database\\Connection->select('select * from i...', Array)\n#13 /wordpress/wp-content/plugins/easydocs/easy-docs.php(86): Illuminate\\Database\\Schema\\MySqlBuilder->hasTable('ed_files')\n#14 /wordpress/wp-content/plugins/easydocs/easy-docs.php(141): EasyDocs\\check_updates()\n#15 /wordpress/wp-content/plugins/easydocs/easy-docs.php(146): EasyDocs\\run_easy_docs()\n#16 /wordpress/wp-admin/includes/plugin.php(2387): include_once('/wordpress/wp-c...')\n#17 /wordpress/wp-admin/includes/plugin.php(673): plugin_sandbox_scrape('easydocs/easy-d...')\n#18 /internal/eval.php(20): activate_plugin('easydocs/easy-d...')\n#19 {main}\n\nNext Illuminate\\Database\\QueryException: SQLSTATE[HY000] [2002] Address family not supported by protocol (SQL: select * from information_schema.tables where table_schema = database_name_here and table_name = ed_files) in /wordpress/wp-content/plugins/easydocs/vendor/illuminate/database/Connection.php:664\nStack trace:\n#0 /wordpress/wp-content/plugins/easydocs/vendor/illuminate/database/Connection.php(624): Illuminate\\Database\\Connection->runQueryCallback('select * from i...', Array, Object(Closure))\n#1 /wordpress/wp-content/plugins/easydocs/vendor/illuminate/database/Connection.php(333): Illuminate\\Database\\Connection->run('select * from i...', Array, Object(Closure))\n#2 /wordpress/wp-content/plugins/easydocs/vendor/illuminate/database/Schema/MySqlBuilder.php(18): Illuminate\\Database\\Connection->select('select * from i...', Array)\n#3 /wordpress/wp-content/plugins/easydocs/easy-docs.php(86): Illuminate\\Database\\Schema\\MySqlBuilder->hasTable('ed_files')\n#4 /wordpress/wp-content/plugins/easydocs/easy-docs.php(141): EasyDocs\\check_updates()\n#5 /wordpress/wp-content/plugins/easydocs/easy-docs.php(146): EasyDocs\\run_easy_docs()\n#6 /wordpress/wp-admin/includes/plugin.php(2387): include_once('/wordpress/wp-c...')\n#7 /wordpress/wp-admin/includes/plugin.php(673): plugin_sandbox_scrape('easydocs/easy-d...')\n#8 /internal/eval.php(20): activate_plugin('easydocs/easy-d...')\n#9 {main}\n  thrown in /wordpress/wp-content/plugins/easydocs/vendor/illuminate/database/Connection.php on line 664","log":"/logs/plugins/e/edd-cf7-register-guest-customers/error.json"}
,
{"message":"Uncaught PDOException: SQLSTATE[HY000] [2002] Address family not supported by protocol in /wordpress/wp-content/plugins/easydocs/vendor/illuminate/database/Connectors/Connector.php:67","level":"FATAL","type":"PHP","test":"ast-sqlite-boot","plugin":"edd-cf7-register-guest-customers","details":"[14-May-2025 17:57:39 UTC] PHP Fatal error:  Uncaught PDOException: SQLSTATE[HY000] [2002] Address family not supported by protocol in /wordpress/wp-content/plugins/easydocs/vendor/illuminate/database/Connectors/Connector.php:67\nStack trace:\n#0 /wordpress/wp-content/plugins/easydocs/vendor/illuminate/database/Connectors/Connector.php(67): PDO->__construct('mysql:host=loca...', 'username_here', 'password_here', Array)\n#1 /wordpress/wp-content/plugins/easydocs/vendor/illuminate/database/Connectors/Connector.php(43): Illuminate\\Database\\Connectors\\Connector->createPdoConnection('mysql:host=loca...', 'username_here', 'password_here', Array)\n#2 /wordpress/wp-content/plugins/easydocs/vendor/illuminate/database/Connectors/MySqlConnector.php(24): Illuminate\\Database\\Connectors\\Connector->createConnection('mysql:host=loca...', Array, Array)\n#3 /wordpress/wp-content/plugins/easydocs/vendor/illuminate/database/Connectors/ConnectionFactory.php(183): Illuminate\\Database\\Connectors\\MySqlConnector->connect(Array)\n#4 [internal function]: Illuminate\\Database\\Connectors\\ConnectionFactory->Illuminate\\Database\\Connectors\\{closure}()\n#5 /wordpress/wp-content/plugins/easydocs/vendor/illuminate/database/Connection.php(915): call_user_func(Object(Closure))\n#6 /wordpress/wp-content/plugins/easydocs/vendor/illuminate/database/Connection.php(940): Illuminate\\Database\\Connection->getPdo()\n#7 /wordpress/wp-content/plugins/easydocs/vendor/illuminate/database/Connection.php(399): Illuminate\\Database\\Connection->getReadPdo()\n#8 /wordpress/wp-content/plugins/easydocs/vendor/illuminate/database/Connection.php(325): Illuminate\\Database\\Connection->getPdoForSelect(true)\n#9 /wordpress/wp-content/plugins/easydocs/vendor/illuminate/database/Connection.php(657): Illuminate\\Database\\Connection->Illuminate\\Database\\{closure}('select * from i...', Array)\n#10 /wordpress/wp-content/plugins/easydocs/vendor/illuminate/database/Connection.php(624): Illuminate\\Database\\Connection->runQueryCallback('select * from i...', Array, Object(Closure))\n#11 /wordpress/wp-content/plugins/easydocs/vendor/illuminate/database/Connection.php(333): Illuminate\\Database\\Connection->run('select * from i...', Array, Object(Closure))\n#12 /wordpress/wp-content/plugins/easydocs/vendor/illuminate/database/Schema/MySqlBuilder.php(18): Illuminate\\Database\\Connection->select('select * from i...', Array)\n#13 /wordpress/wp-content/plugins/easydocs/easy-docs.php(86): Illuminate\\Database\\Schema\\MySqlBuilder->hasTable('ed_files')\n#14 /wordpress/wp-content/plugins/easydocs/easy-docs.php(141): EasyDocs\\check_updates()\n#15 /wordpress/wp-content/plugins/easydocs/easy-docs.php(146): EasyDocs\\run_easy_docs()\n#16 /wordpress/wp-admin/includes/plugin.php(2387): include_once('/wordpress/wp-c...')\n#17 /wordpress/wp-admin/includes/plugin.php(673): plugin_sandbox_scrape('easydocs/easy-d...')\n#18 /internal/eval.php(20): activate_plugin('easydocs/easy-d...')\n#19 {main}\n\nNext Illuminate\\Database\\QueryException: SQLSTATE[HY000] [2002] Address family not supported by protocol (SQL: select * from information_schema.tables where table_schema = database_name_here and table_name = ed_files) in /wordpress/wp-content/plugins/easydocs/vendor/illuminate/database/Connection.php:664\nStack trace:\n#0 /wordpress/wp-content/plugins/easydocs/vendor/illuminate/database/Connection.php(624): Illuminate\\Database\\Connection->runQueryCallback('select * from i...', Array, Object(Closure))\n#1 /wordpress/wp-content/plugins/easydocs/vendor/illuminate/database/Connection.php(333): Illuminate\\Database\\Connection->run('select * from i...', Array, Object(Closure))\n#2 /wordpress/wp-content/plugins/easydocs/vendor/illuminate/database/Schema/MySqlBuilder.php(18): Illuminate\\Database\\Connection->select('select * from i...', Array)\n#3 /wordpress/wp-content/plugins/easydocs/easy-docs.php(86): Illuminate\\Database\\Schema\\MySqlBuilder->hasTable('ed_files')\n#4 /wordpress/wp-content/plugins/easydocs/easy-docs.php(141): EasyDocs\\check_updates()\n#5 /wordpress/wp-content/plugins/easydocs/easy-docs.php(146): EasyDocs\\run_easy_docs()\n#6 /wordpress/wp-admin/includes/plugin.php(2387): include_once('/wordpress/wp-c...')\n#7 /wordpress/wp-admin/includes/plugin.php(673): plugin_sandbox_scrape('easydocs/easy-d...')\n#8 /internal/eval.php(20): activate_plugin('easydocs/easy-d...')\n#9 {main}\n  thrown in /wordpress/wp-content/plugins/easydocs/vendor/illuminate/database/Connection.php on line 664","log":"/logs/plugins/e/edd-cf7-register-guest-customers/error.json"}
,
{"message":"Function register_sidebar_widget is <strong>deprecated</strong> since version 2.8.0! Use wp_register_sidebar_widget() instead. in /wordpress/wp-includes/functions.php on line 6121","level":"DEPRECATED","type":"PHP","test":"ast-sqlite-boot","plugin":"edd-cf7-register-guest-customers","details":"[14-May-2025 17:58:15 UTC] PHP Deprecated:  Function register_sidebar_widget is <strong>deprecated</strong> since version 2.8.0! Use wp_register_sidebar_widget() instead. in /wordpress/wp-includes/functions.php on line 6121","log":"/logs/plugins/e/edd-cf7-register-guest-customers/error.json"}
,
{"message":"Function register_widget_control is <strong>deprecated</strong> since version 2.8.0! Use wp_register_widget_control() instead. in /wordpress/wp-includes/functions.php on line 6121","level":"DEPRECATED","type":"PHP","test":"ast-sqlite-boot","plugin":"edd-cf7-register-guest-customers","details":"[14-May-2025 17:58:15 UTC] PHP Deprecated:  Function register_widget_control is <strong>deprecated</strong> since version 2.8.0! Use wp_register_widget_control() instead. in /wordpress/wp-includes/functions.php on line 6121","log":"/logs/plugins/e/edd-cf7-register-guest-customers/error.json"}
,
{"message":"Function register_sidebar_widget is <strong>deprecated</strong> since version 2.8.0! Use wp_register_sidebar_widget() instead. in /wordpress/wp-includes/functions.php on line 6121","level":"DEPRECATED","type":"PHP","test":"ast-sqlite-boot","plugin":"edd-cf7-register-guest-customers","details":"[14-May-2025 17:58:23 UTC] PHP Deprecated:  Function register_sidebar_widget is <strong>deprecated</strong> since version 2.8.0! Use wp_register_sidebar_widget() instead. in /wordpress/wp-includes/functions.php on line 6121","log":"/logs/plugins/e/edd-cf7-register-guest-customers/error.json"}
,
{"message":"Function register_widget_control is <strong>deprecated</strong> since version 2.8.0! Use wp_register_widget_control() instead. in /wordpress/wp-includes/functions.php on line 6121","level":"DEPRECATED","type":"PHP","test":"ast-sqlite-boot","plugin":"edd-cf7-register-guest-customers","details":"[14-May-2025 17:58:23 UTC] PHP Deprecated:  Function register_widget_control is <strong>deprecated</strong> since version 2.8.0! Use wp_register_widget_control() instead. in /wordpress/wp-includes/functions.php on line 6121","log":"/logs/plugins/e/edd-cf7-register-guest-customers/error.json"}
,
{"message":"Function register_sidebar_widget is <strong>deprecated</strong> since version 2.8.0! Use wp_register_sidebar_widget() instead. in /wordpress/wp-includes/functions.php on line 6121","level":"DEPRECATED","type":"PHP","test":"ast-sqlite-boot","plugin":"edd-cf7-register-guest-customers","details":"[14-May-2025 17:58:31 UTC] PHP Deprecated:  Function register_sidebar_widget is <strong>deprecated</strong> since version 2.8.0! Use wp_register_sidebar_widget() instead. in /wordpress/wp-includes/functions.php on line 6121","log":"/logs/plugins/e/edd-cf7-register-guest-customers/error.json"}
,
{"message":"Function register_widget_control is <strong>deprecated</strong> since version 2.8.0! Use wp_register_widget_control() instead. in /wordpress/wp-includes/functions.php on line 6121","level":"DEPRECATED","type":"PHP","test":"ast-sqlite-boot","plugin":"edd-cf7-register-guest-customers","details":"[14-May-2025 17:58:31 UTC] PHP Deprecated:  Function register_widget_control is <strong>deprecated</strong> since version 2.8.0! Use wp_register_widget_control() instead. in /wordpress/wp-includes/functions.php on line 6121\n\n    at Object.onBind (file:///home/runner/work/playground-tester/playground-tester/node_modules/@wp-playground/cli/index.js:237:15)\n    at process.processTicksAndRejections (node:internal/process/task_queues:105:5)\n    at async V (file:///home/runner/work/playground-tester/playground-tester/node_modules/@wp-playground/cli/index.js:64:10)\n    at async ja (file:///home/runner/work/playground-tester/playground-tester/node_modules/@wp-playground/cli/cli.js:8161:12) {\n  [cause]: Error: Error when executing the blueprint step #5 ({\"step\":\"installPlugin\",\"pluginData\":{\"resource\":\"wordpress.org/plugins\",\"slug\":\"edd-cf7-register-guest-customers\"},\"options\":{\"activate\":true}}) : Plugin /wordpress/wp-content/plugins/edd-cf7-register-guest-customers could not be activated  WordPress exited with no error. Sometimes, when $_SERVER or site options are not configured correctly, WordPress exits early with a 301 redirect. Inspect the \"debug\" logs in the console for more details.\n      at Object.run (file:///home/runner/work/playground-tester/playground-tester/node_modules/@wp-playground/blueprints/index.js:12449:19)\n      at process.processTicksAndRejections (node:internal/process/task_queues:105:5)\n      at async ms (file:///home/runner/work/playground-tester/playground-tester/node_modules/@wp-playground/blueprints/index.js:12552:3)\n      ... 2 lines matching cause stack trace ...\n      at async ja (file:///home/runner/work/playground-tester/playground-tester/node_modules/@wp-playground/cli/cli.js:8161:12) {\n    [cause]: Error: Plugin /wordpress/wp-content/plugins/edd-cf7-register-guest-customers could not be activated  WordPress exited with no error. Sometimes, when $_SERVER or site options are not configured correctly, WordPress exits early with a 301 redirect. Inspect the \"debug\" logs in the console for more details.\n        at wr (file:///home/runner/work/playground-tester/playground-tester/node_modules/@wp-playground/blueprints/index.js:119:51)\n        at process.processTicksAndRejections (node:internal/process/task_queues:105:5)\n        at async Object.gt [as installPlugin] (file:///home/runner/work/playground-tester/playground-tester/node_modules/@wp-playground/blueprints/index.js:974:42)\n        at async g (file:///home/runner/work/playground-tester/playground-tester/node_modules/@wp-playground/blueprints/index.js:12517:30)\n        at async Object.run (file:///home/runner/work/playground-tester/playground-tester/node_modules/@wp-playground/blueprints/index.js:12446:23)\n        at async ms (file:///home/runner/work/playground-tester/playground-tester/node_modules/@wp-playground/blueprints/index.js:12552:3)\n        at async Object.onBind (file:///home/runner/work/playground-tester/playground-tester/node_modules/@wp-playground/cli/index.js:227:48)\n        at async V (file:///home/runner/work/playground-tester/playground-tester/node_modules/@wp-playground/cli/index.js:64:10)\n        at async ja (file:///home/runner/work/playground-tester/playground-tester/node_modules/@wp-playground/cli/cli.js:8161:12)\n  }\n}\n\n","log":"/logs/plugins/e/edd-cf7-register-guest-customers/error.json"}
]
