[
{"message":"file:///home/runner/work/playground-tester/playground-tester/node_modules/@wp-playground/cli/index.js:237\n        throw new Error(y, { cause: u });\n              ^\n","level":"FATAL","type":"PLAYGROUND","test":"ast-sqlite-boot","plugin":"wg-twitter-widget","details":"file:///home/runner/work/playground-tester/playground-tester/node_modules/@wp-playground/cli/index.js:237\n        throw new Error(y, { cause: u });\n              ^\n","log":"/tmp/tmp.zMsjUY2Y37"}
,
{"message":"Uncaught PDOException: SQLSTATE[HY000] [2002] Address family not supported by protocol in /wordpress/wp-content/plugins/wp-xapi-lrs/include/WpUtil.php:43","level":"FATAL","type":"PHP","test":"ast-sqlite-boot","plugin":"wg-twitter-widget","details":"[06-May-2025 20:30:41 UTC] PHP Fatal error:  Uncaught PDOException: SQLSTATE[HY000] [2002] Address family not supported by protocol in /wordpress/wp-content/plugins/wp-xapi-lrs/include/WpUtil.php:43\nStack trace:\n#0 /wordpress/wp-content/plugins/wp-xapi-lrs/include/WpUtil.php(43): PDO->__construct('mysql:host=loca...', 'username_here', 'password_here')\n#1 /wordpress/wp-content/plugins/wp-xapi-lrs/wp-xapi-lrs.php(27): xapilrs\\WpUtil::getCompatiblePdo()\n#2 /wordpress/wp-includes/class-wp-hook.php(324): xapilrs_activate(false)\n#3 /wordpress/wp-includes/class-wp-hook.php(348): WP_Hook->apply_filters('', Array)\n#4 /wordpress/wp-includes/plugin.php(517): WP_Hook->do_action(Array)\n#5 /wordpress/wp-admin/includes/plugin.php(703): do_action('activate_wp-xap...', false)\n#6 /internal/eval.php(20): activate_plugin('wp-xapi-lrs/wp-...')\n#7 {main}\n  thrown in /wordpress/wp-content/plugins/wp-xapi-lrs/include/WpUtil.php on line 43","log":"/logs/plugins/w/wg-twitter-widget/error.json"}
,
{"message":"Uncaught PDOException: SQLSTATE[HY000] [2002] Address family not supported by protocol in /wordpress/wp-content/plugins/wp-xapi-lrs/include/WpUtil.php:43","level":"FATAL","type":"PHP","test":"ast-sqlite-boot","plugin":"wg-twitter-widget","details":"[06-May-2025 20:30:49 UTC] PHP Fatal error:  Uncaught PDOException: SQLSTATE[HY000] [2002] Address family not supported by protocol in /wordpress/wp-content/plugins/wp-xapi-lrs/include/WpUtil.php:43\nStack trace:\n#0 /wordpress/wp-content/plugins/wp-xapi-lrs/include/WpUtil.php(43): PDO->__construct('mysql:host=loca...', 'username_here', 'password_here')\n#1 /wordpress/wp-content/plugins/wp-xapi-lrs/wp-xapi-lrs.php(27): xapilrs\\WpUtil::getCompatiblePdo()\n#2 /wordpress/wp-includes/class-wp-hook.php(324): xapilrs_activate(false)\n#3 /wordpress/wp-includes/class-wp-hook.php(348): WP_Hook->apply_filters('', Array)\n#4 /wordpress/wp-includes/plugin.php(517): WP_Hook->do_action(Array)\n#5 /wordpress/wp-admin/includes/plugin.php(703): do_action('activate_wp-xap...', false)\n#6 /internal/eval.php(20): activate_plugin('wp-xapi-lrs/wp-...')\n#7 {main}\n  thrown in /wordpress/wp-content/plugins/wp-xapi-lrs/include/WpUtil.php on line 43","log":"/logs/plugins/w/wg-twitter-widget/error.json"}
,
{"message":"Uncaught PDOException: SQLSTATE[HY000] [2002] Address family not supported by protocol in /wordpress/wp-content/plugins/wp-xapi-lrs/include/WpUtil.php:43","level":"FATAL","type":"PHP","test":"ast-sqlite-boot","plugin":"wg-twitter-widget","details":"[06-May-2025 20:30:57 UTC] PHP Fatal error:  Uncaught PDOException: SQLSTATE[HY000] [2002] Address family not supported by protocol in /wordpress/wp-content/plugins/wp-xapi-lrs/include/WpUtil.php:43\nStack trace:\n#0 /wordpress/wp-content/plugins/wp-xapi-lrs/include/WpUtil.php(43): PDO->__construct('mysql:host=loca...', 'username_here', 'password_here')\n#1 /wordpress/wp-content/plugins/wp-xapi-lrs/wp-xapi-lrs.php(27): xapilrs\\WpUtil::getCompatiblePdo()\n#2 /wordpress/wp-includes/class-wp-hook.php(324): xapilrs_activate(false)\n#3 /wordpress/wp-includes/class-wp-hook.php(348): WP_Hook->apply_filters('', Array)\n#4 /wordpress/wp-includes/plugin.php(517): WP_Hook->do_action(Array)\n#5 /wordpress/wp-admin/includes/plugin.php(703): do_action('activate_wp-xap...', false)\n#6 /internal/eval.php(20): activate_plugin('wp-xapi-lrs/wp-...')\n#7 {main}\n  thrown in /wordpress/wp-content/plugins/wp-xapi-lrs/include/WpUtil.php on line 43","log":"/logs/plugins/w/wg-twitter-widget/error.json"}
,
{"message":"syntax error, unexpected token \"new\" in /wordpress/wp-content/plugins/wp-delete-tags-tagassassin/wp-delete-tags-tagassassin.php on line 269","level":"PARSE","type":"PHP","test":"ast-sqlite-boot","plugin":"wg-twitter-widget","details":"[06-May-2025 20:32:32 UTC] PHP Parse error:  syntax error, unexpected token \"new\" in /wordpress/wp-content/plugins/wp-delete-tags-tagassassin/wp-delete-tags-tagassassin.php on line 269","log":"/logs/plugins/w/wg-twitter-widget/error.json"}
,
{"message":"syntax error, unexpected token \"new\" in /wordpress/wp-content/plugins/wp-delete-tags-tagassassin/wp-delete-tags-tagassassin.php on line 269","level":"PARSE","type":"PHP","test":"ast-sqlite-boot","plugin":"wg-twitter-widget","details":"[06-May-2025 20:32:40 UTC] PHP Parse error:  syntax error, unexpected token \"new\" in /wordpress/wp-content/plugins/wp-delete-tags-tagassassin/wp-delete-tags-tagassassin.php on line 269","log":"/logs/plugins/w/wg-twitter-widget/error.json"}
,
{"message":"syntax error, unexpected token \"new\" in /wordpress/wp-content/plugins/wp-delete-tags-tagassassin/wp-delete-tags-tagassassin.php on line 269","level":"PARSE","type":"PHP","test":"ast-sqlite-boot","plugin":"wg-twitter-widget","details":"[06-May-2025 20:32:48 UTC] PHP Parse error:  syntax error, unexpected token \"new\" in /wordpress/wp-content/plugins/wp-delete-tags-tagassassin/wp-delete-tags-tagassassin.php on line 269","log":"/logs/plugins/w/wg-twitter-widget/error.json"}
,
{"message":"Function _load_textdomain_just_in_time was called <strong>incorrectly</strong>. Translation loading for the <code>eventin</code> domain was triggered too early. This is usually an indicator for some code in the plugin or theme running too early. Translations should be loaded at the <code>init</code> action or later. Please see <a href=\"https://developer.wordpress.org/advanced-administration/debug/debug-wordpress/\">Debugging in WordPress</a> for more information. (This message was added in version 6.7.0.) in /wordpress/wp-includes/functions.php on line 6121","level":"NOTICE","type":"PHP","test":"ast-sqlite-boot","plugin":"wg-twitter-widget","details":"[06-May-2025 20:33:01 UTC] PHP Notice:  Function _load_textdomain_just_in_time was called <strong>incorrectly</strong>. Translation loading for the <code>eventin</code> domain was triggered too early. This is usually an indicator for some code in the plugin or theme running too early. Translations should be loaded at the <code>init</code> action or later. Please see <a href=\"https://developer.wordpress.org/advanced-administration/debug/debug-wordpress/\">Debugging in WordPress</a> for more information. (This message was added in version 6.7.0.) in /wordpress/wp-includes/functions.php on line 6121","log":"/logs/plugins/w/wg-twitter-widget/error.json"}
,
{"message":"Function _load_textdomain_just_in_time was called <strong>incorrectly</strong>. Translation loading for the <code>eventin</code> domain was triggered too early. This is usually an indicator for some code in the plugin or theme running too early. Translations should be loaded at the <code>init</code> action or later. Please see <a href=\"https://developer.wordpress.org/advanced-administration/debug/debug-wordpress/\">Debugging in WordPress</a> for more information. (This message was added in version 6.7.0.) in /wordpress/wp-includes/functions.php on line 6121","level":"NOTICE","type":"PHP","test":"ast-sqlite-boot","plugin":"wg-twitter-widget","details":"[06-May-2025 20:33:12 UTC] PHP Notice:  Function _load_textdomain_just_in_time was called <strong>incorrectly</strong>. Translation loading for the <code>eventin</code> domain was triggered too early. This is usually an indicator for some code in the plugin or theme running too early. Translations should be loaded at the <code>init</code> action or later. Please see <a href=\"https://developer.wordpress.org/advanced-administration/debug/debug-wordpress/\">Debugging in WordPress</a> for more information. (This message was added in version 6.7.0.) in /wordpress/wp-includes/functions.php on line 6121","log":"/logs/plugins/w/wg-twitter-widget/error.json"}
,
{"message":"Function _load_textdomain_just_in_time was called <strong>incorrectly</strong>. Translation loading for the <code>eventin</code> domain was triggered too early. This is usually an indicator for some code in the plugin or theme running too early. Translations should be loaded at the <code>init</code> action or later. Please see <a href=\"https://developer.wordpress.org/advanced-administration/debug/debug-wordpress/\">Debugging in WordPress</a> for more information. (This message was added in version 6.7.0.) in /wordpress/wp-includes/functions.php on line 6121","level":"NOTICE","type":"PHP","test":"ast-sqlite-boot","plugin":"wg-twitter-widget","details":"[06-May-2025 20:33:23 UTC] PHP Notice:  Function _load_textdomain_just_in_time was called <strong>incorrectly</strong>. Translation loading for the <code>eventin</code> domain was triggered too early. This is usually an indicator for some code in the plugin or theme running too early. Translations should be loaded at the <code>init</code> action or later. Please see <a href=\"https://developer.wordpress.org/advanced-administration/debug/debug-wordpress/\">Debugging in WordPress</a> for more information. (This message was added in version 6.7.0.) in /wordpress/wp-includes/functions.php on line 6121","log":"/logs/plugins/w/wg-twitter-widget/error.json"}
,
{"message":"Uncaught Error: Call to undefined function EburyLabs\\wp_get_sites() in /wordpress/wp-content/plugins/wp-hreflang/lib/EburyLabs/Hreflang.class.php:56","level":"FATAL","type":"PHP","test":"ast-sqlite-boot","plugin":"wg-twitter-widget","details":"[06-May-2025 20:34:31 UTC] PHP Fatal error:  Uncaught Error: Call to undefined function EburyLabs\\wp_get_sites() in /wordpress/wp-content/plugins/wp-hreflang/lib/EburyLabs/Hreflang.class.php:56\nStack trace:\n#0 /wordpress/wp-content/plugins/wp-hreflang/wp-hreflang.php(27): EburyLabs\\Hreflang->__construct()\n#1 /wordpress/wp-admin/includes/plugin.php(2387): include_once('/wordpress/wp-c...')\n#2 /wordpress/wp-admin/includes/plugin.php(673): plugin_sandbox_scrape('wp-hreflang/wp-...')\n#3 /internal/eval.php(20): activate_plugin('wp-hreflang/wp-...')\n#4 {main}\n  thrown in /wordpress/wp-content/plugins/wp-hreflang/lib/EburyLabs/Hreflang.class.php on line 56","log":"/logs/plugins/w/wg-twitter-widget/error.json"}
,
{"message":"Uncaught Error: Call to undefined function EburyLabs\\wp_get_sites() in /wordpress/wp-content/plugins/wp-hreflang/lib/EburyLabs/Hreflang.class.php:56","level":"FATAL","type":"PHP","test":"ast-sqlite-boot","plugin":"wg-twitter-widget","details":"[06-May-2025 20:34:38 UTC] PHP Fatal error:  Uncaught Error: Call to undefined function EburyLabs\\wp_get_sites() in /wordpress/wp-content/plugins/wp-hreflang/lib/EburyLabs/Hreflang.class.php:56\nStack trace:\n#0 /wordpress/wp-content/plugins/wp-hreflang/wp-hreflang.php(27): EburyLabs\\Hreflang->__construct()\n#1 /wordpress/wp-admin/includes/plugin.php(2387): include_once('/wordpress/wp-c...')\n#2 /wordpress/wp-admin/includes/plugin.php(673): plugin_sandbox_scrape('wp-hreflang/wp-...')\n#3 /internal/eval.php(20): activate_plugin('wp-hreflang/wp-...')\n#4 {main}\n  thrown in /wordpress/wp-content/plugins/wp-hreflang/lib/EburyLabs/Hreflang.class.php on line 56","log":"/logs/plugins/w/wg-twitter-widget/error.json"}
,
{"message":"Uncaught Error: Call to undefined function EburyLabs\\wp_get_sites() in /wordpress/wp-content/plugins/wp-hreflang/lib/EburyLabs/Hreflang.class.php:56","level":"FATAL","type":"PHP","test":"ast-sqlite-boot","plugin":"wg-twitter-widget","details":"[06-May-2025 20:34:46 UTC] PHP Fatal error:  Uncaught Error: Call to undefined function EburyLabs\\wp_get_sites() in /wordpress/wp-content/plugins/wp-hreflang/lib/EburyLabs/Hreflang.class.php:56\nStack trace:\n#0 /wordpress/wp-content/plugins/wp-hreflang/wp-hreflang.php(27): EburyLabs\\Hreflang->__construct()\n#1 /wordpress/wp-admin/includes/plugin.php(2387): include_once('/wordpress/wp-c...')\n#2 /wordpress/wp-admin/includes/plugin.php(673): plugin_sandbox_scrape('wp-hreflang/wp-...')\n#3 /internal/eval.php(20): activate_plugin('wp-hreflang/wp-...')\n#4 {main}\n  thrown in /wordpress/wp-content/plugins/wp-hreflang/lib/EburyLabs/Hreflang.class.php on line 56","log":"/logs/plugins/w/wg-twitter-widget/error.json"}
,
{"message":"Trying to access array offset on value of type bool in /wordpress/wp-content/plugins/wp-image-carousel/plugin.php on line 57","level":"WARNING","type":"PHP","test":"ast-sqlite-boot","plugin":"wg-twitter-widget","details":"[06-May-2025 20:34:55 UTC] PHP Warning:  Trying to access array offset on value of type bool in /wordpress/wp-content/plugins/wp-image-carousel/plugin.php on line 57","log":"/logs/plugins/w/wg-twitter-widget/error.json"}
,
{"message":"Trying to access array offset on value of type bool in /wordpress/wp-content/plugins/wp-image-carousel/plugin.php on line 57","level":"WARNING","type":"PHP","test":"ast-sqlite-boot","plugin":"wg-twitter-widget","details":"[06-May-2025 20:34:56 UTC] PHP Warning:  Trying to access array offset on value of type bool in /wordpress/wp-content/plugins/wp-image-carousel/plugin.php on line 57","log":"/logs/plugins/w/wg-twitter-widget/error.json"}
,
{"message":"Trying to access array offset on value of type bool in /wordpress/wp-content/plugins/wp-image-carousel/plugin.php on line 57","level":"WARNING","type":"PHP","test":"ast-sqlite-boot","plugin":"wg-twitter-widget","details":"[06-May-2025 20:35:04 UTC] PHP Warning:  Trying to access array offset on value of type bool in /wordpress/wp-content/plugins/wp-image-carousel/plugin.php on line 57","log":"/logs/plugins/w/wg-twitter-widget/error.json"}
,
{"message":"Trying to access array offset on value of type bool in /wordpress/wp-content/plugins/wp-image-carousel/plugin.php on line 57","level":"WARNING","type":"PHP","test":"ast-sqlite-boot","plugin":"wg-twitter-widget","details":"[06-May-2025 20:35:04 UTC] PHP Warning:  Trying to access array offset on value of type bool in /wordpress/wp-content/plugins/wp-image-carousel/plugin.php on line 57","log":"/logs/plugins/w/wg-twitter-widget/error.json"}
,
{"message":"Trying to access array offset on value of type bool in /wordpress/wp-content/plugins/wp-image-carousel/plugin.php on line 57","level":"WARNING","type":"PHP","test":"ast-sqlite-boot","plugin":"wg-twitter-widget","details":"[06-May-2025 20:35:13 UTC] PHP Warning:  Trying to access array offset on value of type bool in /wordpress/wp-content/plugins/wp-image-carousel/plugin.php on line 57","log":"/logs/plugins/w/wg-twitter-widget/error.json"}
,
{"message":"Trying to access array offset on value of type bool in /wordpress/wp-content/plugins/wp-image-carousel/plugin.php on line 57","level":"WARNING","type":"PHP","test":"ast-sqlite-boot","plugin":"wg-twitter-widget","details":"[06-May-2025 20:35:14 UTC] PHP Warning:  Trying to access array offset on value of type bool in /wordpress/wp-content/plugins/wp-image-carousel/plugin.php on line 57","log":"/logs/plugins/w/wg-twitter-widget/error.json"}
,
{"message":"Uncaught ArgumentCountError: Too few arguments to function WP_Widget::__construct(), 0 passed in /wordpress/wp-includes/class-wp-widget-factory.php on line 62 and at least 2 expected in /wordpress/wp-includes/class-wp-widget.php:163","level":"FATAL","type":"PHP","test":"ast-sqlite-boot","plugin":"wg-twitter-widget","details":"[06-May-2025 20:37:42 UTC] PHP Fatal error:  Uncaught ArgumentCountError: Too few arguments to function WP_Widget::__construct(), 0 passed in /wordpress/wp-includes/class-wp-widget-factory.php on line 62 and at least 2 expected in /wordpress/wp-includes/class-wp-widget.php:163\nStack trace:\n#0 /wordpress/wp-includes/class-wp-widget-factory.php(62): WP_Widget->__construct()\n#1 /wordpress/wp-includes/widgets.php(123): WP_Widget_Factory->register('Twitter_wg_Widg...')\n#2 /wordpress/wp-content/plugins/wg-twitter-widget/wg-twitter.php(25): register_widget('Twitter_wg_Widg...')\n#3 /wordpress/wp-includes/class-wp-hook.php(324): twitter_wg_load_widgets('')\n#4 /wordpress/wp-includes/class-wp-hook.php(348): WP_Hook->apply_filters(NULL, Array)\n#5 /wordpress/wp-includes/plugin.php(517): WP_Hook->do_action(Array)\n#6 /wordpress/wp-includes/widgets.php(1870): do_action('widgets_init')\n#7 /wordpress/wp-includes/class-wp-hook.php(324): wp_widgets_init('')\n#8 /wordpress/wp-includes/class-wp-hook.php(348): WP_Hook->apply_filters(NULL, Array)\n#9 /wordpress/wp-includes/plugin.php(517): WP_Hook->do_action(Array)\n#10 /wordpress/wp-settings.php(727): do_action('init')\n#11 /wordpress/wp-config.php(102): require_once('/wordpress/wp-s...')\n#12 /wordpress/wp-load.php(50): require_once('/wordpress/wp-c...')\n#13 /internal/eval.php(3): require_once('/wordpress/wp-l...')\n#14 {main}\n  thrown in /wordpress/wp-includes/class-wp-widget.php on line 163\n\n    at Object.onBind (file:///home/runner/work/playground-tester/playground-tester/node_modules/@wp-playground/cli/index.js:237:15)\n    at process.processTicksAndRejections (node:internal/process/task_queues:105:5)\n    at async V (file:///home/runner/work/playground-tester/playground-tester/node_modules/@wp-playground/cli/index.js:64:10)\n    at async ja (file:///home/runner/work/playground-tester/playground-tester/node_modules/@wp-playground/cli/cli.js:8161:12) {\n  [cause]: Error: Error when executing the blueprint step #5 ({\"step\":\"installPlugin\",\"pluginData\":{\"resource\":\"wordpress.org/plugins\",\"slug\":\"wg-twitter-widget\"},\"options\":{\"activate\":true}}) : PHP.run() failed with exit code 255 and the following output: \n      at Object.run (file:///home/runner/work/playground-tester/playground-tester/node_modules/@wp-playground/blueprints/index.js:12449:19)\n      at process.processTicksAndRejections (node:internal/process/task_queues:105:5)\n      at async ms (file:///home/runner/work/playground-tester/playground-tester/node_modules/@wp-playground/blueprints/index.js:12552:3)\n      ... 2 lines matching cause stack trace ...\n      at async ja (file:///home/runner/work/playground-tester/playground-tester/node_modules/@wp-playground/cli/cli.js:8161:12) {\n    [cause]: PHPExecutionFailureError: PHP.run() failed with exit code 255 and the following output: \n        at PHP.run (file:///home/runner/work/playground-tester/playground-tester/node_modules/@php-wasm/universal/index.js:987:19)\n        at process.processTicksAndRejections (node:internal/process/task_queues:105:5)\n        at async wr (file:///home/runner/work/playground-tester/playground-tester/node_modules/@wp-playground/blueprints/index.js:73:13)\n        at async Object.gt [as installPlugin] (file:///home/runner/work/playground-tester/playground-tester/node_modules/@wp-playground/blueprints/index.js:974:42)\n        at async g (file:///home/runner/work/playground-tester/playground-tester/node_modules/@wp-playground/blueprints/index.js:12517:30)\n        at async Object.run (file:///home/runner/work/playground-tester/playground-tester/node_modules/@wp-playground/blueprints/index.js:12446:23)\n        at async ms (file:///home/runner/work/playground-tester/playground-tester/node_modules/@wp-playground/blueprints/index.js:12552:3)\n        at async Object.onBind (file:///home/runner/work/playground-tester/playground-tester/node_modules/@wp-playground/cli/index.js:227:48)\n        at async V (file:///home/runner/work/playground-tester/playground-tester/node_modules/@wp-playground/cli/index.js:64:10)\n        at async ja (file:///home/runner/work/playground-tester/playground-tester/node_modules/@wp-playground/cli/cli.js:8161:12) {\n      response: PHPResponse {\n        httpStatusCode: 500,\n        headers: {\n          'x-powered-by': [ 'PHP/8.0.30-dev' ],\n          'content-type': [ 'text/html; charset=UTF-8' ],\n          expires: [ 'Wed, 11 Jan 1984 05:00:00 GMT' ],\n          'cache-control': [ 'no-cache, must-revalidate, max-age=0, no-store, private' ]\n        },\n        bytes: Uint8Array(2653) [\n           60,  33,  68,  79,  67,  84,  89,  80,  69,  32, 104, 116,\n          109, 108,  62,  10,  60, 104, 116, 109, 108,  32, 108,  97,\n          110, 103,  61,  34, 101, 110,  45,  85,  83,  34,  62,  10,\n           60, 104, 101,  97, 100,  62,  10,   9,  60, 109, 101, 116,\n           97,  32, 104, 116, 116, 112,  45, 101, 113, 117, 105, 118,\n           61,  34,  67, 111, 110, 116, 101, 110, 116,  45,  84, 121,\n          112, 101,  34,  32,  99, 111, 110, 116, 101, 110, 116,  61,\n           34, 116, 101, 120, 116,  47, 104, 116, 109, 108,  59,  32,\n           99, 104,  97, 114,\n          ... 2553 more items\n        ],\n        exitCode: 255,\n        errors: ''\n      },\n      source: 'request'\n    }\n  }\n}\n\n","log":"/logs/plugins/w/wg-twitter-widget/error.json"}
]
