file:///home/runner/work/playground-tester/playground-tester/node_modules/@wp-playground/cli/index.js:237
        throw new Error(y, { cause: u });
              ^

Error: [17-May-2025 08:51:52 UTC] PHP Notice:  Function _load_textdomain_just_in_time was called <strong>incorrectly</strong>. Translation loading for the <code>pushlabs-callbutton</code> domain was triggered too early. This is usually an indicator for some code in the plugin or theme running too early. Translations should be loaded at the <code>init</code> action or later. Please see <a href="https://developer.wordpress.org/advanced-administration/debug/debug-wordpress/">Debugging in WordPress</a> for more information. (This message was added in version 6.7.0.) in /wordpress/wp-includes/functions.php on line 6121
[17-May-2025 08:52:02 UTC] PHP Notice:  Function _load_textdomain_just_in_time was called <strong>incorrectly</strong>. Translation loading for the <code>pushlabs-callbutton</code> domain was triggered too early. This is usually an indicator for some code in the plugin or theme running too early. Translations should be loaded at the <code>init</code> action or later. Please see <a href="https://developer.wordpress.org/advanced-administration/debug/debug-wordpress/">Debugging in WordPress</a> for more information. (This message was added in version 6.7.0.) in /wordpress/wp-includes/functions.php on line 6121
[17-May-2025 08:52:11 UTC] PHP Notice:  Function _load_textdomain_just_in_time was called <strong>incorrectly</strong>. Translation loading for the <code>pushlabs-callbutton</code> domain was triggered too early. This is usually an indicator for some code in the plugin or theme running too early. Translations should be loaded at the <code>init</code> action or later. Please see <a href="https://developer.wordpress.org/advanced-administration/debug/debug-wordpress/">Debugging in WordPress</a> for more information. (This message was added in version 6.7.0.) in /wordpress/wp-includes/functions.php on line 6121
[17-May-2025 08:55:10 UTC] PHP Warning:  Undefined array key "DOCUMENT_ROOT" in /wordpress/wp-content/plugins/child-public-post/childpublicpost.php on line 54
[17-May-2025 08:55:10 UTC] PHP Warning:  fopen(/wp-content/plugins/childpublicpost/soapresponse/server.wsdl): Failed to open stream: No such file or directory in /wordpress/wp-content/plugins/child-public-post/childpublicpost.php on line 58
[17-May-2025 08:55:10 UTC] PHP Fatal error:  Uncaught TypeError: fwrite(): Argument #1 ($stream) must be of type resource, bool given in /wordpress/wp-content/plugins/child-public-post/childpublicpost.php:59
Stack trace:
#0 /wordpress/wp-content/plugins/child-public-post/childpublicpost.php(59): fwrite(false, '<?xml version='...')
#1 /wordpress/wp-includes/class-wp-hook.php(324): addChildPublicPost(false)
#2 /wordpress/wp-includes/class-wp-hook.php(348): WP_Hook->apply_filters('', Array)
#3 /wordpress/wp-includes/plugin.php(517): WP_Hook->do_action(Array)
#4 /wordpress/wp-admin/includes/plugin.php(703): do_action('activate_child-...', false)
#5 /internal/eval.php(20): activate_plugin('child-public-po...')
#6 {main}
  thrown in /wordpress/wp-content/plugins/child-public-post/childpublicpost.php on line 59
[17-May-2025 08:55:18 UTC] PHP Warning:  Undefined array key "DOCUMENT_ROOT" in /wordpress/wp-content/plugins/child-public-post/childpublicpost.php on line 54
[17-May-2025 08:55:18 UTC] PHP Warning:  fopen(/wp-content/plugins/childpublicpost/soapresponse/server.wsdl): Failed to open stream: No such file or directory in /wordpress/wp-content/plugins/child-public-post/childpublicpost.php on line 58
[17-May-2025 08:55:18 UTC] PHP Fatal error:  Uncaught TypeError: fwrite(): Argument #1 ($stream) must be of type resource, bool given in /wordpress/wp-content/plugins/child-public-post/childpublicpost.php:59
Stack trace:
#0 /wordpress/wp-content/plugins/child-public-post/childpublicpost.php(59): fwrite(false, '<?xml version='...')
#1 /wordpress/wp-includes/class-wp-hook.php(324): addChildPublicPost(false)
#2 /wordpress/wp-includes/class-wp-hook.php(348): WP_Hook->apply_filters('', Array)
#3 /wordpress/wp-includes/plugin.php(517): WP_Hook->do_action(Array)
#4 /wordpress/wp-admin/includes/plugin.php(703): do_action('activate_child-...', false)
#5 /internal/eval.php(20): activate_plugin('child-public-po...')
#6 {main}
  thrown in /wordpress/wp-content/plugins/child-public-post/childpublicpost.php on line 59
[17-May-2025 08:55:25 UTC] PHP Warning:  Undefined array key "DOCUMENT_ROOT" in /wordpress/wp-content/plugins/child-public-post/childpublicpost.php on line 54
[17-May-2025 08:55:25 UTC] PHP Warning:  fopen(/wp-content/plugins/childpublicpost/soapresponse/server.wsdl): Failed to open stream: No such file or directory in /wordpress/wp-content/plugins/child-public-post/childpublicpost.php on line 58
[17-May-2025 08:55:25 UTC] PHP Fatal error:  Uncaught TypeError: fwrite(): Argument #1 ($stream) must be of type resource, bool given in /wordpress/wp-content/plugins/child-public-post/childpublicpost.php:59
Stack trace:
#0 /wordpress/wp-content/plugins/child-public-post/childpublicpost.php(59): fwrite(false, '<?xml version='...')
#1 /wordpress/wp-includes/class-wp-hook.php(324): addChildPublicPost(false)
#2 /wordpress/wp-includes/class-wp-hook.php(348): WP_Hook->apply_filters('', Array)
#3 /wordpress/wp-includes/plugin.php(517): WP_Hook->do_action(Array)
#4 /wordpress/wp-admin/includes/plugin.php(703): do_action('activate_child-...', false)
#5 /internal/eval.php(20): activate_plugin('child-public-po...')
#6 {main}
  thrown in /wordpress/wp-content/plugins/child-public-post/childpublicpost.php on line 59
[17-May-2025 08:56:20 UTC] PHP Notice:  Only variables should be passed by reference in /wordpress/wp-content/plugins/cleeng/cleengWP.php on line 29
[17-May-2025 08:56:20 UTC] PHP Notice:  curl_setopt(): CURLOPT_SSL_VERIFYHOST no longer accepts the value 1, value 2 will be used instead in /wordpress/wp-content/plugins/cleeng/php/classes/Client.php on line 541
[17-May-2025 08:56:20 UTC] PHP Fatal error:  Uncaught CleengClientException: Authorization error (404). in /wordpress/wp-content/plugins/cleeng/php/classes/Client.php:557
Stack trace:
#0 /wordpress/wp-content/plugins/cleeng/php/classes/Client.php(891): Cleeng_Client->callApi('registerClientA...', Array)
#1 /wordpress/wp-content/plugins/cleeng/php/classes/Installer.php(115): Cleeng_Client->registerClientApp('My WordPress We...', 'Automatically c...', 'http://127.0.0....')
#2 /wordpress/wp-content/plugins/cleeng/php/classes/Core.php(132): Cleeng_Installer->register_client_app()
#3 /wordpress/wp-content/plugins/cleeng/cleengWP.php(34): Cleeng_Core->setup()
#4 /wordpress/wp-admin/includes/plugin.php(2387): include_once('/wordpress/wp-c...')
#5 /wordpress/wp-admin/includes/plugin.php(673): plugin_sandbox_scrape('cleeng/cleengWP...')
#6 /internal/eval.php(20): activate_plugin('cleeng/cleengWP...')
#7 {main}
  thrown in /wordpress/wp-content/plugins/cleeng/php/classes/Client.php on line 557
[17-May-2025 08:56:28 UTC] PHP Notice:  Only variables should be passed by reference in /wordpress/wp-content/plugins/cleeng/cleengWP.php on line 29
[17-May-2025 08:56:29 UTC] PHP Notice:  curl_setopt(): CURLOPT_SSL_VERIFYHOST no longer accepts the value 1, value 2 will be used instead in /wordpress/wp-content/plugins/cleeng/php/classes/Client.php on line 541
[17-May-2025 08:56:29 UTC] PHP Fatal error:  Uncaught CleengClientException: Authorization error (404). in /wordpress/wp-content/plugins/cleeng/php/classes/Client.php:557
Stack trace:
#0 /wordpress/wp-content/plugins/cleeng/php/classes/Client.php(891): Cleeng_Client->callApi('registerClientA...', Array)
#1 /wordpress/wp-content/plugins/cleeng/php/classes/Installer.php(115): Cleeng_Client->registerClientApp('My WordPress We...', 'Automatically c...', 'http://127.0.0....')
#2 /wordpress/wp-content/plugins/cleeng/php/classes/Core.php(132): Cleeng_Installer->register_client_app()
#3 /wordpress/wp-content/plugins/cleeng/cleengWP.php(34): Cleeng_Core->setup()
#4 /wordpress/wp-admin/includes/plugin.php(2387): include_once('/wordpress/wp-c...')
#5 /wordpress/wp-admin/includes/plugin.php(673): plugin_sandbox_scrape('cleeng/cleengWP...')
#6 /internal/eval.php(20): activate_plugin('cleeng/cleengWP...')
#7 {main}
  thrown in /wordpress/wp-content/plugins/cleeng/php/classes/Client.php on line 557
[17-May-2025 08:56:37 UTC] PHP Notice:  Only variables should be passed by reference in /wordpress/wp-content/plugins/cleeng/cleengWP.php on line 29
[17-May-2025 08:56:37 UTC] PHP Notice:  curl_setopt(): CURLOPT_SSL_VERIFYHOST no longer accepts the value 1, value 2 will be used instead in /wordpress/wp-content/plugins/cleeng/php/classes/Client.php on line 541
[17-May-2025 08:56:38 UTC] PHP Fatal error:  Uncaught CleengClientException: Authorization error (404). in /wordpress/wp-content/plugins/cleeng/php/classes/Client.php:557
Stack trace:
#0 /wordpress/wp-content/plugins/cleeng/php/classes/Client.php(891): Cleeng_Client->callApi('registerClientA...', Array)
#1 /wordpress/wp-content/plugins/cleeng/php/classes/Installer.php(115): Cleeng_Client->registerClientApp('My WordPress We...', 'Automatically c...', 'http://127.0.0....')
#2 /wordpress/wp-content/plugins/cleeng/php/classes/Core.php(132): Cleeng_Installer->register_client_app()
#3 /wordpress/wp-content/plugins/cleeng/cleengWP.php(34): Cleeng_Core->setup()
#4 /wordpress/wp-admin/includes/plugin.php(2387): include_once('/wordpress/wp-c...')
#5 /wordpress/wp-admin/includes/plugin.php(673): plugin_sandbox_scrape('cleeng/cleengWP...')
#6 /internal/eval.php(20): activate_plugin('cleeng/cleengWP...')
#7 {main}
  thrown in /wordpress/wp-content/plugins/cleeng/php/classes/Client.php on line 557
[17-May-2025 08:56:46 UTC] PHP Fatal error:  Uncaught TypeError: call_user_func_array(): Argument #1 ($callback) must be a valid callback, non-static method tm_clicktotweet::activation() cannot be called statically in /wordpress/wp-includes/class-wp-hook.php:324
Stack trace:
#0 /wordpress/wp-includes/class-wp-hook.php(348): WP_Hook->apply_filters('', Array)
#1 /wordpress/wp-includes/plugin.php(517): WP_Hook->do_action(Array)
#2 /wordpress/wp-admin/includes/plugin.php(703): do_action('activate_click-...', false)
#3 /internal/eval.php(20): activate_plugin('click-to-tweet-...')
#4 {main}
  thrown in /wordpress/wp-includes/class-wp-hook.php on line 324
[17-May-2025 08:56:53 UTC] PHP Fatal error:  Uncaught TypeError: call_user_func_array(): Argument #1 ($callback) must be a valid callback, non-static method tm_clicktotweet::activation() cannot be called statically in /wordpress/wp-includes/class-wp-hook.php:324
Stack trace:
#0 /wordpress/wp-includes/class-wp-hook.php(348): WP_Hook->apply_filters('', Array)
#1 /wordpress/wp-includes/plugin.php(517): WP_Hook->do_action(Array)
#2 /wordpress/wp-admin/includes/plugin.php(703): do_action('activate_click-...', false)
#3 /internal/eval.php(20): activate_plugin('click-to-tweet-...')
#4 {main}
  thrown in /wordpress/wp-includes/class-wp-hook.php on line 324
[17-May-2025 08:57:01 UTC] PHP Fatal error:  Uncaught TypeError: call_user_func_array(): Argument #1 ($callback) must be a valid callback, non-static method tm_clicktotweet::activation() cannot be called statically in /wordpress/wp-includes/class-wp-hook.php:324
Stack trace:
#0 /wordpress/wp-includes/class-wp-hook.php(348): WP_Hook->apply_filters('', Array)
#1 /wordpress/wp-includes/plugin.php(517): WP_Hook->do_action(Array)
#2 /wordpress/wp-admin/includes/plugin.php(703): do_action('activate_click-...', false)
#3 /internal/eval.php(20): activate_plugin('click-to-tweet-...')
#4 {main}
  thrown in /wordpress/wp-includes/class-wp-hook.php on line 324

    at Object.onBind (file:///home/runner/work/playground-tester/playground-tester/node_modules/@wp-playground/cli/index.js:237:15)
    at process.processTicksAndRejections (node:internal/process/task_queues:105:5)
    at async V (file:///home/runner/work/playground-tester/playground-tester/node_modules/@wp-playground/cli/index.js:64:10)
    at async ja (file:///home/runner/work/playground-tester/playground-tester/node_modules/@wp-playground/cli/cli.js:8161:12) {
  [cause]: Error: Error when executing the blueprint step #5 ({"step":"installPlugin","pluginData":{"resource":"wordpress.org/plugins","slug":"comment-aggregator"},"options":{"activate":true}}) : Could not download "https://downloads.wordpress.org/plugin/comment-aggregator.latest-stable.zip".
  				Check if the URL is correct and the server is reachable.
  				If it is reachable, the server might be blocking the request.
  				Check the browser console and network tabs for more information.
  
  				## Does the console show the error "No 'Access-Control-Allow-Origin' header"?
  
  				This means the server that hosts your file does not allow requests from other sites
  				(cross-origin requests, or CORS).	You need to move the asset to a server that allows
  				cross-origin file downloads. Learn more about CORS at
  				https://developer.mozilla.org/en-US/docs/Web/HTTP/CORS.
  
  				If your file is on GitHub, load it from "raw.githubusercontent.com".
  				Here's how to do that:
  
  				1. Start with the original GitHub URL of the file. For example:
  				https://github.com/username/repository/blob/branch/filename.
  				2. Replace "github.com" with "raw.githubusercontent.com".
  				3. Remove the "/blob/" part of the URL.
  
  				The resulting URL should look like this:
  				https://raw.githubusercontent.com/username/repository/branch/filename
  
  				Error:
  				Error: Could not download "https://downloads.wordpress.org/plugin/comment-aggregator.latest-stable.zip"
      at Object.run (file:///home/runner/work/playground-tester/playground-tester/node_modules/@wp-playground/blueprints/index.js:12449:19)
      at process.processTicksAndRejections (node:internal/process/task_queues:105:5)
      at async ms (file:///home/runner/work/playground-tester/playground-tester/node_modules/@wp-playground/blueprints/index.js:12552:3)
      at async Object.onBind (file:///home/runner/work/playground-tester/playground-tester/node_modules/@wp-playground/cli/index.js:227:48)
      at async V (file:///home/runner/work/playground-tester/playground-tester/node_modules/@wp-playground/cli/index.js:64:10)
      at async ja (file:///home/runner/work/playground-tester/playground-tester/node_modules/@wp-playground/cli/cli.js:8161:12) {
    [cause]: Error: Could not download "https://downloads.wordpress.org/plugin/comment-aggregator.latest-stable.zip".
    				Check if the URL is correct and the server is reachable.
    				If it is reachable, the server might be blocking the request.
    				Check the browser console and network tabs for more information.
    
    				## Does the console show the error "No 'Access-Control-Allow-Origin' header"?
    
    				This means the server that hosts your file does not allow requests from other sites
    				(cross-origin requests, or CORS).	You need to move the asset to a server that allows
    				cross-origin file downloads. Learn more about CORS at
    				https://developer.mozilla.org/en-US/docs/Web/HTTP/CORS.
    
    				If your file is on GitHub, load it from "raw.githubusercontent.com".
    				Here's how to do that:
    
    				1. Start with the original GitHub URL of the file. For example:
    				https://github.com/username/repository/blob/branch/filename.
    				2. Replace "github.com" with "raw.githubusercontent.com".
    				3. Remove the "/blob/" part of the URL.
    
    				The resulting URL should look like this:
    				https://raw.githubusercontent.com/username/repository/branch/filename
    
    				Error:
    				Error: Could not download "https://downloads.wordpress.org/plugin/comment-aggregator.latest-stable.zip"
        at Ct.resolve (file:///home/runner/work/playground-tester/playground-tester/node_modules/@wp-playground/blueprints/index.js:1472:13)
        at process.processTicksAndRejections (node:internal/process/task_queues:105:5)
        at async _.run (file:///home/runner/work/playground-tester/playground-tester/node_modules/@php-wasm/util/index.js:45:14)
  }
}

Node.js v23.11.0
