file:///home/runner/work/playground-tester/playground-tester/node_modules/@wp-playground/cli/index.js:237
        throw new Error(y, { cause: u });
              ^

Error: [19-Apr-2025 11:25:11 UTC] PHP Deprecated:  Function register_sidebar_widget is <strong>deprecated</strong> since version 2.8.0! Use wp_register_sidebar_widget() instead. in /wordpress/wp-includes/functions.php on line 6121
[19-Apr-2025 11:25:11 UTC] PHP Deprecated:  Function register_widget_control is <strong>deprecated</strong> since version 2.8.0! Use wp_register_widget_control() instead. in /wordpress/wp-includes/functions.php on line 6121
[19-Apr-2025 11:25:19 UTC] PHP Deprecated:  Function register_sidebar_widget is <strong>deprecated</strong> since version 2.8.0! Use wp_register_sidebar_widget() instead. in /wordpress/wp-includes/functions.php on line 6121
[19-Apr-2025 11:25:19 UTC] PHP Deprecated:  Function register_widget_control is <strong>deprecated</strong> since version 2.8.0! Use wp_register_widget_control() instead. in /wordpress/wp-includes/functions.php on line 6121
[19-Apr-2025 11:25:27 UTC] PHP Deprecated:  Function register_sidebar_widget is <strong>deprecated</strong> since version 2.8.0! Use wp_register_sidebar_widget() instead. in /wordpress/wp-includes/functions.php on line 6121
[19-Apr-2025 11:25:27 UTC] PHP Deprecated:  Function register_widget_control is <strong>deprecated</strong> since version 2.8.0! Use wp_register_widget_control() instead. in /wordpress/wp-includes/functions.php on line 6121
[19-Apr-2025 11:28:37 UTC] PHP Fatal error:  Uncaught RuntimeException: <div style="clear:both">&nbsp;</div>
<div class="queries" style="clear:both;margin-bottom:2px;border:red dotted thin;">
<p>MySQL query:</p>
<p>CREATE TABLE IF NOT EXISTS wp_bit_social_accounts (
             id BIGINT  UNSIGNED NOT NULL AUTO_INCREMENT
, custom_app_id BIGINT(20) UNSIGNED NULL
, profile_id VARCHAR(255) NOT NULL
, account_id VARCHAR(255) NOT NULL
, account_name VARCHAR(255) NOT NULL
, details LONGTEXT  NOT NULL
, platform VARCHAR(255) NOT NULL
, account_type INTEGER  NOT NULL
, status BOOLEAN  NOT NULL DEFAULT 1
, created_at timestamp  NULL DEFAULT NULL
, updated_at timestamp  NULL DEFAULT NULL,
PRIMARY KEY (
id
), FOREIGN KEY (custom_app_id) REFERENCES wp_bit_social_custom_apps (id) ON DELETE CASCADE
             ) </p>
<p>Queries made or created this session were:</p>
<ol>
<li>Executing: BEGIN | (no parameters)</li>
<li>Executing: SELECT 1 FROM _wp_sqlite_mysql_information_schema_tables WHERE table_schema = ? AND table_name = ? | parameters: database_name_here, wp_bi in /wordpress/wp-content/plugins/bit-social/vendor/bitapps/wp-database/src/Blueprint.php on line 176
[19-Apr-2025 11:28:49 UTC] PHP Fatal error:  Uncaught RuntimeException: <div style="clear:both">&nbsp;</div>
<div class="queries" style="clear:both;margin-bottom:2px;border:red dotted thin;">
<p>MySQL query:</p>
<p>CREATE TABLE IF NOT EXISTS wp_bit_social_accounts (
             id BIGINT  UNSIGNED NOT NULL AUTO_INCREMENT
, custom_app_id BIGINT(20) UNSIGNED NULL
, profile_id VARCHAR(255) NOT NULL
, account_id VARCHAR(255) NOT NULL
, account_name VARCHAR(255) NOT NULL
, details LONGTEXT  NOT NULL
, platform VARCHAR(255) NOT NULL
, account_type INTEGER  NOT NULL
, status BOOLEAN  NOT NULL DEFAULT 1
, created_at timestamp  NULL DEFAULT NULL
, updated_at timestamp  NULL DEFAULT NULL,
PRIMARY KEY (
id
), FOREIGN KEY (custom_app_id) REFERENCES wp_bit_social_custom_apps (id) ON DELETE CASCADE
             ) </p>
<p>Queries made or created this session were:</p>
<ol>
<li>Executing: BEGIN | (no parameters)</li>
<li>Executing: INSERT INTO _mysql_data_types_cache (`table`, `column_or_index`, `mysql_type`)
				VALUES (:table, :column, :datatype)
				ON CONFLICT(`ta in /wordpress/wp-content/plugins/bit-social/vendor/bitapps/wp-database/src/Blueprint.php on line 176
[19-Apr-2025 11:29:00 UTC] PHP Fatal error:  Uncaught RuntimeException: <div style="clear:both">&nbsp;</div>
<div class="queries" style="clear:both;margin-bottom:2px;border:red dotted thin;">
<p>MySQL query:</p>
<p>CREATE TABLE IF NOT EXISTS wp_bit_social_accounts (
             id BIGINT  UNSIGNED NOT NULL AUTO_INCREMENT
, custom_app_id BIGINT(20) UNSIGNED NULL
, profile_id VARCHAR(255) NOT NULL
, account_id VARCHAR(255) NOT NULL
, account_name VARCHAR(255) NOT NULL
, details LONGTEXT  NOT NULL
, platform VARCHAR(255) NOT NULL
, account_type INTEGER  NOT NULL
, status BOOLEAN  NOT NULL DEFAULT 1
, created_at timestamp  NULL DEFAULT NULL
, updated_at timestamp  NULL DEFAULT NULL,
PRIMARY KEY (
id
), FOREIGN KEY (custom_app_id) REFERENCES wp_bit_social_custom_apps (id) ON DELETE CASCADE
             ) </p>
<p>Queries made or created this session were:</p>
<ol>
<li>Executing: BEGIN | (no parameters)</li>
<li>Executing: INSERT INTO _mysql_data_types_cache (`table`, `column_or_index`, `mysql_type`)
				VALUES (:table, :column, :datatype)
				ON CONFLICT(`ta in /wordpress/wp-content/plugins/bit-social/vendor/bitapps/wp-database/src/Blueprint.php on line 176
[19-Apr-2025 11:30:56 UTC] PHP Fatal error:  Uncaught Error: Attempt to modify property "introduce" on null in /wordpress/wp-content/plugins/buddypress-introduce/loader.php:27
Stack trace:
#0 /wordpress/wp-content/plugins/buddypress-introduce/loader.php(48): buddypress_introduce_setup_globals()
#1 /wordpress/wp-includes/class-wp-hook.php(324): buddypress_introduce_install(false)
#2 /wordpress/wp-includes/class-wp-hook.php(348): WP_Hook->apply_filters('', Array)
#3 /wordpress/wp-includes/plugin.php(517): WP_Hook->do_action(Array)
#4 /wordpress/wp-admin/includes/plugin.php(703): do_action('activate_buddyp...', false)
#5 /internal/eval.php(20): activate_plugin('buddypress-intr...')
#6 {main}
  thrown in /wordpress/wp-content/plugins/buddypress-introduce/loader.php on line 27
[19-Apr-2025 11:31:04 UTC] PHP Fatal error:  Uncaught Error: Attempt to modify property "introduce" on null in /wordpress/wp-content/plugins/buddypress-introduce/loader.php:27
Stack trace:
#0 /wordpress/wp-content/plugins/buddypress-introduce/loader.php(48): buddypress_introduce_setup_globals()
#1 /wordpress/wp-includes/class-wp-hook.php(324): buddypress_introduce_install(false)
#2 /wordpress/wp-includes/class-wp-hook.php(348): WP_Hook->apply_filters('', Array)
#3 /wordpress/wp-includes/plugin.php(517): WP_Hook->do_action(Array)
#4 /wordpress/wp-admin/includes/plugin.php(703): do_action('activate_buddyp...', false)
#5 /internal/eval.php(20): activate_plugin('buddypress-intr...')
#6 {main}
  thrown in /wordpress/wp-content/plugins/buddypress-introduce/loader.php on line 27
[19-Apr-2025 11:31:12 UTC] PHP Fatal error:  Uncaught Error: Attempt to modify property "introduce" on null in /wordpress/wp-content/plugins/buddypress-introduce/loader.php:27
Stack trace:
#0 /wordpress/wp-content/plugins/buddypress-introduce/loader.php(48): buddypress_introduce_setup_globals()
#1 /wordpress/wp-includes/class-wp-hook.php(324): buddypress_introduce_install(false)
#2 /wordpress/wp-includes/class-wp-hook.php(348): WP_Hook->apply_filters('', Array)
#3 /wordpress/wp-includes/plugin.php(517): WP_Hook->do_action(Array)
#4 /wordpress/wp-admin/includes/plugin.php(703): do_action('activate_buddyp...', false)
#5 /internal/eval.php(20): activate_plugin('buddypress-intr...')
#6 {main}
  thrown in /wordpress/wp-content/plugins/buddypress-introduce/loader.php on line 27
[19-Apr-2025 11:31:42 UTC] WordPress database error <div style="clear:both">&nbsp;</div>
<div class="queries" style="clear:both;margin-bottom:2px;border:red dotted thin;">
<p>MySQL query:</p>
<p>SELECT * FROM wp_bulkedittoolkit_plugin_bulk_edit_settings</p>
<p>Queries made or created this session were:</p>
<ol>
<li>Executing: BEGIN | (no parameters)</li>
<li>Executing: SELECT * FROM `wp_bulkedittoolkit_plugin_bulk_edit_settings` | (no parameters)</li>
<li>Executing: ROLLBACK | (no parameters)</li>
</ol>
</div>
<div style="clear:both;margin-bottom:2px;border:red dotted thin;" class="error_message" style="border-bottom:dotted blue thin;">
SQLSTATE[HY000]: General error: 1 no such table: wp_bulkedittoolkit_plugin_bulk_edit_settings
</div>
<p>Backtrace:</p>
<pre>#0 /internal/shared/sqlite-database-integration/wp-includes/sqlite-ast/class-wp-sqlite-driver.php(690): WP_SQLite_Driver->new_driver_exception('SQLSTATE[HY000]...', 0, Object(PDOException))
#1 /internal/shared/sqlite-database-integration/wp-includes/sqlite/class-wp-sqlite-db.php(472): WP_SQLite_Driver->query('SELECT * FROM w...')
#2 /internal/shared/sqlite-database-integration/wp-includes/sqlite/class-wp-sqlite-db.php(413): WP_SQLite_DB->_do_query('SELECT * FROM w...')
#3 /wordpress/wp-includes/class-wpdb.php(3146): WP_SQLite_DB->query('SELECT * FROM w...')
#4 /wordpress/wp-content/plugins/bulk-content-toolkit/includes/classes/BulkEditSettings.php(16): wpdb->get_results('SELECT * FROM w...', 'ARRAY_A')
#5 /wordpress/wp-content/plugins/bulk-content-toolkit/includes/classes/BulkEditSettings.php(8): bulkedittoolkit_BulkEditSettings->__construct()
#6 /wordpress/wp-content/plugins/bulk-content-toolkit/bulk-content-toolkit.php(20): bulkedittoolkit_BulkEditSettings::get_instance()
#7 /wordpress/wp-admin/includes/plugin.php(2387): include_once('/wordpress/wp-c...')
#8 /wordpress/wp-admin/includes/plugin.php(673): plugin_sandbox_scrape('bulk-content-to...')
#9 /internal/eval.php(20): activate_plugin('bulk-content-to...')
#10 {main}</pre>
 for query SELECT * FROM wp_bulkedittoolkit_plugin_bulk_edit_settings made by activate_plugin, plugin_sandbox_scrape, include_once('/plugins/bulk-content-toolkit/bulk-content-toolkit.php'), bulkedittoolkit_BulkEditSettings::get_instance, bulkedittoolkit_BulkEditSettings->__construct, WP_SQLite_DB->query, WP_SQLite_DB->print_error
[19-Apr-2025 11:31:51 UTC] WordPress database error <div style="clear:both">&nbsp;</div>
<div class="queries" style="clear:both;margin-bottom:2px;border:red dotted thin;">
<p>MySQL query:</p>
<p>SELECT * FROM wp_bulkedittoolkit_plugin_bulk_edit_settings</p>
<p>Queries made or created this session were:</p>
<ol>
<li>Executing: BEGIN | (no parameters)</li>
<li>Executing: SELECT * FROM wp_bulkedittoolkit_plugin_bulk_edit_settings | (no parameters)</li>
<li>Executing: ROLLBACK | (no parameters)</li>
</ol>
</div>
<div style="clear:both;margin-bottom:2px;border:red dotted thin;" class="error_message" style="border-bottom:dotted blue thin;">
Error occurred at line 4117 in Function <code>handle_error</code>. Error message was: SQLSTATE[HY000]: General error: 1 no such table: wp_bulkedittoolkit_plugin_bulk_edit_settings.
</div>
<p>Backtrace:</p>
<pre>#0 /internal/shared/sqlite-database-integration/wp-includes/sqlite/class-wp-sqlite-db.php(287): WP_SQLite_Translator->get_error_message()
#1 /wordpress/wp-includes/class-wpdb.php(3146): WP_SQLite_DB->query('SELECT * FROM w...')
#2 /wordpress/wp-content/plugins/bulk-content-toolkit/includes/classes/BulkEditSettings.php(16): wpdb->get_results('SELECT * FROM w...', 'ARRAY_A')
#3 /wordpress/wp-content/plugins/bulk-content-toolkit/includes/classes/BulkEditSettings.php(8): bulkedittoolkit_BulkEditSettings->__construct()
#4 /wordpress/wp-content/plugins/bulk-content-toolkit/bulk-content-toolkit.php(20): bulkedittoolkit_BulkEditSettings::get_instance()
#5 /wordpress/wp-admin/includes/plugin.php(2387): include_once('/wordpress/wp-c...')
#6 /wordpress/wp-admin/includes/plugin.php(673): plugin_sandbox_scrape('bulk-content-to...')
#7 /internal/eval.php(20): activate_plugin('bulk-content-to...')
#8 {main}</pre>
 for query SELECT * FROM wp_bulkedittoolkit_plugin_bulk_edit_settings made by activate_plugin, plugin_sandbox_scrape, include_once('/plugins/bulk-content-toolkit/bulk-content-toolkit.php'), bulkedittoolkit_BulkEditSettings::get_instance, bulkedittoolkit_BulkEditSettings->__construct, WP_SQLite_DB->query, WP_SQLite_DB->print_error
[19-Apr-2025 11:32:00 UTC] WordPress database error <div style="clear:both">&nbsp;</div>
<div class="queries" style="clear:both;margin-bottom:2px;border:red dotted thin;">
<p>MySQL query:</p>
<p>SELECT * FROM wp_bulkedittoolkit_plugin_bulk_edit_settings</p>
<p>Queries made or created this session were:</p>
<ol>
<li>Executing: BEGIN | (no parameters)</li>
<li>Executing: SELECT * FROM wp_bulkedittoolkit_plugin_bulk_edit_settings | (no parameters)</li>
<li>Executing: ROLLBACK | (no parameters)</li>
</ol>
</div>
<div style="clear:both;margin-bottom:2px;border:red dotted thin;" class="error_message" style="border-bottom:dotted blue thin;">
Error occurred at line 4117 in Function <code>handle_error</code>. Error message was: SQLSTATE[HY000]: General error: 1 no such table: wp_bulkedittoolkit_plugin_bulk_edit_settings.
</div>
<p>Backtrace:</p>
<pre>#0 /internal/shared/sqlite-database-integration/wp-includes/sqlite/class-wp-sqlite-db.php(287): WP_SQLite_Translator->get_error_message()
#1 /wordpress/wp-includes/class-wpdb.php(3146): WP_SQLite_DB->query('SELECT * FROM w...')
#2 /wordpress/wp-content/plugins/bulk-content-toolkit/includes/classes/BulkEditSettings.php(16): wpdb->get_results('SELECT * FROM w...', 'ARRAY_A')
#3 /wordpress/wp-content/plugins/bulk-content-toolkit/includes/classes/BulkEditSettings.php(8): bulkedittoolkit_BulkEditSettings->__construct()
#4 /wordpress/wp-content/plugins/bulk-content-toolkit/bulk-content-toolkit.php(20): bulkedittoolkit_BulkEditSettings::get_instance()
#5 /wordpress/wp-admin/includes/plugin.php(2387): include_once('/wordpress/wp-c...')
#6 /wordpress/wp-admin/includes/plugin.php(673): plugin_sandbox_scrape('bulk-content-to...')
#7 /internal/eval.php(20): activate_plugin('bulk-content-to...')
#8 {main}</pre>
 for query SELECT * FROM wp_bulkedittoolkit_plugin_bulk_edit_settings made by activate_plugin, plugin_sandbox_scrape, include_once('/plugins/bulk-content-toolkit/bulk-content-toolkit.php'), bulkedittoolkit_BulkEditSettings::get_instance, bulkedittoolkit_BulkEditSettings->__construct, WP_SQLite_DB->query, WP_SQLite_DB->print_error

    at Object.onBind (file:///home/runner/work/playground-tester/playground-tester/node_modules/@wp-playground/cli/index.js:237:15)
    at process.processTicksAndRejections (node:internal/process/task_queues:105:5)
    at async V (file:///home/runner/work/playground-tester/playground-tester/node_modules/@wp-playground/cli/index.js:64:10)
    at async ja (file:///home/runner/work/playground-tester/playground-tester/node_modules/@wp-playground/cli/cli.js:8161:12) {
  [cause]: Error: Error when executing the blueprint step #1 ({"step":"installPlugin","pluginData":{"resource":"wordpress.org/plugins","slug":"bp-polls"},"options":{"activate":true}}) : Could not download "https://downloads.wordpress.org/plugin/bp-polls.latest-stable.zip".
  				Check if the URL is correct and the server is reachable.
  				If it is reachable, the server might be blocking the request.
  				Check the browser console and network tabs for more information.
  
  				## Does the console show the error "No 'Access-Control-Allow-Origin' header"?
  
  				This means the server that hosts your file does not allow requests from other sites
  				(cross-origin requests, or CORS).	You need to move the asset to a server that allows
  				cross-origin file downloads. Learn more about CORS at
  				https://developer.mozilla.org/en-US/docs/Web/HTTP/CORS.
  
  				If your file is on GitHub, load it from "raw.githubusercontent.com".
  				Here's how to do that:
  
  				1. Start with the original GitHub URL of the file. For example:
  				https://github.com/username/repository/blob/branch/filename.
  				2. Replace "github.com" with "raw.githubusercontent.com".
  				3. Remove the "/blob/" part of the URL.
  
  				The resulting URL should look like this:
  				https://raw.githubusercontent.com/username/repository/branch/filename
  
  				Error:
  				Error: Could not download "https://downloads.wordpress.org/plugin/bp-polls.latest-stable.zip"
      at Object.run (file:///home/runner/work/playground-tester/playground-tester/node_modules/@wp-playground/blueprints/index.js:12449:19)
      at process.processTicksAndRejections (node:internal/process/task_queues:105:5)
      at async ms (file:///home/runner/work/playground-tester/playground-tester/node_modules/@wp-playground/blueprints/index.js:12552:3)
      at async Object.onBind (file:///home/runner/work/playground-tester/playground-tester/node_modules/@wp-playground/cli/index.js:227:48)
      at async V (file:///home/runner/work/playground-tester/playground-tester/node_modules/@wp-playground/cli/index.js:64:10)
      at async ja (file:///home/runner/work/playground-tester/playground-tester/node_modules/@wp-playground/cli/cli.js:8161:12) {
    [cause]: Error: Could not download "https://downloads.wordpress.org/plugin/bp-polls.latest-stable.zip".
    				Check if the URL is correct and the server is reachable.
    				If it is reachable, the server might be blocking the request.
    				Check the browser console and network tabs for more information.
    
    				## Does the console show the error "No 'Access-Control-Allow-Origin' header"?
    
    				This means the server that hosts your file does not allow requests from other sites
    				(cross-origin requests, or CORS).	You need to move the asset to a server that allows
    				cross-origin file downloads. Learn more about CORS at
    				https://developer.mozilla.org/en-US/docs/Web/HTTP/CORS.
    
    				If your file is on GitHub, load it from "raw.githubusercontent.com".
    				Here's how to do that:
    
    				1. Start with the original GitHub URL of the file. For example:
    				https://github.com/username/repository/blob/branch/filename.
    				2. Replace "github.com" with "raw.githubusercontent.com".
    				3. Remove the "/blob/" part of the URL.
    
    				The resulting URL should look like this:
    				https://raw.githubusercontent.com/username/repository/branch/filename
    
    				Error:
    				Error: Could not download "https://downloads.wordpress.org/plugin/bp-polls.latest-stable.zip"
        at Ct.resolve (file:///home/runner/work/playground-tester/playground-tester/node_modules/@wp-playground/blueprints/index.js:1472:13)
        at process.processTicksAndRejections (node:internal/process/task_queues:105:5)
        at async _.run (file:///home/runner/work/playground-tester/playground-tester/node_modules/@php-wasm/util/index.js:45:14)
  }
}

Node.js v23.11.0
