file:///home/runner/work/playground-tester/playground-tester/node_modules/@wp-playground/cli/run-cli-j-geJYS3.js:325
        throw new Error($, { cause: h });
              ^

Error: [08-Jun-2025 08:53:02 UTC] PHP Warning:  Undefined variable $plugin in /wordpress/wp-content/plugins/ranged-popular-posts/ranged-popular-posts.php on line 70
[08-Jun-2025 08:53:02 UTC] PHP Deprecated:  Function register_sidebar_widget is <strong>deprecated</strong> since version 2.8.0! Use wp_register_sidebar_widget() instead. in /wordpress/wp-includes/functions.php on line 6121
[08-Jun-2025 08:53:02 UTC] PHP Deprecated:  Function register_widget_control is <strong>deprecated</strong> since version 2.8.0! Use wp_register_widget_control() instead. in /wordpress/wp-includes/functions.php on line 6121
[08-Jun-2025 08:53:12 UTC] PHP Warning:  Undefined variable $plugin in /wordpress/wp-content/plugins/ranged-popular-posts/ranged-popular-posts.php on line 70
[08-Jun-2025 08:53:12 UTC] PHP Deprecated:  Function register_sidebar_widget is <strong>deprecated</strong> since version 2.8.0! Use wp_register_sidebar_widget() instead. in /wordpress/wp-includes/functions.php on line 6121
[08-Jun-2025 08:53:12 UTC] PHP Deprecated:  Function register_widget_control is <strong>deprecated</strong> since version 2.8.0! Use wp_register_widget_control() instead. in /wordpress/wp-includes/functions.php on line 6121
[08-Jun-2025 08:53:21 UTC] PHP Warning:  Undefined variable $plugin in /wordpress/wp-content/plugins/ranged-popular-posts/ranged-popular-posts.php on line 70
[08-Jun-2025 08:53:21 UTC] PHP Deprecated:  Function register_sidebar_widget is <strong>deprecated</strong> since version 2.8.0! Use wp_register_sidebar_widget() instead. in /wordpress/wp-includes/functions.php on line 6121
[08-Jun-2025 08:53:21 UTC] PHP Deprecated:  Function register_widget_control is <strong>deprecated</strong> since version 2.8.0! Use wp_register_widget_control() instead. in /wordpress/wp-includes/functions.php on line 6121
[08-Jun-2025 08:54:19 UTC] PHP Fatal error:  Uncaught Error: Call to undefined function create_function() in /wordpress/wp-content/plugins/report-an-error/report-an-error.php:18
Stack trace:
#0 /wordpress/wp-admin/includes/plugin.php(2387): include_once()
#1 /wordpress/wp-admin/includes/plugin.php(673): plugin_sandbox_scrape('report-an-error...')
#2 /internal/eval.php(20): activate_plugin('report-an-error...')
#3 {main}
  thrown in /wordpress/wp-content/plugins/report-an-error/report-an-error.php on line 18
[08-Jun-2025 08:54:27 UTC] PHP Fatal error:  Uncaught Error: Call to undefined function create_function() in /wordpress/wp-content/plugins/report-an-error/report-an-error.php:18
Stack trace:
#0 /wordpress/wp-admin/includes/plugin.php(2387): include_once()
#1 /wordpress/wp-admin/includes/plugin.php(673): plugin_sandbox_scrape('report-an-error...')
#2 /internal/eval.php(20): activate_plugin('report-an-error...')
#3 {main}
  thrown in /wordpress/wp-content/plugins/report-an-error/report-an-error.php on line 18
[08-Jun-2025 08:54:35 UTC] PHP Fatal error:  Uncaught Error: Call to undefined function create_function() in /wordpress/wp-content/plugins/report-an-error/report-an-error.php:18
Stack trace:
#0 /wordpress/wp-admin/includes/plugin.php(2387): include_once()
#1 /wordpress/wp-admin/includes/plugin.php(673): plugin_sandbox_scrape('report-an-error...')
#2 /internal/eval.php(20): activate_plugin('report-an-error...')
#3 {main}
  thrown in /wordpress/wp-content/plugins/report-an-error/report-an-error.php on line 18
[08-Jun-2025 08:54:46 UTC] WordPress database error <div style="clear:both">&nbsp;</div>
<div class="queries" style="clear:both;margin-bottom:2px;border:red dotted thin;">
<p>MySQL query:</p>
<p>(SELECT ID, post_date
            FROM wp_posts
            WHERE post_type = 'post'
                  AND post_status = 'publish'
                  AND post_date < '2025-06-08 08:54:46' - INTERVAL 2880 HOUR 
                  )ORDER BY post_date ASC 
            LIMIT 1 </p>
<p>Queries made or created this session were:</p>
<ol>
<li>Executing: BEGIN IMMEDIATE | (no parameters)</li>
<li>Executing: ( SELECT `ID` , `post_date` FROM `wp_posts` WHERE `post_type` = 'post' AND `post_status` = 'publish' AND `post_date` &lt; '2025-06-08 08:54:46' - INTERVAL 2880 HOUR ) ORDER BY `post_date` ASC LIMIT 1 | (no parameters)</li>
<li>Executing: ROLLBACK | (no parameters)</li>
</ol>
</div>
<div style="clear:both;margin-bottom:2px;border:red dotted thin;" class="error_message" style="border-bottom:dotted blue thin;">
SQLSTATE[HY000]: General error: 1 near "(": syntax error
</div>
<p>Backtrace:</p>
<pre>#0 /internal/shared/sqlite-database-integration/wp-includes/sqlite-ast/class-wp-sqlite-driver.php(683): WP_SQLite_Driver->new_driver_exception('SQLSTATE[HY000]...', 'HY000', Object(PDOException))
#1 /internal/shared/sqlite-database-integration/wp-includes/sqlite/class-wp-sqlite-db.php(491): WP_SQLite_Driver->query('(SELECT ID, pos...')
#2 /internal/shared/sqlite-database-integration/wp-includes/sqlite/class-wp-sqlite-db.php(432): WP_SQLite_DB->_do_query('(SELECT ID, pos...')
#3 /wordpress/wp-includes/class-wpdb.php(3031): WP_SQLite_DB->query('(SELECT ID, pos...')
#4 /wordpress/wp-content/plugins/republish-old-posts/republish-old-posts.php(119): wpdb->get_var('(SELECT ID, pos...', 0, 0)
#5 /wordpress/wp-content/plugins/republish-old-posts/republish-old-posts.php(83): rop_republish_old_post()
#6 /wordpress/wp-includes/class-wp-hook.php(324): rop('')
#7 /wordpress/wp-includes/class-wp-hook.php(348): WP_Hook->apply_filters(NULL, Array)
#8 /wordpress/wp-includes/plugin.php(517): WP_Hook->do_action(Array)
#9 /wordpress/wp-settings.php(727): do_action('init')
#10 /wordpress/wp-config.php(102): require_once('/wordpress/wp-s...')
#11 /wordpress/wp-load.php(50): require_once('/wordpress/wp-c...')
#12 /internal/eval.php(3): require_once('/wordpress/wp-l...')
#13 {main}</pre>
 for query (SELECT ID, post_date
            FROM wp_posts
            WHERE post_type = 'post'
                  AND post_status = 'publish'
                  AND post_date < '2025-06-08 08:54:46' - INTERVAL 2880 HOUR 
                  )ORDER BY post_date ASC 
            LIMIT 1  made by require_once('wp-load.php'), require_once('wp-config.php'), require_once('wp-settings.php'), do_action('init'), WP_Hook->do_action, WP_Hook->apply_filters, rop, rop_republish_old_post, WP_SQLite_DB->query, WP_SQLite_DB->print_error
[08-Jun-2025 08:54:55 UTC] WordPress database error <div style="clear:both">&nbsp;</div>
<div class="queries" style="clear:both;margin-bottom:2px;border:red dotted thin;">
<p>MySQL query:</p>
<p>(SELECT ID, post_date
            FROM wp_posts
            WHERE post_type = 'post'
                  AND post_status = 'publish'
                  AND post_date < '2025-06-08 08:54:55' - INTERVAL 2880 HOUR 
                  )ORDER BY post_date ASC 
            LIMIT 1 </p>
<p>Queries made or created this session were:</p>
<ol>
<li>Executing: BEGIN IMMEDIATE | (no parameters)</li>
<li>Executing: ( SELECT `ID` , `post_date` FROM `wp_posts` WHERE `post_type` = 'post' AND `post_status` = 'publish' AND `post_date` &lt; '2025-06-08 08:54:55' - INTERVAL 2880 HOUR ) ORDER BY `post_date` ASC LIMIT 1 | (no parameters)</li>
<li>Executing: ROLLBACK | (no parameters)</li>
</ol>
</div>
<div style="clear:both;margin-bottom:2px;border:red dotted thin;" class="error_message" style="border-bottom:dotted blue thin;">
SQLSTATE[HY000]: General error: 1 near "(": syntax error
</div>
<p>Backtrace:</p>
<pre>#0 /internal/shared/sqlite-database-integration/wp-includes/sqlite-ast/class-wp-sqlite-driver.php(683): WP_SQLite_Driver->new_driver_exception('SQLSTATE[HY000]...', 'HY000', Object(PDOException))
#1 /internal/shared/sqlite-database-integration/wp-includes/sqlite/class-wp-sqlite-db.php(491): WP_SQLite_Driver->query('(SELECT ID, pos...')
#2 /internal/shared/sqlite-database-integration/wp-includes/sqlite/class-wp-sqlite-db.php(432): WP_SQLite_DB->_do_query('(SELECT ID, pos...')
#3 /wordpress/wp-includes/class-wpdb.php(3031): WP_SQLite_DB->query('(SELECT ID, pos...')
#4 /wordpress/wp-content/plugins/republish-old-posts/republish-old-posts.php(119): wpdb->get_var('(SELECT ID, pos...', 0, 0)
#5 /wordpress/wp-content/plugins/republish-old-posts/republish-old-posts.php(83): rop_republish_old_post()
#6 /wordpress/wp-includes/class-wp-hook.php(324): rop('')
#7 /wordpress/wp-includes/class-wp-hook.php(348): WP_Hook->apply_filters(NULL, Array)
#8 /wordpress/wp-includes/plugin.php(517): WP_Hook->do_action(Array)
#9 /wordpress/wp-settings.php(727): do_action('init')
#10 /wordpress/wp-config.php(102): require_once('/wordpress/wp-s...')
#11 /wordpress/wp-load.php(50): require_once('/wordpress/wp-c...')
#12 /internal/eval.php(3): require_once('/wordpress/wp-l...')
#13 {main}</pre>
 for query (SELECT ID, post_date
            FROM wp_posts
            WHERE post_type = 'post'
                  AND post_status = 'publish'
                  AND post_date < '2025-06-08 08:54:55' - INTERVAL 2880 HOUR 
                  )ORDER BY post_date ASC 
            LIMIT 1  made by require_once('wp-load.php'), require_once('wp-config.php'), require_once('wp-settings.php'), do_action('init'), WP_Hook->do_action, WP_Hook->apply_filters, rop, rop_republish_old_post, WP_SQLite_DB->query, WP_SQLite_DB->print_error
[08-Jun-2025 08:55:04 UTC] WordPress database error <div style="clear:both">&nbsp;</div>
<div class="queries" style="clear:both;margin-bottom:2px;border:red dotted thin;">
<p>MySQL query:</p>
<p>(SELECT ID, post_date
            FROM wp_posts
            WHERE post_type = 'post'
                  AND post_status = 'publish'
                  AND post_date < '2025-06-08 08:55:04' - INTERVAL 2880 HOUR 
                  )ORDER BY post_date ASC 
            LIMIT 1 </p>
<p>Queries made or created this session were:</p>
<ol>
<li>Executing: BEGIN IMMEDIATE | (no parameters)</li>
<li>Executing: ( SELECT `ID` , `post_date` FROM `wp_posts` WHERE `post_type` = 'post' AND `post_status` = 'publish' AND `post_date` &lt; '2025-06-08 08:55:04' - INTERVAL 2880 HOUR ) ORDER BY `post_date` ASC LIMIT 1 | (no parameters)</li>
<li>Executing: ROLLBACK | (no parameters)</li>
</ol>
</div>
<div style="clear:both;margin-bottom:2px;border:red dotted thin;" class="error_message" style="border-bottom:dotted blue thin;">
SQLSTATE[HY000]: General error: 1 near "(": syntax error
</div>
<p>Backtrace:</p>
<pre>#0 /internal/shared/sqlite-database-integration/wp-includes/sqlite-ast/class-wp-sqlite-driver.php(683): WP_SQLite_Driver->new_driver_exception('SQLSTATE[HY000]...', 'HY000', Object(PDOException))
#1 /internal/shared/sqlite-database-integration/wp-includes/sqlite/class-wp-sqlite-db.php(491): WP_SQLite_Driver->query('(SELECT ID, pos...')
#2 /internal/shared/sqlite-database-integration/wp-includes/sqlite/class-wp-sqlite-db.php(432): WP_SQLite_DB->_do_query('(SELECT ID, pos...')
#3 /wordpress/wp-includes/class-wpdb.php(3031): WP_SQLite_DB->query('(SELECT ID, pos...')
#4 /wordpress/wp-content/plugins/republish-old-posts/republish-old-posts.php(119): wpdb->get_var('(SELECT ID, pos...', 0, 0)
#5 /wordpress/wp-content/plugins/republish-old-posts/republish-old-posts.php(83): rop_republish_old_post()
#6 /wordpress/wp-includes/class-wp-hook.php(324): rop('')
#7 /wordpress/wp-includes/class-wp-hook.php(348): WP_Hook->apply_filters(NULL, Array)
#8 /wordpress/wp-includes/plugin.php(517): WP_Hook->do_action(Array)
#9 /wordpress/wp-settings.php(727): do_action('init')
#10 /wordpress/wp-config.php(102): require_once('/wordpress/wp-s...')
#11 /wordpress/wp-load.php(50): require_once('/wordpress/wp-c...')
#12 /internal/eval.php(3): require_once('/wordpress/wp-l...')
#13 {main}</pre>
 for query (SELECT ID, post_date
            FROM wp_posts
            WHERE post_type = 'post'
                  AND post_status = 'publish'
                  AND post_date < '2025-06-08 08:55:04' - INTERVAL 2880 HOUR 
                  )ORDER BY post_date ASC 
            LIMIT 1  made by require_once('wp-load.php'), require_once('wp-config.php'), require_once('wp-settings.php'), do_action('init'), WP_Hook->do_action, WP_Hook->apply_filters, rop, rop_republish_old_post, WP_SQLite_DB->query, WP_SQLite_DB->print_error
[08-Jun-2025 08:55:42 UTC] PHP Deprecated:  Required parameter $photo_id follows optional parameter $blog_id in /wordpress/wp-content/plugins/responsive-flickr-gallery/afgFlickr/afgFlickr.php on line 692
[08-Jun-2025 08:55:42 UTC] PHP Deprecated:  Required parameter $title follows optional parameter $blog_id in /wordpress/wp-content/plugins/responsive-flickr-gallery/afgFlickr/afgFlickr.php on line 692
[08-Jun-2025 08:55:42 UTC] PHP Deprecated:  Required parameter $description follows optional parameter $blog_id in /wordpress/wp-content/plugins/responsive-flickr-gallery/afgFlickr/afgFlickr.php on line 692
[08-Jun-2025 08:55:42 UTC] PHP Warning:  foreach() argument must be of type array|object, bool given in /wordpress/wp-content/plugins/responsive-flickr-gallery/index.php on line 61
[08-Jun-2025 08:55:43 UTC] PHP Deprecated:  Required parameter $photo_id follows optional parameter $blog_id in /wordpress/wp-content/plugins/responsive-flickr-gallery/afgFlickr/afgFlickr.php on line 692
[08-Jun-2025 08:55:43 UTC] PHP Deprecated:  Required parameter $title follows optional parameter $blog_id in /wordpress/wp-content/plugins/responsive-flickr-gallery/afgFlickr/afgFlickr.php on line 692
[08-Jun-2025 08:55:43 UTC] PHP Deprecated:  Required parameter $description follows optional parameter $blog_id in /wordpress/wp-content/plugins/responsive-flickr-gallery/afgFlickr/afgFlickr.php on line 692
[08-Jun-2025 08:55:43 UTC] PHP Warning:  foreach() argument must be of type array|object, bool given in /wordpress/wp-content/plugins/responsive-flickr-gallery/index.php on line 61
[08-Jun-2025 08:55:52 UTC] PHP Deprecated:  Required parameter $photo_id follows optional parameter $blog_id in /wordpress/wp-content/plugins/responsive-flickr-gallery/afgFlickr/afgFlickr.php on line 692
[08-Jun-2025 08:55:52 UTC] PHP Deprecated:  Required parameter $title follows optional parameter $blog_id in /wordpress/wp-content/plugins/responsive-flickr-gallery/afgFlickr/afgFlickr.php on line 692
[08-Jun-2025 08:55:52 UTC] PHP Deprecated:  Required parameter $description follows optional parameter $blog_id in /wordpress/wp-content/plugins/responsive-flickr-gallery/afgFlickr/afgFlickr.php on line 692
[08-Jun-2025 08:55:52 UTC] PHP Warning:  foreach() argument must be of type array|object, bool given in /wordpress/wp-content/plugins/responsive-flickr-gallery/index.php on line 61
[08-Jun-2025 08:55:52 UTC] PHP Deprecated:  Required parameter $photo_id follows optional parameter $blog_id in /wordpress/wp-content/plugins/responsive-flickr-gallery/afgFlickr/afgFlickr.php on line 692
[08-Jun-2025 08:55:52 UTC] PHP Deprecated:  Required parameter $title follows optional parameter $blog_id in /wordpress/wp-content/plugins/responsive-flickr-gallery/afgFlickr/afgFlickr.php on line 692
[08-Jun-2025 08:55:52 UTC] PHP Deprecated:  Required parameter $description follows optional parameter $blog_id in /wordpress/wp-content/plugins/responsive-flickr-gallery/afgFlickr/afgFlickr.php on line 692
[08-Jun-2025 08:55:53 UTC] PHP Warning:  foreach() argument must be of type array|object, bool given in /wordpress/wp-content/plugins/responsive-flickr-gallery/index.php on line 61
[08-Jun-2025 08:56:01 UTC] PHP Deprecated:  Required parameter $photo_id follows optional parameter $blog_id in /wordpress/wp-content/plugins/responsive-flickr-gallery/afgFlickr/afgFlickr.php on line 692
[08-Jun-2025 08:56:01 UTC] PHP Deprecated:  Required parameter $title follows optional parameter $blog_id in /wordpress/wp-content/plugins/responsive-flickr-gallery/afgFlickr/afgFlickr.php on line 692
[08-Jun-2025 08:56:01 UTC] PHP Deprecated:  Required parameter $description follows optional parameter $blog_id in /wordpress/wp-content/plugins/responsive-flickr-gallery/afgFlickr/afgFlickr.php on line 692
[08-Jun-2025 08:56:01 UTC] PHP Warning:  foreach() argument must be of type array|object, bool given in /wordpress/wp-content/plugins/responsive-flickr-gallery/index.php on line 61
[08-Jun-2025 08:56:02 UTC] PHP Deprecated:  Required parameter $photo_id follows optional parameter $blog_id in /wordpress/wp-content/plugins/responsive-flickr-gallery/afgFlickr/afgFlickr.php on line 692
[08-Jun-2025 08:56:02 UTC] PHP Deprecated:  Required parameter $title follows optional parameter $blog_id in /wordpress/wp-content/plugins/responsive-flickr-gallery/afgFlickr/afgFlickr.php on line 692
[08-Jun-2025 08:56:02 UTC] PHP Deprecated:  Required parameter $description follows optional parameter $blog_id in /wordpress/wp-content/plugins/responsive-flickr-gallery/afgFlickr/afgFlickr.php on line 692
[08-Jun-2025 08:56:02 UTC] PHP Warning:  foreach() argument must be of type array|object, bool given in /wordpress/wp-content/plugins/responsive-flickr-gallery/index.php on line 61
[08-Jun-2025 08:56:23 UTC] PHP Warning:  file_get_contents(/wordpress/.htaccess): Failed to open stream: No such file or directory in /wordpress/wp-content/plugins/rest-cache/includes/class.rewrite-rule.php on line 22
[08-Jun-2025 08:56:23 UTC] PHP Warning:  Undefined array key "DOCUMENT_ROOT" in /wordpress/wp-content/plugins/rest-cache/includes/class.rewrite-rule.php on line 44
[08-Jun-2025 08:56:23 UTC] PHP Warning:  file_get_contents(/wordpress/.htaccess): Failed to open stream: No such file or directory in /wordpress/wp-content/plugins/rest-cache/includes/class.rewrite-rule.php on line 61
[08-Jun-2025 08:56:26 UTC] PHP Fatal error:  Uncaught GuzzleHttp\Exception\ClientException: Client error: `GET http://127.0.0.1:9404/wp-content/plugins/rest-cache/service/public/api/install` resulted in a `404 Not Found` response:
<!DOCTYPE html>
<html lang="en-US">
<head>
	<meta charset="UTF-8" />
	<meta name="viewport" content="width=device-width, (truncated...)
 in /wordpress/wp-content/plugins/rest-cache/vendor/guzzlehttp/guzzle/src/Exception/RequestException.php:111
Stack trace:
#0 /wordpress/wp-content/plugins/rest-cache/vendor/guzzlehttp/guzzle/src/Middleware.php(66): GuzzleHttp\Exception\RequestException::create(Object(GuzzleHttp\Psr7\Request), Object(GuzzleHttp\Psr7\Response))
#1 /wordpress/wp-content/plugins/rest-cache/vendor/guzzlehttp/promises/src/Promise.php(203): GuzzleHttp\Middleware::GuzzleHttp\{closure}(Object(GuzzleHttp\Psr7\Response))
#2 /wordpress/wp-content/plugins/rest-cache/vendor/guzzlehttp/promises/src/Promise.php(156): GuzzleHttp\Promise\Promise::callHandler(1, Object(GuzzleHttp\Psr7\Response), Array)
#3 /wordpress/wp-content/plugins/rest-cache/vendor/guzzlehttp/promises/src/TaskQueue.php(47): GuzzleHttp\Promise\Promise::GuzzleHttp\Promise\{closure}()
#4 /wordpress/wp-content/plugins/rest-cache/vendor/guzzlehttp/promises/src/Promise.php(246): GuzzleHttp\Promise\TaskQueue->run(true)
#5 /wordpress/wp-content/plugins/rest-cache/vendor/guzzlehttp/promises/src/Promise.php(223): GuzzleHttp\Promise\Promise->invokeWaitFn()
#6 /wordpress/wp-content/plugins/rest-cache/vendor/guzzlehttp/promises/src/Promise.php(267): GuzzleHttp\Promise\Promise->waitIfPending()
#7 /wordpress/wp-content/plugins/rest-cache/vendor/guzzlehttp/promises/src/Promise.php(225): GuzzleHttp\Promise\Promise->invokeWaitList()
#8 /wordpress/wp-content/plugins/rest-cache/vendor/guzzlehttp/promises/src/Promise.php(62): GuzzleHttp\Promise\Promise->waitIfPending()
#9 /wordpress/wp-content/plugins/rest-cache/vendor/guzzlehttp/guzzle/src/Client.php(181): GuzzleHttp\Promise\Promise->wait()
#10 /wordpress/wp-content/plugins/rest-cache/includes/class.plugin.php(94): GuzzleHttp\Client->request('GET', 'http://127.0.0....', Array)
#11 /wordpress/wp-includes/class-wp-hook.php(324): PerryRylance\WordPress\RESTCache\Plugin->onActivate(false)
#12 /wordpress/wp-includes/class-wp-hook.php(348): WP_Hook->apply_filters('', Array)
#13 /wordpress/wp-includes/plugin.php(517): WP_Hook->do_action(Array)
#14 /wordpress/wp-admin/includes/plugin.php(703): do_action('activate_rest-c...', false)
#15 /internal/eval.php(20): activate_plugin('rest-cache/rest...')
#16 {main}
  thrown in /wordpress/wp-content/plugins/rest-cache/vendor/guzzlehttp/guzzle/src/Exception/RequestException.php on line 111
[08-Jun-2025 08:56:52 UTC] PHP Fatal error:  Uncaught GuzzleHttp\Exception\ClientException: Client error: `GET http://127.0.0.1:9404/wp-content/plugins/rest-cache/service/public/api/install` resulted in a `404 Not Found` response:
<!DOCTYPE html>
<html lang="en-US">
<head>
	<meta charset="UTF-8" />
	<meta name="viewport" content="width=device-width, (truncated...)
 in /wordpress/wp-content/plugins/rest-cache/vendor/guzzlehttp/guzzle/src/Exception/RequestException.php:111
Stack trace:
#0 /wordpress/wp-content/plugins/rest-cache/vendor/guzzlehttp/guzzle/src/Middleware.php(66): GuzzleHttp\Exception\RequestException::create(Object(GuzzleHttp\Psr7\Request), Object(GuzzleHttp\Psr7\Response))
#1 /wordpress/wp-content/plugins/rest-cache/vendor/guzzlehttp/promises/src/Promise.php(203): GuzzleHttp\Middleware::GuzzleHttp\{closure}(Object(GuzzleHttp\Psr7\Response))
#2 /wordpress/wp-content/plugins/rest-cache/vendor/guzzlehttp/promises/src/Promise.php(156): GuzzleHttp\Promise\Promise::callHandler(1, Object(GuzzleHttp\Psr7\Response), Array)
#3 /wordpress/wp-content/plugins/rest-cache/vendor/guzzlehttp/promises/src/TaskQueue.php(47): GuzzleHttp\Promise\Promise::GuzzleHttp\Promise\{closure}()
#4 /wordpress/wp-content/plugins/rest-cache/vendor/guzzlehttp/promises/src/Promise.php(246): GuzzleHttp\Promise\TaskQueue->run(true)
#5 /wordpress/wp-content/plugins/rest-cache/vendor/guzzlehttp/promises/src/Promise.php(223): GuzzleHttp\Promise\Promise->invokeWaitFn()
#6 /wordpress/wp-content/plugins/rest-cache/vendor/guzzlehttp/promises/src/Promise.php(267): GuzzleHttp\Promise\Promise->waitIfPending()
#7 /wordpress/wp-content/plugins/rest-cache/vendor/guzzlehttp/promises/src/Promise.php(225): GuzzleHttp\Promise\Promise->invokeWaitList()
#8 /wordpress/wp-content/plugins/rest-cache/vendor/guzzlehttp/promises/src/Promise.php(62): GuzzleHttp\Promise\Promise->waitIfPending()
#9 /wordpress/wp-content/plugins/rest-cache/vendor/guzzlehttp/guzzle/src/Client.php(181): GuzzleHttp\Promise\Promise->wait()
#10 /wordpress/wp-content/plugins/rest-cache/includes/class.plugin.php(94): GuzzleHttp\Client->request('GET', 'http://127.0.0....', Array)
#11 /wordpress/wp-includes/class-wp-hook.php(324): PerryRylance\WordPress\RESTCache\Plugin->onActivate(false)
#12 /wordpress/wp-includes/class-wp-hook.php(348): WP_Hook->apply_filters('', Array)
#13 /wordpress/wp-includes/plugin.php(517): WP_Hook->do_action(Array)
#14 /wordpress/wp-admin/includes/plugin.php(703): do_action('activate_rest-c...', false)
#15 /internal/eval.php(20): activate_plugin('rest-cache/rest...')
#16 {main}
  thrown in /wordpress/wp-content/plugins/rest-cache/vendor/guzzlehttp/guzzle/src/Exception/RequestException.php on line 111
[08-Jun-2025 08:57:19 UTC] PHP Fatal error:  Uncaught GuzzleHttp\Exception\ClientException: Client error: `GET http://127.0.0.1:9404/wp-content/plugins/rest-cache/service/public/api/install` resulted in a `404 Not Found` response:
<!DOCTYPE html>
<html lang="en-US">
<head>
	<meta charset="UTF-8" />
	<meta name="viewport" content="width=device-width, (truncated...)
 in /wordpress/wp-content/plugins/rest-cache/vendor/guzzlehttp/guzzle/src/Exception/RequestException.php:111
Stack trace:
#0 /wordpress/wp-content/plugins/rest-cache/vendor/guzzlehttp/guzzle/src/Middleware.php(66): GuzzleHttp\Exception\RequestException::create(Object(GuzzleHttp\Psr7\Request), Object(GuzzleHttp\Psr7\Response))
#1 /wordpress/wp-content/plugins/rest-cache/vendor/guzzlehttp/promises/src/Promise.php(203): GuzzleHttp\Middleware::GuzzleHttp\{closure}(Object(GuzzleHttp\Psr7\Response))
#2 /wordpress/wp-content/plugins/rest-cache/vendor/guzzlehttp/promises/src/Promise.php(156): GuzzleHttp\Promise\Promise::callHandler(1, Object(GuzzleHttp\Psr7\Response), Array)
#3 /wordpress/wp-content/plugins/rest-cache/vendor/guzzlehttp/promises/src/TaskQueue.php(47): GuzzleHttp\Promise\Promise::GuzzleHttp\Promise\{closure}()
#4 /wordpress/wp-content/plugins/rest-cache/vendor/guzzlehttp/promises/src/Promise.php(246): GuzzleHttp\Promise\TaskQueue->run(true)
#5 /wordpress/wp-content/plugins/rest-cache/vendor/guzzlehttp/promises/src/Promise.php(223): GuzzleHttp\Promise\Promise->invokeWaitFn()
#6 /wordpress/wp-content/plugins/rest-cache/vendor/guzzlehttp/promises/src/Promise.php(267): GuzzleHttp\Promise\Promise->waitIfPending()
#7 /wordpress/wp-content/plugins/rest-cache/vendor/guzzlehttp/promises/src/Promise.php(225): GuzzleHttp\Promise\Promise->invokeWaitList()
#8 /wordpress/wp-content/plugins/rest-cache/vendor/guzzlehttp/promises/src/Promise.php(62): GuzzleHttp\Promise\Promise->waitIfPending()
#9 /wordpress/wp-content/plugins/rest-cache/vendor/guzzlehttp/guzzle/src/Client.php(181): GuzzleHttp\Promise\Promise->wait()
#10 /wordpress/wp-content/plugins/rest-cache/includes/class.plugin.php(94): GuzzleHttp\Client->request('GET', 'http://127.0.0....', Array)
#11 /wordpress/wp-includes/class-wp-hook.php(324): PerryRylance\WordPress\RESTCache\Plugin->onActivate(false)
#12 /wordpress/wp-includes/class-wp-hook.php(348): WP_Hook->apply_filters('', Array)
#13 /wordpress/wp-includes/plugin.php(517): WP_Hook->do_action(Array)
#14 /wordpress/wp-admin/includes/plugin.php(703): do_action('activate_rest-c...', false)
#15 /internal/eval.php(20): activate_plugin('rest-cache/rest...')
#16 {main}
  thrown in /wordpress/wp-content/plugins/rest-cache/vendor/guzzlehttp/guzzle/src/Exception/RequestException.php on line 111
[08-Jun-2025 08:58:53 UTC] PHP Deprecated:  Function register_sidebar_widget is <strong>deprecated</strong> since version 2.8.0! Use wp_register_sidebar_widget() instead. in /wordpress/wp-includes/functions.php on line 6121
[08-Jun-2025 08:59:02 UTC] PHP Deprecated:  Function register_sidebar_widget is <strong>deprecated</strong> since version 2.8.0! Use wp_register_sidebar_widget() instead. in /wordpress/wp-includes/functions.php on line 6121
[08-Jun-2025 08:59:10 UTC] PHP Deprecated:  Function register_sidebar_widget is <strong>deprecated</strong> since version 2.8.0! Use wp_register_sidebar_widget() instead. in /wordpress/wp-includes/functions.php on line 6121
[08-Jun-2025 08:59:48 UTC] PHP Fatal error:  Uncaught Error: Undefined constant "ELEMENTOR_VERSION" in /wordpress/wp-content/plugins/restaurant-cafe-addon-for-elementor/elementor/em-setup.php:158
Stack trace:
#0 /wordpress/wp-includes/class-wp-hook.php(324): Restaurant_Elementor_Addon_Core_Elementor_init->init('')
#1 /wordpress/wp-includes/class-wp-hook.php(348): WP_Hook->apply_filters(NULL, Array)
#2 /wordpress/wp-includes/plugin.php(517): WP_Hook->do_action(Array)
#3 /wordpress/wp-settings.php(578): do_action('plugins_loaded')
#4 /wordpress/wp-config.php(102): require_once('/wordpress/wp-s...')
#5 /wordpress/wp-load.php(50): require_once('/wordpress/wp-c...')
#6 /internal/eval.php(3): require_once('/wordpress/wp-l...')
#7 {main}
  thrown in /wordpress/wp-content/plugins/restaurant-cafe-addon-for-elementor/elementor/em-setup.php on line 158
[08-Jun-2025 08:59:59 UTC] PHP Fatal error:  Uncaught Error: Undefined constant "ELEMENTOR_VERSION" in /wordpress/wp-content/plugins/restaurant-cafe-addon-for-elementor/elementor/em-setup.php:158
Stack trace:
#0 /wordpress/wp-includes/class-wp-hook.php(324): Restaurant_Elementor_Addon_Core_Elementor_init->init('')
#1 /wordpress/wp-includes/class-wp-hook.php(348): WP_Hook->apply_filters(NULL, Array)
#2 /wordpress/wp-includes/plugin.php(517): WP_Hook->do_action(Array)
#3 /wordpress/wp-settings.php(578): do_action('plugins_loaded')
#4 /wordpress/wp-config.php(102): require_once('/wordpress/wp-s...')
#5 /wordpress/wp-load.php(50): require_once('/wordpress/wp-c...')
#6 /internal/eval.php(3): require_once('/wordpress/wp-l...')
#7 {main}
  thrown in /wordpress/wp-content/plugins/restaurant-cafe-addon-for-elementor/elementor/em-setup.php on line 158

    at Object.onBind (file:///home/runner/work/playground-tester/playground-tester/node_modules/@wp-playground/cli/run-cli-j-geJYS3.js:325:15)
    at process.processTicksAndRejections (node:internal/process/task_queues:105:5)
    at async re (file:///home/runner/work/playground-tester/playground-tester/node_modules/@wp-playground/cli/run-cli-j-geJYS3.js:149:10) {
  [cause]: Error: Error when executing the blueprint step #1 ({"step":"installPlugin","pluginData":{"resource":"wordpress.org/plugins","slug":"restaurant-cafe-addon-for-elementor"},"options":{"activate":true}}) : PHP.run() failed with exit code 255 and the following output: 
      at Object.run (file:///home/runner/work/playground-tester/playground-tester/node_modules/@wp-playground/blueprints/index.js:12093:19)
      at process.processTicksAndRejections (node:internal/process/task_queues:105:5)
      at async ys (file:///home/runner/work/playground-tester/playground-tester/node_modules/@wp-playground/blueprints/index.js:12196:3)
      at async Object.onBind (file:///home/runner/work/playground-tester/playground-tester/node_modules/@wp-playground/cli/run-cli-j-geJYS3.js:315:48)
      at async re (file:///home/runner/work/playground-tester/playground-tester/node_modules/@wp-playground/cli/run-cli-j-geJYS3.js:149:10) {
    [cause]: PHPExecutionFailureError: PHP.run() failed with exit code 255 and the following output: 
        at PHP.run (file:///home/runner/work/playground-tester/playground-tester/node_modules/@php-wasm/universal/index.js:1034:19)
        at process.processTicksAndRejections (node:internal/process/task_queues:105:5)
        at async wr (file:///home/runner/work/playground-tester/playground-tester/node_modules/@wp-playground/blueprints/index.js:74:13)
        at async Object.gt [as installPlugin] (file:///home/runner/work/playground-tester/playground-tester/node_modules/@wp-playground/blueprints/index.js:631:42)
        at async g (file:///home/runner/work/playground-tester/playground-tester/node_modules/@wp-playground/blueprints/index.js:12161:30)
        at async Object.run (file:///home/runner/work/playground-tester/playground-tester/node_modules/@wp-playground/blueprints/index.js:12090:23)
        at async ys (file:///home/runner/work/playground-tester/playground-tester/node_modules/@wp-playground/blueprints/index.js:12196:3)
        at async Object.onBind (file:///home/runner/work/playground-tester/playground-tester/node_modules/@wp-playground/cli/run-cli-j-geJYS3.js:315:48)
        at async re (file:///home/runner/work/playground-tester/playground-tester/node_modules/@wp-playground/cli/run-cli-j-geJYS3.js:149:10) {
      response: PHPResponse {
        httpStatusCode: 500,
        headers: {
          'x-powered-by': [ 'PHP/8.0.30-dev' ],
          'content-type': [ 'text/html; charset=UTF-8' ],
          expires: [ 'Wed, 11 Jan 1984 05:00:00 GMT' ],
          'cache-control': [ 'no-cache, must-revalidate, max-age=0, no-store, private' ]
        },
        bytes: Uint8Array(2653) [
           60,  33,  68,  79,  67,  84,  89,  80,  69,  32, 104, 116,
          109, 108,  62,  10,  60, 104, 116, 109, 108,  32, 108,  97,
          110, 103,  61,  34, 101, 110,  45,  85,  83,  34,  62,  10,
           60, 104, 101,  97, 100,  62,  10,   9,  60, 109, 101, 116,
           97,  32, 104, 116, 116, 112,  45, 101, 113, 117, 105, 118,
           61,  34,  67, 111, 110, 116, 101, 110, 116,  45,  84, 121,
          112, 101,  34,  32,  99, 111, 110, 116, 101, 110, 116,  61,
           34, 116, 101, 120, 116,  47, 104, 116, 109, 108,  59,  32,
           99, 104,  97, 114,
          ... 2553 more items
        ],
        exitCode: 255,
        errors: ''
      },
      source: 'request'
    }
  }
}

Node.js v23.11.0
