file:///home/runner/work/playground-tester/playground-tester/node_modules/@wp-playground/cli/run-cli-j-geJYS3.js:325
        throw new Error($, { cause: h });
              ^

Error: [29-Jun-2025 22:50:33 UTC] PHP Fatal error:  Uncaught Exception: Broadcast requires a Wordpress network install. It does not support single installs. in /wordpress/wp-content/plugins/threewp-broadcast/src/ThreeWP_Broadcast.php:236
Stack trace:
#0 /wordpress/wp-content/plugins/threewp-broadcast/src/sdk/wordpress/base.php(204): threewp_broadcast\ThreeWP_Broadcast->activate()
#1 /wordpress/wp-includes/class-wp-hook.php(324): plainview\sdk_broadcast\wordpress\base->activate_internal(false)
#2 /wordpress/wp-includes/class-wp-hook.php(348): WP_Hook->apply_filters('', Array)
#3 /wordpress/wp-includes/plugin.php(517): WP_Hook->do_action(Array)
#4 /wordpress/wp-admin/includes/plugin.php(703): do_action('activate_threew...', false)
#5 /internal/eval.php(20): activate_plugin('threewp-broadca...')
#6 {main}
  thrown in /wordpress/wp-content/plugins/threewp-broadcast/src/ThreeWP_Broadcast.php on line 236
[29-Jun-2025 22:50:44 UTC] PHP Fatal error:  Uncaught Exception: Broadcast requires a Wordpress network install. It does not support single installs. in /wordpress/wp-content/plugins/threewp-broadcast/src/ThreeWP_Broadcast.php:236
Stack trace:
#0 /wordpress/wp-content/plugins/threewp-broadcast/src/sdk/wordpress/base.php(204): threewp_broadcast\ThreeWP_Broadcast->activate()
#1 /wordpress/wp-includes/class-wp-hook.php(324): plainview\sdk_broadcast\wordpress\base->activate_internal(false)
#2 /wordpress/wp-includes/class-wp-hook.php(348): WP_Hook->apply_filters('', Array)
#3 /wordpress/wp-includes/plugin.php(517): WP_Hook->do_action(Array)
#4 /wordpress/wp-admin/includes/plugin.php(703): do_action('activate_threew...', false)
#5 /internal/eval.php(20): activate_plugin('threewp-broadca...')
#6 {main}
  thrown in /wordpress/wp-content/plugins/threewp-broadcast/src/ThreeWP_Broadcast.php on line 236
[29-Jun-2025 22:50:55 UTC] PHP Fatal error:  Uncaught Exception: Broadcast requires a Wordpress network install. It does not support single installs. in /wordpress/wp-content/plugins/threewp-broadcast/src/ThreeWP_Broadcast.php:236
Stack trace:
#0 /wordpress/wp-content/plugins/threewp-broadcast/src/sdk/wordpress/base.php(204): threewp_broadcast\ThreeWP_Broadcast->activate()
#1 /wordpress/wp-includes/class-wp-hook.php(324): plainview\sdk_broadcast\wordpress\base->activate_internal(false)
#2 /wordpress/wp-includes/class-wp-hook.php(348): WP_Hook->apply_filters('', Array)
#3 /wordpress/wp-includes/plugin.php(517): WP_Hook->do_action(Array)
#4 /wordpress/wp-admin/includes/plugin.php(703): do_action('activate_threew...', false)
#5 /internal/eval.php(20): activate_plugin('threewp-broadca...')
#6 {main}
  thrown in /wordpress/wp-content/plugins/threewp-broadcast/src/ThreeWP_Broadcast.php on line 236
[29-Jun-2025 22:51:04 UTC] PHP Fatal error:  Uncaught Error: Undefined constant "WPLANG" in /wordpress/wp-content/plugins/thumblated-related-post/plugin.php:31
Stack trace:
#0 /wordpress/wp-admin/includes/plugin.php(2387): include_once()
#1 /wordpress/wp-admin/includes/plugin.php(673): plugin_sandbox_scrape('thumblated-rela...')
#2 /internal/eval.php(20): activate_plugin('thumblated-rela...')
#3 {main}
  thrown in /wordpress/wp-content/plugins/thumblated-related-post/plugin.php on line 31
[29-Jun-2025 22:51:13 UTC] PHP Fatal error:  Uncaught Error: Undefined constant "WPLANG" in /wordpress/wp-content/plugins/thumblated-related-post/plugin.php:31
Stack trace:
#0 /wordpress/wp-admin/includes/plugin.php(2387): include_once()
#1 /wordpress/wp-admin/includes/plugin.php(673): plugin_sandbox_scrape('thumblated-rela...')
#2 /internal/eval.php(20): activate_plugin('thumblated-rela...')
#3 {main}
  thrown in /wordpress/wp-content/plugins/thumblated-related-post/plugin.php on line 31
[29-Jun-2025 22:51:21 UTC] PHP Fatal error:  Uncaught Error: Undefined constant "WPLANG" in /wordpress/wp-content/plugins/thumblated-related-post/plugin.php:31
Stack trace:
#0 /wordpress/wp-admin/includes/plugin.php(2387): include_once()
#1 /wordpress/wp-admin/includes/plugin.php(673): plugin_sandbox_scrape('thumblated-rela...')
#2 /internal/eval.php(20): activate_plugin('thumblated-rela...')
#3 {main}
  thrown in /wordpress/wp-content/plugins/thumblated-related-post/plugin.php on line 31
[29-Jun-2025 22:53:04 UTC] PHP Deprecated:  Required parameter $board_url follows optional parameter $push_slug in /wordpress/wp-content/plugins/tapatalk/lib/classTTConnection.php on line 237
[29-Jun-2025 22:53:04 UTC] PHP Deprecated:  Required parameter $api_key follows optional parameter $push_slug in /wordpress/wp-content/plugins/tapatalk/lib/classTTConnection.php on line 237
[29-Jun-2025 22:53:04 UTC] PHP Deprecated:  Required parameter $is_test follows optional parameter $push_slug in /wordpress/wp-content/plugins/tapatalk/lib/classTTConnection.php on line 237
[29-Jun-2025 22:53:04 UTC] PHP Deprecated:  Required parameter $code follows optional parameter $type in /wordpress/wp-content/plugins/tapatalk/lib/classTTConnection.php on line 935
[29-Jun-2025 22:53:05 UTC] PHP Deprecated:  Required parameter $board_url follows optional parameter $push_slug in /wordpress/wp-content/plugins/tapatalk/lib/classTTConnection.php on line 237
[29-Jun-2025 22:53:05 UTC] PHP Deprecated:  Required parameter $api_key follows optional parameter $push_slug in /wordpress/wp-content/plugins/tapatalk/lib/classTTConnection.php on line 237
[29-Jun-2025 22:53:05 UTC] PHP Deprecated:  Required parameter $is_test follows optional parameter $push_slug in /wordpress/wp-content/plugins/tapatalk/lib/classTTConnection.php on line 237
[29-Jun-2025 22:53:05 UTC] PHP Deprecated:  Required parameter $code follows optional parameter $type in /wordpress/wp-content/plugins/tapatalk/lib/classTTConnection.php on line 935
[29-Jun-2025 22:53:14 UTC] PHP Deprecated:  Required parameter $board_url follows optional parameter $push_slug in /wordpress/wp-content/plugins/tapatalk/lib/classTTConnection.php on line 237
[29-Jun-2025 22:53:14 UTC] PHP Deprecated:  Required parameter $api_key follows optional parameter $push_slug in /wordpress/wp-content/plugins/tapatalk/lib/classTTConnection.php on line 237
[29-Jun-2025 22:53:14 UTC] PHP Deprecated:  Required parameter $is_test follows optional parameter $push_slug in /wordpress/wp-content/plugins/tapatalk/lib/classTTConnection.php on line 237
[29-Jun-2025 22:53:14 UTC] PHP Deprecated:  Required parameter $code follows optional parameter $type in /wordpress/wp-content/plugins/tapatalk/lib/classTTConnection.php on line 935
[29-Jun-2025 22:53:15 UTC] PHP Deprecated:  Required parameter $board_url follows optional parameter $push_slug in /wordpress/wp-content/plugins/tapatalk/lib/classTTConnection.php on line 237
[29-Jun-2025 22:53:15 UTC] PHP Deprecated:  Required parameter $api_key follows optional parameter $push_slug in /wordpress/wp-content/plugins/tapatalk/lib/classTTConnection.php on line 237
[29-Jun-2025 22:53:15 UTC] PHP Deprecated:  Required parameter $is_test follows optional parameter $push_slug in /wordpress/wp-content/plugins/tapatalk/lib/classTTConnection.php on line 237
[29-Jun-2025 22:53:15 UTC] PHP Deprecated:  Required parameter $code follows optional parameter $type in /wordpress/wp-content/plugins/tapatalk/lib/classTTConnection.php on line 935
[29-Jun-2025 22:53:23 UTC] PHP Deprecated:  Required parameter $board_url follows optional parameter $push_slug in /wordpress/wp-content/plugins/tapatalk/lib/classTTConnection.php on line 237
[29-Jun-2025 22:53:23 UTC] PHP Deprecated:  Required parameter $api_key follows optional parameter $push_slug in /wordpress/wp-content/plugins/tapatalk/lib/classTTConnection.php on line 237
[29-Jun-2025 22:53:23 UTC] PHP Deprecated:  Required parameter $is_test follows optional parameter $push_slug in /wordpress/wp-content/plugins/tapatalk/lib/classTTConnection.php on line 237
[29-Jun-2025 22:53:23 UTC] PHP Deprecated:  Required parameter $code follows optional parameter $type in /wordpress/wp-content/plugins/tapatalk/lib/classTTConnection.php on line 935
[29-Jun-2025 22:53:24 UTC] PHP Deprecated:  Required parameter $board_url follows optional parameter $push_slug in /wordpress/wp-content/plugins/tapatalk/lib/classTTConnection.php on line 237
[29-Jun-2025 22:53:24 UTC] PHP Deprecated:  Required parameter $api_key follows optional parameter $push_slug in /wordpress/wp-content/plugins/tapatalk/lib/classTTConnection.php on line 237
[29-Jun-2025 22:53:24 UTC] PHP Deprecated:  Required parameter $is_test follows optional parameter $push_slug in /wordpress/wp-content/plugins/tapatalk/lib/classTTConnection.php on line 237
[29-Jun-2025 22:53:24 UTC] PHP Deprecated:  Required parameter $code follows optional parameter $type in /wordpress/wp-content/plugins/tapatalk/lib/classTTConnection.php on line 935
[29-Jun-2025 22:55:10 UTC] PHP Notice:  Function _load_textdomain_just_in_time was called <strong>incorrectly</strong>. Translation loading for the <code>ticktify</code> domain was triggered too early. This is usually an indicator for some code in the plugin or theme running too early. Translations should be loaded at the <code>init</code> action or later. Please see <a href="https://developer.wordpress.org/advanced-administration/debug/debug-wordpress/">Debugging in WordPress</a> for more information. (This message was added in version 6.7.0.) in /wordpress/wp-includes/functions.php on line 6121
[29-Jun-2025 22:55:24 UTC] PHP Notice:  Function _load_textdomain_just_in_time was called <strong>incorrectly</strong>. Translation loading for the <code>ticktify</code> domain was triggered too early. This is usually an indicator for some code in the plugin or theme running too early. Translations should be loaded at the <code>init</code> action or later. Please see <a href="https://developer.wordpress.org/advanced-administration/debug/debug-wordpress/">Debugging in WordPress</a> for more information. (This message was added in version 6.7.0.) in /wordpress/wp-includes/functions.php on line 6121
[29-Jun-2025 22:55:37 UTC] PHP Notice:  Function _load_textdomain_just_in_time was called <strong>incorrectly</strong>. Translation loading for the <code>ticktify</code> domain was triggered too early. This is usually an indicator for some code in the plugin or theme running too early. Translations should be loaded at the <code>init</code> action or later. Please see <a href="https://developer.wordpress.org/advanced-administration/debug/debug-wordpress/">Debugging in WordPress</a> for more information. (This message was added in version 6.7.0.) in /wordpress/wp-includes/functions.php on line 6121
[29-Jun-2025 22:55:47 UTC] PHP Notice:  Function _load_textdomain_just_in_time was called <strong>incorrectly</strong>. Translation loading for the <code>tidyant</code> domain was triggered too early. This is usually an indicator for some code in the plugin or theme running too early. Translations should be loaded at the <code>init</code> action or later. Please see <a href="https://developer.wordpress.org/advanced-administration/debug/debug-wordpress/">Debugging in WordPress</a> for more information. (This message was added in version 6.7.0.) in /wordpress/wp-includes/functions.php on line 6121
[29-Jun-2025 22:55:47 UTC] PHP Warning:  Undefined array key "action" in /wordpress/wp-content/plugins/tidyant-api/admin/class-repair-form.php on line 74
[29-Jun-2025 22:55:57 UTC] PHP Notice:  Function _load_textdomain_just_in_time was called <strong>incorrectly</strong>. Translation loading for the <code>tidyant</code> domain was triggered too early. This is usually an indicator for some code in the plugin or theme running too early. Translations should be loaded at the <code>init</code> action or later. Please see <a href="https://developer.wordpress.org/advanced-administration/debug/debug-wordpress/">Debugging in WordPress</a> for more information. (This message was added in version 6.7.0.) in /wordpress/wp-includes/functions.php on line 6121
[29-Jun-2025 22:55:57 UTC] PHP Warning:  Undefined array key "action" in /wordpress/wp-content/plugins/tidyant-api/admin/class-repair-form.php on line 74
[29-Jun-2025 22:56:07 UTC] PHP Notice:  Function _load_textdomain_just_in_time was called <strong>incorrectly</strong>. Translation loading for the <code>tidyant</code> domain was triggered too early. This is usually an indicator for some code in the plugin or theme running too early. Translations should be loaded at the <code>init</code> action or later. Please see <a href="https://developer.wordpress.org/advanced-administration/debug/debug-wordpress/">Debugging in WordPress</a> for more information. (This message was added in version 6.7.0.) in /wordpress/wp-includes/functions.php on line 6121
[29-Jun-2025 22:56:07 UTC] PHP Warning:  Undefined array key "action" in /wordpress/wp-content/plugins/tidyant-api/admin/class-repair-form.php on line 74
[29-Jun-2025 22:56:48 UTC] PHP Deprecated:  Function register_sidebar_widget is <strong>deprecated</strong> since version 2.8.0! Use wp_register_sidebar_widget() instead. in /wordpress/wp-includes/functions.php on line 6121
[29-Jun-2025 22:56:58 UTC] PHP Deprecated:  Function register_sidebar_widget is <strong>deprecated</strong> since version 2.8.0! Use wp_register_sidebar_widget() instead. in /wordpress/wp-includes/functions.php on line 6121
[29-Jun-2025 22:57:08 UTC] PHP Deprecated:  Function register_sidebar_widget is <strong>deprecated</strong> since version 2.8.0! Use wp_register_sidebar_widget() instead. in /wordpress/wp-includes/functions.php on line 6121

    at Object.onBind (file:///home/runner/work/playground-tester/playground-tester/node_modules/@wp-playground/cli/run-cli-j-geJYS3.js:325:15)
    at process.processTicksAndRejections (node:internal/process/task_queues:105:5)
    at async re (file:///home/runner/work/playground-tester/playground-tester/node_modules/@wp-playground/cli/run-cli-j-geJYS3.js:149:10) {
  [cause]: Error: Error when executing the blueprint step #5 ({"step":"installPlugin","pluginData":{"resource":"wordpress.org/plugins","slug":"zang"},"options":{"activate":true}}) : Could not download "https://downloads.wordpress.org/plugin/zang.latest-stable.zip".
  				Check if the URL is correct and the server is reachable.
  				If it is reachable, the server might be blocking the request.
  				Check the browser console and network tabs for more information.
  
  				## Does the console show the error "No 'Access-Control-Allow-Origin' header"?
  
  				This means the server that hosts your file does not allow requests from other sites
  				(cross-origin requests, or CORS).	You need to move the asset to a server that allows
  				cross-origin file downloads. Learn more about CORS at
  				https://developer.mozilla.org/en-US/docs/Web/HTTP/CORS.
  
  				If your file is on GitHub, load it from "raw.githubusercontent.com".
  				Here's how to do that:
  
  				1. Start with the original GitHub URL of the file. For example:
  				https://github.com/username/repository/blob/branch/filename.
  				2. Replace "github.com" with "raw.githubusercontent.com".
  				3. Remove the "/blob/" part of the URL.
  
  				The resulting URL should look like this:
  				https://raw.githubusercontent.com/username/repository/branch/filename
  
  				Error:
  				Error: Could not download "https://downloads.wordpress.org/plugin/zang.latest-stable.zip"
      at Object.run (file:///home/runner/work/playground-tester/playground-tester/node_modules/@wp-playground/blueprints/index.js:12093:19)
      at process.processTicksAndRejections (node:internal/process/task_queues:105:5)
      at async ys (file:///home/runner/work/playground-tester/playground-tester/node_modules/@wp-playground/blueprints/index.js:12196:3)
      at async Object.onBind (file:///home/runner/work/playground-tester/playground-tester/node_modules/@wp-playground/cli/run-cli-j-geJYS3.js:315:48)
      at async re (file:///home/runner/work/playground-tester/playground-tester/node_modules/@wp-playground/cli/run-cli-j-geJYS3.js:149:10) {
    [cause]: Error: Could not download "https://downloads.wordpress.org/plugin/zang.latest-stable.zip".
    				Check if the URL is correct and the server is reachable.
    				If it is reachable, the server might be blocking the request.
    				Check the browser console and network tabs for more information.
    
    				## Does the console show the error "No 'Access-Control-Allow-Origin' header"?
    
    				This means the server that hosts your file does not allow requests from other sites
    				(cross-origin requests, or CORS).	You need to move the asset to a server that allows
    				cross-origin file downloads. Learn more about CORS at
    				https://developer.mozilla.org/en-US/docs/Web/HTTP/CORS.
    
    				If your file is on GitHub, load it from "raw.githubusercontent.com".
    				Here's how to do that:
    
    				1. Start with the original GitHub URL of the file. For example:
    				https://github.com/username/repository/blob/branch/filename.
    				2. Replace "github.com" with "raw.githubusercontent.com".
    				3. Remove the "/blob/" part of the URL.
    
    				The resulting URL should look like this:
    				https://raw.githubusercontent.com/username/repository/branch/filename
    
    				Error:
    				Error: Could not download "https://downloads.wordpress.org/plugin/zang.latest-stable.zip"
        at Ct.resolve (file:///home/runner/work/playground-tester/playground-tester/node_modules/@wp-playground/blueprints/index.js:1129:13)
        at process.processTicksAndRejections (node:internal/process/task_queues:105:5)
        at async _.run (file:///home/runner/work/playground-tester/playground-tester/node_modules/@php-wasm/util/index.js:45:14)
  }
}

Node.js v23.11.0
