file:///home/runner/work/playground-tester/playground-tester/node_modules/@wp-playground/cli/index.js:237
        throw new Error(y, { cause: u });
              ^

Error: [19-Apr-2025 13:33:35 UTC] PHP Deprecated:  Function register_sidebar_widget is <strong>deprecated</strong> since version 2.8.0! Use wp_register_sidebar_widget() instead. in /wordpress/wp-includes/functions.php on line 6121
[19-Apr-2025 13:33:43 UTC] PHP Deprecated:  Function register_sidebar_widget is <strong>deprecated</strong> since version 2.8.0! Use wp_register_sidebar_widget() instead. in /wordpress/wp-includes/functions.php on line 6121
[19-Apr-2025 13:33:52 UTC] PHP Deprecated:  Function register_sidebar_widget is <strong>deprecated</strong> since version 2.8.0! Use wp_register_sidebar_widget() instead. in /wordpress/wp-includes/functions.php on line 6121
[19-Apr-2025 13:34:52 UTC] PHP Warning:  The use statement with non-compound name 'Exception' has no effect in /wordpress/wp-content/plugins/wl-wc-newsletter/db/upgrade_to_1_1.php on line 5
[19-Apr-2025 13:34:52 UTC] PHP Warning:  The use statement with non-compound name 'PDOException' has no effect in /wordpress/wp-content/plugins/wl-wc-newsletter/db/upgrade_to_1_1.php on line 6
[19-Apr-2025 13:34:52 UTC] PHP Warning:  The use statement with non-compound name 'PDO' has no effect in /wordpress/wp-content/plugins/wl-wc-newsletter/db/upgrade_to_1_1.php on line 7
[19-Apr-2025 13:34:52 UTC] PHP Fatal error:  Uncaught PDOException: SQLSTATE[HY000] [2002] Address family not supported by protocol in /wordpress/wp-content/plugins/wl-wc-newsletter/db/upgrade_to_1_1.php:20
Stack trace:
#0 /wordpress/wp-content/plugins/wl-wc-newsletter/db/upgrade_to_1_1.php(20): PDO->__construct('mysql:host=loca...', 'username_here', 'password_here')
#1 /wordpress/wp-content/plugins/wl-wc-newsletter/db/migrate.php(159): require_once('/wordpress/wp-c...')
#2 /wordpress/wp-content/plugins/wl-wc-newsletter/admin_functions.php(390): require_once('/wordpress/wp-c...')
#3 /wordpress/wp-includes/class-wp-hook.php(324): wlwcn_activated(false)
#4 /wordpress/wp-includes/class-wp-hook.php(348): WP_Hook->apply_filters('', Array)
#5 /wordpress/wp-includes/plugin.php(517): WP_Hook->do_action(Array)
#6 /wordpress/wp-admin/includes/plugin.php(703): do_action('activate_wl-wc-...', false)
#7 /internal/eval.php(20): activate_plugin('wl-wc-newslette...')
#8 {main}
  thrown in /wordpress/wp-content/plugins/wl-wc-newsletter/db/upgrade_to_1_1.php on line 20
[19-Apr-2025 13:35:03 UTC] PHP Warning:  The use statement with non-compound name 'Exception' has no effect in /wordpress/wp-content/plugins/wl-wc-newsletter/db/upgrade_to_1_1.php on line 5
[19-Apr-2025 13:35:03 UTC] PHP Warning:  The use statement with non-compound name 'PDOException' has no effect in /wordpress/wp-content/plugins/wl-wc-newsletter/db/upgrade_to_1_1.php on line 6
[19-Apr-2025 13:35:03 UTC] PHP Warning:  The use statement with non-compound name 'PDO' has no effect in /wordpress/wp-content/plugins/wl-wc-newsletter/db/upgrade_to_1_1.php on line 7
[19-Apr-2025 13:35:03 UTC] PHP Fatal error:  Uncaught PDOException: SQLSTATE[HY000] [2002] Address family not supported by protocol in /wordpress/wp-content/plugins/wl-wc-newsletter/db/upgrade_to_1_1.php:20
Stack trace:
#0 /wordpress/wp-content/plugins/wl-wc-newsletter/db/upgrade_to_1_1.php(20): PDO->__construct('mysql:host=loca...', 'username_here', 'password_here')
#1 /wordpress/wp-content/plugins/wl-wc-newsletter/db/migrate.php(159): require_once('/wordpress/wp-c...')
#2 /wordpress/wp-content/plugins/wl-wc-newsletter/admin_functions.php(390): require_once('/wordpress/wp-c...')
#3 /wordpress/wp-includes/class-wp-hook.php(324): wlwcn_activated(false)
#4 /wordpress/wp-includes/class-wp-hook.php(348): WP_Hook->apply_filters('', Array)
#5 /wordpress/wp-includes/plugin.php(517): WP_Hook->do_action(Array)
#6 /wordpress/wp-admin/includes/plugin.php(703): do_action('activate_wl-wc-...', false)
#7 /internal/eval.php(20): activate_plugin('wl-wc-newslette...')
#8 {main}
  thrown in /wordpress/wp-content/plugins/wl-wc-newsletter/db/upgrade_to_1_1.php on line 20
[19-Apr-2025 13:35:16 UTC] PHP Warning:  The use statement with non-compound name 'Exception' has no effect in /wordpress/wp-content/plugins/wl-wc-newsletter/db/upgrade_to_1_1.php on line 5
[19-Apr-2025 13:35:16 UTC] PHP Warning:  The use statement with non-compound name 'PDOException' has no effect in /wordpress/wp-content/plugins/wl-wc-newsletter/db/upgrade_to_1_1.php on line 6
[19-Apr-2025 13:35:16 UTC] PHP Warning:  The use statement with non-compound name 'PDO' has no effect in /wordpress/wp-content/plugins/wl-wc-newsletter/db/upgrade_to_1_1.php on line 7
[19-Apr-2025 13:35:16 UTC] PHP Fatal error:  Uncaught PDOException: SQLSTATE[HY000] [2002] Address family not supported by protocol in /wordpress/wp-content/plugins/wl-wc-newsletter/db/upgrade_to_1_1.php:20
Stack trace:
#0 /wordpress/wp-content/plugins/wl-wc-newsletter/db/upgrade_to_1_1.php(20): PDO->__construct('mysql:host=loca...', 'username_here', 'password_here')
#1 /wordpress/wp-content/plugins/wl-wc-newsletter/db/migrate.php(159): require_once('/wordpress/wp-c...')
#2 /wordpress/wp-content/plugins/wl-wc-newsletter/admin_functions.php(390): require_once('/wordpress/wp-c...')
#3 /wordpress/wp-includes/class-wp-hook.php(324): wlwcn_activated(false)
#4 /wordpress/wp-includes/class-wp-hook.php(348): WP_Hook->apply_filters('', Array)
#5 /wordpress/wp-includes/plugin.php(517): WP_Hook->do_action(Array)
#6 /wordpress/wp-admin/includes/plugin.php(703): do_action('activate_wl-wc-...', false)
#7 /internal/eval.php(20): activate_plugin('wl-wc-newslette...')
#8 {main}
  thrown in /wordpress/wp-content/plugins/wl-wc-newsletter/db/upgrade_to_1_1.php on line 20
[19-Apr-2025 13:35:51 UTC] PHP Fatal error:  Uncaught Error: Class "WC_Payment_Gateway" not found in /wordpress/wp-content/plugins/woo-order-test/admin/functions.php:23
Stack trace:
#0 /wordpress/wp-includes/class-wp-hook.php(324): wpfi_init_woo_order_test_gateway_class('')
#1 /wordpress/wp-includes/class-wp-hook.php(348): WP_Hook->apply_filters(NULL, Array)
#2 /wordpress/wp-includes/plugin.php(517): WP_Hook->do_action(Array)
#3 /wordpress/wp-settings.php(578): do_action('plugins_loaded')
#4 /wordpress/wp-config.php(102): require_once('/wordpress/wp-s...')
#5 /wordpress/wp-load.php(50): require_once('/wordpress/wp-c...')
#6 /internal/eval.php(3): require_once('/wordpress/wp-l...')
#7 {main}
  thrown in /wordpress/wp-content/plugins/woo-order-test/admin/functions.php on line 23
[19-Apr-2025 13:35:59 UTC] PHP Fatal error:  Uncaught Error: Class "WC_Payment_Gateway" not found in /wordpress/wp-content/plugins/woo-order-test/admin/functions.php:23
Stack trace:
#0 /wordpress/wp-includes/class-wp-hook.php(324): wpfi_init_woo_order_test_gateway_class('')
#1 /wordpress/wp-includes/class-wp-hook.php(348): WP_Hook->apply_filters(NULL, Array)
#2 /wordpress/wp-includes/plugin.php(517): WP_Hook->do_action(Array)
#3 /wordpress/wp-settings.php(578): do_action('plugins_loaded')
#4 /wordpress/wp-config.php(102): require_once('/wordpress/wp-s...')
#5 /wordpress/wp-load.php(50): require_once('/wordpress/wp-c...')
#6 /internal/eval.php(3): require_once('/wordpress/wp-l...')
#7 {main}
  thrown in /wordpress/wp-content/plugins/woo-order-test/admin/functions.php on line 23
[19-Apr-2025 13:36:07 UTC] PHP Fatal error:  Uncaught Error: Class "WC_Payment_Gateway" not found in /wordpress/wp-content/plugins/woo-order-test/admin/functions.php:23
Stack trace:
#0 /wordpress/wp-includes/class-wp-hook.php(324): wpfi_init_woo_order_test_gateway_class('')
#1 /wordpress/wp-includes/class-wp-hook.php(348): WP_Hook->apply_filters(NULL, Array)
#2 /wordpress/wp-includes/plugin.php(517): WP_Hook->do_action(Array)
#3 /wordpress/wp-settings.php(578): do_action('plugins_loaded')
#4 /wordpress/wp-config.php(102): require_once('/wordpress/wp-s...')
#5 /wordpress/wp-load.php(50): require_once('/wordpress/wp-c...')
#6 /internal/eval.php(3): require_once('/wordpress/wp-l...')
#7 {main}
  thrown in /wordpress/wp-content/plugins/woo-order-test/admin/functions.php on line 23
[19-Apr-2025 13:38:56 UTC] WordPress database error <div style="clear:both">&nbsp;</div>
<div class="queries" style="clear:both;margin-bottom:2px;border:red dotted thin;">
<p>MySQL query:</p>
<p>SHOW COLUMNS FROM `wp_wpsc_purchase_logs`</p>
<p>Queries made or created this session were:</p>
<ol>
<li>Executing: BEGIN | (no parameters)</li>
<li>Executing: SELECT 1 FROM sqlite_temp_schema WHERE type = 'table' AND name = ? | parameters: wp_wpsc_purchase_logs</li>
<li>Executing: SELECT 1 FROM _wp_sqlite_mysql_information_schema_tables WHERE table_schema = ? AND table_name = ? | parameters: database_name_here, wp_wpsc_purchase_logs</li>
<li>Executing: ROLLBACK | (no parameters)</li>
</ol>
</div>
<div style="clear:both;margin-bottom:2px;border:red dotted thin;" class="error_message" style="border-bottom:dotted blue thin;">
Table 'database_name_here.wp_wpsc_purchase_logs' doesn't exist
</div>
<p>Backtrace:</p>
<pre>#0 /internal/shared/sqlite-database-integration/wp-includes/sqlite-ast/class-wp-sqlite-driver.php(690): WP_SQLite_Driver->new_driver_exception('Table 'database...', 0, Object(WP_SQLite_Driver_Exception))
#1 /internal/shared/sqlite-database-integration/wp-includes/sqlite/class-wp-sqlite-db.php(472): WP_SQLite_Driver->query('SHOW COLUMNS FR...')
#2 /internal/shared/sqlite-database-integration/wp-includes/sqlite/class-wp-sqlite-db.php(413): WP_SQLite_DB->_do_query('SHOW COLUMNS FR...')
#3 /wordpress/wp-includes/class-wpdb.php(3107): WP_SQLite_DB->query('SHOW COLUMNS FR...')
#4 /wordpress/wp-content/plugins/wpsc-dta-export/wpsc-dta-export.php(449): wpdb->get_col('SHOW COLUMNS FR...')
#5 /wordpress/wp-includes/class-wp-hook.php(324): WPSC_DTA_Export->activate(false)
#6 /wordpress/wp-includes/class-wp-hook.php(348): WP_Hook->apply_filters('', Array)
#7 /wordpress/wp-includes/plugin.php(517): WP_Hook->do_action(Array)
#8 /wordpress/wp-admin/includes/plugin.php(703): do_action('activate_wpsc-d...', false)
#9 /internal/eval.php(20): activate_plugin('wpsc-dta-export...')
#10 {main}</pre>
 for query SHOW COLUMNS FROM `wp_wpsc_purchase_logs` made by activate_plugin, do_action('activate_wpsc-dta-export/wpsc-dta-export.php'), WP_Hook->do_action, WP_Hook->apply_filters, WPSC_DTA_Export->activate, WP_SQLite_DB->query, WP_SQLite_DB->print_error
[19-Apr-2025 13:38:57 UTC] WordPress database error <div style="clear:both">&nbsp;</div>
<div class="queries" style="clear:both;margin-bottom:2px;border:red dotted thin;">
<p>MySQL query:</p>
<p>ALTER TABLE `wp_wpsc_purchase_logs` ADD `dta_export` TINYINT NOT NULL</p>
<p>Queries made or created this session were:</p>
<ol>
<li>Executing: BEGIN | (no parameters)</li>
<li>Executing: SELECT 1 FROM sqlite_temp_schema WHERE type = 'table' AND name = ? | parameters: wp_wpsc_purchase_logs</li>
<li>Executing: SELECT COLUMN_NAME FROM _wp_sqlite_mysql_information_schema_columns WHERE table_schema = ? AND table_name = ? | parameters: database_name_here, wp_wpsc_purchase_logs</li>
<li>Executing: SELECT 1 FROM sqlite_temp_schema WHERE type = 'table' AND name = ? | parameters: wp_wpsc_purchase_logs</li>
<li>Executing: 
				SELECT MAX(ordinal_position)
				FROM _wp_sqlite_mysql_information_schema_columns
				WHERE table_schema = ?
				AND table_name = ?
			 | parameters: database_name_here, wp_wpsc_purchase_logs</li>
<li>Executing: 
				INSERT INTO _wp_sqlite_mysql_information_schema_columns (table_schema, table_name, column_name, ordinal_position, column_default, is_nullable, data_type, character_maximum_length, character_octet_length, numeric_precision, numeric_scale, datetime_precision, character_set_name, collation_name, column_type, column_key, extra, privileges, column_comment, generation_expression, srs_id)
				VALUES (?, ?, ?, ?, ?, ?, ?, ?, ?, ?, ?, ?, ?, ?, ?, ?, ?, ?, ?, ?, ?)
			 | parameters: database_name_here, wp_wpsc_purchase_logs, dta_export, 1, , NO, tinyint, , , 3, 0, , , , tinyint, , , select,insert,update,references, , , </li>
<li>Executing: PRAGMA foreign_keys | (no parameters)</li>
<li>Executing: PRAGMA foreign_keys = OFF | (no parameters)</li>
<li>Executing: 
				SELECT *
				FROM _wp_sqlite_mysql_information_schema_tables
				WHERE table_type = 'BASE TABLE'
				AND table_schema = ?
				AND table_name = ?
			 | parameters: database_name_here, wp_wpsc_purchase_logs</li>
<li>Executing: ROLLBACK | (no parameters)</li>
</ol>
</div>
<div style="clear:both;margin-bottom:2px;border:red dotted thin;" class="error_message" style="border-bottom:dotted blue thin;">
Table 'wp_wpsc_purchase_logs' doesn't exist
</div>
<p>Backtrace:</p>
<pre>#0 /internal/shared/sqlite-database-integration/wp-includes/sqlite-ast/class-wp-sqlite-driver.php(690): WP_SQLite_Driver->new_driver_exception('Table 'wp_wpsc_...', 0, Object(WP_SQLite_Driver_Exception))
#1 /internal/shared/sqlite-database-integration/wp-includes/sqlite/class-wp-sqlite-db.php(472): WP_SQLite_Driver->query('ALTER TABLE `wp...')
#2 /internal/shared/sqlite-database-integration/wp-includes/sqlite/class-wp-sqlite-db.php(413): WP_SQLite_DB->_do_query('ALTER TABLE `wp...')
#3 /wordpress/wp-content/plugins/wpsc-dta-export/wpsc-dta-export.php(451): WP_SQLite_DB->query('ALTER TABLE `wp...')
#4 /wordpress/wp-includes/class-wp-hook.php(324): WPSC_DTA_Export->activate(false)
#5 /wordpress/wp-includes/class-wp-hook.php(348): WP_Hook->apply_filters('', Array)
#6 /wordpress/wp-includes/plugin.php(517): WP_Hook->do_action(Array)
#7 /wordpress/wp-admin/includes/plugin.php(703): do_action('activate_wpsc-d...', false)
#8 /internal/eval.php(20): activate_plugin('wpsc-dta-export...')
#9 {main}</pre>
 for query ALTER TABLE `wp_wpsc_purchase_logs` ADD `dta_export` TINYINT NOT NULL made by activate_plugin, do_action('activate_wpsc-dta-export/wpsc-dta-export.php'), WP_Hook->do_action, WP_Hook->apply_filters, WPSC_DTA_Export->activate, WP_SQLite_DB->query, WP_SQLite_DB->print_error
[19-Apr-2025 13:39:06 UTC] WordPress database error <div style="clear:both">&nbsp;</div>
<div class="queries" style="clear:both;margin-bottom:2px;border:red dotted thin;">
<p>MySQL query:</p>
<p>ALTER TABLE `wp_wpsc_purchase_logs` ADD `dta_export` TINYINT NOT NULL</p>
<p>Queries made or created this session were:</p>
<ol>
<li>Executing: BEGIN | (no parameters)</li>
<li>Executing: INSERT INTO _mysql_data_types_cache (`table`, `column_or_index`, `mysql_type`)
				VALUES (:table, :column, :datatype)
				ON CONFLICT(`table`, `column_or_index`) DO UPDATE SET `mysql_type` = :datatype
			 | parameters: wp_wpsc_purchase_logs, `DTA_EXPORT`, tinyint</li>
<li>Executing: ALTER TABLE wp_wpsc_purchase_logs ADD `dta_export` integer NOT NULL | (no parameters)</li>
<li>Executing: ROLLBACK | (no parameters)</li>
</ol>
</div>
<div style="clear:both;margin-bottom:2px;border:red dotted thin;" class="error_message" style="border-bottom:dotted blue thin;">
Error occurred at line 4117 in Function <code>handle_error</code>. Error message was: SQLSTATE[HY000]: General error: 1 no such table: wp_wpsc_purchase_logs.
</div>
<p>Backtrace:</p>
<pre>#0 /internal/shared/sqlite-database-integration/wp-includes/sqlite/class-wp-sqlite-db.php(287): WP_SQLite_Translator->get_error_message()
#1 /wordpress/wp-content/plugins/wpsc-dta-export/wpsc-dta-export.php(451): WP_SQLite_DB->query('ALTER TABLE `wp...')
#2 /wordpress/wp-includes/class-wp-hook.php(324): WPSC_DTA_Export->activate(false)
#3 /wordpress/wp-includes/class-wp-hook.php(348): WP_Hook->apply_filters('', Array)
#4 /wordpress/wp-includes/plugin.php(517): WP_Hook->do_action(Array)
#5 /wordpress/wp-admin/includes/plugin.php(703): do_action('activate_wpsc-d...', false)
#6 /internal/eval.php(20): activate_plugin('wpsc-dta-export...')
#7 {main}</pre>
 for query ALTER TABLE `wp_wpsc_purchase_logs` ADD `dta_export` TINYINT NOT NULL made by activate_plugin, do_action('activate_wpsc-dta-export/wpsc-dta-export.php'), WP_Hook->do_action, WP_Hook->apply_filters, WPSC_DTA_Export->activate, WP_SQLite_DB->query, WP_SQLite_DB->print_error
[19-Apr-2025 13:39:14 UTC] WordPress database error <div style="clear:both">&nbsp;</div>
<div class="queries" style="clear:both;margin-bottom:2px;border:red dotted thin;">
<p>MySQL query:</p>
<p>ALTER TABLE `wp_wpsc_purchase_logs` ADD `dta_export` TINYINT NOT NULL</p>
<p>Queries made or created this session were:</p>
<ol>
<li>Executing: BEGIN | (no parameters)</li>
<li>Executing: INSERT INTO _mysql_data_types_cache (`table`, `column_or_index`, `mysql_type`)
				VALUES (:table, :column, :datatype)
				ON CONFLICT(`table`, `column_or_index`) DO UPDATE SET `mysql_type` = :datatype
			 | parameters: wp_wpsc_purchase_logs, `DTA_EXPORT`, tinyint</li>
<li>Executing: ALTER TABLE wp_wpsc_purchase_logs ADD `dta_export` integer NOT NULL | (no parameters)</li>
<li>Executing: ROLLBACK | (no parameters)</li>
</ol>
</div>
<div style="clear:both;margin-bottom:2px;border:red dotted thin;" class="error_message" style="border-bottom:dotted blue thin;">
Error occurred at line 4117 in Function <code>handle_error</code>. Error message was: SQLSTATE[HY000]: General error: 1 no such table: wp_wpsc_purchase_logs.
</div>
<p>Backtrace:</p>
<pre>#0 /internal/shared/sqlite-database-integration/wp-includes/sqlite/class-wp-sqlite-db.php(287): WP_SQLite_Translator->get_error_message()
#1 /wordpress/wp-content/plugins/wpsc-dta-export/wpsc-dta-export.php(451): WP_SQLite_DB->query('ALTER TABLE `wp...')
#2 /wordpress/wp-includes/class-wp-hook.php(324): WPSC_DTA_Export->activate(false)
#3 /wordpress/wp-includes/class-wp-hook.php(348): WP_Hook->apply_filters('', Array)
#4 /wordpress/wp-includes/plugin.php(517): WP_Hook->do_action(Array)
#5 /wordpress/wp-admin/includes/plugin.php(703): do_action('activate_wpsc-d...', false)
#6 /internal/eval.php(20): activate_plugin('wpsc-dta-export...')
#7 {main}</pre>
 for query ALTER TABLE `wp_wpsc_purchase_logs` ADD `dta_export` TINYINT NOT NULL made by activate_plugin, do_action('activate_wpsc-dta-export/wpsc-dta-export.php'), WP_Hook->do_action, WP_Hook->apply_filters, WPSC_DTA_Export->activate, WP_SQLite_DB->query, WP_SQLite_DB->print_error
[19-Apr-2025 13:40:17 UTC] PHP Warning:  Undefined variable $post_information in /wordpress/wp-content/plugins/wcf-save-and-share-cart-for-woocommerce/wcf_save_share_cart.php on line 18
[19-Apr-2025 13:40:18 UTC] PHP Warning:  Undefined array key "wcf-cart" in /wordpress/wp-content/plugins/wcf-save-and-share-cart-for-woocommerce/wcf_save_share_cart.php on line 169
[19-Apr-2025 13:40:25 UTC] PHP Warning:  Undefined variable $post_information in /wordpress/wp-content/plugins/wcf-save-and-share-cart-for-woocommerce/wcf_save_share_cart.php on line 18
[19-Apr-2025 13:40:27 UTC] PHP Warning:  Undefined array key "wcf-cart" in /wordpress/wp-content/plugins/wcf-save-and-share-cart-for-woocommerce/wcf_save_share_cart.php on line 169
[19-Apr-2025 13:40:34 UTC] PHP Warning:  Undefined variable $post_information in /wordpress/wp-content/plugins/wcf-save-and-share-cart-for-woocommerce/wcf_save_share_cart.php on line 18
[19-Apr-2025 13:40:36 UTC] PHP Warning:  Undefined array key "wcf-cart" in /wordpress/wp-content/plugins/wcf-save-and-share-cart-for-woocommerce/wcf_save_share_cart.php on line 169

    at Object.onBind (file:///home/runner/work/playground-tester/playground-tester/node_modules/@wp-playground/cli/index.js:237:15)
    at process.processTicksAndRejections (node:internal/process/task_queues:105:5)
    at async V (file:///home/runner/work/playground-tester/playground-tester/node_modules/@wp-playground/cli/index.js:64:10)
    at async ja (file:///home/runner/work/playground-tester/playground-tester/node_modules/@wp-playground/cli/cli.js:8161:12) {
  [cause]: Error: Error when executing the blueprint step #5 ({"step":"installPlugin","pluginData":{"resource":"wordpress.org/plugins","slug":"wp-popular-search-terms"},"options":{"activate":true}}) : Could not download "https://downloads.wordpress.org/plugin/wp-popular-search-terms.latest-stable.zip".
  				Check if the URL is correct and the server is reachable.
  				If it is reachable, the server might be blocking the request.
  				Check the browser console and network tabs for more information.
  
  				## Does the console show the error "No 'Access-Control-Allow-Origin' header"?
  
  				This means the server that hosts your file does not allow requests from other sites
  				(cross-origin requests, or CORS).	You need to move the asset to a server that allows
  				cross-origin file downloads. Learn more about CORS at
  				https://developer.mozilla.org/en-US/docs/Web/HTTP/CORS.
  
  				If your file is on GitHub, load it from "raw.githubusercontent.com".
  				Here's how to do that:
  
  				1. Start with the original GitHub URL of the file. For example:
  				https://github.com/username/repository/blob/branch/filename.
  				2. Replace "github.com" with "raw.githubusercontent.com".
  				3. Remove the "/blob/" part of the URL.
  
  				The resulting URL should look like this:
  				https://raw.githubusercontent.com/username/repository/branch/filename
  
  				Error:
  				Error: Could not download "https://downloads.wordpress.org/plugin/wp-popular-search-terms.latest-stable.zip"
      at Object.run (file:///home/runner/work/playground-tester/playground-tester/node_modules/@wp-playground/blueprints/index.js:12449:19)
      at process.processTicksAndRejections (node:internal/process/task_queues:105:5)
      at async ms (file:///home/runner/work/playground-tester/playground-tester/node_modules/@wp-playground/blueprints/index.js:12552:3)
      at async Object.onBind (file:///home/runner/work/playground-tester/playground-tester/node_modules/@wp-playground/cli/index.js:227:48)
      at async V (file:///home/runner/work/playground-tester/playground-tester/node_modules/@wp-playground/cli/index.js:64:10)
      at async ja (file:///home/runner/work/playground-tester/playground-tester/node_modules/@wp-playground/cli/cli.js:8161:12) {
    [cause]: Error: Could not download "https://downloads.wordpress.org/plugin/wp-popular-search-terms.latest-stable.zip".
    				Check if the URL is correct and the server is reachable.
    				If it is reachable, the server might be blocking the request.
    				Check the browser console and network tabs for more information.
    
    				## Does the console show the error "No 'Access-Control-Allow-Origin' header"?
    
    				This means the server that hosts your file does not allow requests from other sites
    				(cross-origin requests, or CORS).	You need to move the asset to a server that allows
    				cross-origin file downloads. Learn more about CORS at
    				https://developer.mozilla.org/en-US/docs/Web/HTTP/CORS.
    
    				If your file is on GitHub, load it from "raw.githubusercontent.com".
    				Here's how to do that:
    
    				1. Start with the original GitHub URL of the file. For example:
    				https://github.com/username/repository/blob/branch/filename.
    				2. Replace "github.com" with "raw.githubusercontent.com".
    				3. Remove the "/blob/" part of the URL.
    
    				The resulting URL should look like this:
    				https://raw.githubusercontent.com/username/repository/branch/filename
    
    				Error:
    				Error: Could not download "https://downloads.wordpress.org/plugin/wp-popular-search-terms.latest-stable.zip"
        at Ct.resolve (file:///home/runner/work/playground-tester/playground-tester/node_modules/@wp-playground/blueprints/index.js:1472:13)
        at process.processTicksAndRejections (node:internal/process/task_queues:105:5)
        at async _.run (file:///home/runner/work/playground-tester/playground-tester/node_modules/@php-wasm/util/index.js:45:14)
  }
}

Node.js v23.11.0
