file:///home/runner/work/playground-tester/playground-tester/node_modules/@wp-playground/cli/index.js:237
        throw new Error(y, { cause: u });
              ^

Error: [18-May-2025 10:49:24 UTC] PHP Fatal error:  Cannot re-assign auto-global variable _FILES in /wordpress/wp-content/plugins/imasters-wp-adserver/imasters-wp-adserver.php on line 420
[18-May-2025 10:49:32 UTC] PHP Fatal error:  Cannot re-assign auto-global variable _FILES in /wordpress/wp-content/plugins/imasters-wp-adserver/imasters-wp-adserver.php on line 420
[18-May-2025 10:49:39 UTC] PHP Fatal error:  Cannot re-assign auto-global variable _FILES in /wordpress/wp-content/plugins/imasters-wp-adserver/imasters-wp-adserver.php on line 420
[18-May-2025 10:50:42 UTC] PHP Fatal error:  Uncaught Error: Call to undefined function create_function() in /wordpress/wp-content/plugins/locus/locus.php:23
Stack trace:
#0 /wordpress/wp-includes/class-wp-hook.php(324): locus_setup('')
#1 /wordpress/wp-includes/class-wp-hook.php(348): WP_Hook->apply_filters(NULL, Array)
#2 /wordpress/wp-includes/plugin.php(517): WP_Hook->do_action(Array)
#3 /wordpress/wp-settings.php(727): do_action('init')
#4 /wordpress/wp-config.php(102): require_once('/wordpress/wp-s...')
#5 /wordpress/wp-load.php(50): require_once('/wordpress/wp-c...')
#6 /internal/eval.php(3): require_once('/wordpress/wp-l...')
#7 {main}
  thrown in /wordpress/wp-content/plugins/locus/locus.php on line 23
[18-May-2025 10:50:50 UTC] PHP Fatal error:  Uncaught Error: Call to undefined function create_function() in /wordpress/wp-content/plugins/locus/locus.php:23
Stack trace:
#0 /wordpress/wp-includes/class-wp-hook.php(324): locus_setup('')
#1 /wordpress/wp-includes/class-wp-hook.php(348): WP_Hook->apply_filters(NULL, Array)
#2 /wordpress/wp-includes/plugin.php(517): WP_Hook->do_action(Array)
#3 /wordpress/wp-settings.php(727): do_action('init')
#4 /wordpress/wp-config.php(102): require_once('/wordpress/wp-s...')
#5 /wordpress/wp-load.php(50): require_once('/wordpress/wp-c...')
#6 /internal/eval.php(3): require_once('/wordpress/wp-l...')
#7 {main}
  thrown in /wordpress/wp-content/plugins/locus/locus.php on line 23
[18-May-2025 10:50:59 UTC] PHP Fatal error:  Uncaught Error: Call to undefined function create_function() in /wordpress/wp-content/plugins/locus/locus.php:23
Stack trace:
#0 /wordpress/wp-includes/class-wp-hook.php(324): locus_setup('')
#1 /wordpress/wp-includes/class-wp-hook.php(348): WP_Hook->apply_filters(NULL, Array)
#2 /wordpress/wp-includes/plugin.php(517): WP_Hook->do_action(Array)
#3 /wordpress/wp-settings.php(727): do_action('init')
#4 /wordpress/wp-config.php(102): require_once('/wordpress/wp-s...')
#5 /wordpress/wp-load.php(50): require_once('/wordpress/wp-c...')
#6 /internal/eval.php(3): require_once('/wordpress/wp-l...')
#7 {main}
  thrown in /wordpress/wp-content/plugins/locus/locus.php on line 23
[18-May-2025 10:52:33 UTC] PHP Fatal error:  Uncaught Error: Call to undefined function create_function() in /wordpress/wp-content/plugins/i-am-reading/i-am-reading.php:77
Stack trace:
#0 /wordpress/wp-admin/includes/plugin.php(2387): include_once()
#1 /wordpress/wp-admin/includes/plugin.php(673): plugin_sandbox_scrape('i-am-reading/i-...')
#2 /internal/eval.php(20): activate_plugin('i-am-reading/i-...')
#3 {main}
  thrown in /wordpress/wp-content/plugins/i-am-reading/i-am-reading.php on line 77
[18-May-2025 10:52:41 UTC] PHP Fatal error:  Uncaught Error: Call to undefined function create_function() in /wordpress/wp-content/plugins/i-am-reading/i-am-reading.php:77
Stack trace:
#0 /wordpress/wp-admin/includes/plugin.php(2387): include_once()
#1 /wordpress/wp-admin/includes/plugin.php(673): plugin_sandbox_scrape('i-am-reading/i-...')
#2 /internal/eval.php(20): activate_plugin('i-am-reading/i-...')
#3 {main}
  thrown in /wordpress/wp-content/plugins/i-am-reading/i-am-reading.php on line 77
[18-May-2025 10:52:49 UTC] PHP Fatal error:  Uncaught Error: Call to undefined function create_function() in /wordpress/wp-content/plugins/i-am-reading/i-am-reading.php:77
Stack trace:
#0 /wordpress/wp-admin/includes/plugin.php(2387): include_once()
#1 /wordpress/wp-admin/includes/plugin.php(673): plugin_sandbox_scrape('i-am-reading/i-...')
#2 /internal/eval.php(20): activate_plugin('i-am-reading/i-...')
#3 {main}
  thrown in /wordpress/wp-content/plugins/i-am-reading/i-am-reading.php on line 77
[18-May-2025 10:54:00 UTC] PHP Fatal error:  Uncaught PDOException: SQLSTATE[HY000] [2002] Address family not supported by protocol in /wordpress/wp-content/plugins/independent-analytics/vendor/illuminate/database/Connectors/Connector.php:53
Stack trace:
#0 /wordpress/wp-content/plugins/independent-analytics/vendor/illuminate/database/Connectors/Connector.php(53): PDO->__construct('mysql:host=;dbn...', '', '', Array)
#1 /wordpress/wp-content/plugins/independent-analytics/vendor/illuminate/database/Connectors/Connector.php(34): IAWPSCOPED\Illuminate\Database\Connectors\Connector->createPdoConnection('mysql:host=;dbn...', '', '', Array)
#2 /wordpress/wp-content/plugins/independent-analytics/vendor/illuminate/database/Connectors/MySqlConnector.php(22): IAWPSCOPED\Illuminate\Database\Connectors\Connector->createConnection('mysql:host=;dbn...', Array, Array)
#3 /wordpress/wp-content/plugins/independent-analytics/vendor/illuminate/database/Connectors/ConnectionFactory.php(157): IAWPSCOPED\Illuminate\Database\Connectors\MySqlConnector->connect(Array)
#4 /wordp in /wordpress/wp-content/plugins/independent-analytics/vendor/illuminate/database/Connectors/Connector.php on line 53
[18-May-2025 10:54:17 UTC] PHP Fatal error:  Uncaught PDOException: SQLSTATE[HY000] [2002] Address family not supported by protocol in /wordpress/wp-content/plugins/independent-analytics/vendor/illuminate/database/Connectors/Connector.php:53
Stack trace:
#0 /wordpress/wp-content/plugins/independent-analytics/vendor/illuminate/database/Connectors/Connector.php(53): PDO->__construct('mysql:host=;dbn...', '', '', Array)
#1 /wordpress/wp-content/plugins/independent-analytics/vendor/illuminate/database/Connectors/Connector.php(34): IAWPSCOPED\Illuminate\Database\Connectors\Connector->createPdoConnection('mysql:host=;dbn...', '', '', Array)
#2 /wordpress/wp-content/plugins/independent-analytics/vendor/illuminate/database/Connectors/MySqlConnector.php(22): IAWPSCOPED\Illuminate\Database\Connectors\Connector->createConnection('mysql:host=;dbn...', Array, Array)
#3 /wordpress/wp-content/plugins/independent-analytics/vendor/illuminate/database/Connectors/ConnectionFactory.php(157): IAWPSCOPED\Illuminate\Database\Connectors\MySqlConnector->connect(Array)
#4 /wordp in /wordpress/wp-content/plugins/independent-analytics/vendor/illuminate/database/Connectors/Connector.php on line 53
[18-May-2025 10:54:32 UTC] PHP Fatal error:  Uncaught PDOException: SQLSTATE[HY000] [2002] Address family not supported by protocol in /wordpress/wp-content/plugins/independent-analytics/vendor/illuminate/database/Connectors/Connector.php:53
Stack trace:
#0 /wordpress/wp-content/plugins/independent-analytics/vendor/illuminate/database/Connectors/Connector.php(53): PDO->__construct('mysql:host=;dbn...', '', '', Array)
#1 /wordpress/wp-content/plugins/independent-analytics/vendor/illuminate/database/Connectors/Connector.php(34): IAWPSCOPED\Illuminate\Database\Connectors\Connector->createPdoConnection('mysql:host=;dbn...', '', '', Array)
#2 /wordpress/wp-content/plugins/independent-analytics/vendor/illuminate/database/Connectors/MySqlConnector.php(22): IAWPSCOPED\Illuminate\Database\Connectors\Connector->createConnection('mysql:host=;dbn...', Array, Array)
#3 /wordpress/wp-content/plugins/independent-analytics/vendor/illuminate/database/Connectors/ConnectionFactory.php(157): IAWPSCOPED\Illuminate\Database\Connectors\MySqlConnector->connect(Array)
#4 /wordp in /wordpress/wp-content/plugins/independent-analytics/vendor/illuminate/database/Connectors/Connector.php on line 53
[18-May-2025 10:54:42 UTC] PHP Notice:  Function wp_enqueue_script was called <strong>incorrectly</strong>. Scripts and styles should not be registered or enqueued until the <code>wp_enqueue_scripts</code>, <code>admin_enqueue_scripts</code>, or <code>login_enqueue_scripts</code> hooks. This notice was triggered by the <code>jquery-ui-core</code> handle. Please see <a href="https://developer.wordpress.org/advanced-administration/debug/debug-wordpress/">Debugging in WordPress</a> for more information. (This message was added in version 3.3.0.) in /wordpress/wp-includes/functions.php on line 6121
[18-May-2025 10:54:42 UTC] PHP Notice:  Function wp_enqueue_style was called <strong>incorrectly</strong>. Scripts and styles should not be registered or enqueued until the <code>wp_enqueue_scripts</code>, <code>admin_enqueue_scripts</code>, or <code>login_enqueue_scripts</code> hooks. This notice was triggered by the <code>script_name1</code> handle. Please see <a href="https://developer.wordpress.org/advanced-administration/debug/debug-wordpress/">Debugging in WordPress</a> for more information. (This message was added in version 3.3.0.) in /wordpress/wp-includes/functions.php on line 6121
[18-May-2025 10:54:42 UTC] PHP Notice:  Function is_feed was called <strong>incorrectly</strong>. Conditional query tags do not work before the query is run. Before then, they always return false. Please see <a href="https://developer.wordpress.org/advanced-administration/debug/debug-wordpress/">Debugging in WordPress</a> for more information. (This message was added in version 3.1.0.) in /wordpress/wp-includes/functions.php on line 6121
[18-May-2025 10:54:42 UTC] PHP Notice:  Function wp_enqueue_script was called <strong>incorrectly</strong>. Scripts and styles should not be registered or enqueued until the <code>wp_enqueue_scripts</code>, <code>admin_enqueue_scripts</code>, or <code>login_enqueue_scripts</code> hooks. This notice was triggered by the <code>script_name2</code> handle. Please see <a href="https://developer.wordpress.org/advanced-administration/debug/debug-wordpress/">Debugging in WordPress</a> for more information. (This message was added in version 3.3.0.) in /wordpress/wp-includes/functions.php on line 6121
[18-May-2025 10:54:51 UTC] PHP Notice:  Function wp_enqueue_script was called <strong>incorrectly</strong>. Scripts and styles should not be registered or enqueued until the <code>wp_enqueue_scripts</code>, <code>admin_enqueue_scripts</code>, or <code>login_enqueue_scripts</code> hooks. This notice was triggered by the <code>jquery-ui-core</code> handle. Please see <a href="https://developer.wordpress.org/advanced-administration/debug/debug-wordpress/">Debugging in WordPress</a> for more information. (This message was added in version 3.3.0.) in /wordpress/wp-includes/functions.php on line 6121
[18-May-2025 10:54:51 UTC] PHP Notice:  Function wp_enqueue_style was called <strong>incorrectly</strong>. Scripts and styles should not be registered or enqueued until the <code>wp_enqueue_scripts</code>, <code>admin_enqueue_scripts</code>, or <code>login_enqueue_scripts</code> hooks. This notice was triggered by the <code>script_name1</code> handle. Please see <a href="https://developer.wordpress.org/advanced-administration/debug/debug-wordpress/">Debugging in WordPress</a> for more information. (This message was added in version 3.3.0.) in /wordpress/wp-includes/functions.php on line 6121
[18-May-2025 10:54:51 UTC] PHP Notice:  Function is_feed was called <strong>incorrectly</strong>. Conditional query tags do not work before the query is run. Before then, they always return false. Please see <a href="https://developer.wordpress.org/advanced-administration/debug/debug-wordpress/">Debugging in WordPress</a> for more information. (This message was added in version 3.1.0.) in /wordpress/wp-includes/functions.php on line 6121
[18-May-2025 10:54:51 UTC] PHP Notice:  Function wp_enqueue_script was called <strong>incorrectly</strong>. Scripts and styles should not be registered or enqueued until the <code>wp_enqueue_scripts</code>, <code>admin_enqueue_scripts</code>, or <code>login_enqueue_scripts</code> hooks. This notice was triggered by the <code>script_name2</code> handle. Please see <a href="https://developer.wordpress.org/advanced-administration/debug/debug-wordpress/">Debugging in WordPress</a> for more information. (This message was added in version 3.3.0.) in /wordpress/wp-includes/functions.php on line 6121
[18-May-2025 10:54:59 UTC] PHP Notice:  Function wp_enqueue_script was called <strong>incorrectly</strong>. Scripts and styles should not be registered or enqueued until the <code>wp_enqueue_scripts</code>, <code>admin_enqueue_scripts</code>, or <code>login_enqueue_scripts</code> hooks. This notice was triggered by the <code>jquery-ui-core</code> handle. Please see <a href="https://developer.wordpress.org/advanced-administration/debug/debug-wordpress/">Debugging in WordPress</a> for more information. (This message was added in version 3.3.0.) in /wordpress/wp-includes/functions.php on line 6121
[18-May-2025 10:54:59 UTC] PHP Notice:  Function wp_enqueue_style was called <strong>incorrectly</strong>. Scripts and styles should not be registered or enqueued until the <code>wp_enqueue_scripts</code>, <code>admin_enqueue_scripts</code>, or <code>login_enqueue_scripts</code> hooks. This notice was triggered by the <code>script_name1</code> handle. Please see <a href="https://developer.wordpress.org/advanced-administration/debug/debug-wordpress/">Debugging in WordPress</a> for more information. (This message was added in version 3.3.0.) in /wordpress/wp-includes/functions.php on line 6121
[18-May-2025 10:54:59 UTC] PHP Notice:  Function is_feed was called <strong>incorrectly</strong>. Conditional query tags do not work before the query is run. Before then, they always return false. Please see <a href="https://developer.wordpress.org/advanced-administration/debug/debug-wordpress/">Debugging in WordPress</a> for more information. (This message was added in version 3.1.0.) in /wordpress/wp-includes/functions.php on line 6121
[18-May-2025 10:54:59 UTC] PHP Notice:  Function wp_enqueue_script was called <strong>incorrectly</strong>. Scripts and styles should not be registered or enqueued until the <code>wp_enqueue_scripts</code>, <code>admin_enqueue_scripts</code>, or <code>login_enqueue_scripts</code> hooks. This notice was triggered by the <code>script_name2</code> handle. Please see <a href="https://developer.wordpress.org/advanced-administration/debug/debug-wordpress/">Debugging in WordPress</a> for more information. (This message was added in version 3.3.0.) in /wordpress/wp-includes/functions.php on line 6121
[18-May-2025 10:56:43 UTC] PHP Deprecated:  Function register_sidebar_widget is <strong>deprecated</strong> since version 2.8.0! Use wp_register_sidebar_widget() instead. in /wordpress/wp-includes/functions.php on line 6121
[18-May-2025 10:56:43 UTC] PHP Deprecated:  Function register_widget_control is <strong>deprecated</strong> since version 2.8.0! Use wp_register_widget_control() instead. in /wordpress/wp-includes/functions.php on line 6121
[18-May-2025 10:56:51 UTC] PHP Deprecated:  Function register_sidebar_widget is <strong>deprecated</strong> since version 2.8.0! Use wp_register_sidebar_widget() instead. in /wordpress/wp-includes/functions.php on line 6121
[18-May-2025 10:56:51 UTC] PHP Deprecated:  Function register_widget_control is <strong>deprecated</strong> since version 2.8.0! Use wp_register_widget_control() instead. in /wordpress/wp-includes/functions.php on line 6121
[18-May-2025 10:56:59 UTC] PHP Deprecated:  Function register_sidebar_widget is <strong>deprecated</strong> since version 2.8.0! Use wp_register_sidebar_widget() instead. in /wordpress/wp-includes/functions.php on line 6121
[18-May-2025 10:56:59 UTC] PHP Deprecated:  Function register_widget_control is <strong>deprecated</strong> since version 2.8.0! Use wp_register_widget_control() instead. in /wordpress/wp-includes/functions.php on line 6121
[18-May-2025 10:57:34 UTC] PHP Notice:  Function wpdb::prepare was called <strong>incorrectly</strong>. The query argument of wpdb::prepare() must have a placeholder. Please see <a href="https://developer.wordpress.org/advanced-administration/debug/debug-wordpress/">Debugging in WordPress</a> for more information. (This message was added in version 3.9.0.) in /wordpress/wp-includes/functions.php on line 6121
[18-May-2025 10:57:34 UTC] PHP Notice:  Function wpdb::prepare was called <strong>incorrectly</strong>. The query does not contain the correct number of placeholders (0) for the number of arguments passed (1). Please see <a href="https://developer.wordpress.org/advanced-administration/debug/debug-wordpress/">Debugging in WordPress</a> for more information. (This message was added in version 4.8.3.) in /wordpress/wp-includes/functions.php on line 6121
[18-May-2025 10:57:43 UTC] PHP Notice:  Function wpdb::prepare was called <strong>incorrectly</strong>. The query argument of wpdb::prepare() must have a placeholder. Please see <a href="https://developer.wordpress.org/advanced-administration/debug/debug-wordpress/">Debugging in WordPress</a> for more information. (This message was added in version 3.9.0.) in /wordpress/wp-includes/functions.php on line 6121
[18-May-2025 10:57:43 UTC] PHP Notice:  Function wpdb::prepare was called <strong>incorrectly</strong>. The query does not contain the correct number of placeholders (0) for the number of arguments passed (1). Please see <a href="https://developer.wordpress.org/advanced-administration/debug/debug-wordpress/">Debugging in WordPress</a> for more information. (This message was added in version 4.8.3.) in /wordpress/wp-includes/functions.php on line 6121
[18-May-2025 10:57:52 UTC] PHP Notice:  Function wpdb::prepare was called <strong>incorrectly</strong>. The query argument of wpdb::prepare() must have a placeholder. Please see <a href="https://developer.wordpress.org/advanced-administration/debug/debug-wordpress/">Debugging in WordPress</a> for more information. (This message was added in version 3.9.0.) in /wordpress/wp-includes/functions.php on line 6121
[18-May-2025 10:57:52 UTC] PHP Notice:  Function wpdb::prepare was called <strong>incorrectly</strong>. The query does not contain the correct number of placeholders (0) for the number of arguments passed (1). Please see <a href="https://developer.wordpress.org/advanced-administration/debug/debug-wordpress/">Debugging in WordPress</a> for more information. (This message was added in version 4.8.3.) in /wordpress/wp-includes/functions.php on line 6121
[18-May-2025 10:58:28 UTC] PHP Fatal error:  Array and string offset access syntax with curly braces is no longer supported in /wordpress/wp-content/plugins/logo-management/includes/class.upload.php on line 2081
[18-May-2025 10:58:36 UTC] PHP Fatal error:  Array and string offset access syntax with curly braces is no longer supported in /wordpress/wp-content/plugins/logo-management/includes/class.upload.php on line 2081

    at Object.onBind (file:///home/runner/work/playground-tester/playground-tester/node_modules/@wp-playground/cli/index.js:237:15)
    at process.processTicksAndRejections (node:internal/process/task_queues:105:5)
    at async V (file:///home/runner/work/playground-tester/playground-tester/node_modules/@wp-playground/cli/index.js:64:10)
    at async ja (file:///home/runner/work/playground-tester/playground-tester/node_modules/@wp-playground/cli/cli.js:8161:12) {
  [cause]: Error: Error when executing the blueprint step #1 ({"step":"installPlugin","pluginData":{"resource":"wordpress.org/plugins","slug":"logo-management"},"options":{"activate":true}}) : PHP.run() failed with exit code 255 and the following output: 
      at Object.run (file:///home/runner/work/playground-tester/playground-tester/node_modules/@wp-playground/blueprints/index.js:12449:19)
      at process.processTicksAndRejections (node:internal/process/task_queues:105:5)
      at async ms (file:///home/runner/work/playground-tester/playground-tester/node_modules/@wp-playground/blueprints/index.js:12552:3)
      ... 2 lines matching cause stack trace ...
      at async ja (file:///home/runner/work/playground-tester/playground-tester/node_modules/@wp-playground/cli/cli.js:8161:12) {
    [cause]: PHPExecutionFailureError: PHP.run() failed with exit code 255 and the following output: 
        at PHP.run (file:///home/runner/work/playground-tester/playground-tester/node_modules/@php-wasm/universal/index.js:987:19)
        at process.processTicksAndRejections (node:internal/process/task_queues:105:5)
        at async wr (file:///home/runner/work/playground-tester/playground-tester/node_modules/@wp-playground/blueprints/index.js:33:39)
        at async Object.gt [as installPlugin] (file:///home/runner/work/playground-tester/playground-tester/node_modules/@wp-playground/blueprints/index.js:974:42)
        at async g (file:///home/runner/work/playground-tester/playground-tester/node_modules/@wp-playground/blueprints/index.js:12517:30)
        at async Object.run (file:///home/runner/work/playground-tester/playground-tester/node_modules/@wp-playground/blueprints/index.js:12446:23)
        at async ms (file:///home/runner/work/playground-tester/playground-tester/node_modules/@wp-playground/blueprints/index.js:12552:3)
        at async Object.onBind (file:///home/runner/work/playground-tester/playground-tester/node_modules/@wp-playground/cli/index.js:227:48)
        at async V (file:///home/runner/work/playground-tester/playground-tester/node_modules/@wp-playground/cli/index.js:64:10)
        at async ja (file:///home/runner/work/playground-tester/playground-tester/node_modules/@wp-playground/cli/cli.js:8161:12) {
      response: PHPResponse {
        httpStatusCode: 500,
        headers: {
          'x-powered-by': [ 'PHP/8.0.30-dev' ],
          'content-type': [ 'text/html; charset=UTF-8' ]
        },
        bytes: Uint8Array(0) [],
        exitCode: 255,
        errors: ''
      },
      source: 'request'
    }
  }
}

Node.js v23.11.0
