file:///home/runner/work/playground-tester/playground-tester/node_modules/@wp-playground/cli/index.js:237
        throw new Error(y, { cause: u });
              ^

Error: [24-Apr-2025 03:14:20 UTC] WordPress database error <div style="clear:both">&nbsp;</div>
<div class="queries" style="clear:both;margin-bottom:2px;border:red dotted thin;">
<p>MySQL query:</p>
<p>SELECT 1 FROM `wp_paygreen_transactions` LIMIT 1;</p>
<p>Queries made or created this session were:</p>
<ol>
<li>Executing: BEGIN | (no parameters)</li>
<li>Executing: SELECT 1 FROM `wp_paygreen_transactions` LIMIT 1 | (no parameters)</li>
<li>Executing: ROLLBACK | (no parameters)</li>
</ol>
</div>
<div style="clear:both;margin-bottom:2px;border:red dotted thin;" class="error_message" style="border-bottom:dotted blue thin;">
SQLSTATE[HY000]: General error: 1 no such table: wp_paygreen_transactions
</div>
<p>Backtrace:</p>
<pre>#0 /internal/shared/sqlite-database-integration/wp-includes/sqlite-ast/class-wp-sqlite-driver.php(690): WP_SQLite_Driver->new_driver_exception('SQLSTATE[HY000]...', 0, Object(PDOException))
#1 /internal/shared/sqlite-database-integration/wp-includes/sqlite/class-wp-sqlite-db.php(472): WP_SQLite_Driver->query('SELECT 1 FROM `...')
#2 /internal/shared/sqlite-database-integration/wp-includes/sqlite/class-wp-sqlite-db.php(413): WP_SQLite_DB->_do_query('SELECT 1 FROM `...')
#3 /wordpress/wp-content/plugins/paygreen-woocommerce/bundles/PGWordPress/Services/Officers/DatabaseOfficer.php(41): WP_SQLite_DB->query('SELECT 1 FROM `...')
#4 /wordpress/wp-content/plugins/paygreen-woocommerce/bundles/MODPaygreen/services/officers/SetupOfficer.php(78): PGI\Module\PGWordPress\Services\Officers\DatabaseOfficer->execute('SELECT 1 FROM `...')
#5 /wordpress/wp-content/plugins/paygreen-woocommerce/bundles/MODPaygreen/services/officers/SetupOfficer.php(54): PGI\Module\MODPaygreen\Services\Officers\SetupOfficer->isValidRequest('SELECT 1 FROM `...')
#6 /wordpress/wp-content/plugins/paygreen-woocommerce/bundles/PGModule/Services/Handlers/SetupHandler.php(242): PGI\Module\MODPaygreen\Services\Officers\SetupOfficer->retrieveOldInstallation()
#7 /wordpress/wp-content/plugins/paygreen-woocommerce/bundles/PGModule/Services/Handlers/SetupHandler.php(215): PGI\Module\PGModule\Services\Handlers\SetupHandler->buildLastUpdate()
#8 /wordpress/wp-content/plugins/paygreen-woocommerce/bundles/PGModule/Services/Handlers/SetupHandler.php(85): PGI\Module\PGModule\Services\Handlers\SetupHandler->getLastUpdate()
#9 /wordpress/wp-content/plugins/paygreen-woocommerce/bundles/PGSystem/Components/Bootstrap.php(285): PGI\Module\PGModule\Services\Handlers\SetupHandler->run(3)
#10 /wordpress/wp-content/plugins/paygreen-woocommerce/bootstrap.php(108): PGI\Module\PGSystem\Components\Bootstrap->setup()
#11 /wordpress/wp-content/plugins/paygreen-woocommerce/paygreen-woocommerce.php(21): require_once('/wordpress/wp-c...')
#12 /wordpress/wp-admin/includes/plugin.php(2387): include_once('/wordpress/wp-c...')
#13 /wordpress/wp-admin/includes/plugin.php(673): plugin_sandbox_scrape('paygreen-woocom...')
#14 /internal/eval.php(20): activate_plugin('paygreen-woocom...')
#15 {main}</pre>
 for query SELECT 1 FROM `wp_paygreen_transactions` LIMIT 1; made by activate_plugin, plugin_sandbox_scrape, include_once('/plugins/paygreen-woocommerce/paygreen-woocommerce.php'), require_once('/plugins/paygreen-woocommerce/bootstrap.php'), PGI\Module\PGSystem\Components\Bootstrap->setup, PGI\Module\PGModule\Services\Handlers\SetupHandler->run, PGI\Module\PGModule\Services\Handlers\SetupHandler->getLastUpdate, PGI\Module\PGModule\Services\Handlers\SetupHandler->buildLastUpdate, PGI\Module\MODPaygreen\Services\Officers\SetupOfficer->retrieveOldInstallation, PGI\Module\MODPaygreen\Services\Officers\SetupOfficer->isValidRequest, PGI\Module\PGWordPress\Services\Officers\DatabaseOfficer->execute, WP_SQLite_DB->query, WP_SQLite_DB->print_error
[24-Apr-2025 03:14:20 UTC] WordPress database error <div style="clear:both">&nbsp;</div>
<div class="queries" style="clear:both;margin-bottom:2px;border:red dotted thin;">
<p>MySQL query:</p>
<p>SELECT 1 FROM `wp_paygreen_transactions` LIMIT 1;</p>
<p>Queries made or created this session were:</p>
<ol>
<li>Executing: BEGIN | (no parameters)</li>
<li>Executing: SELECT 1 FROM `wp_paygreen_transactions` LIMIT 1 | (no parameters)</li>
<li>Executing: ROLLBACK | (no parameters)</li>
</ol>
</div>
<div style="clear:both;margin-bottom:2px;border:red dotted thin;" class="error_message" style="border-bottom:dotted blue thin;">
SQLSTATE[HY000]: General error: 1 no such table: wp_paygreen_transactions
</div>
<p>Backtrace:</p>
<pre>#0 /internal/shared/sqlite-database-integration/wp-includes/sqlite-ast/class-wp-sqlite-driver.php(690): WP_SQLite_Driver->new_driver_exception('SQLSTATE[HY000]...', 0, Object(PDOException))
#1 /internal/shared/sqlite-database-integration/wp-includes/sqlite/class-wp-sqlite-db.php(472): WP_SQLite_Driver->query('SELECT 1 FROM `...')
#2 /internal/shared/sqlite-database-integration/wp-includes/sqlite/class-wp-sqlite-db.php(413): WP_SQLite_DB->_do_query('SELECT 1 FROM `...')
#3 /wordpress/wp-content/plugins/paygreen-woocommerce/bundles/PGWordPress/Services/Officers/DatabaseOfficer.php(41): WP_SQLite_DB->query('SELECT 1 FROM `...')
#4 /wordpress/wp-content/plugins/paygreen-woocommerce/bundles/MODPaygreen/services/officers/SetupOfficer.php(78): PGI\Module\PGWordPress\Services\Officers\DatabaseOfficer->execute('SELECT 1 FROM `...')
#5 /wordpress/wp-content/plugins/paygreen-woocommerce/bundles/MODPaygreen/services/officers/SetupOfficer.php(54): PGI\Module\MODPaygreen\Services\Officers\SetupOfficer->isValidRequest('SELECT 1 FROM `...')
#6 /wordpress/wp-content/plugins/paygreen-woocommerce/bundles/PGModule/Services/Handlers/SetupHandler.php(242): PGI\Module\MODPaygreen\Services\Officers\SetupOfficer->retrieveOldInstallation()
#7 /wordpress/wp-content/plugins/paygreen-woocommerce/bundles/PGModule/Services/Handlers/SetupHandler.php(215): PGI\Module\PGModule\Services\Handlers\SetupHandler->buildLastUpdate()
#8 /wordpress/wp-content/plugins/paygreen-woocommerce/bundles/PGModule/Services/Handlers/SetupHandler.php(104): PGI\Module\PGModule\Services\Handlers\SetupHandler->getLastUpdate()
#9 /wordpress/wp-content/plugins/paygreen-woocommerce/bundles/PGModule/Services/Handlers/SetupHandler.php(88): PGI\Module\PGModule\Services\Handlers\SetupHandler->runInstall()
#10 /wordpress/wp-content/plugins/paygreen-woocommerce/bundles/PGSystem/Components/Bootstrap.php(285): PGI\Module\PGModule\Services\Handlers\SetupHandler->run(3)
#11 /wordpress/wp-content/plugins/paygreen-woocommerce/bootstrap.php(108): PGI\Module\PGSystem\Components\Bootstrap->setup()
#12 /wordpress/wp-content/plugins/paygreen-woocommerce/paygreen-woocommerce.php(21): require_once('/wordpress/wp-c...')
#13 /wordpress/wp-admin/includes/plugin.php(2387): include_once('/wordpress/wp-c...')
#14 /wordpress/wp-admin/includes/plugin.php(673): plugin_sandbox_scrape('paygreen-woocom...')
#15 /internal/eval.php(20): activate_plugin('paygreen-woocom...')
#16 {main}</pre>
 for query SELECT 1 FROM `wp_paygreen_transactions` LIMIT 1; made by activate_plugin, plugin_sandbox_scrape, include_once('/plugins/paygreen-woocommerce/paygreen-woocommerce.php'), require_once('/plugins/paygreen-woocommerce/bootstrap.php'), PGI\Module\PGSystem\Components\Bootstrap->setup, PGI\Module\PGModule\Services\Handlers\SetupHandler->run, PGI\Module\PGModule\Services\Handlers\SetupHandler->runInstall, PGI\Module\PGModule\Services\Handlers\SetupHandler->getLastUpdate, PGI\Module\PGModule\Services\Handlers\SetupHandler->buildLastUpdate, PGI\Module\MODPaygreen\Services\Officers\SetupOfficer->retrieveOldInstallation, PGI\Module\MODPaygreen\Services\Officers\SetupOfficer->isValidRequest, PGI\Module\PGWordPress\Services\Officers\DatabaseOfficer->execute, WP_SQLite_DB->query, WP_SQLite_DB->print_error
[24-Apr-2025 03:14:20 UTC] WordPress database error <div style="clear:both">&nbsp;</div>
<div class="queries" style="clear:both;margin-bottom:2px;border:red dotted thin;">
<p>MySQL query:</p>
<p>SELECT 1 FROM `wp_paygreen_transactions` LIMIT 1;</p>
<p>Queries made or created this session were:</p>
<ol>
<li>Executing: BEGIN | (no parameters)</li>
<li>Executing: SELECT 1 FROM `wp_paygreen_transactions` LIMIT 1 | (no parameters)</li>
<li>Executing: ROLLBACK | (no parameters)</li>
</ol>
</div>
<div style="clear:both;margin-bottom:2px;border:red dotted thin;" class="error_message" style="border-bottom:dotted blue thin;">
SQLSTATE[HY000]: General error: 1 no such table: wp_paygreen_transactions
</div>
<p>Backtrace:</p>
<pre>#0 /internal/shared/sqlite-database-integration/wp-includes/sqlite-ast/class-wp-sqlite-driver.php(690): WP_SQLite_Driver->new_driver_exception('SQLSTATE[HY000]...', 0, Object(PDOException))
#1 /internal/shared/sqlite-database-integration/wp-includes/sqlite/class-wp-sqlite-db.php(472): WP_SQLite_Driver->query('SELECT 1 FROM `...')
#2 /internal/shared/sqlite-database-integration/wp-includes/sqlite/class-wp-sqlite-db.php(413): WP_SQLite_DB->_do_query('SELECT 1 FROM `...')
#3 /wordpress/wp-content/plugins/paygreen-woocommerce/bundles/PGWordPress/Services/Officers/DatabaseOfficer.php(41): WP_SQLite_DB->query('SELECT 1 FROM `...')
#4 /wordpress/wp-content/plugins/paygreen-woocommerce/bundles/MODPaygreen/services/officers/SetupOfficer.php(78): PGI\Module\PGWordPress\Services\Officers\DatabaseOfficer->execute('SELECT 1 FROM `...')
#5 /wordpress/wp-content/plugins/paygreen-woocommerce/bundles/MODPaygreen/services/officers/SetupOfficer.php(54): PGI\Module\MODPaygreen\Services\Officers\SetupOfficer->isValidRequest('SELECT 1 FROM `...')
#6 /wordpress/wp-content/plugins/paygreen-woocommerce/bundles/PGModule/Services/Handlers/SetupHandler.php(242): PGI\Module\MODPaygreen\Services\Officers\SetupOfficer->retrieveOldInstallation()
#7 /wordpress/wp-content/plugins/paygreen-woocommerce/bundles/PGModule/Services/Handlers/SetupHandler.php(215): PGI\Module\PGModule\Services\Handlers\SetupHandler->buildLastUpdate()
#8 /wordpress/wp-content/plugins/paygreen-woocommerce/bundles/PGModule/Services/Handlers/SetupHandler.php(189): PGI\Module\PGModule\Services\Handlers\SetupHandler->getLastUpdate()
#9 /wordpress/wp-content/plugins/paygreen-woocommerce/bundles/PGModule/Services/Handlers/SetupHandler.php(160): PGI\Module\PGModule\Services\Handlers\SetupHandler->fire('install', '4.10.2')
#10 /wordpress/wp-content/plugins/paygreen-woocommerce/bundles/PGModule/Services/Handlers/SetupHandler.php(106): PGI\Module\PGModule\Services\Handlers\SetupHandler->install()
#11 /wordpress/wp-content/plugins/paygreen-woocommerce/bundles/PGModule/Services/Handlers/SetupHandler.php(88): PGI\Module\PGModule\Services\Handlers\SetupHandler->runInstall()
#12 /wordpress/wp-content/plugins/paygreen-woocommerce/bundles/PGSystem/Components/Bootstrap.php(285): PGI\Module\PGModule\Services\Handlers\SetupHandler->run(3)
#13 /wordpress/wp-content/plugins/paygreen-woocommerce/bootstrap.php(108): PGI\Module\PGSystem\Components\Bootstrap->setup()
#14 /wordpress/wp-content/plugins/paygreen-woocommerce/paygreen-woocommerce.php(21): require_once('/wordpress/wp-c...')
#15 /wordpress/wp-admin/includes/plugin.php(2387): include_once('/wordpress/wp-c...')
#16 /wordpress/wp-admin/includes/plugin.php(673): plugin_sandbox_scrape('paygreen-woocom...')
#17 /internal/eval.php(20): activate_plugin('paygreen-woocom...')
#18 {main}</pre>
 for query SELECT 1 FROM `wp_paygreen_transactions` LIMIT 1; made by activate_plugin, plugin_sandbox_scrape, include_once('/plugins/paygreen-woocommerce/paygreen-woocommerce.php'), require_once('/plugins/paygreen-woocommerce/bootstrap.php'), PGI\Module\PGSystem\Components\Bootstrap->setup, PGI\Module\PGModule\Services\Handlers\SetupHandler->run, PGI\Module\PGModule\Services\Handlers\SetupHandler->runInstall, PGI\Module\PGModule\Services\Handlers\SetupHandler->install, PGI\Module\PGModule\Services\Handlers\SetupHandler->fire, PGI\Module\PGModule\Services\Handlers\SetupHandler->getLastUpdate, PGI\Module\PGModule\Services\Handlers\SetupHandler->buildLastUpdate, PGI\Module\MODPaygreen\Services\Officers\SetupOfficer->retrieveOldInstallation, PGI\Module\MODPaygreen\Services\Officers\SetupOfficer->isValidRequest, PGI\Module\PGWordPress\Services\Officers\DatabaseOfficer->execute, WP_SQLite_DB->query, WP_SQLite_DB->print_error
[24-Apr-2025 03:14:33 UTC] WordPress database error <div style="clear:both">&nbsp;</div>
<div class="queries" style="clear:both;margin-bottom:2px;border:red dotted thin;">
<p>MySQL query:</p>
<p>SELECT 1 FROM `wp_paygreen_transactions` LIMIT 1;</p>
<p>Queries made or created this session were:</p>
<ol>
<li>Executing: BEGIN | (no parameters)</li>
<li>Executing: SELECT 1 FROM `wp_paygreen_transactions` LIMIT 1; | (no parameters)</li>
<li>Executing: ROLLBACK | (no parameters)</li>
</ol>
</div>
<div style="clear:both;margin-bottom:2px;border:red dotted thin;" class="error_message" style="border-bottom:dotted blue thin;">
Error occurred at line 4117 in Function <code>handle_error</code>. Error message was: SQLSTATE[HY000]: General error: 1 no such table: wp_paygreen_transactions.
</div>
<p>Backtrace:</p>
<pre>#0 /internal/shared/sqlite-database-integration/wp-includes/sqlite/class-wp-sqlite-db.php(287): WP_SQLite_Translator->get_error_message()
#1 /wordpress/wp-content/plugins/paygreen-woocommerce/bundles/PGWordPress/Services/Officers/DatabaseOfficer.php(41): WP_SQLite_DB->query('SELECT 1 FROM `...')
#2 /wordpress/wp-content/plugins/paygreen-woocommerce/bundles/MODPaygreen/services/officers/SetupOfficer.php(78): PGI\Module\PGWordPress\Services\Officers\DatabaseOfficer->execute('SELECT 1 FROM `...')
#3 /wordpress/wp-content/plugins/paygreen-woocommerce/bundles/MODPaygreen/services/officers/SetupOfficer.php(54): PGI\Module\MODPaygreen\Services\Officers\SetupOfficer->isValidRequest('SELECT 1 FROM `...')
#4 /wordpress/wp-content/plugins/paygreen-woocommerce/bundles/PGModule/Services/Handlers/SetupHandler.php(242): PGI\Module\MODPaygreen\Services\Officers\SetupOfficer->retrieveOldInstallation()
#5 /wordpress/wp-content/plugins/paygreen-woocommerce/bundles/PGModule/Services/Handlers/SetupHandler.php(215): PGI\Module\PGModule\Services\Handlers\SetupHandler->buildLastUpdate()
#6 /wordpress/wp-content/plugins/paygreen-woocommerce/bundles/PGModule/Services/Handlers/SetupHandler.php(85): PGI\Module\PGModule\Services\Handlers\SetupHandler->getLastUpdate()
#7 /wordpress/wp-content/plugins/paygreen-woocommerce/bundles/PGSystem/Components/Bootstrap.php(285): PGI\Module\PGModule\Services\Handlers\SetupHandler->run(3)
#8 /wordpress/wp-content/plugins/paygreen-woocommerce/bootstrap.php(108): PGI\Module\PGSystem\Components\Bootstrap->setup()
#9 /wordpress/wp-content/plugins/paygreen-woocommerce/paygreen-woocommerce.php(21): require_once('/wordpress/wp-c...')
#10 /wordpress/wp-admin/includes/plugin.php(2387): include_once('/wordpress/wp-c...')
#11 /wordpress/wp-admin/includes/plugin.php(673): plugin_sandbox_scrape('paygreen-woocom...')
#12 /internal/eval.php(20): activate_plugin('paygreen-woocom...')
#13 {main}</pre>
 for query SELECT 1 FROM `wp_paygreen_transactions` LIMIT 1; made by activate_plugin, plugin_sandbox_scrape, include_once('/plugins/paygreen-woocommerce/paygreen-woocommerce.php'), require_once('/plugins/paygreen-woocommerce/bootstrap.php'), PGI\Module\PGSystem\Components\Bootstrap->setup, PGI\Module\PGModule\Services\Handlers\SetupHandler->run, PGI\Module\PGModule\Services\Handlers\SetupHandler->getLastUpdate, PGI\Module\PGModule\Services\Handlers\SetupHandler->buildLastUpdate, PGI\Module\MODPaygreen\Services\Officers\SetupOfficer->retrieveOldInstallation, PGI\Module\MODPaygreen\Services\Officers\SetupOfficer->isValidRequest, PGI\Module\PGWordPress\Services\Officers\DatabaseOfficer->execute, WP_SQLite_DB->query, WP_SQLite_DB->print_error
[24-Apr-2025 03:14:33 UTC] WordPress database error <div style="clear:both">&nbsp;</div>
<div class="queries" style="clear:both;margin-bottom:2px;border:red dotted thin;">
<p>MySQL query:</p>
<p>SELECT 1 FROM `wp_paygreen_transactions` LIMIT 1;</p>
<p>Queries made or created this session were:</p>
<ol>
<li>Executing: BEGIN | (no parameters)</li>
<li>Executing: SELECT 1 FROM `wp_paygreen_transactions` LIMIT 1; | (no parameters)</li>
<li>Executing: ROLLBACK | (no parameters)</li>
</ol>
</div>
<div style="clear:both;margin-bottom:2px;border:red dotted thin;" class="error_message" style="border-bottom:dotted blue thin;">
Error occurred at line 4117 in Function <code>handle_error</code>. Error message was: SQLSTATE[HY000]: General error: 1 no such table: wp_paygreen_transactions.
</div>
<p>Backtrace:</p>
<pre>#0 /internal/shared/sqlite-database-integration/wp-includes/sqlite/class-wp-sqlite-db.php(287): WP_SQLite_Translator->get_error_message()
#1 /wordpress/wp-content/plugins/paygreen-woocommerce/bundles/PGWordPress/Services/Officers/DatabaseOfficer.php(41): WP_SQLite_DB->query('SELECT 1 FROM `...')
#2 /wordpress/wp-content/plugins/paygreen-woocommerce/bundles/MODPaygreen/services/officers/SetupOfficer.php(78): PGI\Module\PGWordPress\Services\Officers\DatabaseOfficer->execute('SELECT 1 FROM `...')
#3 /wordpress/wp-content/plugins/paygreen-woocommerce/bundles/MODPaygreen/services/officers/SetupOfficer.php(54): PGI\Module\MODPaygreen\Services\Officers\SetupOfficer->isValidRequest('SELECT 1 FROM `...')
#4 /wordpress/wp-content/plugins/paygreen-woocommerce/bundles/PGModule/Services/Handlers/SetupHandler.php(242): PGI\Module\MODPaygreen\Services\Officers\SetupOfficer->retrieveOldInstallation()
#5 /wordpress/wp-content/plugins/paygreen-woocommerce/bundles/PGModule/Services/Handlers/SetupHandler.php(215): PGI\Module\PGModule\Services\Handlers\SetupHandler->buildLastUpdate()
#6 /wordpress/wp-content/plugins/paygreen-woocommerce/bundles/PGModule/Services/Handlers/SetupHandler.php(104): PGI\Module\PGModule\Services\Handlers\SetupHandler->getLastUpdate()
#7 /wordpress/wp-content/plugins/paygreen-woocommerce/bundles/PGModule/Services/Handlers/SetupHandler.php(88): PGI\Module\PGModule\Services\Handlers\SetupHandler->runInstall()
#8 /wordpress/wp-content/plugins/paygreen-woocommerce/bundles/PGSystem/Components/Bootstrap.php(285): PGI\Module\PGModule\Services\Handlers\SetupHandler->run(3)
#9 /wordpress/wp-content/plugins/paygreen-woocommerce/bootstrap.php(108): PGI\Module\PGSystem\Components\Bootstrap->setup()
#10 /wordpress/wp-content/plugins/paygreen-woocommerce/paygreen-woocommerce.php(21): require_once('/wordpress/wp-c...')
#11 /wordpress/wp-admin/includes/plugin.php(2387): include_once('/wordpress/wp-c...')
#12 /wordpress/wp-admin/includes/plugin.php(673): plugin_sandbox_scrape('paygreen-woocom...')
#13 /internal/eval.php(20): activate_plugin('paygreen-woocom...')
#14 {main}</pre>
 for query SELECT 1 FROM `wp_paygreen_transactions` LIMIT 1; made by activate_plugin, plugin_sandbox_scrape, include_once('/plugins/paygreen-woocommerce/paygreen-woocommerce.php'), require_once('/plugins/paygreen-woocommerce/bootstrap.php'), PGI\Module\PGSystem\Components\Bootstrap->setup, PGI\Module\PGModule\Services\Handlers\SetupHandler->run, PGI\Module\PGModule\Services\Handlers\SetupHandler->runInstall, PGI\Module\PGModule\Services\Handlers\SetupHandler->getLastUpdate, PGI\Module\PGModule\Services\Handlers\SetupHandler->buildLastUpdate, PGI\Module\MODPaygreen\Services\Officers\SetupOfficer->retrieveOldInstallation, PGI\Module\MODPaygreen\Services\Officers\SetupOfficer->isValidRequest, PGI\Module\PGWordPress\Services\Officers\DatabaseOfficer->execute, WP_SQLite_DB->query, WP_SQLite_DB->print_error
[24-Apr-2025 03:14:33 UTC] WordPress database error <div style="clear:both">&nbsp;</div>
<div class="queries" style="clear:both;margin-bottom:2px;border:red dotted thin;">
<p>MySQL query:</p>
<p>SELECT 1 FROM `wp_paygreen_transactions` LIMIT 1;</p>
<p>Queries made or created this session were:</p>
<ol>
<li>Executing: BEGIN | (no parameters)</li>
<li>Executing: SELECT 1 FROM `wp_paygreen_transactions` LIMIT 1; | (no parameters)</li>
<li>Executing: ROLLBACK | (no parameters)</li>
</ol>
</div>
<div style="clear:both;margin-bottom:2px;border:red dotted thin;" class="error_message" style="border-bottom:dotted blue thin;">
Error occurred at line 4117 in Function <code>handle_error</code>. Error message was: SQLSTATE[HY000]: General error: 1 no such table: wp_paygreen_transactions.
</div>
<p>Backtrace:</p>
<pre>#0 /internal/shared/sqlite-database-integration/wp-includes/sqlite/class-wp-sqlite-db.php(287): WP_SQLite_Translator->get_error_message()
#1 /wordpress/wp-content/plugins/paygreen-woocommerce/bundles/PGWordPress/Services/Officers/DatabaseOfficer.php(41): WP_SQLite_DB->query('SELECT 1 FROM `...')
#2 /wordpress/wp-content/plugins/paygreen-woocommerce/bundles/MODPaygreen/services/officers/SetupOfficer.php(78): PGI\Module\PGWordPress\Services\Officers\DatabaseOfficer->execute('SELECT 1 FROM `...')
#3 /wordpress/wp-content/plugins/paygreen-woocommerce/bundles/MODPaygreen/services/officers/SetupOfficer.php(54): PGI\Module\MODPaygreen\Services\Officers\SetupOfficer->isValidRequest('SELECT 1 FROM `...')
#4 /wordpress/wp-content/plugins/paygreen-woocommerce/bundles/PGModule/Services/Handlers/SetupHandler.php(242): PGI\Module\MODPaygreen\Services\Officers\SetupOfficer->retrieveOldInstallation()
#5 /wordpress/wp-content/plugins/paygreen-woocommerce/bundles/PGModule/Services/Handlers/SetupHandler.php(215): PGI\Module\PGModule\Services\Handlers\SetupHandler->buildLastUpdate()
#6 /wordpress/wp-content/plugins/paygreen-woocommerce/bundles/PGModule/Services/Handlers/SetupHandler.php(189): PGI\Module\PGModule\Services\Handlers\SetupHandler->getLastUpdate()
#7 /wordpress/wp-content/plugins/paygreen-woocommerce/bundles/PGModule/Services/Handlers/SetupHandler.php(160): PGI\Module\PGModule\Services\Handlers\SetupHandler->fire('install', '4.10.2')
#8 /wordpress/wp-content/plugins/paygreen-woocommerce/bundles/PGModule/Services/Handlers/SetupHandler.php(106): PGI\Module\PGModule\Services\Handlers\SetupHandler->install()
#9 /wordpress/wp-content/plugins/paygreen-woocommerce/bundles/PGModule/Services/Handlers/SetupHandler.php(88): PGI\Module\PGModule\Services\Handlers\SetupHandler->runInstall()
#10 /wordpress/wp-content/plugins/paygreen-woocommerce/bundles/PGSystem/Components/Bootstrap.php(285): PGI\Module\PGModule\Services\Handlers\SetupHandler->run(3)
#11 /wordpress/wp-content/plugins/paygreen-woocommerce/bootstrap.php(108): PGI\Module\PGSystem\Components\Bootstrap->setup()
#12 /wordpress/wp-content/plugins/paygreen-woocommerce/paygreen-woocommerce.php(21): require_once('/wordpress/wp-c...')
#13 /wordpress/wp-admin/includes/plugin.php(2387): include_once('/wordpress/wp-c...')
#14 /wordpress/wp-admin/includes/plugin.php(673): plugin_sandbox_scrape('paygreen-woocom...')
#15 /internal/eval.php(20): activate_plugin('paygreen-woocom...')
#16 {main}</pre>
 for query SELECT 1 FROM `wp_paygreen_transactions` LIMIT 1; made by activate_plugin, plugin_sandbox_scrape, include_once('/plugins/paygreen-woocommerce/paygreen-woocommerce.php'), require_once('/plugins/paygreen-woocommerce/bootstrap.php'), PGI\Module\PGSystem\Components\Bootstrap->setup, PGI\Module\PGModule\Services\Handlers\SetupHandler->run, PGI\Module\PGModule\Services\Handlers\SetupHandler->runInstall, PGI\Module\PGModule\Services\Handlers\SetupHandler->install, PGI\Module\PGModule\Services\Handlers\SetupHandler->fire, PGI\Module\PGModule\Services\Handlers\SetupHandler->getLastUpdate, PGI\Module\PGModule\Services\Handlers\SetupHandler->buildLastUpdate, PGI\Module\MODPaygreen\Services\Officers\SetupOfficer->retrieveOldInstallation, PGI\Module\MODPaygreen\Services\Officers\SetupOfficer->isValidRequest, PGI\Module\PGWordPress\Services\Officers\DatabaseOfficer->execute, WP_SQLite_DB->query, WP_SQLite_DB->print_error
[24-Apr-2025 03:14:33 UTC] WordPress database error <div style="clear:both">&nbsp;</div>
<div class="queries" style="clear:both;margin-bottom:2px;border:red dotted thin;">
<p>MySQL query:</p>
<p>ALTER TABLE `wp_paygreen_transaction_locks`
    ADD UNIQUE (`pid`)</p>
<p>Queries made or created this session were:</p>
<ol>
<li>Executing: BEGIN | (no parameters)</li>
<li>Executing: INSERT INTO _mysql_data_types_cache (`table`, `column_or_index`, `mysql_type`)
				VALUES (:table, :column, :datatype)
				ON CONFLICT(`table`, `column_or_index`) DO UPDATE SET `mysql_type` = :datatype
			 | parameters: wp_paygreen_transaction_locks, wp_paygreen_transaction_locks__(, UNIQUE</li>
<li>Executing: CREATE UNIQUE INDEX &quot;wp_paygreen_transaction_locks__(&quot; ON &quot;wp_paygreen_transaction_locks&quot; () | (no parameters)</li>
<li>Executing: ROLLBACK | (no parameters)</li>
</ol>
</div>
<div style="clear:both;margin-bottom:2px;border:red dotted thin;" class="error_message" style="border-bottom:dotted blue thin;">
Error occurred at line 4117 in Function <code>handle_error</code>. Error message was: SQLSTATE[HY000]: General error: 1 near ")": syntax error.
</div>
<p>Backtrace:</p>
<pre>#0 /internal/shared/sqlite-database-integration/wp-includes/sqlite/class-wp-sqlite-db.php(287): WP_SQLite_Translator->get_error_message()
#1 /wordpress/wp-content/plugins/paygreen-woocommerce/bundles/PGWordPress/Services/Officers/DatabaseOfficer.php(41): WP_SQLite_DB->query('ALTER TABLE `wp...')
#2 /wordpress/wp-content/plugins/paygreen-woocommerce/bundles/PGDatabase/Services/Handlers/DatabaseHandler.php(155): PGI\Module\PGWordPress\Services\Officers\DatabaseOfficer->execute('ALTER TABLE `wp...')
#3 /wordpress/wp-content/plugins/paygreen-woocommerce/bundles/PGDatabase/Services/Handlers/DatabaseHandler.php(78): PGI\Module\PGDatabase\Services\Handlers\DatabaseHandler->execute('ALTER TABLE `wp...', Array)
#4 /wordpress/wp-content/plugins/paygreen-woocommerce/bundles/PGDatabase/Services/Listeners/GenericDatabaseRunnerListener.php(63): PGI\Module\PGDatabase\Services\Handlers\DatabaseHandler->runScript('PGPayment:lock/...')
#5 [internal function]: PGI\Module\PGDatabase\Services\Listeners\GenericDatabaseRunnerListener->listen(Object(PGI\Module\PGModule\Components\Events\Module))
#6 /wordpress/wp-content/plugins/paygreen-woocommerce/bundles/PGModule/Services/Broadcaster.php(206): call_user_func(Array, Object(PGI\Module\PGModule\Components\Events\Module))
#7 /wordpress/wp-content/plugins/paygreen-woocommerce/bundles/PGModule/Services/Broadcaster.php(161): PGI\Module\PGModule\Services\Broadcaster->callListener(Object(PGI\Module\PGModule\Components\Events\Module), Array)
#8 /wordpress/wp-content/plugins/paygreen-woocommerce/bundles/PGModule/Services/Handlers/SetupHandler.php(196): PGI\Module\PGModule\Services\Broadcaster->fire(Object(PGI\Module\PGModule\Components\Events\Module))
#9 /wordpress/wp-content/plugins/paygreen-woocommerce/bundles/PGModule/Services/Handlers/SetupHandler.php(160): PGI\Module\PGModule\Services\Handlers\SetupHandler->fire('install', '4.10.2')
#10 /wordpress/wp-content/plugins/paygreen-woocommerce/bundles/PGModule/Services/Handlers/SetupHandler.php(106): PGI\Module\PGModule\Services\Handlers\SetupHandler->install()
#11 /wordpress/wp-content/plugins/paygreen-woocommerce/bundles/PGModule/Services/Handlers/SetupHandler.php(88): PGI\Module\PGModule\Services\Handlers\SetupHandler->runInstall()
#12 /wordpress/wp-content/plugins/paygreen-woocommerce/bundles/PGSystem/Components/Bootstrap.php(285): PGI\Module\PGModule\Services\Handlers\SetupHandler->run(3)
#13 /wordpress/wp-content/plugins/paygreen-woocommerce/bootstrap.php(108): PGI\Module\PGSystem\Components\Bootstrap->setup()
#14 /wordpress/wp-content/plugins/paygreen-woocommerce/paygreen-woocommerce.php(21): require_once('/wordpress/wp-c...')
#15 /wordpress/wp-admin/includes/plugin.php(2387): include_once('/wordpress/wp-c...')
#16 /wordpress/wp-admin/includes/plugin.php(673): plugin_sandbox_scrape('paygreen-woocom...')
#17 /internal/eval.php(20): activate_plugin('paygreen-woocom...')
#18 {main}</pre>
 for query ALTER TABLE `wp_paygreen_transaction_locks`
    ADD UNIQUE (`pid`) made by activate_plugin, plugin_sandbox_scrape, include_once('/plugins/paygreen-woocommerce/paygreen-woocommerce.php'), require_once('/plugins/paygreen-woocommerce/bootstrap.php'), PGI\Module\PGSystem\Components\Bootstrap->setup, PGI\Module\PGModule\Services\Handlers\SetupHandler->run, PGI\Module\PGModule\Services\Handlers\SetupHandler->runInstall, PGI\Module\PGModule\Services\Handlers\SetupHandler->install, PGI\Module\PGModule\Services\Handlers\SetupHandler->fire, PGI\Module\PGModule\Services\Broadcaster->fire, PGI\Module\PGModule\Services\Broadcaster->callListener, call_user_func, PGI\Module\PGDatabase\Services\Listeners\GenericDatabaseRunnerListener->listen, PGI\Module\PGDatabase\Services\Handlers\DatabaseHandler->runScript, PGI\Module\PGDatabase\Services\Handlers\DatabaseHandler->execute, PGI\Module\PGWordPress\Services\Officers\DatabaseOfficer->execute, WP_SQLite_DB->query, WP_SQLite_DB->print_error
[24-Apr-2025 03:14:33 UTC] Error during Paygreen module execution (/wordpress/wp-content/plugins/paygreen-woocommerce/bundles/PGWordPress/Services/Officers/DatabaseOfficer.php#98) : An error occurred during execute sql statement : <div style="clear:both">&nbsp;</div>
<div class="queries" style="clear:both;margin-bottom:2px;border:red dotted thin;">
<p>MySQL query:</p>
<p>ALTER TABLE `wp_paygreen_transaction_locks`
    ADD UNIQUE (`pid`)</p>
<p>Queries made or created this session were:</p>
<ol>
<li>Executing: BEGIN | (no parameters)</li>
<li>Executing: INSERT INTO _mysql_data_types_cache (`table`, `column_or_index`, `mysql_type`)
				VALUES (:table, :column, :datatype)
				ON CONFLICT(`table`, `column_or_index`) DO UPDATE SET `mysql_type` = :datatype
			 | parameters: wp_paygreen_transaction_locks, wp_paygreen_transaction_locks__(, UNIQUE</li>
<li>Executing: CREATE UNIQUE INDEX &quot;wp_paygreen_transaction_locks__(&quot; ON &quot;wp_paygreen_transaction_locks&quot; () | (no parameters)</li>
<li>Executing: ROLLBACK | (no parameters)</li>
</ol>
</div>
<div style="clear:both;margin-bottom:2px;border:red dotted thin;" class="error_message" style="border-bottom:dotted blue thin;">
Error occurred at line 4117 in Function <code>handle_error</code>. Error message was: SQLSTATE[HY000]: General error: 1 near ")": syntax error.
</div>
<p>Backtrace:</p>
<pre>#0 /internal/shared/sqlite-database-integration/wp-includes/sqlite/class-wp-sqlite-db.php(287): WP_SQLite_Translator->get_error_message()
#1 /wordpress/wp-content/plugins/paygreen-woocommerce/bundles/PGWordPress/Services/Officers/DatabaseOfficer.php(41): WP_SQLite_DB->query('ALTER TABLE `wp...')
#2 /wordpress/wp-content/plugins/paygreen-woocommerce/bundles/PGDatabase/Services/Handlers/DatabaseHandler.php(155): PGI\Module\PGWordPress\Services\Officers\DatabaseOfficer->execute('ALTER TABLE `wp...')
#3 /wordpress/wp-content/plugins/paygreen-woocommerce/bundles/PGDatabase/Services/Handlers/DatabaseHandler.php(78): PGI\Module\PGDatabase\Services\Handlers\DatabaseHandler->execute('ALTER TABLE `wp...', Array)
#4 /wordpress/wp-content/plugins/paygreen-woocommerce/bundles/PGDatabase/Services/Listeners/GenericDatabaseRunnerListener.php(63): PGI\Module\PGDatabase\Services\Handlers\DatabaseHandler->runScript('PGPayment:lock/...')
#5 [internal function]: PGI\Module\PGDatabase\Services\Listeners\GenericDatabaseRunnerListener->listen(Object(PGI\Module\PGModule\Components\Events\Module))
#6 /wordpress/wp-content/plugins/paygreen-woocommerce/bundles/PGModule/Services/Broadcaster.php(206): call_user_func(Array, Object(PGI\Module\PGModule\Components\Events\Module))
#7 /wordpress/wp-content/plugins/paygreen-woocommerce/bundles/PGModule/Services/Broadcaster.php(161): PGI\Module\PGModule\Services\Broadcaster->callListener(Object(PGI\Module\PGModule\Components\Events\Module), Array)
#8 /wordpress/wp-content/plugins/paygreen-woocommerce/bundles/PGModule/Services/Handlers/SetupHandler.php(196): PGI\Module\PGModule\Services\Broadcaster->fire(Object(PGI\Module\PGModule\Components\Events\Module))
#9 /wordpress/wp-content/plugins/paygreen-woocommerce/bundles/PGModule/Services/Handlers/SetupHandler.php(160): PGI\Module\PGModule\Services\Handlers\SetupHandler->fire('install', '4.10.2')
#10 /wordpress/wp-content/plugins/paygreen-woocommerce/bundles/PGModule/Services/Handlers/SetupHandler.php(106): PGI\Module\PGModule\Services\Handlers\SetupHandler->install()
#11 /wordpress/wp-content/plugins/paygreen-woocommerce/bundles/PGModule/Services/Handlers/SetupHandler.php(88): PGI\Module\PGModule\Services\Handlers\SetupHandler->runInstall()
#12 /wordpress/wp-content/plugins/paygreen-woocommerce/bundles/PGSystem/Components/Bootstrap.php(285): PGI\Module\PGModule\Services\Handlers\SetupHandler->run(3)
#13 /wordpress/wp-content/plugins/paygreen-woocommerce/bootstrap.php(108): PGI\Module\PGSystem\Components\Bootstrap->setup()
#14 /wordpress/wp-content/plugins/paygreen-woocommerce/paygreen-woocommerce.php(21): require_once('/wordpress/wp-c...')
#15 /wordpress/wp-admin/includes/plugin.php(2387): include_once('/wordpress/wp-c...')
#16 /wordpress/wp-admin/includes/plugin.php(673): plugin_sandbox_scrape('paygreen-woocom...')
#17 /internal/eval.php(20): activate_plugin('paygreen-woocom...')
#18 {main}</pre>

[24-Apr-2025 03:14:33 UTC] PHP Fatal error:  Uncaught Exception: An error occurred during execute sql statement : <div style="clear:both">&nbsp;</div>
<div class="queries" style="clear:both;margin-bottom:2px;border:red dotted thin;">
<p>MySQL query:</p>
<p>ALTER TABLE `wp_paygreen_transaction_locks`
    ADD UNIQUE (`pid`)</p>
<p>Queries made or created this session were:</p>
<ol>
<li>Executing: BEGIN | (no parameters)</li>
<li>Executing: INSERT INTO _mysql_data_types_cache (`table`, `column_or_index`, `mysql_type`)
				VALUES (:table, :column, :datatype)
				ON CONFLICT(`table`, `column_or_index`) DO UPDATE SET `mysql_type` = :datatype
			 | parameters: wp_paygreen_transaction_locks, wp_paygreen_transaction_locks__(, UNIQUE</li>
<li>Executing: CREATE UNIQUE INDEX &quot;wp_paygreen_transaction_locks__(&quot; ON &quot;wp_paygreen_transaction_locks&quot; () | (no parameters)</li>
<li>Executing: ROLLBACK | (no parameters)</li>
</ol>
</div>
<div style="clear:both;margin-bottom:2px;border:red dotted thin;" class="error_message" style="border-bottom:dotted blue thin;">
Error occurred at line 4117 in Function <code>handle_error</code>. Error message was: SQLSTATE[HY000]: General error: 1 near ")": syntax error.
</div>
<p>Backtrace:</p>
<pre>#0 /internal/shared/sqlite-database-integration/wp-includes/sqlite/class-wp-sqlite-db.php(287): WP_SQLite_Translator->get_error_message()
#1 /wordpress/wp-content/plugins/paygreen-woocommerce/bundles/PGWordPress/Services/Officers/DatabaseOfficer.php(41): WP_SQLite_DB->query('ALTER TABLE `wp...')
#2 /wordpress/wp-content/plugins/paygreen-woocommerce/bundles/PGDatabase/Services/Handlers/DatabaseHandler.php(155): PGI\Module\PGWordPress\Services\Officers\DatabaseOfficer->execute('ALTER TABLE `wp...')
#3 /wordpress/wp-content/plugins/paygreen-woocommerce/bundles/PGDatabase/Services/Handlers/DatabaseHandler.php(78): PGI\Module\PGDatabase\Services\Handlers\DatabaseHandler->execute('ALTER TABLE `wp...', Array)
#4 /wordpress/wp-content/plugins/paygreen-woocommerce/bundles/PGDatabase/Services/Listeners/GenericDatabaseRunnerListener.php(63): PGI\Module\PGDatabase\Services\Handlers\DatabaseHandler->runScript('PGPayment:lock/...')
#5 [internal function]: PGI\Module\PGDatabase\Services\Listeners\GenericDatabaseRunnerListener->listen(Object(PGI\Module\PGModule\Components\Events\Module))
#6 /wordpress/wp-content/plugins/paygreen-woocommerce/bundles/PGModule/Services/Broadcaster.php(206): call_user_func(Array, Object(PGI\Module\PGModule\Components\Events\Module))
#7 /wordpress/wp-content/plugins/paygreen-woocommerce/bundles/PGModule/Services/Broadcaster.php(161): PGI\Module\PGModule\Services\Broadcaster->callListener(Object(PGI\Module\PGModule\Components\Events\Module), Array)
#8 /wordpress/wp-content/plugins/paygreen-woocommerce/bundles/PGModule/Services/Handlers/SetupHandler.php(196): PGI\Module\PGModule\Services\Broadcaster->fire(Object(PGI\Module\PGModule\Components\Events\Module))
#9 /wordpress/wp-content/plugins/paygreen-woocommerce/bundles/PGModule/Services/Handlers/SetupHandler.php(160): PGI\Module\PGModule\Services\Handlers\SetupHandler->fire('install', '4.10.2')
#10 /wordpress/wp-content/plugins/paygreen-woocommerce/bundles/PGModule/Services/Handlers/SetupHandler.php(106): PGI\Module\PGModule\Services\Handlers\SetupHandler->install()
#11 /wordpress/wp-content/plugins/paygreen-woocommerce/bundles/PGModule/Services/Handlers/SetupHandler.php(88): PGI\Module\PGModule\Services\Handlers\SetupHandler->runInstall()
#12 /wordpress/wp-content/plugins/paygreen-woocommerce/bundles/PGSystem/Components/Bootstrap.php(285): PGI\Module\PGModule\Services\Handlers\SetupHandler->run(3)
#13 /wordpress/wp-content/plugins/paygreen-woocommerce/bootstrap.php(108): PGI\Module\PGSystem\Components\Bootstrap->setup()
#14 /wordpress/wp-content/plugins/paygreen-woocommerce/paygreen-woocommerce.php(21): require_once('/wordpress/wp-c...')
#15 /wordpress/wp-admin/includes/plugin.php(2387): include_once('/wordpress/wp-c...')
#16 /wordpress/wp-admin/includes/plugin.php(673): plugin_sandbox_scrape('paygreen-woocom...')
#17 /internal/eval.php(20): activate_plugin('paygreen-woocom...')
#18 {main}</pre>
 in /wordpress/wp-content/plugins/paygreen-woocommerce/bundles/PGWordPress/Services/Officers/DatabaseOfficer.php:98
Stack trace:
#0 /wordpress/wp-content/plugins/paygreen-woocommerce/bundles/PGWordPress/Services/Officers/DatabaseOfficer.php(43): PGI\Module\PGWordPress\Services\Officers\DatabaseOfficer->verifyErrors()
#1 /wordpress/wp-content/plugins/paygreen-woocommerce/bundles/PGDatabase/Services/Handlers/DatabaseHandler.php(155): PGI\Module\PGWordPress\Services\Officers\DatabaseOfficer->execute('ALTER TABLE `wp...')
#2 /wordpress/wp-content/plugins/paygreen-woocommerce/bundles/PGDatabase/Services/Handlers/DatabaseHandler.php(78): PGI\Module\PGDatabase\Services\Handlers\DatabaseHandler->execute('ALTER TABLE `wp...', Array)
#3 /wordpress/wp-content/plugins/paygreen-woocommerce/bundles/PGDatabase/Services/Listeners/GenericDatabaseRunnerListener.php(63): PGI\Module\PGDatabase\Services\Handlers\DatabaseHandler->runScript('PGPayment:lock/...')
#4 [internal function]: PGI\Module\PGDatabase\Services\Listeners\GenericDatabaseRunnerListener->listen(Object(PGI\Module\PGModule\Components\Events\Module))
#5 /wordpress/wp-content/plugins/paygreen-woocommerce/bundles/PGModule/Services/Broadcaster.php(206): call_user_func(Array, Object(PGI\Module\PGModule\Components\Events\Module))
#6 /wordpress/wp-content/plugins/paygreen-woocommerce/bundles/PGModule/Services/Broadcaster.php(161): PGI\Module\PGModule\Services\Broadcaster->callListener(Object(PGI\Module\PGModule\Components\Events\Module), Array)
#7 /wordpress/wp-content/plugins/paygreen-woocommerce/bundles/PGModule/Services/Handlers/SetupHandler.php(196): PGI\Module\PGModule\Services\Broadcaster->fire(Object(PGI\Module\PGModule\Components\Events\Module))
#8 /wordpress/wp-content/plugins/paygreen-woocommerce/bundles/PGModule/Services/Handlers/SetupHandler.php(160): PGI\Module\PGModule\Services\Handlers\SetupHandler->fire('install', '4.10.2')
#9 /wordpress/wp-content/plugins/paygreen-woocommerce/bundles/PGModule/Services/Handlers/SetupHandler.php(106): PGI\Module\PGModule\Services\Handlers\SetupHandler->install()
#10 /wordpress/wp-content/plugins/paygreen-woocommerce/bundles/PGModule/Services/Handlers/SetupHandler.php(88): PGI\Module\PGModule\Services\Handlers\SetupHandler->runInstall()
#11 /wordpress/wp-content/plugins/paygreen-woocommerce/bundles/PGSystem/Components/Bootstrap.php(285): PGI\Module\PGModule\Services\Handlers\SetupHandler->run(3)
#12 /wordpress/wp-content/plugins/paygreen-woocommerce/bootstrap.php(108): PGI\Module\PGSystem\Components\Bootstrap->setup()
#13 /wordpress/wp-content/plugins/paygreen-woocommerce/paygreen-woocommerce.php(21): require_once('/wordpress/wp-c...')
#14 /wordpress/wp-admin/includes/plugin.php(2387): include_once('/wordpress/wp-c...')
#15 /wordpress/wp-admin/includes/plugin.php(673): plugin_sandbox_scrape('paygreen-woocom...')
#16 /internal/eval.php(20): activate_plugin('paygreen-woocom...')
#17 {main}
  thrown in /wordpress/wp-content/plugins/paygreen-woocommerce/bundles/PGWordPress/Services/Officers/DatabaseOfficer.php on line 98
[24-Apr-2025 03:14:47 UTC] WordPress database error <div style="clear:both">&nbsp;</div>
<div class="queries" style="clear:both;margin-bottom:2px;border:red dotted thin;">
<p>MySQL query:</p>
<p>SELECT 1 FROM `wp_paygreen_transactions` LIMIT 1;</p>
<p>Queries made or created this session were:</p>
<ol>
<li>Executing: BEGIN | (no parameters)</li>
<li>Executing: SELECT 1 FROM `wp_paygreen_transactions` LIMIT 1; | (no parameters)</li>
<li>Executing: ROLLBACK | (no parameters)</li>
</ol>
</div>
<div style="clear:both;margin-bottom:2px;border:red dotted thin;" class="error_message" style="border-bottom:dotted blue thin;">
Error occurred at line 4117 in Function <code>handle_error</code>. Error message was: SQLSTATE[HY000]: General error: 1 no such table: wp_paygreen_transactions.
</div>
<p>Backtrace:</p>
<pre>#0 /internal/shared/sqlite-database-integration/wp-includes/sqlite/class-wp-sqlite-db.php(287): WP_SQLite_Translator->get_error_message()
#1 /wordpress/wp-content/plugins/paygreen-woocommerce/bundles/PGWordPress/Services/Officers/DatabaseOfficer.php(41): WP_SQLite_DB->query('SELECT 1 FROM `...')
#2 /wordpress/wp-content/plugins/paygreen-woocommerce/bundles/MODPaygreen/services/officers/SetupOfficer.php(78): PGI\Module\PGWordPress\Services\Officers\DatabaseOfficer->execute('SELECT 1 FROM `...')
#3 /wordpress/wp-content/plugins/paygreen-woocommerce/bundles/MODPaygreen/services/officers/SetupOfficer.php(54): PGI\Module\MODPaygreen\Services\Officers\SetupOfficer->isValidRequest('SELECT 1 FROM `...')
#4 /wordpress/wp-content/plugins/paygreen-woocommerce/bundles/PGModule/Services/Handlers/SetupHandler.php(242): PGI\Module\MODPaygreen\Services\Officers\SetupOfficer->retrieveOldInstallation()
#5 /wordpress/wp-content/plugins/paygreen-woocommerce/bundles/PGModule/Services/Handlers/SetupHandler.php(215): PGI\Module\PGModule\Services\Handlers\SetupHandler->buildLastUpdate()
#6 /wordpress/wp-content/plugins/paygreen-woocommerce/bundles/PGModule/Services/Handlers/SetupHandler.php(85): PGI\Module\PGModule\Services\Handlers\SetupHandler->getLastUpdate()
#7 /wordpress/wp-content/plugins/paygreen-woocommerce/bundles/PGSystem/Components/Bootstrap.php(285): PGI\Module\PGModule\Services\Handlers\SetupHandler->run(3)
#8 /wordpress/wp-content/plugins/paygreen-woocommerce/bootstrap.php(108): PGI\Module\PGSystem\Components\Bootstrap->setup()
#9 /wordpress/wp-content/plugins/paygreen-woocommerce/paygreen-woocommerce.php(21): require_once('/wordpress/wp-c...')
#10 /wordpress/wp-admin/includes/plugin.php(2387): include_once('/wordpress/wp-c...')
#11 /wordpress/wp-admin/includes/plugin.php(673): plugin_sandbox_scrape('paygreen-woocom...')
#12 /internal/eval.php(20): activate_plugin('paygreen-woocom...')
#13 {main}</pre>
 for query SELECT 1 FROM `wp_paygreen_transactions` LIMIT 1; made by activate_plugin, plugin_sandbox_scrape, include_once('/plugins/paygreen-woocommerce/paygreen-woocommerce.php'), require_once('/plugins/paygreen-woocommerce/bootstrap.php'), PGI\Module\PGSystem\Components\Bootstrap->setup, PGI\Module\PGModule\Services\Handlers\SetupHandler->run, PGI\Module\PGModule\Services\Handlers\SetupHandler->getLastUpdate, PGI\Module\PGModule\Services\Handlers\SetupHandler->buildLastUpdate, PGI\Module\MODPaygreen\Services\Officers\SetupOfficer->retrieveOldInstallation, PGI\Module\MODPaygreen\Services\Officers\SetupOfficer->isValidRequest, PGI\Module\PGWordPress\Services\Officers\DatabaseOfficer->execute, WP_SQLite_DB->query, WP_SQLite_DB->print_error
[24-Apr-2025 03:14:47 UTC] WordPress database error <div style="clear:both">&nbsp;</div>
<div class="queries" style="clear:both;margin-bottom:2px;border:red dotted thin;">
<p>MySQL query:</p>
<p>SELECT 1 FROM `wp_paygreen_transactions` LIMIT 1;</p>
<p>Queries made or created this session were:</p>
<ol>
<li>Executing: BEGIN | (no parameters)</li>
<li>Executing: SELECT 1 FROM `wp_paygreen_transactions` LIMIT 1; | (no parameters)</li>
<li>Executing: ROLLBACK | (no parameters)</li>
</ol>
</div>
<div style="clear:both;margin-bottom:2px;border:red dotted thin;" class="error_message" style="border-bottom:dotted blue thin;">
Error occurred at line 4117 in Function <code>handle_error</code>. Error message was: SQLSTATE[HY000]: General error: 1 no such table: wp_paygreen_transactions.
</div>
<p>Backtrace:</p>
<pre>#0 /internal/shared/sqlite-database-integration/wp-includes/sqlite/class-wp-sqlite-db.php(287): WP_SQLite_Translator->get_error_message()
#1 /wordpress/wp-content/plugins/paygreen-woocommerce/bundles/PGWordPress/Services/Officers/DatabaseOfficer.php(41): WP_SQLite_DB->query('SELECT 1 FROM `...')
#2 /wordpress/wp-content/plugins/paygreen-woocommerce/bundles/MODPaygreen/services/officers/SetupOfficer.php(78): PGI\Module\PGWordPress\Services\Officers\DatabaseOfficer->execute('SELECT 1 FROM `...')
#3 /wordpress/wp-content/plugins/paygreen-woocommerce/bundles/MODPaygreen/services/officers/SetupOfficer.php(54): PGI\Module\MODPaygreen\Services\Officers\SetupOfficer->isValidRequest('SELECT 1 FROM `...')
#4 /wordpress/wp-content/plugins/paygreen-woocommerce/bundles/PGModule/Services/Handlers/SetupHandler.php(242): PGI\Module\MODPaygreen\Services\Officers\SetupOfficer->retrieveOldInstallation()
#5 /wordpress/wp-content/plugins/paygreen-woocommerce/bundles/PGModule/Services/Handlers/SetupHandler.php(215): PGI\Module\PGModule\Services\Handlers\SetupHandler->buildLastUpdate()
#6 /wordpress/wp-content/plugins/paygreen-woocommerce/bundles/PGModule/Services/Handlers/SetupHandler.php(104): PGI\Module\PGModule\Services\Handlers\SetupHandler->getLastUpdate()
#7 /wordpress/wp-content/plugins/paygreen-woocommerce/bundles/PGModule/Services/Handlers/SetupHandler.php(88): PGI\Module\PGModule\Services\Handlers\SetupHandler->runInstall()
#8 /wordpress/wp-content/plugins/paygreen-woocommerce/bundles/PGSystem/Components/Bootstrap.php(285): PGI\Module\PGModule\Services\Handlers\SetupHandler->run(3)
#9 /wordpress/wp-content/plugins/paygreen-woocommerce/bootstrap.php(108): PGI\Module\PGSystem\Components\Bootstrap->setup()
#10 /wordpress/wp-content/plugins/paygreen-woocommerce/paygreen-woocommerce.php(21): require_once('/wordpress/wp-c...')
#11 /wordpress/wp-admin/includes/plugin.php(2387): include_once('/wordpress/wp-c...')
#12 /wordpress/wp-admin/includes/plugin.php(673): plugin_sandbox_scrape('paygreen-woocom...')
#13 /internal/eval.php(20): activate_plugin('paygreen-woocom...')
#14 {main}</pre>
 for query SELECT 1 FROM `wp_paygreen_transactions` LIMIT 1; made by activate_plugin, plugin_sandbox_scrape, include_once('/plugins/paygreen-woocommerce/paygreen-woocommerce.php'), require_once('/plugins/paygreen-woocommerce/bootstrap.php'), PGI\Module\PGSystem\Components\Bootstrap->setup, PGI\Module\PGModule\Services\Handlers\SetupHandler->run, PGI\Module\PGModule\Services\Handlers\SetupHandler->runInstall, PGI\Module\PGModule\Services\Handlers\SetupHandler->getLastUpdate, PGI\Module\PGModule\Services\Handlers\SetupHandler->buildLastUpdate, PGI\Module\MODPaygreen\Services\Officers\SetupOfficer->retrieveOldInstallation, PGI\Module\MODPaygreen\Services\Officers\SetupOfficer->isValidRequest, PGI\Module\PGWordPress\Services\Officers\DatabaseOfficer->execute, WP_SQLite_DB->query, WP_SQLite_DB->print_error
[24-Apr-2025 03:14:47 UTC] WordPress database error <div style="clear:both">&nbsp;</div>
<div class="queries" style="clear:both;margin-bottom:2px;border:red dotted thin;">
<p>MySQL query:</p>
<p>SELECT 1 FROM `wp_paygreen_transactions` LIMIT 1;</p>
<p>Queries made or created this session were:</p>
<ol>
<li>Executing: BEGIN | (no parameters)</li>
<li>Executing: SELECT 1 FROM `wp_paygreen_transactions` LIMIT 1; | (no parameters)</li>
<li>Executing: ROLLBACK | (no parameters)</li>
</ol>
</div>
<div style="clear:both;margin-bottom:2px;border:red dotted thin;" class="error_message" style="border-bottom:dotted blue thin;">
Error occurred at line 4117 in Function <code>handle_error</code>. Error message was: SQLSTATE[HY000]: General error: 1 no such table: wp_paygreen_transactions.
</div>
<p>Backtrace:</p>
<pre>#0 /internal/shared/sqlite-database-integration/wp-includes/sqlite/class-wp-sqlite-db.php(287): WP_SQLite_Translator->get_error_message()
#1 /wordpress/wp-content/plugins/paygreen-woocommerce/bundles/PGWordPress/Services/Officers/DatabaseOfficer.php(41): WP_SQLite_DB->query('SELECT 1 FROM `...')
#2 /wordpress/wp-content/plugins/paygreen-woocommerce/bundles/MODPaygreen/services/officers/SetupOfficer.php(78): PGI\Module\PGWordPress\Services\Officers\DatabaseOfficer->execute('SELECT 1 FROM `...')
#3 /wordpress/wp-content/plugins/paygreen-woocommerce/bundles/MODPaygreen/services/officers/SetupOfficer.php(54): PGI\Module\MODPaygreen\Services\Officers\SetupOfficer->isValidRequest('SELECT 1 FROM `...')
#4 /wordpress/wp-content/plugins/paygreen-woocommerce/bundles/PGModule/Services/Handlers/SetupHandler.php(242): PGI\Module\MODPaygreen\Services\Officers\SetupOfficer->retrieveOldInstallation()
#5 /wordpress/wp-content/plugins/paygreen-woocommerce/bundles/PGModule/Services/Handlers/SetupHandler.php(215): PGI\Module\PGModule\Services\Handlers\SetupHandler->buildLastUpdate()
#6 /wordpress/wp-content/plugins/paygreen-woocommerce/bundles/PGModule/Services/Handlers/SetupHandler.php(189): PGI\Module\PGModule\Services\Handlers\SetupHandler->getLastUpdate()
#7 /wordpress/wp-content/plugins/paygreen-woocommerce/bundles/PGModule/Services/Handlers/SetupHandler.php(160): PGI\Module\PGModule\Services\Handlers\SetupHandler->fire('install', '4.10.2')
#8 /wordpress/wp-content/plugins/paygreen-woocommerce/bundles/PGModule/Services/Handlers/SetupHandler.php(106): PGI\Module\PGModule\Services\Handlers\SetupHandler->install()
#9 /wordpress/wp-content/plugins/paygreen-woocommerce/bundles/PGModule/Services/Handlers/SetupHandler.php(88): PGI\Module\PGModule\Services\Handlers\SetupHandler->runInstall()
#10 /wordpress/wp-content/plugins/paygreen-woocommerce/bundles/PGSystem/Components/Bootstrap.php(285): PGI\Module\PGModule\Services\Handlers\SetupHandler->run(3)
#11 /wordpress/wp-content/plugins/paygreen-woocommerce/bootstrap.php(108): PGI\Module\PGSystem\Components\Bootstrap->setup()
#12 /wordpress/wp-content/plugins/paygreen-woocommerce/paygreen-woocommerce.php(21): require_once('/wordpress/wp-c...')
#13 /wordpress/wp-admin/includes/plugin.php(2387): include_once('/wordpress/wp-c...')
#14 /wordpress/wp-admin/includes/plugin.php(673): plugin_sandbox_scrape('paygreen-woocom...')
#15 /internal/eval.php(20): activate_plugin('paygreen-woocom...')
#16 {main}</pre>
 for query SELECT 1 FROM `wp_paygreen_transactions` LIMIT 1; made by activate_plugin, plugin_sandbox_scrape, include_once('/plugins/paygreen-woocommerce/paygreen-woocommerce.php'), require_once('/plugins/paygreen-woocommerce/bootstrap.php'), PGI\Module\PGSystem\Components\Bootstrap->setup, PGI\Module\PGModule\Services\Handlers\SetupHandler->run, PGI\Module\PGModule\Services\Handlers\SetupHandler->runInstall, PGI\Module\PGModule\Services\Handlers\SetupHandler->install, PGI\Module\PGModule\Services\Handlers\SetupHandler->fire, PGI\Module\PGModule\Services\Handlers\SetupHandler->getLastUpdate, PGI\Module\PGModule\Services\Handlers\SetupHandler->buildLastUpdate, PGI\Module\MODPaygreen\Services\Officers\SetupOfficer->retrieveOldInstallation, PGI\Module\MODPaygreen\Services\Officers\SetupOfficer->isValidRequest, PGI\Module\PGWordPress\Services\Officers\DatabaseOfficer->execute, WP_SQLite_DB->query, WP_SQLite_DB->print_error
[24-Apr-2025 03:14:47 UTC] WordPress database error <div style="clear:both">&nbsp;</div>
<div class="queries" style="clear:both;margin-bottom:2px;border:red dotted thin;">
<p>MySQL query:</p>
<p>ALTER TABLE `wp_paygreen_transaction_locks`
    ADD UNIQUE (`pid`)</p>
<p>Queries made or created this session were:</p>
<ol>
<li>Executing: BEGIN | (no parameters)</li>
<li>Executing: INSERT INTO _mysql_data_types_cache (`table`, `column_or_index`, `mysql_type`)
				VALUES (:table, :column, :datatype)
				ON CONFLICT(`table`, `column_or_index`) DO UPDATE SET `mysql_type` = :datatype
			 | parameters: wp_paygreen_transaction_locks, wp_paygreen_transaction_locks__(, UNIQUE</li>
<li>Executing: CREATE UNIQUE INDEX &quot;wp_paygreen_transaction_locks__(&quot; ON &quot;wp_paygreen_transaction_locks&quot; () | (no parameters)</li>
<li>Executing: ROLLBACK | (no parameters)</li>
</ol>
</div>
<div style="clear:both;margin-bottom:2px;border:red dotted thin;" class="error_message" style="border-bottom:dotted blue thin;">
Error occurred at line 4117 in Function <code>handle_error</code>. Error message was: SQLSTATE[HY000]: General error: 1 near ")": syntax error.
</div>
<p>Backtrace:</p>
<pre>#0 /internal/shared/sqlite-database-integration/wp-includes/sqlite/class-wp-sqlite-db.php(287): WP_SQLite_Translator->get_error_message()
#1 /wordpress/wp-content/plugins/paygreen-woocommerce/bundles/PGWordPress/Services/Officers/DatabaseOfficer.php(41): WP_SQLite_DB->query('ALTER TABLE `wp...')
#2 /wordpress/wp-content/plugins/paygreen-woocommerce/bundles/PGDatabase/Services/Handlers/DatabaseHandler.php(155): PGI\Module\PGWordPress\Services\Officers\DatabaseOfficer->execute('ALTER TABLE `wp...')
#3 /wordpress/wp-content/plugins/paygreen-woocommerce/bundles/PGDatabase/Services/Handlers/DatabaseHandler.php(78): PGI\Module\PGDatabase\Services\Handlers\DatabaseHandler->execute('ALTER TABLE `wp...', Array)
#4 /wordpress/wp-content/plugins/paygreen-woocommerce/bundles/PGDatabase/Services/Listeners/GenericDatabaseRunnerListener.php(63): PGI\Module\PGDatabase\Services\Handlers\DatabaseHandler->runScript('PGPayment:lock/...')
#5 [internal function]: PGI\Module\PGDatabase\Services\Listeners\GenericDatabaseRunnerListener->listen(Object(PGI\Module\PGModule\Components\Events\Module))
#6 /wordpress/wp-content/plugins/paygreen-woocommerce/bundles/PGModule/Services/Broadcaster.php(206): call_user_func(Array, Object(PGI\Module\PGModule\Components\Events\Module))
#7 /wordpress/wp-content/plugins/paygreen-woocommerce/bundles/PGModule/Services/Broadcaster.php(161): PGI\Module\PGModule\Services\Broadcaster->callListener(Object(PGI\Module\PGModule\Components\Events\Module), Array)
#8 /wordpress/wp-content/plugins/paygreen-woocommerce/bundles/PGModule/Services/Handlers/SetupHandler.php(196): PGI\Module\PGModule\Services\Broadcaster->fire(Object(PGI\Module\PGModule\Components\Events\Module))
#9 /wordpress/wp-content/plugins/paygreen-woocommerce/bundles/PGModule/Services/Handlers/SetupHandler.php(160): PGI\Module\PGModule\Services\Handlers\SetupHandler->fire('install', '4.10.2')
#10 /wordpress/wp-content/plugins/paygreen-woocommerce/bundles/PGModule/Services/Handlers/SetupHandler.php(106): PGI\Module\PGModule\Services\Handlers\SetupHandler->install()
#11 /wordpress/wp-content/plugins/paygreen-woocommerce/bundles/PGModule/Services/Handlers/SetupHandler.php(88): PGI\Module\PGModule\Services\Handlers\SetupHandler->runInstall()
#12 /wordpress/wp-content/plugins/paygreen-woocommerce/bundles/PGSystem/Components/Bootstrap.php(285): PGI\Module\PGModule\Services\Handlers\SetupHandler->run(3)
#13 /wordpress/wp-content/plugins/paygreen-woocommerce/bootstrap.php(108): PGI\Module\PGSystem\Components\Bootstrap->setup()
#14 /wordpress/wp-content/plugins/paygreen-woocommerce/paygreen-woocommerce.php(21): require_once('/wordpress/wp-c...')
#15 /wordpress/wp-admin/includes/plugin.php(2387): include_once('/wordpress/wp-c...')
#16 /wordpress/wp-admin/includes/plugin.php(673): plugin_sandbox_scrape('paygreen-woocom...')
#17 /internal/eval.php(20): activate_plugin('paygreen-woocom...')
#18 {main}</pre>
 for query ALTER TABLE `wp_paygreen_transaction_locks`
    ADD UNIQUE (`pid`) made by activate_plugin, plugin_sandbox_scrape, include_once('/plugins/paygreen-woocommerce/paygreen-woocommerce.php'), require_once('/plugins/paygreen-woocommerce/bootstrap.php'), PGI\Module\PGSystem\Components\Bootstrap->setup, PGI\Module\PGModule\Services\Handlers\SetupHandler->run, PGI\Module\PGModule\Services\Handlers\SetupHandler->runInstall, PGI\Module\PGModule\Services\Handlers\SetupHandler->install, PGI\Module\PGModule\Services\Handlers\SetupHandler->fire, PGI\Module\PGModule\Services\Broadcaster->fire, PGI\Module\PGModule\Services\Broadcaster->callListener, call_user_func, PGI\Module\PGDatabase\Services\Listeners\GenericDatabaseRunnerListener->listen, PGI\Module\PGDatabase\Services\Handlers\DatabaseHandler->runScript, PGI\Module\PGDatabase\Services\Handlers\DatabaseHandler->execute, PGI\Module\PGWordPress\Services\Officers\DatabaseOfficer->execute, WP_SQLite_DB->query, WP_SQLite_DB->print_error
[24-Apr-2025 03:14:47 UTC] Error during Paygreen module execution (/wordpress/wp-content/plugins/paygreen-woocommerce/bundles/PGWordPress/Services/Officers/DatabaseOfficer.php#98) : An error occurred during execute sql statement : <div style="clear:both">&nbsp;</div>
<div class="queries" style="clear:both;margin-bottom:2px;border:red dotted thin;">
<p>MySQL query:</p>
<p>ALTER TABLE `wp_paygreen_transaction_locks`
    ADD UNIQUE (`pid`)</p>
<p>Queries made or created this session were:</p>
<ol>
<li>Executing: BEGIN | (no parameters)</li>
<li>Executing: INSERT INTO _mysql_data_types_cache (`table`, `column_or_index`, `mysql_type`)
				VALUES (:table, :column, :datatype)
				ON CONFLICT(`table`, `column_or_index`) DO UPDATE SET `mysql_type` = :datatype
			 | parameters: wp_paygreen_transaction_locks, wp_paygreen_transaction_locks__(, UNIQUE</li>
<li>Executing: CREATE UNIQUE INDEX &quot;wp_paygreen_transaction_locks__(&quot; ON &quot;wp_paygreen_transaction_locks&quot; () | (no parameters)</li>
<li>Executing: ROLLBACK | (no parameters)</li>
</ol>
</div>
<div style="clear:both;margin-bottom:2px;border:red dotted thin;" class="error_message" style="border-bottom:dotted blue thin;">
Error occurred at line 4117 in Function <code>handle_error</code>. Error message was: SQLSTATE[HY000]: General error: 1 near ")": syntax error.
</div>
<p>Backtrace:</p>
<pre>#0 /internal/shared/sqlite-database-integration/wp-includes/sqlite/class-wp-sqlite-db.php(287): WP_SQLite_Translator->get_error_message()
#1 /wordpress/wp-content/plugins/paygreen-woocommerce/bundles/PGWordPress/Services/Officers/DatabaseOfficer.php(41): WP_SQLite_DB->query('ALTER TABLE `wp...')
#2 /wordpress/wp-content/plugins/paygreen-woocommerce/bundles/PGDatabase/Services/Handlers/DatabaseHandler.php(155): PGI\Module\PGWordPress\Services\Officers\DatabaseOfficer->execute('ALTER TABLE `wp...')
#3 /wordpress/wp-content/plugins/paygreen-woocommerce/bundles/PGDatabase/Services/Handlers/DatabaseHandler.php(78): PGI\Module\PGDatabase\Services\Handlers\DatabaseHandler->execute('ALTER TABLE `wp...', Array)
#4 /wordpress/wp-content/plugins/paygreen-woocommerce/bundles/PGDatabase/Services/Listeners/GenericDatabaseRunnerListener.php(63): PGI\Module\PGDatabase\Services\Handlers\DatabaseHandler->runScript('PGPayment:lock/...')
#5 [internal function]: PGI\Module\PGDatabase\Services\Listeners\GenericDatabaseRunnerListener->listen(Object(PGI\Module\PGModule\Components\Events\Module))
#6 /wordpress/wp-content/plugins/paygreen-woocommerce/bundles/PGModule/Services/Broadcaster.php(206): call_user_func(Array, Object(PGI\Module\PGModule\Components\Events\Module))
#7 /wordpress/wp-content/plugins/paygreen-woocommerce/bundles/PGModule/Services/Broadcaster.php(161): PGI\Module\PGModule\Services\Broadcaster->callListener(Object(PGI\Module\PGModule\Components\Events\Module), Array)
#8 /wordpress/wp-content/plugins/paygreen-woocommerce/bundles/PGModule/Services/Handlers/SetupHandler.php(196): PGI\Module\PGModule\Services\Broadcaster->fire(Object(PGI\Module\PGModule\Components\Events\Module))
#9 /wordpress/wp-content/plugins/paygreen-woocommerce/bundles/PGModule/Services/Handlers/SetupHandler.php(160): PGI\Module\PGModule\Services\Handlers\SetupHandler->fire('install', '4.10.2')
#10 /wordpress/wp-content/plugins/paygreen-woocommerce/bundles/PGModule/Services/Handlers/SetupHandler.php(106): PGI\Module\PGModule\Services\Handlers\SetupHandler->install()
#11 /wordpress/wp-content/plugins/paygreen-woocommerce/bundles/PGModule/Services/Handlers/SetupHandler.php(88): PGI\Module\PGModule\Services\Handlers\SetupHandler->runInstall()
#12 /wordpress/wp-content/plugins/paygreen-woocommerce/bundles/PGSystem/Components/Bootstrap.php(285): PGI\Module\PGModule\Services\Handlers\SetupHandler->run(3)
#13 /wordpress/wp-content/plugins/paygreen-woocommerce/bootstrap.php(108): PGI\Module\PGSystem\Components\Bootstrap->setup()
#14 /wordpress/wp-content/plugins/paygreen-woocommerce/paygreen-woocommerce.php(21): require_once('/wordpress/wp-c...')
#15 /wordpress/wp-admin/includes/plugin.php(2387): include_once('/wordpress/wp-c...')
#16 /wordpress/wp-admin/includes/plugin.php(673): plugin_sandbox_scrape('paygreen-woocom...')
#17 /internal/eval.php(20): activate_plugin('paygreen-woocom...')
#18 {main}</pre>

[24-Apr-2025 03:14:47 UTC] PHP Fatal error:  Uncaught Exception: An error occurred during execute sql statement : <div style="clear:both">&nbsp;</div>
<div class="queries" style="clear:both;margin-bottom:2px;border:red dotted thin;">
<p>MySQL query:</p>
<p>ALTER TABLE `wp_paygreen_transaction_locks`
    ADD UNIQUE (`pid`)</p>
<p>Queries made or created this session were:</p>
<ol>
<li>Executing: BEGIN | (no parameters)</li>
<li>Executing: INSERT INTO _mysql_data_types_cache (`table`, `column_or_index`, `mysql_type`)
				VALUES (:table, :column, :datatype)
				ON CONFLICT(`table`, `column_or_index`) DO UPDATE SET `mysql_type` = :datatype
			 | parameters: wp_paygreen_transaction_locks, wp_paygreen_transaction_locks__(, UNIQUE</li>
<li>Executing: CREATE UNIQUE INDEX &quot;wp_paygreen_transaction_locks__(&quot; ON &quot;wp_paygreen_transaction_locks&quot; () | (no parameters)</li>
<li>Executing: ROLLBACK | (no parameters)</li>
</ol>
</div>
<div style="clear:both;margin-bottom:2px;border:red dotted thin;" class="error_message" style="border-bottom:dotted blue thin;">
Error occurred at line 4117 in Function <code>handle_error</code>. Error message was: SQLSTATE[HY000]: General error: 1 near ")": syntax error.
</div>
<p>Backtrace:</p>
<pre>#0 /internal/shared/sqlite-database-integration/wp-includes/sqlite/class-wp-sqlite-db.php(287): WP_SQLite_Translator->get_error_message()
#1 /wordpress/wp-content/plugins/paygreen-woocommerce/bundles/PGWordPress/Services/Officers/DatabaseOfficer.php(41): WP_SQLite_DB->query('ALTER TABLE `wp...')
#2 /wordpress/wp-content/plugins/paygreen-woocommerce/bundles/PGDatabase/Services/Handlers/DatabaseHandler.php(155): PGI\Module\PGWordPress\Services\Officers\DatabaseOfficer->execute('ALTER TABLE `wp...')
#3 /wordpress/wp-content/plugins/paygreen-woocommerce/bundles/PGDatabase/Services/Handlers/DatabaseHandler.php(78): PGI\Module\PGDatabase\Services\Handlers\DatabaseHandler->execute('ALTER TABLE `wp...', Array)
#4 /wordpress/wp-content/plugins/paygreen-woocommerce/bundles/PGDatabase/Services/Listeners/GenericDatabaseRunnerListener.php(63): PGI\Module\PGDatabase\Services\Handlers\DatabaseHandler->runScript('PGPayment:lock/...')
#5 [internal function]: PGI\Module\PGDatabase\Services\Listeners\GenericDatabaseRunnerListener->listen(Object(PGI\Module\PGModule\Components\Events\Module))
#6 /wordpress/wp-content/plugins/paygreen-woocommerce/bundles/PGModule/Services/Broadcaster.php(206): call_user_func(Array, Object(PGI\Module\PGModule\Components\Events\Module))
#7 /wordpress/wp-content/plugins/paygreen-woocommerce/bundles/PGModule/Services/Broadcaster.php(161): PGI\Module\PGModule\Services\Broadcaster->callListener(Object(PGI\Module\PGModule\Components\Events\Module), Array)
#8 /wordpress/wp-content/plugins/paygreen-woocommerce/bundles/PGModule/Services/Handlers/SetupHandler.php(196): PGI\Module\PGModule\Services\Broadcaster->fire(Object(PGI\Module\PGModule\Components\Events\Module))
#9 /wordpress/wp-content/plugins/paygreen-woocommerce/bundles/PGModule/Services/Handlers/SetupHandler.php(160): PGI\Module\PGModule\Services\Handlers\SetupHandler->fire('install', '4.10.2')
#10 /wordpress/wp-content/plugins/paygreen-woocommerce/bundles/PGModule/Services/Handlers/SetupHandler.php(106): PGI\Module\PGModule\Services\Handlers\SetupHandler->install()
#11 /wordpress/wp-content/plugins/paygreen-woocommerce/bundles/PGModule/Services/Handlers/SetupHandler.php(88): PGI\Module\PGModule\Services\Handlers\SetupHandler->runInstall()
#12 /wordpress/wp-content/plugins/paygreen-woocommerce/bundles/PGSystem/Components/Bootstrap.php(285): PGI\Module\PGModule\Services\Handlers\SetupHandler->run(3)
#13 /wordpress/wp-content/plugins/paygreen-woocommerce/bootstrap.php(108): PGI\Module\PGSystem\Components\Bootstrap->setup()
#14 /wordpress/wp-content/plugins/paygreen-woocommerce/paygreen-woocommerce.php(21): require_once('/wordpress/wp-c...')
#15 /wordpress/wp-admin/includes/plugin.php(2387): include_once('/wordpress/wp-c...')
#16 /wordpress/wp-admin/includes/plugin.php(673): plugin_sandbox_scrape('paygreen-woocom...')
#17 /internal/eval.php(20): activate_plugin('paygreen-woocom...')
#18 {main}</pre>
 in /wordpress/wp-content/plugins/paygreen-woocommerce/bundles/PGWordPress/Services/Officers/DatabaseOfficer.php:98
Stack trace:
#0 /wordpress/wp-content/plugins/paygreen-woocommerce/bundles/PGWordPress/Services/Officers/DatabaseOfficer.php(43): PGI\Module\PGWordPress\Services\Officers\DatabaseOfficer->verifyErrors()
#1 /wordpress/wp-content/plugins/paygreen-woocommerce/bundles/PGDatabase/Services/Handlers/DatabaseHandler.php(155): PGI\Module\PGWordPress\Services\Officers\DatabaseOfficer->execute('ALTER TABLE `wp...')
#2 /wordpress/wp-content/plugins/paygreen-woocommerce/bundles/PGDatabase/Services/Handlers/DatabaseHandler.php(78): PGI\Module\PGDatabase\Services\Handlers\DatabaseHandler->execute('ALTER TABLE `wp...', Array)
#3 /wordpress/wp-content/plugins/paygreen-woocommerce/bundles/PGDatabase/Services/Listeners/GenericDatabaseRunnerListener.php(63): PGI\Module\PGDatabase\Services\Handlers\DatabaseHandler->runScript('PGPayment:lock/...')
#4 [internal function]: PGI\Module\PGDatabase\Services\Listeners\GenericDatabaseRunnerListener->listen(Object(PGI\Module\PGModule\Components\Events\Module))
#5 /wordpress/wp-content/plugins/paygreen-woocommerce/bundles/PGModule/Services/Broadcaster.php(206): call_user_func(Array, Object(PGI\Module\PGModule\Components\Events\Module))
#6 /wordpress/wp-content/plugins/paygreen-woocommerce/bundles/PGModule/Services/Broadcaster.php(161): PGI\Module\PGModule\Services\Broadcaster->callListener(Object(PGI\Module\PGModule\Components\Events\Module), Array)
#7 /wordpress/wp-content/plugins/paygreen-woocommerce/bundles/PGModule/Services/Handlers/SetupHandler.php(196): PGI\Module\PGModule\Services\Broadcaster->fire(Object(PGI\Module\PGModule\Components\Events\Module))
#8 /wordpress/wp-content/plugins/paygreen-woocommerce/bundles/PGModule/Services/Handlers/SetupHandler.php(160): PGI\Module\PGModule\Services\Handlers\SetupHandler->fire('install', '4.10.2')
#9 /wordpress/wp-content/plugins/paygreen-woocommerce/bundles/PGModule/Services/Handlers/SetupHandler.php(106): PGI\Module\PGModule\Services\Handlers\SetupHandler->install()
#10 /wordpress/wp-content/plugins/paygreen-woocommerce/bundles/PGModule/Services/Handlers/SetupHandler.php(88): PGI\Module\PGModule\Services\Handlers\SetupHandler->runInstall()
#11 /wordpress/wp-content/plugins/paygreen-woocommerce/bundles/PGSystem/Components/Bootstrap.php(285): PGI\Module\PGModule\Services\Handlers\SetupHandler->run(3)
#12 /wordpress/wp-content/plugins/paygreen-woocommerce/bootstrap.php(108): PGI\Module\PGSystem\Components\Bootstrap->setup()
#13 /wordpress/wp-content/plugins/paygreen-woocommerce/paygreen-woocommerce.php(21): require_once('/wordpress/wp-c...')
#14 /wordpress/wp-admin/includes/plugin.php(2387): include_once('/wordpress/wp-c...')
#15 /wordpress/wp-admin/includes/plugin.php(673): plugin_sandbox_scrape('paygreen-woocom...')
#16 /internal/eval.php(20): activate_plugin('paygreen-woocom...')
#17 {main}
  thrown in /wordpress/wp-content/plugins/paygreen-woocommerce/bundles/PGWordPress/Services/Officers/DatabaseOfficer.php on line 98
[24-Apr-2025 03:15:42 UTC] PHP Warning:  Undefined variable $num in /wordpress/wp-content/plugins/pelepay-integration-for-wpecommerce/pelepay.merchant.php on line 13
[24-Apr-2025 03:15:42 UTC] PHP Warning:  Undefined variable $num in /wordpress/wp-content/plugins/pelepay-integration-for-wpecommerce/pelepay.merchant.php on line 14
[24-Apr-2025 03:15:42 UTC] PHP Warning:  Undefined variable $num in /wordpress/wp-content/plugins/pelepay-integration-for-wpecommerce/pelepay.merchant.php on line 15
[24-Apr-2025 03:15:42 UTC] PHP Warning:  Undefined variable $num in /wordpress/wp-content/plugins/pelepay-integration-for-wpecommerce/pelepay.merchant.php on line 16
[24-Apr-2025 03:15:42 UTC] PHP Warning:  Undefined variable $num in /wordpress/wp-content/plugins/pelepay-integration-for-wpecommerce/pelepay.merchant.php on line 17
[24-Apr-2025 03:15:42 UTC] PHP Warning:  Undefined variable $num in /wordpress/wp-content/plugins/pelepay-integration-for-wpecommerce/pelepay.merchant.php on line 18
[24-Apr-2025 03:15:42 UTC] PHP Warning:  Undefined variable $num in /wordpress/wp-content/plugins/pelepay-integration-for-wpecommerce/pelepay.merchant.php on line 21
[24-Apr-2025 03:15:44 UTC] PHP Warning:  Undefined variable $num in /wordpress/wp-content/plugins/pelepay-integration-for-wpecommerce/pelepay.merchant.php on line 13
[24-Apr-2025 03:15:44 UTC] PHP Warning:  Undefined variable $num in /wordpress/wp-content/plugins/pelepay-integration-for-wpecommerce/pelepay.merchant.php on line 14
[24-Apr-2025 03:15:44 UTC] PHP Warning:  Undefined variable $num in /wordpress/wp-content/plugins/pelepay-integration-for-wpecommerce/pelepay.merchant.php on line 15
[24-Apr-2025 03:15:44 UTC] PHP Warning:  Undefined variable $num in /wordpress/wp-content/plugins/pelepay-integration-for-wpecommerce/pelepay.merchant.php on line 16
[24-Apr-2025 03:15:44 UTC] PHP Warning:  Undefined variable $num in /wordpress/wp-content/plugins/pelepay-integration-for-wpecommerce/pelepay.merchant.php on line 17
[24-Apr-2025 03:15:44 UTC] PHP Warning:  Undefined variable $num in /wordpress/wp-content/plugins/pelepay-integration-for-wpecommerce/pelepay.merchant.php on line 18
[24-Apr-2025 03:15:44 UTC] PHP Warning:  Undefined variable $num in /wordpress/wp-content/plugins/pelepay-integration-for-wpecommerce/pelepay.merchant.php on line 25
[24-Apr-2025 03:15:51 UTC] PHP Warning:  Undefined variable $num in /wordpress/wp-content/plugins/pelepay-integration-for-wpecommerce/pelepay.merchant.php on line 13
[24-Apr-2025 03:15:51 UTC] PHP Warning:  Undefined variable $num in /wordpress/wp-content/plugins/pelepay-integration-for-wpecommerce/pelepay.merchant.php on line 14
[24-Apr-2025 03:15:51 UTC] PHP Warning:  Undefined variable $num in /wordpress/wp-content/plugins/pelepay-integration-for-wpecommerce/pelepay.merchant.php on line 15
[24-Apr-2025 03:15:51 UTC] PHP Warning:  Undefined variable $num in /wordpress/wp-content/plugins/pelepay-integration-for-wpecommerce/pelepay.merchant.php on line 16
[24-Apr-2025 03:15:51 UTC] PHP Warning:  Undefined variable $num in /wordpress/wp-content/plugins/pelepay-integration-for-wpecommerce/pelepay.merchant.php on line 17
[24-Apr-2025 03:15:51 UTC] PHP Warning:  Undefined variable $num in /wordpress/wp-content/plugins/pelepay-integration-for-wpecommerce/pelepay.merchant.php on line 18
[24-Apr-2025 03:15:51 UTC] PHP Warning:  Undefined variable $num in /wordpress/wp-content/plugins/pelepay-integration-for-wpecommerce/pelepay.merchant.php on line 21
[24-Apr-2025 03:15:53 UTC] PHP Warning:  Undefined variable $num in /wordpress/wp-content/plugins/pelepay-integration-for-wpecommerce/pelepay.merchant.php on line 13
[24-Apr-2025 03:15:53 UTC] PHP Warning:  Undefined variable $num in /wordpress/wp-content/plugins/pelepay-integration-for-wpecommerce/pelepay.merchant.php on line 14
[24-Apr-2025 03:15:53 UTC] PHP Warning:  Undefined variable $num in /wordpress/wp-content/plugins/pelepay-integration-for-wpecommerce/pelepay.merchant.php on line 15
[24-Apr-2025 03:15:53 UTC] PHP Warning:  Undefined variable $num in /wordpress/wp-content/plugins/pelepay-integration-for-wpecommerce/pelepay.merchant.php on line 16
[24-Apr-2025 03:15:53 UTC] PHP Warning:  Undefined variable $num in /wordpress/wp-content/plugins/pelepay-integration-for-wpecommerce/pelepay.merchant.php on line 17
[24-Apr-2025 03:15:53 UTC] PHP Warning:  Undefined variable $num in /wordpress/wp-content/plugins/pelepay-integration-for-wpecommerce/pelepay.merchant.php on line 18
[24-Apr-2025 03:15:53 UTC] PHP Warning:  Undefined variable $num in /wordpress/wp-content/plugins/pelepay-integration-for-wpecommerce/pelepay.merchant.php on line 25
[24-Apr-2025 03:16:00 UTC] PHP Warning:  Undefined variable $num in /wordpress/wp-content/plugins/pelepay-integration-for-wpecommerce/pelepay.merchant.php on line 13
[24-Apr-2025 03:16:00 UTC] PHP Warning:  Undefined variable $num in /wordpress/wp-content/plugins/pelepay-integration-for-wpecommerce/pelepay.merchant.php on line 14
[24-Apr-2025 03:16:00 UTC] PHP Warning:  Undefined variable $num in /wordpress/wp-content/plugins/pelepay-integration-for-wpecommerce/pelepay.merchant.php on line 15
[24-Apr-2025 03:16:00 UTC] PHP Warning:  Undefined variable $num in /wordpress/wp-content/plugins/pelepay-integration-for-wpecommerce/pelepay.merchant.php on line 16
[24-Apr-2025 03:16:00 UTC] PHP Warning:  Undefined variable $num in /wordpress/wp-content/plugins/pelepay-integration-for-wpecommerce/pelepay.merchant.php on line 17
[24-Apr-2025 03:16:00 UTC] PHP Warning:  Undefined variable $num in /wordpress/wp-content/plugins/pelepay-integration-for-wpecommerce/pelepay.merchant.php on line 18
[24-Apr-2025 03:16:00 UTC] PHP Warning:  Undefined variable $num in /wordpress/wp-content/plugins/pelepay-integration-for-wpecommerce/pelepay.merchant.php on line 21
[24-Apr-2025 03:16:01 UTC] PHP Warning:  Undefined variable $num in /wordpress/wp-content/plugins/pelepay-integration-for-wpecommerce/pelepay.merchant.php on line 13
[24-Apr-2025 03:16:01 UTC] PHP Warning:  Undefined variable $num in /wordpress/wp-content/plugins/pelepay-integration-for-wpecommerce/pelepay.merchant.php on line 14
[24-Apr-2025 03:16:01 UTC] PHP Warning:  Undefined variable $num in /wordpress/wp-content/plugins/pelepay-integration-for-wpecommerce/pelepay.merchant.php on line 15
[24-Apr-2025 03:16:01 UTC] PHP Warning:  Undefined variable $num in /wordpress/wp-content/plugins/pelepay-integration-for-wpecommerce/pelepay.merchant.php on line 16
[24-Apr-2025 03:16:01 UTC] PHP Warning:  Undefined variable $num in /wordpress/wp-content/plugins/pelepay-integration-for-wpecommerce/pelepay.merchant.php on line 17
[24-Apr-2025 03:16:01 UTC] PHP Warning:  Undefined variable $num in /wordpress/wp-content/plugins/pelepay-integration-for-wpecommerce/pelepay.merchant.php on line 18
[24-Apr-2025 03:16:01 UTC] PHP Warning:  Undefined variable $num in /wordpress/wp-content/plugins/pelepay-integration-for-wpecommerce/pelepay.merchant.php on line 25
[24-Apr-2025 03:17:52 UTC] PHP Notice:  Function wp_register_script was called <strong>incorrectly</strong>. Scripts and styles should not be registered or enqueued until the <code>wp_enqueue_scripts</code>, <code>admin_enqueue_scripts</code>, or <code>login_enqueue_scripts</code> hooks. This notice was triggered by the <code>picapp-gallery-post-script</code> handle. Please see <a href="https://developer.wordpress.org/advanced-administration/debug/debug-wordpress/">Debugging in WordPress</a> for more information. (This message was added in version 3.3.0.) in /wordpress/wp-includes/functions.php on line 6121
[24-Apr-2025 03:17:52 UTC] PHP Notice:  Function wp_register_style was called <strong>incorrectly</strong>. Scripts and styles should not be registered or enqueued until the <code>wp_enqueue_scripts</code>, <code>admin_enqueue_scripts</code>, or <code>login_enqueue_scripts</code> hooks. This notice was triggered by the <code>picapp-gallery-style</code> handle. Please see <a href="https://developer.wordpress.org/advanced-administration/debug/debug-wordpress/">Debugging in WordPress</a> for more information. (This message was added in version 3.3.0.) in /wordpress/wp-includes/functions.php on line 6121
[24-Apr-2025 03:17:52 UTC] PHP Notice:  Function is_feed was called <strong>incorrectly</strong>. Conditional query tags do not work before the query is run. Before then, they always return false. Please see <a href="https://developer.wordpress.org/advanced-administration/debug/debug-wordpress/">Debugging in WordPress</a> for more information. (This message was added in version 3.1.0.) in /wordpress/wp-includes/functions.php on line 6121
[24-Apr-2025 03:17:52 UTC] PHP Notice:  Function wp_register_script was called <strong>incorrectly</strong>. Scripts and styles should not be registered or enqueued until the <code>wp_enqueue_scripts</code>, <code>admin_enqueue_scripts</code>, or <code>login_enqueue_scripts</code> hooks. This notice was triggered by the <code>picapp-gallery-script</code> handle. Please see <a href="https://developer.wordpress.org/advanced-administration/debug/debug-wordpress/">Debugging in WordPress</a> for more information. (This message was added in version 3.3.0.) in /wordpress/wp-includes/functions.php on line 6121
[24-Apr-2025 03:17:53 UTC] PHP Deprecated:  Function load_plugin_textdomain was called with an argument that is <strong>deprecated</strong> since version 2.7.0 with no alternative available. in /wordpress/wp-includes/functions.php on line 6121
[24-Apr-2025 03:18:01 UTC] PHP Notice:  Function wp_register_script was called <strong>incorrectly</strong>. Scripts and styles should not be registered or enqueued until the <code>wp_enqueue_scripts</code>, <code>admin_enqueue_scripts</code>, or <code>login_enqueue_scripts</code> hooks. This notice was triggered by the <code>picapp-gallery-post-script</code> handle. Please see <a href="https://developer.wordpress.org/advanced-administration/debug/debug-wordpress/">Debugging in WordPress</a> for more information. (This message was added in version 3.3.0.) in /wordpress/wp-includes/functions.php on line 6121
[24-Apr-2025 03:18:01 UTC] PHP Notice:  Function wp_register_style was called <strong>incorrectly</strong>. Scripts and styles should not be registered or enqueued until the <code>wp_enqueue_scripts</code>, <code>admin_enqueue_scripts</code>, or <code>login_enqueue_scripts</code> hooks. This notice was triggered by the <code>picapp-gallery-style</code> handle. Please see <a href="https://developer.wordpress.org/advanced-administration/debug/debug-wordpress/">Debugging in WordPress</a> for more information. (This message was added in version 3.3.0.) in /wordpress/wp-includes/functions.php on line 6121
[24-Apr-2025 03:18:01 UTC] PHP Notice:  Function is_feed was called <strong>incorrectly</strong>. Conditional query tags do not work before the query is run. Before then, they always return false. Please see <a href="https://developer.wordpress.org/advanced-administration/debug/debug-wordpress/">Debugging in WordPress</a> for more information. (This message was added in version 3.1.0.) in /wordpress/wp-includes/functions.php on line 6121
[24-Apr-2025 03:18:01 UTC] PHP Notice:  Function wp_register_script was called <strong>incorrectly</strong>. Scripts and styles should not be registered or enqueued until the <code>wp_enqueue_scripts</code>, <code>admin_enqueue_scripts</code>, or <code>login_enqueue_scripts</code> hooks. This notice was triggered by the <code>picapp-gallery-script</code> handle. Please see <a href="https://developer.wordpress.org/advanced-administration/debug/debug-wordpress/">Debugging in WordPress</a> for more information. (This message was added in version 3.3.0.) in /wordpress/wp-includes/functions.php on line 6121
[24-Apr-2025 03:18:02 UTC] PHP Deprecated:  Function load_plugin_textdomain was called with an argument that is <strong>deprecated</strong> since version 2.7.0 with no alternative available. in /wordpress/wp-includes/functions.php on line 6121
[24-Apr-2025 03:18:10 UTC] PHP Notice:  Function wp_register_script was called <strong>incorrectly</strong>. Scripts and styles should not be registered or enqueued until the <code>wp_enqueue_scripts</code>, <code>admin_enqueue_scripts</code>, or <code>login_enqueue_scripts</code> hooks. This notice was triggered by the <code>picapp-gallery-post-script</code> handle. Please see <a href="https://developer.wordpress.org/advanced-administration/debug/debug-wordpress/">Debugging in WordPress</a> for more information. (This message was added in version 3.3.0.) in /wordpress/wp-includes/functions.php on line 6121
[24-Apr-2025 03:18:10 UTC] PHP Notice:  Function wp_register_style was called <strong>incorrectly</strong>. Scripts and styles should not be registered or enqueued until the <code>wp_enqueue_scripts</code>, <code>admin_enqueue_scripts</code>, or <code>login_enqueue_scripts</code> hooks. This notice was triggered by the <code>picapp-gallery-style</code> handle. Please see <a href="https://developer.wordpress.org/advanced-administration/debug/debug-wordpress/">Debugging in WordPress</a> for more information. (This message was added in version 3.3.0.) in /wordpress/wp-includes/functions.php on line 6121
[24-Apr-2025 03:18:10 UTC] PHP Notice:  Function is_feed was called <strong>incorrectly</strong>. Conditional query tags do not work before the query is run. Before then, they always return false. Please see <a href="https://developer.wordpress.org/advanced-administration/debug/debug-wordpress/">Debugging in WordPress</a> for more information. (This message was added in version 3.1.0.) in /wordpress/wp-includes/functions.php on line 6121
[24-Apr-2025 03:18:10 UTC] PHP Notice:  Function wp_register_script was called <strong>incorrectly</strong>. Scripts and styles should not be registered or enqueued until the <code>wp_enqueue_scripts</code>, <code>admin_enqueue_scripts</code>, or <code>login_enqueue_scripts</code> hooks. This notice was triggered by the <code>picapp-gallery-script</code> handle. Please see <a href="https://developer.wordpress.org/advanced-administration/debug/debug-wordpress/">Debugging in WordPress</a> for more information. (This message was added in version 3.3.0.) in /wordpress/wp-includes/functions.php on line 6121
[24-Apr-2025 03:18:11 UTC] PHP Deprecated:  Function load_plugin_textdomain was called with an argument that is <strong>deprecated</strong> since version 2.7.0 with no alternative available. in /wordpress/wp-includes/functions.php on line 6121
[24-Apr-2025 03:19:14 UTC] PHP Notice:  Function _load_textdomain_just_in_time was called <strong>incorrectly</strong>. Translation loading for the <code>otw_pswl</code> domain was triggered too early. This is usually an indicator for some code in the plugin or theme running too early. Translations should be loaded at the <code>init</code> action or later. Please see <a href="https://developer.wordpress.org/advanced-administration/debug/debug-wordpress/">Debugging in WordPress</a> for more information. (This message was added in version 6.7.0.) in /wordpress/wp-includes/functions.php on line 6121
[24-Apr-2025 03:19:24 UTC] PHP Notice:  Function _load_textdomain_just_in_time was called <strong>incorrectly</strong>. Translation loading for the <code>otw_pswl</code> domain was triggered too early. This is usually an indicator for some code in the plugin or theme running too early. Translations should be loaded at the <code>init</code> action or later. Please see <a href="https://developer.wordpress.org/advanced-administration/debug/debug-wordpress/">Debugging in WordPress</a> for more information. (This message was added in version 6.7.0.) in /wordpress/wp-includes/functions.php on line 6121
[24-Apr-2025 03:19:34 UTC] PHP Notice:  Function _load_textdomain_just_in_time was called <strong>incorrectly</strong>. Translation loading for the <code>otw_pswl</code> domain was triggered too early. This is usually an indicator for some code in the plugin or theme running too early. Translations should be loaded at the <code>init</code> action or later. Please see <a href="https://developer.wordpress.org/advanced-administration/debug/debug-wordpress/">Debugging in WordPress</a> for more information. (This message was added in version 6.7.0.) in /wordpress/wp-includes/functions.php on line 6121
[24-Apr-2025 03:21:06 UTC] WordPress database error <div style="clear:both">&nbsp;</div>
<div class="queries" style="clear:both;margin-bottom:2px;border:red dotted thin;">
<p>MySQL query:</p>
<p>SELECT COUNT(1) AS ix_url_exists FROM INFORMATION_SCHEMA.STATISTICS WHERE table_schema=DATABASE() AND table_name='wp_plugin_register' AND index_name='ix_url'</p>
<p>Queries made or created this session were:</p>
<ol>
<li>Executing: BEGIN | (no parameters)</li>
<li>Executing: SELECT COUNT ( 1 ) AS `ix_url_exists` FROM _wp_sqlite_mysql_information_schema_STATISTICS WHERE `table_schema` = DATABASE ( ) AND `table_name` = 'wp_plugin_register' AND `index_name` = 'ix_url' | (no parameters)</li>
<li>Executing: ROLLBACK | (no parameters)</li>
</ol>
</div>
<div style="clear:both;margin-bottom:2px;border:red dotted thin;" class="error_message" style="border-bottom:dotted blue thin;">
SQLSTATE[HY000]: General error: 1 no such function: DATABASE
</div>
<p>Backtrace:</p>
<pre>#0 /internal/shared/sqlite-database-integration/wp-includes/sqlite-ast/class-wp-sqlite-driver.php(690): WP_SQLite_Driver->new_driver_exception('SQLSTATE[HY000]...', 0, Object(PDOException))
#1 /internal/shared/sqlite-database-integration/wp-includes/sqlite/class-wp-sqlite-db.php(472): WP_SQLite_Driver->query('SELECT COUNT(1)...')
#2 /internal/shared/sqlite-database-integration/wp-includes/sqlite/class-wp-sqlite-db.php(413): WP_SQLite_DB->_do_query('SELECT COUNT(1)...')
#3 /wordpress/wp-includes/class-wpdb.php(3031): WP_SQLite_DB->query('SELECT COUNT(1)...')
#4 /wordpress/wp-content/plugins/plugin-register/plugin-register.php(95): wpdb->get_var('SELECT COUNT(1)...')
#5 /wordpress/wp-content/plugins/plugin-register/plugin-register.php(69): pluginregister_create_table()
#6 /wordpress/wp-includes/class-wp-hook.php(324): pluginregister_activate(false)
#7 /wordpress/wp-includes/class-wp-hook.php(348): WP_Hook->apply_filters('', Array)
#8 /wordpress/wp-includes/plugin.php(517): WP_Hook->do_action(Array)
#9 /wordpress/wp-admin/includes/plugin.php(703): do_action('activate_plugin...', false)
#10 /internal/eval.php(20): activate_plugin('plugin-register...')
#11 {main}</pre>
 for query SELECT COUNT(1) AS ix_url_exists FROM INFORMATION_SCHEMA.STATISTICS WHERE table_schema=DATABASE() AND table_name='wp_plugin_register' AND index_name='ix_url' made by activate_plugin, do_action('activate_plugin-register/plugin-register.php'), WP_Hook->do_action, WP_Hook->apply_filters, pluginregister_activate, pluginregister_create_table, WP_SQLite_DB->query, WP_SQLite_DB->print_error
[24-Apr-2025 03:21:06 UTC] WordPress database error <div style="clear:both">&nbsp;</div>
<div class="queries" style="clear:both;margin-bottom:2px;border:red dotted thin;">
<p>MySQL query:</p>
<p>SELECT COUNT(1) AS ix_url_time_exists FROM INFORMATION_SCHEMA.STATISTICS WHERE table_schema=DATABASE() AND table_name='wp_plugin_register' AND index_name='ix_url_time'</p>
<p>Queries made or created this session were:</p>
<ol>
<li>Executing: BEGIN | (no parameters)</li>
<li>Executing: SELECT COUNT ( 1 ) AS `ix_url_time_exists` FROM _wp_sqlite_mysql_information_schema_STATISTICS WHERE `table_schema` = DATABASE ( ) AND `table_name` = 'wp_plugin_register' AND `index_name` = 'ix_url_time' | (no parameters)</li>
<li>Executing: ROLLBACK | (no parameters)</li>
</ol>
</div>
<div style="clear:both;margin-bottom:2px;border:red dotted thin;" class="error_message" style="border-bottom:dotted blue thin;">
SQLSTATE[HY000]: General error: 1 no such function: DATABASE
</div>
<p>Backtrace:</p>
<pre>#0 /internal/shared/sqlite-database-integration/wp-includes/sqlite-ast/class-wp-sqlite-driver.php(690): WP_SQLite_Driver->new_driver_exception('SQLSTATE[HY000]...', 0, Object(PDOException))
#1 /internal/shared/sqlite-database-integration/wp-includes/sqlite/class-wp-sqlite-db.php(472): WP_SQLite_Driver->query('SELECT COUNT(1)...')
#2 /internal/shared/sqlite-database-integration/wp-includes/sqlite/class-wp-sqlite-db.php(413): WP_SQLite_DB->_do_query('SELECT COUNT(1)...')
#3 /wordpress/wp-includes/class-wpdb.php(3031): WP_SQLite_DB->query('SELECT COUNT(1)...')
#4 /wordpress/wp-content/plugins/plugin-register/plugin-register.php(100): wpdb->get_var('SELECT COUNT(1)...')
#5 /wordpress/wp-content/plugins/plugin-register/plugin-register.php(69): pluginregister_create_table()
#6 /wordpress/wp-includes/class-wp-hook.php(324): pluginregister_activate(false)
#7 /wordpress/wp-includes/class-wp-hook.php(348): WP_Hook->apply_filters('', Array)
#8 /wordpress/wp-includes/plugin.php(517): WP_Hook->do_action(Array)
#9 /wordpress/wp-admin/includes/plugin.php(703): do_action('activate_plugin...', false)
#10 /internal/eval.php(20): activate_plugin('plugin-register...')
#11 {main}</pre>
 for query SELECT COUNT(1) AS ix_url_time_exists FROM INFORMATION_SCHEMA.STATISTICS WHERE table_schema=DATABASE() AND table_name='wp_plugin_register' AND index_name='ix_url_time' made by activate_plugin, do_action('activate_plugin-register/plugin-register.php'), WP_Hook->do_action, WP_Hook->apply_filters, pluginregister_activate, pluginregister_create_table, WP_SQLite_DB->query, WP_SQLite_DB->print_error
[24-Apr-2025 03:21:14 UTC] WordPress database error <div style="clear:both">&nbsp;</div>
<div class="queries" style="clear:both;margin-bottom:2px;border:red dotted thin;">
<p>MySQL query:</p>
<p>CREATE TABLE wp_plugin_register (
		  id mediumint(9) NOT NULL AUTO_INCREMENT,
		  time bigint(11) DEFAULT '0' NOT NULL,
		  plugin VARCHAR(50) NOT NULL,
		  sitename varchar(500) NOT NULL,
		  url varchar(500) NOT NULL,
		  pluginversion varchar(12) NOT NULL DEFAULT 0,
		  PRIMARY KEY  id (id)
		)</p>
<p>Queries made or created this session were:</p>
<ol>
<li>Executing: BEGIN | (no parameters)</li>
<li>Executing: ROLLBACK | (no parameters)</li>
</ol>
</div>
<div style="clear:both;margin-bottom:2px;border:red dotted thin;" class="error_message" style="border-bottom:dotted blue thin;">
Error occurred at line 4117 in Function <code>handle_error</code>. Error message was: Cannot combine AUTOINCREMENT and multiple primary keys in SQLite.
</div>
<p>Backtrace:</p>
<pre>#0 /internal/shared/sqlite-database-integration/wp-includes/sqlite/class-wp-sqlite-db.php(287): WP_SQLite_Translator->get_error_message()
#1 /wordpress/wp-admin/includes/upgrade.php(3280): WP_SQLite_DB->query('CREATE TABLE wp...')
#2 /wordpress/wp-content/plugins/plugin-register/plugin-register.php(91): dbDelta(Array)
#3 /wordpress/wp-content/plugins/plugin-register/plugin-register.php(69): pluginregister_create_table()
#4 /wordpress/wp-includes/class-wp-hook.php(324): pluginregister_activate(false)
#5 /wordpress/wp-includes/class-wp-hook.php(348): WP_Hook->apply_filters('', Array)
#6 /wordpress/wp-includes/plugin.php(517): WP_Hook->do_action(Array)
#7 /wordpress/wp-admin/includes/plugin.php(703): do_action('activate_plugin...', false)
#8 /internal/eval.php(20): activate_plugin('plugin-register...')
#9 {main}</pre>
 for query CREATE TABLE wp_plugin_register (
		  id mediumint(9) NOT NULL AUTO_INCREMENT,
		  time bigint(11) DEFAULT '0' NOT NULL,
		  plugin VARCHAR(50) NOT NULL,
		  sitename varchar(500) NOT NULL,
		  url varchar(500) NOT NULL,
		  pluginversion varchar(12) NOT NULL DEFAULT 0,
		  PRIMARY KEY  id (id)
		) made by activate_plugin, do_action('activate_plugin-register/plugin-register.php'), WP_Hook->do_action, WP_Hook->apply_filters, pluginregister_activate, pluginregister_create_table, dbDelta, WP_SQLite_DB->query, WP_SQLite_DB->print_error
[24-Apr-2025 03:21:23 UTC] WordPress database error <div style="clear:both">&nbsp;</div>
<div class="queries" style="clear:both;margin-bottom:2px;border:red dotted thin;">
<p>MySQL query:</p>
<p>CREATE TABLE wp_plugin_register (
		  id mediumint(9) NOT NULL AUTO_INCREMENT,
		  time bigint(11) DEFAULT '0' NOT NULL,
		  plugin VARCHAR(50) NOT NULL,
		  sitename varchar(500) NOT NULL,
		  url varchar(500) NOT NULL,
		  pluginversion varchar(12) NOT NULL DEFAULT 0,
		  PRIMARY KEY  id (id)
		)</p>
<p>Queries made or created this session were:</p>
<ol>
<li>Executing: BEGIN | (no parameters)</li>
<li>Executing: ROLLBACK | (no parameters)</li>
</ol>
</div>
<div style="clear:both;margin-bottom:2px;border:red dotted thin;" class="error_message" style="border-bottom:dotted blue thin;">
Error occurred at line 4117 in Function <code>handle_error</code>. Error message was: Cannot combine AUTOINCREMENT and multiple primary keys in SQLite.
</div>
<p>Backtrace:</p>
<pre>#0 /internal/shared/sqlite-database-integration/wp-includes/sqlite/class-wp-sqlite-db.php(287): WP_SQLite_Translator->get_error_message()
#1 /wordpress/wp-admin/includes/upgrade.php(3280): WP_SQLite_DB->query('CREATE TABLE wp...')
#2 /wordpress/wp-content/plugins/plugin-register/plugin-register.php(91): dbDelta(Array)
#3 /wordpress/wp-content/plugins/plugin-register/plugin-register.php(69): pluginregister_create_table()
#4 /wordpress/wp-includes/class-wp-hook.php(324): pluginregister_activate(false)
#5 /wordpress/wp-includes/class-wp-hook.php(348): WP_Hook->apply_filters('', Array)
#6 /wordpress/wp-includes/plugin.php(517): WP_Hook->do_action(Array)
#7 /wordpress/wp-admin/includes/plugin.php(703): do_action('activate_plugin...', false)
#8 /internal/eval.php(20): activate_plugin('plugin-register...')
#9 {main}</pre>
 for query CREATE TABLE wp_plugin_register (
		  id mediumint(9) NOT NULL AUTO_INCREMENT,
		  time bigint(11) DEFAULT '0' NOT NULL,
		  plugin VARCHAR(50) NOT NULL,
		  sitename varchar(500) NOT NULL,
		  url varchar(500) NOT NULL,
		  pluginversion varchar(12) NOT NULL DEFAULT 0,
		  PRIMARY KEY  id (id)
		) made by activate_plugin, do_action('activate_plugin-register/plugin-register.php'), WP_Hook->do_action, WP_Hook->apply_filters, pluginregister_activate, pluginregister_create_table, dbDelta, WP_SQLite_DB->query, WP_SQLite_DB->print_error
[24-Apr-2025 03:21:32 UTC] PHP Fatal error:  Uncaught Error: Class "PMProGateway" not found in /wordpress/wp-content/plugins/pmpro-fedapay-gateway/includes/class-pmpro-fedapay-gateway.php:11
Stack trace:
#0 /wordpress/wp-content/plugins/pmpro-fedapay-gateway/pmpro-fedapay-gateway.php(23): require_once()
#1 /wordpress/wp-admin/includes/plugin.php(2387): include_once('/wordpress/wp-c...')
#2 /wordpress/wp-admin/includes/plugin.php(673): plugin_sandbox_scrape('pmpro-fedapay-g...')
#3 /internal/eval.php(20): activate_plugin('pmpro-fedapay-g...')
#4 {main}
  thrown in /wordpress/wp-content/plugins/pmpro-fedapay-gateway/includes/class-pmpro-fedapay-gateway.php on line 11
[24-Apr-2025 03:21:39 UTC] PHP Fatal error:  Uncaught Error: Class "PMProGateway" not found in /wordpress/wp-content/plugins/pmpro-fedapay-gateway/includes/class-pmpro-fedapay-gateway.php:11
Stack trace:
#0 /wordpress/wp-content/plugins/pmpro-fedapay-gateway/pmpro-fedapay-gateway.php(23): require_once()
#1 /wordpress/wp-admin/includes/plugin.php(2387): include_once('/wordpress/wp-c...')
#2 /wordpress/wp-admin/includes/plugin.php(673): plugin_sandbox_scrape('pmpro-fedapay-g...')
#3 /internal/eval.php(20): activate_plugin('pmpro-fedapay-g...')
#4 {main}
  thrown in /wordpress/wp-content/plugins/pmpro-fedapay-gateway/includes/class-pmpro-fedapay-gateway.php on line 11
[24-Apr-2025 03:21:47 UTC] PHP Fatal error:  Uncaught Error: Class "PMProGateway" not found in /wordpress/wp-content/plugins/pmpro-fedapay-gateway/includes/class-pmpro-fedapay-gateway.php:11
Stack trace:
#0 /wordpress/wp-content/plugins/pmpro-fedapay-gateway/pmpro-fedapay-gateway.php(23): require_once()
#1 /wordpress/wp-admin/includes/plugin.php(2387): include_once('/wordpress/wp-c...')
#2 /wordpress/wp-admin/includes/plugin.php(673): plugin_sandbox_scrape('pmpro-fedapay-g...')
#3 /internal/eval.php(20): activate_plugin('pmpro-fedapay-g...')
#4 {main}
  thrown in /wordpress/wp-content/plugins/pmpro-fedapay-gateway/includes/class-pmpro-fedapay-gateway.php on line 11

    at Object.onBind (file:///home/runner/work/playground-tester/playground-tester/node_modules/@wp-playground/cli/index.js:237:15)
    at process.processTicksAndRejections (node:internal/process/task_queues:105:5)
    at async V (file:///home/runner/work/playground-tester/playground-tester/node_modules/@wp-playground/cli/index.js:64:10)
    at async ja (file:///home/runner/work/playground-tester/playground-tester/node_modules/@wp-playground/cli/cli.js:8161:12) {
  [cause]: Error: Error when executing the blueprint step #1 ({"step":"installPlugin","pluginData":{"resource":"wordpress.org/plugins","slug":"post-page-duplicator"},"options":{"activate":true}}) : Plugin /wordpress/wp-content/plugins/post-page-duplicator could not be activated  WordPress exited with no error. Sometimes, when $_SERVER or site options are not configured correctly, WordPress exits early with a 301 redirect. Inspect the "debug" logs in the console for more details.
      at Object.run (file:///home/runner/work/playground-tester/playground-tester/node_modules/@wp-playground/blueprints/index.js:12449:19)
      at process.processTicksAndRejections (node:internal/process/task_queues:105:5)
      at async ms (file:///home/runner/work/playground-tester/playground-tester/node_modules/@wp-playground/blueprints/index.js:12552:3)
      ... 2 lines matching cause stack trace ...
      at async ja (file:///home/runner/work/playground-tester/playground-tester/node_modules/@wp-playground/cli/cli.js:8161:12) {
    [cause]: Error: Plugin /wordpress/wp-content/plugins/post-page-duplicator could not be activated  WordPress exited with no error. Sometimes, when $_SERVER or site options are not configured correctly, WordPress exits early with a 301 redirect. Inspect the "debug" logs in the console for more details.
        at wr (file:///home/runner/work/playground-tester/playground-tester/node_modules/@wp-playground/blueprints/index.js:119:51)
        at process.processTicksAndRejections (node:internal/process/task_queues:105:5)
        at async Object.gt [as installPlugin] (file:///home/runner/work/playground-tester/playground-tester/node_modules/@wp-playground/blueprints/index.js:974:42)
        at async g (file:///home/runner/work/playground-tester/playground-tester/node_modules/@wp-playground/blueprints/index.js:12517:30)
        at async Object.run (file:///home/runner/work/playground-tester/playground-tester/node_modules/@wp-playground/blueprints/index.js:12446:23)
        at async ms (file:///home/runner/work/playground-tester/playground-tester/node_modules/@wp-playground/blueprints/index.js:12552:3)
        at async Object.onBind (file:///home/runner/work/playground-tester/playground-tester/node_modules/@wp-playground/cli/index.js:227:48)
        at async V (file:///home/runner/work/playground-tester/playground-tester/node_modules/@wp-playground/cli/index.js:64:10)
        at async ja (file:///home/runner/work/playground-tester/playground-tester/node_modules/@wp-playground/cli/cli.js:8161:12)
  }
}

Node.js v23.11.0
