[
{"message":"file:///home/runner/work/playground-tester/playground-tester/node_modules/@wp-playground/cli/run-cli-j-geJYS3.js:325\n        throw new Error($, { cause: h });\n              ^\n","level":"FATAL","type":"PLAYGROUND","test":"asyncify-boot","plugin":"post-page-duplicator","details":"file:///home/runner/work/playground-tester/playground-tester/node_modules/@wp-playground/cli/run-cli-j-geJYS3.js:325\n        throw new Error($, { cause: h });\n              ^\n","log":"/tmp/tmp.Cx2W7njXdZ"}
,
{"message":"Function _load_textdomain_just_in_time was called <strong>incorrectly</strong>. Translation loading for the <code>newstatpress</code> domain was triggered too early. This is usually an indicator for some code in the plugin or theme running too early. Translations should be loaded at the <code>init</code> action or later. Please see <a href=\"https://developer.wordpress.org/advanced-administration/debug/debug-wordpress/\">Debugging in WordPress</a> for more information. (This message was added in version 6.7.0.) in /wordpress/wp-includes/functions.php on line 6121","level":"NOTICE","type":"PHP","test":"asyncify-boot","plugin":"post-page-duplicator","details":"[16-Jun-2025 07:29:16 UTC] PHP Notice:  Function _load_textdomain_just_in_time was called <strong>incorrectly</strong>. Translation loading for the <code>newstatpress</code> domain was triggered too early. This is usually an indicator for some code in the plugin or theme running too early. Translations should be loaded at the <code>init</code> action or later. Please see <a href=\"https://developer.wordpress.org/advanced-administration/debug/debug-wordpress/\">Debugging in WordPress</a> for more information. (This message was added in version 6.7.0.) in /wordpress/wp-includes/functions.php on line 6121","log":"/logs/plugins/p/post-page-duplicator/error.json"}
,
{"message":"Function _load_textdomain_just_in_time was called <strong>incorrectly</strong>. Translation loading for the <code>newstatpress</code> domain was triggered too early. This is usually an indicator for some code in the plugin or theme running too early. Translations should be loaded at the <code>init</code> action or later. Please see <a href=\"https://developer.wordpress.org/advanced-administration/debug/debug-wordpress/\">Debugging in WordPress</a> for more information. (This message was added in version 6.7.0.) in /wordpress/wp-includes/functions.php on line 6121","level":"NOTICE","type":"PHP","test":"asyncify-boot","plugin":"post-page-duplicator","details":"[16-Jun-2025 07:29:27 UTC] PHP Notice:  Function _load_textdomain_just_in_time was called <strong>incorrectly</strong>. Translation loading for the <code>newstatpress</code> domain was triggered too early. This is usually an indicator for some code in the plugin or theme running too early. Translations should be loaded at the <code>init</code> action or later. Please see <a href=\"https://developer.wordpress.org/advanced-administration/debug/debug-wordpress/\">Debugging in WordPress</a> for more information. (This message was added in version 6.7.0.) in /wordpress/wp-includes/functions.php on line 6121","log":"/logs/plugins/p/post-page-duplicator/error.json"}
,
{"message":"Function _load_textdomain_just_in_time was called <strong>incorrectly</strong>. Translation loading for the <code>newstatpress</code> domain was triggered too early. This is usually an indicator for some code in the plugin or theme running too early. Translations should be loaded at the <code>init</code> action or later. Please see <a href=\"https://developer.wordpress.org/advanced-administration/debug/debug-wordpress/\">Debugging in WordPress</a> for more information. (This message was added in version 6.7.0.) in /wordpress/wp-includes/functions.php on line 6121","level":"NOTICE","type":"PHP","test":"asyncify-boot","plugin":"post-page-duplicator","details":"[16-Jun-2025 07:29:38 UTC] PHP Notice:  Function _load_textdomain_just_in_time was called <strong>incorrectly</strong>. Translation loading for the <code>newstatpress</code> domain was triggered too early. This is usually an indicator for some code in the plugin or theme running too early. Translations should be loaded at the <code>init</code> action or later. Please see <a href=\"https://developer.wordpress.org/advanced-administration/debug/debug-wordpress/\">Debugging in WordPress</a> for more information. (This message was added in version 6.7.0.) in /wordpress/wp-includes/functions.php on line 6121","log":"/logs/plugins/p/post-page-duplicator/error.json"}
,
{"message":"Uncaught Exception: The WooCommerce is not activated. in /wordpress/wp-content/plugins/payfull/payfull.php:23","level":"FATAL","type":"PHP","test":"asyncify-boot","plugin":"post-page-duplicator","details":"[16-Jun-2025 07:31:35 UTC] PHP Fatal error:  Uncaught Exception: The WooCommerce is not activated. in /wordpress/wp-content/plugins/payfull/payfull.php:23\nStack trace:\n#0 /wordpress/wp-includes/class-wp-hook.php(324): payfull_init('')\n#1 /wordpress/wp-includes/class-wp-hook.php(348): WP_Hook->apply_filters(NULL, Array)\n#2 /wordpress/wp-includes/plugin.php(517): WP_Hook->do_action(Array)\n#3 /wordpress/wp-settings.php(727): do_action('init')\n#4 /wordpress/wp-config.php(102): require_once('/wordpress/wp-s...')\n#5 /wordpress/wp-load.php(50): require_once('/wordpress/wp-c...')\n#6 /internal/eval.php(3): require_once('/wordpress/wp-l...')\n#7 {main}\n  thrown in /wordpress/wp-content/plugins/payfull/payfull.php on line 23","log":"/logs/plugins/p/post-page-duplicator/error.json"}
,
{"message":"Uncaught Exception: The WooCommerce is not activated. in /wordpress/wp-content/plugins/payfull/payfull.php:23","level":"FATAL","type":"PHP","test":"asyncify-boot","plugin":"post-page-duplicator","details":"[16-Jun-2025 07:31:45 UTC] PHP Fatal error:  Uncaught Exception: The WooCommerce is not activated. in /wordpress/wp-content/plugins/payfull/payfull.php:23\nStack trace:\n#0 /wordpress/wp-includes/class-wp-hook.php(324): payfull_init('')\n#1 /wordpress/wp-includes/class-wp-hook.php(348): WP_Hook->apply_filters(NULL, Array)\n#2 /wordpress/wp-includes/plugin.php(517): WP_Hook->do_action(Array)\n#3 /wordpress/wp-settings.php(727): do_action('init')\n#4 /wordpress/wp-config.php(102): require_once('/wordpress/wp-s...')\n#5 /wordpress/wp-load.php(50): require_once('/wordpress/wp-c...')\n#6 /internal/eval.php(3): require_once('/wordpress/wp-l...')\n#7 {main}\n  thrown in /wordpress/wp-content/plugins/payfull/payfull.php on line 23","log":"/logs/plugins/p/post-page-duplicator/error.json"}
,
{"message":"Uncaught Exception: The WooCommerce is not activated. in /wordpress/wp-content/plugins/payfull/payfull.php:23","level":"FATAL","type":"PHP","test":"asyncify-boot","plugin":"post-page-duplicator","details":"[16-Jun-2025 07:31:55 UTC] PHP Fatal error:  Uncaught Exception: The WooCommerce is not activated. in /wordpress/wp-content/plugins/payfull/payfull.php:23\nStack trace:\n#0 /wordpress/wp-includes/class-wp-hook.php(324): payfull_init('')\n#1 /wordpress/wp-includes/class-wp-hook.php(348): WP_Hook->apply_filters(NULL, Array)\n#2 /wordpress/wp-includes/plugin.php(517): WP_Hook->do_action(Array)\n#3 /wordpress/wp-settings.php(727): do_action('init')\n#4 /wordpress/wp-config.php(102): require_once('/wordpress/wp-s...')\n#5 /wordpress/wp-load.php(50): require_once('/wordpress/wp-c...')\n#6 /internal/eval.php(3): require_once('/wordpress/wp-l...')\n#7 {main}\n  thrown in /wordpress/wp-content/plugins/payfull/payfull.php on line 23","log":"/logs/plugins/p/post-page-duplicator/error.json"}
,
{"message":"Trying to access array offset on value of type null in /wordpress/wp-content/plugins/post-avatar/gkl-postavatar.php on line 522","level":"WARNING","type":"PHP","test":"asyncify-boot","plugin":"post-page-duplicator","details":"[16-Jun-2025 07:35:12 UTC] PHP Warning:  Trying to access array offset on value of type null in /wordpress/wp-content/plugins/post-avatar/gkl-postavatar.php on line 522","log":"/logs/plugins/p/post-page-duplicator/error.json"}
,
{"message":"Trying to access array offset on value of type null in /wordpress/wp-content/plugins/post-avatar/gkl-postavatar.php on line 524","level":"WARNING","type":"PHP","test":"asyncify-boot","plugin":"post-page-duplicator","details":"[16-Jun-2025 07:35:12 UTC] PHP Warning:  Trying to access array offset on value of type null in /wordpress/wp-content/plugins/post-avatar/gkl-postavatar.php on line 524","log":"/logs/plugins/p/post-page-duplicator/error.json"}
,
{"message":"Trying to access array offset on value of type null in /wordpress/wp-content/plugins/post-avatar/gkl-postavatar.php on line 522","level":"WARNING","type":"PHP","test":"asyncify-boot","plugin":"post-page-duplicator","details":"[16-Jun-2025 07:35:12 UTC] PHP Warning:  Trying to access array offset on value of type null in /wordpress/wp-content/plugins/post-avatar/gkl-postavatar.php on line 522","log":"/logs/plugins/p/post-page-duplicator/error.json"}
,
{"message":"Trying to access array offset on value of type null in /wordpress/wp-content/plugins/post-avatar/gkl-postavatar.php on line 524","level":"WARNING","type":"PHP","test":"asyncify-boot","plugin":"post-page-duplicator","details":"[16-Jun-2025 07:35:12 UTC] PHP Warning:  Trying to access array offset on value of type null in /wordpress/wp-content/plugins/post-avatar/gkl-postavatar.php on line 524","log":"/logs/plugins/p/post-page-duplicator/error.json"}
,
{"message":"Trying to access array offset on value of type null in /wordpress/wp-content/plugins/post-avatar/gkl-postavatar.php on line 522","level":"WARNING","type":"PHP","test":"asyncify-boot","plugin":"post-page-duplicator","details":"[16-Jun-2025 07:35:20 UTC] PHP Warning:  Trying to access array offset on value of type null in /wordpress/wp-content/plugins/post-avatar/gkl-postavatar.php on line 522","log":"/logs/plugins/p/post-page-duplicator/error.json"}
,
{"message":"Trying to access array offset on value of type null in /wordpress/wp-content/plugins/post-avatar/gkl-postavatar.php on line 524","level":"WARNING","type":"PHP","test":"asyncify-boot","plugin":"post-page-duplicator","details":"[16-Jun-2025 07:35:20 UTC] PHP Warning:  Trying to access array offset on value of type null in /wordpress/wp-content/plugins/post-avatar/gkl-postavatar.php on line 524","log":"/logs/plugins/p/post-page-duplicator/error.json"}
,
{"message":"Trying to access array offset on value of type null in /wordpress/wp-content/plugins/post-avatar/gkl-postavatar.php on line 522","level":"WARNING","type":"PHP","test":"asyncify-boot","plugin":"post-page-duplicator","details":"[16-Jun-2025 07:35:21 UTC] PHP Warning:  Trying to access array offset on value of type null in /wordpress/wp-content/plugins/post-avatar/gkl-postavatar.php on line 522","log":"/logs/plugins/p/post-page-duplicator/error.json"}
,
{"message":"Trying to access array offset on value of type null in /wordpress/wp-content/plugins/post-avatar/gkl-postavatar.php on line 524","level":"WARNING","type":"PHP","test":"asyncify-boot","plugin":"post-page-duplicator","details":"[16-Jun-2025 07:35:21 UTC] PHP Warning:  Trying to access array offset on value of type null in /wordpress/wp-content/plugins/post-avatar/gkl-postavatar.php on line 524","log":"/logs/plugins/p/post-page-duplicator/error.json"}
,
{"message":"Trying to access array offset on value of type null in /wordpress/wp-content/plugins/post-avatar/gkl-postavatar.php on line 522","level":"WARNING","type":"PHP","test":"asyncify-boot","plugin":"post-page-duplicator","details":"[16-Jun-2025 07:35:30 UTC] PHP Warning:  Trying to access array offset on value of type null in /wordpress/wp-content/plugins/post-avatar/gkl-postavatar.php on line 522","log":"/logs/plugins/p/post-page-duplicator/error.json"}
,
{"message":"Trying to access array offset on value of type null in /wordpress/wp-content/plugins/post-avatar/gkl-postavatar.php on line 524","level":"WARNING","type":"PHP","test":"asyncify-boot","plugin":"post-page-duplicator","details":"[16-Jun-2025 07:35:30 UTC] PHP Warning:  Trying to access array offset on value of type null in /wordpress/wp-content/plugins/post-avatar/gkl-postavatar.php on line 524","log":"/logs/plugins/p/post-page-duplicator/error.json"}
,
{"message":"Trying to access array offset on value of type null in /wordpress/wp-content/plugins/post-avatar/gkl-postavatar.php on line 522","level":"WARNING","type":"PHP","test":"asyncify-boot","plugin":"post-page-duplicator","details":"[16-Jun-2025 07:35:31 UTC] PHP Warning:  Trying to access array offset on value of type null in /wordpress/wp-content/plugins/post-avatar/gkl-postavatar.php on line 522","log":"/logs/plugins/p/post-page-duplicator/error.json"}
,
{"message":"Trying to access array offset on value of type null in /wordpress/wp-content/plugins/post-avatar/gkl-postavatar.php on line 524","level":"WARNING","type":"PHP","test":"asyncify-boot","plugin":"post-page-duplicator","details":"[16-Jun-2025 07:35:31 UTC] PHP Warning:  Trying to access array offset on value of type null in /wordpress/wp-content/plugins/post-avatar/gkl-postavatar.php on line 524\n\n    at Object.onBind (file:///home/runner/work/playground-tester/playground-tester/node_modules/@wp-playground/cli/run-cli-j-geJYS3.js:325:15)\n    at process.processTicksAndRejections (node:internal/process/task_queues:105:5)\n    at async re (file:///home/runner/work/playground-tester/playground-tester/node_modules/@wp-playground/cli/run-cli-j-geJYS3.js:149:10) {\n  [cause]: Error: Error when executing the blueprint step #1 ({\"step\":\"installPlugin\",\"pluginData\":{\"resource\":\"wordpress.org/plugins\",\"slug\":\"post-page-duplicator\"},\"options\":{\"activate\":true}}) : Plugin /wordpress/wp-content/plugins/post-page-duplicator could not be activated – WordPress exited with no error. Sometimes, when $_SERVER or site options are not configured correctly, WordPress exits early with a 301 redirect. Inspect the \"debug\" logs in the console for more details.\n      at Object.run (file:///home/runner/work/playground-tester/playground-tester/node_modules/@wp-playground/blueprints/index.js:12093:19)\n      at process.processTicksAndRejections (node:internal/process/task_queues:105:5)\n      at async ys (file:///home/runner/work/playground-tester/playground-tester/node_modules/@wp-playground/blueprints/index.js:12196:3)\n      at async Object.onBind (file:///home/runner/work/playground-tester/playground-tester/node_modules/@wp-playground/cli/run-cli-j-geJYS3.js:315:48)\n      at async re (file:///home/runner/work/playground-tester/playground-tester/node_modules/@wp-playground/cli/run-cli-j-geJYS3.js:149:10) {\n    [cause]: Error: Plugin /wordpress/wp-content/plugins/post-page-duplicator could not be activated – WordPress exited with no error. Sometimes, when $_SERVER or site options are not configured correctly, WordPress exits early with a 301 redirect. Inspect the \"debug\" logs in the console for more details.\n        at wr (file:///home/runner/work/playground-tester/playground-tester/node_modules/@wp-playground/blueprints/index.js:120:51)\n        at process.processTicksAndRejections (node:internal/process/task_queues:105:5)\n        at async Object.gt [as installPlugin] (file:///home/runner/work/playground-tester/playground-tester/node_modules/@wp-playground/blueprints/index.js:631:42)\n        at async g (file:///home/runner/work/playground-tester/playground-tester/node_modules/@wp-playground/blueprints/index.js:12161:30)\n        at async Object.run (file:///home/runner/work/playground-tester/playground-tester/node_modules/@wp-playground/blueprints/index.js:12090:23)\n        at async ys (file:///home/runner/work/playground-tester/playground-tester/node_modules/@wp-playground/blueprints/index.js:12196:3)\n        at async Object.onBind (file:///home/runner/work/playground-tester/playground-tester/node_modules/@wp-playground/cli/run-cli-j-geJYS3.js:315:48)\n        at async re (file:///home/runner/work/playground-tester/playground-tester/node_modules/@wp-playground/cli/run-cli-j-geJYS3.js:149:10)\n  }\n}\n\n","log":"/logs/plugins/p/post-page-duplicator/error.json"}
]
