[
{"message":"file:///home/runner/work/playground-tester/playground-tester/node_modules/@wp-playground/cli/run-cli-j-geJYS3.js:325\n        throw new Error($, { cause: h });\n              ^\n","level":"FATAL","type":"PLAYGROUND","test":"jspi-boot","plugin":"skysa-announcements-app","details":"file:///home/runner/work/playground-tester/playground-tester/node_modules/@wp-playground/cli/run-cli-j-geJYS3.js:325\n        throw new Error($, { cause: h });\n              ^\n","log":"/tmp/tmp.QmPRbpFrYD"}
,
{"message":"Function get_bloginfo was called with an argument that is <strong>deprecated</strong> since version 2.2.0! The <code>home</code> option is deprecated for the family of <code>bloginfo()</code> functions. Use the <code>url</code> option instead. in /wordpress/wp-includes/functions.php on line 6121","level":"DEPRECATED","type":"PHP","test":"jspi-boot","plugin":"skysa-announcements-app","details":"[27-Jun-2025 04:36:59 UTC] PHP Deprecated:  Function get_bloginfo was called with an argument that is <strong>deprecated</strong> since version 2.2.0! The <code>home</code> option is deprecated for the family of <code>bloginfo()</code> functions. Use the <code>url</code> option instead. in /wordpress/wp-includes/functions.php on line 6121","log":"/logs/plugins/s/skysa-announcements-app/error.json"}
,
{"message":"Function get_bloginfo was called with an argument that is <strong>deprecated</strong> since version 2.2.0! The <code>home</code> option is deprecated for the family of <code>bloginfo()</code> functions. Use the <code>url</code> option instead. in /wordpress/wp-includes/functions.php on line 6121","level":"DEPRECATED","type":"PHP","test":"jspi-boot","plugin":"skysa-announcements-app","details":"[27-Jun-2025 04:37:00 UTC] PHP Deprecated:  Function get_bloginfo was called with an argument that is <strong>deprecated</strong> since version 2.2.0! The <code>home</code> option is deprecated for the family of <code>bloginfo()</code> functions. Use the <code>url</code> option instead. in /wordpress/wp-includes/functions.php on line 6121","log":"/logs/plugins/s/skysa-announcements-app/error.json"}
,
{"message":"Function get_bloginfo was called with an argument that is <strong>deprecated</strong> since version 2.2.0! The <code>home</code> option is deprecated for the family of <code>bloginfo()</code> functions. Use the <code>url</code> option instead. in /wordpress/wp-includes/functions.php on line 6121","level":"DEPRECATED","type":"PHP","test":"jspi-boot","plugin":"skysa-announcements-app","details":"[27-Jun-2025 04:37:09 UTC] PHP Deprecated:  Function get_bloginfo was called with an argument that is <strong>deprecated</strong> since version 2.2.0! The <code>home</code> option is deprecated for the family of <code>bloginfo()</code> functions. Use the <code>url</code> option instead. in /wordpress/wp-includes/functions.php on line 6121","log":"/logs/plugins/s/skysa-announcements-app/error.json"}
,
{"message":"Function get_bloginfo was called with an argument that is <strong>deprecated</strong> since version 2.2.0! The <code>home</code> option is deprecated for the family of <code>bloginfo()</code> functions. Use the <code>url</code> option instead. in /wordpress/wp-includes/functions.php on line 6121","level":"DEPRECATED","type":"PHP","test":"jspi-boot","plugin":"skysa-announcements-app","details":"[27-Jun-2025 04:37:09 UTC] PHP Deprecated:  Function get_bloginfo was called with an argument that is <strong>deprecated</strong> since version 2.2.0! The <code>home</code> option is deprecated for the family of <code>bloginfo()</code> functions. Use the <code>url</code> option instead. in /wordpress/wp-includes/functions.php on line 6121","log":"/logs/plugins/s/skysa-announcements-app/error.json"}
,
{"message":"Function get_bloginfo was called with an argument that is <strong>deprecated</strong> since version 2.2.0! The <code>home</code> option is deprecated for the family of <code>bloginfo()</code> functions. Use the <code>url</code> option instead. in /wordpress/wp-includes/functions.php on line 6121","level":"DEPRECATED","type":"PHP","test":"jspi-boot","plugin":"skysa-announcements-app","details":"[27-Jun-2025 04:37:18 UTC] PHP Deprecated:  Function get_bloginfo was called with an argument that is <strong>deprecated</strong> since version 2.2.0! The <code>home</code> option is deprecated for the family of <code>bloginfo()</code> functions. Use the <code>url</code> option instead. in /wordpress/wp-includes/functions.php on line 6121","log":"/logs/plugins/s/skysa-announcements-app/error.json"}
,
{"message":"Function get_bloginfo was called with an argument that is <strong>deprecated</strong> since version 2.2.0! The <code>home</code> option is deprecated for the family of <code>bloginfo()</code> functions. Use the <code>url</code> option instead. in /wordpress/wp-includes/functions.php on line 6121","level":"DEPRECATED","type":"PHP","test":"jspi-boot","plugin":"skysa-announcements-app","details":"[27-Jun-2025 04:37:19 UTC] PHP Deprecated:  Function get_bloginfo was called with an argument that is <strong>deprecated</strong> since version 2.2.0! The <code>home</code> option is deprecated for the family of <code>bloginfo()</code> functions. Use the <code>url</code> option instead. in /wordpress/wp-includes/functions.php on line 6121","log":"/logs/plugins/s/skysa-announcements-app/error.json"}
,
{"message":"Uncaught PDOException: SQLSTATE[HY000] [2002] Address family not supported by protocol in /wordpress/wp-content/plugins/rise-hotel-booking/rise-hotel-booking.php:167","level":"FATAL","type":"PHP","test":"jspi-boot","plugin":"skysa-announcements-app","details":"[27-Jun-2025 04:37:30 UTC] PHP Fatal error:  Uncaught PDOException: SQLSTATE[HY000] [2002] Address family not supported by protocol in /wordpress/wp-content/plugins/rise-hotel-booking/rise-hotel-booking.php:167\nStack trace:\n#0 /wordpress/wp-content/plugins/rise-hotel-booking/rise-hotel-booking.php(167): PDO->__construct('mysql:host=loca...', 'username_here', 'password_here')\n#1 /wordpress/wp-includes/class-wp-hook.php(324): RISE->createTables(false)\n#2 /wordpress/wp-includes/class-wp-hook.php(348): WP_Hook->apply_filters('', Array)\n#3 /wordpress/wp-includes/plugin.php(517): WP_Hook->do_action(Array)\n#4 /wordpress/wp-admin/includes/plugin.php(703): do_action('activate_rise-h...', false)\n#5 /internal/eval.php(20): activate_plugin('rise-hotel-book...')\n#6 {main}\n  thrown in /wordpress/wp-content/plugins/rise-hotel-booking/rise-hotel-booking.php on line 167","log":"/logs/plugins/s/skysa-announcements-app/error.json"}
,
{"message":"Uncaught PDOException: SQLSTATE[HY000] [2002] Address family not supported by protocol in /wordpress/wp-content/plugins/rise-hotel-booking/rise-hotel-booking.php:167","level":"FATAL","type":"PHP","test":"jspi-boot","plugin":"skysa-announcements-app","details":"[27-Jun-2025 04:37:41 UTC] PHP Fatal error:  Uncaught PDOException: SQLSTATE[HY000] [2002] Address family not supported by protocol in /wordpress/wp-content/plugins/rise-hotel-booking/rise-hotel-booking.php:167\nStack trace:\n#0 /wordpress/wp-content/plugins/rise-hotel-booking/rise-hotel-booking.php(167): PDO->__construct('mysql:host=loca...', 'username_here', 'password_here')\n#1 /wordpress/wp-includes/class-wp-hook.php(324): RISE->createTables(false)\n#2 /wordpress/wp-includes/class-wp-hook.php(348): WP_Hook->apply_filters('', Array)\n#3 /wordpress/wp-includes/plugin.php(517): WP_Hook->do_action(Array)\n#4 /wordpress/wp-admin/includes/plugin.php(703): do_action('activate_rise-h...', false)\n#5 /internal/eval.php(20): activate_plugin('rise-hotel-book...')\n#6 {main}\n  thrown in /wordpress/wp-content/plugins/rise-hotel-booking/rise-hotel-booking.php on line 167","log":"/logs/plugins/s/skysa-announcements-app/error.json"}
,
{"message":"Uncaught PDOException: SQLSTATE[HY000] [2002] Address family not supported by protocol in /wordpress/wp-content/plugins/rise-hotel-booking/rise-hotel-booking.php:167","level":"FATAL","type":"PHP","test":"jspi-boot","plugin":"skysa-announcements-app","details":"[27-Jun-2025 04:37:51 UTC] PHP Fatal error:  Uncaught PDOException: SQLSTATE[HY000] [2002] Address family not supported by protocol in /wordpress/wp-content/plugins/rise-hotel-booking/rise-hotel-booking.php:167\nStack trace:\n#0 /wordpress/wp-content/plugins/rise-hotel-booking/rise-hotel-booking.php(167): PDO->__construct('mysql:host=loca...', 'username_here', 'password_here')\n#1 /wordpress/wp-includes/class-wp-hook.php(324): RISE->createTables(false)\n#2 /wordpress/wp-includes/class-wp-hook.php(348): WP_Hook->apply_filters('', Array)\n#3 /wordpress/wp-includes/plugin.php(517): WP_Hook->do_action(Array)\n#4 /wordpress/wp-admin/includes/plugin.php(703): do_action('activate_rise-h...', false)\n#5 /internal/eval.php(20): activate_plugin('rise-hotel-book...')\n#6 {main}\n  thrown in /wordpress/wp-content/plugins/rise-hotel-booking/rise-hotel-booking.php on line 167","log":"/logs/plugins/s/skysa-announcements-app/error.json"}
,
{"message":"Uncaught Error: Call to undefined function create_function() in /wordpress/wp-content/plugins/search-planetabroad-widget/search_planetabroad.php:170","level":"FATAL","type":"PHP","test":"jspi-boot","plugin":"skysa-announcements-app","details":"[27-Jun-2025 04:37:59 UTC] PHP Fatal error:  Uncaught Error: Call to undefined function create_function() in /wordpress/wp-content/plugins/search-planetabroad-widget/search_planetabroad.php:170\nStack trace:\n#0 /wordpress/wp-admin/includes/plugin.php(2387): include_once()\n#1 /wordpress/wp-admin/includes/plugin.php(673): plugin_sandbox_scrape('search-planetab...')\n#2 /internal/eval.php(20): activate_plugin('search-planetab...')\n#3 {main}\n  thrown in /wordpress/wp-content/plugins/search-planetabroad-widget/search_planetabroad.php on line 170","log":"/logs/plugins/s/skysa-announcements-app/error.json"}
,
{"message":"Uncaught Error: Call to undefined function create_function() in /wordpress/wp-content/plugins/search-planetabroad-widget/search_planetabroad.php:170","level":"FATAL","type":"PHP","test":"jspi-boot","plugin":"skysa-announcements-app","details":"[27-Jun-2025 04:38:08 UTC] PHP Fatal error:  Uncaught Error: Call to undefined function create_function() in /wordpress/wp-content/plugins/search-planetabroad-widget/search_planetabroad.php:170\nStack trace:\n#0 /wordpress/wp-admin/includes/plugin.php(2387): include_once()\n#1 /wordpress/wp-admin/includes/plugin.php(673): plugin_sandbox_scrape('search-planetab...')\n#2 /internal/eval.php(20): activate_plugin('search-planetab...')\n#3 {main}\n  thrown in /wordpress/wp-content/plugins/search-planetabroad-widget/search_planetabroad.php on line 170","log":"/logs/plugins/s/skysa-announcements-app/error.json"}
,
{"message":"Uncaught Error: Call to undefined function create_function() in /wordpress/wp-content/plugins/search-planetabroad-widget/search_planetabroad.php:170","level":"FATAL","type":"PHP","test":"jspi-boot","plugin":"skysa-announcements-app","details":"[27-Jun-2025 04:38:16 UTC] PHP Fatal error:  Uncaught Error: Call to undefined function create_function() in /wordpress/wp-content/plugins/search-planetabroad-widget/search_planetabroad.php:170\nStack trace:\n#0 /wordpress/wp-admin/includes/plugin.php(2387): include_once()\n#1 /wordpress/wp-admin/includes/plugin.php(673): plugin_sandbox_scrape('search-planetab...')\n#2 /internal/eval.php(20): activate_plugin('search-planetab...')\n#3 {main}\n  thrown in /wordpress/wp-content/plugins/search-planetabroad-widget/search_planetabroad.php on line 170","log":"/logs/plugins/s/skysa-announcements-app/error.json"}
,
{"message":"Function wp_enqueue_style was called <strong>incorrectly</strong>. Scripts and styles should not be registered or enqueued until the <code>wp_enqueue_scripts</code>, <code>admin_enqueue_scripts</code>, or <code>login_enqueue_scripts</code> hooks. This notice was triggered by the <code>style</code> handle. Please see <a href=\"https://developer.wordpress.org/advanced-administration/debug/debug-wordpress/\">Debugging in WordPress</a> for more information. (This message was added in version 3.3.0.) in /wordpress/wp-includes/functions.php on line 6121","level":"NOTICE","type":"PHP","test":"jspi-boot","plugin":"skysa-announcements-app","details":"[27-Jun-2025 04:38:27 UTC] PHP Notice:  Function wp_enqueue_style was called <strong>incorrectly</strong>. Scripts and styles should not be registered or enqueued until the <code>wp_enqueue_scripts</code>, <code>admin_enqueue_scripts</code>, or <code>login_enqueue_scripts</code> hooks. This notice was triggered by the <code>style</code> handle. Please see <a href=\"https://developer.wordpress.org/advanced-administration/debug/debug-wordpress/\">Debugging in WordPress</a> for more information. (This message was added in version 3.3.0.) in /wordpress/wp-includes/functions.php on line 6121","log":"/logs/plugins/s/skysa-announcements-app/error.json"}
,
{"message":"Function is_feed was called <strong>incorrectly</strong>. Conditional query tags do not work before the query is run. Before then, they always return false. Please see <a href=\"https://developer.wordpress.org/advanced-administration/debug/debug-wordpress/\">Debugging in WordPress</a> for more information. (This message was added in version 3.1.0.) in /wordpress/wp-includes/functions.php on line 6121","level":"NOTICE","type":"PHP","test":"jspi-boot","plugin":"skysa-announcements-app","details":"[27-Jun-2025 04:38:27 UTC] PHP Notice:  Function is_feed was called <strong>incorrectly</strong>. Conditional query tags do not work before the query is run. Before then, they always return false. Please see <a href=\"https://developer.wordpress.org/advanced-administration/debug/debug-wordpress/\">Debugging in WordPress</a> for more information. (This message was added in version 3.1.0.) in /wordpress/wp-includes/functions.php on line 6121","log":"/logs/plugins/s/skysa-announcements-app/error.json"}
,
{"message":"Function wp_enqueue_script was called <strong>incorrectly</strong>. Scripts and styles should not be registered or enqueued until the <code>wp_enqueue_scripts</code>, <code>admin_enqueue_scripts</code>, or <code>login_enqueue_scripts</code> hooks. This notice was triggered by the <code>roguelytics_script</code> handle. Please see <a href=\"https://developer.wordpress.org/advanced-administration/debug/debug-wordpress/\">Debugging in WordPress</a> for more information. (This message was added in version 3.3.0.) in /wordpress/wp-includes/functions.php on line 6121","level":"NOTICE","type":"PHP","test":"jspi-boot","plugin":"skysa-announcements-app","details":"[27-Jun-2025 04:38:27 UTC] PHP Notice:  Function wp_enqueue_script was called <strong>incorrectly</strong>. Scripts and styles should not be registered or enqueued until the <code>wp_enqueue_scripts</code>, <code>admin_enqueue_scripts</code>, or <code>login_enqueue_scripts</code> hooks. This notice was triggered by the <code>roguelytics_script</code> handle. Please see <a href=\"https://developer.wordpress.org/advanced-administration/debug/debug-wordpress/\">Debugging in WordPress</a> for more information. (This message was added in version 3.3.0.) in /wordpress/wp-includes/functions.php on line 6121","log":"/logs/plugins/s/skysa-announcements-app/error.json"}
,
{"message":"Function wp_enqueue_style was called <strong>incorrectly</strong>. Scripts and styles should not be registered or enqueued until the <code>wp_enqueue_scripts</code>, <code>admin_enqueue_scripts</code>, or <code>login_enqueue_scripts</code> hooks. This notice was triggered by the <code>style</code> handle. Please see <a href=\"https://developer.wordpress.org/advanced-administration/debug/debug-wordpress/\">Debugging in WordPress</a> for more information. (This message was added in version 3.3.0.) in /wordpress/wp-includes/functions.php on line 6121","level":"NOTICE","type":"PHP","test":"jspi-boot","plugin":"skysa-announcements-app","details":"[27-Jun-2025 04:38:36 UTC] PHP Notice:  Function wp_enqueue_style was called <strong>incorrectly</strong>. Scripts and styles should not be registered or enqueued until the <code>wp_enqueue_scripts</code>, <code>admin_enqueue_scripts</code>, or <code>login_enqueue_scripts</code> hooks. This notice was triggered by the <code>style</code> handle. Please see <a href=\"https://developer.wordpress.org/advanced-administration/debug/debug-wordpress/\">Debugging in WordPress</a> for more information. (This message was added in version 3.3.0.) in /wordpress/wp-includes/functions.php on line 6121","log":"/logs/plugins/s/skysa-announcements-app/error.json"}
,
{"message":"Function is_feed was called <strong>incorrectly</strong>. Conditional query tags do not work before the query is run. Before then, they always return false. Please see <a href=\"https://developer.wordpress.org/advanced-administration/debug/debug-wordpress/\">Debugging in WordPress</a> for more information. (This message was added in version 3.1.0.) in /wordpress/wp-includes/functions.php on line 6121","level":"NOTICE","type":"PHP","test":"jspi-boot","plugin":"skysa-announcements-app","details":"[27-Jun-2025 04:38:36 UTC] PHP Notice:  Function is_feed was called <strong>incorrectly</strong>. Conditional query tags do not work before the query is run. Before then, they always return false. Please see <a href=\"https://developer.wordpress.org/advanced-administration/debug/debug-wordpress/\">Debugging in WordPress</a> for more information. (This message was added in version 3.1.0.) in /wordpress/wp-includes/functions.php on line 6121","log":"/logs/plugins/s/skysa-announcements-app/error.json"}
,
{"message":"Function wp_enqueue_script was called <strong>incorrectly</strong>. Scripts and styles should not be registered or enqueued until the <code>wp_enqueue_scripts</code>, <code>admin_enqueue_scripts</code>, or <code>login_enqueue_scripts</code> hooks. This notice was triggered by the <code>roguelytics_script</code> handle. Please see <a href=\"https://developer.wordpress.org/advanced-administration/debug/debug-wordpress/\">Debugging in WordPress</a> for more information. (This message was added in version 3.3.0.) in /wordpress/wp-includes/functions.php on line 6121","level":"NOTICE","type":"PHP","test":"jspi-boot","plugin":"skysa-announcements-app","details":"[27-Jun-2025 04:38:36 UTC] PHP Notice:  Function wp_enqueue_script was called <strong>incorrectly</strong>. Scripts and styles should not be registered or enqueued until the <code>wp_enqueue_scripts</code>, <code>admin_enqueue_scripts</code>, or <code>login_enqueue_scripts</code> hooks. This notice was triggered by the <code>roguelytics_script</code> handle. Please see <a href=\"https://developer.wordpress.org/advanced-administration/debug/debug-wordpress/\">Debugging in WordPress</a> for more information. (This message was added in version 3.3.0.) in /wordpress/wp-includes/functions.php on line 6121","log":"/logs/plugins/s/skysa-announcements-app/error.json"}
,
{"message":"Function wp_enqueue_style was called <strong>incorrectly</strong>. Scripts and styles should not be registered or enqueued until the <code>wp_enqueue_scripts</code>, <code>admin_enqueue_scripts</code>, or <code>login_enqueue_scripts</code> hooks. This notice was triggered by the <code>style</code> handle. Please see <a href=\"https://developer.wordpress.org/advanced-administration/debug/debug-wordpress/\">Debugging in WordPress</a> for more information. (This message was added in version 3.3.0.) in /wordpress/wp-includes/functions.php on line 6121","level":"NOTICE","type":"PHP","test":"jspi-boot","plugin":"skysa-announcements-app","details":"[27-Jun-2025 04:38:45 UTC] PHP Notice:  Function wp_enqueue_style was called <strong>incorrectly</strong>. Scripts and styles should not be registered or enqueued until the <code>wp_enqueue_scripts</code>, <code>admin_enqueue_scripts</code>, or <code>login_enqueue_scripts</code> hooks. This notice was triggered by the <code>style</code> handle. Please see <a href=\"https://developer.wordpress.org/advanced-administration/debug/debug-wordpress/\">Debugging in WordPress</a> for more information. (This message was added in version 3.3.0.) in /wordpress/wp-includes/functions.php on line 6121","log":"/logs/plugins/s/skysa-announcements-app/error.json"}
,
{"message":"Function is_feed was called <strong>incorrectly</strong>. Conditional query tags do not work before the query is run. Before then, they always return false. Please see <a href=\"https://developer.wordpress.org/advanced-administration/debug/debug-wordpress/\">Debugging in WordPress</a> for more information. (This message was added in version 3.1.0.) in /wordpress/wp-includes/functions.php on line 6121","level":"NOTICE","type":"PHP","test":"jspi-boot","plugin":"skysa-announcements-app","details":"[27-Jun-2025 04:38:45 UTC] PHP Notice:  Function is_feed was called <strong>incorrectly</strong>. Conditional query tags do not work before the query is run. Before then, they always return false. Please see <a href=\"https://developer.wordpress.org/advanced-administration/debug/debug-wordpress/\">Debugging in WordPress</a> for more information. (This message was added in version 3.1.0.) in /wordpress/wp-includes/functions.php on line 6121","log":"/logs/plugins/s/skysa-announcements-app/error.json"}
,
{"message":"Function wp_enqueue_script was called <strong>incorrectly</strong>. Scripts and styles should not be registered or enqueued until the <code>wp_enqueue_scripts</code>, <code>admin_enqueue_scripts</code>, or <code>login_enqueue_scripts</code> hooks. This notice was triggered by the <code>roguelytics_script</code> handle. Please see <a href=\"https://developer.wordpress.org/advanced-administration/debug/debug-wordpress/\">Debugging in WordPress</a> for more information. (This message was added in version 3.3.0.) in /wordpress/wp-includes/functions.php on line 6121","level":"NOTICE","type":"PHP","test":"jspi-boot","plugin":"skysa-announcements-app","details":"[27-Jun-2025 04:38:45 UTC] PHP Notice:  Function wp_enqueue_script was called <strong>incorrectly</strong>. Scripts and styles should not be registered or enqueued until the <code>wp_enqueue_scripts</code>, <code>admin_enqueue_scripts</code>, or <code>login_enqueue_scripts</code> hooks. This notice was triggered by the <code>roguelytics_script</code> handle. Please see <a href=\"https://developer.wordpress.org/advanced-administration/debug/debug-wordpress/\">Debugging in WordPress</a> for more information. (This message was added in version 3.3.0.) in /wordpress/wp-includes/functions.php on line 6121","log":"/logs/plugins/s/skysa-announcements-app/error.json"}
,
{"message":"Required parameter $wrapper follows optional parameter $type in /wordpress/wp-content/plugins/random-sorting-order-for-woocommerce/freemius/includes/class-fs-logger.php on line 145","level":"DEPRECATED","type":"PHP","test":"jspi-boot","plugin":"skysa-announcements-app","details":"[27-Jun-2025 04:39:51 UTC] PHP Deprecated:  Required parameter $wrapper follows optional parameter $type in /wordpress/wp-content/plugins/random-sorting-order-for-woocommerce/freemius/includes/class-fs-logger.php on line 145","log":"/logs/plugins/s/skysa-announcements-app/error.json"}
,
{"message":"Required parameter $wrapper follows optional parameter $type in /wordpress/wp-content/plugins/random-sorting-order-for-woocommerce/freemius/includes/class-fs-logger.php on line 145","level":"DEPRECATED","type":"PHP","test":"jspi-boot","plugin":"skysa-announcements-app","details":"[27-Jun-2025 04:39:52 UTC] PHP Deprecated:  Required parameter $wrapper follows optional parameter $type in /wordpress/wp-content/plugins/random-sorting-order-for-woocommerce/freemius/includes/class-fs-logger.php on line 145","log":"/logs/plugins/s/skysa-announcements-app/error.json"}
,
{"message":"Required parameter $wrapper follows optional parameter $type in /wordpress/wp-content/plugins/random-sorting-order-for-woocommerce/freemius/includes/class-fs-logger.php on line 145","level":"DEPRECATED","type":"PHP","test":"jspi-boot","plugin":"skysa-announcements-app","details":"[27-Jun-2025 04:40:02 UTC] PHP Deprecated:  Required parameter $wrapper follows optional parameter $type in /wordpress/wp-content/plugins/random-sorting-order-for-woocommerce/freemius/includes/class-fs-logger.php on line 145","log":"/logs/plugins/s/skysa-announcements-app/error.json"}
,
{"message":"Required parameter $wrapper follows optional parameter $type in /wordpress/wp-content/plugins/random-sorting-order-for-woocommerce/freemius/includes/class-fs-logger.php on line 145","level":"DEPRECATED","type":"PHP","test":"jspi-boot","plugin":"skysa-announcements-app","details":"[27-Jun-2025 04:40:04 UTC] PHP Deprecated:  Required parameter $wrapper follows optional parameter $type in /wordpress/wp-content/plugins/random-sorting-order-for-woocommerce/freemius/includes/class-fs-logger.php on line 145","log":"/logs/plugins/s/skysa-announcements-app/error.json"}
,
{"message":"Required parameter $wrapper follows optional parameter $type in /wordpress/wp-content/plugins/random-sorting-order-for-woocommerce/freemius/includes/class-fs-logger.php on line 145","level":"DEPRECATED","type":"PHP","test":"jspi-boot","plugin":"skysa-announcements-app","details":"[27-Jun-2025 04:40:13 UTC] PHP Deprecated:  Required parameter $wrapper follows optional parameter $type in /wordpress/wp-content/plugins/random-sorting-order-for-woocommerce/freemius/includes/class-fs-logger.php on line 145","log":"/logs/plugins/s/skysa-announcements-app/error.json"}
,
{"message":"Required parameter $wrapper follows optional parameter $type in /wordpress/wp-content/plugins/random-sorting-order-for-woocommerce/freemius/includes/class-fs-logger.php on line 145","level":"DEPRECATED","type":"PHP","test":"jspi-boot","plugin":"skysa-announcements-app","details":"[27-Jun-2025 04:40:15 UTC] PHP Deprecated:  Required parameter $wrapper follows optional parameter $type in /wordpress/wp-content/plugins/random-sorting-order-for-woocommerce/freemius/includes/class-fs-logger.php on line 145","log":"/logs/plugins/s/skysa-announcements-app/error.json"}
,
{"message":"Function _load_textdomain_just_in_time was called <strong>incorrectly</strong>. Translation loading for the <code>rave-payment-forms</code> domain was triggered too early. This is usually an indicator for some code in the plugin or theme running too early. Translations should be loaded at the <code>init</code> action or later. Please see <a href=\"https://developer.wordpress.org/advanced-administration/debug/debug-wordpress/\">Debugging in WordPress</a> for more information. (This message was added in version 6.7.0.) in /wordpress/wp-includes/functions.php on line 6121","level":"NOTICE","type":"PHP","test":"jspi-boot","plugin":"skysa-announcements-app","details":"[27-Jun-2025 04:40:54 UTC] PHP Notice:  Function _load_textdomain_just_in_time was called <strong>incorrectly</strong>. Translation loading for the <code>rave-payment-forms</code> domain was triggered too early. This is usually an indicator for some code in the plugin or theme running too early. Translations should be loaded at the <code>init</code> action or later. Please see <a href=\"https://developer.wordpress.org/advanced-administration/debug/debug-wordpress/\">Debugging in WordPress</a> for more information. (This message was added in version 6.7.0.) in /wordpress/wp-includes/functions.php on line 6121","log":"/logs/plugins/s/skysa-announcements-app/error.json"}
,
{"message":"Function _load_textdomain_just_in_time was called <strong>incorrectly</strong>. Translation loading for the <code>rave-payment-forms</code> domain was triggered too early. This is usually an indicator for some code in the plugin or theme running too early. Translations should be loaded at the <code>init</code> action or later. Please see <a href=\"https://developer.wordpress.org/advanced-administration/debug/debug-wordpress/\">Debugging in WordPress</a> for more information. (This message was added in version 6.7.0.) in /wordpress/wp-includes/functions.php on line 6121","level":"NOTICE","type":"PHP","test":"jspi-boot","plugin":"skysa-announcements-app","details":"[27-Jun-2025 04:41:05 UTC] PHP Notice:  Function _load_textdomain_just_in_time was called <strong>incorrectly</strong>. Translation loading for the <code>rave-payment-forms</code> domain was triggered too early. This is usually an indicator for some code in the plugin or theme running too early. Translations should be loaded at the <code>init</code> action or later. Please see <a href=\"https://developer.wordpress.org/advanced-administration/debug/debug-wordpress/\">Debugging in WordPress</a> for more information. (This message was added in version 6.7.0.) in /wordpress/wp-includes/functions.php on line 6121","log":"/logs/plugins/s/skysa-announcements-app/error.json"}
,
{"message":"Function _load_textdomain_just_in_time was called <strong>incorrectly</strong>. Translation loading for the <code>rave-payment-forms</code> domain was triggered too early. This is usually an indicator for some code in the plugin or theme running too early. Translations should be loaded at the <code>init</code> action or later. Please see <a href=\"https://developer.wordpress.org/advanced-administration/debug/debug-wordpress/\">Debugging in WordPress</a> for more information. (This message was added in version 6.7.0.) in /wordpress/wp-includes/functions.php on line 6121","level":"NOTICE","type":"PHP","test":"jspi-boot","plugin":"skysa-announcements-app","details":"[27-Jun-2025 04:41:15 UTC] PHP Notice:  Function _load_textdomain_just_in_time was called <strong>incorrectly</strong>. Translation loading for the <code>rave-payment-forms</code> domain was triggered too early. This is usually an indicator for some code in the plugin or theme running too early. Translations should be loaded at the <code>init</code> action or later. Please see <a href=\"https://developer.wordpress.org/advanced-administration/debug/debug-wordpress/\">Debugging in WordPress</a> for more information. (This message was added in version 6.7.0.) in /wordpress/wp-includes/functions.php on line 6121","log":"/logs/plugins/s/skysa-announcements-app/error.json"}
,
{"message":"WP_SQLite_Information_Schema_Exception::__construct(): Implicitly marking parameter $previous as nullable is deprecated, the explicit nullable type must be used instead in /internal/shared/sqlite-database-integration/wp-includes/sqlite-ast/class-wp-sqlite-information-schema-exception.php on line 37","level":"DEPRECATED","type":"PHP","test":"jspi-boot","plugin":"skysa-announcements-app","details":"[27-Jun-2025 04:42:20 UTC] PHP Deprecated:  WP_SQLite_Information_Schema_Exception::__construct(): Implicitly marking parameter $previous as nullable is deprecated, the explicit nullable type must be used instead in /internal/shared/sqlite-database-integration/wp-includes/sqlite-ast/class-wp-sqlite-information-schema-exception.php on line 37","log":"/logs/plugins/s/skysa-announcements-app/error.json"}
,
{"message":"WP_SQLite_Information_Schema_Exception::__construct(): Implicitly marking parameter $previous as nullable is deprecated, the explicit nullable type must be used instead in /internal/shared/sqlite-database-integration/wp-includes/sqlite-ast/class-wp-sqlite-information-schema-exception.php on line 37","level":"DEPRECATED","type":"PHP","test":"jspi-boot","plugin":"skysa-announcements-app","details":"[27-Jun-2025 04:42:22 UTC] PHP Deprecated:  WP_SQLite_Information_Schema_Exception::__construct(): Implicitly marking parameter $previous as nullable is deprecated, the explicit nullable type must be used instead in /internal/shared/sqlite-database-integration/wp-includes/sqlite-ast/class-wp-sqlite-information-schema-exception.php on line 37","log":"/logs/plugins/s/skysa-announcements-app/error.json"}
,
{"message":"WP_SQLite_Information_Schema_Exception::__construct(): Implicitly marking parameter $previous as nullable is deprecated, the explicit nullable type must be used instead in /internal/shared/sqlite-database-integration/wp-includes/sqlite-ast/class-wp-sqlite-information-schema-exception.php on line 37","level":"DEPRECATED","type":"PHP","test":"jspi-boot","plugin":"skysa-announcements-app","details":"[27-Jun-2025 04:42:24 UTC] PHP Deprecated:  WP_SQLite_Information_Schema_Exception::__construct(): Implicitly marking parameter $previous as nullable is deprecated, the explicit nullable type must be used instead in /internal/shared/sqlite-database-integration/wp-includes/sqlite-ast/class-wp-sqlite-information-schema-exception.php on line 37","log":"/logs/plugins/s/skysa-announcements-app/error.json"}
,
{"message":"WP_SQLite_Information_Schema_Exception::__construct(): Implicitly marking parameter $previous as nullable is deprecated, the explicit nullable type must be used instead in /internal/shared/sqlite-database-integration/wp-includes/sqlite-ast/class-wp-sqlite-information-schema-exception.php on line 37","level":"DEPRECATED","type":"PHP","test":"jspi-boot","plugin":"skysa-announcements-app","details":"[27-Jun-2025 04:42:26 UTC] PHP Deprecated:  WP_SQLite_Information_Schema_Exception::__construct(): Implicitly marking parameter $previous as nullable is deprecated, the explicit nullable type must be used instead in /internal/shared/sqlite-database-integration/wp-includes/sqlite-ast/class-wp-sqlite-information-schema-exception.php on line 37","log":"/logs/plugins/s/skysa-announcements-app/error.json"}
,
{"message":"WP_SQLite_Information_Schema_Exception::__construct(): Implicitly marking parameter $previous as nullable is deprecated, the explicit nullable type must be used instead in /internal/shared/sqlite-database-integration/wp-includes/sqlite-ast/class-wp-sqlite-information-schema-exception.php on line 37","level":"DEPRECATED","type":"PHP","test":"jspi-boot","plugin":"skysa-announcements-app","details":"[27-Jun-2025 04:42:31 UTC] PHP Deprecated:  WP_SQLite_Information_Schema_Exception::__construct(): Implicitly marking parameter $previous as nullable is deprecated, the explicit nullable type must be used instead in /internal/shared/sqlite-database-integration/wp-includes/sqlite-ast/class-wp-sqlite-information-schema-exception.php on line 37","log":"/logs/plugins/s/skysa-announcements-app/error.json"}
,
{"message":"WP_SQLite_Information_Schema_Exception::__construct(): Implicitly marking parameter $previous as nullable is deprecated, the explicit nullable type must be used instead in /internal/shared/sqlite-database-integration/wp-includes/sqlite-ast/class-wp-sqlite-information-schema-exception.php on line 37","level":"DEPRECATED","type":"PHP","test":"jspi-boot","plugin":"skysa-announcements-app","details":"[27-Jun-2025 04:42:32 UTC] PHP Deprecated:  WP_SQLite_Information_Schema_Exception::__construct(): Implicitly marking parameter $previous as nullable is deprecated, the explicit nullable type must be used instead in /internal/shared/sqlite-database-integration/wp-includes/sqlite-ast/class-wp-sqlite-information-schema-exception.php on line 37","log":"/logs/plugins/s/skysa-announcements-app/error.json"}
,
{"message":"WP_SQLite_Information_Schema_Exception::__construct(): Implicitly marking parameter $previous as nullable is deprecated, the explicit nullable type must be used instead in /internal/shared/sqlite-database-integration/wp-includes/sqlite-ast/class-wp-sqlite-information-schema-exception.php on line 37","level":"DEPRECATED","type":"PHP","test":"jspi-boot","plugin":"skysa-announcements-app","details":"[27-Jun-2025 04:42:35 UTC] PHP Deprecated:  WP_SQLite_Information_Schema_Exception::__construct(): Implicitly marking parameter $previous as nullable is deprecated, the explicit nullable type must be used instead in /internal/shared/sqlite-database-integration/wp-includes/sqlite-ast/class-wp-sqlite-information-schema-exception.php on line 37","log":"/logs/plugins/s/skysa-announcements-app/error.json"}
,
{"message":"WP_SQLite_Information_Schema_Exception::__construct(): Implicitly marking parameter $previous as nullable is deprecated, the explicit nullable type must be used instead in /internal/shared/sqlite-database-integration/wp-includes/sqlite-ast/class-wp-sqlite-information-schema-exception.php on line 37","level":"DEPRECATED","type":"PHP","test":"jspi-boot","plugin":"skysa-announcements-app","details":"[27-Jun-2025 04:42:36 UTC] PHP Deprecated:  WP_SQLite_Information_Schema_Exception::__construct(): Implicitly marking parameter $previous as nullable is deprecated, the explicit nullable type must be used instead in /internal/shared/sqlite-database-integration/wp-includes/sqlite-ast/class-wp-sqlite-information-schema-exception.php on line 37","log":"/logs/plugins/s/skysa-announcements-app/error.json"}
,
{"message":"WP_SQLite_Information_Schema_Exception::__construct(): Implicitly marking parameter $previous as nullable is deprecated, the explicit nullable type must be used instead in /internal/shared/sqlite-database-integration/wp-includes/sqlite-ast/class-wp-sqlite-information-schema-exception.php on line 37","level":"DEPRECATED","type":"PHP","test":"jspi-boot","plugin":"skysa-announcements-app","details":"[27-Jun-2025 04:42:41 UTC] PHP Deprecated:  WP_SQLite_Information_Schema_Exception::__construct(): Implicitly marking parameter $previous as nullable is deprecated, the explicit nullable type must be used instead in /internal/shared/sqlite-database-integration/wp-includes/sqlite-ast/class-wp-sqlite-information-schema-exception.php on line 37","log":"/logs/plugins/s/skysa-announcements-app/error.json"}
,
{"message":"WP_SQLite_Information_Schema_Exception::__construct(): Implicitly marking parameter $previous as nullable is deprecated, the explicit nullable type must be used instead in /internal/shared/sqlite-database-integration/wp-includes/sqlite-ast/class-wp-sqlite-information-schema-exception.php on line 37","level":"DEPRECATED","type":"PHP","test":"jspi-boot","plugin":"skysa-announcements-app","details":"[27-Jun-2025 04:42:43 UTC] PHP Deprecated:  WP_SQLite_Information_Schema_Exception::__construct(): Implicitly marking parameter $previous as nullable is deprecated, the explicit nullable type must be used instead in /internal/shared/sqlite-database-integration/wp-includes/sqlite-ast/class-wp-sqlite-information-schema-exception.php on line 37","log":"/logs/plugins/s/skysa-announcements-app/error.json"}
,
{"message":"WP_SQLite_Information_Schema_Exception::__construct(): Implicitly marking parameter $previous as nullable is deprecated, the explicit nullable type must be used instead in /internal/shared/sqlite-database-integration/wp-includes/sqlite-ast/class-wp-sqlite-information-schema-exception.php on line 37","level":"DEPRECATED","type":"PHP","test":"jspi-boot","plugin":"skysa-announcements-app","details":"[27-Jun-2025 04:42:45 UTC] PHP Deprecated:  WP_SQLite_Information_Schema_Exception::__construct(): Implicitly marking parameter $previous as nullable is deprecated, the explicit nullable type must be used instead in /internal/shared/sqlite-database-integration/wp-includes/sqlite-ast/class-wp-sqlite-information-schema-exception.php on line 37","log":"/logs/plugins/s/skysa-announcements-app/error.json"}
,
{"message":"WP_SQLite_Information_Schema_Exception::__construct(): Implicitly marking parameter $previous as nullable is deprecated, the explicit nullable type must be used instead in /internal/shared/sqlite-database-integration/wp-includes/sqlite-ast/class-wp-sqlite-information-schema-exception.php on line 37","level":"DEPRECATED","type":"PHP","test":"jspi-boot","plugin":"skysa-announcements-app","details":"[27-Jun-2025 04:42:47 UTC] PHP Deprecated:  WP_SQLite_Information_Schema_Exception::__construct(): Implicitly marking parameter $previous as nullable is deprecated, the explicit nullable type must be used instead in /internal/shared/sqlite-database-integration/wp-includes/sqlite-ast/class-wp-sqlite-information-schema-exception.php on line 37","log":"/logs/plugins/s/skysa-announcements-app/error.json"}
,
{"message":"\"continue\" targeting switch is equivalent to \"break\". Did you mean to use \"continue 2\"? in /wordpress/wp-content/plugins/royal-responsive-menu/lib/royalmenu.class.php on line 772","level":"WARNING","type":"PHP","test":"jspi-boot","plugin":"skysa-announcements-app","details":"[27-Jun-2025 04:43:25 UTC] PHP Warning:  \"continue\" targeting switch is equivalent to \"break\". Did you mean to use \"continue 2\"? in /wordpress/wp-content/plugins/royal-responsive-menu/lib/royalmenu.class.php on line 772","log":"/logs/plugins/s/skysa-announcements-app/error.json"}
,
{"message":"\"continue\" targeting switch is equivalent to \"break\". Did you mean to use \"continue 2\"? in /wordpress/wp-content/plugins/royal-responsive-menu/lib/royalmenu.class.php on line 772","level":"WARNING","type":"PHP","test":"jspi-boot","plugin":"skysa-announcements-app","details":"[27-Jun-2025 04:43:26 UTC] PHP Warning:  \"continue\" targeting switch is equivalent to \"break\". Did you mean to use \"continue 2\"? in /wordpress/wp-content/plugins/royal-responsive-menu/lib/royalmenu.class.php on line 772","log":"/logs/plugins/s/skysa-announcements-app/error.json"}
,
{"message":"\"continue\" targeting switch is equivalent to \"break\". Did you mean to use \"continue 2\"? in /wordpress/wp-content/plugins/royal-responsive-menu/lib/royalmenu.class.php on line 772","level":"WARNING","type":"PHP","test":"jspi-boot","plugin":"skysa-announcements-app","details":"[27-Jun-2025 04:43:34 UTC] PHP Warning:  \"continue\" targeting switch is equivalent to \"break\". Did you mean to use \"continue 2\"? in /wordpress/wp-content/plugins/royal-responsive-menu/lib/royalmenu.class.php on line 772","log":"/logs/plugins/s/skysa-announcements-app/error.json"}
,
{"message":"\"continue\" targeting switch is equivalent to \"break\". Did you mean to use \"continue 2\"? in /wordpress/wp-content/plugins/royal-responsive-menu/lib/royalmenu.class.php on line 772","level":"WARNING","type":"PHP","test":"jspi-boot","plugin":"skysa-announcements-app","details":"[27-Jun-2025 04:43:35 UTC] PHP Warning:  \"continue\" targeting switch is equivalent to \"break\". Did you mean to use \"continue 2\"? in /wordpress/wp-content/plugins/royal-responsive-menu/lib/royalmenu.class.php on line 772","log":"/logs/plugins/s/skysa-announcements-app/error.json"}
,
{"message":"\"continue\" targeting switch is equivalent to \"break\". Did you mean to use \"continue 2\"? in /wordpress/wp-content/plugins/royal-responsive-menu/lib/royalmenu.class.php on line 772","level":"WARNING","type":"PHP","test":"jspi-boot","plugin":"skysa-announcements-app","details":"[27-Jun-2025 04:43:43 UTC] PHP Warning:  \"continue\" targeting switch is equivalent to \"break\". Did you mean to use \"continue 2\"? in /wordpress/wp-content/plugins/royal-responsive-menu/lib/royalmenu.class.php on line 772","log":"/logs/plugins/s/skysa-announcements-app/error.json"}
,
{"message":"\"continue\" targeting switch is equivalent to \"break\". Did you mean to use \"continue 2\"? in /wordpress/wp-content/plugins/royal-responsive-menu/lib/royalmenu.class.php on line 772","level":"WARNING","type":"PHP","test":"jspi-boot","plugin":"skysa-announcements-app","details":"[27-Jun-2025 04:43:44 UTC] PHP Warning:  \"continue\" targeting switch is equivalent to \"break\". Did you mean to use \"continue 2\"? in /wordpress/wp-content/plugins/royal-responsive-menu/lib/royalmenu.class.php on line 772","log":"/logs/plugins/s/skysa-announcements-app/error.json"}
,
{"message":"Function _load_textdomain_just_in_time was called <strong>incorrectly</strong>. Translation loading for the <code>rtm-mail</code> domain was triggered too early. This is usually an indicator for some code in the plugin or theme running too early. Translations should be loaded at the <code>init</code> action or later. Please see <a href=\"https://developer.wordpress.org/advanced-administration/debug/debug-wordpress/\">Debugging in WordPress</a> for more information. (This message was added in version 6.7.0.) in /wordpress/wp-includes/functions.php on line 6121","level":"NOTICE","type":"PHP","test":"jspi-boot","plugin":"skysa-announcements-app","details":"[27-Jun-2025 04:44:17 UTC] PHP Notice:  Function _load_textdomain_just_in_time was called <strong>incorrectly</strong>. Translation loading for the <code>rtm-mail</code> domain was triggered too early. This is usually an indicator for some code in the plugin or theme running too early. Translations should be loaded at the <code>init</code> action or later. Please see <a href=\"https://developer.wordpress.org/advanced-administration/debug/debug-wordpress/\">Debugging in WordPress</a> for more information. (This message was added in version 6.7.0.) in /wordpress/wp-includes/functions.php on line 6121","log":"/logs/plugins/s/skysa-announcements-app/error.json"}
,
{"message":"Undefined index: REMOTE_ADDR in /wordpress/wp-content/plugins/rtm-mail-wp-mail-logger/src/EventListener.php on line 83","level":"NOTICE","type":"PHP","test":"jspi-boot","plugin":"skysa-announcements-app","details":"[27-Jun-2025 04:44:17 UTC] PHP Notice:  Undefined index: REMOTE_ADDR in /wordpress/wp-content/plugins/rtm-mail-wp-mail-logger/src/EventListener.php on line 83","log":"/logs/plugins/s/skysa-announcements-app/error.json"}
,
{"message":"Function _load_textdomain_just_in_time was called <strong>incorrectly</strong>. Translation loading for the <code>rtm-mail</code> domain was triggered too early. This is usually an indicator for some code in the plugin or theme running too early. Translations should be loaded at the <code>init</code> action or later. Please see <a href=\"https://developer.wordpress.org/advanced-administration/debug/debug-wordpress/\">Debugging in WordPress</a> for more information. (This message was added in version 6.7.0.) in /wordpress/wp-includes/functions.php on line 6121","level":"NOTICE","type":"PHP","test":"jspi-boot","plugin":"skysa-announcements-app","details":"[27-Jun-2025 04:44:28 UTC] PHP Notice:  Function _load_textdomain_just_in_time was called <strong>incorrectly</strong>. Translation loading for the <code>rtm-mail</code> domain was triggered too early. This is usually an indicator for some code in the plugin or theme running too early. Translations should be loaded at the <code>init</code> action or later. Please see <a href=\"https://developer.wordpress.org/advanced-administration/debug/debug-wordpress/\">Debugging in WordPress</a> for more information. (This message was added in version 6.7.0.) in /wordpress/wp-includes/functions.php on line 6121","log":"/logs/plugins/s/skysa-announcements-app/error.json"}
,
{"message":"Undefined index: REMOTE_ADDR in /wordpress/wp-content/plugins/rtm-mail-wp-mail-logger/src/EventListener.php on line 83","level":"NOTICE","type":"PHP","test":"jspi-boot","plugin":"skysa-announcements-app","details":"[27-Jun-2025 04:44:28 UTC] PHP Notice:  Undefined index: REMOTE_ADDR in /wordpress/wp-content/plugins/rtm-mail-wp-mail-logger/src/EventListener.php on line 83","log":"/logs/plugins/s/skysa-announcements-app/error.json"}
,
{"message":"Function _load_textdomain_just_in_time was called <strong>incorrectly</strong>. Translation loading for the <code>rtm-mail</code> domain was triggered too early. This is usually an indicator for some code in the plugin or theme running too early. Translations should be loaded at the <code>init</code> action or later. Please see <a href=\"https://developer.wordpress.org/advanced-administration/debug/debug-wordpress/\">Debugging in WordPress</a> for more information. (This message was added in version 6.7.0.) in /wordpress/wp-includes/functions.php on line 6121","level":"NOTICE","type":"PHP","test":"jspi-boot","plugin":"skysa-announcements-app","details":"[27-Jun-2025 04:44:39 UTC] PHP Notice:  Function _load_textdomain_just_in_time was called <strong>incorrectly</strong>. Translation loading for the <code>rtm-mail</code> domain was triggered too early. This is usually an indicator for some code in the plugin or theme running too early. Translations should be loaded at the <code>init</code> action or later. Please see <a href=\"https://developer.wordpress.org/advanced-administration/debug/debug-wordpress/\">Debugging in WordPress</a> for more information. (This message was added in version 6.7.0.) in /wordpress/wp-includes/functions.php on line 6121","log":"/logs/plugins/s/skysa-announcements-app/error.json"}
,
{"message":"Undefined index: REMOTE_ADDR in /wordpress/wp-content/plugins/rtm-mail-wp-mail-logger/src/EventListener.php on line 83","level":"NOTICE","type":"PHP","test":"jspi-boot","plugin":"skysa-announcements-app","details":"[27-Jun-2025 04:44:40 UTC] PHP Notice:  Undefined index: REMOTE_ADDR in /wordpress/wp-content/plugins/rtm-mail-wp-mail-logger/src/EventListener.php on line 83","log":"/logs/plugins/s/skysa-announcements-app/error.json"}
,
{"message":"Undefined array key \"SkysaApps\" in /wordpress/wp-content/plugins/skysa-announcements-app/skysa-required/index.php on line 56","level":"WARNING","type":"PHP","test":"jspi-boot","plugin":"skysa-announcements-app","details":"[27-Jun-2025 04:47:24 UTC] PHP Warning:  Undefined array key \"SkysaApps\" in /wordpress/wp-content/plugins/skysa-announcements-app/skysa-required/index.php on line 56","log":"/logs/plugins/s/skysa-announcements-app/error.json"}
,
{"message":"Uncaught Error: Undefined constant \"skysa_app_announcements_fvar_created\" in /wordpress/wp-content/plugins/skysa-announcements-app/index.php:107","level":"FATAL","type":"PHP","test":"jspi-boot","plugin":"skysa-announcements-app","details":"[27-Jun-2025 04:47:24 UTC] PHP Fatal error:  Uncaught Error: Undefined constant \"skysa_app_announcements_fvar_created\" in /wordpress/wp-content/plugins/skysa-announcements-app/index.php:107\nStack trace:\n#0 /wordpress/wp-admin/includes/plugin.php(2387): include_once()\n#1 /wordpress/wp-admin/includes/plugin.php(673): plugin_sandbox_scrape('skysa-announcem...')\n#2 /internal/eval.php(20): activate_plugin('skysa-announcem...')\n#3 {main}\n  thrown in /wordpress/wp-content/plugins/skysa-announcements-app/index.php on line 107","log":"/logs/plugins/s/skysa-announcements-app/error.json"}
,
{"message":"Undefined array key \"SkysaApps\" in /wordpress/wp-content/plugins/skysa-announcements-app/skysa-required/index.php on line 56","level":"WARNING","type":"PHP","test":"jspi-boot","plugin":"skysa-announcements-app","details":"[27-Jun-2025 04:47:33 UTC] PHP Warning:  Undefined array key \"SkysaApps\" in /wordpress/wp-content/plugins/skysa-announcements-app/skysa-required/index.php on line 56","log":"/logs/plugins/s/skysa-announcements-app/error.json"}
,
{"message":"Uncaught Error: Undefined constant \"skysa_app_announcements_fvar_created\" in /wordpress/wp-content/plugins/skysa-announcements-app/index.php:107","level":"FATAL","type":"PHP","test":"jspi-boot","plugin":"skysa-announcements-app","details":"[27-Jun-2025 04:47:33 UTC] PHP Fatal error:  Uncaught Error: Undefined constant \"skysa_app_announcements_fvar_created\" in /wordpress/wp-content/plugins/skysa-announcements-app/index.php:107\nStack trace:\n#0 /wordpress/wp-admin/includes/plugin.php(2387): include_once()\n#1 /wordpress/wp-admin/includes/plugin.php(673): plugin_sandbox_scrape('skysa-announcem...')\n#2 /internal/eval.php(20): activate_plugin('skysa-announcem...')\n#3 {main}\n  thrown in /wordpress/wp-content/plugins/skysa-announcements-app/index.php on line 107","log":"/logs/plugins/s/skysa-announcements-app/error.json"}
,
{"message":"Undefined array key \"SkysaApps\" in /wordpress/wp-content/plugins/skysa-announcements-app/skysa-required/index.php on line 56","level":"WARNING","type":"PHP","test":"jspi-boot","plugin":"skysa-announcements-app","details":"[27-Jun-2025 04:47:42 UTC] PHP Warning:  Undefined array key \"SkysaApps\" in /wordpress/wp-content/plugins/skysa-announcements-app/skysa-required/index.php on line 56","log":"/logs/plugins/s/skysa-announcements-app/error.json"}
,
{"message":"Uncaught Error: Undefined constant \"skysa_app_announcements_fvar_created\" in /wordpress/wp-content/plugins/skysa-announcements-app/index.php:107","level":"FATAL","type":"PHP","test":"jspi-boot","plugin":"skysa-announcements-app","details":"[27-Jun-2025 04:47:42 UTC] PHP Fatal error:  Uncaught Error: Undefined constant \"skysa_app_announcements_fvar_created\" in /wordpress/wp-content/plugins/skysa-announcements-app/index.php:107\nStack trace:\n#0 /wordpress/wp-admin/includes/plugin.php(2387): include_once()\n#1 /wordpress/wp-admin/includes/plugin.php(673): plugin_sandbox_scrape('skysa-announcem...')\n#2 /internal/eval.php(20): activate_plugin('skysa-announcem...')\n#3 {main}\n  thrown in /wordpress/wp-content/plugins/skysa-announcements-app/index.php on line 107\n\n    at Object.onBind (file:///home/runner/work/playground-tester/playground-tester/node_modules/@wp-playground/cli/run-cli-j-geJYS3.js:325:15)\n    at process.processTicksAndRejections (node:internal/process/task_queues:105:5)\n    at async re (file:///home/runner/work/playground-tester/playground-tester/node_modules/@wp-playground/cli/run-cli-j-geJYS3.js:149:10) {\n  [cause]: Error: Error when executing the blueprint step #1 ({\"step\":\"installPlugin\",\"pluginData\":{\"resource\":\"wordpress.org/plugins\",\"slug\":\"skysa-announcements-app\"},\"options\":{\"activate\":true}}) : PHP.run() failed with exit code 255 and the following output: \n      at Object.run (file:///home/runner/work/playground-tester/playground-tester/node_modules/@wp-playground/blueprints/index.js:12093:19)\n      at process.processTicksAndRejections (node:internal/process/task_queues:105:5)\n      at async ys (file:///home/runner/work/playground-tester/playground-tester/node_modules/@wp-playground/blueprints/index.js:12196:3)\n      at async Object.onBind (file:///home/runner/work/playground-tester/playground-tester/node_modules/@wp-playground/cli/run-cli-j-geJYS3.js:315:48)\n      at async re (file:///home/runner/work/playground-tester/playground-tester/node_modules/@wp-playground/cli/run-cli-j-geJYS3.js:149:10) {\n    [cause]: PHPExecutionFailureError: PHP.run() failed with exit code 255 and the following output: \n        at PHP.run (file:///home/runner/work/playground-tester/playground-tester/node_modules/@php-wasm/universal/index.js:1034:19)\n        at process.processTicksAndRejections (node:internal/process/task_queues:105:5)\n        at async wr (file:///home/runner/work/playground-tester/playground-tester/node_modules/@wp-playground/blueprints/index.js:34:39)\n        at async Object.gt [as installPlugin] (file:///home/runner/work/playground-tester/playground-tester/node_modules/@wp-playground/blueprints/index.js:631:42)\n        at async g (file:///home/runner/work/playground-tester/playground-tester/node_modules/@wp-playground/blueprints/index.js:12161:30)\n        at async Object.run (file:///home/runner/work/playground-tester/playground-tester/node_modules/@wp-playground/blueprints/index.js:12090:23)\n        at async ys (file:///home/runner/work/playground-tester/playground-tester/node_modules/@wp-playground/blueprints/index.js:12196:3)\n        at async Object.onBind (file:///home/runner/work/playground-tester/playground-tester/node_modules/@wp-playground/cli/run-cli-j-geJYS3.js:315:48)\n        at async re (file:///home/runner/work/playground-tester/playground-tester/node_modules/@wp-playground/cli/run-cli-j-geJYS3.js:149:10) {\n      response: PHPResponse {\n        httpStatusCode: 500,\n        headers: {\n          'x-powered-by': [ 'PHP/8.0.30-dev' ],\n          'content-type': [ 'text/html; charset=UTF-8' ]\n        },\n        bytes: Uint8Array(0) [],\n        exitCode: 255,\n        errors: ''\n      },\n      source: 'request'\n    }\n  }\n}\n\n","log":"/logs/plugins/s/skysa-announcements-app/error.json"}
]
