file:///home/runner/work/playground-tester/playground-tester/node_modules/@wp-playground/cli/index.js:237
        throw new Error(y, { cause: u });
              ^

Error: [17-May-2025 03:34:35 UTC] PHP Warning:  include(/wordpress/wp-content/plugins/italystrap/vendor/composer/../../src/Event/Manager.php): Failed to open stream: No such file or directory in /wordpress/wp-content/plugins/italystrap/vendor/composer/ClassLoader.php on line 582
[17-May-2025 03:34:35 UTC] PHP Warning:  include(): Failed opening '/wordpress/wp-content/plugins/italystrap/vendor/composer/../../src/Event/Manager.php' for inclusion (include_path='.:') in /wordpress/wp-content/plugins/italystrap/vendor/composer/ClassLoader.php on line 582
[17-May-2025 03:34:35 UTC] PHP Fatal error:  Uncaught ReflectionException: Class "ItalyStrap\Event\Manager" does not exist in /wordpress/wp-content/plugins/italystrap/vendor/rdlowrey/auryn/lib/StandardReflector.php:14
Stack trace:
#0 /wordpress/wp-content/plugins/italystrap/vendor/rdlowrey/auryn/lib/StandardReflector.php(14): ReflectionClass->__construct('ItalyStrap\\Even...')
#1 /wordpress/wp-content/plugins/italystrap/vendor/rdlowrey/auryn/lib/CachingReflector.php(38): Auryn\StandardReflector->getCtor('ItalyStrap\\Even...')
#2 /wordpress/wp-content/plugins/italystrap/vendor/italystrap/empress/bridge/Injector.php(426): Auryn\CachingReflector->getCtor('ItalyStrap\\Even...')
#3 /wordpress/wp-content/plugins/italystrap/vendor/italystrap/empress/bridge/Injector.php(377): ItalyStrap\Empress\Injector->provisionInstance('ItalyStrap\\Even...', 'italystrap\\even...', Array)
#4 /wordpress/wp-content/plugins/italystrap/bootstrap.php(149): ItalyStrap\Empress\Injector->make('ItalyStrap\\Even...')
#5 /wordpress/wp-content/plugins/italystrap/italystrap.php(70): require('/wordpress/wp-c...')
#6 /wordpress/wp-admin/includes/plugin.php(2387): include_once('/wordpress/wp-c...')
#7 /wordpress/wp-admin/includes/plugin.php(673): plugin_sandbox_scrape('italystrap/ital...')
#8 /internal/eval.php(20): activate_plugin('italystrap/ital...')
#9 {main}

Next Auryn\InjectionException: Could not make ItalyStrap\Event\Manager: Class "ItalyStrap\Event\Manager" does not exist in /wordpress/wp-content/plugins/italystrap/vendor/italystrap/empress/bridge/Injector.php:449
Stack trace:
#0 /wordpress/wp-content/plugins/italystrap/vendor/italystrap/empress/bridge/Injector.php(377): ItalyStrap\Empress\Injector->provisionInstance('ItalyStrap\\Even...', 'italystrap\\even...', Array)
#1 /wordpress/wp-content/plugins/italystrap/bootstrap.php(149): ItalyStrap\Empress\Injector->make('ItalyStrap\\Even...')
#2 /wordpress/wp-content/plugins/italystrap/italystrap.php(70): require('/wordpress/wp-c...')
#3 /wordpress/wp-admin/includes/plugin.php(2387): include_once('/wordpress/wp-c...')
#4 /wordpress/wp-admin/includes/plugin.php(673): plugin_sandbox_scrape('italystrap/ital...')
#5 /internal/eval.php(20): activate_plugin('italystrap/ital...')
#6 {main}
  thrown in /wordpress/wp-content/plugins/italystrap/vendor/italystrap/empress/bridge/Injector.php on line 449
[17-May-2025 03:34:46 UTC] PHP Warning:  include(/wordpress/wp-content/plugins/italystrap/vendor/composer/../../src/Event/Manager.php): Failed to open stream: No such file or directory in /wordpress/wp-content/plugins/italystrap/vendor/composer/ClassLoader.php on line 582
[17-May-2025 03:34:46 UTC] PHP Warning:  include(): Failed opening '/wordpress/wp-content/plugins/italystrap/vendor/composer/../../src/Event/Manager.php' for inclusion (include_path='.:') in /wordpress/wp-content/plugins/italystrap/vendor/composer/ClassLoader.php on line 582
[17-May-2025 03:34:46 UTC] PHP Fatal error:  Uncaught ReflectionException: Class "ItalyStrap\Event\Manager" does not exist in /wordpress/wp-content/plugins/italystrap/vendor/rdlowrey/auryn/lib/StandardReflector.php:14
Stack trace:
#0 /wordpress/wp-content/plugins/italystrap/vendor/rdlowrey/auryn/lib/StandardReflector.php(14): ReflectionClass->__construct('ItalyStrap\\Even...')
#1 /wordpress/wp-content/plugins/italystrap/vendor/rdlowrey/auryn/lib/CachingReflector.php(38): Auryn\StandardReflector->getCtor('ItalyStrap\\Even...')
#2 /wordpress/wp-content/plugins/italystrap/vendor/italystrap/empress/bridge/Injector.php(426): Auryn\CachingReflector->getCtor('ItalyStrap\\Even...')
#3 /wordpress/wp-content/plugins/italystrap/vendor/italystrap/empress/bridge/Injector.php(377): ItalyStrap\Empress\Injector->provisionInstance('ItalyStrap\\Even...', 'italystrap\\even...', Array)
#4 /wordpress/wp-content/plugins/italystrap/bootstrap.php(149): ItalyStrap\Empress\Injector->make('ItalyStrap\\Even...')
#5 /wordpress/wp-content/plugins/italystrap/italystrap.php(70): require('/wordpress/wp-c...')
#6 /wordpress/wp-admin/includes/plugin.php(2387): include_once('/wordpress/wp-c...')
#7 /wordpress/wp-admin/includes/plugin.php(673): plugin_sandbox_scrape('italystrap/ital...')
#8 /internal/eval.php(20): activate_plugin('italystrap/ital...')
#9 {main}

Next Auryn\InjectionException: Could not make ItalyStrap\Event\Manager: Class "ItalyStrap\Event\Manager" does not exist in /wordpress/wp-content/plugins/italystrap/vendor/italystrap/empress/bridge/Injector.php:449
Stack trace:
#0 /wordpress/wp-content/plugins/italystrap/vendor/italystrap/empress/bridge/Injector.php(377): ItalyStrap\Empress\Injector->provisionInstance('ItalyStrap\\Even...', 'italystrap\\even...', Array)
#1 /wordpress/wp-content/plugins/italystrap/bootstrap.php(149): ItalyStrap\Empress\Injector->make('ItalyStrap\\Even...')
#2 /wordpress/wp-content/plugins/italystrap/italystrap.php(70): require('/wordpress/wp-c...')
#3 /wordpress/wp-admin/includes/plugin.php(2387): include_once('/wordpress/wp-c...')
#4 /wordpress/wp-admin/includes/plugin.php(673): plugin_sandbox_scrape('italystrap/ital...')
#5 /internal/eval.php(20): activate_plugin('italystrap/ital...')
#6 {main}
  thrown in /wordpress/wp-content/plugins/italystrap/vendor/italystrap/empress/bridge/Injector.php on line 449
[17-May-2025 03:34:58 UTC] PHP Warning:  include(/wordpress/wp-content/plugins/italystrap/vendor/composer/../../src/Event/Manager.php): Failed to open stream: No such file or directory in /wordpress/wp-content/plugins/italystrap/vendor/composer/ClassLoader.php on line 582
[17-May-2025 03:34:58 UTC] PHP Warning:  include(): Failed opening '/wordpress/wp-content/plugins/italystrap/vendor/composer/../../src/Event/Manager.php' for inclusion (include_path='.:') in /wordpress/wp-content/plugins/italystrap/vendor/composer/ClassLoader.php on line 582
[17-May-2025 03:34:58 UTC] PHP Fatal error:  Uncaught ReflectionException: Class "ItalyStrap\Event\Manager" does not exist in /wordpress/wp-content/plugins/italystrap/vendor/rdlowrey/auryn/lib/StandardReflector.php:14
Stack trace:
#0 /wordpress/wp-content/plugins/italystrap/vendor/rdlowrey/auryn/lib/StandardReflector.php(14): ReflectionClass->__construct('ItalyStrap\\Even...')
#1 /wordpress/wp-content/plugins/italystrap/vendor/rdlowrey/auryn/lib/CachingReflector.php(38): Auryn\StandardReflector->getCtor('ItalyStrap\\Even...')
#2 /wordpress/wp-content/plugins/italystrap/vendor/italystrap/empress/bridge/Injector.php(426): Auryn\CachingReflector->getCtor('ItalyStrap\\Even...')
#3 /wordpress/wp-content/plugins/italystrap/vendor/italystrap/empress/bridge/Injector.php(377): ItalyStrap\Empress\Injector->provisionInstance('ItalyStrap\\Even...', 'italystrap\\even...', Array)
#4 /wordpress/wp-content/plugins/italystrap/bootstrap.php(149): ItalyStrap\Empress\Injector->make('ItalyStrap\\Even...')
#5 /wordpress/wp-content/plugins/italystrap/italystrap.php(70): require('/wordpress/wp-c...')
#6 /wordpress/wp-admin/includes/plugin.php(2387): include_once('/wordpress/wp-c...')
#7 /wordpress/wp-admin/includes/plugin.php(673): plugin_sandbox_scrape('italystrap/ital...')
#8 /internal/eval.php(20): activate_plugin('italystrap/ital...')
#9 {main}

Next Auryn\InjectionException: Could not make ItalyStrap\Event\Manager: Class "ItalyStrap\Event\Manager" does not exist in /wordpress/wp-content/plugins/italystrap/vendor/italystrap/empress/bridge/Injector.php:449
Stack trace:
#0 /wordpress/wp-content/plugins/italystrap/vendor/italystrap/empress/bridge/Injector.php(377): ItalyStrap\Empress\Injector->provisionInstance('ItalyStrap\\Even...', 'italystrap\\even...', Array)
#1 /wordpress/wp-content/plugins/italystrap/bootstrap.php(149): ItalyStrap\Empress\Injector->make('ItalyStrap\\Even...')
#2 /wordpress/wp-content/plugins/italystrap/italystrap.php(70): require('/wordpress/wp-c...')
#3 /wordpress/wp-admin/includes/plugin.php(2387): include_once('/wordpress/wp-c...')
#4 /wordpress/wp-admin/includes/plugin.php(673): plugin_sandbox_scrape('italystrap/ital...')
#5 /internal/eval.php(20): activate_plugin('italystrap/ital...')
#6 {main}
  thrown in /wordpress/wp-content/plugins/italystrap/vendor/italystrap/empress/bridge/Injector.php on line 449
[17-May-2025 03:36:53 UTC] PHP Notice:  Function _load_textdomain_just_in_time was called <strong>incorrectly</strong>. Translation loading for the <code>woocommerce</code> domain was triggered too early. This is usually an indicator for some code in the plugin or theme running too early. Translations should be loaded at the <code>init</code> action or later. Please see <a href="https://developer.wordpress.org/advanced-administration/debug/debug-wordpress/">Debugging in WordPress</a> for more information. (This message was added in version 6.7.0.) in /wordpress/wp-includes/functions.php on line 6121
[17-May-2025 03:37:34 UTC] PHP Notice:  Function _load_textdomain_just_in_time was called <strong>incorrectly</strong>. Translation loading for the <code>woocommerce</code> domain was triggered too early. This is usually an indicator for some code in the plugin or theme running too early. Translations should be loaded at the <code>init</code> action or later. Please see <a href="https://developer.wordpress.org/advanced-administration/debug/debug-wordpress/">Debugging in WordPress</a> for more information. (This message was added in version 6.7.0.) in /wordpress/wp-includes/functions.php on line 6121
[17-May-2025 03:38:14 UTC] PHP Notice:  Function _load_textdomain_just_in_time was called <strong>incorrectly</strong>. Translation loading for the <code>woocommerce</code> domain was triggered too early. This is usually an indicator for some code in the plugin or theme running too early. Translations should be loaded at the <code>init</code> action or later. Please see <a href="https://developer.wordpress.org/advanced-administration/debug/debug-wordpress/">Debugging in WordPress</a> for more information. (This message was added in version 6.7.0.) in /wordpress/wp-includes/functions.php on line 6121
[17-May-2025 03:38:32 UTC] WordPress database error <div style="clear:both">&nbsp;</div>
<div class="queries" style="clear:both;margin-bottom:2px;border:red dotted thin;">
<p>MySQL query:</p>
<p>SELECT @@GLOBAL.sql_mode as global_sql_mode, @@SESSION.sql_mode as session_sql_mode</p>
<p>Queries made or created this session were:</p>
<ol>
<li>Executing: BEGIN | (no parameters)</li>
<li>Executing: SELECT 'ERROR_FOR_DIVISION_BY_ZERO,NO_ENGINE_SUBSTITUTION,NO_ZERO_IN_DATE' AS `@@GLOBAL.sql_mode` as `global_sql_mode` , 'ERROR_FOR_DIVISION_BY_ZERO,NO_ENGINE_SUBSTITUTION,NO_ZERO_IN_DATE' AS `@@SESSION.sql_mode` as `session_sql_mode` | (no parameters)</li>
<li>Executing: ROLLBACK | (no parameters)</li>
</ol>
</div>
<div style="clear:both;margin-bottom:2px;border:red dotted thin;" class="error_message" style="border-bottom:dotted blue thin;">
SQLSTATE[HY000]: General error: 1 near "as": syntax error
</div>
<p>Backtrace:</p>
<pre>#0 /internal/shared/sqlite-database-integration/wp-includes/sqlite-ast/class-wp-sqlite-driver.php(683): WP_SQLite_Driver->new_driver_exception('SQLSTATE[HY000]...', 'HY000', Object(PDOException))
#1 /internal/shared/sqlite-database-integration/wp-includes/sqlite/class-wp-sqlite-db.php(491): WP_SQLite_Driver->query('SELECT @@GLOBAL...')
#2 /internal/shared/sqlite-database-integration/wp-includes/sqlite/class-wp-sqlite-db.php(432): WP_SQLite_DB->_do_query('SELECT @@GLOBAL...')
#3 /wordpress/wp-includes/class-wpdb.php(3065): WP_SQLite_DB->query('SELECT @@GLOBAL...')
#4 /wordpress/wp-content/plugins/inax-ir/inc/inax-functions.php(50): wpdb->get_row('SELECT @@GLOBAL...')
#5 /wordpress/wp-content/plugins/inax-ir/inc/inax-functions.php(77): inax_installer()
#6 /wordpress/wp-content/plugins/inax-ir/inax-ir.php(72): inax_init()
#7 /wordpress/wp-admin/includes/plugin.php(2387): include_once('/wordpress/wp-c...')
#8 /wordpress/wp-admin/includes/plugin.php(673): plugin_sandbox_scrape('inax-ir/inax-ir...')
#9 /internal/eval.php(20): activate_plugin('inax-ir/inax-ir...')
#10 {main}</pre>
 for query SELECT @@GLOBAL.sql_mode as global_sql_mode, @@SESSION.sql_mode as session_sql_mode made by activate_plugin, plugin_sandbox_scrape, include_once('/plugins/inax-ir/inax-ir.php'), inax_init, inax_installer, WP_SQLite_DB->query, WP_SQLite_DB->print_error
[17-May-2025 03:38:32 UTC] PHP Warning:  Attempt to read property "session_sql_mode" on null in /wordpress/wp-content/plugins/inax-ir/inc/inax-functions.php on line 51
[17-May-2025 03:38:32 UTC] PHP Warning:  Attempt to read property "global_sql_mode" on null in /wordpress/wp-content/plugins/inax-ir/inc/inax-functions.php on line 51
[17-May-2025 03:38:32 UTC] WordPress database error <div style="clear:both">&nbsp;</div>
<div class="queries" style="clear:both;margin-bottom:2px;border:red dotted thin;">
<p>MySQL query:</p>
<p>SELECT @@GLOBAL.sql_mode as global_sql_mode, @@SESSION.sql_mode as session_sql_mode</p>
<p>Queries made or created this session were:</p>
<ol>
<li>Executing: BEGIN | (no parameters)</li>
<li>Executing: SELECT 'ERROR_FOR_DIVISION_BY_ZERO,NO_ENGINE_SUBSTITUTION,NO_ZERO_IN_DATE' AS `@@GLOBAL.sql_mode` as `global_sql_mode` , 'ERROR_FOR_DIVISION_BY_ZERO,NO_ENGINE_SUBSTITUTION,NO_ZERO_IN_DATE' AS `@@SESSION.sql_mode` as `session_sql_mode` | (no parameters)</li>
<li>Executing: ROLLBACK | (no parameters)</li>
</ol>
</div>
<div style="clear:both;margin-bottom:2px;border:red dotted thin;" class="error_message" style="border-bottom:dotted blue thin;">
SQLSTATE[HY000]: General error: 1 near "as": syntax error
</div>
<p>Backtrace:</p>
<pre>#0 /internal/shared/sqlite-database-integration/wp-includes/sqlite-ast/class-wp-sqlite-driver.php(683): WP_SQLite_Driver->new_driver_exception('SQLSTATE[HY000]...', 'HY000', Object(PDOException))
#1 /internal/shared/sqlite-database-integration/wp-includes/sqlite/class-wp-sqlite-db.php(491): WP_SQLite_Driver->query('SELECT @@GLOBAL...')
#2 /internal/shared/sqlite-database-integration/wp-includes/sqlite/class-wp-sqlite-db.php(432): WP_SQLite_DB->_do_query('SELECT @@GLOBAL...')
#3 /wordpress/wp-includes/class-wpdb.php(3065): WP_SQLite_DB->query('SELECT @@GLOBAL...')
#4 /wordpress/wp-content/plugins/inax-ir/inc/inax-functions.php(50): wpdb->get_row('SELECT @@GLOBAL...')
#5 /wordpress/wp-includes/class-wp-hook.php(324): inax_installer(false)
#6 /wordpress/wp-includes/class-wp-hook.php(348): WP_Hook->apply_filters(NULL, Array)
#7 /wordpress/wp-includes/plugin.php(517): WP_Hook->do_action(Array)
#8 /wordpress/wp-admin/includes/plugin.php(703): do_action('activate_inax-i...', false)
#9 /internal/eval.php(20): activate_plugin('inax-ir/inax-ir...')
#10 {main}</pre>
 for query SELECT @@GLOBAL.sql_mode as global_sql_mode, @@SESSION.sql_mode as session_sql_mode made by activate_plugin, do_action('activate_inax-ir/inax-ir.php'), WP_Hook->do_action, WP_Hook->apply_filters, inax_installer, WP_SQLite_DB->query, WP_SQLite_DB->print_error
[17-May-2025 03:38:32 UTC] PHP Warning:  Attempt to read property "session_sql_mode" on null in /wordpress/wp-content/plugins/inax-ir/inc/inax-functions.php on line 51
[17-May-2025 03:38:32 UTC] PHP Warning:  Attempt to read property "global_sql_mode" on null in /wordpress/wp-content/plugins/inax-ir/inc/inax-functions.php on line 51
[17-May-2025 03:38:42 UTC] PHP Warning:  Undefined property: stdClass::$session_sql_mode in /wordpress/wp-content/plugins/inax-ir/inc/inax-functions.php on line 51
[17-May-2025 03:38:42 UTC] PHP Warning:  Undefined property: stdClass::$global_sql_mode in /wordpress/wp-content/plugins/inax-ir/inc/inax-functions.php on line 51
[17-May-2025 03:38:43 UTC] PHP Warning:  Undefined property: stdClass::$session_sql_mode in /wordpress/wp-content/plugins/inax-ir/inc/inax-functions.php on line 51
[17-May-2025 03:38:43 UTC] PHP Warning:  Undefined property: stdClass::$global_sql_mode in /wordpress/wp-content/plugins/inax-ir/inc/inax-functions.php on line 51
[17-May-2025 03:38:54 UTC] PHP Warning:  Undefined property: stdClass::$session_sql_mode in /wordpress/wp-content/plugins/inax-ir/inc/inax-functions.php on line 51
[17-May-2025 03:38:54 UTC] PHP Warning:  Undefined property: stdClass::$global_sql_mode in /wordpress/wp-content/plugins/inax-ir/inc/inax-functions.php on line 51
[17-May-2025 03:38:55 UTC] PHP Warning:  Undefined property: stdClass::$session_sql_mode in /wordpress/wp-content/plugins/inax-ir/inc/inax-functions.php on line 51
[17-May-2025 03:38:55 UTC] PHP Warning:  Undefined property: stdClass::$global_sql_mode in /wordpress/wp-content/plugins/inax-ir/inc/inax-functions.php on line 51
[17-May-2025 03:41:00 UTC] PHP Fatal error:  Uncaught Error: Call to undefined function create_function() in /wordpress/wp-content/plugins/i-am-reading-continued/i-am-reading.php:77
Stack trace:
#0 /wordpress/wp-admin/includes/plugin.php(2387): include_once()
#1 /wordpress/wp-admin/includes/plugin.php(673): plugin_sandbox_scrape('i-am-reading-co...')
#2 /internal/eval.php(20): activate_plugin('i-am-reading-co...')
#3 {main}
  thrown in /wordpress/wp-content/plugins/i-am-reading-continued/i-am-reading.php on line 77
[17-May-2025 03:41:08 UTC] PHP Fatal error:  Uncaught Error: Call to undefined function create_function() in /wordpress/wp-content/plugins/i-am-reading-continued/i-am-reading.php:77
Stack trace:
#0 /wordpress/wp-admin/includes/plugin.php(2387): include_once()
#1 /wordpress/wp-admin/includes/plugin.php(673): plugin_sandbox_scrape('i-am-reading-co...')
#2 /internal/eval.php(20): activate_plugin('i-am-reading-co...')
#3 {main}
  thrown in /wordpress/wp-content/plugins/i-am-reading-continued/i-am-reading.php on line 77

    at Object.onBind (file:///home/runner/work/playground-tester/playground-tester/node_modules/@wp-playground/cli/index.js:237:15)
    at process.processTicksAndRejections (node:internal/process/task_queues:105:5)
    at async V (file:///home/runner/work/playground-tester/playground-tester/node_modules/@wp-playground/cli/index.js:64:10)
    at async ja (file:///home/runner/work/playground-tester/playground-tester/node_modules/@wp-playground/cli/cli.js:8161:12) {
  [cause]: Error: Error when executing the blueprint step #1 ({"step":"installPlugin","pluginData":{"resource":"wordpress.org/plugins","slug":"i-am-reading-continued"},"options":{"activate":true}}) : PHP.run() failed with exit code 255 and the following output: 
      at Object.run (file:///home/runner/work/playground-tester/playground-tester/node_modules/@wp-playground/blueprints/index.js:12449:19)
      at process.processTicksAndRejections (node:internal/process/task_queues:105:5)
      at async ms (file:///home/runner/work/playground-tester/playground-tester/node_modules/@wp-playground/blueprints/index.js:12552:3)
      ... 2 lines matching cause stack trace ...
      at async ja (file:///home/runner/work/playground-tester/playground-tester/node_modules/@wp-playground/cli/cli.js:8161:12) {
    [cause]: PHPExecutionFailureError: PHP.run() failed with exit code 255 and the following output: 
        at PHP.run (file:///home/runner/work/playground-tester/playground-tester/node_modules/@php-wasm/universal/index.js:987:19)
        at process.processTicksAndRejections (node:internal/process/task_queues:105:5)
        at async wr (file:///home/runner/work/playground-tester/playground-tester/node_modules/@wp-playground/blueprints/index.js:33:39)
        at async Object.gt [as installPlugin] (file:///home/runner/work/playground-tester/playground-tester/node_modules/@wp-playground/blueprints/index.js:974:42)
        at async g (file:///home/runner/work/playground-tester/playground-tester/node_modules/@wp-playground/blueprints/index.js:12517:30)
        at async Object.run (file:///home/runner/work/playground-tester/playground-tester/node_modules/@wp-playground/blueprints/index.js:12446:23)
        at async ms (file:///home/runner/work/playground-tester/playground-tester/node_modules/@wp-playground/blueprints/index.js:12552:3)
        at async Object.onBind (file:///home/runner/work/playground-tester/playground-tester/node_modules/@wp-playground/cli/index.js:227:48)
        at async V (file:///home/runner/work/playground-tester/playground-tester/node_modules/@wp-playground/cli/index.js:64:10)
        at async ja (file:///home/runner/work/playground-tester/playground-tester/node_modules/@wp-playground/cli/cli.js:8161:12) {
      response: PHPResponse {
        httpStatusCode: 500,
        headers: {
          'x-powered-by': [ 'PHP/8.0.30-dev' ],
          'content-type': [ 'text/html; charset=UTF-8' ]
        },
        bytes: Uint8Array(0) [],
        exitCode: 255,
        errors: ''
      },
      source: 'request'
    }
  }
}

Node.js v23.11.0
