[
  {
    "message": "file:///home/runner/work/playground-tester/playground-tester/node_modules/@wp-playground/cli/index.js:237\n        throw new Error(y, { cause: u });\n              ^\n",
    "level": "FATAL",
    "type": "PLAYGROUND",
    "test": "ast-sqlite-boot",
    "plugin": "burstpay-woocommerce",
    "details": "file:///home/runner/work/playground-tester/playground-tester/node_modules/@wp-playground/cli/index.js:237\n        throw new Error(y, { cause: u });\n              ^\n",
    "log": "/tmp/tmp.RoWhktuBpj"
  },
  {
    "message": "Function _load_textdomain_just_in_time was called <strong>incorrectly</strong>. Translation loading for the <code>woocommerce</code> domain was triggered too early. This is usually an indicator for some code in the plugin or theme running too early. Translations should be loaded at the <code>init</code> action or later. Please see <a href=\"https://developer.wordpress.org/advanced-administration/debug/debug-wordpress/\">Debugging in WordPress</a> for more information. (This message was added in version 6.7.0.) in /wordpress/wp-includes/functions.php on line 6121",
    "level": "NOTICE",
    "type": "PHP",
    "test": "ast-sqlite-boot",
    "plugin": "burstpay-woocommerce",
    "details": "[07-May-2025 16:59:25 UTC] PHP Notice:  Function _load_textdomain_just_in_time was called <strong>incorrectly</strong>. Translation loading for the <code>woocommerce</code> domain was triggered too early. This is usually an indicator for some code in the plugin or theme running too early. Translations should be loaded at the <code>init</code> action or later. Please see <a href=\"https://developer.wordpress.org/advanced-administration/debug/debug-wordpress/\">Debugging in WordPress</a> for more information. (This message was added in version 6.7.0.) in /wordpress/wp-includes/functions.php on line 6121",
    "log": "/logs/plugins/b/burstpay-woocommerce/error.json"
  },
  {
    "message": "Function _load_textdomain_just_in_time was called <strong>incorrectly</strong>. Translation loading for the <code>woocommerce</code> domain was triggered too early. This is usually an indicator for some code in the plugin or theme running too early. Translations should be loaded at the <code>init</code> action or later. Please see <a href=\"https://developer.wordpress.org/advanced-administration/debug/debug-wordpress/\">Debugging in WordPress</a> for more information. (This message was added in version 6.7.0.) in /wordpress/wp-includes/functions.php on line 6121",
    "level": "NOTICE",
    "type": "PHP",
    "test": "ast-sqlite-boot",
    "plugin": "burstpay-woocommerce",
    "details": "[07-May-2025 17:00:06 UTC] PHP Notice:  Function _load_textdomain_just_in_time was called <strong>incorrectly</strong>. Translation loading for the <code>woocommerce</code> domain was triggered too early. This is usually an indicator for some code in the plugin or theme running too early. Translations should be loaded at the <code>init</code> action or later. Please see <a href=\"https://developer.wordpress.org/advanced-administration/debug/debug-wordpress/\">Debugging in WordPress</a> for more information. (This message was added in version 6.7.0.) in /wordpress/wp-includes/functions.php on line 6121",
    "log": "/logs/plugins/b/burstpay-woocommerce/error.json"
  },
  {
    "message": "Cannot combine AUTOINCREMENT and multiple primary keys in SQLite.",
    "level": "FATAL",
    "type": "SQL",
    "test": "ast-sqlite-boot",
    "plugin": "burstpay-woocommerce",
    "details": "[07-May-2025 17:00:11 UTC] WordPress database error <div style=\"clear:both\">&nbsp;</div>\n<div class=\"queries\" style=\"clear:both;margin-bottom:2px;border:red dotted thin;\">\n<p>MySQL query:</p>\n<p>CREATE TABLE wp_bt_ipay_payments (\n\t\t\t    `id` INT NOT NULL AUTO_INCREMENT ,\n\t\t\t\t`order_id` BIGINT NOT NULL ,\n\t\t\t\t`ipay_id` VARCHAR(255) NOT NULL ,\n\t\t\t\t`amount` DECIMAL(15,2) NOT NULL,\n\t\t\t\t`status` VARCHAR(255) NOT NULL ,\n\t\t\t\t`loy_id` VARCHAR(255) DEFAULT NULL,\n\t\t\t\t`loy_amount` DECIMAL(15,2) NOT NULL,\n\t\t\t\t`loy_status` VARCHAR(255) NOT NULL ,\n\t\t\t\t`data` TEXT DEFAULT NULL ,\n\t\t\t\t`created_at` TIMESTAMP NOT NULL ,\n\t\t\t\tPRIMARY KEY `id` (`id`),\n\t\t\t\tINDEX `order_id` (`order_id`),\n\t\t\t\tINDEX `loy_id` (`loy_id`),\n\t\t\t\tUNIQUE KEY `ipay_id` (`ipay_id`)\n\t\t) DEFAULT CHARACTER SET utf8mb4</p>\n<p>Queries made or created this session were:</p>\n<ol>\n<li>Executing: BEGIN | (no parameters)</li>\n<li>Executing: ROLLBACK | (no parameters)</li>\n</ol>\n</div>\n<div style=\"clear:both;margin-bottom:2px;border:red dotted thin;\" class=\"error_message\" style=\"border-bottom:dotted blue thin;\">\nError occurred at line 4117 in Function <code>handle_error</code>. Error message was: Cannot combine AUTOINCREMENT and multiple primary keys in SQLite.\n</div>\n<p>Backtrace:</p>\n<pre>#0 /internal/shared/sqlite-database-integration/wp-includes/sqlite/class-wp-sqlite-db.php(287): WP_SQLite_Translator->get_error_message()\n#1 /wordpress/wp-admin/includes/upgrade.php(3280): WP_SQLite_DB->query('CREATE TABLE wp...')\n#2 /wordpress/wp-content/plugins/bt-ipay-payments/includes/class-bt-ipay-activator.php(71): dbDelta(Array)\n#3 /wordpress/wp-content/plugins/bt-ipay-payments/includes/class-bt-ipay-activator.php(42): Bt_Ipay_Activator::create_payment_state_table()\n#4 /wordpress/wp-content/plugins/bt-ipay-payments/bt-ipay-payments.php(53): Bt_Ipay_Activator::activate()\n#5 /wordpress/wp-includes/class-wp-hook.php(324): bt_ipay_activate(false)\n#6 /wordpress/wp-includes/class-wp-hook.php(348): WP_Hook->apply_filters('', Array)\n#7 /wordpress/wp-includes/plugin.php(517): WP_Hook->do_action(Array)\n#8 /wordpress/wp-admin/includes/plugin.php(703): do_action('activate_bt-ipa...', false)\n#9 /internal/eval.php(20): activate_plugin('bt-ipay-payment...')\n#10 {main}</pre>\n for query CREATE TABLE wp_bt_ipay_payments (\n\t\t\t    `id` INT NOT NULL AUTO_INCREMENT ,\n\t\t\t\t`order_id` BIGINT NOT NULL ,\n\t\t\t\t`ipay_id` VARCHAR(255) NOT NULL ,\n\t\t\t\t`amount` DECIMAL(15,2) NOT NULL,\n\t\t\t\t`status` VARCHAR(255) NOT NULL ,\n\t\t\t\t`loy_id` VARCHAR(255) DEFAULT NULL,\n\t\t\t\t`loy_amount` DECIMAL(15,2) NOT NULL,\n\t\t\t\t`loy_status` VARCHAR(255) NOT NULL ,\n\t\t\t\t`data` TEXT DEFAULT NULL ,\n\t\t\t\t`created_at` TIMESTAMP NOT NULL ,\n\t\t\t\tPRIMARY KEY `id` (`id`),\n\t\t\t\tINDEX `order_id` (`order_id`),\n\t\t\t\tINDEX `loy_id` (`loy_id`),\n\t\t\t\tUNIQUE KEY `ipay_id` (`ipay_id`)\n\t\t) DEFAULT CHARACTER SET utf8mb4 made by activate_plugin, do_action('activate_bt-ipay-payments/bt-ipay-payments.php'), WP_Hook->do_action, WP_Hook->apply_filters, bt_ipay_activate, Bt_Ipay_Activator::activate, Bt_Ipay_Activator::create_payment_state_table, dbDelta, WP_SQLite_DB->query, WP_SQLite_DB->print_error",
    "log": "/logs/plugins/b/burstpay-woocommerce/error.json"
  },
  {
    "message": "Function _load_textdomain_just_in_time was called <strong>incorrectly</strong>. Translation loading for the <code>woocommerce</code> domain was triggered too early. This is usually an indicator for some code in the plugin or theme running too early. Translations should be loaded at the <code>init</code> action or later. Please see <a href=\"https://developer.wordpress.org/advanced-administration/debug/debug-wordpress/\">Debugging in WordPress</a> for more information. (This message was added in version 6.7.0.) in /wordpress/wp-includes/functions.php on line 6121",
    "level": "NOTICE",
    "type": "PHP",
    "test": "ast-sqlite-boot",
    "plugin": "burstpay-woocommerce",
    "details": "[07-May-2025 17:00:46 UTC] PHP Notice:  Function _load_textdomain_just_in_time was called <strong>incorrectly</strong>. Translation loading for the <code>woocommerce</code> domain was triggered too early. This is usually an indicator for some code in the plugin or theme running too early. Translations should be loaded at the <code>init</code> action or later. Please see <a href=\"https://developer.wordpress.org/advanced-administration/debug/debug-wordpress/\">Debugging in WordPress</a> for more information. (This message was added in version 6.7.0.) in /wordpress/wp-includes/functions.php on line 6121",
    "log": "/logs/plugins/b/burstpay-woocommerce/error.json"
  },
  {
    "message": "Cannot combine AUTOINCREMENT and multiple primary keys in SQLite.",
    "level": "FATAL",
    "type": "SQL",
    "test": "ast-sqlite-boot",
    "plugin": "burstpay-woocommerce",
    "details": "[07-May-2025 17:00:50 UTC] WordPress database error <div style=\"clear:both\">&nbsp;</div>\n<div class=\"queries\" style=\"clear:both;margin-bottom:2px;border:red dotted thin;\">\n<p>MySQL query:</p>\n<p>CREATE TABLE wp_bt_ipay_payments (\n\t\t\t    `id` INT NOT NULL AUTO_INCREMENT ,\n\t\t\t\t`order_id` BIGINT NOT NULL ,\n\t\t\t\t`ipay_id` VARCHAR(255) NOT NULL ,\n\t\t\t\t`amount` DECIMAL(15,2) NOT NULL,\n\t\t\t\t`status` VARCHAR(255) NOT NULL ,\n\t\t\t\t`loy_id` VARCHAR(255) DEFAULT NULL,\n\t\t\t\t`loy_amount` DECIMAL(15,2) NOT NULL,\n\t\t\t\t`loy_status` VARCHAR(255) NOT NULL ,\n\t\t\t\t`data` TEXT DEFAULT NULL ,\n\t\t\t\t`created_at` TIMESTAMP NOT NULL ,\n\t\t\t\tPRIMARY KEY `id` (`id`),\n\t\t\t\tINDEX `order_id` (`order_id`),\n\t\t\t\tINDEX `loy_id` (`loy_id`),\n\t\t\t\tUNIQUE KEY `ipay_id` (`ipay_id`)\n\t\t) DEFAULT CHARACTER SET utf8mb4</p>\n<p>Queries made or created this session were:</p>\n<ol>\n<li>Executing: BEGIN | (no parameters)</li>\n<li>Executing: ROLLBACK | (no parameters)</li>\n</ol>\n</div>\n<div style=\"clear:both;margin-bottom:2px;border:red dotted thin;\" class=\"error_message\" style=\"border-bottom:dotted blue thin;\">\nError occurred at line 4117 in Function <code>handle_error</code>. Error message was: Cannot combine AUTOINCREMENT and multiple primary keys in SQLite.\n</div>\n<p>Backtrace:</p>\n<pre>#0 /internal/shared/sqlite-database-integration/wp-includes/sqlite/class-wp-sqlite-db.php(287): WP_SQLite_Translator->get_error_message()\n#1 /wordpress/wp-admin/includes/upgrade.php(3280): WP_SQLite_DB->query('CREATE TABLE wp...')\n#2 /wordpress/wp-content/plugins/bt-ipay-payments/includes/class-bt-ipay-activator.php(71): dbDelta(Array)\n#3 /wordpress/wp-content/plugins/bt-ipay-payments/includes/class-bt-ipay-activator.php(42): Bt_Ipay_Activator::create_payment_state_table()\n#4 /wordpress/wp-content/plugins/bt-ipay-payments/bt-ipay-payments.php(53): Bt_Ipay_Activator::activate()\n#5 /wordpress/wp-includes/class-wp-hook.php(324): bt_ipay_activate(false)\n#6 /wordpress/wp-includes/class-wp-hook.php(348): WP_Hook->apply_filters('', Array)\n#7 /wordpress/wp-includes/plugin.php(517): WP_Hook->do_action(Array)\n#8 /wordpress/wp-admin/includes/plugin.php(703): do_action('activate_bt-ipa...', false)\n#9 /internal/eval.php(20): activate_plugin('bt-ipay-payment...')\n#10 {main}</pre>\n for query CREATE TABLE wp_bt_ipay_payments (\n\t\t\t    `id` INT NOT NULL AUTO_INCREMENT ,\n\t\t\t\t`order_id` BIGINT NOT NULL ,\n\t\t\t\t`ipay_id` VARCHAR(255) NOT NULL ,\n\t\t\t\t`amount` DECIMAL(15,2) NOT NULL,\n\t\t\t\t`status` VARCHAR(255) NOT NULL ,\n\t\t\t\t`loy_id` VARCHAR(255) DEFAULT NULL,\n\t\t\t\t`loy_amount` DECIMAL(15,2) NOT NULL,\n\t\t\t\t`loy_status` VARCHAR(255) NOT NULL ,\n\t\t\t\t`data` TEXT DEFAULT NULL ,\n\t\t\t\t`created_at` TIMESTAMP NOT NULL ,\n\t\t\t\tPRIMARY KEY `id` (`id`),\n\t\t\t\tINDEX `order_id` (`order_id`),\n\t\t\t\tINDEX `loy_id` (`loy_id`),\n\t\t\t\tUNIQUE KEY `ipay_id` (`ipay_id`)\n\t\t) DEFAULT CHARACTER SET utf8mb4 made by activate_plugin, do_action('activate_bt-ipay-payments/bt-ipay-payments.php'), WP_Hook->do_action, WP_Hook->apply_filters, bt_ipay_activate, Bt_Ipay_Activator::activate, Bt_Ipay_Activator::create_payment_state_table, dbDelta, WP_SQLite_DB->query, WP_SQLite_DB->print_error",
    "log": "/logs/plugins/b/burstpay-woocommerce/error.json"
  },
  {
    "message": "Declaration of Featured_Widget::widget($args) must be compatible with WP_Widget::widget($args, $instance) in /wordpress/wp-content/plugins/before-its-news-featured-stories/bin-featured-widget.php on line 34",
    "level": "FATAL",
    "type": "PHP",
    "test": "ast-sqlite-boot",
    "plugin": "burstpay-woocommerce",
    "details": "[07-May-2025 17:01:21 UTC] PHP Fatal error:  Declaration of Featured_Widget::widget($args) must be compatible with WP_Widget::widget($args, $instance) in /wordpress/wp-content/plugins/before-its-news-featured-stories/bin-featured-widget.php on line 34",
    "log": "/logs/plugins/b/burstpay-woocommerce/error.json"
  },
  {
    "message": "Declaration of Featured_Widget::widget($args) must be compatible with WP_Widget::widget($args, $instance) in /wordpress/wp-content/plugins/before-its-news-featured-stories/bin-featured-widget.php on line 34",
    "level": "FATAL",
    "type": "PHP",
    "test": "ast-sqlite-boot",
    "plugin": "burstpay-woocommerce",
    "details": "[07-May-2025 17:01:29 UTC] PHP Fatal error:  Declaration of Featured_Widget::widget($args) must be compatible with WP_Widget::widget($args, $instance) in /wordpress/wp-content/plugins/before-its-news-featured-stories/bin-featured-widget.php on line 34",
    "log": "/logs/plugins/b/burstpay-woocommerce/error.json"
  },
  {
    "message": "Declaration of Featured_Widget::widget($args) must be compatible with WP_Widget::widget($args, $instance) in /wordpress/wp-content/plugins/before-its-news-featured-stories/bin-featured-widget.php on line 34",
    "level": "FATAL",
    "type": "PHP",
    "test": "ast-sqlite-boot",
    "plugin": "burstpay-woocommerce",
    "details": "[07-May-2025 17:01:37 UTC] PHP Fatal error:  Declaration of Featured_Widget::widget($args) must be compatible with WP_Widget::widget($args, $instance) in /wordpress/wp-content/plugins/before-its-news-featured-stories/bin-featured-widget.php on line 34",
    "log": "/logs/plugins/b/burstpay-woocommerce/error.json"
  },
  {
    "message": "Use of undefined constant STDERR - assumed 'STDERR' (this will throw an Error in a future version of PHP) in /wordpress/wp-content/plugins/bigbuy-wc-dropshipping-connector/vendor/composer/platform_check.php on line 17",
    "level": "WARNING",
    "type": "PHP",
    "test": "ast-sqlite-boot",
    "plugin": "burstpay-woocommerce",
    "details": "[07-May-2025 17:02:42 UTC] PHP Warning:  Use of undefined constant STDERR - assumed 'STDERR' (this will throw an Error in a future version of PHP) in /wordpress/wp-content/plugins/bigbuy-wc-dropshipping-connector/vendor/composer/platform_check.php on line 17",
    "log": "/logs/plugins/b/burstpay-woocommerce/error.json"
  },
  {
    "message": "fwrite() expects parameter 1 to be resource, string given in /wordpress/wp-content/plugins/bigbuy-wc-dropshipping-connector/vendor/composer/platform_check.php on line 17",
    "level": "WARNING",
    "type": "PHP",
    "test": "ast-sqlite-boot",
    "plugin": "burstpay-woocommerce",
    "details": "[07-May-2025 17:02:42 UTC] PHP Warning:  fwrite() expects parameter 1 to be resource, string given in /wordpress/wp-content/plugins/bigbuy-wc-dropshipping-connector/vendor/composer/platform_check.php on line 17",
    "log": "/logs/plugins/b/burstpay-woocommerce/error.json"
  },
  {
    "message": "Composer detected issues in your platform: Your Composer dependencies require a PHP version \">= 7.4.0\". You are running 7.2.34-dev. in /wordpress/wp-content/plugins/bigbuy-wc-dropshipping-connector/vendor/composer/platform_check.php on line 24",
    "level": "FATAL",
    "type": "PHP",
    "test": "ast-sqlite-boot",
    "plugin": "burstpay-woocommerce",
    "details": "[07-May-2025 17:02:42 UTC] PHP Fatal error:  Composer detected issues in your platform: Your Composer dependencies require a PHP version \">= 7.4.0\". You are running 7.2.34-dev. in /wordpress/wp-content/plugins/bigbuy-wc-dropshipping-connector/vendor/composer/platform_check.php on line 24",
    "log": "/logs/plugins/b/burstpay-woocommerce/error.json"
  },
  {
    "message": "Use of undefined constant STDERR - assumed 'STDERR' (this will throw an Error in a future version of PHP) in /wordpress/wp-content/plugins/bigbuy-wc-dropshipping-connector/vendor/composer/platform_check.php on line 17",
    "level": "WARNING",
    "type": "PHP",
    "test": "ast-sqlite-boot",
    "plugin": "burstpay-woocommerce",
    "details": "[07-May-2025 17:02:51 UTC] PHP Warning:  Use of undefined constant STDERR - assumed 'STDERR' (this will throw an Error in a future version of PHP) in /wordpress/wp-content/plugins/bigbuy-wc-dropshipping-connector/vendor/composer/platform_check.php on line 17",
    "log": "/logs/plugins/b/burstpay-woocommerce/error.json"
  },
  {
    "message": "fwrite() expects parameter 1 to be resource, string given in /wordpress/wp-content/plugins/bigbuy-wc-dropshipping-connector/vendor/composer/platform_check.php on line 17",
    "level": "WARNING",
    "type": "PHP",
    "test": "ast-sqlite-boot",
    "plugin": "burstpay-woocommerce",
    "details": "[07-May-2025 17:02:51 UTC] PHP Warning:  fwrite() expects parameter 1 to be resource, string given in /wordpress/wp-content/plugins/bigbuy-wc-dropshipping-connector/vendor/composer/platform_check.php on line 17",
    "log": "/logs/plugins/b/burstpay-woocommerce/error.json"
  },
  {
    "message": "Composer detected issues in your platform: Your Composer dependencies require a PHP version \">= 7.4.0\". You are running 7.2.34-dev. in /wordpress/wp-content/plugins/bigbuy-wc-dropshipping-connector/vendor/composer/platform_check.php on line 24",
    "level": "FATAL",
    "type": "PHP",
    "test": "ast-sqlite-boot",
    "plugin": "burstpay-woocommerce",
    "details": "[07-May-2025 17:02:51 UTC] PHP Fatal error:  Composer detected issues in your platform: Your Composer dependencies require a PHP version \">= 7.4.0\". You are running 7.2.34-dev. in /wordpress/wp-content/plugins/bigbuy-wc-dropshipping-connector/vendor/composer/platform_check.php on line 24",
    "log": "/logs/plugins/b/burstpay-woocommerce/error.json"
  },
  {
    "message": "Use of undefined constant STDERR - assumed 'STDERR' (this will throw an Error in a future version of PHP) in /wordpress/wp-content/plugins/bigbuy-wc-dropshipping-connector/vendor/composer/platform_check.php on line 17",
    "level": "WARNING",
    "type": "PHP",
    "test": "ast-sqlite-boot",
    "plugin": "burstpay-woocommerce",
    "details": "[07-May-2025 17:03:00 UTC] PHP Warning:  Use of undefined constant STDERR - assumed 'STDERR' (this will throw an Error in a future version of PHP) in /wordpress/wp-content/plugins/bigbuy-wc-dropshipping-connector/vendor/composer/platform_check.php on line 17",
    "log": "/logs/plugins/b/burstpay-woocommerce/error.json"
  },
  {
    "message": "fwrite() expects parameter 1 to be resource, string given in /wordpress/wp-content/plugins/bigbuy-wc-dropshipping-connector/vendor/composer/platform_check.php on line 17",
    "level": "WARNING",
    "type": "PHP",
    "test": "ast-sqlite-boot",
    "plugin": "burstpay-woocommerce",
    "details": "[07-May-2025 17:03:00 UTC] PHP Warning:  fwrite() expects parameter 1 to be resource, string given in /wordpress/wp-content/plugins/bigbuy-wc-dropshipping-connector/vendor/composer/platform_check.php on line 17",
    "log": "/logs/plugins/b/burstpay-woocommerce/error.json"
  },
  {
    "message": "Composer detected issues in your platform: Your Composer dependencies require a PHP version \">= 7.4.0\". You are running 7.2.34-dev. in /wordpress/wp-content/plugins/bigbuy-wc-dropshipping-connector/vendor/composer/platform_check.php on line 24",
    "level": "FATAL",
    "type": "PHP",
    "test": "ast-sqlite-boot",
    "plugin": "burstpay-woocommerce",
    "details": "[07-May-2025 17:03:00 UTC] PHP Fatal error:  Composer detected issues in your platform: Your Composer dependencies require a PHP version \">= 7.4.0\". You are running 7.2.34-dev. in /wordpress/wp-content/plugins/bigbuy-wc-dropshipping-connector/vendor/composer/platform_check.php on line 24",
    "log": "/logs/plugins/b/burstpay-woocommerce/error.json"
  },
  {
    "message": "Uncaught RuntimeException: <div style=\"clear:both\">&nbsp;</div>",
    "level": "FATAL",
    "type": "PHP",
    "test": "ast-sqlite-boot",
    "plugin": "burstpay-woocommerce",
    "details": "[07-May-2025 17:03:12 UTC] PHP Fatal error:  Uncaught RuntimeException: <div style=\"clear:both\">&nbsp;</div>\n<div class=\"queries\" style=\"clear:both;margin-bottom:2px;border:red dotted thin;\">\n<p>MySQL query:</p>\n<p>CREATE TABLE IF NOT EXISTS wp_bit_social_accounts (\n             id BIGINT  UNSIGNED NOT NULL AUTO_INCREMENT\n, custom_app_id BIGINT(20) UNSIGNED NULL\n, profile_id VARCHAR(255) NOT NULL\n, account_id VARCHAR(255) NOT NULL\n, account_name VARCHAR(255) NOT NULL\n, details LONGTEXT  NOT NULL\n, platform VARCHAR(255) NOT NULL\n, account_type INTEGER  NOT NULL\n, status BOOLEAN  NOT NULL DEFAULT 1\n, created_at timestamp  NULL DEFAULT NULL\n, updated_at timestamp  NULL DEFAULT NULL,\nPRIMARY KEY (\nid\n), FOREIGN KEY (custom_app_id) REFERENCES wp_bit_social_custom_apps (id) ON DELETE CASCADE\n             ) </p>\n<p>Queries made or created this session were:</p>\n<ol>\n<li>Executing: BEGIN | (no parameters)</li>\n<li>Executing: SELECT 1 FROM `_wp_sqlite_mysql_information_schema_tables` WHERE table_schema = ? AND table_name = ? | parameters: database_name_here, wp_ in /wordpress/wp-content/plugins/bit-social/vendor/bitapps/wp-database/src/Blueprint.php on line 176",
    "log": "/logs/plugins/b/burstpay-woocommerce/error.json"
  },
  {
    "message": "Uncaught RuntimeException: <div style=\"clear:both\">&nbsp;</div>",
    "level": "FATAL",
    "type": "PHP",
    "test": "ast-sqlite-boot",
    "plugin": "burstpay-woocommerce",
    "details": "[07-May-2025 17:03:23 UTC] PHP Fatal error:  Uncaught RuntimeException: <div style=\"clear:both\">&nbsp;</div>\n<div class=\"queries\" style=\"clear:both;margin-bottom:2px;border:red dotted thin;\">\n<p>MySQL query:</p>\n<p>CREATE TABLE IF NOT EXISTS wp_bit_social_accounts (\n             id BIGINT  UNSIGNED NOT NULL AUTO_INCREMENT\n, custom_app_id BIGINT(20) UNSIGNED NULL\n, profile_id VARCHAR(255) NOT NULL\n, account_id VARCHAR(255) NOT NULL\n, account_name VARCHAR(255) NOT NULL\n, details LONGTEXT  NOT NULL\n, platform VARCHAR(255) NOT NULL\n, account_type INTEGER  NOT NULL\n, status BOOLEAN  NOT NULL DEFAULT 1\n, created_at timestamp  NULL DEFAULT NULL\n, updated_at timestamp  NULL DEFAULT NULL,\nPRIMARY KEY (\nid\n), FOREIGN KEY (custom_app_id) REFERENCES wp_bit_social_custom_apps (id) ON DELETE CASCADE\n             ) </p>\n<p>Queries made or created this session were:</p>\n<ol>\n<li>Executing: BEGIN | (no parameters)</li>\n<li>Executing: INSERT INTO _mysql_data_types_cache (`table`, `column_or_index`, `mysql_type`)\n\t\t\t\tVALUES (:table, :column, :datatype)\n\t\t\t\tON CONFLICT(`ta in /wordpress/wp-content/plugins/bit-social/vendor/bitapps/wp-database/src/Blueprint.php on line 176",
    "log": "/logs/plugins/b/burstpay-woocommerce/error.json"
  },
  {
    "message": "Uncaught RuntimeException: <div style=\"clear:both\">&nbsp;</div>",
    "level": "FATAL",
    "type": "PHP",
    "test": "ast-sqlite-boot",
    "plugin": "burstpay-woocommerce",
    "details": "[07-May-2025 17:03:34 UTC] PHP Fatal error:  Uncaught RuntimeException: <div style=\"clear:both\">&nbsp;</div>\n<div class=\"queries\" style=\"clear:both;margin-bottom:2px;border:red dotted thin;\">\n<p>MySQL query:</p>\n<p>CREATE TABLE IF NOT EXISTS wp_bit_social_accounts (\n             id BIGINT  UNSIGNED NOT NULL AUTO_INCREMENT\n, custom_app_id BIGINT(20) UNSIGNED NULL\n, profile_id VARCHAR(255) NOT NULL\n, account_id VARCHAR(255) NOT NULL\n, account_name VARCHAR(255) NOT NULL\n, details LONGTEXT  NOT NULL\n, platform VARCHAR(255) NOT NULL\n, account_type INTEGER  NOT NULL\n, status BOOLEAN  NOT NULL DEFAULT 1\n, created_at timestamp  NULL DEFAULT NULL\n, updated_at timestamp  NULL DEFAULT NULL,\nPRIMARY KEY (\nid\n), FOREIGN KEY (custom_app_id) REFERENCES wp_bit_social_custom_apps (id) ON DELETE CASCADE\n             ) </p>\n<p>Queries made or created this session were:</p>\n<ol>\n<li>Executing: BEGIN | (no parameters)</li>\n<li>Executing: INSERT INTO _mysql_data_types_cache (`table`, `column_or_index`, `mysql_type`)\n\t\t\t\tVALUES (:table, :column, :datatype)\n\t\t\t\tON CONFLICT(`ta in /wordpress/wp-content/plugins/bit-social/vendor/bitapps/wp-database/src/Blueprint.php on line 176\n\n    at Object.onBind (file:///home/runner/work/playground-tester/playground-tester/node_modules/@wp-playground/cli/index.js:237:15)\n    at process.processTicksAndRejections (node:internal/process/task_queues:105:5)\n    at async V (file:///home/runner/work/playground-tester/playground-tester/node_modules/@wp-playground/cli/index.js:64:10)\n    at async ja (file:///home/runner/work/playground-tester/playground-tester/node_modules/@wp-playground/cli/cli.js:8161:12) {\n  [cause]: Error: Error when executing the blueprint step #5 ({\"step\":\"installPlugin\",\"pluginData\":{\"resource\":\"wordpress.org/plugins\",\"slug\":\"burstpay-woocommerce\"},\"options\":{\"activate\":true}}) : Could not download \"https://downloads.wordpress.org/plugin/burstpay-woocommerce.latest-stable.zip\".\n  \t\t\t\tCheck if the URL is correct and the server is reachable.\n  \t\t\t\tIf it is reachable, the server might be blocking the request.\n  \t\t\t\tCheck the browser console and network tabs for more information.\n  \n  \t\t\t\t## Does the console show the error \"No 'Access-Control-Allow-Origin' header\"?\n  \n  \t\t\t\tThis means the server that hosts your file does not allow requests from other sites\n  \t\t\t\t(cross-origin requests, or CORS).\tYou need to move the asset to a server that allows\n  \t\t\t\tcross-origin file downloads. Learn more about CORS at\n  \t\t\t\thttps://developer.mozilla.org/en-US/docs/Web/HTTP/CORS.\n  \n  \t\t\t\tIf your file is on GitHub, load it from \"raw.githubusercontent.com\".\n  \t\t\t\tHere's how to do that:\n  \n  \t\t\t\t1. Start with the original GitHub URL of the file. For example:\n  \t\t\t\thttps://github.com/username/repository/blob/branch/filename.\n  \t\t\t\t2. Replace \"github.com\" with \"raw.githubusercontent.com\".\n  \t\t\t\t3. Remove the \"/blob/\" part of the URL.\n  \n  \t\t\t\tThe resulting URL should look like this:\n  \t\t\t\thttps://raw.githubusercontent.com/username/repository/branch/filename\n  \n  \t\t\t\tError:\n  \t\t\t\tError: Could not download \"https://downloads.wordpress.org/plugin/burstpay-woocommerce.latest-stable.zip\"\n      at Object.run (file:///home/runner/work/playground-tester/playground-tester/node_modules/@wp-playground/blueprints/index.js:12449:19)\n      at process.processTicksAndRejections (node:internal/process/task_queues:105:5)\n      at async ms (file:///home/runner/work/playground-tester/playground-tester/node_modules/@wp-playground/blueprints/index.js:12552:3)\n      at async Object.onBind (file:///home/runner/work/playground-tester/playground-tester/node_modules/@wp-playground/cli/index.js:227:48)\n      at async V (file:///home/runner/work/playground-tester/playground-tester/node_modules/@wp-playground/cli/index.js:64:10)\n      at async ja (file:///home/runner/work/playground-tester/playground-tester/node_modules/@wp-playground/cli/cli.js:8161:12) {\n    [cause]: Error: Could not download \"https://downloads.wordpress.org/plugin/burstpay-woocommerce.latest-stable.zip\".\n    \t\t\t\tCheck if the URL is correct and the server is reachable.\n    \t\t\t\tIf it is reachable, the server might be blocking the request.\n    \t\t\t\tCheck the browser console and network tabs for more information.\n    \n    \t\t\t\t## Does the console show the error \"No 'Access-Control-Allow-Origin' header\"?\n    \n    \t\t\t\tThis means the server that hosts your file does not allow requests from other sites\n    \t\t\t\t(cross-origin requests, or CORS).\tYou need to move the asset to a server that allows\n    \t\t\t\tcross-origin file downloads. Learn more about CORS at\n    \t\t\t\thttps://developer.mozilla.org/en-US/docs/Web/HTTP/CORS.\n    \n    \t\t\t\tIf your file is on GitHub, load it from \"raw.githubusercontent.com\".\n    \t\t\t\tHere's how to do that:\n    \n    \t\t\t\t1. Start with the original GitHub URL of the file. For example:\n    \t\t\t\thttps://github.com/username/repository/blob/branch/filename.\n    \t\t\t\t2. Replace \"github.com\" with \"raw.githubusercontent.com\".\n    \t\t\t\t3. Remove the \"/blob/\" part of the URL.\n    \n    \t\t\t\tThe resulting URL should look like this:\n    \t\t\t\thttps://raw.githubusercontent.com/username/repository/branch/filename\n    \n    \t\t\t\tError:\n    \t\t\t\tError: Could not download \"https://downloads.wordpress.org/plugin/burstpay-woocommerce.latest-stable.zip\"\n        at Ct.resolve (file:///home/runner/work/playground-tester/playground-tester/node_modules/@wp-playground/blueprints/index.js:1472:13)\n        at process.processTicksAndRejections (node:internal/process/task_queues:105:5)\n        at async _.run (file:///home/runner/work/playground-tester/playground-tester/node_modules/@php-wasm/util/index.js:45:14)\n  }\n}\n\n",
    "log": "/logs/plugins/b/burstpay-woocommerce/error.json"
  },
  {
    "message": "file:///home/runner/work/playground-tester/playground-tester/node_modules/@wp-playground/cli/index.js:237\n        throw new Error(y, { cause: u });\n              ^\n",
    "level": "FATAL",
    "type": "PLAYGROUND",
    "test": "asyncify-boot",
    "plugin": "burstpay-woocommerce",
    "details": "file:///home/runner/work/playground-tester/playground-tester/node_modules/@wp-playground/cli/index.js:237\n        throw new Error(y, { cause: u });\n              ^\n",
    "log": "/tmp/tmp.18yafoaEB9"
  },
  {
    "message": "Function _load_textdomain_just_in_time was called <strong>incorrectly</strong>. Translation loading for the <code>woocommerce</code> domain was triggered too early. This is usually an indicator for some code in the plugin or theme running too early. Translations should be loaded at the <code>init</code> action or later. Please see <a href=\"https://developer.wordpress.org/advanced-administration/debug/debug-wordpress/\">Debugging in WordPress</a> for more information. (This message was added in version 6.7.0.) in /wordpress/wp-includes/functions.php on line 6121",
    "level": "NOTICE",
    "type": "PHP",
    "test": "asyncify-boot",
    "plugin": "burstpay-woocommerce",
    "details": "[07-May-2025 16:59:25 UTC] PHP Notice:  Function _load_textdomain_just_in_time was called <strong>incorrectly</strong>. Translation loading for the <code>woocommerce</code> domain was triggered too early. This is usually an indicator for some code in the plugin or theme running too early. Translations should be loaded at the <code>init</code> action or later. Please see <a href=\"https://developer.wordpress.org/advanced-administration/debug/debug-wordpress/\">Debugging in WordPress</a> for more information. (This message was added in version 6.7.0.) in /wordpress/wp-includes/functions.php on line 6121",
    "log": "/logs/plugins/b/burstpay-woocommerce/error.json"
  },
  {
    "message": "Function _load_textdomain_just_in_time was called <strong>incorrectly</strong>. Translation loading for the <code>woocommerce</code> domain was triggered too early. This is usually an indicator for some code in the plugin or theme running too early. Translations should be loaded at the <code>init</code> action or later. Please see <a href=\"https://developer.wordpress.org/advanced-administration/debug/debug-wordpress/\">Debugging in WordPress</a> for more information. (This message was added in version 6.7.0.) in /wordpress/wp-includes/functions.php on line 6121",
    "level": "NOTICE",
    "type": "PHP",
    "test": "asyncify-boot",
    "plugin": "burstpay-woocommerce",
    "details": "[07-May-2025 17:00:06 UTC] PHP Notice:  Function _load_textdomain_just_in_time was called <strong>incorrectly</strong>. Translation loading for the <code>woocommerce</code> domain was triggered too early. This is usually an indicator for some code in the plugin or theme running too early. Translations should be loaded at the <code>init</code> action or later. Please see <a href=\"https://developer.wordpress.org/advanced-administration/debug/debug-wordpress/\">Debugging in WordPress</a> for more information. (This message was added in version 6.7.0.) in /wordpress/wp-includes/functions.php on line 6121",
    "log": "/logs/plugins/b/burstpay-woocommerce/error.json"
  },
  {
    "message": "Cannot combine AUTOINCREMENT and multiple primary keys in SQLite.",
    "level": "FATAL",
    "type": "SQL",
    "test": "asyncify-boot",
    "plugin": "burstpay-woocommerce",
    "details": "[07-May-2025 17:00:11 UTC] WordPress database error <div style=\"clear:both\">&nbsp;</div>\n<div class=\"queries\" style=\"clear:both;margin-bottom:2px;border:red dotted thin;\">\n<p>MySQL query:</p>\n<p>CREATE TABLE wp_bt_ipay_payments (\n\t\t\t    `id` INT NOT NULL AUTO_INCREMENT ,\n\t\t\t\t`order_id` BIGINT NOT NULL ,\n\t\t\t\t`ipay_id` VARCHAR(255) NOT NULL ,\n\t\t\t\t`amount` DECIMAL(15,2) NOT NULL,\n\t\t\t\t`status` VARCHAR(255) NOT NULL ,\n\t\t\t\t`loy_id` VARCHAR(255) DEFAULT NULL,\n\t\t\t\t`loy_amount` DECIMAL(15,2) NOT NULL,\n\t\t\t\t`loy_status` VARCHAR(255) NOT NULL ,\n\t\t\t\t`data` TEXT DEFAULT NULL ,\n\t\t\t\t`created_at` TIMESTAMP NOT NULL ,\n\t\t\t\tPRIMARY KEY `id` (`id`),\n\t\t\t\tINDEX `order_id` (`order_id`),\n\t\t\t\tINDEX `loy_id` (`loy_id`),\n\t\t\t\tUNIQUE KEY `ipay_id` (`ipay_id`)\n\t\t) DEFAULT CHARACTER SET utf8mb4</p>\n<p>Queries made or created this session were:</p>\n<ol>\n<li>Executing: BEGIN | (no parameters)</li>\n<li>Executing: ROLLBACK | (no parameters)</li>\n</ol>\n</div>\n<div style=\"clear:both;margin-bottom:2px;border:red dotted thin;\" class=\"error_message\" style=\"border-bottom:dotted blue thin;\">\nError occurred at line 4117 in Function <code>handle_error</code>. Error message was: Cannot combine AUTOINCREMENT and multiple primary keys in SQLite.\n</div>\n<p>Backtrace:</p>\n<pre>#0 /internal/shared/sqlite-database-integration/wp-includes/sqlite/class-wp-sqlite-db.php(287): WP_SQLite_Translator->get_error_message()\n#1 /wordpress/wp-admin/includes/upgrade.php(3280): WP_SQLite_DB->query('CREATE TABLE wp...')\n#2 /wordpress/wp-content/plugins/bt-ipay-payments/includes/class-bt-ipay-activator.php(71): dbDelta(Array)\n#3 /wordpress/wp-content/plugins/bt-ipay-payments/includes/class-bt-ipay-activator.php(42): Bt_Ipay_Activator::create_payment_state_table()\n#4 /wordpress/wp-content/plugins/bt-ipay-payments/bt-ipay-payments.php(53): Bt_Ipay_Activator::activate()\n#5 /wordpress/wp-includes/class-wp-hook.php(324): bt_ipay_activate(false)\n#6 /wordpress/wp-includes/class-wp-hook.php(348): WP_Hook->apply_filters('', Array)\n#7 /wordpress/wp-includes/plugin.php(517): WP_Hook->do_action(Array)\n#8 /wordpress/wp-admin/includes/plugin.php(703): do_action('activate_bt-ipa...', false)\n#9 /internal/eval.php(20): activate_plugin('bt-ipay-payment...')\n#10 {main}</pre>\n for query CREATE TABLE wp_bt_ipay_payments (\n\t\t\t    `id` INT NOT NULL AUTO_INCREMENT ,\n\t\t\t\t`order_id` BIGINT NOT NULL ,\n\t\t\t\t`ipay_id` VARCHAR(255) NOT NULL ,\n\t\t\t\t`amount` DECIMAL(15,2) NOT NULL,\n\t\t\t\t`status` VARCHAR(255) NOT NULL ,\n\t\t\t\t`loy_id` VARCHAR(255) DEFAULT NULL,\n\t\t\t\t`loy_amount` DECIMAL(15,2) NOT NULL,\n\t\t\t\t`loy_status` VARCHAR(255) NOT NULL ,\n\t\t\t\t`data` TEXT DEFAULT NULL ,\n\t\t\t\t`created_at` TIMESTAMP NOT NULL ,\n\t\t\t\tPRIMARY KEY `id` (`id`),\n\t\t\t\tINDEX `order_id` (`order_id`),\n\t\t\t\tINDEX `loy_id` (`loy_id`),\n\t\t\t\tUNIQUE KEY `ipay_id` (`ipay_id`)\n\t\t) DEFAULT CHARACTER SET utf8mb4 made by activate_plugin, do_action('activate_bt-ipay-payments/bt-ipay-payments.php'), WP_Hook->do_action, WP_Hook->apply_filters, bt_ipay_activate, Bt_Ipay_Activator::activate, Bt_Ipay_Activator::create_payment_state_table, dbDelta, WP_SQLite_DB->query, WP_SQLite_DB->print_error",
    "log": "/logs/plugins/b/burstpay-woocommerce/error.json"
  },
  {
    "message": "Function _load_textdomain_just_in_time was called <strong>incorrectly</strong>. Translation loading for the <code>woocommerce</code> domain was triggered too early. This is usually an indicator for some code in the plugin or theme running too early. Translations should be loaded at the <code>init</code> action or later. Please see <a href=\"https://developer.wordpress.org/advanced-administration/debug/debug-wordpress/\">Debugging in WordPress</a> for more information. (This message was added in version 6.7.0.) in /wordpress/wp-includes/functions.php on line 6121",
    "level": "NOTICE",
    "type": "PHP",
    "test": "asyncify-boot",
    "plugin": "burstpay-woocommerce",
    "details": "[07-May-2025 17:00:46 UTC] PHP Notice:  Function _load_textdomain_just_in_time was called <strong>incorrectly</strong>. Translation loading for the <code>woocommerce</code> domain was triggered too early. This is usually an indicator for some code in the plugin or theme running too early. Translations should be loaded at the <code>init</code> action or later. Please see <a href=\"https://developer.wordpress.org/advanced-administration/debug/debug-wordpress/\">Debugging in WordPress</a> for more information. (This message was added in version 6.7.0.) in /wordpress/wp-includes/functions.php on line 6121",
    "log": "/logs/plugins/b/burstpay-woocommerce/error.json"
  },
  {
    "message": "Cannot combine AUTOINCREMENT and multiple primary keys in SQLite.",
    "level": "FATAL",
    "type": "SQL",
    "test": "asyncify-boot",
    "plugin": "burstpay-woocommerce",
    "details": "[07-May-2025 17:00:50 UTC] WordPress database error <div style=\"clear:both\">&nbsp;</div>\n<div class=\"queries\" style=\"clear:both;margin-bottom:2px;border:red dotted thin;\">\n<p>MySQL query:</p>\n<p>CREATE TABLE wp_bt_ipay_payments (\n\t\t\t    `id` INT NOT NULL AUTO_INCREMENT ,\n\t\t\t\t`order_id` BIGINT NOT NULL ,\n\t\t\t\t`ipay_id` VARCHAR(255) NOT NULL ,\n\t\t\t\t`amount` DECIMAL(15,2) NOT NULL,\n\t\t\t\t`status` VARCHAR(255) NOT NULL ,\n\t\t\t\t`loy_id` VARCHAR(255) DEFAULT NULL,\n\t\t\t\t`loy_amount` DECIMAL(15,2) NOT NULL,\n\t\t\t\t`loy_status` VARCHAR(255) NOT NULL ,\n\t\t\t\t`data` TEXT DEFAULT NULL ,\n\t\t\t\t`created_at` TIMESTAMP NOT NULL ,\n\t\t\t\tPRIMARY KEY `id` (`id`),\n\t\t\t\tINDEX `order_id` (`order_id`),\n\t\t\t\tINDEX `loy_id` (`loy_id`),\n\t\t\t\tUNIQUE KEY `ipay_id` (`ipay_id`)\n\t\t) DEFAULT CHARACTER SET utf8mb4</p>\n<p>Queries made or created this session were:</p>\n<ol>\n<li>Executing: BEGIN | (no parameters)</li>\n<li>Executing: ROLLBACK | (no parameters)</li>\n</ol>\n</div>\n<div style=\"clear:both;margin-bottom:2px;border:red dotted thin;\" class=\"error_message\" style=\"border-bottom:dotted blue thin;\">\nError occurred at line 4117 in Function <code>handle_error</code>. Error message was: Cannot combine AUTOINCREMENT and multiple primary keys in SQLite.\n</div>\n<p>Backtrace:</p>\n<pre>#0 /internal/shared/sqlite-database-integration/wp-includes/sqlite/class-wp-sqlite-db.php(287): WP_SQLite_Translator->get_error_message()\n#1 /wordpress/wp-admin/includes/upgrade.php(3280): WP_SQLite_DB->query('CREATE TABLE wp...')\n#2 /wordpress/wp-content/plugins/bt-ipay-payments/includes/class-bt-ipay-activator.php(71): dbDelta(Array)\n#3 /wordpress/wp-content/plugins/bt-ipay-payments/includes/class-bt-ipay-activator.php(42): Bt_Ipay_Activator::create_payment_state_table()\n#4 /wordpress/wp-content/plugins/bt-ipay-payments/bt-ipay-payments.php(53): Bt_Ipay_Activator::activate()\n#5 /wordpress/wp-includes/class-wp-hook.php(324): bt_ipay_activate(false)\n#6 /wordpress/wp-includes/class-wp-hook.php(348): WP_Hook->apply_filters('', Array)\n#7 /wordpress/wp-includes/plugin.php(517): WP_Hook->do_action(Array)\n#8 /wordpress/wp-admin/includes/plugin.php(703): do_action('activate_bt-ipa...', false)\n#9 /internal/eval.php(20): activate_plugin('bt-ipay-payment...')\n#10 {main}</pre>\n for query CREATE TABLE wp_bt_ipay_payments (\n\t\t\t    `id` INT NOT NULL AUTO_INCREMENT ,\n\t\t\t\t`order_id` BIGINT NOT NULL ,\n\t\t\t\t`ipay_id` VARCHAR(255) NOT NULL ,\n\t\t\t\t`amount` DECIMAL(15,2) NOT NULL,\n\t\t\t\t`status` VARCHAR(255) NOT NULL ,\n\t\t\t\t`loy_id` VARCHAR(255) DEFAULT NULL,\n\t\t\t\t`loy_amount` DECIMAL(15,2) NOT NULL,\n\t\t\t\t`loy_status` VARCHAR(255) NOT NULL ,\n\t\t\t\t`data` TEXT DEFAULT NULL ,\n\t\t\t\t`created_at` TIMESTAMP NOT NULL ,\n\t\t\t\tPRIMARY KEY `id` (`id`),\n\t\t\t\tINDEX `order_id` (`order_id`),\n\t\t\t\tINDEX `loy_id` (`loy_id`),\n\t\t\t\tUNIQUE KEY `ipay_id` (`ipay_id`)\n\t\t) DEFAULT CHARACTER SET utf8mb4 made by activate_plugin, do_action('activate_bt-ipay-payments/bt-ipay-payments.php'), WP_Hook->do_action, WP_Hook->apply_filters, bt_ipay_activate, Bt_Ipay_Activator::activate, Bt_Ipay_Activator::create_payment_state_table, dbDelta, WP_SQLite_DB->query, WP_SQLite_DB->print_error",
    "log": "/logs/plugins/b/burstpay-woocommerce/error.json"
  },
  {
    "message": "Declaration of Featured_Widget::widget($args) must be compatible with WP_Widget::widget($args, $instance) in /wordpress/wp-content/plugins/before-its-news-featured-stories/bin-featured-widget.php on line 34",
    "level": "FATAL",
    "type": "PHP",
    "test": "asyncify-boot",
    "plugin": "burstpay-woocommerce",
    "details": "[07-May-2025 17:01:21 UTC] PHP Fatal error:  Declaration of Featured_Widget::widget($args) must be compatible with WP_Widget::widget($args, $instance) in /wordpress/wp-content/plugins/before-its-news-featured-stories/bin-featured-widget.php on line 34",
    "log": "/logs/plugins/b/burstpay-woocommerce/error.json"
  },
  {
    "message": "Declaration of Featured_Widget::widget($args) must be compatible with WP_Widget::widget($args, $instance) in /wordpress/wp-content/plugins/before-its-news-featured-stories/bin-featured-widget.php on line 34",
    "level": "FATAL",
    "type": "PHP",
    "test": "asyncify-boot",
    "plugin": "burstpay-woocommerce",
    "details": "[07-May-2025 17:01:29 UTC] PHP Fatal error:  Declaration of Featured_Widget::widget($args) must be compatible with WP_Widget::widget($args, $instance) in /wordpress/wp-content/plugins/before-its-news-featured-stories/bin-featured-widget.php on line 34",
    "log": "/logs/plugins/b/burstpay-woocommerce/error.json"
  },
  {
    "message": "Declaration of Featured_Widget::widget($args) must be compatible with WP_Widget::widget($args, $instance) in /wordpress/wp-content/plugins/before-its-news-featured-stories/bin-featured-widget.php on line 34",
    "level": "FATAL",
    "type": "PHP",
    "test": "asyncify-boot",
    "plugin": "burstpay-woocommerce",
    "details": "[07-May-2025 17:01:37 UTC] PHP Fatal error:  Declaration of Featured_Widget::widget($args) must be compatible with WP_Widget::widget($args, $instance) in /wordpress/wp-content/plugins/before-its-news-featured-stories/bin-featured-widget.php on line 34",
    "log": "/logs/plugins/b/burstpay-woocommerce/error.json"
  },
  {
    "message": "Use of undefined constant STDERR - assumed 'STDERR' (this will throw an Error in a future version of PHP) in /wordpress/wp-content/plugins/bigbuy-wc-dropshipping-connector/vendor/composer/platform_check.php on line 17",
    "level": "WARNING",
    "type": "PHP",
    "test": "asyncify-boot",
    "plugin": "burstpay-woocommerce",
    "details": "[07-May-2025 17:02:42 UTC] PHP Warning:  Use of undefined constant STDERR - assumed 'STDERR' (this will throw an Error in a future version of PHP) in /wordpress/wp-content/plugins/bigbuy-wc-dropshipping-connector/vendor/composer/platform_check.php on line 17",
    "log": "/logs/plugins/b/burstpay-woocommerce/error.json"
  },
  {
    "message": "fwrite() expects parameter 1 to be resource, string given in /wordpress/wp-content/plugins/bigbuy-wc-dropshipping-connector/vendor/composer/platform_check.php on line 17",
    "level": "WARNING",
    "type": "PHP",
    "test": "asyncify-boot",
    "plugin": "burstpay-woocommerce",
    "details": "[07-May-2025 17:02:42 UTC] PHP Warning:  fwrite() expects parameter 1 to be resource, string given in /wordpress/wp-content/plugins/bigbuy-wc-dropshipping-connector/vendor/composer/platform_check.php on line 17",
    "log": "/logs/plugins/b/burstpay-woocommerce/error.json"
  },
  {
    "message": "Composer detected issues in your platform: Your Composer dependencies require a PHP version \">= 7.4.0\". You are running 7.2.34-dev. in /wordpress/wp-content/plugins/bigbuy-wc-dropshipping-connector/vendor/composer/platform_check.php on line 24",
    "level": "FATAL",
    "type": "PHP",
    "test": "asyncify-boot",
    "plugin": "burstpay-woocommerce",
    "details": "[07-May-2025 17:02:42 UTC] PHP Fatal error:  Composer detected issues in your platform: Your Composer dependencies require a PHP version \">= 7.4.0\". You are running 7.2.34-dev. in /wordpress/wp-content/plugins/bigbuy-wc-dropshipping-connector/vendor/composer/platform_check.php on line 24",
    "log": "/logs/plugins/b/burstpay-woocommerce/error.json"
  },
  {
    "message": "Use of undefined constant STDERR - assumed 'STDERR' (this will throw an Error in a future version of PHP) in /wordpress/wp-content/plugins/bigbuy-wc-dropshipping-connector/vendor/composer/platform_check.php on line 17",
    "level": "WARNING",
    "type": "PHP",
    "test": "asyncify-boot",
    "plugin": "burstpay-woocommerce",
    "details": "[07-May-2025 17:02:51 UTC] PHP Warning:  Use of undefined constant STDERR - assumed 'STDERR' (this will throw an Error in a future version of PHP) in /wordpress/wp-content/plugins/bigbuy-wc-dropshipping-connector/vendor/composer/platform_check.php on line 17",
    "log": "/logs/plugins/b/burstpay-woocommerce/error.json"
  },
  {
    "message": "fwrite() expects parameter 1 to be resource, string given in /wordpress/wp-content/plugins/bigbuy-wc-dropshipping-connector/vendor/composer/platform_check.php on line 17",
    "level": "WARNING",
    "type": "PHP",
    "test": "asyncify-boot",
    "plugin": "burstpay-woocommerce",
    "details": "[07-May-2025 17:02:51 UTC] PHP Warning:  fwrite() expects parameter 1 to be resource, string given in /wordpress/wp-content/plugins/bigbuy-wc-dropshipping-connector/vendor/composer/platform_check.php on line 17",
    "log": "/logs/plugins/b/burstpay-woocommerce/error.json"
  },
  {
    "message": "Composer detected issues in your platform: Your Composer dependencies require a PHP version \">= 7.4.0\". You are running 7.2.34-dev. in /wordpress/wp-content/plugins/bigbuy-wc-dropshipping-connector/vendor/composer/platform_check.php on line 24",
    "level": "FATAL",
    "type": "PHP",
    "test": "asyncify-boot",
    "plugin": "burstpay-woocommerce",
    "details": "[07-May-2025 17:02:51 UTC] PHP Fatal error:  Composer detected issues in your platform: Your Composer dependencies require a PHP version \">= 7.4.0\". You are running 7.2.34-dev. in /wordpress/wp-content/plugins/bigbuy-wc-dropshipping-connector/vendor/composer/platform_check.php on line 24",
    "log": "/logs/plugins/b/burstpay-woocommerce/error.json"
  },
  {
    "message": "Use of undefined constant STDERR - assumed 'STDERR' (this will throw an Error in a future version of PHP) in /wordpress/wp-content/plugins/bigbuy-wc-dropshipping-connector/vendor/composer/platform_check.php on line 17",
    "level": "WARNING",
    "type": "PHP",
    "test": "asyncify-boot",
    "plugin": "burstpay-woocommerce",
    "details": "[07-May-2025 17:03:00 UTC] PHP Warning:  Use of undefined constant STDERR - assumed 'STDERR' (this will throw an Error in a future version of PHP) in /wordpress/wp-content/plugins/bigbuy-wc-dropshipping-connector/vendor/composer/platform_check.php on line 17",
    "log": "/logs/plugins/b/burstpay-woocommerce/error.json"
  },
  {
    "message": "fwrite() expects parameter 1 to be resource, string given in /wordpress/wp-content/plugins/bigbuy-wc-dropshipping-connector/vendor/composer/platform_check.php on line 17",
    "level": "WARNING",
    "type": "PHP",
    "test": "asyncify-boot",
    "plugin": "burstpay-woocommerce",
    "details": "[07-May-2025 17:03:00 UTC] PHP Warning:  fwrite() expects parameter 1 to be resource, string given in /wordpress/wp-content/plugins/bigbuy-wc-dropshipping-connector/vendor/composer/platform_check.php on line 17",
    "log": "/logs/plugins/b/burstpay-woocommerce/error.json"
  },
  {
    "message": "Composer detected issues in your platform: Your Composer dependencies require a PHP version \">= 7.4.0\". You are running 7.2.34-dev. in /wordpress/wp-content/plugins/bigbuy-wc-dropshipping-connector/vendor/composer/platform_check.php on line 24",
    "level": "FATAL",
    "type": "PHP",
    "test": "asyncify-boot",
    "plugin": "burstpay-woocommerce",
    "details": "[07-May-2025 17:03:00 UTC] PHP Fatal error:  Composer detected issues in your platform: Your Composer dependencies require a PHP version \">= 7.4.0\". You are running 7.2.34-dev. in /wordpress/wp-content/plugins/bigbuy-wc-dropshipping-connector/vendor/composer/platform_check.php on line 24",
    "log": "/logs/plugins/b/burstpay-woocommerce/error.json"
  },
  {
    "message": "Uncaught RuntimeException: <div style=\"clear:both\">&nbsp;</div>",
    "level": "FATAL",
    "type": "PHP",
    "test": "asyncify-boot",
    "plugin": "burstpay-woocommerce",
    "details": "[07-May-2025 17:03:12 UTC] PHP Fatal error:  Uncaught RuntimeException: <div style=\"clear:both\">&nbsp;</div>\n<div class=\"queries\" style=\"clear:both;margin-bottom:2px;border:red dotted thin;\">\n<p>MySQL query:</p>\n<p>CREATE TABLE IF NOT EXISTS wp_bit_social_accounts (\n             id BIGINT  UNSIGNED NOT NULL AUTO_INCREMENT\n, custom_app_id BIGINT(20) UNSIGNED NULL\n, profile_id VARCHAR(255) NOT NULL\n, account_id VARCHAR(255) NOT NULL\n, account_name VARCHAR(255) NOT NULL\n, details LONGTEXT  NOT NULL\n, platform VARCHAR(255) NOT NULL\n, account_type INTEGER  NOT NULL\n, status BOOLEAN  NOT NULL DEFAULT 1\n, created_at timestamp  NULL DEFAULT NULL\n, updated_at timestamp  NULL DEFAULT NULL,\nPRIMARY KEY (\nid\n), FOREIGN KEY (custom_app_id) REFERENCES wp_bit_social_custom_apps (id) ON DELETE CASCADE\n             ) </p>\n<p>Queries made or created this session were:</p>\n<ol>\n<li>Executing: BEGIN | (no parameters)</li>\n<li>Executing: SELECT 1 FROM `_wp_sqlite_mysql_information_schema_tables` WHERE table_schema = ? AND table_name = ? | parameters: database_name_here, wp_ in /wordpress/wp-content/plugins/bit-social/vendor/bitapps/wp-database/src/Blueprint.php on line 176",
    "log": "/logs/plugins/b/burstpay-woocommerce/error.json"
  },
  {
    "message": "Uncaught RuntimeException: <div style=\"clear:both\">&nbsp;</div>",
    "level": "FATAL",
    "type": "PHP",
    "test": "asyncify-boot",
    "plugin": "burstpay-woocommerce",
    "details": "[07-May-2025 17:03:23 UTC] PHP Fatal error:  Uncaught RuntimeException: <div style=\"clear:both\">&nbsp;</div>\n<div class=\"queries\" style=\"clear:both;margin-bottom:2px;border:red dotted thin;\">\n<p>MySQL query:</p>\n<p>CREATE TABLE IF NOT EXISTS wp_bit_social_accounts (\n             id BIGINT  UNSIGNED NOT NULL AUTO_INCREMENT\n, custom_app_id BIGINT(20) UNSIGNED NULL\n, profile_id VARCHAR(255) NOT NULL\n, account_id VARCHAR(255) NOT NULL\n, account_name VARCHAR(255) NOT NULL\n, details LONGTEXT  NOT NULL\n, platform VARCHAR(255) NOT NULL\n, account_type INTEGER  NOT NULL\n, status BOOLEAN  NOT NULL DEFAULT 1\n, created_at timestamp  NULL DEFAULT NULL\n, updated_at timestamp  NULL DEFAULT NULL,\nPRIMARY KEY (\nid\n), FOREIGN KEY (custom_app_id) REFERENCES wp_bit_social_custom_apps (id) ON DELETE CASCADE\n             ) </p>\n<p>Queries made or created this session were:</p>\n<ol>\n<li>Executing: BEGIN | (no parameters)</li>\n<li>Executing: INSERT INTO _mysql_data_types_cache (`table`, `column_or_index`, `mysql_type`)\n\t\t\t\tVALUES (:table, :column, :datatype)\n\t\t\t\tON CONFLICT(`ta in /wordpress/wp-content/plugins/bit-social/vendor/bitapps/wp-database/src/Blueprint.php on line 176",
    "log": "/logs/plugins/b/burstpay-woocommerce/error.json"
  },
  {
    "message": "Uncaught RuntimeException: <div style=\"clear:both\">&nbsp;</div>",
    "level": "FATAL",
    "type": "PHP",
    "test": "asyncify-boot",
    "plugin": "burstpay-woocommerce",
    "details": "[07-May-2025 17:03:34 UTC] PHP Fatal error:  Uncaught RuntimeException: <div style=\"clear:both\">&nbsp;</div>\n<div class=\"queries\" style=\"clear:both;margin-bottom:2px;border:red dotted thin;\">\n<p>MySQL query:</p>\n<p>CREATE TABLE IF NOT EXISTS wp_bit_social_accounts (\n             id BIGINT  UNSIGNED NOT NULL AUTO_INCREMENT\n, custom_app_id BIGINT(20) UNSIGNED NULL\n, profile_id VARCHAR(255) NOT NULL\n, account_id VARCHAR(255) NOT NULL\n, account_name VARCHAR(255) NOT NULL\n, details LONGTEXT  NOT NULL\n, platform VARCHAR(255) NOT NULL\n, account_type INTEGER  NOT NULL\n, status BOOLEAN  NOT NULL DEFAULT 1\n, created_at timestamp  NULL DEFAULT NULL\n, updated_at timestamp  NULL DEFAULT NULL,\nPRIMARY KEY (\nid\n), FOREIGN KEY (custom_app_id) REFERENCES wp_bit_social_custom_apps (id) ON DELETE CASCADE\n             ) </p>\n<p>Queries made or created this session were:</p>\n<ol>\n<li>Executing: BEGIN | (no parameters)</li>\n<li>Executing: INSERT INTO _mysql_data_types_cache (`table`, `column_or_index`, `mysql_type`)\n\t\t\t\tVALUES (:table, :column, :datatype)\n\t\t\t\tON CONFLICT(`ta in /wordpress/wp-content/plugins/bit-social/vendor/bitapps/wp-database/src/Blueprint.php on line 176\n\n    at Object.onBind (file:///home/runner/work/playground-tester/playground-tester/node_modules/@wp-playground/cli/index.js:237:15)\n    at process.processTicksAndRejections (node:internal/process/task_queues:105:5)\n    at async V (file:///home/runner/work/playground-tester/playground-tester/node_modules/@wp-playground/cli/index.js:64:10)\n    at async ja (file:///home/runner/work/playground-tester/playground-tester/node_modules/@wp-playground/cli/cli.js:8161:12) {\n  [cause]: Error: Error when executing the blueprint step #1 ({\"step\":\"installPlugin\",\"pluginData\":{\"resource\":\"wordpress.org/plugins\",\"slug\":\"burstpay-woocommerce\"},\"options\":{\"activate\":true}}) : Could not download \"https://downloads.wordpress.org/plugin/burstpay-woocommerce.latest-stable.zip\".\n  \t\t\t\tCheck if the URL is correct and the server is reachable.\n  \t\t\t\tIf it is reachable, the server might be blocking the request.\n  \t\t\t\tCheck the browser console and network tabs for more information.\n  \n  \t\t\t\t## Does the console show the error \"No 'Access-Control-Allow-Origin' header\"?\n  \n  \t\t\t\tThis means the server that hosts your file does not allow requests from other sites\n  \t\t\t\t(cross-origin requests, or CORS).\tYou need to move the asset to a server that allows\n  \t\t\t\tcross-origin file downloads. Learn more about CORS at\n  \t\t\t\thttps://developer.mozilla.org/en-US/docs/Web/HTTP/CORS.\n  \n  \t\t\t\tIf your file is on GitHub, load it from \"raw.githubusercontent.com\".\n  \t\t\t\tHere's how to do that:\n  \n  \t\t\t\t1. Start with the original GitHub URL of the file. For example:\n  \t\t\t\thttps://github.com/username/repository/blob/branch/filename.\n  \t\t\t\t2. Replace \"github.com\" with \"raw.githubusercontent.com\".\n  \t\t\t\t3. Remove the \"/blob/\" part of the URL.\n  \n  \t\t\t\tThe resulting URL should look like this:\n  \t\t\t\thttps://raw.githubusercontent.com/username/repository/branch/filename\n  \n  \t\t\t\tError:\n  \t\t\t\tError: Could not download \"https://downloads.wordpress.org/plugin/burstpay-woocommerce.latest-stable.zip\"\n      at Object.run (file:///home/runner/work/playground-tester/playground-tester/node_modules/@wp-playground/blueprints/index.js:12449:19)\n      at process.processTicksAndRejections (node:internal/process/task_queues:105:5)\n      at async ms (file:///home/runner/work/playground-tester/playground-tester/node_modules/@wp-playground/blueprints/index.js:12552:3)\n      at async Object.onBind (file:///home/runner/work/playground-tester/playground-tester/node_modules/@wp-playground/cli/index.js:227:48)\n      at async V (file:///home/runner/work/playground-tester/playground-tester/node_modules/@wp-playground/cli/index.js:64:10)\n      at async ja (file:///home/runner/work/playground-tester/playground-tester/node_modules/@wp-playground/cli/cli.js:8161:12) {\n    [cause]: Error: Could not download \"https://downloads.wordpress.org/plugin/burstpay-woocommerce.latest-stable.zip\".\n    \t\t\t\tCheck if the URL is correct and the server is reachable.\n    \t\t\t\tIf it is reachable, the server might be blocking the request.\n    \t\t\t\tCheck the browser console and network tabs for more information.\n    \n    \t\t\t\t## Does the console show the error \"No 'Access-Control-Allow-Origin' header\"?\n    \n    \t\t\t\tThis means the server that hosts your file does not allow requests from other sites\n    \t\t\t\t(cross-origin requests, or CORS).\tYou need to move the asset to a server that allows\n    \t\t\t\tcross-origin file downloads. Learn more about CORS at\n    \t\t\t\thttps://developer.mozilla.org/en-US/docs/Web/HTTP/CORS.\n    \n    \t\t\t\tIf your file is on GitHub, load it from \"raw.githubusercontent.com\".\n    \t\t\t\tHere's how to do that:\n    \n    \t\t\t\t1. Start with the original GitHub URL of the file. For example:\n    \t\t\t\thttps://github.com/username/repository/blob/branch/filename.\n    \t\t\t\t2. Replace \"github.com\" with \"raw.githubusercontent.com\".\n    \t\t\t\t3. Remove the \"/blob/\" part of the URL.\n    \n    \t\t\t\tThe resulting URL should look like this:\n    \t\t\t\thttps://raw.githubusercontent.com/username/repository/branch/filename\n    \n    \t\t\t\tError:\n    \t\t\t\tError: Could not download \"https://downloads.wordpress.org/plugin/burstpay-woocommerce.latest-stable.zip\"\n        at Ct.resolve (file:///home/runner/work/playground-tester/playground-tester/node_modules/@wp-playground/blueprints/index.js:1472:13)\n        at process.processTicksAndRejections (node:internal/process/task_queues:105:5)\n        at async _.run (file:///home/runner/work/playground-tester/playground-tester/node_modules/@php-wasm/util/index.js:45:14)\n  }\n}\n\n",
    "log": "/logs/plugins/b/burstpay-woocommerce/error.json"
  },
  {
    "message": "file:///home/runner/work/playground-tester/playground-tester/node_modules/@wp-playground/cli/index.js:237\n        throw new Error(y, { cause: u });\n              ^\n",
    "level": "FATAL",
    "type": "PLAYGROUND",
    "test": "jspi-boot",
    "plugin": "burstpay-woocommerce",
    "details": "file:///home/runner/work/playground-tester/playground-tester/node_modules/@wp-playground/cli/index.js:237\n        throw new Error(y, { cause: u });\n              ^\n",
    "log": "/tmp/tmp.JFIbwvZuES"
  },
  {
    "message": "Function _load_textdomain_just_in_time was called <strong>incorrectly</strong>. Translation loading for the <code>woocommerce</code> domain was triggered too early. This is usually an indicator for some code in the plugin or theme running too early. Translations should be loaded at the <code>init</code> action or later. Please see <a href=\"https://developer.wordpress.org/advanced-administration/debug/debug-wordpress/\">Debugging in WordPress</a> for more information. (This message was added in version 6.7.0.) in /wordpress/wp-includes/functions.php on line 6121",
    "level": "NOTICE",
    "type": "PHP",
    "test": "jspi-boot",
    "plugin": "burstpay-woocommerce",
    "details": "[07-May-2025 16:59:25 UTC] PHP Notice:  Function _load_textdomain_just_in_time was called <strong>incorrectly</strong>. Translation loading for the <code>woocommerce</code> domain was triggered too early. This is usually an indicator for some code in the plugin or theme running too early. Translations should be loaded at the <code>init</code> action or later. Please see <a href=\"https://developer.wordpress.org/advanced-administration/debug/debug-wordpress/\">Debugging in WordPress</a> for more information. (This message was added in version 6.7.0.) in /wordpress/wp-includes/functions.php on line 6121",
    "log": "/logs/plugins/b/burstpay-woocommerce/error.json"
  },
  {
    "message": "Function _load_textdomain_just_in_time was called <strong>incorrectly</strong>. Translation loading for the <code>woocommerce</code> domain was triggered too early. This is usually an indicator for some code in the plugin or theme running too early. Translations should be loaded at the <code>init</code> action or later. Please see <a href=\"https://developer.wordpress.org/advanced-administration/debug/debug-wordpress/\">Debugging in WordPress</a> for more information. (This message was added in version 6.7.0.) in /wordpress/wp-includes/functions.php on line 6121",
    "level": "NOTICE",
    "type": "PHP",
    "test": "jspi-boot",
    "plugin": "burstpay-woocommerce",
    "details": "[07-May-2025 17:00:06 UTC] PHP Notice:  Function _load_textdomain_just_in_time was called <strong>incorrectly</strong>. Translation loading for the <code>woocommerce</code> domain was triggered too early. This is usually an indicator for some code in the plugin or theme running too early. Translations should be loaded at the <code>init</code> action or later. Please see <a href=\"https://developer.wordpress.org/advanced-administration/debug/debug-wordpress/\">Debugging in WordPress</a> for more information. (This message was added in version 6.7.0.) in /wordpress/wp-includes/functions.php on line 6121",
    "log": "/logs/plugins/b/burstpay-woocommerce/error.json"
  },
  {
    "message": "Cannot combine AUTOINCREMENT and multiple primary keys in SQLite.",
    "level": "FATAL",
    "type": "SQL",
    "test": "jspi-boot",
    "plugin": "burstpay-woocommerce",
    "details": "[07-May-2025 17:00:11 UTC] WordPress database error <div style=\"clear:both\">&nbsp;</div>\n<div class=\"queries\" style=\"clear:both;margin-bottom:2px;border:red dotted thin;\">\n<p>MySQL query:</p>\n<p>CREATE TABLE wp_bt_ipay_payments (\n\t\t\t    `id` INT NOT NULL AUTO_INCREMENT ,\n\t\t\t\t`order_id` BIGINT NOT NULL ,\n\t\t\t\t`ipay_id` VARCHAR(255) NOT NULL ,\n\t\t\t\t`amount` DECIMAL(15,2) NOT NULL,\n\t\t\t\t`status` VARCHAR(255) NOT NULL ,\n\t\t\t\t`loy_id` VARCHAR(255) DEFAULT NULL,\n\t\t\t\t`loy_amount` DECIMAL(15,2) NOT NULL,\n\t\t\t\t`loy_status` VARCHAR(255) NOT NULL ,\n\t\t\t\t`data` TEXT DEFAULT NULL ,\n\t\t\t\t`created_at` TIMESTAMP NOT NULL ,\n\t\t\t\tPRIMARY KEY `id` (`id`),\n\t\t\t\tINDEX `order_id` (`order_id`),\n\t\t\t\tINDEX `loy_id` (`loy_id`),\n\t\t\t\tUNIQUE KEY `ipay_id` (`ipay_id`)\n\t\t) DEFAULT CHARACTER SET utf8mb4</p>\n<p>Queries made or created this session were:</p>\n<ol>\n<li>Executing: BEGIN | (no parameters)</li>\n<li>Executing: ROLLBACK | (no parameters)</li>\n</ol>\n</div>\n<div style=\"clear:both;margin-bottom:2px;border:red dotted thin;\" class=\"error_message\" style=\"border-bottom:dotted blue thin;\">\nError occurred at line 4117 in Function <code>handle_error</code>. Error message was: Cannot combine AUTOINCREMENT and multiple primary keys in SQLite.\n</div>\n<p>Backtrace:</p>\n<pre>#0 /internal/shared/sqlite-database-integration/wp-includes/sqlite/class-wp-sqlite-db.php(287): WP_SQLite_Translator->get_error_message()\n#1 /wordpress/wp-admin/includes/upgrade.php(3280): WP_SQLite_DB->query('CREATE TABLE wp...')\n#2 /wordpress/wp-content/plugins/bt-ipay-payments/includes/class-bt-ipay-activator.php(71): dbDelta(Array)\n#3 /wordpress/wp-content/plugins/bt-ipay-payments/includes/class-bt-ipay-activator.php(42): Bt_Ipay_Activator::create_payment_state_table()\n#4 /wordpress/wp-content/plugins/bt-ipay-payments/bt-ipay-payments.php(53): Bt_Ipay_Activator::activate()\n#5 /wordpress/wp-includes/class-wp-hook.php(324): bt_ipay_activate(false)\n#6 /wordpress/wp-includes/class-wp-hook.php(348): WP_Hook->apply_filters('', Array)\n#7 /wordpress/wp-includes/plugin.php(517): WP_Hook->do_action(Array)\n#8 /wordpress/wp-admin/includes/plugin.php(703): do_action('activate_bt-ipa...', false)\n#9 /internal/eval.php(20): activate_plugin('bt-ipay-payment...')\n#10 {main}</pre>\n for query CREATE TABLE wp_bt_ipay_payments (\n\t\t\t    `id` INT NOT NULL AUTO_INCREMENT ,\n\t\t\t\t`order_id` BIGINT NOT NULL ,\n\t\t\t\t`ipay_id` VARCHAR(255) NOT NULL ,\n\t\t\t\t`amount` DECIMAL(15,2) NOT NULL,\n\t\t\t\t`status` VARCHAR(255) NOT NULL ,\n\t\t\t\t`loy_id` VARCHAR(255) DEFAULT NULL,\n\t\t\t\t`loy_amount` DECIMAL(15,2) NOT NULL,\n\t\t\t\t`loy_status` VARCHAR(255) NOT NULL ,\n\t\t\t\t`data` TEXT DEFAULT NULL ,\n\t\t\t\t`created_at` TIMESTAMP NOT NULL ,\n\t\t\t\tPRIMARY KEY `id` (`id`),\n\t\t\t\tINDEX `order_id` (`order_id`),\n\t\t\t\tINDEX `loy_id` (`loy_id`),\n\t\t\t\tUNIQUE KEY `ipay_id` (`ipay_id`)\n\t\t) DEFAULT CHARACTER SET utf8mb4 made by activate_plugin, do_action('activate_bt-ipay-payments/bt-ipay-payments.php'), WP_Hook->do_action, WP_Hook->apply_filters, bt_ipay_activate, Bt_Ipay_Activator::activate, Bt_Ipay_Activator::create_payment_state_table, dbDelta, WP_SQLite_DB->query, WP_SQLite_DB->print_error",
    "log": "/logs/plugins/b/burstpay-woocommerce/error.json"
  },
  {
    "message": "Function _load_textdomain_just_in_time was called <strong>incorrectly</strong>. Translation loading for the <code>woocommerce</code> domain was triggered too early. This is usually an indicator for some code in the plugin or theme running too early. Translations should be loaded at the <code>init</code> action or later. Please see <a href=\"https://developer.wordpress.org/advanced-administration/debug/debug-wordpress/\">Debugging in WordPress</a> for more information. (This message was added in version 6.7.0.) in /wordpress/wp-includes/functions.php on line 6121",
    "level": "NOTICE",
    "type": "PHP",
    "test": "jspi-boot",
    "plugin": "burstpay-woocommerce",
    "details": "[07-May-2025 17:00:46 UTC] PHP Notice:  Function _load_textdomain_just_in_time was called <strong>incorrectly</strong>. Translation loading for the <code>woocommerce</code> domain was triggered too early. This is usually an indicator for some code in the plugin or theme running too early. Translations should be loaded at the <code>init</code> action or later. Please see <a href=\"https://developer.wordpress.org/advanced-administration/debug/debug-wordpress/\">Debugging in WordPress</a> for more information. (This message was added in version 6.7.0.) in /wordpress/wp-includes/functions.php on line 6121",
    "log": "/logs/plugins/b/burstpay-woocommerce/error.json"
  },
  {
    "message": "Cannot combine AUTOINCREMENT and multiple primary keys in SQLite.",
    "level": "FATAL",
    "type": "SQL",
    "test": "jspi-boot",
    "plugin": "burstpay-woocommerce",
    "details": "[07-May-2025 17:00:50 UTC] WordPress database error <div style=\"clear:both\">&nbsp;</div>\n<div class=\"queries\" style=\"clear:both;margin-bottom:2px;border:red dotted thin;\">\n<p>MySQL query:</p>\n<p>CREATE TABLE wp_bt_ipay_payments (\n\t\t\t    `id` INT NOT NULL AUTO_INCREMENT ,\n\t\t\t\t`order_id` BIGINT NOT NULL ,\n\t\t\t\t`ipay_id` VARCHAR(255) NOT NULL ,\n\t\t\t\t`amount` DECIMAL(15,2) NOT NULL,\n\t\t\t\t`status` VARCHAR(255) NOT NULL ,\n\t\t\t\t`loy_id` VARCHAR(255) DEFAULT NULL,\n\t\t\t\t`loy_amount` DECIMAL(15,2) NOT NULL,\n\t\t\t\t`loy_status` VARCHAR(255) NOT NULL ,\n\t\t\t\t`data` TEXT DEFAULT NULL ,\n\t\t\t\t`created_at` TIMESTAMP NOT NULL ,\n\t\t\t\tPRIMARY KEY `id` (`id`),\n\t\t\t\tINDEX `order_id` (`order_id`),\n\t\t\t\tINDEX `loy_id` (`loy_id`),\n\t\t\t\tUNIQUE KEY `ipay_id` (`ipay_id`)\n\t\t) DEFAULT CHARACTER SET utf8mb4</p>\n<p>Queries made or created this session were:</p>\n<ol>\n<li>Executing: BEGIN | (no parameters)</li>\n<li>Executing: ROLLBACK | (no parameters)</li>\n</ol>\n</div>\n<div style=\"clear:both;margin-bottom:2px;border:red dotted thin;\" class=\"error_message\" style=\"border-bottom:dotted blue thin;\">\nError occurred at line 4117 in Function <code>handle_error</code>. Error message was: Cannot combine AUTOINCREMENT and multiple primary keys in SQLite.\n</div>\n<p>Backtrace:</p>\n<pre>#0 /internal/shared/sqlite-database-integration/wp-includes/sqlite/class-wp-sqlite-db.php(287): WP_SQLite_Translator->get_error_message()\n#1 /wordpress/wp-admin/includes/upgrade.php(3280): WP_SQLite_DB->query('CREATE TABLE wp...')\n#2 /wordpress/wp-content/plugins/bt-ipay-payments/includes/class-bt-ipay-activator.php(71): dbDelta(Array)\n#3 /wordpress/wp-content/plugins/bt-ipay-payments/includes/class-bt-ipay-activator.php(42): Bt_Ipay_Activator::create_payment_state_table()\n#4 /wordpress/wp-content/plugins/bt-ipay-payments/bt-ipay-payments.php(53): Bt_Ipay_Activator::activate()\n#5 /wordpress/wp-includes/class-wp-hook.php(324): bt_ipay_activate(false)\n#6 /wordpress/wp-includes/class-wp-hook.php(348): WP_Hook->apply_filters('', Array)\n#7 /wordpress/wp-includes/plugin.php(517): WP_Hook->do_action(Array)\n#8 /wordpress/wp-admin/includes/plugin.php(703): do_action('activate_bt-ipa...', false)\n#9 /internal/eval.php(20): activate_plugin('bt-ipay-payment...')\n#10 {main}</pre>\n for query CREATE TABLE wp_bt_ipay_payments (\n\t\t\t    `id` INT NOT NULL AUTO_INCREMENT ,\n\t\t\t\t`order_id` BIGINT NOT NULL ,\n\t\t\t\t`ipay_id` VARCHAR(255) NOT NULL ,\n\t\t\t\t`amount` DECIMAL(15,2) NOT NULL,\n\t\t\t\t`status` VARCHAR(255) NOT NULL ,\n\t\t\t\t`loy_id` VARCHAR(255) DEFAULT NULL,\n\t\t\t\t`loy_amount` DECIMAL(15,2) NOT NULL,\n\t\t\t\t`loy_status` VARCHAR(255) NOT NULL ,\n\t\t\t\t`data` TEXT DEFAULT NULL ,\n\t\t\t\t`created_at` TIMESTAMP NOT NULL ,\n\t\t\t\tPRIMARY KEY `id` (`id`),\n\t\t\t\tINDEX `order_id` (`order_id`),\n\t\t\t\tINDEX `loy_id` (`loy_id`),\n\t\t\t\tUNIQUE KEY `ipay_id` (`ipay_id`)\n\t\t) DEFAULT CHARACTER SET utf8mb4 made by activate_plugin, do_action('activate_bt-ipay-payments/bt-ipay-payments.php'), WP_Hook->do_action, WP_Hook->apply_filters, bt_ipay_activate, Bt_Ipay_Activator::activate, Bt_Ipay_Activator::create_payment_state_table, dbDelta, WP_SQLite_DB->query, WP_SQLite_DB->print_error",
    "log": "/logs/plugins/b/burstpay-woocommerce/error.json"
  },
  {
    "message": "Declaration of Featured_Widget::widget($args) must be compatible with WP_Widget::widget($args, $instance) in /wordpress/wp-content/plugins/before-its-news-featured-stories/bin-featured-widget.php on line 34",
    "level": "FATAL",
    "type": "PHP",
    "test": "jspi-boot",
    "plugin": "burstpay-woocommerce",
    "details": "[07-May-2025 17:01:21 UTC] PHP Fatal error:  Declaration of Featured_Widget::widget($args) must be compatible with WP_Widget::widget($args, $instance) in /wordpress/wp-content/plugins/before-its-news-featured-stories/bin-featured-widget.php on line 34",
    "log": "/logs/plugins/b/burstpay-woocommerce/error.json"
  },
  {
    "message": "Declaration of Featured_Widget::widget($args) must be compatible with WP_Widget::widget($args, $instance) in /wordpress/wp-content/plugins/before-its-news-featured-stories/bin-featured-widget.php on line 34",
    "level": "FATAL",
    "type": "PHP",
    "test": "jspi-boot",
    "plugin": "burstpay-woocommerce",
    "details": "[07-May-2025 17:01:29 UTC] PHP Fatal error:  Declaration of Featured_Widget::widget($args) must be compatible with WP_Widget::widget($args, $instance) in /wordpress/wp-content/plugins/before-its-news-featured-stories/bin-featured-widget.php on line 34",
    "log": "/logs/plugins/b/burstpay-woocommerce/error.json"
  },
  {
    "message": "Declaration of Featured_Widget::widget($args) must be compatible with WP_Widget::widget($args, $instance) in /wordpress/wp-content/plugins/before-its-news-featured-stories/bin-featured-widget.php on line 34",
    "level": "FATAL",
    "type": "PHP",
    "test": "jspi-boot",
    "plugin": "burstpay-woocommerce",
    "details": "[07-May-2025 17:01:37 UTC] PHP Fatal error:  Declaration of Featured_Widget::widget($args) must be compatible with WP_Widget::widget($args, $instance) in /wordpress/wp-content/plugins/before-its-news-featured-stories/bin-featured-widget.php on line 34",
    "log": "/logs/plugins/b/burstpay-woocommerce/error.json"
  },
  {
    "message": "Use of undefined constant STDERR - assumed 'STDERR' (this will throw an Error in a future version of PHP) in /wordpress/wp-content/plugins/bigbuy-wc-dropshipping-connector/vendor/composer/platform_check.php on line 17",
    "level": "WARNING",
    "type": "PHP",
    "test": "jspi-boot",
    "plugin": "burstpay-woocommerce",
    "details": "[07-May-2025 17:02:42 UTC] PHP Warning:  Use of undefined constant STDERR - assumed 'STDERR' (this will throw an Error in a future version of PHP) in /wordpress/wp-content/plugins/bigbuy-wc-dropshipping-connector/vendor/composer/platform_check.php on line 17",
    "log": "/logs/plugins/b/burstpay-woocommerce/error.json"
  },
  {
    "message": "fwrite() expects parameter 1 to be resource, string given in /wordpress/wp-content/plugins/bigbuy-wc-dropshipping-connector/vendor/composer/platform_check.php on line 17",
    "level": "WARNING",
    "type": "PHP",
    "test": "jspi-boot",
    "plugin": "burstpay-woocommerce",
    "details": "[07-May-2025 17:02:42 UTC] PHP Warning:  fwrite() expects parameter 1 to be resource, string given in /wordpress/wp-content/plugins/bigbuy-wc-dropshipping-connector/vendor/composer/platform_check.php on line 17",
    "log": "/logs/plugins/b/burstpay-woocommerce/error.json"
  },
  {
    "message": "Composer detected issues in your platform: Your Composer dependencies require a PHP version \">= 7.4.0\". You are running 7.2.34-dev. in /wordpress/wp-content/plugins/bigbuy-wc-dropshipping-connector/vendor/composer/platform_check.php on line 24",
    "level": "FATAL",
    "type": "PHP",
    "test": "jspi-boot",
    "plugin": "burstpay-woocommerce",
    "details": "[07-May-2025 17:02:42 UTC] PHP Fatal error:  Composer detected issues in your platform: Your Composer dependencies require a PHP version \">= 7.4.0\". You are running 7.2.34-dev. in /wordpress/wp-content/plugins/bigbuy-wc-dropshipping-connector/vendor/composer/platform_check.php on line 24",
    "log": "/logs/plugins/b/burstpay-woocommerce/error.json"
  },
  {
    "message": "Use of undefined constant STDERR - assumed 'STDERR' (this will throw an Error in a future version of PHP) in /wordpress/wp-content/plugins/bigbuy-wc-dropshipping-connector/vendor/composer/platform_check.php on line 17",
    "level": "WARNING",
    "type": "PHP",
    "test": "jspi-boot",
    "plugin": "burstpay-woocommerce",
    "details": "[07-May-2025 17:02:51 UTC] PHP Warning:  Use of undefined constant STDERR - assumed 'STDERR' (this will throw an Error in a future version of PHP) in /wordpress/wp-content/plugins/bigbuy-wc-dropshipping-connector/vendor/composer/platform_check.php on line 17",
    "log": "/logs/plugins/b/burstpay-woocommerce/error.json"
  },
  {
    "message": "fwrite() expects parameter 1 to be resource, string given in /wordpress/wp-content/plugins/bigbuy-wc-dropshipping-connector/vendor/composer/platform_check.php on line 17",
    "level": "WARNING",
    "type": "PHP",
    "test": "jspi-boot",
    "plugin": "burstpay-woocommerce",
    "details": "[07-May-2025 17:02:51 UTC] PHP Warning:  fwrite() expects parameter 1 to be resource, string given in /wordpress/wp-content/plugins/bigbuy-wc-dropshipping-connector/vendor/composer/platform_check.php on line 17",
    "log": "/logs/plugins/b/burstpay-woocommerce/error.json"
  },
  {
    "message": "Composer detected issues in your platform: Your Composer dependencies require a PHP version \">= 7.4.0\". You are running 7.2.34-dev. in /wordpress/wp-content/plugins/bigbuy-wc-dropshipping-connector/vendor/composer/platform_check.php on line 24",
    "level": "FATAL",
    "type": "PHP",
    "test": "jspi-boot",
    "plugin": "burstpay-woocommerce",
    "details": "[07-May-2025 17:02:51 UTC] PHP Fatal error:  Composer detected issues in your platform: Your Composer dependencies require a PHP version \">= 7.4.0\". You are running 7.2.34-dev. in /wordpress/wp-content/plugins/bigbuy-wc-dropshipping-connector/vendor/composer/platform_check.php on line 24",
    "log": "/logs/plugins/b/burstpay-woocommerce/error.json"
  },
  {
    "message": "Use of undefined constant STDERR - assumed 'STDERR' (this will throw an Error in a future version of PHP) in /wordpress/wp-content/plugins/bigbuy-wc-dropshipping-connector/vendor/composer/platform_check.php on line 17",
    "level": "WARNING",
    "type": "PHP",
    "test": "jspi-boot",
    "plugin": "burstpay-woocommerce",
    "details": "[07-May-2025 17:03:00 UTC] PHP Warning:  Use of undefined constant STDERR - assumed 'STDERR' (this will throw an Error in a future version of PHP) in /wordpress/wp-content/plugins/bigbuy-wc-dropshipping-connector/vendor/composer/platform_check.php on line 17",
    "log": "/logs/plugins/b/burstpay-woocommerce/error.json"
  },
  {
    "message": "fwrite() expects parameter 1 to be resource, string given in /wordpress/wp-content/plugins/bigbuy-wc-dropshipping-connector/vendor/composer/platform_check.php on line 17",
    "level": "WARNING",
    "type": "PHP",
    "test": "jspi-boot",
    "plugin": "burstpay-woocommerce",
    "details": "[07-May-2025 17:03:00 UTC] PHP Warning:  fwrite() expects parameter 1 to be resource, string given in /wordpress/wp-content/plugins/bigbuy-wc-dropshipping-connector/vendor/composer/platform_check.php on line 17",
    "log": "/logs/plugins/b/burstpay-woocommerce/error.json"
  },
  {
    "message": "Composer detected issues in your platform: Your Composer dependencies require a PHP version \">= 7.4.0\". You are running 7.2.34-dev. in /wordpress/wp-content/plugins/bigbuy-wc-dropshipping-connector/vendor/composer/platform_check.php on line 24",
    "level": "FATAL",
    "type": "PHP",
    "test": "jspi-boot",
    "plugin": "burstpay-woocommerce",
    "details": "[07-May-2025 17:03:00 UTC] PHP Fatal error:  Composer detected issues in your platform: Your Composer dependencies require a PHP version \">= 7.4.0\". You are running 7.2.34-dev. in /wordpress/wp-content/plugins/bigbuy-wc-dropshipping-connector/vendor/composer/platform_check.php on line 24",
    "log": "/logs/plugins/b/burstpay-woocommerce/error.json"
  },
  {
    "message": "Uncaught RuntimeException: <div style=\"clear:both\">&nbsp;</div>",
    "level": "FATAL",
    "type": "PHP",
    "test": "jspi-boot",
    "plugin": "burstpay-woocommerce",
    "details": "[07-May-2025 17:03:12 UTC] PHP Fatal error:  Uncaught RuntimeException: <div style=\"clear:both\">&nbsp;</div>\n<div class=\"queries\" style=\"clear:both;margin-bottom:2px;border:red dotted thin;\">\n<p>MySQL query:</p>\n<p>CREATE TABLE IF NOT EXISTS wp_bit_social_accounts (\n             id BIGINT  UNSIGNED NOT NULL AUTO_INCREMENT\n, custom_app_id BIGINT(20) UNSIGNED NULL\n, profile_id VARCHAR(255) NOT NULL\n, account_id VARCHAR(255) NOT NULL\n, account_name VARCHAR(255) NOT NULL\n, details LONGTEXT  NOT NULL\n, platform VARCHAR(255) NOT NULL\n, account_type INTEGER  NOT NULL\n, status BOOLEAN  NOT NULL DEFAULT 1\n, created_at timestamp  NULL DEFAULT NULL\n, updated_at timestamp  NULL DEFAULT NULL,\nPRIMARY KEY (\nid\n), FOREIGN KEY (custom_app_id) REFERENCES wp_bit_social_custom_apps (id) ON DELETE CASCADE\n             ) </p>\n<p>Queries made or created this session were:</p>\n<ol>\n<li>Executing: BEGIN | (no parameters)</li>\n<li>Executing: SELECT 1 FROM `_wp_sqlite_mysql_information_schema_tables` WHERE table_schema = ? AND table_name = ? | parameters: database_name_here, wp_ in /wordpress/wp-content/plugins/bit-social/vendor/bitapps/wp-database/src/Blueprint.php on line 176",
    "log": "/logs/plugins/b/burstpay-woocommerce/error.json"
  },
  {
    "message": "Uncaught RuntimeException: <div style=\"clear:both\">&nbsp;</div>",
    "level": "FATAL",
    "type": "PHP",
    "test": "jspi-boot",
    "plugin": "burstpay-woocommerce",
    "details": "[07-May-2025 17:03:23 UTC] PHP Fatal error:  Uncaught RuntimeException: <div style=\"clear:both\">&nbsp;</div>\n<div class=\"queries\" style=\"clear:both;margin-bottom:2px;border:red dotted thin;\">\n<p>MySQL query:</p>\n<p>CREATE TABLE IF NOT EXISTS wp_bit_social_accounts (\n             id BIGINT  UNSIGNED NOT NULL AUTO_INCREMENT\n, custom_app_id BIGINT(20) UNSIGNED NULL\n, profile_id VARCHAR(255) NOT NULL\n, account_id VARCHAR(255) NOT NULL\n, account_name VARCHAR(255) NOT NULL\n, details LONGTEXT  NOT NULL\n, platform VARCHAR(255) NOT NULL\n, account_type INTEGER  NOT NULL\n, status BOOLEAN  NOT NULL DEFAULT 1\n, created_at timestamp  NULL DEFAULT NULL\n, updated_at timestamp  NULL DEFAULT NULL,\nPRIMARY KEY (\nid\n), FOREIGN KEY (custom_app_id) REFERENCES wp_bit_social_custom_apps (id) ON DELETE CASCADE\n             ) </p>\n<p>Queries made or created this session were:</p>\n<ol>\n<li>Executing: BEGIN | (no parameters)</li>\n<li>Executing: INSERT INTO _mysql_data_types_cache (`table`, `column_or_index`, `mysql_type`)\n\t\t\t\tVALUES (:table, :column, :datatype)\n\t\t\t\tON CONFLICT(`ta in /wordpress/wp-content/plugins/bit-social/vendor/bitapps/wp-database/src/Blueprint.php on line 176",
    "log": "/logs/plugins/b/burstpay-woocommerce/error.json"
  },
  {
    "message": "Uncaught RuntimeException: <div style=\"clear:both\">&nbsp;</div>",
    "level": "FATAL",
    "type": "PHP",
    "test": "jspi-boot",
    "plugin": "burstpay-woocommerce",
    "details": "[07-May-2025 17:03:34 UTC] PHP Fatal error:  Uncaught RuntimeException: <div style=\"clear:both\">&nbsp;</div>\n<div class=\"queries\" style=\"clear:both;margin-bottom:2px;border:red dotted thin;\">\n<p>MySQL query:</p>\n<p>CREATE TABLE IF NOT EXISTS wp_bit_social_accounts (\n             id BIGINT  UNSIGNED NOT NULL AUTO_INCREMENT\n, custom_app_id BIGINT(20) UNSIGNED NULL\n, profile_id VARCHAR(255) NOT NULL\n, account_id VARCHAR(255) NOT NULL\n, account_name VARCHAR(255) NOT NULL\n, details LONGTEXT  NOT NULL\n, platform VARCHAR(255) NOT NULL\n, account_type INTEGER  NOT NULL\n, status BOOLEAN  NOT NULL DEFAULT 1\n, created_at timestamp  NULL DEFAULT NULL\n, updated_at timestamp  NULL DEFAULT NULL,\nPRIMARY KEY (\nid\n), FOREIGN KEY (custom_app_id) REFERENCES wp_bit_social_custom_apps (id) ON DELETE CASCADE\n             ) </p>\n<p>Queries made or created this session were:</p>\n<ol>\n<li>Executing: BEGIN | (no parameters)</li>\n<li>Executing: INSERT INTO _mysql_data_types_cache (`table`, `column_or_index`, `mysql_type`)\n\t\t\t\tVALUES (:table, :column, :datatype)\n\t\t\t\tON CONFLICT(`ta in /wordpress/wp-content/plugins/bit-social/vendor/bitapps/wp-database/src/Blueprint.php on line 176\n\n    at Object.onBind (file:///home/runner/work/playground-tester/playground-tester/node_modules/@wp-playground/cli/index.js:237:15)\n    at process.processTicksAndRejections (node:internal/process/task_queues:105:5)\n    at async V (file:///home/runner/work/playground-tester/playground-tester/node_modules/@wp-playground/cli/index.js:64:10)\n    at async ja (file:///home/runner/work/playground-tester/playground-tester/node_modules/@wp-playground/cli/cli.js:8161:12) {\n  [cause]: Error: Error when executing the blueprint step #1 ({\"step\":\"installPlugin\",\"pluginData\":{\"resource\":\"wordpress.org/plugins\",\"slug\":\"burstpay-woocommerce\"},\"options\":{\"activate\":true}}) : Could not download \"https://downloads.wordpress.org/plugin/burstpay-woocommerce.latest-stable.zip\".\n  \t\t\t\tCheck if the URL is correct and the server is reachable.\n  \t\t\t\tIf it is reachable, the server might be blocking the request.\n  \t\t\t\tCheck the browser console and network tabs for more information.\n  \n  \t\t\t\t## Does the console show the error \"No 'Access-Control-Allow-Origin' header\"?\n  \n  \t\t\t\tThis means the server that hosts your file does not allow requests from other sites\n  \t\t\t\t(cross-origin requests, or CORS).\tYou need to move the asset to a server that allows\n  \t\t\t\tcross-origin file downloads. Learn more about CORS at\n  \t\t\t\thttps://developer.mozilla.org/en-US/docs/Web/HTTP/CORS.\n  \n  \t\t\t\tIf your file is on GitHub, load it from \"raw.githubusercontent.com\".\n  \t\t\t\tHere's how to do that:\n  \n  \t\t\t\t1. Start with the original GitHub URL of the file. For example:\n  \t\t\t\thttps://github.com/username/repository/blob/branch/filename.\n  \t\t\t\t2. Replace \"github.com\" with \"raw.githubusercontent.com\".\n  \t\t\t\t3. Remove the \"/blob/\" part of the URL.\n  \n  \t\t\t\tThe resulting URL should look like this:\n  \t\t\t\thttps://raw.githubusercontent.com/username/repository/branch/filename\n  \n  \t\t\t\tError:\n  \t\t\t\tError: Could not download \"https://downloads.wordpress.org/plugin/burstpay-woocommerce.latest-stable.zip\"\n      at Object.run (file:///home/runner/work/playground-tester/playground-tester/node_modules/@wp-playground/blueprints/index.js:12449:19)\n      at process.processTicksAndRejections (node:internal/process/task_queues:105:5)\n      at async ms (file:///home/runner/work/playground-tester/playground-tester/node_modules/@wp-playground/blueprints/index.js:12552:3)\n      at async Object.onBind (file:///home/runner/work/playground-tester/playground-tester/node_modules/@wp-playground/cli/index.js:227:48)\n      at async V (file:///home/runner/work/playground-tester/playground-tester/node_modules/@wp-playground/cli/index.js:64:10)\n      at async ja (file:///home/runner/work/playground-tester/playground-tester/node_modules/@wp-playground/cli/cli.js:8161:12) {\n    [cause]: Error: Could not download \"https://downloads.wordpress.org/plugin/burstpay-woocommerce.latest-stable.zip\".\n    \t\t\t\tCheck if the URL is correct and the server is reachable.\n    \t\t\t\tIf it is reachable, the server might be blocking the request.\n    \t\t\t\tCheck the browser console and network tabs for more information.\n    \n    \t\t\t\t## Does the console show the error \"No 'Access-Control-Allow-Origin' header\"?\n    \n    \t\t\t\tThis means the server that hosts your file does not allow requests from other sites\n    \t\t\t\t(cross-origin requests, or CORS).\tYou need to move the asset to a server that allows\n    \t\t\t\tcross-origin file downloads. Learn more about CORS at\n    \t\t\t\thttps://developer.mozilla.org/en-US/docs/Web/HTTP/CORS.\n    \n    \t\t\t\tIf your file is on GitHub, load it from \"raw.githubusercontent.com\".\n    \t\t\t\tHere's how to do that:\n    \n    \t\t\t\t1. Start with the original GitHub URL of the file. For example:\n    \t\t\t\thttps://github.com/username/repository/blob/branch/filename.\n    \t\t\t\t2. Replace \"github.com\" with \"raw.githubusercontent.com\".\n    \t\t\t\t3. Remove the \"/blob/\" part of the URL.\n    \n    \t\t\t\tThe resulting URL should look like this:\n    \t\t\t\thttps://raw.githubusercontent.com/username/repository/branch/filename\n    \n    \t\t\t\tError:\n    \t\t\t\tError: Could not download \"https://downloads.wordpress.org/plugin/burstpay-woocommerce.latest-stable.zip\"\n        at Ct.resolve (file:///home/runner/work/playground-tester/playground-tester/node_modules/@wp-playground/blueprints/index.js:1472:13)\n        at process.processTicksAndRejections (node:internal/process/task_queues:105:5)\n        at async _.run (file:///home/runner/work/playground-tester/playground-tester/node_modules/@php-wasm/util/index.js:45:14)\n  }\n}\n\n",
    "log": "/logs/plugins/b/burstpay-woocommerce/error.json"
  }
]
