[
  {
    "message": "file:///home/runner/work/playground-tester/playground-tester/node_modules/@wp-playground/cli/index.js:237\n        throw new Error(y, { cause: u });\n              ^\n",
    "level": "FATAL",
    "type": "PLAYGROUND",
    "test": "ast-sqlite-boot",
    "plugin": "all-in-one-event-calendar-fix",
    "details": "file:///home/runner/work/playground-tester/playground-tester/node_modules/@wp-playground/cli/index.js:237\n        throw new Error(y, { cause: u });\n              ^\n",
    "log": "/tmp/tmp.q3eA6vZQeV"
  },
  {
    "message": "Uncaught Error: Undefined constant \"AHOP_POST_NAME\" in /wordpress/wp-content/plugins/avirato-hotels-promotional-packs/Avirato_Hotels_Promotional_Packs.php:26",
    "level": "FATAL",
    "type": "PHP",
    "test": "ast-sqlite-boot",
    "plugin": "all-in-one-event-calendar-fix",
    "details": "[03-Jun-2025 04:11:34 UTC] PHP Fatal error:  Uncaught Error: Undefined constant \"AHOP_POST_NAME\" in /wordpress/wp-content/plugins/avirato-hotels-promotional-packs/Avirato_Hotels_Promotional_Packs.php:26\nStack trace:\n#0 /wordpress/wp-content/plugins/avirato-hotels-promotional-packs/Avirato_Hotels_Promotional_Packs.php(849): PostCreator('Paquetes Promoc...', 'page')\n#1 /wordpress/wp-admin/includes/plugin.php(2387): include_once('/wordpress/wp-c...')\n#2 /wordpress/wp-admin/includes/plugin.php(673): plugin_sandbox_scrape('avirato-hotels-...')\n#3 /internal/eval.php(20): activate_plugin('avirato-hotels-...')\n#4 {main}\n  thrown in /wordpress/wp-content/plugins/avirato-hotels-promotional-packs/Avirato_Hotels_Promotional_Packs.php on line 26",
    "log": "/logs/plugins/a/all-in-one-event-calendar-fix/error.json"
  },
  {
    "message": "Uncaught Error: Undefined constant \"AHOP_POST_NAME\" in /wordpress/wp-content/plugins/avirato-hotels-promotional-packs/Avirato_Hotels_Promotional_Packs.php:26",
    "level": "FATAL",
    "type": "PHP",
    "test": "ast-sqlite-boot",
    "plugin": "all-in-one-event-calendar-fix",
    "details": "[03-Jun-2025 04:11:42 UTC] PHP Fatal error:  Uncaught Error: Undefined constant \"AHOP_POST_NAME\" in /wordpress/wp-content/plugins/avirato-hotels-promotional-packs/Avirato_Hotels_Promotional_Packs.php:26\nStack trace:\n#0 /wordpress/wp-content/plugins/avirato-hotels-promotional-packs/Avirato_Hotels_Promotional_Packs.php(849): PostCreator('Paquetes Promoc...', 'page')\n#1 /wordpress/wp-admin/includes/plugin.php(2387): include_once('/wordpress/wp-c...')\n#2 /wordpress/wp-admin/includes/plugin.php(673): plugin_sandbox_scrape('avirato-hotels-...')\n#3 /internal/eval.php(20): activate_plugin('avirato-hotels-...')\n#4 {main}\n  thrown in /wordpress/wp-content/plugins/avirato-hotels-promotional-packs/Avirato_Hotels_Promotional_Packs.php on line 26",
    "log": "/logs/plugins/a/all-in-one-event-calendar-fix/error.json"
  },
  {
    "message": "Uncaught Error: Undefined constant \"AHOP_POST_NAME\" in /wordpress/wp-content/plugins/avirato-hotels-promotional-packs/Avirato_Hotels_Promotional_Packs.php:26",
    "level": "FATAL",
    "type": "PHP",
    "test": "ast-sqlite-boot",
    "plugin": "all-in-one-event-calendar-fix",
    "details": "[03-Jun-2025 04:11:49 UTC] PHP Fatal error:  Uncaught Error: Undefined constant \"AHOP_POST_NAME\" in /wordpress/wp-content/plugins/avirato-hotels-promotional-packs/Avirato_Hotels_Promotional_Packs.php:26\nStack trace:\n#0 /wordpress/wp-content/plugins/avirato-hotels-promotional-packs/Avirato_Hotels_Promotional_Packs.php(849): PostCreator('Paquetes Promoc...', 'page')\n#1 /wordpress/wp-admin/includes/plugin.php(2387): include_once('/wordpress/wp-c...')\n#2 /wordpress/wp-admin/includes/plugin.php(673): plugin_sandbox_scrape('avirato-hotels-...')\n#3 /internal/eval.php(20): activate_plugin('avirato-hotels-...')\n#4 {main}\n  thrown in /wordpress/wp-content/plugins/avirato-hotels-promotional-packs/Avirato_Hotels_Promotional_Packs.php on line 26",
    "log": "/logs/plugins/a/all-in-one-event-calendar-fix/error.json"
  },
  {
    "message": "file:///home/runner/work/playground-tester/playground-tester/node_modules/@wp-playground/cli/index.js:237\n        throw new Error(y, { cause: u });\n              ^\n",
    "level": "FATAL",
    "type": "PLAYGROUND",
    "test": "asyncify-boot",
    "plugin": "all-in-one-event-calendar-fix",
    "details": "file:///home/runner/work/playground-tester/playground-tester/node_modules/@wp-playground/cli/index.js:237\n        throw new Error(y, { cause: u });\n              ^\n",
    "log": "/tmp/tmp.wLP3Bios5V"
  },
  {
    "message": "Uncaught Error: Undefined constant \"AHOP_POST_NAME\" in /wordpress/wp-content/plugins/avirato-hotels-promotional-packs/Avirato_Hotels_Promotional_Packs.php:26",
    "level": "FATAL",
    "type": "PHP",
    "test": "asyncify-boot",
    "plugin": "all-in-one-event-calendar-fix",
    "details": "[03-Jun-2025 04:11:34 UTC] PHP Fatal error:  Uncaught Error: Undefined constant \"AHOP_POST_NAME\" in /wordpress/wp-content/plugins/avirato-hotels-promotional-packs/Avirato_Hotels_Promotional_Packs.php:26\nStack trace:\n#0 /wordpress/wp-content/plugins/avirato-hotels-promotional-packs/Avirato_Hotels_Promotional_Packs.php(849): PostCreator('Paquetes Promoc...', 'page')\n#1 /wordpress/wp-admin/includes/plugin.php(2387): include_once('/wordpress/wp-c...')\n#2 /wordpress/wp-admin/includes/plugin.php(673): plugin_sandbox_scrape('avirato-hotels-...')\n#3 /internal/eval.php(20): activate_plugin('avirato-hotels-...')\n#4 {main}\n  thrown in /wordpress/wp-content/plugins/avirato-hotels-promotional-packs/Avirato_Hotels_Promotional_Packs.php on line 26",
    "log": "/logs/plugins/a/all-in-one-event-calendar-fix/error.json"
  },
  {
    "message": "Uncaught Error: Undefined constant \"AHOP_POST_NAME\" in /wordpress/wp-content/plugins/avirato-hotels-promotional-packs/Avirato_Hotels_Promotional_Packs.php:26",
    "level": "FATAL",
    "type": "PHP",
    "test": "asyncify-boot",
    "plugin": "all-in-one-event-calendar-fix",
    "details": "[03-Jun-2025 04:11:42 UTC] PHP Fatal error:  Uncaught Error: Undefined constant \"AHOP_POST_NAME\" in /wordpress/wp-content/plugins/avirato-hotels-promotional-packs/Avirato_Hotels_Promotional_Packs.php:26\nStack trace:\n#0 /wordpress/wp-content/plugins/avirato-hotels-promotional-packs/Avirato_Hotels_Promotional_Packs.php(849): PostCreator('Paquetes Promoc...', 'page')\n#1 /wordpress/wp-admin/includes/plugin.php(2387): include_once('/wordpress/wp-c...')\n#2 /wordpress/wp-admin/includes/plugin.php(673): plugin_sandbox_scrape('avirato-hotels-...')\n#3 /internal/eval.php(20): activate_plugin('avirato-hotels-...')\n#4 {main}\n  thrown in /wordpress/wp-content/plugins/avirato-hotels-promotional-packs/Avirato_Hotels_Promotional_Packs.php on line 26",
    "log": "/logs/plugins/a/all-in-one-event-calendar-fix/error.json"
  },
  {
    "message": "Uncaught Error: Undefined constant \"AHOP_POST_NAME\" in /wordpress/wp-content/plugins/avirato-hotels-promotional-packs/Avirato_Hotels_Promotional_Packs.php:26",
    "level": "FATAL",
    "type": "PHP",
    "test": "asyncify-boot",
    "plugin": "all-in-one-event-calendar-fix",
    "details": "[03-Jun-2025 04:11:49 UTC] PHP Fatal error:  Uncaught Error: Undefined constant \"AHOP_POST_NAME\" in /wordpress/wp-content/plugins/avirato-hotels-promotional-packs/Avirato_Hotels_Promotional_Packs.php:26\nStack trace:\n#0 /wordpress/wp-content/plugins/avirato-hotels-promotional-packs/Avirato_Hotels_Promotional_Packs.php(849): PostCreator('Paquetes Promoc...', 'page')\n#1 /wordpress/wp-admin/includes/plugin.php(2387): include_once('/wordpress/wp-c...')\n#2 /wordpress/wp-admin/includes/plugin.php(673): plugin_sandbox_scrape('avirato-hotels-...')\n#3 /internal/eval.php(20): activate_plugin('avirato-hotels-...')\n#4 {main}\n  thrown in /wordpress/wp-content/plugins/avirato-hotels-promotional-packs/Avirato_Hotels_Promotional_Packs.php on line 26",
    "log": "/logs/plugins/a/all-in-one-event-calendar-fix/error.json"
  },
  {
    "message": "[03-Jun-2025 04:13:26 UTC] [affiliates][ERROR][42] There were errors during update (core) – this might only be a temporary issue, unless this message comes up permanently.",
    "level": "INFO",
    "type": "OTHER",
    "test": "asyncify-boot",
    "plugin": "all-in-one-event-calendar-fix",
    "details": "[03-Jun-2025 04:13:26 UTC] [affiliates][ERROR][42] There were errors during update (core) – this might only be a temporary issue, unless this message comes up permanently.",
    "log": "/logs/plugins/a/all-in-one-event-calendar-fix/error.json"
  },
  {
    "message": "SQLSTATE[HY000]: General error: 1 no such index: wp_aff_hits__aff_hits_dtd.",
    "level": "FATAL",
    "type": "SQL",
    "test": "asyncify-boot",
    "plugin": "all-in-one-event-calendar-fix",
    "details": "[03-Jun-2025 04:13:35 UTC] WordPress database error <div style=\"clear:both\">&nbsp;</div>\n<div class=\"queries\" style=\"clear:both;margin-bottom:2px;border:red dotted thin;\">\n<p>MySQL query:</p>\n<p>ALTER TABLE wp_aff_hits DROP INDEX aff_hits_dtd;</p>\n<p>Queries made or created this session were:</p>\n<ol>\n<li>Executing: BEGIN | (no parameters)</li>\n<li>Executing: DROP INDEX &quot;wp_aff_hits__aff_hits_dtd&quot;; | (no parameters)</li>\n<li>Executing: ROLLBACK | (no parameters)</li>\n</ol>\n</div>\n<div style=\"clear:both;margin-bottom:2px;border:red dotted thin;\" class=\"error_message\" style=\"border-bottom:dotted blue thin;\">\nError occurred at line 4117 in Function <code>handle_error</code>. Error message was: SQLSTATE[HY000]: General error: 1 no such index: wp_aff_hits__aff_hits_dtd.\n</div>\n<p>Backtrace:</p>\n<pre>#0 /internal/shared/sqlite-database-integration/wp-includes/sqlite/class-wp-sqlite-db.php(287): WP_SQLite_Translator->get_error_message()\n#1 /wordpress/wp-content/plugins/affiliates/lib/core/wp-init.php(751): WP_SQLite_DB->query('ALTER TABLE wp_...')\n#2 /wordpress/wp-content/plugins/affiliates/lib/core/wp-init.php(511): affiliates_update()\n#3 /wordpress/wp-content/plugins/affiliates/lib/core/wp-init.php(235): affiliates_setup()\n#4 /wordpress/wp-includes/class-wp-hook.php(324): affiliates_activate(false)\n#5 /wordpress/wp-includes/class-wp-hook.php(348): WP_Hook->apply_filters('', Array)\n#6 /wordpress/wp-includes/plugin.php(517): WP_Hook->do_action(Array)\n#7 /wordpress/wp-admin/includes/plugin.php(703): do_action('activate_affili...', false)\n#8 /internal/eval.php(20): activate_plugin('affiliates/affi...')\n#9 {main}</pre>\n for query ALTER TABLE wp_aff_hits DROP INDEX aff_hits_dtd; made by activate_plugin, do_action('activate_affiliates/affiliates.php'), WP_Hook->do_action, WP_Hook->apply_filters, affiliates_activate, affiliates_setup, affiliates_update, WP_SQLite_DB->query, WP_SQLite_DB->print_error",
    "log": "/logs/plugins/a/all-in-one-event-calendar-fix/error.json"
  },
  {
    "message": "SQLSTATE[HY000]: General error: 1 no such index: wp_aff_hits__aff_hits_ddt.",
    "level": "FATAL",
    "type": "SQL",
    "test": "asyncify-boot",
    "plugin": "all-in-one-event-calendar-fix",
    "details": "[03-Jun-2025 04:13:35 UTC] WordPress database error <div style=\"clear:both\">&nbsp;</div>\n<div class=\"queries\" style=\"clear:both;margin-bottom:2px;border:red dotted thin;\">\n<p>MySQL query:</p>\n<p>ALTER TABLE wp_aff_hits DROP INDEX aff_hits_ddt;</p>\n<p>Queries made or created this session were:</p>\n<ol>\n<li>Executing: BEGIN | (no parameters)</li>\n<li>Executing: DROP INDEX &quot;wp_aff_hits__aff_hits_ddt&quot;; | (no parameters)</li>\n<li>Executing: ROLLBACK | (no parameters)</li>\n</ol>\n</div>\n<div style=\"clear:both;margin-bottom:2px;border:red dotted thin;\" class=\"error_message\" style=\"border-bottom:dotted blue thin;\">\nError occurred at line 4117 in Function <code>handle_error</code>. Error message was: SQLSTATE[HY000]: General error: 1 no such index: wp_aff_hits__aff_hits_ddt.\n</div>\n<p>Backtrace:</p>\n<pre>#0 /internal/shared/sqlite-database-integration/wp-includes/sqlite/class-wp-sqlite-db.php(287): WP_SQLite_Translator->get_error_message()\n#1 /wordpress/wp-content/plugins/affiliates/lib/core/wp-init.php(751): WP_SQLite_DB->query('ALTER TABLE wp_...')\n#2 /wordpress/wp-content/plugins/affiliates/lib/core/wp-init.php(511): affiliates_update()\n#3 /wordpress/wp-content/plugins/affiliates/lib/core/wp-init.php(235): affiliates_setup()\n#4 /wordpress/wp-includes/class-wp-hook.php(324): affiliates_activate(false)\n#5 /wordpress/wp-includes/class-wp-hook.php(348): WP_Hook->apply_filters('', Array)\n#6 /wordpress/wp-includes/plugin.php(517): WP_Hook->do_action(Array)\n#7 /wordpress/wp-admin/includes/plugin.php(703): do_action('activate_affili...', false)\n#8 /internal/eval.php(20): activate_plugin('affiliates/affi...')\n#9 {main}</pre>\n for query ALTER TABLE wp_aff_hits DROP INDEX aff_hits_ddt; made by activate_plugin, do_action('activate_affiliates/affiliates.php'), WP_Hook->do_action, WP_Hook->apply_filters, affiliates_activate, affiliates_setup, affiliates_update, WP_SQLite_DB->query, WP_SQLite_DB->print_error",
    "log": "/logs/plugins/a/all-in-one-event-calendar-fix/error.json"
  },
  {
    "message": "SQLSTATE[HY000]: General error: 1 no such index: wp_aff_hits__aid_d_t_ip.",
    "level": "FATAL",
    "type": "SQL",
    "test": "asyncify-boot",
    "plugin": "all-in-one-event-calendar-fix",
    "details": "[03-Jun-2025 04:13:35 UTC] WordPress database error <div style=\"clear:both\">&nbsp;</div>\n<div class=\"queries\" style=\"clear:both;margin-bottom:2px;border:red dotted thin;\">\n<p>MySQL query:</p>\n<p>ALTER TABLE wp_aff_hits DROP INDEX aid_d_t_ip;</p>\n<p>Queries made or created this session were:</p>\n<ol>\n<li>Executing: BEGIN | (no parameters)</li>\n<li>Executing: DROP INDEX &quot;wp_aff_hits__aid_d_t_ip&quot;; | (no parameters)</li>\n<li>Executing: ROLLBACK | (no parameters)</li>\n</ol>\n</div>\n<div style=\"clear:both;margin-bottom:2px;border:red dotted thin;\" class=\"error_message\" style=\"border-bottom:dotted blue thin;\">\nError occurred at line 4117 in Function <code>handle_error</code>. Error message was: SQLSTATE[HY000]: General error: 1 no such index: wp_aff_hits__aid_d_t_ip.\n</div>\n<p>Backtrace:</p>\n<pre>#0 /internal/shared/sqlite-database-integration/wp-includes/sqlite/class-wp-sqlite-db.php(287): WP_SQLite_Translator->get_error_message()\n#1 /wordpress/wp-content/plugins/affiliates/lib/core/wp-init.php(751): WP_SQLite_DB->query('ALTER TABLE wp_...')\n#2 /wordpress/wp-content/plugins/affiliates/lib/core/wp-init.php(511): affiliates_update()\n#3 /wordpress/wp-content/plugins/affiliates/lib/core/wp-init.php(235): affiliates_setup()\n#4 /wordpress/wp-includes/class-wp-hook.php(324): affiliates_activate(false)\n#5 /wordpress/wp-includes/class-wp-hook.php(348): WP_Hook->apply_filters('', Array)\n#6 /wordpress/wp-includes/plugin.php(517): WP_Hook->do_action(Array)\n#7 /wordpress/wp-admin/includes/plugin.php(703): do_action('activate_affili...', false)\n#8 /internal/eval.php(20): activate_plugin('affiliates/affi...')\n#9 {main}</pre>\n for query ALTER TABLE wp_aff_hits DROP INDEX aid_d_t_ip; made by activate_plugin, do_action('activate_affiliates/affiliates.php'), WP_Hook->do_action, WP_Hook->apply_filters, affiliates_activate, affiliates_setup, affiliates_update, WP_SQLite_DB->query, WP_SQLite_DB->print_error",
    "log": "/logs/plugins/a/all-in-one-event-calendar-fix/error.json"
  },
  {
    "message": "SQLSTATE[HY000]: General error: 1 no such column: \"time\".",
    "level": "FATAL",
    "type": "SQL",
    "test": "asyncify-boot",
    "plugin": "all-in-one-event-calendar-fix",
    "details": "[03-Jun-2025 04:13:35 UTC] WordPress database error <div style=\"clear:both\">&nbsp;</div>\n<div class=\"queries\" style=\"clear:both;margin-bottom:2px;border:red dotted thin;\">\n<p>MySQL query:</p>\n<p>ALTER TABLE wp_aff_hits DROP COLUMN time;</p>\n<p>Queries made or created this session were:</p>\n<ol>\n<li>Executing: BEGIN | (no parameters)</li>\n<li>Executing: ALTER TABLE wp_aff_hits DROP COLUMN time; | (no parameters)</li>\n<li>Executing: ROLLBACK | (no parameters)</li>\n</ol>\n</div>\n<div style=\"clear:both;margin-bottom:2px;border:red dotted thin;\" class=\"error_message\" style=\"border-bottom:dotted blue thin;\">\nError occurred at line 4117 in Function <code>handle_error</code>. Error message was: SQLSTATE[HY000]: General error: 1 no such column: \"time\".\n</div>\n<p>Backtrace:</p>\n<pre>#0 /internal/shared/sqlite-database-integration/wp-includes/sqlite/class-wp-sqlite-db.php(287): WP_SQLite_Translator->get_error_message()\n#1 /wordpress/wp-content/plugins/affiliates/lib/core/wp-init.php(751): WP_SQLite_DB->query('ALTER TABLE wp_...')\n#2 /wordpress/wp-content/plugins/affiliates/lib/core/wp-init.php(511): affiliates_update()\n#3 /wordpress/wp-content/plugins/affiliates/lib/core/wp-init.php(235): affiliates_setup()\n#4 /wordpress/wp-includes/class-wp-hook.php(324): affiliates_activate(false)\n#5 /wordpress/wp-includes/class-wp-hook.php(348): WP_Hook->apply_filters('', Array)\n#6 /wordpress/wp-includes/plugin.php(517): WP_Hook->do_action(Array)\n#7 /wordpress/wp-admin/includes/plugin.php(703): do_action('activate_affili...', false)\n#8 /internal/eval.php(20): activate_plugin('affiliates/affi...')\n#9 {main}</pre>\n for query ALTER TABLE wp_aff_hits DROP COLUMN time; made by activate_plugin, do_action('activate_affiliates/affiliates.php'), WP_Hook->do_action, WP_Hook->apply_filters, affiliates_activate, affiliates_setup, affiliates_update, WP_SQLite_DB->query, WP_SQLite_DB->print_error",
    "log": "/logs/plugins/a/all-in-one-event-calendar-fix/error.json"
  },
  {
    "message": "SQLSTATE[HY000]: General error: 1 no such column: \"ipv6\".",
    "level": "FATAL",
    "type": "SQL",
    "test": "asyncify-boot",
    "plugin": "all-in-one-event-calendar-fix",
    "details": "[03-Jun-2025 04:13:35 UTC] WordPress database error <div style=\"clear:both\">&nbsp;</div>\n<div class=\"queries\" style=\"clear:both;margin-bottom:2px;border:red dotted thin;\">\n<p>MySQL query:</p>\n<p>ALTER TABLE wp_aff_hits DROP COLUMN ipv6;</p>\n<p>Queries made or created this session were:</p>\n<ol>\n<li>Executing: BEGIN | (no parameters)</li>\n<li>Executing: ALTER TABLE wp_aff_hits DROP COLUMN ipv6; | (no parameters)</li>\n<li>Executing: ROLLBACK | (no parameters)</li>\n</ol>\n</div>\n<div style=\"clear:both;margin-bottom:2px;border:red dotted thin;\" class=\"error_message\" style=\"border-bottom:dotted blue thin;\">\nError occurred at line 4117 in Function <code>handle_error</code>. Error message was: SQLSTATE[HY000]: General error: 1 no such column: \"ipv6\".\n</div>\n<p>Backtrace:</p>\n<pre>#0 /internal/shared/sqlite-database-integration/wp-includes/sqlite/class-wp-sqlite-db.php(287): WP_SQLite_Translator->get_error_message()\n#1 /wordpress/wp-content/plugins/affiliates/lib/core/wp-init.php(751): WP_SQLite_DB->query('ALTER TABLE wp_...')\n#2 /wordpress/wp-content/plugins/affiliates/lib/core/wp-init.php(511): affiliates_update()\n#3 /wordpress/wp-content/plugins/affiliates/lib/core/wp-init.php(235): affiliates_setup()\n#4 /wordpress/wp-includes/class-wp-hook.php(324): affiliates_activate(false)\n#5 /wordpress/wp-includes/class-wp-hook.php(348): WP_Hook->apply_filters('', Array)\n#6 /wordpress/wp-includes/plugin.php(517): WP_Hook->do_action(Array)\n#7 /wordpress/wp-admin/includes/plugin.php(703): do_action('activate_affili...', false)\n#8 /internal/eval.php(20): activate_plugin('affiliates/affi...')\n#9 {main}</pre>\n for query ALTER TABLE wp_aff_hits DROP COLUMN ipv6; made by activate_plugin, do_action('activate_affiliates/affiliates.php'), WP_Hook->do_action, WP_Hook->apply_filters, affiliates_activate, affiliates_setup, affiliates_update, WP_SQLite_DB->query, WP_SQLite_DB->print_error",
    "log": "/logs/plugins/a/all-in-one-event-calendar-fix/error.json"
  },
  {
    "message": "SQLSTATE[HY000]: General error: 1 no such column: \"count\".",
    "level": "FATAL",
    "type": "SQL",
    "test": "asyncify-boot",
    "plugin": "all-in-one-event-calendar-fix",
    "details": "[03-Jun-2025 04:13:35 UTC] WordPress database error <div style=\"clear:both\">&nbsp;</div>\n<div class=\"queries\" style=\"clear:both;margin-bottom:2px;border:red dotted thin;\">\n<p>MySQL query:</p>\n<p>ALTER TABLE wp_aff_hits DROP COLUMN count;</p>\n<p>Queries made or created this session were:</p>\n<ol>\n<li>Executing: BEGIN | (no parameters)</li>\n<li>Executing: ALTER TABLE wp_aff_hits DROP COLUMN count; | (no parameters)</li>\n<li>Executing: ROLLBACK | (no parameters)</li>\n</ol>\n</div>\n<div style=\"clear:both;margin-bottom:2px;border:red dotted thin;\" class=\"error_message\" style=\"border-bottom:dotted blue thin;\">\nError occurred at line 4117 in Function <code>handle_error</code>. Error message was: SQLSTATE[HY000]: General error: 1 no such column: \"count\".\n</div>\n<p>Backtrace:</p>\n<pre>#0 /internal/shared/sqlite-database-integration/wp-includes/sqlite/class-wp-sqlite-db.php(287): WP_SQLite_Translator->get_error_message()\n#1 /wordpress/wp-content/plugins/affiliates/lib/core/wp-init.php(751): WP_SQLite_DB->query('ALTER TABLE wp_...')\n#2 /wordpress/wp-content/plugins/affiliates/lib/core/wp-init.php(511): affiliates_update()\n#3 /wordpress/wp-content/plugins/affiliates/lib/core/wp-init.php(235): affiliates_setup()\n#4 /wordpress/wp-includes/class-wp-hook.php(324): affiliates_activate(false)\n#5 /wordpress/wp-includes/class-wp-hook.php(348): WP_Hook->apply_filters('', Array)\n#6 /wordpress/wp-includes/plugin.php(517): WP_Hook->do_action(Array)\n#7 /wordpress/wp-admin/includes/plugin.php(703): do_action('activate_affili...', false)\n#8 /internal/eval.php(20): activate_plugin('affiliates/affi...')\n#9 {main}</pre>\n for query ALTER TABLE wp_aff_hits DROP COLUMN count; made by activate_plugin, do_action('activate_affiliates/affiliates.php'), WP_Hook->do_action, WP_Hook->apply_filters, affiliates_activate, affiliates_setup, affiliates_update, WP_SQLite_DB->query, WP_SQLite_DB->print_error",
    "log": "/logs/plugins/a/all-in-one-event-calendar-fix/error.json"
  },
  {
    "message": "SQLSTATE[HY000]: General error: 1 no such index: wp_aff_hits__aff_hits_dtd.",
    "level": "FATAL",
    "type": "SQL",
    "test": "asyncify-boot",
    "plugin": "all-in-one-event-calendar-fix",
    "details": "[03-Jun-2025 04:13:37 UTC] WordPress database error <div style=\"clear:both\">&nbsp;</div>\n<div class=\"queries\" style=\"clear:both;margin-bottom:2px;border:red dotted thin;\">\n<p>MySQL query:</p>\n<p>ALTER TABLE wp_aff_hits DROP INDEX aff_hits_dtd;</p>\n<p>Queries made or created this session were:</p>\n<ol>\n<li>Executing: BEGIN | (no parameters)</li>\n<li>Executing: DROP INDEX &quot;wp_aff_hits__aff_hits_dtd&quot;; | (no parameters)</li>\n<li>Executing: ROLLBACK | (no parameters)</li>\n</ol>\n</div>\n<div style=\"clear:both;margin-bottom:2px;border:red dotted thin;\" class=\"error_message\" style=\"border-bottom:dotted blue thin;\">\nError occurred at line 4117 in Function <code>handle_error</code>. Error message was: SQLSTATE[HY000]: General error: 1 no such index: wp_aff_hits__aff_hits_dtd.\n</div>\n<p>Backtrace:</p>\n<pre>#0 /internal/shared/sqlite-database-integration/wp-includes/sqlite/class-wp-sqlite-db.php(287): WP_SQLite_Translator->get_error_message()\n#1 /wordpress/wp-content/plugins/affiliates/lib/core/wp-init.php(751): WP_SQLite_DB->query('ALTER TABLE wp_...')\n#2 /wordpress/wp-content/plugins/affiliates/lib/core/wp-init.php(201): affiliates_update('')\n#3 /wordpress/wp-includes/class-wp-hook.php(324): affiliates_version_check('')\n#4 /wordpress/wp-includes/class-wp-hook.php(348): WP_Hook->apply_filters(Object(Affiliates_Notifications), Array)\n#5 /wordpress/wp-includes/plugin.php(517): WP_Hook->do_action(Array)\n#6 /wordpress/wp-settings.php(727): do_action('init')\n#7 /wordpress/wp-config.php(102): require_once('/wordpress/wp-s...')\n#8 /wordpress/wp-load.php(50): require_once('/wordpress/wp-c...')\n#9 /internal/eval.php(3): require_once('/wordpress/wp-l...')\n#10 {main}</pre>\n for query ALTER TABLE wp_aff_hits DROP INDEX aff_hits_dtd; made by require_once('wp-load.php'), require_once('wp-config.php'), require_once('wp-settings.php'), do_action('init'), WP_Hook->do_action, WP_Hook->apply_filters, affiliates_version_check, affiliates_update, WP_SQLite_DB->query, WP_SQLite_DB->print_error",
    "log": "/logs/plugins/a/all-in-one-event-calendar-fix/error.json"
  },
  {
    "message": "SQLSTATE[HY000]: General error: 1 no such index: wp_aff_hits__aff_hits_ddt.",
    "level": "FATAL",
    "type": "SQL",
    "test": "asyncify-boot",
    "plugin": "all-in-one-event-calendar-fix",
    "details": "[03-Jun-2025 04:13:37 UTC] WordPress database error <div style=\"clear:both\">&nbsp;</div>\n<div class=\"queries\" style=\"clear:both;margin-bottom:2px;border:red dotted thin;\">\n<p>MySQL query:</p>\n<p>ALTER TABLE wp_aff_hits DROP INDEX aff_hits_ddt;</p>\n<p>Queries made or created this session were:</p>\n<ol>\n<li>Executing: BEGIN | (no parameters)</li>\n<li>Executing: DROP INDEX &quot;wp_aff_hits__aff_hits_ddt&quot;; | (no parameters)</li>\n<li>Executing: ROLLBACK | (no parameters)</li>\n</ol>\n</div>\n<div style=\"clear:both;margin-bottom:2px;border:red dotted thin;\" class=\"error_message\" style=\"border-bottom:dotted blue thin;\">\nError occurred at line 4117 in Function <code>handle_error</code>. Error message was: SQLSTATE[HY000]: General error: 1 no such index: wp_aff_hits__aff_hits_ddt.\n</div>\n<p>Backtrace:</p>\n<pre>#0 /internal/shared/sqlite-database-integration/wp-includes/sqlite/class-wp-sqlite-db.php(287): WP_SQLite_Translator->get_error_message()\n#1 /wordpress/wp-content/plugins/affiliates/lib/core/wp-init.php(751): WP_SQLite_DB->query('ALTER TABLE wp_...')\n#2 /wordpress/wp-content/plugins/affiliates/lib/core/wp-init.php(201): affiliates_update('')\n#3 /wordpress/wp-includes/class-wp-hook.php(324): affiliates_version_check('')\n#4 /wordpress/wp-includes/class-wp-hook.php(348): WP_Hook->apply_filters(Object(Affiliates_Notifications), Array)\n#5 /wordpress/wp-includes/plugin.php(517): WP_Hook->do_action(Array)\n#6 /wordpress/wp-settings.php(727): do_action('init')\n#7 /wordpress/wp-config.php(102): require_once('/wordpress/wp-s...')\n#8 /wordpress/wp-load.php(50): require_once('/wordpress/wp-c...')\n#9 /internal/eval.php(3): require_once('/wordpress/wp-l...')\n#10 {main}</pre>\n for query ALTER TABLE wp_aff_hits DROP INDEX aff_hits_ddt; made by require_once('wp-load.php'), require_once('wp-config.php'), require_once('wp-settings.php'), do_action('init'), WP_Hook->do_action, WP_Hook->apply_filters, affiliates_version_check, affiliates_update, WP_SQLite_DB->query, WP_SQLite_DB->print_error",
    "log": "/logs/plugins/a/all-in-one-event-calendar-fix/error.json"
  },
  {
    "message": "SQLSTATE[HY000]: General error: 1 no such index: wp_aff_hits__aid_d_t_ip.",
    "level": "FATAL",
    "type": "SQL",
    "test": "asyncify-boot",
    "plugin": "all-in-one-event-calendar-fix",
    "details": "[03-Jun-2025 04:13:37 UTC] WordPress database error <div style=\"clear:both\">&nbsp;</div>\n<div class=\"queries\" style=\"clear:both;margin-bottom:2px;border:red dotted thin;\">\n<p>MySQL query:</p>\n<p>ALTER TABLE wp_aff_hits DROP INDEX aid_d_t_ip;</p>\n<p>Queries made or created this session were:</p>\n<ol>\n<li>Executing: BEGIN | (no parameters)</li>\n<li>Executing: DROP INDEX &quot;wp_aff_hits__aid_d_t_ip&quot;; | (no parameters)</li>\n<li>Executing: ROLLBACK | (no parameters)</li>\n</ol>\n</div>\n<div style=\"clear:both;margin-bottom:2px;border:red dotted thin;\" class=\"error_message\" style=\"border-bottom:dotted blue thin;\">\nError occurred at line 4117 in Function <code>handle_error</code>. Error message was: SQLSTATE[HY000]: General error: 1 no such index: wp_aff_hits__aid_d_t_ip.\n</div>\n<p>Backtrace:</p>\n<pre>#0 /internal/shared/sqlite-database-integration/wp-includes/sqlite/class-wp-sqlite-db.php(287): WP_SQLite_Translator->get_error_message()\n#1 /wordpress/wp-content/plugins/affiliates/lib/core/wp-init.php(751): WP_SQLite_DB->query('ALTER TABLE wp_...')\n#2 /wordpress/wp-content/plugins/affiliates/lib/core/wp-init.php(201): affiliates_update('')\n#3 /wordpress/wp-includes/class-wp-hook.php(324): affiliates_version_check('')\n#4 /wordpress/wp-includes/class-wp-hook.php(348): WP_Hook->apply_filters(Object(Affiliates_Notifications), Array)\n#5 /wordpress/wp-includes/plugin.php(517): WP_Hook->do_action(Array)\n#6 /wordpress/wp-settings.php(727): do_action('init')\n#7 /wordpress/wp-config.php(102): require_once('/wordpress/wp-s...')\n#8 /wordpress/wp-load.php(50): require_once('/wordpress/wp-c...')\n#9 /internal/eval.php(3): require_once('/wordpress/wp-l...')\n#10 {main}</pre>\n for query ALTER TABLE wp_aff_hits DROP INDEX aid_d_t_ip; made by require_once('wp-load.php'), require_once('wp-config.php'), require_once('wp-settings.php'), do_action('init'), WP_Hook->do_action, WP_Hook->apply_filters, affiliates_version_check, affiliates_update, WP_SQLite_DB->query, WP_SQLite_DB->print_error",
    "log": "/logs/plugins/a/all-in-one-event-calendar-fix/error.json"
  },
  {
    "message": "SQLSTATE[HY000]: General error: 1 no such column: \"time\".",
    "level": "FATAL",
    "type": "SQL",
    "test": "asyncify-boot",
    "plugin": "all-in-one-event-calendar-fix",
    "details": "[03-Jun-2025 04:13:37 UTC] WordPress database error <div style=\"clear:both\">&nbsp;</div>\n<div class=\"queries\" style=\"clear:both;margin-bottom:2px;border:red dotted thin;\">\n<p>MySQL query:</p>\n<p>ALTER TABLE wp_aff_hits DROP COLUMN time;</p>\n<p>Queries made or created this session were:</p>\n<ol>\n<li>Executing: BEGIN | (no parameters)</li>\n<li>Executing: ALTER TABLE wp_aff_hits DROP COLUMN time; | (no parameters)</li>\n<li>Executing: ROLLBACK | (no parameters)</li>\n</ol>\n</div>\n<div style=\"clear:both;margin-bottom:2px;border:red dotted thin;\" class=\"error_message\" style=\"border-bottom:dotted blue thin;\">\nError occurred at line 4117 in Function <code>handle_error</code>. Error message was: SQLSTATE[HY000]: General error: 1 no such column: \"time\".\n</div>\n<p>Backtrace:</p>\n<pre>#0 /internal/shared/sqlite-database-integration/wp-includes/sqlite/class-wp-sqlite-db.php(287): WP_SQLite_Translator->get_error_message()\n#1 /wordpress/wp-content/plugins/affiliates/lib/core/wp-init.php(751): WP_SQLite_DB->query('ALTER TABLE wp_...')\n#2 /wordpress/wp-content/plugins/affiliates/lib/core/wp-init.php(201): affiliates_update('')\n#3 /wordpress/wp-includes/class-wp-hook.php(324): affiliates_version_check('')\n#4 /wordpress/wp-includes/class-wp-hook.php(348): WP_Hook->apply_filters(Object(Affiliates_Notifications), Array)\n#5 /wordpress/wp-includes/plugin.php(517): WP_Hook->do_action(Array)\n#6 /wordpress/wp-settings.php(727): do_action('init')\n#7 /wordpress/wp-config.php(102): require_once('/wordpress/wp-s...')\n#8 /wordpress/wp-load.php(50): require_once('/wordpress/wp-c...')\n#9 /internal/eval.php(3): require_once('/wordpress/wp-l...')\n#10 {main}</pre>\n for query ALTER TABLE wp_aff_hits DROP COLUMN time; made by require_once('wp-load.php'), require_once('wp-config.php'), require_once('wp-settings.php'), do_action('init'), WP_Hook->do_action, WP_Hook->apply_filters, affiliates_version_check, affiliates_update, WP_SQLite_DB->query, WP_SQLite_DB->print_error",
    "log": "/logs/plugins/a/all-in-one-event-calendar-fix/error.json"
  },
  {
    "message": "SQLSTATE[HY000]: General error: 1 no such column: \"ipv6\".",
    "level": "FATAL",
    "type": "SQL",
    "test": "asyncify-boot",
    "plugin": "all-in-one-event-calendar-fix",
    "details": "[03-Jun-2025 04:13:37 UTC] WordPress database error <div style=\"clear:both\">&nbsp;</div>\n<div class=\"queries\" style=\"clear:both;margin-bottom:2px;border:red dotted thin;\">\n<p>MySQL query:</p>\n<p>ALTER TABLE wp_aff_hits DROP COLUMN ipv6;</p>\n<p>Queries made or created this session were:</p>\n<ol>\n<li>Executing: BEGIN | (no parameters)</li>\n<li>Executing: ALTER TABLE wp_aff_hits DROP COLUMN ipv6; | (no parameters)</li>\n<li>Executing: ROLLBACK | (no parameters)</li>\n</ol>\n</div>\n<div style=\"clear:both;margin-bottom:2px;border:red dotted thin;\" class=\"error_message\" style=\"border-bottom:dotted blue thin;\">\nError occurred at line 4117 in Function <code>handle_error</code>. Error message was: SQLSTATE[HY000]: General error: 1 no such column: \"ipv6\".\n</div>\n<p>Backtrace:</p>\n<pre>#0 /internal/shared/sqlite-database-integration/wp-includes/sqlite/class-wp-sqlite-db.php(287): WP_SQLite_Translator->get_error_message()\n#1 /wordpress/wp-content/plugins/affiliates/lib/core/wp-init.php(751): WP_SQLite_DB->query('ALTER TABLE wp_...')\n#2 /wordpress/wp-content/plugins/affiliates/lib/core/wp-init.php(201): affiliates_update('')\n#3 /wordpress/wp-includes/class-wp-hook.php(324): affiliates_version_check('')\n#4 /wordpress/wp-includes/class-wp-hook.php(348): WP_Hook->apply_filters(Object(Affiliates_Notifications), Array)\n#5 /wordpress/wp-includes/plugin.php(517): WP_Hook->do_action(Array)\n#6 /wordpress/wp-settings.php(727): do_action('init')\n#7 /wordpress/wp-config.php(102): require_once('/wordpress/wp-s...')\n#8 /wordpress/wp-load.php(50): require_once('/wordpress/wp-c...')\n#9 /internal/eval.php(3): require_once('/wordpress/wp-l...')\n#10 {main}</pre>\n for query ALTER TABLE wp_aff_hits DROP COLUMN ipv6; made by require_once('wp-load.php'), require_once('wp-config.php'), require_once('wp-settings.php'), do_action('init'), WP_Hook->do_action, WP_Hook->apply_filters, affiliates_version_check, affiliates_update, WP_SQLite_DB->query, WP_SQLite_DB->print_error",
    "log": "/logs/plugins/a/all-in-one-event-calendar-fix/error.json"
  },
  {
    "message": "file:///home/runner/work/playground-tester/playground-tester/node_modules/@wp-playground/cli/index.js:237\n        throw new Error(y, { cause: u });\n              ^\n",
    "level": "FATAL",
    "type": "PLAYGROUND",
    "test": "jspi-boot",
    "plugin": "all-in-one-event-calendar-fix",
    "details": "file:///home/runner/work/playground-tester/playground-tester/node_modules/@wp-playground/cli/index.js:237\n        throw new Error(y, { cause: u });\n              ^\n",
    "log": "/tmp/tmp.Yc7Pydsjei"
  },
  {
    "message": "Uncaught Error: Undefined constant \"AHOP_POST_NAME\" in /wordpress/wp-content/plugins/avirato-hotels-promotional-packs/Avirato_Hotels_Promotional_Packs.php:26",
    "level": "FATAL",
    "type": "PHP",
    "test": "jspi-boot",
    "plugin": "all-in-one-event-calendar-fix",
    "details": "[03-Jun-2025 04:11:34 UTC] PHP Fatal error:  Uncaught Error: Undefined constant \"AHOP_POST_NAME\" in /wordpress/wp-content/plugins/avirato-hotels-promotional-packs/Avirato_Hotels_Promotional_Packs.php:26\nStack trace:\n#0 /wordpress/wp-content/plugins/avirato-hotels-promotional-packs/Avirato_Hotels_Promotional_Packs.php(849): PostCreator('Paquetes Promoc...', 'page')\n#1 /wordpress/wp-admin/includes/plugin.php(2387): include_once('/wordpress/wp-c...')\n#2 /wordpress/wp-admin/includes/plugin.php(673): plugin_sandbox_scrape('avirato-hotels-...')\n#3 /internal/eval.php(20): activate_plugin('avirato-hotels-...')\n#4 {main}\n  thrown in /wordpress/wp-content/plugins/avirato-hotels-promotional-packs/Avirato_Hotels_Promotional_Packs.php on line 26",
    "log": "/logs/plugins/a/all-in-one-event-calendar-fix/error.json"
  },
  {
    "message": "Uncaught Error: Undefined constant \"AHOP_POST_NAME\" in /wordpress/wp-content/plugins/avirato-hotels-promotional-packs/Avirato_Hotels_Promotional_Packs.php:26",
    "level": "FATAL",
    "type": "PHP",
    "test": "jspi-boot",
    "plugin": "all-in-one-event-calendar-fix",
    "details": "[03-Jun-2025 04:11:42 UTC] PHP Fatal error:  Uncaught Error: Undefined constant \"AHOP_POST_NAME\" in /wordpress/wp-content/plugins/avirato-hotels-promotional-packs/Avirato_Hotels_Promotional_Packs.php:26\nStack trace:\n#0 /wordpress/wp-content/plugins/avirato-hotels-promotional-packs/Avirato_Hotels_Promotional_Packs.php(849): PostCreator('Paquetes Promoc...', 'page')\n#1 /wordpress/wp-admin/includes/plugin.php(2387): include_once('/wordpress/wp-c...')\n#2 /wordpress/wp-admin/includes/plugin.php(673): plugin_sandbox_scrape('avirato-hotels-...')\n#3 /internal/eval.php(20): activate_plugin('avirato-hotels-...')\n#4 {main}\n  thrown in /wordpress/wp-content/plugins/avirato-hotels-promotional-packs/Avirato_Hotels_Promotional_Packs.php on line 26",
    "log": "/logs/plugins/a/all-in-one-event-calendar-fix/error.json"
  },
  {
    "message": "Uncaught Error: Undefined constant \"AHOP_POST_NAME\" in /wordpress/wp-content/plugins/avirato-hotels-promotional-packs/Avirato_Hotels_Promotional_Packs.php:26",
    "level": "FATAL",
    "type": "PHP",
    "test": "jspi-boot",
    "plugin": "all-in-one-event-calendar-fix",
    "details": "[03-Jun-2025 04:11:49 UTC] PHP Fatal error:  Uncaught Error: Undefined constant \"AHOP_POST_NAME\" in /wordpress/wp-content/plugins/avirato-hotels-promotional-packs/Avirato_Hotels_Promotional_Packs.php:26\nStack trace:\n#0 /wordpress/wp-content/plugins/avirato-hotels-promotional-packs/Avirato_Hotels_Promotional_Packs.php(849): PostCreator('Paquetes Promoc...', 'page')\n#1 /wordpress/wp-admin/includes/plugin.php(2387): include_once('/wordpress/wp-c...')\n#2 /wordpress/wp-admin/includes/plugin.php(673): plugin_sandbox_scrape('avirato-hotels-...')\n#3 /internal/eval.php(20): activate_plugin('avirato-hotels-...')\n#4 {main}\n  thrown in /wordpress/wp-content/plugins/avirato-hotels-promotional-packs/Avirato_Hotels_Promotional_Packs.php on line 26",
    "log": "/logs/plugins/a/all-in-one-event-calendar-fix/error.json"
  }
]
