[
  {
    "message": "file:///home/runner/work/playground-tester/playground-tester/node_modules/@wp-playground/cli/index.js:237\n        throw new Error(y, { cause: u });\n              ^\n",
    "level": "FATAL",
    "type": "PLAYGROUND",
    "test": "ast-sqlite-boot",
    "plugin": "radial-svg-slider",
    "details": "file:///home/runner/work/playground-tester/playground-tester/node_modules/@wp-playground/cli/index.js:237\n        throw new Error(y, { cause: u });\n              ^\n",
    "log": "/tmp/tmp.W32G95ikfa"
  },
  {
    "message": "Required parameter $ids follows optional parameter $size in /wordpress/wp-content/plugins/simplest-gallery/simplest-gallery.php on line 400",
    "level": "DEPRECATED",
    "type": "PHP",
    "test": "ast-sqlite-boot",
    "plugin": "radial-svg-slider",
    "details": "[09-May-2025 07:28:22 UTC] PHP Deprecated:  Required parameter $ids follows optional parameter $size in /wordpress/wp-content/plugins/simplest-gallery/simplest-gallery.php on line 400",
    "log": "/logs/plugins/r/radial-svg-slider/error.json"
  },
  {
    "message": "Required parameter $attrs follows optional parameter $post_id in /wordpress/wp-content/plugins/simplest-gallery/lightbox.php on line 71",
    "level": "DEPRECATED",
    "type": "PHP",
    "test": "ast-sqlite-boot",
    "plugin": "radial-svg-slider",
    "details": "[09-May-2025 07:28:22 UTC] PHP Deprecated:  Required parameter $attrs follows optional parameter $post_id in /wordpress/wp-content/plugins/simplest-gallery/lightbox.php on line 71",
    "log": "/logs/plugins/r/radial-svg-slider/error.json"
  },
  {
    "message": "Required parameter $attrs follows optional parameter $post_id in /wordpress/wp-content/plugins/simplest-gallery/lightbox.php on line 79",
    "level": "DEPRECATED",
    "type": "PHP",
    "test": "ast-sqlite-boot",
    "plugin": "radial-svg-slider",
    "details": "[09-May-2025 07:28:22 UTC] PHP Deprecated:  Required parameter $attrs follows optional parameter $post_id in /wordpress/wp-content/plugins/simplest-gallery/lightbox.php on line 79",
    "log": "/logs/plugins/r/radial-svg-slider/error.json"
  },
  {
    "message": "Required parameter $ids follows optional parameter $size in /wordpress/wp-content/plugins/simplest-gallery/simplest-gallery.php on line 400",
    "level": "DEPRECATED",
    "type": "PHP",
    "test": "ast-sqlite-boot",
    "plugin": "radial-svg-slider",
    "details": "[09-May-2025 07:28:23 UTC] PHP Deprecated:  Required parameter $ids follows optional parameter $size in /wordpress/wp-content/plugins/simplest-gallery/simplest-gallery.php on line 400",
    "log": "/logs/plugins/r/radial-svg-slider/error.json"
  },
  {
    "message": "Required parameter $attrs follows optional parameter $post_id in /wordpress/wp-content/plugins/simplest-gallery/lightbox.php on line 71",
    "level": "DEPRECATED",
    "type": "PHP",
    "test": "ast-sqlite-boot",
    "plugin": "radial-svg-slider",
    "details": "[09-May-2025 07:28:23 UTC] PHP Deprecated:  Required parameter $attrs follows optional parameter $post_id in /wordpress/wp-content/plugins/simplest-gallery/lightbox.php on line 71",
    "log": "/logs/plugins/r/radial-svg-slider/error.json"
  },
  {
    "message": "Required parameter $attrs follows optional parameter $post_id in /wordpress/wp-content/plugins/simplest-gallery/lightbox.php on line 79",
    "level": "DEPRECATED",
    "type": "PHP",
    "test": "ast-sqlite-boot",
    "plugin": "radial-svg-slider",
    "details": "[09-May-2025 07:28:23 UTC] PHP Deprecated:  Required parameter $attrs follows optional parameter $post_id in /wordpress/wp-content/plugins/simplest-gallery/lightbox.php on line 79",
    "log": "/logs/plugins/r/radial-svg-slider/error.json"
  },
  {
    "message": "Required parameter $ids follows optional parameter $size in /wordpress/wp-content/plugins/simplest-gallery/simplest-gallery.php on line 400",
    "level": "DEPRECATED",
    "type": "PHP",
    "test": "ast-sqlite-boot",
    "plugin": "radial-svg-slider",
    "details": "[09-May-2025 07:28:32 UTC] PHP Deprecated:  Required parameter $ids follows optional parameter $size in /wordpress/wp-content/plugins/simplest-gallery/simplest-gallery.php on line 400",
    "log": "/logs/plugins/r/radial-svg-slider/error.json"
  },
  {
    "message": "Required parameter $attrs follows optional parameter $post_id in /wordpress/wp-content/plugins/simplest-gallery/lightbox.php on line 71",
    "level": "DEPRECATED",
    "type": "PHP",
    "test": "ast-sqlite-boot",
    "plugin": "radial-svg-slider",
    "details": "[09-May-2025 07:28:32 UTC] PHP Deprecated:  Required parameter $attrs follows optional parameter $post_id in /wordpress/wp-content/plugins/simplest-gallery/lightbox.php on line 71",
    "log": "/logs/plugins/r/radial-svg-slider/error.json"
  },
  {
    "message": "Required parameter $attrs follows optional parameter $post_id in /wordpress/wp-content/plugins/simplest-gallery/lightbox.php on line 79",
    "level": "DEPRECATED",
    "type": "PHP",
    "test": "ast-sqlite-boot",
    "plugin": "radial-svg-slider",
    "details": "[09-May-2025 07:28:32 UTC] PHP Deprecated:  Required parameter $attrs follows optional parameter $post_id in /wordpress/wp-content/plugins/simplest-gallery/lightbox.php on line 79",
    "log": "/logs/plugins/r/radial-svg-slider/error.json"
  },
  {
    "message": "Required parameter $ids follows optional parameter $size in /wordpress/wp-content/plugins/simplest-gallery/simplest-gallery.php on line 400",
    "level": "DEPRECATED",
    "type": "PHP",
    "test": "ast-sqlite-boot",
    "plugin": "radial-svg-slider",
    "details": "[09-May-2025 07:28:33 UTC] PHP Deprecated:  Required parameter $ids follows optional parameter $size in /wordpress/wp-content/plugins/simplest-gallery/simplest-gallery.php on line 400",
    "log": "/logs/plugins/r/radial-svg-slider/error.json"
  },
  {
    "message": "Required parameter $attrs follows optional parameter $post_id in /wordpress/wp-content/plugins/simplest-gallery/lightbox.php on line 71",
    "level": "DEPRECATED",
    "type": "PHP",
    "test": "ast-sqlite-boot",
    "plugin": "radial-svg-slider",
    "details": "[09-May-2025 07:28:33 UTC] PHP Deprecated:  Required parameter $attrs follows optional parameter $post_id in /wordpress/wp-content/plugins/simplest-gallery/lightbox.php on line 71",
    "log": "/logs/plugins/r/radial-svg-slider/error.json"
  },
  {
    "message": "Required parameter $attrs follows optional parameter $post_id in /wordpress/wp-content/plugins/simplest-gallery/lightbox.php on line 79",
    "level": "DEPRECATED",
    "type": "PHP",
    "test": "ast-sqlite-boot",
    "plugin": "radial-svg-slider",
    "details": "[09-May-2025 07:28:33 UTC] PHP Deprecated:  Required parameter $attrs follows optional parameter $post_id in /wordpress/wp-content/plugins/simplest-gallery/lightbox.php on line 79",
    "log": "/logs/plugins/r/radial-svg-slider/error.json"
  },
  {
    "message": "Required parameter $ids follows optional parameter $size in /wordpress/wp-content/plugins/simplest-gallery/simplest-gallery.php on line 400",
    "level": "DEPRECATED",
    "type": "PHP",
    "test": "ast-sqlite-boot",
    "plugin": "radial-svg-slider",
    "details": "[09-May-2025 07:28:41 UTC] PHP Deprecated:  Required parameter $ids follows optional parameter $size in /wordpress/wp-content/plugins/simplest-gallery/simplest-gallery.php on line 400",
    "log": "/logs/plugins/r/radial-svg-slider/error.json"
  },
  {
    "message": "Required parameter $attrs follows optional parameter $post_id in /wordpress/wp-content/plugins/simplest-gallery/lightbox.php on line 71",
    "level": "DEPRECATED",
    "type": "PHP",
    "test": "ast-sqlite-boot",
    "plugin": "radial-svg-slider",
    "details": "[09-May-2025 07:28:41 UTC] PHP Deprecated:  Required parameter $attrs follows optional parameter $post_id in /wordpress/wp-content/plugins/simplest-gallery/lightbox.php on line 71",
    "log": "/logs/plugins/r/radial-svg-slider/error.json"
  },
  {
    "message": "Required parameter $attrs follows optional parameter $post_id in /wordpress/wp-content/plugins/simplest-gallery/lightbox.php on line 79",
    "level": "DEPRECATED",
    "type": "PHP",
    "test": "ast-sqlite-boot",
    "plugin": "radial-svg-slider",
    "details": "[09-May-2025 07:28:41 UTC] PHP Deprecated:  Required parameter $attrs follows optional parameter $post_id in /wordpress/wp-content/plugins/simplest-gallery/lightbox.php on line 79",
    "log": "/logs/plugins/r/radial-svg-slider/error.json"
  },
  {
    "message": "Required parameter $ids follows optional parameter $size in /wordpress/wp-content/plugins/simplest-gallery/simplest-gallery.php on line 400",
    "level": "DEPRECATED",
    "type": "PHP",
    "test": "ast-sqlite-boot",
    "plugin": "radial-svg-slider",
    "details": "[09-May-2025 07:28:42 UTC] PHP Deprecated:  Required parameter $ids follows optional parameter $size in /wordpress/wp-content/plugins/simplest-gallery/simplest-gallery.php on line 400",
    "log": "/logs/plugins/r/radial-svg-slider/error.json"
  },
  {
    "message": "Required parameter $attrs follows optional parameter $post_id in /wordpress/wp-content/plugins/simplest-gallery/lightbox.php on line 71",
    "level": "DEPRECATED",
    "type": "PHP",
    "test": "ast-sqlite-boot",
    "plugin": "radial-svg-slider",
    "details": "[09-May-2025 07:28:42 UTC] PHP Deprecated:  Required parameter $attrs follows optional parameter $post_id in /wordpress/wp-content/plugins/simplest-gallery/lightbox.php on line 71",
    "log": "/logs/plugins/r/radial-svg-slider/error.json"
  },
  {
    "message": "Required parameter $attrs follows optional parameter $post_id in /wordpress/wp-content/plugins/simplest-gallery/lightbox.php on line 79",
    "level": "DEPRECATED",
    "type": "PHP",
    "test": "ast-sqlite-boot",
    "plugin": "radial-svg-slider",
    "details": "[09-May-2025 07:28:42 UTC] PHP Deprecated:  Required parameter $attrs follows optional parameter $post_id in /wordpress/wp-content/plugins/simplest-gallery/lightbox.php on line 79",
    "log": "/logs/plugins/r/radial-svg-slider/error.json"
  },
  {
    "message": "Data type expected in MySQL query, unknown token received: (.",
    "level": "FATAL",
    "type": "SQL",
    "test": "ast-sqlite-boot",
    "plugin": "radial-svg-slider",
    "details": "[09-May-2025 07:29:14 UTC] WordPress database error <div style=\"clear:both\">&nbsp;</div>\n<div class=\"queries\" style=\"clear:both;margin-bottom:2px;border:red dotted thin;\">\n<p>MySQL query:</p>\n<p>ALTER TABLE wp_ssa_appointment_type_labels ADD  `` (``)</p>\n<p>Queries made or created this session were:</p>\n<ol>\n<li>Executing: BEGIN | (no parameters)</li>\n<li>Executing: ROLLBACK | (no parameters)</li>\n</ol>\n</div>\n<div style=\"clear:both;margin-bottom:2px;border:red dotted thin;\" class=\"error_message\" style=\"border-bottom:dotted blue thin;\">\nError occurred at line 4117 in Function <code>handle_error</code>. Error message was: Data type expected in MySQL query, unknown token received: (.\n</div>\n<p>Backtrace:</p>\n<pre>#0 /internal/shared/sqlite-database-integration/wp-includes/sqlite/class-wp-sqlite-db.php(287): WP_SQLite_Translator->get_error_message()\n#1 /wordpress/wp-admin/includes/upgrade.php(3280): WP_SQLite_DB->query('ALTER TABLE wp_...')\n#2 /wordpress/wp-content/plugins/simply-schedule-appointments/includes/lib/td-util/class-td-db-model.php(984): dbDelta(Array)\n#3 /wordpress/wp-content/plugins/simply-schedule-appointments/includes/class-upgrade.php(854): TD_DB_Model->create_table()\n#4 /wordpress/wp-content/plugins/simply-schedule-appointments/includes/class-upgrade.php(835): SSA_Upgrade->migrate_appointment_type_labels()\n#5 /wordpress/wp-content/plugins/simply-schedule-appointments/includes/class-upgrade.php(334): SSA_Upgrade->migrate_to_version_6_1_5('5.4.6')\n#6 /wordpress/wp-includes/class-wp-hook.php(324): SSA_Upgrade->migrations('')\n#7 /wordpress/wp-includes/class-wp-hook.php(348): WP_Hook->apply_filters(NULL, Array)\n#8 /wordpress/wp-includes/plugin.php(517): WP_Hook->do_action(Array)\n#9 /wordpress/wp-settings.php(727): do_action('init')\n#10 /wordpress/wp-config.php(102): require_once('/wordpress/wp-s...')\n#11 /wordpress/wp-load.php(50): require_once('/wordpress/wp-c...')\n#12 /internal/eval.php(3): require_once('/wordpress/wp-l...')\n#13 {main}</pre>\n for query ALTER TABLE wp_ssa_appointment_type_labels ADD  `` (``) made by require_once('wp-load.php'), require_once('wp-config.php'), require_once('wp-settings.php'), do_action('init'), WP_Hook->do_action, WP_Hook->apply_filters, SSA_Upgrade->migrations, SSA_Upgrade->migrate_to_version_6_1_5, SSA_Upgrade->migrate_appointment_type_labels, TD_DB_Model->create_table, dbDelta, WP_SQLite_DB->query, WP_SQLite_DB->print_error",
    "log": "/logs/plugins/r/radial-svg-slider/error.json"
  },
  {
    "message": "Data type expected in MySQL query, unknown token received: (.",
    "level": "FATAL",
    "type": "SQL",
    "test": "ast-sqlite-boot",
    "plugin": "radial-svg-slider",
    "details": "[09-May-2025 07:29:30 UTC] WordPress database error <div style=\"clear:both\">&nbsp;</div>\n<div class=\"queries\" style=\"clear:both;margin-bottom:2px;border:red dotted thin;\">\n<p>MySQL query:</p>\n<p>ALTER TABLE wp_ssa_appointment_type_labels ADD  `` (``)</p>\n<p>Queries made or created this session were:</p>\n<ol>\n<li>Executing: BEGIN | (no parameters)</li>\n<li>Executing: ROLLBACK | (no parameters)</li>\n</ol>\n</div>\n<div style=\"clear:both;margin-bottom:2px;border:red dotted thin;\" class=\"error_message\" style=\"border-bottom:dotted blue thin;\">\nError occurred at line 4117 in Function <code>handle_error</code>. Error message was: Data type expected in MySQL query, unknown token received: (.\n</div>\n<p>Backtrace:</p>\n<pre>#0 /internal/shared/sqlite-database-integration/wp-includes/sqlite/class-wp-sqlite-db.php(287): WP_SQLite_Translator->get_error_message()\n#1 /wordpress/wp-admin/includes/upgrade.php(3280): WP_SQLite_DB->query('ALTER TABLE wp_...')\n#2 /wordpress/wp-content/plugins/simply-schedule-appointments/includes/lib/td-util/class-td-db-model.php(984): dbDelta(Array)\n#3 /wordpress/wp-content/plugins/simply-schedule-appointments/includes/class-upgrade.php(854): TD_DB_Model->create_table()\n#4 /wordpress/wp-content/plugins/simply-schedule-appointments/includes/class-upgrade.php(835): SSA_Upgrade->migrate_appointment_type_labels()\n#5 /wordpress/wp-content/plugins/simply-schedule-appointments/includes/class-upgrade.php(334): SSA_Upgrade->migrate_to_version_6_1_5('5.4.6')\n#6 /wordpress/wp-includes/class-wp-hook.php(324): SSA_Upgrade->migrations('')\n#7 /wordpress/wp-includes/class-wp-hook.php(348): WP_Hook->apply_filters(NULL, Array)\n#8 /wordpress/wp-includes/plugin.php(517): WP_Hook->do_action(Array)\n#9 /wordpress/wp-settings.php(727): do_action('init')\n#10 /wordpress/wp-config.php(102): require_once('/wordpress/wp-s...')\n#11 /wordpress/wp-load.php(50): require_once('/wordpress/wp-c...')\n#12 /internal/eval.php(3): require_once('/wordpress/wp-l...')\n#13 {main}</pre>\n for query ALTER TABLE wp_ssa_appointment_type_labels ADD  `` (``) made by require_once('wp-load.php'), require_once('wp-config.php'), require_once('wp-settings.php'), do_action('init'), WP_Hook->do_action, WP_Hook->apply_filters, SSA_Upgrade->migrations, SSA_Upgrade->migrate_to_version_6_1_5, SSA_Upgrade->migrate_appointment_type_labels, TD_DB_Model->create_table, dbDelta, WP_SQLite_DB->query, WP_SQLite_DB->print_error",
    "log": "/logs/plugins/r/radial-svg-slider/error.json"
  },
  {
    "message": "Undefined property: WP_SQLite_DB::$actionscheduler_actions in /wordpress/wp-includes/class-wpdb.php on line 789",
    "level": "WARNING",
    "type": "PHP",
    "test": "ast-sqlite-boot",
    "plugin": "radial-svg-slider",
    "details": "[09-May-2025 07:35:09 UTC] PHP Warning:  Undefined property: WP_SQLite_DB::$actionscheduler_actions in /wordpress/wp-includes/class-wpdb.php on line 789",
    "log": "/logs/plugins/r/radial-svg-slider/error.json"
  },
  {
    "message": "Undefined property: WP_SQLite_DB::$actionscheduler_groups in /wordpress/wp-includes/class-wpdb.php on line 789",
    "level": "WARNING",
    "type": "PHP",
    "test": "ast-sqlite-boot",
    "plugin": "radial-svg-slider",
    "details": "[09-May-2025 07:35:09 UTC] PHP Warning:  Undefined property: WP_SQLite_DB::$actionscheduler_groups in /wordpress/wp-includes/class-wpdb.php on line 789",
    "log": "/logs/plugins/r/radial-svg-slider/error.json"
  },
  {
    "message": "Undefined property: WP_SQLite_DB::$actionscheduler_actions in /wordpress/wp-includes/class-wpdb.php on line 789",
    "level": "WARNING",
    "type": "PHP",
    "test": "ast-sqlite-boot",
    "plugin": "radial-svg-slider",
    "details": "[09-May-2025 07:35:09 UTC] PHP Warning:  Undefined property: WP_SQLite_DB::$actionscheduler_actions in /wordpress/wp-includes/class-wpdb.php on line 789",
    "log": "/logs/plugins/r/radial-svg-slider/error.json"
  },
  {
    "message": "Uncaught RuntimeException: Error saving action: Error saving action: <div style=\"clear:both\">&nbsp;</div>",
    "level": "FATAL",
    "type": "PHP",
    "test": "ast-sqlite-boot",
    "plugin": "radial-svg-slider",
    "details": "[09-May-2025 07:35:09 UTC] PHP Fatal error:  Uncaught RuntimeException: Error saving action: Error saving action: <div style=\"clear:both\">&nbsp;</div>\n<div class=\"queries\" style=\"clear:both;margin-bottom:2px;border:red dotted thin;\">\n<p>MySQL query:</p>\n<p>INSERT INTO `` (`hook`, `status`, `scheduled_date_gmt`, `scheduled_date_local`, `args`, `schedule`, `group_id`) VALUES ('action_scheduler/migration_hook', 'pending', '2025-05-09 07:35:09', '2025-05-09 07:35:09', '[]', 'O:30:\\\"ActionScheduler_SimpleSchedule\\\":2:{s:22:\\\"\\0*\\0scheduled_timestamp\\\";i:1746776109;s:41:\\\"\\0ActionScheduler_SimpleSchedule\\0timestamp\\\";i:1746776109;}', '0')</p>\n<p>Queries made or created this session were:</p>\n<ol>\n<li>Executing: BEGIN | (no parameters)</li>\n<li>Executing: SELECT 1 FROM sqlite_temp_schema WHERE type = 'table' AND name = ? | parameters: </li>\n<li>Executing: \n\t\t\t\tSELECT column_name, is_nullable, column_default, data_type, extra\n\t\t\t\tFROM `_wp_sqlite_mysql_information_schema_columns`\n\t\t\t\tWHERE table_schema = ?\n\t\t\t\tAND table_name = ?\n\t\t\t\tORDER BY ordinal_position\n\t\t\t | parameters: database_name_here, </li>\n<li>Executing: INSERT INTO `` () SELECT  FROM (VALUES ( 'action_scheduler/migration_hook' , 'pending' , '2025-05-09 07:35:09' , '2025-05-09 07:35:09' , '[]' , ('O:30:&quot;ActionScheduler_SimpleSchedule&quot;:2:{s:22:&quot;' || CHAR(0) || '*' || CHAR(0) || 'scheduled_timestamp&quot;;i:1746776109;s:41:&quot;' || CHAR(0) || 'ActionScheduler_SimpleSchedule' || CHAR(0) || 'timestamp&quot;;i:1746776109;}') , '0' )) WHERE true | (no parameters)</li>\n<li>Executing: ROLLBACK | (no parameters)</li>\n</ol>\n</div>\n<div style=\"clear:both;margin-bottom:2px;border:red dotted thin;\" class=\"error_message\" style=\"border-bottom:dotted blue thin;\">\nSQLSTATE[HY000]: General error: 1 near \")\": syntax error\n</div>\n<p>Backtrace:</p>\n<pre>#0 /internal/shared/sqlite-database-integration/wp-includes/sqlite-ast/class-wp-sqlite-driver.php(683): WP_SQLite_Driver->new_driver_exception('SQLSTATE[HY000]...', 'HY000', Object(PDOException))\n#1 /internal/shared/sqlite-database-integration/wp-includes/sqlite/class-wp-sqlite-db.php(491): WP_SQLite_Driver->query('INSERT INTO `` ...')\n#2 /internal/shared/sqlite-database-integration/wp-includes/sqlite/class-wp-sqlite-db.php(432): WP_SQLite_DB->_do_query('INSERT INTO `` ...')\n#3 /wordpress/wp-includes/class-wpdb.php(2614): WP_SQLite_DB->query('INSERT INTO `` ...')\n#4 /wordpress/wp-includes/class-wpdb.php(2503): wpdb->_insert_replace_helper(NULL, Array, NULL, 'INSERT')\n#5 /wordpress/wp-content/plugins/subscriptions-recurring-payments-for-woocommerce/inc/libraries/action-scheduler/classes/data-stores/ActionScheduler_DBStore.php(46): wpdb->insert(NULL, Array)\n#6 /wordpress/wp-content/plugins/subscriptions-recurring-payments-for-woocommerce/inc/libraries/action-scheduler/classes/migration/ActionScheduler_DBStoreMigrator.php(31): ActionScheduler_DBStore->save_action(Object(ActionScheduler_Action), NULL)\n#7 /wordpress/wp-content/plugins/subscriptions-recurring-payments-for-woocommerce/inc/libraries/action-scheduler/classes/data-stores/ActionScheduler_HybridStore.php(225): ActionScheduler_DBStoreMigrator->save_action(Object(ActionScheduler_Action), NULL)\n#8 /wordpress/wp-content/plugins/subscriptions-recurring-payments-for-woocommerce/inc/libraries/action-scheduler/classes/ActionScheduler_ActionFactory.php(177): ActionScheduler_HybridStore->save_action(Object(ActionScheduler_Action))\n#9 /wordpress/wp-content/plugins/subscriptions-recurring-payments-for-woocommerce/inc/libraries/action-scheduler/classes/ActionScheduler_ActionFactory.php(84): ActionScheduler_ActionFactory->store(Object(ActionScheduler_Action))\n#10 /wordpress/wp-content/plugins/subscriptions-recurring-payments-for-woocommerce/inc/libraries/action-scheduler/functions.php(30): ActionScheduler_ActionFactory->single('action_schedule...', Array, 1746776109, 'action-schedule...')\n#11 /wordpress/wp-content/plugins/subscriptions-recurring-payments-for-woocommerce/inc/libraries/action-scheduler/classes/migration/Scheduler.php(89): as_schedule_single_action(1746776109, 'action_schedule...', Array, 'action-schedule...')\n#12 /wordpress/wp-content/plugins/subscriptions-recurring-payments-for-woocommerce/inc/libraries/action-scheduler/classes/migration/Controller.php(99): Action_Scheduler\\Migration\\Scheduler->schedule_migration()\n#13 /wordpress/wp-includes/class-wp-hook.php(322): Action_Scheduler\\Migration\\Controller->schedule_migration()\n#14 /wordpress/wp-includes/class-wp-hook.php(348): WP_Hook->apply_filters('', Array)\n#15 /wordpress/wp-includes/plugin.php(517): WP_Hook->do_action(Array)\n#16 /wordpress/wp-includes/load.php(1304): do_action('shutdown')\n#17 [internal function]: shutdown_action_hook()\n#18 {main}</pre>\n in /wordpress/wp-content/plugins/subscriptions-recurring-payments-for-woocommerce/inc/libraries/action-scheduler/classes/migration/ActionScheduler_DBStoreMigrator.php:44\nStack trace:\n#0 /wordpress/wp-content/plugins/subscriptions-recurring-payments-for-woocommerce/inc/libraries/action-scheduler/classes/data-stores/ActionScheduler_HybridStore.php(225): ActionScheduler_DBStoreMigrator->save_action(Object(ActionScheduler_Action), NULL)\n#1 /wordpress/wp-content/plugins/subscriptions-recurring-payments-for-woocommerce/inc/libraries/action-scheduler/classes/ActionScheduler_ActionFactory.php(177): ActionScheduler_HybridStore->save_action(Object(ActionScheduler_Action))\n#2 /wordpress/wp-content/plugins/subscriptions-recurring-payments-for-woocommerce/inc/libraries/action-scheduler/classes/ActionScheduler_ActionFactory.php(84): ActionScheduler_ActionFactory->store(Object(ActionScheduler_Action))\n#3 /wordpress/wp-content/plugins/subscriptions-recurring-payments-for-woocommerce/inc/libraries/action-scheduler/functions.php(30): ActionScheduler_ActionFactory->single('action_schedule...', Array, 1746776109, 'action-schedule...')\n#4 /wordpress/wp-content/plugins/subscriptions-recurring-payments-for-woocommerce/inc/libraries/action-scheduler/classes/migration/Scheduler.php(89): as_schedule_single_action(1746776109, 'action_schedule...', Array, 'action-schedule...')\n#5 /wordpress/wp-content/plugins/subscriptions-recurring-payments-for-woocommerce/inc/libraries/action-scheduler/classes/migration/Controller.php(99): Action_Scheduler\\Migration\\Scheduler->schedule_migration()\n#6 /wordpress/wp-includes/class-wp-hook.php(322): Action_Scheduler\\Migration\\Controller->schedule_migration()\n#7 /wordpress/wp-includes/class-wp-hook.php(348): WP_Hook->apply_filters('', Array)\n#8 /wordpress/wp-includes/plugin.php(517): WP_Hook->do_action(Array)\n#9 /wordpress/wp-includes/load.php(1304): do_action('shutdown')\n#10 [internal function]: shutdown_action_hook()\n#11 {main}\n  thrown in /wordpress/wp-content/plugins/subscriptions-recurring-payments-for-woocommerce/inc/libraries/action-scheduler/classes/migration/ActionScheduler_DBStoreMigrator.php on line 44",
    "log": "/logs/plugins/r/radial-svg-slider/error.json"
  },
  {
    "message": "Undefined property: WP_SQLite_DB::$actionscheduler_actions in /wordpress/wp-includes/class-wpdb.php on line 789",
    "level": "WARNING",
    "type": "PHP",
    "test": "ast-sqlite-boot",
    "plugin": "radial-svg-slider",
    "details": "[09-May-2025 07:35:20 UTC] PHP Warning:  Undefined property: WP_SQLite_DB::$actionscheduler_actions in /wordpress/wp-includes/class-wpdb.php on line 789",
    "log": "/logs/plugins/r/radial-svg-slider/error.json"
  },
  {
    "message": "SQLSTATE[HY000]: General error: 1 no such table: a.",
    "level": "FATAL",
    "type": "SQL",
    "test": "ast-sqlite-boot",
    "plugin": "radial-svg-slider",
    "details": "[09-May-2025 07:35:20 UTC] WordPress database error <div style=\"clear:both\">&nbsp;</div>\n<div class=\"queries\" style=\"clear:both;margin-bottom:2px;border:red dotted thin;\">\n<p>MySQL query:</p>\n<p>SELECT a.action_id FROM  a WHERE a.hook='action_scheduler/migration_hook' AND a.status='in-progress' ORDER BY scheduled_date_gmt DESC LIMIT 1</p>\n<p>Queries made or created this session were:</p>\n<ol>\n<li>Executing: BEGIN | (no parameters)</li>\n<li>Executing: SELECT a.action_id FROM  a WHERE a.hook=:param0  AND a.status=:param1  ORDER BY scheduled_date_gmt DESC LIMIT 1 | parameters: action_scheduler/migration_hook, in-progress</li>\n<li>Executing: ROLLBACK | (no parameters)</li>\n</ol>\n</div>\n<div style=\"clear:both;margin-bottom:2px;border:red dotted thin;\" class=\"error_message\" style=\"border-bottom:dotted blue thin;\">\nError occurred at line 4117 in Function <code>handle_error</code>. Error message was: SQLSTATE[HY000]: General error: 1 no such table: a.\n</div>\n<p>Backtrace:</p>\n<pre>#0 /internal/shared/sqlite-database-integration/wp-includes/sqlite/class-wp-sqlite-db.php(287): WP_SQLite_Translator->get_error_message()\n#1 /wordpress/wp-includes/class-wpdb.php(3031): WP_SQLite_DB->query('SELECT a.action...')\n#2 /wordpress/wp-content/plugins/subscriptions-recurring-payments-for-woocommerce/inc/libraries/action-scheduler/classes/data-stores/ActionScheduler_DBStore.php(210): wpdb->get_var('SELECT a.action...')\n#3 /wordpress/wp-content/plugins/subscriptions-recurring-payments-for-woocommerce/inc/libraries/action-scheduler/classes/data-stores/ActionScheduler_HybridStore.php(134): ActionScheduler_DBStore->find_action('action_schedule...', Array)\n#4 /wordpress/wp-content/plugins/subscriptions-recurring-payments-for-woocommerce/inc/libraries/action-scheduler/functions.php(156): ActionScheduler_HybridStore->find_action('action_schedule...', Array)\n#5 /wordpress/wp-content/plugins/subscriptions-recurring-payments-for-woocommerce/inc/libraries/action-scheduler/classes/migration/Scheduler.php(66): as_next_scheduled_action('action_schedule...')\n#6 /wordpress/wp-content/plugins/subscriptions-recurring-payments-for-woocommerce/inc/libraries/action-scheduler/classes/migration/Controller.php(95): Action_Scheduler\\Migration\\Scheduler->is_migration_scheduled()\n#7 /wordpress/wp-includes/class-wp-hook.php(322): Action_Scheduler\\Migration\\Controller->schedule_migration()\n#8 /wordpress/wp-includes/class-wp-hook.php(348): WP_Hook->apply_filters('', Array)\n#9 /wordpress/wp-includes/plugin.php(517): WP_Hook->do_action(Array)\n#10 /wordpress/wp-includes/load.php(1304): do_action('shutdown')\n#11 [internal function]: shutdown_action_hook()\n#12 {main}</pre>\n for query SELECT a.action_id FROM  a WHERE a.hook='action_scheduler/migration_hook' AND a.status='in-progress' ORDER BY scheduled_date_gmt DESC LIMIT 1 made by shutdown_action_hook, do_action('shutdown'), WP_Hook->do_action, WP_Hook->apply_filters, Action_Scheduler\\Migration\\Controller->schedule_migration, Action_Scheduler\\Migration\\Scheduler->is_migration_scheduled, as_next_scheduled_action, ActionScheduler_HybridStore->find_action, ActionScheduler_DBStore->find_action, WP_SQLite_DB->query, WP_SQLite_DB->print_error",
    "log": "/logs/plugins/r/radial-svg-slider/error.json"
  },
  {
    "message": "SQLSTATE[HY000]: General error: 1 no such table: a.",
    "level": "FATAL",
    "type": "SQL",
    "test": "ast-sqlite-boot",
    "plugin": "radial-svg-slider",
    "details": "[09-May-2025 07:35:20 UTC] WordPress database error <div style=\"clear:both\">&nbsp;</div>\n<div class=\"queries\" style=\"clear:both;margin-bottom:2px;border:red dotted thin;\">\n<p>MySQL query:</p>\n<p>SELECT a.action_id FROM  a WHERE a.hook='action_scheduler/migration_hook' AND a.status='pending' ORDER BY scheduled_date_gmt ASC LIMIT 1</p>\n<p>Queries made or created this session were:</p>\n<ol>\n<li>Executing: BEGIN | (no parameters)</li>\n<li>Executing: SELECT a.action_id FROM  a WHERE a.hook=:param0  AND a.status=:param1  ORDER BY scheduled_date_gmt ASC LIMIT 1 | parameters: action_scheduler/migration_hook, pending</li>\n<li>Executing: ROLLBACK | (no parameters)</li>\n</ol>\n</div>\n<div style=\"clear:both;margin-bottom:2px;border:red dotted thin;\" class=\"error_message\" style=\"border-bottom:dotted blue thin;\">\nError occurred at line 4117 in Function <code>handle_error</code>. Error message was: SQLSTATE[HY000]: General error: 1 no such table: a.\n</div>\n<p>Backtrace:</p>\n<pre>#0 /internal/shared/sqlite-database-integration/wp-includes/sqlite/class-wp-sqlite-db.php(287): WP_SQLite_Translator->get_error_message()\n#1 /wordpress/wp-includes/class-wpdb.php(3031): WP_SQLite_DB->query('SELECT a.action...')\n#2 /wordpress/wp-content/plugins/subscriptions-recurring-payments-for-woocommerce/inc/libraries/action-scheduler/classes/data-stores/ActionScheduler_DBStore.php(210): wpdb->get_var('SELECT a.action...')\n#3 /wordpress/wp-content/plugins/subscriptions-recurring-payments-for-woocommerce/inc/libraries/action-scheduler/classes/data-stores/ActionScheduler_HybridStore.php(134): ActionScheduler_DBStore->find_action('action_schedule...', Array)\n#4 /wordpress/wp-content/plugins/subscriptions-recurring-payments-for-woocommerce/inc/libraries/action-scheduler/functions.php(162): ActionScheduler_HybridStore->find_action('action_schedule...', Array)\n#5 /wordpress/wp-content/plugins/subscriptions-recurring-payments-for-woocommerce/inc/libraries/action-scheduler/classes/migration/Scheduler.php(66): as_next_scheduled_action('action_schedule...')\n#6 /wordpress/wp-content/plugins/subscriptions-recurring-payments-for-woocommerce/inc/libraries/action-scheduler/classes/migration/Controller.php(95): Action_Scheduler\\Migration\\Scheduler->is_migration_scheduled()\n#7 /wordpress/wp-includes/class-wp-hook.php(322): Action_Scheduler\\Migration\\Controller->schedule_migration()\n#8 /wordpress/wp-includes/class-wp-hook.php(348): WP_Hook->apply_filters('', Array)\n#9 /wordpress/wp-includes/plugin.php(517): WP_Hook->do_action(Array)\n#10 /wordpress/wp-includes/load.php(1304): do_action('shutdown')\n#11 [internal function]: shutdown_action_hook()\n#12 {main}</pre>\n for query SELECT a.action_id FROM  a WHERE a.hook='action_scheduler/migration_hook' AND a.status='pending' ORDER BY scheduled_date_gmt ASC LIMIT 1 made by shutdown_action_hook, do_action('shutdown'), WP_Hook->do_action, WP_Hook->apply_filters, Action_Scheduler\\Migration\\Controller->schedule_migration, Action_Scheduler\\Migration\\Scheduler->is_migration_scheduled, as_next_scheduled_action, ActionScheduler_HybridStore->find_action, ActionScheduler_DBStore->find_action, WP_SQLite_DB->query, WP_SQLite_DB->print_error",
    "log": "/logs/plugins/r/radial-svg-slider/error.json"
  },
  {
    "message": "SQLSTATE[HY000]: General error: 1 no such table: a.",
    "level": "FATAL",
    "type": "SQL",
    "test": "ast-sqlite-boot",
    "plugin": "radial-svg-slider",
    "details": "[09-May-2025 07:35:20 UTC] WordPress database error <div style=\"clear:both\">&nbsp;</div>\n<div class=\"queries\" style=\"clear:both;margin-bottom:2px;border:red dotted thin;\">\n<p>MySQL query:</p>\n<p>SELECT a.action_id FROM  a WHERE a.hook='action_scheduler/migration_hook' AND a.status='in-progress' ORDER BY scheduled_date_gmt DESC LIMIT 1</p>\n<p>Queries made or created this session were:</p>\n<ol>\n<li>Executing: BEGIN | (no parameters)</li>\n<li>Executing: SELECT a.action_id FROM  a WHERE a.hook=:param0  AND a.status=:param1  ORDER BY scheduled_date_gmt DESC LIMIT 1 | parameters: action_scheduler/migration_hook, in-progress</li>\n<li>Executing: ROLLBACK | (no parameters)</li>\n</ol>\n</div>\n<div style=\"clear:both;margin-bottom:2px;border:red dotted thin;\" class=\"error_message\" style=\"border-bottom:dotted blue thin;\">\nError occurred at line 4117 in Function <code>handle_error</code>. Error message was: SQLSTATE[HY000]: General error: 1 no such table: a.\n</div>\n<p>Backtrace:</p>\n<pre>#0 /internal/shared/sqlite-database-integration/wp-includes/sqlite/class-wp-sqlite-db.php(287): WP_SQLite_Translator->get_error_message()\n#1 /wordpress/wp-includes/class-wpdb.php(3031): WP_SQLite_DB->query('SELECT a.action...')\n#2 /wordpress/wp-content/plugins/subscriptions-recurring-payments-for-woocommerce/inc/libraries/action-scheduler/classes/data-stores/ActionScheduler_DBStore.php(210): wpdb->get_var('SELECT a.action...')\n#3 /wordpress/wp-content/plugins/subscriptions-recurring-payments-for-woocommerce/inc/libraries/action-scheduler/classes/data-stores/ActionScheduler_HybridStore.php(134): ActionScheduler_DBStore->find_action('action_schedule...', Array)\n#4 /wordpress/wp-content/plugins/subscriptions-recurring-payments-for-woocommerce/inc/libraries/action-scheduler/functions.php(156): ActionScheduler_HybridStore->find_action('action_schedule...', Array)\n#5 /wordpress/wp-content/plugins/subscriptions-recurring-payments-for-woocommerce/inc/libraries/action-scheduler/classes/migration/Scheduler.php(79): as_next_scheduled_action('action_schedule...')\n#6 /wordpress/wp-content/plugins/subscriptions-recurring-payments-for-woocommerce/inc/libraries/action-scheduler/classes/migration/Controller.php(99): Action_Scheduler\\Migration\\Scheduler->schedule_migration()\n#7 /wordpress/wp-includes/class-wp-hook.php(322): Action_Scheduler\\Migration\\Controller->schedule_migration()\n#8 /wordpress/wp-includes/class-wp-hook.php(348): WP_Hook->apply_filters('', Array)\n#9 /wordpress/wp-includes/plugin.php(517): WP_Hook->do_action(Array)\n#10 /wordpress/wp-includes/load.php(1304): do_action('shutdown')\n#11 [internal function]: shutdown_action_hook()\n#12 {main}</pre>\n for query SELECT a.action_id FROM  a WHERE a.hook='action_scheduler/migration_hook' AND a.status='in-progress' ORDER BY scheduled_date_gmt DESC LIMIT 1 made by shutdown_action_hook, do_action('shutdown'), WP_Hook->do_action, WP_Hook->apply_filters, Action_Scheduler\\Migration\\Controller->schedule_migration, Action_Scheduler\\Migration\\Scheduler->schedule_migration, as_next_scheduled_action, ActionScheduler_HybridStore->find_action, ActionScheduler_DBStore->find_action, WP_SQLite_DB->query, WP_SQLite_DB->print_error",
    "log": "/logs/plugins/r/radial-svg-slider/error.json"
  },
  {
    "message": "SQLSTATE[HY000]: General error: 1 no such table: a.",
    "level": "FATAL",
    "type": "SQL",
    "test": "ast-sqlite-boot",
    "plugin": "radial-svg-slider",
    "details": "[09-May-2025 07:35:20 UTC] WordPress database error <div style=\"clear:both\">&nbsp;</div>\n<div class=\"queries\" style=\"clear:both;margin-bottom:2px;border:red dotted thin;\">\n<p>MySQL query:</p>\n<p>SELECT a.action_id FROM  a WHERE a.hook='action_scheduler/migration_hook' AND a.status='pending' ORDER BY scheduled_date_gmt ASC LIMIT 1</p>\n<p>Queries made or created this session were:</p>\n<ol>\n<li>Executing: BEGIN | (no parameters)</li>\n<li>Executing: SELECT a.action_id FROM  a WHERE a.hook=:param0  AND a.status=:param1  ORDER BY scheduled_date_gmt ASC LIMIT 1 | parameters: action_scheduler/migration_hook, pending</li>\n<li>Executing: ROLLBACK | (no parameters)</li>\n</ol>\n</div>\n<div style=\"clear:both;margin-bottom:2px;border:red dotted thin;\" class=\"error_message\" style=\"border-bottom:dotted blue thin;\">\nError occurred at line 4117 in Function <code>handle_error</code>. Error message was: SQLSTATE[HY000]: General error: 1 no such table: a.\n</div>\n<p>Backtrace:</p>\n<pre>#0 /internal/shared/sqlite-database-integration/wp-includes/sqlite/class-wp-sqlite-db.php(287): WP_SQLite_Translator->get_error_message()\n#1 /wordpress/wp-includes/class-wpdb.php(3031): WP_SQLite_DB->query('SELECT a.action...')\n#2 /wordpress/wp-content/plugins/subscriptions-recurring-payments-for-woocommerce/inc/libraries/action-scheduler/classes/data-stores/ActionScheduler_DBStore.php(210): wpdb->get_var('SELECT a.action...')\n#3 /wordpress/wp-content/plugins/subscriptions-recurring-payments-for-woocommerce/inc/libraries/action-scheduler/classes/data-stores/ActionScheduler_HybridStore.php(134): ActionScheduler_DBStore->find_action('action_schedule...', Array)\n#4 /wordpress/wp-content/plugins/subscriptions-recurring-payments-for-woocommerce/inc/libraries/action-scheduler/functions.php(162): ActionScheduler_HybridStore->find_action('action_schedule...', Array)\n#5 /wordpress/wp-content/plugins/subscriptions-recurring-payments-for-woocommerce/inc/libraries/action-scheduler/classes/migration/Scheduler.php(79): as_next_scheduled_action('action_schedule...')\n#6 /wordpress/wp-content/plugins/subscriptions-recurring-payments-for-woocommerce/inc/libraries/action-scheduler/classes/migration/Controller.php(99): Action_Scheduler\\Migration\\Scheduler->schedule_migration()\n#7 /wordpress/wp-includes/class-wp-hook.php(322): Action_Scheduler\\Migration\\Controller->schedule_migration()\n#8 /wordpress/wp-includes/class-wp-hook.php(348): WP_Hook->apply_filters('', Array)\n#9 /wordpress/wp-includes/plugin.php(517): WP_Hook->do_action(Array)\n#10 /wordpress/wp-includes/load.php(1304): do_action('shutdown')\n#11 [internal function]: shutdown_action_hook()\n#12 {main}</pre>\n for query SELECT a.action_id FROM  a WHERE a.hook='action_scheduler/migration_hook' AND a.status='pending' ORDER BY scheduled_date_gmt ASC LIMIT 1 made by shutdown_action_hook, do_action('shutdown'), WP_Hook->do_action, WP_Hook->apply_filters, Action_Scheduler\\Migration\\Controller->schedule_migration, Action_Scheduler\\Migration\\Scheduler->schedule_migration, as_next_scheduled_action, ActionScheduler_HybridStore->find_action, ActionScheduler_DBStore->find_action, WP_SQLite_DB->query, WP_SQLite_DB->print_error",
    "log": "/logs/plugins/r/radial-svg-slider/error.json"
  },
  {
    "message": "Undefined property: WP_SQLite_DB::$actionscheduler_groups in /wordpress/wp-includes/class-wpdb.php on line 789",
    "level": "WARNING",
    "type": "PHP",
    "test": "ast-sqlite-boot",
    "plugin": "radial-svg-slider",
    "details": "[09-May-2025 07:35:20 UTC] PHP Warning:  Undefined property: WP_SQLite_DB::$actionscheduler_groups in /wordpress/wp-includes/class-wpdb.php on line 789",
    "log": "/logs/plugins/r/radial-svg-slider/error.json"
  },
  {
    "message": "SQLSTATE[HY000]: General error: 1 near \"WHERE\": syntax error.",
    "level": "FATAL",
    "type": "SQL",
    "test": "ast-sqlite-boot",
    "plugin": "radial-svg-slider",
    "details": "[09-May-2025 07:35:20 UTC] WordPress database error <div style=\"clear:both\">&nbsp;</div>\n<div class=\"queries\" style=\"clear:both;margin-bottom:2px;border:red dotted thin;\">\n<p>MySQL query:</p>\n<p>SELECT group_id FROM  WHERE slug='action-scheduler-migration'</p>\n<p>Queries made or created this session were:</p>\n<ol>\n<li>Executing: BEGIN | (no parameters)</li>\n<li>Executing: SELECT group_id FROM  WHERE slug=:param0  | parameters: action-scheduler-migration</li>\n<li>Executing: ROLLBACK | (no parameters)</li>\n</ol>\n</div>\n<div style=\"clear:both;margin-bottom:2px;border:red dotted thin;\" class=\"error_message\" style=\"border-bottom:dotted blue thin;\">\nError occurred at line 4117 in Function <code>handle_error</code>. Error message was: SQLSTATE[HY000]: General error: 1 near \"WHERE\": syntax error.\n</div>\n<p>Backtrace:</p>\n<pre>#0 /internal/shared/sqlite-database-integration/wp-includes/sqlite/class-wp-sqlite-db.php(287): WP_SQLite_Translator->get_error_message()\n#1 /wordpress/wp-includes/class-wpdb.php(3031): WP_SQLite_DB->query('SELECT group_id...')\n#2 /wordpress/wp-content/plugins/subscriptions-recurring-payments-for-woocommerce/inc/libraries/action-scheduler/classes/data-stores/ActionScheduler_DBStore.php(79): wpdb->get_var('SELECT group_id...')\n#3 /wordpress/wp-content/plugins/subscriptions-recurring-payments-for-woocommerce/inc/libraries/action-scheduler/classes/data-stores/ActionScheduler_DBStore.php(44): ActionScheduler_DBStore->get_group_id('action-schedule...')\n#4 /wordpress/wp-content/plugins/subscriptions-recurring-payments-for-woocommerce/inc/libraries/action-scheduler/classes/migration/ActionScheduler_DBStoreMigrator.php(31): ActionScheduler_DBStore->save_action(Object(ActionScheduler_Action), NULL)\n#5 /wordpress/wp-content/plugins/subscriptions-recurring-payments-for-woocommerce/inc/libraries/action-scheduler/classes/data-stores/ActionScheduler_HybridStore.php(225): ActionScheduler_DBStoreMigrator->save_action(Object(ActionScheduler_Action), NULL)\n#6 /wordpress/wp-content/plugins/subscriptions-recurring-payments-for-woocommerce/inc/libraries/action-scheduler/classes/ActionScheduler_ActionFactory.php(177): ActionScheduler_HybridStore->save_action(Object(ActionScheduler_Action))\n#7 /wordpress/wp-content/plugins/subscriptions-recurring-payments-for-woocommerce/inc/libraries/action-scheduler/classes/ActionScheduler_ActionFactory.php(84): ActionScheduler_ActionFactory->store(Object(ActionScheduler_Action))\n#8 /wordpress/wp-content/plugins/subscriptions-recurring-payments-for-woocommerce/inc/libraries/action-scheduler/functions.php(30): ActionScheduler_ActionFactory->single('action_schedule...', Array, 1746776120, 'action-schedule...')\n#9 /wordpress/wp-content/plugins/subscriptions-recurring-payments-for-woocommerce/inc/libraries/action-scheduler/classes/migration/Scheduler.php(89): as_schedule_single_action(1746776120, 'action_schedule...', Array, 'action-schedule...')\n#10 /wordpress/wp-content/plugins/subscriptions-recurring-payments-for-woocommerce/inc/libraries/action-scheduler/classes/migration/Controller.php(99): Action_Scheduler\\Migration\\Scheduler->schedule_migration()\n#11 /wordpress/wp-includes/class-wp-hook.php(322): Action_Scheduler\\Migration\\Controller->schedule_migration()\n#12 /wordpress/wp-includes/class-wp-hook.php(348): WP_Hook->apply_filters('', Array)\n#13 /wordpress/wp-includes/plugin.php(517): WP_Hook->do_action(Array)\n#14 /wordpress/wp-includes/load.php(1304): do_action('shutdown')\n#15 [internal function]: shutdown_action_hook()\n#16 {main}</pre>\n for query SELECT group_id FROM  WHERE slug='action-scheduler-migration' made by shutdown_action_hook, do_action('shutdown'), WP_Hook->do_action, WP_Hook->apply_filters, Action_Scheduler\\Migration\\Controller->schedule_migration, Action_Scheduler\\Migration\\Scheduler->schedule_migration, as_schedule_single_action, ActionScheduler_ActionFactory->single, ActionScheduler_ActionFactory->store, ActionScheduler_HybridStore->save_action, ActionScheduler_DBStoreMigrator->save_action, ActionScheduler_DBStore->save_action, ActionScheduler_DBStore->get_group_id, WP_SQLite_DB->query, WP_SQLite_DB->print_error",
    "log": "/logs/plugins/r/radial-svg-slider/error.json"
  },
  {
    "message": "SQLSTATE[HY000]: General error: 1 no such table: .",
    "level": "FATAL",
    "type": "SQL",
    "test": "ast-sqlite-boot",
    "plugin": "radial-svg-slider",
    "details": "[09-May-2025 07:35:20 UTC] WordPress database error <div style=\"clear:both\">&nbsp;</div>\n<div class=\"queries\" style=\"clear:both;margin-bottom:2px;border:red dotted thin;\">\n<p>MySQL query:</p>\n<p>INSERT INTO `` (`slug`) VALUES ('action-scheduler-migration')</p>\n<p>Queries made or created this session were:</p>\n<ol>\n<li>Executing: BEGIN | (no parameters)</li>\n<li>Executing: INSERT INTO `` (`slug`) VALUES (:param0 ) | parameters: action-scheduler-migration</li>\n<li>Executing: ROLLBACK | (no parameters)</li>\n</ol>\n</div>\n<div style=\"clear:both;margin-bottom:2px;border:red dotted thin;\" class=\"error_message\" style=\"border-bottom:dotted blue thin;\">\nError occurred at line 4117 in Function <code>handle_error</code>. Error message was: SQLSTATE[HY000]: General error: 1 no such table: .\n</div>\n<p>Backtrace:</p>\n<pre>#0 /internal/shared/sqlite-database-integration/wp-includes/sqlite/class-wp-sqlite-db.php(287): WP_SQLite_Translator->get_error_message()\n#1 /wordpress/wp-includes/class-wpdb.php(2614): WP_SQLite_DB->query('INSERT INTO `` ...')\n#2 /wordpress/wp-includes/class-wpdb.php(2503): wpdb->_insert_replace_helper(NULL, Array, NULL, 'INSERT')\n#3 /wordpress/wp-content/plugins/subscriptions-recurring-payments-for-woocommerce/inc/libraries/action-scheduler/classes/data-stores/ActionScheduler_DBStore.php(97): wpdb->insert(NULL, Array)\n#4 /wordpress/wp-content/plugins/subscriptions-recurring-payments-for-woocommerce/inc/libraries/action-scheduler/classes/data-stores/ActionScheduler_DBStore.php(81): ActionScheduler_DBStore->create_group('action-schedule...')\n#5 /wordpress/wp-content/plugins/subscriptions-recurring-payments-for-woocommerce\n",
    "log": "/logs/plugins/r/radial-svg-slider/error.json"
  },
  {
    "message": "file:///home/runner/work/playground-tester/playground-tester/node_modules/@wp-playground/cli/index.js:237\n        throw new Error(y, { cause: u });\n              ^\n",
    "level": "FATAL",
    "type": "PLAYGROUND",
    "test": "asyncify-boot",
    "plugin": "radial-svg-slider",
    "details": "file:///home/runner/work/playground-tester/playground-tester/node_modules/@wp-playground/cli/index.js:237\n        throw new Error(y, { cause: u });\n              ^\n",
    "log": "/tmp/tmp.cI6KX22aRH"
  },
  {
    "message": "Required parameter $ids follows optional parameter $size in /wordpress/wp-content/plugins/simplest-gallery/simplest-gallery.php on line 400",
    "level": "DEPRECATED",
    "type": "PHP",
    "test": "asyncify-boot",
    "plugin": "radial-svg-slider",
    "details": "[09-May-2025 07:28:22 UTC] PHP Deprecated:  Required parameter $ids follows optional parameter $size in /wordpress/wp-content/plugins/simplest-gallery/simplest-gallery.php on line 400",
    "log": "/logs/plugins/r/radial-svg-slider/error.json"
  },
  {
    "message": "Required parameter $attrs follows optional parameter $post_id in /wordpress/wp-content/plugins/simplest-gallery/lightbox.php on line 71",
    "level": "DEPRECATED",
    "type": "PHP",
    "test": "asyncify-boot",
    "plugin": "radial-svg-slider",
    "details": "[09-May-2025 07:28:22 UTC] PHP Deprecated:  Required parameter $attrs follows optional parameter $post_id in /wordpress/wp-content/plugins/simplest-gallery/lightbox.php on line 71",
    "log": "/logs/plugins/r/radial-svg-slider/error.json"
  },
  {
    "message": "Required parameter $attrs follows optional parameter $post_id in /wordpress/wp-content/plugins/simplest-gallery/lightbox.php on line 79",
    "level": "DEPRECATED",
    "type": "PHP",
    "test": "asyncify-boot",
    "plugin": "radial-svg-slider",
    "details": "[09-May-2025 07:28:22 UTC] PHP Deprecated:  Required parameter $attrs follows optional parameter $post_id in /wordpress/wp-content/plugins/simplest-gallery/lightbox.php on line 79",
    "log": "/logs/plugins/r/radial-svg-slider/error.json"
  },
  {
    "message": "Required parameter $ids follows optional parameter $size in /wordpress/wp-content/plugins/simplest-gallery/simplest-gallery.php on line 400",
    "level": "DEPRECATED",
    "type": "PHP",
    "test": "asyncify-boot",
    "plugin": "radial-svg-slider",
    "details": "[09-May-2025 07:28:23 UTC] PHP Deprecated:  Required parameter $ids follows optional parameter $size in /wordpress/wp-content/plugins/simplest-gallery/simplest-gallery.php on line 400",
    "log": "/logs/plugins/r/radial-svg-slider/error.json"
  },
  {
    "message": "Required parameter $attrs follows optional parameter $post_id in /wordpress/wp-content/plugins/simplest-gallery/lightbox.php on line 71",
    "level": "DEPRECATED",
    "type": "PHP",
    "test": "asyncify-boot",
    "plugin": "radial-svg-slider",
    "details": "[09-May-2025 07:28:23 UTC] PHP Deprecated:  Required parameter $attrs follows optional parameter $post_id in /wordpress/wp-content/plugins/simplest-gallery/lightbox.php on line 71",
    "log": "/logs/plugins/r/radial-svg-slider/error.json"
  },
  {
    "message": "Required parameter $attrs follows optional parameter $post_id in /wordpress/wp-content/plugins/simplest-gallery/lightbox.php on line 79",
    "level": "DEPRECATED",
    "type": "PHP",
    "test": "asyncify-boot",
    "plugin": "radial-svg-slider",
    "details": "[09-May-2025 07:28:23 UTC] PHP Deprecated:  Required parameter $attrs follows optional parameter $post_id in /wordpress/wp-content/plugins/simplest-gallery/lightbox.php on line 79",
    "log": "/logs/plugins/r/radial-svg-slider/error.json"
  },
  {
    "message": "Required parameter $ids follows optional parameter $size in /wordpress/wp-content/plugins/simplest-gallery/simplest-gallery.php on line 400",
    "level": "DEPRECATED",
    "type": "PHP",
    "test": "asyncify-boot",
    "plugin": "radial-svg-slider",
    "details": "[09-May-2025 07:28:32 UTC] PHP Deprecated:  Required parameter $ids follows optional parameter $size in /wordpress/wp-content/plugins/simplest-gallery/simplest-gallery.php on line 400",
    "log": "/logs/plugins/r/radial-svg-slider/error.json"
  },
  {
    "message": "Required parameter $attrs follows optional parameter $post_id in /wordpress/wp-content/plugins/simplest-gallery/lightbox.php on line 71",
    "level": "DEPRECATED",
    "type": "PHP",
    "test": "asyncify-boot",
    "plugin": "radial-svg-slider",
    "details": "[09-May-2025 07:28:32 UTC] PHP Deprecated:  Required parameter $attrs follows optional parameter $post_id in /wordpress/wp-content/plugins/simplest-gallery/lightbox.php on line 71",
    "log": "/logs/plugins/r/radial-svg-slider/error.json"
  },
  {
    "message": "Required parameter $attrs follows optional parameter $post_id in /wordpress/wp-content/plugins/simplest-gallery/lightbox.php on line 79",
    "level": "DEPRECATED",
    "type": "PHP",
    "test": "asyncify-boot",
    "plugin": "radial-svg-slider",
    "details": "[09-May-2025 07:28:32 UTC] PHP Deprecated:  Required parameter $attrs follows optional parameter $post_id in /wordpress/wp-content/plugins/simplest-gallery/lightbox.php on line 79",
    "log": "/logs/plugins/r/radial-svg-slider/error.json"
  },
  {
    "message": "Required parameter $ids follows optional parameter $size in /wordpress/wp-content/plugins/simplest-gallery/simplest-gallery.php on line 400",
    "level": "DEPRECATED",
    "type": "PHP",
    "test": "asyncify-boot",
    "plugin": "radial-svg-slider",
    "details": "[09-May-2025 07:28:33 UTC] PHP Deprecated:  Required parameter $ids follows optional parameter $size in /wordpress/wp-content/plugins/simplest-gallery/simplest-gallery.php on line 400",
    "log": "/logs/plugins/r/radial-svg-slider/error.json"
  },
  {
    "message": "Required parameter $attrs follows optional parameter $post_id in /wordpress/wp-content/plugins/simplest-gallery/lightbox.php on line 71",
    "level": "DEPRECATED",
    "type": "PHP",
    "test": "asyncify-boot",
    "plugin": "radial-svg-slider",
    "details": "[09-May-2025 07:28:33 UTC] PHP Deprecated:  Required parameter $attrs follows optional parameter $post_id in /wordpress/wp-content/plugins/simplest-gallery/lightbox.php on line 71",
    "log": "/logs/plugins/r/radial-svg-slider/error.json"
  },
  {
    "message": "Required parameter $attrs follows optional parameter $post_id in /wordpress/wp-content/plugins/simplest-gallery/lightbox.php on line 79",
    "level": "DEPRECATED",
    "type": "PHP",
    "test": "asyncify-boot",
    "plugin": "radial-svg-slider",
    "details": "[09-May-2025 07:28:33 UTC] PHP Deprecated:  Required parameter $attrs follows optional parameter $post_id in /wordpress/wp-content/plugins/simplest-gallery/lightbox.php on line 79",
    "log": "/logs/plugins/r/radial-svg-slider/error.json"
  },
  {
    "message": "Required parameter $ids follows optional parameter $size in /wordpress/wp-content/plugins/simplest-gallery/simplest-gallery.php on line 400",
    "level": "DEPRECATED",
    "type": "PHP",
    "test": "asyncify-boot",
    "plugin": "radial-svg-slider",
    "details": "[09-May-2025 07:28:41 UTC] PHP Deprecated:  Required parameter $ids follows optional parameter $size in /wordpress/wp-content/plugins/simplest-gallery/simplest-gallery.php on line 400",
    "log": "/logs/plugins/r/radial-svg-slider/error.json"
  },
  {
    "message": "Required parameter $attrs follows optional parameter $post_id in /wordpress/wp-content/plugins/simplest-gallery/lightbox.php on line 71",
    "level": "DEPRECATED",
    "type": "PHP",
    "test": "asyncify-boot",
    "plugin": "radial-svg-slider",
    "details": "[09-May-2025 07:28:41 UTC] PHP Deprecated:  Required parameter $attrs follows optional parameter $post_id in /wordpress/wp-content/plugins/simplest-gallery/lightbox.php on line 71",
    "log": "/logs/plugins/r/radial-svg-slider/error.json"
  },
  {
    "message": "Required parameter $attrs follows optional parameter $post_id in /wordpress/wp-content/plugins/simplest-gallery/lightbox.php on line 79",
    "level": "DEPRECATED",
    "type": "PHP",
    "test": "asyncify-boot",
    "plugin": "radial-svg-slider",
    "details": "[09-May-2025 07:28:41 UTC] PHP Deprecated:  Required parameter $attrs follows optional parameter $post_id in /wordpress/wp-content/plugins/simplest-gallery/lightbox.php on line 79",
    "log": "/logs/plugins/r/radial-svg-slider/error.json"
  },
  {
    "message": "Required parameter $ids follows optional parameter $size in /wordpress/wp-content/plugins/simplest-gallery/simplest-gallery.php on line 400",
    "level": "DEPRECATED",
    "type": "PHP",
    "test": "asyncify-boot",
    "plugin": "radial-svg-slider",
    "details": "[09-May-2025 07:28:42 UTC] PHP Deprecated:  Required parameter $ids follows optional parameter $size in /wordpress/wp-content/plugins/simplest-gallery/simplest-gallery.php on line 400",
    "log": "/logs/plugins/r/radial-svg-slider/error.json"
  },
  {
    "message": "Required parameter $attrs follows optional parameter $post_id in /wordpress/wp-content/plugins/simplest-gallery/lightbox.php on line 71",
    "level": "DEPRECATED",
    "type": "PHP",
    "test": "asyncify-boot",
    "plugin": "radial-svg-slider",
    "details": "[09-May-2025 07:28:42 UTC] PHP Deprecated:  Required parameter $attrs follows optional parameter $post_id in /wordpress/wp-content/plugins/simplest-gallery/lightbox.php on line 71",
    "log": "/logs/plugins/r/radial-svg-slider/error.json"
  },
  {
    "message": "Required parameter $attrs follows optional parameter $post_id in /wordpress/wp-content/plugins/simplest-gallery/lightbox.php on line 79",
    "level": "DEPRECATED",
    "type": "PHP",
    "test": "asyncify-boot",
    "plugin": "radial-svg-slider",
    "details": "[09-May-2025 07:28:42 UTC] PHP Deprecated:  Required parameter $attrs follows optional parameter $post_id in /wordpress/wp-content/plugins/simplest-gallery/lightbox.php on line 79",
    "log": "/logs/plugins/r/radial-svg-slider/error.json"
  },
  {
    "message": "Data type expected in MySQL query, unknown token received: (.",
    "level": "FATAL",
    "type": "SQL",
    "test": "asyncify-boot",
    "plugin": "radial-svg-slider",
    "details": "[09-May-2025 07:29:14 UTC] WordPress database error <div style=\"clear:both\">&nbsp;</div>\n<div class=\"queries\" style=\"clear:both;margin-bottom:2px;border:red dotted thin;\">\n<p>MySQL query:</p>\n<p>ALTER TABLE wp_ssa_appointment_type_labels ADD  `` (``)</p>\n<p>Queries made or created this session were:</p>\n<ol>\n<li>Executing: BEGIN | (no parameters)</li>\n<li>Executing: ROLLBACK | (no parameters)</li>\n</ol>\n</div>\n<div style=\"clear:both;margin-bottom:2px;border:red dotted thin;\" class=\"error_message\" style=\"border-bottom:dotted blue thin;\">\nError occurred at line 4117 in Function <code>handle_error</code>. Error message was: Data type expected in MySQL query, unknown token received: (.\n</div>\n<p>Backtrace:</p>\n<pre>#0 /internal/shared/sqlite-database-integration/wp-includes/sqlite/class-wp-sqlite-db.php(287): WP_SQLite_Translator->get_error_message()\n#1 /wordpress/wp-admin/includes/upgrade.php(3280): WP_SQLite_DB->query('ALTER TABLE wp_...')\n#2 /wordpress/wp-content/plugins/simply-schedule-appointments/includes/lib/td-util/class-td-db-model.php(984): dbDelta(Array)\n#3 /wordpress/wp-content/plugins/simply-schedule-appointments/includes/class-upgrade.php(854): TD_DB_Model->create_table()\n#4 /wordpress/wp-content/plugins/simply-schedule-appointments/includes/class-upgrade.php(835): SSA_Upgrade->migrate_appointment_type_labels()\n#5 /wordpress/wp-content/plugins/simply-schedule-appointments/includes/class-upgrade.php(334): SSA_Upgrade->migrate_to_version_6_1_5('5.4.6')\n#6 /wordpress/wp-includes/class-wp-hook.php(324): SSA_Upgrade->migrations('')\n#7 /wordpress/wp-includes/class-wp-hook.php(348): WP_Hook->apply_filters(NULL, Array)\n#8 /wordpress/wp-includes/plugin.php(517): WP_Hook->do_action(Array)\n#9 /wordpress/wp-settings.php(727): do_action('init')\n#10 /wordpress/wp-config.php(102): require_once('/wordpress/wp-s...')\n#11 /wordpress/wp-load.php(50): require_once('/wordpress/wp-c...')\n#12 /internal/eval.php(3): require_once('/wordpress/wp-l...')\n#13 {main}</pre>\n for query ALTER TABLE wp_ssa_appointment_type_labels ADD  `` (``) made by require_once('wp-load.php'), require_once('wp-config.php'), require_once('wp-settings.php'), do_action('init'), WP_Hook->do_action, WP_Hook->apply_filters, SSA_Upgrade->migrations, SSA_Upgrade->migrate_to_version_6_1_5, SSA_Upgrade->migrate_appointment_type_labels, TD_DB_Model->create_table, dbDelta, WP_SQLite_DB->query, WP_SQLite_DB->print_error",
    "log": "/logs/plugins/r/radial-svg-slider/error.json"
  },
  {
    "message": "Data type expected in MySQL query, unknown token received: (.",
    "level": "FATAL",
    "type": "SQL",
    "test": "asyncify-boot",
    "plugin": "radial-svg-slider",
    "details": "[09-May-2025 07:29:30 UTC] WordPress database error <div style=\"clear:both\">&nbsp;</div>\n<div class=\"queries\" style=\"clear:both;margin-bottom:2px;border:red dotted thin;\">\n<p>MySQL query:</p>\n<p>ALTER TABLE wp_ssa_appointment_type_labels ADD  `` (``)</p>\n<p>Queries made or created this session were:</p>\n<ol>\n<li>Executing: BEGIN | (no parameters)</li>\n<li>Executing: ROLLBACK | (no parameters)</li>\n</ol>\n</div>\n<div style=\"clear:both;margin-bottom:2px;border:red dotted thin;\" class=\"error_message\" style=\"border-bottom:dotted blue thin;\">\nError occurred at line 4117 in Function <code>handle_error</code>. Error message was: Data type expected in MySQL query, unknown token received: (.\n</div>\n<p>Backtrace:</p>\n<pre>#0 /internal/shared/sqlite-database-integration/wp-includes/sqlite/class-wp-sqlite-db.php(287): WP_SQLite_Translator->get_error_message()\n#1 /wordpress/wp-admin/includes/upgrade.php(3280): WP_SQLite_DB->query('ALTER TABLE wp_...')\n#2 /wordpress/wp-content/plugins/simply-schedule-appointments/includes/lib/td-util/class-td-db-model.php(984): dbDelta(Array)\n#3 /wordpress/wp-content/plugins/simply-schedule-appointments/includes/class-upgrade.php(854): TD_DB_Model->create_table()\n#4 /wordpress/wp-content/plugins/simply-schedule-appointments/includes/class-upgrade.php(835): SSA_Upgrade->migrate_appointment_type_labels()\n#5 /wordpress/wp-content/plugins/simply-schedule-appointments/includes/class-upgrade.php(334): SSA_Upgrade->migrate_to_version_6_1_5('5.4.6')\n#6 /wordpress/wp-includes/class-wp-hook.php(324): SSA_Upgrade->migrations('')\n#7 /wordpress/wp-includes/class-wp-hook.php(348): WP_Hook->apply_filters(NULL, Array)\n#8 /wordpress/wp-includes/plugin.php(517): WP_Hook->do_action(Array)\n#9 /wordpress/wp-settings.php(727): do_action('init')\n#10 /wordpress/wp-config.php(102): require_once('/wordpress/wp-s...')\n#11 /wordpress/wp-load.php(50): require_once('/wordpress/wp-c...')\n#12 /internal/eval.php(3): require_once('/wordpress/wp-l...')\n#13 {main}</pre>\n for query ALTER TABLE wp_ssa_appointment_type_labels ADD  `` (``) made by require_once('wp-load.php'), require_once('wp-config.php'), require_once('wp-settings.php'), do_action('init'), WP_Hook->do_action, WP_Hook->apply_filters, SSA_Upgrade->migrations, SSA_Upgrade->migrate_to_version_6_1_5, SSA_Upgrade->migrate_appointment_type_labels, TD_DB_Model->create_table, dbDelta, WP_SQLite_DB->query, WP_SQLite_DB->print_error",
    "log": "/logs/plugins/r/radial-svg-slider/error.json"
  },
  {
    "message": "Undefined property: WP_SQLite_DB::$actionscheduler_actions in /wordpress/wp-includes/class-wpdb.php on line 789",
    "level": "WARNING",
    "type": "PHP",
    "test": "asyncify-boot",
    "plugin": "radial-svg-slider",
    "details": "[09-May-2025 07:35:09 UTC] PHP Warning:  Undefined property: WP_SQLite_DB::$actionscheduler_actions in /wordpress/wp-includes/class-wpdb.php on line 789",
    "log": "/logs/plugins/r/radial-svg-slider/error.json"
  },
  {
    "message": "Undefined property: WP_SQLite_DB::$actionscheduler_groups in /wordpress/wp-includes/class-wpdb.php on line 789",
    "level": "WARNING",
    "type": "PHP",
    "test": "asyncify-boot",
    "plugin": "radial-svg-slider",
    "details": "[09-May-2025 07:35:09 UTC] PHP Warning:  Undefined property: WP_SQLite_DB::$actionscheduler_groups in /wordpress/wp-includes/class-wpdb.php on line 789",
    "log": "/logs/plugins/r/radial-svg-slider/error.json"
  },
  {
    "message": "Undefined property: WP_SQLite_DB::$actionscheduler_actions in /wordpress/wp-includes/class-wpdb.php on line 789",
    "level": "WARNING",
    "type": "PHP",
    "test": "asyncify-boot",
    "plugin": "radial-svg-slider",
    "details": "[09-May-2025 07:35:09 UTC] PHP Warning:  Undefined property: WP_SQLite_DB::$actionscheduler_actions in /wordpress/wp-includes/class-wpdb.php on line 789",
    "log": "/logs/plugins/r/radial-svg-slider/error.json"
  },
  {
    "message": "Uncaught RuntimeException: Error saving action: Error saving action: <div style=\"clear:both\">&nbsp;</div>",
    "level": "FATAL",
    "type": "PHP",
    "test": "asyncify-boot",
    "plugin": "radial-svg-slider",
    "details": "[09-May-2025 07:35:09 UTC] PHP Fatal error:  Uncaught RuntimeException: Error saving action: Error saving action: <div style=\"clear:both\">&nbsp;</div>\n<div class=\"queries\" style=\"clear:both;margin-bottom:2px;border:red dotted thin;\">\n<p>MySQL query:</p>\n<p>INSERT INTO `` (`hook`, `status`, `scheduled_date_gmt`, `scheduled_date_local`, `args`, `schedule`, `group_id`) VALUES ('action_scheduler/migration_hook', 'pending', '2025-05-09 07:35:09', '2025-05-09 07:35:09', '[]', 'O:30:\\\"ActionScheduler_SimpleSchedule\\\":2:{s:22:\\\"\\0*\\0scheduled_timestamp\\\";i:1746776109;s:41:\\\"\\0ActionScheduler_SimpleSchedule\\0timestamp\\\";i:1746776109;}', '0')</p>\n<p>Queries made or created this session were:</p>\n<ol>\n<li>Executing: BEGIN | (no parameters)</li>\n<li>Executing: SELECT 1 FROM sqlite_temp_schema WHERE type = 'table' AND name = ? | parameters: </li>\n<li>Executing: \n\t\t\t\tSELECT column_name, is_nullable, column_default, data_type, extra\n\t\t\t\tFROM `_wp_sqlite_mysql_information_schema_columns`\n\t\t\t\tWHERE table_schema = ?\n\t\t\t\tAND table_name = ?\n\t\t\t\tORDER BY ordinal_position\n\t\t\t | parameters: database_name_here, </li>\n<li>Executing: INSERT INTO `` () SELECT  FROM (VALUES ( 'action_scheduler/migration_hook' , 'pending' , '2025-05-09 07:35:09' , '2025-05-09 07:35:09' , '[]' , ('O:30:&quot;ActionScheduler_SimpleSchedule&quot;:2:{s:22:&quot;' || CHAR(0) || '*' || CHAR(0) || 'scheduled_timestamp&quot;;i:1746776109;s:41:&quot;' || CHAR(0) || 'ActionScheduler_SimpleSchedule' || CHAR(0) || 'timestamp&quot;;i:1746776109;}') , '0' )) WHERE true | (no parameters)</li>\n<li>Executing: ROLLBACK | (no parameters)</li>\n</ol>\n</div>\n<div style=\"clear:both;margin-bottom:2px;border:red dotted thin;\" class=\"error_message\" style=\"border-bottom:dotted blue thin;\">\nSQLSTATE[HY000]: General error: 1 near \")\": syntax error\n</div>\n<p>Backtrace:</p>\n<pre>#0 /internal/shared/sqlite-database-integration/wp-includes/sqlite-ast/class-wp-sqlite-driver.php(683): WP_SQLite_Driver->new_driver_exception('SQLSTATE[HY000]...', 'HY000', Object(PDOException))\n#1 /internal/shared/sqlite-database-integration/wp-includes/sqlite/class-wp-sqlite-db.php(491): WP_SQLite_Driver->query('INSERT INTO `` ...')\n#2 /internal/shared/sqlite-database-integration/wp-includes/sqlite/class-wp-sqlite-db.php(432): WP_SQLite_DB->_do_query('INSERT INTO `` ...')\n#3 /wordpress/wp-includes/class-wpdb.php(2614): WP_SQLite_DB->query('INSERT INTO `` ...')\n#4 /wordpress/wp-includes/class-wpdb.php(2503): wpdb->_insert_replace_helper(NULL, Array, NULL, 'INSERT')\n#5 /wordpress/wp-content/plugins/subscriptions-recurring-payments-for-woocommerce/inc/libraries/action-scheduler/classes/data-stores/ActionScheduler_DBStore.php(46): wpdb->insert(NULL, Array)\n#6 /wordpress/wp-content/plugins/subscriptions-recurring-payments-for-woocommerce/inc/libraries/action-scheduler/classes/migration/ActionScheduler_DBStoreMigrator.php(31): ActionScheduler_DBStore->save_action(Object(ActionScheduler_Action), NULL)\n#7 /wordpress/wp-content/plugins/subscriptions-recurring-payments-for-woocommerce/inc/libraries/action-scheduler/classes/data-stores/ActionScheduler_HybridStore.php(225): ActionScheduler_DBStoreMigrator->save_action(Object(ActionScheduler_Action), NULL)\n#8 /wordpress/wp-content/plugins/subscriptions-recurring-payments-for-woocommerce/inc/libraries/action-scheduler/classes/ActionScheduler_ActionFactory.php(177): ActionScheduler_HybridStore->save_action(Object(ActionScheduler_Action))\n#9 /wordpress/wp-content/plugins/subscriptions-recurring-payments-for-woocommerce/inc/libraries/action-scheduler/classes/ActionScheduler_ActionFactory.php(84): ActionScheduler_ActionFactory->store(Object(ActionScheduler_Action))\n#10 /wordpress/wp-content/plugins/subscriptions-recurring-payments-for-woocommerce/inc/libraries/action-scheduler/functions.php(30): ActionScheduler_ActionFactory->single('action_schedule...', Array, 1746776109, 'action-schedule...')\n#11 /wordpress/wp-content/plugins/subscriptions-recurring-payments-for-woocommerce/inc/libraries/action-scheduler/classes/migration/Scheduler.php(89): as_schedule_single_action(1746776109, 'action_schedule...', Array, 'action-schedule...')\n#12 /wordpress/wp-content/plugins/subscriptions-recurring-payments-for-woocommerce/inc/libraries/action-scheduler/classes/migration/Controller.php(99): Action_Scheduler\\Migration\\Scheduler->schedule_migration()\n#13 /wordpress/wp-includes/class-wp-hook.php(322): Action_Scheduler\\Migration\\Controller->schedule_migration()\n#14 /wordpress/wp-includes/class-wp-hook.php(348): WP_Hook->apply_filters('', Array)\n#15 /wordpress/wp-includes/plugin.php(517): WP_Hook->do_action(Array)\n#16 /wordpress/wp-includes/load.php(1304): do_action('shutdown')\n#17 [internal function]: shutdown_action_hook()\n#18 {main}</pre>\n in /wordpress/wp-content/plugins/subscriptions-recurring-payments-for-woocommerce/inc/libraries/action-scheduler/classes/migration/ActionScheduler_DBStoreMigrator.php:44\nStack trace:\n#0 /wordpress/wp-content/plugins/subscriptions-recurring-payments-for-woocommerce/inc/libraries/action-scheduler/classes/data-stores/ActionScheduler_HybridStore.php(225): ActionScheduler_DBStoreMigrator->save_action(Object(ActionScheduler_Action), NULL)\n#1 /wordpress/wp-content/plugins/subscriptions-recurring-payments-for-woocommerce/inc/libraries/action-scheduler/classes/ActionScheduler_ActionFactory.php(177): ActionScheduler_HybridStore->save_action(Object(ActionScheduler_Action))\n#2 /wordpress/wp-content/plugins/subscriptions-recurring-payments-for-woocommerce/inc/libraries/action-scheduler/classes/ActionScheduler_ActionFactory.php(84): ActionScheduler_ActionFactory->store(Object(ActionScheduler_Action))\n#3 /wordpress/wp-content/plugins/subscriptions-recurring-payments-for-woocommerce/inc/libraries/action-scheduler/functions.php(30): ActionScheduler_ActionFactory->single('action_schedule...', Array, 1746776109, 'action-schedule...')\n#4 /wordpress/wp-content/plugins/subscriptions-recurring-payments-for-woocommerce/inc/libraries/action-scheduler/classes/migration/Scheduler.php(89): as_schedule_single_action(1746776109, 'action_schedule...', Array, 'action-schedule...')\n#5 /wordpress/wp-content/plugins/subscriptions-recurring-payments-for-woocommerce/inc/libraries/action-scheduler/classes/migration/Controller.php(99): Action_Scheduler\\Migration\\Scheduler->schedule_migration()\n#6 /wordpress/wp-includes/class-wp-hook.php(322): Action_Scheduler\\Migration\\Controller->schedule_migration()\n#7 /wordpress/wp-includes/class-wp-hook.php(348): WP_Hook->apply_filters('', Array)\n#8 /wordpress/wp-includes/plugin.php(517): WP_Hook->do_action(Array)\n#9 /wordpress/wp-includes/load.php(1304): do_action('shutdown')\n#10 [internal function]: shutdown_action_hook()\n#11 {main}\n  thrown in /wordpress/wp-content/plugins/subscriptions-recurring-payments-for-woocommerce/inc/libraries/action-scheduler/classes/migration/ActionScheduler_DBStoreMigrator.php on line 44",
    "log": "/logs/plugins/r/radial-svg-slider/error.json"
  },
  {
    "message": "Undefined property: WP_SQLite_DB::$actionscheduler_actions in /wordpress/wp-includes/class-wpdb.php on line 789",
    "level": "WARNING",
    "type": "PHP",
    "test": "asyncify-boot",
    "plugin": "radial-svg-slider",
    "details": "[09-May-2025 07:35:20 UTC] PHP Warning:  Undefined property: WP_SQLite_DB::$actionscheduler_actions in /wordpress/wp-includes/class-wpdb.php on line 789",
    "log": "/logs/plugins/r/radial-svg-slider/error.json"
  },
  {
    "message": "SQLSTATE[HY000]: General error: 1 no such table: a.",
    "level": "FATAL",
    "type": "SQL",
    "test": "asyncify-boot",
    "plugin": "radial-svg-slider",
    "details": "[09-May-2025 07:35:20 UTC] WordPress database error <div style=\"clear:both\">&nbsp;</div>\n<div class=\"queries\" style=\"clear:both;margin-bottom:2px;border:red dotted thin;\">\n<p>MySQL query:</p>\n<p>SELECT a.action_id FROM  a WHERE a.hook='action_scheduler/migration_hook' AND a.status='in-progress' ORDER BY scheduled_date_gmt DESC LIMIT 1</p>\n<p>Queries made or created this session were:</p>\n<ol>\n<li>Executing: BEGIN | (no parameters)</li>\n<li>Executing: SELECT a.action_id FROM  a WHERE a.hook=:param0  AND a.status=:param1  ORDER BY scheduled_date_gmt DESC LIMIT 1 | parameters: action_scheduler/migration_hook, in-progress</li>\n<li>Executing: ROLLBACK | (no parameters)</li>\n</ol>\n</div>\n<div style=\"clear:both;margin-bottom:2px;border:red dotted thin;\" class=\"error_message\" style=\"border-bottom:dotted blue thin;\">\nError occurred at line 4117 in Function <code>handle_error</code>. Error message was: SQLSTATE[HY000]: General error: 1 no such table: a.\n</div>\n<p>Backtrace:</p>\n<pre>#0 /internal/shared/sqlite-database-integration/wp-includes/sqlite/class-wp-sqlite-db.php(287): WP_SQLite_Translator->get_error_message()\n#1 /wordpress/wp-includes/class-wpdb.php(3031): WP_SQLite_DB->query('SELECT a.action...')\n#2 /wordpress/wp-content/plugins/subscriptions-recurring-payments-for-woocommerce/inc/libraries/action-scheduler/classes/data-stores/ActionScheduler_DBStore.php(210): wpdb->get_var('SELECT a.action...')\n#3 /wordpress/wp-content/plugins/subscriptions-recurring-payments-for-woocommerce/inc/libraries/action-scheduler/classes/data-stores/ActionScheduler_HybridStore.php(134): ActionScheduler_DBStore->find_action('action_schedule...', Array)\n#4 /wordpress/wp-content/plugins/subscriptions-recurring-payments-for-woocommerce/inc/libraries/action-scheduler/functions.php(156): ActionScheduler_HybridStore->find_action('action_schedule...', Array)\n#5 /wordpress/wp-content/plugins/subscriptions-recurring-payments-for-woocommerce/inc/libraries/action-scheduler/classes/migration/Scheduler.php(66): as_next_scheduled_action('action_schedule...')\n#6 /wordpress/wp-content/plugins/subscriptions-recurring-payments-for-woocommerce/inc/libraries/action-scheduler/classes/migration/Controller.php(95): Action_Scheduler\\Migration\\Scheduler->is_migration_scheduled()\n#7 /wordpress/wp-includes/class-wp-hook.php(322): Action_Scheduler\\Migration\\Controller->schedule_migration()\n#8 /wordpress/wp-includes/class-wp-hook.php(348): WP_Hook->apply_filters('', Array)\n#9 /wordpress/wp-includes/plugin.php(517): WP_Hook->do_action(Array)\n#10 /wordpress/wp-includes/load.php(1304): do_action('shutdown')\n#11 [internal function]: shutdown_action_hook()\n#12 {main}</pre>\n for query SELECT a.action_id FROM  a WHERE a.hook='action_scheduler/migration_hook' AND a.status='in-progress' ORDER BY scheduled_date_gmt DESC LIMIT 1 made by shutdown_action_hook, do_action('shutdown'), WP_Hook->do_action, WP_Hook->apply_filters, Action_Scheduler\\Migration\\Controller->schedule_migration, Action_Scheduler\\Migration\\Scheduler->is_migration_scheduled, as_next_scheduled_action, ActionScheduler_HybridStore->find_action, ActionScheduler_DBStore->find_action, WP_SQLite_DB->query, WP_SQLite_DB->print_error",
    "log": "/logs/plugins/r/radial-svg-slider/error.json"
  },
  {
    "message": "SQLSTATE[HY000]: General error: 1 no such table: a.",
    "level": "FATAL",
    "type": "SQL",
    "test": "asyncify-boot",
    "plugin": "radial-svg-slider",
    "details": "[09-May-2025 07:35:20 UTC] WordPress database error <div style=\"clear:both\">&nbsp;</div>\n<div class=\"queries\" style=\"clear:both;margin-bottom:2px;border:red dotted thin;\">\n<p>MySQL query:</p>\n<p>SELECT a.action_id FROM  a WHERE a.hook='action_scheduler/migration_hook' AND a.status='pending' ORDER BY scheduled_date_gmt ASC LIMIT 1</p>\n<p>Queries made or created this session were:</p>\n<ol>\n<li>Executing: BEGIN | (no parameters)</li>\n<li>Executing: SELECT a.action_id FROM  a WHERE a.hook=:param0  AND a.status=:param1  ORDER BY scheduled_date_gmt ASC LIMIT 1 | parameters: action_scheduler/migration_hook, pending</li>\n<li>Executing: ROLLBACK | (no parameters)</li>\n</ol>\n</div>\n<div style=\"clear:both;margin-bottom:2px;border:red dotted thin;\" class=\"error_message\" style=\"border-bottom:dotted blue thin;\">\nError occurred at line 4117 in Function <code>handle_error</code>. Error message was: SQLSTATE[HY000]: General error: 1 no such table: a.\n</div>\n<p>Backtrace:</p>\n<pre>#0 /internal/shared/sqlite-database-integration/wp-includes/sqlite/class-wp-sqlite-db.php(287): WP_SQLite_Translator->get_error_message()\n#1 /wordpress/wp-includes/class-wpdb.php(3031): WP_SQLite_DB->query('SELECT a.action...')\n#2 /wordpress/wp-content/plugins/subscriptions-recurring-payments-for-woocommerce/inc/libraries/action-scheduler/classes/data-stores/ActionScheduler_DBStore.php(210): wpdb->get_var('SELECT a.action...')\n#3 /wordpress/wp-content/plugins/subscriptions-recurring-payments-for-woocommerce/inc/libraries/action-scheduler/classes/data-stores/ActionScheduler_HybridStore.php(134): ActionScheduler_DBStore->find_action('action_schedule...', Array)\n#4 /wordpress/wp-content/plugins/subscriptions-recurring-payments-for-woocommerce/inc/libraries/action-scheduler/functions.php(162): ActionScheduler_HybridStore->find_action('action_schedule...', Array)\n#5 /wordpress/wp-content/plugins/subscriptions-recurring-payments-for-woocommerce/inc/libraries/action-scheduler/classes/migration/Scheduler.php(66): as_next_scheduled_action('action_schedule...')\n#6 /wordpress/wp-content/plugins/subscriptions-recurring-payments-for-woocommerce/inc/libraries/action-scheduler/classes/migration/Controller.php(95): Action_Scheduler\\Migration\\Scheduler->is_migration_scheduled()\n#7 /wordpress/wp-includes/class-wp-hook.php(322): Action_Scheduler\\Migration\\Controller->schedule_migration()\n#8 /wordpress/wp-includes/class-wp-hook.php(348): WP_Hook->apply_filters('', Array)\n#9 /wordpress/wp-includes/plugin.php(517): WP_Hook->do_action(Array)\n#10 /wordpress/wp-includes/load.php(1304): do_action('shutdown')\n#11 [internal function]: shutdown_action_hook()\n#12 {main}</pre>\n for query SELECT a.action_id FROM  a WHERE a.hook='action_scheduler/migration_hook' AND a.status='pending' ORDER BY scheduled_date_gmt ASC LIMIT 1 made by shutdown_action_hook, do_action('shutdown'), WP_Hook->do_action, WP_Hook->apply_filters, Action_Scheduler\\Migration\\Controller->schedule_migration, Action_Scheduler\\Migration\\Scheduler->is_migration_scheduled, as_next_scheduled_action, ActionScheduler_HybridStore->find_action, ActionScheduler_DBStore->find_action, WP_SQLite_DB->query, WP_SQLite_DB->print_error",
    "log": "/logs/plugins/r/radial-svg-slider/error.json"
  },
  {
    "message": "SQLSTATE[HY000]: General error: 1 no such table: a.",
    "level": "FATAL",
    "type": "SQL",
    "test": "asyncify-boot",
    "plugin": "radial-svg-slider",
    "details": "[09-May-2025 07:35:20 UTC] WordPress database error <div style=\"clear:both\">&nbsp;</div>\n<div class=\"queries\" style=\"clear:both;margin-bottom:2px;border:red dotted thin;\">\n<p>MySQL query:</p>\n<p>SELECT a.action_id FROM  a WHERE a.hook='action_scheduler/migration_hook' AND a.status='in-progress' ORDER BY scheduled_date_gmt DESC LIMIT 1</p>\n<p>Queries made or created this session were:</p>\n<ol>\n<li>Executing: BEGIN | (no parameters)</li>\n<li>Executing: SELECT a.action_id FROM  a WHERE a.hook=:param0  AND a.status=:param1  ORDER BY scheduled_date_gmt DESC LIMIT 1 | parameters: action_scheduler/migration_hook, in-progress</li>\n<li>Executing: ROLLBACK | (no parameters)</li>\n</ol>\n</div>\n<div style=\"clear:both;margin-bottom:2px;border:red dotted thin;\" class=\"error_message\" style=\"border-bottom:dotted blue thin;\">\nError occurred at line 4117 in Function <code>handle_error</code>. Error message was: SQLSTATE[HY000]: General error: 1 no such table: a.\n</div>\n<p>Backtrace:</p>\n<pre>#0 /internal/shared/sqlite-database-integration/wp-includes/sqlite/class-wp-sqlite-db.php(287): WP_SQLite_Translator->get_error_message()\n#1 /wordpress/wp-includes/class-wpdb.php(3031): WP_SQLite_DB->query('SELECT a.action...')\n#2 /wordpress/wp-content/plugins/subscriptions-recurring-payments-for-woocommerce/inc/libraries/action-scheduler/classes/data-stores/ActionScheduler_DBStore.php(210): wpdb->get_var('SELECT a.action...')\n#3 /wordpress/wp-content/plugins/subscriptions-recurring-payments-for-woocommerce/inc/libraries/action-scheduler/classes/data-stores/ActionScheduler_HybridStore.php(134): ActionScheduler_DBStore->find_action('action_schedule...', Array)\n#4 /wordpress/wp-content/plugins/subscriptions-recurring-payments-for-woocommerce/inc/libraries/action-scheduler/functions.php(156): ActionScheduler_HybridStore->find_action('action_schedule...', Array)\n#5 /wordpress/wp-content/plugins/subscriptions-recurring-payments-for-woocommerce/inc/libraries/action-scheduler/classes/migration/Scheduler.php(79): as_next_scheduled_action('action_schedule...')\n#6 /wordpress/wp-content/plugins/subscriptions-recurring-payments-for-woocommerce/inc/libraries/action-scheduler/classes/migration/Controller.php(99): Action_Scheduler\\Migration\\Scheduler->schedule_migration()\n#7 /wordpress/wp-includes/class-wp-hook.php(322): Action_Scheduler\\Migration\\Controller->schedule_migration()\n#8 /wordpress/wp-includes/class-wp-hook.php(348): WP_Hook->apply_filters('', Array)\n#9 /wordpress/wp-includes/plugin.php(517): WP_Hook->do_action(Array)\n#10 /wordpress/wp-includes/load.php(1304): do_action('shutdown')\n#11 [internal function]: shutdown_action_hook()\n#12 {main}</pre>\n for query SELECT a.action_id FROM  a WHERE a.hook='action_scheduler/migration_hook' AND a.status='in-progress' ORDER BY scheduled_date_gmt DESC LIMIT 1 made by shutdown_action_hook, do_action('shutdown'), WP_Hook->do_action, WP_Hook->apply_filters, Action_Scheduler\\Migration\\Controller->schedule_migration, Action_Scheduler\\Migration\\Scheduler->schedule_migration, as_next_scheduled_action, ActionScheduler_HybridStore->find_action, ActionScheduler_DBStore->find_action, WP_SQLite_DB->query, WP_SQLite_DB->print_error",
    "log": "/logs/plugins/r/radial-svg-slider/error.json"
  },
  {
    "message": "SQLSTATE[HY000]: General error: 1 no such table: a.",
    "level": "FATAL",
    "type": "SQL",
    "test": "asyncify-boot",
    "plugin": "radial-svg-slider",
    "details": "[09-May-2025 07:35:20 UTC] WordPress database error <div style=\"clear:both\">&nbsp;</div>\n<div class=\"queries\" style=\"clear:both;margin-bottom:2px;border:red dotted thin;\">\n<p>MySQL query:</p>\n<p>SELECT a.action_id FROM  a WHERE a.hook='action_scheduler/migration_hook' AND a.status='pending' ORDER BY scheduled_date_gmt ASC LIMIT 1</p>\n<p>Queries made or created this session were:</p>\n<ol>\n<li>Executing: BEGIN | (no parameters)</li>\n<li>Executing: SELECT a.action_id FROM  a WHERE a.hook=:param0  AND a.status=:param1  ORDER BY scheduled_date_gmt ASC LIMIT 1 | parameters: action_scheduler/migration_hook, pending</li>\n<li>Executing: ROLLBACK | (no parameters)</li>\n</ol>\n</div>\n<div style=\"clear:both;margin-bottom:2px;border:red dotted thin;\" class=\"error_message\" style=\"border-bottom:dotted blue thin;\">\nError occurred at line 4117 in Function <code>handle_error</code>. Error message was: SQLSTATE[HY000]: General error: 1 no such table: a.\n</div>\n<p>Backtrace:</p>\n<pre>#0 /internal/shared/sqlite-database-integration/wp-includes/sqlite/class-wp-sqlite-db.php(287): WP_SQLite_Translator->get_error_message()\n#1 /wordpress/wp-includes/class-wpdb.php(3031): WP_SQLite_DB->query('SELECT a.action...')\n#2 /wordpress/wp-content/plugins/subscriptions-recurring-payments-for-woocommerce/inc/libraries/action-scheduler/classes/data-stores/ActionScheduler_DBStore.php(210): wpdb->get_var('SELECT a.action...')\n#3 /wordpress/wp-content/plugins/subscriptions-recurring-payments-for-woocommerce/inc/libraries/action-scheduler/classes/data-stores/ActionScheduler_HybridStore.php(134): ActionScheduler_DBStore->find_action('action_schedule...', Array)\n#4 /wordpress/wp-content/plugins/subscriptions-recurring-payments-for-woocommerce/inc/libraries/action-scheduler/functions.php(162): ActionScheduler_HybridStore->find_action('action_schedule...', Array)\n#5 /wordpress/wp-content/plugins/subscriptions-recurring-payments-for-woocommerce/inc/libraries/action-scheduler/classes/migration/Scheduler.php(79): as_next_scheduled_action('action_schedule...')\n#6 /wordpress/wp-content/plugins/subscriptions-recurring-payments-for-woocommerce/inc/libraries/action-scheduler/classes/migration/Controller.php(99): Action_Scheduler\\Migration\\Scheduler->schedule_migration()\n#7 /wordpress/wp-includes/class-wp-hook.php(322): Action_Scheduler\\Migration\\Controller->schedule_migration()\n#8 /wordpress/wp-includes/class-wp-hook.php(348): WP_Hook->apply_filters('', Array)\n#9 /wordpress/wp-includes/plugin.php(517): WP_Hook->do_action(Array)\n#10 /wordpress/wp-includes/load.php(1304): do_action('shutdown')\n#11 [internal function]: shutdown_action_hook()\n#12 {main}</pre>\n for query SELECT a.action_id FROM  a WHERE a.hook='action_scheduler/migration_hook' AND a.status='pending' ORDER BY scheduled_date_gmt ASC LIMIT 1 made by shutdown_action_hook, do_action('shutdown'), WP_Hook->do_action, WP_Hook->apply_filters, Action_Scheduler\\Migration\\Controller->schedule_migration, Action_Scheduler\\Migration\\Scheduler->schedule_migration, as_next_scheduled_action, ActionScheduler_HybridStore->find_action, ActionScheduler_DBStore->find_action, WP_SQLite_DB->query, WP_SQLite_DB->print_error",
    "log": "/logs/plugins/r/radial-svg-slider/error.json"
  },
  {
    "message": "Undefined property: WP_SQLite_DB::$actionscheduler_groups in /wordpress/wp-includes/class-wpdb.php on line 789",
    "level": "WARNING",
    "type": "PHP",
    "test": "asyncify-boot",
    "plugin": "radial-svg-slider",
    "details": "[09-May-2025 07:35:20 UTC] PHP Warning:  Undefined property: WP_SQLite_DB::$actionscheduler_groups in /wordpress/wp-includes/class-wpdb.php on line 789",
    "log": "/logs/plugins/r/radial-svg-slider/error.json"
  },
  {
    "message": "SQLSTATE[HY000]: General error: 1 near \"WHERE\": syntax error.",
    "level": "FATAL",
    "type": "SQL",
    "test": "asyncify-boot",
    "plugin": "radial-svg-slider",
    "details": "[09-May-2025 07:35:20 UTC] WordPress database error <div style=\"clear:both\">&nbsp;</div>\n<div class=\"queries\" style=\"clear:both;margin-bottom:2px;border:red dotted thin;\">\n<p>MySQL query:</p>\n<p>SELECT group_id FROM  WHERE slug='action-scheduler-migration'</p>\n<p>Queries made or created this session were:</p>\n<ol>\n<li>Executing: BEGIN | (no parameters)</li>\n<li>Executing: SELECT group_id FROM  WHERE slug=:param0  | parameters: action-scheduler-migration</li>\n<li>Executing: ROLLBACK | (no parameters)</li>\n</ol>\n</div>\n<div style=\"clear:both;margin-bottom:2px;border:red dotted thin;\" class=\"error_message\" style=\"border-bottom:dotted blue thin;\">\nError occurred at line 4117 in Function <code>handle_error</code>. Error message was: SQLSTATE[HY000]: General error: 1 near \"WHERE\": syntax error.\n</div>\n<p>Backtrace:</p>\n<pre>#0 /internal/shared/sqlite-database-integration/wp-includes/sqlite/class-wp-sqlite-db.php(287): WP_SQLite_Translator->get_error_message()\n#1 /wordpress/wp-includes/class-wpdb.php(3031): WP_SQLite_DB->query('SELECT group_id...')\n#2 /wordpress/wp-content/plugins/subscriptions-recurring-payments-for-woocommerce/inc/libraries/action-scheduler/classes/data-stores/ActionScheduler_DBStore.php(79): wpdb->get_var('SELECT group_id...')\n#3 /wordpress/wp-content/plugins/subscriptions-recurring-payments-for-woocommerce/inc/libraries/action-scheduler/classes/data-stores/ActionScheduler_DBStore.php(44): ActionScheduler_DBStore->get_group_id('action-schedule...')\n#4 /wordpress/wp-content/plugins/subscriptions-recurring-payments-for-woocommerce/inc/libraries/action-scheduler/classes/migration/ActionScheduler_DBStoreMigrator.php(31): ActionScheduler_DBStore->save_action(Object(ActionScheduler_Action), NULL)\n#5 /wordpress/wp-content/plugins/subscriptions-recurring-payments-for-woocommerce/inc/libraries/action-scheduler/classes/data-stores/ActionScheduler_HybridStore.php(225): ActionScheduler_DBStoreMigrator->save_action(Object(ActionScheduler_Action), NULL)\n#6 /wordpress/wp-content/plugins/subscriptions-recurring-payments-for-woocommerce/inc/libraries/action-scheduler/classes/ActionScheduler_ActionFactory.php(177): ActionScheduler_HybridStore->save_action(Object(ActionScheduler_Action))\n#7 /wordpress/wp-content/plugins/subscriptions-recurring-payments-for-woocommerce/inc/libraries/action-scheduler/classes/ActionScheduler_ActionFactory.php(84): ActionScheduler_ActionFactory->store(Object(ActionScheduler_Action))\n#8 /wordpress/wp-content/plugins/subscriptions-recurring-payments-for-woocommerce/inc/libraries/action-scheduler/functions.php(30): ActionScheduler_ActionFactory->single('action_schedule...', Array, 1746776120, 'action-schedule...')\n#9 /wordpress/wp-content/plugins/subscriptions-recurring-payments-for-woocommerce/inc/libraries/action-scheduler/classes/migration/Scheduler.php(89): as_schedule_single_action(1746776120, 'action_schedule...', Array, 'action-schedule...')\n#10 /wordpress/wp-content/plugins/subscriptions-recurring-payments-for-woocommerce/inc/libraries/action-scheduler/classes/migration/Controller.php(99): Action_Scheduler\\Migration\\Scheduler->schedule_migration()\n#11 /wordpress/wp-includes/class-wp-hook.php(322): Action_Scheduler\\Migration\\Controller->schedule_migration()\n#12 /wordpress/wp-includes/class-wp-hook.php(348): WP_Hook->apply_filters('', Array)\n#13 /wordpress/wp-includes/plugin.php(517): WP_Hook->do_action(Array)\n#14 /wordpress/wp-includes/load.php(1304): do_action('shutdown')\n#15 [internal function]: shutdown_action_hook()\n#16 {main}</pre>\n for query SELECT group_id FROM  WHERE slug='action-scheduler-migration' made by shutdown_action_hook, do_action('shutdown'), WP_Hook->do_action, WP_Hook->apply_filters, Action_Scheduler\\Migration\\Controller->schedule_migration, Action_Scheduler\\Migration\\Scheduler->schedule_migration, as_schedule_single_action, ActionScheduler_ActionFactory->single, ActionScheduler_ActionFactory->store, ActionScheduler_HybridStore->save_action, ActionScheduler_DBStoreMigrator->save_action, ActionScheduler_DBStore->save_action, ActionScheduler_DBStore->get_group_id, WP_SQLite_DB->query, WP_SQLite_DB->print_error",
    "log": "/logs/plugins/r/radial-svg-slider/error.json"
  },
  {
    "message": "SQLSTATE[HY000]: General error: 1 no such table: .",
    "level": "FATAL",
    "type": "SQL",
    "test": "asyncify-boot",
    "plugin": "radial-svg-slider",
    "details": "[09-May-2025 07:35:20 UTC] WordPress database error <div style=\"clear:both\">&nbsp;</div>\n<div class=\"queries\" style=\"clear:both;margin-bottom:2px;border:red dotted thin;\">\n<p>MySQL query:</p>\n<p>INSERT INTO `` (`slug`) VALUES ('action-scheduler-migration')</p>\n<p>Queries made or created this session were:</p>\n<ol>\n<li>Executing: BEGIN | (no parameters)</li>\n<li>Executing: INSERT INTO `` (`slug`) VALUES (:param0 ) | parameters: action-scheduler-migration</li>\n<li>Executing: ROLLBACK | (no parameters)</li>\n</ol>\n</div>\n<div style=\"clear:both;margin-bottom:2px;border:red dotted thin;\" class=\"error_message\" style=\"border-bottom:dotted blue thin;\">\nError occurred at line 4117 in Function <code>handle_error</code>. Error message was: SQLSTATE[HY000]: General error: 1 no such table: .\n</div>\n<p>Backtrace:</p>\n<pre>#0 /internal/shared/sqlite-database-integration/wp-includes/sqlite/class-wp-sqlite-db.php(287): WP_SQLite_Translator->get_error_message()\n#1 /wordpress/wp-includes/class-wpdb.php(2614): WP_SQLite_DB->query('INSERT INTO `` ...')\n#2 /wordpress/wp-includes/class-wpdb.php(2503): wpdb->_insert_replace_helper(NULL, Array, NULL, 'INSERT')\n#3 /wordpress/wp-content/plugins/subscriptions-recurring-payments-for-woocommerce/inc/libraries/action-scheduler/classes/data-stores/ActionScheduler_DBStore.php(97): wpdb->insert(NULL, Array)\n#4 /wordpress/wp-content/plugins/subscriptions-recurring-payments-for-woocommerce/inc/libraries/action-scheduler/classes/data-stores/ActionScheduler_DBStore.php(81): ActionScheduler_DBStore->create_group('action-schedule...')\n#5 /wordpress/wp-content/plugins/subscriptions-recurring-payments-for-woocommerce/inc/libraries/action-scheduler/classes/data-stores/ActionScheduler_DBStore.php(44): ActionScheduler_DBStore->get_group_id('action-schedule...')\n#6 /wordpress/wp-content/plugins/subscriptions-recurring-payments-for-woocommerce/inc/libraries/action-scheduler/classes/migration/ActionScheduler_DBStoreMigrator.php(31): ActionScheduler_DBStore->save_action(Object(ActionScheduler_Action), NULL)\n#7 /wordpress/wp-content/plugins/subscriptions-recurring-payments-for-woocommerce/inc/libraries/action-scheduler/classes/data-stores/ActionScheduler_HybridStore.php(225): ActionScheduler_DBStoreMigrator->save_action(Object(ActionScheduler_Action), NULL)\n#8 /wordpress/wp-content/plugins/subscriptions-recurring-payments-for-woocommerce/inc/libraries/action-scheduler/classes/ActionScheduler_ActionFactory.php(177): ActionScheduler_HybridStore->save_action(Object(ActionScheduler_Action))\n#9 /wordpress/wp-content/plugins/subscriptions-recurring-payments-for-woocommerce/inc/libraries/action-scheduler/classes/ActionScheduler_ActionFactory.php(84): ActionScheduler_ActionFactory->store(Object(ActionScheduler_Action))\n#10 /wordpress/wp-content/plugins/subscriptions-recurring-payments-for-woocommerce/inc/libraries/action-scheduler/functions.php(30): ActionScheduler_ActionFactory->single('action_schedule...', Array, 1746776120, 'action-schedule...')\n#11 /wordpress/wp-content/plugins/subscriptions-recurring-payments-for-woocommerce/inc/libraries/action-scheduler/classes/migration/Scheduler.php(89): as_schedule_single_action(1746776120, 'action_schedule...', Array, 'action-schedule...')\n#12 /wordpress/wp-content/plugins/subscriptions-recurring-payments-for-woocommerce/inc/libraries/action-scheduler/classes/migration/Controller.php(99): Action_Scheduler\\Migration\\Scheduler->schedule_migration()\n#13 /wordpress/wp-includes/class-wp-hook.php(322): Action_Scheduler\\Migration\\Controller->schedule_migration()\n#14 /wordpress/wp-includes/class-wp-hook.php(348): WP_Hook->apply_filters('', Array)\n#15 /wordpress/wp-includes/plugin.php(517): WP_Hook->do_action(Array)\n#16 /wordpress/wp-includes/load.php(1304): do_action('shutdown')\n#17 [internal function]: shutdown_action_hook()\n#18 {main}</pre>\n for query INSERT INTO `` (`slug`) VALUES ('action-scheduler-migration') made by shutdown_action_hook, do_action('shutdown'), WP_Hook->do_action, WP_Hook->apply_filters, Action_Scheduler\\Migration\\Controller->schedule_migration, Action_Scheduler\\Migration\\Scheduler->schedule_migration, as_schedule_single_action, ActionScheduler_ActionFactory->single, ActionScheduler_ActionFactory->store, ActionScheduler_HybridStore->save_action, ActionScheduler_DBStoreMigrator->save_action, ActionScheduler_DBStore->save_action, ActionScheduler_DBStore->get_group_id, ActionScheduler_DBStore->create_group, WP_SQLite_DB->query, WP_SQLite_DB->print_error",
    "log": "/logs/plugins/r/radial-svg-slider/error.json"
  },
  {
    "message": "Undefined property: WP_SQLite_DB::$actionscheduler_actions in /wordpress/wp-includes/class-wpdb.php on line 789",
    "level": "WARNING",
    "type": "PHP",
    "test": "asyncify-boot",
    "plugin": "radial-svg-slider",
    "details": "[09-May-2025 07:35:20 UTC] PHP Warning:  Undefined property: WP_SQLite_DB::$actionscheduler_actions in /wordpress/wp-includes/class-wpdb.php on line 789",
    "log": "/logs/plugins/r/radial-svg-slider/error.json"
  },
  {
    "message": "Uncaught RuntimeException: Error saving action: Error saving action: <div style=\"clear:both\">&nbsp;</div>",
    "level": "FATAL",
    "type": "PHP",
    "test": "asyncify-boot",
    "plugin": "radial-svg-slider",
    "details": "[09-May-2025 07:35:20 UTC] PHP Fatal error:  Uncaught RuntimeException: Error saving action: Error saving action: <div style=\"clear:both\">&nbsp;</div>\n<div class=\"queries\" style=\"clear:both;margin-bottom:2px;border:red dotted thin;\">\n<p>MySQL query:</p>\n<p>INSERT INTO `` (`hook`, `status`, `scheduled_date_gmt`, `scheduled_date_local`, `args`, `schedule`, `group_id`) VALUES ('action_scheduler/migration_hook', 'pending', '2025-05-09 07:35:20', '2025-05-09 07:35:20', '[]', 'O:30:\\\"ActionScheduler_SimpleSchedule\\\":2:{s:22:\\\"\\0*\\0scheduled_timestamp\\\";i:1746776120;s:41:\\\"\\0ActionScheduler_SimpleSchedule\\0timestamp\\\";i:1746776120;}', '0')</p>\n<p>Queries made or created this session were:</p>\n<ol>\n<li>Executing: BEGIN | (no parameters)</li>\n<li>Executing: INSERT INTO `` (`hook`, `status`, `scheduled_date_gmt`, `scheduled_date_local`, `args`, `schedule`, `group_id`) VALUES (:param0 , :param1 , :param2 , :param3 , :param4 , :param5 , :param6 ) | parameters: action_scheduler/migration_hook, pending, 2025-05-09 07:35:20, 2025-05-09 07:35:20, [], O:30:&quot;ActionScheduler_SimpleSchedule&quot;:2:{s:22:&quot; in /wordpress/wp-content/plugins/subscriptions-recurring-payments-for-woocommerce/inc/libraries/action-scheduler/classes/migration/ActionScheduler_DBStoreMigrator.php:44\nStack trace:\n#0 /wordpress/wp-content/plugins/subscriptions-recurring-payments-for-woocommerce/inc/libraries/action-scheduler/classes/data-stores/ActionScheduler_HybridStore.php(225): ActionScheduler_DBStoreMigrator->save_action(Object(ActionScheduler_Action), NULL)\n#1 /wordpress/wp-content/plugins/subscriptions-recurring-payments-for-woocommerce/inc/libraries/action-scheduler/classes/ActionScheduler_ActionFactory.php(177): ActionScheduler_HybridStore->save_action(Object(ActionScheduler_Action))\n#2 /wordpress/wp-content/plugins/subscriptions-recurring-payments-for-woocommerce/inc/libraries/action-scheduler/classes/ActionScheduler_ActionFactory.php(84): ActionScheduler_ActionFactory->store(Object(ActionScheduler_Action))\n#3 /wordpress/wp-content/plugins/subscriptions-recurring-payments-for-woocommerce/inc/libraries/action-scheduler/functions.php(30): ActionScheduler_ActionFactory->single('action_schedule...', Array, 1746776120, 'action-schedule...')\n#4 /wordpress/wp-content/plugins/subscriptions-recurring-payments-for-woocommerce/inc/libraries/action-scheduler/classes/migration/Scheduler.php(89): as_schedule_single_action(1746776120, 'action_schedule...', Array, 'action-schedule...')\n#5 /wordpress/wp-content/plugins/subscriptions-recurring-payments-for-woocommerce/inc/libraries/action-scheduler/classes/migration/Controller.php(99): Action_Scheduler\\Migration\\Scheduler->schedule_migration()\n#6 /wordpress/wp-includes/class-wp-hook.php(322): Action_Scheduler\\Migration\\Controller->schedule_migration()\n#7 /wordpress/wp-includes/class-wp-hook.php(348): WP_Hook->apply_filters('', Array)\n#8 /wordpress/wp-includes/plugin.php(517): WP_Hook->do_action(Array)\n#9 /wordpress/wp-includes/load.php(1304): do_action('shutdown')\n#10 [internal function]: shutdown_action_hook()\n#11 {main}\n  thrown in /wordpress/wp-content/plugins/subscriptions-recurring-payments-for-woocommerce/inc/libraries/action-scheduler/classes/migration/ActionScheduler_DBStoreMigrator.php on line 44",
    "log": "/logs/plugins/r/radial-svg-slider/error.json"
  },
  {
    "message": "Undefined property: WP_SQLite_DB::$actionscheduler_actions in /wordpress/wp-includes/class-wpdb.php on line 789",
    "level": "WARNING",
    "type": "PHP",
    "test": "asyncify-boot",
    "plugin": "radial-svg-slider",
    "details": "[09-May-2025 07:35:32 UTC] PHP Warning:  Undefined property: WP_SQLite_DB::$actionscheduler_actions in /wordpress/wp-includes/class-wpdb.php on line 789",
    "log": "/logs/plugins/r/radial-svg-slider/error.json"
  },
  {
    "message": "SQLSTATE[HY000]: General error: 1 no such table: a.",
    "level": "FATAL",
    "type": "SQL",
    "test": "asyncify-boot",
    "plugin": "radial-svg-slider",
    "details": "[09-May-2025 07:35:32 UTC] WordPress database error <div style=\"clear:both\">&nbsp;</div>\n<div class=\"queries\" style=\"clear:both;margin-bottom:2px;border:red dotted thin;\">\n<p>MySQL query:</p>\n<p>SELECT a.action_id FROM  a WHERE a.hook='action_scheduler/migration_hook' AND a.status='in-progress' ORDER BY scheduled_date_gmt DESC LIMIT 1</p>\n<p>Queries made or created this session were:</p>\n<ol>\n<li>Executing: BEGIN | (no parameters)</li>\n<li>Executing: SELECT a.action_id FROM  a WHERE a.hook=:param0  AND a.status=:param1  ORDER BY scheduled_date_gmt DESC LIMIT 1 | parameters: action_scheduler/migration_hook, in-progress</li>\n<li>Executing: ROLLBACK | (no parameters)</li>\n</ol>\n</div>\n<div style=\"clear:both;margin-bottom:2px;border:red dotted thin;\" class=\"error_message\" style=\"border-bottom:dotted blue thin;\">\nError occurred at line 4117 in Function <code>handle_error</code>. Error message was: SQLSTATE[HY000]: General error: 1 no such table: a.\n</div>\n<p>Backtrace:</p>\n<pre>#0 /internal/shared/sqlite-database-integration/wp-includes/sqlite/class-wp-sqlite-db.php(287): WP_SQLite_Translator->get_error_message()\n#1 /wordpress/wp-includes/class-wpdb.php(3031): WP_SQLite_DB->query('SELECT a.action...')\n#2 /wordpress/wp-content/plugins/subscriptions-recurring-payments-for-woocommerce/inc/libraries/action-scheduler/classes/data-stores/ActionScheduler_DBStore.php(210): wpdb->get_var('SELECT a.action...')\n#3 /wordpress/wp-content/plugins/subscriptions-recurring-payments-for-woocommerce/inc/libraries/action-scheduler/classes/data-stores/ActionScheduler_HybridStore.php(134): ActionScheduler_DBStore->find_action('action_schedule...', Array)\n#4 /wordpress/wp-content/plugins/subscriptions-recurring-payments-for-woocommerce/inc/libraries/action-scheduler/functions.php(156): ActionScheduler_HybridStore->find_action('action_schedule...', Array)\n#5 /wordpress/wp-content/plugins/subscriptions-recurring-payments-for-woocommerce/inc/libraries/action-scheduler/classes/migration/Scheduler.php(66): as_next_scheduled_action('action_schedule...')\n#6 /wordpress/wp-content/plugins/subscriptions-recurring-payments-for-woocommerce/inc/libraries/action-scheduler/classes/migration/Controller.php(95): Action_Scheduler\\Migration\\Scheduler->is_migration_scheduled()\n#7 /wordpress/wp-includes/class-wp-hook.php(322): Action_Scheduler\\Migration\\Controller->schedule_migration()\n#8 /wordpress/wp-includes/class-wp-hook.php(348): WP_Hook->apply_filters('', Array)\n#9 /wordpress/wp-includes/plugin.php(517): WP_Hook->do_action(Array)\n#10 /wordpress/wp-includes/load.php(1304): do_action('shutdown')\n#11 [internal function]: shutdown_action_hook()\n#12 {main}</pre>\n for query SELECT a.action_id FROM  a WHERE a.hook='action_scheduler/migration_hook' AND a.status='in-progress' ORDER BY scheduled_date_gmt DESC LIMIT 1 made by shutdown_action_hook, do_action('shutdown'), WP_Hook->do_action, WP_Hook->apply_filters, Action_Scheduler\\Migration\\Controller->schedule_migration, Action_Scheduler\\Migration\\Scheduler->is_migration_scheduled, as_next_scheduled_action, ActionScheduler_HybridStore->find_action, ActionScheduler_DBStore->find_action, WP_SQLite_DB->query, WP_SQLite_DB->print_error",
    "log": "/logs/plugins/r/radial-svg-slider/error.json"
  },
  {
    "message": "SQLSTATE[HY000]: General error: 1 no such table: a.",
    "level": "FATAL",
    "type": "SQL",
    "test": "asyncify-boot",
    "plugin": "radial-svg-slider",
    "details": "[09-May-2025 07:35:32 UTC] WordPress database error <div style=\"clear:both\">&nbsp;</div>\n<div class=\"queries\" style=\"clear:both;margin-bottom:2px;border:red dotted thin;\">\n<p>MySQL query:</p>\n<p>SELECT a.action_id FROM  a WHERE a.hook='action_scheduler/migration_hook' AND a.status='pending' ORDER BY scheduled_date_gmt ASC LIMIT 1</p>\n<p>Queries made or created this session were:</p>\n<ol>\n<li>Executing: BEGIN | (no parameters)</li>\n<li>Executing: SELECT a.action_id FROM  a WHERE a.hook=:param0  AND a.status=:param1  ORDER BY scheduled_date_gmt ASC LIMIT 1 | parameters: action_scheduler/migration_hook, pending</li>\n<li>Executing: ROLLBACK | (no parameters)</li>\n</ol>\n</div>\n<div style=\"clear:both;margin-bottom:2px;border:red dotted thin;\" class=\"error_message\" style=\"border-bottom:dotted blue thin;\">\nError occurred at line 4117 in Function <code>handle_error</code>. Error message was: SQLSTATE[HY000]: General error: 1 no such table: a.\n</div>\n<p>Backtrace:</p>\n<pre>#0 /internal/shared/sqlite-database-integration/wp-includes/sqlite/class-wp-sqlite-db.php(287): WP_SQLite_Translator->get_error_message()\n#1 /wordpress/wp-includes/class-wpdb.php(3031): WP_SQLite_DB->query('SELECT a.action...')\n#2 /wordpress/wp-content/plugins/subscriptions-recurring-payments-for-woocommerce/inc/libraries/action-scheduler/classes/data-stores/ActionScheduler_DBStore.php(210): wpdb->get_var('SELECT a.action...')\n#3 /wordpress/wp-content/plugins/subscriptions-recurring-payments-for-woocommerce/inc/libraries/action-scheduler/classes/data-stores/ActionScheduler_HybridStore.php(134): ActionScheduler_DBStore->find_action('action_schedule...', Array)\n#4 /wordpress/wp-content/plugins/subscriptions-recurring-payments-for-woocommerce/inc/libraries/action-scheduler/functions.php(162): ActionScheduler_HybridStore->find_action('action_schedule...', Array)\n#5 /wordpress/wp-content/plugins/subscriptions-recurring-payments-for-woocommerce/inc/libraries/action-scheduler/classes/migration/Scheduler.php(66): as_next_scheduled_action('action_schedule...')\n#6 /wordpress/wp-content/plugins/subscriptions-recurring-payments-for-woocommerce/inc/libraries/action-scheduler/classes/migration/Controller.php(95): Action_Scheduler\\Migration\\Scheduler->is_migration_scheduled()\n#7 /wordpress/wp-includes/class-wp-hook.php(322): Action_Scheduler\\Migration\\Controller->schedule_migration()\n#8 /wordpress/wp-includes/class-wp-hook.php(348): WP_Hook->apply_filters('', Array)\n#9 /wordpress/wp-includes/plugin.php(517): WP_Hook->do_action(Array)\n#10 /wordpress/wp-includes/load.php(1304): do_action('shutdown')\n#11 [internal function]: shutdown_action_hook()\n#12 {main}</pre>\n for query SELECT a.action_id FROM  a WHERE a.hook='action_scheduler/migration_hook' AND a.status='pending' ORDER BY scheduled_date_gmt ASC LIMIT 1 made by shutdown_action_hook, do_action('shutdown'), WP_Hook->do_action, WP_Hook->apply_filters, Action_Scheduler\\Migration\\Controller->schedule_migration, Action_Scheduler\\Migration\\Scheduler->is_migration_scheduled, as_next_scheduled_action, ActionScheduler_HybridStore->find_action, ActionScheduler_DBStore->find_action, WP_SQLite_DB->query, WP_SQLite_DB->print_error",
    "log": "/logs/plugins/r/radial-svg-slider/error.json"
  },
  {
    "message": "SQLSTATE[HY000]: General error: 1 no such table: a.",
    "level": "FATAL",
    "type": "SQL",
    "test": "asyncify-boot",
    "plugin": "radial-svg-slider",
    "details": "[09-May-2025 07:35:32 UTC] WordPress database error <div style=\"clear:both\">&nbsp;</div>\n<div class=\"queries\" style=\"clear:both;margin-bottom:2px;border:red dotted thin;\">\n<p>MySQL query:</p>\n<p>SELECT a.action_id FROM  a WHERE a.hook='action_scheduler/migration_hook' AND a.status='in-progress' ORDER BY scheduled_date_gmt DESC LIMIT 1</p>\n<p>Queries made or created this session were:</p>\n<ol>\n<li>Executing: BEGIN | (no parameters)</li>\n<li>Executing: SELECT a.action_id FROM  a WHERE a.hook=:param0  AND a.status=:param1  ORDER BY scheduled_date_gmt DESC LIMIT 1 | parameters: action_scheduler/migration_hook, in-progress</li>\n<li>Executing: ROLLBACK | (no parameters)</li>\n</ol>\n</div>\n<div style=\"clear:both;margin-bottom:2px;border:red dotted thin;\" class=\"error_message\" style=\"border-bottom:dotted blue thin;\">\nError occurred at line 4117 in Function <code>handle_error</code>. Error message was: SQLSTATE[HY000]: General error: 1 no such table: a.\n</div>\n<p>Backtrace:</p>\n<pre>#0 /internal/shared/sqlite-database-integration/wp-includes/sqlite/class-wp-sqlite-db.php(287): WP_SQLite_Translator->get_error_message()\n#1 /wordpress/wp-includes/class-wpdb.php(3031): WP_SQLite_DB->query('SELECT a.action...')\n#2 /wordpress/wp-content/plugins/subscriptions-recurring-payments-for-woocommerce/inc/libraries/action-scheduler/classes/data-stores/ActionScheduler_DBStore.php(210): wpdb->get_var('SELECT a.action...')\n#3 /wordpress/wp-content/plugins/subscriptions-recurring-payments-for-woocommerce/inc/libraries/action-scheduler/classes/data-stores/ActionScheduler_HybridStore.php(134): ActionScheduler_DBStore->find_action('action_schedule...', Array)\n#4 /wordpress/wp-content/plugins/subscriptions-recurring-payments-for-woocommerce/inc/libraries/action-scheduler/functions.php(156): ActionScheduler_HybridStore->find_action('action_schedule...', Array)\n#5 /wordpress/wp-content/plugins/subscriptions-recurring-payments-for-woocommerce/inc/libraries/action-scheduler/classes/migration/Scheduler.php(79): as_next_scheduled_action('action_schedule...')\n#6 /wordpress/wp-content/plugins/subscriptions-recurring-payments-for-woocommerce/inc/libraries/action-scheduler/classes/migration/Controller.php(99): Action_Scheduler\\Migration\\Scheduler->schedule_migration()\n#7 /wordpress/wp-includes/class-wp-hook.php(322): Action_Scheduler\\Migration\\Controller->schedule_migration()\n#8 /wordpress/wp-includes/class-wp-hook.php(348): WP_Hook->apply_filters('', Array)\n#9 /wordpress/wp-includes/plugin.php(517): WP_Hook->do_action(Array)\n#10 /wordpress/wp-includes/load.php(1304): do_action('shutdown')\n#11 [internal function]: shutdown_action_hook()\n#12 {main}</pre>\n for query SELECT a.action_id FROM  a WHERE a.hook='action_scheduler/migration_hook' AND a.status='in-progress' ORDER BY scheduled_date_gmt DESC LIMIT 1 made by shutdown_action_hook, do_action('shutdown'), WP_Hook->do_action, WP_Hook->apply_filters, Action_Scheduler\\Migration\\Controller->schedule_migration, Action_Scheduler\\Migration\\Scheduler->schedule_migration, as_next_scheduled_action, ActionScheduler_HybridStore->find_action, ActionScheduler_DBStore->find_action, WP_SQLite_DB->query, WP_SQLite_DB->print_error",
    "log": "/logs/plugins/r/radial-svg-slider/error.json"
  },
  {
    "message": "SQLSTATE[HY000]: General error: 1 no such table: a.",
    "level": "FATAL",
    "type": "SQL",
    "test": "asyncify-boot",
    "plugin": "radial-svg-slider",
    "details": "[09-May-2025 07:35:32 UTC] WordPress database error <div style=\"clear:both\">&nbsp;</div>\n<div class=\"queries\" style=\"clear:both;margin-bottom:2px;border:red dotted thin;\">\n<p>MySQL query:</p>\n<p>SELECT a.action_id FROM  a WHERE a.hook='action_scheduler/migration_hook' AND a.status='pending' ORDER BY scheduled_date_gmt ASC LIMIT 1</p>\n<p>Queries made or created this session were:</p>\n<ol>\n<li>Executing: BEGIN | (no parameters)</li>\n<li>Executing: SELECT a.action_id FROM  a WHERE a.hook=:param0  AND a.status=:param1  ORDER BY scheduled_date_gmt ASC LIMIT 1 | parameters: action_scheduler/migration_hook, pending</li>\n<li>Executing: ROLLBACK | (no parameters)</li>\n</ol>\n</div>\n<div style=\"clear:both;margin-bottom:2px;border:red dotted thin;\" class=\"error_message\" style=\"border-bottom:dotted blue thin;\">\nError occurred at line 4117 in Function <code>handle_error</code>. Error message was: SQLSTATE[HY000]: General error: 1 no such table: a.\n</div>\n<p>Backtrace:</p>\n<pre>#0 /internal/shared/sqlite-database-integration/wp-includes/sqlite/class-wp-sqlite-db.php(287): WP_SQLite_Translator->get_error_message()\n#1 /wordpress/wp-includes/class-wpdb.php(3031): WP_SQLite_DB->query('SELECT a.action...')\n#2 /wordpress/wp-content/plugins/subscriptions-recurring-payments-for-woocommerce/inc/libraries/action-scheduler/classes/data-stores/ActionScheduler_DBStore.php(210): wpdb->get_var('SELECT a.action...')\n#3 /wordpress/wp-content/plugins/subscriptions-recurring-payments-for-woocommerce/inc/libraries/action-scheduler/classes/data-stores/ActionScheduler_HybridStore.php(134): ActionScheduler_DBStore->find_action('action_schedule...', Array)\n#4 /wordpress/wp-content/plugins/subscriptions-recurring-payments-for-woocommerce/inc/libraries/action-scheduler/functions.php(162): ActionScheduler_HybridStore->find_action('action_schedule...', Array)\n#5 /wordpress/wp-content/plugins/subscriptions-recurring-payments-for-woocommerce/inc/libraries/action-scheduler/classes/migration/Scheduler.php(79): as_next_scheduled_action('action_schedule...')\n#6 /wordpress/wp-content/plugins/subscriptions-recurring-payments-for-woocommerce/inc/libraries/action-scheduler/classes/migration/Controller.php(99): Action_Scheduler\\Migration\\Scheduler->schedule_migration()\n#7 /wordpress/wp-includes/class-wp-hook.php(322): Action_Scheduler\\Migration\\Controller->schedule_migration()\n#8 /wordpress/wp-includes/class-wp-hook.php(348): WP_Hook->apply_filters('', Array)\n#9 /wordpress/wp-includes/plugin.php(517): WP_Hook->do_action(Array)\n#10 /wordpress/wp-includes/load.php(1304): do_action('shutdown')\n#11 [internal function]: shutdown_action_hook()\n#12 {main}</pre>\n for query SELECT a.action_id FROM  a WHERE a.hook='action_scheduler/migration_hook' AND a.status='pending' ORDER BY scheduled_date_gmt ASC LIMIT 1 made by shutdown_action_hook, do_action('shutdown'), WP_Hook->do_action, WP_Hook->apply_filters, Action_Scheduler\\Migration\\Controller->schedule_migration, Action_Scheduler\\Migration\\Scheduler->schedule_migration, as_next_scheduled_action, ActionScheduler_HybridStore->find_action, ActionScheduler_DBStore->find_action, WP_SQLite_DB->query, WP_SQLite_DB->print_error",
    "log": "/logs/plugins/r/radial-svg-slider/error.json"
  },
  {
    "message": "Undefined property: WP_SQLite_DB::$actionscheduler_groups in /wordpress/wp-includes/class-wpdb.php on line 789",
    "level": "WARNING",
    "type": "PHP",
    "test": "asyncify-boot",
    "plugin": "radial-svg-slider",
    "details": "[09-May-2025 07:35:32 UTC] PHP Warning:  Undefined property: WP_SQLite_DB::$actionscheduler_groups in /wordpress/wp-includes/class-wpdb.php on line 789",
    "log": "/logs/plugins/r/radial-svg-slider/error.json"
  },
  {
    "message": "SQLSTATE[HY000]: General error: 1 near \"WHERE\": syntax error.",
    "level": "FATAL",
    "type": "SQL",
    "test": "asyncify-boot",
    "plugin": "radial-svg-slider",
    "details": "[09-May-2025 07:35:32 UTC] WordPress database error <div style=\"clear:both\">&nbsp;</div>\n<div class=\"queries\" style=\"clear:both;margin-bottom:2px;border:red dotted thin;\">\n<p>MySQL query:</p>\n<p>SELECT group_id FROM  WHERE slug='action-scheduler-migration'</p>\n<p>Queries made or created this session were:</p>\n<ol>\n<li>Executing: BEGIN | (no parameters)</li>\n<li>Executing: SELECT group_id FROM  WHERE slug=:param0  | parameters: action-scheduler-migration</li>\n<li>Executing: ROLLBACK | (no parameters)</li>\n</ol>\n</div>\n<div style=\"clear:both;margin-bottom:2px;border:red dotted thin;\" class=\"error_message\" style=\"border-bottom:dotted blue thin;\">\nError occurred at line 4117 in Function <code>handle_error</code>. Error message was: SQLSTATE[HY000]: General error: 1 near \"WHERE\": syntax error.\n</div>\n<p>Backtrace:</p>\n<pre>#0 /internal/shared/sqlite-database-integration/wp-includes/sqlite/class-wp-sqlite-db.php(287): WP_SQLite_Translator->get_error_message()\n#1 /wordpress/wp-includes/class-wpdb.php(3031): WP_SQLite_DB->query('SELECT group_id...')\n#2 /wordpress/wp-content/plugins/subscriptions-recurring-payments-for-woocommerce/inc/libraries/action-scheduler/classes/data-stores/ActionScheduler_DBStore.php(79): wpdb->get_var('SELECT group_id...')\n#3 /wordpress/wp-content/plugins/subscriptions-recurring-payments-for-woocommerce/inc/libraries/action-scheduler/classes/data-stores/ActionScheduler_DBStore.php(44): ActionScheduler_DBStore->get_group_id('action-schedule...')\n#4 /wordpress/wp-content/plugins/subscriptions-recurring-payments-for-woocommerce/inc/libraries/action-scheduler/classes/migration/ActionScheduler_DBStoreMigrator.php(31): ActionScheduler_DBStore->save_action(Object(ActionScheduler_Action), NULL)\n#5 /wordpress/wp-content/plugins/subscriptions-recurring-payments-for-woocommerce/inc/libraries/action-scheduler/classes/data-stores/ActionScheduler_HybridStore.php(225): ActionScheduler_DBStoreMigrator->save_action(Object(ActionScheduler_Action), NULL)\n#6 /wordpress/wp-content/plugins/subscriptions-recurring-payments-for-woocommerce/inc/libraries/action-scheduler/classes/ActionScheduler_ActionFactory.php(177): ActionScheduler_HybridStore->save_action(Object(ActionScheduler_Action))\n#7 /wordpress/wp-content/plugins/subscriptions-recurring-payments-for-woocommerce/inc/libraries/action-scheduler/classes/ActionScheduler_ActionFactory.php(84): ActionScheduler_ActionFactory->store(Object(ActionScheduler_Action))\n#8 /wordpress/wp-content/plugins/subscriptions-recurring-payments-for-woocommerce/inc/libraries/action-scheduler/functions.php(30): ActionScheduler_ActionFactory->single('action_schedule...', Array, 1746776132, 'action-schedule...')\n#9 /wordpress/wp-content/plugins/subscriptions-recurring-payments-for-woocommerce/inc/libraries/action-scheduler/classes/migration/Scheduler.php(89): as_schedule_single_action(1746776132, 'action_schedule...', Array, 'action-schedule...')\n#10 /wordpress/wp-content/plugins/subscriptions-recurring-payments-for-woocommerce/inc/libraries/action-scheduler/classes/migration/Controller.php(99): Action_Scheduler\\Migration\\Scheduler->schedule_migration()\n#11 /wordpress/wp-includes/class-wp-hook.php(322): Action_Scheduler\\Migration\\Controller->schedule_migration()\n#12 /wordpress/wp-includes/class-wp-hook.php(348): WP_Hook->apply_filters('', Array)\n#13 /wordpress/wp-includes/plugin.php(517): WP_Hook->do_action(Array)\n#14 /wordpress/wp-includes/load.php(1304): do_action('shutdown')\n#15 [internal function]: shutdown_action_hook()\n#16 {main}</pre>\n for query SELECT group_id FROM  WHERE slug='action-scheduler-migration' made by shutdown_action_hook, do_action('shutdown'), WP_Hook->do_action, WP_Hook->apply_filters, Action_Scheduler\\Migration\\Controller->schedule_migration, Action_Scheduler\\Migration\\Scheduler->schedule_migration, as_schedule_single_action, ActionScheduler_ActionFactory->single, ActionScheduler_ActionFactory->store, ActionScheduler_HybridStore->save_action, ActionScheduler_DBStoreMigrator->save_action, ActionScheduler_DBStore->save_action, ActionScheduler_DBStore->get_group_id, WP_SQLite_DB->query, WP_SQLite_DB->print_error",
    "log": "/logs/plugins/r/radial-svg-slider/error.json"
  },
  {
    "message": "SQLSTATE[HY000]: General error: 1 no such table: .",
    "level": "FATAL",
    "type": "SQL",
    "test": "asyncify-boot",
    "plugin": "radial-svg-slider",
    "details": "[09-May-2025 07:35:32 UTC] WordPress database error <div style=\"clear:both\">&nbsp;</div>\n<div class=\"queries\" style=\"clear:both;margin-bottom:2px;border:red dotted thin;\">\n<p>MySQL query:</p>\n<p>INSERT INTO `` (`slug`) VALUES ('action-scheduler-migration')</p>\n<p>Queries made or created this session were:</p>\n<ol>\n<li>Executing: BEGIN | (no parameters)</li>\n<li>Executing: INSERT INTO `` (`slug`) VALUES (:param0 ) | parameters: action-scheduler-migration</li>\n<li>Executing: ROLLBACK | (no parameters)</li>\n</ol>\n</div>\n<div style=\"clear:both;margin-bottom:2px;border:red dotted thin;\" class=\"error_message\" style=\"border-bottom:dotted blue thin;\">\nError occurred at line 4117 in Function <code>handle_error</code>. Error message was: SQLSTATE[HY000]: General error: 1 no such table: .\n</div>\n<p>Backtrace:</p>\n<pre>#0 /internal/shared/sqlite-database-integration/wp-includes/sqlite/class-wp-sqlite-db.php(287): WP_SQLite_Translator->get_error_message()\n#1 /wordpress/wp-includes/class-wpdb.php(2614): WP_SQLite_DB->query('INSERT INTO `` ...')\n#2 /wordpress/wp-includes/class-wpdb.php(2503): wpdb->_insert_replace_helper(NULL, Array, NULL, 'INSERT')\n#3 /wordpress/wp-content/plugins/subscriptions-recurring-payments-for-woocommerce/inc/libraries/action-scheduler/classes/data-stores/ActionScheduler_DBStore.php(97): wpdb->insert(NULL, Array)\n#4 /wordpress/wp-content/plugins/subscriptions-recurring-payments-for-woocommerce/inc/libraries/action-scheduler/classes/data-stores/ActionScheduler_DBStore.php(81): ActionScheduler_DBStore->create_group('action-schedule...')\n#5 /wordpress/wp-content/plugins/subscriptions-recurring-payments-for-woocommerce/inc/libraries/action-scheduler/classes/data-stores/ActionScheduler_DBStore.php(44): ActionScheduler_DBStore->get_group_id('action-schedule...')\n#6 /wordpress/wp-content/plugins/subscriptions-recurring-payments-for-woocommerce/inc/libraries/action-scheduler/classes/migration/ActionScheduler_DBStoreMigrator.php(31): ActionScheduler_DBStore->save_action(Object(ActionScheduler_Action), NULL)\n#7 /wordpress/wp-content/plugins/subscriptions-recurring-payments-for-woocommerce/inc/libraries/action-scheduler/classes/data-stores/ActionScheduler_HybridStore.php(225): ActionScheduler_DBStoreMigrator->save_action(Object(ActionScheduler_Action), NULL)\n#8 /wordpress/wp-content/plugins/subscriptions-recurring-payments-for-woocommerce/inc/libraries/action-scheduler/classes/ActionScheduler_ActionFactory.php(177): ActionScheduler_HybridStore->save_action(Object(ActionScheduler_Action))\n#9 /wordpress/wp-content/plugins/subscriptions-recurring-payments-for-woocommerce/inc/libraries/action-scheduler/classes/ActionScheduler_ActionFactory.php(84): ActionScheduler_ActionFactory->store(Object(ActionScheduler_Action))\n#10 /wordpress/wp-content/plugins/subscriptions-recurring-payments-for-woocommerce/inc/libraries/action-scheduler/functions.php(30): ActionScheduler_ActionFactory->single('action_schedule...', Array, 1746776132, 'action-schedule...')\n#11 /wordpress/wp-content/plugins/subscriptions-recurring-payments-for-woocommerce/inc/libraries/action-scheduler/classes/migration/Scheduler.php(89): as_schedule_single_action(1746776132, 'action_schedule...', Array, 'action-schedule...')\n#12 /wordpress/wp-content/plugins/subscriptions-recurring-payments-for-woocommerce/inc/libraries/action-scheduler/classes/migration/Controller.php(99): Action_Scheduler\\Migration\\Scheduler->schedule_migration()\n#13 /wordpress/wp-includes/class-wp-hook.php(322): Action_Scheduler\\Migration\\Controller->schedule_migration()\n#14 /wordpress/wp-includes/class-wp-hook.php(348): WP_Hook->apply_filters('', Array)\n#15 /wordpress/wp-includes/plugin.php(517): WP_Hook->do_action(Array)\n#16 /wordpress/wp-includes/load.php(1304): do_action('shutdown')\n#17 [internal function]: shutdown_action_hook()\n#18 {main}</pre>\n for query INSERT INTO `` (`slug`) VALUES ('action-scheduler-migration') made by shutdown_action_hook, do_action('shutdown'), WP_Hook->do_action, WP_Hook->apply_filters, Action_Scheduler\\Migration\\Controller->schedule_migration, Action_Scheduler\\Migration\\Scheduler->schedule_migration, as_schedule_single_action, ActionScheduler_ActionFactory->single, ActionScheduler_ActionFactory->store, ActionScheduler_HybridStore->save_action, ActionScheduler_DBStoreMigrator->save_action, ActionScheduler_DBStore->save_action, ActionScheduler_DBStore->get_group_id, ActionScheduler_DBStore->create_group, WP_SQLite_DB->query, WP_SQLite_DB->print_error",
    "log": "/logs/plugins/r/radial-svg-slider/error.json"
  },
  {
    "message": "Undefined property: WP_SQLite_DB::$actionscheduler_actions in /wordpress/wp-includes/class-wpdb.php on line 789",
    "level": "WARNING",
    "type": "PHP",
    "test": "asyncify-boot",
    "plugin": "radial-svg-slider",
    "details": "[09-May-2025 07:35:32 UTC] PHP Warning:  Undefined property: WP_SQLite_DB::$actionscheduler_actions in /wordpress/wp-includes/class-wpdb.php on line 789",
    "log": "/logs/plugins/r/radial-svg-slider/error.json"
  },
  {
    "message": "Uncaught RuntimeException: Error saving action: Error saving action: <div style=\"clear:both\">&nbsp;</div>",
    "level": "FATAL",
    "type": "PHP",
    "test": "asyncify-boot",
    "plugin": "radial-svg-slider",
    "details": "[09-May-2025 07:35:32 UTC] PHP Fatal error:  Uncaught RuntimeException: Error saving action: Error saving action: <div style=\"clear:both\">&nbsp;</div>\n<div class=\"queries\" style=\"clear:both;margin-bottom:2px;border:red dotted thin;\">\n<p>MySQL query:</p>\n<p>INSERT INTO `` (`hook`, `status`, `scheduled_date_gmt`, `scheduled_date_local`, `args`, `schedule`, `group_id`) VALUES ('action_scheduler/migration_hook', 'pending', '2025-05-09 07:35:32', '2025-05-09 07:35:32', '[]', 'O:30:\\\"ActionScheduler_SimpleSchedule\\\":2:{s:22:\\\"\\0*\\0scheduled_timestamp\\\";i:1746776132;s:41:\\\"\\0ActionScheduler_SimpleSchedule\\0timestamp\\\";i:1746776132;}', '0')</p>\n<p>Queries made or created this session were:</p>\n<ol>\n<li>Executing: BEGIN | (no parameters)</li>\n<li>Executing: INSERT INTO `` (`hook`, `status`, `scheduled_date_gmt`, `scheduled_date_local`, `args`, `schedule`, `group_id`) VALUES (:param0 , :param1 , :param2 , :param3 , :param4 , :param5 , :param6 ) | parameters: action_scheduler/migration_hook, pending, 2025-05-09 07:35:32, 2025-05-09 07:35:32, [], O:30:&quot;ActionScheduler_SimpleSchedule&quot;:2:{s:22:&quot; in /wordpress/wp-content/plugins/subscriptions-recurring-payments-for-woocommerce/inc/libraries/action-scheduler/classes/migration/ActionScheduler_DBStoreMigrator.php:44\nStack trace:\n#0 /wordpress/wp-content/plugins/subscriptions-recurring-payments-for-woocommerce/inc/libraries/action-scheduler/classes/data-stores/ActionScheduler_HybridStore.php(225): ActionScheduler_DBStoreMigrator->save_action(Object(ActionScheduler_Action), NULL)\n#1 /wordpress/wp-content/plugins/subscriptions-recurring-payments-for-woocommerce/inc/libraries/action-scheduler/classes/ActionScheduler_ActionFactory.php(177): ActionScheduler_HybridStore->save_action(Object(ActionScheduler_Action))\n#2 /wordpress/wp-content/plugins/subscriptions-recurring-payments-for-woocommerce/inc/libraries/action-scheduler/classes/ActionScheduler_ActionFactory.php(84): ActionScheduler_ActionFactory->store(Object(ActionScheduler_Action))\n#3 /wordpress/wp-content/plugins/subscriptions-recurring-payments-for-woocommerce/inc/libraries/action-scheduler/functions.php(30): ActionScheduler_ActionFactory->single('action_schedule...', Array, 1746776132, 'action-schedule...')\n#4 /wordpress/wp-content/plugins/subscriptions-recurring-payments-for-woocommerce/inc/libraries/action-scheduler/classes/migration/Scheduler.php(89): as_schedule_single_action(1746776132, 'action_schedule...', Array, 'action-schedule...')\n#5 /wordpress/wp-content/plugins/subscriptions-recurring-payments-for-woocommerce/inc/libraries/action-scheduler/classes/migration/Controller.php(99): Action_Scheduler\\Migration\\Scheduler->schedule_migration()\n#6 /wordpress/wp-includes/class-wp-hook.php(322): Action_Scheduler\\Migration\\Controller->schedule_migration()\n#7 /wordpress/wp-includes/class-wp-hook.php(348): WP_Hook->apply_filters('', Array)\n#8 /wordpress/wp-includes/plugin.php(517): WP_Hook->do_action(Array)\n#9 /wordpress/wp-includes/load.php(1304): do_action('shutdown')\n#10 [internal function]: shutdown_action_hook()\n#11 {main}\n  thrown in /wordpress/wp-content/plugins/subscriptions-recurring-payments-for-woocommerce/inc/libraries/action-scheduler/classes/migration/ActionScheduler_DBStoreMigrator.php on line 44",
    "log": "/logs/plugins/r/radial-svg-slider/error.json"
  },
  {
    "message": "SQLSTATE[HY000]: General error: 1 no such table: wp_sumedia_urlify_urls.",
    "level": "FATAL",
    "type": "SQL",
    "test": "asyncify-boot",
    "plugin": "radial-svg-slider",
    "details": "[09-May-2025 07:35:52 UTC] WordPress database error <div style=\"clear:both\">&nbsp;</div>\n<div class=\"queries\" style=\"clear:both;margin-bottom:2px;border:red dotted thin;\">\n<p>MySQL query:</p>\n<p>SELECT * FROM `wp_sumedia_urlify_urls` WHERE `urltype` = 'admin_url'</p>\n<p>Queries made or created this session were:</p>\n<ol>\n<li>Executing: BEGIN | (no parameters)</li>\n<li>Executing: SELECT * FROM `wp_sumedia_urlify_urls` WHERE `urltype` = :param0  | parameters: admin_url</li>\n<li>Executing: ROLLBACK | (no parameters)</li>\n</ol>\n</div>\n<div style=\"clear:both;margin-bottom:2px;border:red dotted thin;\" class=\"error_message\" style=\"border-bottom:dotted blue thin;\">\nError occurred at line 4117 in Function <code>handle_error</code>. Error message was: SQLSTATE[HY000]: General error: 1 no such table: wp_sumedia_urlify_urls.\n</div>\n<p>Backtrace:</p>\n<pre>#0 /internal/shared/sqlite-database-integration/wp-includes/sqlite/class-wp-sqlite-db.php(287): WP_SQLite_Translator->get_error_message()\n#1 /wordpress/wp-includes/class-wpdb.php(3146): WP_SQLite_DB->query('SELECT * FROM `...')\n#2 /wordpress/wp-content/plugins/sumedia-urlify/src/Sumedia/Urlify/Base/Repository.php(165): wpdb->get_results('SELECT * FROM `...', 'ARRAY_A')\n#3 /wordpress/wp-content/plugins/sumedia-urlify/src/Sumedia/Urlify/Base/Repository.php(176): Sumedia\\Urlify\\Base\\Repository->find('urltype', 'admin_url', false)\n#4 /wordpress/wp-content/plugins/sumedia-urlify/src/Sumedia/Urlify/Repository/Urls.php(47): Sumedia\\Urlify\\Base\\Repository->findOne('urltype', 'admin_url')\n#5 /wordpress/wp-content/plugins/sumedia-urlify/src/Sumedia/Urlify/HtaccessFactory.php(10): Sumedia\\Urlify\\Repository\\Urls->get_admin_url()\n#6 /wordpress/wp-content/plugins/sumedia-urlify/src/Sumedia/Urlify/Base/Registry.php(54): Sumedia\\Urlify\\HtaccessFactory->build()\n#7 /wordpress/wp-content/plugins/sumedia-urlify/src/Sumedia/Urlify/Plugin.php(129): Sumedia\\Urlify\\Base\\Registry::get('Sumedia\\\\Urlify\\\\...')\n#8 /wordpress/wp-content/plugins/sumedia-urlify/src/Sumedia/Urlify/Plugin.php(15): Sumedia\\Urlify\\Plugin->rewrite_listener()\n#9 /wordpress/wp-content/plugins/sumedia-urlify/sumedia-urlify.php(73): Sumedia\\Urlify\\Plugin->init()\n#10 /wordpress/wp-admin/includes/plugin.php(2387): include_once('/wordpress/wp-c...')\n#11 /wordpress/wp-admin/includes/plugin.php(673): plugin_sandbox_scrape(Object(Sumedia\\Urlify\\Plugin))\n#12 /internal/eval.php(20): activate_plugin('sumedia-urlify/...')\n#13 {main}</pre>\n for query SELECT * FROM `wp_sumedia_urlify_urls` WHERE `urltype` = 'admin_url' made by activate_plugin, plugin_sandbox_scrape, include_once('/plugins/sumedia-urlify/sumedia-urlify.php'), Sumedia\\Urlify\\Plugin->init, Sumedia\\Urlify\\Plugin->rewrite_listener, Sumedia\\Urlify\\Base\\Registry::get, Sumedia\\Urlify\\HtaccessFactory->build, Sumedia\\Urlify\\Repository\\Urls->get_admin_url, Sumedia\\Urlify\\Base\\Repository->findOne, Sumedia\\Urlify\\Base\\Repository->find, WP_SQLite_DB->query, WP_SQLite_DB->print_error",
    "log": "/logs/plugins/r/radial-svg-slider/error.json"
  },
  {
    "message": "SQLSTATE[HY000]: General error: 1 no such table: wp_sumedia_urlify_urls.",
    "level": "FATAL",
    "type": "SQL",
    "test": "asyncify-boot",
    "plugin": "radial-svg-slider",
    "details": "[09-May-2025 07:35:52 UTC] WordPress database error <div style=\"clear:both\">&nbsp;</div>\n<div class=\"queries\" style=\"clear:both;margin-bottom:2px;border:red dotted thin;\">\n<p>MySQL query:</p>\n<p>SELECT * FROM `wp_sumedia_urlify_urls` WHERE `urltype` = 'login_url'</p>\n<p>Queries made or created this session were:</p>\n<ol>\n<li>Executing: BEGIN | (no parameters)</li>\n<li>Executing: SELECT * FROM `wp_sumedia_urlify_urls` WHERE `urltype` = :param0  | parameters: login_url</li>\n<li>Executing: ROLLBACK | (no parameters)</li>\n</ol>\n</div>\n<div style=\"clear:both;margin-bottom:2px;border:red dotted thin;\" class=\"error_message\" style=\"border-bottom:dotted blue thin;\">\nError occurred at line 4117 in Function <code>handle_error</code>. Error message was: SQLSTATE[HY000]: General error: 1 no such table: wp_sumedia_urlify_urls.\n</div>\n<p>Backtrace:</p>\n<pre>#0 /internal/shared/sqlite-database-integration/wp-includes/sqlite/class-wp-sqlite-db.php(287): WP_SQLite_Translator->get_error_message()\n#1 /wordpress/wp-includes/class-wpdb.php(3146): WP_SQLite_DB->query('SELECT * FROM `...')\n#2 /wordpress/wp-content/plugins/sumedia-urlify/src/Sumedia/Urlify/Base/Repository.php(165): wpdb->get_results('SELECT * FROM `...', 'ARRAY_A')\n#3 /wordpress/wp-content/plugins/sumedia-urlify/src/Sumedia/Urlify/Base/Repository.php(176): Sumedia\\Urlify\\Base\\Repository->find('urltype', 'login_url', false)\n#4 /wordpress/wp-content/plugins/sumedia-urlify/src/Sumedia/Urlify/Repository/Urls.php(90): Sumedia\\Urlify\\Base\\Repository->findOne('urltype', 'login_url')\n#5 /wordpress/wp-content/plugins/sumedia-urlify/src/Sumedia/Urlify/HtaccessFactory.php(11): Sumedia\\Urlify\\Repository\\Urls->get_login_url()\n#6 /wordpress/wp-content/plugins/sumedia-urlify/src/Sumedia/Urlify/Base/Registry.php(54): Sumedia\\Urlify\\HtaccessFactory->build()\n#7 /wordpress/wp-content/plugins/sumedia-urlify/src/Sumedia/Urlify/Plugin.php(129): Sumedia\\Urlify\\Base\\Registry::get('Sumedia\\\\Urlify\\\\...')\n#8 /wordpress/wp-content/plugins/sumedia-urlify/src/Sumedia/Urlify/Plugin.php(15): Sumedia\\Urlify\\Plugin->rewrite_listener()\n#9 /wordpress/wp-content/plugins/sumedia-urlify/sumedia-urlify.php(73): Sumedia\\Urlify\\Plugin->init()\n#10 /wordpress/wp-admin/includes/plugin.php(2387): include_once('/wordpress/wp-c...')\n#11 /wordpress/wp-admin/includes/plugin.php(673): plugin_sandbox_scrape(Object(Sumedia\\Urlify\\Plugin))\n#12 /internal/eval.php(20): activate_plugin('sumedia-urlify/...')\n#13 {main}</pre>\n for query SELECT * FROM `wp_sumedia_urlify_urls` WHERE `urltype` = 'login_url' made by activate_plugin, plugin_sandbox_scrape, include_once('/plugins/sumedia-urlify/sumedia-urlify.php'), Sumedia\\Urlify\\Plugin->init, Sumedia\\Urlify\\Plugin->rewrite_listener, Sumedia\\Urlify\\Base\\Registry::get, Sumedia\\Urlify\\HtaccessFactory->build, Sumedia\\Urlify\\Repository\\Urls->get_login_url, Sumedia\\Urlify\\Base\\Repository->findOne, Sumedia\\Urlify\\Base\\Repository->find, WP_SQLite_DB->query, WP_SQLite_DB->print_error",
    "log": "/logs/plugins/r/radial-svg-slider/error.json"
  },
  {
    "message": "SQLSTATE[HY000]: General error: 1 no such table: wp_sumedia_urlify_urls.",
    "level": "FATAL",
    "type": "SQL",
    "test": "asyncify-boot",
    "plugin": "radial-svg-slider",
    "details": "[09-May-2025 07:36:01 UTC] WordPress database error <div style=\"clear:both\">&nbsp;</div>\n<div class=\"queries\" style=\"clear:both;margin-bottom:2px;border:red dotted thin;\">\n<p>MySQL query:</p>\n<p>SELECT * FROM `wp_sumedia_urlify_urls` WHERE `urltype` = 'admin_url'</p>\n<p>Queries made or created this session were:</p>\n<ol>\n<li>Executing: BEGIN | (no parameters)</li>\n<li>Executing: SELECT * FROM `wp_sumedia_urlify_urls` WHERE `urltype` = :param0  | parameters: admin_url</li>\n<li>Executing: ROLLBACK | (no parameters)</li>\n</ol>\n</div>\n<div style=\"clear:both;margin-bottom:2px;border:red dotted thin;\" class=\"error_message\" style=\"border-bottom:dotted blue thin;\">\nError occurred at line 4117 in Function <code>handle_error</code>. Error message was: SQLSTATE[HY000]: General error: 1 no such table: wp_sumedia_urlify_urls.\n</div>\n<p>Backtrace:</p>\n<pre>#0 /internal/shared/sqlite-database-integration/wp-includes/sqlite/class-wp-sqlite-db.php(287): WP_SQLite_Translator->get_error_message()\n#1 /wordpress/wp-includes/class-wpdb.php(3146): WP_SQLite_DB->query('SELECT * FROM `...')\n#2 /wordpress/wp-content/plugins/sumedia-urlify/src/Sumedia/Urlify/Base/Repository.php(165): wpdb->get_results('SELECT * FROM `...', 'ARRAY_A')\n#3 /wordpress/wp-content/plugins/sumedia-urlify/src/Sumedia/Urlify/Base/Repository.php(176): Sumedia\\Urlify\\Base\\Repository->find('urltype', 'admin_url', false)\n#4 /wordpress/wp-content/plugins/sumedia-urlify/src/Sumedia/Urlify/Repository/Urls.php(47): Sumedia\\Urlify\\Base\\Repository->findOne('urltype', 'admin_url')\n#5 /wordpress/wp-content/plugins/sumedia-urlify/src/Sumedia/Urlify/HtaccessFactory.php(10): Sumedia\\Urlify\\Repository\\Urls->get_admin_url()\n#6 /wordpress/wp-content/plugins/sumedia-urlify/src/Sumedia/Urlify/Base/Registry.php(54): Sumedia\\Urlify\\HtaccessFactory->build()\n#7 /wordpress/wp-content/plugins/sumedia-urlify/src/Sumedia/Urlify/Plugin.php(129): Sumedia\\Urlify\\Base\\Registry::get('Sumedia\\\\Urlify\\\\...')\n#8 /wordpress/wp-content/plugins/sumedia-urlify/src/Sumedia/Urlify/Plugin.php(15): Sumedia\\Urlify\\Plugin->rewrite_listener()\n#9 /wordpress/wp-content/plugins/sumedia-urlify/sumedia-urlify.php(73): Sumedia\\Urlify\\Plugin->init()\n#10 /wordpress/wp-admin/includes/plugin.php(2387): include_once('/wordpress/wp-c...')\n#11 /wordpress/wp-admin/includes/plugin.php(673): plugin_sandbox_scrape(Object(Sumedia\\Urlify\\Plugin))\n#12 /internal/eval.php(20): activate_plugin('sumedia-urlify/...')\n#13 {main}</pre>\n for query SELECT * FROM `wp_sumedia_urlify_urls` WHERE `urltype` = 'admin_url' made by activate_plugin, plugin_sandbox_scrape, include_once('/plugins/sumedia-urlify/sumedia-urlify.php'), Sumedia\\Urlify\\Plugin->init, Sumedia\\Urlify\\Plugin->rewrite_listener, Sumedia\\Urlify\\Base\\Registry::get, Sumedia\\Urlify\\HtaccessFactory->build, Sumedia\\Urlify\\Repository\\Urls->get_admin_url, Sumedia\\Urlify\\Base\\Repository->findOne, Sumedia\\Urlify\\Base\\Repository->find, WP_SQLite_DB->query, WP_SQLite_DB->print_error",
    "log": "/logs/plugins/r/radial-svg-slider/error.json"
  },
  {
    "message": "SQLSTATE[HY000]: General error: 1 no such table: wp_sumedia_urlify_urls.",
    "level": "FATAL",
    "type": "SQL",
    "test": "asyncify-boot",
    "plugin": "radial-svg-slider",
    "details": "[09-May-2025 07:36:01 UTC] WordPress database error <div style=\"clear:both\">&nbsp;</div>\n<div class=\"queries\" style=\"clear:both;margin-bottom:2px;border:red dotted thin;\">\n<p>MySQL query:</p>\n<p>SELECT * FROM `wp_sumedia_urlify_urls` WHERE `urltype` = 'login_url'</p>\n<p>Queries made or created this session were:</p>\n<ol>\n<li>Executing: BEGIN | (no parameters)</li>\n<li>Executing: SELECT * FROM `wp_sumedia_urlify_urls` WHERE `urltype` = :param0  | parameters: login_url</li>\n<li>Executing: ROLLBACK | (no parameters)</li>\n</ol>\n</div>\n<div style=\"clear:both;margin-bottom:2px;border:red dotted thin;\" class=\"error_message\" style=\"border-bottom:dotted blue thin;\">\nError occurred at line 4117 in Function <code>handle_error</code>. Error message was: SQLSTATE[HY000]: General error: 1 no such table: wp_sumedia_urlify_urls.\n</div>\n<p>Backtrace:</p>\n<pre>#0 /internal/shared/sqlite-database-integration/wp-includes/sqlite/class-wp-sqlite-db.php(287): WP_SQLite_Translator->get_error_message()\n#1 /wordpress/wp-includes/class-wpdb.php(3146): WP_SQLite_DB->query('SELECT * FROM `...')\n#2 /wordpress/wp-content/plugins/sumedia-urlify/src/Sumedia/Urlify/Base/Repository.php(165): wpdb->get_results('SELECT * FROM `...', 'ARRAY_A')\n#3 /wordpress/wp-content/plugins/sumedia-urlify/src/Sumedia/Urlify/Base/Repository.php(176): Sumedia\\Urlify\\Base\\Repository->find('urltype', 'login_url', false)\n#4 /wordpress/wp-content/plugins/sumedia-urlify/src/Sumedia/Urlify/Repository/Urls.php(90): Sumedia\\Urlify\\Base\\Repository->findOne('urltype', 'login_url')\n#5 /wordpress/wp-content/plugins/sumedia-urlify/src/Sumedia/Urlify/HtaccessFactory.php(11): Sumedia\\Urlify\\Repository\\Urls->get_login_url()\n#6 /wordpress/wp-content/plugins/sumedia-urlify/src/Sumedia/Urlify/Base/Registry.php(54): Sumedia\\Urlify\\HtaccessFactory->build()\n#7 /wordpress/wp-content/plugins/sumedia-urlify/src/Sumedia/Urlify/Plugin.php(129): Sumedia\\Urlify\\Base\\Registry::get('Sumedia\\\\Urlify\\\\...')\n#8 /wordpress/wp-content/plugins/sumedia-urlify/src/Sumedia/Urlify/Plugin.php(15): Sumedia\\Urlify\\Plugin->rewrite_listener()\n#9 /wordpress/wp-content/plugins/sumedia-urlify/sumedia-urlify.php(73): Sumedia\\Urlify\\Plugin->init()\n#10 /wordpress/wp-admin/includes/plugin.php(2387): include_once('/wordpress/wp-c...')\n#11 /wordpress/wp-admin/includes/plugin.php(673): plugin_sandbox_scrape(Object(Sumedia\\Urlify\\Plugin))\n#12 /internal/eval.php(20): activate_plugin('sumedia-urlify/...')\n#13 {main}</pre>\n for query SELECT * FROM `wp_sumedia_urlify_urls` WHERE `urltype` = 'login_url' made by activate_plugin, plugin_sandbox_scrape, include_once('/plugins/sumedia-urlify/sumedia-urlify.php'), Sumedia\\Urlify\\Plugin->init, Sumedia\\Urlify\\Plugin->rewrite_listener, Sumedia\\Urlify\\Base\\Registry::get, Sumedia\\Urlify\\HtaccessFactory->build, Sumedia\\Urlify\\Repository\\Urls->get_login_url, Sumedia\\Urlify\\Base\\Repository->findOne, Sumedia\\Urlify\\Base\\Repository->find, WP_SQLite_DB->query, WP_SQLite_DB->print_error\n\n    at Object.onBind (file:///home/runner/work/playground-tester/playground-tester/node_modules/@wp-playground/cli/index.js:237:15)\n    at process.processTicksAndRejections (node:internal/process/task_queues:105:5)\n    at async V (file:///home/runner/work/playground-tester/playground-tester/node_modules/@wp-playground/cli/index.js:64:10)\n    at async ja (file:///home/runner/work/playground-tester/playground-tester/node_modules/@wp-playground/cli/cli.js:8161:12) {\n  [cause]: Error: Error when executing the blueprint step #1 ({\"step\":\"installPlugin\",\"pluginData\":{\"resource\":\"wordpress.org/plugins\",\"slug\":\"radial-svg-slider\"},\"options\":{\"activate\":true}}) : Could not download \"https://downloads.wordpress.org/plugin/radial-svg-slider.latest-stable.zip\".\n  \t\t\t\tCheck if the URL is correct and the server is reachable.\n  \t\t\t\tIf it is reachable, the server might be blocking the request.\n  \t\t\t\tCheck the browser console and network tabs for more information.\n  \n  \t\t\t\t## Does the console show the error \"No 'Access-Control-Allow-Origin' header\"?\n  \n  \t\t\t\tThis means the server that hosts your file does not allow requests from other sites\n  \t\t\t\t(cross-origin requests, or CORS).\tYou need to move the asset to a server that allows\n  \t\t\t\tcross-origin file downloads. Learn more about CORS at\n  \t\t\t\thttps://developer.mozilla.org/en-US/docs/Web/HTTP/CORS.\n  \n  \t\t\t\tIf your file is on GitHub, load it from \"raw.githubusercontent.com\".\n  \t\t\t\tHere's how to do that:\n  \n  \t\t\t\t1. Start with the original GitHub URL of the file. For example:\n  \t\t\t\thttps://github.com/username/repository/blob/branch/filename.\n  \t\t\t\t2. Replace \"github.com\" with \"raw.githubusercontent.com\".\n  \t\t\t\t3. Remove the \"/blob/\" part of the URL.\n  \n  \t\t\t\tThe resulting URL should look like this:\n  \t\t\t\thttps://raw.githubusercontent.com/username/repository/branch/filename\n  \n  \t\t\t\tError:\n  \t\t\t\tError: Could not download \"https://downloads.wordpress.org/plugin/radial-svg-slider.latest-stable.zip\"\n      at Object.run (file:///home/runner/work/playground-tester/playground-tester/node_modules/@wp-playground/blueprints/index.js:12449:19)\n      at process.processTicksAndRejections (node:internal/process/task_queues:105:5)\n      at async ms (file:///home/runner/work/playground-tester/playground-tester/node_modules/@wp-playground/blueprints/index.js:12552:3)\n      at async Object.onBind (file:///home/runner/work/playground-tester/playground-tester/node_modules/@wp-playground/cli/index.js:227:48)\n      at async V (file:///home/runner/work/playground-tester/playground-tester/node_modules/@wp-playground/cli/index.js:64:10)\n      at async ja (file:///home/runner/work/playground-tester/playground-tester/node_modules/@wp-playground/cli/cli.js:8161:12) {\n    [cause]: Error: Could not download \"https://downloads.wordpress.org/plugin/radial-svg-slider.latest-stable.zip\".\n    \t\t\t\tCheck if the URL is correct and the server is reachable.\n    \t\t\t\tIf it is reachable, the server might be blocking the request.\n    \t\t\t\tCheck the browser console and network tabs for more information.\n    \n    \t\t\t\t## Does the console show the error \"No 'Access-Control-Allow-Origin' header\"?\n    \n    \t\t\t\tThis means the server that hosts your file does not allow requests from other sites\n    \t\t\t\t(cross-origin requests, or CORS).\tYou need to move the asset to a server that allows\n    \t\t\t\tcross-origin file downloads. Learn more about CORS at\n    \t\t\t\thttps://developer.mozilla.org/en-US/docs/Web/HTTP/CORS.\n    \n    \t\t\t\tIf your file is on GitHub, load it from \"raw.githubusercontent.com\".\n    \t\t\t\tHere's how to do that:\n    \n    \t\t\t\t1. Start with the original GitHub URL of the file. For example:\n    \t\t\t\thttps://github.com/username/repository/blob/branch/filename.\n    \t\t\t\t2. Replace \"github.com\" with \"raw.githubusercontent.com\".\n    \t\t\t\t3. Remove the \"/blob/\" part of the URL.\n    \n    \t\t\t\tThe resulting URL should look like this:\n    \t\t\t\thttps://raw.githubusercontent.com/username/repository/branch/filename\n    \n    \t\t\t\tError:\n    \t\t\t\tError: Could not download \"https://downloads.wordpress.org/plugin/radial-svg-slider.latest-stable.zip\"\n        at Ct.resolve (file:///home/runner/work/playground-tester/playground-tester/node_modules/@wp-playground/blueprints/index.js:1472:13)\n        at process.processTicksAndRejections (node:internal/process/task_queues:105:5)\n        at async _.run (file:///home/runner/work/playground-tester/playground-tester/node_modules/@php-wasm/util/index.js:45:14)\n  }\n}\n\n",
    "log": "/logs/plugins/r/radial-svg-slider/error.json"
  },
  {
    "message": "file:///home/runner/work/playground-tester/playground-tester/node_modules/@wp-playground/cli/index.js:237\n        throw new Error(y, { cause: u });\n              ^\n",
    "level": "FATAL",
    "type": "PLAYGROUND",
    "test": "jspi-boot",
    "plugin": "radial-svg-slider",
    "details": "file:///home/runner/work/playground-tester/playground-tester/node_modules/@wp-playground/cli/index.js:237\n        throw new Error(y, { cause: u });\n              ^\n",
    "log": "/tmp/tmp.lZBLK0JJwp"
  },
  {
    "message": "Required parameter $ids follows optional parameter $size in /wordpress/wp-content/plugins/simplest-gallery/simplest-gallery.php on line 400",
    "level": "DEPRECATED",
    "type": "PHP",
    "test": "jspi-boot",
    "plugin": "radial-svg-slider",
    "details": "[09-May-2025 07:28:22 UTC] PHP Deprecated:  Required parameter $ids follows optional parameter $size in /wordpress/wp-content/plugins/simplest-gallery/simplest-gallery.php on line 400",
    "log": "/logs/plugins/r/radial-svg-slider/error.json"
  },
  {
    "message": "Required parameter $attrs follows optional parameter $post_id in /wordpress/wp-content/plugins/simplest-gallery/lightbox.php on line 71",
    "level": "DEPRECATED",
    "type": "PHP",
    "test": "jspi-boot",
    "plugin": "radial-svg-slider",
    "details": "[09-May-2025 07:28:22 UTC] PHP Deprecated:  Required parameter $attrs follows optional parameter $post_id in /wordpress/wp-content/plugins/simplest-gallery/lightbox.php on line 71",
    "log": "/logs/plugins/r/radial-svg-slider/error.json"
  },
  {
    "message": "Required parameter $attrs follows optional parameter $post_id in /wordpress/wp-content/plugins/simplest-gallery/lightbox.php on line 79",
    "level": "DEPRECATED",
    "type": "PHP",
    "test": "jspi-boot",
    "plugin": "radial-svg-slider",
    "details": "[09-May-2025 07:28:22 UTC] PHP Deprecated:  Required parameter $attrs follows optional parameter $post_id in /wordpress/wp-content/plugins/simplest-gallery/lightbox.php on line 79",
    "log": "/logs/plugins/r/radial-svg-slider/error.json"
  },
  {
    "message": "Required parameter $ids follows optional parameter $size in /wordpress/wp-content/plugins/simplest-gallery/simplest-gallery.php on line 400",
    "level": "DEPRECATED",
    "type": "PHP",
    "test": "jspi-boot",
    "plugin": "radial-svg-slider",
    "details": "[09-May-2025 07:28:23 UTC] PHP Deprecated:  Required parameter $ids follows optional parameter $size in /wordpress/wp-content/plugins/simplest-gallery/simplest-gallery.php on line 400",
    "log": "/logs/plugins/r/radial-svg-slider/error.json"
  },
  {
    "message": "Required parameter $attrs follows optional parameter $post_id in /wordpress/wp-content/plugins/simplest-gallery/lightbox.php on line 71",
    "level": "DEPRECATED",
    "type": "PHP",
    "test": "jspi-boot",
    "plugin": "radial-svg-slider",
    "details": "[09-May-2025 07:28:23 UTC] PHP Deprecated:  Required parameter $attrs follows optional parameter $post_id in /wordpress/wp-content/plugins/simplest-gallery/lightbox.php on line 71",
    "log": "/logs/plugins/r/radial-svg-slider/error.json"
  },
  {
    "message": "Required parameter $attrs follows optional parameter $post_id in /wordpress/wp-content/plugins/simplest-gallery/lightbox.php on line 79",
    "level": "DEPRECATED",
    "type": "PHP",
    "test": "jspi-boot",
    "plugin": "radial-svg-slider",
    "details": "[09-May-2025 07:28:23 UTC] PHP Deprecated:  Required parameter $attrs follows optional parameter $post_id in /wordpress/wp-content/plugins/simplest-gallery/lightbox.php on line 79",
    "log": "/logs/plugins/r/radial-svg-slider/error.json"
  },
  {
    "message": "Required parameter $ids follows optional parameter $size in /wordpress/wp-content/plugins/simplest-gallery/simplest-gallery.php on line 400",
    "level": "DEPRECATED",
    "type": "PHP",
    "test": "jspi-boot",
    "plugin": "radial-svg-slider",
    "details": "[09-May-2025 07:28:32 UTC] PHP Deprecated:  Required parameter $ids follows optional parameter $size in /wordpress/wp-content/plugins/simplest-gallery/simplest-gallery.php on line 400",
    "log": "/logs/plugins/r/radial-svg-slider/error.json"
  },
  {
    "message": "Required parameter $attrs follows optional parameter $post_id in /wordpress/wp-content/plugins/simplest-gallery/lightbox.php on line 71",
    "level": "DEPRECATED",
    "type": "PHP",
    "test": "jspi-boot",
    "plugin": "radial-svg-slider",
    "details": "[09-May-2025 07:28:32 UTC] PHP Deprecated:  Required parameter $attrs follows optional parameter $post_id in /wordpress/wp-content/plugins/simplest-gallery/lightbox.php on line 71",
    "log": "/logs/plugins/r/radial-svg-slider/error.json"
  },
  {
    "message": "Required parameter $attrs follows optional parameter $post_id in /wordpress/wp-content/plugins/simplest-gallery/lightbox.php on line 79",
    "level": "DEPRECATED",
    "type": "PHP",
    "test": "jspi-boot",
    "plugin": "radial-svg-slider",
    "details": "[09-May-2025 07:28:32 UTC] PHP Deprecated:  Required parameter $attrs follows optional parameter $post_id in /wordpress/wp-content/plugins/simplest-gallery/lightbox.php on line 79",
    "log": "/logs/plugins/r/radial-svg-slider/error.json"
  },
  {
    "message": "Required parameter $ids follows optional parameter $size in /wordpress/wp-content/plugins/simplest-gallery/simplest-gallery.php on line 400",
    "level": "DEPRECATED",
    "type": "PHP",
    "test": "jspi-boot",
    "plugin": "radial-svg-slider",
    "details": "[09-May-2025 07:28:33 UTC] PHP Deprecated:  Required parameter $ids follows optional parameter $size in /wordpress/wp-content/plugins/simplest-gallery/simplest-gallery.php on line 400",
    "log": "/logs/plugins/r/radial-svg-slider/error.json"
  },
  {
    "message": "Required parameter $attrs follows optional parameter $post_id in /wordpress/wp-content/plugins/simplest-gallery/lightbox.php on line 71",
    "level": "DEPRECATED",
    "type": "PHP",
    "test": "jspi-boot",
    "plugin": "radial-svg-slider",
    "details": "[09-May-2025 07:28:33 UTC] PHP Deprecated:  Required parameter $attrs follows optional parameter $post_id in /wordpress/wp-content/plugins/simplest-gallery/lightbox.php on line 71",
    "log": "/logs/plugins/r/radial-svg-slider/error.json"
  },
  {
    "message": "Required parameter $attrs follows optional parameter $post_id in /wordpress/wp-content/plugins/simplest-gallery/lightbox.php on line 79",
    "level": "DEPRECATED",
    "type": "PHP",
    "test": "jspi-boot",
    "plugin": "radial-svg-slider",
    "details": "[09-May-2025 07:28:33 UTC] PHP Deprecated:  Required parameter $attrs follows optional parameter $post_id in /wordpress/wp-content/plugins/simplest-gallery/lightbox.php on line 79",
    "log": "/logs/plugins/r/radial-svg-slider/error.json"
  },
  {
    "message": "Required parameter $ids follows optional parameter $size in /wordpress/wp-content/plugins/simplest-gallery/simplest-gallery.php on line 400",
    "level": "DEPRECATED",
    "type": "PHP",
    "test": "jspi-boot",
    "plugin": "radial-svg-slider",
    "details": "[09-May-2025 07:28:41 UTC] PHP Deprecated:  Required parameter $ids follows optional parameter $size in /wordpress/wp-content/plugins/simplest-gallery/simplest-gallery.php on line 400",
    "log": "/logs/plugins/r/radial-svg-slider/error.json"
  },
  {
    "message": "Required parameter $attrs follows optional parameter $post_id in /wordpress/wp-content/plugins/simplest-gallery/lightbox.php on line 71",
    "level": "DEPRECATED",
    "type": "PHP",
    "test": "jspi-boot",
    "plugin": "radial-svg-slider",
    "details": "[09-May-2025 07:28:41 UTC] PHP Deprecated:  Required parameter $attrs follows optional parameter $post_id in /wordpress/wp-content/plugins/simplest-gallery/lightbox.php on line 71",
    "log": "/logs/plugins/r/radial-svg-slider/error.json"
  },
  {
    "message": "Required parameter $attrs follows optional parameter $post_id in /wordpress/wp-content/plugins/simplest-gallery/lightbox.php on line 79",
    "level": "DEPRECATED",
    "type": "PHP",
    "test": "jspi-boot",
    "plugin": "radial-svg-slider",
    "details": "[09-May-2025 07:28:41 UTC] PHP Deprecated:  Required parameter $attrs follows optional parameter $post_id in /wordpress/wp-content/plugins/simplest-gallery/lightbox.php on line 79",
    "log": "/logs/plugins/r/radial-svg-slider/error.json"
  },
  {
    "message": "Required parameter $ids follows optional parameter $size in /wordpress/wp-content/plugins/simplest-gallery/simplest-gallery.php on line 400",
    "level": "DEPRECATED",
    "type": "PHP",
    "test": "jspi-boot",
    "plugin": "radial-svg-slider",
    "details": "[09-May-2025 07:28:42 UTC] PHP Deprecated:  Required parameter $ids follows optional parameter $size in /wordpress/wp-content/plugins/simplest-gallery/simplest-gallery.php on line 400",
    "log": "/logs/plugins/r/radial-svg-slider/error.json"
  },
  {
    "message": "Required parameter $attrs follows optional parameter $post_id in /wordpress/wp-content/plugins/simplest-gallery/lightbox.php on line 71",
    "level": "DEPRECATED",
    "type": "PHP",
    "test": "jspi-boot",
    "plugin": "radial-svg-slider",
    "details": "[09-May-2025 07:28:42 UTC] PHP Deprecated:  Required parameter $attrs follows optional parameter $post_id in /wordpress/wp-content/plugins/simplest-gallery/lightbox.php on line 71",
    "log": "/logs/plugins/r/radial-svg-slider/error.json"
  },
  {
    "message": "Required parameter $attrs follows optional parameter $post_id in /wordpress/wp-content/plugins/simplest-gallery/lightbox.php on line 79",
    "level": "DEPRECATED",
    "type": "PHP",
    "test": "jspi-boot",
    "plugin": "radial-svg-slider",
    "details": "[09-May-2025 07:28:42 UTC] PHP Deprecated:  Required parameter $attrs follows optional parameter $post_id in /wordpress/wp-content/plugins/simplest-gallery/lightbox.php on line 79",
    "log": "/logs/plugins/r/radial-svg-slider/error.json"
  },
  {
    "message": "Data type expected in MySQL query, unknown token received: (.",
    "level": "FATAL",
    "type": "SQL",
    "test": "jspi-boot",
    "plugin": "radial-svg-slider",
    "details": "[09-May-2025 07:29:14 UTC] WordPress database error <div style=\"clear:both\">&nbsp;</div>\n<div class=\"queries\" style=\"clear:both;margin-bottom:2px;border:red dotted thin;\">\n<p>MySQL query:</p>\n<p>ALTER TABLE wp_ssa_appointment_type_labels ADD  `` (``)</p>\n<p>Queries made or created this session were:</p>\n<ol>\n<li>Executing: BEGIN | (no parameters)</li>\n<li>Executing: ROLLBACK | (no parameters)</li>\n</ol>\n</div>\n<div style=\"clear:both;margin-bottom:2px;border:red dotted thin;\" class=\"error_message\" style=\"border-bottom:dotted blue thin;\">\nError occurred at line 4117 in Function <code>handle_error</code>. Error message was: Data type expected in MySQL query, unknown token received: (.\n</div>\n<p>Backtrace:</p>\n<pre>#0 /internal/shared/sqlite-database-integration/wp-includes/sqlite/class-wp-sqlite-db.php(287): WP_SQLite_Translator->get_error_message()\n#1 /wordpress/wp-admin/includes/upgrade.php(3280): WP_SQLite_DB->query('ALTER TABLE wp_...')\n#2 /wordpress/wp-content/plugins/simply-schedule-appointments/includes/lib/td-util/class-td-db-model.php(984): dbDelta(Array)\n#3 /wordpress/wp-content/plugins/simply-schedule-appointments/includes/class-upgrade.php(854): TD_DB_Model->create_table()\n#4 /wordpress/wp-content/plugins/simply-schedule-appointments/includes/class-upgrade.php(835): SSA_Upgrade->migrate_appointment_type_labels()\n#5 /wordpress/wp-content/plugins/simply-schedule-appointments/includes/class-upgrade.php(334): SSA_Upgrade->migrate_to_version_6_1_5('5.4.6')\n#6 /wordpress/wp-includes/class-wp-hook.php(324): SSA_Upgrade->migrations('')\n#7 /wordpress/wp-includes/class-wp-hook.php(348): WP_Hook->apply_filters(NULL, Array)\n#8 /wordpress/wp-includes/plugin.php(517): WP_Hook->do_action(Array)\n#9 /wordpress/wp-settings.php(727): do_action('init')\n#10 /wordpress/wp-config.php(102): require_once('/wordpress/wp-s...')\n#11 /wordpress/wp-load.php(50): require_once('/wordpress/wp-c...')\n#12 /internal/eval.php(3): require_once('/wordpress/wp-l...')\n#13 {main}</pre>\n for query ALTER TABLE wp_ssa_appointment_type_labels ADD  `` (``) made by require_once('wp-load.php'), require_once('wp-config.php'), require_once('wp-settings.php'), do_action('init'), WP_Hook->do_action, WP_Hook->apply_filters, SSA_Upgrade->migrations, SSA_Upgrade->migrate_to_version_6_1_5, SSA_Upgrade->migrate_appointment_type_labels, TD_DB_Model->create_table, dbDelta, WP_SQLite_DB->query, WP_SQLite_DB->print_error",
    "log": "/logs/plugins/r/radial-svg-slider/error.json"
  },
  {
    "message": "Data type expected in MySQL query, unknown token received: (.",
    "level": "FATAL",
    "type": "SQL",
    "test": "jspi-boot",
    "plugin": "radial-svg-slider",
    "details": "[09-May-2025 07:29:30 UTC] WordPress database error <div style=\"clear:both\">&nbsp;</div>\n<div class=\"queries\" style=\"clear:both;margin-bottom:2px;border:red dotted thin;\">\n<p>MySQL query:</p>\n<p>ALTER TABLE wp_ssa_appointment_type_labels ADD  `` (``)</p>\n<p>Queries made or created this session were:</p>\n<ol>\n<li>Executing: BEGIN | (no parameters)</li>\n<li>Executing: ROLLBACK | (no parameters)</li>\n</ol>\n</div>\n<div style=\"clear:both;margin-bottom:2px;border:red dotted thin;\" class=\"error_message\" style=\"border-bottom:dotted blue thin;\">\nError occurred at line 4117 in Function <code>handle_error</code>. Error message was: Data type expected in MySQL query, unknown token received: (.\n</div>\n<p>Backtrace:</p>\n<pre>#0 /internal/shared/sqlite-database-integration/wp-includes/sqlite/class-wp-sqlite-db.php(287): WP_SQLite_Translator->get_error_message()\n#1 /wordpress/wp-admin/includes/upgrade.php(3280): WP_SQLite_DB->query('ALTER TABLE wp_...')\n#2 /wordpress/wp-content/plugins/simply-schedule-appointments/includes/lib/td-util/class-td-db-model.php(984): dbDelta(Array)\n#3 /wordpress/wp-content/plugins/simply-schedule-appointments/includes/class-upgrade.php(854): TD_DB_Model->create_table()\n#4 /wordpress/wp-content/plugins/simply-schedule-appointments/includes/class-upgrade.php(835): SSA_Upgrade->migrate_appointment_type_labels()\n#5 /wordpress/wp-content/plugins/simply-schedule-appointments/includes/class-upgrade.php(334): SSA_Upgrade->migrate_to_version_6_1_5('5.4.6')\n#6 /wordpress/wp-includes/class-wp-hook.php(324): SSA_Upgrade->migrations('')\n#7 /wordpress/wp-includes/class-wp-hook.php(348): WP_Hook->apply_filters(NULL, Array)\n#8 /wordpress/wp-includes/plugin.php(517): WP_Hook->do_action(Array)\n#9 /wordpress/wp-settings.php(727): do_action('init')\n#10 /wordpress/wp-config.php(102): require_once('/wordpress/wp-s...')\n#11 /wordpress/wp-load.php(50): require_once('/wordpress/wp-c...')\n#12 /internal/eval.php(3): require_once('/wordpress/wp-l...')\n#13 {main}</pre>\n for query ALTER TABLE wp_ssa_appointment_type_labels ADD  `` (``) made by require_once('wp-load.php'), require_once('wp-config.php'), require_once('wp-settings.php'), do_action('init'), WP_Hook->do_action, WP_Hook->apply_filters, SSA_Upgrade->migrations, SSA_Upgrade->migrate_to_version_6_1_5, SSA_Upgrade->migrate_appointment_type_labels, TD_DB_Model->create_table, dbDelta, WP_SQLite_DB->query, WP_SQLite_DB->print_error",
    "log": "/logs/plugins/r/radial-svg-slider/error.json"
  },
  {
    "message": "Undefined property: WP_SQLite_DB::$actionscheduler_actions in /wordpress/wp-includes/class-wpdb.php on line 789",
    "level": "WARNING",
    "type": "PHP",
    "test": "jspi-boot",
    "plugin": "radial-svg-slider",
    "details": "[09-May-2025 07:35:09 UTC] PHP Warning:  Undefined property: WP_SQLite_DB::$actionscheduler_actions in /wordpress/wp-includes/class-wpdb.php on line 789",
    "log": "/logs/plugins/r/radial-svg-slider/error.json"
  },
  {
    "message": "Undefined property: WP_SQLite_DB::$actionscheduler_groups in /wordpress/wp-includes/class-wpdb.php on line 789",
    "level": "WARNING",
    "type": "PHP",
    "test": "jspi-boot",
    "plugin": "radial-svg-slider",
    "details": "[09-May-2025 07:35:09 UTC] PHP Warning:  Undefined property: WP_SQLite_DB::$actionscheduler_groups in /wordpress/wp-includes/class-wpdb.php on line 789",
    "log": "/logs/plugins/r/radial-svg-slider/error.json"
  },
  {
    "message": "Undefined property: WP_SQLite_DB::$actionscheduler_actions in /wordpress/wp-includes/class-wpdb.php on line 789",
    "level": "WARNING",
    "type": "PHP",
    "test": "jspi-boot",
    "plugin": "radial-svg-slider",
    "details": "[09-May-2025 07:35:09 UTC] PHP Warning:  Undefined property: WP_SQLite_DB::$actionscheduler_actions in /wordpress/wp-includes/class-wpdb.php on line 789",
    "log": "/logs/plugins/r/radial-svg-slider/error.json"
  },
  {
    "message": "Uncaught RuntimeException: Error saving action: Error saving action: <div style=\"clear:both\">&nbsp;</div>",
    "level": "FATAL",
    "type": "PHP",
    "test": "jspi-boot",
    "plugin": "radial-svg-slider",
    "details": "[09-May-2025 07:35:09 UTC] PHP Fatal error:  Uncaught RuntimeException: Error saving action: Error saving action: <div style=\"clear:both\">&nbsp;</div>\n<div class=\"queries\" style=\"clear:both;margin-bottom:2px;border:red dotted thin;\">\n<p>MySQL query:</p>\n<p>INSERT INTO `` (`hook`, `status`, `scheduled_date_gmt`, `scheduled_date_local`, `args`, `schedule`, `group_id`) VALUES ('action_scheduler/migration_hook', 'pending', '2025-05-09 07:35:09', '2025-05-09 07:35:09', '[]', 'O:30:\\\"ActionScheduler_SimpleSchedule\\\":2:{s:22:\\\"\\0*\\0scheduled_timestamp\\\";i:1746776109;s:41:\\\"\\0ActionScheduler_SimpleSchedule\\0timestamp\\\";i:1746776109;}', '0')</p>\n<p>Queries made or created this session were:</p>\n<ol>\n<li>Executing: BEGIN | (no parameters)</li>\n<li>Executing: SELECT 1 FROM sqlite_temp_schema WHERE type = 'table' AND name = ? | parameters: </li>\n<li>Executing: \n\t\t\t\tSELECT column_name, is_nullable, column_default, data_type, extra\n\t\t\t\tFROM `_wp_sqlite_mysql_information_schema_columns`\n\t\t\t\tWHERE table_schema = ?\n\t\t\t\tAND table_name = ?\n\t\t\t\tORDER BY ordinal_position\n\t\t\t | parameters: database_name_here, </li>\n<li>Executing: INSERT INTO `` () SELECT  FROM (VALUES ( 'action_scheduler/migration_hook' , 'pending' , '2025-05-09 07:35:09' , '2025-05-09 07:35:09' , '[]' , ('O:30:&quot;ActionScheduler_SimpleSchedule&quot;:2:{s:22:&quot;' || CHAR(0) || '*' || CHAR(0) || 'scheduled_timestamp&quot;;i:1746776109;s:41:&quot;' || CHAR(0) || 'ActionScheduler_SimpleSchedule' || CHAR(0) || 'timestamp&quot;;i:1746776109;}') , '0' )) WHERE true | (no parameters)</li>\n<li>Executing: ROLLBACK | (no parameters)</li>\n</ol>\n</div>\n<div style=\"clear:both;margin-bottom:2px;border:red dotted thin;\" class=\"error_message\" style=\"border-bottom:dotted blue thin;\">\nSQLSTATE[HY000]: General error: 1 near \")\": syntax error\n</div>\n<p>Backtrace:</p>\n<pre>#0 /internal/shared/sqlite-database-integration/wp-includes/sqlite-ast/class-wp-sqlite-driver.php(683): WP_SQLite_Driver->new_driver_exception('SQLSTATE[HY000]...', 'HY000', Object(PDOException))\n#1 /internal/shared/sqlite-database-integration/wp-includes/sqlite/class-wp-sqlite-db.php(491): WP_SQLite_Driver->query('INSERT INTO `` ...')\n#2 /internal/shared/sqlite-database-integration/wp-includes/sqlite/class-wp-sqlite-db.php(432): WP_SQLite_DB->_do_query('INSERT INTO `` ...')\n#3 /wordpress/wp-includes/class-wpdb.php(2614): WP_SQLite_DB->query('INSERT INTO `` ...')\n#4 /wordpress/wp-includes/class-wpdb.php(2503): wpdb->_insert_replace_helper(NULL, Array, NULL, 'INSERT')\n#5 /wordpress/wp-content/plugins/subscriptions-recurring-payments-for-woocommerce/inc/libraries/action-scheduler/classes/data-stores/ActionScheduler_DBStore.php(46): wpdb->insert(NULL, Array)\n#6 /wordpress/wp-content/plugins/subscriptions-recurring-payments-for-woocommerce/inc/libraries/action-scheduler/classes/migration/ActionScheduler_DBStoreMigrator.php(31): ActionScheduler_DBStore->save_action(Object(ActionScheduler_Action), NULL)\n#7 /wordpress/wp-content/plugins/subscriptions-recurring-payments-for-woocommerce/inc/libraries/action-scheduler/classes/data-stores/ActionScheduler_HybridStore.php(225): ActionScheduler_DBStoreMigrator->save_action(Object(ActionScheduler_Action), NULL)\n#8 /wordpress/wp-content/plugins/subscriptions-recurring-payments-for-woocommerce/inc/libraries/action-scheduler/classes/ActionScheduler_ActionFactory.php(177): ActionScheduler_HybridStore->save_action(Object(ActionScheduler_Action))\n#9 /wordpress/wp-content/plugins/subscriptions-recurring-payments-for-woocommerce/inc/libraries/action-scheduler/classes/ActionScheduler_ActionFactory.php(84): ActionScheduler_ActionFactory->store(Object(ActionScheduler_Action))\n#10 /wordpress/wp-content/plugins/subscriptions-recurring-payments-for-woocommerce/inc/libraries/action-scheduler/functions.php(30): ActionScheduler_ActionFactory->single('action_schedule...', Array, 1746776109, 'action-schedule...')\n#11 /wordpress/wp-content/plugins/subscriptions-recurring-payments-for-woocommerce/inc/libraries/action-scheduler/classes/migration/Scheduler.php(89): as_schedule_single_action(1746776109, 'action_schedule...', Array, 'action-schedule...')\n#12 /wordpress/wp-content/plugins/subscriptions-recurring-payments-for-woocommerce/inc/libraries/action-scheduler/classes/migration/Controller.php(99): Action_Scheduler\\Migration\\Scheduler->schedule_migration()\n#13 /wordpress/wp-includes/class-wp-hook.php(322): Action_Scheduler\\Migration\\Controller->schedule_migration()\n#14 /wordpress/wp-includes/class-wp-hook.php(348): WP_Hook->apply_filters('', Array)\n#15 /wordpress/wp-includes/plugin.php(517): WP_Hook->do_action(Array)\n#16 /wordpress/wp-includes/load.php(1304): do_action('shutdown')\n#17 [internal function]: shutdown_action_hook()\n#18 {main}</pre>\n in /wordpress/wp-content/plugins/subscriptions-recurring-payments-for-woocommerce/inc/libraries/action-scheduler/classes/migration/ActionScheduler_DBStoreMigrator.php:44\nStack trace:\n#0 /wordpress/wp-content/plugins/subscriptions-recurring-payments-for-woocommerce/inc/libraries/action-scheduler/classes/data-stores/ActionScheduler_HybridStore.php(225): ActionScheduler_DBStoreMigrator->save_action(Object(ActionScheduler_Action), NULL)\n#1 /wordpress/wp-content/plugins/subscriptions-recurring-payments-for-woocommerce/inc/libraries/action-scheduler/classes/ActionScheduler_ActionFactory.php(177): ActionScheduler_HybridStore->save_action(Object(ActionScheduler_Action))\n#2 /wordpress/wp-content/plugins/subscriptions-recurring-payments-for-woocommerce/inc/libraries/action-scheduler/classes/ActionScheduler_ActionFactory.php(84): ActionScheduler_ActionFactory->store(Object(ActionScheduler_Action))\n#3 /wordpress/wp-content/plugins/subscriptions-recurring-payments-for-woocommerce/inc/libraries/action-scheduler/functions.php(30): ActionScheduler_ActionFactory->single('action_schedule...', Array, 1746776109, 'action-schedule...')\n#4 /wordpress/wp-content/plugins/subscriptions-recurring-payments-for-woocommerce/inc/libraries/action-scheduler/classes/migration/Scheduler.php(89): as_schedule_single_action(1746776109, 'action_schedule...', Array, 'action-schedule...')\n#5 /wordpress/wp-content/plugins/subscriptions-recurring-payments-for-woocommerce/inc/libraries/action-scheduler/classes/migration/Controller.php(99): Action_Scheduler\\Migration\\Scheduler->schedule_migration()\n#6 /wordpress/wp-includes/class-wp-hook.php(322): Action_Scheduler\\Migration\\Controller->schedule_migration()\n#7 /wordpress/wp-includes/class-wp-hook.php(348): WP_Hook->apply_filters('', Array)\n#8 /wordpress/wp-includes/plugin.php(517): WP_Hook->do_action(Array)\n#9 /wordpress/wp-includes/load.php(1304): do_action('shutdown')\n#10 [internal function]: shutdown_action_hook()\n#11 {main}\n  thrown in /wordpress/wp-content/plugins/subscriptions-recurring-payments-for-woocommerce/inc/libraries/action-scheduler/classes/migration/ActionScheduler_DBStoreMigrator.php on line 44",
    "log": "/logs/plugins/r/radial-svg-slider/error.json"
  },
  {
    "message": "Undefined property: WP_SQLite_DB::$actionscheduler_actions in /wordpress/wp-includes/class-wpdb.php on line 789",
    "level": "WARNING",
    "type": "PHP",
    "test": "jspi-boot",
    "plugin": "radial-svg-slider",
    "details": "[09-May-2025 07:35:20 UTC] PHP Warning:  Undefined property: WP_SQLite_DB::$actionscheduler_actions in /wordpress/wp-includes/class-wpdb.php on line 789",
    "log": "/logs/plugins/r/radial-svg-slider/error.json"
  },
  {
    "message": "SQLSTATE[HY000]: General error: 1 no such table: a.",
    "level": "FATAL",
    "type": "SQL",
    "test": "jspi-boot",
    "plugin": "radial-svg-slider",
    "details": "[09-May-2025 07:35:20 UTC] WordPress database error <div style=\"clear:both\">&nbsp;</div>\n<div class=\"queries\" style=\"clear:both;margin-bottom:2px;border:red dotted thin;\">\n<p>MySQL query:</p>\n<p>SELECT a.action_id FROM  a WHERE a.hook='action_scheduler/migration_hook' AND a.status='in-progress' ORDER BY scheduled_date_gmt DESC LIMIT 1</p>\n<p>Queries made or created this session were:</p>\n<ol>\n<li>Executing: BEGIN | (no parameters)</li>\n<li>Executing: SELECT a.action_id FROM  a WHERE a.hook=:param0  AND a.status=:param1  ORDER BY scheduled_date_gmt DESC LIMIT 1 | parameters: action_scheduler/migration_hook, in-progress</li>\n<li>Executing: ROLLBACK | (no parameters)</li>\n</ol>\n</div>\n<div style=\"clear:both;margin-bottom:2px;border:red dotted thin;\" class=\"error_message\" style=\"border-bottom:dotted blue thin;\">\nError occurred at line 4117 in Function <code>handle_error</code>. Error message was: SQLSTATE[HY000]: General error: 1 no such table: a.\n</div>\n<p>Backtrace:</p>\n<pre>#0 /internal/shared/sqlite-database-integration/wp-includes/sqlite/class-wp-sqlite-db.php(287): WP_SQLite_Translator->get_error_message()\n#1 /wordpress/wp-includes/class-wpdb.php(3031): WP_SQLite_DB->query('SELECT a.action...')\n#2 /wordpress/wp-content/plugins/subscriptions-recurring-payments-for-woocommerce/inc/libraries/action-scheduler/classes/data-stores/ActionScheduler_DBStore.php(210): wpdb->get_var('SELECT a.action...')\n#3 /wordpress/wp-content/plugins/subscriptions-recurring-payments-for-woocommerce/inc/libraries/action-scheduler/classes/data-stores/ActionScheduler_HybridStore.php(134): ActionScheduler_DBStore->find_action('action_schedule...', Array)\n#4 /wordpress/wp-content/plugins/subscriptions-recurring-payments-for-woocommerce/inc/libraries/action-scheduler/functions.php(156): ActionScheduler_HybridStore->find_action('action_schedule...', Array)\n#5 /wordpress/wp-content/plugins/subscriptions-recurring-payments-for-woocommerce/inc/libraries/action-scheduler/classes/migration/Scheduler.php(66): as_next_scheduled_action('action_schedule...')\n#6 /wordpress/wp-content/plugins/subscriptions-recurring-payments-for-woocommerce/inc/libraries/action-scheduler/classes/migration/Controller.php(95): Action_Scheduler\\Migration\\Scheduler->is_migration_scheduled()\n#7 /wordpress/wp-includes/class-wp-hook.php(322): Action_Scheduler\\Migration\\Controller->schedule_migration()\n#8 /wordpress/wp-includes/class-wp-hook.php(348): WP_Hook->apply_filters('', Array)\n#9 /wordpress/wp-includes/plugin.php(517): WP_Hook->do_action(Array)\n#10 /wordpress/wp-includes/load.php(1304): do_action('shutdown')\n#11 [internal function]: shutdown_action_hook()\n#12 {main}</pre>\n for query SELECT a.action_id FROM  a WHERE a.hook='action_scheduler/migration_hook' AND a.status='in-progress' ORDER BY scheduled_date_gmt DESC LIMIT 1 made by shutdown_action_hook, do_action('shutdown'), WP_Hook->do_action, WP_Hook->apply_filters, Action_Scheduler\\Migration\\Controller->schedule_migration, Action_Scheduler\\Migration\\Scheduler->is_migration_scheduled, as_next_scheduled_action, ActionScheduler_HybridStore->find_action, ActionScheduler_DBStore->find_action, WP_SQLite_DB->query, WP_SQLite_DB->print_error",
    "log": "/logs/plugins/r/radial-svg-slider/error.json"
  },
  {
    "message": "SQLSTATE[HY000]: General error: 1 no such table: a.",
    "level": "FATAL",
    "type": "SQL",
    "test": "jspi-boot",
    "plugin": "radial-svg-slider",
    "details": "[09-May-2025 07:35:20 UTC] WordPress database error <div style=\"clear:both\">&nbsp;</div>\n<div class=\"queries\" style=\"clear:both;margin-bottom:2px;border:red dotted thin;\">\n<p>MySQL query:</p>\n<p>SELECT a.action_id FROM  a WHERE a.hook='action_scheduler/migration_hook' AND a.status='pending' ORDER BY scheduled_date_gmt ASC LIMIT 1</p>\n<p>Queries made or created this session were:</p>\n<ol>\n<li>Executing: BEGIN | (no parameters)</li>\n<li>Executing: SELECT a.action_id FROM  a WHERE a.hook=:param0  AND a.status=:param1  ORDER BY scheduled_date_gmt ASC LIMIT 1 | parameters: action_scheduler/migration_hook, pending</li>\n<li>Executing: ROLLBACK | (no parameters)</li>\n</ol>\n</div>\n<div style=\"clear:both;margin-bottom:2px;border:red dotted thin;\" class=\"error_message\" style=\"border-bottom:dotted blue thin;\">\nError occurred at line 4117 in Function <code>handle_error</code>. Error message was: SQLSTATE[HY000]: General error: 1 no such table: a.\n</div>\n<p>Backtrace:</p>\n<pre>#0 /internal/shared/sqlite-database-integration/wp-includes/sqlite/class-wp-sqlite-db.php(287): WP_SQLite_Translator->get_error_message()\n#1 /wordpress/wp-includes/class-wpdb.php(3031): WP_SQLite_DB->query('SELECT a.action...')\n#2 /wordpress/wp-content/plugins/subscriptions-recurring-payments-for-woocommerce/inc/libraries/action-scheduler/classes/data-stores/ActionScheduler_DBStore.php(210): wpdb->get_var('SELECT a.action...')\n#3 /wordpress/wp-content/plugins/subscriptions-recurring-payments-for-woocommerce/inc/libraries/action-scheduler/classes/data-stores/ActionScheduler_HybridStore.php(134): ActionScheduler_DBStore->find_action('action_schedule...', Array)\n#4 /wordpress/wp-content/plugins/subscriptions-recurring-payments-for-woocommerce/inc/libraries/action-scheduler/functions.php(162): ActionScheduler_HybridStore->find_action('action_schedule...', Array)\n#5 /wordpress/wp-content/plugins/subscriptions-recurring-payments-for-woocommerce/inc/libraries/action-scheduler/classes/migration/Scheduler.php(66): as_next_scheduled_action('action_schedule...')\n#6 /wordpress/wp-content/plugins/subscriptions-recurring-payments-for-woocommerce/inc/libraries/action-scheduler/classes/migration/Controller.php(95): Action_Scheduler\\Migration\\Scheduler->is_migration_scheduled()\n#7 /wordpress/wp-includes/class-wp-hook.php(322): Action_Scheduler\\Migration\\Controller->schedule_migration()\n#8 /wordpress/wp-includes/class-wp-hook.php(348): WP_Hook->apply_filters('', Array)\n#9 /wordpress/wp-includes/plugin.php(517): WP_Hook->do_action(Array)\n#10 /wordpress/wp-includes/load.php(1304): do_action('shutdown')\n#11 [internal function]: shutdown_action_hook()\n#12 {main}</pre>\n for query SELECT a.action_id FROM  a WHERE a.hook='action_scheduler/migration_hook' AND a.status='pending' ORDER BY scheduled_date_gmt ASC LIMIT 1 made by shutdown_action_hook, do_action('shutdown'), WP_Hook->do_action, WP_Hook->apply_filters, Action_Scheduler\\Migration\\Controller->schedule_migration, Action_Scheduler\\Migration\\Scheduler->is_migration_scheduled, as_next_scheduled_action, ActionScheduler_HybridStore->find_action, ActionScheduler_DBStore->find_action, WP_SQLite_DB->query, WP_SQLite_DB->print_error",
    "log": "/logs/plugins/r/radial-svg-slider/error.json"
  },
  {
    "message": "SQLSTATE[HY000]: General error: 1 no such table: a.",
    "level": "FATAL",
    "type": "SQL",
    "test": "jspi-boot",
    "plugin": "radial-svg-slider",
    "details": "[09-May-2025 07:35:20 UTC] WordPress database error <div style=\"clear:both\">&nbsp;</div>\n<div class=\"queries\" style=\"clear:both;margin-bottom:2px;border:red dotted thin;\">\n<p>MySQL query:</p>\n<p>SELECT a.action_id FROM  a WHERE a.hook='action_scheduler/migration_hook' AND a.status='in-progress' ORDER BY scheduled_date_gmt DESC LIMIT 1</p>\n<p>Queries made or created this session were:</p>\n<ol>\n<li>Executing: BEGIN | (no parameters)</li>\n<li>Executing: SELECT a.action_id FROM  a WHERE a.hook=:param0  AND a.status=:param1  ORDER BY scheduled_date_gmt DESC LIMIT 1 | parameters: action_scheduler/migration_hook, in-progress</li>\n<li>Executing: ROLLBACK | (no parameters)</li>\n</ol>\n</div>\n<div style=\"clear:both;margin-bottom:2px;border:red dotted thin;\" class=\"error_message\" style=\"border-bottom:dotted blue thin;\">\nError occurred at line 4117 in Function <code>handle_error</code>. Error message was: SQLSTATE[HY000]: General error: 1 no such table: a.\n</div>\n<p>Backtrace:</p>\n<pre>#0 /internal/shared/sqlite-database-integration/wp-includes/sqlite/class-wp-sqlite-db.php(287): WP_SQLite_Translator->get_error_message()\n#1 /wordpress/wp-includes/class-wpdb.php(3031): WP_SQLite_DB->query('SELECT a.action...')\n#2 /wordpress/wp-content/plugins/subscriptions-recurring-payments-for-woocommerce/inc/libraries/action-scheduler/classes/data-stores/ActionScheduler_DBStore.php(210): wpdb->get_var('SELECT a.action...')\n#3 /wordpress/wp-content/plugins/subscriptions-recurring-payments-for-woocommerce/inc/libraries/action-scheduler/classes/data-stores/ActionScheduler_HybridStore.php(134): ActionScheduler_DBStore->find_action('action_schedule...', Array)\n#4 /wordpress/wp-content/plugins/subscriptions-recurring-payments-for-woocommerce/inc/libraries/action-scheduler/functions.php(156): ActionScheduler_HybridStore->find_action('action_schedule...', Array)\n#5 /wordpress/wp-content/plugins/subscriptions-recurring-payments-for-woocommerce/inc/libraries/action-scheduler/classes/migration/Scheduler.php(79): as_next_scheduled_action('action_schedule...')\n#6 /wordpress/wp-content/plugins/subscriptions-recurring-payments-for-woocommerce/inc/libraries/action-scheduler/classes/migration/Controller.php(99): Action_Scheduler\\Migration\\Scheduler->schedule_migration()\n#7 /wordpress/wp-includes/class-wp-hook.php(322): Action_Scheduler\\Migration\\Controller->schedule_migration()\n#8 /wordpress/wp-includes/class-wp-hook.php(348): WP_Hook->apply_filters('', Array)\n#9 /wordpress/wp-includes/plugin.php(517): WP_Hook->do_action(Array)\n#10 /wordpress/wp-includes/load.php(1304): do_action('shutdown')\n#11 [internal function]: shutdown_action_hook()\n#12 {main}</pre>\n for query SELECT a.action_id FROM  a WHERE a.hook='action_scheduler/migration_hook' AND a.status='in-progress' ORDER BY scheduled_date_gmt DESC LIMIT 1 made by shutdown_action_hook, do_action('shutdown'), WP_Hook->do_action, WP_Hook->apply_filters, Action_Scheduler\\Migration\\Controller->schedule_migration, Action_Scheduler\\Migration\\Scheduler->schedule_migration, as_next_scheduled_action, ActionScheduler_HybridStore->find_action, ActionScheduler_DBStore->find_action, WP_SQLite_DB->query, WP_SQLite_DB->print_error",
    "log": "/logs/plugins/r/radial-svg-slider/error.json"
  },
  {
    "message": "SQLSTATE[HY000]: General error: 1 no such table: a.",
    "level": "FATAL",
    "type": "SQL",
    "test": "jspi-boot",
    "plugin": "radial-svg-slider",
    "details": "[09-May-2025 07:35:20 UTC] WordPress database error <div style=\"clear:both\">&nbsp;</div>\n<div class=\"queries\" style=\"clear:both;margin-bottom:2px;border:red dotted thin;\">\n<p>MySQL query:</p>\n<p>SELECT a.action_id FROM  a WHERE a.hook='action_scheduler/migration_hook' AND a.status='pending' ORDER BY scheduled_date_gmt ASC LIMIT 1</p>\n<p>Queries made or created this session were:</p>\n<ol>\n<li>Executing: BEGIN | (no parameters)</li>\n<li>Executing: SELECT a.action_id FROM  a WHERE a.hook=:param0  AND a.status=:param1  ORDER BY scheduled_date_gmt ASC LIMIT 1 | parameters: action_scheduler/migration_hook, pending</li>\n<li>Executing: ROLLBACK | (no parameters)</li>\n</ol>\n</div>\n<div style=\"clear:both;margin-bottom:2px;border:red dotted thin;\" class=\"error_message\" style=\"border-bottom:dotted blue thin;\">\nError occurred at line 4117 in Function <code>handle_error</code>. Error message was: SQLSTATE[HY000]: General error: 1 no such table: a.\n</div>\n<p>Backtrace:</p>\n<pre>#0 /internal/shared/sqlite-database-integration/wp-includes/sqlite/class-wp-sqlite-db.php(287): WP_SQLite_Translator->get_error_message()\n#1 /wordpress/wp-includes/class-wpdb.php(3031): WP_SQLite_DB->query('SELECT a.action...')\n#2 /wordpress/wp-content/plugins/subscriptions-recurring-payments-for-woocommerce/inc/libraries/action-scheduler/classes/data-stores/ActionScheduler_DBStore.php(210): wpdb->get_var('SELECT a.action...')\n#3 /wordpress/wp-content/plugins/subscriptions-recurring-payments-for-woocommerce/inc/libraries/action-scheduler/classes/data-stores/ActionScheduler_HybridStore.php(134): ActionScheduler_DBStore->find_action('action_schedule...', Array)\n#4 /wordpress/wp-content/plugins/subscriptions-recurring-payments-for-woocommerce/inc/libraries/action-scheduler/functions.php(162): ActionScheduler_HybridStore->find_action('action_schedule...', Array)\n#5 /wordpress/wp-content/plugins/subscriptions-recurring-payments-for-woocommerce/inc/libraries/action-scheduler/classes/migration/Scheduler.php(79): as_next_scheduled_action('action_schedule...')\n#6 /wordpress/wp-content/plugins/subscriptions-recurring-payments-for-woocommerce/inc/libraries/action-scheduler/classes/migration/Controller.php(99): Action_Scheduler\\Migration\\Scheduler->schedule_migration()\n#7 /wordpress/wp-includes/class-wp-hook.php(322): Action_Scheduler\\Migration\\Controller->schedule_migration()\n#8 /wordpress/wp-includes/class-wp-hook.php(348): WP_Hook->apply_filters('', Array)\n#9 /wordpress/wp-includes/plugin.php(517): WP_Hook->do_action(Array)\n#10 /wordpress/wp-includes/load.php(1304): do_action('shutdown')\n#11 [internal function]: shutdown_action_hook()\n#12 {main}</pre>\n for query SELECT a.action_id FROM  a WHERE a.hook='action_scheduler/migration_hook' AND a.status='pending' ORDER BY scheduled_date_gmt ASC LIMIT 1 made by shutdown_action_hook, do_action('shutdown'), WP_Hook->do_action, WP_Hook->apply_filters, Action_Scheduler\\Migration\\Controller->schedule_migration, Action_Scheduler\\Migration\\Scheduler->schedule_migration, as_next_scheduled_action, ActionScheduler_HybridStore->find_action, ActionScheduler_DBStore->find_action, WP_SQLite_DB->query, WP_SQLite_DB->print_error",
    "log": "/logs/plugins/r/radial-svg-slider/error.json"
  },
  {
    "message": "Undefined property: WP_SQLite_DB::$actionscheduler_groups in /wordpress/wp-includes/class-wpdb.php on line 789",
    "level": "WARNING",
    "type": "PHP",
    "test": "jspi-boot",
    "plugin": "radial-svg-slider",
    "details": "[09-May-2025 07:35:20 UTC] PHP Warning:  Undefined property: WP_SQLite_DB::$actionscheduler_groups in /wordpress/wp-includes/class-wpdb.php on line 789",
    "log": "/logs/plugins/r/radial-svg-slider/error.json"
  },
  {
    "message": "SQLSTATE[HY000]: General error: 1 near \"WHERE\": syntax error.",
    "level": "FATAL",
    "type": "SQL",
    "test": "jspi-boot",
    "plugin": "radial-svg-slider",
    "details": "[09-May-2025 07:35:20 UTC] WordPress database error <div style=\"clear:both\">&nbsp;</div>\n<div class=\"queries\" style=\"clear:both;margin-bottom:2px;border:red dotted thin;\">\n<p>MySQL query:</p>\n<p>SELECT group_id FROM  WHERE slug='action-scheduler-migration'</p>\n<p>Queries made or created this session were:</p>\n<ol>\n<li>Executing: BEGIN | (no parameters)</li>\n<li>Executing: SELECT group_id FROM  WHERE slug=:param0  | parameters: action-scheduler-migration</li>\n<li>Executing: ROLLBACK | (no parameters)</li>\n</ol>\n</div>\n<div style=\"clear:both;margin-bottom:2px;border:red dotted thin;\" class=\"error_message\" style=\"border-bottom:dotted blue thin;\">\nError occurred at line 4117 in Function <code>handle_error</code>. Error message was: SQLSTATE[HY000]: General error: 1 near \"WHERE\": syntax error.\n</div>\n<p>Backtrace:</p>\n<pre>#0 /internal/shared/sqlite-database-integration/wp-includes/sqlite/class-wp-sqlite-db.php(287): WP_SQLite_Translator->get_error_message()\n#1 /wordpress/wp-includes/class-wpdb.php(3031): WP_SQLite_DB->query('SELECT group_id...')\n#2 /wordpress/wp-content/plugins/subscriptions-recurring-payments-for-woocommerce/inc/libraries/action-scheduler/classes/data-stores/ActionScheduler_DBStore.php(79): wpdb->get_var('SELECT group_id...')\n#3 /wordpress/wp-content/plugins/subscriptions-recurring-payments-for-woocommerce/inc/libraries/action-scheduler/classes/data-stores/ActionScheduler_DBStore.php(44): ActionScheduler_DBStore->get_group_id('action-schedule...')\n#4 /wordpress/wp-content/plugins/subscriptions-recurring-payments-for-woocommerce/inc/libraries/action-scheduler/classes/migration/ActionScheduler_DBStoreMigrator.php(31): ActionScheduler_DBStore->save_action(Object(ActionScheduler_Action), NULL)\n#5 /wordpress/wp-content/plugins/subscriptions-recurring-payments-for-woocommerce/inc/libraries/action-scheduler/classes/data-stores/ActionScheduler_HybridStore.php(225): ActionScheduler_DBStoreMigrator->save_action(Object(ActionScheduler_Action), NULL)\n#6 /wordpress/wp-content/plugins/subscriptions-recurring-payments-for-woocommerce/inc/libraries/action-scheduler/classes/ActionScheduler_ActionFactory.php(177): ActionScheduler_HybridStore->save_action(Object(ActionScheduler_Action))\n#7 /wordpress/wp-content/plugins/subscriptions-recurring-payments-for-woocommerce/inc/libraries/action-scheduler/classes/ActionScheduler_ActionFactory.php(84): ActionScheduler_ActionFactory->store(Object(ActionScheduler_Action))\n#8 /wordpress/wp-content/plugins/subscriptions-recurring-payments-for-woocommerce/inc/libraries/action-scheduler/functions.php(30): ActionScheduler_ActionFactory->single('action_schedule...', Array, 1746776120, 'action-schedule...')\n#9 /wordpress/wp-content/plugins/subscriptions-recurring-payments-for-woocommerce/inc/libraries/action-scheduler/classes/migration/Scheduler.php(89): as_schedule_single_action(1746776120, 'action_schedule...', Array, 'action-schedule...')\n#10 /wordpress/wp-content/plugins/subscriptions-recurring-payments-for-woocommerce/inc/libraries/action-scheduler/classes/migration/Controller.php(99): Action_Scheduler\\Migration\\Scheduler->schedule_migration()\n#11 /wordpress/wp-includes/class-wp-hook.php(322): Action_Scheduler\\Migration\\Controller->schedule_migration()\n#12 /wordpress/wp-includes/class-wp-hook.php(348): WP_Hook->apply_filters('', Array)\n#13 /wordpress/wp-includes/plugin.php(517): WP_Hook->do_action(Array)\n#14 /wordpress/wp-includes/load.php(1304): do_action('shutdown')\n#15 [internal function]: shutdown_action_hook()\n#16 {main}</pre>\n for query SELECT group_id FROM  WHERE slug='action-scheduler-migration' made by shutdown_action_hook, do_action('shutdown'), WP_Hook->do_action, WP_Hook->apply_filters, Action_Scheduler\\Migration\\Controller->schedule_migration, Action_Scheduler\\Migration\\Scheduler->schedule_migration, as_schedule_single_action, ActionScheduler_ActionFactory->single, ActionScheduler_ActionFactory->store, ActionScheduler_HybridStore->save_action, ActionScheduler_DBStoreMigrator->save_action, ActionScheduler_DBStore->save_action, ActionScheduler_DBStore->get_group_id, WP_SQLite_DB->query, WP_SQLite_DB->print_error",
    "log": "/logs/plugins/r/radial-svg-slider/error.json"
  },
  {
    "message": "SQLSTATE[HY000]: General error: 1 no such table: .",
    "level": "FATAL",
    "type": "SQL",
    "test": "jspi-boot",
    "plugin": "radial-svg-slider",
    "details": "[09-May-2025 07:35:20 UTC] WordPress database error <div style=\"clear:both\">&nbsp;</div>\n<div class=\"queries\" style=\"clear:both;margin-bottom:2px;border:red dotted thin;\">\n<p>MySQL query:</p>\n<p>INSERT INTO `` (`slug`) VALUES ('action-scheduler-migration')</p>\n<p>Queries made or created this session were:</p>\n<ol>\n<li>Executing: BEGIN | (no parameters)</li>\n<li>Executing: INSERT INTO `` (`slug`) VALUES (:param0 ) | parameters: action-scheduler-migration</li>\n<li>Executing: ROLLBACK | (no parameters)</li>\n</ol>\n</div>\n<div style=\"clear:both;margin-bottom:2px;border:red dotted thin;\" class=\"error_message\" style=\"border-bottom:dotted blue thin;\">\nError occurred at line 4117 in Function <code>handle_error</code>. Error message was: SQLSTATE[HY000]: General error: 1 no such table: .\n</div>\n<p>Backtrace:</p>\n<pre>#0 /internal/shared/sqlite-database-integration/wp-includes/sqlite/class-wp-sqlite-db.php(287): WP_SQLite_Translator->get_error_message()\n#1 /wordpress/wp-includes/class-wpdb.php(2614): WP_SQLite_DB->query('INSERT INTO `` ...')\n#2 /wordpress/wp-includes/class-wpdb.php(2503): wpdb->_insert_replace_helper(NULL, Array, NULL, 'INSERT')\n#3 /wordpress/wp-content/plugins/subscriptions-recurring-payments-for-woocommerce/inc/libraries/action-scheduler/classes/data-stores/ActionScheduler_DBStore.php(97): wpdb->insert(NULL, Array)\n#4 /wordpress/wp-content/plugins/subscriptions-recurring-payments-for-woocommerce/inc/libraries/action-scheduler/classes/data-stores/ActionScheduler_DBStore.php(81): ActionScheduler_DBStore->create_group('action-schedule...')\n#5 /wordpress/wp-content/plugins/subscriptions-recurring-payments-for-woocommerce\n",
    "log": "/logs/plugins/r/radial-svg-slider/error.json"
  }
]
