file:///home/runner/work/playground-tester/playground-tester/node_modules/@wp-playground/cli/run-cli-j-geJYS3.js:325
        throw new Error($, { cause: h });
              ^

Error: [12-Jun-2025 15:32:32 UTC] PHP Fatal error:  Uncaught Exception: Matrix Linker failed to register with remote server with error code: Empty reply from server in /wordpress/wp-content/plugins/matrix-linker/api.php:266
Stack trace:
#0 /wordpress/wp-content/plugins/matrix-linker/api.php(100): matrix_linker::http_request(Array)
#1 /wordpress/wp-content/plugins/matrix-linker/matrix-linker.php(220): matrix_linker::register_website('http://127.0.0....', 'WP', '3.1', Array)
#2 /wordpress/wp-includes/class-wp-hook.php(324): matrix_linker_install(false)
#3 /wordpress/wp-includes/class-wp-hook.php(348): WP_Hook->apply_filters('', Array)
#4 /wordpress/wp-includes/plugin.php(517): WP_Hook->do_action(Array)
#5 /wordpress/wp-admin/includes/plugin.php(703): do_action('activate_matrix...', false)
#6 /internal/eval.php(20): activate_plugin('matrix-linker/m...')
#7 {main}
  thrown in /wordpress/wp-content/plugins/matrix-linker/api.php on line 266
[12-Jun-2025 15:32:41 UTC] PHP Fatal error:  Uncaught Exception: Matrix Linker failed to register with remote server with error code: Empty reply from server in /wordpress/wp-content/plugins/matrix-linker/api.php:266
Stack trace:
#0 /wordpress/wp-content/plugins/matrix-linker/api.php(100): matrix_linker::http_request(Array)
#1 /wordpress/wp-content/plugins/matrix-linker/matrix-linker.php(220): matrix_linker::register_website('http://127.0.0....', 'WP', '3.1', Array)
#2 /wordpress/wp-includes/class-wp-hook.php(324): matrix_linker_install(false)
#3 /wordpress/wp-includes/class-wp-hook.php(348): WP_Hook->apply_filters('', Array)
#4 /wordpress/wp-includes/plugin.php(517): WP_Hook->do_action(Array)
#5 /wordpress/wp-admin/includes/plugin.php(703): do_action('activate_matrix...', false)
#6 /internal/eval.php(20): activate_plugin('matrix-linker/m...')
#7 {main}
  thrown in /wordpress/wp-content/plugins/matrix-linker/api.php on line 266
[12-Jun-2025 15:32:49 UTC] PHP Fatal error:  Uncaught Exception: Matrix Linker failed to register with remote server with error code: Empty reply from server in /wordpress/wp-content/plugins/matrix-linker/api.php:266
Stack trace:
#0 /wordpress/wp-content/plugins/matrix-linker/api.php(100): matrix_linker::http_request(Array)
#1 /wordpress/wp-content/plugins/matrix-linker/matrix-linker.php(220): matrix_linker::register_website('http://127.0.0....', 'WP', '3.1', Array)
#2 /wordpress/wp-includes/class-wp-hook.php(324): matrix_linker_install(false)
#3 /wordpress/wp-includes/class-wp-hook.php(348): WP_Hook->apply_filters('', Array)
#4 /wordpress/wp-includes/plugin.php(517): WP_Hook->do_action(Array)
#5 /wordpress/wp-admin/includes/plugin.php(703): do_action('activate_matrix...', false)
#6 /internal/eval.php(20): activate_plugin('matrix-linker/m...')
#7 {main}
  thrown in /wordpress/wp-content/plugins/matrix-linker/api.php on line 266
[12-Jun-2025 15:33:44 UTC] PHP Fatal error:  Uncaught ArgumentCountError: Too few arguments to function WP_Widget::__construct(), 0 passed in /wordpress/wp-includes/class-wp-widget-factory.php on line 62 and at least 2 expected in /wordpress/wp-includes/class-wp-widget.php:163
Stack trace:
#0 /wordpress/wp-includes/class-wp-widget-factory.php(62): WP_Widget->__construct()
#1 /wordpress/wp-includes/widgets.php(123): WP_Widget_Factory->register('Mloovi_Widget')
#2 /wordpress/wp-content/plugins/mloovi-translate-widget/mloovi.php(28): register_widget('Mloovi_Widget')
#3 /wordpress/wp-includes/class-wp-hook.php(324): mloovi_load_widgets('')
#4 /wordpress/wp-includes/class-wp-hook.php(348): WP_Hook->apply_filters(NULL, Array)
#5 /wordpress/wp-includes/plugin.php(517): WP_Hook->do_action(Array)
#6 /wordpress/wp-includes/widgets.php(1870): do_action('widgets_init')
#7 /wordpress/wp-includes/class-wp-hook.php(324): wp_widgets_init('')
#8 /wordpress/wp-includes/class-wp-hook.php(348): WP_Hook->apply_filters(NULL, Array)
#9 /wordpress/wp-includes/plugin.php(517): WP_Hook->do_action(Array)
#10 /wordpress/wp-settings.php(727): do_action('init')
#11 /wordpress/wp-config.php(102): require_once('/wordpress/wp-s...')
#12 /wordpress/wp-load.php(50): require_once('/wordpress/wp-c...')
#13 /internal/eval.php(3): require_once('/wordpress/wp-l...')
#14 {main}
  thrown in /wordpress/wp-includes/class-wp-widget.php on line 163
[12-Jun-2025 15:33:54 UTC] PHP Fatal error:  Uncaught ArgumentCountError: Too few arguments to function WP_Widget::__construct(), 0 passed in /wordpress/wp-includes/class-wp-widget-factory.php on line 62 and at least 2 expected in /wordpress/wp-includes/class-wp-widget.php:163
Stack trace:
#0 /wordpress/wp-includes/class-wp-widget-factory.php(62): WP_Widget->__construct()
#1 /wordpress/wp-includes/widgets.php(123): WP_Widget_Factory->register('Mloovi_Widget')
#2 /wordpress/wp-content/plugins/mloovi-translate-widget/mloovi.php(28): register_widget('Mloovi_Widget')
#3 /wordpress/wp-includes/class-wp-hook.php(324): mloovi_load_widgets('')
#4 /wordpress/wp-includes/class-wp-hook.php(348): WP_Hook->apply_filters(NULL, Array)
#5 /wordpress/wp-includes/plugin.php(517): WP_Hook->do_action(Array)
#6 /wordpress/wp-includes/widgets.php(1870): do_action('widgets_init')
#7 /wordpress/wp-includes/class-wp-hook.php(324): wp_widgets_init('')
#8 /wordpress/wp-includes/class-wp-hook.php(348): WP_Hook->apply_filters(NULL, Array)
#9 /wordpress/wp-includes/plugin.php(517): WP_Hook->do_action(Array)
#10 /wordpress/wp-settings.php(727): do_action('init')
#11 /wordpress/wp-config.php(102): require_once('/wordpress/wp-s...')
#12 /wordpress/wp-load.php(50): require_once('/wordpress/wp-c...')
#13 /internal/eval.php(3): require_once('/wordpress/wp-l...')
#14 {main}
  thrown in /wordpress/wp-includes/class-wp-widget.php on line 163
[12-Jun-2025 15:34:04 UTC] PHP Fatal error:  Uncaught ArgumentCountError: Too few arguments to function WP_Widget::__construct(), 0 passed in /wordpress/wp-includes/class-wp-widget-factory.php on line 62 and at least 2 expected in /wordpress/wp-includes/class-wp-widget.php:163
Stack trace:
#0 /wordpress/wp-includes/class-wp-widget-factory.php(62): WP_Widget->__construct()
#1 /wordpress/wp-includes/widgets.php(123): WP_Widget_Factory->register('Mloovi_Widget')
#2 /wordpress/wp-content/plugins/mloovi-translate-widget/mloovi.php(28): register_widget('Mloovi_Widget')
#3 /wordpress/wp-includes/class-wp-hook.php(324): mloovi_load_widgets('')
#4 /wordpress/wp-includes/class-wp-hook.php(348): WP_Hook->apply_filters(NULL, Array)
#5 /wordpress/wp-includes/plugin.php(517): WP_Hook->do_action(Array)
#6 /wordpress/wp-includes/widgets.php(1870): do_action('widgets_init')
#7 /wordpress/wp-includes/class-wp-hook.php(324): wp_widgets_init('')
#8 /wordpress/wp-includes/class-wp-hook.php(348): WP_Hook->apply_filters(NULL, Array)
#9 /wordpress/wp-includes/plugin.php(517): WP_Hook->do_action(Array)
#10 /wordpress/wp-settings.php(727): do_action('init')
#11 /wordpress/wp-config.php(102): require_once('/wordpress/wp-s...')
#12 /wordpress/wp-load.php(50): require_once('/wordpress/wp-c...')
#13 /internal/eval.php(3): require_once('/wordpress/wp-l...')
#14 {main}
  thrown in /wordpress/wp-includes/class-wp-widget.php on line 163
[12-Jun-2025 15:34:15 UTC] PHP Warning:  Use of undefined constant STDERR - assumed 'STDERR' (this will throw an Error in a future version of PHP) in /wordpress/wp-content/plugins/mobile-bankid-integration/vendor/composer/platform_check.php on line 17
[12-Jun-2025 15:34:15 UTC] PHP Warning:  fwrite() expects parameter 1 to be resource, string given in /wordpress/wp-content/plugins/mobile-bankid-integration/vendor/composer/platform_check.php on line 17
[12-Jun-2025 15:34:15 UTC] PHP Fatal error:  Composer detected issues in your platform: Your Composer dependencies require a PHP version ">= 8.1.0". You are running 7.2.34-dev. in /wordpress/wp-content/plugins/mobile-bankid-integration/vendor/composer/platform_check.php on line 24
[12-Jun-2025 15:34:24 UTC] PHP Warning:  Use of undefined constant STDERR - assumed 'STDERR' (this will throw an Error in a future version of PHP) in /wordpress/wp-content/plugins/mobile-bankid-integration/vendor/composer/platform_check.php on line 17
[12-Jun-2025 15:34:24 UTC] PHP Warning:  fwrite() expects parameter 1 to be resource, string given in /wordpress/wp-content/plugins/mobile-bankid-integration/vendor/composer/platform_check.php on line 17
[12-Jun-2025 15:34:24 UTC] PHP Fatal error:  Composer detected issues in your platform: Your Composer dependencies require a PHP version ">= 8.1.0". You are running 7.2.34-dev. in /wordpress/wp-content/plugins/mobile-bankid-integration/vendor/composer/platform_check.php on line 24
[12-Jun-2025 15:34:33 UTC] PHP Warning:  Use of undefined constant STDERR - assumed 'STDERR' (this will throw an Error in a future version of PHP) in /wordpress/wp-content/plugins/mobile-bankid-integration/vendor/composer/platform_check.php on line 17
[12-Jun-2025 15:34:33 UTC] PHP Warning:  fwrite() expects parameter 1 to be resource, string given in /wordpress/wp-content/plugins/mobile-bankid-integration/vendor/composer/platform_check.php on line 17
[12-Jun-2025 15:34:33 UTC] PHP Fatal error:  Composer detected issues in your platform: Your Composer dependencies require a PHP version ">= 8.1.0". You are running 7.2.34-dev. in /wordpress/wp-content/plugins/mobile-bankid-integration/vendor/composer/platform_check.php on line 24

    at Object.onBind (file:///home/runner/work/playground-tester/playground-tester/node_modules/@wp-playground/cli/run-cli-j-geJYS3.js:325:15)
    at process.processTicksAndRejections (node:internal/process/task_queues:105:5)
    at async re (file:///home/runner/work/playground-tester/playground-tester/node_modules/@wp-playground/cli/run-cli-j-geJYS3.js:149:10) {
  [cause]: Error: Error when executing the blueprint step #1 ({"step":"installPlugin","pluginData":{"resource":"wordpress.org/plugins","slug":"multilanguage-add-on-for-visual-composer"},"options":{"activate":true}}) : Plugin /wordpress/wp-content/plugins/multilanguage-add-on-for-visual-composer could not be activated – WordPress exited with no error. Sometimes, when $_SERVER or site options are not configured correctly, WordPress exits early with a 301 redirect. Inspect the "debug" logs in the console for more details.
      at Object.run (file:///home/runner/work/playground-tester/playground-tester/node_modules/@wp-playground/blueprints/index.js:12093:19)
      at process.processTicksAndRejections (node:internal/process/task_queues:105:5)
      at async ys (file:///home/runner/work/playground-tester/playground-tester/node_modules/@wp-playground/blueprints/index.js:12196:3)
      at async Object.onBind (file:///home/runner/work/playground-tester/playground-tester/node_modules/@wp-playground/cli/run-cli-j-geJYS3.js:315:48)
      at async re (file:///home/runner/work/playground-tester/playground-tester/node_modules/@wp-playground/cli/run-cli-j-geJYS3.js:149:10) {
    [cause]: Error: Plugin /wordpress/wp-content/plugins/multilanguage-add-on-for-visual-composer could not be activated – WordPress exited with no error. Sometimes, when $_SERVER or site options are not configured correctly, WordPress exits early with a 301 redirect. Inspect the "debug" logs in the console for more details.
        at wr (file:///home/runner/work/playground-tester/playground-tester/node_modules/@wp-playground/blueprints/index.js:120:51)
        at process.processTicksAndRejections (node:internal/process/task_queues:105:5)
        at async Object.gt [as installPlugin] (file:///home/runner/work/playground-tester/playground-tester/node_modules/@wp-playground/blueprints/index.js:631:42)
        at async g (file:///home/runner/work/playground-tester/playground-tester/node_modules/@wp-playground/blueprints/index.js:12161:30)
        at async Object.run (file:///home/runner/work/playground-tester/playground-tester/node_modules/@wp-playground/blueprints/index.js:12090:23)
        at async ys (file:///home/runner/work/playground-tester/playground-tester/node_modules/@wp-playground/blueprints/index.js:12196:3)
        at async Object.onBind (file:///home/runner/work/playground-tester/playground-tester/node_modules/@wp-playground/cli/run-cli-j-geJYS3.js:315:48)
        at async re (file:///home/runner/work/playground-tester/playground-tester/node_modules/@wp-playground/cli/run-cli-j-geJYS3.js:149:10)
  }
}

Node.js v23.11.0
