[
{"message":"file:///home/runner/work/playground-tester/playground-tester/node_modules/@wp-playground/cli/index.js:237\n        throw new Error(y, { cause: u });\n              ^\n","level":"FATAL","type":"PLAYGROUND","test":"ast-sqlite-boot","plugin":"motivationstipps-zitate","details":"file:///home/runner/work/playground-tester/playground-tester/node_modules/@wp-playground/cli/index.js:237\n        throw new Error(y, { cause: u });\n              ^\n","log":"/tmp/tmp.R6EHT0LiNg"}
,
{"message":"Function register_sidebar_widget is <strong>deprecated</strong> since version 2.8.0! Use wp_register_sidebar_widget() instead. in /wordpress/wp-includes/functions.php on line 6114","level":"DEPRECATED","type":"PHP","test":"ast-sqlite-boot","plugin":"motivationstipps-zitate","details":"[14-Apr-2025 08:39:41 UTC] PHP Deprecated:  Function register_sidebar_widget is <strong>deprecated</strong> since version 2.8.0! Use wp_register_sidebar_widget() instead. in /wordpress/wp-includes/functions.php on line 6114","log":"/logs/plugins/m/motivationstipps-zitate/error.json"}
,
{"message":"Function register_sidebar_widget is <strong>deprecated</strong> since version 2.8.0! Use wp_register_sidebar_widget() instead. in /wordpress/wp-includes/functions.php on line 6114","level":"DEPRECATED","type":"PHP","test":"ast-sqlite-boot","plugin":"motivationstipps-zitate","details":"[14-Apr-2025 08:39:50 UTC] PHP Deprecated:  Function register_sidebar_widget is <strong>deprecated</strong> since version 2.8.0! Use wp_register_sidebar_widget() instead. in /wordpress/wp-includes/functions.php on line 6114","log":"/logs/plugins/m/motivationstipps-zitate/error.json"}
,
{"message":"Function register_sidebar_widget is <strong>deprecated</strong> since version 2.8.0! Use wp_register_sidebar_widget() instead. in /wordpress/wp-includes/functions.php on line 6114","level":"DEPRECATED","type":"PHP","test":"ast-sqlite-boot","plugin":"motivationstipps-zitate","details":"[14-Apr-2025 08:39:59 UTC] PHP Deprecated:  Function register_sidebar_widget is <strong>deprecated</strong> since version 2.8.0! Use wp_register_sidebar_widget() instead. in /wordpress/wp-includes/functions.php on line 6114","log":"/logs/plugins/m/motivationstipps-zitate/error.json"}
,
{"message":"Required parameter $value follows optional parameter $parent in /wordpress/wp-content/plugins/myloyal/core/options.php on line 92","level":"DEPRECATED","type":"PHP","test":"ast-sqlite-boot","plugin":"motivationstipps-zitate","details":"[14-Apr-2025 08:40:30 UTC] PHP Deprecated:  Required parameter $value follows optional parameter $parent in /wordpress/wp-content/plugins/myloyal/core/options.php on line 92","log":"/logs/plugins/m/motivationstipps-zitate/error.json"}
,
{"message":"foreach() argument must be of type array|object, null given in /wordpress/wp-content/plugins/myloyal/core/action-runner.php on line 49","level":"WARNING","type":"PHP","test":"ast-sqlite-boot","plugin":"motivationstipps-zitate","details":"[14-Apr-2025 08:40:30 UTC] PHP Warning:  foreach() argument must be of type array|object, null given in /wordpress/wp-content/plugins/myloyal/core/action-runner.php on line 49","log":"/logs/plugins/m/motivationstipps-zitate/error.json"}
,
{"message":"Uncaught Exception: <div style=\"clear:both\">&nbsp;</div>","level":"FATAL","type":"PHP","test":"ast-sqlite-boot","plugin":"motivationstipps-zitate","details":"[14-Apr-2025 08:40:30 UTC] PHP Fatal error:  Uncaught Exception: <div style=\"clear:both\">&nbsp;</div>\n<div class=\"queries\" style=\"clear:both;margin-bottom:2px;border:red dotted thin;\">\n<p>MySQL query:</p>\n<p>alter table `wp_myloyal_badge_user` add constraint `myloyal_badge_user_user_id_foreign` foreign key (`user_id`) references `wp_users` (`ID`) on delete cascade</p>\n<p>Queries made or created this session were:</p>\n<ol>\n<li>Executing: BEGIN | (no parameters)</li>\n<li>Executing: SELECT 1 FROM sqlite_temp_schema WHERE type = 'table' AND name = ? | parameters: wp_myloyal_badge_user</li>\n<li>Executing: SELECT COLUMN_NAME FROM _wp_sqlite_mysql_information_schema_columns WHERE table_schema = ? AND table_name = ? | parameters: database_name_here, wp_myloyal_badge_user</li>\n<li>Executing: SELECT 1 FROM sqlite_temp_schema WHERE type = 'table' AND name = ? | parameters: wp_myloyal_badge_user</li>\n<li>Executing: ROLLBACK | (no parameters)</li>\n</ol>\n</div>\n<div style=\"clear:both;margin-bottom:2px;border:red dotted thin;\" class=\"error_message\" style=\"border-bottom:dotted blue thin;\">\nFOREIGN KEY and CHECK constraints are not supported yet.\n</div>\n<p>Backtrace:</p>\n<pre>#0 /internal/shared/sqlite-database-integration/wp-includes/sqlite-ast/class-wp-sqlite-driver.php(690): WP_SQLite_Driver->new_driver_exception('FOREIGN KEY and...', 0, Object(Exception))\n#1 /internal/shared/sqlite-database-integration/wp-includes/sqlite/class-wp-sqlite-db.php(472): WP_SQLite_Driver->query('alter table `wp...')\n#2 /internal/shared/sqlite-database-integration/wp-includes/sqlite/class-wp-sqlite-db.php(413): WP_SQLite_DB->_do_query('alter table `wp...')\n#3 /wordpress/wp-content/plugins/myloyal/vendor/as247/wp-eloquent/src/Database/WpConnection.php(147): WP_SQLite_DB->query('alter table `wp...')\n#4 /wordpress/wp-content/plugins/myloyal/vendor/as247/wp-eloquent/src/Database/Connection.php(664): As247\\WpEloquent\\Database\\WpConnection->As247\\WpEloquent\\Database\\{closure}('alter table `wp...', Array)\n#5 /wordpress/wp-content/plugins/myloyal/vendor/as247/wp-eloquent/src/Database/Connection.php(631): As247\\WpEloquent\\Database\\Connection->runQueryCallback('alter table `wp...', Array, Object(Closure))\n#6 /wordpress/wp-content/plugins/myloyal/vendor/as247/wp-eloquent/src/Database/WpConnection.php(156): As247\\WpEloquent\\Database\\Connection->run('alter table `wp...', Array, Object(Closure))\n#7 /wordpress/wp-content/plugins/myloyal/vendor/as247/wp-eloquent/src/Database/WpConnection.php(132): As247\\WpEloquent\\Database\\WpConnection->runRawQuery('alter table `wp...', true)\n#8 /wordpress/wp-content/plugins/myloyal/vendor/as247/wp-eloquent/src/Database/WpConnection.php(108): As247\\WpEloquent\\Database\\WpConnection->unprepared('alter table `wp...')\n#9 /wordpress/wp-content/plugins/myloyal/vendor/as247/wp-eloquent/src/Database/Schema/Blueprint.php(103): As247\\WpEloquent\\Database\\WpConnection->statement('alter table `wp...')\n#10 /wordpress/wp-content/plugins/myloyal/vendor/as247/wp-eloquent/src/Database/Schema/Builder.php(323): As247\\WpEloquent\\Database\\Schema\\Blueprint->build(Object(As247\\WpEloquent\\Database\\WpConnection), Object(As247\\WpEloquent\\Database\\Schema\\Grammars\\MySqlGrammar))\n#11 /wordpress/wp-content/plugins/myloyal/vendor/as247/wp-eloquent/src/Database/Schema/Builder.php(200): As247\\WpEloquent\\Database\\Schema\\Builder->build(Object(As247\\WpEloquent\\Database\\Schema\\Blueprint))\n#12 /wordpress/wp-content/plugins/myloyal/vendor/as247/wp-eloquent/src/Support/Facades/Facade.php(261): As247\\WpEloquent\\Database\\Schema\\Builder->create('myloyal_badge_u...', Object(Closure))\n#13 /wordpress/wp-content/plugins/myloyal/migrations/badge-user.php(20): As247\\WpEloquent\\Support\\Facades\\Facade::__callStatic('create', Array)\n#14 /wordpress/wp-content/plugins/myloyal/myloyal.php(127): myLoyal\\migrations\\Badge_User->run()\n#15 /wordpress/wp-includes/class-wp-hook.php(324): myLoyal\\MyLoyal_Init->on_active(false)\n#16 /wordpress/wp-includes/class-wp-hook.php(348): WP_Hook->apply_filters('', Array)\n#17 /wordpress/wp-includes/plugin.php(517): WP_Hook->do_action(Array)\n#18 /wordpress/wp-admin/includes/plugin.php(703): do_action('activate_myloya...', false)\n#19 /internal/eval.php(20): activate_plugin('myloyal/myloyal...')\n#20 {main}</pre>\n in /wordpress/wp-content/plugins/myloyal/vendor/as247/wp-eloquent/src/Database/WpConnection.php:150\nStack trace:\n#0 /wordpress/wp-content/plugins/myloyal/vendor/as247/wp-eloquent/src/Database/Connection.php(664): As247\\WpEloquent\\Database\\WpConnection->As247\\WpEloquent\\Database\\{closure}('alter table `wp...', Array)\n#1 /wordpress/wp-content/plugins/myloyal/vendor/as247/wp-eloquent/src/Database/Connection.php(631): As247\\WpEloquent\\Database\\Connection->runQueryCallback('alter table `wp...', Array, Object(Closure))\n#2 /wordpress/wp-content/plugins/myloyal/vendor/as247/wp-eloquent/src/Database/WpConnection.php(156): As247\\WpEloquent\\Database\\Connection->run('alter table `wp...', Array, Object(Closure))\n#3 /wordpress/wp-content/plugins/myloyal/vendor/as247/wp-eloquent/src/Database/WpConnection.php(132): As247\\WpEloquent\\Database\\WpConnection->runRawQuery('alter table `wp...', true)\n#4 /wordpress/wp-content/plugins/myloyal/vendor/as247/wp-eloquent/src/Database/WpConnection.php(108): As247\\WpEloquent\\Database\\WpConnection->unprepared('alter table `wp...')\n#5 /wordpress/wp-content/plugins/myloyal/vendor/as247/wp-eloquent/src/Database/Schema/Blueprint.php(103): As247\\WpEloquent\\Database\\WpConnection->statement('alter table `wp...')\n#6 /wordpress/wp-content/plugins/myloyal/vendor/as247/wp-eloquent/src/Database/Schema/Builder.php(323): As247\\WpEloquent\\Database\\Schema\\Blueprint->build(Object(As247\\WpEloquent\\Database\\WpConnection), Object(As247\\WpEloquent\\Database\\Schema\\Grammars\\MySqlGrammar))\n#7 /wordpress/wp-content/plugins/myloyal/vendor/as247/wp-eloquent/src/Database/Schema/Builder.php(200): As247\\WpEloquent\\Database\\Schema\\Builder->build(Object(As247\\WpEloquent\\Database\\Schema\\Blueprint))\n#8 /wordpress/wp-content/plugins/myloyal/vendor/as247/wp-eloquent/src/Support/Facades/Facade.php(261): As247\\WpEloquent\\Database\\Schema\\Builder->create('myloyal_badge_u...', Object(Closure))\n#9 /wordpress/wp-content/plugins/myloyal/migrations/badge-user.php(20): As247\\WpEloquent\\Support\\Facades\\Facade::__callStatic('create', Array)\n#10 /wordpress/wp-content/plugins/myloyal/myloyal.php(127): myLoyal\\migrations\\Badge_User->run()\n#11 /wordpress/wp-includes/class-wp-hook.php(324): myLoyal\\MyLoyal_Init->on_active(false)\n#12 /wordpress/wp-includes/class-wp-hook.php(348): WP_Hook->apply_filters('', Array)\n#13 /wordpress/wp-includes/plugin.php(517): WP_Hook->do_action(Array)\n#14 /wordpress/wp-admin/includes/plugin.php(703): do_action('activate_myloya...', false)\n#15 /internal/eval.php(20): activate_plugin('myloyal/myloyal...')\n#16 {main}\n\nNext As247\\WpEloquent\\Database\\QueryException: <div style=\"clear:both\">&nbsp;</div>\n<div class=\"queries\" style=\"clear:both;margin-bottom:2px;border:red dotted thin;\">\n<p>MySQL query:</p>\n<p>alter table `wp_myloyal_badge_user` add constraint `myloyal_badge_user_user_id_foreign` foreign key (`user_id`) references `wp_users` (`ID`) on delete cascade</p>\n<p>Queries made or created this session were:</p>\n<ol>\n<li>Executing: BEGIN | (no parameters)</li>\n<li>Executing: SELECT 1 FROM sqlite_temp_schema WHERE type = 'table' AND name = ? | parameters: wp_myloyal_badge_user</li>\n<li>Executing: SELECT COLUMN_NAME FROM _wp_sqlite_mysql_information_schema_columns WHERE table_schema = ? AND table_name = ? | parameters: database_name_here, wp_myloyal_badge_user</li>\n<li>Executing: SELECT 1 FROM sqlite_temp_schema WHERE type = 'table' AND name = ? | parameters: wp_myloyal_badge_user</li>\n<li>Executing: ROLLBACK | (no parameters)</li>\n</ol>\n</div>\n<div style=\"clear:both;margin-bottom:2px;border:red dotted thin;\" class=\"error_message\" style=\"border-bottom:dotted blue thin;\">\nFOREIGN KEY and CHECK constraints are not supported yet.\n</div>\n<p>Backtrace:</p>\n<pre>#0 /internal/shared/sqlite-database-integration/wp-includes/sqlite-ast/class-wp-sqlite-driver.php(690): WP_SQLite_Driver->new_driver_exception('FOREIGN KEY and...', 0, Object(Exception))\n#1 /internal/shared/sqlite-database-integration/wp-includes/sqlite/class-wp-sqlite-db.php(472): WP_SQLite_Driver->query('alter table `wp...')\n#2 /internal/shared/sqlite-database-integration/wp-includes/sqlite/class-wp-sqlite-db.php(413): WP_SQLite_DB->_do_query('alter table `wp...')\n#3 /wordpress/wp-content/plugins/myloyal/vendor/as247/wp-eloquent/src/Database/WpConnection.php(147): WP_SQLite_DB->query('alter table `wp...')\n#4 /wordpress/wp-content/plugins/myloyal/vendor/as247/wp-eloquent/src/Database/Connection.php(664): As247\\WpEloquent\\Database\\WpConnection->As247\\WpEloquent\\Database\\{closure}('alter table `wp...', Array)\n#5 /wordpress/wp-content/plugins/myloyal/vendor/as247/wp-eloquent/src/Database/Connection.php(631): As247\\WpEloquent\\Database\\Connection->runQueryCallback('alter table `wp...', Array, Object(Closure))\n#6 /wordpress/wp-content/plugins/myloyal/vendor/as247/wp-eloquent/src/Database/WpConnection.php(156): As247\\WpEloquent\\Database\\Connection->run('alter table `wp...', Array, Object(Closure))\n#7 /wordpress/wp-content/plugins/myloyal/vendor/as247/wp-eloquent/src/Database/WpConnection.php(132): As247\\WpEloquent\\Database\\WpConnection->runRawQuery('alter table `wp...', true)\n#8 /wordpress/wp-content/plugins/myloyal/vendor/as247/wp-eloquent/src/Database/WpConnection.php(108): As247\\WpEloquent\\Database\\WpConnection->unprepared('alter table `wp...')\n#9 /wordpress/wp-content/plugins/myloyal/vendor/as247/wp-eloquent/src/Database/Schema/Blueprint.php(103): As247\\WpEloquent\\Database\\WpConnection->statement('alter table `wp...')\n#10 /wordpress/wp-content/plugins/myloyal/vendor/as247/wp-eloquent/src/Database/Schema/Builder.php(323): As247\\WpEloquent\\Database\\Schema\\Blueprint->build(Object(As247\\WpEloquent\\Database\\WpConnection), Object(As247\\WpEloquent\\Database\\Schema\\Grammars\\MySqlGrammar))\n#11 /wordpress/wp-content/plugins/myloyal/vendor/as247/wp-eloquent/src/Database/Schema/Builder.php(200): As247\\WpEloquent\\Database\\Schema\\Builder->build(Object(As247\\WpEloquent\\Database\\Schema\\Blueprint))\n#12 /wordpress/wp-content/plugins/myloyal/vendor/as247/wp-eloquent/src/Support/Facades/Facade.php(261): As247\\WpEloquent\\Database\\Schema\\Builder->create('myloyal_badge_u...', Object(Closure))\n#13 /wordpress/wp-content/plugins/myloyal/migrations/badge-user.php(20): As247\\WpEloquent\\Support\\Facades\\Facade::__callStatic('create', Array)\n#14 /wordpress/wp-content/plugins/myloyal/myloyal.php(127): myLoyal\\migrations\\Badge_User->run()\n#15 /wordpress/wp-includes/class-wp-hook.php(324): myLoyal\\MyLoyal_Init->on_active(false)\n#16 /wordpress/wp-includes/class-wp-hook.php(348): WP_Hook->apply_filters('', Array)\n#17 /wordpress/wp-includes/plugin.php(517): WP_Hook->do_action(Array)\n#18 /wordpress/wp-admin/includes/plugin.php(703): do_action('activate_myloya...', false)\n#19 /internal/eval.php(20): activate_plugin('myloyal/myloyal...')\n#20 {main}</pre>\n (SQL: alter table `wp_myloyal_badge_user` add constraint `myloyal_badge_user_user_id_foreign` foreign key (`user_id`) references `wp_users` (`ID`) on delete cascade) in /wordpress/wp-content/plugins/myloyal/vendor/as247/wp-eloquent/src/Database/WpConnection.php:150\nStack trace:\n#0 /wordpress/wp-content/plugins/myloyal/vendor/as247/wp-eloquent/src/Database/Connection.php(664): As247\\WpEloquent\\Database\\WpConnection->As247\\WpEloquent\\Database\\{closure}('alter table `wp...', Array)\n#1 /wordpress/wp-content/plugins/myloyal/vendor/as247/wp-eloquent/src/Database/Connection.php(631): As247\\WpEloquent\\Database\\Connection->runQueryCallback('alter table `wp...', Array, Object(Closure))\n#2 /wordpress/wp-content/plugins/myloyal/vendor/as247/wp-eloquent/src/Database/WpConnection.php(156): As247\\WpEloquent\\Database\\Connection->run('alter table `wp...', Array, Object(Closure))\n#3 /wordpress/wp-content/plugins/myloyal/vendor/as247/wp-eloquent/src/Database/WpConnection.php(132): As247\\WpEloquent\\Database\\WpConnection->runRawQuery('alter table `wp...', true)\n#4 /wordpress/wp-content/plugins/myloyal/vendor/as247/wp-eloquent/src/Database/WpConnection.php(108): As247\\WpEloquent\\Database\\WpConnection->unprepared('alter table `wp...')\n#5 /wordpress/wp-content/plugins/myloyal/vendor/as247/wp-eloquent/src/Database/Schema/Blueprint.php(103): As247\\WpEloquent\\Database\\WpConnection->statement('alter table `wp...')\n#6 /wordpress/wp-content/plugins/myloyal/vendor/as247/wp-eloquent/src/Database/Schema/Builder.php(323): As247\\WpEloquent\\Database\\Schema\\Blueprint->build(Object(As247\\WpEloquent\\Database\\WpConnection), Object(As247\\WpEloquent\\Database\\Schema\\Grammars\\MySqlGrammar))\n#7 /wordpress/wp-content/plugins/myloyal/vendor/as247/wp-eloquent/src/Database/Schema/Builder.php(200): As247\\WpEloquent\\Database\\Schema\\Builder->build(Object(As247\\WpEloquent\\Database\\Schema\\Blueprint))\n#8 /wordpress/wp-content/plugins/myloyal/vendor/as247/wp-eloquent/src/Support/Facades/Facade.php(261): As247\\WpEloquent\\Database\\Schema\\Builder->create('myloyal_badge_u...', Object(Closure))\n#9 /wordpress/wp-content/plugins/myloyal/migrations/badge-user.php(20): As247\\WpEloquent\\Support\\Facades\\Facade::__callStatic('create', Array)\n#10 /wordpress/wp-content/plugins/myloyal/myloyal.php(127): myLoyal\\migrations\\Badge_User->run()\n#11 /wordpress/wp-includes/class-wp-hook.php(324): myLoyal\\MyLoyal_Init->on_active(false)\n#12 /wordpress/wp-includes/class-wp-hook.php(348): WP_Hook->apply_filters('', Array)\n#13 /wordpress/wp-includes/plugin.php(517): WP_Hook->do_action(Array)\n#14 /wordpress/wp-admin/includes/plugin.php(703): do_action('activate_myloya...', false)\n#15 /internal/eval.php(20): activate_plugin('myloyal/myloyal...')\n#16 {main}\n\nNext As247\\WpEloquent\\Database\\QueryException: <div style=\"clear:both\">&nbsp;</div>\n<div class=\"queries\" style=\"clear:both;margin-bottom:2px;border:red dotted thin;\">\n<p>MySQL query:</p>\n<p>alter table `wp_myloyal_badge_user` add constraint `myloyal_badge_user_user_id_foreign` foreign key (`user_id`) references `wp_users` (`ID`) on delete cascade</p>\n<p>Queries made or created this session were:</p>\n<ol>\n<li>Executing: BEGIN | (no parameters)</li>\n<li>Executing: SELECT 1 FROM sqlite_temp_schema WHERE type = 'table' AND name = ? | parameters: wp_myloyal_badge_user</li>\n<li>Executing: SELECT COLUMN_NAME FROM _wp_sqlite_mysql_information_schema_columns WHERE table_schema = ? AND table_name = ? | parameters: database_name_here, wp_myloyal_badge_user</li>\n<li>Executing: SELECT 1 FROM sqlite_temp_schema WHERE type = 'table' AND name = ? | parameters: wp_myloyal_badge_user</li>\n<li>Executing: ROLLBACK | (no parameters)</li>\n</ol>\n</div>\n<div style=\"clear:both;margin-bottom:2px;border:red dotted thin;\" class=\"error_message\" style=\"border-bottom:dotted blue thin;\">\nFOREIGN KEY and CHECK constraints are not supported yet.\n</div>\n<p>Backtrace:</p>\n<pre>#0 /internal/shared/sqlite-database-integration/wp-includes/sqlite-ast/class-wp-sqlite-driver.php(690): WP_SQLite_Driver->new_driver_exception('FOREIGN KEY and...', 0, Object(Exception))\n#1 /internal/shared/sqlite-database-integration/wp-includes/sqlite/class-wp-sqlite-db.php(472): WP_SQLite_Driver->query('alter table `wp...')\n#2 /internal/shared/sqlite-database-integration/wp-includes/sqlite/class-wp-sqlite-db.php(413): WP_SQLite_DB->_do_query('alter table `wp...')\n#3 /wordpress/wp-content/plugins/myloyal/vendor/as247/wp-eloquent/src/Database/WpConnection.php(147): WP_SQLite_DB->query('alter table `wp...')\n#4 /wordpress/wp-content/plugins/myloyal/vendor/as247/wp-eloquent/src/Database/Connection.php(664): As247\\WpEloquent\\Database\\WpConnection->As247\\WpEloquent\\Database\\{closure}('alter table `wp...', Array)\n#5 /wordpress/wp-content/plugins/myloyal/vendor/as247/wp-eloquent/src/Database/Connection.php(631): As247\\WpEloquent\\Database\\Connection->runQueryCallback('alter table `wp...', Array, Object(Closure))\n#6 /wordpress/wp-content/plugins/myloyal/vendor/as247/wp-eloquent/src/Database/WpConnection.php(156): As247\\WpEloquent\\Database\\Connection->run('alter table `wp...', Array, Object(Closure))\n#7 /wordpress/wp-content/plugins/myloyal/vendor/as247/wp-eloquent/src/Database/WpConnection.php(132): As247\\WpEloquent\\Database\\WpConnection->runRawQuery('alter table `wp...', true)\n#8 /wordpress/wp-content/plugins/myloyal/vendor/as247/wp-eloquent/src/Database/WpConnection.php(108): As247\\WpEloquent\\Database\\WpConnection->unprepared('alter table `wp...')\n#9 /wordpress/wp-content/plugins/myloyal/vendor/as247/wp-eloquent/src/Database/Schema/Blueprint.php(103): As247\\WpEloquent\\Database\\WpConnection->statement('alter table `wp...')\n#10 /wordpress/wp-content/plugins/myloyal/vendor/as247/wp-eloquent/src/Database/Schema/Builder.php(323): As247\\WpEloquent\\Database\\Schema\\Blueprint->build(Object(As247\\WpEloquent\\Database\\WpConnection), Object(As247\\WpEloquent\\Database\\Schema\\Grammars\\MySqlGrammar))\n#11 /wordpress/wp-content/plugins/myloyal/vendor/as247/wp-eloquent/src/Database/Schema/Builder.php(200): As247\\WpEloquent\\Database\\Schema\\Builder->build(Object(As247\\WpEloquent\\Database\\Schema\\Blueprint))\n#12 /wordpress/wp-content/plugins/myloyal/vendor/as247/wp-eloquent/src/Support/Facades/Facade.php(261): As247\\WpEloquent\\Database\\Schema\\Builder->create('myloyal_badge_u...', Object(Closure))\n#13 /wordpress/wp-content/plugins/myloyal/migrations/badge-user.php(20): As247\\WpEloquent\\Support\\Facades\\Facade::__callStatic('create', Array)\n#14 /wordpress/wp-content/plugins/myloyal/myloyal.php(127): myLoyal\\migrations\\Badge_User->run()\n#15 /wordpress/wp-includes/class-wp-hook.php(324): myLoyal\\MyLoyal_Init->on_active(false)\n#16 /wordpress/wp-includes/class-wp-hook.php(348): WP_Hook->apply_filters('', Array)\n#17 /wordpress/wp-includes/plugin.php(517): WP_Hook->do_action(Array)\n#18 /wordpress/wp-admin/includes/plugin.php(703): do_action('activate_myloya...', false)\n#19 /internal/eval.php(20): activate_plugin('myloyal/myloyal...')\n#20 {main}</pre>\n (SQL: alter table `wp_myloyal_badge_user` add constraint `myloyal_badge_user_user_id_foreign` foreign key (`user_id`) references `wp_users` (`ID`) on delete cascade) (SQL: alter table `wp_myloyal_badge_user` add constraint `myloyal_badge_user_user_id_foreign` foreign key (`user_id`) references `wp_users` (`ID`) on delete cascade) in /wordpress/wp-content/plugins/myloyal/vendor/as247/wp-eloquent/src/Database/Connection.php:671\nStack trace:\n#0 /wordpress/wp-content/plugins/myloyal/vendor/as247/wp-eloquent/src/Database/Connection.php(631): As247\\WpEloquent\\Database\\Connection->runQueryCallback('alter table `wp...', Array, Object(Closure))\n#1 /wordpress/wp-content/plugins/myloyal/vendor/as247/wp-eloquent/src/Database/WpConnection.php(156): As247\\WpEloquent\\Database\\Connection->run('alter table `wp...', Array, Object(Closure))\n#2 /wordpress/wp-content/plugins/myloyal/vendor/as247/wp-eloquent/src/Database/WpConnection.php(132): As247\\WpEloquent\\Database\\WpConnection->runRawQuery('alter table `wp...', true)\n#3 /wordpress/wp-content/plugins/myloyal/vendor/as247/wp-eloquent/src/Database/WpConnection.php(108): As247\\WpEloquent\\Database\\WpConnection->unprepared('alter table `wp...')\n#4 /wordpress/wp-content/plugins/myloyal/vendor/as247/wp-eloquent/src/Database/Schema/Blueprint.php(103): As247\\WpEloquent\\Database\\WpConnection->statement('alter table `wp...')\n#5 /wordpress/wp-content/plugins/myloyal/vendor/as247/wp-eloquent/src/Database/Schema/Builder.php(323): As247\\WpEloquent\\Database\\Schema\\Blueprint->build(Object(As247\\WpEloquent\\Database\\WpConnection), Object(As247\\WpEloquent\\Database\\Schema\\Grammars\\MySqlGrammar))\n#6 /wordpress/wp-content/plugins/myloyal/vendor/as247/wp-eloquent/src/Database/Schema/Builder.php(200): As247\\WpEloquent\\Database\\Schema\\Builder->build(Object(As247\\WpEloquent\\Database\\Schema\\Blueprint))\n#7 /wordpress/wp-content/plugins/myloyal/vendor/as247/wp-eloquent/src/Support/Facades/Facade.php(261): As247\\WpEloquent\\Database\\Schema\\Builder->create('myloyal_badge_u...', Object(Closure))\n#8 /wordpress/wp-content/plugins/myloyal/migrations/badge-user.php(20): As247\\WpEloquent\\Support\\Facades\\Facade::__callStatic('create', Array)\n#9 /wordpress/wp-content/plugins/myloyal/myloyal.php(127): myLoyal\\migrations\\Badge_User->run()\n#10 /wordpress/wp-includes/class-wp-hook.php(324): myLoyal\\MyLoyal_Init->on_active(false)\n#11 /wordpress/wp-includes/class-wp-hook.php(348): WP_Hook->apply_filters('', Array)\n#12 /wordpress/wp-includes/plugin.php(517): WP_Hook->do_action(Array)\n#13 /wordpress/wp-admin/includes/plugin.php(703): do_action('activate_myloya...', false)\n#14 /internal/eval.php(20): activate_plugin('myloyal/myloyal...')\n#15 {main}\n  thrown in /wordpress/wp-content/plugins/myloyal/vendor/as247/wp-eloquent/src/Database/Connection.php on line 671","log":"/logs/plugins/m/motivationstipps-zitate/error.json"}
,
{"message":"Required parameter $value follows optional parameter $parent in /wordpress/wp-content/plugins/myloyal/core/options.php on line 92","level":"DEPRECATED","type":"PHP","test":"ast-sqlite-boot","plugin":"motivationstipps-zitate","details":"[14-Apr-2025 08:40:39 UTC] PHP Deprecated:  Required parameter $value follows optional parameter $parent in /wordpress/wp-content/plugins/myloyal/core/options.php on line 92","log":"/logs/plugins/m/motivationstipps-zitate/error.json"}
,
{"message":"foreach() argument must be of type array|object, null given in /wordpress/wp-content/plugins/myloyal/core/action-runner.php on line 49","level":"WARNING","type":"PHP","test":"ast-sqlite-boot","plugin":"motivationstipps-zitate","details":"[14-Apr-2025 08:40:39 UTC] PHP Warning:  foreach() argument must be of type array|object, null given in /wordpress/wp-content/plugins/myloyal/core/action-runner.php on line 49","log":"/logs/plugins/m/motivationstipps-zitate/error.json"}
,
{"message":"Required parameter $value follows optional parameter $parent in /wordpress/wp-content/plugins/myloyal/core/options.php on line 92","level":"DEPRECATED","type":"PHP","test":"ast-sqlite-boot","plugin":"motivationstipps-zitate","details":"[14-Apr-2025 08:40:40 UTC] PHP Deprecated:  Required parameter $value follows optional parameter $parent in /wordpress/wp-content/plugins/myloyal/core/options.php on line 92","log":"/logs/plugins/m/motivationstipps-zitate/error.json"}
,
{"message":"foreach() argument must be of type array|object, null given in /wordpress/wp-content/plugins/myloyal/core/action-runner.php on line 49","level":"WARNING","type":"PHP","test":"ast-sqlite-boot","plugin":"motivationstipps-zitate","details":"[14-Apr-2025 08:40:40 UTC] PHP Warning:  foreach() argument must be of type array|object, null given in /wordpress/wp-content/plugins/myloyal/core/action-runner.php on line 49","log":"/logs/plugins/m/motivationstipps-zitate/error.json"}
,
{"message":"Required parameter $value follows optional parameter $parent in /wordpress/wp-content/plugins/myloyal/core/options.php on line 92","level":"DEPRECATED","type":"PHP","test":"ast-sqlite-boot","plugin":"motivationstipps-zitate","details":"[14-Apr-2025 08:40:49 UTC] PHP Deprecated:  Required parameter $value follows optional parameter $parent in /wordpress/wp-content/plugins/myloyal/core/options.php on line 92","log":"/logs/plugins/m/motivationstipps-zitate/error.json"}
,
{"message":"foreach() argument must be of type array|object, null given in /wordpress/wp-content/plugins/myloyal/core/action-runner.php on line 49","level":"WARNING","type":"PHP","test":"ast-sqlite-boot","plugin":"motivationstipps-zitate","details":"[14-Apr-2025 08:40:49 UTC] PHP Warning:  foreach() argument must be of type array|object, null given in /wordpress/wp-content/plugins/myloyal/core/action-runner.php on line 49","log":"/logs/plugins/m/motivationstipps-zitate/error.json"}
,
{"message":"Required parameter $value follows optional parameter $parent in /wordpress/wp-content/plugins/myloyal/core/options.php on line 92","level":"DEPRECATED","type":"PHP","test":"ast-sqlite-boot","plugin":"motivationstipps-zitate","details":"[14-Apr-2025 08:40:50 UTC] PHP Deprecated:  Required parameter $value follows optional parameter $parent in /wordpress/wp-content/plugins/myloyal/core/options.php on line 92","log":"/logs/plugins/m/motivationstipps-zitate/error.json"}
,
{"message":"foreach() argument must be of type array|object, null given in /wordpress/wp-content/plugins/myloyal/core/action-runner.php on line 49","level":"WARNING","type":"PHP","test":"ast-sqlite-boot","plugin":"motivationstipps-zitate","details":"[14-Apr-2025 08:40:50 UTC] PHP Warning:  foreach() argument must be of type array|object, null given in /wordpress/wp-content/plugins/myloyal/core/action-runner.php on line 49","log":"/logs/plugins/m/motivationstipps-zitate/error.json"}
,
{"message":"SQLSTATE[HY000]: General error: 1 expressions prohibited in PRIMARY KEY and UNIQUE constraints.","level":"FATAL","type":"SQL","test":"ast-sqlite-boot","plugin":"motivationstipps-zitate","details":"[14-Apr-2025 08:41:41 UTC] WordPress database error <div style=\"clear:both\">&nbsp;</div>\n<div class=\"queries\" style=\"clear:both;margin-bottom:2px;border:red dotted thin;\">\n<p>MySQL query:</p>\n<p>CREATE TABLE wp_galene_settings (\n\t  setting_key varchar(40) NOT NULL,\n\t  setting_subkey varchar(40) DEFAULT NULL,\n\t  type varchar(20) DEFAULT NULL,\n\t  data longtext DEFAULT NULL,\n\t  PRIMARY KEY  setting_key (setting_key)\n\t) DEFAULT CHARACTER SET utf8mb4</p>\n<p>Queries made or created this session were:</p>\n<ol>\n<li>Executing: BEGIN | (no parameters)</li>\n<li>Executing: INSERT INTO _mysql_data_types_cache (`table`, `column_or_index`, `mysql_type`)\n\t\t\t\tVALUES (:table, :column, :datatype)\n\t\t\t\tON CONFLICT(`table`, `column_or_index`) DO UPDATE SET `mysql_type` = :datatype\n\t\t\t | parameters: wp_galene_settings, setting_key, varchar(40)</li>\n<li>Executing: INSERT INTO _mysql_data_types_cache (`table`, `column_or_index`, `mysql_type`)\n\t\t\t\tVALUES (:table, :column, :datatype)\n\t\t\t\tON CONFLICT(`table`, `column_or_index`) DO UPDATE SET `mysql_type` = :datatype\n\t\t\t | parameters: wp_galene_settings, setting_subkey, varchar(40)</li>\n<li>Executing: INSERT INTO _mysql_data_types_cache (`table`, `column_or_index`, `mysql_type`)\n\t\t\t\tVALUES (:table, :column, :datatype)\n\t\t\t\tON CONFLICT(`table`, `column_or_index`) DO UPDATE SET `mysql_type` = :datatype\n\t\t\t | parameters: wp_galene_settings, type, varchar(20)</li>\n<li>Executing: INSERT INTO _mysql_data_types_cache (`table`, `column_or_index`, `mysql_type`)\n\t\t\t\tVALUES (:table, :column, :datatype)\n\t\t\t\tON CONFLICT(`table`, `column_or_index`) DO UPDATE SET `mysql_type` = :datatype\n\t\t\t | parameters: wp_galene_settings, data, longtext</li>\n<li>Executing: CREATE TABLE &quot;wp_galene_settings&quot; (\n&quot;setting_key&quot; text NOT NULL ON CONFLICT REPLACE DEFAULT '' COLLATE NOCASE,\n&quot;setting_subkey&quot; text DEFAULT NULL COLLATE NOCASE,\n&quot;type&quot; text DEFAULT NULL COLLATE NOCASE,\n&quot;data&quot; text DEFAULT NULL COLLATE NOCASE,\nPRIMARY KEY (&quot;(&quot;, &quot;)&quot;)) | (no parameters)</li>\n<li>Executing: ROLLBACK | (no parameters)</li>\n</ol>\n</div>\n<div style=\"clear:both;margin-bottom:2px;border:red dotted thin;\" class=\"error_message\" style=\"border-bottom:dotted blue thin;\">\nError occurred at line 4117 in Function <code>handle_error</code>. Error message was: SQLSTATE[HY000]: General error: 1 expressions prohibited in PRIMARY KEY and UNIQUE constraints.\n</div>\n<p>Backtrace:</p>\n<pre>#0 /internal/shared/sqlite-database-integration/wp-includes/sqlite/class-wp-sqlite-db.php(287): WP_SQLite_Translator->get_error_message()\n#1 /wordpress/wp-admin/includes/upgrade.php(3271): WP_SQLite_DB->query('CREATE TABLE wp...')\n#2 /wordpress/wp-content/plugins/manager-for-galene-videoconference/galene-manager.php(118): dbDelta(Array)\n#3 /wordpress/wp-includes/class-wp-hook.php(324): {closure}(false)\n#4 /wordpress/wp-includes/class-wp-hook.php(348): WP_Hook->apply_filters('', Array)\n#5 /wordpress/wp-includes/plugin.php(517): WP_Hook->do_action(Array)\n#6 /wordpress/wp-admin/includes/plugin.php(703): do_action('activate_manage...', false)\n#7 /internal/eval.php(20): activate_plugin('manager-for-gal...')\n#8 {main}</pre>\n for query CREATE TABLE wp_galene_settings (\n\t  setting_key varchar(40) NOT NULL,\n\t  setting_subkey varchar(40) DEFAULT NULL,\n\t  type varchar(20) DEFAULT NULL,\n\t  data longtext DEFAULT NULL,\n\t  PRIMARY KEY  setting_key (setting_key)\n\t) DEFAULT CHARACTER SET utf8mb4 made by activate_plugin, do_action('activate_manager-for-galene-videoconference/galene-manager.php'), WP_Hook->do_action, WP_Hook->apply_filters, {closure}, dbDelta, WP_SQLite_DB->query, WP_SQLite_DB->print_error","log":"/logs/plugins/m/motivationstipps-zitate/error.json"}
,
{"message":"SQLSTATE[HY000]: General error: 1 expressions prohibited in PRIMARY KEY and UNIQUE constraints.","level":"FATAL","type":"SQL","test":"ast-sqlite-boot","plugin":"motivationstipps-zitate","details":"[14-Apr-2025 08:41:53 UTC] WordPress database error <div style=\"clear:both\">&nbsp;</div>\n<div class=\"queries\" style=\"clear:both;margin-bottom:2px;border:red dotted thin;\">\n<p>MySQL query:</p>\n<p>CREATE TABLE wp_galene_settings (\n\t  setting_key varchar(40) NOT NULL,\n\t  setting_subkey varchar(40) DEFAULT NULL,\n\t  type varchar(20) DEFAULT NULL,\n\t  data longtext DEFAULT NULL,\n\t  PRIMARY KEY  setting_key (setting_key)\n\t) DEFAULT CHARACTER SET utf8mb4</p>\n<p>Queries made or created this session were:</p>\n<ol>\n<li>Executing: BEGIN | (no parameters)</li>\n<li>Executing: INSERT INTO _mysql_data_types_cache (`table`, `column_or_index`, `mysql_type`)\n\t\t\t\tVALUES (:table, :column, :datatype)\n\t\t\t\tON CONFLICT(`table`, `column_or_index`) DO UPDATE SET `mysql_type` = :datatype\n\t\t\t | parameters: wp_galene_settings, setting_key, varchar(40)</li>\n<li>Executing: INSERT INTO _mysql_data_types_cache (`table`, `column_or_index`, `mysql_type`)\n\t\t\t\tVALUES (:table, :column, :datatype)\n\t\t\t\tON CONFLICT(`table`, `column_or_index`) DO UPDATE SET `mysql_type` = :datatype\n\t\t\t | parameters: wp_galene_settings, setting_subkey, varchar(40)</li>\n<li>Executing: INSERT INTO _mysql_data_types_cache (`table`, `column_or_index`, `mysql_type`)\n\t\t\t\tVALUES (:table, :column, :datatype)\n\t\t\t\tON CONFLICT(`table`, `column_or_index`) DO UPDATE SET `mysql_type` = :datatype\n\t\t\t | parameters: wp_galene_settings, type, varchar(20)</li>\n<li>Executing: INSERT INTO _mysql_data_types_cache (`table`, `column_or_index`, `mysql_type`)\n\t\t\t\tVALUES (:table, :column, :datatype)\n\t\t\t\tON CONFLICT(`table`, `column_or_index`) DO UPDATE SET `mysql_type` = :datatype\n\t\t\t | parameters: wp_galene_settings, data, longtext</li>\n<li>Executing: CREATE TABLE &quot;wp_galene_settings&quot; (\n&quot;setting_key&quot; text NOT NULL ON CONFLICT REPLACE DEFAULT '' COLLATE NOCASE,\n&quot;setting_subkey&quot; text DEFAULT NULL COLLATE NOCASE,\n&quot;type&quot; text DEFAULT NULL COLLATE NOCASE,\n&quot;data&quot; text DEFAULT NULL COLLATE NOCASE,\nPRIMARY KEY (&quot;(&quot;, &quot;)&quot;)) | (no parameters)</li>\n<li>Executing: ROLLBACK | (no parameters)</li>\n</ol>\n</div>\n<div style=\"clear:both;margin-bottom:2px;border:red dotted thin;\" class=\"error_message\" style=\"border-bottom:dotted blue thin;\">\nError occurred at line 4117 in Function <code>handle_error</code>. Error message was: SQLSTATE[HY000]: General error: 1 expressions prohibited in PRIMARY KEY and UNIQUE constraints.\n</div>\n<p>Backtrace:</p>\n<pre>#0 /internal/shared/sqlite-database-integration/wp-includes/sqlite/class-wp-sqlite-db.php(287): WP_SQLite_Translator->get_error_message()\n#1 /wordpress/wp-admin/includes/upgrade.php(3271): WP_SQLite_DB->query('CREATE TABLE wp...')\n#2 /wordpress/wp-content/plugins/manager-for-galene-videoconference/galene-manager.php(118): dbDelta(Array)\n#3 /wordpress/wp-includes/class-wp-hook.php(324): {closure}(false)\n#4 /wordpress/wp-includes/class-wp-hook.php(348): WP_Hook->apply_filters('', Array)\n#5 /wordpress/wp-includes/plugin.php(517): WP_Hook->do_action(Array)\n#6 /wordpress/wp-admin/includes/plugin.php(703): do_action('activate_manage...', false)\n#7 /internal/eval.php(20): activate_plugin('manager-for-gal...')\n#8 {main}</pre>\n for query CREATE TABLE wp_galene_settings (\n\t  setting_key varchar(40) NOT NULL,\n\t  setting_subkey varchar(40) DEFAULT NULL,\n\t  type varchar(20) DEFAULT NULL,\n\t  data longtext DEFAULT NULL,\n\t  PRIMARY KEY  setting_key (setting_key)\n\t) DEFAULT CHARACTER SET utf8mb4 made by activate_plugin, do_action('activate_manager-for-galene-videoconference/galene-manager.php'), WP_Hook->do_action, WP_Hook->apply_filters, {closure}, dbDelta, WP_SQLite_DB->query, WP_SQLite_DB->print_error","log":"/logs/plugins/m/motivationstipps-zitate/error.json"}
,
{"message":"Function wp_enqueue_script was called <strong>incorrectly</strong>. Scripts and styles should not be registered or enqueued until the <code>wp_enqueue_scripts</code>, <code>admin_enqueue_scripts</code>, or <code>login_enqueue_scripts</code> hooks. This notice was triggered by the <code>jquery-ui</code> handle. Please see <a href=\"https://developer.wordpress.org/advanced-administration/debug/debug-wordpress/\">Debugging in WordPress</a> for more information. (This message was added in version 3.3.0.) in /wordpress/wp-includes/functions.php on line 6114","level":"NOTICE","type":"PHP","test":"ast-sqlite-boot","plugin":"motivationstipps-zitate","details":"[14-Apr-2025 08:42:33 UTC] PHP Notice:  Function wp_enqueue_script was called <strong>incorrectly</strong>. Scripts and styles should not be registered or enqueued until the <code>wp_enqueue_scripts</code>, <code>admin_enqueue_scripts</code>, or <code>login_enqueue_scripts</code> hooks. This notice was triggered by the <code>jquery-ui</code> handle. Please see <a href=\"https://developer.wordpress.org/advanced-administration/debug/debug-wordpress/\">Debugging in WordPress</a> for more information. (This message was added in version 3.3.0.) in /wordpress/wp-includes/functions.php on line 6114","log":"/logs/plugins/m/motivationstipps-zitate/error.json"}
,
{"message":"Function wp_enqueue_script was called <strong>incorrectly</strong>. Scripts and styles should not be registered or enqueued until the <code>wp_enqueue_scripts</code>, <code>admin_enqueue_scripts</code>, or <code>login_enqueue_scripts</code> hooks. This notice was triggered by the <code>jquery-ui</code> handle. Please see <a href=\"https://developer.wordpress.org/advanced-administration/debug/debug-wordpress/\">Debugging in WordPress</a> for more information. (This message was added in version 3.3.0.) in /wordpress/wp-includes/functions.php on line 6114","level":"NOTICE","type":"PHP","test":"ast-sqlite-boot","plugin":"motivationstipps-zitate","details":"[14-Apr-2025 08:42:42 UTC] PHP Notice:  Function wp_enqueue_script was called <strong>incorrectly</strong>. Scripts and styles should not be registered or enqueued until the <code>wp_enqueue_scripts</code>, <code>admin_enqueue_scripts</code>, or <code>login_enqueue_scripts</code> hooks. This notice was triggered by the <code>jquery-ui</code> handle. Please see <a href=\"https://developer.wordpress.org/advanced-administration/debug/debug-wordpress/\">Debugging in WordPress</a> for more information. (This message was added in version 3.3.0.) in /wordpress/wp-includes/functions.php on line 6114","log":"/logs/plugins/m/motivationstipps-zitate/error.json"}
,
{"message":"Function wp_enqueue_script was called <strong>incorrectly</strong>. Scripts and styles should not be registered or enqueued until the <code>wp_enqueue_scripts</code>, <code>admin_enqueue_scripts</code>, or <code>login_enqueue_scripts</code> hooks. This notice was triggered by the <code>jquery-ui</code> handle. Please see <a href=\"https://developer.wordpress.org/advanced-administration/debug/debug-wordpress/\">Debugging in WordPress</a> for more information. (This message was added in version 3.3.0.) in /wordpress/wp-includes/functions.php on line 6114","level":"NOTICE","type":"PHP","test":"ast-sqlite-boot","plugin":"motivationstipps-zitate","details":"[14-Apr-2025 08:42:51 UTC] PHP Notice:  Function wp_enqueue_script was called <strong>incorrectly</strong>. Scripts and styles should not be registered or enqueued until the <code>wp_enqueue_scripts</code>, <code>admin_enqueue_scripts</code>, or <code>login_enqueue_scripts</code> hooks. This notice was triggered by the <code>jquery-ui</code> handle. Please see <a href=\"https://developer.wordpress.org/advanced-administration/debug/debug-wordpress/\">Debugging in WordPress</a> for more information. (This message was added in version 3.3.0.) in /wordpress/wp-includes/functions.php on line 6114","log":"/logs/plugins/m/motivationstipps-zitate/error.json"}
,
{"message":"Uncaught ArgumentCountError: Too few arguments to function WP_Widget::__construct(), 0 passed in /wordpress/wp-includes/class-wp-widget-factory.php on line 62 and at least 2 expected in /wordpress/wp-includes/class-wp-widget.php:163","level":"FATAL","type":"PHP","test":"ast-sqlite-boot","plugin":"motivationstipps-zitate","details":"[14-Apr-2025 08:45:31 UTC] PHP Fatal error:  Uncaught ArgumentCountError: Too few arguments to function WP_Widget::__construct(), 0 passed in /wordpress/wp-includes/class-wp-widget-factory.php on line 62 and at least 2 expected in /wordpress/wp-includes/class-wp-widget.php:163\nStack trace:\n#0 /wordpress/wp-includes/class-wp-widget-factory.php(62): WP_Widget->__construct()\n#1 /wordpress/wp-includes/widgets.php(123): WP_Widget_Factory->register('motivations_tip...')\n#2 /wordpress/wp-content/plugins/motivationstipps-zitate/motivationstipp.php(76): register_widget('motivations_tip...')\n#3 /wordpress/wp-includes/class-wp-hook.php(324): register_dstipp('')\n#4 /wordpress/wp-includes/class-wp-hook.php(348): WP_Hook->apply_filters(NULL, Array)\n#5 /wordpress/wp-includes/plugin.php(517): WP_Hook->do_action(Array)\n#6 /wordpress/wp-includes/widgets.php(1870): do_action('widgets_init')\n#7 /wordpress/wp-includes/class-wp-hook.php(324): wp_widgets_init('')\n#8 /wordpress/wp-includes/class-wp-hook.php(348): WP_Hook->apply_filters(NULL, Array)\n#9 /wordpress/wp-includes/plugin.php(517): WP_Hook->do_action(Array)\n#10 /wordpress/wp-settings.php(704): do_action('init')\n#11 /wordpress/wp-config.php(102): require_once('/wordpress/wp-s...')\n#12 /wordpress/wp-load.php(50): require_once('/wordpress/wp-c...')\n#13 /internal/eval.php(3): require_once('/wordpress/wp-l...')\n#14 {main}\n  thrown in /wordpress/wp-includes/class-wp-widget.php on line 163\n\n    at Object.onBind (file:///home/runner/work/playground-tester/playground-tester/node_modules/@wp-playground/cli/index.js:237:15)\n    at process.processTicksAndRejections (node:internal/process/task_queues:105:5)\n    at async V (file:///home/runner/work/playground-tester/playground-tester/node_modules/@wp-playground/cli/index.js:64:10)\n    at async ja (file:///home/runner/work/playground-tester/playground-tester/node_modules/@wp-playground/cli/cli.js:8161:12) {\n  [cause]: Error: Error when executing the blueprint step #5 ({\"step\":\"installPlugin\",\"pluginData\":{\"resource\":\"wordpress.org/plugins\",\"slug\":\"motivationstipps-zitate\"},\"options\":{\"activate\":true}}) : PHP.run() failed with exit code 255 and the following output: \n      at Object.run (file:///home/runner/work/playground-tester/playground-tester/node_modules/@wp-playground/blueprints/index.js:12449:19)\n      at process.processTicksAndRejections (node:internal/process/task_queues:105:5)\n      at async ms (file:///home/runner/work/playground-tester/playground-tester/node_modules/@wp-playground/blueprints/index.js:12552:3)\n      ... 2 lines matching cause stack trace ...\n      at async ja (file:///home/runner/work/playground-tester/playground-tester/node_modules/@wp-playground/cli/cli.js:8161:12) {\n    [cause]: PHPExecutionFailureError: PHP.run() failed with exit code 255 and the following output: \n        at PHP.run (file:///home/runner/work/playground-tester/playground-tester/node_modules/@php-wasm/universal/index.js:987:19)\n        at process.processTicksAndRejections (node:internal/process/task_queues:105:5)\n        at async wr (file:///home/runner/work/playground-tester/playground-tester/node_modules/@wp-playground/blueprints/index.js:73:13)\n        at async Object.gt [as installPlugin] (file:///home/runner/work/playground-tester/playground-tester/node_modules/@wp-playground/blueprints/index.js:974:42)\n        at async g (file:///home/runner/work/playground-tester/playground-tester/node_modules/@wp-playground/blueprints/index.js:12517:30)\n        at async Object.run (file:///home/runner/work/playground-tester/playground-tester/node_modules/@wp-playground/blueprints/index.js:12446:23)\n        at async ms (file:///home/runner/work/playground-tester/playground-tester/node_modules/@wp-playground/blueprints/index.js:12552:3)\n        at async Object.onBind (file:///home/runner/work/playground-tester/playground-tester/node_modules/@wp-playground/cli/index.js:227:48)\n        at async V (file:///home/runner/work/playground-tester/playground-tester/node_modules/@wp-playground/cli/index.js:64:10)\n        at async ja (file:///home/runner/work/playground-tester/playground-tester/node_modules/@wp-playground/cli/cli.js:8161:12) {\n      response: PHPResponse {\n        httpStatusCode: 500,\n        headers: {\n          'x-powered-by': [ 'PHP/8.0.30-dev' ],\n          'content-type': [ 'text/html; charset=UTF-8' ],\n          expires: [ 'Wed, 11 Jan 1984 05:00:00 GMT' ],\n          'cache-control': [ 'no-cache, must-revalidate, max-age=0' ]\n        },\n        bytes: Uint8Array(2653) [\n           60,  33,  68,  79,  67,  84,  89,  80,  69,  32, 104, 116,\n          109, 108,  62,  10,  60, 104, 116, 109, 108,  32, 108,  97,\n          110, 103,  61,  34, 101, 110,  45,  85,  83,  34,  62,  10,\n           60, 104, 101,  97, 100,  62,  10,   9,  60, 109, 101, 116,\n           97,  32, 104, 116, 116, 112,  45, 101, 113, 117, 105, 118,\n           61,  34,  67, 111, 110, 116, 101, 110, 116,  45,  84, 121,\n          112, 101,  34,  32,  99, 111, 110, 116, 101, 110, 116,  61,\n           34, 116, 101, 120, 116,  47, 104, 116, 109, 108,  59,  32,\n           99, 104,  97, 114,\n          ... 2553 more items\n        ],\n        exitCode: 255,\n        errors: ''\n      },\n      source: 'request'\n    }\n  }\n}\n\n","log":"/logs/plugins/m/motivationstipps-zitate/error.json"}
]
