file:///home/runner/work/playground-tester/playground-tester/node_modules/@wp-playground/cli/run-cli-j-geJYS3.js:325
        throw new Error($, { cause: h });
              ^

Error: [30-Jun-2025 07:31:31 UTC] PHP Fatal error:  Uncaught Error: Failed opening required '/wordpress/wp-content/plugins/wp-stumble/library/wordpress/application.php' (include_path='.:') in /wordpress/wp-content/plugins/wp-stumble/index.php:10
Stack trace:
#0 /wordpress/wp-admin/includes/plugin.php(2387): include_once()
#1 /wordpress/wp-admin/includes/plugin.php(673): plugin_sandbox_scrape('wp-stumble/inde...')
#2 /internal/eval.php(20): activate_plugin('wp-stumble/inde...')
#3 {main}
  thrown in /wordpress/wp-content/plugins/wp-stumble/index.php on line 10
[30-Jun-2025 07:31:39 UTC] PHP Fatal error:  Uncaught Error: Failed opening required '/wordpress/wp-content/plugins/wp-stumble/library/wordpress/application.php' (include_path='.:') in /wordpress/wp-content/plugins/wp-stumble/index.php:10
Stack trace:
#0 /wordpress/wp-admin/includes/plugin.php(2387): include_once()
#1 /wordpress/wp-admin/includes/plugin.php(673): plugin_sandbox_scrape('wp-stumble/inde...')
#2 /internal/eval.php(20): activate_plugin('wp-stumble/inde...')
#3 {main}
  thrown in /wordpress/wp-content/plugins/wp-stumble/index.php on line 10
[30-Jun-2025 07:31:47 UTC] PHP Fatal error:  Uncaught Error: Failed opening required '/wordpress/wp-content/plugins/wp-stumble/library/wordpress/application.php' (include_path='.:') in /wordpress/wp-content/plugins/wp-stumble/index.php:10
Stack trace:
#0 /wordpress/wp-admin/includes/plugin.php(2387): include_once()
#1 /wordpress/wp-admin/includes/plugin.php(673): plugin_sandbox_scrape('wp-stumble/inde...')
#2 /internal/eval.php(20): activate_plugin('wp-stumble/inde...')
#3 {main}
  thrown in /wordpress/wp-content/plugins/wp-stumble/index.php on line 10
[30-Jun-2025 07:33:51 UTC] PHP Deprecated:  Required parameter $gedcom follows optional parameter $gen in /wordpress/wp-content/plugins/wpgenealogy/public/Traits/Relationship.php on line 33
[30-Jun-2025 07:33:52 UTC] PHP Fatal error:  Uncaught PDOException: SQLSTATE[HY000] [2002] Address family not supported by protocol in /wordpress/wp-content/plugins/wpgenealogy/vendor/doctrine/dbal/lib/Doctrine/DBAL/Driver/PDOConnection.php:38
Stack trace:
#0 /wordpress/wp-content/plugins/wpgenealogy/vendor/doctrine/dbal/lib/Doctrine/DBAL/Driver/PDOConnection.php(38): PDO->__construct('mysql:host=loca...', 'username_here', 'password_here', Array)
#1 /wordpress/wp-content/plugins/wpgenealogy/vendor/illuminate/database/Connectors/Connector.php(67): Doctrine\DBAL\Driver\PDOConnection->__construct('mysql:host=loca...', 'username_here', 'password_here', Array)
#2 /wordpress/wp-content/plugins/wpgenealogy/vendor/illuminate/database/Connectors/Connector.php(46): Illuminate\Database\Connectors\Connector->createPdoConnection('mysql:host=loca...', 'username_here', 'password_here', Array)
#3 /wordpress/wp-content/plugins/wpgenealogy/vendor/illuminate/database/Connectors/MySqlConnector.php(24): Illuminate\Database\Connectors\Connector->createConnection('mysql:host=loca...', Array, Array)
#4 /wordpress/wp-content/plugins/wpgenealogy/vendor/illuminate/database/Connectors/ConnectionFactory.php(182): Illuminate\Database\Connectors\MySqlConnector->connect(Array)
#5 [internal function]: Illuminate\Database\Connectors\ConnectionFactory->Illuminate\Database\Connectors\{closure}()
#6 /wordpress/wp-content/plugins/wpgenealogy/vendor/illuminate/database/Connection.php(924): call_user_func(Object(Closure))
#7 /wordpress/wp-content/plugins/wpgenealogy/vendor/illuminate/database/Connection.php(457): Illuminate\Database\Connection->getPdo()
#8 /wordpress/wp-content/plugins/wpgenealogy/vendor/illuminate/database/Connection.php(662): Illuminate\Database\Connection->Illuminate\Database\{closure}('SET FOREIGN_KEY...', Array)
#9 /wordpress/wp-content/plugins/wpgenealogy/vendor/illuminate/database/Connection.php(629): Illuminate\Database\Connection->runQueryCallback('SET FOREIGN_KEY...', Array, Object(Closure))
#10 /wordpress/wp-content/plugins/wpgenealogy/vendor/illuminate/database/Connection.php(464): Illuminate\Database\Connection->run('SET FOREIGN_KEY...', Array, Object(Closure))
#11 /wordpress/wp-content/plugins/wpgenealogy/vendor/illuminate/database/Schema/Builder.php(266): Illuminate\Database\Connection->statement('SET FOREIGN_KEY...')
#12 /wordpress/wp-content/plugins/wpgenealogy/includes/class-wpgenealogy-activator.php(627): Illuminate\Database\Schema\Builder->enableForeignKeyConstraints()
#13 /wordpress/wp-content/plugins/wpgenealogy/includes/class-wpgenealogy-activator.php(43): WPGenealogy\WPGenealogy_Activator::create_tables()
#14 /wordpress/wp-content/plugins/wpgenealogy/wpgenealogy.php(90): WPGenealogy\WPGenealogy_Activator::activate()
#15 /wordpress/wp-includes/class-wp-hook.php(324): wpgenealogy_activate(false)
#16 /wordpress/wp-includes/class-wp-hook.php(348): WP_Hook->apply_filters(NULL, Array)
#17 /wordpress/wp-includes/plugin.php(517): WP_Hook->do_action(Array)
#18 /wordpress/wp-admin/includes/plugin.php(703): do_action('activate_wpgene...', false)
#19 /internal/eval.php(20): activate_plugin('wpgenealogy/wpg...')
#20 {main}

Next Doctrine\DBAL\Driver\PDO\Exception: SQLSTATE[HY000] [2002] Address family not supported by protocol in /wordpress/wp-content/plugins/wpgenealogy/vendor/doctrine/dbal/lib/Doctrine/DBAL/Driver/PDO/Exception.php:18
Stack trace:
#0 /wordpress/wp-content/plugins/wpgenealogy/vendor/doctrine/dbal/lib/Doctrine/DBAL/Driver/PDOConnection.php(42): Doctrine\DBAL\Driver\PDO\Exception::new(Object(PDOException))
#1 /wordpress/wp-content/plugins/wpgenealogy/vendor/illuminate/database/Connectors/Connector.php(67): Doctrine\DBAL\Driver\PDOConnection->__construct('mysql:host=loca...', 'username_here', 'password_here', Array)
#2 /wordpress/wp-content/plugins/wpgenealogy/vendor/illuminate/database/Connectors/Connector.php(46): Illuminate\Database\Connectors\Connector->createPdoConnection('mysql:host=loca...', 'username_here', 'password_here', Array)
#3 /wordpress/wp-content/plugins/wpgenealogy/vendor/illuminate/database/Connectors/MySqlConnector.php(24): Illuminate\Database\Connectors\Connector->createConnection('mysql:host=loca...', Array, Array)
#4 /wordpress/wp-content/plugins/wpgenealogy/vendor/illuminate/database/Connectors/ConnectionFactory.php(182): Illuminate\Database\Connectors\MySqlConnector->connect(Array)
#5 [internal function]: Illuminate\Database\Connectors\ConnectionFactory->Illuminate\Database\Connectors\{closure}()
#6 /wordpress/wp-content/plugins/wpgenealogy/vendor/illuminate/database/Connection.php(924): call_user_func(Object(Closure))
#7 /wordpress/wp-content/plugins/wpgenealogy/vendor/illuminate/database/Connection.php(457): Illuminate\Database\Connection->getPdo()
#8 /wordpress/wp-content/plugins/wpgenealogy/vendor/illuminate/database/Connection.php(662): Illuminate\Database\Connection->Illuminate\Database\{closure}('SET FOREIGN_KEY...', Array)
#9 /wordpress/wp-content/plugins/wpgenealogy/vendor/illuminate/database/Connection.php(629): Illuminate\Database\Connection->runQueryCallback('SET FOREIGN_KEY...', Array, Object(Closure))
#10 /wordpress/wp-content/plugins/wpgenealogy/vendor/illuminate/database/Connection.php(464): Illuminate\Database\Connection->run('SET FOREIGN_KEY...', Array, Object(Closure))
#11 /wordpress/wp-content/plugins/wpgenealogy/vendor/illuminate/database/Schema/Builder.php(266): Illuminate\Database\Connection->statement('SET FOREIGN_KEY...')
#12 /wordpress/wp-content/plugins/wpgenealogy/includes/class-wpgenealogy-activator.php(627): Illuminate\Database\Schema\Builder->enableForeignKeyConstraints()
#13 /wordpress/wp-content/plugins/wpgenealogy/includes/class-wpgenealogy-activator.php(43): WPGenealogy\WPGenealogy_Activator::create_tables()
#14 /wordpress/wp-content/plugins/wpgenealogy/wpgenealogy.php(90): WPGenealogy\WPGenealogy_Activator::activate()
#15 /wordpress/wp-includes/class-wp-hook.php(324): wpgenealogy_activate(false)
#16 /wordpress/wp-includes/class-wp-hook.php(348): WP_Hook->apply_filters(NULL, Array)
#17 /wordpress/wp-includes/plugin.php(517): WP_Hook->do_action(Array)
#18 /wordpress/wp-admin/includes/plugin.php(703): do_action('activate_wpgene...', false)
#19 /internal/eval.php(20): activate_plugin('wpgenealogy/wpg...')
#20 {main}

Next Illuminate\Database\QueryException: SQLSTATE[HY000] [2002] Address family not supported by protocol (SQL: SET FOREIGN_KEY_CHECKS=1;) in /wordpress/wp-content/plugins/wpgenealogy/vendor/illuminate/database/Connection.php:669
Stack trace:
#0 /wordpress/wp-content/plugins/wpgenealogy/vendor/illuminate/database/Connection.php(629): Illuminate\Database\Connection->runQueryCallback('SET FOREIGN_KEY...', Array, Object(Closure))
#1 /wordpress/wp-content/plugins/wpgenealogy/vendor/illuminate/database/Connection.php(464): Illuminate\Database\Connection->run('SET FOREIGN_KEY...', Array, Object(Closure))
#2 /wordpress/wp-content/plugins/wpgenealogy/vendor/illuminate/database/Schema/Builder.php(266): Illuminate\Database\Connection->statement('SET FOREIGN_KEY...')
#3 /wordpress/wp-content/plugins/wpgenealogy/includes/class-wpgenealogy-activator.php(627): Illuminate\Database\Schema\Builder->enableForeignKeyConstraints()
#4 /wordpress/wp-content/plugins/wpgenealogy/includes/class-wpgenealogy-activator.php(43): WPGenealogy\WPGenealogy_Activator::create_tables()
#5 /wordpress/wp-content/plugins/wpgenealogy/wpgenealogy.php(90): WPGenealogy\WPGenealogy_Activator::activate()
#6 /wordpress/wp-includes/class-wp-hook.php(324): wpgenealogy_activate(false)
#7 /wordpress/wp-includes/class-wp-hook.php(348): WP_Hook->apply_filters(NULL, Array)
#8 /wordpress/wp-includes/plugin.php(517): WP_Hook->do_action(Array)
#9 /wordpress/wp-admin/includes/plugin.php(703): do_action('activate_wpgene...', false)
#10 /internal/eval.php(20): activate_plugin('wpgenealogy/wpg...')
#11 {main}
  thrown in /wordpress/wp-content/plugins/wpgenealogy/vendor/illuminate/database/Connection.php on line 669
[30-Jun-2025 07:34:10 UTC] PHP Deprecated:  Required parameter $gedcom follows optional parameter $gen in /wordpress/wp-content/plugins/wpgenealogy/public/Traits/Relationship.php on line 33
[30-Jun-2025 07:34:10 UTC] PHP Fatal error:  Uncaught PDOException: SQLSTATE[HY000] [2002] Address family not supported by protocol in /wordpress/wp-content/plugins/wpgenealogy/vendor/doctrine/dbal/lib/Doctrine/DBAL/Driver/PDOConnection.php:38
Stack trace:
#0 /wordpress/wp-content/plugins/wpgenealogy/vendor/doctrine/dbal/lib/Doctrine/DBAL/Driver/PDOConnection.php(38): PDO->__construct('mysql:host=loca...', 'username_here', 'password_here', Array)
#1 /wordpress/wp-content/plugins/wpgenealogy/vendor/illuminate/database/Connectors/Connector.php(67): Doctrine\DBAL\Driver\PDOConnection->__construct('mysql:host=loca...', 'username_here', 'password_here', Array)
#2 /wordpress/wp-content/plugins/wpgenealogy/vendor/illuminate/database/Connectors/Connector.php(46): Illuminate\Database\Connectors\Connector->createPdoConnection('mysql:host=loca...', 'username_here', 'password_here', Array)
#3 /wordpress/wp-content/plugins/wpgenealogy/vendor/illuminate/database/Connectors/MySqlConnector.php(24): Illuminate\Database\Connectors\Connector->createConnection('mysql:host=loca...', Array, Array)
#4 /wordpress/wp-content/plugins/wpgenealogy/vendor/illuminate/database/Connectors/ConnectionFactory.php(182): Illuminate\Database\Connectors\MySqlConnector->connect(Array)
#5 [internal function]: Illuminate\Database\Connectors\ConnectionFactory->Illuminate\Database\Connectors\{closure}()
#6 /wordpress/wp-content/plugins/wpgenealogy/vendor/illuminate/database/Connection.php(924): call_user_func(Object(Closure))
#7 /wordpress/wp-content/plugins/wpgenealogy/vendor/illuminate/database/Connection.php(457): Illuminate\Database\Connection->getPdo()
#8 /wordpress/wp-content/plugins/wpgenealogy/vendor/illuminate/database/Connection.php(662): Illuminate\Database\Connection->Illuminate\Database\{closure}('SET FOREIGN_KEY...', Array)
#9 /wordpress/wp-content/plugins/wpgenealogy/vendor/illuminate/database/Connection.php(629): Illuminate\Database\Connection->runQueryCallback('SET FOREIGN_KEY...', Array, Object(Closure))
#10 /wordpress/wp-content/plugins/wpgenealogy/vendor/illuminate/database/Connection.php(464): Illuminate\Database\Connection->run('SET FOREIGN_KEY...', Array, Object(Closure))
#11 /wordpress/wp-content/plugins/wpgenealogy/vendor/illuminate/database/Schema/Builder.php(266): Illuminate\Database\Connection->statement('SET FOREIGN_KEY...')
#12 /wordpress/wp-content/plugins/wpgenealogy/includes/class-wpgenealogy-activator.php(627): Illuminate\Database\Schema\Builder->enableForeignKeyConstraints()
#13 /wordpress/wp-content/plugins/wpgenealogy/includes/class-wpgenealogy-activator.php(43): WPGenealogy\WPGenealogy_Activator::create_tables()
#14 /wordpress/wp-content/plugins/wpgenealogy/wpgenealogy.php(90): WPGenealogy\WPGenealogy_Activator::activate()
#15 /wordpress/wp-includes/class-wp-hook.php(324): wpgenealogy_activate(false)
#16 /wordpress/wp-includes/class-wp-hook.php(348): WP_Hook->apply_filters(NULL, Array)
#17 /wordpress/wp-includes/plugin.php(517): WP_Hook->do_action(Array)
#18 /wordpress/wp-admin/includes/plugin.php(703): do_action('activate_wpgene...', false)
#19 /internal/eval.php(20): activate_plugin('wpgenealogy/wpg...')
#20 {main}

Next Doctrine\DBAL\Driver\PDO\Exception: SQLSTATE[HY000] [2002] Address family not supported by protocol in /wordpress/wp-content/plugins/wpgenealogy/vendor/doctrine/dbal/lib/Doctrine/DBAL/Driver/PDO/Exception.php:18
Stack trace:
#0 /wordpress/wp-content/plugins/wpgenealogy/vendor/doctrine/dbal/lib/Doctrine/DBAL/Driver/PDOConnection.php(42): Doctrine\DBAL\Driver\PDO\Exception::new(Object(PDOException))
#1 /wordpress/wp-content/plugins/wpgenealogy/vendor/illuminate/database/Connectors/Connector.php(67): Doctrine\DBAL\Driver\PDOConnection->__construct('mysql:host=loca...', 'username_here', 'password_here', Array)
#2 /wordpress/wp-content/plugins/wpgenealogy/vendor/illuminate/database/Connectors/Connector.php(46): Illuminate\Database\Connectors\Connector->createPdoConnection('mysql:host=loca...', 'username_here', 'password_here', Array)
#3 /wordpress/wp-content/plugins/wpgenealogy/vendor/illuminate/database/Connectors/MySqlConnector.php(24): Illuminate\Database\Connectors\Connector->createConnection('mysql:host=loca...', Array, Array)
#4 /wordpress/wp-content/plugins/wpgenealogy/vendor/illuminate/database/Connectors/ConnectionFactory.php(182): Illuminate\Database\Connectors\MySqlConnector->connect(Array)
#5 [internal function]: Illuminate\Database\Connectors\ConnectionFactory->Illuminate\Database\Connectors\{closure}()
#6 /wordpress/wp-content/plugins/wpgenealogy/vendor/illuminate/database/Connection.php(924): call_user_func(Object(Closure))
#7 /wordpress/wp-content/plugins/wpgenealogy/vendor/illuminate/database/Connection.php(457): Illuminate\Database\Connection->getPdo()
#8 /wordpress/wp-content/plugins/wpgenealogy/vendor/illuminate/database/Connection.php(662): Illuminate\Database\Connection->Illuminate\Database\{closure}('SET FOREIGN_KEY...', Array)
#9 /wordpress/wp-content/plugins/wpgenealogy/vendor/illuminate/database/Connection.php(629): Illuminate\Database\Connection->runQueryCallback('SET FOREIGN_KEY...', Array, Object(Closure))
#10 /wordpress/wp-content/plugins/wpgenealogy/vendor/illuminate/database/Connection.php(464): Illuminate\Database\Connection->run('SET FOREIGN_KEY...', Array, Object(Closure))
#11 /wordpress/wp-content/plugins/wpgenealogy/vendor/illuminate/database/Schema/Builder.php(266): Illuminate\Database\Connection->statement('SET FOREIGN_KEY...')
#12 /wordpress/wp-content/plugins/wpgenealogy/includes/class-wpgenealogy-activator.php(627): Illuminate\Database\Schema\Builder->enableForeignKeyConstraints()
#13 /wordpress/wp-content/plugins/wpgenealogy/includes/class-wpgenealogy-activator.php(43): WPGenealogy\WPGenealogy_Activator::create_tables()
#14 /wordpress/wp-content/plugins/wpgenealogy/wpgenealogy.php(90): WPGenealogy\WPGenealogy_Activator::activate()
#15 /wordpress/wp-includes/class-wp-hook.php(324): wpgenealogy_activate(false)
#16 /wordpress/wp-includes/class-wp-hook.php(348): WP_Hook->apply_filters(NULL, Array)
#17 /wordpress/wp-includes/plugin.php(517): WP_Hook->do_action(Array)
#18 /wordpress/wp-admin/includes/plugin.php(703): do_action('activate_wpgene...', false)
#19 /internal/eval.php(20): activate_plugin('wpgenealogy/wpg...')
#20 {main}

Next Illuminate\Database\QueryException: SQLSTATE[HY000] [2002] Address family not supported by protocol (SQL: SET FOREIGN_KEY_CHECKS=1;) in /wordpress/wp-content/plugins/wpgenealogy/vendor/illuminate/database/Connection.php:669
Stack trace:
#0 /wordpress/wp-content/plugins/wpgenealogy/vendor/illuminate/database/Connection.php(629): Illuminate\Database\Connection->runQueryCallback('SET FOREIGN_KEY...', Array, Object(Closure))
#1 /wordpress/wp-content/plugins/wpgenealogy/vendor/illuminate/database/Connection.php(464): Illuminate\Database\Connection->run('SET FOREIGN_KEY...', Array, Object(Closure))
#2 /wordpress/wp-content/plugins/wpgenealogy/vendor/illuminate/database/Schema/Builder.php(266): Illuminate\Database\Connection->statement('SET FOREIGN_KEY...')
#3 /wordpress/wp-content/plugins/wpgenealogy/includes/class-wpgenealogy-activator.php(627): Illuminate\Database\Schema\Builder->enableForeignKeyConstraints()
#4 /wordpress/wp-content/plugins/wpgenealogy/includes/class-wpgenealogy-activator.php(43): WPGenealogy\WPGenealogy_Activator::create_tables()
#5 /wordpress/wp-content/plugins/wpgenealogy/wpgenealogy.php(90): WPGenealogy\WPGenealogy_Activator::activate()
#6 /wordpress/wp-includes/class-wp-hook.php(324): wpgenealogy_activate(false)
#7 /wordpress/wp-includes/class-wp-hook.php(348): WP_Hook->apply_filters(NULL, Array)
#8 /wordpress/wp-includes/plugin.php(517): WP_Hook->do_action(Array)
#9 /wordpress/wp-admin/includes/plugin.php(703): do_action('activate_wpgene...', false)
#10 /internal/eval.php(20): activate_plugin('wpgenealogy/wpg...')
#11 {main}
  thrown in /wordpress/wp-content/plugins/wpgenealogy/vendor/illuminate/database/Connection.php on line 669
[30-Jun-2025 07:34:30 UTC] PHP Deprecated:  Required parameter $gedcom follows optional parameter $gen in /wordpress/wp-content/plugins/wpgenealogy/public/Traits/Relationship.php on line 33
[30-Jun-2025 07:34:30 UTC] PHP Fatal error:  Uncaught PDOException: SQLSTATE[HY000] [2002] Address family not supported by protocol in /wordpress/wp-content/plugins/wpgenealogy/vendor/doctrine/dbal/lib/Doctrine/DBAL/Driver/PDOConnection.php:38
Stack trace:
#0 /wordpress/wp-content/plugins/wpgenealogy/vendor/doctrine/dbal/lib/Doctrine/DBAL/Driver/PDOConnection.php(38): PDO->__construct('mysql:host=loca...', 'username_here', 'password_here', Array)
#1 /wordpress/wp-content/plugins/wpgenealogy/vendor/illuminate/database/Connectors/Connector.php(67): Doctrine\DBAL\Driver\PDOConnection->__construct('mysql:host=loca...', 'username_here', 'password_here', Array)
#2 /wordpress/wp-content/plugins/wpgenealogy/vendor/illuminate/database/Connectors/Connector.php(46): Illuminate\Database\Connectors\Connector->createPdoConnection('mysql:host=loca...', 'username_here', 'password_here', Array)
#3 /wordpress/wp-content/plugins/wpgenealogy/vendor/illuminate/database/Connectors/MySqlConnector.php(24): Illuminate\Database\Connectors\Connector->createConnection('mysql:host=loca...', Array, Array)
#4 /wordpress/wp-content/plugins/wpgenealogy/vendor/illuminate/database/Connectors/ConnectionFactory.php(182): Illuminate\Database\Connectors\MySqlConnector->connect(Array)
#5 [internal function]: Illuminate\Database\Connectors\ConnectionFactory->Illuminate\Database\Connectors\{closure}()
#6 /wordpress/wp-content/plugins/wpgenealogy/vendor/illuminate/database/Connection.php(924): call_user_func(Object(Closure))
#7 /wordpress/wp-content/plugins/wpgenealogy/vendor/illuminate/database/Connection.php(457): Illuminate\Database\Connection->getPdo()
#8 /wordpress/wp-content/plugins/wpgenealogy/vendor/illuminate/database/Connection.php(662): Illuminate\Database\Connection->Illuminate\Database\{closure}('SET FOREIGN_KEY...', Array)
#9 /wordpress/wp-content/plugins/wpgenealogy/vendor/illuminate/database/Connection.php(629): Illuminate\Database\Connection->runQueryCallback('SET FOREIGN_KEY...', Array, Object(Closure))
#10 /wordpress/wp-content/plugins/wpgenealogy/vendor/illuminate/database/Connection.php(464): Illuminate\Database\Connection->run('SET FOREIGN_KEY...', Array, Object(Closure))
#11 /wordpress/wp-content/plugins/wpgenealogy/vendor/illuminate/database/Schema/Builder.php(266): Illuminate\Database\Connection->statement('SET FOREIGN_KEY...')
#12 /wordpress/wp-content/plugins/wpgenealogy/includes/class-wpgenealogy-activator.php(627): Illuminate\Database\Schema\Builder->enableForeignKeyConstraints()
#13 /wordpress/wp-content/plugins/wpgenealogy/includes/class-wpgenealogy-activator.php(43): WPGenealogy\WPGenealogy_Activator::create_tables()
#14 /wordpress/wp-content/plugins/wpgenealogy/wpgenealogy.php(90): WPGenealogy\WPGenealogy_Activator::activate()
#15 /wordpress/wp-includes/class-wp-hook.php(324): wpgenealogy_activate(false)
#16 /wordpress/wp-includes/class-wp-hook.php(348): WP_Hook->apply_filters(NULL, Array)
#17 /wordpress/wp-includes/plugin.php(517): WP_Hook->do_action(Array)
#18 /wordpress/wp-admin/includes/plugin.php(703): do_action('activate_wpgene...', false)
#19 /internal/eval.php(20): activate_plugin('wpgenealogy/wpg...')
#20 {main}

Next Doctrine\DBAL\Driver\PDO\Exception: SQLSTATE[HY000] [2002] Address family not supported by protocol in /wordpress/wp-content/plugins/wpgenealogy/vendor/doctrine/dbal/lib/Doctrine/DBAL/Driver/PDO/Exception.php:18
Stack trace:
#0 /wordpress/wp-content/plugins/wpgenealogy/vendor/doctrine/dbal/lib/Doctrine/DBAL/Driver/PDOConnection.php(42): Doctrine\DBAL\Driver\PDO\Exception::new(Object(PDOException))
#1 /wordpress/wp-content/plugins/wpgenealogy/vendor/illuminate/database/Connectors/Connector.php(67): Doctrine\DBAL\Driver\PDOConnection->__construct('mysql:host=loca...', 'username_here', 'password_here', Array)
#2 /wordpress/wp-content/plugins/wpgenealogy/vendor/illuminate/database/Connectors/Connector.php(46): Illuminate\Database\Connectors\Connector->createPdoConnection('mysql:host=loca...', 'username_here', 'password_here', Array)
#3 /wordpress/wp-content/plugins/wpgenealogy/vendor/illuminate/database/Connectors/MySqlConnector.php(24): Illuminate\Database\Connectors\Connector->createConnection('mysql:host=loca...', Array, Array)
#4 /wordpress/wp-content/plugins/wpgenealogy/vendor/illuminate/database/Connectors/ConnectionFactory.php(182): Illuminate\Database\Connectors\MySqlConnector->connect(Array)
#5 [internal function]: Illuminate\Database\Connectors\ConnectionFactory->Illuminate\Database\Connectors\{closure}()
#6 /wordpress/wp-content/plugins/wpgenealogy/vendor/illuminate/database/Connection.php(924): call_user_func(Object(Closure))
#7 /wordpress/wp-content/plugins/wpgenealogy/vendor/illuminate/database/Connection.php(457): Illuminate\Database\Connection->getPdo()
#8 /wordpress/wp-content/plugins/wpgenealogy/vendor/illuminate/database/Connection.php(662): Illuminate\Database\Connection->Illuminate\Database\{closure}('SET FOREIGN_KEY...', Array)
#9 /wordpress/wp-content/plugins/wpgenealogy/vendor/illuminate/database/Connection.php(629): Illuminate\Database\Connection->runQueryCallback('SET FOREIGN_KEY...', Array, Object(Closure))
#10 /wordpress/wp-content/plugins/wpgenealogy/vendor/illuminate/database/Connection.php(464): Illuminate\Database\Connection->run('SET FOREIGN_KEY...', Array, Object(Closure))
#11 /wordpress/wp-content/plugins/wpgenealogy/vendor/illuminate/database/Schema/Builder.php(266): Illuminate\Database\Connection->statement('SET FOREIGN_KEY...')
#12 /wordpress/wp-content/plugins/wpgenealogy/includes/class-wpgenealogy-activator.php(627): Illuminate\Database\Schema\Builder->enableForeignKeyConstraints()
#13 /wordpress/wp-content/plugins/wpgenealogy/includes/class-wpgenealogy-activator.php(43): WPGenealogy\WPGenealogy_Activator::create_tables()
#14 /wordpress/wp-content/plugins/wpgenealogy/wpgenealogy.php(90): WPGenealogy\WPGenealogy_Activator::activate()
#15 /wordpress/wp-includes/class-wp-hook.php(324): wpgenealogy_activate(false)
#16 /wordpress/wp-includes/class-wp-hook.php(348): WP_Hook->apply_filters(NULL, Array)
#17 /wordpress/wp-includes/plugin.php(517): WP_Hook->do_action(Array)
#18 /wordpress/wp-admin/includes/plugin.php(703): do_action('activate_wpgene...', false)
#19 /internal/eval.php(20): activate_plugin('wpgenealogy/wpg...')
#20 {main}

Next Illuminate\Database\QueryException: SQLSTATE[HY000] [2002] Address family not supported by protocol (SQL: SET FOREIGN_KEY_CHECKS=1;) in /wordpress/wp-content/plugins/wpgenealogy/vendor/illuminate/database/Connection.php:669
Stack trace:
#0 /wordpress/wp-content/plugins/wpgenealogy/vendor/illuminate/database/Connection.php(629): Illuminate\Database\Connection->runQueryCallback('SET FOREIGN_KEY...', Array, Object(Closure))
#1 /wordpress/wp-content/plugins/wpgenealogy/vendor/illuminate/database/Connection.php(464): Illuminate\Database\Connection->run('SET FOREIGN_KEY...', Array, Object(Closure))
#2 /wordpress/wp-content/plugins/wpgenealogy/vendor/illuminate/database/Schema/Builder.php(266): Illuminate\Database\Connection->statement('SET FOREIGN_KEY...')
#3 /wordpress/wp-content/plugins/wpgenealogy/includes/class-wpgenealogy-activator.php(627): Illuminate\Database\Schema\Builder->enableForeignKeyConstraints()
#4 /wordpress/wp-content/plugins/wpgenealogy/includes/class-wpgenealogy-activator.php(43): WPGenealogy\WPGenealogy_Activator::create_tables()
#5 /wordpress/wp-content/plugins/wpgenealogy/wpgenealogy.php(90): WPGenealogy\WPGenealogy_Activator::activate()
#6 /wordpress/wp-includes/class-wp-hook.php(324): wpgenealogy_activate(false)
#7 /wordpress/wp-includes/class-wp-hook.php(348): WP_Hook->apply_filters(NULL, Array)
#8 /wordpress/wp-includes/plugin.php(517): WP_Hook->do_action(Array)
#9 /wordpress/wp-admin/includes/plugin.php(703): do_action('activate_wpgene...', false)
#10 /internal/eval.php(20): activate_plugin('wpgenealogy/wpg...')
#11 {main}
  thrown in /wordpress/wp-content/plugins/wpgenealogy/vendor/illuminate/database/Connection.php on line 669
[30-Jun-2025 07:35:02 UTC] PHP Notice:  Function _load_textdomain_just_in_time was called <strong>incorrectly</strong>. Translation loading for the <code>woocommerce</code> domain was triggered too early. This is usually an indicator for some code in the plugin or theme running too early. Translations should be loaded at the <code>init</code> action or later. Please see <a href="https://developer.wordpress.org/advanced-administration/debug/debug-wordpress/">Debugging in WordPress</a> for more information. (This message was added in version 6.7.0.) in /wordpress/wp-includes/functions.php on line 6121
[30-Jun-2025 07:35:43 UTC] PHP Notice:  Function _load_textdomain_just_in_time was called <strong>incorrectly</strong>. Translation loading for the <code>woocommerce</code> domain was triggered too early. This is usually an indicator for some code in the plugin or theme running too early. Translations should be loaded at the <code>init</code> action or later. Please see <a href="https://developer.wordpress.org/advanced-administration/debug/debug-wordpress/">Debugging in WordPress</a> for more information. (This message was added in version 6.7.0.) in /wordpress/wp-includes/functions.php on line 6121
[30-Jun-2025 07:36:26 UTC] PHP Notice:  Function _load_textdomain_just_in_time was called <strong>incorrectly</strong>. Translation loading for the <code>woocommerce</code> domain was triggered too early. This is usually an indicator for some code in the plugin or theme running too early. Translations should be loaded at the <code>init</code> action or later. Please see <a href="https://developer.wordpress.org/advanced-administration/debug/debug-wordpress/">Debugging in WordPress</a> for more information. (This message was added in version 6.7.0.) in /wordpress/wp-includes/functions.php on line 6121
[30-Jun-2025 07:36:44 UTC] PHP Deprecated:  Required parameter $bugs_page follows optional parameter $currency in /wordpress/wp-content/plugins/wordpress-mu-secure-invites/secure_invite.php on line 2161
[30-Jun-2025 07:36:44 UTC] PHP Deprecated:  Required parameter $bugs_page follows optional parameter $currency in /wordpress/wp-content/plugins/wordpress-mu-secure-invites/secure_invite.php on line 2219
[30-Jun-2025 07:36:45 UTC] WordPress database error <div style="clear:both">&nbsp;</div>
<div class="queries" style="clear:both;margin-bottom:2px;border:red dotted thin;">
<p>MySQL query:</p>
<p>select count(id) from wp_invitations;</p>
<p>Queries made or created this session were:</p>
<ol>
<li>Executing: BEGIN IMMEDIATE | (no parameters)</li>
<li>Executing: select count ( `id` ) from `wp_invitations` | (no parameters)</li>
<li>Executing: ROLLBACK | (no parameters)</li>
</ol>
</div>
<div style="clear:both;margin-bottom:2px;border:red dotted thin;" class="error_message" style="border-bottom:dotted blue thin;">
SQLSTATE[HY000]: General error: 1 no such table: wp_invitations
</div>
<p>Backtrace:</p>
<pre>#0 /internal/shared/sqlite-database-integration/wp-includes/sqlite-ast/class-wp-sqlite-driver.php(683): WP_SQLite_Driver->new_driver_exception('SQLSTATE[HY000]...', 'HY000', Object(PDOException))
#1 /internal/shared/sqlite-database-integration/wp-includes/sqlite/class-wp-sqlite-db.php(491): WP_SQLite_Driver->query('select count(id...')
#2 /internal/shared/sqlite-database-integration/wp-includes/sqlite/class-wp-sqlite-db.php(432): WP_SQLite_DB->_do_query('select count(id...')
#3 /wordpress/wp-includes/class-wpdb.php(3031): WP_SQLite_DB->query('select count(id...')
#4 /wordpress/wp-content/plugins/wordpress-mu-secure-invites/secure_invite.php(1647): wpdb->get_var('select count(id...')
#5 /wordpress/wp-content/plugins/wordpress-mu-secure-invites/secure_invite.php(47): secure_invite_check_table()
#6 /wordpress/wp-includes/class-wp-hook.php(324): secure_invite_activate(false)
#7 /wordpress/wp-includes/class-wp-hook.php(348): WP_Hook->apply_filters('', Array)
#8 /wordpress/wp-includes/plugin.php(517): WP_Hook->do_action(Array)
#9 /wordpress/wp-admin/includes/plugin.php(703): do_action('activate_wordpr...', false)
#10 /internal/eval.php(20): activate_plugin('wordpress-mu-se...')
#11 {main}</pre>
 for query select count(id) from wp_invitations; made by activate_plugin, do_action('activate_wordpress-mu-secure-invites/secure_invite.php'), WP_Hook->do_action, WP_Hook->apply_filters, secure_invite_activate, secure_invite_check_table, WP_SQLite_DB->query, WP_SQLite_DB->print_error
[30-Jun-2025 07:36:45 UTC] PHP Deprecated:  File upgrade-functions.php is <strong>deprecated</strong> since version 2.5.0! Use wp-admin/includes/upgrade.php instead. in /wordpress/wp-includes/functions.php on line 6121
[30-Jun-2025 07:36:46 UTC] PHP Deprecated:  Required parameter $bugs_page follows optional parameter $currency in /wordpress/wp-content/plugins/wordpress-mu-secure-invites/secure_invite.php on line 2161
[30-Jun-2025 07:36:46 UTC] PHP Deprecated:  Required parameter $bugs_page follows optional parameter $currency in /wordpress/wp-content/plugins/wordpress-mu-secure-invites/secure_invite.php on line 2219
[30-Jun-2025 07:36:54 UTC] PHP Deprecated:  Required parameter $bugs_page follows optional parameter $currency in /wordpress/wp-content/plugins/wordpress-mu-secure-invites/secure_invite.php on line 2161
[30-Jun-2025 07:36:54 UTC] PHP Deprecated:  Required parameter $bugs_page follows optional parameter $currency in /wordpress/wp-content/plugins/wordpress-mu-secure-invites/secure_invite.php on line 2219
[30-Jun-2025 07:36:54 UTC] WordPress database error <div style="clear:both">&nbsp;</div>
<div class="queries" style="clear:both;margin-bottom:2px;border:red dotted thin;">
<p>MySQL query:</p>
<p>select count(id) from wp_invitations;</p>
<p>Queries made or created this session were:</p>
<ol>
<li>Executing: BEGIN IMMEDIATE | (no parameters)</li>
<li>Executing: select count ( `id` ) from `wp_invitations` | (no parameters)</li>
<li>Executing: ROLLBACK | (no parameters)</li>
</ol>
</div>
<div style="clear:both;margin-bottom:2px;border:red dotted thin;" class="error_message" style="border-bottom:dotted blue thin;">
SQLSTATE[HY000]: General error: 1 no such table: wp_invitations
</div>
<p>Backtrace:</p>
<pre>#0 /internal/shared/sqlite-database-integration/wp-includes/sqlite-ast/class-wp-sqlite-driver.php(683): WP_SQLite_Driver->new_driver_exception('SQLSTATE[HY000]...', 'HY000', Object(PDOException))
#1 /internal/shared/sqlite-database-integration/wp-includes/sqlite/class-wp-sqlite-db.php(491): WP_SQLite_Driver->query('select count(id...')
#2 /internal/shared/sqlite-database-integration/wp-includes/sqlite/class-wp-sqlite-db.php(432): WP_SQLite_DB->_do_query('select count(id...')
#3 /wordpress/wp-includes/class-wpdb.php(3031): WP_SQLite_DB->query('select count(id...')
#4 /wordpress/wp-content/plugins/wordpress-mu-secure-invites/secure_invite.php(1647): wpdb->get_var('select count(id...')
#5 /wordpress/wp-content/plugins/wordpress-mu-secure-invites/secure_invite.php(47): secure_invite_check_table()
#6 /wordpress/wp-includes/class-wp-hook.php(324): secure_invite_activate(false)
#7 /wordpress/wp-includes/class-wp-hook.php(348): WP_Hook->apply_filters('', Array)
#8 /wordpress/wp-includes/plugin.php(517): WP_Hook->do_action(Array)
#9 /wordpress/wp-admin/includes/plugin.php(703): do_action('activate_wordpr...', false)
#10 /internal/eval.php(20): activate_plugin('wordpress-mu-se...')
#11 {main}</pre>
 for query select count(id) from wp_invitations; made by activate_plugin, do_action('activate_wordpress-mu-secure-invites/secure_invite.php'), WP_Hook->do_action, WP_Hook->apply_filters, secure_invite_activate, secure_invite_check_table, WP_SQLite_DB->query, WP_SQLite_DB->print_error
[30-Jun-2025 07:36:54 UTC] PHP Deprecated:  File upgrade-functions.php is <strong>deprecated</strong> since version 2.5.0! Use wp-admin/includes/upgrade.php instead. in /wordpress/wp-includes/functions.php on line 6121
[30-Jun-2025 07:36:55 UTC] PHP Deprecated:  Required parameter $bugs_page follows optional parameter $currency in /wordpress/wp-content/plugins/wordpress-mu-secure-invites/secure_invite.php on line 2161
[30-Jun-2025 07:36:55 UTC] PHP Deprecated:  Required parameter $bugs_page follows optional parameter $currency in /wordpress/wp-content/plugins/wordpress-mu-secure-invites/secure_invite.php on line 2219
[30-Jun-2025 07:37:04 UTC] PHP Deprecated:  Required parameter $bugs_page follows optional parameter $currency in /wordpress/wp-content/plugins/wordpress-mu-secure-invites/secure_invite.php on line 2161
[30-Jun-2025 07:37:04 UTC] PHP Deprecated:  Required parameter $bugs_page follows optional parameter $currency in /wordpress/wp-content/plugins/wordpress-mu-secure-invites/secure_invite.php on line 2219
[30-Jun-2025 07:37:04 UTC] WordPress database error <div style="clear:both">&nbsp;</div>
<div class="queries" style="clear:both;margin-bottom:2px;border:red dotted thin;">
<p>MySQL query:</p>
<p>select count(id) from wp_invitations;</p>
<p>Queries made or created this session were:</p>
<ol>
<li>Executing: BEGIN IMMEDIATE | (no parameters)</li>
<li>Executing: select count ( `id` ) from `wp_invitations` | (no parameters)</li>
<li>Executing: ROLLBACK | (no parameters)</li>
</ol>
</div>
<div style="clear:both;margin-bottom:2px;border:red dotted thin;" class="error_message" style="border-bottom:dotted blue thin;">
SQLSTATE[HY000]: General error: 1 no such table: wp_invitations
</div>
<p>Backtrace:</p>
<pre>#0 /internal/shared/sqlite-database-integration/wp-includes/sqlite-ast/class-wp-sqlite-driver.php(683): WP_SQLite_Driver->new_driver_exception('SQLSTATE[HY000]...', 'HY000', Object(PDOException))
#1 /internal/shared/sqlite-database-integration/wp-includes/sqlite/class-wp-sqlite-db.php(491): WP_SQLite_Driver->query('select count(id...')
#2 /internal/shared/sqlite-database-integration/wp-includes/sqlite/class-wp-sqlite-db.php(432): WP_SQLite_DB->_do_query('select count(id...')
#3 /wordpress/wp-includes/class-wpdb.php(3031): WP_SQLite_DB->query('select count(id...')
#4 /wordpress/wp-content/plugins/wordpress-mu-secure-invites/secure_invite.php(1647): wpdb->get_var('select count(id...')
#5 /wordpress/wp-content/plugins/wordpress-mu-secure-invites/secure_invite.php(47): secure_invite_check_table()
#6 /wordpress/wp-includes/class-wp-hook.php(324): secure_invite_activate(false)
#7 /wordpress/wp-includes/class-wp-hook.php(348): WP_Hook->apply_filters('', Array)
#8 /wordpress/wp-includes/plugin.php(517): WP_Hook->do_action(Array)
#9 /wordpress/wp-admin/includes/plugin.php(703): do_action('activate_wordpr...', false)
#10 /internal/eval.php(20): activate_plugin('wordpress-mu-se...')
#11 {main}</pre>
 for query select count(id) from wp_invitations; made by activate_plugin, do_action('activate_wordpress-mu-secure-invites/secure_invite.php'), WP_Hook->do_action, WP_Hook->apply_filters, secure_invite_activate, secure_invite_check_table, WP_SQLite_DB->query, WP_SQLite_DB->print_error
[30-Jun-2025 07:37:04 UTC] PHP Deprecated:  File upgrade-functions.php is <strong>deprecated</strong> since version 2.5.0! Use wp-admin/includes/upgrade.php instead. in /wordpress/wp-includes/functions.php on line 6121
[30-Jun-2025 07:37:05 UTC] PHP Deprecated:  Required parameter $bugs_page follows optional parameter $currency in /wordpress/wp-content/plugins/wordpress-mu-secure-invites/secure_invite.php on line 2161
[30-Jun-2025 07:37:05 UTC] PHP Deprecated:  Required parameter $bugs_page follows optional parameter $currency in /wordpress/wp-content/plugins/wordpress-mu-secure-invites/secure_invite.php on line 2219
[30-Jun-2025 07:37:57 UTC] PHP Notice:  Function _load_textdomain_just_in_time was called <strong>incorrectly</strong>. Translation loading for the <code>wp-cdnjs</code> domain was triggered too early. This is usually an indicator for some code in the plugin or theme running too early. Translations should be loaded at the <code>init</code> action or later. Please see <a href="https://developer.wordpress.org/advanced-administration/debug/debug-wordpress/">Debugging in WordPress</a> for more information. (This message was added in version 6.7.0.) in /wordpress/wp-includes/functions.php on line 6121
[30-Jun-2025 07:38:06 UTC] PHP Notice:  Function _load_textdomain_just_in_time was called <strong>incorrectly</strong>. Translation loading for the <code>wp-cdnjs</code> domain was triggered too early. This is usually an indicator for some code in the plugin or theme running too early. Translations should be loaded at the <code>init</code> action or later. Please see <a href="https://developer.wordpress.org/advanced-administration/debug/debug-wordpress/">Debugging in WordPress</a> for more information. (This message was added in version 6.7.0.) in /wordpress/wp-includes/functions.php on line 6121
[30-Jun-2025 07:38:16 UTC] PHP Notice:  Function _load_textdomain_just_in_time was called <strong>incorrectly</strong>. Translation loading for the <code>wp-cdnjs</code> domain was triggered too early. This is usually an indicator for some code in the plugin or theme running too early. Translations should be loaded at the <code>init</code> action or later. Please see <a href="https://developer.wordpress.org/advanced-administration/debug/debug-wordpress/">Debugging in WordPress</a> for more information. (This message was added in version 6.7.0.) in /wordpress/wp-includes/functions.php on line 6121
[30-Jun-2025 07:38:51 UTC] PHP Fatal error:  Uncaught Error: Call to undefined function create_function() in /wordpress/wp-content/plugins/wp-portfolio/lib/widget.inc.php:183
Stack trace:
#0 /wordpress/wp-content/plugins/wp-portfolio/wp-portfolio.php(30): include_once()
#1 /wordpress/wp-admin/includes/plugin.php(2387): include_once('/wordpress/wp-c...')
#2 /wordpress/wp-admin/includes/plugin.php(673): plugin_sandbox_scrape('wp-portfolio/wp...')
#3 /internal/eval.php(20): activate_plugin('wp-portfolio/wp...')
#4 {main}
  thrown in /wordpress/wp-content/plugins/wp-portfolio/lib/widget.inc.php on line 183
[30-Jun-2025 07:39:00 UTC] PHP Fatal error:  Uncaught Error: Call to undefined function create_function() in /wordpress/wp-content/plugins/wp-portfolio/lib/widget.inc.php:183
Stack trace:
#0 /wordpress/wp-content/plugins/wp-portfolio/wp-portfolio.php(30): include_once()
#1 /wordpress/wp-admin/includes/plugin.php(2387): include_once('/wordpress/wp-c...')
#2 /wordpress/wp-admin/includes/plugin.php(673): plugin_sandbox_scrape('wp-portfolio/wp...')
#3 /internal/eval.php(20): activate_plugin('wp-portfolio/wp...')
#4 {main}
  thrown in /wordpress/wp-content/plugins/wp-portfolio/lib/widget.inc.php on line 183
[30-Jun-2025 07:39:08 UTC] PHP Fatal error:  Uncaught Error: Call to undefined function create_function() in /wordpress/wp-content/plugins/wp-portfolio/lib/widget.inc.php:183
Stack trace:
#0 /wordpress/wp-content/plugins/wp-portfolio/wp-portfolio.php(30): include_once()
#1 /wordpress/wp-admin/includes/plugin.php(2387): include_once('/wordpress/wp-c...')
#2 /wordpress/wp-admin/includes/plugin.php(673): plugin_sandbox_scrape('wp-portfolio/wp...')
#3 /internal/eval.php(20): activate_plugin('wp-portfolio/wp...')
#4 {main}
  thrown in /wordpress/wp-content/plugins/wp-portfolio/lib/widget.inc.php on line 183
[30-Jun-2025 07:39:45 UTC] WordPress database error <div style="clear:both">&nbsp;</div>
<div class="queries" style="clear:both;margin-bottom:2px;border:red dotted thin;">
<p>MySQL query:</p>
<p>SHOW COLUMNS FROM wp_wt_dates LIKE 'custom_link'</p>
<p>Queries made or created this session were:</p>
<ol>
<li>Executing: BEGIN IMMEDIATE | (no parameters)</li>
<li>Executing: SELECT 1 FROM sqlite_temp_schema WHERE type = 'table' AND name = ? | parameters: wp_wt_dates</li>
<li>Executing: SELECT 1 FROM `_wp_sqlite_mysql_information_schema_tables` WHERE table_schema = ? AND table_name = ? | parameters: database_name_here, wp_wt_dates</li>
<li>Executing: ROLLBACK | (no parameters)</li>
</ol>
</div>
<div style="clear:both;margin-bottom:2px;border:red dotted thin;" class="error_message" style="border-bottom:dotted blue thin;">
Table 'database_name_here.wp_wt_dates' doesn't exist
</div>
<p>Backtrace:</p>
<pre>#0 /internal/shared/sqlite-database-integration/wp-includes/sqlite-ast/class-wp-sqlite-driver.php(1768): WP_SQLite_Driver->new_driver_exception('Table 'database...', '42S02')
#1 /internal/shared/sqlite-database-integration/wp-includes/sqlite-ast/class-wp-sqlite-driver.php(1473): WP_SQLite_Driver->execute_show_columns_statement(Object(WP_Parser_Node))
#2 /internal/shared/sqlite-database-integration/wp-includes/sqlite-ast/class-wp-sqlite-driver.php(928): WP_SQLite_Driver->execute_show_statement(Object(WP_Parser_Node))
#3 /internal/shared/sqlite-database-integration/wp-includes/sqlite-ast/class-wp-sqlite-driver.php(669): WP_SQLite_Driver->execute_mysql_query(Object(WP_Parser_Node))
#4 /internal/shared/sqlite-database-integration/wp-includes/sqlite/class-wp-sqlite-db.php(491): WP_SQLite_Driver->query('SHOW COLUMNS FR...')
#5 /internal/shared/sqlite-database-integration/wp-includes/sqlite/class-wp-sqlite-db.php(432): WP_SQLite_DB->_do_query('SHOW COLUMNS FR...')
#6 /wordpress/wp-includes/class-wpdb.php(3146): WP_SQLite_DB->query('SHOW COLUMNS FR...')
#7 /wordpress/wp-content/plugins/wp-travel/inc/helpers.php(4958): wpdb->get_results('SHOW COLUMNS FR...')
#8 /wordpress/wp-content/plugins/wp-travel/inc/helpers.php(4967): wt_add_custom_link_column()
#9 /wordpress/wp-content/plugins/wp-travel/wp-travel.php(417): include('/wordpress/wp-c...')
#10 /wordpress/wp-content/plugins/wp-travel/wp-travel.php(82): WP_Travel->includes()
#11 /wordpress/wp-content/plugins/wp-travel/wp-travel.php(72): WP_Travel->__construct()
#12 /wordpress/wp-content/plugins/wp-travel/wp-travel.php(995): WP_Travel::instance()
#13 /wordpress/wp-content/plugins/wp-travel/wp-travel.php(999): wptravel()
#14 /wordpress/wp-admin/includes/plugin.php(2387): include_once('/wordpress/wp-c...')
#15 /wordpress/wp-admin/includes/plugin.php(673): plugin_sandbox_scrape('wp-travel/wp-tr...')
#16 /internal/eval.php(20): activate_plugin('wp-travel/wp-tr...')
#17 {main}</pre>
 for query SHOW COLUMNS FROM wp_wt_dates LIKE 'custom_link' made by activate_plugin, plugin_sandbox_scrape, include_once('/plugins/wp-travel/wp-travel.php'), wptravel, WP_Travel::instance, WP_Travel->__construct, WP_Travel->includes, include('/plugins/wp-travel/inc/helpers.php'), wt_add_custom_link_column, WP_SQLite_DB->query, WP_SQLite_DB->print_error
[30-Jun-2025 07:39:45 UTC] WordPress database error <div style="clear:both">&nbsp;</div>
<div class="queries" style="clear:both;margin-bottom:2px;border:red dotted thin;">
<p>MySQL query:</p>
<p>ALTER TABLE wp_wt_dates ADD custom_link VARCHAR(255) DEFAULT NULL;</p>
<p>Queries made or created this session were:</p>
<ol>
<li>Executing: BEGIN IMMEDIATE | (no parameters)</li>
<li>Executing: SELECT 1 FROM sqlite_temp_schema WHERE type = 'table' AND name = ? | parameters: wp_wt_dates</li>
<li>Executing: SELECT
					COLUMN_NAME,
					LOWER(COLUMN_NAME) AS COLUMN_NAME_LOWERCASE
				FROM `_wp_sqlite_mysql_information_schema_columns` WHERE table_schema = ? AND table_name = ? | parameters: database_name_here, wp_wt_dates</li>
<li>Executing: SELECT 1 FROM sqlite_temp_schema WHERE type = 'table' AND name = ? | parameters: wp_wt_dates</li>
<li>Executing: 
				SELECT MAX(ordinal_position)
				FROM `_wp_sqlite_mysql_information_schema_columns`
				WHERE table_schema = ?
				AND table_name = ?
			 | parameters: database_name_here, wp_wt_dates</li>
<li>Executing: INSERT INTO `_wp_sqlite_mysql_information_schema_columns` (`table_schema`, `table_name`, `column_name`, `ordinal_position`, `column_default`, `is_nullable`, `data_type`, `character_maximum_length`, `character_octet_length`, `numeric_precision`, `numeric_scale`, `datetime_precision`, `character_set_name`, `collation_name`, `column_type`, `column_key`, `extra`, `privileges`, `column_comment`, `generation_expression`, `srs_id`) VALUES (?, ?, ?, ?, ?, ?, ?, ?, ?, ?, ?, ?, ?, ?, ?, ?, ?, ?, ?, ?, ?) | parameters: database_name_here, wp_wt_dates, custom_link, 1, , YES, varchar, 255, 1020, , , , utf8mb4, utf8mb4_general_ci, varchar(255), , , select,insert,update,references, , , </li>
<li>Executing: PRAGMA foreign_keys | (no parameters)</li>
<li>Executing: PRAGMA foreign_keys = OFF | (no parameters)</li>
<li>Executing: 
				SELECT *
				FROM `_wp_sqlite_mysql_information_schema_tables`
				WHERE table_type = 'BASE TABLE'
				AND table_schema = ?
				AND table_name = ?
			 | parameters: database_name_here, wp_wt_dates</li>
<li>Executing: ROLLBACK | (no parameters)</li>
</ol>
</div>
<div style="clear:both;margin-bottom:2px;border:red dotted thin;" class="error_message" style="border-bottom:dotted blue thin;">
Table 'wp_wt_dates' doesn't exist
</div>
<p>Backtrace:</p>
<pre>#0 /internal/shared/sqlite-database-integration/wp-includes/sqlite-ast/class-wp-sqlite-driver.php(3276): WP_SQLite_Driver->new_driver_exception('Table 'wp_wt_da...', '42S02')
#1 /internal/shared/sqlite-database-integration/wp-includes/sqlite-ast/class-wp-sqlite-driver.php(2859): WP_SQLite_Driver->get_sqlite_create_table_statement(false, 'wp_wt_dates', '_wp_sqlite_tmp_...')
#2 /internal/shared/sqlite-database-integration/wp-includes/sqlite-ast/class-wp-sqlite-driver.php(1380): WP_SQLite_Driver->recreate_table_from_information_schema(false, 'wp_wt_dates', Array)
#3 /internal/shared/sqlite-database-integration/wp-includes/sqlite-ast/class-wp-sqlite-driver.php(896): WP_SQLite_Driver->execute_alter_table_statement(Object(WP_Parser_Node))
#4 /internal/shared/sqlite-database-integration/wp-includes/sqlite-ast/class-wp-sqlite-driver.php(669): WP_SQLite_Driver->execute_mysql_query(Object(WP_Parser_Node))
#5 /internal/shared/sqlite-database-integration/wp-includes/sqlite/class-wp-sqlite-db.php(491): WP_SQLite_Driver->query('ALTER TABLE wp_...')
#6 /internal/shared/sqlite-database-integration/wp-includes/sqlite/class-wp-sqlite-db.php(432): WP_SQLite_DB->_do_query('ALTER TABLE wp_...')
#7 /wordpress/wp-content/plugins/wp-travel/inc/helpers.php(4963): WP_SQLite_DB->query('ALTER TABLE wp_...')
#8 /wordpress/wp-content/plugins/wp-travel/inc/helpers.php(4967): wt_add_custom_link_column()
#9 /wordpress/wp-content/plugins/wp-travel/wp-travel.php(417): include('/wordpress/wp-c...')
#10 /wordpress/wp-content/plugins/wp-travel/wp-travel.php(82): WP_Travel->includes()
#11 /wordpress/wp-content/plugins/wp-travel/wp-travel.php(72): WP_Travel->__construct()
#12 /wordpress/wp-content/plugins/wp-travel/wp-travel.php(995): WP_Travel::instance()
#13 /wordpress/wp-content/plugins/wp-travel/wp-travel.php(999): wptravel()
#14 /wordpress/wp-admin/includes/plugin.php(2387): include_once('/wordpress/wp-c...')
#15 /wordpress/wp-admin/includes/plugin.php(673): plugin_sandbox_scrape('wp-travel/wp-tr...')
#16 /internal/eval.php(20): activate_plugin('wp-travel/wp-tr...')
#17 {main}</pre>
 for query ALTER TABLE wp_wt_dates ADD custom_link VARCHAR(255) DEFAULT NULL; made by activate_plugin, plugin_sandbox_scrape, include_once('/plugins/wp-travel/wp-travel.php'), wptravel, WP_Travel::instance, WP_Travel->__construct, WP_Travel->includes, include('/plugins/wp-travel/inc/helpers.php'), wt_add_custom_link_column, WP_SQLite_DB->query, WP_SQLite_DB->print_error
[30-Jun-2025 07:39:46 UTC] PHP Deprecated:  The behavior of unparenthesized expressions containing both '.' and '+'/'-' will change in PHP 8: '+'/'-' will take a higher precedence in /wordpress/wp-content/plugins/wp-travel/inc/admin/class-admin-booking.php on line 313
[30-Jun-2025 07:39:48 UTC] WordPress database error <div style="clear:both">&nbsp;</div>
<div class="queries" style="clear:both;margin-bottom:2px;border:red dotted thin;">
<p>MySQL query:</p>
<p>ALTER TABLE wp_wt_dates ADD custom_link VARCHAR(255) DEFAULT NULL;</p>
<p>Queries made or created this session were:</p>
<ol>
<li>Executing: BEGIN IMMEDIATE | (no parameters)</li>
<li>Executing: SELECT 1 FROM sqlite_temp_schema WHERE type = 'table' AND name = ? | parameters: wp_wt_dates</li>
<li>Executing: SELECT
					COLUMN_NAME,
					LOWER(COLUMN_NAME) AS COLUMN_NAME_LOWERCASE
				FROM `_wp_sqlite_mysql_information_schema_columns` WHERE table_schema = ? AND table_name = ? | parameters: database_name_here, wp_wt_dates</li>
<li>Executing: SELECT 1 FROM sqlite_temp_schema WHERE type = 'table' AND name = ? | parameters: wp_wt_dates</li>
<li>Executing: 
				SELECT MAX(ordinal_position)
				FROM `_wp_sqlite_mysql_information_schema_columns`
				WHERE table_schema = ?
				AND table_name = ?
			 | parameters: database_name_here, wp_wt_dates</li>
<li>Executing: INSERT INTO `_wp_sqlite_mysql_information_schema_columns` (`table_schema`, `table_name`, `column_name`, `ordinal_position`, `column_default`, `is_nullable`, `data_type`, `character_maximum_length`, `character_octet_length`, `numeric_precision`, `numeric_scale`, `datetime_precision`, `character_set_name`, `collation_name`, `column_type`, `column_key`, `extra`, `privileges`, `column_comment`, `generation_expression`, `srs_id`) VALUES (?, ?, ?, ?, ?, ?, ?, ?, ?, ?, ?, ?, ?, ?, ?, ?, ?, ?, ?, ?, ?) | parameters: database_name_here, wp_wt_dates, custom_link, 15, , YES, varchar, 255, 1020, , , , utf8mb4, utf8mb4_general_ci, varchar(255), , , select,insert,update,references, , , </li>
<li>Executing: PRAGMA foreign_keys | (no parameters)</li>
<li>Executing: PRAGMA foreign_keys = OFF | (no parameters)</li>
<li>Executing: 
				SELECT *
				FROM `_wp_sqlite_mysql_information_schema_tables`
				WHERE table_type = 'BASE TABLE'
				AND table_schema = ?
				AND table_name = ?
			 | parameters: database_name_here, wp_wt_dates</li>
<li>Executing: SELECT * FROM `_wp_sqlite_mysql_information_schema_columns` WHERE table_schema = ? AND table_name = ? ORDER BY ordinal_position | parameters: database_name_here, wp_wt_dates</li>
<li>Executing: 
					SELECT *
					FROM `_wp_sqlite_mysql_information_schema_statistics`
					WHERE table_schema = ?
					AND table_name = ?
					ORDER BY
						INDEX_NAME = 'PRIMARY' DESC,
						NON_UNIQUE = '0' DESC,
						INDEX_TYPE = 'SPATIAL' DESC,
						INDEX_TYPE = 'BTREE' DESC,
						INDEX_TYPE = 'FULLTEXT' DESC,
						ROWID,
						SEQ_IN_INDEX
				 | parameters: database_name_here, wp_wt_dates</li>
<li>Executing: CREATE TABLE `_wp_sqlite_tmp_wp_wt_dates_68623f448a6d8` (
  `id` INTEGER NOT NULL PRIMARY KEY AUTOINCREMENT,
  `trip_id` INTEGER,
  `title` TEXT COLLATE NOCASE DEFAULT '',
  `custom_link` TEXT COLLATE NOCASE DEFAULT '',
  `recurring` TEXT COLLATE NOCASE DEFAULT '',
  `years` TEXT COLLATE NOCASE DEFAULT '',
  `months` TEXT COLLATE NOCASE DEFAULT '',
  `weeks` TEXT COLLATE NOCASE DEFAULT '',
  `days` TEXT COLLATE NOCASE DEFAULT '',
  `date_days` TEXT COLLATE NOCASE DEFAULT '',
  `start_date` TEXT COLLATE NOCASE,
  `end_date` TEXT COLLATE NOCASE,
  `trip_time` TEXT COLLATE NOCASE DEFAULT '',
  `pricing_ids` TEXT COLLATE NOCASE DEFAULT '',
  `custom_link` TEXT COLLATE NOCASE
) STRICT | (no parameters)</li>
<li>Executing: ROLLBACK | (no parameters)</li>
</ol>
</div>
<div style="clear:both;margin-bottom:2px;border:red dotted thin;" class="error_message" style="border-bottom:dotted blue thin;">
SQLSTATE[HY000]: General error: 1 duplicate column name: custom_link
</div>
<p>Backtrace:</p>
<pre>#0 /internal/shared/sqlite-database-integration/wp-includes/sqlite-ast/class-wp-sqlite-driver.php(683): WP_SQLite_Driver->new_driver_exception('SQLSTATE[HY000]...', 'HY000', Object(PDOException))
#1 /internal/shared/sqlite-database-integration/wp-includes/sqlite/class-wp-sqlite-db.php(491): WP_SQLite_Driver->query('ALTER TABLE wp_...')
#2 /internal/shared/sqlite-database-integration/wp-includes/sqlite/class-wp-sqlite-db.php(432): WP_SQLite_DB->_do_query('ALTER TABLE wp_...')
#3 /wordpress/wp-content/plugins/wp-travel/inc/helpers.php(4963): WP_SQLite_DB->query('ALTER TABLE wp_...')
#4 /wordpress/wp-content/plugins/wp-travel/inc/helpers.php(4967): wt_add_custom_link_column()
#5 /wordpress/wp-content/plugins/wp-travel/wp-travel.php(417): include('/wordpress/wp-c...')
#6 /wordpress/wp-content/plugins/wp-travel/wp-travel.php(82): WP_Travel->includes()
#7 /wordpress/wp-content/plugins/wp-travel/wp-travel.php(72): WP_Travel->__construct()
#8 /wordpress/wp-content/plugins/wp-travel/wp-travel.php(995): WP_Travel::instance()
#9 /wordpress/wp-content/plugins/wp-travel/wp-travel.php(999): wptravel()
#10 /wordpress/wp-settings.php(545): include_once('/wordpress/wp-c...')
#11 /wordpress/wp-config.php(102): require_once('/wordpress/wp-s...')
#12 /wordpress/wp-load.php(50): require_once('/wordpress/wp-c...')
#13 /internal/eval.php(3): require_once('/wordpress/wp-l...')
#14 {main}</pre>
 for query ALTER TABLE wp_wt_dates ADD custom_link VARCHAR(255) DEFAULT NULL; made by require_once('wp-load.php'), require_once('wp-config.php'), require_once('wp-settings.php'), include_once('/plugins/wp-travel/wp-travel.php'), wptravel, WP_Travel::instance, WP_Travel->__construct, WP_Travel->includes, include('/plugins/wp-travel/inc/helpers.php'), wt_add_custom_link_column, WP_SQLite_DB->query, WP_SQLite_DB->print_error
[30-Jun-2025 07:39:51 UTC] WordPress database error <div style="clear:both">&nbsp;</div>
<div class="queries" style="clear:both;margin-bottom:2px;border:red dotted thin;">
<p>MySQL query:</p>
<p>ALTER TABLE wp_wt_dates ADD custom_link VARCHAR(255) DEFAULT NULL;</p>
<p>Queries made or created this session were:</p>
<ol>
<li>Executing: BEGIN IMMEDIATE | (no parameters)</li>
<li>Executing: SELECT 1 FROM sqlite_temp_schema WHERE type = 'table' AND name = ? | parameters: wp_wt_dates</li>
<li>Executing: SELECT
					COLUMN_NAME,
					LOWER(COLUMN_NAME) AS COLUMN_NAME_LOWERCASE
				FROM `_wp_sqlite_mysql_information_schema_columns` WHERE table_schema = ? AND table_name = ? | parameters: database_name_here, wp_wt_dates</li>
<li>Executing: SELECT 1 FROM sqlite_temp_schema WHERE type = 'table' AND name = ? | parameters: wp_wt_dates</li>
<li>Executing: 
				SELECT MAX(ordinal_position)
				FROM `_wp_sqlite_mysql_information_schema_columns`
				WHERE table_schema = ?
				AND table_name = ?
			 | parameters: database_name_here, wp_wt_dates</li>
<li>Executing: INSERT INTO `_wp_sqlite_mysql_information_schema_columns` (`table_schema`, `table_name`, `column_name`, `ordinal_position`, `column_default`, `is_nullable`, `data_type`, `character_maximum_length`, `character_octet_length`, `numeric_precision`, `numeric_scale`, `datetime_precision`, `character_set_name`, `collation_name`, `column_type`, `column_key`, `extra`, `privileges`, `column_comment`, `generation_expression`, `srs_id`) VALUES (?, ?, ?, ?, ?, ?, ?, ?, ?, ?, ?, ?, ?, ?, ?, ?, ?, ?, ?, ?, ?) | parameters: database_name_here, wp_wt_dates, custom_link, 15, , YES, varchar, 255, 1020, , , , utf8mb4, utf8mb4_general_ci, varchar(255), , , select,insert,update,references, , , </li>
<li>Executing: PRAGMA foreign_keys | (no parameters)</li>
<li>Executing: PRAGMA foreign_keys = OFF | (no parameters)</li>
<li>Executing: 
				SELECT *
				FROM `_wp_sqlite_mysql_information_schema_tables`
				WHERE table_type = 'BASE TABLE'
				AND table_schema = ?
				AND table_name = ?
			 | parameters: database_name_here, wp_wt_dates</li>
<li>Executing: SELECT * FROM `_wp_sqlite_mysql_information_schema_columns` WHERE table_schema = ? AND table_name = ? ORDER BY ordinal_position | parameters: database_name_here, wp_wt_dates</li>
<li>Executing: 
					SELECT *
					FROM `_wp_sqlite_mysql_information_schema_statistics`
					WHERE table_schema = ?
					AND table_name = ?
					ORDER BY
						INDEX_NAME = 'PRIMARY' DESC,
						NON_UNIQUE = '0' DESC,
						INDEX_TYPE = 'SPATIAL' DESC,
						INDEX_TYPE = 'BTREE' DESC,
						INDEX_TYPE = 'FULLTEXT' DESC,
						ROWID,
						SEQ_IN_INDEX
				 | parameters: database_name_here, wp_wt_dates</li>
<li>Executing: CREATE TABLE `_wp_sqlite_tmp_wp_wt_dates_68623f4755730` (
  `id` INTEGER NOT NULL PRIMARY KEY AUTOINCREMENT,
  `trip_id` INTEGER,
  `title` TEXT COLLATE NOCASE DEFAULT '',
  `custom_link` TEXT COLLATE NOCASE DEFAULT '',
  `recurring` TEXT COLLATE NOCASE DEFAULT '',
  `years` TEXT COLLATE NOCASE DEFAULT '',
  `months` TEXT COLLATE NOCASE DEFAULT '',
  `weeks` TEXT COLLATE NOCASE DEFAULT '',
  `days` TEXT COLLATE NOCASE DEFAULT '',
  `date_days` TEXT COLLATE NOCASE DEFAULT '',
  `start_date` TEXT COLLATE NOCASE,
  `end_date` TEXT COLLATE NOCASE,
  `trip_time` TEXT COLLATE NOCASE DEFAULT '',
  `pricing_ids` TEXT COLLATE NOCASE DEFAULT '',
  `custom_link` TEXT COLLATE NOCASE
) STRICT | (no parameters)</li>
<li>Executing: ROLLBACK | (no parameters)</li>
</ol>
</div>
<div style="clear:both;margin-bottom:2px;border:red dotted thin;" class="error_message" style="border-bottom:dotted blue thin;">
SQLSTATE[HY000]: General error: 1 duplicate column name: custom_link
</div>
<p>Backtrace:</p>
<pre>#0 /internal/shared/sqlite-database-integration/wp-includes/sqlite-ast/class-wp-sqlite-driver.php(683): WP_SQLite_Driver->new_driver_exception('SQLSTATE[HY000]...', 'HY000', Object(PDOException))
#1 /internal/shared/sqlite-database-integration/wp-includes/sqlite/class-wp-sqlite-db.php(491): WP_SQLite_Driver->query('ALTER TABLE wp_...')
#2 /internal/shared/sqlite-database-integration/wp-includes/sqlite/class-wp-sqlite-db.php(432): WP_SQLite_DB->_do_query('ALTER TABLE wp_...')
#3 /wordpress/wp-content/plugins/wp-travel/inc/helpers.php(4963): WP_SQLite_DB->query('ALTER TABLE wp_...')
#4 /wordpress/wp-content/plugins/wp-travel/inc/helpers.php(4967): wt_add_custom_link_column()
#5 /wordpress/wp-content/plugins/wp-travel/wp-travel.php(417): include('/wordpress/wp-c...')
#6 /wordpress/wp-content/plugins/wp-travel/wp-travel.php(82): WP_Travel->includes()
#7 /wordpress/wp-content/plugins/wp-travel/wp-travel.php(72): WP_Travel->__construct()
#8 /wordpress/wp-content/plugins/wp-travel/wp-travel.php(995): WP_Travel::instance()
#9 /wordpress/wp-content/plugins/wp-travel/wp-travel.php(999): wptravel()
#10 /wordpress/wp-settings.php(545): include_once('/wordpress/wp-c...')
#11 /wordpress/wp-config.php(102): require_once('/wordpress/wp-s...')
#12 /wordpress/wp-load.php(50): require_once('/wordpress/wp-c...')
#13 /internal/eval.php(3): require_once('/wordpress/wp-l...')
#14 {main}</pre>
 for query ALTER TABLE wp_wt_dates ADD custom_link VARCHAR(255) DEFAULT NULL; made by require_once('wp-load.php'), require_once('wp-config.php'), require_once('wp-settings.php'), include_once('/plugins/wp-travel/wp-travel.php'), wptravel, WP_Travel::instance, WP_Travel->__construct, WP_Travel->includes, include('/plugins/wp-travel/inc/helpers.php'), wt_add_custom_link_column, WP_SQLite_DB->query, WP_SQLite_DB->print_error
[30-Jun-2025 07:39:51 UTC] PHP Deprecated:  The behavior of unparenthesized expressions containing both '.' and '+'/'-' will change in PHP 8: '+'/'-' will take a higher precedence in /wordpress/wp-content/plugins/wp-travel/inc/admin/class-admin-booking.php on line 313
[30-Jun-2025 07:39:53 UTC] WordPress database error <div style="clear:both">&nbsp;</div>
<div class="queries" style="clear:both;margin-bottom:2px;border:red dotted thin;">
<p>MySQL query:</p>
<p>ALTER TABLE wp_wt_dates ADD custom_link VARCHAR(255) DEFAULT NULL;</p>
<p>Queries made or created this session were:</p>
<ol>
<li>Executing: BEGIN IMMEDIATE | (no parameters)</li>
<li>Executing: SELECT 1 FROM sqlite_temp_schema WHERE type = 'table' AND name = ? | parameters: wp_wt_dates</li>
<li>Executing: SELECT
					COLUMN_NAME,
					LOWER(COLUMN_NAME) AS COLUMN_NAME_LOWERCASE
				FROM `_wp_sqlite_mysql_information_schema_columns` WHERE table_schema = ? AND table_name = ? | parameters: database_name_here, wp_wt_dates</li>
<li>Executing: SELECT 1 FROM sqlite_temp_schema WHERE type = 'table' AND name = ? | parameters: wp_wt_dates</li>
<li>Executing: 
				SELECT MAX(ordinal_position)
				FROM `_wp_sqlite_mysql_information_schema_columns`
				WHERE table_schema = ?
				AND table_name = ?
			 | parameters: database_name_here, wp_wt_dates</li>
<li>Executing: INSERT INTO `_wp_sqlite_mysql_information_schema_columns` (`table_schema`, `table_name`, `column_name`, `ordinal_position`, `column_default`, `is_nullable`, `data_type`, `character_maximum_length`, `character_octet_length`, `numeric_precision`, `numeric_scale`, `datetime_precision`, `character_set_name`, `collation_name`, `column_type`, `column_key`, `extra`, `privileges`, `column_comment`, `generation_expression`, `srs_id`) VALUES (?, ?, ?, ?, ?, ?, ?, ?, ?, ?, ?, ?, ?, ?, ?, ?, ?, ?, ?, ?, ?) | parameters: database_name_here, wp_wt_dates, custom_link, 15, , YES, varchar, 255, 1020, , , , utf8mb4, utf8mb4_general_ci, varchar(255), , , select,insert,update,references, , , </li>
<li>Executing: PRAGMA foreign_keys | (no parameters)</li>
<li>Executing: PRAGMA foreign_keys = OFF | (no parameters)</li>
<li>Executing: 
				SELECT *
				FROM `_wp_sqlite_mysql_information_schema_tables`
				WHERE table_type = 'BASE TABLE'
				AND table_schema = ?
				AND table_name = ?
			 | parameters: database_name_here, wp_wt_dates</li>
<li>Executing: SELECT * FROM `_wp_sqlite_mysql_information_schema_columns` WHERE table_schema = ? AND table_name = ? ORDER BY ordinal_position | parameters: database_name_here, wp_wt_dates</li>
<li>Executing: 
					SELECT *
					FROM `_wp_sqlite_mysql_information_schema_statistics`
					WHERE table_schema = ?
					AND table_name = ?
					ORDER BY
						INDEX_NAME = 'PRIMARY' DESC,
						NON_UNIQUE = '0' DESC,
						INDEX_TYPE = 'SPATIAL' DESC,
						INDEX_TYPE = 'BTREE' DESC,
						INDEX_TYPE = 'FULLTEXT' DESC,
						ROWID,
						SEQ_IN_INDEX
				 | parameters: database_name_here, wp_wt_dates</li>
<li>Executing: CREATE TABLE `_wp_sqlite_tmp_wp_wt_dates_68623f490f230` (
  `id` INTEGER NOT NULL PRIMARY KEY AUTOINCREMENT,
  `trip_id` INTEGER,
  `title` TEXT COLLATE NOCASE DEFAULT '',
  `custom_link` TEXT COLLATE NOCASE DEFAULT '',
  `recurring` TEXT COLLATE NOCASE DEFAULT '',
  `years` TEXT COLLATE NOCASE DEFAULT '',
  `months` TEXT COLLATE NOCASE DEFAULT '',
  `weeks` TEXT COLLATE NOCASE DEFAULT '',
  `days` TEXT COLLATE NOCASE DEFAULT '',
  `date_days` TEXT COLLATE NOCASE DEFAULT '',
  `start_date` TEXT COLLATE NOCASE,
  `end_date` TEXT COLLATE NOCASE,
  `trip_time` TEXT COLLATE NOCASE DEFAULT '',
  `pricing_ids` TEXT COLLATE NOCASE DEFAULT '',
  `custom_link` TEXT COLLATE NOCASE
) STRICT | (no parameters)</li>
<li>Executing: ROLLBACK | (no parameters)</li>
</ol>
</div>
<div style="clear:both;margin-bottom:2px;border:red dotted thin;" class="error_message" style="border-bottom:dotted blue thin;">
SQLSTATE[HY000]: General error: 1 duplicate column name: custom_link
</div>
<p>Backtrace:</p>
<pre>#0 /internal/shared/sqlite-database-integration/wp-includes/sqlite-ast/class-wp-sqlite-driver.php(683): WP_SQLite_Driver->new_driver_exception('SQLSTATE[HY000]...', 'HY000', Object(PDOException))
#1 /internal/shared/sqlite-database-integration/wp-includes/sqlite/class-wp-sqlite-db.php(491): WP_SQLite_Driver->query('ALTER TABLE wp_...')
#2 /internal/shared/sqlite-database-integration/wp-includes/sqlite/class-wp-sqlite-db.php(432): WP_SQLite_DB->_do_query('ALTER TABLE wp_...')
#3 /wordpress/wp-content/plugins/wp-travel/inc/helpers.php(4963): WP_SQLite_DB->query('ALTER TABLE wp_...')
#4 /wordpress/wp-content/plugins/wp-travel/inc/helpers.php(4967): wt_add_custom
