[
{"message":"file:///home/runner/work/playground-tester/playground-tester/node_modules/@wp-playground/cli/run-cli-j-geJYS3.js:325\n        throw new Error($, { cause: h });\n              ^\n","level":"FATAL","type":"PLAYGROUND","test":"ast-sqlite-boot","plugin":"bitscan","details":"file:///home/runner/work/playground-tester/playground-tester/node_modules/@wp-playground/cli/run-cli-j-geJYS3.js:325\n        throw new Error($, { cause: h });\n              ^\n","log":"/tmp/tmp.LWO6Zeacwe"}
,
{"message":"Uncaught Error: Call to undefined function create_function() in /wordpress/wp-content/plugins/belgo-meteo/belgometeo.php:181","level":"FATAL","type":"PHP","test":"ast-sqlite-boot","plugin":"bitscan","details":"[13-Jun-2025 14:30:58 UTC] PHP Fatal error:  Uncaught Error: Call to undefined function create_function() in /wordpress/wp-content/plugins/belgo-meteo/belgometeo.php:181\nStack trace:\n#0 /wordpress/wp-admin/includes/plugin.php(2387): include_once()\n#1 /wordpress/wp-admin/includes/plugin.php(673): plugin_sandbox_scrape('belgo-meteo/bel...')\n#2 /internal/eval.php(20): activate_plugin('belgo-meteo/bel...')\n#3 {main}\n  thrown in /wordpress/wp-content/plugins/belgo-meteo/belgometeo.php on line 181","log":"/logs/plugins/b/bitscan/error.json"}
,
{"message":"Uncaught Error: Call to undefined function create_function() in /wordpress/wp-content/plugins/belgo-meteo/belgometeo.php:181","level":"FATAL","type":"PHP","test":"ast-sqlite-boot","plugin":"bitscan","details":"[13-Jun-2025 14:31:05 UTC] PHP Fatal error:  Uncaught Error: Call to undefined function create_function() in /wordpress/wp-content/plugins/belgo-meteo/belgometeo.php:181\nStack trace:\n#0 /wordpress/wp-admin/includes/plugin.php(2387): include_once()\n#1 /wordpress/wp-admin/includes/plugin.php(673): plugin_sandbox_scrape('belgo-meteo/bel...')\n#2 /internal/eval.php(20): activate_plugin('belgo-meteo/bel...')\n#3 {main}\n  thrown in /wordpress/wp-content/plugins/belgo-meteo/belgometeo.php on line 181","log":"/logs/plugins/b/bitscan/error.json"}
,
{"message":"Uncaught Error: Call to undefined function create_function() in /wordpress/wp-content/plugins/belgo-meteo/belgometeo.php:181","level":"FATAL","type":"PHP","test":"ast-sqlite-boot","plugin":"bitscan","details":"[13-Jun-2025 14:31:13 UTC] PHP Fatal error:  Uncaught Error: Call to undefined function create_function() in /wordpress/wp-content/plugins/belgo-meteo/belgometeo.php:181\nStack trace:\n#0 /wordpress/wp-admin/includes/plugin.php(2387): include_once()\n#1 /wordpress/wp-admin/includes/plugin.php(673): plugin_sandbox_scrape('belgo-meteo/bel...')\n#2 /internal/eval.php(20): activate_plugin('belgo-meteo/bel...')\n#3 {main}\n  thrown in /wordpress/wp-content/plugins/belgo-meteo/belgometeo.php on line 181","log":"/logs/plugins/b/bitscan/error.json"}
,
{"message":"Function add_option was called with an argument that is <strong>deprecated</strong> since version 2.3.0 with no alternative available. in /wordpress/wp-includes/functions.php on line 6121","level":"DEPRECATED","type":"PHP","test":"ast-sqlite-boot","plugin":"bitscan","details":"[13-Jun-2025 14:31:22 UTC] PHP Deprecated:  Function add_option was called with an argument that is <strong>deprecated</strong> since version 2.3.0 with no alternative available. in /wordpress/wp-includes/functions.php on line 6121","log":"/logs/plugins/b/bitscan/error.json"}
,
{"message":"Function add_option was called with an argument that is <strong>deprecated</strong> since version 2.3.0 with no alternative available. in /wordpress/wp-includes/functions.php on line 6121","level":"DEPRECATED","type":"PHP","test":"ast-sqlite-boot","plugin":"bitscan","details":"[13-Jun-2025 14:31:31 UTC] PHP Deprecated:  Function add_option was called with an argument that is <strong>deprecated</strong> since version 2.3.0 with no alternative available. in /wordpress/wp-includes/functions.php on line 6121","log":"/logs/plugins/b/bitscan/error.json"}
,
{"message":"Function add_option was called with an argument that is <strong>deprecated</strong> since version 2.3.0 with no alternative available. in /wordpress/wp-includes/functions.php on line 6121","level":"DEPRECATED","type":"PHP","test":"ast-sqlite-boot","plugin":"bitscan","details":"[13-Jun-2025 14:31:41 UTC] PHP Deprecated:  Function add_option was called with an argument that is <strong>deprecated</strong> since version 2.3.0 with no alternative available. in /wordpress/wp-includes/functions.php on line 6121","log":"/logs/plugins/b/bitscan/error.json"}
,
{"message":"Undefined variable $wp_bongolive_db_version in /wordpress/wp-content/plugins/bongolive-sms/bongolive-sms.php on line 177","level":"WARNING","type":"PHP","test":"ast-sqlite-boot","plugin":"bitscan","details":"[13-Jun-2025 14:32:22 UTC] PHP Warning:  Undefined variable $wp_bongolive_db_version in /wordpress/wp-content/plugins/bongolive-sms/bongolive-sms.php on line 177","log":"/logs/plugins/b/bitscan/error.json"}
,
{"message":"Function _load_textdomain_just_in_time was called <strong>incorrectly</strong>. Translation loading for the <code>bongolive-sms</code> domain was triggered too early. This is usually an indicator for some code in the plugin or theme running too early. Translations should be loaded at the <code>init</code> action or later. Please see <a href=\"https://developer.wordpress.org/advanced-administration/debug/debug-wordpress/\">Debugging in WordPress</a> for more information. (This message was added in version 6.7.0.) in /wordpress/wp-includes/functions.php on line 6121","level":"NOTICE","type":"PHP","test":"ast-sqlite-boot","plugin":"bitscan","details":"[13-Jun-2025 14:32:23 UTC] PHP Notice:  Function _load_textdomain_just_in_time was called <strong>incorrectly</strong>. Translation loading for the <code>bongolive-sms</code> domain was triggered too early. This is usually an indicator for some code in the plugin or theme running too early. Translations should be loaded at the <code>init</code> action or later. Please see <a href=\"https://developer.wordpress.org/advanced-administration/debug/debug-wordpress/\">Debugging in WordPress</a> for more information. (This message was added in version 6.7.0.) in /wordpress/wp-includes/functions.php on line 6121","log":"/logs/plugins/b/bitscan/error.json"}
,
{"message":"Undefined variable $wp_bongolive_db_version in /wordpress/wp-content/plugins/bongolive-sms/bongolive-sms.php on line 177","level":"WARNING","type":"PHP","test":"ast-sqlite-boot","plugin":"bitscan","details":"[13-Jun-2025 14:32:32 UTC] PHP Warning:  Undefined variable $wp_bongolive_db_version in /wordpress/wp-content/plugins/bongolive-sms/bongolive-sms.php on line 177","log":"/logs/plugins/b/bitscan/error.json"}
,
{"message":"Function _load_textdomain_just_in_time was called <strong>incorrectly</strong>. Translation loading for the <code>bongolive-sms</code> domain was triggered too early. This is usually an indicator for some code in the plugin or theme running too early. Translations should be loaded at the <code>init</code> action or later. Please see <a href=\"https://developer.wordpress.org/advanced-administration/debug/debug-wordpress/\">Debugging in WordPress</a> for more information. (This message was added in version 6.7.0.) in /wordpress/wp-includes/functions.php on line 6121","level":"NOTICE","type":"PHP","test":"ast-sqlite-boot","plugin":"bitscan","details":"[13-Jun-2025 14:32:33 UTC] PHP Notice:  Function _load_textdomain_just_in_time was called <strong>incorrectly</strong>. Translation loading for the <code>bongolive-sms</code> domain was triggered too early. This is usually an indicator for some code in the plugin or theme running too early. Translations should be loaded at the <code>init</code> action or later. Please see <a href=\"https://developer.wordpress.org/advanced-administration/debug/debug-wordpress/\">Debugging in WordPress</a> for more information. (This message was added in version 6.7.0.) in /wordpress/wp-includes/functions.php on line 6121","log":"/logs/plugins/b/bitscan/error.json"}
,
{"message":"Undefined variable $wp_bongolive_db_version in /wordpress/wp-content/plugins/bongolive-sms/bongolive-sms.php on line 177","level":"WARNING","type":"PHP","test":"ast-sqlite-boot","plugin":"bitscan","details":"[13-Jun-2025 14:32:41 UTC] PHP Warning:  Undefined variable $wp_bongolive_db_version in /wordpress/wp-content/plugins/bongolive-sms/bongolive-sms.php on line 177","log":"/logs/plugins/b/bitscan/error.json"}
,
{"message":"Function _load_textdomain_just_in_time was called <strong>incorrectly</strong>. Translation loading for the <code>bongolive-sms</code> domain was triggered too early. This is usually an indicator for some code in the plugin or theme running too early. Translations should be loaded at the <code>init</code> action or later. Please see <a href=\"https://developer.wordpress.org/advanced-administration/debug/debug-wordpress/\">Debugging in WordPress</a> for more information. (This message was added in version 6.7.0.) in /wordpress/wp-includes/functions.php on line 6121","level":"NOTICE","type":"PHP","test":"ast-sqlite-boot","plugin":"bitscan","details":"[13-Jun-2025 14:32:42 UTC] PHP Notice:  Function _load_textdomain_just_in_time was called <strong>incorrectly</strong>. Translation loading for the <code>bongolive-sms</code> domain was triggered too early. This is usually an indicator for some code in the plugin or theme running too early. Translations should be loaded at the <code>init</code> action or later. Please see <a href=\"https://developer.wordpress.org/advanced-administration/debug/debug-wordpress/\">Debugging in WordPress</a> for more information. (This message was added in version 6.7.0.) in /wordpress/wp-includes/functions.php on line 6121","log":"/logs/plugins/b/bitscan/error.json"}
,
{"message":"filemtime(): stat failed for /wordpress/wp-content/plugins/book-block/build/index.css in /wordpress/wp-content/plugins/book-block/book-block.php on line 44","level":"WARNING","type":"PHP","test":"ast-sqlite-boot","plugin":"bitscan","details":"[13-Jun-2025 14:32:52 UTC] PHP Warning:  filemtime(): stat failed for /wordpress/wp-content/plugins/book-block/build/index.css in /wordpress/wp-content/plugins/book-block/book-block.php on line 44","log":"/logs/plugins/b/bitscan/error.json"}
,
{"message":"filemtime(): stat failed for /wordpress/wp-content/plugins/book-block/build/style-index.css in /wordpress/wp-content/plugins/book-block/book-block.php on line 52","level":"WARNING","type":"PHP","test":"ast-sqlite-boot","plugin":"bitscan","details":"[13-Jun-2025 14:32:52 UTC] PHP Warning:  filemtime(): stat failed for /wordpress/wp-content/plugins/book-block/build/style-index.css in /wordpress/wp-content/plugins/book-block/book-block.php on line 52","log":"/logs/plugins/b/bitscan/error.json"}
,
{"message":"filemtime(): stat failed for /wordpress/wp-content/plugins/book-block/build/index.css in /wordpress/wp-content/plugins/book-block/book-block.php on line 44","level":"WARNING","type":"PHP","test":"ast-sqlite-boot","plugin":"bitscan","details":"[13-Jun-2025 14:33:01 UTC] PHP Warning:  filemtime(): stat failed for /wordpress/wp-content/plugins/book-block/build/index.css in /wordpress/wp-content/plugins/book-block/book-block.php on line 44","log":"/logs/plugins/b/bitscan/error.json"}
,
{"message":"filemtime(): stat failed for /wordpress/wp-content/plugins/book-block/build/style-index.css in /wordpress/wp-content/plugins/book-block/book-block.php on line 52","level":"WARNING","type":"PHP","test":"ast-sqlite-boot","plugin":"bitscan","details":"[13-Jun-2025 14:33:01 UTC] PHP Warning:  filemtime(): stat failed for /wordpress/wp-content/plugins/book-block/build/style-index.css in /wordpress/wp-content/plugins/book-block/book-block.php on line 52","log":"/logs/plugins/b/bitscan/error.json"}
,
{"message":"filemtime(): stat failed for /wordpress/wp-content/plugins/book-block/build/index.css in /wordpress/wp-content/plugins/book-block/book-block.php on line 44","level":"WARNING","type":"PHP","test":"ast-sqlite-boot","plugin":"bitscan","details":"[13-Jun-2025 14:33:11 UTC] PHP Warning:  filemtime(): stat failed for /wordpress/wp-content/plugins/book-block/build/index.css in /wordpress/wp-content/plugins/book-block/book-block.php on line 44","log":"/logs/plugins/b/bitscan/error.json"}
,
{"message":"filemtime(): stat failed for /wordpress/wp-content/plugins/book-block/build/style-index.css in /wordpress/wp-content/plugins/book-block/book-block.php on line 52","level":"WARNING","type":"PHP","test":"ast-sqlite-boot","plugin":"bitscan","details":"[13-Jun-2025 14:33:11 UTC] PHP Warning:  filemtime(): stat failed for /wordpress/wp-content/plugins/book-block/build/style-index.css in /wordpress/wp-content/plugins/book-block/book-block.php on line 52","log":"/logs/plugins/b/bitscan/error.json"}
,
{"message":"Undefined array key \"click_register\" in /wordpress/wp-content/plugins/bookable-events/bookable_events.php on line 53","level":"WARNING","type":"PHP","test":"ast-sqlite-boot","plugin":"bitscan","details":"[13-Jun-2025 14:33:20 UTC] PHP Warning:  Undefined array key \"click_register\" in /wordpress/wp-content/plugins/bookable-events/bookable_events.php on line 53","log":"/logs/plugins/b/bitscan/error.json"}
,
{"message":"Undefined array key \"click_unregister\" in /wordpress/wp-content/plugins/bookable-events/bookable_events.php on line 54","level":"WARNING","type":"PHP","test":"ast-sqlite-boot","plugin":"bitscan","details":"[13-Jun-2025 14:33:20 UTC] PHP Warning:  Undefined array key \"click_unregister\" in /wordpress/wp-content/plugins/bookable-events/bookable_events.php on line 54","log":"/logs/plugins/b/bitscan/error.json"}
,
{"message":"Undefined array key \"p\" in /wordpress/wp-content/plugins/bookable-events/bookable_events.php on line 56","level":"WARNING","type":"PHP","test":"ast-sqlite-boot","plugin":"bitscan","details":"[13-Jun-2025 14:33:20 UTC] PHP Warning:  Undefined array key \"p\" in /wordpress/wp-content/plugins/bookable-events/bookable_events.php on line 56","log":"/logs/plugins/b/bitscan/error.json"}
,
{"message":"Undefined array key \"click_viewlist\" in /wordpress/wp-content/plugins/bookable-events/bookable_events.php on line 57","level":"WARNING","type":"PHP","test":"ast-sqlite-boot","plugin":"bitscan","details":"[13-Jun-2025 14:33:20 UTC] PHP Warning:  Undefined array key \"click_viewlist\" in /wordpress/wp-content/plugins/bookable-events/bookable_events.php on line 57","log":"/logs/plugins/b/bitscan/error.json"}
,
{"message":"Function load_plugin_textdomain was called with an argument that is <strong>deprecated</strong> since version 2.7.0 with no alternative available. in /wordpress/wp-includes/functions.php on line 6121","level":"DEPRECATED","type":"PHP","test":"ast-sqlite-boot","plugin":"bitscan","details":"[13-Jun-2025 14:33:20 UTC] PHP Deprecated:  Function load_plugin_textdomain was called with an argument that is <strong>deprecated</strong> since version 2.7.0 with no alternative available. in /wordpress/wp-includes/functions.php on line 6121","log":"/logs/plugins/b/bitscan/error.json"}
,
{"message":"Undefined array key \"click_register\" in /wordpress/wp-content/plugins/bookable-events/bookable_events.php on line 53","level":"WARNING","type":"PHP","test":"ast-sqlite-boot","plugin":"bitscan","details":"[13-Jun-2025 14:33:21 UTC] PHP Warning:  Undefined array key \"click_register\" in /wordpress/wp-content/plugins/bookable-events/bookable_events.php on line 53","log":"/logs/plugins/b/bitscan/error.json"}
,
{"message":"Undefined array key \"click_unregister\" in /wordpress/wp-content/plugins/bookable-events/bookable_events.php on line 54","level":"WARNING","type":"PHP","test":"ast-sqlite-boot","plugin":"bitscan","details":"[13-Jun-2025 14:33:21 UTC] PHP Warning:  Undefined array key \"click_unregister\" in /wordpress/wp-content/plugins/bookable-events/bookable_events.php on line 54","log":"/logs/plugins/b/bitscan/error.json"}
,
{"message":"Undefined array key \"p\" in /wordpress/wp-content/plugins/bookable-events/bookable_events.php on line 56","level":"WARNING","type":"PHP","test":"ast-sqlite-boot","plugin":"bitscan","details":"[13-Jun-2025 14:33:21 UTC] PHP Warning:  Undefined array key \"p\" in /wordpress/wp-content/plugins/bookable-events/bookable_events.php on line 56","log":"/logs/plugins/b/bitscan/error.json"}
,
{"message":"Undefined array key \"click_viewlist\" in /wordpress/wp-content/plugins/bookable-events/bookable_events.php on line 57","level":"WARNING","type":"PHP","test":"ast-sqlite-boot","plugin":"bitscan","details":"[13-Jun-2025 14:33:21 UTC] PHP Warning:  Undefined array key \"click_viewlist\" in /wordpress/wp-content/plugins/bookable-events/bookable_events.php on line 57","log":"/logs/plugins/b/bitscan/error.json"}
,
{"message":"Function load_plugin_textdomain was called with an argument that is <strong>deprecated</strong> since version 2.7.0 with no alternative available. in /wordpress/wp-includes/functions.php on line 6121","level":"DEPRECATED","type":"PHP","test":"ast-sqlite-boot","plugin":"bitscan","details":"[13-Jun-2025 14:33:21 UTC] PHP Deprecated:  Function load_plugin_textdomain was called with an argument that is <strong>deprecated</strong> since version 2.7.0 with no alternative available. in /wordpress/wp-includes/functions.php on line 6121","log":"/logs/plugins/b/bitscan/error.json"}
,
{"message":"Function register_sidebar_widget is <strong>deprecated</strong> since version 2.8.0! Use wp_register_sidebar_widget() instead. in /wordpress/wp-includes/functions.php on line 6121","level":"DEPRECATED","type":"PHP","test":"ast-sqlite-boot","plugin":"bitscan","details":"[13-Jun-2025 14:33:21 UTC] PHP Deprecated:  Function register_sidebar_widget is <strong>deprecated</strong> since version 2.8.0! Use wp_register_sidebar_widget() instead. in /wordpress/wp-includes/functions.php on line 6121","log":"/logs/plugins/b/bitscan/error.json"}
,
{"message":"Function register_widget_control is <strong>deprecated</strong> since version 2.8.0! Use wp_register_widget_control() instead. in /wordpress/wp-includes/functions.php on line 6121","level":"DEPRECATED","type":"PHP","test":"ast-sqlite-boot","plugin":"bitscan","details":"[13-Jun-2025 14:33:21 UTC] PHP Deprecated:  Function register_widget_control is <strong>deprecated</strong> since version 2.8.0! Use wp_register_widget_control() instead. in /wordpress/wp-includes/functions.php on line 6121","log":"/logs/plugins/b/bitscan/error.json"}
,
{"message":"Undefined array key \"click_register\" in /wordpress/wp-content/plugins/bookable-events/bookable_events.php on line 53","level":"WARNING","type":"PHP","test":"ast-sqlite-boot","plugin":"bitscan","details":"[13-Jun-2025 14:33:29 UTC] PHP Warning:  Undefined array key \"click_register\" in /wordpress/wp-content/plugins/bookable-events/bookable_events.php on line 53","log":"/logs/plugins/b/bitscan/error.json"}
,
{"message":"Undefined array key \"click_unregister\" in /wordpress/wp-content/plugins/bookable-events/bookable_events.php on line 54","level":"WARNING","type":"PHP","test":"ast-sqlite-boot","plugin":"bitscan","details":"[13-Jun-2025 14:33:29 UTC] PHP Warning:  Undefined array key \"click_unregister\" in /wordpress/wp-content/plugins/bookable-events/bookable_events.php on line 54","log":"/logs/plugins/b/bitscan/error.json"}
,
{"message":"Undefined array key \"p\" in /wordpress/wp-content/plugins/bookable-events/bookable_events.php on line 56","level":"WARNING","type":"PHP","test":"ast-sqlite-boot","plugin":"bitscan","details":"[13-Jun-2025 14:33:29 UTC] PHP Warning:  Undefined array key \"p\" in /wordpress/wp-content/plugins/bookable-events/bookable_events.php on line 56","log":"/logs/plugins/b/bitscan/error.json"}
,
{"message":"Undefined array key \"click_viewlist\" in /wordpress/wp-content/plugins/bookable-events/bookable_events.php on line 57","level":"WARNING","type":"PHP","test":"ast-sqlite-boot","plugin":"bitscan","details":"[13-Jun-2025 14:33:29 UTC] PHP Warning:  Undefined array key \"click_viewlist\" in /wordpress/wp-content/plugins/bookable-events/bookable_events.php on line 57","log":"/logs/plugins/b/bitscan/error.json"}
,
{"message":"Function load_plugin_textdomain was called with an argument that is <strong>deprecated</strong> since version 2.7.0 with no alternative available. in /wordpress/wp-includes/functions.php on line 6121","level":"DEPRECATED","type":"PHP","test":"ast-sqlite-boot","plugin":"bitscan","details":"[13-Jun-2025 14:33:29 UTC] PHP Deprecated:  Function load_plugin_textdomain was called with an argument that is <strong>deprecated</strong> since version 2.7.0 with no alternative available. in /wordpress/wp-includes/functions.php on line 6121","log":"/logs/plugins/b/bitscan/error.json"}
,
{"message":"Undefined array key \"click_register\" in /wordpress/wp-content/plugins/bookable-events/bookable_events.php on line 53","level":"WARNING","type":"PHP","test":"ast-sqlite-boot","plugin":"bitscan","details":"[13-Jun-2025 14:33:30 UTC] PHP Warning:  Undefined array key \"click_register\" in /wordpress/wp-content/plugins/bookable-events/bookable_events.php on line 53","log":"/logs/plugins/b/bitscan/error.json"}
,
{"message":"Undefined array key \"click_unregister\" in /wordpress/wp-content/plugins/bookable-events/bookable_events.php on line 54","level":"WARNING","type":"PHP","test":"ast-sqlite-boot","plugin":"bitscan","details":"[13-Jun-2025 14:33:30 UTC] PHP Warning:  Undefined array key \"click_unregister\" in /wordpress/wp-content/plugins/bookable-events/bookable_events.php on line 54","log":"/logs/plugins/b/bitscan/error.json"}
,
{"message":"Undefined array key \"p\" in /wordpress/wp-content/plugins/bookable-events/bookable_events.php on line 56","level":"WARNING","type":"PHP","test":"ast-sqlite-boot","plugin":"bitscan","details":"[13-Jun-2025 14:33:30 UTC] PHP Warning:  Undefined array key \"p\" in /wordpress/wp-content/plugins/bookable-events/bookable_events.php on line 56","log":"/logs/plugins/b/bitscan/error.json"}
,
{"message":"Undefined array key \"click_viewlist\" in /wordpress/wp-content/plugins/bookable-events/bookable_events.php on line 57","level":"WARNING","type":"PHP","test":"ast-sqlite-boot","plugin":"bitscan","details":"[13-Jun-2025 14:33:30 UTC] PHP Warning:  Undefined array key \"click_viewlist\" in /wordpress/wp-content/plugins/bookable-events/bookable_events.php on line 57","log":"/logs/plugins/b/bitscan/error.json"}
,
{"message":"Function load_plugin_textdomain was called with an argument that is <strong>deprecated</strong> since version 2.7.0 with no alternative available. in /wordpress/wp-includes/functions.php on line 6121","level":"DEPRECATED","type":"PHP","test":"ast-sqlite-boot","plugin":"bitscan","details":"[13-Jun-2025 14:33:30 UTC] PHP Deprecated:  Function load_plugin_textdomain was called with an argument that is <strong>deprecated</strong> since version 2.7.0 with no alternative available. in /wordpress/wp-includes/functions.php on line 6121","log":"/logs/plugins/b/bitscan/error.json"}
,
{"message":"Function register_sidebar_widget is <strong>deprecated</strong> since version 2.8.0! Use wp_register_sidebar_widget() instead. in /wordpress/wp-includes/functions.php on line 6121","level":"DEPRECATED","type":"PHP","test":"ast-sqlite-boot","plugin":"bitscan","details":"[13-Jun-2025 14:33:30 UTC] PHP Deprecated:  Function register_sidebar_widget is <strong>deprecated</strong> since version 2.8.0! Use wp_register_sidebar_widget() instead. in /wordpress/wp-includes/functions.php on line 6121","log":"/logs/plugins/b/bitscan/error.json"}
,
{"message":"Function register_widget_control is <strong>deprecated</strong> since version 2.8.0! Use wp_register_widget_control() instead. in /wordpress/wp-includes/functions.php on line 6121","level":"DEPRECATED","type":"PHP","test":"ast-sqlite-boot","plugin":"bitscan","details":"[13-Jun-2025 14:33:30 UTC] PHP Deprecated:  Function register_widget_control is <strong>deprecated</strong> since version 2.8.0! Use wp_register_widget_control() instead. in /wordpress/wp-includes/functions.php on line 6121","log":"/logs/plugins/b/bitscan/error.json"}
,
{"message":"Undefined array key \"click_register\" in /wordpress/wp-content/plugins/bookable-events/bookable_events.php on line 53","level":"WARNING","type":"PHP","test":"ast-sqlite-boot","plugin":"bitscan","details":"[13-Jun-2025 14:33:38 UTC] PHP Warning:  Undefined array key \"click_register\" in /wordpress/wp-content/plugins/bookable-events/bookable_events.php on line 53","log":"/logs/plugins/b/bitscan/error.json"}
,
{"message":"Undefined array key \"click_unregister\" in /wordpress/wp-content/plugins/bookable-events/bookable_events.php on line 54","level":"WARNING","type":"PHP","test":"ast-sqlite-boot","plugin":"bitscan","details":"[13-Jun-2025 14:33:38 UTC] PHP Warning:  Undefined array key \"click_unregister\" in /wordpress/wp-content/plugins/bookable-events/bookable_events.php on line 54","log":"/logs/plugins/b/bitscan/error.json"}
,
{"message":"Undefined array key \"p\" in /wordpress/wp-content/plugins/bookable-events/bookable_events.php on line 56","level":"WARNING","type":"PHP","test":"ast-sqlite-boot","plugin":"bitscan","details":"[13-Jun-2025 14:33:38 UTC] PHP Warning:  Undefined array key \"p\" in /wordpress/wp-content/plugins/bookable-events/bookable_events.php on line 56","log":"/logs/plugins/b/bitscan/error.json"}
,
{"message":"Undefined array key \"click_viewlist\" in /wordpress/wp-content/plugins/bookable-events/bookable_events.php on line 57","level":"WARNING","type":"PHP","test":"ast-sqlite-boot","plugin":"bitscan","details":"[13-Jun-2025 14:33:38 UTC] PHP Warning:  Undefined array key \"click_viewlist\" in /wordpress/wp-content/plugins/bookable-events/bookable_events.php on line 57","log":"/logs/plugins/b/bitscan/error.json"}
,
{"message":"Function load_plugin_textdomain was called with an argument that is <strong>deprecated</strong> since version 2.7.0 with no alternative available. in /wordpress/wp-includes/functions.php on line 6121","level":"DEPRECATED","type":"PHP","test":"ast-sqlite-boot","plugin":"bitscan","details":"[13-Jun-2025 14:33:38 UTC] PHP Deprecated:  Function load_plugin_textdomain was called with an argument that is <strong>deprecated</strong> since version 2.7.0 with no alternative available. in /wordpress/wp-includes/functions.php on line 6121","log":"/logs/plugins/b/bitscan/error.json"}
,
{"message":"Undefined array key \"click_register\" in /wordpress/wp-content/plugins/bookable-events/bookable_events.php on line 53","level":"WARNING","type":"PHP","test":"ast-sqlite-boot","plugin":"bitscan","details":"[13-Jun-2025 14:33:39 UTC] PHP Warning:  Undefined array key \"click_register\" in /wordpress/wp-content/plugins/bookable-events/bookable_events.php on line 53","log":"/logs/plugins/b/bitscan/error.json"}
,
{"message":"Undefined array key \"click_unregister\" in /wordpress/wp-content/plugins/bookable-events/bookable_events.php on line 54","level":"WARNING","type":"PHP","test":"ast-sqlite-boot","plugin":"bitscan","details":"[13-Jun-2025 14:33:39 UTC] PHP Warning:  Undefined array key \"click_unregister\" in /wordpress/wp-content/plugins/bookable-events/bookable_events.php on line 54","log":"/logs/plugins/b/bitscan/error.json"}
,
{"message":"Undefined array key \"p\" in /wordpress/wp-content/plugins/bookable-events/bookable_events.php on line 56","level":"WARNING","type":"PHP","test":"ast-sqlite-boot","plugin":"bitscan","details":"[13-Jun-2025 14:33:39 UTC] PHP Warning:  Undefined array key \"p\" in /wordpress/wp-content/plugins/bookable-events/bookable_events.php on line 56","log":"/logs/plugins/b/bitscan/error.json"}
,
{"message":"Undefined array key \"click_viewlist\" in /wordpress/wp-content/plugins/bookable-events/bookable_events.php on line 57","level":"WARNING","type":"PHP","test":"ast-sqlite-boot","plugin":"bitscan","details":"[13-Jun-2025 14:33:39 UTC] PHP Warning:  Undefined array key \"click_viewlist\" in /wordpress/wp-content/plugins/bookable-events/bookable_events.php on line 57","log":"/logs/plugins/b/bitscan/error.json"}
,
{"message":"Function load_plugin_textdomain was called with an argument that is <strong>deprecated</strong> since version 2.7.0 with no alternative available. in /wordpress/wp-includes/functions.php on line 6121","level":"DEPRECATED","type":"PHP","test":"ast-sqlite-boot","plugin":"bitscan","details":"[13-Jun-2025 14:33:39 UTC] PHP Deprecated:  Function load_plugin_textdomain was called with an argument that is <strong>deprecated</strong> since version 2.7.0 with no alternative available. in /wordpress/wp-includes/functions.php on line 6121","log":"/logs/plugins/b/bitscan/error.json"}
,
{"message":"Function register_sidebar_widget is <strong>deprecated</strong> since version 2.8.0! Use wp_register_sidebar_widget() instead. in /wordpress/wp-includes/functions.php on line 6121","level":"DEPRECATED","type":"PHP","test":"ast-sqlite-boot","plugin":"bitscan","details":"[13-Jun-2025 14:33:40 UTC] PHP Deprecated:  Function register_sidebar_widget is <strong>deprecated</strong> since version 2.8.0! Use wp_register_sidebar_widget() instead. in /wordpress/wp-includes/functions.php on line 6121","log":"/logs/plugins/b/bitscan/error.json"}
,
{"message":"Function register_widget_control is <strong>deprecated</strong> since version 2.8.0! Use wp_register_widget_control() instead. in /wordpress/wp-includes/functions.php on line 6121","level":"DEPRECATED","type":"PHP","test":"ast-sqlite-boot","plugin":"bitscan","details":"[13-Jun-2025 14:33:40 UTC] PHP Deprecated:  Function register_widget_control is <strong>deprecated</strong> since version 2.8.0! Use wp_register_widget_control() instead. in /wordpress/wp-includes/functions.php on line 6121","log":"/logs/plugins/b/bitscan/error.json"}
,
{"message":"Uncaught Symfony\\Component\\Cache\\Exception\\InvalidArgumentException: Namespace contains \":\" but only characters in [-+_.A-Za-z0-9] are allowed. in /wordpress/wp-content/plugins/biblica-online-bible/vendor/symfony/cache/Traits/FilesystemCommonTrait.php:35","level":"FATAL","type":"PHP","test":"ast-sqlite-boot","plugin":"bitscan","details":"[13-Jun-2025 14:34:21 UTC] PHP Fatal error:  Uncaught Symfony\\Component\\Cache\\Exception\\InvalidArgumentException: Namespace contains \":\" but only characters in [-+_.A-Za-z0-9] are allowed. in /wordpress/wp-content/plugins/biblica-online-bible/vendor/symfony/cache/Traits/FilesystemCommonTrait.php:35\nStack trace:\n#0 /wordpress/wp-content/plugins/biblica-online-bible/vendor/symfony/cache/Adapter/FilesystemAdapter.php(27): Symfony\\Component\\Cache\\Adapter\\FilesystemAdapter->init('127.0.0.1:9406', '/wordpress/wp-c...')\n#1 /wordpress/wp-content/plugins/biblica-online-bible/src/Biblica/Util/FileSystemCache.php(27): Symfony\\Component\\Cache\\Adapter\\FilesystemAdapter->__construct('127.0.0.1:9406', 0, '/wordpress/wp-c...')\n#2 /wordpress/wp-content/plugins/biblica-online-bible/src/Biblica/WordPress/Plugin/OnlineBible/OnlineBiblePlugin.php(143): Biblica\\Util\\FileSystemCache->__construct('http://127.0.0....', '/wordpress/wp-c...', 604800)\n#3 /wordpress/wp-content/plugins/biblica-online-bible/vendor/pimple/pimple/src/Pimple/Container.php(122): Biblica\\WordPress\\Plugin\\OnlineBible\\OnlineBiblePlugin->Biblica\\WordPress\\Plugin\\OnlineBible\\{closure}(Object(Pimple\\Container))\n#4 /wordpress/wp-content/plugins/biblica-online-bible/src/Biblica/WordPress/Plugin/OnlineBible/OnlineBiblePlugin.php(163): Pimple\\Container->offsetGet('cache')\n#5 /wordpress/wp-includes/class-wp-hook.php(324): Biblica\\WordPress\\Plugin\\OnlineBible\\OnlineBiblePlugin->onPluginsLoaded('')\n#6 /wordpress/wp-includes/class-wp-hook.php(348): WP_Hook->apply_filters(NULL, Array)\n#7 /wordpress/wp-includes/plugin.php(517): WP_Hook->do_action(Array)\n#8 /wordpress/wp-settings.php(578): do_action('plugins_loaded')\n#9 /wordpress/wp-config.php(102): require_once('/wordpress/wp-s...')\n#10 /wordpress/wp-load.php(50): require_once('/wordpress/wp-c...')\n#11 /internal/eval.php(3): require_once('/wordpress/wp-l...')\n#12 {main}\n  thrown in /wordpress/wp-content/plugins/biblica-online-bible/vendor/symfony/cache/Traits/FilesystemCommonTrait.php on line 35","log":"/logs/plugins/b/bitscan/error.json"}
,
{"message":"Uncaught Symfony\\Component\\Cache\\Exception\\InvalidArgumentException: Namespace contains \":\" but only characters in [-+_.A-Za-z0-9] are allowed. in /wordpress/wp-content/plugins/biblica-online-bible/vendor/symfony/cache/Traits/FilesystemCommonTrait.php:35","level":"FATAL","type":"PHP","test":"ast-sqlite-boot","plugin":"bitscan","details":"[13-Jun-2025 14:34:33 UTC] PHP Fatal error:  Uncaught Symfony\\Component\\Cache\\Exception\\InvalidArgumentException: Namespace contains \":\" but only characters in [-+_.A-Za-z0-9] are allowed. in /wordpress/wp-content/plugins/biblica-online-bible/vendor/symfony/cache/Traits/FilesystemCommonTrait.php:35\nStack trace:\n#0 /wordpress/wp-content/plugins/biblica-online-bible/vendor/symfony/cache/Adapter/FilesystemAdapter.php(27): Symfony\\Component\\Cache\\Adapter\\FilesystemAdapter->init('127.0.0.1:9406', '/wordpress/wp-c...')\n#1 /wordpress/wp-content/plugins/biblica-online-bible/src/Biblica/Util/FileSystemCache.php(27): Symfony\\Component\\Cache\\Adapter\\FilesystemAdapter->__construct('127.0.0.1:9406', 0, '/wordpress/wp-c...')\n#2 /wordpress/wp-content/plugins/biblica-online-bible/src/Biblica/WordPress/Plugin/OnlineBible/OnlineBiblePlugin.php(143): Biblica\\Util\\FileSystemCache->__construct('http://127.0.0....', '/wordpress/wp-c...', 604800)\n#3 /wordpress/wp-content/plugins/biblica-online-bible/vendor/pimple/pimple/src/Pimple/Container.php(122): Biblica\\WordPress\\Plugin\\OnlineBible\\OnlineBiblePlugin->Biblica\\WordPress\\Plugin\\OnlineBible\\{closure}(Object(Pimple\\Container))\n#4 /wordpress/wp-content/plugins/biblica-online-bible/src/Biblica/WordPress/Plugin/OnlineBible/OnlineBiblePlugin.php(163): Pimple\\Container->offsetGet('cache')\n#5 /wordpress/wp-includes/class-wp-hook.php(324): Biblica\\WordPress\\Plugin\\OnlineBible\\OnlineBiblePlugin->onPluginsLoaded('')\n#6 /wordpress/wp-includes/class-wp-hook.php(348): WP_Hook->apply_filters(NULL, Array)\n#7 /wordpress/wp-includes/plugin.php(517): WP_Hook->do_action(Array)\n#8 /wordpress/wp-settings.php(578): do_action('plugins_loaded')\n#9 /wordpress/wp-config.php(102): require_once('/wordpress/wp-s...')\n#10 /wordpress/wp-load.php(50): require_once('/wordpress/wp-c...')\n#11 /internal/eval.php(3): require_once('/wordpress/wp-l...')\n#12 {main}\n  thrown in /wordpress/wp-content/plugins/biblica-online-bible/vendor/symfony/cache/Traits/FilesystemCommonTrait.php on line 35","log":"/logs/plugins/b/bitscan/error.json"}
,
{"message":"Uncaught Symfony\\Component\\Cache\\Exception\\InvalidArgumentException: Namespace contains \":\" but only characters in [-+_.A-Za-z0-9] are allowed. in /wordpress/wp-content/plugins/biblica-online-bible/vendor/symfony/cache/Traits/FilesystemCommonTrait.php:35","level":"FATAL","type":"PHP","test":"ast-sqlite-boot","plugin":"bitscan","details":"[13-Jun-2025 14:34:45 UTC] PHP Fatal error:  Uncaught Symfony\\Component\\Cache\\Exception\\InvalidArgumentException: Namespace contains \":\" but only characters in [-+_.A-Za-z0-9] are allowed. in /wordpress/wp-content/plugins/biblica-online-bible/vendor/symfony/cache/Traits/FilesystemCommonTrait.php:35\nStack trace:\n#0 /wordpress/wp-content/plugins/biblica-online-bible/vendor/symfony/cache/Adapter/FilesystemAdapter.php(27): Symfony\\Component\\Cache\\Adapter\\FilesystemAdapter->init('127.0.0.1:9406', '/wordpress/wp-c...')\n#1 /wordpress/wp-content/plugins/biblica-online-bible/src/Biblica/Util/FileSystemCache.php(27): Symfony\\Component\\Cache\\Adapter\\FilesystemAdapter->__construct('127.0.0.1:9406', 0, '/wordpress/wp-c...')\n#2 /wordpress/wp-content/plugins/biblica-online-bible/src/Biblica/WordPress/Plugin/OnlineBible/OnlineBiblePlugin.php(143): Biblica\\Util\\FileSystemCache->__construct('http://127.0.0....', '/wordpress/wp-c...', 604800)\n#3 /wordpress/wp-content/plugins/biblica-online-bible/vendor/pimple/pimple/src/Pimple/Container.php(122): Biblica\\WordPress\\Plugin\\OnlineBible\\OnlineBiblePlugin->Biblica\\WordPress\\Plugin\\OnlineBible\\{closure}(Object(Pimple\\Container))\n#4 /wordpress/wp-content/plugins/biblica-online-bible/src/Biblica/WordPress/Plugin/OnlineBible/OnlineBiblePlugin.php(163): Pimple\\Container->offsetGet('cache')\n#5 /wordpress/wp-includes/class-wp-hook.php(324): Biblica\\WordPress\\Plugin\\OnlineBible\\OnlineBiblePlugin->onPluginsLoaded('')\n#6 /wordpress/wp-includes/class-wp-hook.php(348): WP_Hook->apply_filters(NULL, Array)\n#7 /wordpress/wp-includes/plugin.php(517): WP_Hook->do_action(Array)\n#8 /wordpress/wp-settings.php(578): do_action('plugins_loaded')\n#9 /wordpress/wp-config.php(102): require_once('/wordpress/wp-s...')\n#10 /wordpress/wp-load.php(50): require_once('/wordpress/wp-c...')\n#11 /internal/eval.php(3): require_once('/wordpress/wp-l...')\n#12 {main}\n  thrown in /wordpress/wp-content/plugins/biblica-online-bible/vendor/symfony/cache/Traits/FilesystemCommonTrait.php on line 35\n\n    at Object.onBind (file:///home/runner/work/playground-tester/playground-tester/node_modules/@wp-playground/cli/run-cli-j-geJYS3.js:325:15)\n    at process.processTicksAndRejections (node:internal/process/task_queues:105:5)\n    at async re (file:///home/runner/work/playground-tester/playground-tester/node_modules/@wp-playground/cli/run-cli-j-geJYS3.js:149:10) {\n  [cause]: Error: Error when executing the blueprint step #5 ({\"step\":\"installPlugin\",\"pluginData\":{\"resource\":\"wordpress.org/plugins\",\"slug\":\"bitscan\"},\"options\":{\"activate\":true}}) : Could not download \"https://downloads.wordpress.org/plugin/bitscan.latest-stable.zip\".\n  \t\t\t\tCheck if the URL is correct and the server is reachable.\n  \t\t\t\tIf it is reachable, the server might be blocking the request.\n  \t\t\t\tCheck the browser console and network tabs for more information.\n  \n  \t\t\t\t## Does the console show the error \"No 'Access-Control-Allow-Origin' header\"?\n  \n  \t\t\t\tThis means the server that hosts your file does not allow requests from other sites\n  \t\t\t\t(cross-origin requests, or CORS).\tYou need to move the asset to a server that allows\n  \t\t\t\tcross-origin file downloads. Learn more about CORS at\n  \t\t\t\thttps://developer.mozilla.org/en-US/docs/Web/HTTP/CORS.\n  \n  \t\t\t\tIf your file is on GitHub, load it from \"raw.githubusercontent.com\".\n  \t\t\t\tHere's how to do that:\n  \n  \t\t\t\t1. Start with the original GitHub URL of the file. For example:\n  \t\t\t\thttps://github.com/username/repository/blob/branch/filename.\n  \t\t\t\t2. Replace \"github.com\" with \"raw.githubusercontent.com\".\n  \t\t\t\t3. Remove the \"/blob/\" part of the URL.\n  \n  \t\t\t\tThe resulting URL should look like this:\n  \t\t\t\thttps://raw.githubusercontent.com/username/repository/branch/filename\n  \n  \t\t\t\tError:\n  \t\t\t\tError: Could not download \"https://downloads.wordpress.org/plugin/bitscan.latest-stable.zip\"\n      at Object.run (file:///home/runner/work/playground-tester/playground-tester/node_modules/@wp-playground/blueprints/index.js:12093:19)\n      at process.processTicksAndRejections (node:internal/process/task_queues:105:5)\n      at async ys (file:///home/runner/work/playground-tester/playground-tester/node_modules/@wp-playground/blueprints/index.js:12196:3)\n      at async Object.onBind (file:///home/runner/work/playground-tester/playground-tester/node_modules/@wp-playground/cli/run-cli-j-geJYS3.js:315:48)\n      at async re (file:///home/runner/work/playground-tester/playground-tester/node_modules/@wp-playground/cli/run-cli-j-geJYS3.js:149:10) {\n    [cause]: Error: Could not download \"https://downloads.wordpress.org/plugin/bitscan.latest-stable.zip\".\n    \t\t\t\tCheck if the URL is correct and the server is reachable.\n    \t\t\t\tIf it is reachable, the server might be blocking the request.\n    \t\t\t\tCheck the browser console and network tabs for more information.\n    \n    \t\t\t\t## Does the console show the error \"No 'Access-Control-Allow-Origin' header\"?\n    \n    \t\t\t\tThis means the server that hosts your file does not allow requests from other sites\n    \t\t\t\t(cross-origin requests, or CORS).\tYou need to move the asset to a server that allows\n    \t\t\t\tcross-origin file downloads. Learn more about CORS at\n    \t\t\t\thttps://developer.mozilla.org/en-US/docs/Web/HTTP/CORS.\n    \n    \t\t\t\tIf your file is on GitHub, load it from \"raw.githubusercontent.com\".\n    \t\t\t\tHere's how to do that:\n    \n    \t\t\t\t1. Start with the original GitHub URL of the file. For example:\n    \t\t\t\thttps://github.com/username/repository/blob/branch/filename.\n    \t\t\t\t2. Replace \"github.com\" with \"raw.githubusercontent.com\".\n    \t\t\t\t3. Remove the \"/blob/\" part of the URL.\n    \n    \t\t\t\tThe resulting URL should look like this:\n    \t\t\t\thttps://raw.githubusercontent.com/username/repository/branch/filename\n    \n    \t\t\t\tError:\n    \t\t\t\tError: Could not download \"https://downloads.wordpress.org/plugin/bitscan.latest-stable.zip\"\n        at Ct.resolve (file:///home/runner/work/playground-tester/playground-tester/node_modules/@wp-playground/blueprints/index.js:1129:13)\n        at process.processTicksAndRejections (node:internal/process/task_queues:105:5)\n        at async _.run (file:///home/runner/work/playground-tester/playground-tester/node_modules/@php-wasm/util/index.js:45:14)\n  }\n}\n\n","log":"/logs/plugins/b/bitscan/error.json"}
]
