file:///home/runner/work/playground-tester/playground-tester/node_modules/@wp-playground/cli/run-cli-j-geJYS3.js:325
        throw new Error($, { cause: h });
              ^

Error: [19-Jun-2025 07:01:48 UTC] PHP Notice:  Accessing static property bbP_Topic_Sections_Admin::$db_version_option_name as non static in /wordpress/wp-content/plugins/bbpress-topic-sections/bbp_ts-admin.php on line 41
[19-Jun-2025 07:01:53 UTC] PHP Notice:  Accessing static property bbP_Topic_Sections_Admin::$db_version_option_name as non static in /wordpress/wp-content/plugins/bbpress-topic-sections/bbp_ts-admin.php on line 41
[19-Jun-2025 07:02:11 UTC] PHP Fatal error:  Uncaught Error: Call to undefined function create_function() in /wordpress/wp-content/plugins/bdwebteam-recent-post-tabs-widget/bdwebteam-recent-post-tabs-widget.php:41
Stack trace:
#0 /wordpress/wp-admin/includes/plugin.php(2387): include_once()
#1 /wordpress/wp-admin/includes/plugin.php(673): plugin_sandbox_scrape('bdwebteam-recen...')
#2 /internal/eval.php(20): activate_plugin('bdwebteam-recen...')
#3 {main}
  thrown in /wordpress/wp-content/plugins/bdwebteam-recent-post-tabs-widget/bdwebteam-recent-post-tabs-widget.php on line 41
[19-Jun-2025 07:02:17 UTC] PHP Fatal error:  Uncaught Error: Call to undefined function create_function() in /wordpress/wp-content/plugins/bdwebteam-recent-post-tabs-widget/bdwebteam-recent-post-tabs-widget.php:41
Stack trace:
#0 /wordpress/wp-admin/includes/plugin.php(2387): include_once()
#1 /wordpress/wp-admin/includes/plugin.php(673): plugin_sandbox_scrape('bdwebteam-recen...')
#2 /internal/eval.php(20): activate_plugin('bdwebteam-recen...')
#3 {main}
  thrown in /wordpress/wp-content/plugins/bdwebteam-recent-post-tabs-widget/bdwebteam-recent-post-tabs-widget.php on line 41
[19-Jun-2025 07:04:05 UTC] PHP Fatal error:  Uncaught Error: Undefined constant "BM_KEYWORDLINK_OPTION" in /wordpress/wp-content/plugins/blog-mechanics-keyword-link-plugin-v01/bm_keywordlink.php:12
Stack trace:
#0 /wordpress/wp-admin/includes/plugin.php(2387): include_once()
#1 /wordpress/wp-admin/includes/plugin.php(673): plugin_sandbox_scrape('blog-mechanics-...')
#2 /internal/eval.php(20): activate_plugin('blog-mechanics-...')
#3 {main}
  thrown in /wordpress/wp-content/plugins/blog-mechanics-keyword-link-plugin-v01/bm_keywordlink.php on line 12
[19-Jun-2025 07:04:10 UTC] PHP Fatal error:  Uncaught Error: Undefined constant "BM_KEYWORDLINK_OPTION" in /wordpress/wp-content/plugins/blog-mechanics-keyword-link-plugin-v01/bm_keywordlink.php:12
Stack trace:
#0 /wordpress/wp-admin/includes/plugin.php(2387): include_once()
#1 /wordpress/wp-admin/includes/plugin.php(673): plugin_sandbox_scrape('blog-mechanics-...')
#2 /internal/eval.php(20): activate_plugin('blog-mechanics-...')
#3 {main}
  thrown in /wordpress/wp-content/plugins/blog-mechanics-keyword-link-plugin-v01/bm_keywordlink.php on line 12
[19-Jun-2025 07:06:59 UTC] PHP Deprecated:  Function unregister_widget_control is <strong>deprecated</strong> since version 2.8.0! Use wp_unregister_widget_control() instead. in /wordpress/wp-includes/functions.php on line 6121
[19-Jun-2025 07:07:04 UTC] PHP Deprecated:  Function unregister_widget_control is <strong>deprecated</strong> since version 2.8.0! Use wp_unregister_widget_control() instead. in /wordpress/wp-includes/functions.php on line 6121
[19-Jun-2025 07:07:22 UTC] PHP Fatal error:  Uncaught TypeError: join(): Argument #2 ($array) must be of type ?array, bool given in /wordpress/wp-content/plugins/bigfishgames-syndicate/bigfishgames-syndicate.php:71
Stack trace:
#0 /wordpress/wp-content/plugins/bigfishgames-syndicate/bigfishgames-syndicate.php(71): join('', false)
#1 /wordpress/wp-includes/class-wp-hook.php(324): bigfishgames_syndicate_init('')
#2 /wordpress/wp-includes/class-wp-hook.php(348): WP_Hook->apply_filters(NULL, Array)
#3 /wordpress/wp-includes/plugin.php(517): WP_Hook->do_action(Array)
#4 /wordpress/wp-settings.php(727): do_action('init')
#5 /wordpress/wp-config.php(102): require_once('/wordpress/wp-s...')
#6 /wordpress/wp-load.php(50): require_once('/wordpress/wp-c...')
#7 /internal/eval.php(3): require_once('/wordpress/wp-l...')
#8 {main}
  thrown in /wordpress/wp-content/plugins/bigfishgames-syndicate/bigfishgames-syndicate.php on line 71
[19-Jun-2025 07:07:26 UTC] PHP Fatal error:  Uncaught TypeError: join(): Argument #2 ($array) must be of type ?array, bool given in /wordpress/wp-content/plugins/bigfishgames-syndicate/bigfishgames-syndicate.php:71
Stack trace:
#0 /wordpress/wp-content/plugins/bigfishgames-syndicate/bigfishgames-syndicate.php(71): join('', false)
#1 /wordpress/wp-includes/class-wp-hook.php(324): bigfishgames_syndicate_init('')
#2 /wordpress/wp-includes/class-wp-hook.php(348): WP_Hook->apply_filters(NULL, Array)
#3 /wordpress/wp-includes/plugin.php(517): WP_Hook->do_action(Array)
#4 /wordpress/wp-settings.php(727): do_action('init')
#5 /wordpress/wp-config.php(102): require_once('/wordpress/wp-s...')
#6 /wordpress/wp-load.php(50): require_once('/wordpress/wp-c...')
#7 /internal/eval.php(3): require_once('/wordpress/wp-l...')
#8 {main}
  thrown in /wordpress/wp-content/plugins/bigfishgames-syndicate/bigfishgames-syndicate.php on line 71
[19-Jun-2025 07:07:40 UTC] PHP Fatal error:  Uncaught RuntimeException: <div style="clear:both">&nbsp;</div>
<div class="queries" style="clear:both;margin-bottom:2px;border:red dotted thin;">
<p>MySQL query:</p>
<p>CREATE TABLE IF NOT EXISTS wp_bit_social_accounts (
             id BIGINT  UNSIGNED NOT NULL AUTO_INCREMENT
, custom_app_id BIGINT(20) UNSIGNED NULL
, profile_id VARCHAR(255) NOT NULL
, account_id VARCHAR(255) NOT NULL
, account_name VARCHAR(255) NOT NULL
, details LONGTEXT  NOT NULL
, platform VARCHAR(255) NOT NULL
, account_type INTEGER  NOT NULL
, status BOOLEAN  NOT NULL DEFAULT 1
, created_at timestamp  NULL DEFAULT NULL
, updated_at timestamp  NULL DEFAULT NULL,
PRIMARY KEY (
id
), FOREIGN KEY (custom_app_id) REFERENCES wp_bit_social_custom_apps (id) ON DELETE CASCADE
             ) </p>
<p>Queries made or created this session were:</p>
<ol>
<li>Executing: BEGIN IMMEDIATE | (no parameters)</li>
<li>Executing: SELECT 1 FROM `_wp_sqlite_mysql_information_schema_tables` WHERE table_schema = ? AND table_name = ? | parameters: database_name in /wordpress/wp-content/plugins/bit-social/vendor/bitapps/wp-database/src/Blueprint.php on line 176
[19-Jun-2025 07:07:48 UTC] PHP Fatal error:  Uncaught RuntimeException: <div style="clear:both">&nbsp;</div>
<div class="queries" style="clear:both;margin-bottom:2px;border:red dotted thin;">
<p>MySQL query:</p>
<p>CREATE TABLE IF NOT EXISTS wp_bit_social_accounts (
             id BIGINT  UNSIGNED NOT NULL AUTO_INCREMENT
, custom_app_id BIGINT(20) UNSIGNED NULL
, profile_id VARCHAR(255) NOT NULL
, account_id VARCHAR(255) NOT NULL
, account_name VARCHAR(255) NOT NULL
, details LONGTEXT  NOT NULL
, platform VARCHAR(255) NOT NULL
, account_type INTEGER  NOT NULL
, status BOOLEAN  NOT NULL DEFAULT 1
, created_at timestamp  NULL DEFAULT NULL
, updated_at timestamp  NULL DEFAULT NULL,
PRIMARY KEY (
id
), FOREIGN KEY (custom_app_id) REFERENCES wp_bit_social_custom_apps (id) ON DELETE CASCADE
             ) </p>
<p>Queries made or created this session were:</p>
<ol>
<li>Executing: BEGIN IMMEDIATE | (no parameters)</li>
<li>Executing: SELECT 1 FROM `_wp_sqlite_mysql_information_schema_tables` WHERE table_schema = ? AND table_name = ? | parameters: database_name in /wordpress/wp-content/plugins/bit-social/vendor/bitapps/wp-database/src/Blueprint.php on line 176
[19-Jun-2025 07:07:55 UTC] PHP Fatal error:  Uncaught RuntimeException: <div style="clear:both">&nbsp;</div>
<div class="queries" style="clear:both;margin-bottom:2px;border:red dotted thin;">
<p>MySQL query:</p>
<p>CREATE TABLE IF NOT EXISTS wp_bit_social_accounts (
             id BIGINT  UNSIGNED NOT NULL AUTO_INCREMENT
, custom_app_id BIGINT(20) UNSIGNED NULL
, profile_id VARCHAR(255) NOT NULL
, account_id VARCHAR(255) NOT NULL
, account_name VARCHAR(255) NOT NULL
, details LONGTEXT  NOT NULL
, platform VARCHAR(255) NOT NULL
, account_type INTEGER  NOT NULL
, status BOOLEAN  NOT NULL DEFAULT 1
, created_at timestamp  NULL DEFAULT NULL
, updated_at timestamp  NULL DEFAULT NULL,
PRIMARY KEY (
id
), FOREIGN KEY (custom_app_id) REFERENCES wp_bit_social_custom_apps (id) ON DELETE CASCADE
             ) </p>
<p>Queries made or created this session were:</p>
<ol>
<li>Executing: BEGIN IMMEDIATE | (no parameters)</li>
<li>Executing: SELECT 1 FROM `_wp_sqlite_mysql_information_schema_tables` WHERE table_schema = ? AND table_name = ? | parameters: database_name in /wordpress/wp-content/plugins/bit-social/vendor/bitapps/wp-database/src/Blueprint.php on line 176
[19-Jun-2025 07:08:44 UTC] PHP Warning:  Undefined array key "DOCUMENT_ROOT" in /wordpress/wp-content/plugins/block-archive-org-robots-txt/block-archive-org-robots-txt.php on line 44
[19-Jun-2025 07:08:47 UTC] PHP Warning:  Undefined array key "DOCUMENT_ROOT" in /wordpress/wp-content/plugins/block-archive-org-robots-txt/block-archive-org-robots-txt.php on line 44
[19-Jun-2025 07:08:50 UTC] PHP Warning:  Undefined array key "DOCUMENT_ROOT" in /wordpress/wp-content/plugins/block-archive-org-robots-txt/block-archive-org-robots-txt.php on line 44
[19-Jun-2025 07:09:05 UTC] PHP Deprecated:  Function register_sidebar_widget is <strong>deprecated</strong> since version 2.8.0! Use wp_register_sidebar_widget() instead. in /wordpress/wp-includes/functions.php on line 6121
[19-Jun-2025 07:09:05 UTC] PHP Deprecated:  Function register_widget_control is <strong>deprecated</strong> since version 2.8.0! Use wp_register_widget_control() instead. in /wordpress/wp-includes/functions.php on line 6121
[19-Jun-2025 07:09:07 UTC] PHP Deprecated:  Function register_sidebar_widget is <strong>deprecated</strong> since version 2.8.0! Use wp_register_sidebar_widget() instead. in /wordpress/wp-includes/functions.php on line 6121
[19-Jun-2025 07:09:07 UTC] PHP Deprecated:  Function register_widget_control is <strong>deprecated</strong> since version 2.8.0! Use wp_register_widget_control() instead. in /wordpress/wp-includes/functions.php on line 6121
[19-Jun-2025 07:09:25 UTC] PHP Fatal error:  Uncaught Error: Call to undefined function create_function() in /wordpress/wp-content/plugins/blogiramemk-widget/blogirame_widget.php:50
Stack trace:
#0 /wordpress/wp-admin/includes/plugin.php(2387): include_once()
#1 /wordpress/wp-admin/includes/plugin.php(673): plugin_sandbox_scrape('blogiramemk-wid...')
#2 /internal/eval.php(20): activate_plugin('blogiramemk-wid...')
#3 {main}
  thrown in /wordpress/wp-content/plugins/blogiramemk-widget/blogirame_widget.php on line 50
[19-Jun-2025 07:09:31 UTC] PHP Fatal error:  Uncaught Error: Call to undefined function create_function() in /wordpress/wp-content/plugins/blogiramemk-widget/blogirame_widget.php:50
Stack trace:
#0 /wordpress/wp-admin/includes/plugin.php(2387): include_once()
#1 /wordpress/wp-admin/includes/plugin.php(673): plugin_sandbox_scrape('blogiramemk-wid...')
#2 /internal/eval.php(20): activate_plugin('blogiramemk-wid...')
#3 {main}
  thrown in /wordpress/wp-content/plugins/blogiramemk-widget/blogirame_widget.php on line 50
[19-Jun-2025 07:12:17 UTC] PHP Fatal error:  Cannot redeclare get_options() (previously declared in /wordpress/wp-includes/option.php:367) in /wordpress/wp-content/plugins/blogroll-to-page/blogroll-to-page.php on line 32
[19-Jun-2025 07:12:20 UTC] PHP Fatal error:  Cannot redeclare get_options() (previously declared in /wordpress/wp-includes/option.php:367) in /wordpress/wp-content/plugins/blogroll-to-page/blogroll-to-page.php on line 32

    at Object.onBind (file:///home/runner/work/playground-tester/playground-tester/node_modules/@wp-playground/cli/run-cli-j-geJYS3.js:325:15)
    at process.processTicksAndRejections (node:internal/process/task_queues:105:5)
    at async re (file:///home/runner/work/playground-tester/playground-tester/node_modules/@wp-playground/cli/run-cli-j-geJYS3.js:149:10) {
  [cause]: Error: Error when executing the blueprint step #1 ({"step":"installPlugin","pluginData":{"resource":"wordpress.org/plugins","slug":"blogroll-to-page"},"options":{"activate":true}}) : PHP.run() failed with exit code 255 and the following output: 
      at Object.run (file:///home/runner/work/playground-tester/playground-tester/node_modules/@wp-playground/blueprints/index.js:12093:19)
      at process.processTicksAndRejections (node:internal/process/task_queues:105:5)
      at async ys (file:///home/runner/work/playground-tester/playground-tester/node_modules/@wp-playground/blueprints/index.js:12196:3)
      at async Object.onBind (file:///home/runner/work/playground-tester/playground-tester/node_modules/@wp-playground/cli/run-cli-j-geJYS3.js:315:48)
      at async re (file:///home/runner/work/playground-tester/playground-tester/node_modules/@wp-playground/cli/run-cli-j-geJYS3.js:149:10) {
    [cause]: PHPExecutionFailureError: PHP.run() failed with exit code 255 and the following output: 
        at PHP.run (file:///home/runner/work/playground-tester/playground-tester/node_modules/@php-wasm/universal/index.js:1034:19)
        at process.processTicksAndRejections (node:internal/process/task_queues:105:5)
        at async wr (file:///home/runner/work/playground-tester/playground-tester/node_modules/@wp-playground/blueprints/index.js:34:39)
        at async Object.gt [as installPlugin] (file:///home/runner/work/playground-tester/playground-tester/node_modules/@wp-playground/blueprints/index.js:631:42)
        at async g (file:///home/runner/work/playground-tester/playground-tester/node_modules/@wp-playground/blueprints/index.js:12161:30)
        at async Object.run (file:///home/runner/work/playground-tester/playground-tester/node_modules/@wp-playground/blueprints/index.js:12090:23)
        at async ys (file:///home/runner/work/playground-tester/playground-tester/node_modules/@wp-playground/blueprints/index.js:12196:3)
        at async Object.onBind (file:///home/runner/work/playground-tester/playground-tester/node_modules/@wp-playground/cli/run-cli-j-geJYS3.js:315:48)
        at async re (file:///home/runner/work/playground-tester/playground-tester/node_modules/@wp-playground/cli/run-cli-j-geJYS3.js:149:10) {
      response: PHPResponse {
        httpStatusCode: 500,
        headers: {
          'x-powered-by': [ 'PHP/8.0.30-dev' ],
          'content-type': [ 'text/html; charset=UTF-8' ]
        },
        bytes: Uint8Array(0) [],
        exitCode: 255,
        errors: ''
      },
      source: 'request'
    }
  }
}

Node.js v23.11.0
