[
  {
    "message": "file:///home/runner/work/playground-tester/playground-tester/node_modules/@wp-playground/cli/index.js:237\n        throw new Error(y, { cause: u });\n              ^\n",
    "level": "FATAL",
    "type": "PLAYGROUND",
    "test": "ast-sqlite-boot",
    "plugin": "italystrap",
    "details": "file:///home/runner/work/playground-tester/playground-tester/node_modules/@wp-playground/cli/index.js:237\n        throw new Error(y, { cause: u });\n              ^\n",
    "log": "/tmp/tmp.3RDvaqF83i"
  },
  {
    "message": "Undefined variable $wpdb in /wordpress/wp-content/plugins/lynk-responder/plugin-lynk-responder.php on line 17",
    "level": "WARNING",
    "type": "PHP",
    "test": "ast-sqlite-boot",
    "plugin": "italystrap",
    "details": "[16-Apr-2025 13:51:44 UTC] PHP Warning:  Undefined variable $wpdb in /wordpress/wp-content/plugins/lynk-responder/plugin-lynk-responder.php on line 17",
    "log": "/logs/plugins/i/italystrap/error.json"
  },
  {
    "message": "Undefined variable $wpdb in /wordpress/wp-content/plugins/lynk-responder/plugin-lynk-responder.php on line 17",
    "level": "WARNING",
    "type": "PHP",
    "test": "ast-sqlite-boot",
    "plugin": "italystrap",
    "details": "[16-Apr-2025 13:51:53 UTC] PHP Warning:  Undefined variable $wpdb in /wordpress/wp-content/plugins/lynk-responder/plugin-lynk-responder.php on line 17",
    "log": "/logs/plugins/i/italystrap/error.json"
  },
  {
    "message": "Undefined variable $wpdb in /wordpress/wp-content/plugins/lynk-responder/plugin-lynk-responder.php on line 17",
    "level": "WARNING",
    "type": "PHP",
    "test": "ast-sqlite-boot",
    "plugin": "italystrap",
    "details": "[16-Apr-2025 13:52:02 UTC] PHP Warning:  Undefined variable $wpdb in /wordpress/wp-content/plugins/lynk-responder/plugin-lynk-responder.php on line 17",
    "log": "/logs/plugins/i/italystrap/error.json"
  },
  {
    "message": "Function wp_enqueue_script was called <strong>incorrectly</strong>. Scripts and styles should not be registered or enqueued until the <code>wp_enqueue_scripts</code>, <code>admin_enqueue_scripts</code>, or <code>login_enqueue_scripts</code> hooks. This notice was triggered by the <code>jquery</code> handle. Please see <a href=\"https://developer.wordpress.org/advanced-administration/debug/debug-wordpress/\">Debugging in WordPress</a> for more information. (This message was added in version 3.3.0.) in /wordpress/wp-includes/functions.php on line 6121",
    "level": "NOTICE",
    "type": "PHP",
    "test": "ast-sqlite-boot",
    "plugin": "italystrap",
    "details": "[16-Apr-2025 13:52:12 UTC] PHP Notice:  Function wp_enqueue_script was called <strong>incorrectly</strong>. Scripts and styles should not be registered or enqueued until the <code>wp_enqueue_scripts</code>, <code>admin_enqueue_scripts</code>, or <code>login_enqueue_scripts</code> hooks. This notice was triggered by the <code>jquery</code> handle. Please see <a href=\"https://developer.wordpress.org/advanced-administration/debug/debug-wordpress/\">Debugging in WordPress</a> for more information. (This message was added in version 3.3.0.) in /wordpress/wp-includes/functions.php on line 6121",
    "log": "/logs/plugins/i/italystrap/error.json"
  },
  {
    "message": "Function wp_enqueue_script was called <strong>incorrectly</strong>. Scripts and styles should not be registered or enqueued until the <code>wp_enqueue_scripts</code>, <code>admin_enqueue_scripts</code>, or <code>login_enqueue_scripts</code> hooks. This notice was triggered by the <code>jquery</code> handle. Please see <a href=\"https://developer.wordpress.org/advanced-administration/debug/debug-wordpress/\">Debugging in WordPress</a> for more information. (This message was added in version 3.3.0.) in /wordpress/wp-includes/functions.php on line 6121",
    "level": "NOTICE",
    "type": "PHP",
    "test": "ast-sqlite-boot",
    "plugin": "italystrap",
    "details": "[16-Apr-2025 13:52:21 UTC] PHP Notice:  Function wp_enqueue_script was called <strong>incorrectly</strong>. Scripts and styles should not be registered or enqueued until the <code>wp_enqueue_scripts</code>, <code>admin_enqueue_scripts</code>, or <code>login_enqueue_scripts</code> hooks. This notice was triggered by the <code>jquery</code> handle. Please see <a href=\"https://developer.wordpress.org/advanced-administration/debug/debug-wordpress/\">Debugging in WordPress</a> for more information. (This message was added in version 3.3.0.) in /wordpress/wp-includes/functions.php on line 6121",
    "log": "/logs/plugins/i/italystrap/error.json"
  },
  {
    "message": "Function wp_enqueue_script was called <strong>incorrectly</strong>. Scripts and styles should not be registered or enqueued until the <code>wp_enqueue_scripts</code>, <code>admin_enqueue_scripts</code>, or <code>login_enqueue_scripts</code> hooks. This notice was triggered by the <code>jquery</code> handle. Please see <a href=\"https://developer.wordpress.org/advanced-administration/debug/debug-wordpress/\">Debugging in WordPress</a> for more information. (This message was added in version 3.3.0.) in /wordpress/wp-includes/functions.php on line 6121",
    "level": "NOTICE",
    "type": "PHP",
    "test": "ast-sqlite-boot",
    "plugin": "italystrap",
    "details": "[16-Apr-2025 13:52:30 UTC] PHP Notice:  Function wp_enqueue_script was called <strong>incorrectly</strong>. Scripts and styles should not be registered or enqueued until the <code>wp_enqueue_scripts</code>, <code>admin_enqueue_scripts</code>, or <code>login_enqueue_scripts</code> hooks. This notice was triggered by the <code>jquery</code> handle. Please see <a href=\"https://developer.wordpress.org/advanced-administration/debug/debug-wordpress/\">Debugging in WordPress</a> for more information. (This message was added in version 3.3.0.) in /wordpress/wp-includes/functions.php on line 6121",
    "log": "/logs/plugins/i/italystrap/error.json"
  },
  {
    "message": "Undefined array key \"REMOTE_ADDR\" in /wordpress/wp-content/plugins/logpress/logpress.php on line 53",
    "level": "WARNING",
    "type": "PHP",
    "test": "ast-sqlite-boot",
    "plugin": "italystrap",
    "details": "[16-Apr-2025 13:53:20 UTC] PHP Warning:  Undefined array key \"REMOTE_ADDR\" in /wordpress/wp-content/plugins/logpress/logpress.php on line 53",
    "log": "/logs/plugins/i/italystrap/error.json"
  },
  {
    "message": "Undefined array key \"REMOTE_ADDR\" in /wordpress/wp-content/plugins/logpress/logpress.php on line 53",
    "level": "WARNING",
    "type": "PHP",
    "test": "ast-sqlite-boot",
    "plugin": "italystrap",
    "details": "[16-Apr-2025 13:53:28 UTC] PHP Warning:  Undefined array key \"REMOTE_ADDR\" in /wordpress/wp-content/plugins/logpress/logpress.php on line 53",
    "log": "/logs/plugins/i/italystrap/error.json"
  },
  {
    "message": "Undefined array key \"REMOTE_ADDR\" in /wordpress/wp-content/plugins/logpress/logpress.php on line 53",
    "level": "WARNING",
    "type": "PHP",
    "test": "ast-sqlite-boot",
    "plugin": "italystrap",
    "details": "[16-Apr-2025 13:53:37 UTC] PHP Warning:  Undefined array key \"REMOTE_ADDR\" in /wordpress/wp-content/plugins/logpress/logpress.php on line 53",
    "log": "/logs/plugins/i/italystrap/error.json"
  },
  {
    "message": "Function _load_textdomain_just_in_time was called <strong>incorrectly</strong>. Translation loading for the <code>lorem-ipsum-by-webline</code> domain was triggered too early. This is usually an indicator for some code in the plugin or theme running too early. Translations should be loaded at the <code>init</code> action or later. Please see <a href=\"https://developer.wordpress.org/advanced-administration/debug/debug-wordpress/\">Debugging in WordPress</a> for more information. (This message was added in version 6.7.0.) in /wordpress/wp-includes/functions.php on line 6121",
    "level": "NOTICE",
    "type": "PHP",
    "test": "ast-sqlite-boot",
    "plugin": "italystrap",
    "details": "[16-Apr-2025 13:53:46 UTC] PHP Notice:  Function _load_textdomain_just_in_time was called <strong>incorrectly</strong>. Translation loading for the <code>lorem-ipsum-by-webline</code> domain was triggered too early. This is usually an indicator for some code in the plugin or theme running too early. Translations should be loaded at the <code>init</code> action or later. Please see <a href=\"https://developer.wordpress.org/advanced-administration/debug/debug-wordpress/\">Debugging in WordPress</a> for more information. (This message was added in version 6.7.0.) in /wordpress/wp-includes/functions.php on line 6121",
    "log": "/logs/plugins/i/italystrap/error.json"
  },
  {
    "message": "Function _load_textdomain_just_in_time was called <strong>incorrectly</strong>. Translation loading for the <code>lorem-ipsum-by-webline</code> domain was triggered too early. This is usually an indicator for some code in the plugin or theme running too early. Translations should be loaded at the <code>init</code> action or later. Please see <a href=\"https://developer.wordpress.org/advanced-administration/debug/debug-wordpress/\">Debugging in WordPress</a> for more information. (This message was added in version 6.7.0.) in /wordpress/wp-includes/functions.php on line 6121",
    "level": "NOTICE",
    "type": "PHP",
    "test": "ast-sqlite-boot",
    "plugin": "italystrap",
    "details": "[16-Apr-2025 13:53:54 UTC] PHP Notice:  Function _load_textdomain_just_in_time was called <strong>incorrectly</strong>. Translation loading for the <code>lorem-ipsum-by-webline</code> domain was triggered too early. This is usually an indicator for some code in the plugin or theme running too early. Translations should be loaded at the <code>init</code> action or later. Please see <a href=\"https://developer.wordpress.org/advanced-administration/debug/debug-wordpress/\">Debugging in WordPress</a> for more information. (This message was added in version 6.7.0.) in /wordpress/wp-includes/functions.php on line 6121",
    "log": "/logs/plugins/i/italystrap/error.json"
  },
  {
    "message": "Function _load_textdomain_just_in_time was called <strong>incorrectly</strong>. Translation loading for the <code>lorem-ipsum-by-webline</code> domain was triggered too early. This is usually an indicator for some code in the plugin or theme running too early. Translations should be loaded at the <code>init</code> action or later. Please see <a href=\"https://developer.wordpress.org/advanced-administration/debug/debug-wordpress/\">Debugging in WordPress</a> for more information. (This message was added in version 6.7.0.) in /wordpress/wp-includes/functions.php on line 6121",
    "level": "NOTICE",
    "type": "PHP",
    "test": "ast-sqlite-boot",
    "plugin": "italystrap",
    "details": "[16-Apr-2025 13:54:03 UTC] PHP Notice:  Function _load_textdomain_just_in_time was called <strong>incorrectly</strong>. Translation loading for the <code>lorem-ipsum-by-webline</code> domain was triggered too early. This is usually an indicator for some code in the plugin or theme running too early. Translations should be loaded at the <code>init</code> action or later. Please see <a href=\"https://developer.wordpress.org/advanced-administration/debug/debug-wordpress/\">Debugging in WordPress</a> for more information. (This message was added in version 6.7.0.) in /wordpress/wp-includes/functions.php on line 6121",
    "log": "/logs/plugins/i/italystrap/error.json"
  },
  {
    "message": "SQLSTATE[HY000]: General error: 1 no such column: LA_user_schema_tags.",
    "level": "FATAL",
    "type": "SQL",
    "test": "ast-sqlite-boot",
    "plugin": "italystrap",
    "details": "[16-Apr-2025 13:54:21 UTC] WordPress database error <div style=\"clear:both\">&nbsp;</div>\n<div class=\"queries\" style=\"clear:both;margin-bottom:2px;border:red dotted thin;\">\n<p>MySQL query:</p>\n<p>SELECT LA_user_schema_tags FROM wp_posts</p>\n<p>Queries made or created this session were:</p>\n<ol>\n<li>Executing: BEGIN | (no parameters)</li>\n<li>Executing: SELECT LA_user_schema_tags FROM wp_posts | (no parameters)</li>\n<li>Executing: ROLLBACK | (no parameters)</li>\n</ol>\n</div>\n<div style=\"clear:both;margin-bottom:2px;border:red dotted thin;\" class=\"error_message\" style=\"border-bottom:dotted blue thin;\">\nError occurred at line 4117 in Function <code>handle_error</code>. Error message was: SQLSTATE[HY000]: General error: 1 no such column: LA_user_schema_tags.\n</div>\n<p>Backtrace:</p>\n<pre>#0 /internal/shared/sqlite-database-integration/wp-includes/sqlite/class-wp-sqlite-db.php(287): WP_SQLite_Translator->get_error_message()\n#1 /wordpress/wp-includes/class-wpdb.php(3146): WP_SQLite_DB->query('SELECT LA_user_...')\n#2 /wordpress/wp-content/plugins/luminate-ai-schema-data/includes/class-lumaisd-activator.php(31): wpdb->get_results('SELECT LA_user_...')\n#3 /wordpress/wp-content/plugins/luminate-ai-schema-data/lumaisd.php(35): Lumaisd_Activator::activate()\n#4 /wordpress/wp-includes/class-wp-hook.php(324): activate_lumaisd(false)\n#5 /wordpress/wp-includes/class-wp-hook.php(348): WP_Hook->apply_filters('', Array)\n#6 /wordpress/wp-includes/plugin.php(517): WP_Hook->do_action(Array)\n#7 /wordpress/wp-admin/includes/plugin.php(703): do_action('activate_lumina...', false)\n#8 /internal/eval.php(20): activate_plugin('luminate-ai-sch...')\n#9 {main}</pre>\n for query SELECT LA_user_schema_tags FROM wp_posts made by activate_plugin, do_action('activate_luminate-ai-schema-data/lumaisd.php'), WP_Hook->do_action, WP_Hook->apply_filters, activate_lumaisd, Lumaisd_Activator::activate, WP_SQLite_DB->query, WP_SQLite_DB->print_error",
    "log": "/logs/plugins/i/italystrap/error.json"
  },
  {
    "message": "SQLSTATE[HY000]: General error: 1 no such column: LA_user_active_schema_tags.",
    "level": "FATAL",
    "type": "SQL",
    "test": "ast-sqlite-boot",
    "plugin": "italystrap",
    "details": "[16-Apr-2025 13:54:21 UTC] WordPress database error <div style=\"clear:both\">&nbsp;</div>\n<div class=\"queries\" style=\"clear:both;margin-bottom:2px;border:red dotted thin;\">\n<p>MySQL query:</p>\n<p>SELECT LA_user_active_schema_tags FROM wp_posts</p>\n<p>Queries made or created this session were:</p>\n<ol>\n<li>Executing: BEGIN | (no parameters)</li>\n<li>Executing: SELECT LA_user_active_schema_tags FROM wp_posts | (no parameters)</li>\n<li>Executing: ROLLBACK | (no parameters)</li>\n</ol>\n</div>\n<div style=\"clear:both;margin-bottom:2px;border:red dotted thin;\" class=\"error_message\" style=\"border-bottom:dotted blue thin;\">\nError occurred at line 4117 in Function <code>handle_error</code>. Error message was: SQLSTATE[HY000]: General error: 1 no such column: LA_user_active_schema_tags.\n</div>\n<p>Backtrace:</p>\n<pre>#0 /internal/shared/sqlite-database-integration/wp-includes/sqlite/class-wp-sqlite-db.php(287): WP_SQLite_Translator->get_error_message()\n#1 /wordpress/wp-includes/class-wpdb.php(3146): WP_SQLite_DB->query('SELECT LA_user_...')\n#2 /wordpress/wp-content/plugins/luminate-ai-schema-data/includes/class-lumaisd-activator.php(35): wpdb->get_results('SELECT LA_user_...')\n#3 /wordpress/wp-content/plugins/luminate-ai-schema-data/lumaisd.php(35): Lumaisd_Activator::activate()\n#4 /wordpress/wp-includes/class-wp-hook.php(324): activate_lumaisd(false)\n#5 /wordpress/wp-includes/class-wp-hook.php(348): WP_Hook->apply_filters('', Array)\n#6 /wordpress/wp-includes/plugin.php(517): WP_Hook->do_action(Array)\n#7 /wordpress/wp-admin/includes/plugin.php(703): do_action('activate_lumina...', false)\n#8 /internal/eval.php(20): activate_plugin('luminate-ai-sch...')\n#9 {main}</pre>\n for query SELECT LA_user_active_schema_tags FROM wp_posts made by activate_plugin, do_action('activate_luminate-ai-schema-data/lumaisd.php'), WP_Hook->do_action, WP_Hook->apply_filters, activate_lumaisd, Lumaisd_Activator::activate, WP_SQLite_DB->query, WP_SQLite_DB->print_error",
    "log": "/logs/plugins/i/italystrap/error.json"
  },
  {
    "message": "SQLSTATE[HY000]: General error: 1 no such column: LA_user_schema_tags.",
    "level": "FATAL",
    "type": "SQL",
    "test": "ast-sqlite-boot",
    "plugin": "italystrap",
    "details": "[16-Apr-2025 13:54:29 UTC] WordPress database error <div style=\"clear:both\">&nbsp;</div>\n<div class=\"queries\" style=\"clear:both;margin-bottom:2px;border:red dotted thin;\">\n<p>MySQL query:</p>\n<p>SELECT LA_user_schema_tags FROM wp_posts</p>\n<p>Queries made or created this session were:</p>\n<ol>\n<li>Executing: BEGIN | (no parameters)</li>\n<li>Executing: SELECT LA_user_schema_tags FROM wp_posts | (no parameters)</li>\n<li>Executing: ROLLBACK | (no parameters)</li>\n</ol>\n</div>\n<div style=\"clear:both;margin-bottom:2px;border:red dotted thin;\" class=\"error_message\" style=\"border-bottom:dotted blue thin;\">\nError occurred at line 4117 in Function <code>handle_error</code>. Error message was: SQLSTATE[HY000]: General error: 1 no such column: LA_user_schema_tags.\n</div>\n<p>Backtrace:</p>\n<pre>#0 /internal/shared/sqlite-database-integration/wp-includes/sqlite/class-wp-sqlite-db.php(287): WP_SQLite_Translator->get_error_message()\n#1 /wordpress/wp-includes/class-wpdb.php(3146): WP_SQLite_DB->query('SELECT LA_user_...')\n#2 /wordpress/wp-content/plugins/luminate-ai-schema-data/includes/class-lumaisd-activator.php(31): wpdb->get_results('SELECT LA_user_...')\n#3 /wordpress/wp-content/plugins/luminate-ai-schema-data/lumaisd.php(35): Lumaisd_Activator::activate()\n#4 /wordpress/wp-includes/class-wp-hook.php(324): activate_lumaisd(false)\n#5 /wordpress/wp-includes/class-wp-hook.php(348): WP_Hook->apply_filters('', Array)\n#6 /wordpress/wp-includes/plugin.php(517): WP_Hook->do_action(Array)\n#7 /wordpress/wp-admin/includes/plugin.php(703): do_action('activate_lumina...', false)\n#8 /internal/eval.php(20): activate_plugin('luminate-ai-sch...')\n#9 {main}</pre>\n for query SELECT LA_user_schema_tags FROM wp_posts made by activate_plugin, do_action('activate_luminate-ai-schema-data/lumaisd.php'), WP_Hook->do_action, WP_Hook->apply_filters, activate_lumaisd, Lumaisd_Activator::activate, WP_SQLite_DB->query, WP_SQLite_DB->print_error",
    "log": "/logs/plugins/i/italystrap/error.json"
  },
  {
    "message": "SQLSTATE[HY000]: General error: 1 no such column: LA_user_active_schema_tags.",
    "level": "FATAL",
    "type": "SQL",
    "test": "ast-sqlite-boot",
    "plugin": "italystrap",
    "details": "[16-Apr-2025 13:54:29 UTC] WordPress database error <div style=\"clear:both\">&nbsp;</div>\n<div class=\"queries\" style=\"clear:both;margin-bottom:2px;border:red dotted thin;\">\n<p>MySQL query:</p>\n<p>SELECT LA_user_active_schema_tags FROM wp_posts</p>\n<p>Queries made or created this session were:</p>\n<ol>\n<li>Executing: BEGIN | (no parameters)</li>\n<li>Executing: SELECT LA_user_active_schema_tags FROM wp_posts | (no parameters)</li>\n<li>Executing: ROLLBACK | (no parameters)</li>\n</ol>\n</div>\n<div style=\"clear:both;margin-bottom:2px;border:red dotted thin;\" class=\"error_message\" style=\"border-bottom:dotted blue thin;\">\nError occurred at line 4117 in Function <code>handle_error</code>. Error message was: SQLSTATE[HY000]: General error: 1 no such column: LA_user_active_schema_tags.\n</div>\n<p>Backtrace:</p>\n<pre>#0 /internal/shared/sqlite-database-integration/wp-includes/sqlite/class-wp-sqlite-db.php(287): WP_SQLite_Translator->get_error_message()\n#1 /wordpress/wp-includes/class-wpdb.php(3146): WP_SQLite_DB->query('SELECT LA_user_...')\n#2 /wordpress/wp-content/plugins/luminate-ai-schema-data/includes/class-lumaisd-activator.php(35): wpdb->get_results('SELECT LA_user_...')\n#3 /wordpress/wp-content/plugins/luminate-ai-schema-data/lumaisd.php(35): Lumaisd_Activator::activate()\n#4 /wordpress/wp-includes/class-wp-hook.php(324): activate_lumaisd(false)\n#5 /wordpress/wp-includes/class-wp-hook.php(348): WP_Hook->apply_filters('', Array)\n#6 /wordpress/wp-includes/plugin.php(517): WP_Hook->do_action(Array)\n#7 /wordpress/wp-admin/includes/plugin.php(703): do_action('activate_lumina...', false)\n#8 /internal/eval.php(20): activate_plugin('luminate-ai-sch...')\n#9 {main}</pre>\n for query SELECT LA_user_active_schema_tags FROM wp_posts made by activate_plugin, do_action('activate_luminate-ai-schema-data/lumaisd.php'), WP_Hook->do_action, WP_Hook->apply_filters, activate_lumaisd, Lumaisd_Activator::activate, WP_SQLite_DB->query, WP_SQLite_DB->print_error",
    "log": "/logs/plugins/i/italystrap/error.json"
  },
  {
    "message": "Uncaught ArgumentCountError: Too few arguments to function WP_Widget::__construct(), 0 passed in /wordpress/wp-includes/class-wp-widget-factory.php on line 62 and at least 2 expected in /wordpress/wp-includes/class-wp-widget.php:163",
    "level": "FATAL",
    "type": "PHP",
    "test": "ast-sqlite-boot",
    "plugin": "italystrap",
    "details": "[16-Apr-2025 13:57:47 UTC] PHP Fatal error:  Uncaught ArgumentCountError: Too few arguments to function WP_Widget::__construct(), 0 passed in /wordpress/wp-includes/class-wp-widget-factory.php on line 62 and at least 2 expected in /wordpress/wp-includes/class-wp-widget.php:163\nStack trace:\n#0 /wordpress/wp-includes/class-wp-widget-factory.php(62): WP_Widget->__construct()\n#1 /wordpress/wp-includes/widgets.php(123): WP_Widget_Factory->register('am_wpie')\n#2 /wordpress/wp-content/plugins/indicadores-economicos/indicadores-economicos.php(67): register_widget('am_wpie')\n#3 /wordpress/wp-includes/class-wp-hook.php(324): load_am_wpie('')\n#4 /wordpress/wp-includes/class-wp-hook.php(348): WP_Hook->apply_filters(NULL, Array)\n#5 /wordpress/wp-includes/plugin.php(517): WP_Hook->do_action(Array)\n#6 /wordpress/wp-includes/widgets.php(1870): do_action('widgets_init')\n#7 /wordpress/wp-includes/class-wp-hook.php(324): wp_widgets_init('')\n#8 /wordpress/wp-includes/class-wp-hook.php(348): WP_Hook->apply_filters(NULL, Array)\n#9 /wordpress/wp-includes/plugin.php(517): WP_Hook->do_action(Array)\n#10 /wordpress/wp-settings.php(727): do_action('init')\n#11 /wordpress/wp-config.php(102): require_once('/wordpress/wp-s...')\n#12 /wordpress/wp-load.php(50): require_once('/wordpress/wp-c...')\n#13 /internal/eval.php(3): require_once('/wordpress/wp-l...')\n#14 {main}\n  thrown in /wordpress/wp-includes/class-wp-widget.php on line 163",
    "log": "/logs/plugins/i/italystrap/error.json"
  },
  {
    "message": "Uncaught ArgumentCountError: Too few arguments to function WP_Widget::__construct(), 0 passed in /wordpress/wp-includes/class-wp-widget-factory.php on line 62 and at least 2 expected in /wordpress/wp-includes/class-wp-widget.php:163",
    "level": "FATAL",
    "type": "PHP",
    "test": "ast-sqlite-boot",
    "plugin": "italystrap",
    "details": "[16-Apr-2025 13:57:55 UTC] PHP Fatal error:  Uncaught ArgumentCountError: Too few arguments to function WP_Widget::__construct(), 0 passed in /wordpress/wp-includes/class-wp-widget-factory.php on line 62 and at least 2 expected in /wordpress/wp-includes/class-wp-widget.php:163\nStack trace:\n#0 /wordpress/wp-includes/class-wp-widget-factory.php(62): WP_Widget->__construct()\n#1 /wordpress/wp-includes/widgets.php(123): WP_Widget_Factory->register('am_wpie')\n#2 /wordpress/wp-content/plugins/indicadores-economicos/indicadores-economicos.php(67): register_widget('am_wpie')\n#3 /wordpress/wp-includes/class-wp-hook.php(324): load_am_wpie('')\n#4 /wordpress/wp-includes/class-wp-hook.php(348): WP_Hook->apply_filters(NULL, Array)\n#5 /wordpress/wp-includes/plugin.php(517): WP_Hook->do_action(Array)\n#6 /wordpress/wp-includes/widgets.php(1870): do_action('widgets_init')\n#7 /wordpress/wp-includes/class-wp-hook.php(324): wp_widgets_init('')\n#8 /wordpress/wp-includes/class-wp-hook.php(348): WP_Hook->apply_filters(NULL, Array)\n#9 /wordpress/wp-includes/plugin.php(517): WP_Hook->do_action(Array)\n#10 /wordpress/wp-settings.php(727): do_action('init')\n#11 /wordpress/wp-config.php(102): require_once('/wordpress/wp-s...')\n#12 /wordpress/wp-load.php(50): require_once('/wordpress/wp-c...')\n#13 /internal/eval.php(3): require_once('/wordpress/wp-l...')\n#14 {main}\n  thrown in /wordpress/wp-includes/class-wp-widget.php on line 163",
    "log": "/logs/plugins/i/italystrap/error.json"
  },
  {
    "message": "Uncaught ArgumentCountError: Too few arguments to function WP_Widget::__construct(), 0 passed in /wordpress/wp-includes/class-wp-widget-factory.php on line 62 and at least 2 expected in /wordpress/wp-includes/class-wp-widget.php:163",
    "level": "FATAL",
    "type": "PHP",
    "test": "ast-sqlite-boot",
    "plugin": "italystrap",
    "details": "[16-Apr-2025 13:58:04 UTC] PHP Fatal error:  Uncaught ArgumentCountError: Too few arguments to function WP_Widget::__construct(), 0 passed in /wordpress/wp-includes/class-wp-widget-factory.php on line 62 and at least 2 expected in /wordpress/wp-includes/class-wp-widget.php:163\nStack trace:\n#0 /wordpress/wp-includes/class-wp-widget-factory.php(62): WP_Widget->__construct()\n#1 /wordpress/wp-includes/widgets.php(123): WP_Widget_Factory->register('am_wpie')\n#2 /wordpress/wp-content/plugins/indicadores-economicos/indicadores-economicos.php(67): register_widget('am_wpie')\n#3 /wordpress/wp-includes/class-wp-hook.php(324): load_am_wpie('')\n#4 /wordpress/wp-includes/class-wp-hook.php(348): WP_Hook->apply_filters(NULL, Array)\n#5 /wordpress/wp-includes/plugin.php(517): WP_Hook->do_action(Array)\n#6 /wordpress/wp-includes/widgets.php(1870): do_action('widgets_init')\n#7 /wordpress/wp-includes/class-wp-hook.php(324): wp_widgets_init('')\n#8 /wordpress/wp-includes/class-wp-hook.php(348): WP_Hook->apply_filters(NULL, Array)\n#9 /wordpress/wp-includes/plugin.php(517): WP_Hook->do_action(Array)\n#10 /wordpress/wp-settings.php(727): do_action('init')\n#11 /wordpress/wp-config.php(102): require_once('/wordpress/wp-s...')\n#12 /wordpress/wp-load.php(50): require_once('/wordpress/wp-c...')\n#13 /internal/eval.php(3): require_once('/wordpress/wp-l...')\n#14 {main}\n  thrown in /wordpress/wp-includes/class-wp-widget.php on line 163",
    "log": "/logs/plugins/i/italystrap/error.json"
  },
  {
    "message": "Function _load_textdomain_just_in_time was called <strong>incorrectly</strong>. Translation loading for the <code>otw_ibsw</code> domain was triggered too early. This is usually an indicator for some code in the plugin or theme running too early. Translations should be loaded at the <code>init</code> action or later. Please see <a href=\"https://developer.wordpress.org/advanced-administration/debug/debug-wordpress/\">Debugging in WordPress</a> for more information. (This message was added in version 6.7.0.) in /wordpress/wp-includes/functions.php on line 6121",
    "level": "NOTICE",
    "type": "PHP",
    "test": "ast-sqlite-boot",
    "plugin": "italystrap",
    "details": "[16-Apr-2025 13:58:14 UTC] PHP Notice:  Function _load_textdomain_just_in_time was called <strong>incorrectly</strong>. Translation loading for the <code>otw_ibsw</code> domain was triggered too early. This is usually an indicator for some code in the plugin or theme running too early. Translations should be loaded at the <code>init</code> action or later. Please see <a href=\"https://developer.wordpress.org/advanced-administration/debug/debug-wordpress/\">Debugging in WordPress</a> for more information. (This message was added in version 6.7.0.) in /wordpress/wp-includes/functions.php on line 6121",
    "log": "/logs/plugins/i/italystrap/error.json"
  },
  {
    "message": "Function _load_textdomain_just_in_time was called <strong>incorrectly</strong>. Translation loading for the <code>otw_ibsw</code> domain was triggered too early. This is usually an indicator for some code in the plugin or theme running too early. Translations should be loaded at the <code>init</code> action or later. Please see <a href=\"https://developer.wordpress.org/advanced-administration/debug/debug-wordpress/\">Debugging in WordPress</a> for more information. (This message was added in version 6.7.0.) in /wordpress/wp-includes/functions.php on line 6121",
    "level": "NOTICE",
    "type": "PHP",
    "test": "ast-sqlite-boot",
    "plugin": "italystrap",
    "details": "[16-Apr-2025 13:58:24 UTC] PHP Notice:  Function _load_textdomain_just_in_time was called <strong>incorrectly</strong>. Translation loading for the <code>otw_ibsw</code> domain was triggered too early. This is usually an indicator for some code in the plugin or theme running too early. Translations should be loaded at the <code>init</code> action or later. Please see <a href=\"https://developer.wordpress.org/advanced-administration/debug/debug-wordpress/\">Debugging in WordPress</a> for more information. (This message was added in version 6.7.0.) in /wordpress/wp-includes/functions.php on line 6121",
    "log": "/logs/plugins/i/italystrap/error.json"
  },
  {
    "message": "Function _load_textdomain_just_in_time was called <strong>incorrectly</strong>. Translation loading for the <code>otw_ibsw</code> domain was triggered too early. This is usually an indicator for some code in the plugin or theme running too early. Translations should be loaded at the <code>init</code> action or later. Please see <a href=\"https://developer.wordpress.org/advanced-administration/debug/debug-wordpress/\">Debugging in WordPress</a> for more information. (This message was added in version 6.7.0.) in /wordpress/wp-includes/functions.php on line 6121",
    "level": "NOTICE",
    "type": "PHP",
    "test": "ast-sqlite-boot",
    "plugin": "italystrap",
    "details": "[16-Apr-2025 13:58:35 UTC] PHP Notice:  Function _load_textdomain_just_in_time was called <strong>incorrectly</strong>. Translation loading for the <code>otw_ibsw</code> domain was triggered too early. This is usually an indicator for some code in the plugin or theme running too early. Translations should be loaded at the <code>init</code> action or later. Please see <a href=\"https://developer.wordpress.org/advanced-administration/debug/debug-wordpress/\">Debugging in WordPress</a> for more information. (This message was added in version 6.7.0.) in /wordpress/wp-includes/functions.php on line 6121",
    "log": "/logs/plugins/i/italystrap/error.json"
  },
  {
    "message": "Uncaught TypeError: call_user_func_array(): Argument #1 ($callback) must be a valid callback, non-static method Inspirational_Quotes::activate() cannot be called statically in /wordpress/wp-includes/class-wp-hook.php:324",
    "level": "FATAL",
    "type": "PHP",
    "test": "ast-sqlite-boot",
    "plugin": "italystrap",
    "details": "[16-Apr-2025 13:59:33 UTC] PHP Fatal error:  Uncaught TypeError: call_user_func_array(): Argument #1 ($callback) must be a valid callback, non-static method Inspirational_Quotes::activate() cannot be called statically in /wordpress/wp-includes/class-wp-hook.php:324\nStack trace:\n#0 /wordpress/wp-includes/class-wp-hook.php(348): WP_Hook->apply_filters('', Array)\n#1 /wordpress/wp-includes/plugin.php(517): WP_Hook->do_action(Array)\n#2 /wordpress/wp-admin/includes/plugin.php(703): do_action('activate_inspir...', false)\n#3 /internal/eval.php(20): activate_plugin('inspirational-q...')\n#4 {main}\n  thrown in /wordpress/wp-includes/class-wp-hook.php on line 324",
    "log": "/logs/plugins/i/italystrap/error.json"
  },
  {
    "message": "Uncaught TypeError: call_user_func_array(): Argument #1 ($callback) must be a valid callback, non-static method Inspirational_Quotes::activate() cannot be called statically in /wordpress/wp-includes/class-wp-hook.php:324",
    "level": "FATAL",
    "type": "PHP",
    "test": "ast-sqlite-boot",
    "plugin": "italystrap",
    "details": "[16-Apr-2025 13:59:41 UTC] PHP Fatal error:  Uncaught TypeError: call_user_func_array(): Argument #1 ($callback) must be a valid callback, non-static method Inspirational_Quotes::activate() cannot be called statically in /wordpress/wp-includes/class-wp-hook.php:324\nStack trace:\n#0 /wordpress/wp-includes/class-wp-hook.php(348): WP_Hook->apply_filters('', Array)\n#1 /wordpress/wp-includes/plugin.php(517): WP_Hook->do_action(Array)\n#2 /wordpress/wp-admin/includes/plugin.php(703): do_action('activate_inspir...', false)\n#3 /internal/eval.php(20): activate_plugin('inspirational-q...')\n#4 {main}\n  thrown in /wordpress/wp-includes/class-wp-hook.php on line 324",
    "log": "/logs/plugins/i/italystrap/error.json"
  },
  {
    "message": "Uncaught TypeError: call_user_func_array(): Argument #1 ($callback) must be a valid callback, non-static method Inspirational_Quotes::activate() cannot be called statically in /wordpress/wp-includes/class-wp-hook.php:324",
    "level": "FATAL",
    "type": "PHP",
    "test": "ast-sqlite-boot",
    "plugin": "italystrap",
    "details": "[16-Apr-2025 13:59:49 UTC] PHP Fatal error:  Uncaught TypeError: call_user_func_array(): Argument #1 ($callback) must be a valid callback, non-static method Inspirational_Quotes::activate() cannot be called statically in /wordpress/wp-includes/class-wp-hook.php:324\nStack trace:\n#0 /wordpress/wp-includes/class-wp-hook.php(348): WP_Hook->apply_filters('', Array)\n#1 /wordpress/wp-includes/plugin.php(517): WP_Hook->do_action(Array)\n#2 /wordpress/wp-admin/includes/plugin.php(703): do_action('activate_inspir...', false)\n#3 /internal/eval.php(20): activate_plugin('inspirational-q...')\n#4 {main}\n  thrown in /wordpress/wp-includes/class-wp-hook.php on line 324",
    "log": "/logs/plugins/i/italystrap/error.json"
  },
  {
    "message": "Required parameter $return_mode follows optional parameter $widget_call in /wordpress/wp-content/plugins/instagram-gallery-widget/classes/class-main.php on line 214",
    "level": "DEPRECATED",
    "type": "PHP",
    "test": "ast-sqlite-boot",
    "plugin": "italystrap",
    "details": "[16-Apr-2025 13:59:57 UTC] PHP Deprecated:  Required parameter $return_mode follows optional parameter $widget_call in /wordpress/wp-content/plugins/instagram-gallery-widget/classes/class-main.php on line 214",
    "log": "/logs/plugins/i/italystrap/error.json"
  },
  {
    "message": "Required parameter $return_mode follows optional parameter $widget_call in /wordpress/wp-content/plugins/instagram-gallery-widget/classes/class-main.php on line 214",
    "level": "DEPRECATED",
    "type": "PHP",
    "test": "ast-sqlite-boot",
    "plugin": "italystrap",
    "details": "[16-Apr-2025 13:59:58 UTC] PHP Deprecated:  Required parameter $return_mode follows optional parameter $widget_call in /wordpress/wp-content/plugins/instagram-gallery-widget/classes/class-main.php on line 214",
    "log": "/logs/plugins/i/italystrap/error.json"
  },
  {
    "message": "Uncaught ArgumentCountError: Too few arguments to function WP_Widget::__construct(), 0 passed in /wordpress/wp-includes/class-wp-widget-factory.php on line 62 and at least 2 expected in /wordpress/wp-includes/class-wp-widget.php:163",
    "level": "FATAL",
    "type": "PHP",
    "test": "ast-sqlite-boot",
    "plugin": "italystrap",
    "details": "[16-Apr-2025 13:59:58 UTC] PHP Fatal error:  Uncaught ArgumentCountError: Too few arguments to function WP_Widget::__construct(), 0 passed in /wordpress/wp-includes/class-wp-widget-factory.php on line 62 and at least 2 expected in /wordpress/wp-includes/class-wp-widget.php:163\nStack trace:\n#0 /wordpress/wp-includes/class-wp-widget-factory.php(62): WP_Widget->__construct()\n#1 /wordpress/wp-includes/widgets.php(123): WP_Widget_Factory->register('WDG_InstagramGa...')\n#2 /wordpress/wp-content/plugins/instagram-gallery-widget/lib/lib-admin.php(37): register_widget('WDG_InstagramGa...')\n#3 /wordpress/wp-includes/class-wp-hook.php(324): igw_install_widgets('')\n#4 /wordpress/wp-includes/class-wp-hook.php(348): WP_Hook->apply_filters(NULL, Array)\n#5 /wordpress/wp-includes/plugin.php(517): WP_Hook->do_action(Array)\n#6 /wordpress/wp-includes/widgets.php(1870): do_action('widgets_init')\n#7 /wordpress/wp-includes/class-wp-hook.php(324): wp_widgets_init('')\n#8 /wordpress/wp-includes/class-wp-hook.php(348): WP_Hook->apply_filters(NULL, Array)\n#9 /wordpress/wp-includes/plugin.php(517): WP_Hook->do_action(Array)\n#10 /wordpress/wp-settings.php(727): do_action('init')\n#11 /wordpress/wp-config.php(102): require_once('/wordpress/wp-s...')\n#12 /wordpress/wp-load.php(50): require_once('/wordpress/wp-c...')\n#13 /internal/eval.php(3): require_once('/wordpress/wp-l...')\n#14 {main}\n  thrown in /wordpress/wp-includes/class-wp-widget.php on line 163",
    "log": "/logs/plugins/i/italystrap/error.json"
  },
  {
    "message": "Required parameter $return_mode follows optional parameter $widget_call in /wordpress/wp-content/plugins/instagram-gallery-widget/classes/class-main.php on line 214",
    "level": "DEPRECATED",
    "type": "PHP",
    "test": "ast-sqlite-boot",
    "plugin": "italystrap",
    "details": "[16-Apr-2025 14:00:06 UTC] PHP Deprecated:  Required parameter $return_mode follows optional parameter $widget_call in /wordpress/wp-content/plugins/instagram-gallery-widget/classes/class-main.php on line 214",
    "log": "/logs/plugins/i/italystrap/error.json"
  },
  {
    "message": "Required parameter $return_mode follows optional parameter $widget_call in /wordpress/wp-content/plugins/instagram-gallery-widget/classes/class-main.php on line 214",
    "level": "DEPRECATED",
    "type": "PHP",
    "test": "ast-sqlite-boot",
    "plugin": "italystrap",
    "details": "[16-Apr-2025 14:00:07 UTC] PHP Deprecated:  Required parameter $return_mode follows optional parameter $widget_call in /wordpress/wp-content/plugins/instagram-gallery-widget/classes/class-main.php on line 214",
    "log": "/logs/plugins/i/italystrap/error.json"
  },
  {
    "message": "Uncaught ArgumentCountError: Too few arguments to function WP_Widget::__construct(), 0 passed in /wordpress/wp-includes/class-wp-widget-factory.php on line 62 and at least 2 expected in /wordpress/wp-includes/class-wp-widget.php:163",
    "level": "FATAL",
    "type": "PHP",
    "test": "ast-sqlite-boot",
    "plugin": "italystrap",
    "details": "[16-Apr-2025 14:00:08 UTC] PHP Fatal error:  Uncaught ArgumentCountError: Too few arguments to function WP_Widget::__construct(), 0 passed in /wordpress/wp-includes/class-wp-widget-factory.php on line 62 and at least 2 expected in /wordpress/wp-includes/class-wp-widget.php:163\nStack trace:\n#0 /wordpress/wp-includes/class-wp-widget-factory.php(62): WP_Widget->__construct()\n#1 /wordpress/wp-includes/widgets.php(123): WP_Widget_Factory->register('WDG_InstagramGa...')\n#2 /wordpress/wp-content/plugins/instagram-gallery-widget/lib/lib-admin.php(37): register_widget('WDG_InstagramGa...')\n#3 /wordpress/wp-includes/class-wp-hook.php(324): igw_install_widgets('')\n#4 /wordpress/wp-includes/class-wp-hook.php(348): WP_Hook->apply_filters(NULL, Array)\n#5 /wordpress/wp-includes/plugin.php(517): WP_Hook->do_action(Array)\n#6 /wordpress/wp-includes/widgets.php(1870): do_action('widgets_init')\n#7 /wordpress/wp-includes/class-wp-hook.php(324): wp_widgets_init('')\n#8 /wordpress/wp-includes/class-wp-hook.php(348): WP_Hook->apply_filters(NULL, Array)\n#9 /wordpress/wp-includes/plugin.php(517): WP_Hook->do_action(Array)\n#10 /wordpress/wp-settings.php(727): do_action('init')\n#11 /wordpress/wp-config.php(102): require_once('/wordpress/wp-s...')\n#12 /wordpress/wp-load.php(50): require_once('/wordpress/wp-c...')\n#13 /internal/eval.php(3): require_once('/wordpress/wp-l...')\n#14 {main}\n  thrown in /wordpress/wp-includes/class-wp-widget.php on line 163",
    "log": "/logs/plugins/i/italystrap/error.json"
  },
  {
    "message": "Required parameter $return_mode follows optional parameter $widget_call in /wordpress/wp-content/plugins/instagram-gallery-widget/classes/class-main.php on line 214",
    "level": "DEPRECATED",
    "type": "PHP",
    "test": "ast-sqlite-boot",
    "plugin": "italystrap",
    "details": "[16-Apr-2025 14:00:16 UTC] PHP Deprecated:  Required parameter $return_mode follows optional parameter $widget_call in /wordpress/wp-content/plugins/instagram-gallery-widget/classes/class-main.php on line 214",
    "log": "/logs/plugins/i/italystrap/error.json"
  },
  {
    "message": "Required parameter $return_mode follows optional parameter $widget_call in /wordpress/wp-content/plugins/instagram-gallery-widget/classes/class-main.php on line 214",
    "level": "DEPRECATED",
    "type": "PHP",
    "test": "ast-sqlite-boot",
    "plugin": "italystrap",
    "details": "[16-Apr-2025 14:00:17 UTC] PHP Deprecated:  Required parameter $return_mode follows optional parameter $widget_call in /wordpress/wp-content/plugins/instagram-gallery-widget/classes/class-main.php on line 214",
    "log": "/logs/plugins/i/italystrap/error.json"
  },
  {
    "message": "Uncaught ArgumentCountError: Too few arguments to function WP_Widget::__construct(), 0 passed in /wordpress/wp-includes/class-wp-widget-factory.php on line 62 and at least 2 expected in /wordpress/wp-includes/class-wp-widget.php:163",
    "level": "FATAL",
    "type": "PHP",
    "test": "ast-sqlite-boot",
    "plugin": "italystrap",
    "details": "[16-Apr-2025 14:00:17 UTC] PHP Fatal error:  Uncaught ArgumentCountError: Too few arguments to function WP_Widget::__construct(), 0 passed in /wordpress/wp-includes/class-wp-widget-factory.php on line 62 and at least 2 expected in /wordpress/wp-includes/class-wp-widget.php:163\nStack trace:\n#0 /wordpress/wp-includes/class-wp-widget-factory.php(62): WP_Widget->__construct()\n#1 /wordpress/wp-includes/widgets.php(123): WP_Widget_Factory->register('WDG_InstagramGa...')\n#2 /wordpress/wp-content/plugins/instagram-gallery-widget/lib/lib-admin.php(37): register_widget('WDG_InstagramGa...')\n#3 /wordpress/wp-includes/class-wp-hook.php(324): igw_install_widgets('')\n#4 /wordpress/wp-includes/class-wp-hook.php(348): WP_Hook->apply_filters(NULL, Array)\n#5 /wordpress/wp-includes/plugin.php(517): WP_Hook->do_action(Array)\n#6 /wordpress/wp-includes/widgets.php(1870): do_action('widgets_init')\n#7 /wordpress/wp-includes/class-wp-hook.php(324): wp_widgets_init('')\n#8 /wordpress/wp-includes/class-wp-hook.php(348): WP_Hook->apply_filters(NULL, Array)\n#9 /wordpress/wp-includes/plugin.php(517): WP_Hook->do_action(Array)\n#10 /wordpress/wp-settings.php(727): do_action('init')\n#11 /wordpress/wp-config.php(102): require_once('/wordpress/wp-s...')\n#12 /wordpress/wp-load.php(50): require_once('/wordpress/wp-c...')\n#13 /internal/eval.php(3): require_once('/wordpress/wp-l...')\n#14 {main}\n  thrown in /wordpress/wp-includes/class-wp-widget.php on line 163",
    "log": "/logs/plugins/i/italystrap/error.json"
  },
  {
    "message": "Declaration of IProperty_Amenity_Checklist::start_el(&$output, $category, $depth, $args, $id = 0) must be compatible with Walker_Category_Checklist::start_el(&$output, $data_object, $depth = 0, $args = [], $current_object_id = 0) in /wordpress/wp-content/plugins/intellectual-property-basic/taxonomies/amenity/setup.php on line 60",
    "level": "FATAL",
    "type": "PHP",
    "test": "ast-sqlite-boot",
    "plugin": "italystrap",
    "details": "[16-Apr-2025 14:00:46 UTC] PHP Fatal error:  Declaration of IProperty_Amenity_Checklist::start_el(&$output, $category, $depth, $args, $id = 0) must be compatible with Walker_Category_Checklist::start_el(&$output, $data_object, $depth = 0, $args = [], $current_object_id = 0) in /wordpress/wp-content/plugins/intellectual-property-basic/taxonomies/amenity/setup.php on line 60",
    "log": "/logs/plugins/i/italystrap/error.json"
  },
  {
    "message": "Declaration of IProperty_Amenity_Checklist::start_el(&$output, $category, $depth, $args, $id = 0) must be compatible with Walker_Category_Checklist::start_el(&$output, $data_object, $depth = 0, $args = [], $current_object_id = 0) in /wordpress/wp-content/plugins/intellectual-property-basic/taxonomies/amenity/setup.php on line 60",
    "level": "FATAL",
    "type": "PHP",
    "test": "ast-sqlite-boot",
    "plugin": "italystrap",
    "details": "[16-Apr-2025 14:00:54 UTC] PHP Fatal error:  Declaration of IProperty_Amenity_Checklist::start_el(&$output, $category, $depth, $args, $id = 0) must be compatible with Walker_Category_Checklist::start_el(&$output, $data_object, $depth = 0, $args = [], $current_object_id = 0) in /wordpress/wp-content/plugins/intellectual-property-basic/taxonomies/amenity/setup.php on line 60",
    "log": "/logs/plugins/i/italystrap/error.json"
  },
  {
    "message": "Declaration of IProperty_Amenity_Checklist::start_el(&$output, $category, $depth, $args, $id = 0) must be compatible with Walker_Category_Checklist::start_el(&$output, $data_object, $depth = 0, $args = [], $current_object_id = 0) in /wordpress/wp-content/plugins/intellectual-property-basic/taxonomies/amenity/setup.php on line 60",
    "level": "FATAL",
    "type": "PHP",
    "test": "ast-sqlite-boot",
    "plugin": "italystrap",
    "details": "[16-Apr-2025 14:01:02 UTC] PHP Fatal error:  Declaration of IProperty_Amenity_Checklist::start_el(&$output, $category, $depth, $args, $id = 0) must be compatible with Walker_Category_Checklist::start_el(&$output, $data_object, $depth = 0, $args = [], $current_object_id = 0) in /wordpress/wp-content/plugins/intellectual-property-basic/taxonomies/amenity/setup.php on line 60",
    "log": "/logs/plugins/i/italystrap/error.json"
  },
  {
    "message": "mysqli::__construct(): (HY000/2002): Address family not supported by protocol in /wordpress/wp-content/plugins/ipresso/include/sqlquery.php on line 142",
    "level": "WARNING",
    "type": "PHP",
    "test": "ast-sqlite-boot",
    "plugin": "italystrap",
    "details": "[16-Apr-2025 14:02:04 UTC] PHP Warning:  mysqli::__construct(): (HY000/2002): Address family not supported by protocol in /wordpress/wp-content/plugins/ipresso/include/sqlquery.php on line 142",
    "log": "/logs/plugins/i/italystrap/error.json"
  },
  {
    "message": "Uncaught Error: mysqli object is already closed in /wordpress/wp-content/plugins/ipresso/include/sqlquery.php:143",
    "level": "FATAL",
    "type": "PHP",
    "test": "ast-sqlite-boot",
    "plugin": "italystrap",
    "details": "[16-Apr-2025 14:02:04 UTC] PHP Fatal error:  Uncaught Error: mysqli object is already closed in /wordpress/wp-content/plugins/ipresso/include/sqlquery.php:143\nStack trace:\n#0 /wordpress/wp-content/plugins/ipresso/include/sqlquery.php(143): mysqli->query('SET NAMES utf8')\n#1 /wordpress/wp-content/plugins/ipresso/include/sqlquery.php(179): iPresso_SQL->sqlQuery('\\n              ...')\n#2 /wordpress/wp-content/plugins/ipresso/include/funct.php(22): iPresso_SQL->checkIfUserExists()\n#3 /wordpress/wp-content/plugins/ipresso/ipresso.php(91): iPresso_Function->checkRegistration()\n#4 /wordpress/wp-content/plugins/ipresso/ipresso.php(97): iPresso->startPlugin()\n#5 /wordpress/wp-admin/includes/plugin.php(2387): include_once('/wordpress/wp-c...')\n#6 /wordpress/wp-admin/includes/plugin.php(673): plugin_sandbox_scrape('ipresso/ipresso...')\n#7 /internal/eval.php(20): activate_plugin('ipresso/ipresso...')\n#8 {main}\n  thrown in /wordpress/wp-content/plugins/ipresso/include/sqlquery.php on line 143",
    "log": "/logs/plugins/i/italystrap/error.json"
  },
  {
    "message": "mysqli::__construct(): (HY000/2002): Address family not supported by protocol in /wordpress/wp-content/plugins/ipresso/include/sqlquery.php on line 142",
    "level": "WARNING",
    "type": "PHP",
    "test": "ast-sqlite-boot",
    "plugin": "italystrap",
    "details": "[16-Apr-2025 14:02:12 UTC] PHP Warning:  mysqli::__construct(): (HY000/2002): Address family not supported by protocol in /wordpress/wp-content/plugins/ipresso/include/sqlquery.php on line 142",
    "log": "/logs/plugins/i/italystrap/error.json"
  },
  {
    "message": "Uncaught Error: mysqli object is already closed in /wordpress/wp-content/plugins/ipresso/include/sqlquery.php:143",
    "level": "FATAL",
    "type": "PHP",
    "test": "ast-sqlite-boot",
    "plugin": "italystrap",
    "details": "[16-Apr-2025 14:02:12 UTC] PHP Fatal error:  Uncaught Error: mysqli object is already closed in /wordpress/wp-content/plugins/ipresso/include/sqlquery.php:143\nStack trace:\n#0 /wordpress/wp-content/plugins/ipresso/include/sqlquery.php(143): mysqli->query('SET NAMES utf8')\n#1 /wordpress/wp-content/plugins/ipresso/include/sqlquery.php(179): iPresso_SQL->sqlQuery('\\n              ...')\n#2 /wordpress/wp-content/plugins/ipresso/include/funct.php(22): iPresso_SQL->checkIfUserExists()\n#3 /wordpress/wp-content/plugins/ipresso/ipresso.php(91): iPresso_Function->checkRegistration()\n#4 /wordpress/wp-content/plugins/ipresso/ipresso.php(97): iPresso->startPlugin()\n#5 /wordpress/wp-admin/includes/plugin.php(2387): include_once('/wordpress/wp-c...')\n#6 /wordpress/wp-admin/includes/plugin.php(673): plugin_sandbox_scrape('ipresso/ipresso...')\n#7 /internal/eval.php(20): activate_plugin('ipresso/ipresso...')\n#8 {main}\n  thrown in /wordpress/wp-content/plugins/ipresso/include/sqlquery.php on line 143",
    "log": "/logs/plugins/i/italystrap/error.json"
  },
  {
    "message": "mysqli::__construct(): (HY000/2002): Address family not supported by protocol in /wordpress/wp-content/plugins/ipresso/include/sqlquery.php on line 142",
    "level": "WARNING",
    "type": "PHP",
    "test": "ast-sqlite-boot",
    "plugin": "italystrap",
    "details": "[16-Apr-2025 14:02:21 UTC] PHP Warning:  mysqli::__construct(): (HY000/2002): Address family not supported by protocol in /wordpress/wp-content/plugins/ipresso/include/sqlquery.php on line 142",
    "log": "/logs/plugins/i/italystrap/error.json"
  },
  {
    "message": "Uncaught Error: mysqli object is already closed in /wordpress/wp-content/plugins/ipresso/include/sqlquery.php:143",
    "level": "FATAL",
    "type": "PHP",
    "test": "ast-sqlite-boot",
    "plugin": "italystrap",
    "details": "[16-Apr-2025 14:02:21 UTC] PHP Fatal error:  Uncaught Error: mysqli object is already closed in /wordpress/wp-content/plugins/ipresso/include/sqlquery.php:143\nStack trace:\n#0 /wordpress/wp-content/plugins/ipresso/include/sqlquery.php(143): mysqli->query('SET NAMES utf8')\n#1 /wordpress/wp-content/plugins/ipresso/include/sqlquery.php(179): iPresso_SQL->sqlQuery('\\n              ...')\n#2 /wordpress/wp-content/plugins/ipresso/include/funct.php(22): iPresso_SQL->checkIfUserExists()\n#3 /wordpress/wp-content/plugins/ipresso/ipresso.php(91): iPresso_Function->checkRegistration()\n#4 /wordpress/wp-content/plugins/ipresso/ipresso.php(97): iPresso->startPlugin()\n#5 /wordpress/wp-admin/includes/plugin.php(2387): include_once('/wordpress/wp-c...')\n#6 /wordpress/wp-admin/includes/plugin.php(673): plugin_sandbox_scrape('ipresso/ipresso...')\n#7 /internal/eval.php(20): activate_plugin('ipresso/ipresso...')\n#8 {main}\n  thrown in /wordpress/wp-content/plugins/ipresso/include/sqlquery.php on line 143",
    "log": "/logs/plugins/i/italystrap/error.json"
  },
  {
    "message": "include(/wordpress/wp-content/plugins/italystrap/vendor/composer/../../src/Event/Manager.php): Failed to open stream: No such file or directory in /wordpress/wp-content/plugins/italystrap/vendor/composer/ClassLoader.php on line 582",
    "level": "WARNING",
    "type": "PHP",
    "test": "ast-sqlite-boot",
    "plugin": "italystrap",
    "details": "[16-Apr-2025 14:02:32 UTC] PHP Warning:  include(/wordpress/wp-content/plugins/italystrap/vendor/composer/../../src/Event/Manager.php): Failed to open stream: No such file or directory in /wordpress/wp-content/plugins/italystrap/vendor/composer/ClassLoader.php on line 582",
    "log": "/logs/plugins/i/italystrap/error.json"
  },
  {
    "message": "include(): Failed opening '/wordpress/wp-content/plugins/italystrap/vendor/composer/../../src/Event/Manager.php' for inclusion (include_path='.:') in /wordpress/wp-content/plugins/italystrap/vendor/composer/ClassLoader.php on line 582",
    "level": "WARNING",
    "type": "PHP",
    "test": "ast-sqlite-boot",
    "plugin": "italystrap",
    "details": "[16-Apr-2025 14:02:32 UTC] PHP Warning:  include(): Failed opening '/wordpress/wp-content/plugins/italystrap/vendor/composer/../../src/Event/Manager.php' for inclusion (include_path='.:') in /wordpress/wp-content/plugins/italystrap/vendor/composer/ClassLoader.php on line 582",
    "log": "/logs/plugins/i/italystrap/error.json"
  },
  {
    "message": "Uncaught ReflectionException: Class \"ItalyStrap\\Event\\Manager\" does not exist in /wordpress/wp-content/plugins/italystrap/vendor/rdlowrey/auryn/lib/StandardReflector.php:14",
    "level": "FATAL",
    "type": "PHP",
    "test": "ast-sqlite-boot",
    "plugin": "italystrap",
    "details": "[16-Apr-2025 14:02:33 UTC] PHP Fatal error:  Uncaught ReflectionException: Class \"ItalyStrap\\Event\\Manager\" does not exist in /wordpress/wp-content/plugins/italystrap/vendor/rdlowrey/auryn/lib/StandardReflector.php:14\nStack trace:\n#0 /wordpress/wp-content/plugins/italystrap/vendor/rdlowrey/auryn/lib/StandardReflector.php(14): ReflectionClass->__construct('ItalyStrap\\\\Even...')\n#1 /wordpress/wp-content/plugins/italystrap/vendor/rdlowrey/auryn/lib/CachingReflector.php(38): Auryn\\StandardReflector->getCtor('ItalyStrap\\\\Even...')\n#2 /wordpress/wp-content/plugins/italystrap/vendor/italystrap/empress/bridge/Injector.php(426): Auryn\\CachingReflector->getCtor('ItalyStrap\\\\Even...')\n#3 /wordpress/wp-content/plugins/italystrap/vendor/italystrap/empress/bridge/Injector.php(377): ItalyStrap\\Empress\\Injector->provisionInstance('ItalyStrap\\\\Even...', 'italystrap\\\\even...', Array)\n#4 /wordpress/wp-content/plugins/italystrap/bootstrap.php(149): ItalyStrap\\Empress\\Injector->make('ItalyStrap\\\\Even...')\n#5 /wordpress/wp-content/plugins/italystrap/italystrap.php(70): require('/wordpress/wp-c...')\n#6 /wordpress/wp-admin/includes/plugin.php(2387): include_once('/wordpress/wp-c...')\n#7 /wordpress/wp-admin/includes/plugin.php(673): plugin_sandbox_scrape('italystrap/ital...')\n#8 /internal/eval.php(20): activate_plugin('italystrap/ital...')\n#9 {main}\n\nNext Auryn\\InjectionException: Could not make ItalyStrap\\Event\\Manager: Class \"ItalyStrap\\Event\\Manager\" does not exist in /wordpress/wp-content/plugins/italystrap/vendor/italystrap/empress/bridge/Injector.php:449\nStack trace:\n#0 /wordpress/wp-content/plugins/italystrap/vendor/italystrap/empress/bridge/Injector.php(377): ItalyStrap\\Empress\\Injector->provisionInstance('ItalyStrap\\\\Even...', 'italystrap\\\\even...', Array)\n#1 /wordpress/wp-content/plugins/italystrap/bootstrap.php(149): ItalyStrap\\Empress\\Injector->make('ItalyStrap\\\\Even...')\n#2 /wordpress/wp-content/plugins/italystrap/italystrap.php(70): require('/wordpress/wp-c...')\n#3 /wordpress/wp-admin/includes/plugin.php(2387): include_once('/wordpress/wp-c...')\n#4 /wordpress/wp-admin/includes/plugin.php(673): plugin_sandbox_scrape('italystrap/ital...')\n#5 /internal/eval.php(20): activate_plugin('italystrap/ital...')\n#6 {main}\n  thrown in /wordpress/wp-content/plugins/italystrap/vendor/italystrap/empress/bridge/Injector.php on line 449\n\n    at Object.onBind (file:///home/runner/work/playground-tester/playground-tester/node_modules/@wp-playground/cli/index.js:237:15)\n    at process.processTicksAndRejections (node:internal/process/task_queues:105:5)\n    at async V (file:///home/runner/work/playground-tester/playground-tester/node_modules/@wp-playground/cli/index.js:64:10)\n    at async ja (file:///home/runner/work/playground-tester/playground-tester/node_modules/@wp-playground/cli/cli.js:8161:12) {\n  [cause]: Error: Error when executing the blueprint step #5 ({\"step\":\"installPlugin\",\"pluginData\":{\"resource\":\"wordpress.org/plugins\",\"slug\":\"italystrap\"},\"options\":{\"activate\":true}}) : PHP.run() failed with exit code 255 and the following output: \n      at Object.run (file:///home/runner/work/playground-tester/playground-tester/node_modules/@wp-playground/blueprints/index.js:12449:19)\n      at process.processTicksAndRejections (node:internal/process/task_queues:105:5)\n      at async ms (file:///home/runner/work/playground-tester/playground-tester/node_modules/@wp-playground/blueprints/index.js:12552:3)\n      ... 2 lines matching cause stack trace ...\n      at async ja (file:///home/runner/work/playground-tester/playground-tester/node_modules/@wp-playground/cli/cli.js:8161:12) {\n    [cause]: PHPExecutionFailureError: PHP.run() failed with exit code 255 and the following output: \n        at PHP.run (file:///home/runner/work/playground-tester/playground-tester/node_modules/@php-wasm/universal/index.js:987:19)\n        at process.processTicksAndRejections (node:internal/process/task_queues:105:5)\n        at async wr (file:///home/runner/work/playground-tester/playground-tester/node_modules/@wp-playground/blueprints/index.js:33:39)\n        at async Object.gt [as installPlugin] (file:///home/runner/work/playground-tester/playground-tester/node_modules/@wp-playground/blueprints/index.js:974:42)\n        at async g (file:///home/runner/work/playground-tester/playground-tester/node_modules/@wp-playground/blueprints/index.js:12517:30)\n        at async Object.run (file:///home/runner/work/playground-tester/playground-tester/node_modules/@wp-playground/blueprints/index.js:12446:23)\n        at async ms (file:///home/runner/work/playground-tester/playground-tester/node_modules/@wp-playground/blueprints/index.js:12552:3)\n        at async Object.onBind (file:///home/runner/work/playground-tester/playground-tester/node_modules/@wp-playground/cli/index.js:227:48)\n        at async V (file:///home/runner/work/playground-tester/playground-tester/node_modules/@wp-playground/cli/index.js:64:10)\n        at async ja (file:///home/runner/work/playground-tester/playground-tester/node_modules/@wp-playground/cli/cli.js:8161:12) {\n      response: PHPResponse {\n        httpStatusCode: 500,\n        headers: {\n          'x-powered-by': [ 'PHP/8.0.30-dev' ],\n          'content-type': [ 'text/html; charset=UTF-8' ]\n        },\n        bytes: Uint8Array(0) [],\n        exitCode: 255,\n        errors: ''\n      },\n      source: 'request'\n    }\n  }\n}\n\n",
    "log": "/logs/plugins/i/italystrap/error.json"
  },
  {
    "message": "file:///home/runner/work/playground-tester/playground-tester/node_modules/@wp-playground/cli/index.js:237\n        throw new Error(y, { cause: u });\n              ^\n",
    "level": "FATAL",
    "type": "PLAYGROUND",
    "test": "asyncify-boot",
    "plugin": "italystrap",
    "details": "file:///home/runner/work/playground-tester/playground-tester/node_modules/@wp-playground/cli/index.js:237\n        throw new Error(y, { cause: u });\n              ^\n",
    "log": "/tmp/tmp.oLpJZNRaHw"
  },
  {
    "message": "Undefined variable $wpdb in /wordpress/wp-content/plugins/lynk-responder/plugin-lynk-responder.php on line 17",
    "level": "WARNING",
    "type": "PHP",
    "test": "asyncify-boot",
    "plugin": "italystrap",
    "details": "[16-Apr-2025 13:51:44 UTC] PHP Warning:  Undefined variable $wpdb in /wordpress/wp-content/plugins/lynk-responder/plugin-lynk-responder.php on line 17",
    "log": "/logs/plugins/i/italystrap/error.json"
  },
  {
    "message": "Undefined variable $wpdb in /wordpress/wp-content/plugins/lynk-responder/plugin-lynk-responder.php on line 17",
    "level": "WARNING",
    "type": "PHP",
    "test": "asyncify-boot",
    "plugin": "italystrap",
    "details": "[16-Apr-2025 13:51:53 UTC] PHP Warning:  Undefined variable $wpdb in /wordpress/wp-content/plugins/lynk-responder/plugin-lynk-responder.php on line 17",
    "log": "/logs/plugins/i/italystrap/error.json"
  },
  {
    "message": "Undefined variable $wpdb in /wordpress/wp-content/plugins/lynk-responder/plugin-lynk-responder.php on line 17",
    "level": "WARNING",
    "type": "PHP",
    "test": "asyncify-boot",
    "plugin": "italystrap",
    "details": "[16-Apr-2025 13:52:02 UTC] PHP Warning:  Undefined variable $wpdb in /wordpress/wp-content/plugins/lynk-responder/plugin-lynk-responder.php on line 17",
    "log": "/logs/plugins/i/italystrap/error.json"
  },
  {
    "message": "Function wp_enqueue_script was called <strong>incorrectly</strong>. Scripts and styles should not be registered or enqueued until the <code>wp_enqueue_scripts</code>, <code>admin_enqueue_scripts</code>, or <code>login_enqueue_scripts</code> hooks. This notice was triggered by the <code>jquery</code> handle. Please see <a href=\"https://developer.wordpress.org/advanced-administration/debug/debug-wordpress/\">Debugging in WordPress</a> for more information. (This message was added in version 3.3.0.) in /wordpress/wp-includes/functions.php on line 6121",
    "level": "NOTICE",
    "type": "PHP",
    "test": "asyncify-boot",
    "plugin": "italystrap",
    "details": "[16-Apr-2025 13:52:12 UTC] PHP Notice:  Function wp_enqueue_script was called <strong>incorrectly</strong>. Scripts and styles should not be registered or enqueued until the <code>wp_enqueue_scripts</code>, <code>admin_enqueue_scripts</code>, or <code>login_enqueue_scripts</code> hooks. This notice was triggered by the <code>jquery</code> handle. Please see <a href=\"https://developer.wordpress.org/advanced-administration/debug/debug-wordpress/\">Debugging in WordPress</a> for more information. (This message was added in version 3.3.0.) in /wordpress/wp-includes/functions.php on line 6121",
    "log": "/logs/plugins/i/italystrap/error.json"
  },
  {
    "message": "Function wp_enqueue_script was called <strong>incorrectly</strong>. Scripts and styles should not be registered or enqueued until the <code>wp_enqueue_scripts</code>, <code>admin_enqueue_scripts</code>, or <code>login_enqueue_scripts</code> hooks. This notice was triggered by the <code>jquery</code> handle. Please see <a href=\"https://developer.wordpress.org/advanced-administration/debug/debug-wordpress/\">Debugging in WordPress</a> for more information. (This message was added in version 3.3.0.) in /wordpress/wp-includes/functions.php on line 6121",
    "level": "NOTICE",
    "type": "PHP",
    "test": "asyncify-boot",
    "plugin": "italystrap",
    "details": "[16-Apr-2025 13:52:21 UTC] PHP Notice:  Function wp_enqueue_script was called <strong>incorrectly</strong>. Scripts and styles should not be registered or enqueued until the <code>wp_enqueue_scripts</code>, <code>admin_enqueue_scripts</code>, or <code>login_enqueue_scripts</code> hooks. This notice was triggered by the <code>jquery</code> handle. Please see <a href=\"https://developer.wordpress.org/advanced-administration/debug/debug-wordpress/\">Debugging in WordPress</a> for more information. (This message was added in version 3.3.0.) in /wordpress/wp-includes/functions.php on line 6121",
    "log": "/logs/plugins/i/italystrap/error.json"
  },
  {
    "message": "Function wp_enqueue_script was called <strong>incorrectly</strong>. Scripts and styles should not be registered or enqueued until the <code>wp_enqueue_scripts</code>, <code>admin_enqueue_scripts</code>, or <code>login_enqueue_scripts</code> hooks. This notice was triggered by the <code>jquery</code> handle. Please see <a href=\"https://developer.wordpress.org/advanced-administration/debug/debug-wordpress/\">Debugging in WordPress</a> for more information. (This message was added in version 3.3.0.) in /wordpress/wp-includes/functions.php on line 6121",
    "level": "NOTICE",
    "type": "PHP",
    "test": "asyncify-boot",
    "plugin": "italystrap",
    "details": "[16-Apr-2025 13:52:30 UTC] PHP Notice:  Function wp_enqueue_script was called <strong>incorrectly</strong>. Scripts and styles should not be registered or enqueued until the <code>wp_enqueue_scripts</code>, <code>admin_enqueue_scripts</code>, or <code>login_enqueue_scripts</code> hooks. This notice was triggered by the <code>jquery</code> handle. Please see <a href=\"https://developer.wordpress.org/advanced-administration/debug/debug-wordpress/\">Debugging in WordPress</a> for more information. (This message was added in version 3.3.0.) in /wordpress/wp-includes/functions.php on line 6121",
    "log": "/logs/plugins/i/italystrap/error.json"
  },
  {
    "message": "Undefined array key \"REMOTE_ADDR\" in /wordpress/wp-content/plugins/logpress/logpress.php on line 53",
    "level": "WARNING",
    "type": "PHP",
    "test": "asyncify-boot",
    "plugin": "italystrap",
    "details": "[16-Apr-2025 13:53:20 UTC] PHP Warning:  Undefined array key \"REMOTE_ADDR\" in /wordpress/wp-content/plugins/logpress/logpress.php on line 53",
    "log": "/logs/plugins/i/italystrap/error.json"
  },
  {
    "message": "Undefined array key \"REMOTE_ADDR\" in /wordpress/wp-content/plugins/logpress/logpress.php on line 53",
    "level": "WARNING",
    "type": "PHP",
    "test": "asyncify-boot",
    "plugin": "italystrap",
    "details": "[16-Apr-2025 13:53:28 UTC] PHP Warning:  Undefined array key \"REMOTE_ADDR\" in /wordpress/wp-content/plugins/logpress/logpress.php on line 53",
    "log": "/logs/plugins/i/italystrap/error.json"
  },
  {
    "message": "Undefined array key \"REMOTE_ADDR\" in /wordpress/wp-content/plugins/logpress/logpress.php on line 53",
    "level": "WARNING",
    "type": "PHP",
    "test": "asyncify-boot",
    "plugin": "italystrap",
    "details": "[16-Apr-2025 13:53:37 UTC] PHP Warning:  Undefined array key \"REMOTE_ADDR\" in /wordpress/wp-content/plugins/logpress/logpress.php on line 53",
    "log": "/logs/plugins/i/italystrap/error.json"
  },
  {
    "message": "Function _load_textdomain_just_in_time was called <strong>incorrectly</strong>. Translation loading for the <code>lorem-ipsum-by-webline</code> domain was triggered too early. This is usually an indicator for some code in the plugin or theme running too early. Translations should be loaded at the <code>init</code> action or later. Please see <a href=\"https://developer.wordpress.org/advanced-administration/debug/debug-wordpress/\">Debugging in WordPress</a> for more information. (This message was added in version 6.7.0.) in /wordpress/wp-includes/functions.php on line 6121",
    "level": "NOTICE",
    "type": "PHP",
    "test": "asyncify-boot",
    "plugin": "italystrap",
    "details": "[16-Apr-2025 13:53:46 UTC] PHP Notice:  Function _load_textdomain_just_in_time was called <strong>incorrectly</strong>. Translation loading for the <code>lorem-ipsum-by-webline</code> domain was triggered too early. This is usually an indicator for some code in the plugin or theme running too early. Translations should be loaded at the <code>init</code> action or later. Please see <a href=\"https://developer.wordpress.org/advanced-administration/debug/debug-wordpress/\">Debugging in WordPress</a> for more information. (This message was added in version 6.7.0.) in /wordpress/wp-includes/functions.php on line 6121",
    "log": "/logs/plugins/i/italystrap/error.json"
  },
  {
    "message": "Function _load_textdomain_just_in_time was called <strong>incorrectly</strong>. Translation loading for the <code>lorem-ipsum-by-webline</code> domain was triggered too early. This is usually an indicator for some code in the plugin or theme running too early. Translations should be loaded at the <code>init</code> action or later. Please see <a href=\"https://developer.wordpress.org/advanced-administration/debug/debug-wordpress/\">Debugging in WordPress</a> for more information. (This message was added in version 6.7.0.) in /wordpress/wp-includes/functions.php on line 6121",
    "level": "NOTICE",
    "type": "PHP",
    "test": "asyncify-boot",
    "plugin": "italystrap",
    "details": "[16-Apr-2025 13:53:54 UTC] PHP Notice:  Function _load_textdomain_just_in_time was called <strong>incorrectly</strong>. Translation loading for the <code>lorem-ipsum-by-webline</code> domain was triggered too early. This is usually an indicator for some code in the plugin or theme running too early. Translations should be loaded at the <code>init</code> action or later. Please see <a href=\"https://developer.wordpress.org/advanced-administration/debug/debug-wordpress/\">Debugging in WordPress</a> for more information. (This message was added in version 6.7.0.) in /wordpress/wp-includes/functions.php on line 6121",
    "log": "/logs/plugins/i/italystrap/error.json"
  },
  {
    "message": "Function _load_textdomain_just_in_time was called <strong>incorrectly</strong>. Translation loading for the <code>lorem-ipsum-by-webline</code> domain was triggered too early. This is usually an indicator for some code in the plugin or theme running too early. Translations should be loaded at the <code>init</code> action or later. Please see <a href=\"https://developer.wordpress.org/advanced-administration/debug/debug-wordpress/\">Debugging in WordPress</a> for more information. (This message was added in version 6.7.0.) in /wordpress/wp-includes/functions.php on line 6121",
    "level": "NOTICE",
    "type": "PHP",
    "test": "asyncify-boot",
    "plugin": "italystrap",
    "details": "[16-Apr-2025 13:54:03 UTC] PHP Notice:  Function _load_textdomain_just_in_time was called <strong>incorrectly</strong>. Translation loading for the <code>lorem-ipsum-by-webline</code> domain was triggered too early. This is usually an indicator for some code in the plugin or theme running too early. Translations should be loaded at the <code>init</code> action or later. Please see <a href=\"https://developer.wordpress.org/advanced-administration/debug/debug-wordpress/\">Debugging in WordPress</a> for more information. (This message was added in version 6.7.0.) in /wordpress/wp-includes/functions.php on line 6121",
    "log": "/logs/plugins/i/italystrap/error.json"
  },
  {
    "message": "SQLSTATE[HY000]: General error: 1 no such column: LA_user_schema_tags.",
    "level": "FATAL",
    "type": "SQL",
    "test": "asyncify-boot",
    "plugin": "italystrap",
    "details": "[16-Apr-2025 13:54:21 UTC] WordPress database error <div style=\"clear:both\">&nbsp;</div>\n<div class=\"queries\" style=\"clear:both;margin-bottom:2px;border:red dotted thin;\">\n<p>MySQL query:</p>\n<p>SELECT LA_user_schema_tags FROM wp_posts</p>\n<p>Queries made or created this session were:</p>\n<ol>\n<li>Executing: BEGIN | (no parameters)</li>\n<li>Executing: SELECT LA_user_schema_tags FROM wp_posts | (no parameters)</li>\n<li>Executing: ROLLBACK | (no parameters)</li>\n</ol>\n</div>\n<div style=\"clear:both;margin-bottom:2px;border:red dotted thin;\" class=\"error_message\" style=\"border-bottom:dotted blue thin;\">\nError occurred at line 4117 in Function <code>handle_error</code>. Error message was: SQLSTATE[HY000]: General error: 1 no such column: LA_user_schema_tags.\n</div>\n<p>Backtrace:</p>\n<pre>#0 /internal/shared/sqlite-database-integration/wp-includes/sqlite/class-wp-sqlite-db.php(287): WP_SQLite_Translator->get_error_message()\n#1 /wordpress/wp-includes/class-wpdb.php(3146): WP_SQLite_DB->query('SELECT LA_user_...')\n#2 /wordpress/wp-content/plugins/luminate-ai-schema-data/includes/class-lumaisd-activator.php(31): wpdb->get_results('SELECT LA_user_...')\n#3 /wordpress/wp-content/plugins/luminate-ai-schema-data/lumaisd.php(35): Lumaisd_Activator::activate()\n#4 /wordpress/wp-includes/class-wp-hook.php(324): activate_lumaisd(false)\n#5 /wordpress/wp-includes/class-wp-hook.php(348): WP_Hook->apply_filters('', Array)\n#6 /wordpress/wp-includes/plugin.php(517): WP_Hook->do_action(Array)\n#7 /wordpress/wp-admin/includes/plugin.php(703): do_action('activate_lumina...', false)\n#8 /internal/eval.php(20): activate_plugin('luminate-ai-sch...')\n#9 {main}</pre>\n for query SELECT LA_user_schema_tags FROM wp_posts made by activate_plugin, do_action('activate_luminate-ai-schema-data/lumaisd.php'), WP_Hook->do_action, WP_Hook->apply_filters, activate_lumaisd, Lumaisd_Activator::activate, WP_SQLite_DB->query, WP_SQLite_DB->print_error",
    "log": "/logs/plugins/i/italystrap/error.json"
  },
  {
    "message": "SQLSTATE[HY000]: General error: 1 no such column: LA_user_active_schema_tags.",
    "level": "FATAL",
    "type": "SQL",
    "test": "asyncify-boot",
    "plugin": "italystrap",
    "details": "[16-Apr-2025 13:54:21 UTC] WordPress database error <div style=\"clear:both\">&nbsp;</div>\n<div class=\"queries\" style=\"clear:both;margin-bottom:2px;border:red dotted thin;\">\n<p>MySQL query:</p>\n<p>SELECT LA_user_active_schema_tags FROM wp_posts</p>\n<p>Queries made or created this session were:</p>\n<ol>\n<li>Executing: BEGIN | (no parameters)</li>\n<li>Executing: SELECT LA_user_active_schema_tags FROM wp_posts | (no parameters)</li>\n<li>Executing: ROLLBACK | (no parameters)</li>\n</ol>\n</div>\n<div style=\"clear:both;margin-bottom:2px;border:red dotted thin;\" class=\"error_message\" style=\"border-bottom:dotted blue thin;\">\nError occurred at line 4117 in Function <code>handle_error</code>. Error message was: SQLSTATE[HY000]: General error: 1 no such column: LA_user_active_schema_tags.\n</div>\n<p>Backtrace:</p>\n<pre>#0 /internal/shared/sqlite-database-integration/wp-includes/sqlite/class-wp-sqlite-db.php(287): WP_SQLite_Translator->get_error_message()\n#1 /wordpress/wp-includes/class-wpdb.php(3146): WP_SQLite_DB->query('SELECT LA_user_...')\n#2 /wordpress/wp-content/plugins/luminate-ai-schema-data/includes/class-lumaisd-activator.php(35): wpdb->get_results('SELECT LA_user_...')\n#3 /wordpress/wp-content/plugins/luminate-ai-schema-data/lumaisd.php(35): Lumaisd_Activator::activate()\n#4 /wordpress/wp-includes/class-wp-hook.php(324): activate_lumaisd(false)\n#5 /wordpress/wp-includes/class-wp-hook.php(348): WP_Hook->apply_filters('', Array)\n#6 /wordpress/wp-includes/plugin.php(517): WP_Hook->do_action(Array)\n#7 /wordpress/wp-admin/includes/plugin.php(703): do_action('activate_lumina...', false)\n#8 /internal/eval.php(20): activate_plugin('luminate-ai-sch...')\n#9 {main}</pre>\n for query SELECT LA_user_active_schema_tags FROM wp_posts made by activate_plugin, do_action('activate_luminate-ai-schema-data/lumaisd.php'), WP_Hook->do_action, WP_Hook->apply_filters, activate_lumaisd, Lumaisd_Activator::activate, WP_SQLite_DB->query, WP_SQLite_DB->print_error",
    "log": "/logs/plugins/i/italystrap/error.json"
  },
  {
    "message": "SQLSTATE[HY000]: General error: 1 no such column: LA_user_schema_tags.",
    "level": "FATAL",
    "type": "SQL",
    "test": "asyncify-boot",
    "plugin": "italystrap",
    "details": "[16-Apr-2025 13:54:29 UTC] WordPress database error <div style=\"clear:both\">&nbsp;</div>\n<div class=\"queries\" style=\"clear:both;margin-bottom:2px;border:red dotted thin;\">\n<p>MySQL query:</p>\n<p>SELECT LA_user_schema_tags FROM wp_posts</p>\n<p>Queries made or created this session were:</p>\n<ol>\n<li>Executing: BEGIN | (no parameters)</li>\n<li>Executing: SELECT LA_user_schema_tags FROM wp_posts | (no parameters)</li>\n<li>Executing: ROLLBACK | (no parameters)</li>\n</ol>\n</div>\n<div style=\"clear:both;margin-bottom:2px;border:red dotted thin;\" class=\"error_message\" style=\"border-bottom:dotted blue thin;\">\nError occurred at line 4117 in Function <code>handle_error</code>. Error message was: SQLSTATE[HY000]: General error: 1 no such column: LA_user_schema_tags.\n</div>\n<p>Backtrace:</p>\n<pre>#0 /internal/shared/sqlite-database-integration/wp-includes/sqlite/class-wp-sqlite-db.php(287): WP_SQLite_Translator->get_error_message()\n#1 /wordpress/wp-includes/class-wpdb.php(3146): WP_SQLite_DB->query('SELECT LA_user_...')\n#2 /wordpress/wp-content/plugins/luminate-ai-schema-data/includes/class-lumaisd-activator.php(31): wpdb->get_results('SELECT LA_user_...')\n#3 /wordpress/wp-content/plugins/luminate-ai-schema-data/lumaisd.php(35): Lumaisd_Activator::activate()\n#4 /wordpress/wp-includes/class-wp-hook.php(324): activate_lumaisd(false)\n#5 /wordpress/wp-includes/class-wp-hook.php(348): WP_Hook->apply_filters('', Array)\n#6 /wordpress/wp-includes/plugin.php(517): WP_Hook->do_action(Array)\n#7 /wordpress/wp-admin/includes/plugin.php(703): do_action('activate_lumina...', false)\n#8 /internal/eval.php(20): activate_plugin('luminate-ai-sch...')\n#9 {main}</pre>\n for query SELECT LA_user_schema_tags FROM wp_posts made by activate_plugin, do_action('activate_luminate-ai-schema-data/lumaisd.php'), WP_Hook->do_action, WP_Hook->apply_filters, activate_lumaisd, Lumaisd_Activator::activate, WP_SQLite_DB->query, WP_SQLite_DB->print_error",
    "log": "/logs/plugins/i/italystrap/error.json"
  },
  {
    "message": "SQLSTATE[HY000]: General error: 1 no such column: LA_user_active_schema_tags.",
    "level": "FATAL",
    "type": "SQL",
    "test": "asyncify-boot",
    "plugin": "italystrap",
    "details": "[16-Apr-2025 13:54:29 UTC] WordPress database error <div style=\"clear:both\">&nbsp;</div>\n<div class=\"queries\" style=\"clear:both;margin-bottom:2px;border:red dotted thin;\">\n<p>MySQL query:</p>\n<p>SELECT LA_user_active_schema_tags FROM wp_posts</p>\n<p>Queries made or created this session were:</p>\n<ol>\n<li>Executing: BEGIN | (no parameters)</li>\n<li>Executing: SELECT LA_user_active_schema_tags FROM wp_posts | (no parameters)</li>\n<li>Executing: ROLLBACK | (no parameters)</li>\n</ol>\n</div>\n<div style=\"clear:both;margin-bottom:2px;border:red dotted thin;\" class=\"error_message\" style=\"border-bottom:dotted blue thin;\">\nError occurred at line 4117 in Function <code>handle_error</code>. Error message was: SQLSTATE[HY000]: General error: 1 no such column: LA_user_active_schema_tags.\n</div>\n<p>Backtrace:</p>\n<pre>#0 /internal/shared/sqlite-database-integration/wp-includes/sqlite/class-wp-sqlite-db.php(287): WP_SQLite_Translator->get_error_message()\n#1 /wordpress/wp-includes/class-wpdb.php(3146): WP_SQLite_DB->query('SELECT LA_user_...')\n#2 /wordpress/wp-content/plugins/luminate-ai-schema-data/includes/class-lumaisd-activator.php(35): wpdb->get_results('SELECT LA_user_...')\n#3 /wordpress/wp-content/plugins/luminate-ai-schema-data/lumaisd.php(35): Lumaisd_Activator::activate()\n#4 /wordpress/wp-includes/class-wp-hook.php(324): activate_lumaisd(false)\n#5 /wordpress/wp-includes/class-wp-hook.php(348): WP_Hook->apply_filters('', Array)\n#6 /wordpress/wp-includes/plugin.php(517): WP_Hook->do_action(Array)\n#7 /wordpress/wp-admin/includes/plugin.php(703): do_action('activate_lumina...', false)\n#8 /internal/eval.php(20): activate_plugin('luminate-ai-sch...')\n#9 {main}</pre>\n for query SELECT LA_user_active_schema_tags FROM wp_posts made by activate_plugin, do_action('activate_luminate-ai-schema-data/lumaisd.php'), WP_Hook->do_action, WP_Hook->apply_filters, activate_lumaisd, Lumaisd_Activator::activate, WP_SQLite_DB->query, WP_SQLite_DB->print_error",
    "log": "/logs/plugins/i/italystrap/error.json"
  },
  {
    "message": "Uncaught ArgumentCountError: Too few arguments to function WP_Widget::__construct(), 0 passed in /wordpress/wp-includes/class-wp-widget-factory.php on line 62 and at least 2 expected in /wordpress/wp-includes/class-wp-widget.php:163",
    "level": "FATAL",
    "type": "PHP",
    "test": "asyncify-boot",
    "plugin": "italystrap",
    "details": "[16-Apr-2025 13:57:47 UTC] PHP Fatal error:  Uncaught ArgumentCountError: Too few arguments to function WP_Widget::__construct(), 0 passed in /wordpress/wp-includes/class-wp-widget-factory.php on line 62 and at least 2 expected in /wordpress/wp-includes/class-wp-widget.php:163\nStack trace:\n#0 /wordpress/wp-includes/class-wp-widget-factory.php(62): WP_Widget->__construct()\n#1 /wordpress/wp-includes/widgets.php(123): WP_Widget_Factory->register('am_wpie')\n#2 /wordpress/wp-content/plugins/indicadores-economicos/indicadores-economicos.php(67): register_widget('am_wpie')\n#3 /wordpress/wp-includes/class-wp-hook.php(324): load_am_wpie('')\n#4 /wordpress/wp-includes/class-wp-hook.php(348): WP_Hook->apply_filters(NULL, Array)\n#5 /wordpress/wp-includes/plugin.php(517): WP_Hook->do_action(Array)\n#6 /wordpress/wp-includes/widgets.php(1870): do_action('widgets_init')\n#7 /wordpress/wp-includes/class-wp-hook.php(324): wp_widgets_init('')\n#8 /wordpress/wp-includes/class-wp-hook.php(348): WP_Hook->apply_filters(NULL, Array)\n#9 /wordpress/wp-includes/plugin.php(517): WP_Hook->do_action(Array)\n#10 /wordpress/wp-settings.php(727): do_action('init')\n#11 /wordpress/wp-config.php(102): require_once('/wordpress/wp-s...')\n#12 /wordpress/wp-load.php(50): require_once('/wordpress/wp-c...')\n#13 /internal/eval.php(3): require_once('/wordpress/wp-l...')\n#14 {main}\n  thrown in /wordpress/wp-includes/class-wp-widget.php on line 163",
    "log": "/logs/plugins/i/italystrap/error.json"
  },
  {
    "message": "Uncaught ArgumentCountError: Too few arguments to function WP_Widget::__construct(), 0 passed in /wordpress/wp-includes/class-wp-widget-factory.php on line 62 and at least 2 expected in /wordpress/wp-includes/class-wp-widget.php:163",
    "level": "FATAL",
    "type": "PHP",
    "test": "asyncify-boot",
    "plugin": "italystrap",
    "details": "[16-Apr-2025 13:57:55 UTC] PHP Fatal error:  Uncaught ArgumentCountError: Too few arguments to function WP_Widget::__construct(), 0 passed in /wordpress/wp-includes/class-wp-widget-factory.php on line 62 and at least 2 expected in /wordpress/wp-includes/class-wp-widget.php:163\nStack trace:\n#0 /wordpress/wp-includes/class-wp-widget-factory.php(62): WP_Widget->__construct()\n#1 /wordpress/wp-includes/widgets.php(123): WP_Widget_Factory->register('am_wpie')\n#2 /wordpress/wp-content/plugins/indicadores-economicos/indicadores-economicos.php(67): register_widget('am_wpie')\n#3 /wordpress/wp-includes/class-wp-hook.php(324): load_am_wpie('')\n#4 /wordpress/wp-includes/class-wp-hook.php(348): WP_Hook->apply_filters(NULL, Array)\n#5 /wordpress/wp-includes/plugin.php(517): WP_Hook->do_action(Array)\n#6 /wordpress/wp-includes/widgets.php(1870): do_action('widgets_init')\n#7 /wordpress/wp-includes/class-wp-hook.php(324): wp_widgets_init('')\n#8 /wordpress/wp-includes/class-wp-hook.php(348): WP_Hook->apply_filters(NULL, Array)\n#9 /wordpress/wp-includes/plugin.php(517): WP_Hook->do_action(Array)\n#10 /wordpress/wp-settings.php(727): do_action('init')\n#11 /wordpress/wp-config.php(102): require_once('/wordpress/wp-s...')\n#12 /wordpress/wp-load.php(50): require_once('/wordpress/wp-c...')\n#13 /internal/eval.php(3): require_once('/wordpress/wp-l...')\n#14 {main}\n  thrown in /wordpress/wp-includes/class-wp-widget.php on line 163",
    "log": "/logs/plugins/i/italystrap/error.json"
  },
  {
    "message": "Uncaught ArgumentCountError: Too few arguments to function WP_Widget::__construct(), 0 passed in /wordpress/wp-includes/class-wp-widget-factory.php on line 62 and at least 2 expected in /wordpress/wp-includes/class-wp-widget.php:163",
    "level": "FATAL",
    "type": "PHP",
    "test": "asyncify-boot",
    "plugin": "italystrap",
    "details": "[16-Apr-2025 13:58:04 UTC] PHP Fatal error:  Uncaught ArgumentCountError: Too few arguments to function WP_Widget::__construct(), 0 passed in /wordpress/wp-includes/class-wp-widget-factory.php on line 62 and at least 2 expected in /wordpress/wp-includes/class-wp-widget.php:163\nStack trace:\n#0 /wordpress/wp-includes/class-wp-widget-factory.php(62): WP_Widget->__construct()\n#1 /wordpress/wp-includes/widgets.php(123): WP_Widget_Factory->register('am_wpie')\n#2 /wordpress/wp-content/plugins/indicadores-economicos/indicadores-economicos.php(67): register_widget('am_wpie')\n#3 /wordpress/wp-includes/class-wp-hook.php(324): load_am_wpie('')\n#4 /wordpress/wp-includes/class-wp-hook.php(348): WP_Hook->apply_filters(NULL, Array)\n#5 /wordpress/wp-includes/plugin.php(517): WP_Hook->do_action(Array)\n#6 /wordpress/wp-includes/widgets.php(1870): do_action('widgets_init')\n#7 /wordpress/wp-includes/class-wp-hook.php(324): wp_widgets_init('')\n#8 /wordpress/wp-includes/class-wp-hook.php(348): WP_Hook->apply_filters(NULL, Array)\n#9 /wordpress/wp-includes/plugin.php(517): WP_Hook->do_action(Array)\n#10 /wordpress/wp-settings.php(727): do_action('init')\n#11 /wordpress/wp-config.php(102): require_once('/wordpress/wp-s...')\n#12 /wordpress/wp-load.php(50): require_once('/wordpress/wp-c...')\n#13 /internal/eval.php(3): require_once('/wordpress/wp-l...')\n#14 {main}\n  thrown in /wordpress/wp-includes/class-wp-widget.php on line 163",
    "log": "/logs/plugins/i/italystrap/error.json"
  },
  {
    "message": "Function _load_textdomain_just_in_time was called <strong>incorrectly</strong>. Translation loading for the <code>otw_ibsw</code> domain was triggered too early. This is usually an indicator for some code in the plugin or theme running too early. Translations should be loaded at the <code>init</code> action or later. Please see <a href=\"https://developer.wordpress.org/advanced-administration/debug/debug-wordpress/\">Debugging in WordPress</a> for more information. (This message was added in version 6.7.0.) in /wordpress/wp-includes/functions.php on line 6121",
    "level": "NOTICE",
    "type": "PHP",
    "test": "asyncify-boot",
    "plugin": "italystrap",
    "details": "[16-Apr-2025 13:58:14 UTC] PHP Notice:  Function _load_textdomain_just_in_time was called <strong>incorrectly</strong>. Translation loading for the <code>otw_ibsw</code> domain was triggered too early. This is usually an indicator for some code in the plugin or theme running too early. Translations should be loaded at the <code>init</code> action or later. Please see <a href=\"https://developer.wordpress.org/advanced-administration/debug/debug-wordpress/\">Debugging in WordPress</a> for more information. (This message was added in version 6.7.0.) in /wordpress/wp-includes/functions.php on line 6121",
    "log": "/logs/plugins/i/italystrap/error.json"
  },
  {
    "message": "Function _load_textdomain_just_in_time was called <strong>incorrectly</strong>. Translation loading for the <code>otw_ibsw</code> domain was triggered too early. This is usually an indicator for some code in the plugin or theme running too early. Translations should be loaded at the <code>init</code> action or later. Please see <a href=\"https://developer.wordpress.org/advanced-administration/debug/debug-wordpress/\">Debugging in WordPress</a> for more information. (This message was added in version 6.7.0.) in /wordpress/wp-includes/functions.php on line 6121",
    "level": "NOTICE",
    "type": "PHP",
    "test": "asyncify-boot",
    "plugin": "italystrap",
    "details": "[16-Apr-2025 13:58:24 UTC] PHP Notice:  Function _load_textdomain_just_in_time was called <strong>incorrectly</strong>. Translation loading for the <code>otw_ibsw</code> domain was triggered too early. This is usually an indicator for some code in the plugin or theme running too early. Translations should be loaded at the <code>init</code> action or later. Please see <a href=\"https://developer.wordpress.org/advanced-administration/debug/debug-wordpress/\">Debugging in WordPress</a> for more information. (This message was added in version 6.7.0.) in /wordpress/wp-includes/functions.php on line 6121",
    "log": "/logs/plugins/i/italystrap/error.json"
  },
  {
    "message": "Function _load_textdomain_just_in_time was called <strong>incorrectly</strong>. Translation loading for the <code>otw_ibsw</code> domain was triggered too early. This is usually an indicator for some code in the plugin or theme running too early. Translations should be loaded at the <code>init</code> action or later. Please see <a href=\"https://developer.wordpress.org/advanced-administration/debug/debug-wordpress/\">Debugging in WordPress</a> for more information. (This message was added in version 6.7.0.) in /wordpress/wp-includes/functions.php on line 6121",
    "level": "NOTICE",
    "type": "PHP",
    "test": "asyncify-boot",
    "plugin": "italystrap",
    "details": "[16-Apr-2025 13:58:35 UTC] PHP Notice:  Function _load_textdomain_just_in_time was called <strong>incorrectly</strong>. Translation loading for the <code>otw_ibsw</code> domain was triggered too early. This is usually an indicator for some code in the plugin or theme running too early. Translations should be loaded at the <code>init</code> action or later. Please see <a href=\"https://developer.wordpress.org/advanced-administration/debug/debug-wordpress/\">Debugging in WordPress</a> for more information. (This message was added in version 6.7.0.) in /wordpress/wp-includes/functions.php on line 6121",
    "log": "/logs/plugins/i/italystrap/error.json"
  },
  {
    "message": "Uncaught TypeError: call_user_func_array(): Argument #1 ($callback) must be a valid callback, non-static method Inspirational_Quotes::activate() cannot be called statically in /wordpress/wp-includes/class-wp-hook.php:324",
    "level": "FATAL",
    "type": "PHP",
    "test": "asyncify-boot",
    "plugin": "italystrap",
    "details": "[16-Apr-2025 13:59:33 UTC] PHP Fatal error:  Uncaught TypeError: call_user_func_array(): Argument #1 ($callback) must be a valid callback, non-static method Inspirational_Quotes::activate() cannot be called statically in /wordpress/wp-includes/class-wp-hook.php:324\nStack trace:\n#0 /wordpress/wp-includes/class-wp-hook.php(348): WP_Hook->apply_filters('', Array)\n#1 /wordpress/wp-includes/plugin.php(517): WP_Hook->do_action(Array)\n#2 /wordpress/wp-admin/includes/plugin.php(703): do_action('activate_inspir...', false)\n#3 /internal/eval.php(20): activate_plugin('inspirational-q...')\n#4 {main}\n  thrown in /wordpress/wp-includes/class-wp-hook.php on line 324",
    "log": "/logs/plugins/i/italystrap/error.json"
  },
  {
    "message": "Uncaught TypeError: call_user_func_array(): Argument #1 ($callback) must be a valid callback, non-static method Inspirational_Quotes::activate() cannot be called statically in /wordpress/wp-includes/class-wp-hook.php:324",
    "level": "FATAL",
    "type": "PHP",
    "test": "asyncify-boot",
    "plugin": "italystrap",
    "details": "[16-Apr-2025 13:59:41 UTC] PHP Fatal error:  Uncaught TypeError: call_user_func_array(): Argument #1 ($callback) must be a valid callback, non-static method Inspirational_Quotes::activate() cannot be called statically in /wordpress/wp-includes/class-wp-hook.php:324\nStack trace:\n#0 /wordpress/wp-includes/class-wp-hook.php(348): WP_Hook->apply_filters('', Array)\n#1 /wordpress/wp-includes/plugin.php(517): WP_Hook->do_action(Array)\n#2 /wordpress/wp-admin/includes/plugin.php(703): do_action('activate_inspir...', false)\n#3 /internal/eval.php(20): activate_plugin('inspirational-q...')\n#4 {main}\n  thrown in /wordpress/wp-includes/class-wp-hook.php on line 324",
    "log": "/logs/plugins/i/italystrap/error.json"
  },
  {
    "message": "Uncaught TypeError: call_user_func_array(): Argument #1 ($callback) must be a valid callback, non-static method Inspirational_Quotes::activate() cannot be called statically in /wordpress/wp-includes/class-wp-hook.php:324",
    "level": "FATAL",
    "type": "PHP",
    "test": "asyncify-boot",
    "plugin": "italystrap",
    "details": "[16-Apr-2025 13:59:49 UTC] PHP Fatal error:  Uncaught TypeError: call_user_func_array(): Argument #1 ($callback) must be a valid callback, non-static method Inspirational_Quotes::activate() cannot be called statically in /wordpress/wp-includes/class-wp-hook.php:324\nStack trace:\n#0 /wordpress/wp-includes/class-wp-hook.php(348): WP_Hook->apply_filters('', Array)\n#1 /wordpress/wp-includes/plugin.php(517): WP_Hook->do_action(Array)\n#2 /wordpress/wp-admin/includes/plugin.php(703): do_action('activate_inspir...', false)\n#3 /internal/eval.php(20): activate_plugin('inspirational-q...')\n#4 {main}\n  thrown in /wordpress/wp-includes/class-wp-hook.php on line 324",
    "log": "/logs/plugins/i/italystrap/error.json"
  },
  {
    "message": "Required parameter $return_mode follows optional parameter $widget_call in /wordpress/wp-content/plugins/instagram-gallery-widget/classes/class-main.php on line 214",
    "level": "DEPRECATED",
    "type": "PHP",
    "test": "asyncify-boot",
    "plugin": "italystrap",
    "details": "[16-Apr-2025 13:59:57 UTC] PHP Deprecated:  Required parameter $return_mode follows optional parameter $widget_call in /wordpress/wp-content/plugins/instagram-gallery-widget/classes/class-main.php on line 214",
    "log": "/logs/plugins/i/italystrap/error.json"
  },
  {
    "message": "Required parameter $return_mode follows optional parameter $widget_call in /wordpress/wp-content/plugins/instagram-gallery-widget/classes/class-main.php on line 214",
    "level": "DEPRECATED",
    "type": "PHP",
    "test": "asyncify-boot",
    "plugin": "italystrap",
    "details": "[16-Apr-2025 13:59:58 UTC] PHP Deprecated:  Required parameter $return_mode follows optional parameter $widget_call in /wordpress/wp-content/plugins/instagram-gallery-widget/classes/class-main.php on line 214",
    "log": "/logs/plugins/i/italystrap/error.json"
  },
  {
    "message": "Uncaught ArgumentCountError: Too few arguments to function WP_Widget::__construct(), 0 passed in /wordpress/wp-includes/class-wp-widget-factory.php on line 62 and at least 2 expected in /wordpress/wp-includes/class-wp-widget.php:163",
    "level": "FATAL",
    "type": "PHP",
    "test": "asyncify-boot",
    "plugin": "italystrap",
    "details": "[16-Apr-2025 13:59:58 UTC] PHP Fatal error:  Uncaught ArgumentCountError: Too few arguments to function WP_Widget::__construct(), 0 passed in /wordpress/wp-includes/class-wp-widget-factory.php on line 62 and at least 2 expected in /wordpress/wp-includes/class-wp-widget.php:163\nStack trace:\n#0 /wordpress/wp-includes/class-wp-widget-factory.php(62): WP_Widget->__construct()\n#1 /wordpress/wp-includes/widgets.php(123): WP_Widget_Factory->register('WDG_InstagramGa...')\n#2 /wordpress/wp-content/plugins/instagram-gallery-widget/lib/lib-admin.php(37): register_widget('WDG_InstagramGa...')\n#3 /wordpress/wp-includes/class-wp-hook.php(324): igw_install_widgets('')\n#4 /wordpress/wp-includes/class-wp-hook.php(348): WP_Hook->apply_filters(NULL, Array)\n#5 /wordpress/wp-includes/plugin.php(517): WP_Hook->do_action(Array)\n#6 /wordpress/wp-includes/widgets.php(1870): do_action('widgets_init')\n#7 /wordpress/wp-includes/class-wp-hook.php(324): wp_widgets_init('')\n#8 /wordpress/wp-includes/class-wp-hook.php(348): WP_Hook->apply_filters(NULL, Array)\n#9 /wordpress/wp-includes/plugin.php(517): WP_Hook->do_action(Array)\n#10 /wordpress/wp-settings.php(727): do_action('init')\n#11 /wordpress/wp-config.php(102): require_once('/wordpress/wp-s...')\n#12 /wordpress/wp-load.php(50): require_once('/wordpress/wp-c...')\n#13 /internal/eval.php(3): require_once('/wordpress/wp-l...')\n#14 {main}\n  thrown in /wordpress/wp-includes/class-wp-widget.php on line 163",
    "log": "/logs/plugins/i/italystrap/error.json"
  },
  {
    "message": "Required parameter $return_mode follows optional parameter $widget_call in /wordpress/wp-content/plugins/instagram-gallery-widget/classes/class-main.php on line 214",
    "level": "DEPRECATED",
    "type": "PHP",
    "test": "asyncify-boot",
    "plugin": "italystrap",
    "details": "[16-Apr-2025 14:00:06 UTC] PHP Deprecated:  Required parameter $return_mode follows optional parameter $widget_call in /wordpress/wp-content/plugins/instagram-gallery-widget/classes/class-main.php on line 214",
    "log": "/logs/plugins/i/italystrap/error.json"
  },
  {
    "message": "Required parameter $return_mode follows optional parameter $widget_call in /wordpress/wp-content/plugins/instagram-gallery-widget/classes/class-main.php on line 214",
    "level": "DEPRECATED",
    "type": "PHP",
    "test": "asyncify-boot",
    "plugin": "italystrap",
    "details": "[16-Apr-2025 14:00:07 UTC] PHP Deprecated:  Required parameter $return_mode follows optional parameter $widget_call in /wordpress/wp-content/plugins/instagram-gallery-widget/classes/class-main.php on line 214",
    "log": "/logs/plugins/i/italystrap/error.json"
  },
  {
    "message": "Uncaught ArgumentCountError: Too few arguments to function WP_Widget::__construct(), 0 passed in /wordpress/wp-includes/class-wp-widget-factory.php on line 62 and at least 2 expected in /wordpress/wp-includes/class-wp-widget.php:163",
    "level": "FATAL",
    "type": "PHP",
    "test": "asyncify-boot",
    "plugin": "italystrap",
    "details": "[16-Apr-2025 14:00:08 UTC] PHP Fatal error:  Uncaught ArgumentCountError: Too few arguments to function WP_Widget::__construct(), 0 passed in /wordpress/wp-includes/class-wp-widget-factory.php on line 62 and at least 2 expected in /wordpress/wp-includes/class-wp-widget.php:163\nStack trace:\n#0 /wordpress/wp-includes/class-wp-widget-factory.php(62): WP_Widget->__construct()\n#1 /wordpress/wp-includes/widgets.php(123): WP_Widget_Factory->register('WDG_InstagramGa...')\n#2 /wordpress/wp-content/plugins/instagram-gallery-widget/lib/lib-admin.php(37): register_widget('WDG_InstagramGa...')\n#3 /wordpress/wp-includes/class-wp-hook.php(324): igw_install_widgets('')\n#4 /wordpress/wp-includes/class-wp-hook.php(348): WP_Hook->apply_filters(NULL, Array)\n#5 /wordpress/wp-includes/plugin.php(517): WP_Hook->do_action(Array)\n#6 /wordpress/wp-includes/widgets.php(1870): do_action('widgets_init')\n#7 /wordpress/wp-includes/class-wp-hook.php(324): wp_widgets_init('')\n#8 /wordpress/wp-includes/class-wp-hook.php(348): WP_Hook->apply_filters(NULL, Array)\n#9 /wordpress/wp-includes/plugin.php(517): WP_Hook->do_action(Array)\n#10 /wordpress/wp-settings.php(727): do_action('init')\n#11 /wordpress/wp-config.php(102): require_once('/wordpress/wp-s...')\n#12 /wordpress/wp-load.php(50): require_once('/wordpress/wp-c...')\n#13 /internal/eval.php(3): require_once('/wordpress/wp-l...')\n#14 {main}\n  thrown in /wordpress/wp-includes/class-wp-widget.php on line 163",
    "log": "/logs/plugins/i/italystrap/error.json"
  },
  {
    "message": "Required parameter $return_mode follows optional parameter $widget_call in /wordpress/wp-content/plugins/instagram-gallery-widget/classes/class-main.php on line 214",
    "level": "DEPRECATED",
    "type": "PHP",
    "test": "asyncify-boot",
    "plugin": "italystrap",
    "details": "[16-Apr-2025 14:00:16 UTC] PHP Deprecated:  Required parameter $return_mode follows optional parameter $widget_call in /wordpress/wp-content/plugins/instagram-gallery-widget/classes/class-main.php on line 214",
    "log": "/logs/plugins/i/italystrap/error.json"
  },
  {
    "message": "Required parameter $return_mode follows optional parameter $widget_call in /wordpress/wp-content/plugins/instagram-gallery-widget/classes/class-main.php on line 214",
    "level": "DEPRECATED",
    "type": "PHP",
    "test": "asyncify-boot",
    "plugin": "italystrap",
    "details": "[16-Apr-2025 14:00:17 UTC] PHP Deprecated:  Required parameter $return_mode follows optional parameter $widget_call in /wordpress/wp-content/plugins/instagram-gallery-widget/classes/class-main.php on line 214",
    "log": "/logs/plugins/i/italystrap/error.json"
  },
  {
    "message": "Uncaught ArgumentCountError: Too few arguments to function WP_Widget::__construct(), 0 passed in /wordpress/wp-includes/class-wp-widget-factory.php on line 62 and at least 2 expected in /wordpress/wp-includes/class-wp-widget.php:163",
    "level": "FATAL",
    "type": "PHP",
    "test": "asyncify-boot",
    "plugin": "italystrap",
    "details": "[16-Apr-2025 14:00:17 UTC] PHP Fatal error:  Uncaught ArgumentCountError: Too few arguments to function WP_Widget::__construct(), 0 passed in /wordpress/wp-includes/class-wp-widget-factory.php on line 62 and at least 2 expected in /wordpress/wp-includes/class-wp-widget.php:163\nStack trace:\n#0 /wordpress/wp-includes/class-wp-widget-factory.php(62): WP_Widget->__construct()\n#1 /wordpress/wp-includes/widgets.php(123): WP_Widget_Factory->register('WDG_InstagramGa...')\n#2 /wordpress/wp-content/plugins/instagram-gallery-widget/lib/lib-admin.php(37): register_widget('WDG_InstagramGa...')\n#3 /wordpress/wp-includes/class-wp-hook.php(324): igw_install_widgets('')\n#4 /wordpress/wp-includes/class-wp-hook.php(348): WP_Hook->apply_filters(NULL, Array)\n#5 /wordpress/wp-includes/plugin.php(517): WP_Hook->do_action(Array)\n#6 /wordpress/wp-includes/widgets.php(1870): do_action('widgets_init')\n#7 /wordpress/wp-includes/class-wp-hook.php(324): wp_widgets_init('')\n#8 /wordpress/wp-includes/class-wp-hook.php(348): WP_Hook->apply_filters(NULL, Array)\n#9 /wordpress/wp-includes/plugin.php(517): WP_Hook->do_action(Array)\n#10 /wordpress/wp-settings.php(727): do_action('init')\n#11 /wordpress/wp-config.php(102): require_once('/wordpress/wp-s...')\n#12 /wordpress/wp-load.php(50): require_once('/wordpress/wp-c...')\n#13 /internal/eval.php(3): require_once('/wordpress/wp-l...')\n#14 {main}\n  thrown in /wordpress/wp-includes/class-wp-widget.php on line 163",
    "log": "/logs/plugins/i/italystrap/error.json"
  },
  {
    "message": "Declaration of IProperty_Amenity_Checklist::start_el(&$output, $category, $depth, $args, $id = 0) must be compatible with Walker_Category_Checklist::start_el(&$output, $data_object, $depth = 0, $args = [], $current_object_id = 0) in /wordpress/wp-content/plugins/intellectual-property-basic/taxonomies/amenity/setup.php on line 60",
    "level": "FATAL",
    "type": "PHP",
    "test": "asyncify-boot",
    "plugin": "italystrap",
    "details": "[16-Apr-2025 14:00:46 UTC] PHP Fatal error:  Declaration of IProperty_Amenity_Checklist::start_el(&$output, $category, $depth, $args, $id = 0) must be compatible with Walker_Category_Checklist::start_el(&$output, $data_object, $depth = 0, $args = [], $current_object_id = 0) in /wordpress/wp-content/plugins/intellectual-property-basic/taxonomies/amenity/setup.php on line 60",
    "log": "/logs/plugins/i/italystrap/error.json"
  },
  {
    "message": "Declaration of IProperty_Amenity_Checklist::start_el(&$output, $category, $depth, $args, $id = 0) must be compatible with Walker_Category_Checklist::start_el(&$output, $data_object, $depth = 0, $args = [], $current_object_id = 0) in /wordpress/wp-content/plugins/intellectual-property-basic/taxonomies/amenity/setup.php on line 60",
    "level": "FATAL",
    "type": "PHP",
    "test": "asyncify-boot",
    "plugin": "italystrap",
    "details": "[16-Apr-2025 14:00:54 UTC] PHP Fatal error:  Declaration of IProperty_Amenity_Checklist::start_el(&$output, $category, $depth, $args, $id = 0) must be compatible with Walker_Category_Checklist::start_el(&$output, $data_object, $depth = 0, $args = [], $current_object_id = 0) in /wordpress/wp-content/plugins/intellectual-property-basic/taxonomies/amenity/setup.php on line 60",
    "log": "/logs/plugins/i/italystrap/error.json"
  },
  {
    "message": "Declaration of IProperty_Amenity_Checklist::start_el(&$output, $category, $depth, $args, $id = 0) must be compatible with Walker_Category_Checklist::start_el(&$output, $data_object, $depth = 0, $args = [], $current_object_id = 0) in /wordpress/wp-content/plugins/intellectual-property-basic/taxonomies/amenity/setup.php on line 60",
    "level": "FATAL",
    "type": "PHP",
    "test": "asyncify-boot",
    "plugin": "italystrap",
    "details": "[16-Apr-2025 14:01:02 UTC] PHP Fatal error:  Declaration of IProperty_Amenity_Checklist::start_el(&$output, $category, $depth, $args, $id = 0) must be compatible with Walker_Category_Checklist::start_el(&$output, $data_object, $depth = 0, $args = [], $current_object_id = 0) in /wordpress/wp-content/plugins/intellectual-property-basic/taxonomies/amenity/setup.php on line 60",
    "log": "/logs/plugins/i/italystrap/error.json"
  },
  {
    "message": "mysqli::__construct(): (HY000/2002): Address family not supported by protocol in /wordpress/wp-content/plugins/ipresso/include/sqlquery.php on line 142",
    "level": "WARNING",
    "type": "PHP",
    "test": "asyncify-boot",
    "plugin": "italystrap",
    "details": "[16-Apr-2025 14:02:04 UTC] PHP Warning:  mysqli::__construct(): (HY000/2002): Address family not supported by protocol in /wordpress/wp-content/plugins/ipresso/include/sqlquery.php on line 142",
    "log": "/logs/plugins/i/italystrap/error.json"
  },
  {
    "message": "Uncaught Error: mysqli object is already closed in /wordpress/wp-content/plugins/ipresso/include/sqlquery.php:143",
    "level": "FATAL",
    "type": "PHP",
    "test": "asyncify-boot",
    "plugin": "italystrap",
    "details": "[16-Apr-2025 14:02:04 UTC] PHP Fatal error:  Uncaught Error: mysqli object is already closed in /wordpress/wp-content/plugins/ipresso/include/sqlquery.php:143\nStack trace:\n#0 /wordpress/wp-content/plugins/ipresso/include/sqlquery.php(143): mysqli->query('SET NAMES utf8')\n#1 /wordpress/wp-content/plugins/ipresso/include/sqlquery.php(179): iPresso_SQL->sqlQuery('\\n              ...')\n#2 /wordpress/wp-content/plugins/ipresso/include/funct.php(22): iPresso_SQL->checkIfUserExists()\n#3 /wordpress/wp-content/plugins/ipresso/ipresso.php(91): iPresso_Function->checkRegistration()\n#4 /wordpress/wp-content/plugins/ipresso/ipresso.php(97): iPresso->startPlugin()\n#5 /wordpress/wp-admin/includes/plugin.php(2387): include_once('/wordpress/wp-c...')\n#6 /wordpress/wp-admin/includes/plugin.php(673): plugin_sandbox_scrape('ipresso/ipresso...')\n#7 /internal/eval.php(20): activate_plugin('ipresso/ipresso...')\n#8 {main}\n  thrown in /wordpress/wp-content/plugins/ipresso/include/sqlquery.php on line 143",
    "log": "/logs/plugins/i/italystrap/error.json"
  },
  {
    "message": "mysqli::__construct(): (HY000/2002): Address family not supported by protocol in /wordpress/wp-content/plugins/ipresso/include/sqlquery.php on line 142",
    "level": "WARNING",
    "type": "PHP",
    "test": "asyncify-boot",
    "plugin": "italystrap",
    "details": "[16-Apr-2025 14:02:12 UTC] PHP Warning:  mysqli::__construct(): (HY000/2002): Address family not supported by protocol in /wordpress/wp-content/plugins/ipresso/include/sqlquery.php on line 142",
    "log": "/logs/plugins/i/italystrap/error.json"
  },
  {
    "message": "Uncaught Error: mysqli object is already closed in /wordpress/wp-content/plugins/ipresso/include/sqlquery.php:143",
    "level": "FATAL",
    "type": "PHP",
    "test": "asyncify-boot",
    "plugin": "italystrap",
    "details": "[16-Apr-2025 14:02:12 UTC] PHP Fatal error:  Uncaught Error: mysqli object is already closed in /wordpress/wp-content/plugins/ipresso/include/sqlquery.php:143\nStack trace:\n#0 /wordpress/wp-content/plugins/ipresso/include/sqlquery.php(143): mysqli->query('SET NAMES utf8')\n#1 /wordpress/wp-content/plugins/ipresso/include/sqlquery.php(179): iPresso_SQL->sqlQuery('\\n              ...')\n#2 /wordpress/wp-content/plugins/ipresso/include/funct.php(22): iPresso_SQL->checkIfUserExists()\n#3 /wordpress/wp-content/plugins/ipresso/ipresso.php(91): iPresso_Function->checkRegistration()\n#4 /wordpress/wp-content/plugins/ipresso/ipresso.php(97): iPresso->startPlugin()\n#5 /wordpress/wp-admin/includes/plugin.php(2387): include_once('/wordpress/wp-c...')\n#6 /wordpress/wp-admin/includes/plugin.php(673): plugin_sandbox_scrape('ipresso/ipresso...')\n#7 /internal/eval.php(20): activate_plugin('ipresso/ipresso...')\n#8 {main}\n  thrown in /wordpress/wp-content/plugins/ipresso/include/sqlquery.php on line 143",
    "log": "/logs/plugins/i/italystrap/error.json"
  },
  {
    "message": "mysqli::__construct(): (HY000/2002): Address family not supported by protocol in /wordpress/wp-content/plugins/ipresso/include/sqlquery.php on line 142",
    "level": "WARNING",
    "type": "PHP",
    "test": "asyncify-boot",
    "plugin": "italystrap",
    "details": "[16-Apr-2025 14:02:21 UTC] PHP Warning:  mysqli::__construct(): (HY000/2002): Address family not supported by protocol in /wordpress/wp-content/plugins/ipresso/include/sqlquery.php on line 142",
    "log": "/logs/plugins/i/italystrap/error.json"
  },
  {
    "message": "Uncaught Error: mysqli object is already closed in /wordpress/wp-content/plugins/ipresso/include/sqlquery.php:143",
    "level": "FATAL",
    "type": "PHP",
    "test": "asyncify-boot",
    "plugin": "italystrap",
    "details": "[16-Apr-2025 14:02:21 UTC] PHP Fatal error:  Uncaught Error: mysqli object is already closed in /wordpress/wp-content/plugins/ipresso/include/sqlquery.php:143\nStack trace:\n#0 /wordpress/wp-content/plugins/ipresso/include/sqlquery.php(143): mysqli->query('SET NAMES utf8')\n#1 /wordpress/wp-content/plugins/ipresso/include/sqlquery.php(179): iPresso_SQL->sqlQuery('\\n              ...')\n#2 /wordpress/wp-content/plugins/ipresso/include/funct.php(22): iPresso_SQL->checkIfUserExists()\n#3 /wordpress/wp-content/plugins/ipresso/ipresso.php(91): iPresso_Function->checkRegistration()\n#4 /wordpress/wp-content/plugins/ipresso/ipresso.php(97): iPresso->startPlugin()\n#5 /wordpress/wp-admin/includes/plugin.php(2387): include_once('/wordpress/wp-c...')\n#6 /wordpress/wp-admin/includes/plugin.php(673): plugin_sandbox_scrape('ipresso/ipresso...')\n#7 /internal/eval.php(20): activate_plugin('ipresso/ipresso...')\n#8 {main}\n  thrown in /wordpress/wp-content/plugins/ipresso/include/sqlquery.php on line 143",
    "log": "/logs/plugins/i/italystrap/error.json"
  },
  {
    "message": "include(/wordpress/wp-content/plugins/italystrap/vendor/composer/../../src/Event/Manager.php): Failed to open stream: No such file or directory in /wordpress/wp-content/plugins/italystrap/vendor/composer/ClassLoader.php on line 582",
    "level": "WARNING",
    "type": "PHP",
    "test": "asyncify-boot",
    "plugin": "italystrap",
    "details": "[16-Apr-2025 14:02:32 UTC] PHP Warning:  include(/wordpress/wp-content/plugins/italystrap/vendor/composer/../../src/Event/Manager.php): Failed to open stream: No such file or directory in /wordpress/wp-content/plugins/italystrap/vendor/composer/ClassLoader.php on line 582",
    "log": "/logs/plugins/i/italystrap/error.json"
  },
  {
    "message": "include(): Failed opening '/wordpress/wp-content/plugins/italystrap/vendor/composer/../../src/Event/Manager.php' for inclusion (include_path='.:') in /wordpress/wp-content/plugins/italystrap/vendor/composer/ClassLoader.php on line 582",
    "level": "WARNING",
    "type": "PHP",
    "test": "asyncify-boot",
    "plugin": "italystrap",
    "details": "[16-Apr-2025 14:02:32 UTC] PHP Warning:  include(): Failed opening '/wordpress/wp-content/plugins/italystrap/vendor/composer/../../src/Event/Manager.php' for inclusion (include_path='.:') in /wordpress/wp-content/plugins/italystrap/vendor/composer/ClassLoader.php on line 582",
    "log": "/logs/plugins/i/italystrap/error.json"
  },
  {
    "message": "Uncaught ReflectionException: Class \"ItalyStrap\\Event\\Manager\" does not exist in /wordpress/wp-content/plugins/italystrap/vendor/rdlowrey/auryn/lib/StandardReflector.php:14",
    "level": "FATAL",
    "type": "PHP",
    "test": "asyncify-boot",
    "plugin": "italystrap",
    "details": "[16-Apr-2025 14:02:33 UTC] PHP Fatal error:  Uncaught ReflectionException: Class \"ItalyStrap\\Event\\Manager\" does not exist in /wordpress/wp-content/plugins/italystrap/vendor/rdlowrey/auryn/lib/StandardReflector.php:14\nStack trace:\n#0 /wordpress/wp-content/plugins/italystrap/vendor/rdlowrey/auryn/lib/StandardReflector.php(14): ReflectionClass->__construct('ItalyStrap\\\\Even...')\n#1 /wordpress/wp-content/plugins/italystrap/vendor/rdlowrey/auryn/lib/CachingReflector.php(38): Auryn\\StandardReflector->getCtor('ItalyStrap\\\\Even...')\n#2 /wordpress/wp-content/plugins/italystrap/vendor/italystrap/empress/bridge/Injector.php(426): Auryn\\CachingReflector->getCtor('ItalyStrap\\\\Even...')\n#3 /wordpress/wp-content/plugins/italystrap/vendor/italystrap/empress/bridge/Injector.php(377): ItalyStrap\\Empress\\Injector->provisionInstance('ItalyStrap\\\\Even...', 'italystrap\\\\even...', Array)\n#4 /wordpress/wp-content/plugins/italystrap/bootstrap.php(149): ItalyStrap\\Empress\\Injector->make('ItalyStrap\\\\Even...')\n#5 /wordpress/wp-content/plugins/italystrap/italystrap.php(70): require('/wordpress/wp-c...')\n#6 /wordpress/wp-admin/includes/plugin.php(2387): include_once('/wordpress/wp-c...')\n#7 /wordpress/wp-admin/includes/plugin.php(673): plugin_sandbox_scrape('italystrap/ital...')\n#8 /internal/eval.php(20): activate_plugin('italystrap/ital...')\n#9 {main}\n\nNext Auryn\\InjectionException: Could not make ItalyStrap\\Event\\Manager: Class \"ItalyStrap\\Event\\Manager\" does not exist in /wordpress/wp-content/plugins/italystrap/vendor/italystrap/empress/bridge/Injector.php:449\nStack trace:\n#0 /wordpress/wp-content/plugins/italystrap/vendor/italystrap/empress/bridge/Injector.php(377): ItalyStrap\\Empress\\Injector->provisionInstance('ItalyStrap\\\\Even...', 'italystrap\\\\even...', Array)\n#1 /wordpress/wp-content/plugins/italystrap/bootstrap.php(149): ItalyStrap\\Empress\\Injector->make('ItalyStrap\\\\Even...')\n#2 /wordpress/wp-content/plugins/italystrap/italystrap.php(70): require('/wordpress/wp-c...')\n#3 /wordpress/wp-admin/includes/plugin.php(2387): include_once('/wordpress/wp-c...')\n#4 /wordpress/wp-admin/includes/plugin.php(673): plugin_sandbox_scrape('italystrap/ital...')\n#5 /internal/eval.php(20): activate_plugin('italystrap/ital...')\n#6 {main}\n  thrown in /wordpress/wp-content/plugins/italystrap/vendor/italystrap/empress/bridge/Injector.php on line 449",
    "log": "/logs/plugins/i/italystrap/error.json"
  },
  {
    "message": "include(/wordpress/wp-content/plugins/italystrap/vendor/composer/../../src/Event/Manager.php): Failed to open stream: No such file or directory in /wordpress/wp-content/plugins/italystrap/vendor/composer/ClassLoader.php on line 582",
    "level": "WARNING",
    "type": "PHP",
    "test": "asyncify-boot",
    "plugin": "italystrap",
    "details": "[16-Apr-2025 14:02:44 UTC] PHP Warning:  include(/wordpress/wp-content/plugins/italystrap/vendor/composer/../../src/Event/Manager.php): Failed to open stream: No such file or directory in /wordpress/wp-content/plugins/italystrap/vendor/composer/ClassLoader.php on line 582",
    "log": "/logs/plugins/i/italystrap/error.json"
  },
  {
    "message": "include(): Failed opening '/wordpress/wp-content/plugins/italystrap/vendor/composer/../../src/Event/Manager.php' for inclusion (include_path='.:') in /wordpress/wp-content/plugins/italystrap/vendor/composer/ClassLoader.php on line 582",
    "level": "WARNING",
    "type": "PHP",
    "test": "asyncify-boot",
    "plugin": "italystrap",
    "details": "[16-Apr-2025 14:02:44 UTC] PHP Warning:  include(): Failed opening '/wordpress/wp-content/plugins/italystrap/vendor/composer/../../src/Event/Manager.php' for inclusion (include_path='.:') in /wordpress/wp-content/plugins/italystrap/vendor/composer/ClassLoader.php on line 582",
    "log": "/logs/plugins/i/italystrap/error.json"
  },
  {
    "message": "Uncaught ReflectionException: Class \"ItalyStrap\\Event\\Manager\" does not exist in /wordpress/wp-content/plugins/italystrap/vendor/rdlowrey/auryn/lib/StandardReflector.php:14",
    "level": "FATAL",
    "type": "PHP",
    "test": "asyncify-boot",
    "plugin": "italystrap",
    "details": "[16-Apr-2025 14:02:44 UTC] PHP Fatal error:  Uncaught ReflectionException: Class \"ItalyStrap\\Event\\Manager\" does not exist in /wordpress/wp-content/plugins/italystrap/vendor/rdlowrey/auryn/lib/StandardReflector.php:14\nStack trace:\n#0 /wordpress/wp-content/plugins/italystrap/vendor/rdlowrey/auryn/lib/StandardReflector.php(14): ReflectionClass->__construct('ItalyStrap\\\\Even...')\n#1 /wordpress/wp-content/plugins/italystrap/vendor/rdlowrey/auryn/lib/CachingReflector.php(38): Auryn\\StandardReflector->getCtor('ItalyStrap\\\\Even...')\n#2 /wordpress/wp-content/plugins/italystrap/vendor/italystrap/empress/bridge/Injector.php(426): Auryn\\CachingReflector->getCtor('ItalyStrap\\\\Even...')\n#3 /wordpress/wp-content/plugins/italystrap/vendor/italystrap/empress/bridge/Injector.php(377): ItalyStrap\\Empress\\Injector->provisionInstance('ItalyStrap\\\\Even...', 'italystrap\\\\even...', Array)\n#4 /wordpress/wp-content/plugins/italystrap/bootstrap.php(149): ItalyStrap\\Empress\\Injector->make('ItalyStrap\\\\Even...')\n#5 /wordpress/wp-content/plugins/italystrap/italystrap.php(70): require('/wordpress/wp-c...')\n#6 /wordpress/wp-admin/includes/plugin.php(2387): include_once('/wordpress/wp-c...')\n#7 /wordpress/wp-admin/includes/plugin.php(673): plugin_sandbox_scrape('italystrap/ital...')\n#8 /internal/eval.php(20): activate_plugin('italystrap/ital...')\n#9 {main}\n\nNext Auryn\\InjectionException: Could not make ItalyStrap\\Event\\Manager: Class \"ItalyStrap\\Event\\Manager\" does not exist in /wordpress/wp-content/plugins/italystrap/vendor/italystrap/empress/bridge/Injector.php:449\nStack trace:\n#0 /wordpress/wp-content/plugins/italystrap/vendor/italystrap/empress/bridge/Injector.php(377): ItalyStrap\\Empress\\Injector->provisionInstance('ItalyStrap\\\\Even...', 'italystrap\\\\even...', Array)\n#1 /wordpress/wp-content/plugins/italystrap/bootstrap.php(149): ItalyStrap\\Empress\\Injector->make('ItalyStrap\\\\Even...')\n#2 /wordpress/wp-content/plugins/italystrap/italystrap.php(70): require('/wordpress/wp-c...')\n#3 /wordpress/wp-admin/includes/plugin.php(2387): include_once('/wordpress/wp-c...')\n#4 /wordpress/wp-admin/includes/plugin.php(673): plugin_sandbox_scrape('italystrap/ital...')\n#5 /internal/eval.php(20): activate_plugin('italystrap/ital...')\n#6 {main}\n  thrown in /wordpress/wp-content/plugins/italystrap/vendor/italystrap/empress/bridge/Injector.php on line 449\n\n    at Object.onBind (file:///home/runner/work/playground-tester/playground-tester/node_modules/@wp-playground/cli/index.js:237:15)\n    at process.processTicksAndRejections (node:internal/process/task_queues:105:5)\n    at async V (file:///home/runner/work/playground-tester/playground-tester/node_modules/@wp-playground/cli/index.js:64:10)\n    at async ja (file:///home/runner/work/playground-tester/playground-tester/node_modules/@wp-playground/cli/cli.js:8161:12) {\n  [cause]: Error: Error when executing the blueprint step #1 ({\"step\":\"installPlugin\",\"pluginData\":{\"resource\":\"wordpress.org/plugins\",\"slug\":\"italystrap\"},\"options\":{\"activate\":true}}) : PHP.run() failed with exit code 255 and the following output: \n      at Object.run (file:///home/runner/work/playground-tester/playground-tester/node_modules/@wp-playground/blueprints/index.js:12449:19)\n      at process.processTicksAndRejections (node:internal/process/task_queues:105:5)\n      at async ms (file:///home/runner/work/playground-tester/playground-tester/node_modules/@wp-playground/blueprints/index.js:12552:3)\n      ... 2 lines matching cause stack trace ...\n      at async ja (file:///home/runner/work/playground-tester/playground-tester/node_modules/@wp-playground/cli/cli.js:8161:12) {\n    [cause]: PHPExecutionFailureError: PHP.run() failed with exit code 255 and the following output: \n        at PHP.run (file:///home/runner/work/playground-tester/playground-tester/node_modules/@php-wasm/universal/index.js:987:19)\n        at process.processTicksAndRejections (node:internal/process/task_queues:105:5)\n        at async wr (file:///home/runner/work/playground-tester/playground-tester/node_modules/@wp-playground/blueprints/index.js:33:39)\n        at async Object.gt [as installPlugin] (file:///home/runner/work/playground-tester/playground-tester/node_modules/@wp-playground/blueprints/index.js:974:42)\n        at async g (file:///home/runner/work/playground-tester/playground-tester/node_modules/@wp-playground/blueprints/index.js:12517:30)\n        at async Object.run (file:///home/runner/work/playground-tester/playground-tester/node_modules/@wp-playground/blueprints/index.js:12446:23)\n        at async ms (file:///home/runner/work/playground-tester/playground-tester/node_modules/@wp-playground/blueprints/index.js:12552:3)\n        at async Object.onBind (file:///home/runner/work/playground-tester/playground-tester/node_modules/@wp-playground/cli/index.js:227:48)\n        at async V (file:///home/runner/work/playground-tester/playground-tester/node_modules/@wp-playground/cli/index.js:64:10)\n        at async ja (file:///home/runner/work/playground-tester/playground-tester/node_modules/@wp-playground/cli/cli.js:8161:12) {\n      response: PHPResponse {\n        httpStatusCode: 500,\n        headers: {\n          'x-powered-by': [ 'PHP/8.0.30-dev' ],\n          'content-type': [ 'text/html; charset=UTF-8' ]\n        },\n        bytes: Uint8Array(0) [],\n        exitCode: 255,\n        errors: ''\n      },\n      source: 'request'\n    }\n  }\n}\n\n",
    "log": "/logs/plugins/i/italystrap/error.json"
  },
  {
    "message": "file:///home/runner/work/playground-tester/playground-tester/node_modules/@wp-playground/cli/index.js:237\n        throw new Error(y, { cause: u });\n              ^\n",
    "level": "FATAL",
    "type": "PLAYGROUND",
    "test": "jspi-boot",
    "plugin": "italystrap",
    "details": "file:///home/runner/work/playground-tester/playground-tester/node_modules/@wp-playground/cli/index.js:237\n        throw new Error(y, { cause: u });\n              ^\n",
    "log": "/tmp/tmp.t5WGyGF8cs"
  },
  {
    "message": "Undefined variable $wpdb in /wordpress/wp-content/plugins/lynk-responder/plugin-lynk-responder.php on line 17",
    "level": "WARNING",
    "type": "PHP",
    "test": "jspi-boot",
    "plugin": "italystrap",
    "details": "[16-Apr-2025 13:51:44 UTC] PHP Warning:  Undefined variable $wpdb in /wordpress/wp-content/plugins/lynk-responder/plugin-lynk-responder.php on line 17",
    "log": "/logs/plugins/i/italystrap/error.json"
  },
  {
    "message": "Undefined variable $wpdb in /wordpress/wp-content/plugins/lynk-responder/plugin-lynk-responder.php on line 17",
    "level": "WARNING",
    "type": "PHP",
    "test": "jspi-boot",
    "plugin": "italystrap",
    "details": "[16-Apr-2025 13:51:53 UTC] PHP Warning:  Undefined variable $wpdb in /wordpress/wp-content/plugins/lynk-responder/plugin-lynk-responder.php on line 17",
    "log": "/logs/plugins/i/italystrap/error.json"
  },
  {
    "message": "Undefined variable $wpdb in /wordpress/wp-content/plugins/lynk-responder/plugin-lynk-responder.php on line 17",
    "level": "WARNING",
    "type": "PHP",
    "test": "jspi-boot",
    "plugin": "italystrap",
    "details": "[16-Apr-2025 13:52:02 UTC] PHP Warning:  Undefined variable $wpdb in /wordpress/wp-content/plugins/lynk-responder/plugin-lynk-responder.php on line 17",
    "log": "/logs/plugins/i/italystrap/error.json"
  },
  {
    "message": "Function wp_enqueue_script was called <strong>incorrectly</strong>. Scripts and styles should not be registered or enqueued until the <code>wp_enqueue_scripts</code>, <code>admin_enqueue_scripts</code>, or <code>login_enqueue_scripts</code> hooks. This notice was triggered by the <code>jquery</code> handle. Please see <a href=\"https://developer.wordpress.org/advanced-administration/debug/debug-wordpress/\">Debugging in WordPress</a> for more information. (This message was added in version 3.3.0.) in /wordpress/wp-includes/functions.php on line 6121",
    "level": "NOTICE",
    "type": "PHP",
    "test": "jspi-boot",
    "plugin": "italystrap",
    "details": "[16-Apr-2025 13:52:12 UTC] PHP Notice:  Function wp_enqueue_script was called <strong>incorrectly</strong>. Scripts and styles should not be registered or enqueued until the <code>wp_enqueue_scripts</code>, <code>admin_enqueue_scripts</code>, or <code>login_enqueue_scripts</code> hooks. This notice was triggered by the <code>jquery</code> handle. Please see <a href=\"https://developer.wordpress.org/advanced-administration/debug/debug-wordpress/\">Debugging in WordPress</a> for more information. (This message was added in version 3.3.0.) in /wordpress/wp-includes/functions.php on line 6121",
    "log": "/logs/plugins/i/italystrap/error.json"
  },
  {
    "message": "Function wp_enqueue_script was called <strong>incorrectly</strong>. Scripts and styles should not be registered or enqueued until the <code>wp_enqueue_scripts</code>, <code>admin_enqueue_scripts</code>, or <code>login_enqueue_scripts</code> hooks. This notice was triggered by the <code>jquery</code> handle. Please see <a href=\"https://developer.wordpress.org/advanced-administration/debug/debug-wordpress/\">Debugging in WordPress</a> for more information. (This message was added in version 3.3.0.) in /wordpress/wp-includes/functions.php on line 6121",
    "level": "NOTICE",
    "type": "PHP",
    "test": "jspi-boot",
    "plugin": "italystrap",
    "details": "[16-Apr-2025 13:52:21 UTC] PHP Notice:  Function wp_enqueue_script was called <strong>incorrectly</strong>. Scripts and styles should not be registered or enqueued until the <code>wp_enqueue_scripts</code>, <code>admin_enqueue_scripts</code>, or <code>login_enqueue_scripts</code> hooks. This notice was triggered by the <code>jquery</code> handle. Please see <a href=\"https://developer.wordpress.org/advanced-administration/debug/debug-wordpress/\">Debugging in WordPress</a> for more information. (This message was added in version 3.3.0.) in /wordpress/wp-includes/functions.php on line 6121",
    "log": "/logs/plugins/i/italystrap/error.json"
  },
  {
    "message": "Function wp_enqueue_script was called <strong>incorrectly</strong>. Scripts and styles should not be registered or enqueued until the <code>wp_enqueue_scripts</code>, <code>admin_enqueue_scripts</code>, or <code>login_enqueue_scripts</code> hooks. This notice was triggered by the <code>jquery</code> handle. Please see <a href=\"https://developer.wordpress.org/advanced-administration/debug/debug-wordpress/\">Debugging in WordPress</a> for more information. (This message was added in version 3.3.0.) in /wordpress/wp-includes/functions.php on line 6121",
    "level": "NOTICE",
    "type": "PHP",
    "test": "jspi-boot",
    "plugin": "italystrap",
    "details": "[16-Apr-2025 13:52:30 UTC] PHP Notice:  Function wp_enqueue_script was called <strong>incorrectly</strong>. Scripts and styles should not be registered or enqueued until the <code>wp_enqueue_scripts</code>, <code>admin_enqueue_scripts</code>, or <code>login_enqueue_scripts</code> hooks. This notice was triggered by the <code>jquery</code> handle. Please see <a href=\"https://developer.wordpress.org/advanced-administration/debug/debug-wordpress/\">Debugging in WordPress</a> for more information. (This message was added in version 3.3.0.) in /wordpress/wp-includes/functions.php on line 6121",
    "log": "/logs/plugins/i/italystrap/error.json"
  },
  {
    "message": "Undefined array key \"REMOTE_ADDR\" in /wordpress/wp-content/plugins/logpress/logpress.php on line 53",
    "level": "WARNING",
    "type": "PHP",
    "test": "jspi-boot",
    "plugin": "italystrap",
    "details": "[16-Apr-2025 13:53:20 UTC] PHP Warning:  Undefined array key \"REMOTE_ADDR\" in /wordpress/wp-content/plugins/logpress/logpress.php on line 53",
    "log": "/logs/plugins/i/italystrap/error.json"
  },
  {
    "message": "Undefined array key \"REMOTE_ADDR\" in /wordpress/wp-content/plugins/logpress/logpress.php on line 53",
    "level": "WARNING",
    "type": "PHP",
    "test": "jspi-boot",
    "plugin": "italystrap",
    "details": "[16-Apr-2025 13:53:28 UTC] PHP Warning:  Undefined array key \"REMOTE_ADDR\" in /wordpress/wp-content/plugins/logpress/logpress.php on line 53",
    "log": "/logs/plugins/i/italystrap/error.json"
  },
  {
    "message": "Undefined array key \"REMOTE_ADDR\" in /wordpress/wp-content/plugins/logpress/logpress.php on line 53",
    "level": "WARNING",
    "type": "PHP",
    "test": "jspi-boot",
    "plugin": "italystrap",
    "details": "[16-Apr-2025 13:53:37 UTC] PHP Warning:  Undefined array key \"REMOTE_ADDR\" in /wordpress/wp-content/plugins/logpress/logpress.php on line 53",
    "log": "/logs/plugins/i/italystrap/error.json"
  },
  {
    "message": "Function _load_textdomain_just_in_time was called <strong>incorrectly</strong>. Translation loading for the <code>lorem-ipsum-by-webline</code> domain was triggered too early. This is usually an indicator for some code in the plugin or theme running too early. Translations should be loaded at the <code>init</code> action or later. Please see <a href=\"https://developer.wordpress.org/advanced-administration/debug/debug-wordpress/\">Debugging in WordPress</a> for more information. (This message was added in version 6.7.0.) in /wordpress/wp-includes/functions.php on line 6121",
    "level": "NOTICE",
    "type": "PHP",
    "test": "jspi-boot",
    "plugin": "italystrap",
    "details": "[16-Apr-2025 13:53:46 UTC] PHP Notice:  Function _load_textdomain_just_in_time was called <strong>incorrectly</strong>. Translation loading for the <code>lorem-ipsum-by-webline</code> domain was triggered too early. This is usually an indicator for some code in the plugin or theme running too early. Translations should be loaded at the <code>init</code> action or later. Please see <a href=\"https://developer.wordpress.org/advanced-administration/debug/debug-wordpress/\">Debugging in WordPress</a> for more information. (This message was added in version 6.7.0.) in /wordpress/wp-includes/functions.php on line 6121",
    "log": "/logs/plugins/i/italystrap/error.json"
  },
  {
    "message": "Function _load_textdomain_just_in_time was called <strong>incorrectly</strong>. Translation loading for the <code>lorem-ipsum-by-webline</code> domain was triggered too early. This is usually an indicator for some code in the plugin or theme running too early. Translations should be loaded at the <code>init</code> action or later. Please see <a href=\"https://developer.wordpress.org/advanced-administration/debug/debug-wordpress/\">Debugging in WordPress</a> for more information. (This message was added in version 6.7.0.) in /wordpress/wp-includes/functions.php on line 6121",
    "level": "NOTICE",
    "type": "PHP",
    "test": "jspi-boot",
    "plugin": "italystrap",
    "details": "[16-Apr-2025 13:53:54 UTC] PHP Notice:  Function _load_textdomain_just_in_time was called <strong>incorrectly</strong>. Translation loading for the <code>lorem-ipsum-by-webline</code> domain was triggered too early. This is usually an indicator for some code in the plugin or theme running too early. Translations should be loaded at the <code>init</code> action or later. Please see <a href=\"https://developer.wordpress.org/advanced-administration/debug/debug-wordpress/\">Debugging in WordPress</a> for more information. (This message was added in version 6.7.0.) in /wordpress/wp-includes/functions.php on line 6121",
    "log": "/logs/plugins/i/italystrap/error.json"
  },
  {
    "message": "Function _load_textdomain_just_in_time was called <strong>incorrectly</strong>. Translation loading for the <code>lorem-ipsum-by-webline</code> domain was triggered too early. This is usually an indicator for some code in the plugin or theme running too early. Translations should be loaded at the <code>init</code> action or later. Please see <a href=\"https://developer.wordpress.org/advanced-administration/debug/debug-wordpress/\">Debugging in WordPress</a> for more information. (This message was added in version 6.7.0.) in /wordpress/wp-includes/functions.php on line 6121",
    "level": "NOTICE",
    "type": "PHP",
    "test": "jspi-boot",
    "plugin": "italystrap",
    "details": "[16-Apr-2025 13:54:03 UTC] PHP Notice:  Function _load_textdomain_just_in_time was called <strong>incorrectly</strong>. Translation loading for the <code>lorem-ipsum-by-webline</code> domain was triggered too early. This is usually an indicator for some code in the plugin or theme running too early. Translations should be loaded at the <code>init</code> action or later. Please see <a href=\"https://developer.wordpress.org/advanced-administration/debug/debug-wordpress/\">Debugging in WordPress</a> for more information. (This message was added in version 6.7.0.) in /wordpress/wp-includes/functions.php on line 6121",
    "log": "/logs/plugins/i/italystrap/error.json"
  },
  {
    "message": "SQLSTATE[HY000]: General error: 1 no such column: LA_user_schema_tags.",
    "level": "FATAL",
    "type": "SQL",
    "test": "jspi-boot",
    "plugin": "italystrap",
    "details": "[16-Apr-2025 13:54:21 UTC] WordPress database error <div style=\"clear:both\">&nbsp;</div>\n<div class=\"queries\" style=\"clear:both;margin-bottom:2px;border:red dotted thin;\">\n<p>MySQL query:</p>\n<p>SELECT LA_user_schema_tags FROM wp_posts</p>\n<p>Queries made or created this session were:</p>\n<ol>\n<li>Executing: BEGIN | (no parameters)</li>\n<li>Executing: SELECT LA_user_schema_tags FROM wp_posts | (no parameters)</li>\n<li>Executing: ROLLBACK | (no parameters)</li>\n</ol>\n</div>\n<div style=\"clear:both;margin-bottom:2px;border:red dotted thin;\" class=\"error_message\" style=\"border-bottom:dotted blue thin;\">\nError occurred at line 4117 in Function <code>handle_error</code>. Error message was: SQLSTATE[HY000]: General error: 1 no such column: LA_user_schema_tags.\n</div>\n<p>Backtrace:</p>\n<pre>#0 /internal/shared/sqlite-database-integration/wp-includes/sqlite/class-wp-sqlite-db.php(287): WP_SQLite_Translator->get_error_message()\n#1 /wordpress/wp-includes/class-wpdb.php(3146): WP_SQLite_DB->query('SELECT LA_user_...')\n#2 /wordpress/wp-content/plugins/luminate-ai-schema-data/includes/class-lumaisd-activator.php(31): wpdb->get_results('SELECT LA_user_...')\n#3 /wordpress/wp-content/plugins/luminate-ai-schema-data/lumaisd.php(35): Lumaisd_Activator::activate()\n#4 /wordpress/wp-includes/class-wp-hook.php(324): activate_lumaisd(false)\n#5 /wordpress/wp-includes/class-wp-hook.php(348): WP_Hook->apply_filters('', Array)\n#6 /wordpress/wp-includes/plugin.php(517): WP_Hook->do_action(Array)\n#7 /wordpress/wp-admin/includes/plugin.php(703): do_action('activate_lumina...', false)\n#8 /internal/eval.php(20): activate_plugin('luminate-ai-sch...')\n#9 {main}</pre>\n for query SELECT LA_user_schema_tags FROM wp_posts made by activate_plugin, do_action('activate_luminate-ai-schema-data/lumaisd.php'), WP_Hook->do_action, WP_Hook->apply_filters, activate_lumaisd, Lumaisd_Activator::activate, WP_SQLite_DB->query, WP_SQLite_DB->print_error",
    "log": "/logs/plugins/i/italystrap/error.json"
  },
  {
    "message": "SQLSTATE[HY000]: General error: 1 no such column: LA_user_active_schema_tags.",
    "level": "FATAL",
    "type": "SQL",
    "test": "jspi-boot",
    "plugin": "italystrap",
    "details": "[16-Apr-2025 13:54:21 UTC] WordPress database error <div style=\"clear:both\">&nbsp;</div>\n<div class=\"queries\" style=\"clear:both;margin-bottom:2px;border:red dotted thin;\">\n<p>MySQL query:</p>\n<p>SELECT LA_user_active_schema_tags FROM wp_posts</p>\n<p>Queries made or created this session were:</p>\n<ol>\n<li>Executing: BEGIN | (no parameters)</li>\n<li>Executing: SELECT LA_user_active_schema_tags FROM wp_posts | (no parameters)</li>\n<li>Executing: ROLLBACK | (no parameters)</li>\n</ol>\n</div>\n<div style=\"clear:both;margin-bottom:2px;border:red dotted thin;\" class=\"error_message\" style=\"border-bottom:dotted blue thin;\">\nError occurred at line 4117 in Function <code>handle_error</code>. Error message was: SQLSTATE[HY000]: General error: 1 no such column: LA_user_active_schema_tags.\n</div>\n<p>Backtrace:</p>\n<pre>#0 /internal/shared/sqlite-database-integration/wp-includes/sqlite/class-wp-sqlite-db.php(287): WP_SQLite_Translator->get_error_message()\n#1 /wordpress/wp-includes/class-wpdb.php(3146): WP_SQLite_DB->query('SELECT LA_user_...')\n#2 /wordpress/wp-content/plugins/luminate-ai-schema-data/includes/class-lumaisd-activator.php(35): wpdb->get_results('SELECT LA_user_...')\n#3 /wordpress/wp-content/plugins/luminate-ai-schema-data/lumaisd.php(35): Lumaisd_Activator::activate()\n#4 /wordpress/wp-includes/class-wp-hook.php(324): activate_lumaisd(false)\n#5 /wordpress/wp-includes/class-wp-hook.php(348): WP_Hook->apply_filters('', Array)\n#6 /wordpress/wp-includes/plugin.php(517): WP_Hook->do_action(Array)\n#7 /wordpress/wp-admin/includes/plugin.php(703): do_action('activate_lumina...', false)\n#8 /internal/eval.php(20): activate_plugin('luminate-ai-sch...')\n#9 {main}</pre>\n for query SELECT LA_user_active_schema_tags FROM wp_posts made by activate_plugin, do_action('activate_luminate-ai-schema-data/lumaisd.php'), WP_Hook->do_action, WP_Hook->apply_filters, activate_lumaisd, Lumaisd_Activator::activate, WP_SQLite_DB->query, WP_SQLite_DB->print_error",
    "log": "/logs/plugins/i/italystrap/error.json"
  },
  {
    "message": "SQLSTATE[HY000]: General error: 1 no such column: LA_user_schema_tags.",
    "level": "FATAL",
    "type": "SQL",
    "test": "jspi-boot",
    "plugin": "italystrap",
    "details": "[16-Apr-2025 13:54:29 UTC] WordPress database error <div style=\"clear:both\">&nbsp;</div>\n<div class=\"queries\" style=\"clear:both;margin-bottom:2px;border:red dotted thin;\">\n<p>MySQL query:</p>\n<p>SELECT LA_user_schema_tags FROM wp_posts</p>\n<p>Queries made or created this session were:</p>\n<ol>\n<li>Executing: BEGIN | (no parameters)</li>\n<li>Executing: SELECT LA_user_schema_tags FROM wp_posts | (no parameters)</li>\n<li>Executing: ROLLBACK | (no parameters)</li>\n</ol>\n</div>\n<div style=\"clear:both;margin-bottom:2px;border:red dotted thin;\" class=\"error_message\" style=\"border-bottom:dotted blue thin;\">\nError occurred at line 4117 in Function <code>handle_error</code>. Error message was: SQLSTATE[HY000]: General error: 1 no such column: LA_user_schema_tags.\n</div>\n<p>Backtrace:</p>\n<pre>#0 /internal/shared/sqlite-database-integration/wp-includes/sqlite/class-wp-sqlite-db.php(287): WP_SQLite_Translator->get_error_message()\n#1 /wordpress/wp-includes/class-wpdb.php(3146): WP_SQLite_DB->query('SELECT LA_user_...')\n#2 /wordpress/wp-content/plugins/luminate-ai-schema-data/includes/class-lumaisd-activator.php(31): wpdb->get_results('SELECT LA_user_...')\n#3 /wordpress/wp-content/plugins/luminate-ai-schema-data/lumaisd.php(35): Lumaisd_Activator::activate()\n#4 /wordpress/wp-includes/class-wp-hook.php(324): activate_lumaisd(false)\n#5 /wordpress/wp-includes/class-wp-hook.php(348): WP_Hook->apply_filters('', Array)\n#6 /wordpress/wp-includes/plugin.php(517): WP_Hook->do_action(Array)\n#7 /wordpress/wp-admin/includes/plugin.php(703): do_action('activate_lumina...', false)\n#8 /internal/eval.php(20): activate_plugin('luminate-ai-sch...')\n#9 {main}</pre>\n for query SELECT LA_user_schema_tags FROM wp_posts made by activate_plugin, do_action('activate_luminate-ai-schema-data/lumaisd.php'), WP_Hook->do_action, WP_Hook->apply_filters, activate_lumaisd, Lumaisd_Activator::activate, WP_SQLite_DB->query, WP_SQLite_DB->print_error",
    "log": "/logs/plugins/i/italystrap/error.json"
  },
  {
    "message": "SQLSTATE[HY000]: General error: 1 no such column: LA_user_active_schema_tags.",
    "level": "FATAL",
    "type": "SQL",
    "test": "jspi-boot",
    "plugin": "italystrap",
    "details": "[16-Apr-2025 13:54:29 UTC] WordPress database error <div style=\"clear:both\">&nbsp;</div>\n<div class=\"queries\" style=\"clear:both;margin-bottom:2px;border:red dotted thin;\">\n<p>MySQL query:</p>\n<p>SELECT LA_user_active_schema_tags FROM wp_posts</p>\n<p>Queries made or created this session were:</p>\n<ol>\n<li>Executing: BEGIN | (no parameters)</li>\n<li>Executing: SELECT LA_user_active_schema_tags FROM wp_posts | (no parameters)</li>\n<li>Executing: ROLLBACK | (no parameters)</li>\n</ol>\n</div>\n<div style=\"clear:both;margin-bottom:2px;border:red dotted thin;\" class=\"error_message\" style=\"border-bottom:dotted blue thin;\">\nError occurred at line 4117 in Function <code>handle_error</code>. Error message was: SQLSTATE[HY000]: General error: 1 no such column: LA_user_active_schema_tags.\n</div>\n<p>Backtrace:</p>\n<pre>#0 /internal/shared/sqlite-database-integration/wp-includes/sqlite/class-wp-sqlite-db.php(287): WP_SQLite_Translator->get_error_message()\n#1 /wordpress/wp-includes/class-wpdb.php(3146): WP_SQLite_DB->query('SELECT LA_user_...')\n#2 /wordpress/wp-content/plugins/luminate-ai-schema-data/includes/class-lumaisd-activator.php(35): wpdb->get_results('SELECT LA_user_...')\n#3 /wordpress/wp-content/plugins/luminate-ai-schema-data/lumaisd.php(35): Lumaisd_Activator::activate()\n#4 /wordpress/wp-includes/class-wp-hook.php(324): activate_lumaisd(false)\n#5 /wordpress/wp-includes/class-wp-hook.php(348): WP_Hook->apply_filters('', Array)\n#6 /wordpress/wp-includes/plugin.php(517): WP_Hook->do_action(Array)\n#7 /wordpress/wp-admin/includes/plugin.php(703): do_action('activate_lumina...', false)\n#8 /internal/eval.php(20): activate_plugin('luminate-ai-sch...')\n#9 {main}</pre>\n for query SELECT LA_user_active_schema_tags FROM wp_posts made by activate_plugin, do_action('activate_luminate-ai-schema-data/lumaisd.php'), WP_Hook->do_action, WP_Hook->apply_filters, activate_lumaisd, Lumaisd_Activator::activate, WP_SQLite_DB->query, WP_SQLite_DB->print_error",
    "log": "/logs/plugins/i/italystrap/error.json"
  },
  {
    "message": "Uncaught ArgumentCountError: Too few arguments to function WP_Widget::__construct(), 0 passed in /wordpress/wp-includes/class-wp-widget-factory.php on line 62 and at least 2 expected in /wordpress/wp-includes/class-wp-widget.php:163",
    "level": "FATAL",
    "type": "PHP",
    "test": "jspi-boot",
    "plugin": "italystrap",
    "details": "[16-Apr-2025 13:57:47 UTC] PHP Fatal error:  Uncaught ArgumentCountError: Too few arguments to function WP_Widget::__construct(), 0 passed in /wordpress/wp-includes/class-wp-widget-factory.php on line 62 and at least 2 expected in /wordpress/wp-includes/class-wp-widget.php:163\nStack trace:\n#0 /wordpress/wp-includes/class-wp-widget-factory.php(62): WP_Widget->__construct()\n#1 /wordpress/wp-includes/widgets.php(123): WP_Widget_Factory->register('am_wpie')\n#2 /wordpress/wp-content/plugins/indicadores-economicos/indicadores-economicos.php(67): register_widget('am_wpie')\n#3 /wordpress/wp-includes/class-wp-hook.php(324): load_am_wpie('')\n#4 /wordpress/wp-includes/class-wp-hook.php(348): WP_Hook->apply_filters(NULL, Array)\n#5 /wordpress/wp-includes/plugin.php(517): WP_Hook->do_action(Array)\n#6 /wordpress/wp-includes/widgets.php(1870): do_action('widgets_init')\n#7 /wordpress/wp-includes/class-wp-hook.php(324): wp_widgets_init('')\n#8 /wordpress/wp-includes/class-wp-hook.php(348): WP_Hook->apply_filters(NULL, Array)\n#9 /wordpress/wp-includes/plugin.php(517): WP_Hook->do_action(Array)\n#10 /wordpress/wp-settings.php(727): do_action('init')\n#11 /wordpress/wp-config.php(102): require_once('/wordpress/wp-s...')\n#12 /wordpress/wp-load.php(50): require_once('/wordpress/wp-c...')\n#13 /internal/eval.php(3): require_once('/wordpress/wp-l...')\n#14 {main}\n  thrown in /wordpress/wp-includes/class-wp-widget.php on line 163",
    "log": "/logs/plugins/i/italystrap/error.json"
  },
  {
    "message": "Uncaught ArgumentCountError: Too few arguments to function WP_Widget::__construct(), 0 passed in /wordpress/wp-includes/class-wp-widget-factory.php on line 62 and at least 2 expected in /wordpress/wp-includes/class-wp-widget.php:163",
    "level": "FATAL",
    "type": "PHP",
    "test": "jspi-boot",
    "plugin": "italystrap",
    "details": "[16-Apr-2025 13:57:55 UTC] PHP Fatal error:  Uncaught ArgumentCountError: Too few arguments to function WP_Widget::__construct(), 0 passed in /wordpress/wp-includes/class-wp-widget-factory.php on line 62 and at least 2 expected in /wordpress/wp-includes/class-wp-widget.php:163\nStack trace:\n#0 /wordpress/wp-includes/class-wp-widget-factory.php(62): WP_Widget->__construct()\n#1 /wordpress/wp-includes/widgets.php(123): WP_Widget_Factory->register('am_wpie')\n#2 /wordpress/wp-content/plugins/indicadores-economicos/indicadores-economicos.php(67): register_widget('am_wpie')\n#3 /wordpress/wp-includes/class-wp-hook.php(324): load_am_wpie('')\n#4 /wordpress/wp-includes/class-wp-hook.php(348): WP_Hook->apply_filters(NULL, Array)\n#5 /wordpress/wp-includes/plugin.php(517): WP_Hook->do_action(Array)\n#6 /wordpress/wp-includes/widgets.php(1870): do_action('widgets_init')\n#7 /wordpress/wp-includes/class-wp-hook.php(324): wp_widgets_init('')\n#8 /wordpress/wp-includes/class-wp-hook.php(348): WP_Hook->apply_filters(NULL, Array)\n#9 /wordpress/wp-includes/plugin.php(517): WP_Hook->do_action(Array)\n#10 /wordpress/wp-settings.php(727): do_action('init')\n#11 /wordpress/wp-config.php(102): require_once('/wordpress/wp-s...')\n#12 /wordpress/wp-load.php(50): require_once('/wordpress/wp-c...')\n#13 /internal/eval.php(3): require_once('/wordpress/wp-l...')\n#14 {main}\n  thrown in /wordpress/wp-includes/class-wp-widget.php on line 163",
    "log": "/logs/plugins/i/italystrap/error.json"
  },
  {
    "message": "Uncaught ArgumentCountError: Too few arguments to function WP_Widget::__construct(), 0 passed in /wordpress/wp-includes/class-wp-widget-factory.php on line 62 and at least 2 expected in /wordpress/wp-includes/class-wp-widget.php:163",
    "level": "FATAL",
    "type": "PHP",
    "test": "jspi-boot",
    "plugin": "italystrap",
    "details": "[16-Apr-2025 13:58:04 UTC] PHP Fatal error:  Uncaught ArgumentCountError: Too few arguments to function WP_Widget::__construct(), 0 passed in /wordpress/wp-includes/class-wp-widget-factory.php on line 62 and at least 2 expected in /wordpress/wp-includes/class-wp-widget.php:163\nStack trace:\n#0 /wordpress/wp-includes/class-wp-widget-factory.php(62): WP_Widget->__construct()\n#1 /wordpress/wp-includes/widgets.php(123): WP_Widget_Factory->register('am_wpie')\n#2 /wordpress/wp-content/plugins/indicadores-economicos/indicadores-economicos.php(67): register_widget('am_wpie')\n#3 /wordpress/wp-includes/class-wp-hook.php(324): load_am_wpie('')\n#4 /wordpress/wp-includes/class-wp-hook.php(348): WP_Hook->apply_filters(NULL, Array)\n#5 /wordpress/wp-includes/plugin.php(517): WP_Hook->do_action(Array)\n#6 /wordpress/wp-includes/widgets.php(1870): do_action('widgets_init')\n#7 /wordpress/wp-includes/class-wp-hook.php(324): wp_widgets_init('')\n#8 /wordpress/wp-includes/class-wp-hook.php(348): WP_Hook->apply_filters(NULL, Array)\n#9 /wordpress/wp-includes/plugin.php(517): WP_Hook->do_action(Array)\n#10 /wordpress/wp-settings.php(727): do_action('init')\n#11 /wordpress/wp-config.php(102): require_once('/wordpress/wp-s...')\n#12 /wordpress/wp-load.php(50): require_once('/wordpress/wp-c...')\n#13 /internal/eval.php(3): require_once('/wordpress/wp-l...')\n#14 {main}\n  thrown in /wordpress/wp-includes/class-wp-widget.php on line 163",
    "log": "/logs/plugins/i/italystrap/error.json"
  },
  {
    "message": "Function _load_textdomain_just_in_time was called <strong>incorrectly</strong>. Translation loading for the <code>otw_ibsw</code> domain was triggered too early. This is usually an indicator for some code in the plugin or theme running too early. Translations should be loaded at the <code>init</code> action or later. Please see <a href=\"https://developer.wordpress.org/advanced-administration/debug/debug-wordpress/\">Debugging in WordPress</a> for more information. (This message was added in version 6.7.0.) in /wordpress/wp-includes/functions.php on line 6121",
    "level": "NOTICE",
    "type": "PHP",
    "test": "jspi-boot",
    "plugin": "italystrap",
    "details": "[16-Apr-2025 13:58:14 UTC] PHP Notice:  Function _load_textdomain_just_in_time was called <strong>incorrectly</strong>. Translation loading for the <code>otw_ibsw</code> domain was triggered too early. This is usually an indicator for some code in the plugin or theme running too early. Translations should be loaded at the <code>init</code> action or later. Please see <a href=\"https://developer.wordpress.org/advanced-administration/debug/debug-wordpress/\">Debugging in WordPress</a> for more information. (This message was added in version 6.7.0.) in /wordpress/wp-includes/functions.php on line 6121",
    "log": "/logs/plugins/i/italystrap/error.json"
  },
  {
    "message": "Function _load_textdomain_just_in_time was called <strong>incorrectly</strong>. Translation loading for the <code>otw_ibsw</code> domain was triggered too early. This is usually an indicator for some code in the plugin or theme running too early. Translations should be loaded at the <code>init</code> action or later. Please see <a href=\"https://developer.wordpress.org/advanced-administration/debug/debug-wordpress/\">Debugging in WordPress</a> for more information. (This message was added in version 6.7.0.) in /wordpress/wp-includes/functions.php on line 6121",
    "level": "NOTICE",
    "type": "PHP",
    "test": "jspi-boot",
    "plugin": "italystrap",
    "details": "[16-Apr-2025 13:58:24 UTC] PHP Notice:  Function _load_textdomain_just_in_time was called <strong>incorrectly</strong>. Translation loading for the <code>otw_ibsw</code> domain was triggered too early. This is usually an indicator for some code in the plugin or theme running too early. Translations should be loaded at the <code>init</code> action or later. Please see <a href=\"https://developer.wordpress.org/advanced-administration/debug/debug-wordpress/\">Debugging in WordPress</a> for more information. (This message was added in version 6.7.0.) in /wordpress/wp-includes/functions.php on line 6121",
    "log": "/logs/plugins/i/italystrap/error.json"
  },
  {
    "message": "Function _load_textdomain_just_in_time was called <strong>incorrectly</strong>. Translation loading for the <code>otw_ibsw</code> domain was triggered too early. This is usually an indicator for some code in the plugin or theme running too early. Translations should be loaded at the <code>init</code> action or later. Please see <a href=\"https://developer.wordpress.org/advanced-administration/debug/debug-wordpress/\">Debugging in WordPress</a> for more information. (This message was added in version 6.7.0.) in /wordpress/wp-includes/functions.php on line 6121",
    "level": "NOTICE",
    "type": "PHP",
    "test": "jspi-boot",
    "plugin": "italystrap",
    "details": "[16-Apr-2025 13:58:35 UTC] PHP Notice:  Function _load_textdomain_just_in_time was called <strong>incorrectly</strong>. Translation loading for the <code>otw_ibsw</code> domain was triggered too early. This is usually an indicator for some code in the plugin or theme running too early. Translations should be loaded at the <code>init</code> action or later. Please see <a href=\"https://developer.wordpress.org/advanced-administration/debug/debug-wordpress/\">Debugging in WordPress</a> for more information. (This message was added in version 6.7.0.) in /wordpress/wp-includes/functions.php on line 6121",
    "log": "/logs/plugins/i/italystrap/error.json"
  },
  {
    "message": "Uncaught TypeError: call_user_func_array(): Argument #1 ($callback) must be a valid callback, non-static method Inspirational_Quotes::activate() cannot be called statically in /wordpress/wp-includes/class-wp-hook.php:324",
    "level": "FATAL",
    "type": "PHP",
    "test": "jspi-boot",
    "plugin": "italystrap",
    "details": "[16-Apr-2025 13:59:33 UTC] PHP Fatal error:  Uncaught TypeError: call_user_func_array(): Argument #1 ($callback) must be a valid callback, non-static method Inspirational_Quotes::activate() cannot be called statically in /wordpress/wp-includes/class-wp-hook.php:324\nStack trace:\n#0 /wordpress/wp-includes/class-wp-hook.php(348): WP_Hook->apply_filters('', Array)\n#1 /wordpress/wp-includes/plugin.php(517): WP_Hook->do_action(Array)\n#2 /wordpress/wp-admin/includes/plugin.php(703): do_action('activate_inspir...', false)\n#3 /internal/eval.php(20): activate_plugin('inspirational-q...')\n#4 {main}\n  thrown in /wordpress/wp-includes/class-wp-hook.php on line 324",
    "log": "/logs/plugins/i/italystrap/error.json"
  },
  {
    "message": "Uncaught TypeError: call_user_func_array(): Argument #1 ($callback) must be a valid callback, non-static method Inspirational_Quotes::activate() cannot be called statically in /wordpress/wp-includes/class-wp-hook.php:324",
    "level": "FATAL",
    "type": "PHP",
    "test": "jspi-boot",
    "plugin": "italystrap",
    "details": "[16-Apr-2025 13:59:41 UTC] PHP Fatal error:  Uncaught TypeError: call_user_func_array(): Argument #1 ($callback) must be a valid callback, non-static method Inspirational_Quotes::activate() cannot be called statically in /wordpress/wp-includes/class-wp-hook.php:324\nStack trace:\n#0 /wordpress/wp-includes/class-wp-hook.php(348): WP_Hook->apply_filters('', Array)\n#1 /wordpress/wp-includes/plugin.php(517): WP_Hook->do_action(Array)\n#2 /wordpress/wp-admin/includes/plugin.php(703): do_action('activate_inspir...', false)\n#3 /internal/eval.php(20): activate_plugin('inspirational-q...')\n#4 {main}\n  thrown in /wordpress/wp-includes/class-wp-hook.php on line 324",
    "log": "/logs/plugins/i/italystrap/error.json"
  },
  {
    "message": "Uncaught TypeError: call_user_func_array(): Argument #1 ($callback) must be a valid callback, non-static method Inspirational_Quotes::activate() cannot be called statically in /wordpress/wp-includes/class-wp-hook.php:324",
    "level": "FATAL",
    "type": "PHP",
    "test": "jspi-boot",
    "plugin": "italystrap",
    "details": "[16-Apr-2025 13:59:49 UTC] PHP Fatal error:  Uncaught TypeError: call_user_func_array(): Argument #1 ($callback) must be a valid callback, non-static method Inspirational_Quotes::activate() cannot be called statically in /wordpress/wp-includes/class-wp-hook.php:324\nStack trace:\n#0 /wordpress/wp-includes/class-wp-hook.php(348): WP_Hook->apply_filters('', Array)\n#1 /wordpress/wp-includes/plugin.php(517): WP_Hook->do_action(Array)\n#2 /wordpress/wp-admin/includes/plugin.php(703): do_action('activate_inspir...', false)\n#3 /internal/eval.php(20): activate_plugin('inspirational-q...')\n#4 {main}\n  thrown in /wordpress/wp-includes/class-wp-hook.php on line 324",
    "log": "/logs/plugins/i/italystrap/error.json"
  },
  {
    "message": "Required parameter $return_mode follows optional parameter $widget_call in /wordpress/wp-content/plugins/instagram-gallery-widget/classes/class-main.php on line 214",
    "level": "DEPRECATED",
    "type": "PHP",
    "test": "jspi-boot",
    "plugin": "italystrap",
    "details": "[16-Apr-2025 13:59:57 UTC] PHP Deprecated:  Required parameter $return_mode follows optional parameter $widget_call in /wordpress/wp-content/plugins/instagram-gallery-widget/classes/class-main.php on line 214",
    "log": "/logs/plugins/i/italystrap/error.json"
  },
  {
    "message": "Required parameter $return_mode follows optional parameter $widget_call in /wordpress/wp-content/plugins/instagram-gallery-widget/classes/class-main.php on line 214",
    "level": "DEPRECATED",
    "type": "PHP",
    "test": "jspi-boot",
    "plugin": "italystrap",
    "details": "[16-Apr-2025 13:59:58 UTC] PHP Deprecated:  Required parameter $return_mode follows optional parameter $widget_call in /wordpress/wp-content/plugins/instagram-gallery-widget/classes/class-main.php on line 214",
    "log": "/logs/plugins/i/italystrap/error.json"
  },
  {
    "message": "Uncaught ArgumentCountError: Too few arguments to function WP_Widget::__construct(), 0 passed in /wordpress/wp-includes/class-wp-widget-factory.php on line 62 and at least 2 expected in /wordpress/wp-includes/class-wp-widget.php:163",
    "level": "FATAL",
    "type": "PHP",
    "test": "jspi-boot",
    "plugin": "italystrap",
    "details": "[16-Apr-2025 13:59:58 UTC] PHP Fatal error:  Uncaught ArgumentCountError: Too few arguments to function WP_Widget::__construct(), 0 passed in /wordpress/wp-includes/class-wp-widget-factory.php on line 62 and at least 2 expected in /wordpress/wp-includes/class-wp-widget.php:163\nStack trace:\n#0 /wordpress/wp-includes/class-wp-widget-factory.php(62): WP_Widget->__construct()\n#1 /wordpress/wp-includes/widgets.php(123): WP_Widget_Factory->register('WDG_InstagramGa...')\n#2 /wordpress/wp-content/plugins/instagram-gallery-widget/lib/lib-admin.php(37): register_widget('WDG_InstagramGa...')\n#3 /wordpress/wp-includes/class-wp-hook.php(324): igw_install_widgets('')\n#4 /wordpress/wp-includes/class-wp-hook.php(348): WP_Hook->apply_filters(NULL, Array)\n#5 /wordpress/wp-includes/plugin.php(517): WP_Hook->do_action(Array)\n#6 /wordpress/wp-includes/widgets.php(1870): do_action('widgets_init')\n#7 /wordpress/wp-includes/class-wp-hook.php(324): wp_widgets_init('')\n#8 /wordpress/wp-includes/class-wp-hook.php(348): WP_Hook->apply_filters(NULL, Array)\n#9 /wordpress/wp-includes/plugin.php(517): WP_Hook->do_action(Array)\n#10 /wordpress/wp-settings.php(727): do_action('init')\n#11 /wordpress/wp-config.php(102): require_once('/wordpress/wp-s...')\n#12 /wordpress/wp-load.php(50): require_once('/wordpress/wp-c...')\n#13 /internal/eval.php(3): require_once('/wordpress/wp-l...')\n#14 {main}\n  thrown in /wordpress/wp-includes/class-wp-widget.php on line 163",
    "log": "/logs/plugins/i/italystrap/error.json"
  },
  {
    "message": "Required parameter $return_mode follows optional parameter $widget_call in /wordpress/wp-content/plugins/instagram-gallery-widget/classes/class-main.php on line 214",
    "level": "DEPRECATED",
    "type": "PHP",
    "test": "jspi-boot",
    "plugin": "italystrap",
    "details": "[16-Apr-2025 14:00:06 UTC] PHP Deprecated:  Required parameter $return_mode follows optional parameter $widget_call in /wordpress/wp-content/plugins/instagram-gallery-widget/classes/class-main.php on line 214",
    "log": "/logs/plugins/i/italystrap/error.json"
  },
  {
    "message": "Required parameter $return_mode follows optional parameter $widget_call in /wordpress/wp-content/plugins/instagram-gallery-widget/classes/class-main.php on line 214",
    "level": "DEPRECATED",
    "type": "PHP",
    "test": "jspi-boot",
    "plugin": "italystrap",
    "details": "[16-Apr-2025 14:00:07 UTC] PHP Deprecated:  Required parameter $return_mode follows optional parameter $widget_call in /wordpress/wp-content/plugins/instagram-gallery-widget/classes/class-main.php on line 214",
    "log": "/logs/plugins/i/italystrap/error.json"
  },
  {
    "message": "Uncaught ArgumentCountError: Too few arguments to function WP_Widget::__construct(), 0 passed in /wordpress/wp-includes/class-wp-widget-factory.php on line 62 and at least 2 expected in /wordpress/wp-includes/class-wp-widget.php:163",
    "level": "FATAL",
    "type": "PHP",
    "test": "jspi-boot",
    "plugin": "italystrap",
    "details": "[16-Apr-2025 14:00:08 UTC] PHP Fatal error:  Uncaught ArgumentCountError: Too few arguments to function WP_Widget::__construct(), 0 passed in /wordpress/wp-includes/class-wp-widget-factory.php on line 62 and at least 2 expected in /wordpress/wp-includes/class-wp-widget.php:163\nStack trace:\n#0 /wordpress/wp-includes/class-wp-widget-factory.php(62): WP_Widget->__construct()\n#1 /wordpress/wp-includes/widgets.php(123): WP_Widget_Factory->register('WDG_InstagramGa...')\n#2 /wordpress/wp-content/plugins/instagram-gallery-widget/lib/lib-admin.php(37): register_widget('WDG_InstagramGa...')\n#3 /wordpress/wp-includes/class-wp-hook.php(324): igw_install_widgets('')\n#4 /wordpress/wp-includes/class-wp-hook.php(348): WP_Hook->apply_filters(NULL, Array)\n#5 /wordpress/wp-includes/plugin.php(517): WP_Hook->do_action(Array)\n#6 /wordpress/wp-includes/widgets.php(1870): do_action('widgets_init')\n#7 /wordpress/wp-includes/class-wp-hook.php(324): wp_widgets_init('')\n#8 /wordpress/wp-includes/class-wp-hook.php(348): WP_Hook->apply_filters(NULL, Array)\n#9 /wordpress/wp-includes/plugin.php(517): WP_Hook->do_action(Array)\n#10 /wordpress/wp-settings.php(727): do_action('init')\n#11 /wordpress/wp-config.php(102): require_once('/wordpress/wp-s...')\n#12 /wordpress/wp-load.php(50): require_once('/wordpress/wp-c...')\n#13 /internal/eval.php(3): require_once('/wordpress/wp-l...')\n#14 {main}\n  thrown in /wordpress/wp-includes/class-wp-widget.php on line 163",
    "log": "/logs/plugins/i/italystrap/error.json"
  },
  {
    "message": "Required parameter $return_mode follows optional parameter $widget_call in /wordpress/wp-content/plugins/instagram-gallery-widget/classes/class-main.php on line 214",
    "level": "DEPRECATED",
    "type": "PHP",
    "test": "jspi-boot",
    "plugin": "italystrap",
    "details": "[16-Apr-2025 14:00:16 UTC] PHP Deprecated:  Required parameter $return_mode follows optional parameter $widget_call in /wordpress/wp-content/plugins/instagram-gallery-widget/classes/class-main.php on line 214",
    "log": "/logs/plugins/i/italystrap/error.json"
  },
  {
    "message": "Required parameter $return_mode follows optional parameter $widget_call in /wordpress/wp-content/plugins/instagram-gallery-widget/classes/class-main.php on line 214",
    "level": "DEPRECATED",
    "type": "PHP",
    "test": "jspi-boot",
    "plugin": "italystrap",
    "details": "[16-Apr-2025 14:00:17 UTC] PHP Deprecated:  Required parameter $return_mode follows optional parameter $widget_call in /wordpress/wp-content/plugins/instagram-gallery-widget/classes/class-main.php on line 214",
    "log": "/logs/plugins/i/italystrap/error.json"
  },
  {
    "message": "Uncaught ArgumentCountError: Too few arguments to function WP_Widget::__construct(), 0 passed in /wordpress/wp-includes/class-wp-widget-factory.php on line 62 and at least 2 expected in /wordpress/wp-includes/class-wp-widget.php:163",
    "level": "FATAL",
    "type": "PHP",
    "test": "jspi-boot",
    "plugin": "italystrap",
    "details": "[16-Apr-2025 14:00:17 UTC] PHP Fatal error:  Uncaught ArgumentCountError: Too few arguments to function WP_Widget::__construct(), 0 passed in /wordpress/wp-includes/class-wp-widget-factory.php on line 62 and at least 2 expected in /wordpress/wp-includes/class-wp-widget.php:163\nStack trace:\n#0 /wordpress/wp-includes/class-wp-widget-factory.php(62): WP_Widget->__construct()\n#1 /wordpress/wp-includes/widgets.php(123): WP_Widget_Factory->register('WDG_InstagramGa...')\n#2 /wordpress/wp-content/plugins/instagram-gallery-widget/lib/lib-admin.php(37): register_widget('WDG_InstagramGa...')\n#3 /wordpress/wp-includes/class-wp-hook.php(324): igw_install_widgets('')\n#4 /wordpress/wp-includes/class-wp-hook.php(348): WP_Hook->apply_filters(NULL, Array)\n#5 /wordpress/wp-includes/plugin.php(517): WP_Hook->do_action(Array)\n#6 /wordpress/wp-includes/widgets.php(1870): do_action('widgets_init')\n#7 /wordpress/wp-includes/class-wp-hook.php(324): wp_widgets_init('')\n#8 /wordpress/wp-includes/class-wp-hook.php(348): WP_Hook->apply_filters(NULL, Array)\n#9 /wordpress/wp-includes/plugin.php(517): WP_Hook->do_action(Array)\n#10 /wordpress/wp-settings.php(727): do_action('init')\n#11 /wordpress/wp-config.php(102): require_once('/wordpress/wp-s...')\n#12 /wordpress/wp-load.php(50): require_once('/wordpress/wp-c...')\n#13 /internal/eval.php(3): require_once('/wordpress/wp-l...')\n#14 {main}\n  thrown in /wordpress/wp-includes/class-wp-widget.php on line 163",
    "log": "/logs/plugins/i/italystrap/error.json"
  },
  {
    "message": "Declaration of IProperty_Amenity_Checklist::start_el(&$output, $category, $depth, $args, $id = 0) must be compatible with Walker_Category_Checklist::start_el(&$output, $data_object, $depth = 0, $args = [], $current_object_id = 0) in /wordpress/wp-content/plugins/intellectual-property-basic/taxonomies/amenity/setup.php on line 60",
    "level": "FATAL",
    "type": "PHP",
    "test": "jspi-boot",
    "plugin": "italystrap",
    "details": "[16-Apr-2025 14:00:46 UTC] PHP Fatal error:  Declaration of IProperty_Amenity_Checklist::start_el(&$output, $category, $depth, $args, $id = 0) must be compatible with Walker_Category_Checklist::start_el(&$output, $data_object, $depth = 0, $args = [], $current_object_id = 0) in /wordpress/wp-content/plugins/intellectual-property-basic/taxonomies/amenity/setup.php on line 60",
    "log": "/logs/plugins/i/italystrap/error.json"
  },
  {
    "message": "Declaration of IProperty_Amenity_Checklist::start_el(&$output, $category, $depth, $args, $id = 0) must be compatible with Walker_Category_Checklist::start_el(&$output, $data_object, $depth = 0, $args = [], $current_object_id = 0) in /wordpress/wp-content/plugins/intellectual-property-basic/taxonomies/amenity/setup.php on line 60",
    "level": "FATAL",
    "type": "PHP",
    "test": "jspi-boot",
    "plugin": "italystrap",
    "details": "[16-Apr-2025 14:00:54 UTC] PHP Fatal error:  Declaration of IProperty_Amenity_Checklist::start_el(&$output, $category, $depth, $args, $id = 0) must be compatible with Walker_Category_Checklist::start_el(&$output, $data_object, $depth = 0, $args = [], $current_object_id = 0) in /wordpress/wp-content/plugins/intellectual-property-basic/taxonomies/amenity/setup.php on line 60",
    "log": "/logs/plugins/i/italystrap/error.json"
  },
  {
    "message": "Declaration of IProperty_Amenity_Checklist::start_el(&$output, $category, $depth, $args, $id = 0) must be compatible with Walker_Category_Checklist::start_el(&$output, $data_object, $depth = 0, $args = [], $current_object_id = 0) in /wordpress/wp-content/plugins/intellectual-property-basic/taxonomies/amenity/setup.php on line 60",
    "level": "FATAL",
    "type": "PHP",
    "test": "jspi-boot",
    "plugin": "italystrap",
    "details": "[16-Apr-2025 14:01:02 UTC] PHP Fatal error:  Declaration of IProperty_Amenity_Checklist::start_el(&$output, $category, $depth, $args, $id = 0) must be compatible with Walker_Category_Checklist::start_el(&$output, $data_object, $depth = 0, $args = [], $current_object_id = 0) in /wordpress/wp-content/plugins/intellectual-property-basic/taxonomies/amenity/setup.php on line 60",
    "log": "/logs/plugins/i/italystrap/error.json"
  },
  {
    "message": "mysqli::__construct(): (HY000/2002): Address family not supported by protocol in /wordpress/wp-content/plugins/ipresso/include/sqlquery.php on line 142",
    "level": "WARNING",
    "type": "PHP",
    "test": "jspi-boot",
    "plugin": "italystrap",
    "details": "[16-Apr-2025 14:02:04 UTC] PHP Warning:  mysqli::__construct(): (HY000/2002): Address family not supported by protocol in /wordpress/wp-content/plugins/ipresso/include/sqlquery.php on line 142",
    "log": "/logs/plugins/i/italystrap/error.json"
  },
  {
    "message": "Uncaught Error: mysqli object is already closed in /wordpress/wp-content/plugins/ipresso/include/sqlquery.php:143",
    "level": "FATAL",
    "type": "PHP",
    "test": "jspi-boot",
    "plugin": "italystrap",
    "details": "[16-Apr-2025 14:02:04 UTC] PHP Fatal error:  Uncaught Error: mysqli object is already closed in /wordpress/wp-content/plugins/ipresso/include/sqlquery.php:143\nStack trace:\n#0 /wordpress/wp-content/plugins/ipresso/include/sqlquery.php(143): mysqli->query('SET NAMES utf8')\n#1 /wordpress/wp-content/plugins/ipresso/include/sqlquery.php(179): iPresso_SQL->sqlQuery('\\n              ...')\n#2 /wordpress/wp-content/plugins/ipresso/include/funct.php(22): iPresso_SQL->checkIfUserExists()\n#3 /wordpress/wp-content/plugins/ipresso/ipresso.php(91): iPresso_Function->checkRegistration()\n#4 /wordpress/wp-content/plugins/ipresso/ipresso.php(97): iPresso->startPlugin()\n#5 /wordpress/wp-admin/includes/plugin.php(2387): include_once('/wordpress/wp-c...')\n#6 /wordpress/wp-admin/includes/plugin.php(673): plugin_sandbox_scrape('ipresso/ipresso...')\n#7 /internal/eval.php(20): activate_plugin('ipresso/ipresso...')\n#8 {main}\n  thrown in /wordpress/wp-content/plugins/ipresso/include/sqlquery.php on line 143",
    "log": "/logs/plugins/i/italystrap/error.json"
  },
  {
    "message": "mysqli::__construct(): (HY000/2002): Address family not supported by protocol in /wordpress/wp-content/plugins/ipresso/include/sqlquery.php on line 142",
    "level": "WARNING",
    "type": "PHP",
    "test": "jspi-boot",
    "plugin": "italystrap",
    "details": "[16-Apr-2025 14:02:12 UTC] PHP Warning:  mysqli::__construct(): (HY000/2002): Address family not supported by protocol in /wordpress/wp-content/plugins/ipresso/include/sqlquery.php on line 142",
    "log": "/logs/plugins/i/italystrap/error.json"
  },
  {
    "message": "Uncaught Error: mysqli object is already closed in /wordpress/wp-content/plugins/ipresso/include/sqlquery.php:143",
    "level": "FATAL",
    "type": "PHP",
    "test": "jspi-boot",
    "plugin": "italystrap",
    "details": "[16-Apr-2025 14:02:12 UTC] PHP Fatal error:  Uncaught Error: mysqli object is already closed in /wordpress/wp-content/plugins/ipresso/include/sqlquery.php:143\nStack trace:\n#0 /wordpress/wp-content/plugins/ipresso/include/sqlquery.php(143): mysqli->query('SET NAMES utf8')\n#1 /wordpress/wp-content/plugins/ipresso/include/sqlquery.php(179): iPresso_SQL->sqlQuery('\\n              ...')\n#2 /wordpress/wp-content/plugins/ipresso/include/funct.php(22): iPresso_SQL->checkIfUserExists()\n#3 /wordpress/wp-content/plugins/ipresso/ipresso.php(91): iPresso_Function->checkRegistration()\n#4 /wordpress/wp-content/plugins/ipresso/ipresso.php(97): iPresso->startPlugin()\n#5 /wordpress/wp-admin/includes/plugin.php(2387): include_once('/wordpress/wp-c...')\n#6 /wordpress/wp-admin/includes/plugin.php(673): plugin_sandbox_scrape('ipresso/ipresso...')\n#7 /internal/eval.php(20): activate_plugin('ipresso/ipresso...')\n#8 {main}\n  thrown in /wordpress/wp-content/plugins/ipresso/include/sqlquery.php on line 143",
    "log": "/logs/plugins/i/italystrap/error.json"
  },
  {
    "message": "mysqli::__construct(): (HY000/2002): Address family not supported by protocol in /wordpress/wp-content/plugins/ipresso/include/sqlquery.php on line 142",
    "level": "WARNING",
    "type": "PHP",
    "test": "jspi-boot",
    "plugin": "italystrap",
    "details": "[16-Apr-2025 14:02:21 UTC] PHP Warning:  mysqli::__construct(): (HY000/2002): Address family not supported by protocol in /wordpress/wp-content/plugins/ipresso/include/sqlquery.php on line 142",
    "log": "/logs/plugins/i/italystrap/error.json"
  },
  {
    "message": "Uncaught Error: mysqli object is already closed in /wordpress/wp-content/plugins/ipresso/include/sqlquery.php:143",
    "level": "FATAL",
    "type": "PHP",
    "test": "jspi-boot",
    "plugin": "italystrap",
    "details": "[16-Apr-2025 14:02:21 UTC] PHP Fatal error:  Uncaught Error: mysqli object is already closed in /wordpress/wp-content/plugins/ipresso/include/sqlquery.php:143\nStack trace:\n#0 /wordpress/wp-content/plugins/ipresso/include/sqlquery.php(143): mysqli->query('SET NAMES utf8')\n#1 /wordpress/wp-content/plugins/ipresso/include/sqlquery.php(179): iPresso_SQL->sqlQuery('\\n              ...')\n#2 /wordpress/wp-content/plugins/ipresso/include/funct.php(22): iPresso_SQL->checkIfUserExists()\n#3 /wordpress/wp-content/plugins/ipresso/ipresso.php(91): iPresso_Function->checkRegistration()\n#4 /wordpress/wp-content/plugins/ipresso/ipresso.php(97): iPresso->startPlugin()\n#5 /wordpress/wp-admin/includes/plugin.php(2387): include_once('/wordpress/wp-c...')\n#6 /wordpress/wp-admin/includes/plugin.php(673): plugin_sandbox_scrape('ipresso/ipresso...')\n#7 /internal/eval.php(20): activate_plugin('ipresso/ipresso...')\n#8 {main}\n  thrown in /wordpress/wp-content/plugins/ipresso/include/sqlquery.php on line 143",
    "log": "/logs/plugins/i/italystrap/error.json"
  },
  {
    "message": "include(/wordpress/wp-content/plugins/italystrap/vendor/composer/../../src/Event/Manager.php): Failed to open stream: No such file or directory in /wordpress/wp-content/plugins/italystrap/vendor/composer/ClassLoader.php on line 582",
    "level": "WARNING",
    "type": "PHP",
    "test": "jspi-boot",
    "plugin": "italystrap",
    "details": "[16-Apr-2025 14:02:32 UTC] PHP Warning:  include(/wordpress/wp-content/plugins/italystrap/vendor/composer/../../src/Event/Manager.php): Failed to open stream: No such file or directory in /wordpress/wp-content/plugins/italystrap/vendor/composer/ClassLoader.php on line 582",
    "log": "/logs/plugins/i/italystrap/error.json"
  },
  {
    "message": "include(): Failed opening '/wordpress/wp-content/plugins/italystrap/vendor/composer/../../src/Event/Manager.php' for inclusion (include_path='.:') in /wordpress/wp-content/plugins/italystrap/vendor/composer/ClassLoader.php on line 582",
    "level": "WARNING",
    "type": "PHP",
    "test": "jspi-boot",
    "plugin": "italystrap",
    "details": "[16-Apr-2025 14:02:32 UTC] PHP Warning:  include(): Failed opening '/wordpress/wp-content/plugins/italystrap/vendor/composer/../../src/Event/Manager.php' for inclusion (include_path='.:') in /wordpress/wp-content/plugins/italystrap/vendor/composer/ClassLoader.php on line 582",
    "log": "/logs/plugins/i/italystrap/error.json"
  },
  {
    "message": "Uncaught ReflectionException: Class \"ItalyStrap\\Event\\Manager\" does not exist in /wordpress/wp-content/plugins/italystrap/vendor/rdlowrey/auryn/lib/StandardReflector.php:14",
    "level": "FATAL",
    "type": "PHP",
    "test": "jspi-boot",
    "plugin": "italystrap",
    "details": "[16-Apr-2025 14:02:33 UTC] PHP Fatal error:  Uncaught ReflectionException: Class \"ItalyStrap\\Event\\Manager\" does not exist in /wordpress/wp-content/plugins/italystrap/vendor/rdlowrey/auryn/lib/StandardReflector.php:14\nStack trace:\n#0 /wordpress/wp-content/plugins/italystrap/vendor/rdlowrey/auryn/lib/StandardReflector.php(14): ReflectionClass->__construct('ItalyStrap\\\\Even...')\n#1 /wordpress/wp-content/plugins/italystrap/vendor/rdlowrey/auryn/lib/CachingReflector.php(38): Auryn\\StandardReflector->getCtor('ItalyStrap\\\\Even...')\n#2 /wordpress/wp-content/plugins/italystrap/vendor/italystrap/empress/bridge/Injector.php(426): Auryn\\CachingReflector->getCtor('ItalyStrap\\\\Even...')\n#3 /wordpress/wp-content/plugins/italystrap/vendor/italystrap/empress/bridge/Injector.php(377): ItalyStrap\\Empress\\Injector->provisionInstance('ItalyStrap\\\\Even...', 'italystrap\\\\even...', Array)\n#4 /wordpress/wp-content/plugins/italystrap/bootstrap.php(149): ItalyStrap\\Empress\\Injector->make('ItalyStrap\\\\Even...')\n#5 /wordpress/wp-content/plugins/italystrap/italystrap.php(70): require('/wordpress/wp-c...')\n#6 /wordpress/wp-admin/includes/plugin.php(2387): include_once('/wordpress/wp-c...')\n#7 /wordpress/wp-admin/includes/plugin.php(673): plugin_sandbox_scrape('italystrap/ital...')\n#8 /internal/eval.php(20): activate_plugin('italystrap/ital...')\n#9 {main}\n\nNext Auryn\\InjectionException: Could not make ItalyStrap\\Event\\Manager: Class \"ItalyStrap\\Event\\Manager\" does not exist in /wordpress/wp-content/plugins/italystrap/vendor/italystrap/empress/bridge/Injector.php:449\nStack trace:\n#0 /wordpress/wp-content/plugins/italystrap/vendor/italystrap/empress/bridge/Injector.php(377): ItalyStrap\\Empress\\Injector->provisionInstance('ItalyStrap\\\\Even...', 'italystrap\\\\even...', Array)\n#1 /wordpress/wp-content/plugins/italystrap/bootstrap.php(149): ItalyStrap\\Empress\\Injector->make('ItalyStrap\\\\Even...')\n#2 /wordpress/wp-content/plugins/italystrap/italystrap.php(70): require('/wordpress/wp-c...')\n#3 /wordpress/wp-admin/includes/plugin.php(2387): include_once('/wordpress/wp-c...')\n#4 /wordpress/wp-admin/includes/plugin.php(673): plugin_sandbox_scrape('italystrap/ital...')\n#5 /internal/eval.php(20): activate_plugin('italystrap/ital...')\n#6 {main}\n  thrown in /wordpress/wp-content/plugins/italystrap/vendor/italystrap/empress/bridge/Injector.php on line 449",
    "log": "/logs/plugins/i/italystrap/error.json"
  },
  {
    "message": "include(/wordpress/wp-content/plugins/italystrap/vendor/composer/../../src/Event/Manager.php): Failed to open stream: No such file or directory in /wordpress/wp-content/plugins/italystrap/vendor/composer/ClassLoader.php on line 582",
    "level": "WARNING",
    "type": "PHP",
    "test": "jspi-boot",
    "plugin": "italystrap",
    "details": "[16-Apr-2025 14:02:44 UTC] PHP Warning:  include(/wordpress/wp-content/plugins/italystrap/vendor/composer/../../src/Event/Manager.php): Failed to open stream: No such file or directory in /wordpress/wp-content/plugins/italystrap/vendor/composer/ClassLoader.php on line 582",
    "log": "/logs/plugins/i/italystrap/error.json"
  },
  {
    "message": "include(): Failed opening '/wordpress/wp-content/plugins/italystrap/vendor/composer/../../src/Event/Manager.php' for inclusion (include_path='.:') in /wordpress/wp-content/plugins/italystrap/vendor/composer/ClassLoader.php on line 582",
    "level": "WARNING",
    "type": "PHP",
    "test": "jspi-boot",
    "plugin": "italystrap",
    "details": "[16-Apr-2025 14:02:44 UTC] PHP Warning:  include(): Failed opening '/wordpress/wp-content/plugins/italystrap/vendor/composer/../../src/Event/Manager.php' for inclusion (include_path='.:') in /wordpress/wp-content/plugins/italystrap/vendor/composer/ClassLoader.php on line 582",
    "log": "/logs/plugins/i/italystrap/error.json"
  },
  {
    "message": "Uncaught ReflectionException: Class \"ItalyStrap\\Event\\Manager\" does not exist in /wordpress/wp-content/plugins/italystrap/vendor/rdlowrey/auryn/lib/StandardReflector.php:14",
    "level": "FATAL",
    "type": "PHP",
    "test": "jspi-boot",
    "plugin": "italystrap",
    "details": "[16-Apr-2025 14:02:44 UTC] PHP Fatal error:  Uncaught ReflectionException: Class \"ItalyStrap\\Event\\Manager\" does not exist in /wordpress/wp-content/plugins/italystrap/vendor/rdlowrey/auryn/lib/StandardReflector.php:14\nStack trace:\n#0 /wordpress/wp-content/plugins/italystrap/vendor/rdlowrey/auryn/lib/StandardReflector.php(14): ReflectionClass->__construct('ItalyStrap\\\\Even...')\n#1 /wordpress/wp-content/plugins/italystrap/vendor/rdlowrey/auryn/lib/CachingReflector.php(38): Auryn\\StandardReflector->getCtor('ItalyStrap\\\\Even...')\n#2 /wordpress/wp-content/plugins/italystrap/vendor/italystrap/empress/bridge/Injector.php(426): Auryn\\CachingReflector->getCtor('ItalyStrap\\\\Even...')\n#3 /wordpress/wp-content/plugins/italystrap/vendor/italystrap/empress/bridge/Injector.php(377): ItalyStrap\\Empress\\Injector->provisionInstance('ItalyStrap\\\\Even...', 'italystrap\\\\even...', Array)\n#4 /wordpress/wp-content/plugins/italystrap/bootstrap.php(149): ItalyStrap\\Empress\\Injector->make('ItalyStrap\\\\Even...')\n#5 /wordpress/wp-content/plugins/italystrap/italystrap.php(70): require('/wordpress/wp-c...')\n#6 /wordpress/wp-admin/includes/plugin.php(2387): include_once('/wordpress/wp-c...')\n#7 /wordpress/wp-admin/includes/plugin.php(673): plugin_sandbox_scrape('italystrap/ital...')\n#8 /internal/eval.php(20): activate_plugin('italystrap/ital...')\n#9 {main}\n\nNext Auryn\\InjectionException: Could not make ItalyStrap\\Event\\Manager: Class \"ItalyStrap\\Event\\Manager\" does not exist in /wordpress/wp-content/plugins/italystrap/vendor/italystrap/empress/bridge/Injector.php:449\nStack trace:\n#0 /wordpress/wp-content/plugins/italystrap/vendor/italystrap/empress/bridge/Injector.php(377): ItalyStrap\\Empress\\Injector->provisionInstance('ItalyStrap\\\\Even...', 'italystrap\\\\even...', Array)\n#1 /wordpress/wp-content/plugins/italystrap/bootstrap.php(149): ItalyStrap\\Empress\\Injector->make('ItalyStrap\\\\Even...')\n#2 /wordpress/wp-content/plugins/italystrap/italystrap.php(70): require('/wordpress/wp-c...')\n#3 /wordpress/wp-admin/includes/plugin.php(2387): include_once('/wordpress/wp-c...')\n#4 /wordpress/wp-admin/includes/plugin.php(673): plugin_sandbox_scrape('italystrap/ital...')\n#5 /internal/eval.php(20): activate_plugin('italystrap/ital...')\n#6 {main}\n  thrown in /wordpress/wp-content/plugins/italystrap/vendor/italystrap/empress/bridge/Injector.php on line 449",
    "log": "/logs/plugins/i/italystrap/error.json"
  },
  {
    "message": "include(/wordpress/wp-content/plugins/italystrap/vendor/composer/../../src/Event/Manager.php): Failed to open stream: No such file or directory in /wordpress/wp-content/plugins/italystrap/vendor/composer/ClassLoader.php on line 582",
    "level": "WARNING",
    "type": "PHP",
    "test": "jspi-boot",
    "plugin": "italystrap",
    "details": "[16-Apr-2025 14:02:51 UTC] PHP Warning:  include(/wordpress/wp-content/plugins/italystrap/vendor/composer/../../src/Event/Manager.php): Failed to open stream: No such file or directory in /wordpress/wp-content/plugins/italystrap/vendor/composer/ClassLoader.php on line 582",
    "log": "/logs/plugins/i/italystrap/error.json"
  },
  {
    "message": "include(): Failed opening '/wordpress/wp-content/plugins/italystrap/vendor/composer/../../src/Event/Manager.php' for inclusion (include_path='.:') in /wordpress/wp-content/plugins/italystrap/vendor/composer/ClassLoader.php on line 582",
    "level": "WARNING",
    "type": "PHP",
    "test": "jspi-boot",
    "plugin": "italystrap",
    "details": "[16-Apr-2025 14:02:51 UTC] PHP Warning:  include(): Failed opening '/wordpress/wp-content/plugins/italystrap/vendor/composer/../../src/Event/Manager.php' for inclusion (include_path='.:') in /wordpress/wp-content/plugins/italystrap/vendor/composer/ClassLoader.php on line 582",
    "log": "/logs/plugins/i/italystrap/error.json"
  },
  {
    "message": "Uncaught ReflectionException: Class \"ItalyStrap\\Event\\Manager\" does not exist in /wordpress/wp-content/plugins/italystrap/vendor/rdlowrey/auryn/lib/StandardReflector.php:14",
    "level": "FATAL",
    "type": "PHP",
    "test": "jspi-boot",
    "plugin": "italystrap",
    "details": "[16-Apr-2025 14:02:51 UTC] PHP Fatal error:  Uncaught ReflectionException: Class \"ItalyStrap\\Event\\Manager\" does not exist in /wordpress/wp-content/plugins/italystrap/vendor/rdlowrey/auryn/lib/StandardReflector.php:14\nStack trace:\n#0 /wordpress/wp-content/plugins/italystrap/vendor/rdlowrey/auryn/lib/StandardReflector.php(14): ReflectionClass->__construct('ItalyStrap\\\\Even...')\n#1 /wordpress/wp-content/plugins/italystrap/vendor/rdlowrey/auryn/lib/CachingReflector.php(38): Auryn\\StandardReflector->getCtor('ItalyStrap\\\\Even...')\n#2 /wordpress/wp-content/plugins/italystrap/vendor/italystrap/empress/bridge/Injector.php(426): Auryn\\CachingReflector->getCtor('ItalyStrap\\\\Even...')\n#3 /wordpress/wp-content/plugins/italystrap/vendor/italystrap/empress/bridge/Injector.php(377): ItalyStrap\\Empress\\Injector->provisionInstance('ItalyStrap\\\\Even...', 'italystrap\\\\even...', Array)\n#4 /wordpress/wp-content/plugins/italystrap/bootstrap.php(149): ItalyStrap\\Empress\\Injector->make('ItalyStrap\\\\Even...')\n#5 /wordpress/wp-content/plugins/italystrap/italystrap.php(70): require('/wordpress/wp-c...')\n#6 /wordpress/wp-admin/includes/plugin.php(2387): include_once('/wordpress/wp-c...')\n#7 /wordpress/wp-admin/includes/plugin.php(673): plugin_sandbox_scrape('italystrap/ital...')\n#8 /internal/eval.php(20): activate_plugin('italystrap/ital...')\n#9 {main}\n\nNext Auryn\\InjectionException: Could not make ItalyStrap\\Event\\Manager: Class \"ItalyStrap\\Event\\Manager\" does not exist in /wordpress/wp-content/plugins/italystrap/vendor/italystrap/empress/bridge/Injector.php:449\nStack trace:\n#0 /wordpress/wp-content/plugins/italystrap/vendor/italystrap/empress/bridge/Injector.php(377): ItalyStrap\\Empress\\Injector->provisionInstance('ItalyStrap\\\\Even...', 'italystrap\\\\even...', Array)\n#1 /wordpress/wp-content/plugins/italystrap/bootstrap.php(149): ItalyStrap\\Empress\\Injector->make('ItalyStrap\\\\Even...')\n#2 /wordpress/wp-content/plugins/italystrap/italystrap.php(70): require('/wordpress/wp-c...')\n#3 /wordpress/wp-admin/includes/plugin.php(2387): include_once('/wordpress/wp-c...')\n#4 /wordpress/wp-admin/includes/plugin.php(673): plugin_sandbox_scrape('italystrap/ital...')\n#5 /internal/eval.php(20): activate_plugin('italystrap/ital...')\n#6 {main}\n  thrown in /wordpress/wp-content/plugins/italystrap/vendor/italystrap/empress/bridge/Injector.php on line 449\n\n    at Object.onBind (file:///home/runner/work/playground-tester/playground-tester/node_modules/@wp-playground/cli/index.js:237:15)\n    at process.processTicksAndRejections (node:internal/process/task_queues:105:5)\n    at async V (file:///home/runner/work/playground-tester/playground-tester/node_modules/@wp-playground/cli/index.js:64:10)\n    at async ja (file:///home/runner/work/playground-tester/playground-tester/node_modules/@wp-playground/cli/cli.js:8161:12) {\n  [cause]: Error: Error when executing the blueprint step #1 ({\"step\":\"installPlugin\",\"pluginData\":{\"resource\":\"wordpress.org/plugins\",\"slug\":\"italystrap\"},\"options\":{\"activate\":true}}) : PHP.run() failed with exit code 255 and the following output: \n      at Object.run (file:///home/runner/work/playground-tester/playground-tester/node_modules/@wp-playground/blueprints/index.js:12449:19)\n      at process.processTicksAndRejections (node:internal/process/task_queues:105:5)\n      at async ms (file:///home/runner/work/playground-tester/playground-tester/node_modules/@wp-playground/blueprints/index.js:12552:3)\n      ... 2 lines matching cause stack trace ...\n      at async ja (file:///home/runner/work/playground-tester/playground-tester/node_modules/@wp-playground/cli/cli.js:8161:12) {\n    [cause]: PHPExecutionFailureError: PHP.run() failed with exit code 255 and the following output: \n        at PHP.run (file:///home/runner/work/playground-tester/playground-tester/node_modules/@php-wasm/universal/index.js:987:19)\n        at process.processTicksAndRejections (node:internal/process/task_queues:105:5)\n        at async wr (file:///home/runner/work/playground-tester/playground-tester/node_modules/@wp-playground/blueprints/index.js:33:39)\n        at async Object.gt [as installPlugin] (file:///home/runner/work/playground-tester/playground-tester/node_modules/@wp-playground/blueprints/index.js:974:42)\n        at async g (file:///home/runner/work/playground-tester/playground-tester/node_modules/@wp-playground/blueprints/index.js:12517:30)\n        at async Object.run (file:///home/runner/work/playground-tester/playground-tester/node_modules/@wp-playground/blueprints/index.js:12446:23)\n        at async ms (file:///home/runner/work/playground-tester/playground-tester/node_modules/@wp-playground/blueprints/index.js:12552:3)\n        at async Object.onBind (file:///home/runner/work/playground-tester/playground-tester/node_modules/@wp-playground/cli/index.js:227:48)\n        at async V (file:///home/runner/work/playground-tester/playground-tester/node_modules/@wp-playground/cli/index.js:64:10)\n        at async ja (file:///home/runner/work/playground-tester/playground-tester/node_modules/@wp-playground/cli/cli.js:8161:12) {\n      response: PHPResponse {\n        httpStatusCode: 500,\n        headers: {\n          'x-powered-by': [ 'PHP/8.0.30-dev' ],\n          'content-type': [ 'text/html; charset=UTF-8' ]\n        },\n        bytes: Uint8Array(0) [],\n        exitCode: 255,\n        errors: ''\n      },\n      source: 'request'\n    }\n  }\n}\n\n",
    "log": "/logs/plugins/i/italystrap/error.json"
  }
]
