file:///home/runner/work/playground-tester/playground-tester/node_modules/@wp-playground/cli/run-cli-j-geJYS3.js:325
        throw new Error($, { cause: h });
              ^

Error: [11-Jun-2025 20:49:38 UTC] PHP Warning:  Trying to access array offset on value of type bool in /wordpress/wp-content/plugins/wp-colophon/colophone.php on line 107
[11-Jun-2025 20:49:38 UTC] PHP Warning:  Undefined variable $site_name in /wordpress/wp-content/plugins/wp-colophon/colophone.php on line 110
[11-Jun-2025 20:49:48 UTC] PHP Warning:  Trying to access array offset on value of type bool in /wordpress/wp-content/plugins/wp-colophon/colophone.php on line 107
[11-Jun-2025 20:49:48 UTC] PHP Warning:  Undefined variable $site_name in /wordpress/wp-content/plugins/wp-colophon/colophone.php on line 110
[11-Jun-2025 20:49:57 UTC] PHP Warning:  Trying to access array offset on value of type bool in /wordpress/wp-content/plugins/wp-colophon/colophone.php on line 107
[11-Jun-2025 20:49:57 UTC] PHP Warning:  Undefined variable $site_name in /wordpress/wp-content/plugins/wp-colophon/colophone.php on line 110
[11-Jun-2025 20:50:29 UTC] PHP Warning:  Constant DU4WP_PLUGIN_URL already defined in /wordpress/wp-content/plugins/wp-display-users/display-users.php on line 175
[11-Jun-2025 20:50:31 UTC] PHP Warning:  Constant DU4WP_PLUGIN_URL already defined in /wordpress/wp-content/plugins/wp-display-users/display-users.php on line 175
[11-Jun-2025 20:50:40 UTC] PHP Warning:  Constant DU4WP_PLUGIN_URL already defined in /wordpress/wp-content/plugins/wp-display-users/display-users.php on line 175
[11-Jun-2025 20:50:41 UTC] PHP Warning:  Constant DU4WP_PLUGIN_URL already defined in /wordpress/wp-content/plugins/wp-display-users/display-users.php on line 175
[11-Jun-2025 20:50:50 UTC] PHP Warning:  Constant DU4WP_PLUGIN_URL already defined in /wordpress/wp-content/plugins/wp-display-users/display-users.php on line 175
[11-Jun-2025 20:50:51 UTC] PHP Warning:  Constant DU4WP_PLUGIN_URL already defined in /wordpress/wp-content/plugins/wp-display-users/display-users.php on line 175
[11-Jun-2025 20:53:02 UTC] WordPress database error <div style="clear:both">&nbsp;</div>
<div class="queries" style="clear:both;margin-bottom:2px;border:red dotted thin;">
<p>MySQL query:</p>
<p>SELECT * FROM wp_wcplus_reviews</p>
<p>Queries made or created this session were:</p>
<ol>
<li>Executing: BEGIN IMMEDIATE | (no parameters)</li>
<li>Executing: SELECT * FROM `wp_wcplus_reviews` | (no parameters)</li>
<li>Executing: ROLLBACK | (no parameters)</li>
</ol>
</div>
<div style="clear:both;margin-bottom:2px;border:red dotted thin;" class="error_message" style="border-bottom:dotted blue thin;">
SQLSTATE[HY000]: General error: 1 no such table: wp_wcplus_reviews
</div>
<p>Backtrace:</p>
<pre>#0 /internal/shared/sqlite-database-integration/wp-includes/sqlite-ast/class-wp-sqlite-driver.php(683): WP_SQLite_Driver->new_driver_exception('SQLSTATE[HY000]...', 'HY000', Object(PDOException))
#1 /internal/shared/sqlite-database-integration/wp-includes/sqlite/class-wp-sqlite-db.php(491): WP_SQLite_Driver->query('SELECT * FROM w...')
#2 /internal/shared/sqlite-database-integration/wp-includes/sqlite/class-wp-sqlite-db.php(432): WP_SQLite_DB->_do_query('SELECT * FROM w...')
#3 /wordpress/wp-includes/class-wpdb.php(3146): WP_SQLite_DB->query('SELECT * FROM w...')
#4 /wordpress/wp-content/plugins/wc-plus/wcplus-allcode.php(477): wpdb->get_results('SELECT * FROM w...')
#5 /wordpress/wp-content/plugins/wc-plus/wcplus-allcode.php(479): get_wcplus_customer_review_base()
#6 /wordpress/wp-content/plugins/wc-plus/wp-plus-free.php(28): Pluswc_Free_Class->wcplusFreeClass()
#7 /wordpress/wp-admin/includes/plugin.php(2387): include_once('/wordpress/wp-c...')
#8 /wordpress/wp-admin/includes/plugin.php(673): plugin_sandbox_scrape('wc-plus/wp-plus...')
#9 /internal/eval.php(20): activate_plugin('wc-plus/wp-plus...')
#10 {main}</pre>
 for query SELECT * FROM wp_wcplus_reviews made by activate_plugin, plugin_sandbox_scrape, include_once('/plugins/wc-plus/wp-plus-free.php'), Pluswc_Free_Class->wcplusFreeClass, get_wcplus_customer_review_base, WP_SQLite_DB->query, WP_SQLite_DB->print_error
[11-Jun-2025 20:53:03 UTC] WordPress database error <div style="clear:both">&nbsp;</div>
<div class="queries" style="clear:both;margin-bottom:2px;border:red dotted thin;">
<p>MySQL query:</p>
<p>SELECT * FROM wp_wcplus_reviews</p>
<p>Queries made or created this session were:</p>
<ol>
<li>Executing: BEGIN IMMEDIATE | (no parameters)</li>
<li>Executing: SELECT * FROM `wp_wcplus_reviews` | (no parameters)</li>
<li>Executing: ROLLBACK | (no parameters)</li>
</ol>
</div>
<div style="clear:both;margin-bottom:2px;border:red dotted thin;" class="error_message" style="border-bottom:dotted blue thin;">
SQLSTATE[HY000]: General error: 1 no such table: wp_wcplus_reviews
</div>
<p>Backtrace:</p>
<pre>#0 /internal/shared/sqlite-database-integration/wp-includes/sqlite-ast/class-wp-sqlite-driver.php(683): WP_SQLite_Driver->new_driver_exception('SQLSTATE[HY000]...', 'HY000', Object(PDOException))
#1 /internal/shared/sqlite-database-integration/wp-includes/sqlite/class-wp-sqlite-db.php(491): WP_SQLite_Driver->query('SELECT * FROM w...')
#2 /internal/shared/sqlite-database-integration/wp-includes/sqlite/class-wp-sqlite-db.php(432): WP_SQLite_DB->_do_query('SELECT * FROM w...')
#3 /wordpress/wp-includes/class-wpdb.php(3146): WP_SQLite_DB->query('SELECT * FROM w...')
#4 /wordpress/wp-content/plugins/wc-plus/wcplus-allcode.php(477): wpdb->get_results('SELECT * FROM w...')
#5 /wordpress/wp-content/plugins/wc-plus/wcplus-allcode.php(479): get_wcplus_customer_review_base()
#6 /wordpress/wp-content/plugins/wc-plus/wp-plus-free.php(28): Pluswc_Free_Class->wcplusFreeClass()
#7 /wordpress/wp-settings.php(545): include_once('/wordpress/wp-c...')
#8 /wordpress/wp-config.php(102): require_once('/wordpress/wp-s...')
#9 /wordpress/wp-load.php(50): require_once('/wordpress/wp-c...')
#10 /internal/eval.php(3): require_once('/wordpress/wp-l...')
#11 {main}</pre>
 for query SELECT * FROM wp_wcplus_reviews made by require_once('wp-load.php'), require_once('wp-config.php'), require_once('wp-settings.php'), include_once('/plugins/wc-plus/wp-plus-free.php'), Pluswc_Free_Class->wcplusFreeClass, get_wcplus_customer_review_base, WP_SQLite_DB->query, WP_SQLite_DB->print_error
[11-Jun-2025 20:53:12 UTC] WordPress database error <div style="clear:both">&nbsp;</div>
<div class="queries" style="clear:both;margin-bottom:2px;border:red dotted thin;">
<p>MySQL query:</p>
<p>SELECT * FROM wp_wcplus_reviews</p>
<p>Queries made or created this session were:</p>
<ol>
<li>Executing: BEGIN IMMEDIATE | (no parameters)</li>
<li>Executing: SELECT * FROM `wp_wcplus_reviews` | (no parameters)</li>
<li>Executing: ROLLBACK | (no parameters)</li>
</ol>
</div>
<div style="clear:both;margin-bottom:2px;border:red dotted thin;" class="error_message" style="border-bottom:dotted blue thin;">
SQLSTATE[HY000]: General error: 1 no such table: wp_wcplus_reviews
</div>
<p>Backtrace:</p>
<pre>#0 /internal/shared/sqlite-database-integration/wp-includes/sqlite-ast/class-wp-sqlite-driver.php(683): WP_SQLite_Driver->new_driver_exception('SQLSTATE[HY000]...', 'HY000', Object(PDOException))
#1 /internal/shared/sqlite-database-integration/wp-includes/sqlite/class-wp-sqlite-db.php(491): WP_SQLite_Driver->query('SELECT * FROM w...')
#2 /internal/shared/sqlite-database-integration/wp-includes/sqlite/class-wp-sqlite-db.php(432): WP_SQLite_DB->_do_query('SELECT * FROM w...')
#3 /wordpress/wp-includes/class-wpdb.php(3146): WP_SQLite_DB->query('SELECT * FROM w...')
#4 /wordpress/wp-content/plugins/wc-plus/wcplus-allcode.php(477): wpdb->get_results('SELECT * FROM w...')
#5 /wordpress/wp-content/plugins/wc-plus/wcplus-allcode.php(479): get_wcplus_customer_review_base()
#6 /wordpress/wp-content/plugins/wc-plus/wp-plus-free.php(28): Pluswc_Free_Class->wcplusFreeClass()
#7 /wordpress/wp-admin/includes/plugin.php(2387): include_once('/wordpress/wp-c...')
#8 /wordpress/wp-admin/includes/plugin.php(673): plugin_sandbox_scrape('wc-plus/wp-plus...')
#9 /internal/eval.php(20): activate_plugin('wc-plus/wp-plus...')
#10 {main}</pre>
 for query SELECT * FROM wp_wcplus_reviews made by activate_plugin, plugin_sandbox_scrape, include_once('/plugins/wc-plus/wp-plus-free.php'), Pluswc_Free_Class->wcplusFreeClass, get_wcplus_customer_review_base, WP_SQLite_DB->query, WP_SQLite_DB->print_error
[11-Jun-2025 20:53:13 UTC] WordPress database error <div style="clear:both">&nbsp;</div>
<div class="queries" style="clear:both;margin-bottom:2px;border:red dotted thin;">
<p>MySQL query:</p>
<p>SELECT * FROM wp_wcplus_reviews</p>
<p>Queries made or created this session were:</p>
<ol>
<li>Executing: BEGIN IMMEDIATE | (no parameters)</li>
<li>Executing: SELECT * FROM `wp_wcplus_reviews` | (no parameters)</li>
<li>Executing: ROLLBACK | (no parameters)</li>
</ol>
</div>
<div style="clear:both;margin-bottom:2px;border:red dotted thin;" class="error_message" style="border-bottom:dotted blue thin;">
SQLSTATE[HY000]: General error: 1 no such table: wp_wcplus_reviews
</div>
<p>Backtrace:</p>
<pre>#0 /internal/shared/sqlite-database-integration/wp-includes/sqlite-ast/class-wp-sqlite-driver.php(683): WP_SQLite_Driver->new_driver_exception('SQLSTATE[HY000]...', 'HY000', Object(PDOException))
#1 /internal/shared/sqlite-database-integration/wp-includes/sqlite/class-wp-sqlite-db.php(491): WP_SQLite_Driver->query('SELECT * FROM w...')
#2 /internal/shared/sqlite-database-integration/wp-includes/sqlite/class-wp-sqlite-db.php(432): WP_SQLite_DB->_do_query('SELECT * FROM w...')
#3 /wordpress/wp-includes/class-wpdb.php(3146): WP_SQLite_DB->query('SELECT * FROM w...')
#4 /wordpress/wp-content/plugins/wc-plus/wcplus-allcode.php(477): wpdb->get_results('SELECT * FROM w...')
#5 /wordpress/wp-content/plugins/wc-plus/wcplus-allcode.php(479): get_wcplus_customer_review_base()
#6 /wordpress/wp-content/plugins/wc-plus/wp-plus-free.php(28): Pluswc_Free_Class->wcplusFreeClass()
#7 /wordpress/wp-settings.php(545): include_once('/wordpress/wp-c...')
#8 /wordpress/wp-config.php(102): require_once('/wordpress/wp-s...')
#9 /wordpress/wp-load.php(50): require_once('/wordpress/wp-c...')
#10 /internal/eval.php(3): require_once('/wordpress/wp-l...')
#11 {main}</pre>
 for query SELECT * FROM wp_wcplus_reviews made by require_once('wp-load.php'), require_once('wp-config.php'), require_once('wp-settings.php'), include_once('/plugins/wc-plus/wp-plus-free.php'), Pluswc_Free_Class->wcplusFreeClass, get_wcplus_customer_review_base, WP_SQLite_DB->query, WP_SQLite_DB->print_error
[11-Jun-2025 20:53:21 UTC] WordPress database error <div style="clear:both">&nbsp;</div>
<div class="queries" style="clear:both;margin-bottom:2px;border:red dotted thin;">
<p>MySQL query:</p>
<p>SELECT * FROM wp_wcplus_reviews</p>
<p>Queries made or created this session were:</p>
<ol>
<li>Executing: BEGIN IMMEDIATE | (no parameters)</li>
<li>Executing: SELECT * FROM `wp_wcplus_reviews` | (no parameters)</li>
<li>Executing: ROLLBACK | (no parameters)</li>
</ol>
</div>
<div style="clear:both;margin-bottom:2px;border:red dotted thin;" class="error_message" style="border-bottom:dotted blue thin;">
SQLSTATE[HY000]: General error: 1 no such table: wp_wcplus_reviews
</div>
<p>Backtrace:</p>
<pre>#0 /internal/shared/sqlite-database-integration/wp-includes/sqlite-ast/class-wp-sqlite-driver.php(683): WP_SQLite_Driver->new_driver_exception('SQLSTATE[HY000]...', 'HY000', Object(PDOException))
#1 /internal/shared/sqlite-database-integration/wp-includes/sqlite/class-wp-sqlite-db.php(491): WP_SQLite_Driver->query('SELECT * FROM w...')
#2 /internal/shared/sqlite-database-integration/wp-includes/sqlite/class-wp-sqlite-db.php(432): WP_SQLite_DB->_do_query('SELECT * FROM w...')
#3 /wordpress/wp-includes/class-wpdb.php(3146): WP_SQLite_DB->query('SELECT * FROM w...')
#4 /wordpress/wp-content/plugins/wc-plus/wcplus-allcode.php(477): wpdb->get_results('SELECT * FROM w...')
#5 /wordpress/wp-content/plugins/wc-plus/wcplus-allcode.php(479): get_wcplus_customer_review_base()
#6 /wordpress/wp-content/plugins/wc-plus/wp-plus-free.php(28): Pluswc_Free_Class->wcplusFreeClass()
#7 /wordpress/wp-admin/includes/plugin.php(2387): include_once('/wordpress/wp-c...')
#8 /wordpress/wp-admin/includes/plugin.php(673): plugin_sandbox_scrape('wc-plus/wp-plus...')
#9 /internal/eval.php(20): activate_plugin('wc-plus/wp-plus...')
#10 {main}</pre>
 for query SELECT * FROM wp_wcplus_reviews made by activate_plugin, plugin_sandbox_scrape, include_once('/plugins/wc-plus/wp-plus-free.php'), Pluswc_Free_Class->wcplusFreeClass, get_wcplus_customer_review_base, WP_SQLite_DB->query, WP_SQLite_DB->print_error
[11-Jun-2025 20:53:22 UTC] WordPress database error <div style="clear:both">&nbsp;</div>
<div class="queries" style="clear:both;margin-bottom:2px;border:red dotted thin;">
<p>MySQL query:</p>
<p>SELECT * FROM wp_wcplus_reviews</p>
<p>Queries made or created this session were:</p>
<ol>
<li>Executing: BEGIN IMMEDIATE | (no parameters)</li>
<li>Executing: SELECT * FROM `wp_wcplus_reviews` | (no parameters)</li>
<li>Executing: ROLLBACK | (no parameters)</li>
</ol>
</div>
<div style="clear:both;margin-bottom:2px;border:red dotted thin;" class="error_message" style="border-bottom:dotted blue thin;">
SQLSTATE[HY000]: General error: 1 no such table: wp_wcplus_reviews
</div>
<p>Backtrace:</p>
<pre>#0 /internal/shared/sqlite-database-integration/wp-includes/sqlite-ast/class-wp-sqlite-driver.php(683): WP_SQLite_Driver->new_driver_exception('SQLSTATE[HY000]...', 'HY000', Object(PDOException))
#1 /internal/shared/sqlite-database-integration/wp-includes/sqlite/class-wp-sqlite-db.php(491): WP_SQLite_Driver->query('SELECT * FROM w...')
#2 /internal/shared/sqlite-database-integration/wp-includes/sqlite/class-wp-sqlite-db.php(432): WP_SQLite_DB->_do_query('SELECT * FROM w...')
#3 /wordpress/wp-includes/class-wpdb.php(3146): WP_SQLite_DB->query('SELECT * FROM w...')
#4 /wordpress/wp-content/plugins/wc-plus/wcplus-allcode.php(477): wpdb->get_results('SELECT * FROM w...')
#5 /wordpress/wp-content/plugins/wc-plus/wcplus-allcode.php(479): get_wcplus_customer_review_base()
#6 /wordpress/wp-content/plugins/wc-plus/wp-plus-free.php(28): Pluswc_Free_Class->wcplusFreeClass()
#7 /wordpress/wp-settings.php(545): include_once('/wordpress/wp-c...')
#8 /wordpress/wp-config.php(102): require_once('/wordpress/wp-s...')
#9 /wordpress/wp-load.php(50): require_once('/wordpress/wp-c...')
#10 /internal/eval.php(3): require_once('/wordpress/wp-l...')
#11 {main}</pre>
 for query SELECT * FROM wp_wcplus_reviews made by require_once('wp-load.php'), require_once('wp-config.php'), require_once('wp-settings.php'), include_once('/plugins/wc-plus/wp-plus-free.php'), Pluswc_Free_Class->wcplusFreeClass, get_wcplus_customer_review_base, WP_SQLite_DB->query, WP_SQLite_DB->print_error
[11-Jun-2025 20:53:54 UTC] PHP Notice:  Function _load_textdomain_just_in_time was called <strong>incorrectly</strong>. Translation loading for the <code>woocommerce</code> domain was triggered too early. This is usually an indicator for some code in the plugin or theme running too early. Translations should be loaded at the <code>init</code> action or later. Please see <a href="https://developer.wordpress.org/advanced-administration/debug/debug-wordpress/">Debugging in WordPress</a> for more information. (This message was added in version 6.7.0.) in /wordpress/wp-includes/functions.php on line 6121
[11-Jun-2025 20:54:38 UTC] PHP Notice:  Function _load_textdomain_just_in_time was called <strong>incorrectly</strong>. Translation loading for the <code>woocommerce</code> domain was triggered too early. This is usually an indicator for some code in the plugin or theme running too early. Translations should be loaded at the <code>init</code> action or later. Please see <a href="https://developer.wordpress.org/advanced-administration/debug/debug-wordpress/">Debugging in WordPress</a> for more information. (This message was added in version 6.7.0.) in /wordpress/wp-includes/functions.php on line 6121
[11-Jun-2025 20:55:22 UTC] PHP Notice:  Function _load_textdomain_just_in_time was called <strong>incorrectly</strong>. Translation loading for the <code>woocommerce</code> domain was triggered too early. This is usually an indicator for some code in the plugin or theme running too early. Translations should be loaded at the <code>init</code> action or later. Please see <a href="https://developer.wordpress.org/advanced-administration/debug/debug-wordpress/">Debugging in WordPress</a> for more information. (This message was added in version 6.7.0.) in /wordpress/wp-includes/functions.php on line 6121
[11-Jun-2025 20:56:32 UTC] PHP Notice:  Function register_taxonomy was called <strong>incorrectly</strong>. Taxonomy names must be between 1 and 32 characters in length. Please see <a href="https://developer.wordpress.org/advanced-administration/debug/debug-wordpress/">Debugging in WordPress</a> for more information. (This message was added in version 4.2.0.) in /wordpress/wp-includes/functions.php on line 6121
[11-Jun-2025 20:56:32 UTC] PHP Warning:  Trying to access array offset on value of type bool in /wordpress/wp-content/plugins/wp-listings-pro/includes/class-agents.php on line 145
[11-Jun-2025 20:56:32 UTC] PHP Notice:  Function register_taxonomy was called <strong>incorrectly</strong>. Taxonomy names must be between 1 and 32 characters in length. Please see <a href="https://developer.wordpress.org/advanced-administration/debug/debug-wordpress/">Debugging in WordPress</a> for more information. (This message was added in version 4.2.0.) in /wordpress/wp-includes/functions.php on line 6121
[11-Jun-2025 20:56:34 UTC] PHP Warning:  Trying to access array offset on value of type bool in /wordpress/wp-content/plugins/wp-listings-pro/includes/class-agents.php on line 145
[11-Jun-2025 20:56:34 UTC] PHP Notice:  Function register_taxonomy was called <strong>incorrectly</strong>. Taxonomy names must be between 1 and 32 characters in length. Please see <a href="https://developer.wordpress.org/advanced-administration/debug/debug-wordpress/">Debugging in WordPress</a> for more information. (This message was added in version 4.2.0.) in /wordpress/wp-includes/functions.php on line 6121
[11-Jun-2025 20:56:46 UTC] PHP Notice:  Function register_taxonomy was called <strong>incorrectly</strong>. Taxonomy names must be between 1 and 32 characters in length. Please see <a href="https://developer.wordpress.org/advanced-administration/debug/debug-wordpress/">Debugging in WordPress</a> for more information. (This message was added in version 4.2.0.) in /wordpress/wp-includes/functions.php on line 6121
[11-Jun-2025 20:56:46 UTC] PHP Warning:  Trying to access array offset on value of type bool in /wordpress/wp-content/plugins/wp-listings-pro/includes/class-agents.php on line 145
[11-Jun-2025 20:56:46 UTC] PHP Notice:  Function register_taxonomy was called <strong>incorrectly</strong>. Taxonomy names must be between 1 and 32 characters in length. Please see <a href="https://developer.wordpress.org/advanced-administration/debug/debug-wordpress/">Debugging in WordPress</a> for more information. (This message was added in version 4.2.0.) in /wordpress/wp-includes/functions.php on line 6121
[11-Jun-2025 20:56:48 UTC] PHP Warning:  Trying to access array offset on value of type bool in /wordpress/wp-content/plugins/wp-listings-pro/includes/class-agents.php on line 145
[11-Jun-2025 20:56:48 UTC] PHP Notice:  Function register_taxonomy was called <strong>incorrectly</strong>. Taxonomy names must be between 1 and 32 characters in length. Please see <a href="https://developer.wordpress.org/advanced-administration/debug/debug-wordpress/">Debugging in WordPress</a> for more information. (This message was added in version 4.2.0.) in /wordpress/wp-includes/functions.php on line 6121
[11-Jun-2025 20:57:01 UTC] PHP Notice:  Function register_taxonomy was called <strong>incorrectly</strong>. Taxonomy names must be between 1 and 32 characters in length. Please see <a href="https://developer.wordpress.org/advanced-administration/debug/debug-wordpress/">Debugging in WordPress</a> for more information. (This message was added in version 4.2.0.) in /wordpress/wp-includes/functions.php on line 6121
[11-Jun-2025 20:57:01 UTC] PHP Warning:  Trying to access array offset on value of type bool in /wordpress/wp-content/plugins/wp-listings-pro/includes/class-agents.php on line 145
[11-Jun-2025 20:57:01 UTC] PHP Notice:  Function register_taxonomy was called <strong>incorrectly</strong>. Taxonomy names must be between 1 and 32 characters in length. Please see <a href="https://developer.wordpress.org/advanced-administration/debug/debug-wordpress/">Debugging in WordPress</a> for more information. (This message was added in version 4.2.0.) in /wordpress/wp-includes/functions.php on line 6121
[11-Jun-2025 20:57:02 UTC] PHP Warning:  Trying to access array offset on value of type bool in /wordpress/wp-content/plugins/wp-listings-pro/includes/class-agents.php on line 145
[11-Jun-2025 20:57:02 UTC] PHP Notice:  Function register_taxonomy was called <strong>incorrectly</strong>. Taxonomy names must be between 1 and 32 characters in length. Please see <a href="https://developer.wordpress.org/advanced-administration/debug/debug-wordpress/">Debugging in WordPress</a> for more information. (This message was added in version 4.2.0.) in /wordpress/wp-includes/functions.php on line 6121
[11-Jun-2025 20:57:37 UTC] PHP Fatal error:  Uncaught Exception: Please active first WooCommerce plugin. in /wordpress/wp-content/plugins/woocommerce-gift-coupon/woocommerce-gift-coupon.php:35
Stack trace:
#0 /wordpress/wp-includes/class-wp-hook.php(324): woocommerce_gift_coupon_activation(false)
#1 /wordpress/wp-includes/class-wp-hook.php(348): WP_Hook->apply_filters('', Array)
#2 /wordpress/wp-includes/plugin.php(517): WP_Hook->do_action(Array)
#3 /wordpress/wp-admin/includes/plugin.php(703): do_action('activate_woocom...', false)
#4 /internal/eval.php(20): activate_plugin('woocommerce-gif...')
#5 {main}
  thrown in /wordpress/wp-content/plugins/woocommerce-gift-coupon/woocommerce-gift-coupon.php on line 35
[11-Jun-2025 20:57:46 UTC] PHP Fatal error:  Uncaught Exception: Please active first WooCommerce plugin. in /wordpress/wp-content/plugins/woocommerce-gift-coupon/woocommerce-gift-coupon.php:35
Stack trace:
#0 /wordpress/wp-includes/class-wp-hook.php(324): woocommerce_gift_coupon_activation(false)
#1 /wordpress/wp-includes/class-wp-hook.php(348): WP_Hook->apply_filters('', Array)
#2 /wordpress/wp-includes/plugin.php(517): WP_Hook->do_action(Array)
#3 /wordpress/wp-admin/includes/plugin.php(703): do_action('activate_woocom...', false)
#4 /internal/eval.php(20): activate_plugin('woocommerce-gif...')
#5 {main}
  thrown in /wordpress/wp-content/plugins/woocommerce-gift-coupon/woocommerce-gift-coupon.php on line 35

    at Object.onBind (file:///home/runner/work/playground-tester/playground-tester/node_modules/@wp-playground/cli/run-cli-j-geJYS3.js:325:15)
    at process.processTicksAndRejections (node:internal/process/task_queues:105:5)
    at async re (file:///home/runner/work/playground-tester/playground-tester/node_modules/@wp-playground/cli/run-cli-j-geJYS3.js:149:10) {
  [cause]: Error: Error when executing the blueprint step #1 ({"step":"installPlugin","pluginData":{"resource":"wordpress.org/plugins","slug":"woocommerce-gift-coupon"},"options":{"activate":true}}) : PHP.run() failed with exit code 255 and the following output: 
      at Object.run (file:///home/runner/work/playground-tester/playground-tester/node_modules/@wp-playground/blueprints/index.js:12093:19)
      at process.processTicksAndRejections (node:internal/process/task_queues:105:5)
      at async ys (file:///home/runner/work/playground-tester/playground-tester/node_modules/@wp-playground/blueprints/index.js:12196:3)
      at async Object.onBind (file:///home/runner/work/playground-tester/playground-tester/node_modules/@wp-playground/cli/run-cli-j-geJYS3.js:315:48)
      at async re (file:///home/runner/work/playground-tester/playground-tester/node_modules/@wp-playground/cli/run-cli-j-geJYS3.js:149:10) {
    [cause]: PHPExecutionFailureError: PHP.run() failed with exit code 255 and the following output: 
        at PHP.run (file:///home/runner/work/playground-tester/playground-tester/node_modules/@php-wasm/universal/index.js:1034:19)
        at process.processTicksAndRejections (node:internal/process/task_queues:105:5)
        at async wr (file:///home/runner/work/playground-tester/playground-tester/node_modules/@wp-playground/blueprints/index.js:34:39)
        at async Object.gt [as installPlugin] (file:///home/runner/work/playground-tester/playground-tester/node_modules/@wp-playground/blueprints/index.js:631:42)
        at async g (file:///home/runner/work/playground-tester/playground-tester/node_modules/@wp-playground/blueprints/index.js:12161:30)
        at async Object.run (file:///home/runner/work/playground-tester/playground-tester/node_modules/@wp-playground/blueprints/index.js:12090:23)
        at async ys (file:///home/runner/work/playground-tester/playground-tester/node_modules/@wp-playground/blueprints/index.js:12196:3)
        at async Object.onBind (file:///home/runner/work/playground-tester/playground-tester/node_modules/@wp-playground/cli/run-cli-j-geJYS3.js:315:48)
        at async re (file:///home/runner/work/playground-tester/playground-tester/node_modules/@wp-playground/cli/run-cli-j-geJYS3.js:149:10) {
      response: PHPResponse {
        httpStatusCode: 500,
        headers: {
          'x-powered-by': [ 'PHP/8.0.30-dev' ],
          'content-type': [ 'text/html; charset=UTF-8' ]
        },
        bytes: Uint8Array(0) [],
        exitCode: 255,
        errors: ''
      },
      source: 'request'
    }
  }
}

Node.js v23.11.0
