[
{"message":"file:///home/runner/work/playground-tester/playground-tester/node_modules/@wp-playground/cli/index.js:237\n        throw new Error(y, { cause: u });\n              ^\n","level":"FATAL","type":"PLAYGROUND","test":"jspi-boot","plugin":"j-links","details":"file:///home/runner/work/playground-tester/playground-tester/node_modules/@wp-playground/cli/index.js:237\n        throw new Error(y, { cause: u });\n              ^\n","log":"/tmp/tmp.oFlP9P5Jc6"}
,
{"message":"Required parameter $name follows optional parameter $from in /wordpress/wp-content/plugins/mage-google-maps/core/mage-cast.php on line 178","level":"DEPRECATED","type":"PHP","test":"jspi-boot","plugin":"j-links","details":"[13-May-2025 04:02:42 UTC] PHP Deprecated:  Required parameter $name follows optional parameter $from in /wordpress/wp-content/plugins/mage-google-maps/core/mage-cast.php on line 178","log":"/logs/plugins/j/j-links/error.json"}
,
{"message":"Uncaught ArgumentCountError: Too few arguments to function WP_Widget::__construct(), 0 passed in /wordpress/wp-includes/class-wp-widget-factory.php on line 62 and at least 2 expected in /wordpress/wp-includes/class-wp-widget.php:163","level":"FATAL","type":"PHP","test":"jspi-boot","plugin":"j-links","details":"[13-May-2025 04:02:42 UTC] PHP Fatal error:  Uncaught ArgumentCountError: Too few arguments to function WP_Widget::__construct(), 0 passed in /wordpress/wp-includes/class-wp-widget-factory.php on line 62 and at least 2 expected in /wordpress/wp-includes/class-wp-widget.php:163\nStack trace:\n#0 /wordpress/wp-includes/class-wp-widget-factory.php(62): WP_Widget->__construct()\n#1 /wordpress/wp-includes/widgets.php(123): WP_Widget_Factory->register('Mage_Google_Map...')\n#2 /wordpress/wp-content/plugins/mage-google-maps/cast/craft.php(25): register_widget('Mage_Google_Map...')\n#3 /wordpress/wp-includes/class-wp-hook.php(324): mage_maps_widget('')\n#4 /wordpress/wp-includes/class-wp-hook.php(348): WP_Hook->apply_filters(NULL, Array)\n#5 /wordpress/wp-includes/plugin.php(517): WP_Hook->do_action(Array)\n#6 /wordpress/wp-includes/widgets.php(1870): do_action('widgets_init')\n#7 /wordpress/wp-includes/class-wp-hook.php(324): wp_widgets_init('')\n#8 /wordpress/wp-includes/class-wp-hook.php(348): WP_Hook->apply_filters(NULL, Array)\n#9 /wordpress/wp-includes/plugin.php(517): WP_Hook->do_action(Array)\n#10 /wordpress/wp-settings.php(727): do_action('init')\n#11 /wordpress/wp-config.php(102): require_once('/wordpress/wp-s...')\n#12 /wordpress/wp-load.php(50): require_once('/wordpress/wp-c...')\n#13 /internal/eval.php(3): require_once('/wordpress/wp-l...')\n#14 {main}\n  thrown in /wordpress/wp-includes/class-wp-widget.php on line 163","log":"/logs/plugins/j/j-links/error.json"}
,
{"message":"Required parameter $name follows optional parameter $from in /wordpress/wp-content/plugins/mage-google-maps/core/mage-cast.php on line 178","level":"DEPRECATED","type":"PHP","test":"jspi-boot","plugin":"j-links","details":"[13-May-2025 04:02:53 UTC] PHP Deprecated:  Required parameter $name follows optional parameter $from in /wordpress/wp-content/plugins/mage-google-maps/core/mage-cast.php on line 178","log":"/logs/plugins/j/j-links/error.json"}
,
{"message":"Uncaught ArgumentCountError: Too few arguments to function WP_Widget::__construct(), 0 passed in /wordpress/wp-includes/class-wp-widget-factory.php on line 62 and at least 2 expected in /wordpress/wp-includes/class-wp-widget.php:163","level":"FATAL","type":"PHP","test":"jspi-boot","plugin":"j-links","details":"[13-May-2025 04:02:53 UTC] PHP Fatal error:  Uncaught ArgumentCountError: Too few arguments to function WP_Widget::__construct(), 0 passed in /wordpress/wp-includes/class-wp-widget-factory.php on line 62 and at least 2 expected in /wordpress/wp-includes/class-wp-widget.php:163\nStack trace:\n#0 /wordpress/wp-includes/class-wp-widget-factory.php(62): WP_Widget->__construct()\n#1 /wordpress/wp-includes/widgets.php(123): WP_Widget_Factory->register('Mage_Google_Map...')\n#2 /wordpress/wp-content/plugins/mage-google-maps/cast/craft.php(25): register_widget('Mage_Google_Map...')\n#3 /wordpress/wp-includes/class-wp-hook.php(324): mage_maps_widget('')\n#4 /wordpress/wp-includes/class-wp-hook.php(348): WP_Hook->apply_filters(NULL, Array)\n#5 /wordpress/wp-includes/plugin.php(517): WP_Hook->do_action(Array)\n#6 /wordpress/wp-includes/widgets.php(1870): do_action('widgets_init')\n#7 /wordpress/wp-includes/class-wp-hook.php(324): wp_widgets_init('')\n#8 /wordpress/wp-includes/class-wp-hook.php(348): WP_Hook->apply_filters(NULL, Array)\n#9 /wordpress/wp-includes/plugin.php(517): WP_Hook->do_action(Array)\n#10 /wordpress/wp-settings.php(727): do_action('init')\n#11 /wordpress/wp-config.php(102): require_once('/wordpress/wp-s...')\n#12 /wordpress/wp-load.php(50): require_once('/wordpress/wp-c...')\n#13 /internal/eval.php(3): require_once('/wordpress/wp-l...')\n#14 {main}\n  thrown in /wordpress/wp-includes/class-wp-widget.php on line 163","log":"/logs/plugins/j/j-links/error.json"}
,
{"message":"Required parameter $name follows optional parameter $from in /wordpress/wp-content/plugins/mage-google-maps/core/mage-cast.php on line 178","level":"DEPRECATED","type":"PHP","test":"jspi-boot","plugin":"j-links","details":"[13-May-2025 04:03:02 UTC] PHP Deprecated:  Required parameter $name follows optional parameter $from in /wordpress/wp-content/plugins/mage-google-maps/core/mage-cast.php on line 178","log":"/logs/plugins/j/j-links/error.json"}
,
{"message":"Uncaught ArgumentCountError: Too few arguments to function WP_Widget::__construct(), 0 passed in /wordpress/wp-includes/class-wp-widget-factory.php on line 62 and at least 2 expected in /wordpress/wp-includes/class-wp-widget.php:163","level":"FATAL","type":"PHP","test":"jspi-boot","plugin":"j-links","details":"[13-May-2025 04:03:02 UTC] PHP Fatal error:  Uncaught ArgumentCountError: Too few arguments to function WP_Widget::__construct(), 0 passed in /wordpress/wp-includes/class-wp-widget-factory.php on line 62 and at least 2 expected in /wordpress/wp-includes/class-wp-widget.php:163\nStack trace:\n#0 /wordpress/wp-includes/class-wp-widget-factory.php(62): WP_Widget->__construct()\n#1 /wordpress/wp-includes/widgets.php(123): WP_Widget_Factory->register('Mage_Google_Map...')\n#2 /wordpress/wp-content/plugins/mage-google-maps/cast/craft.php(25): register_widget('Mage_Google_Map...')\n#3 /wordpress/wp-includes/class-wp-hook.php(324): mage_maps_widget('')\n#4 /wordpress/wp-includes/class-wp-hook.php(348): WP_Hook->apply_filters(NULL, Array)\n#5 /wordpress/wp-includes/plugin.php(517): WP_Hook->do_action(Array)\n#6 /wordpress/wp-includes/widgets.php(1870): do_action('widgets_init')\n#7 /wordpress/wp-includes/class-wp-hook.php(324): wp_widgets_init('')\n#8 /wordpress/wp-includes/class-wp-hook.php(348): WP_Hook->apply_filters(NULL, Array)\n#9 /wordpress/wp-includes/plugin.php(517): WP_Hook->do_action(Array)\n#10 /wordpress/wp-settings.php(727): do_action('init')\n#11 /wordpress/wp-config.php(102): require_once('/wordpress/wp-s...')\n#12 /wordpress/wp-load.php(50): require_once('/wordpress/wp-c...')\n#13 /internal/eval.php(3): require_once('/wordpress/wp-l...')\n#14 {main}\n  thrown in /wordpress/wp-includes/class-wp-widget.php on line 163","log":"/logs/plugins/j/j-links/error.json"}
,
{"message":"Cannot combine AUTOINCREMENT and multiple primary keys in SQLite.","level":"FATAL","type":"SQL","test":"jspi-boot","plugin":"j-links","details":"[13-May-2025 04:04:42 UTC] WordPress database error <div style=\"clear:both\">&nbsp;</div>\n<div class=\"queries\" style=\"clear:both;margin-bottom:2px;border:red dotted thin;\">\n<p>MySQL query:</p>\n<p>CREATE TABLE wp_metasync_404_logs (\n\t\t\t\tid BIGINT(20) unsigned NOT NULL AUTO_INCREMENT,\n\t\t\t\turi VARCHAR(255) NOT NULL,\n\t\t\t\tdate_time DATETIME NOT NULL DEFAULT '0000-00-00 00:00:00',\n\t\t\t\thits_count BIGINT(20) unsigned NOT NULL DEFAULT 1,\n\t\t\t\tuser_agent VARCHAR(255) NOT NULL DEFAULT '',\n\t\t\t\tPRIMARY KEY id (id),\n\t\t\t\tKEY uri (uri(191))\n\t\t\t) DEFAULT CHARACTER SET utf8mb4</p>\n<p>Queries made or created this session were:</p>\n<ol>\n<li>Executing: BEGIN | (no parameters)</li>\n<li>Executing: ROLLBACK | (no parameters)</li>\n</ol>\n</div>\n<div style=\"clear:both;margin-bottom:2px;border:red dotted thin;\" class=\"error_message\" style=\"border-bottom:dotted blue thin;\">\nError occurred at line 4117 in Function <code>handle_error</code>. Error message was: Cannot combine AUTOINCREMENT and multiple primary keys in SQLite.\n</div>\n<p>Backtrace:</p>\n<pre>#0 /internal/shared/sqlite-database-integration/wp-includes/sqlite/class-wp-sqlite-db.php(287): WP_SQLite_Translator->get_error_message()\n#1 /wordpress/wp-admin/includes/upgrade.php(3280): WP_SQLite_DB->query('CREATE TABLE wp...')\n#2 /wordpress/wp-content/plugins/metasync/database/class-db-migrations.php(42): dbDelta(Array)\n#3 /wordpress/wp-content/plugins/metasync/metasync.php(128): MetaSync_DBMigration::activation()\n#4 /wordpress/wp-includes/class-wp-hook.php(324): activate_metasync(false)\n#5 /wordpress/wp-includes/class-wp-hook.php(348): WP_Hook->apply_filters('', Array)\n#6 /wordpress/wp-includes/plugin.php(517): WP_Hook->do_action(Array)\n#7 /wordpress/wp-admin/includes/plugin.php(703): do_action('activate_metasy...', false)\n#8 /internal/eval.php(20): activate_plugin('metasync/metasy...')\n#9 {main}</pre>\n for query CREATE TABLE wp_metasync_404_logs (\n\t\t\t\tid BIGINT(20) unsigned NOT NULL AUTO_INCREMENT,\n\t\t\t\turi VARCHAR(255) NOT NULL,\n\t\t\t\tdate_time DATETIME NOT NULL DEFAULT '0000-00-00 00:00:00',\n\t\t\t\thits_count BIGINT(20) unsigned NOT NULL DEFAULT 1,\n\t\t\t\tuser_agent VARCHAR(255) NOT NULL DEFAULT '',\n\t\t\t\tPRIMARY KEY id (id),\n\t\t\t\tKEY uri (uri(191))\n\t\t\t) DEFAULT CHARACTER SET utf8mb4 made by activate_plugin, do_action('activate_metasync/metasync.php'), WP_Hook->do_action, WP_Hook->apply_filters, activate_metasync, MetaSync_DBMigration::activation, dbDelta, WP_SQLite_DB->query, WP_SQLite_DB->print_error","log":"/logs/plugins/j/j-links/error.json"}
,
{"message":"Cannot combine AUTOINCREMENT and multiple primary keys in SQLite.","level":"FATAL","type":"SQL","test":"jspi-boot","plugin":"j-links","details":"[13-May-2025 04:04:42 UTC] WordPress database error <div style=\"clear:both\">&nbsp;</div>\n<div class=\"queries\" style=\"clear:both;margin-bottom:2px;border:red dotted thin;\">\n<p>MySQL query:</p>\n<p>CREATE TABLE wp_metasync_404_logs (\n\t\t\t\tid BIGINT(20) unsigned NOT NULL AUTO_INCREMENT,\n\t\t\t\turi VARCHAR(255) NOT NULL,\n\t\t\t\tdate_time DATETIME NOT NULL DEFAULT '0000-00-00 00:00:00',\n\t\t\t\thits_count BIGINT(20) unsigned NOT NULL DEFAULT 1,\n\t\t\t\tuser_agent VARCHAR(255) NOT NULL DEFAULT '',\n\t\t\t\tPRIMARY KEY id (id),\n\t\t\t\tKEY uri (uri(191))\n\t\t\t) DEFAULT CHARACTER SET utf8mb4</p>\n<p>Queries made or created this session were:</p>\n<ol>\n<li>Executing: BEGIN | (no parameters)</li>\n<li>Executing: ROLLBACK | (no parameters)</li>\n</ol>\n</div>\n<div style=\"clear:both;margin-bottom:2px;border:red dotted thin;\" class=\"error_message\" style=\"border-bottom:dotted blue thin;\">\nError occurred at line 4117 in Function <code>handle_error</code>. Error message was: Cannot combine AUTOINCREMENT and multiple primary keys in SQLite.\n</div>\n<p>Backtrace:</p>\n<pre>#0 /internal/shared/sqlite-database-integration/wp-includes/sqlite/class-wp-sqlite-db.php(287): WP_SQLite_Translator->get_error_message()\n#1 /wordpress/wp-admin/includes/upgrade.php(3280): WP_SQLite_DB->query('CREATE TABLE wp...')\n#2 /wordpress/wp-content/plugins/metasync/database/class-db-migrations.php(67): dbDelta(Array)\n#3 /wordpress/wp-content/plugins/metasync/metasync.php(128): MetaSync_DBMigration::activation()\n#4 /wordpress/wp-includes/class-wp-hook.php(324): activate_metasync(false)\n#5 /wordpress/wp-includes/class-wp-hook.php(348): WP_Hook->apply_filters('', Array)\n#6 /wordpress/wp-includes/plugin.php(517): WP_Hook->do_action(Array)\n#7 /wordpress/wp-admin/includes/plugin.php(703): do_action('activate_metasy...', false)\n#8 /internal/eval.php(20): activate_plugin('metasync/metasy...')\n#9 {main}</pre>\n for query CREATE TABLE wp_metasync_404_logs (\n\t\t\t\tid BIGINT(20) unsigned NOT NULL AUTO_INCREMENT,\n\t\t\t\turi VARCHAR(255) NOT NULL,\n\t\t\t\tdate_time DATETIME NOT NULL DEFAULT '0000-00-00 00:00:00',\n\t\t\t\thits_count BIGINT(20) unsigned NOT NULL DEFAULT 1,\n\t\t\t\tuser_agent VARCHAR(255) NOT NULL DEFAULT '',\n\t\t\t\tPRIMARY KEY id (id),\n\t\t\t\tKEY uri (uri(191))\n\t\t\t) DEFAULT CHARACTER SET utf8mb4 made by activate_plugin, do_action('activate_metasync/metasync.php'), WP_Hook->do_action, WP_Hook->apply_filters, activate_metasync, MetaSync_DBMigration::activation, dbDelta, WP_SQLite_DB->query, WP_SQLite_DB->print_error","log":"/logs/plugins/j/j-links/error.json"}
,
{"message":"Cannot combine AUTOINCREMENT and multiple primary keys in SQLite.","level":"FATAL","type":"SQL","test":"jspi-boot","plugin":"j-links","details":"[13-May-2025 04:04:42 UTC] WordPress database error <div style=\"clear:both\">&nbsp;</div>\n<div class=\"queries\" style=\"clear:both;margin-bottom:2px;border:red dotted thin;\">\n<p>MySQL query:</p>\n<p>CREATE TABLE wp_metasync_redirections (\n\t\t\t\tid BIGINT(20) UNSIGNED NOT NULL AUTO_INCREMENT,\n\t\t\t\tsources_from TEXT NOT NULL,\n\t\t\t\turl_redirect_to TEXT NOT NULL,\n\t\t\t\thttp_code SMALLINT(4) unsigned NOT NULL,\n\t\t\t\thits_count BIGINT(20) unsigned NOT NULL DEFAULT '0',\n\t\t\t\tstatus VARCHAR(25) NOT NULL DEFAULT 'active',\n\t\t\t\tcreated_at DATETIME NOT NULL DEFAULT '0000-00-00 00:00:00',\n\t\t\t\tupdated_at DATETIME NOT NULL DEFAULT '0000-00-00 00:00:00',\n\t\t\t\tlast_accessed_at DATETIME NOT NULL DEFAULT '0000-00-00 00:00:00',\n\t\t\t\tPRIMARY KEY id (id),\n\t\t\t\tKEY status (status)\n\t\t\t) DEFAULT CHARACTER SET utf8mb4</p>\n<p>Queries made or created this session were:</p>\n<ol>\n<li>Executing: BEGIN | (no parameters)</li>\n<li>Executing: ROLLBACK | (no parameters)</li>\n</ol>\n</div>\n<div style=\"clear:both;margin-bottom:2px;border:red dotted thin;\" class=\"error_message\" style=\"border-bottom:dotted blue thin;\">\nError occurred at line 4117 in Function <code>handle_error</code>. Error message was: Cannot combine AUTOINCREMENT and multiple primary keys in SQLite.\n</div>\n<p>Backtrace:</p>\n<pre>#0 /internal/shared/sqlite-database-integration/wp-includes/sqlite/class-wp-sqlite-db.php(287): WP_SQLite_Translator->get_error_message()\n#1 /wordpress/wp-admin/includes/upgrade.php(3280): WP_SQLite_DB->query('CREATE TABLE wp...')\n#2 /wordpress/wp-content/plugins/metasync/database/class-db-migrations.php(67): dbDelta(Array)\n#3 /wordpress/wp-content/plugins/metasync/metasync.php(128): MetaSync_DBMigration::activation()\n#4 /wordpress/wp-includes/class-wp-hook.php(324): activate_metasync(false)\n#5 /wordpress/wp-includes/class-wp-hook.php(348): WP_Hook->apply_filters('', Array)\n#6 /wordpress/wp-includes/plugin.php(517): WP_Hook->do_action(Array)\n#7 /wordpress/wp-admin/includes/plugin.php(703): do_action('activate_metasy...', false)\n#8 /internal/eval.php(20): activate_plugin('metasync/metasy...')\n#9 {main}</pre>\n for query CREATE TABLE wp_metasync_redirections (\n\t\t\t\tid BIGINT(20) UNSIGNED NOT NULL AUTO_INCREMENT,\n\t\t\t\tsources_from TEXT NOT NULL,\n\t\t\t\turl_redirect_to TEXT NOT NULL,\n\t\t\t\thttp_code SMALLINT(4) unsigned NOT NULL,\n\t\t\t\thits_count BIGINT(20) unsigned NOT NULL DEFAULT '0',\n\t\t\t\tstatus VARCHAR(25) NOT NULL DEFAULT 'active',\n\t\t\t\tcreated_at DATETIME NOT NULL DEFAULT '0000-00-00 00:00:00',\n\t\t\t\tupdated_at DATETIME NOT NULL DEFAULT '0000-00-00 00:00:00',\n\t\t\t\tlast_accessed_at DATETIME NOT NULL DEFAULT '0000-00-00 00:00:00',\n\t\t\t\tPRIMARY KEY id (id),\n\t\t\t\tKEY status (status)\n\t\t\t) DEFAULT CHARACTER SET utf8mb4 made by activate_plugin, do_action('activate_metasync/metasync.php'), WP_Hook->do_action, WP_Hook->apply_filters, activate_metasync, MetaSync_DBMigration::activation, dbDelta, WP_SQLite_DB->query, WP_SQLite_DB->print_error","log":"/logs/plugins/j/j-links/error.json"}
,
{"message":"Cannot combine AUTOINCREMENT and multiple primary keys in SQLite.","level":"FATAL","type":"SQL","test":"jspi-boot","plugin":"j-links","details":"[13-May-2025 04:04:42 UTC] WordPress database error <div style=\"clear:both\">&nbsp;</div>\n<div class=\"queries\" style=\"clear:both;margin-bottom:2px;border:red dotted thin;\">\n<p>MySQL query:</p>\n<p>CREATE TABLE wp_metasync_404_logs (\n\t\t\t\tid BIGINT(20) unsigned NOT NULL AUTO_INCREMENT,\n\t\t\t\turi VARCHAR(255) NOT NULL,\n\t\t\t\tdate_time DATETIME NOT NULL DEFAULT '0000-00-00 00:00:00',\n\t\t\t\thits_count BIGINT(20) unsigned NOT NULL DEFAULT 1,\n\t\t\t\tuser_agent VARCHAR(255) NOT NULL DEFAULT '',\n\t\t\t\tPRIMARY KEY id (id),\n\t\t\t\tKEY uri (uri(191))\n\t\t\t) DEFAULT CHARACTER SET utf8mb4</p>\n<p>Queries made or created this session were:</p>\n<ol>\n<li>Executing: BEGIN | (no parameters)</li>\n<li>Executing: ROLLBACK | (no parameters)</li>\n</ol>\n</div>\n<div style=\"clear:both;margin-bottom:2px;border:red dotted thin;\" class=\"error_message\" style=\"border-bottom:dotted blue thin;\">\nError occurred at line 4117 in Function <code>handle_error</code>. Error message was: Cannot combine AUTOINCREMENT and multiple primary keys in SQLite.\n</div>\n<p>Backtrace:</p>\n<pre>#0 /internal/shared/sqlite-database-integration/wp-includes/sqlite/class-wp-sqlite-db.php(287): WP_SQLite_Translator->get_error_message()\n#1 /wordpress/wp-admin/includes/upgrade.php(3280): WP_SQLite_DB->query('CREATE TABLE wp...')\n#2 /wordpress/wp-content/plugins/metasync/database/class-db-migrations.php(87): dbDelta(Array)\n#3 /wordpress/wp-content/plugins/metasync/metasync.php(128): MetaSync_DBMigration::activation()\n#4 /wordpress/wp-includes/class-wp-hook.php(324): activate_metasync(false)\n#5 /wordpress/wp-includes/class-wp-hook.php(348): WP_Hook->apply_filters('', Array)\n#6 /wordpress/wp-includes/plugin.php(517): WP_Hook->do_action(Array)\n#7 /wordpress/wp-admin/includes/plugin.php(703): do_action('activate_metasy...', false)\n#8 /internal/eval.php(20): activate_plugin('metasync/metasy...')\n#9 {main}</pre>\n for query CREATE TABLE wp_metasync_404_logs (\n\t\t\t\tid BIGINT(20) unsigned NOT NULL AUTO_INCREMENT,\n\t\t\t\turi VARCHAR(255) NOT NULL,\n\t\t\t\tdate_time DATETIME NOT NULL DEFAULT '0000-00-00 00:00:00',\n\t\t\t\thits_count BIGINT(20) unsigned NOT NULL DEFAULT 1,\n\t\t\t\tuser_agent VARCHAR(255) NOT NULL DEFAULT '',\n\t\t\t\tPRIMARY KEY id (id),\n\t\t\t\tKEY uri (uri(191))\n\t\t\t) DEFAULT CHARACTER SET utf8mb4 made by activate_plugin, do_action('activate_metasync/metasync.php'), WP_Hook->do_action, WP_Hook->apply_filters, activate_metasync, MetaSync_DBMigration::activation, dbDelta, WP_SQLite_DB->query, WP_SQLite_DB->print_error","log":"/logs/plugins/j/j-links/error.json"}
,
{"message":"Cannot combine AUTOINCREMENT and multiple primary keys in SQLite.","level":"FATAL","type":"SQL","test":"jspi-boot","plugin":"j-links","details":"[13-May-2025 04:04:42 UTC] WordPress database error <div style=\"clear:both\">&nbsp;</div>\n<div class=\"queries\" style=\"clear:both;margin-bottom:2px;border:red dotted thin;\">\n<p>MySQL query:</p>\n<p>CREATE TABLE wp_metasync_redirections (\n\t\t\t\tid BIGINT(20) UNSIGNED NOT NULL AUTO_INCREMENT,\n\t\t\t\tsources_from TEXT NOT NULL,\n\t\t\t\turl_redirect_to TEXT NOT NULL,\n\t\t\t\thttp_code SMALLINT(4) unsigned NOT NULL,\n\t\t\t\thits_count BIGINT(20) unsigned NOT NULL DEFAULT '0',\n\t\t\t\tstatus VARCHAR(25) NOT NULL DEFAULT 'active',\n\t\t\t\tcreated_at DATETIME NOT NULL DEFAULT '0000-00-00 00:00:00',\n\t\t\t\tupdated_at DATETIME NOT NULL DEFAULT '0000-00-00 00:00:00',\n\t\t\t\tlast_accessed_at DATETIME NOT NULL DEFAULT '0000-00-00 00:00:00',\n\t\t\t\tPRIMARY KEY id (id),\n\t\t\t\tKEY status (status)\n\t\t\t) DEFAULT CHARACTER SET utf8mb4</p>\n<p>Queries made or created this session were:</p>\n<ol>\n<li>Executing: BEGIN | (no parameters)</li>\n<li>Executing: ROLLBACK | (no parameters)</li>\n</ol>\n</div>\n<div style=\"clear:both;margin-bottom:2px;border:red dotted thin;\" class=\"error_message\" style=\"border-bottom:dotted blue thin;\">\nError occurred at line 4117 in Function <code>handle_error</code>. Error message was: Cannot combine AUTOINCREMENT and multiple primary keys in SQLite.\n</div>\n<p>Backtrace:</p>\n<pre>#0 /internal/shared/sqlite-database-integration/wp-includes/sqlite/class-wp-sqlite-db.php(287): WP_SQLite_Translator->get_error_message()\n#1 /wordpress/wp-admin/includes/upgrade.php(3280): WP_SQLite_DB->query('CREATE TABLE wp...')\n#2 /wordpress/wp-content/plugins/metasync/database/class-db-migrations.php(87): dbDelta(Array)\n#3 /wordpress/wp-content/plugins/metasync/metasync.php(128): MetaSync_DBMigration::activation()\n#4 /wordpress/wp-includes/class-wp-hook.php(324): activate_metasync(false)\n#5 /wordpress/wp-includes/class-wp-hook.php(348): WP_Hook->apply_filters('', Array)\n#6 /wordpress/wp-includes/plugin.php(517): WP_Hook->do_action(Array)\n#7 /wordpress/wp-admin/includes/plugin.php(703): do_action('activate_metasy...', false)\n#8 /internal/eval.php(20): activate_plugin('metasync/metasy...')\n#9 {main}</pre>\n for query CREATE TABLE wp_metasync_redirections (\n\t\t\t\tid BIGINT(20) UNSIGNED NOT NULL AUTO_INCREMENT,\n\t\t\t\tsources_from TEXT NOT NULL,\n\t\t\t\turl_redirect_to TEXT NOT NULL,\n\t\t\t\thttp_code SMALLINT(4) unsigned NOT NULL,\n\t\t\t\thits_count BIGINT(20) unsigned NOT NULL DEFAULT '0',\n\t\t\t\tstatus VARCHAR(25) NOT NULL DEFAULT 'active',\n\t\t\t\tcreated_at DATETIME NOT NULL DEFAULT '0000-00-00 00:00:00',\n\t\t\t\tupdated_at DATETIME NOT NULL DEFAULT '0000-00-00 00:00:00',\n\t\t\t\tlast_accessed_at DATETIME NOT NULL DEFAULT '0000-00-00 00:00:00',\n\t\t\t\tPRIMARY KEY id (id),\n\t\t\t\tKEY status (status)\n\t\t\t) DEFAULT CHARACTER SET utf8mb4 made by activate_plugin, do_action('activate_metasync/metasync.php'), WP_Hook->do_action, WP_Hook->apply_filters, activate_metasync, MetaSync_DBMigration::activation, dbDelta, WP_SQLite_DB->query, WP_SQLite_DB->print_error","log":"/logs/plugins/j/j-links/error.json"}
,
{"message":"Cannot combine AUTOINCREMENT and multiple primary keys in SQLite.","level":"FATAL","type":"SQL","test":"jspi-boot","plugin":"j-links","details":"[13-May-2025 04:04:42 UTC] WordPress database error <div style=\"clear:both\">&nbsp;</div>\n<div class=\"queries\" style=\"clear:both;margin-bottom:2px;border:red dotted thin;\">\n<p>MySQL query:</p>\n<p>CREATE TABLE wp_metasync_heartbeat_error_logs (\n\t\t\t\tid BIGINT(20) UNSIGNED NOT NULL AUTO_INCREMENT,\n\t\t\t\tattribute_name VARCHAR(25) NOT NULL DEFAULT '',\n\t\t\t\tobject_count VARCHAR(25) NOT NULL DEFAULT '',\n\t\t\t\terror_description TEXT NULL,\n\t\t\t\tcreated_at DATETIME NOT NULL DEFAULT '0000-00-00 00:00:00',\n\t\t\t\tPRIMARY KEY id (id)\n\t\t\t) DEFAULT CHARACTER SET utf8mb4</p>\n<p>Queries made or created this session were:</p>\n<ol>\n<li>Executing: BEGIN | (no parameters)</li>\n<li>Executing: ROLLBACK | (no parameters)</li>\n</ol>\n</div>\n<div style=\"clear:both;margin-bottom:2px;border:red dotted thin;\" class=\"error_message\" style=\"border-bottom:dotted blue thin;\">\nError occurred at line 4117 in Function <code>handle_error</code>. Error message was: Cannot combine AUTOINCREMENT and multiple primary keys in SQLite.\n</div>\n<p>Backtrace:</p>\n<pre>#0 /internal/shared/sqlite-database-integration/wp-includes/sqlite/class-wp-sqlite-db.php(287): WP_SQLite_Translator->get_error_message()\n#1 /wordpress/wp-admin/includes/upgrade.php(3280): WP_SQLite_DB->query('CREATE TABLE wp...')\n#2 /wordpress/wp-content/plugins/metasync/database/class-db-migrations.php(87): dbDelta(Array)\n#3 /wordpress/wp-content/plugins/metasync/metasync.php(128): MetaSync_DBMigration::activation()\n#4 /wordpress/wp-includes/class-wp-hook.php(324): activate_metasync(false)\n#5 /wordpress/wp-includes/class-wp-hook.php(348): WP_Hook->apply_filters('', Array)\n#6 /wordpress/wp-includes/plugin.php(517): WP_Hook->do_action(Array)\n#7 /wordpress/wp-admin/includes/plugin.php(703): do_action('activate_metasy...', false)\n#8 /internal/eval.php(20): activate_plugin('metasync/metasy...')\n#9 {main}</pre>\n for query CREATE TABLE wp_metasync_heartbeat_error_logs (\n\t\t\t\tid BIGINT(20) UNSIGNED NOT NULL AUTO_INCREMENT,\n\t\t\t\tattribute_name VARCHAR(25) NOT NULL DEFAULT '',\n\t\t\t\tobject_count VARCHAR(25) NOT NULL DEFAULT '',\n\t\t\t\terror_description TEXT NULL,\n\t\t\t\tcreated_at DATETIME NOT NULL DEFAULT '0000-00-00 00:00:00',\n\t\t\t\tPRIMARY KEY id (id)\n\t\t\t) DEFAULT CHARACTER SET utf8mb4 made by activate_plugin, do_action('activate_metasync/metasync.php'), WP_Hook->do_action, WP_Hook->apply_filters, activate_metasync, MetaSync_DBMigration::activation, dbDelta, WP_SQLite_DB->query, WP_SQLite_DB->print_error","log":"/logs/plugins/j/j-links/error.json"}
,
{"message":"Cannot combine AUTOINCREMENT and multiple primary keys in SQLite.","level":"FATAL","type":"SQL","test":"jspi-boot","plugin":"j-links","details":"[13-May-2025 04:04:56 UTC] WordPress database error <div style=\"clear:both\">&nbsp;</div>\n<div class=\"queries\" style=\"clear:both;margin-bottom:2px;border:red dotted thin;\">\n<p>MySQL query:</p>\n<p>CREATE TABLE wp_metasync_404_logs (\n\t\t\t\tid BIGINT(20) unsigned NOT NULL AUTO_INCREMENT,\n\t\t\t\turi VARCHAR(255) NOT NULL,\n\t\t\t\tdate_time DATETIME NOT NULL DEFAULT '0000-00-00 00:00:00',\n\t\t\t\thits_count BIGINT(20) unsigned NOT NULL DEFAULT 1,\n\t\t\t\tuser_agent VARCHAR(255) NOT NULL DEFAULT '',\n\t\t\t\tPRIMARY KEY id (id),\n\t\t\t\tKEY uri (uri(191))\n\t\t\t) DEFAULT CHARACTER SET utf8mb4</p>\n<p>Queries made or created this session were:</p>\n<ol>\n<li>Executing: BEGIN | (no parameters)</li>\n<li>Executing: ROLLBACK | (no parameters)</li>\n</ol>\n</div>\n<div style=\"clear:both;margin-bottom:2px;border:red dotted thin;\" class=\"error_message\" style=\"border-bottom:dotted blue thin;\">\nError occurred at line 4117 in Function <code>handle_error</code>. Error message was: Cannot combine AUTOINCREMENT and multiple primary keys in SQLite.\n</div>\n<p>Backtrace:</p>\n<pre>#0 /internal/shared/sqlite-database-integration/wp-includes/sqlite/class-wp-sqlite-db.php(287): WP_SQLite_Translator->get_error_message()\n#1 /wordpress/wp-admin/includes/upgrade.php(3280): WP_SQLite_DB->query('CREATE TABLE wp...')\n#2 /wordpress/wp-content/plugins/metasync/database/class-db-migrations.php(42): dbDelta(Array)\n#3 /wordpress/wp-content/plugins/metasync/metasync.php(128): MetaSync_DBMigration::activation()\n#4 /wordpress/wp-includes/class-wp-hook.php(324): activate_metasync(false)\n#5 /wordpress/wp-includes/class-wp-hook.php(348): WP_Hook->apply_filters('', Array)\n#6 /wordpress/wp-includes/plugin.php(517): WP_Hook->do_action(Array)\n#7 /wordpress/wp-admin/includes/plugin.php(703): do_action('activate_metasy...', false)\n#8 /internal/eval.php(20): activate_plugin('metasync/metasy...')\n#9 {main}</pre>\n for query CREATE TABLE wp_metasync_404_logs (\n\t\t\t\tid BIGINT(20) unsigned NOT NULL AUTO_INCREMENT,\n\t\t\t\turi VARCHAR(255) NOT NULL,\n\t\t\t\tdate_time DATETIME NOT NULL DEFAULT '0000-00-00 00:00:00',\n\t\t\t\thits_count BIGINT(20) unsigned NOT NULL DEFAULT 1,\n\t\t\t\tuser_agent VARCHAR(255) NOT NULL DEFAULT '',\n\t\t\t\tPRIMARY KEY id (id),\n\t\t\t\tKEY uri (uri(191))\n\t\t\t) DEFAULT CHARACTER SET utf8mb4 made by activate_plugin, do_action('activate_metasync/metasync.php'), WP_Hook->do_action, WP_Hook->apply_filters, activate_metasync, MetaSync_DBMigration::activation, dbDelta, WP_SQLite_DB->query, WP_SQLite_DB->print_error","log":"/logs/plugins/j/j-links/error.json"}
,
{"message":"Cannot combine AUTOINCREMENT and multiple primary keys in SQLite.","level":"FATAL","type":"SQL","test":"jspi-boot","plugin":"j-links","details":"[13-May-2025 04:04:56 UTC] WordPress database error <div style=\"clear:both\">&nbsp;</div>\n<div class=\"queries\" style=\"clear:both;margin-bottom:2px;border:red dotted thin;\">\n<p>MySQL query:</p>\n<p>CREATE TABLE wp_metasync_404_logs (\n\t\t\t\tid BIGINT(20) unsigned NOT NULL AUTO_INCREMENT,\n\t\t\t\turi VARCHAR(255) NOT NULL,\n\t\t\t\tdate_time DATETIME NOT NULL DEFAULT '0000-00-00 00:00:00',\n\t\t\t\thits_count BIGINT(20) unsigned NOT NULL DEFAULT 1,\n\t\t\t\tuser_agent VARCHAR(255) NOT NULL DEFAULT '',\n\t\t\t\tPRIMARY KEY id (id),\n\t\t\t\tKEY uri (uri(191))\n\t\t\t) DEFAULT CHARACTER SET utf8mb4</p>\n<p>Queries made or created this session were:</p>\n<ol>\n<li>Executing: BEGIN | (no parameters)</li>\n<li>Executing: ROLLBACK | (no parameters)</li>\n</ol>\n</div>\n<div style=\"clear:both;margin-bottom:2px;border:red dotted thin;\" class=\"error_message\" style=\"border-bottom:dotted blue thin;\">\nError occurred at line 4117 in Function <code>handle_error</code>. Error message was: Cannot combine AUTOINCREMENT and multiple primary keys in SQLite.\n</div>\n<p>Backtrace:</p>\n<pre>#0 /internal/shared/sqlite-database-integration/wp-includes/sqlite/class-wp-sqlite-db.php(287): WP_SQLite_Translator->get_error_message()\n#1 /wordpress/wp-admin/includes/upgrade.php(3280): WP_SQLite_DB->query('CREATE TABLE wp...')\n#2 /wordpress/wp-content/plugins/metasync/database/class-db-migrations.php(67): dbDelta(Array)\n#3 /wordpress/wp-content/plugins/metasync/metasync.php(128): MetaSync_DBMigration::activation()\n#4 /wordpress/wp-includes/class-wp-hook.php(324): activate_metasync(false)\n#5 /wordpress/wp-includes/class-wp-hook.php(348): WP_Hook->apply_filters('', Array)\n#6 /wordpress/wp-includes/plugin.php(517): WP_Hook->do_action(Array)\n#7 /wordpress/wp-admin/includes/plugin.php(703): do_action('activate_metasy...', false)\n#8 /internal/eval.php(20): activate_plugin('metasync/metasy...')\n#9 {main}</pre>\n for query CREATE TABLE wp_metasync_404_logs (\n\t\t\t\tid BIGINT(20) unsigned NOT NULL AUTO_INCREMENT,\n\t\t\t\turi VARCHAR(255) NOT NULL,\n\t\t\t\tdate_time DATETIME NOT NULL DEFAULT '0000-00-00 00:00:00',\n\t\t\t\thits_count BIGINT(20) unsigned NOT NULL DEFAULT 1,\n\t\t\t\tuser_agent VARCHAR(255) NOT NULL DEFAULT '',\n\t\t\t\tPRIMARY KEY id (id),\n\t\t\t\tKEY uri (uri(191))\n\t\t\t) DEFAULT CHARACTER SET utf8mb4 made by activate_plugin, do_action('activate_metasync/metasync.php'), WP_Hook->do_action, WP_Hook->apply_filters, activate_metasync, MetaSync_DBMigration::activation, dbDelta, WP_SQLite_DB->query, WP_SQLite_DB->print_error","log":"/logs/plugins/j/j-links/error.json"}
,
{"message":"Cannot combine AUTOINCREMENT and multiple primary keys in SQLite.","level":"FATAL","type":"SQL","test":"jspi-boot","plugin":"j-links","details":"[13-May-2025 04:04:56 UTC] WordPress database error <div style=\"clear:both\">&nbsp;</div>\n<div class=\"queries\" style=\"clear:both;margin-bottom:2px;border:red dotted thin;\">\n<p>MySQL query:</p>\n<p>CREATE TABLE wp_metasync_redirections (\n\t\t\t\tid BIGINT(20) UNSIGNED NOT NULL AUTO_INCREMENT,\n\t\t\t\tsources_from TEXT NOT NULL,\n\t\t\t\turl_redirect_to TEXT NOT NULL,\n\t\t\t\thttp_code SMALLINT(4) unsigned NOT NULL,\n\t\t\t\thits_count BIGINT(20) unsigned NOT NULL DEFAULT '0',\n\t\t\t\tstatus VARCHAR(25) NOT NULL DEFAULT 'active',\n\t\t\t\tcreated_at DATETIME NOT NULL DEFAULT '0000-00-00 00:00:00',\n\t\t\t\tupdated_at DATETIME NOT NULL DEFAULT '0000-00-00 00:00:00',\n\t\t\t\tlast_accessed_at DATETIME NOT NULL DEFAULT '0000-00-00 00:00:00',\n\t\t\t\tPRIMARY KEY id (id),\n\t\t\t\tKEY status (status)\n\t\t\t) DEFAULT CHARACTER SET utf8mb4</p>\n<p>Queries made or created this session were:</p>\n<ol>\n<li>Executing: BEGIN | (no parameters)</li>\n<li>Executing: ROLLBACK | (no parameters)</li>\n</ol>\n</div>\n<div style=\"clear:both;margin-bottom:2px;border:red dotted thin;\" class=\"error_message\" style=\"border-bottom:dotted blue thin;\">\nError occurred at line 4117 in Function <code>handle_error</code>. Error message was: Cannot combine AUTOINCREMENT and multiple primary keys in SQLite.\n</div>\n<p>Backtrace:</p>\n<pre>#0 /internal/shared/sqlite-database-integration/wp-includes/sqlite/class-wp-sqlite-db.php(287): WP_SQLite_Translator->get_error_message()\n#1 /wordpress/wp-admin/includes/upgrade.php(3280): WP_SQLite_DB->query('CREATE TABLE wp...')\n#2 /wordpress/wp-content/plugins/metasync/database/class-db-migrations.php(67): dbDelta(Array)\n#3 /wordpress/wp-content/plugins/metasync/metasync.php(128): MetaSync_DBMigration::activation()\n#4 /wordpress/wp-includes/class-wp-hook.php(324): activate_metasync(false)\n#5 /wordpress/wp-includes/class-wp-hook.php(348): WP_Hook->apply_filters('', Array)\n#6 /wordpress/wp-includes/plugin.php(517): WP_Hook->do_action(Array)\n#7 /wordpress/wp-admin/includes/plugin.php(703): do_action('activate_metasy...', false)\n#8 /internal/eval.php(20): activate_plugin('metasync/metasy...')\n#9 {main}</pre>\n for query CREATE TABLE wp_metasync_redirections (\n\t\t\t\tid BIGINT(20) UNSIGNED NOT NULL AUTO_INCREMENT,\n\t\t\t\tsources_from TEXT NOT NULL,\n\t\t\t\turl_redirect_to TEXT NOT NULL,\n\t\t\t\thttp_code SMALLINT(4) unsigned NOT NULL,\n\t\t\t\thits_count BIGINT(20) unsigned NOT NULL DEFAULT '0',\n\t\t\t\tstatus VARCHAR(25) NOT NULL DEFAULT 'active',\n\t\t\t\tcreated_at DATETIME NOT NULL DEFAULT '0000-00-00 00:00:00',\n\t\t\t\tupdated_at DATETIME NOT NULL DEFAULT '0000-00-00 00:00:00',\n\t\t\t\tlast_accessed_at DATETIME NOT NULL DEFAULT '0000-00-00 00:00:00',\n\t\t\t\tPRIMARY KEY id (id),\n\t\t\t\tKEY status (status)\n\t\t\t) DEFAULT CHARACTER SET utf8mb4 made by activate_plugin, do_action('activate_metasync/metasync.php'), WP_Hook->do_action, WP_Hook->apply_filters, activate_metasync, MetaSync_DBMigration::activation, dbDelta, WP_SQLite_DB->query, WP_SQLite_DB->print_error","log":"/logs/plugins/j/j-links/error.json"}
,
{"message":"Cannot combine AUTOINCREMENT and multiple primary keys in SQLite.","level":"FATAL","type":"SQL","test":"jspi-boot","plugin":"j-links","details":"[13-May-2025 04:04:56 UTC] WordPress database error <div style=\"clear:both\">&nbsp;</div>\n<div class=\"queries\" style=\"clear:both;margin-bottom:2px;border:red dotted thin;\">\n<p>MySQL query:</p>\n<p>CREATE TABLE wp_metasync_404_logs (\n\t\t\t\tid BIGINT(20) unsigned NOT NULL AUTO_INCREMENT,\n\t\t\t\turi VARCHAR(255) NOT NULL,\n\t\t\t\tdate_time DATETIME NOT NULL DEFAULT '0000-00-00 00:00:00',\n\t\t\t\thits_count BIGINT(20) unsigned NOT NULL DEFAULT 1,\n\t\t\t\tuser_agent VARCHAR(255) NOT NULL DEFAULT '',\n\t\t\t\tPRIMARY KEY id (id),\n\t\t\t\tKEY uri (uri(191))\n\t\t\t) DEFAULT CHARACTER SET utf8mb4</p>\n<p>Queries made or created this session were:</p>\n<ol>\n<li>Executing: BEGIN | (no parameters)</li>\n<li>Executing: ROLLBACK | (no parameters)</li>\n</ol>\n</div>\n<div style=\"clear:both;margin-bottom:2px;border:red dotted thin;\" class=\"error_message\" style=\"border-bottom:dotted blue thin;\">\nError occurred at line 4117 in Function <code>handle_error</code>. Error message was: Cannot combine AUTOINCREMENT and multiple primary keys in SQLite.\n</div>\n<p>Backtrace:</p>\n<pre>#0 /internal/shared/sqlite-database-integration/wp-includes/sqlite/class-wp-sqlite-db.php(287): WP_SQLite_Translator->get_error_message()\n#1 /wordpress/wp-admin/includes/upgrade.php(3280): WP_SQLite_DB->query('CREATE TABLE wp...')\n#2 /wordpress/wp-content/plugins/metasync/database/class-db-migrations.php(87): dbDelta(Array)\n#3 /wordpress/wp-content/plugins/metasync/metasync.php(128): MetaSync_DBMigration::activation()\n#4 /wordpress/wp-includes/class-wp-hook.php(324): activate_metasync(false)\n#5 /wordpress/wp-includes/class-wp-hook.php(348): WP_Hook->apply_filters('', Array)\n#6 /wordpress/wp-includes/plugin.php(517): WP_Hook->do_action(Array)\n#7 /wordpress/wp-admin/includes/plugin.php(703): do_action('activate_metasy...', false)\n#8 /internal/eval.php(20): activate_plugin('metasync/metasy...')\n#9 {main}</pre>\n for query CREATE TABLE wp_metasync_404_logs (\n\t\t\t\tid BIGINT(20) unsigned NOT NULL AUTO_INCREMENT,\n\t\t\t\turi VARCHAR(255) NOT NULL,\n\t\t\t\tdate_time DATETIME NOT NULL DEFAULT '0000-00-00 00:00:00',\n\t\t\t\thits_count BIGINT(20) unsigned NOT NULL DEFAULT 1,\n\t\t\t\tuser_agent VARCHAR(255) NOT NULL DEFAULT '',\n\t\t\t\tPRIMARY KEY id (id),\n\t\t\t\tKEY uri (uri(191))\n\t\t\t) DEFAULT CHARACTER SET utf8mb4 made by activate_plugin, do_action('activate_metasync/metasync.php'), WP_Hook->do_action, WP_Hook->apply_filters, activate_metasync, MetaSync_DBMigration::activation, dbDelta, WP_SQLite_DB->query, WP_SQLite_DB->print_error","log":"/logs/plugins/j/j-links/error.json"}
,
{"message":"Cannot combine AUTOINCREMENT and multiple primary keys in SQLite.","level":"FATAL","type":"SQL","test":"jspi-boot","plugin":"j-links","details":"[13-May-2025 04:04:56 UTC] WordPress database error <div style=\"clear:both\">&nbsp;</div>\n<div class=\"queries\" style=\"clear:both;margin-bottom:2px;border:red dotted thin;\">\n<p>MySQL query:</p>\n<p>CREATE TABLE wp_metasync_redirections (\n\t\t\t\tid BIGINT(20) UNSIGNED NOT NULL AUTO_INCREMENT,\n\t\t\t\tsources_from TEXT NOT NULL,\n\t\t\t\turl_redirect_to TEXT NOT NULL,\n\t\t\t\thttp_code SMALLINT(4) unsigned NOT NULL,\n\t\t\t\thits_count BIGINT(20) unsigned NOT NULL DEFAULT '0',\n\t\t\t\tstatus VARCHAR(25) NOT NULL DEFAULT 'active',\n\t\t\t\tcreated_at DATETIME NOT NULL DEFAULT '0000-00-00 00:00:00',\n\t\t\t\tupdated_at DATETIME NOT NULL DEFAULT '0000-00-00 00:00:00',\n\t\t\t\tlast_accessed_at DATETIME NOT NULL DEFAULT '0000-00-00 00:00:00',\n\t\t\t\tPRIMARY KEY id (id),\n\t\t\t\tKEY status (status)\n\t\t\t) DEFAULT CHARACTER SET utf8mb4</p>\n<p>Queries made or created this session were:</p>\n<ol>\n<li>Executing: BEGIN | (no parameters)</li>\n<li>Executing: ROLLBACK | (no parameters)</li>\n</ol>\n</div>\n<div style=\"clear:both;margin-bottom:2px;border:red dotted thin;\" class=\"error_message\" style=\"border-bottom:dotted blue thin;\">\nError occurred at line 4117 in Function <code>handle_error</code>. Error message was: Cannot combine AUTOINCREMENT and multiple primary keys in SQLite.\n</div>\n<p>Backtrace:</p>\n<pre>#0 /internal/shared/sqlite-database-integration/wp-includes/sqlite/class-wp-sqlite-db.php(287): WP_SQLite_Translator->get_error_message()\n#1 /wordpress/wp-admin/includes/upgrade.php(3280): WP_SQLite_DB->query('CREATE TABLE wp...')\n#2 /wordpress/wp-content/plugins/metasync/database/class-db-migrations.php(87): dbDelta(Array)\n#3 /wordpress/wp-content/plugins/metasync/metasync.php(128): MetaSync_DBMigration::activation()\n#4 /wordpress/wp-includes/class-wp-hook.php(324): activate_metasync(false)\n#5 /wordpress/wp-includes/class-wp-hook.php(348): WP_Hook->apply_filters('', Array)\n#6 /wordpress/wp-includes/plugin.php(517): WP_Hook->do_action(Array)\n#7 /wordpress/wp-admin/includes/plugin.php(703): do_action('activate_metasy...', false)\n#8 /internal/eval.php(20): activate_plugin('metasync/metasy...')\n#9 {main}</pre>\n for query CREATE TABLE wp_metasync_redirections (\n\t\t\t\tid BIGINT(20) UNSIGNED NOT NULL AUTO_INCREMENT,\n\t\t\t\tsources_from TEXT NOT NULL,\n\t\t\t\turl_redirect_to TEXT NOT NULL,\n\t\t\t\thttp_code SMALLINT(4) unsigned NOT NULL,\n\t\t\t\thits_count BIGINT(20) unsigned NOT NULL DEFAULT '0',\n\t\t\t\tstatus VARCHAR(25) NOT NULL DEFAULT 'active',\n\t\t\t\tcreated_at DATETIME NOT NULL DEFAULT '0000-00-00 00:00:00',\n\t\t\t\tupdated_at DATETIME NOT NULL DEFAULT '0000-00-00 00:00:00',\n\t\t\t\tlast_accessed_at DATETIME NOT NULL DEFAULT '0000-00-00 00:00:00',\n\t\t\t\tPRIMARY KEY id (id),\n\t\t\t\tKEY status (status)\n\t\t\t) DEFAULT CHARACTER SET utf8mb4 made by activate_plugin, do_action('activate_metasync/metasync.php'), WP_Hook->do_action, WP_Hook->apply_filters, activate_metasync, MetaSync_DBMigration::activation, dbDelta, WP_SQLite_DB->query, WP_SQLite_DB->print_error","log":"/logs/plugins/j/j-links/error.json"}
,
{"message":"Cannot combine AUTOINCREMENT and multiple primary keys in SQLite.","level":"FATAL","type":"SQL","test":"jspi-boot","plugin":"j-links","details":"[13-May-2025 04:04:56 UTC] WordPress database error <div style=\"clear:both\">&nbsp;</div>\n<div class=\"queries\" style=\"clear:both;margin-bottom:2px;border:red dotted thin;\">\n<p>MySQL query:</p>\n<p>CREATE TABLE wp_metasync_heartbeat_error_logs (\n\t\t\t\tid BIGINT(20) UNSIGNED NOT NULL AUTO_INCREMENT,\n\t\t\t\tattribute_name VARCHAR(25) NOT NULL DEFAULT '',\n\t\t\t\tobject_count VARCHAR(25) NOT NULL DEFAULT '',\n\t\t\t\terror_description TEXT NULL,\n\t\t\t\tcreated_at DATETIME NOT NULL DEFAULT '0000-00-00 00:00:00',\n\t\t\t\tPRIMARY KEY id (id)\n\t\t\t) DEFAULT CHARACTER SET utf8mb4</p>\n<p>Queries made or created this session were:</p>\n<ol>\n<li>Executing: BEGIN | (no parameters)</li>\n<li>Executing: ROLLBACK | (no parameters)</li>\n</ol>\n</div>\n<div style=\"clear:both;margin-bottom:2px;border:red dotted thin;\" class=\"error_message\" style=\"border-bottom:dotted blue thin;\">\nError occurred at line 4117 in Function <code>handle_error</code>. Error message was: Cannot combine AUTOINCREMENT and multiple primary keys in SQLite.\n</div>\n<p>Backtrace:</p>\n<pre>#0 /internal/shared/sqlite-database-integration/wp-includes/sqlite/class-wp-sqlite-db.php(287): WP_SQLite_Translator->get_error_message()\n#1 /wordpress/wp-admin/includes/upgrade.php(3280): WP_SQLite_DB->query('CREATE TABLE wp...')\n#2 /wordpress/wp-content/plugins/metasync/database/class-db-migrations.php(87): dbDelta(Array)\n#3 /wordpress/wp-content/plugins/metasync/metasync.php(128): MetaSync_DBMigration::activation()\n#4 /wordpress/wp-includes/class-wp-hook.php(324): activate_metasync(false)\n#5 /wordpress/wp-includes/class-wp-hook.php(348): WP_Hook->apply_filters('', Array)\n#6 /wordpress/wp-includes/plugin.php(517): WP_Hook->do_action(Array)\n#7 /wordpress/wp-admin/includes/plugin.php(703): do_action('activate_metasy...', false)\n#8 /internal/eval.php(20): activate_plugin('metasync/metasy...')\n#9 {main}</pre>\n for query CREATE TABLE wp_metasync_heartbeat_error_logs (\n\t\t\t\tid BIGINT(20) UNSIGNED NOT NULL AUTO_INCREMENT,\n\t\t\t\tattribute_name VARCHAR(25) NOT NULL DEFAULT '',\n\t\t\t\tobject_count VARCHAR(25) NOT NULL DEFAULT '',\n\t\t\t\terror_description TEXT NULL,\n\t\t\t\tcreated_at DATETIME NOT NULL DEFAULT '0000-00-00 00:00:00',\n\t\t\t\tPRIMARY KEY id (id)\n\t\t\t) DEFAULT CHARACTER SET utf8mb4 made by activate_plugin, do_action('activate_metasync/metasync.php'), WP_Hook->do_action, WP_Hook->apply_filters, activate_metasync, MetaSync_DBMigration::activation, dbDelta, WP_SQLite_DB->query, WP_SQLite_DB->print_error","log":"/logs/plugins/j/j-links/error.json"}
,
{"message":"define(): Argument #3 ($case_insensitive) is ignored since declaration of case-insensitive constants is no longer supported in /wordpress/wp-content/plugins/my-post-links/Post-Links.php on line 14","level":"WARNING","type":"PHP","test":"jspi-boot","plugin":"j-links","details":"[13-May-2025 04:08:50 UTC] PHP Warning:  define(): Argument #3 ($case_insensitive) is ignored since declaration of case-insensitive constants is no longer supported in /wordpress/wp-content/plugins/my-post-links/Post-Links.php on line 14","log":"/logs/plugins/j/j-links/error.json"}
,
{"message":"define(): Argument #3 ($case_insensitive) is ignored since declaration of case-insensitive constants is no longer supported in /wordpress/wp-content/plugins/my-post-links/Post-Links.php on line 15","level":"WARNING","type":"PHP","test":"jspi-boot","plugin":"j-links","details":"[13-May-2025 04:08:50 UTC] PHP Warning:  define(): Argument #3 ($case_insensitive) is ignored since declaration of case-insensitive constants is no longer supported in /wordpress/wp-content/plugins/my-post-links/Post-Links.php on line 15","log":"/logs/plugins/j/j-links/error.json"}
,
{"message":"define(): Argument #3 ($case_insensitive) is ignored since declaration of case-insensitive constants is no longer supported in /wordpress/wp-content/plugins/my-post-links/Post-Links.php on line 16","level":"WARNING","type":"PHP","test":"jspi-boot","plugin":"j-links","details":"[13-May-2025 04:08:50 UTC] PHP Warning:  define(): Argument #3 ($case_insensitive) is ignored since declaration of case-insensitive constants is no longer supported in /wordpress/wp-content/plugins/my-post-links/Post-Links.php on line 16","log":"/logs/plugins/j/j-links/error.json"}
,
{"message":"define(): Argument #3 ($case_insensitive) is ignored since declaration of case-insensitive constants is no longer supported in /wordpress/wp-content/plugins/my-post-links/Post-Links.php on line 17","level":"WARNING","type":"PHP","test":"jspi-boot","plugin":"j-links","details":"[13-May-2025 04:08:50 UTC] PHP Warning:  define(): Argument #3 ($case_insensitive) is ignored since declaration of case-insensitive constants is no longer supported in /wordpress/wp-content/plugins/my-post-links/Post-Links.php on line 17","log":"/logs/plugins/j/j-links/error.json"}
,
{"message":"define(): Argument #3 ($case_insensitive) is ignored since declaration of case-insensitive constants is no longer supported in /wordpress/wp-content/plugins/my-post-links/Post-Links.php on line 18","level":"WARNING","type":"PHP","test":"jspi-boot","plugin":"j-links","details":"[13-May-2025 04:08:50 UTC] PHP Warning:  define(): Argument #3 ($case_insensitive) is ignored since declaration of case-insensitive constants is no longer supported in /wordpress/wp-content/plugins/my-post-links/Post-Links.php on line 18","log":"/logs/plugins/j/j-links/error.json"}
,
{"message":"define(): Argument #3 ($case_insensitive) is ignored since declaration of case-insensitive constants is no longer supported in /wordpress/wp-content/plugins/my-post-links/Post-Links.php on line 14","level":"WARNING","type":"PHP","test":"jspi-boot","plugin":"j-links","details":"[13-May-2025 04:08:51 UTC] PHP Warning:  define(): Argument #3 ($case_insensitive) is ignored since declaration of case-insensitive constants is no longer supported in /wordpress/wp-content/plugins/my-post-links/Post-Links.php on line 14","log":"/logs/plugins/j/j-links/error.json"}
,
{"message":"define(): Argument #3 ($case_insensitive) is ignored since declaration of case-insensitive constants is no longer supported in /wordpress/wp-content/plugins/my-post-links/Post-Links.php on line 15","level":"WARNING","type":"PHP","test":"jspi-boot","plugin":"j-links","details":"[13-May-2025 04:08:51 UTC] PHP Warning:  define(): Argument #3 ($case_insensitive) is ignored since declaration of case-insensitive constants is no longer supported in /wordpress/wp-content/plugins/my-post-links/Post-Links.php on line 15","log":"/logs/plugins/j/j-links/error.json"}
,
{"message":"define(): Argument #3 ($case_insensitive) is ignored since declaration of case-insensitive constants is no longer supported in /wordpress/wp-content/plugins/my-post-links/Post-Links.php on line 16","level":"WARNING","type":"PHP","test":"jspi-boot","plugin":"j-links","details":"[13-May-2025 04:08:51 UTC] PHP Warning:  define(): Argument #3 ($case_insensitive) is ignored since declaration of case-insensitive constants is no longer supported in /wordpress/wp-content/plugins/my-post-links/Post-Links.php on line 16","log":"/logs/plugins/j/j-links/error.json"}
,
{"message":"define(): Argument #3 ($case_insensitive) is ignored since declaration of case-insensitive constants is no longer supported in /wordpress/wp-content/plugins/my-post-links/Post-Links.php on line 17","level":"WARNING","type":"PHP","test":"jspi-boot","plugin":"j-links","details":"[13-May-2025 04:08:51 UTC] PHP Warning:  define(): Argument #3 ($case_insensitive) is ignored since declaration of case-insensitive constants is no longer supported in /wordpress/wp-content/plugins/my-post-links/Post-Links.php on line 17","log":"/logs/plugins/j/j-links/error.json"}
,
{"message":"define(): Argument #3 ($case_insensitive) is ignored since declaration of case-insensitive constants is no longer supported in /wordpress/wp-content/plugins/my-post-links/Post-Links.php on line 18","level":"WARNING","type":"PHP","test":"jspi-boot","plugin":"j-links","details":"[13-May-2025 04:08:51 UTC] PHP Warning:  define(): Argument #3 ($case_insensitive) is ignored since declaration of case-insensitive constants is no longer supported in /wordpress/wp-content/plugins/my-post-links/Post-Links.php on line 18","log":"/logs/plugins/j/j-links/error.json"}
,
{"message":"define(): Argument #3 ($case_insensitive) is ignored since declaration of case-insensitive constants is no longer supported in /wordpress/wp-content/plugins/my-post-links/Post-Links.php on line 14","level":"WARNING","type":"PHP","test":"jspi-boot","plugin":"j-links","details":"[13-May-2025 04:08:59 UTC] PHP Warning:  define(): Argument #3 ($case_insensitive) is ignored since declaration of case-insensitive constants is no longer supported in /wordpress/wp-content/plugins/my-post-links/Post-Links.php on line 14","log":"/logs/plugins/j/j-links/error.json"}
,
{"message":"define(): Argument #3 ($case_insensitive) is ignored since declaration of case-insensitive constants is no longer supported in /wordpress/wp-content/plugins/my-post-links/Post-Links.php on line 15","level":"WARNING","type":"PHP","test":"jspi-boot","plugin":"j-links","details":"[13-May-2025 04:08:59 UTC] PHP Warning:  define(): Argument #3 ($case_insensitive) is ignored since declaration of case-insensitive constants is no longer supported in /wordpress/wp-content/plugins/my-post-links/Post-Links.php on line 15","log":"/logs/plugins/j/j-links/error.json"}
,
{"message":"define(): Argument #3 ($case_insensitive) is ignored since declaration of case-insensitive constants is no longer supported in /wordpress/wp-content/plugins/my-post-links/Post-Links.php on line 16","level":"WARNING","type":"PHP","test":"jspi-boot","plugin":"j-links","details":"[13-May-2025 04:08:59 UTC] PHP Warning:  define(): Argument #3 ($case_insensitive) is ignored since declaration of case-insensitive constants is no longer supported in /wordpress/wp-content/plugins/my-post-links/Post-Links.php on line 16","log":"/logs/plugins/j/j-links/error.json"}
,
{"message":"define(): Argument #3 ($case_insensitive) is ignored since declaration of case-insensitive constants is no longer supported in /wordpress/wp-content/plugins/my-post-links/Post-Links.php on line 17","level":"WARNING","type":"PHP","test":"jspi-boot","plugin":"j-links","details":"[13-May-2025 04:08:59 UTC] PHP Warning:  define(): Argument #3 ($case_insensitive) is ignored since declaration of case-insensitive constants is no longer supported in /wordpress/wp-content/plugins/my-post-links/Post-Links.php on line 17","log":"/logs/plugins/j/j-links/error.json"}
,
{"message":"define(): Argument #3 ($case_insensitive) is ignored since declaration of case-insensitive constants is no longer supported in /wordpress/wp-content/plugins/my-post-links/Post-Links.php on line 18","level":"WARNING","type":"PHP","test":"jspi-boot","plugin":"j-links","details":"[13-May-2025 04:08:59 UTC] PHP Warning:  define(): Argument #3 ($case_insensitive) is ignored since declaration of case-insensitive constants is no longer supported in /wordpress/wp-content/plugins/my-post-links/Post-Links.php on line 18","log":"/logs/plugins/j/j-links/error.json"}
,
{"message":"define(): Argument #3 ($case_insensitive) is ignored since declaration of case-insensitive constants is no longer supported in /wordpress/wp-content/plugins/my-post-links/Post-Links.php on line 14","level":"WARNING","type":"PHP","test":"jspi-boot","plugin":"j-links","details":"[13-May-2025 04:09:00 UTC] PHP Warning:  define(): Argument #3 ($case_insensitive) is ignored since declaration of case-insensitive constants is no longer supported in /wordpress/wp-content/plugins/my-post-links/Post-Links.php on line 14","log":"/logs/plugins/j/j-links/error.json"}
,
{"message":"define(): Argument #3 ($case_insensitive) is ignored since declaration of case-insensitive constants is no longer supported in /wordpress/wp-content/plugins/my-post-links/Post-Links.php on line 15","level":"WARNING","type":"PHP","test":"jspi-boot","plugin":"j-links","details":"[13-May-2025 04:09:00 UTC] PHP Warning:  define(): Argument #3 ($case_insensitive) is ignored since declaration of case-insensitive constants is no longer supported in /wordpress/wp-content/plugins/my-post-links/Post-Links.php on line 15","log":"/logs/plugins/j/j-links/error.json"}
,
{"message":"define(): Argument #3 ($case_insensitive) is ignored since declaration of case-insensitive constants is no longer supported in /wordpress/wp-content/plugins/my-post-links/Post-Links.php on line 16","level":"WARNING","type":"PHP","test":"jspi-boot","plugin":"j-links","details":"[13-May-2025 04:09:00 UTC] PHP Warning:  define(): Argument #3 ($case_insensitive) is ignored since declaration of case-insensitive constants is no longer supported in /wordpress/wp-content/plugins/my-post-links/Post-Links.php on line 16","log":"/logs/plugins/j/j-links/error.json"}
,
{"message":"define(): Argument #3 ($case_insensitive) is ignored since declaration of case-insensitive constants is no longer supported in /wordpress/wp-content/plugins/my-post-links/Post-Links.php on line 17","level":"WARNING","type":"PHP","test":"jspi-boot","plugin":"j-links","details":"[13-May-2025 04:09:00 UTC] PHP Warning:  define(): Argument #3 ($case_insensitive) is ignored since declaration of case-insensitive constants is no longer supported in /wordpress/wp-content/plugins/my-post-links/Post-Links.php on line 17","log":"/logs/plugins/j/j-links/error.json"}
,
{"message":"define(): Argument #3 ($case_insensitive) is ignored since declaration of case-insensitive constants is no longer supported in /wordpress/wp-content/plugins/my-post-links/Post-Links.php on line 18","level":"WARNING","type":"PHP","test":"jspi-boot","plugin":"j-links","details":"[13-May-2025 04:09:00 UTC] PHP Warning:  define(): Argument #3 ($case_insensitive) is ignored since declaration of case-insensitive constants is no longer supported in /wordpress/wp-content/plugins/my-post-links/Post-Links.php on line 18","log":"/logs/plugins/j/j-links/error.json"}
,
{"message":"define(): Argument #3 ($case_insensitive) is ignored since declaration of case-insensitive constants is no longer supported in /wordpress/wp-content/plugins/my-post-links/Post-Links.php on line 14","level":"WARNING","type":"PHP","test":"jspi-boot","plugin":"j-links","details":"[13-May-2025 04:09:08 UTC] PHP Warning:  define(): Argument #3 ($case_insensitive) is ignored since declaration of case-insensitive constants is no longer supported in /wordpress/wp-content/plugins/my-post-links/Post-Links.php on line 14","log":"/logs/plugins/j/j-links/error.json"}
,
{"message":"define(): Argument #3 ($case_insensitive) is ignored since declaration of case-insensitive constants is no longer supported in /wordpress/wp-content/plugins/my-post-links/Post-Links.php on line 15","level":"WARNING","type":"PHP","test":"jspi-boot","plugin":"j-links","details":"[13-May-2025 04:09:08 UTC] PHP Warning:  define(): Argument #3 ($case_insensitive) is ignored since declaration of case-insensitive constants is no longer supported in /wordpress/wp-content/plugins/my-post-links/Post-Links.php on line 15","log":"/logs/plugins/j/j-links/error.json"}
,
{"message":"define(): Argument #3 ($case_insensitive) is ignored since declaration of case-insensitive constants is no longer supported in /wordpress/wp-content/plugins/my-post-links/Post-Links.php on line 16","level":"WARNING","type":"PHP","test":"jspi-boot","plugin":"j-links","details":"[13-May-2025 04:09:08 UTC] PHP Warning:  define(): Argument #3 ($case_insensitive) is ignored since declaration of case-insensitive constants is no longer supported in /wordpress/wp-content/plugins/my-post-links/Post-Links.php on line 16","log":"/logs/plugins/j/j-links/error.json"}
,
{"message":"define(): Argument #3 ($case_insensitive) is ignored since declaration of case-insensitive constants is no longer supported in /wordpress/wp-content/plugins/my-post-links/Post-Links.php on line 17","level":"WARNING","type":"PHP","test":"jspi-boot","plugin":"j-links","details":"[13-May-2025 04:09:08 UTC] PHP Warning:  define(): Argument #3 ($case_insensitive) is ignored since declaration of case-insensitive constants is no longer supported in /wordpress/wp-content/plugins/my-post-links/Post-Links.php on line 17","log":"/logs/plugins/j/j-links/error.json"}
,
{"message":"define(): Argument #3 ($case_insensitive) is ignored since declaration of case-insensitive constants is no longer supported in /wordpress/wp-content/plugins/my-post-links/Post-Links.php on line 18","level":"WARNING","type":"PHP","test":"jspi-boot","plugin":"j-links","details":"[13-May-2025 04:09:08 UTC] PHP Warning:  define(): Argument #3 ($case_insensitive) is ignored since declaration of case-insensitive constants is no longer supported in /wordpress/wp-content/plugins/my-post-links/Post-Links.php on line 18","log":"/logs/plugins/j/j-links/error.json"}
,
{"message":"define(): Argument #3 ($case_insensitive) is ignored since declaration of case-insensitive constants is no longer supported in /wordpress/wp-content/plugins/my-post-links/Post-Links.php on line 14","level":"WARNING","type":"PHP","test":"jspi-boot","plugin":"j-links","details":"[13-May-2025 04:09:10 UTC] PHP Warning:  define(): Argument #3 ($case_insensitive) is ignored since declaration of case-insensitive constants is no longer supported in /wordpress/wp-content/plugins/my-post-links/Post-Links.php on line 14","log":"/logs/plugins/j/j-links/error.json"}
,
{"message":"define(): Argument #3 ($case_insensitive) is ignored since declaration of case-insensitive constants is no longer supported in /wordpress/wp-content/plugins/my-post-links/Post-Links.php on line 15","level":"WARNING","type":"PHP","test":"jspi-boot","plugin":"j-links","details":"[13-May-2025 04:09:10 UTC] PHP Warning:  define(): Argument #3 ($case_insensitive) is ignored since declaration of case-insensitive constants is no longer supported in /wordpress/wp-content/plugins/my-post-links/Post-Links.php on line 15","log":"/logs/plugins/j/j-links/error.json"}
,
{"message":"define(): Argument #3 ($case_insensitive) is ignored since declaration of case-insensitive constants is no longer supported in /wordpress/wp-content/plugins/my-post-links/Post-Links.php on line 16","level":"WARNING","type":"PHP","test":"jspi-boot","plugin":"j-links","details":"[13-May-2025 04:09:10 UTC] PHP Warning:  define(): Argument #3 ($case_insensitive) is ignored since declaration of case-insensitive constants is no longer supported in /wordpress/wp-content/plugins/my-post-links/Post-Links.php on line 16","log":"/logs/plugins/j/j-links/error.json"}
,
{"message":"define(): Argument #3 ($case_insensitive) is ignored since declaration of case-insensitive constants is no longer supported in /wordpress/wp-content/plugins/my-post-links/Post-Links.php on line 17","level":"WARNING","type":"PHP","test":"jspi-boot","plugin":"j-links","details":"[13-May-2025 04:09:10 UTC] PHP Warning:  define(): Argument #3 ($case_insensitive) is ignored since declaration of case-insensitive constants is no longer supported in /wordpress/wp-content/plugins/my-post-links/Post-Links.php on line 17","log":"/logs/plugins/j/j-links/error.json"}
,
{"message":"define(): Argument #3 ($case_insensitive) is ignored since declaration of case-insensitive constants is no longer supported in /wordpress/wp-content/plugins/my-post-links/Post-Links.php on line 18","level":"WARNING","type":"PHP","test":"jspi-boot","plugin":"j-links","details":"[13-May-2025 04:09:10 UTC] PHP Warning:  define(): Argument #3 ($case_insensitive) is ignored since declaration of case-insensitive constants is no longer supported in /wordpress/wp-content/plugins/my-post-links/Post-Links.php on line 18","log":"/logs/plugins/j/j-links/error.json"}
,
{"message":"Uncaught Error: Class \"MyCloudPress\\App\" not found in /wordpress/wp-content/plugins/mycloudpress/mycloudpress.php:33","level":"FATAL","type":"PHP","test":"jspi-boot","plugin":"j-links","details":"[13-May-2025 04:10:17 UTC] PHP Fatal error:  Uncaught Error: Class \"MyCloudPress\\App\" not found in /wordpress/wp-content/plugins/mycloudpress/mycloudpress.php:33\nStack trace:\n#0 /wordpress/wp-admin/includes/plugin.php(2387): include_once()\n#1 /wordpress/wp-admin/includes/plugin.php(673): plugin_sandbox_scrape('mycloudpress/my...')\n#2 /internal/eval.php(20): activate_plugin('mycloudpress/my...')\n#3 {main}\n  thrown in /wordpress/wp-content/plugins/mycloudpress/mycloudpress.php on line 33","log":"/logs/plugins/j/j-links/error.json"}
,
{"message":"Uncaught Error: Class \"MyCloudPress\\App\" not found in /wordpress/wp-content/plugins/mycloudpress/mycloudpress.php:33","level":"FATAL","type":"PHP","test":"jspi-boot","plugin":"j-links","details":"[13-May-2025 04:10:25 UTC] PHP Fatal error:  Uncaught Error: Class \"MyCloudPress\\App\" not found in /wordpress/wp-content/plugins/mycloudpress/mycloudpress.php:33\nStack trace:\n#0 /wordpress/wp-admin/includes/plugin.php(2387): include_once()\n#1 /wordpress/wp-admin/includes/plugin.php(673): plugin_sandbox_scrape('mycloudpress/my...')\n#2 /internal/eval.php(20): activate_plugin('mycloudpress/my...')\n#3 {main}\n  thrown in /wordpress/wp-content/plugins/mycloudpress/mycloudpress.php on line 33","log":"/logs/plugins/j/j-links/error.json"}
,
{"message":"Uncaught Error: Class \"MyCloudPress\\App\" not found in /wordpress/wp-content/plugins/mycloudpress/mycloudpress.php:33","level":"FATAL","type":"PHP","test":"jspi-boot","plugin":"j-links","details":"[13-May-2025 04:10:34 UTC] PHP Fatal error:  Uncaught Error: Class \"MyCloudPress\\App\" not found in /wordpress/wp-content/plugins/mycloudpress/mycloudpress.php:33\nStack trace:\n#0 /wordpress/wp-admin/includes/plugin.php(2387): include_once()\n#1 /wordpress/wp-admin/includes/plugin.php(673): plugin_sandbox_scrape('mycloudpress/my...')\n#2 /internal/eval.php(20): activate_plugin('mycloudpress/my...')\n#3 {main}\n  thrown in /wordpress/wp-content/plugins/mycloudpress/mycloudpress.php on line 33","log":"/logs/plugins/j/j-links/error.json"}
,
{"message":"Required parameter $value follows optional parameter $parent in /wordpress/wp-content/plugins/myloyal/core/options.php on line 92","level":"DEPRECATED","type":"PHP","test":"jspi-boot","plugin":"j-links","details":"[13-May-2025 04:11:12 UTC] PHP Deprecated:  Required parameter $value follows optional parameter $parent in /wordpress/wp-content/plugins/myloyal/core/options.php on line 92","log":"/logs/plugins/j/j-links/error.json"}
,
{"message":"foreach() argument must be of type array|object, null given in /wordpress/wp-content/plugins/myloyal/core/action-runner.php on line 49","level":"WARNING","type":"PHP","test":"jspi-boot","plugin":"j-links","details":"[13-May-2025 04:11:12 UTC] PHP Warning:  foreach() argument must be of type array|object, null given in /wordpress/wp-content/plugins/myloyal/core/action-runner.php on line 49","log":"/logs/plugins/j/j-links/error.json"}
,
{"message":"Uncaught Exception: <div style=\"clear:both\">&nbsp;</div>","level":"FATAL","type":"PHP","test":"jspi-boot","plugin":"j-links","details":"[13-May-2025 04:11:12 UTC] PHP Fatal error:  Uncaught Exception: <div style=\"clear:both\">&nbsp;</div>\n<div class=\"queries\" style=\"clear:both;margin-bottom:2px;border:red dotted thin;\">\n<p>MySQL query:</p>\n<p>alter table `wp_myloyal_badge_user` add constraint `myloyal_badge_user_user_id_foreign` foreign key (`user_id`) references `wp_users` (`ID`) on delete cascade</p>\n<p>Queries made or created this session were:</p>\n<ol>\n<li>Executing: BEGIN | (no parameters)</li>\n<li>Executing: SELECT 1 FROM sqlite_temp_schema WHERE type = 'table' AND name = ? | parameters: wp_myloyal_badge_user</li>\n<li>Executing: SELECT COLUMN_NAME FROM `_wp_sqlite_mysql_information_schema_columns` WHERE table_schema = ? AND table_name = ? | parameters: database_name_here, wp_myloyal_badge_user</li>\n<li>Executing: SELECT 1 FROM sqlite_temp_schema WHERE type = 'table' AND name = ? | parameters: wp_myloyal_badge_user</li>\n<li>Executing: ROLLBACK | (no parameters)</li>\n</ol>\n</div>\n<div style=\"clear:both;margin-bottom:2px;border:red dotted thin;\" class=\"error_message\" style=\"border-bottom:dotted blue thin;\">\nFOREIGN KEY and CHECK constraints are not supported yet.\n</div>\n<p>Backtrace:</p>\n<pre>#0 /internal/shared/sqlite-database-integration/wp-includes/sqlite-ast/class-wp-sqlite-driver.php(683): WP_SQLite_Driver->new_driver_exception('FOREIGN KEY and...', 0, Object(Exception))\n#1 /internal/shared/sqlite-database-integration/wp-includes/sqlite/class-wp-sqlite-db.php(491): WP_SQLite_Driver->query('alter table `wp...')\n#2 /internal/shared/sqlite-database-integration/wp-includes/sqlite/class-wp-sqlite-db.php(432): WP_SQLite_DB->_do_query('alter table `wp...')\n#3 /wordpress/wp-content/plugins/myloyal/vendor/as247/wp-eloquent/src/Database/WpConnection.php(147): WP_SQLite_DB->query('alter table `wp...')\n#4 /wordpress/wp-content/plugins/myloyal/vendor/as247/wp-eloquent/src/Database/Connection.php(664): As247\\WpEloquent\\Database\\WpConnection->As247\\WpEloquent\\Database\\{closure}('alter table `wp...', Array)\n#5 /wordpress/wp-content/plugins/myloyal/vendor/as247/wp-eloquent/src/Database/Connection.php(631): As247\\WpEloquent\\Database\\Connection->runQueryCallback('alter table `wp...', Array, Object(Closure))\n#6 /wordpress/wp-content/plugins/myloyal/vendor/as247/wp-eloquent/src/Database/WpConnection.php(156): As247\\WpEloquent\\Database\\Connection->run('alter table `wp...', Array, Object(Closure))\n#7 /wordpress/wp-content/plugins/myloyal/vendor/as247/wp-eloquent/src/Database/WpConnection.php(132): As247\\WpEloquent\\Database\\WpConnection->runRawQuery('alter table `wp...', true)\n#8 /wordpress/wp-content/plugins/myloyal/vendor/as247/wp-eloquent/src/Database/WpConnection.php(108): As247\\WpEloquent\\Database\\WpConnection->unprepared('alter table `wp...')\n#9 /wordpress/wp-content/plugins/myloyal/vendor/as247/wp-eloquent/src/Database/Schema/Blueprint.php(103): As247\\WpEloquent\\Database\\WpConnection->statement('alter table `wp...')\n#10 /wordpress/wp-content/plugins/myloyal/vendor/as247/wp-eloquent/src/Database/Schema/Builder.php(323): As247\\WpEloquent\\Database\\Schema\\Blueprint->build(Object(As247\\WpEloquent\\Database\\WpConnection), Object(As247\\WpEloquent\\Database\\Schema\\Grammars\\MySqlGrammar))\n#11 /wordpress/wp-content/plugins/myloyal/vendor/as247/wp-eloquent/src/Database/Schema/Builder.php(200): As247\\WpEloquent\\Database\\Schema\\Builder->build(Object(As247\\WpEloquent\\Database\\Schema\\Blueprint))\n#12 /wordpress/wp-content/plugins/myloyal/vendor/as247/wp-eloquent/src/Support/Facades/Facade.php(261): As247\\WpEloquent\\Database\\Schema\\Builder->create('myloyal_badge_u...', Object(Closure))\n#13 /wordpress/wp-content/plugins/myloyal/migrations/badge-user.php(20): As247\\WpEloquent\\Support\\Facades\\Facade::__callStatic('create', Array)\n#14 /wordpress/wp-content/plugins/myloyal/myloyal.php(127): myLoyal\\migrations\\Badge_User->run()\n#15 /wordpress/wp-includes/class-wp-hook.php(324): myLoyal\\MyLoyal_Init->on_active(false)\n#16 /wordpress/wp-includes/class-wp-hook.php(348): WP_Hook->apply_filters('', Array)\n#17 /wordpress/wp-includes/plugin.php(517): WP_Hook->do_action(Array)\n#18 /wordpress/wp-admin/includes/plugin.php(703): do_action('activate_myloya...', false)\n#19 /internal/eval.php(20): activate_plugin('myloyal/myloyal...')\n#20 {main}</pre>\n in /wordpress/wp-content/plugins/myloyal/vendor/as247/wp-eloquent/src/Database/WpConnection.php:150\nStack trace:\n#0 /wordpress/wp-content/plugins/myloyal/vendor/as247/wp-eloquent/src/Database/Connection.php(664): As247\\WpEloquent\\Database\\WpConnection->As247\\WpEloquent\\Database\\{closure}('alter table `wp...', Array)\n#1 /wordpress/wp-content/plugins/myloyal/vendor/as247/wp-eloquent/src/Database/Connection.php(631): As247\\WpEloquent\\Database\\Connection->runQueryCallback('alter table `wp...', Array, Object(Closure))\n#2 /wordpress/wp-content/plugins/myloyal/vendor/as247/wp-eloquent/src/Database/WpConnection.php(156): As247\\WpEloquent\\Database\\Connection->run('alter table `wp...', Array, Object(Closure))\n#3 /wordpress/wp-content/plugins/myloyal/vendor/as247/wp-eloquent/src/Database/WpConnection.php(132): As247\\WpEloquent\\Database\\WpConnection->runRawQuery('alter table `wp...', true)\n#4 /wordpress/wp-content/plugins/myloyal/vendor/as247/wp-eloquent/src/Database/WpConnection.php(108): As247\\WpEloquent\\Database\\WpConnection->unprepared('alter table `wp...')\n#5 /wordpress/wp-content/plugins/myloyal/vendor/as247/wp-eloquent/src/Database/Schema/Blueprint.php(103): As247\\WpEloquent\\Database\\WpConnection->statement('alter table `wp...')\n#6 /wordpress/wp-content/plugins/myloyal/vendor/as247/wp-eloquent/src/Database/Schema/Builder.php(323): As247\\WpEloquent\\Database\\Schema\\Blueprint->build(Object(As247\\WpEloquent\\Database\\WpConnection), Object(As247\\WpEloquent\\Database\\Schema\\Grammars\\MySqlGrammar))\n#7 /wordpress/wp-content/plugins/myloyal/vendor/as247/wp-eloquent/src/Database/Schema/Builder.php(200): As247\\WpEloquent\\Database\\Schema\\Builder->build(Object(As247\\WpEloquent\\Database\\Schema\\Blueprint))\n#8 /wordpress/wp-content/plugins/myloyal/vendor/as247/wp-eloquent/src/Support/Facades/Facade.php(261): As247\\WpEloquent\\Database\\Schema\\Builder->create('myloyal_badge_u...', Object(Closure))\n#9 /wordpress/wp-content/plugins/myloyal/migrations/badge-user.php(20): As247\\WpEloquent\\Support\\Facades\\Facade::__callStatic('create', Array)\n#10 /wordpress/wp-content/plugins/myloyal/myloyal.php(127): myLoyal\\migrations\\Badge_User->run()\n#11 /wordpress/wp-includes/class-wp-hook.php(324): myLoyal\\MyLoyal_Init->on_active(false)\n#12 /wordpress/wp-includes/class-wp-hook.php(348): WP_Hook->apply_filters('', Array)\n#13 /wordpress/wp-includes/plugin.php(517): WP_Hook->do_action(Array)\n#14 /wordpress/wp-admin/includes/plugin.php(703): do_action('activate_myloya...', false)\n#15 /internal/eval.php(20): activate_plugin('myloyal/myloyal...')\n#16 {main}\n\nNext As247\\WpEloquent\\Database\\QueryException: <div style=\"clear:both\">&nbsp;</div>\n<div class=\"queries\" style=\"clear:both;margin-bottom:2px;border:red dotted thin;\">\n<p>MySQL query:</p>\n<p>alter table `wp_myloyal_badge_user` add constraint `myloyal_badge_user_user_id_foreign` foreign key (`user_id`) references `wp_users` (`ID`) on delete cascade</p>\n<p>Queries made or created this session were:</p>\n<ol>\n<li>Executing: BEGIN | (no parameters)</li>\n<li>Executing: SELECT 1 FROM sqlite_temp_schema WHERE type = 'table' AND name = ? | parameters: wp_myloyal_badge_user</li>\n<li>Executing: SELECT COLUMN_NAME FROM `_wp_sqlite_mysql_information_schema_columns` WHERE table_schema = ? AND table_name = ? | parameters: database_name_here, wp_myloyal_badge_user</li>\n<li>Executing: SELECT 1 FROM sqlite_temp_schema WHERE type = 'table' AND name = ? | parameters: wp_myloyal_badge_user</li>\n<li>Executing: ROLLBACK | (no parameters)</li>\n</ol>\n</div>\n<div style=\"clear:both;margin-bottom:2px;border:red dotted thin;\" class=\"error_message\" style=\"border-bottom:dotted blue thin;\">\nFOREIGN KEY and CHECK constraints are not supported yet.\n</div>\n<p>Backtrace:</p>\n<pre>#0 /internal/shared/sqlite-database-integration/wp-includes/sqlite-ast/class-wp-sqlite-driver.php(683): WP_SQLite_Driver->new_driver_exception('FOREIGN KEY and...', 0, Object(Exception))\n#1 /internal/shared/sqlite-database-integration/wp-includes/sqlite/class-wp-sqlite-db.php(491): WP_SQLite_Driver->query('alter table `wp...')\n#2 /internal/shared/sqlite-database-integration/wp-includes/sqlite/class-wp-sqlite-db.php(432): WP_SQLite_DB->_do_query('alter table `wp...')\n#3 /wordpress/wp-content/plugins/myloyal/vendor/as247/wp-eloquent/src/Database/WpConnection.php(147): WP_SQLite_DB->query('alter table `wp...')\n#4 /wordpress/wp-content/plugins/myloyal/vendor/as247/wp-eloquent/src/Database/Connection.php(664): As247\\WpEloquent\\Database\\WpConnection->As247\\WpEloquent\\Database\\{closure}('alter table `wp...', Array)\n#5 /wordpress/wp-content/plugins/myloyal/vendor/as247/wp-eloquent/src/Database/Connection.php(631): As247\\WpEloquent\\Database\\Connection->runQueryCallback('alter table `wp...', Array, Object(Closure))\n#6 /wordpress/wp-content/plugins/myloyal/vendor/as247/wp-eloquent/src/Database/WpConnection.php(156): As247\\WpEloquent\\Database\\Connection->run('alter table `wp...', Array, Object(Closure))\n#7 /wordpress/wp-content/plugins/myloyal/vendor/as247/wp-eloquent/src/Database/WpConnection.php(132): As247\\WpEloquent\\Database\\WpConnection->runRawQuery('alter table `wp...', true)\n#8 /wordpress/wp-content/plugins/myloyal/vendor/as247/wp-eloquent/src/Database/WpConnection.php(108): As247\\WpEloquent\\Database\\WpConnection->unprepared('alter table `wp...')\n#9 /wordpress/wp-content/plugins/myloyal/vendor/as247/wp-eloquent/src/Database/Schema/Blueprint.php(103): As247\\WpEloquent\\Database\\WpConnection->statement('alter table `wp...')\n#10 /wordpress/wp-content/plugins/myloyal/vendor/as247/wp-eloquent/src/Database/Schema/Builder.php(323): As247\\WpEloquent\\Database\\Schema\\Blueprint->build(Object(As247\\WpEloquent\\Database\\WpConnection), Object(As247\\WpEloquent\\Database\\Schema\\Grammars\\MySqlGrammar))\n#11 /wordpress/wp-content/plugins/myloyal/vendor/as247/wp-eloquent/src/Database/Schema/Builder.php(200): As247\\WpEloquent\\Database\\Schema\\Builder->build(Object(As247\\WpEloquent\\Database\\Schema\\Blueprint))\n#12 /wordpress/wp-content/plugins/myloyal/vendor/as247/wp-eloquent/src/Support/Facades/Facade.php(261): As247\\WpEloquent\\Database\\Schema\\Builder->create('myloyal_badge_u...', Object(Closure))\n#13 /wordpress/wp-content/plugins/myloyal/migrations/badge-user.php(20): As247\\WpEloquent\\Support\\Facades\\Facade::__callStatic('create', Array)\n#14 /wordpress/wp-content/plugins/myloyal/myloyal.php(127): myLoyal\\migrations\\Badge_User->run()\n#15 /wordpress/wp-includes/class-wp-hook.php(324): myLoyal\\MyLoyal_Init->on_active(false)\n#16 /wordpress/wp-includes/class-wp-hook.php(348): WP_Hook->apply_filters('', Array)\n#17 /wordpress/wp-includes/plugin.php(517): WP_Hook->do_action(Array)\n#18 /wordpress/wp-admin/includes/plugin.php(703): do_action('activate_myloya...', false)\n#19 /internal/eval.php(20): activate_plugin('myloyal/myloyal...')\n#20 {main}</pre>\n (SQL: alter table `wp_myloyal_badge_user` add constraint `myloyal_badge_user_user_id_foreign` foreign key (`user_id`) references `wp_users` (`ID`) on delete cascade) in /wordpress/wp-content/plugins/myloyal/vendor/as247/wp-eloquent/src/Database/WpConnection.php:150\nStack trace:\n#0 /wordpress/wp-content/plugins/myloyal/vendor/as247/wp-eloquent/src/Database/Connection.php(664): As247\\WpEloquent\\Database\\WpConnection->As247\\WpEloquent\\Database\\{closure}('alter table `wp...', Array)\n#1 /wordpress/wp-content/plugins/myloyal/vendor/as247/wp-eloquent/src/Database/Connection.php(631): As247\\WpEloquent\\Database\\Connection->runQueryCallback('alter table `wp...', Array, Object(Closure))\n#2 /wordpress/wp-content/plugins/myloyal/vendor/as247/wp-eloquent/src/Database/WpConnection.php(156): As247\\WpEloquent\\Database\\Connection->run('alter table `wp...', Array, Object(Closure))\n#3 /wordpress/wp-content/plugins/myloyal/vendor/as247/wp-eloquent/src/Database/WpConnection.php(132): As247\\WpEloquent\\Database\\WpConnection->runRawQuery('alter table `wp...', true)\n#4 /wordpress/wp-content/plugins/myloyal/vendor/as247/wp-eloquent/src/Database/WpConnection.php(108): As247\\WpEloquent\\Database\\WpConnection->unprepared('alter table `wp...')\n#5 /wordpress/wp-content/plugins/myloyal/vendor/as247/wp-eloquent/src/Database/Schema/Blueprint.php(103): As247\\WpEloquent\\Database\\WpConnection->statement('alter table `wp...')\n#6 /wordpress/wp-content/plugins/myloyal/vendor/as247/wp-eloquent/src/Database/Schema/Builder.php(323): As247\\WpEloquent\\Database\\Schema\\Blueprint->build(Object(As247\\WpEloquent\\Database\\WpConnection), Object(As247\\WpEloquent\\Database\\Schema\\Grammars\\MySqlGrammar))\n#7 /wordpress/wp-content/plugins/myloyal/vendor/as247/wp-eloquent/src/Database/Schema/Builder.php(200): As247\\WpEloquent\\Database\\Schema\\Builder->build(Object(As247\\WpEloquent\\Database\\Schema\\Blueprint))\n#8 /wordpress/wp-content/plugins/myloyal/vendor/as247/wp-eloquent/src/Support/Facades/Facade.php(261): As247\\WpEloquent\\Database\\Schema\\Builder->create('myloyal_badge_u...', Object(Closure))\n#9 /wordpress/wp-content/plugins/myloyal/migrations/badge-user.php(20): As247\\WpEloquent\\Support\\Facades\\Facade::__callStatic('create', Array)\n#10 /wordpress/wp-content/plugins/myloyal/myloyal.php(127): myLoyal\\migrations\\Badge_User->run()\n#11 /wordpress/wp-includes/class-wp-hook.php(324): myLoyal\\MyLoyal_Init->on_active(false)\n#12 /wordpress/wp-includes/class-wp-hook.php(348): WP_Hook->apply_filters('', Array)\n#13 /wordpress/wp-includes/plugin.php(517): WP_Hook->do_action(Array)\n#14 /wordpress/wp-admin/includes/plugin.php(703): do_action('activate_myloya...', false)\n#15 /internal/eval.php(20): activate_plugin('myloyal/myloyal...')\n#16 {main}\n\nNext As247\\WpEloquent\\Database\\QueryException: <div style=\"clear:both\">&nbsp;</div>\n<div class=\"queries\" style=\"clear:both;margin-bottom:2px;border:red dotted thin;\">\n<p>MySQL query:</p>\n<p>alter table `wp_myloyal_badge_user` add constraint `myloyal_badge_user_user_id_foreign` foreign key (`user_id`) references `wp_users` (`ID`) on delete cascade</p>\n<p>Queries made or created this session were:</p>\n<ol>\n<li>Executing: BEGIN | (no parameters)</li>\n<li>Executing: SELECT 1 FROM sqlite_temp_schema WHERE type = 'table' AND name = ? | parameters: wp_myloyal_badge_user</li>\n<li>Executing: SELECT COLUMN_NAME FROM `_wp_sqlite_mysql_information_schema_columns` WHERE table_schema = ? AND table_name = ? | parameters: database_name_here, wp_myloyal_badge_user</li>\n<li>Executing: SELECT 1 FROM sqlite_temp_schema WHERE type = 'table' AND name = ? | parameters: wp_myloyal_badge_user</li>\n<li>Executing: ROLLBACK | (no parameters)</li>\n</ol>\n</div>\n<div style=\"clear:both;margin-bottom:2px;border:red dotted thin;\" class=\"error_message\" style=\"border-bottom:dotted blue thin;\">\nFOREIGN KEY and CHECK constraints are not supported yet.\n</div>\n<p>Backtrace:</p>\n<pre>#0 /internal/shared/sqlite-database-integration/wp-includes/sqlite-ast/class-wp-sqlite-driver.php(683): WP_SQLite_Driver->new_driver_exception('FOREIGN KEY and...', 0, Object(Exception))\n#1 /internal/shared/sqlite-database-integration/wp-includes/sqlite/class-wp-sqlite-db.php(491): WP_SQLite_Driver->query('alter table `wp...')\n#2 /internal/shared/sqlite-database-integration/wp-includes/sqlite/class-wp-sqlite-db.php(432): WP_SQLite_DB->_do_query('alter table `wp...')\n#3 /wordpress/wp-content/plugins/myloyal/vendor/as247/wp-eloquent/src/Database/WpConnection.php(147): WP_SQLite_DB->query('alter table `wp...')\n#4 /wordpress/wp-content/plugins/myloyal/vendor/as247/wp-eloquent/src/Database/Connection.php(664): As247\\WpEloquent\\Database\\WpConnection->As247\\WpEloquent\\Database\\{closure}('alter table `wp...', Array)\n#5 /wordpress/wp-content/plugins/myloyal/vendor/as247/wp-eloquent/src/Database/Connection.php(631): As247\\WpEloquent\\Database\\Connection->runQueryCallback('alter table `wp...', Array, Object(Closure))\n#6 /wordpress/wp-content/plugins/myloyal/vendor/as247/wp-eloquent/src/Database/WpConnection.php(156): As247\\WpEloquent\\Database\\Connection->run('alter table `wp...', Array, Object(Closure))\n#7 /wordpress/wp-content/plugins/myloyal/vendor/as247/wp-eloquent/src/Database/WpConnection.php(132): As247\\WpEloquent\\Database\\WpConnection->runRawQuery('alter table `wp...', true)\n#8 /wordpress/wp-content/plugins/myloyal/vendor/as247/wp-eloquent/src/Database/WpConnection.php(108): As247\\WpEloquent\\Database\\WpConnection->unprepared('alter table `wp...')\n#9 /wordpress/wp-content/plugins/myloyal/vendor/as247/wp-eloquent/src/Database/Schema/Blueprint.php(103): As247\\WpEloquent\\Database\\WpConnection->statement('alter table `wp...')\n#10 /wordpress/wp-content/plugins/myloyal/vendor/as247/wp-eloquent/src/Database/Schema/Builder.php(323): As247\\WpEloquent\\Database\\Schema\\Blueprint->build(Object(As247\\WpEloquent\\Database\\WpConnection), Object(As247\\WpEloquent\\Database\\Schema\\Grammars\\MySqlGrammar))\n#11 /wordpress/wp-content/plugins/myloyal/vendor/as247/wp-eloquent/src/Database/Schema/Builder.php(200): As247\\WpEloquent\\Database\\Schema\\Builder->build(Object(As247\\WpEloquent\\Database\\Schema\\Blueprint))\n#12 /wordpress/wp-content/plugins/myloyal/vendor/as247/wp-eloquent/src/Support/Facades/Facade.php(261): As247\\WpEloquent\\Database\\Schema\\Builder->create('myloyal_badge_u...', Object(Closure))\n#13 /wordpress/wp-content/plugins/myloyal/migrations/badge-user.php(20): As247\\WpEloquent\\Support\\Facades\\Facade::__callStatic('create', Array)\n#14 /wordpress/wp-content/plugins/myloyal/myloyal.php(127): myLoyal\\migrations\\Badge_User->run()\n#15 /wordpress/wp-includes/class-wp-hook.php(324): myLoyal\\MyLoyal_Init->on_active(false)\n#16 /wordpress/wp-includes/class-wp-hook.php(348): WP_Hook->apply_filters('', Array)\n#17 /wordpress/wp-includes/plugin.php(517): WP_Hook->do_action(Array)\n#18 /wordpress/wp-admin/includes/plugin.php(703): do_action('activate_myloya...', false)\n#19 /internal/eval.php(20): activate_plugin('myloyal/myloyal...')\n#20 {main}</pre>\n (SQL: alter table `wp_myloyal_badge_user` add constraint `myloyal_badge_user_user_id_foreign` foreign key (`user_id`) references `wp_users` (`ID`) on delete cascade) (SQL: alter table `wp_myloyal_badge_user` add constraint `myloyal_badge_user_user_id_foreign` foreign key (`user_id`) references `wp_users` (`ID`) on delete cascade) in /wordpress/wp-content/plugins/myloyal/vendor/as247/wp-eloquent/src/Database/Connection.php:671\nStack trace:\n#0 /wordpress/wp-content/plugins/myloyal/vendor/as247/wp-eloquent/src/Database/Connection.php(631): As247\\WpEloquent\\Database\\Connection->runQueryCallback('alter table `wp...', Array, Object(Closure))\n#1 /wordpress/wp-content/plugins/myloyal/vendor/as247/wp-eloquent/src/Database/WpConnection.php(156): As247\\WpEloquent\\Database\\Connection->run('alter table `wp...', Array, Object(Closure))\n#2 /wordpress/wp-content/plugins/myloyal/vendor/as247/wp-eloquent/src/Database/WpConnection.php(132): As247\\WpEloquent\\Database\\WpConnection->runRawQuery('alter table `wp...', true)\n#3 /wordpress/wp-content/plugins/myloyal/vendor/as247/wp-eloquent/src/Database/WpConnection.php(108): As247\\WpEloquent\\Database\\WpConnection->unprepared('alter table `wp...')\n#4 /wordpress/wp-content/plugins/myloyal/vendor/as247/wp-eloquent/src/Database/Schema/Blueprint.php(103): As247\\WpEloquent\\Database\\WpConnection->statement('alter table `wp...')\n#5 /wordpress/wp-content/plugins/myloyal/vendor/as247/wp-eloquent/src/Database/Schema/Builder.php(323): As247\\WpEloquent\\Database\\Schema\\Blueprint->build(Object(As247\\WpEloquent\\Database\\WpConnection), Object(As247\\WpEloquent\\Database\\Schema\\Grammars\\MySqlGrammar))\n#6 /wordpress/wp-content/plugins/myloyal/vendor/as247/wp-eloquent/src/Database/Schema/Builder.php(200): As247\\WpEloquent\\Database\\Schema\\Builder->build(Object(As247\\WpEloquent\\Database\\Schema\\Blueprint))\n#7 /wordpress/wp-content/plugins/myloyal/vendor/as247/wp-eloquent/src/Support/Facades/Facade.php(261): As247\\WpEloquent\\Database\\Schema\\Builder->create('myloyal_badge_u...', Object(Closure))\n#8 /wordpress/wp-content/plugins/myloyal/migrations/badge-user.php(20): As247\\WpEloquent\\Support\\Facades\\Facade::__callStatic('create', Array)\n#9 /wordpress/wp-content/plugins/myloyal/myloyal.php(127): myLoyal\\migrations\\Badge_User->run()\n#10 /wordpress/wp-includes/clas\n","log":"/logs/plugins/j/j-links/error.json"}
]
