[
  {
    "message": "file:///home/runner/work/playground-tester/playground-tester/node_modules/@wp-playground/cli/index.js:237\n        throw new Error(y, { cause: u });\n              ^\n",
    "level": "FATAL",
    "type": "PLAYGROUND",
    "test": "ast-sqlite-boot",
    "plugin": "testimonial-plus",
    "details": "file:///home/runner/work/playground-tester/playground-tester/node_modules/@wp-playground/cli/index.js:237\n        throw new Error(y, { cause: u });\n              ^\n",
    "log": "/tmp/tmp.68MUqQDNrc"
  },
  {
    "message": "Required parameter $_and_more follows optional parameter $sFieldID2 in /wordpress/wp-content/plugins/text-truncator/include/library/admin-page-framework/factory/AdminPageFramework/AdminPageFramework_Form_Controller.php on line 47",
    "level": "DEPRECATED",
    "type": "PHP",
    "test": "ast-sqlite-boot",
    "plugin": "testimonial-plus",
    "details": "[06-May-2025 08:55:36 UTC] PHP Deprecated:  Required parameter $_and_more follows optional parameter $sFieldID2 in /wordpress/wp-content/plugins/text-truncator/include/library/admin-page-framework/factory/AdminPageFramework/AdminPageFramework_Form_Controller.php on line 47",
    "log": "/logs/plugins/t/testimonial-plus/error.json"
  },
  {
    "message": "Required parameter $_and_more follows optional parameter $sFieldID2 in /wordpress/wp-content/plugins/text-truncator/include/library/admin-page-framework/factory/AdminPageFramework/AdminPageFramework_Form_Controller.php on line 47",
    "level": "DEPRECATED",
    "type": "PHP",
    "test": "ast-sqlite-boot",
    "plugin": "testimonial-plus",
    "details": "[06-May-2025 08:55:46 UTC] PHP Deprecated:  Required parameter $_and_more follows optional parameter $sFieldID2 in /wordpress/wp-content/plugins/text-truncator/include/library/admin-page-framework/factory/AdminPageFramework/AdminPageFramework_Form_Controller.php on line 47",
    "log": "/logs/plugins/t/testimonial-plus/error.json"
  },
  {
    "message": "Required parameter $_and_more follows optional parameter $sFieldID2 in /wordpress/wp-content/plugins/text-truncator/include/library/admin-page-framework/factory/AdminPageFramework/AdminPageFramework_Form_Controller.php on line 47",
    "level": "DEPRECATED",
    "type": "PHP",
    "test": "ast-sqlite-boot",
    "plugin": "testimonial-plus",
    "details": "[06-May-2025 08:55:56 UTC] PHP Deprecated:  Required parameter $_and_more follows optional parameter $sFieldID2 in /wordpress/wp-content/plugins/text-truncator/include/library/admin-page-framework/factory/AdminPageFramework/AdminPageFramework_Form_Controller.php on line 47",
    "log": "/logs/plugins/t/testimonial-plus/error.json"
  },
  {
    "message": "[06-May-2025 08:57:13 UTC] OpenSSL SSL_connect: SSL_ERROR_SYSCALL in connection to app.thevoicedesigner.com:443 ",
    "level": "INFO",
    "type": "OTHER",
    "test": "ast-sqlite-boot",
    "plugin": "testimonial-plus",
    "details": "[06-May-2025 08:57:13 UTC] OpenSSL SSL_connect: SSL_ERROR_SYSCALL in connection to app.thevoicedesigner.com:443 ",
    "log": "/logs/plugins/t/testimonial-plus/error.json"
  },
  {
    "message": "Uncaught Httpful\\Exception\\ConnectionErrorException: Unable to connect to \"https://app.thevoicedesigner.com/api/apps\": 35 OpenSSL SSL_connect: SSL_ERROR_SYSCALL in connection to app.thevoicedesigner.com:443  in /wordpress/wp-content/plugins/the-voice-designer-by-data-driven-design/vendor/nategood/httpful/src/Httpful/Request.php:1028",
    "level": "FATAL",
    "type": "PHP",
    "test": "ast-sqlite-boot",
    "plugin": "testimonial-plus",
    "details": "[06-May-2025 08:57:13 UTC] PHP Fatal error:  Uncaught Httpful\\Exception\\ConnectionErrorException: Unable to connect to \"https://app.thevoicedesigner.com/api/apps\": 35 OpenSSL SSL_connect: SSL_ERROR_SYSCALL in connection to app.thevoicedesigner.com:443  in /wordpress/wp-content/plugins/the-voice-designer-by-data-driven-design/vendor/nategood/httpful/src/Httpful/Request.php:1028\nStack trace:\n#0 /wordpress/wp-content/plugins/the-voice-designer-by-data-driven-design/vendor/nategood/httpful/src/Httpful/Request.php(204): Httpful\\Request->buildResponse(false)\n#1 /wordpress/wp-content/plugins/the-voice-designer-by-data-driven-design/src/BackendApi.php(53): Httpful\\Request->send()\n#2 /wordpress/wp-content/plugins/the-voice-designer-by-data-driven-design/src/BackendApi.php(32): DataDrivenDesign\\VoiceDesigner\\BackendApi->makeRequest(Object(Httpful\\Request))\n#3 /wordpress/wp-content/plugins/the-voice-designer-by-data-driven-design/src/Plugin.php(16): DataDrivenDesign\\VoiceDesigner\\BackendApi->createApp()\n#4 /wordpress/wp-includes/class-wp-hook.php(324): DataDrivenD in /wordpress/wp-content/plugins/the-voice-designer-by-data-driven-design/vendor/nategood/httpful/src/Httpful/Request.php on line 1028",
    "log": "/logs/plugins/t/testimonial-plus/error.json"
  },
  {
    "message": "[06-May-2025 08:57:22 UTC] OpenSSL SSL_connect: SSL_ERROR_SYSCALL in connection to app.thevoicedesigner.com:443 ",
    "level": "INFO",
    "type": "OTHER",
    "test": "ast-sqlite-boot",
    "plugin": "testimonial-plus",
    "details": "[06-May-2025 08:57:22 UTC] OpenSSL SSL_connect: SSL_ERROR_SYSCALL in connection to app.thevoicedesigner.com:443 ",
    "log": "/logs/plugins/t/testimonial-plus/error.json"
  },
  {
    "message": "Uncaught Httpful\\Exception\\ConnectionErrorException: Unable to connect to \"https://app.thevoicedesigner.com/api/apps\": 35 OpenSSL SSL_connect: SSL_ERROR_SYSCALL in connection to app.thevoicedesigner.com:443  in /wordpress/wp-content/plugins/the-voice-designer-by-data-driven-design/vendor/nategood/httpful/src/Httpful/Request.php:1028",
    "level": "FATAL",
    "type": "PHP",
    "test": "ast-sqlite-boot",
    "plugin": "testimonial-plus",
    "details": "[06-May-2025 08:57:22 UTC] PHP Fatal error:  Uncaught Httpful\\Exception\\ConnectionErrorException: Unable to connect to \"https://app.thevoicedesigner.com/api/apps\": 35 OpenSSL SSL_connect: SSL_ERROR_SYSCALL in connection to app.thevoicedesigner.com:443  in /wordpress/wp-content/plugins/the-voice-designer-by-data-driven-design/vendor/nategood/httpful/src/Httpful/Request.php:1028\nStack trace:\n#0 /wordpress/wp-content/plugins/the-voice-designer-by-data-driven-design/vendor/nategood/httpful/src/Httpful/Request.php(204): Httpful\\Request->buildResponse(false)\n#1 /wordpress/wp-content/plugins/the-voice-designer-by-data-driven-design/src/BackendApi.php(53): Httpful\\Request->send()\n#2 /wordpress/wp-content/plugins/the-voice-designer-by-data-driven-design/src/BackendApi.php(32): DataDrivenDesign\\VoiceDesigner\\BackendApi->makeRequest(Object(Httpful\\Request))\n#3 /wordpress/wp-content/plugins/the-voice-designer-by-data-driven-design/src/Plugin.php(16): DataDrivenDesign\\VoiceDesigner\\BackendApi->createApp()\n#4 /wordpress/wp-includes/class-wp-hook.php(324): DataDrivenD in /wordpress/wp-content/plugins/the-voice-designer-by-data-driven-design/vendor/nategood/httpful/src/Httpful/Request.php on line 1028",
    "log": "/logs/plugins/t/testimonial-plus/error.json"
  },
  {
    "message": "[06-May-2025 08:57:30 UTC] OpenSSL SSL_connect: SSL_ERROR_SYSCALL in connection to app.thevoicedesigner.com:443 ",
    "level": "INFO",
    "type": "OTHER",
    "test": "ast-sqlite-boot",
    "plugin": "testimonial-plus",
    "details": "[06-May-2025 08:57:30 UTC] OpenSSL SSL_connect: SSL_ERROR_SYSCALL in connection to app.thevoicedesigner.com:443 ",
    "log": "/logs/plugins/t/testimonial-plus/error.json"
  },
  {
    "message": "Uncaught Httpful\\Exception\\ConnectionErrorException: Unable to connect to \"https://app.thevoicedesigner.com/api/apps\": 35 OpenSSL SSL_connect: SSL_ERROR_SYSCALL in connection to app.thevoicedesigner.com:443  in /wordpress/wp-content/plugins/the-voice-designer-by-data-driven-design/vendor/nategood/httpful/src/Httpful/Request.php:1028",
    "level": "FATAL",
    "type": "PHP",
    "test": "ast-sqlite-boot",
    "plugin": "testimonial-plus",
    "details": "[06-May-2025 08:57:30 UTC] PHP Fatal error:  Uncaught Httpful\\Exception\\ConnectionErrorException: Unable to connect to \"https://app.thevoicedesigner.com/api/apps\": 35 OpenSSL SSL_connect: SSL_ERROR_SYSCALL in connection to app.thevoicedesigner.com:443  in /wordpress/wp-content/plugins/the-voice-designer-by-data-driven-design/vendor/nategood/httpful/src/Httpful/Request.php:1028\nStack trace:\n#0 /wordpress/wp-content/plugins/the-voice-designer-by-data-driven-design/vendor/nategood/httpful/src/Httpful/Request.php(204): Httpful\\Request->buildResponse(false)\n#1 /wordpress/wp-content/plugins/the-voice-designer-by-data-driven-design/src/BackendApi.php(53): Httpful\\Request->send()\n#2 /wordpress/wp-content/plugins/the-voice-designer-by-data-driven-design/src/BackendApi.php(32): DataDrivenDesign\\VoiceDesigner\\BackendApi->makeRequest(Object(Httpful\\Request))\n#3 /wordpress/wp-content/plugins/the-voice-designer-by-data-driven-design/src/Plugin.php(16): DataDrivenDesign\\VoiceDesigner\\BackendApi->createApp()\n#4 /wordpress/wp-includes/class-wp-hook.php(324): DataDrivenD in /wordpress/wp-content/plugins/the-voice-designer-by-data-driven-design/vendor/nategood/httpful/src/Httpful/Request.php on line 1028",
    "log": "/logs/plugins/t/testimonial-plus/error.json"
  },
  {
    "message": "Trying to access array offset on value of type bool in /wordpress/wp-content/plugins/ticket-press/includes/tp-install.php on line 26",
    "level": "WARNING",
    "type": "PHP",
    "test": "ast-sqlite-boot",
    "plugin": "testimonial-plus",
    "details": "[06-May-2025 08:58:06 UTC] PHP Warning:  Trying to access array offset on value of type bool in /wordpress/wp-content/plugins/ticket-press/includes/tp-install.php on line 26",
    "log": "/logs/plugins/t/testimonial-plus/error.json"
  },
  {
    "message": "Trying to access array offset on value of type bool in /wordpress/wp-content/plugins/ticket-press/includes/tp-install.php on line 39",
    "level": "WARNING",
    "type": "PHP",
    "test": "ast-sqlite-boot",
    "plugin": "testimonial-plus",
    "details": "[06-May-2025 08:58:06 UTC] PHP Warning:  Trying to access array offset on value of type bool in /wordpress/wp-content/plugins/ticket-press/includes/tp-install.php on line 39",
    "log": "/logs/plugins/t/testimonial-plus/error.json"
  },
  {
    "message": "Trying to access array offset on value of type bool in /wordpress/wp-content/plugins/ticket-press/includes/tp-install.php on line 26",
    "level": "WARNING",
    "type": "PHP",
    "test": "ast-sqlite-boot",
    "plugin": "testimonial-plus",
    "details": "[06-May-2025 08:58:16 UTC] PHP Warning:  Trying to access array offset on value of type bool in /wordpress/wp-content/plugins/ticket-press/includes/tp-install.php on line 26",
    "log": "/logs/plugins/t/testimonial-plus/error.json"
  },
  {
    "message": "Trying to access array offset on value of type bool in /wordpress/wp-content/plugins/ticket-press/includes/tp-install.php on line 39",
    "level": "WARNING",
    "type": "PHP",
    "test": "ast-sqlite-boot",
    "plugin": "testimonial-plus",
    "details": "[06-May-2025 08:58:16 UTC] PHP Warning:  Trying to access array offset on value of type bool in /wordpress/wp-content/plugins/ticket-press/includes/tp-install.php on line 39",
    "log": "/logs/plugins/t/testimonial-plus/error.json"
  },
  {
    "message": "Trying to access array offset on value of type bool in /wordpress/wp-content/plugins/ticket-press/includes/tp-install.php on line 26",
    "level": "WARNING",
    "type": "PHP",
    "test": "ast-sqlite-boot",
    "plugin": "testimonial-plus",
    "details": "[06-May-2025 08:58:26 UTC] PHP Warning:  Trying to access array offset on value of type bool in /wordpress/wp-content/plugins/ticket-press/includes/tp-install.php on line 26",
    "log": "/logs/plugins/t/testimonial-plus/error.json"
  },
  {
    "message": "Trying to access array offset on value of type bool in /wordpress/wp-content/plugins/ticket-press/includes/tp-install.php on line 39",
    "level": "WARNING",
    "type": "PHP",
    "test": "ast-sqlite-boot",
    "plugin": "testimonial-plus",
    "details": "[06-May-2025 08:58:26 UTC] PHP Warning:  Trying to access array offset on value of type bool in /wordpress/wp-content/plugins/ticket-press/includes/tp-install.php on line 39",
    "log": "/logs/plugins/t/testimonial-plus/error.json"
  },
  {
    "message": "Function _load_textdomain_just_in_time was called <strong>incorrectly</strong>. Translation loading for the <code>timeline-express</code> domain was triggered too early. This is usually an indicator for some code in the plugin or theme running too early. Translations should be loaded at the <code>init</code> action or later. Please see <a href=\"https://developer.wordpress.org/advanced-administration/debug/debug-wordpress/\">Debugging in WordPress</a> for more information. (This message was added in version 6.7.0.) in /wordpress/wp-includes/functions.php on line 6121",
    "level": "NOTICE",
    "type": "PHP",
    "test": "ast-sqlite-boot",
    "plugin": "testimonial-plus",
    "details": "[06-May-2025 08:59:06 UTC] PHP Notice:  Function _load_textdomain_just_in_time was called <strong>incorrectly</strong>. Translation loading for the <code>timeline-express</code> domain was triggered too early. This is usually an indicator for some code in the plugin or theme running too early. Translations should be loaded at the <code>init</code> action or later. Please see <a href=\"https://developer.wordpress.org/advanced-administration/debug/debug-wordpress/\">Debugging in WordPress</a> for more information. (This message was added in version 6.7.0.) in /wordpress/wp-includes/functions.php on line 6121",
    "log": "/logs/plugins/t/testimonial-plus/error.json"
  },
  {
    "message": "Required parameter $field_id follows optional parameter $type in /wordpress/wp-content/plugins/timeline-express/lib/admin/CMB2/includes/rest-api/CMB2_REST.php on line 693",
    "level": "DEPRECATED",
    "type": "PHP",
    "test": "ast-sqlite-boot",
    "plugin": "testimonial-plus",
    "details": "[06-May-2025 08:59:07 UTC] PHP Deprecated:  Required parameter $field_id follows optional parameter $type in /wordpress/wp-content/plugins/timeline-express/lib/admin/CMB2/includes/rest-api/CMB2_REST.php on line 693",
    "log": "/logs/plugins/t/testimonial-plus/error.json"
  },
  {
    "message": "Function _load_textdomain_just_in_time was called <strong>incorrectly</strong>. Translation loading for the <code>timeline-express</code> domain was triggered too early. This is usually an indicator for some code in the plugin or theme running too early. Translations should be loaded at the <code>init</code> action or later. Please see <a href=\"https://developer.wordpress.org/advanced-administration/debug/debug-wordpress/\">Debugging in WordPress</a> for more information. (This message was added in version 6.7.0.) in /wordpress/wp-includes/functions.php on line 6121",
    "level": "NOTICE",
    "type": "PHP",
    "test": "ast-sqlite-boot",
    "plugin": "testimonial-plus",
    "details": "[06-May-2025 08:59:18 UTC] PHP Notice:  Function _load_textdomain_just_in_time was called <strong>incorrectly</strong>. Translation loading for the <code>timeline-express</code> domain was triggered too early. This is usually an indicator for some code in the plugin or theme running too early. Translations should be loaded at the <code>init</code> action or later. Please see <a href=\"https://developer.wordpress.org/advanced-administration/debug/debug-wordpress/\">Debugging in WordPress</a> for more information. (This message was added in version 6.7.0.) in /wordpress/wp-includes/functions.php on line 6121",
    "log": "/logs/plugins/t/testimonial-plus/error.json"
  },
  {
    "message": "Required parameter $field_id follows optional parameter $type in /wordpress/wp-content/plugins/timeline-express/lib/admin/CMB2/includes/rest-api/CMB2_REST.php on line 693",
    "level": "DEPRECATED",
    "type": "PHP",
    "test": "ast-sqlite-boot",
    "plugin": "testimonial-plus",
    "details": "[06-May-2025 08:59:18 UTC] PHP Deprecated:  Required parameter $field_id follows optional parameter $type in /wordpress/wp-content/plugins/timeline-express/lib/admin/CMB2/includes/rest-api/CMB2_REST.php on line 693",
    "log": "/logs/plugins/t/testimonial-plus/error.json"
  },
  {
    "message": "Function _load_textdomain_just_in_time was called <strong>incorrectly</strong>. Translation loading for the <code>timeline-express</code> domain was triggered too early. This is usually an indicator for some code in the plugin or theme running too early. Translations should be loaded at the <code>init</code> action or later. Please see <a href=\"https://developer.wordpress.org/advanced-administration/debug/debug-wordpress/\">Debugging in WordPress</a> for more information. (This message was added in version 6.7.0.) in /wordpress/wp-includes/functions.php on line 6121",
    "level": "NOTICE",
    "type": "PHP",
    "test": "ast-sqlite-boot",
    "plugin": "testimonial-plus",
    "details": "[06-May-2025 08:59:29 UTC] PHP Notice:  Function _load_textdomain_just_in_time was called <strong>incorrectly</strong>. Translation loading for the <code>timeline-express</code> domain was triggered too early. This is usually an indicator for some code in the plugin or theme running too early. Translations should be loaded at the <code>init</code> action or later. Please see <a href=\"https://developer.wordpress.org/advanced-administration/debug/debug-wordpress/\">Debugging in WordPress</a> for more information. (This message was added in version 6.7.0.) in /wordpress/wp-includes/functions.php on line 6121",
    "log": "/logs/plugins/t/testimonial-plus/error.json"
  },
  {
    "message": "Required parameter $field_id follows optional parameter $type in /wordpress/wp-content/plugins/timeline-express/lib/admin/CMB2/includes/rest-api/CMB2_REST.php on line 693",
    "level": "DEPRECATED",
    "type": "PHP",
    "test": "ast-sqlite-boot",
    "plugin": "testimonial-plus",
    "details": "[06-May-2025 08:59:29 UTC] PHP Deprecated:  Required parameter $field_id follows optional parameter $type in /wordpress/wp-content/plugins/timeline-express/lib/admin/CMB2/includes/rest-api/CMB2_REST.php on line 693",
    "log": "/logs/plugins/t/testimonial-plus/error.json"
  },
  {
    "message": "Undefined variable $wp_version in /wordpress/wp-content/plugins/twitcategory/twitcategory.php on line 107",
    "level": "WARNING",
    "type": "PHP",
    "test": "ast-sqlite-boot",
    "plugin": "testimonial-plus",
    "details": "[06-May-2025 09:00:07 UTC] PHP Warning:  Undefined variable $wp_version in /wordpress/wp-content/plugins/twitcategory/twitcategory.php on line 107",
    "log": "/logs/plugins/t/testimonial-plus/error.json"
  },
  {
    "message": "File upgrade-functions.php is <strong>deprecated</strong> since version 2.5.0! Use wp-admin/includes/upgrade.php instead. in /wordpress/wp-includes/functions.php on line 6121",
    "level": "DEPRECATED",
    "type": "PHP",
    "test": "ast-sqlite-boot",
    "plugin": "testimonial-plus",
    "details": "[06-May-2025 09:00:07 UTC] PHP Deprecated:  File upgrade-functions.php is <strong>deprecated</strong> since version 2.5.0! Use wp-admin/includes/upgrade.php instead. in /wordpress/wp-includes/functions.php on line 6121",
    "log": "/logs/plugins/t/testimonial-plus/error.json"
  },
  {
    "message": "Undefined variable $wp_version in /wordpress/wp-content/plugins/twitcategory/twitcategory.php on line 77",
    "level": "WARNING",
    "type": "PHP",
    "test": "ast-sqlite-boot",
    "plugin": "testimonial-plus",
    "details": "[06-May-2025 09:00:07 UTC] PHP Warning:  Undefined variable $wp_version in /wordpress/wp-content/plugins/twitcategory/twitcategory.php on line 77",
    "log": "/logs/plugins/t/testimonial-plus/error.json"
  },
  {
    "message": "Function wpdb::escape is <strong>deprecated</strong> since version 3.6.0! Use wpdb::prepare() or esc_sql() instead. in /wordpress/wp-includes/functions.php on line 6121",
    "level": "DEPRECATED",
    "type": "PHP",
    "test": "ast-sqlite-boot",
    "plugin": "testimonial-plus",
    "details": "[06-May-2025 09:00:07 UTC] PHP Deprecated:  Function wpdb::escape is <strong>deprecated</strong> since version 3.6.0! Use wpdb::prepare() or esc_sql() instead. in /wordpress/wp-includes/functions.php on line 6121",
    "log": "/logs/plugins/t/testimonial-plus/error.json"
  },
  {
    "message": "Undefined variable $wp_version in /wordpress/wp-content/plugins/twitcategory/twitcategory.php on line 107",
    "level": "WARNING",
    "type": "PHP",
    "test": "ast-sqlite-boot",
    "plugin": "testimonial-plus",
    "details": "[06-May-2025 09:00:17 UTC] PHP Warning:  Undefined variable $wp_version in /wordpress/wp-content/plugins/twitcategory/twitcategory.php on line 107",
    "log": "/logs/plugins/t/testimonial-plus/error.json"
  },
  {
    "message": "File upgrade-functions.php is <strong>deprecated</strong> since version 2.5.0! Use wp-admin/includes/upgrade.php instead. in /wordpress/wp-includes/functions.php on line 6121",
    "level": "DEPRECATED",
    "type": "PHP",
    "test": "ast-sqlite-boot",
    "plugin": "testimonial-plus",
    "details": "[06-May-2025 09:00:17 UTC] PHP Deprecated:  File upgrade-functions.php is <strong>deprecated</strong> since version 2.5.0! Use wp-admin/includes/upgrade.php instead. in /wordpress/wp-includes/functions.php on line 6121",
    "log": "/logs/plugins/t/testimonial-plus/error.json"
  },
  {
    "message": "Undefined variable $wp_version in /wordpress/wp-content/plugins/twitcategory/twitcategory.php on line 77",
    "level": "WARNING",
    "type": "PHP",
    "test": "ast-sqlite-boot",
    "plugin": "testimonial-plus",
    "details": "[06-May-2025 09:00:17 UTC] PHP Warning:  Undefined variable $wp_version in /wordpress/wp-content/plugins/twitcategory/twitcategory.php on line 77",
    "log": "/logs/plugins/t/testimonial-plus/error.json"
  },
  {
    "message": "Function wpdb::escape is <strong>deprecated</strong> since version 3.6.0! Use wpdb::prepare() or esc_sql() instead. in /wordpress/wp-includes/functions.php on line 6121",
    "level": "DEPRECATED",
    "type": "PHP",
    "test": "ast-sqlite-boot",
    "plugin": "testimonial-plus",
    "details": "[06-May-2025 09:00:17 UTC] PHP Deprecated:  Function wpdb::escape is <strong>deprecated</strong> since version 3.6.0! Use wpdb::prepare() or esc_sql() instead. in /wordpress/wp-includes/functions.php on line 6121",
    "log": "/logs/plugins/t/testimonial-plus/error.json"
  },
  {
    "message": "Undefined variable $wp_version in /wordpress/wp-content/plugins/twitcategory/twitcategory.php on line 107",
    "level": "WARNING",
    "type": "PHP",
    "test": "ast-sqlite-boot",
    "plugin": "testimonial-plus",
    "details": "[06-May-2025 09:00:25 UTC] PHP Warning:  Undefined variable $wp_version in /wordpress/wp-content/plugins/twitcategory/twitcategory.php on line 107",
    "log": "/logs/plugins/t/testimonial-plus/error.json"
  },
  {
    "message": "File upgrade-functions.php is <strong>deprecated</strong> since version 2.5.0! Use wp-admin/includes/upgrade.php instead. in /wordpress/wp-includes/functions.php on line 6121",
    "level": "DEPRECATED",
    "type": "PHP",
    "test": "ast-sqlite-boot",
    "plugin": "testimonial-plus",
    "details": "[06-May-2025 09:00:25 UTC] PHP Deprecated:  File upgrade-functions.php is <strong>deprecated</strong> since version 2.5.0! Use wp-admin/includes/upgrade.php instead. in /wordpress/wp-includes/functions.php on line 6121",
    "log": "/logs/plugins/t/testimonial-plus/error.json"
  },
  {
    "message": "Undefined variable $wp_version in /wordpress/wp-content/plugins/twitcategory/twitcategory.php on line 77",
    "level": "WARNING",
    "type": "PHP",
    "test": "ast-sqlite-boot",
    "plugin": "testimonial-plus",
    "details": "[06-May-2025 09:00:25 UTC] PHP Warning:  Undefined variable $wp_version in /wordpress/wp-content/plugins/twitcategory/twitcategory.php on line 77",
    "log": "/logs/plugins/t/testimonial-plus/error.json"
  },
  {
    "message": "Function wpdb::escape is <strong>deprecated</strong> since version 3.6.0! Use wpdb::prepare() or esc_sql() instead. in /wordpress/wp-includes/functions.php on line 6121",
    "level": "DEPRECATED",
    "type": "PHP",
    "test": "ast-sqlite-boot",
    "plugin": "testimonial-plus",
    "details": "[06-May-2025 09:00:25 UTC] PHP Deprecated:  Function wpdb::escape is <strong>deprecated</strong> since version 3.6.0! Use wpdb::prepare() or esc_sql() instead. in /wordpress/wp-includes/functions.php on line 6121",
    "log": "/logs/plugins/t/testimonial-plus/error.json"
  },
  {
    "message": "Attempt to read property \"id\" on null in /wordpress/wp-content/plugins/talentlms/src/Pages/Errors.php on line 74",
    "level": "WARNING",
    "type": "PHP",
    "test": "ast-sqlite-boot",
    "plugin": "testimonial-plus",
    "details": "[06-May-2025 09:02:28 UTC] PHP Warning:  Attempt to read property \"id\" on null in /wordpress/wp-content/plugins/talentlms/src/Pages/Errors.php on line 74",
    "log": "/logs/plugins/t/testimonial-plus/error.json"
  },
  {
    "message": "Function get_page_by_title is <strong>deprecated</strong> since version 6.2.0! Use WP_Query instead. in /wordpress/wp-includes/functions.php on line 6121",
    "level": "DEPRECATED",
    "type": "PHP",
    "test": "ast-sqlite-boot",
    "plugin": "testimonial-plus",
    "details": "[06-May-2025 09:02:29 UTC] PHP Deprecated:  Function get_page_by_title is <strong>deprecated</strong> since version 6.2.0! Use WP_Query instead. in /wordpress/wp-includes/functions.php on line 6121",
    "log": "/logs/plugins/t/testimonial-plus/error.json"
  },
  {
    "message": "Function _load_textdomain_just_in_time was called <strong>incorrectly</strong>. Translation loading for the <code>talentlms</code> domain was triggered too early. This is usually an indicator for some code in the plugin or theme running too early. Translations should be loaded at the <code>init</code> action or later. Please see <a href=\"https://developer.wordpress.org/advanced-administration/debug/debug-wordpress/\">Debugging in WordPress</a> for more information. (This message was added in version 6.7.0.) in /wordpress/wp-includes/functions.php on line 6121",
    "level": "NOTICE",
    "type": "PHP",
    "test": "ast-sqlite-boot",
    "plugin": "testimonial-plus",
    "details": "[06-May-2025 09:02:30 UTC] PHP Notice:  Function _load_textdomain_just_in_time was called <strong>incorrectly</strong>. Translation loading for the <code>talentlms</code> domain was triggered too early. This is usually an indicator for some code in the plugin or theme running too early. Translations should be loaded at the <code>init</code> action or later. Please see <a href=\"https://developer.wordpress.org/advanced-administration/debug/debug-wordpress/\">Debugging in WordPress</a> for more information. (This message was added in version 6.7.0.) in /wordpress/wp-includes/functions.php on line 6121",
    "log": "/logs/plugins/t/testimonial-plus/error.json"
  },
  {
    "message": "Attempt to read property \"id\" on null in /wordpress/wp-content/plugins/talentlms/src/Pages/Errors.php on line 74",
    "level": "WARNING",
    "type": "PHP",
    "test": "ast-sqlite-boot",
    "plugin": "testimonial-plus",
    "details": "[06-May-2025 09:02:30 UTC] PHP Warning:  Attempt to read property \"id\" on null in /wordpress/wp-content/plugins/talentlms/src/Pages/Errors.php on line 74",
    "log": "/logs/plugins/t/testimonial-plus/error.json"
  },
  {
    "message": "Function wp_register_style was called <strong>incorrectly</strong>. Scripts and styles should not be registered or enqueued until the <code>wp_enqueue_scripts</code>, <code>admin_enqueue_scripts</code>, or <code>login_enqueue_scripts</code> hooks. This notice was triggered by the <code>tlms-widget</code> handle. Please see <a href=\"https://developer.wordpress.org/advanced-administration/debug/debug-wordpress/\">Debugging in WordPress</a> for more information. (This message was added in version 3.3.0.) in /wordpress/wp-includes/functions.php on line 6121",
    "level": "NOTICE",
    "type": "PHP",
    "test": "ast-sqlite-boot",
    "plugin": "testimonial-plus",
    "details": "[06-May-2025 09:02:30 UTC] PHP Notice:  Function wp_register_style was called <strong>incorrectly</strong>. Scripts and styles should not be registered or enqueued until the <code>wp_enqueue_scripts</code>, <code>admin_enqueue_scripts</code>, or <code>login_enqueue_scripts</code> hooks. This notice was triggered by the <code>tlms-widget</code> handle. Please see <a href=\"https://developer.wordpress.org/advanced-administration/debug/debug-wordpress/\">Debugging in WordPress</a> for more information. (This message was added in version 3.3.0.) in /wordpress/wp-includes/functions.php on line 6121",
    "log": "/logs/plugins/t/testimonial-plus/error.json"
  },
  {
    "message": "Function is_feed was called <strong>incorrectly</strong>. Conditional query tags do not work before the query is run. Before then, they always return false. Please see <a href=\"https://developer.wordpress.org/advanced-administration/debug/debug-wordpress/\">Debugging in WordPress</a> for more information. (This message was added in version 3.1.0.) in /wordpress/wp-includes/functions.php on line 6121",
    "level": "NOTICE",
    "type": "PHP",
    "test": "ast-sqlite-boot",
    "plugin": "testimonial-plus",
    "details": "[06-May-2025 09:02:30 UTC] PHP Notice:  Function is_feed was called <strong>incorrectly</strong>. Conditional query tags do not work before the query is run. Before then, they always return false. Please see <a href=\"https://developer.wordpress.org/advanced-administration/debug/debug-wordpress/\">Debugging in WordPress</a> for more information. (This message was added in version 3.1.0.) in /wordpress/wp-includes/functions.php on line 6121",
    "log": "/logs/plugins/t/testimonial-plus/error.json"
  },
  {
    "message": "Function wp_enqueue_style was called <strong>incorrectly</strong>. Scripts and styles should not be registered or enqueued until the <code>wp_enqueue_scripts</code>, <code>admin_enqueue_scripts</code>, or <code>login_enqueue_scripts</code> hooks. This notice was triggered by the <code>tlms-widget</code> handle. Please see <a href=\"https://developer.wordpress.org/advanced-administration/debug/debug-wordpress/\">Debugging in WordPress</a> for more information. (This message was added in version 3.3.0.) in /wordpress/wp-includes/functions.php on line 6121",
    "level": "NOTICE",
    "type": "PHP",
    "test": "ast-sqlite-boot",
    "plugin": "testimonial-plus",
    "details": "[06-May-2025 09:02:30 UTC] PHP Notice:  Function wp_enqueue_style was called <strong>incorrectly</strong>. Scripts and styles should not be registered or enqueued until the <code>wp_enqueue_scripts</code>, <code>admin_enqueue_scripts</code>, or <code>login_enqueue_scripts</code> hooks. This notice was triggered by the <code>tlms-widget</code> handle. Please see <a href=\"https://developer.wordpress.org/advanced-administration/debug/debug-wordpress/\">Debugging in WordPress</a> for more information. (This message was added in version 3.3.0.) in /wordpress/wp-includes/functions.php on line 6121",
    "log": "/logs/plugins/t/testimonial-plus/error.json"
  },
  {
    "message": "Attempt to read property \"id\" on null in /wordpress/wp-content/plugins/talentlms/src/Pages/Errors.php on line 74",
    "level": "WARNING",
    "type": "PHP",
    "test": "ast-sqlite-boot",
    "plugin": "testimonial-plus",
    "details": "[06-May-2025 09:02:48 UTC] PHP Warning:  Attempt to read property \"id\" on null in /wordpress/wp-content/plugins/talentlms/src/Pages/Errors.php on line 74",
    "log": "/logs/plugins/t/testimonial-plus/error.json"
  },
  {
    "message": "Function get_page_by_title is <strong>deprecated</strong> since version 6.2.0! Use WP_Query instead. in /wordpress/wp-includes/functions.php on line 6121",
    "level": "DEPRECATED",
    "type": "PHP",
    "test": "ast-sqlite-boot",
    "plugin": "testimonial-plus",
    "details": "[06-May-2025 09:02:48 UTC] PHP Deprecated:  Function get_page_by_title is <strong>deprecated</strong> since version 6.2.0! Use WP_Query instead. in /wordpress/wp-includes/functions.php on line 6121",
    "log": "/logs/plugins/t/testimonial-plus/error.json"
  },
  {
    "message": "Function _load_textdomain_just_in_time was called <strong>incorrectly</strong>. Translation loading for the <code>talentlms</code> domain was triggered too early. This is usually an indicator for some code in the plugin or theme running too early. Translations should be loaded at the <code>init</code> action or later. Please see <a href=\"https://developer.wordpress.org/advanced-administration/debug/debug-wordpress/\">Debugging in WordPress</a> for more information. (This message was added in version 6.7.0.) in /wordpress/wp-includes/functions.php on line 6121",
    "level": "NOTICE",
    "type": "PHP",
    "test": "ast-sqlite-boot",
    "plugin": "testimonial-plus",
    "details": "[06-May-2025 09:02:49 UTC] PHP Notice:  Function _load_textdomain_just_in_time was called <strong>incorrectly</strong>. Translation loading for the <code>talentlms</code> domain was triggered too early. This is usually an indicator for some code in the plugin or theme running too early. Translations should be loaded at the <code>init</code> action or later. Please see <a href=\"https://developer.wordpress.org/advanced-administration/debug/debug-wordpress/\">Debugging in WordPress</a> for more information. (This message was added in version 6.7.0.) in /wordpress/wp-includes/functions.php on line 6121",
    "log": "/logs/plugins/t/testimonial-plus/error.json"
  },
  {
    "message": "Attempt to read property \"id\" on null in /wordpress/wp-content/plugins/talentlms/src/Pages/Errors.php on line 74",
    "level": "WARNING",
    "type": "PHP",
    "test": "ast-sqlite-boot",
    "plugin": "testimonial-plus",
    "details": "[06-May-2025 09:02:49 UTC] PHP Warning:  Attempt to read property \"id\" on null in /wordpress/wp-content/plugins/talentlms/src/Pages/Errors.php on line 74",
    "log": "/logs/plugins/t/testimonial-plus/error.json"
  },
  {
    "message": "Function wp_register_style was called <strong>incorrectly</strong>. Scripts and styles should not be registered or enqueued until the <code>wp_enqueue_scripts</code>, <code>admin_enqueue_scripts</code>, or <code>login_enqueue_scripts</code> hooks. This notice was triggered by the <code>tlms-widget</code> handle. Please see <a href=\"https://developer.wordpress.org/advanced-administration/debug/debug-wordpress/\">Debugging in WordPress</a> for more information. (This message was added in version 3.3.0.) in /wordpress/wp-includes/functions.php on line 6121",
    "level": "NOTICE",
    "type": "PHP",
    "test": "ast-sqlite-boot",
    "plugin": "testimonial-plus",
    "details": "[06-May-2025 09:02:49 UTC] PHP Notice:  Function wp_register_style was called <strong>incorrectly</strong>. Scripts and styles should not be registered or enqueued until the <code>wp_enqueue_scripts</code>, <code>admin_enqueue_scripts</code>, or <code>login_enqueue_scripts</code> hooks. This notice was triggered by the <code>tlms-widget</code> handle. Please see <a href=\"https://developer.wordpress.org/advanced-administration/debug/debug-wordpress/\">Debugging in WordPress</a> for more information. (This message was added in version 3.3.0.) in /wordpress/wp-includes/functions.php on line 6121",
    "log": "/logs/plugins/t/testimonial-plus/error.json"
  },
  {
    "message": "Function is_feed was called <strong>incorrectly</strong>. Conditional query tags do not work before the query is run. Before then, they always return false. Please see <a href=\"https://developer.wordpress.org/advanced-administration/debug/debug-wordpress/\">Debugging in WordPress</a> for more information. (This message was added in version 3.1.0.) in /wordpress/wp-includes/functions.php on line 6121",
    "level": "NOTICE",
    "type": "PHP",
    "test": "ast-sqlite-boot",
    "plugin": "testimonial-plus",
    "details": "[06-May-2025 09:02:49 UTC] PHP Notice:  Function is_feed was called <strong>incorrectly</strong>. Conditional query tags do not work before the query is run. Before then, they always return false. Please see <a href=\"https://developer.wordpress.org/advanced-administration/debug/debug-wordpress/\">Debugging in WordPress</a> for more information. (This message was added in version 3.1.0.) in /wordpress/wp-includes/functions.php on line 6121",
    "log": "/logs/plugins/t/testimonial-plus/error.json"
  },
  {
    "message": "Function wp_enqueue_style was called <strong>incorrectly</strong>. Scripts and styles should not be registered or enqueued until the <code>wp_enqueue_scripts</code>, <code>admin_enqueue_scripts</code>, or <code>login_enqueue_scripts</code> hooks. This notice was triggered by the <code>tlms-widget</code> handle. Please see <a href=\"https://developer.wordpress.org/advanced-administration/debug/debug-wordpress/\">Debugging in WordPress</a> for more information. (This message was added in version 3.3.0.) in /wordpress/wp-includes/functions.php on line 6121",
    "level": "NOTICE",
    "type": "PHP",
    "test": "ast-sqlite-boot",
    "plugin": "testimonial-plus",
    "details": "[06-May-2025 09:02:49 UTC] PHP Notice:  Function wp_enqueue_style was called <strong>incorrectly</strong>. Scripts and styles should not be registered or enqueued until the <code>wp_enqueue_scripts</code>, <code>admin_enqueue_scripts</code>, or <code>login_enqueue_scripts</code> hooks. This notice was triggered by the <code>tlms-widget</code> handle. Please see <a href=\"https://developer.wordpress.org/advanced-administration/debug/debug-wordpress/\">Debugging in WordPress</a> for more information. (This message was added in version 3.3.0.) in /wordpress/wp-includes/functions.php on line 6121",
    "log": "/logs/plugins/t/testimonial-plus/error.json"
  },
  {
    "message": "Attempt to read property \"id\" on null in /wordpress/wp-content/plugins/talentlms/src/Pages/Errors.php on line 74",
    "level": "WARNING",
    "type": "PHP",
    "test": "ast-sqlite-boot",
    "plugin": "testimonial-plus",
    "details": "[06-May-2025 09:03:06 UTC] PHP Warning:  Attempt to read property \"id\" on null in /wordpress/wp-content/plugins/talentlms/src/Pages/Errors.php on line 74",
    "log": "/logs/plugins/t/testimonial-plus/error.json"
  },
  {
    "message": "Function get_page_by_title is <strong>deprecated</strong> since version 6.2.0! Use WP_Query instead. in /wordpress/wp-includes/functions.php on line 6121",
    "level": "DEPRECATED",
    "type": "PHP",
    "test": "ast-sqlite-boot",
    "plugin": "testimonial-plus",
    "details": "[06-May-2025 09:03:07 UTC] PHP Deprecated:  Function get_page_by_title is <strong>deprecated</strong> since version 6.2.0! Use WP_Query instead. in /wordpress/wp-includes/functions.php on line 6121",
    "log": "/logs/plugins/t/testimonial-plus/error.json"
  },
  {
    "message": "Function _load_textdomain_just_in_time was called <strong>incorrectly</strong>. Translation loading for the <code>talentlms</code> domain was triggered too early. This is usually an indicator for some code in the plugin or theme running too early. Translations should be loaded at the <code>init</code> action or later. Please see <a href=\"https://developer.wordpress.org/advanced-administration/debug/debug-wordpress/\">Debugging in WordPress</a> for more information. (This message was added in version 6.7.0.) in /wordpress/wp-includes/functions.php on line 6121",
    "level": "NOTICE",
    "type": "PHP",
    "test": "ast-sqlite-boot",
    "plugin": "testimonial-plus",
    "details": "[06-May-2025 09:03:08 UTC] PHP Notice:  Function _load_textdomain_just_in_time was called <strong>incorrectly</strong>. Translation loading for the <code>talentlms</code> domain was triggered too early. This is usually an indicator for some code in the plugin or theme running too early. Translations should be loaded at the <code>init</code> action or later. Please see <a href=\"https://developer.wordpress.org/advanced-administration/debug/debug-wordpress/\">Debugging in WordPress</a> for more information. (This message was added in version 6.7.0.) in /wordpress/wp-includes/functions.php on line 6121",
    "log": "/logs/plugins/t/testimonial-plus/error.json"
  },
  {
    "message": "Attempt to read property \"id\" on null in /wordpress/wp-content/plugins/talentlms/src/Pages/Errors.php on line 74",
    "level": "WARNING",
    "type": "PHP",
    "test": "ast-sqlite-boot",
    "plugin": "testimonial-plus",
    "details": "[06-May-2025 09:03:08 UTC] PHP Warning:  Attempt to read property \"id\" on null in /wordpress/wp-content/plugins/talentlms/src/Pages/Errors.php on line 74",
    "log": "/logs/plugins/t/testimonial-plus/error.json"
  },
  {
    "message": "Function wp_register_style was called <strong>incorrectly</strong>. Scripts and styles should not be registered or enqueued until the <code>wp_enqueue_scripts</code>, <code>admin_enqueue_scripts</code>, or <code>login_enqueue_scripts</code> hooks. This notice was triggered by the <code>tlms-widget</code> handle. Please see <a href=\"https://developer.wordpress.org/advanced-administration/debug/debug-wordpress/\">Debugging in WordPress</a> for more information. (This message was added in version 3.3.0.) in /wordpress/wp-includes/functions.php on line 6121",
    "level": "NOTICE",
    "type": "PHP",
    "test": "ast-sqlite-boot",
    "plugin": "testimonial-plus",
    "details": "[06-May-2025 09:03:08 UTC] PHP Notice:  Function wp_register_style was called <strong>incorrectly</strong>. Scripts and styles should not be registered or enqueued until the <code>wp_enqueue_scripts</code>, <code>admin_enqueue_scripts</code>, or <code>login_enqueue_scripts</code> hooks. This notice was triggered by the <code>tlms-widget</code> handle. Please see <a href=\"https://developer.wordpress.org/advanced-administration/debug/debug-wordpress/\">Debugging in WordPress</a> for more information. (This message was added in version 3.3.0.) in /wordpress/wp-includes/functions.php on line 6121",
    "log": "/logs/plugins/t/testimonial-plus/error.json"
  },
  {
    "message": "Function is_feed was called <strong>incorrectly</strong>. Conditional query tags do not work before the query is run. Before then, they always return false. Please see <a href=\"https://developer.wordpress.org/advanced-administration/debug/debug-wordpress/\">Debugging in WordPress</a> for more information. (This message was added in version 3.1.0.) in /wordpress/wp-includes/functions.php on line 6121",
    "level": "NOTICE",
    "type": "PHP",
    "test": "ast-sqlite-boot",
    "plugin": "testimonial-plus",
    "details": "[06-May-2025 09:03:08 UTC] PHP Notice:  Function is_feed was called <strong>incorrectly</strong>. Conditional query tags do not work before the query is run. Before then, they always return false. Please see <a href=\"https://developer.wordpress.org/advanced-administration/debug/debug-wordpress/\">Debugging in WordPress</a> for more information. (This message was added in version 3.1.0.) in /wordpress/wp-includes/functions.php on line 6121",
    "log": "/logs/plugins/t/testimonial-plus/error.json"
  },
  {
    "message": "Function wp_enqueue_style was called <strong>incorrectly</strong>. Scripts and styles should not be registered or enqueued until the <code>wp_enqueue_scripts</code>, <code>admin_enqueue_scripts</code>, or <code>login_enqueue_scripts</code> hooks. This notice was triggered by the <code>tlms-widget</code> handle. Please see <a href=\"https://developer.wordpress.org/advanced-administration/debug/debug-wordpress/\">Debugging in WordPress</a> for more information. (This message was added in version 3.3.0.) in /wordpress/wp-includes/functions.php on line 6121",
    "level": "NOTICE",
    "type": "PHP",
    "test": "ast-sqlite-boot",
    "plugin": "testimonial-plus",
    "details": "[06-May-2025 09:03:08 UTC] PHP Notice:  Function wp_enqueue_style was called <strong>incorrectly</strong>. Scripts and styles should not be registered or enqueued until the <code>wp_enqueue_scripts</code>, <code>admin_enqueue_scripts</code>, or <code>login_enqueue_scripts</code> hooks. This notice was triggered by the <code>tlms-widget</code> handle. Please see <a href=\"https://developer.wordpress.org/advanced-administration/debug/debug-wordpress/\">Debugging in WordPress</a> for more information. (This message was added in version 3.3.0.) in /wordpress/wp-includes/functions.php on line 6121\n\n    at Object.onBind (file:///home/runner/work/playground-tester/playground-tester/node_modules/@wp-playground/cli/index.js:237:15)\n    at process.processTicksAndRejections (node:internal/process/task_queues:105:5)\n    at async V (file:///home/runner/work/playground-tester/playground-tester/node_modules/@wp-playground/cli/index.js:64:10)\n    at async ja (file:///home/runner/work/playground-tester/playground-tester/node_modules/@wp-playground/cli/cli.js:8161:12) {\n  [cause]: Error: Error when executing the blueprint step #5 ({\"step\":\"installPlugin\",\"pluginData\":{\"resource\":\"wordpress.org/plugins\",\"slug\":\"testimonial-plus\"},\"options\":{\"activate\":true}}) : Could not download \"https://downloads.wordpress.org/plugin/testimonial-plus.latest-stable.zip\".\n  \t\t\t\tCheck if the URL is correct and the server is reachable.\n  \t\t\t\tIf it is reachable, the server might be blocking the request.\n  \t\t\t\tCheck the browser console and network tabs for more information.\n  \n  \t\t\t\t## Does the console show the error \"No 'Access-Control-Allow-Origin' header\"?\n  \n  \t\t\t\tThis means the server that hosts your file does not allow requests from other sites\n  \t\t\t\t(cross-origin requests, or CORS).\tYou need to move the asset to a server that allows\n  \t\t\t\tcross-origin file downloads. Learn more about CORS at\n  \t\t\t\thttps://developer.mozilla.org/en-US/docs/Web/HTTP/CORS.\n  \n  \t\t\t\tIf your file is on GitHub, load it from \"raw.githubusercontent.com\".\n  \t\t\t\tHere's how to do that:\n  \n  \t\t\t\t1. Start with the original GitHub URL of the file. For example:\n  \t\t\t\thttps://github.com/username/repository/blob/branch/filename.\n  \t\t\t\t2. Replace \"github.com\" with \"raw.githubusercontent.com\".\n  \t\t\t\t3. Remove the \"/blob/\" part of the URL.\n  \n  \t\t\t\tThe resulting URL should look like this:\n  \t\t\t\thttps://raw.githubusercontent.com/username/repository/branch/filename\n  \n  \t\t\t\tError:\n  \t\t\t\tError: Could not download \"https://downloads.wordpress.org/plugin/testimonial-plus.latest-stable.zip\"\n      at Object.run (file:///home/runner/work/playground-tester/playground-tester/node_modules/@wp-playground/blueprints/index.js:12449:19)\n      at process.processTicksAndRejections (node:internal/process/task_queues:105:5)\n      at async ms (file:///home/runner/work/playground-tester/playground-tester/node_modules/@wp-playground/blueprints/index.js:12552:3)\n      at async Object.onBind (file:///home/runner/work/playground-tester/playground-tester/node_modules/@wp-playground/cli/index.js:227:48)\n      at async V (file:///home/runner/work/playground-tester/playground-tester/node_modules/@wp-playground/cli/index.js:64:10)\n      at async ja (file:///home/runner/work/playground-tester/playground-tester/node_modules/@wp-playground/cli/cli.js:8161:12) {\n    [cause]: Error: Could not download \"https://downloads.wordpress.org/plugin/testimonial-plus.latest-stable.zip\".\n    \t\t\t\tCheck if the URL is correct and the server is reachable.\n    \t\t\t\tIf it is reachable, the server might be blocking the request.\n    \t\t\t\tCheck the browser console and network tabs for more information.\n    \n    \t\t\t\t## Does the console show the error \"No 'Access-Control-Allow-Origin' header\"?\n    \n    \t\t\t\tThis means the server that hosts your file does not allow requests from other sites\n    \t\t\t\t(cross-origin requests, or CORS).\tYou need to move the asset to a server that allows\n    \t\t\t\tcross-origin file downloads. Learn more about CORS at\n    \t\t\t\thttps://developer.mozilla.org/en-US/docs/Web/HTTP/CORS.\n    \n    \t\t\t\tIf your file is on GitHub, load it from \"raw.githubusercontent.com\".\n    \t\t\t\tHere's how to do that:\n    \n    \t\t\t\t1. Start with the original GitHub URL of the file. For example:\n    \t\t\t\thttps://github.com/username/repository/blob/branch/filename.\n    \t\t\t\t2. Replace \"github.com\" with \"raw.githubusercontent.com\".\n    \t\t\t\t3. Remove the \"/blob/\" part of the URL.\n    \n    \t\t\t\tThe resulting URL should look like this:\n    \t\t\t\thttps://raw.githubusercontent.com/username/repository/branch/filename\n    \n    \t\t\t\tError:\n    \t\t\t\tError: Could not download \"https://downloads.wordpress.org/plugin/testimonial-plus.latest-stable.zip\"\n        at Ct.resolve (file:///home/runner/work/playground-tester/playground-tester/node_modules/@wp-playground/blueprints/index.js:1472:13)\n        at process.processTicksAndRejections (node:internal/process/task_queues:105:5)\n        at async _.run (file:///home/runner/work/playground-tester/playground-tester/node_modules/@php-wasm/util/index.js:45:14)\n  }\n}\n\n",
    "log": "/logs/plugins/t/testimonial-plus/error.json"
  },
  {
    "message": "file:///home/runner/work/playground-tester/playground-tester/node_modules/@wp-playground/cli/index.js:237\n        throw new Error(y, { cause: u });\n              ^\n",
    "level": "FATAL",
    "type": "PLAYGROUND",
    "test": "asyncify-boot",
    "plugin": "testimonial-plus",
    "details": "file:///home/runner/work/playground-tester/playground-tester/node_modules/@wp-playground/cli/index.js:237\n        throw new Error(y, { cause: u });\n              ^\n",
    "log": "/tmp/tmp.GFtdajHMsQ"
  },
  {
    "message": "Required parameter $_and_more follows optional parameter $sFieldID2 in /wordpress/wp-content/plugins/text-truncator/include/library/admin-page-framework/factory/AdminPageFramework/AdminPageFramework_Form_Controller.php on line 47",
    "level": "DEPRECATED",
    "type": "PHP",
    "test": "asyncify-boot",
    "plugin": "testimonial-plus",
    "details": "[06-May-2025 08:55:36 UTC] PHP Deprecated:  Required parameter $_and_more follows optional parameter $sFieldID2 in /wordpress/wp-content/plugins/text-truncator/include/library/admin-page-framework/factory/AdminPageFramework/AdminPageFramework_Form_Controller.php on line 47",
    "log": "/logs/plugins/t/testimonial-plus/error.json"
  },
  {
    "message": "Required parameter $_and_more follows optional parameter $sFieldID2 in /wordpress/wp-content/plugins/text-truncator/include/library/admin-page-framework/factory/AdminPageFramework/AdminPageFramework_Form_Controller.php on line 47",
    "level": "DEPRECATED",
    "type": "PHP",
    "test": "asyncify-boot",
    "plugin": "testimonial-plus",
    "details": "[06-May-2025 08:55:46 UTC] PHP Deprecated:  Required parameter $_and_more follows optional parameter $sFieldID2 in /wordpress/wp-content/plugins/text-truncator/include/library/admin-page-framework/factory/AdminPageFramework/AdminPageFramework_Form_Controller.php on line 47",
    "log": "/logs/plugins/t/testimonial-plus/error.json"
  },
  {
    "message": "Required parameter $_and_more follows optional parameter $sFieldID2 in /wordpress/wp-content/plugins/text-truncator/include/library/admin-page-framework/factory/AdminPageFramework/AdminPageFramework_Form_Controller.php on line 47",
    "level": "DEPRECATED",
    "type": "PHP",
    "test": "asyncify-boot",
    "plugin": "testimonial-plus",
    "details": "[06-May-2025 08:55:56 UTC] PHP Deprecated:  Required parameter $_and_more follows optional parameter $sFieldID2 in /wordpress/wp-content/plugins/text-truncator/include/library/admin-page-framework/factory/AdminPageFramework/AdminPageFramework_Form_Controller.php on line 47",
    "log": "/logs/plugins/t/testimonial-plus/error.json"
  },
  {
    "message": "[06-May-2025 08:57:13 UTC] OpenSSL SSL_connect: SSL_ERROR_SYSCALL in connection to app.thevoicedesigner.com:443 ",
    "level": "INFO",
    "type": "OTHER",
    "test": "asyncify-boot",
    "plugin": "testimonial-plus",
    "details": "[06-May-2025 08:57:13 UTC] OpenSSL SSL_connect: SSL_ERROR_SYSCALL in connection to app.thevoicedesigner.com:443 ",
    "log": "/logs/plugins/t/testimonial-plus/error.json"
  },
  {
    "message": "Uncaught Httpful\\Exception\\ConnectionErrorException: Unable to connect to \"https://app.thevoicedesigner.com/api/apps\": 35 OpenSSL SSL_connect: SSL_ERROR_SYSCALL in connection to app.thevoicedesigner.com:443  in /wordpress/wp-content/plugins/the-voice-designer-by-data-driven-design/vendor/nategood/httpful/src/Httpful/Request.php:1028",
    "level": "FATAL",
    "type": "PHP",
    "test": "asyncify-boot",
    "plugin": "testimonial-plus",
    "details": "[06-May-2025 08:57:13 UTC] PHP Fatal error:  Uncaught Httpful\\Exception\\ConnectionErrorException: Unable to connect to \"https://app.thevoicedesigner.com/api/apps\": 35 OpenSSL SSL_connect: SSL_ERROR_SYSCALL in connection to app.thevoicedesigner.com:443  in /wordpress/wp-content/plugins/the-voice-designer-by-data-driven-design/vendor/nategood/httpful/src/Httpful/Request.php:1028\nStack trace:\n#0 /wordpress/wp-content/plugins/the-voice-designer-by-data-driven-design/vendor/nategood/httpful/src/Httpful/Request.php(204): Httpful\\Request->buildResponse(false)\n#1 /wordpress/wp-content/plugins/the-voice-designer-by-data-driven-design/src/BackendApi.php(53): Httpful\\Request->send()\n#2 /wordpress/wp-content/plugins/the-voice-designer-by-data-driven-design/src/BackendApi.php(32): DataDrivenDesign\\VoiceDesigner\\BackendApi->makeRequest(Object(Httpful\\Request))\n#3 /wordpress/wp-content/plugins/the-voice-designer-by-data-driven-design/src/Plugin.php(16): DataDrivenDesign\\VoiceDesigner\\BackendApi->createApp()\n#4 /wordpress/wp-includes/class-wp-hook.php(324): DataDrivenD in /wordpress/wp-content/plugins/the-voice-designer-by-data-driven-design/vendor/nategood/httpful/src/Httpful/Request.php on line 1028",
    "log": "/logs/plugins/t/testimonial-plus/error.json"
  },
  {
    "message": "[06-May-2025 08:57:22 UTC] OpenSSL SSL_connect: SSL_ERROR_SYSCALL in connection to app.thevoicedesigner.com:443 ",
    "level": "INFO",
    "type": "OTHER",
    "test": "asyncify-boot",
    "plugin": "testimonial-plus",
    "details": "[06-May-2025 08:57:22 UTC] OpenSSL SSL_connect: SSL_ERROR_SYSCALL in connection to app.thevoicedesigner.com:443 ",
    "log": "/logs/plugins/t/testimonial-plus/error.json"
  },
  {
    "message": "Uncaught Httpful\\Exception\\ConnectionErrorException: Unable to connect to \"https://app.thevoicedesigner.com/api/apps\": 35 OpenSSL SSL_connect: SSL_ERROR_SYSCALL in connection to app.thevoicedesigner.com:443  in /wordpress/wp-content/plugins/the-voice-designer-by-data-driven-design/vendor/nategood/httpful/src/Httpful/Request.php:1028",
    "level": "FATAL",
    "type": "PHP",
    "test": "asyncify-boot",
    "plugin": "testimonial-plus",
    "details": "[06-May-2025 08:57:22 UTC] PHP Fatal error:  Uncaught Httpful\\Exception\\ConnectionErrorException: Unable to connect to \"https://app.thevoicedesigner.com/api/apps\": 35 OpenSSL SSL_connect: SSL_ERROR_SYSCALL in connection to app.thevoicedesigner.com:443  in /wordpress/wp-content/plugins/the-voice-designer-by-data-driven-design/vendor/nategood/httpful/src/Httpful/Request.php:1028\nStack trace:\n#0 /wordpress/wp-content/plugins/the-voice-designer-by-data-driven-design/vendor/nategood/httpful/src/Httpful/Request.php(204): Httpful\\Request->buildResponse(false)\n#1 /wordpress/wp-content/plugins/the-voice-designer-by-data-driven-design/src/BackendApi.php(53): Httpful\\Request->send()\n#2 /wordpress/wp-content/plugins/the-voice-designer-by-data-driven-design/src/BackendApi.php(32): DataDrivenDesign\\VoiceDesigner\\BackendApi->makeRequest(Object(Httpful\\Request))\n#3 /wordpress/wp-content/plugins/the-voice-designer-by-data-driven-design/src/Plugin.php(16): DataDrivenDesign\\VoiceDesigner\\BackendApi->createApp()\n#4 /wordpress/wp-includes/class-wp-hook.php(324): DataDrivenD in /wordpress/wp-content/plugins/the-voice-designer-by-data-driven-design/vendor/nategood/httpful/src/Httpful/Request.php on line 1028",
    "log": "/logs/plugins/t/testimonial-plus/error.json"
  },
  {
    "message": "[06-May-2025 08:57:30 UTC] OpenSSL SSL_connect: SSL_ERROR_SYSCALL in connection to app.thevoicedesigner.com:443 ",
    "level": "INFO",
    "type": "OTHER",
    "test": "asyncify-boot",
    "plugin": "testimonial-plus",
    "details": "[06-May-2025 08:57:30 UTC] OpenSSL SSL_connect: SSL_ERROR_SYSCALL in connection to app.thevoicedesigner.com:443 ",
    "log": "/logs/plugins/t/testimonial-plus/error.json"
  },
  {
    "message": "Uncaught Httpful\\Exception\\ConnectionErrorException: Unable to connect to \"https://app.thevoicedesigner.com/api/apps\": 35 OpenSSL SSL_connect: SSL_ERROR_SYSCALL in connection to app.thevoicedesigner.com:443  in /wordpress/wp-content/plugins/the-voice-designer-by-data-driven-design/vendor/nategood/httpful/src/Httpful/Request.php:1028",
    "level": "FATAL",
    "type": "PHP",
    "test": "asyncify-boot",
    "plugin": "testimonial-plus",
    "details": "[06-May-2025 08:57:30 UTC] PHP Fatal error:  Uncaught Httpful\\Exception\\ConnectionErrorException: Unable to connect to \"https://app.thevoicedesigner.com/api/apps\": 35 OpenSSL SSL_connect: SSL_ERROR_SYSCALL in connection to app.thevoicedesigner.com:443  in /wordpress/wp-content/plugins/the-voice-designer-by-data-driven-design/vendor/nategood/httpful/src/Httpful/Request.php:1028\nStack trace:\n#0 /wordpress/wp-content/plugins/the-voice-designer-by-data-driven-design/vendor/nategood/httpful/src/Httpful/Request.php(204): Httpful\\Request->buildResponse(false)\n#1 /wordpress/wp-content/plugins/the-voice-designer-by-data-driven-design/src/BackendApi.php(53): Httpful\\Request->send()\n#2 /wordpress/wp-content/plugins/the-voice-designer-by-data-driven-design/src/BackendApi.php(32): DataDrivenDesign\\VoiceDesigner\\BackendApi->makeRequest(Object(Httpful\\Request))\n#3 /wordpress/wp-content/plugins/the-voice-designer-by-data-driven-design/src/Plugin.php(16): DataDrivenDesign\\VoiceDesigner\\BackendApi->createApp()\n#4 /wordpress/wp-includes/class-wp-hook.php(324): DataDrivenD in /wordpress/wp-content/plugins/the-voice-designer-by-data-driven-design/vendor/nategood/httpful/src/Httpful/Request.php on line 1028",
    "log": "/logs/plugins/t/testimonial-plus/error.json"
  },
  {
    "message": "Trying to access array offset on value of type bool in /wordpress/wp-content/plugins/ticket-press/includes/tp-install.php on line 26",
    "level": "WARNING",
    "type": "PHP",
    "test": "asyncify-boot",
    "plugin": "testimonial-plus",
    "details": "[06-May-2025 08:58:06 UTC] PHP Warning:  Trying to access array offset on value of type bool in /wordpress/wp-content/plugins/ticket-press/includes/tp-install.php on line 26",
    "log": "/logs/plugins/t/testimonial-plus/error.json"
  },
  {
    "message": "Trying to access array offset on value of type bool in /wordpress/wp-content/plugins/ticket-press/includes/tp-install.php on line 39",
    "level": "WARNING",
    "type": "PHP",
    "test": "asyncify-boot",
    "plugin": "testimonial-plus",
    "details": "[06-May-2025 08:58:06 UTC] PHP Warning:  Trying to access array offset on value of type bool in /wordpress/wp-content/plugins/ticket-press/includes/tp-install.php on line 39",
    "log": "/logs/plugins/t/testimonial-plus/error.json"
  },
  {
    "message": "Trying to access array offset on value of type bool in /wordpress/wp-content/plugins/ticket-press/includes/tp-install.php on line 26",
    "level": "WARNING",
    "type": "PHP",
    "test": "asyncify-boot",
    "plugin": "testimonial-plus",
    "details": "[06-May-2025 08:58:16 UTC] PHP Warning:  Trying to access array offset on value of type bool in /wordpress/wp-content/plugins/ticket-press/includes/tp-install.php on line 26",
    "log": "/logs/plugins/t/testimonial-plus/error.json"
  },
  {
    "message": "Trying to access array offset on value of type bool in /wordpress/wp-content/plugins/ticket-press/includes/tp-install.php on line 39",
    "level": "WARNING",
    "type": "PHP",
    "test": "asyncify-boot",
    "plugin": "testimonial-plus",
    "details": "[06-May-2025 08:58:16 UTC] PHP Warning:  Trying to access array offset on value of type bool in /wordpress/wp-content/plugins/ticket-press/includes/tp-install.php on line 39",
    "log": "/logs/plugins/t/testimonial-plus/error.json"
  },
  {
    "message": "Trying to access array offset on value of type bool in /wordpress/wp-content/plugins/ticket-press/includes/tp-install.php on line 26",
    "level": "WARNING",
    "type": "PHP",
    "test": "asyncify-boot",
    "plugin": "testimonial-plus",
    "details": "[06-May-2025 08:58:26 UTC] PHP Warning:  Trying to access array offset on value of type bool in /wordpress/wp-content/plugins/ticket-press/includes/tp-install.php on line 26",
    "log": "/logs/plugins/t/testimonial-plus/error.json"
  },
  {
    "message": "Trying to access array offset on value of type bool in /wordpress/wp-content/plugins/ticket-press/includes/tp-install.php on line 39",
    "level": "WARNING",
    "type": "PHP",
    "test": "asyncify-boot",
    "plugin": "testimonial-plus",
    "details": "[06-May-2025 08:58:26 UTC] PHP Warning:  Trying to access array offset on value of type bool in /wordpress/wp-content/plugins/ticket-press/includes/tp-install.php on line 39",
    "log": "/logs/plugins/t/testimonial-plus/error.json"
  },
  {
    "message": "Function _load_textdomain_just_in_time was called <strong>incorrectly</strong>. Translation loading for the <code>timeline-express</code> domain was triggered too early. This is usually an indicator for some code in the plugin or theme running too early. Translations should be loaded at the <code>init</code> action or later. Please see <a href=\"https://developer.wordpress.org/advanced-administration/debug/debug-wordpress/\">Debugging in WordPress</a> for more information. (This message was added in version 6.7.0.) in /wordpress/wp-includes/functions.php on line 6121",
    "level": "NOTICE",
    "type": "PHP",
    "test": "asyncify-boot",
    "plugin": "testimonial-plus",
    "details": "[06-May-2025 08:59:06 UTC] PHP Notice:  Function _load_textdomain_just_in_time was called <strong>incorrectly</strong>. Translation loading for the <code>timeline-express</code> domain was triggered too early. This is usually an indicator for some code in the plugin or theme running too early. Translations should be loaded at the <code>init</code> action or later. Please see <a href=\"https://developer.wordpress.org/advanced-administration/debug/debug-wordpress/\">Debugging in WordPress</a> for more information. (This message was added in version 6.7.0.) in /wordpress/wp-includes/functions.php on line 6121",
    "log": "/logs/plugins/t/testimonial-plus/error.json"
  },
  {
    "message": "Required parameter $field_id follows optional parameter $type in /wordpress/wp-content/plugins/timeline-express/lib/admin/CMB2/includes/rest-api/CMB2_REST.php on line 693",
    "level": "DEPRECATED",
    "type": "PHP",
    "test": "asyncify-boot",
    "plugin": "testimonial-plus",
    "details": "[06-May-2025 08:59:07 UTC] PHP Deprecated:  Required parameter $field_id follows optional parameter $type in /wordpress/wp-content/plugins/timeline-express/lib/admin/CMB2/includes/rest-api/CMB2_REST.php on line 693",
    "log": "/logs/plugins/t/testimonial-plus/error.json"
  },
  {
    "message": "Function _load_textdomain_just_in_time was called <strong>incorrectly</strong>. Translation loading for the <code>timeline-express</code> domain was triggered too early. This is usually an indicator for some code in the plugin or theme running too early. Translations should be loaded at the <code>init</code> action or later. Please see <a href=\"https://developer.wordpress.org/advanced-administration/debug/debug-wordpress/\">Debugging in WordPress</a> for more information. (This message was added in version 6.7.0.) in /wordpress/wp-includes/functions.php on line 6121",
    "level": "NOTICE",
    "type": "PHP",
    "test": "asyncify-boot",
    "plugin": "testimonial-plus",
    "details": "[06-May-2025 08:59:18 UTC] PHP Notice:  Function _load_textdomain_just_in_time was called <strong>incorrectly</strong>. Translation loading for the <code>timeline-express</code> domain was triggered too early. This is usually an indicator for some code in the plugin or theme running too early. Translations should be loaded at the <code>init</code> action or later. Please see <a href=\"https://developer.wordpress.org/advanced-administration/debug/debug-wordpress/\">Debugging in WordPress</a> for more information. (This message was added in version 6.7.0.) in /wordpress/wp-includes/functions.php on line 6121",
    "log": "/logs/plugins/t/testimonial-plus/error.json"
  },
  {
    "message": "Required parameter $field_id follows optional parameter $type in /wordpress/wp-content/plugins/timeline-express/lib/admin/CMB2/includes/rest-api/CMB2_REST.php on line 693",
    "level": "DEPRECATED",
    "type": "PHP",
    "test": "asyncify-boot",
    "plugin": "testimonial-plus",
    "details": "[06-May-2025 08:59:18 UTC] PHP Deprecated:  Required parameter $field_id follows optional parameter $type in /wordpress/wp-content/plugins/timeline-express/lib/admin/CMB2/includes/rest-api/CMB2_REST.php on line 693",
    "log": "/logs/plugins/t/testimonial-plus/error.json"
  },
  {
    "message": "Function _load_textdomain_just_in_time was called <strong>incorrectly</strong>. Translation loading for the <code>timeline-express</code> domain was triggered too early. This is usually an indicator for some code in the plugin or theme running too early. Translations should be loaded at the <code>init</code> action or later. Please see <a href=\"https://developer.wordpress.org/advanced-administration/debug/debug-wordpress/\">Debugging in WordPress</a> for more information. (This message was added in version 6.7.0.) in /wordpress/wp-includes/functions.php on line 6121",
    "level": "NOTICE",
    "type": "PHP",
    "test": "asyncify-boot",
    "plugin": "testimonial-plus",
    "details": "[06-May-2025 08:59:29 UTC] PHP Notice:  Function _load_textdomain_just_in_time was called <strong>incorrectly</strong>. Translation loading for the <code>timeline-express</code> domain was triggered too early. This is usually an indicator for some code in the plugin or theme running too early. Translations should be loaded at the <code>init</code> action or later. Please see <a href=\"https://developer.wordpress.org/advanced-administration/debug/debug-wordpress/\">Debugging in WordPress</a> for more information. (This message was added in version 6.7.0.) in /wordpress/wp-includes/functions.php on line 6121",
    "log": "/logs/plugins/t/testimonial-plus/error.json"
  },
  {
    "message": "Required parameter $field_id follows optional parameter $type in /wordpress/wp-content/plugins/timeline-express/lib/admin/CMB2/includes/rest-api/CMB2_REST.php on line 693",
    "level": "DEPRECATED",
    "type": "PHP",
    "test": "asyncify-boot",
    "plugin": "testimonial-plus",
    "details": "[06-May-2025 08:59:29 UTC] PHP Deprecated:  Required parameter $field_id follows optional parameter $type in /wordpress/wp-content/plugins/timeline-express/lib/admin/CMB2/includes/rest-api/CMB2_REST.php on line 693",
    "log": "/logs/plugins/t/testimonial-plus/error.json"
  },
  {
    "message": "Undefined variable $wp_version in /wordpress/wp-content/plugins/twitcategory/twitcategory.php on line 107",
    "level": "WARNING",
    "type": "PHP",
    "test": "asyncify-boot",
    "plugin": "testimonial-plus",
    "details": "[06-May-2025 09:00:07 UTC] PHP Warning:  Undefined variable $wp_version in /wordpress/wp-content/plugins/twitcategory/twitcategory.php on line 107",
    "log": "/logs/plugins/t/testimonial-plus/error.json"
  },
  {
    "message": "File upgrade-functions.php is <strong>deprecated</strong> since version 2.5.0! Use wp-admin/includes/upgrade.php instead. in /wordpress/wp-includes/functions.php on line 6121",
    "level": "DEPRECATED",
    "type": "PHP",
    "test": "asyncify-boot",
    "plugin": "testimonial-plus",
    "details": "[06-May-2025 09:00:07 UTC] PHP Deprecated:  File upgrade-functions.php is <strong>deprecated</strong> since version 2.5.0! Use wp-admin/includes/upgrade.php instead. in /wordpress/wp-includes/functions.php on line 6121",
    "log": "/logs/plugins/t/testimonial-plus/error.json"
  },
  {
    "message": "Undefined variable $wp_version in /wordpress/wp-content/plugins/twitcategory/twitcategory.php on line 77",
    "level": "WARNING",
    "type": "PHP",
    "test": "asyncify-boot",
    "plugin": "testimonial-plus",
    "details": "[06-May-2025 09:00:07 UTC] PHP Warning:  Undefined variable $wp_version in /wordpress/wp-content/plugins/twitcategory/twitcategory.php on line 77",
    "log": "/logs/plugins/t/testimonial-plus/error.json"
  },
  {
    "message": "Function wpdb::escape is <strong>deprecated</strong> since version 3.6.0! Use wpdb::prepare() or esc_sql() instead. in /wordpress/wp-includes/functions.php on line 6121",
    "level": "DEPRECATED",
    "type": "PHP",
    "test": "asyncify-boot",
    "plugin": "testimonial-plus",
    "details": "[06-May-2025 09:00:07 UTC] PHP Deprecated:  Function wpdb::escape is <strong>deprecated</strong> since version 3.6.0! Use wpdb::prepare() or esc_sql() instead. in /wordpress/wp-includes/functions.php on line 6121",
    "log": "/logs/plugins/t/testimonial-plus/error.json"
  },
  {
    "message": "Undefined variable $wp_version in /wordpress/wp-content/plugins/twitcategory/twitcategory.php on line 107",
    "level": "WARNING",
    "type": "PHP",
    "test": "asyncify-boot",
    "plugin": "testimonial-plus",
    "details": "[06-May-2025 09:00:17 UTC] PHP Warning:  Undefined variable $wp_version in /wordpress/wp-content/plugins/twitcategory/twitcategory.php on line 107",
    "log": "/logs/plugins/t/testimonial-plus/error.json"
  },
  {
    "message": "File upgrade-functions.php is <strong>deprecated</strong> since version 2.5.0! Use wp-admin/includes/upgrade.php instead. in /wordpress/wp-includes/functions.php on line 6121",
    "level": "DEPRECATED",
    "type": "PHP",
    "test": "asyncify-boot",
    "plugin": "testimonial-plus",
    "details": "[06-May-2025 09:00:17 UTC] PHP Deprecated:  File upgrade-functions.php is <strong>deprecated</strong> since version 2.5.0! Use wp-admin/includes/upgrade.php instead. in /wordpress/wp-includes/functions.php on line 6121",
    "log": "/logs/plugins/t/testimonial-plus/error.json"
  },
  {
    "message": "Undefined variable $wp_version in /wordpress/wp-content/plugins/twitcategory/twitcategory.php on line 77",
    "level": "WARNING",
    "type": "PHP",
    "test": "asyncify-boot",
    "plugin": "testimonial-plus",
    "details": "[06-May-2025 09:00:17 UTC] PHP Warning:  Undefined variable $wp_version in /wordpress/wp-content/plugins/twitcategory/twitcategory.php on line 77",
    "log": "/logs/plugins/t/testimonial-plus/error.json"
  },
  {
    "message": "Function wpdb::escape is <strong>deprecated</strong> since version 3.6.0! Use wpdb::prepare() or esc_sql() instead. in /wordpress/wp-includes/functions.php on line 6121",
    "level": "DEPRECATED",
    "type": "PHP",
    "test": "asyncify-boot",
    "plugin": "testimonial-plus",
    "details": "[06-May-2025 09:00:17 UTC] PHP Deprecated:  Function wpdb::escape is <strong>deprecated</strong> since version 3.6.0! Use wpdb::prepare() or esc_sql() instead. in /wordpress/wp-includes/functions.php on line 6121",
    "log": "/logs/plugins/t/testimonial-plus/error.json"
  },
  {
    "message": "Undefined variable $wp_version in /wordpress/wp-content/plugins/twitcategory/twitcategory.php on line 107",
    "level": "WARNING",
    "type": "PHP",
    "test": "asyncify-boot",
    "plugin": "testimonial-plus",
    "details": "[06-May-2025 09:00:25 UTC] PHP Warning:  Undefined variable $wp_version in /wordpress/wp-content/plugins/twitcategory/twitcategory.php on line 107",
    "log": "/logs/plugins/t/testimonial-plus/error.json"
  },
  {
    "message": "File upgrade-functions.php is <strong>deprecated</strong> since version 2.5.0! Use wp-admin/includes/upgrade.php instead. in /wordpress/wp-includes/functions.php on line 6121",
    "level": "DEPRECATED",
    "type": "PHP",
    "test": "asyncify-boot",
    "plugin": "testimonial-plus",
    "details": "[06-May-2025 09:00:25 UTC] PHP Deprecated:  File upgrade-functions.php is <strong>deprecated</strong> since version 2.5.0! Use wp-admin/includes/upgrade.php instead. in /wordpress/wp-includes/functions.php on line 6121",
    "log": "/logs/plugins/t/testimonial-plus/error.json"
  },
  {
    "message": "Undefined variable $wp_version in /wordpress/wp-content/plugins/twitcategory/twitcategory.php on line 77",
    "level": "WARNING",
    "type": "PHP",
    "test": "asyncify-boot",
    "plugin": "testimonial-plus",
    "details": "[06-May-2025 09:00:25 UTC] PHP Warning:  Undefined variable $wp_version in /wordpress/wp-content/plugins/twitcategory/twitcategory.php on line 77",
    "log": "/logs/plugins/t/testimonial-plus/error.json"
  },
  {
    "message": "Function wpdb::escape is <strong>deprecated</strong> since version 3.6.0! Use wpdb::prepare() or esc_sql() instead. in /wordpress/wp-includes/functions.php on line 6121",
    "level": "DEPRECATED",
    "type": "PHP",
    "test": "asyncify-boot",
    "plugin": "testimonial-plus",
    "details": "[06-May-2025 09:00:25 UTC] PHP Deprecated:  Function wpdb::escape is <strong>deprecated</strong> since version 3.6.0! Use wpdb::prepare() or esc_sql() instead. in /wordpress/wp-includes/functions.php on line 6121",
    "log": "/logs/plugins/t/testimonial-plus/error.json"
  },
  {
    "message": "Attempt to read property \"id\" on null in /wordpress/wp-content/plugins/talentlms/src/Pages/Errors.php on line 74",
    "level": "WARNING",
    "type": "PHP",
    "test": "asyncify-boot",
    "plugin": "testimonial-plus",
    "details": "[06-May-2025 09:02:28 UTC] PHP Warning:  Attempt to read property \"id\" on null in /wordpress/wp-content/plugins/talentlms/src/Pages/Errors.php on line 74",
    "log": "/logs/plugins/t/testimonial-plus/error.json"
  },
  {
    "message": "Function get_page_by_title is <strong>deprecated</strong> since version 6.2.0! Use WP_Query instead. in /wordpress/wp-includes/functions.php on line 6121",
    "level": "DEPRECATED",
    "type": "PHP",
    "test": "asyncify-boot",
    "plugin": "testimonial-plus",
    "details": "[06-May-2025 09:02:29 UTC] PHP Deprecated:  Function get_page_by_title is <strong>deprecated</strong> since version 6.2.0! Use WP_Query instead. in /wordpress/wp-includes/functions.php on line 6121",
    "log": "/logs/plugins/t/testimonial-plus/error.json"
  },
  {
    "message": "Function _load_textdomain_just_in_time was called <strong>incorrectly</strong>. Translation loading for the <code>talentlms</code> domain was triggered too early. This is usually an indicator for some code in the plugin or theme running too early. Translations should be loaded at the <code>init</code> action or later. Please see <a href=\"https://developer.wordpress.org/advanced-administration/debug/debug-wordpress/\">Debugging in WordPress</a> for more information. (This message was added in version 6.7.0.) in /wordpress/wp-includes/functions.php on line 6121",
    "level": "NOTICE",
    "type": "PHP",
    "test": "asyncify-boot",
    "plugin": "testimonial-plus",
    "details": "[06-May-2025 09:02:30 UTC] PHP Notice:  Function _load_textdomain_just_in_time was called <strong>incorrectly</strong>. Translation loading for the <code>talentlms</code> domain was triggered too early. This is usually an indicator for some code in the plugin or theme running too early. Translations should be loaded at the <code>init</code> action or later. Please see <a href=\"https://developer.wordpress.org/advanced-administration/debug/debug-wordpress/\">Debugging in WordPress</a> for more information. (This message was added in version 6.7.0.) in /wordpress/wp-includes/functions.php on line 6121",
    "log": "/logs/plugins/t/testimonial-plus/error.json"
  },
  {
    "message": "Attempt to read property \"id\" on null in /wordpress/wp-content/plugins/talentlms/src/Pages/Errors.php on line 74",
    "level": "WARNING",
    "type": "PHP",
    "test": "asyncify-boot",
    "plugin": "testimonial-plus",
    "details": "[06-May-2025 09:02:30 UTC] PHP Warning:  Attempt to read property \"id\" on null in /wordpress/wp-content/plugins/talentlms/src/Pages/Errors.php on line 74",
    "log": "/logs/plugins/t/testimonial-plus/error.json"
  },
  {
    "message": "Function wp_register_style was called <strong>incorrectly</strong>. Scripts and styles should not be registered or enqueued until the <code>wp_enqueue_scripts</code>, <code>admin_enqueue_scripts</code>, or <code>login_enqueue_scripts</code> hooks. This notice was triggered by the <code>tlms-widget</code> handle. Please see <a href=\"https://developer.wordpress.org/advanced-administration/debug/debug-wordpress/\">Debugging in WordPress</a> for more information. (This message was added in version 3.3.0.) in /wordpress/wp-includes/functions.php on line 6121",
    "level": "NOTICE",
    "type": "PHP",
    "test": "asyncify-boot",
    "plugin": "testimonial-plus",
    "details": "[06-May-2025 09:02:30 UTC] PHP Notice:  Function wp_register_style was called <strong>incorrectly</strong>. Scripts and styles should not be registered or enqueued until the <code>wp_enqueue_scripts</code>, <code>admin_enqueue_scripts</code>, or <code>login_enqueue_scripts</code> hooks. This notice was triggered by the <code>tlms-widget</code> handle. Please see <a href=\"https://developer.wordpress.org/advanced-administration/debug/debug-wordpress/\">Debugging in WordPress</a> for more information. (This message was added in version 3.3.0.) in /wordpress/wp-includes/functions.php on line 6121",
    "log": "/logs/plugins/t/testimonial-plus/error.json"
  },
  {
    "message": "Function is_feed was called <strong>incorrectly</strong>. Conditional query tags do not work before the query is run. Before then, they always return false. Please see <a href=\"https://developer.wordpress.org/advanced-administration/debug/debug-wordpress/\">Debugging in WordPress</a> for more information. (This message was added in version 3.1.0.) in /wordpress/wp-includes/functions.php on line 6121",
    "level": "NOTICE",
    "type": "PHP",
    "test": "asyncify-boot",
    "plugin": "testimonial-plus",
    "details": "[06-May-2025 09:02:30 UTC] PHP Notice:  Function is_feed was called <strong>incorrectly</strong>. Conditional query tags do not work before the query is run. Before then, they always return false. Please see <a href=\"https://developer.wordpress.org/advanced-administration/debug/debug-wordpress/\">Debugging in WordPress</a> for more information. (This message was added in version 3.1.0.) in /wordpress/wp-includes/functions.php on line 6121",
    "log": "/logs/plugins/t/testimonial-plus/error.json"
  },
  {
    "message": "Function wp_enqueue_style was called <strong>incorrectly</strong>. Scripts and styles should not be registered or enqueued until the <code>wp_enqueue_scripts</code>, <code>admin_enqueue_scripts</code>, or <code>login_enqueue_scripts</code> hooks. This notice was triggered by the <code>tlms-widget</code> handle. Please see <a href=\"https://developer.wordpress.org/advanced-administration/debug/debug-wordpress/\">Debugging in WordPress</a> for more information. (This message was added in version 3.3.0.) in /wordpress/wp-includes/functions.php on line 6121",
    "level": "NOTICE",
    "type": "PHP",
    "test": "asyncify-boot",
    "plugin": "testimonial-plus",
    "details": "[06-May-2025 09:02:30 UTC] PHP Notice:  Function wp_enqueue_style was called <strong>incorrectly</strong>. Scripts and styles should not be registered or enqueued until the <code>wp_enqueue_scripts</code>, <code>admin_enqueue_scripts</code>, or <code>login_enqueue_scripts</code> hooks. This notice was triggered by the <code>tlms-widget</code> handle. Please see <a href=\"https://developer.wordpress.org/advanced-administration/debug/debug-wordpress/\">Debugging in WordPress</a> for more information. (This message was added in version 3.3.0.) in /wordpress/wp-includes/functions.php on line 6121",
    "log": "/logs/plugins/t/testimonial-plus/error.json"
  },
  {
    "message": "Attempt to read property \"id\" on null in /wordpress/wp-content/plugins/talentlms/src/Pages/Errors.php on line 74",
    "level": "WARNING",
    "type": "PHP",
    "test": "asyncify-boot",
    "plugin": "testimonial-plus",
    "details": "[06-May-2025 09:02:48 UTC] PHP Warning:  Attempt to read property \"id\" on null in /wordpress/wp-content/plugins/talentlms/src/Pages/Errors.php on line 74",
    "log": "/logs/plugins/t/testimonial-plus/error.json"
  },
  {
    "message": "Function get_page_by_title is <strong>deprecated</strong> since version 6.2.0! Use WP_Query instead. in /wordpress/wp-includes/functions.php on line 6121",
    "level": "DEPRECATED",
    "type": "PHP",
    "test": "asyncify-boot",
    "plugin": "testimonial-plus",
    "details": "[06-May-2025 09:02:48 UTC] PHP Deprecated:  Function get_page_by_title is <strong>deprecated</strong> since version 6.2.0! Use WP_Query instead. in /wordpress/wp-includes/functions.php on line 6121",
    "log": "/logs/plugins/t/testimonial-plus/error.json"
  },
  {
    "message": "Function _load_textdomain_just_in_time was called <strong>incorrectly</strong>. Translation loading for the <code>talentlms</code> domain was triggered too early. This is usually an indicator for some code in the plugin or theme running too early. Translations should be loaded at the <code>init</code> action or later. Please see <a href=\"https://developer.wordpress.org/advanced-administration/debug/debug-wordpress/\">Debugging in WordPress</a> for more information. (This message was added in version 6.7.0.) in /wordpress/wp-includes/functions.php on line 6121",
    "level": "NOTICE",
    "type": "PHP",
    "test": "asyncify-boot",
    "plugin": "testimonial-plus",
    "details": "[06-May-2025 09:02:49 UTC] PHP Notice:  Function _load_textdomain_just_in_time was called <strong>incorrectly</strong>. Translation loading for the <code>talentlms</code> domain was triggered too early. This is usually an indicator for some code in the plugin or theme running too early. Translations should be loaded at the <code>init</code> action or later. Please see <a href=\"https://developer.wordpress.org/advanced-administration/debug/debug-wordpress/\">Debugging in WordPress</a> for more information. (This message was added in version 6.7.0.) in /wordpress/wp-includes/functions.php on line 6121",
    "log": "/logs/plugins/t/testimonial-plus/error.json"
  },
  {
    "message": "Attempt to read property \"id\" on null in /wordpress/wp-content/plugins/talentlms/src/Pages/Errors.php on line 74",
    "level": "WARNING",
    "type": "PHP",
    "test": "asyncify-boot",
    "plugin": "testimonial-plus",
    "details": "[06-May-2025 09:02:49 UTC] PHP Warning:  Attempt to read property \"id\" on null in /wordpress/wp-content/plugins/talentlms/src/Pages/Errors.php on line 74",
    "log": "/logs/plugins/t/testimonial-plus/error.json"
  },
  {
    "message": "Function wp_register_style was called <strong>incorrectly</strong>. Scripts and styles should not be registered or enqueued until the <code>wp_enqueue_scripts</code>, <code>admin_enqueue_scripts</code>, or <code>login_enqueue_scripts</code> hooks. This notice was triggered by the <code>tlms-widget</code> handle. Please see <a href=\"https://developer.wordpress.org/advanced-administration/debug/debug-wordpress/\">Debugging in WordPress</a> for more information. (This message was added in version 3.3.0.) in /wordpress/wp-includes/functions.php on line 6121",
    "level": "NOTICE",
    "type": "PHP",
    "test": "asyncify-boot",
    "plugin": "testimonial-plus",
    "details": "[06-May-2025 09:02:49 UTC] PHP Notice:  Function wp_register_style was called <strong>incorrectly</strong>. Scripts and styles should not be registered or enqueued until the <code>wp_enqueue_scripts</code>, <code>admin_enqueue_scripts</code>, or <code>login_enqueue_scripts</code> hooks. This notice was triggered by the <code>tlms-widget</code> handle. Please see <a href=\"https://developer.wordpress.org/advanced-administration/debug/debug-wordpress/\">Debugging in WordPress</a> for more information. (This message was added in version 3.3.0.) in /wordpress/wp-includes/functions.php on line 6121",
    "log": "/logs/plugins/t/testimonial-plus/error.json"
  },
  {
    "message": "Function is_feed was called <strong>incorrectly</strong>. Conditional query tags do not work before the query is run. Before then, they always return false. Please see <a href=\"https://developer.wordpress.org/advanced-administration/debug/debug-wordpress/\">Debugging in WordPress</a> for more information. (This message was added in version 3.1.0.) in /wordpress/wp-includes/functions.php on line 6121",
    "level": "NOTICE",
    "type": "PHP",
    "test": "asyncify-boot",
    "plugin": "testimonial-plus",
    "details": "[06-May-2025 09:02:49 UTC] PHP Notice:  Function is_feed was called <strong>incorrectly</strong>. Conditional query tags do not work before the query is run. Before then, they always return false. Please see <a href=\"https://developer.wordpress.org/advanced-administration/debug/debug-wordpress/\">Debugging in WordPress</a> for more information. (This message was added in version 3.1.0.) in /wordpress/wp-includes/functions.php on line 6121",
    "log": "/logs/plugins/t/testimonial-plus/error.json"
  },
  {
    "message": "Function wp_enqueue_style was called <strong>incorrectly</strong>. Scripts and styles should not be registered or enqueued until the <code>wp_enqueue_scripts</code>, <code>admin_enqueue_scripts</code>, or <code>login_enqueue_scripts</code> hooks. This notice was triggered by the <code>tlms-widget</code> handle. Please see <a href=\"https://developer.wordpress.org/advanced-administration/debug/debug-wordpress/\">Debugging in WordPress</a> for more information. (This message was added in version 3.3.0.) in /wordpress/wp-includes/functions.php on line 6121",
    "level": "NOTICE",
    "type": "PHP",
    "test": "asyncify-boot",
    "plugin": "testimonial-plus",
    "details": "[06-May-2025 09:02:49 UTC] PHP Notice:  Function wp_enqueue_style was called <strong>incorrectly</strong>. Scripts and styles should not be registered or enqueued until the <code>wp_enqueue_scripts</code>, <code>admin_enqueue_scripts</code>, or <code>login_enqueue_scripts</code> hooks. This notice was triggered by the <code>tlms-widget</code> handle. Please see <a href=\"https://developer.wordpress.org/advanced-administration/debug/debug-wordpress/\">Debugging in WordPress</a> for more information. (This message was added in version 3.3.0.) in /wordpress/wp-includes/functions.php on line 6121",
    "log": "/logs/plugins/t/testimonial-plus/error.json"
  },
  {
    "message": "Attempt to read property \"id\" on null in /wordpress/wp-content/plugins/talentlms/src/Pages/Errors.php on line 74",
    "level": "WARNING",
    "type": "PHP",
    "test": "asyncify-boot",
    "plugin": "testimonial-plus",
    "details": "[06-May-2025 09:03:06 UTC] PHP Warning:  Attempt to read property \"id\" on null in /wordpress/wp-content/plugins/talentlms/src/Pages/Errors.php on line 74",
    "log": "/logs/plugins/t/testimonial-plus/error.json"
  },
  {
    "message": "Function get_page_by_title is <strong>deprecated</strong> since version 6.2.0! Use WP_Query instead. in /wordpress/wp-includes/functions.php on line 6121",
    "level": "DEPRECATED",
    "type": "PHP",
    "test": "asyncify-boot",
    "plugin": "testimonial-plus",
    "details": "[06-May-2025 09:03:07 UTC] PHP Deprecated:  Function get_page_by_title is <strong>deprecated</strong> since version 6.2.0! Use WP_Query instead. in /wordpress/wp-includes/functions.php on line 6121",
    "log": "/logs/plugins/t/testimonial-plus/error.json"
  },
  {
    "message": "Function _load_textdomain_just_in_time was called <strong>incorrectly</strong>. Translation loading for the <code>talentlms</code> domain was triggered too early. This is usually an indicator for some code in the plugin or theme running too early. Translations should be loaded at the <code>init</code> action or later. Please see <a href=\"https://developer.wordpress.org/advanced-administration/debug/debug-wordpress/\">Debugging in WordPress</a> for more information. (This message was added in version 6.7.0.) in /wordpress/wp-includes/functions.php on line 6121",
    "level": "NOTICE",
    "type": "PHP",
    "test": "asyncify-boot",
    "plugin": "testimonial-plus",
    "details": "[06-May-2025 09:03:08 UTC] PHP Notice:  Function _load_textdomain_just_in_time was called <strong>incorrectly</strong>. Translation loading for the <code>talentlms</code> domain was triggered too early. This is usually an indicator for some code in the plugin or theme running too early. Translations should be loaded at the <code>init</code> action or later. Please see <a href=\"https://developer.wordpress.org/advanced-administration/debug/debug-wordpress/\">Debugging in WordPress</a> for more information. (This message was added in version 6.7.0.) in /wordpress/wp-includes/functions.php on line 6121",
    "log": "/logs/plugins/t/testimonial-plus/error.json"
  },
  {
    "message": "Attempt to read property \"id\" on null in /wordpress/wp-content/plugins/talentlms/src/Pages/Errors.php on line 74",
    "level": "WARNING",
    "type": "PHP",
    "test": "asyncify-boot",
    "plugin": "testimonial-plus",
    "details": "[06-May-2025 09:03:08 UTC] PHP Warning:  Attempt to read property \"id\" on null in /wordpress/wp-content/plugins/talentlms/src/Pages/Errors.php on line 74",
    "log": "/logs/plugins/t/testimonial-plus/error.json"
  },
  {
    "message": "Function wp_register_style was called <strong>incorrectly</strong>. Scripts and styles should not be registered or enqueued until the <code>wp_enqueue_scripts</code>, <code>admin_enqueue_scripts</code>, or <code>login_enqueue_scripts</code> hooks. This notice was triggered by the <code>tlms-widget</code> handle. Please see <a href=\"https://developer.wordpress.org/advanced-administration/debug/debug-wordpress/\">Debugging in WordPress</a> for more information. (This message was added in version 3.3.0.) in /wordpress/wp-includes/functions.php on line 6121",
    "level": "NOTICE",
    "type": "PHP",
    "test": "asyncify-boot",
    "plugin": "testimonial-plus",
    "details": "[06-May-2025 09:03:08 UTC] PHP Notice:  Function wp_register_style was called <strong>incorrectly</strong>. Scripts and styles should not be registered or enqueued until the <code>wp_enqueue_scripts</code>, <code>admin_enqueue_scripts</code>, or <code>login_enqueue_scripts</code> hooks. This notice was triggered by the <code>tlms-widget</code> handle. Please see <a href=\"https://developer.wordpress.org/advanced-administration/debug/debug-wordpress/\">Debugging in WordPress</a> for more information. (This message was added in version 3.3.0.) in /wordpress/wp-includes/functions.php on line 6121",
    "log": "/logs/plugins/t/testimonial-plus/error.json"
  },
  {
    "message": "Function is_feed was called <strong>incorrectly</strong>. Conditional query tags do not work before the query is run. Before then, they always return false. Please see <a href=\"https://developer.wordpress.org/advanced-administration/debug/debug-wordpress/\">Debugging in WordPress</a> for more information. (This message was added in version 3.1.0.) in /wordpress/wp-includes/functions.php on line 6121",
    "level": "NOTICE",
    "type": "PHP",
    "test": "asyncify-boot",
    "plugin": "testimonial-plus",
    "details": "[06-May-2025 09:03:08 UTC] PHP Notice:  Function is_feed was called <strong>incorrectly</strong>. Conditional query tags do not work before the query is run. Before then, they always return false. Please see <a href=\"https://developer.wordpress.org/advanced-administration/debug/debug-wordpress/\">Debugging in WordPress</a> for more information. (This message was added in version 3.1.0.) in /wordpress/wp-includes/functions.php on line 6121",
    "log": "/logs/plugins/t/testimonial-plus/error.json"
  },
  {
    "message": "Function wp_enqueue_style was called <strong>incorrectly</strong>. Scripts and styles should not be registered or enqueued until the <code>wp_enqueue_scripts</code>, <code>admin_enqueue_scripts</code>, or <code>login_enqueue_scripts</code> hooks. This notice was triggered by the <code>tlms-widget</code> handle. Please see <a href=\"https://developer.wordpress.org/advanced-administration/debug/debug-wordpress/\">Debugging in WordPress</a> for more information. (This message was added in version 3.3.0.) in /wordpress/wp-includes/functions.php on line 6121",
    "level": "NOTICE",
    "type": "PHP",
    "test": "asyncify-boot",
    "plugin": "testimonial-plus",
    "details": "[06-May-2025 09:03:08 UTC] PHP Notice:  Function wp_enqueue_style was called <strong>incorrectly</strong>. Scripts and styles should not be registered or enqueued until the <code>wp_enqueue_scripts</code>, <code>admin_enqueue_scripts</code>, or <code>login_enqueue_scripts</code> hooks. This notice was triggered by the <code>tlms-widget</code> handle. Please see <a href=\"https://developer.wordpress.org/advanced-administration/debug/debug-wordpress/\">Debugging in WordPress</a> for more information. (This message was added in version 3.3.0.) in /wordpress/wp-includes/functions.php on line 6121\n\n    at Object.onBind (file:///home/runner/work/playground-tester/playground-tester/node_modules/@wp-playground/cli/index.js:237:15)\n    at process.processTicksAndRejections (node:internal/process/task_queues:105:5)\n    at async V (file:///home/runner/work/playground-tester/playground-tester/node_modules/@wp-playground/cli/index.js:64:10)\n    at async ja (file:///home/runner/work/playground-tester/playground-tester/node_modules/@wp-playground/cli/cli.js:8161:12) {\n  [cause]: Error: Error when executing the blueprint step #1 ({\"step\":\"installPlugin\",\"pluginData\":{\"resource\":\"wordpress.org/plugins\",\"slug\":\"testimonial-plus\"},\"options\":{\"activate\":true}}) : Could not download \"https://downloads.wordpress.org/plugin/testimonial-plus.latest-stable.zip\".\n  \t\t\t\tCheck if the URL is correct and the server is reachable.\n  \t\t\t\tIf it is reachable, the server might be blocking the request.\n  \t\t\t\tCheck the browser console and network tabs for more information.\n  \n  \t\t\t\t## Does the console show the error \"No 'Access-Control-Allow-Origin' header\"?\n  \n  \t\t\t\tThis means the server that hosts your file does not allow requests from other sites\n  \t\t\t\t(cross-origin requests, or CORS).\tYou need to move the asset to a server that allows\n  \t\t\t\tcross-origin file downloads. Learn more about CORS at\n  \t\t\t\thttps://developer.mozilla.org/en-US/docs/Web/HTTP/CORS.\n  \n  \t\t\t\tIf your file is on GitHub, load it from \"raw.githubusercontent.com\".\n  \t\t\t\tHere's how to do that:\n  \n  \t\t\t\t1. Start with the original GitHub URL of the file. For example:\n  \t\t\t\thttps://github.com/username/repository/blob/branch/filename.\n  \t\t\t\t2. Replace \"github.com\" with \"raw.githubusercontent.com\".\n  \t\t\t\t3. Remove the \"/blob/\" part of the URL.\n  \n  \t\t\t\tThe resulting URL should look like this:\n  \t\t\t\thttps://raw.githubusercontent.com/username/repository/branch/filename\n  \n  \t\t\t\tError:\n  \t\t\t\tError: Could not download \"https://downloads.wordpress.org/plugin/testimonial-plus.latest-stable.zip\"\n      at Object.run (file:///home/runner/work/playground-tester/playground-tester/node_modules/@wp-playground/blueprints/index.js:12449:19)\n      at process.processTicksAndRejections (node:internal/process/task_queues:105:5)\n      at async ms (file:///home/runner/work/playground-tester/playground-tester/node_modules/@wp-playground/blueprints/index.js:12552:3)\n      at async Object.onBind (file:///home/runner/work/playground-tester/playground-tester/node_modules/@wp-playground/cli/index.js:227:48)\n      at async V (file:///home/runner/work/playground-tester/playground-tester/node_modules/@wp-playground/cli/index.js:64:10)\n      at async ja (file:///home/runner/work/playground-tester/playground-tester/node_modules/@wp-playground/cli/cli.js:8161:12) {\n    [cause]: Error: Could not download \"https://downloads.wordpress.org/plugin/testimonial-plus.latest-stable.zip\".\n    \t\t\t\tCheck if the URL is correct and the server is reachable.\n    \t\t\t\tIf it is reachable, the server might be blocking the request.\n    \t\t\t\tCheck the browser console and network tabs for more information.\n    \n    \t\t\t\t## Does the console show the error \"No 'Access-Control-Allow-Origin' header\"?\n    \n    \t\t\t\tThis means the server that hosts your file does not allow requests from other sites\n    \t\t\t\t(cross-origin requests, or CORS).\tYou need to move the asset to a server that allows\n    \t\t\t\tcross-origin file downloads. Learn more about CORS at\n    \t\t\t\thttps://developer.mozilla.org/en-US/docs/Web/HTTP/CORS.\n    \n    \t\t\t\tIf your file is on GitHub, load it from \"raw.githubusercontent.com\".\n    \t\t\t\tHere's how to do that:\n    \n    \t\t\t\t1. Start with the original GitHub URL of the file. For example:\n    \t\t\t\thttps://github.com/username/repository/blob/branch/filename.\n    \t\t\t\t2. Replace \"github.com\" with \"raw.githubusercontent.com\".\n    \t\t\t\t3. Remove the \"/blob/\" part of the URL.\n    \n    \t\t\t\tThe resulting URL should look like this:\n    \t\t\t\thttps://raw.githubusercontent.com/username/repository/branch/filename\n    \n    \t\t\t\tError:\n    \t\t\t\tError: Could not download \"https://downloads.wordpress.org/plugin/testimonial-plus.latest-stable.zip\"\n        at Ct.resolve (file:///home/runner/work/playground-tester/playground-tester/node_modules/@wp-playground/blueprints/index.js:1472:13)\n        at process.processTicksAndRejections (node:internal/process/task_queues:105:5)\n        at async _.run (file:///home/runner/work/playground-tester/playground-tester/node_modules/@php-wasm/util/index.js:45:14)\n  }\n}\n\n",
    "log": "/logs/plugins/t/testimonial-plus/error.json"
  },
  {
    "message": "file:///home/runner/work/playground-tester/playground-tester/node_modules/@wp-playground/cli/index.js:237\n        throw new Error(y, { cause: u });\n              ^\n",
    "level": "FATAL",
    "type": "PLAYGROUND",
    "test": "jspi-boot",
    "plugin": "testimonial-plus",
    "details": "file:///home/runner/work/playground-tester/playground-tester/node_modules/@wp-playground/cli/index.js:237\n        throw new Error(y, { cause: u });\n              ^\n",
    "log": "/tmp/tmp.GYNwePGHbm"
  },
  {
    "message": "Required parameter $_and_more follows optional parameter $sFieldID2 in /wordpress/wp-content/plugins/text-truncator/include/library/admin-page-framework/factory/AdminPageFramework/AdminPageFramework_Form_Controller.php on line 47",
    "level": "DEPRECATED",
    "type": "PHP",
    "test": "jspi-boot",
    "plugin": "testimonial-plus",
    "details": "[06-May-2025 08:55:36 UTC] PHP Deprecated:  Required parameter $_and_more follows optional parameter $sFieldID2 in /wordpress/wp-content/plugins/text-truncator/include/library/admin-page-framework/factory/AdminPageFramework/AdminPageFramework_Form_Controller.php on line 47",
    "log": "/logs/plugins/t/testimonial-plus/error.json"
  },
  {
    "message": "Required parameter $_and_more follows optional parameter $sFieldID2 in /wordpress/wp-content/plugins/text-truncator/include/library/admin-page-framework/factory/AdminPageFramework/AdminPageFramework_Form_Controller.php on line 47",
    "level": "DEPRECATED",
    "type": "PHP",
    "test": "jspi-boot",
    "plugin": "testimonial-plus",
    "details": "[06-May-2025 08:55:46 UTC] PHP Deprecated:  Required parameter $_and_more follows optional parameter $sFieldID2 in /wordpress/wp-content/plugins/text-truncator/include/library/admin-page-framework/factory/AdminPageFramework/AdminPageFramework_Form_Controller.php on line 47",
    "log": "/logs/plugins/t/testimonial-plus/error.json"
  },
  {
    "message": "Required parameter $_and_more follows optional parameter $sFieldID2 in /wordpress/wp-content/plugins/text-truncator/include/library/admin-page-framework/factory/AdminPageFramework/AdminPageFramework_Form_Controller.php on line 47",
    "level": "DEPRECATED",
    "type": "PHP",
    "test": "jspi-boot",
    "plugin": "testimonial-plus",
    "details": "[06-May-2025 08:55:56 UTC] PHP Deprecated:  Required parameter $_and_more follows optional parameter $sFieldID2 in /wordpress/wp-content/plugins/text-truncator/include/library/admin-page-framework/factory/AdminPageFramework/AdminPageFramework_Form_Controller.php on line 47",
    "log": "/logs/plugins/t/testimonial-plus/error.json"
  },
  {
    "message": "[06-May-2025 08:57:13 UTC] OpenSSL SSL_connect: SSL_ERROR_SYSCALL in connection to app.thevoicedesigner.com:443 ",
    "level": "INFO",
    "type": "OTHER",
    "test": "jspi-boot",
    "plugin": "testimonial-plus",
    "details": "[06-May-2025 08:57:13 UTC] OpenSSL SSL_connect: SSL_ERROR_SYSCALL in connection to app.thevoicedesigner.com:443 ",
    "log": "/logs/plugins/t/testimonial-plus/error.json"
  },
  {
    "message": "Uncaught Httpful\\Exception\\ConnectionErrorException: Unable to connect to \"https://app.thevoicedesigner.com/api/apps\": 35 OpenSSL SSL_connect: SSL_ERROR_SYSCALL in connection to app.thevoicedesigner.com:443  in /wordpress/wp-content/plugins/the-voice-designer-by-data-driven-design/vendor/nategood/httpful/src/Httpful/Request.php:1028",
    "level": "FATAL",
    "type": "PHP",
    "test": "jspi-boot",
    "plugin": "testimonial-plus",
    "details": "[06-May-2025 08:57:13 UTC] PHP Fatal error:  Uncaught Httpful\\Exception\\ConnectionErrorException: Unable to connect to \"https://app.thevoicedesigner.com/api/apps\": 35 OpenSSL SSL_connect: SSL_ERROR_SYSCALL in connection to app.thevoicedesigner.com:443  in /wordpress/wp-content/plugins/the-voice-designer-by-data-driven-design/vendor/nategood/httpful/src/Httpful/Request.php:1028\nStack trace:\n#0 /wordpress/wp-content/plugins/the-voice-designer-by-data-driven-design/vendor/nategood/httpful/src/Httpful/Request.php(204): Httpful\\Request->buildResponse(false)\n#1 /wordpress/wp-content/plugins/the-voice-designer-by-data-driven-design/src/BackendApi.php(53): Httpful\\Request->send()\n#2 /wordpress/wp-content/plugins/the-voice-designer-by-data-driven-design/src/BackendApi.php(32): DataDrivenDesign\\VoiceDesigner\\BackendApi->makeRequest(Object(Httpful\\Request))\n#3 /wordpress/wp-content/plugins/the-voice-designer-by-data-driven-design/src/Plugin.php(16): DataDrivenDesign\\VoiceDesigner\\BackendApi->createApp()\n#4 /wordpress/wp-includes/class-wp-hook.php(324): DataDrivenD in /wordpress/wp-content/plugins/the-voice-designer-by-data-driven-design/vendor/nategood/httpful/src/Httpful/Request.php on line 1028",
    "log": "/logs/plugins/t/testimonial-plus/error.json"
  },
  {
    "message": "[06-May-2025 08:57:22 UTC] OpenSSL SSL_connect: SSL_ERROR_SYSCALL in connection to app.thevoicedesigner.com:443 ",
    "level": "INFO",
    "type": "OTHER",
    "test": "jspi-boot",
    "plugin": "testimonial-plus",
    "details": "[06-May-2025 08:57:22 UTC] OpenSSL SSL_connect: SSL_ERROR_SYSCALL in connection to app.thevoicedesigner.com:443 ",
    "log": "/logs/plugins/t/testimonial-plus/error.json"
  },
  {
    "message": "Uncaught Httpful\\Exception\\ConnectionErrorException: Unable to connect to \"https://app.thevoicedesigner.com/api/apps\": 35 OpenSSL SSL_connect: SSL_ERROR_SYSCALL in connection to app.thevoicedesigner.com:443  in /wordpress/wp-content/plugins/the-voice-designer-by-data-driven-design/vendor/nategood/httpful/src/Httpful/Request.php:1028",
    "level": "FATAL",
    "type": "PHP",
    "test": "jspi-boot",
    "plugin": "testimonial-plus",
    "details": "[06-May-2025 08:57:22 UTC] PHP Fatal error:  Uncaught Httpful\\Exception\\ConnectionErrorException: Unable to connect to \"https://app.thevoicedesigner.com/api/apps\": 35 OpenSSL SSL_connect: SSL_ERROR_SYSCALL in connection to app.thevoicedesigner.com:443  in /wordpress/wp-content/plugins/the-voice-designer-by-data-driven-design/vendor/nategood/httpful/src/Httpful/Request.php:1028\nStack trace:\n#0 /wordpress/wp-content/plugins/the-voice-designer-by-data-driven-design/vendor/nategood/httpful/src/Httpful/Request.php(204): Httpful\\Request->buildResponse(false)\n#1 /wordpress/wp-content/plugins/the-voice-designer-by-data-driven-design/src/BackendApi.php(53): Httpful\\Request->send()\n#2 /wordpress/wp-content/plugins/the-voice-designer-by-data-driven-design/src/BackendApi.php(32): DataDrivenDesign\\VoiceDesigner\\BackendApi->makeRequest(Object(Httpful\\Request))\n#3 /wordpress/wp-content/plugins/the-voice-designer-by-data-driven-design/src/Plugin.php(16): DataDrivenDesign\\VoiceDesigner\\BackendApi->createApp()\n#4 /wordpress/wp-includes/class-wp-hook.php(324): DataDrivenD in /wordpress/wp-content/plugins/the-voice-designer-by-data-driven-design/vendor/nategood/httpful/src/Httpful/Request.php on line 1028",
    "log": "/logs/plugins/t/testimonial-plus/error.json"
  },
  {
    "message": "[06-May-2025 08:57:30 UTC] OpenSSL SSL_connect: SSL_ERROR_SYSCALL in connection to app.thevoicedesigner.com:443 ",
    "level": "INFO",
    "type": "OTHER",
    "test": "jspi-boot",
    "plugin": "testimonial-plus",
    "details": "[06-May-2025 08:57:30 UTC] OpenSSL SSL_connect: SSL_ERROR_SYSCALL in connection to app.thevoicedesigner.com:443 ",
    "log": "/logs/plugins/t/testimonial-plus/error.json"
  },
  {
    "message": "Uncaught Httpful\\Exception\\ConnectionErrorException: Unable to connect to \"https://app.thevoicedesigner.com/api/apps\": 35 OpenSSL SSL_connect: SSL_ERROR_SYSCALL in connection to app.thevoicedesigner.com:443  in /wordpress/wp-content/plugins/the-voice-designer-by-data-driven-design/vendor/nategood/httpful/src/Httpful/Request.php:1028",
    "level": "FATAL",
    "type": "PHP",
    "test": "jspi-boot",
    "plugin": "testimonial-plus",
    "details": "[06-May-2025 08:57:30 UTC] PHP Fatal error:  Uncaught Httpful\\Exception\\ConnectionErrorException: Unable to connect to \"https://app.thevoicedesigner.com/api/apps\": 35 OpenSSL SSL_connect: SSL_ERROR_SYSCALL in connection to app.thevoicedesigner.com:443  in /wordpress/wp-content/plugins/the-voice-designer-by-data-driven-design/vendor/nategood/httpful/src/Httpful/Request.php:1028\nStack trace:\n#0 /wordpress/wp-content/plugins/the-voice-designer-by-data-driven-design/vendor/nategood/httpful/src/Httpful/Request.php(204): Httpful\\Request->buildResponse(false)\n#1 /wordpress/wp-content/plugins/the-voice-designer-by-data-driven-design/src/BackendApi.php(53): Httpful\\Request->send()\n#2 /wordpress/wp-content/plugins/the-voice-designer-by-data-driven-design/src/BackendApi.php(32): DataDrivenDesign\\VoiceDesigner\\BackendApi->makeRequest(Object(Httpful\\Request))\n#3 /wordpress/wp-content/plugins/the-voice-designer-by-data-driven-design/src/Plugin.php(16): DataDrivenDesign\\VoiceDesigner\\BackendApi->createApp()\n#4 /wordpress/wp-includes/class-wp-hook.php(324): DataDrivenD in /wordpress/wp-content/plugins/the-voice-designer-by-data-driven-design/vendor/nategood/httpful/src/Httpful/Request.php on line 1028",
    "log": "/logs/plugins/t/testimonial-plus/error.json"
  },
  {
    "message": "Trying to access array offset on value of type bool in /wordpress/wp-content/plugins/ticket-press/includes/tp-install.php on line 26",
    "level": "WARNING",
    "type": "PHP",
    "test": "jspi-boot",
    "plugin": "testimonial-plus",
    "details": "[06-May-2025 08:58:06 UTC] PHP Warning:  Trying to access array offset on value of type bool in /wordpress/wp-content/plugins/ticket-press/includes/tp-install.php on line 26",
    "log": "/logs/plugins/t/testimonial-plus/error.json"
  },
  {
    "message": "Trying to access array offset on value of type bool in /wordpress/wp-content/plugins/ticket-press/includes/tp-install.php on line 39",
    "level": "WARNING",
    "type": "PHP",
    "test": "jspi-boot",
    "plugin": "testimonial-plus",
    "details": "[06-May-2025 08:58:06 UTC] PHP Warning:  Trying to access array offset on value of type bool in /wordpress/wp-content/plugins/ticket-press/includes/tp-install.php on line 39",
    "log": "/logs/plugins/t/testimonial-plus/error.json"
  },
  {
    "message": "Trying to access array offset on value of type bool in /wordpress/wp-content/plugins/ticket-press/includes/tp-install.php on line 26",
    "level": "WARNING",
    "type": "PHP",
    "test": "jspi-boot",
    "plugin": "testimonial-plus",
    "details": "[06-May-2025 08:58:16 UTC] PHP Warning:  Trying to access array offset on value of type bool in /wordpress/wp-content/plugins/ticket-press/includes/tp-install.php on line 26",
    "log": "/logs/plugins/t/testimonial-plus/error.json"
  },
  {
    "message": "Trying to access array offset on value of type bool in /wordpress/wp-content/plugins/ticket-press/includes/tp-install.php on line 39",
    "level": "WARNING",
    "type": "PHP",
    "test": "jspi-boot",
    "plugin": "testimonial-plus",
    "details": "[06-May-2025 08:58:16 UTC] PHP Warning:  Trying to access array offset on value of type bool in /wordpress/wp-content/plugins/ticket-press/includes/tp-install.php on line 39",
    "log": "/logs/plugins/t/testimonial-plus/error.json"
  },
  {
    "message": "Trying to access array offset on value of type bool in /wordpress/wp-content/plugins/ticket-press/includes/tp-install.php on line 26",
    "level": "WARNING",
    "type": "PHP",
    "test": "jspi-boot",
    "plugin": "testimonial-plus",
    "details": "[06-May-2025 08:58:26 UTC] PHP Warning:  Trying to access array offset on value of type bool in /wordpress/wp-content/plugins/ticket-press/includes/tp-install.php on line 26",
    "log": "/logs/plugins/t/testimonial-plus/error.json"
  },
  {
    "message": "Trying to access array offset on value of type bool in /wordpress/wp-content/plugins/ticket-press/includes/tp-install.php on line 39",
    "level": "WARNING",
    "type": "PHP",
    "test": "jspi-boot",
    "plugin": "testimonial-plus",
    "details": "[06-May-2025 08:58:26 UTC] PHP Warning:  Trying to access array offset on value of type bool in /wordpress/wp-content/plugins/ticket-press/includes/tp-install.php on line 39",
    "log": "/logs/plugins/t/testimonial-plus/error.json"
  },
  {
    "message": "Function _load_textdomain_just_in_time was called <strong>incorrectly</strong>. Translation loading for the <code>timeline-express</code> domain was triggered too early. This is usually an indicator for some code in the plugin or theme running too early. Translations should be loaded at the <code>init</code> action or later. Please see <a href=\"https://developer.wordpress.org/advanced-administration/debug/debug-wordpress/\">Debugging in WordPress</a> for more information. (This message was added in version 6.7.0.) in /wordpress/wp-includes/functions.php on line 6121",
    "level": "NOTICE",
    "type": "PHP",
    "test": "jspi-boot",
    "plugin": "testimonial-plus",
    "details": "[06-May-2025 08:59:06 UTC] PHP Notice:  Function _load_textdomain_just_in_time was called <strong>incorrectly</strong>. Translation loading for the <code>timeline-express</code> domain was triggered too early. This is usually an indicator for some code in the plugin or theme running too early. Translations should be loaded at the <code>init</code> action or later. Please see <a href=\"https://developer.wordpress.org/advanced-administration/debug/debug-wordpress/\">Debugging in WordPress</a> for more information. (This message was added in version 6.7.0.) in /wordpress/wp-includes/functions.php on line 6121",
    "log": "/logs/plugins/t/testimonial-plus/error.json"
  },
  {
    "message": "Required parameter $field_id follows optional parameter $type in /wordpress/wp-content/plugins/timeline-express/lib/admin/CMB2/includes/rest-api/CMB2_REST.php on line 693",
    "level": "DEPRECATED",
    "type": "PHP",
    "test": "jspi-boot",
    "plugin": "testimonial-plus",
    "details": "[06-May-2025 08:59:07 UTC] PHP Deprecated:  Required parameter $field_id follows optional parameter $type in /wordpress/wp-content/plugins/timeline-express/lib/admin/CMB2/includes/rest-api/CMB2_REST.php on line 693",
    "log": "/logs/plugins/t/testimonial-plus/error.json"
  },
  {
    "message": "Function _load_textdomain_just_in_time was called <strong>incorrectly</strong>. Translation loading for the <code>timeline-express</code> domain was triggered too early. This is usually an indicator for some code in the plugin or theme running too early. Translations should be loaded at the <code>init</code> action or later. Please see <a href=\"https://developer.wordpress.org/advanced-administration/debug/debug-wordpress/\">Debugging in WordPress</a> for more information. (This message was added in version 6.7.0.) in /wordpress/wp-includes/functions.php on line 6121",
    "level": "NOTICE",
    "type": "PHP",
    "test": "jspi-boot",
    "plugin": "testimonial-plus",
    "details": "[06-May-2025 08:59:18 UTC] PHP Notice:  Function _load_textdomain_just_in_time was called <strong>incorrectly</strong>. Translation loading for the <code>timeline-express</code> domain was triggered too early. This is usually an indicator for some code in the plugin or theme running too early. Translations should be loaded at the <code>init</code> action or later. Please see <a href=\"https://developer.wordpress.org/advanced-administration/debug/debug-wordpress/\">Debugging in WordPress</a> for more information. (This message was added in version 6.7.0.) in /wordpress/wp-includes/functions.php on line 6121",
    "log": "/logs/plugins/t/testimonial-plus/error.json"
  },
  {
    "message": "Required parameter $field_id follows optional parameter $type in /wordpress/wp-content/plugins/timeline-express/lib/admin/CMB2/includes/rest-api/CMB2_REST.php on line 693",
    "level": "DEPRECATED",
    "type": "PHP",
    "test": "jspi-boot",
    "plugin": "testimonial-plus",
    "details": "[06-May-2025 08:59:18 UTC] PHP Deprecated:  Required parameter $field_id follows optional parameter $type in /wordpress/wp-content/plugins/timeline-express/lib/admin/CMB2/includes/rest-api/CMB2_REST.php on line 693",
    "log": "/logs/plugins/t/testimonial-plus/error.json"
  },
  {
    "message": "Function _load_textdomain_just_in_time was called <strong>incorrectly</strong>. Translation loading for the <code>timeline-express</code> domain was triggered too early. This is usually an indicator for some code in the plugin or theme running too early. Translations should be loaded at the <code>init</code> action or later. Please see <a href=\"https://developer.wordpress.org/advanced-administration/debug/debug-wordpress/\">Debugging in WordPress</a> for more information. (This message was added in version 6.7.0.) in /wordpress/wp-includes/functions.php on line 6121",
    "level": "NOTICE",
    "type": "PHP",
    "test": "jspi-boot",
    "plugin": "testimonial-plus",
    "details": "[06-May-2025 08:59:29 UTC] PHP Notice:  Function _load_textdomain_just_in_time was called <strong>incorrectly</strong>. Translation loading for the <code>timeline-express</code> domain was triggered too early. This is usually an indicator for some code in the plugin or theme running too early. Translations should be loaded at the <code>init</code> action or later. Please see <a href=\"https://developer.wordpress.org/advanced-administration/debug/debug-wordpress/\">Debugging in WordPress</a> for more information. (This message was added in version 6.7.0.) in /wordpress/wp-includes/functions.php on line 6121",
    "log": "/logs/plugins/t/testimonial-plus/error.json"
  },
  {
    "message": "Required parameter $field_id follows optional parameter $type in /wordpress/wp-content/plugins/timeline-express/lib/admin/CMB2/includes/rest-api/CMB2_REST.php on line 693",
    "level": "DEPRECATED",
    "type": "PHP",
    "test": "jspi-boot",
    "plugin": "testimonial-plus",
    "details": "[06-May-2025 08:59:29 UTC] PHP Deprecated:  Required parameter $field_id follows optional parameter $type in /wordpress/wp-content/plugins/timeline-express/lib/admin/CMB2/includes/rest-api/CMB2_REST.php on line 693",
    "log": "/logs/plugins/t/testimonial-plus/error.json"
  },
  {
    "message": "Undefined variable $wp_version in /wordpress/wp-content/plugins/twitcategory/twitcategory.php on line 107",
    "level": "WARNING",
    "type": "PHP",
    "test": "jspi-boot",
    "plugin": "testimonial-plus",
    "details": "[06-May-2025 09:00:07 UTC] PHP Warning:  Undefined variable $wp_version in /wordpress/wp-content/plugins/twitcategory/twitcategory.php on line 107",
    "log": "/logs/plugins/t/testimonial-plus/error.json"
  },
  {
    "message": "File upgrade-functions.php is <strong>deprecated</strong> since version 2.5.0! Use wp-admin/includes/upgrade.php instead. in /wordpress/wp-includes/functions.php on line 6121",
    "level": "DEPRECATED",
    "type": "PHP",
    "test": "jspi-boot",
    "plugin": "testimonial-plus",
    "details": "[06-May-2025 09:00:07 UTC] PHP Deprecated:  File upgrade-functions.php is <strong>deprecated</strong> since version 2.5.0! Use wp-admin/includes/upgrade.php instead. in /wordpress/wp-includes/functions.php on line 6121",
    "log": "/logs/plugins/t/testimonial-plus/error.json"
  },
  {
    "message": "Undefined variable $wp_version in /wordpress/wp-content/plugins/twitcategory/twitcategory.php on line 77",
    "level": "WARNING",
    "type": "PHP",
    "test": "jspi-boot",
    "plugin": "testimonial-plus",
    "details": "[06-May-2025 09:00:07 UTC] PHP Warning:  Undefined variable $wp_version in /wordpress/wp-content/plugins/twitcategory/twitcategory.php on line 77",
    "log": "/logs/plugins/t/testimonial-plus/error.json"
  },
  {
    "message": "Function wpdb::escape is <strong>deprecated</strong> since version 3.6.0! Use wpdb::prepare() or esc_sql() instead. in /wordpress/wp-includes/functions.php on line 6121",
    "level": "DEPRECATED",
    "type": "PHP",
    "test": "jspi-boot",
    "plugin": "testimonial-plus",
    "details": "[06-May-2025 09:00:07 UTC] PHP Deprecated:  Function wpdb::escape is <strong>deprecated</strong> since version 3.6.0! Use wpdb::prepare() or esc_sql() instead. in /wordpress/wp-includes/functions.php on line 6121",
    "log": "/logs/plugins/t/testimonial-plus/error.json"
  },
  {
    "message": "Undefined variable $wp_version in /wordpress/wp-content/plugins/twitcategory/twitcategory.php on line 107",
    "level": "WARNING",
    "type": "PHP",
    "test": "jspi-boot",
    "plugin": "testimonial-plus",
    "details": "[06-May-2025 09:00:17 UTC] PHP Warning:  Undefined variable $wp_version in /wordpress/wp-content/plugins/twitcategory/twitcategory.php on line 107",
    "log": "/logs/plugins/t/testimonial-plus/error.json"
  },
  {
    "message": "File upgrade-functions.php is <strong>deprecated</strong> since version 2.5.0! Use wp-admin/includes/upgrade.php instead. in /wordpress/wp-includes/functions.php on line 6121",
    "level": "DEPRECATED",
    "type": "PHP",
    "test": "jspi-boot",
    "plugin": "testimonial-plus",
    "details": "[06-May-2025 09:00:17 UTC] PHP Deprecated:  File upgrade-functions.php is <strong>deprecated</strong> since version 2.5.0! Use wp-admin/includes/upgrade.php instead. in /wordpress/wp-includes/functions.php on line 6121",
    "log": "/logs/plugins/t/testimonial-plus/error.json"
  },
  {
    "message": "Undefined variable $wp_version in /wordpress/wp-content/plugins/twitcategory/twitcategory.php on line 77",
    "level": "WARNING",
    "type": "PHP",
    "test": "jspi-boot",
    "plugin": "testimonial-plus",
    "details": "[06-May-2025 09:00:17 UTC] PHP Warning:  Undefined variable $wp_version in /wordpress/wp-content/plugins/twitcategory/twitcategory.php on line 77",
    "log": "/logs/plugins/t/testimonial-plus/error.json"
  },
  {
    "message": "Function wpdb::escape is <strong>deprecated</strong> since version 3.6.0! Use wpdb::prepare() or esc_sql() instead. in /wordpress/wp-includes/functions.php on line 6121",
    "level": "DEPRECATED",
    "type": "PHP",
    "test": "jspi-boot",
    "plugin": "testimonial-plus",
    "details": "[06-May-2025 09:00:17 UTC] PHP Deprecated:  Function wpdb::escape is <strong>deprecated</strong> since version 3.6.0! Use wpdb::prepare() or esc_sql() instead. in /wordpress/wp-includes/functions.php on line 6121",
    "log": "/logs/plugins/t/testimonial-plus/error.json"
  },
  {
    "message": "Undefined variable $wp_version in /wordpress/wp-content/plugins/twitcategory/twitcategory.php on line 107",
    "level": "WARNING",
    "type": "PHP",
    "test": "jspi-boot",
    "plugin": "testimonial-plus",
    "details": "[06-May-2025 09:00:25 UTC] PHP Warning:  Undefined variable $wp_version in /wordpress/wp-content/plugins/twitcategory/twitcategory.php on line 107",
    "log": "/logs/plugins/t/testimonial-plus/error.json"
  },
  {
    "message": "File upgrade-functions.php is <strong>deprecated</strong> since version 2.5.0! Use wp-admin/includes/upgrade.php instead. in /wordpress/wp-includes/functions.php on line 6121",
    "level": "DEPRECATED",
    "type": "PHP",
    "test": "jspi-boot",
    "plugin": "testimonial-plus",
    "details": "[06-May-2025 09:00:25 UTC] PHP Deprecated:  File upgrade-functions.php is <strong>deprecated</strong> since version 2.5.0! Use wp-admin/includes/upgrade.php instead. in /wordpress/wp-includes/functions.php on line 6121",
    "log": "/logs/plugins/t/testimonial-plus/error.json"
  },
  {
    "message": "Undefined variable $wp_version in /wordpress/wp-content/plugins/twitcategory/twitcategory.php on line 77",
    "level": "WARNING",
    "type": "PHP",
    "test": "jspi-boot",
    "plugin": "testimonial-plus",
    "details": "[06-May-2025 09:00:25 UTC] PHP Warning:  Undefined variable $wp_version in /wordpress/wp-content/plugins/twitcategory/twitcategory.php on line 77",
    "log": "/logs/plugins/t/testimonial-plus/error.json"
  },
  {
    "message": "Function wpdb::escape is <strong>deprecated</strong> since version 3.6.0! Use wpdb::prepare() or esc_sql() instead. in /wordpress/wp-includes/functions.php on line 6121",
    "level": "DEPRECATED",
    "type": "PHP",
    "test": "jspi-boot",
    "plugin": "testimonial-plus",
    "details": "[06-May-2025 09:00:25 UTC] PHP Deprecated:  Function wpdb::escape is <strong>deprecated</strong> since version 3.6.0! Use wpdb::prepare() or esc_sql() instead. in /wordpress/wp-includes/functions.php on line 6121",
    "log": "/logs/plugins/t/testimonial-plus/error.json"
  },
  {
    "message": "Attempt to read property \"id\" on null in /wordpress/wp-content/plugins/talentlms/src/Pages/Errors.php on line 74",
    "level": "WARNING",
    "type": "PHP",
    "test": "jspi-boot",
    "plugin": "testimonial-plus",
    "details": "[06-May-2025 09:02:28 UTC] PHP Warning:  Attempt to read property \"id\" on null in /wordpress/wp-content/plugins/talentlms/src/Pages/Errors.php on line 74",
    "log": "/logs/plugins/t/testimonial-plus/error.json"
  },
  {
    "message": "Function get_page_by_title is <strong>deprecated</strong> since version 6.2.0! Use WP_Query instead. in /wordpress/wp-includes/functions.php on line 6121",
    "level": "DEPRECATED",
    "type": "PHP",
    "test": "jspi-boot",
    "plugin": "testimonial-plus",
    "details": "[06-May-2025 09:02:29 UTC] PHP Deprecated:  Function get_page_by_title is <strong>deprecated</strong> since version 6.2.0! Use WP_Query instead. in /wordpress/wp-includes/functions.php on line 6121",
    "log": "/logs/plugins/t/testimonial-plus/error.json"
  },
  {
    "message": "Function _load_textdomain_just_in_time was called <strong>incorrectly</strong>. Translation loading for the <code>talentlms</code> domain was triggered too early. This is usually an indicator for some code in the plugin or theme running too early. Translations should be loaded at the <code>init</code> action or later. Please see <a href=\"https://developer.wordpress.org/advanced-administration/debug/debug-wordpress/\">Debugging in WordPress</a> for more information. (This message was added in version 6.7.0.) in /wordpress/wp-includes/functions.php on line 6121",
    "level": "NOTICE",
    "type": "PHP",
    "test": "jspi-boot",
    "plugin": "testimonial-plus",
    "details": "[06-May-2025 09:02:30 UTC] PHP Notice:  Function _load_textdomain_just_in_time was called <strong>incorrectly</strong>. Translation loading for the <code>talentlms</code> domain was triggered too early. This is usually an indicator for some code in the plugin or theme running too early. Translations should be loaded at the <code>init</code> action or later. Please see <a href=\"https://developer.wordpress.org/advanced-administration/debug/debug-wordpress/\">Debugging in WordPress</a> for more information. (This message was added in version 6.7.0.) in /wordpress/wp-includes/functions.php on line 6121",
    "log": "/logs/plugins/t/testimonial-plus/error.json"
  },
  {
    "message": "Attempt to read property \"id\" on null in /wordpress/wp-content/plugins/talentlms/src/Pages/Errors.php on line 74",
    "level": "WARNING",
    "type": "PHP",
    "test": "jspi-boot",
    "plugin": "testimonial-plus",
    "details": "[06-May-2025 09:02:30 UTC] PHP Warning:  Attempt to read property \"id\" on null in /wordpress/wp-content/plugins/talentlms/src/Pages/Errors.php on line 74",
    "log": "/logs/plugins/t/testimonial-plus/error.json"
  },
  {
    "message": "Function wp_register_style was called <strong>incorrectly</strong>. Scripts and styles should not be registered or enqueued until the <code>wp_enqueue_scripts</code>, <code>admin_enqueue_scripts</code>, or <code>login_enqueue_scripts</code> hooks. This notice was triggered by the <code>tlms-widget</code> handle. Please see <a href=\"https://developer.wordpress.org/advanced-administration/debug/debug-wordpress/\">Debugging in WordPress</a> for more information. (This message was added in version 3.3.0.) in /wordpress/wp-includes/functions.php on line 6121",
    "level": "NOTICE",
    "type": "PHP",
    "test": "jspi-boot",
    "plugin": "testimonial-plus",
    "details": "[06-May-2025 09:02:30 UTC] PHP Notice:  Function wp_register_style was called <strong>incorrectly</strong>. Scripts and styles should not be registered or enqueued until the <code>wp_enqueue_scripts</code>, <code>admin_enqueue_scripts</code>, or <code>login_enqueue_scripts</code> hooks. This notice was triggered by the <code>tlms-widget</code> handle. Please see <a href=\"https://developer.wordpress.org/advanced-administration/debug/debug-wordpress/\">Debugging in WordPress</a> for more information. (This message was added in version 3.3.0.) in /wordpress/wp-includes/functions.php on line 6121",
    "log": "/logs/plugins/t/testimonial-plus/error.json"
  },
  {
    "message": "Function is_feed was called <strong>incorrectly</strong>. Conditional query tags do not work before the query is run. Before then, they always return false. Please see <a href=\"https://developer.wordpress.org/advanced-administration/debug/debug-wordpress/\">Debugging in WordPress</a> for more information. (This message was added in version 3.1.0.) in /wordpress/wp-includes/functions.php on line 6121",
    "level": "NOTICE",
    "type": "PHP",
    "test": "jspi-boot",
    "plugin": "testimonial-plus",
    "details": "[06-May-2025 09:02:30 UTC] PHP Notice:  Function is_feed was called <strong>incorrectly</strong>. Conditional query tags do not work before the query is run. Before then, they always return false. Please see <a href=\"https://developer.wordpress.org/advanced-administration/debug/debug-wordpress/\">Debugging in WordPress</a> for more information. (This message was added in version 3.1.0.) in /wordpress/wp-includes/functions.php on line 6121",
    "log": "/logs/plugins/t/testimonial-plus/error.json"
  },
  {
    "message": "Function wp_enqueue_style was called <strong>incorrectly</strong>. Scripts and styles should not be registered or enqueued until the <code>wp_enqueue_scripts</code>, <code>admin_enqueue_scripts</code>, or <code>login_enqueue_scripts</code> hooks. This notice was triggered by the <code>tlms-widget</code> handle. Please see <a href=\"https://developer.wordpress.org/advanced-administration/debug/debug-wordpress/\">Debugging in WordPress</a> for more information. (This message was added in version 3.3.0.) in /wordpress/wp-includes/functions.php on line 6121",
    "level": "NOTICE",
    "type": "PHP",
    "test": "jspi-boot",
    "plugin": "testimonial-plus",
    "details": "[06-May-2025 09:02:30 UTC] PHP Notice:  Function wp_enqueue_style was called <strong>incorrectly</strong>. Scripts and styles should not be registered or enqueued until the <code>wp_enqueue_scripts</code>, <code>admin_enqueue_scripts</code>, or <code>login_enqueue_scripts</code> hooks. This notice was triggered by the <code>tlms-widget</code> handle. Please see <a href=\"https://developer.wordpress.org/advanced-administration/debug/debug-wordpress/\">Debugging in WordPress</a> for more information. (This message was added in version 3.3.0.) in /wordpress/wp-includes/functions.php on line 6121",
    "log": "/logs/plugins/t/testimonial-plus/error.json"
  },
  {
    "message": "Attempt to read property \"id\" on null in /wordpress/wp-content/plugins/talentlms/src/Pages/Errors.php on line 74",
    "level": "WARNING",
    "type": "PHP",
    "test": "jspi-boot",
    "plugin": "testimonial-plus",
    "details": "[06-May-2025 09:02:48 UTC] PHP Warning:  Attempt to read property \"id\" on null in /wordpress/wp-content/plugins/talentlms/src/Pages/Errors.php on line 74",
    "log": "/logs/plugins/t/testimonial-plus/error.json"
  },
  {
    "message": "Function get_page_by_title is <strong>deprecated</strong> since version 6.2.0! Use WP_Query instead. in /wordpress/wp-includes/functions.php on line 6121",
    "level": "DEPRECATED",
    "type": "PHP",
    "test": "jspi-boot",
    "plugin": "testimonial-plus",
    "details": "[06-May-2025 09:02:48 UTC] PHP Deprecated:  Function get_page_by_title is <strong>deprecated</strong> since version 6.2.0! Use WP_Query instead. in /wordpress/wp-includes/functions.php on line 6121",
    "log": "/logs/plugins/t/testimonial-plus/error.json"
  },
  {
    "message": "Function _load_textdomain_just_in_time was called <strong>incorrectly</strong>. Translation loading for the <code>talentlms</code> domain was triggered too early. This is usually an indicator for some code in the plugin or theme running too early. Translations should be loaded at the <code>init</code> action or later. Please see <a href=\"https://developer.wordpress.org/advanced-administration/debug/debug-wordpress/\">Debugging in WordPress</a> for more information. (This message was added in version 6.7.0.) in /wordpress/wp-includes/functions.php on line 6121",
    "level": "NOTICE",
    "type": "PHP",
    "test": "jspi-boot",
    "plugin": "testimonial-plus",
    "details": "[06-May-2025 09:02:49 UTC] PHP Notice:  Function _load_textdomain_just_in_time was called <strong>incorrectly</strong>. Translation loading for the <code>talentlms</code> domain was triggered too early. This is usually an indicator for some code in the plugin or theme running too early. Translations should be loaded at the <code>init</code> action or later. Please see <a href=\"https://developer.wordpress.org/advanced-administration/debug/debug-wordpress/\">Debugging in WordPress</a> for more information. (This message was added in version 6.7.0.) in /wordpress/wp-includes/functions.php on line 6121",
    "log": "/logs/plugins/t/testimonial-plus/error.json"
  },
  {
    "message": "Attempt to read property \"id\" on null in /wordpress/wp-content/plugins/talentlms/src/Pages/Errors.php on line 74",
    "level": "WARNING",
    "type": "PHP",
    "test": "jspi-boot",
    "plugin": "testimonial-plus",
    "details": "[06-May-2025 09:02:49 UTC] PHP Warning:  Attempt to read property \"id\" on null in /wordpress/wp-content/plugins/talentlms/src/Pages/Errors.php on line 74",
    "log": "/logs/plugins/t/testimonial-plus/error.json"
  },
  {
    "message": "Function wp_register_style was called <strong>incorrectly</strong>. Scripts and styles should not be registered or enqueued until the <code>wp_enqueue_scripts</code>, <code>admin_enqueue_scripts</code>, or <code>login_enqueue_scripts</code> hooks. This notice was triggered by the <code>tlms-widget</code> handle. Please see <a href=\"https://developer.wordpress.org/advanced-administration/debug/debug-wordpress/\">Debugging in WordPress</a> for more information. (This message was added in version 3.3.0.) in /wordpress/wp-includes/functions.php on line 6121",
    "level": "NOTICE",
    "type": "PHP",
    "test": "jspi-boot",
    "plugin": "testimonial-plus",
    "details": "[06-May-2025 09:02:49 UTC] PHP Notice:  Function wp_register_style was called <strong>incorrectly</strong>. Scripts and styles should not be registered or enqueued until the <code>wp_enqueue_scripts</code>, <code>admin_enqueue_scripts</code>, or <code>login_enqueue_scripts</code> hooks. This notice was triggered by the <code>tlms-widget</code> handle. Please see <a href=\"https://developer.wordpress.org/advanced-administration/debug/debug-wordpress/\">Debugging in WordPress</a> for more information. (This message was added in version 3.3.0.) in /wordpress/wp-includes/functions.php on line 6121",
    "log": "/logs/plugins/t/testimonial-plus/error.json"
  },
  {
    "message": "Function is_feed was called <strong>incorrectly</strong>. Conditional query tags do not work before the query is run. Before then, they always return false. Please see <a href=\"https://developer.wordpress.org/advanced-administration/debug/debug-wordpress/\">Debugging in WordPress</a> for more information. (This message was added in version 3.1.0.) in /wordpress/wp-includes/functions.php on line 6121",
    "level": "NOTICE",
    "type": "PHP",
    "test": "jspi-boot",
    "plugin": "testimonial-plus",
    "details": "[06-May-2025 09:02:49 UTC] PHP Notice:  Function is_feed was called <strong>incorrectly</strong>. Conditional query tags do not work before the query is run. Before then, they always return false. Please see <a href=\"https://developer.wordpress.org/advanced-administration/debug/debug-wordpress/\">Debugging in WordPress</a> for more information. (This message was added in version 3.1.0.) in /wordpress/wp-includes/functions.php on line 6121",
    "log": "/logs/plugins/t/testimonial-plus/error.json"
  },
  {
    "message": "Function wp_enqueue_style was called <strong>incorrectly</strong>. Scripts and styles should not be registered or enqueued until the <code>wp_enqueue_scripts</code>, <code>admin_enqueue_scripts</code>, or <code>login_enqueue_scripts</code> hooks. This notice was triggered by the <code>tlms-widget</code> handle. Please see <a href=\"https://developer.wordpress.org/advanced-administration/debug/debug-wordpress/\">Debugging in WordPress</a> for more information. (This message was added in version 3.3.0.) in /wordpress/wp-includes/functions.php on line 6121",
    "level": "NOTICE",
    "type": "PHP",
    "test": "jspi-boot",
    "plugin": "testimonial-plus",
    "details": "[06-May-2025 09:02:49 UTC] PHP Notice:  Function wp_enqueue_style was called <strong>incorrectly</strong>. Scripts and styles should not be registered or enqueued until the <code>wp_enqueue_scripts</code>, <code>admin_enqueue_scripts</code>, or <code>login_enqueue_scripts</code> hooks. This notice was triggered by the <code>tlms-widget</code> handle. Please see <a href=\"https://developer.wordpress.org/advanced-administration/debug/debug-wordpress/\">Debugging in WordPress</a> for more information. (This message was added in version 3.3.0.) in /wordpress/wp-includes/functions.php on line 6121",
    "log": "/logs/plugins/t/testimonial-plus/error.json"
  },
  {
    "message": "Attempt to read property \"id\" on null in /wordpress/wp-content/plugins/talentlms/src/Pages/Errors.php on line 74",
    "level": "WARNING",
    "type": "PHP",
    "test": "jspi-boot",
    "plugin": "testimonial-plus",
    "details": "[06-May-2025 09:03:06 UTC] PHP Warning:  Attempt to read property \"id\" on null in /wordpress/wp-content/plugins/talentlms/src/Pages/Errors.php on line 74",
    "log": "/logs/plugins/t/testimonial-plus/error.json"
  },
  {
    "message": "Function get_page_by_title is <strong>deprecated</strong> since version 6.2.0! Use WP_Query instead. in /wordpress/wp-includes/functions.php on line 6121",
    "level": "DEPRECATED",
    "type": "PHP",
    "test": "jspi-boot",
    "plugin": "testimonial-plus",
    "details": "[06-May-2025 09:03:07 UTC] PHP Deprecated:  Function get_page_by_title is <strong>deprecated</strong> since version 6.2.0! Use WP_Query instead. in /wordpress/wp-includes/functions.php on line 6121",
    "log": "/logs/plugins/t/testimonial-plus/error.json"
  },
  {
    "message": "Function _load_textdomain_just_in_time was called <strong>incorrectly</strong>. Translation loading for the <code>talentlms</code> domain was triggered too early. This is usually an indicator for some code in the plugin or theme running too early. Translations should be loaded at the <code>init</code> action or later. Please see <a href=\"https://developer.wordpress.org/advanced-administration/debug/debug-wordpress/\">Debugging in WordPress</a> for more information. (This message was added in version 6.7.0.) in /wordpress/wp-includes/functions.php on line 6121",
    "level": "NOTICE",
    "type": "PHP",
    "test": "jspi-boot",
    "plugin": "testimonial-plus",
    "details": "[06-May-2025 09:03:08 UTC] PHP Notice:  Function _load_textdomain_just_in_time was called <strong>incorrectly</strong>. Translation loading for the <code>talentlms</code> domain was triggered too early. This is usually an indicator for some code in the plugin or theme running too early. Translations should be loaded at the <code>init</code> action or later. Please see <a href=\"https://developer.wordpress.org/advanced-administration/debug/debug-wordpress/\">Debugging in WordPress</a> for more information. (This message was added in version 6.7.0.) in /wordpress/wp-includes/functions.php on line 6121",
    "log": "/logs/plugins/t/testimonial-plus/error.json"
  },
  {
    "message": "Attempt to read property \"id\" on null in /wordpress/wp-content/plugins/talentlms/src/Pages/Errors.php on line 74",
    "level": "WARNING",
    "type": "PHP",
    "test": "jspi-boot",
    "plugin": "testimonial-plus",
    "details": "[06-May-2025 09:03:08 UTC] PHP Warning:  Attempt to read property \"id\" on null in /wordpress/wp-content/plugins/talentlms/src/Pages/Errors.php on line 74",
    "log": "/logs/plugins/t/testimonial-plus/error.json"
  },
  {
    "message": "Function wp_register_style was called <strong>incorrectly</strong>. Scripts and styles should not be registered or enqueued until the <code>wp_enqueue_scripts</code>, <code>admin_enqueue_scripts</code>, or <code>login_enqueue_scripts</code> hooks. This notice was triggered by the <code>tlms-widget</code> handle. Please see <a href=\"https://developer.wordpress.org/advanced-administration/debug/debug-wordpress/\">Debugging in WordPress</a> for more information. (This message was added in version 3.3.0.) in /wordpress/wp-includes/functions.php on line 6121",
    "level": "NOTICE",
    "type": "PHP",
    "test": "jspi-boot",
    "plugin": "testimonial-plus",
    "details": "[06-May-2025 09:03:08 UTC] PHP Notice:  Function wp_register_style was called <strong>incorrectly</strong>. Scripts and styles should not be registered or enqueued until the <code>wp_enqueue_scripts</code>, <code>admin_enqueue_scripts</code>, or <code>login_enqueue_scripts</code> hooks. This notice was triggered by the <code>tlms-widget</code> handle. Please see <a href=\"https://developer.wordpress.org/advanced-administration/debug/debug-wordpress/\">Debugging in WordPress</a> for more information. (This message was added in version 3.3.0.) in /wordpress/wp-includes/functions.php on line 6121",
    "log": "/logs/plugins/t/testimonial-plus/error.json"
  },
  {
    "message": "Function is_feed was called <strong>incorrectly</strong>. Conditional query tags do not work before the query is run. Before then, they always return false. Please see <a href=\"https://developer.wordpress.org/advanced-administration/debug/debug-wordpress/\">Debugging in WordPress</a> for more information. (This message was added in version 3.1.0.) in /wordpress/wp-includes/functions.php on line 6121",
    "level": "NOTICE",
    "type": "PHP",
    "test": "jspi-boot",
    "plugin": "testimonial-plus",
    "details": "[06-May-2025 09:03:08 UTC] PHP Notice:  Function is_feed was called <strong>incorrectly</strong>. Conditional query tags do not work before the query is run. Before then, they always return false. Please see <a href=\"https://developer.wordpress.org/advanced-administration/debug/debug-wordpress/\">Debugging in WordPress</a> for more information. (This message was added in version 3.1.0.) in /wordpress/wp-includes/functions.php on line 6121",
    "log": "/logs/plugins/t/testimonial-plus/error.json"
  },
  {
    "message": "Function wp_enqueue_style was called <strong>incorrectly</strong>. Scripts and styles should not be registered or enqueued until the <code>wp_enqueue_scripts</code>, <code>admin_enqueue_scripts</code>, or <code>login_enqueue_scripts</code> hooks. This notice was triggered by the <code>tlms-widget</code> handle. Please see <a href=\"https://developer.wordpress.org/advanced-administration/debug/debug-wordpress/\">Debugging in WordPress</a> for more information. (This message was added in version 3.3.0.) in /wordpress/wp-includes/functions.php on line 6121",
    "level": "NOTICE",
    "type": "PHP",
    "test": "jspi-boot",
    "plugin": "testimonial-plus",
    "details": "[06-May-2025 09:03:08 UTC] PHP Notice:  Function wp_enqueue_style was called <strong>incorrectly</strong>. Scripts and styles should not be registered or enqueued until the <code>wp_enqueue_scripts</code>, <code>admin_enqueue_scripts</code>, or <code>login_enqueue_scripts</code> hooks. This notice was triggered by the <code>tlms-widget</code> handle. Please see <a href=\"https://developer.wordpress.org/advanced-administration/debug/debug-wordpress/\">Debugging in WordPress</a> for more information. (This message was added in version 3.3.0.) in /wordpress/wp-includes/functions.php on line 6121\n\n    at Object.onBind (file:///home/runner/work/playground-tester/playground-tester/node_modules/@wp-playground/cli/index.js:237:15)\n    at process.processTicksAndRejections (node:internal/process/task_queues:105:5)\n    at async V (file:///home/runner/work/playground-tester/playground-tester/node_modules/@wp-playground/cli/index.js:64:10)\n    at async ja (file:///home/runner/work/playground-tester/playground-tester/node_modules/@wp-playground/cli/cli.js:8161:12) {\n  [cause]: Error: Error when executing the blueprint step #1 ({\"step\":\"installPlugin\",\"pluginData\":{\"resource\":\"wordpress.org/plugins\",\"slug\":\"testimonial-plus\"},\"options\":{\"activate\":true}}) : Could not download \"https://downloads.wordpress.org/plugin/testimonial-plus.latest-stable.zip\".\n  \t\t\t\tCheck if the URL is correct and the server is reachable.\n  \t\t\t\tIf it is reachable, the server might be blocking the request.\n  \t\t\t\tCheck the browser console and network tabs for more information.\n  \n  \t\t\t\t## Does the console show the error \"No 'Access-Control-Allow-Origin' header\"?\n  \n  \t\t\t\tThis means the server that hosts your file does not allow requests from other sites\n  \t\t\t\t(cross-origin requests, or CORS).\tYou need to move the asset to a server that allows\n  \t\t\t\tcross-origin file downloads. Learn more about CORS at\n  \t\t\t\thttps://developer.mozilla.org/en-US/docs/Web/HTTP/CORS.\n  \n  \t\t\t\tIf your file is on GitHub, load it from \"raw.githubusercontent.com\".\n  \t\t\t\tHere's how to do that:\n  \n  \t\t\t\t1. Start with the original GitHub URL of the file. For example:\n  \t\t\t\thttps://github.com/username/repository/blob/branch/filename.\n  \t\t\t\t2. Replace \"github.com\" with \"raw.githubusercontent.com\".\n  \t\t\t\t3. Remove the \"/blob/\" part of the URL.\n  \n  \t\t\t\tThe resulting URL should look like this:\n  \t\t\t\thttps://raw.githubusercontent.com/username/repository/branch/filename\n  \n  \t\t\t\tError:\n  \t\t\t\tError: Could not download \"https://downloads.wordpress.org/plugin/testimonial-plus.latest-stable.zip\"\n      at Object.run (file:///home/runner/work/playground-tester/playground-tester/node_modules/@wp-playground/blueprints/index.js:12449:19)\n      at process.processTicksAndRejections (node:internal/process/task_queues:105:5)\n      at async ms (file:///home/runner/work/playground-tester/playground-tester/node_modules/@wp-playground/blueprints/index.js:12552:3)\n      at async Object.onBind (file:///home/runner/work/playground-tester/playground-tester/node_modules/@wp-playground/cli/index.js:227:48)\n      at async V (file:///home/runner/work/playground-tester/playground-tester/node_modules/@wp-playground/cli/index.js:64:10)\n      at async ja (file:///home/runner/work/playground-tester/playground-tester/node_modules/@wp-playground/cli/cli.js:8161:12) {\n    [cause]: Error: Could not download \"https://downloads.wordpress.org/plugin/testimonial-plus.latest-stable.zip\".\n    \t\t\t\tCheck if the URL is correct and the server is reachable.\n    \t\t\t\tIf it is reachable, the server might be blocking the request.\n    \t\t\t\tCheck the browser console and network tabs for more information.\n    \n    \t\t\t\t## Does the console show the error \"No 'Access-Control-Allow-Origin' header\"?\n    \n    \t\t\t\tThis means the server that hosts your file does not allow requests from other sites\n    \t\t\t\t(cross-origin requests, or CORS).\tYou need to move the asset to a server that allows\n    \t\t\t\tcross-origin file downloads. Learn more about CORS at\n    \t\t\t\thttps://developer.mozilla.org/en-US/docs/Web/HTTP/CORS.\n    \n    \t\t\t\tIf your file is on GitHub, load it from \"raw.githubusercontent.com\".\n    \t\t\t\tHere's how to do that:\n    \n    \t\t\t\t1. Start with the original GitHub URL of the file. For example:\n    \t\t\t\thttps://github.com/username/repository/blob/branch/filename.\n    \t\t\t\t2. Replace \"github.com\" with \"raw.githubusercontent.com\".\n    \t\t\t\t3. Remove the \"/blob/\" part of the URL.\n    \n    \t\t\t\tThe resulting URL should look like this:\n    \t\t\t\thttps://raw.githubusercontent.com/username/repository/branch/filename\n    \n    \t\t\t\tError:\n    \t\t\t\tError: Could not download \"https://downloads.wordpress.org/plugin/testimonial-plus.latest-stable.zip\"\n        at Ct.resolve (file:///home/runner/work/playground-tester/playground-tester/node_modules/@wp-playground/blueprints/index.js:1472:13)\n        at process.processTicksAndRejections (node:internal/process/task_queues:105:5)\n        at async _.run (file:///home/runner/work/playground-tester/playground-tester/node_modules/@php-wasm/util/index.js:45:14)\n  }\n}\n\n",
    "log": "/logs/plugins/t/testimonial-plus/error.json"
  }
]
