file:///home/runner/work/playground-tester/playground-tester/node_modules/@wp-playground/cli/index.js:237
        throw new Error(y, { cause: u });
              ^

Error: [29-May-2025 20:50:59 UTC] WordPress database error <div style="clear:both">&nbsp;</div>
<div class="queries" style="clear:both;margin-bottom:2px;border:red dotted thin;">
<p>MySQL query:</p>
<p>ALTER TABLE wp_aff_hits
		ADD COLUMN campaign_id BIGINT(20) UNSIGNED DEFAULT NULL,
		ADD INDEX aff_hits_acm (affiliate_id, campaign_id);</p>
<p>Queries made or created this session were:</p>
<ol>
<li>Executing: BEGIN | (no parameters)</li>
<li>Executing: SELECT 1 FROM sqlite_temp_schema WHERE type = 'table' AND name = ? | parameters: wp_aff_hits</li>
<li>Executing: SELECT
					COLUMN_NAME,
					LOWER(COLUMN_NAME) AS COLUMN_NAME_LOWERCASE
				FROM `_wp_sqlite_mysql_information_schema_columns` WHERE table_schema = ? AND table_name = ? | parameters: database_name_here, wp_aff_hits</li>
<li>Executing: SELECT 1 FROM sqlite_temp_schema WHERE type = 'table' AND name = ? | parameters: wp_aff_hits</li>
<li>Executing: 
				SELECT MAX(ordinal_position)
				FROM `_wp_sqlite_mysql_information_schema_columns`
				WHERE table_schema = ?
				AND table_name = ?
			 | parameters: database_name_here, wp_aff_hits</li>
<li>Executing: INSERT INTO `_wp_sqlite_mysql_information_schema_columns` (`table_schema`, `table_name`, `column_name`, `ordinal_position`, `column_default`, `is_nullable`, `data_type`, `character_maximum_length`, `character_octet_length`, `numeric_precision`, `numeric_scale`, `datetime_precision`, `character_set_name`, `collation_name`, `column_type`, `column_key`, `extra`, `privileges`, `column_comment`, `generation_expression`, `srs_id`) VALUES (?, ?, ?, ?, ?, ?, ?, ?, ?, ?, ?, ?, ?, ?, ?, ?, ?, ?, ?, ?, ?) | parameters: database_name_here, wp_aff_hits, campaign_id, 14, , YES, bigint, , , 20, 0, , , , bigint(20) unsigned, , , select,insert,update,references, , , </li>
<li>Executing: 
					SELECT column_name, data_type, is_nullable, character_maximum_length
					FROM `_wp_sqlite_mysql_information_schema_columns`
					WHERE table_schema = ?
					AND table_name = ?
					AND column_name IN (?,?)
				 | parameters: database_name_here, wp_aff_hits, affiliate_id, campaign_id</li>
<li>Executing: INSERT INTO `_wp_sqlite_mysql_information_schema_statistics` (`table_schema`, `table_name`, `non_unique`, `index_schema`, `index_name`, `seq_in_index`, `column_name`, `collation`, `cardinality`, `sub_part`, `packed`, `nullable`, `index_type`, `comment`, `index_comment`, `is_visible`, `expression`) VALUES (?, ?, ?, ?, ?, ?, ?, ?, ?, ?, ?, ?, ?, ?, ?, ?, ?) | parameters: database_name_here, wp_aff_hits, 1, database_name_here, aff_hits_acm, 1, affiliate_id, A, 0, , , , BTREE, , , YES, </li>
<li>Executing: INSERT INTO `_wp_sqlite_mysql_information_schema_statistics` (`table_schema`, `table_name`, `non_unique`, `index_schema`, `index_name`, `seq_in_index`, `column_name`, `collation`, `cardinality`, `sub_part`, `packed`, `nullable`, `index_type`, `comment`, `index_comment`, `is_visible`, `expression`) VALUES (?, ?, ?, ?, ?, ?, ?, ?, ?, ?, ?, ?, ?, ?, ?, ?, ?) | parameters: database_name_here, wp_aff_hits, 1, database_name_here, aff_hits_acm, 2, campaign_id, A, 0, , , YES, BTREE, , , YES, </li>
<li>Executing: 
				UPDATE `_wp_sqlite_mysql_information_schema_columns` AS c
				SET (column_key, is_nullable) = (
					SELECT
						CASE
							WHEN MAX(s.index_name = 'PRIMARY') THEN 'PRI'
							WHEN MAX(s.non_unique = 0 AND s.seq_in_index = 1) THEN 'UNI'
							WHEN MAX(s.seq_in_index = 1) THEN 'MUL'
							ELSE ''
						END,
						CASE
							WHEN MAX(s.index_name = 'PRIMARY') THEN 'NO'
							ELSE c.is_nullable
						END
					FROM `_wp_sqlite_mysql_information_schema_statistics` AS s
					WHERE s.table_schema = c.table_schema
					AND s.table_name = c.table_name
					AND s.column_name = c.column_name
				)
			    WHERE c.table_schema = ?
			    AND c.table_name = ?
			 | parameters: database_name_here, wp_aff_hits</li>
<li>Executing: PRAGMA foreign_keys | (no parameters)</li>
<li>Executing: PRAGMA foreign_keys = OFF | (no parameters)</li>
<li>Executing: 
				SELECT *
				FROM `_wp_sqlite_mysql_information_schema_tables`
				WHERE table_type = 'BASE TABLE'
				AND table_schema = ?
				AND table_name = ?
			 | parameters: database_name_here, wp_aff_hits</li>
<li>Executing: SELECT * FROM `_wp_sqlite_mysql_information_schema_columns` WHERE table_schema = ? AND table_name = ? ORDER BY ordinal_position | parameters: database_name_here, wp_aff_hits</li>
<li>Executing: 
					SELECT *
					FROM `_wp_sqlite_mysql_information_schema_statistics`
					WHERE table_schema = ?
					AND table_name = ?
					ORDER BY
						INDEX_NAME = 'PRIMARY' DESC,
						NON_UNIQUE = '0' DESC,
						INDEX_TYPE = 'SPATIAL' DESC,
						INDEX_TYPE = 'BTREE' DESC,
						INDEX_TYPE = 'FULLTEXT' DESC,
						ROWID,
						SEQ_IN_INDEX
				 | parameters: database_name_here, wp_aff_hits</li>
<li>Executing: CREATE TABLE `_wp_sqlite_tmp_wp_aff_hits_6838c8b38f110` (
  `hit_id` INTEGER NOT NULL PRIMARY KEY AUTOINCREMENT,
  `hash` TEXT COLLATE NOCASE,
  `affiliate_id` INTEGER NOT NULL DEFAULT '0',
  `campaign_id` INTEGER,
  `date` TEXT COLLATE NOCASE NOT NULL,
  `datetime` TEXT COLLATE NOCASE NOT NULL,
  `ip` INTEGER NOT NULL DEFAULT '0',
  `src_uri_id` INTEGER,
  `dest_uri_id` INTEGER,
  `user_agent_id` INTEGER,
  `is_robot` INTEGER DEFAULT '0',
  `user_id` INTEGER,
  `type` TEXT COLLATE NOCASE,
  `campaign_id` INTEGER
) STRICT | (no parameters)</li>
<li>Executing: ROLLBACK | (no parameters)</li>
</ol>
</div>
<div style="clear:both;margin-bottom:2px;border:red dotted thin;" class="error_message" style="border-bottom:dotted blue thin;">
SQLSTATE[HY000]: General error: 1 duplicate column name: campaign_id
</div>
<p>Backtrace:</p>
<pre>#0 /internal/shared/sqlite-database-integration/wp-includes/sqlite-ast/class-wp-sqlite-driver.php(683): WP_SQLite_Driver->new_driver_exception('SQLSTATE[HY000]...', 'HY000', Object(PDOException))
#1 /internal/shared/sqlite-database-integration/wp-includes/sqlite/class-wp-sqlite-db.php(491): WP_SQLite_Driver->query('ALTER TABLE wp_...')
#2 /internal/shared/sqlite-database-integration/wp-includes/sqlite/class-wp-sqlite-db.php(432): WP_SQLite_DB->_do_query('ALTER TABLE wp_...')
#3 /wordpress/wp-content/plugins/affiliates/lib/core/wp-init.php(751): WP_SQLite_DB->query('ALTER TABLE wp_...')
#4 /wordpress/wp-content/plugins/affiliates/lib/core/wp-init.php(511): affiliates_update()
#5 /wordpress/wp-content/plugins/affiliates/lib/core/wp-init.php(235): affiliates_setup()
#6 /wordpress/wp-includes/class-wp-hook.php(324): affiliates_activate(false)
#7 /wordpress/wp-includes/class-wp-hook.php(348): WP_Hook->apply_filters('', Array)
#8 /wordpress/wp-includes/plugin.php(517): WP_Hook->do_action(Array)
#9 /wordpress/wp-admin/includes/plugin.php(703): do_action('activate_affili...', false)
#10 /internal/eval.php(20): activate_plugin('affiliates/affi...')
#11 {main}</pre>
 for query ALTER TABLE wp_aff_hits
		ADD COLUMN campaign_id BIGINT(20) UNSIGNED DEFAULT NULL,
		ADD INDEX aff_hits_acm (affiliate_id, campaign_id); made by activate_plugin, do_action('activate_affiliates/affiliates.php'), WP_Hook->do_action, WP_Hook->apply_filters, affiliates_activate, affiliates_setup, affiliates_update, WP_SQLite_DB->query, WP_SQLite_DB->print_error
[29-May-2025 20:50:59 UTC] WordPress database error <div style="clear:both">&nbsp;</div>
<div class="queries" style="clear:both;margin-bottom:2px;border:red dotted thin;">
<p>MySQL query:</p>
<p>ALTER TABLE wp_aff_hits
		ADD COLUMN hit_id BIGINT(20) UNSIGNED NOT NULL auto_increment,
		ADD COLUMN hash CHAR(64) DEFAULT NULL,
		DROP PRIMARY KEY,
		ADD PRIMARY KEY (hit_id),
		ADD INDEX hash (hash);</p>
<p>Queries made or created this session were:</p>
<ol>
<li>Executing: BEGIN | (no parameters)</li>
<li>Executing: SELECT 1 FROM sqlite_temp_schema WHERE type = 'table' AND name = ? | parameters: wp_aff_hits</li>
<li>Executing: SELECT
					COLUMN_NAME,
					LOWER(COLUMN_NAME) AS COLUMN_NAME_LOWERCASE
				FROM `_wp_sqlite_mysql_information_schema_columns` WHERE table_schema = ? AND table_name = ? | parameters: database_name_here, wp_aff_hits</li>
<li>Executing: SELECT 1 FROM sqlite_temp_schema WHERE type = 'table' AND name = ? | parameters: wp_aff_hits</li>
<li>Executing: 
				SELECT MAX(ordinal_position)
				FROM `_wp_sqlite_mysql_information_schema_columns`
				WHERE table_schema = ?
				AND table_name = ?
			 | parameters: database_name_here, wp_aff_hits</li>
<li>Executing: INSERT INTO `_wp_sqlite_mysql_information_schema_columns` (`table_schema`, `table_name`, `column_name`, `ordinal_position`, `column_default`, `is_nullable`, `data_type`, `character_maximum_length`, `character_octet_length`, `numeric_precision`, `numeric_scale`, `datetime_precision`, `character_set_name`, `collation_name`, `column_type`, `column_key`, `extra`, `privileges`, `column_comment`, `generation_expression`, `srs_id`) VALUES (?, ?, ?, ?, ?, ?, ?, ?, ?, ?, ?, ?, ?, ?, ?, ?, ?, ?, ?, ?, ?) | parameters: database_name_here, wp_aff_hits, hit_id, 14, , NO, bigint, , , 20, 0, , , , bigint(20) unsigned, , auto_increment, select,insert,update,references, , , </li>
<li>Executing: 
				SELECT MAX(ordinal_position)
				FROM `_wp_sqlite_mysql_information_schema_columns`
				WHERE table_schema = ?
				AND table_name = ?
			 | parameters: database_name_here, wp_aff_hits</li>
<li>Executing: INSERT INTO `_wp_sqlite_mysql_information_schema_columns` (`table_schema`, `table_name`, `column_name`, `ordinal_position`, `column_default`, `is_nullable`, `data_type`, `character_maximum_length`, `character_octet_length`, `numeric_precision`, `numeric_scale`, `datetime_precision`, `character_set_name`, `collation_name`, `column_type`, `column_key`, `extra`, `privileges`, `column_comment`, `generation_expression`, `srs_id`) VALUES (?, ?, ?, ?, ?, ?, ?, ?, ?, ?, ?, ?, ?, ?, ?, ?, ?, ?, ?, ?, ?) | parameters: database_name_here, wp_aff_hits, hash, 15, , YES, char, 64, 256, , , , utf8mb4, utf8mb4_general_ci, char(64), , , select,insert,update,references, , , </li>
<li>Executing: 
					SELECT column_name, data_type, is_nullable, character_maximum_length
					FROM `_wp_sqlite_mysql_information_schema_columns`
					WHERE table_schema = ?
					AND table_name = ?
					AND column_name IN (?)
				 | parameters: database_name_here, wp_aff_hits, hit_id</li>
<li>Executing: INSERT INTO `_wp_sqlite_mysql_information_schema_statistics` (`table_schema`, `table_name`, `non_unique`, `index_schema`, `index_name`, `seq_in_index`, `column_name`, `collation`, `cardinality`, `sub_part`, `packed`, `nullable`, `index_type`, `comment`, `index_comment`, `is_visible`, `expression`) VALUES (?, ?, ?, ?, ?, ?, ?, ?, ?, ?, ?, ?, ?, ?, ?, ?, ?) | parameters: database_name_here, wp_aff_hits, 0, database_name_here, PRIMARY, 1, hit_id, A, 0, , , , BTREE, , , YES, </li>
<li>Executing: INSERT INTO `_wp_sqlite_mysql_information_schema_table_constraints` (`table_schema`, `table_name`, `constraint_schema`, `constraint_name`, `constraint_type`) VALUES (?, ?, ?, ?, ?) | parameters: database_name_here, wp_aff_hits, database_name_here, PRIMARY, PRIMARY KEY</li>
<li>Executing: ROLLBACK | (no parameters)</li>
</ol>
</div>
<div style="clear:both;margin-bottom:2px;border:red dotted thin;" class="error_message" style="border-bottom:dotted blue thin;">
SQLSTATE[23000]: Integrity constraint violation: 19 UNIQUE constraint failed: _wp_sqlite_mysql_information_schema_table_constraints.CONSTRAINT_SCHEMA, _wp_sqlite_mysql_information_schema_table_constraints.TABLE_NAME, _wp_sqlite_mysql_information_schema_table_constraints.CONSTRAINT_TYPE, _wp_sqlite_mysql_information_schema_table_constraints.CONSTRAINT_NAME
</div>
<p>Backtrace:</p>
<pre>#0 /internal/shared/sqlite-database-integration/wp-includes/sqlite-ast/class-wp-sqlite-driver.php(683): WP_SQLite_Driver->new_driver_exception('SQLSTATE[23000]...', '23000', Object(PDOException))
#1 /internal/shared/sqlite-database-integration/wp-includes/sqlite/class-wp-sqlite-db.php(491): WP_SQLite_Driver->query('ALTER TABLE wp_...')
#2 /internal/shared/sqlite-database-integration/wp-includes/sqlite/class-wp-sqlite-db.php(432): WP_SQLite_DB->_do_query('ALTER TABLE wp_...')
#3 /wordpress/wp-content/plugins/affiliates/lib/core/wp-init.php(751): WP_SQLite_DB->query('ALTER TABLE wp_...')
#4 /wordpress/wp-content/plugins/affiliates/lib/core/wp-init.php(511): affiliates_update()
#5 /wordpress/wp-content/plugins/affiliates/lib/core/wp-init.php(235): affiliates_setup()
#6 /wordpress/wp-includes/class-wp-hook.php(324): affiliates_activate(false)
#7 /wordpress/wp-includes/class-wp-hook.php(348): WP_Hook->apply_filters('', Array)
#8 /wordpress/wp-includes/plugin.php(517): WP_Hook->do_action(Array)
#9 /wordpress/wp-admin/includes/plugin.php(703): do_action('activate_affili...', false)
#10 /internal/eval.php(20): activate_plugin('affiliates/affi...')
#11 {main}</pre>
 for query ALTER TABLE wp_aff_hits
		ADD COLUMN hit_id BIGINT(20) UNSIGNED NOT NULL auto_increment,
		ADD COLUMN hash CHAR(64) DEFAULT NULL,
		DROP PRIMARY KEY,
		ADD PRIMARY KEY (hit_id),
		ADD INDEX hash (hash); made by activate_plugin, do_action('activate_affiliates/affiliates.php'), WP_Hook->do_action, WP_Hook->apply_filters, affiliates_activate, affiliates_setup, affiliates_update, WP_SQLite_DB->query, WP_SQLite_DB->print_error
[29-May-2025 20:50:59 UTC] WordPress database error <div style="clear:both">&nbsp;</div>
<div class="queries" style="clear:both;margin-bottom:2px;border:red dotted thin;">
<p>MySQL query:</p>
<p>ALTER TABLE wp_aff_hits
		ADD COLUMN src_uri_id BIGINT(20) UNSIGNED DEFAULT NULL,
		ADD COLUMN dest_uri_id BIGINT(20) UNSIGNED DEFAULT NULL,
		ADD INDEX aff_hits_src_uri (src_uri_id),
		ADD INDEX aff_hits_dest_uri (dest_uri_id);</p>
<p>Queries made or created this session were:</p>
<ol>
<li>Executing: BEGIN | (no parameters)</li>
<li>Executing: SELECT 1 FROM sqlite_temp_schema WHERE type = 'table' AND name = ? | parameters: wp_aff_hits</li>
<li>Executing: SELECT
					COLUMN_NAME,
					LOWER(COLUMN_NAME) AS COLUMN_NAME_LOWERCASE
				FROM `_wp_sqlite_mysql_information_schema_columns` WHERE table_schema = ? AND table_name = ? | parameters: database_name_here, wp_aff_hits</li>
<li>Executing: SELECT 1 FROM sqlite_temp_schema WHERE type = 'table' AND name = ? | parameters: wp_aff_hits</li>
<li>Executing: 
				SELECT MAX(ordinal_position)
				FROM `_wp_sqlite_mysql_information_schema_columns`
				WHERE table_schema = ?
				AND table_name = ?
			 | parameters: database_name_here, wp_aff_hits</li>
<li>Executing: INSERT INTO `_wp_sqlite_mysql_information_schema_columns` (`table_schema`, `table_name`, `column_name`, `ordinal_position`, `column_default`, `is_nullable`, `data_type`, `character_maximum_length`, `character_octet_length`, `numeric_precision`, `numeric_scale`, `datetime_precision`, `character_set_name`, `collation_name`, `column_type`, `column_key`, `extra`, `privileges`, `column_comment`, `generation_expression`, `srs_id`) VALUES (?, ?, ?, ?, ?, ?, ?, ?, ?, ?, ?, ?, ?, ?, ?, ?, ?, ?, ?, ?, ?) | parameters: database_name_here, wp_aff_hits, src_uri_id, 14, , YES, bigint, , , 20, 0, , , , bigint(20) unsigned, , , select,insert,update,references, , , </li>
<li>Executing: 
				SELECT MAX(ordinal_position)
				FROM `_wp_sqlite_mysql_information_schema_columns`
				WHERE table_schema = ?
				AND table_name = ?
			 | parameters: database_name_here, wp_aff_hits</li>
<li>Executing: INSERT INTO `_wp_sqlite_mysql_information_schema_columns` (`table_schema`, `table_name`, `column_name`, `ordinal_position`, `column_default`, `is_nullable`, `data_type`, `character_maximum_length`, `character_octet_length`, `numeric_precision`, `numeric_scale`, `datetime_precision`, `character_set_name`, `collation_name`, `column_type`, `column_key`, `extra`, `privileges`, `column_comment`, `generation_expression`, `srs_id`) VALUES (?, ?, ?, ?, ?, ?, ?, ?, ?, ?, ?, ?, ?, ?, ?, ?, ?, ?, ?, ?, ?) | parameters: database_name_here, wp_aff_hits, dest_uri_id, 15, , YES, bigint, , , 20, 0, , , , bigint(20) unsigned, , , select,insert,update,references, , , </li>
<li>Executing: 
					SELECT column_name, data_type, is_nullable, character_maximum_length
					FROM `_wp_sqlite_mysql_information_schema_columns`
					WHERE table_schema = ?
					AND table_name = ?
					AND column_name IN (?)
				 | parameters: database_name_here, wp_aff_hits, src_uri_id</li>
<li>Executing: INSERT INTO `_wp_sqlite_mysql_information_schema_statistics` (`table_schema`, `table_name`, `non_unique`, `index_schema`, `index_name`, `seq_in_index`, `column_name`, `collation`, `cardinality`, `sub_part`, `packed`, `nullable`, `index_type`, `comment`, `index_comment`, `is_visible`, `expression`) VALUES (?, ?, ?, ?, ?, ?, ?, ?, ?, ?, ?, ?, ?, ?, ?, ?, ?) | parameters: database_name_here, wp_aff_hits, 1, database_name_here, aff_hits_src_uri, 1, src_uri_id, A, 0, , , YES, BTREE, , , YES, </li>
<li>Executing: 
				UPDATE `_wp_sqlite_mysql_information_schema_columns` AS c
				SET (column_key, is_nullable) = (
					SELECT
						CASE
							WHEN MAX(s.index_name = 'PRIMARY') THEN 'PRI'
							WHEN MAX(s.non_unique = 0 AND s.seq_in_index = 1) THEN 'UNI'
							WHEN MAX(s.seq_in_index = 1) THEN 'MUL'
							ELSE ''
						END,
						CASE
							WHEN MAX(s.index_name = 'PRIMARY') THEN 'NO'
							ELSE c.is_nullable
						END
					FROM `_wp_sqlite_mysql_information_schema_statistics` AS s
					WHERE s.table_schema = c.table_schema
					AND s.table_name = c.table_name
					AND s.column_name = c.column_name
				)
			    WHERE c.table_schema = ?
			    AND c.table_name = ?
			 | parameters: database_name_here, wp_aff_hits</li>
<li>Executing: 
					SELECT column_name, data_type, is_nullable, character_maximum_length
					FROM `_wp_sqlite_mysql_information_schema_columns`
					WHERE table_schema = ?
					AND table_name = ?
					AND column_name IN (?)
				 | parameters: database_name_here, wp_aff_hits, dest_uri_id</li>
<li>Executing: INSERT INTO `_wp_sqlite_mysql_information_schema_statistics` (`table_schema`, `table_name`, `non_unique`, `index_schema`, `index_name`, `seq_in_index`, `column_name`, `collation`, `cardinality`, `sub_part`, `packed`, `nullable`, `index_type`, `comment`, `index_comment`, `is_visible`, `expression`) VALUES (?, ?, ?, ?, ?, ?, ?, ?, ?, ?, ?, ?, ?, ?, ?, ?, ?) | parameters: database_name_here, wp_aff_hits, 1, database_name_here, aff_hits_dest_uri, 1, dest_uri_id, A, 0, , , YES, BTREE, , , YES, </li>
<li>Executing: 
				UPDATE `_wp_sqlite_mysql_information_schema_columns` AS c
				SET (column_key, is_nullable) = (
					SELECT
						CASE
							WHEN MAX(s.index_name = 'PRIMARY') THEN 'PRI'
							WHEN MAX(s.non_unique = 0 AND s.seq_in_index = 1) THEN 'UNI'
							WHEN MAX(s.seq_in_index = 1) THEN 'MUL'
							ELSE ''
						END,
						CASE
							WHEN MAX(s.index_name = 'PRIMARY') THEN 'NO'
							ELSE c.is_nullable
						END
					FROM `_wp_sqlite_mysql_information_schema_statistics` AS s
					WHERE s.table_schema = c.table_schema
					AND s.table_name = c.table_name
					AND s.column_name = c.column_name
				)
			    WHERE c.table_schema = ?
			    AND c.table_name = ?
			 | parameters: database_name_here, wp_aff_hits</li>
<li>Executing: PRAGMA foreign_keys | (no parameters)</li>
<li>Executing: PRAGMA foreign_keys = OFF | (no parameters)</li>
<li>Executing: 
				SELECT *
				FROM `_wp_sqlite_mysql_information_schema_tables`
				WHERE table_type = 'BASE TABLE'
				AND table_schema = ?
				AND table_name = ?
			 | parameters: database_name_here, wp_aff_hits</li>
<li>Executing: SELECT * FROM `_wp_sqlite_mysql_information_schema_columns` WHERE table_schema = ? AND table_name = ? ORDER BY ordinal_position | parameters: database_name_here, wp_aff_hits</li>
<li>Executing: 
					SELECT *
					FROM `_wp_sqlite_mysql_information_schema_statistics`
					WHERE table_schema = ?
					AND table_name = ?
					ORDER BY
						INDEX_NAME = 'PRIMARY' DESC,
						NON_UNIQUE = '0' DESC,
						INDEX_TYPE = 'SPATIAL' DESC,
						INDEX_TYPE = 'BTREE' DESC,
						INDEX_TYPE = 'FULLTEXT' DESC,
						ROWID,
						SEQ_IN_INDEX
				 | parameters: database_name_here, wp_aff_hits</li>
<li>Executing: CREATE TABLE `_wp_sqlite_tmp_wp_aff_hits_6838c8b3b1008` (
  `hit_id` INTEGER NOT NULL PRIMARY KEY AUTOINCREMENT,
  `hash` TEXT COLLATE NOCASE,
  `affiliate_id` INTEGER NOT NULL DEFAULT '0',
  `campaign_id` INTEGER,
  `date` TEXT COLLATE NOCASE NOT NULL,
  `datetime` TEXT COLLATE NOCASE NOT NULL,
  `ip` INTEGER NOT NULL DEFAULT '0',
  `src_uri_id` INTEGER,
  `dest_uri_id` INTEGER,
  `user_agent_id` INTEGER,
  `is_robot` INTEGER DEFAULT '0',
  `user_id` INTEGER,
  `type` TEXT COLLATE NOCASE,
  `src_uri_id` INTEGER,
  `dest_uri_id` INTEGER
) STRICT | (no parameters)</li>
<li>Executing: ROLLBACK | (no parameters)</li>
</ol>
</div>
<div style="clear:both;margin-bottom:2px;border:red dotted thin;" class="error_message" style="border-bottom:dotted blue thin;">
SQLSTATE[HY000]: General error: 1 duplicate column name: src_uri_id
</div>
<p>Backtrace:</p>
<pre>#0 /internal/shared/sqlite-database-integration/wp-includes/sqlite-ast/class-wp-sqlite-driver.php(683): WP_SQLite_Driver->new_driver_exception('SQLSTATE[HY000]...', 'HY000', Object(PDOException))
#1 /internal/shared/sqlite-database-integration/wp-includes/sqlite/class-wp-sqlite-db.php(491): WP_SQLite_Driver->query('ALTER TABLE wp_...')
#2 /internal/shared/sqlite-database-integration/wp-includes/sqlite/class-wp-sqlite-db.php(432): WP_SQLite_DB->_do_query('ALTER TABLE wp_...')
#3 /wordpress/wp-content/plugins/affiliates/lib/core/wp-init.php(751): WP_SQLite_DB->query('ALTER TABLE wp_...')
#4 /wordpress/wp-content/plugins/affiliates/lib/core/wp-init.php(511): affiliates_update()
#5 /wordpress/wp-content/plugins/affiliates/lib/core/wp-init.php(235): affiliates_setup()
#6 /wordpress/wp-includes/class-wp-hook.php(324): affiliates_activate(false)
#7 /wordpress/wp-includes/class-wp-hook.php(348): WP_Hook->apply_filters('', Array)
#8 /wordpress/wp-includes/plugin.php(517): WP_Hook->do_action(Array)
#9 /wordpress/wp-admin/includes/plugin.php(703): do_action('activate_affili...', false)
#10 /internal/eval.php(20): activate_plugin('affiliates/affi...')
#11 {main}</pre>
 for query ALTER TABLE wp_aff_hits
		ADD COLUMN src_uri_id BIGINT(20) UNSIGNED DEFAULT NULL,
		ADD COLUMN dest_uri_id BIGINT(20) UNSIGNED DEFAULT NULL,
		ADD INDEX aff_hits_src_uri (src_uri_id),
		ADD INDEX aff_hits_dest_uri (dest_uri_id); made by activate_plugin, do_action('activate_affiliates/affiliates.php'), WP_Hook->do_action, WP_Hook->apply_filters, affiliates_activate, affiliates_setup, affiliates_update, WP_SQLite_DB->query, WP_SQLite_DB->print_error
[29-May-2025 20:50:59 UTC] WordPress database error <div style="clear:both">&nbsp;</div>
<div class="queries" style="clear:both;margin-bottom:2px;border:red dotted thin;">
<p>MySQL query:</p>
<p>ALTER TABLE wp_aff_hits
		ADD COLUMN user_agent_id BIGINT(20) UNSIGNED DEFAULT NULL,
		ADD INDEX aff_hits_ua (user_agent_id);</p>
<p>Queries made or created this session were:</p>
<ol>
<li>Executing: BEGIN | (no parameters)</li>
<li>Executing: SELECT 1 FROM sqlite_temp_schema WHERE type = 'table' AND name = ? | parameters: wp_aff_hits</li>
<li>Executing: SELECT
					COLUMN_NAME,
					LOWER(COLUMN_NAME) AS COLUMN_NAME_LOWERCASE
				FROM `_wp_sqlite_mysql_information_schema_columns` WHERE table_schema = ? AND table_name = ? | parameters: database_name_here, wp_aff_hits</li>
<li>Executing: SELECT 1 FROM sqlite_temp_schema WHERE type = 'table' AND name = ? | parameters: wp_aff_hits</li>
<li>Executing: 
				SELECT MAX(ordinal_position)
				FROM `_wp_sqlite_mysql_information_schema_columns`
				WHERE table_schema = ?
				AND table_name = ?
			 | parameters: database_name_here, wp_aff_hits</li>
<li>Executing: INSERT INTO `_wp_sqlite_mysql_information_schema_columns` (`table_schema`, `table_name`, `column_name`, `ordinal_position`, `column_default`, `is_nullable`, `data_type`, `character_maximum_length`, `character_octet_length`, `numeric_precision`, `numeric_scale`, `datetime_precision`, `character_set_name`, `collation_name`, `column_type`, `column_key`, `extra`, `privileges`, `column_comment`, `generation_expression`, `srs_id`) VALUES (?, ?, ?, ?, ?, ?, ?, ?, ?, ?, ?, ?, ?, ?, ?, ?, ?, ?, ?, ?, ?) | parameters: database_name_here, wp_aff_hits, user_agent_id, 14, , YES, bigint, , , 20, 0, , , , bigint(20) unsigned, , , select,insert,update,references, , , </li>
<li>Executing: 
					SELECT column_name, data_type, is_nullable, character_maximum_length
					FROM `_wp_sqlite_mysql_information_schema_columns`
					WHERE table_schema = ?
					AND table_name = ?
					AND column_name IN (?)
				 | parameters: database_name_here, wp_aff_hits, user_agent_id</li>
<li>Executing: INSERT INTO `_wp_sqlite_mysql_information_schema_statistics` (`table_schema`, `table_name`, `non_unique`, `index_schema`, `index_name`, `seq_in_index`, `column_name`, `collation`, `cardinality`, `sub_part`, `packed`, `nullable`, `index_type`, `comment`, `index_comment`, `is_visible`, `expression`) VALUES (?, ?, ?, ?, ?, ?, ?, ?, ?, ?, ?, ?, ?, ?, ?, ?, ?) | parameters: database_name_here, wp_aff_hits, 1, database_name_here, aff_hits_ua, 1, user_agent_id, A, 0, , , YES, BTREE, , , YES, </li>
<li>Executing: 
				UPDATE `_wp_sqlite_mysql_information_schema_columns` AS c
				SET (column_key, is_nullable) = (
					SELECT
						CASE
							WHEN MAX(s.index_name = 'PRIMARY') THEN 'PRI'
							WHEN MAX(s.non_unique = 0 AND s.seq_in_index = 1) THEN 'UNI'
							WHEN MAX(s.seq_in_index = 1) THEN 'MUL'
							ELSE ''
						END,
						CASE
							WHEN MAX(s.index_name = 'PRIMARY') THEN 'NO'
							ELSE c.is_nullable
						END
					FROM `_wp_sqlite_mysql_information_schema_statistics` AS s
					WHERE s.table_schema = c.table_schema
					AND s.table_name = c.table_name
					AND s.column_name = c.column_name
				)
			    WHERE c.table_schema = ?
			    AND c.table_name = ?
			 | parameters: database_name_here, wp_aff_hits</li>
<li>Executing: PRAGMA foreign_keys | (no parameters)</li>
<li>Executing: PRAGMA foreign_keys = OFF | (no parameters)</li>
<li>Executing: 
				SELECT *
				FROM `_wp_sqlite_mysql_information_schema_tables`
				WHERE table_type = 'BASE TABLE'
				AND table_schema = ?
				AND table_name = ?
			 | parameters: database_name_here, wp_aff_hits</li>
<li>Executing: SELECT * FROM `_wp_sqlite_mysql_information_schema_columns` WHERE table_schema = ? AND table_name = ? ORDER BY ordinal_position | parameters: database_name_here, wp_aff_hits</li>
<li>Executing: 
					SELECT *
					FROM `_wp_sqlite_mysql_information_schema_statistics`
					WHERE table_schema = ?
					AND table_name = ?
					ORDER BY
						INDEX_NAME = 'PRIMARY' DESC,
						NON_UNIQUE = '0' DESC,
						INDEX_TYPE = 'SPATIAL' DESC,
						INDEX_TYPE = 'BTREE' DESC,
						INDEX_TYPE = 'FULLTEXT' DESC,
						ROWID,
						SEQ_IN_INDEX
				 | parameters: database_name_here, wp_aff_hits</li>
<li>Executing: CREATE TABLE `_wp_sqlite_tmp_wp_aff_hits_6838c8b3b2390` (
  `hit_id` INTEGER NOT NULL PRIMARY KEY AUTOINCREMENT,
  `hash` TEXT COLLATE NOCASE,
  `affiliate_id` INTEGER NOT NULL DEFAULT '0',
  `campaign_id` INTEGER,
  `date` TEXT COLLATE NOCASE NOT NULL,
  `datetime` TEXT COLLATE NOCASE NOT NULL,
  `ip` INTEGER NOT NULL DEFAULT '0',
  `src_uri_id` INTEGER,
  `dest_uri_id` INTEGER,
  `user_agent_id` INTEGER,
  `is_robot` INTEGER DEFAULT '0',
  `user_id` INTEGER,
  `type` TEXT COLLATE NOCASE,
  `user_agent_id` INTEGER
) STRICT | (no parameters)</li>
<li>Executing: ROLLBACK | (no parameters)</li>
</ol>
</div>
<div style="clear:both;margin-bottom:2px;border:red dotted thin;" class="error_message" style="border-bottom:dotted blue thin;">
SQLSTATE[HY000]: General error: 1 duplicate column name: user_agent_id
</div>
<p>Backtrace:</p>
<pre>#0 /internal/shared/sqlite-database-integration/wp-includes/sqlite-ast/class-wp-sqlite-driver.php(683): WP_SQLite_Driver->new_driver_exception('SQLSTATE[HY000]...', 'HY000', Object(PDOException))
#1 /internal/shared/sqlite-database-integration/wp-includes/sqlite/class-wp-sqlite-db.php(491): WP_SQLite_Driver->query('ALTER TABLE wp_...')
#2 /internal/shared/sqlite-database-integration/wp-includes/sqlite/class-wp-sqlite-db.php(432): WP_SQLite_DB->_do_query('ALTER TABLE wp_...')
#3 /wordpress/wp-content/plugins/affiliates/lib/core/wp-init.php(751): WP_SQLite_DB->query('ALTER TABLE wp_...')
#4 /wordpress/wp-content/plugins/affiliates/lib/core/wp-init.php(511): affiliates_update()
#5 /wordpress/wp-content/plugins/affiliates/lib/core/wp-init.php(235): affiliates_setup()
#6 /wordpress/wp-includes/class-wp-hook.php(324): affiliates_activate(false)
#7 /wordpress/wp-includes/class-wp-hook.php(348): WP_Hook->apply_filters('', Array)
#8 /wordpress/wp-includes/plugin.php(517): WP_Hook->do_action(Array)
#9 /wordpress/wp-admin/includes/plugin.php(703): do_action('activate_affili...', false)
#10 /internal/eval.php(20): activate_plugin('affiliates/affi...')
#11 {main}</pre>
 for query ALTER TABLE wp_aff_hits
		ADD COLUMN user_agent_id BIGINT(20) UNSIGNED DEFAULT NULL,
		ADD INDEX aff_hits_ua (user_agent_id); made by activate_plugin, do_action('activate_affiliates/affiliates.php'), WP_Hook->do_action, WP_Hook->apply_filters, affiliates_activate, affiliates_setup, affiliates_update, WP_SQLite_DB->query, WP_SQLite_DB->print_error
[29-May-2025 20:50:59 UTC] WordPress database error <div style="clear:both">&nbsp;</div>
<div class="queries" style="clear:both;margin-bottom:2px;border:red dotted thin;">
<p>MySQL query:</p>
<p>ALTER TABLE wp_aff_referrals
		ADD COLUMN campaign_id BIGINT(20) UNSIGNED DEFAULT NULL,
		ADD INDEX aff_referrals_ac (affiliate_id, campaign_id),
		ADD INDEX aff_referrals_c (campaign_id);</p>
<p>Queries made or created this session were:</p>
<ol>
<li>Executing: BEGIN | (no parameters)</li>
<li>Executing: SELECT 1 FROM sqlite_temp_schema WHERE type = 'table' AND name = ? | parameters: wp_aff_referrals</li>
<li>Executing: SELECT
					COLUMN_NAME,
					LOWER(COLUMN_NAME) AS COLUMN_NAME_LOWERCASE
				FROM `_wp_sqlite_mysql_information_schema_columns` WHERE table_schema = ? AND table_name = ? | parameters: database_name_here, wp_aff_referrals</li>
<li>Executing: SELECT 1 FROM sqlite_temp_schema WHERE type = 'table' AND name = ? | parameters: wp_aff_referrals</li>
<li>Executing: 
				SELECT MAX(ordinal_position)
				FROM `_wp_sqlite_mysql_information_schema_columns`
				WHERE table_schema = ?
				AND table_name = ?
			 | parameters: database_name_here, wp_aff_referrals</li>
<li>Executing: INSERT INTO `_wp_sqlite_mysql_information_schema_columns` (`table_schema`, `table_name`, `column_name`, `ordinal_position`, `column_default`, `is_nullable`, `data_type`, `character_maximum_length`, `character_octet_length`, `numeric_precision`, `numeric_scale`, `datetime_precision`, `character_set_name`, `collation_name`, `column_type`, `column_key`, `extra`, `privileges`, `column_comment`, `generation_expression`, `srs_id`) VALUES (?, ?, ?, ?, ?, ?, ?, ?, ?, ?, ?, ?, ?, ?, ?, ?, ?, ?, ?, ?, ?) | parameters: database_name_here, wp_aff_referrals, campaign_id, 19, , YES, bigint, , , 20, 0, , , , bigint(20) unsigned, , , select,insert,update,references, , , </li>
<li>Executing: 
					SELECT column_name, data_type, is_nullable, character_maximum_length
					FROM `_wp_sqlite_mysql_information_schema_columns`
					WHERE table_schema = ?
					AND table_name = ?
					AND column_name IN (?,?)
				 | parameters: database_name_here, wp_aff_referrals, affiliate_id, campaign_id</li>
<li>Executing: INSERT INTO `_wp_sqlite_mysql_information_schema_statistics` (`table_schema`, `table_name`, `non_unique`, `index_schema`, `index_name`, `seq_in_index`, `column_name`, `collation`, `cardinality`, `sub_part`, `packed`, `nullable`, `index_type`, `comment`, `index_comment`, `is_visible`, `expression`) VALUES (?, ?, ?, ?, ?, ?, ?, ?, ?, ?, ?, ?, ?, ?, ?, ?, ?) | parameters: database_name_here, wp_aff_referrals, 1, database_name_here, aff_referrals_ac, 1, affiliate_id, A, 0, , , , BTREE, , , YES, </li>
<li>Executing: INSERT INTO `_wp_sqlite_mysql_information_schema_statistics` (`table_schema`, `table_name`, `non_unique`, `index_schema`, `index_name`, `seq_in_index`, `column_name`, `collation`, `cardinality`, `sub_part`, `packed`, `nullable`, `index_type`, `comment`, `index_comment`, `is_visible`, `expression`) VALUES (?, ?, ?, ?, ?, ?, ?, ?, ?, ?, ?, ?, ?, ?, ?, ?, ?) | parameters: database_name_here, wp_aff_referrals, 1, database_name_here, aff_referrals_ac, 2, campaign_id, A, 0, , , YES, BTREE, , , YES, </li>
<li>Executing: 
				UPDATE `_wp_sqlite_mysql_information_schema_columns` AS c
				SET (column_key, is_nullable) = (
					SELECT
						CASE
							WHEN MAX(s.index_name = 'PRIMARY') THEN 'PRI'
							WHEN MAX(s.non_unique = 0 AND s.seq_in_index = 1) THEN 'UNI'
							WHEN MAX(s.seq_in_index = 1) THEN 'MUL'
							ELSE ''
						END,
						CASE
							WHEN MAX(s.index_name = 'PRIMARY') THEN 'NO'
							ELSE c.is_nullable
						END
					FROM `_wp_sqlite_mysql_information_schema_statistics` AS s
					WHERE s.table_schema = c.table_schema
					AND s.table_name = c.table_name
					AND s.column_name = c.column_name
				)
			    WHERE c.table_schema = ?
			    AND c.table_name = ?
			 | parameters: database_name_here, wp_aff_referrals</li>
<li>Executing: 
					SELECT column_name, data_type, is_nullable, character_maximum_length
					FROM `_wp_sqlite_mysql_information_schema_columns`
					WHERE table_schema = ?
					AND table_name = ?
					AND column_name IN (?)
				 | parameters: database_name_here, wp_aff_referrals, campaign_id</li>
<li>Executing: INSERT INTO `_wp_sqlite_mysql_information_schema_statistics` (`table_schema`, `table_name`, `non_unique`, `index_schema`, `index_name`, `seq_in_index`, `column_name`, `collation`, `cardinality`, `sub_part`, `packed`, `nullable`, `index_type`, `comment`, `index_comment`, `is_visible`, `expression`) VALUES (?, ?, ?, ?, ?, ?, ?, ?, ?, ?, ?, ?, ?, ?, ?, ?, ?) | parameters: database_name_here, wp_aff_referrals, 1, database_name_here, aff_referrals_c, 1, campaign_id, A, 0, , , YES, BTREE, , , YES, </li>
<li>Executing: 
				UPDATE `_wp_sqlite_mysql_information_schema_columns` AS c
				SET (column_key, is_nullable) = (
					SELECT
						CASE
							WHEN MAX(s.index_name = 'PRIMARY') THEN 'PRI'
							WHEN MAX(s.non_unique = 0 AND s.seq_in_index = 1) THEN 'UNI'
							WHEN MAX(s.seq_in_index = 1) THEN 'MUL'
							ELSE ''
						END,
						CASE
							WHEN MAX(s.index_name = 'PRIMARY') THEN 'NO'
							ELSE c.is_nullable
						END
					FROM `_wp_sqlite_mysql_information_schema_statistics` AS s
					WHERE s.table_schema = c.table_schema
					AND s.table_name = c.table_name
					AND s.column_name = c.column_name
				)
			    WHERE c.table_schema = ?
			    AND c.table_name = ?
			 | parameters: database_name_here, wp_aff_referrals</li>
<li>Executing: PRAGMA foreign_keys | (no parameters)</li>
<li>Executing: PRAGMA foreign_keys = OFF | (no parameters)</li>
<li>Executing: 
				SELECT *
				FROM `_wp_sqlite_mysql_information_schema_tables`
				WHERE table_type = 'BASE TABLE'
				AND table_schema = ?
				AND table_name = ?
			 | parameters: database_name_here, wp_aff_referrals</li>
<li>Executing: SELECT * FROM `_wp_sqlite_mysql_information_schema_columns` WHERE table_schema = ? AND table_name = ? ORDER BY ordinal_position | parameters: database_name_here, wp_aff_referrals</li>
<li>Executing: 
					SELECT *
					FROM `_wp_sqlite_mysql_information_schema_statistics`
					WHERE table_schema = ?
					AND table_name = ?
					ORDER BY
						INDEX_NAME = 'PRIMARY' DESC,
						NON_UNIQUE = '0' DESC,
						INDEX_TYPE = 'SPATIAL' DESC,
						INDEX_TYPE = 'BTREE' DESC,
						INDEX_TYPE = 'FULLTEXT' DESC,
						ROWID,
						SEQ_IN_INDEX
				 | parameters: database_name_here, wp_aff_referrals</li>
<li>Executing: CREATE TABLE `_wp_sqlite_tmp_wp_aff_referrals_6838c8b3b4aa0` (
  `referral_id` INTEGER NOT NULL PRIMARY KEY AUTOINCREMENT,
  `affiliate_id` INTEGER NOT NULL DEFAULT '0',
  `campaign_id` INTEGER,
  `post_id` INTEGER NOT NULL DEFAULT '0',
  `datetime` TEXT COLLATE NOCASE NOT NULL,
  `description` TEXT COLLATE NOCASE,
  `ip` INTEGER,
  `ipv6` REAL,
  `user_id` INTEGER,
  `amount` REAL,
  `reference_amount` REAL,
  `currency_id` TEXT COLLATE NOCASE,
  `data` TEXT COLLATE NOCASE,
  `status` TEXT COLLATE NOCASE NOT NULL DEFAULT 'accepted',
  `type` TEXT COLLATE NOCASE,
  `reference` TEXT COLLATE NOCASE,
  `hit_id` INTEGER,
  `integration` TEXT COLLATE NOCASE,
  `campaign_id` INTEGER
) STRICT | (no parameters)</li>
<li>Executing: ROLLBACK | (no parameters)</li>
</ol>
</div>
<div style="clear:both;margin-bottom:2px;border:red dotted thin;" class="error_message" style="border-bottom:dotted blue thin;">
SQLSTATE[HY000]: General error: 1 duplicate column name: campaign_id
</div>
<p>Backtrace:</p>
<pre>#0 /internal/shared/sqlite-database-integration/wp-includes/sqlite-ast/class-wp-sqlite-driver.php(683): WP_SQLite_Driver->new_driver_exception('SQLSTATE[HY000]...', 'HY000', Object(PDOException))
#1 /internal/shared/sqlite-database-integration/wp-includes/sqlite/class-wp-sqlite-db.php(491): WP_SQLite_Driver->query('ALTER TABLE wp_...')
#2 /internal/shared/sqlite-database-integration/wp-includes/sqlite/class-wp-sqlite-db.php(432): WP_SQLite_DB->_do_query('ALTER TABLE wp_...')
#3 /wordpress/wp-content/plugins/affiliates/lib/core/wp-init.php(751): WP_SQLite_DB->query('ALTER TABLE wp_...')
#4 /wordpress/wp-content/plugins/affiliates/lib/core/wp-init.php(511): affiliates_update()
#5 /wordpress/wp-content/plugins/affiliates/lib/core/wp-init.php(235): affiliates_setup()
#6 /wordpress/wp-includes/class-wp-hook.php(324): affiliates_activate(false)
#7 /wordpress/wp-includes/class-wp-hook.php(348): WP_Hook->apply_filters('', Array)
#8 /wordpress/wp-includes/plugin.php(517): WP_Hook->do_action(Array)
#9 /wordpress/wp-admin/includes/plugin.php(703): do_action('activate_affili...', false)
#10 /internal/eval.php(20): activate_plugin('affiliates/affi...')
#11 {main}</pre>
 for query ALTER TABLE wp_aff_referrals
		ADD COLUMN campaign_id BIGINT(20) UNSIGNED DEFAULT NULL,
		ADD INDEX aff_referrals_ac (affiliate_id, campaign_id),
		ADD INDEX aff_referrals_c (campaign_id); made by activate_plugin, do_action('activate_affiliates/affiliates.php'), WP_Hook->do_action, WP_Hook->apply_filters, affiliates_activate, affiliates_setup, affiliates_update, WP_SQLite_DB->query, WP_SQLite_DB->print_error
[29-May-2025 20:50:59 UTC] WordPress database error <div style="clear:both">&nbsp;</div>
<div class="queries" style="clear:both;margin-bottom:2px;border:red dotted thin;">
<p>MySQL query:</p>
<p>ALTER TABLE wp_aff_referrals
		ADD COLUMN hit_id BIGINT(20) UNSIGNED DEFAULT NULL,
		ADD INDEX aff_referrals_h (hit_id);</p>
<p>Queries made or created this session were:</p>
<ol>
<li>Executing: BEGIN | (no parameters)</li>
<li>Executing: SELECT 1 FROM sqlite_temp_schema WHERE type = 'table' AND name = ? | parameters: wp_aff_referrals</li>
<li>Executing: SELECT
					COLUMN_NAME,
					LOWER(COLUMN_NAME) AS COLUMN_NAME_LOWERCASE
				FROM `_wp_sqlite_mysql_information_schema_columns` WHERE table_schema = ? AND table_name = ? | parameters: database_name_here, wp_aff_referrals</li>
<li>Executing: SELECT 1 FROM sqlite_temp_schema WHERE type = 'table' AND name = ? | parameters: wp_aff_referrals</li>
<li>Executing: 
				SELECT MAX(ordinal_position)
				FROM `_wp_sqlite_mysql_information_schema_columns`
				WHERE table_schema = ?
				AND table_name = ?
			 | parameters: database_name_here, wp_aff_referrals</li>
<li>Executing: INSERT INTO `_wp_sqlite_mysql_information_schema_columns` (`table_schema`, `table_name`, `column_name`, `ordinal_position`, `column_default`, `is_nullable`, `data_type`, `character_maximum_length`, `character_octet_length`, `numeric_precision`, `numeric_scale`, `datetime_precision`, `character_set_name`, `collation_name`, `column_type`, `column_key`, `extra`, `privileges`, `column_comment`, `generation_expression`, `srs_id`) VALUES (?, ?, ?, ?, ?, ?, ?, ?, ?, ?, ?, ?, ?, ?, ?, ?, ?, ?, ?, ?, ?) | parameters: database_name_here, wp_aff_referrals, hit_id, 19, , YES, bigint, , , 20, 0, , , , bigint(20) unsigned, , , select,insert,update,references, , , </li>
<li>Executing: 
					SELECT column_name, data_type, is_nullable, character_maximum_length
					FROM `_wp_sqlite_mysql_information_schema_columns`
					WHERE table_schema = ?
					AND table_name = ?
					AND column_name IN (?)
				 | parameters: database_name_here, wp_aff_referrals, hit_id</li>
<li>Executing: INSERT INTO `_wp_sqlite_mysql_information_schema_statistics` (`table_schema`, `table_name`, `non_unique`, `index_schema`, `index_name`, `seq_in_index`, `column_name`, `collation`, `cardinality`, `sub_part`, `packed`, `nullable`, `index_type`, `comment`, `index_comment`, `is_visible`, `expression`) VALUES (?, ?, ?, ?, ?, ?, ?, ?, ?, ?, ?, ?, ?, ?, ?, ?, ?) | parameters: database_name_here, wp_aff_referrals, 1, database_name_here, aff_referrals_h, 1, hit_id, A, 0, , , YES, BTREE, , , YES, </li>
<li>Executing: 
				UPDATE `_wp_sqlite_mysql_information_schema_columns` AS c
				SET (column_key, is_nullable) = (
					SELECT
						CASE
							WHEN MAX(s.index_name = 'PRIMARY') THEN 'PRI'
							WHEN MAX(s.non_unique = 0 AND s.seq_in_index = 1) THEN 'UNI'
							WHEN MAX(s.seq_in_index = 1) THEN 'MUL'
							ELSE ''
						END,
						CASE
							WHEN MAX(s.index_name = 'PRIMARY') THEN 'NO'
							ELSE c.is_nullable
						END
					FROM `_wp_sqlite_mysql_information_schema_statistics` AS s
					WHERE s.table_schema = c.table_schema
					AND s.table_name = c.table_name
					AND s.column_name = c.column_name
				)
			    WHERE c.table_schema = ?
			    AND c.table_name = ?
			 | parameters: database_name_here, wp_aff_referrals</li>
<li>Executing: PRAGMA foreign_keys | (no parameters)</li>
<li>Executing: PRAGMA foreign_keys = OFF | (no parameters)</li>
<li>Executing: 
				SELECT *
				FROM `_wp_sqlite_mysql_information_schema_tables`
				WHERE table_type = 'BASE TABLE'
				AND table_schema = ?
				AND table_name = ?
			 | parameters: database_name_here, wp_aff_referrals</li>
<li>Executing: SELECT * FROM `_wp_sqlite_mysql_information_schema_columns` WHERE table_schema = ? AND table_name = ? ORDER BY ordinal_position | parameters: database_name_here, wp_aff_referrals</li>
<li>Executing: 
					SELECT *
					FROM `_wp_sqlite_mysql_information_schema_statistics`
					WHERE table_schema = ?
					AND table_name = ?
					ORDER BY
						INDEX_NAME = 'PRIMARY' DESC,
						NON_UNIQUE = '0' DESC,
						INDEX_TYPE = 'SPATIAL' DESC,
						INDEX_TYPE = 'BTREE' DESC,
						INDEX_TYPE = 'FULLTEXT' DESC,
						ROWID,
						SEQ_IN_INDEX
				 | parameters: database_name_here, wp_aff_referrals</li>
<li>Executing: CREATE TABLE `_wp_sqlite_tmp_wp_aff_referrals_6838c8b3b94d8` (
  `referral_id` INTEGER NOT NULL PRIMARY KEY AUTOINCREMENT,
  `affiliate_id` INTEGER NOT NULL DEFAULT '0',
  `campaign_id` INTEGER,
  `post_id` INTEGER NOT NULL DEFAULT '0',
  `datetime` TEXT COLLATE NOCASE NOT NULL,
  `description` TEXT COLLATE NOCASE,
  `ip` INTEGER,
  `ipv6` REAL,
  `user_id` INTEGER,
  `amount` REAL,
  `reference_amount` REAL,
  `currency_id` TEXT COLLATE NOCASE,
  `data` TEXT COLLATE NOCASE,
  `status` TEXT COLLATE NOCASE NOT NULL DEFAULT 'accepted',
  `type` TEXT COLLATE NOCASE,
  `reference` TEXT COLLATE NOCASE,
  `hit_id` INTEGER,
  `integration` TEXT COLLATE NOCASE,
  `hit_id` INTEGER
) STRICT | (no parameters)</li>
<li>Executing: ROLLBACK | (no parameters)</li>
</ol>
</div>
<div style="clear:both;margin-bottom:2px;border:red dotted thin;" class="error_message" style="border-bottom:dotted blue thin;">
SQLSTATE[HY000]: General error: 1 duplicate column name: hit_id
</div>
<p>Backtrace:</p>
<pre>#0 /internal/shared/sqlite-database-integration/wp-includes/sqlite-ast/class-wp-sqlite-driver.php(683): WP_SQLite_Driver->new_driver_exception('SQLSTATE[HY000]...', 'HY000', Object(PDOException))
#1 /internal/shared/sqlite-database-integration/wp-includes/sqlite/class-wp-sqlite-db.php(491): WP_SQLite_Driver->query('ALTER TABLE wp_...')
#2 /internal/shared/sqlite-database-integration/wp-includes/sqlite/class-wp-sqlite-db.php(432): WP_SQLite_DB->_do_query('ALTER TABLE wp_...')
#3 /wordpress/wp-content/plugins/affiliates/lib/core/wp-init.php(751): WP_SQLite_DB->query('ALTER TABLE wp_...')
#4 /wordpress/wp-content/plugins/affiliates/lib/core/wp-init.php(511): affiliates_update()
#5 /wordpress/wp-content/plugins/affiliates/lib/core/wp-init.php(235): affiliates_setup()
#6 /wordpress/wp-includes/class-wp-hook.php(324): affiliates_activate(false)
#7 /wordpress/wp-includes/class-wp-hook.php(348): WP_Hook->apply_filters('', Array)
#8 /wordpress/wp-includes/plugin.php(517): WP_Hook->do_action(Array)
#9 /wordpress/wp-admin/includes/plugin.php(703): do_action('activate_affili...', false)
#10 /internal/eval.php(20): activate_plugin('affiliates/affi...')
#11 {main}</pre>
 for query ALTER TABLE wp_aff_referrals
		ADD COLUMN hit_id BIGINT(20) UNSIGNED DEFAULT NULL,
		ADD INDEX aff_referrals_h (hit_id); made by activate_plugin, do_action('activate_affiliates/affiliates.php'), WP_Hook->do_action, WP_Hook->apply_filters, affiliates_activate, affiliates_setup, affiliates_update, WP_SQLite_DB->query, WP_SQLite_DB->print_error
[29-May-2025 20:50:59 UTC] WordPress database error <div style="clear:both">&nbsp;</div>
<div class="queries" style="clear:both;margin-bottom:2px;border:red dotted thin;">
<p>MySQL query:</p>
<p>ALTER TABLE wp_aff_referrals
		ADD COLUMN reference_amount DECIMAL(24,6) DEFAULT NULL,
		ADD COLUMN integration VARCHAR(255) DEFAULT NULL,
		ADD INDEX integration (integration(20));</p>
<p>Queries made or created this session were:</p>
<ol>
<li>Executing: BEGIN | (no parameters)</li>
<li>Executing: SELECT 1 FROM sqlite_temp_schema WHERE type = 'table' AND name = ? | parameters: wp_aff_referrals</li>
<li>Executing: SELECT
					COLUMN_NAME,
					LOWER(COLUMN_NAME) AS COLUMN_NAME_LOWERCASE
				FROM `_wp_sqlite_mysql_information_schema_columns` WHERE table_schema = ? AND table_name = ? | parameters: database_name_here, wp_aff_referrals</li>
<li>Executing: SELECT 1 FROM sqlite_temp_schema WHERE type = 'table' AND name = ? | parameters: wp_aff_referrals</li>
<li>Executing: 
				SELECT MAX(ordinal_position)
				FROM `_wp_sqlite_mysql_information_schema_columns`
				WHERE table_schema = ?
				AND table_name = ?
			 | parameters: database_name_here, wp_aff_referrals</li>
<li>Executing: INSERT INTO `_wp_sqlite_mysql_information_schema_columns` (`table_schema`, `table_name`, `column_name`, `ordinal_position`, `column_default`, `is_nullable`, `data_type`, `character_maximum_length`, `character_octet_length`, `numeric_precision`, `numeric_scale`, `datetime_precision`, `character_set_name`, `collation_name`, `column_type`, `column_key`, `extra`, `privileges`, `column_comment`, `generation_expression`, `srs_id`) VALUES (?, ?, ?, ?, ?, ?, ?, ?, ?, ?, ?, ?, ?, ?, ?, ?, ?, ?, ?, ?, ?) | parameters: database_name_here, wp_aff_referrals, reference_amount, 19, , YES, decimal, , , 24, 6, , , , decimal(24,6), , , select,insert,update,references, , , </li>
<li>Executing: 
				SELECT MAX(ordinal_position)
				FROM `_wp_sqlite_mysql_information_schema_columns`
				WHERE table_schema = ?
				AND table_name = ?
			 | parameters: database_name_here, wp_aff_referrals</li>
<li>Executing: INSERT INTO `_wp_sqlite_mysql_information_schema_columns` (`table_schema`, `table_name`, `column_name`, `ordinal_position`, `column_default`, `is_nullable`, `data_type`, `character_maximum_length`, `character_octet_length`, `numeric_precision`, `numeric_scale`, `datetime_precision`, `character_set_name`, `collation_name`, `column_type`, `column_key`, `extra`, `privileges`, `column_comment`, `generation_expression`, `srs_id`) VALUES (?, ?, ?, ?, ?, ?, ?, ?, ?, ?, ?, ?, ?, ?, ?, ?, ?, ?, ?, ?, ?) | parameters: database_name_here, wp_aff_referrals, integration, 20, , YES, varchar, 255, 1020, , , , utf8mb4, utf8mb4_general_ci, varchar(255), , , select,insert,update,references, , , </li>
<li>Executing: 
					SELECT column_name, data_type, is_nullable, character_maximum_length
					FROM `_wp_sqlite_mysql_information_schema_columns`
					WHERE table_schema = ?
					AND table_name = ?
					AND column_name IN (?)
				 | parameters: database_name_here, wp_aff_referrals, integration</li>
<li>Executing: INSERT INTO `_wp_sqlite_mysql_information_schema_statistics` (`table_schema`, `table_name`, `non_unique`, `index_schema`, `index_name`, `seq_in_index`, `column_name`, `collation`, `cardinality`, `sub_part`, `packed`, `nullable`, `index_type`, `comment`, `index_comment`, `is_visible`, `expression`) VALUES (?, ?, ?, ?, ?, ?, ?, ?, ?, ?, ?, ?, ?, ?, ?, ?, ?) | parameters: database_name_here, wp_aff_referrals, 1, database_name_here, integration, 1, integration, A, 0, 20, , YES, BTREE, , , YES, </li>
<li>Executing: 
				UPDATE `_wp_sqlite_mysql_information_schema_columns` AS c
				SET (column_key, is_nullable) = (
					SELECT
						CASE
							WHEN MAX(s.index_name = 'PRIMARY') THEN 'PRI'
							WHEN MAX(s.non_unique = 0 AND s.seq_in_index = 1) THEN 'UNI'
							WHEN MAX(s.seq_in_index = 1) THEN 'MUL'
							ELSE ''
						END,
						CASE
							WHEN MAX(s.index_name = 'PRIMARY') THEN 'NO'
							ELSE c.is_nullable
						END
					FROM `_wp_sqlite_mysql_information_schema_statistics` AS s
					WHERE s.table_schema = c.table_schema
					AND s.table_name = c.table_name
					AND s.column_name = c.column_name
				)
			    WHERE c.table_schema = ?
			    AND c.table_name = ?
			 | parameters: database_name_here, wp_aff_referrals</li>
<li>Executing: PRAGMA foreign_keys | (no parameters)</li>
<li>Executing: PRAGMA foreign_keys = OFF | (no parameters)</li>
<li>Executing: 
				SELECT *
				FROM `_wp_sqlite_mysql_information_schema_tables`
				WHERE table_type = 'BASE TABLE'
				AND table_schema = ?
				AND table_name = ?
			 | parameters: database_name_here, wp_aff_referrals</li>
<li>Executing: SELECT * FROM `_wp_sqlite_mysql_information_schema_columns` WHERE table_schema = ? AND table_name = ? ORDER BY ordinal_position | parameters: database_name_here, wp_aff_referrals</li>
<li>Executing: 
					SELECT *
					FROM `_wp_sqlite_mysql_information_schema_statistics`
					WHERE table_schema = ?
					AND table_name = ?
					ORDER BY
						INDEX_NAME = 'PRIMARY' DESC,
						NON_UNIQUE = '0' DESC,
						INDEX_TYPE = 'SPATIAL' DESC,
						INDEX_TYPE = 'BTREE' DESC,
						INDEX_TYPE = 'FULLTEXT' DESC,
						ROWID,
						SEQ_IN_INDEX
				 | parameters: database_name_here, wp_aff_referrals</li>
<li>Executing: CREATE TABLE `_wp_sqlite_tmp_wp_aff_referrals_6838c8b3bd740` (
  `referral_id` INTEGER NOT NULL PRIMARY KEY AUTOINCREMENT,
  `affiliate_id` INTEGER NOT NULL DEFAULT '0',
  `campaign_id` INTEGER,
  `post_id` INTEGER NOT NULL DEFAULT '0',
  `datetime` TEXT COLLATE NOCASE NOT NULL,
  `description` TEXT COLLATE NOCASE,
  `ip` INTEGER,
  `ipv6` REAL,
  `user_id` INTEGER,
  `amount` REAL,
  `reference_amount` REAL,
  `currency_id` TEXT COLLATE NOCASE,
  `data` TEXT COLLATE NOCASE,
  `status` TEXT COLLATE NOCASE NOT NULL DEFAULT 'accepted',
  `type` TEXT COLLATE NOCASE,
  `reference` TEXT COLLATE NOCASE,
  `hit_id` INTEGER,
  `integration` TEXT COLLATE NOCASE,
  `reference_amount` REAL,
  `integration` TEXT COLLATE NOCASE
) STRICT | (no parameters)</li>
<li>Executing: ROLLBACK | (no parameters)</li>
</ol>
</div>
<div style="clear:both;margin-bottom:2px;border:red dotted thin;" class="error_message" style="border-bottom:dotted blue thin;">
SQLSTATE[HY000]: General error: 1 duplicate column name: reference_amount
</div>
<p>Backtrace:</p>
<pre>#0 /internal/shared/sqlite-database-integration/wp-includes/sqlite-ast/class-wp-sqlite-driver.php(683): WP_SQLite_Driver->new_driver_exception('SQLSTATE[HY000]...', 'HY000', Object(PDOException))
#1 /internal/shared/sqlite-database-integration/wp-includes/sqlite/class-wp-sqlite-db.php(491): WP_SQLite_Driver->query('ALTER TABLE wp_...')
#2 /internal/shared/sqlite-database-integration/wp-includes/sqlite/class-wp-sqlite-db.php(432): WP_SQLite_DB->_do_query('ALTER TABLE wp_...')
#3 /wordpress/wp-content/plugins/affiliates/lib/core/wp-init.php(751): WP_SQLite_DB->query('ALTER TABLE wp_...')
#4 /wordpress/wp-content/plugins/affiliates/lib/core/wp-init.php(511): affiliates_update()
#5 /wordpress/wp-content/plugins/affiliates/lib/core/wp-init.php(235): affiliates_setup()
#6 /wordpress/wp-includes/class-wp-hook.php(324): affiliates_activate(false)
#7 /wordpress/wp-includes/class-wp-hook.php(348): WP_Hook->apply_filters('', Array)
#8 /wordpress/wp-includes/plugin.php(517): WP_Hook->do_action(Array)
#9 /wordpress/wp-admin/includes/plugin.php(703): do_action('activate_affili...', false)
#10 /internal/eval.php(20): activate_plugin('affiliates/affi...')
#11 {main}</pre>
 for query ALTER TABLE wp_aff_referrals
		ADD COLUMN reference_amount DECIMAL(24,6) DEFAULT NULL,
		ADD COLUMN integration VARCHAR(255) DEFAULT NULL,
		ADD INDEX integration (integration(20)); made by activate_plugin, do_action('activate_affiliates/affiliates.php'), WP_Hook->do_action, WP_Hook->apply_filters, affiliates_activate, affiliates_setup, affiliates_update, WP_SQLite_DB->query, WP_SQLite_DB->print_error
[29-May-2025 20:51:00 UTC] WordPress database error <div style="clear:both">&nbsp;</div>
<div class="queries" style="clear:both;margin-bottom:2px;border:red dotted thin;">
<p>MySQL query:</p>
<p>ALTER TABLE wp_aff_hits
		ADD COLUMN campaign_id BIGINT(20) UNSIGNED DEFAULT NULL,
		ADD INDEX aff_hits_acm (affiliate_id, campaign_id);</p>
<p>Queries made or created this session were:</p>
<ol>
<li>Executing: BEGIN | (no parameters)</li>
<li>Executing: SELECT 1 FROM sqlite_temp_schema WHERE type = 'table' AND name = ? | parameters: wp_aff_hits</li>
<li>Executing: SELECT
					COLUMN_NAME,
					LOWER(COLUMN_NAME) AS COLUMN_NAME_LOWERCASE
				FROM `_wp_sqlite_mysql_information_schema_columns` WHERE table_schema = ? AND table_name = ? | parameters: database_name_here, wp_aff_hits</li>
<li>Executing: SELECT 1 FROM sqlite_temp_schema WHERE type = 'table' AND name = ? | parameters: wp_aff_hits</li>
<li>Executing: 
				SELECT MAX(ordinal_position)
				FROM `_wp_sqlite_mysql_information_schema_columns`
				WHERE table_schema = ?
				AND table_name = ?
			 | parameters: database_name_here, wp_aff_hits</li>
<li>Executing: INSERT INTO `_wp_sqlite_mysql_information_schema_columns` (`table_schema`, `table_name`, `column_name`, `ordinal_position`, `column_default`, `is_nullable`, `data_type`, `character_maximum_length`, `character_octet_length`, `numeric_precision`, `numeric_scale`, `datetime_precision`, `character_set_name`, `collation_name`, `column_type`, `column_key`, `extra`, `privileges`, `column_comment`, `generation_expression`, `srs_id`) VALUES (?, ?, ?, ?, ?, ?, ?, ?, ?, ?, ?, ?, ?, ?, ?, ?, ?, ?, ?, ?, ?) | parameters: database_name_here, wp_aff_hits, campaign_id, 14, , YES, bigint, , , 20, 0, , , , bigint(20) unsigned, , , select,insert,update,references, , , </li>
<li>Executing: 
					SELECT column_name, data_type, is_nullable, character_maximum_length
					FROM `_wp_sqlite_mysql_information_schema_columns`
					WHERE table_schema = ?
					AND table_name = ?
					AND column_name IN (?,?)
				 | parameters: database_name_here, wp_aff_hits, affiliate_id, campaign_id</li>
<li>Executing: INSERT INTO `_wp_sqlite_mysql_information_schema_statistics` (`table_schema`, `table_name`, `non_unique`, `index_schema`, `index_name`, `seq_in_index`, `column_name`, `collation`, `cardinality`, `sub_part`, `packed`, `nullable`, `index_type`, `comment`, `index_comment`, `is_visible`, `expression`) VALUES (?, ?, ?, ?, ?, ?, ?, ?, ?, ?, ?, ?, ?, ?, ?, ?, ?) | parameters: database_name_here, wp_aff_hits, 1, database_name_here, aff_hits_acm, 1, affiliate_id, A, 0, , , , BTREE, , , YES, </li>
<li>Executing: INSERT INTO `_wp_sqlite_mysql_information_schema_statistics` (`table_schema`, `table_name`, `non_unique`, `index_schema`, `index_name`, `seq_in_index`, `column_name`, `collation`, `cardinality`, `sub_part`, `packed`, `nullable`, `index_type`, `comment`, `index_comment`, `is_visible`, `expression`) VALUES (?, ?, ?, ?, ?, ?, ?, ?, ?, ?, ?, ?, ?, ?, ?, ?, ?) | parameters: database_name_here, wp_aff_hits, 1, database_name_here, aff_hits_acm, 2, campaign_id, A, 0, , , YES, BTREE, , , YES, </li>
<li>Executing: 
				UPDATE `_wp_sqlite_mysql_information_schema_columns` AS c
				SET (column_key, is_nullable) = (
					SELECT
						CASE
							WHEN MAX(s.index_name = 'PRIMARY') THEN 'PRI'
							WHEN MAX(s.non_unique = 0 AND s.seq_in_index = 1) THEN 'UNI'
							WHEN MAX(s.seq_in_index = 1) THEN 'MUL'
							ELSE ''
						END,
						CASE
							WHEN MAX(s.index_name = 'PRIMARY') THEN 'NO'
							ELSE c.is_nullable
						END
					FROM `_wp_sqlite_mysql_information_schema_statistics` AS s
					WHERE s.table_schema = c.table_schema
					AND s.table_name = c.table_name
					AND s.column_name = c.column_name
				)
			    WHERE c.table_schema = ?
			    AND c.table_name = ?
			 | parameters: database_name_here, wp_aff_hits</li>
<li>Executing: PRAGMA foreign_keys | (no parameters)</li>
<li>Executing: PRAGMA foreign_keys = OFF | (no parameters)</li>
<li>Executing: 
				SELECT *
				FROM `_wp_sqlite_mysql_information_schema_tables`
				WHERE table_type = 'BASE TABLE'
				AND table_schema = ?
				AND table_name = ?
			 | parameters: database_name_here, wp_aff_hits</li>
<li>Executing: SELECT * FROM `_wp_sqlite_mysql_information_schema_columns` WHERE table_schema = ? AND table_name = ? ORDER BY ordinal_position | parameters: database_name_here, wp_aff_hits</li>
<li>Executing: 
					SELECT *
					FROM `_wp_sqlite_mysql_information_schema_statistics`
					WHERE table_schema = ?
					AND table_name = ?
					ORDER BY
						INDEX_NAME = 'PRIMARY' DESC,
						NON_UNIQUE = '0' DESC,
						INDEX_TYPE = 'SPATIAL' DESC,
						INDEX_TYPE = 'BTREE' DESC,
						INDEX_TYPE = 'FULLTEXT' DESC,
						ROWID,
						SEQ_IN_INDEX
				 | parameters: database_name_here, wp_aff_hits</li>
<li>Executing: CREATE TABLE `_wp_sqlite_tmp_wp_aff_hits_6838c8b4b42d0` (
  `hit_id` INTEGER NOT NULL PRIMARY KEY AUTOINCREMENT,
  `hash` TEXT COLLATE NOCASE,
  `affiliate_id` INTEGER NOT NULL DEFAULT '0',
  `campaign_id` INTEGER,
  `date` TEXT COLLATE NOCASE NOT NULL,
  `datetime` TEXT COLLATE NOCASE NOT NULL,
  `ip` INTEGER NOT NULL DEFAULT '0',
  `src_uri_id` INTEGER,
  `dest_uri_id` INTEGER,
  `user_agent_id` INTEGER,
  `is_robot` INTEGER DEFAULT '0',
  `user_id` INTEGER,
  `type` TEXT COLLATE NOCASE,
  `campaign_id` INTEGER
) STRICT | (no parameters)</li>
<li>Executing: ROLLBACK | (no parameters)</li>
</ol>
</div>
<div style="clear:both;margin-bottom:2px;border:red dotted thin;" class="error_message" style="border-bottom:dotted blue thin;">
SQLSTATE[HY000]: General error: 1 duplicate column name: campaign_id
</div>
<p>Backtrace:</p>
<pre>#0 /internal/shared/sqlite-database-integration/wp-includes/sqlite-ast/class-wp-sqlite-driver.php(683): WP_SQLite_Driver->new_driver_exception('SQLSTATE[HY000]...', 'HY000', Object(PDOException))
#1 /internal/shared/sqlite-database-integration/wp-includes/sqlite/class-wp-sqlite-db.php(491): WP_SQLite_Driver->query('ALTER TABLE wp_...')
#2 /internal/shared/sqlite-database-integration/wp-includes/sqlite/class-wp-sqlite-db.php(432): WP_SQLite_DB->_do_query('ALTER TABLE wp_...')
#3 /wordpress/wp-content/plugins/affiliates/lib/core/wp-init.php(751): WP_SQLite_DB->query('ALTER TABLE wp_...')
#4 /wordpress/wp-content/plugins/affiliates/lib/core/wp-init.php(201): affiliates_update('')
#5 /wordpress/wp-includes/class-wp-hook.php(324): affiliates_version_check('')
#6 /wordpress/wp-includes/class-wp-hook.php(348): WP_Hook->apply_filters(Object(Affiliates_Notifications), Array)
#7 /wordpress/wp-includes/plugin.php(517): WP_Hook->do_action(Array)
#8 /wordpress/wp-settings.php(727): do_action('init')
#9 /wordpress/wp-config.php(102): require_once('/wordpress/wp-s...')
#10 /wordpress/wp-load.php(50): require_once('/wordpress/wp-c...')
#11 /internal/eval.php(3): require_once('/wordpress/wp-l...')
#12 {main}</pre>
 for query ALTER TABLE wp_aff_hits
		ADD COLUMN campaign_id BIGINT(20) UNSIGNED DEFAULT NULL,
		ADD INDEX aff_hits_acm (affiliate_id, campaign_id); made by require_once('wp-load.php'), require_once('wp-config.php'), require_once('wp-settings.php'), do_action('init'), WP_Hook->do_action, WP_Hook->apply_filters, affiliates_version_check, affiliates_update, WP_SQLite_DB->query, WP_SQLite_DB->print_error
[29-May-2025 20:51:00 UTC] WordPress database error <div style="clear:both">&nbsp;</div>
<div class="queries" style="clear:both;margin-bottom:2px;border:red dotted thin;">
<p>MySQL query:</p>
<p>ALTER TABLE wp_aff_hits
		ADD COLUMN hit_id BIGINT(20) UNSIGNED NOT NULL auto_increment,
		ADD COLUMN hash CHAR(64) DEFAULT NULL,
		DROP PRIMARY KEY,
		ADD PRIMARY KEY (hit_id),
		ADD INDEX hash (hash);</p>
<p>Queries made or created this session were:</p>
<ol>
<li>Executing: BEGIN | (no parameters)</li>
<li>Executing: SELECT 1 FROM sqlite_temp_schema WHERE type = 'table' AND name = ? | parameters: wp_aff_hits</li>
<li>Executing: SELECT
					COLUMN_NAME,
					LOWER(COLUMN_NAME) AS COLUMN_NAME_LOWERCASE
				FROM `_wp_sqlite_mysql_information_schema_columns` WHERE table_schema = ? AND table_name = ? | parameters: database_name_here, wp_aff_hits</li>
<li>Executing: SELECT 1 FROM sqlite_temp_schema WHERE type = 'table' AND name = ? | parameters: wp_aff_hits</li>
<li>Executing: 
				SELECT MAX(ordinal_position)
				FROM `_wp_sqlite_mysql_information_schema_columns`
				WHERE table_schema = ?
				AND table_name = ?
			 | parameters: database_name_here, wp_aff_hits</li>
<li>Executing: INSERT INTO `_wp_sqlite_mysql_information_schema_columns` (`table_schema`, `table_name`, `column_name`, `ordinal_position`, `column_default`, `is_nullable`, `data_type`, `character_maximum_length`, `character_octet_length`, `numeric_precision`, `numeric_scale`, `datetime_precision`, `character_set_name`, `collation_name`, `column_type`, `column_key`, `extra`, `privileges`, `column_comment`, `generation_expression`, `srs_id`) VALUES (?, ?, ?, ?, ?, ?, ?, ?, ?, ?, ?, ?, ?, ?, ?, ?, ?, ?, ?, ?, ?) | parameters: database_name_here, wp_aff_hits, hit_id, 14, , NO, bigint, , , 20, 0, , , , bigint(20) unsigned, , auto_increment, select,insert,update,references, , , </li>
<li>Executing: 
				SELECT MAX(ordinal_position)
				FROM `_wp_sqlite_mysql_information_schema_columns`
				WHERE table_schema = ?
				AND table_name = ?
			 | parameters: database_name_here, wp_aff_hits</li>
<li>Executing: INSERT INTO `_wp_sqlite_mysql_information_schema_columns` (`table_schema`, `table_name`, `column_name`, `ordinal_position`, `column_default`, `is_nullable`, `data_type`, `character_maximum_length`, `character_octet_length`, `numeric_precision`, `numeric_scale`, `datetime_precision`, `character_set_name`, `collation_name`, `column_type`, `column_key`, `extra`, `privileges`, `column_comment`, `generation_expression`, `srs_id`) VALUES (?, ?, ?, ?, ?, ?, ?, ?, ?, ?, ?, ?, ?, ?, ?, ?, ?, ?, ?, ?, ?) | parameters: database_name_here, wp_aff_hits, hash, 15, , YES, char, 64, 256, , , , utf8mb4, utf8mb4_general_ci, char(64), , , select,insert,update,references, , , </li>
<li>Executing: 
					SELECT column_name, data_type, is_nullable, character_maximum_length
					FROM `_wp_sqlite_mysql_information_schema_columns`
					WHERE table_schema = ?
					AND table_name = ?
					AND column_name IN (?)
				 | parameters: database_name_here, wp_aff_hits, hit_id</li>
<li>Executing: INSERT INTO `_wp_sqlite_mysql_information_schema_statistics` (`table_schema`, `table_name`, `non_unique`, `index_schema`, `index_name`, `seq_in_index`, `column_name`, `collation`, `cardinality`, `sub_part`, `packed`, `nullable`, `index_type`, `comment`, `index_comment`, `is_visible`, `expression`) VALUES (?, ?, ?, ?, ?, ?, ?, ?, ?, ?, ?, ?, ?, ?, ?, ?, ?) | parameters: database_name_here, wp_aff_hits, 0, database_name_here, PRIMARY, 1, hit_id, A, 0, , , , BTREE, , , YES, </li>
<li>Executing: INSERT INTO `_wp_sqlite_mysql_information_schema_table_constraints` (`table_schema`, `table_name`, `constraint_schema`, `constraint_name`, `constraint_type`) VALUES (?, ?, ?, ?, ?) | parameters: database_name_here, wp_aff_hits, database_name_here, PRIMARY, PRIMARY KEY</li>
<li>Executing: ROLLBACK | (no parameters)</li>
</ol>
</div>
<div style="clear:both;margin-bottom:2px;border:red dotted thin;" class="error_message" style="border-bottom:dotted blue thin;">
SQLSTATE[23000]: Integrity constraint violation: 19 UNIQUE constraint failed: _wp_sqlite_mysql_information_schema_table_constraints.CONSTRAINT_SCHEMA, _wp_sqlite_mysql_information_schema_table_constraints.TABLE_NAME, _wp_sqlite_mysql_information_schema_table_constraints.CONSTRAINT_TYPE, _wp_sqlite_mysql_information_schema_table_constraints.CONSTRAINT_NAME
</div>
<p>Backtrace:</p>
<pre>#0 /internal/shared/sqlite-database-integration/wp-includes/sqlite-ast/class-wp-sqlite-driver.php(683): WP_SQLite_Driver->new_driver_exception('SQLSTATE[23000]...', '23000', Object(PDOException))
#1 /internal/shared/sqlite-database-integration/wp-includes/sqlite/class-wp-sqlite-db.php(491): WP_SQLite_Driver->query('ALTER TABLE wp_...')
#2 /internal/shared/sqlite-database-integration/wp-includes/sqlite/class-wp-sqlite-db.php(432): WP_SQLite_DB->_do_query('ALTER TABLE wp_...')
#3 /wordpress/wp-content/plugins/affiliates/lib/core/wp-init.php(751): WP_SQLite_DB->query('ALTER TABLE wp_...')
#4 /wordpress/wp-content/plugins/affiliates/lib/core/wp-init.php(201): affiliates_update('')
#5 /wordpress/wp-includes/class-wp-hook.php(324): affiliates_version_check('')
#6 /wordpress/wp-includes/class-wp-hook.php(348): WP_Hook->apply_filters(Object(Affiliates_Notifications), Array)
#7 /wordpress/wp-includes/plugin.php(517): WP_Hook->do_action(Array)
#8 /wordpress/wp-settings.php(727): do_action('init')
#9 /wordpress/wp-config.php(102): require_once('/wordpress/wp-s...')
#10 /wordpress/wp-load.php(50): require_once('/wordpress/wp-c...')
#11 /internal/eval.php(3): require_once('/wordpress/wp-l...')
#12 {main}</pre>
 for query ALTER TABLE wp_aff_hits
		ADD COLUMN hit_id BIGINT(20) UNSIGNED NOT NULL auto_increment,
		ADD COLUMN hash CHAR(64) DEFAULT NULL,
		DROP PRIMARY KEY,
		ADD PRIMARY KEY (hit_id),
		ADD INDEX hash (hash); made by require_once('wp-load.php'), require_once('wp-config.php'), require_once('wp-settings.php'), do_action('init'), WP_Hook->do_action, WP_Hook->apply_filters, affiliates_version_check, affiliates_update, WP_SQLite_DB->query, WP_SQLite_DB->print_error
[29-May-2025 20:51:00 UTC] WordPress database error <div style="clear:both">&nbsp;</div>
<div class="queries" style="clear:both;margin-bottom:2px;border:red dotted thin;">
<p>MySQL query:</p>
<p>ALTER TABLE wp_aff_hits
		ADD COLUMN src_uri_id BIGINT(20) UNSIGNED DEFAULT NULL,
		ADD COLUMN dest_uri_id BIGINT(20) UNSIGNED DEFAULT NULL,
		ADD INDEX aff_hits_src_uri (src_uri_id),
		ADD INDEX aff_hits_dest_uri (dest_uri_id);</p>
<p>Queries made or created this session were:</p>
<ol>
<li>Executing: BEGIN | (no parameters)</li>
<li>Executing: SELECT 1 FROM sqlite_temp_schema WHERE type = 'table' AND name = ? | parameters: wp_aff_hits</li>
<li>Executing: SELECT
					COLUMN_NAME,
					LOWER(COLUMN_NAME) AS COLUMN_NAME_LOWERCASE
				FROM `_wp_sqlite_mysql_information_schema_columns` WHERE table_schema = ? AND table_name = ? | parameters: database_name_here, wp_aff_hits</li>
<li>Executing: SELECT 1 FROM sqlite_temp_schema WHERE type = 'table' AND name = ? | parameters: wp_aff_hits</li>
<li>Executing: 
				SELECT MAX(ordinal_position)
				FROM `_wp_sqlite_mysql_information_schema_columns`
				WHERE table_schema = ?
				AND table_name = ?
			 | parameters: database_name_here, wp_aff_hits</li>
<li>Executing: INSERT INTO `_wp_sqlite_mysql_information_schema_columns` (`table_schema`, `table_name`, `column_name`, `ordinal_position`, `column_default`, `is_nullable`, `data_type`, `character_maximum_length`, `character_octet_length`, `numeric_precision`, `numeric_scale`, `datetime_precision`, `character_set_name`, `collation_name`, `column_type`, `column_key`, `extra`, `privileges`, `column_comment`, `generation_expression`, `srs_id`) VALUES (?, ?, ?, ?, ?, ?, ?, ?, ?, ?, ?, ?, ?, ?, ?, ?, ?, ?, ?, ?, ?) | parameters: database_name_here, wp_aff_hits, src_uri_id, 14, , YES, bigint, , , 20, 0, , , , bigint(20) unsigned, , , select,insert,update,references, , , </li>
<li>Executing: 
				SELECT MAX(ordinal_position)
				FROM `_wp_sqlite_mysql_information_schema_columns`
				WHERE table_schema = ?
				AND table_name = ?
			 | parameters: database_name_here, wp_aff_hits</li>
<li>Executing: INSERT INTO `_wp_sqlite_mysql_information_schema_columns` (`table_schema`, `table_name`, `column_name`, `ordinal_position`, `column_default`, `is_nullable`, `data_type`, `character_maximum_length`, `character_octet_length`, `numeric_precision`, `numeric_scale`, `datetime_precision`, `character_set_name`, `collation_name`, `column_type`, `column_key`, `extra`, `privileges`, `column_comment`, `generation_expression`, `srs_id`) VALUES (?, ?, ?, ?, ?, ?, ?, ?, ?, ?, ?, ?, ?, ?, ?, ?, ?, ?, ?, ?, ?) | parameters: database_name_here, wp_aff_hits, dest_uri_id, 15, , YES, bigint, , , 20, 0, , , , bigint(20) unsigned, , , select,insert,update,references, , , </li>
<li>Executing: 
					SELECT column_name, data_type, is_nullable, character_maximum_length
					FROM `_wp_sqlite_mysql_information_schema_columns`
					WHERE table_schema = ?
					AND table_name = ?
					AND column_name IN (?)
				 | parameters: database_name_here, wp_aff_hits, src_uri_id</li>
<li>Executing: INSERT INTO `_wp_sqlite_mysql_information_schema_statistics` (`table_schema`, `table_name`, `non_unique`, `index_schema`, `index_name`, `seq_in_index`, `column_name`, `collation`, `cardinality`, `sub_part`, `packed`, `nullable`, `index_type`, `comment`, `index_comment`, `is_visible`, `expression`) VALUES (?, ?, ?, ?, ?, ?, ?, ?, ?, ?, ?, ?, ?, ?, ?, ?, ?) | parameters: database_name_here, wp_aff_hits, 1, database_name_here, aff_hits_src_uri, 1, src_uri_id, A, 0, , , YES, BTREE, , , YES, </li>
<li>Executing: 
				UPDATE `_wp_sqlite_mysql_information_schema_columns` AS c
				SET (column_key, is_nullable) = (
					SELECT
						CASE
							WHEN MAX(s.index_name = 'PRIMARY') THEN 'PRI'
							WHEN MAX(s.non_unique = 0 AND s.seq_in_index = 1) THEN 'UNI'
							WHEN MAX(s.seq_in_index = 1) THEN 'MUL'
							ELSE ''
						END,
						CASE
							WHEN MAX(s.index_name = 'PRIMARY') THEN 'NO'
							ELSE c.is_nullable
						END
					FROM `_wp_sqlite_mysql_information_schema_statistics` AS s
					WHERE s.table_schema = c.table_schema
					AND s.table_name = c.table_name
					AND s.column_name = c.column_name
				)
			    WHERE c.table_schema = ?
			    AND c.table_name = ?
			 | parameters: database_name_here, wp_aff_hits</li>
<li>Executing: 
					SELECT column_name, data_type, is_nullable, character_maximum_length
					FROM `_wp_sqlite_mysql_information_schema_columns`
					WHERE table_schema = ?
					AND table_name = ?
					AND column_name IN (?)
				 | parameters: database_name_here, wp_aff_hits, dest_uri_id</li>
<li>Executing: INSERT INTO `_wp_sqlite_mysql_information_schema_statistics` (`table_schema`, `table_name`, `non_unique`, `index_schema`, `index_name`, `seq_in_index`, `column_name`, `collation`, `cardinality`, `sub_part`, `packed`, `nullable`, `index_type`, `comment`, `index_comment`, `is_visible`, `expression`) VALUES (?, ?, ?, ?, ?, ?, ?, ?, ?, ?, ?, ?, ?, ?, ?, ?, ?) | parameters: database_name_here, wp_aff_hits, 1, database_name_here, aff_hits_dest_uri, 1, dest_uri_id, A, 0, , , YES, BTREE, , , YES, </li>
<li>Executing: 
				UPDATE `_wp_sqlite_mysql_information_schema_columns` AS c
				SET (column_key, is_nullable) = (
					SELECT
						CASE
							WHEN MAX(s.index_name = 'PRIMARY') THEN 'PRI'
							WHEN MAX(s.non_unique = 0 AND s.seq_in_index = 1) THEN 'UNI'
							WHEN MAX(s.seq_in_index = 1) THEN 'MUL'
							ELSE ''
						END,
						CASE
							WHEN MAX(s.index_name = 'PRIMARY') THEN 'NO'
							ELSE c.is_nullable
						END
					FROM `_wp_sqlite_mysql_information_schema_statistics` AS s
					WHERE s.table_schema = c.table_schema
					AND s.table_name = c.table_name
					AND s.column_name = c.column_name
				)
			    WHERE c.table_schema = ?
			    AND c.table_name = ?
			 | parameters: database_name_here, wp_aff_hits</li>
<li>Executing: PRAGMA foreign_keys | (no parameters)</li>
<li>Executing: PRAGMA foreign_keys = OFF | (no parameters)</li>
<li>Executing: 
				SELECT *
				FROM `_wp_sqlite_mysql_information_schema_tables`
				WHERE table_type = 'BASE TABLE'
				AND table_schema = ?
				AND table_name = ?
			 | parameters: database_name_here, wp_aff_hits</li>
<li>Executing: SELECT * FROM `_wp_sqlite_mysql_information_schema_columns` WHERE table_schema = ? AND table_name = ? ORDER BY ordinal_position | parameters: database_name_here, wp_aff_hits</li>
<li>Executing: 
					SELECT *
					FROM `_wp_sqlite_mysql_information_schema_statistics`
					WHERE table_schema = ?
					AND table_name = ?
					ORDER BY
						INDEX_NAME = 'PRIMARY' DESC,
						NON_UNIQUE = '0' DESC,
						INDEX_TYPE = 'SPATIAL' DESC,
						INDEX_TYPE = 'BTREE' DESC,
						INDEX_TYPE = 'FULLTEXT' DESC,
						ROWID,
						SEQ_IN_INDEX
				 | parameters: database_name_here, wp_aff_hits</li>
<li>Executing: CREATE TABLE `_wp_sqlite_tmp_wp_aff_hits_6838c8b4d9878` (
  `hit_id` INTEGER NOT NULL PRIMARY KEY AUTOINCREMENT,
  `hash` TEXT COLLATE NOCASE,
  `affiliate_id` INTEGER NOT NULL DEFAULT '0',
  `campaign_id` INTEGER,
  `date` TEXT COLLATE NOCASE NOT NULL,
  `datetime` TEXT COLLATE NOCASE NOT NULL,
  `ip` INTEGER NOT NULL DEFAULT '0',
  `src_uri_id` INTEGER,
  `dest_uri_id` INTEGER,
  `user_agent_id` INTEGER,
  `is_robot` INTEGER DEFAULT '0',
  `user_id` INTEGER,
  `type` TEXT COLLATE NOCASE,
  `src_uri_id` INTEGER,
  `dest_uri_id` INTEGER
) STRICT | (no parameters)</li>
<li>Executing: ROLLBACK | (no parameters)</li>
</ol>
</div>
<div style="clear:both;margin-bottom:2px;border:red dotted thin;" class="error_message" style="border-bottom:dotted blue thin;">
SQLSTATE[HY000]: General error: 1 duplicate column name: src_uri_id
</div>
<p>Backtrace:</p>
<pre>#0 /internal/shared/sqlite-database-integration/wp-includes/sqlite-ast/class-wp-sqlite-driver.php(683): WP_SQLite_Driver->new_driver_exception('SQLSTATE[HY000]...', 'HY000', Object(PDOException))
#1 /internal/shared/sqlite-database-integration/wp-includes/sqlite/class-wp-sqlite-db.php(491): WP_SQLite_Driver->query('ALTER TABLE wp_...')
#2 /internal/shared/sqlite-database-integration/wp-includes/sqlite/class-wp-sqlite-db.php(432): WP_SQLite_DB->_do_query('ALTER TABLE wp_...')
#3 /wordpress/wp-content/plugins/affiliates/lib/core/wp-init.php(751): WP_SQLite_DB->query('ALTER TABLE wp_...')
#4 /wordpress/wp-content/plugins/affiliates/lib/core/wp-init.php(201): affiliates_update('')
#5 /wordpress/wp-includes/class-wp-hook.php(324): affiliates_version_check('')
#6 /wordpress/wp-includes/class-wp-hook.php(348): WP_Hook->apply_filters(Object(Affiliates_Notifications), Array)
#7 /wordpress/wp-includes/plugin.php(517): WP_Hook->do_action(Array)
#8 /wordpress/wp-settings.php(727): do_action('init')
#9 /wordpress/wp-config.php(102): require_once('/wordpress/wp-s...')
#10 /wordpress/wp-load.php(50): require_once('/wordpress/wp-c...')
#11 /internal/eval.php(3): require_once('/wordpress/wp-l...')
#12 {main}</pre>
 for query ALTER TABLE wp_aff_hits
		ADD COLUMN src_uri_id BIGINT(20) UNSIGNED DEFAULT NULL,
		ADD COLUMN dest_uri_id BIGINT(20) UNSIGNED DEFAULT NULL,
		ADD INDEX aff_hits_src_uri (src_uri_id),
		ADD INDEX aff_hits_dest_uri (dest_uri_id); made by require_once('wp-load.php'), require_once('wp-config.php'), require_once('wp-settings.php'), do_action('init'), WP_Hook->do_action, WP_Hook->apply_filters, affiliates_version_check, affiliates_update, WP_SQLite_DB->query, WP_SQLite_DB->print_error
[29-May-2025 20:51:00 UTC] WordPress database error <div style="clear:both">&nbsp;</div>
<div class="queries" style="clear:both;margin-bottom:2px;border:red dotted thin;">
<p>MySQL query:</p>
<p>ALTER TABLE wp_aff_hits
		ADD COLUMN user_agent_id BIGINT(20) UNSIGNED DEFAULT NULL,
		ADD INDEX aff_hits_ua (user_agent_id);</p>
<p>Queries made or created this session were:</p>
<ol>
<li>Executing: BEGIN | (no parameters)</li>
<li>Executing: SELECT 1 FROM sqlite_temp_schema WHERE type = 'table' AND name = ? | parameters: wp_aff_hits</li>
<li>Executing: SELECT
					COLUMN_NAME,
					LOWER(COLUMN_NAME) AS COLUMN_NAME_LOWERCASE
				FROM `_wp_sqlite_mysql_information_schema_columns` WHERE table_schema = ? AND table_name = ? | parameters: database_name_here, wp_aff_hits</li>
<li>Executing: SELECT 1 FROM sqlite_temp_schema WHERE type = 'table' AND name = ? | parameters: wp_aff_hits</li>
<li>Executing: 
				SELECT MAX(ordinal_position)
				FROM `_wp_sqlite_mysql_information_schema_columns`
				WHERE table_schema = ?
				AND table_name = ?
			 | parameters: database_name_here, wp_aff_hits</li>
<li>Executing: INSERT INTO `_wp_sqlite_mysql_information_schema_columns` (`table_schema`, `table_name`, `column_name`, `ordinal_position`, `column_default`, `is_nullable`, `data_type`, `character_maximum_length`, `character_octet_length`, `numeric_precision`, `numeric_scale`, `datetime_precision`, `character_set_name`, `collation_name`, `column_type`, `column_key`, `extra`, `privileges`, `column_comment`, `generation_expression`, `srs_id`) VALUES (?, ?, ?, ?, ?, ?, ?, ?, ?, ?, ?, ?, ?, ?, ?, ?, ?, ?, ?, ?, ?) | parameters: database_name_here, wp_aff_hits, user_agent_id, 14, , YES, bigint, , , 20, 0, , , , bigint(20) unsigned, , , select,insert,update,references, , , </li>
<li>Executing: 
					SELECT column_name, data_type, is_nullable, character_maximum_length
					FROM `_wp_sqlite_mysql_information_schema_columns`
					WHERE table_schema = ?
					AND table_name = ?
					AND column_name IN (?)
				 | parameters: database_name_here, wp_aff_hits, user_agent_id</li>
<li>Executing: INSERT INTO `_wp_sqlite_mysql_information_schema_statistics` (`table_schema`, `table_name`, `non_unique`, `index_schema`, `index_name`, `seq_in_index`, `column_name`, `collation`, `cardinality`, `sub_part`, `packed`, `nullable`, `index_type`, `comment`, `index_comment`, `is_visible`, `expression`) VALUES (?, ?, ?, ?, ?, ?, ?, ?, ?, ?, ?, ?, ?, ?, ?, ?, ?) | parameters: database_name_here, wp_aff_hits, 1, database_name_here, aff_hits_ua, 1, user_agent_id, A, 0, , , YES, BTREE, , , YES, </li>
<li>Executing: 
				UPDATE `_wp_sqlite_mysql_information_schema_columns` AS c
				SET (column_key, is_nullable) = (
					SELECT
						CASE
							WHEN MAX(s.index_name = 'PRIMARY') THEN 'PRI'
							WHEN MAX(s.non_unique = 0 AND s.seq_in_index = 1) THEN 'UNI'
							WHEN MAX(s.seq_in_index = 1) THEN 'MUL'
							ELSE ''
						END,
						CASE
							WHEN MAX(s.index_name = 'PRIMARY') THEN 'NO'
							ELSE c.is_nullable
						END
					FROM `_wp_sqlite_mysql_information_schema_statistics` AS s
					WHERE s.table_schema = c.table_schema
					AND s.table_name = c.table_name
					AND s.column_name = c.column_name
				)
			    WHERE c.table_schema = ?
			    AND c.table_name = ?
			 | parameters: database_name_here, wp_aff_hits</li>
<li>Executing: PRAGMA foreign_keys | (no parameters)</li>
<li>Executing: PRAGMA foreign_keys = OFF | (no parameters)</li>
<li>Executing: 
				SELECT *
				FROM `_wp_sqlite_mysql_information_schema_tables`
				WHERE table_type = 'BASE TABLE'
				AND table_schema = ?
				AND table_name = ?
			 | parameters: database_name_here, wp_aff_hits</li>
<li>Executing: SELECT * FROM `_wp_sqlite_mysql_information_schema_columns` WHERE table_schema = ? AND table_name = ? ORDER BY ordinal_position | parameters: database_name_here, wp_aff_hits</li>
<li>Executing: 
					SELECT *
					FROM `_wp_sqlite_mysql_information_schema_statistics`
					WHERE table_schema = ?
					AND table_name = ?
					ORDER BY
						INDEX_NAME = 'PRIMARY' DESC,
						NON_UNIQUE = '0' DESC,
						INDEX_TYPE = 'SPATIAL' DESC,
						INDEX_TYPE = 'BTREE' DESC,
						INDEX_TYPE = 'FULLTEXT' DESC,
						ROWID,
						SEQ_IN_INDEX
				 | parameters: database_name_here, wp_aff_hits</li>
<li>Executing: CREATE TABLE `_wp_sqlite_tmp_wp_aff_hits_6838c8b4dd310` (
  `hit_id` INTEGER NOT NULL PRIMARY KEY AUTOINCREMENT,
  `hash` TEXT COLLATE NOCASE,
  `affiliate_id` INTEGER NOT NULL DEFAULT '0',
  `campaign_id` INTEGER,
  `date` TEXT COLLATE NOCASE NOT NULL,
  `datetime` TEXT COLLATE NOCASE NOT NULL,
  `ip` INTEGER NOT NULL DEFAULT '0',
  `src_uri_id` INTEGER,
  `dest_uri_id` INTEGER,
  `user_agent_id` INTEGER,
  `is_robot` INTEGER DEFAULT '0',
  `user_id` INTEGER,
  `type` TEXT COLLATE NOCASE,
  `user_agent_id` INTEGER
) STRICT | (no parameters)</li>
<li>Executing: ROLLBACK | (no parameters)</li>
</ol>
</div>
<div style="clear:both;margin-bottom:2px;border:red dotted thin;" class="error_message" style="border-bottom:dotted blue thin;">
SQLSTATE[HY000]: General error: 1 duplicate column name: user_agent_id
</div>
<p>Backtrace:</p>
<pre>#0 /internal/shared/sqlite-database-integration/wp-includes/sqlite-ast/class-wp-sqlite-driver.php(683): WP_SQLite_Driver->new_driver_exception('SQLSTATE[HY000]...', 'HY000', Object(PDOException))
#1 /internal/shared/sqlite-database-integration/wp-includes/sqlite/class-wp-sqlite-db.php(491): WP_SQLite_Driver->query('ALTER TABLE wp_...')
#2 /internal/shared/sqlite-database-integration/wp-includes/sqlite/class-wp-sqlite-db.php(432): WP_SQLite_DB->_do_query('ALTER TABLE wp_...')
#3 /wordpress/wp-content/plugins/affiliates/lib/core/wp-init.php(751): WP_SQLite_DB->query('ALTER TABLE wp_...')
#4 /wordpress/wp-content/plugins/affiliates/lib/core/wp-init.php(201): affiliates_update('')
#5 /wordpress/wp-includes/class-wp-hook.php(324): affiliates_version_check('')
#6 /wordpress/wp-includes/class-wp-hook.php(348): WP_Hook->apply_filters(Object(Affiliates_Notifications), Array)
#7 /wordpress/wp-includes/plugin.php(517): WP_Hook->do_action(Array)
#8 /wordpress/wp-settings.php(727): do_action('init')
#9 /wordpress/wp-config.php(102): require_once('/wordpress/wp-s...')
#10 /wordpress/wp-load.php(50): require_once('/wordpress/wp-c...')
#11 /internal/eval.php(3): require_once('/wordpress/wp-l...')
#12 {main}</pre>
 for query ALTER TABLE wp_aff_hits
		ADD COLUMN user_agent_id BIGINT(20) UNSIGNED DEFAULT NULL,
		ADD INDEX aff_hits_ua (user_agent_id); made by require_once('wp-load.php'), require_once('wp-config.php'), require_once('wp-settings.php'), do_action('init'), WP_Hook->do_action, WP_Hook->apply_filters, affiliates_version_check, affiliates_update, WP_SQLite_DB->query, WP_SQLite_DB->print_error
[29-May-2025 20:51:00 UTC] WordPress database error <div style="clear:both">&nbsp;</div>
<div class="queries" style="clear:both;margin-bottom:2px;border:red dotted thin;">
<p>MySQL query:</p>
<p>ALTER TABLE wp_aff_referrals
		ADD COLUMN campaign_id BIGINT(20) UNSIGNED DEFAULT NULL,
		ADD INDEX aff_referrals_ac (affiliate_id, campaign_id),
		ADD INDEX aff_referrals_c (campaign_id);</p>
<p>Queries made or created this session were:</p>
<ol>
<li>Executing: BEGIN | (no parameters)</li>
<li>Executing: SELECT 1 FROM sqlite_temp_schema WHERE type = 'table' AND name = ? | parameters: wp_aff_referrals</li>
<li>Executing: SELECT
					COLUMN_NAME,
					LOWER(COLUMN_NAME) AS COLUMN_NAME_LOWERCASE
				FROM `_wp_sqlite_mysql_information_schema_columns` WHERE table_schema = ? AND table_name = ? | parameters: database_name_here, wp_aff_referrals</li>
<li>Executing: SELECT 1 FROM sqlite_temp_schema WHERE type = 'table' AND name = ? | parameters: wp_aff_referrals</li>
<li>Executing: 
				SELECT MAX(ordinal_position)
				FROM `_wp_sqlite_mysql_information_schema_columns`
				WHERE table_schema = ?
				AND table_name = ?
			 | parameters: database_name_here, wp_aff_referrals</li>
<li>Executing: INSERT INTO `_wp_sqlite_mysql_information_schema_columns` (`table_schema`, `table_name`, `column_name`, `ordinal_position`, `column_default`, `is_nullable`, `data_type`, `character_maximum_length`, `character_octet_length`, `numeric_precision`, `numeric_scale`, `datetime_precision`, `character_set_name`, `collation_name`, `column_type`, `column_key`, `extra`, `privileges`, `column_comment`, `generation_expression`, `srs_id`) VALUES (?, ?, ?, ?, ?, ?, ?, ?, ?, ?, ?, ?, ?, ?, ?, ?, ?, ?, ?, ?, ?) | parameters: database_name_here, wp_aff_referrals, campaign_id, 19, , YES, bigint, , , 20, 0, , , , bigint(20) unsigned, , , select,insert,update,references, , , </li>
<li>Executing: 
					SELECT column_name, data_type, is_nullable, character_maximum_length
					FROM `_wp_sqlite_mysql_information_schema_columns`
					WHERE table_schema = ?
					AND table_name = ?
					AND column_name IN (?,?)
				 | parameters: database_name_here, wp_aff_referrals, affiliate_id, campaign_id</li>
<li>Executing: INSERT INTO `_wp_sqlite_mysql_information_schema_statistics` (`table_schema`, `table_name`, `non_unique`, `index_schema`, `index_name`, `seq_in_index`, `column_name`, `collation`, `cardinality`, `sub_part`, `packed`, `nullable`, `index_type`, `comment`, `index_comment`, `is_visible`, `expression`) VALUES (?, ?, ?, ?, ?, ?, ?, ?, ?, ?, ?, ?, ?, ?, ?, ?, ?) | parameters: database_name_here, wp_aff_referrals, 1, database_name_here, aff_referrals_ac, 1, affiliate_id, A, 0, , , , BTREE, , , YES, </li>
<li>Executing: INSERT INTO `_wp_sqlite_mysql_information_schema_statistics` (`table_schema`, `table_name`, `non_unique`, `index_schema`, `index_name`, `seq_in_index`, `column_name`, `collation`, `cardinality`, `sub_part`, `packed`, `nullable`, `index_type`, `comment`, `index_comment`, `is_visible`, `expression`) VALUES (?, ?, ?, ?, ?, ?, ?, ?, ?, ?, ?, ?, ?, ?, ?, ?, ?) | parameters: database_name_here, wp_aff_referrals, 1, database_name_here, aff_referrals_ac, 2, campaign_id, A, 0, , , YES, BTREE, , , YES, </li>
<li>Executing: 
				UPDATE `_wp_sqlite_mysql_information_schema_columns` AS c
				SET (column_key, is_nullable) = (
					SELECT
						CASE
							WHEN MAX(s.index_name = 'PRIMARY') THEN 'PRI'
							WHEN MAX(s.non_unique = 0 AND s.seq_in_index = 1) THEN 'UNI'
							WHEN MAX(s.seq_in_index = 1) THEN 'MUL'
							ELSE ''
						END,
						CASE
							WHEN MAX(s.index_name = 'PRIMARY') THEN 'NO'
							ELSE c.is_nullable
						END
					FROM `_wp_sqlite_mysql_information_schema_statistics` AS s
					WHERE s.table_schema = c.table_schema
					AND s.table_name = c.table_name
					AND s.column_name = c.column_name
				)
			    WHERE c.table_schema = ?
			    AND c.table_name = ?
			 | parameters: database_name_here, wp_aff_referrals</li>
<li>Executing: 
					SELECT column_name, data_type, is_nullable, character_maximum_length
					FROM `_wp_sqlite_mysql_information_schema_columns`
					WHERE table_schema = ?
					AND table_name = ?
					AND column_name IN (?)
				 | parameters: database_name_here, wp_aff_referrals, campaign_id</li>
<li>Executing: INSERT INTO `_wp_sqlite_mysql_information_schema_statistics` (`table_schema`, `table_name`, `non_unique`, `index_schema`, `index_name`, `seq_in_index`, `column_name`, `collation`, `cardinality`, `sub_part`, `packed`, `nullable`, `index_type`, `comment`, `index_comment`, `is_visible`, `expression`) VALUES (?, ?, ?, ?, ?, ?, ?, ?, ?, ?, ?, ?, ?, ?, ?, ?, ?) | parameters: database_name_here, wp_aff_referrals, 1, database_name_here, aff_referrals_c, 1, campaign_id, A, 0, , , YES, BTREE, , , YES, </li>
<li>Executing: 
				UPDATE `_wp_sqlite_mysql_information_schema_columns` AS c
				SET (column_key, is_nullable) = (
					SELECT
						CASE
							WHEN MAX(s.index_name = 'PRIMARY') THEN 'PRI'
							WHEN MAX(s.non_unique = 0 AND s.seq_in_index = 1) THEN 'UNI'
							WHEN MAX(s.seq_in_index = 1) THEN 'MUL'
							ELSE ''
						END,
						CASE
							WHEN MAX(s.index_name = 'PRIMARY') THEN 'NO'
							ELSE c.is_nullable
						END
					FROM `_wp_sqlite_mysql_information_schema_statistics` AS s
					WHERE s.table_schema = c.table_schema
					AND s.table_name = c.table_name
					AND s.column_name = c.column_name
				)
			    WHERE c.table_schema = ?
			    AND c.table_name = ?
			 | parameters: database_name_here, wp_aff_referrals</li>
<li>Executing: PRAGMA foreign_keys | (no parameters)</li>
<li>Executing: PRAGMA foreign_keys = OFF | (no parameters)</li>
<li>Executing: 
				SELECT *
				FROM `_wp_sqlite_mysql_information_schema_tables`
				WHERE table_type = 'BASE TABLE'
				AND table_schema = ?
				AND table_name = ?
			 | parameters: database_name_here, wp_aff_referrals</li>
<li>Executing: SELECT * FROM `_wp_sqlite_mysql_information_schema_columns` WHERE table_schema = ? AND table_name = ? ORDER BY ordinal_position | parameters: database_name_here, wp_aff_referrals</li>
<li>Executing: 
					SELECT *
					FROM `_wp_sqlite_mysql_information_schema_statistics`
					WHERE table_schema = ?
					AND table_name = ?
					ORDER BY
						INDEX_NAME = 'PRIMARY' DESC,
						NON_UNIQUE = '0' DESC,
						INDEX_TYPE = 'SPATIAL' DESC,
						INDEX_TYPE = 'BTREE' DESC,
						INDEX_TYPE = 'FULLTEXT' DESC,
						ROWID,
						SEQ_IN_INDEX
				 | parameters: database_name_here, wp_aff_referrals</li>
<li>Executing: CREATE TABLE `_wp_sqlite_tmp_wp_aff_referrals_6838c8b4e1190` (
  `referral_id` INTEGER NOT NULL PRIMARY KEY AUTOINCREMENT,
  `affiliate_id` INTEGER NOT NULL DEFAULT '0',
  `campaign_id` INTEGER,
  `post_id` INTEGER NOT NULL DEFAULT '0',
  `datetime` TEXT COLLATE NOCASE NOT NULL,
  `description` TEXT COLLATE NOCASE,
  `ip` INTEGER,
  `ipv6` REAL,
  `user_id` INTEGER,
  `amount` REAL,
  `reference_amount` REAL,
  `currency_id` TEXT COLLATE NOCASE,
  `data` TEXT COLLATE NOCASE,
  `status` TEXT COLLATE NOCASE NOT NULL DEFAULT 'accepted',
  `type` TEXT COLLATE NOCASE,
  `reference` TEXT COLLATE NOCASE,
  `hit_id` INTEGER,
  `integration` TEXT COLLATE NOCASE,
  `campaign_id` INTEGER
) STRICT | (no parameters)</li>
<li>Executing: ROLLBACK | (no parameters)</li>
</ol>
</div>
<div style="clear:both;margin-bottom:2px;border:red dotted thin;" class="error_message" style="border-bottom:dotted blue thin;">
SQLSTATE[HY000]: General error: 1 duplicate column name: campaign_id
</div>
<p>Backtrace:</p>
<pre>#0 /internal/shared/sqlite-database-integration/wp-includes/sqlite-ast/class-wp-sqlite-driver.php(683): WP_SQLite_Driver->new_driver_exception('SQLSTATE[HY000]...', 'HY000', Object(PDOException))
#1 /internal/shared/sqlite-database-integration/wp-includes/sqlite/class-wp-sqlite-db.php(491): WP_SQLite_Driver->query('ALTER TABLE wp_...')
#2 /internal/shared/sqlite-database-integration/wp-includes/sqlite/class-wp-sqlite-db.php(432): WP_SQLite_DB->_do_query('ALTER TABLE wp_...')
#3 /wordpress/wp-content/plugins/affiliates/lib/core/wp-init.php(751): WP_SQLite_DB->query('ALTER TABLE wp_...')
#4 /wordpress/wp-content/plugins/affiliates/lib/core/wp-init.php(201): affiliates_update('')
#5 /wordpress/wp-includes/class-wp-hook.php(324): affiliates_version_check('')
#6 /wordpress/wp-includes/class-wp-hook.php(348): WP_Hook->apply_filters(Object(Affiliates_Notifications), Array)
#7 /wordpress/wp-includes/plugin.php(517): WP_Hook->do_action(Array)
#8 /wordpress/wp-settings.php(727): do_action('init')
#9 /wordpress/wp-config.php(102): require_once('/wordpress/wp-s...')
#10 /wordpress/wp-load.php(50): require_once('/wordpress/wp-c...')
#11 /internal/eval.php(3): require_once('/wordpress/wp-l...')
#12 {main}</pre>
 for query ALTER TABLE wp_aff_referrals
		ADD COLUMN campaign_id BIGINT(20) UNSIGNED DEFAULT NULL,
		ADD INDEX aff_referrals_ac (affiliate_id, campaign_id),
		ADD INDEX aff_referrals_c (campaign_id); made by require_once('wp-load.php'), require_once('wp-config.php'), require_once('wp-settings.php'), do_action('init'), WP_Hook->do_action, WP_Hook->apply_filters, affiliates_version_check, affiliates_update, WP_SQLite_DB->query, WP_SQLite_DB->print_error
[29-May-2025 20:51:00 UTC] WordPress database error <div style="clear:both">&nbsp;</div>
<div class="queries" style="clear:both;margin-bottom:2px;border:red dotted thin;">
<p>MySQL query:</p>
<p>ALTER TABLE wp_aff_referrals
		ADD COLUMN hit_id BIGINT(20) UNSIGNED DEFAULT NULL,
		ADD INDEX aff_referrals_h (hit_id);</p>
<p>Queries made or created this session were:</p>
<ol>
<li>Executing: BEGIN | (no parameters)</li>
<li>Executing: SELECT 1 FROM sqlite_temp_schema WHERE type = 'table' AND name = ? | parameters: wp_aff_referrals</li>
<li>Executing: SELECT
					COLUMN_NAME,
					LOWER(COLUMN_NAME) AS COLUMN_NAME_LOWERCASE
				FROM `_wp_sqlite_mysql_information_schema_columns` WHERE table_schema = ? AND table_name = ? | parameters: database_name_here, wp_aff_referrals</li>
<li>Executing: SELECT 1 FROM sqlite_temp_schema WHERE type = 'table' AND name = ? | parameters: wp_aff_referrals</li>
<li>Executing: 
				SELECT MAX(ordinal_position)
				FROM `_wp_sqlite_mysql_information_schema_columns`
				WHERE table_schema = ?
				AND table_name = ?
			 | parameters: database_name_here, wp_aff_referrals</li>
<li>Executing: INSERT INTO `_wp_sqlite_mysql_information_schema_columns` (`table_schema`, `table_name`, `column_name`, `ordinal_position`, `column_default`, `is_nullable`, `data_type`, `character_maximum_length`, `character_octet_length`, `numeric_precision`, `numeric_scale`, `datetime_precision`, `character_set_name`, `collation_name`, `column_type`, `column_key`, `extra`, `privileges`, `column_comment`, `generation_expression`, `srs_id`) VALUES (?, ?, ?, ?, ?, ?, ?, ?, ?, ?, ?, ?, ?, ?, ?, ?, ?, ?, ?, ?, ?) | parameters: database_name_here, wp_aff_referrals, hit_id, 19, , YES, bigint, , , 20, 0, , , , bigint(20) unsigned, , , select,insert,update,references, , , </li>
<li>Executing: 
					SELECT column_name, data_type, is_nullable, character_maximum_length
					FROM `_wp_sqlite_mysql_information_schema_columns`
					WHERE table_schema = ?
					AND table_name = ?
					AND column_name IN (?)
				 | parameters: database_name_here, wp_aff_referrals, hit_id</li>
<li>Executing: INSERT INTO `_wp_sqlite_mysql_information_schema_statistics` (`table_schema`, `table_name`, `non_unique`, `index_schema`, `index_name`, `seq_in_index`, `column_name`, `collation`, `cardinality`, `sub_part`, `packed`, `nullable`, `index_type`, `comment`, `index_comment`, `is_visible`, `expression`) VALUES (?, ?, ?, ?, ?, ?, ?, ?, ?, ?, ?, ?, ?, ?, ?, ?, ?) | parameters: database_name_here, wp_aff_referrals, 1, database_name_here, aff_referrals_h, 1, hit_id, A, 0, , , YES, BTREE, , , YES, </li>
<li>Executing: 
				UPDATE `_wp_sqlite_mysql_information_schema_columns` AS c
				SET (column_key, is_nullable) = (
					SELECT
						CASE
							WHEN MAX(s.index_name = 'PRIMARY') THEN 'PRI'
							WHEN MAX(s.non_unique = 0 AND s.seq_in_index = 1) THEN 'UNI'
							WHEN MAX(s.seq_in_index = 1) THEN 'MUL'
							ELSE ''
						END,
						CASE
							WHEN MAX(s.index_name = 'PRIMARY') THEN 'NO'
							ELSE c.is_nullable
						END
					FROM `_wp_sqlite_mysql_information_schema_statistics` AS s
					WHERE s.table_schema = c.table_schema
					AND s.table_name = c.table_name
					AND s.column_name = c.column_name
				)
			    WHERE c.table_schema = ?
			    AND c.table_name = ?
			 | parameters: database_name_here, wp_aff_referrals</li>
<li>Executing: PRAGMA foreign_keys | (no parameters)</li>
<li>Executing: PRAGMA foreign_keys = OFF | (no parameters)</li>
<li>Executing: 
				SELECT *
				FROM `_wp_sqlite_mysql_information_schema_tables`
				WHERE table_type = 'BASE TABLE'
				AND table_schema = ?
				AND table_name = ?
			 | parameters: database_name_here, wp_aff_referrals</li>
<li>Executing: SELECT * FROM `_wp_sqlite_mysql_information_schema_columns` WHERE table_schema = ? AND table_name = ? ORDER BY ordinal_position | parameters: database_name_here, wp_aff_referrals</li>
<li>Executing: 
					SELECT *
					FROM `_wp_sqlite_mysql_information_schema_statistics`
					WHERE table_schema = ?
					AND table_name = ?
					ORDER BY
						INDEX_NAME = 'PRIMARY' DESC,
						NON_UNIQUE = '0' DESC,
						INDEX_TYPE = 'SPATIAL' DESC,
						INDEX_TYPE = 'BTREE' DESC,
						INDEX_TYPE = 'FULLTEXT' DESC,
						ROWID,
						SEQ_IN_INDEX
				 | parameters: database_name_here, wp_aff_referrals</li>
<li>Executing: CREATE TABLE `_wp_sqlite_tmp_wp_aff_referrals_6838c8b4e4458` (
  `referral_id` INTEGER NOT NULL PRIMARY KEY AUTOINCREMENT,
  `affiliate_id` INTEGER NOT NULL DEFAULT '0',
  `campaign_id` INTEGER,
  `post_id` INTEGER NOT NULL DEFAULT '0',
  `datetime` TEXT COLLATE NOCASE NOT NULL,
  `description` TEXT COLLATE NOCASE,
  `ip` INTEGER,
  `ipv6` REAL,
  `user_id` INTEGER,
  `amount` REAL,
  `reference_amount` REAL,
  `currency_id` TEXT COLLATE NOCASE,
  `data` TEXT COLLATE NOCASE,
  `status` TEXT COLLATE NOCASE NOT NULL DEFAULT 'accepted',
  `type` TEXT COLLATE NOCASE,
  `reference` TEXT COLLATE NOCASE,
  `hit_id` INTEGER,
  `integration` TEXT COLLATE NOCASE,
  `hit_id` INTEGER
) STRICT | (no parameters)</li>
<li>Executing: ROLLBACK | (no parameters)</li>
</ol>
</div>
<div style="clear:both;margin-bottom:2px;border:red dotted thin;" class="error_message" style="border-bottom:dotted blue thin;">
SQLSTATE[HY000]: General error: 1 duplicate column name: hit_id
</div>
<p>Backtrace:</p>
<pre>#0 /internal/shared/sqlite-database-integration/wp-includes/sqlite-ast/class-wp-sqlite-driver.php(683): WP_SQLite_Driver->new_driver_exception('SQLSTATE[HY000]...', 'HY000', Object(PDOException))
#1 /internal/shared/sqlite-database-integration/wp-includes/sqlite/class-wp-sqlite-db.php(491): WP_SQLite_Driver->query('ALTER TABLE wp_...')
#2 /internal/shared/sqlite-database-integration/wp-includes/sqlite/class-wp-sqlite-db.php(432): WP_SQLite_DB->_do_query('ALTER TABLE wp_...')
#3 /wordpress/wp-content/plugins/affiliates/lib/core/wp-init.php(751): WP_SQLite_DB->query('ALTER TABLE wp_...')
#4 /wordpress/wp-content/plugins/affiliates/lib/core/wp-init.php(201): affiliates_update('')
#5 /wordpress/wp-includes/class-wp-hook.php(324): affiliates_version_check('')
#6 /wordpress/wp-includes/class-wp-hook.php(348): WP_Hook->apply_filters(Object(Affiliates_Notifications), Array)
#7 /wordpress/wp-includes/plugin.php(517): WP_Hook->do_action(Array)
#8 /wordpress/wp-settings.php(727): do_action('init')
#9 /wordpress/wp-config.php(102): require_once('/wordpress/wp-s...')
#10 /wordpress/wp-load.php(50): require_once('/wordpress/wp-c...')
#11 /internal/eval.php(3): require_once('/wordpress/wp-l...')
#12 {main}</pre>
 for query ALTER TABLE wp_aff_referrals
		ADD COLUMN hit_id BIGINT(20) UNSIGNED DEFAULT NULL,
		ADD INDEX aff_referrals_h (hit_id); made by require_once('wp-load.php'), require_once('wp-config.php'), require_once('wp-settings.php'), do_action('init'), WP_Hook->do_action, WP_Hook->apply_filters, affiliates_version_check, affiliates_update, WP_SQLite_DB->query, WP_SQLite_DB->print_error
[29-May-2025 20:51:00 UTC] WordPress database error <div style="clear:both">&nbsp;</div>
<div class="queries" style="clear:both;margin-bottom:2px;border:red dotted thin;">
<p>MySQL query:</p>
<p>ALTER TABLE wp_aff_referrals
		ADD COLUMN reference_amount DECIMAL(24,6) DEFAULT NULL,
		ADD COLUMN integration VARCHAR(255) DEFAULT NULL,
		ADD INDEX integration (integration(20));</p>
<p>Queries made or created this session were:</p>
<ol>
<li>Executing: BEGIN | (no parameters)</li>
<li>Executing: SELECT 1 FROM sqlite_temp_schema WHERE type = 'table' AND name = ? | parameters: wp_aff_referrals</li>
<li>Executing: SELECT
					COLUMN_NAME,
					LOWER(COLUMN_NAME) AS COLUMN_NAME_LOWERCASE
				FROM `_wp_sqlite_mysql_information_schema_columns` WHERE table_schema = ? AND table_name = ? | parameters: database_name_here, wp_aff_referrals</li>
<li>Executing: SELECT 1 FROM sqlite_temp_schema WHERE type = 'table' AND name = ? | parameters: wp_aff_referrals</li>
<li>Executing: 
				SELECT MAX(ordinal_position)
				FROM `_wp_sqlite_mysql_information_schema_columns`
				WHERE table_schema = ?
				AND table_name = ?
			 | parameters: database_name_here, wp_aff_referrals</li>
<li>Executing: INSERT INTO `_wp_sqlite_mysql_information_schema_columns` (`table_schema`, `table_name`, `column_name`, `ordinal_position`, `column_default`, `is_nullable`, `data_type`, `character_maximum_length`, `character_octet_length`, `numeric_precision`, `numeric_scale`, `datetime_precision`, `character_set_name`, `collation_name`, `column_type`, `column_key`, `extra`, `privileges`, `column_comment`, `generation_expression`, `srs_id`) VALUES (?, ?, ?, ?, ?, ?, ?, ?, ?, ?, ?, ?, ?, ?, ?, ?, ?, ?, ?, ?, ?) | parameters: database_name_here, wp_aff_referrals, reference_amount, 19, , YES, decimal, , , 24, 6, , , , decimal(24,6), , , select,insert,update,references, , , </li>
<li>Executing: 
				SELECT MAX(ordinal_position)
				FROM `_wp_sqlite_mysql_information_schema_columns`
				WHERE table_schema = ?
				AND table_name = ?
			 | parameters: database_name_here, wp_aff_referrals</li>
<li>Executing: INSERT INTO `_wp_sqlite_mysql_information_schema_columns` (`table_schema`, `table_name`, `column_name`, `ordinal_position`, `column_default`, `is_nullable`, `data_type`, `character_maximum_length`, `character_octet_length`, `numeric_precision`, `numeric_scale`, `datetime_precision`, `character_set_name`, `collation_name`, `column_type`, `column_key`, `extra`, `privileges`, `column_comment`, `generation_expression`, `srs_id`) VALUES (?, ?, ?, ?, ?, ?, ?, ?, ?, ?, ?, ?, ?, ?, ?, ?, ?, ?, ?, ?, ?) | parameters: database_name_here, wp_aff_referrals, integration, 20, , YES, varchar, 255, 1020, , , , utf8mb4, utf8mb4_general_ci, varchar(255), , , select,insert,update,references, , , </li>
<li>Executing: 
					SELECT column_name, data_type, is_nullable, character_maximum_length
					FROM `_wp_sqlite_mysql_information_schema_columns`
					WHERE table_schema = ?
					AND table_name = ?
					AND column_name IN (?)
				 | parameters: database_name_here, wp_aff_referrals, integration</li>
<li>Executing: INSERT INTO `_wp_sqlite_mysql_information_schema_statistics` (`table_schema`, `table_name`, `non_unique`, `index_schema`, `index_name`, `seq_in_index`, `column_name`, `collation`, `cardinality`, `sub_part`, `packed`, `nullable`, `index_type`, `comment`, `index_comment`, `is_visible`, `expression`) VALUES (?, ?, ?, ?, ?, ?, ?, ?, ?, ?, ?, ?, ?, ?, ?, ?, ?) | parameters: database_name_here, wp_aff_referrals, 1, database_name_here, integration, 1, integration, A, 0, 20, , YES, BTREE, , , YES, </li>
<li>Executing: 
				UPDATE `_wp_sqlite_mysql_information_schema_columns` AS c
				SET (column_key, is_nullable) = (
					SELECT
						CASE
							WHEN MAX(s.index_name = 'PRIMARY') THEN 'PRI'
							WHEN MAX(s.non_unique = 0 AND s.seq_in_index = 1) THEN 'UNI'
							WHEN MAX(s.seq_in_index = 1) THEN 'MUL'
							ELSE ''
						END,
						CASE
							WHEN MAX(s.index_name = 'PRIMARY') THEN 'NO'
							ELSE c.is_nullable
						END
					FROM `_wp_sqlite_mysql_information_schema_statistics` AS s
					WHERE s.table_schema = c.table_schema
					AND s.table_name = c.table_name
					AND s.column_name = c.column_name
				)
			    WHERE c.table_schema = ?
			    AND c.table_name = ?
			 | parameters: database_name_here, wp_aff_referrals</li>
<li>Executing: PRAGMA foreign_keys | (no parameters)</li>
<li>Executing: PRAGMA foreign_keys = OFF | (no parameters)</li>
<li>Executing: 
				SELECT *
				FROM `_wp_sqlite_mysql_information_schema_tables`
				WHERE table_type = 'BASE TABLE'
				AND table_schema = ?
				AND table_name = ?
			 | parameters: database_name_here, wp_aff_referrals</li>
<li>Executing: SELECT * FROM `_wp_sqlite_mysql_information_schema_columns` WHERE table_schema = ? AND table_name = ? ORDER BY ordinal_position | parameters: database_name_here, wp_aff_referrals</li>
<li>Executing: 
					SELECT *
					FROM `_wp_sqlite_mysql_information_schema_statistics`
					WHERE table_schema = ?
					AND table_name = ?
					ORDER BY
						INDEX_NAME = 'PRIMARY' DESC,
						NON_UNIQUE = '0' DESC,
						INDEX_TYPE = 'SPATIAL' DESC,
						INDEX_TYPE = 'BTREE' DESC,
						INDEX_TYPE = 'FULLTEXT' DESC,
						ROWID,
						SEQ_IN_INDEX
				 | parameters: database_name_here, wp_aff_referrals</li>
<li>Executing: CREATE TABLE `_wp_sqlite_tmp_wp_aff_referrals_6838c8b4e82d8` (
  `referral_id` INTEGER NOT NULL PRIMARY KEY AUTOINCREMENT,
  `affiliate_id` INTEGER NOT NULL DEFAULT '0',
  `campaign_id` INTEGER,
  `post_id` INTEGER NOT NULL DEFAULT '0',
  `datetime` TEXT COLLATE NOCASE NOT NULL,
  `description` TEXT COLLATE NOCASE,
  `ip` INTEGER,
  `ipv6` REAL,
  `user_id` INTEGER,
  `amount` REAL,
  `reference_amount` REAL,
  `currency_id` TEXT COLLATE NOCASE,
  `data` TEXT COLLATE NOCASE,
  `status` TEXT COLLATE NOCASE NOT NULL DEFAULT 'accepted',
  `type` TEXT COLLATE NOCASE,
  `reference` TEXT COLLATE NOCASE,
  `hit_id` INTEGER,
  `integration` TEXT COLLATE NOCASE,
  `reference_amount` REAL,
  `integration` TEXT COLLATE NOCASE
) STRICT | (no parameters)</li>
<li>Executing: ROLLBACK | (no parameters)</li>
</ol>
</div>
<div style="clear:both;margin-bottom:2px;border:red dotted thin;" class="error_message" style="border-bottom:dotted blue thin;">
SQLSTATE[HY000]: General error: 1 duplicate column name: reference_amount
</div>
<p>Backtrace:</p>
<pre>#0 /internal/shared/sqlite-database-integration/wp-includes/sqlite-ast/class-wp-sqlite-driver.php(683): WP_SQLite_Driver->new_driver_exception('SQLSTATE[HY000]...', 'HY000', Object(PDOException))
#1 /internal/shared/sqlite-database-integration/wp-includes/sqlite/class-wp-sqlite-db.php(491): WP_SQLite_Driver->query('ALTER TABLE wp_...')
#2 /internal/shared/sqlite-database-integration/wp-includes/sqlite/class-wp-sqlite-db.php(432): WP_SQLite_DB->_do_query('ALTER TABLE wp_...')
#3 /wordpress/wp-content/plugins/affiliates/lib/core/wp-init.php(751): WP_SQLite_DB->query('ALTER TABLE wp_...')
#4 /wordpress/wp-content/plugins/affiliates/lib/core/wp-init.php(201): affiliates_update('')
#5 /wordpress/wp-includes/class-wp-hook.php(324): affiliates_version_check('')
#6 /wordpress/wp-includes/class-wp-hook.php(348): WP_Hook->apply_filters(Object(Affiliates_Notifications), Array)
#7 /wordpress/wp-includes/plugin.php(517): WP_Hook->do_action(Array)
#8 /wordpress/wp-settings.php(727): do_action('init')
#9 /wordpress/wp-config.php(102): require_once('/wordpress/wp-s...')
#10 /wordpress/wp-load.php(50): require_once('/wordpress/wp-c...')
#11 /internal/eval.php(3): require_once('/wordpress/wp-l...')
#12 {main}</pre>
 for query ALTER TABLE wp_aff_referrals
		ADD COLUMN reference_amount DECIMAL(24,6) DEFAULT NULL,
		ADD COLUMN integration VARCHAR(255) DEFAULT NULL,
		ADD INDEX integration (integration(20)); made by require_once('wp-load.php'), require_once('wp-config.php'), require_once('wp-settings.php'), do_action('init'), WP_Hook->do_action, WP_Hook->apply_filters, affiliates_version_check, affiliates_update, WP_SQLite_DB->query, WP_SQLite_DB->print_error
[29-May-2025 20:51:00 UTC] [affiliates][ERROR][42] There were errors during update (core) – this might only be a temporary issue, unless this message comes up permanently.
[29-May-2025 20:51:11 UTC] WordPress database error <div style="clear:both">&nbsp;</div>
<div class="queries" style="clear:both;margin-bottom:2px;border:red dotted thin;">
<p>MySQL query:</p>
<p>ALTER TABLE wp_aff_hits DROP INDEX aff_hits_dtd;</p>
<p>Queries made or created this session were:</p>
<ol>
<li>Executing: BEGIN | (no parameters)</li>
<li>Executing: DROP INDEX &quot;wp_aff_hits__aff_hits_dtd&quot;; | (no parameters)</li>
<li>Executing: ROLLBACK | (no parameters)</li>
</ol>
</div>
<div style="clear:both;margin-bottom:2px;border:red dotted thin;" class="error_message" style="border-bottom:dotted blue thin;">
Error occurred at line 4117 in Function <code>handle_error</code>. Error message was: SQLSTATE[HY000]: General error: 1 no such index: wp_aff_hits__aff_hits_dtd.
</div>
<p>Backtrace:</p>
<pre>#0 /internal/shared/sqlite-database-integration/wp-includes/sqlite/class-wp-sqlite-db.php(287): WP_SQLite_Translator->get_error_message()
#1 /wordpress/wp-content/plugins/affiliates/lib/core/wp-init.php(751): WP_SQLite_DB->query('ALTER TABLE wp_...')
#2 /wordpress/wp-content/plugins/affiliates/lib/core/wp-init.php(511): affiliates_update()
#3 /wordpress/wp-content/plugins/affiliates/lib/core/wp-init.php(235): affiliates_setup()
#4 /wordpress/wp-includes/class-wp-hook.php(324): affiliates_activate(false)
#5 /wordpress/wp-includes/class-wp-hook.php(348): WP_Hook->apply_filters('', Array)
#6 /wordpress/wp-includes/plugin.php(517): WP_Hook->do_action(Array)
#7 /wordpress/wp-admin/includes/plugin.php(703): do_action('activate_affili...', false)
#8 /internal/eval.php(20): activate_plugin('affiliates/affi...')
#9 {main}</pre>
 for query ALTER TABLE wp_aff_hits DROP INDEX aff_hits_dtd; made by activate_plugin, do_action('activate_affiliates/affiliates.php'), WP_Hook->do_action, WP_Hook->apply_filters, affiliates_activate, affiliates_setup, affiliates_update, WP_SQLite_DB->query, WP_SQLite_DB->print_error
[29-May-2025 20:51:11 UTC] WordPress database error <div style="clear:both">&nbsp;</div>
<div class="queries" style="clear:both;margin-bottom:2px;border:red dotted thin;">
<p>MySQL query:</p>
<p>ALTER TABLE wp_aff_hits DROP INDEX aff_hits_ddt;</p>
<p>Queries made or created this session were:</p>
<ol>
<li>Executing: BEGIN | (no parameters)</li>
<li>Executing: DROP INDEX &quot;wp_aff_hits__aff_hits_ddt&quot;; | (no parameters)</li>
<li>Executing: ROLLBACK | (no parameters)</li>
</ol>
</div>
<div style="clear:both;margin-bottom:2px;border:red dotted thin;" class="error_message" style="border-bottom:dotted blue thin;">
Error occurred at line 4117 in Function <code>handle_error</code>. Error message was: SQLSTATE[HY000]: General error: 1 no such index: wp_aff_hits__aff_hits_ddt.
</div>
<p>Backtrace:</p>
<pre>#0 /internal/shared/sqlite-database-integration/wp-includes/sqlite/class-wp-sqlite-db.php(287): WP_SQLite_Translator->get_error_message()
#1 /wordpress/wp-content/plugins/affiliates/lib/core/wp-init.php(751): WP_SQLite_DB->query('ALTER TABLE wp_...')
#2 /wordpress/wp-content/plugins/affiliates/lib/core/wp-init.php(511): affiliates_update()
#3 /wordpress/wp-content/plugins/affiliates/lib/core/wp-init.php(235): affiliates_setup()
#4 /wordpress/wp-includes/class-wp-hook.php(324): affiliates_activate(false)
#5 /wordpress/wp-includes/class-wp-hook.php(348): WP_Hook->apply_filters('', Array)
#6 /wordpress/wp-includes/plugin.php(517): WP_Hook->do_action(Array)
#7 /wordpress/wp-admin/includes/plugin.php(703): do_action('activate_affili...', false)
#8 /internal/eval.php(20): activate_plugin('affiliates/affi...')
#9 {main}</pre>
 for query ALTER TABLE wp_aff_hits DROP INDEX aff_hits_ddt; made by activate_plugin, do_action('activate_affiliates/affiliates.php'), WP_Hook->do_action, WP_Hook->apply_filters, affiliates_activate, affiliates_setup, affiliates_update, WP_SQLite_DB->query, WP_SQLite_DB->print_error
[29-May-2025 20:51:11 UTC] WordPress database error <div style="clear:both">&nbsp;</div>
<div class="queries" style="clear:both;margin-bottom:2px;border:red dotted thin;">
<p>MySQL query:</p>
<p>ALTER TABLE wp_aff_hits DROP INDEX aid_d_t_ip;</p>
<p>Queries made or created this session were:</p>
<ol>
<li>Executing: BEGIN | (no parameters)</li>
<li>Executing: DROP INDEX &quot;wp_aff_hits__aid_d_t_ip&quot;; | (no parameters)</li>
<li>Executing: ROLLBACK | (no parameters)</li>
</ol>
</div>
<div style="clear:both;margin-bottom:2px;border:red dotted thin;" class="error_message" style="border-bottom:dotted blue thin;">
Error occurred at line 4117 in Function <code>handle_error</code>. Error message was: SQLSTATE[HY000]: General error: 1 no such index: wp_aff_hits__aid_d_t_ip.
</div>
<p>Backtrace:</p>
<pre>#0 /internal/shared/sqlite-database-integration/wp-includes/sqlite/class-wp-sqlite-db.php(287): WP_SQLite_Translator->get_error_message()
#1 /wordpress/wp-content/plugins/affiliates/lib/core/wp-init.php(751): WP_SQLite_DB->query('ALTER TABLE wp_...')
#2 /wordpress/wp-content/plugins/affiliates/lib/core/wp-init.php(511): affiliates_update()
#3 /wordpress/wp-content/plugins/affiliates/lib/core/wp-init.php(235): affiliates_setup()
#4 /wordpress/wp-includes/class-wp-hook.php(324): affiliates_activate(false)
#5 /wordpress/wp-includes/class-wp-hook.php(348): WP_Hook->apply_filters('', Array)
#6 /wordpress/wp-includes/plugin.php(517): WP_Hook->do_action(Array)
#7 /wordpress/wp-admin/includes/plugin.php(703): do_action('activate_affili...', false)
#8 /internal/eval.php(20): activate_plugin('affiliates/affi...')
#9 {main}</pre>
 for query ALTER TABLE wp_aff_hits DROP INDEX aid_d_t_ip; made by activate_plugin, do_action('activate_affiliates/affiliates.php'), WP_Hook->do_action, WP_Hook->apply_filters, affiliates_activate, affiliates_setup, affiliates_update, WP_SQLite_DB->query, WP_SQLite_DB->print_error
[29-May-2025 20:51:11 UTC] WordPress database error <div style="clear:both">&nbsp;</div>
<div class="queries" style="clear:both;margin-bottom:2px;border:red dotted thin;">
<p>MySQL query:</p>
<p>ALTER TABLE wp_aff_hits DROP COLUMN time;</p>
<p>Queries made or created this session were:</p>
<ol>
<li>Executing: BEGIN | (no parameters)</li>
<li>Executing: ALTER TABLE wp_aff_hits DROP COLUMN time; | (no parameters)</li>
<li>Executing: ROLLBACK | (no parameters)</li>
</ol>
</div>
<div style="clear:both;margin-bottom:2px;border:red dotted thin;" class="error_message" style="border-bottom:dotted blue thin;">
Error occurred at line 4117 in Function <code>handle_error</code>. Error message was: SQLSTATE[HY000]: General error: 1 no such column: "time".
</div>
<p>Backtrace:</p>
<pre>#0 /internal/shared/sqlite-database-integration/wp-includes/sqlite/class-wp-sqlite-db.php(287): WP_SQLite_Translator->get_error_message()
#1 /wordpress/wp-content/plugins/affiliates/lib/core/wp-init.php(751): WP_SQLite_DB->query('ALTER TABLE wp_...')
#2 /wordpress/wp-content/plugins/affiliates/lib/core/wp-init.php(511): affiliates_update()
#3 /wordpress/wp-content/plugins/affiliates/lib/core/wp-init.php(235): affiliates_setup()
#4 /wordpress/wp-includes/class-wp-hook.php(324): affiliates_activate(false)
#5 /wordpress/wp-includes/class-wp-hook.php(348): WP_Hook->apply_filters('', Array)
#6 /wordpress/wp-includes/plugin.php(517): WP_Hook->do_action(Array)
#7 /wordpress/wp-admin/includes/plugin.php(703): do_action('activate_affili...', false)
#8 /internal/eval.php(20): activate_plugin('affiliates/affi...')
#9 {main}</pre>
 for query ALTER TABLE wp_aff_hits DROP COLUMN time; made by activate_plugin, do_action('activate_affiliates/affiliates.php'), WP_Hook->do_action, WP_Hook->apply_filters, affiliates_activate, affiliates_setup, affiliates_update, WP_SQLite_DB->query, WP_SQLite_DB->print_error
[29-May-2025 20:51:11 UTC] WordPress database error <div style="clear:both">&nbsp;</div>
<div class="queries" style="clear:both;margin-bottom:2px;border:red dotted thin;">
<p>MySQL query:</p>
<p>ALTER TABLE wp_aff_hits DROP COLUMN ipv6;</p>
<p>Queries made or created this session were:</p>
<ol>
<li>Executing: BEGIN | (no parameters)</li>
<li>Executing: ALTER TABLE wp_aff_hits DROP COLUMN ipv6; | (no parameters)</li>
<li>Executing: ROLLBACK | (no parameters)</li>
</ol>
</div>
<div style="clear:both;margin-bottom:2px;border:red dotted thin;" class="error_message" style="border-bottom:dotted blue thin;">
Error occurred at line 4117 in Function <code>handle_error</code>. Error message was: SQLSTATE[HY000]: General error: 1 no such column: "ipv6".
</div>
<p>Backtrace:</p>
<pre>#0 /internal/shared/sqlite-database-integration/wp-includes/sqlite/class-wp-sqlite-db.php(287): WP_SQLite_Translator->get_error_message()
#1 /wordpress/wp-content/plugins/affiliates/lib/core/wp-init.php(751): WP_SQLite_DB->query('ALTER TABLE wp_...')
#2 /wordpress/wp-content/plugins/affiliates/lib/core/wp-init.php(511): affiliates_update()
#3 /wordpress/wp-content/plugins/affiliates/lib/core/wp-init.php(235): affiliates_setup()
#4 /wordpress/wp-includes/class-wp-hook.php(324): affiliates_activate(false)
#5 /wordpress/wp-includes/class-wp-hook.php(348): WP_Hook->apply_filters('', Array)
#6 /wordpress/wp-includes/plugin.php(517): WP_Hook->do_action(Array)
#7 /wordpress/wp-admin/includes/plugin.php(703): do_action('activate_affili...', false)
#8 /internal/eval.php(20): activate_plugin('affiliates/affi...')
#9 {main}</pre>
 for query ALTER TABLE wp_aff_hits DROP COLUMN ipv6; made by activate_plugin, do_action('activate_affiliates/affiliates.php'), WP_Hook->do_action, WP_Hook->apply_filters, affiliates_activate, affiliates_setup, affiliates_update, WP_SQLite_DB->query, WP_SQLite_DB->print_error
[29-May-2025 20:51:11 UTC] WordPress database error <div style="clear:both">&nbsp;</div>
<div class="queries" style="clear:both;margin-bottom:2px;border:red dotted thin;">
<p>MySQL query:</p>
<p>ALTER TABLE wp_aff_hits DROP COLUMN count;</p>
<p>Queries made or created this session were:</p>
<ol>
<li>Executing: BEGIN | (no parameters)</li>
<li>Executing: ALTER TABLE wp_aff_hits DROP COLUMN count; | (no parameters)</li>
<li>Executing: ROLLBACK | (no parameters)</li>
</ol>
</div>
<div style="clear:both;margin-bottom:2px;border:red dotted thin;" class="error_message" style="border-bottom:dotted blue thin;">
Error occurred at line 4117 in Function <code>handle_error</code>. Error message was: SQLSTATE[HY000]: General error: 1 no such column: "count".
</div>
<p>Backtrace:</p>
<pre>#0 /internal/shared/sqlite-database-integration/wp-includes/sqlite/class-wp-sqlite-db.php(287): WP_SQLite_Translator->get_error_message()
#1 /wordpress/wp-content/plugins/affiliates/lib/core/wp-init.php(751): WP_SQLite_DB->query('ALTER TABLE wp_...')
#2 /wordpress/wp-content/plugins/affiliates/lib/core/wp-init.php(511): affiliates_update()
#3 /wordpress/wp-content/plugins/affiliates/lib/core/wp-init.php(235): affiliates_setup()
#4 /wordpress/wp-includes/class-wp-hook.php(324): affiliates_activate(false)
#5 /wordpress/wp-includes/class-wp-hook.php(348): WP_Hook->apply_filters('', Array)
#6 /wordpress/wp-includes/plugin.php(517): WP_Hook->do_action(Array)
#7 /wordpress/wp-admin/includes/plugin.php(703): do_action('activate_affili...', false)
#8 /internal/eval.php(20): activate_plugin('affiliates/affi...')
#9 {main}</pre>
 for query ALTER TABLE wp_aff_hits DROP COLUMN count; made by activate_plugin, do_action('activate_affiliates/affiliates.php'), WP_Hook->do_action, WP_Hook->apply_filters, affiliates_activate, affiliates_setup, affiliates_update, WP_SQLite_DB->query, WP_SQLite_DB->print_error
[29-May-2025 20:51:12 UTC] WordPress database error <div style="clear:both">&nbsp;</div>
<div class="queries" style="clear:both;margin-bottom:2px;border:red dotted thin;">
<p>MySQL query:</p>
<p>ALTER TABLE wp_aff_hits DROP INDEX aff_hits_dtd;</p>
<p>Queries made or created this session were:</p>
<ol>
<li>Executing: BEGIN | (no parameters)</li>
<li>Executing: DROP INDEX &quot;wp_aff_hits__aff_hits_dtd&quot;; | (no parameters)</li>
<li>Executing: ROLLBACK | (no parameters)</li>
</ol>
</div>
<div style="clear:both;margin-bottom:2px;border:red dotted thin;" class="error_message" style="border-bottom:dotted blue thin;">
Error occurred at line 4117 in Function <code>handle_error</code>. Error message was: SQLSTATE[HY000]: General error: 1 no such index: wp_aff_hits__aff_hits_dtd.
</div>
<p>Backtrace:</p>
<pre>#0 /internal/shared/sqlite-database-integration/wp-includes/sqlite/class-wp-sqlite-db.php(287): WP_SQLite_Translator->get_error_message()
#1 /wordpress/wp-content/plugins/affiliates/lib/core/wp-init.php(751): WP_SQLite_DB->query('ALTER TABLE wp_...')
#2 /wordpress/wp-content/plugins/affiliates/lib/core/wp-init.php(201): affiliates_update('')
#3 /wordpress/wp-includes/class-wp-hook.php(324): affiliates_version_check('')
#4 /wordpress/wp-includes/class-wp-hook.php(348): WP_Hook->apply_filters(Object(Affiliates_Notifications), Array)
#5 /wordpress/wp-includes/plugin.php(517): WP_Hook->do_action(Array)
#6 /wordpress/wp-settings.php(727): do_action('init')
#7 /wordpress/wp-config.php(102): require_once('/wordpress/wp-s...')
#8 /wordpress/wp-load.php(50): require_once('/wordpress/wp-c...')
#9 /internal/eval.php(3): require_once('/wordpress/wp-l...')
#10 {main}</pre>
 for query ALTER TABLE wp_aff_hits DROP INDEX aff_hits_dtd; made by require_once('wp-load.php'), require_once('wp-config.php'), require_once('wp-settings.php'), do_action('init'), WP_Hook->do_action, WP_Hook->apply_filters, affiliates_version_check, affiliates_update, WP_SQLite_DB->query, WP_SQLite_DB->print_error
[29-May-2025 20:51:12 UTC] WordPress database error <div style="clear:both">&nbsp;</div>
<div class="queries" style="clear:both;margin-bottom:2px;border:red dotted thin;">
<p>MySQL query:</p>
<p>ALTER TABLE wp_aff_hits DROP INDEX aff_hits_ddt;</p>
<p>Queries made or created this session were:</p>
<ol>
<li>Executing: BEGIN | (no parameters)</li>
<li>Executing: DROP INDEX &quot;wp_aff_hits__aff_hits_ddt&quot;; | (no parameters)</li>
<li>Executing: ROLLBACK | (no parameters)</li>
</ol>
</div>
<div style="clear:both;margin-bottom:2px;border:red dotted thin;" class="error_message" style="border-bottom:dotted blue thin;">
Error occurred at line 4117 in Function <code>handle_error</code>. Error message was: SQLSTATE[HY000]: General error: 1 no such index: wp_aff_hits__aff_hits_ddt.
</div>
<p>Backtrace:</p>
<pre>#0 /internal/shared/sqlite-database-integration/wp-includes/sqlite/class-wp-sqlite-db.php(287): WP_SQLite_Translator->get_error_message()
#1 /wordpress/wp-content/plugins/affiliates/lib/core/wp-init.php(751): WP_SQLite_DB->query('ALTER TABLE wp_...')
#2 /wordpress/wp-content/plugins/affiliates/lib/core/wp-init.php(201): affiliates_update('')
#3 /wordpress/wp-includes/class-wp-hook.php(324): affiliates_version_check('')
#4 /wordpress/wp-includes/class-wp-hook.php(348): WP_Hook->apply_filters(Object(Affiliates_Notifications), Array)
#5 /wordpress/wp-includes/plugin.php(517): WP_Hook->do_action(Array)
#6 /wordpress/wp-settings.php(727): do_action('init')
#7 /wordpress/wp-config.php(102): require_once('/wordpress/wp-s...')
#8 /wordpress/wp-load.php(50): require_once('/wordpress/wp-c...')
#9 /internal/eval.php(3): require_once('/wordpress/wp-l...')
#10 {main}</pre>
 for query ALTER TABLE wp_aff_hits DROP INDEX aff_hits_ddt; made by require_once('wp-load.php'), require_once('wp-config.php'), require_once('wp-settings.php'), do_action('init'), WP_Hook->do_action, WP_Hook->apply_filters, affiliates_version_check, affiliates_update, WP_SQLite_DB->query, WP_SQLite_DB->print_error
[29-May-2025 20:51:12 UTC] WordPress database error <div style="clear:both">&nbsp;</div>
<div class="queries" style="clear:both;margin-bottom:2px;border:red dotted thin;">
<p>MySQL query:</p>
<p>ALTER TABLE wp_aff_hits DROP INDEX aid_d_t_ip;</p>
<p>Queries made or created this session were:</p>
<ol>
<li>Executing: BEGIN | (no parameters)</li>
<li>Executing: DROP INDEX &quot;wp_aff_hits__aid_d_t_ip&quot;; | (no parameters)</li>
<li>Executing: ROLLBACK | (no parameters)</li>
</ol>
</div>
<div style="clear:both;margin-bottom:2px;border:red dotted thin;" class="error_message" style="border-bottom:dotted blue thin;">
Error occurred at line 4117 in Function <code>handle_error</code>. Error message was: SQLSTATE[HY000]: General error: 1 no such index: wp_aff_hits__aid_d_t_ip.
</div>
<p>Backtrace:</p>
<pre>#0 /internal/shared/sqlite-database-integration/wp-includes/sqlite/class-wp-sqlite-db.php(287): WP_SQLite_Translator->get_error_message()
#1 /wordpress/wp-content/plugins/affiliates/lib/core/wp-init.php(751): WP_SQLite_DB->query('ALTER TABLE wp_...')
#2 /wordpress/wp-content/plugins/affiliates/lib/core/wp-init.php(201): affiliates_update('')
#3 /wordpress/wp-includes/class-wp-hook.php(324): affiliates_version_check('')
#4 /wordpress/wp-includes/class-wp-hook.php(348): WP_Hook->apply_filters(Object(Affiliates_Notifications), Array)
#5 /wordpress/wp-includes/plugin.php(517): WP_Hook->do_action(Array)
#6 /wordpress/wp-settings.php(727): do_action('init')
#7 /wordpress/wp-config.php(102): require_once('/wordpress/wp-s...')
#8 /wordpress/wp-load.php(50): require_once('/wordpress/wp-c...')
#9 /internal/eval.php(3): require_once('/wordpress/wp-l...')
#10 {main}</pre>
 for query ALTER TABLE wp_aff_hits DROP INDEX aid_d_t_ip; made by require_once('wp-load.php'), require_once('wp-config.php'), require_once('wp-settings.php'), do_action('init'), WP_Hook->do_action, WP_Hook->apply_filters, affiliates_version_check, affiliates_update, WP_SQLite_DB->query, WP_SQLite_DB->print_error
[29-May-2025 20:51:12 UTC] WordPress database error <div style="clear:both">&nbsp;</div>
<div class="queries" style="clear:both;margin-bottom:2px;border:red dotted thin;">
<p>MySQL query:</p>
<p>ALTER TABLE wp_aff_hits DROP COLUMN time;</p>
<p>Queries made or created this session were:</p>
<ol>
<li>Executing: BEGIN | (no parameters)</li>
<li>Executing: ALTER TABLE wp_aff_hits DROP COLUMN time; | (no parameters)</li>
<li>Executing: ROLLBACK | (no parameters)</li>
</ol>
</div>
<div style="clear:both;margin-bottom:2px;border:red dotted thin;" class="error_message" style="border-bottom:dotted blue thin;">
Error occurred at line 4117 in Function <code>handle_error</code>. Error message was: SQLSTATE[HY000]: General error: 1 no such column: "time".
</div>
<p>Backtrace:</p>
<pre>#0 /internal/shared/sqlite-database-integration/wp-includes/sqlite/class-wp-sqlite-db.php(287): WP_SQLite_Translator->get_error_message()
#1 /wordpress/wp-content/plugins/affiliates/lib/core/wp-init.php(751): WP_SQLite_DB->query('ALTER TABLE wp_...')
#2 /wordpress/wp-content/plugins/affiliates/lib/core/wp-init.php(201): affiliates_update('')
#3 /wordpress/wp-includes/class-wp-hook.php(324): affiliates_version_check('')
#4 /wordpress/wp-includes/class-wp-hook.php(348): WP_Hook->apply_filters(Object(Affiliates_Notifications), Array)
#5 /wordpress/wp-includes/plugin.php(517): WP_Hook->do_action(Array)
#6 /wordpress/wp-settings.php(727): do_action('init')
#7 /wordpress/wp-config.php(102): require_once('/wordpress/wp-s...')
#8 /wordpress/wp-load.php(50): require_once('/wordpress/wp-c...')
#9 /internal/eval.php(3): require_once('/wordpress/wp-l...')
#10 {main}</pre>
 for query ALTER TABLE wp_aff_hits DROP COLUMN time; made by require_once('wp-load.php'), require_once('wp-config.php'), require_once('wp-settings.php'), do_action('init'), WP_Hook->do_action, WP_Hook->apply_filters, affiliates_version_check, affiliates_update, WP_SQLite_DB->query, WP_SQLite_DB->print_error
[29-May-2025 20:51:12 UTC] WordPress database error <div style="clear:both">&nbsp;</div>
<div class="queries" style="clear:both;margin-bottom:2px;border:red dotted thin;">
<p>MySQL query:</p>
<p>ALTER TABLE wp_aff_hits DROP COLUMN ipv6;</p>
<p>Queries made or created this session were:</p>
<ol>
<li>Executing: BEGIN | (no parameters)</li>
<li>Executing: ALTER TABLE wp_aff_hits DROP COLUMN ipv6; | (no parameters)</li>
<li>Executing: ROLLBACK | (no parameters)</li>
</ol>
</div>
<div style="clear:both;margin-bottom:2px;border:red dotted thin;" class="error_message" style="border-bottom:dotted blue thin;">
Error occurred at line 4117 in Function <code>handle_error</code>. Error message was: SQLSTATE[HY000]: General error: 1 no such column: "ipv6".
</div>
<p>Backtrace:</p>
<pre>#0 /internal/shared/sqlite-database-integration/wp-includes/sqlite/class-wp-sqlite-db.php(287): WP_SQLite_Translator->get_error_message()
#1 /wordpress/wp-content/plugins/affiliates/lib/core/wp-init.php(751): WP_SQLite_DB->query('ALTER TABLE wp_...')
#2 /wordpress/wp-content/plugins/affiliates/lib/core/wp-init.php(201): affiliates_update('')
#3 /wordpress/wp-includes/class-wp-hook.php(324): affiliates_version_check('')
#4 /wordpress/wp-includes/class-wp-hook.php(348): WP_Hook->apply_filters(Object(Affiliates_Notifications), Array)
#5 /wordpress/wp-includes/plugin.php(517): WP_Hook->do_action(Array)
#6 /wordpress/wp-settings.php(727): do_action('init')
#7 /wordpress/wp-config.php(102): require_once('/wordpress/wp-s...')
#8 /wordpress/wp-load.php(50): require_once('/wordpress/wp-c...')
#9 /internal/eval.php(3): require_once('/wordpress/wp-l...')
#10 {main}</pre>
 for query ALTER TABLE wp_aff_hits DROP COLUMN ipv6; made by require_once('wp-load.php'), require_once('wp-config.php'), require_once('wp-settings.php'), do_action('init'), WP_Hook->do_action, WP_Hook->apply_filters, affiliates_version_check, affiliates_update, WP_SQLite_DB->query, WP_SQLite_DB->print_error
[29-May-2025 20:51:12 UTC] WordPress database error <div style="clear:both">&nbsp;</div>
<div class="queries" style="clear:both;margin-bottom:2px;border:red dotted thin;">
<p>MySQL query:</p>
<p>ALTER TABLE wp_aff_hits DROP COLUMN count;</p>
<p>Queries made or created this session were:</p>
<ol>
<li>Executing: BEGIN | (no parameters)</li>
<li>Executing: ALTER TABLE wp_aff_hits DROP COLUMN count; | (no parameters)</li>
<li>Executing: ROLLBACK | (no parameters)</li>
</ol>
</div>
<div style="clear:both;margin-bottom:2px;border:red dotted thin;" class="error_message" style="border-bottom:dotted blue thin;">
Error occurred at line 4117 in Function <code>handle_error</code>. Error message was: SQLSTATE[HY000]: General error: 1 no such column: "count".
</div>
<p>Backtrace:</p>
<pre>#0 /internal/shared/sqlite-database-integration/wp-includes/sqlite/class-wp-sqlite-db.php(287): WP_SQLite_Translator->get_error_message()
#1 /wordpress/wp-content/plugins/affiliates/lib/core/wp-init.php(751): WP_SQLite_DB->query('ALTER TABLE wp_...')
#2 /wordpress/wp-content/plugins/affiliates/lib/core/wp-init.php(201): affiliates_update('')
#3 /wordpress/wp-includes/class-wp-hook.php(324): affiliates_version_check('')
#4 /wordpress/wp-includes/class-wp-hook.php(348): WP_Hook->apply_filters(Object(Affiliates_Notifications), Array)
#5 /wordpress/wp-includes/plugin.php(517): WP_Hook->do_action(Array)
#6 /wordpress/wp-settings.php(727): do_action('init')
#7 /wordpress/wp-config.php(102): require_once('/wordpress/wp-s...')
#8 /wordpress/wp-load.php(50): require_once('/wordpress/wp-c...')
#9 /internal/eval.php(3): require_once('/wordpress/wp-l...')
#10 {main}</pre>
 for query ALTER TABLE wp_aff_hits DROP COLUMN count; made by require_once('wp-load.php'), require_once('wp-config.php'), require_once('wp-settings.php'), do_action('init'), WP_Hook->do_action, WP_Hook->apply_filters, affiliates_version_check, affiliates_update, WP_SQLite_DB->query, WP_SQLite_DB->print_error
[29-May-2025 20:51:12 UTC] [affiliates][ERROR][42] There were errors during update (core) – this might only be a temporary issue, unless this message comes up permanently.
[29-May-2025 20:51:22 UTC] WordPress database error <div style="clear:both">&nbsp;</div>
<div class="queries" style="clear:both;margin-bottom:2px;border:red dotted thin;">
<p>MySQL query:</p>
<p>ALTER TABLE wp_aff_hits DROP INDEX aff_hits_dtd;</p>
<p>Queries made or created this session were:</p>
<ol>
<li>Executing: BEGIN | (no parameters)</li>
<li>Executing: DROP INDEX &quot;wp_aff_hits__aff_hits_dtd&quot;; | (no parameters)</li>
<li>Executing: ROLLBACK | (no parame
