file:///home/runner/work/playground-tester/playground-tester/node_modules/@wp-playground/cli/run-cli-j-geJYS3.js:325
        throw new Error($, { cause: h });
              ^

Error: [26-Jun-2025 21:51:58 UTC] PHP Fatal error:  Uncaught Error: Call to undefined function create_function() in /wordpress/wp-content/plugins/raadso-like-button/raadso-like-button.php:79
Stack trace:
#0 /wordpress/wp-content/plugins/raadso-like-button/raadso-like-button.php(555): rd_like_init()
#1 /wordpress/wp-admin/includes/plugin.php(2387): include_once('/wordpress/wp-c...')
#2 /wordpress/wp-admin/includes/plugin.php(673): plugin_sandbox_scrape('raadso-like-but...')
#3 /internal/eval.php(20): activate_plugin('raadso-like-but...')
#4 {main}
  thrown in /wordpress/wp-content/plugins/raadso-like-button/raadso-like-button.php on line 79
[26-Jun-2025 21:52:06 UTC] PHP Fatal error:  Uncaught Error: Call to undefined function create_function() in /wordpress/wp-content/plugins/raadso-like-button/raadso-like-button.php:79
Stack trace:
#0 /wordpress/wp-content/plugins/raadso-like-button/raadso-like-button.php(555): rd_like_init()
#1 /wordpress/wp-admin/includes/plugin.php(2387): include_once('/wordpress/wp-c...')
#2 /wordpress/wp-admin/includes/plugin.php(673): plugin_sandbox_scrape('raadso-like-but...')
#3 /internal/eval.php(20): activate_plugin('raadso-like-but...')
#4 {main}
  thrown in /wordpress/wp-content/plugins/raadso-like-button/raadso-like-button.php on line 79
[26-Jun-2025 21:52:15 UTC] PHP Fatal error:  Uncaught Error: Call to undefined function create_function() in /wordpress/wp-content/plugins/raadso-like-button/raadso-like-button.php:79
Stack trace:
#0 /wordpress/wp-content/plugins/raadso-like-button/raadso-like-button.php(555): rd_like_init()
#1 /wordpress/wp-admin/includes/plugin.php(2387): include_once('/wordpress/wp-c...')
#2 /wordpress/wp-admin/includes/plugin.php(673): plugin_sandbox_scrape('raadso-like-but...')
#3 /internal/eval.php(20): activate_plugin('raadso-like-but...')
#4 {main}
  thrown in /wordpress/wp-content/plugins/raadso-like-button/raadso-like-button.php on line 79
[26-Jun-2025 21:57:10 UTC] PHP Fatal error:  Uncaught Error: Undefined constant "pagecornr_version" in /wordpress/wp-content/plugins/page-cornr-for-october/pagecornr.php:112
Stack trace:
#0 /wordpress/wp-admin/includes/plugin.php(2387): include_once()
#1 /wordpress/wp-admin/includes/plugin.php(673): plugin_sandbox_scrape('page-cornr-for-...')
#2 /internal/eval.php(20): activate_plugin('page-cornr-for-...')
#3 {main}
  thrown in /wordpress/wp-content/plugins/page-cornr-for-october/pagecornr.php on line 112
[26-Jun-2025 21:57:19 UTC] PHP Fatal error:  Uncaught Error: Undefined constant "pagecornr_version" in /wordpress/wp-content/plugins/page-cornr-for-october/pagecornr.php:112
Stack trace:
#0 /wordpress/wp-admin/includes/plugin.php(2387): include_once()
#1 /wordpress/wp-admin/includes/plugin.php(673): plugin_sandbox_scrape('page-cornr-for-...')
#2 /internal/eval.php(20): activate_plugin('page-cornr-for-...')
#3 {main}
  thrown in /wordpress/wp-content/plugins/page-cornr-for-october/pagecornr.php on line 112
[26-Jun-2025 21:57:26 UTC] PHP Fatal error:  Uncaught Error: Undefined constant "pagecornr_version" in /wordpress/wp-content/plugins/page-cornr-for-october/pagecornr.php:112
Stack trace:
#0 /wordpress/wp-admin/includes/plugin.php(2387): include_once()
#1 /wordpress/wp-admin/includes/plugin.php(673): plugin_sandbox_scrape('page-cornr-for-...')
#2 /internal/eval.php(20): activate_plugin('page-cornr-for-...')
#3 {main}
  thrown in /wordpress/wp-content/plugins/page-cornr-for-october/pagecornr.php on line 112
[26-Jun-2025 21:58:17 UTC] PHP Warning:  file_get_contents(/wordpress/.htaccess): Failed to open stream: No such file or directory in /wordpress/wp-content/plugins/rest-cache/includes/class.rewrite-rule.php on line 22
[26-Jun-2025 21:58:17 UTC] PHP Warning:  Undefined array key "DOCUMENT_ROOT" in /wordpress/wp-content/plugins/rest-cache/includes/class.rewrite-rule.php on line 44
[26-Jun-2025 21:58:17 UTC] PHP Warning:  file_get_contents(/wordpress/.htaccess): Failed to open stream: No such file or directory in /wordpress/wp-content/plugins/rest-cache/includes/class.rewrite-rule.php on line 61
[26-Jun-2025 21:58:21 UTC] PHP Fatal error:  Uncaught GuzzleHttp\Exception\ClientException: Client error: `GET http://127.0.0.1:9407/wp-content/plugins/rest-cache/service/public/api/install` resulted in a `404 Not Found` response:
<!DOCTYPE html>
<html lang="en-US">
<head>
	<meta charset="UTF-8" />
	<meta name="viewport" content="width=device-width, (truncated...)
 in /wordpress/wp-content/plugins/rest-cache/vendor/guzzlehttp/guzzle/src/Exception/RequestException.php:111
Stack trace:
#0 /wordpress/wp-content/plugins/rest-cache/vendor/guzzlehttp/guzzle/src/Middleware.php(66): GuzzleHttp\Exception\RequestException::create(Object(GuzzleHttp\Psr7\Request), Object(GuzzleHttp\Psr7\Response))
#1 /wordpress/wp-content/plugins/rest-cache/vendor/guzzlehttp/promises/src/Promise.php(203): GuzzleHttp\Middleware::GuzzleHttp\{closure}(Object(GuzzleHttp\Psr7\Response))
#2 /wordpress/wp-content/plugins/rest-cache/vendor/guzzlehttp/promises/src/Promise.php(156): GuzzleHttp\Promise\Promise::callHandler(1, Object(GuzzleHttp\Psr7\Response), Array)
#3 /wordpress/wp-content/plugins/rest-cache/vendor/guzzlehttp/promises/src/TaskQueue.php(47): GuzzleHttp\Promise\Promise::GuzzleHttp\Promise\{closure}()
#4 /wordpress/wp-content/plugins/rest-cache/vendor/guzzlehttp/promises/src/Promise.php(246): GuzzleHttp\Promise\TaskQueue->run(true)
#5 /wordpress/wp-content/plugins/rest-cache/vendor/guzzlehttp/promises/src/Promise.php(223): GuzzleHttp\Promise\Promise->invokeWaitFn()
#6 /wordpress/wp-content/plugins/rest-cache/vendor/guzzlehttp/promises/src/Promise.php(267): GuzzleHttp\Promise\Promise->waitIfPending()
#7 /wordpress/wp-content/plugins/rest-cache/vendor/guzzlehttp/promises/src/Promise.php(225): GuzzleHttp\Promise\Promise->invokeWaitList()
#8 /wordpress/wp-content/plugins/rest-cache/vendor/guzzlehttp/promises/src/Promise.php(62): GuzzleHttp\Promise\Promise->waitIfPending()
#9 /wordpress/wp-content/plugins/rest-cache/vendor/guzzlehttp/guzzle/src/Client.php(181): GuzzleHttp\Promise\Promise->wait()
#10 /wordpress/wp-content/plugins/rest-cache/includes/class.plugin.php(94): GuzzleHttp\Client->request('GET', 'http://127.0.0....', Array)
#11 /wordpress/wp-includes/class-wp-hook.php(324): PerryRylance\WordPress\RESTCache\Plugin->onActivate(false)
#12 /wordpress/wp-includes/class-wp-hook.php(348): WP_Hook->apply_filters('', Array)
#13 /wordpress/wp-includes/plugin.php(517): WP_Hook->do_action(Array)
#14 /wordpress/wp-admin/includes/plugin.php(703): do_action('activate_rest-c...', false)
#15 /internal/eval.php(20): activate_plugin('rest-cache/rest...')
#16 {main}
  thrown in /wordpress/wp-content/plugins/rest-cache/vendor/guzzlehttp/guzzle/src/Exception/RequestException.php on line 111
[26-Jun-2025 21:58:44 UTC] PHP Fatal error:  Uncaught GuzzleHttp\Exception\ClientException: Client error: `GET http://127.0.0.1:9407/wp-content/plugins/rest-cache/service/public/api/install` resulted in a `404 Not Found` response:
<!DOCTYPE html>
<html lang="en-US">
<head>
	<meta charset="UTF-8" />
	<meta name="viewport" content="width=device-width, (truncated...)
 in /wordpress/wp-content/plugins/rest-cache/vendor/guzzlehttp/guzzle/src/Exception/RequestException.php:111
Stack trace:
#0 /wordpress/wp-content/plugins/rest-cache/vendor/guzzlehttp/guzzle/src/Middleware.php(66): GuzzleHttp\Exception\RequestException::create(Object(GuzzleHttp\Psr7\Request), Object(GuzzleHttp\Psr7\Response))
#1 /wordpress/wp-content/plugins/rest-cache/vendor/guzzlehttp/promises/src/Promise.php(203): GuzzleHttp\Middleware::GuzzleHttp\{closure}(Object(GuzzleHttp\Psr7\Response))
#2 /wordpress/wp-content/plugins/rest-cache/vendor/guzzlehttp/promises/src/Promise.php(156): GuzzleHttp\Promise\Promise::callHandler(1, Object(GuzzleHttp\Psr7\Response), Array)
#3 /wordpress/wp-content/plugins/rest-cache/vendor/guzzlehttp/promises/src/TaskQueue.php(47): GuzzleHttp\Promise\Promise::GuzzleHttp\Promise\{closure}()
#4 /wordpress/wp-content/plugins/rest-cache/vendor/guzzlehttp/promises/src/Promise.php(246): GuzzleHttp\Promise\TaskQueue->run(true)
#5 /wordpress/wp-content/plugins/rest-cache/vendor/guzzlehttp/promises/src/Promise.php(223): GuzzleHttp\Promise\Promise->invokeWaitFn()
#6 /wordpress/wp-content/plugins/rest-cache/vendor/guzzlehttp/promises/src/Promise.php(267): GuzzleHttp\Promise\Promise->waitIfPending()
#7 /wordpress/wp-content/plugins/rest-cache/vendor/guzzlehttp/promises/src/Promise.php(225): GuzzleHttp\Promise\Promise->invokeWaitList()
#8 /wordpress/wp-content/plugins/rest-cache/vendor/guzzlehttp/promises/src/Promise.php(62): GuzzleHttp\Promise\Promise->waitIfPending()
#9 /wordpress/wp-content/plugins/rest-cache/vendor/guzzlehttp/guzzle/src/Client.php(181): GuzzleHttp\Promise\Promise->wait()
#10 /wordpress/wp-content/plugins/rest-cache/includes/class.plugin.php(94): GuzzleHttp\Client->request('GET', 'http://127.0.0....', Array)
#11 /wordpress/wp-includes/class-wp-hook.php(324): PerryRylance\WordPress\RESTCache\Plugin->onActivate(false)
#12 /wordpress/wp-includes/class-wp-hook.php(348): WP_Hook->apply_filters('', Array)
#13 /wordpress/wp-includes/plugin.php(517): WP_Hook->do_action(Array)
#14 /wordpress/wp-admin/includes/plugin.php(703): do_action('activate_rest-c...', false)
#15 /internal/eval.php(20): activate_plugin('rest-cache/rest...')
#16 {main}
  thrown in /wordpress/wp-content/plugins/rest-cache/vendor/guzzlehttp/guzzle/src/Exception/RequestException.php on line 111
[26-Jun-2025 21:59:12 UTC] PHP Fatal error:  Uncaught GuzzleHttp\Exception\ClientException: Client error: `GET http://127.0.0.1:9407/wp-content/plugins/rest-cache/service/public/api/install` resulted in a `404 Not Found` response:
<!DOCTYPE html>
<html lang="en-US">
<head>
	<meta charset="UTF-8" />
	<meta name="viewport" content="width=device-width, (truncated...)
 in /wordpress/wp-content/plugins/rest-cache/vendor/guzzlehttp/guzzle/src/Exception/RequestException.php:111
Stack trace:
#0 /wordpress/wp-content/plugins/rest-cache/vendor/guzzlehttp/guzzle/src/Middleware.php(66): GuzzleHttp\Exception\RequestException::create(Object(GuzzleHttp\Psr7\Request), Object(GuzzleHttp\Psr7\Response))
#1 /wordpress/wp-content/plugins/rest-cache/vendor/guzzlehttp/promises/src/Promise.php(203): GuzzleHttp\Middleware::GuzzleHttp\{closure}(Object(GuzzleHttp\Psr7\Response))
#2 /wordpress/wp-content/plugins/rest-cache/vendor/guzzlehttp/promises/src/Promise.php(156): GuzzleHttp\Promise\Promise::callHandler(1, Object(GuzzleHttp\Psr7\Response), Array)
#3 /wordpress/wp-content/plugins/rest-cache/vendor/guzzlehttp/promises/src/TaskQueue.php(47): GuzzleHttp\Promise\Promise::GuzzleHttp\Promise\{closure}()
#4 /wordpress/wp-content/plugins/rest-cache/vendor/guzzlehttp/promises/src/Promise.php(246): GuzzleHttp\Promise\TaskQueue->run(true)
#5 /wordpress/wp-content/plugins/rest-cache/vendor/guzzlehttp/promises/src/Promise.php(223): GuzzleHttp\Promise\Promise->invokeWaitFn()
#6 /wordpress/wp-content/plugins/rest-cache/vendor/guzzlehttp/promises/src/Promise.php(267): GuzzleHttp\Promise\Promise->waitIfPending()
#7 /wordpress/wp-content/plugins/rest-cache/vendor/guzzlehttp/promises/src/Promise.php(225): GuzzleHttp\Promise\Promise->invokeWaitList()
#8 /wordpress/wp-content/plugins/rest-cache/vendor/guzzlehttp/promises/src/Promise.php(62): GuzzleHttp\Promise\Promise->waitIfPending()
#9 /wordpress/wp-content/plugins/rest-cache/vendor/guzzlehttp/guzzle/src/Client.php(181): GuzzleHttp\Promise\Promise->wait()
#10 /wordpress/wp-content/plugins/rest-cache/includes/class.plugin.php(94): GuzzleHttp\Client->request('GET', 'http://127.0.0....', Array)
#11 /wordpress/wp-includes/class-wp-hook.php(324): PerryRylance\WordPress\RESTCache\Plugin->onActivate(false)
#12 /wordpress/wp-includes/class-wp-hook.php(348): WP_Hook->apply_filters('', Array)
#13 /wordpress/wp-includes/plugin.php(517): WP_Hook->do_action(Array)
#14 /wordpress/wp-admin/includes/plugin.php(703): do_action('activate_rest-c...', false)
#15 /internal/eval.php(20): activate_plugin('rest-cache/rest...')
#16 {main}
  thrown in /wordpress/wp-content/plugins/rest-cache/vendor/guzzlehttp/guzzle/src/Exception/RequestException.php on line 111
[26-Jun-2025 22:01:39 UTC] PHP Fatal error:  Uncaught Error: Undefined constant "STDERR" in /wordpress/wp-content/plugins/paygate-payweb-for-woocommerce/vendor/composer/platform_check.php:17
Stack trace:
#0 /wordpress/wp-content/plugins/paygate-payweb-for-woocommerce/vendor/composer/autoload_real.php(25): require()
#1 /wordpress/wp-content/plugins/paygate-payweb-for-woocommerce/vendor/autoload.php(25): ComposerAutoloaderInitc2f0ccfb52fb2e0db102388b139f230d::getLoader()
#2 /wordpress/wp-content/plugins/paygate-payweb-for-woocommerce/gateway-paygate.php(24): require_once('/wordpress/wp-c...')
#3 /wordpress/wp-admin/includes/plugin.php(2387): include_once('/wordpress/wp-c...')
#4 /wordpress/wp-admin/includes/plugin.php(673): plugin_sandbox_scrape('paygate-payweb-...')
#5 /internal/eval.php(20): activate_plugin('paygate-payweb-...')
#6 {main}
  thrown in /wordpress/wp-content/plugins/paygate-payweb-for-woocommerce/vendor/composer/platform_check.php on line 17
[26-Jun-2025 22:01:45 UTC] PHP Fatal error:  Uncaught Error: Undefined constant "STDERR" in /wordpress/wp-content/plugins/paygate-payweb-for-woocommerce/vendor/composer/platform_check.php:17
Stack trace:
#0 /wordpress/wp-content/plugins/paygate-payweb-for-woocommerce/vendor/composer/autoload_real.php(25): require()
#1 /wordpress/wp-content/plugins/paygate-payweb-for-woocommerce/vendor/autoload.php(25): ComposerAutoloaderInitc2f0ccfb52fb2e0db102388b139f230d::getLoader()
#2 /wordpress/wp-content/plugins/paygate-payweb-for-woocommerce/gateway-paygate.php(24): require_once('/wordpress/wp-c...')
#3 /wordpress/wp-admin/includes/plugin.php(2387): include_once('/wordpress/wp-c...')
#4 /wordpress/wp-admin/includes/plugin.php(673): plugin_sandbox_scrape('paygate-payweb-...')
#5 /internal/eval.php(20): activate_plugin('paygate-payweb-...')
#6 {main}
  thrown in /wordpress/wp-content/plugins/paygate-payweb-for-woocommerce/vendor/composer/platform_check.php on line 17
[26-Jun-2025 22:01:49 UTC] PHP Fatal error:  Uncaught Error: Undefined constant "STDERR" in /wordpress/wp-content/plugins/paygate-payweb-for-woocommerce/vendor/composer/platform_check.php:17
Stack trace:
#0 /wordpress/wp-content/plugins/paygate-payweb-for-woocommerce/vendor/composer/autoload_real.php(25): require()
#1 /wordpress/wp-content/plugins/paygate-payweb-for-woocommerce/vendor/autoload.php(25): ComposerAutoloaderInitc2f0ccfb52fb2e0db102388b139f230d::getLoader()
#2 /wordpress/wp-content/plugins/paygate-payweb-for-woocommerce/gateway-paygate.php(24): require_once('/wordpress/wp-c...')
#3 /wordpress/wp-admin/includes/plugin.php(2387): include_once('/wordpress/wp-c...')
#4 /wordpress/wp-admin/includes/plugin.php(673): plugin_sandbox_scrape('paygate-payweb-...')
#5 /internal/eval.php(20): activate_plugin('paygate-payweb-...')
#6 {main}
  thrown in /wordpress/wp-content/plugins/paygate-payweb-for-woocommerce/vendor/composer/platform_check.php on line 17

    at Object.onBind (file:///home/runner/work/playground-tester/playground-tester/node_modules/@wp-playground/cli/run-cli-j-geJYS3.js:325:15)
    at process.processTicksAndRejections (node:internal/process/task_queues:105:5)
    at async re (file:///home/runner/work/playground-tester/playground-tester/node_modules/@wp-playground/cli/run-cli-j-geJYS3.js:149:10) {
  [cause]: Error: Error when executing the blueprint step #1 ({"step":"installPlugin","pluginData":{"resource":"wordpress.org/plugins","slug":"paygate-payweb-for-woocommerce"},"options":{"activate":true}}) : PHP.run() failed with exit code 255 and the following output: 
      at Object.run (file:///home/runner/work/playground-tester/playground-tester/node_modules/@wp-playground/blueprints/index.js:12093:19)
      at process.processTicksAndRejections (node:internal/process/task_queues:105:5)
      at async ys (file:///home/runner/work/playground-tester/playground-tester/node_modules/@wp-playground/blueprints/index.js:12196:3)
      at async Object.onBind (file:///home/runner/work/playground-tester/playground-tester/node_modules/@wp-playground/cli/run-cli-j-geJYS3.js:315:48)
      at async re (file:///home/runner/work/playground-tester/playground-tester/node_modules/@wp-playground/cli/run-cli-j-geJYS3.js:149:10) {
    [cause]: PHPExecutionFailureError: PHP.run() failed with exit code 255 and the following output: 
        at PHP.run (file:///home/runner/work/playground-tester/playground-tester/node_modules/@php-wasm/universal/index.js:1034:19)
        at process.processTicksAndRejections (node:internal/process/task_queues:105:5)
        at async wr (file:///home/runner/work/playground-tester/playground-tester/node_modules/@wp-playground/blueprints/index.js:34:39)
        at async Object.gt [as installPlugin] (file:///home/runner/work/playground-tester/playground-tester/node_modules/@wp-playground/blueprints/index.js:631:42)
        at async g (file:///home/runner/work/playground-tester/playground-tester/node_modules/@wp-playground/blueprints/index.js:12161:30)
        at async Object.run (file:///home/runner/work/playground-tester/playground-tester/node_modules/@wp-playground/blueprints/index.js:12090:23)
        at async ys (file:///home/runner/work/playground-tester/playground-tester/node_modules/@wp-playground/blueprints/index.js:12196:3)
        at async Object.onBind (file:///home/runner/work/playground-tester/playground-tester/node_modules/@wp-playground/cli/run-cli-j-geJYS3.js:315:48)
        at async re (file:///home/runner/work/playground-tester/playground-tester/node_modules/@wp-playground/cli/run-cli-j-geJYS3.js:149:10) {
      response: PHPResponse {
        httpStatusCode: 500,
        headers: {
          'x-powered-by': [ 'PHP/8.0.30-dev' ],
          'content-type': [ 'text/html; charset=UTF-8' ]
        },
        bytes: Uint8Array(0) [],
        exitCode: 255,
        errors: ''
      },
      source: 'request'
    }
  }
}

Node.js v23.11.0
