file:///home/runner/work/playground-tester/playground-tester/node_modules/@wp-playground/cli/index.js:237
        throw new Error(y, { cause: u });
              ^

Error: [17-Apr-2025 04:53:04 UTC] PHP Fatal error:  Uncaught PDOException: SQLSTATE[HY000] [2002] Address family not supported by protocol in /wordpress/wp-content/plugins/rise-hotel-booking/rise-hotel-booking.php:167
Stack trace:
#0 /wordpress/wp-content/plugins/rise-hotel-booking/rise-hotel-booking.php(167): PDO->__construct('mysql:host=loca...', 'username_here', 'password_here')
#1 /wordpress/wp-includes/class-wp-hook.php(324): RISE->createTables(false)
#2 /wordpress/wp-includes/class-wp-hook.php(348): WP_Hook->apply_filters('', Array)
#3 /wordpress/wp-includes/plugin.php(517): WP_Hook->do_action(Array)
#4 /wordpress/wp-admin/includes/plugin.php(703): do_action('activate_rise-h...', false)
#5 /internal/eval.php(20): activate_plugin('rise-hotel-book...')
#6 {main}
  thrown in /wordpress/wp-content/plugins/rise-hotel-booking/rise-hotel-booking.php on line 167
[17-Apr-2025 04:53:14 UTC] PHP Fatal error:  Uncaught PDOException: SQLSTATE[HY000] [2002] Address family not supported by protocol in /wordpress/wp-content/plugins/rise-hotel-booking/rise-hotel-booking.php:167
Stack trace:
#0 /wordpress/wp-content/plugins/rise-hotel-booking/rise-hotel-booking.php(167): PDO->__construct('mysql:host=loca...', 'username_here', 'password_here')
#1 /wordpress/wp-includes/class-wp-hook.php(324): RISE->createTables(false)
#2 /wordpress/wp-includes/class-wp-hook.php(348): WP_Hook->apply_filters('', Array)
#3 /wordpress/wp-includes/plugin.php(517): WP_Hook->do_action(Array)
#4 /wordpress/wp-admin/includes/plugin.php(703): do_action('activate_rise-h...', false)
#5 /internal/eval.php(20): activate_plugin('rise-hotel-book...')
#6 {main}
  thrown in /wordpress/wp-content/plugins/rise-hotel-booking/rise-hotel-booking.php on line 167
[17-Apr-2025 04:53:23 UTC] PHP Fatal error:  Uncaught PDOException: SQLSTATE[HY000] [2002] Address family not supported by protocol in /wordpress/wp-content/plugins/rise-hotel-booking/rise-hotel-booking.php:167
Stack trace:
#0 /wordpress/wp-content/plugins/rise-hotel-booking/rise-hotel-booking.php(167): PDO->__construct('mysql:host=loca...', 'username_here', 'password_here')
#1 /wordpress/wp-includes/class-wp-hook.php(324): RISE->createTables(false)
#2 /wordpress/wp-includes/class-wp-hook.php(348): WP_Hook->apply_filters('', Array)
#3 /wordpress/wp-includes/plugin.php(517): WP_Hook->do_action(Array)
#4 /wordpress/wp-admin/includes/plugin.php(703): do_action('activate_rise-h...', false)
#5 /internal/eval.php(20): activate_plugin('rise-hotel-book...')
#6 {main}
  thrown in /wordpress/wp-content/plugins/rise-hotel-booking/rise-hotel-booking.php on line 167
[17-Apr-2025 04:53:32 UTC] PHP Fatal error:  Uncaught Error: Undefined constant "ENABLE_CACHE" in /wordpress/wp-content/plugins/rotten-tomatoes-box-office-top-10/rtwidget.php:10
Stack trace:
#0 /wordpress/wp-admin/includes/plugin.php(2387): include_once()
#1 /wordpress/wp-admin/includes/plugin.php(673): plugin_sandbox_scrape('rotten-tomatoes...')
#2 /internal/eval.php(20): activate_plugin('rotten-tomatoes...')
#3 {main}
  thrown in /wordpress/wp-content/plugins/rotten-tomatoes-box-office-top-10/rtwidget.php on line 10
[17-Apr-2025 04:53:40 UTC] PHP Fatal error:  Uncaught Error: Undefined constant "ENABLE_CACHE" in /wordpress/wp-content/plugins/rotten-tomatoes-box-office-top-10/rtwidget.php:10
Stack trace:
#0 /wordpress/wp-admin/includes/plugin.php(2387): include_once()
#1 /wordpress/wp-admin/includes/plugin.php(673): plugin_sandbox_scrape('rotten-tomatoes...')
#2 /internal/eval.php(20): activate_plugin('rotten-tomatoes...')
#3 {main}
  thrown in /wordpress/wp-content/plugins/rotten-tomatoes-box-office-top-10/rtwidget.php on line 10
[17-Apr-2025 04:53:48 UTC] PHP Fatal error:  Uncaught Error: Undefined constant "ENABLE_CACHE" in /wordpress/wp-content/plugins/rotten-tomatoes-box-office-top-10/rtwidget.php:10
Stack trace:
#0 /wordpress/wp-admin/includes/plugin.php(2387): include_once()
#1 /wordpress/wp-admin/includes/plugin.php(673): plugin_sandbox_scrape('rotten-tomatoes...')
#2 /internal/eval.php(20): activate_plugin('rotten-tomatoes...')
#3 {main}
  thrown in /wordpress/wp-content/plugins/rotten-tomatoes-box-office-top-10/rtwidget.php on line 10
[17-Apr-2025 04:54:49 UTC] PHP Warning:  require_once(/wordpress/wp-content/plugins/ruven-toolkit/init-gallery.php): Failed to open stream: No such file or directory in /wordpress/wp-content/plugins/ruven-toolkit/ruven-toolkit.php on line 25
[17-Apr-2025 04:54:49 UTC] PHP Fatal error:  Uncaught Error: Failed opening required '/wordpress/wp-content/plugins/ruven-toolkit/init-gallery.php' (include_path='.:') in /wordpress/wp-content/plugins/ruven-toolkit/ruven-toolkit.php:25
Stack trace:
#0 /wordpress/wp-admin/includes/plugin.php(2387): include_once()
#1 /wordpress/wp-admin/includes/plugin.php(673): plugin_sandbox_scrape('ruven-toolkit/r...')
#2 /internal/eval.php(20): activate_plugin('ruven-toolkit/r...')
#3 {main}
  thrown in /wordpress/wp-content/plugins/ruven-toolkit/ruven-toolkit.php on line 25
[17-Apr-2025 04:54:57 UTC] PHP Warning:  require_once(/wordpress/wp-content/plugins/ruven-toolkit/init-gallery.php): Failed to open stream: No such file or directory in /wordpress/wp-content/plugins/ruven-toolkit/ruven-toolkit.php on line 25
[17-Apr-2025 04:54:57 UTC] PHP Fatal error:  Uncaught Error: Failed opening required '/wordpress/wp-content/plugins/ruven-toolkit/init-gallery.php' (include_path='.:') in /wordpress/wp-content/plugins/ruven-toolkit/ruven-toolkit.php:25
Stack trace:
#0 /wordpress/wp-admin/includes/plugin.php(2387): include_once()
#1 /wordpress/wp-admin/includes/plugin.php(673): plugin_sandbox_scrape('ruven-toolkit/r...')
#2 /internal/eval.php(20): activate_plugin('ruven-toolkit/r...')
#3 {main}
  thrown in /wordpress/wp-content/plugins/ruven-toolkit/ruven-toolkit.php on line 25
[17-Apr-2025 04:55:04 UTC] PHP Warning:  require_once(/wordpress/wp-content/plugins/ruven-toolkit/init-gallery.php): Failed to open stream: No such file or directory in /wordpress/wp-content/plugins/ruven-toolkit/ruven-toolkit.php on line 25
[17-Apr-2025 04:55:04 UTC] PHP Fatal error:  Uncaught Error: Failed opening required '/wordpress/wp-content/plugins/ruven-toolkit/init-gallery.php' (include_path='.:') in /wordpress/wp-content/plugins/ruven-toolkit/ruven-toolkit.php:25
Stack trace:
#0 /wordpress/wp-admin/includes/plugin.php(2387): include_once()
#1 /wordpress/wp-admin/includes/plugin.php(673): plugin_sandbox_scrape('ruven-toolkit/r...')
#2 /internal/eval.php(20): activate_plugin('ruven-toolkit/r...')
#3 {main}
  thrown in /wordpress/wp-content/plugins/ruven-toolkit/ruven-toolkit.php on line 25
[17-Apr-2025 04:56:55 UTC] PHP Fatal error:  Uncaught Error: Call to undefined function create_function() in /wordpress/wp-content/plugins/php-memory-indicator/php-mem-ind.php:15
Stack trace:
#0 /wordpress/wp-admin/includes/plugin.php(2387): include_once()
#1 /wordpress/wp-admin/includes/plugin.php(673): plugin_sandbox_scrape('php-memory-indi...')
#2 /internal/eval.php(20): activate_plugin('php-memory-indi...')
#3 {main}
  thrown in /wordpress/wp-content/plugins/php-memory-indicator/php-mem-ind.php on line 15
[17-Apr-2025 04:57:02 UTC] PHP Fatal error:  Uncaught Error: Call to undefined function create_function() in /wordpress/wp-content/plugins/php-memory-indicator/php-mem-ind.php:15
Stack trace:
#0 /wordpress/wp-admin/includes/plugin.php(2387): include_once()
#1 /wordpress/wp-admin/includes/plugin.php(673): plugin_sandbox_scrape('php-memory-indi...')
#2 /internal/eval.php(20): activate_plugin('php-memory-indi...')
#3 {main}
  thrown in /wordpress/wp-content/plugins/php-memory-indicator/php-mem-ind.php on line 15
[17-Apr-2025 04:57:09 UTC] PHP Fatal error:  Uncaught Error: Call to undefined function create_function() in /wordpress/wp-content/plugins/php-memory-indicator/php-mem-ind.php:15
Stack trace:
#0 /wordpress/wp-admin/includes/plugin.php(2387): include_once()
#1 /wordpress/wp-admin/includes/plugin.php(673): plugin_sandbox_scrape('php-memory-indi...')
#2 /internal/eval.php(20): activate_plugin('php-memory-indi...')
#3 {main}
  thrown in /wordpress/wp-content/plugins/php-memory-indicator/php-mem-ind.php on line 15
[17-Apr-2025 04:58:34 UTC] PHP Notice:  Function _load_textdomain_just_in_time was called <strong>incorrectly</strong>. Translation loading for the <code>rave-payment-forms</code> domain was triggered too early. This is usually an indicator for some code in the plugin or theme running too early. Translations should be loaded at the <code>init</code> action or later. Please see <a href="https://developer.wordpress.org/advanced-administration/debug/debug-wordpress/">Debugging in WordPress</a> for more information. (This message was added in version 6.7.0.) in /wordpress/wp-includes/functions.php on line 6121
[17-Apr-2025 04:58:43 UTC] PHP Notice:  Function _load_textdomain_just_in_time was called <strong>incorrectly</strong>. Translation loading for the <code>rave-payment-forms</code> domain was triggered too early. This is usually an indicator for some code in the plugin or theme running too early. Translations should be loaded at the <code>init</code> action or later. Please see <a href="https://developer.wordpress.org/advanced-administration/debug/debug-wordpress/">Debugging in WordPress</a> for more information. (This message was added in version 6.7.0.) in /wordpress/wp-includes/functions.php on line 6121
[17-Apr-2025 04:58:52 UTC] PHP Notice:  Function _load_textdomain_just_in_time was called <strong>incorrectly</strong>. Translation loading for the <code>rave-payment-forms</code> domain was triggered too early. This is usually an indicator for some code in the plugin or theme running too early. Translations should be loaded at the <code>init</code> action or later. Please see <a href="https://developer.wordpress.org/advanced-administration/debug/debug-wordpress/">Debugging in WordPress</a> for more information. (This message was added in version 6.7.0.) in /wordpress/wp-includes/functions.php on line 6121
[17-Apr-2025 04:59:52 UTC] PHP Deprecated:  Function register_sidebar_widget is <strong>deprecated</strong> since version 2.8.0! Use wp_register_sidebar_widget() instead. in /wordpress/wp-includes/functions.php on line 6121
[17-Apr-2025 04:59:52 UTC] PHP Deprecated:  Function register_widget_control is <strong>deprecated</strong> since version 2.8.0! Use wp_register_widget_control() instead. in /wordpress/wp-includes/functions.php on line 6121
[17-Apr-2025 05:00:01 UTC] PHP Deprecated:  Function register_sidebar_widget is <strong>deprecated</strong> since version 2.8.0! Use wp_register_sidebar_widget() instead. in /wordpress/wp-includes/functions.php on line 6121
[17-Apr-2025 05:00:01 UTC] PHP Deprecated:  Function register_widget_control is <strong>deprecated</strong> since version 2.8.0! Use wp_register_widget_control() instead. in /wordpress/wp-includes/functions.php on line 6121
[17-Apr-2025 05:00:09 UTC] PHP Deprecated:  Function register_sidebar_widget is <strong>deprecated</strong> since version 2.8.0! Use wp_register_sidebar_widget() instead. in /wordpress/wp-includes/functions.php on line 6121
[17-Apr-2025 05:00:09 UTC] PHP Deprecated:  Function register_widget_control is <strong>deprecated</strong> since version 2.8.0! Use wp_register_widget_control() instead. in /wordpress/wp-includes/functions.php on line 6121

    at Object.onBind (file:///home/runner/work/playground-tester/playground-tester/node_modules/@wp-playground/cli/index.js:237:15)
    at process.processTicksAndRejections (node:internal/process/task_queues:105:5)
    at async V (file:///home/runner/work/playground-tester/playground-tester/node_modules/@wp-playground/cli/index.js:64:10)
    at async ja (file:///home/runner/work/playground-tester/playground-tester/node_modules/@wp-playground/cli/cli.js:8161:12) {
  [cause]: Error: Error when executing the blueprint step #5 ({"step":"installPlugin","pluginData":{"resource":"wordpress.org/plugins","slug":"redirectr"},"options":{"activate":true}}) : Could not download "https://downloads.wordpress.org/plugin/redirectr.latest-stable.zip".
  				Check if the URL is correct and the server is reachable.
  				If it is reachable, the server might be blocking the request.
  				Check the browser console and network tabs for more information.
  
  				## Does the console show the error "No 'Access-Control-Allow-Origin' header"?
  
  				This means the server that hosts your file does not allow requests from other sites
  				(cross-origin requests, or CORS).	You need to move the asset to a server that allows
  				cross-origin file downloads. Learn more about CORS at
  				https://developer.mozilla.org/en-US/docs/Web/HTTP/CORS.
  
  				If your file is on GitHub, load it from "raw.githubusercontent.com".
  				Here's how to do that:
  
  				1. Start with the original GitHub URL of the file. For example:
  				https://github.com/username/repository/blob/branch/filename.
  				2. Replace "github.com" with "raw.githubusercontent.com".
  				3. Remove the "/blob/" part of the URL.
  
  				The resulting URL should look like this:
  				https://raw.githubusercontent.com/username/repository/branch/filename
  
  				Error:
  				Error: Could not download "https://downloads.wordpress.org/plugin/redirectr.latest-stable.zip"
      at Object.run (file:///home/runner/work/playground-tester/playground-tester/node_modules/@wp-playground/blueprints/index.js:12449:19)
      at process.processTicksAndRejections (node:internal/process/task_queues:105:5)
      at async ms (file:///home/runner/work/playground-tester/playground-tester/node_modules/@wp-playground/blueprints/index.js:12552:3)
      at async Object.onBind (file:///home/runner/work/playground-tester/playground-tester/node_modules/@wp-playground/cli/index.js:227:48)
      at async V (file:///home/runner/work/playground-tester/playground-tester/node_modules/@wp-playground/cli/index.js:64:10)
      at async ja (file:///home/runner/work/playground-tester/playground-tester/node_modules/@wp-playground/cli/cli.js:8161:12) {
    [cause]: Error: Could not download "https://downloads.wordpress.org/plugin/redirectr.latest-stable.zip".
    				Check if the URL is correct and the server is reachable.
    				If it is reachable, the server might be blocking the request.
    				Check the browser console and network tabs for more information.
    
    				## Does the console show the error "No 'Access-Control-Allow-Origin' header"?
    
    				This means the server that hosts your file does not allow requests from other sites
    				(cross-origin requests, or CORS).	You need to move the asset to a server that allows
    				cross-origin file downloads. Learn more about CORS at
    				https://developer.mozilla.org/en-US/docs/Web/HTTP/CORS.
    
    				If your file is on GitHub, load it from "raw.githubusercontent.com".
    				Here's how to do that:
    
    				1. Start with the original GitHub URL of the file. For example:
    				https://github.com/username/repository/blob/branch/filename.
    				2. Replace "github.com" with "raw.githubusercontent.com".
    				3. Remove the "/blob/" part of the URL.
    
    				The resulting URL should look like this:
    				https://raw.githubusercontent.com/username/repository/branch/filename
    
    				Error:
    				Error: Could not download "https://downloads.wordpress.org/plugin/redirectr.latest-stable.zip"
        at Ct.resolve (file:///home/runner/work/playground-tester/playground-tester/node_modules/@wp-playground/blueprints/index.js:1472:13)
        at process.processTicksAndRejections (node:internal/process/task_queues:105:5)
        at async _.run (file:///home/runner/work/playground-tester/playground-tester/node_modules/@php-wasm/util/index.js:45:14)
  }
}

Node.js v23.11.0
