file:///home/runner/work/playground-tester/playground-tester/node_modules/@wp-playground/cli/run-cli-j-geJYS3.js:325
        throw new Error($, { cause: h });
              ^

Error: [12-Jun-2025 17:51:51 UTC] PHP Warning:  Attempt to read property "post_type" on null in /wordpress/wp-content/plugins/cashpress/client_type.php on line 213
[12-Jun-2025 17:51:51 UTC] PHP Warning:  Attempt to read property "post_type" on null in /wordpress/wp-content/plugins/cashpress/client_type.php on line 216
[12-Jun-2025 17:51:51 UTC] PHP Warning:  Attempt to read property "post_type" on null in /wordpress/wp-content/plugins/cashpress/client_type.php on line 219
[12-Jun-2025 17:51:51 UTC] PHP Warning:  Undefined array key "csp-nonce" in /wordpress/wp-content/plugins/cashpress/proposal_type.php on line 1169
[12-Jun-2025 17:51:51 UTC] PHP Warning:  Undefined array key "csp-nonce" in /wordpress/wp-content/plugins/cashpress/invoice_type.php on line 1176
[12-Jun-2025 17:51:51 UTC] PHP Warning:  Attempt to read property "post_type" on null in /wordpress/wp-content/plugins/cashpress/client_type.php on line 213
[12-Jun-2025 17:51:51 UTC] PHP Warning:  Attempt to read property "post_type" on null in /wordpress/wp-content/plugins/cashpress/client_type.php on line 216
[12-Jun-2025 17:51:51 UTC] PHP Warning:  Attempt to read property "post_type" on null in /wordpress/wp-content/plugins/cashpress/client_type.php on line 219
[12-Jun-2025 17:51:51 UTC] PHP Warning:  Undefined array key "csp-nonce" in /wordpress/wp-content/plugins/cashpress/proposal_type.php on line 1169
[12-Jun-2025 17:51:51 UTC] PHP Warning:  Undefined array key "csp-nonce" in /wordpress/wp-content/plugins/cashpress/invoice_type.php on line 1176
[12-Jun-2025 17:52:02 UTC] PHP Warning:  Attempt to read property "post_type" on null in /wordpress/wp-content/plugins/cashpress/client_type.php on line 213
[12-Jun-2025 17:52:02 UTC] PHP Warning:  Attempt to read property "post_type" on null in /wordpress/wp-content/plugins/cashpress/client_type.php on line 216
[12-Jun-2025 17:52:02 UTC] PHP Warning:  Attempt to read property "post_type" on null in /wordpress/wp-content/plugins/cashpress/client_type.php on line 219
[12-Jun-2025 17:52:02 UTC] PHP Warning:  Undefined array key "csp-nonce" in /wordpress/wp-content/plugins/cashpress/proposal_type.php on line 1169
[12-Jun-2025 17:52:02 UTC] PHP Warning:  Undefined array key "csp-nonce" in /wordpress/wp-content/plugins/cashpress/invoice_type.php on line 1176
[12-Jun-2025 17:52:02 UTC] PHP Warning:  Attempt to read property "post_type" on null in /wordpress/wp-content/plugins/cashpress/client_type.php on line 213
[12-Jun-2025 17:52:02 UTC] PHP Warning:  Attempt to read property "post_type" on null in /wordpress/wp-content/plugins/cashpress/client_type.php on line 216
[12-Jun-2025 17:52:02 UTC] PHP Warning:  Attempt to read property "post_type" on null in /wordpress/wp-content/plugins/cashpress/client_type.php on line 219
[12-Jun-2025 17:52:02 UTC] PHP Warning:  Undefined array key "csp-nonce" in /wordpress/wp-content/plugins/cashpress/proposal_type.php on line 1169
[12-Jun-2025 17:52:02 UTC] PHP Warning:  Undefined array key "csp-nonce" in /wordpress/wp-content/plugins/cashpress/invoice_type.php on line 1176
[12-Jun-2025 17:52:13 UTC] PHP Warning:  Attempt to read property "post_type" on null in /wordpress/wp-content/plugins/cashpress/client_type.php on line 213
[12-Jun-2025 17:52:13 UTC] PHP Warning:  Attempt to read property "post_type" on null in /wordpress/wp-content/plugins/cashpress/client_type.php on line 216
[12-Jun-2025 17:52:13 UTC] PHP Warning:  Attempt to read property "post_type" on null in /wordpress/wp-content/plugins/cashpress/client_type.php on line 219
[12-Jun-2025 17:52:13 UTC] PHP Warning:  Undefined array key "csp-nonce" in /wordpress/wp-content/plugins/cashpress/proposal_type.php on line 1169
[12-Jun-2025 17:52:13 UTC] PHP Warning:  Undefined array key "csp-nonce" in /wordpress/wp-content/plugins/cashpress/invoice_type.php on line 1176
[12-Jun-2025 17:52:13 UTC] PHP Warning:  Attempt to read property "post_type" on null in /wordpress/wp-content/plugins/cashpress/client_type.php on line 213
[12-Jun-2025 17:52:13 UTC] PHP Warning:  Attempt to read property "post_type" on null in /wordpress/wp-content/plugins/cashpress/client_type.php on line 216
[12-Jun-2025 17:52:13 UTC] PHP Warning:  Attempt to read property "post_type" on null in /wordpress/wp-content/plugins/cashpress/client_type.php on line 219
[12-Jun-2025 17:52:13 UTC] PHP Warning:  Undefined array key "csp-nonce" in /wordpress/wp-content/plugins/cashpress/proposal_type.php on line 1169
[12-Jun-2025 17:52:13 UTC] PHP Warning:  Undefined array key "csp-nonce" in /wordpress/wp-content/plugins/cashpress/invoice_type.php on line 1176
[12-Jun-2025 17:55:35 UTC] PHP Notice:  Only variables should be passed by reference in /wordpress/wp-content/plugins/cleeng/cleengWP.php on line 29
[12-Jun-2025 17:55:35 UTC] PHP Notice:  curl_setopt(): CURLOPT_SSL_VERIFYHOST no longer accepts the value 1, value 2 will be used instead in /wordpress/wp-content/plugins/cleeng/php/classes/Client.php on line 541
[12-Jun-2025 17:55:36 UTC] PHP Fatal error:  Uncaught CleengClientException: Authorization error (404). in /wordpress/wp-content/plugins/cleeng/php/classes/Client.php:557
Stack trace:
#0 /wordpress/wp-content/plugins/cleeng/php/classes/Client.php(891): Cleeng_Client->callApi('registerClientA...', Array)
#1 /wordpress/wp-content/plugins/cleeng/php/classes/Installer.php(115): Cleeng_Client->registerClientApp('My WordPress We...', 'Automatically c...', 'http://127.0.0....')
#2 /wordpress/wp-content/plugins/cleeng/php/classes/Core.php(132): Cleeng_Installer->register_client_app()
#3 /wordpress/wp-content/plugins/cleeng/cleengWP.php(34): Cleeng_Core->setup()
#4 /wordpress/wp-admin/includes/plugin.php(2387): include_once('/wordpress/wp-c...')
#5 /wordpress/wp-admin/includes/plugin.php(673): plugin_sandbox_scrape('cleeng/cleengWP...')
#6 /internal/eval.php(20): activate_plugin('cleeng/cleengWP...')
#7 {main}
  thrown in /wordpress/wp-content/plugins/cleeng/php/classes/Client.php on line 557
[12-Jun-2025 17:55:45 UTC] PHP Notice:  Only variables should be passed by reference in /wordpress/wp-content/plugins/cleeng/cleengWP.php on line 29
[12-Jun-2025 17:55:45 UTC] PHP Notice:  curl_setopt(): CURLOPT_SSL_VERIFYHOST no longer accepts the value 1, value 2 will be used instead in /wordpress/wp-content/plugins/cleeng/php/classes/Client.php on line 541
[12-Jun-2025 17:55:46 UTC] PHP Fatal error:  Uncaught CleengClientException: Authorization error (404). in /wordpress/wp-content/plugins/cleeng/php/classes/Client.php:557
Stack trace:
#0 /wordpress/wp-content/plugins/cleeng/php/classes/Client.php(891): Cleeng_Client->callApi('registerClientA...', Array)
#1 /wordpress/wp-content/plugins/cleeng/php/classes/Installer.php(115): Cleeng_Client->registerClientApp('My WordPress We...', 'Automatically c...', 'http://127.0.0....')
#2 /wordpress/wp-content/plugins/cleeng/php/classes/Core.php(132): Cleeng_Installer->register_client_app()
#3 /wordpress/wp-content/plugins/cleeng/cleengWP.php(34): Cleeng_Core->setup()
#4 /wordpress/wp-admin/includes/plugin.php(2387): include_once('/wordpress/wp-c...')
#5 /wordpress/wp-admin/includes/plugin.php(673): plugin_sandbox_scrape('cleeng/cleengWP...')
#6 /internal/eval.php(20): activate_plugin('cleeng/cleengWP...')
#7 {main}
  thrown in /wordpress/wp-content/plugins/cleeng/php/classes/Client.php on line 557
[12-Jun-2025 17:55:53 UTC] PHP Notice:  Only variables should be passed by reference in /wordpress/wp-content/plugins/cleeng/cleengWP.php on line 29
[12-Jun-2025 17:55:54 UTC] PHP Notice:  curl_setopt(): CURLOPT_SSL_VERIFYHOST no longer accepts the value 1, value 2 will be used instead in /wordpress/wp-content/plugins/cleeng/php/classes/Client.php on line 541
[12-Jun-2025 17:55:54 UTC] PHP Fatal error:  Uncaught CleengClientException: Authorization error (404). in /wordpress/wp-content/plugins/cleeng/php/classes/Client.php:557
Stack trace:
#0 /wordpress/wp-content/plugins/cleeng/php/classes/Client.php(891): Cleeng_Client->callApi('registerClientA...', Array)
#1 /wordpress/wp-content/plugins/cleeng/php/classes/Installer.php(115): Cleeng_Client->registerClientApp('My WordPress We...', 'Automatically c...', 'http://127.0.0....')
#2 /wordpress/wp-content/plugins/cleeng/php/classes/Core.php(132): Cleeng_Installer->register_client_app()
#3 /wordpress/wp-content/plugins/cleeng/cleengWP.php(34): Cleeng_Core->setup()
#4 /wordpress/wp-admin/includes/plugin.php(2387): include_once('/wordpress/wp-c...')
#5 /wordpress/wp-admin/includes/plugin.php(673): plugin_sandbox_scrape('cleeng/cleengWP...')
#6 /internal/eval.php(20): activate_plugin('cleeng/cleengWP...')
#7 {main}
  thrown in /wordpress/wp-content/plugins/cleeng/php/classes/Client.php on line 557
[12-Jun-2025 17:56:03 UTC] PHP Fatal error:  Uncaught TypeError: call_user_func_array(): Argument #1 ($callback) must be a valid callback, non-static method tm_clicktotweet::activation() cannot be called statically in /wordpress/wp-includes/class-wp-hook.php:324
Stack trace:
#0 /wordpress/wp-includes/class-wp-hook.php(348): WP_Hook->apply_filters('', Array)
#1 /wordpress/wp-includes/plugin.php(517): WP_Hook->do_action(Array)
#2 /wordpress/wp-admin/includes/plugin.php(703): do_action('activate_click-...', false)
#3 /internal/eval.php(20): activate_plugin('click-to-tweet-...')
#4 {main}
  thrown in /wordpress/wp-includes/class-wp-hook.php on line 324
[12-Jun-2025 17:56:11 UTC] PHP Fatal error:  Uncaught TypeError: call_user_func_array(): Argument #1 ($callback) must be a valid callback, non-static method tm_clicktotweet::activation() cannot be called statically in /wordpress/wp-includes/class-wp-hook.php:324
Stack trace:
#0 /wordpress/wp-includes/class-wp-hook.php(348): WP_Hook->apply_filters('', Array)
#1 /wordpress/wp-includes/plugin.php(517): WP_Hook->do_action(Array)
#2 /wordpress/wp-admin/includes/plugin.php(703): do_action('activate_click-...', false)
#3 /internal/eval.php(20): activate_plugin('click-to-tweet-...')
#4 {main}
  thrown in /wordpress/wp-includes/class-wp-hook.php on line 324
[12-Jun-2025 17:56:19 UTC] PHP Fatal error:  Uncaught TypeError: call_user_func_array(): Argument #1 ($callback) must be a valid callback, non-static method tm_clicktotweet::activation() cannot be called statically in /wordpress/wp-includes/class-wp-hook.php:324
Stack trace:
#0 /wordpress/wp-includes/class-wp-hook.php(348): WP_Hook->apply_filters('', Array)
#1 /wordpress/wp-includes/plugin.php(517): WP_Hook->do_action(Array)
#2 /wordpress/wp-admin/includes/plugin.php(703): do_action('activate_click-...', false)
#3 /internal/eval.php(20): activate_plugin('click-to-tweet-...')
#4 {main}
  thrown in /wordpress/wp-includes/class-wp-hook.php on line 324
[12-Jun-2025 17:58:42 UTC] PHP Notice:  Function wp_enqueue_script was called <strong>incorrectly</strong>. Scripts and styles should not be registered or enqueued until the <code>wp_enqueue_scripts</code>, <code>admin_enqueue_scripts</code>, or <code>login_enqueue_scripts</code> hooks. This notice was triggered by the <code>placeholder</code> handle. Please see <a href="https://developer.wordpress.org/advanced-administration/debug/debug-wordpress/">Debugging in WordPress</a> for more information. (This message was added in version 3.3.0.) in /wordpress/wp-includes/functions.php on line 6121
[12-Jun-2025 17:58:52 UTC] PHP Notice:  Function wp_enqueue_script was called <strong>incorrectly</strong>. Scripts and styles should not be registered or enqueued until the <code>wp_enqueue_scripts</code>, <code>admin_enqueue_scripts</code>, or <code>login_enqueue_scripts</code> hooks. This notice was triggered by the <code>placeholder</code> handle. Please see <a href="https://developer.wordpress.org/advanced-administration/debug/debug-wordpress/">Debugging in WordPress</a> for more information. (This message was added in version 3.3.0.) in /wordpress/wp-includes/functions.php on line 6121
[12-Jun-2025 17:59:01 UTC] PHP Notice:  Function wp_enqueue_script was called <strong>incorrectly</strong>. Scripts and styles should not be registered or enqueued until the <code>wp_enqueue_scripts</code>, <code>admin_enqueue_scripts</code>, or <code>login_enqueue_scripts</code> hooks. This notice was triggered by the <code>placeholder</code> handle. Please see <a href="https://developer.wordpress.org/advanced-administration/debug/debug-wordpress/">Debugging in WordPress</a> for more information. (This message was added in version 3.3.0.) in /wordpress/wp-includes/functions.php on line 6121

    at Object.onBind (file:///home/runner/work/playground-tester/playground-tester/node_modules/@wp-playground/cli/run-cli-j-geJYS3.js:325:15)
    at process.processTicksAndRejections (node:internal/process/task_queues:105:5)
    at async re (file:///home/runner/work/playground-tester/playground-tester/node_modules/@wp-playground/cli/run-cli-j-geJYS3.js:149:10) {
  [cause]: Error: Error when executing the blueprint step #1 ({"step":"installPlugin","pluginData":{"resource":"wordpress.org/plugins","slug":"comfino-payment-gateway"},"options":{"activate":true}}) : Plugin /wordpress/wp-content/plugins/comfino-payment-gateway could not be activated – WordPress exited with no error. Sometimes, when $_SERVER or site options are not configured correctly, WordPress exits early with a 301 redirect. Inspect the "debug" logs in the console for more details.
      at Object.run (file:///home/runner/work/playground-tester/playground-tester/node_modules/@wp-playground/blueprints/index.js:12093:19)
      at process.processTicksAndRejections (node:internal/process/task_queues:105:5)
      at async ys (file:///home/runner/work/playground-tester/playground-tester/node_modules/@wp-playground/blueprints/index.js:12196:3)
      at async Object.onBind (file:///home/runner/work/playground-tester/playground-tester/node_modules/@wp-playground/cli/run-cli-j-geJYS3.js:315:48)
      at async re (file:///home/runner/work/playground-tester/playground-tester/node_modules/@wp-playground/cli/run-cli-j-geJYS3.js:149:10) {
    [cause]: Error: Plugin /wordpress/wp-content/plugins/comfino-payment-gateway could not be activated – WordPress exited with no error. Sometimes, when $_SERVER or site options are not configured correctly, WordPress exits early with a 301 redirect. Inspect the "debug" logs in the console for more details.
        at wr (file:///home/runner/work/playground-tester/playground-tester/node_modules/@wp-playground/blueprints/index.js:120:51)
        at process.processTicksAndRejections (node:internal/process/task_queues:105:5)
        at async Object.gt [as installPlugin] (file:///home/runner/work/playground-tester/playground-tester/node_modules/@wp-playground/blueprints/index.js:631:42)
        at async g (file:///home/runner/work/playground-tester/playground-tester/node_modules/@wp-playground/blueprints/index.js:12161:30)
        at async Object.run (file:///home/runner/work/playground-tester/playground-tester/node_modules/@wp-playground/blueprints/index.js:12090:23)
        at async ys (file:///home/runner/work/playground-tester/playground-tester/node_modules/@wp-playground/blueprints/index.js:12196:3)
        at async Object.onBind (file:///home/runner/work/playground-tester/playground-tester/node_modules/@wp-playground/cli/run-cli-j-geJYS3.js:315:48)
        at async re (file:///home/runner/work/playground-tester/playground-tester/node_modules/@wp-playground/cli/run-cli-j-geJYS3.js:149:10)
  }
}

Node.js v23.11.0
