[
  {
    "message": "file:///home/runner/work/playground-tester/playground-tester/node_modules/@wp-playground/cli/index.js:237\n        throw new Error(y, { cause: u });\n              ^\n",
    "level": "FATAL",
    "type": "PLAYGROUND",
    "test": "ast-sqlite-boot",
    "plugin": "speak-sound-library",
    "details": "file:///home/runner/work/playground-tester/playground-tester/node_modules/@wp-playground/cli/index.js:237\n        throw new Error(y, { cause: u });\n              ^\n",
    "log": "/tmp/tmp.2XZ0ymCjs0"
  },
  {
    "message": "Uncaught Error: Call to undefined function mysql_query() in /wordpress/wp-content/plugins/scenechat-video-sharing-and-commenting-tool/scenechat.php:57",
    "level": "FATAL",
    "type": "PHP",
    "test": "ast-sqlite-boot",
    "plugin": "speak-sound-library",
    "details": "[25-Apr-2025 15:28:44 UTC] PHP Fatal error:  Uncaught Error: Call to undefined function mysql_query() in /wordpress/wp-content/plugins/scenechat-video-sharing-and-commenting-tool/scenechat.php:57\nStack trace:\n#0 /wordpress/wp-admin/includes/plugin.php(2387): include_once()\n#1 /wordpress/wp-admin/includes/plugin.php(673): plugin_sandbox_scrape('scenechat-video...')\n#2 /internal/eval.php(20): activate_plugin('scenechat-video...')\n#3 {main}\n  thrown in /wordpress/wp-content/plugins/scenechat-video-sharing-and-commenting-tool/scenechat.php on line 57",
    "log": "/logs/plugins/s/speak-sound-library/error.json"
  },
  {
    "message": "Uncaught Error: Call to undefined function mysql_query() in /wordpress/wp-content/plugins/scenechat-video-sharing-and-commenting-tool/scenechat.php:57",
    "level": "FATAL",
    "type": "PHP",
    "test": "ast-sqlite-boot",
    "plugin": "speak-sound-library",
    "details": "[25-Apr-2025 15:28:52 UTC] PHP Fatal error:  Uncaught Error: Call to undefined function mysql_query() in /wordpress/wp-content/plugins/scenechat-video-sharing-and-commenting-tool/scenechat.php:57\nStack trace:\n#0 /wordpress/wp-admin/includes/plugin.php(2387): include_once()\n#1 /wordpress/wp-admin/includes/plugin.php(673): plugin_sandbox_scrape('scenechat-video...')\n#2 /internal/eval.php(20): activate_plugin('scenechat-video...')\n#3 {main}\n  thrown in /wordpress/wp-content/plugins/scenechat-video-sharing-and-commenting-tool/scenechat.php on line 57",
    "log": "/logs/plugins/s/speak-sound-library/error.json"
  },
  {
    "message": "Uncaught Error: Call to undefined function mysql_query() in /wordpress/wp-content/plugins/scenechat-video-sharing-and-commenting-tool/scenechat.php:57",
    "level": "FATAL",
    "type": "PHP",
    "test": "ast-sqlite-boot",
    "plugin": "speak-sound-library",
    "details": "[25-Apr-2025 15:29:00 UTC] PHP Fatal error:  Uncaught Error: Call to undefined function mysql_query() in /wordpress/wp-content/plugins/scenechat-video-sharing-and-commenting-tool/scenechat.php:57\nStack trace:\n#0 /wordpress/wp-admin/includes/plugin.php(2387): include_once()\n#1 /wordpress/wp-admin/includes/plugin.php(673): plugin_sandbox_scrape('scenechat-video...')\n#2 /internal/eval.php(20): activate_plugin('scenechat-video...')\n#3 {main}\n  thrown in /wordpress/wp-content/plugins/scenechat-video-sharing-and-commenting-tool/scenechat.php on line 57",
    "log": "/logs/plugins/s/speak-sound-library/error.json"
  },
  {
    "message": "SQLSTATE[HY000]: General error: 1 no such table: wp_linkboss_sync_batch.",
    "level": "FATAL",
    "type": "SQL",
    "test": "ast-sqlite-boot",
    "plugin": "speak-sound-library",
    "details": "[25-Apr-2025 15:29:39 UTC] WordPress database error <div style=\"clear:both\">&nbsp;</div>\n<div class=\"queries\" style=\"clear:both;margin-bottom:2px;border:red dotted thin;\">\n<p>MySQL query:</p>\n<p>ALTER TABLE wp_linkboss_sync_batch CHANGE COLUMN status sent_status VARCHAR(20) NULL DEFAULT NULL COMMENT 'bool(1=Sent, NULL=Not Sent)'</p>\n<p>Queries made or created this session were:</p>\n<ol>\n<li>Executing: BEGIN | (no parameters)</li>\n<li>Executing: INSERT INTO _mysql_data_types_cache (`table`, `column_or_index`, `mysql_type`)\n\t\t\t\tVALUES (:table, :column, :datatype)\n\t\t\t\tON CONFLICT(`table`, `column_or_index`) DO UPDATE SET `mysql_type` = :datatype\n\t\t\t | parameters: wp_linkboss_sync_batch, sent_status, varchar(20)</li>\n<li>Executing: DROP TRIGGER IF EXISTS &quot;__wp_linkboss_sync_batch_status_on_update__&quot; | (no parameters)</li>\n<li>Executing: SELECT sql FROM sqlite_master WHERE type=&quot;table&quot; AND name=:table | (no parameters)</li>\n<li>Executing: SELECT * FROM pragma_index_list(&quot;wp_linkboss_sync_batch&quot;) as l; | (no parameters)</li>\n<li>Executing: CREATE TABLE `_tmp__wp_linkboss_sync_batch_97406498` as SELECT * FROM `wp_linkboss_sync_batch` | (no parameters)</li>\n<li>Executing: ROLLBACK | (no parameters)</li>\n</ol>\n</div>\n<div style=\"clear:both;margin-bottom:2px;border:red dotted thin;\" class=\"error_message\" style=\"border-bottom:dotted blue thin;\">\nError occurred at line 4117 in Function <code>handle_error</code>. Error message was: SQLSTATE[HY000]: General error: 1 no such table: wp_linkboss_sync_batch.\n</div>\n<p>Backtrace:</p>\n<pre>#0 /internal/shared/sqlite-database-integration/wp-includes/sqlite/class-wp-sqlite-db.php(287): WP_SQLite_Translator->get_error_message()\n#1 /wordpress/wp-content/plugins/semantic-linkboss/includes/class-installer.php(111): WP_SQLite_DB->query('ALTER TABLE wp_...')\n#2 /wordpress/wp-content/plugins/semantic-linkboss/includes/class-installer.php(31): SEMANTIC_LB\\Installer->create_tables()\n#3 /wordpress/wp-content/plugins/semantic-linkboss/semantic-linkboss.php(136): SEMANTIC_LB\\Installer->run()\n#4 /wordpress/wp-content/plugins/semantic-linkboss/semantic-linkboss.php(158): semantic_lb_activate()\n#5 /wordpress/wp-includes/class-wp-hook.php(324): semantic_lb_on_activate(false)\n#6 /wordpress/wp-includes/class-wp-hook.php(348): WP_Hook->apply_filters('', Array)\n#7 /wordpress/wp-includes/plugin.php(517): WP_Hook->do_action(Array)\n#8 /wordpress/wp-admin/includes/plugin.php(703): do_action('activate_semant...', false)\n#9 /internal/eval.php(20): activate_plugin('semantic-linkbo...')\n#10 {main}</pre>\n for query ALTER TABLE wp_linkboss_sync_batch CHANGE COLUMN status sent_status VARCHAR(20) NULL DEFAULT NULL COMMENT 'bool(1=Sent, NULL=Not Sent)' made by activate_plugin, do_action('activate_semantic-linkboss/semantic-linkboss.php'), WP_Hook->do_action, WP_Hook->apply_filters, semantic_lb_on_activate, semantic_lb_activate, SEMANTIC_LB\\Installer->run, SEMANTIC_LB\\Installer->create_tables, WP_SQLite_DB->query, WP_SQLite_DB->print_error",
    "log": "/logs/plugins/s/speak-sound-library/error.json"
  },
  {
    "message": "SQLSTATE[HY000]: General error: 1 no such table: wp_linkboss_sync_batch.",
    "level": "FATAL",
    "type": "SQL",
    "test": "ast-sqlite-boot",
    "plugin": "speak-sound-library",
    "details": "[25-Apr-2025 15:29:49 UTC] WordPress database error <div style=\"clear:both\">&nbsp;</div>\n<div class=\"queries\" style=\"clear:both;margin-bottom:2px;border:red dotted thin;\">\n<p>MySQL query:</p>\n<p>ALTER TABLE wp_linkboss_sync_batch CHANGE COLUMN status sent_status VARCHAR(20) NULL DEFAULT NULL COMMENT 'bool(1=Sent, NULL=Not Sent)'</p>\n<p>Queries made or created this session were:</p>\n<ol>\n<li>Executing: BEGIN | (no parameters)</li>\n<li>Executing: INSERT INTO _mysql_data_types_cache (`table`, `column_or_index`, `mysql_type`)\n\t\t\t\tVALUES (:table, :column, :datatype)\n\t\t\t\tON CONFLICT(`table`, `column_or_index`) DO UPDATE SET `mysql_type` = :datatype\n\t\t\t | parameters: wp_linkboss_sync_batch, sent_status, varchar(20)</li>\n<li>Executing: DROP TRIGGER IF EXISTS &quot;__wp_linkboss_sync_batch_status_on_update__&quot; | (no parameters)</li>\n<li>Executing: SELECT sql FROM sqlite_master WHERE type=&quot;table&quot; AND name=:table | (no parameters)</li>\n<li>Executing: SELECT * FROM pragma_index_list(&quot;wp_linkboss_sync_batch&quot;) as l; | (no parameters)</li>\n<li>Executing: CREATE TABLE `_tmp__wp_linkboss_sync_batch_36454868` as SELECT * FROM `wp_linkboss_sync_batch` | (no parameters)</li>\n<li>Executing: ROLLBACK | (no parameters)</li>\n</ol>\n</div>\n<div style=\"clear:both;margin-bottom:2px;border:red dotted thin;\" class=\"error_message\" style=\"border-bottom:dotted blue thin;\">\nError occurred at line 4117 in Function <code>handle_error</code>. Error message was: SQLSTATE[HY000]: General error: 1 no such table: wp_linkboss_sync_batch.\n</div>\n<p>Backtrace:</p>\n<pre>#0 /internal/shared/sqlite-database-integration/wp-includes/sqlite/class-wp-sqlite-db.php(287): WP_SQLite_Translator->get_error_message()\n#1 /wordpress/wp-content/plugins/semantic-linkboss/includes/class-installer.php(111): WP_SQLite_DB->query('ALTER TABLE wp_...')\n#2 /wordpress/wp-content/plugins/semantic-linkboss/includes/class-installer.php(31): SEMANTIC_LB\\Installer->create_tables()\n#3 /wordpress/wp-content/plugins/semantic-linkboss/semantic-linkboss.php(136): SEMANTIC_LB\\Installer->run()\n#4 /wordpress/wp-content/plugins/semantic-linkboss/semantic-linkboss.php(158): semantic_lb_activate()\n#5 /wordpress/wp-includes/class-wp-hook.php(324): semantic_lb_on_activate(false)\n#6 /wordpress/wp-includes/class-wp-hook.php(348): WP_Hook->apply_filters('', Array)\n#7 /wordpress/wp-includes/plugin.php(517): WP_Hook->do_action(Array)\n#8 /wordpress/wp-admin/includes/plugin.php(703): do_action('activate_semant...', false)\n#9 /internal/eval.php(20): activate_plugin('semantic-linkbo...')\n#10 {main}</pre>\n for query ALTER TABLE wp_linkboss_sync_batch CHANGE COLUMN status sent_status VARCHAR(20) NULL DEFAULT NULL COMMENT 'bool(1=Sent, NULL=Not Sent)' made by activate_plugin, do_action('activate_semantic-linkboss/semantic-linkboss.php'), WP_Hook->do_action, WP_Hook->apply_filters, semantic_lb_on_activate, semantic_lb_activate, SEMANTIC_LB\\Installer->run, SEMANTIC_LB\\Installer->create_tables, WP_SQLite_DB->query, WP_SQLite_DB->print_error",
    "log": "/logs/plugins/s/speak-sound-library/error.json"
  },
  {
    "message": "Function register_sidebar_widget is <strong>deprecated</strong> since version 2.8.0! Use wp_register_sidebar_widget() instead. in /wordpress/wp-includes/functions.php on line 6121",
    "level": "DEPRECATED",
    "type": "PHP",
    "test": "ast-sqlite-boot",
    "plugin": "speak-sound-library",
    "details": "[25-Apr-2025 15:31:45 UTC] PHP Deprecated:  Function register_sidebar_widget is <strong>deprecated</strong> since version 2.8.0! Use wp_register_sidebar_widget() instead. in /wordpress/wp-includes/functions.php on line 6121",
    "log": "/logs/plugins/s/speak-sound-library/error.json"
  },
  {
    "message": "Function register_sidebar_widget is <strong>deprecated</strong> since version 2.8.0! Use wp_register_sidebar_widget() instead. in /wordpress/wp-includes/functions.php on line 6121",
    "level": "DEPRECATED",
    "type": "PHP",
    "test": "ast-sqlite-boot",
    "plugin": "speak-sound-library",
    "details": "[25-Apr-2025 15:31:46 UTC] PHP Deprecated:  Function register_sidebar_widget is <strong>deprecated</strong> since version 2.8.0! Use wp_register_sidebar_widget() instead. in /wordpress/wp-includes/functions.php on line 6121",
    "log": "/logs/plugins/s/speak-sound-library/error.json"
  },
  {
    "message": "Function register_sidebar_widget is <strong>deprecated</strong> since version 2.8.0! Use wp_register_sidebar_widget() instead. in /wordpress/wp-includes/functions.php on line 6121",
    "level": "DEPRECATED",
    "type": "PHP",
    "test": "ast-sqlite-boot",
    "plugin": "speak-sound-library",
    "details": "[25-Apr-2025 15:31:53 UTC] PHP Deprecated:  Function register_sidebar_widget is <strong>deprecated</strong> since version 2.8.0! Use wp_register_sidebar_widget() instead. in /wordpress/wp-includes/functions.php on line 6121",
    "log": "/logs/plugins/s/speak-sound-library/error.json"
  },
  {
    "message": "Function register_sidebar_widget is <strong>deprecated</strong> since version 2.8.0! Use wp_register_sidebar_widget() instead. in /wordpress/wp-includes/functions.php on line 6121",
    "level": "DEPRECATED",
    "type": "PHP",
    "test": "ast-sqlite-boot",
    "plugin": "speak-sound-library",
    "details": "[25-Apr-2025 15:31:54 UTC] PHP Deprecated:  Function register_sidebar_widget is <strong>deprecated</strong> since version 2.8.0! Use wp_register_sidebar_widget() instead. in /wordpress/wp-includes/functions.php on line 6121",
    "log": "/logs/plugins/s/speak-sound-library/error.json"
  },
  {
    "message": "Function register_sidebar_widget is <strong>deprecated</strong> since version 2.8.0! Use wp_register_sidebar_widget() instead. in /wordpress/wp-includes/functions.php on line 6121",
    "level": "DEPRECATED",
    "type": "PHP",
    "test": "ast-sqlite-boot",
    "plugin": "speak-sound-library",
    "details": "[25-Apr-2025 15:32:02 UTC] PHP Deprecated:  Function register_sidebar_widget is <strong>deprecated</strong> since version 2.8.0! Use wp_register_sidebar_widget() instead. in /wordpress/wp-includes/functions.php on line 6121",
    "log": "/logs/plugins/s/speak-sound-library/error.json"
  },
  {
    "message": "Function register_sidebar_widget is <strong>deprecated</strong> since version 2.8.0! Use wp_register_sidebar_widget() instead. in /wordpress/wp-includes/functions.php on line 6121",
    "level": "DEPRECATED",
    "type": "PHP",
    "test": "ast-sqlite-boot",
    "plugin": "speak-sound-library",
    "details": "[25-Apr-2025 15:32:03 UTC] PHP Deprecated:  Function register_sidebar_widget is <strong>deprecated</strong> since version 2.8.0! Use wp_register_sidebar_widget() instead. in /wordpress/wp-includes/functions.php on line 6121",
    "log": "/logs/plugins/s/speak-sound-library/error.json"
  },
  {
    "message": "Please Enable Woocommerce Plugin before using TODO Plugin Name. in /wordpress/wp-content/plugins/sku-generator/sku-generator.php on line 29",
    "level": "FATAL",
    "type": "PHP",
    "test": "ast-sqlite-boot",
    "plugin": "speak-sound-library",
    "details": "[25-Apr-2025 15:33:34 UTC] PHP Fatal error:  Please Enable Woocommerce Plugin before using TODO Plugin Name. in /wordpress/wp-content/plugins/sku-generator/sku-generator.php on line 29",
    "log": "/logs/plugins/s/speak-sound-library/error.json"
  },
  {
    "message": "Please Enable Woocommerce Plugin before using TODO Plugin Name. in /wordpress/wp-content/plugins/sku-generator/sku-generator.php on line 29",
    "level": "FATAL",
    "type": "PHP",
    "test": "ast-sqlite-boot",
    "plugin": "speak-sound-library",
    "details": "[25-Apr-2025 15:33:43 UTC] PHP Fatal error:  Please Enable Woocommerce Plugin before using TODO Plugin Name. in /wordpress/wp-content/plugins/sku-generator/sku-generator.php on line 29",
    "log": "/logs/plugins/s/speak-sound-library/error.json"
  },
  {
    "message": "Please Enable Woocommerce Plugin before using TODO Plugin Name. in /wordpress/wp-content/plugins/sku-generator/sku-generator.php on line 29",
    "level": "FATAL",
    "type": "PHP",
    "test": "ast-sqlite-boot",
    "plugin": "speak-sound-library",
    "details": "[25-Apr-2025 15:33:51 UTC] PHP Fatal error:  Please Enable Woocommerce Plugin before using TODO Plugin Name. in /wordpress/wp-content/plugins/sku-generator/sku-generator.php on line 29",
    "log": "/logs/plugins/s/speak-sound-library/error.json"
  },
  {
    "message": "MySQL field type cannot be translated to SQLite: serial.",
    "level": "FATAL",
    "type": "SQL",
    "test": "ast-sqlite-boot",
    "plugin": "speak-sound-library",
    "details": "[25-Apr-2025 15:35:32 UTC] WordPress database error <div style=\"clear:both\">&nbsp;</div>\n<div class=\"queries\" style=\"clear:both;margin-bottom:2px;border:red dotted thin;\">\n<p>MySQL query:</p>\n<p>CREATE TABLE wp_sp_email_logs (\n        id SERIAL,\n        created_at TIMESTAMP NOT NULL DEFAULT CURRENT_TIMESTAMP,\n        wp_mail_args text NOT NULL,\n        subject varchar(255) NOT NULL,\n        content text NOT NULL,\n        response text NOT NULL,\n        PRIMARY KEY  (id)\n      ) DEFAULT CHARACTER SET utf8mb4</p>\n<p>Queries made or created this session were:</p>\n<ol>\n<li>Executing: BEGIN | (no parameters)</li>\n<li>Executing: ROLLBACK | (no parameters)</li>\n</ol>\n</div>\n<div style=\"clear:both;margin-bottom:2px;border:red dotted thin;\" class=\"error_message\" style=\"border-bottom:dotted blue thin;\">\nError occurred at line 4117 in Function <code>handle_error</code>. Error message was: MySQL field type cannot be translated to SQLite: serial.\n</div>\n<p>Backtrace:</p>\n<pre>#0 /internal/shared/sqlite-database-integration/wp-includes/sqlite/class-wp-sqlite-db.php(287): WP_SQLite_Translator->get_error_message()\n#1 /wordpress/wp-admin/includes/upgrade.php(3280): WP_SQLite_DB->query('CREATE TABLE wp...')\n#2 /wordpress/wp-content/plugins/sparkpost/sparkpost.class.php(88): dbDelta(Array)\n#3 /wordpress/wp-content/plugins/sparkpost/sparkpost.class.php(96): WPSparkPost\\SparkPost->install_email_log_table()\n#4 /wordpress/wp-content/plugins/sparkpost/sparkpost.class.php(66): WPSparkPost\\SparkPost->install_db()\n#5 /wordpress/wp-includes/class-wp-hook.php(324): WPSparkPost\\SparkPost->sp_activate(false)\n#6 /wordpress/wp-includes/class-wp-hook.php(348): WP_Hook->apply_filters('', Array)\n#7 /wordpress/wp-includes/plugin.php(517): WP_Hook->do_action(Array)\n#8 /wordpress/wp-admin/includes/plugin.php(703): do_action('activate_sparkp...', false)\n#9 /internal/eval.php(20): activate_plugin('sparkpost/wordp...')\n#10 {main}</pre>\n for query CREATE TABLE wp_sp_email_logs (\n        id SERIAL,\n        created_at TIMESTAMP NOT NULL DEFAULT CURRENT_TIMESTAMP,\n        wp_mail_args text NOT NULL,\n        subject varchar(255) NOT NULL,\n        content text NOT NULL,\n        response text NOT NULL,\n        PRIMARY KEY  (id)\n      ) DEFAULT CHARACTER SET utf8mb4 made by activate_plugin, do_action('activate_sparkpost/wordpress-sparkpost.php'), WP_Hook->do_action, WP_Hook->apply_filters, WPSparkPost\\SparkPost->sp_activate, WPSparkPost\\SparkPost->install_db, WPSparkPost\\SparkPost->install_email_log_table, dbDelta, WP_SQLite_DB->query, WP_SQLite_DB->print_error",
    "log": "/logs/plugins/s/speak-sound-library/error.json"
  },
  {
    "message": "MySQL field type cannot be translated to SQLite: serial.",
    "level": "FATAL",
    "type": "SQL",
    "test": "ast-sqlite-boot",
    "plugin": "speak-sound-library",
    "details": "[25-Apr-2025 15:35:42 UTC] WordPress database error <div style=\"clear:both\">&nbsp;</div>\n<div class=\"queries\" style=\"clear:both;margin-bottom:2px;border:red dotted thin;\">\n<p>MySQL query:</p>\n<p>CREATE TABLE wp_sp_email_logs (\n        id SERIAL,\n        created_at TIMESTAMP NOT NULL DEFAULT CURRENT_TIMESTAMP,\n        wp_mail_args text NOT NULL,\n        subject varchar(255) NOT NULL,\n        content text NOT NULL,\n        response text NOT NULL,\n        PRIMARY KEY  (id)\n      ) DEFAULT CHARACTER SET utf8mb4</p>\n<p>Queries made or created this session were:</p>\n<ol>\n<li>Executing: BEGIN | (no parameters)</li>\n<li>Executing: ROLLBACK | (no parameters)</li>\n</ol>\n</div>\n<div style=\"clear:both;margin-bottom:2px;border:red dotted thin;\" class=\"error_message\" style=\"border-bottom:dotted blue thin;\">\nError occurred at line 4117 in Function <code>handle_error</code>. Error message was: MySQL field type cannot be translated to SQLite: serial.\n</div>\n<p>Backtrace:</p>\n<pre>#0 /internal/shared/sqlite-database-integration/wp-includes/sqlite/class-wp-sqlite-db.php(287): WP_SQLite_Translator->get_error_message()\n#1 /wordpress/wp-admin/includes/upgrade.php(3280): WP_SQLite_DB->query('CREATE TABLE wp...')\n#2 /wordpress/wp-content/plugins/sparkpost/sparkpost.class.php(88): dbDelta(Array)\n#3 /wordpress/wp-content/plugins/sparkpost/sparkpost.class.php(96): WPSparkPost\\SparkPost->install_email_log_table()\n#4 /wordpress/wp-content/plugins/sparkpost/sparkpost.class.php(66): WPSparkPost\\SparkPost->install_db()\n#5 /wordpress/wp-includes/class-wp-hook.php(324): WPSparkPost\\SparkPost->sp_activate(false)\n#6 /wordpress/wp-includes/class-wp-hook.php(348): WP_Hook->apply_filters('', Array)\n#7 /wordpress/wp-includes/plugin.php(517): WP_Hook->do_action(Array)\n#8 /wordpress/wp-admin/includes/plugin.php(703): do_action('activate_sparkp...', false)\n#9 /internal/eval.php(20): activate_plugin('sparkpost/wordp...')\n#10 {main}</pre>\n for query CREATE TABLE wp_sp_email_logs (\n        id SERIAL,\n        created_at TIMESTAMP NOT NULL DEFAULT CURRENT_TIMESTAMP,\n        wp_mail_args text NOT NULL,\n        subject varchar(255) NOT NULL,\n        content text NOT NULL,\n        response text NOT NULL,\n        PRIMARY KEY  (id)\n      ) DEFAULT CHARACTER SET utf8mb4 made by activate_plugin, do_action('activate_sparkpost/wordpress-sparkpost.php'), WP_Hook->do_action, WP_Hook->apply_filters, WPSparkPost\\SparkPost->sp_activate, WPSparkPost\\SparkPost->install_db, WPSparkPost\\SparkPost->install_email_log_table, dbDelta, WP_SQLite_DB->query, WP_SQLite_DB->print_error",
    "log": "/logs/plugins/s/speak-sound-library/error.json"
  },
  {
    "message": "SQLSTATE[HY000]: General error: 1 no such table: wp_sirv_images.",
    "level": "FATAL",
    "type": "SQL",
    "test": "ast-sqlite-boot",
    "plugin": "speak-sound-library",
    "details": "[25-Apr-2025 15:36:03 UTC] WordPress database error <div style=\"clear:both\">&nbsp;</div>\n<div class=\"queries\" style=\"clear:both;margin-bottom:2px;border:red dotted thin;\">\n<p>MySQL query:</p>\n<p>SELECT count(*) FROM wp_sirv_images WHERE status = 'SYNCED'</p>\n<p>Queries made or created this session were:</p>\n<ol>\n<li>Executing: BEGIN | (no parameters)</li>\n<li>Executing: SELECT count(*) FROM wp_sirv_images WHERE status = :param0  | parameters: SYNCED</li>\n<li>Executing: ROLLBACK | (no parameters)</li>\n</ol>\n</div>\n<div style=\"clear:both;margin-bottom:2px;border:red dotted thin;\" class=\"error_message\" style=\"border-bottom:dotted blue thin;\">\nError occurred at line 4117 in Function <code>handle_error</code>. Error message was: SQLSTATE[HY000]: General error: 1 no such table: wp_sirv_images.\n</div>\n<p>Backtrace:</p>\n<pre>#0 /internal/shared/sqlite-database-integration/wp-includes/sqlite/class-wp-sqlite-db.php(287): WP_SQLite_Translator->get_error_message()\n#1 /wordpress/wp-includes/class-wpdb.php(3031): WP_SQLite_DB->query('SELECT count(*)...')\n#2 /wordpress/wp-content/plugins/sirv/sirv.php(3994): wpdb->get_var('SELECT count(*)...')\n#3 /wordpress/wp-content/plugins/sirv/sirv.php(1020): sirv_get_synced_count()\n#4 /wordpress/wp-content/plugins/sirv/sirv.php(695): sirv_fill_empty_options()\n#5 /wordpress/wp-includes/class-wp-hook.php(324): sirv_activation_callback(false)\n#6 /wordpress/wp-includes/class-wp-hook.php(348): WP_Hook->apply_filters('', Array)\n#7 /wordpress/wp-includes/plugin.php(517): WP_Hook->do_action(Array)\n#8 /wordpress/wp-admin/includes/plugin.php(703): do_action('activate_sirv/s...', false)\n#9 /internal/eval.php(20): activate_plugin('sirv/sirv.php')\n#10 {main}</pre>\n for query SELECT count(*) FROM wp_sirv_images WHERE status = 'SYNCED' made by activate_plugin, do_action('activate_sirv/sirv.php'), WP_Hook->do_action, WP_Hook->apply_filters, sirv_activation_callback, sirv_fill_empty_options, sirv_get_synced_count, WP_SQLite_DB->query, WP_SQLite_DB->print_error",
    "log": "/logs/plugins/s/speak-sound-library/error.json"
  },
  {
    "message": "Unknown show type: INDEXES FROM.",
    "level": "FATAL",
    "type": "SQL",
    "test": "ast-sqlite-boot",
    "plugin": "speak-sound-library",
    "details": "[25-Apr-2025 15:36:04 UTC] WordPress database error <div style=\"clear:both\">&nbsp;</div>\n<div class=\"queries\" style=\"clear:both;margin-bottom:2px;border:red dotted thin;\">\n<p>MySQL query:</p>\n<p>SHOW INDEXES FROM wp_sirv_images WHERE Column_name='attachment_id' AND NOT Non_unique</p>\n<p>Queries made or created this session were:</p>\n<ol>\n<li>Executing: BEGIN | (no parameters)</li>\n<li>Executing: ROLLBACK | (no parameters)</li>\n</ol>\n</div>\n<div style=\"clear:both;margin-bottom:2px;border:red dotted thin;\" class=\"error_message\" style=\"border-bottom:dotted blue thin;\">\nError occurred at line 4117 in Function <code>handle_error</code>. Error message was: Unknown show type: INDEXES FROM.\n</div>\n<p>Backtrace:</p>\n<pre>#0 /internal/shared/sqlite-database-integration/wp-includes/sqlite/class-wp-sqlite-db.php(287): WP_SQLite_Translator->get_error_message()\n#1 /wordpress/wp-includes/class-wpdb.php(3146): WP_SQLite_DB->query('SHOW INDEXES FR...')\n#2 /wordpress/wp-content/plugins/sirv/sirv.php(2003): wpdb->get_results('SHOW INDEXES FR...', 'ARRAY_A')\n#3 /wordpress/wp-content/plugins/sirv/sirv.php(768): sirv_is_unique_field('attachment_id')\n#4 /wordpress/wp-content/plugins/sirv/sirv.php(718): sirv_upgrade_plugin()\n#5 /wordpress/wp-includes/class-wp-hook.php(324): sirv_activation_callback(false)\n#6 /wordpress/wp-includes/class-wp-hook.php(348): WP_Hook->apply_filters('', Array)\n#7 /wordpress/wp-includes/plugin.php(517): WP_Hook->do_action(Array)\n#8 /wordpress/wp-admin/includes/plugin.php(703): do_action('activate_sirv/s...', false)\n#9 /internal/eval.php(20): activate_plugin('sirv/sirv.php')\n#10 {main}</pre>\n for query SHOW INDEXES FROM wp_sirv_images WHERE Column_name='attachment_id' AND NOT Non_unique made by activate_plugin, do_action('activate_sirv/sirv.php'), WP_Hook->do_action, WP_Hook->apply_filters, sirv_activation_callback, sirv_upgrade_plugin, sirv_is_unique_field, WP_SQLite_DB->query, WP_SQLite_DB->print_error",
    "log": "/logs/plugins/s/speak-sound-library/error.json"
  },
  {
    "message": "SQLSTATE[HY000]: General error: 1 near \")\": syntax error.",
    "level": "FATAL",
    "type": "SQL",
    "test": "ast-sqlite-boot",
    "plugin": "speak-sound-library",
    "details": "[25-Apr-2025 15:36:04 UTC] WordPress database error <div style=\"clear:both\">&nbsp;</div>\n<div class=\"queries\" style=\"clear:both;margin-bottom:2px;border:red dotted thin;\">\n<p>MySQL query:</p>\n<p>ALTER TABLE wp_sirv_images ADD UNIQUE (attachment_id)</p>\n<p>Queries made or created this session were:</p>\n<ol>\n<li>Executing: BEGIN | (no parameters)</li>\n<li>Executing: INSERT INTO _mysql_data_types_cache (`table`, `column_or_index`, `mysql_type`)\n\t\t\t\tVALUES (:table, :column, :datatype)\n\t\t\t\tON CONFLICT(`table`, `column_or_index`) DO UPDATE SET `mysql_type` = :datatype\n\t\t\t | parameters: wp_sirv_images, wp_sirv_images__(, UNIQUE</li>\n<li>Executing: CREATE UNIQUE INDEX &quot;wp_sirv_images__(&quot; ON &quot;wp_sirv_images&quot; () | (no parameters)</li>\n<li>Executing: ROLLBACK | (no parameters)</li>\n</ol>\n</div>\n<div style=\"clear:both;margin-bottom:2px;border:red dotted thin;\" class=\"error_message\" style=\"border-bottom:dotted blue thin;\">\nError occurred at line 4117 in Function <code>handle_error</code>. Error message was: SQLSTATE[HY000]: General error: 1 near \")\": syntax error.\n</div>\n<p>Backtrace:</p>\n<pre>#0 /internal/shared/sqlite-database-integration/wp-includes/sqlite/class-wp-sqlite-db.php(287): WP_SQLite_Translator->get_error_message()\n#1 /wordpress/wp-content/plugins/sirv/sirv.php(2040): WP_SQLite_DB->query('ALTER TABLE wp_...')\n#2 /wordpress/wp-content/plugins/sirv/sirv.php(769): sirv_set_unique_field('attachment_id')\n#3 /wordpress/wp-content/plugins/sirv/sirv.php(718): sirv_upgrade_plugin()\n#4 /wordpress/wp-includes/class-wp-hook.php(324): sirv_activation_callback(false)\n#5 /wordpress/wp-includes/class-wp-hook.php(348): WP_Hook->apply_filters('', Array)\n#6 /wordpress/wp-includes/plugin.php(517): WP_Hook->do_action(Array)\n#7 /wordpress/wp-admin/includes/plugin.php(703): do_action('activate_sirv/s...', false)\n#8 /internal/eval.php(20): activate_plugin('sirv/sirv.php')\n#9 {main}</pre>\n for query ALTER TABLE wp_sirv_images ADD UNIQUE (attachment_id) made by activate_plugin, do_action('activate_sirv/sirv.php'), WP_Hook->do_action, WP_Hook->apply_filters, sirv_activation_callback, sirv_upgrade_plugin, sirv_set_unique_field, WP_SQLite_DB->query, WP_SQLite_DB->print_error",
    "log": "/logs/plugins/s/speak-sound-library/error.json"
  },
  {
    "message": "SQLSTATE[HY000]: General error: 1 near \",\": syntax error.",
    "level": "FATAL",
    "type": "SQL",
    "test": "ast-sqlite-boot",
    "plugin": "speak-sound-library",
    "details": "[25-Apr-2025 15:36:04 UTC] WordPress database error <div style=\"clear:both\">&nbsp;</div>\n<div class=\"queries\" style=\"clear:both;margin-bottom:2px;border:red dotted thin;\">\n<p>MySQL query:</p>\n<p>ALTER TABLE wp_sirv_images\n                  DROP `sirvpath`,\n                  DROP `sirv_image_url`,\n                  DROP `sirv_folder`</p>\n<p>Queries made or created this session were:</p>\n<ol>\n<li>Executing: BEGIN | (no parameters)</li>\n<li>Executing: ALTER TABLE wp_sirv_images\n                  DROP `sirvpath`,\n                  DROP `sirv_image_url`,\n                  DROP `sirv_folder` | (no parameters)</li>\n<li>Executing: ROLLBACK | (no parameters)</li>\n</ol>\n</div>\n<div style=\"clear:both;margin-bottom:2px;border:red dotted thin;\" class=\"error_message\" style=\"border-bottom:dotted blue thin;\">\nError occurred at line 4117 in Function <code>handle_error</code>. Error message was: SQLSTATE[HY000]: General error: 1 near \",\": syntax error.\n</div>\n<p>Backtrace:</p>\n<pre>#0 /internal/shared/sqlite-database-integration/wp-includes/sqlite/class-wp-sqlite-db.php(287): WP_SQLite_Translator->get_error_message()\n#1 /wordpress/wp-content/plugins/sirv/sirv.php(1054): WP_SQLite_DB->query('ALTER TABLE wp_...')\n#2 /wordpress/wp-content/plugins/sirv/sirv.php(772): sirv_fix_db()\n#3 /wordpress/wp-content/plugins/sirv/sirv.php(718): sirv_upgrade_plugin()\n#4 /wordpress/wp-includes/class-wp-hook.php(324): sirv_activation_callback(false)\n#5 /wordpress/wp-includes/class-wp-hook.php(348): WP_Hook->apply_filters('', Array)\n#6 /wordpress/wp-includes/plugin.php(517): WP_Hook->do_action(Array)\n#7 /wordpress/wp-admin/includes/plugin.php(703): do_action('activate_sirv/s...', false)\n#8 /internal/eval.php(20): activate_plugin('sirv/sirv.php')\n#9 {main}</pre>\n for query ALTER TABLE wp_sirv_images\n                  DROP `sirvpath`,\n                  DROP `sirv_image_url`,\n                  DROP `sirv_folder` made by activate_plugin, do_action('activate_sirv/sirv.php'), WP_Hook->do_action, WP_Hook->apply_filters, sirv_activation_callback, sirv_upgrade_plugin, sirv_fix_db, WP_SQLite_DB->query, WP_SQLite_DB->print_error",
    "log": "/logs/plugins/s/speak-sound-library/error.json"
  },
  {
    "message": "SQLSTATE[HY000]: General error: 1 duplicate column name: checks.",
    "level": "FATAL",
    "type": "SQL",
    "test": "ast-sqlite-boot",
    "plugin": "speak-sound-library",
    "details": "[25-Apr-2025 15:36:04 UTC] WordPress database error <div style=\"clear:both\">&nbsp;</div>\n<div class=\"queries\" style=\"clear:both;margin-bottom:2px;border:red dotted thin;\">\n<p>MySQL query:</p>\n<p>ALTER TABLE wp_sirv_images ADD `checks` TINYINT UNSIGNED NULL DEFAULT 0 AFTER `timestamp_synced`</p>\n<p>Queries made or created this session were:</p>\n<ol>\n<li>Executing: BEGIN | (no parameters)</li>\n<li>Executing: INSERT INTO _mysql_data_types_cache (`table`, `column_or_index`, `mysql_type`)\n\t\t\t\tVALUES (:table, :column, :datatype)\n\t\t\t\tON CONFLICT(`table`, `column_or_index`) DO UPDATE SET `mysql_type` = :datatype\n\t\t\t | parameters: wp_sirv_images, `CHECKS`, tinyint UNSIGNED</li>\n<li>Executing: ALTER TABLE wp_sirv_images ADD `checks`  integer NULL DEFAULT 0   | (no parameters)</li>\n<li>Executing: ROLLBACK | (no parameters)</li>\n</ol>\n</div>\n<div style=\"clear:both;margin-bottom:2px;border:red dotted thin;\" class=\"error_message\" style=\"border-bottom:dotted blue thin;\">\nError occurred at line 4117 in Function <code>handle_error</code>. Error message was: SQLSTATE[HY000]: General error: 1 duplicate column name: checks.\n</div>\n<p>Backtrace:</p>\n<pre>#0 /internal/shared/sqlite-database-integration/wp-includes/sqlite/class-wp-sqlite-db.php(287): WP_SQLite_Translator->get_error_message()\n#1 /wordpress/wp-content/plugins/sirv/sirv.php(1058): WP_SQLite_DB->query('ALTER TABLE wp_...')\n#2 /wordpress/wp-content/plugins/sirv/sirv.php(772): sirv_fix_db()\n#3 /wordpress/wp-content/plugins/sirv/sirv.php(718): sirv_upgrade_plugin()\n#4 /wordpress/wp-includes/class-wp-hook.php(324): sirv_activation_callback(false)\n#5 /wordpress/wp-includes/class-wp-hook.php(348): WP_Hook->apply_filters('', Array)\n#6 /wordpress/wp-includes/plugin.php(517): WP_Hook->do_action(Array)\n#7 /wordpress/wp-admin/includes/plugin.php(703): do_action('activate_sirv/s...', false)\n#8 /internal/eval.php(20): activate_plugin('sirv/sirv.php')\n#9 {main}</pre>\n for query ALTER TABLE wp_sirv_images ADD `checks` TINYINT UNSIGNED NULL DEFAULT 0 AFTER `timestamp_synced` made by activate_plugin, do_action('activate_sirv/sirv.php'), WP_Hook->do_action, WP_Hook->apply_filters, sirv_activation_callback, sirv_upgrade_plugin, sirv_fix_db, WP_SQLite_DB->query, WP_SQLite_DB->print_error",
    "log": "/logs/plugins/s/speak-sound-library/error.json"
  },
  {
    "message": "SQLSTATE[HY000]: General error: 1 duplicate column name: timestamp_checks.",
    "level": "FATAL",
    "type": "SQL",
    "test": "ast-sqlite-boot",
    "plugin": "speak-sound-library",
    "details": "[25-Apr-2025 15:36:04 UTC] WordPress database error <div style=\"clear:both\">&nbsp;</div>\n<div class=\"queries\" style=\"clear:both;margin-bottom:2px;border:red dotted thin;\">\n<p>MySQL query:</p>\n<p>ALTER TABLE wp_sirv_images ADD `timestamp_checks` INT NULL DEFAULT NULL AFTER `checks`</p>\n<p>Queries made or created this session were:</p>\n<ol>\n<li>Executing: BEGIN | (no parameters)</li>\n<li>Executing: INSERT INTO _mysql_data_types_cache (`table`, `column_or_index`, `mysql_type`)\n\t\t\t\tVALUES (:table, :column, :datatype)\n\t\t\t\tON CONFLICT(`table`, `column_or_index`) DO UPDATE SET `mysql_type` = :datatype\n\t\t\t | parameters: wp_sirv_images, `TIMESTAMP_CHECKS`, int</li>\n<li>Executing: ALTER TABLE wp_sirv_images ADD `timestamp_checks` integer NULL DEFAULT NULL   | (no parameters)</li>\n<li>Executing: ROLLBACK | (no parameters)</li>\n</ol>\n</div>\n<div style=\"clear:both;margin-bottom:2px;border:red dotted thin;\" class=\"error_message\" style=\"border-bottom:dotted blue thin;\">\nError occurred at line 4117 in Function <code>handle_error</code>. Error message was: SQLSTATE[HY000]: General error: 1 duplicate column name: timestamp_checks.\n</div>\n<p>Backtrace:</p>\n<pre>#0 /internal/shared/sqlite-database-integration/wp-includes/sqlite/class-wp-sqlite-db.php(287): WP_SQLite_Translator->get_error_message()\n#1 /wordpress/wp-content/plugins/sirv/sirv.php(1059): WP_SQLite_DB->query('ALTER TABLE wp_...')\n#2 /wordpress/wp-content/plugins/sirv/sirv.php(772): sirv_fix_db()\n#3 /wordpress/wp-content/plugins/sirv/sirv.php(718): sirv_upgrade_plugin()\n#4 /wordpress/wp-includes/class-wp-hook.php(324): sirv_activation_callback(false)\n#5 /wordpress/wp-includes/class-wp-hook.php(348): WP_Hook->apply_filters('', Array)\n#6 /wordpress/wp-includes/plugin.php(517): WP_Hook->do_action(Array)\n#7 /wordpress/wp-admin/includes/plugin.php(703): do_action('activate_sirv/s...', false)\n#8 /internal/eval.php(20): activate_plugin('sirv/sirv.php')\n#9 {main}</pre>\n for query ALTER TABLE wp_sirv_images ADD `timestamp_checks` INT NULL DEFAULT NULL AFTER `checks` made by activate_plugin, do_action('activate_sirv/sirv.php'), WP_Hook->do_action, WP_Hook->apply_filters, sirv_activation_callback, sirv_upgrade_plugin, sirv_fix_db, WP_SQLite_DB->query, WP_SQLite_DB->print_error",
    "log": "/logs/plugins/s/speak-sound-library/error.json"
  },
  {
    "message": "SQLSTATE[HY000]: General error: 1 duplicate column name: status.",
    "level": "FATAL",
    "type": "SQL",
    "test": "ast-sqlite-boot",
    "plugin": "speak-sound-library",
    "details": "[25-Apr-2025 15:36:04 UTC] WordPress database error <div style=\"clear:both\">&nbsp;</div>\n<div class=\"queries\" style=\"clear:both;margin-bottom:2px;border:red dotted thin;\">\n<p>MySQL query:</p>\n<p>ALTER TABLE wp_sirv_images ADD `status` enum('NEW', 'PROCESSING', 'SYNCED', 'FAILED') DEFAULT NULL AFTER `size`</p>\n<p>Queries made or created this session were:</p>\n<ol>\n<li>Executing: BEGIN | (no parameters)</li>\n<li>Executing: INSERT INTO _mysql_data_types_cache (`table`, `column_or_index`, `mysql_type`)\n\t\t\t\tVALUES (:table, :column, :datatype)\n\t\t\t\tON CONFLICT(`table`, `column_or_index`) DO UPDATE SET `mysql_type` = :datatype\n\t\t\t | parameters: wp_sirv_images, `STATUS`, enum('NEW','PROCESSING','SYNCED','FAILED')</li>\n<li>Executing: ALTER TABLE wp_sirv_images ADD `status`    text DEFAULT NULL   | (no parameters)</li>\n<li>Executing: ROLLBACK | (no parameters)</li>\n</ol>\n</div>\n<div style=\"clear:both;margin-bottom:2px;border:red dotted thin;\" class=\"error_message\" style=\"border-bottom:dotted blue thin;\">\nError occurred at line 4117 in Function <code>handle_error</code>. Error message was: SQLSTATE[HY000]: General error: 1 duplicate column name: status.\n</div>\n<p>Backtrace:</p>\n<pre>#0 /internal/shared/sqlite-database-integration/wp-includes/sqlite/class-wp-sqlite-db.php(287): WP_SQLite_Translator->get_error_message()\n#1 /wordpress/wp-content/plugins/sirv/sirv.php(1060): WP_SQLite_DB->query('ALTER TABLE wp_...')\n#2 /wordpress/wp-content/plugins/sirv/sirv.php(772): sirv_fix_db()\n#3 /wordpress/wp-content/plugins/sirv/sirv.php(718): sirv_upgrade_plugin()\n#4 /wordpress/wp-includes/class-wp-hook.php(324): sirv_activation_callback(false)\n#5 /wordpress/wp-includes/class-wp-hook.php(348): WP_Hook->apply_filters('', Array)\n#6 /wordpress/wp-includes/plugin.php(517): WP_Hook->do_action(Array)\n#7 /wordpress/wp-admin/includes/plugin.php(703): do_action('activate_sirv/s...', false)\n#8 /internal/eval.php(20): activate_plugin('sirv/sirv.php')\n#9 {main}</pre>\n for query ALTER TABLE wp_sirv_images ADD `status` enum('NEW', 'PROCESSING', 'SYNCED', 'FAILED') DEFAULT NULL AFTER `size` made by activate_plugin, do_action('activate_sirv/sirv.php'), WP_Hook->do_action, WP_Hook->apply_filters, sirv_activation_callback, sirv_upgrade_plugin, sirv_fix_db, WP_SQLite_DB->query, WP_SQLite_DB->print_error",
    "log": "/logs/plugins/s/speak-sound-library/error.json"
  },
  {
    "message": "SQLSTATE[HY000]: General error: 1 duplicate column name: error_type.",
    "level": "FATAL",
    "type": "SQL",
    "test": "ast-sqlite-boot",
    "plugin": "speak-sound-library",
    "details": "[25-Apr-2025 15:36:04 UTC] WordPress database error <div style=\"clear:both\">&nbsp;</div>\n<div class=\"queries\" style=\"clear:both;margin-bottom:2px;border:red dotted thin;\">\n<p>MySQL query:</p>\n<p>ALTER TABLE wp_sirv_images ADD `error_type` TINYINT UNSIGNED NULL DEFAULT NULL AFTER `status`</p>\n<p>Queries made or created this session were:</p>\n<ol>\n<li>Executing: BEGIN | (no parameters)</li>\n<li>Executing: INSERT INTO _mysql_data_types_cache (`table`, `column_or_index`, `mysql_type`)\n\t\t\t\tVALUES (:table, :column, :datatype)\n\t\t\t\tON CONFLICT(`table`, `column_or_index`) DO UPDATE SET `mysql_type` = :datatype\n\t\t\t | parameters: wp_sirv_images, `ERROR_TYPE`, tinyint UNSIGNED</li>\n<li>Executing: ALTER TABLE wp_sirv_images ADD `error_type`  integer NULL DEFAULT NULL   | (no parameters)</li>\n<li>Executing: ROLLBACK | (no parameters)</li>\n</ol>\n</div>\n<div style=\"clear:both;margin-bottom:2px;border:red dotted thin;\" class=\"error_message\" style=\"border-bottom:dotted blue thin;\">\nError occurred at line 4117 in Function <code>handle_error</code>. Error message was: SQLSTATE[HY000]: General error: 1 duplicate column name: error_type.\n</div>\n<p>Backtrace:</p>\n<pre>#0 /internal/shared/sqlite-database-integration/wp-includes/sqlite/class-wp-sqlite-db.php(287): WP_SQLite_Translator->get_error_message()\n#1 /wordpress/wp-content/plugins/sirv/sirv.php(1061): WP_SQLite_DB->query('ALTER TABLE wp_...')\n#2 /wordpress/wp-content/plugins/sirv/sirv.php(772): sirv_fix_db()\n#3 /wordpress/wp-content/plugins/sirv/sirv.php(718): sirv_upgrade_plugin()\n#4 /wordpress/wp-includes/class-wp-hook.php(324): sirv_activation_callback(false)\n#5 /wordpress/wp-includes/class-wp-hook.php(348): WP_Hook->apply_filters('', Array)\n#6 /wordpress/wp-includes/plugin.php(517): WP_Hook->do_action(Array)\n#7 /wordpress/wp-admin/includes/plugin.php(703): do_action('activate_sirv/s...', false)\n#8 /internal/eval.php(20): activate_plugin('sirv/sirv.php')\n#9 {main}</pre>\n for query ALTER TABLE wp_sirv_images ADD `error_type` TINYINT UNSIGNED NULL DEFAULT NULL AFTER `status` made by activate_plugin, do_action('activate_sirv/sirv.php'), WP_Hook->do_action, WP_Hook->apply_filters, sirv_activation_callback, sirv_upgrade_plugin, sirv_fix_db, WP_SQLite_DB->query, WP_SQLite_DB->print_error",
    "log": "/logs/plugins/s/speak-sound-library/error.json"
  },
  {
    "message": "SQLSTATE[HY000]: General error: 1 near \"SET\": syntax error.",
    "level": "FATAL",
    "type": "SQL",
    "test": "ast-sqlite-boot",
    "plugin": "speak-sound-library",
    "details": "[25-Apr-2025 15:36:04 UTC] WordPress database error <div style=\"clear:both\">&nbsp;</div>\n<div class=\"queries\" style=\"clear:both;margin-bottom:2px;border:red dotted thin;\">\n<p>MySQL query:</p>\n<p>ALTER TABLE wp_sirv_images ADD `sirv_path` VARCHAR(1000) CHARACTER SET utf8 COLLATE utf8_general_ci NULL DEFAULT NULL AFTER `img_path`</p>\n<p>Queries made or created this session were:</p>\n<ol>\n<li>Executing: BEGIN | (no parameters)</li>\n<li>Executing: INSERT INTO _mysql_data_types_cache (`table`, `column_or_index`, `mysql_type`)\n\t\t\t\tVALUES (:table, :column, :datatype)\n\t\t\t\tON CONFLICT(`table`, `column_or_index`) DO UPDATE SET `mysql_type` = :datatype\n\t\t\t | parameters: wp_sirv_images, `SIRV_PATH`, varchar(1000)</li>\n<li>Executing: ALTER TABLE wp_sirv_images ADD `sirv_path` text CHARACTER SET utf8 COLLATE utf8_general_ci NULL DEFAULT NULL   | (no parameters)</li>\n<li>Executing: ROLLBACK | (no parameters)</li>\n</ol>\n</div>\n<div style=\"clear:both;margin-bottom:2px;border:red dotted thin;\" class=\"error_message\" style=\"border-bottom:dotted blue thin;\">\nError occurred at line 4117 in Function <code>handle_error</code>. Error message was: SQLSTATE[HY000]: General error: 1 near \"SET\": syntax error.\n</div>\n<p>Backtrace:</p>\n<pre>#0 /internal/shared/sqlite-database-integration/wp-includes/sqlite/class-wp-sqlite-db.php(287): WP_SQLite_Translator->get_error_message()\n#1 /wordpress/wp-content/plugins/sirv/sirv.php(1062): WP_SQLite_DB->query('ALTER TABLE wp_...')\n#2 /wordpress/wp-content/plugins/sirv/sirv.php(772): sirv_fix_db()\n#3 /wordpress/wp-content/plugins/sirv/sirv.php(718): sirv_upgrade_plugin()\n#4 /wordpress/wp-includes/class-wp-hook.php(324): sirv_activation_callback(false)\n#5 /wordpress/wp-includes/class-wp-hook.php(348): WP_Hook->apply_filters('', Array)\n#6 /wordpress/wp-includes/plugin.php(517): WP_Hook->do_action(Array)\n#7 /wordpress/wp-admin/includes/plugin.php(703): do_action('activate_sirv/s...', false)\n#8 /internal/eval.php(20): activate_plugin('sirv/sirv.php')\n#9 {main}</pre>\n for query ALTER TABLE wp_sirv_images ADD `sirv_path` VARCHAR(1000) CHARACTER SET utf8 COLLATE utf8_general_ci NULL DEFAULT NULL AFTER `img_path` made by activate_plugin, do_action('activate_sirv/sirv.php'), WP_Hook->do_action, WP_Hook->apply_filters, sirv_activation_callback, sirv_upgrade_plugin, sirv_fix_db, WP_SQLite_DB->query, WP_SQLite_DB->print_error",
    "log": "/logs/plugins/s/speak-sound-library/error.json"
  },
  {
    "message": "SQLSTATE[HY000]: General error: 1 no such table: wp_sirv_images.",
    "level": "FATAL",
    "type": "SQL",
    "test": "ast-sqlite-boot",
    "plugin": "speak-sound-library",
    "details": "[25-Apr-2025 15:36:15 UTC] WordPress database error <div style=\"clear:both\">&nbsp;</div>\n<div class=\"queries\" style=\"clear:both;margin-bottom:2px;border:red dotted thin;\">\n<p>MySQL query:</p>\n<p>SELECT count(*) FROM wp_sirv_images WHERE status = 'SYNCED'</p>\n<p>Queries made or created this session were:</p>\n<ol>\n<li>Executing: BEGIN | (no parameters)</li>\n<li>Executing: SELECT count(*) FROM wp_sirv_images WHERE status = :param0  | parameters: SYNCED</li>\n<li>Executing: ROLLBACK | (no parameters)</li>\n</ol>\n</div>\n<div style=\"clear:both;margin-bottom:2px;border:red dotted thin;\" class=\"error_message\" style=\"border-bottom:dotted blue thin;\">\nError occurred at line 4117 in Function <code>handle_error</code>. Error message was: SQLSTATE[HY000]: General error: 1 no such table: wp_sirv_images.\n</div>\n<p>Backtrace:</p>\n<pre>#0 /internal/shared/sqlite-database-integration/wp-includes/sqlite/class-wp-sqlite-db.php(287): WP_SQLite_Translator->get_error_message()\n#1 /wordpress/wp-includes/class-wpdb.php(3031): WP_SQLite_DB->query('SELECT count(*)...')\n#2 /wordpress/wp-content/plugins/sirv/sirv.php(3994): wpdb->get_var('SELECT count(*)...')\n#3 /wordpress/wp-content/plugins/sirv/sirv.php(1020): sirv_get_synced_count()\n#4 /wordpress/wp-content/plugins/sirv/sirv.php(695): sirv_fill_empty_options()\n#5 /wordpress/wp-includes/class-wp-hook.php(324): sirv_activation_callback(false)\n#6 /wordpress/wp-includes/class-wp-hook.php(348): WP_Hook->apply_filters('', Array)\n#7 /wordpress/wp-includes/plugin.php(517): WP_Hook->do_action(Array)\n#8 /wordpress/wp-admin/includes/plugin.php(703): do_action('activate_sirv/s...', false)\n#9 /internal/eval.php(20): activate_plugin('sirv/sirv.php')\n#10 {main}</pre>\n for query SELECT count(*) FROM wp_sirv_images WHERE status = 'SYNCED' made by activate_plugin, do_action('activate_sirv/sirv.php'), WP_Hook->do_action, WP_Hook->apply_filters, sirv_activation_callback, sirv_fill_empty_options, sirv_get_synced_count, WP_SQLite_DB->query, WP_SQLite_DB->print_error",
    "log": "/logs/plugins/s/speak-sound-library/error.json"
  },
  {
    "message": "Unknown show type: INDEXES FROM.",
    "level": "FATAL",
    "type": "SQL",
    "test": "ast-sqlite-boot",
    "plugin": "speak-sound-library",
    "details": "[25-Apr-2025 15:36:16 UTC] WordPress database error <div style=\"clear:both\">&nbsp;</div>\n<div class=\"queries\" style=\"clear:both;margin-bottom:2px;border:red dotted thin;\">\n<p>MySQL query:</p>\n<p>SHOW INDEXES FROM wp_sirv_images WHERE Column_name='attachment_id' AND NOT Non_unique</p>\n<p>Queries made or created this session were:</p>\n<ol>\n<li>Executing: BEGIN | (no parameters)</li>\n<li>Executing: ROLLBACK | (no parameters)</li>\n</ol>\n</div>\n<div style=\"clear:both;margin-bottom:2px;border:red dotted thin;\" class=\"error_message\" style=\"border-bottom:dotted blue thin;\">\nError occurred at line 4117 in Function <code>handle_error</code>. Error message was: Unknown show type: INDEXES FROM.\n</div>\n<p>Backtrace:</p>\n<pre>#0 /internal/shared/sqlite-database-integration/wp-includes/sqlite/class-wp-sqlite-db.php(287): WP_SQLite_Translator->get_error_message()\n#1 /wordpress/wp-includes/class-wpdb.php(3146): WP_SQLite_DB->query('SHOW INDEXES FR...')\n#2 /wordpress/wp-content/plugins/sirv/sirv.php(2003): wpdb->get_results('SHOW INDEXES FR...', 'ARRAY_A')\n#3 /wordpress/wp-content/plugins/sirv/sirv.php(768): sirv_is_unique_field('attachment_id')\n#4 /wordpress/wp-content/plugins/sirv/sirv.php(718): sirv_upgrade_plugin()\n#5 /wordpress/wp-includes/class-wp-hook.php(324): sirv_activation_callback(false)\n#6 /wordpress/wp-includes/class-wp-hook.php(348): WP_Hook->apply_filters('', Array)\n#7 /wordpress/wp-includes/plugin.php(517): WP_Hook->do_action(Array)\n#8 /wordpress/wp-admin/includes/plugin.php(703): do_action('activate_sirv/s...', false)\n#9 /internal/eval.php(20): activate_plugin('sirv/sirv.php')\n#10 {main}</pre>\n for query SHOW INDEXES FROM wp_sirv_images WHERE Column_name='attachment_id' AND NOT Non_unique made by activate_plugin, do_action('activate_sirv/sirv.php'), WP_Hook->do_action, WP_Hook->apply_filters, sirv_activation_callback, sirv_upgrade_plugin, sirv_is_unique_field, WP_SQLite_DB->query, WP_SQLite_DB->print_error",
    "log": "/logs/plugins/s/speak-sound-library/error.json"
  },
  {
    "message": "SQLSTATE[HY000]: General error: 1 near \")\": syntax error.",
    "level": "FATAL",
    "type": "SQL",
    "test": "ast-sqlite-boot",
    "plugin": "speak-sound-library",
    "details": "[25-Apr-2025 15:36:16 UTC] WordPress database error <div style=\"clear:both\">&nbsp;</div>\n<div class=\"queries\" style=\"clear:both;margin-bottom:2px;border:red dotted thin;\">\n<p>MySQL query:</p>\n<p>ALTER TABLE wp_sirv_images ADD UNIQUE (attachment_id)</p>\n<p>Queries made or created this session were:</p>\n<ol>\n<li>Executing: BEGIN | (no parameters)</li>\n<li>Executing: INSERT INTO _mysql_data_types_cache (`table`, `column_or_index`, `mysql_type`)\n\t\t\t\tVALUES (:table, :column, :datatype)\n\t\t\t\tON CONFLICT(`table`, `column_or_index`) DO UPDATE SET `mysql_type` = :datatype\n\t\t\t | parameters: wp_sirv_images, wp_sirv_images__(, UNIQUE</li>\n<li>Executing: CREATE UNIQUE INDEX &quot;wp_sirv_images__(&quot; ON &quot;wp_sirv_images&quot; () | (no parameters)</li>\n<li>Executing: ROLLBACK | (no parameters)</li>\n</ol>\n</div>\n<div style=\"clear:both;margin-bottom:2px;border:red dotted thin;\" class=\"error_message\" style=\"border-bottom:dotted blue thin;\">\nError occurred at line 4117 in Function <code>handle_error</code>. Error message was: SQLSTATE[HY000]: General error: 1 near \")\": syntax error.\n</div>\n<p>Backtrace:</p>\n<pre>#0 /internal/shared/sqlite-database-integration/wp-includes/sqlite/class-wp-sqlite-db.php(287): WP_SQLite_Translator->get_error_message()\n#1 /wordpress/wp-content/plugins/sirv/sirv.php(2040): WP_SQLite_DB->query('ALTER TABLE wp_...')\n#2 /wordpress/wp-content/plugins/sirv/sirv.php(769): sirv_set_unique_field('attachment_id')\n#3 /wordpress/wp-content/plugins/sirv/sirv.php(718): sirv_upgrade_plugin()\n#4 /wordpress/wp-includes/class-wp-hook.php(324): sirv_activation_callback(false)\n#5 /wordpress/wp-includes/class-wp-hook.php(348): WP_Hook->apply_filters('', Array)\n#6 /wordpress/wp-includes/plugin.php(517): WP_Hook->do_action(Array)\n#7 /wordpress/wp-admin/includes/plugin.php(703): do_action('activate_sirv/s...', false)\n#8 /internal/eval.php(20): activate_plugin('sirv/sirv.php')\n#9 {main}</pre>\n for query ALTER TABLE wp_sirv_images ADD UNIQUE (attachment_id) made by activate_plugin, do_action('activate_sirv/sirv.php'), WP_Hook->do_action, WP_Hook->apply_filters, sirv_activation_callback, sirv_upgrade_plugin, sirv_set_unique_field, WP_SQLite_DB->query, WP_SQLite_DB->print_error",
    "log": "/logs/plugins/s/speak-sound-library/error.json"
  },
  {
    "message": "SQLSTATE[HY000]: General error: 1 near \",\": syntax error.",
    "level": "FATAL",
    "type": "SQL",
    "test": "ast-sqlite-boot",
    "plugin": "speak-sound-library",
    "details": "[25-Apr-2025 15:36:16 UTC] WordPress database error <div style=\"clear:both\">&nbsp;</div>\n<div class=\"queries\" style=\"clear:both;margin-bottom:2px;border:red dotted thin;\">\n<p>MySQL query:</p>\n<p>ALTER TABLE wp_sirv_images\n                  DROP `sirvpath`,\n                  DROP `sirv_image_url`,\n                  DROP `sirv_folder`</p>\n<p>Queries made or created this session were:</p>\n<ol>\n<li>Executing: BEGIN | (no parameters)</li>\n<li>Executing: ALTER TABLE wp_sirv_images\n                  DROP `sirvpath`,\n                  DROP `sirv_image_url`,\n                  DROP `sirv_folder` | (no parameters)</li>\n<li>Executing: ROLLBACK | (no parameters)</li>\n</ol>\n</div>\n<div style=\"clear:both;margin-bottom:2px;border:red dotted thin;\" class=\"error_message\" style=\"border-bottom:dotted blue thin;\">\nError occurred at line 4117 in Function <code>handle_error</code>. Error message was: SQLSTATE[HY000]: General error: 1 near \",\": syntax error.\n</div>\n<p>Backtrace:</p>\n<pre>#0 /internal/shared/sqlite-database-integration/wp-includes/sqlite/class-wp-sqlite-db.php(287): WP_SQLite_Translator->get_error_message()\n#1 /wordpress/wp-content/plugins/sirv/sirv.php(1054): WP_SQLite_DB->query('ALTER TABLE wp_...')\n#2 /wordpress/wp-content/plugins/sirv/sirv.php(772): sirv_fix_db()\n#3 /wordpress/wp-content/plugins/sirv/sirv.php(718): sirv_upgrade_plugin()\n#4 /wordpress/wp-includes/class-wp-hook.php(324): sirv_activation_callback(false)\n#5 /wordpress/wp-includes/class-wp-hook.php(348): WP_Hook->apply_filters('', Array)\n#6 /wordpress/wp-includes/plugin.php(517): WP_Hook->do_action(Array)\n#7 /wordpress/wp-admin/includes/plugin.php(703): do_action('activate_sirv/s...', false)\n#8 /internal/eval.php(20): activate_plugin('sirv/sirv.php')\n#9 {main}</pre>\n for query ALTER TABLE wp_sirv_images\n                  DROP `sirvpath`,\n                  DROP `sirv_image_url`,\n                  DROP `sirv_folder` made by activate_plugin, do_action('activate_sirv/sirv.php'), WP_Hook->do_action, WP_Hook->apply_filters, sirv_activation_callback, sirv_upgrade_plugin, sirv_fix_db, WP_SQLite_DB->query, WP_SQLite_DB->print_error",
    "log": "/logs/plugins/s/speak-sound-library/error.json"
  },
  {
    "message": "SQLSTATE[HY000]: General error: 1 duplicate column name: checks.",
    "level": "FATAL",
    "type": "SQL",
    "test": "ast-sqlite-boot",
    "plugin": "speak-sound-library",
    "details": "[25-Apr-2025 15:36:16 UTC] WordPress database error <div style=\"clear:both\">&nbsp;</div>\n<div class=\"queries\" style=\"clear:both;margin-bottom:2px;border:red dotted thin;\">\n<p>MySQL query:</p>\n<p>ALTER TABLE wp_sirv_images ADD `checks` TINYINT UNSIGNED NULL DEFAULT 0 AFTER `timestamp_synced`</p>\n<p>Queries made or created this session were:</p>\n<ol>\n<li>Executing: BEGIN | (no parameters)</li>\n<li>Executing: INSERT INTO _mysql_data_types_cache (`table`, `column_or_index`, `mysql_type`)\n\t\t\t\tVALUES (:table, :column, :datatype)\n\t\t\t\tON CONFLICT(`table`, `column_or_index`) DO UPDATE SET `mysql_type` = :datatype\n\t\t\t | parameters: wp_sirv_images, `CHECKS`, tinyint UNSIGNED</li>\n<li>Executing: ALTER TABLE wp_sirv_images ADD `checks`  integer NULL DEFAULT 0   | (no parameters)</li>\n<li>Executing: ROLLBACK | (no parameters)</li>\n</ol>\n</div>\n<div style=\"clear:both;margin-bottom:2px;border:red dotted thin;\" class=\"error_message\" style=\"border-bottom:dotted blue thin;\">\nError occurred at line 4117 in Function <code>handle_error</code>. Error message was: SQLSTATE[HY000]: General error: 1 duplicate column name: checks.\n</div>\n<p>Backtrace:</p>\n<pre>#0 /internal/shared/sqlite-database-integration/wp-includes/sqlite/class-wp-sqlite-db.php(287): WP_SQLite_Translator->get_error_message()\n#1 /wordpress/wp-content/plugins/sirv/sirv.php(1058): WP_SQLite_DB->query('ALTER TABLE wp_...')\n#2 /wordpress/wp-content/plugins/sirv/sirv.php(772): sirv_fix_db()\n#3 /wordpress/wp-content/plugins/sirv/sirv.php(718): sirv_upgrade_plugin()\n#4 /wordpress/wp-includes/class-wp-hook.php(324): sirv_activation_callback(false)\n#5 /wordpress/wp-includes/class-wp-hook.php(348): WP_Hook->apply_filters('', Array)\n#6 /wordpress/wp-includes/plugin.php(517): WP_Hook->do_action(Array)\n#7 /wordpress/wp-admin/includes/plugin.php(703): do_action('activate_sirv/s...', false)\n#8 /internal/eval.php(20): activate_plugin('sirv/sirv.php')\n#9 {main}</pre>\n for query ALTER TABLE wp_sirv_images ADD `checks` TINYINT UNSIGNED NULL DEFAULT 0 AFTER `timestamp_synced` made by activate_plugin, do_action('activate_sirv/sirv.php'), WP_Hook->do_action, WP_Hook->apply_filters, sirv_activation_callback, sirv_upgrade_plugin, sirv_fix_db, WP_SQLite_DB->query, WP_SQLite_DB->print_error",
    "log": "/logs/plugins/s/speak-sound-library/error.json"
  },
  {
    "message": "SQLSTATE[HY000]: General error: 1 duplicate column name: timestamp_checks.",
    "level": "FATAL",
    "type": "SQL",
    "test": "ast-sqlite-boot",
    "plugin": "speak-sound-library",
    "details": "[25-Apr-2025 15:36:16 UTC] WordPress database error <div style=\"clear:both\">&nbsp;</div>\n<div class=\"queries\" style=\"clear:both;margin-bottom:2px;border:red dotted thin;\">\n<p>MySQL query:</p>\n<p>ALTER TABLE wp_sirv_images ADD `timestamp_checks` INT NULL DEFAULT NULL AFTER `checks`</p>\n<p>Queries made or created this session were:</p>\n<ol>\n<li>Executing: BEGIN | (no parameters)</li>\n<li>Executing: INSERT INTO _mysql_data_types_cache (`table`, `column_or_index`, `mysql_type`)\n\t\t\t\tVALUES (:table, :column, :datatype)\n\t\t\t\tON CONFLICT(`table`, `column_or_index`) DO UPDATE SET `mysql_type` = :datatype\n\t\t\t | parameters: wp_sirv_images, `TIMESTAMP_CHECKS`, int</li>\n<li>Executing: ALTER TABLE wp_sirv_images ADD `timestamp_checks` integer NULL DEFAULT NULL   | (no parameters)</li>\n<li>Executing: ROLLBACK | (no parameters)</li>\n</ol>\n</div>\n<div style=\"clear:both;margin-bottom:2px;border:red dotted thin;\" class=\"error_message\" style=\"border-bottom:dotted blue thin;\">\nError occurred at line 4117 in Function <code>handle_error</code>. Error message was: SQLSTATE[HY000]: General error: 1 duplicate column name: timestamp_checks.\n</div>\n<p>Backtrace:</p>\n<pre>#0 /internal/shared/sqlite-database-integration/wp-includes/sqlite/class-wp-sqlite-db.php(287): WP_SQLite_Translator->get_error_message()\n#1 /wordpress/wp-content/plugins/sirv/sirv.php(1059): WP_SQLite_DB->query('ALTER TABLE wp_...')\n#2 /wordpress/wp-content/plugins/sirv/sirv.php(772): sirv_fix_db()\n#3 /wordpress/wp-content/plugins/sirv/sirv.php(718): sirv_upgrade_plugin()\n#4 /wordpress/wp-includes/class-wp-hook.php(324): sirv_activation_callback(false)\n#5 /wordpress/wp-includes/class-wp-hook.php(348): WP_Hook->apply_filters('', Array)\n#6 /wordpress/wp-includes/plugin.php(517): WP_Hook->do_action(Array)\n#7 /wordpress/wp-admin/includes/plugin.php(703): do_action('activate_sirv/s...', false)\n#8 /internal/eval.php(20): activate_plugin('sirv/sirv.php')\n#9 {main}</pre>\n for query ALTER TABLE wp_sirv_images ADD `timestamp_checks` INT NULL DEFAULT NULL AFTER `checks` made by activate_plugin, do_action('activate_sirv/sirv.php'), WP_Hook->do_action, WP_Hook->apply_filters, sirv_activation_callback, sirv_upgrade_plugin, sirv_fix_db, WP_SQLite_DB->query, WP_SQLite_DB->print_error",
    "log": "/logs/plugins/s/speak-sound-library/error.json"
  },
  {
    "message": "SQLSTATE[HY000]: General error: 1 duplicate column name: status.",
    "level": "FATAL",
    "type": "SQL",
    "test": "ast-sqlite-boot",
    "plugin": "speak-sound-library",
    "details": "[25-Apr-2025 15:36:16 UTC] WordPress database error <div style=\"clear:both\">&nbsp;</div>\n<div class=\"queries\" style=\"clear:both;margin-bottom:2px;border:red dotted thin;\">\n<p>MySQL query:</p>\n<p>ALTER TABLE wp_sirv_images ADD `status` enum('NEW', 'PROCESSING', 'SYNCED', 'FAILED') DEFAULT NULL AFTER `size`</p>\n<p>Queries made or created this session were:</p>\n<ol>\n<li>Executing: BEGIN | (no parameters)</li>\n<li>Executing: INSERT INTO _mysql_data_types_cache (`table`, `column_or_index`, `mysql_type`)\n\t\t\t\tVALUES (:table, :column, :datatype)\n\t\t\t\tON CONFLICT(`table`, `column_or_index`) DO UPDATE SET `mysql_type` = :datatype\n\t\t\t | parameters: wp_sirv_images, `STATUS`, enum('NEW','PROCESSING','SYNCED','FAILED')</li>\n<li>Executing: ALTER TABLE wp_sirv_images ADD `status`    text DEFAULT NULL   | (no parameters)</li>\n<li>Executing: ROLLBACK | (no parameters)</li>\n</ol>\n</div>\n<div style=\"clear:both;margin-bottom:2px;border:red dotted thin;\" class=\"error_message\" style=\"border-bottom:dotted blue thin;\">\nError occurred at line 4117 in Function <code>handle_error</code>. Error message was: SQLSTATE[HY000]: General error: 1 duplicate column name: status.\n</div>\n<p>Backtrace:</p>\n<pre>#0 /internal/shared/sqlite-database-integration/wp-includes/sqlite/class-wp-sqlite-db.php(287): WP_SQLite_Translator->get_error_message()\n#1 /wordpress/wp-content/plugins/sirv/sirv.php(1060): WP_SQLite_DB->query('ALTER TABLE wp_...')\n#2 /wordpress/wp-content/plugins/sirv/sirv.php(772): sirv_fix_db()\n#3 /wordpress/wp-content/plugins/sirv/sirv.php(718): sirv_upgrade_plugin()\n#4 /wordpress/wp-includes/class-wp-hook.php(324): sirv_activation_callback(false)\n#5 /wordpress/wp-includes/class-wp-hook.php(348): WP_Hook->apply_filters('', Array)\n#6 /wordpress/wp-includes/plugin.php(517): WP_Hook->do_action(Array)\n#7 /wordpress/wp-admin/includes/plugin.php(703): do_action('activate_sirv/s...', false)\n#8 /internal/eval.php(20): activate_plugin('sirv/sirv.php')\n#9 {main}</pre>\n for query ALTER TABLE wp_sirv_images ADD `status` enum('NEW', 'PROCESSING', 'SYNCED', 'FAILED') DEFAULT NULL AFTER `size` made by activate_plugin, do_action('activate_sirv/sirv.php'), WP_Hook->do_action, WP_Hook->apply_filters, sirv_activation_callback, sirv_upgrade_plugin, sirv_fix_db, WP_SQLite_DB->query, WP_SQLite_DB->print_error",
    "log": "/logs/plugins/s/speak-sound-library/error.json"
  },
  {
    "message": "SQLSTATE[HY000]: General error: 1 duplicate column name: error_type.",
    "level": "FATAL",
    "type": "SQL",
    "test": "ast-sqlite-boot",
    "plugin": "speak-sound-library",
    "details": "[25-Apr-2025 15:36:16 UTC] WordPress database error <div style=\"clear:both\">&nbsp;</div>\n<div class=\"queries\" style=\"clear:both;margin-bottom:2px;border:red dotted thin;\">\n<p>MySQL query:</p>\n<p>ALTER TABLE wp_sirv_images ADD `error_type` TINYINT UNSIGNED NULL DEFAULT NULL AFTER `status`</p>\n<p>Queries made or created this session were:</p>\n<ol>\n<li>Executing: BEGIN | (no parameters)</li>\n<li>Executing: INSERT INTO _mysql_data_types_cache (`table`, `column_or_index`, `mysql_type`)\n\t\t\t\tVALUES (:table, :column, :datatype)\n\t\t\t\tON CONFLICT(`table`, `column_or_index`) DO UPDATE SET `mysql_type` = :datatype\n\t\t\t | parameters: wp_sirv_images, `ERROR_TYPE`, tinyint UNSIGNED</li>\n<li>Executing: ALTER TABLE wp_sirv_images ADD `error_type`  integer NULL DEFAULT NULL   | (no parameters)</li>\n<li>Executing: ROLLBACK | (no parameters)</li>\n</ol>\n</div>\n<div style=\"clear:both;margin-bottom:2px;border:red dotted thin;\" class=\"error_message\" style=\"border-bottom:dotted blue thin;\">\nError occurred at line 4117 in Function <code>handle_error</code>. Error message was: SQLSTATE[HY000]: General error: 1 duplicate column name: error_type.\n</div>\n<p>Backtrace:</p>\n<pre>#0 /internal/shared/sqlite-database-integration/wp-includes/sqlite/class-wp-sqlite-db.php(287): WP_SQLite_Translator->get_error_message()\n#1 /wordpress/wp-content/plugins/sirv/sirv.php(1061): WP_SQLite_DB->query('ALTER TABLE wp_...')\n#2 /wordpress/wp-content/plugins/sirv/sirv.php(772): sirv_fix_db()\n#3 /wordpress/wp-content/plugins/sirv/sirv.php(718): sirv_upgrade_plugin()\n#4 /wordpress/wp-includes/class-wp-hook.php(324): sirv_activation_callback(false)\n#5 /wordpress/wp-includes/class-wp-hook.php(348): WP_Hook->apply_filters('', Array)\n#6 /wordpress/wp-includes/plugin.php(517): WP_Hook->do_action(Array)\n#7 /wordpress/wp-admin/includes/plugin.php(703): do_action('activate_sirv/s...', false)\n#8 /internal/eval.php(20): activate_plugin('sirv/sirv.php')\n#9 {main}</pre>\n for query ALTER TABLE wp_sirv_images ADD `error_type` TINYINT UNSIGNED NULL DEFAULT NULL AFTER `status` made by activate_plugin, do_action('activate_sirv/sirv.php'), WP_Hook->do_action, WP_Hook->apply_filters, sirv_activation_callback, sirv_upgrade_plugin, sirv_fix_db, WP_SQLite_DB->query, WP_SQLite_DB->print_error",
    "log": "/logs/plugins/s/speak-sound-library/error.json"
  },
  {
    "message": "SQLSTATE[HY000]: General error: 1 near \"SET\": syntax error.",
    "level": "FATAL",
    "type": "SQL",
    "test": "ast-sqlite-boot",
    "plugin": "speak-sound-library",
    "details": "[25-Apr-2025 15:36:16 UTC] WordPress database error <div style=\"clear:both\">&nbsp;</div>\n<div class=\"queries\" style=\"clear:both;margin-bottom:2px;border:red dotted thin;\">\n<p>MySQL query:</p>\n<p>ALTER TABLE wp_sirv_images ADD `sirv_path` VARCHAR(1000) CHARACTER SET utf8 COLLATE utf8_general_ci NULL DEFAULT NULL AFTER `img_path`</p>\n<p>Queries made or created this session were:</p>\n<ol>\n<li>Executing: BEGIN | (no parameters)</li>\n<li>Executing: INSERT INTO _mysql_data_types_cache (`table`, `column_or_index`, `mysql_type`)\n\t\t\t\tVALUES (:table, :column, :datatype)\n\t\t\t\tON CONFLICT(`table`, `column_or_index`) DO UPDATE SET `mysql_type` = :datatype\n\t\t\t | parameters: wp_sirv_images, `SIRV_PATH`, varchar(1000)</li>\n<li>Executing: ALTER TABLE wp_sirv_images ADD `sirv_path` text CHARACTER SET utf8 COLLATE utf8_general_ci NULL DEFAULT NULL   | (no parameters)</li>\n<li>Executing: ROLLBACK | (no parameters)</li>\n</ol>\n</div>\n<div style=\"clear:both;margin-bottom:2px;border:red dotted thin;\" class=\"error_message\" style=\"border-bottom:dotted blue thin;\">\nError occurred at line 4117 in Function <code>handle_error</code>. Error message was: SQLSTATE[HY000]: General error: 1 near \"SET\": syntax error.\n</div>\n<p>Backtrace:</p>\n<pre>#0 /internal/shared/sqlite-database-integration/wp-includes/sqlite/class-wp-sqlite-db.php(287): WP_SQLite_Translator->get_error_message()\n#1 /wordpress/wp-content/plugins/sirv/sirv.php(1062): WP_SQLite_DB->query('ALTER TABLE wp_...')\n#2 /wordpress/wp-content/plugins/sirv/sirv.php(772): sirv_fix_db()\n#3 /wordpress/wp-content/plugins/sirv/sirv.php(718): sirv_upgrade_plugin()\n#4 /wordpress/wp-includes/class-wp-hook.php(324): sirv_activation_callback(false)\n#5 /wordpress/wp-includes/class-wp-hook.php(348): WP_Hook->apply_filters('', Array)\n#6 /wordpress/wp-includes/plugin.php(517): WP_Hook->do_action(Array)\n#7 /wordpress/wp-admin/includes/plugin.php(703): do_action('activate_sirv/s...', false)\n#8 /internal/eval.php(20): activate_plugin('sirv/sirv.php')\n#9 {main}</pre>\n for query ALTER TABLE wp_sirv_images ADD `sirv_path` VARCHAR(1000) CHARACTER SET utf8 COLLATE utf8_general_ci NULL DEFAULT NULL AFTER `img_\n",
    "log": "/logs/plugins/s/speak-sound-library/error.json"
  },
  {
    "message": "file:///home/runner/work/playground-tester/playground-tester/node_modules/@wp-playground/cli/index.js:237\n        throw new Error(y, { cause: u });\n              ^\n",
    "level": "FATAL",
    "type": "PLAYGROUND",
    "test": "asyncify-boot",
    "plugin": "speak-sound-library",
    "details": "file:///home/runner/work/playground-tester/playground-tester/node_modules/@wp-playground/cli/index.js:237\n        throw new Error(y, { cause: u });\n              ^\n",
    "log": "/tmp/tmp.gxLmdZhNP9"
  },
  {
    "message": "Uncaught Error: Call to undefined function mysql_query() in /wordpress/wp-content/plugins/scenechat-video-sharing-and-commenting-tool/scenechat.php:57",
    "level": "FATAL",
    "type": "PHP",
    "test": "asyncify-boot",
    "plugin": "speak-sound-library",
    "details": "[25-Apr-2025 15:28:44 UTC] PHP Fatal error:  Uncaught Error: Call to undefined function mysql_query() in /wordpress/wp-content/plugins/scenechat-video-sharing-and-commenting-tool/scenechat.php:57\nStack trace:\n#0 /wordpress/wp-admin/includes/plugin.php(2387): include_once()\n#1 /wordpress/wp-admin/includes/plugin.php(673): plugin_sandbox_scrape('scenechat-video...')\n#2 /internal/eval.php(20): activate_plugin('scenechat-video...')\n#3 {main}\n  thrown in /wordpress/wp-content/plugins/scenechat-video-sharing-and-commenting-tool/scenechat.php on line 57",
    "log": "/logs/plugins/s/speak-sound-library/error.json"
  },
  {
    "message": "Uncaught Error: Call to undefined function mysql_query() in /wordpress/wp-content/plugins/scenechat-video-sharing-and-commenting-tool/scenechat.php:57",
    "level": "FATAL",
    "type": "PHP",
    "test": "asyncify-boot",
    "plugin": "speak-sound-library",
    "details": "[25-Apr-2025 15:28:52 UTC] PHP Fatal error:  Uncaught Error: Call to undefined function mysql_query() in /wordpress/wp-content/plugins/scenechat-video-sharing-and-commenting-tool/scenechat.php:57\nStack trace:\n#0 /wordpress/wp-admin/includes/plugin.php(2387): include_once()\n#1 /wordpress/wp-admin/includes/plugin.php(673): plugin_sandbox_scrape('scenechat-video...')\n#2 /internal/eval.php(20): activate_plugin('scenechat-video...')\n#3 {main}\n  thrown in /wordpress/wp-content/plugins/scenechat-video-sharing-and-commenting-tool/scenechat.php on line 57",
    "log": "/logs/plugins/s/speak-sound-library/error.json"
  },
  {
    "message": "Uncaught Error: Call to undefined function mysql_query() in /wordpress/wp-content/plugins/scenechat-video-sharing-and-commenting-tool/scenechat.php:57",
    "level": "FATAL",
    "type": "PHP",
    "test": "asyncify-boot",
    "plugin": "speak-sound-library",
    "details": "[25-Apr-2025 15:29:00 UTC] PHP Fatal error:  Uncaught Error: Call to undefined function mysql_query() in /wordpress/wp-content/plugins/scenechat-video-sharing-and-commenting-tool/scenechat.php:57\nStack trace:\n#0 /wordpress/wp-admin/includes/plugin.php(2387): include_once()\n#1 /wordpress/wp-admin/includes/plugin.php(673): plugin_sandbox_scrape('scenechat-video...')\n#2 /internal/eval.php(20): activate_plugin('scenechat-video...')\n#3 {main}\n  thrown in /wordpress/wp-content/plugins/scenechat-video-sharing-and-commenting-tool/scenechat.php on line 57",
    "log": "/logs/plugins/s/speak-sound-library/error.json"
  },
  {
    "message": "SQLSTATE[HY000]: General error: 1 no such table: wp_linkboss_sync_batch.",
    "level": "FATAL",
    "type": "SQL",
    "test": "asyncify-boot",
    "plugin": "speak-sound-library",
    "details": "[25-Apr-2025 15:29:39 UTC] WordPress database error <div style=\"clear:both\">&nbsp;</div>\n<div class=\"queries\" style=\"clear:both;margin-bottom:2px;border:red dotted thin;\">\n<p>MySQL query:</p>\n<p>ALTER TABLE wp_linkboss_sync_batch CHANGE COLUMN status sent_status VARCHAR(20) NULL DEFAULT NULL COMMENT 'bool(1=Sent, NULL=Not Sent)'</p>\n<p>Queries made or created this session were:</p>\n<ol>\n<li>Executing: BEGIN | (no parameters)</li>\n<li>Executing: INSERT INTO _mysql_data_types_cache (`table`, `column_or_index`, `mysql_type`)\n\t\t\t\tVALUES (:table, :column, :datatype)\n\t\t\t\tON CONFLICT(`table`, `column_or_index`) DO UPDATE SET `mysql_type` = :datatype\n\t\t\t | parameters: wp_linkboss_sync_batch, sent_status, varchar(20)</li>\n<li>Executing: DROP TRIGGER IF EXISTS &quot;__wp_linkboss_sync_batch_status_on_update__&quot; | (no parameters)</li>\n<li>Executing: SELECT sql FROM sqlite_master WHERE type=&quot;table&quot; AND name=:table | (no parameters)</li>\n<li>Executing: SELECT * FROM pragma_index_list(&quot;wp_linkboss_sync_batch&quot;) as l; | (no parameters)</li>\n<li>Executing: CREATE TABLE `_tmp__wp_linkboss_sync_batch_97406498` as SELECT * FROM `wp_linkboss_sync_batch` | (no parameters)</li>\n<li>Executing: ROLLBACK | (no parameters)</li>\n</ol>\n</div>\n<div style=\"clear:both;margin-bottom:2px;border:red dotted thin;\" class=\"error_message\" style=\"border-bottom:dotted blue thin;\">\nError occurred at line 4117 in Function <code>handle_error</code>. Error message was: SQLSTATE[HY000]: General error: 1 no such table: wp_linkboss_sync_batch.\n</div>\n<p>Backtrace:</p>\n<pre>#0 /internal/shared/sqlite-database-integration/wp-includes/sqlite/class-wp-sqlite-db.php(287): WP_SQLite_Translator->get_error_message()\n#1 /wordpress/wp-content/plugins/semantic-linkboss/includes/class-installer.php(111): WP_SQLite_DB->query('ALTER TABLE wp_...')\n#2 /wordpress/wp-content/plugins/semantic-linkboss/includes/class-installer.php(31): SEMANTIC_LB\\Installer->create_tables()\n#3 /wordpress/wp-content/plugins/semantic-linkboss/semantic-linkboss.php(136): SEMANTIC_LB\\Installer->run()\n#4 /wordpress/wp-content/plugins/semantic-linkboss/semantic-linkboss.php(158): semantic_lb_activate()\n#5 /wordpress/wp-includes/class-wp-hook.php(324): semantic_lb_on_activate(false)\n#6 /wordpress/wp-includes/class-wp-hook.php(348): WP_Hook->apply_filters('', Array)\n#7 /wordpress/wp-includes/plugin.php(517): WP_Hook->do_action(Array)\n#8 /wordpress/wp-admin/includes/plugin.php(703): do_action('activate_semant...', false)\n#9 /internal/eval.php(20): activate_plugin('semantic-linkbo...')\n#10 {main}</pre>\n for query ALTER TABLE wp_linkboss_sync_batch CHANGE COLUMN status sent_status VARCHAR(20) NULL DEFAULT NULL COMMENT 'bool(1=Sent, NULL=Not Sent)' made by activate_plugin, do_action('activate_semantic-linkboss/semantic-linkboss.php'), WP_Hook->do_action, WP_Hook->apply_filters, semantic_lb_on_activate, semantic_lb_activate, SEMANTIC_LB\\Installer->run, SEMANTIC_LB\\Installer->create_tables, WP_SQLite_DB->query, WP_SQLite_DB->print_error",
    "log": "/logs/plugins/s/speak-sound-library/error.json"
  },
  {
    "message": "SQLSTATE[HY000]: General error: 1 no such table: wp_linkboss_sync_batch.",
    "level": "FATAL",
    "type": "SQL",
    "test": "asyncify-boot",
    "plugin": "speak-sound-library",
    "details": "[25-Apr-2025 15:29:49 UTC] WordPress database error <div style=\"clear:both\">&nbsp;</div>\n<div class=\"queries\" style=\"clear:both;margin-bottom:2px;border:red dotted thin;\">\n<p>MySQL query:</p>\n<p>ALTER TABLE wp_linkboss_sync_batch CHANGE COLUMN status sent_status VARCHAR(20) NULL DEFAULT NULL COMMENT 'bool(1=Sent, NULL=Not Sent)'</p>\n<p>Queries made or created this session were:</p>\n<ol>\n<li>Executing: BEGIN | (no parameters)</li>\n<li>Executing: INSERT INTO _mysql_data_types_cache (`table`, `column_or_index`, `mysql_type`)\n\t\t\t\tVALUES (:table, :column, :datatype)\n\t\t\t\tON CONFLICT(`table`, `column_or_index`) DO UPDATE SET `mysql_type` = :datatype\n\t\t\t | parameters: wp_linkboss_sync_batch, sent_status, varchar(20)</li>\n<li>Executing: DROP TRIGGER IF EXISTS &quot;__wp_linkboss_sync_batch_status_on_update__&quot; | (no parameters)</li>\n<li>Executing: SELECT sql FROM sqlite_master WHERE type=&quot;table&quot; AND name=:table | (no parameters)</li>\n<li>Executing: SELECT * FROM pragma_index_list(&quot;wp_linkboss_sync_batch&quot;) as l; | (no parameters)</li>\n<li>Executing: CREATE TABLE `_tmp__wp_linkboss_sync_batch_36454868` as SELECT * FROM `wp_linkboss_sync_batch` | (no parameters)</li>\n<li>Executing: ROLLBACK | (no parameters)</li>\n</ol>\n</div>\n<div style=\"clear:both;margin-bottom:2px;border:red dotted thin;\" class=\"error_message\" style=\"border-bottom:dotted blue thin;\">\nError occurred at line 4117 in Function <code>handle_error</code>. Error message was: SQLSTATE[HY000]: General error: 1 no such table: wp_linkboss_sync_batch.\n</div>\n<p>Backtrace:</p>\n<pre>#0 /internal/shared/sqlite-database-integration/wp-includes/sqlite/class-wp-sqlite-db.php(287): WP_SQLite_Translator->get_error_message()\n#1 /wordpress/wp-content/plugins/semantic-linkboss/includes/class-installer.php(111): WP_SQLite_DB->query('ALTER TABLE wp_...')\n#2 /wordpress/wp-content/plugins/semantic-linkboss/includes/class-installer.php(31): SEMANTIC_LB\\Installer->create_tables()\n#3 /wordpress/wp-content/plugins/semantic-linkboss/semantic-linkboss.php(136): SEMANTIC_LB\\Installer->run()\n#4 /wordpress/wp-content/plugins/semantic-linkboss/semantic-linkboss.php(158): semantic_lb_activate()\n#5 /wordpress/wp-includes/class-wp-hook.php(324): semantic_lb_on_activate(false)\n#6 /wordpress/wp-includes/class-wp-hook.php(348): WP_Hook->apply_filters('', Array)\n#7 /wordpress/wp-includes/plugin.php(517): WP_Hook->do_action(Array)\n#8 /wordpress/wp-admin/includes/plugin.php(703): do_action('activate_semant...', false)\n#9 /internal/eval.php(20): activate_plugin('semantic-linkbo...')\n#10 {main}</pre>\n for query ALTER TABLE wp_linkboss_sync_batch CHANGE COLUMN status sent_status VARCHAR(20) NULL DEFAULT NULL COMMENT 'bool(1=Sent, NULL=Not Sent)' made by activate_plugin, do_action('activate_semantic-linkboss/semantic-linkboss.php'), WP_Hook->do_action, WP_Hook->apply_filters, semantic_lb_on_activate, semantic_lb_activate, SEMANTIC_LB\\Installer->run, SEMANTIC_LB\\Installer->create_tables, WP_SQLite_DB->query, WP_SQLite_DB->print_error",
    "log": "/logs/plugins/s/speak-sound-library/error.json"
  },
  {
    "message": "Function register_sidebar_widget is <strong>deprecated</strong> since version 2.8.0! Use wp_register_sidebar_widget() instead. in /wordpress/wp-includes/functions.php on line 6121",
    "level": "DEPRECATED",
    "type": "PHP",
    "test": "asyncify-boot",
    "plugin": "speak-sound-library",
    "details": "[25-Apr-2025 15:31:45 UTC] PHP Deprecated:  Function register_sidebar_widget is <strong>deprecated</strong> since version 2.8.0! Use wp_register_sidebar_widget() instead. in /wordpress/wp-includes/functions.php on line 6121",
    "log": "/logs/plugins/s/speak-sound-library/error.json"
  },
  {
    "message": "Function register_sidebar_widget is <strong>deprecated</strong> since version 2.8.0! Use wp_register_sidebar_widget() instead. in /wordpress/wp-includes/functions.php on line 6121",
    "level": "DEPRECATED",
    "type": "PHP",
    "test": "asyncify-boot",
    "plugin": "speak-sound-library",
    "details": "[25-Apr-2025 15:31:46 UTC] PHP Deprecated:  Function register_sidebar_widget is <strong>deprecated</strong> since version 2.8.0! Use wp_register_sidebar_widget() instead. in /wordpress/wp-includes/functions.php on line 6121",
    "log": "/logs/plugins/s/speak-sound-library/error.json"
  },
  {
    "message": "Function register_sidebar_widget is <strong>deprecated</strong> since version 2.8.0! Use wp_register_sidebar_widget() instead. in /wordpress/wp-includes/functions.php on line 6121",
    "level": "DEPRECATED",
    "type": "PHP",
    "test": "asyncify-boot",
    "plugin": "speak-sound-library",
    "details": "[25-Apr-2025 15:31:53 UTC] PHP Deprecated:  Function register_sidebar_widget is <strong>deprecated</strong> since version 2.8.0! Use wp_register_sidebar_widget() instead. in /wordpress/wp-includes/functions.php on line 6121",
    "log": "/logs/plugins/s/speak-sound-library/error.json"
  },
  {
    "message": "Function register_sidebar_widget is <strong>deprecated</strong> since version 2.8.0! Use wp_register_sidebar_widget() instead. in /wordpress/wp-includes/functions.php on line 6121",
    "level": "DEPRECATED",
    "type": "PHP",
    "test": "asyncify-boot",
    "plugin": "speak-sound-library",
    "details": "[25-Apr-2025 15:31:54 UTC] PHP Deprecated:  Function register_sidebar_widget is <strong>deprecated</strong> since version 2.8.0! Use wp_register_sidebar_widget() instead. in /wordpress/wp-includes/functions.php on line 6121",
    "log": "/logs/plugins/s/speak-sound-library/error.json"
  },
  {
    "message": "Function register_sidebar_widget is <strong>deprecated</strong> since version 2.8.0! Use wp_register_sidebar_widget() instead. in /wordpress/wp-includes/functions.php on line 6121",
    "level": "DEPRECATED",
    "type": "PHP",
    "test": "asyncify-boot",
    "plugin": "speak-sound-library",
    "details": "[25-Apr-2025 15:32:02 UTC] PHP Deprecated:  Function register_sidebar_widget is <strong>deprecated</strong> since version 2.8.0! Use wp_register_sidebar_widget() instead. in /wordpress/wp-includes/functions.php on line 6121",
    "log": "/logs/plugins/s/speak-sound-library/error.json"
  },
  {
    "message": "Function register_sidebar_widget is <strong>deprecated</strong> since version 2.8.0! Use wp_register_sidebar_widget() instead. in /wordpress/wp-includes/functions.php on line 6121",
    "level": "DEPRECATED",
    "type": "PHP",
    "test": "asyncify-boot",
    "plugin": "speak-sound-library",
    "details": "[25-Apr-2025 15:32:03 UTC] PHP Deprecated:  Function register_sidebar_widget is <strong>deprecated</strong> since version 2.8.0! Use wp_register_sidebar_widget() instead. in /wordpress/wp-includes/functions.php on line 6121",
    "log": "/logs/plugins/s/speak-sound-library/error.json"
  },
  {
    "message": "Please Enable Woocommerce Plugin before using TODO Plugin Name. in /wordpress/wp-content/plugins/sku-generator/sku-generator.php on line 29",
    "level": "FATAL",
    "type": "PHP",
    "test": "asyncify-boot",
    "plugin": "speak-sound-library",
    "details": "[25-Apr-2025 15:33:34 UTC] PHP Fatal error:  Please Enable Woocommerce Plugin before using TODO Plugin Name. in /wordpress/wp-content/plugins/sku-generator/sku-generator.php on line 29",
    "log": "/logs/plugins/s/speak-sound-library/error.json"
  },
  {
    "message": "Please Enable Woocommerce Plugin before using TODO Plugin Name. in /wordpress/wp-content/plugins/sku-generator/sku-generator.php on line 29",
    "level": "FATAL",
    "type": "PHP",
    "test": "asyncify-boot",
    "plugin": "speak-sound-library",
    "details": "[25-Apr-2025 15:33:43 UTC] PHP Fatal error:  Please Enable Woocommerce Plugin before using TODO Plugin Name. in /wordpress/wp-content/plugins/sku-generator/sku-generator.php on line 29",
    "log": "/logs/plugins/s/speak-sound-library/error.json"
  },
  {
    "message": "Please Enable Woocommerce Plugin before using TODO Plugin Name. in /wordpress/wp-content/plugins/sku-generator/sku-generator.php on line 29",
    "level": "FATAL",
    "type": "PHP",
    "test": "asyncify-boot",
    "plugin": "speak-sound-library",
    "details": "[25-Apr-2025 15:33:51 UTC] PHP Fatal error:  Please Enable Woocommerce Plugin before using TODO Plugin Name. in /wordpress/wp-content/plugins/sku-generator/sku-generator.php on line 29",
    "log": "/logs/plugins/s/speak-sound-library/error.json"
  },
  {
    "message": "MySQL field type cannot be translated to SQLite: serial.",
    "level": "FATAL",
    "type": "SQL",
    "test": "asyncify-boot",
    "plugin": "speak-sound-library",
    "details": "[25-Apr-2025 15:35:32 UTC] WordPress database error <div style=\"clear:both\">&nbsp;</div>\n<div class=\"queries\" style=\"clear:both;margin-bottom:2px;border:red dotted thin;\">\n<p>MySQL query:</p>\n<p>CREATE TABLE wp_sp_email_logs (\n        id SERIAL,\n        created_at TIMESTAMP NOT NULL DEFAULT CURRENT_TIMESTAMP,\n        wp_mail_args text NOT NULL,\n        subject varchar(255) NOT NULL,\n        content text NOT NULL,\n        response text NOT NULL,\n        PRIMARY KEY  (id)\n      ) DEFAULT CHARACTER SET utf8mb4</p>\n<p>Queries made or created this session were:</p>\n<ol>\n<li>Executing: BEGIN | (no parameters)</li>\n<li>Executing: ROLLBACK | (no parameters)</li>\n</ol>\n</div>\n<div style=\"clear:both;margin-bottom:2px;border:red dotted thin;\" class=\"error_message\" style=\"border-bottom:dotted blue thin;\">\nError occurred at line 4117 in Function <code>handle_error</code>. Error message was: MySQL field type cannot be translated to SQLite: serial.\n</div>\n<p>Backtrace:</p>\n<pre>#0 /internal/shared/sqlite-database-integration/wp-includes/sqlite/class-wp-sqlite-db.php(287): WP_SQLite_Translator->get_error_message()\n#1 /wordpress/wp-admin/includes/upgrade.php(3280): WP_SQLite_DB->query('CREATE TABLE wp...')\n#2 /wordpress/wp-content/plugins/sparkpost/sparkpost.class.php(88): dbDelta(Array)\n#3 /wordpress/wp-content/plugins/sparkpost/sparkpost.class.php(96): WPSparkPost\\SparkPost->install_email_log_table()\n#4 /wordpress/wp-content/plugins/sparkpost/sparkpost.class.php(66): WPSparkPost\\SparkPost->install_db()\n#5 /wordpress/wp-includes/class-wp-hook.php(324): WPSparkPost\\SparkPost->sp_activate(false)\n#6 /wordpress/wp-includes/class-wp-hook.php(348): WP_Hook->apply_filters('', Array)\n#7 /wordpress/wp-includes/plugin.php(517): WP_Hook->do_action(Array)\n#8 /wordpress/wp-admin/includes/plugin.php(703): do_action('activate_sparkp...', false)\n#9 /internal/eval.php(20): activate_plugin('sparkpost/wordp...')\n#10 {main}</pre>\n for query CREATE TABLE wp_sp_email_logs (\n        id SERIAL,\n        created_at TIMESTAMP NOT NULL DEFAULT CURRENT_TIMESTAMP,\n        wp_mail_args text NOT NULL,\n        subject varchar(255) NOT NULL,\n        content text NOT NULL,\n        response text NOT NULL,\n        PRIMARY KEY  (id)\n      ) DEFAULT CHARACTER SET utf8mb4 made by activate_plugin, do_action('activate_sparkpost/wordpress-sparkpost.php'), WP_Hook->do_action, WP_Hook->apply_filters, WPSparkPost\\SparkPost->sp_activate, WPSparkPost\\SparkPost->install_db, WPSparkPost\\SparkPost->install_email_log_table, dbDelta, WP_SQLite_DB->query, WP_SQLite_DB->print_error",
    "log": "/logs/plugins/s/speak-sound-library/error.json"
  },
  {
    "message": "MySQL field type cannot be translated to SQLite: serial.",
    "level": "FATAL",
    "type": "SQL",
    "test": "asyncify-boot",
    "plugin": "speak-sound-library",
    "details": "[25-Apr-2025 15:35:42 UTC] WordPress database error <div style=\"clear:both\">&nbsp;</div>\n<div class=\"queries\" style=\"clear:both;margin-bottom:2px;border:red dotted thin;\">\n<p>MySQL query:</p>\n<p>CREATE TABLE wp_sp_email_logs (\n        id SERIAL,\n        created_at TIMESTAMP NOT NULL DEFAULT CURRENT_TIMESTAMP,\n        wp_mail_args text NOT NULL,\n        subject varchar(255) NOT NULL,\n        content text NOT NULL,\n        response text NOT NULL,\n        PRIMARY KEY  (id)\n      ) DEFAULT CHARACTER SET utf8mb4</p>\n<p>Queries made or created this session were:</p>\n<ol>\n<li>Executing: BEGIN | (no parameters)</li>\n<li>Executing: ROLLBACK | (no parameters)</li>\n</ol>\n</div>\n<div style=\"clear:both;margin-bottom:2px;border:red dotted thin;\" class=\"error_message\" style=\"border-bottom:dotted blue thin;\">\nError occurred at line 4117 in Function <code>handle_error</code>. Error message was: MySQL field type cannot be translated to SQLite: serial.\n</div>\n<p>Backtrace:</p>\n<pre>#0 /internal/shared/sqlite-database-integration/wp-includes/sqlite/class-wp-sqlite-db.php(287): WP_SQLite_Translator->get_error_message()\n#1 /wordpress/wp-admin/includes/upgrade.php(3280): WP_SQLite_DB->query('CREATE TABLE wp...')\n#2 /wordpress/wp-content/plugins/sparkpost/sparkpost.class.php(88): dbDelta(Array)\n#3 /wordpress/wp-content/plugins/sparkpost/sparkpost.class.php(96): WPSparkPost\\SparkPost->install_email_log_table()\n#4 /wordpress/wp-content/plugins/sparkpost/sparkpost.class.php(66): WPSparkPost\\SparkPost->install_db()\n#5 /wordpress/wp-includes/class-wp-hook.php(324): WPSparkPost\\SparkPost->sp_activate(false)\n#6 /wordpress/wp-includes/class-wp-hook.php(348): WP_Hook->apply_filters('', Array)\n#7 /wordpress/wp-includes/plugin.php(517): WP_Hook->do_action(Array)\n#8 /wordpress/wp-admin/includes/plugin.php(703): do_action('activate_sparkp...', false)\n#9 /internal/eval.php(20): activate_plugin('sparkpost/wordp...')\n#10 {main}</pre>\n for query CREATE TABLE wp_sp_email_logs (\n        id SERIAL,\n        created_at TIMESTAMP NOT NULL DEFAULT CURRENT_TIMESTAMP,\n        wp_mail_args text NOT NULL,\n        subject varchar(255) NOT NULL,\n        content text NOT NULL,\n        response text NOT NULL,\n        PRIMARY KEY  (id)\n      ) DEFAULT CHARACTER SET utf8mb4 made by activate_plugin, do_action('activate_sparkpost/wordpress-sparkpost.php'), WP_Hook->do_action, WP_Hook->apply_filters, WPSparkPost\\SparkPost->sp_activate, WPSparkPost\\SparkPost->install_db, WPSparkPost\\SparkPost->install_email_log_table, dbDelta, WP_SQLite_DB->query, WP_SQLite_DB->print_error",
    "log": "/logs/plugins/s/speak-sound-library/error.json"
  },
  {
    "message": "SQLSTATE[HY000]: General error: 1 no such table: wp_sirv_images.",
    "level": "FATAL",
    "type": "SQL",
    "test": "asyncify-boot",
    "plugin": "speak-sound-library",
    "details": "[25-Apr-2025 15:36:03 UTC] WordPress database error <div style=\"clear:both\">&nbsp;</div>\n<div class=\"queries\" style=\"clear:both;margin-bottom:2px;border:red dotted thin;\">\n<p>MySQL query:</p>\n<p>SELECT count(*) FROM wp_sirv_images WHERE status = 'SYNCED'</p>\n<p>Queries made or created this session were:</p>\n<ol>\n<li>Executing: BEGIN | (no parameters)</li>\n<li>Executing: SELECT count(*) FROM wp_sirv_images WHERE status = :param0  | parameters: SYNCED</li>\n<li>Executing: ROLLBACK | (no parameters)</li>\n</ol>\n</div>\n<div style=\"clear:both;margin-bottom:2px;border:red dotted thin;\" class=\"error_message\" style=\"border-bottom:dotted blue thin;\">\nError occurred at line 4117 in Function <code>handle_error</code>. Error message was: SQLSTATE[HY000]: General error: 1 no such table: wp_sirv_images.\n</div>\n<p>Backtrace:</p>\n<pre>#0 /internal/shared/sqlite-database-integration/wp-includes/sqlite/class-wp-sqlite-db.php(287): WP_SQLite_Translator->get_error_message()\n#1 /wordpress/wp-includes/class-wpdb.php(3031): WP_SQLite_DB->query('SELECT count(*)...')\n#2 /wordpress/wp-content/plugins/sirv/sirv.php(3994): wpdb->get_var('SELECT count(*)...')\n#3 /wordpress/wp-content/plugins/sirv/sirv.php(1020): sirv_get_synced_count()\n#4 /wordpress/wp-content/plugins/sirv/sirv.php(695): sirv_fill_empty_options()\n#5 /wordpress/wp-includes/class-wp-hook.php(324): sirv_activation_callback(false)\n#6 /wordpress/wp-includes/class-wp-hook.php(348): WP_Hook->apply_filters('', Array)\n#7 /wordpress/wp-includes/plugin.php(517): WP_Hook->do_action(Array)\n#8 /wordpress/wp-admin/includes/plugin.php(703): do_action('activate_sirv/s...', false)\n#9 /internal/eval.php(20): activate_plugin('sirv/sirv.php')\n#10 {main}</pre>\n for query SELECT count(*) FROM wp_sirv_images WHERE status = 'SYNCED' made by activate_plugin, do_action('activate_sirv/sirv.php'), WP_Hook->do_action, WP_Hook->apply_filters, sirv_activation_callback, sirv_fill_empty_options, sirv_get_synced_count, WP_SQLite_DB->query, WP_SQLite_DB->print_error",
    "log": "/logs/plugins/s/speak-sound-library/error.json"
  },
  {
    "message": "Unknown show type: INDEXES FROM.",
    "level": "FATAL",
    "type": "SQL",
    "test": "asyncify-boot",
    "plugin": "speak-sound-library",
    "details": "[25-Apr-2025 15:36:04 UTC] WordPress database error <div style=\"clear:both\">&nbsp;</div>\n<div class=\"queries\" style=\"clear:both;margin-bottom:2px;border:red dotted thin;\">\n<p>MySQL query:</p>\n<p>SHOW INDEXES FROM wp_sirv_images WHERE Column_name='attachment_id' AND NOT Non_unique</p>\n<p>Queries made or created this session were:</p>\n<ol>\n<li>Executing: BEGIN | (no parameters)</li>\n<li>Executing: ROLLBACK | (no parameters)</li>\n</ol>\n</div>\n<div style=\"clear:both;margin-bottom:2px;border:red dotted thin;\" class=\"error_message\" style=\"border-bottom:dotted blue thin;\">\nError occurred at line 4117 in Function <code>handle_error</code>. Error message was: Unknown show type: INDEXES FROM.\n</div>\n<p>Backtrace:</p>\n<pre>#0 /internal/shared/sqlite-database-integration/wp-includes/sqlite/class-wp-sqlite-db.php(287): WP_SQLite_Translator->get_error_message()\n#1 /wordpress/wp-includes/class-wpdb.php(3146): WP_SQLite_DB->query('SHOW INDEXES FR...')\n#2 /wordpress/wp-content/plugins/sirv/sirv.php(2003): wpdb->get_results('SHOW INDEXES FR...', 'ARRAY_A')\n#3 /wordpress/wp-content/plugins/sirv/sirv.php(768): sirv_is_unique_field('attachment_id')\n#4 /wordpress/wp-content/plugins/sirv/sirv.php(718): sirv_upgrade_plugin()\n#5 /wordpress/wp-includes/class-wp-hook.php(324): sirv_activation_callback(false)\n#6 /wordpress/wp-includes/class-wp-hook.php(348): WP_Hook->apply_filters('', Array)\n#7 /wordpress/wp-includes/plugin.php(517): WP_Hook->do_action(Array)\n#8 /wordpress/wp-admin/includes/plugin.php(703): do_action('activate_sirv/s...', false)\n#9 /internal/eval.php(20): activate_plugin('sirv/sirv.php')\n#10 {main}</pre>\n for query SHOW INDEXES FROM wp_sirv_images WHERE Column_name='attachment_id' AND NOT Non_unique made by activate_plugin, do_action('activate_sirv/sirv.php'), WP_Hook->do_action, WP_Hook->apply_filters, sirv_activation_callback, sirv_upgrade_plugin, sirv_is_unique_field, WP_SQLite_DB->query, WP_SQLite_DB->print_error",
    "log": "/logs/plugins/s/speak-sound-library/error.json"
  },
  {
    "message": "SQLSTATE[HY000]: General error: 1 near \")\": syntax error.",
    "level": "FATAL",
    "type": "SQL",
    "test": "asyncify-boot",
    "plugin": "speak-sound-library",
    "details": "[25-Apr-2025 15:36:04 UTC] WordPress database error <div style=\"clear:both\">&nbsp;</div>\n<div class=\"queries\" style=\"clear:both;margin-bottom:2px;border:red dotted thin;\">\n<p>MySQL query:</p>\n<p>ALTER TABLE wp_sirv_images ADD UNIQUE (attachment_id)</p>\n<p>Queries made or created this session were:</p>\n<ol>\n<li>Executing: BEGIN | (no parameters)</li>\n<li>Executing: INSERT INTO _mysql_data_types_cache (`table`, `column_or_index`, `mysql_type`)\n\t\t\t\tVALUES (:table, :column, :datatype)\n\t\t\t\tON CONFLICT(`table`, `column_or_index`) DO UPDATE SET `mysql_type` = :datatype\n\t\t\t | parameters: wp_sirv_images, wp_sirv_images__(, UNIQUE</li>\n<li>Executing: CREATE UNIQUE INDEX &quot;wp_sirv_images__(&quot; ON &quot;wp_sirv_images&quot; () | (no parameters)</li>\n<li>Executing: ROLLBACK | (no parameters)</li>\n</ol>\n</div>\n<div style=\"clear:both;margin-bottom:2px;border:red dotted thin;\" class=\"error_message\" style=\"border-bottom:dotted blue thin;\">\nError occurred at line 4117 in Function <code>handle_error</code>. Error message was: SQLSTATE[HY000]: General error: 1 near \")\": syntax error.\n</div>\n<p>Backtrace:</p>\n<pre>#0 /internal/shared/sqlite-database-integration/wp-includes/sqlite/class-wp-sqlite-db.php(287): WP_SQLite_Translator->get_error_message()\n#1 /wordpress/wp-content/plugins/sirv/sirv.php(2040): WP_SQLite_DB->query('ALTER TABLE wp_...')\n#2 /wordpress/wp-content/plugins/sirv/sirv.php(769): sirv_set_unique_field('attachment_id')\n#3 /wordpress/wp-content/plugins/sirv/sirv.php(718): sirv_upgrade_plugin()\n#4 /wordpress/wp-includes/class-wp-hook.php(324): sirv_activation_callback(false)\n#5 /wordpress/wp-includes/class-wp-hook.php(348): WP_Hook->apply_filters('', Array)\n#6 /wordpress/wp-includes/plugin.php(517): WP_Hook->do_action(Array)\n#7 /wordpress/wp-admin/includes/plugin.php(703): do_action('activate_sirv/s...', false)\n#8 /internal/eval.php(20): activate_plugin('sirv/sirv.php')\n#9 {main}</pre>\n for query ALTER TABLE wp_sirv_images ADD UNIQUE (attachment_id) made by activate_plugin, do_action('activate_sirv/sirv.php'), WP_Hook->do_action, WP_Hook->apply_filters, sirv_activation_callback, sirv_upgrade_plugin, sirv_set_unique_field, WP_SQLite_DB->query, WP_SQLite_DB->print_error",
    "log": "/logs/plugins/s/speak-sound-library/error.json"
  },
  {
    "message": "SQLSTATE[HY000]: General error: 1 near \",\": syntax error.",
    "level": "FATAL",
    "type": "SQL",
    "test": "asyncify-boot",
    "plugin": "speak-sound-library",
    "details": "[25-Apr-2025 15:36:04 UTC] WordPress database error <div style=\"clear:both\">&nbsp;</div>\n<div class=\"queries\" style=\"clear:both;margin-bottom:2px;border:red dotted thin;\">\n<p>MySQL query:</p>\n<p>ALTER TABLE wp_sirv_images\n                  DROP `sirvpath`,\n                  DROP `sirv_image_url`,\n                  DROP `sirv_folder`</p>\n<p>Queries made or created this session were:</p>\n<ol>\n<li>Executing: BEGIN | (no parameters)</li>\n<li>Executing: ALTER TABLE wp_sirv_images\n                  DROP `sirvpath`,\n                  DROP `sirv_image_url`,\n                  DROP `sirv_folder` | (no parameters)</li>\n<li>Executing: ROLLBACK | (no parameters)</li>\n</ol>\n</div>\n<div style=\"clear:both;margin-bottom:2px;border:red dotted thin;\" class=\"error_message\" style=\"border-bottom:dotted blue thin;\">\nError occurred at line 4117 in Function <code>handle_error</code>. Error message was: SQLSTATE[HY000]: General error: 1 near \",\": syntax error.\n</div>\n<p>Backtrace:</p>\n<pre>#0 /internal/shared/sqlite-database-integration/wp-includes/sqlite/class-wp-sqlite-db.php(287): WP_SQLite_Translator->get_error_message()\n#1 /wordpress/wp-content/plugins/sirv/sirv.php(1054): WP_SQLite_DB->query('ALTER TABLE wp_...')\n#2 /wordpress/wp-content/plugins/sirv/sirv.php(772): sirv_fix_db()\n#3 /wordpress/wp-content/plugins/sirv/sirv.php(718): sirv_upgrade_plugin()\n#4 /wordpress/wp-includes/class-wp-hook.php(324): sirv_activation_callback(false)\n#5 /wordpress/wp-includes/class-wp-hook.php(348): WP_Hook->apply_filters('', Array)\n#6 /wordpress/wp-includes/plugin.php(517): WP_Hook->do_action(Array)\n#7 /wordpress/wp-admin/includes/plugin.php(703): do_action('activate_sirv/s...', false)\n#8 /internal/eval.php(20): activate_plugin('sirv/sirv.php')\n#9 {main}</pre>\n for query ALTER TABLE wp_sirv_images\n                  DROP `sirvpath`,\n                  DROP `sirv_image_url`,\n                  DROP `sirv_folder` made by activate_plugin, do_action('activate_sirv/sirv.php'), WP_Hook->do_action, WP_Hook->apply_filters, sirv_activation_callback, sirv_upgrade_plugin, sirv_fix_db, WP_SQLite_DB->query, WP_SQLite_DB->print_error",
    "log": "/logs/plugins/s/speak-sound-library/error.json"
  },
  {
    "message": "SQLSTATE[HY000]: General error: 1 duplicate column name: checks.",
    "level": "FATAL",
    "type": "SQL",
    "test": "asyncify-boot",
    "plugin": "speak-sound-library",
    "details": "[25-Apr-2025 15:36:04 UTC] WordPress database error <div style=\"clear:both\">&nbsp;</div>\n<div class=\"queries\" style=\"clear:both;margin-bottom:2px;border:red dotted thin;\">\n<p>MySQL query:</p>\n<p>ALTER TABLE wp_sirv_images ADD `checks` TINYINT UNSIGNED NULL DEFAULT 0 AFTER `timestamp_synced`</p>\n<p>Queries made or created this session were:</p>\n<ol>\n<li>Executing: BEGIN | (no parameters)</li>\n<li>Executing: INSERT INTO _mysql_data_types_cache (`table`, `column_or_index`, `mysql_type`)\n\t\t\t\tVALUES (:table, :column, :datatype)\n\t\t\t\tON CONFLICT(`table`, `column_or_index`) DO UPDATE SET `mysql_type` = :datatype\n\t\t\t | parameters: wp_sirv_images, `CHECKS`, tinyint UNSIGNED</li>\n<li>Executing: ALTER TABLE wp_sirv_images ADD `checks`  integer NULL DEFAULT 0   | (no parameters)</li>\n<li>Executing: ROLLBACK | (no parameters)</li>\n</ol>\n</div>\n<div style=\"clear:both;margin-bottom:2px;border:red dotted thin;\" class=\"error_message\" style=\"border-bottom:dotted blue thin;\">\nError occurred at line 4117 in Function <code>handle_error</code>. Error message was: SQLSTATE[HY000]: General error: 1 duplicate column name: checks.\n</div>\n<p>Backtrace:</p>\n<pre>#0 /internal/shared/sqlite-database-integration/wp-includes/sqlite/class-wp-sqlite-db.php(287): WP_SQLite_Translator->get_error_message()\n#1 /wordpress/wp-content/plugins/sirv/sirv.php(1058): WP_SQLite_DB->query('ALTER TABLE wp_...')\n#2 /wordpress/wp-content/plugins/sirv/sirv.php(772): sirv_fix_db()\n#3 /wordpress/wp-content/plugins/sirv/sirv.php(718): sirv_upgrade_plugin()\n#4 /wordpress/wp-includes/class-wp-hook.php(324): sirv_activation_callback(false)\n#5 /wordpress/wp-includes/class-wp-hook.php(348): WP_Hook->apply_filters('', Array)\n#6 /wordpress/wp-includes/plugin.php(517): WP_Hook->do_action(Array)\n#7 /wordpress/wp-admin/includes/plugin.php(703): do_action('activate_sirv/s...', false)\n#8 /internal/eval.php(20): activate_plugin('sirv/sirv.php')\n#9 {main}</pre>\n for query ALTER TABLE wp_sirv_images ADD `checks` TINYINT UNSIGNED NULL DEFAULT 0 AFTER `timestamp_synced` made by activate_plugin, do_action('activate_sirv/sirv.php'), WP_Hook->do_action, WP_Hook->apply_filters, sirv_activation_callback, sirv_upgrade_plugin, sirv_fix_db, WP_SQLite_DB->query, WP_SQLite_DB->print_error",
    "log": "/logs/plugins/s/speak-sound-library/error.json"
  },
  {
    "message": "SQLSTATE[HY000]: General error: 1 duplicate column name: timestamp_checks.",
    "level": "FATAL",
    "type": "SQL",
    "test": "asyncify-boot",
    "plugin": "speak-sound-library",
    "details": "[25-Apr-2025 15:36:04 UTC] WordPress database error <div style=\"clear:both\">&nbsp;</div>\n<div class=\"queries\" style=\"clear:both;margin-bottom:2px;border:red dotted thin;\">\n<p>MySQL query:</p>\n<p>ALTER TABLE wp_sirv_images ADD `timestamp_checks` INT NULL DEFAULT NULL AFTER `checks`</p>\n<p>Queries made or created this session were:</p>\n<ol>\n<li>Executing: BEGIN | (no parameters)</li>\n<li>Executing: INSERT INTO _mysql_data_types_cache (`table`, `column_or_index`, `mysql_type`)\n\t\t\t\tVALUES (:table, :column, :datatype)\n\t\t\t\tON CONFLICT(`table`, `column_or_index`) DO UPDATE SET `mysql_type` = :datatype\n\t\t\t | parameters: wp_sirv_images, `TIMESTAMP_CHECKS`, int</li>\n<li>Executing: ALTER TABLE wp_sirv_images ADD `timestamp_checks` integer NULL DEFAULT NULL   | (no parameters)</li>\n<li>Executing: ROLLBACK | (no parameters)</li>\n</ol>\n</div>\n<div style=\"clear:both;margin-bottom:2px;border:red dotted thin;\" class=\"error_message\" style=\"border-bottom:dotted blue thin;\">\nError occurred at line 4117 in Function <code>handle_error</code>. Error message was: SQLSTATE[HY000]: General error: 1 duplicate column name: timestamp_checks.\n</div>\n<p>Backtrace:</p>\n<pre>#0 /internal/shared/sqlite-database-integration/wp-includes/sqlite/class-wp-sqlite-db.php(287): WP_SQLite_Translator->get_error_message()\n#1 /wordpress/wp-content/plugins/sirv/sirv.php(1059): WP_SQLite_DB->query('ALTER TABLE wp_...')\n#2 /wordpress/wp-content/plugins/sirv/sirv.php(772): sirv_fix_db()\n#3 /wordpress/wp-content/plugins/sirv/sirv.php(718): sirv_upgrade_plugin()\n#4 /wordpress/wp-includes/class-wp-hook.php(324): sirv_activation_callback(false)\n#5 /wordpress/wp-includes/class-wp-hook.php(348): WP_Hook->apply_filters('', Array)\n#6 /wordpress/wp-includes/plugin.php(517): WP_Hook->do_action(Array)\n#7 /wordpress/wp-admin/includes/plugin.php(703): do_action('activate_sirv/s...', false)\n#8 /internal/eval.php(20): activate_plugin('sirv/sirv.php')\n#9 {main}</pre>\n for query ALTER TABLE wp_sirv_images ADD `timestamp_checks` INT NULL DEFAULT NULL AFTER `checks` made by activate_plugin, do_action('activate_sirv/sirv.php'), WP_Hook->do_action, WP_Hook->apply_filters, sirv_activation_callback, sirv_upgrade_plugin, sirv_fix_db, WP_SQLite_DB->query, WP_SQLite_DB->print_error",
    "log": "/logs/plugins/s/speak-sound-library/error.json"
  },
  {
    "message": "SQLSTATE[HY000]: General error: 1 duplicate column name: status.",
    "level": "FATAL",
    "type": "SQL",
    "test": "asyncify-boot",
    "plugin": "speak-sound-library",
    "details": "[25-Apr-2025 15:36:04 UTC] WordPress database error <div style=\"clear:both\">&nbsp;</div>\n<div class=\"queries\" style=\"clear:both;margin-bottom:2px;border:red dotted thin;\">\n<p>MySQL query:</p>\n<p>ALTER TABLE wp_sirv_images ADD `status` enum('NEW', 'PROCESSING', 'SYNCED', 'FAILED') DEFAULT NULL AFTER `size`</p>\n<p>Queries made or created this session were:</p>\n<ol>\n<li>Executing: BEGIN | (no parameters)</li>\n<li>Executing: INSERT INTO _mysql_data_types_cache (`table`, `column_or_index`, `mysql_type`)\n\t\t\t\tVALUES (:table, :column, :datatype)\n\t\t\t\tON CONFLICT(`table`, `column_or_index`) DO UPDATE SET `mysql_type` = :datatype\n\t\t\t | parameters: wp_sirv_images, `STATUS`, enum('NEW','PROCESSING','SYNCED','FAILED')</li>\n<li>Executing: ALTER TABLE wp_sirv_images ADD `status`    text DEFAULT NULL   | (no parameters)</li>\n<li>Executing: ROLLBACK | (no parameters)</li>\n</ol>\n</div>\n<div style=\"clear:both;margin-bottom:2px;border:red dotted thin;\" class=\"error_message\" style=\"border-bottom:dotted blue thin;\">\nError occurred at line 4117 in Function <code>handle_error</code>. Error message was: SQLSTATE[HY000]: General error: 1 duplicate column name: status.\n</div>\n<p>Backtrace:</p>\n<pre>#0 /internal/shared/sqlite-database-integration/wp-includes/sqlite/class-wp-sqlite-db.php(287): WP_SQLite_Translator->get_error_message()\n#1 /wordpress/wp-content/plugins/sirv/sirv.php(1060): WP_SQLite_DB->query('ALTER TABLE wp_...')\n#2 /wordpress/wp-content/plugins/sirv/sirv.php(772): sirv_fix_db()\n#3 /wordpress/wp-content/plugins/sirv/sirv.php(718): sirv_upgrade_plugin()\n#4 /wordpress/wp-includes/class-wp-hook.php(324): sirv_activation_callback(false)\n#5 /wordpress/wp-includes/class-wp-hook.php(348): WP_Hook->apply_filters('', Array)\n#6 /wordpress/wp-includes/plugin.php(517): WP_Hook->do_action(Array)\n#7 /wordpress/wp-admin/includes/plugin.php(703): do_action('activate_sirv/s...', false)\n#8 /internal/eval.php(20): activate_plugin('sirv/sirv.php')\n#9 {main}</pre>\n for query ALTER TABLE wp_sirv_images ADD `status` enum('NEW', 'PROCESSING', 'SYNCED', 'FAILED') DEFAULT NULL AFTER `size` made by activate_plugin, do_action('activate_sirv/sirv.php'), WP_Hook->do_action, WP_Hook->apply_filters, sirv_activation_callback, sirv_upgrade_plugin, sirv_fix_db, WP_SQLite_DB->query, WP_SQLite_DB->print_error",
    "log": "/logs/plugins/s/speak-sound-library/error.json"
  },
  {
    "message": "SQLSTATE[HY000]: General error: 1 duplicate column name: error_type.",
    "level": "FATAL",
    "type": "SQL",
    "test": "asyncify-boot",
    "plugin": "speak-sound-library",
    "details": "[25-Apr-2025 15:36:04 UTC] WordPress database error <div style=\"clear:both\">&nbsp;</div>\n<div class=\"queries\" style=\"clear:both;margin-bottom:2px;border:red dotted thin;\">\n<p>MySQL query:</p>\n<p>ALTER TABLE wp_sirv_images ADD `error_type` TINYINT UNSIGNED NULL DEFAULT NULL AFTER `status`</p>\n<p>Queries made or created this session were:</p>\n<ol>\n<li>Executing: BEGIN | (no parameters)</li>\n<li>Executing: INSERT INTO _mysql_data_types_cache (`table`, `column_or_index`, `mysql_type`)\n\t\t\t\tVALUES (:table, :column, :datatype)\n\t\t\t\tON CONFLICT(`table`, `column_or_index`) DO UPDATE SET `mysql_type` = :datatype\n\t\t\t | parameters: wp_sirv_images, `ERROR_TYPE`, tinyint UNSIGNED</li>\n<li>Executing: ALTER TABLE wp_sirv_images ADD `error_type`  integer NULL DEFAULT NULL   | (no parameters)</li>\n<li>Executing: ROLLBACK | (no parameters)</li>\n</ol>\n</div>\n<div style=\"clear:both;margin-bottom:2px;border:red dotted thin;\" class=\"error_message\" style=\"border-bottom:dotted blue thin;\">\nError occurred at line 4117 in Function <code>handle_error</code>. Error message was: SQLSTATE[HY000]: General error: 1 duplicate column name: error_type.\n</div>\n<p>Backtrace:</p>\n<pre>#0 /internal/shared/sqlite-database-integration/wp-includes/sqlite/class-wp-sqlite-db.php(287): WP_SQLite_Translator->get_error_message()\n#1 /wordpress/wp-content/plugins/sirv/sirv.php(1061): WP_SQLite_DB->query('ALTER TABLE wp_...')\n#2 /wordpress/wp-content/plugins/sirv/sirv.php(772): sirv_fix_db()\n#3 /wordpress/wp-content/plugins/sirv/sirv.php(718): sirv_upgrade_plugin()\n#4 /wordpress/wp-includes/class-wp-hook.php(324): sirv_activation_callback(false)\n#5 /wordpress/wp-includes/class-wp-hook.php(348): WP_Hook->apply_filters('', Array)\n#6 /wordpress/wp-includes/plugin.php(517): WP_Hook->do_action(Array)\n#7 /wordpress/wp-admin/includes/plugin.php(703): do_action('activate_sirv/s...', false)\n#8 /internal/eval.php(20): activate_plugin('sirv/sirv.php')\n#9 {main}</pre>\n for query ALTER TABLE wp_sirv_images ADD `error_type` TINYINT UNSIGNED NULL DEFAULT NULL AFTER `status` made by activate_plugin, do_action('activate_sirv/sirv.php'), WP_Hook->do_action, WP_Hook->apply_filters, sirv_activation_callback, sirv_upgrade_plugin, sirv_fix_db, WP_SQLite_DB->query, WP_SQLite_DB->print_error",
    "log": "/logs/plugins/s/speak-sound-library/error.json"
  },
  {
    "message": "SQLSTATE[HY000]: General error: 1 near \"SET\": syntax error.",
    "level": "FATAL",
    "type": "SQL",
    "test": "asyncify-boot",
    "plugin": "speak-sound-library",
    "details": "[25-Apr-2025 15:36:04 UTC] WordPress database error <div style=\"clear:both\">&nbsp;</div>\n<div class=\"queries\" style=\"clear:both;margin-bottom:2px;border:red dotted thin;\">\n<p>MySQL query:</p>\n<p>ALTER TABLE wp_sirv_images ADD `sirv_path` VARCHAR(1000) CHARACTER SET utf8 COLLATE utf8_general_ci NULL DEFAULT NULL AFTER `img_path`</p>\n<p>Queries made or created this session were:</p>\n<ol>\n<li>Executing: BEGIN | (no parameters)</li>\n<li>Executing: INSERT INTO _mysql_data_types_cache (`table`, `column_or_index`, `mysql_type`)\n\t\t\t\tVALUES (:table, :column, :datatype)\n\t\t\t\tON CONFLICT(`table`, `column_or_index`) DO UPDATE SET `mysql_type` = :datatype\n\t\t\t | parameters: wp_sirv_images, `SIRV_PATH`, varchar(1000)</li>\n<li>Executing: ALTER TABLE wp_sirv_images ADD `sirv_path` text CHARACTER SET utf8 COLLATE utf8_general_ci NULL DEFAULT NULL   | (no parameters)</li>\n<li>Executing: ROLLBACK | (no parameters)</li>\n</ol>\n</div>\n<div style=\"clear:both;margin-bottom:2px;border:red dotted thin;\" class=\"error_message\" style=\"border-bottom:dotted blue thin;\">\nError occurred at line 4117 in Function <code>handle_error</code>. Error message was: SQLSTATE[HY000]: General error: 1 near \"SET\": syntax error.\n</div>\n<p>Backtrace:</p>\n<pre>#0 /internal/shared/sqlite-database-integration/wp-includes/sqlite/class-wp-sqlite-db.php(287): WP_SQLite_Translator->get_error_message()\n#1 /wordpress/wp-content/plugins/sirv/sirv.php(1062): WP_SQLite_DB->query('ALTER TABLE wp_...')\n#2 /wordpress/wp-content/plugins/sirv/sirv.php(772): sirv_fix_db()\n#3 /wordpress/wp-content/plugins/sirv/sirv.php(718): sirv_upgrade_plugin()\n#4 /wordpress/wp-includes/class-wp-hook.php(324): sirv_activation_callback(false)\n#5 /wordpress/wp-includes/class-wp-hook.php(348): WP_Hook->apply_filters('', Array)\n#6 /wordpress/wp-includes/plugin.php(517): WP_Hook->do_action(Array)\n#7 /wordpress/wp-admin/includes/plugin.php(703): do_action('activate_sirv/s...', false)\n#8 /internal/eval.php(20): activate_plugin('sirv/sirv.php')\n#9 {main}</pre>\n for query ALTER TABLE wp_sirv_images ADD `sirv_path` VARCHAR(1000) CHARACTER SET utf8 COLLATE utf8_general_ci NULL DEFAULT NULL AFTER `img_path` made by activate_plugin, do_action('activate_sirv/sirv.php'), WP_Hook->do_action, WP_Hook->apply_filters, sirv_activation_callback, sirv_upgrade_plugin, sirv_fix_db, WP_SQLite_DB->query, WP_SQLite_DB->print_error",
    "log": "/logs/plugins/s/speak-sound-library/error.json"
  },
  {
    "message": "SQLSTATE[HY000]: General error: 1 no such table: wp_sirv_images.",
    "level": "FATAL",
    "type": "SQL",
    "test": "asyncify-boot",
    "plugin": "speak-sound-library",
    "details": "[25-Apr-2025 15:36:15 UTC] WordPress database error <div style=\"clear:both\">&nbsp;</div>\n<div class=\"queries\" style=\"clear:both;margin-bottom:2px;border:red dotted thin;\">\n<p>MySQL query:</p>\n<p>SELECT count(*) FROM wp_sirv_images WHERE status = 'SYNCED'</p>\n<p>Queries made or created this session were:</p>\n<ol>\n<li>Executing: BEGIN | (no parameters)</li>\n<li>Executing: SELECT count(*) FROM wp_sirv_images WHERE status = :param0  | parameters: SYNCED</li>\n<li>Executing: ROLLBACK | (no parameters)</li>\n</ol>\n</div>\n<div style=\"clear:both;margin-bottom:2px;border:red dotted thin;\" class=\"error_message\" style=\"border-bottom:dotted blue thin;\">\nError occurred at line 4117 in Function <code>handle_error</code>. Error message was: SQLSTATE[HY000]: General error: 1 no such table: wp_sirv_images.\n</div>\n<p>Backtrace:</p>\n<pre>#0 /internal/shared/sqlite-database-integration/wp-includes/sqlite/class-wp-sqlite-db.php(287): WP_SQLite_Translator->get_error_message()\n#1 /wordpress/wp-includes/class-wpdb.php(3031): WP_SQLite_DB->query('SELECT count(*)...')\n#2 /wordpress/wp-content/plugins/sirv/sirv.php(3994): wpdb->get_var('SELECT count(*)...')\n#3 /wordpress/wp-content/plugins/sirv/sirv.php(1020): sirv_get_synced_count()\n#4 /wordpress/wp-content/plugins/sirv/sirv.php(695): sirv_fill_empty_options()\n#5 /wordpress/wp-includes/class-wp-hook.php(324): sirv_activation_callback(false)\n#6 /wordpress/wp-includes/class-wp-hook.php(348): WP_Hook->apply_filters('', Array)\n#7 /wordpress/wp-includes/plugin.php(517): WP_Hook->do_action(Array)\n#8 /wordpress/wp-admin/includes/plugin.php(703): do_action('activate_sirv/s...', false)\n#9 /internal/eval.php(20): activate_plugin('sirv/sirv.php')\n#10 {main}</pre>\n for query SELECT count(*) FROM wp_sirv_images WHERE status = 'SYNCED' made by activate_plugin, do_action('activate_sirv/sirv.php'), WP_Hook->do_action, WP_Hook->apply_filters, sirv_activation_callback, sirv_fill_empty_options, sirv_get_synced_count, WP_SQLite_DB->query, WP_SQLite_DB->print_error",
    "log": "/logs/plugins/s/speak-sound-library/error.json"
  },
  {
    "message": "Unknown show type: INDEXES FROM.",
    "level": "FATAL",
    "type": "SQL",
    "test": "asyncify-boot",
    "plugin": "speak-sound-library",
    "details": "[25-Apr-2025 15:36:16 UTC] WordPress database error <div style=\"clear:both\">&nbsp;</div>\n<div class=\"queries\" style=\"clear:both;margin-bottom:2px;border:red dotted thin;\">\n<p>MySQL query:</p>\n<p>SHOW INDEXES FROM wp_sirv_images WHERE Column_name='attachment_id' AND NOT Non_unique</p>\n<p>Queries made or created this session were:</p>\n<ol>\n<li>Executing: BEGIN | (no parameters)</li>\n<li>Executing: ROLLBACK | (no parameters)</li>\n</ol>\n</div>\n<div style=\"clear:both;margin-bottom:2px;border:red dotted thin;\" class=\"error_message\" style=\"border-bottom:dotted blue thin;\">\nError occurred at line 4117 in Function <code>handle_error</code>. Error message was: Unknown show type: INDEXES FROM.\n</div>\n<p>Backtrace:</p>\n<pre>#0 /internal/shared/sqlite-database-integration/wp-includes/sqlite/class-wp-sqlite-db.php(287): WP_SQLite_Translator->get_error_message()\n#1 /wordpress/wp-includes/class-wpdb.php(3146): WP_SQLite_DB->query('SHOW INDEXES FR...')\n#2 /wordpress/wp-content/plugins/sirv/sirv.php(2003): wpdb->get_results('SHOW INDEXES FR...', 'ARRAY_A')\n#3 /wordpress/wp-content/plugins/sirv/sirv.php(768): sirv_is_unique_field('attachment_id')\n#4 /wordpress/wp-content/plugins/sirv/sirv.php(718): sirv_upgrade_plugin()\n#5 /wordpress/wp-includes/class-wp-hook.php(324): sirv_activation_callback(false)\n#6 /wordpress/wp-includes/class-wp-hook.php(348): WP_Hook->apply_filters('', Array)\n#7 /wordpress/wp-includes/plugin.php(517): WP_Hook->do_action(Array)\n#8 /wordpress/wp-admin/includes/plugin.php(703): do_action('activate_sirv/s...', false)\n#9 /internal/eval.php(20): activate_plugin('sirv/sirv.php')\n#10 {main}</pre>\n for query SHOW INDEXES FROM wp_sirv_images WHERE Column_name='attachment_id' AND NOT Non_unique made by activate_plugin, do_action('activate_sirv/sirv.php'), WP_Hook->do_action, WP_Hook->apply_filters, sirv_activation_callback, sirv_upgrade_plugin, sirv_is_unique_field, WP_SQLite_DB->query, WP_SQLite_DB->print_error",
    "log": "/logs/plugins/s/speak-sound-library/error.json"
  },
  {
    "message": "SQLSTATE[HY000]: General error: 1 near \")\": syntax error.",
    "level": "FATAL",
    "type": "SQL",
    "test": "asyncify-boot",
    "plugin": "speak-sound-library",
    "details": "[25-Apr-2025 15:36:16 UTC] WordPress database error <div style=\"clear:both\">&nbsp;</div>\n<div class=\"queries\" style=\"clear:both;margin-bottom:2px;border:red dotted thin;\">\n<p>MySQL query:</p>\n<p>ALTER TABLE wp_sirv_images ADD UNIQUE (attachment_id)</p>\n<p>Queries made or created this session were:</p>\n<ol>\n<li>Executing: BEGIN | (no parameters)</li>\n<li>Executing: INSERT INTO _mysql_data_types_cache (`table`, `column_or_index`, `mysql_type`)\n\t\t\t\tVALUES (:table, :column, :datatype)\n\t\t\t\tON CONFLICT(`table`, `column_or_index`) DO UPDATE SET `mysql_type` = :datatype\n\t\t\t | parameters: wp_sirv_images, wp_sirv_images__(, UNIQUE</li>\n<li>Executing: CREATE UNIQUE INDEX &quot;wp_sirv_images__(&quot; ON &quot;wp_sirv_images&quot; () | (no parameters)</li>\n<li>Executing: ROLLBACK | (no parameters)</li>\n</ol>\n</div>\n<div style=\"clear:both;margin-bottom:2px;border:red dotted thin;\" class=\"error_message\" style=\"border-bottom:dotted blue thin;\">\nError occurred at line 4117 in Function <code>handle_error</code>. Error message was: SQLSTATE[HY000]: General error: 1 near \")\": syntax error.\n</div>\n<p>Backtrace:</p>\n<pre>#0 /internal/shared/sqlite-database-integration/wp-includes/sqlite/class-wp-sqlite-db.php(287): WP_SQLite_Translator->get_error_message()\n#1 /wordpress/wp-content/plugins/sirv/sirv.php(2040): WP_SQLite_DB->query('ALTER TABLE wp_...')\n#2 /wordpress/wp-content/plugins/sirv/sirv.php(769): sirv_set_unique_field('attachment_id')\n#3 /wordpress/wp-content/plugins/sirv/sirv.php(718): sirv_upgrade_plugin()\n#4 /wordpress/wp-includes/class-wp-hook.php(324): sirv_activation_callback(false)\n#5 /wordpress/wp-includes/class-wp-hook.php(348): WP_Hook->apply_filters('', Array)\n#6 /wordpress/wp-includes/plugin.php(517): WP_Hook->do_action(Array)\n#7 /wordpress/wp-admin/includes/plugin.php(703): do_action('activate_sirv/s...', false)\n#8 /internal/eval.php(20): activate_plugin('sirv/sirv.php')\n#9 {main}</pre>\n for query ALTER TABLE wp_sirv_images ADD UNIQUE (attachment_id) made by activate_plugin, do_action('activate_sirv/sirv.php'), WP_Hook->do_action, WP_Hook->apply_filters, sirv_activation_callback, sirv_upgrade_plugin, sirv_set_unique_field, WP_SQLite_DB->query, WP_SQLite_DB->print_error",
    "log": "/logs/plugins/s/speak-sound-library/error.json"
  },
  {
    "message": "SQLSTATE[HY000]: General error: 1 near \",\": syntax error.",
    "level": "FATAL",
    "type": "SQL",
    "test": "asyncify-boot",
    "plugin": "speak-sound-library",
    "details": "[25-Apr-2025 15:36:16 UTC] WordPress database error <div style=\"clear:both\">&nbsp;</div>\n<div class=\"queries\" style=\"clear:both;margin-bottom:2px;border:red dotted thin;\">\n<p>MySQL query:</p>\n<p>ALTER TABLE wp_sirv_images\n                  DROP `sirvpath`,\n                  DROP `sirv_image_url`,\n                  DROP `sirv_folder`</p>\n<p>Queries made or created this session were:</p>\n<ol>\n<li>Executing: BEGIN | (no parameters)</li>\n<li>Executing: ALTER TABLE wp_sirv_images\n                  DROP `sirvpath`,\n                  DROP `sirv_image_url`,\n                  DROP `sirv_folder` | (no parameters)</li>\n<li>Executing: ROLLBACK | (no parameters)</li>\n</ol>\n</div>\n<div style=\"clear:both;margin-bottom:2px;border:red dotted thin;\" class=\"error_message\" style=\"border-bottom:dotted blue thin;\">\nError occurred at line 4117 in Function <code>handle_error</code>. Error message was: SQLSTATE[HY000]: General error: 1 near \",\": syntax error.\n</div>\n<p>Backtrace:</p>\n<pre>#0 /internal/shared/sqlite-database-integration/wp-includes/sqlite/class-wp-sqlite-db.php(287): WP_SQLite_Translator->get_error_message()\n#1 /wordpress/wp-content/plugins/sirv/sirv.php(1054): WP_SQLite_DB->query('ALTER TABLE wp_...')\n#2 /wordpress/wp-content/plugins/sirv/sirv.php(772): sirv_fix_db()\n#3 /wordpress/wp-content/plugins/sirv/sirv.php(718): sirv_upgrade_plugin()\n#4 /wordpress/wp-includes/class-wp-hook.php(324): sirv_activation_callback(false)\n#5 /wordpress/wp-includes/class-wp-hook.php(348): WP_Hook->apply_filters('', Array)\n#6 /wordpress/wp-includes/plugin.php(517): WP_Hook->do_action(Array)\n#7 /wordpress/wp-admin/includes/plugin.php(703): do_action('activate_sirv/s...', false)\n#8 /internal/eval.php(20): activate_plugin('sirv/sirv.php')\n#9 {main}</pre>\n for query ALTER TABLE wp_sirv_images\n                  DROP `sirvpath`,\n                  DROP `sirv_image_url`,\n                  DROP `sirv_folder` made by activate_plugin, do_action('activate_sirv/sirv.php'), WP_Hook->do_action, WP_Hook->apply_filters, sirv_activation_callback, sirv_upgrade_plugin, sirv_fix_db, WP_SQLite_DB->query, WP_SQLite_DB->print_error",
    "log": "/logs/plugins/s/speak-sound-library/error.json"
  },
  {
    "message": "SQLSTATE[HY000]: General error: 1 duplicate column name: checks.",
    "level": "FATAL",
    "type": "SQL",
    "test": "asyncify-boot",
    "plugin": "speak-sound-library",
    "details": "[25-Apr-2025 15:36:16 UTC] WordPress database error <div style=\"clear:both\">&nbsp;</div>\n<div class=\"queries\" style=\"clear:both;margin-bottom:2px;border:red dotted thin;\">\n<p>MySQL query:</p>\n<p>ALTER TABLE wp_sirv_images ADD `checks` TINYINT UNSIGNED NULL DEFAULT 0 AFTER `timestamp_synced`</p>\n<p>Queries made or created this session were:</p>\n<ol>\n<li>Executing: BEGIN | (no parameters)</li>\n<li>Executing: INSERT INTO _mysql_data_types_cache (`table`, `column_or_index`, `mysql_type`)\n\t\t\t\tVALUES (:table, :column, :datatype)\n\t\t\t\tON CONFLICT(`table`, `column_or_index`) DO UPDATE SET `mysql_type` = :datatype\n\t\t\t | parameters: wp_sirv_images, `CHECKS`, tinyint UNSIGNED</li>\n<li>Executing: ALTER TABLE wp_sirv_images ADD `checks`  integer NULL DEFAULT 0   | (no parameters)</li>\n<li>Executing: ROLLBACK | (no parameters)</li>\n</ol>\n</div>\n<div style=\"clear:both;margin-bottom:2px;border:red dotted thin;\" class=\"error_message\" style=\"border-bottom:dotted blue thin;\">\nError occurred at line 4117 in Function <code>handle_error</code>. Error message was: SQLSTATE[HY000]: General error: 1 duplicate column name: checks.\n</div>\n<p>Backtrace:</p>\n<pre>#0 /internal/shared/sqlite-database-integration/wp-includes/sqlite/class-wp-sqlite-db.php(287): WP_SQLite_Translator->get_error_message()\n#1 /wordpress/wp-content/plugins/sirv/sirv.php(1058): WP_SQLite_DB->query('ALTER TABLE wp_...')\n#2 /wordpress/wp-content/plugins/sirv/sirv.php(772): sirv_fix_db()\n#3 /wordpress/wp-content/plugins/sirv/sirv.php(718): sirv_upgrade_plugin()\n#4 /wordpress/wp-includes/class-wp-hook.php(324): sirv_activation_callback(false)\n#5 /wordpress/wp-includes/class-wp-hook.php(348): WP_Hook->apply_filters('', Array)\n#6 /wordpress/wp-includes/plugin.php(517): WP_Hook->do_action(Array)\n#7 /wordpress/wp-admin/includes/plugin.php(703): do_action('activate_sirv/s...', false)\n#8 /internal/eval.php(20): activate_plugin('sirv/sirv.php')\n#9 {main}</pre>\n for query ALTER TABLE wp_sirv_images ADD `checks` TINYINT UNSIGNED NULL DEFAULT 0 AFTER `timestamp_synced` made by activate_plugin, do_action('activate_sirv/sirv.php'), WP_Hook->do_action, WP_Hook->apply_filters, sirv_activation_callback, sirv_upgrade_plugin, sirv_fix_db, WP_SQLite_DB->query, WP_SQLite_DB->print_error",
    "log": "/logs/plugins/s/speak-sound-library/error.json"
  },
  {
    "message": "SQLSTATE[HY000]: General error: 1 duplicate column name: timestamp_checks.",
    "level": "FATAL",
    "type": "SQL",
    "test": "asyncify-boot",
    "plugin": "speak-sound-library",
    "details": "[25-Apr-2025 15:36:16 UTC] WordPress database error <div style=\"clear:both\">&nbsp;</div>\n<div class=\"queries\" style=\"clear:both;margin-bottom:2px;border:red dotted thin;\">\n<p>MySQL query:</p>\n<p>ALTER TABLE wp_sirv_images ADD `timestamp_checks` INT NULL DEFAULT NULL AFTER `checks`</p>\n<p>Queries made or created this session were:</p>\n<ol>\n<li>Executing: BEGIN | (no parameters)</li>\n<li>Executing: INSERT INTO _mysql_data_types_cache (`table`, `column_or_index`, `mysql_type`)\n\t\t\t\tVALUES (:table, :column, :datatype)\n\t\t\t\tON CONFLICT(`table`, `column_or_index`) DO UPDATE SET `mysql_type` = :datatype\n\t\t\t | parameters: wp_sirv_images, `TIMESTAMP_CHECKS`, int</li>\n<li>Executing: ALTER TABLE wp_sirv_images ADD `timestamp_checks` integer NULL DEFAULT NULL   | (no parameters)</li>\n<li>Executing: ROLLBACK | (no parameters)</li>\n</ol>\n</div>\n<div style=\"clear:both;margin-bottom:2px;border:red dotted thin;\" class=\"error_message\" style=\"border-bottom:dotted blue thin;\">\nError occurred at line 4117 in Function <code>handle_error</code>. Error message was: SQLSTATE[HY000]: General error: 1 duplicate column name: timestamp_checks.\n</div>\n<p>Backtrace:</p>\n<pre>#0 /internal/shared/sqlite-database-integration/wp-includes/sqlite/class-wp-sqlite-db.php(287): WP_SQLite_Translator->get_error_message()\n#1 /wordpress/wp-content/plugins/sirv/sirv.php(1059): WP_SQLite_DB->query('ALTER TABLE wp_...')\n#2 /wordpress/wp-content/plugins/sirv/sirv.php(772): sirv_fix_db()\n#3 /wordpress/wp-content/plugins/sirv/sirv.php(718): sirv_upgrade_plugin()\n#4 /wordpress/wp-includes/class-wp-hook.php(324): sirv_activation_callback(false)\n#5 /wordpress/wp-includes/class-wp-hook.php(348): WP_Hook->apply_filters('', Array)\n#6 /wordpress/wp-includes/plugin.php(517): WP_Hook->do_action(Array)\n#7 /wordpress/wp-admin/includes/plugin.php(703): do_action('activate_sirv/s...', false)\n#8 /internal/eval.php(20): activate_plugin('sirv/sirv.php')\n#9 {main}</pre>\n for query ALTER TABLE wp_sirv_images ADD `timestamp_checks` INT NULL DEFAULT NULL AFTER `checks` made by activate_plugin, do_action('activate_sirv/sirv.php'), WP_Hook->do_action, WP_Hook->apply_filters, sirv_activation_callback, sirv_upgrade_plugin, sirv_fix_db, WP_SQLite_DB->query, WP_SQLite_DB->print_error",
    "log": "/logs/plugins/s/speak-sound-library/error.json"
  },
  {
    "message": "SQLSTATE[HY000]: General error: 1 duplicate column name: status.",
    "level": "FATAL",
    "type": "SQL",
    "test": "asyncify-boot",
    "plugin": "speak-sound-library",
    "details": "[25-Apr-2025 15:36:16 UTC] WordPress database error <div style=\"clear:both\">&nbsp;</div>\n<div class=\"queries\" style=\"clear:both;margin-bottom:2px;border:red dotted thin;\">\n<p>MySQL query:</p>\n<p>ALTER TABLE wp_sirv_images ADD `status` enum('NEW', 'PROCESSING', 'SYNCED', 'FAILED') DEFAULT NULL AFTER `size`</p>\n<p>Queries made or created this session were:</p>\n<ol>\n<li>Executing: BEGIN | (no parameters)</li>\n<li>Executing: INSERT INTO _mysql_data_types_cache (`table`, `column_or_index`, `mysql_type`)\n\t\t\t\tVALUES (:table, :column, :datatype)\n\t\t\t\tON CONFLICT(`table`, `column_or_index`) DO UPDATE SET `mysql_type` = :datatype\n\t\t\t | parameters: wp_sirv_images, `STATUS`, enum('NEW','PROCESSING','SYNCED','FAILED')</li>\n<li>Executing: ALTER TABLE wp_sirv_images ADD `status`    text DEFAULT NULL   | (no parameters)</li>\n<li>Executing: ROLLBACK | (no parameters)</li>\n</ol>\n</div>\n<div style=\"clear:both;margin-bottom:2px;border:red dotted thin;\" class=\"error_message\" style=\"border-bottom:dotted blue thin;\">\nError occurred at line 4117 in Function <code>handle_error</code>. Error message was: SQLSTATE[HY000]: General error: 1 duplicate column name: status.\n</div>\n<p>Backtrace:</p>\n<pre>#0 /internal/shared/sqlite-database-integration/wp-includes/sqlite/class-wp-sqlite-db.php(287): WP_SQLite_Translator->get_error_message()\n#1 /wordpress/wp-content/plugins/sirv/sirv.php(1060): WP_SQLite_DB->query('ALTER TABLE wp_...')\n#2 /wordpress/wp-content/plugins/sirv/sirv.php(772): sirv_fix_db()\n#3 /wordpress/wp-content/plugins/sirv/sirv.php(718): sirv_upgrade_plugin()\n#4 /wordpress/wp-includes/class-wp-hook.php(324): sirv_activation_callback(false)\n#5 /wordpress/wp-includes/class-wp-hook.php(348): WP_Hook->apply_filters('', Array)\n#6 /wordpress/wp-includes/plugin.php(517): WP_Hook->do_action(Array)\n#7 /wordpress/wp-admin/includes/plugin.php(703): do_action('activate_sirv/s...', false)\n#8 /internal/eval.php(20): activate_plugin('sirv/sirv.php')\n#9 {main}</pre>\n for query ALTER TABLE wp_sirv_images ADD `status` enum('NEW', 'PROCESSING', 'SYNCED', 'FAILED') DEFAULT NULL AFTER `size` made by activate_plugin, do_action('activate_sirv/sirv.php'), WP_Hook->do_action, WP_Hook->apply_filters, sirv_activation_callback, sirv_upgrade_plugin, sirv_fix_db, WP_SQLite_DB->query, WP_SQLite_DB->print_error",
    "log": "/logs/plugins/s/speak-sound-library/error.json"
  },
  {
    "message": "SQLSTATE[HY000]: General error: 1 duplicate column name: error_type.",
    "level": "FATAL",
    "type": "SQL",
    "test": "asyncify-boot",
    "plugin": "speak-sound-library",
    "details": "[25-Apr-2025 15:36:16 UTC] WordPress database error <div style=\"clear:both\">&nbsp;</div>\n<div class=\"queries\" style=\"clear:both;margin-bottom:2px;border:red dotted thin;\">\n<p>MySQL query:</p>\n<p>ALTER TABLE wp_sirv_images ADD `error_type` TINYINT UNSIGNED NULL DEFAULT NULL AFTER `status`</p>\n<p>Queries made or created this session were:</p>\n<ol>\n<li>Executing: BEGIN | (no parameters)</li>\n<li>Executing: INSERT INTO _mysql_data_types_cache (`table`, `column_or_index`, `mysql_type`)\n\t\t\t\tVALUES (:table, :column, :datatype)\n\t\t\t\tON CONFLICT(`table`, `column_or_index`) DO UPDATE SET `mysql_type` = :datatype\n\t\t\t | parameters: wp_sirv_images, `ERROR_TYPE`, tinyint UNSIGNED</li>\n<li>Executing: ALTER TABLE wp_sirv_images ADD `error_type`  integer NULL DEFAULT NULL   | (no parameters)</li>\n<li>Executing: ROLLBACK | (no parameters)</li>\n</ol>\n</div>\n<div style=\"clear:both;margin-bottom:2px;border:red dotted thin;\" class=\"error_message\" style=\"border-bottom:dotted blue thin;\">\nError occurred at line 4117 in Function <code>handle_error</code>. Error message was: SQLSTATE[HY000]: General error: 1 duplicate column name: error_type.\n</div>\n<p>Backtrace:</p>\n<pre>#0 /internal/shared/sqlite-database-integration/wp-includes/sqlite/class-wp-sqlite-db.php(287): WP_SQLite_Translator->get_error_message()\n#1 /wordpress/wp-content/plugins/sirv/sirv.php(1061): WP_SQLite_DB->query('ALTER TABLE wp_...')\n#2 /wordpress/wp-content/plugins/sirv/sirv.php(772): sirv_fix_db()\n#3 /wordpress/wp-content/plugins/sirv/sirv.php(718): sirv_upgrade_plugin()\n#4 /wordpress/wp-includes/class-wp-hook.php(324): sirv_activation_callback(false)\n#5 /wordpress/wp-includes/class-wp-hook.php(348): WP_Hook->apply_filters('', Array)\n#6 /wordpress/wp-includes/plugin.php(517): WP_Hook->do_action(Array)\n#7 /wordpress/wp-admin/includes/plugin.php(703): do_action('activate_sirv/s...', false)\n#8 /internal/eval.php(20): activate_plugin('sirv/sirv.php')\n#9 {main}</pre>\n for query ALTER TABLE wp_sirv_images ADD `error_type` TINYINT UNSIGNED NULL DEFAULT NULL AFTER `status` made by activate_plugin, do_action('activate_sirv/sirv.php'), WP_Hook->do_action, WP_Hook->apply_filters, sirv_activation_callback, sirv_upgrade_plugin, sirv_fix_db, WP_SQLite_DB->query, WP_SQLite_DB->print_error",
    "log": "/logs/plugins/s/speak-sound-library/error.json"
  },
  {
    "message": "SQLSTATE[HY000]: General error: 1 near \"SET\": syntax error.",
    "level": "FATAL",
    "type": "SQL",
    "test": "asyncify-boot",
    "plugin": "speak-sound-library",
    "details": "[25-Apr-2025 15:36:16 UTC] WordPress database error <div style=\"clear:both\">&nbsp;</div>\n<div class=\"queries\" style=\"clear:both;margin-bottom:2px;border:red dotted thin;\">\n<p>MySQL query:</p>\n<p>ALTER TABLE wp_sirv_images ADD `sirv_path` VARCHAR(1000) CHARACTER SET utf8 COLLATE utf8_general_ci NULL DEFAULT NULL AFTER `img_path`</p>\n<p>Queries made or created this session were:</p>\n<ol>\n<li>Executing: BEGIN | (no parameters)</li>\n<li>Executing: INSERT INTO _mysql_data_types_cache (`table`, `column_or_index`, `mysql_type`)\n\t\t\t\tVALUES (:table, :column, :datatype)\n\t\t\t\tON CONFLICT(`table`, `column_or_index`) DO UPDATE SET `mysql_type` = :datatype\n\t\t\t | parameters: wp_sirv_images, `SIRV_PATH`, varchar(1000)</li>\n<li>Executing: ALTER TABLE wp_sirv_images ADD `sirv_path` text CHARACTER SET utf8 COLLATE utf8_general_ci NULL DEFAULT NULL   | (no parameters)</li>\n<li>Executing: ROLLBACK | (no parameters)</li>\n</ol>\n</div>\n<div style=\"clear:both;margin-bottom:2px;border:red dotted thin;\" class=\"error_message\" style=\"border-bottom:dotted blue thin;\">\nError occurred at line 4117 in Function <code>handle_error</code>. Error message was: SQLSTATE[HY000]: General error: 1 near \"SET\": syntax error.\n</div>\n<p>Backtrace:</p>\n<pre>#0 /internal/shared/sqlite-database-integration/wp-includes/sqlite/class-wp-sqlite-db.php(287): WP_SQLite_Translator->get_error_message()\n#1 /wordpress/wp-content/plugins/sirv/sirv.php(1062): WP_SQLite_DB->query('ALTER TABLE wp_...')\n#2 /wordpress/wp-content/plugins/sirv/sirv.php(772): sirv_fix_db()\n#3 /wordpress/wp-content/plugins/sirv/sirv.php(718): sirv_upgrade_plugin()\n#4 /wordpress/wp-includes/class-wp-hook.php(324): sirv_activation_callback(false)\n#5 /wordpress/wp-includes/class-wp-hook.php(348): WP_Hook->apply_filters('', Array)\n#6 /wordpress/wp-includes/plugin.php(517): WP_Hook->do_action(Array)\n#7 /wordpress/wp-admin/includes/plugin.php(703): do_action('activate_sirv/s...', false)\n#8 /internal/eval.php(20): activate_plugin('sirv/sirv.php')\n#9 {main}</pre>\n for query ALTER TABLE wp_sirv_images ADD `sirv_path` VARCHAR(1000) CHARACTER SET utf8 COLLATE utf8_general_ci NULL DEFAULT NULL AFTER `img_path` made by activate_plugin, do_action('activate_sirv/sirv.php'), WP_Hook->do_action, WP_Hook->apply_filters, sirv_activation_callback, sirv_upgrade_plugin, sirv_fix_db, WP_SQLite_DB->query, WP_SQLite_DB->print_error",
    "log": "/logs/plugins/s/speak-sound-library/error.json"
  },
  {
    "message": "Function _load_textdomain_just_in_time was called <strong>incorrectly</strong>. Translation loading for the <code>smart-countdown-google-cal</code> domain was triggered too early. This is usually an indicator for some code in the plugin or theme running too early. Translations should be loaded at the <code>init</code> action or later. Please see <a href=\"https://developer.wordpress.org/advanced-administration/debug/debug-wordpress/\">Debugging in WordPress</a> for more information. (This message was added in version 6.7.0.) in /wordpress/wp-includes/functions.php on line 6121",
    "level": "NOTICE",
    "type": "PHP",
    "test": "asyncify-boot",
    "plugin": "speak-sound-library",
    "details": "[25-Apr-2025 15:36:28 UTC] PHP Notice:  Function _load_textdomain_just_in_time was called <strong>incorrectly</strong>. Translation loading for the <code>smart-countdown-google-cal</code> domain was triggered too early. This is usually an indicator for some code in the plugin or theme running too early. Translations should be loaded at the <code>init</code> action or later. Please see <a href=\"https://developer.wordpress.org/advanced-administration/debug/debug-wordpress/\">Debugging in WordPress</a> for more information. (This message was added in version 6.7.0.) in /wordpress/wp-includes/functions.php on line 6121",
    "log": "/logs/plugins/s/speak-sound-library/error.json"
  },
  {
    "message": "Function _load_textdomain_just_in_time was called <strong>incorrectly</strong>. Translation loading for the <code>smart-countdown-google-cal</code> domain was triggered too early. This is usually an indicator for some code in the plugin or theme running too early. Translations should be loaded at the <code>init</code> action or later. Please see <a href=\"https://developer.wordpress.org/advanced-administration/debug/debug-wordpress/\">Debugging in WordPress</a> for more information. (This message was added in version 6.7.0.) in /wordpress/wp-includes/functions.php on line 6121",
    "level": "NOTICE",
    "type": "PHP",
    "test": "asyncify-boot",
    "plugin": "speak-sound-library",
    "details": "[25-Apr-2025 15:36:38 UTC] PHP Notice:  Function _load_textdomain_just_in_time was called <strong>incorrectly</strong>. Translation loading for the <code>smart-countdown-google-cal</code> domain was triggered too early. This is usually an indicator for some code in the plugin or theme running too early. Translations should be loaded at the <code>init</code> action or later. Please see <a href=\"https://developer.wordpress.org/advanced-administration/debug/debug-wordpress/\">Debugging in WordPress</a> for more information. (This message was added in version 6.7.0.) in /wordpress/wp-includes/functions.php on line 6121",
    "log": "/logs/plugins/s/speak-sound-library/error.json"
  },
  {
    "message": "Function _load_textdomain_just_in_time was called <strong>incorrectly</strong>. Translation loading for the <code>smart-countdown-google-cal</code> domain was triggered too early. This is usually an indicator for some code in the plugin or theme running too early. Translations should be loaded at the <code>init</code> action or later. Please see <a href=\"https://developer.wordpress.org/advanced-administration/debug/debug-wordpress/\">Debugging in WordPress</a> for more information. (This message was added in version 6.7.0.) in /wordpress/wp-includes/functions.php on line 6121",
    "level": "NOTICE",
    "type": "PHP",
    "test": "asyncify-boot",
    "plugin": "speak-sound-library",
    "details": "[25-Apr-2025 15:36:48 UTC] PHP Notice:  Function _load_textdomain_just_in_time was called <strong>incorrectly</strong>. Translation loading for the <code>smart-countdown-google-cal</code> domain was triggered too early. This is usually an indicator for some code in the plugin or theme running too early. Translations should be loaded at the <code>init</code> action or later. Please see <a href=\"https://developer.wordpress.org/advanced-administration/debug/debug-wordpress/\">Debugging in WordPress</a> for more information. (This message was added in version 6.7.0.) in /wordpress/wp-includes/functions.php on line 6121",
    "log": "/logs/plugins/s/speak-sound-library/error.json"
  },
  {
    "message": "Undefined array key \"mode\" in /wordpress/wp-content/plugins/social-dropdown/generatebookmarks.php on line 119",
    "level": "WARNING",
    "type": "PHP",
    "test": "asyncify-boot",
    "plugin": "speak-sound-library",
    "details": "[25-Apr-2025 15:37:19 UTC] PHP Warning:  Undefined array key \"mode\" in /wordpress/wp-content/plugins/social-dropdown/generatebookmarks.php on line 119",
    "log": "/logs/plugins/s/speak-sound-library/error.json"
  },
  {
    "message": "Undefined array key \"mode\" in /wordpress/wp-content/plugins/social-dropdown/generatebookmarks.php on line 120",
    "level": "WARNING",
    "type": "PHP",
    "test": "asyncify-boot",
    "plugin": "speak-sound-library",
    "details": "[25-Apr-2025 15:37:19 UTC] PHP Warning:  Undefined array key \"mode\" in /wordpress/wp-content/plugins/social-dropdown/generatebookmarks.php on line 120",
    "log": "/logs/plugins/s/speak-sound-library/error.json"
  },
  {
    "message": "Undefined array key \"q\" in /wordpress/wp-content/plugins/social-dropdown/generatebookmarks.php on line 124",
    "level": "WARNING",
    "type": "PHP",
    "test": "asyncify-boot",
    "plugin": "speak-sound-library",
    "details": "[25-Apr-2025 15:37:19 UTC] PHP Warning:  Undefined array key \"q\" in /wordpress/wp-content/plugins/social-dropdown/generatebookmarks.php on line 124",
    "log": "/logs/plugins/s/speak-sound-library/error.json"
  },
  {
    "message": "Undefined array key \"q\" in /wordpress/wp-content/plugins/social-dropdown/generatebookmarks.php on line 125",
    "level": "WARNING",
    "type": "PHP",
    "test": "asyncify-boot",
    "plugin": "speak-sound-library",
    "details": "[25-Apr-2025 15:37:19 UTC] PHP Warning:  Undefined array key \"q\" in /wordpress/wp-content/plugins/social-dropdown/generatebookmarks.php on line 125",
    "log": "/logs/plugins/s/speak-sound-library/error.json"
  },
  {
    "message": "Function add_option was called with an argument that is <strong>deprecated</strong> since version 2.3.0 with no alternative available. in /wordpress/wp-includes/functions.php on line 6121",
    "level": "DEPRECATED",
    "type": "PHP",
    "test": "asyncify-boot",
    "plugin": "speak-sound-library",
    "details": "[25-Apr-2025 15:37:19 UTC] PHP Deprecated:  Function add_option was called with an argument that is <strong>deprecated</strong> since version 2.3.0 with no alternative available. in /wordpress/wp-includes/functions.php on line 6121",
    "log": "/logs/plugins/s/speak-sound-library/error.json"
  },
  {
    "message": "Undefined array key \"mode\" in /wordpress/wp-content/plugins/social-dropdown/generatebookmarks.php on line 119",
    "level": "WARNING",
    "type": "PHP",
    "test": "asyncify-boot",
    "plugin": "speak-sound-library",
    "details": "[25-Apr-2025 15:37:20 UTC] PHP Warning:  Undefined array key \"mode\" in /wordpress/wp-content/plugins/social-dropdown/generatebookmarks.php on line 119",
    "log": "/logs/plugins/s/speak-sound-library/error.json"
  },
  {
    "message": "Undefined array key \"mode\" in /wordpress/wp-content/plugins/social-dropdown/generatebookmarks.php on line 120",
    "level": "WARNING",
    "type": "PHP",
    "test": "asyncify-boot",
    "plugin": "speak-sound-library",
    "details": "[25-Apr-2025 15:37:20 UTC] PHP Warning:  Undefined array key \"mode\" in /wordpress/wp-content/plugins/social-dropdown/generatebookmarks.php on line 120",
    "log": "/logs/plugins/s/speak-sound-library/error.json"
  },
  {
    "message": "Undefined array key \"q\" in /wordpress/wp-content/plugins/social-dropdown/generatebookmarks.php on line 124",
    "level": "WARNING",
    "type": "PHP",
    "test": "asyncify-boot",
    "plugin": "speak-sound-library",
    "details": "[25-Apr-2025 15:37:20 UTC] PHP Warning:  Undefined array key \"q\" in /wordpress/wp-content/plugins/social-dropdown/generatebookmarks.php on line 124",
    "log": "/logs/plugins/s/speak-sound-library/error.json"
  },
  {
    "message": "Undefined array key \"q\" in /wordpress/wp-content/plugins/social-dropdown/generatebookmarks.php on line 125",
    "level": "WARNING",
    "type": "PHP",
    "test": "asyncify-boot",
    "plugin": "speak-sound-library",
    "details": "[25-Apr-2025 15:37:20 UTC] PHP Warning:  Undefined array key \"q\" in /wordpress/wp-content/plugins/social-dropdown/generatebookmarks.php on line 125",
    "log": "/logs/plugins/s/speak-sound-library/error.json"
  },
  {
    "message": "Function add_option was called with an argument that is <strong>deprecated</strong> since version 2.3.0 with no alternative available. in /wordpress/wp-includes/functions.php on line 6121",
    "level": "DEPRECATED",
    "type": "PHP",
    "test": "asyncify-boot",
    "plugin": "speak-sound-library",
    "details": "[25-Apr-2025 15:37:20 UTC] PHP Deprecated:  Function add_option was called with an argument that is <strong>deprecated</strong> since version 2.3.0 with no alternative available. in /wordpress/wp-includes/functions.php on line 6121",
    "log": "/logs/plugins/s/speak-sound-library/error.json"
  },
  {
    "message": "Undefined array key \"mode\" in /wordpress/wp-content/plugins/social-dropdown/generatebookmarks.php on line 119",
    "level": "WARNING",
    "type": "PHP",
    "test": "asyncify-boot",
    "plugin": "speak-sound-library",
    "details": "[25-Apr-2025 15:37:28 UTC] PHP Warning:  Undefined array key \"mode\" in /wordpress/wp-content/plugins/social-dropdown/generatebookmarks.php on line 119",
    "log": "/logs/plugins/s/speak-sound-library/error.json"
  },
  {
    "message": "Undefined array key \"mode\" in /wordpress/wp-content/plugins/social-dropdown/generatebookmarks.php on line 120",
    "level": "WARNING",
    "type": "PHP",
    "test": "asyncify-boot",
    "plugin": "speak-sound-library",
    "details": "[25-Apr-2025 15:37:28 UTC] PHP Warning:  Undefined array key \"mode\" in /wordpress/wp-content/plugins/social-dropdown/generatebookmarks.php on line 120",
    "log": "/logs/plugins/s/speak-sound-library/error.json"
  },
  {
    "message": "Undefined array key \"q\" in /wordpress/wp-content/plugins/social-dropdown/generatebookmarks.php on line 124",
    "level": "WARNING",
    "type": "PHP",
    "test": "asyncify-boot",
    "plugin": "speak-sound-library",
    "details": "[25-Apr-2025 15:37:28 UTC] PHP Warning:  Undefined array key \"q\" in /wordpress/wp-content/plugins/social-dropdown/generatebookmarks.php on line 124",
    "log": "/logs/plugins/s/speak-sound-library/error.json"
  },
  {
    "message": "Undefined array key \"q\" in /wordpress/wp-content/plugins/social-dropdown/generatebookmarks.php on line 125",
    "level": "WARNING",
    "type": "PHP",
    "test": "asyncify-boot",
    "plugin": "speak-sound-library",
    "details": "[25-Apr-2025 15:37:28 UTC] PHP Warning:  Undefined array key \"q\" in /wordpress/wp-content/plugins/social-dropdown/generatebookmarks.php on line 125",
    "log": "/logs/plugins/s/speak-sound-library/error.json"
  },
  {
    "message": "Function add_option was called with an argument that is <strong>deprecated</strong> since version 2.3.0 with no alternative available. in /wordpress/wp-includes/functions.php on line 6121",
    "level": "DEPRECATED",
    "type": "PHP",
    "test": "asyncify-boot",
    "plugin": "speak-sound-library",
    "details": "[25-Apr-2025 15:37:28 UTC] PHP Deprecated:  Function add_option was called with an argument that is <strong>deprecated</strong> since version 2.3.0 with no alternative available. in /wordpress/wp-includes/functions.php on line 6121",
    "log": "/logs/plugins/s/speak-sound-library/error.json"
  },
  {
    "message": "Undefined array key \"mode\" in /wordpress/wp-content/plugins/social-dropdown/generatebookmarks.php on line 119",
    "level": "WARNING",
    "type": "PHP",
    "test": "asyncify-boot",
    "plugin": "speak-sound-library",
    "details": "[25-Apr-2025 15:37:29 UTC] PHP Warning:  Undefined array key \"mode\" in /wordpress/wp-content/plugins/social-dropdown/generatebookmarks.php on line 119",
    "log": "/logs/plugins/s/speak-sound-library/error.json"
  },
  {
    "message": "Undefined array key \"mode\" in /wordpress/wp-content/plugins/social-dropdown/generatebookmarks.php on line 120",
    "level": "WARNING",
    "type": "PHP",
    "test": "asyncify-boot",
    "plugin": "speak-sound-library",
    "details": "[25-Apr-2025 15:37:29 UTC] PHP Warning:  Undefined array key \"mode\" in /wordpress/wp-content/plugins/social-dropdown/generatebookmarks.php on line 120",
    "log": "/logs/plugins/s/speak-sound-library/error.json"
  },
  {
    "message": "Undefined array key \"q\" in /wordpress/wp-content/plugins/social-dropdown/generatebookmarks.php on line 124",
    "level": "WARNING",
    "type": "PHP",
    "test": "asyncify-boot",
    "plugin": "speak-sound-library",
    "details": "[25-Apr-2025 15:37:29 UTC] PHP Warning:  Undefined array key \"q\" in /wordpress/wp-content/plugins/social-dropdown/generatebookmarks.php on line 124",
    "log": "/logs/plugins/s/speak-sound-library/error.json"
  },
  {
    "message": "Undefined array key \"q\" in /wordpress/wp-content/plugins/social-dropdown/generatebookmarks.php on line 125",
    "level": "WARNING",
    "type": "PHP",
    "test": "asyncify-boot",
    "plugin": "speak-sound-library",
    "details": "[25-Apr-2025 15:37:29 UTC] PHP Warning:  Undefined array key \"q\" in /wordpress/wp-content/plugins/social-dropdown/generatebookmarks.php on line 125",
    "log": "/logs/plugins/s/speak-sound-library/error.json"
  },
  {
    "message": "Function add_option was called with an argument that is <strong>deprecated</strong> since version 2.3.0 with no alternative available. in /wordpress/wp-includes/functions.php on line 6121",
    "level": "DEPRECATED",
    "type": "PHP",
    "test": "asyncify-boot",
    "plugin": "speak-sound-library",
    "details": "[25-Apr-2025 15:37:29 UTC] PHP Deprecated:  Function add_option was called with an argument that is <strong>deprecated</strong> since version 2.3.0 with no alternative available. in /wordpress/wp-includes/functions.php on line 6121",
    "log": "/logs/plugins/s/speak-sound-library/error.json"
  },
  {
    "message": "Undefined array key \"mode\" in /wordpress/wp-content/plugins/social-dropdown/generatebookmarks.php on line 119",
    "level": "WARNING",
    "type": "PHP",
    "test": "asyncify-boot",
    "plugin": "speak-sound-library",
    "details": "[25-Apr-2025 15:37:37 UTC] PHP Warning:  Undefined array key \"mode\" in /wordpress/wp-content/plugins/social-dropdown/generatebookmarks.php on line 119",
    "log": "/logs/plugins/s/speak-sound-library/error.json"
  },
  {
    "message": "Undefined array key \"mode\" in /wordpress/wp-content/plugins/social-dropdown/generatebookmarks.php on line 120",
    "level": "WARNING",
    "type": "PHP",
    "test": "asyncify-boot",
    "plugin": "speak-sound-library",
    "details": "[25-Apr-2025 15:37:37 UTC] PHP Warning:  Undefined array key \"mode\" in /wordpress/wp-content/plugins/social-dropdown/generatebookmarks.php on line 120",
    "log": "/logs/plugins/s/speak-sound-library/error.json"
  },
  {
    "message": "Undefined array key \"q\" in /wordpress/wp-content/plugins/social-dropdown/generatebookmarks.php on line 124",
    "level": "WARNING",
    "type": "PHP",
    "test": "asyncify-boot",
    "plugin": "speak-sound-library",
    "details": "[25-Apr-2025 15:37:37 UTC] PHP Warning:  Undefined array key \"q\" in /wordpress/wp-content/plugins/social-dropdown/generatebookmarks.php on line 124",
    "log": "/logs/plugins/s/speak-sound-library/error.json"
  },
  {
    "message": "Undefined array key \"q\" in /wordpress/wp-content/plugins/social-dropdown/generatebookmarks.php on line 125",
    "level": "WARNING",
    "type": "PHP",
    "test": "asyncify-boot",
    "plugin": "speak-sound-library",
    "details": "[25-Apr-2025 15:37:37 UTC] PHP Warning:  Undefined array key \"q\" in /wordpress/wp-content/plugins/social-dropdown/generatebookmarks.php on line 125",
    "log": "/logs/plugins/s/speak-sound-library/error.json"
  },
  {
    "message": "Function add_option was called with an argument that is <strong>deprecated</strong> since version 2.3.0 with no alternative available. in /wordpress/wp-includes/functions.php on line 6121",
    "level": "DEPRECATED",
    "type": "PHP",
    "test": "asyncify-boot",
    "plugin": "speak-sound-library",
    "details": "[25-Apr-2025 15:37:37 UTC] PHP Deprecated:  Function add_option was called with an argument that is <strong>deprecated</strong> since version 2.3.0 with no alternative available. in /wordpress/wp-includes/functions.php on line 6121",
    "log": "/logs/plugins/s/speak-sound-library/error.json"
  },
  {
    "message": "Undefined array key \"mode\" in /wordpress/wp-content/plugins/social-dropdown/generatebookmarks.php on line 119",
    "level": "WARNING",
    "type": "PHP",
    "test": "asyncify-boot",
    "plugin": "speak-sound-library",
    "details": "[25-Apr-2025 15:37:38 UTC] PHP Warning:  Undefined array key \"mode\" in /wordpress/wp-content/plugins/social-dropdown/generatebookmarks.php on line 119",
    "log": "/logs/plugins/s/speak-sound-library/error.json"
  },
  {
    "message": "Undefined array key \"mode\" in /wordpress/wp-content/plugins/social-dropdown/generatebookmarks.php on line 120",
    "level": "WARNING",
    "type": "PHP",
    "test": "asyncify-boot",
    "plugin": "speak-sound-library",
    "details": "[25-Apr-2025 15:37:38 UTC] PHP Warning:  Undefined array key \"mode\" in /wordpress/wp-content/plugins/social-dropdown/generatebookmarks.php on line 120",
    "log": "/logs/plugins/s/speak-sound-library/error.json"
  },
  {
    "message": "Undefined array key \"q\" in /wordpress/wp-content/plugins/social-dropdown/generatebookmarks.php on line 124",
    "level": "WARNING",
    "type": "PHP",
    "test": "asyncify-boot",
    "plugin": "speak-sound-library",
    "details": "[25-Apr-2025 15:37:38 UTC] PHP Warning:  Undefined array key \"q\" in /wordpress/wp-content/plugins/social-dropdown/generatebookmarks.php on line 124",
    "log": "/logs/plugins/s/speak-sound-library/error.json"
  },
  {
    "message": "Undefined array key \"q\" in /wordpress/wp-content/plugins/social-dropdown/generatebookmarks.php on line 125",
    "level": "WARNING",
    "type": "PHP",
    "test": "asyncify-boot",
    "plugin": "speak-sound-library",
    "details": "[25-Apr-2025 15:37:38 UTC] PHP Warning:  Undefined array key \"q\" in /wordpress/wp-content/plugins/social-dropdown/generatebookmarks.php on line 125",
    "log": "/logs/plugins/s/speak-sound-library/error.json"
  },
  {
    "message": "Function add_option was called with an argument that is <strong>deprecated</strong> since version 2.3.0 with no alternative available. in /wordpress/wp-includes/functions.php on line 6121",
    "level": "DEPRECATED",
    "type": "PHP",
    "test": "asyncify-boot",
    "plugin": "speak-sound-library",
    "details": "[25-Apr-2025 15:37:38 UTC] PHP Deprecated:  Function add_option was called with an argument that is <strong>deprecated</strong> since version 2.3.0 with no alternative available. in /wordpress/wp-includes/functions.php on line 6121",
    "log": "/logs/plugins/s/speak-sound-library/error.json"
  },
  {
    "message": "Cannot use \"parent\" when current class scope has no parent in /wordpress/wp-content/plugins/social-media-tab/classes/class.php on line 63",
    "level": "FATAL",
    "type": "PHP",
    "test": "asyncify-boot",
    "plugin": "speak-sound-library",
    "details": "[25-Apr-2025 15:37:47 UTC] PHP Fatal error:  Cannot use \"parent\" when current class scope has no parent in /wordpress/wp-content/plugins/social-media-tab/classes/class.php on line 63",
    "log": "/logs/plugins/s/speak-sound-library/error.json"
  },
  {
    "message": "Cannot use \"parent\" when current class scope has no parent in /wordpress/wp-content/plugins/social-media-tab/classes/class.php on line 63",
    "level": "FATAL",
    "type": "PHP",
    "test": "asyncify-boot",
    "plugin": "speak-sound-library",
    "details": "[25-Apr-2025 15:37:55 UTC] PHP Fatal error:  Cannot use \"parent\" when current class scope has no parent in /wordpress/wp-content/plugins/social-media-tab/classes/class.php on line 63",
    "log": "/logs/plugins/s/speak-sound-library/error.json"
  },
  {
    "message": "Cannot use \"parent\" when current class scope has no parent in /wordpress/wp-content/plugins/social-media-tab/classes/class.php on line 63",
    "level": "FATAL",
    "type": "PHP",
    "test": "asyncify-boot",
    "plugin": "speak-sound-library",
    "details": "[25-Apr-2025 15:38:04 UTC] PHP Fatal error:  Cannot use \"parent\" when current class scope has no parent in /wordpress/wp-content/plugins/social-media-tab/classes/class.php on line 63",
    "log": "/logs/plugins/s/speak-sound-library/error.json"
  },
  {
    "message": "require_once(/wordpress/wp-content/plugins/speak-sound-library/public/class-speak-sound-library-public.php): Failed to open stream: No such file or directory in /wordpress/wp-content/plugins/speak-sound-library/includes/class-speak-sound-library.php on line 136",
    "level": "WARNING",
    "type": "PHP",
    "test": "asyncify-boot",
    "plugin": "speak-sound-library",
    "details": "[25-Apr-2025 15:38:13 UTC] PHP Warning:  require_once(/wordpress/wp-content/plugins/speak-sound-library/public/class-speak-sound-library-public.php): Failed to open stream: No such file or directory in /wordpress/wp-content/plugins/speak-sound-library/includes/class-speak-sound-library.php on line 136",
    "log": "/logs/plugins/s/speak-sound-library/error.json"
  },
  {
    "message": "Uncaught Error: Failed opening required '/wordpress/wp-content/plugins/speak-sound-library/public/class-speak-sound-library-public.php' (include_path='.:') in /wordpress/wp-content/plugins/speak-sound-library/includes/class-speak-sound-library.php:136",
    "level": "FATAL",
    "type": "PHP",
    "test": "asyncify-boot",
    "plugin": "speak-sound-library",
    "details": "[25-Apr-2025 15:38:13 UTC] PHP Fatal error:  Uncaught Error: Failed opening required '/wordpress/wp-content/plugins/speak-sound-library/public/class-speak-sound-library-public.php' (include_path='.:') in /wordpress/wp-content/plugins/speak-sound-library/includes/class-speak-sound-library.php:136\nStack trace:\n#0 /wordpress/wp-content/plugins/speak-sound-library/includes/class-speak-sound-library.php(75): Speak_Sound_Library->load_dependencies()\n#1 /wordpress/wp-content/plugins/speak-sound-library/speak-sound-library.php(65): Speak_Sound_Library->__construct()\n#2 /wordpress/wp-content/plugins/speak-sound-library/speak-sound-library.php(69): run_plugin_name()\n#3 /wordpress/wp-admin/includes/plugin.php(2387): include_once('/wordpress/wp-c...')\n#4 /wordpress/wp-admin/includes/plugin.php(673): plugin_sandbox_scrape('speak-sound-lib...')\n#5 /internal/eval.php(20): activate_plugin('speak-sound-lib...')\n#6 {main}\n  thrown in /wordpress/wp-content/plugins/speak-sound-library/includes/class-speak-sound-library.php on line 136",
    "log": "/logs/plugins/s/speak-sound-library/error.json"
  },
  {
    "message": "require_once(/wordpress/wp-content/plugins/speak-sound-library/public/class-speak-sound-library-public.php): Failed to open stream: No such file or directory in /wordpress/wp-content/plugins/speak-sound-library/includes/class-speak-sound-library.php on line 136",
    "level": "WARNING",
    "type": "PHP",
    "test": "asyncify-boot",
    "plugin": "speak-sound-library",
    "details": "[25-Apr-2025 15:38:21 UTC] PHP Warning:  require_once(/wordpress/wp-content/plugins/speak-sound-library/public/class-speak-sound-library-public.php): Failed to open stream: No such file or directory in /wordpress/wp-content/plugins/speak-sound-library/includes/class-speak-sound-library.php on line 136",
    "log": "/logs/plugins/s/speak-sound-library/error.json"
  },
  {
    "message": "Uncaught Error: Failed opening required '/wordpress/wp-content/plugins/speak-sound-library/public/class-speak-sound-library-public.php' (include_path='.:') in /wordpress/wp-content/plugins/speak-sound-library/includes/class-speak-sound-library.php:136",
    "level": "FATAL",
    "type": "PHP",
    "test": "asyncify-boot",
    "plugin": "speak-sound-library",
    "details": "[25-Apr-2025 15:38:21 UTC] PHP Fatal error:  Uncaught Error: Failed opening required '/wordpress/wp-content/plugins/speak-sound-library/public/class-speak-sound-library-public.php' (include_path='.:') in /wordpress/wp-content/plugins/speak-sound-library/includes/class-speak-sound-library.php:136\nStack trace:\n#0 /wordpress/wp-content/plugins/speak-sound-library/includes/class-speak-sound-library.php(75): Speak_Sound_Library->load_dependencies()\n#1 /wordpress/wp-content/plugins/speak-sound-library/speak-sound-library.php(65): Speak_Sound_Library->__construct()\n#2 /wordpress/wp-content/plugins/speak-sound-library/speak-sound-library.php(69): run_plugin_name()\n#3 /wordpress/wp-admin/includes/plugin.php(2387): include_once('/wordpress/wp-c...')\n#4 /wordpress/wp-admin/includes/plugin.php(673): plugin_sandbox_scrape('speak-sound-lib...')\n#5 /internal/eval.php(20): activate_plugin('speak-sound-lib...')\n#6 {main}\n  thrown in /wordpress/wp-content/plugins/speak-sound-library/includes/class-speak-sound-library.php on line 136\n\n    at Object.onBind (file:///home/runner/work/playground-tester/playground-tester/node_modules/@wp-playground/cli/index.js:237:15)\n    at process.processTicksAndRejections (node:internal/process/task_queues:105:5)\n    at async V (file:///home/runner/work/playground-tester/playground-tester/node_modules/@wp-playground/cli/index.js:64:10)\n    at async ja (file:///home/runner/work/playground-tester/playground-tester/node_modules/@wp-playground/cli/cli.js:8161:12) {\n  [cause]: Error: Error when executing the blueprint step #1 ({\"step\":\"installPlugin\",\"pluginData\":{\"resource\":\"wordpress.org/plugins\",\"slug\":\"speak-sound-library\"},\"options\":{\"activate\":true}}) : PHP.run() failed with exit code 255 and the following output: \n      at Object.run (file:///home/runner/work/playground-tester/playground-tester/node_modules/@wp-playground/blueprints/index.js:12449:19)\n      at process.processTicksAndRejections (node:internal/process/task_queues:105:5)\n      at async ms (file:///home/runner/work/playground-tester/playground-tester/node_modules/@wp-playground/blueprints/index.js:12552:3)\n      ... 2 lines matching cause stack trace ...\n      at async ja (file:///home/runner/work/playground-tester/playground-tester/node_modules/@wp-playground/cli/cli.js:8161:12) {\n    [cause]: PHPExecutionFailureError: PHP.run() failed with exit code 255 and the following output: \n        at PHP.run (file:///home/runner/work/playground-tester/playground-tester/node_modules/@php-wasm/universal/index.js:987:19)\n        at process.processTicksAndRejections (node:internal/process/task_queues:105:5)\n        at async wr (file:///home/runner/work/playground-tester/playground-tester/node_modules/@wp-playground/blueprints/index.js:33:39)\n        at async Object.gt [as installPlugin] (file:///home/runner/work/playground-tester/playground-tester/node_modules/@wp-playground/blueprints/index.js:974:42)\n        at async g (file:///home/runner/work/playground-tester/playground-tester/node_modules/@wp-playground/blueprints/index.js:12517:30)\n        at async Object.run (file:///home/runner/work/playground-tester/playground-tester/node_modules/@wp-playground/blueprints/index.js:12446:23)\n        at async ms (file:///home/runner/work/playground-tester/playground-tester/node_modules/@wp-playground/blueprints/index.js:12552:3)\n        at async Object.onBind (file:///home/runner/work/playground-tester/playground-tester/node_modules/@wp-playground/cli/index.js:227:48)\n        at async V (file:///home/runner/work/playground-tester/playground-tester/node_modules/@wp-playground/cli/index.js:64:10)\n        at async ja (file:///home/runner/work/playground-tester/playground-tester/node_modules/@wp-playground/cli/cli.js:8161:12) {\n      response: PHPResponse {\n        httpStatusCode: 500,\n        headers: {\n          'x-powered-by': [ 'PHP/8.0.30-dev' ],\n          'content-type': [ 'text/html; charset=UTF-8' ]\n        },\n        bytes: Uint8Array(0) [],\n        exitCode: 255,\n        errors: ''\n      },\n      source: 'request'\n    }\n  }\n}\n\n",
    "log": "/logs/plugins/s/speak-sound-library/error.json"
  },
  {
    "message": "file:///home/runner/work/playground-tester/playground-tester/node_modules/@wp-playground/cli/index.js:237\n        throw new Error(y, { cause: u });\n              ^\n",
    "level": "FATAL",
    "type": "PLAYGROUND",
    "test": "jspi-boot",
    "plugin": "speak-sound-library",
    "details": "file:///home/runner/work/playground-tester/playground-tester/node_modules/@wp-playground/cli/index.js:237\n        throw new Error(y, { cause: u });\n              ^\n",
    "log": "/tmp/tmp.LKilfqvkvV"
  },
  {
    "message": "Uncaught Error: Call to undefined function mysql_query() in /wordpress/wp-content/plugins/scenechat-video-sharing-and-commenting-tool/scenechat.php:57",
    "level": "FATAL",
    "type": "PHP",
    "test": "jspi-boot",
    "plugin": "speak-sound-library",
    "details": "[25-Apr-2025 15:28:44 UTC] PHP Fatal error:  Uncaught Error: Call to undefined function mysql_query() in /wordpress/wp-content/plugins/scenechat-video-sharing-and-commenting-tool/scenechat.php:57\nStack trace:\n#0 /wordpress/wp-admin/includes/plugin.php(2387): include_once()\n#1 /wordpress/wp-admin/includes/plugin.php(673): plugin_sandbox_scrape('scenechat-video...')\n#2 /internal/eval.php(20): activate_plugin('scenechat-video...')\n#3 {main}\n  thrown in /wordpress/wp-content/plugins/scenechat-video-sharing-and-commenting-tool/scenechat.php on line 57",
    "log": "/logs/plugins/s/speak-sound-library/error.json"
  },
  {
    "message": "Uncaught Error: Call to undefined function mysql_query() in /wordpress/wp-content/plugins/scenechat-video-sharing-and-commenting-tool/scenechat.php:57",
    "level": "FATAL",
    "type": "PHP",
    "test": "jspi-boot",
    "plugin": "speak-sound-library",
    "details": "[25-Apr-2025 15:28:52 UTC] PHP Fatal error:  Uncaught Error: Call to undefined function mysql_query() in /wordpress/wp-content/plugins/scenechat-video-sharing-and-commenting-tool/scenechat.php:57\nStack trace:\n#0 /wordpress/wp-admin/includes/plugin.php(2387): include_once()\n#1 /wordpress/wp-admin/includes/plugin.php(673): plugin_sandbox_scrape('scenechat-video...')\n#2 /internal/eval.php(20): activate_plugin('scenechat-video...')\n#3 {main}\n  thrown in /wordpress/wp-content/plugins/scenechat-video-sharing-and-commenting-tool/scenechat.php on line 57",
    "log": "/logs/plugins/s/speak-sound-library/error.json"
  },
  {
    "message": "Uncaught Error: Call to undefined function mysql_query() in /wordpress/wp-content/plugins/scenechat-video-sharing-and-commenting-tool/scenechat.php:57",
    "level": "FATAL",
    "type": "PHP",
    "test": "jspi-boot",
    "plugin": "speak-sound-library",
    "details": "[25-Apr-2025 15:29:00 UTC] PHP Fatal error:  Uncaught Error: Call to undefined function mysql_query() in /wordpress/wp-content/plugins/scenechat-video-sharing-and-commenting-tool/scenechat.php:57\nStack trace:\n#0 /wordpress/wp-admin/includes/plugin.php(2387): include_once()\n#1 /wordpress/wp-admin/includes/plugin.php(673): plugin_sandbox_scrape('scenechat-video...')\n#2 /internal/eval.php(20): activate_plugin('scenechat-video...')\n#3 {main}\n  thrown in /wordpress/wp-content/plugins/scenechat-video-sharing-and-commenting-tool/scenechat.php on line 57",
    "log": "/logs/plugins/s/speak-sound-library/error.json"
  },
  {
    "message": "SQLSTATE[HY000]: General error: 1 no such table: wp_linkboss_sync_batch.",
    "level": "FATAL",
    "type": "SQL",
    "test": "jspi-boot",
    "plugin": "speak-sound-library",
    "details": "[25-Apr-2025 15:29:39 UTC] WordPress database error <div style=\"clear:both\">&nbsp;</div>\n<div class=\"queries\" style=\"clear:both;margin-bottom:2px;border:red dotted thin;\">\n<p>MySQL query:</p>\n<p>ALTER TABLE wp_linkboss_sync_batch CHANGE COLUMN status sent_status VARCHAR(20) NULL DEFAULT NULL COMMENT 'bool(1=Sent, NULL=Not Sent)'</p>\n<p>Queries made or created this session were:</p>\n<ol>\n<li>Executing: BEGIN | (no parameters)</li>\n<li>Executing: INSERT INTO _mysql_data_types_cache (`table`, `column_or_index`, `mysql_type`)\n\t\t\t\tVALUES (:table, :column, :datatype)\n\t\t\t\tON CONFLICT(`table`, `column_or_index`) DO UPDATE SET `mysql_type` = :datatype\n\t\t\t | parameters: wp_linkboss_sync_batch, sent_status, varchar(20)</li>\n<li>Executing: DROP TRIGGER IF EXISTS &quot;__wp_linkboss_sync_batch_status_on_update__&quot; | (no parameters)</li>\n<li>Executing: SELECT sql FROM sqlite_master WHERE type=&quot;table&quot; AND name=:table | (no parameters)</li>\n<li>Executing: SELECT * FROM pragma_index_list(&quot;wp_linkboss_sync_batch&quot;) as l; | (no parameters)</li>\n<li>Executing: CREATE TABLE `_tmp__wp_linkboss_sync_batch_97406498` as SELECT * FROM `wp_linkboss_sync_batch` | (no parameters)</li>\n<li>Executing: ROLLBACK | (no parameters)</li>\n</ol>\n</div>\n<div style=\"clear:both;margin-bottom:2px;border:red dotted thin;\" class=\"error_message\" style=\"border-bottom:dotted blue thin;\">\nError occurred at line 4117 in Function <code>handle_error</code>. Error message was: SQLSTATE[HY000]: General error: 1 no such table: wp_linkboss_sync_batch.\n</div>\n<p>Backtrace:</p>\n<pre>#0 /internal/shared/sqlite-database-integration/wp-includes/sqlite/class-wp-sqlite-db.php(287): WP_SQLite_Translator->get_error_message()\n#1 /wordpress/wp-content/plugins/semantic-linkboss/includes/class-installer.php(111): WP_SQLite_DB->query('ALTER TABLE wp_...')\n#2 /wordpress/wp-content/plugins/semantic-linkboss/includes/class-installer.php(31): SEMANTIC_LB\\Installer->create_tables()\n#3 /wordpress/wp-content/plugins/semantic-linkboss/semantic-linkboss.php(136): SEMANTIC_LB\\Installer->run()\n#4 /wordpress/wp-content/plugins/semantic-linkboss/semantic-linkboss.php(158): semantic_lb_activate()\n#5 /wordpress/wp-includes/class-wp-hook.php(324): semantic_lb_on_activate(false)\n#6 /wordpress/wp-includes/class-wp-hook.php(348): WP_Hook->apply_filters('', Array)\n#7 /wordpress/wp-includes/plugin.php(517): WP_Hook->do_action(Array)\n#8 /wordpress/wp-admin/includes/plugin.php(703): do_action('activate_semant...', false)\n#9 /internal/eval.php(20): activate_plugin('semantic-linkbo...')\n#10 {main}</pre>\n for query ALTER TABLE wp_linkboss_sync_batch CHANGE COLUMN status sent_status VARCHAR(20) NULL DEFAULT NULL COMMENT 'bool(1=Sent, NULL=Not Sent)' made by activate_plugin, do_action('activate_semantic-linkboss/semantic-linkboss.php'), WP_Hook->do_action, WP_Hook->apply_filters, semantic_lb_on_activate, semantic_lb_activate, SEMANTIC_LB\\Installer->run, SEMANTIC_LB\\Installer->create_tables, WP_SQLite_DB->query, WP_SQLite_DB->print_error",
    "log": "/logs/plugins/s/speak-sound-library/error.json"
  },
  {
    "message": "SQLSTATE[HY000]: General error: 1 no such table: wp_linkboss_sync_batch.",
    "level": "FATAL",
    "type": "SQL",
    "test": "jspi-boot",
    "plugin": "speak-sound-library",
    "details": "[25-Apr-2025 15:29:49 UTC] WordPress database error <div style=\"clear:both\">&nbsp;</div>\n<div class=\"queries\" style=\"clear:both;margin-bottom:2px;border:red dotted thin;\">\n<p>MySQL query:</p>\n<p>ALTER TABLE wp_linkboss_sync_batch CHANGE COLUMN status sent_status VARCHAR(20) NULL DEFAULT NULL COMMENT 'bool(1=Sent, NULL=Not Sent)'</p>\n<p>Queries made or created this session were:</p>\n<ol>\n<li>Executing: BEGIN | (no parameters)</li>\n<li>Executing: INSERT INTO _mysql_data_types_cache (`table`, `column_or_index`, `mysql_type`)\n\t\t\t\tVALUES (:table, :column, :datatype)\n\t\t\t\tON CONFLICT(`table`, `column_or_index`) DO UPDATE SET `mysql_type` = :datatype\n\t\t\t | parameters: wp_linkboss_sync_batch, sent_status, varchar(20)</li>\n<li>Executing: DROP TRIGGER IF EXISTS &quot;__wp_linkboss_sync_batch_status_on_update__&quot; | (no parameters)</li>\n<li>Executing: SELECT sql FROM sqlite_master WHERE type=&quot;table&quot; AND name=:table | (no parameters)</li>\n<li>Executing: SELECT * FROM pragma_index_list(&quot;wp_linkboss_sync_batch&quot;) as l; | (no parameters)</li>\n<li>Executing: CREATE TABLE `_tmp__wp_linkboss_sync_batch_36454868` as SELECT * FROM `wp_linkboss_sync_batch` | (no parameters)</li>\n<li>Executing: ROLLBACK | (no parameters)</li>\n</ol>\n</div>\n<div style=\"clear:both;margin-bottom:2px;border:red dotted thin;\" class=\"error_message\" style=\"border-bottom:dotted blue thin;\">\nError occurred at line 4117 in Function <code>handle_error</code>. Error message was: SQLSTATE[HY000]: General error: 1 no such table: wp_linkboss_sync_batch.\n</div>\n<p>Backtrace:</p>\n<pre>#0 /internal/shared/sqlite-database-integration/wp-includes/sqlite/class-wp-sqlite-db.php(287): WP_SQLite_Translator->get_error_message()\n#1 /wordpress/wp-content/plugins/semantic-linkboss/includes/class-installer.php(111): WP_SQLite_DB->query('ALTER TABLE wp_...')\n#2 /wordpress/wp-content/plugins/semantic-linkboss/includes/class-installer.php(31): SEMANTIC_LB\\Installer->create_tables()\n#3 /wordpress/wp-content/plugins/semantic-linkboss/semantic-linkboss.php(136): SEMANTIC_LB\\Installer->run()\n#4 /wordpress/wp-content/plugins/semantic-linkboss/semantic-linkboss.php(158): semantic_lb_activate()\n#5 /wordpress/wp-includes/class-wp-hook.php(324): semantic_lb_on_activate(false)\n#6 /wordpress/wp-includes/class-wp-hook.php(348): WP_Hook->apply_filters('', Array)\n#7 /wordpress/wp-includes/plugin.php(517): WP_Hook->do_action(Array)\n#8 /wordpress/wp-admin/includes/plugin.php(703): do_action('activate_semant...', false)\n#9 /internal/eval.php(20): activate_plugin('semantic-linkbo...')\n#10 {main}</pre>\n for query ALTER TABLE wp_linkboss_sync_batch CHANGE COLUMN status sent_status VARCHAR(20) NULL DEFAULT NULL COMMENT 'bool(1=Sent, NULL=Not Sent)' made by activate_plugin, do_action('activate_semantic-linkboss/semantic-linkboss.php'), WP_Hook->do_action, WP_Hook->apply_filters, semantic_lb_on_activate, semantic_lb_activate, SEMANTIC_LB\\Installer->run, SEMANTIC_LB\\Installer->create_tables, WP_SQLite_DB->query, WP_SQLite_DB->print_error",
    "log": "/logs/plugins/s/speak-sound-library/error.json"
  },
  {
    "message": "Function register_sidebar_widget is <strong>deprecated</strong> since version 2.8.0! Use wp_register_sidebar_widget() instead. in /wordpress/wp-includes/functions.php on line 6121",
    "level": "DEPRECATED",
    "type": "PHP",
    "test": "jspi-boot",
    "plugin": "speak-sound-library",
    "details": "[25-Apr-2025 15:31:45 UTC] PHP Deprecated:  Function register_sidebar_widget is <strong>deprecated</strong> since version 2.8.0! Use wp_register_sidebar_widget() instead. in /wordpress/wp-includes/functions.php on line 6121",
    "log": "/logs/plugins/s/speak-sound-library/error.json"
  },
  {
    "message": "Function register_sidebar_widget is <strong>deprecated</strong> since version 2.8.0! Use wp_register_sidebar_widget() instead. in /wordpress/wp-includes/functions.php on line 6121",
    "level": "DEPRECATED",
    "type": "PHP",
    "test": "jspi-boot",
    "plugin": "speak-sound-library",
    "details": "[25-Apr-2025 15:31:46 UTC] PHP Deprecated:  Function register_sidebar_widget is <strong>deprecated</strong> since version 2.8.0! Use wp_register_sidebar_widget() instead. in /wordpress/wp-includes/functions.php on line 6121",
    "log": "/logs/plugins/s/speak-sound-library/error.json"
  },
  {
    "message": "Function register_sidebar_widget is <strong>deprecated</strong> since version 2.8.0! Use wp_register_sidebar_widget() instead. in /wordpress/wp-includes/functions.php on line 6121",
    "level": "DEPRECATED",
    "type": "PHP",
    "test": "jspi-boot",
    "plugin": "speak-sound-library",
    "details": "[25-Apr-2025 15:31:53 UTC] PHP Deprecated:  Function register_sidebar_widget is <strong>deprecated</strong> since version 2.8.0! Use wp_register_sidebar_widget() instead. in /wordpress/wp-includes/functions.php on line 6121",
    "log": "/logs/plugins/s/speak-sound-library/error.json"
  },
  {
    "message": "Function register_sidebar_widget is <strong>deprecated</strong> since version 2.8.0! Use wp_register_sidebar_widget() instead. in /wordpress/wp-includes/functions.php on line 6121",
    "level": "DEPRECATED",
    "type": "PHP",
    "test": "jspi-boot",
    "plugin": "speak-sound-library",
    "details": "[25-Apr-2025 15:31:54 UTC] PHP Deprecated:  Function register_sidebar_widget is <strong>deprecated</strong> since version 2.8.0! Use wp_register_sidebar_widget() instead. in /wordpress/wp-includes/functions.php on line 6121",
    "log": "/logs/plugins/s/speak-sound-library/error.json"
  },
  {
    "message": "Function register_sidebar_widget is <strong>deprecated</strong> since version 2.8.0! Use wp_register_sidebar_widget() instead. in /wordpress/wp-includes/functions.php on line 6121",
    "level": "DEPRECATED",
    "type": "PHP",
    "test": "jspi-boot",
    "plugin": "speak-sound-library",
    "details": "[25-Apr-2025 15:32:02 UTC] PHP Deprecated:  Function register_sidebar_widget is <strong>deprecated</strong> since version 2.8.0! Use wp_register_sidebar_widget() instead. in /wordpress/wp-includes/functions.php on line 6121",
    "log": "/logs/plugins/s/speak-sound-library/error.json"
  },
  {
    "message": "Function register_sidebar_widget is <strong>deprecated</strong> since version 2.8.0! Use wp_register_sidebar_widget() instead. in /wordpress/wp-includes/functions.php on line 6121",
    "level": "DEPRECATED",
    "type": "PHP",
    "test": "jspi-boot",
    "plugin": "speak-sound-library",
    "details": "[25-Apr-2025 15:32:03 UTC] PHP Deprecated:  Function register_sidebar_widget is <strong>deprecated</strong> since version 2.8.0! Use wp_register_sidebar_widget() instead. in /wordpress/wp-includes/functions.php on line 6121",
    "log": "/logs/plugins/s/speak-sound-library/error.json"
  },
  {
    "message": "Please Enable Woocommerce Plugin before using TODO Plugin Name. in /wordpress/wp-content/plugins/sku-generator/sku-generator.php on line 29",
    "level": "FATAL",
    "type": "PHP",
    "test": "jspi-boot",
    "plugin": "speak-sound-library",
    "details": "[25-Apr-2025 15:33:34 UTC] PHP Fatal error:  Please Enable Woocommerce Plugin before using TODO Plugin Name. in /wordpress/wp-content/plugins/sku-generator/sku-generator.php on line 29",
    "log": "/logs/plugins/s/speak-sound-library/error.json"
  },
  {
    "message": "Please Enable Woocommerce Plugin before using TODO Plugin Name. in /wordpress/wp-content/plugins/sku-generator/sku-generator.php on line 29",
    "level": "FATAL",
    "type": "PHP",
    "test": "jspi-boot",
    "plugin": "speak-sound-library",
    "details": "[25-Apr-2025 15:33:43 UTC] PHP Fatal error:  Please Enable Woocommerce Plugin before using TODO Plugin Name. in /wordpress/wp-content/plugins/sku-generator/sku-generator.php on line 29",
    "log": "/logs/plugins/s/speak-sound-library/error.json"
  },
  {
    "message": "Please Enable Woocommerce Plugin before using TODO Plugin Name. in /wordpress/wp-content/plugins/sku-generator/sku-generator.php on line 29",
    "level": "FATAL",
    "type": "PHP",
    "test": "jspi-boot",
    "plugin": "speak-sound-library",
    "details": "[25-Apr-2025 15:33:51 UTC] PHP Fatal error:  Please Enable Woocommerce Plugin before using TODO Plugin Name. in /wordpress/wp-content/plugins/sku-generator/sku-generator.php on line 29",
    "log": "/logs/plugins/s/speak-sound-library/error.json"
  },
  {
    "message": "MySQL field type cannot be translated to SQLite: serial.",
    "level": "FATAL",
    "type": "SQL",
    "test": "jspi-boot",
    "plugin": "speak-sound-library",
    "details": "[25-Apr-2025 15:35:32 UTC] WordPress database error <div style=\"clear:both\">&nbsp;</div>\n<div class=\"queries\" style=\"clear:both;margin-bottom:2px;border:red dotted thin;\">\n<p>MySQL query:</p>\n<p>CREATE TABLE wp_sp_email_logs (\n        id SERIAL,\n        created_at TIMESTAMP NOT NULL DEFAULT CURRENT_TIMESTAMP,\n        wp_mail_args text NOT NULL,\n        subject varchar(255) NOT NULL,\n        content text NOT NULL,\n        response text NOT NULL,\n        PRIMARY KEY  (id)\n      ) DEFAULT CHARACTER SET utf8mb4</p>\n<p>Queries made or created this session were:</p>\n<ol>\n<li>Executing: BEGIN | (no parameters)</li>\n<li>Executing: ROLLBACK | (no parameters)</li>\n</ol>\n</div>\n<div style=\"clear:both;margin-bottom:2px;border:red dotted thin;\" class=\"error_message\" style=\"border-bottom:dotted blue thin;\">\nError occurred at line 4117 in Function <code>handle_error</code>. Error message was: MySQL field type cannot be translated to SQLite: serial.\n</div>\n<p>Backtrace:</p>\n<pre>#0 /internal/shared/sqlite-database-integration/wp-includes/sqlite/class-wp-sqlite-db.php(287): WP_SQLite_Translator->get_error_message()\n#1 /wordpress/wp-admin/includes/upgrade.php(3280): WP_SQLite_DB->query('CREATE TABLE wp...')\n#2 /wordpress/wp-content/plugins/sparkpost/sparkpost.class.php(88): dbDelta(Array)\n#3 /wordpress/wp-content/plugins/sparkpost/sparkpost.class.php(96): WPSparkPost\\SparkPost->install_email_log_table()\n#4 /wordpress/wp-content/plugins/sparkpost/sparkpost.class.php(66): WPSparkPost\\SparkPost->install_db()\n#5 /wordpress/wp-includes/class-wp-hook.php(324): WPSparkPost\\SparkPost->sp_activate(false)\n#6 /wordpress/wp-includes/class-wp-hook.php(348): WP_Hook->apply_filters('', Array)\n#7 /wordpress/wp-includes/plugin.php(517): WP_Hook->do_action(Array)\n#8 /wordpress/wp-admin/includes/plugin.php(703): do_action('activate_sparkp...', false)\n#9 /internal/eval.php(20): activate_plugin('sparkpost/wordp...')\n#10 {main}</pre>\n for query CREATE TABLE wp_sp_email_logs (\n        id SERIAL,\n        created_at TIMESTAMP NOT NULL DEFAULT CURRENT_TIMESTAMP,\n        wp_mail_args text NOT NULL,\n        subject varchar(255) NOT NULL,\n        content text NOT NULL,\n        response text NOT NULL,\n        PRIMARY KEY  (id)\n      ) DEFAULT CHARACTER SET utf8mb4 made by activate_plugin, do_action('activate_sparkpost/wordpress-sparkpost.php'), WP_Hook->do_action, WP_Hook->apply_filters, WPSparkPost\\SparkPost->sp_activate, WPSparkPost\\SparkPost->install_db, WPSparkPost\\SparkPost->install_email_log_table, dbDelta, WP_SQLite_DB->query, WP_SQLite_DB->print_error",
    "log": "/logs/plugins/s/speak-sound-library/error.json"
  },
  {
    "message": "MySQL field type cannot be translated to SQLite: serial.",
    "level": "FATAL",
    "type": "SQL",
    "test": "jspi-boot",
    "plugin": "speak-sound-library",
    "details": "[25-Apr-2025 15:35:42 UTC] WordPress database error <div style=\"clear:both\">&nbsp;</div>\n<div class=\"queries\" style=\"clear:both;margin-bottom:2px;border:red dotted thin;\">\n<p>MySQL query:</p>\n<p>CREATE TABLE wp_sp_email_logs (\n        id SERIAL,\n        created_at TIMESTAMP NOT NULL DEFAULT CURRENT_TIMESTAMP,\n        wp_mail_args text NOT NULL,\n        subject varchar(255) NOT NULL,\n        content text NOT NULL,\n        response text NOT NULL,\n        PRIMARY KEY  (id)\n      ) DEFAULT CHARACTER SET utf8mb4</p>\n<p>Queries made or created this session were:</p>\n<ol>\n<li>Executing: BEGIN | (no parameters)</li>\n<li>Executing: ROLLBACK | (no parameters)</li>\n</ol>\n</div>\n<div style=\"clear:both;margin-bottom:2px;border:red dotted thin;\" class=\"error_message\" style=\"border-bottom:dotted blue thin;\">\nError occurred at line 4117 in Function <code>handle_error</code>. Error message was: MySQL field type cannot be translated to SQLite: serial.\n</div>\n<p>Backtrace:</p>\n<pre>#0 /internal/shared/sqlite-database-integration/wp-includes/sqlite/class-wp-sqlite-db.php(287): WP_SQLite_Translator->get_error_message()\n#1 /wordpress/wp-admin/includes/upgrade.php(3280): WP_SQLite_DB->query('CREATE TABLE wp...')\n#2 /wordpress/wp-content/plugins/sparkpost/sparkpost.class.php(88): dbDelta(Array)\n#3 /wordpress/wp-content/plugins/sparkpost/sparkpost.class.php(96): WPSparkPost\\SparkPost->install_email_log_table()\n#4 /wordpress/wp-content/plugins/sparkpost/sparkpost.class.php(66): WPSparkPost\\SparkPost->install_db()\n#5 /wordpress/wp-includes/class-wp-hook.php(324): WPSparkPost\\SparkPost->sp_activate(false)\n#6 /wordpress/wp-includes/class-wp-hook.php(348): WP_Hook->apply_filters('', Array)\n#7 /wordpress/wp-includes/plugin.php(517): WP_Hook->do_action(Array)\n#8 /wordpress/wp-admin/includes/plugin.php(703): do_action('activate_sparkp...', false)\n#9 /internal/eval.php(20): activate_plugin('sparkpost/wordp...')\n#10 {main}</pre>\n for query CREATE TABLE wp_sp_email_logs (\n        id SERIAL,\n        created_at TIMESTAMP NOT NULL DEFAULT CURRENT_TIMESTAMP,\n        wp_mail_args text NOT NULL,\n        subject varchar(255) NOT NULL,\n        content text NOT NULL,\n        response text NOT NULL,\n        PRIMARY KEY  (id)\n      ) DEFAULT CHARACTER SET utf8mb4 made by activate_plugin, do_action('activate_sparkpost/wordpress-sparkpost.php'), WP_Hook->do_action, WP_Hook->apply_filters, WPSparkPost\\SparkPost->sp_activate, WPSparkPost\\SparkPost->install_db, WPSparkPost\\SparkPost->install_email_log_table, dbDelta, WP_SQLite_DB->query, WP_SQLite_DB->print_error",
    "log": "/logs/plugins/s/speak-sound-library/error.json"
  },
  {
    "message": "SQLSTATE[HY000]: General error: 1 no such table: wp_sirv_images.",
    "level": "FATAL",
    "type": "SQL",
    "test": "jspi-boot",
    "plugin": "speak-sound-library",
    "details": "[25-Apr-2025 15:36:03 UTC] WordPress database error <div style=\"clear:both\">&nbsp;</div>\n<div class=\"queries\" style=\"clear:both;margin-bottom:2px;border:red dotted thin;\">\n<p>MySQL query:</p>\n<p>SELECT count(*) FROM wp_sirv_images WHERE status = 'SYNCED'</p>\n<p>Queries made or created this session were:</p>\n<ol>\n<li>Executing: BEGIN | (no parameters)</li>\n<li>Executing: SELECT count(*) FROM wp_sirv_images WHERE status = :param0  | parameters: SYNCED</li>\n<li>Executing: ROLLBACK | (no parameters)</li>\n</ol>\n</div>\n<div style=\"clear:both;margin-bottom:2px;border:red dotted thin;\" class=\"error_message\" style=\"border-bottom:dotted blue thin;\">\nError occurred at line 4117 in Function <code>handle_error</code>. Error message was: SQLSTATE[HY000]: General error: 1 no such table: wp_sirv_images.\n</div>\n<p>Backtrace:</p>\n<pre>#0 /internal/shared/sqlite-database-integration/wp-includes/sqlite/class-wp-sqlite-db.php(287): WP_SQLite_Translator->get_error_message()\n#1 /wordpress/wp-includes/class-wpdb.php(3031): WP_SQLite_DB->query('SELECT count(*)...')\n#2 /wordpress/wp-content/plugins/sirv/sirv.php(3994): wpdb->get_var('SELECT count(*)...')\n#3 /wordpress/wp-content/plugins/sirv/sirv.php(1020): sirv_get_synced_count()\n#4 /wordpress/wp-content/plugins/sirv/sirv.php(695): sirv_fill_empty_options()\n#5 /wordpress/wp-includes/class-wp-hook.php(324): sirv_activation_callback(false)\n#6 /wordpress/wp-includes/class-wp-hook.php(348): WP_Hook->apply_filters('', Array)\n#7 /wordpress/wp-includes/plugin.php(517): WP_Hook->do_action(Array)\n#8 /wordpress/wp-admin/includes/plugin.php(703): do_action('activate_sirv/s...', false)\n#9 /internal/eval.php(20): activate_plugin('sirv/sirv.php')\n#10 {main}</pre>\n for query SELECT count(*) FROM wp_sirv_images WHERE status = 'SYNCED' made by activate_plugin, do_action('activate_sirv/sirv.php'), WP_Hook->do_action, WP_Hook->apply_filters, sirv_activation_callback, sirv_fill_empty_options, sirv_get_synced_count, WP_SQLite_DB->query, WP_SQLite_DB->print_error",
    "log": "/logs/plugins/s/speak-sound-library/error.json"
  },
  {
    "message": "Unknown show type: INDEXES FROM.",
    "level": "FATAL",
    "type": "SQL",
    "test": "jspi-boot",
    "plugin": "speak-sound-library",
    "details": "[25-Apr-2025 15:36:04 UTC] WordPress database error <div style=\"clear:both\">&nbsp;</div>\n<div class=\"queries\" style=\"clear:both;margin-bottom:2px;border:red dotted thin;\">\n<p>MySQL query:</p>\n<p>SHOW INDEXES FROM wp_sirv_images WHERE Column_name='attachment_id' AND NOT Non_unique</p>\n<p>Queries made or created this session were:</p>\n<ol>\n<li>Executing: BEGIN | (no parameters)</li>\n<li>Executing: ROLLBACK | (no parameters)</li>\n</ol>\n</div>\n<div style=\"clear:both;margin-bottom:2px;border:red dotted thin;\" class=\"error_message\" style=\"border-bottom:dotted blue thin;\">\nError occurred at line 4117 in Function <code>handle_error</code>. Error message was: Unknown show type: INDEXES FROM.\n</div>\n<p>Backtrace:</p>\n<pre>#0 /internal/shared/sqlite-database-integration/wp-includes/sqlite/class-wp-sqlite-db.php(287): WP_SQLite_Translator->get_error_message()\n#1 /wordpress/wp-includes/class-wpdb.php(3146): WP_SQLite_DB->query('SHOW INDEXES FR...')\n#2 /wordpress/wp-content/plugins/sirv/sirv.php(2003): wpdb->get_results('SHOW INDEXES FR...', 'ARRAY_A')\n#3 /wordpress/wp-content/plugins/sirv/sirv.php(768): sirv_is_unique_field('attachment_id')\n#4 /wordpress/wp-content/plugins/sirv/sirv.php(718): sirv_upgrade_plugin()\n#5 /wordpress/wp-includes/class-wp-hook.php(324): sirv_activation_callback(false)\n#6 /wordpress/wp-includes/class-wp-hook.php(348): WP_Hook->apply_filters('', Array)\n#7 /wordpress/wp-includes/plugin.php(517): WP_Hook->do_action(Array)\n#8 /wordpress/wp-admin/includes/plugin.php(703): do_action('activate_sirv/s...', false)\n#9 /internal/eval.php(20): activate_plugin('sirv/sirv.php')\n#10 {main}</pre>\n for query SHOW INDEXES FROM wp_sirv_images WHERE Column_name='attachment_id' AND NOT Non_unique made by activate_plugin, do_action('activate_sirv/sirv.php'), WP_Hook->do_action, WP_Hook->apply_filters, sirv_activation_callback, sirv_upgrade_plugin, sirv_is_unique_field, WP_SQLite_DB->query, WP_SQLite_DB->print_error",
    "log": "/logs/plugins/s/speak-sound-library/error.json"
  },
  {
    "message": "SQLSTATE[HY000]: General error: 1 near \")\": syntax error.",
    "level": "FATAL",
    "type": "SQL",
    "test": "jspi-boot",
    "plugin": "speak-sound-library",
    "details": "[25-Apr-2025 15:36:04 UTC] WordPress database error <div style=\"clear:both\">&nbsp;</div>\n<div class=\"queries\" style=\"clear:both;margin-bottom:2px;border:red dotted thin;\">\n<p>MySQL query:</p>\n<p>ALTER TABLE wp_sirv_images ADD UNIQUE (attachment_id)</p>\n<p>Queries made or created this session were:</p>\n<ol>\n<li>Executing: BEGIN | (no parameters)</li>\n<li>Executing: INSERT INTO _mysql_data_types_cache (`table`, `column_or_index`, `mysql_type`)\n\t\t\t\tVALUES (:table, :column, :datatype)\n\t\t\t\tON CONFLICT(`table`, `column_or_index`) DO UPDATE SET `mysql_type` = :datatype\n\t\t\t | parameters: wp_sirv_images, wp_sirv_images__(, UNIQUE</li>\n<li>Executing: CREATE UNIQUE INDEX &quot;wp_sirv_images__(&quot; ON &quot;wp_sirv_images&quot; () | (no parameters)</li>\n<li>Executing: ROLLBACK | (no parameters)</li>\n</ol>\n</div>\n<div style=\"clear:both;margin-bottom:2px;border:red dotted thin;\" class=\"error_message\" style=\"border-bottom:dotted blue thin;\">\nError occurred at line 4117 in Function <code>handle_error</code>. Error message was: SQLSTATE[HY000]: General error: 1 near \")\": syntax error.\n</div>\n<p>Backtrace:</p>\n<pre>#0 /internal/shared/sqlite-database-integration/wp-includes/sqlite/class-wp-sqlite-db.php(287): WP_SQLite_Translator->get_error_message()\n#1 /wordpress/wp-content/plugins/sirv/sirv.php(2040): WP_SQLite_DB->query('ALTER TABLE wp_...')\n#2 /wordpress/wp-content/plugins/sirv/sirv.php(769): sirv_set_unique_field('attachment_id')\n#3 /wordpress/wp-content/plugins/sirv/sirv.php(718): sirv_upgrade_plugin()\n#4 /wordpress/wp-includes/class-wp-hook.php(324): sirv_activation_callback(false)\n#5 /wordpress/wp-includes/class-wp-hook.php(348): WP_Hook->apply_filters('', Array)\n#6 /wordpress/wp-includes/plugin.php(517): WP_Hook->do_action(Array)\n#7 /wordpress/wp-admin/includes/plugin.php(703): do_action('activate_sirv/s...', false)\n#8 /internal/eval.php(20): activate_plugin('sirv/sirv.php')\n#9 {main}</pre>\n for query ALTER TABLE wp_sirv_images ADD UNIQUE (attachment_id) made by activate_plugin, do_action('activate_sirv/sirv.php'), WP_Hook->do_action, WP_Hook->apply_filters, sirv_activation_callback, sirv_upgrade_plugin, sirv_set_unique_field, WP_SQLite_DB->query, WP_SQLite_DB->print_error",
    "log": "/logs/plugins/s/speak-sound-library/error.json"
  },
  {
    "message": "SQLSTATE[HY000]: General error: 1 near \",\": syntax error.",
    "level": "FATAL",
    "type": "SQL",
    "test": "jspi-boot",
    "plugin": "speak-sound-library",
    "details": "[25-Apr-2025 15:36:04 UTC] WordPress database error <div style=\"clear:both\">&nbsp;</div>\n<div class=\"queries\" style=\"clear:both;margin-bottom:2px;border:red dotted thin;\">\n<p>MySQL query:</p>\n<p>ALTER TABLE wp_sirv_images\n                  DROP `sirvpath`,\n                  DROP `sirv_image_url`,\n                  DROP `sirv_folder`</p>\n<p>Queries made or created this session were:</p>\n<ol>\n<li>Executing: BEGIN | (no parameters)</li>\n<li>Executing: ALTER TABLE wp_sirv_images\n                  DROP `sirvpath`,\n                  DROP `sirv_image_url`,\n                  DROP `sirv_folder` | (no parameters)</li>\n<li>Executing: ROLLBACK | (no parameters)</li>\n</ol>\n</div>\n<div style=\"clear:both;margin-bottom:2px;border:red dotted thin;\" class=\"error_message\" style=\"border-bottom:dotted blue thin;\">\nError occurred at line 4117 in Function <code>handle_error</code>. Error message was: SQLSTATE[HY000]: General error: 1 near \",\": syntax error.\n</div>\n<p>Backtrace:</p>\n<pre>#0 /internal/shared/sqlite-database-integration/wp-includes/sqlite/class-wp-sqlite-db.php(287): WP_SQLite_Translator->get_error_message()\n#1 /wordpress/wp-content/plugins/sirv/sirv.php(1054): WP_SQLite_DB->query('ALTER TABLE wp_...')\n#2 /wordpress/wp-content/plugins/sirv/sirv.php(772): sirv_fix_db()\n#3 /wordpress/wp-content/plugins/sirv/sirv.php(718): sirv_upgrade_plugin()\n#4 /wordpress/wp-includes/class-wp-hook.php(324): sirv_activation_callback(false)\n#5 /wordpress/wp-includes/class-wp-hook.php(348): WP_Hook->apply_filters('', Array)\n#6 /wordpress/wp-includes/plugin.php(517): WP_Hook->do_action(Array)\n#7 /wordpress/wp-admin/includes/plugin.php(703): do_action('activate_sirv/s...', false)\n#8 /internal/eval.php(20): activate_plugin('sirv/sirv.php')\n#9 {main}</pre>\n for query ALTER TABLE wp_sirv_images\n                  DROP `sirvpath`,\n                  DROP `sirv_image_url`,\n                  DROP `sirv_folder` made by activate_plugin, do_action('activate_sirv/sirv.php'), WP_Hook->do_action, WP_Hook->apply_filters, sirv_activation_callback, sirv_upgrade_plugin, sirv_fix_db, WP_SQLite_DB->query, WP_SQLite_DB->print_error",
    "log": "/logs/plugins/s/speak-sound-library/error.json"
  },
  {
    "message": "SQLSTATE[HY000]: General error: 1 duplicate column name: checks.",
    "level": "FATAL",
    "type": "SQL",
    "test": "jspi-boot",
    "plugin": "speak-sound-library",
    "details": "[25-Apr-2025 15:36:04 UTC] WordPress database error <div style=\"clear:both\">&nbsp;</div>\n<div class=\"queries\" style=\"clear:both;margin-bottom:2px;border:red dotted thin;\">\n<p>MySQL query:</p>\n<p>ALTER TABLE wp_sirv_images ADD `checks` TINYINT UNSIGNED NULL DEFAULT 0 AFTER `timestamp_synced`</p>\n<p>Queries made or created this session were:</p>\n<ol>\n<li>Executing: BEGIN | (no parameters)</li>\n<li>Executing: INSERT INTO _mysql_data_types_cache (`table`, `column_or_index`, `mysql_type`)\n\t\t\t\tVALUES (:table, :column, :datatype)\n\t\t\t\tON CONFLICT(`table`, `column_or_index`) DO UPDATE SET `mysql_type` = :datatype\n\t\t\t | parameters: wp_sirv_images, `CHECKS`, tinyint UNSIGNED</li>\n<li>Executing: ALTER TABLE wp_sirv_images ADD `checks`  integer NULL DEFAULT 0   | (no parameters)</li>\n<li>Executing: ROLLBACK | (no parameters)</li>\n</ol>\n</div>\n<div style=\"clear:both;margin-bottom:2px;border:red dotted thin;\" class=\"error_message\" style=\"border-bottom:dotted blue thin;\">\nError occurred at line 4117 in Function <code>handle_error</code>. Error message was: SQLSTATE[HY000]: General error: 1 duplicate column name: checks.\n</div>\n<p>Backtrace:</p>\n<pre>#0 /internal/shared/sqlite-database-integration/wp-includes/sqlite/class-wp-sqlite-db.php(287): WP_SQLite_Translator->get_error_message()\n#1 /wordpress/wp-content/plugins/sirv/sirv.php(1058): WP_SQLite_DB->query('ALTER TABLE wp_...')\n#2 /wordpress/wp-content/plugins/sirv/sirv.php(772): sirv_fix_db()\n#3 /wordpress/wp-content/plugins/sirv/sirv.php(718): sirv_upgrade_plugin()\n#4 /wordpress/wp-includes/class-wp-hook.php(324): sirv_activation_callback(false)\n#5 /wordpress/wp-includes/class-wp-hook.php(348): WP_Hook->apply_filters('', Array)\n#6 /wordpress/wp-includes/plugin.php(517): WP_Hook->do_action(Array)\n#7 /wordpress/wp-admin/includes/plugin.php(703): do_action('activate_sirv/s...', false)\n#8 /internal/eval.php(20): activate_plugin('sirv/sirv.php')\n#9 {main}</pre>\n for query ALTER TABLE wp_sirv_images ADD `checks` TINYINT UNSIGNED NULL DEFAULT 0 AFTER `timestamp_synced` made by activate_plugin, do_action('activate_sirv/sirv.php'), WP_Hook->do_action, WP_Hook->apply_filters, sirv_activation_callback, sirv_upgrade_plugin, sirv_fix_db, WP_SQLite_DB->query, WP_SQLite_DB->print_error",
    "log": "/logs/plugins/s/speak-sound-library/error.json"
  },
  {
    "message": "SQLSTATE[HY000]: General error: 1 duplicate column name: timestamp_checks.",
    "level": "FATAL",
    "type": "SQL",
    "test": "jspi-boot",
    "plugin": "speak-sound-library",
    "details": "[25-Apr-2025 15:36:04 UTC] WordPress database error <div style=\"clear:both\">&nbsp;</div>\n<div class=\"queries\" style=\"clear:both;margin-bottom:2px;border:red dotted thin;\">\n<p>MySQL query:</p>\n<p>ALTER TABLE wp_sirv_images ADD `timestamp_checks` INT NULL DEFAULT NULL AFTER `checks`</p>\n<p>Queries made or created this session were:</p>\n<ol>\n<li>Executing: BEGIN | (no parameters)</li>\n<li>Executing: INSERT INTO _mysql_data_types_cache (`table`, `column_or_index`, `mysql_type`)\n\t\t\t\tVALUES (:table, :column, :datatype)\n\t\t\t\tON CONFLICT(`table`, `column_or_index`) DO UPDATE SET `mysql_type` = :datatype\n\t\t\t | parameters: wp_sirv_images, `TIMESTAMP_CHECKS`, int</li>\n<li>Executing: ALTER TABLE wp_sirv_images ADD `timestamp_checks` integer NULL DEFAULT NULL   | (no parameters)</li>\n<li>Executing: ROLLBACK | (no parameters)</li>\n</ol>\n</div>\n<div style=\"clear:both;margin-bottom:2px;border:red dotted thin;\" class=\"error_message\" style=\"border-bottom:dotted blue thin;\">\nError occurred at line 4117 in Function <code>handle_error</code>. Error message was: SQLSTATE[HY000]: General error: 1 duplicate column name: timestamp_checks.\n</div>\n<p>Backtrace:</p>\n<pre>#0 /internal/shared/sqlite-database-integration/wp-includes/sqlite/class-wp-sqlite-db.php(287): WP_SQLite_Translator->get_error_message()\n#1 /wordpress/wp-content/plugins/sirv/sirv.php(1059): WP_SQLite_DB->query('ALTER TABLE wp_...')\n#2 /wordpress/wp-content/plugins/sirv/sirv.php(772): sirv_fix_db()\n#3 /wordpress/wp-content/plugins/sirv/sirv.php(718): sirv_upgrade_plugin()\n#4 /wordpress/wp-includes/class-wp-hook.php(324): sirv_activation_callback(false)\n#5 /wordpress/wp-includes/class-wp-hook.php(348): WP_Hook->apply_filters('', Array)\n#6 /wordpress/wp-includes/plugin.php(517): WP_Hook->do_action(Array)\n#7 /wordpress/wp-admin/includes/plugin.php(703): do_action('activate_sirv/s...', false)\n#8 /internal/eval.php(20): activate_plugin('sirv/sirv.php')\n#9 {main}</pre>\n for query ALTER TABLE wp_sirv_images ADD `timestamp_checks` INT NULL DEFAULT NULL AFTER `checks` made by activate_plugin, do_action('activate_sirv/sirv.php'), WP_Hook->do_action, WP_Hook->apply_filters, sirv_activation_callback, sirv_upgrade_plugin, sirv_fix_db, WP_SQLite_DB->query, WP_SQLite_DB->print_error",
    "log": "/logs/plugins/s/speak-sound-library/error.json"
  },
  {
    "message": "SQLSTATE[HY000]: General error: 1 duplicate column name: status.",
    "level": "FATAL",
    "type": "SQL",
    "test": "jspi-boot",
    "plugin": "speak-sound-library",
    "details": "[25-Apr-2025 15:36:04 UTC] WordPress database error <div style=\"clear:both\">&nbsp;</div>\n<div class=\"queries\" style=\"clear:both;margin-bottom:2px;border:red dotted thin;\">\n<p>MySQL query:</p>\n<p>ALTER TABLE wp_sirv_images ADD `status` enum('NEW', 'PROCESSING', 'SYNCED', 'FAILED') DEFAULT NULL AFTER `size`</p>\n<p>Queries made or created this session were:</p>\n<ol>\n<li>Executing: BEGIN | (no parameters)</li>\n<li>Executing: INSERT INTO _mysql_data_types_cache (`table`, `column_or_index`, `mysql_type`)\n\t\t\t\tVALUES (:table, :column, :datatype)\n\t\t\t\tON CONFLICT(`table`, `column_or_index`) DO UPDATE SET `mysql_type` = :datatype\n\t\t\t | parameters: wp_sirv_images, `STATUS`, enum('NEW','PROCESSING','SYNCED','FAILED')</li>\n<li>Executing: ALTER TABLE wp_sirv_images ADD `status`    text DEFAULT NULL   | (no parameters)</li>\n<li>Executing: ROLLBACK | (no parameters)</li>\n</ol>\n</div>\n<div style=\"clear:both;margin-bottom:2px;border:red dotted thin;\" class=\"error_message\" style=\"border-bottom:dotted blue thin;\">\nError occurred at line 4117 in Function <code>handle_error</code>. Error message was: SQLSTATE[HY000]: General error: 1 duplicate column name: status.\n</div>\n<p>Backtrace:</p>\n<pre>#0 /internal/shared/sqlite-database-integration/wp-includes/sqlite/class-wp-sqlite-db.php(287): WP_SQLite_Translator->get_error_message()\n#1 /wordpress/wp-content/plugins/sirv/sirv.php(1060): WP_SQLite_DB->query('ALTER TABLE wp_...')\n#2 /wordpress/wp-content/plugins/sirv/sirv.php(772): sirv_fix_db()\n#3 /wordpress/wp-content/plugins/sirv/sirv.php(718): sirv_upgrade_plugin()\n#4 /wordpress/wp-includes/class-wp-hook.php(324): sirv_activation_callback(false)\n#5 /wordpress/wp-includes/class-wp-hook.php(348): WP_Hook->apply_filters('', Array)\n#6 /wordpress/wp-includes/plugin.php(517): WP_Hook->do_action(Array)\n#7 /wordpress/wp-admin/includes/plugin.php(703): do_action('activate_sirv/s...', false)\n#8 /internal/eval.php(20): activate_plugin('sirv/sirv.php')\n#9 {main}</pre>\n for query ALTER TABLE wp_sirv_images ADD `status` enum('NEW', 'PROCESSING', 'SYNCED', 'FAILED') DEFAULT NULL AFTER `size` made by activate_plugin, do_action('activate_sirv/sirv.php'), WP_Hook->do_action, WP_Hook->apply_filters, sirv_activation_callback, sirv_upgrade_plugin, sirv_fix_db, WP_SQLite_DB->query, WP_SQLite_DB->print_error",
    "log": "/logs/plugins/s/speak-sound-library/error.json"
  },
  {
    "message": "SQLSTATE[HY000]: General error: 1 duplicate column name: error_type.",
    "level": "FATAL",
    "type": "SQL",
    "test": "jspi-boot",
    "plugin": "speak-sound-library",
    "details": "[25-Apr-2025 15:36:04 UTC] WordPress database error <div style=\"clear:both\">&nbsp;</div>\n<div class=\"queries\" style=\"clear:both;margin-bottom:2px;border:red dotted thin;\">\n<p>MySQL query:</p>\n<p>ALTER TABLE wp_sirv_images ADD `error_type` TINYINT UNSIGNED NULL DEFAULT NULL AFTER `status`</p>\n<p>Queries made or created this session were:</p>\n<ol>\n<li>Executing: BEGIN | (no parameters)</li>\n<li>Executing: INSERT INTO _mysql_data_types_cache (`table`, `column_or_index`, `mysql_type`)\n\t\t\t\tVALUES (:table, :column, :datatype)\n\t\t\t\tON CONFLICT(`table`, `column_or_index`) DO UPDATE SET `mysql_type` = :datatype\n\t\t\t | parameters: wp_sirv_images, `ERROR_TYPE`, tinyint UNSIGNED</li>\n<li>Executing: ALTER TABLE wp_sirv_images ADD `error_type`  integer NULL DEFAULT NULL   | (no parameters)</li>\n<li>Executing: ROLLBACK | (no parameters)</li>\n</ol>\n</div>\n<div style=\"clear:both;margin-bottom:2px;border:red dotted thin;\" class=\"error_message\" style=\"border-bottom:dotted blue thin;\">\nError occurred at line 4117 in Function <code>handle_error</code>. Error message was: SQLSTATE[HY000]: General error: 1 duplicate column name: error_type.\n</div>\n<p>Backtrace:</p>\n<pre>#0 /internal/shared/sqlite-database-integration/wp-includes/sqlite/class-wp-sqlite-db.php(287): WP_SQLite_Translator->get_error_message()\n#1 /wordpress/wp-content/plugins/sirv/sirv.php(1061): WP_SQLite_DB->query('ALTER TABLE wp_...')\n#2 /wordpress/wp-content/plugins/sirv/sirv.php(772): sirv_fix_db()\n#3 /wordpress/wp-content/plugins/sirv/sirv.php(718): sirv_upgrade_plugin()\n#4 /wordpress/wp-includes/class-wp-hook.php(324): sirv_activation_callback(false)\n#5 /wordpress/wp-includes/class-wp-hook.php(348): WP_Hook->apply_filters('', Array)\n#6 /wordpress/wp-includes/plugin.php(517): WP_Hook->do_action(Array)\n#7 /wordpress/wp-admin/includes/plugin.php(703): do_action('activate_sirv/s...', false)\n#8 /internal/eval.php(20): activate_plugin('sirv/sirv.php')\n#9 {main}</pre>\n for query ALTER TABLE wp_sirv_images ADD `error_type` TINYINT UNSIGNED NULL DEFAULT NULL AFTER `status` made by activate_plugin, do_action('activate_sirv/sirv.php'), WP_Hook->do_action, WP_Hook->apply_filters, sirv_activation_callback, sirv_upgrade_plugin, sirv_fix_db, WP_SQLite_DB->query, WP_SQLite_DB->print_error",
    "log": "/logs/plugins/s/speak-sound-library/error.json"
  },
  {
    "message": "SQLSTATE[HY000]: General error: 1 near \"SET\": syntax error.",
    "level": "FATAL",
    "type": "SQL",
    "test": "jspi-boot",
    "plugin": "speak-sound-library",
    "details": "[25-Apr-2025 15:36:04 UTC] WordPress database error <div style=\"clear:both\">&nbsp;</div>\n<div class=\"queries\" style=\"clear:both;margin-bottom:2px;border:red dotted thin;\">\n<p>MySQL query:</p>\n<p>ALTER TABLE wp_sirv_images ADD `sirv_path` VARCHAR(1000) CHARACTER SET utf8 COLLATE utf8_general_ci NULL DEFAULT NULL AFTER `img_path`</p>\n<p>Queries made or created this session were:</p>\n<ol>\n<li>Executing: BEGIN | (no parameters)</li>\n<li>Executing: INSERT INTO _mysql_data_types_cache (`table`, `column_or_index`, `mysql_type`)\n\t\t\t\tVALUES (:table, :column, :datatype)\n\t\t\t\tON CONFLICT(`table`, `column_or_index`) DO UPDATE SET `mysql_type` = :datatype\n\t\t\t | parameters: wp_sirv_images, `SIRV_PATH`, varchar(1000)</li>\n<li>Executing: ALTER TABLE wp_sirv_images ADD `sirv_path` text CHARACTER SET utf8 COLLATE utf8_general_ci NULL DEFAULT NULL   | (no parameters)</li>\n<li>Executing: ROLLBACK | (no parameters)</li>\n</ol>\n</div>\n<div style=\"clear:both;margin-bottom:2px;border:red dotted thin;\" class=\"error_message\" style=\"border-bottom:dotted blue thin;\">\nError occurred at line 4117 in Function <code>handle_error</code>. Error message was: SQLSTATE[HY000]: General error: 1 near \"SET\": syntax error.\n</div>\n<p>Backtrace:</p>\n<pre>#0 /internal/shared/sqlite-database-integration/wp-includes/sqlite/class-wp-sqlite-db.php(287): WP_SQLite_Translator->get_error_message()\n#1 /wordpress/wp-content/plugins/sirv/sirv.php(1062): WP_SQLite_DB->query('ALTER TABLE wp_...')\n#2 /wordpress/wp-content/plugins/sirv/sirv.php(772): sirv_fix_db()\n#3 /wordpress/wp-content/plugins/sirv/sirv.php(718): sirv_upgrade_plugin()\n#4 /wordpress/wp-includes/class-wp-hook.php(324): sirv_activation_callback(false)\n#5 /wordpress/wp-includes/class-wp-hook.php(348): WP_Hook->apply_filters('', Array)\n#6 /wordpress/wp-includes/plugin.php(517): WP_Hook->do_action(Array)\n#7 /wordpress/wp-admin/includes/plugin.php(703): do_action('activate_sirv/s...', false)\n#8 /internal/eval.php(20): activate_plugin('sirv/sirv.php')\n#9 {main}</pre>\n for query ALTER TABLE wp_sirv_images ADD `sirv_path` VARCHAR(1000) CHARACTER SET utf8 COLLATE utf8_general_ci NULL DEFAULT NULL AFTER `img_path` made by activate_plugin, do_action('activate_sirv/sirv.php'), WP_Hook->do_action, WP_Hook->apply_filters, sirv_activation_callback, sirv_upgrade_plugin, sirv_fix_db, WP_SQLite_DB->query, WP_SQLite_DB->print_error",
    "log": "/logs/plugins/s/speak-sound-library/error.json"
  },
  {
    "message": "SQLSTATE[HY000]: General error: 1 no such table: wp_sirv_images.",
    "level": "FATAL",
    "type": "SQL",
    "test": "jspi-boot",
    "plugin": "speak-sound-library",
    "details": "[25-Apr-2025 15:36:15 UTC] WordPress database error <div style=\"clear:both\">&nbsp;</div>\n<div class=\"queries\" style=\"clear:both;margin-bottom:2px;border:red dotted thin;\">\n<p>MySQL query:</p>\n<p>SELECT count(*) FROM wp_sirv_images WHERE status = 'SYNCED'</p>\n<p>Queries made or created this session were:</p>\n<ol>\n<li>Executing: BEGIN | (no parameters)</li>\n<li>Executing: SELECT count(*) FROM wp_sirv_images WHERE status = :param0  | parameters: SYNCED</li>\n<li>Executing: ROLLBACK | (no parameters)</li>\n</ol>\n</div>\n<div style=\"clear:both;margin-bottom:2px;border:red dotted thin;\" class=\"error_message\" style=\"border-bottom:dotted blue thin;\">\nError occurred at line 4117 in Function <code>handle_error</code>. Error message was: SQLSTATE[HY000]: General error: 1 no such table: wp_sirv_images.\n</div>\n<p>Backtrace:</p>\n<pre>#0 /internal/shared/sqlite-database-integration/wp-includes/sqlite/class-wp-sqlite-db.php(287): WP_SQLite_Translator->get_error_message()\n#1 /wordpress/wp-includes/class-wpdb.php(3031): WP_SQLite_DB->query('SELECT count(*)...')\n#2 /wordpress/wp-content/plugins/sirv/sirv.php(3994): wpdb->get_var('SELECT count(*)...')\n#3 /wordpress/wp-content/plugins/sirv/sirv.php(1020): sirv_get_synced_count()\n#4 /wordpress/wp-content/plugins/sirv/sirv.php(695): sirv_fill_empty_options()\n#5 /wordpress/wp-includes/class-wp-hook.php(324): sirv_activation_callback(false)\n#6 /wordpress/wp-includes/class-wp-hook.php(348): WP_Hook->apply_filters('', Array)\n#7 /wordpress/wp-includes/plugin.php(517): WP_Hook->do_action(Array)\n#8 /wordpress/wp-admin/includes/plugin.php(703): do_action('activate_sirv/s...', false)\n#9 /internal/eval.php(20): activate_plugin('sirv/sirv.php')\n#10 {main}</pre>\n for query SELECT count(*) FROM wp_sirv_images WHERE status = 'SYNCED' made by activate_plugin, do_action('activate_sirv/sirv.php'), WP_Hook->do_action, WP_Hook->apply_filters, sirv_activation_callback, sirv_fill_empty_options, sirv_get_synced_count, WP_SQLite_DB->query, WP_SQLite_DB->print_error",
    "log": "/logs/plugins/s/speak-sound-library/error.json"
  },
  {
    "message": "Unknown show type: INDEXES FROM.",
    "level": "FATAL",
    "type": "SQL",
    "test": "jspi-boot",
    "plugin": "speak-sound-library",
    "details": "[25-Apr-2025 15:36:16 UTC] WordPress database error <div style=\"clear:both\">&nbsp;</div>\n<div class=\"queries\" style=\"clear:both;margin-bottom:2px;border:red dotted thin;\">\n<p>MySQL query:</p>\n<p>SHOW INDEXES FROM wp_sirv_images WHERE Column_name='attachment_id' AND NOT Non_unique</p>\n<p>Queries made or created this session were:</p>\n<ol>\n<li>Executing: BEGIN | (no parameters)</li>\n<li>Executing: ROLLBACK | (no parameters)</li>\n</ol>\n</div>\n<div style=\"clear:both;margin-bottom:2px;border:red dotted thin;\" class=\"error_message\" style=\"border-bottom:dotted blue thin;\">\nError occurred at line 4117 in Function <code>handle_error</code>. Error message was: Unknown show type: INDEXES FROM.\n</div>\n<p>Backtrace:</p>\n<pre>#0 /internal/shared/sqlite-database-integration/wp-includes/sqlite/class-wp-sqlite-db.php(287): WP_SQLite_Translator->get_error_message()\n#1 /wordpress/wp-includes/class-wpdb.php(3146): WP_SQLite_DB->query('SHOW INDEXES FR...')\n#2 /wordpress/wp-content/plugins/sirv/sirv.php(2003): wpdb->get_results('SHOW INDEXES FR...', 'ARRAY_A')\n#3 /wordpress/wp-content/plugins/sirv/sirv.php(768): sirv_is_unique_field('attachment_id')\n#4 /wordpress/wp-content/plugins/sirv/sirv.php(718): sirv_upgrade_plugin()\n#5 /wordpress/wp-includes/class-wp-hook.php(324): sirv_activation_callback(false)\n#6 /wordpress/wp-includes/class-wp-hook.php(348): WP_Hook->apply_filters('', Array)\n#7 /wordpress/wp-includes/plugin.php(517): WP_Hook->do_action(Array)\n#8 /wordpress/wp-admin/includes/plugin.php(703): do_action('activate_sirv/s...', false)\n#9 /internal/eval.php(20): activate_plugin('sirv/sirv.php')\n#10 {main}</pre>\n for query SHOW INDEXES FROM wp_sirv_images WHERE Column_name='attachment_id' AND NOT Non_unique made by activate_plugin, do_action('activate_sirv/sirv.php'), WP_Hook->do_action, WP_Hook->apply_filters, sirv_activation_callback, sirv_upgrade_plugin, sirv_is_unique_field, WP_SQLite_DB->query, WP_SQLite_DB->print_error",
    "log": "/logs/plugins/s/speak-sound-library/error.json"
  },
  {
    "message": "SQLSTATE[HY000]: General error: 1 near \")\": syntax error.",
    "level": "FATAL",
    "type": "SQL",
    "test": "jspi-boot",
    "plugin": "speak-sound-library",
    "details": "[25-Apr-2025 15:36:16 UTC] WordPress database error <div style=\"clear:both\">&nbsp;</div>\n<div class=\"queries\" style=\"clear:both;margin-bottom:2px;border:red dotted thin;\">\n<p>MySQL query:</p>\n<p>ALTER TABLE wp_sirv_images ADD UNIQUE (attachment_id)</p>\n<p>Queries made or created this session were:</p>\n<ol>\n<li>Executing: BEGIN | (no parameters)</li>\n<li>Executing: INSERT INTO _mysql_data_types_cache (`table`, `column_or_index`, `mysql_type`)\n\t\t\t\tVALUES (:table, :column, :datatype)\n\t\t\t\tON CONFLICT(`table`, `column_or_index`) DO UPDATE SET `mysql_type` = :datatype\n\t\t\t | parameters: wp_sirv_images, wp_sirv_images__(, UNIQUE</li>\n<li>Executing: CREATE UNIQUE INDEX &quot;wp_sirv_images__(&quot; ON &quot;wp_sirv_images&quot; () | (no parameters)</li>\n<li>Executing: ROLLBACK | (no parameters)</li>\n</ol>\n</div>\n<div style=\"clear:both;margin-bottom:2px;border:red dotted thin;\" class=\"error_message\" style=\"border-bottom:dotted blue thin;\">\nError occurred at line 4117 in Function <code>handle_error</code>. Error message was: SQLSTATE[HY000]: General error: 1 near \")\": syntax error.\n</div>\n<p>Backtrace:</p>\n<pre>#0 /internal/shared/sqlite-database-integration/wp-includes/sqlite/class-wp-sqlite-db.php(287): WP_SQLite_Translator->get_error_message()\n#1 /wordpress/wp-content/plugins/sirv/sirv.php(2040): WP_SQLite_DB->query('ALTER TABLE wp_...')\n#2 /wordpress/wp-content/plugins/sirv/sirv.php(769): sirv_set_unique_field('attachment_id')\n#3 /wordpress/wp-content/plugins/sirv/sirv.php(718): sirv_upgrade_plugin()\n#4 /wordpress/wp-includes/class-wp-hook.php(324): sirv_activation_callback(false)\n#5 /wordpress/wp-includes/class-wp-hook.php(348): WP_Hook->apply_filters('', Array)\n#6 /wordpress/wp-includes/plugin.php(517): WP_Hook->do_action(Array)\n#7 /wordpress/wp-admin/includes/plugin.php(703): do_action('activate_sirv/s...', false)\n#8 /internal/eval.php(20): activate_plugin('sirv/sirv.php')\n#9 {main}</pre>\n for query ALTER TABLE wp_sirv_images ADD UNIQUE (attachment_id) made by activate_plugin, do_action('activate_sirv/sirv.php'), WP_Hook->do_action, WP_Hook->apply_filters, sirv_activation_callback, sirv_upgrade_plugin, sirv_set_unique_field, WP_SQLite_DB->query, WP_SQLite_DB->print_error",
    "log": "/logs/plugins/s/speak-sound-library/error.json"
  },
  {
    "message": "SQLSTATE[HY000]: General error: 1 near \",\": syntax error.",
    "level": "FATAL",
    "type": "SQL",
    "test": "jspi-boot",
    "plugin": "speak-sound-library",
    "details": "[25-Apr-2025 15:36:16 UTC] WordPress database error <div style=\"clear:both\">&nbsp;</div>\n<div class=\"queries\" style=\"clear:both;margin-bottom:2px;border:red dotted thin;\">\n<p>MySQL query:</p>\n<p>ALTER TABLE wp_sirv_images\n                  DROP `sirvpath`,\n                  DROP `sirv_image_url`,\n                  DROP `sirv_folder`</p>\n<p>Queries made or created this session were:</p>\n<ol>\n<li>Executing: BEGIN | (no parameters)</li>\n<li>Executing: ALTER TABLE wp_sirv_images\n                  DROP `sirvpath`,\n                  DROP `sirv_image_url`,\n                  DROP `sirv_folder` | (no parameters)</li>\n<li>Executing: ROLLBACK | (no parameters)</li>\n</ol>\n</div>\n<div style=\"clear:both;margin-bottom:2px;border:red dotted thin;\" class=\"error_message\" style=\"border-bottom:dotted blue thin;\">\nError occurred at line 4117 in Function <code>handle_error</code>. Error message was: SQLSTATE[HY000]: General error: 1 near \",\": syntax error.\n</div>\n<p>Backtrace:</p>\n<pre>#0 /internal/shared/sqlite-database-integration/wp-includes/sqlite/class-wp-sqlite-db.php(287): WP_SQLite_Translator->get_error_message()\n#1 /wordpress/wp-content/plugins/sirv/sirv.php(1054): WP_SQLite_DB->query('ALTER TABLE wp_...')\n#2 /wordpress/wp-content/plugins/sirv/sirv.php(772): sirv_fix_db()\n#3 /wordpress/wp-content/plugins/sirv/sirv.php(718): sirv_upgrade_plugin()\n#4 /wordpress/wp-includes/class-wp-hook.php(324): sirv_activation_callback(false)\n#5 /wordpress/wp-includes/class-wp-hook.php(348): WP_Hook->apply_filters('', Array)\n#6 /wordpress/wp-includes/plugin.php(517): WP_Hook->do_action(Array)\n#7 /wordpress/wp-admin/includes/plugin.php(703): do_action('activate_sirv/s...', false)\n#8 /internal/eval.php(20): activate_plugin('sirv/sirv.php')\n#9 {main}</pre>\n for query ALTER TABLE wp_sirv_images\n                  DROP `sirvpath`,\n                  DROP `sirv_image_url`,\n                  DROP `sirv_folder` made by activate_plugin, do_action('activate_sirv/sirv.php'), WP_Hook->do_action, WP_Hook->apply_filters, sirv_activation_callback, sirv_upgrade_plugin, sirv_fix_db, WP_SQLite_DB->query, WP_SQLite_DB->print_error",
    "log": "/logs/plugins/s/speak-sound-library/error.json"
  },
  {
    "message": "SQLSTATE[HY000]: General error: 1 duplicate column name: checks.",
    "level": "FATAL",
    "type": "SQL",
    "test": "jspi-boot",
    "plugin": "speak-sound-library",
    "details": "[25-Apr-2025 15:36:16 UTC] WordPress database error <div style=\"clear:both\">&nbsp;</div>\n<div class=\"queries\" style=\"clear:both;margin-bottom:2px;border:red dotted thin;\">\n<p>MySQL query:</p>\n<p>ALTER TABLE wp_sirv_images ADD `checks` TINYINT UNSIGNED NULL DEFAULT 0 AFTER `timestamp_synced`</p>\n<p>Queries made or created this session were:</p>\n<ol>\n<li>Executing: BEGIN | (no parameters)</li>\n<li>Executing: INSERT INTO _mysql_data_types_cache (`table`, `column_or_index`, `mysql_type`)\n\t\t\t\tVALUES (:table, :column, :datatype)\n\t\t\t\tON CONFLICT(`table`, `column_or_index`) DO UPDATE SET `mysql_type` = :datatype\n\t\t\t | parameters: wp_sirv_images, `CHECKS`, tinyint UNSIGNED</li>\n<li>Executing: ALTER TABLE wp_sirv_images ADD `checks`  integer NULL DEFAULT 0   | (no parameters)</li>\n<li>Executing: ROLLBACK | (no parameters)</li>\n</ol>\n</div>\n<div style=\"clear:both;margin-bottom:2px;border:red dotted thin;\" class=\"error_message\" style=\"border-bottom:dotted blue thin;\">\nError occurred at line 4117 in Function <code>handle_error</code>. Error message was: SQLSTATE[HY000]: General error: 1 duplicate column name: checks.\n</div>\n<p>Backtrace:</p>\n<pre>#0 /internal/shared/sqlite-database-integration/wp-includes/sqlite/class-wp-sqlite-db.php(287): WP_SQLite_Translator->get_error_message()\n#1 /wordpress/wp-content/plugins/sirv/sirv.php(1058): WP_SQLite_DB->query('ALTER TABLE wp_...')\n#2 /wordpress/wp-content/plugins/sirv/sirv.php(772): sirv_fix_db()\n#3 /wordpress/wp-content/plugins/sirv/sirv.php(718): sirv_upgrade_plugin()\n#4 /wordpress/wp-includes/class-wp-hook.php(324): sirv_activation_callback(false)\n#5 /wordpress/wp-includes/class-wp-hook.php(348): WP_Hook->apply_filters('', Array)\n#6 /wordpress/wp-includes/plugin.php(517): WP_Hook->do_action(Array)\n#7 /wordpress/wp-admin/includes/plugin.php(703): do_action('activate_sirv/s...', false)\n#8 /internal/eval.php(20): activate_plugin('sirv/sirv.php')\n#9 {main}</pre>\n for query ALTER TABLE wp_sirv_images ADD `checks` TINYINT UNSIGNED NULL DEFAULT 0 AFTER `timestamp_synced` made by activate_plugin, do_action('activate_sirv/sirv.php'), WP_Hook->do_action, WP_Hook->apply_filters, sirv_activation_callback, sirv_upgrade_plugin, sirv_fix_db, WP_SQLite_DB->query, WP_SQLite_DB->print_error",
    "log": "/logs/plugins/s/speak-sound-library/error.json"
  },
  {
    "message": "SQLSTATE[HY000]: General error: 1 duplicate column name: timestamp_checks.",
    "level": "FATAL",
    "type": "SQL",
    "test": "jspi-boot",
    "plugin": "speak-sound-library",
    "details": "[25-Apr-2025 15:36:16 UTC] WordPress database error <div style=\"clear:both\">&nbsp;</div>\n<div class=\"queries\" style=\"clear:both;margin-bottom:2px;border:red dotted thin;\">\n<p>MySQL query:</p>\n<p>ALTER TABLE wp_sirv_images ADD `timestamp_checks` INT NULL DEFAULT NULL AFTER `checks`</p>\n<p>Queries made or created this session were:</p>\n<ol>\n<li>Executing: BEGIN | (no parameters)</li>\n<li>Executing: INSERT INTO _mysql_data_types_cache (`table`, `column_or_index`, `mysql_type`)\n\t\t\t\tVALUES (:table, :column, :datatype)\n\t\t\t\tON CONFLICT(`table`, `column_or_index`) DO UPDATE SET `mysql_type` = :datatype\n\t\t\t | parameters: wp_sirv_images, `TIMESTAMP_CHECKS`, int</li>\n<li>Executing: ALTER TABLE wp_sirv_images ADD `timestamp_checks` integer NULL DEFAULT NULL   | (no parameters)</li>\n<li>Executing: ROLLBACK | (no parameters)</li>\n</ol>\n</div>\n<div style=\"clear:both;margin-bottom:2px;border:red dotted thin;\" class=\"error_message\" style=\"border-bottom:dotted blue thin;\">\nError occurred at line 4117 in Function <code>handle_error</code>. Error message was: SQLSTATE[HY000]: General error: 1 duplicate column name: timestamp_checks.\n</div>\n<p>Backtrace:</p>\n<pre>#0 /internal/shared/sqlite-database-integration/wp-includes/sqlite/class-wp-sqlite-db.php(287): WP_SQLite_Translator->get_error_message()\n#1 /wordpress/wp-content/plugins/sirv/sirv.php(1059): WP_SQLite_DB->query('ALTER TABLE wp_...')\n#2 /wordpress/wp-content/plugins/sirv/sirv.php(772): sirv_fix_db()\n#3 /wordpress/wp-content/plugins/sirv/sirv.php(718): sirv_upgrade_plugin()\n#4 /wordpress/wp-includes/class-wp-hook.php(324): sirv_activation_callback(false)\n#5 /wordpress/wp-includes/class-wp-hook.php(348): WP_Hook->apply_filters('', Array)\n#6 /wordpress/wp-includes/plugin.php(517): WP_Hook->do_action(Array)\n#7 /wordpress/wp-admin/includes/plugin.php(703): do_action('activate_sirv/s...', false)\n#8 /internal/eval.php(20): activate_plugin('sirv/sirv.php')\n#9 {main}</pre>\n for query ALTER TABLE wp_sirv_images ADD `timestamp_checks` INT NULL DEFAULT NULL AFTER `checks` made by activate_plugin, do_action('activate_sirv/sirv.php'), WP_Hook->do_action, WP_Hook->apply_filters, sirv_activation_callback, sirv_upgrade_plugin, sirv_fix_db, WP_SQLite_DB->query, WP_SQLite_DB->print_error",
    "log": "/logs/plugins/s/speak-sound-library/error.json"
  },
  {
    "message": "SQLSTATE[HY000]: General error: 1 duplicate column name: status.",
    "level": "FATAL",
    "type": "SQL",
    "test": "jspi-boot",
    "plugin": "speak-sound-library",
    "details": "[25-Apr-2025 15:36:16 UTC] WordPress database error <div style=\"clear:both\">&nbsp;</div>\n<div class=\"queries\" style=\"clear:both;margin-bottom:2px;border:red dotted thin;\">\n<p>MySQL query:</p>\n<p>ALTER TABLE wp_sirv_images ADD `status` enum('NEW', 'PROCESSING', 'SYNCED', 'FAILED') DEFAULT NULL AFTER `size`</p>\n<p>Queries made or created this session were:</p>\n<ol>\n<li>Executing: BEGIN | (no parameters)</li>\n<li>Executing: INSERT INTO _mysql_data_types_cache (`table`, `column_or_index`, `mysql_type`)\n\t\t\t\tVALUES (:table, :column, :datatype)\n\t\t\t\tON CONFLICT(`table`, `column_or_index`) DO UPDATE SET `mysql_type` = :datatype\n\t\t\t | parameters: wp_sirv_images, `STATUS`, enum('NEW','PROCESSING','SYNCED','FAILED')</li>\n<li>Executing: ALTER TABLE wp_sirv_images ADD `status`    text DEFAULT NULL   | (no parameters)</li>\n<li>Executing: ROLLBACK | (no parameters)</li>\n</ol>\n</div>\n<div style=\"clear:both;margin-bottom:2px;border:red dotted thin;\" class=\"error_message\" style=\"border-bottom:dotted blue thin;\">\nError occurred at line 4117 in Function <code>handle_error</code>. Error message was: SQLSTATE[HY000]: General error: 1 duplicate column name: status.\n</div>\n<p>Backtrace:</p>\n<pre>#0 /internal/shared/sqlite-database-integration/wp-includes/sqlite/class-wp-sqlite-db.php(287): WP_SQLite_Translator->get_error_message()\n#1 /wordpress/wp-content/plugins/sirv/sirv.php(1060): WP_SQLite_DB->query('ALTER TABLE wp_...')\n#2 /wordpress/wp-content/plugins/sirv/sirv.php(772): sirv_fix_db()\n#3 /wordpress/wp-content/plugins/sirv/sirv.php(718): sirv_upgrade_plugin()\n#4 /wordpress/wp-includes/class-wp-hook.php(324): sirv_activation_callback(false)\n#5 /wordpress/wp-includes/class-wp-hook.php(348): WP_Hook->apply_filters('', Array)\n#6 /wordpress/wp-includes/plugin.php(517): WP_Hook->do_action(Array)\n#7 /wordpress/wp-admin/includes/plugin.php(703): do_action('activate_sirv/s...', false)\n#8 /internal/eval.php(20): activate_plugin('sirv/sirv.php')\n#9 {main}</pre>\n for query ALTER TABLE wp_sirv_images ADD `status` enum('NEW', 'PROCESSING', 'SYNCED', 'FAILED') DEFAULT NULL AFTER `size` made by activate_plugin, do_action('activate_sirv/sirv.php'), WP_Hook->do_action, WP_Hook->apply_filters, sirv_activation_callback, sirv_upgrade_plugin, sirv_fix_db, WP_SQLite_DB->query, WP_SQLite_DB->print_error",
    "log": "/logs/plugins/s/speak-sound-library/error.json"
  },
  {
    "message": "SQLSTATE[HY000]: General error: 1 duplicate column name: error_type.",
    "level": "FATAL",
    "type": "SQL",
    "test": "jspi-boot",
    "plugin": "speak-sound-library",
    "details": "[25-Apr-2025 15:36:16 UTC] WordPress database error <div style=\"clear:both\">&nbsp;</div>\n<div class=\"queries\" style=\"clear:both;margin-bottom:2px;border:red dotted thin;\">\n<p>MySQL query:</p>\n<p>ALTER TABLE wp_sirv_images ADD `error_type` TINYINT UNSIGNED NULL DEFAULT NULL AFTER `status`</p>\n<p>Queries made or created this session were:</p>\n<ol>\n<li>Executing: BEGIN | (no parameters)</li>\n<li>Executing: INSERT INTO _mysql_data_types_cache (`table`, `column_or_index`, `mysql_type`)\n\t\t\t\tVALUES (:table, :column, :datatype)\n\t\t\t\tON CONFLICT(`table`, `column_or_index`) DO UPDATE SET `mysql_type` = :datatype\n\t\t\t | parameters: wp_sirv_images, `ERROR_TYPE`, tinyint UNSIGNED</li>\n<li>Executing: ALTER TABLE wp_sirv_images ADD `error_type`  integer NULL DEFAULT NULL   | (no parameters)</li>\n<li>Executing: ROLLBACK | (no parameters)</li>\n</ol>\n</div>\n<div style=\"clear:both;margin-bottom:2px;border:red dotted thin;\" class=\"error_message\" style=\"border-bottom:dotted blue thin;\">\nError occurred at line 4117 in Function <code>handle_error</code>. Error message was: SQLSTATE[HY000]: General error: 1 duplicate column name: error_type.\n</div>\n<p>Backtrace:</p>\n<pre>#0 /internal/shared/sqlite-database-integration/wp-includes/sqlite/class-wp-sqlite-db.php(287): WP_SQLite_Translator->get_error_message()\n#1 /wordpress/wp-content/plugins/sirv/sirv.php(1061): WP_SQLite_DB->query('ALTER TABLE wp_...')\n#2 /wordpress/wp-content/plugins/sirv/sirv.php(772): sirv_fix_db()\n#3 /wordpress/wp-content/plugins/sirv/sirv.php(718): sirv_upgrade_plugin()\n#4 /wordpress/wp-includes/class-wp-hook.php(324): sirv_activation_callback(false)\n#5 /wordpress/wp-includes/class-wp-hook.php(348): WP_Hook->apply_filters('', Array)\n#6 /wordpress/wp-includes/plugin.php(517): WP_Hook->do_action(Array)\n#7 /wordpress/wp-admin/includes/plugin.php(703): do_action('activate_sirv/s...', false)\n#8 /internal/eval.php(20): activate_plugin('sirv/sirv.php')\n#9 {main}</pre>\n for query ALTER TABLE wp_sirv_images ADD `error_type` TINYINT UNSIGNED NULL DEFAULT NULL AFTER `status` made by activate_plugin, do_action('activate_sirv/sirv.php'), WP_Hook->do_action, WP_Hook->apply_filters, sirv_activation_callback, sirv_upgrade_plugin, sirv_fix_db, WP_SQLite_DB->query, WP_SQLite_DB->print_error",
    "log": "/logs/plugins/s/speak-sound-library/error.json"
  },
  {
    "message": "SQLSTATE[HY000]: General error: 1 near \"SET\": syntax error.",
    "level": "FATAL",
    "type": "SQL",
    "test": "jspi-boot",
    "plugin": "speak-sound-library",
    "details": "[25-Apr-2025 15:36:16 UTC] WordPress database error <div style=\"clear:both\">&nbsp;</div>\n<div class=\"queries\" style=\"clear:both;margin-bottom:2px;border:red dotted thin;\">\n<p>MySQL query:</p>\n<p>ALTER TABLE wp_sirv_images ADD `sirv_path` VARCHAR(1000) CHARACTER SET utf8 COLLATE utf8_general_ci NULL DEFAULT NULL AFTER `img_path`</p>\n<p>Queries made or created this session were:</p>\n<ol>\n<li>Executing: BEGIN | (no parameters)</li>\n<li>Executing: INSERT INTO _mysql_data_types_cache (`table`, `column_or_index`, `mysql_type`)\n\t\t\t\tVALUES (:table, :column, :datatype)\n\t\t\t\tON CONFLICT(`table`, `column_or_index`) DO UPDATE SET `mysql_type` = :datatype\n\t\t\t | parameters: wp_sirv_images, `SIRV_PATH`, varchar(1000)</li>\n<li>Executing: ALTER TABLE wp_sirv_images ADD `sirv_path` text CHARACTER SET utf8 COLLATE utf8_general_ci NULL DEFAULT NULL   | (no parameters)</li>\n<li>Executing: ROLLBACK | (no parameters)</li>\n</ol>\n</div>\n<div style=\"clear:both;margin-bottom:2px;border:red dotted thin;\" class=\"error_message\" style=\"border-bottom:dotted blue thin;\">\nError occurred at line 4117 in Function <code>handle_error</code>. Error message was: SQLSTATE[HY000]: General error: 1 near \"SET\": syntax error.\n</div>\n<p>Backtrace:</p>\n<pre>#0 /internal/shared/sqlite-database-integration/wp-includes/sqlite/class-wp-sqlite-db.php(287): WP_SQLite_Translator->get_error_message()\n#1 /wordpress/wp-content/plugins/sirv/sirv.php(1062): WP_SQLite_DB->query('ALTER TABLE wp_...')\n#2 /wordpress/wp-content/plugins/sirv/sirv.php(772): sirv_fix_db()\n#3 /wordpress/wp-content/plugins/sirv/sirv.php(718): sirv_upgrade_plugin()\n#4 /wordpress/wp-includes/class-wp-hook.php(324): sirv_activation_callback(false)\n#5 /wordpress/wp-includes/class-wp-hook.php(348): WP_Hook->apply_filters('', Array)\n#6 /wordpress/wp-includes/plugin.php(517): WP_Hook->do_action(Array)\n#7 /wordpress/wp-admin/includes/plugin.php(703): do_action('activate_sirv/s...', false)\n#8 /internal/eval.php(20): activate_plugin('sirv/sirv.php')\n#9 {main}</pre>\n for query ALTER TABLE wp_sirv_images ADD `sirv_path` VARCHAR(1000) CHARACTER SET utf8 COLLATE utf8_general_ci NULL DEFAULT NULL AFTER `img_\n",
    "log": "/logs/plugins/s/speak-sound-library/error.json"
  }
]
