[
  {
    "message": "file:///home/runner/work/playground-tester/playground-tester/node_modules/@wp-playground/cli/index.js:237\n        throw new Error(y, { cause: u });\n              ^\n",
    "level": "FATAL",
    "type": "PLAYGROUND",
    "test": "ast-sqlite-boot",
    "plugin": "obj-mtl-viewer",
    "details": "file:///home/runner/work/playground-tester/playground-tester/node_modules/@wp-playground/cli/index.js:237\n        throw new Error(y, { cause: u });\n              ^\n",
    "log": "/tmp/tmp.FfMjnoEN65"
  },
  {
    "message": "Required parameter $source_array follows optional parameter $prefix in /wordpress/wp-content/plugins/numly-numbers/numly_functions.php on line 78",
    "level": "DEPRECATED",
    "type": "PHP",
    "test": "ast-sqlite-boot",
    "plugin": "obj-mtl-viewer",
    "details": "[07-May-2025 09:32:38 UTC] PHP Deprecated:  Required parameter $source_array follows optional parameter $prefix in /wordpress/wp-content/plugins/numly-numbers/numly_functions.php on line 78",
    "log": "/logs/plugins/o/obj-mtl-viewer/error.json"
  },
  {
    "message": "Required parameter $source_array follows optional parameter $prefix in /wordpress/wp-content/plugins/numly-numbers/numly_functions.php on line 78",
    "level": "DEPRECATED",
    "type": "PHP",
    "test": "ast-sqlite-boot",
    "plugin": "obj-mtl-viewer",
    "details": "[07-May-2025 09:32:39 UTC] PHP Deprecated:  Required parameter $source_array follows optional parameter $prefix in /wordpress/wp-content/plugins/numly-numbers/numly_functions.php on line 78",
    "log": "/logs/plugins/o/obj-mtl-viewer/error.json"
  },
  {
    "message": "Required parameter $source_array follows optional parameter $prefix in /wordpress/wp-content/plugins/numly-numbers/numly_functions.php on line 78",
    "level": "DEPRECATED",
    "type": "PHP",
    "test": "ast-sqlite-boot",
    "plugin": "obj-mtl-viewer",
    "details": "[07-May-2025 09:32:46 UTC] PHP Deprecated:  Required parameter $source_array follows optional parameter $prefix in /wordpress/wp-content/plugins/numly-numbers/numly_functions.php on line 78",
    "log": "/logs/plugins/o/obj-mtl-viewer/error.json"
  },
  {
    "message": "Required parameter $source_array follows optional parameter $prefix in /wordpress/wp-content/plugins/numly-numbers/numly_functions.php on line 78",
    "level": "DEPRECATED",
    "type": "PHP",
    "test": "ast-sqlite-boot",
    "plugin": "obj-mtl-viewer",
    "details": "[07-May-2025 09:32:47 UTC] PHP Deprecated:  Required parameter $source_array follows optional parameter $prefix in /wordpress/wp-content/plugins/numly-numbers/numly_functions.php on line 78",
    "log": "/logs/plugins/o/obj-mtl-viewer/error.json"
  },
  {
    "message": "Required parameter $source_array follows optional parameter $prefix in /wordpress/wp-content/plugins/numly-numbers/numly_functions.php on line 78",
    "level": "DEPRECATED",
    "type": "PHP",
    "test": "ast-sqlite-boot",
    "plugin": "obj-mtl-viewer",
    "details": "[07-May-2025 09:32:55 UTC] PHP Deprecated:  Required parameter $source_array follows optional parameter $prefix in /wordpress/wp-content/plugins/numly-numbers/numly_functions.php on line 78",
    "log": "/logs/plugins/o/obj-mtl-viewer/error.json"
  },
  {
    "message": "Required parameter $source_array follows optional parameter $prefix in /wordpress/wp-content/plugins/numly-numbers/numly_functions.php on line 78",
    "level": "DEPRECATED",
    "type": "PHP",
    "test": "ast-sqlite-boot",
    "plugin": "obj-mtl-viewer",
    "details": "[07-May-2025 09:32:56 UTC] PHP Deprecated:  Required parameter $source_array follows optional parameter $prefix in /wordpress/wp-content/plugins/numly-numbers/numly_functions.php on line 78",
    "log": "/logs/plugins/o/obj-mtl-viewer/error.json"
  },
  {
    "message": "SQLSTATE[HY000]: General error: 1 near \"SET\": syntax error.",
    "level": "FATAL",
    "type": "SQL",
    "test": "ast-sqlite-boot",
    "plugin": "obj-mtl-viewer",
    "details": "[07-May-2025 09:33:13 UTC] WordPress database error <div style=\"clear:both\">&nbsp;</div>\n<div class=\"queries\" style=\"clear:both;margin-bottom:2px;border:red dotted thin;\">\n<p>MySQL query:</p>\n<p>INSERT IGNORE INTO `wp_nusvg_items` SET slug='_nusvg_example';</p>\n<p>Queries made or created this session were:</p>\n<ol>\n<li>Executing: BEGIN | (no parameters)</li>\n<li>Executing: INSERT OR IGNORE INTO `wp_nusvg_items` SET slug=:param0 ; | parameters: _nusvg_example</li>\n<li>Executing: ROLLBACK | (no parameters)</li>\n</ol>\n</div>\n<div style=\"clear:both;margin-bottom:2px;border:red dotted thin;\" class=\"error_message\" style=\"border-bottom:dotted blue thin;\">\nError occurred at line 4117 in Function <code>handle_error</code>. Error message was: SQLSTATE[HY000]: General error: 1 near \"SET\": syntax error.\n</div>\n<p>Backtrace:</p>\n<pre>#0 /internal/shared/sqlite-database-integration/wp-includes/sqlite/class-wp-sqlite-db.php(287): WP_SQLite_Translator->get_error_message()\n#1 /wordpress/wp-content/plugins/nusvg/classes/class-nusvg-item.php(268): WP_SQLite_DB->query('INSERT IGNORE I...')\n#2 /wordpress/wp-content/plugins/nusvg/classes/class-nusvg-plugin.php(83): Nusvg_Item->insert()\n#3 /wordpress/wp-content/plugins/nusvg/classes/class-nusvg-plugin.php(15): Nusvg_Plugin::insert_example_item()\n#4 /wordpress/wp-includes/class-wp-hook.php(324): Nusvg_Plugin::activation(false)\n#5 /wordpress/wp-includes/class-wp-hook.php(348): WP_Hook->apply_filters('', Array)\n#6 /wordpress/wp-includes/plugin.php(517): WP_Hook->do_action(Array)\n#7 /wordpress/wp-admin/includes/plugin.php(703): do_action('activate_nusvg/...', false)\n#8 /internal/eval.php(20): activate_plugin('nusvg/nusvg.php')\n#9 {main}</pre>\n for query INSERT IGNORE INTO `wp_nusvg_items` SET slug='_nusvg_example'; made by activate_plugin, do_action('activate_nusvg/nusvg.php'), WP_Hook->do_action, WP_Hook->apply_filters, Nusvg_Plugin::activation, Nusvg_Plugin::insert_example_item, Nusvg_Item->insert, WP_SQLite_DB->query, WP_SQLite_DB->print_error",
    "log": "/logs/plugins/o/obj-mtl-viewer/error.json"
  },
  {
    "message": "SQLSTATE[HY000]: General error: 1 near \"SET\": syntax error.",
    "level": "FATAL",
    "type": "SQL",
    "test": "ast-sqlite-boot",
    "plugin": "obj-mtl-viewer",
    "details": "[07-May-2025 09:33:21 UTC] WordPress database error <div style=\"clear:both\">&nbsp;</div>\n<div class=\"queries\" style=\"clear:both;margin-bottom:2px;border:red dotted thin;\">\n<p>MySQL query:</p>\n<p>INSERT IGNORE INTO `wp_nusvg_items` SET slug='_nusvg_example';</p>\n<p>Queries made or created this session were:</p>\n<ol>\n<li>Executing: BEGIN | (no parameters)</li>\n<li>Executing: INSERT OR IGNORE INTO `wp_nusvg_items` SET slug=:param0 ; | parameters: _nusvg_example</li>\n<li>Executing: ROLLBACK | (no parameters)</li>\n</ol>\n</div>\n<div style=\"clear:both;margin-bottom:2px;border:red dotted thin;\" class=\"error_message\" style=\"border-bottom:dotted blue thin;\">\nError occurred at line 4117 in Function <code>handle_error</code>. Error message was: SQLSTATE[HY000]: General error: 1 near \"SET\": syntax error.\n</div>\n<p>Backtrace:</p>\n<pre>#0 /internal/shared/sqlite-database-integration/wp-includes/sqlite/class-wp-sqlite-db.php(287): WP_SQLite_Translator->get_error_message()\n#1 /wordpress/wp-content/plugins/nusvg/classes/class-nusvg-item.php(268): WP_SQLite_DB->query('INSERT IGNORE I...')\n#2 /wordpress/wp-content/plugins/nusvg/classes/class-nusvg-plugin.php(83): Nusvg_Item->insert()\n#3 /wordpress/wp-content/plugins/nusvg/classes/class-nusvg-plugin.php(15): Nusvg_Plugin::insert_example_item()\n#4 /wordpress/wp-includes/class-wp-hook.php(324): Nusvg_Plugin::activation(false)\n#5 /wordpress/wp-includes/class-wp-hook.php(348): WP_Hook->apply_filters('', Array)\n#6 /wordpress/wp-includes/plugin.php(517): WP_Hook->do_action(Array)\n#7 /wordpress/wp-admin/includes/plugin.php(703): do_action('activate_nusvg/...', false)\n#8 /internal/eval.php(20): activate_plugin('nusvg/nusvg.php')\n#9 {main}</pre>\n for query INSERT IGNORE INTO `wp_nusvg_items` SET slug='_nusvg_example'; made by activate_plugin, do_action('activate_nusvg/nusvg.php'), WP_Hook->do_action, WP_Hook->apply_filters, Nusvg_Plugin::activation, Nusvg_Plugin::insert_example_item, Nusvg_Item->insert, WP_SQLite_DB->query, WP_SQLite_DB->print_error",
    "log": "/logs/plugins/o/obj-mtl-viewer/error.json"
  },
  {
    "message": "Constant CODEXSHAPER_OAUTH_SERVER_VERSION already defined in /wordpress/wp-content/plugins/oauth2-server/includes/class-codexshaper-oauth-server.php on line 280",
    "level": "WARNING",
    "type": "PHP",
    "test": "ast-sqlite-boot",
    "plugin": "obj-mtl-viewer",
    "details": "[07-May-2025 09:35:23 UTC] PHP Warning:  Constant CODEXSHAPER_OAUTH_SERVER_VERSION already defined in /wordpress/wp-content/plugins/oauth2-server/includes/class-codexshaper-oauth-server.php on line 280",
    "log": "/logs/plugins/o/obj-mtl-viewer/error.json"
  },
  {
    "message": "Uncaught Illuminate\\Contracts\\Filesystem\\FileNotFoundException: File does not exist at path /wordpress/wp-content/plugins/oauth2-server/includes/../../../../.htaccess. in /wordpress/wp-content/plugins/oauth2-server/vendor/illuminate/filesystem/Filesystem.php:54",
    "level": "FATAL",
    "type": "PHP",
    "test": "ast-sqlite-boot",
    "plugin": "obj-mtl-viewer",
    "details": "[07-May-2025 09:35:23 UTC] PHP Fatal error:  Uncaught Illuminate\\Contracts\\Filesystem\\FileNotFoundException: File does not exist at path /wordpress/wp-content/plugins/oauth2-server/includes/../../../../.htaccess. in /wordpress/wp-content/plugins/oauth2-server/vendor/illuminate/filesystem/Filesystem.php:54\nStack trace:\n#0 /wordpress/wp-content/plugins/oauth2-server/includes/class-codexshaper-oauth-server-activator.php(69): Illuminate\\Filesystem\\Filesystem->get('/wordpress/wp-c...')\n#1 /wordpress/wp-content/plugins/oauth2-server/includes/class-codexshaper-oauth-server-activator.php(57): Codexshaper_Oauth_Server_Activator::codexshaper_oauth_server_rewrite_auth_conditions()\n#2 /wordpress/wp-content/plugins/oauth2-server/includes/class-codexshaper-oauth-server-activator.php(36): Codexshaper_Oauth_Server_Activator::codexshaper_oauth_server_add_rewrite_authorization()\n#3 /wordpress/wp-content/plugins/oauth2-server/oauth2-server.php(73): Codexshaper_Oauth_Server_Activator::activate()\n#4 /wordpress/wp-includes/class-wp-hook.php(324): codexshaper_oauth_server_activate(false)\n#5 /wordpress/wp-includes/class-wp-hook.php(348): WP_Hook->apply_filters('', Array)\n#6 /wordpress/wp-includes/plugin.php(517): WP_Hook->do_action(Array)\n#7 /wordpress/wp-admin/includes/plugin.php(703): do_action('activate_oauth2...', false)\n#8 /internal/eval.php(20): activate_plugin('oauth2-server/o...')\n#9 {main}\n  thrown in /wordpress/wp-content/plugins/oauth2-server/vendor/illuminate/filesystem/Filesystem.php on line 54",
    "log": "/logs/plugins/o/obj-mtl-viewer/error.json"
  },
  {
    "message": "Constant CODEXSHAPER_OAUTH_SERVER_VERSION already defined in /wordpress/wp-content/plugins/oauth2-server/includes/class-codexshaper-oauth-server.php on line 280",
    "level": "WARNING",
    "type": "PHP",
    "test": "ast-sqlite-boot",
    "plugin": "obj-mtl-viewer",
    "details": "[07-May-2025 09:35:39 UTC] PHP Warning:  Constant CODEXSHAPER_OAUTH_SERVER_VERSION already defined in /wordpress/wp-content/plugins/oauth2-server/includes/class-codexshaper-oauth-server.php on line 280",
    "log": "/logs/plugins/o/obj-mtl-viewer/error.json"
  },
  {
    "message": "Uncaught Illuminate\\Contracts\\Filesystem\\FileNotFoundException: File does not exist at path /wordpress/wp-content/plugins/oauth2-server/includes/../../../../.htaccess. in /wordpress/wp-content/plugins/oauth2-server/vendor/illuminate/filesystem/Filesystem.php:54",
    "level": "FATAL",
    "type": "PHP",
    "test": "ast-sqlite-boot",
    "plugin": "obj-mtl-viewer",
    "details": "[07-May-2025 09:35:39 UTC] PHP Fatal error:  Uncaught Illuminate\\Contracts\\Filesystem\\FileNotFoundException: File does not exist at path /wordpress/wp-content/plugins/oauth2-server/includes/../../../../.htaccess. in /wordpress/wp-content/plugins/oauth2-server/vendor/illuminate/filesystem/Filesystem.php:54\nStack trace:\n#0 /wordpress/wp-content/plugins/oauth2-server/includes/class-codexshaper-oauth-server-activator.php(69): Illuminate\\Filesystem\\Filesystem->get('/wordpress/wp-c...')\n#1 /wordpress/wp-content/plugins/oauth2-server/includes/class-codexshaper-oauth-server-activator.php(57): Codexshaper_Oauth_Server_Activator::codexshaper_oauth_server_rewrite_auth_conditions()\n#2 /wordpress/wp-content/plugins/oauth2-server/includes/class-codexshaper-oauth-server-activator.php(36): Codexshaper_Oauth_Server_Activator::codexshaper_oauth_server_add_rewrite_authorization()\n#3 /wordpress/wp-content/plugins/oauth2-server/oauth2-server.php(73): Codexshaper_Oauth_Server_Activator::activate()\n#4 /wordpress/wp-includes/class-wp-hook.php(324): codexshaper_oauth_server_activate(false)\n#5 /wordpress/wp-includes/class-wp-hook.php(348): WP_Hook->apply_filters('', Array)\n#6 /wordpress/wp-includes/plugin.php(517): WP_Hook->do_action(Array)\n#7 /wordpress/wp-admin/includes/plugin.php(703): do_action('activate_oauth2...', false)\n#8 /internal/eval.php(20): activate_plugin('oauth2-server/o...')\n#9 {main}\n  thrown in /wordpress/wp-content/plugins/oauth2-server/vendor/illuminate/filesystem/Filesystem.php on line 54",
    "log": "/logs/plugins/o/obj-mtl-viewer/error.json"
  },
  {
    "message": "Constant CODEXSHAPER_OAUTH_SERVER_VERSION already defined in /wordpress/wp-content/plugins/oauth2-server/includes/class-codexshaper-oauth-server.php on line 280",
    "level": "WARNING",
    "type": "PHP",
    "test": "ast-sqlite-boot",
    "plugin": "obj-mtl-viewer",
    "details": "[07-May-2025 09:35:55 UTC] PHP Warning:  Constant CODEXSHAPER_OAUTH_SERVER_VERSION already defined in /wordpress/wp-content/plugins/oauth2-server/includes/class-codexshaper-oauth-server.php on line 280",
    "log": "/logs/plugins/o/obj-mtl-viewer/error.json"
  },
  {
    "message": "Uncaught Illuminate\\Contracts\\Filesystem\\FileNotFoundException: File does not exist at path /wordpress/wp-content/plugins/oauth2-server/includes/../../../../.htaccess. in /wordpress/wp-content/plugins/oauth2-server/vendor/illuminate/filesystem/Filesystem.php:54",
    "level": "FATAL",
    "type": "PHP",
    "test": "ast-sqlite-boot",
    "plugin": "obj-mtl-viewer",
    "details": "[07-May-2025 09:35:55 UTC] PHP Fatal error:  Uncaught Illuminate\\Contracts\\Filesystem\\FileNotFoundException: File does not exist at path /wordpress/wp-content/plugins/oauth2-server/includes/../../../../.htaccess. in /wordpress/wp-content/plugins/oauth2-server/vendor/illuminate/filesystem/Filesystem.php:54\nStack trace:\n#0 /wordpress/wp-content/plugins/oauth2-server/includes/class-codexshaper-oauth-server-activator.php(69): Illuminate\\Filesystem\\Filesystem->get('/wordpress/wp-c...')\n#1 /wordpress/wp-content/plugins/oauth2-server/includes/class-codexshaper-oauth-server-activator.php(57): Codexshaper_Oauth_Server_Activator::codexshaper_oauth_server_rewrite_auth_conditions()\n#2 /wordpress/wp-content/plugins/oauth2-server/includes/class-codexshaper-oauth-server-activator.php(36): Codexshaper_Oauth_Server_Activator::codexshaper_oauth_server_add_rewrite_authorization()\n#3 /wordpress/wp-content/plugins/oauth2-server/oauth2-server.php(73): Codexshaper_Oauth_Server_Activator::activate()\n#4 /wordpress/wp-includes/class-wp-hook.php(324): codexshaper_oauth_server_activate(false)\n#5 /wordpress/wp-includes/class-wp-hook.php(348): WP_Hook->apply_filters('', Array)\n#6 /wordpress/wp-includes/plugin.php(517): WP_Hook->do_action(Array)\n#7 /wordpress/wp-admin/includes/plugin.php(703): do_action('activate_oauth2...', false)\n#8 /internal/eval.php(20): activate_plugin('oauth2-server/o...')\n#9 {main}\n  thrown in /wordpress/wp-content/plugins/oauth2-server/vendor/illuminate/filesystem/Filesystem.php on line 54",
    "log": "/logs/plugins/o/obj-mtl-viewer/error.json"
  },
  {
    "message": "Uncaught TypeError: call_user_func_array(): Argument #1 ($callback) must be a valid callback, non-static method OBJ_MTL_Viewer::register_styles() cannot be called statically in /wordpress/wp-includes/class-wp-hook.php:324",
    "level": "FATAL",
    "type": "PHP",
    "test": "ast-sqlite-boot",
    "plugin": "obj-mtl-viewer",
    "details": "[07-May-2025 09:36:05 UTC] PHP Fatal error:  Uncaught TypeError: call_user_func_array(): Argument #1 ($callback) must be a valid callback, non-static method OBJ_MTL_Viewer::register_styles() cannot be called statically in /wordpress/wp-includes/class-wp-hook.php:324\nStack trace:\n#0 /wordpress/wp-includes/class-wp-hook.php(348): WP_Hook->apply_filters(NULL, Array)\n#1 /wordpress/wp-includes/plugin.php(517): WP_Hook->do_action(Array)\n#2 /wordpress/wp-settings.php(727): do_action('init')\n#3 /wordpress/wp-config.php(102): require_once('/wordpress/wp-s...')\n#4 /wordpress/wp-load.php(50): require_once('/wordpress/wp-c...')\n#5 /internal/eval.php(3): require_once('/wordpress/wp-l...')\n#6 {main}\n  thrown in /wordpress/wp-includes/class-wp-hook.php on line 324\n\n    at Object.onBind (file:///home/runner/work/playground-tester/playground-tester/node_modules/@wp-playground/cli/index.js:237:15)\n    at process.processTicksAndRejections (node:internal/process/task_queues:105:5)\n    at async V (file:///home/runner/work/playground-tester/playground-tester/node_modules/@wp-playground/cli/index.js:64:10)\n    at async ja (file:///home/runner/work/playground-tester/playground-tester/node_modules/@wp-playground/cli/cli.js:8161:12) {\n  [cause]: Error: Error when executing the blueprint step #5 ({\"step\":\"installPlugin\",\"pluginData\":{\"resource\":\"wordpress.org/plugins\",\"slug\":\"obj-mtl-viewer\"},\"options\":{\"activate\":true}}) : PHP.run() failed with exit code 255 and the following output: \n      at Object.run (file:///home/runner/work/playground-tester/playground-tester/node_modules/@wp-playground/blueprints/index.js:12449:19)\n      at process.processTicksAndRejections (node:internal/process/task_queues:105:5)\n      at async ms (file:///home/runner/work/playground-tester/playground-tester/node_modules/@wp-playground/blueprints/index.js:12552:3)\n      ... 2 lines matching cause stack trace ...\n      at async ja (file:///home/runner/work/playground-tester/playground-tester/node_modules/@wp-playground/cli/cli.js:8161:12) {\n    [cause]: PHPExecutionFailureError: PHP.run() failed with exit code 255 and the following output: \n        at PHP.run (file:///home/runner/work/playground-tester/playground-tester/node_modules/@php-wasm/universal/index.js:987:19)\n        at process.processTicksAndRejections (node:internal/process/task_queues:105:5)\n        at async wr (file:///home/runner/work/playground-tester/playground-tester/node_modules/@wp-playground/blueprints/index.js:73:13)\n        at async Object.gt [as installPlugin] (file:///home/runner/work/playground-tester/playground-tester/node_modules/@wp-playground/blueprints/index.js:974:42)\n        at async g (file:///home/runner/work/playground-tester/playground-tester/node_modules/@wp-playground/blueprints/index.js:12517:30)\n        at async Object.run (file:///home/runner/work/playground-tester/playground-tester/node_modules/@wp-playground/blueprints/index.js:12446:23)\n        at async ms (file:///home/runner/work/playground-tester/playground-tester/node_modules/@wp-playground/blueprints/index.js:12552:3)\n        at async Object.onBind (file:///home/runner/work/playground-tester/playground-tester/node_modules/@wp-playground/cli/index.js:227:48)\n        at async V (file:///home/runner/work/playground-tester/playground-tester/node_modules/@wp-playground/cli/index.js:64:10)\n        at async ja (file:///home/runner/work/playground-tester/playground-tester/node_modules/@wp-playground/cli/cli.js:8161:12) {\n      response: PHPResponse {\n        httpStatusCode: 500,\n        headers: {\n          'x-powered-by': [ 'PHP/8.0.30-dev' ],\n          'content-type': [ 'text/html; charset=UTF-8' ],\n          expires: [ 'Wed, 11 Jan 1984 05:00:00 GMT' ],\n          'cache-control': [ 'no-cache, must-revalidate, max-age=0, no-store, private' ]\n        },\n        bytes: Uint8Array(2653) [\n           60,  33,  68,  79,  67,  84,  89,  80,  69,  32, 104, 116,\n          109, 108,  62,  10,  60, 104, 116, 109, 108,  32, 108,  97,\n          110, 103,  61,  34, 101, 110,  45,  85,  83,  34,  62,  10,\n           60, 104, 101,  97, 100,  62,  10,   9,  60, 109, 101, 116,\n           97,  32, 104, 116, 116, 112,  45, 101, 113, 117, 105, 118,\n           61,  34,  67, 111, 110, 116, 101, 110, 116,  45,  84, 121,\n          112, 101,  34,  32,  99, 111, 110, 116, 101, 110, 116,  61,\n           34, 116, 101, 120, 116,  47, 104, 116, 109, 108,  59,  32,\n           99, 104,  97, 114,\n          ... 2553 more items\n        ],\n        exitCode: 255,\n        errors: ''\n      },\n      source: 'request'\n    }\n  }\n}\n\n",
    "log": "/logs/plugins/o/obj-mtl-viewer/error.json"
  },
  {
    "message": "file:///home/runner/work/playground-tester/playground-tester/node_modules/@wp-playground/cli/index.js:237\n        throw new Error(y, { cause: u });\n              ^\n",
    "level": "FATAL",
    "type": "PLAYGROUND",
    "test": "asyncify-boot",
    "plugin": "obj-mtl-viewer",
    "details": "file:///home/runner/work/playground-tester/playground-tester/node_modules/@wp-playground/cli/index.js:237\n        throw new Error(y, { cause: u });\n              ^\n",
    "log": "/tmp/tmp.gKxybOHYM8"
  },
  {
    "message": "Required parameter $source_array follows optional parameter $prefix in /wordpress/wp-content/plugins/numly-numbers/numly_functions.php on line 78",
    "level": "DEPRECATED",
    "type": "PHP",
    "test": "asyncify-boot",
    "plugin": "obj-mtl-viewer",
    "details": "[07-May-2025 09:32:38 UTC] PHP Deprecated:  Required parameter $source_array follows optional parameter $prefix in /wordpress/wp-content/plugins/numly-numbers/numly_functions.php on line 78",
    "log": "/logs/plugins/o/obj-mtl-viewer/error.json"
  },
  {
    "message": "Required parameter $source_array follows optional parameter $prefix in /wordpress/wp-content/plugins/numly-numbers/numly_functions.php on line 78",
    "level": "DEPRECATED",
    "type": "PHP",
    "test": "asyncify-boot",
    "plugin": "obj-mtl-viewer",
    "details": "[07-May-2025 09:32:39 UTC] PHP Deprecated:  Required parameter $source_array follows optional parameter $prefix in /wordpress/wp-content/plugins/numly-numbers/numly_functions.php on line 78",
    "log": "/logs/plugins/o/obj-mtl-viewer/error.json"
  },
  {
    "message": "Required parameter $source_array follows optional parameter $prefix in /wordpress/wp-content/plugins/numly-numbers/numly_functions.php on line 78",
    "level": "DEPRECATED",
    "type": "PHP",
    "test": "asyncify-boot",
    "plugin": "obj-mtl-viewer",
    "details": "[07-May-2025 09:32:46 UTC] PHP Deprecated:  Required parameter $source_array follows optional parameter $prefix in /wordpress/wp-content/plugins/numly-numbers/numly_functions.php on line 78",
    "log": "/logs/plugins/o/obj-mtl-viewer/error.json"
  },
  {
    "message": "Required parameter $source_array follows optional parameter $prefix in /wordpress/wp-content/plugins/numly-numbers/numly_functions.php on line 78",
    "level": "DEPRECATED",
    "type": "PHP",
    "test": "asyncify-boot",
    "plugin": "obj-mtl-viewer",
    "details": "[07-May-2025 09:32:47 UTC] PHP Deprecated:  Required parameter $source_array follows optional parameter $prefix in /wordpress/wp-content/plugins/numly-numbers/numly_functions.php on line 78",
    "log": "/logs/plugins/o/obj-mtl-viewer/error.json"
  },
  {
    "message": "Required parameter $source_array follows optional parameter $prefix in /wordpress/wp-content/plugins/numly-numbers/numly_functions.php on line 78",
    "level": "DEPRECATED",
    "type": "PHP",
    "test": "asyncify-boot",
    "plugin": "obj-mtl-viewer",
    "details": "[07-May-2025 09:32:55 UTC] PHP Deprecated:  Required parameter $source_array follows optional parameter $prefix in /wordpress/wp-content/plugins/numly-numbers/numly_functions.php on line 78",
    "log": "/logs/plugins/o/obj-mtl-viewer/error.json"
  },
  {
    "message": "Required parameter $source_array follows optional parameter $prefix in /wordpress/wp-content/plugins/numly-numbers/numly_functions.php on line 78",
    "level": "DEPRECATED",
    "type": "PHP",
    "test": "asyncify-boot",
    "plugin": "obj-mtl-viewer",
    "details": "[07-May-2025 09:32:56 UTC] PHP Deprecated:  Required parameter $source_array follows optional parameter $prefix in /wordpress/wp-content/plugins/numly-numbers/numly_functions.php on line 78",
    "log": "/logs/plugins/o/obj-mtl-viewer/error.json"
  },
  {
    "message": "SQLSTATE[HY000]: General error: 1 near \"SET\": syntax error.",
    "level": "FATAL",
    "type": "SQL",
    "test": "asyncify-boot",
    "plugin": "obj-mtl-viewer",
    "details": "[07-May-2025 09:33:13 UTC] WordPress database error <div style=\"clear:both\">&nbsp;</div>\n<div class=\"queries\" style=\"clear:both;margin-bottom:2px;border:red dotted thin;\">\n<p>MySQL query:</p>\n<p>INSERT IGNORE INTO `wp_nusvg_items` SET slug='_nusvg_example';</p>\n<p>Queries made or created this session were:</p>\n<ol>\n<li>Executing: BEGIN | (no parameters)</li>\n<li>Executing: INSERT OR IGNORE INTO `wp_nusvg_items` SET slug=:param0 ; | parameters: _nusvg_example</li>\n<li>Executing: ROLLBACK | (no parameters)</li>\n</ol>\n</div>\n<div style=\"clear:both;margin-bottom:2px;border:red dotted thin;\" class=\"error_message\" style=\"border-bottom:dotted blue thin;\">\nError occurred at line 4117 in Function <code>handle_error</code>. Error message was: SQLSTATE[HY000]: General error: 1 near \"SET\": syntax error.\n</div>\n<p>Backtrace:</p>\n<pre>#0 /internal/shared/sqlite-database-integration/wp-includes/sqlite/class-wp-sqlite-db.php(287): WP_SQLite_Translator->get_error_message()\n#1 /wordpress/wp-content/plugins/nusvg/classes/class-nusvg-item.php(268): WP_SQLite_DB->query('INSERT IGNORE I...')\n#2 /wordpress/wp-content/plugins/nusvg/classes/class-nusvg-plugin.php(83): Nusvg_Item->insert()\n#3 /wordpress/wp-content/plugins/nusvg/classes/class-nusvg-plugin.php(15): Nusvg_Plugin::insert_example_item()\n#4 /wordpress/wp-includes/class-wp-hook.php(324): Nusvg_Plugin::activation(false)\n#5 /wordpress/wp-includes/class-wp-hook.php(348): WP_Hook->apply_filters('', Array)\n#6 /wordpress/wp-includes/plugin.php(517): WP_Hook->do_action(Array)\n#7 /wordpress/wp-admin/includes/plugin.php(703): do_action('activate_nusvg/...', false)\n#8 /internal/eval.php(20): activate_plugin('nusvg/nusvg.php')\n#9 {main}</pre>\n for query INSERT IGNORE INTO `wp_nusvg_items` SET slug='_nusvg_example'; made by activate_plugin, do_action('activate_nusvg/nusvg.php'), WP_Hook->do_action, WP_Hook->apply_filters, Nusvg_Plugin::activation, Nusvg_Plugin::insert_example_item, Nusvg_Item->insert, WP_SQLite_DB->query, WP_SQLite_DB->print_error",
    "log": "/logs/plugins/o/obj-mtl-viewer/error.json"
  },
  {
    "message": "SQLSTATE[HY000]: General error: 1 near \"SET\": syntax error.",
    "level": "FATAL",
    "type": "SQL",
    "test": "asyncify-boot",
    "plugin": "obj-mtl-viewer",
    "details": "[07-May-2025 09:33:21 UTC] WordPress database error <div style=\"clear:both\">&nbsp;</div>\n<div class=\"queries\" style=\"clear:both;margin-bottom:2px;border:red dotted thin;\">\n<p>MySQL query:</p>\n<p>INSERT IGNORE INTO `wp_nusvg_items` SET slug='_nusvg_example';</p>\n<p>Queries made or created this session were:</p>\n<ol>\n<li>Executing: BEGIN | (no parameters)</li>\n<li>Executing: INSERT OR IGNORE INTO `wp_nusvg_items` SET slug=:param0 ; | parameters: _nusvg_example</li>\n<li>Executing: ROLLBACK | (no parameters)</li>\n</ol>\n</div>\n<div style=\"clear:both;margin-bottom:2px;border:red dotted thin;\" class=\"error_message\" style=\"border-bottom:dotted blue thin;\">\nError occurred at line 4117 in Function <code>handle_error</code>. Error message was: SQLSTATE[HY000]: General error: 1 near \"SET\": syntax error.\n</div>\n<p>Backtrace:</p>\n<pre>#0 /internal/shared/sqlite-database-integration/wp-includes/sqlite/class-wp-sqlite-db.php(287): WP_SQLite_Translator->get_error_message()\n#1 /wordpress/wp-content/plugins/nusvg/classes/class-nusvg-item.php(268): WP_SQLite_DB->query('INSERT IGNORE I...')\n#2 /wordpress/wp-content/plugins/nusvg/classes/class-nusvg-plugin.php(83): Nusvg_Item->insert()\n#3 /wordpress/wp-content/plugins/nusvg/classes/class-nusvg-plugin.php(15): Nusvg_Plugin::insert_example_item()\n#4 /wordpress/wp-includes/class-wp-hook.php(324): Nusvg_Plugin::activation(false)\n#5 /wordpress/wp-includes/class-wp-hook.php(348): WP_Hook->apply_filters('', Array)\n#6 /wordpress/wp-includes/plugin.php(517): WP_Hook->do_action(Array)\n#7 /wordpress/wp-admin/includes/plugin.php(703): do_action('activate_nusvg/...', false)\n#8 /internal/eval.php(20): activate_plugin('nusvg/nusvg.php')\n#9 {main}</pre>\n for query INSERT IGNORE INTO `wp_nusvg_items` SET slug='_nusvg_example'; made by activate_plugin, do_action('activate_nusvg/nusvg.php'), WP_Hook->do_action, WP_Hook->apply_filters, Nusvg_Plugin::activation, Nusvg_Plugin::insert_example_item, Nusvg_Item->insert, WP_SQLite_DB->query, WP_SQLite_DB->print_error",
    "log": "/logs/plugins/o/obj-mtl-viewer/error.json"
  },
  {
    "message": "Constant CODEXSHAPER_OAUTH_SERVER_VERSION already defined in /wordpress/wp-content/plugins/oauth2-server/includes/class-codexshaper-oauth-server.php on line 280",
    "level": "WARNING",
    "type": "PHP",
    "test": "asyncify-boot",
    "plugin": "obj-mtl-viewer",
    "details": "[07-May-2025 09:35:23 UTC] PHP Warning:  Constant CODEXSHAPER_OAUTH_SERVER_VERSION already defined in /wordpress/wp-content/plugins/oauth2-server/includes/class-codexshaper-oauth-server.php on line 280",
    "log": "/logs/plugins/o/obj-mtl-viewer/error.json"
  },
  {
    "message": "Uncaught Illuminate\\Contracts\\Filesystem\\FileNotFoundException: File does not exist at path /wordpress/wp-content/plugins/oauth2-server/includes/../../../../.htaccess. in /wordpress/wp-content/plugins/oauth2-server/vendor/illuminate/filesystem/Filesystem.php:54",
    "level": "FATAL",
    "type": "PHP",
    "test": "asyncify-boot",
    "plugin": "obj-mtl-viewer",
    "details": "[07-May-2025 09:35:23 UTC] PHP Fatal error:  Uncaught Illuminate\\Contracts\\Filesystem\\FileNotFoundException: File does not exist at path /wordpress/wp-content/plugins/oauth2-server/includes/../../../../.htaccess. in /wordpress/wp-content/plugins/oauth2-server/vendor/illuminate/filesystem/Filesystem.php:54\nStack trace:\n#0 /wordpress/wp-content/plugins/oauth2-server/includes/class-codexshaper-oauth-server-activator.php(69): Illuminate\\Filesystem\\Filesystem->get('/wordpress/wp-c...')\n#1 /wordpress/wp-content/plugins/oauth2-server/includes/class-codexshaper-oauth-server-activator.php(57): Codexshaper_Oauth_Server_Activator::codexshaper_oauth_server_rewrite_auth_conditions()\n#2 /wordpress/wp-content/plugins/oauth2-server/includes/class-codexshaper-oauth-server-activator.php(36): Codexshaper_Oauth_Server_Activator::codexshaper_oauth_server_add_rewrite_authorization()\n#3 /wordpress/wp-content/plugins/oauth2-server/oauth2-server.php(73): Codexshaper_Oauth_Server_Activator::activate()\n#4 /wordpress/wp-includes/class-wp-hook.php(324): codexshaper_oauth_server_activate(false)\n#5 /wordpress/wp-includes/class-wp-hook.php(348): WP_Hook->apply_filters('', Array)\n#6 /wordpress/wp-includes/plugin.php(517): WP_Hook->do_action(Array)\n#7 /wordpress/wp-admin/includes/plugin.php(703): do_action('activate_oauth2...', false)\n#8 /internal/eval.php(20): activate_plugin('oauth2-server/o...')\n#9 {main}\n  thrown in /wordpress/wp-content/plugins/oauth2-server/vendor/illuminate/filesystem/Filesystem.php on line 54",
    "log": "/logs/plugins/o/obj-mtl-viewer/error.json"
  },
  {
    "message": "Constant CODEXSHAPER_OAUTH_SERVER_VERSION already defined in /wordpress/wp-content/plugins/oauth2-server/includes/class-codexshaper-oauth-server.php on line 280",
    "level": "WARNING",
    "type": "PHP",
    "test": "asyncify-boot",
    "plugin": "obj-mtl-viewer",
    "details": "[07-May-2025 09:35:39 UTC] PHP Warning:  Constant CODEXSHAPER_OAUTH_SERVER_VERSION already defined in /wordpress/wp-content/plugins/oauth2-server/includes/class-codexshaper-oauth-server.php on line 280",
    "log": "/logs/plugins/o/obj-mtl-viewer/error.json"
  },
  {
    "message": "Uncaught Illuminate\\Contracts\\Filesystem\\FileNotFoundException: File does not exist at path /wordpress/wp-content/plugins/oauth2-server/includes/../../../../.htaccess. in /wordpress/wp-content/plugins/oauth2-server/vendor/illuminate/filesystem/Filesystem.php:54",
    "level": "FATAL",
    "type": "PHP",
    "test": "asyncify-boot",
    "plugin": "obj-mtl-viewer",
    "details": "[07-May-2025 09:35:39 UTC] PHP Fatal error:  Uncaught Illuminate\\Contracts\\Filesystem\\FileNotFoundException: File does not exist at path /wordpress/wp-content/plugins/oauth2-server/includes/../../../../.htaccess. in /wordpress/wp-content/plugins/oauth2-server/vendor/illuminate/filesystem/Filesystem.php:54\nStack trace:\n#0 /wordpress/wp-content/plugins/oauth2-server/includes/class-codexshaper-oauth-server-activator.php(69): Illuminate\\Filesystem\\Filesystem->get('/wordpress/wp-c...')\n#1 /wordpress/wp-content/plugins/oauth2-server/includes/class-codexshaper-oauth-server-activator.php(57): Codexshaper_Oauth_Server_Activator::codexshaper_oauth_server_rewrite_auth_conditions()\n#2 /wordpress/wp-content/plugins/oauth2-server/includes/class-codexshaper-oauth-server-activator.php(36): Codexshaper_Oauth_Server_Activator::codexshaper_oauth_server_add_rewrite_authorization()\n#3 /wordpress/wp-content/plugins/oauth2-server/oauth2-server.php(73): Codexshaper_Oauth_Server_Activator::activate()\n#4 /wordpress/wp-includes/class-wp-hook.php(324): codexshaper_oauth_server_activate(false)\n#5 /wordpress/wp-includes/class-wp-hook.php(348): WP_Hook->apply_filters('', Array)\n#6 /wordpress/wp-includes/plugin.php(517): WP_Hook->do_action(Array)\n#7 /wordpress/wp-admin/includes/plugin.php(703): do_action('activate_oauth2...', false)\n#8 /internal/eval.php(20): activate_plugin('oauth2-server/o...')\n#9 {main}\n  thrown in /wordpress/wp-content/plugins/oauth2-server/vendor/illuminate/filesystem/Filesystem.php on line 54",
    "log": "/logs/plugins/o/obj-mtl-viewer/error.json"
  },
  {
    "message": "Constant CODEXSHAPER_OAUTH_SERVER_VERSION already defined in /wordpress/wp-content/plugins/oauth2-server/includes/class-codexshaper-oauth-server.php on line 280",
    "level": "WARNING",
    "type": "PHP",
    "test": "asyncify-boot",
    "plugin": "obj-mtl-viewer",
    "details": "[07-May-2025 09:35:55 UTC] PHP Warning:  Constant CODEXSHAPER_OAUTH_SERVER_VERSION already defined in /wordpress/wp-content/plugins/oauth2-server/includes/class-codexshaper-oauth-server.php on line 280",
    "log": "/logs/plugins/o/obj-mtl-viewer/error.json"
  },
  {
    "message": "Uncaught Illuminate\\Contracts\\Filesystem\\FileNotFoundException: File does not exist at path /wordpress/wp-content/plugins/oauth2-server/includes/../../../../.htaccess. in /wordpress/wp-content/plugins/oauth2-server/vendor/illuminate/filesystem/Filesystem.php:54",
    "level": "FATAL",
    "type": "PHP",
    "test": "asyncify-boot",
    "plugin": "obj-mtl-viewer",
    "details": "[07-May-2025 09:35:55 UTC] PHP Fatal error:  Uncaught Illuminate\\Contracts\\Filesystem\\FileNotFoundException: File does not exist at path /wordpress/wp-content/plugins/oauth2-server/includes/../../../../.htaccess. in /wordpress/wp-content/plugins/oauth2-server/vendor/illuminate/filesystem/Filesystem.php:54\nStack trace:\n#0 /wordpress/wp-content/plugins/oauth2-server/includes/class-codexshaper-oauth-server-activator.php(69): Illuminate\\Filesystem\\Filesystem->get('/wordpress/wp-c...')\n#1 /wordpress/wp-content/plugins/oauth2-server/includes/class-codexshaper-oauth-server-activator.php(57): Codexshaper_Oauth_Server_Activator::codexshaper_oauth_server_rewrite_auth_conditions()\n#2 /wordpress/wp-content/plugins/oauth2-server/includes/class-codexshaper-oauth-server-activator.php(36): Codexshaper_Oauth_Server_Activator::codexshaper_oauth_server_add_rewrite_authorization()\n#3 /wordpress/wp-content/plugins/oauth2-server/oauth2-server.php(73): Codexshaper_Oauth_Server_Activator::activate()\n#4 /wordpress/wp-includes/class-wp-hook.php(324): codexshaper_oauth_server_activate(false)\n#5 /wordpress/wp-includes/class-wp-hook.php(348): WP_Hook->apply_filters('', Array)\n#6 /wordpress/wp-includes/plugin.php(517): WP_Hook->do_action(Array)\n#7 /wordpress/wp-admin/includes/plugin.php(703): do_action('activate_oauth2...', false)\n#8 /internal/eval.php(20): activate_plugin('oauth2-server/o...')\n#9 {main}\n  thrown in /wordpress/wp-content/plugins/oauth2-server/vendor/illuminate/filesystem/Filesystem.php on line 54",
    "log": "/logs/plugins/o/obj-mtl-viewer/error.json"
  },
  {
    "message": "Uncaught TypeError: call_user_func_array(): Argument #1 ($callback) must be a valid callback, non-static method OBJ_MTL_Viewer::register_styles() cannot be called statically in /wordpress/wp-includes/class-wp-hook.php:324",
    "level": "FATAL",
    "type": "PHP",
    "test": "asyncify-boot",
    "plugin": "obj-mtl-viewer",
    "details": "[07-May-2025 09:36:05 UTC] PHP Fatal error:  Uncaught TypeError: call_user_func_array(): Argument #1 ($callback) must be a valid callback, non-static method OBJ_MTL_Viewer::register_styles() cannot be called statically in /wordpress/wp-includes/class-wp-hook.php:324\nStack trace:\n#0 /wordpress/wp-includes/class-wp-hook.php(348): WP_Hook->apply_filters(NULL, Array)\n#1 /wordpress/wp-includes/plugin.php(517): WP_Hook->do_action(Array)\n#2 /wordpress/wp-settings.php(727): do_action('init')\n#3 /wordpress/wp-config.php(102): require_once('/wordpress/wp-s...')\n#4 /wordpress/wp-load.php(50): require_once('/wordpress/wp-c...')\n#5 /internal/eval.php(3): require_once('/wordpress/wp-l...')\n#6 {main}\n  thrown in /wordpress/wp-includes/class-wp-hook.php on line 324",
    "log": "/logs/plugins/o/obj-mtl-viewer/error.json"
  },
  {
    "message": "Uncaught TypeError: call_user_func_array(): Argument #1 ($callback) must be a valid callback, non-static method OBJ_MTL_Viewer::register_styles() cannot be called statically in /wordpress/wp-includes/class-wp-hook.php:324",
    "level": "FATAL",
    "type": "PHP",
    "test": "asyncify-boot",
    "plugin": "obj-mtl-viewer",
    "details": "[07-May-2025 09:36:14 UTC] PHP Fatal error:  Uncaught TypeError: call_user_func_array(): Argument #1 ($callback) must be a valid callback, non-static method OBJ_MTL_Viewer::register_styles() cannot be called statically in /wordpress/wp-includes/class-wp-hook.php:324\nStack trace:\n#0 /wordpress/wp-includes/class-wp-hook.php(348): WP_Hook->apply_filters(NULL, Array)\n#1 /wordpress/wp-includes/plugin.php(517): WP_Hook->do_action(Array)\n#2 /wordpress/wp-settings.php(727): do_action('init')\n#3 /wordpress/wp-config.php(102): require_once('/wordpress/wp-s...')\n#4 /wordpress/wp-load.php(50): require_once('/wordpress/wp-c...')\n#5 /internal/eval.php(3): require_once('/wordpress/wp-l...')\n#6 {main}\n  thrown in /wordpress/wp-includes/class-wp-hook.php on line 324\n\n    at Object.onBind (file:///home/runner/work/playground-tester/playground-tester/node_modules/@wp-playground/cli/index.js:237:15)\n    at process.processTicksAndRejections (node:internal/process/task_queues:105:5)\n    at async V (file:///home/runner/work/playground-tester/playground-tester/node_modules/@wp-playground/cli/index.js:64:10)\n    at async ja (file:///home/runner/work/playground-tester/playground-tester/node_modules/@wp-playground/cli/cli.js:8161:12) {\n  [cause]: Error: Error when executing the blueprint step #1 ({\"step\":\"installPlugin\",\"pluginData\":{\"resource\":\"wordpress.org/plugins\",\"slug\":\"obj-mtl-viewer\"},\"options\":{\"activate\":true}}) : PHP.run() failed with exit code 255 and the following output: \n      at Object.run (file:///home/runner/work/playground-tester/playground-tester/node_modules/@wp-playground/blueprints/index.js:12449:19)\n      at process.processTicksAndRejections (node:internal/process/task_queues:105:5)\n      at async ms (file:///home/runner/work/playground-tester/playground-tester/node_modules/@wp-playground/blueprints/index.js:12552:3)\n      ... 2 lines matching cause stack trace ...\n      at async ja (file:///home/runner/work/playground-tester/playground-tester/node_modules/@wp-playground/cli/cli.js:8161:12) {\n    [cause]: PHPExecutionFailureError: PHP.run() failed with exit code 255 and the following output: \n        at PHP.run (file:///home/runner/work/playground-tester/playground-tester/node_modules/@php-wasm/universal/index.js:987:19)\n        at process.processTicksAndRejections (node:internal/process/task_queues:105:5)\n        at async wr (file:///home/runner/work/playground-tester/playground-tester/node_modules/@wp-playground/blueprints/index.js:73:13)\n        at async Object.gt [as installPlugin] (file:///home/runner/work/playground-tester/playground-tester/node_modules/@wp-playground/blueprints/index.js:974:42)\n        at async g (file:///home/runner/work/playground-tester/playground-tester/node_modules/@wp-playground/blueprints/index.js:12517:30)\n        at async Object.run (file:///home/runner/work/playground-tester/playground-tester/node_modules/@wp-playground/blueprints/index.js:12446:23)\n        at async ms (file:///home/runner/work/playground-tester/playground-tester/node_modules/@wp-playground/blueprints/index.js:12552:3)\n        at async Object.onBind (file:///home/runner/work/playground-tester/playground-tester/node_modules/@wp-playground/cli/index.js:227:48)\n        at async V (file:///home/runner/work/playground-tester/playground-tester/node_modules/@wp-playground/cli/index.js:64:10)\n        at async ja (file:///home/runner/work/playground-tester/playground-tester/node_modules/@wp-playground/cli/cli.js:8161:12) {\n      response: PHPResponse {\n        httpStatusCode: 500,\n        headers: {\n          'x-powered-by': [ 'PHP/8.0.30-dev' ],\n          'content-type': [ 'text/html; charset=UTF-8' ],\n          expires: [ 'Wed, 11 Jan 1984 05:00:00 GMT' ],\n          'cache-control': [ 'no-cache, must-revalidate, max-age=0, no-store, private' ]\n        },\n        bytes: Uint8Array(2653) [\n           60,  33,  68,  79,  67,  84,  89,  80,  69,  32, 104, 116,\n          109, 108,  62,  10,  60, 104, 116, 109, 108,  32, 108,  97,\n          110, 103,  61,  34, 101, 110,  45,  85,  83,  34,  62,  10,\n           60, 104, 101,  97, 100,  62,  10,   9,  60, 109, 101, 116,\n           97,  32, 104, 116, 116, 112,  45, 101, 113, 117, 105, 118,\n           61,  34,  67, 111, 110, 116, 101, 110, 116,  45,  84, 121,\n          112, 101,  34,  32,  99, 111, 110, 116, 101, 110, 116,  61,\n           34, 116, 101, 120, 116,  47, 104, 116, 109, 108,  59,  32,\n           99, 104,  97, 114,\n          ... 2553 more items\n        ],\n        exitCode: 255,\n        errors: ''\n      },\n      source: 'request'\n    }\n  }\n}\n\n",
    "log": "/logs/plugins/o/obj-mtl-viewer/error.json"
  },
  {
    "message": "file:///home/runner/work/playground-tester/playground-tester/node_modules/@wp-playground/cli/index.js:237\n        throw new Error(y, { cause: u });\n              ^\n",
    "level": "FATAL",
    "type": "PLAYGROUND",
    "test": "jspi-boot",
    "plugin": "obj-mtl-viewer",
    "details": "file:///home/runner/work/playground-tester/playground-tester/node_modules/@wp-playground/cli/index.js:237\n        throw new Error(y, { cause: u });\n              ^\n",
    "log": "/tmp/tmp.zjAdiKu2Ta"
  },
  {
    "message": "Required parameter $source_array follows optional parameter $prefix in /wordpress/wp-content/plugins/numly-numbers/numly_functions.php on line 78",
    "level": "DEPRECATED",
    "type": "PHP",
    "test": "jspi-boot",
    "plugin": "obj-mtl-viewer",
    "details": "[07-May-2025 09:32:38 UTC] PHP Deprecated:  Required parameter $source_array follows optional parameter $prefix in /wordpress/wp-content/plugins/numly-numbers/numly_functions.php on line 78",
    "log": "/logs/plugins/o/obj-mtl-viewer/error.json"
  },
  {
    "message": "Required parameter $source_array follows optional parameter $prefix in /wordpress/wp-content/plugins/numly-numbers/numly_functions.php on line 78",
    "level": "DEPRECATED",
    "type": "PHP",
    "test": "jspi-boot",
    "plugin": "obj-mtl-viewer",
    "details": "[07-May-2025 09:32:39 UTC] PHP Deprecated:  Required parameter $source_array follows optional parameter $prefix in /wordpress/wp-content/plugins/numly-numbers/numly_functions.php on line 78",
    "log": "/logs/plugins/o/obj-mtl-viewer/error.json"
  },
  {
    "message": "Required parameter $source_array follows optional parameter $prefix in /wordpress/wp-content/plugins/numly-numbers/numly_functions.php on line 78",
    "level": "DEPRECATED",
    "type": "PHP",
    "test": "jspi-boot",
    "plugin": "obj-mtl-viewer",
    "details": "[07-May-2025 09:32:46 UTC] PHP Deprecated:  Required parameter $source_array follows optional parameter $prefix in /wordpress/wp-content/plugins/numly-numbers/numly_functions.php on line 78",
    "log": "/logs/plugins/o/obj-mtl-viewer/error.json"
  },
  {
    "message": "Required parameter $source_array follows optional parameter $prefix in /wordpress/wp-content/plugins/numly-numbers/numly_functions.php on line 78",
    "level": "DEPRECATED",
    "type": "PHP",
    "test": "jspi-boot",
    "plugin": "obj-mtl-viewer",
    "details": "[07-May-2025 09:32:47 UTC] PHP Deprecated:  Required parameter $source_array follows optional parameter $prefix in /wordpress/wp-content/plugins/numly-numbers/numly_functions.php on line 78",
    "log": "/logs/plugins/o/obj-mtl-viewer/error.json"
  },
  {
    "message": "Required parameter $source_array follows optional parameter $prefix in /wordpress/wp-content/plugins/numly-numbers/numly_functions.php on line 78",
    "level": "DEPRECATED",
    "type": "PHP",
    "test": "jspi-boot",
    "plugin": "obj-mtl-viewer",
    "details": "[07-May-2025 09:32:55 UTC] PHP Deprecated:  Required parameter $source_array follows optional parameter $prefix in /wordpress/wp-content/plugins/numly-numbers/numly_functions.php on line 78",
    "log": "/logs/plugins/o/obj-mtl-viewer/error.json"
  },
  {
    "message": "Required parameter $source_array follows optional parameter $prefix in /wordpress/wp-content/plugins/numly-numbers/numly_functions.php on line 78",
    "level": "DEPRECATED",
    "type": "PHP",
    "test": "jspi-boot",
    "plugin": "obj-mtl-viewer",
    "details": "[07-May-2025 09:32:56 UTC] PHP Deprecated:  Required parameter $source_array follows optional parameter $prefix in /wordpress/wp-content/plugins/numly-numbers/numly_functions.php on line 78",
    "log": "/logs/plugins/o/obj-mtl-viewer/error.json"
  },
  {
    "message": "SQLSTATE[HY000]: General error: 1 near \"SET\": syntax error.",
    "level": "FATAL",
    "type": "SQL",
    "test": "jspi-boot",
    "plugin": "obj-mtl-viewer",
    "details": "[07-May-2025 09:33:13 UTC] WordPress database error <div style=\"clear:both\">&nbsp;</div>\n<div class=\"queries\" style=\"clear:both;margin-bottom:2px;border:red dotted thin;\">\n<p>MySQL query:</p>\n<p>INSERT IGNORE INTO `wp_nusvg_items` SET slug='_nusvg_example';</p>\n<p>Queries made or created this session were:</p>\n<ol>\n<li>Executing: BEGIN | (no parameters)</li>\n<li>Executing: INSERT OR IGNORE INTO `wp_nusvg_items` SET slug=:param0 ; | parameters: _nusvg_example</li>\n<li>Executing: ROLLBACK | (no parameters)</li>\n</ol>\n</div>\n<div style=\"clear:both;margin-bottom:2px;border:red dotted thin;\" class=\"error_message\" style=\"border-bottom:dotted blue thin;\">\nError occurred at line 4117 in Function <code>handle_error</code>. Error message was: SQLSTATE[HY000]: General error: 1 near \"SET\": syntax error.\n</div>\n<p>Backtrace:</p>\n<pre>#0 /internal/shared/sqlite-database-integration/wp-includes/sqlite/class-wp-sqlite-db.php(287): WP_SQLite_Translator->get_error_message()\n#1 /wordpress/wp-content/plugins/nusvg/classes/class-nusvg-item.php(268): WP_SQLite_DB->query('INSERT IGNORE I...')\n#2 /wordpress/wp-content/plugins/nusvg/classes/class-nusvg-plugin.php(83): Nusvg_Item->insert()\n#3 /wordpress/wp-content/plugins/nusvg/classes/class-nusvg-plugin.php(15): Nusvg_Plugin::insert_example_item()\n#4 /wordpress/wp-includes/class-wp-hook.php(324): Nusvg_Plugin::activation(false)\n#5 /wordpress/wp-includes/class-wp-hook.php(348): WP_Hook->apply_filters('', Array)\n#6 /wordpress/wp-includes/plugin.php(517): WP_Hook->do_action(Array)\n#7 /wordpress/wp-admin/includes/plugin.php(703): do_action('activate_nusvg/...', false)\n#8 /internal/eval.php(20): activate_plugin('nusvg/nusvg.php')\n#9 {main}</pre>\n for query INSERT IGNORE INTO `wp_nusvg_items` SET slug='_nusvg_example'; made by activate_plugin, do_action('activate_nusvg/nusvg.php'), WP_Hook->do_action, WP_Hook->apply_filters, Nusvg_Plugin::activation, Nusvg_Plugin::insert_example_item, Nusvg_Item->insert, WP_SQLite_DB->query, WP_SQLite_DB->print_error",
    "log": "/logs/plugins/o/obj-mtl-viewer/error.json"
  },
  {
    "message": "SQLSTATE[HY000]: General error: 1 near \"SET\": syntax error.",
    "level": "FATAL",
    "type": "SQL",
    "test": "jspi-boot",
    "plugin": "obj-mtl-viewer",
    "details": "[07-May-2025 09:33:21 UTC] WordPress database error <div style=\"clear:both\">&nbsp;</div>\n<div class=\"queries\" style=\"clear:both;margin-bottom:2px;border:red dotted thin;\">\n<p>MySQL query:</p>\n<p>INSERT IGNORE INTO `wp_nusvg_items` SET slug='_nusvg_example';</p>\n<p>Queries made or created this session were:</p>\n<ol>\n<li>Executing: BEGIN | (no parameters)</li>\n<li>Executing: INSERT OR IGNORE INTO `wp_nusvg_items` SET slug=:param0 ; | parameters: _nusvg_example</li>\n<li>Executing: ROLLBACK | (no parameters)</li>\n</ol>\n</div>\n<div style=\"clear:both;margin-bottom:2px;border:red dotted thin;\" class=\"error_message\" style=\"border-bottom:dotted blue thin;\">\nError occurred at line 4117 in Function <code>handle_error</code>. Error message was: SQLSTATE[HY000]: General error: 1 near \"SET\": syntax error.\n</div>\n<p>Backtrace:</p>\n<pre>#0 /internal/shared/sqlite-database-integration/wp-includes/sqlite/class-wp-sqlite-db.php(287): WP_SQLite_Translator->get_error_message()\n#1 /wordpress/wp-content/plugins/nusvg/classes/class-nusvg-item.php(268): WP_SQLite_DB->query('INSERT IGNORE I...')\n#2 /wordpress/wp-content/plugins/nusvg/classes/class-nusvg-plugin.php(83): Nusvg_Item->insert()\n#3 /wordpress/wp-content/plugins/nusvg/classes/class-nusvg-plugin.php(15): Nusvg_Plugin::insert_example_item()\n#4 /wordpress/wp-includes/class-wp-hook.php(324): Nusvg_Plugin::activation(false)\n#5 /wordpress/wp-includes/class-wp-hook.php(348): WP_Hook->apply_filters('', Array)\n#6 /wordpress/wp-includes/plugin.php(517): WP_Hook->do_action(Array)\n#7 /wordpress/wp-admin/includes/plugin.php(703): do_action('activate_nusvg/...', false)\n#8 /internal/eval.php(20): activate_plugin('nusvg/nusvg.php')\n#9 {main}</pre>\n for query INSERT IGNORE INTO `wp_nusvg_items` SET slug='_nusvg_example'; made by activate_plugin, do_action('activate_nusvg/nusvg.php'), WP_Hook->do_action, WP_Hook->apply_filters, Nusvg_Plugin::activation, Nusvg_Plugin::insert_example_item, Nusvg_Item->insert, WP_SQLite_DB->query, WP_SQLite_DB->print_error",
    "log": "/logs/plugins/o/obj-mtl-viewer/error.json"
  },
  {
    "message": "Constant CODEXSHAPER_OAUTH_SERVER_VERSION already defined in /wordpress/wp-content/plugins/oauth2-server/includes/class-codexshaper-oauth-server.php on line 280",
    "level": "WARNING",
    "type": "PHP",
    "test": "jspi-boot",
    "plugin": "obj-mtl-viewer",
    "details": "[07-May-2025 09:35:23 UTC] PHP Warning:  Constant CODEXSHAPER_OAUTH_SERVER_VERSION already defined in /wordpress/wp-content/plugins/oauth2-server/includes/class-codexshaper-oauth-server.php on line 280",
    "log": "/logs/plugins/o/obj-mtl-viewer/error.json"
  },
  {
    "message": "Uncaught Illuminate\\Contracts\\Filesystem\\FileNotFoundException: File does not exist at path /wordpress/wp-content/plugins/oauth2-server/includes/../../../../.htaccess. in /wordpress/wp-content/plugins/oauth2-server/vendor/illuminate/filesystem/Filesystem.php:54",
    "level": "FATAL",
    "type": "PHP",
    "test": "jspi-boot",
    "plugin": "obj-mtl-viewer",
    "details": "[07-May-2025 09:35:23 UTC] PHP Fatal error:  Uncaught Illuminate\\Contracts\\Filesystem\\FileNotFoundException: File does not exist at path /wordpress/wp-content/plugins/oauth2-server/includes/../../../../.htaccess. in /wordpress/wp-content/plugins/oauth2-server/vendor/illuminate/filesystem/Filesystem.php:54\nStack trace:\n#0 /wordpress/wp-content/plugins/oauth2-server/includes/class-codexshaper-oauth-server-activator.php(69): Illuminate\\Filesystem\\Filesystem->get('/wordpress/wp-c...')\n#1 /wordpress/wp-content/plugins/oauth2-server/includes/class-codexshaper-oauth-server-activator.php(57): Codexshaper_Oauth_Server_Activator::codexshaper_oauth_server_rewrite_auth_conditions()\n#2 /wordpress/wp-content/plugins/oauth2-server/includes/class-codexshaper-oauth-server-activator.php(36): Codexshaper_Oauth_Server_Activator::codexshaper_oauth_server_add_rewrite_authorization()\n#3 /wordpress/wp-content/plugins/oauth2-server/oauth2-server.php(73): Codexshaper_Oauth_Server_Activator::activate()\n#4 /wordpress/wp-includes/class-wp-hook.php(324): codexshaper_oauth_server_activate(false)\n#5 /wordpress/wp-includes/class-wp-hook.php(348): WP_Hook->apply_filters('', Array)\n#6 /wordpress/wp-includes/plugin.php(517): WP_Hook->do_action(Array)\n#7 /wordpress/wp-admin/includes/plugin.php(703): do_action('activate_oauth2...', false)\n#8 /internal/eval.php(20): activate_plugin('oauth2-server/o...')\n#9 {main}\n  thrown in /wordpress/wp-content/plugins/oauth2-server/vendor/illuminate/filesystem/Filesystem.php on line 54",
    "log": "/logs/plugins/o/obj-mtl-viewer/error.json"
  },
  {
    "message": "Constant CODEXSHAPER_OAUTH_SERVER_VERSION already defined in /wordpress/wp-content/plugins/oauth2-server/includes/class-codexshaper-oauth-server.php on line 280",
    "level": "WARNING",
    "type": "PHP",
    "test": "jspi-boot",
    "plugin": "obj-mtl-viewer",
    "details": "[07-May-2025 09:35:39 UTC] PHP Warning:  Constant CODEXSHAPER_OAUTH_SERVER_VERSION already defined in /wordpress/wp-content/plugins/oauth2-server/includes/class-codexshaper-oauth-server.php on line 280",
    "log": "/logs/plugins/o/obj-mtl-viewer/error.json"
  },
  {
    "message": "Uncaught Illuminate\\Contracts\\Filesystem\\FileNotFoundException: File does not exist at path /wordpress/wp-content/plugins/oauth2-server/includes/../../../../.htaccess. in /wordpress/wp-content/plugins/oauth2-server/vendor/illuminate/filesystem/Filesystem.php:54",
    "level": "FATAL",
    "type": "PHP",
    "test": "jspi-boot",
    "plugin": "obj-mtl-viewer",
    "details": "[07-May-2025 09:35:39 UTC] PHP Fatal error:  Uncaught Illuminate\\Contracts\\Filesystem\\FileNotFoundException: File does not exist at path /wordpress/wp-content/plugins/oauth2-server/includes/../../../../.htaccess. in /wordpress/wp-content/plugins/oauth2-server/vendor/illuminate/filesystem/Filesystem.php:54\nStack trace:\n#0 /wordpress/wp-content/plugins/oauth2-server/includes/class-codexshaper-oauth-server-activator.php(69): Illuminate\\Filesystem\\Filesystem->get('/wordpress/wp-c...')\n#1 /wordpress/wp-content/plugins/oauth2-server/includes/class-codexshaper-oauth-server-activator.php(57): Codexshaper_Oauth_Server_Activator::codexshaper_oauth_server_rewrite_auth_conditions()\n#2 /wordpress/wp-content/plugins/oauth2-server/includes/class-codexshaper-oauth-server-activator.php(36): Codexshaper_Oauth_Server_Activator::codexshaper_oauth_server_add_rewrite_authorization()\n#3 /wordpress/wp-content/plugins/oauth2-server/oauth2-server.php(73): Codexshaper_Oauth_Server_Activator::activate()\n#4 /wordpress/wp-includes/class-wp-hook.php(324): codexshaper_oauth_server_activate(false)\n#5 /wordpress/wp-includes/class-wp-hook.php(348): WP_Hook->apply_filters('', Array)\n#6 /wordpress/wp-includes/plugin.php(517): WP_Hook->do_action(Array)\n#7 /wordpress/wp-admin/includes/plugin.php(703): do_action('activate_oauth2...', false)\n#8 /internal/eval.php(20): activate_plugin('oauth2-server/o...')\n#9 {main}\n  thrown in /wordpress/wp-content/plugins/oauth2-server/vendor/illuminate/filesystem/Filesystem.php on line 54",
    "log": "/logs/plugins/o/obj-mtl-viewer/error.json"
  },
  {
    "message": "Constant CODEXSHAPER_OAUTH_SERVER_VERSION already defined in /wordpress/wp-content/plugins/oauth2-server/includes/class-codexshaper-oauth-server.php on line 280",
    "level": "WARNING",
    "type": "PHP",
    "test": "jspi-boot",
    "plugin": "obj-mtl-viewer",
    "details": "[07-May-2025 09:35:55 UTC] PHP Warning:  Constant CODEXSHAPER_OAUTH_SERVER_VERSION already defined in /wordpress/wp-content/plugins/oauth2-server/includes/class-codexshaper-oauth-server.php on line 280",
    "log": "/logs/plugins/o/obj-mtl-viewer/error.json"
  },
  {
    "message": "Uncaught Illuminate\\Contracts\\Filesystem\\FileNotFoundException: File does not exist at path /wordpress/wp-content/plugins/oauth2-server/includes/../../../../.htaccess. in /wordpress/wp-content/plugins/oauth2-server/vendor/illuminate/filesystem/Filesystem.php:54",
    "level": "FATAL",
    "type": "PHP",
    "test": "jspi-boot",
    "plugin": "obj-mtl-viewer",
    "details": "[07-May-2025 09:35:55 UTC] PHP Fatal error:  Uncaught Illuminate\\Contracts\\Filesystem\\FileNotFoundException: File does not exist at path /wordpress/wp-content/plugins/oauth2-server/includes/../../../../.htaccess. in /wordpress/wp-content/plugins/oauth2-server/vendor/illuminate/filesystem/Filesystem.php:54\nStack trace:\n#0 /wordpress/wp-content/plugins/oauth2-server/includes/class-codexshaper-oauth-server-activator.php(69): Illuminate\\Filesystem\\Filesystem->get('/wordpress/wp-c...')\n#1 /wordpress/wp-content/plugins/oauth2-server/includes/class-codexshaper-oauth-server-activator.php(57): Codexshaper_Oauth_Server_Activator::codexshaper_oauth_server_rewrite_auth_conditions()\n#2 /wordpress/wp-content/plugins/oauth2-server/includes/class-codexshaper-oauth-server-activator.php(36): Codexshaper_Oauth_Server_Activator::codexshaper_oauth_server_add_rewrite_authorization()\n#3 /wordpress/wp-content/plugins/oauth2-server/oauth2-server.php(73): Codexshaper_Oauth_Server_Activator::activate()\n#4 /wordpress/wp-includes/class-wp-hook.php(324): codexshaper_oauth_server_activate(false)\n#5 /wordpress/wp-includes/class-wp-hook.php(348): WP_Hook->apply_filters('', Array)\n#6 /wordpress/wp-includes/plugin.php(517): WP_Hook->do_action(Array)\n#7 /wordpress/wp-admin/includes/plugin.php(703): do_action('activate_oauth2...', false)\n#8 /internal/eval.php(20): activate_plugin('oauth2-server/o...')\n#9 {main}\n  thrown in /wordpress/wp-content/plugins/oauth2-server/vendor/illuminate/filesystem/Filesystem.php on line 54",
    "log": "/logs/plugins/o/obj-mtl-viewer/error.json"
  },
  {
    "message": "Uncaught TypeError: call_user_func_array(): Argument #1 ($callback) must be a valid callback, non-static method OBJ_MTL_Viewer::register_styles() cannot be called statically in /wordpress/wp-includes/class-wp-hook.php:324",
    "level": "FATAL",
    "type": "PHP",
    "test": "jspi-boot",
    "plugin": "obj-mtl-viewer",
    "details": "[07-May-2025 09:36:05 UTC] PHP Fatal error:  Uncaught TypeError: call_user_func_array(): Argument #1 ($callback) must be a valid callback, non-static method OBJ_MTL_Viewer::register_styles() cannot be called statically in /wordpress/wp-includes/class-wp-hook.php:324\nStack trace:\n#0 /wordpress/wp-includes/class-wp-hook.php(348): WP_Hook->apply_filters(NULL, Array)\n#1 /wordpress/wp-includes/plugin.php(517): WP_Hook->do_action(Array)\n#2 /wordpress/wp-settings.php(727): do_action('init')\n#3 /wordpress/wp-config.php(102): require_once('/wordpress/wp-s...')\n#4 /wordpress/wp-load.php(50): require_once('/wordpress/wp-c...')\n#5 /internal/eval.php(3): require_once('/wordpress/wp-l...')\n#6 {main}\n  thrown in /wordpress/wp-includes/class-wp-hook.php on line 324",
    "log": "/logs/plugins/o/obj-mtl-viewer/error.json"
  },
  {
    "message": "Uncaught TypeError: call_user_func_array(): Argument #1 ($callback) must be a valid callback, non-static method OBJ_MTL_Viewer::register_styles() cannot be called statically in /wordpress/wp-includes/class-wp-hook.php:324",
    "level": "FATAL",
    "type": "PHP",
    "test": "jspi-boot",
    "plugin": "obj-mtl-viewer",
    "details": "[07-May-2025 09:36:14 UTC] PHP Fatal error:  Uncaught TypeError: call_user_func_array(): Argument #1 ($callback) must be a valid callback, non-static method OBJ_MTL_Viewer::register_styles() cannot be called statically in /wordpress/wp-includes/class-wp-hook.php:324\nStack trace:\n#0 /wordpress/wp-includes/class-wp-hook.php(348): WP_Hook->apply_filters(NULL, Array)\n#1 /wordpress/wp-includes/plugin.php(517): WP_Hook->do_action(Array)\n#2 /wordpress/wp-settings.php(727): do_action('init')\n#3 /wordpress/wp-config.php(102): require_once('/wordpress/wp-s...')\n#4 /wordpress/wp-load.php(50): require_once('/wordpress/wp-c...')\n#5 /internal/eval.php(3): require_once('/wordpress/wp-l...')\n#6 {main}\n  thrown in /wordpress/wp-includes/class-wp-hook.php on line 324",
    "log": "/logs/plugins/o/obj-mtl-viewer/error.json"
  },
  {
    "message": "Uncaught TypeError: call_user_func_array(): Argument #1 ($callback) must be a valid callback, non-static method OBJ_MTL_Viewer::register_styles() cannot be called statically in /wordpress/wp-includes/class-wp-hook.php:324",
    "level": "FATAL",
    "type": "PHP",
    "test": "jspi-boot",
    "plugin": "obj-mtl-viewer",
    "details": "[07-May-2025 09:36:24 UTC] PHP Fatal error:  Uncaught TypeError: call_user_func_array(): Argument #1 ($callback) must be a valid callback, non-static method OBJ_MTL_Viewer::register_styles() cannot be called statically in /wordpress/wp-includes/class-wp-hook.php:324\nStack trace:\n#0 /wordpress/wp-includes/class-wp-hook.php(348): WP_Hook->apply_filters(NULL, Array)\n#1 /wordpress/wp-includes/plugin.php(517): WP_Hook->do_action(Array)\n#2 /wordpress/wp-settings.php(727): do_action('init')\n#3 /wordpress/wp-config.php(102): require_once('/wordpress/wp-s...')\n#4 /wordpress/wp-load.php(50): require_once('/wordpress/wp-c...')\n#5 /internal/eval.php(3): require_once('/wordpress/wp-l...')\n#6 {main}\n  thrown in /wordpress/wp-includes/class-wp-hook.php on line 324\n\n    at Object.onBind (file:///home/runner/work/playground-tester/playground-tester/node_modules/@wp-playground/cli/index.js:237:15)\n    at process.processTicksAndRejections (node:internal/process/task_queues:105:5)\n    at async V (file:///home/runner/work/playground-tester/playground-tester/node_modules/@wp-playground/cli/index.js:64:10)\n    at async ja (file:///home/runner/work/playground-tester/playground-tester/node_modules/@wp-playground/cli/cli.js:8161:12) {\n  [cause]: Error: Error when executing the blueprint step #1 ({\"step\":\"installPlugin\",\"pluginData\":{\"resource\":\"wordpress.org/plugins\",\"slug\":\"obj-mtl-viewer\"},\"options\":{\"activate\":true}}) : PHP.run() failed with exit code 255 and the following output: \n      at Object.run (file:///home/runner/work/playground-tester/playground-tester/node_modules/@wp-playground/blueprints/index.js:12449:19)\n      at process.processTicksAndRejections (node:internal/process/task_queues:105:5)\n      at async ms (file:///home/runner/work/playground-tester/playground-tester/node_modules/@wp-playground/blueprints/index.js:12552:3)\n      ... 2 lines matching cause stack trace ...\n      at async ja (file:///home/runner/work/playground-tester/playground-tester/node_modules/@wp-playground/cli/cli.js:8161:12) {\n    [cause]: PHPExecutionFailureError: PHP.run() failed with exit code 255 and the following output: \n        at PHP.run (file:///home/runner/work/playground-tester/playground-tester/node_modules/@php-wasm/universal/index.js:987:19)\n        at process.processTicksAndRejections (node:internal/process/task_queues:105:5)\n        at async wr (file:///home/runner/work/playground-tester/playground-tester/node_modules/@wp-playground/blueprints/index.js:73:13)\n        at async Object.gt [as installPlugin] (file:///home/runner/work/playground-tester/playground-tester/node_modules/@wp-playground/blueprints/index.js:974:42)\n        at async g (file:///home/runner/work/playground-tester/playground-tester/node_modules/@wp-playground/blueprints/index.js:12517:30)\n        at async Object.run (file:///home/runner/work/playground-tester/playground-tester/node_modules/@wp-playground/blueprints/index.js:12446:23)\n        at async ms (file:///home/runner/work/playground-tester/playground-tester/node_modules/@wp-playground/blueprints/index.js:12552:3)\n        at async Object.onBind (file:///home/runner/work/playground-tester/playground-tester/node_modules/@wp-playground/cli/index.js:227:48)\n        at async V (file:///home/runner/work/playground-tester/playground-tester/node_modules/@wp-playground/cli/index.js:64:10)\n        at async ja (file:///home/runner/work/playground-tester/playground-tester/node_modules/@wp-playground/cli/cli.js:8161:12) {\n      response: PHPResponse {\n        httpStatusCode: 500,\n        headers: {\n          'x-powered-by': [ 'PHP/8.0.30-dev' ],\n          'content-type': [ 'text/html; charset=UTF-8' ],\n          expires: [ 'Wed, 11 Jan 1984 05:00:00 GMT' ],\n          'cache-control': [ 'no-cache, must-revalidate, max-age=0, no-store, private' ]\n        },\n        bytes: Uint8Array(2653) [\n           60,  33,  68,  79,  67,  84,  89,  80,  69,  32, 104, 116,\n          109, 108,  62,  10,  60, 104, 116, 109, 108,  32, 108,  97,\n          110, 103,  61,  34, 101, 110,  45,  85,  83,  34,  62,  10,\n           60, 104, 101,  97, 100,  62,  10,   9,  60, 109, 101, 116,\n           97,  32, 104, 116, 116, 112,  45, 101, 113, 117, 105, 118,\n           61,  34,  67, 111, 110, 116, 101, 110, 116,  45,  84, 121,\n          112, 101,  34,  32,  99, 111, 110, 116, 101, 110, 116,  61,\n           34, 116, 101, 120, 116,  47, 104, 116, 109, 108,  59,  32,\n           99, 104,  97, 114,\n          ... 2553 more items\n        ],\n        exitCode: 255,\n        errors: ''\n      },\n      source: 'request'\n    }\n  }\n}\n\n",
    "log": "/logs/plugins/o/obj-mtl-viewer/error.json"
  }
]
