[
  {
    "message": "file:///home/runner/work/playground-tester/playground-tester/node_modules/@wp-playground/cli/run-cli-j-geJYS3.js:325\n        throw new Error($, { cause: h });\n              ^\n",
    "level": "FATAL",
    "type": "PLAYGROUND",
    "test": "ast-sqlite-boot",
    "plugin": "edno23-latest-posts",
    "details": "file:///home/runner/work/playground-tester/playground-tester/node_modules/@wp-playground/cli/run-cli-j-geJYS3.js:325\n        throw new Error($, { cause: h });\n              ^\n",
    "log": "/tmp/tmp.2iEqg8UeBt"
  },
  {
    "message": "Function _load_textdomain_just_in_time was called <strong>incorrectly</strong>. Translation loading for the <code>woocommerce</code> domain was triggered too early. This is usually an indicator for some code in the plugin or theme running too early. Translations should be loaded at the <code>init</code> action or later. Please see <a href=\"https://developer.wordpress.org/advanced-administration/debug/debug-wordpress/\">Debugging in WordPress</a> for more information. (This message was added in version 6.7.0.) in /wordpress/wp-includes/functions.php on line 6121",
    "level": "NOTICE",
    "type": "PHP",
    "test": "ast-sqlite-boot",
    "plugin": "edno23-latest-posts",
    "details": "[03-Jul-2025 13:41:26 UTC] PHP Notice:  Function _load_textdomain_just_in_time was called <strong>incorrectly</strong>. Translation loading for the <code>woocommerce</code> domain was triggered too early. This is usually an indicator for some code in the plugin or theme running too early. Translations should be loaded at the <code>init</code> action or later. Please see <a href=\"https://developer.wordpress.org/advanced-administration/debug/debug-wordpress/\">Debugging in WordPress</a> for more information. (This message was added in version 6.7.0.) in /wordpress/wp-includes/functions.php on line 6121",
    "log": "/logs/plugins/e/edno23-latest-posts/error.json"
  },
  {
    "message": "Function _load_textdomain_just_in_time was called <strong>incorrectly</strong>. Translation loading for the <code>woocommerce</code> domain was triggered too early. This is usually an indicator for some code in the plugin or theme running too early. Translations should be loaded at the <code>init</code> action or later. Please see <a href=\"https://developer.wordpress.org/advanced-administration/debug/debug-wordpress/\">Debugging in WordPress</a> for more information. (This message was added in version 6.7.0.) in /wordpress/wp-includes/functions.php on line 6121",
    "level": "NOTICE",
    "type": "PHP",
    "test": "ast-sqlite-boot",
    "plugin": "edno23-latest-posts",
    "details": "[03-Jul-2025 13:42:12 UTC] PHP Notice:  Function _load_textdomain_just_in_time was called <strong>incorrectly</strong>. Translation loading for the <code>woocommerce</code> domain was triggered too early. This is usually an indicator for some code in the plugin or theme running too early. Translations should be loaded at the <code>init</code> action or later. Please see <a href=\"https://developer.wordpress.org/advanced-administration/debug/debug-wordpress/\">Debugging in WordPress</a> for more information. (This message was added in version 6.7.0.) in /wordpress/wp-includes/functions.php on line 6121",
    "log": "/logs/plugins/e/edno23-latest-posts/error.json"
  },
  {
    "message": "Function _load_textdomain_just_in_time was called <strong>incorrectly</strong>. Translation loading for the <code>woocommerce</code> domain was triggered too early. This is usually an indicator for some code in the plugin or theme running too early. Translations should be loaded at the <code>init</code> action or later. Please see <a href=\"https://developer.wordpress.org/advanced-administration/debug/debug-wordpress/\">Debugging in WordPress</a> for more information. (This message was added in version 6.7.0.) in /wordpress/wp-includes/functions.php on line 6121",
    "level": "NOTICE",
    "type": "PHP",
    "test": "ast-sqlite-boot",
    "plugin": "edno23-latest-posts",
    "details": "[03-Jul-2025 13:43:01 UTC] PHP Notice:  Function _load_textdomain_just_in_time was called <strong>incorrectly</strong>. Translation loading for the <code>woocommerce</code> domain was triggered too early. This is usually an indicator for some code in the plugin or theme running too early. Translations should be loaded at the <code>init</code> action or later. Please see <a href=\"https://developer.wordpress.org/advanced-administration/debug/debug-wordpress/\">Debugging in WordPress</a> for more information. (This message was added in version 6.7.0.) in /wordpress/wp-includes/functions.php on line 6121",
    "log": "/logs/plugins/e/edno23-latest-posts/error.json"
  },
  {
    "message": "Required parameter $post_id follows optional parameter $args in /wordpress/wp-content/plugins/edd-download-actions/includes/admin.php on line 68",
    "level": "DEPRECATED",
    "type": "PHP",
    "test": "ast-sqlite-boot",
    "plugin": "edno23-latest-posts",
    "details": "[03-Jul-2025 13:43:54 UTC] PHP Deprecated:  Required parameter $post_id follows optional parameter $args in /wordpress/wp-content/plugins/edd-download-actions/includes/admin.php on line 68",
    "log": "/logs/plugins/e/edno23-latest-posts/error.json"
  },
  {
    "message": "Required parameter $index follows optional parameter $args in /wordpress/wp-content/plugins/edd-download-actions/includes/admin.php on line 68",
    "level": "DEPRECATED",
    "type": "PHP",
    "test": "ast-sqlite-boot",
    "plugin": "edno23-latest-posts",
    "details": "[03-Jul-2025 13:43:54 UTC] PHP Deprecated:  Required parameter $index follows optional parameter $args in /wordpress/wp-content/plugins/edd-download-actions/includes/admin.php on line 68",
    "log": "/logs/plugins/e/edno23-latest-posts/error.json"
  },
  {
    "message": "Uncaught Error: Call to undefined function edd_get_label_singular() in /wordpress/wp-content/plugins/edd-download-actions/includes/widgets.php:23",
    "level": "FATAL",
    "type": "PHP",
    "test": "ast-sqlite-boot",
    "plugin": "edno23-latest-posts",
    "details": "[03-Jul-2025 13:43:54 UTC] PHP Fatal error:  Uncaught Error: Call to undefined function edd_get_label_singular() in /wordpress/wp-content/plugins/edd-download-actions/includes/widgets.php:23\nStack trace:\n#0 /wordpress/wp-includes/class-wp-widget-factory.php(62): EDD_Download_Actions_Widget->__construct()\n#1 /wordpress/wp-includes/widgets.php(123): WP_Widget_Factory->register('edd_download_ac...')\n#2 /wordpress/wp-content/plugins/edd-download-actions/includes/widgets.php(166): register_widget('edd_download_ac...')\n#3 /wordpress/wp-includes/class-wp-hook.php(324): edd_download_actions_widgets_init('')\n#4 /wordpress/wp-includes/class-wp-hook.php(348): WP_Hook->apply_filters(NULL, Array)\n#5 /wordpress/wp-includes/plugin.php(517): WP_Hook->do_action(Array)\n#6 /wordpress/wp-includes/widgets.php(1870): do_action('widgets_init')\n#7 /wordpress/wp-includes/class-wp-hook.php(324): wp_widgets_init('')\n#8 /wordpress/wp-includes/class-wp-hook.php(348): WP_Hook->apply_filters(NULL, Array)\n#9 /wordpress/wp-includes/plugin.php(517): WP_Hook->do_action(Array)\n#10 /wordpress/wp-settings.php(727): do_action('init')\n#11 /wordpress/wp-config.php(102): require_once('/wordpress/wp-s...')\n#12 /wordpress/wp-load.php(50): require_once('/wordpress/wp-c...')\n#13 /internal/eval.php(3): require_once('/wordpress/wp-l...')\n#14 {main}\n  thrown in /wordpress/wp-content/plugins/edd-download-actions/includes/widgets.php on line 23",
    "log": "/logs/plugins/e/edno23-latest-posts/error.json"
  },
  {
    "message": "Required parameter $post_id follows optional parameter $args in /wordpress/wp-content/plugins/edd-download-actions/includes/admin.php on line 68",
    "level": "DEPRECATED",
    "type": "PHP",
    "test": "ast-sqlite-boot",
    "plugin": "edno23-latest-posts",
    "details": "[03-Jul-2025 13:44:04 UTC] PHP Deprecated:  Required parameter $post_id follows optional parameter $args in /wordpress/wp-content/plugins/edd-download-actions/includes/admin.php on line 68",
    "log": "/logs/plugins/e/edno23-latest-posts/error.json"
  },
  {
    "message": "Required parameter $index follows optional parameter $args in /wordpress/wp-content/plugins/edd-download-actions/includes/admin.php on line 68",
    "level": "DEPRECATED",
    "type": "PHP",
    "test": "ast-sqlite-boot",
    "plugin": "edno23-latest-posts",
    "details": "[03-Jul-2025 13:44:04 UTC] PHP Deprecated:  Required parameter $index follows optional parameter $args in /wordpress/wp-content/plugins/edd-download-actions/includes/admin.php on line 68",
    "log": "/logs/plugins/e/edno23-latest-posts/error.json"
  },
  {
    "message": "Uncaught Error: Call to undefined function edd_get_label_singular() in /wordpress/wp-content/plugins/edd-download-actions/includes/widgets.php:23",
    "level": "FATAL",
    "type": "PHP",
    "test": "ast-sqlite-boot",
    "plugin": "edno23-latest-posts",
    "details": "[03-Jul-2025 13:44:04 UTC] PHP Fatal error:  Uncaught Error: Call to undefined function edd_get_label_singular() in /wordpress/wp-content/plugins/edd-download-actions/includes/widgets.php:23\nStack trace:\n#0 /wordpress/wp-includes/class-wp-widget-factory.php(62): EDD_Download_Actions_Widget->__construct()\n#1 /wordpress/wp-includes/widgets.php(123): WP_Widget_Factory->register('edd_download_ac...')\n#2 /wordpress/wp-content/plugins/edd-download-actions/includes/widgets.php(166): register_widget('edd_download_ac...')\n#3 /wordpress/wp-includes/class-wp-hook.php(324): edd_download_actions_widgets_init('')\n#4 /wordpress/wp-includes/class-wp-hook.php(348): WP_Hook->apply_filters(NULL, Array)\n#5 /wordpress/wp-includes/plugin.php(517): WP_Hook->do_action(Array)\n#6 /wordpress/wp-includes/widgets.php(1870): do_action('widgets_init')\n#7 /wordpress/wp-includes/class-wp-hook.php(324): wp_widgets_init('')\n#8 /wordpress/wp-includes/class-wp-hook.php(348): WP_Hook->apply_filters(NULL, Array)\n#9 /wordpress/wp-includes/plugin.php(517): WP_Hook->do_action(Array)\n#10 /wordpress/wp-settings.php(727): do_action('init')\n#11 /wordpress/wp-config.php(102): require_once('/wordpress/wp-s...')\n#12 /wordpress/wp-load.php(50): require_once('/wordpress/wp-c...')\n#13 /internal/eval.php(3): require_once('/wordpress/wp-l...')\n#14 {main}\n  thrown in /wordpress/wp-content/plugins/edd-download-actions/includes/widgets.php on line 23",
    "log": "/logs/plugins/e/edno23-latest-posts/error.json"
  },
  {
    "message": "Required parameter $post_id follows optional parameter $args in /wordpress/wp-content/plugins/edd-download-actions/includes/admin.php on line 68",
    "level": "DEPRECATED",
    "type": "PHP",
    "test": "ast-sqlite-boot",
    "plugin": "edno23-latest-posts",
    "details": "[03-Jul-2025 13:44:13 UTC] PHP Deprecated:  Required parameter $post_id follows optional parameter $args in /wordpress/wp-content/plugins/edd-download-actions/includes/admin.php on line 68",
    "log": "/logs/plugins/e/edno23-latest-posts/error.json"
  },
  {
    "message": "Required parameter $index follows optional parameter $args in /wordpress/wp-content/plugins/edd-download-actions/includes/admin.php on line 68",
    "level": "DEPRECATED",
    "type": "PHP",
    "test": "ast-sqlite-boot",
    "plugin": "edno23-latest-posts",
    "details": "[03-Jul-2025 13:44:13 UTC] PHP Deprecated:  Required parameter $index follows optional parameter $args in /wordpress/wp-content/plugins/edd-download-actions/includes/admin.php on line 68",
    "log": "/logs/plugins/e/edno23-latest-posts/error.json"
  },
  {
    "message": "Uncaught Error: Call to undefined function edd_get_label_singular() in /wordpress/wp-content/plugins/edd-download-actions/includes/widgets.php:23",
    "level": "FATAL",
    "type": "PHP",
    "test": "ast-sqlite-boot",
    "plugin": "edno23-latest-posts",
    "details": "[03-Jul-2025 13:44:14 UTC] PHP Fatal error:  Uncaught Error: Call to undefined function edd_get_label_singular() in /wordpress/wp-content/plugins/edd-download-actions/includes/widgets.php:23\nStack trace:\n#0 /wordpress/wp-includes/class-wp-widget-factory.php(62): EDD_Download_Actions_Widget->__construct()\n#1 /wordpress/wp-includes/widgets.php(123): WP_Widget_Factory->register('edd_download_ac...')\n#2 /wordpress/wp-content/plugins/edd-download-actions/includes/widgets.php(166): register_widget('edd_download_ac...')\n#3 /wordpress/wp-includes/class-wp-hook.php(324): edd_download_actions_widgets_init('')\n#4 /wordpress/wp-includes/class-wp-hook.php(348): WP_Hook->apply_filters(NULL, Array)\n#5 /wordpress/wp-includes/plugin.php(517): WP_Hook->do_action(Array)\n#6 /wordpress/wp-includes/widgets.php(1870): do_action('widgets_init')\n#7 /wordpress/wp-includes/class-wp-hook.php(324): wp_widgets_init('')\n#8 /wordpress/wp-includes/class-wp-hook.php(348): WP_Hook->apply_filters(NULL, Array)\n#9 /wordpress/wp-includes/plugin.php(517): WP_Hook->do_action(Array)\n#10 /wordpress/wp-settings.php(727): do_action('init')\n#11 /wordpress/wp-config.php(102): require_once('/wordpress/wp-s...')\n#12 /wordpress/wp-load.php(50): require_once('/wordpress/wp-c...')\n#13 /internal/eval.php(3): require_once('/wordpress/wp-l...')\n#14 {main}\n  thrown in /wordpress/wp-content/plugins/edd-download-actions/includes/widgets.php on line 23",
    "log": "/logs/plugins/e/edno23-latest-posts/error.json"
  },
  {
    "message": "Uncaught PDOException: SQLSTATE[HY000] [2002] Address family not supported by protocol in /wordpress/wp-content/plugins/editable-table/edtb.php:32",
    "level": "FATAL",
    "type": "PHP",
    "test": "ast-sqlite-boot",
    "plugin": "edno23-latest-posts",
    "details": "[03-Jul-2025 13:45:20 UTC] PHP Fatal error:  Uncaught PDOException: SQLSTATE[HY000] [2002] Address family not supported by protocol in /wordpress/wp-content/plugins/editable-table/edtb.php:32\nStack trace:\n#0 /wordpress/wp-content/plugins/editable-table/edtb.php(32): PDO->__construct('mysql:host=loca...', 'username_here', 'password_here')\n#1 /wordpress/wp-content/plugins/editable-table/edtb.php(382): edtb->__construct()\n#2 /wordpress/wp-admin/includes/plugin.php(2387): include_once('/wordpress/wp-c...')\n#3 /wordpress/wp-admin/includes/plugin.php(673): plugin_sandbox_scrape('editable-table/...')\n#4 /internal/eval.php(20): activate_plugin('editable-table/...')\n#5 {main}\n  thrown in /wordpress/wp-content/plugins/editable-table/edtb.php on line 32",
    "log": "/logs/plugins/e/edno23-latest-posts/error.json"
  },
  {
    "message": "Uncaught PDOException: SQLSTATE[HY000] [2002] Address family not supported by protocol in /wordpress/wp-content/plugins/editable-table/edtb.php:32",
    "level": "FATAL",
    "type": "PHP",
    "test": "ast-sqlite-boot",
    "plugin": "edno23-latest-posts",
    "details": "[03-Jul-2025 13:45:28 UTC] PHP Fatal error:  Uncaught PDOException: SQLSTATE[HY000] [2002] Address family not supported by protocol in /wordpress/wp-content/plugins/editable-table/edtb.php:32\nStack trace:\n#0 /wordpress/wp-content/plugins/editable-table/edtb.php(32): PDO->__construct('mysql:host=loca...', 'username_here', 'password_here')\n#1 /wordpress/wp-content/plugins/editable-table/edtb.php(382): edtb->__construct()\n#2 /wordpress/wp-admin/includes/plugin.php(2387): include_once('/wordpress/wp-c...')\n#3 /wordpress/wp-admin/includes/plugin.php(673): plugin_sandbox_scrape('editable-table/...')\n#4 /internal/eval.php(20): activate_plugin('editable-table/...')\n#5 {main}\n  thrown in /wordpress/wp-content/plugins/editable-table/edtb.php on line 32",
    "log": "/logs/plugins/e/edno23-latest-posts/error.json"
  },
  {
    "message": "Uncaught PDOException: SQLSTATE[HY000] [2002] Address family not supported by protocol in /wordpress/wp-content/plugins/editable-table/edtb.php:32",
    "level": "FATAL",
    "type": "PHP",
    "test": "ast-sqlite-boot",
    "plugin": "edno23-latest-posts",
    "details": "[03-Jul-2025 13:45:37 UTC] PHP Fatal error:  Uncaught PDOException: SQLSTATE[HY000] [2002] Address family not supported by protocol in /wordpress/wp-content/plugins/editable-table/edtb.php:32\nStack trace:\n#0 /wordpress/wp-content/plugins/editable-table/edtb.php(32): PDO->__construct('mysql:host=loca...', 'username_here', 'password_here')\n#1 /wordpress/wp-content/plugins/editable-table/edtb.php(382): edtb->__construct()\n#2 /wordpress/wp-admin/includes/plugin.php(2387): include_once('/wordpress/wp-c...')\n#3 /wordpress/wp-admin/includes/plugin.php(673): plugin_sandbox_scrape('editable-table/...')\n#4 /internal/eval.php(20): activate_plugin('editable-table/...')\n#5 {main}\n  thrown in /wordpress/wp-content/plugins/editable-table/edtb.php on line 32",
    "log": "/logs/plugins/e/edno23-latest-posts/error.json"
  },
  {
    "message": "Cannot use \"parent\" when current class scope has no parent in /wordpress/wp-content/plugins/ht-request/includes/class-wph-request-service.php on line 42",
    "level": "FATAL",
    "type": "PHP",
    "test": "ast-sqlite-boot",
    "plugin": "edno23-latest-posts",
    "details": "[03-Jul-2025 13:48:15 UTC] PHP Fatal error:  Cannot use \"parent\" when current class scope has no parent in /wordpress/wp-content/plugins/ht-request/includes/class-wph-request-service.php on line 42",
    "log": "/logs/plugins/e/edno23-latest-posts/error.json"
  },
  {
    "message": "Cannot use \"parent\" when current class scope has no parent in /wordpress/wp-content/plugins/ht-request/includes/class-wph-request-service.php on line 42",
    "level": "FATAL",
    "type": "PHP",
    "test": "ast-sqlite-boot",
    "plugin": "edno23-latest-posts",
    "details": "[03-Jul-2025 13:48:24 UTC] PHP Fatal error:  Cannot use \"parent\" when current class scope has no parent in /wordpress/wp-content/plugins/ht-request/includes/class-wph-request-service.php on line 42",
    "log": "/logs/plugins/e/edno23-latest-posts/error.json"
  },
  {
    "message": "Cannot use \"parent\" when current class scope has no parent in /wordpress/wp-content/plugins/ht-request/includes/class-wph-request-service.php on line 42",
    "level": "FATAL",
    "type": "PHP",
    "test": "ast-sqlite-boot",
    "plugin": "edno23-latest-posts",
    "details": "[03-Jul-2025 13:48:33 UTC] PHP Fatal error:  Cannot use \"parent\" when current class scope has no parent in /wordpress/wp-content/plugins/ht-request/includes/class-wph-request-service.php on line 42",
    "log": "/logs/plugins/e/edno23-latest-posts/error.json"
  },
  {
    "message": "Uncaught Error: Call to undefined function get_filesystem_method() in /wordpress/wp-content/plugins/editor-cleanup-for-wpbakery/editor-cleanup-for-wpbakery.php:97",
    "level": "FATAL",
    "type": "PHP",
    "test": "ast-sqlite-boot",
    "plugin": "edno23-latest-posts",
    "details": "[03-Jul-2025 13:49:23 UTC] PHP Fatal error:  Uncaught Error: Call to undefined function get_filesystem_method() in /wordpress/wp-content/plugins/editor-cleanup-for-wpbakery/editor-cleanup-for-wpbakery.php:97\nStack trace:\n#0 /wordpress/wp-content/plugins/editor-cleanup-for-wpbakery/plugin-activation.php(7): eos_dp_ecfwpb_write_file('/wordpress/wp-c...', '/wordpress/wp-c...', '/wordpress/wp-c...', true)\n#1 /wordpress/wp-content/plugins/editor-cleanup-for-wpbakery/editor-cleanup-for-wpbakery.php(54): require('/wordpress/wp-c...')\n#2 /wordpress/wp-includes/class-wp-hook.php(324): eos_dp_ecfwpb_initialize_plugin(false)\n#3 /wordpress/wp-includes/class-wp-hook.php(348): WP_Hook->apply_filters('', Array)\n#4 /wordpress/wp-includes/plugin.php(517): WP_Hook->do_action(Array)\n#5 /wordpress/wp-admin/includes/plugin.php(703): do_action('activate_editor...', false)\n#6 /internal/eval.php(20): activate_plugin('editor-cleanup-...')\n#7 {main}\n  thrown in /wordpress/wp-content/plugins/editor-cleanup-for-wpbakery/editor-cleanup-for-wpbakery.php on line 97",
    "log": "/logs/plugins/e/edno23-latest-posts/error.json"
  },
  {
    "message": "Uncaught Error: Call to undefined function get_filesystem_method() in /wordpress/wp-content/plugins/editor-cleanup-for-wpbakery/editor-cleanup-for-wpbakery.php:97",
    "level": "FATAL",
    "type": "PHP",
    "test": "ast-sqlite-boot",
    "plugin": "edno23-latest-posts",
    "details": "[03-Jul-2025 13:49:44 UTC] PHP Fatal error:  Uncaught Error: Call to undefined function get_filesystem_method() in /wordpress/wp-content/plugins/editor-cleanup-for-wpbakery/editor-cleanup-for-wpbakery.php:97\nStack trace:\n#0 /wordpress/wp-content/plugins/editor-cleanup-for-wpbakery/plugin-activation.php(7): eos_dp_ecfwpb_write_file('/wordpress/wp-c...', '/wordpress/wp-c...', '/wordpress/wp-c...', true)\n#1 /wordpress/wp-content/plugins/editor-cleanup-for-wpbakery/editor-cleanup-for-wpbakery.php(54): require('/wordpress/wp-c...')\n#2 /wordpress/wp-includes/class-wp-hook.php(324): eos_dp_ecfwpb_initialize_plugin(false)\n#3 /wordpress/wp-includes/class-wp-hook.php(348): WP_Hook->apply_filters('', Array)\n#4 /wordpress/wp-includes/plugin.php(517): WP_Hook->do_action(Array)\n#5 /wordpress/wp-admin/includes/plugin.php(703): do_action('activate_editor...', false)\n#6 /internal/eval.php(20): activate_plugin('editor-cleanup-...')\n#7 {main}\n  thrown in /wordpress/wp-content/plugins/editor-cleanup-for-wpbakery/editor-cleanup-for-wpbakery.php on line 97",
    "log": "/logs/plugins/e/edno23-latest-posts/error.json"
  },
  {
    "message": "Uncaught Error: Call to undefined function get_filesystem_method() in /wordpress/wp-content/plugins/editor-cleanup-for-wpbakery/editor-cleanup-for-wpbakery.php:97",
    "level": "FATAL",
    "type": "PHP",
    "test": "ast-sqlite-boot",
    "plugin": "edno23-latest-posts",
    "details": "[03-Jul-2025 13:50:04 UTC] PHP Fatal error:  Uncaught Error: Call to undefined function get_filesystem_method() in /wordpress/wp-content/plugins/editor-cleanup-for-wpbakery/editor-cleanup-for-wpbakery.php:97\nStack trace:\n#0 /wordpress/wp-content/plugins/editor-cleanup-for-wpbakery/plugin-activation.php(7): eos_dp_ecfwpb_write_file('/wordpress/wp-c...', '/wordpress/wp-c...', '/wordpress/wp-c...', true)\n#1 /wordpress/wp-content/plugins/editor-cleanup-for-wpbakery/editor-cleanup-for-wpbakery.php(54): require('/wordpress/wp-c...')\n#2 /wordpress/wp-includes/class-wp-hook.php(324): eos_dp_ecfwpb_initialize_plugin(false)\n#3 /wordpress/wp-includes/class-wp-hook.php(348): WP_Hook->apply_filters('', Array)\n#4 /wordpress/wp-includes/plugin.php(517): WP_Hook->do_action(Array)\n#5 /wordpress/wp-admin/includes/plugin.php(703): do_action('activate_editor...', false)\n#6 /internal/eval.php(20): activate_plugin('editor-cleanup-...')\n#7 {main}\n  thrown in /wordpress/wp-content/plugins/editor-cleanup-for-wpbakery/editor-cleanup-for-wpbakery.php on line 97\n\n    at Object.onBind (file:///home/runner/work/playground-tester/playground-tester/node_modules/@wp-playground/cli/run-cli-j-geJYS3.js:325:15)\n    at process.processTicksAndRejections (node:internal/process/task_queues:105:5)\n    at async re (file:///home/runner/work/playground-tester/playground-tester/node_modules/@wp-playground/cli/run-cli-j-geJYS3.js:149:10) {\n  [cause]: Error: Error when executing the blueprint step #5 ({\"step\":\"installPlugin\",\"pluginData\":{\"resource\":\"wordpress.org/plugins\",\"slug\":\"edno23-latest-posts\"},\"options\":{\"activate\":true}}) : Could not download \"https://downloads.wordpress.org/plugin/edno23-latest-posts.latest-stable.zip\".\n  \t\t\t\tCheck if the URL is correct and the server is reachable.\n  \t\t\t\tIf it is reachable, the server might be blocking the request.\n  \t\t\t\tCheck the browser console and network tabs for more information.\n  \n  \t\t\t\t## Does the console show the error \"No 'Access-Control-Allow-Origin' header\"?\n  \n  \t\t\t\tThis means the server that hosts your file does not allow requests from other sites\n  \t\t\t\t(cross-origin requests, or CORS).\tYou need to move the asset to a server that allows\n  \t\t\t\tcross-origin file downloads. Learn more about CORS at\n  \t\t\t\thttps://developer.mozilla.org/en-US/docs/Web/HTTP/CORS.\n  \n  \t\t\t\tIf your file is on GitHub, load it from \"raw.githubusercontent.com\".\n  \t\t\t\tHere's how to do that:\n  \n  \t\t\t\t1. Start with the original GitHub URL of the file. For example:\n  \t\t\t\thttps://github.com/username/repository/blob/branch/filename.\n  \t\t\t\t2. Replace \"github.com\" with \"raw.githubusercontent.com\".\n  \t\t\t\t3. Remove the \"/blob/\" part of the URL.\n  \n  \t\t\t\tThe resulting URL should look like this:\n  \t\t\t\thttps://raw.githubusercontent.com/username/repository/branch/filename\n  \n  \t\t\t\tError:\n  \t\t\t\tError: Could not download \"https://downloads.wordpress.org/plugin/edno23-latest-posts.latest-stable.zip\"\n      at Object.run (file:///home/runner/work/playground-tester/playground-tester/node_modules/@wp-playground/blueprints/index.js:12093:19)\n      at process.processTicksAndRejections (node:internal/process/task_queues:105:5)\n      at async ys (file:///home/runner/work/playground-tester/playground-tester/node_modules/@wp-playground/blueprints/index.js:12196:3)\n      at async Object.onBind (file:///home/runner/work/playground-tester/playground-tester/node_modules/@wp-playground/cli/run-cli-j-geJYS3.js:315:48)\n      at async re (file:///home/runner/work/playground-tester/playground-tester/node_modules/@wp-playground/cli/run-cli-j-geJYS3.js:149:10) {\n    [cause]: Error: Could not download \"https://downloads.wordpress.org/plugin/edno23-latest-posts.latest-stable.zip\".\n    \t\t\t\tCheck if the URL is correct and the server is reachable.\n    \t\t\t\tIf it is reachable, the server might be blocking the request.\n    \t\t\t\tCheck the browser console and network tabs for more information.\n    \n    \t\t\t\t## Does the console show the error \"No 'Access-Control-Allow-Origin' header\"?\n    \n    \t\t\t\tThis means the server that hosts your file does not allow requests from other sites\n    \t\t\t\t(cross-origin requests, or CORS).\tYou need to move the asset to a server that allows\n    \t\t\t\tcross-origin file downloads. Learn more about CORS at\n    \t\t\t\thttps://developer.mozilla.org/en-US/docs/Web/HTTP/CORS.\n    \n    \t\t\t\tIf your file is on GitHub, load it from \"raw.githubusercontent.com\".\n    \t\t\t\tHere's how to do that:\n    \n    \t\t\t\t1. Start with the original GitHub URL of the file. For example:\n    \t\t\t\thttps://github.com/username/repository/blob/branch/filename.\n    \t\t\t\t2. Replace \"github.com\" with \"raw.githubusercontent.com\".\n    \t\t\t\t3. Remove the \"/blob/\" part of the URL.\n    \n    \t\t\t\tThe resulting URL should look like this:\n    \t\t\t\thttps://raw.githubusercontent.com/username/repository/branch/filename\n    \n    \t\t\t\tError:\n    \t\t\t\tError: Could not download \"https://downloads.wordpress.org/plugin/edno23-latest-posts.latest-stable.zip\"\n        at Ct.resolve (file:///home/runner/work/playground-tester/playground-tester/node_modules/@wp-playground/blueprints/index.js:1129:13)\n        at process.processTicksAndRejections (node:internal/process/task_queues:105:5)\n        at async _.run (file:///home/runner/work/playground-tester/playground-tester/node_modules/@php-wasm/util/index.js:45:14)\n  }\n}\n\n",
    "log": "/logs/plugins/e/edno23-latest-posts/error.json"
  },
  {
    "message": "file:///home/runner/work/playground-tester/playground-tester/node_modules/@wp-playground/cli/run-cli-j-geJYS3.js:325\n        throw new Error($, { cause: h });\n              ^\n",
    "level": "FATAL",
    "type": "PLAYGROUND",
    "test": "asyncify-boot",
    "plugin": "edno23-latest-posts",
    "details": "file:///home/runner/work/playground-tester/playground-tester/node_modules/@wp-playground/cli/run-cli-j-geJYS3.js:325\n        throw new Error($, { cause: h });\n              ^\n",
    "log": "/tmp/tmp.EWGXid5JRI"
  },
  {
    "message": "Function _load_textdomain_just_in_time was called <strong>incorrectly</strong>. Translation loading for the <code>woocommerce</code> domain was triggered too early. This is usually an indicator for some code in the plugin or theme running too early. Translations should be loaded at the <code>init</code> action or later. Please see <a href=\"https://developer.wordpress.org/advanced-administration/debug/debug-wordpress/\">Debugging in WordPress</a> for more information. (This message was added in version 6.7.0.) in /wordpress/wp-includes/functions.php on line 6121",
    "level": "NOTICE",
    "type": "PHP",
    "test": "asyncify-boot",
    "plugin": "edno23-latest-posts",
    "details": "[03-Jul-2025 13:41:26 UTC] PHP Notice:  Function _load_textdomain_just_in_time was called <strong>incorrectly</strong>. Translation loading for the <code>woocommerce</code> domain was triggered too early. This is usually an indicator for some code in the plugin or theme running too early. Translations should be loaded at the <code>init</code> action or later. Please see <a href=\"https://developer.wordpress.org/advanced-administration/debug/debug-wordpress/\">Debugging in WordPress</a> for more information. (This message was added in version 6.7.0.) in /wordpress/wp-includes/functions.php on line 6121",
    "log": "/logs/plugins/e/edno23-latest-posts/error.json"
  },
  {
    "message": "Function _load_textdomain_just_in_time was called <strong>incorrectly</strong>. Translation loading for the <code>woocommerce</code> domain was triggered too early. This is usually an indicator for some code in the plugin or theme running too early. Translations should be loaded at the <code>init</code> action or later. Please see <a href=\"https://developer.wordpress.org/advanced-administration/debug/debug-wordpress/\">Debugging in WordPress</a> for more information. (This message was added in version 6.7.0.) in /wordpress/wp-includes/functions.php on line 6121",
    "level": "NOTICE",
    "type": "PHP",
    "test": "asyncify-boot",
    "plugin": "edno23-latest-posts",
    "details": "[03-Jul-2025 13:42:12 UTC] PHP Notice:  Function _load_textdomain_just_in_time was called <strong>incorrectly</strong>. Translation loading for the <code>woocommerce</code> domain was triggered too early. This is usually an indicator for some code in the plugin or theme running too early. Translations should be loaded at the <code>init</code> action or later. Please see <a href=\"https://developer.wordpress.org/advanced-administration/debug/debug-wordpress/\">Debugging in WordPress</a> for more information. (This message was added in version 6.7.0.) in /wordpress/wp-includes/functions.php on line 6121",
    "log": "/logs/plugins/e/edno23-latest-posts/error.json"
  },
  {
    "message": "Function _load_textdomain_just_in_time was called <strong>incorrectly</strong>. Translation loading for the <code>woocommerce</code> domain was triggered too early. This is usually an indicator for some code in the plugin or theme running too early. Translations should be loaded at the <code>init</code> action or later. Please see <a href=\"https://developer.wordpress.org/advanced-administration/debug/debug-wordpress/\">Debugging in WordPress</a> for more information. (This message was added in version 6.7.0.) in /wordpress/wp-includes/functions.php on line 6121",
    "level": "NOTICE",
    "type": "PHP",
    "test": "asyncify-boot",
    "plugin": "edno23-latest-posts",
    "details": "[03-Jul-2025 13:43:01 UTC] PHP Notice:  Function _load_textdomain_just_in_time was called <strong>incorrectly</strong>. Translation loading for the <code>woocommerce</code> domain was triggered too early. This is usually an indicator for some code in the plugin or theme running too early. Translations should be loaded at the <code>init</code> action or later. Please see <a href=\"https://developer.wordpress.org/advanced-administration/debug/debug-wordpress/\">Debugging in WordPress</a> for more information. (This message was added in version 6.7.0.) in /wordpress/wp-includes/functions.php on line 6121",
    "log": "/logs/plugins/e/edno23-latest-posts/error.json"
  },
  {
    "message": "Required parameter $post_id follows optional parameter $args in /wordpress/wp-content/plugins/edd-download-actions/includes/admin.php on line 68",
    "level": "DEPRECATED",
    "type": "PHP",
    "test": "asyncify-boot",
    "plugin": "edno23-latest-posts",
    "details": "[03-Jul-2025 13:43:54 UTC] PHP Deprecated:  Required parameter $post_id follows optional parameter $args in /wordpress/wp-content/plugins/edd-download-actions/includes/admin.php on line 68",
    "log": "/logs/plugins/e/edno23-latest-posts/error.json"
  },
  {
    "message": "Required parameter $index follows optional parameter $args in /wordpress/wp-content/plugins/edd-download-actions/includes/admin.php on line 68",
    "level": "DEPRECATED",
    "type": "PHP",
    "test": "asyncify-boot",
    "plugin": "edno23-latest-posts",
    "details": "[03-Jul-2025 13:43:54 UTC] PHP Deprecated:  Required parameter $index follows optional parameter $args in /wordpress/wp-content/plugins/edd-download-actions/includes/admin.php on line 68",
    "log": "/logs/plugins/e/edno23-latest-posts/error.json"
  },
  {
    "message": "Uncaught Error: Call to undefined function edd_get_label_singular() in /wordpress/wp-content/plugins/edd-download-actions/includes/widgets.php:23",
    "level": "FATAL",
    "type": "PHP",
    "test": "asyncify-boot",
    "plugin": "edno23-latest-posts",
    "details": "[03-Jul-2025 13:43:54 UTC] PHP Fatal error:  Uncaught Error: Call to undefined function edd_get_label_singular() in /wordpress/wp-content/plugins/edd-download-actions/includes/widgets.php:23\nStack trace:\n#0 /wordpress/wp-includes/class-wp-widget-factory.php(62): EDD_Download_Actions_Widget->__construct()\n#1 /wordpress/wp-includes/widgets.php(123): WP_Widget_Factory->register('edd_download_ac...')\n#2 /wordpress/wp-content/plugins/edd-download-actions/includes/widgets.php(166): register_widget('edd_download_ac...')\n#3 /wordpress/wp-includes/class-wp-hook.php(324): edd_download_actions_widgets_init('')\n#4 /wordpress/wp-includes/class-wp-hook.php(348): WP_Hook->apply_filters(NULL, Array)\n#5 /wordpress/wp-includes/plugin.php(517): WP_Hook->do_action(Array)\n#6 /wordpress/wp-includes/widgets.php(1870): do_action('widgets_init')\n#7 /wordpress/wp-includes/class-wp-hook.php(324): wp_widgets_init('')\n#8 /wordpress/wp-includes/class-wp-hook.php(348): WP_Hook->apply_filters(NULL, Array)\n#9 /wordpress/wp-includes/plugin.php(517): WP_Hook->do_action(Array)\n#10 /wordpress/wp-settings.php(727): do_action('init')\n#11 /wordpress/wp-config.php(102): require_once('/wordpress/wp-s...')\n#12 /wordpress/wp-load.php(50): require_once('/wordpress/wp-c...')\n#13 /internal/eval.php(3): require_once('/wordpress/wp-l...')\n#14 {main}\n  thrown in /wordpress/wp-content/plugins/edd-download-actions/includes/widgets.php on line 23",
    "log": "/logs/plugins/e/edno23-latest-posts/error.json"
  },
  {
    "message": "Required parameter $post_id follows optional parameter $args in /wordpress/wp-content/plugins/edd-download-actions/includes/admin.php on line 68",
    "level": "DEPRECATED",
    "type": "PHP",
    "test": "asyncify-boot",
    "plugin": "edno23-latest-posts",
    "details": "[03-Jul-2025 13:44:04 UTC] PHP Deprecated:  Required parameter $post_id follows optional parameter $args in /wordpress/wp-content/plugins/edd-download-actions/includes/admin.php on line 68",
    "log": "/logs/plugins/e/edno23-latest-posts/error.json"
  },
  {
    "message": "Required parameter $index follows optional parameter $args in /wordpress/wp-content/plugins/edd-download-actions/includes/admin.php on line 68",
    "level": "DEPRECATED",
    "type": "PHP",
    "test": "asyncify-boot",
    "plugin": "edno23-latest-posts",
    "details": "[03-Jul-2025 13:44:04 UTC] PHP Deprecated:  Required parameter $index follows optional parameter $args in /wordpress/wp-content/plugins/edd-download-actions/includes/admin.php on line 68",
    "log": "/logs/plugins/e/edno23-latest-posts/error.json"
  },
  {
    "message": "Uncaught Error: Call to undefined function edd_get_label_singular() in /wordpress/wp-content/plugins/edd-download-actions/includes/widgets.php:23",
    "level": "FATAL",
    "type": "PHP",
    "test": "asyncify-boot",
    "plugin": "edno23-latest-posts",
    "details": "[03-Jul-2025 13:44:04 UTC] PHP Fatal error:  Uncaught Error: Call to undefined function edd_get_label_singular() in /wordpress/wp-content/plugins/edd-download-actions/includes/widgets.php:23\nStack trace:\n#0 /wordpress/wp-includes/class-wp-widget-factory.php(62): EDD_Download_Actions_Widget->__construct()\n#1 /wordpress/wp-includes/widgets.php(123): WP_Widget_Factory->register('edd_download_ac...')\n#2 /wordpress/wp-content/plugins/edd-download-actions/includes/widgets.php(166): register_widget('edd_download_ac...')\n#3 /wordpress/wp-includes/class-wp-hook.php(324): edd_download_actions_widgets_init('')\n#4 /wordpress/wp-includes/class-wp-hook.php(348): WP_Hook->apply_filters(NULL, Array)\n#5 /wordpress/wp-includes/plugin.php(517): WP_Hook->do_action(Array)\n#6 /wordpress/wp-includes/widgets.php(1870): do_action('widgets_init')\n#7 /wordpress/wp-includes/class-wp-hook.php(324): wp_widgets_init('')\n#8 /wordpress/wp-includes/class-wp-hook.php(348): WP_Hook->apply_filters(NULL, Array)\n#9 /wordpress/wp-includes/plugin.php(517): WP_Hook->do_action(Array)\n#10 /wordpress/wp-settings.php(727): do_action('init')\n#11 /wordpress/wp-config.php(102): require_once('/wordpress/wp-s...')\n#12 /wordpress/wp-load.php(50): require_once('/wordpress/wp-c...')\n#13 /internal/eval.php(3): require_once('/wordpress/wp-l...')\n#14 {main}\n  thrown in /wordpress/wp-content/plugins/edd-download-actions/includes/widgets.php on line 23",
    "log": "/logs/plugins/e/edno23-latest-posts/error.json"
  },
  {
    "message": "Required parameter $post_id follows optional parameter $args in /wordpress/wp-content/plugins/edd-download-actions/includes/admin.php on line 68",
    "level": "DEPRECATED",
    "type": "PHP",
    "test": "asyncify-boot",
    "plugin": "edno23-latest-posts",
    "details": "[03-Jul-2025 13:44:13 UTC] PHP Deprecated:  Required parameter $post_id follows optional parameter $args in /wordpress/wp-content/plugins/edd-download-actions/includes/admin.php on line 68",
    "log": "/logs/plugins/e/edno23-latest-posts/error.json"
  },
  {
    "message": "Required parameter $index follows optional parameter $args in /wordpress/wp-content/plugins/edd-download-actions/includes/admin.php on line 68",
    "level": "DEPRECATED",
    "type": "PHP",
    "test": "asyncify-boot",
    "plugin": "edno23-latest-posts",
    "details": "[03-Jul-2025 13:44:13 UTC] PHP Deprecated:  Required parameter $index follows optional parameter $args in /wordpress/wp-content/plugins/edd-download-actions/includes/admin.php on line 68",
    "log": "/logs/plugins/e/edno23-latest-posts/error.json"
  },
  {
    "message": "Uncaught Error: Call to undefined function edd_get_label_singular() in /wordpress/wp-content/plugins/edd-download-actions/includes/widgets.php:23",
    "level": "FATAL",
    "type": "PHP",
    "test": "asyncify-boot",
    "plugin": "edno23-latest-posts",
    "details": "[03-Jul-2025 13:44:14 UTC] PHP Fatal error:  Uncaught Error: Call to undefined function edd_get_label_singular() in /wordpress/wp-content/plugins/edd-download-actions/includes/widgets.php:23\nStack trace:\n#0 /wordpress/wp-includes/class-wp-widget-factory.php(62): EDD_Download_Actions_Widget->__construct()\n#1 /wordpress/wp-includes/widgets.php(123): WP_Widget_Factory->register('edd_download_ac...')\n#2 /wordpress/wp-content/plugins/edd-download-actions/includes/widgets.php(166): register_widget('edd_download_ac...')\n#3 /wordpress/wp-includes/class-wp-hook.php(324): edd_download_actions_widgets_init('')\n#4 /wordpress/wp-includes/class-wp-hook.php(348): WP_Hook->apply_filters(NULL, Array)\n#5 /wordpress/wp-includes/plugin.php(517): WP_Hook->do_action(Array)\n#6 /wordpress/wp-includes/widgets.php(1870): do_action('widgets_init')\n#7 /wordpress/wp-includes/class-wp-hook.php(324): wp_widgets_init('')\n#8 /wordpress/wp-includes/class-wp-hook.php(348): WP_Hook->apply_filters(NULL, Array)\n#9 /wordpress/wp-includes/plugin.php(517): WP_Hook->do_action(Array)\n#10 /wordpress/wp-settings.php(727): do_action('init')\n#11 /wordpress/wp-config.php(102): require_once('/wordpress/wp-s...')\n#12 /wordpress/wp-load.php(50): require_once('/wordpress/wp-c...')\n#13 /internal/eval.php(3): require_once('/wordpress/wp-l...')\n#14 {main}\n  thrown in /wordpress/wp-content/plugins/edd-download-actions/includes/widgets.php on line 23",
    "log": "/logs/plugins/e/edno23-latest-posts/error.json"
  },
  {
    "message": "Uncaught PDOException: SQLSTATE[HY000] [2002] Address family not supported by protocol in /wordpress/wp-content/plugins/editable-table/edtb.php:32",
    "level": "FATAL",
    "type": "PHP",
    "test": "asyncify-boot",
    "plugin": "edno23-latest-posts",
    "details": "[03-Jul-2025 13:45:20 UTC] PHP Fatal error:  Uncaught PDOException: SQLSTATE[HY000] [2002] Address family not supported by protocol in /wordpress/wp-content/plugins/editable-table/edtb.php:32\nStack trace:\n#0 /wordpress/wp-content/plugins/editable-table/edtb.php(32): PDO->__construct('mysql:host=loca...', 'username_here', 'password_here')\n#1 /wordpress/wp-content/plugins/editable-table/edtb.php(382): edtb->__construct()\n#2 /wordpress/wp-admin/includes/plugin.php(2387): include_once('/wordpress/wp-c...')\n#3 /wordpress/wp-admin/includes/plugin.php(673): plugin_sandbox_scrape('editable-table/...')\n#4 /internal/eval.php(20): activate_plugin('editable-table/...')\n#5 {main}\n  thrown in /wordpress/wp-content/plugins/editable-table/edtb.php on line 32",
    "log": "/logs/plugins/e/edno23-latest-posts/error.json"
  },
  {
    "message": "Uncaught PDOException: SQLSTATE[HY000] [2002] Address family not supported by protocol in /wordpress/wp-content/plugins/editable-table/edtb.php:32",
    "level": "FATAL",
    "type": "PHP",
    "test": "asyncify-boot",
    "plugin": "edno23-latest-posts",
    "details": "[03-Jul-2025 13:45:28 UTC] PHP Fatal error:  Uncaught PDOException: SQLSTATE[HY000] [2002] Address family not supported by protocol in /wordpress/wp-content/plugins/editable-table/edtb.php:32\nStack trace:\n#0 /wordpress/wp-content/plugins/editable-table/edtb.php(32): PDO->__construct('mysql:host=loca...', 'username_here', 'password_here')\n#1 /wordpress/wp-content/plugins/editable-table/edtb.php(382): edtb->__construct()\n#2 /wordpress/wp-admin/includes/plugin.php(2387): include_once('/wordpress/wp-c...')\n#3 /wordpress/wp-admin/includes/plugin.php(673): plugin_sandbox_scrape('editable-table/...')\n#4 /internal/eval.php(20): activate_plugin('editable-table/...')\n#5 {main}\n  thrown in /wordpress/wp-content/plugins/editable-table/edtb.php on line 32",
    "log": "/logs/plugins/e/edno23-latest-posts/error.json"
  },
  {
    "message": "Uncaught PDOException: SQLSTATE[HY000] [2002] Address family not supported by protocol in /wordpress/wp-content/plugins/editable-table/edtb.php:32",
    "level": "FATAL",
    "type": "PHP",
    "test": "asyncify-boot",
    "plugin": "edno23-latest-posts",
    "details": "[03-Jul-2025 13:45:37 UTC] PHP Fatal error:  Uncaught PDOException: SQLSTATE[HY000] [2002] Address family not supported by protocol in /wordpress/wp-content/plugins/editable-table/edtb.php:32\nStack trace:\n#0 /wordpress/wp-content/plugins/editable-table/edtb.php(32): PDO->__construct('mysql:host=loca...', 'username_here', 'password_here')\n#1 /wordpress/wp-content/plugins/editable-table/edtb.php(382): edtb->__construct()\n#2 /wordpress/wp-admin/includes/plugin.php(2387): include_once('/wordpress/wp-c...')\n#3 /wordpress/wp-admin/includes/plugin.php(673): plugin_sandbox_scrape('editable-table/...')\n#4 /internal/eval.php(20): activate_plugin('editable-table/...')\n#5 {main}\n  thrown in /wordpress/wp-content/plugins/editable-table/edtb.php on line 32",
    "log": "/logs/plugins/e/edno23-latest-posts/error.json"
  },
  {
    "message": "Cannot use \"parent\" when current class scope has no parent in /wordpress/wp-content/plugins/ht-request/includes/class-wph-request-service.php on line 42",
    "level": "FATAL",
    "type": "PHP",
    "test": "asyncify-boot",
    "plugin": "edno23-latest-posts",
    "details": "[03-Jul-2025 13:48:15 UTC] PHP Fatal error:  Cannot use \"parent\" when current class scope has no parent in /wordpress/wp-content/plugins/ht-request/includes/class-wph-request-service.php on line 42",
    "log": "/logs/plugins/e/edno23-latest-posts/error.json"
  },
  {
    "message": "Cannot use \"parent\" when current class scope has no parent in /wordpress/wp-content/plugins/ht-request/includes/class-wph-request-service.php on line 42",
    "level": "FATAL",
    "type": "PHP",
    "test": "asyncify-boot",
    "plugin": "edno23-latest-posts",
    "details": "[03-Jul-2025 13:48:24 UTC] PHP Fatal error:  Cannot use \"parent\" when current class scope has no parent in /wordpress/wp-content/plugins/ht-request/includes/class-wph-request-service.php on line 42",
    "log": "/logs/plugins/e/edno23-latest-posts/error.json"
  },
  {
    "message": "Cannot use \"parent\" when current class scope has no parent in /wordpress/wp-content/plugins/ht-request/includes/class-wph-request-service.php on line 42",
    "level": "FATAL",
    "type": "PHP",
    "test": "asyncify-boot",
    "plugin": "edno23-latest-posts",
    "details": "[03-Jul-2025 13:48:33 UTC] PHP Fatal error:  Cannot use \"parent\" when current class scope has no parent in /wordpress/wp-content/plugins/ht-request/includes/class-wph-request-service.php on line 42",
    "log": "/logs/plugins/e/edno23-latest-posts/error.json"
  },
  {
    "message": "Uncaught Error: Call to undefined function get_filesystem_method() in /wordpress/wp-content/plugins/editor-cleanup-for-wpbakery/editor-cleanup-for-wpbakery.php:97",
    "level": "FATAL",
    "type": "PHP",
    "test": "asyncify-boot",
    "plugin": "edno23-latest-posts",
    "details": "[03-Jul-2025 13:49:23 UTC] PHP Fatal error:  Uncaught Error: Call to undefined function get_filesystem_method() in /wordpress/wp-content/plugins/editor-cleanup-for-wpbakery/editor-cleanup-for-wpbakery.php:97\nStack trace:\n#0 /wordpress/wp-content/plugins/editor-cleanup-for-wpbakery/plugin-activation.php(7): eos_dp_ecfwpb_write_file('/wordpress/wp-c...', '/wordpress/wp-c...', '/wordpress/wp-c...', true)\n#1 /wordpress/wp-content/plugins/editor-cleanup-for-wpbakery/editor-cleanup-for-wpbakery.php(54): require('/wordpress/wp-c...')\n#2 /wordpress/wp-includes/class-wp-hook.php(324): eos_dp_ecfwpb_initialize_plugin(false)\n#3 /wordpress/wp-includes/class-wp-hook.php(348): WP_Hook->apply_filters('', Array)\n#4 /wordpress/wp-includes/plugin.php(517): WP_Hook->do_action(Array)\n#5 /wordpress/wp-admin/includes/plugin.php(703): do_action('activate_editor...', false)\n#6 /internal/eval.php(20): activate_plugin('editor-cleanup-...')\n#7 {main}\n  thrown in /wordpress/wp-content/plugins/editor-cleanup-for-wpbakery/editor-cleanup-for-wpbakery.php on line 97",
    "log": "/logs/plugins/e/edno23-latest-posts/error.json"
  },
  {
    "message": "Uncaught Error: Call to undefined function get_filesystem_method() in /wordpress/wp-content/plugins/editor-cleanup-for-wpbakery/editor-cleanup-for-wpbakery.php:97",
    "level": "FATAL",
    "type": "PHP",
    "test": "asyncify-boot",
    "plugin": "edno23-latest-posts",
    "details": "[03-Jul-2025 13:49:44 UTC] PHP Fatal error:  Uncaught Error: Call to undefined function get_filesystem_method() in /wordpress/wp-content/plugins/editor-cleanup-for-wpbakery/editor-cleanup-for-wpbakery.php:97\nStack trace:\n#0 /wordpress/wp-content/plugins/editor-cleanup-for-wpbakery/plugin-activation.php(7): eos_dp_ecfwpb_write_file('/wordpress/wp-c...', '/wordpress/wp-c...', '/wordpress/wp-c...', true)\n#1 /wordpress/wp-content/plugins/editor-cleanup-for-wpbakery/editor-cleanup-for-wpbakery.php(54): require('/wordpress/wp-c...')\n#2 /wordpress/wp-includes/class-wp-hook.php(324): eos_dp_ecfwpb_initialize_plugin(false)\n#3 /wordpress/wp-includes/class-wp-hook.php(348): WP_Hook->apply_filters('', Array)\n#4 /wordpress/wp-includes/plugin.php(517): WP_Hook->do_action(Array)\n#5 /wordpress/wp-admin/includes/plugin.php(703): do_action('activate_editor...', false)\n#6 /internal/eval.php(20): activate_plugin('editor-cleanup-...')\n#7 {main}\n  thrown in /wordpress/wp-content/plugins/editor-cleanup-for-wpbakery/editor-cleanup-for-wpbakery.php on line 97",
    "log": "/logs/plugins/e/edno23-latest-posts/error.json"
  },
  {
    "message": "Uncaught Error: Call to undefined function get_filesystem_method() in /wordpress/wp-content/plugins/editor-cleanup-for-wpbakery/editor-cleanup-for-wpbakery.php:97",
    "level": "FATAL",
    "type": "PHP",
    "test": "asyncify-boot",
    "plugin": "edno23-latest-posts",
    "details": "[03-Jul-2025 13:50:04 UTC] PHP Fatal error:  Uncaught Error: Call to undefined function get_filesystem_method() in /wordpress/wp-content/plugins/editor-cleanup-for-wpbakery/editor-cleanup-for-wpbakery.php:97\nStack trace:\n#0 /wordpress/wp-content/plugins/editor-cleanup-for-wpbakery/plugin-activation.php(7): eos_dp_ecfwpb_write_file('/wordpress/wp-c...', '/wordpress/wp-c...', '/wordpress/wp-c...', true)\n#1 /wordpress/wp-content/plugins/editor-cleanup-for-wpbakery/editor-cleanup-for-wpbakery.php(54): require('/wordpress/wp-c...')\n#2 /wordpress/wp-includes/class-wp-hook.php(324): eos_dp_ecfwpb_initialize_plugin(false)\n#3 /wordpress/wp-includes/class-wp-hook.php(348): WP_Hook->apply_filters('', Array)\n#4 /wordpress/wp-includes/plugin.php(517): WP_Hook->do_action(Array)\n#5 /wordpress/wp-admin/includes/plugin.php(703): do_action('activate_editor...', false)\n#6 /internal/eval.php(20): activate_plugin('editor-cleanup-...')\n#7 {main}\n  thrown in /wordpress/wp-content/plugins/editor-cleanup-for-wpbakery/editor-cleanup-for-wpbakery.php on line 97\n\n    at Object.onBind (file:///home/runner/work/playground-tester/playground-tester/node_modules/@wp-playground/cli/run-cli-j-geJYS3.js:325:15)\n    at process.processTicksAndRejections (node:internal/process/task_queues:105:5)\n    at async re (file:///home/runner/work/playground-tester/playground-tester/node_modules/@wp-playground/cli/run-cli-j-geJYS3.js:149:10) {\n  [cause]: Error: Error when executing the blueprint step #1 ({\"step\":\"installPlugin\",\"pluginData\":{\"resource\":\"wordpress.org/plugins\",\"slug\":\"edno23-latest-posts\"},\"options\":{\"activate\":true}}) : Could not download \"https://downloads.wordpress.org/plugin/edno23-latest-posts.latest-stable.zip\".\n  \t\t\t\tCheck if the URL is correct and the server is reachable.\n  \t\t\t\tIf it is reachable, the server might be blocking the request.\n  \t\t\t\tCheck the browser console and network tabs for more information.\n  \n  \t\t\t\t## Does the console show the error \"No 'Access-Control-Allow-Origin' header\"?\n  \n  \t\t\t\tThis means the server that hosts your file does not allow requests from other sites\n  \t\t\t\t(cross-origin requests, or CORS).\tYou need to move the asset to a server that allows\n  \t\t\t\tcross-origin file downloads. Learn more about CORS at\n  \t\t\t\thttps://developer.mozilla.org/en-US/docs/Web/HTTP/CORS.\n  \n  \t\t\t\tIf your file is on GitHub, load it from \"raw.githubusercontent.com\".\n  \t\t\t\tHere's how to do that:\n  \n  \t\t\t\t1. Start with the original GitHub URL of the file. For example:\n  \t\t\t\thttps://github.com/username/repository/blob/branch/filename.\n  \t\t\t\t2. Replace \"github.com\" with \"raw.githubusercontent.com\".\n  \t\t\t\t3. Remove the \"/blob/\" part of the URL.\n  \n  \t\t\t\tThe resulting URL should look like this:\n  \t\t\t\thttps://raw.githubusercontent.com/username/repository/branch/filename\n  \n  \t\t\t\tError:\n  \t\t\t\tError: Could not download \"https://downloads.wordpress.org/plugin/edno23-latest-posts.latest-stable.zip\"\n      at Object.run (file:///home/runner/work/playground-tester/playground-tester/node_modules/@wp-playground/blueprints/index.js:12093:19)\n      at process.processTicksAndRejections (node:internal/process/task_queues:105:5)\n      at async ys (file:///home/runner/work/playground-tester/playground-tester/node_modules/@wp-playground/blueprints/index.js:12196:3)\n      at async Object.onBind (file:///home/runner/work/playground-tester/playground-tester/node_modules/@wp-playground/cli/run-cli-j-geJYS3.js:315:48)\n      at async re (file:///home/runner/work/playground-tester/playground-tester/node_modules/@wp-playground/cli/run-cli-j-geJYS3.js:149:10) {\n    [cause]: Error: Could not download \"https://downloads.wordpress.org/plugin/edno23-latest-posts.latest-stable.zip\".\n    \t\t\t\tCheck if the URL is correct and the server is reachable.\n    \t\t\t\tIf it is reachable, the server might be blocking the request.\n    \t\t\t\tCheck the browser console and network tabs for more information.\n    \n    \t\t\t\t## Does the console show the error \"No 'Access-Control-Allow-Origin' header\"?\n    \n    \t\t\t\tThis means the server that hosts your file does not allow requests from other sites\n    \t\t\t\t(cross-origin requests, or CORS).\tYou need to move the asset to a server that allows\n    \t\t\t\tcross-origin file downloads. Learn more about CORS at\n    \t\t\t\thttps://developer.mozilla.org/en-US/docs/Web/HTTP/CORS.\n    \n    \t\t\t\tIf your file is on GitHub, load it from \"raw.githubusercontent.com\".\n    \t\t\t\tHere's how to do that:\n    \n    \t\t\t\t1. Start with the original GitHub URL of the file. For example:\n    \t\t\t\thttps://github.com/username/repository/blob/branch/filename.\n    \t\t\t\t2. Replace \"github.com\" with \"raw.githubusercontent.com\".\n    \t\t\t\t3. Remove the \"/blob/\" part of the URL.\n    \n    \t\t\t\tThe resulting URL should look like this:\n    \t\t\t\thttps://raw.githubusercontent.com/username/repository/branch/filename\n    \n    \t\t\t\tError:\n    \t\t\t\tError: Could not download \"https://downloads.wordpress.org/plugin/edno23-latest-posts.latest-stable.zip\"\n        at Ct.resolve (file:///home/runner/work/playground-tester/playground-tester/node_modules/@wp-playground/blueprints/index.js:1129:13)\n        at process.processTicksAndRejections (node:internal/process/task_queues:105:5)\n        at async _.run (file:///home/runner/work/playground-tester/playground-tester/node_modules/@php-wasm/util/index.js:45:14)\n  }\n}\n\n",
    "log": "/logs/plugins/e/edno23-latest-posts/error.json"
  },
  {
    "message": "file:///home/runner/work/playground-tester/playground-tester/node_modules/@wp-playground/cli/run-cli-j-geJYS3.js:325\n        throw new Error($, { cause: h });\n              ^\n",
    "level": "FATAL",
    "type": "PLAYGROUND",
    "test": "jspi-boot",
    "plugin": "edno23-latest-posts",
    "details": "file:///home/runner/work/playground-tester/playground-tester/node_modules/@wp-playground/cli/run-cli-j-geJYS3.js:325\n        throw new Error($, { cause: h });\n              ^\n",
    "log": "/tmp/tmp.ARq2MC3za2"
  },
  {
    "message": "Function _load_textdomain_just_in_time was called <strong>incorrectly</strong>. Translation loading for the <code>woocommerce</code> domain was triggered too early. This is usually an indicator for some code in the plugin or theme running too early. Translations should be loaded at the <code>init</code> action or later. Please see <a href=\"https://developer.wordpress.org/advanced-administration/debug/debug-wordpress/\">Debugging in WordPress</a> for more information. (This message was added in version 6.7.0.) in /wordpress/wp-includes/functions.php on line 6121",
    "level": "NOTICE",
    "type": "PHP",
    "test": "jspi-boot",
    "plugin": "edno23-latest-posts",
    "details": "[03-Jul-2025 13:41:26 UTC] PHP Notice:  Function _load_textdomain_just_in_time was called <strong>incorrectly</strong>. Translation loading for the <code>woocommerce</code> domain was triggered too early. This is usually an indicator for some code in the plugin or theme running too early. Translations should be loaded at the <code>init</code> action or later. Please see <a href=\"https://developer.wordpress.org/advanced-administration/debug/debug-wordpress/\">Debugging in WordPress</a> for more information. (This message was added in version 6.7.0.) in /wordpress/wp-includes/functions.php on line 6121",
    "log": "/logs/plugins/e/edno23-latest-posts/error.json"
  },
  {
    "message": "Function _load_textdomain_just_in_time was called <strong>incorrectly</strong>. Translation loading for the <code>woocommerce</code> domain was triggered too early. This is usually an indicator for some code in the plugin or theme running too early. Translations should be loaded at the <code>init</code> action or later. Please see <a href=\"https://developer.wordpress.org/advanced-administration/debug/debug-wordpress/\">Debugging in WordPress</a> for more information. (This message was added in version 6.7.0.) in /wordpress/wp-includes/functions.php on line 6121",
    "level": "NOTICE",
    "type": "PHP",
    "test": "jspi-boot",
    "plugin": "edno23-latest-posts",
    "details": "[03-Jul-2025 13:42:12 UTC] PHP Notice:  Function _load_textdomain_just_in_time was called <strong>incorrectly</strong>. Translation loading for the <code>woocommerce</code> domain was triggered too early. This is usually an indicator for some code in the plugin or theme running too early. Translations should be loaded at the <code>init</code> action or later. Please see <a href=\"https://developer.wordpress.org/advanced-administration/debug/debug-wordpress/\">Debugging in WordPress</a> for more information. (This message was added in version 6.7.0.) in /wordpress/wp-includes/functions.php on line 6121",
    "log": "/logs/plugins/e/edno23-latest-posts/error.json"
  },
  {
    "message": "Function _load_textdomain_just_in_time was called <strong>incorrectly</strong>. Translation loading for the <code>woocommerce</code> domain was triggered too early. This is usually an indicator for some code in the plugin or theme running too early. Translations should be loaded at the <code>init</code> action or later. Please see <a href=\"https://developer.wordpress.org/advanced-administration/debug/debug-wordpress/\">Debugging in WordPress</a> for more information. (This message was added in version 6.7.0.) in /wordpress/wp-includes/functions.php on line 6121",
    "level": "NOTICE",
    "type": "PHP",
    "test": "jspi-boot",
    "plugin": "edno23-latest-posts",
    "details": "[03-Jul-2025 13:43:01 UTC] PHP Notice:  Function _load_textdomain_just_in_time was called <strong>incorrectly</strong>. Translation loading for the <code>woocommerce</code> domain was triggered too early. This is usually an indicator for some code in the plugin or theme running too early. Translations should be loaded at the <code>init</code> action or later. Please see <a href=\"https://developer.wordpress.org/advanced-administration/debug/debug-wordpress/\">Debugging in WordPress</a> for more information. (This message was added in version 6.7.0.) in /wordpress/wp-includes/functions.php on line 6121",
    "log": "/logs/plugins/e/edno23-latest-posts/error.json"
  },
  {
    "message": "Required parameter $post_id follows optional parameter $args in /wordpress/wp-content/plugins/edd-download-actions/includes/admin.php on line 68",
    "level": "DEPRECATED",
    "type": "PHP",
    "test": "jspi-boot",
    "plugin": "edno23-latest-posts",
    "details": "[03-Jul-2025 13:43:54 UTC] PHP Deprecated:  Required parameter $post_id follows optional parameter $args in /wordpress/wp-content/plugins/edd-download-actions/includes/admin.php on line 68",
    "log": "/logs/plugins/e/edno23-latest-posts/error.json"
  },
  {
    "message": "Required parameter $index follows optional parameter $args in /wordpress/wp-content/plugins/edd-download-actions/includes/admin.php on line 68",
    "level": "DEPRECATED",
    "type": "PHP",
    "test": "jspi-boot",
    "plugin": "edno23-latest-posts",
    "details": "[03-Jul-2025 13:43:54 UTC] PHP Deprecated:  Required parameter $index follows optional parameter $args in /wordpress/wp-content/plugins/edd-download-actions/includes/admin.php on line 68",
    "log": "/logs/plugins/e/edno23-latest-posts/error.json"
  },
  {
    "message": "Uncaught Error: Call to undefined function edd_get_label_singular() in /wordpress/wp-content/plugins/edd-download-actions/includes/widgets.php:23",
    "level": "FATAL",
    "type": "PHP",
    "test": "jspi-boot",
    "plugin": "edno23-latest-posts",
    "details": "[03-Jul-2025 13:43:54 UTC] PHP Fatal error:  Uncaught Error: Call to undefined function edd_get_label_singular() in /wordpress/wp-content/plugins/edd-download-actions/includes/widgets.php:23\nStack trace:\n#0 /wordpress/wp-includes/class-wp-widget-factory.php(62): EDD_Download_Actions_Widget->__construct()\n#1 /wordpress/wp-includes/widgets.php(123): WP_Widget_Factory->register('edd_download_ac...')\n#2 /wordpress/wp-content/plugins/edd-download-actions/includes/widgets.php(166): register_widget('edd_download_ac...')\n#3 /wordpress/wp-includes/class-wp-hook.php(324): edd_download_actions_widgets_init('')\n#4 /wordpress/wp-includes/class-wp-hook.php(348): WP_Hook->apply_filters(NULL, Array)\n#5 /wordpress/wp-includes/plugin.php(517): WP_Hook->do_action(Array)\n#6 /wordpress/wp-includes/widgets.php(1870): do_action('widgets_init')\n#7 /wordpress/wp-includes/class-wp-hook.php(324): wp_widgets_init('')\n#8 /wordpress/wp-includes/class-wp-hook.php(348): WP_Hook->apply_filters(NULL, Array)\n#9 /wordpress/wp-includes/plugin.php(517): WP_Hook->do_action(Array)\n#10 /wordpress/wp-settings.php(727): do_action('init')\n#11 /wordpress/wp-config.php(102): require_once('/wordpress/wp-s...')\n#12 /wordpress/wp-load.php(50): require_once('/wordpress/wp-c...')\n#13 /internal/eval.php(3): require_once('/wordpress/wp-l...')\n#14 {main}\n  thrown in /wordpress/wp-content/plugins/edd-download-actions/includes/widgets.php on line 23",
    "log": "/logs/plugins/e/edno23-latest-posts/error.json"
  },
  {
    "message": "Required parameter $post_id follows optional parameter $args in /wordpress/wp-content/plugins/edd-download-actions/includes/admin.php on line 68",
    "level": "DEPRECATED",
    "type": "PHP",
    "test": "jspi-boot",
    "plugin": "edno23-latest-posts",
    "details": "[03-Jul-2025 13:44:04 UTC] PHP Deprecated:  Required parameter $post_id follows optional parameter $args in /wordpress/wp-content/plugins/edd-download-actions/includes/admin.php on line 68",
    "log": "/logs/plugins/e/edno23-latest-posts/error.json"
  },
  {
    "message": "Required parameter $index follows optional parameter $args in /wordpress/wp-content/plugins/edd-download-actions/includes/admin.php on line 68",
    "level": "DEPRECATED",
    "type": "PHP",
    "test": "jspi-boot",
    "plugin": "edno23-latest-posts",
    "details": "[03-Jul-2025 13:44:04 UTC] PHP Deprecated:  Required parameter $index follows optional parameter $args in /wordpress/wp-content/plugins/edd-download-actions/includes/admin.php on line 68",
    "log": "/logs/plugins/e/edno23-latest-posts/error.json"
  },
  {
    "message": "Uncaught Error: Call to undefined function edd_get_label_singular() in /wordpress/wp-content/plugins/edd-download-actions/includes/widgets.php:23",
    "level": "FATAL",
    "type": "PHP",
    "test": "jspi-boot",
    "plugin": "edno23-latest-posts",
    "details": "[03-Jul-2025 13:44:04 UTC] PHP Fatal error:  Uncaught Error: Call to undefined function edd_get_label_singular() in /wordpress/wp-content/plugins/edd-download-actions/includes/widgets.php:23\nStack trace:\n#0 /wordpress/wp-includes/class-wp-widget-factory.php(62): EDD_Download_Actions_Widget->__construct()\n#1 /wordpress/wp-includes/widgets.php(123): WP_Widget_Factory->register('edd_download_ac...')\n#2 /wordpress/wp-content/plugins/edd-download-actions/includes/widgets.php(166): register_widget('edd_download_ac...')\n#3 /wordpress/wp-includes/class-wp-hook.php(324): edd_download_actions_widgets_init('')\n#4 /wordpress/wp-includes/class-wp-hook.php(348): WP_Hook->apply_filters(NULL, Array)\n#5 /wordpress/wp-includes/plugin.php(517): WP_Hook->do_action(Array)\n#6 /wordpress/wp-includes/widgets.php(1870): do_action('widgets_init')\n#7 /wordpress/wp-includes/class-wp-hook.php(324): wp_widgets_init('')\n#8 /wordpress/wp-includes/class-wp-hook.php(348): WP_Hook->apply_filters(NULL, Array)\n#9 /wordpress/wp-includes/plugin.php(517): WP_Hook->do_action(Array)\n#10 /wordpress/wp-settings.php(727): do_action('init')\n#11 /wordpress/wp-config.php(102): require_once('/wordpress/wp-s...')\n#12 /wordpress/wp-load.php(50): require_once('/wordpress/wp-c...')\n#13 /internal/eval.php(3): require_once('/wordpress/wp-l...')\n#14 {main}\n  thrown in /wordpress/wp-content/plugins/edd-download-actions/includes/widgets.php on line 23",
    "log": "/logs/plugins/e/edno23-latest-posts/error.json"
  },
  {
    "message": "Required parameter $post_id follows optional parameter $args in /wordpress/wp-content/plugins/edd-download-actions/includes/admin.php on line 68",
    "level": "DEPRECATED",
    "type": "PHP",
    "test": "jspi-boot",
    "plugin": "edno23-latest-posts",
    "details": "[03-Jul-2025 13:44:13 UTC] PHP Deprecated:  Required parameter $post_id follows optional parameter $args in /wordpress/wp-content/plugins/edd-download-actions/includes/admin.php on line 68",
    "log": "/logs/plugins/e/edno23-latest-posts/error.json"
  },
  {
    "message": "Required parameter $index follows optional parameter $args in /wordpress/wp-content/plugins/edd-download-actions/includes/admin.php on line 68",
    "level": "DEPRECATED",
    "type": "PHP",
    "test": "jspi-boot",
    "plugin": "edno23-latest-posts",
    "details": "[03-Jul-2025 13:44:13 UTC] PHP Deprecated:  Required parameter $index follows optional parameter $args in /wordpress/wp-content/plugins/edd-download-actions/includes/admin.php on line 68",
    "log": "/logs/plugins/e/edno23-latest-posts/error.json"
  },
  {
    "message": "Uncaught Error: Call to undefined function edd_get_label_singular() in /wordpress/wp-content/plugins/edd-download-actions/includes/widgets.php:23",
    "level": "FATAL",
    "type": "PHP",
    "test": "jspi-boot",
    "plugin": "edno23-latest-posts",
    "details": "[03-Jul-2025 13:44:14 UTC] PHP Fatal error:  Uncaught Error: Call to undefined function edd_get_label_singular() in /wordpress/wp-content/plugins/edd-download-actions/includes/widgets.php:23\nStack trace:\n#0 /wordpress/wp-includes/class-wp-widget-factory.php(62): EDD_Download_Actions_Widget->__construct()\n#1 /wordpress/wp-includes/widgets.php(123): WP_Widget_Factory->register('edd_download_ac...')\n#2 /wordpress/wp-content/plugins/edd-download-actions/includes/widgets.php(166): register_widget('edd_download_ac...')\n#3 /wordpress/wp-includes/class-wp-hook.php(324): edd_download_actions_widgets_init('')\n#4 /wordpress/wp-includes/class-wp-hook.php(348): WP_Hook->apply_filters(NULL, Array)\n#5 /wordpress/wp-includes/plugin.php(517): WP_Hook->do_action(Array)\n#6 /wordpress/wp-includes/widgets.php(1870): do_action('widgets_init')\n#7 /wordpress/wp-includes/class-wp-hook.php(324): wp_widgets_init('')\n#8 /wordpress/wp-includes/class-wp-hook.php(348): WP_Hook->apply_filters(NULL, Array)\n#9 /wordpress/wp-includes/plugin.php(517): WP_Hook->do_action(Array)\n#10 /wordpress/wp-settings.php(727): do_action('init')\n#11 /wordpress/wp-config.php(102): require_once('/wordpress/wp-s...')\n#12 /wordpress/wp-load.php(50): require_once('/wordpress/wp-c...')\n#13 /internal/eval.php(3): require_once('/wordpress/wp-l...')\n#14 {main}\n  thrown in /wordpress/wp-content/plugins/edd-download-actions/includes/widgets.php on line 23",
    "log": "/logs/plugins/e/edno23-latest-posts/error.json"
  },
  {
    "message": "Uncaught PDOException: SQLSTATE[HY000] [2002] Address family not supported by protocol in /wordpress/wp-content/plugins/editable-table/edtb.php:32",
    "level": "FATAL",
    "type": "PHP",
    "test": "jspi-boot",
    "plugin": "edno23-latest-posts",
    "details": "[03-Jul-2025 13:45:20 UTC] PHP Fatal error:  Uncaught PDOException: SQLSTATE[HY000] [2002] Address family not supported by protocol in /wordpress/wp-content/plugins/editable-table/edtb.php:32\nStack trace:\n#0 /wordpress/wp-content/plugins/editable-table/edtb.php(32): PDO->__construct('mysql:host=loca...', 'username_here', 'password_here')\n#1 /wordpress/wp-content/plugins/editable-table/edtb.php(382): edtb->__construct()\n#2 /wordpress/wp-admin/includes/plugin.php(2387): include_once('/wordpress/wp-c...')\n#3 /wordpress/wp-admin/includes/plugin.php(673): plugin_sandbox_scrape('editable-table/...')\n#4 /internal/eval.php(20): activate_plugin('editable-table/...')\n#5 {main}\n  thrown in /wordpress/wp-content/plugins/editable-table/edtb.php on line 32",
    "log": "/logs/plugins/e/edno23-latest-posts/error.json"
  },
  {
    "message": "Uncaught PDOException: SQLSTATE[HY000] [2002] Address family not supported by protocol in /wordpress/wp-content/plugins/editable-table/edtb.php:32",
    "level": "FATAL",
    "type": "PHP",
    "test": "jspi-boot",
    "plugin": "edno23-latest-posts",
    "details": "[03-Jul-2025 13:45:28 UTC] PHP Fatal error:  Uncaught PDOException: SQLSTATE[HY000] [2002] Address family not supported by protocol in /wordpress/wp-content/plugins/editable-table/edtb.php:32\nStack trace:\n#0 /wordpress/wp-content/plugins/editable-table/edtb.php(32): PDO->__construct('mysql:host=loca...', 'username_here', 'password_here')\n#1 /wordpress/wp-content/plugins/editable-table/edtb.php(382): edtb->__construct()\n#2 /wordpress/wp-admin/includes/plugin.php(2387): include_once('/wordpress/wp-c...')\n#3 /wordpress/wp-admin/includes/plugin.php(673): plugin_sandbox_scrape('editable-table/...')\n#4 /internal/eval.php(20): activate_plugin('editable-table/...')\n#5 {main}\n  thrown in /wordpress/wp-content/plugins/editable-table/edtb.php on line 32",
    "log": "/logs/plugins/e/edno23-latest-posts/error.json"
  },
  {
    "message": "Uncaught PDOException: SQLSTATE[HY000] [2002] Address family not supported by protocol in /wordpress/wp-content/plugins/editable-table/edtb.php:32",
    "level": "FATAL",
    "type": "PHP",
    "test": "jspi-boot",
    "plugin": "edno23-latest-posts",
    "details": "[03-Jul-2025 13:45:37 UTC] PHP Fatal error:  Uncaught PDOException: SQLSTATE[HY000] [2002] Address family not supported by protocol in /wordpress/wp-content/plugins/editable-table/edtb.php:32\nStack trace:\n#0 /wordpress/wp-content/plugins/editable-table/edtb.php(32): PDO->__construct('mysql:host=loca...', 'username_here', 'password_here')\n#1 /wordpress/wp-content/plugins/editable-table/edtb.php(382): edtb->__construct()\n#2 /wordpress/wp-admin/includes/plugin.php(2387): include_once('/wordpress/wp-c...')\n#3 /wordpress/wp-admin/includes/plugin.php(673): plugin_sandbox_scrape('editable-table/...')\n#4 /internal/eval.php(20): activate_plugin('editable-table/...')\n#5 {main}\n  thrown in /wordpress/wp-content/plugins/editable-table/edtb.php on line 32",
    "log": "/logs/plugins/e/edno23-latest-posts/error.json"
  },
  {
    "message": "Cannot use \"parent\" when current class scope has no parent in /wordpress/wp-content/plugins/ht-request/includes/class-wph-request-service.php on line 42",
    "level": "FATAL",
    "type": "PHP",
    "test": "jspi-boot",
    "plugin": "edno23-latest-posts",
    "details": "[03-Jul-2025 13:48:15 UTC] PHP Fatal error:  Cannot use \"parent\" when current class scope has no parent in /wordpress/wp-content/plugins/ht-request/includes/class-wph-request-service.php on line 42",
    "log": "/logs/plugins/e/edno23-latest-posts/error.json"
  },
  {
    "message": "Cannot use \"parent\" when current class scope has no parent in /wordpress/wp-content/plugins/ht-request/includes/class-wph-request-service.php on line 42",
    "level": "FATAL",
    "type": "PHP",
    "test": "jspi-boot",
    "plugin": "edno23-latest-posts",
    "details": "[03-Jul-2025 13:48:24 UTC] PHP Fatal error:  Cannot use \"parent\" when current class scope has no parent in /wordpress/wp-content/plugins/ht-request/includes/class-wph-request-service.php on line 42",
    "log": "/logs/plugins/e/edno23-latest-posts/error.json"
  },
  {
    "message": "Cannot use \"parent\" when current class scope has no parent in /wordpress/wp-content/plugins/ht-request/includes/class-wph-request-service.php on line 42",
    "level": "FATAL",
    "type": "PHP",
    "test": "jspi-boot",
    "plugin": "edno23-latest-posts",
    "details": "[03-Jul-2025 13:48:33 UTC] PHP Fatal error:  Cannot use \"parent\" when current class scope has no parent in /wordpress/wp-content/plugins/ht-request/includes/class-wph-request-service.php on line 42",
    "log": "/logs/plugins/e/edno23-latest-posts/error.json"
  },
  {
    "message": "Uncaught Error: Call to undefined function get_filesystem_method() in /wordpress/wp-content/plugins/editor-cleanup-for-wpbakery/editor-cleanup-for-wpbakery.php:97",
    "level": "FATAL",
    "type": "PHP",
    "test": "jspi-boot",
    "plugin": "edno23-latest-posts",
    "details": "[03-Jul-2025 13:49:23 UTC] PHP Fatal error:  Uncaught Error: Call to undefined function get_filesystem_method() in /wordpress/wp-content/plugins/editor-cleanup-for-wpbakery/editor-cleanup-for-wpbakery.php:97\nStack trace:\n#0 /wordpress/wp-content/plugins/editor-cleanup-for-wpbakery/plugin-activation.php(7): eos_dp_ecfwpb_write_file('/wordpress/wp-c...', '/wordpress/wp-c...', '/wordpress/wp-c...', true)\n#1 /wordpress/wp-content/plugins/editor-cleanup-for-wpbakery/editor-cleanup-for-wpbakery.php(54): require('/wordpress/wp-c...')\n#2 /wordpress/wp-includes/class-wp-hook.php(324): eos_dp_ecfwpb_initialize_plugin(false)\n#3 /wordpress/wp-includes/class-wp-hook.php(348): WP_Hook->apply_filters('', Array)\n#4 /wordpress/wp-includes/plugin.php(517): WP_Hook->do_action(Array)\n#5 /wordpress/wp-admin/includes/plugin.php(703): do_action('activate_editor...', false)\n#6 /internal/eval.php(20): activate_plugin('editor-cleanup-...')\n#7 {main}\n  thrown in /wordpress/wp-content/plugins/editor-cleanup-for-wpbakery/editor-cleanup-for-wpbakery.php on line 97",
    "log": "/logs/plugins/e/edno23-latest-posts/error.json"
  },
  {
    "message": "Uncaught Error: Call to undefined function get_filesystem_method() in /wordpress/wp-content/plugins/editor-cleanup-for-wpbakery/editor-cleanup-for-wpbakery.php:97",
    "level": "FATAL",
    "type": "PHP",
    "test": "jspi-boot",
    "plugin": "edno23-latest-posts",
    "details": "[03-Jul-2025 13:49:44 UTC] PHP Fatal error:  Uncaught Error: Call to undefined function get_filesystem_method() in /wordpress/wp-content/plugins/editor-cleanup-for-wpbakery/editor-cleanup-for-wpbakery.php:97\nStack trace:\n#0 /wordpress/wp-content/plugins/editor-cleanup-for-wpbakery/plugin-activation.php(7): eos_dp_ecfwpb_write_file('/wordpress/wp-c...', '/wordpress/wp-c...', '/wordpress/wp-c...', true)\n#1 /wordpress/wp-content/plugins/editor-cleanup-for-wpbakery/editor-cleanup-for-wpbakery.php(54): require('/wordpress/wp-c...')\n#2 /wordpress/wp-includes/class-wp-hook.php(324): eos_dp_ecfwpb_initialize_plugin(false)\n#3 /wordpress/wp-includes/class-wp-hook.php(348): WP_Hook->apply_filters('', Array)\n#4 /wordpress/wp-includes/plugin.php(517): WP_Hook->do_action(Array)\n#5 /wordpress/wp-admin/includes/plugin.php(703): do_action('activate_editor...', false)\n#6 /internal/eval.php(20): activate_plugin('editor-cleanup-...')\n#7 {main}\n  thrown in /wordpress/wp-content/plugins/editor-cleanup-for-wpbakery/editor-cleanup-for-wpbakery.php on line 97",
    "log": "/logs/plugins/e/edno23-latest-posts/error.json"
  },
  {
    "message": "Uncaught Error: Call to undefined function get_filesystem_method() in /wordpress/wp-content/plugins/editor-cleanup-for-wpbakery/editor-cleanup-for-wpbakery.php:97",
    "level": "FATAL",
    "type": "PHP",
    "test": "jspi-boot",
    "plugin": "edno23-latest-posts",
    "details": "[03-Jul-2025 13:50:04 UTC] PHP Fatal error:  Uncaught Error: Call to undefined function get_filesystem_method() in /wordpress/wp-content/plugins/editor-cleanup-for-wpbakery/editor-cleanup-for-wpbakery.php:97\nStack trace:\n#0 /wordpress/wp-content/plugins/editor-cleanup-for-wpbakery/plugin-activation.php(7): eos_dp_ecfwpb_write_file('/wordpress/wp-c...', '/wordpress/wp-c...', '/wordpress/wp-c...', true)\n#1 /wordpress/wp-content/plugins/editor-cleanup-for-wpbakery/editor-cleanup-for-wpbakery.php(54): require('/wordpress/wp-c...')\n#2 /wordpress/wp-includes/class-wp-hook.php(324): eos_dp_ecfwpb_initialize_plugin(false)\n#3 /wordpress/wp-includes/class-wp-hook.php(348): WP_Hook->apply_filters('', Array)\n#4 /wordpress/wp-includes/plugin.php(517): WP_Hook->do_action(Array)\n#5 /wordpress/wp-admin/includes/plugin.php(703): do_action('activate_editor...', false)\n#6 /internal/eval.php(20): activate_plugin('editor-cleanup-...')\n#7 {main}\n  thrown in /wordpress/wp-content/plugins/editor-cleanup-for-wpbakery/editor-cleanup-for-wpbakery.php on line 97\n\n    at Object.onBind (file:///home/runner/work/playground-tester/playground-tester/node_modules/@wp-playground/cli/run-cli-j-geJYS3.js:325:15)\n    at process.processTicksAndRejections (node:internal/process/task_queues:105:5)\n    at async re (file:///home/runner/work/playground-tester/playground-tester/node_modules/@wp-playground/cli/run-cli-j-geJYS3.js:149:10) {\n  [cause]: Error: Error when executing the blueprint step #1 ({\"step\":\"installPlugin\",\"pluginData\":{\"resource\":\"wordpress.org/plugins\",\"slug\":\"edno23-latest-posts\"},\"options\":{\"activate\":true}}) : Could not download \"https://downloads.wordpress.org/plugin/edno23-latest-posts.latest-stable.zip\".\n  \t\t\t\tCheck if the URL is correct and the server is reachable.\n  \t\t\t\tIf it is reachable, the server might be blocking the request.\n  \t\t\t\tCheck the browser console and network tabs for more information.\n  \n  \t\t\t\t## Does the console show the error \"No 'Access-Control-Allow-Origin' header\"?\n  \n  \t\t\t\tThis means the server that hosts your file does not allow requests from other sites\n  \t\t\t\t(cross-origin requests, or CORS).\tYou need to move the asset to a server that allows\n  \t\t\t\tcross-origin file downloads. Learn more about CORS at\n  \t\t\t\thttps://developer.mozilla.org/en-US/docs/Web/HTTP/CORS.\n  \n  \t\t\t\tIf your file is on GitHub, load it from \"raw.githubusercontent.com\".\n  \t\t\t\tHere's how to do that:\n  \n  \t\t\t\t1. Start with the original GitHub URL of the file. For example:\n  \t\t\t\thttps://github.com/username/repository/blob/branch/filename.\n  \t\t\t\t2. Replace \"github.com\" with \"raw.githubusercontent.com\".\n  \t\t\t\t3. Remove the \"/blob/\" part of the URL.\n  \n  \t\t\t\tThe resulting URL should look like this:\n  \t\t\t\thttps://raw.githubusercontent.com/username/repository/branch/filename\n  \n  \t\t\t\tError:\n  \t\t\t\tError: Could not download \"https://downloads.wordpress.org/plugin/edno23-latest-posts.latest-stable.zip\"\n      at Object.run (file:///home/runner/work/playground-tester/playground-tester/node_modules/@wp-playground/blueprints/index.js:12093:19)\n      at process.processTicksAndRejections (node:internal/process/task_queues:105:5)\n      at async ys (file:///home/runner/work/playground-tester/playground-tester/node_modules/@wp-playground/blueprints/index.js:12196:3)\n      at async Object.onBind (file:///home/runner/work/playground-tester/playground-tester/node_modules/@wp-playground/cli/run-cli-j-geJYS3.js:315:48)\n      at async re (file:///home/runner/work/playground-tester/playground-tester/node_modules/@wp-playground/cli/run-cli-j-geJYS3.js:149:10) {\n    [cause]: Error: Could not download \"https://downloads.wordpress.org/plugin/edno23-latest-posts.latest-stable.zip\".\n    \t\t\t\tCheck if the URL is correct and the server is reachable.\n    \t\t\t\tIf it is reachable, the server might be blocking the request.\n    \t\t\t\tCheck the browser console and network tabs for more information.\n    \n    \t\t\t\t## Does the console show the error \"No 'Access-Control-Allow-Origin' header\"?\n    \n    \t\t\t\tThis means the server that hosts your file does not allow requests from other sites\n    \t\t\t\t(cross-origin requests, or CORS).\tYou need to move the asset to a server that allows\n    \t\t\t\tcross-origin file downloads. Learn more about CORS at\n    \t\t\t\thttps://developer.mozilla.org/en-US/docs/Web/HTTP/CORS.\n    \n    \t\t\t\tIf your file is on GitHub, load it from \"raw.githubusercontent.com\".\n    \t\t\t\tHere's how to do that:\n    \n    \t\t\t\t1. Start with the original GitHub URL of the file. For example:\n    \t\t\t\thttps://github.com/username/repository/blob/branch/filename.\n    \t\t\t\t2. Replace \"github.com\" with \"raw.githubusercontent.com\".\n    \t\t\t\t3. Remove the \"/blob/\" part of the URL.\n    \n    \t\t\t\tThe resulting URL should look like this:\n    \t\t\t\thttps://raw.githubusercontent.com/username/repository/branch/filename\n    \n    \t\t\t\tError:\n    \t\t\t\tError: Could not download \"https://downloads.wordpress.org/plugin/edno23-latest-posts.latest-stable.zip\"\n        at Ct.resolve (file:///home/runner/work/playground-tester/playground-tester/node_modules/@wp-playground/blueprints/index.js:1129:13)\n        at process.processTicksAndRejections (node:internal/process/task_queues:105:5)\n        at async _.run (file:///home/runner/work/playground-tester/playground-tester/node_modules/@php-wasm/util/index.js:45:14)\n  }\n}\n\n",
    "log": "/logs/plugins/e/edno23-latest-posts/error.json"
  }
]
