file:///home/runner/work/playground-tester/playground-tester/node_modules/@wp-playground/cli/index.js:237
        throw new Error(y, { cause: u });
              ^

Error: [08-May-2025 16:35:35 UTC] PHP Fatal error:  Uncaught Error: Call to undefined function SumaPress\SPV\Setup\WP_Filesystem() in /wordpress/wp-content/plugins/simple-private-video/setup/class-activator.php:27
Stack trace:
#0 /wordpress/wp-content/plugins/simple-private-video/setup/class-activator.php(15): SumaPress\SPV\Setup\Activator->add_private_folder_with_htaccess('spv-private')
#1 /wordpress/wp-content/plugins/simple-private-video/simple-private-video.php(53): SumaPress\SPV\Setup\Activator::activate()
#2 /wordpress/wp-includes/class-wp-hook.php(324): SumaPress\SPV\{closure}(false)
#3 /wordpress/wp-includes/class-wp-hook.php(348): WP_Hook->apply_filters('', Array)
#4 /wordpress/wp-includes/plugin.php(517): WP_Hook->do_action(Array)
#5 /wordpress/wp-admin/includes/plugin.php(703): do_action('activate_simple...', false)
#6 /internal/eval.php(20): activate_plugin('simple-private-...')
#7 {main}
  thrown in /wordpress/wp-content/plugins/simple-private-video/setup/class-activator.php on line 27
[08-May-2025 16:35:44 UTC] PHP Fatal error:  Uncaught Error: Call to undefined function SumaPress\SPV\Setup\WP_Filesystem() in /wordpress/wp-content/plugins/simple-private-video/setup/class-activator.php:27
Stack trace:
#0 /wordpress/wp-content/plugins/simple-private-video/setup/class-activator.php(15): SumaPress\SPV\Setup\Activator->add_private_folder_with_htaccess('spv-private')
#1 /wordpress/wp-content/plugins/simple-private-video/simple-private-video.php(53): SumaPress\SPV\Setup\Activator::activate()
#2 /wordpress/wp-includes/class-wp-hook.php(324): SumaPress\SPV\{closure}(false)
#3 /wordpress/wp-includes/class-wp-hook.php(348): WP_Hook->apply_filters('', Array)
#4 /wordpress/wp-includes/plugin.php(517): WP_Hook->do_action(Array)
#5 /wordpress/wp-admin/includes/plugin.php(703): do_action('activate_simple...', false)
#6 /internal/eval.php(20): activate_plugin('simple-private-...')
#7 {main}
  thrown in /wordpress/wp-content/plugins/simple-private-video/setup/class-activator.php on line 27
[08-May-2025 16:35:51 UTC] PHP Fatal error:  Uncaught Error: Call to undefined function SumaPress\SPV\Setup\WP_Filesystem() in /wordpress/wp-content/plugins/simple-private-video/setup/class-activator.php:27
Stack trace:
#0 /wordpress/wp-content/plugins/simple-private-video/setup/class-activator.php(15): SumaPress\SPV\Setup\Activator->add_private_folder_with_htaccess('spv-private')
#1 /wordpress/wp-content/plugins/simple-private-video/simple-private-video.php(53): SumaPress\SPV\Setup\Activator::activate()
#2 /wordpress/wp-includes/class-wp-hook.php(324): SumaPress\SPV\{closure}(false)
#3 /wordpress/wp-includes/class-wp-hook.php(348): WP_Hook->apply_filters('', Array)
#4 /wordpress/wp-includes/plugin.php(517): WP_Hook->do_action(Array)
#5 /wordpress/wp-admin/includes/plugin.php(703): do_action('activate_simple...', false)
#6 /internal/eval.php(20): activate_plugin('simple-private-...')
#7 {main}
  thrown in /wordpress/wp-content/plugins/simple-private-video/setup/class-activator.php on line 27
[08-May-2025 16:36:00 UTC] PHP Fatal error:  Uncaught Exception: DateTimeZone::__construct(): Unknown or bad timezone () in /wordpress/wp-content/plugins/simple-schedule-notice/simple-schedule-notice.php:47
Stack trace:
#0 /wordpress/wp-content/plugins/simple-schedule-notice/simple-schedule-notice.php(47): DateTimeZone->__construct('')
#1 /wordpress/wp-content/plugins/simple-schedule-notice/simple-schedule-notice.php(944): Simple_Schedulenotice_Class->__construct()
#2 /wordpress/wp-admin/includes/plugin.php(2387): include_once('/wordpress/wp-c...')
#3 /wordpress/wp-admin/includes/plugin.php(673): plugin_sandbox_scrape('simple-schedule...')
#4 /internal/eval.php(20): activate_plugin('simple-schedule...')
#5 {main}
  thrown in /wordpress/wp-content/plugins/simple-schedule-notice/simple-schedule-notice.php on line 47
[08-May-2025 16:36:07 UTC] PHP Fatal error:  Uncaught Exception: DateTimeZone::__construct(): Unknown or bad timezone () in /wordpress/wp-content/plugins/simple-schedule-notice/simple-schedule-notice.php:47
Stack trace:
#0 /wordpress/wp-content/plugins/simple-schedule-notice/simple-schedule-notice.php(47): DateTimeZone->__construct('')
#1 /wordpress/wp-content/plugins/simple-schedule-notice/simple-schedule-notice.php(944): Simple_Schedulenotice_Class->__construct()
#2 /wordpress/wp-admin/includes/plugin.php(2387): include_once('/wordpress/wp-c...')
#3 /wordpress/wp-admin/includes/plugin.php(673): plugin_sandbox_scrape('simple-schedule...')
#4 /internal/eval.php(20): activate_plugin('simple-schedule...')
#5 {main}
  thrown in /wordpress/wp-content/plugins/simple-schedule-notice/simple-schedule-notice.php on line 47
[08-May-2025 16:36:15 UTC] PHP Fatal error:  Uncaught Exception: DateTimeZone::__construct(): Unknown or bad timezone () in /wordpress/wp-content/plugins/simple-schedule-notice/simple-schedule-notice.php:47
Stack trace:
#0 /wordpress/wp-content/plugins/simple-schedule-notice/simple-schedule-notice.php(47): DateTimeZone->__construct('')
#1 /wordpress/wp-content/plugins/simple-schedule-notice/simple-schedule-notice.php(944): Simple_Schedulenotice_Class->__construct()
#2 /wordpress/wp-admin/includes/plugin.php(2387): include_once('/wordpress/wp-c...')
#3 /wordpress/wp-admin/includes/plugin.php(673): plugin_sandbox_scrape('simple-schedule...')
#4 /internal/eval.php(20): activate_plugin('simple-schedule...')
#5 {main}
  thrown in /wordpress/wp-content/plugins/simple-schedule-notice/simple-schedule-notice.php on line 47
[08-May-2025 16:36:46 UTC] PHP Parse error:  syntax error, unexpected '|', expecting variable (T_VARIABLE) in /wordpress/wp-content/plugins/stars-rating/public/stars-rating-public.php on line 32
[08-May-2025 16:36:55 UTC] PHP Parse error:  syntax error, unexpected '|', expecting variable (T_VARIABLE) in /wordpress/wp-content/plugins/stars-rating/public/stars-rating-public.php on line 32
[08-May-2025 16:37:05 UTC] PHP Parse error:  syntax error, unexpected '|', expecting variable (T_VARIABLE) in /wordpress/wp-content/plugins/stars-rating/public/stars-rating-public.php on line 32
[08-May-2025 16:37:14 UTC] PHP Deprecated:  Required parameter $args follows optional parameter $table in /wordpress/wp-content/plugins/stats-reports/stats-reports.php on line 195
[08-May-2025 16:37:16 UTC] PHP Deprecated:  Required parameter $args follows optional parameter $table in /wordpress/wp-content/plugins/stats-reports/stats-reports.php on line 195
[08-May-2025 16:37:24 UTC] PHP Deprecated:  Required parameter $args follows optional parameter $table in /wordpress/wp-content/plugins/stats-reports/stats-reports.php on line 195
[08-May-2025 16:37:25 UTC] PHP Deprecated:  Required parameter $args follows optional parameter $table in /wordpress/wp-content/plugins/stats-reports/stats-reports.php on line 195
[08-May-2025 16:37:32 UTC] PHP Deprecated:  Required parameter $args follows optional parameter $table in /wordpress/wp-content/plugins/stats-reports/stats-reports.php on line 195
[08-May-2025 16:37:33 UTC] PHP Deprecated:  Required parameter $args follows optional parameter $table in /wordpress/wp-content/plugins/stats-reports/stats-reports.php on line 195
[08-May-2025 16:38:21 UTC] PHP Warning:  Undefined array key "REMOTE_ADDR" in /wordpress/wp-content/plugins/stop-war-stop-putin/stopwarstopputin.php on line 2314
[08-May-2025 16:38:32 UTC] PHP Warning:  Undefined array key "REMOTE_ADDR" in /wordpress/wp-content/plugins/stop-war-stop-putin/stopwarstopputin.php on line 2314
[08-May-2025 16:38:42 UTC] PHP Warning:  Undefined array key "REMOTE_ADDR" in /wordpress/wp-content/plugins/stop-war-stop-putin/stopwarstopputin.php on line 2314
[08-May-2025 16:39:47 UTC] PHP Notice:  Function _load_textdomain_just_in_time was called <strong>incorrectly</strong>. Translation loading for the <code>share-and-follow</code> domain was triggered too early. This is usually an indicator for some code in the plugin or theme running too early. Translations should be loaded at the <code>init</code> action or later. Please see <a href="https://developer.wordpress.org/advanced-administration/debug/debug-wordpress/">Debugging in WordPress</a> for more information. (This message was added in version 6.7.0.) in /wordpress/wp-includes/functions.php on line 6121
[08-May-2025 16:39:47 UTC] PHP Fatal error:  Uncaught ArgumentCountError: Too few arguments to function WP_Widget::__construct(), 0 passed in /wordpress/wp-includes/class-wp-widget-factory.php on line 62 and at least 2 expected in /wordpress/wp-includes/class-wp-widget.php:163
Stack trace:
#0 /wordpress/wp-includes/class-wp-widget-factory.php(62): WP_Widget->__construct()
#1 /wordpress/wp-includes/widgets.php(123): WP_Widget_Factory->register('Share_Widget')
#2 /wordpress/wp-content/plugins/share-and-follow/share-and-follow.php(1210): register_widget('Share_Widget')
#3 /wordpress/wp-includes/class-wp-hook.php(324): ShareAndFollow->load_widgets('')
#4 /wordpress/wp-includes/class-wp-hook.php(348): WP_Hook->apply_filters(NULL, Array)
#5 /wordpress/wp-includes/plugin.php(517): WP_Hook->do_action(Array)
#6 /wordpress/wp-includes/widgets.php(1870): do_action('widgets_init')
#7 /wordpress/wp-includes/class-wp-hook.php(324): wp_widgets_init('')
#8 /wordpress/wp-includes/class-wp-hook.php(348): WP_Hook->apply_filters(NULL, Array)
#9 /wordpress/wp-includes/plugin.php(517): WP_Hook->do_action(Array)
#10 /wordpress/wp-settings.php(727): do_action('init')
#11 /wordpress/wp-config.php(102): require_once('/wordpress/wp-s...')
#12 /wordpress/wp-load.php(50): require_once('/wordpress/wp-c...')
#13 /internal/eval.php(3): require_once('/wordpress/wp-l...')
#14 {main}
  thrown in /wordpress/wp-includes/class-wp-widget.php on line 163
[08-May-2025 16:39:58 UTC] PHP Notice:  Function _load_textdomain_just_in_time was called <strong>incorrectly</strong>. Translation loading for the <code>share-and-follow</code> domain was triggered too early. This is usually an indicator for some code in the plugin or theme running too early. Translations should be loaded at the <code>init</code> action or later. Please see <a href="https://developer.wordpress.org/advanced-administration/debug/debug-wordpress/">Debugging in WordPress</a> for more information. (This message was added in version 6.7.0.) in /wordpress/wp-includes/functions.php on line 6121
[08-May-2025 16:39:58 UTC] PHP Fatal error:  Uncaught ArgumentCountError: Too few arguments to function WP_Widget::__construct(), 0 passed in /wordpress/wp-includes/class-wp-widget-factory.php on line 62 and at least 2 expected in /wordpress/wp-includes/class-wp-widget.php:163
Stack trace:
#0 /wordpress/wp-includes/class-wp-widget-factory.php(62): WP_Widget->__construct()
#1 /wordpress/wp-includes/widgets.php(123): WP_Widget_Factory->register('Share_Widget')
#2 /wordpress/wp-content/plugins/share-and-follow/share-and-follow.php(1210): register_widget('Share_Widget')
#3 /wordpress/wp-includes/class-wp-hook.php(324): ShareAndFollow->load_widgets('')
#4 /wordpress/wp-includes/class-wp-hook.php(348): WP_Hook->apply_filters(NULL, Array)
#5 /wordpress/wp-includes/plugin.php(517): WP_Hook->do_action(Array)
#6 /wordpress/wp-includes/widgets.php(1870): do_action('widgets_init')
#7 /wordpress/wp-includes/class-wp-hook.php(324): wp_widgets_init('')
#8 /wordpress/wp-includes/class-wp-hook.php(348): WP_Hook->apply_filters(NULL, Array)
#9 /wordpress/wp-includes/plugin.php(517): WP_Hook->do_action(Array)
#10 /wordpress/wp-settings.php(727): do_action('init')
#11 /wordpress/wp-config.php(102): require_once('/wordpress/wp-s...')
#12 /wordpress/wp-load.php(50): require_once('/wordpress/wp-c...')
#13 /internal/eval.php(3): require_once('/wordpress/wp-l...')
#14 {main}
  thrown in /wordpress/wp-includes/class-wp-widget.php on line 163
[08-May-2025 16:40:08 UTC] PHP Notice:  Function _load_textdomain_just_in_time was called <strong>incorrectly</strong>. Translation loading for the <code>share-and-follow</code> domain was triggered too early. This is usually an indicator for some code in the plugin or theme running too early. Translations should be loaded at the <code>init</code> action or later. Please see <a href="https://developer.wordpress.org/advanced-administration/debug/debug-wordpress/">Debugging in WordPress</a> for more information. (This message was added in version 6.7.0.) in /wordpress/wp-includes/functions.php on line 6121
[08-May-2025 16:40:08 UTC] PHP Fatal error:  Uncaught ArgumentCountError: Too few arguments to function WP_Widget::__construct(), 0 passed in /wordpress/wp-includes/class-wp-widget-factory.php on line 62 and at least 2 expected in /wordpress/wp-includes/class-wp-widget.php:163
Stack trace:
#0 /wordpress/wp-includes/class-wp-widget-factory.php(62): WP_Widget->__construct()
#1 /wordpress/wp-includes/widgets.php(123): WP_Widget_Factory->register('Share_Widget')
#2 /wordpress/wp-content/plugins/share-and-follow/share-and-follow.php(1210): register_widget('Share_Widget')
#3 /wordpress/wp-includes/class-wp-hook.php(324): ShareAndFollow->load_widgets('')
#4 /wordpress/wp-includes/class-wp-hook.php(348): WP_Hook->apply_filters(NULL, Array)
#5 /wordpress/wp-includes/plugin.php(517): WP_Hook->do_action(Array)
#6 /wordpress/wp-includes/widgets.php(1870): do_action('widgets_init')
#7 /wordpress/wp-includes/class-wp-hook.php(324): wp_widgets_init('')
#8 /wordpress/wp-includes/class-wp-hook.php(348): WP_Hook->apply_filters(NULL, Array)
#9 /wordpress/wp-includes/plugin.php(517): WP_Hook->do_action(Array)
#10 /wordpress/wp-settings.php(727): do_action('init')
#11 /wordpress/wp-config.php(102): require_once('/wordpress/wp-s...')
#12 /wordpress/wp-load.php(50): require_once('/wordpress/wp-c...')
#13 /internal/eval.php(3): require_once('/wordpress/wp-l...')
#14 {main}
  thrown in /wordpress/wp-includes/class-wp-widget.php on line 163
[08-May-2025 16:40:46 UTC] PHP Fatal error:  Uncaught Error: Undefined constant "WPLANG" in /wordpress/wp-content/plugins/shopp-nl/shopp-nl.php:56
Stack trace:
#0 /wordpress/wp-includes/class-wp-hook.php(324): ShoppNLPlugin->load_mo_file('/wordpress/wp-c...', 'default')
#1 /wordpress/wp-includes/plugin.php(205): WP_Hook->apply_filters('/wordpress/wp-c...', Array)
#2 /wordpress/wp-includes/l10n.php(795): apply_filters('load_textdomain...', '/wordpress/wp-c...', 'default')
#3 /wordpress/wp-includes/l10n.php(960): load_textdomain('default', '/wordpress/wp-c...', 'en_US')
#4 /wordpress/wp-settings.php(660): load_default_textdomain()
#5 /wordpress/wp-config.php(102): require_once('/wordpress/wp-s...')
#6 /wordpress/wp-load.php(50): require_once('/wordpress/wp-c...')
#7 /internal/eval.php(3): require_once('/wordpress/wp-l...')
#8 {main}
  thrown in /wordpress/wp-content/plugins/shopp-nl/shopp-nl.php on line 56
[08-May-2025 16:40:46 UTC] PHP Fatal error:  Uncaught Error: Undefined constant "WPLANG" in /wordpress/wp-content/plugins/shopp-nl/shopp-nl.php:56
Stack trace:
#0 /wordpress/wp-includes/class-wp-hook.php(324): ShoppNLPlugin->load_mo_file('/wordpress/wp-c...', 'default')
#1 /wordpress/wp-includes/plugin.php(205): WP_Hook->apply_filters('/wordpress/wp-c...', Array)
#2 /wordpress/wp-includes/l10n.php(795): apply_filters('load_textdomain...', '/wordpress/wp-c...', 'default')
#3 /wordpress/wp-includes/l10n.php(960): load_textdomain('default', '/wordpress/wp-c...', 'en_US')
#4 /wordpress/wp-includes/class-wp-fatal-error-handler.php(49): load_default_textdomain()
#5 [internal function]: WP_Fatal_Error_Handler->handle()
#6 {main}
  thrown in /wordpress/wp-content/plugins/shopp-nl/shopp-nl.php on line 56
[08-May-2025 16:40:55 UTC] PHP Fatal error:  Uncaught Error: Undefined constant "WPLANG" in /wordpress/wp-content/plugins/shopp-nl/shopp-nl.php:56
Stack trace:
#0 /wordpress/wp-includes/class-wp-hook.php(324): ShoppNLPlugin->load_mo_file('/wordpress/wp-c...', 'default')
#1 /wordpress/wp-includes/plugin.php(205): WP_Hook->apply_filters('/wordpress/wp-c...', Array)
#2 /wordpress/wp-includes/l10n.php(795): apply_filters('load_textdomain...', '/wordpress/wp-c...', 'default')
#3 /wordpress/wp-includes/l10n.php(960): load_textdomain('default', '/wordpress/wp-c...', 'en_US')
#4 /wordpress/wp-settings.php(660): load_default_textdomain()
#5 /wordpress/wp-config.php(102): require_once('/wordpress/wp-s...')
#6 /wordpress/wp-load.php(50): require_once('/wordpress/wp-c...')
#7 /internal/eval.php(3): require_once('/wordpress/wp-l...')
#8 {main}
  thrown in /wordpress/wp-content/plugins/shopp-nl/shopp-nl.php on line 56
[08-May-2025 16:40:55 UTC] PHP Fatal error:  Uncaught Error: Undefined constant "WPLANG" in /wordpress/wp-content/plugins/shopp-nl/shopp-nl.php:56
Stack trace:
#0 /wordpress/wp-includes/class-wp-hook.php(324): ShoppNLPlugin->load_mo_file('/wordpress/wp-c...', 'default')
#1 /wordpress/wp-includes/plugin.php(205): WP_Hook->apply_filters('/wordpress/wp-c...', Array)
#2 /wordpress/wp-includes/l10n.php(795): apply_filters('load_textdomain...', '/wordpress/wp-c...', 'default')
#3 /wordpress/wp-includes/l10n.php(960): load_textdomain('default', '/wordpress/wp-c...', 'en_US')
#4 /wordpress/wp-includes/class-wp-fatal-error-handler.php(49): load_default_textdomain()
#5 [internal function]: WP_Fatal_Error_Handler->handle()
#6 {main}
  thrown in /wordpress/wp-content/plugins/shopp-nl/shopp-nl.php on line 56

    at Object.onBind (file:///home/runner/work/playground-tester/playground-tester/node_modules/@wp-playground/cli/index.js:237:15)
    at process.processTicksAndRejections (node:internal/process/task_queues:105:5)
    at async V (file:///home/runner/work/playground-tester/playground-tester/node_modules/@wp-playground/cli/index.js:64:10)
    at async ja (file:///home/runner/work/playground-tester/playground-tester/node_modules/@wp-playground/cli/cli.js:8161:12) {
  [cause]: Error: Error when executing the blueprint step #1 ({"step":"installPlugin","pluginData":{"resource":"wordpress.org/plugins","slug":"shopp-nl"},"options":{"activate":true}}) : PHP.run() failed with exit code 255 and the following output: 
      at Object.run (file:///home/runner/work/playground-tester/playground-tester/node_modules/@wp-playground/blueprints/index.js:12449:19)
      at process.processTicksAndRejections (node:internal/process/task_queues:105:5)
      at async ms (file:///home/runner/work/playground-tester/playground-tester/node_modules/@wp-playground/blueprints/index.js:12552:3)
      ... 2 lines matching cause stack trace ...
      at async ja (file:///home/runner/work/playground-tester/playground-tester/node_modules/@wp-playground/cli/cli.js:8161:12) {
    [cause]: PHPExecutionFailureError: PHP.run() failed with exit code 255 and the following output: 
        at PHP.run (file:///home/runner/work/playground-tester/playground-tester/node_modules/@php-wasm/universal/index.js:987:19)
        at process.processTicksAndRejections (node:internal/process/task_queues:105:5)
        at async wr (file:///home/runner/work/playground-tester/playground-tester/node_modules/@wp-playground/blueprints/index.js:73:13)
        at async Object.gt [as installPlugin] (file:///home/runner/work/playground-tester/playground-tester/node_modules/@wp-playground/blueprints/index.js:974:42)
        at async g (file:///home/runner/work/playground-tester/playground-tester/node_modules/@wp-playground/blueprints/index.js:12517:30)
        at async Object.run (file:///home/runner/work/playground-tester/playground-tester/node_modules/@wp-playground/blueprints/index.js:12446:23)
        at async ms (file:///home/runner/work/playground-tester/playground-tester/node_modules/@wp-playground/blueprints/index.js:12552:3)
        at async Object.onBind (file:///home/runner/work/playground-tester/playground-tester/node_modules/@wp-playground/cli/index.js:227:48)
        at async V (file:///home/runner/work/playground-tester/playground-tester/node_modules/@wp-playground/cli/index.js:64:10)
        at async ja (file:///home/runner/work/playground-tester/playground-tester/node_modules/@wp-playground/cli/cli.js:8161:12) {
      response: PHPResponse {
        httpStatusCode: 500,
        headers: {
          'x-powered-by': [ 'PHP/8.0.30-dev' ],
          'content-type': [ 'text/html; charset=UTF-8' ]
        },
        bytes: Uint8Array(0) [],
        exitCode: 255,
        errors: ''
      },
      source: 'request'
    }
  }
}

Node.js v23.11.0
