file:///home/runner/work/playground-tester/playground-tester/node_modules/@wp-playground/cli/index.js:237
        throw new Error(y, { cause: u });
              ^

Error: [21-Apr-2025 14:26:13 UTC] PHP Warning:  Trying to access array offset on value of type bool in /wordpress/wp-content/plugins/simple-carousel-slider/simple-carousel-slider.php on line 36
[21-Apr-2025 14:26:22 UTC] PHP Warning:  Trying to access array offset on value of type bool in /wordpress/wp-content/plugins/simple-carousel-slider/simple-carousel-slider.php on line 36
[21-Apr-2025 14:26:31 UTC] PHP Warning:  Trying to access array offset on value of type bool in /wordpress/wp-content/plugins/simple-carousel-slider/simple-carousel-slider.php on line 36
[21-Apr-2025 14:27:54 UTC] PHP Notice:  Function _load_textdomain_just_in_time was called <strong>incorrectly</strong>. Translation loading for the <code>woocommerce</code> domain was triggered too early. This is usually an indicator for some code in the plugin or theme running too early. Translations should be loaded at the <code>init</code> action or later. Please see <a href="https://developer.wordpress.org/advanced-administration/debug/debug-wordpress/">Debugging in WordPress</a> for more information. (This message was added in version 6.7.0.) in /wordpress/wp-includes/functions.php on line 6121
[21-Apr-2025 14:28:15 UTC] PHP Notice:  Function _load_textdomain_just_in_time was called <strong>incorrectly</strong>. Translation loading for the <code>shopbuild</code> domain was triggered too early. This is usually an indicator for some code in the plugin or theme running too early. Translations should be loaded at the <code>init</code> action or later. Please see <a href="https://developer.wordpress.org/advanced-administration/debug/debug-wordpress/">Debugging in WordPress</a> for more information. (This message was added in version 6.7.0.) in /wordpress/wp-includes/functions.php on line 6121
[21-Apr-2025 14:28:52 UTC] PHP Notice:  Function _load_textdomain_just_in_time was called <strong>incorrectly</strong>. Translation loading for the <code>woocommerce</code> domain was triggered too early. This is usually an indicator for some code in the plugin or theme running too early. Translations should be loaded at the <code>init</code> action or later. Please see <a href="https://developer.wordpress.org/advanced-administration/debug/debug-wordpress/">Debugging in WordPress</a> for more information. (This message was added in version 6.7.0.) in /wordpress/wp-includes/functions.php on line 6121
[21-Apr-2025 14:29:13 UTC] PHP Notice:  Function _load_textdomain_just_in_time was called <strong>incorrectly</strong>. Translation loading for the <code>shopbuild</code> domain was triggered too early. This is usually an indicator for some code in the plugin or theme running too early. Translations should be loaded at the <code>init</code> action or later. Please see <a href="https://developer.wordpress.org/advanced-administration/debug/debug-wordpress/">Debugging in WordPress</a> for more information. (This message was added in version 6.7.0.) in /wordpress/wp-includes/functions.php on line 6121
[21-Apr-2025 14:29:50 UTC] PHP Notice:  Function _load_textdomain_just_in_time was called <strong>incorrectly</strong>. Translation loading for the <code>woocommerce</code> domain was triggered too early. This is usually an indicator for some code in the plugin or theme running too early. Translations should be loaded at the <code>init</code> action or later. Please see <a href="https://developer.wordpress.org/advanced-administration/debug/debug-wordpress/">Debugging in WordPress</a> for more information. (This message was added in version 6.7.0.) in /wordpress/wp-includes/functions.php on line 6121
[21-Apr-2025 14:30:11 UTC] PHP Notice:  Function _load_textdomain_just_in_time was called <strong>incorrectly</strong>. Translation loading for the <code>shopbuild</code> domain was triggered too early. This is usually an indicator for some code in the plugin or theme running too early. Translations should be loaded at the <code>init</code> action or later. Please see <a href="https://developer.wordpress.org/advanced-administration/debug/debug-wordpress/">Debugging in WordPress</a> for more information. (This message was added in version 6.7.0.) in /wordpress/wp-includes/functions.php on line 6121
[21-Apr-2025 14:30:21 UTC] PHP Fatal error:  Array and string offset access syntax with curly braces is no longer supported in /wordpress/wp-content/plugins/realtyphp/lib/vendor/class.upload_0.31/class.upload.php on line 3080
[21-Apr-2025 14:30:28 UTC] PHP Fatal error:  Array and string offset access syntax with curly braces is no longer supported in /wordpress/wp-content/plugins/realtyphp/lib/vendor/class.upload_0.31/class.upload.php on line 3080
[21-Apr-2025 14:30:36 UTC] PHP Fatal error:  Array and string offset access syntax with curly braces is no longer supported in /wordpress/wp-content/plugins/realtyphp/lib/vendor/class.upload_0.31/class.upload.php on line 3080
[21-Apr-2025 14:31:03 UTC] PHP Warning:  Undefined variable $settings in /wordpress/wp-content/plugins/redirect-on-first-login/lib/rofl-redirect.php on line 2
[21-Apr-2025 14:31:03 UTC] PHP Warning:  Undefined variable $rofl_field_1_2 in /wordpress/wp-content/plugins/redirect-on-first-login/lib/rofl-redirect.php on line 2
[21-Apr-2025 14:31:03 UTC] PHP Warning:  Trying to access array offset on value of type null in /wordpress/wp-content/plugins/redirect-on-first-login/lib/rofl-redirect.php on line 2
[21-Apr-2025 14:31:04 UTC] PHP Warning:  Undefined variable $settings in /wordpress/wp-content/plugins/redirect-on-first-login/lib/rofl-redirect.php on line 2
[21-Apr-2025 14:31:04 UTC] PHP Warning:  Undefined variable $rofl_field_1_2 in /wordpress/wp-content/plugins/redirect-on-first-login/lib/rofl-redirect.php on line 2
[21-Apr-2025 14:31:04 UTC] PHP Warning:  Trying to access array offset on value of type null in /wordpress/wp-content/plugins/redirect-on-first-login/lib/rofl-redirect.php on line 2
[21-Apr-2025 14:31:10 UTC] PHP Warning:  Undefined variable $settings in /wordpress/wp-content/plugins/redirect-on-first-login/lib/rofl-redirect.php on line 2
[21-Apr-2025 14:31:10 UTC] PHP Warning:  Undefined variable $rofl_field_1_2 in /wordpress/wp-content/plugins/redirect-on-first-login/lib/rofl-redirect.php on line 2
[21-Apr-2025 14:31:10 UTC] PHP Warning:  Trying to access array offset on value of type null in /wordpress/wp-content/plugins/redirect-on-first-login/lib/rofl-redirect.php on line 2
[21-Apr-2025 14:31:11 UTC] PHP Warning:  Undefined variable $settings in /wordpress/wp-content/plugins/redirect-on-first-login/lib/rofl-redirect.php on line 2
[21-Apr-2025 14:31:11 UTC] PHP Warning:  Undefined variable $rofl_field_1_2 in /wordpress/wp-content/plugins/redirect-on-first-login/lib/rofl-redirect.php on line 2
[21-Apr-2025 14:31:11 UTC] PHP Warning:  Trying to access array offset on value of type null in /wordpress/wp-content/plugins/redirect-on-first-login/lib/rofl-redirect.php on line 2
[21-Apr-2025 14:31:18 UTC] PHP Warning:  Undefined variable $settings in /wordpress/wp-content/plugins/redirect-on-first-login/lib/rofl-redirect.php on line 2
[21-Apr-2025 14:31:18 UTC] PHP Warning:  Undefined variable $rofl_field_1_2 in /wordpress/wp-content/plugins/redirect-on-first-login/lib/rofl-redirect.php on line 2
[21-Apr-2025 14:31:18 UTC] PHP Warning:  Trying to access array offset on value of type null in /wordpress/wp-content/plugins/redirect-on-first-login/lib/rofl-redirect.php on line 2
[21-Apr-2025 14:31:19 UTC] PHP Warning:  Undefined variable $settings in /wordpress/wp-content/plugins/redirect-on-first-login/lib/rofl-redirect.php on line 2
[21-Apr-2025 14:31:19 UTC] PHP Warning:  Undefined variable $rofl_field_1_2 in /wordpress/wp-content/plugins/redirect-on-first-login/lib/rofl-redirect.php on line 2
[21-Apr-2025 14:31:19 UTC] PHP Warning:  Trying to access array offset on value of type null in /wordpress/wp-content/plugins/redirect-on-first-login/lib/rofl-redirect.php on line 2
[21-Apr-2025 14:32:48 UTC] PHP Warning:  require(/wordpress/wp-content/plugins/rotem-products-shortcodes/includes/class-rotem-Products-shortcodes.php): Failed to open stream: No such file or directory in /wordpress/wp-content/plugins/rotem-products-shortcodes/rotem-products-shortcodes.php on line 65
[21-Apr-2025 14:32:48 UTC] PHP Fatal error:  Uncaught Error: Failed opening required '/wordpress/wp-content/plugins/rotem-products-shortcodes/includes/class-rotem-Products-shortcodes.php' (include_path='.:') in /wordpress/wp-content/plugins/rotem-products-shortcodes/rotem-products-shortcodes.php:65
Stack trace:
#0 /wordpress/wp-admin/includes/plugin.php(2387): include_once()
#1 /wordpress/wp-admin/includes/plugin.php(673): plugin_sandbox_scrape('rotem-products-...')
#2 /internal/eval.php(20): activate_plugin('rotem-products-...')
#3 {main}
  thrown in /wordpress/wp-content/plugins/rotem-products-shortcodes/rotem-products-shortcodes.php on line 65
[21-Apr-2025 14:32:56 UTC] PHP Warning:  require(/wordpress/wp-content/plugins/rotem-products-shortcodes/includes/class-rotem-Products-shortcodes.php): Failed to open stream: No such file or directory in /wordpress/wp-content/plugins/rotem-products-shortcodes/rotem-products-shortcodes.php on line 65
[21-Apr-2025 14:32:56 UTC] PHP Fatal error:  Uncaught Error: Failed opening required '/wordpress/wp-content/plugins/rotem-products-shortcodes/includes/class-rotem-Products-shortcodes.php' (include_path='.:') in /wordpress/wp-content/plugins/rotem-products-shortcodes/rotem-products-shortcodes.php:65
Stack trace:
#0 /wordpress/wp-admin/includes/plugin.php(2387): include_once()
#1 /wordpress/wp-admin/includes/plugin.php(673): plugin_sandbox_scrape('rotem-products-...')
#2 /internal/eval.php(20): activate_plugin('rotem-products-...')
#3 {main}
  thrown in /wordpress/wp-content/plugins/rotem-products-shortcodes/rotem-products-shortcodes.php on line 65
[21-Apr-2025 14:33:03 UTC] PHP Warning:  require(/wordpress/wp-content/plugins/rotem-products-shortcodes/includes/class-rotem-Products-shortcodes.php): Failed to open stream: No such file or directory in /wordpress/wp-content/plugins/rotem-products-shortcodes/rotem-products-shortcodes.php on line 65
[21-Apr-2025 14:33:03 UTC] PHP Fatal error:  Uncaught Error: Failed opening required '/wordpress/wp-content/plugins/rotem-products-shortcodes/includes/class-rotem-Products-shortcodes.php' (include_path='.:') in /wordpress/wp-content/plugins/rotem-products-shortcodes/rotem-products-shortcodes.php:65
Stack trace:
#0 /wordpress/wp-admin/includes/plugin.php(2387): include_once()
#1 /wordpress/wp-admin/includes/plugin.php(673): plugin_sandbox_scrape('rotem-products-...')
#2 /internal/eval.php(20): activate_plugin('rotem-products-...')
#3 {main}
  thrown in /wordpress/wp-content/plugins/rotem-products-shortcodes/rotem-products-shortcodes.php on line 65
[21-Apr-2025 14:33:39 UTC] WordPress database error <div style="clear:both">&nbsp;</div>
<div class="queries" style="clear:both;margin-bottom:2px;border:red dotted thin;">
<p>MySQL query:</p>
<p>(SELECT ID, post_date
            FROM wp_posts
            WHERE post_type = 'post'
                  AND post_status = 'publish'
                  AND post_date < '2025-04-21 14:33:39' - INTERVAL 2880 HOUR 
                  )ORDER BY post_date ASC 
            LIMIT 1 </p>
<p>Queries made or created this session were:</p>
<ol>
<li>Executing: BEGIN | (no parameters)</li>
<li>Executing: ( SELECT `ID` , `post_date` FROM `wp_posts` WHERE `post_type` = 'post' AND `post_status` = 'publish' AND `post_date` &lt; '2025-04-21 14:33:39' - INTERVAL 2880 HOUR ) ORDER BY `post_date` ASC LIMIT 1 | (no parameters)</li>
<li>Executing: ROLLBACK | (no parameters)</li>
</ol>
</div>
<div style="clear:both;margin-bottom:2px;border:red dotted thin;" class="error_message" style="border-bottom:dotted blue thin;">
SQLSTATE[HY000]: General error: 1 near "(": syntax error
</div>
<p>Backtrace:</p>
<pre>#0 /internal/shared/sqlite-database-integration/wp-includes/sqlite-ast/class-wp-sqlite-driver.php(690): WP_SQLite_Driver->new_driver_exception('SQLSTATE[HY000]...', 0, Object(PDOException))
#1 /internal/shared/sqlite-database-integration/wp-includes/sqlite/class-wp-sqlite-db.php(472): WP_SQLite_Driver->query('(SELECT ID, pos...')
#2 /internal/shared/sqlite-database-integration/wp-includes/sqlite/class-wp-sqlite-db.php(413): WP_SQLite_DB->_do_query('(SELECT ID, pos...')
#3 /wordpress/wp-includes/class-wpdb.php(3031): WP_SQLite_DB->query('(SELECT ID, pos...')
#4 /wordpress/wp-content/plugins/republish-old-posts/republish-old-posts.php(119): wpdb->get_var('(SELECT ID, pos...', 0, 0)
#5 /wordpress/wp-content/plugins/republish-old-posts/republish-old-posts.php(83): rop_republish_old_post()
#6 /wordpress/wp-includes/class-wp-hook.php(324): rop('')
#7 /wordpress/wp-includes/class-wp-hook.php(348): WP_Hook->apply_filters(NULL, Array)
#8 /wordpress/wp-includes/plugin.php(517): WP_Hook->do_action(Array)
#9 /wordpress/wp-settings.php(727): do_action('init')
#10 /wordpress/wp-config.php(102): require_once('/wordpress/wp-s...')
#11 /wordpress/wp-load.php(50): require_once('/wordpress/wp-c...')
#12 /internal/eval.php(3): require_once('/wordpress/wp-l...')
#13 {main}</pre>
 for query (SELECT ID, post_date
            FROM wp_posts
            WHERE post_type = 'post'
                  AND post_status = 'publish'
                  AND post_date < '2025-04-21 14:33:39' - INTERVAL 2880 HOUR 
                  )ORDER BY post_date ASC 
            LIMIT 1  made by require_once('wp-load.php'), require_once('wp-config.php'), require_once('wp-settings.php'), do_action('init'), WP_Hook->do_action, WP_Hook->apply_filters, rop, rop_republish_old_post, WP_SQLite_DB->query, WP_SQLite_DB->print_error
[21-Apr-2025 14:33:48 UTC] WordPress database error <div style="clear:both">&nbsp;</div>
<div class="queries" style="clear:both;margin-bottom:2px;border:red dotted thin;">
<p>MySQL query:</p>
<p>(SELECT ID, post_date
            FROM wp_posts
            WHERE post_type = 'post'
                  AND post_status = 'publish'
                  AND post_date < '2025-04-21 14:33:48' - INTERVAL 2880 HOUR 
                  )ORDER BY post_date ASC 
            LIMIT 1 </p>
<p>Queries made or created this session were:</p>
<ol>
<li>Executing: BEGIN | (no parameters)</li>
<li>Executing: ROLLBACK | (no parameters)</li>
</ol>
</div>
<div style="clear:both;margin-bottom:2px;border:red dotted thin;" class="error_message" style="border-bottom:dotted blue thin;">
Error occurred at line 4117 in Function <code>handle_error</code>. Error message was: Unknown query type: (.
</div>
<p>Backtrace:</p>
<pre>#0 /internal/shared/sqlite-database-integration/wp-includes/sqlite/class-wp-sqlite-db.php(287): WP_SQLite_Translator->get_error_message()
#1 /wordpress/wp-includes/class-wpdb.php(3031): WP_SQLite_DB->query('(SELECT ID, pos...')
#2 /wordpress/wp-content/plugins/republish-old-posts/republish-old-posts.php(119): wpdb->get_var('(SELECT ID, pos...', 0, 0)
#3 /wordpress/wp-content/plugins/republish-old-posts/republish-old-posts.php(83): rop_republish_old_post()
#4 /wordpress/wp-includes/class-wp-hook.php(324): rop('')
#5 /wordpress/wp-includes/class-wp-hook.php(348): WP_Hook->apply_filters(NULL, Array)
#6 /wordpress/wp-includes/plugin.php(517): WP_Hook->do_action(Array)
#7 /wordpress/wp-settings.php(727): do_action('init')
#8 /wordpress/wp-config.php(102): require_once('/wordpress/wp-s...')
#9 /wordpress/wp-load.php(50): require_once('/wordpress/wp-c...')
#10 /internal/eval.php(3): require_once('/wordpress/wp-l...')
#11 {main}</pre>
 for query (SELECT ID, post_date
            FROM wp_posts
            WHERE post_type = 'post'
                  AND post_status = 'publish'
                  AND post_date < '2025-04-21 14:33:48' - INTERVAL 2880 HOUR 
                  )ORDER BY post_date ASC 
            LIMIT 1  made by require_once('wp-load.php'), require_once('wp-config.php'), require_once('wp-settings.php'), do_action('init'), WP_Hook->do_action, WP_Hook->apply_filters, rop, rop_republish_old_post, WP_SQLite_DB->query, WP_SQLite_DB->print_error
[21-Apr-2025 14:33:57 UTC] WordPress database error <div style="clear:both">&nbsp;</div>
<div class="queries" style="clear:both;margin-bottom:2px;border:red dotted thin;">
<p>MySQL query:</p>
<p>(SELECT ID, post_date
            FROM wp_posts
            WHERE post_type = 'post'
                  AND post_status = 'publish'
                  AND post_date < '2025-04-21 14:33:57' - INTERVAL 2880 HOUR 
                  )ORDER BY post_date ASC 
            LIMIT 1 </p>
<p>Queries made or created this session were:</p>
<ol>
<li>Executing: BEGIN | (no parameters)</li>
<li>Executing: ROLLBACK | (no parameters)</li>
</ol>
</div>
<div style="clear:both;margin-bottom:2px;border:red dotted thin;" class="error_message" style="border-bottom:dotted blue thin;">
Error occurred at line 4117 in Function <code>handle_error</code>. Error message was: Unknown query type: (.
</div>
<p>Backtrace:</p>
<pre>#0 /internal/shared/sqlite-database-integration/wp-includes/sqlite/class-wp-sqlite-db.php(287): WP_SQLite_Translator->get_error_message()
#1 /wordpress/wp-includes/class-wpdb.php(3031): WP_SQLite_DB->query('(SELECT ID, pos...')
#2 /wordpress/wp-content/plugins/republish-old-posts/republish-old-posts.php(119): wpdb->get_var('(SELECT ID, pos...', 0, 0)
#3 /wordpress/wp-content/plugins/republish-old-posts/republish-old-posts.php(83): rop_republish_old_post()
#4 /wordpress/wp-includes/class-wp-hook.php(324): rop('')
#5 /wordpress/wp-includes/class-wp-hook.php(348): WP_Hook->apply_filters(NULL, Array)
#6 /wordpress/wp-includes/plugin.php(517): WP_Hook->do_action(Array)
#7 /wordpress/wp-settings.php(727): do_action('init')
#8 /wordpress/wp-config.php(102): require_once('/wordpress/wp-s...')
#9 /wordpress/wp-load.php(50): require_once('/wordpress/wp-c...')
#10 /internal/eval.php(3): require_once('/wordpress/wp-l...')
#11 {main}</pre>
 for query (SELECT ID, post_date
            FROM wp_posts
            WHERE post_type = 'post'
                  AND post_status = 'publish'
                  AND post_date < '2025-04-21 14:33:57' - INTERVAL 2880 HOUR 
                  )ORDER BY post_date ASC 
            LIMIT 1  made by require_once('wp-load.php'), require_once('wp-config.php'), require_once('wp-settings.php'), do_action('init'), WP_Hook->do_action, WP_Hook->apply_filters, rop, rop_republish_old_post, WP_SQLite_DB->query, WP_SQLite_DB->print_error
[21-Apr-2025 14:34:31 UTC] PHP Warning:  Undefined variable $wp_version in /wordpress/wp-content/plugins/responsive-iframe-watchdog/lgr_responsive_iframe_watchdog.php on line 367
[21-Apr-2025 14:34:40 UTC] PHP Warning:  Undefined variable $wp_version in /wordpress/wp-content/plugins/responsive-iframe-watchdog/lgr_responsive_iframe_watchdog.php on line 367
[21-Apr-2025 14:34:48 UTC] PHP Warning:  Undefined variable $wp_version in /wordpress/wp-content/plugins/responsive-iframe-watchdog/lgr_responsive_iframe_watchdog.php on line 367
[21-Apr-2025 14:35:11 UTC] PHP Warning:  file_get_contents(/wordpress/.htaccess): Failed to open stream: No such file or directory in /wordpress/wp-content/plugins/rest-cache/includes/class.rewrite-rule.php on line 22
[21-Apr-2025 14:35:11 UTC] PHP Warning:  Undefined array key "DOCUMENT_ROOT" in /wordpress/wp-content/plugins/rest-cache/includes/class.rewrite-rule.php on line 44
[21-Apr-2025 14:35:11 UTC] PHP Warning:  file_get_contents(/wordpress/.htaccess): Failed to open stream: No such file or directory in /wordpress/wp-content/plugins/rest-cache/includes/class.rewrite-rule.php on line 61
[21-Apr-2025 14:35:14 UTC] PHP Fatal error:  Uncaught GuzzleHttp\Exception\ClientException: Client error: `GET http://127.0.0.1:9404/wp-content/plugins/rest-cache/service/public/api/install` resulted in a `404 Not Found` response:
<!DOCTYPE html>
<html lang="en-US">
<head>
	<meta charset="UTF-8" />
	<meta name="viewport" content="width=device-width, (truncated...)
 in /wordpress/wp-content/plugins/rest-cache/vendor/guzzlehttp/guzzle/src/Exception/RequestException.php:111
Stack trace:
#0 /wordpress/wp-content/plugins/rest-cache/vendor/guzzlehttp/guzzle/src/Middleware.php(66): GuzzleHttp\Exception\RequestException::create(Object(GuzzleHttp\Psr7\Request), Object(GuzzleHttp\Psr7\Response))
#1 /wordpress/wp-content/plugins/rest-cache/vendor/guzzlehttp/promises/src/Promise.php(203): GuzzleHttp\Middleware::GuzzleHttp\{closure}(Object(GuzzleHttp\Psr7\Response))
#2 /wordpress/wp-content/plugins/rest-cache/vendor/guzzlehttp/promises/src/Promise.php(156): GuzzleHttp\Promise\Promise::callHandler(1, Object(GuzzleHttp\Psr7\Response), Array)
#3 /wordpress/wp-content/plugins/rest-cache/vendor/guzzlehttp/promises/src/TaskQueue.php(47): GuzzleHttp\Promise\Promise::GuzzleHttp\Promise\{closure}()
#4 /wordpress/wp-content/plugins/rest-cache/vendor/guzzlehttp/promises/src/Promise.php(246): GuzzleHttp\Promise\TaskQueue->run(true)
#5 /wordpress/wp-content/plugins/rest-cache/vendor/guzzlehttp/promises/src/Promise.php(223): GuzzleHttp\Promise\Promise->invokeWaitFn()
#6 /wordpress/wp-content/plugins/rest-cache/vendor/guzzlehttp/promises/src/Promise.php(267): GuzzleHttp\Promise\Promise->waitIfPending()
#7 /wordpress/wp-content/plugins/rest-cache/vendor/guzzlehttp/promises/src/Promise.php(225): GuzzleHttp\Promise\Promise->invokeWaitList()
#8 /wordpress/wp-content/plugins/rest-cache/vendor/guzzlehttp/promises/src/Promise.php(62): GuzzleHttp\Promise\Promise->waitIfPending()
#9 /wordpress/wp-content/plugins/rest-cache/vendor/guzzlehttp/guzzle/src/Client.php(181): GuzzleHttp\Promise\Promise->wait()
#10 /wordpress/wp-content/plugins/rest-cache/includes/class.plugin.php(94): GuzzleHttp\Client->request('GET', 'http://127.0.0....', Array)
#11 /wordpress/wp-includes/class-wp-hook.php(324): PerryRylance\WordPress\RESTCache\Plugin->onActivate(false)
#12 /wordpress/wp-includes/class-wp-hook.php(348): WP_Hook->apply_filters('', Array)
#13 /wordpress/wp-includes/plugin.php(517): WP_Hook->do_action(Array)
#14 /wordpress/wp-admin/includes/plugin.php(703): do_action('activate_rest-c...', false)
#15 /internal/eval.php(20): activate_plugin('rest-cache/rest...')
#16 {main}
  thrown in /wordpress/wp-content/plugins/rest-cache/vendor/guzzlehttp/guzzle/src/Exception/RequestException.php on line 111
[21-Apr-2025 14:35:39 UTC] PHP Fatal error:  Uncaught GuzzleHttp\Exception\ClientException: Client error: `GET http://127.0.0.1:9404/wp-content/plugins/rest-cache/service/public/api/install` resulted in a `404 Not Found` response:
<!DOCTYPE html>
<html lang="en-US">
<head>
	<meta charset="UTF-8" />
	<meta name="viewport" content="width=device-width, (truncated...)
 in /wordpress/wp-content/plugins/rest-cache/vendor/guzzlehttp/guzzle/src/Exception/RequestException.php:111
Stack trace:
#0 /wordpress/wp-content/plugins/rest-cache/vendor/guzzlehttp/guzzle/src/Middleware.php(66): GuzzleHttp\Exception\RequestException::create(Object(GuzzleHttp\Psr7\Request), Object(GuzzleHttp\Psr7\Response))
#1 /wordpress/wp-content/plugins/rest-cache/vendor/guzzlehttp/promises/src/Promise.php(203): GuzzleHttp\Middleware::GuzzleHttp\{closure}(Object(GuzzleHttp\Psr7\Response))
#2 /wordpress/wp-content/plugins/rest-cache/vendor/guzzlehttp/promises/src/Promise.php(156): GuzzleHttp\Promise\Promise::callHandler(1, Object(GuzzleHttp\Psr7\Response), Array)
#3 /wordpress/wp-content/plugins/rest-cache/vendor/guzzlehttp/promises/src/TaskQueue.php(47): GuzzleHttp\Promise\Promise::GuzzleHttp\Promise\{closure}()
#4 /wordpress/wp-content/plugins/rest-cache/vendor/guzzlehttp/promises/src/Promise.php(246): GuzzleHttp\Promise\TaskQueue->run(true)
#5 /wordpress/wp-content/plugins/rest-cache/vendor/guzzlehttp/promises/src/Promise.php(223): GuzzleHttp\Promise\Promise->invokeWaitFn()
#6 /wordpress/wp-content/plugins/rest-cache/vendor/guzzlehttp/promises/src/Promise.php(267): GuzzleHttp\Promise\Promise->waitIfPending()
#7 /wordpress/wp-content/plugins/rest-cache/vendor/guzzlehttp/promises/src/Promise.php(225): GuzzleHttp\Promise\Promise->invokeWaitList()
#8 /wordpress/wp-content/plugins/rest-cache/vendor/guzzlehttp/promises/src/Promise.php(62): GuzzleHttp\Promise\Promise->waitIfPending()
#9 /wordpress/wp-content/plugins/rest-cache/vendor/guzzlehttp/guzzle/src/Client.php(181): GuzzleHttp\Promise\Promise->wait()
#10 /wordpress/wp-content/plugins/rest-cache/includes/class.plugin.php(94): GuzzleHttp\Client->request('GET', 'http://127.0.0....', Array)
#11 /wordpress/wp-includes/class-wp-hook.php(324): PerryRylance\WordPress\RESTCache\Plugin->onActivate(false)
#12 /wordpress/wp-includes/class-wp-hook.php(348): WP_Hook->apply_filters('', Array)
#13 /wordpress/wp-includes/plugin.php(517): WP_Hook->do_action(Array)
#14 /wordpress/wp-admin/includes/plugin.php(703): do_action('activate_rest-c...', false)
#15 /internal/eval.php(20): activate_plugin('rest-cache/rest...')
#16 {main}
  thrown in /wordpress/wp-content/plugins/rest-cache/vendor/guzzlehttp/guzzle/src/Exception/RequestException.php on line 111
[21-Apr-2025 14:36:04 UTC] PHP Fatal error:  Uncaught GuzzleHttp\Exception\ClientException: Client error: `GET http://127.0.0.1:9404/wp-content/plugins/rest-cache/service/public/api/install` resulted in a `404 Not Found` response:
<!DOCTYPE html>
<html lang="en-US">
<head>
	<meta charset="UTF-8" />
	<meta name="viewport" content="width=device-width, (truncated...)
 in /wordpress/wp-content/plugins/rest-cache/vendor/guzzlehttp/guzzle/src/Exception/RequestException.php:111
Stack trace:
#0 /wordpress/wp-content/plugins/rest-cache/vendor/guzzlehttp/guzzle/src/Middleware.php(66): GuzzleHttp\Exception\RequestException::create(Object(GuzzleHttp\Psr7\Request), Object(GuzzleHttp\Psr7\Response))
#1 /wordpress/wp-content/plugins/rest-cache/vendor/guzzlehttp/promises/src/Promise.php(203): GuzzleHttp\Middleware::GuzzleHttp\{closure}(Object(GuzzleHttp\Psr7\Response))
#2 /wordpress/wp-content/plugins/rest-cache/vendor/guzzlehttp/promises/src/Promise.php(156): GuzzleHttp\Promise\Promise::callHandler(1, Object(GuzzleHttp\Psr7\Response), Array)
#3 /wordpress/wp-content/plugins/rest-cache/vendor/guzzlehttp/promises/src/TaskQueue.php(47): GuzzleHttp\Promise\Promise::GuzzleHttp\Promise\{closure}()
#4 /wordpress/wp-content/plugins/rest-cache/vendor/guzzlehttp/promises/src/Promise.php(246): GuzzleHttp\Promise\TaskQueue->run(true)
#5 /wordpress/wp-content/plugins/rest-cache/vendor/guzzlehttp/promises/src/Promise.php(223): GuzzleHttp\Promise\Promise->invokeWaitFn()
#6 /wordpress/wp-content/plugins/rest-cache/vendor/guzzlehttp/promises/src/Promise.php(267): GuzzleHttp\Promise\Promise->waitIfPending()
#7 /wordpress/wp-content/plugins/rest-cache/vendor/guzzlehttp/promises/src/Promise.php(225): GuzzleHttp\Promise\Promise->invokeWaitList()
#8 /wordpress/wp-content/plugins/rest-cache/vendor/guzzlehttp/promises/src/Promise.php(62): GuzzleHttp\Promise\Promise->waitIfPending()
#9 /wordpress/wp-content/plugins/rest-cache/vendor/guzzlehttp/guzzle/src/Client.php(181): GuzzleHttp\Promise\Promise->wait()
#10 /wordpress/wp-content/plugins/rest-cache/includes/class.plugin.php(94): GuzzleHttp\Client->request('GET', 'http://127.0.0....', Array)
#11 /wordpress/wp-includes/class-wp-hook.php(324): PerryRylance\WordPress\RESTCache\Plugin->onActivate(false)
#12 /wordpress/wp-includes/class-wp-hook.php(348): WP_Hook->apply_filters('', Array)
#13 /wordpress/wp-includes/plugin.php(517): WP_Hook->do_action(Array)
#14 /wordpress/wp-admin/includes/plugin.php(703): do_action('activate_rest-c...', false)
#15 /internal/eval.php(20): activate_plugin('rest-cache/rest...')
#16 {main}
  thrown in /wordpress/wp-content/plugins/rest-cache/vendor/guzzlehttp/guzzle/src/Exception/RequestException.php on line 111

    at Object.onBind (file:///home/runner/work/playground-tester/playground-tester/node_modules/@wp-playground/cli/index.js:237:15)
    at async V (file:///home/runner/work/playground-tester/playground-tester/node_modules/@wp-playground/cli/index.js:64:10)
    at async ja (file:///home/runner/work/playground-tester/playground-tester/node_modules/@wp-playground/cli/cli.js:8161:12) {
  [cause]: Error: Error when executing the blueprint step #1 ({"step":"installPlugin","pluginData":{"resource":"wordpress.org/plugins","slug":"rest-cache"},"options":{"activate":true}}) : PHP.run() failed with exit code 255 and the following output: 
      at Object.run (file:///home/runner/work/playground-tester/playground-tester/node_modules/@wp-playground/blueprints/index.js:12449:19)
      at async ms (file:///home/runner/work/playground-tester/playground-tester/node_modules/@wp-playground/blueprints/index.js:12552:3)
      ... 2 lines matching cause stack trace ...
      at async ja (file:///home/runner/work/playground-tester/playground-tester/node_modules/@wp-playground/cli/cli.js:8161:12) {
    [cause]: PHPExecutionFailureError: PHP.run() failed with exit code 255 and the following output: 
        at PHP.run (file:///home/runner/work/playground-tester/playground-tester/node_modules/@php-wasm/universal/index.js:987:19)
        at async wr (file:///home/runner/work/playground-tester/playground-tester/node_modules/@wp-playground/blueprints/index.js:33:39)
        at async Object.gt [as installPlugin] (file:///home/runner/work/playground-tester/playground-tester/node_modules/@wp-playground/blueprints/index.js:974:42)
        at async g (file:///home/runner/work/playground-tester/playground-tester/node_modules/@wp-playground/blueprints/index.js:12517:30)
        at async Object.run (file:///home/runner/work/playground-tester/playground-tester/node_modules/@wp-playground/blueprints/index.js:12446:23)
        at async ms (file:///home/runner/work/playground-tester/playground-tester/node_modules/@wp-playground/blueprints/index.js:12552:3)
        at async Object.onBind (file:///home/runner/work/playground-tester/playground-tester/node_modules/@wp-playground/cli/index.js:227:48)
        at async V (file:///home/runner/work/playground-tester/playground-tester/node_modules/@wp-playground/cli/index.js:64:10)
        at async ja (file:///home/runner/work/playground-tester/playground-tester/node_modules/@wp-playground/cli/cli.js:8161:12) {
      response: PHPResponse {
        httpStatusCode: 500,
        headers: {
          'x-powered-by': [ 'PHP/8.0.30-dev' ],
          'set-cookie': [
            'rest-cache-admin-key=5866e6c698da1b633b0a2462dc9e1d00382e1c59073bfeef5f722cbae8b1e339a5754e9889d8a3ae7df291afec6ac3aed8a197493c7ca3d84fdd9d663f87d997; expires=Tue, 22-Apr-2025 14:36:02 GMT; Max-Age=86400; path=/'
          ],
          'content-type': [ 'text/html; charset=UTF-8' ]
        },
        bytes: Uint8Array(0) [],
        exitCode: 255,
        errors: ''
      },
      source: 'request'
    }
  }
}

Node.js v23.11.0
