file:///home/runner/work/playground-tester/playground-tester/node_modules/@wp-playground/cli/index.js:237
        throw new Error(y, { cause: u });
              ^

Error: [07-May-2025 22:28:08 UTC] PHP Deprecated:  Method ReflectionParameter::getClass() is deprecated in /wordpress/wp-content/plugins/wp-criticalcss/vendor/level-2/dice/Dice.php on line 73
[07-May-2025 22:28:08 UTC] PHP Deprecated:  Required parameter $name follows optional parameter $item in /wordpress/wp-content/plugins/wp-criticalcss/lib/WP/CriticalCSS/Data/Manager.php on line 30
[07-May-2025 22:28:08 UTC] PHP Deprecated:  Method ReflectionParameter::getClass() is deprecated in /wordpress/wp-content/plugins/wp-criticalcss/vendor/level-2/dice/Dice.php on line 73
[07-May-2025 22:28:08 UTC] PHP Warning:  Undefined variable $version_0_7_1 in /wordpress/wp-content/plugins/wp-criticalcss/lib/WP/CriticalCSS/Installer.php on line 75
[07-May-2025 22:28:08 UTC] PHP Warning:  Undefined array key "web_check_interval" in /wordpress/wp-content/plugins/wp-criticalcss/lib/WP/CriticalCSS/Admin/UI.php on line 465
[07-May-2025 22:28:08 UTC] PHP Fatal error:  Uncaught ArgumentCountError: array_merge() does not accept unknown named parameters in /wordpress/wp-content/plugins/wp-criticalcss/lib/WP/CriticalCSS/Request.php:121
Stack trace:
#0 [internal function]: array_merge(category: Array, post_tag: Array, post_format: Array)
#1 /wordpress/wp-content/plugins/wp-criticalcss/lib/WP/CriticalCSS/Request.php(121): call_user_func_array('array_merge', Array)
#2 /wordpress/wp-includes/class-wp-hook.php(324): WP\CriticalCSS\Request->fix_rewrites(Array)
#3 /wordpress/wp-includes/plugin.php(205): WP_Hook->apply_filters(Array, Array)
#4 /wordpress/wp-includes/class-wp-rewrite.php(1476): apply_filters('rewrite_rules_a...', Array)
#5 /wordpress/wp-includes/class-wp-rewrite.php(1513): WP_Rewrite->rewrite_rules()
#6 /wordpress/wp-includes/class-wp-rewrite.php(1888): WP_Rewrite->refresh_rewrite_rules()
#7 /wordpress/wp-includes/rewrite.php(282): WP_Rewrite->flush_rules(true)
#8 /wordpress/wp-content/plugins/wp-criticalcss/lib/WP/CriticalCSS/Installer.php(118): flush_rewrite_rules()
#9 /wordpress/wp-content/plugins/wp-criticalcss/lib/WP/CriticalCSS.php(229): WP\CriticalCSS\Installer->activate()
#10 /wordpress/wp-content/plugins/wp-criticalcss/wp-criticalcss.php(51): WP\CriticalCSS->activate()
#11 /wordpress/wp-includes/class-wp-hook.php(324): wp_criticalcss_activate(false)
#12 /wordpress/wp-includes/class-wp-hook.php(348): WP_Hook->apply_filters('', Array)
#13 /wordpress/wp-includes/plugin.php(517): WP_Hook->do_action(Array)
#14 /wordpress/wp-admin/includes/plugin.php(703): do_action('activate_wp-cri...', false)
#15 /internal/eval.php(20): activate_plugin('wp-criticalcss/...')
#16 {main}
  thrown in /wordpress/wp-content/plugins/wp-criticalcss/lib/WP/CriticalCSS/Request.php on line 121
[07-May-2025 22:28:16 UTC] PHP Deprecated:  Method ReflectionParameter::getClass() is deprecated in /wordpress/wp-content/plugins/wp-criticalcss/vendor/level-2/dice/Dice.php on line 73
[07-May-2025 22:28:16 UTC] PHP Deprecated:  Required parameter $name follows optional parameter $item in /wordpress/wp-content/plugins/wp-criticalcss/lib/WP/CriticalCSS/Data/Manager.php on line 30
[07-May-2025 22:28:16 UTC] PHP Deprecated:  Method ReflectionParameter::getClass() is deprecated in /wordpress/wp-content/plugins/wp-criticalcss/vendor/level-2/dice/Dice.php on line 73
[07-May-2025 22:28:16 UTC] PHP Warning:  Undefined variable $version_0_7_1 in /wordpress/wp-content/plugins/wp-criticalcss/lib/WP/CriticalCSS/Installer.php on line 75
[07-May-2025 22:28:16 UTC] PHP Warning:  Undefined array key "web_check_interval" in /wordpress/wp-content/plugins/wp-criticalcss/lib/WP/CriticalCSS/Admin/UI.php on line 465
[07-May-2025 22:28:17 UTC] PHP Fatal error:  Uncaught ArgumentCountError: array_merge() does not accept unknown named parameters in /wordpress/wp-content/plugins/wp-criticalcss/lib/WP/CriticalCSS/Request.php:121
Stack trace:
#0 [internal function]: array_merge(category: Array, post_tag: Array, post_format: Array)
#1 /wordpress/wp-content/plugins/wp-criticalcss/lib/WP/CriticalCSS/Request.php(121): call_user_func_array('array_merge', Array)
#2 /wordpress/wp-includes/class-wp-hook.php(324): WP\CriticalCSS\Request->fix_rewrites(Array)
#3 /wordpress/wp-includes/plugin.php(205): WP_Hook->apply_filters(Array, Array)
#4 /wordpress/wp-includes/class-wp-rewrite.php(1476): apply_filters('rewrite_rules_a...', Array)
#5 /wordpress/wp-includes/class-wp-rewrite.php(1513): WP_Rewrite->rewrite_rules()
#6 /wordpress/wp-includes/class-wp-rewrite.php(1888): WP_Rewrite->refresh_rewrite_rules()
#7 /wordpress/wp-includes/rewrite.php(282): WP_Rewrite->flush_rules(true)
#8 /wordpress/wp-content/plugins/wp-criticalcss/lib/WP/CriticalCSS/Installer.php(118): flush_rewrite_rules()
#9 /wordpress/wp-content/plugins/wp-criticalcss/lib/WP/CriticalCSS.php(229): WP\CriticalCSS\Installer->activate()
#10 /wordpress/wp-content/plugins/wp-criticalcss/wp-criticalcss.php(51): WP\CriticalCSS->activate()
#11 /wordpress/wp-includes/class-wp-hook.php(324): wp_criticalcss_activate(false)
#12 /wordpress/wp-includes/class-wp-hook.php(348): WP_Hook->apply_filters('', Array)
#13 /wordpress/wp-includes/plugin.php(517): WP_Hook->do_action(Array)
#14 /wordpress/wp-admin/includes/plugin.php(703): do_action('activate_wp-cri...', false)
#15 /internal/eval.php(20): activate_plugin('wp-criticalcss/...')
#16 {main}
  thrown in /wordpress/wp-content/plugins/wp-criticalcss/lib/WP/CriticalCSS/Request.php on line 121
[07-May-2025 22:28:24 UTC] PHP Deprecated:  Method ReflectionParameter::getClass() is deprecated in /wordpress/wp-content/plugins/wp-criticalcss/vendor/level-2/dice/Dice.php on line 73
[07-May-2025 22:28:24 UTC] PHP Deprecated:  Required parameter $name follows optional parameter $item in /wordpress/wp-content/plugins/wp-criticalcss/lib/WP/CriticalCSS/Data/Manager.php on line 30
[07-May-2025 22:28:24 UTC] PHP Deprecated:  Method ReflectionParameter::getClass() is deprecated in /wordpress/wp-content/plugins/wp-criticalcss/vendor/level-2/dice/Dice.php on line 73
[07-May-2025 22:28:24 UTC] PHP Warning:  Undefined variable $version_0_7_1 in /wordpress/wp-content/plugins/wp-criticalcss/lib/WP/CriticalCSS/Installer.php on line 75
[07-May-2025 22:28:24 UTC] PHP Warning:  Undefined array key "web_check_interval" in /wordpress/wp-content/plugins/wp-criticalcss/lib/WP/CriticalCSS/Admin/UI.php on line 465
[07-May-2025 22:28:25 UTC] PHP Fatal error:  Uncaught ArgumentCountError: array_merge() does not accept unknown named parameters in /wordpress/wp-content/plugins/wp-criticalcss/lib/WP/CriticalCSS/Request.php:121
Stack trace:
#0 [internal function]: array_merge(category: Array, post_tag: Array, post_format: Array)
#1 /wordpress/wp-content/plugins/wp-criticalcss/lib/WP/CriticalCSS/Request.php(121): call_user_func_array('array_merge', Array)
#2 /wordpress/wp-includes/class-wp-hook.php(324): WP\CriticalCSS\Request->fix_rewrites(Array)
#3 /wordpress/wp-includes/plugin.php(205): WP_Hook->apply_filters(Array, Array)
#4 /wordpress/wp-includes/class-wp-rewrite.php(1476): apply_filters('rewrite_rules_a...', Array)
#5 /wordpress/wp-includes/class-wp-rewrite.php(1513): WP_Rewrite->rewrite_rules()
#6 /wordpress/wp-includes/class-wp-rewrite.php(1888): WP_Rewrite->refresh_rewrite_rules()
#7 /wordpress/wp-includes/rewrite.php(282): WP_Rewrite->flush_rules(true)
#8 /wordpress/wp-content/plugins/wp-criticalcss/lib/WP/CriticalCSS/Installer.php(118): flush_rewrite_rules()
#9 /wordpress/wp-content/plugins/wp-criticalcss/lib/WP/CriticalCSS.php(229): WP\CriticalCSS\Installer->activate()
#10 /wordpress/wp-content/plugins/wp-criticalcss/wp-criticalcss.php(51): WP\CriticalCSS->activate()
#11 /wordpress/wp-includes/class-wp-hook.php(324): wp_criticalcss_activate(false)
#12 /wordpress/wp-includes/class-wp-hook.php(348): WP_Hook->apply_filters('', Array)
#13 /wordpress/wp-includes/plugin.php(517): WP_Hook->do_action(Array)
#14 /wordpress/wp-admin/includes/plugin.php(703): do_action('activate_wp-cri...', false)
#15 /internal/eval.php(20): activate_plugin('wp-criticalcss/...')
#16 {main}
  thrown in /wordpress/wp-content/plugins/wp-criticalcss/lib/WP/CriticalCSS/Request.php on line 121
[07-May-2025 22:30:45 UTC] PHP Warning:  Trying to access array offset on value of type bool in /wordpress/wp-content/plugins/wpcalc-modal-form/includes/wpcalc-modal-form.php on line 80
[07-May-2025 22:30:45 UTC] PHP Warning:  Trying to access array offset on value of type bool in /wordpress/wp-content/plugins/wpcalc-modal-form/includes/wpcalc-modal-form.php on line 84
[07-May-2025 22:30:45 UTC] PHP Warning:  Trying to access array offset on value of type bool in /wordpress/wp-content/plugins/wpcalc-modal-form/includes/wpcalc-modal-form.php on line 89
[07-May-2025 22:30:46 UTC] PHP Warning:  Undefined array key "modal_open" in /wordpress/wp-content/plugins/wpcalc-modal-form/includes/wpcalc-modal-form.php on line 80
[07-May-2025 22:30:53 UTC] PHP Warning:  Trying to access array offset on value of type bool in /wordpress/wp-content/plugins/wpcalc-modal-form/includes/wpcalc-modal-form.php on line 80
[07-May-2025 22:30:53 UTC] PHP Warning:  Trying to access array offset on value of type bool in /wordpress/wp-content/plugins/wpcalc-modal-form/includes/wpcalc-modal-form.php on line 84
[07-May-2025 22:30:53 UTC] PHP Warning:  Trying to access array offset on value of type bool in /wordpress/wp-content/plugins/wpcalc-modal-form/includes/wpcalc-modal-form.php on line 89
[07-May-2025 22:30:54 UTC] PHP Warning:  Undefined array key "modal_open" in /wordpress/wp-content/plugins/wpcalc-modal-form/includes/wpcalc-modal-form.php on line 80
[07-May-2025 22:31:02 UTC] PHP Warning:  Trying to access array offset on value of type bool in /wordpress/wp-content/plugins/wpcalc-modal-form/includes/wpcalc-modal-form.php on line 80
[07-May-2025 22:31:02 UTC] PHP Warning:  Trying to access array offset on value of type bool in /wordpress/wp-content/plugins/wpcalc-modal-form/includes/wpcalc-modal-form.php on line 84
[07-May-2025 22:31:02 UTC] PHP Warning:  Trying to access array offset on value of type bool in /wordpress/wp-content/plugins/wpcalc-modal-form/includes/wpcalc-modal-form.php on line 89
[07-May-2025 22:31:03 UTC] PHP Warning:  Undefined array key "modal_open" in /wordpress/wp-content/plugins/wpcalc-modal-form/includes/wpcalc-modal-form.php on line 80
[07-May-2025 22:34:59 UTC] PHP Fatal error:  Uncaught Error: Call to undefined function create_function() in /wordpress/wp-content/plugins/wp-planification/WP-Planification-Widget.php:333
Stack trace:
#0 /wordpress/wp-content/plugins/wp-planification/WP-Planification-Activation-BDD.php(225): include()
#1 /wordpress/wp-admin/includes/plugin.php(2387): include_once('/wordpress/wp-c...')
#2 /wordpress/wp-admin/includes/plugin.php(673): plugin_sandbox_scrape('wp-planificatio...')
#3 /internal/eval.php(20): activate_plugin('wp-planificatio...')
#4 {main}
  thrown in /wordpress/wp-content/plugins/wp-planification/WP-Planification-Widget.php on line 333
[07-May-2025 22:35:07 UTC] PHP Fatal error:  Uncaught Error: Call to undefined function create_function() in /wordpress/wp-content/plugins/wp-planification/WP-Planification-Widget.php:333
Stack trace:
#0 /wordpress/wp-content/plugins/wp-planification/WP-Planification-Activation-BDD.php(225): include()
#1 /wordpress/wp-admin/includes/plugin.php(2387): include_once('/wordpress/wp-c...')
#2 /wordpress/wp-admin/includes/plugin.php(673): plugin_sandbox_scrape('wp-planificatio...')
#3 /internal/eval.php(20): activate_plugin('wp-planificatio...')
#4 {main}
  thrown in /wordpress/wp-content/plugins/wp-planification/WP-Planification-Widget.php on line 333
[07-May-2025 22:35:15 UTC] PHP Fatal error:  Uncaught Error: Call to undefined function create_function() in /wordpress/wp-content/plugins/wp-planification/WP-Planification-Widget.php:333
Stack trace:
#0 /wordpress/wp-content/plugins/wp-planification/WP-Planification-Activation-BDD.php(225): include()
#1 /wordpress/wp-admin/includes/plugin.php(2387): include_once('/wordpress/wp-c...')
#2 /wordpress/wp-admin/includes/plugin.php(673): plugin_sandbox_scrape('wp-planificatio...')
#3 /internal/eval.php(20): activate_plugin('wp-planificatio...')
#4 {main}
  thrown in /wordpress/wp-content/plugins/wp-planification/WP-Planification-Widget.php on line 333
[07-May-2025 22:35:50 UTC] PHP Warning:  Constant RWMB_URL already defined in /wordpress/wp-content/plugins/wp-repo-tracker/ext/meta-box/inc/loader.php on line 27
[07-May-2025 22:35:50 UTC] PHP Notice:  Function register_uninstall_hook was called <strong>incorrectly</strong>. Only a static class method or function can be used in an uninstall hook. Please see <a href="https://developer.wordpress.org/advanced-administration/debug/debug-wordpress/">Debugging in WordPress</a> for more information. (This message was added in version 3.1.0.) in /wordpress/wp-includes/functions.php on line 6121
[07-May-2025 22:35:50 UTC] PHP Warning:  Private methods cannot be final as they are never overridden by other classes in /wordpress/wp-content/plugins/wp-repo-tracker/ext/wprecord/WpRecord.php on line 75
[07-May-2025 22:35:50 UTC] PHP Warning:  Private methods cannot be final as they are never overridden by other classes in /wordpress/wp-content/plugins/wp-repo-tracker/ext/wprecord/WpRecord.php on line 336
[07-May-2025 22:35:50 UTC] PHP Warning:  Private methods cannot be final as they are never overridden by other classes in /wordpress/wp-content/plugins/wp-repo-tracker/ext/wprecord/WpRecord.php on line 350
[07-May-2025 22:35:50 UTC] PHP Warning:  Private methods cannot be final as they are never overridden by other classes in /wordpress/wp-content/plugins/wp-repo-tracker/ext/wprecord/WpRecord.php on line 409
[07-May-2025 22:35:51 UTC] PHP Warning:  Constant RWMB_URL already defined in /wordpress/wp-content/plugins/wp-repo-tracker/ext/meta-box/inc/loader.php on line 27
[07-May-2025 22:35:51 UTC] PHP Notice:  Function register_uninstall_hook was called <strong>incorrectly</strong>. Only a static class method or function can be used in an uninstall hook. Please see <a href="https://developer.wordpress.org/advanced-administration/debug/debug-wordpress/">Debugging in WordPress</a> for more information. (This message was added in version 3.1.0.) in /wordpress/wp-includes/functions.php on line 6121
[07-May-2025 22:36:00 UTC] PHP Warning:  Constant RWMB_URL already defined in /wordpress/wp-content/plugins/wp-repo-tracker/ext/meta-box/inc/loader.php on line 27
[07-May-2025 22:36:00 UTC] PHP Notice:  Function register_uninstall_hook was called <strong>incorrectly</strong>. Only a static class method or function can be used in an uninstall hook. Please see <a href="https://developer.wordpress.org/advanced-administration/debug/debug-wordpress/">Debugging in WordPress</a> for more information. (This message was added in version 3.1.0.) in /wordpress/wp-includes/functions.php on line 6121
[07-May-2025 22:36:00 UTC] PHP Warning:  Private methods cannot be final as they are never overridden by other classes in /wordpress/wp-content/plugins/wp-repo-tracker/ext/wprecord/WpRecord.php on line 75
[07-May-2025 22:36:00 UTC] PHP Warning:  Private methods cannot be final as they are never overridden by other classes in /wordpress/wp-content/plugins/wp-repo-tracker/ext/wprecord/WpRecord.php on line 336
[07-May-2025 22:36:00 UTC] PHP Warning:  Private methods cannot be final as they are never overridden by other classes in /wordpress/wp-content/plugins/wp-repo-tracker/ext/wprecord/WpRecord.php on line 350
[07-May-2025 22:36:00 UTC] PHP Warning:  Private methods cannot be final as they are never overridden by other classes in /wordpress/wp-content/plugins/wp-repo-tracker/ext/wprecord/WpRecord.php on line 409
[07-May-2025 22:36:00 UTC] WordPress database error <div style="clear:both">&nbsp;</div>
<div class="queries" style="clear:both;margin-bottom:2px;border:red dotted thin;">
<p>MySQL query:</p>
<p>ALTER TABLE `wp_repoissue` MODIFY id integer not null auto_increment</p>
<p>Queries made or created this session were:</p>
<ol>
<li>Executing: BEGIN | (no parameters)</li>
<li>Executing: ROLLBACK | (no parameters)</li>
</ol>
</div>
<div style="clear:both;margin-bottom:2px;border:red dotted thin;" class="error_message" style="border-bottom:dotted blue thin;">
Error occurred at line 4117 in Function <code>handle_error</code>. Error message was: Unknown operation: MODIFY.
</div>
<p>Backtrace:</p>
<pre>#0 /internal/shared/sqlite-database-integration/wp-includes/sqlite/class-wp-sqlite-db.php(287): WP_SQLite_Translator->get_error_message()
#1 /wordpress/wp-includes/class-wpdb.php(3146): WP_SQLite_DB->query('ALTER TABLE `wp...')
#2 /wordpress/wp-content/plugins/wp-repo-tracker/ext/wprecord/WpRecord.php(369): wpdb->get_results('ALTER TABLE `wp...', 'ARRAY_A')
#3 /wordpress/wp-content/plugins/wp-repo-tracker/ext/wprecord/WpRecord.php(131): WpRecord::query('ALTER TABLE `wp...')
#4 /wordpress/wp-content/plugins/wp-repo-tracker/src/plugin/RepoTrackerPlugin.php(36): WpRecord::install()
#5 /wordpress/wp-includes/class-wp-hook.php(324): repotracker\RepoTrackerPlugin->activate(false)
#6 /wordpress/wp-includes/class-wp-hook.php(348): WP_Hook->apply_filters('', Array)
#7 /wordpress/wp-includes/plugin.php(517): WP_Hook->do_action(Array)
#8 /wordpress/wp-admin/includes/plugin.php(703): do_action('activate_wp-rep...', false)
#9 /internal/eval.php(20): activate_plugin('wp-repo-tracker...')
#10 {main}</pre>
 for query ALTER TABLE `wp_repoissue` MODIFY id integer not null auto_increment made by activate_plugin, do_action('activate_wp-repo-tracker/wp-repo-tracker.php'), WP_Hook->do_action, WP_Hook->apply_filters, repotracker\RepoTrackerPlugin->activate, WpRecord::install, WpRecord::query, WP_SQLite_DB->query, WP_SQLite_DB->print_error
[07-May-2025 22:36:00 UTC] PHP Fatal error:  Uncaught Exception: <div style="clear:both">&nbsp;</div>
<div class="queries" style="clear:both;margin-bottom:2px;border:red dotted thin;">
<p>MySQL query:</p>
<p>ALTER TABLE `wp_repoissue` MODIFY id integer not null auto_increment</p>
<p>Queries made or created this session were:</p>
<ol>
<li>Executing: BEGIN | (no parameters)</li>
<li>Executing: ROLLBACK | (no parameters)</li>
</ol>
</div>
<div style="clear:both;margin-bottom:2px;border:red dotted thin;" class="error_message" style="border-bottom:dotted blue thin;">
Error occurred at line 4117 in Function <code>handle_error</code>. Error message was: Unknown operation: MODIFY.
</div>
<p>Backtrace:</p>
<pre>#0 /internal/shared/sqlite-database-integration/wp-includes/sqlite/class-wp-sqlite-db.php(287): WP_SQLite_Translator->get_error_message()
#1 /wordpress/wp-includes/class-wpdb.php(3146): WP_SQLite_DB->query('ALTER TABLE `wp...')
#2 /wordpress/wp-content/plugins/wp-repo-tracker/ext/wprecord/WpRecord.php(369): wpdb->get_results('ALTER TABLE `wp...', 'ARRAY_A')
#3 /wordpress/wp-content/plugins/wp-repo-tracker/ext/wprecord/WpRecord.php(131): WpRecord::query('ALTER TABLE `wp...')
#4 /wordpress/wp-content/plugins/wp-repo-tracker/src/plugin/RepoTrackerPlugin.php(36): WpRecord::install()
#5 /wordpress/wp-includes/class-wp-hook.php(324): repotracker\RepoTrackerPlugin->activate(false)
#6 /wordpress/wp-includes/class-wp-hook.php(348): WP_Hook->apply_filters('', Array)
#7 /wordpress/wp-includes/plugin.php(517): WP_Hook->do_action(Array)
#8 /wordpress/wp-admin/includes/plugin.php(703): do_action('activate_wp-rep...', false)
#9 /internal/eval.php(20): activate_plugin('wp-repo-tracker...')
#10 {main}</pre>
 in /wordpress/wp-content/plugins/wp-repo-tracker/ext/wprecord/WpRecord.php:371
Stack trace:
#0 /wordpress/wp-content/plugins/wp-repo-tracker/ext/wprecord/WpRecord.php(131): WpRecord::query('ALTER TABLE `wp...')
#1 /wordpress/wp-content/plugins/wp-repo-tracker/src/plugin/RepoTrackerPlugin.php(36): WpRecord::install()
#2 /wordpress/wp-includes/class-wp-hook.php(324): repotracker\RepoTrackerPlugin->activate(false)
#3 /wordpress/wp-includes/class-wp-hook.php(348): WP_Hook->apply_filters('', Array)
#4 /wordpress/wp-includes/plugin.php(517): WP_Hook->do_action(Array)
#5 /wordpress/wp-admin/includes/plugin.php(703): do_action('activate_wp-rep...', false)
#6 /internal/eval.php(20): activate_plugin('wp-repo-tracker...')
#7 {main}
  thrown in /wordpress/wp-content/plugins/wp-repo-tracker/ext/wprecord/WpRecord.php on line 371
[07-May-2025 22:36:09 UTC] PHP Warning:  Constant RWMB_URL already defined in /wordpress/wp-content/plugins/wp-repo-tracker/ext/meta-box/inc/loader.php on line 27
[07-May-2025 22:36:09 UTC] PHP Notice:  Function register_uninstall_hook was called <strong>incorrectly</strong>. Only a static class method or function can be used in an uninstall hook. Please see <a href="https://developer.wordpress.org/advanced-administration/debug/debug-wordpress/">Debugging in WordPress</a> for more information. (This message was added in version 3.1.0.) in /wordpress/wp-includes/functions.php on line 6121
[07-May-2025 22:36:09 UTC] PHP Warning:  Private methods cannot be final as they are never overridden by other classes in /wordpress/wp-content/plugins/wp-repo-tracker/ext/wprecord/WpRecord.php on line 75
[07-May-2025 22:36:09 UTC] PHP Warning:  Private methods cannot be final as they are never overridden by other classes in /wordpress/wp-content/plugins/wp-repo-tracker/ext/wprecord/WpRecord.php on line 336
[07-May-2025 22:36:09 UTC] PHP Warning:  Private methods cannot be final as they are never overridden by other classes in /wordpress/wp-content/plugins/wp-repo-tracker/ext/wprecord/WpRecord.php on line 350
[07-May-2025 22:36:09 UTC] PHP Warning:  Private methods cannot be final as they are never overridden by other classes in /wordpress/wp-content/plugins/wp-repo-tracker/ext/wprecord/WpRecord.php on line 409
[07-May-2025 22:36:09 UTC] WordPress database error <div style="clear:both">&nbsp;</div>
<div class="queries" style="clear:both;margin-bottom:2px;border:red dotted thin;">
<p>MySQL query:</p>
<p>ALTER TABLE `wp_repoissue` MODIFY id integer not null auto_increment</p>
<p>Queries made or created this session were:</p>
<ol>
<li>Executing: BEGIN | (no parameters)</li>
<li>Executing: ROLLBACK | (no parameters)</li>
</ol>
</div>
<div style="clear:both;margin-bottom:2px;border:red dotted thin;" class="error_message" style="border-bottom:dotted blue thin;">
Error occurred at line 4117 in Function <code>handle_error</code>. Error message was: Unknown operation: MODIFY.
</div>
<p>Backtrace:</p>
<pre>#0 /internal/shared/sqlite-database-integration/wp-includes/sqlite/class-wp-sqlite-db.php(287): WP_SQLite_Translator->get_error_message()
#1 /wordpress/wp-includes/class-wpdb.php(3146): WP_SQLite_DB->query('ALTER TABLE `wp...')
#2 /wordpress/wp-content/plugins/wp-repo-tracker/ext/wprecord/WpRecord.php(369): wpdb->get_results('ALTER TABLE `wp...', 'ARRAY_A')
#3 /wordpress/wp-content/plugins/wp-repo-tracker/ext/wprecord/WpRecord.php(131): WpRecord::query('ALTER TABLE `wp...')
#4 /wordpress/wp-content/plugins/wp-repo-tracker/src/plugin/RepoTrackerPlugin.php(36): WpRecord::install()
#5 /wordpress/wp-includes/class-wp-hook.php(324): repotracker\RepoTrackerPlugin->activate(false)
#6 /wordpress/wp-includes/class-wp-hook.php(348): WP_Hook->apply_filters('', Array)
#7 /wordpress/wp-includes/plugin.php(517): WP_Hook->do_action(Array)
#8 /wordpress/wp-admin/includes/plugin.php(703): do_action('activate_wp-rep...', false)
#9 /internal/eval.php(20): activate_plugin('wp-repo-tracker...')
#10 {main}</pre>
 for query ALTER TABLE `wp_repoissue` MODIFY id integer not null auto_increment made by activate_plugin, do_action('activate_wp-repo-tracker/wp-repo-tracker.php'), WP_Hook->do_action, WP_Hook->apply_filters, repotracker\RepoTrackerPlugin->activate, WpRecord::install, WpRecord::query, WP_SQLite_DB->query, WP_SQLite_DB->print_error
[07-May-2025 22:36:09 UTC] PHP Fatal error:  Uncaught Exception: <div style="clear:both">&nbsp;</div>
<div class="queries" style="clear:both;margin-bottom:2px;border:red dotted thin;">
<p>MySQL query:</p>
<p>ALTER TABLE `wp_repoissue` MODIFY id integer not null auto_increment</p>
<p>Queries made or created this session were:</p>
<ol>
<li>Executing: BEGIN | (no parameters)</li>
<li>Executing: ROLLBACK | (no parameters)</li>
</ol>
</div>
<div style="clear:both;margin-bottom:2px;border:red dotted thin;" class="error_message" style="border-bottom:dotted blue thin;">
Error occurred at line 4117 in Function <code>handle_error</code>. Error message was: Unknown operation: MODIFY.
</div>
<p>Backtrace:</p>
<pre>#0 /internal/shared/sqlite-database-integration/wp-includes/sqlite/class-wp-sqlite-db.php(287): WP_SQLite_Translator->get_error_message()
#1 /wordpress/wp-includes/class-wpdb.php(3146): WP_SQLite_DB->query('ALTER TABLE `wp...')
#2 /wordpress/wp-content/plugins/wp-repo-tracker/ext/wprecord/WpRecord.php(369): wpdb->get_results('ALTER TABLE `wp...', 'ARRAY_A')
#3 /wordpress/wp-content/plugins/wp-repo-tracker/ext/wprecord/WpRecord.php(131): WpRecord::query('ALTER TABLE `wp...')
#4 /wordpress/wp-content/plugins/wp-repo-tracker/src/plugin/RepoTrackerPlugin.php(36): WpRecord::install()
#5 /wordpress/wp-includes/class-wp-hook.php(324): repotracker\RepoTrackerPlugin->activate(false)
#6 /wordpress/wp-includes/class-wp-hook.php(348): WP_Hook->apply_filters('', Array)
#7 /wordpress/wp-includes/plugin.php(517): WP_Hook->do_action(Array)
#8 /wordpress/wp-admin/includes/plugin.php(703): do_action('activate_wp-rep...', false)
#9 /internal/eval.php(20): activate_plugin('wp-repo-tracker...')
#10 {main}</pre>
 in /wordpress/wp-content/plugins/wp-repo-tracker/ext/wprecord/WpRecord.php:371
Stack trace:
#0 /wordpress/wp-content/plugins/wp-repo-tracker/ext/wprecord/WpRecord.php(131): WpRecord::query('ALTER TABLE `wp...')
#1 /wordpress/wp-content/plugins/wp-repo-tracker/src/plugin/RepoTrackerPlugin.php(36): WpRecord::install()
#2 /wordpress/wp-includes/class-wp-hook.php(324): repotracker\RepoTrackerPlugin->activate(false)
#3 /wordpress/wp-includes/class-wp-hook.php(348): WP_Hook->apply_filters('', Array)
#4 /wordpress/wp-includes/plugin.php(517): WP_Hook->do_action(Array)
#5 /wordpress/wp-admin/includes/plugin.php(703): do_action('activate_wp-rep...', false)
#6 /internal/eval.php(20): activate_plugin('wp-repo-tracker...')
#7 {main}
  thrown in /wordpress/wp-content/plugins/wp-repo-tracker/ext/wprecord/WpRecord.php on line 371
[07-May-2025 22:36:18 UTC] PHP Warning:  The magic method WC_Payburner::__wakeup() must have public visibility in /wordpress/wp-content/plugins/wc-gateway-payburner/wc-gateway-payburner.php on line 63
[07-May-2025 22:36:19 UTC] PHP Warning:  The magic method WC_Payburner::__wakeup() must have public visibility in /wordpress/wp-content/plugins/wc-gateway-payburner/wc-gateway-payburner.php on line 63
[07-May-2025 22:36:19 UTC] PHP Fatal error:  Uncaught Error: Class "WC_Payment_Gateway" not found in /wordpress/wp-content/plugins/wc-gateway-payburner/includes/class-wc-gateway-payburner.php:9
Stack trace:
#0 /wordpress/wp-content/plugins/wc-gateway-payburner/wc-gateway-payburner.php(84): include_once()
#1 /wordpress/wp-includes/class-wp-hook.php(324): WC_Payburner->init_gateways('')
#2 /wordpress/wp-includes/class-wp-hook.php(348): WP_Hook->apply_filters(NULL, Array)
#3 /wordpress/wp-includes/plugin.php(517): WP_Hook->do_action(Array)
#4 /wordpress/wp-settings.php(578): do_action('plugins_loaded')
#5 /wordpress/wp-config.php(102): require_once('/wordpress/wp-s...')
#6 /wordpress/wp-load.php(50): require_once('/wordpress/wp-c...')
#7 /internal/eval.php(3): require_once('/wordpress/wp-l...')
#8 {main}
  thrown in /wordpress/wp-content/plugins/wc-gateway-payburner/includes/class-wc-gateway-payburner.php on line 9
[07-May-2025 22:36:28 UTC] PHP Warning:  The magic method WC_Payburner::__wakeup() must have public visibility in /wordpress/wp-content/plugins/wc-gateway-payburner/wc-gateway-payburner.php on line 63
[07-May-2025 22:36:29 UTC] PHP Warning:  The magic method WC_Payburner::__wakeup() must have public visibility in /wordpress/wp-content/plugins/wc-gateway-payburner/wc-gateway-payburner.php on line 63
[07-May-2025 22:36:29 UTC] PHP Fatal error:  Uncaught Error: Class "WC_Payment_Gateway" not found in /wordpress/wp-content/plugins/wc-gateway-payburner/includes/class-wc-gateway-payburner.php:9
Stack trace:
#0 /wordpress/wp-content/plugins/wc-gateway-payburner/wc-gateway-payburner.php(84): include_once()
#1 /wordpress/wp-includes/class-wp-hook.php(324): WC_Payburner->init_gateways('')
#2 /wordpress/wp-includes/class-wp-hook.php(348): WP_Hook->apply_filters(NULL, Array)
#3 /wordpress/wp-includes/plugin.php(517): WP_Hook->do_action(Array)
#4 /wordpress/wp-settings.php(578): do_action('plugins_loaded')
#5 /wordpress/wp-config.php(102): require_once('/wordpress/wp-s...')
#6 /wordpress/wp-load.php(50): require_once('/wordpress/wp-c...')
#7 /internal/eval.php(3): require_once('/wordpress/wp-l...')
#8 {main}
  thrown in /wordpress/wp-content/plugins/wc-gateway-payburner/includes/class-wc-gateway-payburner.php on line 9

    at Object.onBind (file:///home/runner/work/playground-tester/playground-tester/node_modules/@wp-playground/cli/index.js:237:15)
    at process.processTicksAndRejections (node:internal/process/task_queues:105:5)
    at async V (file:///home/runner/work/playground-tester/playground-tester/node_modules/@wp-playground/cli/index.js:64:10)
    at async ja (file:///home/runner/work/playground-tester/playground-tester/node_modules/@wp-playground/cli/cli.js:8161:12) {
  [cause]: Error: Error when executing the blueprint step #1 ({"step":"installPlugin","pluginData":{"resource":"wordpress.org/plugins","slug":"wc-gateway-payburner"},"options":{"activate":true}}) : PHP.run() failed with exit code 255 and the following output: 
      at Object.run (file:///home/runner/work/playground-tester/playground-tester/node_modules/@wp-playground/blueprints/index.js:12449:19)
      at process.processTicksAndRejections (node:internal/process/task_queues:105:5)
      at async ms (file:///home/runner/work/playground-tester/playground-tester/node_modules/@wp-playground/blueprints/index.js:12552:3)
      ... 2 lines matching cause stack trace ...
      at async ja (file:///home/runner/work/playground-tester/playground-tester/node_modules/@wp-playground/cli/cli.js:8161:12) {
    [cause]: PHPExecutionFailureError: PHP.run() failed with exit code 255 and the following output: 
        at PHP.run (file:///home/runner/work/playground-tester/playground-tester/node_modules/@php-wasm/universal/index.js:987:19)
        at process.processTicksAndRejections (node:internal/process/task_queues:105:5)
        at async wr (file:///home/runner/work/playground-tester/playground-tester/node_modules/@wp-playground/blueprints/index.js:73:13)
        at async Object.gt [as installPlugin] (file:///home/runner/work/playground-tester/playground-tester/node_modules/@wp-playground/blueprints/index.js:974:42)
        at async g (file:///home/runner/work/playground-tester/playground-tester/node_modules/@wp-playground/blueprints/index.js:12517:30)
        at async Object.run (file:///home/runner/work/playground-tester/playground-tester/node_modules/@wp-playground/blueprints/index.js:12446:23)
        at async ms (file:///home/runner/work/playground-tester/playground-tester/node_modules/@wp-playground/blueprints/index.js:12552:3)
        at async Object.onBind (file:///home/runner/work/playground-tester/playground-tester/node_modules/@wp-playground/cli/index.js:227:48)
        at async V (file:///home/runner/work/playground-tester/playground-tester/node_modules/@wp-playground/cli/index.js:64:10)
        at async ja (file:///home/runner/work/playground-tester/playground-tester/node_modules/@wp-playground/cli/cli.js:8161:12) {
      response: PHPResponse {
        httpStatusCode: 500,
        headers: {
          'x-powered-by': [ 'PHP/8.0.30-dev' ],
          'content-type': [ 'text/html; charset=UTF-8' ],
          expires: [ 'Wed, 11 Jan 1984 05:00:00 GMT' ],
          'cache-control': [ 'no-cache, must-revalidate, max-age=0, no-store, private' ]
        },
        bytes: Uint8Array(2653) [
           60,  33,  68,  79,  67,  84,  89,  80,  69,  32, 104, 116,
          109, 108,  62,  10,  60, 104, 116, 109, 108,  32, 108,  97,
          110, 103,  61,  34, 101, 110,  45,  85,  83,  34,  62,  10,
           60, 104, 101,  97, 100,  62,  10,   9,  60, 109, 101, 116,
           97,  32, 104, 116, 116, 112,  45, 101, 113, 117, 105, 118,
           61,  34,  67, 111, 110, 116, 101, 110, 116,  45,  84, 121,
          112, 101,  34,  32,  99, 111, 110, 116, 101, 110, 116,  61,
           34, 116, 101, 120, 116,  47, 104, 116, 109, 108,  59,  32,
           99, 104,  97, 114,
          ... 2553 more items
        ],
        exitCode: 255,
        errors: ''
      },
      source: 'request'
    }
  }
}

Node.js v23.11.0
