[
{"message":"file:///home/runner/work/playground-tester/playground-tester/node_modules/@wp-playground/cli/index.js:237\n        throw new Error(y, { cause: u });\n              ^\n","level":"FATAL","type":"PLAYGROUND","test":"ast-sqlite-boot","plugin":"simpleanalytics","details":"file:///home/runner/work/playground-tester/playground-tester/node_modules/@wp-playground/cli/index.js:237\n        throw new Error(y, { cause: u });\n              ^\n","log":"/tmp/tmp.2LE1JryVWD"}
,
{"message":"mysqli::__construct(): (HY000/2002): Address family not supported by protocol in /wordpress/wp-content/plugins/storekeeper-for-woocommerce/src/StoreKeeper/WooCommerce/B2C/Database/DatabaseConnection.php on line 50","level":"WARNING","type":"PHP","test":"ast-sqlite-boot","plugin":"simpleanalytics","details":"[08-May-2025 16:38:30 UTC] PHP Warning:  mysqli::__construct(): (HY000/2002): Address family not supported by protocol in /wordpress/wp-content/plugins/storekeeper-for-woocommerce/src/StoreKeeper/WooCommerce/B2C/Database/DatabaseConnection.php on line 50","log":"/logs/plugins/s/simpleanalytics/error.json"}
,
{"message":"mysqli::query(): Couldn't fetch mysqli in /wordpress/wp-content/plugins/storekeeper-for-woocommerce/src/StoreKeeper/WooCommerce/B2C/Database/DatabaseConnection.php on line 70","level":"WARNING","type":"PHP","test":"ast-sqlite-boot","plugin":"simpleanalytics","details":"[08-May-2025 16:38:30 UTC] PHP Warning:  mysqli::query(): Couldn't fetch mysqli in /wordpress/wp-content/plugins/storekeeper-for-woocommerce/src/StoreKeeper/WooCommerce/B2C/Database/DatabaseConnection.php on line 70","log":"/logs/plugins/s/simpleanalytics/error.json"}
,
{"message":"StoreKeeper\\WooCommerce\\B2C\\Database\\DatabaseConnection::querySql(): Couldn't fetch mysqli in /wordpress/wp-content/plugins/storekeeper-for-woocommerce/src/StoreKeeper/WooCommerce/B2C/Database/DatabaseConnection.php on line 72","level":"WARNING","type":"PHP","test":"ast-sqlite-boot","plugin":"simpleanalytics","details":"[08-May-2025 16:38:30 UTC] PHP Warning:  StoreKeeper\\WooCommerce\\B2C\\Database\\DatabaseConnection::querySql(): Couldn't fetch mysqli in /wordpress/wp-content/plugins/storekeeper-for-woocommerce/src/StoreKeeper/WooCommerce/B2C/Database/DatabaseConnection.php on line 72","log":"/logs/plugins/s/simpleanalytics/error.json"}
,
{"message":"Uncaught StoreKeeper\\WooCommerce\\B2C\\Exceptions\\SqlException: Sql query error: \"\". in /wordpress/wp-content/plugins/storekeeper-for-woocommerce/src/StoreKeeper/WooCommerce/B2C/Database/DatabaseConnection.php:72","level":"FATAL","type":"PHP","test":"ast-sqlite-boot","plugin":"simpleanalytics","details":"[08-May-2025 16:38:30 UTC] PHP Fatal error:  Uncaught StoreKeeper\\WooCommerce\\B2C\\Exceptions\\SqlException: Sql query error: \"\". in /wordpress/wp-content/plugins/storekeeper-for-woocommerce/src/StoreKeeper/WooCommerce/B2C/Database/DatabaseConnection.php:72\nStack trace:\n#0 /wordpress/wp-content/plugins/storekeeper-for-woocommerce/src/StoreKeeper/WooCommerce/B2C/Migrations/MigrationManager.php(92): StoreKeeper\\WooCommerce\\B2C\\Database\\DatabaseConnection->querySql('    CREATE TABL...')\n#1 /wordpress/wp-content/plugins/storekeeper-for-woocommerce/src/StoreKeeper/WooCommerce/B2C/Migrations/MigrationManager.php(28): StoreKeeper\\WooCommerce\\B2C\\Migrations\\MigrationManager->ensureMigrationTable()\n#2 /wordpress/wp-content/plugins/storekeeper-for-woocommerce/src/StoreKeeper/WooCommerce/B2C/Activator.php(13): StoreKeeper\\WooCommerce\\B2C\\Migrations\\MigrationManager->migrateAll()\n#3 /wordpress/wp-content/plugins/storekeeper-for-woocommerce/storekeeper-woocommerce-b2c.php(80): StoreKeeper\\WooCommerce\\B2C\\Activator->run()\n#4 /wordpress/wp-includes/class-wp-hook.php(324 in /wordpress/wp-content/plugins/storekeeper-for-woocommerce/src/StoreKeeper/WooCommerce/B2C/Database/DatabaseConnection.php on line 72","log":"/logs/plugins/s/simpleanalytics/error.json"}
,
{"message":"mysqli::__construct(): (HY000/2002): Address family not supported by protocol in /wordpress/wp-content/plugins/storekeeper-for-woocommerce/src/StoreKeeper/WooCommerce/B2C/Database/DatabaseConnection.php on line 50","level":"WARNING","type":"PHP","test":"ast-sqlite-boot","plugin":"simpleanalytics","details":"[08-May-2025 16:38:40 UTC] PHP Warning:  mysqli::__construct(): (HY000/2002): Address family not supported by protocol in /wordpress/wp-content/plugins/storekeeper-for-woocommerce/src/StoreKeeper/WooCommerce/B2C/Database/DatabaseConnection.php on line 50","log":"/logs/plugins/s/simpleanalytics/error.json"}
,
{"message":"mysqli::query(): Couldn't fetch mysqli in /wordpress/wp-content/plugins/storekeeper-for-woocommerce/src/StoreKeeper/WooCommerce/B2C/Database/DatabaseConnection.php on line 70","level":"WARNING","type":"PHP","test":"ast-sqlite-boot","plugin":"simpleanalytics","details":"[08-May-2025 16:38:40 UTC] PHP Warning:  mysqli::query(): Couldn't fetch mysqli in /wordpress/wp-content/plugins/storekeeper-for-woocommerce/src/StoreKeeper/WooCommerce/B2C/Database/DatabaseConnection.php on line 70","log":"/logs/plugins/s/simpleanalytics/error.json"}
,
{"message":"StoreKeeper\\WooCommerce\\B2C\\Database\\DatabaseConnection::querySql(): Couldn't fetch mysqli in /wordpress/wp-content/plugins/storekeeper-for-woocommerce/src/StoreKeeper/WooCommerce/B2C/Database/DatabaseConnection.php on line 72","level":"WARNING","type":"PHP","test":"ast-sqlite-boot","plugin":"simpleanalytics","details":"[08-May-2025 16:38:40 UTC] PHP Warning:  StoreKeeper\\WooCommerce\\B2C\\Database\\DatabaseConnection::querySql(): Couldn't fetch mysqli in /wordpress/wp-content/plugins/storekeeper-for-woocommerce/src/StoreKeeper/WooCommerce/B2C/Database/DatabaseConnection.php on line 72","log":"/logs/plugins/s/simpleanalytics/error.json"}
,
{"message":"Uncaught StoreKeeper\\WooCommerce\\B2C\\Exceptions\\SqlException: Sql query error: \"\". in /wordpress/wp-content/plugins/storekeeper-for-woocommerce/src/StoreKeeper/WooCommerce/B2C/Database/DatabaseConnection.php:72","level":"FATAL","type":"PHP","test":"ast-sqlite-boot","plugin":"simpleanalytics","details":"[08-May-2025 16:38:40 UTC] PHP Fatal error:  Uncaught StoreKeeper\\WooCommerce\\B2C\\Exceptions\\SqlException: Sql query error: \"\". in /wordpress/wp-content/plugins/storekeeper-for-woocommerce/src/StoreKeeper/WooCommerce/B2C/Database/DatabaseConnection.php:72\nStack trace:\n#0 /wordpress/wp-content/plugins/storekeeper-for-woocommerce/src/StoreKeeper/WooCommerce/B2C/Migrations/MigrationManager.php(92): StoreKeeper\\WooCommerce\\B2C\\Database\\DatabaseConnection->querySql('    CREATE TABL...')\n#1 /wordpress/wp-content/plugins/storekeeper-for-woocommerce/src/StoreKeeper/WooCommerce/B2C/Migrations/MigrationManager.php(28): StoreKeeper\\WooCommerce\\B2C\\Migrations\\MigrationManager->ensureMigrationTable()\n#2 /wordpress/wp-content/plugins/storekeeper-for-woocommerce/src/StoreKeeper/WooCommerce/B2C/Activator.php(13): StoreKeeper\\WooCommerce\\B2C\\Migrations\\MigrationManager->migrateAll()\n#3 /wordpress/wp-content/plugins/storekeeper-for-woocommerce/storekeeper-woocommerce-b2c.php(80): StoreKeeper\\WooCommerce\\B2C\\Activator->run()\n#4 /wordpress/wp-includes/class-wp-hook.php(324 in /wordpress/wp-content/plugins/storekeeper-for-woocommerce/src/StoreKeeper/WooCommerce/B2C/Database/DatabaseConnection.php on line 72","log":"/logs/plugins/s/simpleanalytics/error.json"}
,
{"message":"mysqli::__construct(): (HY000/2002): Address family not supported by protocol in /wordpress/wp-content/plugins/storekeeper-for-woocommerce/src/StoreKeeper/WooCommerce/B2C/Database/DatabaseConnection.php on line 50","level":"WARNING","type":"PHP","test":"ast-sqlite-boot","plugin":"simpleanalytics","details":"[08-May-2025 16:38:51 UTC] PHP Warning:  mysqli::__construct(): (HY000/2002): Address family not supported by protocol in /wordpress/wp-content/plugins/storekeeper-for-woocommerce/src/StoreKeeper/WooCommerce/B2C/Database/DatabaseConnection.php on line 50","log":"/logs/plugins/s/simpleanalytics/error.json"}
,
{"message":"mysqli::query(): Couldn't fetch mysqli in /wordpress/wp-content/plugins/storekeeper-for-woocommerce/src/StoreKeeper/WooCommerce/B2C/Database/DatabaseConnection.php on line 70","level":"WARNING","type":"PHP","test":"ast-sqlite-boot","plugin":"simpleanalytics","details":"[08-May-2025 16:38:51 UTC] PHP Warning:  mysqli::query(): Couldn't fetch mysqli in /wordpress/wp-content/plugins/storekeeper-for-woocommerce/src/StoreKeeper/WooCommerce/B2C/Database/DatabaseConnection.php on line 70","log":"/logs/plugins/s/simpleanalytics/error.json"}
,
{"message":"StoreKeeper\\WooCommerce\\B2C\\Database\\DatabaseConnection::querySql(): Couldn't fetch mysqli in /wordpress/wp-content/plugins/storekeeper-for-woocommerce/src/StoreKeeper/WooCommerce/B2C/Database/DatabaseConnection.php on line 72","level":"WARNING","type":"PHP","test":"ast-sqlite-boot","plugin":"simpleanalytics","details":"[08-May-2025 16:38:51 UTC] PHP Warning:  StoreKeeper\\WooCommerce\\B2C\\Database\\DatabaseConnection::querySql(): Couldn't fetch mysqli in /wordpress/wp-content/plugins/storekeeper-for-woocommerce/src/StoreKeeper/WooCommerce/B2C/Database/DatabaseConnection.php on line 72","log":"/logs/plugins/s/simpleanalytics/error.json"}
,
{"message":"Uncaught StoreKeeper\\WooCommerce\\B2C\\Exceptions\\SqlException: Sql query error: \"\". in /wordpress/wp-content/plugins/storekeeper-for-woocommerce/src/StoreKeeper/WooCommerce/B2C/Database/DatabaseConnection.php:72","level":"FATAL","type":"PHP","test":"ast-sqlite-boot","plugin":"simpleanalytics","details":"[08-May-2025 16:38:51 UTC] PHP Fatal error:  Uncaught StoreKeeper\\WooCommerce\\B2C\\Exceptions\\SqlException: Sql query error: \"\". in /wordpress/wp-content/plugins/storekeeper-for-woocommerce/src/StoreKeeper/WooCommerce/B2C/Database/DatabaseConnection.php:72\nStack trace:\n#0 /wordpress/wp-content/plugins/storekeeper-for-woocommerce/src/StoreKeeper/WooCommerce/B2C/Migrations/MigrationManager.php(92): StoreKeeper\\WooCommerce\\B2C\\Database\\DatabaseConnection->querySql('    CREATE TABL...')\n#1 /wordpress/wp-content/plugins/storekeeper-for-woocommerce/src/StoreKeeper/WooCommerce/B2C/Migrations/MigrationManager.php(28): StoreKeeper\\WooCommerce\\B2C\\Migrations\\MigrationManager->ensureMigrationTable()\n#2 /wordpress/wp-content/plugins/storekeeper-for-woocommerce/src/StoreKeeper/WooCommerce/B2C/Activator.php(13): StoreKeeper\\WooCommerce\\B2C\\Migrations\\MigrationManager->migrateAll()\n#3 /wordpress/wp-content/plugins/storekeeper-for-woocommerce/storekeeper-woocommerce-b2c.php(80): StoreKeeper\\WooCommerce\\B2C\\Activator->run()\n#4 /wordpress/wp-includes/class-wp-hook.php(324 in /wordpress/wp-content/plugins/storekeeper-for-woocommerce/src/StoreKeeper/WooCommerce/B2C/Database/DatabaseConnection.php on line 72","log":"/logs/plugins/s/simpleanalytics/error.json"}
,
{"message":"Function _load_textdomain_just_in_time was called <strong>incorrectly</strong>. Translation loading for the <code>shinystat-analytics</code> domain was triggered too early. This is usually an indicator for some code in the plugin or theme running too early. Translations should be loaded at the <code>init</code> action or later. Please see <a href=\"https://developer.wordpress.org/advanced-administration/debug/debug-wordpress/\">Debugging in WordPress</a> for more information. (This message was added in version 6.7.0.) in /wordpress/wp-includes/functions.php on line 6121","level":"NOTICE","type":"PHP","test":"ast-sqlite-boot","plugin":"simpleanalytics","details":"[08-May-2025 16:40:21 UTC] PHP Notice:  Function _load_textdomain_just_in_time was called <strong>incorrectly</strong>. Translation loading for the <code>shinystat-analytics</code> domain was triggered too early. This is usually an indicator for some code in the plugin or theme running too early. Translations should be loaded at the <code>init</code> action or later. Please see <a href=\"https://developer.wordpress.org/advanced-administration/debug/debug-wordpress/\">Debugging in WordPress</a> for more information. (This message was added in version 6.7.0.) in /wordpress/wp-includes/functions.php on line 6121","log":"/logs/plugins/s/simpleanalytics/error.json"}
,
{"message":"Function _load_textdomain_just_in_time was called <strong>incorrectly</strong>. Translation loading for the <code>shinystat-analytics</code> domain was triggered too early. This is usually an indicator for some code in the plugin or theme running too early. Translations should be loaded at the <code>init</code> action or later. Please see <a href=\"https://developer.wordpress.org/advanced-administration/debug/debug-wordpress/\">Debugging in WordPress</a> for more information. (This message was added in version 6.7.0.) in /wordpress/wp-includes/functions.php on line 6121","level":"NOTICE","type":"PHP","test":"ast-sqlite-boot","plugin":"simpleanalytics","details":"[08-May-2025 16:40:32 UTC] PHP Notice:  Function _load_textdomain_just_in_time was called <strong>incorrectly</strong>. Translation loading for the <code>shinystat-analytics</code> domain was triggered too early. This is usually an indicator for some code in the plugin or theme running too early. Translations should be loaded at the <code>init</code> action or later. Please see <a href=\"https://developer.wordpress.org/advanced-administration/debug/debug-wordpress/\">Debugging in WordPress</a> for more information. (This message was added in version 6.7.0.) in /wordpress/wp-includes/functions.php on line 6121","log":"/logs/plugins/s/simpleanalytics/error.json"}
,
{"message":"Function _load_textdomain_just_in_time was called <strong>incorrectly</strong>. Translation loading for the <code>shinystat-analytics</code> domain was triggered too early. This is usually an indicator for some code in the plugin or theme running too early. Translations should be loaded at the <code>init</code> action or later. Please see <a href=\"https://developer.wordpress.org/advanced-administration/debug/debug-wordpress/\">Debugging in WordPress</a> for more information. (This message was added in version 6.7.0.) in /wordpress/wp-includes/functions.php on line 6121","level":"NOTICE","type":"PHP","test":"ast-sqlite-boot","plugin":"simpleanalytics","details":"[08-May-2025 16:40:40 UTC] PHP Notice:  Function _load_textdomain_just_in_time was called <strong>incorrectly</strong>. Translation loading for the <code>shinystat-analytics</code> domain was triggered too early. This is usually an indicator for some code in the plugin or theme running too early. Translations should be loaded at the <code>init</code> action or later. Please see <a href=\"https://developer.wordpress.org/advanced-administration/debug/debug-wordpress/\">Debugging in WordPress</a> for more information. (This message was added in version 6.7.0.) in /wordpress/wp-includes/functions.php on line 6121","log":"/logs/plugins/s/simpleanalytics/error.json"}
,
{"message":"Uncaught Error: Undefined constant \"SC_PLUGIN_FILE\" in /wordpress/wp-content/plugins/sugar-events-calendar-ninja-forms-add-on/sugar-calendar-ninja-forms.php:19","level":"FATAL","type":"PHP","test":"ast-sqlite-boot","plugin":"simpleanalytics","details":"[08-May-2025 16:42:06 UTC] PHP Fatal error:  Uncaught Error: Undefined constant \"SC_PLUGIN_FILE\" in /wordpress/wp-content/plugins/sugar-events-calendar-ninja-forms-add-on/sugar-calendar-ninja-forms.php:19\nStack trace:\n#0 /wordpress/wp-includes/class-wp-hook.php(324): sofa_scnf_load_plugin_textdomain('')\n#1 /wordpress/wp-includes/class-wp-hook.php(348): WP_Hook->apply_filters(NULL, Array)\n#2 /wordpress/wp-includes/plugin.php(517): WP_Hook->do_action(Array)\n#3 /wordpress/wp-settings.php(727): do_action('init')\n#4 /wordpress/wp-config.php(102): require_once('/wordpress/wp-s...')\n#5 /wordpress/wp-load.php(50): require_once('/wordpress/wp-c...')\n#6 /internal/eval.php(3): require_once('/wordpress/wp-l...')\n#7 {main}\n  thrown in /wordpress/wp-content/plugins/sugar-events-calendar-ninja-forms-add-on/sugar-calendar-ninja-forms.php on line 19","log":"/logs/plugins/s/simpleanalytics/error.json"}
,
{"message":"Uncaught Error: Undefined constant \"SC_PLUGIN_FILE\" in /wordpress/wp-content/plugins/sugar-events-calendar-ninja-forms-add-on/sugar-calendar-ninja-forms.php:19","level":"FATAL","type":"PHP","test":"ast-sqlite-boot","plugin":"simpleanalytics","details":"[08-May-2025 16:42:15 UTC] PHP Fatal error:  Uncaught Error: Undefined constant \"SC_PLUGIN_FILE\" in /wordpress/wp-content/plugins/sugar-events-calendar-ninja-forms-add-on/sugar-calendar-ninja-forms.php:19\nStack trace:\n#0 /wordpress/wp-includes/class-wp-hook.php(324): sofa_scnf_load_plugin_textdomain('')\n#1 /wordpress/wp-includes/class-wp-hook.php(348): WP_Hook->apply_filters(NULL, Array)\n#2 /wordpress/wp-includes/plugin.php(517): WP_Hook->do_action(Array)\n#3 /wordpress/wp-settings.php(727): do_action('init')\n#4 /wordpress/wp-config.php(102): require_once('/wordpress/wp-s...')\n#5 /wordpress/wp-load.php(50): require_once('/wordpress/wp-c...')\n#6 /internal/eval.php(3): require_once('/wordpress/wp-l...')\n#7 {main}\n  thrown in /wordpress/wp-content/plugins/sugar-events-calendar-ninja-forms-add-on/sugar-calendar-ninja-forms.php on line 19","log":"/logs/plugins/s/simpleanalytics/error.json"}
,
{"message":"Uncaught Error: Undefined constant \"SC_PLUGIN_FILE\" in /wordpress/wp-content/plugins/sugar-events-calendar-ninja-forms-add-on/sugar-calendar-ninja-forms.php:19","level":"FATAL","type":"PHP","test":"ast-sqlite-boot","plugin":"simpleanalytics","details":"[08-May-2025 16:42:24 UTC] PHP Fatal error:  Uncaught Error: Undefined constant \"SC_PLUGIN_FILE\" in /wordpress/wp-content/plugins/sugar-events-calendar-ninja-forms-add-on/sugar-calendar-ninja-forms.php:19\nStack trace:\n#0 /wordpress/wp-includes/class-wp-hook.php(324): sofa_scnf_load_plugin_textdomain('')\n#1 /wordpress/wp-includes/class-wp-hook.php(348): WP_Hook->apply_filters(NULL, Array)\n#2 /wordpress/wp-includes/plugin.php(517): WP_Hook->do_action(Array)\n#3 /wordpress/wp-settings.php(727): do_action('init')\n#4 /wordpress/wp-config.php(102): require_once('/wordpress/wp-s...')\n#5 /wordpress/wp-load.php(50): require_once('/wordpress/wp-c...')\n#6 /internal/eval.php(3): require_once('/wordpress/wp-l...')\n#7 {main}\n  thrown in /wordpress/wp-content/plugins/sugar-events-calendar-ninja-forms-add-on/sugar-calendar-ninja-forms.php on line 19","log":"/logs/plugins/s/simpleanalytics/error.json"}
,
{"message":"Required parameter $slug follows optional parameter $level in /wordpress/wp-content/plugins/sidebar-support/admin/sidebar-builder-class.php on line 1034","level":"DEPRECATED","type":"PHP","test":"ast-sqlite-boot","plugin":"simpleanalytics","details":"[08-May-2025 16:42:34 UTC] PHP Deprecated:  Required parameter $slug follows optional parameter $level in /wordpress/wp-content/plugins/sidebar-support/admin/sidebar-builder-class.php on line 1034","log":"/logs/plugins/s/simpleanalytics/error.json"}
,
{"message":"Required parameter $sortable_list follows optional parameter $level in /wordpress/wp-content/plugins/sidebar-support/includes/display-list/display-list-class.php on line 134","level":"DEPRECATED","type":"PHP","test":"ast-sqlite-boot","plugin":"simpleanalytics","details":"[08-May-2025 16:42:34 UTC] PHP Deprecated:  Required parameter $sortable_list follows optional parameter $level in /wordpress/wp-content/plugins/sidebar-support/includes/display-list/display-list-class.php on line 134","log":"/logs/plugins/s/simpleanalytics/error.json"}
,
{"message":"Required parameter $sortable_ul_classes follows optional parameter $sortable_list in /wordpress/wp-content/plugins/sidebar-support/includes/display-list/display-list-class.php on line 171","level":"DEPRECATED","type":"PHP","test":"ast-sqlite-boot","plugin":"simpleanalytics","details":"[08-May-2025 16:42:34 UTC] PHP Deprecated:  Required parameter $sortable_ul_classes follows optional parameter $sortable_list in /wordpress/wp-content/plugins/sidebar-support/includes/display-list/display-list-class.php on line 171","log":"/logs/plugins/s/simpleanalytics/error.json"}
,
{"message":"Required parameter $token_url follows optional parameter $client_id in /wordpress/wp-content/plugins/sidebar-support/includes/feeds/oauth2.php on line 31","level":"DEPRECATED","type":"PHP","test":"ast-sqlite-boot","plugin":"simpleanalytics","details":"[08-May-2025 16:42:34 UTC] PHP Deprecated:  Required parameter $token_url follows optional parameter $client_id in /wordpress/wp-content/plugins/sidebar-support/includes/feeds/oauth2.php on line 31","log":"/logs/plugins/s/simpleanalytics/error.json"}
,
{"message":"Required parameter $slug follows optional parameter $level in /wordpress/wp-content/plugins/sidebar-support/admin/sidebar-builder-class.php on line 1034","level":"DEPRECATED","type":"PHP","test":"ast-sqlite-boot","plugin":"simpleanalytics","details":"[08-May-2025 16:42:35 UTC] PHP Deprecated:  Required parameter $slug follows optional parameter $level in /wordpress/wp-content/plugins/sidebar-support/admin/sidebar-builder-class.php on line 1034","log":"/logs/plugins/s/simpleanalytics/error.json"}
,
{"message":"Required parameter $sortable_list follows optional parameter $level in /wordpress/wp-content/plugins/sidebar-support/includes/display-list/display-list-class.php on line 134","level":"DEPRECATED","type":"PHP","test":"ast-sqlite-boot","plugin":"simpleanalytics","details":"[08-May-2025 16:42:35 UTC] PHP Deprecated:  Required parameter $sortable_list follows optional parameter $level in /wordpress/wp-content/plugins/sidebar-support/includes/display-list/display-list-class.php on line 134","log":"/logs/plugins/s/simpleanalytics/error.json"}
,
{"message":"Required parameter $sortable_ul_classes follows optional parameter $sortable_list in /wordpress/wp-content/plugins/sidebar-support/includes/display-list/display-list-class.php on line 171","level":"DEPRECATED","type":"PHP","test":"ast-sqlite-boot","plugin":"simpleanalytics","details":"[08-May-2025 16:42:35 UTC] PHP Deprecated:  Required parameter $sortable_ul_classes follows optional parameter $sortable_list in /wordpress/wp-content/plugins/sidebar-support/includes/display-list/display-list-class.php on line 171","log":"/logs/plugins/s/simpleanalytics/error.json"}
,
{"message":"Required parameter $token_url follows optional parameter $client_id in /wordpress/wp-content/plugins/sidebar-support/includes/feeds/oauth2.php on line 31","level":"DEPRECATED","type":"PHP","test":"ast-sqlite-boot","plugin":"simpleanalytics","details":"[08-May-2025 16:42:35 UTC] PHP Deprecated:  Required parameter $token_url follows optional parameter $client_id in /wordpress/wp-content/plugins/sidebar-support/includes/feeds/oauth2.php on line 31","log":"/logs/plugins/s/simpleanalytics/error.json"}
,
{"message":"Required parameter $slug follows optional parameter $level in /wordpress/wp-content/plugins/sidebar-support/admin/sidebar-builder-class.php on line 1034","level":"DEPRECATED","type":"PHP","test":"ast-sqlite-boot","plugin":"simpleanalytics","details":"[08-May-2025 16:42:44 UTC] PHP Deprecated:  Required parameter $slug follows optional parameter $level in /wordpress/wp-content/plugins/sidebar-support/admin/sidebar-builder-class.php on line 1034","log":"/logs/plugins/s/simpleanalytics/error.json"}
,
{"message":"Required parameter $sortable_list follows optional parameter $level in /wordpress/wp-content/plugins/sidebar-support/includes/display-list/display-list-class.php on line 134","level":"DEPRECATED","type":"PHP","test":"ast-sqlite-boot","plugin":"simpleanalytics","details":"[08-May-2025 16:42:44 UTC] PHP Deprecated:  Required parameter $sortable_list follows optional parameter $level in /wordpress/wp-content/plugins/sidebar-support/includes/display-list/display-list-class.php on line 134","log":"/logs/plugins/s/simpleanalytics/error.json"}
,
{"message":"Required parameter $sortable_ul_classes follows optional parameter $sortable_list in /wordpress/wp-content/plugins/sidebar-support/includes/display-list/display-list-class.php on line 171","level":"DEPRECATED","type":"PHP","test":"ast-sqlite-boot","plugin":"simpleanalytics","details":"[08-May-2025 16:42:44 UTC] PHP Deprecated:  Required parameter $sortable_ul_classes follows optional parameter $sortable_list in /wordpress/wp-content/plugins/sidebar-support/includes/display-list/display-list-class.php on line 171","log":"/logs/plugins/s/simpleanalytics/error.json"}
,
{"message":"Required parameter $token_url follows optional parameter $client_id in /wordpress/wp-content/plugins/sidebar-support/includes/feeds/oauth2.php on line 31","level":"DEPRECATED","type":"PHP","test":"ast-sqlite-boot","plugin":"simpleanalytics","details":"[08-May-2025 16:42:44 UTC] PHP Deprecated:  Required parameter $token_url follows optional parameter $client_id in /wordpress/wp-content/plugins/sidebar-support/includes/feeds/oauth2.php on line 31","log":"/logs/plugins/s/simpleanalytics/error.json"}
,
{"message":"Required parameter $slug follows optional parameter $level in /wordpress/wp-content/plugins/sidebar-support/admin/sidebar-builder-class.php on line 1034","level":"DEPRECATED","type":"PHP","test":"ast-sqlite-boot","plugin":"simpleanalytics","details":"[08-May-2025 16:42:45 UTC] PHP Deprecated:  Required parameter $slug follows optional parameter $level in /wordpress/wp-content/plugins/sidebar-support/admin/sidebar-builder-class.php on line 1034","log":"/logs/plugins/s/simpleanalytics/error.json"}
,
{"message":"Required parameter $sortable_list follows optional parameter $level in /wordpress/wp-content/plugins/sidebar-support/includes/display-list/display-list-class.php on line 134","level":"DEPRECATED","type":"PHP","test":"ast-sqlite-boot","plugin":"simpleanalytics","details":"[08-May-2025 16:42:45 UTC] PHP Deprecated:  Required parameter $sortable_list follows optional parameter $level in /wordpress/wp-content/plugins/sidebar-support/includes/display-list/display-list-class.php on line 134","log":"/logs/plugins/s/simpleanalytics/error.json"}
,
{"message":"Required parameter $sortable_ul_classes follows optional parameter $sortable_list in /wordpress/wp-content/plugins/sidebar-support/includes/display-list/display-list-class.php on line 171","level":"DEPRECATED","type":"PHP","test":"ast-sqlite-boot","plugin":"simpleanalytics","details":"[08-May-2025 16:42:45 UTC] PHP Deprecated:  Required parameter $sortable_ul_classes follows optional parameter $sortable_list in /wordpress/wp-content/plugins/sidebar-support/includes/display-list/display-list-class.php on line 171","log":"/logs/plugins/s/simpleanalytics/error.json"}
,
{"message":"Required parameter $token_url follows optional parameter $client_id in /wordpress/wp-content/plugins/sidebar-support/includes/feeds/oauth2.php on line 31","level":"DEPRECATED","type":"PHP","test":"ast-sqlite-boot","plugin":"simpleanalytics","details":"[08-May-2025 16:42:45 UTC] PHP Deprecated:  Required parameter $token_url follows optional parameter $client_id in /wordpress/wp-content/plugins/sidebar-support/includes/feeds/oauth2.php on line 31","log":"/logs/plugins/s/simpleanalytics/error.json"}
,
{"message":"Required parameter $slug follows optional parameter $level in /wordpress/wp-content/plugins/sidebar-support/admin/sidebar-builder-class.php on line 1034","level":"DEPRECATED","type":"PHP","test":"ast-sqlite-boot","plugin":"simpleanalytics","details":"[08-May-2025 16:42:53 UTC] PHP Deprecated:  Required parameter $slug follows optional parameter $level in /wordpress/wp-content/plugins/sidebar-support/admin/sidebar-builder-class.php on line 1034","log":"/logs/plugins/s/simpleanalytics/error.json"}
,
{"message":"Required parameter $sortable_list follows optional parameter $level in /wordpress/wp-content/plugins/sidebar-support/includes/display-list/display-list-class.php on line 134","level":"DEPRECATED","type":"PHP","test":"ast-sqlite-boot","plugin":"simpleanalytics","details":"[08-May-2025 16:42:53 UTC] PHP Deprecated:  Required parameter $sortable_list follows optional parameter $level in /wordpress/wp-content/plugins/sidebar-support/includes/display-list/display-list-class.php on line 134","log":"/logs/plugins/s/simpleanalytics/error.json"}
,
{"message":"Required parameter $sortable_ul_classes follows optional parameter $sortable_list in /wordpress/wp-content/plugins/sidebar-support/includes/display-list/display-list-class.php on line 171","level":"DEPRECATED","type":"PHP","test":"ast-sqlite-boot","plugin":"simpleanalytics","details":"[08-May-2025 16:42:53 UTC] PHP Deprecated:  Required parameter $sortable_ul_classes follows optional parameter $sortable_list in /wordpress/wp-content/plugins/sidebar-support/includes/display-list/display-list-class.php on line 171","log":"/logs/plugins/s/simpleanalytics/error.json"}
,
{"message":"Required parameter $token_url follows optional parameter $client_id in /wordpress/wp-content/plugins/sidebar-support/includes/feeds/oauth2.php on line 31","level":"DEPRECATED","type":"PHP","test":"ast-sqlite-boot","plugin":"simpleanalytics","details":"[08-May-2025 16:42:53 UTC] PHP Deprecated:  Required parameter $token_url follows optional parameter $client_id in /wordpress/wp-content/plugins/sidebar-support/includes/feeds/oauth2.php on line 31","log":"/logs/plugins/s/simpleanalytics/error.json"}
,
{"message":"Required parameter $slug follows optional parameter $level in /wordpress/wp-content/plugins/sidebar-support/admin/sidebar-builder-class.php on line 1034","level":"DEPRECATED","type":"PHP","test":"ast-sqlite-boot","plugin":"simpleanalytics","details":"[08-May-2025 16:42:54 UTC] PHP Deprecated:  Required parameter $slug follows optional parameter $level in /wordpress/wp-content/plugins/sidebar-support/admin/sidebar-builder-class.php on line 1034","log":"/logs/plugins/s/simpleanalytics/error.json"}
,
{"message":"Required parameter $sortable_list follows optional parameter $level in /wordpress/wp-content/plugins/sidebar-support/includes/display-list/display-list-class.php on line 134","level":"DEPRECATED","type":"PHP","test":"ast-sqlite-boot","plugin":"simpleanalytics","details":"[08-May-2025 16:42:54 UTC] PHP Deprecated:  Required parameter $sortable_list follows optional parameter $level in /wordpress/wp-content/plugins/sidebar-support/includes/display-list/display-list-class.php on line 134","log":"/logs/plugins/s/simpleanalytics/error.json"}
,
{"message":"Required parameter $sortable_ul_classes follows optional parameter $sortable_list in /wordpress/wp-content/plugins/sidebar-support/includes/display-list/display-list-class.php on line 171","level":"DEPRECATED","type":"PHP","test":"ast-sqlite-boot","plugin":"simpleanalytics","details":"[08-May-2025 16:42:54 UTC] PHP Deprecated:  Required parameter $sortable_ul_classes follows optional parameter $sortable_list in /wordpress/wp-content/plugins/sidebar-support/includes/display-list/display-list-class.php on line 171","log":"/logs/plugins/s/simpleanalytics/error.json"}
,
{"message":"Required parameter $token_url follows optional parameter $client_id in /wordpress/wp-content/plugins/sidebar-support/includes/feeds/oauth2.php on line 31","level":"DEPRECATED","type":"PHP","test":"ast-sqlite-boot","plugin":"simpleanalytics","details":"[08-May-2025 16:42:54 UTC] PHP Deprecated:  Required parameter $token_url follows optional parameter $client_id in /wordpress/wp-content/plugins/sidebar-support/includes/feeds/oauth2.php on line 31","log":"/logs/plugins/s/simpleanalytics/error.json"}
,
{"message":"Uncaught Error: Call to undefined function create_function() in /wordpress/wp-content/plugins/simple-popular-content/popular.php:146","level":"FATAL","type":"PHP","test":"ast-sqlite-boot","plugin":"simpleanalytics","details":"[08-May-2025 16:44:29 UTC] PHP Fatal error:  Uncaught Error: Call to undefined function create_function() in /wordpress/wp-content/plugins/simple-popular-content/popular.php:146\nStack trace:\n#0 /wordpress/wp-admin/includes/plugin.php(2387): include_once()\n#1 /wordpress/wp-admin/includes/plugin.php(673): plugin_sandbox_scrape('simple-popular-...')\n#2 /internal/eval.php(20): activate_plugin('simple-popular-...')\n#3 {main}\n  thrown in /wordpress/wp-content/plugins/simple-popular-content/popular.php on line 146","log":"/logs/plugins/s/simpleanalytics/error.json"}
,
{"message":"Uncaught Error: Call to undefined function create_function() in /wordpress/wp-content/plugins/simple-popular-content/popular.php:146","level":"FATAL","type":"PHP","test":"ast-sqlite-boot","plugin":"simpleanalytics","details":"[08-May-2025 16:44:37 UTC] PHP Fatal error:  Uncaught Error: Call to undefined function create_function() in /wordpress/wp-content/plugins/simple-popular-content/popular.php:146\nStack trace:\n#0 /wordpress/wp-admin/includes/plugin.php(2387): include_once()\n#1 /wordpress/wp-admin/includes/plugin.php(673): plugin_sandbox_scrape('simple-popular-...')\n#2 /internal/eval.php(20): activate_plugin('simple-popular-...')\n#3 {main}\n  thrown in /wordpress/wp-content/plugins/simple-popular-content/popular.php on line 146","log":"/logs/plugins/s/simpleanalytics/error.json"}
,
{"message":"Uncaught Error: Call to undefined function create_function() in /wordpress/wp-content/plugins/simple-popular-content/popular.php:146","level":"FATAL","type":"PHP","test":"ast-sqlite-boot","plugin":"simpleanalytics","details":"[08-May-2025 16:44:44 UTC] PHP Fatal error:  Uncaught Error: Call to undefined function create_function() in /wordpress/wp-content/plugins/simple-popular-content/popular.php:146\nStack trace:\n#0 /wordpress/wp-admin/includes/plugin.php(2387): include_once()\n#1 /wordpress/wp-admin/includes/plugin.php(673): plugin_sandbox_scrape('simple-popular-...')\n#2 /internal/eval.php(20): activate_plugin('simple-popular-...')\n#3 {main}\n  thrown in /wordpress/wp-content/plugins/simple-popular-content/popular.php on line 146","log":"/logs/plugins/s/simpleanalytics/error.json"}
,
{"message":"Undefined index: REMOTE_ADDR in /wordpress/wp-content/plugins/simpleanalytics/src/TrackingPolicy.php on line 9","level":"NOTICE","type":"PHP","test":"ast-sqlite-boot","plugin":"simpleanalytics","details":"[08-May-2025 16:45:23 UTC] PHP Notice:  Undefined index: REMOTE_ADDR in /wordpress/wp-content/plugins/simpleanalytics/src/TrackingPolicy.php on line 9","log":"/logs/plugins/s/simpleanalytics/error.json"}
,
{"message":"Uncaught TypeError: Argument 1 passed to SimpleAnalytics\\TrackingPolicy::clientIpExcluded() must be of the type string, null given, called in /wordpress/wp-content/plugins/simpleanalytics/src/TrackingPolicy.php on line 9 and defined in /wordpress/wp-content/plugins/simpleanalytics/src/TrackingPolicy.php:20","level":"FATAL","type":"PHP","test":"ast-sqlite-boot","plugin":"simpleanalytics","details":"[08-May-2025 16:45:23 UTC] PHP Fatal error:  Uncaught TypeError: Argument 1 passed to SimpleAnalytics\\TrackingPolicy::clientIpExcluded() must be of the type string, null given, called in /wordpress/wp-content/plugins/simpleanalytics/src/TrackingPolicy.php on line 9 and defined in /wordpress/wp-content/plugins/simpleanalytics/src/TrackingPolicy.php:20\nStack trace:\n#0 /wordpress/wp-content/plugins/simpleanalytics/src/TrackingPolicy.php(9): SimpleAnalytics\\TrackingPolicy->clientIpExcluded(NULL)\n#1 /wordpress/wp-content/plugins/simpleanalytics/src/Plugin.php(37): SimpleAnalytics\\TrackingPolicy->shouldCollectAnalytics()\n#2 /wordpress/wp-includes/class-wp-hook.php(324): SimpleAnalytics\\Plugin->onInit('')\n#3 /wordpress/wp-includes/class-wp-hook.php(348): WP_Hook->apply_filters(NULL, Array)\n#4 /wordpress/wp-includes/plugin.php(517): WP_Hook->do_action(Array)\n#5 /wordpress/wp-settings.php(727): do_action('init')\n#6 /wordpress/wp-config.php(102): require_once('/wordpress/wp-s...')\n#7 /wordpress/wp-load.php(50): require_once('/wordpress/wp-c...')\n#8 /internal/eval in /wordpress/wp-content/plugins/simpleanalytics/src/TrackingPolicy.php on line 20\n\n    at Object.onBind (file:///home/runner/work/playground-tester/playground-tester/node_modules/@wp-playground/cli/index.js:237:15)\n    at process.processTicksAndRejections (node:internal/process/task_queues:105:5)\n    at async V (file:///home/runner/work/playground-tester/playground-tester/node_modules/@wp-playground/cli/index.js:64:10)\n    at async ja (file:///home/runner/work/playground-tester/playground-tester/node_modules/@wp-playground/cli/cli.js:8161:12) {\n  [cause]: Error: Error when executing the blueprint step #5 ({\"step\":\"installPlugin\",\"pluginData\":{\"resource\":\"wordpress.org/plugins\",\"slug\":\"simpleanalytics\"},\"options\":{\"activate\":true}}) : PHP.run() failed with exit code 255 and the following output: \n      at Object.run (file:///home/runner/work/playground-tester/playground-tester/node_modules/@wp-playground/blueprints/index.js:12449:19)\n      at process.processTicksAndRejections (node:internal/process/task_queues:105:5)\n      at async ms (file:///home/runner/work/playground-tester/playground-tester/node_modules/@wp-playground/blueprints/index.js:12552:3)\n      ... 2 lines matching cause stack trace ...\n      at async ja (file:///home/runner/work/playground-tester/playground-tester/node_modules/@wp-playground/cli/cli.js:8161:12) {\n    [cause]: PHPExecutionFailureError: PHP.run() failed with exit code 255 and the following output: \n        at PHP.run (file:///home/runner/work/playground-tester/playground-tester/node_modules/@php-wasm/universal/index.js:987:19)\n        at process.processTicksAndRejections (node:internal/process/task_queues:105:5)\n        at async wr (file:///home/runner/work/playground-tester/playground-tester/node_modules/@wp-playground/blueprints/index.js:73:13)\n        at async Object.gt [as installPlugin] (file:///home/runner/work/playground-tester/playground-tester/node_modules/@wp-playground/blueprints/index.js:974:42)\n        at async g (file:///home/runner/work/playground-tester/playground-tester/node_modules/@wp-playground/blueprints/index.js:12517:30)\n        at async Object.run (file:///home/runner/work/playground-tester/playground-tester/node_modules/@wp-playground/blueprints/index.js:12446:23)\n        at async ms (file:///home/runner/work/playground-tester/playground-tester/node_modules/@wp-playground/blueprints/index.js:12552:3)\n        at async Object.onBind (file:///home/runner/work/playground-tester/playground-tester/node_modules/@wp-playground/cli/index.js:227:48)\n        at async V (file:///home/runner/work/playground-tester/playground-tester/node_modules/@wp-playground/cli/index.js:64:10)\n        at async ja (file:///home/runner/work/playground-tester/playground-tester/node_modules/@wp-playground/cli/cli.js:8161:12) {\n      response: PHPResponse {\n        httpStatusCode: 500,\n        headers: {\n          'x-powered-by': [ 'PHP/7.2.34-dev' ],\n          'content-type': [ 'text/html; charset=UTF-8' ],\n          expires: [ 'Wed, 11 Jan 1984 05:00:00 GMT' ],\n          'cache-control': [ 'no-cache, must-revalidate, max-age=0, no-store, private' ]\n        },\n        bytes: Uint8Array(2653) [\n           60,  33,  68,  79,  67,  84,  89,  80,  69,  32, 104, 116,\n          109, 108,  62,  10,  60, 104, 116, 109, 108,  32, 108,  97,\n          110, 103,  61,  34, 101, 110,  45,  85,  83,  34,  62,  10,\n           60, 104, 101,  97, 100,  62,  10,   9,  60, 109, 101, 116,\n           97,  32, 104, 116, 116, 112,  45, 101, 113, 117, 105, 118,\n           61,  34,  67, 111, 110, 116, 101, 110, 116,  45,  84, 121,\n          112, 101,  34,  32,  99, 111, 110, 116, 101, 110, 116,  61,\n           34, 116, 101, 120, 116,  47, 104, 116, 109, 108,  59,  32,\n           99, 104,  97, 114,\n          ... 2553 more items\n        ],\n        exitCode: 255,\n        errors: ''\n      },\n      source: 'request'\n    }\n  }\n}\n\n","log":"/logs/plugins/s/simpleanalytics/error.json"}
]
