file:///home/runner/work/playground-tester/playground-tester/node_modules/@wp-playground/cli/index.js:237
        throw new Error(y, { cause: u });
              ^

Error: [18-Apr-2025 15:49:21 UTC] PHP Fatal error:  Uncaught Error: Call to undefined function register_api_field() in /wordpress/wp-content/plugins/wp-rest-api-add-taxnomies/wp-rest-api-add-taxnomies.php:40
Stack trace:
#0 /wordpress/wp-includes/class-wp-hook.php(324): WP_REST_API_Add_Taxnomies->wp_rest_api_add_taxonomies('')
#1 /wordpress/wp-includes/class-wp-hook.php(348): WP_Hook->apply_filters(NULL, Array)
#2 /wordpress/wp-includes/plugin.php(517): WP_Hook->do_action(Array)
#3 /wordpress/wp-settings.php(727): do_action('init')
#4 /wordpress/wp-config.php(102): require_once('/wordpress/wp-s...')
#5 /wordpress/wp-load.php(50): require_once('/wordpress/wp-c...')
#6 /internal/eval.php(3): require_once('/wordpress/wp-l...')
#7 {main}
  thrown in /wordpress/wp-content/plugins/wp-rest-api-add-taxnomies/wp-rest-api-add-taxnomies.php on line 40
[18-Apr-2025 15:49:29 UTC] PHP Fatal error:  Uncaught Error: Call to undefined function register_api_field() in /wordpress/wp-content/plugins/wp-rest-api-add-taxnomies/wp-rest-api-add-taxnomies.php:40
Stack trace:
#0 /wordpress/wp-includes/class-wp-hook.php(324): WP_REST_API_Add_Taxnomies->wp_rest_api_add_taxonomies('')
#1 /wordpress/wp-includes/class-wp-hook.php(348): WP_Hook->apply_filters(NULL, Array)
#2 /wordpress/wp-includes/plugin.php(517): WP_Hook->do_action(Array)
#3 /wordpress/wp-settings.php(727): do_action('init')
#4 /wordpress/wp-config.php(102): require_once('/wordpress/wp-s...')
#5 /wordpress/wp-load.php(50): require_once('/wordpress/wp-c...')
#6 /internal/eval.php(3): require_once('/wordpress/wp-l...')
#7 {main}
  thrown in /wordpress/wp-content/plugins/wp-rest-api-add-taxnomies/wp-rest-api-add-taxnomies.php on line 40
[18-Apr-2025 15:49:38 UTC] PHP Fatal error:  Uncaught Error: Call to undefined function register_api_field() in /wordpress/wp-content/plugins/wp-rest-api-add-taxnomies/wp-rest-api-add-taxnomies.php:40
Stack trace:
#0 /wordpress/wp-includes/class-wp-hook.php(324): WP_REST_API_Add_Taxnomies->wp_rest_api_add_taxonomies('')
#1 /wordpress/wp-includes/class-wp-hook.php(348): WP_Hook->apply_filters(NULL, Array)
#2 /wordpress/wp-includes/plugin.php(517): WP_Hook->do_action(Array)
#3 /wordpress/wp-settings.php(727): do_action('init')
#4 /wordpress/wp-config.php(102): require_once('/wordpress/wp-s...')
#5 /wordpress/wp-load.php(50): require_once('/wordpress/wp-c...')
#6 /internal/eval.php(3): require_once('/wordpress/wp-l...')
#7 {main}
  thrown in /wordpress/wp-content/plugins/wp-rest-api-add-taxnomies/wp-rest-api-add-taxnomies.php on line 40
[18-Apr-2025 15:50:12 UTC] PHP Fatal error:  Uncaught Error: Undefined constant "WPSocialShare" in /wordpress/wp-content/plugins/wp-social-share/wp-social-share.php:19
Stack trace:
#0 /wordpress/wp-admin/includes/plugin.php(2387): include_once()
#1 /wordpress/wp-admin/includes/plugin.php(673): plugin_sandbox_scrape('wp-social-share...')
#2 /internal/eval.php(20): activate_plugin('wp-social-share...')
#3 {main}
  thrown in /wordpress/wp-content/plugins/wp-social-share/wp-social-share.php on line 19
[18-Apr-2025 15:50:20 UTC] PHP Fatal error:  Uncaught Error: Undefined constant "WPSocialShare" in /wordpress/wp-content/plugins/wp-social-share/wp-social-share.php:19
Stack trace:
#0 /wordpress/wp-admin/includes/plugin.php(2387): include_once()
#1 /wordpress/wp-admin/includes/plugin.php(673): plugin_sandbox_scrape('wp-social-share...')
#2 /internal/eval.php(20): activate_plugin('wp-social-share...')
#3 {main}
  thrown in /wordpress/wp-content/plugins/wp-social-share/wp-social-share.php on line 19
[18-Apr-2025 15:50:28 UTC] PHP Fatal error:  Uncaught Error: Undefined constant "WPSocialShare" in /wordpress/wp-content/plugins/wp-social-share/wp-social-share.php:19
Stack trace:
#0 /wordpress/wp-admin/includes/plugin.php(2387): include_once()
#1 /wordpress/wp-admin/includes/plugin.php(673): plugin_sandbox_scrape('wp-social-share...')
#2 /internal/eval.php(20): activate_plugin('wp-social-share...')
#3 {main}
  thrown in /wordpress/wp-content/plugins/wp-social-share/wp-social-share.php on line 19
[18-Apr-2025 15:53:50 UTC] PHP Fatal error:  Uncaught Exception: Please active first WooCommerce plugin. in /wordpress/wp-content/plugins/woocommerce-gift-coupon/woocommerce-gift-coupon.php:35
Stack trace:
#0 /wordpress/wp-includes/class-wp-hook.php(324): woocommerce_gift_coupon_activation(false)
#1 /wordpress/wp-includes/class-wp-hook.php(348): WP_Hook->apply_filters('', Array)
#2 /wordpress/wp-includes/plugin.php(517): WP_Hook->do_action(Array)
#3 /wordpress/wp-admin/includes/plugin.php(703): do_action('activate_woocom...', false)
#4 /internal/eval.php(20): activate_plugin('woocommerce-gif...')
#5 {main}
  thrown in /wordpress/wp-content/plugins/woocommerce-gift-coupon/woocommerce-gift-coupon.php on line 35
[18-Apr-2025 15:53:59 UTC] PHP Fatal error:  Uncaught Exception: Please active first WooCommerce plugin. in /wordpress/wp-content/plugins/woocommerce-gift-coupon/woocommerce-gift-coupon.php:35
Stack trace:
#0 /wordpress/wp-includes/class-wp-hook.php(324): woocommerce_gift_coupon_activation(false)
#1 /wordpress/wp-includes/class-wp-hook.php(348): WP_Hook->apply_filters('', Array)
#2 /wordpress/wp-includes/plugin.php(517): WP_Hook->do_action(Array)
#3 /wordpress/wp-admin/includes/plugin.php(703): do_action('activate_woocom...', false)
#4 /internal/eval.php(20): activate_plugin('woocommerce-gif...')
#5 {main}
  thrown in /wordpress/wp-content/plugins/woocommerce-gift-coupon/woocommerce-gift-coupon.php on line 35
[18-Apr-2025 15:54:09 UTC] PHP Fatal error:  Uncaught Exception: Please active first WooCommerce plugin. in /wordpress/wp-content/plugins/woocommerce-gift-coupon/woocommerce-gift-coupon.php:35
Stack trace:
#0 /wordpress/wp-includes/class-wp-hook.php(324): woocommerce_gift_coupon_activation(false)
#1 /wordpress/wp-includes/class-wp-hook.php(348): WP_Hook->apply_filters('', Array)
#2 /wordpress/wp-includes/plugin.php(517): WP_Hook->do_action(Array)
#3 /wordpress/wp-admin/includes/plugin.php(703): do_action('activate_woocom...', false)
#4 /internal/eval.php(20): activate_plugin('woocommerce-gif...')
#5 {main}
  thrown in /wordpress/wp-content/plugins/woocommerce-gift-coupon/woocommerce-gift-coupon.php on line 35
[18-Apr-2025 15:54:48 UTC] PHP Notice:  Function wp_enqueue_script was called <strong>incorrectly</strong>. Scripts and styles should not be registered or enqueued until the <code>wp_enqueue_scripts</code>, <code>admin_enqueue_scripts</code>, or <code>login_enqueue_scripts</code> hooks. This notice was triggered by the <code>jquery</code> handle. Please see <a href="https://developer.wordpress.org/advanced-administration/debug/debug-wordpress/">Debugging in WordPress</a> for more information. (This message was added in version 3.3.0.) in /wordpress/wp-includes/functions.php on line 6121
[18-Apr-2025 15:54:48 UTC] PHP Fatal error:  Uncaught ArgumentCountError: Too few arguments to function WP_Widget::__construct(), 0 passed in /wordpress/wp-includes/class-wp-widget-factory.php on line 62 and at least 2 expected in /wordpress/wp-includes/class-wp-widget.php:163
Stack trace:
#0 /wordpress/wp-includes/class-wp-widget-factory.php(62): WP_Widget->__construct()
#1 /wordpress/wp-includes/widgets.php(123): WP_Widget_Factory->register('WordPress_Downl...')
#2 /wordpress/wp-content/plugins/wordpress-download-counter/wordpress-download-counter.php(54): register_widget('WordPress_Downl...')
#3 /wordpress/wp-includes/class-wp-hook.php(324): WordPress_Download_Counter->register_widget('')
#4 /wordpress/wp-includes/class-wp-hook.php(348): WP_Hook->apply_filters(NULL, Array)
#5 /wordpress/wp-includes/plugin.php(517): WP_Hook->do_action(Array)
#6 /wordpress/wp-includes/widgets.php(1870): do_action('widgets_init')
#7 /wordpress/wp-includes/class-wp-hook.php(324): wp_widgets_init('')
#8 /wordpress/wp-includes/class-wp-hook.php(348): WP_Hook->apply_filters(NULL, Array)
#9 /wordpress/wp-includes/plugin.php(517): WP_Hook->do_action(Array)
#10 /wordpress/wp-settings.php(727): do_action('init')
#11 /wordpress/wp-config.php(102): require_once('/wordpress/wp-s...')
#12 /wordpress/wp-load.php(50): require_once('/wordpress/wp-c...')
#13 /internal/eval.php(3): require_once('/wordpress/wp-l...')
#14 {main}
  thrown in /wordpress/wp-includes/class-wp-widget.php on line 163
[18-Apr-2025 15:54:57 UTC] PHP Notice:  Function wp_enqueue_script was called <strong>incorrectly</strong>. Scripts and styles should not be registered or enqueued until the <code>wp_enqueue_scripts</code>, <code>admin_enqueue_scripts</code>, or <code>login_enqueue_scripts</code> hooks. This notice was triggered by the <code>jquery</code> handle. Please see <a href="https://developer.wordpress.org/advanced-administration/debug/debug-wordpress/">Debugging in WordPress</a> for more information. (This message was added in version 3.3.0.) in /wordpress/wp-includes/functions.php on line 6121
[18-Apr-2025 15:54:57 UTC] PHP Fatal error:  Uncaught ArgumentCountError: Too few arguments to function WP_Widget::__construct(), 0 passed in /wordpress/wp-includes/class-wp-widget-factory.php on line 62 and at least 2 expected in /wordpress/wp-includes/class-wp-widget.php:163
Stack trace:
#0 /wordpress/wp-includes/class-wp-widget-factory.php(62): WP_Widget->__construct()
#1 /wordpress/wp-includes/widgets.php(123): WP_Widget_Factory->register('WordPress_Downl...')
#2 /wordpress/wp-content/plugins/wordpress-download-counter/wordpress-download-counter.php(54): register_widget('WordPress_Downl...')
#3 /wordpress/wp-includes/class-wp-hook.php(324): WordPress_Download_Counter->register_widget('')
#4 /wordpress/wp-includes/class-wp-hook.php(348): WP_Hook->apply_filters(NULL, Array)
#5 /wordpress/wp-includes/plugin.php(517): WP_Hook->do_action(Array)
#6 /wordpress/wp-includes/widgets.php(1870): do_action('widgets_init')
#7 /wordpress/wp-includes/class-wp-hook.php(324): wp_widgets_init('')
#8 /wordpress/wp-includes/class-wp-hook.php(348): WP_Hook->apply_filters(NULL, Array)
#9 /wordpress/wp-includes/plugin.php(517): WP_Hook->do_action(Array)
#10 /wordpress/wp-settings.php(727): do_action('init')
#11 /wordpress/wp-config.php(102): require_once('/wordpress/wp-s...')
#12 /wordpress/wp-load.php(50): require_once('/wordpress/wp-c...')
#13 /internal/eval.php(3): require_once('/wordpress/wp-l...')
#14 {main}
  thrown in /wordpress/wp-includes/class-wp-widget.php on line 163
[18-Apr-2025 15:55:05 UTC] PHP Notice:  Function wp_enqueue_script was called <strong>incorrectly</strong>. Scripts and styles should not be registered or enqueued until the <code>wp_enqueue_scripts</code>, <code>admin_enqueue_scripts</code>, or <code>login_enqueue_scripts</code> hooks. This notice was triggered by the <code>jquery</code> handle. Please see <a href="https://developer.wordpress.org/advanced-administration/debug/debug-wordpress/">Debugging in WordPress</a> for more information. (This message was added in version 3.3.0.) in /wordpress/wp-includes/functions.php on line 6121
[18-Apr-2025 15:55:06 UTC] PHP Fatal error:  Uncaught ArgumentCountError: Too few arguments to function WP_Widget::__construct(), 0 passed in /wordpress/wp-includes/class-wp-widget-factory.php on line 62 and at least 2 expected in /wordpress/wp-includes/class-wp-widget.php:163
Stack trace:
#0 /wordpress/wp-includes/class-wp-widget-factory.php(62): WP_Widget->__construct()
#1 /wordpress/wp-includes/widgets.php(123): WP_Widget_Factory->register('WordPress_Downl...')
#2 /wordpress/wp-content/plugins/wordpress-download-counter/wordpress-download-counter.php(54): register_widget('WordPress_Downl...')
#3 /wordpress/wp-includes/class-wp-hook.php(324): WordPress_Download_Counter->register_widget('')
#4 /wordpress/wp-includes/class-wp-hook.php(348): WP_Hook->apply_filters(NULL, Array)
#5 /wordpress/wp-includes/plugin.php(517): WP_Hook->do_action(Array)
#6 /wordpress/wp-includes/widgets.php(1870): do_action('widgets_init')
#7 /wordpress/wp-includes/class-wp-hook.php(324): wp_widgets_init('')
#8 /wordpress/wp-includes/class-wp-hook.php(348): WP_Hook->apply_filters(NULL, Array)
#9 /wordpress/wp-includes/plugin.php(517): WP_Hook->do_action(Array)
#10 /wordpress/wp-settings.php(727): do_action('init')
#11 /wordpress/wp-config.php(102): require_once('/wordpress/wp-s...')
#12 /wordpress/wp-load.php(50): require_once('/wordpress/wp-c...')
#13 /internal/eval.php(3): require_once('/wordpress/wp-l...')
#14 {main}
  thrown in /wordpress/wp-includes/class-wp-widget.php on line 163
[18-Apr-2025 15:55:15 UTC] PHP Deprecated:  Required parameter $bugs_page follows optional parameter $currency in /wordpress/wp-content/plugins/wordpress-mu-secure-invites/secure_invite.php on line 2161
[18-Apr-2025 15:55:15 UTC] PHP Deprecated:  Required parameter $bugs_page follows optional parameter $currency in /wordpress/wp-content/plugins/wordpress-mu-secure-invites/secure_invite.php on line 2219
[18-Apr-2025 15:55:15 UTC] WordPress database error <div style="clear:both">&nbsp;</div>
<div class="queries" style="clear:both;margin-bottom:2px;border:red dotted thin;">
<p>MySQL query:</p>
<p>select count(id) from wp_invitations;</p>
<p>Queries made or created this session were:</p>
<ol>
<li>Executing: BEGIN | (no parameters)</li>
<li>Executing: select count ( `id` ) from `wp_invitations` | (no parameters)</li>
<li>Executing: ROLLBACK | (no parameters)</li>
</ol>
</div>
<div style="clear:both;margin-bottom:2px;border:red dotted thin;" class="error_message" style="border-bottom:dotted blue thin;">
SQLSTATE[HY000]: General error: 1 no such table: wp_invitations
</div>
<p>Backtrace:</p>
<pre>#0 /internal/shared/sqlite-database-integration/wp-includes/sqlite-ast/class-wp-sqlite-driver.php(690): WP_SQLite_Driver->new_driver_exception('SQLSTATE[HY000]...', 0, Object(PDOException))
#1 /internal/shared/sqlite-database-integration/wp-includes/sqlite/class-wp-sqlite-db.php(472): WP_SQLite_Driver->query('select count(id...')
#2 /internal/shared/sqlite-database-integration/wp-includes/sqlite/class-wp-sqlite-db.php(413): WP_SQLite_DB->_do_query('select count(id...')
#3 /wordpress/wp-includes/class-wpdb.php(3031): WP_SQLite_DB->query('select count(id...')
#4 /wordpress/wp-content/plugins/wordpress-mu-secure-invites/secure_invite.php(1647): wpdb->get_var('select count(id...')
#5 /wordpress/wp-content/plugins/wordpress-mu-secure-invites/secure_invite.php(47): secure_invite_check_table()
#6 /wordpress/wp-includes/class-wp-hook.php(324): secure_invite_activate(false)
#7 /wordpress/wp-includes/class-wp-hook.php(348): WP_Hook->apply_filters('', Array)
#8 /wordpress/wp-includes/plugin.php(517): WP_Hook->do_action(Array)
#9 /wordpress/wp-admin/includes/plugin.php(703): do_action('activate_wordpr...', false)
#10 /internal/eval.php(20): activate_plugin('wordpress-mu-se...')
#11 {main}</pre>
 for query select count(id) from wp_invitations; made by activate_plugin, do_action('activate_wordpress-mu-secure-invites/secure_invite.php'), WP_Hook->do_action, WP_Hook->apply_filters, secure_invite_activate, secure_invite_check_table, WP_SQLite_DB->query, WP_SQLite_DB->print_error
[18-Apr-2025 15:55:15 UTC] PHP Deprecated:  File upgrade-functions.php is <strong>deprecated</strong> since version 2.5.0! Use wp-admin/includes/upgrade.php instead. in /wordpress/wp-includes/functions.php on line 6121
[18-Apr-2025 15:55:17 UTC] PHP Deprecated:  Required parameter $bugs_page follows optional parameter $currency in /wordpress/wp-content/plugins/wordpress-mu-secure-invites/secure_invite.php on line 2161
[18-Apr-2025 15:55:17 UTC] PHP Deprecated:  Required parameter $bugs_page follows optional parameter $currency in /wordpress/wp-content/plugins/wordpress-mu-secure-invites/secure_invite.php on line 2219
[18-Apr-2025 15:55:26 UTC] PHP Deprecated:  Required parameter $bugs_page follows optional parameter $currency in /wordpress/wp-content/plugins/wordpress-mu-secure-invites/secure_invite.php on line 2161
[18-Apr-2025 15:55:26 UTC] PHP Deprecated:  Required parameter $bugs_page follows optional parameter $currency in /wordpress/wp-content/plugins/wordpress-mu-secure-invites/secure_invite.php on line 2219
[18-Apr-2025 15:55:26 UTC] WordPress database error <div style="clear:both">&nbsp;</div>
<div class="queries" style="clear:both;margin-bottom:2px;border:red dotted thin;">
<p>MySQL query:</p>
<p>select count(id) from wp_invitations;</p>
<p>Queries made or created this session were:</p>
<ol>
<li>Executing: BEGIN | (no parameters)</li>
<li>Executing: select count(id) from wp_invitations; | (no parameters)</li>
<li>Executing: ROLLBACK | (no parameters)</li>
</ol>
</div>
<div style="clear:both;margin-bottom:2px;border:red dotted thin;" class="error_message" style="border-bottom:dotted blue thin;">
Error occurred at line 4117 in Function <code>handle_error</code>. Error message was: SQLSTATE[HY000]: General error: 1 no such table: wp_invitations.
</div>
<p>Backtrace:</p>
<pre>#0 /internal/shared/sqlite-database-integration/wp-includes/sqlite/class-wp-sqlite-db.php(287): WP_SQLite_Translator->get_error_message()
#1 /wordpress/wp-includes/class-wpdb.php(3031): WP_SQLite_DB->query('select count(id...')
#2 /wordpress/wp-content/plugins/wordpress-mu-secure-invites/secure_invite.php(1647): wpdb->get_var('select count(id...')
#3 /wordpress/wp-content/plugins/wordpress-mu-secure-invites/secure_invite.php(47): secure_invite_check_table()
#4 /wordpress/wp-includes/class-wp-hook.php(324): secure_invite_activate(false)
#5 /wordpress/wp-includes/class-wp-hook.php(348): WP_Hook->apply_filters('', Array)
#6 /wordpress/wp-includes/plugin.php(517): WP_Hook->do_action(Array)
#7 /wordpress/wp-admin/includes/plugin.php(703): do_action('activate_wordpr...', false)
#8 /internal/eval.php(20): activate_plugin('wordpress-mu-se...')
#9 {main}</pre>
 for query select count(id) from wp_invitations; made by activate_plugin, do_action('activate_wordpress-mu-secure-invites/secure_invite.php'), WP_Hook->do_action, WP_Hook->apply_filters, secure_invite_activate, secure_invite_check_table, WP_SQLite_DB->query, WP_SQLite_DB->print_error
[18-Apr-2025 15:55:26 UTC] PHP Deprecated:  File upgrade-functions.php is <strong>deprecated</strong> since version 2.5.0! Use wp-admin/includes/upgrade.php instead. in /wordpress/wp-includes/functions.php on line 6121
[18-Apr-2025 15:55:27 UTC] PHP Deprecated:  Required parameter $bugs_page follows optional parameter $currency in /wordpress/wp-content/plugins/wordpress-mu-secure-invites/secure_invite.php on line 2161
[18-Apr-2025 15:55:27 UTC] PHP Deprecated:  Required parameter $bugs_page follows optional parameter $currency in /wordpress/wp-content/plugins/wordpress-mu-secure-invites/secure_invite.php on line 2219
[18-Apr-2025 15:55:35 UTC] PHP Deprecated:  Required parameter $bugs_page follows optional parameter $currency in /wordpress/wp-content/plugins/wordpress-mu-secure-invites/secure_invite.php on line 2161
[18-Apr-2025 15:55:35 UTC] PHP Deprecated:  Required parameter $bugs_page follows optional parameter $currency in /wordpress/wp-content/plugins/wordpress-mu-secure-invites/secure_invite.php on line 2219
[18-Apr-2025 15:55:36 UTC] WordPress database error <div style="clear:both">&nbsp;</div>
<div class="queries" style="clear:both;margin-bottom:2px;border:red dotted thin;">
<p>MySQL query:</p>
<p>select count(id) from wp_invitations;</p>
<p>Queries made or created this session were:</p>
<ol>
<li>Executing: BEGIN | (no parameters)</li>
<li>Executing: select count(id) from wp_invitations; | (no parameters)</li>
<li>Executing: ROLLBACK | (no parameters)</li>
</ol>
</div>
<div style="clear:both;margin-bottom:2px;border:red dotted thin;" class="error_message" style="border-bottom:dotted blue thin;">
Error occurred at line 4117 in Function <code>handle_error</code>. Error message was: SQLSTATE[HY000]: General error: 1 no such table: wp_invitations.
</div>
<p>Backtrace:</p>
<pre>#0 /internal/shared/sqlite-database-integration/wp-includes/sqlite/class-wp-sqlite-db.php(287): WP_SQLite_Translator->get_error_message()
#1 /wordpress/wp-includes/class-wpdb.php(3031): WP_SQLite_DB->query('select count(id...')
#2 /wordpress/wp-content/plugins/wordpress-mu-secure-invites/secure_invite.php(1647): wpdb->get_var('select count(id...')
#3 /wordpress/wp-content/plugins/wordpress-mu-secure-invites/secure_invite.php(47): secure_invite_check_table()
#4 /wordpress/wp-includes/class-wp-hook.php(324): secure_invite_activate(false)
#5 /wordpress/wp-includes/class-wp-hook.php(348): WP_Hook->apply_filters('', Array)
#6 /wordpress/wp-includes/plugin.php(517): WP_Hook->do_action(Array)
#7 /wordpress/wp-admin/includes/plugin.php(703): do_action('activate_wordpr...', false)
#8 /internal/eval.php(20): activate_plugin('wordpress-mu-se...')
#9 {main}</pre>
 for query select count(id) from wp_invitations; made by activate_plugin, do_action('activate_wordpress-mu-secure-invites/secure_invite.php'), WP_Hook->do_action, WP_Hook->apply_filters, secure_invite_activate, secure_invite_check_table, WP_SQLite_DB->query, WP_SQLite_DB->print_error
[18-Apr-2025 15:55:36 UTC] PHP Deprecated:  File upgrade-functions.php is <strong>deprecated</strong> since version 2.5.0! Use wp-admin/includes/upgrade.php instead. in /wordpress/wp-includes/functions.php on line 6121
[18-Apr-2025 15:55:37 UTC] PHP Deprecated:  Required parameter $bugs_page follows optional parameter $currency in /wordpress/wp-content/plugins/wordpress-mu-secure-invites/secure_invite.php on line 2161
[18-Apr-2025 15:55:37 UTC] PHP Deprecated:  Required parameter $bugs_page follows optional parameter $currency in /wordpress/wp-content/plugins/wordpress-mu-secure-invites/secure_invite.php on line 2219
[18-Apr-2025 15:55:46 UTC] PHP Fatal error:  Array and string offset access syntax with curly braces is no longer supported in /wordpress/wp-content/plugins/wp-flipslideshow/flipslideshow.php on line 747
[18-Apr-2025 15:55:54 UTC] PHP Fatal error:  Array and string offset access syntax with curly braces is no longer supported in /wordpress/wp-content/plugins/wp-flipslideshow/flipslideshow.php on line 747
[18-Apr-2025 15:56:03 UTC] PHP Fatal error:  Array and string offset access syntax with curly braces is no longer supported in /wordpress/wp-content/plugins/wp-flipslideshow/flipslideshow.php on line 747
[18-Apr-2025 15:57:10 UTC] PHP Fatal error:  Uncaught Error: Call to undefined function create_function() in /wordpress/wp-content/plugins/wp-php-widget/wp-php-widget.php:89
Stack trace:
#0 /wordpress/wp-admin/includes/plugin.php(2387): include_once()
#1 /wordpress/wp-admin/includes/plugin.php(673): plugin_sandbox_scrape('wp-php-widget/w...')
#2 /internal/eval.php(20): activate_plugin('wp-php-widget/w...')
#3 {main}
  thrown in /wordpress/wp-content/plugins/wp-php-widget/wp-php-widget.php on line 89
[18-Apr-2025 15:57:19 UTC] PHP Fatal error:  Uncaught Error: Call to undefined function create_function() in /wordpress/wp-content/plugins/wp-php-widget/wp-php-widget.php:89
Stack trace:
#0 /wordpress/wp-admin/includes/plugin.php(2387): include_once()
#1 /wordpress/wp-admin/includes/plugin.php(673): plugin_sandbox_scrape('wp-php-widget/w...')
#2 /internal/eval.php(20): activate_plugin('wp-php-widget/w...')
#3 {main}
  thrown in /wordpress/wp-content/plugins/wp-php-widget/wp-php-widget.php on line 89
[18-Apr-2025 15:57:27 UTC] PHP Fatal error:  Uncaught Error: Call to undefined function create_function() in /wordpress/wp-content/plugins/wp-php-widget/wp-php-widget.php:89
Stack trace:
#0 /wordpress/wp-admin/includes/plugin.php(2387): include_once()
#1 /wordpress/wp-admin/includes/plugin.php(673): plugin_sandbox_scrape('wp-php-widget/w...')
#2 /internal/eval.php(20): activate_plugin('wp-php-widget/w...')
#3 {main}
  thrown in /wordpress/wp-content/plugins/wp-php-widget/wp-php-widget.php on line 89
[18-Apr-2025 15:57:36 UTC] PHP Fatal error:  Uncaught Error: Undefined constant "WPRBLVERSION" in /wordpress/wp-content/plugins/wp-render-blogroll-links/WP-Render-Blogroll.php:19
Stack trace:
#0 /wordpress/wp-admin/includes/plugin.php(2387): include_once()
#1 /wordpress/wp-admin/includes/plugin.php(673): plugin_sandbox_scrape('wp-render-blogr...')
#2 /internal/eval.php(20): activate_plugin('wp-render-blogr...')
#3 {main}
  thrown in /wordpress/wp-content/plugins/wp-render-blogroll-links/WP-Render-Blogroll.php on line 19
[18-Apr-2025 15:57:44 UTC] PHP Fatal error:  Uncaught Error: Undefined constant "WPRBLVERSION" in /wordpress/wp-content/plugins/wp-render-blogroll-links/WP-Render-Blogroll.php:19
Stack trace:
#0 /wordpress/wp-admin/includes/plugin.php(2387): include_once()
#1 /wordpress/wp-admin/includes/plugin.php(673): plugin_sandbox_scrape('wp-render-blogr...')
#2 /internal/eval.php(20): activate_plugin('wp-render-blogr...')
#3 {main}
  thrown in /wordpress/wp-content/plugins/wp-render-blogroll-links/WP-Render-Blogroll.php on line 19
[18-Apr-2025 15:57:52 UTC] PHP Fatal error:  Uncaught Error: Undefined constant "WPRBLVERSION" in /wordpress/wp-content/plugins/wp-render-blogroll-links/WP-Render-Blogroll.php:19
Stack trace:
#0 /wordpress/wp-admin/includes/plugin.php(2387): include_once()
#1 /wordpress/wp-admin/includes/plugin.php(673): plugin_sandbox_scrape('wp-render-blogr...')
#2 /internal/eval.php(20): activate_plugin('wp-render-blogr...')
#3 {main}
  thrown in /wordpress/wp-content/plugins/wp-render-blogroll-links/WP-Render-Blogroll.php on line 19

    at Object.onBind (file:///home/runner/work/playground-tester/playground-tester/node_modules/@wp-playground/cli/index.js:237:15)
    at process.processTicksAndRejections (node:internal/process/task_queues:105:5)
    at async V (file:///home/runner/work/playground-tester/playground-tester/node_modules/@wp-playground/cli/index.js:64:10)
    at async ja (file:///home/runner/work/playground-tester/playground-tester/node_modules/@wp-playground/cli/cli.js:8161:12) {
  [cause]: Error: Error when executing the blueprint step #1 ({"step":"installPlugin","pluginData":{"resource":"wordpress.org/plugins","slug":"wp-render-blogroll-links"},"options":{"activate":true}}) : PHP.run() failed with exit code 255 and the following output: 
      at Object.run (file:///home/runner/work/playground-tester/playground-tester/node_modules/@wp-playground/blueprints/index.js:12449:19)
      at process.processTicksAndRejections (node:internal/process/task_queues:105:5)
      at async ms (file:///home/runner/work/playground-tester/playground-tester/node_modules/@wp-playground/blueprints/index.js:12552:3)
      ... 2 lines matching cause stack trace ...
      at async ja (file:///home/runner/work/playground-tester/playground-tester/node_modules/@wp-playground/cli/cli.js:8161:12) {
    [cause]: PHPExecutionFailureError: PHP.run() failed with exit code 255 and the following output: 
        at PHP.run (file:///home/runner/work/playground-tester/playground-tester/node_modules/@php-wasm/universal/index.js:987:19)
        at process.processTicksAndRejections (node:internal/process/task_queues:105:5)
        at async wr (file:///home/runner/work/playground-tester/playground-tester/node_modules/@wp-playground/blueprints/index.js:33:39)
        at async Object.gt [as installPlugin] (file:///home/runner/work/playground-tester/playground-tester/node_modules/@wp-playground/blueprints/index.js:974:42)
        at async g (file:///home/runner/work/playground-tester/playground-tester/node_modules/@wp-playground/blueprints/index.js:12517:30)
        at async Object.run (file:///home/runner/work/playground-tester/playground-tester/node_modules/@wp-playground/blueprints/index.js:12446:23)
        at async ms (file:///home/runner/work/playground-tester/playground-tester/node_modules/@wp-playground/blueprints/index.js:12552:3)
        at async Object.onBind (file:///home/runner/work/playground-tester/playground-tester/node_modules/@wp-playground/cli/index.js:227:48)
        at async V (file:///home/runner/work/playground-tester/playground-tester/node_modules/@wp-playground/cli/index.js:64:10)
        at async ja (file:///home/runner/work/playground-tester/playground-tester/node_modules/@wp-playground/cli/cli.js:8161:12) {
      response: PHPResponse {
        httpStatusCode: 500,
        headers: {
          'x-powered-by': [ 'PHP/8.0.30-dev' ],
          'content-type': [ 'text/html; charset=UTF-8' ]
        },
        bytes: Uint8Array(0) [],
        exitCode: 255,
        errors: ''
      },
      source: 'request'
    }
  }
}

Node.js v23.11.0
