[
{"message":"file:///home/runner/work/playground-tester/playground-tester/node_modules/@wp-playground/cli/run-cli-j-geJYS3.js:325\n        throw new Error($, { cause: h });\n              ^\n","level":"FATAL","type":"PLAYGROUND","test":"ast-sqlite-boot","plugin":"corona-update","details":"file:///home/runner/work/playground-tester/playground-tester/node_modules/@wp-playground/cli/run-cli-j-geJYS3.js:325\n        throw new Error($, { cause: h });\n              ^\n","log":"/tmp/tmp.gNR0qPa0Lr"}
,
{"message":"Uncaught Error: Call to undefined function create_function() in /wordpress/wp-content/plugins/cc-essentials/loveit/cce-loveit.php:28","level":"FATAL","type":"PHP","test":"ast-sqlite-boot","plugin":"corona-update","details":"[08-Jun-2025 15:50:21 UTC] PHP Fatal error:  Uncaught Error: Call to undefined function create_function() in /wordpress/wp-content/plugins/cc-essentials/loveit/cce-loveit.php:28\nStack trace:\n#0 /wordpress/wp-content/plugins/cc-essentials/loveit/cce-loveit.php(193): CCELoveIt->__construct()\n#1 /wordpress/wp-content/plugins/cc-essentials/cc-essentials.php(165): include_once('/wordpress/wp-c...')\n#2 /wordpress/wp-includes/class-wp-hook.php(324): CCEssentials->cce_loveit_class('')\n#3 /wordpress/wp-includes/class-wp-hook.php(348): WP_Hook->apply_filters(NULL, Array)\n#4 /wordpress/wp-includes/plugin.php(517): WP_Hook->do_action(Array)\n#5 /wordpress/wp-settings.php(705): do_action('after_setup_the...')\n#6 /wordpress/wp-config.php(102): require_once('/wordpress/wp-s...')\n#7 /wordpress/wp-load.php(50): require_once('/wordpress/wp-c...')\n#8 /internal/eval.php(3): require_once('/wordpress/wp-l...')\n#9 {main}\n  thrown in /wordpress/wp-content/plugins/cc-essentials/loveit/cce-loveit.php on line 28","log":"/logs/plugins/c/corona-update/error.json"}
,
{"message":"Uncaught Error: Call to undefined function create_function() in /wordpress/wp-content/plugins/cc-essentials/loveit/cce-loveit.php:28","level":"FATAL","type":"PHP","test":"ast-sqlite-boot","plugin":"corona-update","details":"[08-Jun-2025 15:50:30 UTC] PHP Fatal error:  Uncaught Error: Call to undefined function create_function() in /wordpress/wp-content/plugins/cc-essentials/loveit/cce-loveit.php:28\nStack trace:\n#0 /wordpress/wp-content/plugins/cc-essentials/loveit/cce-loveit.php(193): CCELoveIt->__construct()\n#1 /wordpress/wp-content/plugins/cc-essentials/cc-essentials.php(165): include_once('/wordpress/wp-c...')\n#2 /wordpress/wp-includes/class-wp-hook.php(324): CCEssentials->cce_loveit_class('')\n#3 /wordpress/wp-includes/class-wp-hook.php(348): WP_Hook->apply_filters(NULL, Array)\n#4 /wordpress/wp-includes/plugin.php(517): WP_Hook->do_action(Array)\n#5 /wordpress/wp-settings.php(705): do_action('after_setup_the...')\n#6 /wordpress/wp-config.php(102): require_once('/wordpress/wp-s...')\n#7 /wordpress/wp-load.php(50): require_once('/wordpress/wp-c...')\n#8 /internal/eval.php(3): require_once('/wordpress/wp-l...')\n#9 {main}\n  thrown in /wordpress/wp-content/plugins/cc-essentials/loveit/cce-loveit.php on line 28","log":"/logs/plugins/c/corona-update/error.json"}
,
{"message":"Uncaught Error: Call to undefined function create_function() in /wordpress/wp-content/plugins/cc-essentials/loveit/cce-loveit.php:28","level":"FATAL","type":"PHP","test":"ast-sqlite-boot","plugin":"corona-update","details":"[08-Jun-2025 15:50:40 UTC] PHP Fatal error:  Uncaught Error: Call to undefined function create_function() in /wordpress/wp-content/plugins/cc-essentials/loveit/cce-loveit.php:28\nStack trace:\n#0 /wordpress/wp-content/plugins/cc-essentials/loveit/cce-loveit.php(193): CCELoveIt->__construct()\n#1 /wordpress/wp-content/plugins/cc-essentials/cc-essentials.php(165): include_once('/wordpress/wp-c...')\n#2 /wordpress/wp-includes/class-wp-hook.php(324): CCEssentials->cce_loveit_class('')\n#3 /wordpress/wp-includes/class-wp-hook.php(348): WP_Hook->apply_filters(NULL, Array)\n#4 /wordpress/wp-includes/plugin.php(517): WP_Hook->do_action(Array)\n#5 /wordpress/wp-settings.php(705): do_action('after_setup_the...')\n#6 /wordpress/wp-config.php(102): require_once('/wordpress/wp-s...')\n#7 /wordpress/wp-load.php(50): require_once('/wordpress/wp-c...')\n#8 /internal/eval.php(3): require_once('/wordpress/wp-l...')\n#9 {main}\n  thrown in /wordpress/wp-content/plugins/cc-essentials/loveit/cce-loveit.php on line 28","log":"/logs/plugins/c/corona-update/error.json"}
,
{"message":"Private methods cannot be final as they are never overridden by other classes in /wordpress/wp-content/plugins/circle-progress-bar/includes/class-circle-progress-bar-singleton.php on line 47","level":"WARNING","type":"PHP","test":"ast-sqlite-boot","plugin":"corona-update","details":"[08-Jun-2025 15:52:54 UTC] PHP Warning:  Private methods cannot be final as they are never overridden by other classes in /wordpress/wp-content/plugins/circle-progress-bar/includes/class-circle-progress-bar-singleton.php on line 47","log":"/logs/plugins/c/corona-update/error.json"}
,
{"message":"Private methods cannot be final as they are never overridden by other classes in /wordpress/wp-content/plugins/circle-progress-bar/includes/class-circle-progress-bar-singleton.php on line 47","level":"WARNING","type":"PHP","test":"ast-sqlite-boot","plugin":"corona-update","details":"[08-Jun-2025 15:52:56 UTC] PHP Warning:  Private methods cannot be final as they are never overridden by other classes in /wordpress/wp-content/plugins/circle-progress-bar/includes/class-circle-progress-bar-singleton.php on line 47","log":"/logs/plugins/c/corona-update/error.json"}
,
{"message":"Private methods cannot be final as they are never overridden by other classes in /wordpress/wp-content/plugins/circle-progress-bar/includes/class-circle-progress-bar-singleton.php on line 47","level":"WARNING","type":"PHP","test":"ast-sqlite-boot","plugin":"corona-update","details":"[08-Jun-2025 15:53:03 UTC] PHP Warning:  Private methods cannot be final as they are never overridden by other classes in /wordpress/wp-content/plugins/circle-progress-bar/includes/class-circle-progress-bar-singleton.php on line 47","log":"/logs/plugins/c/corona-update/error.json"}
,
{"message":"Private methods cannot be final as they are never overridden by other classes in /wordpress/wp-content/plugins/circle-progress-bar/includes/class-circle-progress-bar-singleton.php on line 47","level":"WARNING","type":"PHP","test":"ast-sqlite-boot","plugin":"corona-update","details":"[08-Jun-2025 15:53:05 UTC] PHP Warning:  Private methods cannot be final as they are never overridden by other classes in /wordpress/wp-content/plugins/circle-progress-bar/includes/class-circle-progress-bar-singleton.php on line 47","log":"/logs/plugins/c/corona-update/error.json"}
,
{"message":"Private methods cannot be final as they are never overridden by other classes in /wordpress/wp-content/plugins/circle-progress-bar/includes/class-circle-progress-bar-singleton.php on line 47","level":"WARNING","type":"PHP","test":"ast-sqlite-boot","plugin":"corona-update","details":"[08-Jun-2025 15:53:13 UTC] PHP Warning:  Private methods cannot be final as they are never overridden by other classes in /wordpress/wp-content/plugins/circle-progress-bar/includes/class-circle-progress-bar-singleton.php on line 47","log":"/logs/plugins/c/corona-update/error.json"}
,
{"message":"Private methods cannot be final as they are never overridden by other classes in /wordpress/wp-content/plugins/circle-progress-bar/includes/class-circle-progress-bar-singleton.php on line 47","level":"WARNING","type":"PHP","test":"ast-sqlite-boot","plugin":"corona-update","details":"[08-Jun-2025 15:53:13 UTC] PHP Warning:  Private methods cannot be final as they are never overridden by other classes in /wordpress/wp-content/plugins/circle-progress-bar/includes/class-circle-progress-bar-singleton.php on line 47","log":"/logs/plugins/c/corona-update/error.json"}
,
{"message":"Undefined variable $sql in /wordpress/wp-content/plugins/cleverwise-daily-quotes/dqa.php on line 1037","level":"WARNING","type":"PHP","test":"ast-sqlite-boot","plugin":"corona-update","details":"[08-Jun-2025 15:53:22 UTC] PHP Warning:  Undefined variable $sql in /wordpress/wp-content/plugins/cleverwise-daily-quotes/dqa.php on line 1037","log":"/logs/plugins/c/corona-update/error.json"}
,
{"message":"Undefined variable $sql in /wordpress/wp-content/plugins/cleverwise-daily-quotes/dqa.php on line 1037","level":"WARNING","type":"PHP","test":"ast-sqlite-boot","plugin":"corona-update","details":"[08-Jun-2025 15:53:31 UTC] PHP Warning:  Undefined variable $sql in /wordpress/wp-content/plugins/cleverwise-daily-quotes/dqa.php on line 1037","log":"/logs/plugins/c/corona-update/error.json"}
,
{"message":"Undefined variable $sql in /wordpress/wp-content/plugins/cleverwise-daily-quotes/dqa.php on line 1037","level":"WARNING","type":"PHP","test":"ast-sqlite-boot","plugin":"corona-update","details":"[08-Jun-2025 15:53:40 UTC] PHP Warning:  Undefined variable $sql in /wordpress/wp-content/plugins/cleverwise-daily-quotes/dqa.php on line 1037","log":"/logs/plugins/c/corona-update/error.json"}
,
{"message":"Uncaught Error: Call to undefined function create_function() in /wordpress/wp-content/plugins/cocatech-podcast/widget.php:73","level":"FATAL","type":"PHP","test":"ast-sqlite-boot","plugin":"corona-update","details":"[08-Jun-2025 15:53:50 UTC] PHP Fatal error:  Uncaught Error: Call to undefined function create_function() in /wordpress/wp-content/plugins/cocatech-podcast/widget.php:73\nStack trace:\n#0 /wordpress/wp-content/plugins/cocatech-podcast/cocatech-podcast.php(12): require_once()\n#1 /wordpress/wp-admin/includes/plugin.php(2387): include_once('/wordpress/wp-c...')\n#2 /wordpress/wp-admin/includes/plugin.php(673): plugin_sandbox_scrape('cocatech-podcas...')\n#3 /internal/eval.php(20): activate_plugin('cocatech-podcas...')\n#4 {main}\n  thrown in /wordpress/wp-content/plugins/cocatech-podcast/widget.php on line 73","log":"/logs/plugins/c/corona-update/error.json"}
,
{"message":"Uncaught Error: Call to undefined function create_function() in /wordpress/wp-content/plugins/cocatech-podcast/widget.php:73","level":"FATAL","type":"PHP","test":"ast-sqlite-boot","plugin":"corona-update","details":"[08-Jun-2025 15:53:59 UTC] PHP Fatal error:  Uncaught Error: Call to undefined function create_function() in /wordpress/wp-content/plugins/cocatech-podcast/widget.php:73\nStack trace:\n#0 /wordpress/wp-content/plugins/cocatech-podcast/cocatech-podcast.php(12): require_once()\n#1 /wordpress/wp-admin/includes/plugin.php(2387): include_once('/wordpress/wp-c...')\n#2 /wordpress/wp-admin/includes/plugin.php(673): plugin_sandbox_scrape('cocatech-podcas...')\n#3 /internal/eval.php(20): activate_plugin('cocatech-podcas...')\n#4 {main}\n  thrown in /wordpress/wp-content/plugins/cocatech-podcast/widget.php on line 73","log":"/logs/plugins/c/corona-update/error.json"}
,
{"message":"Uncaught Error: Call to undefined function create_function() in /wordpress/wp-content/plugins/cocatech-podcast/widget.php:73","level":"FATAL","type":"PHP","test":"ast-sqlite-boot","plugin":"corona-update","details":"[08-Jun-2025 15:54:07 UTC] PHP Fatal error:  Uncaught Error: Call to undefined function create_function() in /wordpress/wp-content/plugins/cocatech-podcast/widget.php:73\nStack trace:\n#0 /wordpress/wp-content/plugins/cocatech-podcast/cocatech-podcast.php(12): require_once()\n#1 /wordpress/wp-admin/includes/plugin.php(2387): include_once('/wordpress/wp-c...')\n#2 /wordpress/wp-admin/includes/plugin.php(673): plugin_sandbox_scrape('cocatech-podcas...')\n#3 /internal/eval.php(20): activate_plugin('cocatech-podcas...')\n#4 {main}\n  thrown in /wordpress/wp-content/plugins/cocatech-podcast/widget.php on line 73","log":"/logs/plugins/c/corona-update/error.json"}
,
{"message":"Uncaught Error: Call to undefined function create_function() in /wordpress/wp-content/plugins/colorful-text-widget/colorful-text-widget.php:74","level":"FATAL","type":"PHP","test":"ast-sqlite-boot","plugin":"corona-update","details":"[08-Jun-2025 15:54:16 UTC] PHP Fatal error:  Uncaught Error: Call to undefined function create_function() in /wordpress/wp-content/plugins/colorful-text-widget/colorful-text-widget.php:74\nStack trace:\n#0 /wordpress/wp-admin/includes/plugin.php(2387): include_once()\n#1 /wordpress/wp-admin/includes/plugin.php(673): plugin_sandbox_scrape('colorful-text-w...')\n#2 /internal/eval.php(20): activate_plugin('colorful-text-w...')\n#3 {main}\n  thrown in /wordpress/wp-content/plugins/colorful-text-widget/colorful-text-widget.php on line 74","log":"/logs/plugins/c/corona-update/error.json"}
,
{"message":"Uncaught Error: Call to undefined function create_function() in /wordpress/wp-content/plugins/colorful-text-widget/colorful-text-widget.php:74","level":"FATAL","type":"PHP","test":"ast-sqlite-boot","plugin":"corona-update","details":"[08-Jun-2025 15:54:24 UTC] PHP Fatal error:  Uncaught Error: Call to undefined function create_function() in /wordpress/wp-content/plugins/colorful-text-widget/colorful-text-widget.php:74\nStack trace:\n#0 /wordpress/wp-admin/includes/plugin.php(2387): include_once()\n#1 /wordpress/wp-admin/includes/plugin.php(673): plugin_sandbox_scrape('colorful-text-w...')\n#2 /internal/eval.php(20): activate_plugin('colorful-text-w...')\n#3 {main}\n  thrown in /wordpress/wp-content/plugins/colorful-text-widget/colorful-text-widget.php on line 74","log":"/logs/plugins/c/corona-update/error.json"}
,
{"message":"Uncaught Error: Call to undefined function create_function() in /wordpress/wp-content/plugins/colorful-text-widget/colorful-text-widget.php:74","level":"FATAL","type":"PHP","test":"ast-sqlite-boot","plugin":"corona-update","details":"[08-Jun-2025 15:54:32 UTC] PHP Fatal error:  Uncaught Error: Call to undefined function create_function() in /wordpress/wp-content/plugins/colorful-text-widget/colorful-text-widget.php:74\nStack trace:\n#0 /wordpress/wp-admin/includes/plugin.php(2387): include_once()\n#1 /wordpress/wp-admin/includes/plugin.php(673): plugin_sandbox_scrape('colorful-text-w...')\n#2 /internal/eval.php(20): activate_plugin('colorful-text-w...')\n#3 {main}\n  thrown in /wordpress/wp-content/plugins/colorful-text-widget/colorful-text-widget.php on line 74","log":"/logs/plugins/c/corona-update/error.json"}
,
{"message":"Undefined variable $slug in /wordpress/wp-content/plugins/companion-portfolio/companion_portfolio.php on line 87","level":"WARNING","type":"PHP","test":"ast-sqlite-boot","plugin":"corona-update","details":"[08-Jun-2025 15:54:43 UTC] PHP Warning:  Undefined variable $slug in /wordpress/wp-content/plugins/companion-portfolio/companion_portfolio.php on line 87","log":"/logs/plugins/c/corona-update/error.json"}
,
{"message":"Undefined variable $slug in /wordpress/wp-content/plugins/companion-portfolio/companion_portfolio.php on line 87","level":"WARNING","type":"PHP","test":"ast-sqlite-boot","plugin":"corona-update","details":"[08-Jun-2025 15:54:53 UTC] PHP Warning:  Undefined variable $slug in /wordpress/wp-content/plugins/companion-portfolio/companion_portfolio.php on line 87","log":"/logs/plugins/c/corona-update/error.json"}
,
{"message":"Undefined variable $slug in /wordpress/wp-content/plugins/companion-portfolio/companion_portfolio.php on line 87","level":"WARNING","type":"PHP","test":"ast-sqlite-boot","plugin":"corona-update","details":"[08-Jun-2025 15:55:02 UTC] PHP Warning:  Undefined variable $slug in /wordpress/wp-content/plugins/companion-portfolio/companion_portfolio.php on line 87","log":"/logs/plugins/c/corona-update/error.json"}
,
{"message":"Undefined array key \"HTTP_USER_AGENT\" in /wordpress/wp-content/plugins/contact-switcheroo/contact-switcheroo.php on line 11","level":"WARNING","type":"PHP","test":"ast-sqlite-boot","plugin":"corona-update","details":"[08-Jun-2025 15:56:06 UTC] PHP Warning:  Undefined array key \"HTTP_USER_AGENT\" in /wordpress/wp-content/plugins/contact-switcheroo/contact-switcheroo.php on line 11","log":"/logs/plugins/c/corona-update/error.json"}
,
{"message":"Undefined array key \"HTTP_USER_AGENT\" in /wordpress/wp-content/plugins/contact-switcheroo/contact-switcheroo.php on line 11","level":"WARNING","type":"PHP","test":"ast-sqlite-boot","plugin":"corona-update","details":"[08-Jun-2025 15:56:07 UTC] PHP Warning:  Undefined array key \"HTTP_USER_AGENT\" in /wordpress/wp-content/plugins/contact-switcheroo/contact-switcheroo.php on line 11","log":"/logs/plugins/c/corona-update/error.json"}
,
{"message":"Undefined array key \"HTTP_USER_AGENT\" in /wordpress/wp-content/plugins/contact-switcheroo/contact-switcheroo.php on line 11","level":"WARNING","type":"PHP","test":"ast-sqlite-boot","plugin":"corona-update","details":"[08-Jun-2025 15:56:16 UTC] PHP Warning:  Undefined array key \"HTTP_USER_AGENT\" in /wordpress/wp-content/plugins/contact-switcheroo/contact-switcheroo.php on line 11","log":"/logs/plugins/c/corona-update/error.json"}
,
{"message":"Undefined array key \"HTTP_USER_AGENT\" in /wordpress/wp-content/plugins/contact-switcheroo/contact-switcheroo.php on line 11","level":"WARNING","type":"PHP","test":"ast-sqlite-boot","plugin":"corona-update","details":"[08-Jun-2025 15:56:17 UTC] PHP Warning:  Undefined array key \"HTTP_USER_AGENT\" in /wordpress/wp-content/plugins/contact-switcheroo/contact-switcheroo.php on line 11","log":"/logs/plugins/c/corona-update/error.json"}
,
{"message":"Undefined array key \"HTTP_USER_AGENT\" in /wordpress/wp-content/plugins/contact-switcheroo/contact-switcheroo.php on line 11","level":"WARNING","type":"PHP","test":"ast-sqlite-boot","plugin":"corona-update","details":"[08-Jun-2025 15:56:25 UTC] PHP Warning:  Undefined array key \"HTTP_USER_AGENT\" in /wordpress/wp-content/plugins/contact-switcheroo/contact-switcheroo.php on line 11","log":"/logs/plugins/c/corona-update/error.json"}
,
{"message":"Undefined array key \"HTTP_USER_AGENT\" in /wordpress/wp-content/plugins/contact-switcheroo/contact-switcheroo.php on line 11","level":"WARNING","type":"PHP","test":"ast-sqlite-boot","plugin":"corona-update","details":"[08-Jun-2025 15:56:26 UTC] PHP Warning:  Undefined array key \"HTTP_USER_AGENT\" in /wordpress/wp-content/plugins/contact-switcheroo/contact-switcheroo.php on line 11","log":"/logs/plugins/c/corona-update/error.json"}
,
{"message":"Required parameter $convers8_user_id follows optional parameter $status in /wordpress/wp-content/plugins/convers8/connect.php on line 80","level":"DEPRECATED","type":"PHP","test":"ast-sqlite-boot","plugin":"corona-update","details":"[08-Jun-2025 15:56:35 UTC] PHP Deprecated:  Required parameter $convers8_user_id follows optional parameter $status in /wordpress/wp-content/plugins/convers8/connect.php on line 80","log":"/logs/plugins/c/corona-update/error.json"}
,
{"message":"File registration.php is <strong>deprecated</strong> since version 3.1.0 with no alternative available. This file no longer needs to be included. in /wordpress/wp-includes/functions.php on line 6121","level":"DEPRECATED","type":"PHP","test":"ast-sqlite-boot","plugin":"corona-update","details":"[08-Jun-2025 15:56:35 UTC] PHP Deprecated:  File registration.php is <strong>deprecated</strong> since version 3.1.0 with no alternative available. This file no longer needs to be included. in /wordpress/wp-includes/functions.php on line 6121","log":"/logs/plugins/c/corona-update/error.json"}
,
{"message":"Uncaught Error: Undefined constant \"CONVERS8_LOGIN_FAILED\" in /wordpress/wp-content/plugins/convers8/connect.php:4","level":"FATAL","type":"PHP","test":"ast-sqlite-boot","plugin":"corona-update","details":"[08-Jun-2025 15:56:35 UTC] PHP Fatal error:  Uncaught Error: Undefined constant \"CONVERS8_LOGIN_FAILED\" in /wordpress/wp-content/plugins/convers8/connect.php:4\nStack trace:\n#0 /wordpress/wp-content/plugins/convers8/Convers8.php(20): include_once()\n#1 /wordpress/wp-admin/includes/plugin.php(2387): include_once('/wordpress/wp-c...')\n#2 /wordpress/wp-admin/includes/plugin.php(673): plugin_sandbox_scrape('convers8/Conver...')\n#3 /internal/eval.php(20): activate_plugin('convers8/Conver...')\n#4 {main}\n  thrown in /wordpress/wp-content/plugins/convers8/connect.php on line 4","log":"/logs/plugins/c/corona-update/error.json"}
,
{"message":"Required parameter $convers8_user_id follows optional parameter $status in /wordpress/wp-content/plugins/convers8/connect.php on line 80","level":"DEPRECATED","type":"PHP","test":"ast-sqlite-boot","plugin":"corona-update","details":"[08-Jun-2025 15:56:44 UTC] PHP Deprecated:  Required parameter $convers8_user_id follows optional parameter $status in /wordpress/wp-content/plugins/convers8/connect.php on line 80","log":"/logs/plugins/c/corona-update/error.json"}
,
{"message":"File registration.php is <strong>deprecated</strong> since version 3.1.0 with no alternative available. This file no longer needs to be included. in /wordpress/wp-includes/functions.php on line 6121","level":"DEPRECATED","type":"PHP","test":"ast-sqlite-boot","plugin":"corona-update","details":"[08-Jun-2025 15:56:44 UTC] PHP Deprecated:  File registration.php is <strong>deprecated</strong> since version 3.1.0 with no alternative available. This file no longer needs to be included. in /wordpress/wp-includes/functions.php on line 6121","log":"/logs/plugins/c/corona-update/error.json"}
,
{"message":"Uncaught Error: Undefined constant \"CONVERS8_LOGIN_FAILED\" in /wordpress/wp-content/plugins/convers8/connect.php:4","level":"FATAL","type":"PHP","test":"ast-sqlite-boot","plugin":"corona-update","details":"[08-Jun-2025 15:56:44 UTC] PHP Fatal error:  Uncaught Error: Undefined constant \"CONVERS8_LOGIN_FAILED\" in /wordpress/wp-content/plugins/convers8/connect.php:4\nStack trace:\n#0 /wordpress/wp-content/plugins/convers8/Convers8.php(20): include_once()\n#1 /wordpress/wp-admin/includes/plugin.php(2387): include_once('/wordpress/wp-c...')\n#2 /wordpress/wp-admin/includes/plugin.php(673): plugin_sandbox_scrape('convers8/Conver...')\n#3 /internal/eval.php(20): activate_plugin('convers8/Conver...')\n#4 {main}\n  thrown in /wordpress/wp-content/plugins/convers8/connect.php on line 4","log":"/logs/plugins/c/corona-update/error.json"}
,
{"message":"Required parameter $convers8_user_id follows optional parameter $status in /wordpress/wp-content/plugins/convers8/connect.php on line 80","level":"DEPRECATED","type":"PHP","test":"ast-sqlite-boot","plugin":"corona-update","details":"[08-Jun-2025 15:56:53 UTC] PHP Deprecated:  Required parameter $convers8_user_id follows optional parameter $status in /wordpress/wp-content/plugins/convers8/connect.php on line 80","log":"/logs/plugins/c/corona-update/error.json"}
,
{"message":"File registration.php is <strong>deprecated</strong> since version 3.1.0 with no alternative available. This file no longer needs to be included. in /wordpress/wp-includes/functions.php on line 6121","level":"DEPRECATED","type":"PHP","test":"ast-sqlite-boot","plugin":"corona-update","details":"[08-Jun-2025 15:56:53 UTC] PHP Deprecated:  File registration.php is <strong>deprecated</strong> since version 3.1.0 with no alternative available. This file no longer needs to be included. in /wordpress/wp-includes/functions.php on line 6121","log":"/logs/plugins/c/corona-update/error.json"}
,
{"message":"Uncaught Error: Undefined constant \"CONVERS8_LOGIN_FAILED\" in /wordpress/wp-content/plugins/convers8/connect.php:4","level":"FATAL","type":"PHP","test":"ast-sqlite-boot","plugin":"corona-update","details":"[08-Jun-2025 15:56:53 UTC] PHP Fatal error:  Uncaught Error: Undefined constant \"CONVERS8_LOGIN_FAILED\" in /wordpress/wp-content/plugins/convers8/connect.php:4\nStack trace:\n#0 /wordpress/wp-content/plugins/convers8/Convers8.php(20): include_once()\n#1 /wordpress/wp-admin/includes/plugin.php(2387): include_once('/wordpress/wp-c...')\n#2 /wordpress/wp-admin/includes/plugin.php(673): plugin_sandbox_scrape('convers8/Conver...')\n#3 /internal/eval.php(20): activate_plugin('convers8/Conver...')\n#4 {main}\n  thrown in /wordpress/wp-content/plugins/convers8/connect.php on line 4\n\n    at Object.onBind (file:///home/runner/work/playground-tester/playground-tester/node_modules/@wp-playground/cli/run-cli-j-geJYS3.js:325:15)\n    at process.processTicksAndRejections (node:internal/process/task_queues:105:5)\n    at async re (file:///home/runner/work/playground-tester/playground-tester/node_modules/@wp-playground/cli/run-cli-j-geJYS3.js:149:10) {\n  [cause]: Error: Error when executing the blueprint step #5 ({\"step\":\"installPlugin\",\"pluginData\":{\"resource\":\"wordpress.org/plugins\",\"slug\":\"corona-update\"},\"options\":{\"activate\":true}}) : memory access out of bounds\n      at Object.run (file:///home/runner/work/playground-tester/playground-tester/node_modules/@wp-playground/blueprints/index.js:12093:19)\n      at process.processTicksAndRejections (node:internal/process/task_queues:105:5)\n      at async ys (file:///home/runner/work/playground-tester/playground-tester/node_modules/@wp-playground/blueprints/index.js:12196:3)\n      at async Object.onBind (file:///home/runner/work/playground-tester/playground-tester/node_modules/@wp-playground/cli/run-cli-j-geJYS3.js:315:48)\n      at async re (file:///home/runner/work/playground-tester/playground-tester/node_modules/@wp-playground/cli/run-cli-j-geJYS3.js:149:10) {\n    [cause]: Error: memory access out of bounds\n        at PHP.G (file:///home/runner/work/playground-tester/playground-tester/node_modules/@php-wasm/universal/index.js:1504:78)\n        at process.processTicksAndRejections (node:internal/process/task_queues:105:5)\n        at async PHP.run (file:///home/runner/work/playground-tester/playground-tester/node_modules/@php-wasm/universal/index.js:1031:17)\n        at async wr (file:///home/runner/work/playground-tester/playground-tester/node_modules/@wp-playground/blueprints/index.js:74:13)\n        at async Object.gt [as installPlugin] (file:///home/runner/work/playground-tester/playground-tester/node_modules/@wp-playground/blueprints/index.js:631:42)\n        at async g (file:///home/runner/work/playground-tester/playground-tester/node_modules/@wp-playground/blueprints/index.js:12161:30)\n        at async Object.run (file:///home/runner/work/playground-tester/playground-tester/node_modules/@wp-playground/blueprints/index.js:12090:23)\n        at async ys (file:///home/runner/work/playground-tester/playground-tester/node_modules/@wp-playground/blueprints/index.js:12196:3)\n        at async Object.onBind (file:///home/runner/work/playground-tester/playground-tester/node_modules/@wp-playground/cli/run-cli-j-geJYS3.js:315:48)\n        at async re (file:///home/runner/work/playground-tester/playground-tester/node_modules/@wp-playground/cli/run-cli-j-geJYS3.js:149:10) {\n      cause: Error: Rethrown\n          at UnhandledRejectionsTarget.e (file:///home/runner/work/playground-tester/playground-tester/node_modules/@php-wasm/universal/index.js:1481:19)\n          at [nodejs.internal.kHybridDispatch] (node:internal/event_target:827:20)\n          at UnhandledRejectionsTarget.dispatchEvent (node:internal/event_target:762:26)\n          at t.wasmExports.<computed> (file:///home/runner/work/playground-tester/playground-tester/node_modules/@php-wasm/universal/index.js:637:15)\n          at invoke_iiiii (file:///home/runner/work/playground-tester/playground-tester/node_modules/@php-wasm/node/index.js:99383:14)\n          at php.wasm._php_stream_xport_create (wasm://wasm/php.wasm-0424c09e:wasm-function[2265]:0x13998e)\n          at php.wasm.php_stream_url_wrap_http_ex (wasm://wasm/php.wasm-0424c09e:wasm-function[6937]:0x45bfd2)\n          at php.wasm.php_stream_url_wrap_http_ex (wasm://wasm/php.wasm-0424c09e:wasm-function[6937]:0x45efc5)\n          at php.wasm.php_stream_url_wrap_http_ex (wasm://wasm/php.wasm-0424c09e:wasm-function[6937]:0x45efc5)\n          at php.wasm.php_stream_url_wrap_http_ex (wasm://wasm/php.wasm-0424c09e:wasm-function[6937]:0x45efc5) {\n        cause: RuntimeError: memory access out of bounds\n            at php.wasm.emscripten_builtin_malloc (wasm://wasm/php.wasm-0424c09e:wasm-function[187]:0x13159)\n            at php.wasm.CRYPTO_zalloc (wasm://wasm/php.wasm-0424c09e:wasm-function[182]:0x12da8)\n            at php.wasm.BIO_new (wasm://wasm/php.wasm-0424c09e:wasm-function[428]:0x34976)\n            at php.wasm.BIO_new_file (wasm://wasm/php.wasm-0424c09e:wasm-function[1048]:0x933a0)\n            at php.wasm.X509_load_cert_crl_file (wasm://wasm/php.wasm-0424c09e:wasm-function[8697]:0x578545)\n            at php.wasm.by_file_ctrl (wasm://wasm/php.wasm-0424c09e:wasm-function[18133]:0x8b89f1)\n            at php.wasm.X509_LOOKUP_ctrl (wasm://wasm/php.wasm-0424c09e:wasm-function[2274]:0x13a897)\n            at php.wasm.X509_STORE_load_locations (wasm://wasm/php.wasm-0424c09e:wasm-function[3441]:0x221f52)\n            at php.wasm.SSL_CTX_load_verify_locations (wasm://wasm/php.wasm-0424c09e:wasm-function[8798]:0x58534a)\n            at php.wasm.php_openssl_sockop_set_option (wasm://wasm/php.wasm-0424c09e:wasm-function[13746]:0x769dda) {\n          cause: Error\n              at Asyncify.handleSleep (file:///home/runner/work/playground-tester/playground-tester/node_modules/@php-wasm/node/index.js:99711:45)\n              at returnCallback (file:///home/runner/work/playground-tester/playground-tester/node_modules/@php-wasm/node/index.js:98722:51)\n              at wasm_poll_socket (file:///home/runner/work/playground-tester/playground-tester/node_modules/@php-wasm/node/index.js:98729:12)\n              at php.wasm.php_pollfd_for (wasm://wasm/php.wasm-0424c09e:wasm-function[1239]:0xad01b)\n              at php.wasm.php_openssl_sockop_io (wasm://wasm/php.wasm-0424c09e:wasm-function[6990]:0x46ea79)\n              at php.wasm.php_openssl_sockop_read (wasm://wasm/php.wasm-0424c09e:wasm-function[13747]:0x76c3b4)\n              at php.wasm._php_stream_fill_read_buffer (wasm://wasm/php.wasm-0424c09e:wasm-function[4248]:0x296335)\n              at php.wasm._php_stream_get_line (wasm://wasm/php.wasm-0424c09e:wasm-function[374]:0x2c8a7)\n              at php.wasm.php_stream_url_wrap_http_ex (wasm://wasm/php.wasm-0424c09e:wasm-function[6937]:0x45e15e)\n              at php.wasm.php_stream_url_wrap_http_ex (wasm://wasm/php.wasm-0424c09e:wasm-function[6937]:0x45efc5)\n        },\n        betterMessage: 'memory access out of bounds'\n      }\n    }\n  }\n}\n\n","log":"/logs/plugins/c/corona-update/error.json"}
]
