[
{"message":"file:///home/runner/work/playground-tester/playground-tester/node_modules/@wp-playground/cli/run-cli-j-geJYS3.js:325\n        throw new Error($, { cause: h });\n              ^\n","level":"FATAL","type":"PLAYGROUND","test":"ast-sqlite-boot","plugin":"ct-contact","details":"file:///home/runner/work/playground-tester/playground-tester/node_modules/@wp-playground/cli/run-cli-j-geJYS3.js:325\n        throw new Error($, { cause: h });\n              ^\n","log":"/tmp/tmp.mVGGuXqYkP"}
,
{"message":"Required parameter $srcParams follows optional parameter $src in /wordpress/wp-content/plugins/cb-visual-shortcode/vendor/CBPoint/VSFramework/EventArgs.class.php on line 51","level":"DEPRECATED","type":"PHP","test":"ast-sqlite-boot","plugin":"ct-contact","details":"[16-Jun-2025 17:51:16 UTC] PHP Deprecated:  Required parameter $srcParams follows optional parameter $src in /wordpress/wp-content/plugins/cb-visual-shortcode/vendor/CBPoint/VSFramework/EventArgs.class.php on line 51","log":"/logs/plugins/c/ct-contact/error.json"}
,
{"message":"Required parameter $srcParams follows optional parameter $src in /wordpress/wp-content/plugins/cb-visual-shortcode/vendor/CBPoint/VSFramework/EventArgs.class.php on line 51","level":"DEPRECATED","type":"PHP","test":"ast-sqlite-boot","plugin":"ct-contact","details":"[16-Jun-2025 17:51:25 UTC] PHP Deprecated:  Required parameter $srcParams follows optional parameter $src in /wordpress/wp-content/plugins/cb-visual-shortcode/vendor/CBPoint/VSFramework/EventArgs.class.php on line 51","log":"/logs/plugins/c/ct-contact/error.json"}
,
{"message":"Required parameter $srcParams follows optional parameter $src in /wordpress/wp-content/plugins/cb-visual-shortcode/vendor/CBPoint/VSFramework/EventArgs.class.php on line 51","level":"DEPRECATED","type":"PHP","test":"ast-sqlite-boot","plugin":"ct-contact","details":"[16-Jun-2025 17:51:34 UTC] PHP Deprecated:  Required parameter $srcParams follows optional parameter $src in /wordpress/wp-content/plugins/cb-visual-shortcode/vendor/CBPoint/VSFramework/EventArgs.class.php on line 51","log":"/logs/plugins/c/ct-contact/error.json"}
,
{"message":"Undefined array key \"HTTP_USER_AGENT\" in /wordpress/wp-content/plugins/contact-switcheroo/contact-switcheroo.php on line 11","level":"WARNING","type":"PHP","test":"ast-sqlite-boot","plugin":"ct-contact","details":"[16-Jun-2025 17:57:08 UTC] PHP Warning:  Undefined array key \"HTTP_USER_AGENT\" in /wordpress/wp-content/plugins/contact-switcheroo/contact-switcheroo.php on line 11","log":"/logs/plugins/c/ct-contact/error.json"}
,
{"message":"Undefined array key \"HTTP_USER_AGENT\" in /wordpress/wp-content/plugins/contact-switcheroo/contact-switcheroo.php on line 11","level":"WARNING","type":"PHP","test":"ast-sqlite-boot","plugin":"ct-contact","details":"[16-Jun-2025 17:57:09 UTC] PHP Warning:  Undefined array key \"HTTP_USER_AGENT\" in /wordpress/wp-content/plugins/contact-switcheroo/contact-switcheroo.php on line 11","log":"/logs/plugins/c/ct-contact/error.json"}
,
{"message":"Undefined array key \"HTTP_USER_AGENT\" in /wordpress/wp-content/plugins/contact-switcheroo/contact-switcheroo.php on line 11","level":"WARNING","type":"PHP","test":"ast-sqlite-boot","plugin":"ct-contact","details":"[16-Jun-2025 17:57:17 UTC] PHP Warning:  Undefined array key \"HTTP_USER_AGENT\" in /wordpress/wp-content/plugins/contact-switcheroo/contact-switcheroo.php on line 11","log":"/logs/plugins/c/ct-contact/error.json"}
,
{"message":"Undefined array key \"HTTP_USER_AGENT\" in /wordpress/wp-content/plugins/contact-switcheroo/contact-switcheroo.php on line 11","level":"WARNING","type":"PHP","test":"ast-sqlite-boot","plugin":"ct-contact","details":"[16-Jun-2025 17:57:17 UTC] PHP Warning:  Undefined array key \"HTTP_USER_AGENT\" in /wordpress/wp-content/plugins/contact-switcheroo/contact-switcheroo.php on line 11","log":"/logs/plugins/c/ct-contact/error.json"}
,
{"message":"Undefined array key \"HTTP_USER_AGENT\" in /wordpress/wp-content/plugins/contact-switcheroo/contact-switcheroo.php on line 11","level":"WARNING","type":"PHP","test":"ast-sqlite-boot","plugin":"ct-contact","details":"[16-Jun-2025 17:57:26 UTC] PHP Warning:  Undefined array key \"HTTP_USER_AGENT\" in /wordpress/wp-content/plugins/contact-switcheroo/contact-switcheroo.php on line 11","log":"/logs/plugins/c/ct-contact/error.json"}
,
{"message":"Undefined array key \"HTTP_USER_AGENT\" in /wordpress/wp-content/plugins/contact-switcheroo/contact-switcheroo.php on line 11","level":"WARNING","type":"PHP","test":"ast-sqlite-boot","plugin":"ct-contact","details":"[16-Jun-2025 17:57:27 UTC] PHP Warning:  Undefined array key \"HTTP_USER_AGENT\" in /wordpress/wp-content/plugins/contact-switcheroo/contact-switcheroo.php on line 11","log":"/logs/plugins/c/ct-contact/error.json"}
,
{"message":"Required parameter $convers8_user_id follows optional parameter $status in /wordpress/wp-content/plugins/convers8/connect.php on line 80","level":"DEPRECATED","type":"PHP","test":"ast-sqlite-boot","plugin":"ct-contact","details":"[16-Jun-2025 17:57:37 UTC] PHP Deprecated:  Required parameter $convers8_user_id follows optional parameter $status in /wordpress/wp-content/plugins/convers8/connect.php on line 80","log":"/logs/plugins/c/ct-contact/error.json"}
,
{"message":"File registration.php is <strong>deprecated</strong> since version 3.1.0 with no alternative available. This file no longer needs to be included. in /wordpress/wp-includes/functions.php on line 6121","level":"DEPRECATED","type":"PHP","test":"ast-sqlite-boot","plugin":"ct-contact","details":"[16-Jun-2025 17:57:37 UTC] PHP Deprecated:  File registration.php is <strong>deprecated</strong> since version 3.1.0 with no alternative available. This file no longer needs to be included. in /wordpress/wp-includes/functions.php on line 6121","log":"/logs/plugins/c/ct-contact/error.json"}
,
{"message":"Uncaught Error: Undefined constant \"CONVERS8_LOGIN_FAILED\" in /wordpress/wp-content/plugins/convers8/connect.php:4","level":"FATAL","type":"PHP","test":"ast-sqlite-boot","plugin":"ct-contact","details":"[16-Jun-2025 17:57:37 UTC] PHP Fatal error:  Uncaught Error: Undefined constant \"CONVERS8_LOGIN_FAILED\" in /wordpress/wp-content/plugins/convers8/connect.php:4\nStack trace:\n#0 /wordpress/wp-content/plugins/convers8/Convers8.php(20): include_once()\n#1 /wordpress/wp-admin/includes/plugin.php(2387): include_once('/wordpress/wp-c...')\n#2 /wordpress/wp-admin/includes/plugin.php(673): plugin_sandbox_scrape('convers8/Conver...')\n#3 /internal/eval.php(20): activate_plugin('convers8/Conver...')\n#4 {main}\n  thrown in /wordpress/wp-content/plugins/convers8/connect.php on line 4","log":"/logs/plugins/c/ct-contact/error.json"}
,
{"message":"Required parameter $convers8_user_id follows optional parameter $status in /wordpress/wp-content/plugins/convers8/connect.php on line 80","level":"DEPRECATED","type":"PHP","test":"ast-sqlite-boot","plugin":"ct-contact","details":"[16-Jun-2025 17:57:45 UTC] PHP Deprecated:  Required parameter $convers8_user_id follows optional parameter $status in /wordpress/wp-content/plugins/convers8/connect.php on line 80","log":"/logs/plugins/c/ct-contact/error.json"}
,
{"message":"File registration.php is <strong>deprecated</strong> since version 3.1.0 with no alternative available. This file no longer needs to be included. in /wordpress/wp-includes/functions.php on line 6121","level":"DEPRECATED","type":"PHP","test":"ast-sqlite-boot","plugin":"ct-contact","details":"[16-Jun-2025 17:57:45 UTC] PHP Deprecated:  File registration.php is <strong>deprecated</strong> since version 3.1.0 with no alternative available. This file no longer needs to be included. in /wordpress/wp-includes/functions.php on line 6121","log":"/logs/plugins/c/ct-contact/error.json"}
,
{"message":"Uncaught Error: Undefined constant \"CONVERS8_LOGIN_FAILED\" in /wordpress/wp-content/plugins/convers8/connect.php:4","level":"FATAL","type":"PHP","test":"ast-sqlite-boot","plugin":"ct-contact","details":"[16-Jun-2025 17:57:45 UTC] PHP Fatal error:  Uncaught Error: Undefined constant \"CONVERS8_LOGIN_FAILED\" in /wordpress/wp-content/plugins/convers8/connect.php:4\nStack trace:\n#0 /wordpress/wp-content/plugins/convers8/Convers8.php(20): include_once()\n#1 /wordpress/wp-admin/includes/plugin.php(2387): include_once('/wordpress/wp-c...')\n#2 /wordpress/wp-admin/includes/plugin.php(673): plugin_sandbox_scrape('convers8/Conver...')\n#3 /internal/eval.php(20): activate_plugin('convers8/Conver...')\n#4 {main}\n  thrown in /wordpress/wp-content/plugins/convers8/connect.php on line 4","log":"/logs/plugins/c/ct-contact/error.json"}
,
{"message":"Required parameter $convers8_user_id follows optional parameter $status in /wordpress/wp-content/plugins/convers8/connect.php on line 80","level":"DEPRECATED","type":"PHP","test":"ast-sqlite-boot","plugin":"ct-contact","details":"[16-Jun-2025 17:57:54 UTC] PHP Deprecated:  Required parameter $convers8_user_id follows optional parameter $status in /wordpress/wp-content/plugins/convers8/connect.php on line 80","log":"/logs/plugins/c/ct-contact/error.json"}
,
{"message":"File registration.php is <strong>deprecated</strong> since version 3.1.0 with no alternative available. This file no longer needs to be included. in /wordpress/wp-includes/functions.php on line 6121","level":"DEPRECATED","type":"PHP","test":"ast-sqlite-boot","plugin":"ct-contact","details":"[16-Jun-2025 17:57:54 UTC] PHP Deprecated:  File registration.php is <strong>deprecated</strong> since version 3.1.0 with no alternative available. This file no longer needs to be included. in /wordpress/wp-includes/functions.php on line 6121","log":"/logs/plugins/c/ct-contact/error.json"}
,
{"message":"Uncaught Error: Undefined constant \"CONVERS8_LOGIN_FAILED\" in /wordpress/wp-content/plugins/convers8/connect.php:4","level":"FATAL","type":"PHP","test":"ast-sqlite-boot","plugin":"ct-contact","details":"[16-Jun-2025 17:57:54 UTC] PHP Fatal error:  Uncaught Error: Undefined constant \"CONVERS8_LOGIN_FAILED\" in /wordpress/wp-content/plugins/convers8/connect.php:4\nStack trace:\n#0 /wordpress/wp-content/plugins/convers8/Convers8.php(20): include_once()\n#1 /wordpress/wp-admin/includes/plugin.php(2387): include_once('/wordpress/wp-c...')\n#2 /wordpress/wp-admin/includes/plugin.php(673): plugin_sandbox_scrape('convers8/Conver...')\n#3 /internal/eval.php(20): activate_plugin('convers8/Conver...')\n#4 {main}\n  thrown in /wordpress/wp-content/plugins/convers8/connect.php on line 4","log":"/logs/plugins/c/ct-contact/error.json"}
,
{"message":"Uncaught Error: Call to undefined function create_function() in /wordpress/wp-content/plugins/ct-contact/ct-contact.php:124","level":"FATAL","type":"PHP","test":"ast-sqlite-boot","plugin":"ct-contact","details":"[16-Jun-2025 18:00:53 UTC] PHP Fatal error:  Uncaught Error: Call to undefined function create_function() in /wordpress/wp-content/plugins/ct-contact/ct-contact.php:124\nStack trace:\n#0 /wordpress/wp-admin/includes/plugin.php(2387): include_once()\n#1 /wordpress/wp-admin/includes/plugin.php(673): plugin_sandbox_scrape('ct-contact/ct-c...')\n#2 /internal/eval.php(20): activate_plugin('ct-contact/ct-c...')\n#3 {main}\n  thrown in /wordpress/wp-content/plugins/ct-contact/ct-contact.php on line 124\n\n    at Object.onBind (file:///home/runner/work/playground-tester/playground-tester/node_modules/@wp-playground/cli/run-cli-j-geJYS3.js:325:15)\n    at process.processTicksAndRejections (node:internal/process/task_queues:105:5)\n    at async re (file:///home/runner/work/playground-tester/playground-tester/node_modules/@wp-playground/cli/run-cli-j-geJYS3.js:149:10) {\n  [cause]: Error: Error when executing the blueprint step #5 ({\"step\":\"installPlugin\",\"pluginData\":{\"resource\":\"wordpress.org/plugins\",\"slug\":\"ct-contact\"},\"options\":{\"activate\":true}}) : PHP.run() failed with exit code 255 and the following output: \n      at Object.run (file:///home/runner/work/playground-tester/playground-tester/node_modules/@wp-playground/blueprints/index.js:12093:19)\n      at process.processTicksAndRejections (node:internal/process/task_queues:105:5)\n      at async ys (file:///home/runner/work/playground-tester/playground-tester/node_modules/@wp-playground/blueprints/index.js:12196:3)\n      at async Object.onBind (file:///home/runner/work/playground-tester/playground-tester/node_modules/@wp-playground/cli/run-cli-j-geJYS3.js:315:48)\n      at async re (file:///home/runner/work/playground-tester/playground-tester/node_modules/@wp-playground/cli/run-cli-j-geJYS3.js:149:10) {\n    [cause]: PHPExecutionFailureError: PHP.run() failed with exit code 255 and the following output: \n        at PHP.run (file:///home/runner/work/playground-tester/playground-tester/node_modules/@php-wasm/universal/index.js:1034:19)\n        at process.processTicksAndRejections (node:internal/process/task_queues:105:5)\n        at async wr (file:///home/runner/work/playground-tester/playground-tester/node_modules/@wp-playground/blueprints/index.js:34:39)\n        at async Object.gt [as installPlugin] (file:///home/runner/work/playground-tester/playground-tester/node_modules/@wp-playground/blueprints/index.js:631:42)\n        at async g (file:///home/runner/work/playground-tester/playground-tester/node_modules/@wp-playground/blueprints/index.js:12161:30)\n        at async Object.run (file:///home/runner/work/playground-tester/playground-tester/node_modules/@wp-playground/blueprints/index.js:12090:23)\n        at async ys (file:///home/runner/work/playground-tester/playground-tester/node_modules/@wp-playground/blueprints/index.js:12196:3)\n        at async Object.onBind (file:///home/runner/work/playground-tester/playground-tester/node_modules/@wp-playground/cli/run-cli-j-geJYS3.js:315:48)\n        at async re (file:///home/runner/work/playground-tester/playground-tester/node_modules/@wp-playground/cli/run-cli-j-geJYS3.js:149:10) {\n      response: PHPResponse {\n        httpStatusCode: 500,\n        headers: {\n          'x-powered-by': [ 'PHP/8.0.30-dev' ],\n          'content-type': [ 'text/html; charset=UTF-8' ]\n        },\n        bytes: Uint8Array(0) [],\n        exitCode: 255,\n        errors: ''\n      },\n      source: 'request'\n    }\n  }\n}\n\n","log":"/logs/plugins/c/ct-contact/error.json"}
]
