[
{"message":"file:///home/runner/work/playground-tester/playground-tester/node_modules/@wp-playground/cli/run-cli-j-geJYS3.js:325\n        throw new Error($, { cause: h });\n              ^\n","level":"FATAL","type":"PLAYGROUND","test":"ast-sqlite-boot","plugin":"everiwhere-guide","details":"file:///home/runner/work/playground-tester/playground-tester/node_modules/@wp-playground/cli/run-cli-j-geJYS3.js:325\n        throw new Error($, { cause: h });\n              ^\n","log":"/tmp/tmp.M70LLpX70O"}
,
{"message":"Function _load_textdomain_just_in_time was called <strong>incorrectly</strong>. Translation loading for the <code>htevent</code> domain was triggered too early. This is usually an indicator for some code in the plugin or theme running too early. Translations should be loaded at the <code>init</code> action or later. Please see <a href=\"https://developer.wordpress.org/advanced-administration/debug/debug-wordpress/\">Debugging in WordPress</a> for more information. (This message was added in version 6.7.0.) in /wordpress/wp-includes/functions.php on line 6121","level":"NOTICE","type":"PHP","test":"ast-sqlite-boot","plugin":"everiwhere-guide","details":"[28-Jun-2025 14:50:48 UTC] PHP Notice:  Function _load_textdomain_just_in_time was called <strong>incorrectly</strong>. Translation loading for the <code>htevent</code> domain was triggered too early. This is usually an indicator for some code in the plugin or theme running too early. Translations should be loaded at the <code>init</code> action or later. Please see <a href=\"https://developer.wordpress.org/advanced-administration/debug/debug-wordpress/\">Debugging in WordPress</a> for more information. (This message was added in version 6.7.0.) in /wordpress/wp-includes/functions.php on line 6121","log":"/logs/plugins/e/everiwhere-guide/error.json"}
,
{"message":"include_once(/wordpress/wp-content/plugins/ht-event/admin/cmb2/includes/CMB2_Hookup.php): Failed to open stream: No such file or directory in /wordpress/wp-content/plugins/ht-event/admin/cmb2/includes/helper-functions.php on line 44","level":"WARNING","type":"PHP","test":"ast-sqlite-boot","plugin":"everiwhere-guide","details":"[28-Jun-2025 14:50:49 UTC] PHP Warning:  include_once(/wordpress/wp-content/plugins/ht-event/admin/cmb2/includes/CMB2_Hookup.php): Failed to open stream: No such file or directory in /wordpress/wp-content/plugins/ht-event/admin/cmb2/includes/helper-functions.php on line 44","log":"/logs/plugins/e/everiwhere-guide/error.json"}
,
{"message":"include_once(): Failed opening '/wordpress/wp-content/plugins/ht-event/admin/cmb2/includes/CMB2_Hookup.php' for inclusion (include_path='.:') in /wordpress/wp-content/plugins/ht-event/admin/cmb2/includes/helper-functions.php on line 44","level":"WARNING","type":"PHP","test":"ast-sqlite-boot","plugin":"everiwhere-guide","details":"[28-Jun-2025 14:50:49 UTC] PHP Warning:  include_once(): Failed opening '/wordpress/wp-content/plugins/ht-event/admin/cmb2/includes/CMB2_Hookup.php' for inclusion (include_path='.:') in /wordpress/wp-content/plugins/ht-event/admin/cmb2/includes/helper-functions.php on line 44","log":"/logs/plugins/e/everiwhere-guide/error.json"}
,
{"message":"Uncaught TypeError: call_user_func_array(): Argument #1 ($callback) must be a valid callback, class \"CMB2_Hookup\" not found in /wordpress/wp-includes/class-wp-hook.php:324","level":"FATAL","type":"PHP","test":"ast-sqlite-boot","plugin":"everiwhere-guide","details":"[28-Jun-2025 14:50:49 UTC] PHP Fatal error:  Uncaught TypeError: call_user_func_array(): Argument #1 ($callback) must be a valid callback, class \"CMB2_Hookup\" not found in /wordpress/wp-includes/class-wp-hook.php:324\nStack trace:\n#0 /wordpress/wp-includes/class-wp-hook.php(348): WP_Hook->apply_filters('', Array)\n#1 /wordpress/wp-includes/plugin.php(517): WP_Hook->do_action(Array)\n#2 /wordpress/wp-content/plugins/ht-event/admin/cmb2/bootstrap.php(75): do_action('cmb2_init_hooku...', Object(CMB2))\n#3 /wordpress/wp-content/plugins/ht-event/admin/cmb2/init.php(107): cmb2_bootstrap()\n#4 /wordpress/wp-includes/class-wp-hook.php(324): CMB2_Bootstrap_231->include_cmb('')\n#5 /wordpress/wp-includes/class-wp-hook.php(348): WP_Hook->apply_filters(NULL, Array)\n#6 /wordpress/wp-includes/plugin.php(517): WP_Hook->do_action(Array)\n#7 /wordpress/wp-settings.php(727): do_action('init')\n#8 /wordpress/wp-config.php(102): require_once('/wordpress/wp-s...')\n#9 /wordpress/wp-load.php(50): require_once('/wordpress/wp-c...')\n#10 /internal/eval.php(3): require_once('/wordpress/wp-l...')\n#11 {main}\n  thrown in /wordpress/wp-includes/class-wp-hook.php on line 324","log":"/logs/plugins/e/everiwhere-guide/error.json"}
,
{"message":"Function _load_textdomain_just_in_time was called <strong>incorrectly</strong>. Translation loading for the <code>htevent</code> domain was triggered too early. This is usually an indicator for some code in the plugin or theme running too early. Translations should be loaded at the <code>init</code> action or later. Please see <a href=\"https://developer.wordpress.org/advanced-administration/debug/debug-wordpress/\">Debugging in WordPress</a> for more information. (This message was added in version 6.7.0.) in /wordpress/wp-includes/functions.php on line 6121","level":"NOTICE","type":"PHP","test":"ast-sqlite-boot","plugin":"everiwhere-guide","details":"[28-Jun-2025 14:50:59 UTC] PHP Notice:  Function _load_textdomain_just_in_time was called <strong>incorrectly</strong>. Translation loading for the <code>htevent</code> domain was triggered too early. This is usually an indicator for some code in the plugin or theme running too early. Translations should be loaded at the <code>init</code> action or later. Please see <a href=\"https://developer.wordpress.org/advanced-administration/debug/debug-wordpress/\">Debugging in WordPress</a> for more information. (This message was added in version 6.7.0.) in /wordpress/wp-includes/functions.php on line 6121","log":"/logs/plugins/e/everiwhere-guide/error.json"}
,
{"message":"include_once(/wordpress/wp-content/plugins/ht-event/admin/cmb2/includes/CMB2_Hookup.php): Failed to open stream: No such file or directory in /wordpress/wp-content/plugins/ht-event/admin/cmb2/includes/helper-functions.php on line 44","level":"WARNING","type":"PHP","test":"ast-sqlite-boot","plugin":"everiwhere-guide","details":"[28-Jun-2025 14:51:00 UTC] PHP Warning:  include_once(/wordpress/wp-content/plugins/ht-event/admin/cmb2/includes/CMB2_Hookup.php): Failed to open stream: No such file or directory in /wordpress/wp-content/plugins/ht-event/admin/cmb2/includes/helper-functions.php on line 44","log":"/logs/plugins/e/everiwhere-guide/error.json"}
,
{"message":"include_once(): Failed opening '/wordpress/wp-content/plugins/ht-event/admin/cmb2/includes/CMB2_Hookup.php' for inclusion (include_path='.:') in /wordpress/wp-content/plugins/ht-event/admin/cmb2/includes/helper-functions.php on line 44","level":"WARNING","type":"PHP","test":"ast-sqlite-boot","plugin":"everiwhere-guide","details":"[28-Jun-2025 14:51:00 UTC] PHP Warning:  include_once(): Failed opening '/wordpress/wp-content/plugins/ht-event/admin/cmb2/includes/CMB2_Hookup.php' for inclusion (include_path='.:') in /wordpress/wp-content/plugins/ht-event/admin/cmb2/includes/helper-functions.php on line 44","log":"/logs/plugins/e/everiwhere-guide/error.json"}
,
{"message":"Uncaught TypeError: call_user_func_array(): Argument #1 ($callback) must be a valid callback, class \"CMB2_Hookup\" not found in /wordpress/wp-includes/class-wp-hook.php:324","level":"FATAL","type":"PHP","test":"ast-sqlite-boot","plugin":"everiwhere-guide","details":"[28-Jun-2025 14:51:00 UTC] PHP Fatal error:  Uncaught TypeError: call_user_func_array(): Argument #1 ($callback) must be a valid callback, class \"CMB2_Hookup\" not found in /wordpress/wp-includes/class-wp-hook.php:324\nStack trace:\n#0 /wordpress/wp-includes/class-wp-hook.php(348): WP_Hook->apply_filters('', Array)\n#1 /wordpress/wp-includes/plugin.php(517): WP_Hook->do_action(Array)\n#2 /wordpress/wp-content/plugins/ht-event/admin/cmb2/bootstrap.php(75): do_action('cmb2_init_hooku...', Object(CMB2))\n#3 /wordpress/wp-content/plugins/ht-event/admin/cmb2/init.php(107): cmb2_bootstrap()\n#4 /wordpress/wp-includes/class-wp-hook.php(324): CMB2_Bootstrap_231->include_cmb('')\n#5 /wordpress/wp-includes/class-wp-hook.php(348): WP_Hook->apply_filters(NULL, Array)\n#6 /wordpress/wp-includes/plugin.php(517): WP_Hook->do_action(Array)\n#7 /wordpress/wp-settings.php(727): do_action('init')\n#8 /wordpress/wp-config.php(102): require_once('/wordpress/wp-s...')\n#9 /wordpress/wp-load.php(50): require_once('/wordpress/wp-c...')\n#10 /internal/eval.php(3): require_once('/wordpress/wp-l...')\n#11 {main}\n  thrown in /wordpress/wp-includes/class-wp-hook.php on line 324","log":"/logs/plugins/e/everiwhere-guide/error.json"}
,
{"message":"Function _load_textdomain_just_in_time was called <strong>incorrectly</strong>. Translation loading for the <code>htevent</code> domain was triggered too early. This is usually an indicator for some code in the plugin or theme running too early. Translations should be loaded at the <code>init</code> action or later. Please see <a href=\"https://developer.wordpress.org/advanced-administration/debug/debug-wordpress/\">Debugging in WordPress</a> for more information. (This message was added in version 6.7.0.) in /wordpress/wp-includes/functions.php on line 6121","level":"NOTICE","type":"PHP","test":"ast-sqlite-boot","plugin":"everiwhere-guide","details":"[28-Jun-2025 14:51:11 UTC] PHP Notice:  Function _load_textdomain_just_in_time was called <strong>incorrectly</strong>. Translation loading for the <code>htevent</code> domain was triggered too early. This is usually an indicator for some code in the plugin or theme running too early. Translations should be loaded at the <code>init</code> action or later. Please see <a href=\"https://developer.wordpress.org/advanced-administration/debug/debug-wordpress/\">Debugging in WordPress</a> for more information. (This message was added in version 6.7.0.) in /wordpress/wp-includes/functions.php on line 6121","log":"/logs/plugins/e/everiwhere-guide/error.json"}
,
{"message":"include_once(/wordpress/wp-content/plugins/ht-event/admin/cmb2/includes/CMB2_Hookup.php): Failed to open stream: No such file or directory in /wordpress/wp-content/plugins/ht-event/admin/cmb2/includes/helper-functions.php on line 44","level":"WARNING","type":"PHP","test":"ast-sqlite-boot","plugin":"everiwhere-guide","details":"[28-Jun-2025 14:51:12 UTC] PHP Warning:  include_once(/wordpress/wp-content/plugins/ht-event/admin/cmb2/includes/CMB2_Hookup.php): Failed to open stream: No such file or directory in /wordpress/wp-content/plugins/ht-event/admin/cmb2/includes/helper-functions.php on line 44","log":"/logs/plugins/e/everiwhere-guide/error.json"}
,
{"message":"include_once(): Failed opening '/wordpress/wp-content/plugins/ht-event/admin/cmb2/includes/CMB2_Hookup.php' for inclusion (include_path='.:') in /wordpress/wp-content/plugins/ht-event/admin/cmb2/includes/helper-functions.php on line 44","level":"WARNING","type":"PHP","test":"ast-sqlite-boot","plugin":"everiwhere-guide","details":"[28-Jun-2025 14:51:12 UTC] PHP Warning:  include_once(): Failed opening '/wordpress/wp-content/plugins/ht-event/admin/cmb2/includes/CMB2_Hookup.php' for inclusion (include_path='.:') in /wordpress/wp-content/plugins/ht-event/admin/cmb2/includes/helper-functions.php on line 44","log":"/logs/plugins/e/everiwhere-guide/error.json"}
,
{"message":"Uncaught TypeError: call_user_func_array(): Argument #1 ($callback) must be a valid callback, class \"CMB2_Hookup\" not found in /wordpress/wp-includes/class-wp-hook.php:324","level":"FATAL","type":"PHP","test":"ast-sqlite-boot","plugin":"everiwhere-guide","details":"[28-Jun-2025 14:51:12 UTC] PHP Fatal error:  Uncaught TypeError: call_user_func_array(): Argument #1 ($callback) must be a valid callback, class \"CMB2_Hookup\" not found in /wordpress/wp-includes/class-wp-hook.php:324\nStack trace:\n#0 /wordpress/wp-includes/class-wp-hook.php(348): WP_Hook->apply_filters('', Array)\n#1 /wordpress/wp-includes/plugin.php(517): WP_Hook->do_action(Array)\n#2 /wordpress/wp-content/plugins/ht-event/admin/cmb2/bootstrap.php(75): do_action('cmb2_init_hooku...', Object(CMB2))\n#3 /wordpress/wp-content/plugins/ht-event/admin/cmb2/init.php(107): cmb2_bootstrap()\n#4 /wordpress/wp-includes/class-wp-hook.php(324): CMB2_Bootstrap_231->include_cmb('')\n#5 /wordpress/wp-includes/class-wp-hook.php(348): WP_Hook->apply_filters(NULL, Array)\n#6 /wordpress/wp-includes/plugin.php(517): WP_Hook->do_action(Array)\n#7 /wordpress/wp-settings.php(727): do_action('init')\n#8 /wordpress/wp-config.php(102): require_once('/wordpress/wp-s...')\n#9 /wordpress/wp-load.php(50): require_once('/wordpress/wp-c...')\n#10 /internal/eval.php(3): require_once('/wordpress/wp-l...')\n#11 {main}\n  thrown in /wordpress/wp-includes/class-wp-hook.php on line 324","log":"/logs/plugins/e/everiwhere-guide/error.json"}
,
{"message":"Uncaught ArgumentCountError: Too few arguments to function WP_Widget::__construct(), 0 passed in /wordpress/wp-includes/class-wp-widget-factory.php on line 62 and at least 2 expected in /wordpress/wp-includes/class-wp-widget.php:163","level":"FATAL","type":"PHP","test":"ast-sqlite-boot","plugin":"everiwhere-guide","details":"[28-Jun-2025 14:51:52 UTC] PHP Fatal error:  Uncaught ArgumentCountError: Too few arguments to function WP_Widget::__construct(), 0 passed in /wordpress/wp-includes/class-wp-widget-factory.php on line 62 and at least 2 expected in /wordpress/wp-includes/class-wp-widget.php:163\nStack trace:\n#0 /wordpress/wp-includes/class-wp-widget-factory.php(62): WP_Widget->__construct()\n#1 /wordpress/wp-includes/widgets.php(123): WP_Widget_Factory->register('Esolat_Widget')\n#2 /wordpress/wp-content/plugins/e-solat/e-solat.php(32): register_widget('Esolat_Widget')\n#3 /wordpress/wp-includes/class-wp-hook.php(324): esolat_load_widgets('')\n#4 /wordpress/wp-includes/class-wp-hook.php(348): WP_Hook->apply_filters(NULL, Array)\n#5 /wordpress/wp-includes/plugin.php(517): WP_Hook->do_action(Array)\n#6 /wordpress/wp-includes/widgets.php(1870): do_action('widgets_init')\n#7 /wordpress/wp-includes/class-wp-hook.php(324): wp_widgets_init('')\n#8 /wordpress/wp-includes/class-wp-hook.php(348): WP_Hook->apply_filters(NULL, Array)\n#9 /wordpress/wp-includes/plugin.php(517): WP_Hook->do_action(Array)\n#10 /wordpress/wp-settings.php(727): do_action('init')\n#11 /wordpress/wp-config.php(102): require_once('/wordpress/wp-s...')\n#12 /wordpress/wp-load.php(50): require_once('/wordpress/wp-c...')\n#13 /internal/eval.php(3): require_once('/wordpress/wp-l...')\n#14 {main}\n  thrown in /wordpress/wp-includes/class-wp-widget.php on line 163","log":"/logs/plugins/e/everiwhere-guide/error.json"}
,
{"message":"Uncaught ArgumentCountError: Too few arguments to function WP_Widget::__construct(), 0 passed in /wordpress/wp-includes/class-wp-widget-factory.php on line 62 and at least 2 expected in /wordpress/wp-includes/class-wp-widget.php:163","level":"FATAL","type":"PHP","test":"ast-sqlite-boot","plugin":"everiwhere-guide","details":"[28-Jun-2025 14:52:02 UTC] PHP Fatal error:  Uncaught ArgumentCountError: Too few arguments to function WP_Widget::__construct(), 0 passed in /wordpress/wp-includes/class-wp-widget-factory.php on line 62 and at least 2 expected in /wordpress/wp-includes/class-wp-widget.php:163\nStack trace:\n#0 /wordpress/wp-includes/class-wp-widget-factory.php(62): WP_Widget->__construct()\n#1 /wordpress/wp-includes/widgets.php(123): WP_Widget_Factory->register('Esolat_Widget')\n#2 /wordpress/wp-content/plugins/e-solat/e-solat.php(32): register_widget('Esolat_Widget')\n#3 /wordpress/wp-includes/class-wp-hook.php(324): esolat_load_widgets('')\n#4 /wordpress/wp-includes/class-wp-hook.php(348): WP_Hook->apply_filters(NULL, Array)\n#5 /wordpress/wp-includes/plugin.php(517): WP_Hook->do_action(Array)\n#6 /wordpress/wp-includes/widgets.php(1870): do_action('widgets_init')\n#7 /wordpress/wp-includes/class-wp-hook.php(324): wp_widgets_init('')\n#8 /wordpress/wp-includes/class-wp-hook.php(348): WP_Hook->apply_filters(NULL, Array)\n#9 /wordpress/wp-includes/plugin.php(517): WP_Hook->do_action(Array)\n#10 /wordpress/wp-settings.php(727): do_action('init')\n#11 /wordpress/wp-config.php(102): require_once('/wordpress/wp-s...')\n#12 /wordpress/wp-load.php(50): require_once('/wordpress/wp-c...')\n#13 /internal/eval.php(3): require_once('/wordpress/wp-l...')\n#14 {main}\n  thrown in /wordpress/wp-includes/class-wp-widget.php on line 163","log":"/logs/plugins/e/everiwhere-guide/error.json"}
,
{"message":"Uncaught ArgumentCountError: Too few arguments to function WP_Widget::__construct(), 0 passed in /wordpress/wp-includes/class-wp-widget-factory.php on line 62 and at least 2 expected in /wordpress/wp-includes/class-wp-widget.php:163","level":"FATAL","type":"PHP","test":"ast-sqlite-boot","plugin":"everiwhere-guide","details":"[28-Jun-2025 14:52:11 UTC] PHP Fatal error:  Uncaught ArgumentCountError: Too few arguments to function WP_Widget::__construct(), 0 passed in /wordpress/wp-includes/class-wp-widget-factory.php on line 62 and at least 2 expected in /wordpress/wp-includes/class-wp-widget.php:163\nStack trace:\n#0 /wordpress/wp-includes/class-wp-widget-factory.php(62): WP_Widget->__construct()\n#1 /wordpress/wp-includes/widgets.php(123): WP_Widget_Factory->register('Esolat_Widget')\n#2 /wordpress/wp-content/plugins/e-solat/e-solat.php(32): register_widget('Esolat_Widget')\n#3 /wordpress/wp-includes/class-wp-hook.php(324): esolat_load_widgets('')\n#4 /wordpress/wp-includes/class-wp-hook.php(348): WP_Hook->apply_filters(NULL, Array)\n#5 /wordpress/wp-includes/plugin.php(517): WP_Hook->do_action(Array)\n#6 /wordpress/wp-includes/widgets.php(1870): do_action('widgets_init')\n#7 /wordpress/wp-includes/class-wp-hook.php(324): wp_widgets_init('')\n#8 /wordpress/wp-includes/class-wp-hook.php(348): WP_Hook->apply_filters(NULL, Array)\n#9 /wordpress/wp-includes/plugin.php(517): WP_Hook->do_action(Array)\n#10 /wordpress/wp-settings.php(727): do_action('init')\n#11 /wordpress/wp-config.php(102): require_once('/wordpress/wp-s...')\n#12 /wordpress/wp-load.php(50): require_once('/wordpress/wp-c...')\n#13 /internal/eval.php(3): require_once('/wordpress/wp-l...')\n#14 {main}\n  thrown in /wordpress/wp-includes/class-wp-widget.php on line 163","log":"/logs/plugins/e/everiwhere-guide/error.json"}
,
{"message":"Unparenthesized `a ? b : c ? d : e` is not supported. Use either `(a ? b : c) ? d : e` or `a ? b : (c ? d : e)` in /wordpress/wp-content/plugins/easy-soundcloud-shortcode/EasySoundcloudShortcode.php on line 39","level":"FATAL","type":"PHP","test":"ast-sqlite-boot","plugin":"everiwhere-guide","details":"[28-Jun-2025 14:56:16 UTC] PHP Fatal error:  Unparenthesized `a ? b : c ? d : e` is not supported. Use either `(a ? b : c) ? d : e` or `a ? b : (c ? d : e)` in /wordpress/wp-content/plugins/easy-soundcloud-shortcode/EasySoundcloudShortcode.php on line 39","log":"/logs/plugins/e/everiwhere-guide/error.json"}
,
{"message":"Unparenthesized `a ? b : c ? d : e` is not supported. Use either `(a ? b : c) ? d : e` or `a ? b : (c ? d : e)` in /wordpress/wp-content/plugins/easy-soundcloud-shortcode/EasySoundcloudShortcode.php on line 39","level":"FATAL","type":"PHP","test":"ast-sqlite-boot","plugin":"everiwhere-guide","details":"[28-Jun-2025 14:56:24 UTC] PHP Fatal error:  Unparenthesized `a ? b : c ? d : e` is not supported. Use either `(a ? b : c) ? d : e` or `a ? b : (c ? d : e)` in /wordpress/wp-content/plugins/easy-soundcloud-shortcode/EasySoundcloudShortcode.php on line 39","log":"/logs/plugins/e/everiwhere-guide/error.json"}
,
{"message":"Unparenthesized `a ? b : c ? d : e` is not supported. Use either `(a ? b : c) ? d : e` or `a ? b : (c ? d : e)` in /wordpress/wp-content/plugins/easy-soundcloud-shortcode/EasySoundcloudShortcode.php on line 39","level":"FATAL","type":"PHP","test":"ast-sqlite-boot","plugin":"everiwhere-guide","details":"[28-Jun-2025 14:56:33 UTC] PHP Fatal error:  Unparenthesized `a ? b : c ? d : e` is not supported. Use either `(a ? b : c) ? d : e` or `a ? b : (c ? d : e)` in /wordpress/wp-content/plugins/easy-soundcloud-shortcode/EasySoundcloudShortcode.php on line 39","log":"/logs/plugins/e/everiwhere-guide/error.json"}
,
{"message":"Uncaught PDOException: SQLSTATE[HY000] [2002] Address family not supported by protocol in /wordpress/wp-content/plugins/easydocs/vendor/illuminate/database/Connectors/Connector.php:67","level":"FATAL","type":"PHP","test":"ast-sqlite-boot","plugin":"everiwhere-guide","details":"[28-Jun-2025 14:56:45 UTC] PHP Fatal error:  Uncaught PDOException: SQLSTATE[HY000] [2002] Address family not supported by protocol in /wordpress/wp-content/plugins/easydocs/vendor/illuminate/database/Connectors/Connector.php:67\nStack trace:\n#0 /wordpress/wp-content/plugins/easydocs/vendor/illuminate/database/Connectors/Connector.php(67): PDO->__construct('mysql:host=loca...', 'username_here', 'password_here', Array)\n#1 /wordpress/wp-content/plugins/easydocs/vendor/illuminate/database/Connectors/Connector.php(43): Illuminate\\Database\\Connectors\\Connector->createPdoConnection('mysql:host=loca...', 'username_here', 'password_here', Array)\n#2 /wordpress/wp-content/plugins/easydocs/vendor/illuminate/database/Connectors/MySqlConnector.php(24): Illuminate\\Database\\Connectors\\Connector->createConnection('mysql:host=loca...', Array, Array)\n#3 /wordpress/wp-content/plugins/easydocs/vendor/illuminate/database/Connectors/ConnectionFactory.php(183): Illuminate\\Database\\Connectors\\MySqlConnector->connect(Array)\n#4 [internal function]: Illuminate\\Database\\Connectors\\ConnectionFactory->Illuminate\\Database\\Connectors\\{closure}()\n#5 /wordpress/wp-content/plugins/easydocs/vendor/illuminate/database/Connection.php(915): call_user_func(Object(Closure))\n#6 /wordpress/wp-content/plugins/easydocs/vendor/illuminate/database/Connection.php(940): Illuminate\\Database\\Connection->getPdo()\n#7 /wordpress/wp-content/plugins/easydocs/vendor/illuminate/database/Connection.php(399): Illuminate\\Database\\Connection->getReadPdo()\n#8 /wordpress/wp-content/plugins/easydocs/vendor/illuminate/database/Connection.php(325): Illuminate\\Database\\Connection->getPdoForSelect(true)\n#9 /wordpress/wp-content/plugins/easydocs/vendor/illuminate/database/Connection.php(657): Illuminate\\Database\\Connection->Illuminate\\Database\\{closure}('select * from i...', Array)\n#10 /wordpress/wp-content/plugins/easydocs/vendor/illuminate/database/Connection.php(624): Illuminate\\Database\\Connection->runQueryCallback('select * from i...', Array, Object(Closure))\n#11 /wordpress/wp-content/plugins/easydocs/vendor/illuminate/database/Connection.php(333): Illuminate\\Database\\Connection->run('select * from i...', Array, Object(Closure))\n#12 /wordpress/wp-content/plugins/easydocs/vendor/illuminate/database/Schema/MySqlBuilder.php(18): Illuminate\\Database\\Connection->select('select * from i...', Array)\n#13 /wordpress/wp-content/plugins/easydocs/easy-docs.php(86): Illuminate\\Database\\Schema\\MySqlBuilder->hasTable('ed_files')\n#14 /wordpress/wp-content/plugins/easydocs/easy-docs.php(141): EasyDocs\\check_updates()\n#15 /wordpress/wp-content/plugins/easydocs/easy-docs.php(146): EasyDocs\\run_easy_docs()\n#16 /wordpress/wp-admin/includes/plugin.php(2387): include_once('/wordpress/wp-c...')\n#17 /wordpress/wp-admin/includes/plugin.php(673): plugin_sandbox_scrape('easydocs/easy-d...')\n#18 /internal/eval.php(20): activate_plugin('easydocs/easy-d...')\n#19 {main}\n\nNext Illuminate\\Database\\QueryException: SQLSTATE[HY000] [2002] Address family not supported by protocol (SQL: select * from information_schema.tables where table_schema = database_name_here and table_name = ed_files) in /wordpress/wp-content/plugins/easydocs/vendor/illuminate/database/Connection.php:664\nStack trace:\n#0 /wordpress/wp-content/plugins/easydocs/vendor/illuminate/database/Connection.php(624): Illuminate\\Database\\Connection->runQueryCallback('select * from i...', Array, Object(Closure))\n#1 /wordpress/wp-content/plugins/easydocs/vendor/illuminate/database/Connection.php(333): Illuminate\\Database\\Connection->run('select * from i...', Array, Object(Closure))\n#2 /wordpress/wp-content/plugins/easydocs/vendor/illuminate/database/Schema/MySqlBuilder.php(18): Illuminate\\Database\\Connection->select('select * from i...', Array)\n#3 /wordpress/wp-content/plugins/easydocs/easy-docs.php(86): Illuminate\\Database\\Schema\\MySqlBuilder->hasTable('ed_files')\n#4 /wordpress/wp-content/plugins/easydocs/easy-docs.php(141): EasyDocs\\check_updates()\n#5 /wordpress/wp-content/plugins/easydocs/easy-docs.php(146): EasyDocs\\run_easy_docs()\n#6 /wordpress/wp-admin/includes/plugin.php(2387): include_once('/wordpress/wp-c...')\n#7 /wordpress/wp-admin/includes/plugin.php(673): plugin_sandbox_scrape('easydocs/easy-d...')\n#8 /internal/eval.php(20): activate_plugin('easydocs/easy-d...')\n#9 {main}\n  thrown in /wordpress/wp-content/plugins/easydocs/vendor/illuminate/database/Connection.php on line 664","log":"/logs/plugins/e/everiwhere-guide/error.json"}
,
{"message":"Uncaught PDOException: SQLSTATE[HY000] [2002] Address family not supported by protocol in /wordpress/wp-content/plugins/easydocs/vendor/illuminate/database/Connectors/Connector.php:67","level":"FATAL","type":"PHP","test":"ast-sqlite-boot","plugin":"everiwhere-guide","details":"[28-Jun-2025 14:56:56 UTC] PHP Fatal error:  Uncaught PDOException: SQLSTATE[HY000] [2002] Address family not supported by protocol in /wordpress/wp-content/plugins/easydocs/vendor/illuminate/database/Connectors/Connector.php:67\nStack trace:\n#0 /wordpress/wp-content/plugins/easydocs/vendor/illuminate/database/Connectors/Connector.php(67): PDO->__construct('mysql:host=loca...', 'username_here', 'password_here', Array)\n#1 /wordpress/wp-content/plugins/easydocs/vendor/illuminate/database/Connectors/Connector.php(43): Illuminate\\Database\\Connectors\\Connector->createPdoConnection('mysql:host=loca...', 'username_here', 'password_here', Array)\n#2 /wordpress/wp-content/plugins/easydocs/vendor/illuminate/database/Connectors/MySqlConnector.php(24): Illuminate\\Database\\Connectors\\Connector->createConnection('mysql:host=loca...', Array, Array)\n#3 /wordpress/wp-content/plugins/easydocs/vendor/illuminate/database/Connectors/ConnectionFactory.php(183): Illuminate\\Database\\Connectors\\MySqlConnector->connect(Array)\n#4 [internal function]: Illuminate\\Database\\Connectors\\ConnectionFactory->Illuminate\\Database\\Connectors\\{closure}()\n#5 /wordpress/wp-content/plugins/easydocs/vendor/illuminate/database/Connection.php(915): call_user_func(Object(Closure))\n#6 /wordpress/wp-content/plugins/easydocs/vendor/illuminate/database/Connection.php(940): Illuminate\\Database\\Connection->getPdo()\n#7 /wordpress/wp-content/plugins/easydocs/vendor/illuminate/database/Connection.php(399): Illuminate\\Database\\Connection->getReadPdo()\n#8 /wordpress/wp-content/plugins/easydocs/vendor/illuminate/database/Connection.php(325): Illuminate\\Database\\Connection->getPdoForSelect(true)\n#9 /wordpress/wp-content/plugins/easydocs/vendor/illuminate/database/Connection.php(657): Illuminate\\Database\\Connection->Illuminate\\Database\\{closure}('select * from i...', Array)\n#10 /wordpress/wp-content/plugins/easydocs/vendor/illuminate/database/Connection.php(624): Illuminate\\Database\\Connection->runQueryCallback('select * from i...', Array, Object(Closure))\n#11 /wordpress/wp-content/plugins/easydocs/vendor/illuminate/database/Connection.php(333): Illuminate\\Database\\Connection->run('select * from i...', Array, Object(Closure))\n#12 /wordpress/wp-content/plugins/easydocs/vendor/illuminate/database/Schema/MySqlBuilder.php(18): Illuminate\\Database\\Connection->select('select * from i...', Array)\n#13 /wordpress/wp-content/plugins/easydocs/easy-docs.php(86): Illuminate\\Database\\Schema\\MySqlBuilder->hasTable('ed_files')\n#14 /wordpress/wp-content/plugins/easydocs/easy-docs.php(141): EasyDocs\\check_updates()\n#15 /wordpress/wp-content/plugins/easydocs/easy-docs.php(146): EasyDocs\\run_easy_docs()\n#16 /wordpress/wp-admin/includes/plugin.php(2387): include_once('/wordpress/wp-c...')\n#17 /wordpress/wp-admin/includes/plugin.php(673): plugin_sandbox_scrape('easydocs/easy-d...')\n#18 /internal/eval.php(20): activate_plugin('easydocs/easy-d...')\n#19 {main}\n\nNext Illuminate\\Database\\QueryException: SQLSTATE[HY000] [2002] Address family not supported by protocol (SQL: select * from information_schema.tables where table_schema = database_name_here and table_name = ed_files) in /wordpress/wp-content/plugins/easydocs/vendor/illuminate/database/Connection.php:664\nStack trace:\n#0 /wordpress/wp-content/plugins/easydocs/vendor/illuminate/database/Connection.php(624): Illuminate\\Database\\Connection->runQueryCallback('select * from i...', Array, Object(Closure))\n#1 /wordpress/wp-content/plugins/easydocs/vendor/illuminate/database/Connection.php(333): Illuminate\\Database\\Connection->run('select * from i...', Array, Object(Closure))\n#2 /wordpress/wp-content/plugins/easydocs/vendor/illuminate/database/Schema/MySqlBuilder.php(18): Illuminate\\Database\\Connection->select('select * from i...', Array)\n#3 /wordpress/wp-content/plugins/easydocs/easy-docs.php(86): Illuminate\\Database\\Schema\\MySqlBuilder->hasTable('ed_files')\n#4 /wordpress/wp-content/plugins/easydocs/easy-docs.php(141): EasyDocs\\check_updates()\n#5 /wordpress/wp-content/plugins/easydocs/easy-docs.php(146): EasyDocs\\run_easy_docs()\n#6 /wordpress/wp-admin/includes/plugin.php(2387): include_once('/wordpress/wp-c...')\n#7 /wordpress/wp-admin/includes/plugin.php(673): plugin_sandbox_scrape('easydocs/easy-d...')\n#8 /internal/eval.php(20): activate_plugin('easydocs/easy-d...')\n#9 {main}\n  thrown in /wordpress/wp-content/plugins/easydocs/vendor/illuminate/database/Connection.php on line 664","log":"/logs/plugins/e/everiwhere-guide/error.json"}
,
{"message":"Uncaught PDOException: SQLSTATE[HY000] [2002] Address family not supported by protocol in /wordpress/wp-content/plugins/easydocs/vendor/illuminate/database/Connectors/Connector.php:67","level":"FATAL","type":"PHP","test":"ast-sqlite-boot","plugin":"everiwhere-guide","details":"[28-Jun-2025 14:57:09 UTC] PHP Fatal error:  Uncaught PDOException: SQLSTATE[HY000] [2002] Address family not supported by protocol in /wordpress/wp-content/plugins/easydocs/vendor/illuminate/database/Connectors/Connector.php:67\nStack trace:\n#0 /wordpress/wp-content/plugins/easydocs/vendor/illuminate/database/Connectors/Connector.php(67): PDO->__construct('mysql:host=loca...', 'username_here', 'password_here', Array)\n#1 /wordpress/wp-content/plugins/easydocs/vendor/illuminate/database/Connectors/Connector.php(43): Illuminate\\Database\\Connectors\\Connector->createPdoConnection('mysql:host=loca...', 'username_here', 'password_here', Array)\n#2 /wordpress/wp-content/plugins/easydocs/vendor/illuminate/database/Connectors/MySqlConnector.php(24): Illuminate\\Database\\Connectors\\Connector->createConnection('mysql:host=loca...', Array, Array)\n#3 /wordpress/wp-content/plugins/easydocs/vendor/illuminate/database/Connectors/ConnectionFactory.php(183): Illuminate\\Database\\Connectors\\MySqlConnector->connect(Array)\n#4 [internal function]: Illuminate\\Database\\Connectors\\ConnectionFactory->Illuminate\\Database\\Connectors\\{closure}()\n#5 /wordpress/wp-content/plugins/easydocs/vendor/illuminate/database/Connection.php(915): call_user_func(Object(Closure))\n#6 /wordpress/wp-content/plugins/easydocs/vendor/illuminate/database/Connection.php(940): Illuminate\\Database\\Connection->getPdo()\n#7 /wordpress/wp-content/plugins/easydocs/vendor/illuminate/database/Connection.php(399): Illuminate\\Database\\Connection->getReadPdo()\n#8 /wordpress/wp-content/plugins/easydocs/vendor/illuminate/database/Connection.php(325): Illuminate\\Database\\Connection->getPdoForSelect(true)\n#9 /wordpress/wp-content/plugins/easydocs/vendor/illuminate/database/Connection.php(657): Illuminate\\Database\\Connection->Illuminate\\Database\\{closure}('select * from i...', Array)\n#10 /wordpress/wp-content/plugins/easydocs/vendor/illuminate/database/Connection.php(624): Illuminate\\Database\\Connection->runQueryCallback('select * from i...', Array, Object(Closure))\n#11 /wordpress/wp-content/plugins/easydocs/vendor/illuminate/database/Connection.php(333): Illuminate\\Database\\Connection->run('select * from i...', Array, Object(Closure))\n#12 /wordpress/wp-content/plugins/easydocs/vendor/illuminate/database/Schema/MySqlBuilder.php(18): Illuminate\\Database\\Connection->select('select * from i...', Array)\n#13 /wordpress/wp-content/plugins/easydocs/easy-docs.php(86): Illuminate\\Database\\Schema\\MySqlBuilder->hasTable('ed_files')\n#14 /wordpress/wp-content/plugins/easydocs/easy-docs.php(141): EasyDocs\\check_updates()\n#15 /wordpress/wp-content/plugins/easydocs/easy-docs.php(146): EasyDocs\\run_easy_docs()\n#16 /wordpress/wp-admin/includes/plugin.php(2387): include_once('/wordpress/wp-c...')\n#17 /wordpress/wp-admin/includes/plugin.php(673): plugin_sandbox_scrape('easydocs/easy-d...')\n#18 /internal/eval.php(20): activate_plugin('easydocs/easy-d...')\n#19 {main}\n\nNext Illuminate\\Database\\QueryException: SQLSTATE[HY000] [2002] Address family not supported by protocol (SQL: select * from information_schema.tables where table_schema = database_name_here and table_name = ed_files) in /wordpress/wp-content/plugins/easydocs/vendor/illuminate/database/Connection.php:664\nStack trace:\n#0 /wordpress/wp-content/plugins/easydocs/vendor/illuminate/database/Connection.php(624): Illuminate\\Database\\Connection->runQueryCallback('select * from i...', Array, Object(Closure))\n#1 /wordpress/wp-content/plugins/easydocs/vendor/illuminate/database/Connection.php(333): Illuminate\\Database\\Connection->run('select * from i...', Array, Object(Closure))\n#2 /wordpress/wp-content/plugins/easydocs/vendor/illuminate/database/Schema/MySqlBuilder.php(18): Illuminate\\Database\\Connection->select('select * from i...', Array)\n#3 /wordpress/wp-content/plugins/easydocs/easy-docs.php(86): Illuminate\\Database\\Schema\\MySqlBuilder->hasTable('ed_files')\n#4 /wordpress/wp-content/plugins/easydocs/easy-docs.php(141): EasyDocs\\check_updates()\n#5 /wordpress/wp-content/plugins/easydocs/easy-docs.php(146): EasyDocs\\run_easy_docs()\n#6 /wordpress/wp-admin/includes/plugin.php(2387): include_once('/wordpress/wp-c...')\n#7 /wordpress/wp-admin/includes/plugin.php(673): plugin_sandbox_scrape('easydocs/easy-d...')\n#8 /internal/eval.php(20): activate_plugin('easydocs/easy-d...')\n#9 {main}\n  thrown in /wordpress/wp-content/plugins/easydocs/vendor/illuminate/database/Connection.php on line 664","log":"/logs/plugins/e/everiwhere-guide/error.json"}
,
{"message":"Function _load_textdomain_just_in_time was called <strong>incorrectly</strong>. Translation loading for the <code>event-calendar-wd</code> domain was triggered too early. This is usually an indicator for some code in the plugin or theme running too early. Translations should be loaded at the <code>init</code> action or later. Please see <a href=\"https://developer.wordpress.org/advanced-administration/debug/debug-wordpress/\">Debugging in WordPress</a> for more information. (This message was added in version 6.7.0.) in /wordpress/wp-includes/functions.php on line 6121","level":"NOTICE","type":"PHP","test":"ast-sqlite-boot","plugin":"everiwhere-guide","details":"[28-Jun-2025 14:59:19 UTC] PHP Notice:  Function _load_textdomain_just_in_time was called <strong>incorrectly</strong>. Translation loading for the <code>event-calendar-wd</code> domain was triggered too early. This is usually an indicator for some code in the plugin or theme running too early. Translations should be loaded at the <code>init</code> action or later. Please see <a href=\"https://developer.wordpress.org/advanced-administration/debug/debug-wordpress/\">Debugging in WordPress</a> for more information. (This message was added in version 6.7.0.) in /wordpress/wp-includes/functions.php on line 6121\n[28-Jun-2025 15:59:19 Europe/London] PHP Warning:  Trying to access array offset on value of type null in /wordpress/wp-content/plugins/event-calendar-wd/includes/ecwd-cpt-class.php on line 438","log":"/logs/plugins/e/everiwhere-guide/error.json"}
,
{"message":"Function _load_textdomain_just_in_time was called <strong>incorrectly</strong>. Translation loading for the <code>event-calendar-wd</code> domain was triggered too early. This is usually an indicator for some code in the plugin or theme running too early. Translations should be loaded at the <code>init</code> action or later. Please see <a href=\"https://developer.wordpress.org/advanced-administration/debug/debug-wordpress/\">Debugging in WordPress</a> for more information. (This message was added in version 6.7.0.) in /wordpress/wp-includes/functions.php on line 6121","level":"NOTICE","type":"PHP","test":"ast-sqlite-boot","plugin":"everiwhere-guide","details":"[28-Jun-2025 14:59:31 UTC] PHP Notice:  Function _load_textdomain_just_in_time was called <strong>incorrectly</strong>. Translation loading for the <code>event-calendar-wd</code> domain was triggered too early. This is usually an indicator for some code in the plugin or theme running too early. Translations should be loaded at the <code>init</code> action or later. Please see <a href=\"https://developer.wordpress.org/advanced-administration/debug/debug-wordpress/\">Debugging in WordPress</a> for more information. (This message was added in version 6.7.0.) in /wordpress/wp-includes/functions.php on line 6121\n[28-Jun-2025 15:59:31 Europe/London] PHP Warning:  Trying to access array offset on value of type null in /wordpress/wp-content/plugins/event-calendar-wd/includes/ecwd-cpt-class.php on line 438","log":"/logs/plugins/e/everiwhere-guide/error.json"}
,
{"message":"Function _load_textdomain_just_in_time was called <strong>incorrectly</strong>. Translation loading for the <code>event-calendar-wd</code> domain was triggered too early. This is usually an indicator for some code in the plugin or theme running too early. Translations should be loaded at the <code>init</code> action or later. Please see <a href=\"https://developer.wordpress.org/advanced-administration/debug/debug-wordpress/\">Debugging in WordPress</a> for more information. (This message was added in version 6.7.0.) in /wordpress/wp-includes/functions.php on line 6121","level":"NOTICE","type":"PHP","test":"ast-sqlite-boot","plugin":"everiwhere-guide","details":"[28-Jun-2025 14:59:42 UTC] PHP Notice:  Function _load_textdomain_just_in_time was called <strong>incorrectly</strong>. Translation loading for the <code>event-calendar-wd</code> domain was triggered too early. This is usually an indicator for some code in the plugin or theme running too early. Translations should be loaded at the <code>init</code> action or later. Please see <a href=\"https://developer.wordpress.org/advanced-administration/debug/debug-wordpress/\">Debugging in WordPress</a> for more information. (This message was added in version 6.7.0.) in /wordpress/wp-includes/functions.php on line 6121\n[28-Jun-2025 15:59:42 Europe/London] PHP Warning:  Trying to access array offset on value of type null in /wordpress/wp-content/plugins/event-calendar-wd/includes/ecwd-cpt-class.php on line 438\n\n    at Object.onBind (file:///home/runner/work/playground-tester/playground-tester/node_modules/@wp-playground/cli/run-cli-j-geJYS3.js:325:15)\n    at process.processTicksAndRejections (node:internal/process/task_queues:105:5)\n    at async re (file:///home/runner/work/playground-tester/playground-tester/node_modules/@wp-playground/cli/run-cli-j-geJYS3.js:149:10) {\n  [cause]: Error: Error when executing the blueprint step #5 ({\"step\":\"installPlugin\",\"pluginData\":{\"resource\":\"wordpress.org/plugins\",\"slug\":\"everiwhere-guide\"},\"options\":{\"activate\":true}}) : Could not download \"https://downloads.wordpress.org/plugin/everiwhere-guide.latest-stable.zip\".\n  \t\t\t\tCheck if the URL is correct and the server is reachable.\n  \t\t\t\tIf it is reachable, the server might be blocking the request.\n  \t\t\t\tCheck the browser console and network tabs for more information.\n  \n  \t\t\t\t## Does the console show the error \"No 'Access-Control-Allow-Origin' header\"?\n  \n  \t\t\t\tThis means the server that hosts your file does not allow requests from other sites\n  \t\t\t\t(cross-origin requests, or CORS).\tYou need to move the asset to a server that allows\n  \t\t\t\tcross-origin file downloads. Learn more about CORS at\n  \t\t\t\thttps://developer.mozilla.org/en-US/docs/Web/HTTP/CORS.\n  \n  \t\t\t\tIf your file is on GitHub, load it from \"raw.githubusercontent.com\".\n  \t\t\t\tHere's how to do that:\n  \n  \t\t\t\t1. Start with the original GitHub URL of the file. For example:\n  \t\t\t\thttps://github.com/username/repository/blob/branch/filename.\n  \t\t\t\t2. Replace \"github.com\" with \"raw.githubusercontent.com\".\n  \t\t\t\t3. Remove the \"/blob/\" part of the URL.\n  \n  \t\t\t\tThe resulting URL should look like this:\n  \t\t\t\thttps://raw.githubusercontent.com/username/repository/branch/filename\n  \n  \t\t\t\tError:\n  \t\t\t\tError: Could not download \"https://downloads.wordpress.org/plugin/everiwhere-guide.latest-stable.zip\"\n      at Object.run (file:///home/runner/work/playground-tester/playground-tester/node_modules/@wp-playground/blueprints/index.js:12093:19)\n      at process.processTicksAndRejections (node:internal/process/task_queues:105:5)\n      at async ys (file:///home/runner/work/playground-tester/playground-tester/node_modules/@wp-playground/blueprints/index.js:12196:3)\n      at async Object.onBind (file:///home/runner/work/playground-tester/playground-tester/node_modules/@wp-playground/cli/run-cli-j-geJYS3.js:315:48)\n      at async re (file:///home/runner/work/playground-tester/playground-tester/node_modules/@wp-playground/cli/run-cli-j-geJYS3.js:149:10) {\n    [cause]: Error: Could not download \"https://downloads.wordpress.org/plugin/everiwhere-guide.latest-stable.zip\".\n    \t\t\t\tCheck if the URL is correct and the server is reachable.\n    \t\t\t\tIf it is reachable, the server might be blocking the request.\n    \t\t\t\tCheck the browser console and network tabs for more information.\n    \n    \t\t\t\t## Does the console show the error \"No 'Access-Control-Allow-Origin' header\"?\n    \n    \t\t\t\tThis means the server that hosts your file does not allow requests from other sites\n    \t\t\t\t(cross-origin requests, or CORS).\tYou need to move the asset to a server that allows\n    \t\t\t\tcross-origin file downloads. Learn more about CORS at\n    \t\t\t\thttps://developer.mozilla.org/en-US/docs/Web/HTTP/CORS.\n    \n    \t\t\t\tIf your file is on GitHub, load it from \"raw.githubusercontent.com\".\n    \t\t\t\tHere's how to do that:\n    \n    \t\t\t\t1. Start with the original GitHub URL of the file. For example:\n    \t\t\t\thttps://github.com/username/repository/blob/branch/filename.\n    \t\t\t\t2. Replace \"github.com\" with \"raw.githubusercontent.com\".\n    \t\t\t\t3. Remove the \"/blob/\" part of the URL.\n    \n    \t\t\t\tThe resulting URL should look like this:\n    \t\t\t\thttps://raw.githubusercontent.com/username/repository/branch/filename\n    \n    \t\t\t\tError:\n    \t\t\t\tError: Could not download \"https://downloads.wordpress.org/plugin/everiwhere-guide.latest-stable.zip\"\n        at Ct.resolve (file:///home/runner/work/playground-tester/playground-tester/node_modules/@wp-playground/blueprints/index.js:1129:13)\n        at process.processTicksAndRejections (node:internal/process/task_queues:105:5)\n        at async _.run (file:///home/runner/work/playground-tester/playground-tester/node_modules/@php-wasm/util/index.js:45:14)\n  }\n}\n\n","log":"/logs/plugins/e/everiwhere-guide/error.json"}
]
