file:///home/runner/work/playground-tester/playground-tester/node_modules/@wp-playground/cli/index.js:237
        throw new Error(y, { cause: u });
              ^

Error: [09-May-2025 20:49:49 UTC] Opening DB connection
[09-May-2025 20:49:49 UTC] PHP Fatal error:  Uncaught envoqon\db\DbException: DbConnection failed to open the DB connection: SQLSTATE[HY000] [2002] Address family not supported by protocol in /wordpress/wp-content/plugins/expert-invoice/envoqon/db/DbConnection.php:139
Stack trace:
#0 /wordpress/wp-content/plugins/expert-invoice/envoqon/db/DbConnection.php(112): envoqon\db\DbConnection->open()
#1 /wordpress/wp-content/plugins/expert-invoice/envoqon/db/DbConnection.php(100): envoqon\db\DbConnection->setActive(true)
#2 /wordpress/wp-content/plugins/expert-invoice/envoqon/App.php(325): envoqon\db\DbConnection->init()
#3 /wordpress/wp-content/plugins/expert-invoice/envoqon/App.php(301): envoqon\App::getDb()
#4 /wordpress/wp-content/plugins/expert-invoice/envoqon/App.php(284): envoqon\App->instantiateMigration('m181231_124550_...')
#5 /wordpress/wp-content/plugins/expert-invoice/envoqon/App.php(255): envoqon\App->migrateUpImp('m181231_124550_...')
#6 /wordpress/wp-content/plugins/expert-invoice/expert-invoice.php(27): envoqon\App->migrateUp()
#7 /wordpress/wp-includes/class-wp-hook.php(324): expert_invoice_install(false)
#8 /wordpress/wp-includes/class-wp-hook.php(348): WP_Hook->apply_filters('', Array)
#9 /wordpress/wp-includes/plugin.php(517): WP_Hook->do_action(Array)
#10 /wordpress/wp-admin/includes/plugin.php(703): do_action('activate_expert...', false)
#11 /internal/eval.php(20): activate_plugin('expert-invoice/...')
#12 {main}
  thrown in /wordpress/wp-content/plugins/expert-invoice/envoqon/db/DbConnection.php on line 139
[09-May-2025 20:49:58 UTC] Opening DB connection
[09-May-2025 20:49:58 UTC] PHP Fatal error:  Uncaught envoqon\db\DbException: DbConnection failed to open the DB connection: SQLSTATE[HY000] [2002] Address family not supported by protocol in /wordpress/wp-content/plugins/expert-invoice/envoqon/db/DbConnection.php:139
Stack trace:
#0 /wordpress/wp-content/plugins/expert-invoice/envoqon/db/DbConnection.php(112): envoqon\db\DbConnection->open()
#1 /wordpress/wp-content/plugins/expert-invoice/envoqon/db/DbConnection.php(100): envoqon\db\DbConnection->setActive(true)
#2 /wordpress/wp-content/plugins/expert-invoice/envoqon/App.php(325): envoqon\db\DbConnection->init()
#3 /wordpress/wp-content/plugins/expert-invoice/envoqon/App.php(301): envoqon\App::getDb()
#4 /wordpress/wp-content/plugins/expert-invoice/envoqon/App.php(284): envoqon\App->instantiateMigration('m181231_124550_...')
#5 /wordpress/wp-content/plugins/expert-invoice/envoqon/App.php(255): envoqon\App->migrateUpImp('m181231_124550_...')
#6 /wordpress/wp-content/plugins/expert-invoice/expert-invoice.php(27): envoqon\App->migrateUp()
#7 /wordpress/wp-includes/class-wp-hook.php(324): expert_invoice_install(false)
#8 /wordpress/wp-includes/class-wp-hook.php(348): WP_Hook->apply_filters('', Array)
#9 /wordpress/wp-includes/plugin.php(517): WP_Hook->do_action(Array)
#10 /wordpress/wp-admin/includes/plugin.php(703): do_action('activate_expert...', false)
#11 /internal/eval.php(20): activate_plugin('expert-invoice/...')
#12 {main}
  thrown in /wordpress/wp-content/plugins/expert-invoice/envoqon/db/DbConnection.php on line 139
[09-May-2025 20:50:07 UTC] Opening DB connection
[09-May-2025 20:50:07 UTC] PHP Fatal error:  Uncaught envoqon\db\DbException: DbConnection failed to open the DB connection: SQLSTATE[HY000] [2002] Address family not supported by protocol in /wordpress/wp-content/plugins/expert-invoice/envoqon/db/DbConnection.php:139
Stack trace:
#0 /wordpress/wp-content/plugins/expert-invoice/envoqon/db/DbConnection.php(112): envoqon\db\DbConnection->open()
#1 /wordpress/wp-content/plugins/expert-invoice/envoqon/db/DbConnection.php(100): envoqon\db\DbConnection->setActive(true)
#2 /wordpress/wp-content/plugins/expert-invoice/envoqon/App.php(325): envoqon\db\DbConnection->init()
#3 /wordpress/wp-content/plugins/expert-invoice/envoqon/App.php(301): envoqon\App::getDb()
#4 /wordpress/wp-content/plugins/expert-invoice/envoqon/App.php(284): envoqon\App->instantiateMigration('m181231_124550_...')
#5 /wordpress/wp-content/plugins/expert-invoice/envoqon/App.php(255): envoqon\App->migrateUpImp('m181231_124550_...')
#6 /wordpress/wp-content/plugins/expert-invoice/expert-invoice.php(27): envoqon\App->migrateUp()
#7 /wordpress/wp-includes/class-wp-hook.php(324): expert_invoice_install(false)
#8 /wordpress/wp-includes/class-wp-hook.php(348): WP_Hook->apply_filters('', Array)
#9 /wordpress/wp-includes/plugin.php(517): WP_Hook->do_action(Array)
#10 /wordpress/wp-admin/includes/plugin.php(703): do_action('activate_expert...', false)
#11 /internal/eval.php(20): activate_plugin('expert-invoice/...')
#12 {main}
  thrown in /wordpress/wp-content/plugins/expert-invoice/envoqon/db/DbConnection.php on line 139
[09-May-2025 20:50:47 UTC] WordPress database error <div style="clear:both">&nbsp;</div>
<div class="queries" style="clear:both;margin-bottom:2px;border:red dotted thin;">
<p>MySQL query:</p>
<p>DROP FUNCTION IF EXISTS hrappka_distance_function;</p>
<p>Queries made or created this session were:</p>
<ol>
<li>Executing: BEGIN | (no parameters)</li>
<li>Executing: DROP FUNCTION IF EXISTS `hrappka_distance_function` | (no parameters)</li>
<li>Executing: ROLLBACK | (no parameters)</li>
</ol>
</div>
<div style="clear:both;margin-bottom:2px;border:red dotted thin;" class="error_message" style="border-bottom:dotted blue thin;">
SQLSTATE[HY000]: General error: 1 near "FUNCTION": syntax error
</div>
<p>Backtrace:</p>
<pre>#0 /internal/shared/sqlite-database-integration/wp-includes/sqlite-ast/class-wp-sqlite-driver.php(683): WP_SQLite_Driver->new_driver_exception('SQLSTATE[HY000]...', 'HY000', Object(PDOException))
#1 /internal/shared/sqlite-database-integration/wp-includes/sqlite/class-wp-sqlite-db.php(491): WP_SQLite_Driver->query('DROP FUNCTION I...')
#2 /internal/shared/sqlite-database-integration/wp-includes/sqlite/class-wp-sqlite-db.php(432): WP_SQLite_DB->_do_query('DROP FUNCTION I...')
#3 /wordpress/wp-content/plugins/hrappka-pl/Hrappka-offer-list.php(219): WP_SQLite_DB->query('DROP FUNCTION I...')
#4 /wordpress/wp-includes/class-wp-hook.php(324): Hrappka_Offer_List->when_plugin_activate(false)
#5 /wordpress/wp-includes/class-wp-hook.php(348): WP_Hook->apply_filters('', Array)
#6 /wordpress/wp-includes/plugin.php(517): WP_Hook->do_action(Array)
#7 /wordpress/wp-admin/includes/plugin.php(703): do_action('activate_hrappk...', false)
#8 /internal/eval.php(20): activate_plugin('hrappka-pl/Hrap...')
#9 {main}</pre>
 for query DROP FUNCTION IF EXISTS hrappka_distance_function; made by activate_plugin, do_action('activate_hrappka-pl/Hrappka-offer-list.php'), WP_Hook->do_action, WP_Hook->apply_filters, Hrappka_Offer_List->when_plugin_activate, WP_SQLite_DB->query, WP_SQLite_DB->print_error
[09-May-2025 20:50:47 UTC] PHP Fatal error:  Uncaught TypeError: mysqli_multi_query(): Argument #1 ($mysql) must be of type mysqli, WP_SQLite_Driver given in /wordpress/wp-content/plugins/hrappka-pl/Hrappka-offer-list.php:220
Stack trace:
#0 /wordpress/wp-content/plugins/hrappka-pl/Hrappka-offer-list.php(220): mysqli_multi_query(Object(WP_SQLite_Driver), 'CREATE FUNCTION...')
#1 /wordpress/wp-includes/class-wp-hook.php(324): Hrappka_Offer_List->when_plugin_activate(false)
#2 /wordpress/wp-includes/class-wp-hook.php(348): WP_Hook->apply_filters('', Array)
#3 /wordpress/wp-includes/plugin.php(517): WP_Hook->do_action(Array)
#4 /wordpress/wp-admin/includes/plugin.php(703): do_action('activate_hrappk...', false)
#5 /internal/eval.php(20): activate_plugin('hrappka-pl/Hrap...')
#6 {main}
  thrown in /wordpress/wp-content/plugins/hrappka-pl/Hrappka-offer-list.php on line 220
[09-May-2025 20:50:55 UTC] WordPress database error <div style="clear:both">&nbsp;</div>
<div class="queries" style="clear:both;margin-bottom:2px;border:red dotted thin;">
<p>MySQL query:</p>
<p>DROP FUNCTION IF EXISTS hrappka_distance_function;</p>
<p>Queries made or created this session were:</p>
<ol>
<li>Executing: BEGIN | (no parameters)</li>
<li>Executing: ROLLBACK | (no parameters)</li>
</ol>
</div>
<div style="clear:both;margin-bottom:2px;border:red dotted thin;" class="error_message" style="border-bottom:dotted blue thin;">
Error occurred at line 4117 in Function <code>handle_error</code>. Error message was: Unknown drop type: FUNCTION.
</div>
<p>Backtrace:</p>
<pre>#0 /internal/shared/sqlite-database-integration/wp-includes/sqlite/class-wp-sqlite-db.php(287): WP_SQLite_Translator->get_error_message()
#1 /wordpress/wp-content/plugins/hrappka-pl/Hrappka-offer-list.php(219): WP_SQLite_DB->query('DROP FUNCTION I...')
#2 /wordpress/wp-includes/class-wp-hook.php(324): Hrappka_Offer_List->when_plugin_activate(false)
#3 /wordpress/wp-includes/class-wp-hook.php(348): WP_Hook->apply_filters('', Array)
#4 /wordpress/wp-includes/plugin.php(517): WP_Hook->do_action(Array)
#5 /wordpress/wp-admin/includes/plugin.php(703): do_action('activate_hrappk...', false)
#6 /internal/eval.php(20): activate_plugin('hrappka-pl/Hrap...')
#7 {main}</pre>
 for query DROP FUNCTION IF EXISTS hrappka_distance_function; made by activate_plugin, do_action('activate_hrappka-pl/Hrappka-offer-list.php'), WP_Hook->do_action, WP_Hook->apply_filters, Hrappka_Offer_List->when_plugin_activate, WP_SQLite_DB->query, WP_SQLite_DB->print_error
[09-May-2025 20:50:55 UTC] PHP Fatal error:  Uncaught TypeError: mysqli_multi_query(): Argument #1 ($mysql) must be of type mysqli, WP_SQLite_Translator given in /wordpress/wp-content/plugins/hrappka-pl/Hrappka-offer-list.php:220
Stack trace:
#0 /wordpress/wp-content/plugins/hrappka-pl/Hrappka-offer-list.php(220): mysqli_multi_query(Object(WP_SQLite_Translator), 'CREATE FUNCTION...')
#1 /wordpress/wp-includes/class-wp-hook.php(324): Hrappka_Offer_List->when_plugin_activate(false)
#2 /wordpress/wp-includes/class-wp-hook.php(348): WP_Hook->apply_filters('', Array)
#3 /wordpress/wp-includes/plugin.php(517): WP_Hook->do_action(Array)
#4 /wordpress/wp-admin/includes/plugin.php(703): do_action('activate_hrappk...', false)
#5 /internal/eval.php(20): activate_plugin('hrappka-pl/Hrap...')
#6 {main}
  thrown in /wordpress/wp-content/plugins/hrappka-pl/Hrappka-offer-list.php on line 220

    at Object.onBind (file:///home/runner/work/playground-tester/playground-tester/node_modules/@wp-playground/cli/index.js:237:15)
    at process.processTicksAndRejections (node:internal/process/task_queues:105:5)
    at async V (file:///home/runner/work/playground-tester/playground-tester/node_modules/@wp-playground/cli/index.js:64:10)
    at async ja (file:///home/runner/work/playground-tester/playground-tester/node_modules/@wp-playground/cli/cli.js:8161:12) {
  [cause]: Error: Error when executing the blueprint step #1 ({"step":"installPlugin","pluginData":{"resource":"wordpress.org/plugins","slug":"hrappka-pl"},"options":{"activate":true}}) : PHP.run() failed with exit code 255 and the following output: 
      at Object.run (file:///home/runner/work/playground-tester/playground-tester/node_modules/@wp-playground/blueprints/index.js:12449:19)
      at process.processTicksAndRejections (node:internal/process/task_queues:105:5)
      at async ms (file:///home/runner/work/playground-tester/playground-tester/node_modules/@wp-playground/blueprints/index.js:12552:3)
      ... 2 lines matching cause stack trace ...
      at async ja (file:///home/runner/work/playground-tester/playground-tester/node_modules/@wp-playground/cli/cli.js:8161:12) {
    [cause]: PHPExecutionFailureError: PHP.run() failed with exit code 255 and the following output: 
        at PHP.run (file:///home/runner/work/playground-tester/playground-tester/node_modules/@php-wasm/universal/index.js:987:19)
        at process.processTicksAndRejections (node:internal/process/task_queues:105:5)
        at async wr (file:///home/runner/work/playground-tester/playground-tester/node_modules/@wp-playground/blueprints/index.js:33:39)
        at async Object.gt [as installPlugin] (file:///home/runner/work/playground-tester/playground-tester/node_modules/@wp-playground/blueprints/index.js:974:42)
        at async g (file:///home/runner/work/playground-tester/playground-tester/node_modules/@wp-playground/blueprints/index.js:12517:30)
        at async Object.run (file:///home/runner/work/playground-tester/playground-tester/node_modules/@wp-playground/blueprints/index.js:12446:23)
        at async ms (file:///home/runner/work/playground-tester/playground-tester/node_modules/@wp-playground/blueprints/index.js:12552:3)
        at async Object.onBind (file:///home/runner/work/playground-tester/playground-tester/node_modules/@wp-playground/cli/index.js:227:48)
        at async V (file:///home/runner/work/playground-tester/playground-tester/node_modules/@wp-playground/cli/index.js:64:10)
        at async ja (file:///home/runner/work/playground-tester/playground-tester/node_modules/@wp-playground/cli/cli.js:8161:12) {
      response: PHPResponse {
        httpStatusCode: 500,
        headers: {
          'x-powered-by': [ 'PHP/8.0.30-dev' ],
          'content-type': [ 'text/html; charset=UTF-8' ]
        },
        bytes: Uint8Array(0) [],
        exitCode: 255,
        errors: ''
      },
      source: 'request'
    }
  }
}

Node.js v23.11.0
