[
{"message":"file:///home/runner/work/playground-tester/playground-tester/node_modules/@wp-playground/cli/index.js:237\n        throw new Error(y, { cause: u });\n              ^\n","level":"FATAL","type":"PLAYGROUND","test":"asyncify-boot","plugin":"wb-partial-cod-for-woocommerce","details":"file:///home/runner/work/playground-tester/playground-tester/node_modules/@wp-playground/cli/index.js:237\n        throw new Error(y, { cause: u });\n              ^\n","log":"/tmp/tmp.GU16HrGQIq"}
,
{"message":"Uncaught TypeError: call_user_func_array(): Argument #1 ($callback) must be a valid callback, non-static method WP_CDN_Rewrite::activate() cannot be called statically in /wordpress/wp-includes/class-wp-hook.php:324","level":"FATAL","type":"PHP","test":"asyncify-boot","plugin":"wb-partial-cod-for-woocommerce","details":"[26-Apr-2025 09:47:36 UTC] PHP Fatal error:  Uncaught TypeError: call_user_func_array(): Argument #1 ($callback) must be a valid callback, non-static method WP_CDN_Rewrite::activate() cannot be called statically in /wordpress/wp-includes/class-wp-hook.php:324\nStack trace:\n#0 /wordpress/wp-includes/class-wp-hook.php(348): WP_Hook->apply_filters(NULL, Array)\n#1 /wordpress/wp-includes/plugin.php(517): WP_Hook->do_action(Array)\n#2 /wordpress/wp-settings.php(749): do_action('wp_loaded')\n#3 /wordpress/wp-config.php(102): require_once('/wordpress/wp-s...')\n#4 /wordpress/wp-load.php(50): require_once('/wordpress/wp-c...')\n#5 /internal/eval.php(3): require_once('/wordpress/wp-l...')\n#6 {main}\n  thrown in /wordpress/wp-includes/class-wp-hook.php on line 324","log":"/logs/plugins/w/wb-partial-cod-for-woocommerce/error.json"}
,
{"message":"Uncaught TypeError: call_user_func_array(): Argument #1 ($callback) must be a valid callback, non-static method WP_CDN_Rewrite::activate() cannot be called statically in /wordpress/wp-includes/class-wp-hook.php:324","level":"FATAL","type":"PHP","test":"asyncify-boot","plugin":"wb-partial-cod-for-woocommerce","details":"[26-Apr-2025 09:47:45 UTC] PHP Fatal error:  Uncaught TypeError: call_user_func_array(): Argument #1 ($callback) must be a valid callback, non-static method WP_CDN_Rewrite::activate() cannot be called statically in /wordpress/wp-includes/class-wp-hook.php:324\nStack trace:\n#0 /wordpress/wp-includes/class-wp-hook.php(348): WP_Hook->apply_filters(NULL, Array)\n#1 /wordpress/wp-includes/plugin.php(517): WP_Hook->do_action(Array)\n#2 /wordpress/wp-settings.php(749): do_action('wp_loaded')\n#3 /wordpress/wp-config.php(102): require_once('/wordpress/wp-s...')\n#4 /wordpress/wp-load.php(50): require_once('/wordpress/wp-c...')\n#5 /internal/eval.php(3): require_once('/wordpress/wp-l...')\n#6 {main}\n  thrown in /wordpress/wp-includes/class-wp-hook.php on line 324","log":"/logs/plugins/w/wb-partial-cod-for-woocommerce/error.json"}
,
{"message":"Uncaught TypeError: call_user_func_array(): Argument #1 ($callback) must be a valid callback, non-static method WP_CDN_Rewrite::activate() cannot be called statically in /wordpress/wp-includes/class-wp-hook.php:324","level":"FATAL","type":"PHP","test":"asyncify-boot","plugin":"wb-partial-cod-for-woocommerce","details":"[26-Apr-2025 09:47:54 UTC] PHP Fatal error:  Uncaught TypeError: call_user_func_array(): Argument #1 ($callback) must be a valid callback, non-static method WP_CDN_Rewrite::activate() cannot be called statically in /wordpress/wp-includes/class-wp-hook.php:324\nStack trace:\n#0 /wordpress/wp-includes/class-wp-hook.php(348): WP_Hook->apply_filters(NULL, Array)\n#1 /wordpress/wp-includes/plugin.php(517): WP_Hook->do_action(Array)\n#2 /wordpress/wp-settings.php(749): do_action('wp_loaded')\n#3 /wordpress/wp-config.php(102): require_once('/wordpress/wp-s...')\n#4 /wordpress/wp-load.php(50): require_once('/wordpress/wp-c...')\n#5 /internal/eval.php(3): require_once('/wordpress/wp-l...')\n#6 {main}\n  thrown in /wordpress/wp-includes/class-wp-hook.php on line 324","log":"/logs/plugins/w/wb-partial-cod-for-woocommerce/error.json"}
,
{"message":"Required parameter $args follows optional parameter $depth in /wordpress/wp-content/plugins/wp-sitemanager/modules/site-structure.php on line 799","level":"DEPRECATED","type":"PHP","test":"asyncify-boot","plugin":"wb-partial-cod-for-woocommerce","details":"[26-Apr-2025 09:50:37 UTC] PHP Deprecated:  Required parameter $args follows optional parameter $depth in /wordpress/wp-content/plugins/wp-sitemanager/modules/site-structure.php on line 799","log":"/logs/plugins/w/wb-partial-cod-for-woocommerce/error.json"}
,
{"message":"Required parameter $output follows optional parameter $depth in /wordpress/wp-content/plugins/wp-sitemanager/modules/site-structure.php on line 799","level":"DEPRECATED","type":"PHP","test":"asyncify-boot","plugin":"wb-partial-cod-for-woocommerce","details":"[26-Apr-2025 09:50:37 UTC] PHP Deprecated:  Required parameter $output follows optional parameter $depth in /wordpress/wp-content/plugins/wp-sitemanager/modules/site-structure.php on line 799","log":"/logs/plugins/w/wb-partial-cod-for-woocommerce/error.json"}
,
{"message":"Required parameter $request follows optional parameter $pagenum in /wordpress/wp-content/plugins/wp-sitemanager/modules/meta-manager.php on line 740","level":"DEPRECATED","type":"PHP","test":"asyncify-boot","plugin":"wb-partial-cod-for-woocommerce","details":"[26-Apr-2025 09:50:37 UTC] PHP Deprecated:  Required parameter $request follows optional parameter $pagenum in /wordpress/wp-content/plugins/wp-sitemanager/modules/meta-manager.php on line 740","log":"/logs/plugins/w/wb-partial-cod-for-woocommerce/error.json"}
,
{"message":"Required parameter $args follows optional parameter $depth in /wordpress/wp-content/plugins/wp-sitemanager/modules/site-structure.php on line 799","level":"DEPRECATED","type":"PHP","test":"asyncify-boot","plugin":"wb-partial-cod-for-woocommerce","details":"[26-Apr-2025 09:50:38 UTC] PHP Deprecated:  Required parameter $args follows optional parameter $depth in /wordpress/wp-content/plugins/wp-sitemanager/modules/site-structure.php on line 799","log":"/logs/plugins/w/wb-partial-cod-for-woocommerce/error.json"}
,
{"message":"Required parameter $output follows optional parameter $depth in /wordpress/wp-content/plugins/wp-sitemanager/modules/site-structure.php on line 799","level":"DEPRECATED","type":"PHP","test":"asyncify-boot","plugin":"wb-partial-cod-for-woocommerce","details":"[26-Apr-2025 09:50:38 UTC] PHP Deprecated:  Required parameter $output follows optional parameter $depth in /wordpress/wp-content/plugins/wp-sitemanager/modules/site-structure.php on line 799","log":"/logs/plugins/w/wb-partial-cod-for-woocommerce/error.json"}
,
{"message":"Required parameter $request follows optional parameter $pagenum in /wordpress/wp-content/plugins/wp-sitemanager/modules/meta-manager.php on line 740","level":"DEPRECATED","type":"PHP","test":"asyncify-boot","plugin":"wb-partial-cod-for-woocommerce","details":"[26-Apr-2025 09:50:38 UTC] PHP Deprecated:  Required parameter $request follows optional parameter $pagenum in /wordpress/wp-content/plugins/wp-sitemanager/modules/meta-manager.php on line 740","log":"/logs/plugins/w/wb-partial-cod-for-woocommerce/error.json"}
,
{"message":"Undefined array key \"HTTP_USER_AGENT\" in /wordpress/wp-content/plugins/wp-sitemanager/modules/theme_switcher.php on line 505","level":"WARNING","type":"PHP","test":"asyncify-boot","plugin":"wb-partial-cod-for-woocommerce","details":"[26-Apr-2025 09:50:38 UTC] PHP Warning:  Undefined array key \"HTTP_USER_AGENT\" in /wordpress/wp-content/plugins/wp-sitemanager/modules/theme_switcher.php on line 505","log":"/logs/plugins/w/wb-partial-cod-for-woocommerce/error.json"}
,
{"message":"Undefined array key \"DOCUMENT_ROOT\" in /wordpress/wp-content/plugins/wp-sitemanager/modules/theme_switcher.php on line 506","level":"WARNING","type":"PHP","test":"asyncify-boot","plugin":"wb-partial-cod-for-woocommerce","details":"[26-Apr-2025 09:50:38 UTC] PHP Warning:  Undefined array key \"DOCUMENT_ROOT\" in /wordpress/wp-content/plugins/wp-sitemanager/modules/theme_switcher.php on line 506","log":"/logs/plugins/w/wb-partial-cod-for-woocommerce/error.json"}
,
{"message":"Required parameter $args follows optional parameter $depth in /wordpress/wp-content/plugins/wp-sitemanager/modules/site-structure.php on line 799","level":"DEPRECATED","type":"PHP","test":"asyncify-boot","plugin":"wb-partial-cod-for-woocommerce","details":"[26-Apr-2025 09:50:47 UTC] PHP Deprecated:  Required parameter $args follows optional parameter $depth in /wordpress/wp-content/plugins/wp-sitemanager/modules/site-structure.php on line 799","log":"/logs/plugins/w/wb-partial-cod-for-woocommerce/error.json"}
,
{"message":"Required parameter $output follows optional parameter $depth in /wordpress/wp-content/plugins/wp-sitemanager/modules/site-structure.php on line 799","level":"DEPRECATED","type":"PHP","test":"asyncify-boot","plugin":"wb-partial-cod-for-woocommerce","details":"[26-Apr-2025 09:50:47 UTC] PHP Deprecated:  Required parameter $output follows optional parameter $depth in /wordpress/wp-content/plugins/wp-sitemanager/modules/site-structure.php on line 799","log":"/logs/plugins/w/wb-partial-cod-for-woocommerce/error.json"}
,
{"message":"Required parameter $request follows optional parameter $pagenum in /wordpress/wp-content/plugins/wp-sitemanager/modules/meta-manager.php on line 740","level":"DEPRECATED","type":"PHP","test":"asyncify-boot","plugin":"wb-partial-cod-for-woocommerce","details":"[26-Apr-2025 09:50:47 UTC] PHP Deprecated:  Required parameter $request follows optional parameter $pagenum in /wordpress/wp-content/plugins/wp-sitemanager/modules/meta-manager.php on line 740","log":"/logs/plugins/w/wb-partial-cod-for-woocommerce/error.json"}
,
{"message":"Required parameter $args follows optional parameter $depth in /wordpress/wp-content/plugins/wp-sitemanager/modules/site-structure.php on line 799","level":"DEPRECATED","type":"PHP","test":"asyncify-boot","plugin":"wb-partial-cod-for-woocommerce","details":"[26-Apr-2025 09:50:48 UTC] PHP Deprecated:  Required parameter $args follows optional parameter $depth in /wordpress/wp-content/plugins/wp-sitemanager/modules/site-structure.php on line 799","log":"/logs/plugins/w/wb-partial-cod-for-woocommerce/error.json"}
,
{"message":"Required parameter $output follows optional parameter $depth in /wordpress/wp-content/plugins/wp-sitemanager/modules/site-structure.php on line 799","level":"DEPRECATED","type":"PHP","test":"asyncify-boot","plugin":"wb-partial-cod-for-woocommerce","details":"[26-Apr-2025 09:50:48 UTC] PHP Deprecated:  Required parameter $output follows optional parameter $depth in /wordpress/wp-content/plugins/wp-sitemanager/modules/site-structure.php on line 799","log":"/logs/plugins/w/wb-partial-cod-for-woocommerce/error.json"}
,
{"message":"Required parameter $request follows optional parameter $pagenum in /wordpress/wp-content/plugins/wp-sitemanager/modules/meta-manager.php on line 740","level":"DEPRECATED","type":"PHP","test":"asyncify-boot","plugin":"wb-partial-cod-for-woocommerce","details":"[26-Apr-2025 09:50:48 UTC] PHP Deprecated:  Required parameter $request follows optional parameter $pagenum in /wordpress/wp-content/plugins/wp-sitemanager/modules/meta-manager.php on line 740","log":"/logs/plugins/w/wb-partial-cod-for-woocommerce/error.json"}
,
{"message":"Undefined array key \"HTTP_USER_AGENT\" in /wordpress/wp-content/plugins/wp-sitemanager/modules/theme_switcher.php on line 505","level":"WARNING","type":"PHP","test":"asyncify-boot","plugin":"wb-partial-cod-for-woocommerce","details":"[26-Apr-2025 09:50:48 UTC] PHP Warning:  Undefined array key \"HTTP_USER_AGENT\" in /wordpress/wp-content/plugins/wp-sitemanager/modules/theme_switcher.php on line 505","log":"/logs/plugins/w/wb-partial-cod-for-woocommerce/error.json"}
,
{"message":"Undefined array key \"DOCUMENT_ROOT\" in /wordpress/wp-content/plugins/wp-sitemanager/modules/theme_switcher.php on line 506","level":"WARNING","type":"PHP","test":"asyncify-boot","plugin":"wb-partial-cod-for-woocommerce","details":"[26-Apr-2025 09:50:48 UTC] PHP Warning:  Undefined array key \"DOCUMENT_ROOT\" in /wordpress/wp-content/plugins/wp-sitemanager/modules/theme_switcher.php on line 506","log":"/logs/plugins/w/wb-partial-cod-for-woocommerce/error.json"}
,
{"message":"Required parameter $args follows optional parameter $depth in /wordpress/wp-content/plugins/wp-sitemanager/modules/site-structure.php on line 799","level":"DEPRECATED","type":"PHP","test":"asyncify-boot","plugin":"wb-partial-cod-for-woocommerce","details":"[26-Apr-2025 09:50:56 UTC] PHP Deprecated:  Required parameter $args follows optional parameter $depth in /wordpress/wp-content/plugins/wp-sitemanager/modules/site-structure.php on line 799","log":"/logs/plugins/w/wb-partial-cod-for-woocommerce/error.json"}
,
{"message":"Required parameter $output follows optional parameter $depth in /wordpress/wp-content/plugins/wp-sitemanager/modules/site-structure.php on line 799","level":"DEPRECATED","type":"PHP","test":"asyncify-boot","plugin":"wb-partial-cod-for-woocommerce","details":"[26-Apr-2025 09:50:56 UTC] PHP Deprecated:  Required parameter $output follows optional parameter $depth in /wordpress/wp-content/plugins/wp-sitemanager/modules/site-structure.php on line 799","log":"/logs/plugins/w/wb-partial-cod-for-woocommerce/error.json"}
,
{"message":"Required parameter $request follows optional parameter $pagenum in /wordpress/wp-content/plugins/wp-sitemanager/modules/meta-manager.php on line 740","level":"DEPRECATED","type":"PHP","test":"asyncify-boot","plugin":"wb-partial-cod-for-woocommerce","details":"[26-Apr-2025 09:50:56 UTC] PHP Deprecated:  Required parameter $request follows optional parameter $pagenum in /wordpress/wp-content/plugins/wp-sitemanager/modules/meta-manager.php on line 740","log":"/logs/plugins/w/wb-partial-cod-for-woocommerce/error.json"}
,
{"message":"Required parameter $args follows optional parameter $depth in /wordpress/wp-content/plugins/wp-sitemanager/modules/site-structure.php on line 799","level":"DEPRECATED","type":"PHP","test":"asyncify-boot","plugin":"wb-partial-cod-for-woocommerce","details":"[26-Apr-2025 09:50:57 UTC] PHP Deprecated:  Required parameter $args follows optional parameter $depth in /wordpress/wp-content/plugins/wp-sitemanager/modules/site-structure.php on line 799","log":"/logs/plugins/w/wb-partial-cod-for-woocommerce/error.json"}
,
{"message":"Required parameter $output follows optional parameter $depth in /wordpress/wp-content/plugins/wp-sitemanager/modules/site-structure.php on line 799","level":"DEPRECATED","type":"PHP","test":"asyncify-boot","plugin":"wb-partial-cod-for-woocommerce","details":"[26-Apr-2025 09:50:57 UTC] PHP Deprecated:  Required parameter $output follows optional parameter $depth in /wordpress/wp-content/plugins/wp-sitemanager/modules/site-structure.php on line 799","log":"/logs/plugins/w/wb-partial-cod-for-woocommerce/error.json"}
,
{"message":"Required parameter $request follows optional parameter $pagenum in /wordpress/wp-content/plugins/wp-sitemanager/modules/meta-manager.php on line 740","level":"DEPRECATED","type":"PHP","test":"asyncify-boot","plugin":"wb-partial-cod-for-woocommerce","details":"[26-Apr-2025 09:50:57 UTC] PHP Deprecated:  Required parameter $request follows optional parameter $pagenum in /wordpress/wp-content/plugins/wp-sitemanager/modules/meta-manager.php on line 740","log":"/logs/plugins/w/wb-partial-cod-for-woocommerce/error.json"}
,
{"message":"Undefined array key \"HTTP_USER_AGENT\" in /wordpress/wp-content/plugins/wp-sitemanager/modules/theme_switcher.php on line 505","level":"WARNING","type":"PHP","test":"asyncify-boot","plugin":"wb-partial-cod-for-woocommerce","details":"[26-Apr-2025 09:50:57 UTC] PHP Warning:  Undefined array key \"HTTP_USER_AGENT\" in /wordpress/wp-content/plugins/wp-sitemanager/modules/theme_switcher.php on line 505","log":"/logs/plugins/w/wb-partial-cod-for-woocommerce/error.json"}
,
{"message":"Undefined array key \"DOCUMENT_ROOT\" in /wordpress/wp-content/plugins/wp-sitemanager/modules/theme_switcher.php on line 506","level":"WARNING","type":"PHP","test":"asyncify-boot","plugin":"wb-partial-cod-for-woocommerce","details":"[26-Apr-2025 09:50:57 UTC] PHP Warning:  Undefined array key \"DOCUMENT_ROOT\" in /wordpress/wp-content/plugins/wp-sitemanager/modules/theme_switcher.php on line 506","log":"/logs/plugins/w/wb-partial-cod-for-woocommerce/error.json"}
,
{"message":"Trying to access array offset on value of type bool in /wordpress/wp-content/plugins/wpcalc-modal-form/includes/wpcalc-modal-form.php on line 80","level":"WARNING","type":"PHP","test":"asyncify-boot","plugin":"wb-partial-cod-for-woocommerce","details":"[26-Apr-2025 09:52:28 UTC] PHP Warning:  Trying to access array offset on value of type bool in /wordpress/wp-content/plugins/wpcalc-modal-form/includes/wpcalc-modal-form.php on line 80","log":"/logs/plugins/w/wb-partial-cod-for-woocommerce/error.json"}
,
{"message":"Trying to access array offset on value of type bool in /wordpress/wp-content/plugins/wpcalc-modal-form/includes/wpcalc-modal-form.php on line 84","level":"WARNING","type":"PHP","test":"asyncify-boot","plugin":"wb-partial-cod-for-woocommerce","details":"[26-Apr-2025 09:52:28 UTC] PHP Warning:  Trying to access array offset on value of type bool in /wordpress/wp-content/plugins/wpcalc-modal-form/includes/wpcalc-modal-form.php on line 84","log":"/logs/plugins/w/wb-partial-cod-for-woocommerce/error.json"}
,
{"message":"Trying to access array offset on value of type bool in /wordpress/wp-content/plugins/wpcalc-modal-form/includes/wpcalc-modal-form.php on line 89","level":"WARNING","type":"PHP","test":"asyncify-boot","plugin":"wb-partial-cod-for-woocommerce","details":"[26-Apr-2025 09:52:28 UTC] PHP Warning:  Trying to access array offset on value of type bool in /wordpress/wp-content/plugins/wpcalc-modal-form/includes/wpcalc-modal-form.php on line 89","log":"/logs/plugins/w/wb-partial-cod-for-woocommerce/error.json"}
,
{"message":"Undefined array key \"modal_open\" in /wordpress/wp-content/plugins/wpcalc-modal-form/includes/wpcalc-modal-form.php on line 80","level":"WARNING","type":"PHP","test":"asyncify-boot","plugin":"wb-partial-cod-for-woocommerce","details":"[26-Apr-2025 09:52:28 UTC] PHP Warning:  Undefined array key \"modal_open\" in /wordpress/wp-content/plugins/wpcalc-modal-form/includes/wpcalc-modal-form.php on line 80","log":"/logs/plugins/w/wb-partial-cod-for-woocommerce/error.json"}
,
{"message":"Trying to access array offset on value of type bool in /wordpress/wp-content/plugins/wpcalc-modal-form/includes/wpcalc-modal-form.php on line 80","level":"WARNING","type":"PHP","test":"asyncify-boot","plugin":"wb-partial-cod-for-woocommerce","details":"[26-Apr-2025 09:52:36 UTC] PHP Warning:  Trying to access array offset on value of type bool in /wordpress/wp-content/plugins/wpcalc-modal-form/includes/wpcalc-modal-form.php on line 80","log":"/logs/plugins/w/wb-partial-cod-for-woocommerce/error.json"}
,
{"message":"Trying to access array offset on value of type bool in /wordpress/wp-content/plugins/wpcalc-modal-form/includes/wpcalc-modal-form.php on line 84","level":"WARNING","type":"PHP","test":"asyncify-boot","plugin":"wb-partial-cod-for-woocommerce","details":"[26-Apr-2025 09:52:36 UTC] PHP Warning:  Trying to access array offset on value of type bool in /wordpress/wp-content/plugins/wpcalc-modal-form/includes/wpcalc-modal-form.php on line 84","log":"/logs/plugins/w/wb-partial-cod-for-woocommerce/error.json"}
,
{"message":"Trying to access array offset on value of type bool in /wordpress/wp-content/plugins/wpcalc-modal-form/includes/wpcalc-modal-form.php on line 89","level":"WARNING","type":"PHP","test":"asyncify-boot","plugin":"wb-partial-cod-for-woocommerce","details":"[26-Apr-2025 09:52:36 UTC] PHP Warning:  Trying to access array offset on value of type bool in /wordpress/wp-content/plugins/wpcalc-modal-form/includes/wpcalc-modal-form.php on line 89","log":"/logs/plugins/w/wb-partial-cod-for-woocommerce/error.json"}
,
{"message":"Undefined array key \"modal_open\" in /wordpress/wp-content/plugins/wpcalc-modal-form/includes/wpcalc-modal-form.php on line 80","level":"WARNING","type":"PHP","test":"asyncify-boot","plugin":"wb-partial-cod-for-woocommerce","details":"[26-Apr-2025 09:52:37 UTC] PHP Warning:  Undefined array key \"modal_open\" in /wordpress/wp-content/plugins/wpcalc-modal-form/includes/wpcalc-modal-form.php on line 80","log":"/logs/plugins/w/wb-partial-cod-for-woocommerce/error.json"}
,
{"message":"Trying to access array offset on value of type bool in /wordpress/wp-content/plugins/wpcalc-modal-form/includes/wpcalc-modal-form.php on line 80","level":"WARNING","type":"PHP","test":"asyncify-boot","plugin":"wb-partial-cod-for-woocommerce","details":"[26-Apr-2025 09:52:45 UTC] PHP Warning:  Trying to access array offset on value of type bool in /wordpress/wp-content/plugins/wpcalc-modal-form/includes/wpcalc-modal-form.php on line 80","log":"/logs/plugins/w/wb-partial-cod-for-woocommerce/error.json"}
,
{"message":"Trying to access array offset on value of type bool in /wordpress/wp-content/plugins/wpcalc-modal-form/includes/wpcalc-modal-form.php on line 84","level":"WARNING","type":"PHP","test":"asyncify-boot","plugin":"wb-partial-cod-for-woocommerce","details":"[26-Apr-2025 09:52:45 UTC] PHP Warning:  Trying to access array offset on value of type bool in /wordpress/wp-content/plugins/wpcalc-modal-form/includes/wpcalc-modal-form.php on line 84","log":"/logs/plugins/w/wb-partial-cod-for-woocommerce/error.json"}
,
{"message":"Trying to access array offset on value of type bool in /wordpress/wp-content/plugins/wpcalc-modal-form/includes/wpcalc-modal-form.php on line 89","level":"WARNING","type":"PHP","test":"asyncify-boot","plugin":"wb-partial-cod-for-woocommerce","details":"[26-Apr-2025 09:52:45 UTC] PHP Warning:  Trying to access array offset on value of type bool in /wordpress/wp-content/plugins/wpcalc-modal-form/includes/wpcalc-modal-form.php on line 89","log":"/logs/plugins/w/wb-partial-cod-for-woocommerce/error.json"}
,
{"message":"Undefined array key \"modal_open\" in /wordpress/wp-content/plugins/wpcalc-modal-form/includes/wpcalc-modal-form.php on line 80","level":"WARNING","type":"PHP","test":"asyncify-boot","plugin":"wb-partial-cod-for-woocommerce","details":"[26-Apr-2025 09:52:46 UTC] PHP Warning:  Undefined array key \"modal_open\" in /wordpress/wp-content/plugins/wpcalc-modal-form/includes/wpcalc-modal-form.php on line 80","log":"/logs/plugins/w/wb-partial-cod-for-woocommerce/error.json"}
,
{"message":"Required parameter $gedcom follows optional parameter $gen in /wordpress/wp-content/plugins/wpgenealogy/public/Traits/Relationship.php on line 33","level":"DEPRECATED","type":"PHP","test":"asyncify-boot","plugin":"wb-partial-cod-for-woocommerce","details":"[26-Apr-2025 09:53:02 UTC] PHP Deprecated:  Required parameter $gedcom follows optional parameter $gen in /wordpress/wp-content/plugins/wpgenealogy/public/Traits/Relationship.php on line 33","log":"/logs/plugins/w/wb-partial-cod-for-woocommerce/error.json"}
,
{"message":"Uncaught PDOException: SQLSTATE[HY000] [2002] Address family not supported by protocol in /wordpress/wp-content/plugins/wpgenealogy/vendor/doctrine/dbal/lib/Doctrine/DBAL/Driver/PDOConnection.php:38","level":"FATAL","type":"PHP","test":"asyncify-boot","plugin":"wb-partial-cod-for-woocommerce","details":"[26-Apr-2025 09:53:03 UTC] PHP Fatal error:  Uncaught PDOException: SQLSTATE[HY000] [2002] Address family not supported by protocol in /wordpress/wp-content/plugins/wpgenealogy/vendor/doctrine/dbal/lib/Doctrine/DBAL/Driver/PDOConnection.php:38\nStack trace:\n#0 /wordpress/wp-content/plugins/wpgenealogy/vendor/doctrine/dbal/lib/Doctrine/DBAL/Driver/PDOConnection.php(38): PDO->__construct('mysql:host=loca...', 'username_here', 'password_here', Array)\n#1 /wordpress/wp-content/plugins/wpgenealogy/vendor/illuminate/database/Connectors/Connector.php(67): Doctrine\\DBAL\\Driver\\PDOConnection->__construct('mysql:host=loca...', 'username_here', 'password_here', Array)\n#2 /wordpress/wp-content/plugins/wpgenealogy/vendor/illuminate/database/Connectors/Connector.php(46): Illuminate\\Database\\Connectors\\Connector->createPdoConnection('mysql:host=loca...', 'username_here', 'password_here', Array)\n#3 /wordpress/wp-content/plugins/wpgenealogy/vendor/illuminate/database/Connectors/MySqlConnector.php(24): Illuminate\\Database\\Connectors\\Connector->createConnection('mysql:host=loca...', Array, Array)\n#4 /wordpress/wp-content/plugins/wpgenealogy/vendor/illuminate/database/Connectors/ConnectionFactory.php(182): Illuminate\\Database\\Connectors\\MySqlConnector->connect(Array)\n#5 [internal function]: Illuminate\\Database\\Connectors\\ConnectionFactory->Illuminate\\Database\\Connectors\\{closure}()\n#6 /wordpress/wp-content/plugins/wpgenealogy/vendor/illuminate/database/Connection.php(924): call_user_func(Object(Closure))\n#7 /wordpress/wp-content/plugins/wpgenealogy/vendor/illuminate/database/Connection.php(457): Illuminate\\Database\\Connection->getPdo()\n#8 /wordpress/wp-content/plugins/wpgenealogy/vendor/illuminate/database/Connection.php(662): Illuminate\\Database\\Connection->Illuminate\\Database\\{closure}('SET FOREIGN_KEY...', Array)\n#9 /wordpress/wp-content/plugins/wpgenealogy/vendor/illuminate/database/Connection.php(629): Illuminate\\Database\\Connection->runQueryCallback('SET FOREIGN_KEY...', Array, Object(Closure))\n#10 /wordpress/wp-content/plugins/wpgenealogy/vendor/illuminate/database/Connection.php(464): Illuminate\\Database\\Connection->run('SET FOREIGN_KEY...', Array, Object(Closure))\n#11 /wordpress/wp-content/plugins/wpgenealogy/vendor/illuminate/database/Schema/Builder.php(266): Illuminate\\Database\\Connection->statement('SET FOREIGN_KEY...')\n#12 /wordpress/wp-content/plugins/wpgenealogy/includes/class-wpgenealogy-activator.php(627): Illuminate\\Database\\Schema\\Builder->enableForeignKeyConstraints()\n#13 /wordpress/wp-content/plugins/wpgenealogy/includes/class-wpgenealogy-activator.php(43): WPGenealogy\\WPGenealogy_Activator::create_tables()\n#14 /wordpress/wp-content/plugins/wpgenealogy/wpgenealogy.php(90): WPGenealogy\\WPGenealogy_Activator::activate()\n#15 /wordpress/wp-includes/class-wp-hook.php(324): wpgenealogy_activate(false)\n#16 /wordpress/wp-includes/class-wp-hook.php(348): WP_Hook->apply_filters(NULL, Array)\n#17 /wordpress/wp-includes/plugin.php(517): WP_Hook->do_action(Array)\n#18 /wordpress/wp-admin/includes/plugin.php(703): do_action('activate_wpgene...', false)\n#19 /internal/eval.php(20): activate_plugin('wpgenealogy/wpg...')\n#20 {main}\n\nNext Doctrine\\DBAL\\Driver\\PDO\\Exception: SQLSTATE[HY000] [2002] Address family not supported by protocol in /wordpress/wp-content/plugins/wpgenealogy/vendor/doctrine/dbal/lib/Doctrine/DBAL/Driver/PDO/Exception.php:18\nStack trace:\n#0 /wordpress/wp-content/plugins/wpgenealogy/vendor/doctrine/dbal/lib/Doctrine/DBAL/Driver/PDOConnection.php(42): Doctrine\\DBAL\\Driver\\PDO\\Exception::new(Object(PDOException))\n#1 /wordpress/wp-content/plugins/wpgenealogy/vendor/illuminate/database/Connectors/Connector.php(67): Doctrine\\DBAL\\Driver\\PDOConnection->__construct('mysql:host=loca...', 'username_here', 'password_here', Array)\n#2 /wordpress/wp-content/plugins/wpgenealogy/vendor/illuminate/database/Connectors/Connector.php(46): Illuminate\\Database\\Connectors\\Connector->createPdoConnection('mysql:host=loca...', 'username_here', 'password_here', Array)\n#3 /wordpress/wp-content/plugins/wpgenealogy/vendor/illuminate/database/Connectors/MySqlConnector.php(24): Illuminate\\Database\\Connectors\\Connector->createConnection('mysql:host=loca...', Array, Array)\n#4 /wordpress/wp-content/plugins/wpgenealogy/vendor/illuminate/database/Connectors/ConnectionFactory.php(182): Illuminate\\Database\\Connectors\\MySqlConnector->connect(Array)\n#5 [internal function]: Illuminate\\Database\\Connectors\\ConnectionFactory->Illuminate\\Database\\Connectors\\{closure}()\n#6 /wordpress/wp-content/plugins/wpgenealogy/vendor/illuminate/database/Connection.php(924): call_user_func(Object(Closure))\n#7 /wordpress/wp-content/plugins/wpgenealogy/vendor/illuminate/database/Connection.php(457): Illuminate\\Database\\Connection->getPdo()\n#8 /wordpress/wp-content/plugins/wpgenealogy/vendor/illuminate/database/Connection.php(662): Illuminate\\Database\\Connection->Illuminate\\Database\\{closure}('SET FOREIGN_KEY...', Array)\n#9 /wordpress/wp-content/plugins/wpgenealogy/vendor/illuminate/database/Connection.php(629): Illuminate\\Database\\Connection->runQueryCallback('SET FOREIGN_KEY...', Array, Object(Closure))\n#10 /wordpress/wp-content/plugins/wpgenealogy/vendor/illuminate/database/Connection.php(464): Illuminate\\Database\\Connection->run('SET FOREIGN_KEY...', Array, Object(Closure))\n#11 /wordpress/wp-content/plugins/wpgenealogy/vendor/illuminate/database/Schema/Builder.php(266): Illuminate\\Database\\Connection->statement('SET FOREIGN_KEY...')\n#12 /wordpress/wp-content/plugins/wpgenealogy/includes/class-wpgenealogy-activator.php(627): Illuminate\\Database\\Schema\\Builder->enableForeignKeyConstraints()\n#13 /wordpress/wp-content/plugins/wpgenealogy/includes/class-wpgenealogy-activator.php(43): WPGenealogy\\WPGenealogy_Activator::create_tables()\n#14 /wordpress/wp-content/plugins/wpgenealogy/wpgenealogy.php(90): WPGenealogy\\WPGenealogy_Activator::activate()\n#15 /wordpress/wp-includes/class-wp-hook.php(324): wpgenealogy_activate(false)\n#16 /wordpress/wp-includes/class-wp-hook.php(348): WP_Hook->apply_filters(NULL, Array)\n#17 /wordpress/wp-includes/plugin.php(517): WP_Hook->do_action(Array)\n#18 /wordpress/wp-admin/includes/plugin.php(703): do_action('activate_wpgene...', false)\n#19 /internal/eval.php(20): activate_plugin('wpgenealogy/wpg...')\n#20 {main}\n\nNext Illuminate\\Database\\QueryException: SQLSTATE[HY000] [2002] Address family not supported by protocol (SQL: SET FOREIGN_KEY_CHECKS=1;) in /wordpress/wp-content/plugins/wpgenealogy/vendor/illuminate/database/Connection.php:669\nStack trace:\n#0 /wordpress/wp-content/plugins/wpgenealogy/vendor/illuminate/database/Connection.php(629): Illuminate\\Database\\Connection->runQueryCallback('SET FOREIGN_KEY...', Array, Object(Closure))\n#1 /wordpress/wp-content/plugins/wpgenealogy/vendor/illuminate/database/Connection.php(464): Illuminate\\Database\\Connection->run('SET FOREIGN_KEY...', Array, Object(Closure))\n#2 /wordpress/wp-content/plugins/wpgenealogy/vendor/illuminate/database/Schema/Builder.php(266): Illuminate\\Database\\Connection->statement('SET FOREIGN_KEY...')\n#3 /wordpress/wp-content/plugins/wpgenealogy/includes/class-wpgenealogy-activator.php(627): Illuminate\\Database\\Schema\\Builder->enableForeignKeyConstraints()\n#4 /wordpress/wp-content/plugins/wpgenealogy/includes/class-wpgenealogy-activator.php(43): WPGenealogy\\WPGenealogy_Activator::create_tables()\n#5 /wordpress/wp-content/plugins/wpgenealogy/wpgenealogy.php(90): WPGenealogy\\WPGenealogy_Activator::activate()\n#6 /wordpress/wp-includes/class-wp-hook.php(324): wpgenealogy_activate(false)\n#7 /wordpress/wp-includes/class-wp-hook.php(348): WP_Hook->apply_filters(NULL, Array)\n#8 /wordpress/wp-includes/plugin.php(517): WP_Hook->do_action(Array)\n#9 /wordpress/wp-admin/includes/plugin.php(703): do_action('activate_wpgene...', false)\n#10 /internal/eval.php(20): activate_plugin('wpgenealogy/wpg...')\n#11 {main}\n  thrown in /wordpress/wp-content/plugins/wpgenealogy/vendor/illuminate/database/Connection.php on line 669","log":"/logs/plugins/w/wb-partial-cod-for-woocommerce/error.json"}
,
{"message":"Required parameter $gedcom follows optional parameter $gen in /wordpress/wp-content/plugins/wpgenealogy/public/Traits/Relationship.php on line 33","level":"DEPRECATED","type":"PHP","test":"asyncify-boot","plugin":"wb-partial-cod-for-woocommerce","details":"[26-Apr-2025 09:53:20 UTC] PHP Deprecated:  Required parameter $gedcom follows optional parameter $gen in /wordpress/wp-content/plugins/wpgenealogy/public/Traits/Relationship.php on line 33","log":"/logs/plugins/w/wb-partial-cod-for-woocommerce/error.json"}
,
{"message":"Uncaught PDOException: SQLSTATE[HY000] [2002] Address family not supported by protocol in /wordpress/wp-content/plugins/wpgenealogy/vendor/doctrine/dbal/lib/Doctrine/DBAL/Driver/PDOConnection.php:38","level":"FATAL","type":"PHP","test":"asyncify-boot","plugin":"wb-partial-cod-for-woocommerce","details":"[26-Apr-2025 09:53:21 UTC] PHP Fatal error:  Uncaught PDOException: SQLSTATE[HY000] [2002] Address family not supported by protocol in /wordpress/wp-content/plugins/wpgenealogy/vendor/doctrine/dbal/lib/Doctrine/DBAL/Driver/PDOConnection.php:38\nStack trace:\n#0 /wordpress/wp-content/plugins/wpgenealogy/vendor/doctrine/dbal/lib/Doctrine/DBAL/Driver/PDOConnection.php(38): PDO->__construct('mysql:host=loca...', 'username_here', 'password_here', Array)\n#1 /wordpress/wp-content/plugins/wpgenealogy/vendor/illuminate/database/Connectors/Connector.php(67): Doctrine\\DBAL\\Driver\\PDOConnection->__construct('mysql:host=loca...', 'username_here', 'password_here', Array)\n#2 /wordpress/wp-content/plugins/wpgenealogy/vendor/illuminate/database/Connectors/Connector.php(46): Illuminate\\Database\\Connectors\\Connector->createPdoConnection('mysql:host=loca...', 'username_here', 'password_here', Array)\n#3 /wordpress/wp-content/plugins/wpgenealogy/vendor/illuminate/database/Connectors/MySqlConnector.php(24): Illuminate\\Database\\Connectors\\Connector->createConnection('mysql:host=loca...', Array, Array)\n#4 /wordpress/wp-content/plugins/wpgenealogy/vendor/illuminate/database/Connectors/ConnectionFactory.php(182): Illuminate\\Database\\Connectors\\MySqlConnector->connect(Array)\n#5 [internal function]: Illuminate\\Database\\Connectors\\ConnectionFactory->Illuminate\\Database\\Connectors\\{closure}()\n#6 /wordpress/wp-content/plugins/wpgenealogy/vendor/illuminate/database/Connection.php(924): call_user_func(Object(Closure))\n#7 /wordpress/wp-content/plugins/wpgenealogy/vendor/illuminate/database/Connection.php(457): Illuminate\\Database\\Connection->getPdo()\n#8 /wordpress/wp-content/plugins/wpgenealogy/vendor/illuminate/database/Connection.php(662): Illuminate\\Database\\Connection->Illuminate\\Database\\{closure}('SET FOREIGN_KEY...', Array)\n#9 /wordpress/wp-content/plugins/wpgenealogy/vendor/illuminate/database/Connection.php(629): Illuminate\\Database\\Connection->runQueryCallback('SET FOREIGN_KEY...', Array, Object(Closure))\n#10 /wordpress/wp-content/plugins/wpgenealogy/vendor/illuminate/database/Connection.php(464): Illuminate\\Database\\Connection->run('SET FOREIGN_KEY...', Array, Object(Closure))\n#11 /wordpress/wp-content/plugins/wpgenealogy/vendor/illuminate/database/Schema/Builder.php(266): Illuminate\\Database\\Connection->statement('SET FOREIGN_KEY...')\n#12 /wordpress/wp-content/plugins/wpgenealogy/includes/class-wpgenealogy-activator.php(627): Illuminate\\Database\\Schema\\Builder->enableForeignKeyConstraints()\n#13 /wordpress/wp-content/plugins/wpgenealogy/includes/class-wpgenealogy-activator.php(43): WPGenealogy\\WPGenealogy_Activator::create_tables()\n#14 /wordpress/wp-content/plugins/wpgenealogy/wpgenealogy.php(90): WPGenealogy\\WPGenealogy_Activator::activate()\n#15 /wordpress/wp-includes/class-wp-hook.php(324): wpgenealogy_activate(false)\n#16 /wordpress/wp-includes/class-wp-hook.php(348): WP_Hook->apply_filters(NULL, Array)\n#17 /wordpress/wp-includes/plugin.php(517): WP_Hook->do_action(Array)\n#18 /wordpress/wp-admin/includes/plugin.php(703): do_action('activate_wpgene...', false)\n#19 /internal/eval.php(20): activate_plugin('wpgenealogy/wpg...')\n#20 {main}\n\nNext Doctrine\\DBAL\\Driver\\PDO\\Exception: SQLSTATE[HY000] [2002] Address family not supported by protocol in /wordpress/wp-content/plugins/wpgenealogy/vendor/doctrine/dbal/lib/Doctrine/DBAL/Driver/PDO/Exception.php:18\nStack trace:\n#0 /wordpress/wp-content/plugins/wpgenealogy/vendor/doctrine/dbal/lib/Doctrine/DBAL/Driver/PDOConnection.php(42): Doctrine\\DBAL\\Driver\\PDO\\Exception::new(Object(PDOException))\n#1 /wordpress/wp-content/plugins/wpgenealogy/vendor/illuminate/database/Connectors/Connector.php(67): Doctrine\\DBAL\\Driver\\PDOConnection->__construct('mysql:host=loca...', 'username_here', 'password_here', Array)\n#2 /wordpress/wp-content/plugins/wpgenealogy/vendor/illuminate/database/Connectors/Connector.php(46): Illuminate\\Database\\Connectors\\Connector->createPdoConnection('mysql:host=loca...', 'username_here', 'password_here', Array)\n#3 /wordpress/wp-content/plugins/wpgenealogy/vendor/illuminate/database/Connectors/MySqlConnector.php(24): Illuminate\\Database\\Connectors\\Connector->createConnection('mysql:host=loca...', Array, Array)\n#4 /wordpress/wp-content/plugins/wpgenealogy/vendor/illuminate/database/Connectors/ConnectionFactory.php(182): Illuminate\\Database\\Connectors\\MySqlConnector->connect(Array)\n#5 [internal function]: Illuminate\\Database\\Connectors\\ConnectionFactory->Illuminate\\Database\\Connectors\\{closure}()\n#6 /wordpress/wp-content/plugins/wpgenealogy/vendor/illuminate/database/Connection.php(924): call_user_func(Object(Closure))\n#7 /wordpress/wp-content/plugins/wpgenealogy/vendor/illuminate/database/Connection.php(457): Illuminate\\Database\\Connection->getPdo()\n#8 /wordpress/wp-content/plugins/wpgenealogy/vendor/illuminate/database/Connection.php(662): Illuminate\\Database\\Connection->Illuminate\\Database\\{closure}('SET FOREIGN_KEY...', Array)\n#9 /wordpress/wp-content/plugins/wpgenealogy/vendor/illuminate/database/Connection.php(629): Illuminate\\Database\\Connection->runQueryCallback('SET FOREIGN_KEY...', Array, Object(Closure))\n#10 /wordpress/wp-content/plugins/wpgenealogy/vendor/illuminate/database/Connection.php(464): Illuminate\\Database\\Connection->run('SET FOREIGN_KEY...', Array, Object(Closure))\n#11 /wordpress/wp-content/plugins/wpgenealogy/vendor/illuminate/database/Schema/Builder.php(266): Illuminate\\Database\\Connection->statement('SET FOREIGN_KEY...')\n#12 /wordpress/wp-content/plugins/wpgenealogy/includes/class-wpgenealogy-activator.php(627): Illuminate\\Database\\Schema\\Builder->enableForeignKeyConstraints()\n#13 /wordpress/wp-content/plugins/wpgenealogy/includes/class-wpgenealogy-activator.php(43): WPGenealogy\\WPGenealogy_Activator::create_tables()\n#14 /wordpress/wp-content/plugins/wpgenealogy/wpgenealogy.php(90): WPGenealogy\\WPGenealogy_Activator::activate()\n#15 /wordpress/wp-includes/class-wp-hook.php(324): wpgenealogy_activate(false)\n#16 /wordpress/wp-includes/class-wp-hook.php(348): WP_Hook->apply_filters(NULL, Array)\n#17 /wordpress/wp-includes/plugin.php(517): WP_Hook->do_action(Array)\n#18 /wordpress/wp-admin/includes/plugin.php(703): do_action('activate_wpgene...', false)\n#19 /internal/eval.php(20): activate_plugin('wpgenealogy/wpg...')\n#20 {main}\n\nNext Illuminate\\Database\\QueryException: SQLSTATE[HY000] [2002] Address family not supported by protocol (SQL: SET FOREIGN_KEY_CHECKS=1;) in /wordpress/wp-content/plugins/wpgenealogy/vendor/illuminate/database/Connection.php:669\nStack trace:\n#0 /wordpress/wp-content/plugins/wpgenealogy/vendor/illuminate/database/Connection.php(629): Illuminate\\Database\\Connection->runQueryCallback('SET FOREIGN_KEY...', Array, Object(Closure))\n#1 /wordpress/wp-content/plugins/wpgenealogy/vendor/illuminate/database/Connection.php(464): Illuminate\\Database\\Connection->run('SET FOREIGN_KEY...', Array, Object(Closure))\n#2 /wordpress/wp-content/plugins/wpgenealogy/vendor/illuminate/database/Schema/Builder.php(266): Illuminate\\Database\\Connection->statement('SET FOREIGN_KEY...')\n#3 /wordpress/wp-content/plugins/wpgenealogy/includes/class-wpgenealogy-activator.php(627): Illuminate\\Database\\Schema\\Builder->enableForeignKeyConstraints()\n#4 /wordpress/wp-content/plugins/wpgenealogy/includes/class-wpgenealogy-activator.php(43): WPGenealogy\\WPGenealogy_Activator::create_tables()\n#5 /wordpress/wp-content/plugins/wpgenealogy/wpgenealogy.php(90): WPGenealogy\\WPGenealogy_Activator::activate()\n#6 /wordpress/wp-includes/class-wp-hook.php(324): wpgenealogy_activate(false)\n#7 /wordpress/wp-includes/class-wp-hook.php(348): WP_Hook->apply_filters(NULL, Array)\n#8 /wordpress/wp-includes/plugin.php(517): WP_Hook->do_action(Array)\n#9 /wordpress/wp-admin/includes/plugin.php(703): do_action('activate_wpgene...', false)\n#10 /internal/eval.php(20): activate_plugin('wpgenealogy/wpg...')\n#11 {main}\n  thrown in /wordpress/wp-content/plugins/wpgenealogy/vendor/illuminate/database/Connection.php on line 669","log":"/logs/plugins/w/wb-partial-cod-for-woocommerce/error.json"}
,
{"message":"Required parameter $gedcom follows optional parameter $gen in /wordpress/wp-content/plugins/wpgenealogy/public/Traits/Relationship.php on line 33","level":"DEPRECATED","type":"PHP","test":"asyncify-boot","plugin":"wb-partial-cod-for-woocommerce","details":"[26-Apr-2025 09:53:39 UTC] PHP Deprecated:  Required parameter $gedcom follows optional parameter $gen in /wordpress/wp-content/plugins/wpgenealogy/public/Traits/Relationship.php on line 33","log":"/logs/plugins/w/wb-partial-cod-for-woocommerce/error.json"}
,
{"message":"Uncaught PDOException: SQLSTATE[HY000] [2002] Address family not supported by protocol in /wordpress/wp-content/plugins/wpgenealogy/vendor/doctrine/dbal/lib/Doctrine/DBAL/Driver/PDOConnection.php:38","level":"FATAL","type":"PHP","test":"asyncify-boot","plugin":"wb-partial-cod-for-woocommerce","details":"[26-Apr-2025 09:53:40 UTC] PHP Fatal error:  Uncaught PDOException: SQLSTATE[HY000] [2002] Address family not supported by protocol in /wordpress/wp-content/plugins/wpgenealogy/vendor/doctrine/dbal/lib/Doctrine/DBAL/Driver/PDOConnection.php:38\nStack trace:\n#0 /wordpress/wp-content/plugins/wpgenealogy/vendor/doctrine/dbal/lib/Doctrine/DBAL/Driver/PDOConnection.php(38): PDO->__construct('mysql:host=loca...', 'username_here', 'password_here', Array)\n#1 /wordpress/wp-content/plugins/wpgenealogy/vendor/illuminate/database/Connectors/Connector.php(67): Doctrine\\DBAL\\Driver\\PDOConnection->__construct('mysql:host=loca...', 'username_here', 'password_here', Array)\n#2 /wordpress/wp-content/plugins/wpgenealogy/vendor/illuminate/database/Connectors/Connector.php(46): Illuminate\\Database\\Connectors\\Connector->createPdoConnection('mysql:host=loca...', 'username_here', 'password_here', Array)\n#3 /wordpress/wp-content/plugins/wpgenealogy/vendor/illuminate/database/Connectors/MySqlConnector.php(24): Illuminate\\Database\\Connectors\\Connector->createConnection('mysql:host=loca...', Array, Array)\n#4 /wordpress/wp-content/plugins/wpgenealogy/vendor/illuminate/database/Connectors/ConnectionFactory.php(182): Illuminate\\Database\\Connectors\\MySqlConnector->connect(Array)\n#5 [internal function]: Illuminate\\Database\\Connectors\\ConnectionFactory->Illuminate\\Database\\Connectors\\{closure}()\n#6 /wordpress/wp-content/plugins/wpgenealogy/vendor/illuminate/database/Connection.php(924): call_user_func(Object(Closure))\n#7 /wordpress/wp-content/plugins/wpgenealogy/vendor/illuminate/database/Connection.php(457): Illuminate\\Database\\Connection->getPdo()\n#8 /wordpress/wp-content/plugins/wpgenealogy/vendor/illuminate/database/Connection.php(662): Illuminate\\Database\\Connection->Illuminate\\Database\\{closure}('SET FOREIGN_KEY...', Array)\n#9 /wordpress/wp-content/plugins/wpgenealogy/vendor/illuminate/database/Connection.php(629): Illuminate\\Database\\Connection->runQueryCallback('SET FOREIGN_KEY...', Array, Object(Closure))\n#10 /wordpress/wp-content/plugins/wpgenealogy/vendor/illuminate/database/Connection.php(464): Illuminate\\Database\\Connection->run('SET FOREIGN_KEY...', Array, Object(Closure))\n#11 /wordpress/wp-content/plugins/wpgenealogy/vendor/illuminate/database/Schema/Builder.php(266): Illuminate\\Database\\Connection->statement('SET FOREIGN_KEY...')\n#12 /wordpress/wp-content/plugins/wpgenealogy/includes/class-wpgenealogy-activator.php(627): Illuminate\\Database\\Schema\\Builder->enableForeignKeyConstraints()\n#13 /wordpress/wp-content/plugins/wpgenealogy/includes/class-wpgenealogy-activator.php(43): WPGenealogy\\WPGenealogy_Activator::create_tables()\n#14 /wordpress/wp-content/plugins/wpgenealogy/wpgenealogy.php(90): WPGenealogy\\WPGenealogy_Activator::activate()\n#15 /wordpress/wp-includes/class-wp-hook.php(324): wpgenealogy_activate(false)\n#16 /wordpress/wp-includes/class-wp-hook.php(348): WP_Hook->apply_filters(NULL, Array)\n#17 /wordpress/wp-includes/plugin.php(517): WP_Hook->do_action(Array)\n#18 /wordpress/wp-admin/includes/plugin.php(703): do_action('activate_wpgene...', false)\n#19 /internal/eval.php(20): activate_plugin('wpgenealogy/wpg...')\n#20 {main}\n\nNext Doctrine\\DBAL\\Driver\\PDO\\Exception: SQLSTATE[HY000] [2002] Address family not supported by protocol in /wordpress/wp-content/plugins/wpgenealogy/vendor/doctrine/dbal/lib/Doctrine/DBAL/Driver/PDO/Exception.php:18\nStack trace:\n#0 /wordpress/wp-content/plugins/wpgenealogy/vendor/doctrine/dbal/lib/Doctrine/DBAL/Driver/PDOConnection.php(42): Doctrine\\DBAL\\Driver\\PDO\\Exception::new(Object(PDOException))\n#1 /wordpress/wp-content/plugins/wpgenealogy/vendor/illuminate/database/Connectors/Connector.php(67): Doctrine\\DBAL\\Driver\\PDOConnection->__construct('mysql:host=loca...', 'username_here', 'password_here', Array)\n#2 /wordpress/wp-content/plugins/wpgenealogy/vendor/illuminate/database/Connectors/Connector.php(46): Illuminate\\Database\\Connectors\\Connector->createPdoConnection('mysql:host=loca...', 'username_here', 'password_here', Array)\n#3 /wordpress/wp-content/plugins/wpgenealogy/vendor/illuminate/database/Connectors/MySqlConnector.php(24): Illuminate\\Database\\Connectors\\Connector->createConnection('mysql:host=loca...', Array, Array)\n#4 /wordpress/wp-content/plugins/wpgenealogy/vendor/illuminate/database/Connectors/ConnectionFactory.php(182): Illuminate\\Database\\Connectors\\MySqlConnector->connect(Array)\n#5 [internal function]: Illuminate\\Database\\Connectors\\ConnectionFactory->Illuminate\\Database\\Connectors\\{closure}()\n#6 /wordpress/wp-content/plugins/wpgenealogy/vendor/illuminate/database/Connection.php(924): call_user_func(Object(Closure))\n#7 /wordpress/wp-content/plugins/wpgenealogy/vendor/illuminate/database/Connection.php(457): Illuminate\\Database\\Connection->getPdo()\n#8 /wordpress/wp-content/plugins/wpgenealogy/vendor/illuminate/database/Connection.php(662): Illuminate\\Database\\Connection->Illuminate\\Database\\{closure}('SET FOREIGN_KEY...', Array)\n#9 /wordpress/wp-content/plugins/wpgenealogy/vendor/illuminate/database/Connection.php(629): Illuminate\\Database\\Connection->runQueryCallback('SET FOREIGN_KEY...', Array, Object(Closure))\n#10 /wordpress/wp-content/plugins/wpgenealogy/vendor/illuminate/database/Connection.php(464): Illuminate\\Database\\Connection->run('SET FOREIGN_KEY...', Array, Object(Closure))\n#11 /wordpress/wp-content/plugins/wpgenealogy/vendor/illuminate/database/Schema/Builder.php(266): Illuminate\\Database\\Connection->statement('SET FOREIGN_KEY...')\n#12 /wordpress/wp-content/plugins/wpgenealogy/includes/class-wpgenealogy-activator.php(627): Illuminate\\Database\\Schema\\Builder->enableForeignKeyConstraints()\n#13 /wordpress/wp-content/plugins/wpgenealogy/includes/class-wpgenealogy-activator.php(43): WPGenealogy\\WPGenealogy_Activator::create_tables()\n#14 /wordpress/wp-content/plugins/wpgenealogy/wpgenealogy.php(90): WPGenealogy\\WPGenealogy_Activator::activate()\n#15 /wordpress/wp-includes/class-wp-hook.php(324): wpgenealogy_activate(false)\n#16 /wordpress/wp-includes/class-wp-hook.php(348): WP_Hook->apply_filters(NULL, Array)\n#17 /wordpress/wp-includes/plugin.php(517): WP_Hook->do_action(Array)\n#18 /wordpress/wp-admin/includes/plugin.php(703): do_action('activate_wpgene...', false)\n#19 /internal/eval.php(20): activate_plugin('wpgenealogy/wpg...')\n#20 {main}\n\nNext Illuminate\\Database\\QueryException: SQLSTATE[HY000] [2002] Address family not supported by protocol (SQL: SET FOREIGN_KEY_CHECKS=1;) in /wordpress/wp-content/plugins/wpgenealogy/vendor/illuminate/database/Connection.php:669\nStack trace:\n#0 /wordpress/wp-content/plugins/wpgenealogy/vendor/illuminate/database/Connection.php(629): Illuminate\\Database\\Connection->runQueryCallback('SET FOREIGN_KEY...', Array, Object(Closure))\n#1 /wordpress/wp-content/plugins/wpgenealogy/vendor/illuminate/database/Connection.php(464): Illuminate\\Database\\Connection->run('SET FOREIGN_KEY...', Array, Object(Closure))\n#2 /wordpress/wp-content/plugins/wpgenealogy/vendor/illuminate/database/Schema/Builder.php(266): Illuminate\\Database\\Connection->statement('SET FOREIGN_KEY...')\n#3 /wordpress/wp-content/plugins/wpgenealogy/includes/class-wpgenealogy-activator.php(627): Illuminate\\Database\\Schema\\Builder->enableForeignKeyConstraints()\n#4 /wordpress/wp-content/plugins/wpgenealogy/includes/class-wpgenealogy-activator.php(43): WPGenealogy\\WPGenealogy_Activator::create_tables()\n#5 /wordpress/wp-content/plugins/wpgenealogy/wpgenealogy.php(90): WPGenealogy\\WPGenealogy_Activator::activate()\n#6 /wordpress/wp-includes/class-wp-hook.php(324): wpgenealogy_activate(false)\n#7 /wordpress/wp-includes/class-wp-hook.php(348): WP_Hook->apply_filters(NULL, Array)\n#8 /wordpress/wp-includes/plugin.php(517): WP_Hook->do_action(Array)\n#9 /wordpress/wp-admin/includes/plugin.php(703): do_action('activate_wpgene...', false)\n#10 /internal/eval.php(20): activate_plugin('wpgenealogy/wpg...')\n#11 {main}\n  thrown in /wordpress/wp-content/plugins/wpgenealogy/vendor/illuminate/database/Connection.php on line 669\n\n    at Object.onBind (file:///home/runner/work/playground-tester/playground-tester/node_modules/@wp-playground/cli/index.js:237:15)\n    at process.processTicksAndRejections (node:internal/process/task_queues:105:5)\n    at async V (file:///home/runner/work/playground-tester/playground-tester/node_modules/@wp-playground/cli/index.js:64:10)\n    at async ja (file:///home/runner/work/playground-tester/playground-tester/node_modules/@wp-playground/cli/cli.js:8161:12) {\n  [cause]: Error: Error when executing the blueprint step #1 ({\"step\":\"installPlugin\",\"pluginData\":{\"resource\":\"wordpress.org/plugins\",\"slug\":\"wb-partial-cod-for-woocommerce\"},\"options\":{\"activate\":true}}) : Plugin /wordpress/wp-content/plugins/wb-partial-cod-for-woocommerce could not be activated  WordPress exited with no error. Sometimes, when $_SERVER or site options are not configured correctly, WordPress exits early with a 301 redirect. Inspect the \"debug\" logs in the console for more details.\n      at Object.run (file:///home/runner/work/playground-tester/playground-tester/node_modules/@wp-playground/blueprints/index.js:12449:19)\n      at process.processTicksAndRejections (node:internal/process/task_queues:105:5)\n      at async ms (file:///home/runner/work/playground-tester/playground-tester/node_modules/@wp-playground/blueprints/index.js:12552:3)\n      ... 2 lines matching cause stack trace ...\n      at async ja (file:///home/runner/work/playground-tester/playground-tester/node_modules/@wp-playground/cli/cli.js:8161:12) {\n    [cause]: Error: Plugin /wordpress/wp-content/plugins/wb-partial-cod-for-woocommerce could not be activated  WordPress exited with no error. Sometimes, when $_SERVER or site options are not configured correctly, WordPress exits early with a 301 redirect. Inspect the \"debug\" logs in the console for more details.\n        at wr (file:///home/runner/work/playground-tester/playground-tester/node_modules/@wp-playground/blueprints/index.js:119:51)\n        at process.processTicksAndRejections (node:internal/process/task_queues:105:5)\n        at async Object.gt [as installPlugin] (file:///home/runner/work/playground-tester/playground-tester/node_modules/@wp-playground/blueprints/index.js:974:42)\n        at async g (file:///home/runner/work/playground-tester/playground-tester/node_modules/@wp-playground/blueprints/index.js:12517:30)\n        at async Object.run (file:///home/runner/work/playground-tester/playground-tester/node_modules/@wp-playground/blueprints/index.js:12446:23)\n        at async ms (file:///home/runner/work/playground-tester/playground-tester/node_modules/@wp-playground/blueprints/index.js:12552:3)\n        at async Object.onBind (file:///home/runner/work/playground-tester/playground-tester/node_modules/@wp-playground/cli/index.js:227:48)\n        at async V (file:///home/runner/work/playground-tester/playground-tester/node_modules/@wp-playground/cli/index.js:64:10)\n        at async ja (file:///home/runner/work/playground-tester/playground-tester/node_modules/@wp-playground/cli/cli.js:8161:12)\n  }\n}\n\n","log":"/logs/plugins/w/wb-partial-cod-for-woocommerce/error.json"}
]
