[
  {
    "message": "file:///home/runner/work/playground-tester/playground-tester/node_modules/@wp-playground/cli/run-cli-j-geJYS3.js:325\n        throw new Error($, { cause: h });\n              ^\n",
    "level": "FATAL",
    "type": "PLAYGROUND",
    "test": "ast-sqlite-boot",
    "plugin": "themefuse-coming-soon",
    "details": "file:///home/runner/work/playground-tester/playground-tester/node_modules/@wp-playground/cli/run-cli-j-geJYS3.js:325\n        throw new Error($, { cause: h });\n              ^\n",
    "log": "/tmp/tmp.g2znfIiDlZ"
  },
  {
    "message": "Function register_sidebar_widget is <strong>deprecated</strong> since version 2.8.0! Use wp_register_sidebar_widget() instead. in /wordpress/wp-includes/functions.php on line 6121",
    "level": "DEPRECATED",
    "type": "PHP",
    "test": "ast-sqlite-boot",
    "plugin": "themefuse-coming-soon",
    "details": "[03-Jul-2025 08:39:00 UTC] PHP Deprecated:  Function register_sidebar_widget is <strong>deprecated</strong> since version 2.8.0! Use wp_register_sidebar_widget() instead. in /wordpress/wp-includes/functions.php on line 6121",
    "log": "/logs/plugins/t/themefuse-coming-soon/error.json"
  },
  {
    "message": "Function register_sidebar_widget is <strong>deprecated</strong> since version 2.8.0! Use wp_register_sidebar_widget() instead. in /wordpress/wp-includes/functions.php on line 6121",
    "level": "DEPRECATED",
    "type": "PHP",
    "test": "ast-sqlite-boot",
    "plugin": "themefuse-coming-soon",
    "details": "[03-Jul-2025 08:39:09 UTC] PHP Deprecated:  Function register_sidebar_widget is <strong>deprecated</strong> since version 2.8.0! Use wp_register_sidebar_widget() instead. in /wordpress/wp-includes/functions.php on line 6121",
    "log": "/logs/plugins/t/themefuse-coming-soon/error.json"
  },
  {
    "message": "Function register_sidebar_widget is <strong>deprecated</strong> since version 2.8.0! Use wp_register_sidebar_widget() instead. in /wordpress/wp-includes/functions.php on line 6121",
    "level": "DEPRECATED",
    "type": "PHP",
    "test": "ast-sqlite-boot",
    "plugin": "themefuse-coming-soon",
    "details": "[03-Jul-2025 08:39:17 UTC] PHP Deprecated:  Function register_sidebar_widget is <strong>deprecated</strong> since version 2.8.0! Use wp_register_sidebar_widget() instead. in /wordpress/wp-includes/functions.php on line 6121",
    "log": "/logs/plugins/t/themefuse-coming-soon/error.json"
  },
  {
    "message": "[03-Jul-2025 08:39:55 UTC] OpenSSL SSL_connect: SSL_ERROR_SYSCALL in connection to app.thevoicedesigner.com:443 ",
    "level": "INFO",
    "type": "OTHER",
    "test": "ast-sqlite-boot",
    "plugin": "themefuse-coming-soon",
    "details": "[03-Jul-2025 08:39:55 UTC] OpenSSL SSL_connect: SSL_ERROR_SYSCALL in connection to app.thevoicedesigner.com:443 ",
    "log": "/logs/plugins/t/themefuse-coming-soon/error.json"
  },
  {
    "message": "Uncaught Httpful\\Exception\\ConnectionErrorException: Unable to connect to \"https://app.thevoicedesigner.com/api/apps\": 35 OpenSSL SSL_connect: SSL_ERROR_SYSCALL in connection to app.thevoicedesigner.com:443  in /wordpress/wp-content/plugins/the-voice-designer-by-data-driven-design/vendor/nategood/httpful/src/Httpful/Request.php:1028",
    "level": "FATAL",
    "type": "PHP",
    "test": "ast-sqlite-boot",
    "plugin": "themefuse-coming-soon",
    "details": "[03-Jul-2025 08:39:55 UTC] PHP Fatal error:  Uncaught Httpful\\Exception\\ConnectionErrorException: Unable to connect to \"https://app.thevoicedesigner.com/api/apps\": 35 OpenSSL SSL_connect: SSL_ERROR_SYSCALL in connection to app.thevoicedesigner.com:443  in /wordpress/wp-content/plugins/the-voice-designer-by-data-driven-design/vendor/nategood/httpful/src/Httpful/Request.php:1028\nStack trace:\n#0 /wordpress/wp-content/plugins/the-voice-designer-by-data-driven-design/vendor/nategood/httpful/src/Httpful/Request.php(204): Httpful\\Request->buildResponse(false)\n#1 /wordpress/wp-content/plugins/the-voice-designer-by-data-driven-design/src/BackendApi.php(53): Httpful\\Request->send()\n#2 /wordpress/wp-content/plugins/the-voice-designer-by-data-driven-design/src/BackendApi.php(32): DataDrivenDesign\\VoiceDesigner\\BackendApi->makeRequest(Object(Httpful\\Request))\n#3 /wordpress/wp-content/plugins/the-voice-designer-by-data-driven-design/src/Plugin.php(16): DataDrivenDesign\\VoiceDesigner\\BackendApi->createApp()\n#4 /wordpress/wp-includes/class-wp-hook.php(324): DataDrivenD in /wordpress/wp-content/plugins/the-voice-designer-by-data-driven-design/vendor/nategood/httpful/src/Httpful/Request.php on line 1028",
    "log": "/logs/plugins/t/themefuse-coming-soon/error.json"
  },
  {
    "message": "[03-Jul-2025 08:40:04 UTC] OpenSSL SSL_connect: SSL_ERROR_SYSCALL in connection to app.thevoicedesigner.com:443 ",
    "level": "INFO",
    "type": "OTHER",
    "test": "ast-sqlite-boot",
    "plugin": "themefuse-coming-soon",
    "details": "[03-Jul-2025 08:40:04 UTC] OpenSSL SSL_connect: SSL_ERROR_SYSCALL in connection to app.thevoicedesigner.com:443 ",
    "log": "/logs/plugins/t/themefuse-coming-soon/error.json"
  },
  {
    "message": "Uncaught Httpful\\Exception\\ConnectionErrorException: Unable to connect to \"https://app.thevoicedesigner.com/api/apps\": 35 OpenSSL SSL_connect: SSL_ERROR_SYSCALL in connection to app.thevoicedesigner.com:443  in /wordpress/wp-content/plugins/the-voice-designer-by-data-driven-design/vendor/nategood/httpful/src/Httpful/Request.php:1028",
    "level": "FATAL",
    "type": "PHP",
    "test": "ast-sqlite-boot",
    "plugin": "themefuse-coming-soon",
    "details": "[03-Jul-2025 08:40:04 UTC] PHP Fatal error:  Uncaught Httpful\\Exception\\ConnectionErrorException: Unable to connect to \"https://app.thevoicedesigner.com/api/apps\": 35 OpenSSL SSL_connect: SSL_ERROR_SYSCALL in connection to app.thevoicedesigner.com:443  in /wordpress/wp-content/plugins/the-voice-designer-by-data-driven-design/vendor/nategood/httpful/src/Httpful/Request.php:1028\nStack trace:\n#0 /wordpress/wp-content/plugins/the-voice-designer-by-data-driven-design/vendor/nategood/httpful/src/Httpful/Request.php(204): Httpful\\Request->buildResponse(false)\n#1 /wordpress/wp-content/plugins/the-voice-designer-by-data-driven-design/src/BackendApi.php(53): Httpful\\Request->send()\n#2 /wordpress/wp-content/plugins/the-voice-designer-by-data-driven-design/src/BackendApi.php(32): DataDrivenDesign\\VoiceDesigner\\BackendApi->makeRequest(Object(Httpful\\Request))\n#3 /wordpress/wp-content/plugins/the-voice-designer-by-data-driven-design/src/Plugin.php(16): DataDrivenDesign\\VoiceDesigner\\BackendApi->createApp()\n#4 /wordpress/wp-includes/class-wp-hook.php(324): DataDrivenD in /wordpress/wp-content/plugins/the-voice-designer-by-data-driven-design/vendor/nategood/httpful/src/Httpful/Request.php on line 1028",
    "log": "/logs/plugins/t/themefuse-coming-soon/error.json"
  },
  {
    "message": "[03-Jul-2025 08:40:12 UTC] OpenSSL SSL_connect: SSL_ERROR_SYSCALL in connection to app.thevoicedesigner.com:443 ",
    "level": "INFO",
    "type": "OTHER",
    "test": "ast-sqlite-boot",
    "plugin": "themefuse-coming-soon",
    "details": "[03-Jul-2025 08:40:12 UTC] OpenSSL SSL_connect: SSL_ERROR_SYSCALL in connection to app.thevoicedesigner.com:443 ",
    "log": "/logs/plugins/t/themefuse-coming-soon/error.json"
  },
  {
    "message": "Uncaught Httpful\\Exception\\ConnectionErrorException: Unable to connect to \"https://app.thevoicedesigner.com/api/apps\": 35 OpenSSL SSL_connect: SSL_ERROR_SYSCALL in connection to app.thevoicedesigner.com:443  in /wordpress/wp-content/plugins/the-voice-designer-by-data-driven-design/vendor/nategood/httpful/src/Httpful/Request.php:1028",
    "level": "FATAL",
    "type": "PHP",
    "test": "ast-sqlite-boot",
    "plugin": "themefuse-coming-soon",
    "details": "[03-Jul-2025 08:40:12 UTC] PHP Fatal error:  Uncaught Httpful\\Exception\\ConnectionErrorException: Unable to connect to \"https://app.thevoicedesigner.com/api/apps\": 35 OpenSSL SSL_connect: SSL_ERROR_SYSCALL in connection to app.thevoicedesigner.com:443  in /wordpress/wp-content/plugins/the-voice-designer-by-data-driven-design/vendor/nategood/httpful/src/Httpful/Request.php:1028\nStack trace:\n#0 /wordpress/wp-content/plugins/the-voice-designer-by-data-driven-design/vendor/nategood/httpful/src/Httpful/Request.php(204): Httpful\\Request->buildResponse(false)\n#1 /wordpress/wp-content/plugins/the-voice-designer-by-data-driven-design/src/BackendApi.php(53): Httpful\\Request->send()\n#2 /wordpress/wp-content/plugins/the-voice-designer-by-data-driven-design/src/BackendApi.php(32): DataDrivenDesign\\VoiceDesigner\\BackendApi->makeRequest(Object(Httpful\\Request))\n#3 /wordpress/wp-content/plugins/the-voice-designer-by-data-driven-design/src/Plugin.php(16): DataDrivenDesign\\VoiceDesigner\\BackendApi->createApp()\n#4 /wordpress/wp-includes/class-wp-hook.php(324): DataDrivenD in /wordpress/wp-content/plugins/the-voice-designer-by-data-driven-design/vendor/nategood/httpful/src/Httpful/Request.php on line 1028",
    "log": "/logs/plugins/t/themefuse-coming-soon/error.json"
  },
  {
    "message": "Uncaught Error: Call to undefined function mysql_error() in /wordpress/wp-content/plugins/thekendienst/thekendienst.php:72",
    "level": "FATAL",
    "type": "PHP",
    "test": "ast-sqlite-boot",
    "plugin": "themefuse-coming-soon",
    "details": "[03-Jul-2025 08:40:42 UTC] PHP Fatal error:  Uncaught Error: Call to undefined function mysql_error() in /wordpress/wp-content/plugins/thekendienst/thekendienst.php:72\nStack trace:\n#0 /wordpress/wp-content/plugins/thekendienst/thekendienst.php(23): Datenbankanlegen()\n#1 /wordpress/wp-admin/includes/plugin.php(2387): include_once('/wordpress/wp-c...')\n#2 /wordpress/wp-admin/includes/plugin.php(673): plugin_sandbox_scrape('thekendienst/th...')\n#3 /internal/eval.php(20): activate_plugin('thekendienst/th...')\n#4 {main}\n  thrown in /wordpress/wp-content/plugins/thekendienst/thekendienst.php on line 72",
    "log": "/logs/plugins/t/themefuse-coming-soon/error.json"
  },
  {
    "message": "Uncaught Error: Call to undefined function mysql_error() in /wordpress/wp-content/plugins/thekendienst/thekendienst.php:72",
    "level": "FATAL",
    "type": "PHP",
    "test": "ast-sqlite-boot",
    "plugin": "themefuse-coming-soon",
    "details": "[03-Jul-2025 08:40:50 UTC] PHP Fatal error:  Uncaught Error: Call to undefined function mysql_error() in /wordpress/wp-content/plugins/thekendienst/thekendienst.php:72\nStack trace:\n#0 /wordpress/wp-content/plugins/thekendienst/thekendienst.php(23): Datenbankanlegen()\n#1 /wordpress/wp-admin/includes/plugin.php(2387): include_once('/wordpress/wp-c...')\n#2 /wordpress/wp-admin/includes/plugin.php(673): plugin_sandbox_scrape('thekendienst/th...')\n#3 /internal/eval.php(20): activate_plugin('thekendienst/th...')\n#4 {main}\n  thrown in /wordpress/wp-content/plugins/thekendienst/thekendienst.php on line 72",
    "log": "/logs/plugins/t/themefuse-coming-soon/error.json"
  },
  {
    "message": "Uncaught Error: Call to undefined function mysql_error() in /wordpress/wp-content/plugins/thekendienst/thekendienst.php:72",
    "level": "FATAL",
    "type": "PHP",
    "test": "ast-sqlite-boot",
    "plugin": "themefuse-coming-soon",
    "details": "[03-Jul-2025 08:40:59 UTC] PHP Fatal error:  Uncaught Error: Call to undefined function mysql_error() in /wordpress/wp-content/plugins/thekendienst/thekendienst.php:72\nStack trace:\n#0 /wordpress/wp-content/plugins/thekendienst/thekendienst.php(23): Datenbankanlegen()\n#1 /wordpress/wp-admin/includes/plugin.php(2387): include_once('/wordpress/wp-c...')\n#2 /wordpress/wp-admin/includes/plugin.php(673): plugin_sandbox_scrape('thekendienst/th...')\n#3 /internal/eval.php(20): activate_plugin('thekendienst/th...')\n#4 {main}\n  thrown in /wordpress/wp-content/plugins/thekendienst/thekendienst.php on line 72",
    "log": "/logs/plugins/t/themefuse-coming-soon/error.json"
  },
  {
    "message": "Uncaught TypeError: call_user_func_array(): Argument #1 ($callback) must be a valid callback, function \"activation\" not found or invalid function name in /wordpress/wp-includes/class-wp-hook.php:324",
    "level": "FATAL",
    "type": "PHP",
    "test": "ast-sqlite-boot",
    "plugin": "themefuse-coming-soon",
    "details": "[03-Jul-2025 08:42:06 UTC] PHP Fatal error:  Uncaught TypeError: call_user_func_array(): Argument #1 ($callback) must be a valid callback, function \"activation\" not found or invalid function name in /wordpress/wp-includes/class-wp-hook.php:324\nStack trace:\n#0 /wordpress/wp-includes/class-wp-hook.php(348): WP_Hook->apply_filters('', Array)\n#1 /wordpress/wp-includes/plugin.php(517): WP_Hook->do_action(Array)\n#2 /wordpress/wp-admin/includes/plugin.php(703): do_action('activate_theme-...', false)\n#3 /internal/eval.php(20): activate_plugin('theme-junkie-fe...')\n#4 {main}\n  thrown in /wordpress/wp-includes/class-wp-hook.php on line 324",
    "log": "/logs/plugins/t/themefuse-coming-soon/error.json"
  },
  {
    "message": "Uncaught TypeError: call_user_func_array(): Argument #1 ($callback) must be a valid callback, function \"activation\" not found or invalid function name in /wordpress/wp-includes/class-wp-hook.php:324",
    "level": "FATAL",
    "type": "PHP",
    "test": "ast-sqlite-boot",
    "plugin": "themefuse-coming-soon",
    "details": "[03-Jul-2025 08:42:15 UTC] PHP Fatal error:  Uncaught TypeError: call_user_func_array(): Argument #1 ($callback) must be a valid callback, function \"activation\" not found or invalid function name in /wordpress/wp-includes/class-wp-hook.php:324\nStack trace:\n#0 /wordpress/wp-includes/class-wp-hook.php(348): WP_Hook->apply_filters('', Array)\n#1 /wordpress/wp-includes/plugin.php(517): WP_Hook->do_action(Array)\n#2 /wordpress/wp-admin/includes/plugin.php(703): do_action('activate_theme-...', false)\n#3 /internal/eval.php(20): activate_plugin('theme-junkie-fe...')\n#4 {main}\n  thrown in /wordpress/wp-includes/class-wp-hook.php on line 324",
    "log": "/logs/plugins/t/themefuse-coming-soon/error.json"
  },
  {
    "message": "Uncaught TypeError: call_user_func_array(): Argument #1 ($callback) must be a valid callback, function \"activation\" not found or invalid function name in /wordpress/wp-includes/class-wp-hook.php:324",
    "level": "FATAL",
    "type": "PHP",
    "test": "ast-sqlite-boot",
    "plugin": "themefuse-coming-soon",
    "details": "[03-Jul-2025 08:42:23 UTC] PHP Fatal error:  Uncaught TypeError: call_user_func_array(): Argument #1 ($callback) must be a valid callback, function \"activation\" not found or invalid function name in /wordpress/wp-includes/class-wp-hook.php:324\nStack trace:\n#0 /wordpress/wp-includes/class-wp-hook.php(348): WP_Hook->apply_filters('', Array)\n#1 /wordpress/wp-includes/plugin.php(517): WP_Hook->do_action(Array)\n#2 /wordpress/wp-admin/includes/plugin.php(703): do_action('activate_theme-...', false)\n#3 /internal/eval.php(20): activate_plugin('theme-junkie-fe...')\n#4 {main}\n  thrown in /wordpress/wp-includes/class-wp-hook.php on line 324",
    "log": "/logs/plugins/t/themefuse-coming-soon/error.json"
  },
  {
    "message": "Function register_sidebar_widget is <strong>deprecated</strong> since version 2.8.0! Use wp_register_sidebar_widget() instead. in /wordpress/wp-includes/functions.php on line 6121",
    "level": "DEPRECATED",
    "type": "PHP",
    "test": "ast-sqlite-boot",
    "plugin": "themefuse-coming-soon",
    "details": "[03-Jul-2025 08:43:32 UTC] PHP Deprecated:  Function register_sidebar_widget is <strong>deprecated</strong> since version 2.8.0! Use wp_register_sidebar_widget() instead. in /wordpress/wp-includes/functions.php on line 6121",
    "log": "/logs/plugins/t/themefuse-coming-soon/error.json"
  },
  {
    "message": "Function register_widget_control is <strong>deprecated</strong> since version 2.8.0! Use wp_register_widget_control() instead. in /wordpress/wp-includes/functions.php on line 6121",
    "level": "DEPRECATED",
    "type": "PHP",
    "test": "ast-sqlite-boot",
    "plugin": "themefuse-coming-soon",
    "details": "[03-Jul-2025 08:43:32 UTC] PHP Deprecated:  Function register_widget_control is <strong>deprecated</strong> since version 2.8.0! Use wp_register_widget_control() instead. in /wordpress/wp-includes/functions.php on line 6121",
    "log": "/logs/plugins/t/themefuse-coming-soon/error.json"
  },
  {
    "message": "Function register_sidebar_widget is <strong>deprecated</strong> since version 2.8.0! Use wp_register_sidebar_widget() instead. in /wordpress/wp-includes/functions.php on line 6121",
    "level": "DEPRECATED",
    "type": "PHP",
    "test": "ast-sqlite-boot",
    "plugin": "themefuse-coming-soon",
    "details": "[03-Jul-2025 08:43:41 UTC] PHP Deprecated:  Function register_sidebar_widget is <strong>deprecated</strong> since version 2.8.0! Use wp_register_sidebar_widget() instead. in /wordpress/wp-includes/functions.php on line 6121",
    "log": "/logs/plugins/t/themefuse-coming-soon/error.json"
  },
  {
    "message": "Function register_widget_control is <strong>deprecated</strong> since version 2.8.0! Use wp_register_widget_control() instead. in /wordpress/wp-includes/functions.php on line 6121",
    "level": "DEPRECATED",
    "type": "PHP",
    "test": "ast-sqlite-boot",
    "plugin": "themefuse-coming-soon",
    "details": "[03-Jul-2025 08:43:41 UTC] PHP Deprecated:  Function register_widget_control is <strong>deprecated</strong> since version 2.8.0! Use wp_register_widget_control() instead. in /wordpress/wp-includes/functions.php on line 6121",
    "log": "/logs/plugins/t/themefuse-coming-soon/error.json"
  },
  {
    "message": "Function register_sidebar_widget is <strong>deprecated</strong> since version 2.8.0! Use wp_register_sidebar_widget() instead. in /wordpress/wp-includes/functions.php on line 6121",
    "level": "DEPRECATED",
    "type": "PHP",
    "test": "ast-sqlite-boot",
    "plugin": "themefuse-coming-soon",
    "details": "[03-Jul-2025 08:43:51 UTC] PHP Deprecated:  Function register_sidebar_widget is <strong>deprecated</strong> since version 2.8.0! Use wp_register_sidebar_widget() instead. in /wordpress/wp-includes/functions.php on line 6121",
    "log": "/logs/plugins/t/themefuse-coming-soon/error.json"
  },
  {
    "message": "Function register_widget_control is <strong>deprecated</strong> since version 2.8.0! Use wp_register_widget_control() instead. in /wordpress/wp-includes/functions.php on line 6121",
    "level": "DEPRECATED",
    "type": "PHP",
    "test": "ast-sqlite-boot",
    "plugin": "themefuse-coming-soon",
    "details": "[03-Jul-2025 08:43:51 UTC] PHP Deprecated:  Function register_widget_control is <strong>deprecated</strong> since version 2.8.0! Use wp_register_widget_control() instead. in /wordpress/wp-includes/functions.php on line 6121",
    "log": "/logs/plugins/t/themefuse-coming-soon/error.json"
  },
  {
    "message": "Uncaught TypeError: call_user_func_array(): Argument #1 ($callback) must be a valid callback, function \"activation\" not found or invalid function name in /wordpress/wp-includes/class-wp-hook.php:324",
    "level": "FATAL",
    "type": "PHP",
    "test": "ast-sqlite-boot",
    "plugin": "themefuse-coming-soon",
    "details": "[03-Jul-2025 08:43:59 UTC] PHP Fatal error:  Uncaught TypeError: call_user_func_array(): Argument #1 ($callback) must be a valid callback, function \"activation\" not found or invalid function name in /wordpress/wp-includes/class-wp-hook.php:324\nStack trace:\n#0 /wordpress/wp-includes/class-wp-hook.php(348): WP_Hook->apply_filters('', Array)\n#1 /wordpress/wp-includes/plugin.php(517): WP_Hook->do_action(Array)\n#2 /wordpress/wp-admin/includes/plugin.php(703): do_action('activate_theme-...', false)\n#3 /internal/eval.php(20): activate_plugin('theme-junkie-te...')\n#4 {main}\n  thrown in /wordpress/wp-includes/class-wp-hook.php on line 324",
    "log": "/logs/plugins/t/themefuse-coming-soon/error.json"
  },
  {
    "message": "Uncaught TypeError: call_user_func_array(): Argument #1 ($callback) must be a valid callback, function \"activation\" not found or invalid function name in /wordpress/wp-includes/class-wp-hook.php:324",
    "level": "FATAL",
    "type": "PHP",
    "test": "ast-sqlite-boot",
    "plugin": "themefuse-coming-soon",
    "details": "[03-Jul-2025 08:44:07 UTC] PHP Fatal error:  Uncaught TypeError: call_user_func_array(): Argument #1 ($callback) must be a valid callback, function \"activation\" not found or invalid function name in /wordpress/wp-includes/class-wp-hook.php:324\nStack trace:\n#0 /wordpress/wp-includes/class-wp-hook.php(348): WP_Hook->apply_filters('', Array)\n#1 /wordpress/wp-includes/plugin.php(517): WP_Hook->do_action(Array)\n#2 /wordpress/wp-admin/includes/plugin.php(703): do_action('activate_theme-...', false)\n#3 /internal/eval.php(20): activate_plugin('theme-junkie-te...')\n#4 {main}\n  thrown in /wordpress/wp-includes/class-wp-hook.php on line 324",
    "log": "/logs/plugins/t/themefuse-coming-soon/error.json"
  },
  {
    "message": "Uncaught TypeError: call_user_func_array(): Argument #1 ($callback) must be a valid callback, function \"activation\" not found or invalid function name in /wordpress/wp-includes/class-wp-hook.php:324",
    "level": "FATAL",
    "type": "PHP",
    "test": "ast-sqlite-boot",
    "plugin": "themefuse-coming-soon",
    "details": "[03-Jul-2025 08:44:16 UTC] PHP Fatal error:  Uncaught TypeError: call_user_func_array(): Argument #1 ($callback) must be a valid callback, function \"activation\" not found or invalid function name in /wordpress/wp-includes/class-wp-hook.php:324\nStack trace:\n#0 /wordpress/wp-includes/class-wp-hook.php(348): WP_Hook->apply_filters('', Array)\n#1 /wordpress/wp-includes/plugin.php(517): WP_Hook->do_action(Array)\n#2 /wordpress/wp-admin/includes/plugin.php(703): do_action('activate_theme-...', false)\n#3 /internal/eval.php(20): activate_plugin('theme-junkie-te...')\n#4 {main}\n  thrown in /wordpress/wp-includes/class-wp-hook.php on line 324",
    "log": "/logs/plugins/t/themefuse-coming-soon/error.json"
  },
  {
    "message": "Uncaught ArgumentCountError: Too few arguments to function WP_Widget::__construct(), 0 passed in /wordpress/wp-includes/class-wp-widget-factory.php on line 62 and at least 2 expected in /wordpress/wp-includes/class-wp-widget.php:163",
    "level": "FATAL",
    "type": "PHP",
    "test": "ast-sqlite-boot",
    "plugin": "themefuse-coming-soon",
    "details": "[03-Jul-2025 08:44:55 UTC] PHP Fatal error:  Uncaught ArgumentCountError: Too few arguments to function WP_Widget::__construct(), 0 passed in /wordpress/wp-includes/class-wp-widget-factory.php on line 62 and at least 2 expected in /wordpress/wp-includes/class-wp-widget.php:163\nStack trace:\n#0 /wordpress/wp-includes/class-wp-widget-factory.php(62): WP_Widget->__construct()\n#1 /wordpress/wp-includes/widgets.php(123): WP_Widget_Factory->register('Ticketbud_Widge...')\n#2 /wordpress/wp-content/plugins/ticketbud/ticketbud.php(727): register_widget('Ticketbud_Widge...')\n#3 /wordpress/wp-includes/class-wp-hook.php(324): ticketbud_widgets_init('')\n#4 /wordpress/wp-includes/class-wp-hook.php(348): WP_Hook->apply_filters(NULL, Array)\n#5 /wordpress/wp-includes/plugin.php(517): WP_Hook->do_action(Array)\n#6 /wordpress/wp-settings.php(727): do_action('init')\n#7 /wordpress/wp-config.php(102): require_once('/wordpress/wp-s...')\n#8 /wordpress/wp-load.php(50): require_once('/wordpress/wp-c...')\n#9 /internal/eval.php(3): require_once('/wordpress/wp-l...')\n#10 {main}\n  thrown in /wordpress/wp-includes/class-wp-widget.php on line 163",
    "log": "/logs/plugins/t/themefuse-coming-soon/error.json"
  },
  {
    "message": "Uncaught ArgumentCountError: Too few arguments to function WP_Widget::__construct(), 0 passed in /wordpress/wp-includes/class-wp-widget-factory.php on line 62 and at least 2 expected in /wordpress/wp-includes/class-wp-widget.php:163",
    "level": "FATAL",
    "type": "PHP",
    "test": "ast-sqlite-boot",
    "plugin": "themefuse-coming-soon",
    "details": "[03-Jul-2025 08:45:04 UTC] PHP Fatal error:  Uncaught ArgumentCountError: Too few arguments to function WP_Widget::__construct(), 0 passed in /wordpress/wp-includes/class-wp-widget-factory.php on line 62 and at least 2 expected in /wordpress/wp-includes/class-wp-widget.php:163\nStack trace:\n#0 /wordpress/wp-includes/class-wp-widget-factory.php(62): WP_Widget->__construct()\n#1 /wordpress/wp-includes/widgets.php(123): WP_Widget_Factory->register('Ticketbud_Widge...')\n#2 /wordpress/wp-content/plugins/ticketbud/ticketbud.php(727): register_widget('Ticketbud_Widge...')\n#3 /wordpress/wp-includes/class-wp-hook.php(324): ticketbud_widgets_init('')\n#4 /wordpress/wp-includes/class-wp-hook.php(348): WP_Hook->apply_filters(NULL, Array)\n#5 /wordpress/wp-includes/plugin.php(517): WP_Hook->do_action(Array)\n#6 /wordpress/wp-settings.php(727): do_action('init')\n#7 /wordpress/wp-config.php(102): require_once('/wordpress/wp-s...')\n#8 /wordpress/wp-load.php(50): require_once('/wordpress/wp-c...')\n#9 /internal/eval.php(3): require_once('/wordpress/wp-l...')\n#10 {main}\n  thrown in /wordpress/wp-includes/class-wp-widget.php on line 163",
    "log": "/logs/plugins/t/themefuse-coming-soon/error.json"
  },
  {
    "message": "Uncaught ArgumentCountError: Too few arguments to function WP_Widget::__construct(), 0 passed in /wordpress/wp-includes/class-wp-widget-factory.php on line 62 and at least 2 expected in /wordpress/wp-includes/class-wp-widget.php:163",
    "level": "FATAL",
    "type": "PHP",
    "test": "ast-sqlite-boot",
    "plugin": "themefuse-coming-soon",
    "details": "[03-Jul-2025 08:45:13 UTC] PHP Fatal error:  Uncaught ArgumentCountError: Too few arguments to function WP_Widget::__construct(), 0 passed in /wordpress/wp-includes/class-wp-widget-factory.php on line 62 and at least 2 expected in /wordpress/wp-includes/class-wp-widget.php:163\nStack trace:\n#0 /wordpress/wp-includes/class-wp-widget-factory.php(62): WP_Widget->__construct()\n#1 /wordpress/wp-includes/widgets.php(123): WP_Widget_Factory->register('Ticketbud_Widge...')\n#2 /wordpress/wp-content/plugins/ticketbud/ticketbud.php(727): register_widget('Ticketbud_Widge...')\n#3 /wordpress/wp-includes/class-wp-hook.php(324): ticketbud_widgets_init('')\n#4 /wordpress/wp-includes/class-wp-hook.php(348): WP_Hook->apply_filters(NULL, Array)\n#5 /wordpress/wp-includes/plugin.php(517): WP_Hook->do_action(Array)\n#6 /wordpress/wp-settings.php(727): do_action('init')\n#7 /wordpress/wp-config.php(102): require_once('/wordpress/wp-s...')\n#8 /wordpress/wp-load.php(50): require_once('/wordpress/wp-c...')\n#9 /internal/eval.php(3): require_once('/wordpress/wp-l...')\n#10 {main}\n  thrown in /wordpress/wp-includes/class-wp-widget.php on line 163",
    "log": "/logs/plugins/t/themefuse-coming-soon/error.json"
  },
  {
    "message": "Undefined array key \"tf_maintenance_complete_text\" in /wordpress/wp-content/plugins/themefuse-coming-soon/tf_maintenance-maintenance-plugin.php on line 303",
    "level": "WARNING",
    "type": "PHP",
    "test": "ast-sqlite-boot",
    "plugin": "themefuse-coming-soon",
    "details": "[03-Jul-2025 08:48:29 UTC] PHP Warning:  Undefined array key \"tf_maintenance_complete_text\" in /wordpress/wp-content/plugins/themefuse-coming-soon/tf_maintenance-maintenance-plugin.php on line 303\n\n    at Object.onBind (file:///home/runner/work/playground-tester/playground-tester/node_modules/@wp-playground/cli/run-cli-j-geJYS3.js:325:15)\n    at process.processTicksAndRejections (node:internal/process/task_queues:105:5)\n    at async re (file:///home/runner/work/playground-tester/playground-tester/node_modules/@wp-playground/cli/run-cli-j-geJYS3.js:149:10) {\n  [cause]: Error: Error when executing the blueprint step #5 ({\"step\":\"installPlugin\",\"pluginData\":{\"resource\":\"wordpress.org/plugins\",\"slug\":\"themefuse-coming-soon\"},\"options\":{\"activate\":true}}) : Plugin /wordpress/wp-content/plugins/themefuse-coming-soon could not be activated – WordPress exited with no error. Sometimes, when $_SERVER or site options are not configured correctly, WordPress exits early with a 301 redirect. Inspect the \"debug\" logs in the console for more details.\n      at Object.run (file:///home/runner/work/playground-tester/playground-tester/node_modules/@wp-playground/blueprints/index.js:12093:19)\n      at process.processTicksAndRejections (node:internal/process/task_queues:105:5)\n      at async ys (file:///home/runner/work/playground-tester/playground-tester/node_modules/@wp-playground/blueprints/index.js:12196:3)\n      at async Object.onBind (file:///home/runner/work/playground-tester/playground-tester/node_modules/@wp-playground/cli/run-cli-j-geJYS3.js:315:48)\n      at async re (file:///home/runner/work/playground-tester/playground-tester/node_modules/@wp-playground/cli/run-cli-j-geJYS3.js:149:10) {\n    [cause]: Error: Plugin /wordpress/wp-content/plugins/themefuse-coming-soon could not be activated – WordPress exited with no error. Sometimes, when $_SERVER or site options are not configured correctly, WordPress exits early with a 301 redirect. Inspect the \"debug\" logs in the console for more details.\n        at wr (file:///home/runner/work/playground-tester/playground-tester/node_modules/@wp-playground/blueprints/index.js:120:51)\n        at process.processTicksAndRejections (node:internal/process/task_queues:105:5)\n        at async Object.gt [as installPlugin] (file:///home/runner/work/playground-tester/playground-tester/node_modules/@wp-playground/blueprints/index.js:631:42)\n        at async g (file:///home/runner/work/playground-tester/playground-tester/node_modules/@wp-playground/blueprints/index.js:12161:30)\n        at async Object.run (file:///home/runner/work/playground-tester/playground-tester/node_modules/@wp-playground/blueprints/index.js:12090:23)\n        at async ys (file:///home/runner/work/playground-tester/playground-tester/node_modules/@wp-playground/blueprints/index.js:12196:3)\n        at async Object.onBind (file:///home/runner/work/playground-tester/playground-tester/node_modules/@wp-playground/cli/run-cli-j-geJYS3.js:315:48)\n        at async re (file:///home/runner/work/playground-tester/playground-tester/node_modules/@wp-playground/cli/run-cli-j-geJYS3.js:149:10)\n  }\n}\n\n",
    "log": "/logs/plugins/t/themefuse-coming-soon/error.json"
  },
  {
    "message": "file:///home/runner/work/playground-tester/playground-tester/node_modules/@wp-playground/cli/run-cli-j-geJYS3.js:325\n        throw new Error($, { cause: h });\n              ^\n",
    "level": "FATAL",
    "type": "PLAYGROUND",
    "test": "asyncify-boot",
    "plugin": "themefuse-coming-soon",
    "details": "file:///home/runner/work/playground-tester/playground-tester/node_modules/@wp-playground/cli/run-cli-j-geJYS3.js:325\n        throw new Error($, { cause: h });\n              ^\n",
    "log": "/tmp/tmp.LHZ88mlj0P"
  },
  {
    "message": "Function register_sidebar_widget is <strong>deprecated</strong> since version 2.8.0! Use wp_register_sidebar_widget() instead. in /wordpress/wp-includes/functions.php on line 6121",
    "level": "DEPRECATED",
    "type": "PHP",
    "test": "asyncify-boot",
    "plugin": "themefuse-coming-soon",
    "details": "[03-Jul-2025 08:39:00 UTC] PHP Deprecated:  Function register_sidebar_widget is <strong>deprecated</strong> since version 2.8.0! Use wp_register_sidebar_widget() instead. in /wordpress/wp-includes/functions.php on line 6121",
    "log": "/logs/plugins/t/themefuse-coming-soon/error.json"
  },
  {
    "message": "Function register_sidebar_widget is <strong>deprecated</strong> since version 2.8.0! Use wp_register_sidebar_widget() instead. in /wordpress/wp-includes/functions.php on line 6121",
    "level": "DEPRECATED",
    "type": "PHP",
    "test": "asyncify-boot",
    "plugin": "themefuse-coming-soon",
    "details": "[03-Jul-2025 08:39:09 UTC] PHP Deprecated:  Function register_sidebar_widget is <strong>deprecated</strong> since version 2.8.0! Use wp_register_sidebar_widget() instead. in /wordpress/wp-includes/functions.php on line 6121",
    "log": "/logs/plugins/t/themefuse-coming-soon/error.json"
  },
  {
    "message": "Function register_sidebar_widget is <strong>deprecated</strong> since version 2.8.0! Use wp_register_sidebar_widget() instead. in /wordpress/wp-includes/functions.php on line 6121",
    "level": "DEPRECATED",
    "type": "PHP",
    "test": "asyncify-boot",
    "plugin": "themefuse-coming-soon",
    "details": "[03-Jul-2025 08:39:17 UTC] PHP Deprecated:  Function register_sidebar_widget is <strong>deprecated</strong> since version 2.8.0! Use wp_register_sidebar_widget() instead. in /wordpress/wp-includes/functions.php on line 6121",
    "log": "/logs/plugins/t/themefuse-coming-soon/error.json"
  },
  {
    "message": "[03-Jul-2025 08:39:55 UTC] OpenSSL SSL_connect: SSL_ERROR_SYSCALL in connection to app.thevoicedesigner.com:443 ",
    "level": "INFO",
    "type": "OTHER",
    "test": "asyncify-boot",
    "plugin": "themefuse-coming-soon",
    "details": "[03-Jul-2025 08:39:55 UTC] OpenSSL SSL_connect: SSL_ERROR_SYSCALL in connection to app.thevoicedesigner.com:443 ",
    "log": "/logs/plugins/t/themefuse-coming-soon/error.json"
  },
  {
    "message": "Uncaught Httpful\\Exception\\ConnectionErrorException: Unable to connect to \"https://app.thevoicedesigner.com/api/apps\": 35 OpenSSL SSL_connect: SSL_ERROR_SYSCALL in connection to app.thevoicedesigner.com:443  in /wordpress/wp-content/plugins/the-voice-designer-by-data-driven-design/vendor/nategood/httpful/src/Httpful/Request.php:1028",
    "level": "FATAL",
    "type": "PHP",
    "test": "asyncify-boot",
    "plugin": "themefuse-coming-soon",
    "details": "[03-Jul-2025 08:39:55 UTC] PHP Fatal error:  Uncaught Httpful\\Exception\\ConnectionErrorException: Unable to connect to \"https://app.thevoicedesigner.com/api/apps\": 35 OpenSSL SSL_connect: SSL_ERROR_SYSCALL in connection to app.thevoicedesigner.com:443  in /wordpress/wp-content/plugins/the-voice-designer-by-data-driven-design/vendor/nategood/httpful/src/Httpful/Request.php:1028\nStack trace:\n#0 /wordpress/wp-content/plugins/the-voice-designer-by-data-driven-design/vendor/nategood/httpful/src/Httpful/Request.php(204): Httpful\\Request->buildResponse(false)\n#1 /wordpress/wp-content/plugins/the-voice-designer-by-data-driven-design/src/BackendApi.php(53): Httpful\\Request->send()\n#2 /wordpress/wp-content/plugins/the-voice-designer-by-data-driven-design/src/BackendApi.php(32): DataDrivenDesign\\VoiceDesigner\\BackendApi->makeRequest(Object(Httpful\\Request))\n#3 /wordpress/wp-content/plugins/the-voice-designer-by-data-driven-design/src/Plugin.php(16): DataDrivenDesign\\VoiceDesigner\\BackendApi->createApp()\n#4 /wordpress/wp-includes/class-wp-hook.php(324): DataDrivenD in /wordpress/wp-content/plugins/the-voice-designer-by-data-driven-design/vendor/nategood/httpful/src/Httpful/Request.php on line 1028",
    "log": "/logs/plugins/t/themefuse-coming-soon/error.json"
  },
  {
    "message": "[03-Jul-2025 08:40:04 UTC] OpenSSL SSL_connect: SSL_ERROR_SYSCALL in connection to app.thevoicedesigner.com:443 ",
    "level": "INFO",
    "type": "OTHER",
    "test": "asyncify-boot",
    "plugin": "themefuse-coming-soon",
    "details": "[03-Jul-2025 08:40:04 UTC] OpenSSL SSL_connect: SSL_ERROR_SYSCALL in connection to app.thevoicedesigner.com:443 ",
    "log": "/logs/plugins/t/themefuse-coming-soon/error.json"
  },
  {
    "message": "Uncaught Httpful\\Exception\\ConnectionErrorException: Unable to connect to \"https://app.thevoicedesigner.com/api/apps\": 35 OpenSSL SSL_connect: SSL_ERROR_SYSCALL in connection to app.thevoicedesigner.com:443  in /wordpress/wp-content/plugins/the-voice-designer-by-data-driven-design/vendor/nategood/httpful/src/Httpful/Request.php:1028",
    "level": "FATAL",
    "type": "PHP",
    "test": "asyncify-boot",
    "plugin": "themefuse-coming-soon",
    "details": "[03-Jul-2025 08:40:04 UTC] PHP Fatal error:  Uncaught Httpful\\Exception\\ConnectionErrorException: Unable to connect to \"https://app.thevoicedesigner.com/api/apps\": 35 OpenSSL SSL_connect: SSL_ERROR_SYSCALL in connection to app.thevoicedesigner.com:443  in /wordpress/wp-content/plugins/the-voice-designer-by-data-driven-design/vendor/nategood/httpful/src/Httpful/Request.php:1028\nStack trace:\n#0 /wordpress/wp-content/plugins/the-voice-designer-by-data-driven-design/vendor/nategood/httpful/src/Httpful/Request.php(204): Httpful\\Request->buildResponse(false)\n#1 /wordpress/wp-content/plugins/the-voice-designer-by-data-driven-design/src/BackendApi.php(53): Httpful\\Request->send()\n#2 /wordpress/wp-content/plugins/the-voice-designer-by-data-driven-design/src/BackendApi.php(32): DataDrivenDesign\\VoiceDesigner\\BackendApi->makeRequest(Object(Httpful\\Request))\n#3 /wordpress/wp-content/plugins/the-voice-designer-by-data-driven-design/src/Plugin.php(16): DataDrivenDesign\\VoiceDesigner\\BackendApi->createApp()\n#4 /wordpress/wp-includes/class-wp-hook.php(324): DataDrivenD in /wordpress/wp-content/plugins/the-voice-designer-by-data-driven-design/vendor/nategood/httpful/src/Httpful/Request.php on line 1028",
    "log": "/logs/plugins/t/themefuse-coming-soon/error.json"
  },
  {
    "message": "[03-Jul-2025 08:40:12 UTC] OpenSSL SSL_connect: SSL_ERROR_SYSCALL in connection to app.thevoicedesigner.com:443 ",
    "level": "INFO",
    "type": "OTHER",
    "test": "asyncify-boot",
    "plugin": "themefuse-coming-soon",
    "details": "[03-Jul-2025 08:40:12 UTC] OpenSSL SSL_connect: SSL_ERROR_SYSCALL in connection to app.thevoicedesigner.com:443 ",
    "log": "/logs/plugins/t/themefuse-coming-soon/error.json"
  },
  {
    "message": "Uncaught Httpful\\Exception\\ConnectionErrorException: Unable to connect to \"https://app.thevoicedesigner.com/api/apps\": 35 OpenSSL SSL_connect: SSL_ERROR_SYSCALL in connection to app.thevoicedesigner.com:443  in /wordpress/wp-content/plugins/the-voice-designer-by-data-driven-design/vendor/nategood/httpful/src/Httpful/Request.php:1028",
    "level": "FATAL",
    "type": "PHP",
    "test": "asyncify-boot",
    "plugin": "themefuse-coming-soon",
    "details": "[03-Jul-2025 08:40:12 UTC] PHP Fatal error:  Uncaught Httpful\\Exception\\ConnectionErrorException: Unable to connect to \"https://app.thevoicedesigner.com/api/apps\": 35 OpenSSL SSL_connect: SSL_ERROR_SYSCALL in connection to app.thevoicedesigner.com:443  in /wordpress/wp-content/plugins/the-voice-designer-by-data-driven-design/vendor/nategood/httpful/src/Httpful/Request.php:1028\nStack trace:\n#0 /wordpress/wp-content/plugins/the-voice-designer-by-data-driven-design/vendor/nategood/httpful/src/Httpful/Request.php(204): Httpful\\Request->buildResponse(false)\n#1 /wordpress/wp-content/plugins/the-voice-designer-by-data-driven-design/src/BackendApi.php(53): Httpful\\Request->send()\n#2 /wordpress/wp-content/plugins/the-voice-designer-by-data-driven-design/src/BackendApi.php(32): DataDrivenDesign\\VoiceDesigner\\BackendApi->makeRequest(Object(Httpful\\Request))\n#3 /wordpress/wp-content/plugins/the-voice-designer-by-data-driven-design/src/Plugin.php(16): DataDrivenDesign\\VoiceDesigner\\BackendApi->createApp()\n#4 /wordpress/wp-includes/class-wp-hook.php(324): DataDrivenD in /wordpress/wp-content/plugins/the-voice-designer-by-data-driven-design/vendor/nategood/httpful/src/Httpful/Request.php on line 1028",
    "log": "/logs/plugins/t/themefuse-coming-soon/error.json"
  },
  {
    "message": "Uncaught Error: Call to undefined function mysql_error() in /wordpress/wp-content/plugins/thekendienst/thekendienst.php:72",
    "level": "FATAL",
    "type": "PHP",
    "test": "asyncify-boot",
    "plugin": "themefuse-coming-soon",
    "details": "[03-Jul-2025 08:40:42 UTC] PHP Fatal error:  Uncaught Error: Call to undefined function mysql_error() in /wordpress/wp-content/plugins/thekendienst/thekendienst.php:72\nStack trace:\n#0 /wordpress/wp-content/plugins/thekendienst/thekendienst.php(23): Datenbankanlegen()\n#1 /wordpress/wp-admin/includes/plugin.php(2387): include_once('/wordpress/wp-c...')\n#2 /wordpress/wp-admin/includes/plugin.php(673): plugin_sandbox_scrape('thekendienst/th...')\n#3 /internal/eval.php(20): activate_plugin('thekendienst/th...')\n#4 {main}\n  thrown in /wordpress/wp-content/plugins/thekendienst/thekendienst.php on line 72",
    "log": "/logs/plugins/t/themefuse-coming-soon/error.json"
  },
  {
    "message": "Uncaught Error: Call to undefined function mysql_error() in /wordpress/wp-content/plugins/thekendienst/thekendienst.php:72",
    "level": "FATAL",
    "type": "PHP",
    "test": "asyncify-boot",
    "plugin": "themefuse-coming-soon",
    "details": "[03-Jul-2025 08:40:50 UTC] PHP Fatal error:  Uncaught Error: Call to undefined function mysql_error() in /wordpress/wp-content/plugins/thekendienst/thekendienst.php:72\nStack trace:\n#0 /wordpress/wp-content/plugins/thekendienst/thekendienst.php(23): Datenbankanlegen()\n#1 /wordpress/wp-admin/includes/plugin.php(2387): include_once('/wordpress/wp-c...')\n#2 /wordpress/wp-admin/includes/plugin.php(673): plugin_sandbox_scrape('thekendienst/th...')\n#3 /internal/eval.php(20): activate_plugin('thekendienst/th...')\n#4 {main}\n  thrown in /wordpress/wp-content/plugins/thekendienst/thekendienst.php on line 72",
    "log": "/logs/plugins/t/themefuse-coming-soon/error.json"
  },
  {
    "message": "Uncaught Error: Call to undefined function mysql_error() in /wordpress/wp-content/plugins/thekendienst/thekendienst.php:72",
    "level": "FATAL",
    "type": "PHP",
    "test": "asyncify-boot",
    "plugin": "themefuse-coming-soon",
    "details": "[03-Jul-2025 08:40:59 UTC] PHP Fatal error:  Uncaught Error: Call to undefined function mysql_error() in /wordpress/wp-content/plugins/thekendienst/thekendienst.php:72\nStack trace:\n#0 /wordpress/wp-content/plugins/thekendienst/thekendienst.php(23): Datenbankanlegen()\n#1 /wordpress/wp-admin/includes/plugin.php(2387): include_once('/wordpress/wp-c...')\n#2 /wordpress/wp-admin/includes/plugin.php(673): plugin_sandbox_scrape('thekendienst/th...')\n#3 /internal/eval.php(20): activate_plugin('thekendienst/th...')\n#4 {main}\n  thrown in /wordpress/wp-content/plugins/thekendienst/thekendienst.php on line 72",
    "log": "/logs/plugins/t/themefuse-coming-soon/error.json"
  },
  {
    "message": "Uncaught TypeError: call_user_func_array(): Argument #1 ($callback) must be a valid callback, function \"activation\" not found or invalid function name in /wordpress/wp-includes/class-wp-hook.php:324",
    "level": "FATAL",
    "type": "PHP",
    "test": "asyncify-boot",
    "plugin": "themefuse-coming-soon",
    "details": "[03-Jul-2025 08:42:06 UTC] PHP Fatal error:  Uncaught TypeError: call_user_func_array(): Argument #1 ($callback) must be a valid callback, function \"activation\" not found or invalid function name in /wordpress/wp-includes/class-wp-hook.php:324\nStack trace:\n#0 /wordpress/wp-includes/class-wp-hook.php(348): WP_Hook->apply_filters('', Array)\n#1 /wordpress/wp-includes/plugin.php(517): WP_Hook->do_action(Array)\n#2 /wordpress/wp-admin/includes/plugin.php(703): do_action('activate_theme-...', false)\n#3 /internal/eval.php(20): activate_plugin('theme-junkie-fe...')\n#4 {main}\n  thrown in /wordpress/wp-includes/class-wp-hook.php on line 324",
    "log": "/logs/plugins/t/themefuse-coming-soon/error.json"
  },
  {
    "message": "Uncaught TypeError: call_user_func_array(): Argument #1 ($callback) must be a valid callback, function \"activation\" not found or invalid function name in /wordpress/wp-includes/class-wp-hook.php:324",
    "level": "FATAL",
    "type": "PHP",
    "test": "asyncify-boot",
    "plugin": "themefuse-coming-soon",
    "details": "[03-Jul-2025 08:42:15 UTC] PHP Fatal error:  Uncaught TypeError: call_user_func_array(): Argument #1 ($callback) must be a valid callback, function \"activation\" not found or invalid function name in /wordpress/wp-includes/class-wp-hook.php:324\nStack trace:\n#0 /wordpress/wp-includes/class-wp-hook.php(348): WP_Hook->apply_filters('', Array)\n#1 /wordpress/wp-includes/plugin.php(517): WP_Hook->do_action(Array)\n#2 /wordpress/wp-admin/includes/plugin.php(703): do_action('activate_theme-...', false)\n#3 /internal/eval.php(20): activate_plugin('theme-junkie-fe...')\n#4 {main}\n  thrown in /wordpress/wp-includes/class-wp-hook.php on line 324",
    "log": "/logs/plugins/t/themefuse-coming-soon/error.json"
  },
  {
    "message": "Uncaught TypeError: call_user_func_array(): Argument #1 ($callback) must be a valid callback, function \"activation\" not found or invalid function name in /wordpress/wp-includes/class-wp-hook.php:324",
    "level": "FATAL",
    "type": "PHP",
    "test": "asyncify-boot",
    "plugin": "themefuse-coming-soon",
    "details": "[03-Jul-2025 08:42:23 UTC] PHP Fatal error:  Uncaught TypeError: call_user_func_array(): Argument #1 ($callback) must be a valid callback, function \"activation\" not found or invalid function name in /wordpress/wp-includes/class-wp-hook.php:324\nStack trace:\n#0 /wordpress/wp-includes/class-wp-hook.php(348): WP_Hook->apply_filters('', Array)\n#1 /wordpress/wp-includes/plugin.php(517): WP_Hook->do_action(Array)\n#2 /wordpress/wp-admin/includes/plugin.php(703): do_action('activate_theme-...', false)\n#3 /internal/eval.php(20): activate_plugin('theme-junkie-fe...')\n#4 {main}\n  thrown in /wordpress/wp-includes/class-wp-hook.php on line 324",
    "log": "/logs/plugins/t/themefuse-coming-soon/error.json"
  },
  {
    "message": "Function register_sidebar_widget is <strong>deprecated</strong> since version 2.8.0! Use wp_register_sidebar_widget() instead. in /wordpress/wp-includes/functions.php on line 6121",
    "level": "DEPRECATED",
    "type": "PHP",
    "test": "asyncify-boot",
    "plugin": "themefuse-coming-soon",
    "details": "[03-Jul-2025 08:43:32 UTC] PHP Deprecated:  Function register_sidebar_widget is <strong>deprecated</strong> since version 2.8.0! Use wp_register_sidebar_widget() instead. in /wordpress/wp-includes/functions.php on line 6121",
    "log": "/logs/plugins/t/themefuse-coming-soon/error.json"
  },
  {
    "message": "Function register_widget_control is <strong>deprecated</strong> since version 2.8.0! Use wp_register_widget_control() instead. in /wordpress/wp-includes/functions.php on line 6121",
    "level": "DEPRECATED",
    "type": "PHP",
    "test": "asyncify-boot",
    "plugin": "themefuse-coming-soon",
    "details": "[03-Jul-2025 08:43:32 UTC] PHP Deprecated:  Function register_widget_control is <strong>deprecated</strong> since version 2.8.0! Use wp_register_widget_control() instead. in /wordpress/wp-includes/functions.php on line 6121",
    "log": "/logs/plugins/t/themefuse-coming-soon/error.json"
  },
  {
    "message": "Function register_sidebar_widget is <strong>deprecated</strong> since version 2.8.0! Use wp_register_sidebar_widget() instead. in /wordpress/wp-includes/functions.php on line 6121",
    "level": "DEPRECATED",
    "type": "PHP",
    "test": "asyncify-boot",
    "plugin": "themefuse-coming-soon",
    "details": "[03-Jul-2025 08:43:41 UTC] PHP Deprecated:  Function register_sidebar_widget is <strong>deprecated</strong> since version 2.8.0! Use wp_register_sidebar_widget() instead. in /wordpress/wp-includes/functions.php on line 6121",
    "log": "/logs/plugins/t/themefuse-coming-soon/error.json"
  },
  {
    "message": "Function register_widget_control is <strong>deprecated</strong> since version 2.8.0! Use wp_register_widget_control() instead. in /wordpress/wp-includes/functions.php on line 6121",
    "level": "DEPRECATED",
    "type": "PHP",
    "test": "asyncify-boot",
    "plugin": "themefuse-coming-soon",
    "details": "[03-Jul-2025 08:43:41 UTC] PHP Deprecated:  Function register_widget_control is <strong>deprecated</strong> since version 2.8.0! Use wp_register_widget_control() instead. in /wordpress/wp-includes/functions.php on line 6121",
    "log": "/logs/plugins/t/themefuse-coming-soon/error.json"
  },
  {
    "message": "Function register_sidebar_widget is <strong>deprecated</strong> since version 2.8.0! Use wp_register_sidebar_widget() instead. in /wordpress/wp-includes/functions.php on line 6121",
    "level": "DEPRECATED",
    "type": "PHP",
    "test": "asyncify-boot",
    "plugin": "themefuse-coming-soon",
    "details": "[03-Jul-2025 08:43:51 UTC] PHP Deprecated:  Function register_sidebar_widget is <strong>deprecated</strong> since version 2.8.0! Use wp_register_sidebar_widget() instead. in /wordpress/wp-includes/functions.php on line 6121",
    "log": "/logs/plugins/t/themefuse-coming-soon/error.json"
  },
  {
    "message": "Function register_widget_control is <strong>deprecated</strong> since version 2.8.0! Use wp_register_widget_control() instead. in /wordpress/wp-includes/functions.php on line 6121",
    "level": "DEPRECATED",
    "type": "PHP",
    "test": "asyncify-boot",
    "plugin": "themefuse-coming-soon",
    "details": "[03-Jul-2025 08:43:51 UTC] PHP Deprecated:  Function register_widget_control is <strong>deprecated</strong> since version 2.8.0! Use wp_register_widget_control() instead. in /wordpress/wp-includes/functions.php on line 6121",
    "log": "/logs/plugins/t/themefuse-coming-soon/error.json"
  },
  {
    "message": "Uncaught TypeError: call_user_func_array(): Argument #1 ($callback) must be a valid callback, function \"activation\" not found or invalid function name in /wordpress/wp-includes/class-wp-hook.php:324",
    "level": "FATAL",
    "type": "PHP",
    "test": "asyncify-boot",
    "plugin": "themefuse-coming-soon",
    "details": "[03-Jul-2025 08:43:59 UTC] PHP Fatal error:  Uncaught TypeError: call_user_func_array(): Argument #1 ($callback) must be a valid callback, function \"activation\" not found or invalid function name in /wordpress/wp-includes/class-wp-hook.php:324\nStack trace:\n#0 /wordpress/wp-includes/class-wp-hook.php(348): WP_Hook->apply_filters('', Array)\n#1 /wordpress/wp-includes/plugin.php(517): WP_Hook->do_action(Array)\n#2 /wordpress/wp-admin/includes/plugin.php(703): do_action('activate_theme-...', false)\n#3 /internal/eval.php(20): activate_plugin('theme-junkie-te...')\n#4 {main}\n  thrown in /wordpress/wp-includes/class-wp-hook.php on line 324",
    "log": "/logs/plugins/t/themefuse-coming-soon/error.json"
  },
  {
    "message": "Uncaught TypeError: call_user_func_array(): Argument #1 ($callback) must be a valid callback, function \"activation\" not found or invalid function name in /wordpress/wp-includes/class-wp-hook.php:324",
    "level": "FATAL",
    "type": "PHP",
    "test": "asyncify-boot",
    "plugin": "themefuse-coming-soon",
    "details": "[03-Jul-2025 08:44:07 UTC] PHP Fatal error:  Uncaught TypeError: call_user_func_array(): Argument #1 ($callback) must be a valid callback, function \"activation\" not found or invalid function name in /wordpress/wp-includes/class-wp-hook.php:324\nStack trace:\n#0 /wordpress/wp-includes/class-wp-hook.php(348): WP_Hook->apply_filters('', Array)\n#1 /wordpress/wp-includes/plugin.php(517): WP_Hook->do_action(Array)\n#2 /wordpress/wp-admin/includes/plugin.php(703): do_action('activate_theme-...', false)\n#3 /internal/eval.php(20): activate_plugin('theme-junkie-te...')\n#4 {main}\n  thrown in /wordpress/wp-includes/class-wp-hook.php on line 324",
    "log": "/logs/plugins/t/themefuse-coming-soon/error.json"
  },
  {
    "message": "Uncaught TypeError: call_user_func_array(): Argument #1 ($callback) must be a valid callback, function \"activation\" not found or invalid function name in /wordpress/wp-includes/class-wp-hook.php:324",
    "level": "FATAL",
    "type": "PHP",
    "test": "asyncify-boot",
    "plugin": "themefuse-coming-soon",
    "details": "[03-Jul-2025 08:44:16 UTC] PHP Fatal error:  Uncaught TypeError: call_user_func_array(): Argument #1 ($callback) must be a valid callback, function \"activation\" not found or invalid function name in /wordpress/wp-includes/class-wp-hook.php:324\nStack trace:\n#0 /wordpress/wp-includes/class-wp-hook.php(348): WP_Hook->apply_filters('', Array)\n#1 /wordpress/wp-includes/plugin.php(517): WP_Hook->do_action(Array)\n#2 /wordpress/wp-admin/includes/plugin.php(703): do_action('activate_theme-...', false)\n#3 /internal/eval.php(20): activate_plugin('theme-junkie-te...')\n#4 {main}\n  thrown in /wordpress/wp-includes/class-wp-hook.php on line 324",
    "log": "/logs/plugins/t/themefuse-coming-soon/error.json"
  },
  {
    "message": "Uncaught ArgumentCountError: Too few arguments to function WP_Widget::__construct(), 0 passed in /wordpress/wp-includes/class-wp-widget-factory.php on line 62 and at least 2 expected in /wordpress/wp-includes/class-wp-widget.php:163",
    "level": "FATAL",
    "type": "PHP",
    "test": "asyncify-boot",
    "plugin": "themefuse-coming-soon",
    "details": "[03-Jul-2025 08:44:55 UTC] PHP Fatal error:  Uncaught ArgumentCountError: Too few arguments to function WP_Widget::__construct(), 0 passed in /wordpress/wp-includes/class-wp-widget-factory.php on line 62 and at least 2 expected in /wordpress/wp-includes/class-wp-widget.php:163\nStack trace:\n#0 /wordpress/wp-includes/class-wp-widget-factory.php(62): WP_Widget->__construct()\n#1 /wordpress/wp-includes/widgets.php(123): WP_Widget_Factory->register('Ticketbud_Widge...')\n#2 /wordpress/wp-content/plugins/ticketbud/ticketbud.php(727): register_widget('Ticketbud_Widge...')\n#3 /wordpress/wp-includes/class-wp-hook.php(324): ticketbud_widgets_init('')\n#4 /wordpress/wp-includes/class-wp-hook.php(348): WP_Hook->apply_filters(NULL, Array)\n#5 /wordpress/wp-includes/plugin.php(517): WP_Hook->do_action(Array)\n#6 /wordpress/wp-settings.php(727): do_action('init')\n#7 /wordpress/wp-config.php(102): require_once('/wordpress/wp-s...')\n#8 /wordpress/wp-load.php(50): require_once('/wordpress/wp-c...')\n#9 /internal/eval.php(3): require_once('/wordpress/wp-l...')\n#10 {main}\n  thrown in /wordpress/wp-includes/class-wp-widget.php on line 163",
    "log": "/logs/plugins/t/themefuse-coming-soon/error.json"
  },
  {
    "message": "Uncaught ArgumentCountError: Too few arguments to function WP_Widget::__construct(), 0 passed in /wordpress/wp-includes/class-wp-widget-factory.php on line 62 and at least 2 expected in /wordpress/wp-includes/class-wp-widget.php:163",
    "level": "FATAL",
    "type": "PHP",
    "test": "asyncify-boot",
    "plugin": "themefuse-coming-soon",
    "details": "[03-Jul-2025 08:45:04 UTC] PHP Fatal error:  Uncaught ArgumentCountError: Too few arguments to function WP_Widget::__construct(), 0 passed in /wordpress/wp-includes/class-wp-widget-factory.php on line 62 and at least 2 expected in /wordpress/wp-includes/class-wp-widget.php:163\nStack trace:\n#0 /wordpress/wp-includes/class-wp-widget-factory.php(62): WP_Widget->__construct()\n#1 /wordpress/wp-includes/widgets.php(123): WP_Widget_Factory->register('Ticketbud_Widge...')\n#2 /wordpress/wp-content/plugins/ticketbud/ticketbud.php(727): register_widget('Ticketbud_Widge...')\n#3 /wordpress/wp-includes/class-wp-hook.php(324): ticketbud_widgets_init('')\n#4 /wordpress/wp-includes/class-wp-hook.php(348): WP_Hook->apply_filters(NULL, Array)\n#5 /wordpress/wp-includes/plugin.php(517): WP_Hook->do_action(Array)\n#6 /wordpress/wp-settings.php(727): do_action('init')\n#7 /wordpress/wp-config.php(102): require_once('/wordpress/wp-s...')\n#8 /wordpress/wp-load.php(50): require_once('/wordpress/wp-c...')\n#9 /internal/eval.php(3): require_once('/wordpress/wp-l...')\n#10 {main}\n  thrown in /wordpress/wp-includes/class-wp-widget.php on line 163",
    "log": "/logs/plugins/t/themefuse-coming-soon/error.json"
  },
  {
    "message": "Uncaught ArgumentCountError: Too few arguments to function WP_Widget::__construct(), 0 passed in /wordpress/wp-includes/class-wp-widget-factory.php on line 62 and at least 2 expected in /wordpress/wp-includes/class-wp-widget.php:163",
    "level": "FATAL",
    "type": "PHP",
    "test": "asyncify-boot",
    "plugin": "themefuse-coming-soon",
    "details": "[03-Jul-2025 08:45:13 UTC] PHP Fatal error:  Uncaught ArgumentCountError: Too few arguments to function WP_Widget::__construct(), 0 passed in /wordpress/wp-includes/class-wp-widget-factory.php on line 62 and at least 2 expected in /wordpress/wp-includes/class-wp-widget.php:163\nStack trace:\n#0 /wordpress/wp-includes/class-wp-widget-factory.php(62): WP_Widget->__construct()\n#1 /wordpress/wp-includes/widgets.php(123): WP_Widget_Factory->register('Ticketbud_Widge...')\n#2 /wordpress/wp-content/plugins/ticketbud/ticketbud.php(727): register_widget('Ticketbud_Widge...')\n#3 /wordpress/wp-includes/class-wp-hook.php(324): ticketbud_widgets_init('')\n#4 /wordpress/wp-includes/class-wp-hook.php(348): WP_Hook->apply_filters(NULL, Array)\n#5 /wordpress/wp-includes/plugin.php(517): WP_Hook->do_action(Array)\n#6 /wordpress/wp-settings.php(727): do_action('init')\n#7 /wordpress/wp-config.php(102): require_once('/wordpress/wp-s...')\n#8 /wordpress/wp-load.php(50): require_once('/wordpress/wp-c...')\n#9 /internal/eval.php(3): require_once('/wordpress/wp-l...')\n#10 {main}\n  thrown in /wordpress/wp-includes/class-wp-widget.php on line 163",
    "log": "/logs/plugins/t/themefuse-coming-soon/error.json"
  },
  {
    "message": "Undefined array key \"tf_maintenance_complete_text\" in /wordpress/wp-content/plugins/themefuse-coming-soon/tf_maintenance-maintenance-plugin.php on line 303",
    "level": "WARNING",
    "type": "PHP",
    "test": "asyncify-boot",
    "plugin": "themefuse-coming-soon",
    "details": "[03-Jul-2025 08:48:29 UTC] PHP Warning:  Undefined array key \"tf_maintenance_complete_text\" in /wordpress/wp-content/plugins/themefuse-coming-soon/tf_maintenance-maintenance-plugin.php on line 303",
    "log": "/logs/plugins/t/themefuse-coming-soon/error.json"
  },
  {
    "message": "Undefined array key \"tf_maintenance_complete_text\" in /wordpress/wp-content/plugins/themefuse-coming-soon/tf_maintenance-maintenance-plugin.php on line 303",
    "level": "WARNING",
    "type": "PHP",
    "test": "asyncify-boot",
    "plugin": "themefuse-coming-soon",
    "details": "[03-Jul-2025 08:48:39 UTC] PHP Warning:  Undefined array key \"tf_maintenance_complete_text\" in /wordpress/wp-content/plugins/themefuse-coming-soon/tf_maintenance-maintenance-plugin.php on line 303\n\n    at Object.onBind (file:///home/runner/work/playground-tester/playground-tester/node_modules/@wp-playground/cli/run-cli-j-geJYS3.js:325:15)\n    at process.processTicksAndRejections (node:internal/process/task_queues:105:5)\n    at async re (file:///home/runner/work/playground-tester/playground-tester/node_modules/@wp-playground/cli/run-cli-j-geJYS3.js:149:10) {\n  [cause]: Error: Error when executing the blueprint step #1 ({\"step\":\"installPlugin\",\"pluginData\":{\"resource\":\"wordpress.org/plugins\",\"slug\":\"themefuse-coming-soon\"},\"options\":{\"activate\":true}}) : Plugin /wordpress/wp-content/plugins/themefuse-coming-soon could not be activated – WordPress exited with no error. Sometimes, when $_SERVER or site options are not configured correctly, WordPress exits early with a 301 redirect. Inspect the \"debug\" logs in the console for more details.\n      at Object.run (file:///home/runner/work/playground-tester/playground-tester/node_modules/@wp-playground/blueprints/index.js:12093:19)\n      at process.processTicksAndRejections (node:internal/process/task_queues:105:5)\n      at async ys (file:///home/runner/work/playground-tester/playground-tester/node_modules/@wp-playground/blueprints/index.js:12196:3)\n      at async Object.onBind (file:///home/runner/work/playground-tester/playground-tester/node_modules/@wp-playground/cli/run-cli-j-geJYS3.js:315:48)\n      at async re (file:///home/runner/work/playground-tester/playground-tester/node_modules/@wp-playground/cli/run-cli-j-geJYS3.js:149:10) {\n    [cause]: Error: Plugin /wordpress/wp-content/plugins/themefuse-coming-soon could not be activated – WordPress exited with no error. Sometimes, when $_SERVER or site options are not configured correctly, WordPress exits early with a 301 redirect. Inspect the \"debug\" logs in the console for more details.\n        at wr (file:///home/runner/work/playground-tester/playground-tester/node_modules/@wp-playground/blueprints/index.js:120:51)\n        at process.processTicksAndRejections (node:internal/process/task_queues:105:5)\n        at async Object.gt [as installPlugin] (file:///home/runner/work/playground-tester/playground-tester/node_modules/@wp-playground/blueprints/index.js:631:42)\n        at async g (file:///home/runner/work/playground-tester/playground-tester/node_modules/@wp-playground/blueprints/index.js:12161:30)\n        at async Object.run (file:///home/runner/work/playground-tester/playground-tester/node_modules/@wp-playground/blueprints/index.js:12090:23)\n        at async ys (file:///home/runner/work/playground-tester/playground-tester/node_modules/@wp-playground/blueprints/index.js:12196:3)\n        at async Object.onBind (file:///home/runner/work/playground-tester/playground-tester/node_modules/@wp-playground/cli/run-cli-j-geJYS3.js:315:48)\n        at async re (file:///home/runner/work/playground-tester/playground-tester/node_modules/@wp-playground/cli/run-cli-j-geJYS3.js:149:10)\n  }\n}\n\n",
    "log": "/logs/plugins/t/themefuse-coming-soon/error.json"
  },
  {
    "message": "file:///home/runner/work/playground-tester/playground-tester/node_modules/@wp-playground/cli/run-cli-j-geJYS3.js:325\n        throw new Error($, { cause: h });\n              ^\n",
    "level": "FATAL",
    "type": "PLAYGROUND",
    "test": "jspi-boot",
    "plugin": "themefuse-coming-soon",
    "details": "file:///home/runner/work/playground-tester/playground-tester/node_modules/@wp-playground/cli/run-cli-j-geJYS3.js:325\n        throw new Error($, { cause: h });\n              ^\n",
    "log": "/tmp/tmp.2FNwYQi6LI"
  },
  {
    "message": "Function register_sidebar_widget is <strong>deprecated</strong> since version 2.8.0! Use wp_register_sidebar_widget() instead. in /wordpress/wp-includes/functions.php on line 6121",
    "level": "DEPRECATED",
    "type": "PHP",
    "test": "jspi-boot",
    "plugin": "themefuse-coming-soon",
    "details": "[03-Jul-2025 08:39:00 UTC] PHP Deprecated:  Function register_sidebar_widget is <strong>deprecated</strong> since version 2.8.0! Use wp_register_sidebar_widget() instead. in /wordpress/wp-includes/functions.php on line 6121",
    "log": "/logs/plugins/t/themefuse-coming-soon/error.json"
  },
  {
    "message": "Function register_sidebar_widget is <strong>deprecated</strong> since version 2.8.0! Use wp_register_sidebar_widget() instead. in /wordpress/wp-includes/functions.php on line 6121",
    "level": "DEPRECATED",
    "type": "PHP",
    "test": "jspi-boot",
    "plugin": "themefuse-coming-soon",
    "details": "[03-Jul-2025 08:39:09 UTC] PHP Deprecated:  Function register_sidebar_widget is <strong>deprecated</strong> since version 2.8.0! Use wp_register_sidebar_widget() instead. in /wordpress/wp-includes/functions.php on line 6121",
    "log": "/logs/plugins/t/themefuse-coming-soon/error.json"
  },
  {
    "message": "Function register_sidebar_widget is <strong>deprecated</strong> since version 2.8.0! Use wp_register_sidebar_widget() instead. in /wordpress/wp-includes/functions.php on line 6121",
    "level": "DEPRECATED",
    "type": "PHP",
    "test": "jspi-boot",
    "plugin": "themefuse-coming-soon",
    "details": "[03-Jul-2025 08:39:17 UTC] PHP Deprecated:  Function register_sidebar_widget is <strong>deprecated</strong> since version 2.8.0! Use wp_register_sidebar_widget() instead. in /wordpress/wp-includes/functions.php on line 6121",
    "log": "/logs/plugins/t/themefuse-coming-soon/error.json"
  },
  {
    "message": "[03-Jul-2025 08:39:55 UTC] OpenSSL SSL_connect: SSL_ERROR_SYSCALL in connection to app.thevoicedesigner.com:443 ",
    "level": "INFO",
    "type": "OTHER",
    "test": "jspi-boot",
    "plugin": "themefuse-coming-soon",
    "details": "[03-Jul-2025 08:39:55 UTC] OpenSSL SSL_connect: SSL_ERROR_SYSCALL in connection to app.thevoicedesigner.com:443 ",
    "log": "/logs/plugins/t/themefuse-coming-soon/error.json"
  },
  {
    "message": "Uncaught Httpful\\Exception\\ConnectionErrorException: Unable to connect to \"https://app.thevoicedesigner.com/api/apps\": 35 OpenSSL SSL_connect: SSL_ERROR_SYSCALL in connection to app.thevoicedesigner.com:443  in /wordpress/wp-content/plugins/the-voice-designer-by-data-driven-design/vendor/nategood/httpful/src/Httpful/Request.php:1028",
    "level": "FATAL",
    "type": "PHP",
    "test": "jspi-boot",
    "plugin": "themefuse-coming-soon",
    "details": "[03-Jul-2025 08:39:55 UTC] PHP Fatal error:  Uncaught Httpful\\Exception\\ConnectionErrorException: Unable to connect to \"https://app.thevoicedesigner.com/api/apps\": 35 OpenSSL SSL_connect: SSL_ERROR_SYSCALL in connection to app.thevoicedesigner.com:443  in /wordpress/wp-content/plugins/the-voice-designer-by-data-driven-design/vendor/nategood/httpful/src/Httpful/Request.php:1028\nStack trace:\n#0 /wordpress/wp-content/plugins/the-voice-designer-by-data-driven-design/vendor/nategood/httpful/src/Httpful/Request.php(204): Httpful\\Request->buildResponse(false)\n#1 /wordpress/wp-content/plugins/the-voice-designer-by-data-driven-design/src/BackendApi.php(53): Httpful\\Request->send()\n#2 /wordpress/wp-content/plugins/the-voice-designer-by-data-driven-design/src/BackendApi.php(32): DataDrivenDesign\\VoiceDesigner\\BackendApi->makeRequest(Object(Httpful\\Request))\n#3 /wordpress/wp-content/plugins/the-voice-designer-by-data-driven-design/src/Plugin.php(16): DataDrivenDesign\\VoiceDesigner\\BackendApi->createApp()\n#4 /wordpress/wp-includes/class-wp-hook.php(324): DataDrivenD in /wordpress/wp-content/plugins/the-voice-designer-by-data-driven-design/vendor/nategood/httpful/src/Httpful/Request.php on line 1028",
    "log": "/logs/plugins/t/themefuse-coming-soon/error.json"
  },
  {
    "message": "[03-Jul-2025 08:40:04 UTC] OpenSSL SSL_connect: SSL_ERROR_SYSCALL in connection to app.thevoicedesigner.com:443 ",
    "level": "INFO",
    "type": "OTHER",
    "test": "jspi-boot",
    "plugin": "themefuse-coming-soon",
    "details": "[03-Jul-2025 08:40:04 UTC] OpenSSL SSL_connect: SSL_ERROR_SYSCALL in connection to app.thevoicedesigner.com:443 ",
    "log": "/logs/plugins/t/themefuse-coming-soon/error.json"
  },
  {
    "message": "Uncaught Httpful\\Exception\\ConnectionErrorException: Unable to connect to \"https://app.thevoicedesigner.com/api/apps\": 35 OpenSSL SSL_connect: SSL_ERROR_SYSCALL in connection to app.thevoicedesigner.com:443  in /wordpress/wp-content/plugins/the-voice-designer-by-data-driven-design/vendor/nategood/httpful/src/Httpful/Request.php:1028",
    "level": "FATAL",
    "type": "PHP",
    "test": "jspi-boot",
    "plugin": "themefuse-coming-soon",
    "details": "[03-Jul-2025 08:40:04 UTC] PHP Fatal error:  Uncaught Httpful\\Exception\\ConnectionErrorException: Unable to connect to \"https://app.thevoicedesigner.com/api/apps\": 35 OpenSSL SSL_connect: SSL_ERROR_SYSCALL in connection to app.thevoicedesigner.com:443  in /wordpress/wp-content/plugins/the-voice-designer-by-data-driven-design/vendor/nategood/httpful/src/Httpful/Request.php:1028\nStack trace:\n#0 /wordpress/wp-content/plugins/the-voice-designer-by-data-driven-design/vendor/nategood/httpful/src/Httpful/Request.php(204): Httpful\\Request->buildResponse(false)\n#1 /wordpress/wp-content/plugins/the-voice-designer-by-data-driven-design/src/BackendApi.php(53): Httpful\\Request->send()\n#2 /wordpress/wp-content/plugins/the-voice-designer-by-data-driven-design/src/BackendApi.php(32): DataDrivenDesign\\VoiceDesigner\\BackendApi->makeRequest(Object(Httpful\\Request))\n#3 /wordpress/wp-content/plugins/the-voice-designer-by-data-driven-design/src/Plugin.php(16): DataDrivenDesign\\VoiceDesigner\\BackendApi->createApp()\n#4 /wordpress/wp-includes/class-wp-hook.php(324): DataDrivenD in /wordpress/wp-content/plugins/the-voice-designer-by-data-driven-design/vendor/nategood/httpful/src/Httpful/Request.php on line 1028",
    "log": "/logs/plugins/t/themefuse-coming-soon/error.json"
  },
  {
    "message": "[03-Jul-2025 08:40:12 UTC] OpenSSL SSL_connect: SSL_ERROR_SYSCALL in connection to app.thevoicedesigner.com:443 ",
    "level": "INFO",
    "type": "OTHER",
    "test": "jspi-boot",
    "plugin": "themefuse-coming-soon",
    "details": "[03-Jul-2025 08:40:12 UTC] OpenSSL SSL_connect: SSL_ERROR_SYSCALL in connection to app.thevoicedesigner.com:443 ",
    "log": "/logs/plugins/t/themefuse-coming-soon/error.json"
  },
  {
    "message": "Uncaught Httpful\\Exception\\ConnectionErrorException: Unable to connect to \"https://app.thevoicedesigner.com/api/apps\": 35 OpenSSL SSL_connect: SSL_ERROR_SYSCALL in connection to app.thevoicedesigner.com:443  in /wordpress/wp-content/plugins/the-voice-designer-by-data-driven-design/vendor/nategood/httpful/src/Httpful/Request.php:1028",
    "level": "FATAL",
    "type": "PHP",
    "test": "jspi-boot",
    "plugin": "themefuse-coming-soon",
    "details": "[03-Jul-2025 08:40:12 UTC] PHP Fatal error:  Uncaught Httpful\\Exception\\ConnectionErrorException: Unable to connect to \"https://app.thevoicedesigner.com/api/apps\": 35 OpenSSL SSL_connect: SSL_ERROR_SYSCALL in connection to app.thevoicedesigner.com:443  in /wordpress/wp-content/plugins/the-voice-designer-by-data-driven-design/vendor/nategood/httpful/src/Httpful/Request.php:1028\nStack trace:\n#0 /wordpress/wp-content/plugins/the-voice-designer-by-data-driven-design/vendor/nategood/httpful/src/Httpful/Request.php(204): Httpful\\Request->buildResponse(false)\n#1 /wordpress/wp-content/plugins/the-voice-designer-by-data-driven-design/src/BackendApi.php(53): Httpful\\Request->send()\n#2 /wordpress/wp-content/plugins/the-voice-designer-by-data-driven-design/src/BackendApi.php(32): DataDrivenDesign\\VoiceDesigner\\BackendApi->makeRequest(Object(Httpful\\Request))\n#3 /wordpress/wp-content/plugins/the-voice-designer-by-data-driven-design/src/Plugin.php(16): DataDrivenDesign\\VoiceDesigner\\BackendApi->createApp()\n#4 /wordpress/wp-includes/class-wp-hook.php(324): DataDrivenD in /wordpress/wp-content/plugins/the-voice-designer-by-data-driven-design/vendor/nategood/httpful/src/Httpful/Request.php on line 1028",
    "log": "/logs/plugins/t/themefuse-coming-soon/error.json"
  },
  {
    "message": "Uncaught Error: Call to undefined function mysql_error() in /wordpress/wp-content/plugins/thekendienst/thekendienst.php:72",
    "level": "FATAL",
    "type": "PHP",
    "test": "jspi-boot",
    "plugin": "themefuse-coming-soon",
    "details": "[03-Jul-2025 08:40:42 UTC] PHP Fatal error:  Uncaught Error: Call to undefined function mysql_error() in /wordpress/wp-content/plugins/thekendienst/thekendienst.php:72\nStack trace:\n#0 /wordpress/wp-content/plugins/thekendienst/thekendienst.php(23): Datenbankanlegen()\n#1 /wordpress/wp-admin/includes/plugin.php(2387): include_once('/wordpress/wp-c...')\n#2 /wordpress/wp-admin/includes/plugin.php(673): plugin_sandbox_scrape('thekendienst/th...')\n#3 /internal/eval.php(20): activate_plugin('thekendienst/th...')\n#4 {main}\n  thrown in /wordpress/wp-content/plugins/thekendienst/thekendienst.php on line 72",
    "log": "/logs/plugins/t/themefuse-coming-soon/error.json"
  },
  {
    "message": "Uncaught Error: Call to undefined function mysql_error() in /wordpress/wp-content/plugins/thekendienst/thekendienst.php:72",
    "level": "FATAL",
    "type": "PHP",
    "test": "jspi-boot",
    "plugin": "themefuse-coming-soon",
    "details": "[03-Jul-2025 08:40:50 UTC] PHP Fatal error:  Uncaught Error: Call to undefined function mysql_error() in /wordpress/wp-content/plugins/thekendienst/thekendienst.php:72\nStack trace:\n#0 /wordpress/wp-content/plugins/thekendienst/thekendienst.php(23): Datenbankanlegen()\n#1 /wordpress/wp-admin/includes/plugin.php(2387): include_once('/wordpress/wp-c...')\n#2 /wordpress/wp-admin/includes/plugin.php(673): plugin_sandbox_scrape('thekendienst/th...')\n#3 /internal/eval.php(20): activate_plugin('thekendienst/th...')\n#4 {main}\n  thrown in /wordpress/wp-content/plugins/thekendienst/thekendienst.php on line 72",
    "log": "/logs/plugins/t/themefuse-coming-soon/error.json"
  },
  {
    "message": "Uncaught Error: Call to undefined function mysql_error() in /wordpress/wp-content/plugins/thekendienst/thekendienst.php:72",
    "level": "FATAL",
    "type": "PHP",
    "test": "jspi-boot",
    "plugin": "themefuse-coming-soon",
    "details": "[03-Jul-2025 08:40:59 UTC] PHP Fatal error:  Uncaught Error: Call to undefined function mysql_error() in /wordpress/wp-content/plugins/thekendienst/thekendienst.php:72\nStack trace:\n#0 /wordpress/wp-content/plugins/thekendienst/thekendienst.php(23): Datenbankanlegen()\n#1 /wordpress/wp-admin/includes/plugin.php(2387): include_once('/wordpress/wp-c...')\n#2 /wordpress/wp-admin/includes/plugin.php(673): plugin_sandbox_scrape('thekendienst/th...')\n#3 /internal/eval.php(20): activate_plugin('thekendienst/th...')\n#4 {main}\n  thrown in /wordpress/wp-content/plugins/thekendienst/thekendienst.php on line 72",
    "log": "/logs/plugins/t/themefuse-coming-soon/error.json"
  },
  {
    "message": "Uncaught TypeError: call_user_func_array(): Argument #1 ($callback) must be a valid callback, function \"activation\" not found or invalid function name in /wordpress/wp-includes/class-wp-hook.php:324",
    "level": "FATAL",
    "type": "PHP",
    "test": "jspi-boot",
    "plugin": "themefuse-coming-soon",
    "details": "[03-Jul-2025 08:42:06 UTC] PHP Fatal error:  Uncaught TypeError: call_user_func_array(): Argument #1 ($callback) must be a valid callback, function \"activation\" not found or invalid function name in /wordpress/wp-includes/class-wp-hook.php:324\nStack trace:\n#0 /wordpress/wp-includes/class-wp-hook.php(348): WP_Hook->apply_filters('', Array)\n#1 /wordpress/wp-includes/plugin.php(517): WP_Hook->do_action(Array)\n#2 /wordpress/wp-admin/includes/plugin.php(703): do_action('activate_theme-...', false)\n#3 /internal/eval.php(20): activate_plugin('theme-junkie-fe...')\n#4 {main}\n  thrown in /wordpress/wp-includes/class-wp-hook.php on line 324",
    "log": "/logs/plugins/t/themefuse-coming-soon/error.json"
  },
  {
    "message": "Uncaught TypeError: call_user_func_array(): Argument #1 ($callback) must be a valid callback, function \"activation\" not found or invalid function name in /wordpress/wp-includes/class-wp-hook.php:324",
    "level": "FATAL",
    "type": "PHP",
    "test": "jspi-boot",
    "plugin": "themefuse-coming-soon",
    "details": "[03-Jul-2025 08:42:15 UTC] PHP Fatal error:  Uncaught TypeError: call_user_func_array(): Argument #1 ($callback) must be a valid callback, function \"activation\" not found or invalid function name in /wordpress/wp-includes/class-wp-hook.php:324\nStack trace:\n#0 /wordpress/wp-includes/class-wp-hook.php(348): WP_Hook->apply_filters('', Array)\n#1 /wordpress/wp-includes/plugin.php(517): WP_Hook->do_action(Array)\n#2 /wordpress/wp-admin/includes/plugin.php(703): do_action('activate_theme-...', false)\n#3 /internal/eval.php(20): activate_plugin('theme-junkie-fe...')\n#4 {main}\n  thrown in /wordpress/wp-includes/class-wp-hook.php on line 324",
    "log": "/logs/plugins/t/themefuse-coming-soon/error.json"
  },
  {
    "message": "Uncaught TypeError: call_user_func_array(): Argument #1 ($callback) must be a valid callback, function \"activation\" not found or invalid function name in /wordpress/wp-includes/class-wp-hook.php:324",
    "level": "FATAL",
    "type": "PHP",
    "test": "jspi-boot",
    "plugin": "themefuse-coming-soon",
    "details": "[03-Jul-2025 08:42:23 UTC] PHP Fatal error:  Uncaught TypeError: call_user_func_array(): Argument #1 ($callback) must be a valid callback, function \"activation\" not found or invalid function name in /wordpress/wp-includes/class-wp-hook.php:324\nStack trace:\n#0 /wordpress/wp-includes/class-wp-hook.php(348): WP_Hook->apply_filters('', Array)\n#1 /wordpress/wp-includes/plugin.php(517): WP_Hook->do_action(Array)\n#2 /wordpress/wp-admin/includes/plugin.php(703): do_action('activate_theme-...', false)\n#3 /internal/eval.php(20): activate_plugin('theme-junkie-fe...')\n#4 {main}\n  thrown in /wordpress/wp-includes/class-wp-hook.php on line 324",
    "log": "/logs/plugins/t/themefuse-coming-soon/error.json"
  },
  {
    "message": "Function register_sidebar_widget is <strong>deprecated</strong> since version 2.8.0! Use wp_register_sidebar_widget() instead. in /wordpress/wp-includes/functions.php on line 6121",
    "level": "DEPRECATED",
    "type": "PHP",
    "test": "jspi-boot",
    "plugin": "themefuse-coming-soon",
    "details": "[03-Jul-2025 08:43:32 UTC] PHP Deprecated:  Function register_sidebar_widget is <strong>deprecated</strong> since version 2.8.0! Use wp_register_sidebar_widget() instead. in /wordpress/wp-includes/functions.php on line 6121",
    "log": "/logs/plugins/t/themefuse-coming-soon/error.json"
  },
  {
    "message": "Function register_widget_control is <strong>deprecated</strong> since version 2.8.0! Use wp_register_widget_control() instead. in /wordpress/wp-includes/functions.php on line 6121",
    "level": "DEPRECATED",
    "type": "PHP",
    "test": "jspi-boot",
    "plugin": "themefuse-coming-soon",
    "details": "[03-Jul-2025 08:43:32 UTC] PHP Deprecated:  Function register_widget_control is <strong>deprecated</strong> since version 2.8.0! Use wp_register_widget_control() instead. in /wordpress/wp-includes/functions.php on line 6121",
    "log": "/logs/plugins/t/themefuse-coming-soon/error.json"
  },
  {
    "message": "Function register_sidebar_widget is <strong>deprecated</strong> since version 2.8.0! Use wp_register_sidebar_widget() instead. in /wordpress/wp-includes/functions.php on line 6121",
    "level": "DEPRECATED",
    "type": "PHP",
    "test": "jspi-boot",
    "plugin": "themefuse-coming-soon",
    "details": "[03-Jul-2025 08:43:41 UTC] PHP Deprecated:  Function register_sidebar_widget is <strong>deprecated</strong> since version 2.8.0! Use wp_register_sidebar_widget() instead. in /wordpress/wp-includes/functions.php on line 6121",
    "log": "/logs/plugins/t/themefuse-coming-soon/error.json"
  },
  {
    "message": "Function register_widget_control is <strong>deprecated</strong> since version 2.8.0! Use wp_register_widget_control() instead. in /wordpress/wp-includes/functions.php on line 6121",
    "level": "DEPRECATED",
    "type": "PHP",
    "test": "jspi-boot",
    "plugin": "themefuse-coming-soon",
    "details": "[03-Jul-2025 08:43:41 UTC] PHP Deprecated:  Function register_widget_control is <strong>deprecated</strong> since version 2.8.0! Use wp_register_widget_control() instead. in /wordpress/wp-includes/functions.php on line 6121",
    "log": "/logs/plugins/t/themefuse-coming-soon/error.json"
  },
  {
    "message": "Function register_sidebar_widget is <strong>deprecated</strong> since version 2.8.0! Use wp_register_sidebar_widget() instead. in /wordpress/wp-includes/functions.php on line 6121",
    "level": "DEPRECATED",
    "type": "PHP",
    "test": "jspi-boot",
    "plugin": "themefuse-coming-soon",
    "details": "[03-Jul-2025 08:43:51 UTC] PHP Deprecated:  Function register_sidebar_widget is <strong>deprecated</strong> since version 2.8.0! Use wp_register_sidebar_widget() instead. in /wordpress/wp-includes/functions.php on line 6121",
    "log": "/logs/plugins/t/themefuse-coming-soon/error.json"
  },
  {
    "message": "Function register_widget_control is <strong>deprecated</strong> since version 2.8.0! Use wp_register_widget_control() instead. in /wordpress/wp-includes/functions.php on line 6121",
    "level": "DEPRECATED",
    "type": "PHP",
    "test": "jspi-boot",
    "plugin": "themefuse-coming-soon",
    "details": "[03-Jul-2025 08:43:51 UTC] PHP Deprecated:  Function register_widget_control is <strong>deprecated</strong> since version 2.8.0! Use wp_register_widget_control() instead. in /wordpress/wp-includes/functions.php on line 6121",
    "log": "/logs/plugins/t/themefuse-coming-soon/error.json"
  },
  {
    "message": "Uncaught TypeError: call_user_func_array(): Argument #1 ($callback) must be a valid callback, function \"activation\" not found or invalid function name in /wordpress/wp-includes/class-wp-hook.php:324",
    "level": "FATAL",
    "type": "PHP",
    "test": "jspi-boot",
    "plugin": "themefuse-coming-soon",
    "details": "[03-Jul-2025 08:43:59 UTC] PHP Fatal error:  Uncaught TypeError: call_user_func_array(): Argument #1 ($callback) must be a valid callback, function \"activation\" not found or invalid function name in /wordpress/wp-includes/class-wp-hook.php:324\nStack trace:\n#0 /wordpress/wp-includes/class-wp-hook.php(348): WP_Hook->apply_filters('', Array)\n#1 /wordpress/wp-includes/plugin.php(517): WP_Hook->do_action(Array)\n#2 /wordpress/wp-admin/includes/plugin.php(703): do_action('activate_theme-...', false)\n#3 /internal/eval.php(20): activate_plugin('theme-junkie-te...')\n#4 {main}\n  thrown in /wordpress/wp-includes/class-wp-hook.php on line 324",
    "log": "/logs/plugins/t/themefuse-coming-soon/error.json"
  },
  {
    "message": "Uncaught TypeError: call_user_func_array(): Argument #1 ($callback) must be a valid callback, function \"activation\" not found or invalid function name in /wordpress/wp-includes/class-wp-hook.php:324",
    "level": "FATAL",
    "type": "PHP",
    "test": "jspi-boot",
    "plugin": "themefuse-coming-soon",
    "details": "[03-Jul-2025 08:44:07 UTC] PHP Fatal error:  Uncaught TypeError: call_user_func_array(): Argument #1 ($callback) must be a valid callback, function \"activation\" not found or invalid function name in /wordpress/wp-includes/class-wp-hook.php:324\nStack trace:\n#0 /wordpress/wp-includes/class-wp-hook.php(348): WP_Hook->apply_filters('', Array)\n#1 /wordpress/wp-includes/plugin.php(517): WP_Hook->do_action(Array)\n#2 /wordpress/wp-admin/includes/plugin.php(703): do_action('activate_theme-...', false)\n#3 /internal/eval.php(20): activate_plugin('theme-junkie-te...')\n#4 {main}\n  thrown in /wordpress/wp-includes/class-wp-hook.php on line 324",
    "log": "/logs/plugins/t/themefuse-coming-soon/error.json"
  },
  {
    "message": "Uncaught TypeError: call_user_func_array(): Argument #1 ($callback) must be a valid callback, function \"activation\" not found or invalid function name in /wordpress/wp-includes/class-wp-hook.php:324",
    "level": "FATAL",
    "type": "PHP",
    "test": "jspi-boot",
    "plugin": "themefuse-coming-soon",
    "details": "[03-Jul-2025 08:44:16 UTC] PHP Fatal error:  Uncaught TypeError: call_user_func_array(): Argument #1 ($callback) must be a valid callback, function \"activation\" not found or invalid function name in /wordpress/wp-includes/class-wp-hook.php:324\nStack trace:\n#0 /wordpress/wp-includes/class-wp-hook.php(348): WP_Hook->apply_filters('', Array)\n#1 /wordpress/wp-includes/plugin.php(517): WP_Hook->do_action(Array)\n#2 /wordpress/wp-admin/includes/plugin.php(703): do_action('activate_theme-...', false)\n#3 /internal/eval.php(20): activate_plugin('theme-junkie-te...')\n#4 {main}\n  thrown in /wordpress/wp-includes/class-wp-hook.php on line 324",
    "log": "/logs/plugins/t/themefuse-coming-soon/error.json"
  },
  {
    "message": "Uncaught ArgumentCountError: Too few arguments to function WP_Widget::__construct(), 0 passed in /wordpress/wp-includes/class-wp-widget-factory.php on line 62 and at least 2 expected in /wordpress/wp-includes/class-wp-widget.php:163",
    "level": "FATAL",
    "type": "PHP",
    "test": "jspi-boot",
    "plugin": "themefuse-coming-soon",
    "details": "[03-Jul-2025 08:44:55 UTC] PHP Fatal error:  Uncaught ArgumentCountError: Too few arguments to function WP_Widget::__construct(), 0 passed in /wordpress/wp-includes/class-wp-widget-factory.php on line 62 and at least 2 expected in /wordpress/wp-includes/class-wp-widget.php:163\nStack trace:\n#0 /wordpress/wp-includes/class-wp-widget-factory.php(62): WP_Widget->__construct()\n#1 /wordpress/wp-includes/widgets.php(123): WP_Widget_Factory->register('Ticketbud_Widge...')\n#2 /wordpress/wp-content/plugins/ticketbud/ticketbud.php(727): register_widget('Ticketbud_Widge...')\n#3 /wordpress/wp-includes/class-wp-hook.php(324): ticketbud_widgets_init('')\n#4 /wordpress/wp-includes/class-wp-hook.php(348): WP_Hook->apply_filters(NULL, Array)\n#5 /wordpress/wp-includes/plugin.php(517): WP_Hook->do_action(Array)\n#6 /wordpress/wp-settings.php(727): do_action('init')\n#7 /wordpress/wp-config.php(102): require_once('/wordpress/wp-s...')\n#8 /wordpress/wp-load.php(50): require_once('/wordpress/wp-c...')\n#9 /internal/eval.php(3): require_once('/wordpress/wp-l...')\n#10 {main}\n  thrown in /wordpress/wp-includes/class-wp-widget.php on line 163",
    "log": "/logs/plugins/t/themefuse-coming-soon/error.json"
  },
  {
    "message": "Uncaught ArgumentCountError: Too few arguments to function WP_Widget::__construct(), 0 passed in /wordpress/wp-includes/class-wp-widget-factory.php on line 62 and at least 2 expected in /wordpress/wp-includes/class-wp-widget.php:163",
    "level": "FATAL",
    "type": "PHP",
    "test": "jspi-boot",
    "plugin": "themefuse-coming-soon",
    "details": "[03-Jul-2025 08:45:04 UTC] PHP Fatal error:  Uncaught ArgumentCountError: Too few arguments to function WP_Widget::__construct(), 0 passed in /wordpress/wp-includes/class-wp-widget-factory.php on line 62 and at least 2 expected in /wordpress/wp-includes/class-wp-widget.php:163\nStack trace:\n#0 /wordpress/wp-includes/class-wp-widget-factory.php(62): WP_Widget->__construct()\n#1 /wordpress/wp-includes/widgets.php(123): WP_Widget_Factory->register('Ticketbud_Widge...')\n#2 /wordpress/wp-content/plugins/ticketbud/ticketbud.php(727): register_widget('Ticketbud_Widge...')\n#3 /wordpress/wp-includes/class-wp-hook.php(324): ticketbud_widgets_init('')\n#4 /wordpress/wp-includes/class-wp-hook.php(348): WP_Hook->apply_filters(NULL, Array)\n#5 /wordpress/wp-includes/plugin.php(517): WP_Hook->do_action(Array)\n#6 /wordpress/wp-settings.php(727): do_action('init')\n#7 /wordpress/wp-config.php(102): require_once('/wordpress/wp-s...')\n#8 /wordpress/wp-load.php(50): require_once('/wordpress/wp-c...')\n#9 /internal/eval.php(3): require_once('/wordpress/wp-l...')\n#10 {main}\n  thrown in /wordpress/wp-includes/class-wp-widget.php on line 163",
    "log": "/logs/plugins/t/themefuse-coming-soon/error.json"
  },
  {
    "message": "Uncaught ArgumentCountError: Too few arguments to function WP_Widget::__construct(), 0 passed in /wordpress/wp-includes/class-wp-widget-factory.php on line 62 and at least 2 expected in /wordpress/wp-includes/class-wp-widget.php:163",
    "level": "FATAL",
    "type": "PHP",
    "test": "jspi-boot",
    "plugin": "themefuse-coming-soon",
    "details": "[03-Jul-2025 08:45:13 UTC] PHP Fatal error:  Uncaught ArgumentCountError: Too few arguments to function WP_Widget::__construct(), 0 passed in /wordpress/wp-includes/class-wp-widget-factory.php on line 62 and at least 2 expected in /wordpress/wp-includes/class-wp-widget.php:163\nStack trace:\n#0 /wordpress/wp-includes/class-wp-widget-factory.php(62): WP_Widget->__construct()\n#1 /wordpress/wp-includes/widgets.php(123): WP_Widget_Factory->register('Ticketbud_Widge...')\n#2 /wordpress/wp-content/plugins/ticketbud/ticketbud.php(727): register_widget('Ticketbud_Widge...')\n#3 /wordpress/wp-includes/class-wp-hook.php(324): ticketbud_widgets_init('')\n#4 /wordpress/wp-includes/class-wp-hook.php(348): WP_Hook->apply_filters(NULL, Array)\n#5 /wordpress/wp-includes/plugin.php(517): WP_Hook->do_action(Array)\n#6 /wordpress/wp-settings.php(727): do_action('init')\n#7 /wordpress/wp-config.php(102): require_once('/wordpress/wp-s...')\n#8 /wordpress/wp-load.php(50): require_once('/wordpress/wp-c...')\n#9 /internal/eval.php(3): require_once('/wordpress/wp-l...')\n#10 {main}\n  thrown in /wordpress/wp-includes/class-wp-widget.php on line 163",
    "log": "/logs/plugins/t/themefuse-coming-soon/error.json"
  },
  {
    "message": "Undefined array key \"tf_maintenance_complete_text\" in /wordpress/wp-content/plugins/themefuse-coming-soon/tf_maintenance-maintenance-plugin.php on line 303",
    "level": "WARNING",
    "type": "PHP",
    "test": "jspi-boot",
    "plugin": "themefuse-coming-soon",
    "details": "[03-Jul-2025 08:48:29 UTC] PHP Warning:  Undefined array key \"tf_maintenance_complete_text\" in /wordpress/wp-content/plugins/themefuse-coming-soon/tf_maintenance-maintenance-plugin.php on line 303",
    "log": "/logs/plugins/t/themefuse-coming-soon/error.json"
  },
  {
    "message": "Undefined array key \"tf_maintenance_complete_text\" in /wordpress/wp-content/plugins/themefuse-coming-soon/tf_maintenance-maintenance-plugin.php on line 303",
    "level": "WARNING",
    "type": "PHP",
    "test": "jspi-boot",
    "plugin": "themefuse-coming-soon",
    "details": "[03-Jul-2025 08:48:39 UTC] PHP Warning:  Undefined array key \"tf_maintenance_complete_text\" in /wordpress/wp-content/plugins/themefuse-coming-soon/tf_maintenance-maintenance-plugin.php on line 303",
    "log": "/logs/plugins/t/themefuse-coming-soon/error.json"
  },
  {
    "message": "Undefined array key \"tf_maintenance_complete_text\" in /wordpress/wp-content/plugins/themefuse-coming-soon/tf_maintenance-maintenance-plugin.php on line 303",
    "level": "WARNING",
    "type": "PHP",
    "test": "jspi-boot",
    "plugin": "themefuse-coming-soon",
    "details": "[03-Jul-2025 08:48:50 UTC] PHP Warning:  Undefined array key \"tf_maintenance_complete_text\" in /wordpress/wp-content/plugins/themefuse-coming-soon/tf_maintenance-maintenance-plugin.php on line 303\n\n    at Object.onBind (file:///home/runner/work/playground-tester/playground-tester/node_modules/@wp-playground/cli/run-cli-j-geJYS3.js:325:15)\n    at process.processTicksAndRejections (node:internal/process/task_queues:105:5)\n    at async re (file:///home/runner/work/playground-tester/playground-tester/node_modules/@wp-playground/cli/run-cli-j-geJYS3.js:149:10) {\n  [cause]: Error: Error when executing the blueprint step #1 ({\"step\":\"installPlugin\",\"pluginData\":{\"resource\":\"wordpress.org/plugins\",\"slug\":\"themefuse-coming-soon\"},\"options\":{\"activate\":true}}) : Plugin /wordpress/wp-content/plugins/themefuse-coming-soon could not be activated – WordPress exited with no error. Sometimes, when $_SERVER or site options are not configured correctly, WordPress exits early with a 301 redirect. Inspect the \"debug\" logs in the console for more details.\n      at Object.run (file:///home/runner/work/playground-tester/playground-tester/node_modules/@wp-playground/blueprints/index.js:12093:19)\n      at process.processTicksAndRejections (node:internal/process/task_queues:105:5)\n      at async ys (file:///home/runner/work/playground-tester/playground-tester/node_modules/@wp-playground/blueprints/index.js:12196:3)\n      at async Object.onBind (file:///home/runner/work/playground-tester/playground-tester/node_modules/@wp-playground/cli/run-cli-j-geJYS3.js:315:48)\n      at async re (file:///home/runner/work/playground-tester/playground-tester/node_modules/@wp-playground/cli/run-cli-j-geJYS3.js:149:10) {\n    [cause]: Error: Plugin /wordpress/wp-content/plugins/themefuse-coming-soon could not be activated – WordPress exited with no error. Sometimes, when $_SERVER or site options are not configured correctly, WordPress exits early with a 301 redirect. Inspect the \"debug\" logs in the console for more details.\n        at wr (file:///home/runner/work/playground-tester/playground-tester/node_modules/@wp-playground/blueprints/index.js:120:51)\n        at process.processTicksAndRejections (node:internal/process/task_queues:105:5)\n        at async Object.gt [as installPlugin] (file:///home/runner/work/playground-tester/playground-tester/node_modules/@wp-playground/blueprints/index.js:631:42)\n        at async g (file:///home/runner/work/playground-tester/playground-tester/node_modules/@wp-playground/blueprints/index.js:12161:30)\n        at async Object.run (file:///home/runner/work/playground-tester/playground-tester/node_modules/@wp-playground/blueprints/index.js:12090:23)\n        at async ys (file:///home/runner/work/playground-tester/playground-tester/node_modules/@wp-playground/blueprints/index.js:12196:3)\n        at async Object.onBind (file:///home/runner/work/playground-tester/playground-tester/node_modules/@wp-playground/cli/run-cli-j-geJYS3.js:315:48)\n        at async re (file:///home/runner/work/playground-tester/playground-tester/node_modules/@wp-playground/cli/run-cli-j-geJYS3.js:149:10)\n  }\n}\n\n",
    "log": "/logs/plugins/t/themefuse-coming-soon/error.json"
  }
]
