[
{"message":"file:///home/runner/work/playground-tester/playground-tester/node_modules/@wp-playground/cli/index.js:237\n        throw new Error(y, { cause: u });\n              ^\n","level":"FATAL","type":"PLAYGROUND","test":"asyncify-boot","plugin":"priceshape","details":"file:///home/runner/work/playground-tester/playground-tester/node_modules/@wp-playground/cli/index.js:237\n        throw new Error(y, { cause: u });\n              ^\n","log":"/tmp/tmp.zAyYtXtp78"}
,
{"message":"Trying to access array offset on value of type bool in /wordpress/wp-content/plugins/rich-meta-in-rdfa/rich-meta-in-rdfa.php on line 75","level":"WARNING","type":"PHP","test":"asyncify-boot","plugin":"priceshape","details":"[07-May-2025 23:50:17 UTC] PHP Warning:  Trying to access array offset on value of type bool in /wordpress/wp-content/plugins/rich-meta-in-rdfa/rich-meta-in-rdfa.php on line 75","log":"/logs/plugins/p/priceshape/error.json"}
,
{"message":"Trying to access array offset on value of type bool in /wordpress/wp-content/plugins/rich-meta-in-rdfa/rich-meta-in-rdfa.php on line 75","level":"WARNING","type":"PHP","test":"asyncify-boot","plugin":"priceshape","details":"[07-May-2025 23:50:18 UTC] PHP Warning:  Trying to access array offset on value of type bool in /wordpress/wp-content/plugins/rich-meta-in-rdfa/rich-meta-in-rdfa.php on line 75","log":"/logs/plugins/p/priceshape/error.json"}
,
{"message":"Trying to access array offset on value of type bool in /wordpress/wp-content/plugins/rich-meta-in-rdfa/rich-meta-in-rdfa.php on line 75","level":"WARNING","type":"PHP","test":"asyncify-boot","plugin":"priceshape","details":"[07-May-2025 23:50:26 UTC] PHP Warning:  Trying to access array offset on value of type bool in /wordpress/wp-content/plugins/rich-meta-in-rdfa/rich-meta-in-rdfa.php on line 75","log":"/logs/plugins/p/priceshape/error.json"}
,
{"message":"Trying to access array offset on value of type bool in /wordpress/wp-content/plugins/rich-meta-in-rdfa/rich-meta-in-rdfa.php on line 75","level":"WARNING","type":"PHP","test":"asyncify-boot","plugin":"priceshape","details":"[07-May-2025 23:50:27 UTC] PHP Warning:  Trying to access array offset on value of type bool in /wordpress/wp-content/plugins/rich-meta-in-rdfa/rich-meta-in-rdfa.php on line 75","log":"/logs/plugins/p/priceshape/error.json"}
,
{"message":"Trying to access array offset on value of type bool in /wordpress/wp-content/plugins/rich-meta-in-rdfa/rich-meta-in-rdfa.php on line 75","level":"WARNING","type":"PHP","test":"asyncify-boot","plugin":"priceshape","details":"[07-May-2025 23:50:35 UTC] PHP Warning:  Trying to access array offset on value of type bool in /wordpress/wp-content/plugins/rich-meta-in-rdfa/rich-meta-in-rdfa.php on line 75","log":"/logs/plugins/p/priceshape/error.json"}
,
{"message":"Trying to access array offset on value of type bool in /wordpress/wp-content/plugins/rich-meta-in-rdfa/rich-meta-in-rdfa.php on line 75","level":"WARNING","type":"PHP","test":"asyncify-boot","plugin":"priceshape","details":"[07-May-2025 23:50:36 UTC] PHP Warning:  Trying to access array offset on value of type bool in /wordpress/wp-content/plugins/rich-meta-in-rdfa/rich-meta-in-rdfa.php on line 75","log":"/logs/plugins/p/priceshape/error.json"}
,
{"message":"Uncaught PDOException: SQLSTATE[HY000] [2002] Address family not supported by protocol in /wordpress/wp-content/plugins/rise-hotel-booking/rise-hotel-booking.php:167","level":"FATAL","type":"PHP","test":"asyncify-boot","plugin":"priceshape","details":"[07-May-2025 23:50:46 UTC] PHP Fatal error:  Uncaught PDOException: SQLSTATE[HY000] [2002] Address family not supported by protocol in /wordpress/wp-content/plugins/rise-hotel-booking/rise-hotel-booking.php:167\nStack trace:\n#0 /wordpress/wp-content/plugins/rise-hotel-booking/rise-hotel-booking.php(167): PDO->__construct('mysql:host=loca...', 'username_here', 'password_here')\n#1 /wordpress/wp-includes/class-wp-hook.php(324): RISE->createTables(false)\n#2 /wordpress/wp-includes/class-wp-hook.php(348): WP_Hook->apply_filters('', Array)\n#3 /wordpress/wp-includes/plugin.php(517): WP_Hook->do_action(Array)\n#4 /wordpress/wp-admin/includes/plugin.php(703): do_action('activate_rise-h...', false)\n#5 /internal/eval.php(20): activate_plugin('rise-hotel-book...')\n#6 {main}\n  thrown in /wordpress/wp-content/plugins/rise-hotel-booking/rise-hotel-booking.php on line 167","log":"/logs/plugins/p/priceshape/error.json"}
,
{"message":"Uncaught PDOException: SQLSTATE[HY000] [2002] Address family not supported by protocol in /wordpress/wp-content/plugins/rise-hotel-booking/rise-hotel-booking.php:167","level":"FATAL","type":"PHP","test":"asyncify-boot","plugin":"priceshape","details":"[07-May-2025 23:50:56 UTC] PHP Fatal error:  Uncaught PDOException: SQLSTATE[HY000] [2002] Address family not supported by protocol in /wordpress/wp-content/plugins/rise-hotel-booking/rise-hotel-booking.php:167\nStack trace:\n#0 /wordpress/wp-content/plugins/rise-hotel-booking/rise-hotel-booking.php(167): PDO->__construct('mysql:host=loca...', 'username_here', 'password_here')\n#1 /wordpress/wp-includes/class-wp-hook.php(324): RISE->createTables(false)\n#2 /wordpress/wp-includes/class-wp-hook.php(348): WP_Hook->apply_filters('', Array)\n#3 /wordpress/wp-includes/plugin.php(517): WP_Hook->do_action(Array)\n#4 /wordpress/wp-admin/includes/plugin.php(703): do_action('activate_rise-h...', false)\n#5 /internal/eval.php(20): activate_plugin('rise-hotel-book...')\n#6 {main}\n  thrown in /wordpress/wp-content/plugins/rise-hotel-booking/rise-hotel-booking.php on line 167","log":"/logs/plugins/p/priceshape/error.json"}
,
{"message":"Uncaught PDOException: SQLSTATE[HY000] [2002] Address family not supported by protocol in /wordpress/wp-content/plugins/rise-hotel-booking/rise-hotel-booking.php:167","level":"FATAL","type":"PHP","test":"asyncify-boot","plugin":"priceshape","details":"[07-May-2025 23:51:05 UTC] PHP Fatal error:  Uncaught PDOException: SQLSTATE[HY000] [2002] Address family not supported by protocol in /wordpress/wp-content/plugins/rise-hotel-booking/rise-hotel-booking.php:167\nStack trace:\n#0 /wordpress/wp-content/plugins/rise-hotel-booking/rise-hotel-booking.php(167): PDO->__construct('mysql:host=loca...', 'username_here', 'password_here')\n#1 /wordpress/wp-includes/class-wp-hook.php(324): RISE->createTables(false)\n#2 /wordpress/wp-includes/class-wp-hook.php(348): WP_Hook->apply_filters('', Array)\n#3 /wordpress/wp-includes/plugin.php(517): WP_Hook->do_action(Array)\n#4 /wordpress/wp-admin/includes/plugin.php(703): do_action('activate_rise-h...', false)\n#5 /internal/eval.php(20): activate_plugin('rise-hotel-book...')\n#6 {main}\n  thrown in /wordpress/wp-content/plugins/rise-hotel-booking/rise-hotel-booking.php on line 167","log":"/logs/plugins/p/priceshape/error.json"}
,
{"message":"Function _load_textdomain_just_in_time was called <strong>incorrectly</strong>. Translation loading for the <code>pmpro-register-helper</code> domain was triggered too early. This is usually an indicator for some code in the plugin or theme running too early. Translations should be loaded at the <code>init</code> action or later. Please see <a href=\"https://developer.wordpress.org/advanced-administration/debug/debug-wordpress/\">Debugging in WordPress</a> for more information. (This message was added in version 6.7.0.) in /wordpress/wp-includes/functions.php on line 6121","level":"NOTICE","type":"PHP","test":"asyncify-boot","plugin":"priceshape","details":"[07-May-2025 23:51:14 UTC] PHP Notice:  Function _load_textdomain_just_in_time was called <strong>incorrectly</strong>. Translation loading for the <code>pmpro-register-helper</code> domain was triggered too early. This is usually an indicator for some code in the plugin or theme running too early. Translations should be loaded at the <code>init</code> action or later. Please see <a href=\"https://developer.wordpress.org/advanced-administration/debug/debug-wordpress/\">Debugging in WordPress</a> for more information. (This message was added in version 6.7.0.) in /wordpress/wp-includes/functions.php on line 6121","log":"/logs/plugins/p/priceshape/error.json"}
,
{"message":"Function _load_textdomain_just_in_time was called <strong>incorrectly</strong>. Translation loading for the <code>pmpro-register-helper</code> domain was triggered too early. This is usually an indicator for some code in the plugin or theme running too early. Translations should be loaded at the <code>init</code> action or later. Please see <a href=\"https://developer.wordpress.org/advanced-administration/debug/debug-wordpress/\">Debugging in WordPress</a> for more information. (This message was added in version 6.7.0.) in /wordpress/wp-includes/functions.php on line 6121","level":"NOTICE","type":"PHP","test":"asyncify-boot","plugin":"priceshape","details":"[07-May-2025 23:51:23 UTC] PHP Notice:  Function _load_textdomain_just_in_time was called <strong>incorrectly</strong>. Translation loading for the <code>pmpro-register-helper</code> domain was triggered too early. This is usually an indicator for some code in the plugin or theme running too early. Translations should be loaded at the <code>init</code> action or later. Please see <a href=\"https://developer.wordpress.org/advanced-administration/debug/debug-wordpress/\">Debugging in WordPress</a> for more information. (This message was added in version 6.7.0.) in /wordpress/wp-includes/functions.php on line 6121","log":"/logs/plugins/p/priceshape/error.json"}
,
{"message":"Function _load_textdomain_just_in_time was called <strong>incorrectly</strong>. Translation loading for the <code>pmpro-register-helper</code> domain was triggered too early. This is usually an indicator for some code in the plugin or theme running too early. Translations should be loaded at the <code>init</code> action or later. Please see <a href=\"https://developer.wordpress.org/advanced-administration/debug/debug-wordpress/\">Debugging in WordPress</a> for more information. (This message was added in version 6.7.0.) in /wordpress/wp-includes/functions.php on line 6121","level":"NOTICE","type":"PHP","test":"asyncify-boot","plugin":"priceshape","details":"[07-May-2025 23:51:32 UTC] PHP Notice:  Function _load_textdomain_just_in_time was called <strong>incorrectly</strong>. Translation loading for the <code>pmpro-register-helper</code> domain was triggered too early. This is usually an indicator for some code in the plugin or theme running too early. Translations should be loaded at the <code>init</code> action or later. Please see <a href=\"https://developer.wordpress.org/advanced-administration/debug/debug-wordpress/\">Debugging in WordPress</a> for more information. (This message was added in version 6.7.0.) in /wordpress/wp-includes/functions.php on line 6121","log":"/logs/plugins/p/priceshape/error.json"}
,
{"message":"Function _load_textdomain_just_in_time was called <strong>incorrectly</strong>. Translation loading for the <code>pcs</code> domain was triggered too early. This is usually an indicator for some code in the plugin or theme running too early. Translations should be loaded at the <code>init</code> action or later. Please see <a href=\"https://developer.wordpress.org/advanced-administration/debug/debug-wordpress/\">Debugging in WordPress</a> for more information. (This message was added in version 6.7.0.) in /wordpress/wp-includes/functions.php on line 6121","level":"NOTICE","type":"PHP","test":"asyncify-boot","plugin":"priceshape","details":"[07-May-2025 23:54:22 UTC] PHP Notice:  Function _load_textdomain_just_in_time was called <strong>incorrectly</strong>. Translation loading for the <code>pcs</code> domain was triggered too early. This is usually an indicator for some code in the plugin or theme running too early. Translations should be loaded at the <code>init</code> action or later. Please see <a href=\"https://developer.wordpress.org/advanced-administration/debug/debug-wordpress/\">Debugging in WordPress</a> for more information. (This message was added in version 6.7.0.) in /wordpress/wp-includes/functions.php on line 6121","log":"/logs/plugins/p/priceshape/error.json"}
,
{"message":"Function _load_textdomain_just_in_time was called <strong>incorrectly</strong>. Translation loading for the <code>pcs</code> domain was triggered too early. This is usually an indicator for some code in the plugin or theme running too early. Translations should be loaded at the <code>init</code> action or later. Please see <a href=\"https://developer.wordpress.org/advanced-administration/debug/debug-wordpress/\">Debugging in WordPress</a> for more information. (This message was added in version 6.7.0.) in /wordpress/wp-includes/functions.php on line 6121","level":"NOTICE","type":"PHP","test":"asyncify-boot","plugin":"priceshape","details":"[07-May-2025 23:54:31 UTC] PHP Notice:  Function _load_textdomain_just_in_time was called <strong>incorrectly</strong>. Translation loading for the <code>pcs</code> domain was triggered too early. This is usually an indicator for some code in the plugin or theme running too early. Translations should be loaded at the <code>init</code> action or later. Please see <a href=\"https://developer.wordpress.org/advanced-administration/debug/debug-wordpress/\">Debugging in WordPress</a> for more information. (This message was added in version 6.7.0.) in /wordpress/wp-includes/functions.php on line 6121","log":"/logs/plugins/p/priceshape/error.json"}
,
{"message":"Function _load_textdomain_just_in_time was called <strong>incorrectly</strong>. Translation loading for the <code>pcs</code> domain was triggered too early. This is usually an indicator for some code in the plugin or theme running too early. Translations should be loaded at the <code>init</code> action or later. Please see <a href=\"https://developer.wordpress.org/advanced-administration/debug/debug-wordpress/\">Debugging in WordPress</a> for more information. (This message was added in version 6.7.0.) in /wordpress/wp-includes/functions.php on line 6121","level":"NOTICE","type":"PHP","test":"asyncify-boot","plugin":"priceshape","details":"[07-May-2025 23:54:40 UTC] PHP Notice:  Function _load_textdomain_just_in_time was called <strong>incorrectly</strong>. Translation loading for the <code>pcs</code> domain was triggered too early. This is usually an indicator for some code in the plugin or theme running too early. Translations should be loaded at the <code>init</code> action or later. Please see <a href=\"https://developer.wordpress.org/advanced-administration/debug/debug-wordpress/\">Debugging in WordPress</a> for more information. (This message was added in version 6.7.0.) in /wordpress/wp-includes/functions.php on line 6121","log":"/logs/plugins/p/priceshape/error.json"}
,
{"message":"mail(): Could not execute mail delivery program '/usr/sbin/sendmail -t -i' in /wordpress/wp-content/plugins/priceshape/Priceshape/Priceshape_Plugin.php on line 624","level":"WARNING","type":"PHP","test":"asyncify-boot","plugin":"priceshape","details":"[07-May-2025 23:57:32 UTC] PHP Warning:  mail(): Could not execute mail delivery program '/usr/sbin/sendmail -t -i' in /wordpress/wp-content/plugins/priceshape/Priceshape/Priceshape_Plugin.php on line 624","log":"/logs/plugins/p/priceshape/error.json"}
,
{"message":"SQLSTATE[HY000]: General error: 1 near \"VALUE\": syntax error.","level":"FATAL","type":"SQL","test":"asyncify-boot","plugin":"priceshape","details":"[07-May-2025 23:57:42 UTC] WordPress database error <div style=\"clear:both\">&nbsp;</div>\n<div class=\"queries\" style=\"clear:both;margin-bottom:2px;border:red dotted thin;\">\n<p>MySQL query:</p>\n<p>INSERT INTO wp_prs_migrate ( `file_name` )\n\t\t\t\tVALUE ( 'prs_migrate.sql' )</p>\n<p>Queries made or created this session were:</p>\n<ol>\n<li>Executing: BEGIN | (no parameters)</li>\n<li>Executing: INSERT INTO wp_prs_migrate ( `file_name` )\n\t\t\t\tVALUE ( :param0  ) | parameters: prs_migrate.sql</li>\n<li>Executing: ROLLBACK | (no parameters)</li>\n</ol>\n</div>\n<div style=\"clear:both;margin-bottom:2px;border:red dotted thin;\" class=\"error_message\" style=\"border-bottom:dotted blue thin;\">\nError occurred at line 4117 in Function <code>handle_error</code>. Error message was: SQLSTATE[HY000]: General error: 1 near \"VALUE\": syntax error.\n</div>\n<p>Backtrace:</p>\n<pre>#0 /internal/shared/sqlite-database-integration/wp-includes/sqlite/class-wp-sqlite-db.php(287): WP_SQLite_Translator->get_error_message()\n#1 /wordpress/wp-content/plugins/priceshape/Priceshape/Priceshape_Queries.php(237): WP_SQLite_DB->query('INSERT INTO wp_...')\n#2 /wordpress/wp-content/plugins/priceshape/Priceshape/Priceshape_Queries.php(196): Priceshape\\Priceshape_Queries::priceshape_insert_migrate_table('prs_migrate.sql')\n#3 /wordpress/wp-content/plugins/priceshape/Priceshape/Priceshape_Queries.php(110): Priceshape\\Priceshape_Queries::priceshape_execute_core_query('CREATE TABLE wp...', 'tables', 'prs_migrate.sql')\n#4 /wordpress/wp-content/plugins/priceshape/Priceshape/Priceshape_Queries.php(88): Priceshape\\Priceshape_Queries::priceshape_run_sql_file('/wordpress/wp-c...', 'tables', Array, 'prs_migrate.sql')\n#5 /wordpress/wp-content/plugins/priceshape/Priceshape/Priceshape_Queries.php(224): Priceshape\\Priceshape_Queries::priceshape_run_sql_files('/wordpress/wp-c...', 'tables', Array)\n#6 /wordpress/wp-content/plugins/priceshape/Priceshape/Priceshape_Plugin.php(126): Priceshape\\Priceshape_Queries::priceshape_create_table_migrate()\n#7 /wordpress/wp-includes/class-wp-hook.php(324): Priceshape\\Priceshape_Plugin->priceshape_prs_plugin_activate(false)\n#8 /wordpress/wp-includes/class-wp-hook.php(348): WP_Hook->apply_filters('', Array)\n#9 /wordpress/wp-includes/plugin.php(517): WP_Hook->do_action(Array)\n#10 /wordpress/wp-admin/includes/plugin.php(703): do_action('activate_prices...', false)\n#11 /internal/eval.php(20): activate_plugin('priceshape/pric...')\n#12 {main}</pre>\n for query INSERT INTO wp_prs_migrate ( `file_name` )\n\t\t\t\tVALUE ( 'prs_migrate.sql' ) made by activate_plugin, do_action('activate_priceshape/priceshape.php'), WP_Hook->do_action, WP_Hook->apply_filters, Priceshape\\Priceshape_Plugin->priceshape_prs_plugin_activate, Priceshape\\Priceshape_Queries::priceshape_create_table_migrate, Priceshape\\Priceshape_Queries::priceshape_run_sql_files, Priceshape\\Priceshape_Queries::priceshape_run_sql_file, Priceshape\\Priceshape_Queries::priceshape_execute_core_query, Priceshape\\Priceshape_Queries::priceshape_insert_migrate_table, WP_SQLite_DB->query, WP_SQLite_DB->print_error","log":"/logs/plugins/p/priceshape/error.json"}
,
{"message":"SQLSTATE[23000]: Integrity constraint violation: 19 NOT NULL constraint failed: _mysql_data_types_cache.mysql_type.","level":"FATAL","type":"SQL","test":"asyncify-boot","plugin":"priceshape","details":"[07-May-2025 23:57:42 UTC] WordPress database error <div style=\"clear:both\">&nbsp;</div>\n<div class=\"queries\" style=\"clear:both;margin-bottom:2px;border:red dotted thin;\">\n<p>MySQL query:</p>\n<p>CREATE TABLE wp_prs_products\n(\n  id         BIGINT(20) UNSIGNED NOT NULL AUTO_INCREMENT PRIMARY KEY,\n  product_id BIGINT(20) UNSIGNED NOT NULL UNIQUE,\n  created_at TIMESTAMP NOT NULL DEFAULT CURRENT_TIMESTAMP,\n  CONSTRAINT fk_prs_products FOREIGN KEY (product_id) REFERENCES wp_posts(ID) ON DELETE CASCADE\n  );</p>\n<p>Queries made or created this session were:</p>\n<ol>\n<li>Executing: BEGIN | (no parameters)</li>\n<li>Executing: INSERT INTO _mysql_data_types_cache (`table`, `column_or_index`, `mysql_type`)\n\t\t\t\tVALUES (:table, :column, :datatype)\n\t\t\t\tON CONFLICT(`table`, `column_or_index`) DO UPDATE SET `mysql_type` = :datatype\n\t\t\t | parameters: wp_prs_products, id, bigint(20) UNSIGNED</li>\n<li>Executing: INSERT INTO _mysql_data_types_cache (`table`, `column_or_index`, `mysql_type`)\n\t\t\t\tVALUES (:table, :column, :datatype)\n\t\t\t\tON CONFLICT(`table`, `column_or_index`) DO UPDATE SET `mysql_type` = :datatype\n\t\t\t | parameters: wp_prs_products, product_id, bigint(20) UNSIGNED</li>\n<li>Executing: INSERT INTO _mysql_data_types_cache (`table`, `column_or_index`, `mysql_type`)\n\t\t\t\tVALUES (:table, :column, :datatype)\n\t\t\t\tON CONFLICT(`table`, `column_or_index`) DO UPDATE SET `mysql_type` = :datatype\n\t\t\t | parameters: wp_prs_products, created_at, timestamp</li>\n<li>Executing: CREATE TABLE &quot;wp_prs_products&quot; (\n&quot;id&quot; integer PRIMARY KEY AUTOINCREMENT NOT NULL ON CONFLICT REPLACE DEFAULT 0,\n&quot;product_id&quot; integer NOT NULL ON CONFLICT REPLACE DEFAULT 0,\n&quot;created_at&quot; text NOT NULL ON CONFLICT REPLACE DEFAULT CURRENT_TIMESTAMP COLLATE NOCASE) | (no parameters)</li>\n<li>Executing: CREATE  INDEX  &quot;wp_prs_products__&quot; ON &quot;wp_prs_products&quot; (&quot;&quot;) | (no parameters)</li>\n<li>Executing: INSERT INTO _mysql_data_types_cache (`table`, `column_or_index`, `mysql_type`)\n\t\t\t\tVALUES (:table, :column, :datatype)\n\t\t\t\tON CONFLICT(`table`, `column_or_index`) DO UPDATE SET `mysql_type` = :datatype\n\t\t\t | parameters: wp_prs_products, wp_prs_products__, </li>\n<li>Executing: ROLLBACK | (no parameters)</li>\n</ol>\n</div>\n<div style=\"clear:both;margin-bottom:2px;border:red dotted thin;\" class=\"error_message\" style=\"border-bottom:dotted blue thin;\">\nError occurred at line 4117 in Function <code>handle_error</code>. Error message was: SQLSTATE[23000]: Integrity constraint violation: 19 NOT NULL constraint failed: _mysql_data_types_cache.mysql_type.\n</div>\n<p>Backtrace:</p>\n<pre>#0 /internal/shared/sqlite-database-integration/wp-includes/sqlite/class-wp-sqlite-db.php(287): WP_SQLite_Translator->get_error_message()\n#1 /wordpress/wp-content/plugins/priceshape/Priceshape/Priceshape_Queries.php(856): WP_SQLite_DB->query('CREATE TABLE wp...')\n#2 /wordpress/wp-content/plugins/priceshape/Priceshape/Priceshape_Queries.php(195): Priceshape\\Priceshape_Queries::priceshape_run_query('CREATE TABLE wp...')\n#3 /wordpress/wp-content/plugins/priceshape/Priceshape/Priceshape_Queries.php(110): Priceshape\\Priceshape_Queries::priceshape_execute_core_query('CREATE TABLE wp...', 'tables', '2020_10_01_5615...')\n#4 /wordpress/wp-content/plugins/priceshape/Priceshape/Priceshape_Queries.php(88): Priceshape\\Priceshape_Queries::priceshape_run_sql_file('/wordpress/wp-c...', 'tables', Array, '2020_10_01_5615...')\n#5 /wordpress/wp-content/plugins/priceshape/Priceshape/Priceshape_Queries.php(209): Priceshape\\Priceshape_Queries::priceshape_run_sql_files('/wordpress/wp-c...', 'tables', Array)\n#6 /wordpress/wp-content/plugins/priceshape/Priceshape/Priceshape_Plugin.php(127): Priceshape\\Priceshape_Queries::priceshape_create_tables()\n#7 /wordpress/wp-includes/class-wp-hook.php(324): Priceshape\\Priceshape_Plugin->priceshape_prs_plugin_activate(false)\n#8 /wordpress/wp-includes/class-wp-hook.php(348): WP_Hook->apply_filters('', Array)\n#9 /wordpress/wp-includes/plugin.php(517): WP_Hook->do_action(Array)\n#10 /wordpress/wp-admin/includes/plugin.php(703): do_action('activate_prices...', false)\n#11 /internal/eval.php(20): activate_plugin('priceshape/pric...')\n#12 {main}</pre>\n for query CREATE TABLE wp_prs_products\n(\n  id         BIGINT(20) UNSIGNED NOT NULL AUTO_INCREMENT PRIMARY KEY,\n  product_id BIGINT(20) UNSIGNED NOT NULL UNIQUE,\n  created_at TIMESTAMP NOT NULL DEFAULT CURRENT_TIMESTAMP,\n  CONSTRAINT fk_prs_products FOREIGN KEY (product_id) REFERENCES wp_posts(ID) ON DELETE CASCADE\n  ); made by activate_plugin, do_action('activate_priceshape/priceshape.php'), WP_Hook->do_action, WP_Hook->apply_filters, Priceshape\\Priceshape_Plugin->priceshape_prs_plugin_activate, Priceshape\\Priceshape_Queries::priceshape_create_tables, Priceshape\\Priceshape_Queries::priceshape_run_sql_files, Priceshape\\Priceshape_Queries::priceshape_run_sql_file, Priceshape\\Priceshape_Queries::priceshape_execute_core_query, Priceshape\\Priceshape_Queries::priceshape_run_query, WP_SQLite_DB->query, WP_SQLite_DB->print_error","log":"/logs/plugins/p/priceshape/error.json"}
,
{"message":"SQLSTATE[HY000]: General error: 1 no such table: wp_prs_logs.","level":"FATAL","type":"SQL","test":"asyncify-boot","plugin":"priceshape","details":"[07-May-2025 23:57:42 UTC] WordPress database error <div style=\"clear:both\">&nbsp;</div>\n<div class=\"queries\" style=\"clear:both;margin-bottom:2px;border:red dotted thin;\">\n<p>MySQL query:</p>\n<p>INSERT INTO wp_prs_logs (message, created_at) VALUES('http://example.com:443 => An error during a query CREATE TABLE wp_prs_products\n(\n  id         BIGINT(20) UNSIGNED NOT NULL AUTO_INCREMENT PRIMARY KEY,\n  product_id BIGINT(20) UNSIGNED NOT NULL UNIQUE,\n  created_at TIMESTAMP NOT NULL DEFAULT CURRENT_TIMESTAMP,\n  CONSTRAINT fk_prs_products FOREIGN KEY (product_id) REFERENCES wp_posts(ID) ON DELETE CASCADE\n  );, in /wordpress/wp-content/plugins/priceshape/Priceshape/Priceshape_Queries.php#858 Priceshape\\\\Priceshape_Queries::priceshape_run_query', CURRENT_TIMESTAMP);</p>\n<p>Queries made or created this session were:</p>\n<ol>\n<li>Executing: BEGIN | (no parameters)</li>\n<li>Executing: INSERT INTO wp_prs_logs (message, created_at) VALUES(:param0 , CURRENT_TIMESTAMP); | parameters: http://example.com:443 =&gt; An error during a query CREATE TABLE wp_prs_products\n(\n  id         BIGINT(20) UNSIGNED NOT NULL AUTO_INCREMENT PRIMARY KEY,\n  product_id BIGINT(20) UNSIGNED NOT NULL UNIQUE,\n  created_at TIMESTAMP NOT NULL DEFAULT CURRENT_TIMESTAMP,\n  CONSTRAINT fk_prs_products FOREIGN KEY (product_id) REFERENCES wp_posts(ID) ON DELETE CASCADE\n  );, in /wordpress/wp-content/plugins/priceshape/Priceshape/Priceshape_Queries.php#858 Priceshape\\Priceshape_Queries::priceshape_run_query</li>\n<li>Executing: ROLLBACK | (no parameters)</li>\n</ol>\n</div>\n<div style=\"clear:both;margin-bottom:2px;border:red dotted thin;\" class=\"error_message\" style=\"border-bottom:dotted blue thin;\">\nError occurred at line 4117 in Function <code>handle_error</code>. Error message was: SQLSTATE[HY000]: General error: 1 no such table: wp_prs_logs.\n</div>\n<p>Backtrace:</p>\n<pre>#0 /internal/shared/sqlite-database-integration/wp-includes/sqlite/class-wp-sqlite-db.php(287): WP_SQLite_Translator->get_error_message()\n#1 /wordpress/wp-content/plugins/priceshape/Priceshape/Priceshape_Queries.php(927): WP_SQLite_DB->query('INSERT INTO wp_...')\n#2 /wordpress/wp-content/plugins/priceshape/Priceshape/Priceshape_Queries.php(861): Priceshape\\Priceshape_Queries::priceshape_prs_write_down_log('http://example....')\n#3 /wordpress/wp-content/plugins/priceshape/Priceshape/Priceshape_Queries.php(195): Priceshape\\Priceshape_Queries::priceshape_run_query('CREATE TABLE wp...')\n#4 /wordpress/wp-content/plugins/priceshape/Priceshape/Priceshape_Queries.php(110): Priceshape\\Priceshape_Queries::priceshape_execute_core_query('CREATE TABLE wp...', 'tables', '2020_10_01_5615...')\n#5 /wordpress/wp-content/plugins/priceshape/Priceshape/Priceshape_Queries.php(88): Priceshape\\Priceshape_Queries::priceshape_run_sql_file('/wordpress/wp-c...', 'tables', Array, '2020_10_01_5615...')\n#6 /wordpress/wp-content/plugins/priceshape/Priceshape/Priceshape_Queries.php(209): Priceshape\\Priceshape_Queries::priceshape_run_sql_files('/wordpress/wp-c...', 'tables', Array)\n#7 /wordpress/wp-content/plugins/priceshape/Priceshape/Priceshape_Plugin.php(127): Priceshape\\Priceshape_Queries::priceshape_create_tables()\n#8 /wordpress/wp-includes/class-wp-hook.php(324): Priceshape\\Priceshape_Plugin->priceshape_prs_plugin_activate(false)\n#9 /wordpress/wp-includes/class-wp-hook.php(348): WP_Hook->apply_filters('', Array)\n#10 /wordpress/wp-includes/plugin.php(517): WP_Hook->do_action(Array)\n#11 /wordpress/wp-admin/includes/plugin.php(703): do_action('activate_prices...', false)\n#12 /internal/eval.php(20): activate_plugin('priceshape/pric...')\n#13 {main}</pre>\n for query INSERT INTO wp_prs_logs (message, created_at) VALUES('http://example.com:443 => An error during a query CREATE TABLE wp_prs_products\n(\n  id         BIGINT(20) UNSIGNED NOT NULL AUTO_INCREMENT PRIMARY KEY,\n  product_id BIGINT(20) UNSIGNED NOT NULL UNIQUE,\n  created_at TIMESTAMP NOT NULL DEFAULT CURRENT_TIMESTAMP,\n  CONSTRAINT fk_prs_products FOREIGN KEY (product_id) REFERENCES wp_posts(ID) ON DELETE CASCADE\n  );, in /wordpress/wp-content/plugins/priceshape/Priceshape/Priceshape_Queries.php#858 Priceshape\\\\Priceshape_Queries::priceshape_run_query', CURRENT_TIMESTAMP); made by activate_plugin, do_action('activate_priceshape/priceshape.php'), WP_Hook->do_action, WP_Hook->apply_filters, Priceshape\\Priceshape_Plugin->priceshape_prs_plugin_activate, Priceshape\\Priceshape_Queries::priceshape_create_tables, Priceshape\\Priceshape_Queries::priceshape_run_sql_files, Priceshape\\Priceshape_Queries::priceshape_run_sql_file, Priceshape\\Priceshape_Queries::priceshape_execute_core_query, Priceshape\\Priceshape_Queries::priceshape_run_query, Priceshape\\Priceshape_Queries::priceshape_prs_write_down_log, WP_SQLite_DB->query, WP_SQLite_DB->print_error","log":"/logs/plugins/p/priceshape/error.json"}
,
{"message":"SQLSTATE[HY000]: General error: 1 no such table: wp_prs_plugin_info.","level":"FATAL","type":"SQL","test":"asyncify-boot","plugin":"priceshape","details":"[07-May-2025 23:57:42 UTC] WordPress database error <div style=\"clear:both\">&nbsp;</div>\n<div class=\"queries\" style=\"clear:both;margin-bottom:2px;border:red dotted thin;\">\n<p>MySQL query:</p>\n<p>\n            SELECT option_value\n            FROM wp_prs_plugin_info\n            WHERE  option_name = 'support_mail'</p>\n<p>Queries made or created this session were:</p>\n<ol>\n<li>Executing: BEGIN | (no parameters)</li>\n<li>Executing: \n            SELECT option_value\n            FROM wp_prs_plugin_info\n            WHERE  option_name = :param0  | parameters: support_mail</li>\n<li>Executing: ROLLBACK | (no parameters)</li>\n</ol>\n</div>\n<div style=\"clear:both;margin-bottom:2px;border:red dotted thin;\" class=\"error_message\" style=\"border-bottom:dotted blue thin;\">\nError occurred at line 4117 in Function <code>handle_error</code>. Error message was: SQLSTATE[HY000]: General error: 1 no such table: wp_prs_plugin_info.\n</div>\n<p>Backtrace:</p>\n<pre>#0 /internal/shared/sqlite-database-integration/wp-includes/sqlite/class-wp-sqlite-db.php(287): WP_SQLite_Translator->get_error_message()\n#1 /wordpress/wp-includes/class-wpdb.php(3031): WP_SQLite_DB->query('\\n            SE...')\n#2 /wordpress/wp-content/plugins/priceshape/Priceshape/Priceshape_Queries.php(272): wpdb->get_var('\\n            SE...')\n#3 /wordpress/wp-content/plugins/priceshape/Priceshape/Priceshape_Plugin.php(180): Priceshape\\Priceshape_Queries::priceshape_get_plugin_param('support_mail')\n#4 /wordpress/wp-content/plugins/priceshape/Priceshape/Priceshape_Plugin.php(620): Priceshape\\Priceshape_Plugin::priceshape_get_param('support_mail')\n#5 /wordpress/wp-content/plugins/priceshape/Priceshape/Priceshape_Plugin.php(608): Priceshape\\Priceshape_Plugin::priceshape_send_mail_to_support('Plugin has not ...')\n#6 /wordpress/wp-content/plugins/priceshape/Priceshape/Priceshape_Queries.php(198): Priceshape\\Priceshape_Plugin::priceshape_send_report_to_support_mail('tables', '2020_10_01_5615...')\n#7 /wordpress/wp-content/plugins/priceshape/Priceshape/Priceshape_Queries.php(110): Priceshape\\Priceshape_Queries::priceshape_execute_core_query('CREATE TABLE wp...', 'tables', '2020_10_01_5615...')\n#8 /wordpress/wp-content/plugins/priceshape/Priceshape/Priceshape_Queries.php(88): Priceshape\\Priceshape_Queries::priceshape_run_sql_file('/wordpress/wp-c...', 'tables', Array, '2020_10_01_5615...')\n#9 /wordpress/wp-content/plugins/priceshape/Priceshape/Priceshape_Queries.php(209): Priceshape\\Priceshape_Queries::priceshape_run_sql_files('/wordpress/wp-c...', 'tables', Array)\n#10 /wordpress/wp-content/plugins/priceshape/Priceshape/Priceshape_Plugin.php(127): Priceshape\\Priceshape_Queries::priceshape_create_tables()\n#11 /wordpress/wp-includes/class-wp-hook.php(324): Priceshape\\Priceshape_Plugin->priceshape_prs_plugin_activate(false)\n#12 /wordpress/wp-includes/class-wp-hook.php(348): WP_Hook->apply_filters('', Array)\n#13 /wordpress/wp-includes/plugin.php(517): WP_Hook->do_action(Array)\n#14 /wordpress/wp-admin/includes/plugin.php(703): do_action('activate_prices...', false)\n#15 /internal/eval.php(20): activate_plugin('priceshape/pric...')\n#16 {main}</pre>\n for query \n            SELECT option_value\n            FROM wp_prs_plugin_info\n            WHERE  option_name = 'support_mail' made by activate_plugin, do_action('activate_priceshape/priceshape.php'), WP_Hook->do_action, WP_Hook->apply_filters, Priceshape\\Priceshape_Plugin->priceshape_prs_plugin_activate, Priceshape\\Priceshape_Queries::priceshape_create_tables, Priceshape\\Priceshape_Queries::priceshape_run_sql_files, Priceshape\\Priceshape_Queries::priceshape_run_sql_file, Priceshape\\Priceshape_Queries::priceshape_execute_core_query, Priceshape\\Priceshape_Plugin::priceshape_send_report_to_support_mail, Priceshape\\Priceshape_Plugin::priceshape_send_mail_to_support, Priceshape\\Priceshape_Plugin::priceshape_get_param, Priceshape\\Priceshape_Queries::priceshape_get_plugin_param, WP_SQLite_DB->query, WP_SQLite_DB->print_error","log":"/logs/plugins/p/priceshape/error.json"}
,
{"message":"mail(): Could not execute mail delivery program '/usr/sbin/sendmail -t -i' in /wordpress/wp-content/plugins/priceshape/Priceshape/Priceshape_Plugin.php on line 624","level":"WARNING","type":"PHP","test":"asyncify-boot","plugin":"priceshape","details":"[07-May-2025 23:57:42 UTC] PHP Warning:  mail(): Could not execute mail delivery program '/usr/sbin/sendmail -t -i' in /wordpress/wp-content/plugins/priceshape/Priceshape/Priceshape_Plugin.php on line 624","log":"/logs/plugins/p/priceshape/error.json"}
,
{"message":"SQLSTATE[HY000]: General error: 1 no such table: wp_prs_logs.","level":"FATAL","type":"SQL","test":"asyncify-boot","plugin":"priceshape","details":"[07-May-2025 23:57:42 UTC] WordPress database error <div style=\"clear:both\">&nbsp;</div>\n<div class=\"queries\" style=\"clear:both;margin-bottom:2px;border:red dotted thin;\">\n<p>MySQL query:</p>\n<p>INSERT INTO wp_prs_logs (message, created_at) VALUES('http://example.com:443 => Plugin has not been installed. Prepare Tables issue =>\n\\\"2020_10_01_561548__prs_products.sql\\\". Email was not sent. /wordpress/wp-content/plugins/priceshape/Priceshape/Priceshape_Plugin.php#627 Priceshape\\\\Priceshape_Plugin::priceshape_send_mail_to_support', CURRENT_TIMESTAMP);</p>\n<p>Queries made or created this session were:</p>\n<ol>\n<li>Executing: BEGIN | (no parameters)</li>\n<li>Executing: INSERT INTO wp_prs_logs (message, created_at) VALUES(:param0 , CURRENT_TIMESTAMP); | parameters: http://example.com:443 =&gt; Plugin has not been installed. Prepare Tables issue =&gt;\n&quot;2020_10_01_561548__prs_products.sql&quot;. Email was not sent. /wordpress/wp-content/plugins/priceshape/Priceshape/Priceshape_Plugin.php#627 Priceshape\\Priceshape_Plugin::priceshape_send_mail_to_support</li>\n<li>Executing: ROLLBACK | (no parameters)</li>\n</ol>\n</div>\n<div style=\"clear:both;margin-bottom:2px;border:red dotted thin;\" class=\"error_message\" style=\"border-bottom:dotted blue thin;\">\nError occurred at line 4117 in Function <code>handle_error</code>. Error message was: SQLSTATE[HY000]: General error: 1 no such table: wp_prs_logs.\n</div>\n<p>Backtrace:</p>\n<pre>#0 /internal/shared/sqlite-database-integration/wp-includes/sqlite/class-wp-sqlite-db.php(287): WP_SQLite_Translator->get_error_message()\n#1 /wordpress/wp-content/plugins/priceshape/Priceshape/Priceshape_Queries.php(927): WP_SQLite_DB->query('INSERT INTO wp_...')\n#2 /wordpress/wp-content/plugins/priceshape/Priceshape/Priceshape_Plugin.php(630): Priceshape\\Priceshape_Queries::priceshape_prs_write_down_log('http://example....')\n#3 /wordpress/wp-content/plugins/priceshape/Priceshape/Priceshape_Plugin.php(608): Priceshape\\Priceshape_Plugin::priceshape_send_mail_to_support('Plugin has not ...')\n#4 /wordpress/wp-content/plugins/priceshape/Priceshape/Priceshape_Queries.php(198): Priceshape\\Priceshape_Plugin::priceshape_send_report_to_support_mail('tables', '2020_10_01_5615...')\n#5 /wordpress/wp-content/plugins/priceshape/Priceshape/Priceshape_Queries.php(110): Priceshape\\Priceshape_Queries::priceshape_execute_core_query('CREATE TABLE wp...', 'tables', '2020_10_01_5615...')\n#6 /wordpress/wp-content/plugins/priceshape/Priceshape/Priceshape_Queries.php(88): Priceshape\\Priceshape_Queries::priceshape_run_sql_file('/wordpress/wp-c...', 'tables', Array, '2020_10_01_5615...')\n#7 /wordpress/wp-content/plugins/priceshape/Priceshape/Priceshape_Queries.php(209): Priceshape\\Priceshape_Queries::priceshape_run_sql_files('/wordpress/wp-c...', 'tables', Array)\n#8 /wordpress/wp-content/plugins/priceshape/Priceshape/Priceshape_Plugin.php(127): Priceshape\\Priceshape_Queries::priceshape_create_tables()\n#9 /wordpress/wp-includes/class-wp-hook.php(324): Priceshape\\Priceshape_Plugin->priceshape_prs_plugin_activate(false)\n#10 /wordpress/wp-includes/class-wp-hook.php(348): WP_Hook->apply_filters('', Array)\n#11 /wordpress/wp-includes/plugin.php(517): WP_Hook->do_action(Array)\n#12 /wordpress/wp-admin/includes/plugin.php(703): do_action('activate_prices...', false)\n#13 /internal/eval.php(20): activate_plugin('priceshape/pric...')\n#14 {main}</pre>\n for query INSERT INTO wp_prs_logs (message, created_at) VALUES('http://example.com:443 => Plugin has not been installed. Prepare Tables issue =>\n\\\"2020_10_01_561548__prs_products.sql\\\". Email was not sent. /wordpress/wp-content/plugins/priceshape/Priceshape/Priceshape_Plugin.php#627 Priceshape\\\\Priceshape_Plugin::priceshape_send_mail_to_support', CURRENT_TIMESTAMP); made by activate_plugin, do_action('activate_priceshape/priceshape.php'), WP_Hook->do_action, WP_Hook->apply_filters, Priceshape\\Priceshape_Plugin->priceshape_prs_plugin_activate, Priceshape\\Priceshape_Queries::priceshape_create_tables, Priceshape\\Priceshape_Queries::priceshape_run_sql_files, Priceshape\\Priceshape_Queries::priceshape_run_sql_file, Priceshape\\Priceshape_Queries::priceshape_execute_core_query, Priceshape\\Priceshape_Plugin::priceshape_send_report_to_support_mail, Priceshape\\Priceshape_Plugin::priceshape_send_mail_to_support, Priceshape\\Priceshape_Queries::priceshape_prs_write_down_log, WP_SQLite_DB->query, WP_SQLite_DB->print_error\n\n    at Object.onBind (file:///home/runner/work/playground-tester/playground-tester/node_modules/@wp-playground/cli/index.js:237:15)\n    at process.processTicksAndRejections (node:internal/process/task_queues:105:5)\n    at async V (file:///home/runner/work/playground-tester/playground-tester/node_modules/@wp-playground/cli/index.js:64:10)\n    at async ja (file:///home/runner/work/playground-tester/playground-tester/node_modules/@wp-playground/cli/cli.js:8161:12) {\n  [cause]: Error: Error when executing the blueprint step #1 ({\"step\":\"installPlugin\",\"pluginData\":{\"resource\":\"wordpress.org/plugins\",\"slug\":\"priceshape\"},\"options\":{\"activate\":true}}) : Plugin /wordpress/wp-content/plugins/priceshape could not be activated – WordPress exited with no error. Sometimes, when $_SERVER or site options are not configured correctly, WordPress exits early with a 301 redirect. Inspect the \"debug\" logs in the console for more details.\n      at Object.run (file:///home/runner/work/playground-tester/playground-tester/node_modules/@wp-playground/blueprints/index.js:12449:19)\n      at process.processTicksAndRejections (node:internal/process/task_queues:105:5)\n      at async ms (file:///home/runner/work/playground-tester/playground-tester/node_modules/@wp-playground/blueprints/index.js:12552:3)\n      ... 2 lines matching cause stack trace ...\n      at async ja (file:///home/runner/work/playground-tester/playground-tester/node_modules/@wp-playground/cli/cli.js:8161:12) {\n    [cause]: Error: Plugin /wordpress/wp-content/plugins/priceshape could not be activated – WordPress exited with no error. Sometimes, when $_SERVER or site options are not configured correctly, WordPress exits early with a 301 redirect. Inspect the \"debug\" logs in the console for more details.\n        at wr (file:///home/runner/work/playground-tester/playground-tester/node_modules/@wp-playground/blueprints/index.js:119:51)\n        at process.processTicksAndRejections (node:internal/process/task_queues:105:5)\n        at async Object.gt [as installPlugin] (file:///home/runner/work/playground-tester/playground-tester/node_modules/@wp-playground/blueprints/index.js:974:42)\n        at async g (file:///home/runner/work/playground-tester/playground-tester/node_modules/@wp-playground/blueprints/index.js:12517:30)\n        at async Object.run (file:///home/runner/work/playground-tester/playground-tester/node_modules/@wp-playground/blueprints/index.js:12446:23)\n        at async ms (file:///home/runner/work/playground-tester/playground-tester/node_modules/@wp-playground/blueprints/index.js:12552:3)\n        at async Object.onBind (file:///home/runner/work/playground-tester/playground-tester/node_modules/@wp-playground/cli/index.js:227:48)\n        at async V (file:///home/runner/work/playground-tester/playground-tester/node_modules/@wp-playground/cli/index.js:64:10)\n        at async ja (file:///home/runner/work/playground-tester/playground-tester/node_modules/@wp-playground/cli/cli.js:8161:12)\n  }\n}\n\n","log":"/logs/plugins/p/priceshape/error.json"}
]
