[
{"message":"file:///home/runner/work/playground-tester/playground-tester/node_modules/@wp-playground/cli/index.js:237\n        throw new Error(y, { cause: u });\n              ^\n","level":"FATAL","type":"PLAYGROUND","test":"jspi-boot","plugin":"multiple-portfolios","details":"file:///home/runner/work/playground-tester/playground-tester/node_modules/@wp-playground/cli/index.js:237\n        throw new Error(y, { cause: u });\n              ^\n","log":"/tmp/tmp.STtneSx4yK"}
,
{"message":"foreach() argument must be of type array|object, null given in /wordpress/wp-content/plugins/magic-8-ball/magic8ball.php on line 79","level":"WARNING","type":"PHP","test":"jspi-boot","plugin":"multiple-portfolios","details":"[08-May-2025 05:50:29 UTC] PHP Warning:  foreach() argument must be of type array|object, null given in /wordpress/wp-content/plugins/magic-8-ball/magic8ball.php on line 79","log":"/logs/plugins/m/multiple-portfolios/error.json"}
,
{"message":"Function register_sidebar_widget is <strong>deprecated</strong> since version 2.8.0! Use wp_register_sidebar_widget() instead. in /wordpress/wp-includes/functions.php on line 6121","level":"DEPRECATED","type":"PHP","test":"jspi-boot","plugin":"multiple-portfolios","details":"[08-May-2025 05:50:29 UTC] PHP Deprecated:  Function register_sidebar_widget is <strong>deprecated</strong> since version 2.8.0! Use wp_register_sidebar_widget() instead. in /wordpress/wp-includes/functions.php on line 6121","log":"/logs/plugins/m/multiple-portfolios/error.json"}
,
{"message":"Function register_widget_control is <strong>deprecated</strong> since version 2.8.0! Use wp_register_widget_control() instead. in /wordpress/wp-includes/functions.php on line 6121","level":"DEPRECATED","type":"PHP","test":"jspi-boot","plugin":"multiple-portfolios","details":"[08-May-2025 05:50:29 UTC] PHP Deprecated:  Function register_widget_control is <strong>deprecated</strong> since version 2.8.0! Use wp_register_widget_control() instead. in /wordpress/wp-includes/functions.php on line 6121","log":"/logs/plugins/m/multiple-portfolios/error.json"}
,
{"message":"foreach() argument must be of type array|object, null given in /wordpress/wp-content/plugins/magic-8-ball/magic8ball.php on line 79","level":"WARNING","type":"PHP","test":"jspi-boot","plugin":"multiple-portfolios","details":"[08-May-2025 05:50:38 UTC] PHP Warning:  foreach() argument must be of type array|object, null given in /wordpress/wp-content/plugins/magic-8-ball/magic8ball.php on line 79","log":"/logs/plugins/m/multiple-portfolios/error.json"}
,
{"message":"Function register_sidebar_widget is <strong>deprecated</strong> since version 2.8.0! Use wp_register_sidebar_widget() instead. in /wordpress/wp-includes/functions.php on line 6121","level":"DEPRECATED","type":"PHP","test":"jspi-boot","plugin":"multiple-portfolios","details":"[08-May-2025 05:50:38 UTC] PHP Deprecated:  Function register_sidebar_widget is <strong>deprecated</strong> since version 2.8.0! Use wp_register_sidebar_widget() instead. in /wordpress/wp-includes/functions.php on line 6121","log":"/logs/plugins/m/multiple-portfolios/error.json"}
,
{"message":"Function register_widget_control is <strong>deprecated</strong> since version 2.8.0! Use wp_register_widget_control() instead. in /wordpress/wp-includes/functions.php on line 6121","level":"DEPRECATED","type":"PHP","test":"jspi-boot","plugin":"multiple-portfolios","details":"[08-May-2025 05:50:38 UTC] PHP Deprecated:  Function register_widget_control is <strong>deprecated</strong> since version 2.8.0! Use wp_register_widget_control() instead. in /wordpress/wp-includes/functions.php on line 6121","log":"/logs/plugins/m/multiple-portfolios/error.json"}
,
{"message":"foreach() argument must be of type array|object, null given in /wordpress/wp-content/plugins/magic-8-ball/magic8ball.php on line 79","level":"WARNING","type":"PHP","test":"jspi-boot","plugin":"multiple-portfolios","details":"[08-May-2025 05:50:47 UTC] PHP Warning:  foreach() argument must be of type array|object, null given in /wordpress/wp-content/plugins/magic-8-ball/magic8ball.php on line 79","log":"/logs/plugins/m/multiple-portfolios/error.json"}
,
{"message":"Function register_sidebar_widget is <strong>deprecated</strong> since version 2.8.0! Use wp_register_sidebar_widget() instead. in /wordpress/wp-includes/functions.php on line 6121","level":"DEPRECATED","type":"PHP","test":"jspi-boot","plugin":"multiple-portfolios","details":"[08-May-2025 05:50:47 UTC] PHP Deprecated:  Function register_sidebar_widget is <strong>deprecated</strong> since version 2.8.0! Use wp_register_sidebar_widget() instead. in /wordpress/wp-includes/functions.php on line 6121","log":"/logs/plugins/m/multiple-portfolios/error.json"}
,
{"message":"Function register_widget_control is <strong>deprecated</strong> since version 2.8.0! Use wp_register_widget_control() instead. in /wordpress/wp-includes/functions.php on line 6121","level":"DEPRECATED","type":"PHP","test":"jspi-boot","plugin":"multiple-portfolios","details":"[08-May-2025 05:50:47 UTC] PHP Deprecated:  Function register_widget_control is <strong>deprecated</strong> since version 2.8.0! Use wp_register_widget_control() instead. in /wordpress/wp-includes/functions.php on line 6121","log":"/logs/plugins/m/multiple-portfolios/error.json"}
,
{"message":"Undefined array key \"REMOTE_ADDR\" in /wordpress/wp-content/plugins/magiks-geo-country-lite/magiks_geo_country.php on line 78","level":"WARNING","type":"PHP","test":"jspi-boot","plugin":"multiple-portfolios","details":"[08-May-2025 05:50:57 UTC] PHP Warning:  Undefined array key \"REMOTE_ADDR\" in /wordpress/wp-content/plugins/magiks-geo-country-lite/magiks_geo_country.php on line 78","log":"/logs/plugins/m/multiple-portfolios/error.json"}
,
{"message":"Uncaught Exception: Invalid IP address: NULL in /wordpress/wp-content/plugins/magiks-geo-country-lite/GeoIP.php:540","level":"FATAL","type":"PHP","test":"jspi-boot","plugin":"multiple-portfolios","details":"[08-May-2025 05:50:57 UTC] PHP Fatal error:  Uncaught Exception: Invalid IP address: NULL in /wordpress/wp-content/plugins/magiks-geo-country-lite/GeoIP.php:540\nStack trace:\n#0 /wordpress/wp-content/plugins/magiks-geo-country-lite/GeoIP.php(558): Net_GeoIP->lookupCountryId(NULL)\n#1 /wordpress/wp-content/plugins/magiks-geo-country-lite/magiks_geo_country.php(100): Net_GeoIP->lookupCountryCode(NULL)\n#2 /wordpress/wp-content/plugins/magiks-geo-country-lite/magiks_geo_country.php(46): magiks_geo_country_shortcode_class->magiks_geo_country_init()\n#3 /wordpress/wp-content/plugins/magiks-geo-country-lite/magiks_geo_country.php(149): magiks_geo_country_shortcode_class->__construct()\n#4 /wordpress/wp-admin/includes/plugin.php(2387): include_once('/wordpress/wp-c...')\n#5 /wordpress/wp-admin/includes/plugin.php(673): plugin_sandbox_scrape('magiks-geo-coun...')\n#6 /internal/eval.php(20): activate_plugin('magiks-geo-coun...')\n#7 {main}\n  thrown in /wordpress/wp-content/plugins/magiks-geo-country-lite/GeoIP.php on line 540","log":"/logs/plugins/m/multiple-portfolios/error.json"}
,
{"message":"Undefined array key \"REMOTE_ADDR\" in /wordpress/wp-content/plugins/magiks-geo-country-lite/magiks_geo_country.php on line 78","level":"WARNING","type":"PHP","test":"jspi-boot","plugin":"multiple-portfolios","details":"[08-May-2025 05:51:06 UTC] PHP Warning:  Undefined array key \"REMOTE_ADDR\" in /wordpress/wp-content/plugins/magiks-geo-country-lite/magiks_geo_country.php on line 78","log":"/logs/plugins/m/multiple-portfolios/error.json"}
,
{"message":"Uncaught Exception: Invalid IP address: NULL in /wordpress/wp-content/plugins/magiks-geo-country-lite/GeoIP.php:540","level":"FATAL","type":"PHP","test":"jspi-boot","plugin":"multiple-portfolios","details":"[08-May-2025 05:51:06 UTC] PHP Fatal error:  Uncaught Exception: Invalid IP address: NULL in /wordpress/wp-content/plugins/magiks-geo-country-lite/GeoIP.php:540\nStack trace:\n#0 /wordpress/wp-content/plugins/magiks-geo-country-lite/GeoIP.php(558): Net_GeoIP->lookupCountryId(NULL)\n#1 /wordpress/wp-content/plugins/magiks-geo-country-lite/magiks_geo_country.php(100): Net_GeoIP->lookupCountryCode(NULL)\n#2 /wordpress/wp-content/plugins/magiks-geo-country-lite/magiks_geo_country.php(46): magiks_geo_country_shortcode_class->magiks_geo_country_init()\n#3 /wordpress/wp-content/plugins/magiks-geo-country-lite/magiks_geo_country.php(149): magiks_geo_country_shortcode_class->__construct()\n#4 /wordpress/wp-admin/includes/plugin.php(2387): include_once('/wordpress/wp-c...')\n#5 /wordpress/wp-admin/includes/plugin.php(673): plugin_sandbox_scrape('magiks-geo-coun...')\n#6 /internal/eval.php(20): activate_plugin('magiks-geo-coun...')\n#7 {main}\n  thrown in /wordpress/wp-content/plugins/magiks-geo-country-lite/GeoIP.php on line 540","log":"/logs/plugins/m/multiple-portfolios/error.json"}
,
{"message":"Undefined array key \"REMOTE_ADDR\" in /wordpress/wp-content/plugins/magiks-geo-country-lite/magiks_geo_country.php on line 78","level":"WARNING","type":"PHP","test":"jspi-boot","plugin":"multiple-portfolios","details":"[08-May-2025 05:51:15 UTC] PHP Warning:  Undefined array key \"REMOTE_ADDR\" in /wordpress/wp-content/plugins/magiks-geo-country-lite/magiks_geo_country.php on line 78","log":"/logs/plugins/m/multiple-portfolios/error.json"}
,
{"message":"Uncaught Exception: Invalid IP address: NULL in /wordpress/wp-content/plugins/magiks-geo-country-lite/GeoIP.php:540","level":"FATAL","type":"PHP","test":"jspi-boot","plugin":"multiple-portfolios","details":"[08-May-2025 05:51:15 UTC] PHP Fatal error:  Uncaught Exception: Invalid IP address: NULL in /wordpress/wp-content/plugins/magiks-geo-country-lite/GeoIP.php:540\nStack trace:\n#0 /wordpress/wp-content/plugins/magiks-geo-country-lite/GeoIP.php(558): Net_GeoIP->lookupCountryId(NULL)\n#1 /wordpress/wp-content/plugins/magiks-geo-country-lite/magiks_geo_country.php(100): Net_GeoIP->lookupCountryCode(NULL)\n#2 /wordpress/wp-content/plugins/magiks-geo-country-lite/magiks_geo_country.php(46): magiks_geo_country_shortcode_class->magiks_geo_country_init()\n#3 /wordpress/wp-content/plugins/magiks-geo-country-lite/magiks_geo_country.php(149): magiks_geo_country_shortcode_class->__construct()\n#4 /wordpress/wp-admin/includes/plugin.php(2387): include_once('/wordpress/wp-c...')\n#5 /wordpress/wp-admin/includes/plugin.php(673): plugin_sandbox_scrape('magiks-geo-coun...')\n#6 /internal/eval.php(20): activate_plugin('magiks-geo-coun...')\n#7 {main}\n  thrown in /wordpress/wp-content/plugins/magiks-geo-country-lite/GeoIP.php on line 540","log":"/logs/plugins/m/multiple-portfolios/error.json"}
,
{"message":"Undefined array key \"priority\" in /wordpress/wp-content/plugins/mailer/plugin.php on line 150","level":"WARNING","type":"PHP","test":"jspi-boot","plugin":"multiple-portfolios","details":"[08-May-2025 05:51:23 UTC] PHP Warning:  Undefined array key \"priority\" in /wordpress/wp-content/plugins/mailer/plugin.php on line 150","log":"/logs/plugins/m/multiple-portfolios/error.json"}
,
{"message":"Undefined array key \"priority\" in /wordpress/wp-content/plugins/mailer/plugin.php on line 150","level":"WARNING","type":"PHP","test":"jspi-boot","plugin":"multiple-portfolios","details":"[08-May-2025 05:51:32 UTC] PHP Warning:  Undefined array key \"priority\" in /wordpress/wp-content/plugins/mailer/plugin.php on line 150","log":"/logs/plugins/m/multiple-portfolios/error.json"}
,
{"message":"Undefined array key \"priority\" in /wordpress/wp-content/plugins/mailer/plugin.php on line 150","level":"WARNING","type":"PHP","test":"jspi-boot","plugin":"multiple-portfolios","details":"[08-May-2025 05:51:41 UTC] PHP Warning:  Undefined array key \"priority\" in /wordpress/wp-content/plugins/mailer/plugin.php on line 150","log":"/logs/plugins/m/multiple-portfolios/error.json"}
,
{"message":"require_once(/wordpress/wp-content/plugins/marketengine/includes/resolution/index.php): Failed to open stream: No such file or directory in /wordpress/wp-content/plugins/marketengine/marketengine.php on line 149","level":"WARNING","type":"PHP","test":"jspi-boot","plugin":"multiple-portfolios","details":"[08-May-2025 05:52:18 UTC] PHP Warning:  require_once(/wordpress/wp-content/plugins/marketengine/includes/resolution/index.php): Failed to open stream: No such file or directory in /wordpress/wp-content/plugins/marketengine/marketengine.php on line 149","log":"/logs/plugins/m/multiple-portfolios/error.json"}
,
{"message":"Uncaught Error: Failed opening required '/wordpress/wp-content/plugins/marketengine/includes/resolution/index.php' (include_path='.:') in /wordpress/wp-content/plugins/marketengine/marketengine.php:149","level":"FATAL","type":"PHP","test":"jspi-boot","plugin":"multiple-portfolios","details":"[08-May-2025 05:52:18 UTC] PHP Fatal error:  Uncaught Error: Failed opening required '/wordpress/wp-content/plugins/marketengine/includes/resolution/index.php' (include_path='.:') in /wordpress/wp-content/plugins/marketengine/marketengine.php:149\nStack trace:\n#0 /wordpress/wp-content/plugins/marketengine/marketengine.php(104): MarketEngine->include_files()\n#1 /wordpress/wp-content/plugins/marketengine/marketengine.php(87): MarketEngine->__construct()\n#2 /wordpress/wp-content/plugins/marketengine/marketengine.php(437): MarketEngine::instance()\n#3 /wordpress/wp-content/plugins/marketengine/marketengine.php(440): ME()\n#4 /wordpress/wp-admin/includes/plugin.php(2387): include_once('/wordpress/wp-c...')\n#5 /wordpress/wp-admin/includes/plugin.php(673): plugin_sandbox_scrape('marketengine/ma...')\n#6 /internal/eval.php(20): activate_plugin('marketengine/ma...')\n#7 {main}\n  thrown in /wordpress/wp-content/plugins/marketengine/marketengine.php on line 149","log":"/logs/plugins/m/multiple-portfolios/error.json"}
,
{"message":"require_once(/wordpress/wp-content/plugins/marketengine/includes/resolution/index.php): Failed to open stream: No such file or directory in /wordpress/wp-content/plugins/marketengine/marketengine.php on line 149","level":"WARNING","type":"PHP","test":"jspi-boot","plugin":"multiple-portfolios","details":"[08-May-2025 05:52:26 UTC] PHP Warning:  require_once(/wordpress/wp-content/plugins/marketengine/includes/resolution/index.php): Failed to open stream: No such file or directory in /wordpress/wp-content/plugins/marketengine/marketengine.php on line 149","log":"/logs/plugins/m/multiple-portfolios/error.json"}
,
{"message":"Uncaught Error: Failed opening required '/wordpress/wp-content/plugins/marketengine/includes/resolution/index.php' (include_path='.:') in /wordpress/wp-content/plugins/marketengine/marketengine.php:149","level":"FATAL","type":"PHP","test":"jspi-boot","plugin":"multiple-portfolios","details":"[08-May-2025 05:52:26 UTC] PHP Fatal error:  Uncaught Error: Failed opening required '/wordpress/wp-content/plugins/marketengine/includes/resolution/index.php' (include_path='.:') in /wordpress/wp-content/plugins/marketengine/marketengine.php:149\nStack trace:\n#0 /wordpress/wp-content/plugins/marketengine/marketengine.php(104): MarketEngine->include_files()\n#1 /wordpress/wp-content/plugins/marketengine/marketengine.php(87): MarketEngine->__construct()\n#2 /wordpress/wp-content/plugins/marketengine/marketengine.php(437): MarketEngine::instance()\n#3 /wordpress/wp-content/plugins/marketengine/marketengine.php(440): ME()\n#4 /wordpress/wp-admin/includes/plugin.php(2387): include_once('/wordpress/wp-c...')\n#5 /wordpress/wp-admin/includes/plugin.php(673): plugin_sandbox_scrape('marketengine/ma...')\n#6 /internal/eval.php(20): activate_plugin('marketengine/ma...')\n#7 {main}\n  thrown in /wordpress/wp-content/plugins/marketengine/marketengine.php on line 149","log":"/logs/plugins/m/multiple-portfolios/error.json"}
,
{"message":"require_once(/wordpress/wp-content/plugins/marketengine/includes/resolution/index.php): Failed to open stream: No such file or directory in /wordpress/wp-content/plugins/marketengine/marketengine.php on line 149","level":"WARNING","type":"PHP","test":"jspi-boot","plugin":"multiple-portfolios","details":"[08-May-2025 05:52:34 UTC] PHP Warning:  require_once(/wordpress/wp-content/plugins/marketengine/includes/resolution/index.php): Failed to open stream: No such file or directory in /wordpress/wp-content/plugins/marketengine/marketengine.php on line 149","log":"/logs/plugins/m/multiple-portfolios/error.json"}
,
{"message":"Uncaught Error: Failed opening required '/wordpress/wp-content/plugins/marketengine/includes/resolution/index.php' (include_path='.:') in /wordpress/wp-content/plugins/marketengine/marketengine.php:149","level":"FATAL","type":"PHP","test":"jspi-boot","plugin":"multiple-portfolios","details":"[08-May-2025 05:52:35 UTC] PHP Fatal error:  Uncaught Error: Failed opening required '/wordpress/wp-content/plugins/marketengine/includes/resolution/index.php' (include_path='.:') in /wordpress/wp-content/plugins/marketengine/marketengine.php:149\nStack trace:\n#0 /wordpress/wp-content/plugins/marketengine/marketengine.php(104): MarketEngine->include_files()\n#1 /wordpress/wp-content/plugins/marketengine/marketengine.php(87): MarketEngine->__construct()\n#2 /wordpress/wp-content/plugins/marketengine/marketengine.php(437): MarketEngine::instance()\n#3 /wordpress/wp-content/plugins/marketengine/marketengine.php(440): ME()\n#4 /wordpress/wp-admin/includes/plugin.php(2387): include_once('/wordpress/wp-c...')\n#5 /wordpress/wp-admin/includes/plugin.php(673): plugin_sandbox_scrape('marketengine/ma...')\n#6 /internal/eval.php(20): activate_plugin('marketengine/ma...')\n#7 {main}\n  thrown in /wordpress/wp-content/plugins/marketengine/marketengine.php on line 149","log":"/logs/plugins/m/multiple-portfolios/error.json"}
,
{"message":"Uncaught TypeError: call_user_func_array(): Argument #1 ($callback) must be a valid callback, non-static method modern_browse::browser() cannot be called statically in /wordpress/wp-includes/class-wp-hook.php:324","level":"FATAL","type":"PHP","test":"jspi-boot","plugin":"multiple-portfolios","details":"[08-May-2025 05:53:11 UTC] PHP Fatal error:  Uncaught TypeError: call_user_func_array(): Argument #1 ($callback) must be a valid callback, non-static method modern_browse::browser() cannot be called statically in /wordpress/wp-includes/class-wp-hook.php:324\nStack trace:\n#0 /wordpress/wp-includes/class-wp-hook.php(348): WP_Hook->apply_filters(NULL, Array)\n#1 /wordpress/wp-includes/plugin.php(517): WP_Hook->do_action(Array)\n#2 /wordpress/wp-settings.php(727): do_action('init')\n#3 /wordpress/wp-config.php(102): require_once('/wordpress/wp-s...')\n#4 /wordpress/wp-load.php(50): require_once('/wordpress/wp-c...')\n#5 /internal/eval.php(3): require_once('/wordpress/wp-l...')\n#6 {main}\n  thrown in /wordpress/wp-includes/class-wp-hook.php on line 324","log":"/logs/plugins/m/multiple-portfolios/error.json"}
,
{"message":"Uncaught TypeError: call_user_func_array(): Argument #1 ($callback) must be a valid callback, non-static method modern_browse::browser() cannot be called statically in /wordpress/wp-includes/class-wp-hook.php:324","level":"FATAL","type":"PHP","test":"jspi-boot","plugin":"multiple-portfolios","details":"[08-May-2025 05:53:20 UTC] PHP Fatal error:  Uncaught TypeError: call_user_func_array(): Argument #1 ($callback) must be a valid callback, non-static method modern_browse::browser() cannot be called statically in /wordpress/wp-includes/class-wp-hook.php:324\nStack trace:\n#0 /wordpress/wp-includes/class-wp-hook.php(348): WP_Hook->apply_filters(NULL, Array)\n#1 /wordpress/wp-includes/plugin.php(517): WP_Hook->do_action(Array)\n#2 /wordpress/wp-settings.php(727): do_action('init')\n#3 /wordpress/wp-config.php(102): require_once('/wordpress/wp-s...')\n#4 /wordpress/wp-load.php(50): require_once('/wordpress/wp-c...')\n#5 /internal/eval.php(3): require_once('/wordpress/wp-l...')\n#6 {main}\n  thrown in /wordpress/wp-includes/class-wp-hook.php on line 324","log":"/logs/plugins/m/multiple-portfolios/error.json"}
,
{"message":"Uncaught TypeError: call_user_func_array(): Argument #1 ($callback) must be a valid callback, non-static method modern_browse::browser() cannot be called statically in /wordpress/wp-includes/class-wp-hook.php:324","level":"FATAL","type":"PHP","test":"jspi-boot","plugin":"multiple-portfolios","details":"[08-May-2025 05:53:28 UTC] PHP Fatal error:  Uncaught TypeError: call_user_func_array(): Argument #1 ($callback) must be a valid callback, non-static method modern_browse::browser() cannot be called statically in /wordpress/wp-includes/class-wp-hook.php:324\nStack trace:\n#0 /wordpress/wp-includes/class-wp-hook.php(348): WP_Hook->apply_filters(NULL, Array)\n#1 /wordpress/wp-includes/plugin.php(517): WP_Hook->do_action(Array)\n#2 /wordpress/wp-settings.php(727): do_action('init')\n#3 /wordpress/wp-config.php(102): require_once('/wordpress/wp-s...')\n#4 /wordpress/wp-load.php(50): require_once('/wordpress/wp-c...')\n#5 /internal/eval.php(3): require_once('/wordpress/wp-l...')\n#6 {main}\n  thrown in /wordpress/wp-includes/class-wp-hook.php on line 324","log":"/logs/plugins/m/multiple-portfolios/error.json"}
,
{"message":"include_once(/wordpress/wp-content/plugins/magical-login/admin/tab-stlyes.php): Failed to open stream: No such file or directory in /wordpress/wp-content/plugins/magical-login/admin/tabs.php on line 7","level":"WARNING","type":"PHP","test":"jspi-boot","plugin":"multiple-portfolios","details":"[08-May-2025 05:53:57 UTC] PHP Warning:  include_once(/wordpress/wp-content/plugins/magical-login/admin/tab-stlyes.php): Failed to open stream: No such file or directory in /wordpress/wp-content/plugins/magical-login/admin/tabs.php on line 7","log":"/logs/plugins/m/multiple-portfolios/error.json"}
,
{"message":"include_once(): Failed opening '/wordpress/wp-content/plugins/magical-login/admin/tab-stlyes.php' for inclusion (include_path='.:') in /wordpress/wp-content/plugins/magical-login/admin/tabs.php on line 7","level":"WARNING","type":"PHP","test":"jspi-boot","plugin":"multiple-portfolios","details":"[08-May-2025 05:53:57 UTC] PHP Warning:  include_once(): Failed opening '/wordpress/wp-content/plugins/magical-login/admin/tab-stlyes.php' for inclusion (include_path='.:') in /wordpress/wp-content/plugins/magical-login/admin/tabs.php on line 7","log":"/logs/plugins/m/multiple-portfolios/error.json"}
,
{"message":"include_once(/wordpress/wp-content/plugins/magical-login/admin/tab-stlyes.php): Failed to open stream: No such file or directory in /wordpress/wp-content/plugins/magical-login/admin/tabs.php on line 7","level":"WARNING","type":"PHP","test":"jspi-boot","plugin":"multiple-portfolios","details":"[08-May-2025 05:53:59 UTC] PHP Warning:  include_once(/wordpress/wp-content/plugins/magical-login/admin/tab-stlyes.php): Failed to open stream: No such file or directory in /wordpress/wp-content/plugins/magical-login/admin/tabs.php on line 7","log":"/logs/plugins/m/multiple-portfolios/error.json"}
,
{"message":"include_once(): Failed opening '/wordpress/wp-content/plugins/magical-login/admin/tab-stlyes.php' for inclusion (include_path='.:') in /wordpress/wp-content/plugins/magical-login/admin/tabs.php on line 7","level":"WARNING","type":"PHP","test":"jspi-boot","plugin":"multiple-portfolios","details":"[08-May-2025 05:53:59 UTC] PHP Warning:  include_once(): Failed opening '/wordpress/wp-content/plugins/magical-login/admin/tab-stlyes.php' for inclusion (include_path='.:') in /wordpress/wp-content/plugins/magical-login/admin/tabs.php on line 7","log":"/logs/plugins/m/multiple-portfolios/error.json"}
,
{"message":"include_once(/wordpress/wp-content/plugins/magical-login/admin/tab-stlyes.php): Failed to open stream: No such file or directory in /wordpress/wp-content/plugins/magical-login/admin/tabs.php on line 7","level":"WARNING","type":"PHP","test":"jspi-boot","plugin":"multiple-portfolios","details":"[08-May-2025 05:54:07 UTC] PHP Warning:  include_once(/wordpress/wp-content/plugins/magical-login/admin/tab-stlyes.php): Failed to open stream: No such file or directory in /wordpress/wp-content/plugins/magical-login/admin/tabs.php on line 7","log":"/logs/plugins/m/multiple-portfolios/error.json"}
,
{"message":"include_once(): Failed opening '/wordpress/wp-content/plugins/magical-login/admin/tab-stlyes.php' for inclusion (include_path='.:') in /wordpress/wp-content/plugins/magical-login/admin/tabs.php on line 7","level":"WARNING","type":"PHP","test":"jspi-boot","plugin":"multiple-portfolios","details":"[08-May-2025 05:54:07 UTC] PHP Warning:  include_once(): Failed opening '/wordpress/wp-content/plugins/magical-login/admin/tab-stlyes.php' for inclusion (include_path='.:') in /wordpress/wp-content/plugins/magical-login/admin/tabs.php on line 7","log":"/logs/plugins/m/multiple-portfolios/error.json"}
,
{"message":"include_once(/wordpress/wp-content/plugins/magical-login/admin/tab-stlyes.php): Failed to open stream: No such file or directory in /wordpress/wp-content/plugins/magical-login/admin/tabs.php on line 7","level":"WARNING","type":"PHP","test":"jspi-boot","plugin":"multiple-portfolios","details":"[08-May-2025 05:54:09 UTC] PHP Warning:  include_once(/wordpress/wp-content/plugins/magical-login/admin/tab-stlyes.php): Failed to open stream: No such file or directory in /wordpress/wp-content/plugins/magical-login/admin/tabs.php on line 7","log":"/logs/plugins/m/multiple-portfolios/error.json"}
,
{"message":"include_once(): Failed opening '/wordpress/wp-content/plugins/magical-login/admin/tab-stlyes.php' for inclusion (include_path='.:') in /wordpress/wp-content/plugins/magical-login/admin/tabs.php on line 7","level":"WARNING","type":"PHP","test":"jspi-boot","plugin":"multiple-portfolios","details":"[08-May-2025 05:54:09 UTC] PHP Warning:  include_once(): Failed opening '/wordpress/wp-content/plugins/magical-login/admin/tab-stlyes.php' for inclusion (include_path='.:') in /wordpress/wp-content/plugins/magical-login/admin/tabs.php on line 7","log":"/logs/plugins/m/multiple-portfolios/error.json"}
,
{"message":"include_once(/wordpress/wp-content/plugins/magical-login/admin/tab-stlyes.php): Failed to open stream: No such file or directory in /wordpress/wp-content/plugins/magical-login/admin/tabs.php on line 7","level":"WARNING","type":"PHP","test":"jspi-boot","plugin":"multiple-portfolios","details":"[08-May-2025 05:54:17 UTC] PHP Warning:  include_once(/wordpress/wp-content/plugins/magical-login/admin/tab-stlyes.php): Failed to open stream: No such file or directory in /wordpress/wp-content/plugins/magical-login/admin/tabs.php on line 7","log":"/logs/plugins/m/multiple-portfolios/error.json"}
,
{"message":"include_once(): Failed opening '/wordpress/wp-content/plugins/magical-login/admin/tab-stlyes.php' for inclusion (include_path='.:') in /wordpress/wp-content/plugins/magical-login/admin/tabs.php on line 7","level":"WARNING","type":"PHP","test":"jspi-boot","plugin":"multiple-portfolios","details":"[08-May-2025 05:54:17 UTC] PHP Warning:  include_once(): Failed opening '/wordpress/wp-content/plugins/magical-login/admin/tab-stlyes.php' for inclusion (include_path='.:') in /wordpress/wp-content/plugins/magical-login/admin/tabs.php on line 7","log":"/logs/plugins/m/multiple-portfolios/error.json"}
,
{"message":"include_once(/wordpress/wp-content/plugins/magical-login/admin/tab-stlyes.php): Failed to open stream: No such file or directory in /wordpress/wp-content/plugins/magical-login/admin/tabs.php on line 7","level":"WARNING","type":"PHP","test":"jspi-boot","plugin":"multiple-portfolios","details":"[08-May-2025 05:54:18 UTC] PHP Warning:  include_once(/wordpress/wp-content/plugins/magical-login/admin/tab-stlyes.php): Failed to open stream: No such file or directory in /wordpress/wp-content/plugins/magical-login/admin/tabs.php on line 7","log":"/logs/plugins/m/multiple-portfolios/error.json"}
,
{"message":"include_once(): Failed opening '/wordpress/wp-content/plugins/magical-login/admin/tab-stlyes.php' for inclusion (include_path='.:') in /wordpress/wp-content/plugins/magical-login/admin/tabs.php on line 7","level":"WARNING","type":"PHP","test":"jspi-boot","plugin":"multiple-portfolios","details":"[08-May-2025 05:54:18 UTC] PHP Warning:  include_once(): Failed opening '/wordpress/wp-content/plugins/magical-login/admin/tab-stlyes.php' for inclusion (include_path='.:') in /wordpress/wp-content/plugins/magical-login/admin/tabs.php on line 7","log":"/logs/plugins/m/multiple-portfolios/error.json"}
,
{"message":"Function register_uninstall_hook was called <strong>incorrectly</strong>. Only a static class method or function can be used in an uninstall hook. Please see <a href=\"https://developer.wordpress.org/advanced-administration/debug/debug-wordpress/\">Debugging in WordPress</a> for more information. (This message was added in version 3.1.0.) in /wordpress/wp-includes/functions.php on line 6121","level":"NOTICE","type":"PHP","test":"jspi-boot","plugin":"multiple-portfolios","details":"[08-May-2025 05:55:23 UTC] PHP Notice:  Function register_uninstall_hook was called <strong>incorrectly</strong>. Only a static class method or function can be used in an uninstall hook. Please see <a href=\"https://developer.wordpress.org/advanced-administration/debug/debug-wordpress/\">Debugging in WordPress</a> for more information. (This message was added in version 3.1.0.) in /wordpress/wp-includes/functions.php on line 6121","log":"/logs/plugins/m/multiple-portfolios/error.json"}
,
{"message":"Function register_uninstall_hook was called <strong>incorrectly</strong>. Only a static class method or function can be used in an uninstall hook. Please see <a href=\"https://developer.wordpress.org/advanced-administration/debug/debug-wordpress/\">Debugging in WordPress</a> for more information. (This message was added in version 3.1.0.) in /wordpress/wp-includes/functions.php on line 6121","level":"NOTICE","type":"PHP","test":"jspi-boot","plugin":"multiple-portfolios","details":"[08-May-2025 05:55:23 UTC] PHP Notice:  Function register_uninstall_hook was called <strong>incorrectly</strong>. Only a static class method or function can be used in an uninstall hook. Please see <a href=\"https://developer.wordpress.org/advanced-administration/debug/debug-wordpress/\">Debugging in WordPress</a> for more information. (This message was added in version 3.1.0.) in /wordpress/wp-includes/functions.php on line 6121","log":"/logs/plugins/m/multiple-portfolios/error.json"}
,
{"message":"Function register_uninstall_hook was called <strong>incorrectly</strong>. Only a static class method or function can be used in an uninstall hook. Please see <a href=\"https://developer.wordpress.org/advanced-administration/debug/debug-wordpress/\">Debugging in WordPress</a> for more information. (This message was added in version 3.1.0.) in /wordpress/wp-includes/functions.php on line 6121","level":"NOTICE","type":"PHP","test":"jspi-boot","plugin":"multiple-portfolios","details":"[08-May-2025 05:55:31 UTC] PHP Notice:  Function register_uninstall_hook was called <strong>incorrectly</strong>. Only a static class method or function can be used in an uninstall hook. Please see <a href=\"https://developer.wordpress.org/advanced-administration/debug/debug-wordpress/\">Debugging in WordPress</a> for more information. (This message was added in version 3.1.0.) in /wordpress/wp-includes/functions.php on line 6121","log":"/logs/plugins/m/multiple-portfolios/error.json"}
,
{"message":"Function register_uninstall_hook was called <strong>incorrectly</strong>. Only a static class method or function can be used in an uninstall hook. Please see <a href=\"https://developer.wordpress.org/advanced-administration/debug/debug-wordpress/\">Debugging in WordPress</a> for more information. (This message was added in version 3.1.0.) in /wordpress/wp-includes/functions.php on line 6121","level":"NOTICE","type":"PHP","test":"jspi-boot","plugin":"multiple-portfolios","details":"[08-May-2025 05:55:32 UTC] PHP Notice:  Function register_uninstall_hook was called <strong>incorrectly</strong>. Only a static class method or function can be used in an uninstall hook. Please see <a href=\"https://developer.wordpress.org/advanced-administration/debug/debug-wordpress/\">Debugging in WordPress</a> for more information. (This message was added in version 3.1.0.) in /wordpress/wp-includes/functions.php on line 6121","log":"/logs/plugins/m/multiple-portfolios/error.json"}
,
{"message":"Function register_uninstall_hook was called <strong>incorrectly</strong>. Only a static class method or function can be used in an uninstall hook. Please see <a href=\"https://developer.wordpress.org/advanced-administration/debug/debug-wordpress/\">Debugging in WordPress</a> for more information. (This message was added in version 3.1.0.) in /wordpress/wp-includes/functions.php on line 6121","level":"NOTICE","type":"PHP","test":"jspi-boot","plugin":"multiple-portfolios","details":"[08-May-2025 05:55:40 UTC] PHP Notice:  Function register_uninstall_hook was called <strong>incorrectly</strong>. Only a static class method or function can be used in an uninstall hook. Please see <a href=\"https://developer.wordpress.org/advanced-administration/debug/debug-wordpress/\">Debugging in WordPress</a> for more information. (This message was added in version 3.1.0.) in /wordpress/wp-includes/functions.php on line 6121","log":"/logs/plugins/m/multiple-portfolios/error.json"}
,
{"message":"Function register_uninstall_hook was called <strong>incorrectly</strong>. Only a static class method or function can be used in an uninstall hook. Please see <a href=\"https://developer.wordpress.org/advanced-administration/debug/debug-wordpress/\">Debugging in WordPress</a> for more information. (This message was added in version 3.1.0.) in /wordpress/wp-includes/functions.php on line 6121","level":"NOTICE","type":"PHP","test":"jspi-boot","plugin":"multiple-portfolios","details":"[08-May-2025 05:55:41 UTC] PHP Notice:  Function register_uninstall_hook was called <strong>incorrectly</strong>. Only a static class method or function can be used in an uninstall hook. Please see <a href=\"https://developer.wordpress.org/advanced-administration/debug/debug-wordpress/\">Debugging in WordPress</a> for more information. (This message was added in version 3.1.0.) in /wordpress/wp-includes/functions.php on line 6121","log":"/logs/plugins/m/multiple-portfolios/error.json"}
,
{"message":"Uncaught Error: Call to undefined function create_function() in /wordpress/wp-content/plugins/mortgage-rate-widget/freerateupdate.php:126","level":"FATAL","type":"PHP","test":"jspi-boot","plugin":"multiple-portfolios","details":"[08-May-2025 05:56:09 UTC] PHP Fatal error:  Uncaught Error: Call to undefined function create_function() in /wordpress/wp-content/plugins/mortgage-rate-widget/freerateupdate.php:126\nStack trace:\n#0 /wordpress/wp-admin/includes/plugin.php(2387): include_once()\n#1 /wordpress/wp-admin/includes/plugin.php(673): plugin_sandbox_scrape('mortgage-rate-w...')\n#2 /internal/eval.php(20): activate_plugin('mortgage-rate-w...')\n#3 {main}\n  thrown in /wordpress/wp-content/plugins/mortgage-rate-widget/freerateupdate.php on line 126","log":"/logs/plugins/m/multiple-portfolios/error.json"}
,
{"message":"Uncaught Error: Call to undefined function create_function() in /wordpress/wp-content/plugins/mortgage-rate-widget/freerateupdate.php:126","level":"FATAL","type":"PHP","test":"jspi-boot","plugin":"multiple-portfolios","details":"[08-May-2025 05:56:18 UTC] PHP Fatal error:  Uncaught Error: Call to undefined function create_function() in /wordpress/wp-content/plugins/mortgage-rate-widget/freerateupdate.php:126\nStack trace:\n#0 /wordpress/wp-admin/includes/plugin.php(2387): include_once()\n#1 /wordpress/wp-admin/includes/plugin.php(673): plugin_sandbox_scrape('mortgage-rate-w...')\n#2 /internal/eval.php(20): activate_plugin('mortgage-rate-w...')\n#3 {main}\n  thrown in /wordpress/wp-content/plugins/mortgage-rate-widget/freerateupdate.php on line 126","log":"/logs/plugins/m/multiple-portfolios/error.json"}
,
{"message":"Uncaught Error: Call to undefined function create_function() in /wordpress/wp-content/plugins/mortgage-rate-widget/freerateupdate.php:126","level":"FATAL","type":"PHP","test":"jspi-boot","plugin":"multiple-portfolios","details":"[08-May-2025 05:56:25 UTC] PHP Fatal error:  Uncaught Error: Call to undefined function create_function() in /wordpress/wp-content/plugins/mortgage-rate-widget/freerateupdate.php:126\nStack trace:\n#0 /wordpress/wp-admin/includes/plugin.php(2387): include_once()\n#1 /wordpress/wp-admin/includes/plugin.php(673): plugin_sandbox_scrape('mortgage-rate-w...')\n#2 /internal/eval.php(20): activate_plugin('mortgage-rate-w...')\n#3 {main}\n  thrown in /wordpress/wp-content/plugins/mortgage-rate-widget/freerateupdate.php on line 126","log":"/logs/plugins/m/multiple-portfolios/error.json"}
,
{"message":"Function add_shortcode was called <strong>incorrectly</strong>. Invalid shortcode name: Vts-tiger-New-form name=. Do not use spaces or reserved characters: &amp; /  [ ] = Please see <a href=\"https://developer.wordpress.org/advanced-administration/debug/debug-wordpress/\">Debugging in WordPress</a> for more information. (This message was added in version 4.4.0.) in /wordpress/wp-includes/functions.php on line 6121","level":"NOTICE","type":"PHP","test":"jspi-boot","plugin":"multiple-portfolios","details":"[08-May-2025 05:57:00 UTC] PHP Notice:  Function add_shortcode was called <strong>incorrectly</strong>. Invalid shortcode name: Vts-tiger-New-form name=. Do not use spaces or reserved characters: &amp; /  [ ] = Please see <a href=\"https://developer.wordpress.org/advanced-administration/debug/debug-wordpress/\">Debugging in WordPress</a> for more information. (This message was added in version 4.4.0.) in /wordpress/wp-includes/functions.php on line 6121","log":"/logs/plugins/m/multiple-portfolios/error.json"}
,
{"message":"Function add_shortcode was called <strong>incorrectly</strong>. Invalid shortcode name: Vts-tiger-New-form name=. Do not use spaces or reserved characters: &amp; /  [ ] = Please see <a href=\"https://developer.wordpress.org/advanced-administration/debug/debug-wordpress/\">Debugging in WordPress</a> for more information. (This message was added in version 4.4.0.) in /wordpress/wp-includes/functions.php on line 6121","level":"NOTICE","type":"PHP","test":"jspi-boot","plugin":"multiple-portfolios","details":"[08-May-2025 05:57:02 UTC] PHP Notice:  Function add_shortcode was called <strong>incorrectly</strong>. Invalid shortcode name: Vts-tiger-New-form name=. Do not use spaces or reserved characters: &amp; /  [ ] = Please see <a href=\"https://developer.wordpress.org/advanced-administration/debug/debug-wordpress/\">Debugging in WordPress</a> for more information. (This message was added in version 4.4.0.) in /wordpress/wp-includes/functions.php on line 6121","log":"/logs/plugins/m/multiple-portfolios/error.json"}
,
{"message":"Function add_shortcode was called <strong>incorrectly</strong>. Invalid shortcode name: Vts-tiger-New-form name=. Do not use spaces or reserved characters: &amp; /  [ ] = Please see <a href=\"https://developer.wordpress.org/advanced-administration/debug/debug-wordpress/\">Debugging in WordPress</a> for more information. (This message was added in version 4.4.0.) in /wordpress/wp-includes/functions.php on line 6121","level":"NOTICE","type":"PHP","test":"jspi-boot","plugin":"multiple-portfolios","details":"[08-May-2025 05:57:10 UTC] PHP Notice:  Function add_shortcode was called <strong>incorrectly</strong>. Invalid shortcode name: Vts-tiger-New-form name=. Do not use spaces or reserved characters: &amp; /  [ ] = Please see <a href=\"https://developer.wordpress.org/advanced-administration/debug/debug-wordpress/\">Debugging in WordPress</a> for more information. (This message was added in version 4.4.0.) in /wordpress/wp-includes/functions.php on line 6121","log":"/logs/plugins/m/multiple-portfolios/error.json"}
,
{"message":"Function add_shortcode was called <strong>incorrectly</strong>. Invalid shortcode name: Vts-tiger-New-form name=. Do not use spaces or reserved characters: &amp; /  [ ] = Please see <a href=\"https://developer.wordpress.org/advanced-administration/debug/debug-wordpress/\">Debugging in WordPress</a> for more information. (This message was added in version 4.4.0.) in /wordpress/wp-includes/functions.php on line 6121","level":"NOTICE","type":"PHP","test":"jspi-boot","plugin":"multiple-portfolios","details":"[08-May-2025 05:57:11 UTC] PHP Notice:  Function add_shortcode was called <strong>incorrectly</strong>. Invalid shortcode name: Vts-tiger-New-form name=. Do not use spaces or reserved characters: &amp; /  [ ] = Please see <a href=\"https://developer.wordpress.org/advanced-administration/debug/debug-wordpress/\">Debugging in WordPress</a> for more information. (This message was added in version 4.4.0.) in /wordpress/wp-includes/functions.php on line 6121","log":"/logs/plugins/m/multiple-portfolios/error.json"}
,
{"message":"Function add_shortcode was called <strong>incorrectly</strong>. Invalid shortcode name: Vts-tiger-New-form name=. Do not use spaces or reserved characters: &amp; /  [ ] = Please see <a href=\"https://developer.wordpress.org/advanced-administration/debug/debug-wordpress/\">Debugging in WordPress</a> for more information. (This message was added in version 4.4.0.) in /wordpress/wp-includes/functions.php on line 6121","level":"NOTICE","type":"PHP","test":"jspi-boot","plugin":"multiple-portfolios","details":"[08-May-2025 05:57:20 UTC] PHP Notice:  Function add_shortcode was called <strong>incorrectly</strong>. Invalid shortcode name: Vts-tiger-New-form name=. Do not use spaces or reserved characters: &amp; /  [ ] = Please see <a href=\"https://developer.wordpress.org/advanced-administration/debug/debug-wordpress/\">Debugging in WordPress</a> for more information. (This message was added in version 4.4.0.) in /wordpress/wp-includes/functions.php on line 6121","log":"/logs/plugins/m/multiple-portfolios/error.json"}
,
{"message":"Function add_shortcode was called <strong>incorrectly</strong>. Invalid shortcode name: Vts-tiger-New-form name=. Do not use spaces or reserved characters: &amp; /  [ ] = Please see <a href=\"https://developer.wordpress.org/advanced-administration/debug/debug-wordpress/\">Debugging in WordPress</a> for more information. (This message was added in version 4.4.0.) in /wordpress/wp-includes/functions.php on line 6121","level":"NOTICE","type":"PHP","test":"jspi-boot","plugin":"multiple-portfolios","details":"[08-May-2025 05:57:21 UTC] PHP Notice:  Function add_shortcode was called <strong>incorrectly</strong>. Invalid shortcode name: Vts-tiger-New-form name=. Do not use spaces or reserved characters: &amp; /  [ ] = Please see <a href=\"https://developer.wordpress.org/advanced-administration/debug/debug-wordpress/\">Debugging in WordPress</a> for more information. (This message was added in version 4.4.0.) in /wordpress/wp-includes/functions.php on line 6121","log":"/logs/plugins/m/multiple-portfolios/error.json"}
,
{"message":"Uncaught TypeError: Cannot access offset of type string on string in /wordpress/wp-content/plugins/multiple-portfolios/includes/class-multiple-portfolios-post-type.php:40","level":"FATAL","type":"PHP","test":"jspi-boot","plugin":"multiple-portfolios","details":"[08-May-2025 05:58:24 UTC] PHP Fatal error:  Uncaught TypeError: Cannot access offset of type string on string in /wordpress/wp-content/plugins/multiple-portfolios/includes/class-multiple-portfolios-post-type.php:40\nStack trace:\n#0 /wordpress/wp-content/plugins/multiple-portfolios/includes/class-gamajo-post-type.php(76): Multiple_Portfolios_Post_Type->default_args()\n#1 /wordpress/wp-content/plugins/multiple-portfolios/includes/class-gamajo-post-type.php(46): Multiple_Portfolios_Gamajo_Post_Type->set_args()\n#2 /wordpress/wp-content/plugins/multiple-portfolios/includes/class-multiple-portfolios-registrations.php(50): Multiple_Portfolios_Gamajo_Post_Type->register()\n#3 /wordpress/wp-content/plugins/multiple-portfolios/includes/class-multiple-portfolios.php(152): Multiple_Portfolios_Registrations->register()\n#4 /wordpress/wp-content/plugins/multiple-portfolios/includes/class-multiple-portfolios.php(82): Multiple_Portfolios->single_activate()\n#5 /wordpress/wp-includes/class-wp-hook.php(324): Multiple_Portfolios->activate(false)\n#6 /wordpress/wp-includes/class-wp-hook.php(348): WP_Hook->apply_filters('', Array)\n#7 /wordpress/wp-includes/plugin.php(517): WP_Hook->do_action(Array)\n#8 /wordpress/wp-admin/includes/plugin.php(703): do_action('activate_multip...', false)\n#9 /internal/eval.php(20): activate_plugin('multiple-portfo...')\n#10 {main}\n  thrown in /wordpress/wp-content/plugins/multiple-portfolios/includes/class-multiple-portfolios-post-type.php on line 40","log":"/logs/plugins/m/multiple-portfolios/error.json"}
,
{"message":"Uncaught TypeError: Cannot access offset of type string on string in /wordpress/wp-content/plugins/multiple-portfolios/includes/class-multiple-portfolios-post-type.php:40","level":"FATAL","type":"PHP","test":"jspi-boot","plugin":"multiple-portfolios","details":"[08-May-2025 05:58:32 UTC] PHP Fatal error:  Uncaught TypeError: Cannot access offset of type string on string in /wordpress/wp-content/plugins/multiple-portfolios/includes/class-multiple-portfolios-post-type.php:40\nStack trace:\n#0 /wordpress/wp-content/plugins/multiple-portfolios/includes/class-gamajo-post-type.php(76): Multiple_Portfolios_Post_Type->default_args()\n#1 /wordpress/wp-content/plugins/multiple-portfolios/includes/class-gamajo-post-type.php(46): Multiple_Portfolios_Gamajo_Post_Type->set_args()\n#2 /wordpress/wp-content/plugins/multiple-portfolios/includes/class-multiple-portfolios-registrations.php(50): Multiple_Portfolios_Gamajo_Post_Type->register()\n#3 /wordpress/wp-content/plugins/multiple-portfolios/includes/class-multiple-portfolios.php(152): Multiple_Portfolios_Registrations->register()\n#4 /wordpress/wp-content/plugins/multiple-portfolios/includes/class-multiple-portfolios.php(82): Multiple_Portfolios->single_activate()\n#5 /wordpress/wp-includes/class-wp-hook.php(324): Multiple_Portfolios->activate(false)\n#6 /wordpress/wp-includes/class-wp-hook.php(348): WP_Hook->apply_filters('', Array)\n#7 /wordpress/wp-includes/plugin.php(517): WP_Hook->do_action(Array)\n#8 /wordpress/wp-admin/includes/plugin.php(703): do_action('activate_multip...', false)\n#9 /internal/eval.php(20): activate_plugin('multiple-portfo...')\n#10 {main}\n  thrown in /wordpress/wp-content/plugins/multiple-portfolios/includes/class-multiple-portfolios-post-type.php on line 40","log":"/logs/plugins/m/multiple-portfolios/error.json"}
,
{"message":"Uncaught TypeError: Cannot access offset of type string on string in /wordpress/wp-content/plugins/multiple-portfolios/includes/class-multiple-portfolios-post-type.php:40","level":"FATAL","type":"PHP","test":"jspi-boot","plugin":"multiple-portfolios","details":"[08-May-2025 05:58:40 UTC] PHP Fatal error:  Uncaught TypeError: Cannot access offset of type string on string in /wordpress/wp-content/plugins/multiple-portfolios/includes/class-multiple-portfolios-post-type.php:40\nStack trace:\n#0 /wordpress/wp-content/plugins/multiple-portfolios/includes/class-gamajo-post-type.php(76): Multiple_Portfolios_Post_Type->default_args()\n#1 /wordpress/wp-content/plugins/multiple-portfolios/includes/class-gamajo-post-type.php(46): Multiple_Portfolios_Gamajo_Post_Type->set_args()\n#2 /wordpress/wp-content/plugins/multiple-portfolios/includes/class-multiple-portfolios-registrations.php(50): Multiple_Portfolios_Gamajo_Post_Type->register()\n#3 /wordpress/wp-content/plugins/multiple-portfolios/includes/class-multiple-portfolios.php(152): Multiple_Portfolios_Registrations->register()\n#4 /wordpress/wp-content/plugins/multiple-portfolios/includes/class-multiple-portfolios.php(82): Multiple_Portfolios->single_activate()\n#5 /wordpress/wp-includes/class-wp-hook.php(324): Multiple_Portfolios->activate(false)\n#6 /wordpress/wp-includes/class-wp-hook.php(348): WP_Hook->apply_filters('', Array)\n#7 /wordpress/wp-includes/plugin.php(517): WP_Hook->do_action(Array)\n#8 /wordpress/wp-admin/includes/plugin.php(703): do_action('activate_multip...', false)\n#9 /internal/eval.php(20): activate_plugin('multiple-portfo...')\n#10 {main}\n  thrown in /wordpress/wp-content/plugins/multiple-portfolios/includes/class-multiple-portfolios-post-type.php on line 40\n\n    at Object.onBind (file:///home/runner/work/playground-tester/playground-tester/node_modules/@wp-playground/cli/index.js:237:15)\n    at process.processTicksAndRejections (node:internal/process/task_queues:105:5)\n    at async V (file:///home/runner/work/playground-tester/playground-tester/node_modules/@wp-playground/cli/index.js:64:10)\n    at async ja (file:///home/runner/work/playground-tester/playground-tester/node_modules/@wp-playground/cli/cli.js:8161:12) {\n  [cause]: Error: Error when executing the blueprint step #1 ({\"step\":\"installPlugin\",\"pluginData\":{\"resource\":\"wordpress.org/plugins\",\"slug\":\"multiple-portfolios\"},\"options\":{\"activate\":true}}) : PHP.run() failed with exit code 255 and the following output: \n      at Object.run (file:///home/runner/work/playground-tester/playground-tester/node_modules/@wp-playground/blueprints/index.js:12449:19)\n      at process.processTicksAndRejections (node:internal/process/task_queues:105:5)\n      at async ms (file:///home/runner/work/playground-tester/playground-tester/node_modules/@wp-playground/blueprints/index.js:12552:3)\n      ... 2 lines matching cause stack trace ...\n      at async ja (file:///home/runner/work/playground-tester/playground-tester/node_modules/@wp-playground/cli/cli.js:8161:12) {\n    [cause]: PHPExecutionFailureError: PHP.run() failed with exit code 255 and the following output: \n        at PHP.run (file:///home/runner/work/playground-tester/playground-tester/node_modules/@php-wasm/universal/index.js:987:19)\n        at process.processTicksAndRejections (node:internal/process/task_queues:105:5)\n        at async wr (file:///home/runner/work/playground-tester/playground-tester/node_modules/@wp-playground/blueprints/index.js:33:39)\n        at async Object.gt [as installPlugin] (file:///home/runner/work/playground-tester/playground-tester/node_modules/@wp-playground/blueprints/index.js:974:42)\n        at async g (file:///home/runner/work/playground-tester/playground-tester/node_modules/@wp-playground/blueprints/index.js:12517:30)\n        at async Object.run (file:///home/runner/work/playground-tester/playground-tester/node_modules/@wp-playground/blueprints/index.js:12446:23)\n        at async ms (file:///home/runner/work/playground-tester/playground-tester/node_modules/@wp-playground/blueprints/index.js:12552:3)\n        at async Object.onBind (file:///home/runner/work/playground-tester/playground-tester/node_modules/@wp-playground/cli/index.js:227:48)\n        at async V (file:///home/runner/work/playground-tester/playground-tester/node_modules/@wp-playground/cli/index.js:64:10)\n        at async ja (file:///home/runner/work/playground-tester/playground-tester/node_modules/@wp-playground/cli/cli.js:8161:12) {\n      response: PHPResponse {\n        httpStatusCode: 500,\n        headers: {\n          'x-powered-by': [ 'PHP/8.0.30-dev' ],\n          'content-type': [ 'text/html; charset=UTF-8' ]\n        },\n        bytes: Uint8Array(0) [],\n        exitCode: 255,\n        errors: ''\n      },\n      source: 'request'\n    }\n  }\n}\n\n","log":"/logs/plugins/m/multiple-portfolios/error.json"}
]
