[
{"message":"file:///home/runner/work/playground-tester/playground-tester/node_modules/@wp-playground/cli/run-cli-j-geJYS3.js:325\n        throw new Error($, { cause: h });\n              ^\n","level":"FATAL","type":"PLAYGROUND","test":"asyncify-boot","plugin":"bootstrap-modal-popup","details":"file:///home/runner/work/playground-tester/playground-tester/node_modules/@wp-playground/cli/run-cli-j-geJYS3.js:325\n        throw new Error($, { cause: h });\n              ^\n","log":"/tmp/tmp.gnxZalSktV"}
,
{"message":"Undefined array key \"bman_click_id\" in /wordpress/wp-content/plugins/banman/banman.php on line 20","level":"WARNING","type":"PHP","test":"asyncify-boot","plugin":"bootstrap-modal-popup","details":"[18-Jun-2025 03:43:02 UTC] PHP Warning:  Undefined array key \"bman_click_id\" in /wordpress/wp-content/plugins/banman/banman.php on line 20","log":"/logs/plugins/b/bootstrap-modal-popup/error.json"}
,
{"message":"Uncaught TypeError: call_user_func_array(): Argument #1 ($callback) must be a valid callback, non-static method BanMan::install() cannot be called statically in /wordpress/wp-includes/class-wp-hook.php:324","level":"FATAL","type":"PHP","test":"asyncify-boot","plugin":"bootstrap-modal-popup","details":"[18-Jun-2025 03:43:02 UTC] PHP Fatal error:  Uncaught TypeError: call_user_func_array(): Argument #1 ($callback) must be a valid callback, non-static method BanMan::install() cannot be called statically in /wordpress/wp-includes/class-wp-hook.php:324\nStack trace:\n#0 /wordpress/wp-includes/class-wp-hook.php(348): WP_Hook->apply_filters('', Array)\n#1 /wordpress/wp-includes/plugin.php(517): WP_Hook->do_action(Array)\n#2 /wordpress/wp-admin/includes/plugin.php(703): do_action('activate_banman...', false)\n#3 /internal/eval.php(20): activate_plugin('banman/banman.p...')\n#4 {main}\n  thrown in /wordpress/wp-includes/class-wp-hook.php on line 324","log":"/logs/plugins/b/bootstrap-modal-popup/error.json"}
,
{"message":"Undefined array key \"bman_click_id\" in /wordpress/wp-content/plugins/banman/banman.php on line 20","level":"WARNING","type":"PHP","test":"asyncify-boot","plugin":"bootstrap-modal-popup","details":"[18-Jun-2025 03:43:10 UTC] PHP Warning:  Undefined array key \"bman_click_id\" in /wordpress/wp-content/plugins/banman/banman.php on line 20","log":"/logs/plugins/b/bootstrap-modal-popup/error.json"}
,
{"message":"Uncaught TypeError: call_user_func_array(): Argument #1 ($callback) must be a valid callback, non-static method BanMan::install() cannot be called statically in /wordpress/wp-includes/class-wp-hook.php:324","level":"FATAL","type":"PHP","test":"asyncify-boot","plugin":"bootstrap-modal-popup","details":"[18-Jun-2025 03:43:10 UTC] PHP Fatal error:  Uncaught TypeError: call_user_func_array(): Argument #1 ($callback) must be a valid callback, non-static method BanMan::install() cannot be called statically in /wordpress/wp-includes/class-wp-hook.php:324\nStack trace:\n#0 /wordpress/wp-includes/class-wp-hook.php(348): WP_Hook->apply_filters('', Array)\n#1 /wordpress/wp-includes/plugin.php(517): WP_Hook->do_action(Array)\n#2 /wordpress/wp-admin/includes/plugin.php(703): do_action('activate_banman...', false)\n#3 /internal/eval.php(20): activate_plugin('banman/banman.p...')\n#4 {main}\n  thrown in /wordpress/wp-includes/class-wp-hook.php on line 324","log":"/logs/plugins/b/bootstrap-modal-popup/error.json"}
,
{"message":"Undefined array key \"bman_click_id\" in /wordpress/wp-content/plugins/banman/banman.php on line 20","level":"WARNING","type":"PHP","test":"asyncify-boot","plugin":"bootstrap-modal-popup","details":"[18-Jun-2025 03:43:19 UTC] PHP Warning:  Undefined array key \"bman_click_id\" in /wordpress/wp-content/plugins/banman/banman.php on line 20","log":"/logs/plugins/b/bootstrap-modal-popup/error.json"}
,
{"message":"Uncaught TypeError: call_user_func_array(): Argument #1 ($callback) must be a valid callback, non-static method BanMan::install() cannot be called statically in /wordpress/wp-includes/class-wp-hook.php:324","level":"FATAL","type":"PHP","test":"asyncify-boot","plugin":"bootstrap-modal-popup","details":"[18-Jun-2025 03:43:19 UTC] PHP Fatal error:  Uncaught TypeError: call_user_func_array(): Argument #1 ($callback) must be a valid callback, non-static method BanMan::install() cannot be called statically in /wordpress/wp-includes/class-wp-hook.php:324\nStack trace:\n#0 /wordpress/wp-includes/class-wp-hook.php(348): WP_Hook->apply_filters('', Array)\n#1 /wordpress/wp-includes/plugin.php(517): WP_Hook->do_action(Array)\n#2 /wordpress/wp-admin/includes/plugin.php(703): do_action('activate_banman...', false)\n#3 /internal/eval.php(20): activate_plugin('banman/banman.p...')\n#4 {main}\n  thrown in /wordpress/wp-includes/class-wp-hook.php on line 324","log":"/logs/plugins/b/bootstrap-modal-popup/error.json"}
,
{"message":"Uncaught Error: Call to undefined function mysql_get_server_info() in /wordpress/wp-content/plugins/benday-reviews-system/br-system.php:22","level":"FATAL","type":"PHP","test":"asyncify-boot","plugin":"bootstrap-modal-popup","details":"[18-Jun-2025 03:45:55 UTC] PHP Fatal error:  Uncaught Error: Call to undefined function mysql_get_server_info() in /wordpress/wp-content/plugins/benday-reviews-system/br-system.php:22\nStack trace:\n#0 /wordpress/wp-includes/class-wp-hook.php(324): br_install(false)\n#1 /wordpress/wp-includes/class-wp-hook.php(348): WP_Hook->apply_filters('', Array)\n#2 /wordpress/wp-includes/plugin.php(517): WP_Hook->do_action(Array)\n#3 /wordpress/wp-admin/includes/plugin.php(703): do_action('activate_benday...', false)\n#4 /internal/eval.php(20): activate_plugin('benday-reviews-...')\n#5 {main}\n  thrown in /wordpress/wp-content/plugins/benday-reviews-system/br-system.php on line 22","log":"/logs/plugins/b/bootstrap-modal-popup/error.json"}
,
{"message":"Uncaught Error: Call to undefined function mysql_get_server_info() in /wordpress/wp-content/plugins/benday-reviews-system/br-system.php:22","level":"FATAL","type":"PHP","test":"asyncify-boot","plugin":"bootstrap-modal-popup","details":"[18-Jun-2025 03:46:03 UTC] PHP Fatal error:  Uncaught Error: Call to undefined function mysql_get_server_info() in /wordpress/wp-content/plugins/benday-reviews-system/br-system.php:22\nStack trace:\n#0 /wordpress/wp-includes/class-wp-hook.php(324): br_install(false)\n#1 /wordpress/wp-includes/class-wp-hook.php(348): WP_Hook->apply_filters('', Array)\n#2 /wordpress/wp-includes/plugin.php(517): WP_Hook->do_action(Array)\n#3 /wordpress/wp-admin/includes/plugin.php(703): do_action('activate_benday...', false)\n#4 /internal/eval.php(20): activate_plugin('benday-reviews-...')\n#5 {main}\n  thrown in /wordpress/wp-content/plugins/benday-reviews-system/br-system.php on line 22","log":"/logs/plugins/b/bootstrap-modal-popup/error.json"}
,
{"message":"Uncaught Error: Call to undefined function mysql_get_server_info() in /wordpress/wp-content/plugins/benday-reviews-system/br-system.php:22","level":"FATAL","type":"PHP","test":"asyncify-boot","plugin":"bootstrap-modal-popup","details":"[18-Jun-2025 03:46:12 UTC] PHP Fatal error:  Uncaught Error: Call to undefined function mysql_get_server_info() in /wordpress/wp-content/plugins/benday-reviews-system/br-system.php:22\nStack trace:\n#0 /wordpress/wp-includes/class-wp-hook.php(324): br_install(false)\n#1 /wordpress/wp-includes/class-wp-hook.php(348): WP_Hook->apply_filters('', Array)\n#2 /wordpress/wp-includes/plugin.php(517): WP_Hook->do_action(Array)\n#3 /wordpress/wp-admin/includes/plugin.php(703): do_action('activate_benday...', false)\n#4 /internal/eval.php(20): activate_plugin('benday-reviews-...')\n#5 {main}\n  thrown in /wordpress/wp-content/plugins/benday-reviews-system/br-system.php on line 22","log":"/logs/plugins/b/bootstrap-modal-popup/error.json"}
,
{"message":"Uncaught RuntimeException: <div style=\"clear:both\">&nbsp;</div>","level":"FATAL","type":"PHP","test":"asyncify-boot","plugin":"bootstrap-modal-popup","details":"[18-Jun-2025 03:47:19 UTC] PHP Fatal error:  Uncaught RuntimeException: <div style=\"clear:both\">&nbsp;</div>\n<div class=\"queries\" style=\"clear:both;margin-bottom:2px;border:red dotted thin;\">\n<p>MySQL query:</p>\n<p>CREATE TABLE IF NOT EXISTS wp_bit_assist_widget_channels (\n             id BIGINT  UNSIGNED NOT NULL AUTO_INCREMENT\n, widget_id BIGINT(20) UNSIGNED NOT NULL\n, channel_name VARCHAR(255) NOT NULL\n, config LONGTEXT  NULL\n, sequence INTEGER  NULL\n, status BOOLEAN  NOT NULL DEFAULT 1\n, created_at timestamp  NULL DEFAULT NULL\n, updated_at timestamp  NULL DEFAULT NULL,\nPRIMARY KEY (\nid\n), FOREIGN KEY (widget_id) REFERENCES wp_bit_assist_widgets (id) ON DELETE CASCADE\n             ) </p>\n<p>Queries made or created this session were:</p>\n<ol>\n<li>Executing: BEGIN IMMEDIATE | (no parameters)</li>\n<li>Executing: SELECT 1 FROM `_wp_sqlite_mysql_information_schema_tables` WHERE table_schema = ? AND table_name = ? | parameters: database_name_here, wp_bit_assist_widget_channels</li>\n<li>Executing: INSERT INTO `_wp_sqlite_mysql_information_schema_tables` (`t in /wordpress/wp-content/plugins/bit-assist/vendor/bitapps/wp-database/src/Blueprint.php on line 176","log":"/logs/plugins/b/bootstrap-modal-popup/error.json"}
,
{"message":"Uncaught RuntimeException: <div style=\"clear:both\">&nbsp;</div>","level":"FATAL","type":"PHP","test":"asyncify-boot","plugin":"bootstrap-modal-popup","details":"[18-Jun-2025 03:47:29 UTC] PHP Fatal error:  Uncaught RuntimeException: <div style=\"clear:both\">&nbsp;</div>\n<div class=\"queries\" style=\"clear:both;margin-bottom:2px;border:red dotted thin;\">\n<p>MySQL query:</p>\n<p>CREATE TABLE IF NOT EXISTS wp_bit_assist_widget_channels (\n             id BIGINT  UNSIGNED NOT NULL AUTO_INCREMENT\n, widget_id BIGINT(20) UNSIGNED NOT NULL\n, channel_name VARCHAR(255) NOT NULL\n, config LONGTEXT  NULL\n, sequence INTEGER  NULL\n, status BOOLEAN  NOT NULL DEFAULT 1\n, created_at timestamp  NULL DEFAULT NULL\n, updated_at timestamp  NULL DEFAULT NULL,\nPRIMARY KEY (\nid\n), FOREIGN KEY (widget_id) REFERENCES wp_bit_assist_widgets (id) ON DELETE CASCADE\n             ) </p>\n<p>Queries made or created this session were:</p>\n<ol>\n<li>Executing: BEGIN IMMEDIATE | (no parameters)</li>\n<li>Executing: SELECT 1 FROM `_wp_sqlite_mysql_information_schema_tables` WHERE table_schema = ? AND table_name = ? | parameters: database_name_here, wp_bit_assist_widget_channels</li>\n<li>Executing: INSERT INTO `_wp_sqlite_mysql_information_schema_tables` (`t in /wordpress/wp-content/plugins/bit-assist/vendor/bitapps/wp-database/src/Blueprint.php on line 176","log":"/logs/plugins/b/bootstrap-modal-popup/error.json"}
,
{"message":"Uncaught RuntimeException: <div style=\"clear:both\">&nbsp;</div>","level":"FATAL","type":"PHP","test":"asyncify-boot","plugin":"bootstrap-modal-popup","details":"[18-Jun-2025 03:47:40 UTC] PHP Fatal error:  Uncaught RuntimeException: <div style=\"clear:both\">&nbsp;</div>\n<div class=\"queries\" style=\"clear:both;margin-bottom:2px;border:red dotted thin;\">\n<p>MySQL query:</p>\n<p>CREATE TABLE IF NOT EXISTS wp_bit_assist_widget_channels (\n             id BIGINT  UNSIGNED NOT NULL AUTO_INCREMENT\n, widget_id BIGINT(20) UNSIGNED NOT NULL\n, channel_name VARCHAR(255) NOT NULL\n, config LONGTEXT  NULL\n, sequence INTEGER  NULL\n, status BOOLEAN  NOT NULL DEFAULT 1\n, created_at timestamp  NULL DEFAULT NULL\n, updated_at timestamp  NULL DEFAULT NULL,\nPRIMARY KEY (\nid\n), FOREIGN KEY (widget_id) REFERENCES wp_bit_assist_widgets (id) ON DELETE CASCADE\n             ) </p>\n<p>Queries made or created this session were:</p>\n<ol>\n<li>Executing: BEGIN IMMEDIATE | (no parameters)</li>\n<li>Executing: SELECT 1 FROM `_wp_sqlite_mysql_information_schema_tables` WHERE table_schema = ? AND table_name = ? | parameters: database_name_here, wp_bit_assist_widget_channels</li>\n<li>Executing: INSERT INTO `_wp_sqlite_mysql_information_schema_tables` (`t in /wordpress/wp-content/plugins/bit-assist/vendor/bitapps/wp-database/src/Blueprint.php on line 176","log":"/logs/plugins/b/bootstrap-modal-popup/error.json"}
,
{"message":"Array and string offset access syntax with curly braces is no longer supported in /wordpress/wp-content/plugins/blog-templates/gb-blog-templates.php on line 414","level":"FATAL","type":"PHP","test":"asyncify-boot","plugin":"bootstrap-modal-popup","details":"[18-Jun-2025 03:48:46 UTC] PHP Fatal error:  Array and string offset access syntax with curly braces is no longer supported in /wordpress/wp-content/plugins/blog-templates/gb-blog-templates.php on line 414","log":"/logs/plugins/b/bootstrap-modal-popup/error.json"}
,
{"message":"Array and string offset access syntax with curly braces is no longer supported in /wordpress/wp-content/plugins/blog-templates/gb-blog-templates.php on line 414","level":"FATAL","type":"PHP","test":"asyncify-boot","plugin":"bootstrap-modal-popup","details":"[18-Jun-2025 03:48:54 UTC] PHP Fatal error:  Array and string offset access syntax with curly braces is no longer supported in /wordpress/wp-content/plugins/blog-templates/gb-blog-templates.php on line 414","log":"/logs/plugins/b/bootstrap-modal-popup/error.json"}
,
{"message":"Array and string offset access syntax with curly braces is no longer supported in /wordpress/wp-content/plugins/blog-templates/gb-blog-templates.php on line 414","level":"FATAL","type":"PHP","test":"asyncify-boot","plugin":"bootstrap-modal-popup","details":"[18-Jun-2025 03:49:02 UTC] PHP Fatal error:  Array and string offset access syntax with curly braces is no longer supported in /wordpress/wp-content/plugins/blog-templates/gb-blog-templates.php on line 414","log":"/logs/plugins/b/bootstrap-modal-popup/error.json"}
,
{"message":"Uncaught TypeError: Cannot access offset of type string on string in /wordpress/wp-content/plugins/bootstrap-modal-popup/bootstrap_modal_popup.php:47","level":"FATAL","type":"PHP","test":"asyncify-boot","plugin":"bootstrap-modal-popup","details":"[18-Jun-2025 03:50:33 UTC] PHP Fatal error:  Uncaught TypeError: Cannot access offset of type string on string in /wordpress/wp-content/plugins/bootstrap-modal-popup/bootstrap_modal_popup.php:47\nStack trace:\n#0 /wordpress/wp-includes/class-wp-hook.php(324): set_bmp_cookie('')\n#1 /wordpress/wp-includes/class-wp-hook.php(348): WP_Hook->apply_filters(NULL, Array)\n#2 /wordpress/wp-includes/plugin.php(517): WP_Hook->do_action(Array)\n#3 /wordpress/wp-settings.php(727): do_action('init')\n#4 /wordpress/wp-config.php(102): require_once('/wordpress/wp-s...')\n#5 /wordpress/wp-load.php(50): require_once('/wordpress/wp-c...')\n#6 /internal/eval.php(3): require_once('/wordpress/wp-l...')\n#7 {main}\n  thrown in /wordpress/wp-content/plugins/bootstrap-modal-popup/bootstrap_modal_popup.php on line 47","log":"/logs/plugins/b/bootstrap-modal-popup/error.json"}
,
{"message":"Uncaught TypeError: Cannot access offset of type string on string in /wordpress/wp-content/plugins/bootstrap-modal-popup/bootstrap_modal_popup.php:47","level":"FATAL","type":"PHP","test":"asyncify-boot","plugin":"bootstrap-modal-popup","details":"[18-Jun-2025 03:50:41 UTC] PHP Fatal error:  Uncaught TypeError: Cannot access offset of type string on string in /wordpress/wp-content/plugins/bootstrap-modal-popup/bootstrap_modal_popup.php:47\nStack trace:\n#0 /wordpress/wp-includes/class-wp-hook.php(324): set_bmp_cookie('')\n#1 /wordpress/wp-includes/class-wp-hook.php(348): WP_Hook->apply_filters(NULL, Array)\n#2 /wordpress/wp-includes/plugin.php(517): WP_Hook->do_action(Array)\n#3 /wordpress/wp-settings.php(727): do_action('init')\n#4 /wordpress/wp-config.php(102): require_once('/wordpress/wp-s...')\n#5 /wordpress/wp-load.php(50): require_once('/wordpress/wp-c...')\n#6 /internal/eval.php(3): require_once('/wordpress/wp-l...')\n#7 {main}\n  thrown in /wordpress/wp-content/plugins/bootstrap-modal-popup/bootstrap_modal_popup.php on line 47\n\n    at Object.onBind (file:///home/runner/work/playground-tester/playground-tester/node_modules/@wp-playground/cli/run-cli-j-geJYS3.js:325:15)\n    at process.processTicksAndRejections (node:internal/process/task_queues:105:5)\n    at async re (file:///home/runner/work/playground-tester/playground-tester/node_modules/@wp-playground/cli/run-cli-j-geJYS3.js:149:10) {\n  [cause]: Error: Error when executing the blueprint step #1 ({\"step\":\"installPlugin\",\"pluginData\":{\"resource\":\"wordpress.org/plugins\",\"slug\":\"bootstrap-modal-popup\"},\"options\":{\"activate\":true}}) : PHP.run() failed with exit code 255 and the following output: \n      at Object.run (file:///home/runner/work/playground-tester/playground-tester/node_modules/@wp-playground/blueprints/index.js:12093:19)\n      at process.processTicksAndRejections (node:internal/process/task_queues:105:5)\n      at async ys (file:///home/runner/work/playground-tester/playground-tester/node_modules/@wp-playground/blueprints/index.js:12196:3)\n      at async Object.onBind (file:///home/runner/work/playground-tester/playground-tester/node_modules/@wp-playground/cli/run-cli-j-geJYS3.js:315:48)\n      at async re (file:///home/runner/work/playground-tester/playground-tester/node_modules/@wp-playground/cli/run-cli-j-geJYS3.js:149:10) {\n    [cause]: PHPExecutionFailureError: PHP.run() failed with exit code 255 and the following output: \n        at PHP.run (file:///home/runner/work/playground-tester/playground-tester/node_modules/@php-wasm/universal/index.js:1034:19)\n        at process.processTicksAndRejections (node:internal/process/task_queues:105:5)\n        at async wr (file:///home/runner/work/playground-tester/playground-tester/node_modules/@wp-playground/blueprints/index.js:74:13)\n        at async Object.gt [as installPlugin] (file:///home/runner/work/playground-tester/playground-tester/node_modules/@wp-playground/blueprints/index.js:631:42)\n        at async g (file:///home/runner/work/playground-tester/playground-tester/node_modules/@wp-playground/blueprints/index.js:12161:30)\n        at async Object.run (file:///home/runner/work/playground-tester/playground-tester/node_modules/@wp-playground/blueprints/index.js:12090:23)\n        at async ys (file:///home/runner/work/playground-tester/playground-tester/node_modules/@wp-playground/blueprints/index.js:12196:3)\n        at async Object.onBind (file:///home/runner/work/playground-tester/playground-tester/node_modules/@wp-playground/cli/run-cli-j-geJYS3.js:315:48)\n        at async re (file:///home/runner/work/playground-tester/playground-tester/node_modules/@wp-playground/cli/run-cli-j-geJYS3.js:149:10) {\n      response: PHPResponse {\n        httpStatusCode: 500,\n        headers: {\n          'x-powered-by': [ 'PHP/8.0.30-dev' ],\n          'content-type': [ 'text/html; charset=UTF-8' ],\n          expires: [ 'Wed, 11 Jan 1984 05:00:00 GMT' ],\n          'cache-control': [ 'no-cache, must-revalidate, max-age=0, no-store, private' ]\n        },\n        bytes: Uint8Array(2653) [\n           60,  33,  68,  79,  67,  84,  89,  80,  69,  32, 104, 116,\n          109, 108,  62,  10,  60, 104, 116, 109, 108,  32, 108,  97,\n          110, 103,  61,  34, 101, 110,  45,  85,  83,  34,  62,  10,\n           60, 104, 101,  97, 100,  62,  10,   9,  60, 109, 101, 116,\n           97,  32, 104, 116, 116, 112,  45, 101, 113, 117, 105, 118,\n           61,  34,  67, 111, 110, 116, 101, 110, 116,  45,  84, 121,\n          112, 101,  34,  32,  99, 111, 110, 116, 101, 110, 116,  61,\n           34, 116, 101, 120, 116,  47, 104, 116, 109, 108,  59,  32,\n           99, 104,  97, 114,\n          ... 2553 more items\n        ],\n        exitCode: 255,\n        errors: ''\n      },\n      source: 'request'\n    }\n  }\n}\n\n","log":"/logs/plugins/b/bootstrap-modal-popup/error.json"}
]
