[
{"message":"file:///home/runner/work/playground-tester/playground-tester/node_modules/@wp-playground/cli/index.js:237\n        throw new Error(y, { cause: u });\n              ^\n","level":"FATAL","type":"PLAYGROUND","test":"asyncify-boot","plugin":"advanced-category-excluder","details":"file:///home/runner/work/playground-tester/playground-tester/node_modules/@wp-playground/cli/index.js:237\n        throw new Error(y, { cause: u });\n              ^\n","log":"/tmp/tmp.WurGOxpF5C"}
,
{"message":"Uncaught PDOException: SQLSTATE[HY000] [2002] Address family not supported by protocol in /wordpress/wp-content/plugins/asura-connector/vendor/catfan/medoo/src/Medoo.php:476","level":"FATAL","type":"PHP","test":"asyncify-boot","plugin":"advanced-category-excluder","details":"[25-May-2025 14:26:29 UTC] PHP Fatal error:  Uncaught PDOException: SQLSTATE[HY000] [2002] Address family not supported by protocol in /wordpress/wp-content/plugins/asura-connector/vendor/catfan/medoo/src/Medoo.php:476\nStack trace:\n#0 /wordpress/wp-content/plugins/asura-connector/app/Utils/DB.php(50): Medoo\\Medoo->__construct(Array)\n#1 /wordpress/wp-content/plugins/asura-connector/app/Utils/DB.php(58): Dplugins\\Asura\\Connector\\Utils\\DB->__construct()\n#2 /wordpress/wp-content/plugins/asura-connector/app/Utils/DB.php(105): Dplugins\\Asura\\Connector\\Utils\\DB::getInstance()\n#3 /wordpress/wp-content/plugins/asura-connector/database/migrations/2021_07_10_000000_001_create_providers_table.php(11): Dplugins\\Asura\\Connector\\Utils\\DB::db()\n#4 [internal function]: Dplugins\\Asura\\Connector\\Database\\Migrations\\CreateProvidersTable::up()\n#5 /wordpress/wp-content/plugins/asura-connector/app/Utils/Migration.php(29): call_user_func(Array)\n#6 /wordpress/wp-content/plugins/asura-connector/app/Connector.php(88): Dplugins\\Asura\\Connector\\Utils\\Migration::migrate('/wordpress/wp-c...', 'Dplugins\\\\Asura\\\\...', 0, '001')\n#7 /wordpress/wp-includes/class-wp-hook.php(324): Dplugins\\Asura\\Connector\\Connector->plugin_activate(false)\n#8 /wordpress/wp-includes/class-wp-hook.php(348): WP_Hook->apply_filters('', Array)\n#9 /wordpress/wp-includes/plugin.php(517): WP_Hook->do_action(Array)\n#10 /wordpress/wp-admin/includes/plugin.php(703): do_action('activate_asura-...', false)\n#11 /internal/eval.php(20): activate_plugin('asura-connector...')\n#12 {main}\n  thrown in /wordpress/wp-content/plugins/asura-connector/vendor/catfan/medoo/src/Medoo.php on line 476","log":"/logs/plugins/a/advanced-category-excluder/error.json"}
,
{"message":"Uncaught PDOException: SQLSTATE[HY000] [2002] Address family not supported by protocol in /wordpress/wp-content/plugins/asura-connector/vendor/catfan/medoo/src/Medoo.php:476","level":"FATAL","type":"PHP","test":"asyncify-boot","plugin":"advanced-category-excluder","details":"[25-May-2025 14:26:37 UTC] PHP Fatal error:  Uncaught PDOException: SQLSTATE[HY000] [2002] Address family not supported by protocol in /wordpress/wp-content/plugins/asura-connector/vendor/catfan/medoo/src/Medoo.php:476\nStack trace:\n#0 /wordpress/wp-content/plugins/asura-connector/app/Utils/DB.php(50): Medoo\\Medoo->__construct(Array)\n#1 /wordpress/wp-content/plugins/asura-connector/app/Utils/DB.php(58): Dplugins\\Asura\\Connector\\Utils\\DB->__construct()\n#2 /wordpress/wp-content/plugins/asura-connector/app/Utils/DB.php(105): Dplugins\\Asura\\Connector\\Utils\\DB::getInstance()\n#3 /wordpress/wp-content/plugins/asura-connector/database/migrations/2021_07_10_000000_001_create_providers_table.php(11): Dplugins\\Asura\\Connector\\Utils\\DB::db()\n#4 [internal function]: Dplugins\\Asura\\Connector\\Database\\Migrations\\CreateProvidersTable::up()\n#5 /wordpress/wp-content/plugins/asura-connector/app/Utils/Migration.php(29): call_user_func(Array)\n#6 /wordpress/wp-content/plugins/asura-connector/app/Connector.php(88): Dplugins\\Asura\\Connector\\Utils\\Migration::migrate('/wordpress/wp-c...', 'Dplugins\\\\Asura\\\\...', 0, '001')\n#7 /wordpress/wp-includes/class-wp-hook.php(324): Dplugins\\Asura\\Connector\\Connector->plugin_activate(false)\n#8 /wordpress/wp-includes/class-wp-hook.php(348): WP_Hook->apply_filters('', Array)\n#9 /wordpress/wp-includes/plugin.php(517): WP_Hook->do_action(Array)\n#10 /wordpress/wp-admin/includes/plugin.php(703): do_action('activate_asura-...', false)\n#11 /internal/eval.php(20): activate_plugin('asura-connector...')\n#12 {main}\n  thrown in /wordpress/wp-content/plugins/asura-connector/vendor/catfan/medoo/src/Medoo.php on line 476","log":"/logs/plugins/a/advanced-category-excluder/error.json"}
,
{"message":"Uncaught PDOException: SQLSTATE[HY000] [2002] Address family not supported by protocol in /wordpress/wp-content/plugins/asura-connector/vendor/catfan/medoo/src/Medoo.php:476","level":"FATAL","type":"PHP","test":"asyncify-boot","plugin":"advanced-category-excluder","details":"[25-May-2025 14:26:45 UTC] PHP Fatal error:  Uncaught PDOException: SQLSTATE[HY000] [2002] Address family not supported by protocol in /wordpress/wp-content/plugins/asura-connector/vendor/catfan/medoo/src/Medoo.php:476\nStack trace:\n#0 /wordpress/wp-content/plugins/asura-connector/app/Utils/DB.php(50): Medoo\\Medoo->__construct(Array)\n#1 /wordpress/wp-content/plugins/asura-connector/app/Utils/DB.php(58): Dplugins\\Asura\\Connector\\Utils\\DB->__construct()\n#2 /wordpress/wp-content/plugins/asura-connector/app/Utils/DB.php(105): Dplugins\\Asura\\Connector\\Utils\\DB::getInstance()\n#3 /wordpress/wp-content/plugins/asura-connector/database/migrations/2021_07_10_000000_001_create_providers_table.php(11): Dplugins\\Asura\\Connector\\Utils\\DB::db()\n#4 [internal function]: Dplugins\\Asura\\Connector\\Database\\Migrations\\CreateProvidersTable::up()\n#5 /wordpress/wp-content/plugins/asura-connector/app/Utils/Migration.php(29): call_user_func(Array)\n#6 /wordpress/wp-content/plugins/asura-connector/app/Connector.php(88): Dplugins\\Asura\\Connector\\Utils\\Migration::migrate('/wordpress/wp-c...', 'Dplugins\\\\Asura\\\\...', 0, '001')\n#7 /wordpress/wp-includes/class-wp-hook.php(324): Dplugins\\Asura\\Connector\\Connector->plugin_activate(false)\n#8 /wordpress/wp-includes/class-wp-hook.php(348): WP_Hook->apply_filters('', Array)\n#9 /wordpress/wp-includes/plugin.php(517): WP_Hook->do_action(Array)\n#10 /wordpress/wp-admin/includes/plugin.php(703): do_action('activate_asura-...', false)\n#11 /internal/eval.php(20): activate_plugin('asura-connector...')\n#12 {main}\n  thrown in /wordpress/wp-content/plugins/asura-connector/vendor/catfan/medoo/src/Medoo.php on line 476","log":"/logs/plugins/a/advanced-category-excluder/error.json"}
,
{"message":"Uncaught Error: Call to undefined function create_function() in /wordpress/wp-content/plugins/accordion-image-menu/accordion-image-menu.php:127","level":"FATAL","type":"PHP","test":"asyncify-boot","plugin":"advanced-category-excluder","details":"[25-May-2025 14:27:45 UTC] PHP Fatal error:  Uncaught Error: Call to undefined function create_function() in /wordpress/wp-content/plugins/accordion-image-menu/accordion-image-menu.php:127\nStack trace:\n#0 /wordpress/wp-admin/includes/plugin.php(2387): include_once()\n#1 /wordpress/wp-admin/includes/plugin.php(673): plugin_sandbox_scrape('accordion-image...')\n#2 /internal/eval.php(20): activate_plugin('accordion-image...')\n#3 {main}\n  thrown in /wordpress/wp-content/plugins/accordion-image-menu/accordion-image-menu.php on line 127","log":"/logs/plugins/a/advanced-category-excluder/error.json"}
,
{"message":"Uncaught Error: Call to undefined function create_function() in /wordpress/wp-content/plugins/accordion-image-menu/accordion-image-menu.php:127","level":"FATAL","type":"PHP","test":"asyncify-boot","plugin":"advanced-category-excluder","details":"[25-May-2025 14:27:54 UTC] PHP Fatal error:  Uncaught Error: Call to undefined function create_function() in /wordpress/wp-content/plugins/accordion-image-menu/accordion-image-menu.php:127\nStack trace:\n#0 /wordpress/wp-admin/includes/plugin.php(2387): include_once()\n#1 /wordpress/wp-admin/includes/plugin.php(673): plugin_sandbox_scrape('accordion-image...')\n#2 /internal/eval.php(20): activate_plugin('accordion-image...')\n#3 {main}\n  thrown in /wordpress/wp-content/plugins/accordion-image-menu/accordion-image-menu.php on line 127","log":"/logs/plugins/a/advanced-category-excluder/error.json"}
,
{"message":"Uncaught Error: Call to undefined function create_function() in /wordpress/wp-content/plugins/accordion-image-menu/accordion-image-menu.php:127","level":"FATAL","type":"PHP","test":"asyncify-boot","plugin":"advanced-category-excluder","details":"[25-May-2025 14:28:02 UTC] PHP Fatal error:  Uncaught Error: Call to undefined function create_function() in /wordpress/wp-content/plugins/accordion-image-menu/accordion-image-menu.php:127\nStack trace:\n#0 /wordpress/wp-admin/includes/plugin.php(2387): include_once()\n#1 /wordpress/wp-admin/includes/plugin.php(673): plugin_sandbox_scrape('accordion-image...')\n#2 /internal/eval.php(20): activate_plugin('accordion-image...')\n#3 {main}\n  thrown in /wordpress/wp-content/plugins/accordion-image-menu/accordion-image-menu.php on line 127","log":"/logs/plugins/a/advanced-category-excluder/error.json"}
,
{"message":"Trying to access array offset on value of type bool in /wordpress/wp-content/plugins/acme-divi-modules/admin/class-acme-divi-modules-admin.php on line 563","level":"WARNING","type":"PHP","test":"asyncify-boot","plugin":"advanced-category-excluder","details":"[25-May-2025 14:28:11 UTC] PHP Warning:  Trying to access array offset on value of type bool in /wordpress/wp-content/plugins/acme-divi-modules/admin/class-acme-divi-modules-admin.php on line 563","log":"/logs/plugins/a/advanced-category-excluder/error.json"}
,
{"message":"Trying to access array offset on value of type bool in /wordpress/wp-content/plugins/acme-divi-modules/admin/class-acme-divi-modules-admin.php on line 563","level":"WARNING","type":"PHP","test":"asyncify-boot","plugin":"advanced-category-excluder","details":"[25-May-2025 14:28:20 UTC] PHP Warning:  Trying to access array offset on value of type bool in /wordpress/wp-content/plugins/acme-divi-modules/admin/class-acme-divi-modules-admin.php on line 563","log":"/logs/plugins/a/advanced-category-excluder/error.json"}
,
{"message":"Trying to access array offset on value of type bool in /wordpress/wp-content/plugins/acme-divi-modules/admin/class-acme-divi-modules-admin.php on line 563","level":"WARNING","type":"PHP","test":"asyncify-boot","plugin":"advanced-category-excluder","details":"[25-May-2025 14:28:28 UTC] PHP Warning:  Trying to access array offset on value of type bool in /wordpress/wp-content/plugins/acme-divi-modules/admin/class-acme-divi-modules-admin.php on line 563","log":"/logs/plugins/a/advanced-category-excluder/error.json"}
,
{"message":"Function register_sidebar_widget is <strong>deprecated</strong> since version 2.8.0! Use wp_register_sidebar_widget() instead. in /wordpress/wp-includes/functions.php on line 6121","level":"DEPRECATED","type":"PHP","test":"asyncify-boot","plugin":"advanced-category-excluder","details":"[25-May-2025 14:29:56 UTC] PHP Deprecated:  Function register_sidebar_widget is <strong>deprecated</strong> since version 2.8.0! Use wp_register_sidebar_widget() instead. in /wordpress/wp-includes/functions.php on line 6121","log":"/logs/plugins/a/advanced-category-excluder/error.json"}
,
{"message":"Function register_widget_control is <strong>deprecated</strong> since version 2.8.0! Use wp_register_widget_control() instead. in /wordpress/wp-includes/functions.php on line 6121","level":"DEPRECATED","type":"PHP","test":"asyncify-boot","plugin":"advanced-category-excluder","details":"[25-May-2025 14:29:56 UTC] PHP Deprecated:  Function register_widget_control is <strong>deprecated</strong> since version 2.8.0! Use wp_register_widget_control() instead. in /wordpress/wp-includes/functions.php on line 6121","log":"/logs/plugins/a/advanced-category-excluder/error.json"}
,
{"message":"Function register_sidebar_widget is <strong>deprecated</strong> since version 2.8.0! Use wp_register_sidebar_widget() instead. in /wordpress/wp-includes/functions.php on line 6121","level":"DEPRECATED","type":"PHP","test":"asyncify-boot","plugin":"advanced-category-excluder","details":"[25-May-2025 14:30:05 UTC] PHP Deprecated:  Function register_sidebar_widget is <strong>deprecated</strong> since version 2.8.0! Use wp_register_sidebar_widget() instead. in /wordpress/wp-includes/functions.php on line 6121","log":"/logs/plugins/a/advanced-category-excluder/error.json"}
,
{"message":"Function register_widget_control is <strong>deprecated</strong> since version 2.8.0! Use wp_register_widget_control() instead. in /wordpress/wp-includes/functions.php on line 6121","level":"DEPRECATED","type":"PHP","test":"asyncify-boot","plugin":"advanced-category-excluder","details":"[25-May-2025 14:30:05 UTC] PHP Deprecated:  Function register_widget_control is <strong>deprecated</strong> since version 2.8.0! Use wp_register_widget_control() instead. in /wordpress/wp-includes/functions.php on line 6121","log":"/logs/plugins/a/advanced-category-excluder/error.json"}
,
{"message":"Function register_sidebar_widget is <strong>deprecated</strong> since version 2.8.0! Use wp_register_sidebar_widget() instead. in /wordpress/wp-includes/functions.php on line 6121","level":"DEPRECATED","type":"PHP","test":"asyncify-boot","plugin":"advanced-category-excluder","details":"[25-May-2025 14:30:13 UTC] PHP Deprecated:  Function register_sidebar_widget is <strong>deprecated</strong> since version 2.8.0! Use wp_register_sidebar_widget() instead. in /wordpress/wp-includes/functions.php on line 6121","log":"/logs/plugins/a/advanced-category-excluder/error.json"}
,
{"message":"Function register_widget_control is <strong>deprecated</strong> since version 2.8.0! Use wp_register_widget_control() instead. in /wordpress/wp-includes/functions.php on line 6121","level":"DEPRECATED","type":"PHP","test":"asyncify-boot","plugin":"advanced-category-excluder","details":"[25-May-2025 14:30:13 UTC] PHP Deprecated:  Function register_widget_control is <strong>deprecated</strong> since version 2.8.0! Use wp_register_widget_control() instead. in /wordpress/wp-includes/functions.php on line 6121","log":"/logs/plugins/a/advanced-category-excluder/error.json"}
,
{"message":"Uncaught Error: Call to undefined function get_home_path() in /wordpress/wp-content/plugins/advance-cash-on-delivery-for-woocommerce/includes/class-coderockz-wc-advance-cod-free-activator.php:39","level":"FATAL","type":"PHP","test":"asyncify-boot","plugin":"advanced-category-excluder","details":"[25-May-2025 14:30:48 UTC] PHP Fatal error:  Uncaught Error: Call to undefined function get_home_path() in /wordpress/wp-content/plugins/advance-cash-on-delivery-for-woocommerce/includes/class-coderockz-wc-advance-cod-free-activator.php:39\nStack trace:\n#0 /wordpress/wp-content/plugins/advance-cash-on-delivery-for-woocommerce/coderockz-wc-advance-cod-free.php(54): Coderockz_Wc_Advance_Cod_Free_Activator::activate()\n#1 /wordpress/wp-includes/class-wp-hook.php(324): activate_coderockz_wc_advance_cod_free(false)\n#2 /wordpress/wp-includes/class-wp-hook.php(348): WP_Hook->apply_filters('', Array)\n#3 /wordpress/wp-includes/plugin.php(517): WP_Hook->do_action(Array)\n#4 /wordpress/wp-admin/includes/plugin.php(703): do_action('activate_advanc...', false)\n#5 /internal/eval.php(20): activate_plugin('advance-cash-on...')\n#6 {main}\n  thrown in /wordpress/wp-content/plugins/advance-cash-on-delivery-for-woocommerce/includes/class-coderockz-wc-advance-cod-free-activator.php on line 39","log":"/logs/plugins/a/advanced-category-excluder/error.json"}
,
{"message":"Uncaught Error: Call to undefined function get_home_path() in /wordpress/wp-content/plugins/advance-cash-on-delivery-for-woocommerce/includes/class-coderockz-wc-advance-cod-free-activator.php:39","level":"FATAL","type":"PHP","test":"asyncify-boot","plugin":"advanced-category-excluder","details":"[25-May-2025 14:30:56 UTC] PHP Fatal error:  Uncaught Error: Call to undefined function get_home_path() in /wordpress/wp-content/plugins/advance-cash-on-delivery-for-woocommerce/includes/class-coderockz-wc-advance-cod-free-activator.php:39\nStack trace:\n#0 /wordpress/wp-content/plugins/advance-cash-on-delivery-for-woocommerce/coderockz-wc-advance-cod-free.php(54): Coderockz_Wc_Advance_Cod_Free_Activator::activate()\n#1 /wordpress/wp-includes/class-wp-hook.php(324): activate_coderockz_wc_advance_cod_free(false)\n#2 /wordpress/wp-includes/class-wp-hook.php(348): WP_Hook->apply_filters('', Array)\n#3 /wordpress/wp-includes/plugin.php(517): WP_Hook->do_action(Array)\n#4 /wordpress/wp-admin/includes/plugin.php(703): do_action('activate_advanc...', false)\n#5 /internal/eval.php(20): activate_plugin('advance-cash-on...')\n#6 {main}\n  thrown in /wordpress/wp-content/plugins/advance-cash-on-delivery-for-woocommerce/includes/class-coderockz-wc-advance-cod-free-activator.php on line 39","log":"/logs/plugins/a/advanced-category-excluder/error.json"}
,
{"message":"Uncaught Error: Call to undefined function get_home_path() in /wordpress/wp-content/plugins/advance-cash-on-delivery-for-woocommerce/includes/class-coderockz-wc-advance-cod-free-activator.php:39","level":"FATAL","type":"PHP","test":"asyncify-boot","plugin":"advanced-category-excluder","details":"[25-May-2025 14:31:03 UTC] PHP Fatal error:  Uncaught Error: Call to undefined function get_home_path() in /wordpress/wp-content/plugins/advance-cash-on-delivery-for-woocommerce/includes/class-coderockz-wc-advance-cod-free-activator.php:39\nStack trace:\n#0 /wordpress/wp-content/plugins/advance-cash-on-delivery-for-woocommerce/coderockz-wc-advance-cod-free.php(54): Coderockz_Wc_Advance_Cod_Free_Activator::activate()\n#1 /wordpress/wp-includes/class-wp-hook.php(324): activate_coderockz_wc_advance_cod_free(false)\n#2 /wordpress/wp-includes/class-wp-hook.php(348): WP_Hook->apply_filters('', Array)\n#3 /wordpress/wp-includes/plugin.php(517): WP_Hook->do_action(Array)\n#4 /wordpress/wp-admin/includes/plugin.php(703): do_action('activate_advanc...', false)\n#5 /internal/eval.php(20): activate_plugin('advance-cash-on...')\n#6 {main}\n  thrown in /wordpress/wp-content/plugins/advance-cash-on-delivery-for-woocommerce/includes/class-coderockz-wc-advance-cod-free-activator.php on line 39","log":"/logs/plugins/a/advanced-category-excluder/error.json"}
,
{"message":"Uncaught TypeError: call_user_func_array(): Argument #1 ($callback) must be a valid callback, non-static method AceRecentCommentsWidget::init() cannot be called statically in /wordpress/wp-includes/class-wp-hook.php:324","level":"FATAL","type":"PHP","test":"asyncify-boot","plugin":"advanced-category-excluder","details":"[25-May-2025 14:31:12 UTC] PHP Fatal error:  Uncaught TypeError: call_user_func_array(): Argument #1 ($callback) must be a valid callback, non-static method AceRecentCommentsWidget::init() cannot be called statically in /wordpress/wp-includes/class-wp-hook.php:324\nStack trace:\n#0 /wordpress/wp-includes/class-wp-hook.php(348): WP_Hook->apply_filters(NULL, Array)\n#1 /wordpress/wp-includes/plugin.php(517): WP_Hook->do_action(Array)\n#2 /wordpress/wp-includes/widgets.php(1870): do_action('widgets_init')\n#3 /wordpress/wp-includes/class-wp-hook.php(324): wp_widgets_init('')\n#4 /wordpress/wp-includes/class-wp-hook.php(348): WP_Hook->apply_filters(NULL, Array)\n#5 /wordpress/wp-includes/plugin.php(517): WP_Hook->do_action(Array)\n#6 /wordpress/wp-settings.php(727): do_action('init')\n#7 /wordpress/wp-config.php(102): require_once('/wordpress/wp-s...')\n#8 /wordpress/wp-load.php(50): require_once('/wordpress/wp-c...')\n#9 /internal/eval.php(3): require_once('/wordpress/wp-l...')\n#10 {main}\n  thrown in /wordpress/wp-includes/class-wp-hook.php on line 324","log":"/logs/plugins/a/advanced-category-excluder/error.json"}
,
{"message":"Uncaught TypeError: call_user_func_array(): Argument #1 ($callback) must be a valid callback, non-static method AceRecentCommentsWidget::init() cannot be called statically in /wordpress/wp-includes/class-wp-hook.php:324","level":"FATAL","type":"PHP","test":"asyncify-boot","plugin":"advanced-category-excluder","details":"[25-May-2025 14:31:20 UTC] PHP Fatal error:  Uncaught TypeError: call_user_func_array(): Argument #1 ($callback) must be a valid callback, non-static method AceRecentCommentsWidget::init() cannot be called statically in /wordpress/wp-includes/class-wp-hook.php:324\nStack trace:\n#0 /wordpress/wp-includes/class-wp-hook.php(348): WP_Hook->apply_filters(NULL, Array)\n#1 /wordpress/wp-includes/plugin.php(517): WP_Hook->do_action(Array)\n#2 /wordpress/wp-includes/widgets.php(1870): do_action('widgets_init')\n#3 /wordpress/wp-includes/class-wp-hook.php(324): wp_widgets_init('')\n#4 /wordpress/wp-includes/class-wp-hook.php(348): WP_Hook->apply_filters(NULL, Array)\n#5 /wordpress/wp-includes/plugin.php(517): WP_Hook->do_action(Array)\n#6 /wordpress/wp-settings.php(727): do_action('init')\n#7 /wordpress/wp-config.php(102): require_once('/wordpress/wp-s...')\n#8 /wordpress/wp-load.php(50): require_once('/wordpress/wp-c...')\n#9 /internal/eval.php(3): require_once('/wordpress/wp-l...')\n#10 {main}\n  thrown in /wordpress/wp-includes/class-wp-hook.php on line 324\n\n    at Object.onBind (file:///home/runner/work/playground-tester/playground-tester/node_modules/@wp-playground/cli/index.js:237:15)\n    at process.processTicksAndRejections (node:internal/process/task_queues:105:5)\n    at async V (file:///home/runner/work/playground-tester/playground-tester/node_modules/@wp-playground/cli/index.js:64:10)\n    at async ja (file:///home/runner/work/playground-tester/playground-tester/node_modules/@wp-playground/cli/cli.js:8161:12) {\n  [cause]: Error: Error when executing the blueprint step #1 ({\"step\":\"installPlugin\",\"pluginData\":{\"resource\":\"wordpress.org/plugins\",\"slug\":\"advanced-category-excluder\"},\"options\":{\"activate\":true}}) : PHP.run() failed with exit code 255 and the following output: \n      at Object.run (file:///home/runner/work/playground-tester/playground-tester/node_modules/@wp-playground/blueprints/index.js:12449:19)\n      at process.processTicksAndRejections (node:internal/process/task_queues:105:5)\n      at async ms (file:///home/runner/work/playground-tester/playground-tester/node_modules/@wp-playground/blueprints/index.js:12552:3)\n      ... 2 lines matching cause stack trace ...\n      at async ja (file:///home/runner/work/playground-tester/playground-tester/node_modules/@wp-playground/cli/cli.js:8161:12) {\n    [cause]: PHPExecutionFailureError: PHP.run() failed with exit code 255 and the following output: \n        at PHP.run (file:///home/runner/work/playground-tester/playground-tester/node_modules/@php-wasm/universal/index.js:987:19)\n        at process.processTicksAndRejections (node:internal/process/task_queues:105:5)\n        at async wr (file:///home/runner/work/playground-tester/playground-tester/node_modules/@wp-playground/blueprints/index.js:73:13)\n        at async Object.gt [as installPlugin] (file:///home/runner/work/playground-tester/playground-tester/node_modules/@wp-playground/blueprints/index.js:974:42)\n        at async g (file:///home/runner/work/playground-tester/playground-tester/node_modules/@wp-playground/blueprints/index.js:12517:30)\n        at async Object.run (file:///home/runner/work/playground-tester/playground-tester/node_modules/@wp-playground/blueprints/index.js:12446:23)\n        at async ms (file:///home/runner/work/playground-tester/playground-tester/node_modules/@wp-playground/blueprints/index.js:12552:3)\n        at async Object.onBind (file:///home/runner/work/playground-tester/playground-tester/node_modules/@wp-playground/cli/index.js:227:48)\n        at async V (file:///home/runner/work/playground-tester/playground-tester/node_modules/@wp-playground/cli/index.js:64:10)\n        at async ja (file:///home/runner/work/playground-tester/playground-tester/node_modules/@wp-playground/cli/cli.js:8161:12) {\n      response: PHPResponse {\n        httpStatusCode: 500,\n        headers: {\n          'x-powered-by': [ 'PHP/8.0.30-dev' ],\n          'content-type': [ 'text/html; charset=UTF-8' ],\n          expires: [ 'Wed, 11 Jan 1984 05:00:00 GMT' ],\n          'cache-control': [ 'no-cache, must-revalidate, max-age=0, no-store, private' ]\n        },\n        bytes: Uint8Array(2653) [\n           60,  33,  68,  79,  67,  84,  89,  80,  69,  32, 104, 116,\n          109, 108,  62,  10,  60, 104, 116, 109, 108,  32, 108,  97,\n          110, 103,  61,  34, 101, 110,  45,  85,  83,  34,  62,  10,\n           60, 104, 101,  97, 100,  62,  10,   9,  60, 109, 101, 116,\n           97,  32, 104, 116, 116, 112,  45, 101, 113, 117, 105, 118,\n           61,  34,  67, 111, 110, 116, 101, 110, 116,  45,  84, 121,\n          112, 101,  34,  32,  99, 111, 110, 116, 101, 110, 116,  61,\n           34, 116, 101, 120, 116,  47, 104, 116, 109, 108,  59,  32,\n           99, 104,  97, 114,\n          ... 2553 more items\n        ],\n        exitCode: 255,\n        errors: ''\n      },\n      source: 'request'\n    }\n  }\n}\n\n","log":"/logs/plugins/a/advanced-category-excluder/error.json"}
]
