[
{"message":"file:///home/runner/work/playground-tester/playground-tester/node_modules/@wp-playground/cli/index.js:237\n        throw new Error(y, { cause: u });\n              ^\n","level":"FATAL","type":"PLAYGROUND","test":"jspi-boot","plugin":"wp-gift-cert","details":"file:///home/runner/work/playground-tester/playground-tester/node_modules/@wp-playground/cli/index.js:237\n        throw new Error(y, { cause: u });\n              ^\n","log":"/tmp/tmp.oQSZFCEvyj"}
,
{"message":"Function _load_textdomain_just_in_time was called <strong>incorrectly</strong>. Translation loading for the <code>woocommerce</code> domain was triggered too early. This is usually an indicator for some code in the plugin or theme running too early. Translations should be loaded at the <code>init</code> action or later. Please see <a href=\"https://developer.wordpress.org/advanced-administration/debug/debug-wordpress/\">Debugging in WordPress</a> for more information. (This message was added in version 6.7.0.) in /wordpress/wp-includes/functions.php on line 6121","level":"NOTICE","type":"PHP","test":"jspi-boot","plugin":"wp-gift-cert","details":"[15-Apr-2025 17:26:10 UTC] PHP Notice:  Function _load_textdomain_just_in_time was called <strong>incorrectly</strong>. Translation loading for the <code>woocommerce</code> domain was triggered too early. This is usually an indicator for some code in the plugin or theme running too early. Translations should be loaded at the <code>init</code> action or later. Please see <a href=\"https://developer.wordpress.org/advanced-administration/debug/debug-wordpress/\">Debugging in WordPress</a> for more information. (This message was added in version 6.7.0.) in /wordpress/wp-includes/functions.php on line 6121","log":"/logs/plugins/w/wp-gift-cert/error.json"}
,
{"message":"Function _load_textdomain_just_in_time was called <strong>incorrectly</strong>. Translation loading for the <code>woocommerce</code> domain was triggered too early. This is usually an indicator for some code in the plugin or theme running too early. Translations should be loaded at the <code>init</code> action or later. Please see <a href=\"https://developer.wordpress.org/advanced-administration/debug/debug-wordpress/\">Debugging in WordPress</a> for more information. (This message was added in version 6.7.0.) in /wordpress/wp-includes/functions.php on line 6121","level":"NOTICE","type":"PHP","test":"jspi-boot","plugin":"wp-gift-cert","details":"[15-Apr-2025 17:26:52 UTC] PHP Notice:  Function _load_textdomain_just_in_time was called <strong>incorrectly</strong>. Translation loading for the <code>woocommerce</code> domain was triggered too early. This is usually an indicator for some code in the plugin or theme running too early. Translations should be loaded at the <code>init</code> action or later. Please see <a href=\"https://developer.wordpress.org/advanced-administration/debug/debug-wordpress/\">Debugging in WordPress</a> for more information. (This message was added in version 6.7.0.) in /wordpress/wp-includes/functions.php on line 6121","log":"/logs/plugins/w/wp-gift-cert/error.json"}
,
{"message":"Function _load_textdomain_just_in_time was called <strong>incorrectly</strong>. Translation loading for the <code>woocommerce</code> domain was triggered too early. This is usually an indicator for some code in the plugin or theme running too early. Translations should be loaded at the <code>init</code> action or later. Please see <a href=\"https://developer.wordpress.org/advanced-administration/debug/debug-wordpress/\">Debugging in WordPress</a> for more information. (This message was added in version 6.7.0.) in /wordpress/wp-includes/functions.php on line 6121","level":"NOTICE","type":"PHP","test":"jspi-boot","plugin":"wp-gift-cert","details":"[15-Apr-2025 17:27:36 UTC] PHP Notice:  Function _load_textdomain_just_in_time was called <strong>incorrectly</strong>. Translation loading for the <code>woocommerce</code> domain was triggered too early. This is usually an indicator for some code in the plugin or theme running too early. Translations should be loaded at the <code>init</code> action or later. Please see <a href=\"https://developer.wordpress.org/advanced-administration/debug/debug-wordpress/\">Debugging in WordPress</a> for more information. (This message was added in version 6.7.0.) in /wordpress/wp-includes/functions.php on line 6121","log":"/logs/plugins/w/wp-gift-cert/error.json"}
,
{"message":"Undefined variable $Base_name in /wordpress/wp-content/plugins/wp-auto-backup/Data.php on line 47","level":"WARNING","type":"PHP","test":"jspi-boot","plugin":"wp-gift-cert","details":"[15-Apr-2025 17:27:54 UTC] PHP Warning:  Undefined variable $Base_name in /wordpress/wp-content/plugins/wp-auto-backup/Data.php on line 47","log":"/logs/plugins/w/wp-gift-cert/error.json"}
,
{"message":"Uncaught PDOException: SQLSTATE[HY000] [2002] Address family not supported by protocol in /wordpress/wp-content/plugins/wp-auto-backup/Store.class.php:16","level":"FATAL","type":"PHP","test":"jspi-boot","plugin":"wp-gift-cert","details":"[15-Apr-2025 17:27:55 UTC] PHP Fatal error:  Uncaught PDOException: SQLSTATE[HY000] [2002] Address family not supported by protocol in /wordpress/wp-content/plugins/wp-auto-backup/Store.class.php:16\nStack trace:\n#0 /wordpress/wp-content/plugins/wp-auto-backup/Store.class.php(16): PDO->__construct('mysql:host=;dbn...', '', '')\n#1 /wordpress/wp-content/plugins/wp-auto-backup/Store.class.php(44): dj_store->Open_DataBase()\n#2 /wordpress/wp-content/plugins/wp-auto-backup/Database_Backup.php(361): dj_store->Sql_Operation_WR('\\nCREATE TABLE I...')\n#3 /wordpress/wp-content/plugins/wp-auto-backup/Main.php(61): dj_operation->Create_BackUp_Table()\n#4 /wordpress/wp-includes/class-wp-hook.php(324): dj_databases_backup->create_options_table('')\n#5 /wordpress/wp-includes/class-wp-hook.php(348): WP_Hook->apply_filters(NULL, Array)\n#6 /wordpress/wp-includes/plugin.php(517): WP_Hook->do_action(Array)\n#7 /wordpress/wp-settings.php(727): do_action('init')\n#8 /wordpress/wp-config.php(102): require_once('/wordpress/wp-s...')\n#9 /wordpress/wp-load.php(50): require_once('/wordpress/wp-c...')\n#10 /internal/eval.php(3): require_once('/wordpress/wp-l...')\n#11 {main}\n  thrown in /wordpress/wp-content/plugins/wp-auto-backup/Store.class.php on line 16","log":"/logs/plugins/w/wp-gift-cert/error.json"}
,
{"message":"Undefined variable $Base_name in /wordpress/wp-content/plugins/wp-auto-backup/Data.php on line 47","level":"WARNING","type":"PHP","test":"jspi-boot","plugin":"wp-gift-cert","details":"[15-Apr-2025 17:28:04 UTC] PHP Warning:  Undefined variable $Base_name in /wordpress/wp-content/plugins/wp-auto-backup/Data.php on line 47","log":"/logs/plugins/w/wp-gift-cert/error.json"}
,
{"message":"Uncaught PDOException: SQLSTATE[HY000] [2002] Address family not supported by protocol in /wordpress/wp-content/plugins/wp-auto-backup/Store.class.php:16","level":"FATAL","type":"PHP","test":"jspi-boot","plugin":"wp-gift-cert","details":"[15-Apr-2025 17:28:05 UTC] PHP Fatal error:  Uncaught PDOException: SQLSTATE[HY000] [2002] Address family not supported by protocol in /wordpress/wp-content/plugins/wp-auto-backup/Store.class.php:16\nStack trace:\n#0 /wordpress/wp-content/plugins/wp-auto-backup/Store.class.php(16): PDO->__construct('mysql:host=;dbn...', '', '')\n#1 /wordpress/wp-content/plugins/wp-auto-backup/Store.class.php(44): dj_store->Open_DataBase()\n#2 /wordpress/wp-content/plugins/wp-auto-backup/Database_Backup.php(361): dj_store->Sql_Operation_WR('\\nCREATE TABLE I...')\n#3 /wordpress/wp-content/plugins/wp-auto-backup/Main.php(61): dj_operation->Create_BackUp_Table()\n#4 /wordpress/wp-includes/class-wp-hook.php(324): dj_databases_backup->create_options_table('')\n#5 /wordpress/wp-includes/class-wp-hook.php(348): WP_Hook->apply_filters(NULL, Array)\n#6 /wordpress/wp-includes/plugin.php(517): WP_Hook->do_action(Array)\n#7 /wordpress/wp-settings.php(727): do_action('init')\n#8 /wordpress/wp-config.php(102): require_once('/wordpress/wp-s...')\n#9 /wordpress/wp-load.php(50): require_once('/wordpress/wp-c...')\n#10 /internal/eval.php(3): require_once('/wordpress/wp-l...')\n#11 {main}\n  thrown in /wordpress/wp-content/plugins/wp-auto-backup/Store.class.php on line 16","log":"/logs/plugins/w/wp-gift-cert/error.json"}
,
{"message":"Undefined variable $Base_name in /wordpress/wp-content/plugins/wp-auto-backup/Data.php on line 47","level":"WARNING","type":"PHP","test":"jspi-boot","plugin":"wp-gift-cert","details":"[15-Apr-2025 17:28:13 UTC] PHP Warning:  Undefined variable $Base_name in /wordpress/wp-content/plugins/wp-auto-backup/Data.php on line 47","log":"/logs/plugins/w/wp-gift-cert/error.json"}
,
{"message":"Uncaught PDOException: SQLSTATE[HY000] [2002] Address family not supported by protocol in /wordpress/wp-content/plugins/wp-auto-backup/Store.class.php:16","level":"FATAL","type":"PHP","test":"jspi-boot","plugin":"wp-gift-cert","details":"[15-Apr-2025 17:28:15 UTC] PHP Fatal error:  Uncaught PDOException: SQLSTATE[HY000] [2002] Address family not supported by protocol in /wordpress/wp-content/plugins/wp-auto-backup/Store.class.php:16\nStack trace:\n#0 /wordpress/wp-content/plugins/wp-auto-backup/Store.class.php(16): PDO->__construct('mysql:host=;dbn...', '', '')\n#1 /wordpress/wp-content/plugins/wp-auto-backup/Store.class.php(44): dj_store->Open_DataBase()\n#2 /wordpress/wp-content/plugins/wp-auto-backup/Database_Backup.php(361): dj_store->Sql_Operation_WR('\\nCREATE TABLE I...')\n#3 /wordpress/wp-content/plugins/wp-auto-backup/Main.php(61): dj_operation->Create_BackUp_Table()\n#4 /wordpress/wp-includes/class-wp-hook.php(324): dj_databases_backup->create_options_table('')\n#5 /wordpress/wp-includes/class-wp-hook.php(348): WP_Hook->apply_filters(NULL, Array)\n#6 /wordpress/wp-includes/plugin.php(517): WP_Hook->do_action(Array)\n#7 /wordpress/wp-settings.php(727): do_action('init')\n#8 /wordpress/wp-config.php(102): require_once('/wordpress/wp-s...')\n#9 /wordpress/wp-load.php(50): require_once('/wordpress/wp-c...')\n#10 /internal/eval.php(3): require_once('/wordpress/wp-l...')\n#11 {main}\n  thrown in /wordpress/wp-content/plugins/wp-auto-backup/Store.class.php on line 16","log":"/logs/plugins/w/wp-gift-cert/error.json"}
,
{"message":"\"continue\" targeting switch is equivalent to \"break\". Did you mean to use \"continue 2\"? in /wordpress/wp-content/plugins/wp-ecommerce-compare-products/admin/admin-interface.php on line 243","level":"WARNING","type":"PHP","test":"jspi-boot","plugin":"wp-gift-cert","details":"[15-Apr-2025 17:28:53 UTC] PHP Warning:  \"continue\" targeting switch is equivalent to \"break\". Did you mean to use \"continue 2\"? in /wordpress/wp-content/plugins/wp-ecommerce-compare-products/admin/admin-interface.php on line 243","log":"/logs/plugins/w/wp-gift-cert/error.json"}
,
{"message":"Uncaught Error: Call to undefined function create_function() in /wordpress/wp-content/plugins/wp-ecommerce-compare-products/widget/class-compare_widget.php:6","level":"FATAL","type":"PHP","test":"jspi-boot","plugin":"wp-gift-cert","details":"[15-Apr-2025 17:28:53 UTC] PHP Fatal error:  Uncaught Error: Call to undefined function create_function() in /wordpress/wp-content/plugins/wp-ecommerce-compare-products/widget/class-compare_widget.php:6\nStack trace:\n#0 /wordpress/wp-content/plugins/wp-ecommerce-compare-products/compare_products.php(66): include()\n#1 /wordpress/wp-admin/includes/plugin.php(2387): include_once('/wordpress/wp-c...')\n#2 /wordpress/wp-admin/includes/plugin.php(673): plugin_sandbox_scrape('wp-ecommerce-co...')\n#3 /internal/eval.php(20): activate_plugin('wp-ecommerce-co...')\n#4 {main}\n  thrown in /wordpress/wp-content/plugins/wp-ecommerce-compare-products/widget/class-compare_widget.php on line 6","log":"/logs/plugins/w/wp-gift-cert/error.json"}
,
{"message":"\"continue\" targeting switch is equivalent to \"break\". Did you mean to use \"continue 2\"? in /wordpress/wp-content/plugins/wp-ecommerce-compare-products/admin/admin-interface.php on line 243","level":"WARNING","type":"PHP","test":"jspi-boot","plugin":"wp-gift-cert","details":"[15-Apr-2025 17:29:02 UTC] PHP Warning:  \"continue\" targeting switch is equivalent to \"break\". Did you mean to use \"continue 2\"? in /wordpress/wp-content/plugins/wp-ecommerce-compare-products/admin/admin-interface.php on line 243","log":"/logs/plugins/w/wp-gift-cert/error.json"}
,
{"message":"Uncaught Error: Call to undefined function create_function() in /wordpress/wp-content/plugins/wp-ecommerce-compare-products/widget/class-compare_widget.php:6","level":"FATAL","type":"PHP","test":"jspi-boot","plugin":"wp-gift-cert","details":"[15-Apr-2025 17:29:02 UTC] PHP Fatal error:  Uncaught Error: Call to undefined function create_function() in /wordpress/wp-content/plugins/wp-ecommerce-compare-products/widget/class-compare_widget.php:6\nStack trace:\n#0 /wordpress/wp-content/plugins/wp-ecommerce-compare-products/compare_products.php(66): include()\n#1 /wordpress/wp-admin/includes/plugin.php(2387): include_once('/wordpress/wp-c...')\n#2 /wordpress/wp-admin/includes/plugin.php(673): plugin_sandbox_scrape('wp-ecommerce-co...')\n#3 /internal/eval.php(20): activate_plugin('wp-ecommerce-co...')\n#4 {main}\n  thrown in /wordpress/wp-content/plugins/wp-ecommerce-compare-products/widget/class-compare_widget.php on line 6","log":"/logs/plugins/w/wp-gift-cert/error.json"}
,
{"message":"\"continue\" targeting switch is equivalent to \"break\". Did you mean to use \"continue 2\"? in /wordpress/wp-content/plugins/wp-ecommerce-compare-products/admin/admin-interface.php on line 243","level":"WARNING","type":"PHP","test":"jspi-boot","plugin":"wp-gift-cert","details":"[15-Apr-2025 17:29:10 UTC] PHP Warning:  \"continue\" targeting switch is equivalent to \"break\". Did you mean to use \"continue 2\"? in /wordpress/wp-content/plugins/wp-ecommerce-compare-products/admin/admin-interface.php on line 243","log":"/logs/plugins/w/wp-gift-cert/error.json"}
,
{"message":"Uncaught Error: Call to undefined function create_function() in /wordpress/wp-content/plugins/wp-ecommerce-compare-products/widget/class-compare_widget.php:6","level":"FATAL","type":"PHP","test":"jspi-boot","plugin":"wp-gift-cert","details":"[15-Apr-2025 17:29:10 UTC] PHP Fatal error:  Uncaught Error: Call to undefined function create_function() in /wordpress/wp-content/plugins/wp-ecommerce-compare-products/widget/class-compare_widget.php:6\nStack trace:\n#0 /wordpress/wp-content/plugins/wp-ecommerce-compare-products/compare_products.php(66): include()\n#1 /wordpress/wp-admin/includes/plugin.php(2387): include_once('/wordpress/wp-c...')\n#2 /wordpress/wp-admin/includes/plugin.php(673): plugin_sandbox_scrape('wp-ecommerce-co...')\n#3 /internal/eval.php(20): activate_plugin('wp-ecommerce-co...')\n#4 {main}\n  thrown in /wordpress/wp-content/plugins/wp-ecommerce-compare-products/widget/class-compare_widget.php on line 6","log":"/logs/plugins/w/wp-gift-cert/error.json"}
,
{"message":"Uncaught Error: Undefined constant \"wpgft_eval_PostData\" in /wordpress/wp-content/plugins/wp-gift-cert/wpgft-loader.php:414","level":"FATAL","type":"PHP","test":"jspi-boot","plugin":"wp-gift-cert","details":"[15-Apr-2025 17:29:19 UTC] PHP Fatal error:  Uncaught Error: Undefined constant \"wpgft_eval_PostData\" in /wordpress/wp-content/plugins/wp-gift-cert/wpgft-loader.php:414\nStack trace:\n#0 /wordpress/wp-content/plugins/wp-gift-cert/wpgft.php(38): require_once()\n#1 /wordpress/wp-admin/includes/plugin.php(2387): include_once('/wordpress/wp-c...')\n#2 /wordpress/wp-admin/includes/plugin.php(673): plugin_sandbox_scrape('wp-gift-cert/wp...')\n#3 /internal/eval.php(20): activate_plugin('wp-gift-cert/wp...')\n#4 {main}\n  thrown in /wordpress/wp-content/plugins/wp-gift-cert/wpgft-loader.php on line 414","log":"/logs/plugins/w/wp-gift-cert/error.json"}
,
{"message":"Uncaught Error: Undefined constant \"wpgft_eval_PostData\" in /wordpress/wp-content/plugins/wp-gift-cert/wpgft-loader.php:414","level":"FATAL","type":"PHP","test":"jspi-boot","plugin":"wp-gift-cert","details":"[15-Apr-2025 17:29:27 UTC] PHP Fatal error:  Uncaught Error: Undefined constant \"wpgft_eval_PostData\" in /wordpress/wp-content/plugins/wp-gift-cert/wpgft-loader.php:414\nStack trace:\n#0 /wordpress/wp-content/plugins/wp-gift-cert/wpgft.php(38): require_once()\n#1 /wordpress/wp-admin/includes/plugin.php(2387): include_once('/wordpress/wp-c...')\n#2 /wordpress/wp-admin/includes/plugin.php(673): plugin_sandbox_scrape('wp-gift-cert/wp...')\n#3 /internal/eval.php(20): activate_plugin('wp-gift-cert/wp...')\n#4 {main}\n  thrown in /wordpress/wp-content/plugins/wp-gift-cert/wpgft-loader.php on line 414","log":"/logs/plugins/w/wp-gift-cert/error.json"}
,
{"message":"Uncaught Error: Undefined constant \"wpgft_eval_PostData\" in /wordpress/wp-content/plugins/wp-gift-cert/wpgft-loader.php:414","level":"FATAL","type":"PHP","test":"jspi-boot","plugin":"wp-gift-cert","details":"[15-Apr-2025 17:29:35 UTC] PHP Fatal error:  Uncaught Error: Undefined constant \"wpgft_eval_PostData\" in /wordpress/wp-content/plugins/wp-gift-cert/wpgft-loader.php:414\nStack trace:\n#0 /wordpress/wp-content/plugins/wp-gift-cert/wpgft.php(38): require_once()\n#1 /wordpress/wp-admin/includes/plugin.php(2387): include_once('/wordpress/wp-c...')\n#2 /wordpress/wp-admin/includes/plugin.php(673): plugin_sandbox_scrape('wp-gift-cert/wp...')\n#3 /internal/eval.php(20): activate_plugin('wp-gift-cert/wp...')\n#4 {main}\n  thrown in /wordpress/wp-content/plugins/wp-gift-cert/wpgft-loader.php on line 414\n\n    at Object.onBind (file:///home/runner/work/playground-tester/playground-tester/node_modules/@wp-playground/cli/index.js:237:15)\n    at process.processTicksAndRejections (node:internal/process/task_queues:105:5)\n    at async V (file:///home/runner/work/playground-tester/playground-tester/node_modules/@wp-playground/cli/index.js:64:10)\n    at async ja (file:///home/runner/work/playground-tester/playground-tester/node_modules/@wp-playground/cli/cli.js:8161:12) {\n  [cause]: Error: Error when executing the blueprint step #1 ({\"step\":\"installPlugin\",\"pluginData\":{\"resource\":\"wordpress.org/plugins\",\"slug\":\"wp-gift-cert\"},\"options\":{\"activate\":true}}) : PHP.run() failed with exit code 255 and the following output: \n      at Object.run (file:///home/runner/work/playground-tester/playground-tester/node_modules/@wp-playground/blueprints/index.js:12449:19)\n      at process.processTicksAndRejections (node:internal/process/task_queues:105:5)\n      at async ms (file:///home/runner/work/playground-tester/playground-tester/node_modules/@wp-playground/blueprints/index.js:12552:3)\n      ... 2 lines matching cause stack trace ...\n      at async ja (file:///home/runner/work/playground-tester/playground-tester/node_modules/@wp-playground/cli/cli.js:8161:12) {\n    [cause]: PHPExecutionFailureError: PHP.run() failed with exit code 255 and the following output: \n        at PHP.run (file:///home/runner/work/playground-tester/playground-tester/node_modules/@php-wasm/universal/index.js:987:19)\n        at process.processTicksAndRejections (node:internal/process/task_queues:105:5)\n        at async wr (file:///home/runner/work/playground-tester/playground-tester/node_modules/@wp-playground/blueprints/index.js:33:39)\n        at async Object.gt [as installPlugin] (file:///home/runner/work/playground-tester/playground-tester/node_modules/@wp-playground/blueprints/index.js:974:42)\n        at async g (file:///home/runner/work/playground-tester/playground-tester/node_modules/@wp-playground/blueprints/index.js:12517:30)\n        at async Object.run (file:///home/runner/work/playground-tester/playground-tester/node_modules/@wp-playground/blueprints/index.js:12446:23)\n        at async ms (file:///home/runner/work/playground-tester/playground-tester/node_modules/@wp-playground/blueprints/index.js:12552:3)\n        at async Object.onBind (file:///home/runner/work/playground-tester/playground-tester/node_modules/@wp-playground/cli/index.js:227:48)\n        at async V (file:///home/runner/work/playground-tester/playground-tester/node_modules/@wp-playground/cli/index.js:64:10)\n        at async ja (file:///home/runner/work/playground-tester/playground-tester/node_modules/@wp-playground/cli/cli.js:8161:12) {\n      response: PHPResponse {\n        httpStatusCode: 500,\n        headers: {\n          'x-powered-by': [ 'PHP/8.0.30-dev' ],\n          'content-type': [ 'text/html; charset=UTF-8' ]\n        },\n        bytes: Uint8Array(0) [],\n        exitCode: 255,\n        errors: ''\n      },\n      source: 'request'\n    }\n  }\n}\n\n","log":"/logs/plugins/w/wp-gift-cert/error.json"}
]
