[
{"message":"file:///home/runner/work/playground-tester/playground-tester/node_modules/@wp-playground/cli/index.js:237\n        throw new Error(y, { cause: u });\n              ^\n","level":"FATAL","type":"PLAYGROUND","test":"jspi-boot","plugin":"kapost-community-publishing","details":"file:///home/runner/work/playground-tester/playground-tester/node_modules/@wp-playground/cli/index.js:237\n        throw new Error(y, { cause: u });\n              ^\n","log":"/tmp/tmp.6LmERdIZi9"}
,
{"message":"Trying to access array offset on value of type bool in /wordpress/wp-content/plugins/jwt-ssolo/jwtlogin.php on line 257","level":"WARNING","type":"PHP","test":"jspi-boot","plugin":"kapost-community-publishing","details":"[08-May-2025 18:57:11 UTC] PHP Warning:  Trying to access array offset on value of type bool in /wordpress/wp-content/plugins/jwt-ssolo/jwtlogin.php on line 257","log":"/logs/plugins/k/kapost-community-publishing/error.json"}
,
{"message":"Trying to access array offset on value of type bool in /wordpress/wp-content/plugins/jwt-ssolo/jwtlogin.php on line 258","level":"WARNING","type":"PHP","test":"jspi-boot","plugin":"kapost-community-publishing","details":"[08-May-2025 18:57:11 UTC] PHP Warning:  Trying to access array offset on value of type bool in /wordpress/wp-content/plugins/jwt-ssolo/jwtlogin.php on line 258","log":"/logs/plugins/k/kapost-community-publishing/error.json"}
,
{"message":"Trying to access array offset on value of type bool in /wordpress/wp-content/plugins/jwt-ssolo/jwtlogin.php on line 257","level":"WARNING","type":"PHP","test":"jspi-boot","plugin":"kapost-community-publishing","details":"[08-May-2025 18:57:19 UTC] PHP Warning:  Trying to access array offset on value of type bool in /wordpress/wp-content/plugins/jwt-ssolo/jwtlogin.php on line 257","log":"/logs/plugins/k/kapost-community-publishing/error.json"}
,
{"message":"Trying to access array offset on value of type bool in /wordpress/wp-content/plugins/jwt-ssolo/jwtlogin.php on line 258","level":"WARNING","type":"PHP","test":"jspi-boot","plugin":"kapost-community-publishing","details":"[08-May-2025 18:57:19 UTC] PHP Warning:  Trying to access array offset on value of type bool in /wordpress/wp-content/plugins/jwt-ssolo/jwtlogin.php on line 258","log":"/logs/plugins/k/kapost-community-publishing/error.json"}
,
{"message":"Trying to access array offset on value of type bool in /wordpress/wp-content/plugins/jwt-ssolo/jwtlogin.php on line 257","level":"WARNING","type":"PHP","test":"jspi-boot","plugin":"kapost-community-publishing","details":"[08-May-2025 18:57:28 UTC] PHP Warning:  Trying to access array offset on value of type bool in /wordpress/wp-content/plugins/jwt-ssolo/jwtlogin.php on line 257","log":"/logs/plugins/k/kapost-community-publishing/error.json"}
,
{"message":"Trying to access array offset on value of type bool in /wordpress/wp-content/plugins/jwt-ssolo/jwtlogin.php on line 258","level":"WARNING","type":"PHP","test":"jspi-boot","plugin":"kapost-community-publishing","details":"[08-May-2025 18:57:28 UTC] PHP Warning:  Trying to access array offset on value of type bool in /wordpress/wp-content/plugins/jwt-ssolo/jwtlogin.php on line 258","log":"/logs/plugins/k/kapost-community-publishing/error.json"}
,
{"message":"Function load_plugin_textdomain was called with an argument that is <strong>deprecated</strong> since version 2.7.0 with no alternative available. in /wordpress/wp-includes/functions.php on line 6121","level":"DEPRECATED","type":"PHP","test":"jspi-boot","plugin":"kapost-community-publishing","details":"[08-May-2025 19:00:10 UTC] PHP Deprecated:  Function load_plugin_textdomain was called with an argument that is <strong>deprecated</strong> since version 2.7.0 with no alternative available. in /wordpress/wp-includes/functions.php on line 6121","log":"/logs/plugins/k/kapost-community-publishing/error.json"}
,
{"message":"Function load_plugin_textdomain was called with an argument that is <strong>deprecated</strong> since version 2.7.0 with no alternative available. in /wordpress/wp-includes/functions.php on line 6121","level":"DEPRECATED","type":"PHP","test":"jspi-boot","plugin":"kapost-community-publishing","details":"[08-May-2025 19:00:19 UTC] PHP Deprecated:  Function load_plugin_textdomain was called with an argument that is <strong>deprecated</strong> since version 2.7.0 with no alternative available. in /wordpress/wp-includes/functions.php on line 6121","log":"/logs/plugins/k/kapost-community-publishing/error.json"}
,
{"message":"Function load_plugin_textdomain was called with an argument that is <strong>deprecated</strong> since version 2.7.0 with no alternative available. in /wordpress/wp-includes/functions.php on line 6121","level":"DEPRECATED","type":"PHP","test":"jspi-boot","plugin":"kapost-community-publishing","details":"[08-May-2025 19:00:28 UTC] PHP Deprecated:  Function load_plugin_textdomain was called with an argument that is <strong>deprecated</strong> since version 2.7.0 with no alternative available. in /wordpress/wp-includes/functions.php on line 6121","log":"/logs/plugins/k/kapost-community-publishing/error.json"}
,
{"message":"Uncaught Error: Undefined constant \"ti_permalink\" in /wordpress/wp-content/plugins/kaimbo-semantic-search/design.php:4","level":"FATAL","type":"PHP","test":"jspi-boot","plugin":"kapost-community-publishing","details":"[08-May-2025 19:02:00 UTC] PHP Fatal error:  Uncaught Error: Undefined constant \"ti_permalink\" in /wordpress/wp-content/plugins/kaimbo-semantic-search/design.php:4\nStack trace:\n#0 /wordpress/wp-content/plugins/kaimbo-semantic-search/kaimbo.php(41): include()\n#1 /wordpress/wp-admin/includes/plugin.php(2387): include_once('/wordpress/wp-c...')\n#2 /wordpress/wp-admin/includes/plugin.php(673): plugin_sandbox_scrape('kaimbo-semantic...')\n#3 /internal/eval.php(20): activate_plugin('kaimbo-semantic...')\n#4 {main}\n  thrown in /wordpress/wp-content/plugins/kaimbo-semantic-search/design.php on line 4","log":"/logs/plugins/k/kapost-community-publishing/error.json"}
,
{"message":"Uncaught Error: Undefined constant \"ti_permalink\" in /wordpress/wp-content/plugins/kaimbo-semantic-search/design.php:4","level":"FATAL","type":"PHP","test":"jspi-boot","plugin":"kapost-community-publishing","details":"[08-May-2025 19:02:10 UTC] PHP Fatal error:  Uncaught Error: Undefined constant \"ti_permalink\" in /wordpress/wp-content/plugins/kaimbo-semantic-search/design.php:4\nStack trace:\n#0 /wordpress/wp-content/plugins/kaimbo-semantic-search/kaimbo.php(41): include()\n#1 /wordpress/wp-admin/includes/plugin.php(2387): include_once('/wordpress/wp-c...')\n#2 /wordpress/wp-admin/includes/plugin.php(673): plugin_sandbox_scrape('kaimbo-semantic...')\n#3 /internal/eval.php(20): activate_plugin('kaimbo-semantic...')\n#4 {main}\n  thrown in /wordpress/wp-content/plugins/kaimbo-semantic-search/design.php on line 4","log":"/logs/plugins/k/kapost-community-publishing/error.json"}
,
{"message":"Uncaught Error: Undefined constant \"ti_permalink\" in /wordpress/wp-content/plugins/kaimbo-semantic-search/design.php:4","level":"FATAL","type":"PHP","test":"jspi-boot","plugin":"kapost-community-publishing","details":"[08-May-2025 19:02:19 UTC] PHP Fatal error:  Uncaught Error: Undefined constant \"ti_permalink\" in /wordpress/wp-content/plugins/kaimbo-semantic-search/design.php:4\nStack trace:\n#0 /wordpress/wp-content/plugins/kaimbo-semantic-search/kaimbo.php(41): include()\n#1 /wordpress/wp-admin/includes/plugin.php(2387): include_once('/wordpress/wp-c...')\n#2 /wordpress/wp-admin/includes/plugin.php(673): plugin_sandbox_scrape('kaimbo-semantic...')\n#3 /internal/eval.php(20): activate_plugin('kaimbo-semantic...')\n#4 {main}\n  thrown in /wordpress/wp-content/plugins/kaimbo-semantic-search/design.php on line 4","log":"/logs/plugins/k/kapost-community-publishing/error.json"}
,
{"message":"Trying to access array offset on value of type bool in /wordpress/wp-content/plugins/kalimah-shortcodes/kalimah-shortcodes.php on line 88","level":"WARNING","type":"PHP","test":"jspi-boot","plugin":"kapost-community-publishing","details":"[08-May-2025 19:03:26 UTC] PHP Warning:  Trying to access array offset on value of type bool in /wordpress/wp-content/plugins/kalimah-shortcodes/kalimah-shortcodes.php on line 88","log":"/logs/plugins/k/kapost-community-publishing/error.json"}
,
{"message":"Trying to access array offset on value of type null in /wordpress/wp-content/plugins/kalimah-shortcodes/kalimah-shortcodes.php on line 88","level":"WARNING","type":"PHP","test":"jspi-boot","plugin":"kapost-community-publishing","details":"[08-May-2025 19:03:26 UTC] PHP Warning:  Trying to access array offset on value of type null in /wordpress/wp-content/plugins/kalimah-shortcodes/kalimah-shortcodes.php on line 88","log":"/logs/plugins/k/kapost-community-publishing/error.json"}
,
{"message":"Trying to access array offset on value of type bool in /wordpress/wp-content/plugins/kalimah-shortcodes/kalimah-shortcodes.php on line 88","level":"WARNING","type":"PHP","test":"jspi-boot","plugin":"kapost-community-publishing","details":"[08-May-2025 19:03:27 UTC] PHP Warning:  Trying to access array offset on value of type bool in /wordpress/wp-content/plugins/kalimah-shortcodes/kalimah-shortcodes.php on line 88","log":"/logs/plugins/k/kapost-community-publishing/error.json"}
,
{"message":"Trying to access array offset on value of type null in /wordpress/wp-content/plugins/kalimah-shortcodes/kalimah-shortcodes.php on line 88","level":"WARNING","type":"PHP","test":"jspi-boot","plugin":"kapost-community-publishing","details":"[08-May-2025 19:03:27 UTC] PHP Warning:  Trying to access array offset on value of type null in /wordpress/wp-content/plugins/kalimah-shortcodes/kalimah-shortcodes.php on line 88","log":"/logs/plugins/k/kapost-community-publishing/error.json"}
,
{"message":"Trying to access array offset on value of type bool in /wordpress/wp-content/plugins/kalimah-shortcodes/kalimah-shortcodes.php on line 88","level":"WARNING","type":"PHP","test":"jspi-boot","plugin":"kapost-community-publishing","details":"[08-May-2025 19:03:36 UTC] PHP Warning:  Trying to access array offset on value of type bool in /wordpress/wp-content/plugins/kalimah-shortcodes/kalimah-shortcodes.php on line 88","log":"/logs/plugins/k/kapost-community-publishing/error.json"}
,
{"message":"Trying to access array offset on value of type null in /wordpress/wp-content/plugins/kalimah-shortcodes/kalimah-shortcodes.php on line 88","level":"WARNING","type":"PHP","test":"jspi-boot","plugin":"kapost-community-publishing","details":"[08-May-2025 19:03:36 UTC] PHP Warning:  Trying to access array offset on value of type null in /wordpress/wp-content/plugins/kalimah-shortcodes/kalimah-shortcodes.php on line 88","log":"/logs/plugins/k/kapost-community-publishing/error.json"}
,
{"message":"Trying to access array offset on value of type bool in /wordpress/wp-content/plugins/kalimah-shortcodes/kalimah-shortcodes.php on line 88","level":"WARNING","type":"PHP","test":"jspi-boot","plugin":"kapost-community-publishing","details":"[08-May-2025 19:03:36 UTC] PHP Warning:  Trying to access array offset on value of type bool in /wordpress/wp-content/plugins/kalimah-shortcodes/kalimah-shortcodes.php on line 88","log":"/logs/plugins/k/kapost-community-publishing/error.json"}
,
{"message":"Trying to access array offset on value of type null in /wordpress/wp-content/plugins/kalimah-shortcodes/kalimah-shortcodes.php on line 88","level":"WARNING","type":"PHP","test":"jspi-boot","plugin":"kapost-community-publishing","details":"[08-May-2025 19:03:36 UTC] PHP Warning:  Trying to access array offset on value of type null in /wordpress/wp-content/plugins/kalimah-shortcodes/kalimah-shortcodes.php on line 88","log":"/logs/plugins/k/kapost-community-publishing/error.json"}
,
{"message":"Trying to access array offset on value of type bool in /wordpress/wp-content/plugins/kalimah-shortcodes/kalimah-shortcodes.php on line 88","level":"WARNING","type":"PHP","test":"jspi-boot","plugin":"kapost-community-publishing","details":"[08-May-2025 19:03:46 UTC] PHP Warning:  Trying to access array offset on value of type bool in /wordpress/wp-content/plugins/kalimah-shortcodes/kalimah-shortcodes.php on line 88","log":"/logs/plugins/k/kapost-community-publishing/error.json"}
,
{"message":"Trying to access array offset on value of type null in /wordpress/wp-content/plugins/kalimah-shortcodes/kalimah-shortcodes.php on line 88","level":"WARNING","type":"PHP","test":"jspi-boot","plugin":"kapost-community-publishing","details":"[08-May-2025 19:03:46 UTC] PHP Warning:  Trying to access array offset on value of type null in /wordpress/wp-content/plugins/kalimah-shortcodes/kalimah-shortcodes.php on line 88","log":"/logs/plugins/k/kapost-community-publishing/error.json"}
,
{"message":"Trying to access array offset on value of type bool in /wordpress/wp-content/plugins/kalimah-shortcodes/kalimah-shortcodes.php on line 88","level":"WARNING","type":"PHP","test":"jspi-boot","plugin":"kapost-community-publishing","details":"[08-May-2025 19:03:47 UTC] PHP Warning:  Trying to access array offset on value of type bool in /wordpress/wp-content/plugins/kalimah-shortcodes/kalimah-shortcodes.php on line 88","log":"/logs/plugins/k/kapost-community-publishing/error.json"}
,
{"message":"Trying to access array offset on value of type null in /wordpress/wp-content/plugins/kalimah-shortcodes/kalimah-shortcodes.php on line 88","level":"WARNING","type":"PHP","test":"jspi-boot","plugin":"kapost-community-publishing","details":"[08-May-2025 19:03:47 UTC] PHP Warning:  Trying to access array offset on value of type null in /wordpress/wp-content/plugins/kalimah-shortcodes/kalimah-shortcodes.php on line 88","log":"/logs/plugins/k/kapost-community-publishing/error.json"}
,
{"message":"Uncaught Exception: Cryptor::decryptString() - data length 0 is less than iv length 16 in /wordpress/wp-content/plugins/kangoo-for-woocommerce/includes/encryption.php:141","level":"FATAL","type":"PHP","test":"jspi-boot","plugin":"kapost-community-publishing","details":"[08-May-2025 19:04:52 UTC] PHP Fatal error:  Uncaught Exception: Cryptor::decryptString() - data length 0 is less than iv length 16 in /wordpress/wp-content/plugins/kangoo-for-woocommerce/includes/encryption.php:141\nStack trace:\n#0 /wordpress/wp-content/plugins/kangoo-for-woocommerce/includes/encryption.php(187): kangooSecurity\\Cryptor->decryptString(false, 'put your unique...', 1)\n#1 /wordpress/wp-content/plugins/kangoo-for-woocommerce/includes/encryption-decryption-checker.php(92): kangooSecurity\\Cryptor::Decrypt(false, 'put your unique...')\n#2 /wordpress/wp-includes/class-wp-hook.php(324): kangooSecurity\\encryption_checker->check_encryption('')\n#3 /wordpress/wp-includes/class-wp-hook.php(348): WP_Hook->apply_filters(NULL, Array)\n#4 /wordpress/wp-includes/plugin.php(517): WP_Hook->do_action(Array)\n#5 /wordpress/wp-settings.php(727): do_action('init')\n#6 /wordpress/wp-config.php(102): require_once('/wordpress/wp-s...')\n#7 /wordpress/wp-load.php(50): require_once('/wordpress/wp-c...')\n#8 /internal/eval.php(3): require_once('/wordpress/wp-l...')\n#9 {main}\n  thrown in /wordpress/wp-content/plugins/kangoo-for-woocommerce/includes/encryption.php on line 141","log":"/logs/plugins/k/kapost-community-publishing/error.json"}
,
{"message":"Uncaught Exception: Cryptor::decryptString() - data length 0 is less than iv length 16 in /wordpress/wp-content/plugins/kangoo-for-woocommerce/includes/encryption.php:141","level":"FATAL","type":"PHP","test":"jspi-boot","plugin":"kapost-community-publishing","details":"[08-May-2025 19:05:01 UTC] PHP Fatal error:  Uncaught Exception: Cryptor::decryptString() - data length 0 is less than iv length 16 in /wordpress/wp-content/plugins/kangoo-for-woocommerce/includes/encryption.php:141\nStack trace:\n#0 /wordpress/wp-content/plugins/kangoo-for-woocommerce/includes/encryption.php(187): kangooSecurity\\Cryptor->decryptString(false, 'put your unique...', 1)\n#1 /wordpress/wp-content/plugins/kangoo-for-woocommerce/includes/encryption-decryption-checker.php(92): kangooSecurity\\Cryptor::Decrypt(false, 'put your unique...')\n#2 /wordpress/wp-includes/class-wp-hook.php(324): kangooSecurity\\encryption_checker->check_encryption('')\n#3 /wordpress/wp-includes/class-wp-hook.php(348): WP_Hook->apply_filters(NULL, Array)\n#4 /wordpress/wp-includes/plugin.php(517): WP_Hook->do_action(Array)\n#5 /wordpress/wp-settings.php(727): do_action('init')\n#6 /wordpress/wp-config.php(102): require_once('/wordpress/wp-s...')\n#7 /wordpress/wp-load.php(50): require_once('/wordpress/wp-c...')\n#8 /internal/eval.php(3): require_once('/wordpress/wp-l...')\n#9 {main}\n  thrown in /wordpress/wp-content/plugins/kangoo-for-woocommerce/includes/encryption.php on line 141","log":"/logs/plugins/k/kapost-community-publishing/error.json"}
,
{"message":"Uncaught Exception: Cryptor::decryptString() - data length 0 is less than iv length 16 in /wordpress/wp-content/plugins/kangoo-for-woocommerce/includes/encryption.php:141","level":"FATAL","type":"PHP","test":"jspi-boot","plugin":"kapost-community-publishing","details":"[08-May-2025 19:05:11 UTC] PHP Fatal error:  Uncaught Exception: Cryptor::decryptString() - data length 0 is less than iv length 16 in /wordpress/wp-content/plugins/kangoo-for-woocommerce/includes/encryption.php:141\nStack trace:\n#0 /wordpress/wp-content/plugins/kangoo-for-woocommerce/includes/encryption.php(187): kangooSecurity\\Cryptor->decryptString(false, 'put your unique...', 1)\n#1 /wordpress/wp-content/plugins/kangoo-for-woocommerce/includes/encryption-decryption-checker.php(92): kangooSecurity\\Cryptor::Decrypt(false, 'put your unique...')\n#2 /wordpress/wp-includes/class-wp-hook.php(324): kangooSecurity\\encryption_checker->check_encryption('')\n#3 /wordpress/wp-includes/class-wp-hook.php(348): WP_Hook->apply_filters(NULL, Array)\n#4 /wordpress/wp-includes/plugin.php(517): WP_Hook->do_action(Array)\n#5 /wordpress/wp-settings.php(727): do_action('init')\n#6 /wordpress/wp-config.php(102): require_once('/wordpress/wp-s...')\n#7 /wordpress/wp-load.php(50): require_once('/wordpress/wp-c...')\n#8 /internal/eval.php(3): require_once('/wordpress/wp-l...')\n#9 {main}\n  thrown in /wordpress/wp-content/plugins/kangoo-for-woocommerce/includes/encryption.php on line 141","log":"/logs/plugins/k/kapost-community-publishing/error.json"}
,
{"message":"Uncaught ArgumentCountError: Too few arguments to function WP_Widget::__construct(), 0 passed in /wordpress/wp-includes/class-wp-widget-factory.php on line 62 and at least 2 expected in /wordpress/wp-includes/class-wp-widget.php:163","level":"FATAL","type":"PHP","test":"jspi-boot","plugin":"kapost-community-publishing","details":"[08-May-2025 19:05:50 UTC] PHP Fatal error:  Uncaught ArgumentCountError: Too few arguments to function WP_Widget::__construct(), 0 passed in /wordpress/wp-includes/class-wp-widget-factory.php on line 62 and at least 2 expected in /wordpress/wp-includes/class-wp-widget.php:163\nStack trace:\n#0 /wordpress/wp-includes/class-wp-widget-factory.php(62): WP_Widget->__construct()\n#1 /wordpress/wp-includes/widgets.php(123): WP_Widget_Factory->register('Kapost_Widget')\n#2 /wordpress/wp-content/plugins/kapost-community-publishing/modules/widget.php(397): register_widget('Kapost_Widget')\n#3 /wordpress/wp-includes/class-wp-hook.php(324): kapost_widget_init('')\n#4 /wordpress/wp-includes/class-wp-hook.php(348): WP_Hook->apply_filters(NULL, Array)\n#5 /wordpress/wp-includes/plugin.php(517): WP_Hook->do_action(Array)\n#6 /wordpress/wp-includes/widgets.php(1870): do_action('widgets_init')\n#7 /wordpress/wp-includes/class-wp-hook.php(324): wp_widgets_init('')\n#8 /wordpress/wp-includes/class-wp-hook.php(348): WP_Hook->apply_filters(NULL, Array)\n#9 /wordpress/wp-includes/plugin.php(517): WP_Hook->do_action(Array)\n#10 /wordpress/wp-settings.php(727): do_action('init')\n#11 /wordpress/wp-config.php(102): require_once('/wordpress/wp-s...')\n#12 /wordpress/wp-load.php(50): require_once('/wordpress/wp-c...')\n#13 /internal/eval.php(3): require_once('/wordpress/wp-l...')\n#14 {main}\n  thrown in /wordpress/wp-includes/class-wp-widget.php on line 163","log":"/logs/plugins/k/kapost-community-publishing/error.json"}
,
{"message":"Uncaught ArgumentCountError: Too few arguments to function WP_Widget::__construct(), 0 passed in /wordpress/wp-includes/class-wp-widget-factory.php on line 62 and at least 2 expected in /wordpress/wp-includes/class-wp-widget.php:163","level":"FATAL","type":"PHP","test":"jspi-boot","plugin":"kapost-community-publishing","details":"[08-May-2025 19:05:59 UTC] PHP Fatal error:  Uncaught ArgumentCountError: Too few arguments to function WP_Widget::__construct(), 0 passed in /wordpress/wp-includes/class-wp-widget-factory.php on line 62 and at least 2 expected in /wordpress/wp-includes/class-wp-widget.php:163\nStack trace:\n#0 /wordpress/wp-includes/class-wp-widget-factory.php(62): WP_Widget->__construct()\n#1 /wordpress/wp-includes/widgets.php(123): WP_Widget_Factory->register('Kapost_Widget')\n#2 /wordpress/wp-content/plugins/kapost-community-publishing/modules/widget.php(397): register_widget('Kapost_Widget')\n#3 /wordpress/wp-includes/class-wp-hook.php(324): kapost_widget_init('')\n#4 /wordpress/wp-includes/class-wp-hook.php(348): WP_Hook->apply_filters(NULL, Array)\n#5 /wordpress/wp-includes/plugin.php(517): WP_Hook->do_action(Array)\n#6 /wordpress/wp-includes/widgets.php(1870): do_action('widgets_init')\n#7 /wordpress/wp-includes/class-wp-hook.php(324): wp_widgets_init('')\n#8 /wordpress/wp-includes/class-wp-hook.php(348): WP_Hook->apply_filters(NULL, Array)\n#9 /wordpress/wp-includes/plugin.php(517): WP_Hook->do_action(Array)\n#10 /wordpress/wp-settings.php(727): do_action('init')\n#11 /wordpress/wp-config.php(102): require_once('/wordpress/wp-s...')\n#12 /wordpress/wp-load.php(50): require_once('/wordpress/wp-c...')\n#13 /internal/eval.php(3): require_once('/wordpress/wp-l...')\n#14 {main}\n  thrown in /wordpress/wp-includes/class-wp-widget.php on line 163","log":"/logs/plugins/k/kapost-community-publishing/error.json"}
,
{"message":"Uncaught ArgumentCountError: Too few arguments to function WP_Widget::__construct(), 0 passed in /wordpress/wp-includes/class-wp-widget-factory.php on line 62 and at least 2 expected in /wordpress/wp-includes/class-wp-widget.php:163","level":"FATAL","type":"PHP","test":"jspi-boot","plugin":"kapost-community-publishing","details":"[08-May-2025 19:06:08 UTC] PHP Fatal error:  Uncaught ArgumentCountError: Too few arguments to function WP_Widget::__construct(), 0 passed in /wordpress/wp-includes/class-wp-widget-factory.php on line 62 and at least 2 expected in /wordpress/wp-includes/class-wp-widget.php:163\nStack trace:\n#0 /wordpress/wp-includes/class-wp-widget-factory.php(62): WP_Widget->__construct()\n#1 /wordpress/wp-includes/widgets.php(123): WP_Widget_Factory->register('Kapost_Widget')\n#2 /wordpress/wp-content/plugins/kapost-community-publishing/modules/widget.php(397): register_widget('Kapost_Widget')\n#3 /wordpress/wp-includes/class-wp-hook.php(324): kapost_widget_init('')\n#4 /wordpress/wp-includes/class-wp-hook.php(348): WP_Hook->apply_filters(NULL, Array)\n#5 /wordpress/wp-includes/plugin.php(517): WP_Hook->do_action(Array)\n#6 /wordpress/wp-includes/widgets.php(1870): do_action('widgets_init')\n#7 /wordpress/wp-includes/class-wp-hook.php(324): wp_widgets_init('')\n#8 /wordpress/wp-includes/class-wp-hook.php(348): WP_Hook->apply_filters(NULL, Array)\n#9 /wordpress/wp-includes/plugin.php(517): WP_Hook->do_action(Array)\n#10 /wordpress/wp-settings.php(727): do_action('init')\n#11 /wordpress/wp-config.php(102): require_once('/wordpress/wp-s...')\n#12 /wordpress/wp-load.php(50): require_once('/wordpress/wp-c...')\n#13 /internal/eval.php(3): require_once('/wordpress/wp-l...')\n#14 {main}\n  thrown in /wordpress/wp-includes/class-wp-widget.php on line 163\n\n    at Object.onBind (file:///home/runner/work/playground-tester/playground-tester/node_modules/@wp-playground/cli/index.js:237:15)\n    at process.processTicksAndRejections (node:internal/process/task_queues:105:5)\n    at async V (file:///home/runner/work/playground-tester/playground-tester/node_modules/@wp-playground/cli/index.js:64:10)\n    at async ja (file:///home/runner/work/playground-tester/playground-tester/node_modules/@wp-playground/cli/cli.js:8161:12) {\n  [cause]: Error: Error when executing the blueprint step #1 ({\"step\":\"installPlugin\",\"pluginData\":{\"resource\":\"wordpress.org/plugins\",\"slug\":\"kapost-community-publishing\"},\"options\":{\"activate\":true}}) : PHP.run() failed with exit code 255 and the following output: \n      at Object.run (file:///home/runner/work/playground-tester/playground-tester/node_modules/@wp-playground/blueprints/index.js:12449:19)\n      at process.processTicksAndRejections (node:internal/process/task_queues:105:5)\n      at async ms (file:///home/runner/work/playground-tester/playground-tester/node_modules/@wp-playground/blueprints/index.js:12552:3)\n      ... 2 lines matching cause stack trace ...\n      at async ja (file:///home/runner/work/playground-tester/playground-tester/node_modules/@wp-playground/cli/cli.js:8161:12) {\n    [cause]: PHPExecutionFailureError: PHP.run() failed with exit code 255 and the following output: \n        at PHP.run (file:///home/runner/work/playground-tester/playground-tester/node_modules/@php-wasm/universal/index.js:987:19)\n        at process.processTicksAndRejections (node:internal/process/task_queues:105:5)\n        at async wr (file:///home/runner/work/playground-tester/playground-tester/node_modules/@wp-playground/blueprints/index.js:73:13)\n        at async Object.gt [as installPlugin] (file:///home/runner/work/playground-tester/playground-tester/node_modules/@wp-playground/blueprints/index.js:974:42)\n        at async g (file:///home/runner/work/playground-tester/playground-tester/node_modules/@wp-playground/blueprints/index.js:12517:30)\n        at async Object.run (file:///home/runner/work/playground-tester/playground-tester/node_modules/@wp-playground/blueprints/index.js:12446:23)\n        at async ms (file:///home/runner/work/playground-tester/playground-tester/node_modules/@wp-playground/blueprints/index.js:12552:3)\n        at async Object.onBind (file:///home/runner/work/playground-tester/playground-tester/node_modules/@wp-playground/cli/index.js:227:48)\n        at async V (file:///home/runner/work/playground-tester/playground-tester/node_modules/@wp-playground/cli/index.js:64:10)\n        at async ja (file:///home/runner/work/playground-tester/playground-tester/node_modules/@wp-playground/cli/cli.js:8161:12) {\n      response: PHPResponse {\n        httpStatusCode: 500,\n        headers: {\n          'x-powered-by': [ 'PHP/8.0.30-dev' ],\n          'content-type': [ 'text/html; charset=UTF-8' ],\n          expires: [ 'Wed, 11 Jan 1984 05:00:00 GMT' ],\n          'cache-control': [ 'no-cache, must-revalidate, max-age=0, no-store, private' ]\n        },\n        bytes: Uint8Array(2653) [\n           60,  33,  68,  79,  67,  84,  89,  80,  69,  32, 104, 116,\n          109, 108,  62,  10,  60, 104, 116, 109, 108,  32, 108,  97,\n          110, 103,  61,  34, 101, 110,  45,  85,  83,  34,  62,  10,\n           60, 104, 101,  97, 100,  62,  10,   9,  60, 109, 101, 116,\n           97,  32, 104, 116, 116, 112,  45, 101, 113, 117, 105, 118,\n           61,  34,  67, 111, 110, 116, 101, 110, 116,  45,  84, 121,\n          112, 101,  34,  32,  99, 111, 110, 116, 101, 110, 116,  61,\n           34, 116, 101, 120, 116,  47, 104, 116, 109, 108,  59,  32,\n           99, 104,  97, 114,\n          ... 2553 more items\n        ],\n        exitCode: 255,\n        errors: ''\n      },\n      source: 'request'\n    }\n  }\n}\n\n","log":"/logs/plugins/k/kapost-community-publishing/error.json"}
]
