file:///home/runner/work/playground-tester/playground-tester/node_modules/@wp-playground/cli/index.js:237
        throw new Error(y, { cause: u });
              ^

Error: [23-May-2025 23:28:01 UTC] PHP Warning:  Constant CODEXSHAPER_OAUTH_SERVER_VERSION already defined in /wordpress/wp-content/plugins/oauth2-server/includes/class-codexshaper-oauth-server.php on line 280
[23-May-2025 23:28:01 UTC] PHP Fatal error:  Uncaught Illuminate\Contracts\Filesystem\FileNotFoundException: File does not exist at path /wordpress/wp-content/plugins/oauth2-server/includes/../../../../.htaccess. in /wordpress/wp-content/plugins/oauth2-server/vendor/illuminate/filesystem/Filesystem.php:54
Stack trace:
#0 /wordpress/wp-content/plugins/oauth2-server/includes/class-codexshaper-oauth-server-activator.php(69): Illuminate\Filesystem\Filesystem->get('/wordpress/wp-c...')
#1 /wordpress/wp-content/plugins/oauth2-server/includes/class-codexshaper-oauth-server-activator.php(57): Codexshaper_Oauth_Server_Activator::codexshaper_oauth_server_rewrite_auth_conditions()
#2 /wordpress/wp-content/plugins/oauth2-server/includes/class-codexshaper-oauth-server-activator.php(36): Codexshaper_Oauth_Server_Activator::codexshaper_oauth_server_add_rewrite_authorization()
#3 /wordpress/wp-content/plugins/oauth2-server/oauth2-server.php(73): Codexshaper_Oauth_Server_Activator::activate()
#4 /wordpress/wp-includes/class-wp-hook.php(324): codexshaper_oauth_server_activate(false)
#5 /wordpress/wp-includes/class-wp-hook.php(348): WP_Hook->apply_filters('', Array)
#6 /wordpress/wp-includes/plugin.php(517): WP_Hook->do_action(Array)
#7 /wordpress/wp-admin/includes/plugin.php(703): do_action('activate_oauth2...', false)
#8 /internal/eval.php(20): activate_plugin('oauth2-server/o...')
#9 {main}
  thrown in /wordpress/wp-content/plugins/oauth2-server/vendor/illuminate/filesystem/Filesystem.php on line 54
[23-May-2025 23:28:16 UTC] PHP Warning:  Constant CODEXSHAPER_OAUTH_SERVER_VERSION already defined in /wordpress/wp-content/plugins/oauth2-server/includes/class-codexshaper-oauth-server.php on line 280
[23-May-2025 23:28:16 UTC] PHP Fatal error:  Uncaught Illuminate\Contracts\Filesystem\FileNotFoundException: File does not exist at path /wordpress/wp-content/plugins/oauth2-server/includes/../../../../.htaccess. in /wordpress/wp-content/plugins/oauth2-server/vendor/illuminate/filesystem/Filesystem.php:54
Stack trace:
#0 /wordpress/wp-content/plugins/oauth2-server/includes/class-codexshaper-oauth-server-activator.php(69): Illuminate\Filesystem\Filesystem->get('/wordpress/wp-c...')
#1 /wordpress/wp-content/plugins/oauth2-server/includes/class-codexshaper-oauth-server-activator.php(57): Codexshaper_Oauth_Server_Activator::codexshaper_oauth_server_rewrite_auth_conditions()
#2 /wordpress/wp-content/plugins/oauth2-server/includes/class-codexshaper-oauth-server-activator.php(36): Codexshaper_Oauth_Server_Activator::codexshaper_oauth_server_add_rewrite_authorization()
#3 /wordpress/wp-content/plugins/oauth2-server/oauth2-server.php(73): Codexshaper_Oauth_Server_Activator::activate()
#4 /wordpress/wp-includes/class-wp-hook.php(324): codexshaper_oauth_server_activate(false)
#5 /wordpress/wp-includes/class-wp-hook.php(348): WP_Hook->apply_filters('', Array)
#6 /wordpress/wp-includes/plugin.php(517): WP_Hook->do_action(Array)
#7 /wordpress/wp-admin/includes/plugin.php(703): do_action('activate_oauth2...', false)
#8 /internal/eval.php(20): activate_plugin('oauth2-server/o...')
#9 {main}
  thrown in /wordpress/wp-content/plugins/oauth2-server/vendor/illuminate/filesystem/Filesystem.php on line 54
[23-May-2025 23:28:31 UTC] PHP Warning:  Constant CODEXSHAPER_OAUTH_SERVER_VERSION already defined in /wordpress/wp-content/plugins/oauth2-server/includes/class-codexshaper-oauth-server.php on line 280
[23-May-2025 23:28:31 UTC] PHP Fatal error:  Uncaught Illuminate\Contracts\Filesystem\FileNotFoundException: File does not exist at path /wordpress/wp-content/plugins/oauth2-server/includes/../../../../.htaccess. in /wordpress/wp-content/plugins/oauth2-server/vendor/illuminate/filesystem/Filesystem.php:54
Stack trace:
#0 /wordpress/wp-content/plugins/oauth2-server/includes/class-codexshaper-oauth-server-activator.php(69): Illuminate\Filesystem\Filesystem->get('/wordpress/wp-c...')
#1 /wordpress/wp-content/plugins/oauth2-server/includes/class-codexshaper-oauth-server-activator.php(57): Codexshaper_Oauth_Server_Activator::codexshaper_oauth_server_rewrite_auth_conditions()
#2 /wordpress/wp-content/plugins/oauth2-server/includes/class-codexshaper-oauth-server-activator.php(36): Codexshaper_Oauth_Server_Activator::codexshaper_oauth_server_add_rewrite_authorization()
#3 /wordpress/wp-content/plugins/oauth2-server/oauth2-server.php(73): Codexshaper_Oauth_Server_Activator::activate()
#4 /wordpress/wp-includes/class-wp-hook.php(324): codexshaper_oauth_server_activate(false)
#5 /wordpress/wp-includes/class-wp-hook.php(348): WP_Hook->apply_filters('', Array)
#6 /wordpress/wp-includes/plugin.php(517): WP_Hook->do_action(Array)
#7 /wordpress/wp-admin/includes/plugin.php(703): do_action('activate_oauth2...', false)
#8 /internal/eval.php(20): activate_plugin('oauth2-server/o...')
#9 {main}
  thrown in /wordpress/wp-content/plugins/oauth2-server/vendor/illuminate/filesystem/Filesystem.php on line 54
[23-May-2025 23:29:39 UTC] WordPress database error <div style="clear:both">&nbsp;</div>
<div class="queries" style="clear:both;margin-bottom:2px;border:red dotted thin;">
<p>MySQL query:</p>
<p>CREATE TABLE wp_obotai_setting (
            `id` mediumint(9) NOT NULL AUTO_INCREMENT,
            `cid` varchar(30) NOT NULL DEFAULT '',
            `exclude_urls` text NOT NULL DEFAULT '',
            `extra_js` text NOT NULL DEFAULT '',
            `visible` tinyint(1) NOT NULL DEFAULT '0',
            PRIMARY KEY id (id)
        ) DEFAULT CHARACTER SET utf8mb4</p>
<p>Queries made or created this session were:</p>
<ol>
<li>Executing: BEGIN | (no parameters)</li>
<li>Executing: ROLLBACK | (no parameters)</li>
</ol>
</div>
<div style="clear:both;margin-bottom:2px;border:red dotted thin;" class="error_message" style="border-bottom:dotted blue thin;">
Error occurred at line 4117 in Function <code>handle_error</code>. Error message was: Cannot combine AUTOINCREMENT and multiple primary keys in SQLite.
</div>
<p>Backtrace:</p>
<pre>#0 /internal/shared/sqlite-database-integration/wp-includes/sqlite/class-wp-sqlite-db.php(287): WP_SQLite_Translator->get_error_message()
#1 /wordpress/wp-admin/includes/upgrade.php(3280): WP_SQLite_DB->query('CREATE TABLE wp...')
#2 /wordpress/wp-content/plugins/obotai/obotai.php(56): dbDelta(Array)
#3 /wordpress/wp-includes/class-wp-hook.php(324): ObotAISetting->obotai_install(false)
#4 /wordpress/wp-includes/class-wp-hook.php(348): WP_Hook->apply_filters('', Array)
#5 /wordpress/wp-includes/plugin.php(517): WP_Hook->do_action(Array)
#6 /wordpress/wp-admin/includes/plugin.php(703): do_action('activate_obotai...', false)
#7 /internal/eval.php(20): activate_plugin('obotai/obotai.p...')
#8 {main}</pre>
 for query CREATE TABLE wp_obotai_setting (
            `id` mediumint(9) NOT NULL AUTO_INCREMENT,
            `cid` varchar(30) NOT NULL DEFAULT '',
            `exclude_urls` text NOT NULL DEFAULT '',
            `extra_js` text NOT NULL DEFAULT '',
            `visible` tinyint(1) NOT NULL DEFAULT '0',
            PRIMARY KEY id (id)
        ) DEFAULT CHARACTER SET utf8mb4 made by activate_plugin, do_action('activate_obotai/obotai.php'), WP_Hook->do_action, WP_Hook->apply_filters, ObotAISetting->obotai_install, dbDelta, WP_SQLite_DB->query, WP_SQLite_DB->print_error
[23-May-2025 23:29:47 UTC] WordPress database error <div style="clear:both">&nbsp;</div>
<div class="queries" style="clear:both;margin-bottom:2px;border:red dotted thin;">
<p>MySQL query:</p>
<p>CREATE TABLE wp_obotai_setting (
            `id` mediumint(9) NOT NULL AUTO_INCREMENT,
            `cid` varchar(30) NOT NULL DEFAULT '',
            `exclude_urls` text NOT NULL DEFAULT '',
            `extra_js` text NOT NULL DEFAULT '',
            `visible` tinyint(1) NOT NULL DEFAULT '0',
            PRIMARY KEY id (id)
        ) DEFAULT CHARACTER SET utf8mb4</p>
<p>Queries made or created this session were:</p>
<ol>
<li>Executing: BEGIN | (no parameters)</li>
<li>Executing: ROLLBACK | (no parameters)</li>
</ol>
</div>
<div style="clear:both;margin-bottom:2px;border:red dotted thin;" class="error_message" style="border-bottom:dotted blue thin;">
Error occurred at line 4117 in Function <code>handle_error</code>. Error message was: Cannot combine AUTOINCREMENT and multiple primary keys in SQLite.
</div>
<p>Backtrace:</p>
<pre>#0 /internal/shared/sqlite-database-integration/wp-includes/sqlite/class-wp-sqlite-db.php(287): WP_SQLite_Translator->get_error_message()
#1 /wordpress/wp-admin/includes/upgrade.php(3280): WP_SQLite_DB->query('CREATE TABLE wp...')
#2 /wordpress/wp-content/plugins/obotai/obotai.php(56): dbDelta(Array)
#3 /wordpress/wp-includes/class-wp-hook.php(324): ObotAISetting->obotai_install(false)
#4 /wordpress/wp-includes/class-wp-hook.php(348): WP_Hook->apply_filters('', Array)
#5 /wordpress/wp-includes/plugin.php(517): WP_Hook->do_action(Array)
#6 /wordpress/wp-admin/includes/plugin.php(703): do_action('activate_obotai...', false)
#7 /internal/eval.php(20): activate_plugin('obotai/obotai.p...')
#8 {main}</pre>
 for query CREATE TABLE wp_obotai_setting (
            `id` mediumint(9) NOT NULL AUTO_INCREMENT,
            `cid` varchar(30) NOT NULL DEFAULT '',
            `exclude_urls` text NOT NULL DEFAULT '',
            `extra_js` text NOT NULL DEFAULT '',
            `visible` tinyint(1) NOT NULL DEFAULT '0',
            PRIMARY KEY id (id)
        ) DEFAULT CHARACTER SET utf8mb4 made by activate_plugin, do_action('activate_obotai/obotai.php'), WP_Hook->do_action, WP_Hook->apply_filters, ObotAISetting->obotai_install, dbDelta, WP_SQLite_DB->query, WP_SQLite_DB->print_error
[23-May-2025 23:30:47 UTC] PHP Fatal error:  Uncaught Error: Call to undefined function create_function() in /wordpress/wp-content/plugins/occupancyplan/occupancy_plan_widget.php:133
Stack trace:
#0 /wordpress/wp-content/plugins/occupancyplan/occupancy_plan_options.php(148): require_once()
#1 /wordpress/wp-admin/includes/plugin.php(2387): include_once('/wordpress/wp-c...')
#2 /wordpress/wp-admin/includes/plugin.php(673): plugin_sandbox_scrape('occupancyplan/o...')
#3 /internal/eval.php(20): activate_plugin('occupancyplan/o...')
#4 {main}
  thrown in /wordpress/wp-content/plugins/occupancyplan/occupancy_plan_widget.php on line 133

    at Object.onBind (file:///home/runner/work/playground-tester/playground-tester/node_modules/@wp-playground/cli/index.js:237:15)
    at process.processTicksAndRejections (node:internal/process/task_queues:105:5)
    at async V (file:///home/runner/work/playground-tester/playground-tester/node_modules/@wp-playground/cli/index.js:64:10)
    at async ja (file:///home/runner/work/playground-tester/playground-tester/node_modules/@wp-playground/cli/cli.js:8161:12) {
  [cause]: Error: Error when executing the blueprint step #5 ({"step":"installPlugin","pluginData":{"resource":"wordpress.org/plugins","slug":"occupancyplan"},"options":{"activate":true}}) : PHP.run() failed with exit code 255 and the following output: 
      at Object.run (file:///home/runner/work/playground-tester/playground-tester/node_modules/@wp-playground/blueprints/index.js:12449:19)
      at process.processTicksAndRejections (node:internal/process/task_queues:105:5)
      at async ms (file:///home/runner/work/playground-tester/playground-tester/node_modules/@wp-playground/blueprints/index.js:12552:3)
      ... 2 lines matching cause stack trace ...
      at async ja (file:///home/runner/work/playground-tester/playground-tester/node_modules/@wp-playground/cli/cli.js:8161:12) {
    [cause]: PHPExecutionFailureError: PHP.run() failed with exit code 255 and the following output: 
        at PHP.run (file:///home/runner/work/playground-tester/playground-tester/node_modules/@php-wasm/universal/index.js:987:19)
        at process.processTicksAndRejections (node:internal/process/task_queues:105:5)
        at async wr (file:///home/runner/work/playground-tester/playground-tester/node_modules/@wp-playground/blueprints/index.js:33:39)
        at async Object.gt [as installPlugin] (file:///home/runner/work/playground-tester/playground-tester/node_modules/@wp-playground/blueprints/index.js:974:42)
        at async g (file:///home/runner/work/playground-tester/playground-tester/node_modules/@wp-playground/blueprints/index.js:12517:30)
        at async Object.run (file:///home/runner/work/playground-tester/playground-tester/node_modules/@wp-playground/blueprints/index.js:12446:23)
        at async ms (file:///home/runner/work/playground-tester/playground-tester/node_modules/@wp-playground/blueprints/index.js:12552:3)
        at async Object.onBind (file:///home/runner/work/playground-tester/playground-tester/node_modules/@wp-playground/cli/index.js:227:48)
        at async V (file:///home/runner/work/playground-tester/playground-tester/node_modules/@wp-playground/cli/index.js:64:10)
        at async ja (file:///home/runner/work/playground-tester/playground-tester/node_modules/@wp-playground/cli/cli.js:8161:12) {
      response: PHPResponse {
        httpStatusCode: 500,
        headers: {
          'x-powered-by': [ 'PHP/8.0.30-dev' ],
          'content-type': [ 'text/html; charset=UTF-8' ]
        },
        bytes: Uint8Array(0) [],
        exitCode: 255,
        errors: ''
      },
      source: 'request'
    }
  }
}

Node.js v23.11.0
