file:///home/runner/work/playground-tester/playground-tester/node_modules/@wp-playground/cli/run-cli-j-geJYS3.js:325
        throw new Error($, { cause: h });
              ^

Error: [24-Jun-2025 13:43:43 UTC] PHP Deprecated:  Required parameter $NameFile follows optional parameter $tables in /wordpress/wp-content/plugins/website-backup-bot/plugin.php on line 752
[24-Jun-2025 13:43:43 UTC] PHP Fatal error:  Uncaught TypeError: count(): Argument #1 ($value) must be of type Countable|array, null given in /wordpress/wp-content/plugins/website-backup-bot/plugin.php:339
Stack trace:
#0 /wordpress/wp-includes/class-wp-hook.php(324): WP_WebsiteBackupBot_Plugin->wbb_custom_plugin_tables(false)
#1 /wordpress/wp-includes/class-wp-hook.php(348): WP_Hook->apply_filters('', Array)
#2 /wordpress/wp-includes/plugin.php(517): WP_Hook->do_action(Array)
#3 /wordpress/wp-admin/includes/plugin.php(703): do_action('activate_websit...', false)
#4 /internal/eval.php(20): activate_plugin('website-backup-...')
#5 {main}
  thrown in /wordpress/wp-content/plugins/website-backup-bot/plugin.php on line 339
[24-Jun-2025 13:43:53 UTC] PHP Deprecated:  Required parameter $NameFile follows optional parameter $tables in /wordpress/wp-content/plugins/website-backup-bot/plugin.php on line 752
[24-Jun-2025 13:43:53 UTC] PHP Fatal error:  Uncaught TypeError: count(): Argument #1 ($value) must be of type Countable|array, null given in /wordpress/wp-content/plugins/website-backup-bot/plugin.php:339
Stack trace:
#0 /wordpress/wp-includes/class-wp-hook.php(324): WP_WebsiteBackupBot_Plugin->wbb_custom_plugin_tables(false)
#1 /wordpress/wp-includes/class-wp-hook.php(348): WP_Hook->apply_filters('', Array)
#2 /wordpress/wp-includes/plugin.php(517): WP_Hook->do_action(Array)
#3 /wordpress/wp-admin/includes/plugin.php(703): do_action('activate_websit...', false)
#4 /internal/eval.php(20): activate_plugin('website-backup-...')
#5 {main}
  thrown in /wordpress/wp-content/plugins/website-backup-bot/plugin.php on line 339
[24-Jun-2025 13:44:02 UTC] PHP Deprecated:  Required parameter $NameFile follows optional parameter $tables in /wordpress/wp-content/plugins/website-backup-bot/plugin.php on line 752
[24-Jun-2025 13:44:02 UTC] PHP Fatal error:  Uncaught TypeError: count(): Argument #1 ($value) must be of type Countable|array, null given in /wordpress/wp-content/plugins/website-backup-bot/plugin.php:339
Stack trace:
#0 /wordpress/wp-includes/class-wp-hook.php(324): WP_WebsiteBackupBot_Plugin->wbb_custom_plugin_tables(false)
#1 /wordpress/wp-includes/class-wp-hook.php(348): WP_Hook->apply_filters('', Array)
#2 /wordpress/wp-includes/plugin.php(517): WP_Hook->do_action(Array)
#3 /wordpress/wp-admin/includes/plugin.php(703): do_action('activate_websit...', false)
#4 /internal/eval.php(20): activate_plugin('website-backup-...')
#5 {main}
  thrown in /wordpress/wp-content/plugins/website-backup-bot/plugin.php on line 339
[24-Jun-2025 13:45:10 UTC] PHP Warning:  The use statement with non-compound name 'Exception' has no effect in /wordpress/wp-content/plugins/wl-wc-newsletter/db/upgrade_to_1_1.php on line 5
[24-Jun-2025 13:45:10 UTC] PHP Warning:  The use statement with non-compound name 'PDOException' has no effect in /wordpress/wp-content/plugins/wl-wc-newsletter/db/upgrade_to_1_1.php on line 6
[24-Jun-2025 13:45:10 UTC] PHP Warning:  The use statement with non-compound name 'PDO' has no effect in /wordpress/wp-content/plugins/wl-wc-newsletter/db/upgrade_to_1_1.php on line 7
[24-Jun-2025 13:45:10 UTC] PHP Fatal error:  Uncaught PDOException: SQLSTATE[HY000] [2002] Address family not supported by protocol in /wordpress/wp-content/plugins/wl-wc-newsletter/db/upgrade_to_1_1.php:20
Stack trace:
#0 /wordpress/wp-content/plugins/wl-wc-newsletter/db/upgrade_to_1_1.php(20): PDO->__construct('mysql:host=loca...', 'username_here', 'password_here')
#1 /wordpress/wp-content/plugins/wl-wc-newsletter/db/migrate.php(159): require_once('/wordpress/wp-c...')
#2 /wordpress/wp-content/plugins/wl-wc-newsletter/admin_functions.php(390): require_once('/wordpress/wp-c...')
#3 /wordpress/wp-includes/class-wp-hook.php(324): wlwcn_activated(false)
#4 /wordpress/wp-includes/class-wp-hook.php(348): WP_Hook->apply_filters('', Array)
#5 /wordpress/wp-includes/plugin.php(517): WP_Hook->do_action(Array)
#6 /wordpress/wp-admin/includes/plugin.php(703): do_action('activate_wl-wc-...', false)
#7 /internal/eval.php(20): activate_plugin('wl-wc-newslette...')
#8 {main}
  thrown in /wordpress/wp-content/plugins/wl-wc-newsletter/db/upgrade_to_1_1.php on line 20
[24-Jun-2025 13:45:22 UTC] PHP Warning:  The use statement with non-compound name 'Exception' has no effect in /wordpress/wp-content/plugins/wl-wc-newsletter/db/upgrade_to_1_1.php on line 5
[24-Jun-2025 13:45:22 UTC] PHP Warning:  The use statement with non-compound name 'PDOException' has no effect in /wordpress/wp-content/plugins/wl-wc-newsletter/db/upgrade_to_1_1.php on line 6
[24-Jun-2025 13:45:22 UTC] PHP Warning:  The use statement with non-compound name 'PDO' has no effect in /wordpress/wp-content/plugins/wl-wc-newsletter/db/upgrade_to_1_1.php on line 7
[24-Jun-2025 13:45:22 UTC] PHP Fatal error:  Uncaught PDOException: SQLSTATE[HY000] [2002] Address family not supported by protocol in /wordpress/wp-content/plugins/wl-wc-newsletter/db/upgrade_to_1_1.php:20
Stack trace:
#0 /wordpress/wp-content/plugins/wl-wc-newsletter/db/upgrade_to_1_1.php(20): PDO->__construct('mysql:host=loca...', 'username_here', 'password_here')
#1 /wordpress/wp-content/plugins/wl-wc-newsletter/db/migrate.php(159): require_once('/wordpress/wp-c...')
#2 /wordpress/wp-content/plugins/wl-wc-newsletter/admin_functions.php(390): require_once('/wordpress/wp-c...')
#3 /wordpress/wp-includes/class-wp-hook.php(324): wlwcn_activated(false)
#4 /wordpress/wp-includes/class-wp-hook.php(348): WP_Hook->apply_filters('', Array)
#5 /wordpress/wp-includes/plugin.php(517): WP_Hook->do_action(Array)
#6 /wordpress/wp-admin/includes/plugin.php(703): do_action('activate_wl-wc-...', false)
#7 /internal/eval.php(20): activate_plugin('wl-wc-newslette...')
#8 {main}
  thrown in /wordpress/wp-content/plugins/wl-wc-newsletter/db/upgrade_to_1_1.php on line 20
[24-Jun-2025 13:45:34 UTC] PHP Warning:  The use statement with non-compound name 'Exception' has no effect in /wordpress/wp-content/plugins/wl-wc-newsletter/db/upgrade_to_1_1.php on line 5
[24-Jun-2025 13:45:34 UTC] PHP Warning:  The use statement with non-compound name 'PDOException' has no effect in /wordpress/wp-content/plugins/wl-wc-newsletter/db/upgrade_to_1_1.php on line 6
[24-Jun-2025 13:45:34 UTC] PHP Warning:  The use statement with non-compound name 'PDO' has no effect in /wordpress/wp-content/plugins/wl-wc-newsletter/db/upgrade_to_1_1.php on line 7
[24-Jun-2025 13:45:34 UTC] PHP Fatal error:  Uncaught PDOException: SQLSTATE[HY000] [2002] Address family not supported by protocol in /wordpress/wp-content/plugins/wl-wc-newsletter/db/upgrade_to_1_1.php:20
Stack trace:
#0 /wordpress/wp-content/plugins/wl-wc-newsletter/db/upgrade_to_1_1.php(20): PDO->__construct('mysql:host=loca...', 'username_here', 'password_here')
#1 /wordpress/wp-content/plugins/wl-wc-newsletter/db/migrate.php(159): require_once('/wordpress/wp-c...')
#2 /wordpress/wp-content/plugins/wl-wc-newsletter/admin_functions.php(390): require_once('/wordpress/wp-c...')
#3 /wordpress/wp-includes/class-wp-hook.php(324): wlwcn_activated(false)
#4 /wordpress/wp-includes/class-wp-hook.php(348): WP_Hook->apply_filters('', Array)
#5 /wordpress/wp-includes/plugin.php(517): WP_Hook->do_action(Array)
#6 /wordpress/wp-admin/includes/plugin.php(703): do_action('activate_wl-wc-...', false)
#7 /internal/eval.php(20): activate_plugin('wl-wc-newslette...')
#8 {main}
  thrown in /wordpress/wp-content/plugins/wl-wc-newsletter/db/upgrade_to_1_1.php on line 20

    at Object.onBind (file:///home/runner/work/playground-tester/playground-tester/node_modules/@wp-playground/cli/run-cli-j-geJYS3.js:325:15)
    at process.processTicksAndRejections (node:internal/process/task_queues:105:5)
    at async re (file:///home/runner/work/playground-tester/playground-tester/node_modules/@wp-playground/cli/run-cli-j-geJYS3.js:149:10) {
  [cause]: Error: Error when executing the blueprint step #1 ({"step":"installPlugin","pluginData":{"resource":"wordpress.org/plugins","slug":"wp-final-output-filter"},"options":{"activate":true}}) : Could not download "https://downloads.wordpress.org/plugin/wp-final-output-filter.latest-stable.zip".
  				Check if the URL is correct and the server is reachable.
  				If it is reachable, the server might be blocking the request.
  				Check the browser console and network tabs for more information.
  
  				## Does the console show the error "No 'Access-Control-Allow-Origin' header"?
  
  				This means the server that hosts your file does not allow requests from other sites
  				(cross-origin requests, or CORS).	You need to move the asset to a server that allows
  				cross-origin file downloads. Learn more about CORS at
  				https://developer.mozilla.org/en-US/docs/Web/HTTP/CORS.
  
  				If your file is on GitHub, load it from "raw.githubusercontent.com".
  				Here's how to do that:
  
  				1. Start with the original GitHub URL of the file. For example:
  				https://github.com/username/repository/blob/branch/filename.
  				2. Replace "github.com" with "raw.githubusercontent.com".
  				3. Remove the "/blob/" part of the URL.
  
  				The resulting URL should look like this:
  				https://raw.githubusercontent.com/username/repository/branch/filename
  
  				Error:
  				Error: Could not download "https://downloads.wordpress.org/plugin/wp-final-output-filter.latest-stable.zip"
      at Object.run (file:///home/runner/work/playground-tester/playground-tester/node_modules/@wp-playground/blueprints/index.js:12093:19)
      at process.processTicksAndRejections (node:internal/process/task_queues:105:5)
      at async ys (file:///home/runner/work/playground-tester/playground-tester/node_modules/@wp-playground/blueprints/index.js:12196:3)
      at async Object.onBind (file:///home/runner/work/playground-tester/playground-tester/node_modules/@wp-playground/cli/run-cli-j-geJYS3.js:315:48)
      at async re (file:///home/runner/work/playground-tester/playground-tester/node_modules/@wp-playground/cli/run-cli-j-geJYS3.js:149:10) {
    [cause]: Error: Could not download "https://downloads.wordpress.org/plugin/wp-final-output-filter.latest-stable.zip".
    				Check if the URL is correct and the server is reachable.
    				If it is reachable, the server might be blocking the request.
    				Check the browser console and network tabs for more information.
    
    				## Does the console show the error "No 'Access-Control-Allow-Origin' header"?
    
    				This means the server that hosts your file does not allow requests from other sites
    				(cross-origin requests, or CORS).	You need to move the asset to a server that allows
    				cross-origin file downloads. Learn more about CORS at
    				https://developer.mozilla.org/en-US/docs/Web/HTTP/CORS.
    
    				If your file is on GitHub, load it from "raw.githubusercontent.com".
    				Here's how to do that:
    
    				1. Start with the original GitHub URL of the file. For example:
    				https://github.com/username/repository/blob/branch/filename.
    				2. Replace "github.com" with "raw.githubusercontent.com".
    				3. Remove the "/blob/" part of the URL.
    
    				The resulting URL should look like this:
    				https://raw.githubusercontent.com/username/repository/branch/filename
    
    				Error:
    				Error: Could not download "https://downloads.wordpress.org/plugin/wp-final-output-filter.latest-stable.zip"
        at Ct.resolve (file:///home/runner/work/playground-tester/playground-tester/node_modules/@wp-playground/blueprints/index.js:1129:13)
        at process.processTicksAndRejections (node:internal/process/task_queues:105:5)
        at async _.run (file:///home/runner/work/playground-tester/playground-tester/node_modules/@php-wasm/util/index.js:45:14)
  }
}

Node.js v23.11.0
