file:///home/runner/work/playground-tester/playground-tester/node_modules/@wp-playground/cli/index.js:237
        throw new Error(y, { cause: u });
              ^

Error: [30-May-2025 05:28:32 UTC] PHP Fatal error:  Array and string offset access syntax with curly braces is no longer supported in /wordpress/wp-content/plugins/templecoin-payments-for-woocommerce/bwwc-utils.php on line 854
[30-May-2025 05:28:39 UTC] PHP Fatal error:  Array and string offset access syntax with curly braces is no longer supported in /wordpress/wp-content/plugins/templecoin-payments-for-woocommerce/bwwc-utils.php on line 854
[30-May-2025 05:28:46 UTC] PHP Fatal error:  Array and string offset access syntax with curly braces is no longer supported in /wordpress/wp-content/plugins/templecoin-payments-for-woocommerce/bwwc-utils.php on line 854
[30-May-2025 05:29:20 UTC] PHP Deprecated:  Required parameter $custom_column follows optional parameter $empty in /wordpress/wp-content/plugins/term-menu-order/lib/ns_tmo_plugin.class.php on line 37
[30-May-2025 05:29:20 UTC] PHP Deprecated:  Required parameter $term_id follows optional parameter $empty in /wordpress/wp-content/plugins/term-menu-order/lib/ns_tmo_plugin.class.php on line 37
[30-May-2025 05:29:20 UTC] PHP Fatal error:  Uncaught Error: Non-static method NS_TMO_Plugin::get_instance() cannot be called statically in /wordpress/wp-content/plugins/term-menu-order/term-menu-order.php:63
Stack trace:
#0 /wordpress/wp-admin/includes/plugin.php(2387): include_once()
#1 /wordpress/wp-admin/includes/plugin.php(673): plugin_sandbox_scrape('term-menu-order...')
#2 /internal/eval.php(20): activate_plugin('term-menu-order...')
#3 {main}
  thrown in /wordpress/wp-content/plugins/term-menu-order/term-menu-order.php on line 63
[30-May-2025 05:29:28 UTC] PHP Deprecated:  Required parameter $custom_column follows optional parameter $empty in /wordpress/wp-content/plugins/term-menu-order/lib/ns_tmo_plugin.class.php on line 37
[30-May-2025 05:29:28 UTC] PHP Deprecated:  Required parameter $term_id follows optional parameter $empty in /wordpress/wp-content/plugins/term-menu-order/lib/ns_tmo_plugin.class.php on line 37
[30-May-2025 05:29:28 UTC] PHP Fatal error:  Uncaught Error: Non-static method NS_TMO_Plugin::get_instance() cannot be called statically in /wordpress/wp-content/plugins/term-menu-order/term-menu-order.php:63
Stack trace:
#0 /wordpress/wp-admin/includes/plugin.php(2387): include_once()
#1 /wordpress/wp-admin/includes/plugin.php(673): plugin_sandbox_scrape('term-menu-order...')
#2 /internal/eval.php(20): activate_plugin('term-menu-order...')
#3 {main}
  thrown in /wordpress/wp-content/plugins/term-menu-order/term-menu-order.php on line 63
[30-May-2025 05:29:36 UTC] PHP Deprecated:  Required parameter $custom_column follows optional parameter $empty in /wordpress/wp-content/plugins/term-menu-order/lib/ns_tmo_plugin.class.php on line 37
[30-May-2025 05:29:36 UTC] PHP Deprecated:  Required parameter $term_id follows optional parameter $empty in /wordpress/wp-content/plugins/term-menu-order/lib/ns_tmo_plugin.class.php on line 37
[30-May-2025 05:29:36 UTC] PHP Fatal error:  Uncaught Error: Non-static method NS_TMO_Plugin::get_instance() cannot be called statically in /wordpress/wp-content/plugins/term-menu-order/term-menu-order.php:63
Stack trace:
#0 /wordpress/wp-admin/includes/plugin.php(2387): include_once()
#1 /wordpress/wp-admin/includes/plugin.php(673): plugin_sandbox_scrape('term-menu-order...')
#2 /internal/eval.php(20): activate_plugin('term-menu-order...')
#3 {main}
  thrown in /wordpress/wp-content/plugins/term-menu-order/term-menu-order.php on line 63
[30-May-2025 05:29:45 UTC] PHP Deprecated:  File class-feed.php is <strong>deprecated</strong> since version 4.7.0! Use fetch_feed() instead. in /wordpress/wp-includes/functions.php on line 6121
[30-May-2025 05:29:45 UTC] PHP Deprecated:  File class-wp-feed-cache.php is <strong>deprecated</strong> since version 5.6.0 with no alternative available. This file is only loaded for backward compatibility with SimplePie 1.2.x. Please consider switching to a recent SimplePie version. in /wordpress/wp-includes/functions.php on line 6121
[30-May-2025 05:29:46 UTC] PHP Deprecated:  File class-feed.php is <strong>deprecated</strong> since version 4.7.0! Use fetch_feed() instead. in /wordpress/wp-includes/functions.php on line 6121
[30-May-2025 05:29:46 UTC] PHP Deprecated:  File class-wp-feed-cache.php is <strong>deprecated</strong> since version 5.6.0 with no alternative available. This file is only loaded for backward compatibility with SimplePie 1.2.x. Please consider switching to a recent SimplePie version. in /wordpress/wp-includes/functions.php on line 6121
[30-May-2025 05:29:46 UTC] PHP Notice:  Function _load_textdomain_just_in_time was called <strong>incorrectly</strong>. Translation loading for the <code>thethe-floating-bookmarks</code> domain was triggered too early. This is usually an indicator for some code in the plugin or theme running too early. Translations should be loaded at the <code>init</code> action or later. Please see <a href="https://developer.wordpress.org/advanced-administration/debug/debug-wordpress/">Debugging in WordPress</a> for more information. (This message was added in version 6.7.0.) in /wordpress/wp-includes/functions.php on line 6121
[30-May-2025 05:29:54 UTC] PHP Deprecated:  File class-feed.php is <strong>deprecated</strong> since version 4.7.0! Use fetch_feed() instead. in /wordpress/wp-includes/functions.php on line 6121
[30-May-2025 05:29:54 UTC] PHP Deprecated:  File class-wp-feed-cache.php is <strong>deprecated</strong> since version 5.6.0 with no alternative available. This file is only loaded for backward compatibility with SimplePie 1.2.x. Please consider switching to a recent SimplePie version. in /wordpress/wp-includes/functions.php on line 6121
[30-May-2025 05:29:55 UTC] PHP Deprecated:  File class-feed.php is <strong>deprecated</strong> since version 4.7.0! Use fetch_feed() instead. in /wordpress/wp-includes/functions.php on line 6121
[30-May-2025 05:29:55 UTC] PHP Deprecated:  File class-wp-feed-cache.php is <strong>deprecated</strong> since version 5.6.0 with no alternative available. This file is only loaded for backward compatibility with SimplePie 1.2.x. Please consider switching to a recent SimplePie version. in /wordpress/wp-includes/functions.php on line 6121
[30-May-2025 05:29:55 UTC] PHP Notice:  Function _load_textdomain_just_in_time was called <strong>incorrectly</strong>. Translation loading for the <code>thethe-floating-bookmarks</code> domain was triggered too early. This is usually an indicator for some code in the plugin or theme running too early. Translations should be loaded at the <code>init</code> action or later. Please see <a href="https://developer.wordpress.org/advanced-administration/debug/debug-wordpress/">Debugging in WordPress</a> for more information. (This message was added in version 6.7.0.) in /wordpress/wp-includes/functions.php on line 6121
[30-May-2025 05:30:02 UTC] PHP Deprecated:  File class-feed.php is <strong>deprecated</strong> since version 4.7.0! Use fetch_feed() instead. in /wordpress/wp-includes/functions.php on line 6121
[30-May-2025 05:30:02 UTC] PHP Deprecated:  File class-wp-feed-cache.php is <strong>deprecated</strong> since version 5.6.0 with no alternative available. This file is only loaded for backward compatibility with SimplePie 1.2.x. Please consider switching to a recent SimplePie version. in /wordpress/wp-includes/functions.php on line 6121
[30-May-2025 05:30:03 UTC] PHP Deprecated:  File class-feed.php is <strong>deprecated</strong> since version 4.7.0! Use fetch_feed() instead. in /wordpress/wp-includes/functions.php on line 6121
[30-May-2025 05:30:03 UTC] PHP Deprecated:  File class-wp-feed-cache.php is <strong>deprecated</strong> since version 5.6.0 with no alternative available. This file is only loaded for backward compatibility with SimplePie 1.2.x. Please consider switching to a recent SimplePie version. in /wordpress/wp-includes/functions.php on line 6121
[30-May-2025 05:30:03 UTC] PHP Notice:  Function _load_textdomain_just_in_time was called <strong>incorrectly</strong>. Translation loading for the <code>thethe-floating-bookmarks</code> domain was triggered too early. This is usually an indicator for some code in the plugin or theme running too early. Translations should be loaded at the <code>init</code> action or later. Please see <a href="https://developer.wordpress.org/advanced-administration/debug/debug-wordpress/">Debugging in WordPress</a> for more information. (This message was added in version 6.7.0.) in /wordpress/wp-includes/functions.php on line 6121
[30-May-2025 05:30:15 UTC] PHP Fatal error:  Uncaught Exception: Broadcast requires a Wordpress network install. It does not support single installs. in /wordpress/wp-content/plugins/threewp-broadcast/src/ThreeWP_Broadcast.php:236
Stack trace:
#0 /wordpress/wp-content/plugins/threewp-broadcast/src/sdk/wordpress/base.php(204): threewp_broadcast\ThreeWP_Broadcast->activate()
#1 /wordpress/wp-includes/class-wp-hook.php(324): plainview\sdk_broadcast\wordpress\base->activate_internal(false)
#2 /wordpress/wp-includes/class-wp-hook.php(348): WP_Hook->apply_filters('', Array)
#3 /wordpress/wp-includes/plugin.php(517): WP_Hook->do_action(Array)
#4 /wordpress/wp-admin/includes/plugin.php(703): do_action('activate_threew...', false)
#5 /internal/eval.php(20): activate_plugin('threewp-broadca...')
#6 {main}
  thrown in /wordpress/wp-content/plugins/threewp-broadcast/src/ThreeWP_Broadcast.php on line 236
[30-May-2025 05:30:25 UTC] PHP Fatal error:  Uncaught Exception: Broadcast requires a Wordpress network install. It does not support single installs. in /wordpress/wp-content/plugins/threewp-broadcast/src/ThreeWP_Broadcast.php:236
Stack trace:
#0 /wordpress/wp-content/plugins/threewp-broadcast/src/sdk/wordpress/base.php(204): threewp_broadcast\ThreeWP_Broadcast->activate()
#1 /wordpress/wp-includes/class-wp-hook.php(324): plainview\sdk_broadcast\wordpress\base->activate_internal(false)
#2 /wordpress/wp-includes/class-wp-hook.php(348): WP_Hook->apply_filters('', Array)
#3 /wordpress/wp-includes/plugin.php(517): WP_Hook->do_action(Array)
#4 /wordpress/wp-admin/includes/plugin.php(703): do_action('activate_threew...', false)
#5 /internal/eval.php(20): activate_plugin('threewp-broadca...')
#6 {main}
  thrown in /wordpress/wp-content/plugins/threewp-broadcast/src/ThreeWP_Broadcast.php on line 236
[30-May-2025 05:30:34 UTC] PHP Fatal error:  Uncaught Exception: Broadcast requires a Wordpress network install. It does not support single installs. in /wordpress/wp-content/plugins/threewp-broadcast/src/ThreeWP_Broadcast.php:236
Stack trace:
#0 /wordpress/wp-content/plugins/threewp-broadcast/src/sdk/wordpress/base.php(204): threewp_broadcast\ThreeWP_Broadcast->activate()
#1 /wordpress/wp-includes/class-wp-hook.php(324): plainview\sdk_broadcast\wordpress\base->activate_internal(false)
#2 /wordpress/wp-includes/class-wp-hook.php(348): WP_Hook->apply_filters('', Array)
#3 /wordpress/wp-includes/plugin.php(517): WP_Hook->do_action(Array)
#4 /wordpress/wp-admin/includes/plugin.php(703): do_action('activate_threew...', false)
#5 /internal/eval.php(20): activate_plugin('threewp-broadca...')
#6 {main}
  thrown in /wordpress/wp-content/plugins/threewp-broadcast/src/ThreeWP_Broadcast.php on line 236
[30-May-2025 05:30:43 UTC] PHP Warning:  Constant DS already defined in /wordpress/wp-content/plugins/thumbshots/thumbshots.php on line 18
[30-May-2025 05:30:43 UTC] PHP Warning:  Constant DS already defined in /wordpress/wp-content/plugins/thumbshots/thumbshots.php on line 18
[30-May-2025 05:30:51 UTC] PHP Warning:  Constant DS already defined in /wordpress/wp-content/plugins/thumbshots/thumbshots.php on line 18
[30-May-2025 05:30:51 UTC] PHP Warning:  Constant DS already defined in /wordpress/wp-content/plugins/thumbshots/thumbshots.php on line 18
[30-May-2025 05:30:58 UTC] PHP Warning:  Constant DS already defined in /wordpress/wp-content/plugins/thumbshots/thumbshots.php on line 18
[30-May-2025 05:30:59 UTC] PHP Warning:  Constant DS already defined in /wordpress/wp-content/plugins/thumbshots/thumbshots.php on line 18
[30-May-2025 05:31:37 UTC] PHP Deprecated:  Required parameter $width follows optional parameter $attach_id in /wordpress/wp-content/plugins/tiled-gallery-carousel-without-jetpack/tiled-gallery.php on line 138
[30-May-2025 05:31:37 UTC] PHP Deprecated:  Required parameter $height follows optional parameter $attach_id in /wordpress/wp-content/plugins/tiled-gallery-carousel-without-jetpack/tiled-gallery.php on line 138
[30-May-2025 05:31:38 UTC] PHP Deprecated:  Required parameter $width follows optional parameter $attach_id in /wordpress/wp-content/plugins/tiled-gallery-carousel-without-jetpack/tiled-gallery.php on line 138
[30-May-2025 05:31:38 UTC] PHP Deprecated:  Required parameter $height follows optional parameter $attach_id in /wordpress/wp-content/plugins/tiled-gallery-carousel-without-jetpack/tiled-gallery.php on line 138
[30-May-2025 05:31:47 UTC] PHP Deprecated:  Required parameter $width follows optional parameter $attach_id in /wordpress/wp-content/plugins/tiled-gallery-carousel-without-jetpack/tiled-gallery.php on line 138
[30-May-2025 05:31:47 UTC] PHP Deprecated:  Required parameter $height follows optional parameter $attach_id in /wordpress/wp-content/plugins/tiled-gallery-carousel-without-jetpack/tiled-gallery.php on line 138
[30-May-2025 05:31:48 UTC] PHP Deprecated:  Required parameter $width follows optional parameter $attach_id in /wordpress/wp-content/plugins/tiled-gallery-carousel-without-jetpack/tiled-gallery.php on line 138
[30-May-2025 05:31:48 UTC] PHP Deprecated:  Required parameter $height follows optional parameter $attach_id in /wordpress/wp-content/plugins/tiled-gallery-carousel-without-jetpack/tiled-gallery.php on line 138
[30-May-2025 05:31:56 UTC] PHP Deprecated:  Required parameter $width follows optional parameter $attach_id in /wordpress/wp-content/plugins/tiled-gallery-carousel-without-jetpack/tiled-gallery.php on line 138
[30-May-2025 05:31:56 UTC] PHP Deprecated:  Required parameter $height follows optional parameter $attach_id in /wordpress/wp-content/plugins/tiled-gallery-carousel-without-jetpack/tiled-gallery.php on line 138
[30-May-2025 05:31:57 UTC] PHP Deprecated:  Required parameter $width follows optional parameter $attach_id in /wordpress/wp-content/plugins/tiled-gallery-carousel-without-jetpack/tiled-gallery.php on line 138
[30-May-2025 05:31:57 UTC] PHP Deprecated:  Required parameter $height follows optional parameter $attach_id in /wordpress/wp-content/plugins/tiled-gallery-carousel-without-jetpack/tiled-gallery.php on line 138
[30-May-2025 05:32:05 UTC] PHP Fatal error:  Uncaught Error: Call to undefined function create_function() in /wordpress/wp-content/plugins/zeaks-code-snippets/zeaks-snippets.php:353
Stack trace:
#0 /wordpress/wp-admin/includes/plugin.php(2387): include_once()
#1 /wordpress/wp-admin/includes/plugin.php(673): plugin_sandbox_scrape('zeaks-code-snip...')
#2 /internal/eval.php(20): activate_plugin('zeaks-code-snip...')
#3 {main}
  thrown in /wordpress/wp-content/plugins/zeaks-code-snippets/zeaks-snippets.php on line 353
[30-May-2025 05:32:13 UTC] PHP Fatal error:  Uncaught Error: Call to undefined function create_function() in /wordpress/wp-content/plugins/zeaks-code-snippets/zeaks-snippets.php:353
Stack trace:
#0 /wordpress/wp-admin/includes/plugin.php(2387): include_once()
#1 /wordpress/wp-admin/includes/plugin.php(673): plugin_sandbox_scrape('zeaks-code-snip...')
#2 /internal/eval.php(20): activate_plugin('zeaks-code-snip...')
#3 {main}
  thrown in /wordpress/wp-content/plugins/zeaks-code-snippets/zeaks-snippets.php on line 353
[30-May-2025 05:32:21 UTC] PHP Fatal error:  Uncaught Error: Call to undefined function create_function() in /wordpress/wp-content/plugins/zeaks-code-snippets/zeaks-snippets.php:353
Stack trace:
#0 /wordpress/wp-admin/includes/plugin.php(2387): include_once()
#1 /wordpress/wp-admin/includes/plugin.php(673): plugin_sandbox_scrape('zeaks-code-snip...')
#2 /internal/eval.php(20): activate_plugin('zeaks-code-snip...')
#3 {main}
  thrown in /wordpress/wp-content/plugins/zeaks-code-snippets/zeaks-snippets.php on line 353
[30-May-2025 05:33:54 UTC] PHP Fatal error:  Array and string offset access syntax with curly braces is no longer supported in /wordpress/wp-content/plugins/zelocator/hc3/profiler.php on line 33
[30-May-2025 05:34:03 UTC] PHP Fatal error:  Array and string offset access syntax with curly braces is no longer supported in /wordpress/wp-content/plugins/zelocator/hc3/profiler.php on line 33
[30-May-2025 05:34:12 UTC] PHP Fatal error:  Array and string offset access syntax with curly braces is no longer supported in /wordpress/wp-content/plugins/zelocator/hc3/profiler.php on line 33

    at Object.onBind (file:///home/runner/work/playground-tester/playground-tester/node_modules/@wp-playground/cli/index.js:237:15)
    at process.processTicksAndRejections (node:internal/process/task_queues:105:5)
    at async V (file:///home/runner/work/playground-tester/playground-tester/node_modules/@wp-playground/cli/index.js:64:10)
    at async ja (file:///home/runner/work/playground-tester/playground-tester/node_modules/@wp-playground/cli/cli.js:8161:12) {
  [cause]: Error: Error when executing the blueprint step #1 ({"step":"installPlugin","pluginData":{"resource":"wordpress.org/plugins","slug":"zelocator"},"options":{"activate":true}}) : PHP.run() failed with exit code 255 and the following output: 
      at Object.run (file:///home/runner/work/playground-tester/playground-tester/node_modules/@wp-playground/blueprints/index.js:12449:19)
      at process.processTicksAndRejections (node:internal/process/task_queues:105:5)
      at async ms (file:///home/runner/work/playground-tester/playground-tester/node_modules/@wp-playground/blueprints/index.js:12552:3)
      ... 2 lines matching cause stack trace ...
      at async ja (file:///home/runner/work/playground-tester/playground-tester/node_modules/@wp-playground/cli/cli.js:8161:12) {
    [cause]: PHPExecutionFailureError: PHP.run() failed with exit code 255 and the following output: 
        at PHP.run (file:///home/runner/work/playground-tester/playground-tester/node_modules/@php-wasm/universal/index.js:987:19)
        at process.processTicksAndRejections (node:internal/process/task_queues:105:5)
        at async wr (file:///home/runner/work/playground-tester/playground-tester/node_modules/@wp-playground/blueprints/index.js:73:13)
        at async Object.gt [as installPlugin] (file:///home/runner/work/playground-tester/playground-tester/node_modules/@wp-playground/blueprints/index.js:974:42)
        at async g (file:///home/runner/work/playground-tester/playground-tester/node_modules/@wp-playground/blueprints/index.js:12517:30)
        at async Object.run (file:///home/runner/work/playground-tester/playground-tester/node_modules/@wp-playground/blueprints/index.js:12446:23)
        at async ms (file:///home/runner/work/playground-tester/playground-tester/node_modules/@wp-playground/blueprints/index.js:12552:3)
        at async Object.onBind (file:///home/runner/work/playground-tester/playground-tester/node_modules/@wp-playground/cli/index.js:227:48)
        at async V (file:///home/runner/work/playground-tester/playground-tester/node_modules/@wp-playground/cli/index.js:64:10)
        at async ja (file:///home/runner/work/playground-tester/playground-tester/node_modules/@wp-playground/cli/cli.js:8161:12) {
      response: PHPResponse {
        httpStatusCode: 500,
        headers: {
          'x-powered-by': [ 'PHP/8.0.30-dev' ],
          'content-type': [ 'text/html; charset=UTF-8' ],
          expires: [ 'Wed, 11 Jan 1984 05:00:00 GMT' ],
          'cache-control': [ 'no-cache, must-revalidate, max-age=0, no-store, private' ]
        },
        bytes: Uint8Array(2653) [
           60,  33,  68,  79,  67,  84,  89,  80,  69,  32, 104, 116,
          109, 108,  62,  10,  60, 104, 116, 109, 108,  32, 108,  97,
          110, 103,  61,  34, 101, 110,  45,  85,  83,  34,  62,  10,
           60, 104, 101,  97, 100,  62,  10,   9,  60, 109, 101, 116,
           97,  32, 104, 116, 116, 112,  45, 101, 113, 117, 105, 118,
           61,  34,  67, 111, 110, 116, 101, 110, 116,  45,  84, 121,
          112, 101,  34,  32,  99, 111, 110, 116, 101, 110, 116,  61,
           34, 116, 101, 120, 116,  47, 104, 116, 109, 108,  59,  32,
           99, 104,  97, 114,
          ... 2553 more items
        ],
        exitCode: 255,
        errors: ''
      },
      source: 'request'
    }
  }
}

Node.js v23.11.0
