file:///home/runner/work/playground-tester/playground-tester/node_modules/@wp-playground/cli/run-cli-j-geJYS3.js:325
        throw new Error($, { cause: h });
              ^

Error: [06-Jul-2025 08:54:12 UTC] PHP Warning:  Trying to access array offset on value of type bool in /wordpress/wp-content/plugins/biltorvet-dealer-tools/classes/Biltorvet.php on line 33
[06-Jul-2025 08:54:21 UTC] PHP Warning:  Trying to access array offset on value of type bool in /wordpress/wp-content/plugins/biltorvet-dealer-tools/classes/Biltorvet.php on line 33
[06-Jul-2025 08:54:31 UTC] PHP Warning:  Trying to access array offset on value of type bool in /wordpress/wp-content/plugins/biltorvet-dealer-tools/classes/Biltorvet.php on line 33
[06-Jul-2025 08:56:44 UTC] WordPress database error <div style="clear:both">&nbsp;</div>
<div class="queries" style="clear:both;margin-bottom:2px;border:red dotted thin;">
<p>MySQL query:</p>
<p>SELECT hitcounter, imagename, flag FROM wp_imagecounter</p>
<p>Queries made or created this session were:</p>
<ol>
<li>Executing: BEGIN IMMEDIATE | (no parameters)</li>
<li>Executing: SELECT `hitcounter` , `imagename` , `flag` FROM `wp_imagecounter` | (no parameters)</li>
<li>Executing: ROLLBACK | (no parameters)</li>
</ol>
</div>
<div style="clear:both;margin-bottom:2px;border:red dotted thin;" class="error_message" style="border-bottom:dotted blue thin;">
SQLSTATE[HY000]: General error: 1 no such table: wp_imagecounter
</div>
<p>Backtrace:</p>
<pre>#0 /internal/shared/sqlite-database-integration/wp-includes/sqlite-ast/class-wp-sqlite-driver.php(683): WP_SQLite_Driver->new_driver_exception('SQLSTATE[HY000]...', 'HY000', Object(PDOException))
#1 /internal/shared/sqlite-database-integration/wp-includes/sqlite/class-wp-sqlite-db.php(491): WP_SQLite_Driver->query('SELECT hitcount...')
#2 /internal/shared/sqlite-database-integration/wp-includes/sqlite/class-wp-sqlite-db.php(432): WP_SQLite_DB->_do_query('SELECT hitcount...')
#3 /wordpress/wp-includes/class-wpdb.php(3065): WP_SQLite_DB->query('SELECT hitcount...')
#4 /wordpress/wp-content/plugins/bd-hit-counter/image.php(102): wpdb->get_row('SELECT hitcount...')
#5 /wordpress/wp-content/plugins/bd-hit-counter/image.php(27): perform_install()
#6 /wordpress/wp-admin/includes/plugin.php(2387): include_once('/wordpress/wp-c...')
#7 /wordpress/wp-admin/includes/plugin.php(673): plugin_sandbox_scrape('bd-hit-counter/...')
#8 /internal/eval.php(20): activate_plugin('bd-hit-counter/...')
#9 {main}</pre>
 for query SELECT hitcounter, imagename, flag FROM wp_imagecounter made by activate_plugin, plugin_sandbox_scrape, include_once('/plugins/bd-hit-counter/image.php'), perform_install, WP_SQLite_DB->query, WP_SQLite_DB->print_error
[06-Jul-2025 08:56:44 UTC] PHP Fatal error:  Uncaught Error: Call to undefined function create_function() in /wordpress/wp-content/plugins/bd-hit-counter/image.php:183
Stack trace:
#0 /wordpress/wp-admin/includes/plugin.php(2387): include_once()
#1 /wordpress/wp-admin/includes/plugin.php(673): plugin_sandbox_scrape('bd-hit-counter/...')
#2 /internal/eval.php(20): activate_plugin('bd-hit-counter/...')
#3 {main}
  thrown in /wordpress/wp-content/plugins/bd-hit-counter/image.php on line 183
[06-Jul-2025 08:56:56 UTC] WordPress database error <div style="clear:both">&nbsp;</div>
<div class="queries" style="clear:both;margin-bottom:2px;border:red dotted thin;">
<p>MySQL query:</p>
<p>SELECT hitcounter, imagename, flag FROM wp_imagecounter</p>
<p>Queries made or created this session were:</p>
<ol>
<li>Executing: BEGIN IMMEDIATE | (no parameters)</li>
<li>Executing: SELECT `hitcounter` , `imagename` , `flag` FROM `wp_imagecounter` | (no parameters)</li>
<li>Executing: ROLLBACK | (no parameters)</li>
</ol>
</div>
<div style="clear:both;margin-bottom:2px;border:red dotted thin;" class="error_message" style="border-bottom:dotted blue thin;">
SQLSTATE[HY000]: General error: 1 no such table: wp_imagecounter
</div>
<p>Backtrace:</p>
<pre>#0 /internal/shared/sqlite-database-integration/wp-includes/sqlite-ast/class-wp-sqlite-driver.php(683): WP_SQLite_Driver->new_driver_exception('SQLSTATE[HY000]...', 'HY000', Object(PDOException))
#1 /internal/shared/sqlite-database-integration/wp-includes/sqlite/class-wp-sqlite-db.php(491): WP_SQLite_Driver->query('SELECT hitcount...')
#2 /internal/shared/sqlite-database-integration/wp-includes/sqlite/class-wp-sqlite-db.php(432): WP_SQLite_DB->_do_query('SELECT hitcount...')
#3 /wordpress/wp-includes/class-wpdb.php(3065): WP_SQLite_DB->query('SELECT hitcount...')
#4 /wordpress/wp-content/plugins/bd-hit-counter/image.php(102): wpdb->get_row('SELECT hitcount...')
#5 /wordpress/wp-content/plugins/bd-hit-counter/image.php(27): perform_install()
#6 /wordpress/wp-admin/includes/plugin.php(2387): include_once('/wordpress/wp-c...')
#7 /wordpress/wp-admin/includes/plugin.php(673): plugin_sandbox_scrape('bd-hit-counter/...')
#8 /internal/eval.php(20): activate_plugin('bd-hit-counter/...')
#9 {main}</pre>
 for query SELECT hitcounter, imagename, flag FROM wp_imagecounter made by activate_plugin, plugin_sandbox_scrape, include_once('/plugins/bd-hit-counter/image.php'), perform_install, WP_SQLite_DB->query, WP_SQLite_DB->print_error
[06-Jul-2025 08:56:56 UTC] PHP Fatal error:  Uncaught Error: Call to undefined function create_function() in /wordpress/wp-content/plugins/bd-hit-counter/image.php:183
Stack trace:
#0 /wordpress/wp-admin/includes/plugin.php(2387): include_once()
#1 /wordpress/wp-admin/includes/plugin.php(673): plugin_sandbox_scrape('bd-hit-counter/...')
#2 /internal/eval.php(20): activate_plugin('bd-hit-counter/...')
#3 {main}
  thrown in /wordpress/wp-content/plugins/bd-hit-counter/image.php on line 183
[06-Jul-2025 08:57:09 UTC] WordPress database error <div style="clear:both">&nbsp;</div>
<div class="queries" style="clear:both;margin-bottom:2px;border:red dotted thin;">
<p>MySQL query:</p>
<p>SELECT hitcounter, imagename, flag FROM wp_imagecounter</p>
<p>Queries made or created this session were:</p>
<ol>
<li>Executing: BEGIN IMMEDIATE | (no parameters)</li>
<li>Executing: SELECT `hitcounter` , `imagename` , `flag` FROM `wp_imagecounter` | (no parameters)</li>
<li>Executing: ROLLBACK | (no parameters)</li>
</ol>
</div>
<div style="clear:both;margin-bottom:2px;border:red dotted thin;" class="error_message" style="border-bottom:dotted blue thin;">
SQLSTATE[HY000]: General error: 1 no such table: wp_imagecounter
</div>
<p>Backtrace:</p>
<pre>#0 /internal/shared/sqlite-database-integration/wp-includes/sqlite-ast/class-wp-sqlite-driver.php(683): WP_SQLite_Driver->new_driver_exception('SQLSTATE[HY000]...', 'HY000', Object(PDOException))
#1 /internal/shared/sqlite-database-integration/wp-includes/sqlite/class-wp-sqlite-db.php(491): WP_SQLite_Driver->query('SELECT hitcount...')
#2 /internal/shared/sqlite-database-integration/wp-includes/sqlite/class-wp-sqlite-db.php(432): WP_SQLite_DB->_do_query('SELECT hitcount...')
#3 /wordpress/wp-includes/class-wpdb.php(3065): WP_SQLite_DB->query('SELECT hitcount...')
#4 /wordpress/wp-content/plugins/bd-hit-counter/image.php(102): wpdb->get_row('SELECT hitcount...')
#5 /wordpress/wp-content/plugins/bd-hit-counter/image.php(27): perform_install()
#6 /wordpress/wp-admin/includes/plugin.php(2387): include_once('/wordpress/wp-c...')
#7 /wordpress/wp-admin/includes/plugin.php(673): plugin_sandbox_scrape('bd-hit-counter/...')
#8 /internal/eval.php(20): activate_plugin('bd-hit-counter/...')
#9 {main}</pre>
 for query SELECT hitcounter, imagename, flag FROM wp_imagecounter made by activate_plugin, plugin_sandbox_scrape, include_once('/plugins/bd-hit-counter/image.php'), perform_install, WP_SQLite_DB->query, WP_SQLite_DB->print_error
[06-Jul-2025 08:57:09 UTC] PHP Fatal error:  Uncaught Error: Call to undefined function create_function() in /wordpress/wp-content/plugins/bd-hit-counter/image.php:183
Stack trace:
#0 /wordpress/wp-admin/includes/plugin.php(2387): include_once()
#1 /wordpress/wp-admin/includes/plugin.php(673): plugin_sandbox_scrape('bd-hit-counter/...')
#2 /internal/eval.php(20): activate_plugin('bd-hit-counter/...')
#3 {main}
  thrown in /wordpress/wp-content/plugins/bd-hit-counter/image.php on line 183
[06-Jul-2025 09:00:44 UTC] PHP Fatal error:  Uncaught RuntimeException: <div style="clear:both">&nbsp;</div>
<div class="queries" style="clear:both;margin-bottom:2px;border:red dotted thin;">
<p>MySQL query:</p>
<p>CREATE TABLE IF NOT EXISTS wp_bit_social_accounts (
             id BIGINT  UNSIGNED NOT NULL AUTO_INCREMENT
, custom_app_id BIGINT(20) UNSIGNED NULL
, profile_id VARCHAR(255) NOT NULL
, account_id VARCHAR(255) NOT NULL
, account_name VARCHAR(255) NOT NULL
, details LONGTEXT  NOT NULL
, platform VARCHAR(255) NOT NULL
, account_type INTEGER  NOT NULL
, status BOOLEAN  NOT NULL DEFAULT 1
, created_at timestamp  NULL DEFAULT NULL
, updated_at timestamp  NULL DEFAULT NULL,
PRIMARY KEY (
id
), FOREIGN KEY (custom_app_id) REFERENCES wp_bit_social_custom_apps (id) ON DELETE CASCADE
             ) </p>
<p>Queries made or created this session were:</p>
<ol>
<li>Executing: BEGIN IMMEDIATE | (no parameters)</li>
<li>Executing: SELECT 1 FROM `_wp_sqlite_mysql_information_schema_tables` WHERE table_schema = ? AND table_name = ? | parameters: database_name in /wordpress/wp-content/plugins/bit-social/vendor/bitapps/wp-database/src/Blueprint.php on line 176
[06-Jul-2025 09:00:54 UTC] PHP Fatal error:  Uncaught RuntimeException: <div style="clear:both">&nbsp;</div>
<div class="queries" style="clear:both;margin-bottom:2px;border:red dotted thin;">
<p>MySQL query:</p>
<p>CREATE TABLE IF NOT EXISTS wp_bit_social_accounts (
             id BIGINT  UNSIGNED NOT NULL AUTO_INCREMENT
, custom_app_id BIGINT(20) UNSIGNED NULL
, profile_id VARCHAR(255) NOT NULL
, account_id VARCHAR(255) NOT NULL
, account_name VARCHAR(255) NOT NULL
, details LONGTEXT  NOT NULL
, platform VARCHAR(255) NOT NULL
, account_type INTEGER  NOT NULL
, status BOOLEAN  NOT NULL DEFAULT 1
, created_at timestamp  NULL DEFAULT NULL
, updated_at timestamp  NULL DEFAULT NULL,
PRIMARY KEY (
id
), FOREIGN KEY (custom_app_id) REFERENCES wp_bit_social_custom_apps (id) ON DELETE CASCADE
             ) </p>
<p>Queries made or created this session were:</p>
<ol>
<li>Executing: BEGIN IMMEDIATE | (no parameters)</li>
<li>Executing: SELECT 1 FROM `_wp_sqlite_mysql_information_schema_tables` WHERE table_schema = ? AND table_name = ? | parameters: database_name in /wordpress/wp-content/plugins/bit-social/vendor/bitapps/wp-database/src/Blueprint.php on line 176
[06-Jul-2025 09:01:04 UTC] PHP Fatal error:  Uncaught RuntimeException: <div style="clear:both">&nbsp;</div>
<div class="queries" style="clear:both;margin-bottom:2px;border:red dotted thin;">
<p>MySQL query:</p>
<p>CREATE TABLE IF NOT EXISTS wp_bit_social_accounts (
             id BIGINT  UNSIGNED NOT NULL AUTO_INCREMENT
, custom_app_id BIGINT(20) UNSIGNED NULL
, profile_id VARCHAR(255) NOT NULL
, account_id VARCHAR(255) NOT NULL
, account_name VARCHAR(255) NOT NULL
, details LONGTEXT  NOT NULL
, platform VARCHAR(255) NOT NULL
, account_type INTEGER  NOT NULL
, status BOOLEAN  NOT NULL DEFAULT 1
, created_at timestamp  NULL DEFAULT NULL
, updated_at timestamp  NULL DEFAULT NULL,
PRIMARY KEY (
id
), FOREIGN KEY (custom_app_id) REFERENCES wp_bit_social_custom_apps (id) ON DELETE CASCADE
             ) </p>
<p>Queries made or created this session were:</p>
<ol>
<li>Executing: BEGIN IMMEDIATE | (no parameters)</li>
<li>Executing: SELECT 1 FROM `_wp_sqlite_mysql_information_schema_tables` WHERE table_schema = ? AND table_name = ? | parameters: database_name in /wordpress/wp-content/plugins/bit-social/vendor/bitapps/wp-database/src/Blueprint.php on line 176
[06-Jul-2025 09:01:47 UTC] PHP Warning:  Array to string conversion in /wordpress/wp-content/plugins/bitdefender-antispam-for-wordpress/bdapi.php on line 56
[06-Jul-2025 09:01:47 UTC] PHP Fatal error:  Uncaught TypeError: Cannot access offset of type string on string in /wordpress/wp-content/plugins/bitdefender-antispam-for-wordpress/bdapi.php:82
Stack trace:
#0 /wordpress/wp-content/plugins/bitdefender-antispam-for-wordpress/bdscan.php(1320): bd_perform('activate', Array, '')
#1 /wordpress/wp-includes/class-wp-hook.php(324): bd_plugin_activate(false)
#2 /wordpress/wp-includes/class-wp-hook.php(348): WP_Hook->apply_filters('', Array)
#3 /wordpress/wp-includes/plugin.php(517): WP_Hook->do_action(Array)
#4 /wordpress/wp-admin/includes/plugin.php(703): do_action('activate_bitdef...', false)
#5 /internal/eval.php(20): activate_plugin('bitdefender-ant...')
#6 {main}
  thrown in /wordpress/wp-content/plugins/bitdefender-antispam-for-wordpress/bdapi.php on line 82
[06-Jul-2025 09:01:56 UTC] PHP Warning:  Array to string conversion in /wordpress/wp-content/plugins/bitdefender-antispam-for-wordpress/bdapi.php on line 56
[06-Jul-2025 09:01:56 UTC] PHP Fatal error:  Uncaught TypeError: Cannot access offset of type string on string in /wordpress/wp-content/plugins/bitdefender-antispam-for-wordpress/bdapi.php:82
Stack trace:
#0 /wordpress/wp-content/plugins/bitdefender-antispam-for-wordpress/bdscan.php(1320): bd_perform('activate', Array, '')
#1 /wordpress/wp-includes/class-wp-hook.php(324): bd_plugin_activate(false)
#2 /wordpress/wp-includes/class-wp-hook.php(348): WP_Hook->apply_filters('', Array)
#3 /wordpress/wp-includes/plugin.php(517): WP_Hook->do_action(Array)
#4 /wordpress/wp-admin/includes/plugin.php(703): do_action('activate_bitdef...', false)
#5 /internal/eval.php(20): activate_plugin('bitdefender-ant...')
#6 {main}
  thrown in /wordpress/wp-content/plugins/bitdefender-antispam-for-wordpress/bdapi.php on line 82
[06-Jul-2025 09:02:05 UTC] PHP Warning:  Array to string conversion in /wordpress/wp-content/plugins/bitdefender-antispam-for-wordpress/bdapi.php on line 56
[06-Jul-2025 09:02:05 UTC] PHP Fatal error:  Uncaught TypeError: Cannot access offset of type string on string in /wordpress/wp-content/plugins/bitdefender-antispam-for-wordpress/bdapi.php:82
Stack trace:
#0 /wordpress/wp-content/plugins/bitdefender-antispam-for-wordpress/bdscan.php(1320): bd_perform('activate', Array, '')
#1 /wordpress/wp-includes/class-wp-hook.php(324): bd_plugin_activate(false)
#2 /wordpress/wp-includes/class-wp-hook.php(348): WP_Hook->apply_filters('', Array)
#3 /wordpress/wp-includes/plugin.php(517): WP_Hook->do_action(Array)
#4 /wordpress/wp-admin/includes/plugin.php(703): do_action('activate_bitdef...', false)
#5 /internal/eval.php(20): activate_plugin('bitdefender-ant...')
#6 {main}
  thrown in /wordpress/wp-content/plugins/bitdefender-antispam-for-wordpress/bdapi.php on line 82
[06-Jul-2025 09:04:05 UTC] PHP Warning:  require_once(/wordpress/wp-content/plugins/bizuno-migrate/../bizuno-accounting/portal/controller.php): Failed to open stream: No such file or directory in /wordpress/wp-content/plugins/bizuno-migrate/bizuno-migrate.php on line 23
[06-Jul-2025 09:04:05 UTC] PHP Fatal error:  Uncaught Error: Failed opening required '/wordpress/wp-content/plugins/bizuno-migrate/../bizuno-accounting/portal/controller.php' (include_path='.:') in /wordpress/wp-content/plugins/bizuno-migrate/bizuno-migrate.php:23
Stack trace:
#0 /wordpress/wp-includes/class-wp-hook.php(324): bizuno_migrate_activate(false)
#1 /wordpress/wp-includes/class-wp-hook.php(348): WP_Hook->apply_filters('', Array)
#2 /wordpress/wp-includes/plugin.php(517): WP_Hook->do_action(Array)
#3 /wordpress/wp-admin/includes/plugin.php(703): do_action('activate_bizuno...', false)
#4 /internal/eval.php(20): activate_plugin('bizuno-migrate/...')
#5 {main}
  thrown in /wordpress/wp-content/plugins/bizuno-migrate/bizuno-migrate.php on line 23
[06-Jul-2025 09:04:15 UTC] PHP Warning:  require_once(/wordpress/wp-content/plugins/bizuno-migrate/../bizuno-accounting/portal/controller.php): Failed to open stream: No such file or directory in /wordpress/wp-content/plugins/bizuno-migrate/bizuno-migrate.php on line 23
[06-Jul-2025 09:04:15 UTC] PHP Fatal error:  Uncaught Error: Failed opening required '/wordpress/wp-content/plugins/bizuno-migrate/../bizuno-accounting/portal/controller.php' (include_path='.:') in /wordpress/wp-content/plugins/bizuno-migrate/bizuno-migrate.php:23
Stack trace:
#0 /wordpress/wp-includes/class-wp-hook.php(324): bizuno_migrate_activate(false)
#1 /wordpress/wp-includes/class-wp-hook.php(348): WP_Hook->apply_filters('', Array)
#2 /wordpress/wp-includes/plugin.php(517): WP_Hook->do_action(Array)
#3 /wordpress/wp-admin/includes/plugin.php(703): do_action('activate_bizuno...', false)
#4 /internal/eval.php(20): activate_plugin('bizuno-migrate/...')
#5 {main}
  thrown in /wordpress/wp-content/plugins/bizuno-migrate/bizuno-migrate.php on line 23

    at Object.onBind (file:///home/runner/work/playground-tester/playground-tester/node_modules/@wp-playground/cli/run-cli-j-geJYS3.js:325:15)
    at process.processTicksAndRejections (node:internal/process/task_queues:105:5)
    at async re (file:///home/runner/work/playground-tester/playground-tester/node_modules/@wp-playground/cli/run-cli-j-geJYS3.js:149:10) {
  [cause]: Error: Error when executing the blueprint step #1 ({"step":"installPlugin","pluginData":{"resource":"wordpress.org/plugins","slug":"bizuno-migrate"},"options":{"activate":true}}) : PHP.run() failed with exit code 255 and the following output: 
      at Object.run (file:///home/runner/work/playground-tester/playground-tester/node_modules/@wp-playground/blueprints/index.js:12093:19)
      at process.processTicksAndRejections (node:internal/process/task_queues:105:5)
      at async ys (file:///home/runner/work/playground-tester/playground-tester/node_modules/@wp-playground/blueprints/index.js:12196:3)
      at async Object.onBind (file:///home/runner/work/playground-tester/playground-tester/node_modules/@wp-playground/cli/run-cli-j-geJYS3.js:315:48)
      at async re (file:///home/runner/work/playground-tester/playground-tester/node_modules/@wp-playground/cli/run-cli-j-geJYS3.js:149:10) {
    [cause]: PHPExecutionFailureError: PHP.run() failed with exit code 255 and the following output: 
        at PHP.run (file:///home/runner/work/playground-tester/playground-tester/node_modules/@php-wasm/universal/index.js:1034:19)
        at process.processTicksAndRejections (node:internal/process/task_queues:105:5)
        at async wr (file:///home/runner/work/playground-tester/playground-tester/node_modules/@wp-playground/blueprints/index.js:34:39)
        at async Object.gt [as installPlugin] (file:///home/runner/work/playground-tester/playground-tester/node_modules/@wp-playground/blueprints/index.js:631:42)
        at async g (file:///home/runner/work/playground-tester/playground-tester/node_modules/@wp-playground/blueprints/index.js:12161:30)
        at async Object.run (file:///home/runner/work/playground-tester/playground-tester/node_modules/@wp-playground/blueprints/index.js:12090:23)
        at async ys (file:///home/runner/work/playground-tester/playground-tester/node_modules/@wp-playground/blueprints/index.js:12196:3)
        at async Object.onBind (file:///home/runner/work/playground-tester/playground-tester/node_modules/@wp-playground/cli/run-cli-j-geJYS3.js:315:48)
        at async re (file:///home/runner/work/playground-tester/playground-tester/node_modules/@wp-playground/cli/run-cli-j-geJYS3.js:149:10) {
      response: PHPResponse {
        httpStatusCode: 500,
        headers: {
          'x-powered-by': [ 'PHP/8.0.30-dev' ],
          'content-type': [ 'text/html; charset=UTF-8' ]
        },
        bytes: Uint8Array(0) [],
        exitCode: 255,
        errors: ''
      },
      source: 'request'
    }
  }
}

Node.js v23.11.0
