file:///home/runner/work/playground-tester/playground-tester/node_modules/@wp-playground/cli/run-cli-j-geJYS3.js:325
        throw new Error($, { cause: h });
              ^

Error: [21-Jun-2025 11:25:10 UTC] PHP Warning:  require_once(/wordpress/wp-content/plugins/style-it/inc/fontmanager.php): Failed to open stream: No such file or directory in /wordpress/wp-content/plugins/style-it/style-it.php on line 49
[21-Jun-2025 11:25:10 UTC] PHP Fatal error:  Uncaught Error: Failed opening required '/wordpress/wp-content/plugins/style-it/inc/fontmanager.php' (include_path='.:') in /wordpress/wp-content/plugins/style-it/style-it.php:49
Stack trace:
#0 /wordpress/wp-admin/includes/plugin.php(2387): include_once()
#1 /wordpress/wp-admin/includes/plugin.php(673): plugin_sandbox_scrape('style-it/style-...')
#2 /internal/eval.php(20): activate_plugin('style-it/style-...')
#3 {main}
  thrown in /wordpress/wp-content/plugins/style-it/style-it.php on line 49
[21-Jun-2025 11:25:18 UTC] PHP Warning:  require_once(/wordpress/wp-content/plugins/style-it/inc/fontmanager.php): Failed to open stream: No such file or directory in /wordpress/wp-content/plugins/style-it/style-it.php on line 49
[21-Jun-2025 11:25:18 UTC] PHP Fatal error:  Uncaught Error: Failed opening required '/wordpress/wp-content/plugins/style-it/inc/fontmanager.php' (include_path='.:') in /wordpress/wp-content/plugins/style-it/style-it.php:49
Stack trace:
#0 /wordpress/wp-admin/includes/plugin.php(2387): include_once()
#1 /wordpress/wp-admin/includes/plugin.php(673): plugin_sandbox_scrape('style-it/style-...')
#2 /internal/eval.php(20): activate_plugin('style-it/style-...')
#3 {main}
  thrown in /wordpress/wp-content/plugins/style-it/style-it.php on line 49
[21-Jun-2025 11:25:26 UTC] PHP Warning:  require_once(/wordpress/wp-content/plugins/style-it/inc/fontmanager.php): Failed to open stream: No such file or directory in /wordpress/wp-content/plugins/style-it/style-it.php on line 49
[21-Jun-2025 11:25:26 UTC] PHP Fatal error:  Uncaught Error: Failed opening required '/wordpress/wp-content/plugins/style-it/inc/fontmanager.php' (include_path='.:') in /wordpress/wp-content/plugins/style-it/style-it.php:49
Stack trace:
#0 /wordpress/wp-admin/includes/plugin.php(2387): include_once()
#1 /wordpress/wp-admin/includes/plugin.php(673): plugin_sandbox_scrape('style-it/style-...')
#2 /internal/eval.php(20): activate_plugin('style-it/style-...')
#3 {main}
  thrown in /wordpress/wp-content/plugins/style-it/style-it.php on line 49
[21-Jun-2025 11:27:04 UTC] PHP Notice:  Function _load_textdomain_just_in_time was called <strong>incorrectly</strong>. Translation loading for the <code>sb-core</code> domain was triggered too early. This is usually an indicator for some code in the plugin or theme running too early. Translations should be loaded at the <code>init</code> action or later. Please see <a href="https://developer.wordpress.org/advanced-administration/debug/debug-wordpress/">Debugging in WordPress</a> for more information. (This message was added in version 6.7.0.) in /wordpress/wp-includes/functions.php on line 6121
[21-Jun-2025 11:27:15 UTC] PHP Notice:  Function _load_textdomain_just_in_time was called <strong>incorrectly</strong>. Translation loading for the <code>sb-core</code> domain was triggered too early. This is usually an indicator for some code in the plugin or theme running too early. Translations should be loaded at the <code>init</code> action or later. Please see <a href="https://developer.wordpress.org/advanced-administration/debug/debug-wordpress/">Debugging in WordPress</a> for more information. (This message was added in version 6.7.0.) in /wordpress/wp-includes/functions.php on line 6121
[21-Jun-2025 11:27:25 UTC] PHP Notice:  Function _load_textdomain_just_in_time was called <strong>incorrectly</strong>. Translation loading for the <code>sb-core</code> domain was triggered too early. This is usually an indicator for some code in the plugin or theme running too early. Translations should be loaded at the <code>init</code> action or later. Please see <a href="https://developer.wordpress.org/advanced-administration/debug/debug-wordpress/">Debugging in WordPress</a> for more information. (This message was added in version 6.7.0.) in /wordpress/wp-includes/functions.php on line 6121
[21-Jun-2025 11:27:34 UTC] PHP Deprecated:  Function register_sidebar_widget is <strong>deprecated</strong> since version 2.8.0! Use wp_register_sidebar_widget() instead. in /wordpress/wp-includes/functions.php on line 6121
[21-Jun-2025 11:27:34 UTC] PHP Deprecated:  Function register_widget_control is <strong>deprecated</strong> since version 2.8.0! Use wp_register_widget_control() instead. in /wordpress/wp-includes/functions.php on line 6121
[21-Jun-2025 11:27:44 UTC] PHP Deprecated:  Function register_sidebar_widget is <strong>deprecated</strong> since version 2.8.0! Use wp_register_sidebar_widget() instead. in /wordpress/wp-includes/functions.php on line 6121
[21-Jun-2025 11:27:44 UTC] PHP Deprecated:  Function register_widget_control is <strong>deprecated</strong> since version 2.8.0! Use wp_register_widget_control() instead. in /wordpress/wp-includes/functions.php on line 6121
[21-Jun-2025 11:27:54 UTC] PHP Deprecated:  Function register_sidebar_widget is <strong>deprecated</strong> since version 2.8.0! Use wp_register_sidebar_widget() instead. in /wordpress/wp-includes/functions.php on line 6121
[21-Jun-2025 11:27:54 UTC] PHP Deprecated:  Function register_widget_control is <strong>deprecated</strong> since version 2.8.0! Use wp_register_widget_control() instead. in /wordpress/wp-includes/functions.php on line 6121
[21-Jun-2025 11:28:03 UTC] PHP Warning:  The magic method SCR\CKE_Purchase\Plugin::__wakeup() must have public visibility in /wordpress/wp-content/plugins/scr-camping-key-europe-purchase/scr-cke-purchase.php on line 101
[21-Jun-2025 11:28:03 UTC] PHP Warning:  Trying to access array offset on value of type bool in /wordpress/wp-content/plugins/scr-camping-key-europe-purchase/scr-cke-purchase.php on line 257
[21-Jun-2025 11:28:04 UTC] PHP Warning:  The magic method SCR\CKE_Purchase\Plugin::__wakeup() must have public visibility in /wordpress/wp-content/plugins/scr-camping-key-europe-purchase/scr-cke-purchase.php on line 101
[21-Jun-2025 11:28:04 UTC] PHP Warning:  Trying to access array offset on value of type bool in /wordpress/wp-content/plugins/scr-camping-key-europe-purchase/scr-cke-purchase.php on line 257
[21-Jun-2025 11:28:13 UTC] PHP Warning:  The magic method SCR\CKE_Purchase\Plugin::__wakeup() must have public visibility in /wordpress/wp-content/plugins/scr-camping-key-europe-purchase/scr-cke-purchase.php on line 101
[21-Jun-2025 11:28:13 UTC] PHP Warning:  Trying to access array offset on value of type bool in /wordpress/wp-content/plugins/scr-camping-key-europe-purchase/scr-cke-purchase.php on line 257
[21-Jun-2025 11:28:13 UTC] PHP Warning:  The magic method SCR\CKE_Purchase\Plugin::__wakeup() must have public visibility in /wordpress/wp-content/plugins/scr-camping-key-europe-purchase/scr-cke-purchase.php on line 101
[21-Jun-2025 11:28:13 UTC] PHP Warning:  Trying to access array offset on value of type bool in /wordpress/wp-content/plugins/scr-camping-key-europe-purchase/scr-cke-purchase.php on line 257
[21-Jun-2025 11:28:22 UTC] PHP Warning:  The magic method SCR\CKE_Purchase\Plugin::__wakeup() must have public visibility in /wordpress/wp-content/plugins/scr-camping-key-europe-purchase/scr-cke-purchase.php on line 101
[21-Jun-2025 11:28:22 UTC] PHP Warning:  Trying to access array offset on value of type bool in /wordpress/wp-content/plugins/scr-camping-key-europe-purchase/scr-cke-purchase.php on line 257
[21-Jun-2025 11:28:23 UTC] PHP Warning:  The magic method SCR\CKE_Purchase\Plugin::__wakeup() must have public visibility in /wordpress/wp-content/plugins/scr-camping-key-europe-purchase/scr-cke-purchase.php on line 101
[21-Jun-2025 11:28:23 UTC] PHP Warning:  Trying to access array offset on value of type bool in /wordpress/wp-content/plugins/scr-camping-key-europe-purchase/scr-cke-purchase.php on line 257
[21-Jun-2025 11:29:59 UTC] PHP Deprecated:  File rss.php is <strong>deprecated</strong> since version 3.0.0! Use wp-includes/class-simplepie.php instead. in /wordpress/wp-includes/functions.php on line 6121
[21-Jun-2025 11:29:59 UTC] PHP Deprecated:  File wp-db.php is <strong>deprecated</strong> since version 6.1.0! Use wp-includes/class-wpdb.php instead. in /wordpress/wp-includes/functions.php on line 6121
[21-Jun-2025 11:30:01 UTC] PHP Deprecated:  File rss.php is <strong>deprecated</strong> since version 3.0.0! Use wp-includes/class-simplepie.php instead. in /wordpress/wp-includes/functions.php on line 6121
[21-Jun-2025 11:30:01 UTC] PHP Deprecated:  File wp-db.php is <strong>deprecated</strong> since version 6.1.0! Use wp-includes/class-wpdb.php instead. in /wordpress/wp-includes/functions.php on line 6121
[21-Jun-2025 11:30:01 UTC] PHP Deprecated:  Function register_sidebar_widget is <strong>deprecated</strong> since version 2.8.0! Use wp_register_sidebar_widget() instead. in /wordpress/wp-includes/functions.php on line 6121
[21-Jun-2025 11:30:01 UTC] PHP Deprecated:  Function register_widget_control is <strong>deprecated</strong> since version 2.8.0! Use wp_register_widget_control() instead. in /wordpress/wp-includes/functions.php on line 6121
[21-Jun-2025 11:30:09 UTC] PHP Deprecated:  File rss.php is <strong>deprecated</strong> since version 3.0.0! Use wp-includes/class-simplepie.php instead. in /wordpress/wp-includes/functions.php on line 6121
[21-Jun-2025 11:30:09 UTC] PHP Deprecated:  File wp-db.php is <strong>deprecated</strong> since version 6.1.0! Use wp-includes/class-wpdb.php instead. in /wordpress/wp-includes/functions.php on line 6121
[21-Jun-2025 11:30:10 UTC] PHP Deprecated:  File rss.php is <strong>deprecated</strong> since version 3.0.0! Use wp-includes/class-simplepie.php instead. in /wordpress/wp-includes/functions.php on line 6121
[21-Jun-2025 11:30:10 UTC] PHP Deprecated:  File wp-db.php is <strong>deprecated</strong> since version 6.1.0! Use wp-includes/class-wpdb.php instead. in /wordpress/wp-includes/functions.php on line 6121
[21-Jun-2025 11:30:10 UTC] PHP Deprecated:  Function register_sidebar_widget is <strong>deprecated</strong> since version 2.8.0! Use wp_register_sidebar_widget() instead. in /wordpress/wp-includes/functions.php on line 6121
[21-Jun-2025 11:30:10 UTC] PHP Deprecated:  Function register_widget_control is <strong>deprecated</strong> since version 2.8.0! Use wp_register_widget_control() instead. in /wordpress/wp-includes/functions.php on line 6121
[21-Jun-2025 11:30:19 UTC] PHP Deprecated:  File rss.php is <strong>deprecated</strong> since version 3.0.0! Use wp-includes/class-simplepie.php instead. in /wordpress/wp-includes/functions.php on line 6121
[21-Jun-2025 11:30:19 UTC] PHP Deprecated:  File wp-db.php is <strong>deprecated</strong> since version 6.1.0! Use wp-includes/class-wpdb.php instead. in /wordpress/wp-includes/functions.php on line 6121
[21-Jun-2025 11:30:20 UTC] PHP Deprecated:  File rss.php is <strong>deprecated</strong> since version 3.0.0! Use wp-includes/class-simplepie.php instead. in /wordpress/wp-includes/functions.php on line 6121
[21-Jun-2025 11:30:20 UTC] PHP Deprecated:  File wp-db.php is <strong>deprecated</strong> since version 6.1.0! Use wp-includes/class-wpdb.php instead. in /wordpress/wp-includes/functions.php on line 6121
[21-Jun-2025 11:30:20 UTC] PHP Deprecated:  Function register_sidebar_widget is <strong>deprecated</strong> since version 2.8.0! Use wp_register_sidebar_widget() instead. in /wordpress/wp-includes/functions.php on line 6121
[21-Jun-2025 11:30:20 UTC] PHP Deprecated:  Function register_widget_control is <strong>deprecated</strong> since version 2.8.0! Use wp_register_widget_control() instead. in /wordpress/wp-includes/functions.php on line 6121
[21-Jun-2025 11:30:59 UTC] PHP Notice:  Function _load_textdomain_just_in_time was called <strong>incorrectly</strong>. Translation loading for the <code>social-divi</code> domain was triggered too early. This is usually an indicator for some code in the plugin or theme running too early. Translations should be loaded at the <code>init</code> action or later. Please see <a href="https://developer.wordpress.org/advanced-administration/debug/debug-wordpress/">Debugging in WordPress</a> for more information. (This message was added in version 6.7.0.) in /wordpress/wp-includes/functions.php on line 6121
[21-Jun-2025 11:31:08 UTC] PHP Notice:  Function _load_textdomain_just_in_time was called <strong>incorrectly</strong>. Translation loading for the <code>social-divi</code> domain was triggered too early. This is usually an indicator for some code in the plugin or theme running too early. Translations should be loaded at the <code>init</code> action or later. Please see <a href="https://developer.wordpress.org/advanced-administration/debug/debug-wordpress/">Debugging in WordPress</a> for more information. (This message was added in version 6.7.0.) in /wordpress/wp-includes/functions.php on line 6121
[21-Jun-2025 11:31:18 UTC] PHP Notice:  Function _load_textdomain_just_in_time was called <strong>incorrectly</strong>. Translation loading for the <code>social-divi</code> domain was triggered too early. This is usually an indicator for some code in the plugin or theme running too early. Translations should be loaded at the <code>init</code> action or later. Please see <a href="https://developer.wordpress.org/advanced-administration/debug/debug-wordpress/">Debugging in WordPress</a> for more information. (This message was added in version 6.7.0.) in /wordpress/wp-includes/functions.php on line 6121
[21-Jun-2025 11:33:44 UTC] PHP Warning:  Undefined array key "action" in /wordpress/wp-content/plugins/simple-facebook-comments-for-wordpress/SFCController.php on line 18
[21-Jun-2025 11:33:44 UTC] PHP Fatal error:  Uncaught PDOException: SQLSTATE[HY000] [2002] Address family not supported by protocol in /wordpress/wp-content/plugins/simple-facebook-comments-for-wordpress/Model/PdoSingleton.php:10
Stack trace:
#0 /wordpress/wp-content/plugins/simple-facebook-comments-for-wordpress/Model/PdoSingleton.php(10): PDO->__construct('mysql:dbname=da...', 'username_here', 'password_here')
#1 /wordpress/wp-content/plugins/simple-facebook-comments-for-wordpress/Model/PdoSingleton.php(18): PdoSingleton->__construct('database_name_h...', 'localhost', 'username_here', 'password_here')
#2 /wordpress/wp-content/plugins/simple-facebook-comments-for-wordpress/SFCController.php(25): PdoSingleton::initialize('database_name_h...', 'localhost', 'username_here', 'password_here')
#3 /wordpress/wp-admin/includes/plugin.php(2387): include_once('/wordpress/wp-c...')
#4 /wordpress/wp-admin/includes/plugin.php(673): plugin_sandbox_scrape('simple-facebook...')
#5 /internal/eval.php(20): activate_plugin('simple-facebook...')
#6 {main}
  thrown in /wordpress/wp-content/plugins/simple-facebook-comments-for-wordpress/Model/PdoSingleton.php on line 10
[21-Jun-2025 11:33:52 UTC] PHP Warning:  Undefined array key "action" in /wordpress/wp-content/plugins/simple-facebook-comments-for-wordpress/SFCController.php on line 18
[21-Jun-2025 11:33:52 UTC] PHP Fatal error:  Uncaught PDOException: SQLSTATE[HY000] [2002] Address family not supported by protocol in /wordpress/wp-content/plugins/simple-facebook-comments-for-wordpress/Model/PdoSingleton.php:10
Stack trace:
#0 /wordpress/wp-content/plugins/simple-facebook-comments-for-wordpress/Model/PdoSingleton.php(10): PDO->__construct('mysql:dbname=da...', 'username_here', 'password_here')
#1 /wordpress/wp-content/plugins/simple-facebook-comments-for-wordpress/Model/PdoSingleton.php(18): PdoSingleton->__construct('database_name_h...', 'localhost', 'username_here', 'password_here')
#2 /wordpress/wp-content/plugins/simple-facebook-comments-for-wordpress/SFCController.php(25): PdoSingleton::initialize('database_name_h...', 'localhost', 'username_here', 'password_here')
#3 /wordpress/wp-admin/includes/plugin.php(2387): include_once('/wordpress/wp-c...')
#4 /wordpress/wp-admin/includes/plugin.php(673): plugin_sandbox_scrape('simple-facebook...')
#5 /internal/eval.php(20): activate_plugin('simple-facebook...')
#6 {main}
  thrown in /wordpress/wp-content/plugins/simple-facebook-comments-for-wordpress/Model/PdoSingleton.php on line 10
[21-Jun-2025 11:34:00 UTC] PHP Warning:  Undefined array key "action" in /wordpress/wp-content/plugins/simple-facebook-comments-for-wordpress/SFCController.php on line 18
[21-Jun-2025 11:34:00 UTC] PHP Fatal error:  Uncaught PDOException: SQLSTATE[HY000] [2002] Address family not supported by protocol in /wordpress/wp-content/plugins/simple-facebook-comments-for-wordpress/Model/PdoSingleton.php:10
Stack trace:
#0 /wordpress/wp-content/plugins/simple-facebook-comments-for-wordpress/Model/PdoSingleton.php(10): PDO->__construct('mysql:dbname=da...', 'username_here', 'password_here')
#1 /wordpress/wp-content/plugins/simple-facebook-comments-for-wordpress/Model/PdoSingleton.php(18): PdoSingleton->__construct('database_name_h...', 'localhost', 'username_here', 'password_here')
#2 /wordpress/wp-content/plugins/simple-facebook-comments-for-wordpress/SFCController.php(25): PdoSingleton::initialize('database_name_h...', 'localhost', 'username_here', 'password_here')
#3 /wordpress/wp-admin/includes/plugin.php(2387): include_once('/wordpress/wp-c...')
#4 /wordpress/wp-admin/includes/plugin.php(673): plugin_sandbox_scrape('simple-facebook...')
#5 /internal/eval.php(20): activate_plugin('simple-facebook...')
#6 {main}
  thrown in /wordpress/wp-content/plugins/simple-facebook-comments-for-wordpress/Model/PdoSingleton.php on line 10
[21-Jun-2025 11:34:09 UTC] PHP Fatal error:  Uncaught Error: Call to undefined function create_function() in /wordpress/wp-content/plugins/simple-flickr-photostream-widget/simple-flickr-photostream-widget.php:473
Stack trace:
#0 /wordpress/wp-admin/includes/plugin.php(2387): include_once()
#1 /wordpress/wp-admin/includes/plugin.php(673): plugin_sandbox_scrape('simple-flickr-p...')
#2 /internal/eval.php(20): activate_plugin('simple-flickr-p...')
#3 {main}
  thrown in /wordpress/wp-content/plugins/simple-flickr-photostream-widget/simple-flickr-photostream-widget.php on line 473
[21-Jun-2025 11:34:16 UTC] PHP Fatal error:  Uncaught Error: Call to undefined function create_function() in /wordpress/wp-content/plugins/simple-flickr-photostream-widget/simple-flickr-photostream-widget.php:473
Stack trace:
#0 /wordpress/wp-admin/includes/plugin.php(2387): include_once()
#1 /wordpress/wp-admin/includes/plugin.php(673): plugin_sandbox_scrape('simple-flickr-p...')
#2 /internal/eval.php(20): activate_plugin('simple-flickr-p...')
#3 {main}
  thrown in /wordpress/wp-content/plugins/simple-flickr-photostream-widget/simple-flickr-photostream-widget.php on line 473
[21-Jun-2025 11:34:25 UTC] PHP Fatal error:  Uncaught Error: Call to undefined function create_function() in /wordpress/wp-content/plugins/simple-flickr-photostream-widget/simple-flickr-photostream-widget.php:473
Stack trace:
#0 /wordpress/wp-admin/includes/plugin.php(2387): include_once()
#1 /wordpress/wp-admin/includes/plugin.php(673): plugin_sandbox_scrape('simple-flickr-p...')
#2 /internal/eval.php(20): activate_plugin('simple-flickr-p...')
#3 {main}
  thrown in /wordpress/wp-content/plugins/simple-flickr-photostream-widget/simple-flickr-photostream-widget.php on line 473

    at Object.onBind (file:///home/runner/work/playground-tester/playground-tester/node_modules/@wp-playground/cli/run-cli-j-geJYS3.js:325:15)
    at process.processTicksAndRejections (node:internal/process/task_queues:105:5)
    at async re (file:///home/runner/work/playground-tester/playground-tester/node_modules/@wp-playground/cli/run-cli-j-geJYS3.js:149:10) {
  [cause]: Error: Error when executing the blueprint step #1 ({"step":"installPlugin","pluginData":{"resource":"wordpress.org/plugins","slug":"simple-not-safe-for-work"},"options":{"activate":true}}) : Could not download "https://downloads.wordpress.org/plugin/simple-not-safe-for-work.latest-stable.zip".
  				Check if the URL is correct and the server is reachable.
  				If it is reachable, the server might be blocking the request.
  				Check the browser console and network tabs for more information.
  
  				## Does the console show the error "No 'Access-Control-Allow-Origin' header"?
  
  				This means the server that hosts your file does not allow requests from other sites
  				(cross-origin requests, or CORS).	You need to move the asset to a server that allows
  				cross-origin file downloads. Learn more about CORS at
  				https://developer.mozilla.org/en-US/docs/Web/HTTP/CORS.
  
  				If your file is on GitHub, load it from "raw.githubusercontent.com".
  				Here's how to do that:
  
  				1. Start with the original GitHub URL of the file. For example:
  				https://github.com/username/repository/blob/branch/filename.
  				2. Replace "github.com" with "raw.githubusercontent.com".
  				3. Remove the "/blob/" part of the URL.
  
  				The resulting URL should look like this:
  				https://raw.githubusercontent.com/username/repository/branch/filename
  
  				Error:
  				Error: Could not download "https://downloads.wordpress.org/plugin/simple-not-safe-for-work.latest-stable.zip"
      at Object.run (file:///home/runner/work/playground-tester/playground-tester/node_modules/@wp-playground/blueprints/index.js:12093:19)
      at process.processTicksAndRejections (node:internal/process/task_queues:105:5)
      at async ys (file:///home/runner/work/playground-tester/playground-tester/node_modules/@wp-playground/blueprints/index.js:12196:3)
      at async Object.onBind (file:///home/runner/work/playground-tester/playground-tester/node_modules/@wp-playground/cli/run-cli-j-geJYS3.js:315:48)
      at async re (file:///home/runner/work/playground-tester/playground-tester/node_modules/@wp-playground/cli/run-cli-j-geJYS3.js:149:10) {
    [cause]: Error: Could not download "https://downloads.wordpress.org/plugin/simple-not-safe-for-work.latest-stable.zip".
    				Check if the URL is correct and the server is reachable.
    				If it is reachable, the server might be blocking the request.
    				Check the browser console and network tabs for more information.
    
    				## Does the console show the error "No 'Access-Control-Allow-Origin' header"?
    
    				This means the server that hosts your file does not allow requests from other sites
    				(cross-origin requests, or CORS).	You need to move the asset to a server that allows
    				cross-origin file downloads. Learn more about CORS at
    				https://developer.mozilla.org/en-US/docs/Web/HTTP/CORS.
    
    				If your file is on GitHub, load it from "raw.githubusercontent.com".
    				Here's how to do that:
    
    				1. Start with the original GitHub URL of the file. For example:
    				https://github.com/username/repository/blob/branch/filename.
    				2. Replace "github.com" with "raw.githubusercontent.com".
    				3. Remove the "/blob/" part of the URL.
    
    				The resulting URL should look like this:
    				https://raw.githubusercontent.com/username/repository/branch/filename
    
    				Error:
    				Error: Could not download "https://downloads.wordpress.org/plugin/simple-not-safe-for-work.latest-stable.zip"
        at Ct.resolve (file:///home/runner/work/playground-tester/playground-tester/node_modules/@wp-playground/blueprints/index.js:1129:13)
        at process.processTicksAndRejections (node:internal/process/task_queues:105:5)
        at async _.run (file:///home/runner/work/playground-tester/playground-tester/node_modules/@php-wasm/util/index.js:45:14)
  }
}

Node.js v23.11.0
