[
{"message":"file:///home/runner/work/playground-tester/playground-tester/node_modules/@wp-playground/cli/run-cli-j-geJYS3.js:325\n        throw new Error($, { cause: h });\n              ^\n","level":"FATAL","type":"PLAYGROUND","test":"jspi-boot","plugin":"eg-series","details":"file:///home/runner/work/playground-tester/playground-tester/node_modules/@wp-playground/cli/run-cli-j-geJYS3.js:325\n        throw new Error($, { cause: h });\n              ^\n","log":"/tmp/tmp.ygiTdGFhuy"}
,
{"message":"Undefined array key \"OptionName\" in /wordpress/wp-content/plugins/emails-no-spam/EmailsNoSpam_OptionsManager.php on line 23","level":"WARNING","type":"PHP","test":"jspi-boot","plugin":"eg-series","details":"[06-Jun-2025 05:30:06 UTC] PHP Warning:  Undefined array key \"OptionName\" in /wordpress/wp-content/plugins/emails-no-spam/EmailsNoSpam_OptionsManager.php on line 23","log":"/logs/plugins/e/eg-series/error.json"}
,
{"message":"Undefined array key \"Value\" in /wordpress/wp-content/plugins/emails-no-spam/EmailsNoSpam_OptionsManager.php on line 28","level":"WARNING","type":"PHP","test":"jspi-boot","plugin":"eg-series","details":"[06-Jun-2025 05:30:06 UTC] PHP Warning:  Undefined array key \"Value\" in /wordpress/wp-content/plugins/emails-no-spam/EmailsNoSpam_OptionsManager.php on line 28","log":"/logs/plugins/e/eg-series/error.json"}
,
{"message":"Uncaught TypeError: count(): Argument #1 ($value) must be of type Countable|array, bool given in /wordpress/wp-content/plugins/emails-no-spam/EmailsNoSpam_Plugin.php:33","level":"FATAL","type":"PHP","test":"jspi-boot","plugin":"eg-series","details":"[06-Jun-2025 05:30:06 UTC] PHP Fatal error:  Uncaught TypeError: count(): Argument #1 ($value) must be of type Countable|array, bool given in /wordpress/wp-content/plugins/emails-no-spam/EmailsNoSpam_Plugin.php:33\nStack trace:\n#0 /wordpress/wp-content/plugins/emails-no-spam/EmailsNoSpam_LifeCycle.php(29): EmailsNoSpam_Plugin->initOptions()\n#1 /wordpress/wp-content/plugins/emails-no-spam/emails-no-spam_init.php(34): EmailsNoSpam_LifeCycle->install()\n#2 /wordpress/wp-content/plugins/emails-no-spam/emails-no-spam.php(93): EmailsNoSpam_init('/wordpress/wp-c...')\n#3 /wordpress/wp-admin/includes/plugin.php(2387): include_once('/wordpress/wp-c...')\n#4 /wordpress/wp-admin/includes/plugin.php(673): plugin_sandbox_scrape('emails-no-spam/...')\n#5 /internal/eval.php(20): activate_plugin('emails-no-spam/...')\n#6 {main}\n  thrown in /wordpress/wp-content/plugins/emails-no-spam/EmailsNoSpam_Plugin.php on line 33","log":"/logs/plugins/e/eg-series/error.json"}
,
{"message":"Undefined array key \"OptionName\" in /wordpress/wp-content/plugins/emails-no-spam/EmailsNoSpam_OptionsManager.php on line 23","level":"WARNING","type":"PHP","test":"jspi-boot","plugin":"eg-series","details":"[06-Jun-2025 05:30:15 UTC] PHP Warning:  Undefined array key \"OptionName\" in /wordpress/wp-content/plugins/emails-no-spam/EmailsNoSpam_OptionsManager.php on line 23","log":"/logs/plugins/e/eg-series/error.json"}
,
{"message":"Undefined array key \"Value\" in /wordpress/wp-content/plugins/emails-no-spam/EmailsNoSpam_OptionsManager.php on line 28","level":"WARNING","type":"PHP","test":"jspi-boot","plugin":"eg-series","details":"[06-Jun-2025 05:30:15 UTC] PHP Warning:  Undefined array key \"Value\" in /wordpress/wp-content/plugins/emails-no-spam/EmailsNoSpam_OptionsManager.php on line 28","log":"/logs/plugins/e/eg-series/error.json"}
,
{"message":"Uncaught TypeError: count(): Argument #1 ($value) must be of type Countable|array, bool given in /wordpress/wp-content/plugins/emails-no-spam/EmailsNoSpam_Plugin.php:33","level":"FATAL","type":"PHP","test":"jspi-boot","plugin":"eg-series","details":"[06-Jun-2025 05:30:15 UTC] PHP Fatal error:  Uncaught TypeError: count(): Argument #1 ($value) must be of type Countable|array, bool given in /wordpress/wp-content/plugins/emails-no-spam/EmailsNoSpam_Plugin.php:33\nStack trace:\n#0 /wordpress/wp-content/plugins/emails-no-spam/EmailsNoSpam_LifeCycle.php(29): EmailsNoSpam_Plugin->initOptions()\n#1 /wordpress/wp-content/plugins/emails-no-spam/emails-no-spam_init.php(34): EmailsNoSpam_LifeCycle->install()\n#2 /wordpress/wp-content/plugins/emails-no-spam/emails-no-spam.php(93): EmailsNoSpam_init('/wordpress/wp-c...')\n#3 /wordpress/wp-admin/includes/plugin.php(2387): include_once('/wordpress/wp-c...')\n#4 /wordpress/wp-admin/includes/plugin.php(673): plugin_sandbox_scrape('emails-no-spam/...')\n#5 /internal/eval.php(20): activate_plugin('emails-no-spam/...')\n#6 {main}\n  thrown in /wordpress/wp-content/plugins/emails-no-spam/EmailsNoSpam_Plugin.php on line 33","log":"/logs/plugins/e/eg-series/error.json"}
,
{"message":"Undefined array key \"OptionName\" in /wordpress/wp-content/plugins/emails-no-spam/EmailsNoSpam_OptionsManager.php on line 23","level":"WARNING","type":"PHP","test":"jspi-boot","plugin":"eg-series","details":"[06-Jun-2025 05:30:24 UTC] PHP Warning:  Undefined array key \"OptionName\" in /wordpress/wp-content/plugins/emails-no-spam/EmailsNoSpam_OptionsManager.php on line 23","log":"/logs/plugins/e/eg-series/error.json"}
,
{"message":"Undefined array key \"Value\" in /wordpress/wp-content/plugins/emails-no-spam/EmailsNoSpam_OptionsManager.php on line 28","level":"WARNING","type":"PHP","test":"jspi-boot","plugin":"eg-series","details":"[06-Jun-2025 05:30:24 UTC] PHP Warning:  Undefined array key \"Value\" in /wordpress/wp-content/plugins/emails-no-spam/EmailsNoSpam_OptionsManager.php on line 28","log":"/logs/plugins/e/eg-series/error.json"}
,
{"message":"Uncaught TypeError: count(): Argument #1 ($value) must be of type Countable|array, bool given in /wordpress/wp-content/plugins/emails-no-spam/EmailsNoSpam_Plugin.php:33","level":"FATAL","type":"PHP","test":"jspi-boot","plugin":"eg-series","details":"[06-Jun-2025 05:30:24 UTC] PHP Fatal error:  Uncaught TypeError: count(): Argument #1 ($value) must be of type Countable|array, bool given in /wordpress/wp-content/plugins/emails-no-spam/EmailsNoSpam_Plugin.php:33\nStack trace:\n#0 /wordpress/wp-content/plugins/emails-no-spam/EmailsNoSpam_LifeCycle.php(29): EmailsNoSpam_Plugin->initOptions()\n#1 /wordpress/wp-content/plugins/emails-no-spam/emails-no-spam_init.php(34): EmailsNoSpam_LifeCycle->install()\n#2 /wordpress/wp-content/plugins/emails-no-spam/emails-no-spam.php(93): EmailsNoSpam_init('/wordpress/wp-c...')\n#3 /wordpress/wp-admin/includes/plugin.php(2387): include_once('/wordpress/wp-c...')\n#4 /wordpress/wp-admin/includes/plugin.php(673): plugin_sandbox_scrape('emails-no-spam/...')\n#5 /internal/eval.php(20): activate_plugin('emails-no-spam/...')\n#6 {main}\n  thrown in /wordpress/wp-content/plugins/emails-no-spam/EmailsNoSpam_Plugin.php on line 33","log":"/logs/plugins/e/eg-series/error.json"}
,
{"message":"Uncaught Error: Class \"WC_Payment_Gateway\" not found in /wordpress/wp-content/plugins/endpay/index.php:41","level":"FATAL","type":"PHP","test":"jspi-boot","plugin":"eg-series","details":"[06-Jun-2025 05:30:54 UTC] PHP Fatal error:  Uncaught Error: Class \"WC_Payment_Gateway\" not found in /wordpress/wp-content/plugins/endpay/index.php:41\nStack trace:\n#0 /wordpress/wp-includes/class-wp-hook.php(324): init_gateway_class('')\n#1 /wordpress/wp-includes/class-wp-hook.php(348): WP_Hook->apply_filters(NULL, Array)\n#2 /wordpress/wp-includes/plugin.php(517): WP_Hook->do_action(Array)\n#3 /wordpress/wp-settings.php(578): do_action('plugins_loaded')\n#4 /wordpress/wp-config.php(102): require_once('/wordpress/wp-s...')\n#5 /wordpress/wp-load.php(50): require_once('/wordpress/wp-c...')\n#6 /internal/eval.php(3): require_once('/wordpress/wp-l...')\n#7 {main}\n  thrown in /wordpress/wp-content/plugins/endpay/index.php on line 41","log":"/logs/plugins/e/eg-series/error.json"}
,
{"message":"Uncaught Error: Class \"WC_Payment_Gateway\" not found in /wordpress/wp-content/plugins/endpay/index.php:41","level":"FATAL","type":"PHP","test":"jspi-boot","plugin":"eg-series","details":"[06-Jun-2025 05:31:03 UTC] PHP Fatal error:  Uncaught Error: Class \"WC_Payment_Gateway\" not found in /wordpress/wp-content/plugins/endpay/index.php:41\nStack trace:\n#0 /wordpress/wp-includes/class-wp-hook.php(324): init_gateway_class('')\n#1 /wordpress/wp-includes/class-wp-hook.php(348): WP_Hook->apply_filters(NULL, Array)\n#2 /wordpress/wp-includes/plugin.php(517): WP_Hook->do_action(Array)\n#3 /wordpress/wp-settings.php(578): do_action('plugins_loaded')\n#4 /wordpress/wp-config.php(102): require_once('/wordpress/wp-s...')\n#5 /wordpress/wp-load.php(50): require_once('/wordpress/wp-c...')\n#6 /internal/eval.php(3): require_once('/wordpress/wp-l...')\n#7 {main}\n  thrown in /wordpress/wp-content/plugins/endpay/index.php on line 41","log":"/logs/plugins/e/eg-series/error.json"}
,
{"message":"Uncaught Error: Class \"WC_Payment_Gateway\" not found in /wordpress/wp-content/plugins/endpay/index.php:41","level":"FATAL","type":"PHP","test":"jspi-boot","plugin":"eg-series","details":"[06-Jun-2025 05:31:12 UTC] PHP Fatal error:  Uncaught Error: Class \"WC_Payment_Gateway\" not found in /wordpress/wp-content/plugins/endpay/index.php:41\nStack trace:\n#0 /wordpress/wp-includes/class-wp-hook.php(324): init_gateway_class('')\n#1 /wordpress/wp-includes/class-wp-hook.php(348): WP_Hook->apply_filters(NULL, Array)\n#2 /wordpress/wp-includes/plugin.php(517): WP_Hook->do_action(Array)\n#3 /wordpress/wp-settings.php(578): do_action('plugins_loaded')\n#4 /wordpress/wp-config.php(102): require_once('/wordpress/wp-s...')\n#5 /wordpress/wp-load.php(50): require_once('/wordpress/wp-c...')\n#6 /internal/eval.php(3): require_once('/wordpress/wp-l...')\n#7 {main}\n  thrown in /wordpress/wp-content/plugins/endpay/index.php on line 41","log":"/logs/plugins/e/eg-series/error.json"}
,
{"message":"Required parameter $page_name follows optional parameter $order_array in /wordpress/wp-content/plugins/easy-accordion/lib/tom-m8te.php on line 341","level":"DEPRECATED","type":"PHP","test":"jspi-boot","plugin":"eg-series","details":"[06-Jun-2025 05:31:21 UTC] PHP Deprecated:  Required parameter $page_name follows optional parameter $order_array in /wordpress/wp-content/plugins/easy-accordion/lib/tom-m8te.php on line 341","log":"/logs/plugins/e/eg-series/error.json"}
,
{"message":"Required parameter $container_element follows optional parameter $field_attributes in /wordpress/wp-content/plugins/easy-accordion/lib/tom-m8te.php on line 772","level":"DEPRECATED","type":"PHP","test":"jspi-boot","plugin":"eg-series","details":"[06-Jun-2025 05:31:21 UTC] PHP Deprecated:  Required parameter $container_element follows optional parameter $field_attributes in /wordpress/wp-content/plugins/easy-accordion/lib/tom-m8te.php on line 772","log":"/logs/plugins/e/eg-series/error.json"}
,
{"message":"Required parameter $container_element follows optional parameter $field_attributes in /wordpress/wp-content/plugins/easy-accordion/lib/tom-m8te.php on line 925","level":"DEPRECATED","type":"PHP","test":"jspi-boot","plugin":"eg-series","details":"[06-Jun-2025 05:31:21 UTC] PHP Deprecated:  Required parameter $container_element follows optional parameter $field_attributes in /wordpress/wp-content/plugins/easy-accordion/lib/tom-m8te.php on line 925","log":"/logs/plugins/e/eg-series/error.json"}
,
{"message":"Uncaught Error: Undefined constant \"__EASYACCORDION_DEFAULT_LIMIT__\" in /wordpress/wp-content/plugins/easy-accordion/easy-accordion.php:36","level":"FATAL","type":"PHP","test":"jspi-boot","plugin":"eg-series","details":"[06-Jun-2025 05:31:21 UTC] PHP Fatal error:  Uncaught Error: Undefined constant \"__EASYACCORDION_DEFAULT_LIMIT__\" in /wordpress/wp-content/plugins/easy-accordion/easy-accordion.php:36\nStack trace:\n#0 /wordpress/wp-admin/includes/plugin.php(2387): include_once()\n#1 /wordpress/wp-admin/includes/plugin.php(673): plugin_sandbox_scrape('easy-accordion/...')\n#2 /internal/eval.php(20): activate_plugin('easy-accordion/...')\n#3 {main}\n  thrown in /wordpress/wp-content/plugins/easy-accordion/easy-accordion.php on line 36","log":"/logs/plugins/e/eg-series/error.json"}
,
{"message":"Required parameter $page_name follows optional parameter $order_array in /wordpress/wp-content/plugins/easy-accordion/lib/tom-m8te.php on line 341","level":"DEPRECATED","type":"PHP","test":"jspi-boot","plugin":"eg-series","details":"[06-Jun-2025 05:31:28 UTC] PHP Deprecated:  Required parameter $page_name follows optional parameter $order_array in /wordpress/wp-content/plugins/easy-accordion/lib/tom-m8te.php on line 341","log":"/logs/plugins/e/eg-series/error.json"}
,
{"message":"Required parameter $container_element follows optional parameter $field_attributes in /wordpress/wp-content/plugins/easy-accordion/lib/tom-m8te.php on line 772","level":"DEPRECATED","type":"PHP","test":"jspi-boot","plugin":"eg-series","details":"[06-Jun-2025 05:31:28 UTC] PHP Deprecated:  Required parameter $container_element follows optional parameter $field_attributes in /wordpress/wp-content/plugins/easy-accordion/lib/tom-m8te.php on line 772","log":"/logs/plugins/e/eg-series/error.json"}
,
{"message":"Required parameter $container_element follows optional parameter $field_attributes in /wordpress/wp-content/plugins/easy-accordion/lib/tom-m8te.php on line 925","level":"DEPRECATED","type":"PHP","test":"jspi-boot","plugin":"eg-series","details":"[06-Jun-2025 05:31:28 UTC] PHP Deprecated:  Required parameter $container_element follows optional parameter $field_attributes in /wordpress/wp-content/plugins/easy-accordion/lib/tom-m8te.php on line 925","log":"/logs/plugins/e/eg-series/error.json"}
,
{"message":"Uncaught Error: Undefined constant \"__EASYACCORDION_DEFAULT_LIMIT__\" in /wordpress/wp-content/plugins/easy-accordion/easy-accordion.php:36","level":"FATAL","type":"PHP","test":"jspi-boot","plugin":"eg-series","details":"[06-Jun-2025 05:31:28 UTC] PHP Fatal error:  Uncaught Error: Undefined constant \"__EASYACCORDION_DEFAULT_LIMIT__\" in /wordpress/wp-content/plugins/easy-accordion/easy-accordion.php:36\nStack trace:\n#0 /wordpress/wp-admin/includes/plugin.php(2387): include_once()\n#1 /wordpress/wp-admin/includes/plugin.php(673): plugin_sandbox_scrape('easy-accordion/...')\n#2 /internal/eval.php(20): activate_plugin('easy-accordion/...')\n#3 {main}\n  thrown in /wordpress/wp-content/plugins/easy-accordion/easy-accordion.php on line 36","log":"/logs/plugins/e/eg-series/error.json"}
,
{"message":"Required parameter $page_name follows optional parameter $order_array in /wordpress/wp-content/plugins/easy-accordion/lib/tom-m8te.php on line 341","level":"DEPRECATED","type":"PHP","test":"jspi-boot","plugin":"eg-series","details":"[06-Jun-2025 05:31:36 UTC] PHP Deprecated:  Required parameter $page_name follows optional parameter $order_array in /wordpress/wp-content/plugins/easy-accordion/lib/tom-m8te.php on line 341","log":"/logs/plugins/e/eg-series/error.json"}
,
{"message":"Required parameter $container_element follows optional parameter $field_attributes in /wordpress/wp-content/plugins/easy-accordion/lib/tom-m8te.php on line 772","level":"DEPRECATED","type":"PHP","test":"jspi-boot","plugin":"eg-series","details":"[06-Jun-2025 05:31:36 UTC] PHP Deprecated:  Required parameter $container_element follows optional parameter $field_attributes in /wordpress/wp-content/plugins/easy-accordion/lib/tom-m8te.php on line 772","log":"/logs/plugins/e/eg-series/error.json"}
,
{"message":"Required parameter $container_element follows optional parameter $field_attributes in /wordpress/wp-content/plugins/easy-accordion/lib/tom-m8te.php on line 925","level":"DEPRECATED","type":"PHP","test":"jspi-boot","plugin":"eg-series","details":"[06-Jun-2025 05:31:36 UTC] PHP Deprecated:  Required parameter $container_element follows optional parameter $field_attributes in /wordpress/wp-content/plugins/easy-accordion/lib/tom-m8te.php on line 925","log":"/logs/plugins/e/eg-series/error.json"}
,
{"message":"Uncaught Error: Undefined constant \"__EASYACCORDION_DEFAULT_LIMIT__\" in /wordpress/wp-content/plugins/easy-accordion/easy-accordion.php:36","level":"FATAL","type":"PHP","test":"jspi-boot","plugin":"eg-series","details":"[06-Jun-2025 05:31:36 UTC] PHP Fatal error:  Uncaught Error: Undefined constant \"__EASYACCORDION_DEFAULT_LIMIT__\" in /wordpress/wp-content/plugins/easy-accordion/easy-accordion.php:36\nStack trace:\n#0 /wordpress/wp-admin/includes/plugin.php(2387): include_once()\n#1 /wordpress/wp-admin/includes/plugin.php(673): plugin_sandbox_scrape('easy-accordion/...')\n#2 /internal/eval.php(20): activate_plugin('easy-accordion/...')\n#3 {main}\n  thrown in /wordpress/wp-content/plugins/easy-accordion/easy-accordion.php on line 36","log":"/logs/plugins/e/eg-series/error.json"}
,
{"message":"Uncaught Error: Call to undefined function mysql_num_rows() in /wordpress/wp-content/plugins/easysms/db.php:15","level":"FATAL","type":"PHP","test":"jspi-boot","plugin":"eg-series","details":"[06-Jun-2025 05:33:09 UTC] PHP Fatal error:  Uncaught Error: Call to undefined function mysql_num_rows() in /wordpress/wp-content/plugins/easysms/db.php:15\nStack trace:\n#0 /wordpress/wp-content/plugins/easysms/easysms.php(37): require_once()\n#1 /wordpress/wp-content/plugins/easysms/easysms.php(42): ro('db')\n#2 /wordpress/wp-admin/includes/plugin.php(2387): include_once('/wordpress/wp-c...')\n#3 /wordpress/wp-admin/includes/plugin.php(673): plugin_sandbox_scrape('easysms/easysms...')\n#4 /internal/eval.php(20): activate_plugin('easysms/easysms...')\n#5 {main}\n  thrown in /wordpress/wp-content/plugins/easysms/db.php on line 15","log":"/logs/plugins/e/eg-series/error.json"}
,
{"message":"Uncaught Error: Call to undefined function mysql_num_rows() in /wordpress/wp-content/plugins/easysms/db.php:15","level":"FATAL","type":"PHP","test":"jspi-boot","plugin":"eg-series","details":"[06-Jun-2025 05:33:17 UTC] PHP Fatal error:  Uncaught Error: Call to undefined function mysql_num_rows() in /wordpress/wp-content/plugins/easysms/db.php:15\nStack trace:\n#0 /wordpress/wp-content/plugins/easysms/easysms.php(37): require_once()\n#1 /wordpress/wp-content/plugins/easysms/easysms.php(42): ro('db')\n#2 /wordpress/wp-admin/includes/plugin.php(2387): include_once('/wordpress/wp-c...')\n#3 /wordpress/wp-admin/includes/plugin.php(673): plugin_sandbox_scrape('easysms/easysms...')\n#4 /internal/eval.php(20): activate_plugin('easysms/easysms...')\n#5 {main}\n  thrown in /wordpress/wp-content/plugins/easysms/db.php on line 15","log":"/logs/plugins/e/eg-series/error.json"}
,
{"message":"Uncaught Error: Call to undefined function mysql_num_rows() in /wordpress/wp-content/plugins/easysms/db.php:15","level":"FATAL","type":"PHP","test":"jspi-boot","plugin":"eg-series","details":"[06-Jun-2025 05:33:24 UTC] PHP Fatal error:  Uncaught Error: Call to undefined function mysql_num_rows() in /wordpress/wp-content/plugins/easysms/db.php:15\nStack trace:\n#0 /wordpress/wp-content/plugins/easysms/easysms.php(37): require_once()\n#1 /wordpress/wp-content/plugins/easysms/easysms.php(42): ro('db')\n#2 /wordpress/wp-admin/includes/plugin.php(2387): include_once('/wordpress/wp-c...')\n#3 /wordpress/wp-admin/includes/plugin.php(673): plugin_sandbox_scrape('easysms/easysms...')\n#4 /internal/eval.php(20): activate_plugin('easysms/easysms...')\n#5 {main}\n  thrown in /wordpress/wp-content/plugins/easysms/db.php on line 15","log":"/logs/plugins/e/eg-series/error.json"}
,
{"message":"Uncaught Error: Class \"WC_Shipping_Zone\" not found in /wordpress/wp-content/plugins/enviopack/utils.php:416","level":"FATAL","type":"PHP","test":"jspi-boot","plugin":"eg-series","details":"[06-Jun-2025 05:35:17 UTC] PHP Fatal error:  Uncaught Error: Class \"WC_Shipping_Zone\" not found in /wordpress/wp-content/plugins/enviopack/utils.php:416\nStack trace:\n#0 /wordpress/wp-includes/class-wp-hook.php(324): Ecomerciar\\Enviopack\\Utils\\create_page(false)\n#1 /wordpress/wp-includes/class-wp-hook.php(348): WP_Hook->apply_filters('', Array)\n#2 /wordpress/wp-includes/plugin.php(517): WP_Hook->do_action(Array)\n#3 /wordpress/wp-admin/includes/plugin.php(703): do_action('activate_enviop...', false)\n#4 /internal/eval.php(20): activate_plugin('enviopack/wooco...')\n#5 {main}\n  thrown in /wordpress/wp-content/plugins/enviopack/utils.php on line 416","log":"/logs/plugins/e/eg-series/error.json"}
,
{"message":"Uncaught Error: Class \"WC_Shipping_Zone\" not found in /wordpress/wp-content/plugins/enviopack/utils.php:416","level":"FATAL","type":"PHP","test":"jspi-boot","plugin":"eg-series","details":"[06-Jun-2025 05:35:25 UTC] PHP Fatal error:  Uncaught Error: Class \"WC_Shipping_Zone\" not found in /wordpress/wp-content/plugins/enviopack/utils.php:416\nStack trace:\n#0 /wordpress/wp-includes/class-wp-hook.php(324): Ecomerciar\\Enviopack\\Utils\\create_page(false)\n#1 /wordpress/wp-includes/class-wp-hook.php(348): WP_Hook->apply_filters('', Array)\n#2 /wordpress/wp-includes/plugin.php(517): WP_Hook->do_action(Array)\n#3 /wordpress/wp-admin/includes/plugin.php(703): do_action('activate_enviop...', false)\n#4 /internal/eval.php(20): activate_plugin('enviopack/wooco...')\n#5 {main}\n  thrown in /wordpress/wp-content/plugins/enviopack/utils.php on line 416","log":"/logs/plugins/e/eg-series/error.json"}
,
{"message":"Uncaught Error: Class \"WC_Shipping_Zone\" not found in /wordpress/wp-content/plugins/enviopack/utils.php:416","level":"FATAL","type":"PHP","test":"jspi-boot","plugin":"eg-series","details":"[06-Jun-2025 05:35:33 UTC] PHP Fatal error:  Uncaught Error: Class \"WC_Shipping_Zone\" not found in /wordpress/wp-content/plugins/enviopack/utils.php:416\nStack trace:\n#0 /wordpress/wp-includes/class-wp-hook.php(324): Ecomerciar\\Enviopack\\Utils\\create_page(false)\n#1 /wordpress/wp-includes/class-wp-hook.php(348): WP_Hook->apply_filters('', Array)\n#2 /wordpress/wp-includes/plugin.php(517): WP_Hook->do_action(Array)\n#3 /wordpress/wp-admin/includes/plugin.php(703): do_action('activate_enviop...', false)\n#4 /internal/eval.php(20): activate_plugin('enviopack/wooco...')\n#5 {main}\n  thrown in /wordpress/wp-content/plugins/enviopack/utils.php on line 416","log":"/logs/plugins/e/eg-series/error.json"}
,
{"message":"Uncaught PDOException: SQLSTATE[HY000] [2002] Address family not supported by protocol in /wordpress/wp-content/plugins/editable-table/edtb.php:32","level":"FATAL","type":"PHP","test":"jspi-boot","plugin":"eg-series","details":"[06-Jun-2025 05:37:53 UTC] PHP Fatal error:  Uncaught PDOException: SQLSTATE[HY000] [2002] Address family not supported by protocol in /wordpress/wp-content/plugins/editable-table/edtb.php:32\nStack trace:\n#0 /wordpress/wp-content/plugins/editable-table/edtb.php(32): PDO->__construct('mysql:host=loca...', 'username_here', 'password_here')\n#1 /wordpress/wp-content/plugins/editable-table/edtb.php(382): edtb->__construct()\n#2 /wordpress/wp-admin/includes/plugin.php(2387): include_once('/wordpress/wp-c...')\n#3 /wordpress/wp-admin/includes/plugin.php(673): plugin_sandbox_scrape('editable-table/...')\n#4 /internal/eval.php(20): activate_plugin('editable-table/...')\n#5 {main}\n  thrown in /wordpress/wp-content/plugins/editable-table/edtb.php on line 32","log":"/logs/plugins/e/eg-series/error.json"}
,
{"message":"Uncaught PDOException: SQLSTATE[HY000] [2002] Address family not supported by protocol in /wordpress/wp-content/plugins/editable-table/edtb.php:32","level":"FATAL","type":"PHP","test":"jspi-boot","plugin":"eg-series","details":"[06-Jun-2025 05:38:01 UTC] PHP Fatal error:  Uncaught PDOException: SQLSTATE[HY000] [2002] Address family not supported by protocol in /wordpress/wp-content/plugins/editable-table/edtb.php:32\nStack trace:\n#0 /wordpress/wp-content/plugins/editable-table/edtb.php(32): PDO->__construct('mysql:host=loca...', 'username_here', 'password_here')\n#1 /wordpress/wp-content/plugins/editable-table/edtb.php(382): edtb->__construct()\n#2 /wordpress/wp-admin/includes/plugin.php(2387): include_once('/wordpress/wp-c...')\n#3 /wordpress/wp-admin/includes/plugin.php(673): plugin_sandbox_scrape('editable-table/...')\n#4 /internal/eval.php(20): activate_plugin('editable-table/...')\n#5 {main}\n  thrown in /wordpress/wp-content/plugins/editable-table/edtb.php on line 32","log":"/logs/plugins/e/eg-series/error.json"}
,
{"message":"Uncaught PDOException: SQLSTATE[HY000] [2002] Address family not supported by protocol in /wordpress/wp-content/plugins/editable-table/edtb.php:32","level":"FATAL","type":"PHP","test":"jspi-boot","plugin":"eg-series","details":"[06-Jun-2025 05:38:09 UTC] PHP Fatal error:  Uncaught PDOException: SQLSTATE[HY000] [2002] Address family not supported by protocol in /wordpress/wp-content/plugins/editable-table/edtb.php:32\nStack trace:\n#0 /wordpress/wp-content/plugins/editable-table/edtb.php(32): PDO->__construct('mysql:host=loca...', 'username_here', 'password_here')\n#1 /wordpress/wp-content/plugins/editable-table/edtb.php(382): edtb->__construct()\n#2 /wordpress/wp-admin/includes/plugin.php(2387): include_once('/wordpress/wp-c...')\n#3 /wordpress/wp-admin/includes/plugin.php(673): plugin_sandbox_scrape('editable-table/...')\n#4 /internal/eval.php(20): activate_plugin('editable-table/...')\n#5 {main}\n  thrown in /wordpress/wp-content/plugins/editable-table/edtb.php on line 32","log":"/logs/plugins/e/eg-series/error.json"}
,
{"message":"Uncaught TypeError: implode(): Argument #2 ($array) must be of type ?array, string given in /wordpress/wp-content/plugins/eg-series/inc/eg-series-common.inc.php:166","level":"FATAL","type":"PHP","test":"jspi-boot","plugin":"eg-series","details":"[06-Jun-2025 05:40:09 UTC] PHP Fatal error:  Uncaught TypeError: implode(): Argument #2 ($array) must be of type ?array, string given in /wordpress/wp-content/plugins/eg-series/inc/eg-series-common.inc.php:166\nStack trace:\n#0 /wordpress/wp-content/plugins/eg-series/inc/eg-series-common.inc.php(166): implode(',', '')\n#1 /wordpress/wp-content/plugins/eg-series/inc/eg-series-public.inc.php(23): EG_Series_Common::create_taxonomy('eg-series', Array)\n#2 /wordpress/wp-includes/class-wp-hook.php(324): EG_Series_Public->init('')\n#3 /wordpress/wp-includes/class-wp-hook.php(348): WP_Hook->apply_filters(NULL, Array)\n#4 /wordpress/wp-includes/plugin.php(517): WP_Hook->do_action(Array)\n#5 /wordpress/wp-settings.php(727): do_action('init')\n#6 /wordpress/wp-config.php(102): require_once('/wordpress/wp-s...')\n#7 /wordpress/wp-load.php(50): require_once('/wordpress/wp-c...')\n#8 /internal/eval.php(3): require_once('/wordpress/wp-l...')\n#9 {main}\n  thrown in /wordpress/wp-content/plugins/eg-series/inc/eg-series-common.inc.php on line 166","log":"/logs/plugins/e/eg-series/error.json"}
,
{"message":"Uncaught TypeError: implode(): Argument #2 ($array) must be of type ?array, string given in /wordpress/wp-content/plugins/eg-series/inc/eg-series-common.inc.php:166","level":"FATAL","type":"PHP","test":"jspi-boot","plugin":"eg-series","details":"[06-Jun-2025 05:40:18 UTC] PHP Fatal error:  Uncaught TypeError: implode(): Argument #2 ($array) must be of type ?array, string given in /wordpress/wp-content/plugins/eg-series/inc/eg-series-common.inc.php:166\nStack trace:\n#0 /wordpress/wp-content/plugins/eg-series/inc/eg-series-common.inc.php(166): implode(',', '')\n#1 /wordpress/wp-content/plugins/eg-series/inc/eg-series-public.inc.php(23): EG_Series_Common::create_taxonomy('eg-series', Array)\n#2 /wordpress/wp-includes/class-wp-hook.php(324): EG_Series_Public->init('')\n#3 /wordpress/wp-includes/class-wp-hook.php(348): WP_Hook->apply_filters(NULL, Array)\n#4 /wordpress/wp-includes/plugin.php(517): WP_Hook->do_action(Array)\n#5 /wordpress/wp-settings.php(727): do_action('init')\n#6 /wordpress/wp-config.php(102): require_once('/wordpress/wp-s...')\n#7 /wordpress/wp-load.php(50): require_once('/wordpress/wp-c...')\n#8 /internal/eval.php(3): require_once('/wordpress/wp-l...')\n#9 {main}\n  thrown in /wordpress/wp-content/plugins/eg-series/inc/eg-series-common.inc.php on line 166","log":"/logs/plugins/e/eg-series/error.json"}
,
{"message":"Uncaught TypeError: implode(): Argument #2 ($array) must be of type ?array, string given in /wordpress/wp-content/plugins/eg-series/inc/eg-series-common.inc.php:166","level":"FATAL","type":"PHP","test":"jspi-boot","plugin":"eg-series","details":"[06-Jun-2025 05:40:28 UTC] PHP Fatal error:  Uncaught TypeError: implode(): Argument #2 ($array) must be of type ?array, string given in /wordpress/wp-content/plugins/eg-series/inc/eg-series-common.inc.php:166\nStack trace:\n#0 /wordpress/wp-content/plugins/eg-series/inc/eg-series-common.inc.php(166): implode(',', '')\n#1 /wordpress/wp-content/plugins/eg-series/inc/eg-series-public.inc.php(23): EG_Series_Common::create_taxonomy('eg-series', Array)\n#2 /wordpress/wp-includes/class-wp-hook.php(324): EG_Series_Public->init('')\n#3 /wordpress/wp-includes/class-wp-hook.php(348): WP_Hook->apply_filters(NULL, Array)\n#4 /wordpress/wp-includes/plugin.php(517): WP_Hook->do_action(Array)\n#5 /wordpress/wp-settings.php(727): do_action('init')\n#6 /wordpress/wp-config.php(102): require_once('/wordpress/wp-s...')\n#7 /wordpress/wp-load.php(50): require_once('/wordpress/wp-c...')\n#8 /internal/eval.php(3): require_once('/wordpress/wp-l...')\n#9 {main}\n  thrown in /wordpress/wp-content/plugins/eg-series/inc/eg-series-common.inc.php on line 166\n\n    at Object.onBind (file:///home/runner/work/playground-tester/playground-tester/node_modules/@wp-playground/cli/run-cli-j-geJYS3.js:325:15)\n    at process.processTicksAndRejections (node:internal/process/task_queues:105:5)\n    at async re (file:///home/runner/work/playground-tester/playground-tester/node_modules/@wp-playground/cli/run-cli-j-geJYS3.js:149:10) {\n  [cause]: Error: Error when executing the blueprint step #1 ({\"step\":\"installPlugin\",\"pluginData\":{\"resource\":\"wordpress.org/plugins\",\"slug\":\"eg-series\"},\"options\":{\"activate\":true}}) : PHP.run() failed with exit code 255 and the following output: \n      at Object.run (file:///home/runner/work/playground-tester/playground-tester/node_modules/@wp-playground/blueprints/index.js:12093:19)\n      at process.processTicksAndRejections (node:internal/process/task_queues:105:5)\n      at async ys (file:///home/runner/work/playground-tester/playground-tester/node_modules/@wp-playground/blueprints/index.js:12196:3)\n      at async Object.onBind (file:///home/runner/work/playground-tester/playground-tester/node_modules/@wp-playground/cli/run-cli-j-geJYS3.js:315:48)\n      at async re (file:///home/runner/work/playground-tester/playground-tester/node_modules/@wp-playground/cli/run-cli-j-geJYS3.js:149:10) {\n    [cause]: PHPExecutionFailureError: PHP.run() failed with exit code 255 and the following output: \n        at PHP.run (file:///home/runner/work/playground-tester/playground-tester/node_modules/@php-wasm/universal/index.js:1034:19)\n        at process.processTicksAndRejections (node:internal/process/task_queues:105:5)\n        at async wr (file:///home/runner/work/playground-tester/playground-tester/node_modules/@wp-playground/blueprints/index.js:74:13)\n        at async Object.gt [as installPlugin] (file:///home/runner/work/playground-tester/playground-tester/node_modules/@wp-playground/blueprints/index.js:631:42)\n        at async g (file:///home/runner/work/playground-tester/playground-tester/node_modules/@wp-playground/blueprints/index.js:12161:30)\n        at async Object.run (file:///home/runner/work/playground-tester/playground-tester/node_modules/@wp-playground/blueprints/index.js:12090:23)\n        at async ys (file:///home/runner/work/playground-tester/playground-tester/node_modules/@wp-playground/blueprints/index.js:12196:3)\n        at async Object.onBind (file:///home/runner/work/playground-tester/playground-tester/node_modules/@wp-playground/cli/run-cli-j-geJYS3.js:315:48)\n        at async re (file:///home/runner/work/playground-tester/playground-tester/node_modules/@wp-playground/cli/run-cli-j-geJYS3.js:149:10) {\n      response: PHPResponse {\n        httpStatusCode: 500,\n        headers: {\n          'x-powered-by': [ 'PHP/8.0.30-dev' ],\n          'content-type': [ 'text/html; charset=UTF-8' ],\n          expires: [ 'Wed, 11 Jan 1984 05:00:00 GMT' ],\n          'cache-control': [ 'no-cache, must-revalidate, max-age=0, no-store, private' ]\n        },\n        bytes: Uint8Array(2653) [\n           60,  33,  68,  79,  67,  84,  89,  80,  69,  32, 104, 116,\n          109, 108,  62,  10,  60, 104, 116, 109, 108,  32, 108,  97,\n          110, 103,  61,  34, 101, 110,  45,  85,  83,  34,  62,  10,\n           60, 104, 101,  97, 100,  62,  10,   9,  60, 109, 101, 116,\n           97,  32, 104, 116, 116, 112,  45, 101, 113, 117, 105, 118,\n           61,  34,  67, 111, 110, 116, 101, 110, 116,  45,  84, 121,\n          112, 101,  34,  32,  99, 111, 110, 116, 101, 110, 116,  61,\n           34, 116, 101, 120, 116,  47, 104, 116, 109, 108,  59,  32,\n           99, 104,  97, 114,\n          ... 2553 more items\n        ],\n        exitCode: 255,\n        errors: ''\n      },\n      source: 'request'\n    }\n  }\n}\n\n","log":"/logs/plugins/e/eg-series/error.json"}
]
