[
{"message":"file:///home/runner/work/playground-tester/playground-tester/node_modules/@wp-playground/cli/run-cli-j-geJYS3.js:325\n        throw new Error($, { cause: h });\n              ^\n","level":"FATAL","type":"PLAYGROUND","test":"ast-sqlite-boot","plugin":"ecommerce-lite","details":"file:///home/runner/work/playground-tester/playground-tester/node_modules/@wp-playground/cli/run-cli-j-geJYS3.js:325\n        throw new Error($, { cause: h });\n              ^\n","log":"/tmp/tmp.z0ukwQyTyG"}
,
{"message":"[18-Jun-2025 23:50:56 UTC] Opening DB connection","level":"INFO","type":"OTHER","test":"ast-sqlite-boot","plugin":"ecommerce-lite","details":"[18-Jun-2025 23:50:56 UTC] Opening DB connection","log":"/logs/plugins/e/ecommerce-lite/error.json"}
,
{"message":"Uncaught envoqon\\db\\DbException: DbConnection failed to open the DB connection: SQLSTATE[HY000] [2002] Address family not supported by protocol in /wordpress/wp-content/plugins/expert-invoice/envoqon/db/DbConnection.php:139","level":"FATAL","type":"PHP","test":"ast-sqlite-boot","plugin":"ecommerce-lite","details":"[18-Jun-2025 23:50:56 UTC] PHP Fatal error:  Uncaught envoqon\\db\\DbException: DbConnection failed to open the DB connection: SQLSTATE[HY000] [2002] Address family not supported by protocol in /wordpress/wp-content/plugins/expert-invoice/envoqon/db/DbConnection.php:139\nStack trace:\n#0 /wordpress/wp-content/plugins/expert-invoice/envoqon/db/DbConnection.php(112): envoqon\\db\\DbConnection->open()\n#1 /wordpress/wp-content/plugins/expert-invoice/envoqon/db/DbConnection.php(100): envoqon\\db\\DbConnection->setActive(true)\n#2 /wordpress/wp-content/plugins/expert-invoice/envoqon/App.php(325): envoqon\\db\\DbConnection->init()\n#3 /wordpress/wp-content/plugins/expert-invoice/envoqon/App.php(301): envoqon\\App::getDb()\n#4 /wordpress/wp-content/plugins/expert-invoice/envoqon/App.php(284): envoqon\\App->instantiateMigration('m181231_124550_...')\n#5 /wordpress/wp-content/plugins/expert-invoice/envoqon/App.php(255): envoqon\\App->migrateUpImp('m181231_124550_...')\n#6 /wordpress/wp-content/plugins/expert-invoice/expert-invoice.php(27): envoqon\\App->migrateUp()\n#7 /wordpress/wp-includes/class-wp-hook.php(324): expert_invoice_install(false)\n#8 /wordpress/wp-includes/class-wp-hook.php(348): WP_Hook->apply_filters('', Array)\n#9 /wordpress/wp-includes/plugin.php(517): WP_Hook->do_action(Array)\n#10 /wordpress/wp-admin/includes/plugin.php(703): do_action('activate_expert...', false)\n#11 /internal/eval.php(20): activate_plugin('expert-invoice/...')\n#12 {main}\n  thrown in /wordpress/wp-content/plugins/expert-invoice/envoqon/db/DbConnection.php on line 139","log":"/logs/plugins/e/ecommerce-lite/error.json"}
,
{"message":"[18-Jun-2025 23:51:06 UTC] Opening DB connection","level":"INFO","type":"OTHER","test":"ast-sqlite-boot","plugin":"ecommerce-lite","details":"[18-Jun-2025 23:51:06 UTC] Opening DB connection","log":"/logs/plugins/e/ecommerce-lite/error.json"}
,
{"message":"Uncaught envoqon\\db\\DbException: DbConnection failed to open the DB connection: SQLSTATE[HY000] [2002] Address family not supported by protocol in /wordpress/wp-content/plugins/expert-invoice/envoqon/db/DbConnection.php:139","level":"FATAL","type":"PHP","test":"ast-sqlite-boot","plugin":"ecommerce-lite","details":"[18-Jun-2025 23:51:06 UTC] PHP Fatal error:  Uncaught envoqon\\db\\DbException: DbConnection failed to open the DB connection: SQLSTATE[HY000] [2002] Address family not supported by protocol in /wordpress/wp-content/plugins/expert-invoice/envoqon/db/DbConnection.php:139\nStack trace:\n#0 /wordpress/wp-content/plugins/expert-invoice/envoqon/db/DbConnection.php(112): envoqon\\db\\DbConnection->open()\n#1 /wordpress/wp-content/plugins/expert-invoice/envoqon/db/DbConnection.php(100): envoqon\\db\\DbConnection->setActive(true)\n#2 /wordpress/wp-content/plugins/expert-invoice/envoqon/App.php(325): envoqon\\db\\DbConnection->init()\n#3 /wordpress/wp-content/plugins/expert-invoice/envoqon/App.php(301): envoqon\\App::getDb()\n#4 /wordpress/wp-content/plugins/expert-invoice/envoqon/App.php(284): envoqon\\App->instantiateMigration('m181231_124550_...')\n#5 /wordpress/wp-content/plugins/expert-invoice/envoqon/App.php(255): envoqon\\App->migrateUpImp('m181231_124550_...')\n#6 /wordpress/wp-content/plugins/expert-invoice/expert-invoice.php(27): envoqon\\App->migrateUp()\n#7 /wordpress/wp-includes/class-wp-hook.php(324): expert_invoice_install(false)\n#8 /wordpress/wp-includes/class-wp-hook.php(348): WP_Hook->apply_filters('', Array)\n#9 /wordpress/wp-includes/plugin.php(517): WP_Hook->do_action(Array)\n#10 /wordpress/wp-admin/includes/plugin.php(703): do_action('activate_expert...', false)\n#11 /internal/eval.php(20): activate_plugin('expert-invoice/...')\n#12 {main}\n  thrown in /wordpress/wp-content/plugins/expert-invoice/envoqon/db/DbConnection.php on line 139","log":"/logs/plugins/e/ecommerce-lite/error.json"}
,
{"message":"[18-Jun-2025 23:51:17 UTC] Opening DB connection","level":"INFO","type":"OTHER","test":"ast-sqlite-boot","plugin":"ecommerce-lite","details":"[18-Jun-2025 23:51:17 UTC] Opening DB connection","log":"/logs/plugins/e/ecommerce-lite/error.json"}
,
{"message":"Uncaught envoqon\\db\\DbException: DbConnection failed to open the DB connection: SQLSTATE[HY000] [2002] Address family not supported by protocol in /wordpress/wp-content/plugins/expert-invoice/envoqon/db/DbConnection.php:139","level":"FATAL","type":"PHP","test":"ast-sqlite-boot","plugin":"ecommerce-lite","details":"[18-Jun-2025 23:51:17 UTC] PHP Fatal error:  Uncaught envoqon\\db\\DbException: DbConnection failed to open the DB connection: SQLSTATE[HY000] [2002] Address family not supported by protocol in /wordpress/wp-content/plugins/expert-invoice/envoqon/db/DbConnection.php:139\nStack trace:\n#0 /wordpress/wp-content/plugins/expert-invoice/envoqon/db/DbConnection.php(112): envoqon\\db\\DbConnection->open()\n#1 /wordpress/wp-content/plugins/expert-invoice/envoqon/db/DbConnection.php(100): envoqon\\db\\DbConnection->setActive(true)\n#2 /wordpress/wp-content/plugins/expert-invoice/envoqon/App.php(325): envoqon\\db\\DbConnection->init()\n#3 /wordpress/wp-content/plugins/expert-invoice/envoqon/App.php(301): envoqon\\App::getDb()\n#4 /wordpress/wp-content/plugins/expert-invoice/envoqon/App.php(284): envoqon\\App->instantiateMigration('m181231_124550_...')\n#5 /wordpress/wp-content/plugins/expert-invoice/envoqon/App.php(255): envoqon\\App->migrateUpImp('m181231_124550_...')\n#6 /wordpress/wp-content/plugins/expert-invoice/expert-invoice.php(27): envoqon\\App->migrateUp()\n#7 /wordpress/wp-includes/class-wp-hook.php(324): expert_invoice_install(false)\n#8 /wordpress/wp-includes/class-wp-hook.php(348): WP_Hook->apply_filters('', Array)\n#9 /wordpress/wp-includes/plugin.php(517): WP_Hook->do_action(Array)\n#10 /wordpress/wp-admin/includes/plugin.php(703): do_action('activate_expert...', false)\n#11 /internal/eval.php(20): activate_plugin('expert-invoice/...')\n#12 {main}\n  thrown in /wordpress/wp-content/plugins/expert-invoice/envoqon/db/DbConnection.php on line 139","log":"/logs/plugins/e/ecommerce-lite/error.json"}
,
{"message":"Required parameter $tag follows optional parameter $field_atts in /wordpress/wp-content/plugins/hw-create-widget-content-template/includes/hw_skin_options.php on line 314","level":"DEPRECATED","type":"PHP","test":"ast-sqlite-boot","plugin":"ecommerce-lite","details":"[18-Jun-2025 23:51:55 UTC] PHP Deprecated:  Required parameter $tag follows optional parameter $field_atts in /wordpress/wp-content/plugins/hw-create-widget-content-template/includes/hw_skin_options.php on line 314","log":"/logs/plugins/e/ecommerce-lite/error.json"}
,
{"message":"Required parameter $tag follows optional parameter $field_atts in /wordpress/wp-content/plugins/hw-create-widget-content-template/includes/hw_skin_options.php on line 314","level":"DEPRECATED","type":"PHP","test":"ast-sqlite-boot","plugin":"ecommerce-lite","details":"[18-Jun-2025 23:51:56 UTC] PHP Deprecated:  Required parameter $tag follows optional parameter $field_atts in /wordpress/wp-content/plugins/hw-create-widget-content-template/includes/hw_skin_options.php on line 314","log":"/logs/plugins/e/ecommerce-lite/error.json"}
,
{"message":"Required parameter $tag follows optional parameter $field_atts in /wordpress/wp-content/plugins/hw-create-widget-content-template/includes/hw_skin_options.php on line 314","level":"DEPRECATED","type":"PHP","test":"ast-sqlite-boot","plugin":"ecommerce-lite","details":"[18-Jun-2025 23:52:05 UTC] PHP Deprecated:  Required parameter $tag follows optional parameter $field_atts in /wordpress/wp-content/plugins/hw-create-widget-content-template/includes/hw_skin_options.php on line 314","log":"/logs/plugins/e/ecommerce-lite/error.json"}
,
{"message":"Required parameter $tag follows optional parameter $field_atts in /wordpress/wp-content/plugins/hw-create-widget-content-template/includes/hw_skin_options.php on line 314","level":"DEPRECATED","type":"PHP","test":"ast-sqlite-boot","plugin":"ecommerce-lite","details":"[18-Jun-2025 23:52:05 UTC] PHP Deprecated:  Required parameter $tag follows optional parameter $field_atts in /wordpress/wp-content/plugins/hw-create-widget-content-template/includes/hw_skin_options.php on line 314","log":"/logs/plugins/e/ecommerce-lite/error.json"}
,
{"message":"Required parameter $tag follows optional parameter $field_atts in /wordpress/wp-content/plugins/hw-create-widget-content-template/includes/hw_skin_options.php on line 314","level":"DEPRECATED","type":"PHP","test":"ast-sqlite-boot","plugin":"ecommerce-lite","details":"[18-Jun-2025 23:52:14 UTC] PHP Deprecated:  Required parameter $tag follows optional parameter $field_atts in /wordpress/wp-content/plugins/hw-create-widget-content-template/includes/hw_skin_options.php on line 314","log":"/logs/plugins/e/ecommerce-lite/error.json"}
,
{"message":"Required parameter $tag follows optional parameter $field_atts in /wordpress/wp-content/plugins/hw-create-widget-content-template/includes/hw_skin_options.php on line 314","level":"DEPRECATED","type":"PHP","test":"ast-sqlite-boot","plugin":"ecommerce-lite","details":"[18-Jun-2025 23:52:14 UTC] PHP Deprecated:  Required parameter $tag follows optional parameter $field_atts in /wordpress/wp-content/plugins/hw-create-widget-content-template/includes/hw_skin_options.php on line 314","log":"/logs/plugins/e/ecommerce-lite/error.json"}
,
{"message":"Undefined array key \"plugin\" in /wordpress/wp-content/plugins/easy-ads-lite/validate.php on line 66","level":"WARNING","type":"PHP","test":"ast-sqlite-boot","plugin":"ecommerce-lite","details":"[18-Jun-2025 23:52:52 UTC] PHP Warning:  Undefined array key \"plugin\" in /wordpress/wp-content/plugins/easy-ads-lite/validate.php on line 66","log":"/logs/plugins/e/ecommerce-lite/error.json"}
,
{"message":"Undefined array key \"\" in /wordpress/wp-content/plugins/easy-ads-lite/ezAPI.php on line 1305","level":"WARNING","type":"PHP","test":"ast-sqlite-boot","plugin":"ecommerce-lite","details":"[18-Jun-2025 23:52:52 UTC] PHP Warning:  Undefined array key \"\" in /wordpress/wp-content/plugins/easy-ads-lite/ezAPI.php on line 1305","log":"/logs/plugins/e/ecommerce-lite/error.json"}
,
{"message":"Trying to access array offset on value of type null in /wordpress/wp-content/plugins/easy-ads-lite/ezAPI.php on line 1305","level":"WARNING","type":"PHP","test":"ast-sqlite-boot","plugin":"ecommerce-lite","details":"[18-Jun-2025 23:52:53 UTC] PHP Warning:  Trying to access array offset on value of type null in /wordpress/wp-content/plugins/easy-ads-lite/ezAPI.php on line 1305","log":"/logs/plugins/e/ecommerce-lite/error.json"}
,
{"message":"Undefined array key \"\" in /wordpress/wp-content/plugins/easy-ads-lite/ezAPI.php on line 1305","level":"WARNING","type":"PHP","test":"ast-sqlite-boot","plugin":"ecommerce-lite","details":"[18-Jun-2025 23:52:53 UTC] PHP Warning:  Undefined array key \"\" in /wordpress/wp-content/plugins/easy-ads-lite/ezAPI.php on line 1305","log":"/logs/plugins/e/ecommerce-lite/error.json"}
,
{"message":"Trying to access array offset on value of type null in /wordpress/wp-content/plugins/easy-ads-lite/ezAPI.php on line 1305","level":"WARNING","type":"PHP","test":"ast-sqlite-boot","plugin":"ecommerce-lite","details":"[18-Jun-2025 23:52:53 UTC] PHP Warning:  Trying to access array offset on value of type null in /wordpress/wp-content/plugins/easy-ads-lite/ezAPI.php on line 1305","log":"/logs/plugins/e/ecommerce-lite/error.json"}
,
{"message":"Undefined array key \"plugin\" in /wordpress/wp-content/plugins/easy-ads-lite/validate.php on line 66","level":"WARNING","type":"PHP","test":"ast-sqlite-boot","plugin":"ecommerce-lite","details":"[18-Jun-2025 23:53:02 UTC] PHP Warning:  Undefined array key \"plugin\" in /wordpress/wp-content/plugins/easy-ads-lite/validate.php on line 66","log":"/logs/plugins/e/ecommerce-lite/error.json"}
,
{"message":"Undefined array key \"\" in /wordpress/wp-content/plugins/easy-ads-lite/ezAPI.php on line 1305","level":"WARNING","type":"PHP","test":"ast-sqlite-boot","plugin":"ecommerce-lite","details":"[18-Jun-2025 23:53:02 UTC] PHP Warning:  Undefined array key \"\" in /wordpress/wp-content/plugins/easy-ads-lite/ezAPI.php on line 1305","log":"/logs/plugins/e/ecommerce-lite/error.json"}
,
{"message":"Trying to access array offset on value of type null in /wordpress/wp-content/plugins/easy-ads-lite/ezAPI.php on line 1305","level":"WARNING","type":"PHP","test":"ast-sqlite-boot","plugin":"ecommerce-lite","details":"[18-Jun-2025 23:53:02 UTC] PHP Warning:  Trying to access array offset on value of type null in /wordpress/wp-content/plugins/easy-ads-lite/ezAPI.php on line 1305","log":"/logs/plugins/e/ecommerce-lite/error.json"}
,
{"message":"Undefined array key \"\" in /wordpress/wp-content/plugins/easy-ads-lite/ezAPI.php on line 1305","level":"WARNING","type":"PHP","test":"ast-sqlite-boot","plugin":"ecommerce-lite","details":"[18-Jun-2025 23:53:02 UTC] PHP Warning:  Undefined array key \"\" in /wordpress/wp-content/plugins/easy-ads-lite/ezAPI.php on line 1305","log":"/logs/plugins/e/ecommerce-lite/error.json"}
,
{"message":"Trying to access array offset on value of type null in /wordpress/wp-content/plugins/easy-ads-lite/ezAPI.php on line 1305","level":"WARNING","type":"PHP","test":"ast-sqlite-boot","plugin":"ecommerce-lite","details":"[18-Jun-2025 23:53:02 UTC] PHP Warning:  Trying to access array offset on value of type null in /wordpress/wp-content/plugins/easy-ads-lite/ezAPI.php on line 1305","log":"/logs/plugins/e/ecommerce-lite/error.json"}
,
{"message":"Undefined array key \"plugin\" in /wordpress/wp-content/plugins/easy-ads-lite/validate.php on line 66","level":"WARNING","type":"PHP","test":"ast-sqlite-boot","plugin":"ecommerce-lite","details":"[18-Jun-2025 23:53:12 UTC] PHP Warning:  Undefined array key \"plugin\" in /wordpress/wp-content/plugins/easy-ads-lite/validate.php on line 66","log":"/logs/plugins/e/ecommerce-lite/error.json"}
,
{"message":"Undefined array key \"\" in /wordpress/wp-content/plugins/easy-ads-lite/ezAPI.php on line 1305","level":"WARNING","type":"PHP","test":"ast-sqlite-boot","plugin":"ecommerce-lite","details":"[18-Jun-2025 23:53:12 UTC] PHP Warning:  Undefined array key \"\" in /wordpress/wp-content/plugins/easy-ads-lite/ezAPI.php on line 1305","log":"/logs/plugins/e/ecommerce-lite/error.json"}
,
{"message":"Trying to access array offset on value of type null in /wordpress/wp-content/plugins/easy-ads-lite/ezAPI.php on line 1305","level":"WARNING","type":"PHP","test":"ast-sqlite-boot","plugin":"ecommerce-lite","details":"[18-Jun-2025 23:53:12 UTC] PHP Warning:  Trying to access array offset on value of type null in /wordpress/wp-content/plugins/easy-ads-lite/ezAPI.php on line 1305","log":"/logs/plugins/e/ecommerce-lite/error.json"}
,
{"message":"Undefined array key \"\" in /wordpress/wp-content/plugins/easy-ads-lite/ezAPI.php on line 1305","level":"WARNING","type":"PHP","test":"ast-sqlite-boot","plugin":"ecommerce-lite","details":"[18-Jun-2025 23:53:12 UTC] PHP Warning:  Undefined array key \"\" in /wordpress/wp-content/plugins/easy-ads-lite/ezAPI.php on line 1305","log":"/logs/plugins/e/ecommerce-lite/error.json"}
,
{"message":"Trying to access array offset on value of type null in /wordpress/wp-content/plugins/easy-ads-lite/ezAPI.php on line 1305","level":"WARNING","type":"PHP","test":"ast-sqlite-boot","plugin":"ecommerce-lite","details":"[18-Jun-2025 23:53:12 UTC] PHP Warning:  Trying to access array offset on value of type null in /wordpress/wp-content/plugins/easy-ads-lite/ezAPI.php on line 1305","log":"/logs/plugins/e/ecommerce-lite/error.json"}
,
{"message":"Function _load_textdomain_just_in_time was called <strong>incorrectly</strong>. Translation loading for the <code>ebook-store-affiliate</code> domain was triggered too early. This is usually an indicator for some code in the plugin or theme running too early. Translations should be loaded at the <code>init</code> action or later. Please see <a href=\"https://developer.wordpress.org/advanced-administration/debug/debug-wordpress/\">Debugging in WordPress</a> for more information. (This message was added in version 6.7.0.) in /wordpress/wp-includes/functions.php on line 6121","level":"NOTICE","type":"PHP","test":"ast-sqlite-boot","plugin":"ecommerce-lite","details":"[18-Jun-2025 23:58:22 UTC] PHP Notice:  Function _load_textdomain_just_in_time was called <strong>incorrectly</strong>. Translation loading for the <code>ebook-store-affiliate</code> domain was triggered too early. This is usually an indicator for some code in the plugin or theme running too early. Translations should be loaded at the <code>init</code> action or later. Please see <a href=\"https://developer.wordpress.org/advanced-administration/debug/debug-wordpress/\">Debugging in WordPress</a> for more information. (This message was added in version 6.7.0.) in /wordpress/wp-includes/functions.php on line 6121","log":"/logs/plugins/e/ecommerce-lite/error.json"}
,
{"message":"Function _load_textdomain_just_in_time was called <strong>incorrectly</strong>. Translation loading for the <code>ebook-store-affiliate</code> domain was triggered too early. This is usually an indicator for some code in the plugin or theme running too early. Translations should be loaded at the <code>init</code> action or later. Please see <a href=\"https://developer.wordpress.org/advanced-administration/debug/debug-wordpress/\">Debugging in WordPress</a> for more information. (This message was added in version 6.7.0.) in /wordpress/wp-includes/functions.php on line 6121","level":"NOTICE","type":"PHP","test":"ast-sqlite-boot","plugin":"ecommerce-lite","details":"[18-Jun-2025 23:58:34 UTC] PHP Notice:  Function _load_textdomain_just_in_time was called <strong>incorrectly</strong>. Translation loading for the <code>ebook-store-affiliate</code> domain was triggered too early. This is usually an indicator for some code in the plugin or theme running too early. Translations should be loaded at the <code>init</code> action or later. Please see <a href=\"https://developer.wordpress.org/advanced-administration/debug/debug-wordpress/\">Debugging in WordPress</a> for more information. (This message was added in version 6.7.0.) in /wordpress/wp-includes/functions.php on line 6121","log":"/logs/plugins/e/ecommerce-lite/error.json"}
,
{"message":"Function _load_textdomain_just_in_time was called <strong>incorrectly</strong>. Translation loading for the <code>ebook-store-affiliate</code> domain was triggered too early. This is usually an indicator for some code in the plugin or theme running too early. Translations should be loaded at the <code>init</code> action or later. Please see <a href=\"https://developer.wordpress.org/advanced-administration/debug/debug-wordpress/\">Debugging in WordPress</a> for more information. (This message was added in version 6.7.0.) in /wordpress/wp-includes/functions.php on line 6121","level":"NOTICE","type":"PHP","test":"ast-sqlite-boot","plugin":"ecommerce-lite","details":"[18-Jun-2025 23:58:46 UTC] PHP Notice:  Function _load_textdomain_just_in_time was called <strong>incorrectly</strong>. Translation loading for the <code>ebook-store-affiliate</code> domain was triggered too early. This is usually an indicator for some code in the plugin or theme running too early. Translations should be loaded at the <code>init</code> action or later. Please see <a href=\"https://developer.wordpress.org/advanced-administration/debug/debug-wordpress/\">Debugging in WordPress</a> for more information. (This message was added in version 6.7.0.) in /wordpress/wp-includes/functions.php on line 6121\n\n    at Object.onBind (file:///home/runner/work/playground-tester/playground-tester/node_modules/@wp-playground/cli/run-cli-j-geJYS3.js:325:15)\n    at process.processTicksAndRejections (node:internal/process/task_queues:105:5)\n    at async re (file:///home/runner/work/playground-tester/playground-tester/node_modules/@wp-playground/cli/run-cli-j-geJYS3.js:149:10) {\n  [cause]: Error: Error when executing the blueprint step #5 ({\"step\":\"installPlugin\",\"pluginData\":{\"resource\":\"wordpress.org/plugins\",\"slug\":\"ecommerce-lite\"},\"options\":{\"activate\":true}}) : Could not download \"https://downloads.wordpress.org/plugin/ecommerce-lite.latest-stable.zip\".\n  \t\t\t\tCheck if the URL is correct and the server is reachable.\n  \t\t\t\tIf it is reachable, the server might be blocking the request.\n  \t\t\t\tCheck the browser console and network tabs for more information.\n  \n  \t\t\t\t## Does the console show the error \"No 'Access-Control-Allow-Origin' header\"?\n  \n  \t\t\t\tThis means the server that hosts your file does not allow requests from other sites\n  \t\t\t\t(cross-origin requests, or CORS).\tYou need to move the asset to a server that allows\n  \t\t\t\tcross-origin file downloads. Learn more about CORS at\n  \t\t\t\thttps://developer.mozilla.org/en-US/docs/Web/HTTP/CORS.\n  \n  \t\t\t\tIf your file is on GitHub, load it from \"raw.githubusercontent.com\".\n  \t\t\t\tHere's how to do that:\n  \n  \t\t\t\t1. Start with the original GitHub URL of the file. For example:\n  \t\t\t\thttps://github.com/username/repository/blob/branch/filename.\n  \t\t\t\t2. Replace \"github.com\" with \"raw.githubusercontent.com\".\n  \t\t\t\t3. Remove the \"/blob/\" part of the URL.\n  \n  \t\t\t\tThe resulting URL should look like this:\n  \t\t\t\thttps://raw.githubusercontent.com/username/repository/branch/filename\n  \n  \t\t\t\tError:\n  \t\t\t\tError: Could not download \"https://downloads.wordpress.org/plugin/ecommerce-lite.latest-stable.zip\"\n      at Object.run (file:///home/runner/work/playground-tester/playground-tester/node_modules/@wp-playground/blueprints/index.js:12093:19)\n      at process.processTicksAndRejections (node:internal/process/task_queues:105:5)\n      at async ys (file:///home/runner/work/playground-tester/playground-tester/node_modules/@wp-playground/blueprints/index.js:12196:3)\n      at async Object.onBind (file:///home/runner/work/playground-tester/playground-tester/node_modules/@wp-playground/cli/run-cli-j-geJYS3.js:315:48)\n      at async re (file:///home/runner/work/playground-tester/playground-tester/node_modules/@wp-playground/cli/run-cli-j-geJYS3.js:149:10) {\n    [cause]: Error: Could not download \"https://downloads.wordpress.org/plugin/ecommerce-lite.latest-stable.zip\".\n    \t\t\t\tCheck if the URL is correct and the server is reachable.\n    \t\t\t\tIf it is reachable, the server might be blocking the request.\n    \t\t\t\tCheck the browser console and network tabs for more information.\n    \n    \t\t\t\t## Does the console show the error \"No 'Access-Control-Allow-Origin' header\"?\n    \n    \t\t\t\tThis means the server that hosts your file does not allow requests from other sites\n    \t\t\t\t(cross-origin requests, or CORS).\tYou need to move the asset to a server that allows\n    \t\t\t\tcross-origin file downloads. Learn more about CORS at\n    \t\t\t\thttps://developer.mozilla.org/en-US/docs/Web/HTTP/CORS.\n    \n    \t\t\t\tIf your file is on GitHub, load it from \"raw.githubusercontent.com\".\n    \t\t\t\tHere's how to do that:\n    \n    \t\t\t\t1. Start with the original GitHub URL of the file. For example:\n    \t\t\t\thttps://github.com/username/repository/blob/branch/filename.\n    \t\t\t\t2. Replace \"github.com\" with \"raw.githubusercontent.com\".\n    \t\t\t\t3. Remove the \"/blob/\" part of the URL.\n    \n    \t\t\t\tThe resulting URL should look like this:\n    \t\t\t\thttps://raw.githubusercontent.com/username/repository/branch/filename\n    \n    \t\t\t\tError:\n    \t\t\t\tError: Could not download \"https://downloads.wordpress.org/plugin/ecommerce-lite.latest-stable.zip\"\n        at Ct.resolve (file:///home/runner/work/playground-tester/playground-tester/node_modules/@wp-playground/blueprints/index.js:1129:13)\n        at process.processTicksAndRejections (node:internal/process/task_queues:105:5)\n        at async _.run (file:///home/runner/work/playground-tester/playground-tester/node_modules/@php-wasm/util/index.js:45:14)\n  }\n}\n\n","log":"/logs/plugins/e/ecommerce-lite/error.json"}
]
