file:///home/runner/work/playground-tester/playground-tester/node_modules/@wp-playground/cli/run-cli-j-geJYS3.js:325
        throw new Error($, { cause: h });
              ^

Error: [11-Jun-2025 08:37:38 UTC] PHP Deprecated:  Function add_option was called with an argument that is <strong>deprecated</strong> since version 2.3.0 with no alternative available. in /wordpress/wp-includes/functions.php on line 6121
[11-Jun-2025 08:37:47 UTC] PHP Deprecated:  Function add_option was called with an argument that is <strong>deprecated</strong> since version 2.3.0 with no alternative available. in /wordpress/wp-includes/functions.php on line 6121
[11-Jun-2025 08:37:56 UTC] PHP Deprecated:  Function add_option was called with an argument that is <strong>deprecated</strong> since version 2.3.0 with no alternative available. in /wordpress/wp-includes/functions.php on line 6121
[11-Jun-2025 08:38:07 UTC] PHP Notice:  Function _load_textdomain_just_in_time was called <strong>incorrectly</strong>. Translation loading for the <code>stage-wp-plugin-manager</code> domain was triggered too early. This is usually an indicator for some code in the plugin or theme running too early. Translations should be loaded at the <code>init</code> action or later. Please see <a href="https://developer.wordpress.org/advanced-administration/debug/debug-wordpress/">Debugging in WordPress</a> for more information. (This message was added in version 6.7.0.) in /wordpress/wp-includes/functions.php on line 6121
[11-Jun-2025 08:38:16 UTC] PHP Notice:  Function _load_textdomain_just_in_time was called <strong>incorrectly</strong>. Translation loading for the <code>stage-wp-plugin-manager</code> domain was triggered too early. This is usually an indicator for some code in the plugin or theme running too early. Translations should be loaded at the <code>init</code> action or later. Please see <a href="https://developer.wordpress.org/advanced-administration/debug/debug-wordpress/">Debugging in WordPress</a> for more information. (This message was added in version 6.7.0.) in /wordpress/wp-includes/functions.php on line 6121
[11-Jun-2025 08:38:26 UTC] PHP Notice:  Function _load_textdomain_just_in_time was called <strong>incorrectly</strong>. Translation loading for the <code>stage-wp-plugin-manager</code> domain was triggered too early. This is usually an indicator for some code in the plugin or theme running too early. Translations should be loaded at the <code>init</code> action or later. Please see <a href="https://developer.wordpress.org/advanced-administration/debug/debug-wordpress/">Debugging in WordPress</a> for more information. (This message was added in version 6.7.0.) in /wordpress/wp-includes/functions.php on line 6121
[11-Jun-2025 08:40:27 UTC] PHP Notice:  Function _load_textdomain_just_in_time was called <strong>incorrectly</strong>. Translation loading for the <code>salfwp</code> domain was triggered too early. This is usually an indicator for some code in the plugin or theme running too early. Translations should be loaded at the <code>init</code> action or later. Please see <a href="https://developer.wordpress.org/advanced-administration/debug/debug-wordpress/">Debugging in WordPress</a> for more information. (This message was added in version 6.7.0.) in /wordpress/wp-includes/functions.php on line 6121
[11-Jun-2025 08:40:37 UTC] PHP Notice:  Function _load_textdomain_just_in_time was called <strong>incorrectly</strong>. Translation loading for the <code>salfwp</code> domain was triggered too early. This is usually an indicator for some code in the plugin or theme running too early. Translations should be loaded at the <code>init</code> action or later. Please see <a href="https://developer.wordpress.org/advanced-administration/debug/debug-wordpress/">Debugging in WordPress</a> for more information. (This message was added in version 6.7.0.) in /wordpress/wp-includes/functions.php on line 6121
[11-Jun-2025 08:40:46 UTC] PHP Notice:  Function _load_textdomain_just_in_time was called <strong>incorrectly</strong>. Translation loading for the <code>salfwp</code> domain was triggered too early. This is usually an indicator for some code in the plugin or theme running too early. Translations should be loaded at the <code>init</code> action or later. Please see <a href="https://developer.wordpress.org/advanced-administration/debug/debug-wordpress/">Debugging in WordPress</a> for more information. (This message was added in version 6.7.0.) in /wordpress/wp-includes/functions.php on line 6121
[11-Jun-2025 08:40:55 UTC] PHP Warning:  Undefined array key "action" in /wordpress/wp-content/plugins/simple-facebook-comments-for-wordpress/SFCController.php on line 18
[11-Jun-2025 08:40:55 UTC] PHP Fatal error:  Uncaught PDOException: SQLSTATE[HY000] [2002] Address family not supported by protocol in /wordpress/wp-content/plugins/simple-facebook-comments-for-wordpress/Model/PdoSingleton.php:10
Stack trace:
#0 /wordpress/wp-content/plugins/simple-facebook-comments-for-wordpress/Model/PdoSingleton.php(10): PDO->__construct('mysql:dbname=da...', 'username_here', 'password_here')
#1 /wordpress/wp-content/plugins/simple-facebook-comments-for-wordpress/Model/PdoSingleton.php(18): PdoSingleton->__construct('database_name_h...', 'localhost', 'username_here', 'password_here')
#2 /wordpress/wp-content/plugins/simple-facebook-comments-for-wordpress/SFCController.php(25): PdoSingleton::initialize('database_name_h...', 'localhost', 'username_here', 'password_here')
#3 /wordpress/wp-admin/includes/plugin.php(2387): include_once('/wordpress/wp-c...')
#4 /wordpress/wp-admin/includes/plugin.php(673): plugin_sandbox_scrape('simple-facebook...')
#5 /internal/eval.php(20): activate_plugin('simple-facebook...')
#6 {main}
  thrown in /wordpress/wp-content/plugins/simple-facebook-comments-for-wordpress/Model/PdoSingleton.php on line 10
[11-Jun-2025 08:41:03 UTC] PHP Warning:  Undefined array key "action" in /wordpress/wp-content/plugins/simple-facebook-comments-for-wordpress/SFCController.php on line 18
[11-Jun-2025 08:41:03 UTC] PHP Fatal error:  Uncaught PDOException: SQLSTATE[HY000] [2002] Address family not supported by protocol in /wordpress/wp-content/plugins/simple-facebook-comments-for-wordpress/Model/PdoSingleton.php:10
Stack trace:
#0 /wordpress/wp-content/plugins/simple-facebook-comments-for-wordpress/Model/PdoSingleton.php(10): PDO->__construct('mysql:dbname=da...', 'username_here', 'password_here')
#1 /wordpress/wp-content/plugins/simple-facebook-comments-for-wordpress/Model/PdoSingleton.php(18): PdoSingleton->__construct('database_name_h...', 'localhost', 'username_here', 'password_here')
#2 /wordpress/wp-content/plugins/simple-facebook-comments-for-wordpress/SFCController.php(25): PdoSingleton::initialize('database_name_h...', 'localhost', 'username_here', 'password_here')
#3 /wordpress/wp-admin/includes/plugin.php(2387): include_once('/wordpress/wp-c...')
#4 /wordpress/wp-admin/includes/plugin.php(673): plugin_sandbox_scrape('simple-facebook...')
#5 /internal/eval.php(20): activate_plugin('simple-facebook...')
#6 {main}
  thrown in /wordpress/wp-content/plugins/simple-facebook-comments-for-wordpress/Model/PdoSingleton.php on line 10
[11-Jun-2025 08:41:11 UTC] PHP Warning:  Undefined array key "action" in /wordpress/wp-content/plugins/simple-facebook-comments-for-wordpress/SFCController.php on line 18
[11-Jun-2025 08:41:11 UTC] PHP Fatal error:  Uncaught PDOException: SQLSTATE[HY000] [2002] Address family not supported by protocol in /wordpress/wp-content/plugins/simple-facebook-comments-for-wordpress/Model/PdoSingleton.php:10
Stack trace:
#0 /wordpress/wp-content/plugins/simple-facebook-comments-for-wordpress/Model/PdoSingleton.php(10): PDO->__construct('mysql:dbname=da...', 'username_here', 'password_here')
#1 /wordpress/wp-content/plugins/simple-facebook-comments-for-wordpress/Model/PdoSingleton.php(18): PdoSingleton->__construct('database_name_h...', 'localhost', 'username_here', 'password_here')
#2 /wordpress/wp-content/plugins/simple-facebook-comments-for-wordpress/SFCController.php(25): PdoSingleton::initialize('database_name_h...', 'localhost', 'username_here', 'password_here')
#3 /wordpress/wp-admin/includes/plugin.php(2387): include_once('/wordpress/wp-c...')
#4 /wordpress/wp-admin/includes/plugin.php(673): plugin_sandbox_scrape('simple-facebook...')
#5 /internal/eval.php(20): activate_plugin('simple-facebook...')
#6 {main}
  thrown in /wordpress/wp-content/plugins/simple-facebook-comments-for-wordpress/Model/PdoSingleton.php on line 10

    at Object.onBind (file:///home/runner/work/playground-tester/playground-tester/node_modules/@wp-playground/cli/run-cli-j-geJYS3.js:325:15)
    at process.processTicksAndRejections (node:internal/process/task_queues:105:5)
    at async re (file:///home/runner/work/playground-tester/playground-tester/node_modules/@wp-playground/cli/run-cli-j-geJYS3.js:149:10) {
  [cause]: Error: Error when executing the blueprint step #1 ({"step":"installPlugin","pluginData":{"resource":"wordpress.org/plugins","slug":"sales-promotional-tools"},"options":{"activate":true}}) : memory access out of bounds
      at Object.run (file:///home/runner/work/playground-tester/playground-tester/node_modules/@wp-playground/blueprints/index.js:12093:19)
      at process.processTicksAndRejections (node:internal/process/task_queues:105:5)
      at async ys (file:///home/runner/work/playground-tester/playground-tester/node_modules/@wp-playground/blueprints/index.js:12196:3)
      at async Object.onBind (file:///home/runner/work/playground-tester/playground-tester/node_modules/@wp-playground/cli/run-cli-j-geJYS3.js:315:48)
      at async re (file:///home/runner/work/playground-tester/playground-tester/node_modules/@wp-playground/cli/run-cli-j-geJYS3.js:149:10) {
    [cause]: Error: memory access out of bounds
        at PHP.G (file:///home/runner/work/playground-tester/playground-tester/node_modules/@php-wasm/universal/index.js:1504:78)
        at process.processTicksAndRejections (node:internal/process/task_queues:105:5)
        at async PHP.run (file:///home/runner/work/playground-tester/playground-tester/node_modules/@php-wasm/universal/index.js:1031:17)
        at async wr (file:///home/runner/work/playground-tester/playground-tester/node_modules/@wp-playground/blueprints/index.js:34:39)
        at async Object.gt [as installPlugin] (file:///home/runner/work/playground-tester/playground-tester/node_modules/@wp-playground/blueprints/index.js:631:42)
        at async g (file:///home/runner/work/playground-tester/playground-tester/node_modules/@wp-playground/blueprints/index.js:12161:30)
        at async Object.run (file:///home/runner/work/playground-tester/playground-tester/node_modules/@wp-playground/blueprints/index.js:12090:23)
        at async ys (file:///home/runner/work/playground-tester/playground-tester/node_modules/@wp-playground/blueprints/index.js:12196:3)
        at async Object.onBind (file:///home/runner/work/playground-tester/playground-tester/node_modules/@wp-playground/cli/run-cli-j-geJYS3.js:315:48)
        at async re (file:///home/runner/work/playground-tester/playground-tester/node_modules/@wp-playground/cli/run-cli-j-geJYS3.js:149:10) {
      cause: Error: Rethrown
          at UnhandledRejectionsTarget.e (file:///home/runner/work/playground-tester/playground-tester/node_modules/@php-wasm/universal/index.js:1481:19)
          at [nodejs.internal.kHybridDispatch] (node:internal/event_target:827:20)
          at UnhandledRejectionsTarget.dispatchEvent (node:internal/event_target:762:26)
          at t.wasmExports.<computed> (file:///home/runner/work/playground-tester/playground-tester/node_modules/@php-wasm/universal/index.js:637:15)
          at invoke_iii (file:///home/runner/work/playground-tester/playground-tester/node_modules/@php-wasm/node/index.js:99372:14)
          at php.wasm.phar_compile_file (wasm://wasm/php.wasm-0424c09e:wasm-function[14066]:0x78aee1)
          at php.wasm.zend_include_or_eval (wasm://wasm/php.wasm-0424c09e:wasm-function[3559]:0x22ed31)
          at php.wasm.ZEND_INCLUDE_OR_EVAL_SPEC_CONST_HANDLER (wasm://wasm/php.wasm-0424c09e:wasm-function[18964]:0x8f6f4e)
          at php.wasm.execute_ex (wasm://wasm/php.wasm-0424c09e:wasm-function[17355]:0x86c074)
          at php.wasm.zend_execute (wasm://wasm/php.wasm-0424c09e:wasm-function[4478]:0x2b4e59) {
        cause: RuntimeError: memory access out of bounds
            at php.wasm.zend_hash_find (wasm://wasm/php.wasm-0424c09e:wasm-function[181]:0x12cd5)
            at php.wasm.zend_compile_var_inner (wasm://wasm/php.wasm-0424c09e:wasm-function[1111]:0x98bfb)
            at php.wasm.zend_compile_expr_inner (wasm://wasm/php.wasm-0424c09e:wasm-function[312]:0x205a3)
            at php.wasm.zend_compile_expr_inner (wasm://wasm/php.wasm-0424c09e:wasm-function[312]:0x20eb8)
            at php.wasm.zend_compile_expr_inner (wasm://wasm/php.wasm-0424c09e:wasm-function[312]:0x20ea2)
            at php.wasm.zend_compile_expr_inner (wasm://wasm/php.wasm-0424c09e:wasm-function[312]:0x20ea2)
            at php.wasm.zend_compile_expr_inner (wasm://wasm/php.wasm-0424c09e:wasm-function[312]:0x20ea2)
            at php.wasm.zend_compile_expr_inner (wasm://wasm/php.wasm-0424c09e:wasm-function[312]:0x20ea2)
            at php.wasm.zend_compile_expr_inner (wasm://wasm/php.wasm-0424c09e:wasm-function[312]:0x20ea2)
            at php.wasm.zend_compile_expr_inner (wasm://wasm/php.wasm-0424c09e:wasm-function[312]:0x20ea2),
        betterMessage: 'memory access out of bounds'
      }
    }
  }
}

Node.js v23.11.0
