[
{"message":"file:///home/runner/work/playground-tester/playground-tester/node_modules/@wp-playground/cli/index.js:237\n        throw new Error(y, { cause: u });\n              ^\n","level":"FATAL","type":"PLAYGROUND","test":"asyncify-boot","plugin":"wp-xapi-lrs","details":"file:///home/runner/work/playground-tester/playground-tester/node_modules/@wp-playground/cli/index.js:237\n        throw new Error(y, { cause: u });\n              ^\n","log":"/tmp/tmp.wYqXg93C7Q"}
,
{"message":"syntax error, unexpected token \"new\" in /wordpress/wp-content/plugins/wordpress-seo-rank/wp-seo-rank.php on line 382","level":"PARSE","type":"PHP","test":"asyncify-boot","plugin":"wp-xapi-lrs","details":"[08-May-2025 11:47:10 UTC] PHP Parse error:  syntax error, unexpected token \"new\" in /wordpress/wp-content/plugins/wordpress-seo-rank/wp-seo-rank.php on line 382","log":"/logs/plugins/w/wp-xapi-lrs/error.json"}
,
{"message":"syntax error, unexpected token \"new\" in /wordpress/wp-content/plugins/wordpress-seo-rank/wp-seo-rank.php on line 382","level":"PARSE","type":"PHP","test":"asyncify-boot","plugin":"wp-xapi-lrs","details":"[08-May-2025 11:47:18 UTC] PHP Parse error:  syntax error, unexpected token \"new\" in /wordpress/wp-content/plugins/wordpress-seo-rank/wp-seo-rank.php on line 382","log":"/logs/plugins/w/wp-xapi-lrs/error.json"}
,
{"message":"syntax error, unexpected token \"new\" in /wordpress/wp-content/plugins/wordpress-seo-rank/wp-seo-rank.php on line 382","level":"PARSE","type":"PHP","test":"asyncify-boot","plugin":"wp-xapi-lrs","details":"[08-May-2025 11:47:26 UTC] PHP Parse error:  syntax error, unexpected token \"new\" in /wordpress/wp-content/plugins/wordpress-seo-rank/wp-seo-rank.php on line 382","log":"/logs/plugins/w/wp-xapi-lrs/error.json"}
,
{"message":"Required parameter $field follows optional parameter $post_id in /wordpress/wp-content/plugins/work-time-allocator/lib/advanced-custom-fields/includes/acf-value-functions.php on line 54","level":"DEPRECATED","type":"PHP","test":"asyncify-boot","plugin":"wp-xapi-lrs","details":"[08-May-2025 11:47:35 UTC] PHP Deprecated:  Required parameter $field follows optional parameter $post_id in /wordpress/wp-content/plugins/work-time-allocator/lib/advanced-custom-fields/includes/acf-value-functions.php on line 54","log":"/logs/plugins/w/wp-xapi-lrs/error.json"}
,
{"message":"Required parameter $field follows optional parameter $value in /wordpress/wp-content/plugins/work-time-allocator/lib/advanced-custom-fields/includes/acf-value-functions.php on line 166","level":"DEPRECATED","type":"PHP","test":"asyncify-boot","plugin":"wp-xapi-lrs","details":"[08-May-2025 11:47:35 UTC] PHP Deprecated:  Required parameter $field follows optional parameter $value in /wordpress/wp-content/plugins/work-time-allocator/lib/advanced-custom-fields/includes/acf-value-functions.php on line 166","log":"/logs/plugins/w/wp-xapi-lrs/error.json"}
,
{"message":"Required parameter $value follows optional parameter $key in /wordpress/wp-content/plugins/work-time-allocator/lib/advanced-custom-fields/includes/ajax/class-acf-ajax.php on line 76","level":"DEPRECATED","type":"PHP","test":"asyncify-boot","plugin":"wp-xapi-lrs","details":"[08-May-2025 11:47:35 UTC] PHP Deprecated:  Required parameter $value follows optional parameter $key in /wordpress/wp-content/plugins/work-time-allocator/lib/advanced-custom-fields/includes/ajax/class-acf-ajax.php on line 76","log":"/logs/plugins/w/wp-xapi-lrs/error.json"}
,
{"message":"Required parameter $field follows optional parameter $post_id in /wordpress/wp-content/plugins/work-time-allocator/lib/advanced-custom-fields/includes/acf-value-functions.php on line 54","level":"DEPRECATED","type":"PHP","test":"asyncify-boot","plugin":"wp-xapi-lrs","details":"[08-May-2025 11:47:37 UTC] PHP Deprecated:  Required parameter $field follows optional parameter $post_id in /wordpress/wp-content/plugins/work-time-allocator/lib/advanced-custom-fields/includes/acf-value-functions.php on line 54","log":"/logs/plugins/w/wp-xapi-lrs/error.json"}
,
{"message":"Required parameter $field follows optional parameter $value in /wordpress/wp-content/plugins/work-time-allocator/lib/advanced-custom-fields/includes/acf-value-functions.php on line 166","level":"DEPRECATED","type":"PHP","test":"asyncify-boot","plugin":"wp-xapi-lrs","details":"[08-May-2025 11:47:37 UTC] PHP Deprecated:  Required parameter $field follows optional parameter $value in /wordpress/wp-content/plugins/work-time-allocator/lib/advanced-custom-fields/includes/acf-value-functions.php on line 166","log":"/logs/plugins/w/wp-xapi-lrs/error.json"}
,
{"message":"Required parameter $value follows optional parameter $key in /wordpress/wp-content/plugins/work-time-allocator/lib/advanced-custom-fields/includes/ajax/class-acf-ajax.php on line 76","level":"DEPRECATED","type":"PHP","test":"asyncify-boot","plugin":"wp-xapi-lrs","details":"[08-May-2025 11:47:37 UTC] PHP Deprecated:  Required parameter $value follows optional parameter $key in /wordpress/wp-content/plugins/work-time-allocator/lib/advanced-custom-fields/includes/ajax/class-acf-ajax.php on line 76","log":"/logs/plugins/w/wp-xapi-lrs/error.json"}
,
{"message":"Required parameter $field follows optional parameter $post_id in /wordpress/wp-content/plugins/work-time-allocator/lib/advanced-custom-fields/includes/acf-value-functions.php on line 54","level":"DEPRECATED","type":"PHP","test":"asyncify-boot","plugin":"wp-xapi-lrs","details":"[08-May-2025 11:47:46 UTC] PHP Deprecated:  Required parameter $field follows optional parameter $post_id in /wordpress/wp-content/plugins/work-time-allocator/lib/advanced-custom-fields/includes/acf-value-functions.php on line 54","log":"/logs/plugins/w/wp-xapi-lrs/error.json"}
,
{"message":"Required parameter $field follows optional parameter $value in /wordpress/wp-content/plugins/work-time-allocator/lib/advanced-custom-fields/includes/acf-value-functions.php on line 166","level":"DEPRECATED","type":"PHP","test":"asyncify-boot","plugin":"wp-xapi-lrs","details":"[08-May-2025 11:47:46 UTC] PHP Deprecated:  Required parameter $field follows optional parameter $value in /wordpress/wp-content/plugins/work-time-allocator/lib/advanced-custom-fields/includes/acf-value-functions.php on line 166","log":"/logs/plugins/w/wp-xapi-lrs/error.json"}
,
{"message":"Required parameter $value follows optional parameter $key in /wordpress/wp-content/plugins/work-time-allocator/lib/advanced-custom-fields/includes/ajax/class-acf-ajax.php on line 76","level":"DEPRECATED","type":"PHP","test":"asyncify-boot","plugin":"wp-xapi-lrs","details":"[08-May-2025 11:47:46 UTC] PHP Deprecated:  Required parameter $value follows optional parameter $key in /wordpress/wp-content/plugins/work-time-allocator/lib/advanced-custom-fields/includes/ajax/class-acf-ajax.php on line 76","log":"/logs/plugins/w/wp-xapi-lrs/error.json"}
,
{"message":"Required parameter $field follows optional parameter $post_id in /wordpress/wp-content/plugins/work-time-allocator/lib/advanced-custom-fields/includes/acf-value-functions.php on line 54","level":"DEPRECATED","type":"PHP","test":"asyncify-boot","plugin":"wp-xapi-lrs","details":"[08-May-2025 11:47:47 UTC] PHP Deprecated:  Required parameter $field follows optional parameter $post_id in /wordpress/wp-content/plugins/work-time-allocator/lib/advanced-custom-fields/includes/acf-value-functions.php on line 54","log":"/logs/plugins/w/wp-xapi-lrs/error.json"}
,
{"message":"Required parameter $field follows optional parameter $value in /wordpress/wp-content/plugins/work-time-allocator/lib/advanced-custom-fields/includes/acf-value-functions.php on line 166","level":"DEPRECATED","type":"PHP","test":"asyncify-boot","plugin":"wp-xapi-lrs","details":"[08-May-2025 11:47:47 UTC] PHP Deprecated:  Required parameter $field follows optional parameter $value in /wordpress/wp-content/plugins/work-time-allocator/lib/advanced-custom-fields/includes/acf-value-functions.php on line 166","log":"/logs/plugins/w/wp-xapi-lrs/error.json"}
,
{"message":"Required parameter $value follows optional parameter $key in /wordpress/wp-content/plugins/work-time-allocator/lib/advanced-custom-fields/includes/ajax/class-acf-ajax.php on line 76","level":"DEPRECATED","type":"PHP","test":"asyncify-boot","plugin":"wp-xapi-lrs","details":"[08-May-2025 11:47:47 UTC] PHP Deprecated:  Required parameter $value follows optional parameter $key in /wordpress/wp-content/plugins/work-time-allocator/lib/advanced-custom-fields/includes/ajax/class-acf-ajax.php on line 76","log":"/logs/plugins/w/wp-xapi-lrs/error.json"}
,
{"message":"Required parameter $field follows optional parameter $post_id in /wordpress/wp-content/plugins/work-time-allocator/lib/advanced-custom-fields/includes/acf-value-functions.php on line 54","level":"DEPRECATED","type":"PHP","test":"asyncify-boot","plugin":"wp-xapi-lrs","details":"[08-May-2025 11:47:57 UTC] PHP Deprecated:  Required parameter $field follows optional parameter $post_id in /wordpress/wp-content/plugins/work-time-allocator/lib/advanced-custom-fields/includes/acf-value-functions.php on line 54","log":"/logs/plugins/w/wp-xapi-lrs/error.json"}
,
{"message":"Required parameter $field follows optional parameter $value in /wordpress/wp-content/plugins/work-time-allocator/lib/advanced-custom-fields/includes/acf-value-functions.php on line 166","level":"DEPRECATED","type":"PHP","test":"asyncify-boot","plugin":"wp-xapi-lrs","details":"[08-May-2025 11:47:57 UTC] PHP Deprecated:  Required parameter $field follows optional parameter $value in /wordpress/wp-content/plugins/work-time-allocator/lib/advanced-custom-fields/includes/acf-value-functions.php on line 166","log":"/logs/plugins/w/wp-xapi-lrs/error.json"}
,
{"message":"Required parameter $value follows optional parameter $key in /wordpress/wp-content/plugins/work-time-allocator/lib/advanced-custom-fields/includes/ajax/class-acf-ajax.php on line 76","level":"DEPRECATED","type":"PHP","test":"asyncify-boot","plugin":"wp-xapi-lrs","details":"[08-May-2025 11:47:57 UTC] PHP Deprecated:  Required parameter $value follows optional parameter $key in /wordpress/wp-content/plugins/work-time-allocator/lib/advanced-custom-fields/includes/ajax/class-acf-ajax.php on line 76","log":"/logs/plugins/w/wp-xapi-lrs/error.json"}
,
{"message":"Required parameter $field follows optional parameter $post_id in /wordpress/wp-content/plugins/work-time-allocator/lib/advanced-custom-fields/includes/acf-value-functions.php on line 54","level":"DEPRECATED","type":"PHP","test":"asyncify-boot","plugin":"wp-xapi-lrs","details":"[08-May-2025 11:47:57 UTC] PHP Deprecated:  Required parameter $field follows optional parameter $post_id in /wordpress/wp-content/plugins/work-time-allocator/lib/advanced-custom-fields/includes/acf-value-functions.php on line 54","log":"/logs/plugins/w/wp-xapi-lrs/error.json"}
,
{"message":"Required parameter $field follows optional parameter $value in /wordpress/wp-content/plugins/work-time-allocator/lib/advanced-custom-fields/includes/acf-value-functions.php on line 166","level":"DEPRECATED","type":"PHP","test":"asyncify-boot","plugin":"wp-xapi-lrs","details":"[08-May-2025 11:47:57 UTC] PHP Deprecated:  Required parameter $field follows optional parameter $value in /wordpress/wp-content/plugins/work-time-allocator/lib/advanced-custom-fields/includes/acf-value-functions.php on line 166","log":"/logs/plugins/w/wp-xapi-lrs/error.json"}
,
{"message":"Required parameter $value follows optional parameter $key in /wordpress/wp-content/plugins/work-time-allocator/lib/advanced-custom-fields/includes/ajax/class-acf-ajax.php on line 76","level":"DEPRECATED","type":"PHP","test":"asyncify-boot","plugin":"wp-xapi-lrs","details":"[08-May-2025 11:47:57 UTC] PHP Deprecated:  Required parameter $value follows optional parameter $key in /wordpress/wp-content/plugins/work-time-allocator/lib/advanced-custom-fields/includes/ajax/class-acf-ajax.php on line 76","log":"/logs/plugins/w/wp-xapi-lrs/error.json"}
,
{"message":"Array and string offset access syntax with curly braces is no longer supported in /wordpress/wp-content/plugins/wp-matrix-gallery/matrix.php on line 700","level":"FATAL","type":"PHP","test":"asyncify-boot","plugin":"wp-xapi-lrs","details":"[08-May-2025 11:50:00 UTC] PHP Fatal error:  Array and string offset access syntax with curly braces is no longer supported in /wordpress/wp-content/plugins/wp-matrix-gallery/matrix.php on line 700","log":"/logs/plugins/w/wp-xapi-lrs/error.json"}
,
{"message":"Array and string offset access syntax with curly braces is no longer supported in /wordpress/wp-content/plugins/wp-matrix-gallery/matrix.php on line 700","level":"FATAL","type":"PHP","test":"asyncify-boot","plugin":"wp-xapi-lrs","details":"[08-May-2025 11:50:07 UTC] PHP Fatal error:  Array and string offset access syntax with curly braces is no longer supported in /wordpress/wp-content/plugins/wp-matrix-gallery/matrix.php on line 700","log":"/logs/plugins/w/wp-xapi-lrs/error.json"}
,
{"message":"Array and string offset access syntax with curly braces is no longer supported in /wordpress/wp-content/plugins/wp-matrix-gallery/matrix.php on line 700","level":"FATAL","type":"PHP","test":"asyncify-boot","plugin":"wp-xapi-lrs","details":"[08-May-2025 11:50:16 UTC] PHP Fatal error:  Array and string offset access syntax with curly braces is no longer supported in /wordpress/wp-content/plugins/wp-matrix-gallery/matrix.php on line 700","log":"/logs/plugins/w/wp-xapi-lrs/error.json"}
,
{"message":"File rss.php is <strong>deprecated</strong> since version 3.0.0! Use wp-includes/class-simplepie.php instead. in /wordpress/wp-includes/functions.php on line 6121","level":"DEPRECATED","type":"PHP","test":"asyncify-boot","plugin":"wp-xapi-lrs","details":"[08-May-2025 11:50:51 UTC] PHP Deprecated:  File rss.php is <strong>deprecated</strong> since version 3.0.0! Use wp-includes/class-simplepie.php instead. in /wordpress/wp-includes/functions.php on line 6121","log":"/logs/plugins/w/wp-xapi-lrs/error.json"}
,
{"message":"Uncaught Error: Undefined constant \"no\" in /wordpress/wp-content/plugins/wp-piclens/piclensFunctions.inc:347","level":"FATAL","type":"PHP","test":"asyncify-boot","plugin":"wp-xapi-lrs","details":"[08-May-2025 11:50:51 UTC] PHP Fatal error:  Uncaught Error: Undefined constant \"no\" in /wordpress/wp-content/plugins/wp-piclens/piclensFunctions.inc:347\nStack trace:\n#0 /wordpress/wp-includes/class-wp-hook.php(324): widget_piclens_activate(false)\n#1 /wordpress/wp-includes/class-wp-hook.php(348): WP_Hook->apply_filters('', Array)\n#2 /wordpress/wp-includes/plugin.php(517): WP_Hook->do_action(Array)\n#3 /wordpress/wp-admin/includes/plugin.php(703): do_action('activate_wp-pic...', false)\n#4 /internal/eval.php(20): activate_plugin('wp-piclens/wp-p...')\n#5 {main}\n  thrown in /wordpress/wp-content/plugins/wp-piclens/piclensFunctions.inc on line 347","log":"/logs/plugins/w/wp-xapi-lrs/error.json"}
,
{"message":"File rss.php is <strong>deprecated</strong> since version 3.0.0! Use wp-includes/class-simplepie.php instead. in /wordpress/wp-includes/functions.php on line 6121","level":"DEPRECATED","type":"PHP","test":"asyncify-boot","plugin":"wp-xapi-lrs","details":"[08-May-2025 11:50:58 UTC] PHP Deprecated:  File rss.php is <strong>deprecated</strong> since version 3.0.0! Use wp-includes/class-simplepie.php instead. in /wordpress/wp-includes/functions.php on line 6121","log":"/logs/plugins/w/wp-xapi-lrs/error.json"}
,
{"message":"Uncaught Error: Undefined constant \"no\" in /wordpress/wp-content/plugins/wp-piclens/piclensFunctions.inc:347","level":"FATAL","type":"PHP","test":"asyncify-boot","plugin":"wp-xapi-lrs","details":"[08-May-2025 11:50:58 UTC] PHP Fatal error:  Uncaught Error: Undefined constant \"no\" in /wordpress/wp-content/plugins/wp-piclens/piclensFunctions.inc:347\nStack trace:\n#0 /wordpress/wp-includes/class-wp-hook.php(324): widget_piclens_activate(false)\n#1 /wordpress/wp-includes/class-wp-hook.php(348): WP_Hook->apply_filters('', Array)\n#2 /wordpress/wp-includes/plugin.php(517): WP_Hook->do_action(Array)\n#3 /wordpress/wp-admin/includes/plugin.php(703): do_action('activate_wp-pic...', false)\n#4 /internal/eval.php(20): activate_plugin('wp-piclens/wp-p...')\n#5 {main}\n  thrown in /wordpress/wp-content/plugins/wp-piclens/piclensFunctions.inc on line 347","log":"/logs/plugins/w/wp-xapi-lrs/error.json"}
,
{"message":"File rss.php is <strong>deprecated</strong> since version 3.0.0! Use wp-includes/class-simplepie.php instead. in /wordpress/wp-includes/functions.php on line 6121","level":"DEPRECATED","type":"PHP","test":"asyncify-boot","plugin":"wp-xapi-lrs","details":"[08-May-2025 11:51:06 UTC] PHP Deprecated:  File rss.php is <strong>deprecated</strong> since version 3.0.0! Use wp-includes/class-simplepie.php instead. in /wordpress/wp-includes/functions.php on line 6121","log":"/logs/plugins/w/wp-xapi-lrs/error.json"}
,
{"message":"Uncaught Error: Undefined constant \"no\" in /wordpress/wp-content/plugins/wp-piclens/piclensFunctions.inc:347","level":"FATAL","type":"PHP","test":"asyncify-boot","plugin":"wp-xapi-lrs","details":"[08-May-2025 11:51:06 UTC] PHP Fatal error:  Uncaught Error: Undefined constant \"no\" in /wordpress/wp-content/plugins/wp-piclens/piclensFunctions.inc:347\nStack trace:\n#0 /wordpress/wp-includes/class-wp-hook.php(324): widget_piclens_activate(false)\n#1 /wordpress/wp-includes/class-wp-hook.php(348): WP_Hook->apply_filters('', Array)\n#2 /wordpress/wp-includes/plugin.php(517): WP_Hook->do_action(Array)\n#3 /wordpress/wp-admin/includes/plugin.php(703): do_action('activate_wp-pic...', false)\n#4 /internal/eval.php(20): activate_plugin('wp-piclens/wp-p...')\n#5 {main}\n  thrown in /wordpress/wp-content/plugins/wp-piclens/piclensFunctions.inc on line 347","log":"/logs/plugins/w/wp-xapi-lrs/error.json"}
,
{"message":"Function _load_textdomain_just_in_time was called <strong>incorrectly</strong>. Translation loading for the <code>wyvern-toolkit</code> domain was triggered too early. This is usually an indicator for some code in the plugin or theme running too early. Translations should be loaded at the <code>init</code> action or later. Please see <a href=\"https://developer.wordpress.org/advanced-administration/debug/debug-wordpress/\">Debugging in WordPress</a> for more information. (This message was added in version 6.7.0.) in /wordpress/wp-includes/functions.php on line 6121","level":"NOTICE","type":"PHP","test":"asyncify-boot","plugin":"wp-xapi-lrs","details":"[08-May-2025 11:52:55 UTC] PHP Notice:  Function _load_textdomain_just_in_time was called <strong>incorrectly</strong>. Translation loading for the <code>wyvern-toolkit</code> domain was triggered too early. This is usually an indicator for some code in the plugin or theme running too early. Translations should be loaded at the <code>init</code> action or later. Please see <a href=\"https://developer.wordpress.org/advanced-administration/debug/debug-wordpress/\">Debugging in WordPress</a> for more information. (This message was added in version 6.7.0.) in /wordpress/wp-includes/functions.php on line 6121","log":"/logs/plugins/w/wp-xapi-lrs/error.json"}
,
{"message":"Function _load_textdomain_just_in_time was called <strong>incorrectly</strong>. Translation loading for the <code>wyvern-toolkit</code> domain was triggered too early. This is usually an indicator for some code in the plugin or theme running too early. Translations should be loaded at the <code>init</code> action or later. Please see <a href=\"https://developer.wordpress.org/advanced-administration/debug/debug-wordpress/\">Debugging in WordPress</a> for more information. (This message was added in version 6.7.0.) in /wordpress/wp-includes/functions.php on line 6121","level":"NOTICE","type":"PHP","test":"asyncify-boot","plugin":"wp-xapi-lrs","details":"[08-May-2025 11:53:04 UTC] PHP Notice:  Function _load_textdomain_just_in_time was called <strong>incorrectly</strong>. Translation loading for the <code>wyvern-toolkit</code> domain was triggered too early. This is usually an indicator for some code in the plugin or theme running too early. Translations should be loaded at the <code>init</code> action or later. Please see <a href=\"https://developer.wordpress.org/advanced-administration/debug/debug-wordpress/\">Debugging in WordPress</a> for more information. (This message was added in version 6.7.0.) in /wordpress/wp-includes/functions.php on line 6121","log":"/logs/plugins/w/wp-xapi-lrs/error.json"}
,
{"message":"Function _load_textdomain_just_in_time was called <strong>incorrectly</strong>. Translation loading for the <code>wyvern-toolkit</code> domain was triggered too early. This is usually an indicator for some code in the plugin or theme running too early. Translations should be loaded at the <code>init</code> action or later. Please see <a href=\"https://developer.wordpress.org/advanced-administration/debug/debug-wordpress/\">Debugging in WordPress</a> for more information. (This message was added in version 6.7.0.) in /wordpress/wp-includes/functions.php on line 6121","level":"NOTICE","type":"PHP","test":"asyncify-boot","plugin":"wp-xapi-lrs","details":"[08-May-2025 11:53:14 UTC] PHP Notice:  Function _load_textdomain_just_in_time was called <strong>incorrectly</strong>. Translation loading for the <code>wyvern-toolkit</code> domain was triggered too early. This is usually an indicator for some code in the plugin or theme running too early. Translations should be loaded at the <code>init</code> action or later. Please see <a href=\"https://developer.wordpress.org/advanced-administration/debug/debug-wordpress/\">Debugging in WordPress</a> for more information. (This message was added in version 6.7.0.) in /wordpress/wp-includes/functions.php on line 6121","log":"/logs/plugins/w/wp-xapi-lrs/error.json"}
,
{"message":"Trying to access array offset on value of type bool in /wordpress/wp-content/plugins/wp-ffpc/wp-ffpc-class.php on line 1018","level":"WARNING","type":"PHP","test":"asyncify-boot","plugin":"wp-xapi-lrs","details":"[08-May-2025 11:55:34 UTC] PHP Warning:  Trying to access array offset on value of type bool in /wordpress/wp-content/plugins/wp-ffpc/wp-ffpc-class.php on line 1018","log":"/logs/plugins/w/wp-xapi-lrs/error.json"}
,
{"message":"Uncaught TypeError: array_key_exists(): Argument #2 ($array) must be of type array, bool given in /wordpress/wp-content/plugins/wp-ffpc/wp-ffpc-abstract.php:275","level":"FATAL","type":"PHP","test":"asyncify-boot","plugin":"wp-xapi-lrs","details":"[08-May-2025 11:55:34 UTC] PHP Fatal error:  Uncaught TypeError: array_key_exists(): Argument #2 ($array) must be of type array, bool given in /wordpress/wp-content/plugins/wp-ffpc/wp-ffpc-abstract.php:275\nStack trace:\n#0 /wordpress/wp-content/plugins/wp-ffpc/wp-ffpc-abstract.php(152): WP_FFPC_ABSTRACT->plugin_options_read()\n#1 /wordpress/wp-includes/class-wp-hook.php(324): WP_FFPC_ABSTRACT->plugin_init('')\n#2 /wordpress/wp-includes/class-wp-hook.php(348): WP_Hook->apply_filters(NULL, Array)\n#3 /wordpress/wp-includes/plugin.php(517): WP_Hook->do_action(Array)\n#4 /wordpress/wp-settings.php(727): do_action('init')\n#5 /wordpress/wp-config.php(102): require_once('/wordpress/wp-s...')\n#6 /wordpress/wp-load.php(50): require_once('/wordpress/wp-c...')\n#7 /internal/eval.php(3): require_once('/wordpress/wp-l...')\n#8 {main}\n  thrown in /wordpress/wp-content/plugins/wp-ffpc/wp-ffpc-abstract.php on line 275","log":"/logs/plugins/w/wp-xapi-lrs/error.json"}
,
{"message":"Trying to access array offset on value of type bool in /wordpress/wp-content/plugins/wp-ffpc/wp-ffpc-class.php on line 1018","level":"WARNING","type":"PHP","test":"asyncify-boot","plugin":"wp-xapi-lrs","details":"[08-May-2025 11:55:43 UTC] PHP Warning:  Trying to access array offset on value of type bool in /wordpress/wp-content/plugins/wp-ffpc/wp-ffpc-class.php on line 1018","log":"/logs/plugins/w/wp-xapi-lrs/error.json"}
,
{"message":"Uncaught TypeError: array_key_exists(): Argument #2 ($array) must be of type array, bool given in /wordpress/wp-content/plugins/wp-ffpc/wp-ffpc-abstract.php:275","level":"FATAL","type":"PHP","test":"asyncify-boot","plugin":"wp-xapi-lrs","details":"[08-May-2025 11:55:43 UTC] PHP Fatal error:  Uncaught TypeError: array_key_exists(): Argument #2 ($array) must be of type array, bool given in /wordpress/wp-content/plugins/wp-ffpc/wp-ffpc-abstract.php:275\nStack trace:\n#0 /wordpress/wp-content/plugins/wp-ffpc/wp-ffpc-abstract.php(152): WP_FFPC_ABSTRACT->plugin_options_read()\n#1 /wordpress/wp-includes/class-wp-hook.php(324): WP_FFPC_ABSTRACT->plugin_init('')\n#2 /wordpress/wp-includes/class-wp-hook.php(348): WP_Hook->apply_filters(NULL, Array)\n#3 /wordpress/wp-includes/plugin.php(517): WP_Hook->do_action(Array)\n#4 /wordpress/wp-settings.php(727): do_action('init')\n#5 /wordpress/wp-config.php(102): require_once('/wordpress/wp-s...')\n#6 /wordpress/wp-load.php(50): require_once('/wordpress/wp-c...')\n#7 /internal/eval.php(3): require_once('/wordpress/wp-l...')\n#8 {main}\n  thrown in /wordpress/wp-content/plugins/wp-ffpc/wp-ffpc-abstract.php on line 275","log":"/logs/plugins/w/wp-xapi-lrs/error.json"}
,
{"message":"Trying to access array offset on value of type bool in /wordpress/wp-content/plugins/wp-ffpc/wp-ffpc-class.php on line 1018","level":"WARNING","type":"PHP","test":"asyncify-boot","plugin":"wp-xapi-lrs","details":"[08-May-2025 11:55:52 UTC] PHP Warning:  Trying to access array offset on value of type bool in /wordpress/wp-content/plugins/wp-ffpc/wp-ffpc-class.php on line 1018","log":"/logs/plugins/w/wp-xapi-lrs/error.json"}
,
{"message":"Uncaught TypeError: array_key_exists(): Argument #2 ($array) must be of type array, bool given in /wordpress/wp-content/plugins/wp-ffpc/wp-ffpc-abstract.php:275","level":"FATAL","type":"PHP","test":"asyncify-boot","plugin":"wp-xapi-lrs","details":"[08-May-2025 11:55:52 UTC] PHP Fatal error:  Uncaught TypeError: array_key_exists(): Argument #2 ($array) must be of type array, bool given in /wordpress/wp-content/plugins/wp-ffpc/wp-ffpc-abstract.php:275\nStack trace:\n#0 /wordpress/wp-content/plugins/wp-ffpc/wp-ffpc-abstract.php(152): WP_FFPC_ABSTRACT->plugin_options_read()\n#1 /wordpress/wp-includes/class-wp-hook.php(324): WP_FFPC_ABSTRACT->plugin_init('')\n#2 /wordpress/wp-includes/class-wp-hook.php(348): WP_Hook->apply_filters(NULL, Array)\n#3 /wordpress/wp-includes/plugin.php(517): WP_Hook->do_action(Array)\n#4 /wordpress/wp-settings.php(727): do_action('init')\n#5 /wordpress/wp-config.php(102): require_once('/wordpress/wp-s...')\n#6 /wordpress/wp-load.php(50): require_once('/wordpress/wp-c...')\n#7 /internal/eval.php(3): require_once('/wordpress/wp-l...')\n#8 {main}\n  thrown in /wordpress/wp-content/plugins/wp-ffpc/wp-ffpc-abstract.php on line 275","log":"/logs/plugins/w/wp-xapi-lrs/error.json"}
,
{"message":"Uncaught PDOException: SQLSTATE[HY000] [2002] Address family not supported by protocol in /wordpress/wp-content/plugins/wp-xapi-lrs/include/WpUtil.php:43","level":"FATAL","type":"PHP","test":"asyncify-boot","plugin":"wp-xapi-lrs","details":"[08-May-2025 11:56:29 UTC] PHP Fatal error:  Uncaught PDOException: SQLSTATE[HY000] [2002] Address family not supported by protocol in /wordpress/wp-content/plugins/wp-xapi-lrs/include/WpUtil.php:43\nStack trace:\n#0 /wordpress/wp-content/plugins/wp-xapi-lrs/include/WpUtil.php(43): PDO->__construct('mysql:host=loca...', 'username_here', 'password_here')\n#1 /wordpress/wp-content/plugins/wp-xapi-lrs/wp-xapi-lrs.php(27): xapilrs\\WpUtil::getCompatiblePdo()\n#2 /wordpress/wp-includes/class-wp-hook.php(324): xapilrs_activate(false)\n#3 /wordpress/wp-includes/class-wp-hook.php(348): WP_Hook->apply_filters('', Array)\n#4 /wordpress/wp-includes/plugin.php(517): WP_Hook->do_action(Array)\n#5 /wordpress/wp-admin/includes/plugin.php(703): do_action('activate_wp-xap...', false)\n#6 /internal/eval.php(20): activate_plugin('wp-xapi-lrs/wp-...')\n#7 {main}\n  thrown in /wordpress/wp-content/plugins/wp-xapi-lrs/include/WpUtil.php on line 43","log":"/logs/plugins/w/wp-xapi-lrs/error.json"}
,
{"message":"Uncaught PDOException: SQLSTATE[HY000] [2002] Address family not supported by protocol in /wordpress/wp-content/plugins/wp-xapi-lrs/include/WpUtil.php:43","level":"FATAL","type":"PHP","test":"asyncify-boot","plugin":"wp-xapi-lrs","details":"[08-May-2025 11:56:36 UTC] PHP Fatal error:  Uncaught PDOException: SQLSTATE[HY000] [2002] Address family not supported by protocol in /wordpress/wp-content/plugins/wp-xapi-lrs/include/WpUtil.php:43\nStack trace:\n#0 /wordpress/wp-content/plugins/wp-xapi-lrs/include/WpUtil.php(43): PDO->__construct('mysql:host=loca...', 'username_here', 'password_here')\n#1 /wordpress/wp-content/plugins/wp-xapi-lrs/wp-xapi-lrs.php(27): xapilrs\\WpUtil::getCompatiblePdo()\n#2 /wordpress/wp-includes/class-wp-hook.php(324): xapilrs_activate(false)\n#3 /wordpress/wp-includes/class-wp-hook.php(348): WP_Hook->apply_filters('', Array)\n#4 /wordpress/wp-includes/plugin.php(517): WP_Hook->do_action(Array)\n#5 /wordpress/wp-admin/includes/plugin.php(703): do_action('activate_wp-xap...', false)\n#6 /internal/eval.php(20): activate_plugin('wp-xapi-lrs/wp-...')\n#7 {main}\n  thrown in /wordpress/wp-content/plugins/wp-xapi-lrs/include/WpUtil.php on line 43\n\n    at Object.onBind (file:///home/runner/work/playground-tester/playground-tester/node_modules/@wp-playground/cli/index.js:237:15)\n    at process.processTicksAndRejections (node:internal/process/task_queues:105:5)\n    at async V (file:///home/runner/work/playground-tester/playground-tester/node_modules/@wp-playground/cli/index.js:64:10)\n    at async ja (file:///home/runner/work/playground-tester/playground-tester/node_modules/@wp-playground/cli/cli.js:8161:12) {\n  [cause]: Error: Error when executing the blueprint step #1 ({\"step\":\"installPlugin\",\"pluginData\":{\"resource\":\"wordpress.org/plugins\",\"slug\":\"wp-xapi-lrs\"},\"options\":{\"activate\":true}}) : PHP.run() failed with exit code 255 and the following output: \n      at Object.run (file:///home/runner/work/playground-tester/playground-tester/node_modules/@wp-playground/blueprints/index.js:12449:19)\n      at process.processTicksAndRejections (node:internal/process/task_queues:105:5)\n      at async ms (file:///home/runner/work/playground-tester/playground-tester/node_modules/@wp-playground/blueprints/index.js:12552:3)\n      ... 2 lines matching cause stack trace ...\n      at async ja (file:///home/runner/work/playground-tester/playground-tester/node_modules/@wp-playground/cli/cli.js:8161:12) {\n    [cause]: PHPExecutionFailureError: PHP.run() failed with exit code 255 and the following output: \n        at PHP.run (file:///home/runner/work/playground-tester/playground-tester/node_modules/@php-wasm/universal/index.js:987:19)\n        at process.processTicksAndRejections (node:internal/process/task_queues:105:5)\n        at async wr (file:///home/runner/work/playground-tester/playground-tester/node_modules/@wp-playground/blueprints/index.js:33:39)\n        at async Object.gt [as installPlugin] (file:///home/runner/work/playground-tester/playground-tester/node_modules/@wp-playground/blueprints/index.js:974:42)\n        at async g (file:///home/runner/work/playground-tester/playground-tester/node_modules/@wp-playground/blueprints/index.js:12517:30)\n        at async Object.run (file:///home/runner/work/playground-tester/playground-tester/node_modules/@wp-playground/blueprints/index.js:12446:23)\n        at async ms (file:///home/runner/work/playground-tester/playground-tester/node_modules/@wp-playground/blueprints/index.js:12552:3)\n        at async Object.onBind (file:///home/runner/work/playground-tester/playground-tester/node_modules/@wp-playground/cli/index.js:227:48)\n        at async V (file:///home/runner/work/playground-tester/playground-tester/node_modules/@wp-playground/cli/index.js:64:10)\n        at async ja (file:///home/runner/work/playground-tester/playground-tester/node_modules/@wp-playground/cli/cli.js:8161:12) {\n      response: PHPResponse {\n        httpStatusCode: 500,\n        headers: {\n          'x-powered-by': [ 'PHP/8.0.30-dev' ],\n          'content-type': [ 'text/html; charset=UTF-8' ]\n        },\n        bytes: Uint8Array(0) [],\n        exitCode: 255,\n        errors: ''\n      },\n      source: 'request'\n    }\n  }\n}\n\n","log":"/logs/plugins/w/wp-xapi-lrs/error.json"}
]
