[
  {
    "message": "file:///home/runner/work/playground-tester/playground-tester/node_modules/@wp-playground/cli/index.js:237\n        throw new Error(y, { cause: u });\n              ^\n",
    "level": "FATAL",
    "type": "PLAYGROUND",
    "test": "ast-sqlite-boot",
    "plugin": "zina",
    "details": "file:///home/runner/work/playground-tester/playground-tester/node_modules/@wp-playground/cli/index.js:237\n        throw new Error(y, { cause: u });\n              ^\n",
    "log": "/tmp/tmp.mRoo2p6OQ0"
  },
  {
    "message": "File class-feed.php is <strong>deprecated</strong> since version 4.7.0! Use fetch_feed() instead. in /wordpress/wp-includes/functions.php on line 6121",
    "level": "DEPRECATED",
    "type": "PHP",
    "test": "ast-sqlite-boot",
    "plugin": "zina",
    "details": "[15-May-2025 11:27:04 UTC] PHP Deprecated:  File class-feed.php is <strong>deprecated</strong> since version 4.7.0! Use fetch_feed() instead. in /wordpress/wp-includes/functions.php on line 6121",
    "log": "/logs/plugins/z/zina/error.json"
  },
  {
    "message": "File class-wp-feed-cache.php is <strong>deprecated</strong> since version 5.6.0 with no alternative available. This file is only loaded for backward compatibility with SimplePie 1.2.x. Please consider switching to a recent SimplePie version. in /wordpress/wp-includes/functions.php on line 6121",
    "level": "DEPRECATED",
    "type": "PHP",
    "test": "ast-sqlite-boot",
    "plugin": "zina",
    "details": "[15-May-2025 11:27:04 UTC] PHP Deprecated:  File class-wp-feed-cache.php is <strong>deprecated</strong> since version 5.6.0 with no alternative available. This file is only loaded for backward compatibility with SimplePie 1.2.x. Please consider switching to a recent SimplePie version. in /wordpress/wp-includes/functions.php on line 6121",
    "log": "/logs/plugins/z/zina/error.json"
  },
  {
    "message": "File class-feed.php is <strong>deprecated</strong> since version 4.7.0! Use fetch_feed() instead. in /wordpress/wp-includes/functions.php on line 6121",
    "level": "DEPRECATED",
    "type": "PHP",
    "test": "ast-sqlite-boot",
    "plugin": "zina",
    "details": "[15-May-2025 11:27:05 UTC] PHP Deprecated:  File class-feed.php is <strong>deprecated</strong> since version 4.7.0! Use fetch_feed() instead. in /wordpress/wp-includes/functions.php on line 6121",
    "log": "/logs/plugins/z/zina/error.json"
  },
  {
    "message": "File class-wp-feed-cache.php is <strong>deprecated</strong> since version 5.6.0 with no alternative available. This file is only loaded for backward compatibility with SimplePie 1.2.x. Please consider switching to a recent SimplePie version. in /wordpress/wp-includes/functions.php on line 6121",
    "level": "DEPRECATED",
    "type": "PHP",
    "test": "ast-sqlite-boot",
    "plugin": "zina",
    "details": "[15-May-2025 11:27:05 UTC] PHP Deprecated:  File class-wp-feed-cache.php is <strong>deprecated</strong> since version 5.6.0 with no alternative available. This file is only loaded for backward compatibility with SimplePie 1.2.x. Please consider switching to a recent SimplePie version. in /wordpress/wp-includes/functions.php on line 6121",
    "log": "/logs/plugins/z/zina/error.json"
  },
  {
    "message": "Function _load_textdomain_just_in_time was called <strong>incorrectly</strong>. Translation loading for the <code>thethe-floating-bookmarks</code> domain was triggered too early. This is usually an indicator for some code in the plugin or theme running too early. Translations should be loaded at the <code>init</code> action or later. Please see <a href=\"https://developer.wordpress.org/advanced-administration/debug/debug-wordpress/\">Debugging in WordPress</a> for more information. (This message was added in version 6.7.0.) in /wordpress/wp-includes/functions.php on line 6121",
    "level": "NOTICE",
    "type": "PHP",
    "test": "ast-sqlite-boot",
    "plugin": "zina",
    "details": "[15-May-2025 11:27:05 UTC] PHP Notice:  Function _load_textdomain_just_in_time was called <strong>incorrectly</strong>. Translation loading for the <code>thethe-floating-bookmarks</code> domain was triggered too early. This is usually an indicator for some code in the plugin or theme running too early. Translations should be loaded at the <code>init</code> action or later. Please see <a href=\"https://developer.wordpress.org/advanced-administration/debug/debug-wordpress/\">Debugging in WordPress</a> for more information. (This message was added in version 6.7.0.) in /wordpress/wp-includes/functions.php on line 6121",
    "log": "/logs/plugins/z/zina/error.json"
  },
  {
    "message": "File class-feed.php is <strong>deprecated</strong> since version 4.7.0! Use fetch_feed() instead. in /wordpress/wp-includes/functions.php on line 6121",
    "level": "DEPRECATED",
    "type": "PHP",
    "test": "ast-sqlite-boot",
    "plugin": "zina",
    "details": "[15-May-2025 11:27:14 UTC] PHP Deprecated:  File class-feed.php is <strong>deprecated</strong> since version 4.7.0! Use fetch_feed() instead. in /wordpress/wp-includes/functions.php on line 6121",
    "log": "/logs/plugins/z/zina/error.json"
  },
  {
    "message": "File class-wp-feed-cache.php is <strong>deprecated</strong> since version 5.6.0 with no alternative available. This file is only loaded for backward compatibility with SimplePie 1.2.x. Please consider switching to a recent SimplePie version. in /wordpress/wp-includes/functions.php on line 6121",
    "level": "DEPRECATED",
    "type": "PHP",
    "test": "ast-sqlite-boot",
    "plugin": "zina",
    "details": "[15-May-2025 11:27:14 UTC] PHP Deprecated:  File class-wp-feed-cache.php is <strong>deprecated</strong> since version 5.6.0 with no alternative available. This file is only loaded for backward compatibility with SimplePie 1.2.x. Please consider switching to a recent SimplePie version. in /wordpress/wp-includes/functions.php on line 6121",
    "log": "/logs/plugins/z/zina/error.json"
  },
  {
    "message": "File class-feed.php is <strong>deprecated</strong> since version 4.7.0! Use fetch_feed() instead. in /wordpress/wp-includes/functions.php on line 6121",
    "level": "DEPRECATED",
    "type": "PHP",
    "test": "ast-sqlite-boot",
    "plugin": "zina",
    "details": "[15-May-2025 11:27:15 UTC] PHP Deprecated:  File class-feed.php is <strong>deprecated</strong> since version 4.7.0! Use fetch_feed() instead. in /wordpress/wp-includes/functions.php on line 6121",
    "log": "/logs/plugins/z/zina/error.json"
  },
  {
    "message": "File class-wp-feed-cache.php is <strong>deprecated</strong> since version 5.6.0 with no alternative available. This file is only loaded for backward compatibility with SimplePie 1.2.x. Please consider switching to a recent SimplePie version. in /wordpress/wp-includes/functions.php on line 6121",
    "level": "DEPRECATED",
    "type": "PHP",
    "test": "ast-sqlite-boot",
    "plugin": "zina",
    "details": "[15-May-2025 11:27:15 UTC] PHP Deprecated:  File class-wp-feed-cache.php is <strong>deprecated</strong> since version 5.6.0 with no alternative available. This file is only loaded for backward compatibility with SimplePie 1.2.x. Please consider switching to a recent SimplePie version. in /wordpress/wp-includes/functions.php on line 6121",
    "log": "/logs/plugins/z/zina/error.json"
  },
  {
    "message": "Function _load_textdomain_just_in_time was called <strong>incorrectly</strong>. Translation loading for the <code>thethe-floating-bookmarks</code> domain was triggered too early. This is usually an indicator for some code in the plugin or theme running too early. Translations should be loaded at the <code>init</code> action or later. Please see <a href=\"https://developer.wordpress.org/advanced-administration/debug/debug-wordpress/\">Debugging in WordPress</a> for more information. (This message was added in version 6.7.0.) in /wordpress/wp-includes/functions.php on line 6121",
    "level": "NOTICE",
    "type": "PHP",
    "test": "ast-sqlite-boot",
    "plugin": "zina",
    "details": "[15-May-2025 11:27:15 UTC] PHP Notice:  Function _load_textdomain_just_in_time was called <strong>incorrectly</strong>. Translation loading for the <code>thethe-floating-bookmarks</code> domain was triggered too early. This is usually an indicator for some code in the plugin or theme running too early. Translations should be loaded at the <code>init</code> action or later. Please see <a href=\"https://developer.wordpress.org/advanced-administration/debug/debug-wordpress/\">Debugging in WordPress</a> for more information. (This message was added in version 6.7.0.) in /wordpress/wp-includes/functions.php on line 6121",
    "log": "/logs/plugins/z/zina/error.json"
  },
  {
    "message": "File class-feed.php is <strong>deprecated</strong> since version 4.7.0! Use fetch_feed() instead. in /wordpress/wp-includes/functions.php on line 6121",
    "level": "DEPRECATED",
    "type": "PHP",
    "test": "ast-sqlite-boot",
    "plugin": "zina",
    "details": "[15-May-2025 11:27:23 UTC] PHP Deprecated:  File class-feed.php is <strong>deprecated</strong> since version 4.7.0! Use fetch_feed() instead. in /wordpress/wp-includes/functions.php on line 6121",
    "log": "/logs/plugins/z/zina/error.json"
  },
  {
    "message": "File class-wp-feed-cache.php is <strong>deprecated</strong> since version 5.6.0 with no alternative available. This file is only loaded for backward compatibility with SimplePie 1.2.x. Please consider switching to a recent SimplePie version. in /wordpress/wp-includes/functions.php on line 6121",
    "level": "DEPRECATED",
    "type": "PHP",
    "test": "ast-sqlite-boot",
    "plugin": "zina",
    "details": "[15-May-2025 11:27:23 UTC] PHP Deprecated:  File class-wp-feed-cache.php is <strong>deprecated</strong> since version 5.6.0 with no alternative available. This file is only loaded for backward compatibility with SimplePie 1.2.x. Please consider switching to a recent SimplePie version. in /wordpress/wp-includes/functions.php on line 6121",
    "log": "/logs/plugins/z/zina/error.json"
  },
  {
    "message": "File class-feed.php is <strong>deprecated</strong> since version 4.7.0! Use fetch_feed() instead. in /wordpress/wp-includes/functions.php on line 6121",
    "level": "DEPRECATED",
    "type": "PHP",
    "test": "ast-sqlite-boot",
    "plugin": "zina",
    "details": "[15-May-2025 11:27:24 UTC] PHP Deprecated:  File class-feed.php is <strong>deprecated</strong> since version 4.7.0! Use fetch_feed() instead. in /wordpress/wp-includes/functions.php on line 6121",
    "log": "/logs/plugins/z/zina/error.json"
  },
  {
    "message": "File class-wp-feed-cache.php is <strong>deprecated</strong> since version 5.6.0 with no alternative available. This file is only loaded for backward compatibility with SimplePie 1.2.x. Please consider switching to a recent SimplePie version. in /wordpress/wp-includes/functions.php on line 6121",
    "level": "DEPRECATED",
    "type": "PHP",
    "test": "ast-sqlite-boot",
    "plugin": "zina",
    "details": "[15-May-2025 11:27:24 UTC] PHP Deprecated:  File class-wp-feed-cache.php is <strong>deprecated</strong> since version 5.6.0 with no alternative available. This file is only loaded for backward compatibility with SimplePie 1.2.x. Please consider switching to a recent SimplePie version. in /wordpress/wp-includes/functions.php on line 6121",
    "log": "/logs/plugins/z/zina/error.json"
  },
  {
    "message": "Function _load_textdomain_just_in_time was called <strong>incorrectly</strong>. Translation loading for the <code>thethe-floating-bookmarks</code> domain was triggered too early. This is usually an indicator for some code in the plugin or theme running too early. Translations should be loaded at the <code>init</code> action or later. Please see <a href=\"https://developer.wordpress.org/advanced-administration/debug/debug-wordpress/\">Debugging in WordPress</a> for more information. (This message was added in version 6.7.0.) in /wordpress/wp-includes/functions.php on line 6121",
    "level": "NOTICE",
    "type": "PHP",
    "test": "ast-sqlite-boot",
    "plugin": "zina",
    "details": "[15-May-2025 11:27:24 UTC] PHP Notice:  Function _load_textdomain_just_in_time was called <strong>incorrectly</strong>. Translation loading for the <code>thethe-floating-bookmarks</code> domain was triggered too early. This is usually an indicator for some code in the plugin or theme running too early. Translations should be loaded at the <code>init</code> action or later. Please see <a href=\"https://developer.wordpress.org/advanced-administration/debug/debug-wordpress/\">Debugging in WordPress</a> for more information. (This message was added in version 6.7.0.) in /wordpress/wp-includes/functions.php on line 6121",
    "log": "/logs/plugins/z/zina/error.json"
  },
  {
    "message": "Uncaught Exception: Broadcast requires a Wordpress network install. It does not support single installs. in /wordpress/wp-content/plugins/threewp-broadcast/src/ThreeWP_Broadcast.php:236",
    "level": "FATAL",
    "type": "PHP",
    "test": "ast-sqlite-boot",
    "plugin": "zina",
    "details": "[15-May-2025 11:27:35 UTC] PHP Fatal error:  Uncaught Exception: Broadcast requires a Wordpress network install. It does not support single installs. in /wordpress/wp-content/plugins/threewp-broadcast/src/ThreeWP_Broadcast.php:236\nStack trace:\n#0 /wordpress/wp-content/plugins/threewp-broadcast/src/sdk/wordpress/base.php(204): threewp_broadcast\\ThreeWP_Broadcast->activate()\n#1 /wordpress/wp-includes/class-wp-hook.php(324): plainview\\sdk_broadcast\\wordpress\\base->activate_internal(false)\n#2 /wordpress/wp-includes/class-wp-hook.php(348): WP_Hook->apply_filters('', Array)\n#3 /wordpress/wp-includes/plugin.php(517): WP_Hook->do_action(Array)\n#4 /wordpress/wp-admin/includes/plugin.php(703): do_action('activate_threew...', false)\n#5 /internal/eval.php(20): activate_plugin('threewp-broadca...')\n#6 {main}\n  thrown in /wordpress/wp-content/plugins/threewp-broadcast/src/ThreeWP_Broadcast.php on line 236",
    "log": "/logs/plugins/z/zina/error.json"
  },
  {
    "message": "Uncaught Exception: Broadcast requires a Wordpress network install. It does not support single installs. in /wordpress/wp-content/plugins/threewp-broadcast/src/ThreeWP_Broadcast.php:236",
    "level": "FATAL",
    "type": "PHP",
    "test": "ast-sqlite-boot",
    "plugin": "zina",
    "details": "[15-May-2025 11:27:46 UTC] PHP Fatal error:  Uncaught Exception: Broadcast requires a Wordpress network install. It does not support single installs. in /wordpress/wp-content/plugins/threewp-broadcast/src/ThreeWP_Broadcast.php:236\nStack trace:\n#0 /wordpress/wp-content/plugins/threewp-broadcast/src/sdk/wordpress/base.php(204): threewp_broadcast\\ThreeWP_Broadcast->activate()\n#1 /wordpress/wp-includes/class-wp-hook.php(324): plainview\\sdk_broadcast\\wordpress\\base->activate_internal(false)\n#2 /wordpress/wp-includes/class-wp-hook.php(348): WP_Hook->apply_filters('', Array)\n#3 /wordpress/wp-includes/plugin.php(517): WP_Hook->do_action(Array)\n#4 /wordpress/wp-admin/includes/plugin.php(703): do_action('activate_threew...', false)\n#5 /internal/eval.php(20): activate_plugin('threewp-broadca...')\n#6 {main}\n  thrown in /wordpress/wp-content/plugins/threewp-broadcast/src/ThreeWP_Broadcast.php on line 236",
    "log": "/logs/plugins/z/zina/error.json"
  },
  {
    "message": "Uncaught Exception: Broadcast requires a Wordpress network install. It does not support single installs. in /wordpress/wp-content/plugins/threewp-broadcast/src/ThreeWP_Broadcast.php:236",
    "level": "FATAL",
    "type": "PHP",
    "test": "ast-sqlite-boot",
    "plugin": "zina",
    "details": "[15-May-2025 11:27:56 UTC] PHP Fatal error:  Uncaught Exception: Broadcast requires a Wordpress network install. It does not support single installs. in /wordpress/wp-content/plugins/threewp-broadcast/src/ThreeWP_Broadcast.php:236\nStack trace:\n#0 /wordpress/wp-content/plugins/threewp-broadcast/src/sdk/wordpress/base.php(204): threewp_broadcast\\ThreeWP_Broadcast->activate()\n#1 /wordpress/wp-includes/class-wp-hook.php(324): plainview\\sdk_broadcast\\wordpress\\base->activate_internal(false)\n#2 /wordpress/wp-includes/class-wp-hook.php(348): WP_Hook->apply_filters('', Array)\n#3 /wordpress/wp-includes/plugin.php(517): WP_Hook->do_action(Array)\n#4 /wordpress/wp-admin/includes/plugin.php(703): do_action('activate_threew...', false)\n#5 /internal/eval.php(20): activate_plugin('threewp-broadca...')\n#6 {main}\n  thrown in /wordpress/wp-content/plugins/threewp-broadcast/src/ThreeWP_Broadcast.php on line 236",
    "log": "/logs/plugins/z/zina/error.json"
  },
  {
    "message": "Constant DS already defined in /wordpress/wp-content/plugins/thumbshots/thumbshots.php on line 18",
    "level": "WARNING",
    "type": "PHP",
    "test": "ast-sqlite-boot",
    "plugin": "zina",
    "details": "[15-May-2025 11:28:05 UTC] PHP Warning:  Constant DS already defined in /wordpress/wp-content/plugins/thumbshots/thumbshots.php on line 18",
    "log": "/logs/plugins/z/zina/error.json"
  },
  {
    "message": "Constant DS already defined in /wordpress/wp-content/plugins/thumbshots/thumbshots.php on line 18",
    "level": "WARNING",
    "type": "PHP",
    "test": "ast-sqlite-boot",
    "plugin": "zina",
    "details": "[15-May-2025 11:28:06 UTC] PHP Warning:  Constant DS already defined in /wordpress/wp-content/plugins/thumbshots/thumbshots.php on line 18",
    "log": "/logs/plugins/z/zina/error.json"
  },
  {
    "message": "Constant DS already defined in /wordpress/wp-content/plugins/thumbshots/thumbshots.php on line 18",
    "level": "WARNING",
    "type": "PHP",
    "test": "ast-sqlite-boot",
    "plugin": "zina",
    "details": "[15-May-2025 11:28:14 UTC] PHP Warning:  Constant DS already defined in /wordpress/wp-content/plugins/thumbshots/thumbshots.php on line 18",
    "log": "/logs/plugins/z/zina/error.json"
  },
  {
    "message": "Constant DS already defined in /wordpress/wp-content/plugins/thumbshots/thumbshots.php on line 18",
    "level": "WARNING",
    "type": "PHP",
    "test": "ast-sqlite-boot",
    "plugin": "zina",
    "details": "[15-May-2025 11:28:15 UTC] PHP Warning:  Constant DS already defined in /wordpress/wp-content/plugins/thumbshots/thumbshots.php on line 18",
    "log": "/logs/plugins/z/zina/error.json"
  },
  {
    "message": "Constant DS already defined in /wordpress/wp-content/plugins/thumbshots/thumbshots.php on line 18",
    "level": "WARNING",
    "type": "PHP",
    "test": "ast-sqlite-boot",
    "plugin": "zina",
    "details": "[15-May-2025 11:28:23 UTC] PHP Warning:  Constant DS already defined in /wordpress/wp-content/plugins/thumbshots/thumbshots.php on line 18",
    "log": "/logs/plugins/z/zina/error.json"
  },
  {
    "message": "Constant DS already defined in /wordpress/wp-content/plugins/thumbshots/thumbshots.php on line 18",
    "level": "WARNING",
    "type": "PHP",
    "test": "ast-sqlite-boot",
    "plugin": "zina",
    "details": "[15-May-2025 11:28:24 UTC] PHP Warning:  Constant DS already defined in /wordpress/wp-content/plugins/thumbshots/thumbshots.php on line 18",
    "log": "/logs/plugins/z/zina/error.json"
  },
  {
    "message": "Required parameter $width follows optional parameter $attach_id in /wordpress/wp-content/plugins/tiled-gallery-carousel-without-jetpack/tiled-gallery.php on line 138",
    "level": "DEPRECATED",
    "type": "PHP",
    "test": "ast-sqlite-boot",
    "plugin": "zina",
    "details": "[15-May-2025 11:29:03 UTC] PHP Deprecated:  Required parameter $width follows optional parameter $attach_id in /wordpress/wp-content/plugins/tiled-gallery-carousel-without-jetpack/tiled-gallery.php on line 138",
    "log": "/logs/plugins/z/zina/error.json"
  },
  {
    "message": "Required parameter $height follows optional parameter $attach_id in /wordpress/wp-content/plugins/tiled-gallery-carousel-without-jetpack/tiled-gallery.php on line 138",
    "level": "DEPRECATED",
    "type": "PHP",
    "test": "ast-sqlite-boot",
    "plugin": "zina",
    "details": "[15-May-2025 11:29:03 UTC] PHP Deprecated:  Required parameter $height follows optional parameter $attach_id in /wordpress/wp-content/plugins/tiled-gallery-carousel-without-jetpack/tiled-gallery.php on line 138",
    "log": "/logs/plugins/z/zina/error.json"
  },
  {
    "message": "Required parameter $width follows optional parameter $attach_id in /wordpress/wp-content/plugins/tiled-gallery-carousel-without-jetpack/tiled-gallery.php on line 138",
    "level": "DEPRECATED",
    "type": "PHP",
    "test": "ast-sqlite-boot",
    "plugin": "zina",
    "details": "[15-May-2025 11:29:04 UTC] PHP Deprecated:  Required parameter $width follows optional parameter $attach_id in /wordpress/wp-content/plugins/tiled-gallery-carousel-without-jetpack/tiled-gallery.php on line 138",
    "log": "/logs/plugins/z/zina/error.json"
  },
  {
    "message": "Required parameter $height follows optional parameter $attach_id in /wordpress/wp-content/plugins/tiled-gallery-carousel-without-jetpack/tiled-gallery.php on line 138",
    "level": "DEPRECATED",
    "type": "PHP",
    "test": "ast-sqlite-boot",
    "plugin": "zina",
    "details": "[15-May-2025 11:29:04 UTC] PHP Deprecated:  Required parameter $height follows optional parameter $attach_id in /wordpress/wp-content/plugins/tiled-gallery-carousel-without-jetpack/tiled-gallery.php on line 138",
    "log": "/logs/plugins/z/zina/error.json"
  },
  {
    "message": "Required parameter $width follows optional parameter $attach_id in /wordpress/wp-content/plugins/tiled-gallery-carousel-without-jetpack/tiled-gallery.php on line 138",
    "level": "DEPRECATED",
    "type": "PHP",
    "test": "ast-sqlite-boot",
    "plugin": "zina",
    "details": "[15-May-2025 11:29:13 UTC] PHP Deprecated:  Required parameter $width follows optional parameter $attach_id in /wordpress/wp-content/plugins/tiled-gallery-carousel-without-jetpack/tiled-gallery.php on line 138",
    "log": "/logs/plugins/z/zina/error.json"
  },
  {
    "message": "Required parameter $height follows optional parameter $attach_id in /wordpress/wp-content/plugins/tiled-gallery-carousel-without-jetpack/tiled-gallery.php on line 138",
    "level": "DEPRECATED",
    "type": "PHP",
    "test": "ast-sqlite-boot",
    "plugin": "zina",
    "details": "[15-May-2025 11:29:13 UTC] PHP Deprecated:  Required parameter $height follows optional parameter $attach_id in /wordpress/wp-content/plugins/tiled-gallery-carousel-without-jetpack/tiled-gallery.php on line 138",
    "log": "/logs/plugins/z/zina/error.json"
  },
  {
    "message": "Required parameter $width follows optional parameter $attach_id in /wordpress/wp-content/plugins/tiled-gallery-carousel-without-jetpack/tiled-gallery.php on line 138",
    "level": "DEPRECATED",
    "type": "PHP",
    "test": "ast-sqlite-boot",
    "plugin": "zina",
    "details": "[15-May-2025 11:29:14 UTC] PHP Deprecated:  Required parameter $width follows optional parameter $attach_id in /wordpress/wp-content/plugins/tiled-gallery-carousel-without-jetpack/tiled-gallery.php on line 138",
    "log": "/logs/plugins/z/zina/error.json"
  },
  {
    "message": "Required parameter $height follows optional parameter $attach_id in /wordpress/wp-content/plugins/tiled-gallery-carousel-without-jetpack/tiled-gallery.php on line 138",
    "level": "DEPRECATED",
    "type": "PHP",
    "test": "ast-sqlite-boot",
    "plugin": "zina",
    "details": "[15-May-2025 11:29:14 UTC] PHP Deprecated:  Required parameter $height follows optional parameter $attach_id in /wordpress/wp-content/plugins/tiled-gallery-carousel-without-jetpack/tiled-gallery.php on line 138",
    "log": "/logs/plugins/z/zina/error.json"
  },
  {
    "message": "Required parameter $width follows optional parameter $attach_id in /wordpress/wp-content/plugins/tiled-gallery-carousel-without-jetpack/tiled-gallery.php on line 138",
    "level": "DEPRECATED",
    "type": "PHP",
    "test": "ast-sqlite-boot",
    "plugin": "zina",
    "details": "[15-May-2025 11:29:23 UTC] PHP Deprecated:  Required parameter $width follows optional parameter $attach_id in /wordpress/wp-content/plugins/tiled-gallery-carousel-without-jetpack/tiled-gallery.php on line 138",
    "log": "/logs/plugins/z/zina/error.json"
  },
  {
    "message": "Required parameter $height follows optional parameter $attach_id in /wordpress/wp-content/plugins/tiled-gallery-carousel-without-jetpack/tiled-gallery.php on line 138",
    "level": "DEPRECATED",
    "type": "PHP",
    "test": "ast-sqlite-boot",
    "plugin": "zina",
    "details": "[15-May-2025 11:29:23 UTC] PHP Deprecated:  Required parameter $height follows optional parameter $attach_id in /wordpress/wp-content/plugins/tiled-gallery-carousel-without-jetpack/tiled-gallery.php on line 138",
    "log": "/logs/plugins/z/zina/error.json"
  },
  {
    "message": "Required parameter $width follows optional parameter $attach_id in /wordpress/wp-content/plugins/tiled-gallery-carousel-without-jetpack/tiled-gallery.php on line 138",
    "level": "DEPRECATED",
    "type": "PHP",
    "test": "ast-sqlite-boot",
    "plugin": "zina",
    "details": "[15-May-2025 11:29:24 UTC] PHP Deprecated:  Required parameter $width follows optional parameter $attach_id in /wordpress/wp-content/plugins/tiled-gallery-carousel-without-jetpack/tiled-gallery.php on line 138",
    "log": "/logs/plugins/z/zina/error.json"
  },
  {
    "message": "Required parameter $height follows optional parameter $attach_id in /wordpress/wp-content/plugins/tiled-gallery-carousel-without-jetpack/tiled-gallery.php on line 138",
    "level": "DEPRECATED",
    "type": "PHP",
    "test": "ast-sqlite-boot",
    "plugin": "zina",
    "details": "[15-May-2025 11:29:24 UTC] PHP Deprecated:  Required parameter $height follows optional parameter $attach_id in /wordpress/wp-content/plugins/tiled-gallery-carousel-without-jetpack/tiled-gallery.php on line 138",
    "log": "/logs/plugins/z/zina/error.json"
  },
  {
    "message": "syntax error, unexpected token \"=>\" in /wordpress/wp-content/plugins/zina/zina/index.php on line 5731",
    "level": "PARSE",
    "type": "PHP",
    "test": "ast-sqlite-boot",
    "plugin": "zina",
    "details": "[15-May-2025 11:30:01 UTC] PHP Parse error:  syntax error, unexpected token \"=>\" in /wordpress/wp-content/plugins/zina/zina/index.php on line 5731\n\n    at Object.onBind (file:///home/runner/work/playground-tester/playground-tester/node_modules/@wp-playground/cli/index.js:237:15)\n    at process.processTicksAndRejections (node:internal/process/task_queues:105:5)\n    at async V (file:///home/runner/work/playground-tester/playground-tester/node_modules/@wp-playground/cli/index.js:64:10)\n    at async ja (file:///home/runner/work/playground-tester/playground-tester/node_modules/@wp-playground/cli/cli.js:8161:12) {\n  [cause]: Error: Error when executing the blueprint step #5 ({\"step\":\"installPlugin\",\"pluginData\":{\"resource\":\"wordpress.org/plugins\",\"slug\":\"zina\"},\"options\":{\"activate\":true}}) : PHP.run() failed with exit code 255 and the following output: \n      at Object.run (file:///home/runner/work/playground-tester/playground-tester/node_modules/@wp-playground/blueprints/index.js:12449:19)\n      at process.processTicksAndRejections (node:internal/process/task_queues:105:5)\n      at async ms (file:///home/runner/work/playground-tester/playground-tester/node_modules/@wp-playground/blueprints/index.js:12552:3)\n      ... 2 lines matching cause stack trace ...\n      at async ja (file:///home/runner/work/playground-tester/playground-tester/node_modules/@wp-playground/cli/cli.js:8161:12) {\n    [cause]: PHPExecutionFailureError: PHP.run() failed with exit code 255 and the following output: \n        at PHP.run (file:///home/runner/work/playground-tester/playground-tester/node_modules/@php-wasm/universal/index.js:987:19)\n        at process.processTicksAndRejections (node:internal/process/task_queues:105:5)\n        at async wr (file:///home/runner/work/playground-tester/playground-tester/node_modules/@wp-playground/blueprints/index.js:33:39)\n        at async Object.gt [as installPlugin] (file:///home/runner/work/playground-tester/playground-tester/node_modules/@wp-playground/blueprints/index.js:974:42)\n        at async g (file:///home/runner/work/playground-tester/playground-tester/node_modules/@wp-playground/blueprints/index.js:12517:30)\n        at async Object.run (file:///home/runner/work/playground-tester/playground-tester/node_modules/@wp-playground/blueprints/index.js:12446:23)\n        at async ms (file:///home/runner/work/playground-tester/playground-tester/node_modules/@wp-playground/blueprints/index.js:12552:3)\n        at async Object.onBind (file:///home/runner/work/playground-tester/playground-tester/node_modules/@wp-playground/cli/index.js:227:48)\n        at async V (file:///home/runner/work/playground-tester/playground-tester/node_modules/@wp-playground/cli/index.js:64:10)\n        at async ja (file:///home/runner/work/playground-tester/playground-tester/node_modules/@wp-playground/cli/cli.js:8161:12) {\n      response: PHPResponse {\n        httpStatusCode: 500,\n        headers: {\n          'x-powered-by': [ 'PHP/8.0.30-dev' ],\n          'content-type': [ 'text/html; charset=UTF-8' ]\n        },\n        bytes: Uint8Array(0) [],\n        exitCode: 255,\n        errors: ''\n      },\n      source: 'request'\n    }\n  }\n}\n\n",
    "log": "/logs/plugins/z/zina/error.json"
  },
  {
    "message": "file:///home/runner/work/playground-tester/playground-tester/node_modules/@wp-playground/cli/index.js:237\n        throw new Error(y, { cause: u });\n              ^\n",
    "level": "FATAL",
    "type": "PLAYGROUND",
    "test": "asyncify-boot",
    "plugin": "zina",
    "details": "file:///home/runner/work/playground-tester/playground-tester/node_modules/@wp-playground/cli/index.js:237\n        throw new Error(y, { cause: u });\n              ^\n",
    "log": "/tmp/tmp.CxHS6cFuBt"
  },
  {
    "message": "File class-feed.php is <strong>deprecated</strong> since version 4.7.0! Use fetch_feed() instead. in /wordpress/wp-includes/functions.php on line 6121",
    "level": "DEPRECATED",
    "type": "PHP",
    "test": "asyncify-boot",
    "plugin": "zina",
    "details": "[15-May-2025 11:27:04 UTC] PHP Deprecated:  File class-feed.php is <strong>deprecated</strong> since version 4.7.0! Use fetch_feed() instead. in /wordpress/wp-includes/functions.php on line 6121",
    "log": "/logs/plugins/z/zina/error.json"
  },
  {
    "message": "File class-wp-feed-cache.php is <strong>deprecated</strong> since version 5.6.0 with no alternative available. This file is only loaded for backward compatibility with SimplePie 1.2.x. Please consider switching to a recent SimplePie version. in /wordpress/wp-includes/functions.php on line 6121",
    "level": "DEPRECATED",
    "type": "PHP",
    "test": "asyncify-boot",
    "plugin": "zina",
    "details": "[15-May-2025 11:27:04 UTC] PHP Deprecated:  File class-wp-feed-cache.php is <strong>deprecated</strong> since version 5.6.0 with no alternative available. This file is only loaded for backward compatibility with SimplePie 1.2.x. Please consider switching to a recent SimplePie version. in /wordpress/wp-includes/functions.php on line 6121",
    "log": "/logs/plugins/z/zina/error.json"
  },
  {
    "message": "File class-feed.php is <strong>deprecated</strong> since version 4.7.0! Use fetch_feed() instead. in /wordpress/wp-includes/functions.php on line 6121",
    "level": "DEPRECATED",
    "type": "PHP",
    "test": "asyncify-boot",
    "plugin": "zina",
    "details": "[15-May-2025 11:27:05 UTC] PHP Deprecated:  File class-feed.php is <strong>deprecated</strong> since version 4.7.0! Use fetch_feed() instead. in /wordpress/wp-includes/functions.php on line 6121",
    "log": "/logs/plugins/z/zina/error.json"
  },
  {
    "message": "File class-wp-feed-cache.php is <strong>deprecated</strong> since version 5.6.0 with no alternative available. This file is only loaded for backward compatibility with SimplePie 1.2.x. Please consider switching to a recent SimplePie version. in /wordpress/wp-includes/functions.php on line 6121",
    "level": "DEPRECATED",
    "type": "PHP",
    "test": "asyncify-boot",
    "plugin": "zina",
    "details": "[15-May-2025 11:27:05 UTC] PHP Deprecated:  File class-wp-feed-cache.php is <strong>deprecated</strong> since version 5.6.0 with no alternative available. This file is only loaded for backward compatibility with SimplePie 1.2.x. Please consider switching to a recent SimplePie version. in /wordpress/wp-includes/functions.php on line 6121",
    "log": "/logs/plugins/z/zina/error.json"
  },
  {
    "message": "Function _load_textdomain_just_in_time was called <strong>incorrectly</strong>. Translation loading for the <code>thethe-floating-bookmarks</code> domain was triggered too early. This is usually an indicator for some code in the plugin or theme running too early. Translations should be loaded at the <code>init</code> action or later. Please see <a href=\"https://developer.wordpress.org/advanced-administration/debug/debug-wordpress/\">Debugging in WordPress</a> for more information. (This message was added in version 6.7.0.) in /wordpress/wp-includes/functions.php on line 6121",
    "level": "NOTICE",
    "type": "PHP",
    "test": "asyncify-boot",
    "plugin": "zina",
    "details": "[15-May-2025 11:27:05 UTC] PHP Notice:  Function _load_textdomain_just_in_time was called <strong>incorrectly</strong>. Translation loading for the <code>thethe-floating-bookmarks</code> domain was triggered too early. This is usually an indicator for some code in the plugin or theme running too early. Translations should be loaded at the <code>init</code> action or later. Please see <a href=\"https://developer.wordpress.org/advanced-administration/debug/debug-wordpress/\">Debugging in WordPress</a> for more information. (This message was added in version 6.7.0.) in /wordpress/wp-includes/functions.php on line 6121",
    "log": "/logs/plugins/z/zina/error.json"
  },
  {
    "message": "File class-feed.php is <strong>deprecated</strong> since version 4.7.0! Use fetch_feed() instead. in /wordpress/wp-includes/functions.php on line 6121",
    "level": "DEPRECATED",
    "type": "PHP",
    "test": "asyncify-boot",
    "plugin": "zina",
    "details": "[15-May-2025 11:27:14 UTC] PHP Deprecated:  File class-feed.php is <strong>deprecated</strong> since version 4.7.0! Use fetch_feed() instead. in /wordpress/wp-includes/functions.php on line 6121",
    "log": "/logs/plugins/z/zina/error.json"
  },
  {
    "message": "File class-wp-feed-cache.php is <strong>deprecated</strong> since version 5.6.0 with no alternative available. This file is only loaded for backward compatibility with SimplePie 1.2.x. Please consider switching to a recent SimplePie version. in /wordpress/wp-includes/functions.php on line 6121",
    "level": "DEPRECATED",
    "type": "PHP",
    "test": "asyncify-boot",
    "plugin": "zina",
    "details": "[15-May-2025 11:27:14 UTC] PHP Deprecated:  File class-wp-feed-cache.php is <strong>deprecated</strong> since version 5.6.0 with no alternative available. This file is only loaded for backward compatibility with SimplePie 1.2.x. Please consider switching to a recent SimplePie version. in /wordpress/wp-includes/functions.php on line 6121",
    "log": "/logs/plugins/z/zina/error.json"
  },
  {
    "message": "File class-feed.php is <strong>deprecated</strong> since version 4.7.0! Use fetch_feed() instead. in /wordpress/wp-includes/functions.php on line 6121",
    "level": "DEPRECATED",
    "type": "PHP",
    "test": "asyncify-boot",
    "plugin": "zina",
    "details": "[15-May-2025 11:27:15 UTC] PHP Deprecated:  File class-feed.php is <strong>deprecated</strong> since version 4.7.0! Use fetch_feed() instead. in /wordpress/wp-includes/functions.php on line 6121",
    "log": "/logs/plugins/z/zina/error.json"
  },
  {
    "message": "File class-wp-feed-cache.php is <strong>deprecated</strong> since version 5.6.0 with no alternative available. This file is only loaded for backward compatibility with SimplePie 1.2.x. Please consider switching to a recent SimplePie version. in /wordpress/wp-includes/functions.php on line 6121",
    "level": "DEPRECATED",
    "type": "PHP",
    "test": "asyncify-boot",
    "plugin": "zina",
    "details": "[15-May-2025 11:27:15 UTC] PHP Deprecated:  File class-wp-feed-cache.php is <strong>deprecated</strong> since version 5.6.0 with no alternative available. This file is only loaded for backward compatibility with SimplePie 1.2.x. Please consider switching to a recent SimplePie version. in /wordpress/wp-includes/functions.php on line 6121",
    "log": "/logs/plugins/z/zina/error.json"
  },
  {
    "message": "Function _load_textdomain_just_in_time was called <strong>incorrectly</strong>. Translation loading for the <code>thethe-floating-bookmarks</code> domain was triggered too early. This is usually an indicator for some code in the plugin or theme running too early. Translations should be loaded at the <code>init</code> action or later. Please see <a href=\"https://developer.wordpress.org/advanced-administration/debug/debug-wordpress/\">Debugging in WordPress</a> for more information. (This message was added in version 6.7.0.) in /wordpress/wp-includes/functions.php on line 6121",
    "level": "NOTICE",
    "type": "PHP",
    "test": "asyncify-boot",
    "plugin": "zina",
    "details": "[15-May-2025 11:27:15 UTC] PHP Notice:  Function _load_textdomain_just_in_time was called <strong>incorrectly</strong>. Translation loading for the <code>thethe-floating-bookmarks</code> domain was triggered too early. This is usually an indicator for some code in the plugin or theme running too early. Translations should be loaded at the <code>init</code> action or later. Please see <a href=\"https://developer.wordpress.org/advanced-administration/debug/debug-wordpress/\">Debugging in WordPress</a> for more information. (This message was added in version 6.7.0.) in /wordpress/wp-includes/functions.php on line 6121",
    "log": "/logs/plugins/z/zina/error.json"
  },
  {
    "message": "File class-feed.php is <strong>deprecated</strong> since version 4.7.0! Use fetch_feed() instead. in /wordpress/wp-includes/functions.php on line 6121",
    "level": "DEPRECATED",
    "type": "PHP",
    "test": "asyncify-boot",
    "plugin": "zina",
    "details": "[15-May-2025 11:27:23 UTC] PHP Deprecated:  File class-feed.php is <strong>deprecated</strong> since version 4.7.0! Use fetch_feed() instead. in /wordpress/wp-includes/functions.php on line 6121",
    "log": "/logs/plugins/z/zina/error.json"
  },
  {
    "message": "File class-wp-feed-cache.php is <strong>deprecated</strong> since version 5.6.0 with no alternative available. This file is only loaded for backward compatibility with SimplePie 1.2.x. Please consider switching to a recent SimplePie version. in /wordpress/wp-includes/functions.php on line 6121",
    "level": "DEPRECATED",
    "type": "PHP",
    "test": "asyncify-boot",
    "plugin": "zina",
    "details": "[15-May-2025 11:27:23 UTC] PHP Deprecated:  File class-wp-feed-cache.php is <strong>deprecated</strong> since version 5.6.0 with no alternative available. This file is only loaded for backward compatibility with SimplePie 1.2.x. Please consider switching to a recent SimplePie version. in /wordpress/wp-includes/functions.php on line 6121",
    "log": "/logs/plugins/z/zina/error.json"
  },
  {
    "message": "File class-feed.php is <strong>deprecated</strong> since version 4.7.0! Use fetch_feed() instead. in /wordpress/wp-includes/functions.php on line 6121",
    "level": "DEPRECATED",
    "type": "PHP",
    "test": "asyncify-boot",
    "plugin": "zina",
    "details": "[15-May-2025 11:27:24 UTC] PHP Deprecated:  File class-feed.php is <strong>deprecated</strong> since version 4.7.0! Use fetch_feed() instead. in /wordpress/wp-includes/functions.php on line 6121",
    "log": "/logs/plugins/z/zina/error.json"
  },
  {
    "message": "File class-wp-feed-cache.php is <strong>deprecated</strong> since version 5.6.0 with no alternative available. This file is only loaded for backward compatibility with SimplePie 1.2.x. Please consider switching to a recent SimplePie version. in /wordpress/wp-includes/functions.php on line 6121",
    "level": "DEPRECATED",
    "type": "PHP",
    "test": "asyncify-boot",
    "plugin": "zina",
    "details": "[15-May-2025 11:27:24 UTC] PHP Deprecated:  File class-wp-feed-cache.php is <strong>deprecated</strong> since version 5.6.0 with no alternative available. This file is only loaded for backward compatibility with SimplePie 1.2.x. Please consider switching to a recent SimplePie version. in /wordpress/wp-includes/functions.php on line 6121",
    "log": "/logs/plugins/z/zina/error.json"
  },
  {
    "message": "Function _load_textdomain_just_in_time was called <strong>incorrectly</strong>. Translation loading for the <code>thethe-floating-bookmarks</code> domain was triggered too early. This is usually an indicator for some code in the plugin or theme running too early. Translations should be loaded at the <code>init</code> action or later. Please see <a href=\"https://developer.wordpress.org/advanced-administration/debug/debug-wordpress/\">Debugging in WordPress</a> for more information. (This message was added in version 6.7.0.) in /wordpress/wp-includes/functions.php on line 6121",
    "level": "NOTICE",
    "type": "PHP",
    "test": "asyncify-boot",
    "plugin": "zina",
    "details": "[15-May-2025 11:27:24 UTC] PHP Notice:  Function _load_textdomain_just_in_time was called <strong>incorrectly</strong>. Translation loading for the <code>thethe-floating-bookmarks</code> domain was triggered too early. This is usually an indicator for some code in the plugin or theme running too early. Translations should be loaded at the <code>init</code> action or later. Please see <a href=\"https://developer.wordpress.org/advanced-administration/debug/debug-wordpress/\">Debugging in WordPress</a> for more information. (This message was added in version 6.7.0.) in /wordpress/wp-includes/functions.php on line 6121",
    "log": "/logs/plugins/z/zina/error.json"
  },
  {
    "message": "Uncaught Exception: Broadcast requires a Wordpress network install. It does not support single installs. in /wordpress/wp-content/plugins/threewp-broadcast/src/ThreeWP_Broadcast.php:236",
    "level": "FATAL",
    "type": "PHP",
    "test": "asyncify-boot",
    "plugin": "zina",
    "details": "[15-May-2025 11:27:35 UTC] PHP Fatal error:  Uncaught Exception: Broadcast requires a Wordpress network install. It does not support single installs. in /wordpress/wp-content/plugins/threewp-broadcast/src/ThreeWP_Broadcast.php:236\nStack trace:\n#0 /wordpress/wp-content/plugins/threewp-broadcast/src/sdk/wordpress/base.php(204): threewp_broadcast\\ThreeWP_Broadcast->activate()\n#1 /wordpress/wp-includes/class-wp-hook.php(324): plainview\\sdk_broadcast\\wordpress\\base->activate_internal(false)\n#2 /wordpress/wp-includes/class-wp-hook.php(348): WP_Hook->apply_filters('', Array)\n#3 /wordpress/wp-includes/plugin.php(517): WP_Hook->do_action(Array)\n#4 /wordpress/wp-admin/includes/plugin.php(703): do_action('activate_threew...', false)\n#5 /internal/eval.php(20): activate_plugin('threewp-broadca...')\n#6 {main}\n  thrown in /wordpress/wp-content/plugins/threewp-broadcast/src/ThreeWP_Broadcast.php on line 236",
    "log": "/logs/plugins/z/zina/error.json"
  },
  {
    "message": "Uncaught Exception: Broadcast requires a Wordpress network install. It does not support single installs. in /wordpress/wp-content/plugins/threewp-broadcast/src/ThreeWP_Broadcast.php:236",
    "level": "FATAL",
    "type": "PHP",
    "test": "asyncify-boot",
    "plugin": "zina",
    "details": "[15-May-2025 11:27:46 UTC] PHP Fatal error:  Uncaught Exception: Broadcast requires a Wordpress network install. It does not support single installs. in /wordpress/wp-content/plugins/threewp-broadcast/src/ThreeWP_Broadcast.php:236\nStack trace:\n#0 /wordpress/wp-content/plugins/threewp-broadcast/src/sdk/wordpress/base.php(204): threewp_broadcast\\ThreeWP_Broadcast->activate()\n#1 /wordpress/wp-includes/class-wp-hook.php(324): plainview\\sdk_broadcast\\wordpress\\base->activate_internal(false)\n#2 /wordpress/wp-includes/class-wp-hook.php(348): WP_Hook->apply_filters('', Array)\n#3 /wordpress/wp-includes/plugin.php(517): WP_Hook->do_action(Array)\n#4 /wordpress/wp-admin/includes/plugin.php(703): do_action('activate_threew...', false)\n#5 /internal/eval.php(20): activate_plugin('threewp-broadca...')\n#6 {main}\n  thrown in /wordpress/wp-content/plugins/threewp-broadcast/src/ThreeWP_Broadcast.php on line 236",
    "log": "/logs/plugins/z/zina/error.json"
  },
  {
    "message": "Uncaught Exception: Broadcast requires a Wordpress network install. It does not support single installs. in /wordpress/wp-content/plugins/threewp-broadcast/src/ThreeWP_Broadcast.php:236",
    "level": "FATAL",
    "type": "PHP",
    "test": "asyncify-boot",
    "plugin": "zina",
    "details": "[15-May-2025 11:27:56 UTC] PHP Fatal error:  Uncaught Exception: Broadcast requires a Wordpress network install. It does not support single installs. in /wordpress/wp-content/plugins/threewp-broadcast/src/ThreeWP_Broadcast.php:236\nStack trace:\n#0 /wordpress/wp-content/plugins/threewp-broadcast/src/sdk/wordpress/base.php(204): threewp_broadcast\\ThreeWP_Broadcast->activate()\n#1 /wordpress/wp-includes/class-wp-hook.php(324): plainview\\sdk_broadcast\\wordpress\\base->activate_internal(false)\n#2 /wordpress/wp-includes/class-wp-hook.php(348): WP_Hook->apply_filters('', Array)\n#3 /wordpress/wp-includes/plugin.php(517): WP_Hook->do_action(Array)\n#4 /wordpress/wp-admin/includes/plugin.php(703): do_action('activate_threew...', false)\n#5 /internal/eval.php(20): activate_plugin('threewp-broadca...')\n#6 {main}\n  thrown in /wordpress/wp-content/plugins/threewp-broadcast/src/ThreeWP_Broadcast.php on line 236",
    "log": "/logs/plugins/z/zina/error.json"
  },
  {
    "message": "Constant DS already defined in /wordpress/wp-content/plugins/thumbshots/thumbshots.php on line 18",
    "level": "WARNING",
    "type": "PHP",
    "test": "asyncify-boot",
    "plugin": "zina",
    "details": "[15-May-2025 11:28:05 UTC] PHP Warning:  Constant DS already defined in /wordpress/wp-content/plugins/thumbshots/thumbshots.php on line 18",
    "log": "/logs/plugins/z/zina/error.json"
  },
  {
    "message": "Constant DS already defined in /wordpress/wp-content/plugins/thumbshots/thumbshots.php on line 18",
    "level": "WARNING",
    "type": "PHP",
    "test": "asyncify-boot",
    "plugin": "zina",
    "details": "[15-May-2025 11:28:06 UTC] PHP Warning:  Constant DS already defined in /wordpress/wp-content/plugins/thumbshots/thumbshots.php on line 18",
    "log": "/logs/plugins/z/zina/error.json"
  },
  {
    "message": "Constant DS already defined in /wordpress/wp-content/plugins/thumbshots/thumbshots.php on line 18",
    "level": "WARNING",
    "type": "PHP",
    "test": "asyncify-boot",
    "plugin": "zina",
    "details": "[15-May-2025 11:28:14 UTC] PHP Warning:  Constant DS already defined in /wordpress/wp-content/plugins/thumbshots/thumbshots.php on line 18",
    "log": "/logs/plugins/z/zina/error.json"
  },
  {
    "message": "Constant DS already defined in /wordpress/wp-content/plugins/thumbshots/thumbshots.php on line 18",
    "level": "WARNING",
    "type": "PHP",
    "test": "asyncify-boot",
    "plugin": "zina",
    "details": "[15-May-2025 11:28:15 UTC] PHP Warning:  Constant DS already defined in /wordpress/wp-content/plugins/thumbshots/thumbshots.php on line 18",
    "log": "/logs/plugins/z/zina/error.json"
  },
  {
    "message": "Constant DS already defined in /wordpress/wp-content/plugins/thumbshots/thumbshots.php on line 18",
    "level": "WARNING",
    "type": "PHP",
    "test": "asyncify-boot",
    "plugin": "zina",
    "details": "[15-May-2025 11:28:23 UTC] PHP Warning:  Constant DS already defined in /wordpress/wp-content/plugins/thumbshots/thumbshots.php on line 18",
    "log": "/logs/plugins/z/zina/error.json"
  },
  {
    "message": "Constant DS already defined in /wordpress/wp-content/plugins/thumbshots/thumbshots.php on line 18",
    "level": "WARNING",
    "type": "PHP",
    "test": "asyncify-boot",
    "plugin": "zina",
    "details": "[15-May-2025 11:28:24 UTC] PHP Warning:  Constant DS already defined in /wordpress/wp-content/plugins/thumbshots/thumbshots.php on line 18",
    "log": "/logs/plugins/z/zina/error.json"
  },
  {
    "message": "Required parameter $width follows optional parameter $attach_id in /wordpress/wp-content/plugins/tiled-gallery-carousel-without-jetpack/tiled-gallery.php on line 138",
    "level": "DEPRECATED",
    "type": "PHP",
    "test": "asyncify-boot",
    "plugin": "zina",
    "details": "[15-May-2025 11:29:03 UTC] PHP Deprecated:  Required parameter $width follows optional parameter $attach_id in /wordpress/wp-content/plugins/tiled-gallery-carousel-without-jetpack/tiled-gallery.php on line 138",
    "log": "/logs/plugins/z/zina/error.json"
  },
  {
    "message": "Required parameter $height follows optional parameter $attach_id in /wordpress/wp-content/plugins/tiled-gallery-carousel-without-jetpack/tiled-gallery.php on line 138",
    "level": "DEPRECATED",
    "type": "PHP",
    "test": "asyncify-boot",
    "plugin": "zina",
    "details": "[15-May-2025 11:29:03 UTC] PHP Deprecated:  Required parameter $height follows optional parameter $attach_id in /wordpress/wp-content/plugins/tiled-gallery-carousel-without-jetpack/tiled-gallery.php on line 138",
    "log": "/logs/plugins/z/zina/error.json"
  },
  {
    "message": "Required parameter $width follows optional parameter $attach_id in /wordpress/wp-content/plugins/tiled-gallery-carousel-without-jetpack/tiled-gallery.php on line 138",
    "level": "DEPRECATED",
    "type": "PHP",
    "test": "asyncify-boot",
    "plugin": "zina",
    "details": "[15-May-2025 11:29:04 UTC] PHP Deprecated:  Required parameter $width follows optional parameter $attach_id in /wordpress/wp-content/plugins/tiled-gallery-carousel-without-jetpack/tiled-gallery.php on line 138",
    "log": "/logs/plugins/z/zina/error.json"
  },
  {
    "message": "Required parameter $height follows optional parameter $attach_id in /wordpress/wp-content/plugins/tiled-gallery-carousel-without-jetpack/tiled-gallery.php on line 138",
    "level": "DEPRECATED",
    "type": "PHP",
    "test": "asyncify-boot",
    "plugin": "zina",
    "details": "[15-May-2025 11:29:04 UTC] PHP Deprecated:  Required parameter $height follows optional parameter $attach_id in /wordpress/wp-content/plugins/tiled-gallery-carousel-without-jetpack/tiled-gallery.php on line 138",
    "log": "/logs/plugins/z/zina/error.json"
  },
  {
    "message": "Required parameter $width follows optional parameter $attach_id in /wordpress/wp-content/plugins/tiled-gallery-carousel-without-jetpack/tiled-gallery.php on line 138",
    "level": "DEPRECATED",
    "type": "PHP",
    "test": "asyncify-boot",
    "plugin": "zina",
    "details": "[15-May-2025 11:29:13 UTC] PHP Deprecated:  Required parameter $width follows optional parameter $attach_id in /wordpress/wp-content/plugins/tiled-gallery-carousel-without-jetpack/tiled-gallery.php on line 138",
    "log": "/logs/plugins/z/zina/error.json"
  },
  {
    "message": "Required parameter $height follows optional parameter $attach_id in /wordpress/wp-content/plugins/tiled-gallery-carousel-without-jetpack/tiled-gallery.php on line 138",
    "level": "DEPRECATED",
    "type": "PHP",
    "test": "asyncify-boot",
    "plugin": "zina",
    "details": "[15-May-2025 11:29:13 UTC] PHP Deprecated:  Required parameter $height follows optional parameter $attach_id in /wordpress/wp-content/plugins/tiled-gallery-carousel-without-jetpack/tiled-gallery.php on line 138",
    "log": "/logs/plugins/z/zina/error.json"
  },
  {
    "message": "Required parameter $width follows optional parameter $attach_id in /wordpress/wp-content/plugins/tiled-gallery-carousel-without-jetpack/tiled-gallery.php on line 138",
    "level": "DEPRECATED",
    "type": "PHP",
    "test": "asyncify-boot",
    "plugin": "zina",
    "details": "[15-May-2025 11:29:14 UTC] PHP Deprecated:  Required parameter $width follows optional parameter $attach_id in /wordpress/wp-content/plugins/tiled-gallery-carousel-without-jetpack/tiled-gallery.php on line 138",
    "log": "/logs/plugins/z/zina/error.json"
  },
  {
    "message": "Required parameter $height follows optional parameter $attach_id in /wordpress/wp-content/plugins/tiled-gallery-carousel-without-jetpack/tiled-gallery.php on line 138",
    "level": "DEPRECATED",
    "type": "PHP",
    "test": "asyncify-boot",
    "plugin": "zina",
    "details": "[15-May-2025 11:29:14 UTC] PHP Deprecated:  Required parameter $height follows optional parameter $attach_id in /wordpress/wp-content/plugins/tiled-gallery-carousel-without-jetpack/tiled-gallery.php on line 138",
    "log": "/logs/plugins/z/zina/error.json"
  },
  {
    "message": "Required parameter $width follows optional parameter $attach_id in /wordpress/wp-content/plugins/tiled-gallery-carousel-without-jetpack/tiled-gallery.php on line 138",
    "level": "DEPRECATED",
    "type": "PHP",
    "test": "asyncify-boot",
    "plugin": "zina",
    "details": "[15-May-2025 11:29:23 UTC] PHP Deprecated:  Required parameter $width follows optional parameter $attach_id in /wordpress/wp-content/plugins/tiled-gallery-carousel-without-jetpack/tiled-gallery.php on line 138",
    "log": "/logs/plugins/z/zina/error.json"
  },
  {
    "message": "Required parameter $height follows optional parameter $attach_id in /wordpress/wp-content/plugins/tiled-gallery-carousel-without-jetpack/tiled-gallery.php on line 138",
    "level": "DEPRECATED",
    "type": "PHP",
    "test": "asyncify-boot",
    "plugin": "zina",
    "details": "[15-May-2025 11:29:23 UTC] PHP Deprecated:  Required parameter $height follows optional parameter $attach_id in /wordpress/wp-content/plugins/tiled-gallery-carousel-without-jetpack/tiled-gallery.php on line 138",
    "log": "/logs/plugins/z/zina/error.json"
  },
  {
    "message": "Required parameter $width follows optional parameter $attach_id in /wordpress/wp-content/plugins/tiled-gallery-carousel-without-jetpack/tiled-gallery.php on line 138",
    "level": "DEPRECATED",
    "type": "PHP",
    "test": "asyncify-boot",
    "plugin": "zina",
    "details": "[15-May-2025 11:29:24 UTC] PHP Deprecated:  Required parameter $width follows optional parameter $attach_id in /wordpress/wp-content/plugins/tiled-gallery-carousel-without-jetpack/tiled-gallery.php on line 138",
    "log": "/logs/plugins/z/zina/error.json"
  },
  {
    "message": "Required parameter $height follows optional parameter $attach_id in /wordpress/wp-content/plugins/tiled-gallery-carousel-without-jetpack/tiled-gallery.php on line 138",
    "level": "DEPRECATED",
    "type": "PHP",
    "test": "asyncify-boot",
    "plugin": "zina",
    "details": "[15-May-2025 11:29:24 UTC] PHP Deprecated:  Required parameter $height follows optional parameter $attach_id in /wordpress/wp-content/plugins/tiled-gallery-carousel-without-jetpack/tiled-gallery.php on line 138",
    "log": "/logs/plugins/z/zina/error.json"
  },
  {
    "message": "syntax error, unexpected token \"=>\" in /wordpress/wp-content/plugins/zina/zina/index.php on line 5731",
    "level": "PARSE",
    "type": "PHP",
    "test": "asyncify-boot",
    "plugin": "zina",
    "details": "[15-May-2025 11:30:01 UTC] PHP Parse error:  syntax error, unexpected token \"=>\" in /wordpress/wp-content/plugins/zina/zina/index.php on line 5731",
    "log": "/logs/plugins/z/zina/error.json"
  },
  {
    "message": "syntax error, unexpected token \"=>\" in /wordpress/wp-content/plugins/zina/zina/index.php on line 5731",
    "level": "PARSE",
    "type": "PHP",
    "test": "asyncify-boot",
    "plugin": "zina",
    "details": "[15-May-2025 11:30:11 UTC] PHP Parse error:  syntax error, unexpected token \"=>\" in /wordpress/wp-content/plugins/zina/zina/index.php on line 5731\n\n    at Object.onBind (file:///home/runner/work/playground-tester/playground-tester/node_modules/@wp-playground/cli/index.js:237:15)\n    at process.processTicksAndRejections (node:internal/process/task_queues:105:5)\n    at async V (file:///home/runner/work/playground-tester/playground-tester/node_modules/@wp-playground/cli/index.js:64:10)\n    at async ja (file:///home/runner/work/playground-tester/playground-tester/node_modules/@wp-playground/cli/cli.js:8161:12) {\n  [cause]: Error: Error when executing the blueprint step #1 ({\"step\":\"installPlugin\",\"pluginData\":{\"resource\":\"wordpress.org/plugins\",\"slug\":\"zina\"},\"options\":{\"activate\":true}}) : PHP.run() failed with exit code 255 and the following output: \n      at Object.run (file:///home/runner/work/playground-tester/playground-tester/node_modules/@wp-playground/blueprints/index.js:12449:19)\n      at process.processTicksAndRejections (node:internal/process/task_queues:105:5)\n      at async ms (file:///home/runner/work/playground-tester/playground-tester/node_modules/@wp-playground/blueprints/index.js:12552:3)\n      ... 2 lines matching cause stack trace ...\n      at async ja (file:///home/runner/work/playground-tester/playground-tester/node_modules/@wp-playground/cli/cli.js:8161:12) {\n    [cause]: PHPExecutionFailureError: PHP.run() failed with exit code 255 and the following output: \n        at PHP.run (file:///home/runner/work/playground-tester/playground-tester/node_modules/@php-wasm/universal/index.js:987:19)\n        at process.processTicksAndRejections (node:internal/process/task_queues:105:5)\n        at async wr (file:///home/runner/work/playground-tester/playground-tester/node_modules/@wp-playground/blueprints/index.js:33:39)\n        at async Object.gt [as installPlugin] (file:///home/runner/work/playground-tester/playground-tester/node_modules/@wp-playground/blueprints/index.js:974:42)\n        at async g (file:///home/runner/work/playground-tester/playground-tester/node_modules/@wp-playground/blueprints/index.js:12517:30)\n        at async Object.run (file:///home/runner/work/playground-tester/playground-tester/node_modules/@wp-playground/blueprints/index.js:12446:23)\n        at async ms (file:///home/runner/work/playground-tester/playground-tester/node_modules/@wp-playground/blueprints/index.js:12552:3)\n        at async Object.onBind (file:///home/runner/work/playground-tester/playground-tester/node_modules/@wp-playground/cli/index.js:227:48)\n        at async V (file:///home/runner/work/playground-tester/playground-tester/node_modules/@wp-playground/cli/index.js:64:10)\n        at async ja (file:///home/runner/work/playground-tester/playground-tester/node_modules/@wp-playground/cli/cli.js:8161:12) {\n      response: PHPResponse {\n        httpStatusCode: 500,\n        headers: {\n          'x-powered-by': [ 'PHP/8.0.30-dev' ],\n          'content-type': [ 'text/html; charset=UTF-8' ]\n        },\n        bytes: Uint8Array(0) [],\n        exitCode: 255,\n        errors: ''\n      },\n      source: 'request'\n    }\n  }\n}\n\n",
    "log": "/logs/plugins/z/zina/error.json"
  },
  {
    "message": "file:///home/runner/work/playground-tester/playground-tester/node_modules/@wp-playground/cli/index.js:237\n        throw new Error(y, { cause: u });\n              ^\n",
    "level": "FATAL",
    "type": "PLAYGROUND",
    "test": "jspi-boot",
    "plugin": "zina",
    "details": "file:///home/runner/work/playground-tester/playground-tester/node_modules/@wp-playground/cli/index.js:237\n        throw new Error(y, { cause: u });\n              ^\n",
    "log": "/tmp/tmp.X0UFCRdG7Z"
  },
  {
    "message": "File class-feed.php is <strong>deprecated</strong> since version 4.7.0! Use fetch_feed() instead. in /wordpress/wp-includes/functions.php on line 6121",
    "level": "DEPRECATED",
    "type": "PHP",
    "test": "jspi-boot",
    "plugin": "zina",
    "details": "[15-May-2025 11:27:04 UTC] PHP Deprecated:  File class-feed.php is <strong>deprecated</strong> since version 4.7.0! Use fetch_feed() instead. in /wordpress/wp-includes/functions.php on line 6121",
    "log": "/logs/plugins/z/zina/error.json"
  },
  {
    "message": "File class-wp-feed-cache.php is <strong>deprecated</strong> since version 5.6.0 with no alternative available. This file is only loaded for backward compatibility with SimplePie 1.2.x. Please consider switching to a recent SimplePie version. in /wordpress/wp-includes/functions.php on line 6121",
    "level": "DEPRECATED",
    "type": "PHP",
    "test": "jspi-boot",
    "plugin": "zina",
    "details": "[15-May-2025 11:27:04 UTC] PHP Deprecated:  File class-wp-feed-cache.php is <strong>deprecated</strong> since version 5.6.0 with no alternative available. This file is only loaded for backward compatibility with SimplePie 1.2.x. Please consider switching to a recent SimplePie version. in /wordpress/wp-includes/functions.php on line 6121",
    "log": "/logs/plugins/z/zina/error.json"
  },
  {
    "message": "File class-feed.php is <strong>deprecated</strong> since version 4.7.0! Use fetch_feed() instead. in /wordpress/wp-includes/functions.php on line 6121",
    "level": "DEPRECATED",
    "type": "PHP",
    "test": "jspi-boot",
    "plugin": "zina",
    "details": "[15-May-2025 11:27:05 UTC] PHP Deprecated:  File class-feed.php is <strong>deprecated</strong> since version 4.7.0! Use fetch_feed() instead. in /wordpress/wp-includes/functions.php on line 6121",
    "log": "/logs/plugins/z/zina/error.json"
  },
  {
    "message": "File class-wp-feed-cache.php is <strong>deprecated</strong> since version 5.6.0 with no alternative available. This file is only loaded for backward compatibility with SimplePie 1.2.x. Please consider switching to a recent SimplePie version. in /wordpress/wp-includes/functions.php on line 6121",
    "level": "DEPRECATED",
    "type": "PHP",
    "test": "jspi-boot",
    "plugin": "zina",
    "details": "[15-May-2025 11:27:05 UTC] PHP Deprecated:  File class-wp-feed-cache.php is <strong>deprecated</strong> since version 5.6.0 with no alternative available. This file is only loaded for backward compatibility with SimplePie 1.2.x. Please consider switching to a recent SimplePie version. in /wordpress/wp-includes/functions.php on line 6121",
    "log": "/logs/plugins/z/zina/error.json"
  },
  {
    "message": "Function _load_textdomain_just_in_time was called <strong>incorrectly</strong>. Translation loading for the <code>thethe-floating-bookmarks</code> domain was triggered too early. This is usually an indicator for some code in the plugin or theme running too early. Translations should be loaded at the <code>init</code> action or later. Please see <a href=\"https://developer.wordpress.org/advanced-administration/debug/debug-wordpress/\">Debugging in WordPress</a> for more information. (This message was added in version 6.7.0.) in /wordpress/wp-includes/functions.php on line 6121",
    "level": "NOTICE",
    "type": "PHP",
    "test": "jspi-boot",
    "plugin": "zina",
    "details": "[15-May-2025 11:27:05 UTC] PHP Notice:  Function _load_textdomain_just_in_time was called <strong>incorrectly</strong>. Translation loading for the <code>thethe-floating-bookmarks</code> domain was triggered too early. This is usually an indicator for some code in the plugin or theme running too early. Translations should be loaded at the <code>init</code> action or later. Please see <a href=\"https://developer.wordpress.org/advanced-administration/debug/debug-wordpress/\">Debugging in WordPress</a> for more information. (This message was added in version 6.7.0.) in /wordpress/wp-includes/functions.php on line 6121",
    "log": "/logs/plugins/z/zina/error.json"
  },
  {
    "message": "File class-feed.php is <strong>deprecated</strong> since version 4.7.0! Use fetch_feed() instead. in /wordpress/wp-includes/functions.php on line 6121",
    "level": "DEPRECATED",
    "type": "PHP",
    "test": "jspi-boot",
    "plugin": "zina",
    "details": "[15-May-2025 11:27:14 UTC] PHP Deprecated:  File class-feed.php is <strong>deprecated</strong> since version 4.7.0! Use fetch_feed() instead. in /wordpress/wp-includes/functions.php on line 6121",
    "log": "/logs/plugins/z/zina/error.json"
  },
  {
    "message": "File class-wp-feed-cache.php is <strong>deprecated</strong> since version 5.6.0 with no alternative available. This file is only loaded for backward compatibility with SimplePie 1.2.x. Please consider switching to a recent SimplePie version. in /wordpress/wp-includes/functions.php on line 6121",
    "level": "DEPRECATED",
    "type": "PHP",
    "test": "jspi-boot",
    "plugin": "zina",
    "details": "[15-May-2025 11:27:14 UTC] PHP Deprecated:  File class-wp-feed-cache.php is <strong>deprecated</strong> since version 5.6.0 with no alternative available. This file is only loaded for backward compatibility with SimplePie 1.2.x. Please consider switching to a recent SimplePie version. in /wordpress/wp-includes/functions.php on line 6121",
    "log": "/logs/plugins/z/zina/error.json"
  },
  {
    "message": "File class-feed.php is <strong>deprecated</strong> since version 4.7.0! Use fetch_feed() instead. in /wordpress/wp-includes/functions.php on line 6121",
    "level": "DEPRECATED",
    "type": "PHP",
    "test": "jspi-boot",
    "plugin": "zina",
    "details": "[15-May-2025 11:27:15 UTC] PHP Deprecated:  File class-feed.php is <strong>deprecated</strong> since version 4.7.0! Use fetch_feed() instead. in /wordpress/wp-includes/functions.php on line 6121",
    "log": "/logs/plugins/z/zina/error.json"
  },
  {
    "message": "File class-wp-feed-cache.php is <strong>deprecated</strong> since version 5.6.0 with no alternative available. This file is only loaded for backward compatibility with SimplePie 1.2.x. Please consider switching to a recent SimplePie version. in /wordpress/wp-includes/functions.php on line 6121",
    "level": "DEPRECATED",
    "type": "PHP",
    "test": "jspi-boot",
    "plugin": "zina",
    "details": "[15-May-2025 11:27:15 UTC] PHP Deprecated:  File class-wp-feed-cache.php is <strong>deprecated</strong> since version 5.6.0 with no alternative available. This file is only loaded for backward compatibility with SimplePie 1.2.x. Please consider switching to a recent SimplePie version. in /wordpress/wp-includes/functions.php on line 6121",
    "log": "/logs/plugins/z/zina/error.json"
  },
  {
    "message": "Function _load_textdomain_just_in_time was called <strong>incorrectly</strong>. Translation loading for the <code>thethe-floating-bookmarks</code> domain was triggered too early. This is usually an indicator for some code in the plugin or theme running too early. Translations should be loaded at the <code>init</code> action or later. Please see <a href=\"https://developer.wordpress.org/advanced-administration/debug/debug-wordpress/\">Debugging in WordPress</a> for more information. (This message was added in version 6.7.0.) in /wordpress/wp-includes/functions.php on line 6121",
    "level": "NOTICE",
    "type": "PHP",
    "test": "jspi-boot",
    "plugin": "zina",
    "details": "[15-May-2025 11:27:15 UTC] PHP Notice:  Function _load_textdomain_just_in_time was called <strong>incorrectly</strong>. Translation loading for the <code>thethe-floating-bookmarks</code> domain was triggered too early. This is usually an indicator for some code in the plugin or theme running too early. Translations should be loaded at the <code>init</code> action or later. Please see <a href=\"https://developer.wordpress.org/advanced-administration/debug/debug-wordpress/\">Debugging in WordPress</a> for more information. (This message was added in version 6.7.0.) in /wordpress/wp-includes/functions.php on line 6121",
    "log": "/logs/plugins/z/zina/error.json"
  },
  {
    "message": "File class-feed.php is <strong>deprecated</strong> since version 4.7.0! Use fetch_feed() instead. in /wordpress/wp-includes/functions.php on line 6121",
    "level": "DEPRECATED",
    "type": "PHP",
    "test": "jspi-boot",
    "plugin": "zina",
    "details": "[15-May-2025 11:27:23 UTC] PHP Deprecated:  File class-feed.php is <strong>deprecated</strong> since version 4.7.0! Use fetch_feed() instead. in /wordpress/wp-includes/functions.php on line 6121",
    "log": "/logs/plugins/z/zina/error.json"
  },
  {
    "message": "File class-wp-feed-cache.php is <strong>deprecated</strong> since version 5.6.0 with no alternative available. This file is only loaded for backward compatibility with SimplePie 1.2.x. Please consider switching to a recent SimplePie version. in /wordpress/wp-includes/functions.php on line 6121",
    "level": "DEPRECATED",
    "type": "PHP",
    "test": "jspi-boot",
    "plugin": "zina",
    "details": "[15-May-2025 11:27:23 UTC] PHP Deprecated:  File class-wp-feed-cache.php is <strong>deprecated</strong> since version 5.6.0 with no alternative available. This file is only loaded for backward compatibility with SimplePie 1.2.x. Please consider switching to a recent SimplePie version. in /wordpress/wp-includes/functions.php on line 6121",
    "log": "/logs/plugins/z/zina/error.json"
  },
  {
    "message": "File class-feed.php is <strong>deprecated</strong> since version 4.7.0! Use fetch_feed() instead. in /wordpress/wp-includes/functions.php on line 6121",
    "level": "DEPRECATED",
    "type": "PHP",
    "test": "jspi-boot",
    "plugin": "zina",
    "details": "[15-May-2025 11:27:24 UTC] PHP Deprecated:  File class-feed.php is <strong>deprecated</strong> since version 4.7.0! Use fetch_feed() instead. in /wordpress/wp-includes/functions.php on line 6121",
    "log": "/logs/plugins/z/zina/error.json"
  },
  {
    "message": "File class-wp-feed-cache.php is <strong>deprecated</strong> since version 5.6.0 with no alternative available. This file is only loaded for backward compatibility with SimplePie 1.2.x. Please consider switching to a recent SimplePie version. in /wordpress/wp-includes/functions.php on line 6121",
    "level": "DEPRECATED",
    "type": "PHP",
    "test": "jspi-boot",
    "plugin": "zina",
    "details": "[15-May-2025 11:27:24 UTC] PHP Deprecated:  File class-wp-feed-cache.php is <strong>deprecated</strong> since version 5.6.0 with no alternative available. This file is only loaded for backward compatibility with SimplePie 1.2.x. Please consider switching to a recent SimplePie version. in /wordpress/wp-includes/functions.php on line 6121",
    "log": "/logs/plugins/z/zina/error.json"
  },
  {
    "message": "Function _load_textdomain_just_in_time was called <strong>incorrectly</strong>. Translation loading for the <code>thethe-floating-bookmarks</code> domain was triggered too early. This is usually an indicator for some code in the plugin or theme running too early. Translations should be loaded at the <code>init</code> action or later. Please see <a href=\"https://developer.wordpress.org/advanced-administration/debug/debug-wordpress/\">Debugging in WordPress</a> for more information. (This message was added in version 6.7.0.) in /wordpress/wp-includes/functions.php on line 6121",
    "level": "NOTICE",
    "type": "PHP",
    "test": "jspi-boot",
    "plugin": "zina",
    "details": "[15-May-2025 11:27:24 UTC] PHP Notice:  Function _load_textdomain_just_in_time was called <strong>incorrectly</strong>. Translation loading for the <code>thethe-floating-bookmarks</code> domain was triggered too early. This is usually an indicator for some code in the plugin or theme running too early. Translations should be loaded at the <code>init</code> action or later. Please see <a href=\"https://developer.wordpress.org/advanced-administration/debug/debug-wordpress/\">Debugging in WordPress</a> for more information. (This message was added in version 6.7.0.) in /wordpress/wp-includes/functions.php on line 6121",
    "log": "/logs/plugins/z/zina/error.json"
  },
  {
    "message": "Uncaught Exception: Broadcast requires a Wordpress network install. It does not support single installs. in /wordpress/wp-content/plugins/threewp-broadcast/src/ThreeWP_Broadcast.php:236",
    "level": "FATAL",
    "type": "PHP",
    "test": "jspi-boot",
    "plugin": "zina",
    "details": "[15-May-2025 11:27:35 UTC] PHP Fatal error:  Uncaught Exception: Broadcast requires a Wordpress network install. It does not support single installs. in /wordpress/wp-content/plugins/threewp-broadcast/src/ThreeWP_Broadcast.php:236\nStack trace:\n#0 /wordpress/wp-content/plugins/threewp-broadcast/src/sdk/wordpress/base.php(204): threewp_broadcast\\ThreeWP_Broadcast->activate()\n#1 /wordpress/wp-includes/class-wp-hook.php(324): plainview\\sdk_broadcast\\wordpress\\base->activate_internal(false)\n#2 /wordpress/wp-includes/class-wp-hook.php(348): WP_Hook->apply_filters('', Array)\n#3 /wordpress/wp-includes/plugin.php(517): WP_Hook->do_action(Array)\n#4 /wordpress/wp-admin/includes/plugin.php(703): do_action('activate_threew...', false)\n#5 /internal/eval.php(20): activate_plugin('threewp-broadca...')\n#6 {main}\n  thrown in /wordpress/wp-content/plugins/threewp-broadcast/src/ThreeWP_Broadcast.php on line 236",
    "log": "/logs/plugins/z/zina/error.json"
  },
  {
    "message": "Uncaught Exception: Broadcast requires a Wordpress network install. It does not support single installs. in /wordpress/wp-content/plugins/threewp-broadcast/src/ThreeWP_Broadcast.php:236",
    "level": "FATAL",
    "type": "PHP",
    "test": "jspi-boot",
    "plugin": "zina",
    "details": "[15-May-2025 11:27:46 UTC] PHP Fatal error:  Uncaught Exception: Broadcast requires a Wordpress network install. It does not support single installs. in /wordpress/wp-content/plugins/threewp-broadcast/src/ThreeWP_Broadcast.php:236\nStack trace:\n#0 /wordpress/wp-content/plugins/threewp-broadcast/src/sdk/wordpress/base.php(204): threewp_broadcast\\ThreeWP_Broadcast->activate()\n#1 /wordpress/wp-includes/class-wp-hook.php(324): plainview\\sdk_broadcast\\wordpress\\base->activate_internal(false)\n#2 /wordpress/wp-includes/class-wp-hook.php(348): WP_Hook->apply_filters('', Array)\n#3 /wordpress/wp-includes/plugin.php(517): WP_Hook->do_action(Array)\n#4 /wordpress/wp-admin/includes/plugin.php(703): do_action('activate_threew...', false)\n#5 /internal/eval.php(20): activate_plugin('threewp-broadca...')\n#6 {main}\n  thrown in /wordpress/wp-content/plugins/threewp-broadcast/src/ThreeWP_Broadcast.php on line 236",
    "log": "/logs/plugins/z/zina/error.json"
  },
  {
    "message": "Uncaught Exception: Broadcast requires a Wordpress network install. It does not support single installs. in /wordpress/wp-content/plugins/threewp-broadcast/src/ThreeWP_Broadcast.php:236",
    "level": "FATAL",
    "type": "PHP",
    "test": "jspi-boot",
    "plugin": "zina",
    "details": "[15-May-2025 11:27:56 UTC] PHP Fatal error:  Uncaught Exception: Broadcast requires a Wordpress network install. It does not support single installs. in /wordpress/wp-content/plugins/threewp-broadcast/src/ThreeWP_Broadcast.php:236\nStack trace:\n#0 /wordpress/wp-content/plugins/threewp-broadcast/src/sdk/wordpress/base.php(204): threewp_broadcast\\ThreeWP_Broadcast->activate()\n#1 /wordpress/wp-includes/class-wp-hook.php(324): plainview\\sdk_broadcast\\wordpress\\base->activate_internal(false)\n#2 /wordpress/wp-includes/class-wp-hook.php(348): WP_Hook->apply_filters('', Array)\n#3 /wordpress/wp-includes/plugin.php(517): WP_Hook->do_action(Array)\n#4 /wordpress/wp-admin/includes/plugin.php(703): do_action('activate_threew...', false)\n#5 /internal/eval.php(20): activate_plugin('threewp-broadca...')\n#6 {main}\n  thrown in /wordpress/wp-content/plugins/threewp-broadcast/src/ThreeWP_Broadcast.php on line 236",
    "log": "/logs/plugins/z/zina/error.json"
  },
  {
    "message": "Constant DS already defined in /wordpress/wp-content/plugins/thumbshots/thumbshots.php on line 18",
    "level": "WARNING",
    "type": "PHP",
    "test": "jspi-boot",
    "plugin": "zina",
    "details": "[15-May-2025 11:28:05 UTC] PHP Warning:  Constant DS already defined in /wordpress/wp-content/plugins/thumbshots/thumbshots.php on line 18",
    "log": "/logs/plugins/z/zina/error.json"
  },
  {
    "message": "Constant DS already defined in /wordpress/wp-content/plugins/thumbshots/thumbshots.php on line 18",
    "level": "WARNING",
    "type": "PHP",
    "test": "jspi-boot",
    "plugin": "zina",
    "details": "[15-May-2025 11:28:06 UTC] PHP Warning:  Constant DS already defined in /wordpress/wp-content/plugins/thumbshots/thumbshots.php on line 18",
    "log": "/logs/plugins/z/zina/error.json"
  },
  {
    "message": "Constant DS already defined in /wordpress/wp-content/plugins/thumbshots/thumbshots.php on line 18",
    "level": "WARNING",
    "type": "PHP",
    "test": "jspi-boot",
    "plugin": "zina",
    "details": "[15-May-2025 11:28:14 UTC] PHP Warning:  Constant DS already defined in /wordpress/wp-content/plugins/thumbshots/thumbshots.php on line 18",
    "log": "/logs/plugins/z/zina/error.json"
  },
  {
    "message": "Constant DS already defined in /wordpress/wp-content/plugins/thumbshots/thumbshots.php on line 18",
    "level": "WARNING",
    "type": "PHP",
    "test": "jspi-boot",
    "plugin": "zina",
    "details": "[15-May-2025 11:28:15 UTC] PHP Warning:  Constant DS already defined in /wordpress/wp-content/plugins/thumbshots/thumbshots.php on line 18",
    "log": "/logs/plugins/z/zina/error.json"
  },
  {
    "message": "Constant DS already defined in /wordpress/wp-content/plugins/thumbshots/thumbshots.php on line 18",
    "level": "WARNING",
    "type": "PHP",
    "test": "jspi-boot",
    "plugin": "zina",
    "details": "[15-May-2025 11:28:23 UTC] PHP Warning:  Constant DS already defined in /wordpress/wp-content/plugins/thumbshots/thumbshots.php on line 18",
    "log": "/logs/plugins/z/zina/error.json"
  },
  {
    "message": "Constant DS already defined in /wordpress/wp-content/plugins/thumbshots/thumbshots.php on line 18",
    "level": "WARNING",
    "type": "PHP",
    "test": "jspi-boot",
    "plugin": "zina",
    "details": "[15-May-2025 11:28:24 UTC] PHP Warning:  Constant DS already defined in /wordpress/wp-content/plugins/thumbshots/thumbshots.php on line 18",
    "log": "/logs/plugins/z/zina/error.json"
  },
  {
    "message": "Required parameter $width follows optional parameter $attach_id in /wordpress/wp-content/plugins/tiled-gallery-carousel-without-jetpack/tiled-gallery.php on line 138",
    "level": "DEPRECATED",
    "type": "PHP",
    "test": "jspi-boot",
    "plugin": "zina",
    "details": "[15-May-2025 11:29:03 UTC] PHP Deprecated:  Required parameter $width follows optional parameter $attach_id in /wordpress/wp-content/plugins/tiled-gallery-carousel-without-jetpack/tiled-gallery.php on line 138",
    "log": "/logs/plugins/z/zina/error.json"
  },
  {
    "message": "Required parameter $height follows optional parameter $attach_id in /wordpress/wp-content/plugins/tiled-gallery-carousel-without-jetpack/tiled-gallery.php on line 138",
    "level": "DEPRECATED",
    "type": "PHP",
    "test": "jspi-boot",
    "plugin": "zina",
    "details": "[15-May-2025 11:29:03 UTC] PHP Deprecated:  Required parameter $height follows optional parameter $attach_id in /wordpress/wp-content/plugins/tiled-gallery-carousel-without-jetpack/tiled-gallery.php on line 138",
    "log": "/logs/plugins/z/zina/error.json"
  },
  {
    "message": "Required parameter $width follows optional parameter $attach_id in /wordpress/wp-content/plugins/tiled-gallery-carousel-without-jetpack/tiled-gallery.php on line 138",
    "level": "DEPRECATED",
    "type": "PHP",
    "test": "jspi-boot",
    "plugin": "zina",
    "details": "[15-May-2025 11:29:04 UTC] PHP Deprecated:  Required parameter $width follows optional parameter $attach_id in /wordpress/wp-content/plugins/tiled-gallery-carousel-without-jetpack/tiled-gallery.php on line 138",
    "log": "/logs/plugins/z/zina/error.json"
  },
  {
    "message": "Required parameter $height follows optional parameter $attach_id in /wordpress/wp-content/plugins/tiled-gallery-carousel-without-jetpack/tiled-gallery.php on line 138",
    "level": "DEPRECATED",
    "type": "PHP",
    "test": "jspi-boot",
    "plugin": "zina",
    "details": "[15-May-2025 11:29:04 UTC] PHP Deprecated:  Required parameter $height follows optional parameter $attach_id in /wordpress/wp-content/plugins/tiled-gallery-carousel-without-jetpack/tiled-gallery.php on line 138",
    "log": "/logs/plugins/z/zina/error.json"
  },
  {
    "message": "Required parameter $width follows optional parameter $attach_id in /wordpress/wp-content/plugins/tiled-gallery-carousel-without-jetpack/tiled-gallery.php on line 138",
    "level": "DEPRECATED",
    "type": "PHP",
    "test": "jspi-boot",
    "plugin": "zina",
    "details": "[15-May-2025 11:29:13 UTC] PHP Deprecated:  Required parameter $width follows optional parameter $attach_id in /wordpress/wp-content/plugins/tiled-gallery-carousel-without-jetpack/tiled-gallery.php on line 138",
    "log": "/logs/plugins/z/zina/error.json"
  },
  {
    "message": "Required parameter $height follows optional parameter $attach_id in /wordpress/wp-content/plugins/tiled-gallery-carousel-without-jetpack/tiled-gallery.php on line 138",
    "level": "DEPRECATED",
    "type": "PHP",
    "test": "jspi-boot",
    "plugin": "zina",
    "details": "[15-May-2025 11:29:13 UTC] PHP Deprecated:  Required parameter $height follows optional parameter $attach_id in /wordpress/wp-content/plugins/tiled-gallery-carousel-without-jetpack/tiled-gallery.php on line 138",
    "log": "/logs/plugins/z/zina/error.json"
  },
  {
    "message": "Required parameter $width follows optional parameter $attach_id in /wordpress/wp-content/plugins/tiled-gallery-carousel-without-jetpack/tiled-gallery.php on line 138",
    "level": "DEPRECATED",
    "type": "PHP",
    "test": "jspi-boot",
    "plugin": "zina",
    "details": "[15-May-2025 11:29:14 UTC] PHP Deprecated:  Required parameter $width follows optional parameter $attach_id in /wordpress/wp-content/plugins/tiled-gallery-carousel-without-jetpack/tiled-gallery.php on line 138",
    "log": "/logs/plugins/z/zina/error.json"
  },
  {
    "message": "Required parameter $height follows optional parameter $attach_id in /wordpress/wp-content/plugins/tiled-gallery-carousel-without-jetpack/tiled-gallery.php on line 138",
    "level": "DEPRECATED",
    "type": "PHP",
    "test": "jspi-boot",
    "plugin": "zina",
    "details": "[15-May-2025 11:29:14 UTC] PHP Deprecated:  Required parameter $height follows optional parameter $attach_id in /wordpress/wp-content/plugins/tiled-gallery-carousel-without-jetpack/tiled-gallery.php on line 138",
    "log": "/logs/plugins/z/zina/error.json"
  },
  {
    "message": "Required parameter $width follows optional parameter $attach_id in /wordpress/wp-content/plugins/tiled-gallery-carousel-without-jetpack/tiled-gallery.php on line 138",
    "level": "DEPRECATED",
    "type": "PHP",
    "test": "jspi-boot",
    "plugin": "zina",
    "details": "[15-May-2025 11:29:23 UTC] PHP Deprecated:  Required parameter $width follows optional parameter $attach_id in /wordpress/wp-content/plugins/tiled-gallery-carousel-without-jetpack/tiled-gallery.php on line 138",
    "log": "/logs/plugins/z/zina/error.json"
  },
  {
    "message": "Required parameter $height follows optional parameter $attach_id in /wordpress/wp-content/plugins/tiled-gallery-carousel-without-jetpack/tiled-gallery.php on line 138",
    "level": "DEPRECATED",
    "type": "PHP",
    "test": "jspi-boot",
    "plugin": "zina",
    "details": "[15-May-2025 11:29:23 UTC] PHP Deprecated:  Required parameter $height follows optional parameter $attach_id in /wordpress/wp-content/plugins/tiled-gallery-carousel-without-jetpack/tiled-gallery.php on line 138",
    "log": "/logs/plugins/z/zina/error.json"
  },
  {
    "message": "Required parameter $width follows optional parameter $attach_id in /wordpress/wp-content/plugins/tiled-gallery-carousel-without-jetpack/tiled-gallery.php on line 138",
    "level": "DEPRECATED",
    "type": "PHP",
    "test": "jspi-boot",
    "plugin": "zina",
    "details": "[15-May-2025 11:29:24 UTC] PHP Deprecated:  Required parameter $width follows optional parameter $attach_id in /wordpress/wp-content/plugins/tiled-gallery-carousel-without-jetpack/tiled-gallery.php on line 138",
    "log": "/logs/plugins/z/zina/error.json"
  },
  {
    "message": "Required parameter $height follows optional parameter $attach_id in /wordpress/wp-content/plugins/tiled-gallery-carousel-without-jetpack/tiled-gallery.php on line 138",
    "level": "DEPRECATED",
    "type": "PHP",
    "test": "jspi-boot",
    "plugin": "zina",
    "details": "[15-May-2025 11:29:24 UTC] PHP Deprecated:  Required parameter $height follows optional parameter $attach_id in /wordpress/wp-content/plugins/tiled-gallery-carousel-without-jetpack/tiled-gallery.php on line 138",
    "log": "/logs/plugins/z/zina/error.json"
  },
  {
    "message": "syntax error, unexpected token \"=>\" in /wordpress/wp-content/plugins/zina/zina/index.php on line 5731",
    "level": "PARSE",
    "type": "PHP",
    "test": "jspi-boot",
    "plugin": "zina",
    "details": "[15-May-2025 11:30:01 UTC] PHP Parse error:  syntax error, unexpected token \"=>\" in /wordpress/wp-content/plugins/zina/zina/index.php on line 5731",
    "log": "/logs/plugins/z/zina/error.json"
  },
  {
    "message": "syntax error, unexpected token \"=>\" in /wordpress/wp-content/plugins/zina/zina/index.php on line 5731",
    "level": "PARSE",
    "type": "PHP",
    "test": "jspi-boot",
    "plugin": "zina",
    "details": "[15-May-2025 11:30:11 UTC] PHP Parse error:  syntax error, unexpected token \"=>\" in /wordpress/wp-content/plugins/zina/zina/index.php on line 5731",
    "log": "/logs/plugins/z/zina/error.json"
  },
  {
    "message": "syntax error, unexpected token \"=>\" in /wordpress/wp-content/plugins/zina/zina/index.php on line 5731",
    "level": "PARSE",
    "type": "PHP",
    "test": "jspi-boot",
    "plugin": "zina",
    "details": "[15-May-2025 11:30:20 UTC] PHP Parse error:  syntax error, unexpected token \"=>\" in /wordpress/wp-content/plugins/zina/zina/index.php on line 5731\n\n    at Object.onBind (file:///home/runner/work/playground-tester/playground-tester/node_modules/@wp-playground/cli/index.js:237:15)\n    at process.processTicksAndRejections (node:internal/process/task_queues:105:5)\n    at async V (file:///home/runner/work/playground-tester/playground-tester/node_modules/@wp-playground/cli/index.js:64:10)\n    at async ja (file:///home/runner/work/playground-tester/playground-tester/node_modules/@wp-playground/cli/cli.js:8161:12) {\n  [cause]: Error: Error when executing the blueprint step #1 ({\"step\":\"installPlugin\",\"pluginData\":{\"resource\":\"wordpress.org/plugins\",\"slug\":\"zina\"},\"options\":{\"activate\":true}}) : PHP.run() failed with exit code 255 and the following output: \n      at Object.run (file:///home/runner/work/playground-tester/playground-tester/node_modules/@wp-playground/blueprints/index.js:12449:19)\n      at process.processTicksAndRejections (node:internal/process/task_queues:105:5)\n      at async ms (file:///home/runner/work/playground-tester/playground-tester/node_modules/@wp-playground/blueprints/index.js:12552:3)\n      ... 2 lines matching cause stack trace ...\n      at async ja (file:///home/runner/work/playground-tester/playground-tester/node_modules/@wp-playground/cli/cli.js:8161:12) {\n    [cause]: PHPExecutionFailureError: PHP.run() failed with exit code 255 and the following output: \n        at PHP.run (file:///home/runner/work/playground-tester/playground-tester/node_modules/@php-wasm/universal/index.js:987:19)\n        at process.processTicksAndRejections (node:internal/process/task_queues:105:5)\n        at async wr (file:///home/runner/work/playground-tester/playground-tester/node_modules/@wp-playground/blueprints/index.js:33:39)\n        at async Object.gt [as installPlugin] (file:///home/runner/work/playground-tester/playground-tester/node_modules/@wp-playground/blueprints/index.js:974:42)\n        at async g (file:///home/runner/work/playground-tester/playground-tester/node_modules/@wp-playground/blueprints/index.js:12517:30)\n        at async Object.run (file:///home/runner/work/playground-tester/playground-tester/node_modules/@wp-playground/blueprints/index.js:12446:23)\n        at async ms (file:///home/runner/work/playground-tester/playground-tester/node_modules/@wp-playground/blueprints/index.js:12552:3)\n        at async Object.onBind (file:///home/runner/work/playground-tester/playground-tester/node_modules/@wp-playground/cli/index.js:227:48)\n        at async V (file:///home/runner/work/playground-tester/playground-tester/node_modules/@wp-playground/cli/index.js:64:10)\n        at async ja (file:///home/runner/work/playground-tester/playground-tester/node_modules/@wp-playground/cli/cli.js:8161:12) {\n      response: PHPResponse {\n        httpStatusCode: 500,\n        headers: {\n          'x-powered-by': [ 'PHP/8.0.30-dev' ],\n          'content-type': [ 'text/html; charset=UTF-8' ]\n        },\n        bytes: Uint8Array(0) [],\n        exitCode: 255,\n        errors: ''\n      },\n      source: 'request'\n    }\n  }\n}\n\n",
    "log": "/logs/plugins/z/zina/error.json"
  }
]
