[
{"message":"file:///home/runner/work/playground-tester/playground-tester/node_modules/@wp-playground/cli/run-cli-j-geJYS3.js:325\n        throw new Error($, { cause: h });\n              ^\n","level":"FATAL","type":"PLAYGROUND","test":"jspi-boot","plugin":"rentpress-gravity-forms-add-on","details":"file:///home/runner/work/playground-tester/playground-tester/node_modules/@wp-playground/cli/run-cli-j-geJYS3.js:325\n        throw new Error($, { cause: h });\n              ^\n","log":"/tmp/tmp.tKrapmuT5v"}
,
{"message":"Uncaught Error: Class \"Stream3s\\Core\\Stream3s\" not found in /wordpress/wp-content/plugins/streaming-video-link-google-drive/stream-google-drive.php:22","level":"FATAL","type":"PHP","test":"jspi-boot","plugin":"rentpress-gravity-forms-add-on","details":"[11-Jun-2025 21:27:11 UTC] PHP Fatal error:  Uncaught Error: Class \"Stream3s\\Core\\Stream3s\" not found in /wordpress/wp-content/plugins/streaming-video-link-google-drive/stream-google-drive.php:22\nStack trace:\n#0 /wordpress/wp-admin/includes/plugin.php(2387): include_once()\n#1 /wordpress/wp-admin/includes/plugin.php(673): plugin_sandbox_scrape('streaming-video...')\n#2 /internal/eval.php(20): activate_plugin('streaming-video...')\n#3 {main}\n  thrown in /wordpress/wp-content/plugins/streaming-video-link-google-drive/stream-google-drive.php on line 22","log":"/logs/plugins/r/rentpress-gravity-forms-add-on/error.json"}
,
{"message":"Uncaught Error: Class \"Stream3s\\Core\\Stream3s\" not found in /wordpress/wp-content/plugins/streaming-video-link-google-drive/stream-google-drive.php:22","level":"FATAL","type":"PHP","test":"jspi-boot","plugin":"rentpress-gravity-forms-add-on","details":"[11-Jun-2025 21:27:18 UTC] PHP Fatal error:  Uncaught Error: Class \"Stream3s\\Core\\Stream3s\" not found in /wordpress/wp-content/plugins/streaming-video-link-google-drive/stream-google-drive.php:22\nStack trace:\n#0 /wordpress/wp-admin/includes/plugin.php(2387): include_once()\n#1 /wordpress/wp-admin/includes/plugin.php(673): plugin_sandbox_scrape('streaming-video...')\n#2 /internal/eval.php(20): activate_plugin('streaming-video...')\n#3 {main}\n  thrown in /wordpress/wp-content/plugins/streaming-video-link-google-drive/stream-google-drive.php on line 22","log":"/logs/plugins/r/rentpress-gravity-forms-add-on/error.json"}
,
{"message":"Uncaught Error: Class \"Stream3s\\Core\\Stream3s\" not found in /wordpress/wp-content/plugins/streaming-video-link-google-drive/stream-google-drive.php:22","level":"FATAL","type":"PHP","test":"jspi-boot","plugin":"rentpress-gravity-forms-add-on","details":"[11-Jun-2025 21:27:27 UTC] PHP Fatal error:  Uncaught Error: Class \"Stream3s\\Core\\Stream3s\" not found in /wordpress/wp-content/plugins/streaming-video-link-google-drive/stream-google-drive.php:22\nStack trace:\n#0 /wordpress/wp-admin/includes/plugin.php(2387): include_once()\n#1 /wordpress/wp-admin/includes/plugin.php(673): plugin_sandbox_scrape('streaming-video...')\n#2 /internal/eval.php(20): activate_plugin('streaming-video...')\n#3 {main}\n  thrown in /wordpress/wp-content/plugins/streaming-video-link-google-drive/stream-google-drive.php on line 22","log":"/logs/plugins/r/rentpress-gravity-forms-add-on/error.json"}
,
{"message":"call_user_func_array() expects parameter 1 to be a valid callback, function 'SDS_error_file' not found or invalid function name in /wordpress/wp-includes/class-wp-hook.php on line 324","level":"WARNING","type":"PHP","test":"jspi-boot","plugin":"rentpress-gravity-forms-add-on","details":"[11-Jun-2025 21:27:36 UTC] PHP Warning:  call_user_func_array() expects parameter 1 to be a valid callback, function 'SDS_error_file' not found or invalid function name in /wordpress/wp-includes/class-wp-hook.php on line 324","log":"/logs/plugins/r/rentpress-gravity-forms-add-on/error.json"}
,
{"message":"Uncaught ArgumentCountError: Too few arguments to function sds_check_nonce(), 1 passed in /wordpress/wp-includes/class-wp-hook.php on line 324 and exactly 5 expected in /wordpress/wp-content/plugins/subdomain-seo/sds-functions.php:599","level":"FATAL","type":"PHP","test":"jspi-boot","plugin":"rentpress-gravity-forms-add-on","details":"[11-Jun-2025 21:27:37 UTC] PHP Fatal error:  Uncaught ArgumentCountError: Too few arguments to function sds_check_nonce(), 1 passed in /wordpress/wp-includes/class-wp-hook.php on line 324 and exactly 5 expected in /wordpress/wp-content/plugins/subdomain-seo/sds-functions.php:599\nStack trace:\n#0 /wordpress/wp-includes/class-wp-hook.php(324): sds_check_nonce('')\n#1 /wordpress/wp-includes/class-wp-hook.php(348): WP_Hook->apply_filters(NULL, Array)\n#2 /wordpress/wp-includes/plugin.php(517): WP_Hook->do_action(Array)\n#3 /wordpress/wp-settings.php(727): do_action('init')\n#4 /wordpress/wp-config.php(102): require_once('/wordpress/wp-s...')\n#5 /wordpress/wp-load.php(50): require_once('/wordpress/wp-c...')\n#6 /internal/eval.php(3): require_once('/wordpress/wp-l...')\n#7 {main}\n  thrown in /wordpress/wp-content/plugins/subdomain-seo/sds-functions.php on line 599","log":"/logs/plugins/r/rentpress-gravity-forms-add-on/error.json"}
,
{"message":"call_user_func_array() expects parameter 1 to be a valid callback, function 'SDS_error_file' not found or invalid function name in /wordpress/wp-includes/class-wp-hook.php on line 324","level":"WARNING","type":"PHP","test":"jspi-boot","plugin":"rentpress-gravity-forms-add-on","details":"[11-Jun-2025 21:27:46 UTC] PHP Warning:  call_user_func_array() expects parameter 1 to be a valid callback, function 'SDS_error_file' not found or invalid function name in /wordpress/wp-includes/class-wp-hook.php on line 324","log":"/logs/plugins/r/rentpress-gravity-forms-add-on/error.json"}
,
{"message":"Uncaught ArgumentCountError: Too few arguments to function sds_check_nonce(), 1 passed in /wordpress/wp-includes/class-wp-hook.php on line 324 and exactly 5 expected in /wordpress/wp-content/plugins/subdomain-seo/sds-functions.php:599","level":"FATAL","type":"PHP","test":"jspi-boot","plugin":"rentpress-gravity-forms-add-on","details":"[11-Jun-2025 21:27:46 UTC] PHP Fatal error:  Uncaught ArgumentCountError: Too few arguments to function sds_check_nonce(), 1 passed in /wordpress/wp-includes/class-wp-hook.php on line 324 and exactly 5 expected in /wordpress/wp-content/plugins/subdomain-seo/sds-functions.php:599\nStack trace:\n#0 /wordpress/wp-includes/class-wp-hook.php(324): sds_check_nonce('')\n#1 /wordpress/wp-includes/class-wp-hook.php(348): WP_Hook->apply_filters(NULL, Array)\n#2 /wordpress/wp-includes/plugin.php(517): WP_Hook->do_action(Array)\n#3 /wordpress/wp-settings.php(727): do_action('init')\n#4 /wordpress/wp-config.php(102): require_once('/wordpress/wp-s...')\n#5 /wordpress/wp-load.php(50): require_once('/wordpress/wp-c...')\n#6 /internal/eval.php(3): require_once('/wordpress/wp-l...')\n#7 {main}\n  thrown in /wordpress/wp-content/plugins/subdomain-seo/sds-functions.php on line 599","log":"/logs/plugins/r/rentpress-gravity-forms-add-on/error.json"}
,
{"message":"call_user_func_array() expects parameter 1 to be a valid callback, function 'SDS_error_file' not found or invalid function name in /wordpress/wp-includes/class-wp-hook.php on line 324","level":"WARNING","type":"PHP","test":"jspi-boot","plugin":"rentpress-gravity-forms-add-on","details":"[11-Jun-2025 21:27:55 UTC] PHP Warning:  call_user_func_array() expects parameter 1 to be a valid callback, function 'SDS_error_file' not found or invalid function name in /wordpress/wp-includes/class-wp-hook.php on line 324","log":"/logs/plugins/r/rentpress-gravity-forms-add-on/error.json"}
,
{"message":"Uncaught ArgumentCountError: Too few arguments to function sds_check_nonce(), 1 passed in /wordpress/wp-includes/class-wp-hook.php on line 324 and exactly 5 expected in /wordpress/wp-content/plugins/subdomain-seo/sds-functions.php:599","level":"FATAL","type":"PHP","test":"jspi-boot","plugin":"rentpress-gravity-forms-add-on","details":"[11-Jun-2025 21:27:56 UTC] PHP Fatal error:  Uncaught ArgumentCountError: Too few arguments to function sds_check_nonce(), 1 passed in /wordpress/wp-includes/class-wp-hook.php on line 324 and exactly 5 expected in /wordpress/wp-content/plugins/subdomain-seo/sds-functions.php:599\nStack trace:\n#0 /wordpress/wp-includes/class-wp-hook.php(324): sds_check_nonce('')\n#1 /wordpress/wp-includes/class-wp-hook.php(348): WP_Hook->apply_filters(NULL, Array)\n#2 /wordpress/wp-includes/plugin.php(517): WP_Hook->do_action(Array)\n#3 /wordpress/wp-settings.php(727): do_action('init')\n#4 /wordpress/wp-config.php(102): require_once('/wordpress/wp-s...')\n#5 /wordpress/wp-load.php(50): require_once('/wordpress/wp-c...')\n#6 /internal/eval.php(3): require_once('/wordpress/wp-l...')\n#7 {main}\n  thrown in /wordpress/wp-content/plugins/subdomain-seo/sds-functions.php on line 599","log":"/logs/plugins/r/rentpress-gravity-forms-add-on/error.json"}
,
{"message":"Undefined property: WP_SQLite_DB::$actionscheduler_actions in /wordpress/wp-includes/class-wpdb.php on line 789","level":"WARNING","type":"PHP","test":"jspi-boot","plugin":"rentpress-gravity-forms-add-on","details":"[11-Jun-2025 21:28:28 UTC] PHP Warning:  Undefined property: WP_SQLite_DB::$actionscheduler_actions in /wordpress/wp-includes/class-wpdb.php on line 789","log":"/logs/plugins/r/rentpress-gravity-forms-add-on/error.json"}
,
{"message":"Undefined property: WP_SQLite_DB::$actionscheduler_groups in /wordpress/wp-includes/class-wpdb.php on line 789","level":"WARNING","type":"PHP","test":"jspi-boot","plugin":"rentpress-gravity-forms-add-on","details":"[11-Jun-2025 21:28:28 UTC] PHP Warning:  Undefined property: WP_SQLite_DB::$actionscheduler_groups in /wordpress/wp-includes/class-wpdb.php on line 789","log":"/logs/plugins/r/rentpress-gravity-forms-add-on/error.json"}
,
{"message":"Undefined property: WP_SQLite_DB::$actionscheduler_actions in /wordpress/wp-includes/class-wpdb.php on line 789","level":"WARNING","type":"PHP","test":"jspi-boot","plugin":"rentpress-gravity-forms-add-on","details":"[11-Jun-2025 21:28:28 UTC] PHP Warning:  Undefined property: WP_SQLite_DB::$actionscheduler_actions in /wordpress/wp-includes/class-wpdb.php on line 789","log":"/logs/plugins/r/rentpress-gravity-forms-add-on/error.json"}
,
{"message":"Uncaught RuntimeException: Error saving action: Error saving action: <div style=\"clear:both\">&nbsp;</div>","level":"FATAL","type":"PHP","test":"jspi-boot","plugin":"rentpress-gravity-forms-add-on","details":"[11-Jun-2025 21:28:28 UTC] PHP Fatal error:  Uncaught RuntimeException: Error saving action: Error saving action: <div style=\"clear:both\">&nbsp;</div>\n<div class=\"queries\" style=\"clear:both;margin-bottom:2px;border:red dotted thin;\">\n<p>MySQL query:</p>\n<p>INSERT INTO `` (`hook`, `status`, `scheduled_date_gmt`, `scheduled_date_local`, `args`, `schedule`, `group_id`) VALUES ('action_scheduler/migration_hook', 'pending', '2025-06-11 21:28:28', '2025-06-11 21:28:28', '[]', 'O:30:\\\"ActionScheduler_SimpleSchedule\\\":2:{s:22:\\\"\\0*\\0scheduled_timestamp\\\";i:1749677308;s:41:\\\"\\0ActionScheduler_SimpleSchedule\\0timestamp\\\";i:1749677308;}', '0')</p>\n<p>Queries made or created this session were:</p>\n<ol>\n<li>Executing: BEGIN IMMEDIATE | (no parameters)</li>\n<li>Executing: SELECT 1 FROM sqlite_temp_schema WHERE type = 'table' AND name = ? | parameters: </li>\n<li>Executing: \n\t\t\t\tSELECT column_name, is_nullable, column_default, data_type, extra\n\t\t\t\tFROM `_wp_sqlite_mysql_information_schema_columns`\n\t\t\t\tWHERE table_schema = ?\n\t\t\t\tAND table_name = ?\n\t\t\t\tORDER BY ordinal_position\n\t\t\t | parameters: database_name_here, </li>\n<li>Executing: INSERT INTO `` () SELECT  FROM (VALUES ( 'action_scheduler/migration_hook' , 'pending' , '2025-06-11 21:28:28' , '2025-06-11 21:28:28' , '[]' , ('O:30:&quot;ActionScheduler_SimpleSchedule&quot;:2:{s:22:&quot;' || CHAR(0) || '*' || CHAR(0) || 'scheduled_timestamp&quot;;i:1749677308;s:41:&quot;' || CHAR(0) || 'ActionScheduler_SimpleSchedule' || CHAR(0) || 'timestamp&quot;;i:1749677308;}') , '0' )) WHERE true | (no parameters)</li>\n<li>Executing: ROLLBACK | (no parameters)</li>\n</ol>\n</div>\n<div style=\"clear:both;margin-bottom:2px;border:red dotted thin;\" class=\"error_message\" style=\"border-bottom:dotted blue thin;\">\nSQLSTATE[HY000]: General error: 1 near \")\": syntax error\n</div>\n<p>Backtrace:</p>\n<pre>#0 /internal/shared/sqlite-database-integration/wp-includes/sqlite-ast/class-wp-sqlite-driver.php(683): WP_SQLite_Driver->new_driver_exception('SQLSTATE[HY000]...', 'HY000', Object(PDOException))\n#1 /internal/shared/sqlite-database-integration/wp-includes/sqlite/class-wp-sqlite-db.php(491): WP_SQLite_Driver->query('INSERT INTO `` ...')\n#2 /internal/shared/sqlite-database-integration/wp-includes/sqlite/class-wp-sqlite-db.php(432): WP_SQLite_DB->_do_query('INSERT INTO `` ...')\n#3 /wordpress/wp-includes/class-wpdb.php(2614): WP_SQLite_DB->query('INSERT INTO `` ...')\n#4 /wordpress/wp-includes/class-wpdb.php(2503): wpdb->_insert_replace_helper(NULL, Array, NULL, 'INSERT')\n#5 /wordpress/wp-content/plugins/subscriptions-recurring-payments-for-woocommerce/inc/libraries/action-scheduler/classes/data-stores/ActionScheduler_DBStore.php(46): wpdb->insert(NULL, Array)\n#6 /wordpress/wp-content/plugins/subscriptions-recurring-payments-for-woocommerce/inc/libraries/action-scheduler/classes/migration/ActionScheduler_DBStoreMigrator.php(31): ActionScheduler_DBStore->save_action(Object(ActionScheduler_Action), NULL)\n#7 /wordpress/wp-content/plugins/subscriptions-recurring-payments-for-woocommerce/inc/libraries/action-scheduler/classes/data-stores/ActionScheduler_HybridStore.php(225): ActionScheduler_DBStoreMigrator->save_action(Object(ActionScheduler_Action), NULL)\n#8 /wordpress/wp-content/plugins/subscriptions-recurring-payments-for-woocommerce/inc/libraries/action-scheduler/classes/ActionScheduler_ActionFactory.php(177): ActionScheduler_HybridStore->save_action(Object(ActionScheduler_Action))\n#9 /wordpress/wp-content/plugins/subscriptions-recurring-payments-for-woocommerce/inc/libraries/action-scheduler/classes/ActionScheduler_ActionFactory.php(84): ActionScheduler_ActionFactory->store(Object(ActionScheduler_Action))\n#10 /wordpress/wp-content/plugins/subscriptions-recurring-payments-for-woocommerce/inc/libraries/action-scheduler/functions.php(30): ActionScheduler_ActionFactory->single('action_schedule...', Array, 1749677308, 'action-schedule...')\n#11 /wordpress/wp-content/plugins/subscriptions-recurring-payments-for-woocommerce/inc/libraries/action-scheduler/classes/migration/Scheduler.php(89): as_schedule_single_action(1749677308, 'action_schedule...', Array, 'action-schedule...')\n#12 /wordpress/wp-content/plugins/subscriptions-recurring-payments-for-woocommerce/inc/libraries/action-scheduler/classes/migration/Controller.php(99): Action_Scheduler\\Migration\\Scheduler->schedule_migration()\n#13 /wordpress/wp-includes/class-wp-hook.php(322): Action_Scheduler\\Migration\\Controller->schedule_migration()\n#14 /wordpress/wp-includes/class-wp-hook.php(348): WP_Hook->apply_filters('', Array)\n#15 /wordpress/wp-includes/plugin.php(517): WP_Hook->do_action(Array)\n#16 /wordpress/wp-includes/load.php(1304): do_action('shutdown')\n#17 [internal function]: shutdown_action_hook()\n#18 {main}</pre>\n in /wordpress/wp-content/plugins/subscriptions-recurring-payments-for-woocommerce/inc/libraries/action-scheduler/classes/migration/ActionScheduler_DBStoreMigrator.php:44\nStack trace:\n#0 /wordpress/wp-content/plugins/subscriptions-recurring-payments-for-woocommerce/inc/libraries/action-scheduler/classes/data-stores/ActionScheduler_HybridStore.php(225): ActionScheduler_DBStoreMigrator->save_action(Object(ActionScheduler_Action), NULL)\n#1 /wordpress/wp-content/plugins/subscriptions-recurring-payments-for-woocommerce/inc/libraries/action-scheduler/classes/ActionScheduler_ActionFactory.php(177): ActionScheduler_HybridStore->save_action(Object(ActionScheduler_Action))\n#2 /wordpress/wp-content/plugins/subscriptions-recurring-payments-for-woocommerce/inc/libraries/action-scheduler/classes/ActionScheduler_ActionFactory.php(84): ActionScheduler_ActionFactory->store(Object(ActionScheduler_Action))\n#3 /wordpress/wp-content/plugins/subscriptions-recurring-payments-for-woocommerce/inc/libraries/action-scheduler/functions.php(30): ActionScheduler_ActionFactory->single('action_schedule...', Array, 1749677308, 'action-schedule...')\n#4 /wordpress/wp-content/plugins/subscriptions-recurring-payments-for-woocommerce/inc/libraries/action-scheduler/classes/migration/Scheduler.php(89): as_schedule_single_action(1749677308, 'action_schedule...', Array, 'action-schedule...')\n#5 /wordpress/wp-content/plugins/subscriptions-recurring-payments-for-woocommerce/inc/libraries/action-scheduler/classes/migration/Controller.php(99): Action_Scheduler\\Migration\\Scheduler->schedule_migration()\n#6 /wordpress/wp-includes/class-wp-hook.php(322): Action_Scheduler\\Migration\\Controller->schedule_migration()\n#7 /wordpress/wp-includes/class-wp-hook.php(348): WP_Hook->apply_filters('', Array)\n#8 /wordpress/wp-includes/plugin.php(517): WP_Hook->do_action(Array)\n#9 /wordpress/wp-includes/load.php(1304): do_action('shutdown')\n#10 [internal function]: shutdown_action_hook()\n#11 {main}\n  thrown in /wordpress/wp-content/plugins/subscriptions-recurring-payments-for-woocommerce/inc/libraries/action-scheduler/classes/migration/ActionScheduler_DBStoreMigrator.php on line 44","log":"/logs/plugins/r/rentpress-gravity-forms-add-on/error.json"}
,
{"message":"Undefined property: WP_SQLite_DB::$actionscheduler_actions in /wordpress/wp-includes/class-wpdb.php on line 789","level":"WARNING","type":"PHP","test":"jspi-boot","plugin":"rentpress-gravity-forms-add-on","details":"[11-Jun-2025 21:28:38 UTC] PHP Warning:  Undefined property: WP_SQLite_DB::$actionscheduler_actions in /wordpress/wp-includes/class-wpdb.php on line 789","log":"/logs/plugins/r/rentpress-gravity-forms-add-on/error.json"}
]
