[
{"message":"file:///home/runner/work/playground-tester/playground-tester/node_modules/@wp-playground/cli/index.js:237\n        throw new Error(y, { cause: u });\n              ^\n","level":"FATAL","type":"PLAYGROUND","test":"asyncify-boot","plugin":"wp-rest-api-multisite","details":"file:///home/runner/work/playground-tester/playground-tester/node_modules/@wp-playground/cli/index.js:237\n        throw new Error(y, { cause: u });\n              ^\n","log":"/tmp/tmp.uK2pTzeVSn"}
,
{"message":"Uncaught Error: Call to undefined function create_function() in /wordpress/wp-content/plugins/wp-feedback-form/feedback.php:45","level":"FATAL","type":"PHP","test":"asyncify-boot","plugin":"wp-rest-api-multisite","details":"[21-May-2025 11:47:28 UTC] PHP Fatal error:  Uncaught Error: Call to undefined function create_function() in /wordpress/wp-content/plugins/wp-feedback-form/feedback.php:45\nStack trace:\n#0 /wordpress/wp-admin/includes/plugin.php(2387): include_once()\n#1 /wordpress/wp-admin/includes/plugin.php(673): plugin_sandbox_scrape('wp-feedback-for...')\n#2 /internal/eval.php(20): activate_plugin('wp-feedback-for...')\n#3 {main}\n  thrown in /wordpress/wp-content/plugins/wp-feedback-form/feedback.php on line 45","log":"/logs/plugins/w/wp-rest-api-multisite/error.json"}
,
{"message":"Uncaught Error: Call to undefined function create_function() in /wordpress/wp-content/plugins/wp-feedback-form/feedback.php:45","level":"FATAL","type":"PHP","test":"asyncify-boot","plugin":"wp-rest-api-multisite","details":"[21-May-2025 11:47:36 UTC] PHP Fatal error:  Uncaught Error: Call to undefined function create_function() in /wordpress/wp-content/plugins/wp-feedback-form/feedback.php:45\nStack trace:\n#0 /wordpress/wp-admin/includes/plugin.php(2387): include_once()\n#1 /wordpress/wp-admin/includes/plugin.php(673): plugin_sandbox_scrape('wp-feedback-for...')\n#2 /internal/eval.php(20): activate_plugin('wp-feedback-for...')\n#3 {main}\n  thrown in /wordpress/wp-content/plugins/wp-feedback-form/feedback.php on line 45","log":"/logs/plugins/w/wp-rest-api-multisite/error.json"}
,
{"message":"Uncaught Error: Call to undefined function create_function() in /wordpress/wp-content/plugins/wp-feedback-form/feedback.php:45","level":"FATAL","type":"PHP","test":"asyncify-boot","plugin":"wp-rest-api-multisite","details":"[21-May-2025 11:47:44 UTC] PHP Fatal error:  Uncaught Error: Call to undefined function create_function() in /wordpress/wp-content/plugins/wp-feedback-form/feedback.php:45\nStack trace:\n#0 /wordpress/wp-admin/includes/plugin.php(2387): include_once()\n#1 /wordpress/wp-admin/includes/plugin.php(673): plugin_sandbox_scrape('wp-feedback-for...')\n#2 /internal/eval.php(20): activate_plugin('wp-feedback-for...')\n#3 {main}\n  thrown in /wordpress/wp-content/plugins/wp-feedback-form/feedback.php on line 45","log":"/logs/plugins/w/wp-rest-api-multisite/error.json"}
,
{"message":"Trying to access array offset on value of type bool in /wordpress/wp-content/plugins/wp-maintenance-vek/Wp_Maintenance_vek.php on line 36","level":"WARNING","type":"PHP","test":"asyncify-boot","plugin":"wp-rest-api-multisite","details":"[21-May-2025 11:48:21 UTC] PHP Warning:  Trying to access array offset on value of type bool in /wordpress/wp-content/plugins/wp-maintenance-vek/Wp_Maintenance_vek.php on line 36","log":"/logs/plugins/w/wp-rest-api-multisite/error.json"}
,
{"message":"Uncaught TypeError: call_user_func_array(): Argument #1 ($callback) must be a valid callback, non-static method WP_Maintenance_vek::Plugin_activation() cannot be called statically in /wordpress/wp-includes/class-wp-hook.php:324","level":"FATAL","type":"PHP","test":"asyncify-boot","plugin":"wp-rest-api-multisite","details":"[21-May-2025 11:48:21 UTC] PHP Fatal error:  Uncaught TypeError: call_user_func_array(): Argument #1 ($callback) must be a valid callback, non-static method WP_Maintenance_vek::Plugin_activation() cannot be called statically in /wordpress/wp-includes/class-wp-hook.php:324\nStack trace:\n#0 /wordpress/wp-includes/class-wp-hook.php(348): WP_Hook->apply_filters('', Array)\n#1 /wordpress/wp-includes/plugin.php(517): WP_Hook->do_action(Array)\n#2 /wordpress/wp-admin/includes/plugin.php(703): do_action('activate_wp-mai...', false)\n#3 /internal/eval.php(20): activate_plugin('wp-maintenance-...')\n#4 {main}\n  thrown in /wordpress/wp-includes/class-wp-hook.php on line 324","log":"/logs/plugins/w/wp-rest-api-multisite/error.json"}
,
{"message":"Trying to access array offset on value of type bool in /wordpress/wp-content/plugins/wp-maintenance-vek/Wp_Maintenance_vek.php on line 36","level":"WARNING","type":"PHP","test":"asyncify-boot","plugin":"wp-rest-api-multisite","details":"[21-May-2025 11:48:28 UTC] PHP Warning:  Trying to access array offset on value of type bool in /wordpress/wp-content/plugins/wp-maintenance-vek/Wp_Maintenance_vek.php on line 36","log":"/logs/plugins/w/wp-rest-api-multisite/error.json"}
,
{"message":"Uncaught TypeError: call_user_func_array(): Argument #1 ($callback) must be a valid callback, non-static method WP_Maintenance_vek::Plugin_activation() cannot be called statically in /wordpress/wp-includes/class-wp-hook.php:324","level":"FATAL","type":"PHP","test":"asyncify-boot","plugin":"wp-rest-api-multisite","details":"[21-May-2025 11:48:28 UTC] PHP Fatal error:  Uncaught TypeError: call_user_func_array(): Argument #1 ($callback) must be a valid callback, non-static method WP_Maintenance_vek::Plugin_activation() cannot be called statically in /wordpress/wp-includes/class-wp-hook.php:324\nStack trace:\n#0 /wordpress/wp-includes/class-wp-hook.php(348): WP_Hook->apply_filters('', Array)\n#1 /wordpress/wp-includes/plugin.php(517): WP_Hook->do_action(Array)\n#2 /wordpress/wp-admin/includes/plugin.php(703): do_action('activate_wp-mai...', false)\n#3 /internal/eval.php(20): activate_plugin('wp-maintenance-...')\n#4 {main}\n  thrown in /wordpress/wp-includes/class-wp-hook.php on line 324","log":"/logs/plugins/w/wp-rest-api-multisite/error.json"}
,
{"message":"Trying to access array offset on value of type bool in /wordpress/wp-content/plugins/wp-maintenance-vek/Wp_Maintenance_vek.php on line 36","level":"WARNING","type":"PHP","test":"asyncify-boot","plugin":"wp-rest-api-multisite","details":"[21-May-2025 11:48:37 UTC] PHP Warning:  Trying to access array offset on value of type bool in /wordpress/wp-content/plugins/wp-maintenance-vek/Wp_Maintenance_vek.php on line 36","log":"/logs/plugins/w/wp-rest-api-multisite/error.json"}
,
{"message":"Uncaught TypeError: call_user_func_array(): Argument #1 ($callback) must be a valid callback, non-static method WP_Maintenance_vek::Plugin_activation() cannot be called statically in /wordpress/wp-includes/class-wp-hook.php:324","level":"FATAL","type":"PHP","test":"asyncify-boot","plugin":"wp-rest-api-multisite","details":"[21-May-2025 11:48:37 UTC] PHP Fatal error:  Uncaught TypeError: call_user_func_array(): Argument #1 ($callback) must be a valid callback, non-static method WP_Maintenance_vek::Plugin_activation() cannot be called statically in /wordpress/wp-includes/class-wp-hook.php:324\nStack trace:\n#0 /wordpress/wp-includes/class-wp-hook.php(348): WP_Hook->apply_filters('', Array)\n#1 /wordpress/wp-includes/plugin.php(517): WP_Hook->do_action(Array)\n#2 /wordpress/wp-admin/includes/plugin.php(703): do_action('activate_wp-mai...', false)\n#3 /internal/eval.php(20): activate_plugin('wp-maintenance-...')\n#4 {main}\n  thrown in /wordpress/wp-includes/class-wp-hook.php on line 324","log":"/logs/plugins/w/wp-rest-api-multisite/error.json"}
,
{"message":"Function _load_textdomain_just_in_time was called <strong>incorrectly</strong>. Translation loading for the <code>wpreactions-lite</code> domain was triggered too early. This is usually an indicator for some code in the plugin or theme running too early. Translations should be loaded at the <code>init</code> action or later. Please see <a href=\"https://developer.wordpress.org/advanced-administration/debug/debug-wordpress/\">Debugging in WordPress</a> for more information. (This message was added in version 6.7.0.) in /wordpress/wp-includes/functions.php on line 6121","level":"NOTICE","type":"PHP","test":"asyncify-boot","plugin":"wp-rest-api-multisite","details":"[21-May-2025 11:49:59 UTC] PHP Notice:  Function _load_textdomain_just_in_time was called <strong>incorrectly</strong>. Translation loading for the <code>wpreactions-lite</code> domain was triggered too early. This is usually an indicator for some code in the plugin or theme running too early. Translations should be loaded at the <code>init</code> action or later. Please see <a href=\"https://developer.wordpress.org/advanced-administration/debug/debug-wordpress/\">Debugging in WordPress</a> for more information. (This message was added in version 6.7.0.) in /wordpress/wp-includes/functions.php on line 6121","log":"/logs/plugins/w/wp-rest-api-multisite/error.json"}
,
{"message":"Function _load_textdomain_just_in_time was called <strong>incorrectly</strong>. Translation loading for the <code>wpreactions-lite</code> domain was triggered too early. This is usually an indicator for some code in the plugin or theme running too early. Translations should be loaded at the <code>init</code> action or later. Please see <a href=\"https://developer.wordpress.org/advanced-administration/debug/debug-wordpress/\">Debugging in WordPress</a> for more information. (This message was added in version 6.7.0.) in /wordpress/wp-includes/functions.php on line 6121","level":"NOTICE","type":"PHP","test":"asyncify-boot","plugin":"wp-rest-api-multisite","details":"[21-May-2025 11:50:08 UTC] PHP Notice:  Function _load_textdomain_just_in_time was called <strong>incorrectly</strong>. Translation loading for the <code>wpreactions-lite</code> domain was triggered too early. This is usually an indicator for some code in the plugin or theme running too early. Translations should be loaded at the <code>init</code> action or later. Please see <a href=\"https://developer.wordpress.org/advanced-administration/debug/debug-wordpress/\">Debugging in WordPress</a> for more information. (This message was added in version 6.7.0.) in /wordpress/wp-includes/functions.php on line 6121","log":"/logs/plugins/w/wp-rest-api-multisite/error.json"}
,
{"message":"Function _load_textdomain_just_in_time was called <strong>incorrectly</strong>. Translation loading for the <code>wpreactions-lite</code> domain was triggered too early. This is usually an indicator for some code in the plugin or theme running too early. Translations should be loaded at the <code>init</code> action or later. Please see <a href=\"https://developer.wordpress.org/advanced-administration/debug/debug-wordpress/\">Debugging in WordPress</a> for more information. (This message was added in version 6.7.0.) in /wordpress/wp-includes/functions.php on line 6121","level":"NOTICE","type":"PHP","test":"asyncify-boot","plugin":"wp-rest-api-multisite","details":"[21-May-2025 11:50:18 UTC] PHP Notice:  Function _load_textdomain_just_in_time was called <strong>incorrectly</strong>. Translation loading for the <code>wpreactions-lite</code> domain was triggered too early. This is usually an indicator for some code in the plugin or theme running too early. Translations should be loaded at the <code>init</code> action or later. Please see <a href=\"https://developer.wordpress.org/advanced-administration/debug/debug-wordpress/\">Debugging in WordPress</a> for more information. (This message was added in version 6.7.0.) in /wordpress/wp-includes/functions.php on line 6121","log":"/logs/plugins/w/wp-rest-api-multisite/error.json"}
,
{"message":"Undefined array key \"HTTP_USER_AGENT\" in /wordpress/wp-content/plugins/wp-to-ipad/classes/wpti.class.php on line 110","level":"WARNING","type":"PHP","test":"asyncify-boot","plugin":"wp-rest-api-multisite","details":"[21-May-2025 11:50:27 UTC] PHP Warning:  Undefined array key \"HTTP_USER_AGENT\" in /wordpress/wp-content/plugins/wp-to-ipad/classes/wpti.class.php on line 110","log":"/logs/plugins/w/wp-rest-api-multisite/error.json"}
,
{"message":"Undefined array key \"HTTP_USER_AGENT\" in /wordpress/wp-content/plugins/wp-to-ipad/classes/wpti.class.php on line 110","level":"WARNING","type":"PHP","test":"asyncify-boot","plugin":"wp-rest-api-multisite","details":"[21-May-2025 11:50:37 UTC] PHP Warning:  Undefined array key \"HTTP_USER_AGENT\" in /wordpress/wp-content/plugins/wp-to-ipad/classes/wpti.class.php on line 110","log":"/logs/plugins/w/wp-rest-api-multisite/error.json"}
,
{"message":"Undefined array key \"HTTP_USER_AGENT\" in /wordpress/wp-content/plugins/wp-to-ipad/classes/wpti.class.php on line 110","level":"WARNING","type":"PHP","test":"asyncify-boot","plugin":"wp-rest-api-multisite","details":"[21-May-2025 11:50:46 UTC] PHP Warning:  Undefined array key \"HTTP_USER_AGENT\" in /wordpress/wp-content/plugins/wp-to-ipad/classes/wpti.class.php on line 110","log":"/logs/plugins/w/wp-rest-api-multisite/error.json"}
,
{"message":"Uncaught Error: Class 'Wpgreekscpt\\Base\\WidgetController' not found in /wordpress/wp-content/plugins/wpgreeks-cpt/inc/WpgreeksInit.php:50","level":"FATAL","type":"PHP","test":"asyncify-boot","plugin":"wp-rest-api-multisite","details":"[21-May-2025 11:51:23 UTC] PHP Fatal error:  Uncaught Error: Class 'Wpgreekscpt\\Base\\WidgetController' not found in /wordpress/wp-content/plugins/wpgreeks-cpt/inc/WpgreeksInit.php:50\nStack trace:\n#0 /wordpress/wp-content/plugins/wpgreeks-cpt/inc/WpgreeksInit.php(36): Wpgreekscpt\\WpgreeksInit::instantiate('Wpgreekscpt\\\\Bas...')\n#1 /wordpress/wp-content/plugins/wpgreeks-cpt/wpgreeks-cpt.php(60): Wpgreekscpt\\WpgreeksInit::wpgreeks_register_services()\n#2 /wordpress/wp-admin/includes/plugin.php(2387): include_once('/wordpress/wp-c...')\n#3 /wordpress/wp-admin/includes/plugin.php(673): plugin_sandbox_scrape('wpgreeks-cpt/wp...')\n#4 /internal/eval.php(20): activate_plugin('wpgreeks-cpt/wp...')\n#5 {main}\n  thrown in /wordpress/wp-content/plugins/wpgreeks-cpt/inc/WpgreeksInit.php on line 50","log":"/logs/plugins/w/wp-rest-api-multisite/error.json"}
,
{"message":"Uncaught Error: Class 'Wpgreekscpt\\Base\\WidgetController' not found in /wordpress/wp-content/plugins/wpgreeks-cpt/inc/WpgreeksInit.php:50","level":"FATAL","type":"PHP","test":"asyncify-boot","plugin":"wp-rest-api-multisite","details":"[21-May-2025 11:51:30 UTC] PHP Fatal error:  Uncaught Error: Class 'Wpgreekscpt\\Base\\WidgetController' not found in /wordpress/wp-content/plugins/wpgreeks-cpt/inc/WpgreeksInit.php:50\nStack trace:\n#0 /wordpress/wp-content/plugins/wpgreeks-cpt/inc/WpgreeksInit.php(36): Wpgreekscpt\\WpgreeksInit::instantiate('Wpgreekscpt\\\\Bas...')\n#1 /wordpress/wp-content/plugins/wpgreeks-cpt/wpgreeks-cpt.php(60): Wpgreekscpt\\WpgreeksInit::wpgreeks_register_services()\n#2 /wordpress/wp-admin/includes/plugin.php(2387): include_once('/wordpress/wp-c...')\n#3 /wordpress/wp-admin/includes/plugin.php(673): plugin_sandbox_scrape('wpgreeks-cpt/wp...')\n#4 /internal/eval.php(20): activate_plugin('wpgreeks-cpt/wp...')\n#5 {main}\n  thrown in /wordpress/wp-content/plugins/wpgreeks-cpt/inc/WpgreeksInit.php on line 50","log":"/logs/plugins/w/wp-rest-api-multisite/error.json"}
,
{"message":"Uncaught Error: Class 'Wpgreekscpt\\Base\\WidgetController' not found in /wordpress/wp-content/plugins/wpgreeks-cpt/inc/WpgreeksInit.php:50","level":"FATAL","type":"PHP","test":"asyncify-boot","plugin":"wp-rest-api-multisite","details":"[21-May-2025 11:51:39 UTC] PHP Fatal error:  Uncaught Error: Class 'Wpgreekscpt\\Base\\WidgetController' not found in /wordpress/wp-content/plugins/wpgreeks-cpt/inc/WpgreeksInit.php:50\nStack trace:\n#0 /wordpress/wp-content/plugins/wpgreeks-cpt/inc/WpgreeksInit.php(36): Wpgreekscpt\\WpgreeksInit::instantiate('Wpgreekscpt\\\\Bas...')\n#1 /wordpress/wp-content/plugins/wpgreeks-cpt/wpgreeks-cpt.php(60): Wpgreekscpt\\WpgreeksInit::wpgreeks_register_services()\n#2 /wordpress/wp-admin/includes/plugin.php(2387): include_once('/wordpress/wp-c...')\n#3 /wordpress/wp-admin/includes/plugin.php(673): plugin_sandbox_scrape('wpgreeks-cpt/wp...')\n#4 /internal/eval.php(20): activate_plugin('wpgreeks-cpt/wp...')\n#5 {main}\n  thrown in /wordpress/wp-content/plugins/wpgreeks-cpt/inc/WpgreeksInit.php on line 50","log":"/logs/plugins/w/wp-rest-api-multisite/error.json"}
,
{"message":"syntax error, unexpected token \"new\" in /wordpress/wp-content/plugins/wpmathpublisher/wpmathpublisher.php on line 353","level":"PARSE","type":"PHP","test":"asyncify-boot","plugin":"wp-rest-api-multisite","details":"[21-May-2025 11:51:48 UTC] PHP Parse error:  syntax error, unexpected token \"new\" in /wordpress/wp-content/plugins/wpmathpublisher/wpmathpublisher.php on line 353","log":"/logs/plugins/w/wp-rest-api-multisite/error.json"}
,
{"message":"syntax error, unexpected token \"new\" in /wordpress/wp-content/plugins/wpmathpublisher/wpmathpublisher.php on line 353","level":"PARSE","type":"PHP","test":"asyncify-boot","plugin":"wp-rest-api-multisite","details":"[21-May-2025 11:51:55 UTC] PHP Parse error:  syntax error, unexpected token \"new\" in /wordpress/wp-content/plugins/wpmathpublisher/wpmathpublisher.php on line 353","log":"/logs/plugins/w/wp-rest-api-multisite/error.json"}
,
{"message":"syntax error, unexpected token \"new\" in /wordpress/wp-content/plugins/wpmathpublisher/wpmathpublisher.php on line 353","level":"PARSE","type":"PHP","test":"asyncify-boot","plugin":"wp-rest-api-multisite","details":"[21-May-2025 11:52:03 UTC] PHP Parse error:  syntax error, unexpected token \"new\" in /wordpress/wp-content/plugins/wpmathpublisher/wpmathpublisher.php on line 353","log":"/logs/plugins/w/wp-rest-api-multisite/error.json"}
,
{"message":"Undefined variable $wp_version in /wordpress/wp-content/plugins/wptap/wptap.php on line 25","level":"WARNING","type":"PHP","test":"asyncify-boot","plugin":"wp-rest-api-multisite","details":"[21-May-2025 11:52:13 UTC] PHP Warning:  Undefined variable $wp_version in /wordpress/wp-content/plugins/wptap/wptap.php on line 25","log":"/logs/plugins/w/wp-rest-api-multisite/error.json"}
,
{"message":"File upgrade-functions.php is <strong>deprecated</strong> since version 2.5.0! Use wp-admin/includes/upgrade.php instead. in /wordpress/wp-includes/functions.php on line 6121","level":"DEPRECATED","type":"PHP","test":"asyncify-boot","plugin":"wp-rest-api-multisite","details":"[21-May-2025 11:52:13 UTC] PHP Deprecated:  File upgrade-functions.php is <strong>deprecated</strong> since version 2.5.0! Use wp-admin/includes/upgrade.php instead. in /wordpress/wp-includes/functions.php on line 6121","log":"/logs/plugins/w/wp-rest-api-multisite/error.json"}
,
{"message":"Undefined array key \"HTTP_USER_AGENT\" in /wordpress/wp-content/plugins/wptap/include/function.php on line 234","level":"WARNING","type":"PHP","test":"asyncify-boot","plugin":"wp-rest-api-multisite","details":"[21-May-2025 11:52:14 UTC] PHP Warning:  Undefined array key \"HTTP_USER_AGENT\" in /wordpress/wp-content/plugins/wptap/include/function.php on line 234","log":"/logs/plugins/w/wp-rest-api-multisite/error.json"}
,
{"message":"Uncaught Error: Call to undefined function eregi() in /wordpress/wp-content/plugins/wptap/include/function.php:246","level":"FATAL","type":"PHP","test":"asyncify-boot","plugin":"wp-rest-api-multisite","details":"[21-May-2025 11:52:15 UTC] PHP Fatal error:  Uncaught Error: Call to undefined function eregi() in /wordpress/wp-content/plugins/wptap/include/function.php:246\nStack trace:\n#0 /wordpress/wp-content/plugins/wptap/themes/News Press/pluginextend.php(13): wptap()\n#1 /wordpress/wp-content/plugins/wptap/wptap.php(48): include('/wordpress/wp-c...')\n#2 /wordpress/wp-settings.php(545): include_once('/wordpress/wp-c...')\n#3 /wordpress/wp-config.php(102): require_once('/wordpress/wp-s...')\n#4 /wordpress/wp-load.php(50): require_once('/wordpress/wp-c...')\n#5 /internal/eval.php(3): require_once('/wordpress/wp-l...')\n#6 {main}\n  thrown in /wordpress/wp-content/plugins/wptap/include/function.php on line 246","log":"/logs/plugins/w/wp-rest-api-multisite/error.json"}
,
{"message":"Undefined variable $wp_version in /wordpress/wp-content/plugins/wptap/wptap.php on line 25","level":"WARNING","type":"PHP","test":"asyncify-boot","plugin":"wp-rest-api-multisite","details":"[21-May-2025 11:52:24 UTC] PHP Warning:  Undefined variable $wp_version in /wordpress/wp-content/plugins/wptap/wptap.php on line 25","log":"/logs/plugins/w/wp-rest-api-multisite/error.json"}
,
{"message":"File upgrade-functions.php is <strong>deprecated</strong> since version 2.5.0! Use wp-admin/includes/upgrade.php instead. in /wordpress/wp-includes/functions.php on line 6121","level":"DEPRECATED","type":"PHP","test":"asyncify-boot","plugin":"wp-rest-api-multisite","details":"[21-May-2025 11:52:24 UTC] PHP Deprecated:  File upgrade-functions.php is <strong>deprecated</strong> since version 2.5.0! Use wp-admin/includes/upgrade.php instead. in /wordpress/wp-includes/functions.php on line 6121","log":"/logs/plugins/w/wp-rest-api-multisite/error.json"}
,
{"message":"Undefined array key \"HTTP_USER_AGENT\" in /wordpress/wp-content/plugins/wptap/include/function.php on line 234","level":"WARNING","type":"PHP","test":"asyncify-boot","plugin":"wp-rest-api-multisite","details":"[21-May-2025 11:52:25 UTC] PHP Warning:  Undefined array key \"HTTP_USER_AGENT\" in /wordpress/wp-content/plugins/wptap/include/function.php on line 234","log":"/logs/plugins/w/wp-rest-api-multisite/error.json"}
,
{"message":"Uncaught Error: Call to undefined function eregi() in /wordpress/wp-content/plugins/wptap/include/function.php:246","level":"FATAL","type":"PHP","test":"asyncify-boot","plugin":"wp-rest-api-multisite","details":"[21-May-2025 11:52:25 UTC] PHP Fatal error:  Uncaught Error: Call to undefined function eregi() in /wordpress/wp-content/plugins/wptap/include/function.php:246\nStack trace:\n#0 /wordpress/wp-content/plugins/wptap/themes/News Press/pluginextend.php(13): wptap()\n#1 /wordpress/wp-content/plugins/wptap/wptap.php(48): include('/wordpress/wp-c...')\n#2 /wordpress/wp-settings.php(545): include_once('/wordpress/wp-c...')\n#3 /wordpress/wp-config.php(102): require_once('/wordpress/wp-s...')\n#4 /wordpress/wp-load.php(50): require_once('/wordpress/wp-c...')\n#5 /internal/eval.php(3): require_once('/wordpress/wp-l...')\n#6 {main}\n  thrown in /wordpress/wp-content/plugins/wptap/include/function.php on line 246","log":"/logs/plugins/w/wp-rest-api-multisite/error.json"}
,
{"message":"Undefined variable $wp_version in /wordpress/wp-content/plugins/wptap/wptap.php on line 25","level":"WARNING","type":"PHP","test":"asyncify-boot","plugin":"wp-rest-api-multisite","details":"[21-May-2025 11:52:35 UTC] PHP Warning:  Undefined variable $wp_version in /wordpress/wp-content/plugins/wptap/wptap.php on line 25","log":"/logs/plugins/w/wp-rest-api-multisite/error.json"}
,
{"message":"File upgrade-functions.php is <strong>deprecated</strong> since version 2.5.0! Use wp-admin/includes/upgrade.php instead. in /wordpress/wp-includes/functions.php on line 6121","level":"DEPRECATED","type":"PHP","test":"asyncify-boot","plugin":"wp-rest-api-multisite","details":"[21-May-2025 11:52:35 UTC] PHP Deprecated:  File upgrade-functions.php is <strong>deprecated</strong> since version 2.5.0! Use wp-admin/includes/upgrade.php instead. in /wordpress/wp-includes/functions.php on line 6121","log":"/logs/plugins/w/wp-rest-api-multisite/error.json"}
,
{"message":"Undefined array key \"HTTP_USER_AGENT\" in /wordpress/wp-content/plugins/wptap/include/function.php on line 234","level":"WARNING","type":"PHP","test":"asyncify-boot","plugin":"wp-rest-api-multisite","details":"[21-May-2025 11:52:36 UTC] PHP Warning:  Undefined array key \"HTTP_USER_AGENT\" in /wordpress/wp-content/plugins/wptap/include/function.php on line 234","log":"/logs/plugins/w/wp-rest-api-multisite/error.json"}
,
{"message":"Uncaught Error: Call to undefined function eregi() in /wordpress/wp-content/plugins/wptap/include/function.php:246","level":"FATAL","type":"PHP","test":"asyncify-boot","plugin":"wp-rest-api-multisite","details":"[21-May-2025 11:52:36 UTC] PHP Fatal error:  Uncaught Error: Call to undefined function eregi() in /wordpress/wp-content/plugins/wptap/include/function.php:246\nStack trace:\n#0 /wordpress/wp-content/plugins/wptap/themes/News Press/pluginextend.php(13): wptap()\n#1 /wordpress/wp-content/plugins/wptap/wptap.php(48): include('/wordpress/wp-c...')\n#2 /wordpress/wp-settings.php(545): include_once('/wordpress/wp-c...')\n#3 /wordpress/wp-config.php(102): require_once('/wordpress/wp-s...')\n#4 /wordpress/wp-load.php(50): require_once('/wordpress/wp-c...')\n#5 /internal/eval.php(3): require_once('/wordpress/wp-l...')\n#6 {main}\n  thrown in /wordpress/wp-content/plugins/wptap/include/function.php on line 246","log":"/logs/plugins/w/wp-rest-api-multisite/error.json"}
,
{"message":"Uncaught Exception: Please active first WooCommerce plugin. in /wordpress/wp-content/plugins/woocommerce-gift-coupon/woocommerce-gift-coupon.php:35","level":"FATAL","type":"PHP","test":"asyncify-boot","plugin":"wp-rest-api-multisite","details":"[21-May-2025 11:53:37 UTC] PHP Fatal error:  Uncaught Exception: Please active first WooCommerce plugin. in /wordpress/wp-content/plugins/woocommerce-gift-coupon/woocommerce-gift-coupon.php:35\nStack trace:\n#0 /wordpress/wp-includes/class-wp-hook.php(324): woocommerce_gift_coupon_activation(false)\n#1 /wordpress/wp-includes/class-wp-hook.php(348): WP_Hook->apply_filters('', Array)\n#2 /wordpress/wp-includes/plugin.php(517): WP_Hook->do_action(Array)\n#3 /wordpress/wp-admin/includes/plugin.php(703): do_action('activate_woocom...', false)\n#4 /internal/eval.php(20): activate_plugin('woocommerce-gif...')\n#5 {main}\n  thrown in /wordpress/wp-content/plugins/woocommerce-gift-coupon/woocommerce-gift-coupon.php on line 35","log":"/logs/plugins/w/wp-rest-api-multisite/error.json"}
,
{"message":"Uncaught Exception: Please active first WooCommerce plugin. in /wordpress/wp-content/plugins/woocommerce-gift-coupon/woocommerce-gift-coupon.php:35","level":"FATAL","type":"PHP","test":"asyncify-boot","plugin":"wp-rest-api-multisite","details":"[21-May-2025 11:53:46 UTC] PHP Fatal error:  Uncaught Exception: Please active first WooCommerce plugin. in /wordpress/wp-content/plugins/woocommerce-gift-coupon/woocommerce-gift-coupon.php:35\nStack trace:\n#0 /wordpress/wp-includes/class-wp-hook.php(324): woocommerce_gift_coupon_activation(false)\n#1 /wordpress/wp-includes/class-wp-hook.php(348): WP_Hook->apply_filters('', Array)\n#2 /wordpress/wp-includes/plugin.php(517): WP_Hook->do_action(Array)\n#3 /wordpress/wp-admin/includes/plugin.php(703): do_action('activate_woocom...', false)\n#4 /internal/eval.php(20): activate_plugin('woocommerce-gif...')\n#5 {main}\n  thrown in /wordpress/wp-content/plugins/woocommerce-gift-coupon/woocommerce-gift-coupon.php on line 35","log":"/logs/plugins/w/wp-rest-api-multisite/error.json"}
,
{"message":"Uncaught Exception: Please active first WooCommerce plugin. in /wordpress/wp-content/plugins/woocommerce-gift-coupon/woocommerce-gift-coupon.php:35","level":"FATAL","type":"PHP","test":"asyncify-boot","plugin":"wp-rest-api-multisite","details":"[21-May-2025 11:53:56 UTC] PHP Fatal error:  Uncaught Exception: Please active first WooCommerce plugin. in /wordpress/wp-content/plugins/woocommerce-gift-coupon/woocommerce-gift-coupon.php:35\nStack trace:\n#0 /wordpress/wp-includes/class-wp-hook.php(324): woocommerce_gift_coupon_activation(false)\n#1 /wordpress/wp-includes/class-wp-hook.php(348): WP_Hook->apply_filters('', Array)\n#2 /wordpress/wp-includes/plugin.php(517): WP_Hook->do_action(Array)\n#3 /wordpress/wp-admin/includes/plugin.php(703): do_action('activate_woocom...', false)\n#4 /internal/eval.php(20): activate_plugin('woocommerce-gif...')\n#5 {main}\n  thrown in /wordpress/wp-content/plugins/woocommerce-gift-coupon/woocommerce-gift-coupon.php on line 35","log":"/logs/plugins/w/wp-rest-api-multisite/error.json"}
,
{"message":"Uncaught Error: Call to undefined function create_function() in /wordpress/wp-content/plugins/wordpress-google-reader-widget/greader.php:129","level":"FATAL","type":"PHP","test":"asyncify-boot","plugin":"wp-rest-api-multisite","details":"[21-May-2025 11:54:59 UTC] PHP Fatal error:  Uncaught Error: Call to undefined function create_function() in /wordpress/wp-content/plugins/wordpress-google-reader-widget/greader.php:129\nStack trace:\n#0 /wordpress/wp-admin/includes/plugin.php(2387): include_once()\n#1 /wordpress/wp-admin/includes/plugin.php(673): plugin_sandbox_scrape('wordpress-googl...')\n#2 /internal/eval.php(20): activate_plugin('wordpress-googl...')\n#3 {main}\n  thrown in /wordpress/wp-content/plugins/wordpress-google-reader-widget/greader.php on line 129","log":"/logs/plugins/w/wp-rest-api-multisite/error.json"}
,
{"message":"Uncaught Error: Call to undefined function create_function() in /wordpress/wp-content/plugins/wordpress-google-reader-widget/greader.php:129","level":"FATAL","type":"PHP","test":"asyncify-boot","plugin":"wp-rest-api-multisite","details":"[21-May-2025 11:55:07 UTC] PHP Fatal error:  Uncaught Error: Call to undefined function create_function() in /wordpress/wp-content/plugins/wordpress-google-reader-widget/greader.php:129\nStack trace:\n#0 /wordpress/wp-admin/includes/plugin.php(2387): include_once()\n#1 /wordpress/wp-admin/includes/plugin.php(673): plugin_sandbox_scrape('wordpress-googl...')\n#2 /internal/eval.php(20): activate_plugin('wordpress-googl...')\n#3 {main}\n  thrown in /wordpress/wp-content/plugins/wordpress-google-reader-widget/greader.php on line 129","log":"/logs/plugins/w/wp-rest-api-multisite/error.json"}
,
{"message":"Uncaught Error: Call to undefined function create_function() in /wordpress/wp-content/plugins/wordpress-google-reader-widget/greader.php:129","level":"FATAL","type":"PHP","test":"asyncify-boot","plugin":"wp-rest-api-multisite","details":"[21-May-2025 11:55:15 UTC] PHP Fatal error:  Uncaught Error: Call to undefined function create_function() in /wordpress/wp-content/plugins/wordpress-google-reader-widget/greader.php:129\nStack trace:\n#0 /wordpress/wp-admin/includes/plugin.php(2387): include_once()\n#1 /wordpress/wp-admin/includes/plugin.php(673): plugin_sandbox_scrape('wordpress-googl...')\n#2 /internal/eval.php(20): activate_plugin('wordpress-googl...')\n#3 {main}\n  thrown in /wordpress/wp-content/plugins/wordpress-google-reader-widget/greader.php on line 129","log":"/logs/plugins/w/wp-rest-api-multisite/error.json"}
,
{"message":"Required parameter $bugs_page follows optional parameter $currency in /wordpress/wp-content/plugins/wordpress-mu-secure-invites/secure_invite.php on line 2161","level":"DEPRECATED","type":"PHP","test":"asyncify-boot","plugin":"wp-rest-api-multisite","details":"[21-May-2025 11:55:24 UTC] PHP Deprecated:  Required parameter $bugs_page follows optional parameter $currency in /wordpress/wp-content/plugins/wordpress-mu-secure-invites/secure_invite.php on line 2161","log":"/logs/plugins/w/wp-rest-api-multisite/error.json"}
,
{"message":"Required parameter $bugs_page follows optional parameter $currency in /wordpress/wp-content/plugins/wordpress-mu-secure-invites/secure_invite.php on line 2219","level":"DEPRECATED","type":"PHP","test":"asyncify-boot","plugin":"wp-rest-api-multisite","details":"[21-May-2025 11:55:24 UTC] PHP Deprecated:  Required parameter $bugs_page follows optional parameter $currency in /wordpress/wp-content/plugins/wordpress-mu-secure-invites/secure_invite.php on line 2219","log":"/logs/plugins/w/wp-rest-api-multisite/error.json"}
,
{"message":"File upgrade-functions.php is <strong>deprecated</strong> since version 2.5.0! Use wp-admin/includes/upgrade.php instead. in /wordpress/wp-includes/functions.php on line 6121","level":"DEPRECATED","type":"PHP","test":"asyncify-boot","plugin":"wp-rest-api-multisite","details":"[21-May-2025 11:55:24 UTC] PHP Deprecated:  File upgrade-functions.php is <strong>deprecated</strong> since version 2.5.0! Use wp-admin/includes/upgrade.php instead. in /wordpress/wp-includes/functions.php on line 6121","log":"/logs/plugins/w/wp-rest-api-multisite/error.json"}
,
{"message":"Required parameter $bugs_page follows optional parameter $currency in /wordpress/wp-content/plugins/wordpress-mu-secure-invites/secure_invite.php on line 2161","level":"DEPRECATED","type":"PHP","test":"asyncify-boot","plugin":"wp-rest-api-multisite","details":"[21-May-2025 11:55:25 UTC] PHP Deprecated:  Required parameter $bugs_page follows optional parameter $currency in /wordpress/wp-content/plugins/wordpress-mu-secure-invites/secure_invite.php on line 2161","log":"/logs/plugins/w/wp-rest-api-multisite/error.json"}
,
{"message":"Required parameter $bugs_page follows optional parameter $currency in /wordpress/wp-content/plugins/wordpress-mu-secure-invites/secure_invite.php on line 2219","level":"DEPRECATED","type":"PHP","test":"asyncify-boot","plugin":"wp-rest-api-multisite","details":"[21-May-2025 11:55:25 UTC] PHP Deprecated:  Required parameter $bugs_page follows optional parameter $currency in /wordpress/wp-content/plugins/wordpress-mu-secure-invites/secure_invite.php on line 2219","log":"/logs/plugins/w/wp-rest-api-multisite/error.json"}
,
{"message":"Required parameter $bugs_page follows optional parameter $currency in /wordpress/wp-content/plugins/wordpress-mu-secure-invites/secure_invite.php on line 2161","level":"DEPRECATED","type":"PHP","test":"asyncify-boot","plugin":"wp-rest-api-multisite","details":"[21-May-2025 11:55:33 UTC] PHP Deprecated:  Required parameter $bugs_page follows optional parameter $currency in /wordpress/wp-content/plugins/wordpress-mu-secure-invites/secure_invite.php on line 2161","log":"/logs/plugins/w/wp-rest-api-multisite/error.json"}
,
{"message":"Required parameter $bugs_page follows optional parameter $currency in /wordpress/wp-content/plugins/wordpress-mu-secure-invites/secure_invite.php on line 2219","level":"DEPRECATED","type":"PHP","test":"asyncify-boot","plugin":"wp-rest-api-multisite","details":"[21-May-2025 11:55:33 UTC] PHP Deprecated:  Required parameter $bugs_page follows optional parameter $currency in /wordpress/wp-content/plugins/wordpress-mu-secure-invites/secure_invite.php on line 2219","log":"/logs/plugins/w/wp-rest-api-multisite/error.json"}
,
{"message":"SQLSTATE[HY000]: General error: 1 no such table: wp_invitations.","level":"FATAL","type":"SQL","test":"asyncify-boot","plugin":"wp-rest-api-multisite","details":"[21-May-2025 11:55:33 UTC] WordPress database error <div style=\"clear:both\">&nbsp;</div>\n<div class=\"queries\" style=\"clear:both;margin-bottom:2px;border:red dotted thin;\">\n<p>MySQL query:</p>\n<p>select count(id) from wp_invitations;</p>\n<p>Queries made or created this session were:</p>\n<ol>\n<li>Executing: BEGIN | (no parameters)</li>\n<li>Executing: select count(id) from wp_invitations; | (no parameters)</li>\n<li>Executing: ROLLBACK | (no parameters)</li>\n</ol>\n</div>\n<div style=\"clear:both;margin-bottom:2px;border:red dotted thin;\" class=\"error_message\" style=\"border-bottom:dotted blue thin;\">\nError occurred at line 4117 in Function <code>handle_error</code>. Error message was: SQLSTATE[HY000]: General error: 1 no such table: wp_invitations.\n</div>\n<p>Backtrace:</p>\n<pre>#0 /internal/shared/sqlite-database-integration/wp-includes/sqlite/class-wp-sqlite-db.php(287): WP_SQLite_Translator->get_error_message()\n#1 /wordpress/wp-includes/class-wpdb.php(3031): WP_SQLite_DB->query('select count(id...')\n#2 /wordpress/wp-content/plugins/wordpress-mu-secure-invites/secure_invite.php(1647): wpdb->get_var('select count(id...')\n#3 /wordpress/wp-content/plugins/wordpress-mu-secure-invites/secure_invite.php(47): secure_invite_check_table()\n#4 /wordpress/wp-includes/class-wp-hook.php(324): secure_invite_activate(false)\n#5 /wordpress/wp-includes/class-wp-hook.php(348): WP_Hook->apply_filters('', Array)\n#6 /wordpress/wp-includes/plugin.php(517): WP_Hook->do_action(Array)\n#7 /wordpress/wp-admin/includes/plugin.php(703): do_action('activate_wordpr...', false)\n#8 /internal/eval.php(20): activate_plugin('wordpress-mu-se...')\n#9 {main}</pre>\n for query select count(id) from wp_invitations; made by activate_plugin, do_action('activate_wordpress-mu-secure-invites/secure_invite.php'), WP_Hook->do_action, WP_Hook->apply_filters, secure_invite_activate, secure_invite_check_table, WP_SQLite_DB->query, WP_SQLite_DB->print_error","log":"/logs/plugins/w/wp-rest-api-multisite/error.json"}
,
{"message":"File upgrade-functions.php is <strong>deprecated</strong> since version 2.5.0! Use wp-admin/includes/upgrade.php instead. in /wordpress/wp-includes/functions.php on line 6121","level":"DEPRECATED","type":"PHP","test":"asyncify-boot","plugin":"wp-rest-api-multisite","details":"[21-May-2025 11:55:33 UTC] PHP Deprecated:  File upgrade-functions.php is <strong>deprecated</strong> since version 2.5.0! Use wp-admin/includes/upgrade.php instead. in /wordpress/wp-includes/functions.php on line 6121","log":"/logs/plugins/w/wp-rest-api-multisite/error.json"}
,
{"message":"Required parameter $bugs_page follows optional parameter $currency in /wordpress/wp-content/plugins/wordpress-mu-secure-invites/secure_invite.php on line 2161","level":"DEPRECATED","type":"PHP","test":"asyncify-boot","plugin":"wp-rest-api-multisite","details":"[21-May-2025 11:55:34 UTC] PHP Deprecated:  Required parameter $bugs_page follows optional parameter $currency in /wordpress/wp-content/plugins/wordpress-mu-secure-invites/secure_invite.php on line 2161","log":"/logs/plugins/w/wp-rest-api-multisite/error.json"}
,
{"message":"Required parameter $bugs_page follows optional parameter $currency in /wordpress/wp-content/plugins/wordpress-mu-secure-invites/secure_invite.php on line 2219","level":"DEPRECATED","type":"PHP","test":"asyncify-boot","plugin":"wp-rest-api-multisite","details":"[21-May-2025 11:55:34 UTC] PHP Deprecated:  Required parameter $bugs_page follows optional parameter $currency in /wordpress/wp-content/plugins/wordpress-mu-secure-invites/secure_invite.php on line 2219","log":"/logs/plugins/w/wp-rest-api-multisite/error.json"}
,
{"message":"Required parameter $bugs_page follows optional parameter $currency in /wordpress/wp-content/plugins/wordpress-mu-secure-invites/secure_invite.php on line 2161","level":"DEPRECATED","type":"PHP","test":"asyncify-boot","plugin":"wp-rest-api-multisite","details":"[21-May-2025 11:55:42 UTC] PHP Deprecated:  Required parameter $bugs_page follows optional parameter $currency in /wordpress/wp-content/plugins/wordpress-mu-secure-invites/secure_invite.php on line 2161","log":"/logs/plugins/w/wp-rest-api-multisite/error.json"}
,
{"message":"Required parameter $bugs_page follows optional parameter $currency in /wordpress/wp-content/plugins/wordpress-mu-secure-invites/secure_invite.php on line 2219","level":"DEPRECATED","type":"PHP","test":"asyncify-boot","plugin":"wp-rest-api-multisite","details":"[21-May-2025 11:55:42 UTC] PHP Deprecated:  Required parameter $bugs_page follows optional parameter $currency in /wordpress/wp-content/plugins/wordpress-mu-secure-invites/secure_invite.php on line 2219","log":"/logs/plugins/w/wp-rest-api-multisite/error.json"}
,
{"message":"SQLSTATE[HY000]: General error: 1 no such table: wp_invitations.","level":"FATAL","type":"SQL","test":"asyncify-boot","plugin":"wp-rest-api-multisite","details":"[21-May-2025 11:55:42 UTC] WordPress database error <div style=\"clear:both\">&nbsp;</div>\n<div class=\"queries\" style=\"clear:both;margin-bottom:2px;border:red dotted thin;\">\n<p>MySQL query:</p>\n<p>select count(id) from wp_invitations;</p>\n<p>Queries made or created this session were:</p>\n<ol>\n<li>Executing: BEGIN | (no parameters)</li>\n<li>Executing: select count(id) from wp_invitations; | (no parameters)</li>\n<li>Executing: ROLLBACK | (no parameters)</li>\n</ol>\n</div>\n<div style=\"clear:both;margin-bottom:2px;border:red dotted thin;\" class=\"error_message\" style=\"border-bottom:dotted blue thin;\">\nError occurred at line 4117 in Function <code>handle_error</code>. Error message was: SQLSTATE[HY000]: General error: 1 no such table: wp_invitations.\n</div>\n<p>Backtrace:</p>\n<pre>#0 /internal/shared/sqlite-database-integration/wp-includes/sqlite/class-wp-sqlite-db.php(287): WP_SQLite_Translator->get_error_message()\n#1 /wordpress/wp-includes/class-wpdb.php(3031): WP_SQLite_DB->query('select count(id...')\n#2 /wordpress/wp-content/plugins/wordpress-mu-secure-invites/secure_invite.php(1647): wpdb->get_var('select count(id...')\n#3 /wordpress/wp-content/plugins/wordpress-mu-secure-invites/secure_invite.php(47): secure_invite_check_table()\n#4 /wordpress/wp-includes/class-wp-hook.php(324): secure_invite_activate(false)\n#5 /wordpress/wp-includes/class-wp-hook.php(348): WP_Hook->apply_filters('', Array)\n#6 /wordpress/wp-includes/plugin.php(517): WP_Hook->do_action(Array)\n#7 /wordpress/wp-admin/includes/plugin.php(703): do_action('activate_wordpr...', false)\n#8 /internal/eval.php(20): activate_plugin('wordpress-mu-se...')\n#9 {main}</pre>\n for query select count(id) from wp_invitations; made by activate_plugin, do_action('activate_wordpress-mu-secure-invites/secure_invite.php'), WP_Hook->do_action, WP_Hook->apply_filters, secure_invite_activate, secure_invite_check_table, WP_SQLite_DB->query, WP_SQLite_DB->print_error","log":"/logs/plugins/w/wp-rest-api-multisite/error.json"}
,
{"message":"File upgrade-functions.php is <strong>deprecated</strong> since version 2.5.0! Use wp-admin/includes/upgrade.php instead. in /wordpress/wp-includes/functions.php on line 6121","level":"DEPRECATED","type":"PHP","test":"asyncify-boot","plugin":"wp-rest-api-multisite","details":"[21-May-2025 11:55:42 UTC] PHP Deprecated:  File upgrade-functions.php is <strong>deprecated</strong> since version 2.5.0! Use wp-admin/includes/upgrade.php instead. in /wordpress/wp-includes/functions.php on line 6121","log":"/logs/plugins/w/wp-rest-api-multisite/error.json"}
,
{"message":"Required parameter $bugs_page follows optional parameter $currency in /wordpress/wp-content/plugins/wordpress-mu-secure-invites/secure_invite.php on line 2161","level":"DEPRECATED","type":"PHP","test":"asyncify-boot","plugin":"wp-rest-api-multisite","details":"[21-May-2025 11:55:43 UTC] PHP Deprecated:  Required parameter $bugs_page follows optional parameter $currency in /wordpress/wp-content/plugins/wordpress-mu-secure-invites/secure_invite.php on line 2161","log":"/logs/plugins/w/wp-rest-api-multisite/error.json"}
,
{"message":"Required parameter $bugs_page follows optional parameter $currency in /wordpress/wp-content/plugins/wordpress-mu-secure-invites/secure_invite.php on line 2219","level":"DEPRECATED","type":"PHP","test":"asyncify-boot","plugin":"wp-rest-api-multisite","details":"[21-May-2025 11:55:43 UTC] PHP Deprecated:  Required parameter $bugs_page follows optional parameter $currency in /wordpress/wp-content/plugins/wordpress-mu-secure-invites/secure_invite.php on line 2219","log":"/logs/plugins/w/wp-rest-api-multisite/error.json"}
,
{"message":"Undefined variable $towrite in /wordpress/wp-content/plugins/wp-avoid-slow/wp-avoid-slow.php on line 29","level":"WARNING","type":"PHP","test":"asyncify-boot","plugin":"wp-rest-api-multisite","details":"[21-May-2025 11:56:48 UTC] PHP Warning:  Undefined variable $towrite in /wordpress/wp-content/plugins/wp-avoid-slow/wp-avoid-slow.php on line 29","log":"/logs/plugins/w/wp-rest-api-multisite/error.json"}
,
{"message":"Undefined variable $towrite in /wordpress/wp-content/plugins/wp-avoid-slow/wp-avoid-slow.php on line 29","level":"WARNING","type":"PHP","test":"asyncify-boot","plugin":"wp-rest-api-multisite","details":"[21-May-2025 11:56:58 UTC] PHP Warning:  Undefined variable $towrite in /wordpress/wp-content/plugins/wp-avoid-slow/wp-avoid-slow.php on line 29\n\n    at Object.onBind (file:///home/runner/work/playground-tester/playground-tester/node_modules/@wp-playground/cli/index.js:237:15)\n    at process.processTicksAndRejections (node:internal/process/task_queues:105:5)\n    at async V (file:///home/runner/work/playground-tester/playground-tester/node_modules/@wp-playground/cli/index.js:64:10)\n    at async ja (file:///home/runner/work/playground-tester/playground-tester/node_modules/@wp-playground/cli/cli.js:8161:12) {\n  [cause]: Error: Error when executing the blueprint step #1 ({\"step\":\"installPlugin\",\"pluginData\":{\"resource\":\"wordpress.org/plugins\",\"slug\":\"wp-rest-api-multisite\"},\"options\":{\"activate\":true}}) : Plugin /wordpress/wp-content/plugins/wp-rest-api-multisite could not be activated – WordPress exited with no error. Sometimes, when $_SERVER or site options are not configured correctly, WordPress exits early with a 301 redirect. Inspect the \"debug\" logs in the console for more details.\n      at Object.run (file:///home/runner/work/playground-tester/playground-tester/node_modules/@wp-playground/blueprints/index.js:12449:19)\n      at process.processTicksAndRejections (node:internal/process/task_queues:105:5)\n      at async ms (file:///home/runner/work/playground-tester/playground-tester/node_modules/@wp-playground/blueprints/index.js:12552:3)\n      ... 2 lines matching cause stack trace ...\n      at async ja (file:///home/runner/work/playground-tester/playground-tester/node_modules/@wp-playground/cli/cli.js:8161:12) {\n    [cause]: Error: Plugin /wordpress/wp-content/plugins/wp-rest-api-multisite could not be activated – WordPress exited with no error. Sometimes, when $_SERVER or site options are not configured correctly, WordPress exits early with a 301 redirect. Inspect the \"debug\" logs in the console for more details.\n        at wr (file:///home/runner/work/playground-tester/playground-tester/node_modules/@wp-playground/blueprints/index.js:119:51)\n        at process.processTicksAndRejections (node:internal/process/task_queues:105:5)\n        at async Object.gt [as installPlugin] (file:///home/runner/work/playground-tester/playground-tester/node_modules/@wp-playground/blueprints/index.js:974:42)\n        at async g (file:///home/runner/work/playground-tester/playground-tester/node_modules/@wp-playground/blueprints/index.js:12517:30)\n        at async Object.run (file:///home/runner/work/playground-tester/playground-tester/node_modules/@wp-playground/blueprints/index.js:12446:23)\n        at async ms (file:///home/runner/work/playground-tester/playground-tester/node_modules/@wp-playground/blueprints/index.js:12552:3)\n        at async Object.onBind (file:///home/runner/work/playground-tester/playground-tester/node_modules/@wp-playground/cli/index.js:227:48)\n        at async V (file:///home/runner/work/playground-tester/playground-tester/node_modules/@wp-playground/cli/index.js:64:10)\n        at async ja (file:///home/runner/work/playground-tester/playground-tester/node_modules/@wp-playground/cli/cli.js:8161:12)\n  }\n}\n\n","log":"/logs/plugins/w/wp-rest-api-multisite/error.json"}
]
