[
  {
    "message": "file:///home/runner/work/playground-tester/playground-tester/node_modules/@wp-playground/cli/index.js:237\n        throw new Error(y, { cause: u });\n              ^\n",
    "level": "FATAL",
    "type": "PLAYGROUND",
    "test": "ast-sqlite-boot",
    "plugin": "simple-flash-video",
    "details": "file:///home/runner/work/playground-tester/playground-tester/node_modules/@wp-playground/cli/index.js:237\n        throw new Error(y, { cause: u });\n              ^\n",
    "log": "/tmp/tmp.t6qXFnvYxJ"
  },
  {
    "message": "Uncaught Error: Call to undefined function create_function() in /wordpress/wp-content/plugins/sency-real-time-search-feed/pj-sency.php:254",
    "level": "FATAL",
    "type": "PHP",
    "test": "ast-sqlite-boot",
    "plugin": "simple-flash-video",
    "details": "[06-May-2025 15:35:29 UTC] PHP Fatal error:  Uncaught Error: Call to undefined function create_function() in /wordpress/wp-content/plugins/sency-real-time-search-feed/pj-sency.php:254\nStack trace:\n#0 /wordpress/wp-admin/includes/plugin.php(2387): include_once()\n#1 /wordpress/wp-admin/includes/plugin.php(673): plugin_sandbox_scrape('sency-real-time...')\n#2 /internal/eval.php(20): activate_plugin('sency-real-time...')\n#3 {main}\n  thrown in /wordpress/wp-content/plugins/sency-real-time-search-feed/pj-sency.php on line 254",
    "log": "/logs/plugins/s/simple-flash-video/error.json"
  },
  {
    "message": "Uncaught Error: Call to undefined function create_function() in /wordpress/wp-content/plugins/sency-real-time-search-feed/pj-sency.php:254",
    "level": "FATAL",
    "type": "PHP",
    "test": "ast-sqlite-boot",
    "plugin": "simple-flash-video",
    "details": "[06-May-2025 15:35:37 UTC] PHP Fatal error:  Uncaught Error: Call to undefined function create_function() in /wordpress/wp-content/plugins/sency-real-time-search-feed/pj-sency.php:254\nStack trace:\n#0 /wordpress/wp-admin/includes/plugin.php(2387): include_once()\n#1 /wordpress/wp-admin/includes/plugin.php(673): plugin_sandbox_scrape('sency-real-time...')\n#2 /internal/eval.php(20): activate_plugin('sency-real-time...')\n#3 {main}\n  thrown in /wordpress/wp-content/plugins/sency-real-time-search-feed/pj-sency.php on line 254",
    "log": "/logs/plugins/s/simple-flash-video/error.json"
  },
  {
    "message": "Uncaught Error: Call to undefined function create_function() in /wordpress/wp-content/plugins/sency-real-time-search-feed/pj-sency.php:254",
    "level": "FATAL",
    "type": "PHP",
    "test": "ast-sqlite-boot",
    "plugin": "simple-flash-video",
    "details": "[06-May-2025 15:35:45 UTC] PHP Fatal error:  Uncaught Error: Call to undefined function create_function() in /wordpress/wp-content/plugins/sency-real-time-search-feed/pj-sency.php:254\nStack trace:\n#0 /wordpress/wp-admin/includes/plugin.php(2387): include_once()\n#1 /wordpress/wp-admin/includes/plugin.php(673): plugin_sandbox_scrape('sency-real-time...')\n#2 /internal/eval.php(20): activate_plugin('sency-real-time...')\n#3 {main}\n  thrown in /wordpress/wp-content/plugins/sency-real-time-search-feed/pj-sency.php on line 254",
    "log": "/logs/plugins/s/simple-flash-video/error.json"
  },
  {
    "message": "Function _load_textdomain_just_in_time was called <strong>incorrectly</strong>. Translation loading for the <code>rulemailer</code> domain was triggered too early. This is usually an indicator for some code in the plugin or theme running too early. Translations should be loaded at the <code>init</code> action or later. Please see <a href=\"https://developer.wordpress.org/advanced-administration/debug/debug-wordpress/\">Debugging in WordPress</a> for more information. (This message was added in version 6.7.0.) in /wordpress/wp-includes/functions.php on line 6121",
    "level": "NOTICE",
    "type": "PHP",
    "test": "ast-sqlite-boot",
    "plugin": "simple-flash-video",
    "details": "[06-May-2025 15:35:54 UTC] PHP Notice:  Function _load_textdomain_just_in_time was called <strong>incorrectly</strong>. Translation loading for the <code>rulemailer</code> domain was triggered too early. This is usually an indicator for some code in the plugin or theme running too early. Translations should be loaded at the <code>init</code> action or later. Please see <a href=\"https://developer.wordpress.org/advanced-administration/debug/debug-wordpress/\">Debugging in WordPress</a> for more information. (This message was added in version 6.7.0.) in /wordpress/wp-includes/functions.php on line 6121",
    "log": "/logs/plugins/s/simple-flash-video/error.json"
  },
  {
    "message": "Uncaught TypeError: call_user_func_array(): Argument #1 ($callback) must be a valid callback, non-static method RuleMailerSubscribeWidget::init() cannot be called statically in /wordpress/wp-includes/class-wp-hook.php:324",
    "level": "FATAL",
    "type": "PHP",
    "test": "ast-sqlite-boot",
    "plugin": "simple-flash-video",
    "details": "[06-May-2025 15:35:54 UTC] PHP Fatal error:  Uncaught TypeError: call_user_func_array(): Argument #1 ($callback) must be a valid callback, non-static method RuleMailerSubscribeWidget::init() cannot be called statically in /wordpress/wp-includes/class-wp-hook.php:324\nStack trace:\n#0 /wordpress/wp-includes/class-wp-hook.php(348): WP_Hook->apply_filters(NULL, Array)\n#1 /wordpress/wp-includes/plugin.php(517): WP_Hook->do_action(Array)\n#2 /wordpress/wp-settings.php(727): do_action('init')\n#3 /wordpress/wp-config.php(102): require_once('/wordpress/wp-s...')\n#4 /wordpress/wp-load.php(50): require_once('/wordpress/wp-c...')\n#5 /internal/eval.php(3): require_once('/wordpress/wp-l...')\n#6 {main}\n  thrown in /wordpress/wp-includes/class-wp-hook.php on line 324",
    "log": "/logs/plugins/s/simple-flash-video/error.json"
  },
  {
    "message": "Function _load_textdomain_just_in_time was called <strong>incorrectly</strong>. Translation loading for the <code>rulemailer</code> domain was triggered too early. This is usually an indicator for some code in the plugin or theme running too early. Translations should be loaded at the <code>init</code> action or later. Please see <a href=\"https://developer.wordpress.org/advanced-administration/debug/debug-wordpress/\">Debugging in WordPress</a> for more information. (This message was added in version 6.7.0.) in /wordpress/wp-includes/functions.php on line 6121",
    "level": "NOTICE",
    "type": "PHP",
    "test": "ast-sqlite-boot",
    "plugin": "simple-flash-video",
    "details": "[06-May-2025 15:36:03 UTC] PHP Notice:  Function _load_textdomain_just_in_time was called <strong>incorrectly</strong>. Translation loading for the <code>rulemailer</code> domain was triggered too early. This is usually an indicator for some code in the plugin or theme running too early. Translations should be loaded at the <code>init</code> action or later. Please see <a href=\"https://developer.wordpress.org/advanced-administration/debug/debug-wordpress/\">Debugging in WordPress</a> for more information. (This message was added in version 6.7.0.) in /wordpress/wp-includes/functions.php on line 6121",
    "log": "/logs/plugins/s/simple-flash-video/error.json"
  },
  {
    "message": "Uncaught TypeError: call_user_func_array(): Argument #1 ($callback) must be a valid callback, non-static method RuleMailerSubscribeWidget::init() cannot be called statically in /wordpress/wp-includes/class-wp-hook.php:324",
    "level": "FATAL",
    "type": "PHP",
    "test": "ast-sqlite-boot",
    "plugin": "simple-flash-video",
    "details": "[06-May-2025 15:36:03 UTC] PHP Fatal error:  Uncaught TypeError: call_user_func_array(): Argument #1 ($callback) must be a valid callback, non-static method RuleMailerSubscribeWidget::init() cannot be called statically in /wordpress/wp-includes/class-wp-hook.php:324\nStack trace:\n#0 /wordpress/wp-includes/class-wp-hook.php(348): WP_Hook->apply_filters(NULL, Array)\n#1 /wordpress/wp-includes/plugin.php(517): WP_Hook->do_action(Array)\n#2 /wordpress/wp-settings.php(727): do_action('init')\n#3 /wordpress/wp-config.php(102): require_once('/wordpress/wp-s...')\n#4 /wordpress/wp-load.php(50): require_once('/wordpress/wp-c...')\n#5 /internal/eval.php(3): require_once('/wordpress/wp-l...')\n#6 {main}\n  thrown in /wordpress/wp-includes/class-wp-hook.php on line 324",
    "log": "/logs/plugins/s/simple-flash-video/error.json"
  },
  {
    "message": "Function _load_textdomain_just_in_time was called <strong>incorrectly</strong>. Translation loading for the <code>rulemailer</code> domain was triggered too early. This is usually an indicator for some code in the plugin or theme running too early. Translations should be loaded at the <code>init</code> action or later. Please see <a href=\"https://developer.wordpress.org/advanced-administration/debug/debug-wordpress/\">Debugging in WordPress</a> for more information. (This message was added in version 6.7.0.) in /wordpress/wp-includes/functions.php on line 6121",
    "level": "NOTICE",
    "type": "PHP",
    "test": "ast-sqlite-boot",
    "plugin": "simple-flash-video",
    "details": "[06-May-2025 15:36:12 UTC] PHP Notice:  Function _load_textdomain_just_in_time was called <strong>incorrectly</strong>. Translation loading for the <code>rulemailer</code> domain was triggered too early. This is usually an indicator for some code in the plugin or theme running too early. Translations should be loaded at the <code>init</code> action or later. Please see <a href=\"https://developer.wordpress.org/advanced-administration/debug/debug-wordpress/\">Debugging in WordPress</a> for more information. (This message was added in version 6.7.0.) in /wordpress/wp-includes/functions.php on line 6121",
    "log": "/logs/plugins/s/simple-flash-video/error.json"
  },
  {
    "message": "Uncaught TypeError: call_user_func_array(): Argument #1 ($callback) must be a valid callback, non-static method RuleMailerSubscribeWidget::init() cannot be called statically in /wordpress/wp-includes/class-wp-hook.php:324",
    "level": "FATAL",
    "type": "PHP",
    "test": "ast-sqlite-boot",
    "plugin": "simple-flash-video",
    "details": "[06-May-2025 15:36:12 UTC] PHP Fatal error:  Uncaught TypeError: call_user_func_array(): Argument #1 ($callback) must be a valid callback, non-static method RuleMailerSubscribeWidget::init() cannot be called statically in /wordpress/wp-includes/class-wp-hook.php:324\nStack trace:\n#0 /wordpress/wp-includes/class-wp-hook.php(348): WP_Hook->apply_filters(NULL, Array)\n#1 /wordpress/wp-includes/plugin.php(517): WP_Hook->do_action(Array)\n#2 /wordpress/wp-settings.php(727): do_action('init')\n#3 /wordpress/wp-config.php(102): require_once('/wordpress/wp-s...')\n#4 /wordpress/wp-load.php(50): require_once('/wordpress/wp-c...')\n#5 /internal/eval.php(3): require_once('/wordpress/wp-l...')\n#6 {main}\n  thrown in /wordpress/wp-includes/class-wp-hook.php on line 324",
    "log": "/logs/plugins/s/simple-flash-video/error.json"
  },
  {
    "message": "Function get_currentuserinfo is <strong>deprecated</strong> since version 4.5.0! Use wp_get_current_user() instead. in /wordpress/wp-includes/functions.php on line 6121",
    "level": "DEPRECATED",
    "type": "PHP",
    "test": "ast-sqlite-boot",
    "plugin": "simple-flash-video",
    "details": "[06-May-2025 15:39:27 UTC] PHP Deprecated:  Function get_currentuserinfo is <strong>deprecated</strong> since version 4.5.0! Use wp_get_current_user() instead. in /wordpress/wp-includes/functions.php on line 6121",
    "log": "/logs/plugins/s/simple-flash-video/error.json"
  },
  {
    "message": "Uncaught Error: Call to undefined function get_currentuserinfo() in /wordpress/wp-content/plugins/showhide-admin-bar-in-wp31/index.php:12",
    "level": "FATAL",
    "type": "PHP",
    "test": "ast-sqlite-boot",
    "plugin": "simple-flash-video",
    "details": "[06-May-2025 15:39:28 UTC] PHP Fatal error:  Uncaught Error: Call to undefined function get_currentuserinfo() in /wordpress/wp-content/plugins/showhide-admin-bar-in-wp31/index.php:12\nStack trace:\n#0 /wordpress/wp-settings.php(545): include_once()\n#1 /wordpress/wp-config.php(102): require_once('/wordpress/wp-s...')\n#2 /wordpress/wp-load.php(50): require_once('/wordpress/wp-c...')\n#3 /internal/eval.php(3): require_once('/wordpress/wp-l...')\n#4 {main}\n  thrown in /wordpress/wp-content/plugins/showhide-admin-bar-in-wp31/index.php on line 12",
    "log": "/logs/plugins/s/simple-flash-video/error.json"
  },
  {
    "message": "Function get_currentuserinfo is <strong>deprecated</strong> since version 4.5.0! Use wp_get_current_user() instead. in /wordpress/wp-includes/functions.php on line 6121",
    "level": "DEPRECATED",
    "type": "PHP",
    "test": "ast-sqlite-boot",
    "plugin": "simple-flash-video",
    "details": "[06-May-2025 15:39:36 UTC] PHP Deprecated:  Function get_currentuserinfo is <strong>deprecated</strong> since version 4.5.0! Use wp_get_current_user() instead. in /wordpress/wp-includes/functions.php on line 6121",
    "log": "/logs/plugins/s/simple-flash-video/error.json"
  },
  {
    "message": "Uncaught Error: Call to undefined function get_currentuserinfo() in /wordpress/wp-content/plugins/showhide-admin-bar-in-wp31/index.php:12",
    "level": "FATAL",
    "type": "PHP",
    "test": "ast-sqlite-boot",
    "plugin": "simple-flash-video",
    "details": "[06-May-2025 15:39:37 UTC] PHP Fatal error:  Uncaught Error: Call to undefined function get_currentuserinfo() in /wordpress/wp-content/plugins/showhide-admin-bar-in-wp31/index.php:12\nStack trace:\n#0 /wordpress/wp-settings.php(545): include_once()\n#1 /wordpress/wp-config.php(102): require_once('/wordpress/wp-s...')\n#2 /wordpress/wp-load.php(50): require_once('/wordpress/wp-c...')\n#3 /internal/eval.php(3): require_once('/wordpress/wp-l...')\n#4 {main}\n  thrown in /wordpress/wp-content/plugins/showhide-admin-bar-in-wp31/index.php on line 12",
    "log": "/logs/plugins/s/simple-flash-video/error.json"
  },
  {
    "message": "Function get_currentuserinfo is <strong>deprecated</strong> since version 4.5.0! Use wp_get_current_user() instead. in /wordpress/wp-includes/functions.php on line 6121",
    "level": "DEPRECATED",
    "type": "PHP",
    "test": "ast-sqlite-boot",
    "plugin": "simple-flash-video",
    "details": "[06-May-2025 15:39:45 UTC] PHP Deprecated:  Function get_currentuserinfo is <strong>deprecated</strong> since version 4.5.0! Use wp_get_current_user() instead. in /wordpress/wp-includes/functions.php on line 6121",
    "log": "/logs/plugins/s/simple-flash-video/error.json"
  },
  {
    "message": "Uncaught Error: Call to undefined function get_currentuserinfo() in /wordpress/wp-content/plugins/showhide-admin-bar-in-wp31/index.php:12",
    "level": "FATAL",
    "type": "PHP",
    "test": "ast-sqlite-boot",
    "plugin": "simple-flash-video",
    "details": "[06-May-2025 15:39:46 UTC] PHP Fatal error:  Uncaught Error: Call to undefined function get_currentuserinfo() in /wordpress/wp-content/plugins/showhide-admin-bar-in-wp31/index.php:12\nStack trace:\n#0 /wordpress/wp-settings.php(545): include_once()\n#1 /wordpress/wp-config.php(102): require_once('/wordpress/wp-s...')\n#2 /wordpress/wp-load.php(50): require_once('/wordpress/wp-c...')\n#3 /internal/eval.php(3): require_once('/wordpress/wp-l...')\n#4 {main}\n  thrown in /wordpress/wp-content/plugins/showhide-admin-bar-in-wp31/index.php on line 12",
    "log": "/logs/plugins/s/simple-flash-video/error.json"
  },
  {
    "message": "require_once(/wordpress/wp-content/plugins/read-more-about/admin/class-read-more-about-admin.php): Failed to open stream: No such file or directory in /wordpress/wp-content/plugins/read-more-about/includes/class-read-more-about.php on line 88",
    "level": "WARNING",
    "type": "PHP",
    "test": "ast-sqlite-boot",
    "plugin": "simple-flash-video",
    "details": "[06-May-2025 15:42:28 UTC] PHP Warning:  require_once(/wordpress/wp-content/plugins/read-more-about/admin/class-read-more-about-admin.php): Failed to open stream: No such file or directory in /wordpress/wp-content/plugins/read-more-about/includes/class-read-more-about.php on line 88",
    "log": "/logs/plugins/s/simple-flash-video/error.json"
  },
  {
    "message": "Uncaught Error: Failed opening required '/wordpress/wp-content/plugins/read-more-about/admin/class-read-more-about-admin.php' (include_path='.:') in /wordpress/wp-content/plugins/read-more-about/includes/class-read-more-about.php:88",
    "level": "FATAL",
    "type": "PHP",
    "test": "ast-sqlite-boot",
    "plugin": "simple-flash-video",
    "details": "[06-May-2025 15:42:28 UTC] PHP Fatal error:  Uncaught Error: Failed opening required '/wordpress/wp-content/plugins/read-more-about/admin/class-read-more-about-admin.php' (include_path='.:') in /wordpress/wp-content/plugins/read-more-about/includes/class-read-more-about.php:88\nStack trace:\n#0 /wordpress/wp-content/plugins/read-more-about/includes/class-read-more-about.php(70): Read_More_About\\Read_More_About->load_dependencies()\n#1 /wordpress/wp-content/plugins/read-more-about/read-more-about.php(71): Read_More_About\\Read_More_About->__construct()\n#2 /wordpress/wp-content/plugins/read-more-about/read-more-about.php(77): Read_More_About\\run_read_more_about()\n#3 /wordpress/wp-admin/includes/plugin.php(2387): include_once('/wordpress/wp-c...')\n#4 /wordpress/wp-admin/includes/plugin.php(673): plugin_sandbox_scrape('read-more-about...')\n#5 /internal/eval.php(20): activate_plugin('read-more-about...')\n#6 {main}\n  thrown in /wordpress/wp-content/plugins/read-more-about/includes/class-read-more-about.php on line 88",
    "log": "/logs/plugins/s/simple-flash-video/error.json"
  },
  {
    "message": "require_once(/wordpress/wp-content/plugins/read-more-about/admin/class-read-more-about-admin.php): Failed to open stream: No such file or directory in /wordpress/wp-content/plugins/read-more-about/includes/class-read-more-about.php on line 88",
    "level": "WARNING",
    "type": "PHP",
    "test": "ast-sqlite-boot",
    "plugin": "simple-flash-video",
    "details": "[06-May-2025 15:42:36 UTC] PHP Warning:  require_once(/wordpress/wp-content/plugins/read-more-about/admin/class-read-more-about-admin.php): Failed to open stream: No such file or directory in /wordpress/wp-content/plugins/read-more-about/includes/class-read-more-about.php on line 88",
    "log": "/logs/plugins/s/simple-flash-video/error.json"
  },
  {
    "message": "Uncaught Error: Failed opening required '/wordpress/wp-content/plugins/read-more-about/admin/class-read-more-about-admin.php' (include_path='.:') in /wordpress/wp-content/plugins/read-more-about/includes/class-read-more-about.php:88",
    "level": "FATAL",
    "type": "PHP",
    "test": "ast-sqlite-boot",
    "plugin": "simple-flash-video",
    "details": "[06-May-2025 15:42:36 UTC] PHP Fatal error:  Uncaught Error: Failed opening required '/wordpress/wp-content/plugins/read-more-about/admin/class-read-more-about-admin.php' (include_path='.:') in /wordpress/wp-content/plugins/read-more-about/includes/class-read-more-about.php:88\nStack trace:\n#0 /wordpress/wp-content/plugins/read-more-about/includes/class-read-more-about.php(70): Read_More_About\\Read_More_About->load_dependencies()\n#1 /wordpress/wp-content/plugins/read-more-about/read-more-about.php(71): Read_More_About\\Read_More_About->__construct()\n#2 /wordpress/wp-content/plugins/read-more-about/read-more-about.php(77): Read_More_About\\run_read_more_about()\n#3 /wordpress/wp-admin/includes/plugin.php(2387): include_once('/wordpress/wp-c...')\n#4 /wordpress/wp-admin/includes/plugin.php(673): plugin_sandbox_scrape('read-more-about...')\n#5 /internal/eval.php(20): activate_plugin('read-more-about...')\n#6 {main}\n  thrown in /wordpress/wp-content/plugins/read-more-about/includes/class-read-more-about.php on line 88",
    "log": "/logs/plugins/s/simple-flash-video/error.json"
  },
  {
    "message": "require_once(/wordpress/wp-content/plugins/read-more-about/admin/class-read-more-about-admin.php): Failed to open stream: No such file or directory in /wordpress/wp-content/plugins/read-more-about/includes/class-read-more-about.php on line 88",
    "level": "WARNING",
    "type": "PHP",
    "test": "ast-sqlite-boot",
    "plugin": "simple-flash-video",
    "details": "[06-May-2025 15:42:44 UTC] PHP Warning:  require_once(/wordpress/wp-content/plugins/read-more-about/admin/class-read-more-about-admin.php): Failed to open stream: No such file or directory in /wordpress/wp-content/plugins/read-more-about/includes/class-read-more-about.php on line 88",
    "log": "/logs/plugins/s/simple-flash-video/error.json"
  },
  {
    "message": "Uncaught Error: Failed opening required '/wordpress/wp-content/plugins/read-more-about/admin/class-read-more-about-admin.php' (include_path='.:') in /wordpress/wp-content/plugins/read-more-about/includes/class-read-more-about.php:88",
    "level": "FATAL",
    "type": "PHP",
    "test": "ast-sqlite-boot",
    "plugin": "simple-flash-video",
    "details": "[06-May-2025 15:42:44 UTC] PHP Fatal error:  Uncaught Error: Failed opening required '/wordpress/wp-content/plugins/read-more-about/admin/class-read-more-about-admin.php' (include_path='.:') in /wordpress/wp-content/plugins/read-more-about/includes/class-read-more-about.php:88\nStack trace:\n#0 /wordpress/wp-content/plugins/read-more-about/includes/class-read-more-about.php(70): Read_More_About\\Read_More_About->load_dependencies()\n#1 /wordpress/wp-content/plugins/read-more-about/read-more-about.php(71): Read_More_About\\Read_More_About->__construct()\n#2 /wordpress/wp-content/plugins/read-more-about/read-more-about.php(77): Read_More_About\\run_read_more_about()\n#3 /wordpress/wp-admin/includes/plugin.php(2387): include_once('/wordpress/wp-c...')\n#4 /wordpress/wp-admin/includes/plugin.php(673): plugin_sandbox_scrape('read-more-about...')\n#5 /internal/eval.php(20): activate_plugin('read-more-about...')\n#6 {main}\n  thrown in /wordpress/wp-content/plugins/read-more-about/includes/class-read-more-about.php on line 88",
    "log": "/logs/plugins/s/simple-flash-video/error.json"
  },
  {
    "message": "Required parameter $old_quantity follows optional parameter $quantity in /wordpress/wp-content/plugins/simile-for-woocommerce/includes/simile-smart-bundles-products-view.php on line 430",
    "level": "DEPRECATED",
    "type": "PHP",
    "test": "ast-sqlite-boot",
    "plugin": "simple-flash-video",
    "details": "[06-May-2025 15:44:21 UTC] PHP Deprecated:  Required parameter $old_quantity follows optional parameter $quantity in /wordpress/wp-content/plugins/simile-for-woocommerce/includes/simile-smart-bundles-products-view.php on line 430",
    "log": "/logs/plugins/s/simple-flash-video/error.json"
  },
  {
    "message": "Required parameter $cart follows optional parameter $quantity in /wordpress/wp-content/plugins/simile-for-woocommerce/includes/simile-smart-bundles-products-view.php on line 430",
    "level": "DEPRECATED",
    "type": "PHP",
    "test": "ast-sqlite-boot",
    "plugin": "simple-flash-video",
    "details": "[06-May-2025 15:44:21 UTC] PHP Deprecated:  Required parameter $cart follows optional parameter $quantity in /wordpress/wp-content/plugins/simile-for-woocommerce/includes/simile-smart-bundles-products-view.php on line 430",
    "log": "/logs/plugins/s/simple-flash-video/error.json"
  },
  {
    "message": "Uncaught Exception: \"cURL error 35: OpenSSL SSL_connect: SSL_ERROR_SYSCALL in connection to api.scopemedia.com:443 \" in /wordpress/wp-content/plugins/simile-for-woocommerce/includes/simile-model.php:429",
    "level": "FATAL",
    "type": "PHP",
    "test": "ast-sqlite-boot",
    "plugin": "simple-flash-video",
    "details": "[06-May-2025 15:44:22 UTC] PHP Fatal error:  Uncaught Exception: \"cURL error 35: OpenSSL SSL_connect: SSL_ERROR_SYSCALL in connection to api.scopemedia.com:443 \" in /wordpress/wp-content/plugins/simile-for-woocommerce/includes/simile-model.php:429\nStack trace:\n#0 /wordpress/wp-content/plugins/simile-for-woocommerce/includes/simile-model.php(50): Simile_Model::check_response_error(Object(WP_Error))\n#1 /wordpress/wp-content/plugins/simile-for-woocommerce/includes/simile-on-activation.php(42): Simile_Model::signup()\n#2 /wordpress/wp-content/plugins/simile-for-woocommerce/simile-for-woocommerce.php(78): Simile_On_Activation::on_activation()\n#3 /wordpress/wp-includes/class-wp-hook.php(324): Simile->on_activation(false)\n#4 /wordpress/wp-includes/class-wp-hook.php(348): WP_Hook->apply_filters('', Array)\n#5 /wordpress/wp-includes/plugin.php(517): WP_Hook->do_action(Array)\n#6 /wordpress/wp-admin/includes/plugin.php(703): do_action('activate_simile...', false)\n#7 /internal/eval.php(20): activate_plugin('simile-for-wooc...')\n#8 {main}\n  thrown in /wordpress/wp-content/plugins/simile-for-woocommerce/includes/simile-model.php on line 429",
    "log": "/logs/plugins/s/simple-flash-video/error.json"
  },
  {
    "message": "Required parameter $old_quantity follows optional parameter $quantity in /wordpress/wp-content/plugins/simile-for-woocommerce/includes/simile-smart-bundles-products-view.php on line 430",
    "level": "DEPRECATED",
    "type": "PHP",
    "test": "ast-sqlite-boot",
    "plugin": "simple-flash-video",
    "details": "[06-May-2025 15:44:29 UTC] PHP Deprecated:  Required parameter $old_quantity follows optional parameter $quantity in /wordpress/wp-content/plugins/simile-for-woocommerce/includes/simile-smart-bundles-products-view.php on line 430",
    "log": "/logs/plugins/s/simple-flash-video/error.json"
  },
  {
    "message": "Required parameter $cart follows optional parameter $quantity in /wordpress/wp-content/plugins/simile-for-woocommerce/includes/simile-smart-bundles-products-view.php on line 430",
    "level": "DEPRECATED",
    "type": "PHP",
    "test": "ast-sqlite-boot",
    "plugin": "simple-flash-video",
    "details": "[06-May-2025 15:44:29 UTC] PHP Deprecated:  Required parameter $cart follows optional parameter $quantity in /wordpress/wp-content/plugins/simile-for-woocommerce/includes/simile-smart-bundles-products-view.php on line 430",
    "log": "/logs/plugins/s/simple-flash-video/error.json"
  },
  {
    "message": "Unknown drop type: table.",
    "level": "FATAL",
    "type": "SQL",
    "test": "ast-sqlite-boot",
    "plugin": "simple-flash-video",
    "details": "[06-May-2025 15:44:29 UTC] WordPress database error <div style=\"clear:both\">&nbsp;</div>\n<div class=\"queries\" style=\"clear:both;margin-bottom:2px;border:red dotted thin;\">\n<p>MySQL query:</p>\n<p>drop table IF EXISTS wp_postmeta_simile_backup;</p>\n<p>Queries made or created this session were:</p>\n<ol>\n<li>Executing: BEGIN | (no parameters)</li>\n<li>Executing: ROLLBACK | (no parameters)</li>\n</ol>\n</div>\n<div style=\"clear:both;margin-bottom:2px;border:red dotted thin;\" class=\"error_message\" style=\"border-bottom:dotted blue thin;\">\nError occurred at line 4117 in Function <code>handle_error</code>. Error message was: Unknown drop type: table.\n</div>\n<p>Backtrace:</p>\n<pre>#0 /internal/shared/sqlite-database-integration/wp-includes/sqlite/class-wp-sqlite-db.php(287): WP_SQLite_Translator->get_error_message()\n#1 /wordpress/wp-content/plugins/simile-for-woocommerce/includes/simile-model.php(105): WP_SQLite_DB->query('drop table IF E...')\n#2 /wordpress/wp-content/plugins/simile-for-woocommerce/includes/simile-on-activation.php(38): Simile_Model::initial_db()\n#3 /wordpress/wp-content/plugins/simile-for-woocommerce/simile-for-woocommerce.php(78): Simile_On_Activation::on_activation()\n#4 /wordpress/wp-includes/class-wp-hook.php(324): Simile->on_activation(false)\n#5 /wordpress/wp-includes/class-wp-hook.php(348): WP_Hook->apply_filters('', Array)\n#6 /wordpress/wp-includes/plugin.php(517): WP_Hook->do_action(Array)\n#7 /wordpress/wp-admin/includes/plugin.php(703): do_action('activate_simile...', false)\n#8 /internal/eval.php(20): activate_plugin('simile-for-wooc...')\n#9 {main}</pre>\n for query drop table IF EXISTS wp_postmeta_simile_backup; made by activate_plugin, do_action('activate_simile-for-woocommerce/simile-for-woocommerce.php'), WP_Hook->do_action, WP_Hook->apply_filters, Simile->on_activation, Simile_On_Activation::on_activation, Simile_Model::initial_db, WP_SQLite_DB->query, WP_SQLite_DB->print_error",
    "log": "/logs/plugins/s/simple-flash-video/error.json"
  },
  {
    "message": "Uncaught Error: Call to a member function matches() on null in /internal/shared/sqlite-database-integration/wp-includes/sqlite/class-wp-sqlite-translator.php:1021",
    "level": "FATAL",
    "type": "PHP",
    "test": "ast-sqlite-boot",
    "plugin": "simple-flash-video",
    "details": "[06-May-2025 15:44:29 UTC] PHP Fatal error:  Uncaught Error: Call to a member function matches() on null in /internal/shared/sqlite-database-integration/wp-includes/sqlite/class-wp-sqlite-translator.php:1021\nStack trace:\n#0 /internal/shared/sqlite-database-integration/wp-includes/sqlite/class-wp-sqlite-translator.php(880): WP_SQLite_Translator->parse_create_table()\n#1 /internal/shared/sqlite-database-integration/wp-includes/sqlite/class-wp-sqlite-translator.php(3377): WP_SQLite_Translator->execute_create_table()\n#2 /internal/shared/sqlite-database-integration/wp-includes/sqlite/class-wp-sqlite-translator.php(801): WP_SQLite_Translator->execute_create()\n#3 /internal/shared/sqlite-database-integration/wp-includes/sqlite/class-wp-sqlite-translator.php(622): WP_SQLite_Translator->execute_mysql_query('CREATE TABLE wp...')\n#4 /internal/shared/sqlite-database-integration/wp-includes/sqlite/class-wp-sqlite-db.php(280): WP_SQLite_Translator->query('CREATE TABLE wp...')\n#5 /wordpress/wp-content/plugins/simile-for-woocommerce/includes/simile-model.php(106): WP_SQLite_DB->query('CREATE TABLE wp...')\n#6 /wordpress/wp-content/plugins/simile-for-woocommerce/includes/simile-on-activation.php(38): Simile_Model::initial_db()\n#7 /wordpress/wp-content/plugins/simile-for-woocommerce/simile-for-woocommerce.php(78): Simile_On_Activation::on_activation()\n#8 /wordpress/wp-includes/class-wp-hook.php(324): Simile->on_activation(false)\n#9 /wordpress/wp-includes/class-wp-hook.php(348): WP_Hook->apply_filters('', Array)\n#10 /wordpress/wp-includes/plugin.php(517): WP_Hook->do_action(Array)\n#11 /wordpress/wp-admin/includes/plugin.php(703): do_action('activate_simile...', false)\n#12 /internal/eval.php(20): activate_plugin('simile-for-wooc...')\n#13 {main}\n  thrown in /internal/shared/sqlite-database-integration/wp-includes/sqlite/class-wp-sqlite-translator.php on line 1021",
    "log": "/logs/plugins/s/simple-flash-video/error.json"
  },
  {
    "message": "Required parameter $old_quantity follows optional parameter $quantity in /wordpress/wp-content/plugins/simile-for-woocommerce/includes/simile-smart-bundles-products-view.php on line 430",
    "level": "DEPRECATED",
    "type": "PHP",
    "test": "ast-sqlite-boot",
    "plugin": "simple-flash-video",
    "details": "[06-May-2025 15:44:38 UTC] PHP Deprecated:  Required parameter $old_quantity follows optional parameter $quantity in /wordpress/wp-content/plugins/simile-for-woocommerce/includes/simile-smart-bundles-products-view.php on line 430",
    "log": "/logs/plugins/s/simple-flash-video/error.json"
  },
  {
    "message": "Required parameter $cart follows optional parameter $quantity in /wordpress/wp-content/plugins/simile-for-woocommerce/includes/simile-smart-bundles-products-view.php on line 430",
    "level": "DEPRECATED",
    "type": "PHP",
    "test": "ast-sqlite-boot",
    "plugin": "simple-flash-video",
    "details": "[06-May-2025 15:44:38 UTC] PHP Deprecated:  Required parameter $cart follows optional parameter $quantity in /wordpress/wp-content/plugins/simile-for-woocommerce/includes/simile-smart-bundles-products-view.php on line 430",
    "log": "/logs/plugins/s/simple-flash-video/error.json"
  },
  {
    "message": "Unknown drop type: table.",
    "level": "FATAL",
    "type": "SQL",
    "test": "ast-sqlite-boot",
    "plugin": "simple-flash-video",
    "details": "[06-May-2025 15:44:38 UTC] WordPress database error <div style=\"clear:both\">&nbsp;</div>\n<div class=\"queries\" style=\"clear:both;margin-bottom:2px;border:red dotted thin;\">\n<p>MySQL query:</p>\n<p>drop table IF EXISTS wp_postmeta_simile_backup;</p>\n<p>Queries made or created this session were:</p>\n<ol>\n<li>Executing: BEGIN | (no parameters)</li>\n<li>Executing: ROLLBACK | (no parameters)</li>\n</ol>\n</div>\n<div style=\"clear:both;margin-bottom:2px;border:red dotted thin;\" class=\"error_message\" style=\"border-bottom:dotted blue thin;\">\nError occurred at line 4117 in Function <code>handle_error</code>. Error message was: Unknown drop type: table.\n</div>\n<p>Backtrace:</p>\n<pre>#0 /internal/shared/sqlite-database-integration/wp-includes/sqlite/class-wp-sqlite-db.php(287): WP_SQLite_Translator->get_error_message()\n#1 /wordpress/wp-content/plugins/simile-for-woocommerce/includes/simile-model.php(105): WP_SQLite_DB->query('drop table IF E...')\n#2 /wordpress/wp-content/plugins/simile-for-woocommerce/includes/simile-on-activation.php(38): Simile_Model::initial_db()\n#3 /wordpress/wp-content/plugins/simile-for-woocommerce/simile-for-woocommerce.php(78): Simile_On_Activation::on_activation()\n#4 /wordpress/wp-includes/class-wp-hook.php(324): Simile->on_activation(false)\n#5 /wordpress/wp-includes/class-wp-hook.php(348): WP_Hook->apply_filters('', Array)\n#6 /wordpress/wp-includes/plugin.php(517): WP_Hook->do_action(Array)\n#7 /wordpress/wp-admin/includes/plugin.php(703): do_action('activate_simile...', false)\n#8 /internal/eval.php(20): activate_plugin('simile-for-wooc...')\n#9 {main}</pre>\n for query drop table IF EXISTS wp_postmeta_simile_backup; made by activate_plugin, do_action('activate_simile-for-woocommerce/simile-for-woocommerce.php'), WP_Hook->do_action, WP_Hook->apply_filters, Simile->on_activation, Simile_On_Activation::on_activation, Simile_Model::initial_db, WP_SQLite_DB->query, WP_SQLite_DB->print_error",
    "log": "/logs/plugins/s/simple-flash-video/error.json"
  },
  {
    "message": "Uncaught Error: Call to a member function matches() on null in /internal/shared/sqlite-database-integration/wp-includes/sqlite/class-wp-sqlite-translator.php:1021",
    "level": "FATAL",
    "type": "PHP",
    "test": "ast-sqlite-boot",
    "plugin": "simple-flash-video",
    "details": "[06-May-2025 15:44:38 UTC] PHP Fatal error:  Uncaught Error: Call to a member function matches() on null in /internal/shared/sqlite-database-integration/wp-includes/sqlite/class-wp-sqlite-translator.php:1021\nStack trace:\n#0 /internal/shared/sqlite-database-integration/wp-includes/sqlite/class-wp-sqlite-translator.php(880): WP_SQLite_Translator->parse_create_table()\n#1 /internal/shared/sqlite-database-integration/wp-includes/sqlite/class-wp-sqlite-translator.php(3377): WP_SQLite_Translator->execute_create_table()\n#2 /internal/shared/sqlite-database-integration/wp-includes/sqlite/class-wp-sqlite-translator.php(801): WP_SQLite_Translator->execute_create()\n#3 /internal/shared/sqlite-database-integration/wp-includes/sqlite/class-wp-sqlite-translator.php(622): WP_SQLite_Translator->execute_mysql_query('CREATE TABLE wp...')\n#4 /internal/shared/sqlite-database-integration/wp-includes/sqlite/class-wp-sqlite-db.php(280): WP_SQLite_Translator->query('CREATE TABLE wp...')\n#5 /wordpress/wp-content/plugins/simile-for-woocommerce/includes/simile-model.php(106): WP_SQLite_DB->query('CREATE TABLE wp...')\n#6 /wordpress/wp-content/plugins/simile-for-woocommerce/includes/simile-on-activation.php(38): Simile_Model::initial_db()\n#7 /wordpress/wp-content/plugins/simile-for-woocommerce/simile-for-woocommerce.php(78): Simile_On_Activation::on_activation()\n#8 /wordpress/wp-includes/class-wp-hook.php(324): Simile->on_activation(false)\n#9 /wordpress/wp-includes/class-wp-hook.php(348): WP_Hook->apply_filters('', Array)\n#10 /wordpress/wp-includes/plugin.php(517): WP_Hook->do_action(Array)\n#11 /wordpress/wp-admin/includes/plugin.php(703): do_action('activate_simile...', false)\n#12 /internal/eval.php(20): activate_plugin('simile-for-wooc...')\n#13 {main}\n  thrown in /internal/shared/sqlite-database-integration/wp-includes/sqlite/class-wp-sqlite-translator.php on line 1021",
    "log": "/logs/plugins/s/simple-flash-video/error.json"
  },
  {
    "message": "Array and string offset access syntax with curly braces is no longer supported in /wordpress/wp-content/plugins/simple-flash-video/simple-flash-video.php on line 920",
    "level": "FATAL",
    "type": "PHP",
    "test": "ast-sqlite-boot",
    "plugin": "simple-flash-video",
    "details": "[06-May-2025 15:45:16 UTC] PHP Fatal error:  Array and string offset access syntax with curly braces is no longer supported in /wordpress/wp-content/plugins/simple-flash-video/simple-flash-video.php on line 920\n\n    at Object.onBind (file:///home/runner/work/playground-tester/playground-tester/node_modules/@wp-playground/cli/index.js:237:15)\n    at process.processTicksAndRejections (node:internal/process/task_queues:105:5)\n    at async V (file:///home/runner/work/playground-tester/playground-tester/node_modules/@wp-playground/cli/index.js:64:10)\n    at async ja (file:///home/runner/work/playground-tester/playground-tester/node_modules/@wp-playground/cli/cli.js:8161:12) {\n  [cause]: Error: Error when executing the blueprint step #5 ({\"step\":\"installPlugin\",\"pluginData\":{\"resource\":\"wordpress.org/plugins\",\"slug\":\"simple-flash-video\"},\"options\":{\"activate\":true}}) : PHP.run() failed with exit code 255 and the following output: \n      at Object.run (file:///home/runner/work/playground-tester/playground-tester/node_modules/@wp-playground/blueprints/index.js:12449:19)\n      at process.processTicksAndRejections (node:internal/process/task_queues:105:5)\n      at async ms (file:///home/runner/work/playground-tester/playground-tester/node_modules/@wp-playground/blueprints/index.js:12552:3)\n      ... 2 lines matching cause stack trace ...\n      at async ja (file:///home/runner/work/playground-tester/playground-tester/node_modules/@wp-playground/cli/cli.js:8161:12) {\n    [cause]: PHPExecutionFailureError: PHP.run() failed with exit code 255 and the following output: \n        at PHP.run (file:///home/runner/work/playground-tester/playground-tester/node_modules/@php-wasm/universal/index.js:987:19)\n        at process.processTicksAndRejections (node:internal/process/task_queues:105:5)\n        at async wr (file:///home/runner/work/playground-tester/playground-tester/node_modules/@wp-playground/blueprints/index.js:33:39)\n        at async Object.gt [as installPlugin] (file:///home/runner/work/playground-tester/playground-tester/node_modules/@wp-playground/blueprints/index.js:974:42)\n        at async g (file:///home/runner/work/playground-tester/playground-tester/node_modules/@wp-playground/blueprints/index.js:12517:30)\n        at async Object.run (file:///home/runner/work/playground-tester/playground-tester/node_modules/@wp-playground/blueprints/index.js:12446:23)\n        at async ms (file:///home/runner/work/playground-tester/playground-tester/node_modules/@wp-playground/blueprints/index.js:12552:3)\n        at async Object.onBind (file:///home/runner/work/playground-tester/playground-tester/node_modules/@wp-playground/cli/index.js:227:48)\n        at async V (file:///home/runner/work/playground-tester/playground-tester/node_modules/@wp-playground/cli/index.js:64:10)\n        at async ja (file:///home/runner/work/playground-tester/playground-tester/node_modules/@wp-playground/cli/cli.js:8161:12) {\n      response: PHPResponse {\n        httpStatusCode: 500,\n        headers: {\n          'x-powered-by': [ 'PHP/8.0.30-dev' ],\n          'content-type': [ 'text/html; charset=UTF-8' ]\n        },\n        bytes: Uint8Array(0) [],\n        exitCode: 255,\n        errors: ''\n      },\n      source: 'request'\n    }\n  }\n}\n\n",
    "log": "/logs/plugins/s/simple-flash-video/error.json"
  },
  {
    "message": "file:///home/runner/work/playground-tester/playground-tester/node_modules/@wp-playground/cli/index.js:237\n        throw new Error(y, { cause: u });\n              ^\n",
    "level": "FATAL",
    "type": "PLAYGROUND",
    "test": "asyncify-boot",
    "plugin": "simple-flash-video",
    "details": "file:///home/runner/work/playground-tester/playground-tester/node_modules/@wp-playground/cli/index.js:237\n        throw new Error(y, { cause: u });\n              ^\n",
    "log": "/tmp/tmp.vqrv5wlCPA"
  },
  {
    "message": "Uncaught Error: Call to undefined function create_function() in /wordpress/wp-content/plugins/sency-real-time-search-feed/pj-sency.php:254",
    "level": "FATAL",
    "type": "PHP",
    "test": "asyncify-boot",
    "plugin": "simple-flash-video",
    "details": "[06-May-2025 15:35:29 UTC] PHP Fatal error:  Uncaught Error: Call to undefined function create_function() in /wordpress/wp-content/plugins/sency-real-time-search-feed/pj-sency.php:254\nStack trace:\n#0 /wordpress/wp-admin/includes/plugin.php(2387): include_once()\n#1 /wordpress/wp-admin/includes/plugin.php(673): plugin_sandbox_scrape('sency-real-time...')\n#2 /internal/eval.php(20): activate_plugin('sency-real-time...')\n#3 {main}\n  thrown in /wordpress/wp-content/plugins/sency-real-time-search-feed/pj-sency.php on line 254",
    "log": "/logs/plugins/s/simple-flash-video/error.json"
  },
  {
    "message": "Uncaught Error: Call to undefined function create_function() in /wordpress/wp-content/plugins/sency-real-time-search-feed/pj-sency.php:254",
    "level": "FATAL",
    "type": "PHP",
    "test": "asyncify-boot",
    "plugin": "simple-flash-video",
    "details": "[06-May-2025 15:35:37 UTC] PHP Fatal error:  Uncaught Error: Call to undefined function create_function() in /wordpress/wp-content/plugins/sency-real-time-search-feed/pj-sency.php:254\nStack trace:\n#0 /wordpress/wp-admin/includes/plugin.php(2387): include_once()\n#1 /wordpress/wp-admin/includes/plugin.php(673): plugin_sandbox_scrape('sency-real-time...')\n#2 /internal/eval.php(20): activate_plugin('sency-real-time...')\n#3 {main}\n  thrown in /wordpress/wp-content/plugins/sency-real-time-search-feed/pj-sency.php on line 254",
    "log": "/logs/plugins/s/simple-flash-video/error.json"
  },
  {
    "message": "Uncaught Error: Call to undefined function create_function() in /wordpress/wp-content/plugins/sency-real-time-search-feed/pj-sency.php:254",
    "level": "FATAL",
    "type": "PHP",
    "test": "asyncify-boot",
    "plugin": "simple-flash-video",
    "details": "[06-May-2025 15:35:45 UTC] PHP Fatal error:  Uncaught Error: Call to undefined function create_function() in /wordpress/wp-content/plugins/sency-real-time-search-feed/pj-sency.php:254\nStack trace:\n#0 /wordpress/wp-admin/includes/plugin.php(2387): include_once()\n#1 /wordpress/wp-admin/includes/plugin.php(673): plugin_sandbox_scrape('sency-real-time...')\n#2 /internal/eval.php(20): activate_plugin('sency-real-time...')\n#3 {main}\n  thrown in /wordpress/wp-content/plugins/sency-real-time-search-feed/pj-sency.php on line 254",
    "log": "/logs/plugins/s/simple-flash-video/error.json"
  },
  {
    "message": "Function _load_textdomain_just_in_time was called <strong>incorrectly</strong>. Translation loading for the <code>rulemailer</code> domain was triggered too early. This is usually an indicator for some code in the plugin or theme running too early. Translations should be loaded at the <code>init</code> action or later. Please see <a href=\"https://developer.wordpress.org/advanced-administration/debug/debug-wordpress/\">Debugging in WordPress</a> for more information. (This message was added in version 6.7.0.) in /wordpress/wp-includes/functions.php on line 6121",
    "level": "NOTICE",
    "type": "PHP",
    "test": "asyncify-boot",
    "plugin": "simple-flash-video",
    "details": "[06-May-2025 15:35:54 UTC] PHP Notice:  Function _load_textdomain_just_in_time was called <strong>incorrectly</strong>. Translation loading for the <code>rulemailer</code> domain was triggered too early. This is usually an indicator for some code in the plugin or theme running too early. Translations should be loaded at the <code>init</code> action or later. Please see <a href=\"https://developer.wordpress.org/advanced-administration/debug/debug-wordpress/\">Debugging in WordPress</a> for more information. (This message was added in version 6.7.0.) in /wordpress/wp-includes/functions.php on line 6121",
    "log": "/logs/plugins/s/simple-flash-video/error.json"
  },
  {
    "message": "Uncaught TypeError: call_user_func_array(): Argument #1 ($callback) must be a valid callback, non-static method RuleMailerSubscribeWidget::init() cannot be called statically in /wordpress/wp-includes/class-wp-hook.php:324",
    "level": "FATAL",
    "type": "PHP",
    "test": "asyncify-boot",
    "plugin": "simple-flash-video",
    "details": "[06-May-2025 15:35:54 UTC] PHP Fatal error:  Uncaught TypeError: call_user_func_array(): Argument #1 ($callback) must be a valid callback, non-static method RuleMailerSubscribeWidget::init() cannot be called statically in /wordpress/wp-includes/class-wp-hook.php:324\nStack trace:\n#0 /wordpress/wp-includes/class-wp-hook.php(348): WP_Hook->apply_filters(NULL, Array)\n#1 /wordpress/wp-includes/plugin.php(517): WP_Hook->do_action(Array)\n#2 /wordpress/wp-settings.php(727): do_action('init')\n#3 /wordpress/wp-config.php(102): require_once('/wordpress/wp-s...')\n#4 /wordpress/wp-load.php(50): require_once('/wordpress/wp-c...')\n#5 /internal/eval.php(3): require_once('/wordpress/wp-l...')\n#6 {main}\n  thrown in /wordpress/wp-includes/class-wp-hook.php on line 324",
    "log": "/logs/plugins/s/simple-flash-video/error.json"
  },
  {
    "message": "Function _load_textdomain_just_in_time was called <strong>incorrectly</strong>. Translation loading for the <code>rulemailer</code> domain was triggered too early. This is usually an indicator for some code in the plugin or theme running too early. Translations should be loaded at the <code>init</code> action or later. Please see <a href=\"https://developer.wordpress.org/advanced-administration/debug/debug-wordpress/\">Debugging in WordPress</a> for more information. (This message was added in version 6.7.0.) in /wordpress/wp-includes/functions.php on line 6121",
    "level": "NOTICE",
    "type": "PHP",
    "test": "asyncify-boot",
    "plugin": "simple-flash-video",
    "details": "[06-May-2025 15:36:03 UTC] PHP Notice:  Function _load_textdomain_just_in_time was called <strong>incorrectly</strong>. Translation loading for the <code>rulemailer</code> domain was triggered too early. This is usually an indicator for some code in the plugin or theme running too early. Translations should be loaded at the <code>init</code> action or later. Please see <a href=\"https://developer.wordpress.org/advanced-administration/debug/debug-wordpress/\">Debugging in WordPress</a> for more information. (This message was added in version 6.7.0.) in /wordpress/wp-includes/functions.php on line 6121",
    "log": "/logs/plugins/s/simple-flash-video/error.json"
  },
  {
    "message": "Uncaught TypeError: call_user_func_array(): Argument #1 ($callback) must be a valid callback, non-static method RuleMailerSubscribeWidget::init() cannot be called statically in /wordpress/wp-includes/class-wp-hook.php:324",
    "level": "FATAL",
    "type": "PHP",
    "test": "asyncify-boot",
    "plugin": "simple-flash-video",
    "details": "[06-May-2025 15:36:03 UTC] PHP Fatal error:  Uncaught TypeError: call_user_func_array(): Argument #1 ($callback) must be a valid callback, non-static method RuleMailerSubscribeWidget::init() cannot be called statically in /wordpress/wp-includes/class-wp-hook.php:324\nStack trace:\n#0 /wordpress/wp-includes/class-wp-hook.php(348): WP_Hook->apply_filters(NULL, Array)\n#1 /wordpress/wp-includes/plugin.php(517): WP_Hook->do_action(Array)\n#2 /wordpress/wp-settings.php(727): do_action('init')\n#3 /wordpress/wp-config.php(102): require_once('/wordpress/wp-s...')\n#4 /wordpress/wp-load.php(50): require_once('/wordpress/wp-c...')\n#5 /internal/eval.php(3): require_once('/wordpress/wp-l...')\n#6 {main}\n  thrown in /wordpress/wp-includes/class-wp-hook.php on line 324",
    "log": "/logs/plugins/s/simple-flash-video/error.json"
  },
  {
    "message": "Function _load_textdomain_just_in_time was called <strong>incorrectly</strong>. Translation loading for the <code>rulemailer</code> domain was triggered too early. This is usually an indicator for some code in the plugin or theme running too early. Translations should be loaded at the <code>init</code> action or later. Please see <a href=\"https://developer.wordpress.org/advanced-administration/debug/debug-wordpress/\">Debugging in WordPress</a> for more information. (This message was added in version 6.7.0.) in /wordpress/wp-includes/functions.php on line 6121",
    "level": "NOTICE",
    "type": "PHP",
    "test": "asyncify-boot",
    "plugin": "simple-flash-video",
    "details": "[06-May-2025 15:36:12 UTC] PHP Notice:  Function _load_textdomain_just_in_time was called <strong>incorrectly</strong>. Translation loading for the <code>rulemailer</code> domain was triggered too early. This is usually an indicator for some code in the plugin or theme running too early. Translations should be loaded at the <code>init</code> action or later. Please see <a href=\"https://developer.wordpress.org/advanced-administration/debug/debug-wordpress/\">Debugging in WordPress</a> for more information. (This message was added in version 6.7.0.) in /wordpress/wp-includes/functions.php on line 6121",
    "log": "/logs/plugins/s/simple-flash-video/error.json"
  },
  {
    "message": "Uncaught TypeError: call_user_func_array(): Argument #1 ($callback) must be a valid callback, non-static method RuleMailerSubscribeWidget::init() cannot be called statically in /wordpress/wp-includes/class-wp-hook.php:324",
    "level": "FATAL",
    "type": "PHP",
    "test": "asyncify-boot",
    "plugin": "simple-flash-video",
    "details": "[06-May-2025 15:36:12 UTC] PHP Fatal error:  Uncaught TypeError: call_user_func_array(): Argument #1 ($callback) must be a valid callback, non-static method RuleMailerSubscribeWidget::init() cannot be called statically in /wordpress/wp-includes/class-wp-hook.php:324\nStack trace:\n#0 /wordpress/wp-includes/class-wp-hook.php(348): WP_Hook->apply_filters(NULL, Array)\n#1 /wordpress/wp-includes/plugin.php(517): WP_Hook->do_action(Array)\n#2 /wordpress/wp-settings.php(727): do_action('init')\n#3 /wordpress/wp-config.php(102): require_once('/wordpress/wp-s...')\n#4 /wordpress/wp-load.php(50): require_once('/wordpress/wp-c...')\n#5 /internal/eval.php(3): require_once('/wordpress/wp-l...')\n#6 {main}\n  thrown in /wordpress/wp-includes/class-wp-hook.php on line 324",
    "log": "/logs/plugins/s/simple-flash-video/error.json"
  },
  {
    "message": "Function get_currentuserinfo is <strong>deprecated</strong> since version 4.5.0! Use wp_get_current_user() instead. in /wordpress/wp-includes/functions.php on line 6121",
    "level": "DEPRECATED",
    "type": "PHP",
    "test": "asyncify-boot",
    "plugin": "simple-flash-video",
    "details": "[06-May-2025 15:39:27 UTC] PHP Deprecated:  Function get_currentuserinfo is <strong>deprecated</strong> since version 4.5.0! Use wp_get_current_user() instead. in /wordpress/wp-includes/functions.php on line 6121",
    "log": "/logs/plugins/s/simple-flash-video/error.json"
  },
  {
    "message": "Uncaught Error: Call to undefined function get_currentuserinfo() in /wordpress/wp-content/plugins/showhide-admin-bar-in-wp31/index.php:12",
    "level": "FATAL",
    "type": "PHP",
    "test": "asyncify-boot",
    "plugin": "simple-flash-video",
    "details": "[06-May-2025 15:39:28 UTC] PHP Fatal error:  Uncaught Error: Call to undefined function get_currentuserinfo() in /wordpress/wp-content/plugins/showhide-admin-bar-in-wp31/index.php:12\nStack trace:\n#0 /wordpress/wp-settings.php(545): include_once()\n#1 /wordpress/wp-config.php(102): require_once('/wordpress/wp-s...')\n#2 /wordpress/wp-load.php(50): require_once('/wordpress/wp-c...')\n#3 /internal/eval.php(3): require_once('/wordpress/wp-l...')\n#4 {main}\n  thrown in /wordpress/wp-content/plugins/showhide-admin-bar-in-wp31/index.php on line 12",
    "log": "/logs/plugins/s/simple-flash-video/error.json"
  },
  {
    "message": "Function get_currentuserinfo is <strong>deprecated</strong> since version 4.5.0! Use wp_get_current_user() instead. in /wordpress/wp-includes/functions.php on line 6121",
    "level": "DEPRECATED",
    "type": "PHP",
    "test": "asyncify-boot",
    "plugin": "simple-flash-video",
    "details": "[06-May-2025 15:39:36 UTC] PHP Deprecated:  Function get_currentuserinfo is <strong>deprecated</strong> since version 4.5.0! Use wp_get_current_user() instead. in /wordpress/wp-includes/functions.php on line 6121",
    "log": "/logs/plugins/s/simple-flash-video/error.json"
  },
  {
    "message": "Uncaught Error: Call to undefined function get_currentuserinfo() in /wordpress/wp-content/plugins/showhide-admin-bar-in-wp31/index.php:12",
    "level": "FATAL",
    "type": "PHP",
    "test": "asyncify-boot",
    "plugin": "simple-flash-video",
    "details": "[06-May-2025 15:39:37 UTC] PHP Fatal error:  Uncaught Error: Call to undefined function get_currentuserinfo() in /wordpress/wp-content/plugins/showhide-admin-bar-in-wp31/index.php:12\nStack trace:\n#0 /wordpress/wp-settings.php(545): include_once()\n#1 /wordpress/wp-config.php(102): require_once('/wordpress/wp-s...')\n#2 /wordpress/wp-load.php(50): require_once('/wordpress/wp-c...')\n#3 /internal/eval.php(3): require_once('/wordpress/wp-l...')\n#4 {main}\n  thrown in /wordpress/wp-content/plugins/showhide-admin-bar-in-wp31/index.php on line 12",
    "log": "/logs/plugins/s/simple-flash-video/error.json"
  },
  {
    "message": "Function get_currentuserinfo is <strong>deprecated</strong> since version 4.5.0! Use wp_get_current_user() instead. in /wordpress/wp-includes/functions.php on line 6121",
    "level": "DEPRECATED",
    "type": "PHP",
    "test": "asyncify-boot",
    "plugin": "simple-flash-video",
    "details": "[06-May-2025 15:39:45 UTC] PHP Deprecated:  Function get_currentuserinfo is <strong>deprecated</strong> since version 4.5.0! Use wp_get_current_user() instead. in /wordpress/wp-includes/functions.php on line 6121",
    "log": "/logs/plugins/s/simple-flash-video/error.json"
  },
  {
    "message": "Uncaught Error: Call to undefined function get_currentuserinfo() in /wordpress/wp-content/plugins/showhide-admin-bar-in-wp31/index.php:12",
    "level": "FATAL",
    "type": "PHP",
    "test": "asyncify-boot",
    "plugin": "simple-flash-video",
    "details": "[06-May-2025 15:39:46 UTC] PHP Fatal error:  Uncaught Error: Call to undefined function get_currentuserinfo() in /wordpress/wp-content/plugins/showhide-admin-bar-in-wp31/index.php:12\nStack trace:\n#0 /wordpress/wp-settings.php(545): include_once()\n#1 /wordpress/wp-config.php(102): require_once('/wordpress/wp-s...')\n#2 /wordpress/wp-load.php(50): require_once('/wordpress/wp-c...')\n#3 /internal/eval.php(3): require_once('/wordpress/wp-l...')\n#4 {main}\n  thrown in /wordpress/wp-content/plugins/showhide-admin-bar-in-wp31/index.php on line 12",
    "log": "/logs/plugins/s/simple-flash-video/error.json"
  },
  {
    "message": "require_once(/wordpress/wp-content/plugins/read-more-about/admin/class-read-more-about-admin.php): Failed to open stream: No such file or directory in /wordpress/wp-content/plugins/read-more-about/includes/class-read-more-about.php on line 88",
    "level": "WARNING",
    "type": "PHP",
    "test": "asyncify-boot",
    "plugin": "simple-flash-video",
    "details": "[06-May-2025 15:42:28 UTC] PHP Warning:  require_once(/wordpress/wp-content/plugins/read-more-about/admin/class-read-more-about-admin.php): Failed to open stream: No such file or directory in /wordpress/wp-content/plugins/read-more-about/includes/class-read-more-about.php on line 88",
    "log": "/logs/plugins/s/simple-flash-video/error.json"
  },
  {
    "message": "Uncaught Error: Failed opening required '/wordpress/wp-content/plugins/read-more-about/admin/class-read-more-about-admin.php' (include_path='.:') in /wordpress/wp-content/plugins/read-more-about/includes/class-read-more-about.php:88",
    "level": "FATAL",
    "type": "PHP",
    "test": "asyncify-boot",
    "plugin": "simple-flash-video",
    "details": "[06-May-2025 15:42:28 UTC] PHP Fatal error:  Uncaught Error: Failed opening required '/wordpress/wp-content/plugins/read-more-about/admin/class-read-more-about-admin.php' (include_path='.:') in /wordpress/wp-content/plugins/read-more-about/includes/class-read-more-about.php:88\nStack trace:\n#0 /wordpress/wp-content/plugins/read-more-about/includes/class-read-more-about.php(70): Read_More_About\\Read_More_About->load_dependencies()\n#1 /wordpress/wp-content/plugins/read-more-about/read-more-about.php(71): Read_More_About\\Read_More_About->__construct()\n#2 /wordpress/wp-content/plugins/read-more-about/read-more-about.php(77): Read_More_About\\run_read_more_about()\n#3 /wordpress/wp-admin/includes/plugin.php(2387): include_once('/wordpress/wp-c...')\n#4 /wordpress/wp-admin/includes/plugin.php(673): plugin_sandbox_scrape('read-more-about...')\n#5 /internal/eval.php(20): activate_plugin('read-more-about...')\n#6 {main}\n  thrown in /wordpress/wp-content/plugins/read-more-about/includes/class-read-more-about.php on line 88",
    "log": "/logs/plugins/s/simple-flash-video/error.json"
  },
  {
    "message": "require_once(/wordpress/wp-content/plugins/read-more-about/admin/class-read-more-about-admin.php): Failed to open stream: No such file or directory in /wordpress/wp-content/plugins/read-more-about/includes/class-read-more-about.php on line 88",
    "level": "WARNING",
    "type": "PHP",
    "test": "asyncify-boot",
    "plugin": "simple-flash-video",
    "details": "[06-May-2025 15:42:36 UTC] PHP Warning:  require_once(/wordpress/wp-content/plugins/read-more-about/admin/class-read-more-about-admin.php): Failed to open stream: No such file or directory in /wordpress/wp-content/plugins/read-more-about/includes/class-read-more-about.php on line 88",
    "log": "/logs/plugins/s/simple-flash-video/error.json"
  },
  {
    "message": "Uncaught Error: Failed opening required '/wordpress/wp-content/plugins/read-more-about/admin/class-read-more-about-admin.php' (include_path='.:') in /wordpress/wp-content/plugins/read-more-about/includes/class-read-more-about.php:88",
    "level": "FATAL",
    "type": "PHP",
    "test": "asyncify-boot",
    "plugin": "simple-flash-video",
    "details": "[06-May-2025 15:42:36 UTC] PHP Fatal error:  Uncaught Error: Failed opening required '/wordpress/wp-content/plugins/read-more-about/admin/class-read-more-about-admin.php' (include_path='.:') in /wordpress/wp-content/plugins/read-more-about/includes/class-read-more-about.php:88\nStack trace:\n#0 /wordpress/wp-content/plugins/read-more-about/includes/class-read-more-about.php(70): Read_More_About\\Read_More_About->load_dependencies()\n#1 /wordpress/wp-content/plugins/read-more-about/read-more-about.php(71): Read_More_About\\Read_More_About->__construct()\n#2 /wordpress/wp-content/plugins/read-more-about/read-more-about.php(77): Read_More_About\\run_read_more_about()\n#3 /wordpress/wp-admin/includes/plugin.php(2387): include_once('/wordpress/wp-c...')\n#4 /wordpress/wp-admin/includes/plugin.php(673): plugin_sandbox_scrape('read-more-about...')\n#5 /internal/eval.php(20): activate_plugin('read-more-about...')\n#6 {main}\n  thrown in /wordpress/wp-content/plugins/read-more-about/includes/class-read-more-about.php on line 88",
    "log": "/logs/plugins/s/simple-flash-video/error.json"
  },
  {
    "message": "require_once(/wordpress/wp-content/plugins/read-more-about/admin/class-read-more-about-admin.php): Failed to open stream: No such file or directory in /wordpress/wp-content/plugins/read-more-about/includes/class-read-more-about.php on line 88",
    "level": "WARNING",
    "type": "PHP",
    "test": "asyncify-boot",
    "plugin": "simple-flash-video",
    "details": "[06-May-2025 15:42:44 UTC] PHP Warning:  require_once(/wordpress/wp-content/plugins/read-more-about/admin/class-read-more-about-admin.php): Failed to open stream: No such file or directory in /wordpress/wp-content/plugins/read-more-about/includes/class-read-more-about.php on line 88",
    "log": "/logs/plugins/s/simple-flash-video/error.json"
  },
  {
    "message": "Uncaught Error: Failed opening required '/wordpress/wp-content/plugins/read-more-about/admin/class-read-more-about-admin.php' (include_path='.:') in /wordpress/wp-content/plugins/read-more-about/includes/class-read-more-about.php:88",
    "level": "FATAL",
    "type": "PHP",
    "test": "asyncify-boot",
    "plugin": "simple-flash-video",
    "details": "[06-May-2025 15:42:44 UTC] PHP Fatal error:  Uncaught Error: Failed opening required '/wordpress/wp-content/plugins/read-more-about/admin/class-read-more-about-admin.php' (include_path='.:') in /wordpress/wp-content/plugins/read-more-about/includes/class-read-more-about.php:88\nStack trace:\n#0 /wordpress/wp-content/plugins/read-more-about/includes/class-read-more-about.php(70): Read_More_About\\Read_More_About->load_dependencies()\n#1 /wordpress/wp-content/plugins/read-more-about/read-more-about.php(71): Read_More_About\\Read_More_About->__construct()\n#2 /wordpress/wp-content/plugins/read-more-about/read-more-about.php(77): Read_More_About\\run_read_more_about()\n#3 /wordpress/wp-admin/includes/plugin.php(2387): include_once('/wordpress/wp-c...')\n#4 /wordpress/wp-admin/includes/plugin.php(673): plugin_sandbox_scrape('read-more-about...')\n#5 /internal/eval.php(20): activate_plugin('read-more-about...')\n#6 {main}\n  thrown in /wordpress/wp-content/plugins/read-more-about/includes/class-read-more-about.php on line 88",
    "log": "/logs/plugins/s/simple-flash-video/error.json"
  },
  {
    "message": "Required parameter $old_quantity follows optional parameter $quantity in /wordpress/wp-content/plugins/simile-for-woocommerce/includes/simile-smart-bundles-products-view.php on line 430",
    "level": "DEPRECATED",
    "type": "PHP",
    "test": "asyncify-boot",
    "plugin": "simple-flash-video",
    "details": "[06-May-2025 15:44:21 UTC] PHP Deprecated:  Required parameter $old_quantity follows optional parameter $quantity in /wordpress/wp-content/plugins/simile-for-woocommerce/includes/simile-smart-bundles-products-view.php on line 430",
    "log": "/logs/plugins/s/simple-flash-video/error.json"
  },
  {
    "message": "Required parameter $cart follows optional parameter $quantity in /wordpress/wp-content/plugins/simile-for-woocommerce/includes/simile-smart-bundles-products-view.php on line 430",
    "level": "DEPRECATED",
    "type": "PHP",
    "test": "asyncify-boot",
    "plugin": "simple-flash-video",
    "details": "[06-May-2025 15:44:21 UTC] PHP Deprecated:  Required parameter $cart follows optional parameter $quantity in /wordpress/wp-content/plugins/simile-for-woocommerce/includes/simile-smart-bundles-products-view.php on line 430",
    "log": "/logs/plugins/s/simple-flash-video/error.json"
  },
  {
    "message": "Uncaught Exception: \"cURL error 35: OpenSSL SSL_connect: SSL_ERROR_SYSCALL in connection to api.scopemedia.com:443 \" in /wordpress/wp-content/plugins/simile-for-woocommerce/includes/simile-model.php:429",
    "level": "FATAL",
    "type": "PHP",
    "test": "asyncify-boot",
    "plugin": "simple-flash-video",
    "details": "[06-May-2025 15:44:22 UTC] PHP Fatal error:  Uncaught Exception: \"cURL error 35: OpenSSL SSL_connect: SSL_ERROR_SYSCALL in connection to api.scopemedia.com:443 \" in /wordpress/wp-content/plugins/simile-for-woocommerce/includes/simile-model.php:429\nStack trace:\n#0 /wordpress/wp-content/plugins/simile-for-woocommerce/includes/simile-model.php(50): Simile_Model::check_response_error(Object(WP_Error))\n#1 /wordpress/wp-content/plugins/simile-for-woocommerce/includes/simile-on-activation.php(42): Simile_Model::signup()\n#2 /wordpress/wp-content/plugins/simile-for-woocommerce/simile-for-woocommerce.php(78): Simile_On_Activation::on_activation()\n#3 /wordpress/wp-includes/class-wp-hook.php(324): Simile->on_activation(false)\n#4 /wordpress/wp-includes/class-wp-hook.php(348): WP_Hook->apply_filters('', Array)\n#5 /wordpress/wp-includes/plugin.php(517): WP_Hook->do_action(Array)\n#6 /wordpress/wp-admin/includes/plugin.php(703): do_action('activate_simile...', false)\n#7 /internal/eval.php(20): activate_plugin('simile-for-wooc...')\n#8 {main}\n  thrown in /wordpress/wp-content/plugins/simile-for-woocommerce/includes/simile-model.php on line 429",
    "log": "/logs/plugins/s/simple-flash-video/error.json"
  },
  {
    "message": "Required parameter $old_quantity follows optional parameter $quantity in /wordpress/wp-content/plugins/simile-for-woocommerce/includes/simile-smart-bundles-products-view.php on line 430",
    "level": "DEPRECATED",
    "type": "PHP",
    "test": "asyncify-boot",
    "plugin": "simple-flash-video",
    "details": "[06-May-2025 15:44:29 UTC] PHP Deprecated:  Required parameter $old_quantity follows optional parameter $quantity in /wordpress/wp-content/plugins/simile-for-woocommerce/includes/simile-smart-bundles-products-view.php on line 430",
    "log": "/logs/plugins/s/simple-flash-video/error.json"
  },
  {
    "message": "Required parameter $cart follows optional parameter $quantity in /wordpress/wp-content/plugins/simile-for-woocommerce/includes/simile-smart-bundles-products-view.php on line 430",
    "level": "DEPRECATED",
    "type": "PHP",
    "test": "asyncify-boot",
    "plugin": "simple-flash-video",
    "details": "[06-May-2025 15:44:29 UTC] PHP Deprecated:  Required parameter $cart follows optional parameter $quantity in /wordpress/wp-content/plugins/simile-for-woocommerce/includes/simile-smart-bundles-products-view.php on line 430",
    "log": "/logs/plugins/s/simple-flash-video/error.json"
  },
  {
    "message": "Unknown drop type: table.",
    "level": "FATAL",
    "type": "SQL",
    "test": "asyncify-boot",
    "plugin": "simple-flash-video",
    "details": "[06-May-2025 15:44:29 UTC] WordPress database error <div style=\"clear:both\">&nbsp;</div>\n<div class=\"queries\" style=\"clear:both;margin-bottom:2px;border:red dotted thin;\">\n<p>MySQL query:</p>\n<p>drop table IF EXISTS wp_postmeta_simile_backup;</p>\n<p>Queries made or created this session were:</p>\n<ol>\n<li>Executing: BEGIN | (no parameters)</li>\n<li>Executing: ROLLBACK | (no parameters)</li>\n</ol>\n</div>\n<div style=\"clear:both;margin-bottom:2px;border:red dotted thin;\" class=\"error_message\" style=\"border-bottom:dotted blue thin;\">\nError occurred at line 4117 in Function <code>handle_error</code>. Error message was: Unknown drop type: table.\n</div>\n<p>Backtrace:</p>\n<pre>#0 /internal/shared/sqlite-database-integration/wp-includes/sqlite/class-wp-sqlite-db.php(287): WP_SQLite_Translator->get_error_message()\n#1 /wordpress/wp-content/plugins/simile-for-woocommerce/includes/simile-model.php(105): WP_SQLite_DB->query('drop table IF E...')\n#2 /wordpress/wp-content/plugins/simile-for-woocommerce/includes/simile-on-activation.php(38): Simile_Model::initial_db()\n#3 /wordpress/wp-content/plugins/simile-for-woocommerce/simile-for-woocommerce.php(78): Simile_On_Activation::on_activation()\n#4 /wordpress/wp-includes/class-wp-hook.php(324): Simile->on_activation(false)\n#5 /wordpress/wp-includes/class-wp-hook.php(348): WP_Hook->apply_filters('', Array)\n#6 /wordpress/wp-includes/plugin.php(517): WP_Hook->do_action(Array)\n#7 /wordpress/wp-admin/includes/plugin.php(703): do_action('activate_simile...', false)\n#8 /internal/eval.php(20): activate_plugin('simile-for-wooc...')\n#9 {main}</pre>\n for query drop table IF EXISTS wp_postmeta_simile_backup; made by activate_plugin, do_action('activate_simile-for-woocommerce/simile-for-woocommerce.php'), WP_Hook->do_action, WP_Hook->apply_filters, Simile->on_activation, Simile_On_Activation::on_activation, Simile_Model::initial_db, WP_SQLite_DB->query, WP_SQLite_DB->print_error",
    "log": "/logs/plugins/s/simple-flash-video/error.json"
  },
  {
    "message": "Uncaught Error: Call to a member function matches() on null in /internal/shared/sqlite-database-integration/wp-includes/sqlite/class-wp-sqlite-translator.php:1021",
    "level": "FATAL",
    "type": "PHP",
    "test": "asyncify-boot",
    "plugin": "simple-flash-video",
    "details": "[06-May-2025 15:44:29 UTC] PHP Fatal error:  Uncaught Error: Call to a member function matches() on null in /internal/shared/sqlite-database-integration/wp-includes/sqlite/class-wp-sqlite-translator.php:1021\nStack trace:\n#0 /internal/shared/sqlite-database-integration/wp-includes/sqlite/class-wp-sqlite-translator.php(880): WP_SQLite_Translator->parse_create_table()\n#1 /internal/shared/sqlite-database-integration/wp-includes/sqlite/class-wp-sqlite-translator.php(3377): WP_SQLite_Translator->execute_create_table()\n#2 /internal/shared/sqlite-database-integration/wp-includes/sqlite/class-wp-sqlite-translator.php(801): WP_SQLite_Translator->execute_create()\n#3 /internal/shared/sqlite-database-integration/wp-includes/sqlite/class-wp-sqlite-translator.php(622): WP_SQLite_Translator->execute_mysql_query('CREATE TABLE wp...')\n#4 /internal/shared/sqlite-database-integration/wp-includes/sqlite/class-wp-sqlite-db.php(280): WP_SQLite_Translator->query('CREATE TABLE wp...')\n#5 /wordpress/wp-content/plugins/simile-for-woocommerce/includes/simile-model.php(106): WP_SQLite_DB->query('CREATE TABLE wp...')\n#6 /wordpress/wp-content/plugins/simile-for-woocommerce/includes/simile-on-activation.php(38): Simile_Model::initial_db()\n#7 /wordpress/wp-content/plugins/simile-for-woocommerce/simile-for-woocommerce.php(78): Simile_On_Activation::on_activation()\n#8 /wordpress/wp-includes/class-wp-hook.php(324): Simile->on_activation(false)\n#9 /wordpress/wp-includes/class-wp-hook.php(348): WP_Hook->apply_filters('', Array)\n#10 /wordpress/wp-includes/plugin.php(517): WP_Hook->do_action(Array)\n#11 /wordpress/wp-admin/includes/plugin.php(703): do_action('activate_simile...', false)\n#12 /internal/eval.php(20): activate_plugin('simile-for-wooc...')\n#13 {main}\n  thrown in /internal/shared/sqlite-database-integration/wp-includes/sqlite/class-wp-sqlite-translator.php on line 1021",
    "log": "/logs/plugins/s/simple-flash-video/error.json"
  },
  {
    "message": "Required parameter $old_quantity follows optional parameter $quantity in /wordpress/wp-content/plugins/simile-for-woocommerce/includes/simile-smart-bundles-products-view.php on line 430",
    "level": "DEPRECATED",
    "type": "PHP",
    "test": "asyncify-boot",
    "plugin": "simple-flash-video",
    "details": "[06-May-2025 15:44:38 UTC] PHP Deprecated:  Required parameter $old_quantity follows optional parameter $quantity in /wordpress/wp-content/plugins/simile-for-woocommerce/includes/simile-smart-bundles-products-view.php on line 430",
    "log": "/logs/plugins/s/simple-flash-video/error.json"
  },
  {
    "message": "Required parameter $cart follows optional parameter $quantity in /wordpress/wp-content/plugins/simile-for-woocommerce/includes/simile-smart-bundles-products-view.php on line 430",
    "level": "DEPRECATED",
    "type": "PHP",
    "test": "asyncify-boot",
    "plugin": "simple-flash-video",
    "details": "[06-May-2025 15:44:38 UTC] PHP Deprecated:  Required parameter $cart follows optional parameter $quantity in /wordpress/wp-content/plugins/simile-for-woocommerce/includes/simile-smart-bundles-products-view.php on line 430",
    "log": "/logs/plugins/s/simple-flash-video/error.json"
  },
  {
    "message": "Unknown drop type: table.",
    "level": "FATAL",
    "type": "SQL",
    "test": "asyncify-boot",
    "plugin": "simple-flash-video",
    "details": "[06-May-2025 15:44:38 UTC] WordPress database error <div style=\"clear:both\">&nbsp;</div>\n<div class=\"queries\" style=\"clear:both;margin-bottom:2px;border:red dotted thin;\">\n<p>MySQL query:</p>\n<p>drop table IF EXISTS wp_postmeta_simile_backup;</p>\n<p>Queries made or created this session were:</p>\n<ol>\n<li>Executing: BEGIN | (no parameters)</li>\n<li>Executing: ROLLBACK | (no parameters)</li>\n</ol>\n</div>\n<div style=\"clear:both;margin-bottom:2px;border:red dotted thin;\" class=\"error_message\" style=\"border-bottom:dotted blue thin;\">\nError occurred at line 4117 in Function <code>handle_error</code>. Error message was: Unknown drop type: table.\n</div>\n<p>Backtrace:</p>\n<pre>#0 /internal/shared/sqlite-database-integration/wp-includes/sqlite/class-wp-sqlite-db.php(287): WP_SQLite_Translator->get_error_message()\n#1 /wordpress/wp-content/plugins/simile-for-woocommerce/includes/simile-model.php(105): WP_SQLite_DB->query('drop table IF E...')\n#2 /wordpress/wp-content/plugins/simile-for-woocommerce/includes/simile-on-activation.php(38): Simile_Model::initial_db()\n#3 /wordpress/wp-content/plugins/simile-for-woocommerce/simile-for-woocommerce.php(78): Simile_On_Activation::on_activation()\n#4 /wordpress/wp-includes/class-wp-hook.php(324): Simile->on_activation(false)\n#5 /wordpress/wp-includes/class-wp-hook.php(348): WP_Hook->apply_filters('', Array)\n#6 /wordpress/wp-includes/plugin.php(517): WP_Hook->do_action(Array)\n#7 /wordpress/wp-admin/includes/plugin.php(703): do_action('activate_simile...', false)\n#8 /internal/eval.php(20): activate_plugin('simile-for-wooc...')\n#9 {main}</pre>\n for query drop table IF EXISTS wp_postmeta_simile_backup; made by activate_plugin, do_action('activate_simile-for-woocommerce/simile-for-woocommerce.php'), WP_Hook->do_action, WP_Hook->apply_filters, Simile->on_activation, Simile_On_Activation::on_activation, Simile_Model::initial_db, WP_SQLite_DB->query, WP_SQLite_DB->print_error",
    "log": "/logs/plugins/s/simple-flash-video/error.json"
  },
  {
    "message": "Uncaught Error: Call to a member function matches() on null in /internal/shared/sqlite-database-integration/wp-includes/sqlite/class-wp-sqlite-translator.php:1021",
    "level": "FATAL",
    "type": "PHP",
    "test": "asyncify-boot",
    "plugin": "simple-flash-video",
    "details": "[06-May-2025 15:44:38 UTC] PHP Fatal error:  Uncaught Error: Call to a member function matches() on null in /internal/shared/sqlite-database-integration/wp-includes/sqlite/class-wp-sqlite-translator.php:1021\nStack trace:\n#0 /internal/shared/sqlite-database-integration/wp-includes/sqlite/class-wp-sqlite-translator.php(880): WP_SQLite_Translator->parse_create_table()\n#1 /internal/shared/sqlite-database-integration/wp-includes/sqlite/class-wp-sqlite-translator.php(3377): WP_SQLite_Translator->execute_create_table()\n#2 /internal/shared/sqlite-database-integration/wp-includes/sqlite/class-wp-sqlite-translator.php(801): WP_SQLite_Translator->execute_create()\n#3 /internal/shared/sqlite-database-integration/wp-includes/sqlite/class-wp-sqlite-translator.php(622): WP_SQLite_Translator->execute_mysql_query('CREATE TABLE wp...')\n#4 /internal/shared/sqlite-database-integration/wp-includes/sqlite/class-wp-sqlite-db.php(280): WP_SQLite_Translator->query('CREATE TABLE wp...')\n#5 /wordpress/wp-content/plugins/simile-for-woocommerce/includes/simile-model.php(106): WP_SQLite_DB->query('CREATE TABLE wp...')\n#6 /wordpress/wp-content/plugins/simile-for-woocommerce/includes/simile-on-activation.php(38): Simile_Model::initial_db()\n#7 /wordpress/wp-content/plugins/simile-for-woocommerce/simile-for-woocommerce.php(78): Simile_On_Activation::on_activation()\n#8 /wordpress/wp-includes/class-wp-hook.php(324): Simile->on_activation(false)\n#9 /wordpress/wp-includes/class-wp-hook.php(348): WP_Hook->apply_filters('', Array)\n#10 /wordpress/wp-includes/plugin.php(517): WP_Hook->do_action(Array)\n#11 /wordpress/wp-admin/includes/plugin.php(703): do_action('activate_simile...', false)\n#12 /internal/eval.php(20): activate_plugin('simile-for-wooc...')\n#13 {main}\n  thrown in /internal/shared/sqlite-database-integration/wp-includes/sqlite/class-wp-sqlite-translator.php on line 1021",
    "log": "/logs/plugins/s/simple-flash-video/error.json"
  },
  {
    "message": "Array and string offset access syntax with curly braces is no longer supported in /wordpress/wp-content/plugins/simple-flash-video/simple-flash-video.php on line 920",
    "level": "FATAL",
    "type": "PHP",
    "test": "asyncify-boot",
    "plugin": "simple-flash-video",
    "details": "[06-May-2025 15:45:16 UTC] PHP Fatal error:  Array and string offset access syntax with curly braces is no longer supported in /wordpress/wp-content/plugins/simple-flash-video/simple-flash-video.php on line 920",
    "log": "/logs/plugins/s/simple-flash-video/error.json"
  },
  {
    "message": "Array and string offset access syntax with curly braces is no longer supported in /wordpress/wp-content/plugins/simple-flash-video/simple-flash-video.php on line 920",
    "level": "FATAL",
    "type": "PHP",
    "test": "asyncify-boot",
    "plugin": "simple-flash-video",
    "details": "[06-May-2025 15:45:24 UTC] PHP Fatal error:  Array and string offset access syntax with curly braces is no longer supported in /wordpress/wp-content/plugins/simple-flash-video/simple-flash-video.php on line 920\n\n    at Object.onBind (file:///home/runner/work/playground-tester/playground-tester/node_modules/@wp-playground/cli/index.js:237:15)\n    at process.processTicksAndRejections (node:internal/process/task_queues:105:5)\n    at async V (file:///home/runner/work/playground-tester/playground-tester/node_modules/@wp-playground/cli/index.js:64:10)\n    at async ja (file:///home/runner/work/playground-tester/playground-tester/node_modules/@wp-playground/cli/cli.js:8161:12) {\n  [cause]: Error: Error when executing the blueprint step #1 ({\"step\":\"installPlugin\",\"pluginData\":{\"resource\":\"wordpress.org/plugins\",\"slug\":\"simple-flash-video\"},\"options\":{\"activate\":true}}) : PHP.run() failed with exit code 255 and the following output: \n      at Object.run (file:///home/runner/work/playground-tester/playground-tester/node_modules/@wp-playground/blueprints/index.js:12449:19)\n      at process.processTicksAndRejections (node:internal/process/task_queues:105:5)\n      at async ms (file:///home/runner/work/playground-tester/playground-tester/node_modules/@wp-playground/blueprints/index.js:12552:3)\n      ... 2 lines matching cause stack trace ...\n      at async ja (file:///home/runner/work/playground-tester/playground-tester/node_modules/@wp-playground/cli/cli.js:8161:12) {\n    [cause]: PHPExecutionFailureError: PHP.run() failed with exit code 255 and the following output: \n        at PHP.run (file:///home/runner/work/playground-tester/playground-tester/node_modules/@php-wasm/universal/index.js:987:19)\n        at process.processTicksAndRejections (node:internal/process/task_queues:105:5)\n        at async wr (file:///home/runner/work/playground-tester/playground-tester/node_modules/@wp-playground/blueprints/index.js:33:39)\n        at async Object.gt [as installPlugin] (file:///home/runner/work/playground-tester/playground-tester/node_modules/@wp-playground/blueprints/index.js:974:42)\n        at async g (file:///home/runner/work/playground-tester/playground-tester/node_modules/@wp-playground/blueprints/index.js:12517:30)\n        at async Object.run (file:///home/runner/work/playground-tester/playground-tester/node_modules/@wp-playground/blueprints/index.js:12446:23)\n        at async ms (file:///home/runner/work/playground-tester/playground-tester/node_modules/@wp-playground/blueprints/index.js:12552:3)\n        at async Object.onBind (file:///home/runner/work/playground-tester/playground-tester/node_modules/@wp-playground/cli/index.js:227:48)\n        at async V (file:///home/runner/work/playground-tester/playground-tester/node_modules/@wp-playground/cli/index.js:64:10)\n        at async ja (file:///home/runner/work/playground-tester/playground-tester/node_modules/@wp-playground/cli/cli.js:8161:12) {\n      response: PHPResponse {\n        httpStatusCode: 500,\n        headers: {\n          'x-powered-by': [ 'PHP/8.0.30-dev' ],\n          'content-type': [ 'text/html; charset=UTF-8' ]\n        },\n        bytes: Uint8Array(0) [],\n        exitCode: 255,\n        errors: ''\n      },\n      source: 'request'\n    }\n  }\n}\n\n",
    "log": "/logs/plugins/s/simple-flash-video/error.json"
  },
  {
    "message": "file:///home/runner/work/playground-tester/playground-tester/node_modules/@wp-playground/cli/index.js:237\n        throw new Error(y, { cause: u });\n              ^\n",
    "level": "FATAL",
    "type": "PLAYGROUND",
    "test": "jspi-boot",
    "plugin": "simple-flash-video",
    "details": "file:///home/runner/work/playground-tester/playground-tester/node_modules/@wp-playground/cli/index.js:237\n        throw new Error(y, { cause: u });\n              ^\n",
    "log": "/tmp/tmp.5evcnkz2kz"
  },
  {
    "message": "Uncaught Error: Call to undefined function create_function() in /wordpress/wp-content/plugins/sency-real-time-search-feed/pj-sency.php:254",
    "level": "FATAL",
    "type": "PHP",
    "test": "jspi-boot",
    "plugin": "simple-flash-video",
    "details": "[06-May-2025 15:35:29 UTC] PHP Fatal error:  Uncaught Error: Call to undefined function create_function() in /wordpress/wp-content/plugins/sency-real-time-search-feed/pj-sency.php:254\nStack trace:\n#0 /wordpress/wp-admin/includes/plugin.php(2387): include_once()\n#1 /wordpress/wp-admin/includes/plugin.php(673): plugin_sandbox_scrape('sency-real-time...')\n#2 /internal/eval.php(20): activate_plugin('sency-real-time...')\n#3 {main}\n  thrown in /wordpress/wp-content/plugins/sency-real-time-search-feed/pj-sency.php on line 254",
    "log": "/logs/plugins/s/simple-flash-video/error.json"
  },
  {
    "message": "Uncaught Error: Call to undefined function create_function() in /wordpress/wp-content/plugins/sency-real-time-search-feed/pj-sency.php:254",
    "level": "FATAL",
    "type": "PHP",
    "test": "jspi-boot",
    "plugin": "simple-flash-video",
    "details": "[06-May-2025 15:35:37 UTC] PHP Fatal error:  Uncaught Error: Call to undefined function create_function() in /wordpress/wp-content/plugins/sency-real-time-search-feed/pj-sency.php:254\nStack trace:\n#0 /wordpress/wp-admin/includes/plugin.php(2387): include_once()\n#1 /wordpress/wp-admin/includes/plugin.php(673): plugin_sandbox_scrape('sency-real-time...')\n#2 /internal/eval.php(20): activate_plugin('sency-real-time...')\n#3 {main}\n  thrown in /wordpress/wp-content/plugins/sency-real-time-search-feed/pj-sency.php on line 254",
    "log": "/logs/plugins/s/simple-flash-video/error.json"
  },
  {
    "message": "Uncaught Error: Call to undefined function create_function() in /wordpress/wp-content/plugins/sency-real-time-search-feed/pj-sency.php:254",
    "level": "FATAL",
    "type": "PHP",
    "test": "jspi-boot",
    "plugin": "simple-flash-video",
    "details": "[06-May-2025 15:35:45 UTC] PHP Fatal error:  Uncaught Error: Call to undefined function create_function() in /wordpress/wp-content/plugins/sency-real-time-search-feed/pj-sency.php:254\nStack trace:\n#0 /wordpress/wp-admin/includes/plugin.php(2387): include_once()\n#1 /wordpress/wp-admin/includes/plugin.php(673): plugin_sandbox_scrape('sency-real-time...')\n#2 /internal/eval.php(20): activate_plugin('sency-real-time...')\n#3 {main}\n  thrown in /wordpress/wp-content/plugins/sency-real-time-search-feed/pj-sency.php on line 254",
    "log": "/logs/plugins/s/simple-flash-video/error.json"
  },
  {
    "message": "Function _load_textdomain_just_in_time was called <strong>incorrectly</strong>. Translation loading for the <code>rulemailer</code> domain was triggered too early. This is usually an indicator for some code in the plugin or theme running too early. Translations should be loaded at the <code>init</code> action or later. Please see <a href=\"https://developer.wordpress.org/advanced-administration/debug/debug-wordpress/\">Debugging in WordPress</a> for more information. (This message was added in version 6.7.0.) in /wordpress/wp-includes/functions.php on line 6121",
    "level": "NOTICE",
    "type": "PHP",
    "test": "jspi-boot",
    "plugin": "simple-flash-video",
    "details": "[06-May-2025 15:35:54 UTC] PHP Notice:  Function _load_textdomain_just_in_time was called <strong>incorrectly</strong>. Translation loading for the <code>rulemailer</code> domain was triggered too early. This is usually an indicator for some code in the plugin or theme running too early. Translations should be loaded at the <code>init</code> action or later. Please see <a href=\"https://developer.wordpress.org/advanced-administration/debug/debug-wordpress/\">Debugging in WordPress</a> for more information. (This message was added in version 6.7.0.) in /wordpress/wp-includes/functions.php on line 6121",
    "log": "/logs/plugins/s/simple-flash-video/error.json"
  },
  {
    "message": "Uncaught TypeError: call_user_func_array(): Argument #1 ($callback) must be a valid callback, non-static method RuleMailerSubscribeWidget::init() cannot be called statically in /wordpress/wp-includes/class-wp-hook.php:324",
    "level": "FATAL",
    "type": "PHP",
    "test": "jspi-boot",
    "plugin": "simple-flash-video",
    "details": "[06-May-2025 15:35:54 UTC] PHP Fatal error:  Uncaught TypeError: call_user_func_array(): Argument #1 ($callback) must be a valid callback, non-static method RuleMailerSubscribeWidget::init() cannot be called statically in /wordpress/wp-includes/class-wp-hook.php:324\nStack trace:\n#0 /wordpress/wp-includes/class-wp-hook.php(348): WP_Hook->apply_filters(NULL, Array)\n#1 /wordpress/wp-includes/plugin.php(517): WP_Hook->do_action(Array)\n#2 /wordpress/wp-settings.php(727): do_action('init')\n#3 /wordpress/wp-config.php(102): require_once('/wordpress/wp-s...')\n#4 /wordpress/wp-load.php(50): require_once('/wordpress/wp-c...')\n#5 /internal/eval.php(3): require_once('/wordpress/wp-l...')\n#6 {main}\n  thrown in /wordpress/wp-includes/class-wp-hook.php on line 324",
    "log": "/logs/plugins/s/simple-flash-video/error.json"
  },
  {
    "message": "Function _load_textdomain_just_in_time was called <strong>incorrectly</strong>. Translation loading for the <code>rulemailer</code> domain was triggered too early. This is usually an indicator for some code in the plugin or theme running too early. Translations should be loaded at the <code>init</code> action or later. Please see <a href=\"https://developer.wordpress.org/advanced-administration/debug/debug-wordpress/\">Debugging in WordPress</a> for more information. (This message was added in version 6.7.0.) in /wordpress/wp-includes/functions.php on line 6121",
    "level": "NOTICE",
    "type": "PHP",
    "test": "jspi-boot",
    "plugin": "simple-flash-video",
    "details": "[06-May-2025 15:36:03 UTC] PHP Notice:  Function _load_textdomain_just_in_time was called <strong>incorrectly</strong>. Translation loading for the <code>rulemailer</code> domain was triggered too early. This is usually an indicator for some code in the plugin or theme running too early. Translations should be loaded at the <code>init</code> action or later. Please see <a href=\"https://developer.wordpress.org/advanced-administration/debug/debug-wordpress/\">Debugging in WordPress</a> for more information. (This message was added in version 6.7.0.) in /wordpress/wp-includes/functions.php on line 6121",
    "log": "/logs/plugins/s/simple-flash-video/error.json"
  },
  {
    "message": "Uncaught TypeError: call_user_func_array(): Argument #1 ($callback) must be a valid callback, non-static method RuleMailerSubscribeWidget::init() cannot be called statically in /wordpress/wp-includes/class-wp-hook.php:324",
    "level": "FATAL",
    "type": "PHP",
    "test": "jspi-boot",
    "plugin": "simple-flash-video",
    "details": "[06-May-2025 15:36:03 UTC] PHP Fatal error:  Uncaught TypeError: call_user_func_array(): Argument #1 ($callback) must be a valid callback, non-static method RuleMailerSubscribeWidget::init() cannot be called statically in /wordpress/wp-includes/class-wp-hook.php:324\nStack trace:\n#0 /wordpress/wp-includes/class-wp-hook.php(348): WP_Hook->apply_filters(NULL, Array)\n#1 /wordpress/wp-includes/plugin.php(517): WP_Hook->do_action(Array)\n#2 /wordpress/wp-settings.php(727): do_action('init')\n#3 /wordpress/wp-config.php(102): require_once('/wordpress/wp-s...')\n#4 /wordpress/wp-load.php(50): require_once('/wordpress/wp-c...')\n#5 /internal/eval.php(3): require_once('/wordpress/wp-l...')\n#6 {main}\n  thrown in /wordpress/wp-includes/class-wp-hook.php on line 324",
    "log": "/logs/plugins/s/simple-flash-video/error.json"
  },
  {
    "message": "Function _load_textdomain_just_in_time was called <strong>incorrectly</strong>. Translation loading for the <code>rulemailer</code> domain was triggered too early. This is usually an indicator for some code in the plugin or theme running too early. Translations should be loaded at the <code>init</code> action or later. Please see <a href=\"https://developer.wordpress.org/advanced-administration/debug/debug-wordpress/\">Debugging in WordPress</a> for more information. (This message was added in version 6.7.0.) in /wordpress/wp-includes/functions.php on line 6121",
    "level": "NOTICE",
    "type": "PHP",
    "test": "jspi-boot",
    "plugin": "simple-flash-video",
    "details": "[06-May-2025 15:36:12 UTC] PHP Notice:  Function _load_textdomain_just_in_time was called <strong>incorrectly</strong>. Translation loading for the <code>rulemailer</code> domain was triggered too early. This is usually an indicator for some code in the plugin or theme running too early. Translations should be loaded at the <code>init</code> action or later. Please see <a href=\"https://developer.wordpress.org/advanced-administration/debug/debug-wordpress/\">Debugging in WordPress</a> for more information. (This message was added in version 6.7.0.) in /wordpress/wp-includes/functions.php on line 6121",
    "log": "/logs/plugins/s/simple-flash-video/error.json"
  },
  {
    "message": "Uncaught TypeError: call_user_func_array(): Argument #1 ($callback) must be a valid callback, non-static method RuleMailerSubscribeWidget::init() cannot be called statically in /wordpress/wp-includes/class-wp-hook.php:324",
    "level": "FATAL",
    "type": "PHP",
    "test": "jspi-boot",
    "plugin": "simple-flash-video",
    "details": "[06-May-2025 15:36:12 UTC] PHP Fatal error:  Uncaught TypeError: call_user_func_array(): Argument #1 ($callback) must be a valid callback, non-static method RuleMailerSubscribeWidget::init() cannot be called statically in /wordpress/wp-includes/class-wp-hook.php:324\nStack trace:\n#0 /wordpress/wp-includes/class-wp-hook.php(348): WP_Hook->apply_filters(NULL, Array)\n#1 /wordpress/wp-includes/plugin.php(517): WP_Hook->do_action(Array)\n#2 /wordpress/wp-settings.php(727): do_action('init')\n#3 /wordpress/wp-config.php(102): require_once('/wordpress/wp-s...')\n#4 /wordpress/wp-load.php(50): require_once('/wordpress/wp-c...')\n#5 /internal/eval.php(3): require_once('/wordpress/wp-l...')\n#6 {main}\n  thrown in /wordpress/wp-includes/class-wp-hook.php on line 324",
    "log": "/logs/plugins/s/simple-flash-video/error.json"
  },
  {
    "message": "Function get_currentuserinfo is <strong>deprecated</strong> since version 4.5.0! Use wp_get_current_user() instead. in /wordpress/wp-includes/functions.php on line 6121",
    "level": "DEPRECATED",
    "type": "PHP",
    "test": "jspi-boot",
    "plugin": "simple-flash-video",
    "details": "[06-May-2025 15:39:27 UTC] PHP Deprecated:  Function get_currentuserinfo is <strong>deprecated</strong> since version 4.5.0! Use wp_get_current_user() instead. in /wordpress/wp-includes/functions.php on line 6121",
    "log": "/logs/plugins/s/simple-flash-video/error.json"
  },
  {
    "message": "Uncaught Error: Call to undefined function get_currentuserinfo() in /wordpress/wp-content/plugins/showhide-admin-bar-in-wp31/index.php:12",
    "level": "FATAL",
    "type": "PHP",
    "test": "jspi-boot",
    "plugin": "simple-flash-video",
    "details": "[06-May-2025 15:39:28 UTC] PHP Fatal error:  Uncaught Error: Call to undefined function get_currentuserinfo() in /wordpress/wp-content/plugins/showhide-admin-bar-in-wp31/index.php:12\nStack trace:\n#0 /wordpress/wp-settings.php(545): include_once()\n#1 /wordpress/wp-config.php(102): require_once('/wordpress/wp-s...')\n#2 /wordpress/wp-load.php(50): require_once('/wordpress/wp-c...')\n#3 /internal/eval.php(3): require_once('/wordpress/wp-l...')\n#4 {main}\n  thrown in /wordpress/wp-content/plugins/showhide-admin-bar-in-wp31/index.php on line 12",
    "log": "/logs/plugins/s/simple-flash-video/error.json"
  },
  {
    "message": "Function get_currentuserinfo is <strong>deprecated</strong> since version 4.5.0! Use wp_get_current_user() instead. in /wordpress/wp-includes/functions.php on line 6121",
    "level": "DEPRECATED",
    "type": "PHP",
    "test": "jspi-boot",
    "plugin": "simple-flash-video",
    "details": "[06-May-2025 15:39:36 UTC] PHP Deprecated:  Function get_currentuserinfo is <strong>deprecated</strong> since version 4.5.0! Use wp_get_current_user() instead. in /wordpress/wp-includes/functions.php on line 6121",
    "log": "/logs/plugins/s/simple-flash-video/error.json"
  },
  {
    "message": "Uncaught Error: Call to undefined function get_currentuserinfo() in /wordpress/wp-content/plugins/showhide-admin-bar-in-wp31/index.php:12",
    "level": "FATAL",
    "type": "PHP",
    "test": "jspi-boot",
    "plugin": "simple-flash-video",
    "details": "[06-May-2025 15:39:37 UTC] PHP Fatal error:  Uncaught Error: Call to undefined function get_currentuserinfo() in /wordpress/wp-content/plugins/showhide-admin-bar-in-wp31/index.php:12\nStack trace:\n#0 /wordpress/wp-settings.php(545): include_once()\n#1 /wordpress/wp-config.php(102): require_once('/wordpress/wp-s...')\n#2 /wordpress/wp-load.php(50): require_once('/wordpress/wp-c...')\n#3 /internal/eval.php(3): require_once('/wordpress/wp-l...')\n#4 {main}\n  thrown in /wordpress/wp-content/plugins/showhide-admin-bar-in-wp31/index.php on line 12",
    "log": "/logs/plugins/s/simple-flash-video/error.json"
  },
  {
    "message": "Function get_currentuserinfo is <strong>deprecated</strong> since version 4.5.0! Use wp_get_current_user() instead. in /wordpress/wp-includes/functions.php on line 6121",
    "level": "DEPRECATED",
    "type": "PHP",
    "test": "jspi-boot",
    "plugin": "simple-flash-video",
    "details": "[06-May-2025 15:39:45 UTC] PHP Deprecated:  Function get_currentuserinfo is <strong>deprecated</strong> since version 4.5.0! Use wp_get_current_user() instead. in /wordpress/wp-includes/functions.php on line 6121",
    "log": "/logs/plugins/s/simple-flash-video/error.json"
  },
  {
    "message": "Uncaught Error: Call to undefined function get_currentuserinfo() in /wordpress/wp-content/plugins/showhide-admin-bar-in-wp31/index.php:12",
    "level": "FATAL",
    "type": "PHP",
    "test": "jspi-boot",
    "plugin": "simple-flash-video",
    "details": "[06-May-2025 15:39:46 UTC] PHP Fatal error:  Uncaught Error: Call to undefined function get_currentuserinfo() in /wordpress/wp-content/plugins/showhide-admin-bar-in-wp31/index.php:12\nStack trace:\n#0 /wordpress/wp-settings.php(545): include_once()\n#1 /wordpress/wp-config.php(102): require_once('/wordpress/wp-s...')\n#2 /wordpress/wp-load.php(50): require_once('/wordpress/wp-c...')\n#3 /internal/eval.php(3): require_once('/wordpress/wp-l...')\n#4 {main}\n  thrown in /wordpress/wp-content/plugins/showhide-admin-bar-in-wp31/index.php on line 12",
    "log": "/logs/plugins/s/simple-flash-video/error.json"
  },
  {
    "message": "require_once(/wordpress/wp-content/plugins/read-more-about/admin/class-read-more-about-admin.php): Failed to open stream: No such file or directory in /wordpress/wp-content/plugins/read-more-about/includes/class-read-more-about.php on line 88",
    "level": "WARNING",
    "type": "PHP",
    "test": "jspi-boot",
    "plugin": "simple-flash-video",
    "details": "[06-May-2025 15:42:28 UTC] PHP Warning:  require_once(/wordpress/wp-content/plugins/read-more-about/admin/class-read-more-about-admin.php): Failed to open stream: No such file or directory in /wordpress/wp-content/plugins/read-more-about/includes/class-read-more-about.php on line 88",
    "log": "/logs/plugins/s/simple-flash-video/error.json"
  },
  {
    "message": "Uncaught Error: Failed opening required '/wordpress/wp-content/plugins/read-more-about/admin/class-read-more-about-admin.php' (include_path='.:') in /wordpress/wp-content/plugins/read-more-about/includes/class-read-more-about.php:88",
    "level": "FATAL",
    "type": "PHP",
    "test": "jspi-boot",
    "plugin": "simple-flash-video",
    "details": "[06-May-2025 15:42:28 UTC] PHP Fatal error:  Uncaught Error: Failed opening required '/wordpress/wp-content/plugins/read-more-about/admin/class-read-more-about-admin.php' (include_path='.:') in /wordpress/wp-content/plugins/read-more-about/includes/class-read-more-about.php:88\nStack trace:\n#0 /wordpress/wp-content/plugins/read-more-about/includes/class-read-more-about.php(70): Read_More_About\\Read_More_About->load_dependencies()\n#1 /wordpress/wp-content/plugins/read-more-about/read-more-about.php(71): Read_More_About\\Read_More_About->__construct()\n#2 /wordpress/wp-content/plugins/read-more-about/read-more-about.php(77): Read_More_About\\run_read_more_about()\n#3 /wordpress/wp-admin/includes/plugin.php(2387): include_once('/wordpress/wp-c...')\n#4 /wordpress/wp-admin/includes/plugin.php(673): plugin_sandbox_scrape('read-more-about...')\n#5 /internal/eval.php(20): activate_plugin('read-more-about...')\n#6 {main}\n  thrown in /wordpress/wp-content/plugins/read-more-about/includes/class-read-more-about.php on line 88",
    "log": "/logs/plugins/s/simple-flash-video/error.json"
  },
  {
    "message": "require_once(/wordpress/wp-content/plugins/read-more-about/admin/class-read-more-about-admin.php): Failed to open stream: No such file or directory in /wordpress/wp-content/plugins/read-more-about/includes/class-read-more-about.php on line 88",
    "level": "WARNING",
    "type": "PHP",
    "test": "jspi-boot",
    "plugin": "simple-flash-video",
    "details": "[06-May-2025 15:42:36 UTC] PHP Warning:  require_once(/wordpress/wp-content/plugins/read-more-about/admin/class-read-more-about-admin.php): Failed to open stream: No such file or directory in /wordpress/wp-content/plugins/read-more-about/includes/class-read-more-about.php on line 88",
    "log": "/logs/plugins/s/simple-flash-video/error.json"
  },
  {
    "message": "Uncaught Error: Failed opening required '/wordpress/wp-content/plugins/read-more-about/admin/class-read-more-about-admin.php' (include_path='.:') in /wordpress/wp-content/plugins/read-more-about/includes/class-read-more-about.php:88",
    "level": "FATAL",
    "type": "PHP",
    "test": "jspi-boot",
    "plugin": "simple-flash-video",
    "details": "[06-May-2025 15:42:36 UTC] PHP Fatal error:  Uncaught Error: Failed opening required '/wordpress/wp-content/plugins/read-more-about/admin/class-read-more-about-admin.php' (include_path='.:') in /wordpress/wp-content/plugins/read-more-about/includes/class-read-more-about.php:88\nStack trace:\n#0 /wordpress/wp-content/plugins/read-more-about/includes/class-read-more-about.php(70): Read_More_About\\Read_More_About->load_dependencies()\n#1 /wordpress/wp-content/plugins/read-more-about/read-more-about.php(71): Read_More_About\\Read_More_About->__construct()\n#2 /wordpress/wp-content/plugins/read-more-about/read-more-about.php(77): Read_More_About\\run_read_more_about()\n#3 /wordpress/wp-admin/includes/plugin.php(2387): include_once('/wordpress/wp-c...')\n#4 /wordpress/wp-admin/includes/plugin.php(673): plugin_sandbox_scrape('read-more-about...')\n#5 /internal/eval.php(20): activate_plugin('read-more-about...')\n#6 {main}\n  thrown in /wordpress/wp-content/plugins/read-more-about/includes/class-read-more-about.php on line 88",
    "log": "/logs/plugins/s/simple-flash-video/error.json"
  },
  {
    "message": "require_once(/wordpress/wp-content/plugins/read-more-about/admin/class-read-more-about-admin.php): Failed to open stream: No such file or directory in /wordpress/wp-content/plugins/read-more-about/includes/class-read-more-about.php on line 88",
    "level": "WARNING",
    "type": "PHP",
    "test": "jspi-boot",
    "plugin": "simple-flash-video",
    "details": "[06-May-2025 15:42:44 UTC] PHP Warning:  require_once(/wordpress/wp-content/plugins/read-more-about/admin/class-read-more-about-admin.php): Failed to open stream: No such file or directory in /wordpress/wp-content/plugins/read-more-about/includes/class-read-more-about.php on line 88",
    "log": "/logs/plugins/s/simple-flash-video/error.json"
  },
  {
    "message": "Uncaught Error: Failed opening required '/wordpress/wp-content/plugins/read-more-about/admin/class-read-more-about-admin.php' (include_path='.:') in /wordpress/wp-content/plugins/read-more-about/includes/class-read-more-about.php:88",
    "level": "FATAL",
    "type": "PHP",
    "test": "jspi-boot",
    "plugin": "simple-flash-video",
    "details": "[06-May-2025 15:42:44 UTC] PHP Fatal error:  Uncaught Error: Failed opening required '/wordpress/wp-content/plugins/read-more-about/admin/class-read-more-about-admin.php' (include_path='.:') in /wordpress/wp-content/plugins/read-more-about/includes/class-read-more-about.php:88\nStack trace:\n#0 /wordpress/wp-content/plugins/read-more-about/includes/class-read-more-about.php(70): Read_More_About\\Read_More_About->load_dependencies()\n#1 /wordpress/wp-content/plugins/read-more-about/read-more-about.php(71): Read_More_About\\Read_More_About->__construct()\n#2 /wordpress/wp-content/plugins/read-more-about/read-more-about.php(77): Read_More_About\\run_read_more_about()\n#3 /wordpress/wp-admin/includes/plugin.php(2387): include_once('/wordpress/wp-c...')\n#4 /wordpress/wp-admin/includes/plugin.php(673): plugin_sandbox_scrape('read-more-about...')\n#5 /internal/eval.php(20): activate_plugin('read-more-about...')\n#6 {main}\n  thrown in /wordpress/wp-content/plugins/read-more-about/includes/class-read-more-about.php on line 88",
    "log": "/logs/plugins/s/simple-flash-video/error.json"
  },
  {
    "message": "Required parameter $old_quantity follows optional parameter $quantity in /wordpress/wp-content/plugins/simile-for-woocommerce/includes/simile-smart-bundles-products-view.php on line 430",
    "level": "DEPRECATED",
    "type": "PHP",
    "test": "jspi-boot",
    "plugin": "simple-flash-video",
    "details": "[06-May-2025 15:44:21 UTC] PHP Deprecated:  Required parameter $old_quantity follows optional parameter $quantity in /wordpress/wp-content/plugins/simile-for-woocommerce/includes/simile-smart-bundles-products-view.php on line 430",
    "log": "/logs/plugins/s/simple-flash-video/error.json"
  },
  {
    "message": "Required parameter $cart follows optional parameter $quantity in /wordpress/wp-content/plugins/simile-for-woocommerce/includes/simile-smart-bundles-products-view.php on line 430",
    "level": "DEPRECATED",
    "type": "PHP",
    "test": "jspi-boot",
    "plugin": "simple-flash-video",
    "details": "[06-May-2025 15:44:21 UTC] PHP Deprecated:  Required parameter $cart follows optional parameter $quantity in /wordpress/wp-content/plugins/simile-for-woocommerce/includes/simile-smart-bundles-products-view.php on line 430",
    "log": "/logs/plugins/s/simple-flash-video/error.json"
  },
  {
    "message": "Uncaught Exception: \"cURL error 35: OpenSSL SSL_connect: SSL_ERROR_SYSCALL in connection to api.scopemedia.com:443 \" in /wordpress/wp-content/plugins/simile-for-woocommerce/includes/simile-model.php:429",
    "level": "FATAL",
    "type": "PHP",
    "test": "jspi-boot",
    "plugin": "simple-flash-video",
    "details": "[06-May-2025 15:44:22 UTC] PHP Fatal error:  Uncaught Exception: \"cURL error 35: OpenSSL SSL_connect: SSL_ERROR_SYSCALL in connection to api.scopemedia.com:443 \" in /wordpress/wp-content/plugins/simile-for-woocommerce/includes/simile-model.php:429\nStack trace:\n#0 /wordpress/wp-content/plugins/simile-for-woocommerce/includes/simile-model.php(50): Simile_Model::check_response_error(Object(WP_Error))\n#1 /wordpress/wp-content/plugins/simile-for-woocommerce/includes/simile-on-activation.php(42): Simile_Model::signup()\n#2 /wordpress/wp-content/plugins/simile-for-woocommerce/simile-for-woocommerce.php(78): Simile_On_Activation::on_activation()\n#3 /wordpress/wp-includes/class-wp-hook.php(324): Simile->on_activation(false)\n#4 /wordpress/wp-includes/class-wp-hook.php(348): WP_Hook->apply_filters('', Array)\n#5 /wordpress/wp-includes/plugin.php(517): WP_Hook->do_action(Array)\n#6 /wordpress/wp-admin/includes/plugin.php(703): do_action('activate_simile...', false)\n#7 /internal/eval.php(20): activate_plugin('simile-for-wooc...')\n#8 {main}\n  thrown in /wordpress/wp-content/plugins/simile-for-woocommerce/includes/simile-model.php on line 429",
    "log": "/logs/plugins/s/simple-flash-video/error.json"
  },
  {
    "message": "Required parameter $old_quantity follows optional parameter $quantity in /wordpress/wp-content/plugins/simile-for-woocommerce/includes/simile-smart-bundles-products-view.php on line 430",
    "level": "DEPRECATED",
    "type": "PHP",
    "test": "jspi-boot",
    "plugin": "simple-flash-video",
    "details": "[06-May-2025 15:44:29 UTC] PHP Deprecated:  Required parameter $old_quantity follows optional parameter $quantity in /wordpress/wp-content/plugins/simile-for-woocommerce/includes/simile-smart-bundles-products-view.php on line 430",
    "log": "/logs/plugins/s/simple-flash-video/error.json"
  },
  {
    "message": "Required parameter $cart follows optional parameter $quantity in /wordpress/wp-content/plugins/simile-for-woocommerce/includes/simile-smart-bundles-products-view.php on line 430",
    "level": "DEPRECATED",
    "type": "PHP",
    "test": "jspi-boot",
    "plugin": "simple-flash-video",
    "details": "[06-May-2025 15:44:29 UTC] PHP Deprecated:  Required parameter $cart follows optional parameter $quantity in /wordpress/wp-content/plugins/simile-for-woocommerce/includes/simile-smart-bundles-products-view.php on line 430",
    "log": "/logs/plugins/s/simple-flash-video/error.json"
  },
  {
    "message": "Unknown drop type: table.",
    "level": "FATAL",
    "type": "SQL",
    "test": "jspi-boot",
    "plugin": "simple-flash-video",
    "details": "[06-May-2025 15:44:29 UTC] WordPress database error <div style=\"clear:both\">&nbsp;</div>\n<div class=\"queries\" style=\"clear:both;margin-bottom:2px;border:red dotted thin;\">\n<p>MySQL query:</p>\n<p>drop table IF EXISTS wp_postmeta_simile_backup;</p>\n<p>Queries made or created this session were:</p>\n<ol>\n<li>Executing: BEGIN | (no parameters)</li>\n<li>Executing: ROLLBACK | (no parameters)</li>\n</ol>\n</div>\n<div style=\"clear:both;margin-bottom:2px;border:red dotted thin;\" class=\"error_message\" style=\"border-bottom:dotted blue thin;\">\nError occurred at line 4117 in Function <code>handle_error</code>. Error message was: Unknown drop type: table.\n</div>\n<p>Backtrace:</p>\n<pre>#0 /internal/shared/sqlite-database-integration/wp-includes/sqlite/class-wp-sqlite-db.php(287): WP_SQLite_Translator->get_error_message()\n#1 /wordpress/wp-content/plugins/simile-for-woocommerce/includes/simile-model.php(105): WP_SQLite_DB->query('drop table IF E...')\n#2 /wordpress/wp-content/plugins/simile-for-woocommerce/includes/simile-on-activation.php(38): Simile_Model::initial_db()\n#3 /wordpress/wp-content/plugins/simile-for-woocommerce/simile-for-woocommerce.php(78): Simile_On_Activation::on_activation()\n#4 /wordpress/wp-includes/class-wp-hook.php(324): Simile->on_activation(false)\n#5 /wordpress/wp-includes/class-wp-hook.php(348): WP_Hook->apply_filters('', Array)\n#6 /wordpress/wp-includes/plugin.php(517): WP_Hook->do_action(Array)\n#7 /wordpress/wp-admin/includes/plugin.php(703): do_action('activate_simile...', false)\n#8 /internal/eval.php(20): activate_plugin('simile-for-wooc...')\n#9 {main}</pre>\n for query drop table IF EXISTS wp_postmeta_simile_backup; made by activate_plugin, do_action('activate_simile-for-woocommerce/simile-for-woocommerce.php'), WP_Hook->do_action, WP_Hook->apply_filters, Simile->on_activation, Simile_On_Activation::on_activation, Simile_Model::initial_db, WP_SQLite_DB->query, WP_SQLite_DB->print_error",
    "log": "/logs/plugins/s/simple-flash-video/error.json"
  },
  {
    "message": "Uncaught Error: Call to a member function matches() on null in /internal/shared/sqlite-database-integration/wp-includes/sqlite/class-wp-sqlite-translator.php:1021",
    "level": "FATAL",
    "type": "PHP",
    "test": "jspi-boot",
    "plugin": "simple-flash-video",
    "details": "[06-May-2025 15:44:29 UTC] PHP Fatal error:  Uncaught Error: Call to a member function matches() on null in /internal/shared/sqlite-database-integration/wp-includes/sqlite/class-wp-sqlite-translator.php:1021\nStack trace:\n#0 /internal/shared/sqlite-database-integration/wp-includes/sqlite/class-wp-sqlite-translator.php(880): WP_SQLite_Translator->parse_create_table()\n#1 /internal/shared/sqlite-database-integration/wp-includes/sqlite/class-wp-sqlite-translator.php(3377): WP_SQLite_Translator->execute_create_table()\n#2 /internal/shared/sqlite-database-integration/wp-includes/sqlite/class-wp-sqlite-translator.php(801): WP_SQLite_Translator->execute_create()\n#3 /internal/shared/sqlite-database-integration/wp-includes/sqlite/class-wp-sqlite-translator.php(622): WP_SQLite_Translator->execute_mysql_query('CREATE TABLE wp...')\n#4 /internal/shared/sqlite-database-integration/wp-includes/sqlite/class-wp-sqlite-db.php(280): WP_SQLite_Translator->query('CREATE TABLE wp...')\n#5 /wordpress/wp-content/plugins/simile-for-woocommerce/includes/simile-model.php(106): WP_SQLite_DB->query('CREATE TABLE wp...')\n#6 /wordpress/wp-content/plugins/simile-for-woocommerce/includes/simile-on-activation.php(38): Simile_Model::initial_db()\n#7 /wordpress/wp-content/plugins/simile-for-woocommerce/simile-for-woocommerce.php(78): Simile_On_Activation::on_activation()\n#8 /wordpress/wp-includes/class-wp-hook.php(324): Simile->on_activation(false)\n#9 /wordpress/wp-includes/class-wp-hook.php(348): WP_Hook->apply_filters('', Array)\n#10 /wordpress/wp-includes/plugin.php(517): WP_Hook->do_action(Array)\n#11 /wordpress/wp-admin/includes/plugin.php(703): do_action('activate_simile...', false)\n#12 /internal/eval.php(20): activate_plugin('simile-for-wooc...')\n#13 {main}\n  thrown in /internal/shared/sqlite-database-integration/wp-includes/sqlite/class-wp-sqlite-translator.php on line 1021",
    "log": "/logs/plugins/s/simple-flash-video/error.json"
  },
  {
    "message": "Required parameter $old_quantity follows optional parameter $quantity in /wordpress/wp-content/plugins/simile-for-woocommerce/includes/simile-smart-bundles-products-view.php on line 430",
    "level": "DEPRECATED",
    "type": "PHP",
    "test": "jspi-boot",
    "plugin": "simple-flash-video",
    "details": "[06-May-2025 15:44:38 UTC] PHP Deprecated:  Required parameter $old_quantity follows optional parameter $quantity in /wordpress/wp-content/plugins/simile-for-woocommerce/includes/simile-smart-bundles-products-view.php on line 430",
    "log": "/logs/plugins/s/simple-flash-video/error.json"
  },
  {
    "message": "Required parameter $cart follows optional parameter $quantity in /wordpress/wp-content/plugins/simile-for-woocommerce/includes/simile-smart-bundles-products-view.php on line 430",
    "level": "DEPRECATED",
    "type": "PHP",
    "test": "jspi-boot",
    "plugin": "simple-flash-video",
    "details": "[06-May-2025 15:44:38 UTC] PHP Deprecated:  Required parameter $cart follows optional parameter $quantity in /wordpress/wp-content/plugins/simile-for-woocommerce/includes/simile-smart-bundles-products-view.php on line 430",
    "log": "/logs/plugins/s/simple-flash-video/error.json"
  },
  {
    "message": "Unknown drop type: table.",
    "level": "FATAL",
    "type": "SQL",
    "test": "jspi-boot",
    "plugin": "simple-flash-video",
    "details": "[06-May-2025 15:44:38 UTC] WordPress database error <div style=\"clear:both\">&nbsp;</div>\n<div class=\"queries\" style=\"clear:both;margin-bottom:2px;border:red dotted thin;\">\n<p>MySQL query:</p>\n<p>drop table IF EXISTS wp_postmeta_simile_backup;</p>\n<p>Queries made or created this session were:</p>\n<ol>\n<li>Executing: BEGIN | (no parameters)</li>\n<li>Executing: ROLLBACK | (no parameters)</li>\n</ol>\n</div>\n<div style=\"clear:both;margin-bottom:2px;border:red dotted thin;\" class=\"error_message\" style=\"border-bottom:dotted blue thin;\">\nError occurred at line 4117 in Function <code>handle_error</code>. Error message was: Unknown drop type: table.\n</div>\n<p>Backtrace:</p>\n<pre>#0 /internal/shared/sqlite-database-integration/wp-includes/sqlite/class-wp-sqlite-db.php(287): WP_SQLite_Translator->get_error_message()\n#1 /wordpress/wp-content/plugins/simile-for-woocommerce/includes/simile-model.php(105): WP_SQLite_DB->query('drop table IF E...')\n#2 /wordpress/wp-content/plugins/simile-for-woocommerce/includes/simile-on-activation.php(38): Simile_Model::initial_db()\n#3 /wordpress/wp-content/plugins/simile-for-woocommerce/simile-for-woocommerce.php(78): Simile_On_Activation::on_activation()\n#4 /wordpress/wp-includes/class-wp-hook.php(324): Simile->on_activation(false)\n#5 /wordpress/wp-includes/class-wp-hook.php(348): WP_Hook->apply_filters('', Array)\n#6 /wordpress/wp-includes/plugin.php(517): WP_Hook->do_action(Array)\n#7 /wordpress/wp-admin/includes/plugin.php(703): do_action('activate_simile...', false)\n#8 /internal/eval.php(20): activate_plugin('simile-for-wooc...')\n#9 {main}</pre>\n for query drop table IF EXISTS wp_postmeta_simile_backup; made by activate_plugin, do_action('activate_simile-for-woocommerce/simile-for-woocommerce.php'), WP_Hook->do_action, WP_Hook->apply_filters, Simile->on_activation, Simile_On_Activation::on_activation, Simile_Model::initial_db, WP_SQLite_DB->query, WP_SQLite_DB->print_error",
    "log": "/logs/plugins/s/simple-flash-video/error.json"
  },
  {
    "message": "Uncaught Error: Call to a member function matches() on null in /internal/shared/sqlite-database-integration/wp-includes/sqlite/class-wp-sqlite-translator.php:1021",
    "level": "FATAL",
    "type": "PHP",
    "test": "jspi-boot",
    "plugin": "simple-flash-video",
    "details": "[06-May-2025 15:44:38 UTC] PHP Fatal error:  Uncaught Error: Call to a member function matches() on null in /internal/shared/sqlite-database-integration/wp-includes/sqlite/class-wp-sqlite-translator.php:1021\nStack trace:\n#0 /internal/shared/sqlite-database-integration/wp-includes/sqlite/class-wp-sqlite-translator.php(880): WP_SQLite_Translator->parse_create_table()\n#1 /internal/shared/sqlite-database-integration/wp-includes/sqlite/class-wp-sqlite-translator.php(3377): WP_SQLite_Translator->execute_create_table()\n#2 /internal/shared/sqlite-database-integration/wp-includes/sqlite/class-wp-sqlite-translator.php(801): WP_SQLite_Translator->execute_create()\n#3 /internal/shared/sqlite-database-integration/wp-includes/sqlite/class-wp-sqlite-translator.php(622): WP_SQLite_Translator->execute_mysql_query('CREATE TABLE wp...')\n#4 /internal/shared/sqlite-database-integration/wp-includes/sqlite/class-wp-sqlite-db.php(280): WP_SQLite_Translator->query('CREATE TABLE wp...')\n#5 /wordpress/wp-content/plugins/simile-for-woocommerce/includes/simile-model.php(106): WP_SQLite_DB->query('CREATE TABLE wp...')\n#6 /wordpress/wp-content/plugins/simile-for-woocommerce/includes/simile-on-activation.php(38): Simile_Model::initial_db()\n#7 /wordpress/wp-content/plugins/simile-for-woocommerce/simile-for-woocommerce.php(78): Simile_On_Activation::on_activation()\n#8 /wordpress/wp-includes/class-wp-hook.php(324): Simile->on_activation(false)\n#9 /wordpress/wp-includes/class-wp-hook.php(348): WP_Hook->apply_filters('', Array)\n#10 /wordpress/wp-includes/plugin.php(517): WP_Hook->do_action(Array)\n#11 /wordpress/wp-admin/includes/plugin.php(703): do_action('activate_simile...', false)\n#12 /internal/eval.php(20): activate_plugin('simile-for-wooc...')\n#13 {main}\n  thrown in /internal/shared/sqlite-database-integration/wp-includes/sqlite/class-wp-sqlite-translator.php on line 1021",
    "log": "/logs/plugins/s/simple-flash-video/error.json"
  },
  {
    "message": "Array and string offset access syntax with curly braces is no longer supported in /wordpress/wp-content/plugins/simple-flash-video/simple-flash-video.php on line 920",
    "level": "FATAL",
    "type": "PHP",
    "test": "jspi-boot",
    "plugin": "simple-flash-video",
    "details": "[06-May-2025 15:45:16 UTC] PHP Fatal error:  Array and string offset access syntax with curly braces is no longer supported in /wordpress/wp-content/plugins/simple-flash-video/simple-flash-video.php on line 920",
    "log": "/logs/plugins/s/simple-flash-video/error.json"
  },
  {
    "message": "Array and string offset access syntax with curly braces is no longer supported in /wordpress/wp-content/plugins/simple-flash-video/simple-flash-video.php on line 920",
    "level": "FATAL",
    "type": "PHP",
    "test": "jspi-boot",
    "plugin": "simple-flash-video",
    "details": "[06-May-2025 15:45:24 UTC] PHP Fatal error:  Array and string offset access syntax with curly braces is no longer supported in /wordpress/wp-content/plugins/simple-flash-video/simple-flash-video.php on line 920",
    "log": "/logs/plugins/s/simple-flash-video/error.json"
  },
  {
    "message": "Array and string offset access syntax with curly braces is no longer supported in /wordpress/wp-content/plugins/simple-flash-video/simple-flash-video.php on line 920",
    "level": "FATAL",
    "type": "PHP",
    "test": "jspi-boot",
    "plugin": "simple-flash-video",
    "details": "[06-May-2025 15:45:31 UTC] PHP Fatal error:  Array and string offset access syntax with curly braces is no longer supported in /wordpress/wp-content/plugins/simple-flash-video/simple-flash-video.php on line 920\n\n    at Object.onBind (file:///home/runner/work/playground-tester/playground-tester/node_modules/@wp-playground/cli/index.js:237:15)\n    at process.processTicksAndRejections (node:internal/process/task_queues:105:5)\n    at async V (file:///home/runner/work/playground-tester/playground-tester/node_modules/@wp-playground/cli/index.js:64:10)\n    at async ja (file:///home/runner/work/playground-tester/playground-tester/node_modules/@wp-playground/cli/cli.js:8161:12) {\n  [cause]: Error: Error when executing the blueprint step #1 ({\"step\":\"installPlugin\",\"pluginData\":{\"resource\":\"wordpress.org/plugins\",\"slug\":\"simple-flash-video\"},\"options\":{\"activate\":true}}) : PHP.run() failed with exit code 255 and the following output: \n      at Object.run (file:///home/runner/work/playground-tester/playground-tester/node_modules/@wp-playground/blueprints/index.js:12449:19)\n      at process.processTicksAndRejections (node:internal/process/task_queues:105:5)\n      at async ms (file:///home/runner/work/playground-tester/playground-tester/node_modules/@wp-playground/blueprints/index.js:12552:3)\n      ... 2 lines matching cause stack trace ...\n      at async ja (file:///home/runner/work/playground-tester/playground-tester/node_modules/@wp-playground/cli/cli.js:8161:12) {\n    [cause]: PHPExecutionFailureError: PHP.run() failed with exit code 255 and the following output: \n        at PHP.run (file:///home/runner/work/playground-tester/playground-tester/node_modules/@php-wasm/universal/index.js:987:19)\n        at process.processTicksAndRejections (node:internal/process/task_queues:105:5)\n        at async wr (file:///home/runner/work/playground-tester/playground-tester/node_modules/@wp-playground/blueprints/index.js:33:39)\n        at async Object.gt [as installPlugin] (file:///home/runner/work/playground-tester/playground-tester/node_modules/@wp-playground/blueprints/index.js:974:42)\n        at async g (file:///home/runner/work/playground-tester/playground-tester/node_modules/@wp-playground/blueprints/index.js:12517:30)\n        at async Object.run (file:///home/runner/work/playground-tester/playground-tester/node_modules/@wp-playground/blueprints/index.js:12446:23)\n        at async ms (file:///home/runner/work/playground-tester/playground-tester/node_modules/@wp-playground/blueprints/index.js:12552:3)\n        at async Object.onBind (file:///home/runner/work/playground-tester/playground-tester/node_modules/@wp-playground/cli/index.js:227:48)\n        at async V (file:///home/runner/work/playground-tester/playground-tester/node_modules/@wp-playground/cli/index.js:64:10)\n        at async ja (file:///home/runner/work/playground-tester/playground-tester/node_modules/@wp-playground/cli/cli.js:8161:12) {\n      response: PHPResponse {\n        httpStatusCode: 500,\n        headers: {\n          'x-powered-by': [ 'PHP/8.0.30-dev' ],\n          'content-type': [ 'text/html; charset=UTF-8' ]\n        },\n        bytes: Uint8Array(0) [],\n        exitCode: 255,\n        errors: ''\n      },\n      source: 'request'\n    }\n  }\n}\n\n",
    "log": "/logs/plugins/s/simple-flash-video/error.json"
  }
]
