file:///home/runner/work/playground-tester/playground-tester/node_modules/@wp-playground/cli/run-cli-j-geJYS3.js:325
        throw new Error($, { cause: h });
              ^

Error: [29-Jun-2025 14:25:58 UTC] PHP Warning:  mkdir(): No such file or directory in /wordpress/wp-content/plugins/static-image-map/static-image-map.php on line 69
[29-Jun-2025 14:26:08 UTC] PHP Warning:  mkdir(): No such file or directory in /wordpress/wp-content/plugins/static-image-map/static-image-map.php on line 69
[29-Jun-2025 14:26:17 UTC] PHP Warning:  mkdir(): No such file or directory in /wordpress/wp-content/plugins/static-image-map/static-image-map.php on line 69
[29-Jun-2025 14:26:28 UTC] PHP Fatal error:  Uncaught Error: Call to undefined function create_function() in /wordpress/wp-content/plugins/stay-alive/stay-alive-widget.php:65
Stack trace:
#0 /wordpress/wp-content/plugins/stay-alive/stay-alive.php(16): include()
#1 /wordpress/wp-admin/includes/plugin.php(2387): include_once('/wordpress/wp-c...')
#2 /wordpress/wp-admin/includes/plugin.php(673): plugin_sandbox_scrape('stay-alive/stay...')
#3 /internal/eval.php(20): activate_plugin('stay-alive/stay...')
#4 {main}
  thrown in /wordpress/wp-content/plugins/stay-alive/stay-alive-widget.php on line 65
[29-Jun-2025 14:26:36 UTC] PHP Fatal error:  Uncaught Error: Call to undefined function create_function() in /wordpress/wp-content/plugins/stay-alive/stay-alive-widget.php:65
Stack trace:
#0 /wordpress/wp-content/plugins/stay-alive/stay-alive.php(16): include()
#1 /wordpress/wp-admin/includes/plugin.php(2387): include_once('/wordpress/wp-c...')
#2 /wordpress/wp-admin/includes/plugin.php(673): plugin_sandbox_scrape('stay-alive/stay...')
#3 /internal/eval.php(20): activate_plugin('stay-alive/stay...')
#4 {main}
  thrown in /wordpress/wp-content/plugins/stay-alive/stay-alive-widget.php on line 65
[29-Jun-2025 14:26:44 UTC] PHP Fatal error:  Uncaught Error: Call to undefined function create_function() in /wordpress/wp-content/plugins/stay-alive/stay-alive-widget.php:65
Stack trace:
#0 /wordpress/wp-content/plugins/stay-alive/stay-alive.php(16): include()
#1 /wordpress/wp-admin/includes/plugin.php(2387): include_once('/wordpress/wp-c...')
#2 /wordpress/wp-admin/includes/plugin.php(673): plugin_sandbox_scrape('stay-alive/stay...')
#3 /internal/eval.php(20): activate_plugin('stay-alive/stay...')
#4 {main}
  thrown in /wordpress/wp-content/plugins/stay-alive/stay-alive-widget.php on line 65
[29-Jun-2025 14:27:53 UTC] PHP Deprecated:  Function register_sidebar_widget is <strong>deprecated</strong> since version 2.8.0! Use wp_register_sidebar_widget() instead. in /wordpress/wp-includes/functions.php on line 6121
[29-Jun-2025 14:28:03 UTC] PHP Deprecated:  Function register_sidebar_widget is <strong>deprecated</strong> since version 2.8.0! Use wp_register_sidebar_widget() instead. in /wordpress/wp-includes/functions.php on line 6121
[29-Jun-2025 14:28:13 UTC] PHP Deprecated:  Function register_sidebar_widget is <strong>deprecated</strong> since version 2.8.0! Use wp_register_sidebar_widget() instead. in /wordpress/wp-includes/functions.php on line 6121
[29-Jun-2025 14:28:50 UTC] PHP Deprecated:  Required parameter $value follows optional parameter $dim in /wordpress/wp-content/plugins/simple-category-icons/simple_category_icons.php on line 237
[29-Jun-2025 14:28:52 UTC] PHP Deprecated:  Required parameter $value follows optional parameter $dim in /wordpress/wp-content/plugins/simple-category-icons/simple_category_icons.php on line 237
[29-Jun-2025 14:29:00 UTC] PHP Deprecated:  Required parameter $value follows optional parameter $dim in /wordpress/wp-content/plugins/simple-category-icons/simple_category_icons.php on line 237
[29-Jun-2025 14:29:02 UTC] PHP Deprecated:  Required parameter $value follows optional parameter $dim in /wordpress/wp-content/plugins/simple-category-icons/simple_category_icons.php on line 237
[29-Jun-2025 14:29:10 UTC] PHP Deprecated:  Required parameter $value follows optional parameter $dim in /wordpress/wp-content/plugins/simple-category-icons/simple_category_icons.php on line 237
[29-Jun-2025 14:29:11 UTC] PHP Deprecated:  Required parameter $value follows optional parameter $dim in /wordpress/wp-content/plugins/simple-category-icons/simple_category_icons.php on line 237
[29-Jun-2025 14:31:41 UTC] PHP Fatal error:  Uncaught Exception: DateTimeZone::__construct(): Unknown or bad timezone () in /wordpress/wp-content/plugins/simple-schedule-notice/simple-schedule-notice.php:47
Stack trace:
#0 /wordpress/wp-content/plugins/simple-schedule-notice/simple-schedule-notice.php(47): DateTimeZone->__construct('')
#1 /wordpress/wp-content/plugins/simple-schedule-notice/simple-schedule-notice.php(944): Simple_Schedulenotice_Class->__construct()
#2 /wordpress/wp-admin/includes/plugin.php(2387): include_once('/wordpress/wp-c...')
#3 /wordpress/wp-admin/includes/plugin.php(673): plugin_sandbox_scrape('simple-schedule...')
#4 /internal/eval.php(20): activate_plugin('simple-schedule...')
#5 {main}
  thrown in /wordpress/wp-content/plugins/simple-schedule-notice/simple-schedule-notice.php on line 47
[29-Jun-2025 14:31:49 UTC] PHP Fatal error:  Uncaught Exception: DateTimeZone::__construct(): Unknown or bad timezone () in /wordpress/wp-content/plugins/simple-schedule-notice/simple-schedule-notice.php:47
Stack trace:
#0 /wordpress/wp-content/plugins/simple-schedule-notice/simple-schedule-notice.php(47): DateTimeZone->__construct('')
#1 /wordpress/wp-content/plugins/simple-schedule-notice/simple-schedule-notice.php(944): Simple_Schedulenotice_Class->__construct()
#2 /wordpress/wp-admin/includes/plugin.php(2387): include_once('/wordpress/wp-c...')
#3 /wordpress/wp-admin/includes/plugin.php(673): plugin_sandbox_scrape('simple-schedule...')
#4 /internal/eval.php(20): activate_plugin('simple-schedule...')
#5 {main}
  thrown in /wordpress/wp-content/plugins/simple-schedule-notice/simple-schedule-notice.php on line 47
[29-Jun-2025 14:31:57 UTC] PHP Fatal error:  Uncaught Exception: DateTimeZone::__construct(): Unknown or bad timezone () in /wordpress/wp-content/plugins/simple-schedule-notice/simple-schedule-notice.php:47
Stack trace:
#0 /wordpress/wp-content/plugins/simple-schedule-notice/simple-schedule-notice.php(47): DateTimeZone->__construct('')
#1 /wordpress/wp-content/plugins/simple-schedule-notice/simple-schedule-notice.php(944): Simple_Schedulenotice_Class->__construct()
#2 /wordpress/wp-admin/includes/plugin.php(2387): include_once('/wordpress/wp-c...')
#3 /wordpress/wp-admin/includes/plugin.php(673): plugin_sandbox_scrape('simple-schedule...')
#4 /internal/eval.php(20): activate_plugin('simple-schedule...')
#5 {main}
  thrown in /wordpress/wp-content/plugins/simple-schedule-notice/simple-schedule-notice.php on line 47
[29-Jun-2025 14:33:58 UTC] PHP Deprecated:  Function get_page_by_title is <strong>deprecated</strong> since version 6.2.0! Use WP_Query instead. in /wordpress/wp-includes/functions.php on line 6121
[29-Jun-2025 14:34:11 UTC] PHP Deprecated:  Function get_page_by_title is <strong>deprecated</strong> since version 6.2.0! Use WP_Query instead. in /wordpress/wp-includes/functions.php on line 6121
[29-Jun-2025 14:34:24 UTC] PHP Deprecated:  Function get_page_by_title is <strong>deprecated</strong> since version 6.2.0! Use WP_Query instead. in /wordpress/wp-includes/functions.php on line 6121
[29-Jun-2025 14:37:05 UTC] PHP Fatal error:  Uncaught ArgumentCountError: Too few arguments to function WP_Widget::__construct(), 0 passed in /wordpress/wp-includes/class-wp-widget-factory.php on line 62 and at least 2 expected in /wordpress/wp-includes/class-wp-widget.php:163
Stack trace:
#0 /wordpress/wp-includes/class-wp-widget-factory.php(62): WP_Widget->__construct()
#1 /wordpress/wp-includes/widgets.php(123): WP_Widget_Factory->register('SmartYouTube_Wi...')
#2 /wordpress/wp-content/plugins/smart-youtube/smartyoutube.php(1393): register_widget('SmartYouTube_Wi...')
#3 /wordpress/wp-includes/class-wp-hook.php(324): SmartYouTube_PRO->load_widgets('')
#4 /wordpress/wp-includes/class-wp-hook.php(348): WP_Hook->apply_filters(NULL, Array)
#5 /wordpress/wp-includes/plugin.php(517): WP_Hook->do_action(Array)
#6 /wordpress/wp-includes/widgets.php(1870): do_action('widgets_init')
#7 /wordpress/wp-includes/class-wp-hook.php(324): wp_widgets_init('')
#8 /wordpress/wp-includes/class-wp-hook.php(348): WP_Hook->apply_filters(NULL, Array)
#9 /wordpress/wp-includes/plugin.php(517): WP_Hook->do_action(Array)
#10 /wordpress/wp-settings.php(727): do_action('init')
#11 /wordpress/wp-config.php(102): require_once('/wordpress/wp-s...')
#12 /wordpress/wp-load.php(50): require_once('/wordpress/wp-c...')
#13 /internal/eval.php(3): require_once('/wordpress/wp-l...')
#14 {main}
  thrown in /wordpress/wp-includes/class-wp-widget.php on line 163
[29-Jun-2025 14:37:14 UTC] PHP Fatal error:  Uncaught ArgumentCountError: Too few arguments to function WP_Widget::__construct(), 0 passed in /wordpress/wp-includes/class-wp-widget-factory.php on line 62 and at least 2 expected in /wordpress/wp-includes/class-wp-widget.php:163
Stack trace:
#0 /wordpress/wp-includes/class-wp-widget-factory.php(62): WP_Widget->__construct()
#1 /wordpress/wp-includes/widgets.php(123): WP_Widget_Factory->register('SmartYouTube_Wi...')
#2 /wordpress/wp-content/plugins/smart-youtube/smartyoutube.php(1393): register_widget('SmartYouTube_Wi...')
#3 /wordpress/wp-includes/class-wp-hook.php(324): SmartYouTube_PRO->load_widgets('')
#4 /wordpress/wp-includes/class-wp-hook.php(348): WP_Hook->apply_filters(NULL, Array)
#5 /wordpress/wp-includes/plugin.php(517): WP_Hook->do_action(Array)
#6 /wordpress/wp-includes/widgets.php(1870): do_action('widgets_init')
#7 /wordpress/wp-includes/class-wp-hook.php(324): wp_widgets_init('')
#8 /wordpress/wp-includes/class-wp-hook.php(348): WP_Hook->apply_filters(NULL, Array)
#9 /wordpress/wp-includes/plugin.php(517): WP_Hook->do_action(Array)
#10 /wordpress/wp-settings.php(727): do_action('init')
#11 /wordpress/wp-config.php(102): require_once('/wordpress/wp-s...')
#12 /wordpress/wp-load.php(50): require_once('/wordpress/wp-c...')
#13 /internal/eval.php(3): require_once('/wordpress/wp-l...')
#14 {main}
  thrown in /wordpress/wp-includes/class-wp-widget.php on line 163

    at Object.onBind (file:///home/runner/work/playground-tester/playground-tester/node_modules/@wp-playground/cli/run-cli-j-geJYS3.js:325:15)
    at process.processTicksAndRejections (node:internal/process/task_queues:105:5)
    at async re (file:///home/runner/work/playground-tester/playground-tester/node_modules/@wp-playground/cli/run-cli-j-geJYS3.js:149:10) {
  [cause]: Error: Error when executing the blueprint step #1 ({"step":"installPlugin","pluginData":{"resource":"wordpress.org/plugins","slug":"smart-youtube"},"options":{"activate":true}}) : PHP.run() failed with exit code 255 and the following output: 
      at Object.run (file:///home/runner/work/playground-tester/playground-tester/node_modules/@wp-playground/blueprints/index.js:12093:19)
      at process.processTicksAndRejections (node:internal/process/task_queues:105:5)
      at async ys (file:///home/runner/work/playground-tester/playground-tester/node_modules/@wp-playground/blueprints/index.js:12196:3)
      at async Object.onBind (file:///home/runner/work/playground-tester/playground-tester/node_modules/@wp-playground/cli/run-cli-j-geJYS3.js:315:48)
      at async re (file:///home/runner/work/playground-tester/playground-tester/node_modules/@wp-playground/cli/run-cli-j-geJYS3.js:149:10) {
    [cause]: PHPExecutionFailureError: PHP.run() failed with exit code 255 and the following output: 
        at PHP.run (file:///home/runner/work/playground-tester/playground-tester/node_modules/@php-wasm/universal/index.js:1034:19)
        at process.processTicksAndRejections (node:internal/process/task_queues:105:5)
        at async wr (file:///home/runner/work/playground-tester/playground-tester/node_modules/@wp-playground/blueprints/index.js:74:13)
        at async Object.gt [as installPlugin] (file:///home/runner/work/playground-tester/playground-tester/node_modules/@wp-playground/blueprints/index.js:631:42)
        at async g (file:///home/runner/work/playground-tester/playground-tester/node_modules/@wp-playground/blueprints/index.js:12161:30)
        at async Object.run (file:///home/runner/work/playground-tester/playground-tester/node_modules/@wp-playground/blueprints/index.js:12090:23)
        at async ys (file:///home/runner/work/playground-tester/playground-tester/node_modules/@wp-playground/blueprints/index.js:12196:3)
        at async Object.onBind (file:///home/runner/work/playground-tester/playground-tester/node_modules/@wp-playground/cli/run-cli-j-geJYS3.js:315:48)
        at async re (file:///home/runner/work/playground-tester/playground-tester/node_modules/@wp-playground/cli/run-cli-j-geJYS3.js:149:10) {
      response: PHPResponse {
        httpStatusCode: 500,
        headers: {
          'x-powered-by': [ 'PHP/8.0.30-dev' ],
          'content-type': [ 'text/html; charset=UTF-8' ],
          expires: [ 'Wed, 11 Jan 1984 05:00:00 GMT' ],
          'cache-control': [ 'no-cache, must-revalidate, max-age=0, no-store, private' ]
        },
        bytes: Uint8Array(2653) [
           60,  33,  68,  79,  67,  84,  89,  80,  69,  32, 104, 116,
          109, 108,  62,  10,  60, 104, 116, 109, 108,  32, 108,  97,
          110, 103,  61,  34, 101, 110,  45,  85,  83,  34,  62,  10,
           60, 104, 101,  97, 100,  62,  10,   9,  60, 109, 101, 116,
           97,  32, 104, 116, 116, 112,  45, 101, 113, 117, 105, 118,
           61,  34,  67, 111, 110, 116, 101, 110, 116,  45,  84, 121,
          112, 101,  34,  32,  99, 111, 110, 116, 101, 110, 116,  61,
           34, 116, 101, 120, 116,  47, 104, 116, 109, 108,  59,  32,
           99, 104,  97, 114,
          ... 2553 more items
        ],
        exitCode: 255,
        errors: ''
      },
      source: 'request'
    }
  }
}

Node.js v23.11.0
