file:///home/runner/work/playground-tester/playground-tester/node_modules/@wp-playground/cli/run-cli-j-geJYS3.js:325
        throw new Error($, { cause: h });
              ^

Error: [14-Jun-2025 06:57:28 UTC] PHP Deprecated:  File rss.php is <strong>deprecated</strong> since version 3.0.0! Use wp-includes/class-simplepie.php instead. in /wordpress/wp-includes/functions.php on line 6121
[14-Jun-2025 06:57:29 UTC] PHP Deprecated:  File rss.php is <strong>deprecated</strong> since version 3.0.0! Use wp-includes/class-simplepie.php instead. in /wordpress/wp-includes/functions.php on line 6121
[14-Jun-2025 06:57:38 UTC] PHP Deprecated:  File rss.php is <strong>deprecated</strong> since version 3.0.0! Use wp-includes/class-simplepie.php instead. in /wordpress/wp-includes/functions.php on line 6121
[14-Jun-2025 06:57:39 UTC] PHP Deprecated:  File rss.php is <strong>deprecated</strong> since version 3.0.0! Use wp-includes/class-simplepie.php instead. in /wordpress/wp-includes/functions.php on line 6121
[14-Jun-2025 06:57:47 UTC] PHP Deprecated:  File rss.php is <strong>deprecated</strong> since version 3.0.0! Use wp-includes/class-simplepie.php instead. in /wordpress/wp-includes/functions.php on line 6121
[14-Jun-2025 06:57:47 UTC] PHP Deprecated:  File rss.php is <strong>deprecated</strong> since version 3.0.0! Use wp-includes/class-simplepie.php instead. in /wordpress/wp-includes/functions.php on line 6121
[14-Jun-2025 06:59:00 UTC] PHP Notice:  Function _load_textdomain_just_in_time was called <strong>incorrectly</strong>. Translation loading for the <code>turinpay-plugin-for-woocommerce</code> domain was triggered too early. This is usually an indicator for some code in the plugin or theme running too early. Translations should be loaded at the <code>init</code> action or later. Please see <a href="https://developer.wordpress.org/advanced-administration/debug/debug-wordpress/">Debugging in WordPress</a> for more information. (This message was added in version 6.7.0.) in /wordpress/wp-includes/functions.php on line 6121
[14-Jun-2025 06:59:10 UTC] PHP Notice:  Function _load_textdomain_just_in_time was called <strong>incorrectly</strong>. Translation loading for the <code>turinpay-plugin-for-woocommerce</code> domain was triggered too early. This is usually an indicator for some code in the plugin or theme running too early. Translations should be loaded at the <code>init</code> action or later. Please see <a href="https://developer.wordpress.org/advanced-administration/debug/debug-wordpress/">Debugging in WordPress</a> for more information. (This message was added in version 6.7.0.) in /wordpress/wp-includes/functions.php on line 6121
[14-Jun-2025 06:59:19 UTC] PHP Notice:  Function _load_textdomain_just_in_time was called <strong>incorrectly</strong>. Translation loading for the <code>turinpay-plugin-for-woocommerce</code> domain was triggered too early. This is usually an indicator for some code in the plugin or theme running too early. Translations should be loaded at the <code>init</code> action or later. Please see <a href="https://developer.wordpress.org/advanced-administration/debug/debug-wordpress/">Debugging in WordPress</a> for more information. (This message was added in version 6.7.0.) in /wordpress/wp-includes/functions.php on line 6121
[14-Jun-2025 06:59:50 UTC] PHP Warning:  Undefined array key "HTTP_USER_AGENT" in /wordpress/wp-content/plugins/tweet-highlights/roohUtils.php on line 18
[14-Jun-2025 06:59:50 UTC] PHP Warning:  Undefined variable $browserVer in /wordpress/wp-content/plugins/tweet-highlights/roohUtils.php on line 25
[14-Jun-2025 06:59:59 UTC] PHP Warning:  Undefined array key "HTTP_USER_AGENT" in /wordpress/wp-content/plugins/tweet-highlights/roohUtils.php on line 18
[14-Jun-2025 06:59:59 UTC] PHP Warning:  Undefined variable $browserVer in /wordpress/wp-content/plugins/tweet-highlights/roohUtils.php on line 25
[14-Jun-2025 07:00:09 UTC] PHP Warning:  Undefined array key "HTTP_USER_AGENT" in /wordpress/wp-content/plugins/tweet-highlights/roohUtils.php on line 18
[14-Jun-2025 07:00:09 UTC] PHP Warning:  Undefined variable $browserVer in /wordpress/wp-content/plugins/tweet-highlights/roohUtils.php on line 25
[14-Jun-2025 07:02:01 UTC] PHP Deprecated:  Function register_sidebar_widget is <strong>deprecated</strong> since version 2.8.0! Use wp_register_sidebar_widget() instead. in /wordpress/wp-includes/functions.php on line 6121
[14-Jun-2025 07:02:10 UTC] PHP Deprecated:  Function register_sidebar_widget is <strong>deprecated</strong> since version 2.8.0! Use wp_register_sidebar_widget() instead. in /wordpress/wp-includes/functions.php on line 6121
[14-Jun-2025 07:02:20 UTC] PHP Deprecated:  Function register_sidebar_widget is <strong>deprecated</strong> since version 2.8.0! Use wp_register_sidebar_widget() instead. in /wordpress/wp-includes/functions.php on line 6121
[14-Jun-2025 07:02:54 UTC] OpenSSL SSL_connect: SSL_ERROR_SYSCALL in connection to app.thevoicedesigner.com:443 
[14-Jun-2025 07:02:54 UTC] PHP Fatal error:  Uncaught Httpful\Exception\ConnectionErrorException: Unable to connect to "https://app.thevoicedesigner.com/api/apps": 35 OpenSSL SSL_connect: SSL_ERROR_SYSCALL in connection to app.thevoicedesigner.com:443  in /wordpress/wp-content/plugins/the-voice-designer-by-data-driven-design/vendor/nategood/httpful/src/Httpful/Request.php:1028
Stack trace:
#0 /wordpress/wp-content/plugins/the-voice-designer-by-data-driven-design/vendor/nategood/httpful/src/Httpful/Request.php(204): Httpful\Request->buildResponse(false)
#1 /wordpress/wp-content/plugins/the-voice-designer-by-data-driven-design/src/BackendApi.php(53): Httpful\Request->send()
#2 /wordpress/wp-content/plugins/the-voice-designer-by-data-driven-design/src/BackendApi.php(32): DataDrivenDesign\VoiceDesigner\BackendApi->makeRequest(Object(Httpful\Request))
#3 /wordpress/wp-content/plugins/the-voice-designer-by-data-driven-design/src/Plugin.php(16): DataDrivenDesign\VoiceDesigner\BackendApi->createApp()
#4 /wordpress/wp-includes/class-wp-hook.php(324): DataDrivenD in /wordpress/wp-content/plugins/the-voice-designer-by-data-driven-design/vendor/nategood/httpful/src/Httpful/Request.php on line 1028
[14-Jun-2025 07:03:02 UTC] OpenSSL SSL_connect: SSL_ERROR_SYSCALL in connection to app.thevoicedesigner.com:443 
[14-Jun-2025 07:03:02 UTC] PHP Fatal error:  Uncaught Httpful\Exception\ConnectionErrorException: Unable to connect to "https://app.thevoicedesigner.com/api/apps": 35 OpenSSL SSL_connect: SSL_ERROR_SYSCALL in connection to app.thevoicedesigner.com:443  in /wordpress/wp-content/plugins/the-voice-designer-by-data-driven-design/vendor/nategood/httpful/src/Httpful/Request.php:1028
Stack trace:
#0 /wordpress/wp-content/plugins/the-voice-designer-by-data-driven-design/vendor/nategood/httpful/src/Httpful/Request.php(204): Httpful\Request->buildResponse(false)
#1 /wordpress/wp-content/plugins/the-voice-designer-by-data-driven-design/src/BackendApi.php(53): Httpful\Request->send()
#2 /wordpress/wp-content/plugins/the-voice-designer-by-data-driven-design/src/BackendApi.php(32): DataDrivenDesign\VoiceDesigner\BackendApi->makeRequest(Object(Httpful\Request))
#3 /wordpress/wp-content/plugins/the-voice-designer-by-data-driven-design/src/Plugin.php(16): DataDrivenDesign\VoiceDesigner\BackendApi->createApp()
#4 /wordpress/wp-includes/class-wp-hook.php(324): DataDrivenD in /wordpress/wp-content/plugins/the-voice-designer-by-data-driven-design/vendor/nategood/httpful/src/Httpful/Request.php on line 1028
[14-Jun-2025 07:03:10 UTC] OpenSSL SSL_connect: SSL_ERROR_SYSCALL in connection to app.thevoicedesigner.com:443 
[14-Jun-2025 07:03:10 UTC] PHP Fatal error:  Uncaught Httpful\Exception\ConnectionErrorException: Unable to connect to "https://app.thevoicedesigner.com/api/apps": 35 OpenSSL SSL_connect: SSL_ERROR_SYSCALL in connection to app.thevoicedesigner.com:443  in /wordpress/wp-content/plugins/the-voice-designer-by-data-driven-design/vendor/nategood/httpful/src/Httpful/Request.php:1028
Stack trace:
#0 /wordpress/wp-content/plugins/the-voice-designer-by-data-driven-design/vendor/nategood/httpful/src/Httpful/Request.php(204): Httpful\Request->buildResponse(false)
#1 /wordpress/wp-content/plugins/the-voice-designer-by-data-driven-design/src/BackendApi.php(53): Httpful\Request->send()
#2 /wordpress/wp-content/plugins/the-voice-designer-by-data-driven-design/src/BackendApi.php(32): DataDrivenDesign\VoiceDesigner\BackendApi->makeRequest(Object(Httpful\Request))
#3 /wordpress/wp-content/plugins/the-voice-designer-by-data-driven-design/src/Plugin.php(16): DataDrivenDesign\VoiceDesigner\BackendApi->createApp()
#4 /wordpress/wp-includes/class-wp-hook.php(324): DataDrivenD in /wordpress/wp-content/plugins/the-voice-designer-by-data-driven-design/vendor/nategood/httpful/src/Httpful/Request.php on line 1028

    at Object.onBind (file:///home/runner/work/playground-tester/playground-tester/node_modules/@wp-playground/cli/run-cli-j-geJYS3.js:325:15)
    at process.processTicksAndRejections (node:internal/process/task_queues:105:5)
    at async re (file:///home/runner/work/playground-tester/playground-tester/node_modules/@wp-playground/cli/run-cli-j-geJYS3.js:149:10) {
  [cause]: Error: Error when executing the blueprint step #1 ({"step":"installPlugin","pluginData":{"resource":"wordpress.org/plugins","slug":"thecartpress-product-options"},"options":{"activate":true}}) : Could not download "https://downloads.wordpress.org/plugin/thecartpress-product-options.latest-stable.zip".
  				Check if the URL is correct and the server is reachable.
  				If it is reachable, the server might be blocking the request.
  				Check the browser console and network tabs for more information.
  
  				## Does the console show the error "No 'Access-Control-Allow-Origin' header"?
  
  				This means the server that hosts your file does not allow requests from other sites
  				(cross-origin requests, or CORS).	You need to move the asset to a server that allows
  				cross-origin file downloads. Learn more about CORS at
  				https://developer.mozilla.org/en-US/docs/Web/HTTP/CORS.
  
  				If your file is on GitHub, load it from "raw.githubusercontent.com".
  				Here's how to do that:
  
  				1. Start with the original GitHub URL of the file. For example:
  				https://github.com/username/repository/blob/branch/filename.
  				2. Replace "github.com" with "raw.githubusercontent.com".
  				3. Remove the "/blob/" part of the URL.
  
  				The resulting URL should look like this:
  				https://raw.githubusercontent.com/username/repository/branch/filename
  
  				Error:
  				Error: Could not download "https://downloads.wordpress.org/plugin/thecartpress-product-options.latest-stable.zip"
      at Object.run (file:///home/runner/work/playground-tester/playground-tester/node_modules/@wp-playground/blueprints/index.js:12093:19)
      at process.processTicksAndRejections (node:internal/process/task_queues:105:5)
      at async ys (file:///home/runner/work/playground-tester/playground-tester/node_modules/@wp-playground/blueprints/index.js:12196:3)
      at async Object.onBind (file:///home/runner/work/playground-tester/playground-tester/node_modules/@wp-playground/cli/run-cli-j-geJYS3.js:315:48)
      at async re (file:///home/runner/work/playground-tester/playground-tester/node_modules/@wp-playground/cli/run-cli-j-geJYS3.js:149:10) {
    [cause]: Error: Could not download "https://downloads.wordpress.org/plugin/thecartpress-product-options.latest-stable.zip".
    				Check if the URL is correct and the server is reachable.
    				If it is reachable, the server might be blocking the request.
    				Check the browser console and network tabs for more information.
    
    				## Does the console show the error "No 'Access-Control-Allow-Origin' header"?
    
    				This means the server that hosts your file does not allow requests from other sites
    				(cross-origin requests, or CORS).	You need to move the asset to a server that allows
    				cross-origin file downloads. Learn more about CORS at
    				https://developer.mozilla.org/en-US/docs/Web/HTTP/CORS.
    
    				If your file is on GitHub, load it from "raw.githubusercontent.com".
    				Here's how to do that:
    
    				1. Start with the original GitHub URL of the file. For example:
    				https://github.com/username/repository/blob/branch/filename.
    				2. Replace "github.com" with "raw.githubusercontent.com".
    				3. Remove the "/blob/" part of the URL.
    
    				The resulting URL should look like this:
    				https://raw.githubusercontent.com/username/repository/branch/filename
    
    				Error:
    				Error: Could not download "https://downloads.wordpress.org/plugin/thecartpress-product-options.latest-stable.zip"
        at Ct.resolve (file:///home/runner/work/playground-tester/playground-tester/node_modules/@wp-playground/blueprints/index.js:1129:13)
        at process.processTicksAndRejections (node:internal/process/task_queues:105:5)
        at async _.run (file:///home/runner/work/playground-tester/playground-tester/node_modules/@php-wasm/util/index.js:45:14)
  }
}

Node.js v23.11.0
