[
{"message":"file:///home/runner/work/playground-tester/playground-tester/node_modules/@wp-playground/cli/index.js:237\n        throw new Error(y, { cause: u });\n              ^\n","level":"FATAL","type":"PLAYGROUND","test":"asyncify-boot","plugin":"automated-registration-of-the-course","details":"file:///home/runner/work/playground-tester/playground-tester/node_modules/@wp-playground/cli/index.js:237\n        throw new Error(y, { cause: u });\n              ^\n","log":"/tmp/tmp.Pn0b4PO5RI"}
,
{"message":"Uncaught PDOException: SQLSTATE[HY000] [2002] Address family not supported by protocol in /wordpress/wp-content/plugins/asura-connector/vendor/catfan/medoo/src/Medoo.php:476","level":"FATAL","type":"PHP","test":"asyncify-boot","plugin":"automated-registration-of-the-course","details":"[18-Apr-2025 22:27:06 UTC] PHP Fatal error:  Uncaught PDOException: SQLSTATE[HY000] [2002] Address family not supported by protocol in /wordpress/wp-content/plugins/asura-connector/vendor/catfan/medoo/src/Medoo.php:476\nStack trace:\n#0 /wordpress/wp-content/plugins/asura-connector/app/Utils/DB.php(50): Medoo\\Medoo->__construct(Array)\n#1 /wordpress/wp-content/plugins/asura-connector/app/Utils/DB.php(58): Dplugins\\Asura\\Connector\\Utils\\DB->__construct()\n#2 /wordpress/wp-content/plugins/asura-connector/app/Utils/DB.php(105): Dplugins\\Asura\\Connector\\Utils\\DB::getInstance()\n#3 /wordpress/wp-content/plugins/asura-connector/database/migrations/2021_07_10_000000_001_create_providers_table.php(11): Dplugins\\Asura\\Connector\\Utils\\DB::db()\n#4 [internal function]: Dplugins\\Asura\\Connector\\Database\\Migrations\\CreateProvidersTable::up()\n#5 /wordpress/wp-content/plugins/asura-connector/app/Utils/Migration.php(29): call_user_func(Array)\n#6 /wordpress/wp-content/plugins/asura-connector/app/Connector.php(88): Dplugins\\Asura\\Connector\\Utils\\Migration::migrate('/wordpress/wp-c...', 'Dplugins\\\\Asura\\\\...', 0, '001')\n#7 /wordpress/wp-includes/class-wp-hook.php(324): Dplugins\\Asura\\Connector\\Connector->plugin_activate(false)\n#8 /wordpress/wp-includes/class-wp-hook.php(348): WP_Hook->apply_filters('', Array)\n#9 /wordpress/wp-includes/plugin.php(517): WP_Hook->do_action(Array)\n#10 /wordpress/wp-admin/includes/plugin.php(703): do_action('activate_asura-...', false)\n#11 /internal/eval.php(20): activate_plugin('asura-connector...')\n#12 {main}\n  thrown in /wordpress/wp-content/plugins/asura-connector/vendor/catfan/medoo/src/Medoo.php on line 476","log":"/logs/plugins/a/automated-registration-of-the-course/error.json"}
,
{"message":"Uncaught PDOException: SQLSTATE[HY000] [2002] Address family not supported by protocol in /wordpress/wp-content/plugins/asura-connector/vendor/catfan/medoo/src/Medoo.php:476","level":"FATAL","type":"PHP","test":"asyncify-boot","plugin":"automated-registration-of-the-course","details":"[18-Apr-2025 22:27:15 UTC] PHP Fatal error:  Uncaught PDOException: SQLSTATE[HY000] [2002] Address family not supported by protocol in /wordpress/wp-content/plugins/asura-connector/vendor/catfan/medoo/src/Medoo.php:476\nStack trace:\n#0 /wordpress/wp-content/plugins/asura-connector/app/Utils/DB.php(50): Medoo\\Medoo->__construct(Array)\n#1 /wordpress/wp-content/plugins/asura-connector/app/Utils/DB.php(58): Dplugins\\Asura\\Connector\\Utils\\DB->__construct()\n#2 /wordpress/wp-content/plugins/asura-connector/app/Utils/DB.php(105): Dplugins\\Asura\\Connector\\Utils\\DB::getInstance()\n#3 /wordpress/wp-content/plugins/asura-connector/database/migrations/2021_07_10_000000_001_create_providers_table.php(11): Dplugins\\Asura\\Connector\\Utils\\DB::db()\n#4 [internal function]: Dplugins\\Asura\\Connector\\Database\\Migrations\\CreateProvidersTable::up()\n#5 /wordpress/wp-content/plugins/asura-connector/app/Utils/Migration.php(29): call_user_func(Array)\n#6 /wordpress/wp-content/plugins/asura-connector/app/Connector.php(88): Dplugins\\Asura\\Connector\\Utils\\Migration::migrate('/wordpress/wp-c...', 'Dplugins\\\\Asura\\\\...', 0, '001')\n#7 /wordpress/wp-includes/class-wp-hook.php(324): Dplugins\\Asura\\Connector\\Connector->plugin_activate(false)\n#8 /wordpress/wp-includes/class-wp-hook.php(348): WP_Hook->apply_filters('', Array)\n#9 /wordpress/wp-includes/plugin.php(517): WP_Hook->do_action(Array)\n#10 /wordpress/wp-admin/includes/plugin.php(703): do_action('activate_asura-...', false)\n#11 /internal/eval.php(20): activate_plugin('asura-connector...')\n#12 {main}\n  thrown in /wordpress/wp-content/plugins/asura-connector/vendor/catfan/medoo/src/Medoo.php on line 476","log":"/logs/plugins/a/automated-registration-of-the-course/error.json"}
,
{"message":"Uncaught PDOException: SQLSTATE[HY000] [2002] Address family not supported by protocol in /wordpress/wp-content/plugins/asura-connector/vendor/catfan/medoo/src/Medoo.php:476","level":"FATAL","type":"PHP","test":"asyncify-boot","plugin":"automated-registration-of-the-course","details":"[18-Apr-2025 22:27:24 UTC] PHP Fatal error:  Uncaught PDOException: SQLSTATE[HY000] [2002] Address family not supported by protocol in /wordpress/wp-content/plugins/asura-connector/vendor/catfan/medoo/src/Medoo.php:476\nStack trace:\n#0 /wordpress/wp-content/plugins/asura-connector/app/Utils/DB.php(50): Medoo\\Medoo->__construct(Array)\n#1 /wordpress/wp-content/plugins/asura-connector/app/Utils/DB.php(58): Dplugins\\Asura\\Connector\\Utils\\DB->__construct()\n#2 /wordpress/wp-content/plugins/asura-connector/app/Utils/DB.php(105): Dplugins\\Asura\\Connector\\Utils\\DB::getInstance()\n#3 /wordpress/wp-content/plugins/asura-connector/database/migrations/2021_07_10_000000_001_create_providers_table.php(11): Dplugins\\Asura\\Connector\\Utils\\DB::db()\n#4 [internal function]: Dplugins\\Asura\\Connector\\Database\\Migrations\\CreateProvidersTable::up()\n#5 /wordpress/wp-content/plugins/asura-connector/app/Utils/Migration.php(29): call_user_func(Array)\n#6 /wordpress/wp-content/plugins/asura-connector/app/Connector.php(88): Dplugins\\Asura\\Connector\\Utils\\Migration::migrate('/wordpress/wp-c...', 'Dplugins\\\\Asura\\\\...', 0, '001')\n#7 /wordpress/wp-includes/class-wp-hook.php(324): Dplugins\\Asura\\Connector\\Connector->plugin_activate(false)\n#8 /wordpress/wp-includes/class-wp-hook.php(348): WP_Hook->apply_filters('', Array)\n#9 /wordpress/wp-includes/plugin.php(517): WP_Hook->do_action(Array)\n#10 /wordpress/wp-admin/includes/plugin.php(703): do_action('activate_asura-...', false)\n#11 /internal/eval.php(20): activate_plugin('asura-connector...')\n#12 {main}\n  thrown in /wordpress/wp-content/plugins/asura-connector/vendor/catfan/medoo/src/Medoo.php on line 476","log":"/logs/plugins/a/automated-registration-of-the-course/error.json"}
,
{"message":"Undefined array key \"SERVER_ADDR\" in /wordpress/wp-content/plugins/audio-link-player/contribution.php on line 1","level":"WARNING","type":"PHP","test":"asyncify-boot","plugin":"automated-registration-of-the-course","details":"[18-Apr-2025 22:31:09 UTC] PHP Warning:  Undefined array key \"SERVER_ADDR\" in /wordpress/wp-content/plugins/audio-link-player/contribution.php on line 1","log":"/logs/plugins/a/automated-registration-of-the-course/error.json"}
,
{"message":"Function wp_enqueue_script was called <strong>incorrectly</strong>. Scripts and styles should not be registered or enqueued until the <code>wp_enqueue_scripts</code>, <code>admin_enqueue_scripts</code>, or <code>login_enqueue_scripts</code> hooks. This notice was triggered by the <code>audio-link-player</code> handle. Please see <a href=\"https://developer.wordpress.org/advanced-administration/debug/debug-wordpress/\">Debugging in WordPress</a> for more information. (This message was added in version 3.3.0.) in /wordpress/wp-includes/functions.php on line 6121","level":"NOTICE","type":"PHP","test":"asyncify-boot","plugin":"automated-registration-of-the-course","details":"[18-Apr-2025 22:31:10 UTC] PHP Notice:  Function wp_enqueue_script was called <strong>incorrectly</strong>. Scripts and styles should not be registered or enqueued until the <code>wp_enqueue_scripts</code>, <code>admin_enqueue_scripts</code>, or <code>login_enqueue_scripts</code> hooks. This notice was triggered by the <code>audio-link-player</code> handle. Please see <a href=\"https://developer.wordpress.org/advanced-administration/debug/debug-wordpress/\">Debugging in WordPress</a> for more information. (This message was added in version 3.3.0.) in /wordpress/wp-includes/functions.php on line 6121","log":"/logs/plugins/a/automated-registration-of-the-course/error.json"}
,
{"message":"Undefined array key \"SERVER_ADDR\" in /wordpress/wp-content/plugins/audio-link-player/contribution.php on line 1","level":"WARNING","type":"PHP","test":"asyncify-boot","plugin":"automated-registration-of-the-course","details":"[18-Apr-2025 22:31:18 UTC] PHP Warning:  Undefined array key \"SERVER_ADDR\" in /wordpress/wp-content/plugins/audio-link-player/contribution.php on line 1","log":"/logs/plugins/a/automated-registration-of-the-course/error.json"}
,
{"message":"Function wp_enqueue_script was called <strong>incorrectly</strong>. Scripts and styles should not be registered or enqueued until the <code>wp_enqueue_scripts</code>, <code>admin_enqueue_scripts</code>, or <code>login_enqueue_scripts</code> hooks. This notice was triggered by the <code>audio-link-player</code> handle. Please see <a href=\"https://developer.wordpress.org/advanced-administration/debug/debug-wordpress/\">Debugging in WordPress</a> for more information. (This message was added in version 3.3.0.) in /wordpress/wp-includes/functions.php on line 6121","level":"NOTICE","type":"PHP","test":"asyncify-boot","plugin":"automated-registration-of-the-course","details":"[18-Apr-2025 22:31:19 UTC] PHP Notice:  Function wp_enqueue_script was called <strong>incorrectly</strong>. Scripts and styles should not be registered or enqueued until the <code>wp_enqueue_scripts</code>, <code>admin_enqueue_scripts</code>, or <code>login_enqueue_scripts</code> hooks. This notice was triggered by the <code>audio-link-player</code> handle. Please see <a href=\"https://developer.wordpress.org/advanced-administration/debug/debug-wordpress/\">Debugging in WordPress</a> for more information. (This message was added in version 3.3.0.) in /wordpress/wp-includes/functions.php on line 6121","log":"/logs/plugins/a/automated-registration-of-the-course/error.json"}
,
{"message":"Undefined array key \"SERVER_ADDR\" in /wordpress/wp-content/plugins/audio-link-player/contribution.php on line 1","level":"WARNING","type":"PHP","test":"asyncify-boot","plugin":"automated-registration-of-the-course","details":"[18-Apr-2025 22:31:28 UTC] PHP Warning:  Undefined array key \"SERVER_ADDR\" in /wordpress/wp-content/plugins/audio-link-player/contribution.php on line 1","log":"/logs/plugins/a/automated-registration-of-the-course/error.json"}
,
{"message":"Function wp_enqueue_script was called <strong>incorrectly</strong>. Scripts and styles should not be registered or enqueued until the <code>wp_enqueue_scripts</code>, <code>admin_enqueue_scripts</code>, or <code>login_enqueue_scripts</code> hooks. This notice was triggered by the <code>audio-link-player</code> handle. Please see <a href=\"https://developer.wordpress.org/advanced-administration/debug/debug-wordpress/\">Debugging in WordPress</a> for more information. (This message was added in version 3.3.0.) in /wordpress/wp-includes/functions.php on line 6121","level":"NOTICE","type":"PHP","test":"asyncify-boot","plugin":"automated-registration-of-the-course","details":"[18-Apr-2025 22:31:28 UTC] PHP Notice:  Function wp_enqueue_script was called <strong>incorrectly</strong>. Scripts and styles should not be registered or enqueued until the <code>wp_enqueue_scripts</code>, <code>admin_enqueue_scripts</code>, or <code>login_enqueue_scripts</code> hooks. This notice was triggered by the <code>audio-link-player</code> handle. Please see <a href=\"https://developer.wordpress.org/advanced-administration/debug/debug-wordpress/\">Debugging in WordPress</a> for more information. (This message was added in version 3.3.0.) in /wordpress/wp-includes/functions.php on line 6121","log":"/logs/plugins/a/automated-registration-of-the-course/error.json"}
,
{"message":"Undefined array key 2 in /wordpress/wp-content/plugins/automated-registration-of-the-course/functions/course.class.php on line 1136","level":"WARNING","type":"PHP","test":"asyncify-boot","plugin":"automated-registration-of-the-course","details":"[18-Apr-2025 22:32:25 UTC] PHP Warning:  Undefined array key 2 in /wordpress/wp-content/plugins/automated-registration-of-the-course/functions/course.class.php on line 1136","log":"/logs/plugins/a/automated-registration-of-the-course/error.json"}
,
{"message":"Undefined variable $wpdb in /wordpress/wp-content/plugins/automated-registration-of-the-course/b.php on line 13","level":"WARNING","type":"PHP","test":"asyncify-boot","plugin":"automated-registration-of-the-course","details":"[18-Apr-2025 22:32:25 UTC] PHP Warning:  Undefined variable $wpdb in /wordpress/wp-content/plugins/automated-registration-of-the-course/b.php on line 13","log":"/logs/plugins/a/automated-registration-of-the-course/error.json"}
,
{"message":"Attempt to read property \"prefix\" on null in /wordpress/wp-content/plugins/automated-registration-of-the-course/b.php on line 13","level":"WARNING","type":"PHP","test":"asyncify-boot","plugin":"automated-registration-of-the-course","details":"[18-Apr-2025 22:32:25 UTC] PHP Warning:  Attempt to read property \"prefix\" on null in /wordpress/wp-content/plugins/automated-registration-of-the-course/b.php on line 13","log":"/logs/plugins/a/automated-registration-of-the-course/error.json"}
,
{"message":"Uncaught TypeError: call_user_func_array(): Argument #1 ($callback) must be a valid callback, function \"jal_install_data\" not found or invalid function name in /wordpress/wp-includes/class-wp-hook.php:324","level":"FATAL","type":"PHP","test":"asyncify-boot","plugin":"automated-registration-of-the-course","details":"[18-Apr-2025 22:32:26 UTC] PHP Fatal error:  Uncaught TypeError: call_user_func_array(): Argument #1 ($callback) must be a valid callback, function \"jal_install_data\" not found or invalid function name in /wordpress/wp-includes/class-wp-hook.php:324\nStack trace:\n#0 /wordpress/wp-includes/class-wp-hook.php(348): WP_Hook->apply_filters(NULL, Array)\n#1 /wordpress/wp-includes/plugin.php(517): WP_Hook->do_action(Array)\n#2 /wordpress/wp-admin/includes/plugin.php(703): do_action('activate_automa...', false)\n#3 /internal/eval.php(20): activate_plugin('automated-regis...')\n#4 {main}\n  thrown in /wordpress/wp-includes/class-wp-hook.php on line 324","log":"/logs/plugins/a/automated-registration-of-the-course/error.json"}
,
{"message":"Undefined array key 2 in /wordpress/wp-content/plugins/automated-registration-of-the-course/functions/course.class.php on line 1136","level":"WARNING","type":"PHP","test":"asyncify-boot","plugin":"automated-registration-of-the-course","details":"[18-Apr-2025 22:32:33 UTC] PHP Warning:  Undefined array key 2 in /wordpress/wp-content/plugins/automated-registration-of-the-course/functions/course.class.php on line 1136","log":"/logs/plugins/a/automated-registration-of-the-course/error.json"}
,
{"message":"Undefined variable $wpdb in /wordpress/wp-content/plugins/automated-registration-of-the-course/b.php on line 13","level":"WARNING","type":"PHP","test":"asyncify-boot","plugin":"automated-registration-of-the-course","details":"[18-Apr-2025 22:32:33 UTC] PHP Warning:  Undefined variable $wpdb in /wordpress/wp-content/plugins/automated-registration-of-the-course/b.php on line 13","log":"/logs/plugins/a/automated-registration-of-the-course/error.json"}
,
{"message":"Attempt to read property \"prefix\" on null in /wordpress/wp-content/plugins/automated-registration-of-the-course/b.php on line 13","level":"WARNING","type":"PHP","test":"asyncify-boot","plugin":"automated-registration-of-the-course","details":"[18-Apr-2025 22:32:33 UTC] PHP Warning:  Attempt to read property \"prefix\" on null in /wordpress/wp-content/plugins/automated-registration-of-the-course/b.php on line 13","log":"/logs/plugins/a/automated-registration-of-the-course/error.json"}
,
{"message":"Uncaught TypeError: call_user_func_array(): Argument #1 ($callback) must be a valid callback, function \"jal_install_data\" not found or invalid function name in /wordpress/wp-includes/class-wp-hook.php:324","level":"FATAL","type":"PHP","test":"asyncify-boot","plugin":"automated-registration-of-the-course","details":"[18-Apr-2025 22:32:34 UTC] PHP Fatal error:  Uncaught TypeError: call_user_func_array(): Argument #1 ($callback) must be a valid callback, function \"jal_install_data\" not found or invalid function name in /wordpress/wp-includes/class-wp-hook.php:324\nStack trace:\n#0 /wordpress/wp-includes/class-wp-hook.php(348): WP_Hook->apply_filters(NULL, Array)\n#1 /wordpress/wp-includes/plugin.php(517): WP_Hook->do_action(Array)\n#2 /wordpress/wp-admin/includes/plugin.php(703): do_action('activate_automa...', false)\n#3 /internal/eval.php(20): activate_plugin('automated-regis...')\n#4 {main}\n  thrown in /wordpress/wp-includes/class-wp-hook.php on line 324\n\n    at Object.onBind (file:///home/runner/work/playground-tester/playground-tester/node_modules/@wp-playground/cli/index.js:237:15)\n    at process.processTicksAndRejections (node:internal/process/task_queues:105:5)\n    at async V (file:///home/runner/work/playground-tester/playground-tester/node_modules/@wp-playground/cli/index.js:64:10)\n    at async ja (file:///home/runner/work/playground-tester/playground-tester/node_modules/@wp-playground/cli/cli.js:8161:12) {\n  [cause]: Error: Error when executing the blueprint step #1 ({\"step\":\"installPlugin\",\"pluginData\":{\"resource\":\"wordpress.org/plugins\",\"slug\":\"automated-registration-of-the-course\"},\"options\":{\"activate\":true}}) : PHP.run() failed with exit code 255 and the following output: \n      at Object.run (file:///home/runner/work/playground-tester/playground-tester/node_modules/@wp-playground/blueprints/index.js:12449:19)\n      at process.processTicksAndRejections (node:internal/process/task_queues:105:5)\n      at async ms (file:///home/runner/work/playground-tester/playground-tester/node_modules/@wp-playground/blueprints/index.js:12552:3)\n      ... 2 lines matching cause stack trace ...\n      at async ja (file:///home/runner/work/playground-tester/playground-tester/node_modules/@wp-playground/cli/cli.js:8161:12) {\n    [cause]: PHPExecutionFailureError: PHP.run() failed with exit code 255 and the following output: \n        at PHP.run (file:///home/runner/work/playground-tester/playground-tester/node_modules/@php-wasm/universal/index.js:987:19)\n        at process.processTicksAndRejections (node:internal/process/task_queues:105:5)\n        at async wr (file:///home/runner/work/playground-tester/playground-tester/node_modules/@wp-playground/blueprints/index.js:33:39)\n        at async Object.gt [as installPlugin] (file:///home/runner/work/playground-tester/playground-tester/node_modules/@wp-playground/blueprints/index.js:974:42)\n        at async g (file:///home/runner/work/playground-tester/playground-tester/node_modules/@wp-playground/blueprints/index.js:12517:30)\n        at async Object.run (file:///home/runner/work/playground-tester/playground-tester/node_modules/@wp-playground/blueprints/index.js:12446:23)\n        at async ms (file:///home/runner/work/playground-tester/playground-tester/node_modules/@wp-playground/blueprints/index.js:12552:3)\n        at async Object.onBind (file:///home/runner/work/playground-tester/playground-tester/node_modules/@wp-playground/cli/index.js:227:48)\n        at async V (file:///home/runner/work/playground-tester/playground-tester/node_modules/@wp-playground/cli/index.js:64:10)\n        at async ja (file:///home/runner/work/playground-tester/playground-tester/node_modules/@wp-playground/cli/cli.js:8161:12) {\n      response: PHPResponse {\n        httpStatusCode: 500,\n        headers: {\n          'x-powered-by': [ 'PHP/8.0.30-dev' ],\n          'set-cookie': [ 'PHPSESSID=5db07b7c576bccbecfcc533f0a2c95be; path=/' ],\n          expires: [ 'Thu, 19 Nov 1981 08:52:00 GMT' ],\n          'cache-control': [ 'no-store, no-cache, must-revalidate' ],\n          pragma: [ 'no-cache' ],\n          'content-type': [ 'text/html; charset=UTF-8' ]\n        },\n        bytes: Uint8Array(0) [],\n        exitCode: 255,\n        errors: ''\n      },\n      source: 'request'\n    }\n  }\n}\n\n","log":"/logs/plugins/a/automated-registration-of-the-course/error.json"}
]
