[
  {
    "message": "file:///home/runner/work/playground-tester/playground-tester/node_modules/@wp-playground/cli/index.js:237\n        throw new Error(y, { cause: u });\n              ^\n",
    "level": "FATAL",
    "type": "PLAYGROUND",
    "test": "ast-sqlite-boot",
    "plugin": "performance-testing",
    "details": "file:///home/runner/work/playground-tester/playground-tester/node_modules/@wp-playground/cli/index.js:237\n        throw new Error(y, { cause: u });\n              ^\n",
    "log": "/tmp/tmp.BrZXW1URs3"
  },
  {
    "message": "Uncaught Error: Class \"WC_Payment_Gateway\" not found in /wordpress/wp-content/plugins/quick-payment-by-upi/quick-payment-by-upi.php:39",
    "level": "FATAL",
    "type": "PHP",
    "test": "ast-sqlite-boot",
    "plugin": "performance-testing",
    "details": "[22-May-2025 15:30:30 UTC] PHP Fatal error:  Uncaught Error: Class \"WC_Payment_Gateway\" not found in /wordpress/wp-content/plugins/quick-payment-by-upi/quick-payment-by-upi.php:39\nStack trace:\n#0 /wordpress/wp-includes/class-wp-hook.php(324): wc_upi_extends('')\n#1 /wordpress/wp-includes/class-wp-hook.php(348): WP_Hook->apply_filters(NULL, Array)\n#2 /wordpress/wp-includes/plugin.php(517): WP_Hook->do_action(Array)\n#3 /wordpress/wp-settings.php(578): do_action('plugins_loaded')\n#4 /wordpress/wp-config.php(102): require_once('/wordpress/wp-s...')\n#5 /wordpress/wp-load.php(50): require_once('/wordpress/wp-c...')\n#6 /internal/eval.php(3): require_once('/wordpress/wp-l...')\n#7 {main}\n  thrown in /wordpress/wp-content/plugins/quick-payment-by-upi/quick-payment-by-upi.php on line 39",
    "log": "/logs/plugins/p/performance-testing/error.json"
  },
  {
    "message": "Uncaught Error: Class \"WC_Payment_Gateway\" not found in /wordpress/wp-content/plugins/quick-payment-by-upi/quick-payment-by-upi.php:39",
    "level": "FATAL",
    "type": "PHP",
    "test": "ast-sqlite-boot",
    "plugin": "performance-testing",
    "details": "[22-May-2025 15:30:39 UTC] PHP Fatal error:  Uncaught Error: Class \"WC_Payment_Gateway\" not found in /wordpress/wp-content/plugins/quick-payment-by-upi/quick-payment-by-upi.php:39\nStack trace:\n#0 /wordpress/wp-includes/class-wp-hook.php(324): wc_upi_extends('')\n#1 /wordpress/wp-includes/class-wp-hook.php(348): WP_Hook->apply_filters(NULL, Array)\n#2 /wordpress/wp-includes/plugin.php(517): WP_Hook->do_action(Array)\n#3 /wordpress/wp-settings.php(578): do_action('plugins_loaded')\n#4 /wordpress/wp-config.php(102): require_once('/wordpress/wp-s...')\n#5 /wordpress/wp-load.php(50): require_once('/wordpress/wp-c...')\n#6 /internal/eval.php(3): require_once('/wordpress/wp-l...')\n#7 {main}\n  thrown in /wordpress/wp-content/plugins/quick-payment-by-upi/quick-payment-by-upi.php on line 39",
    "log": "/logs/plugins/p/performance-testing/error.json"
  },
  {
    "message": "Uncaught Error: Class \"WC_Payment_Gateway\" not found in /wordpress/wp-content/plugins/quick-payment-by-upi/quick-payment-by-upi.php:39",
    "level": "FATAL",
    "type": "PHP",
    "test": "ast-sqlite-boot",
    "plugin": "performance-testing",
    "details": "[22-May-2025 15:30:48 UTC] PHP Fatal error:  Uncaught Error: Class \"WC_Payment_Gateway\" not found in /wordpress/wp-content/plugins/quick-payment-by-upi/quick-payment-by-upi.php:39\nStack trace:\n#0 /wordpress/wp-includes/class-wp-hook.php(324): wc_upi_extends('')\n#1 /wordpress/wp-includes/class-wp-hook.php(348): WP_Hook->apply_filters(NULL, Array)\n#2 /wordpress/wp-includes/plugin.php(517): WP_Hook->do_action(Array)\n#3 /wordpress/wp-settings.php(578): do_action('plugins_loaded')\n#4 /wordpress/wp-config.php(102): require_once('/wordpress/wp-s...')\n#5 /wordpress/wp-load.php(50): require_once('/wordpress/wp-c...')\n#6 /internal/eval.php(3): require_once('/wordpress/wp-l...')\n#7 {main}\n  thrown in /wordpress/wp-content/plugins/quick-payment-by-upi/quick-payment-by-upi.php on line 39",
    "log": "/logs/plugins/p/performance-testing/error.json"
  },
  {
    "message": "curl_setopt(): CURLOPT_SSL_VERIFYHOST no longer accepts the value 1, value 2 will be used instead in /wordpress/wp-content/plugins/paypal-digital-goods-monetization-powered-by-cleeng/php/classes/Client.php on line 541",
    "level": "NOTICE",
    "type": "PHP",
    "test": "ast-sqlite-boot",
    "plugin": "performance-testing",
    "details": "[22-May-2025 15:34:44 UTC] PHP Notice:  curl_setopt(): CURLOPT_SSL_VERIFYHOST no longer accepts the value 1, value 2 will be used instead in /wordpress/wp-content/plugins/paypal-digital-goods-monetization-powered-by-cleeng/php/classes/Client.php on line 541",
    "log": "/logs/plugins/p/performance-testing/error.json"
  },
  {
    "message": "Uncaught CleengClientException: Authorization error (404). in /wordpress/wp-content/plugins/paypal-digital-goods-monetization-powered-by-cleeng/php/classes/Client.php:557",
    "level": "FATAL",
    "type": "PHP",
    "test": "ast-sqlite-boot",
    "plugin": "performance-testing",
    "details": "[22-May-2025 15:34:45 UTC] PHP Fatal error:  Uncaught CleengClientException: Authorization error (404). in /wordpress/wp-content/plugins/paypal-digital-goods-monetization-powered-by-cleeng/php/classes/Client.php:557\nStack trace:\n#0 /wordpress/wp-content/plugins/paypal-digital-goods-monetization-powered-by-cleeng/php/classes/Client.php(891): Cleeng_Client->callApi('registerClientA...', Array)\n#1 /wordpress/wp-content/plugins/paypal-digital-goods-monetization-powered-by-cleeng/php/classes/Installer.php(115): Cleeng_Client->registerClientApp('My WordPress We...', 'Automatically c...', 'http://127.0.0....')\n#2 /wordpress/wp-content/plugins/paypal-digital-goods-monetization-powered-by-cleeng/php/classes/Core.php(126): Cleeng_Installer->register_client_app()\n#3 /wordpress/wp-content/plugins/paypal-digital-goods-monetization-powered-by-cleeng/cleengWP.php(28): Cleeng_Core->setup()\n#4 /wordpress/wp-admin/includes/plugin.php(2387): include_once('/wordpress/wp-c...')\n#5 /wordpress/wp-admin/includes/plugin.php(673): plugin_sandbox_scrape('paypal-digital-...')\n#6 /internal/eval.php(20): activate_plugin('paypal-digital-...')\n#7 {main}\n  thrown in /wordpress/wp-content/plugins/paypal-digital-goods-monetization-powered-by-cleeng/php/classes/Client.php on line 557",
    "log": "/logs/plugins/p/performance-testing/error.json"
  },
  {
    "message": "curl_setopt(): CURLOPT_SSL_VERIFYHOST no longer accepts the value 1, value 2 will be used instead in /wordpress/wp-content/plugins/paypal-digital-goods-monetization-powered-by-cleeng/php/classes/Client.php on line 541",
    "level": "NOTICE",
    "type": "PHP",
    "test": "ast-sqlite-boot",
    "plugin": "performance-testing",
    "details": "[22-May-2025 15:34:53 UTC] PHP Notice:  curl_setopt(): CURLOPT_SSL_VERIFYHOST no longer accepts the value 1, value 2 will be used instead in /wordpress/wp-content/plugins/paypal-digital-goods-monetization-powered-by-cleeng/php/classes/Client.php on line 541",
    "log": "/logs/plugins/p/performance-testing/error.json"
  },
  {
    "message": "Uncaught CleengClientException: Authorization error (404). in /wordpress/wp-content/plugins/paypal-digital-goods-monetization-powered-by-cleeng/php/classes/Client.php:557",
    "level": "FATAL",
    "type": "PHP",
    "test": "ast-sqlite-boot",
    "plugin": "performance-testing",
    "details": "[22-May-2025 15:34:53 UTC] PHP Fatal error:  Uncaught CleengClientException: Authorization error (404). in /wordpress/wp-content/plugins/paypal-digital-goods-monetization-powered-by-cleeng/php/classes/Client.php:557\nStack trace:\n#0 /wordpress/wp-content/plugins/paypal-digital-goods-monetization-powered-by-cleeng/php/classes/Client.php(891): Cleeng_Client->callApi('registerClientA...', Array)\n#1 /wordpress/wp-content/plugins/paypal-digital-goods-monetization-powered-by-cleeng/php/classes/Installer.php(115): Cleeng_Client->registerClientApp('My WordPress We...', 'Automatically c...', 'http://127.0.0....')\n#2 /wordpress/wp-content/plugins/paypal-digital-goods-monetization-powered-by-cleeng/php/classes/Core.php(126): Cleeng_Installer->register_client_app()\n#3 /wordpress/wp-content/plugins/paypal-digital-goods-monetization-powered-by-cleeng/cleengWP.php(28): Cleeng_Core->setup()\n#4 /wordpress/wp-admin/includes/plugin.php(2387): include_once('/wordpress/wp-c...')\n#5 /wordpress/wp-admin/includes/plugin.php(673): plugin_sandbox_scrape('paypal-digital-...')\n#6 /internal/eval.php(20): activate_plugin('paypal-digital-...')\n#7 {main}\n  thrown in /wordpress/wp-content/plugins/paypal-digital-goods-monetization-powered-by-cleeng/php/classes/Client.php on line 557",
    "log": "/logs/plugins/p/performance-testing/error.json"
  },
  {
    "message": "curl_setopt(): CURLOPT_SSL_VERIFYHOST no longer accepts the value 1, value 2 will be used instead in /wordpress/wp-content/plugins/paypal-digital-goods-monetization-powered-by-cleeng/php/classes/Client.php on line 541",
    "level": "NOTICE",
    "type": "PHP",
    "test": "ast-sqlite-boot",
    "plugin": "performance-testing",
    "details": "[22-May-2025 15:35:02 UTC] PHP Notice:  curl_setopt(): CURLOPT_SSL_VERIFYHOST no longer accepts the value 1, value 2 will be used instead in /wordpress/wp-content/plugins/paypal-digital-goods-monetization-powered-by-cleeng/php/classes/Client.php on line 541",
    "log": "/logs/plugins/p/performance-testing/error.json"
  },
  {
    "message": "Uncaught CleengClientException: Authorization error (404). in /wordpress/wp-content/plugins/paypal-digital-goods-monetization-powered-by-cleeng/php/classes/Client.php:557",
    "level": "FATAL",
    "type": "PHP",
    "test": "ast-sqlite-boot",
    "plugin": "performance-testing",
    "details": "[22-May-2025 15:35:03 UTC] PHP Fatal error:  Uncaught CleengClientException: Authorization error (404). in /wordpress/wp-content/plugins/paypal-digital-goods-monetization-powered-by-cleeng/php/classes/Client.php:557\nStack trace:\n#0 /wordpress/wp-content/plugins/paypal-digital-goods-monetization-powered-by-cleeng/php/classes/Client.php(891): Cleeng_Client->callApi('registerClientA...', Array)\n#1 /wordpress/wp-content/plugins/paypal-digital-goods-monetization-powered-by-cleeng/php/classes/Installer.php(115): Cleeng_Client->registerClientApp('My WordPress We...', 'Automatically c...', 'http://127.0.0....')\n#2 /wordpress/wp-content/plugins/paypal-digital-goods-monetization-powered-by-cleeng/php/classes/Core.php(126): Cleeng_Installer->register_client_app()\n#3 /wordpress/wp-content/plugins/paypal-digital-goods-monetization-powered-by-cleeng/cleengWP.php(28): Cleeng_Core->setup()\n#4 /wordpress/wp-admin/includes/plugin.php(2387): include_once('/wordpress/wp-c...')\n#5 /wordpress/wp-admin/includes/plugin.php(673): plugin_sandbox_scrape('paypal-digital-...')\n#6 /internal/eval.php(20): activate_plugin('paypal-digital-...')\n#7 {main}\n  thrown in /wordpress/wp-content/plugins/paypal-digital-goods-monetization-powered-by-cleeng/php/classes/Client.php on line 557",
    "log": "/logs/plugins/p/performance-testing/error.json"
  },
  {
    "message": "Uncaught Error: Call to undefined function xdebug_get_profiler_filename() in /wordpress/wp-content/plugins/performance-testing/hooks/shutdown.php:82",
    "level": "FATAL",
    "type": "PHP",
    "test": "ast-sqlite-boot",
    "plugin": "performance-testing",
    "details": "[22-May-2025 15:36:07 UTC] PHP Fatal error:  Uncaught Error: Call to undefined function xdebug_get_profiler_filename() in /wordpress/wp-content/plugins/performance-testing/hooks/shutdown.php:82\nStack trace:\n#0 /wordpress/wp-content/plugins/performance-testing/hooks/shutdown.php(73): DragonU_Performance_Shutdown_Action->captureCachegrindDirectory()\n#1 /wordpress/wp-content/plugins/performance-testing/hooks/shutdown.php(59): DragonU_Performance_Shutdown_Action->run()\n#2 /wordpress/wp-includes/class-wp-hook.php(324): DragonU_Performance_Shutdown_Hook::shutdown('')\n#3 /wordpress/wp-includes/class-wp-hook.php(348): WP_Hook->apply_filters(NULL, Array)\n#4 /wordpress/wp-includes/plugin.php(517): WP_Hook->do_action(Array)\n#5 /wordpress/wp-includes/load.php(1304): do_action('shutdown')\n#6 [internal function]: shutdown_action_hook()\n#7 {main}\n  thrown in /wordpress/wp-content/plugins/performance-testing/hooks/shutdown.php on line 82\n\n    at Object.onBind (file:///home/runner/work/playground-tester/playground-tester/node_modules/@wp-playground/cli/index.js:237:15)\n    at process.processTicksAndRejections (node:internal/process/task_queues:105:5)\n    at async V (file:///home/runner/work/playground-tester/playground-tester/node_modules/@wp-playground/cli/index.js:64:10)\n    at async ja (file:///home/runner/work/playground-tester/playground-tester/node_modules/@wp-playground/cli/cli.js:8161:12) {\n  [cause]: Error: Error when executing the blueprint step #5 ({\"step\":\"installPlugin\",\"pluginData\":{\"resource\":\"wordpress.org/plugins\",\"slug\":\"performance-testing\"},\"options\":{\"activate\":true}}) : Plugin /wordpress/wp-content/plugins/performance-testing could not be activated – WordPress exited with no error. Sometimes, when $_SERVER or site options are not configured correctly, WordPress exits early with a 301 redirect. Inspect the \"debug\" logs in the console for more details.\n      at Object.run (file:///home/runner/work/playground-tester/playground-tester/node_modules/@wp-playground/blueprints/index.js:12449:19)\n      at process.processTicksAndRejections (node:internal/process/task_queues:105:5)\n      at async ms (file:///home/runner/work/playground-tester/playground-tester/node_modules/@wp-playground/blueprints/index.js:12552:3)\n      ... 2 lines matching cause stack trace ...\n      at async ja (file:///home/runner/work/playground-tester/playground-tester/node_modules/@wp-playground/cli/cli.js:8161:12) {\n    [cause]: Error: Plugin /wordpress/wp-content/plugins/performance-testing could not be activated – WordPress exited with no error. Sometimes, when $_SERVER or site options are not configured correctly, WordPress exits early with a 301 redirect. Inspect the \"debug\" logs in the console for more details.\n        at wr (file:///home/runner/work/playground-tester/playground-tester/node_modules/@wp-playground/blueprints/index.js:119:51)\n        at process.processTicksAndRejections (node:internal/process/task_queues:105:5)\n        at async Object.gt [as installPlugin] (file:///home/runner/work/playground-tester/playground-tester/node_modules/@wp-playground/blueprints/index.js:974:42)\n        at async g (file:///home/runner/work/playground-tester/playground-tester/node_modules/@wp-playground/blueprints/index.js:12517:30)\n        at async Object.run (file:///home/runner/work/playground-tester/playground-tester/node_modules/@wp-playground/blueprints/index.js:12446:23)\n        at async ms (file:///home/runner/work/playground-tester/playground-tester/node_modules/@wp-playground/blueprints/index.js:12552:3)\n        at async Object.onBind (file:///home/runner/work/playground-tester/playground-tester/node_modules/@wp-playground/cli/index.js:227:48)\n        at async V (file:///home/runner/work/playground-tester/playground-tester/node_modules/@wp-playground/cli/index.js:64:10)\n        at async ja (file:///home/runner/work/playground-tester/playground-tester/node_modules/@wp-playground/cli/cli.js:8161:12)\n  }\n}\n\n",
    "log": "/logs/plugins/p/performance-testing/error.json"
  },
  {
    "message": "file:///home/runner/work/playground-tester/playground-tester/node_modules/@wp-playground/cli/index.js:237\n        throw new Error(y, { cause: u });\n              ^\n",
    "level": "FATAL",
    "type": "PLAYGROUND",
    "test": "asyncify-boot",
    "plugin": "performance-testing",
    "details": "file:///home/runner/work/playground-tester/playground-tester/node_modules/@wp-playground/cli/index.js:237\n        throw new Error(y, { cause: u });\n              ^\n",
    "log": "/tmp/tmp.SxCfTQXirH"
  },
  {
    "message": "Uncaught Error: Class \"WC_Payment_Gateway\" not found in /wordpress/wp-content/plugins/quick-payment-by-upi/quick-payment-by-upi.php:39",
    "level": "FATAL",
    "type": "PHP",
    "test": "asyncify-boot",
    "plugin": "performance-testing",
    "details": "[22-May-2025 15:30:30 UTC] PHP Fatal error:  Uncaught Error: Class \"WC_Payment_Gateway\" not found in /wordpress/wp-content/plugins/quick-payment-by-upi/quick-payment-by-upi.php:39\nStack trace:\n#0 /wordpress/wp-includes/class-wp-hook.php(324): wc_upi_extends('')\n#1 /wordpress/wp-includes/class-wp-hook.php(348): WP_Hook->apply_filters(NULL, Array)\n#2 /wordpress/wp-includes/plugin.php(517): WP_Hook->do_action(Array)\n#3 /wordpress/wp-settings.php(578): do_action('plugins_loaded')\n#4 /wordpress/wp-config.php(102): require_once('/wordpress/wp-s...')\n#5 /wordpress/wp-load.php(50): require_once('/wordpress/wp-c...')\n#6 /internal/eval.php(3): require_once('/wordpress/wp-l...')\n#7 {main}\n  thrown in /wordpress/wp-content/plugins/quick-payment-by-upi/quick-payment-by-upi.php on line 39",
    "log": "/logs/plugins/p/performance-testing/error.json"
  },
  {
    "message": "Uncaught Error: Class \"WC_Payment_Gateway\" not found in /wordpress/wp-content/plugins/quick-payment-by-upi/quick-payment-by-upi.php:39",
    "level": "FATAL",
    "type": "PHP",
    "test": "asyncify-boot",
    "plugin": "performance-testing",
    "details": "[22-May-2025 15:30:39 UTC] PHP Fatal error:  Uncaught Error: Class \"WC_Payment_Gateway\" not found in /wordpress/wp-content/plugins/quick-payment-by-upi/quick-payment-by-upi.php:39\nStack trace:\n#0 /wordpress/wp-includes/class-wp-hook.php(324): wc_upi_extends('')\n#1 /wordpress/wp-includes/class-wp-hook.php(348): WP_Hook->apply_filters(NULL, Array)\n#2 /wordpress/wp-includes/plugin.php(517): WP_Hook->do_action(Array)\n#3 /wordpress/wp-settings.php(578): do_action('plugins_loaded')\n#4 /wordpress/wp-config.php(102): require_once('/wordpress/wp-s...')\n#5 /wordpress/wp-load.php(50): require_once('/wordpress/wp-c...')\n#6 /internal/eval.php(3): require_once('/wordpress/wp-l...')\n#7 {main}\n  thrown in /wordpress/wp-content/plugins/quick-payment-by-upi/quick-payment-by-upi.php on line 39",
    "log": "/logs/plugins/p/performance-testing/error.json"
  },
  {
    "message": "Uncaught Error: Class \"WC_Payment_Gateway\" not found in /wordpress/wp-content/plugins/quick-payment-by-upi/quick-payment-by-upi.php:39",
    "level": "FATAL",
    "type": "PHP",
    "test": "asyncify-boot",
    "plugin": "performance-testing",
    "details": "[22-May-2025 15:30:48 UTC] PHP Fatal error:  Uncaught Error: Class \"WC_Payment_Gateway\" not found in /wordpress/wp-content/plugins/quick-payment-by-upi/quick-payment-by-upi.php:39\nStack trace:\n#0 /wordpress/wp-includes/class-wp-hook.php(324): wc_upi_extends('')\n#1 /wordpress/wp-includes/class-wp-hook.php(348): WP_Hook->apply_filters(NULL, Array)\n#2 /wordpress/wp-includes/plugin.php(517): WP_Hook->do_action(Array)\n#3 /wordpress/wp-settings.php(578): do_action('plugins_loaded')\n#4 /wordpress/wp-config.php(102): require_once('/wordpress/wp-s...')\n#5 /wordpress/wp-load.php(50): require_once('/wordpress/wp-c...')\n#6 /internal/eval.php(3): require_once('/wordpress/wp-l...')\n#7 {main}\n  thrown in /wordpress/wp-content/plugins/quick-payment-by-upi/quick-payment-by-upi.php on line 39",
    "log": "/logs/plugins/p/performance-testing/error.json"
  },
  {
    "message": "curl_setopt(): CURLOPT_SSL_VERIFYHOST no longer accepts the value 1, value 2 will be used instead in /wordpress/wp-content/plugins/paypal-digital-goods-monetization-powered-by-cleeng/php/classes/Client.php on line 541",
    "level": "NOTICE",
    "type": "PHP",
    "test": "asyncify-boot",
    "plugin": "performance-testing",
    "details": "[22-May-2025 15:34:44 UTC] PHP Notice:  curl_setopt(): CURLOPT_SSL_VERIFYHOST no longer accepts the value 1, value 2 will be used instead in /wordpress/wp-content/plugins/paypal-digital-goods-monetization-powered-by-cleeng/php/classes/Client.php on line 541",
    "log": "/logs/plugins/p/performance-testing/error.json"
  },
  {
    "message": "Uncaught CleengClientException: Authorization error (404). in /wordpress/wp-content/plugins/paypal-digital-goods-monetization-powered-by-cleeng/php/classes/Client.php:557",
    "level": "FATAL",
    "type": "PHP",
    "test": "asyncify-boot",
    "plugin": "performance-testing",
    "details": "[22-May-2025 15:34:45 UTC] PHP Fatal error:  Uncaught CleengClientException: Authorization error (404). in /wordpress/wp-content/plugins/paypal-digital-goods-monetization-powered-by-cleeng/php/classes/Client.php:557\nStack trace:\n#0 /wordpress/wp-content/plugins/paypal-digital-goods-monetization-powered-by-cleeng/php/classes/Client.php(891): Cleeng_Client->callApi('registerClientA...', Array)\n#1 /wordpress/wp-content/plugins/paypal-digital-goods-monetization-powered-by-cleeng/php/classes/Installer.php(115): Cleeng_Client->registerClientApp('My WordPress We...', 'Automatically c...', 'http://127.0.0....')\n#2 /wordpress/wp-content/plugins/paypal-digital-goods-monetization-powered-by-cleeng/php/classes/Core.php(126): Cleeng_Installer->register_client_app()\n#3 /wordpress/wp-content/plugins/paypal-digital-goods-monetization-powered-by-cleeng/cleengWP.php(28): Cleeng_Core->setup()\n#4 /wordpress/wp-admin/includes/plugin.php(2387): include_once('/wordpress/wp-c...')\n#5 /wordpress/wp-admin/includes/plugin.php(673): plugin_sandbox_scrape('paypal-digital-...')\n#6 /internal/eval.php(20): activate_plugin('paypal-digital-...')\n#7 {main}\n  thrown in /wordpress/wp-content/plugins/paypal-digital-goods-monetization-powered-by-cleeng/php/classes/Client.php on line 557",
    "log": "/logs/plugins/p/performance-testing/error.json"
  },
  {
    "message": "curl_setopt(): CURLOPT_SSL_VERIFYHOST no longer accepts the value 1, value 2 will be used instead in /wordpress/wp-content/plugins/paypal-digital-goods-monetization-powered-by-cleeng/php/classes/Client.php on line 541",
    "level": "NOTICE",
    "type": "PHP",
    "test": "asyncify-boot",
    "plugin": "performance-testing",
    "details": "[22-May-2025 15:34:53 UTC] PHP Notice:  curl_setopt(): CURLOPT_SSL_VERIFYHOST no longer accepts the value 1, value 2 will be used instead in /wordpress/wp-content/plugins/paypal-digital-goods-monetization-powered-by-cleeng/php/classes/Client.php on line 541",
    "log": "/logs/plugins/p/performance-testing/error.json"
  },
  {
    "message": "Uncaught CleengClientException: Authorization error (404). in /wordpress/wp-content/plugins/paypal-digital-goods-monetization-powered-by-cleeng/php/classes/Client.php:557",
    "level": "FATAL",
    "type": "PHP",
    "test": "asyncify-boot",
    "plugin": "performance-testing",
    "details": "[22-May-2025 15:34:53 UTC] PHP Fatal error:  Uncaught CleengClientException: Authorization error (404). in /wordpress/wp-content/plugins/paypal-digital-goods-monetization-powered-by-cleeng/php/classes/Client.php:557\nStack trace:\n#0 /wordpress/wp-content/plugins/paypal-digital-goods-monetization-powered-by-cleeng/php/classes/Client.php(891): Cleeng_Client->callApi('registerClientA...', Array)\n#1 /wordpress/wp-content/plugins/paypal-digital-goods-monetization-powered-by-cleeng/php/classes/Installer.php(115): Cleeng_Client->registerClientApp('My WordPress We...', 'Automatically c...', 'http://127.0.0....')\n#2 /wordpress/wp-content/plugins/paypal-digital-goods-monetization-powered-by-cleeng/php/classes/Core.php(126): Cleeng_Installer->register_client_app()\n#3 /wordpress/wp-content/plugins/paypal-digital-goods-monetization-powered-by-cleeng/cleengWP.php(28): Cleeng_Core->setup()\n#4 /wordpress/wp-admin/includes/plugin.php(2387): include_once('/wordpress/wp-c...')\n#5 /wordpress/wp-admin/includes/plugin.php(673): plugin_sandbox_scrape('paypal-digital-...')\n#6 /internal/eval.php(20): activate_plugin('paypal-digital-...')\n#7 {main}\n  thrown in /wordpress/wp-content/plugins/paypal-digital-goods-monetization-powered-by-cleeng/php/classes/Client.php on line 557",
    "log": "/logs/plugins/p/performance-testing/error.json"
  },
  {
    "message": "curl_setopt(): CURLOPT_SSL_VERIFYHOST no longer accepts the value 1, value 2 will be used instead in /wordpress/wp-content/plugins/paypal-digital-goods-monetization-powered-by-cleeng/php/classes/Client.php on line 541",
    "level": "NOTICE",
    "type": "PHP",
    "test": "asyncify-boot",
    "plugin": "performance-testing",
    "details": "[22-May-2025 15:35:02 UTC] PHP Notice:  curl_setopt(): CURLOPT_SSL_VERIFYHOST no longer accepts the value 1, value 2 will be used instead in /wordpress/wp-content/plugins/paypal-digital-goods-monetization-powered-by-cleeng/php/classes/Client.php on line 541",
    "log": "/logs/plugins/p/performance-testing/error.json"
  },
  {
    "message": "Uncaught CleengClientException: Authorization error (404). in /wordpress/wp-content/plugins/paypal-digital-goods-monetization-powered-by-cleeng/php/classes/Client.php:557",
    "level": "FATAL",
    "type": "PHP",
    "test": "asyncify-boot",
    "plugin": "performance-testing",
    "details": "[22-May-2025 15:35:03 UTC] PHP Fatal error:  Uncaught CleengClientException: Authorization error (404). in /wordpress/wp-content/plugins/paypal-digital-goods-monetization-powered-by-cleeng/php/classes/Client.php:557\nStack trace:\n#0 /wordpress/wp-content/plugins/paypal-digital-goods-monetization-powered-by-cleeng/php/classes/Client.php(891): Cleeng_Client->callApi('registerClientA...', Array)\n#1 /wordpress/wp-content/plugins/paypal-digital-goods-monetization-powered-by-cleeng/php/classes/Installer.php(115): Cleeng_Client->registerClientApp('My WordPress We...', 'Automatically c...', 'http://127.0.0....')\n#2 /wordpress/wp-content/plugins/paypal-digital-goods-monetization-powered-by-cleeng/php/classes/Core.php(126): Cleeng_Installer->register_client_app()\n#3 /wordpress/wp-content/plugins/paypal-digital-goods-monetization-powered-by-cleeng/cleengWP.php(28): Cleeng_Core->setup()\n#4 /wordpress/wp-admin/includes/plugin.php(2387): include_once('/wordpress/wp-c...')\n#5 /wordpress/wp-admin/includes/plugin.php(673): plugin_sandbox_scrape('paypal-digital-...')\n#6 /internal/eval.php(20): activate_plugin('paypal-digital-...')\n#7 {main}\n  thrown in /wordpress/wp-content/plugins/paypal-digital-goods-monetization-powered-by-cleeng/php/classes/Client.php on line 557",
    "log": "/logs/plugins/p/performance-testing/error.json"
  },
  {
    "message": "Uncaught Error: Call to undefined function xdebug_get_profiler_filename() in /wordpress/wp-content/plugins/performance-testing/hooks/shutdown.php:82",
    "level": "FATAL",
    "type": "PHP",
    "test": "asyncify-boot",
    "plugin": "performance-testing",
    "details": "[22-May-2025 15:36:07 UTC] PHP Fatal error:  Uncaught Error: Call to undefined function xdebug_get_profiler_filename() in /wordpress/wp-content/plugins/performance-testing/hooks/shutdown.php:82\nStack trace:\n#0 /wordpress/wp-content/plugins/performance-testing/hooks/shutdown.php(73): DragonU_Performance_Shutdown_Action->captureCachegrindDirectory()\n#1 /wordpress/wp-content/plugins/performance-testing/hooks/shutdown.php(59): DragonU_Performance_Shutdown_Action->run()\n#2 /wordpress/wp-includes/class-wp-hook.php(324): DragonU_Performance_Shutdown_Hook::shutdown('')\n#3 /wordpress/wp-includes/class-wp-hook.php(348): WP_Hook->apply_filters(NULL, Array)\n#4 /wordpress/wp-includes/plugin.php(517): WP_Hook->do_action(Array)\n#5 /wordpress/wp-includes/load.php(1304): do_action('shutdown')\n#6 [internal function]: shutdown_action_hook()\n#7 {main}\n  thrown in /wordpress/wp-content/plugins/performance-testing/hooks/shutdown.php on line 82",
    "log": "/logs/plugins/p/performance-testing/error.json"
  },
  {
    "message": "Uncaught Error: Call to undefined function xdebug_get_profiler_filename() in /wordpress/wp-content/plugins/performance-testing/hooks/shutdown.php:82",
    "level": "FATAL",
    "type": "PHP",
    "test": "asyncify-boot",
    "plugin": "performance-testing",
    "details": "[22-May-2025 15:36:17 UTC] PHP Fatal error:  Uncaught Error: Call to undefined function xdebug_get_profiler_filename() in /wordpress/wp-content/plugins/performance-testing/hooks/shutdown.php:82\nStack trace:\n#0 /wordpress/wp-content/plugins/performance-testing/hooks/shutdown.php(73): DragonU_Performance_Shutdown_Action->captureCachegrindDirectory()\n#1 /wordpress/wp-content/plugins/performance-testing/hooks/shutdown.php(59): DragonU_Performance_Shutdown_Action->run()\n#2 /wordpress/wp-includes/class-wp-hook.php(324): DragonU_Performance_Shutdown_Hook::shutdown('')\n#3 /wordpress/wp-includes/class-wp-hook.php(348): WP_Hook->apply_filters(NULL, Array)\n#4 /wordpress/wp-includes/plugin.php(517): WP_Hook->do_action(Array)\n#5 /wordpress/wp-includes/load.php(1304): do_action('shutdown')\n#6 [internal function]: shutdown_action_hook()\n#7 {main}\n  thrown in /wordpress/wp-content/plugins/performance-testing/hooks/shutdown.php on line 82\n\n    at Object.onBind (file:///home/runner/work/playground-tester/playground-tester/node_modules/@wp-playground/cli/index.js:237:15)\n    at process.processTicksAndRejections (node:internal/process/task_queues:105:5)\n    at async V (file:///home/runner/work/playground-tester/playground-tester/node_modules/@wp-playground/cli/index.js:64:10)\n    at async ja (file:///home/runner/work/playground-tester/playground-tester/node_modules/@wp-playground/cli/cli.js:8161:12) {\n  [cause]: Error: Error when executing the blueprint step #1 ({\"step\":\"installPlugin\",\"pluginData\":{\"resource\":\"wordpress.org/plugins\",\"slug\":\"performance-testing\"},\"options\":{\"activate\":true}}) : Plugin /wordpress/wp-content/plugins/performance-testing could not be activated – WordPress exited with no error. Sometimes, when $_SERVER or site options are not configured correctly, WordPress exits early with a 301 redirect. Inspect the \"debug\" logs in the console for more details.\n      at Object.run (file:///home/runner/work/playground-tester/playground-tester/node_modules/@wp-playground/blueprints/index.js:12449:19)\n      at process.processTicksAndRejections (node:internal/process/task_queues:105:5)\n      at async ms (file:///home/runner/work/playground-tester/playground-tester/node_modules/@wp-playground/blueprints/index.js:12552:3)\n      ... 2 lines matching cause stack trace ...\n      at async ja (file:///home/runner/work/playground-tester/playground-tester/node_modules/@wp-playground/cli/cli.js:8161:12) {\n    [cause]: Error: Plugin /wordpress/wp-content/plugins/performance-testing could not be activated – WordPress exited with no error. Sometimes, when $_SERVER or site options are not configured correctly, WordPress exits early with a 301 redirect. Inspect the \"debug\" logs in the console for more details.\n        at wr (file:///home/runner/work/playground-tester/playground-tester/node_modules/@wp-playground/blueprints/index.js:119:51)\n        at process.processTicksAndRejections (node:internal/process/task_queues:105:5)\n        at async Object.gt [as installPlugin] (file:///home/runner/work/playground-tester/playground-tester/node_modules/@wp-playground/blueprints/index.js:974:42)\n        at async g (file:///home/runner/work/playground-tester/playground-tester/node_modules/@wp-playground/blueprints/index.js:12517:30)\n        at async Object.run (file:///home/runner/work/playground-tester/playground-tester/node_modules/@wp-playground/blueprints/index.js:12446:23)\n        at async ms (file:///home/runner/work/playground-tester/playground-tester/node_modules/@wp-playground/blueprints/index.js:12552:3)\n        at async Object.onBind (file:///home/runner/work/playground-tester/playground-tester/node_modules/@wp-playground/cli/index.js:227:48)\n        at async V (file:///home/runner/work/playground-tester/playground-tester/node_modules/@wp-playground/cli/index.js:64:10)\n        at async ja (file:///home/runner/work/playground-tester/playground-tester/node_modules/@wp-playground/cli/cli.js:8161:12)\n  }\n}\n\n",
    "log": "/logs/plugins/p/performance-testing/error.json"
  },
  {
    "message": "file:///home/runner/work/playground-tester/playground-tester/node_modules/@wp-playground/cli/index.js:237\n        throw new Error(y, { cause: u });\n              ^\n",
    "level": "FATAL",
    "type": "PLAYGROUND",
    "test": "jspi-boot",
    "plugin": "performance-testing",
    "details": "file:///home/runner/work/playground-tester/playground-tester/node_modules/@wp-playground/cli/index.js:237\n        throw new Error(y, { cause: u });\n              ^\n",
    "log": "/tmp/tmp.GOABFo49ic"
  },
  {
    "message": "Uncaught Error: Class \"WC_Payment_Gateway\" not found in /wordpress/wp-content/plugins/quick-payment-by-upi/quick-payment-by-upi.php:39",
    "level": "FATAL",
    "type": "PHP",
    "test": "jspi-boot",
    "plugin": "performance-testing",
    "details": "[22-May-2025 15:30:30 UTC] PHP Fatal error:  Uncaught Error: Class \"WC_Payment_Gateway\" not found in /wordpress/wp-content/plugins/quick-payment-by-upi/quick-payment-by-upi.php:39\nStack trace:\n#0 /wordpress/wp-includes/class-wp-hook.php(324): wc_upi_extends('')\n#1 /wordpress/wp-includes/class-wp-hook.php(348): WP_Hook->apply_filters(NULL, Array)\n#2 /wordpress/wp-includes/plugin.php(517): WP_Hook->do_action(Array)\n#3 /wordpress/wp-settings.php(578): do_action('plugins_loaded')\n#4 /wordpress/wp-config.php(102): require_once('/wordpress/wp-s...')\n#5 /wordpress/wp-load.php(50): require_once('/wordpress/wp-c...')\n#6 /internal/eval.php(3): require_once('/wordpress/wp-l...')\n#7 {main}\n  thrown in /wordpress/wp-content/plugins/quick-payment-by-upi/quick-payment-by-upi.php on line 39",
    "log": "/logs/plugins/p/performance-testing/error.json"
  },
  {
    "message": "Uncaught Error: Class \"WC_Payment_Gateway\" not found in /wordpress/wp-content/plugins/quick-payment-by-upi/quick-payment-by-upi.php:39",
    "level": "FATAL",
    "type": "PHP",
    "test": "jspi-boot",
    "plugin": "performance-testing",
    "details": "[22-May-2025 15:30:39 UTC] PHP Fatal error:  Uncaught Error: Class \"WC_Payment_Gateway\" not found in /wordpress/wp-content/plugins/quick-payment-by-upi/quick-payment-by-upi.php:39\nStack trace:\n#0 /wordpress/wp-includes/class-wp-hook.php(324): wc_upi_extends('')\n#1 /wordpress/wp-includes/class-wp-hook.php(348): WP_Hook->apply_filters(NULL, Array)\n#2 /wordpress/wp-includes/plugin.php(517): WP_Hook->do_action(Array)\n#3 /wordpress/wp-settings.php(578): do_action('plugins_loaded')\n#4 /wordpress/wp-config.php(102): require_once('/wordpress/wp-s...')\n#5 /wordpress/wp-load.php(50): require_once('/wordpress/wp-c...')\n#6 /internal/eval.php(3): require_once('/wordpress/wp-l...')\n#7 {main}\n  thrown in /wordpress/wp-content/plugins/quick-payment-by-upi/quick-payment-by-upi.php on line 39",
    "log": "/logs/plugins/p/performance-testing/error.json"
  },
  {
    "message": "Uncaught Error: Class \"WC_Payment_Gateway\" not found in /wordpress/wp-content/plugins/quick-payment-by-upi/quick-payment-by-upi.php:39",
    "level": "FATAL",
    "type": "PHP",
    "test": "jspi-boot",
    "plugin": "performance-testing",
    "details": "[22-May-2025 15:30:48 UTC] PHP Fatal error:  Uncaught Error: Class \"WC_Payment_Gateway\" not found in /wordpress/wp-content/plugins/quick-payment-by-upi/quick-payment-by-upi.php:39\nStack trace:\n#0 /wordpress/wp-includes/class-wp-hook.php(324): wc_upi_extends('')\n#1 /wordpress/wp-includes/class-wp-hook.php(348): WP_Hook->apply_filters(NULL, Array)\n#2 /wordpress/wp-includes/plugin.php(517): WP_Hook->do_action(Array)\n#3 /wordpress/wp-settings.php(578): do_action('plugins_loaded')\n#4 /wordpress/wp-config.php(102): require_once('/wordpress/wp-s...')\n#5 /wordpress/wp-load.php(50): require_once('/wordpress/wp-c...')\n#6 /internal/eval.php(3): require_once('/wordpress/wp-l...')\n#7 {main}\n  thrown in /wordpress/wp-content/plugins/quick-payment-by-upi/quick-payment-by-upi.php on line 39",
    "log": "/logs/plugins/p/performance-testing/error.json"
  },
  {
    "message": "curl_setopt(): CURLOPT_SSL_VERIFYHOST no longer accepts the value 1, value 2 will be used instead in /wordpress/wp-content/plugins/paypal-digital-goods-monetization-powered-by-cleeng/php/classes/Client.php on line 541",
    "level": "NOTICE",
    "type": "PHP",
    "test": "jspi-boot",
    "plugin": "performance-testing",
    "details": "[22-May-2025 15:34:44 UTC] PHP Notice:  curl_setopt(): CURLOPT_SSL_VERIFYHOST no longer accepts the value 1, value 2 will be used instead in /wordpress/wp-content/plugins/paypal-digital-goods-monetization-powered-by-cleeng/php/classes/Client.php on line 541",
    "log": "/logs/plugins/p/performance-testing/error.json"
  },
  {
    "message": "Uncaught CleengClientException: Authorization error (404). in /wordpress/wp-content/plugins/paypal-digital-goods-monetization-powered-by-cleeng/php/classes/Client.php:557",
    "level": "FATAL",
    "type": "PHP",
    "test": "jspi-boot",
    "plugin": "performance-testing",
    "details": "[22-May-2025 15:34:45 UTC] PHP Fatal error:  Uncaught CleengClientException: Authorization error (404). in /wordpress/wp-content/plugins/paypal-digital-goods-monetization-powered-by-cleeng/php/classes/Client.php:557\nStack trace:\n#0 /wordpress/wp-content/plugins/paypal-digital-goods-monetization-powered-by-cleeng/php/classes/Client.php(891): Cleeng_Client->callApi('registerClientA...', Array)\n#1 /wordpress/wp-content/plugins/paypal-digital-goods-monetization-powered-by-cleeng/php/classes/Installer.php(115): Cleeng_Client->registerClientApp('My WordPress We...', 'Automatically c...', 'http://127.0.0....')\n#2 /wordpress/wp-content/plugins/paypal-digital-goods-monetization-powered-by-cleeng/php/classes/Core.php(126): Cleeng_Installer->register_client_app()\n#3 /wordpress/wp-content/plugins/paypal-digital-goods-monetization-powered-by-cleeng/cleengWP.php(28): Cleeng_Core->setup()\n#4 /wordpress/wp-admin/includes/plugin.php(2387): include_once('/wordpress/wp-c...')\n#5 /wordpress/wp-admin/includes/plugin.php(673): plugin_sandbox_scrape('paypal-digital-...')\n#6 /internal/eval.php(20): activate_plugin('paypal-digital-...')\n#7 {main}\n  thrown in /wordpress/wp-content/plugins/paypal-digital-goods-monetization-powered-by-cleeng/php/classes/Client.php on line 557",
    "log": "/logs/plugins/p/performance-testing/error.json"
  },
  {
    "message": "curl_setopt(): CURLOPT_SSL_VERIFYHOST no longer accepts the value 1, value 2 will be used instead in /wordpress/wp-content/plugins/paypal-digital-goods-monetization-powered-by-cleeng/php/classes/Client.php on line 541",
    "level": "NOTICE",
    "type": "PHP",
    "test": "jspi-boot",
    "plugin": "performance-testing",
    "details": "[22-May-2025 15:34:53 UTC] PHP Notice:  curl_setopt(): CURLOPT_SSL_VERIFYHOST no longer accepts the value 1, value 2 will be used instead in /wordpress/wp-content/plugins/paypal-digital-goods-monetization-powered-by-cleeng/php/classes/Client.php on line 541",
    "log": "/logs/plugins/p/performance-testing/error.json"
  },
  {
    "message": "Uncaught CleengClientException: Authorization error (404). in /wordpress/wp-content/plugins/paypal-digital-goods-monetization-powered-by-cleeng/php/classes/Client.php:557",
    "level": "FATAL",
    "type": "PHP",
    "test": "jspi-boot",
    "plugin": "performance-testing",
    "details": "[22-May-2025 15:34:53 UTC] PHP Fatal error:  Uncaught CleengClientException: Authorization error (404). in /wordpress/wp-content/plugins/paypal-digital-goods-monetization-powered-by-cleeng/php/classes/Client.php:557\nStack trace:\n#0 /wordpress/wp-content/plugins/paypal-digital-goods-monetization-powered-by-cleeng/php/classes/Client.php(891): Cleeng_Client->callApi('registerClientA...', Array)\n#1 /wordpress/wp-content/plugins/paypal-digital-goods-monetization-powered-by-cleeng/php/classes/Installer.php(115): Cleeng_Client->registerClientApp('My WordPress We...', 'Automatically c...', 'http://127.0.0....')\n#2 /wordpress/wp-content/plugins/paypal-digital-goods-monetization-powered-by-cleeng/php/classes/Core.php(126): Cleeng_Installer->register_client_app()\n#3 /wordpress/wp-content/plugins/paypal-digital-goods-monetization-powered-by-cleeng/cleengWP.php(28): Cleeng_Core->setup()\n#4 /wordpress/wp-admin/includes/plugin.php(2387): include_once('/wordpress/wp-c...')\n#5 /wordpress/wp-admin/includes/plugin.php(673): plugin_sandbox_scrape('paypal-digital-...')\n#6 /internal/eval.php(20): activate_plugin('paypal-digital-...')\n#7 {main}\n  thrown in /wordpress/wp-content/plugins/paypal-digital-goods-monetization-powered-by-cleeng/php/classes/Client.php on line 557",
    "log": "/logs/plugins/p/performance-testing/error.json"
  },
  {
    "message": "curl_setopt(): CURLOPT_SSL_VERIFYHOST no longer accepts the value 1, value 2 will be used instead in /wordpress/wp-content/plugins/paypal-digital-goods-monetization-powered-by-cleeng/php/classes/Client.php on line 541",
    "level": "NOTICE",
    "type": "PHP",
    "test": "jspi-boot",
    "plugin": "performance-testing",
    "details": "[22-May-2025 15:35:02 UTC] PHP Notice:  curl_setopt(): CURLOPT_SSL_VERIFYHOST no longer accepts the value 1, value 2 will be used instead in /wordpress/wp-content/plugins/paypal-digital-goods-monetization-powered-by-cleeng/php/classes/Client.php on line 541",
    "log": "/logs/plugins/p/performance-testing/error.json"
  },
  {
    "message": "Uncaught CleengClientException: Authorization error (404). in /wordpress/wp-content/plugins/paypal-digital-goods-monetization-powered-by-cleeng/php/classes/Client.php:557",
    "level": "FATAL",
    "type": "PHP",
    "test": "jspi-boot",
    "plugin": "performance-testing",
    "details": "[22-May-2025 15:35:03 UTC] PHP Fatal error:  Uncaught CleengClientException: Authorization error (404). in /wordpress/wp-content/plugins/paypal-digital-goods-monetization-powered-by-cleeng/php/classes/Client.php:557\nStack trace:\n#0 /wordpress/wp-content/plugins/paypal-digital-goods-monetization-powered-by-cleeng/php/classes/Client.php(891): Cleeng_Client->callApi('registerClientA...', Array)\n#1 /wordpress/wp-content/plugins/paypal-digital-goods-monetization-powered-by-cleeng/php/classes/Installer.php(115): Cleeng_Client->registerClientApp('My WordPress We...', 'Automatically c...', 'http://127.0.0....')\n#2 /wordpress/wp-content/plugins/paypal-digital-goods-monetization-powered-by-cleeng/php/classes/Core.php(126): Cleeng_Installer->register_client_app()\n#3 /wordpress/wp-content/plugins/paypal-digital-goods-monetization-powered-by-cleeng/cleengWP.php(28): Cleeng_Core->setup()\n#4 /wordpress/wp-admin/includes/plugin.php(2387): include_once('/wordpress/wp-c...')\n#5 /wordpress/wp-admin/includes/plugin.php(673): plugin_sandbox_scrape('paypal-digital-...')\n#6 /internal/eval.php(20): activate_plugin('paypal-digital-...')\n#7 {main}\n  thrown in /wordpress/wp-content/plugins/paypal-digital-goods-monetization-powered-by-cleeng/php/classes/Client.php on line 557",
    "log": "/logs/plugins/p/performance-testing/error.json"
  },
  {
    "message": "Uncaught Error: Call to undefined function xdebug_get_profiler_filename() in /wordpress/wp-content/plugins/performance-testing/hooks/shutdown.php:82",
    "level": "FATAL",
    "type": "PHP",
    "test": "jspi-boot",
    "plugin": "performance-testing",
    "details": "[22-May-2025 15:36:07 UTC] PHP Fatal error:  Uncaught Error: Call to undefined function xdebug_get_profiler_filename() in /wordpress/wp-content/plugins/performance-testing/hooks/shutdown.php:82\nStack trace:\n#0 /wordpress/wp-content/plugins/performance-testing/hooks/shutdown.php(73): DragonU_Performance_Shutdown_Action->captureCachegrindDirectory()\n#1 /wordpress/wp-content/plugins/performance-testing/hooks/shutdown.php(59): DragonU_Performance_Shutdown_Action->run()\n#2 /wordpress/wp-includes/class-wp-hook.php(324): DragonU_Performance_Shutdown_Hook::shutdown('')\n#3 /wordpress/wp-includes/class-wp-hook.php(348): WP_Hook->apply_filters(NULL, Array)\n#4 /wordpress/wp-includes/plugin.php(517): WP_Hook->do_action(Array)\n#5 /wordpress/wp-includes/load.php(1304): do_action('shutdown')\n#6 [internal function]: shutdown_action_hook()\n#7 {main}\n  thrown in /wordpress/wp-content/plugins/performance-testing/hooks/shutdown.php on line 82",
    "log": "/logs/plugins/p/performance-testing/error.json"
  },
  {
    "message": "Uncaught Error: Call to undefined function xdebug_get_profiler_filename() in /wordpress/wp-content/plugins/performance-testing/hooks/shutdown.php:82",
    "level": "FATAL",
    "type": "PHP",
    "test": "jspi-boot",
    "plugin": "performance-testing",
    "details": "[22-May-2025 15:36:17 UTC] PHP Fatal error:  Uncaught Error: Call to undefined function xdebug_get_profiler_filename() in /wordpress/wp-content/plugins/performance-testing/hooks/shutdown.php:82\nStack trace:\n#0 /wordpress/wp-content/plugins/performance-testing/hooks/shutdown.php(73): DragonU_Performance_Shutdown_Action->captureCachegrindDirectory()\n#1 /wordpress/wp-content/plugins/performance-testing/hooks/shutdown.php(59): DragonU_Performance_Shutdown_Action->run()\n#2 /wordpress/wp-includes/class-wp-hook.php(324): DragonU_Performance_Shutdown_Hook::shutdown('')\n#3 /wordpress/wp-includes/class-wp-hook.php(348): WP_Hook->apply_filters(NULL, Array)\n#4 /wordpress/wp-includes/plugin.php(517): WP_Hook->do_action(Array)\n#5 /wordpress/wp-includes/load.php(1304): do_action('shutdown')\n#6 [internal function]: shutdown_action_hook()\n#7 {main}\n  thrown in /wordpress/wp-content/plugins/performance-testing/hooks/shutdown.php on line 82",
    "log": "/logs/plugins/p/performance-testing/error.json"
  },
  {
    "message": "Uncaught Error: Call to undefined function xdebug_get_profiler_filename() in /wordpress/wp-content/plugins/performance-testing/hooks/shutdown.php:82",
    "level": "FATAL",
    "type": "PHP",
    "test": "jspi-boot",
    "plugin": "performance-testing",
    "details": "[22-May-2025 15:36:26 UTC] PHP Fatal error:  Uncaught Error: Call to undefined function xdebug_get_profiler_filename() in /wordpress/wp-content/plugins/performance-testing/hooks/shutdown.php:82\nStack trace:\n#0 /wordpress/wp-content/plugins/performance-testing/hooks/shutdown.php(73): DragonU_Performance_Shutdown_Action->captureCachegrindDirectory()\n#1 /wordpress/wp-content/plugins/performance-testing/hooks/shutdown.php(59): DragonU_Performance_Shutdown_Action->run()\n#2 /wordpress/wp-includes/class-wp-hook.php(324): DragonU_Performance_Shutdown_Hook::shutdown('')\n#3 /wordpress/wp-includes/class-wp-hook.php(348): WP_Hook->apply_filters(NULL, Array)\n#4 /wordpress/wp-includes/plugin.php(517): WP_Hook->do_action(Array)\n#5 /wordpress/wp-includes/load.php(1304): do_action('shutdown')\n#6 [internal function]: shutdown_action_hook()\n#7 {main}\n  thrown in /wordpress/wp-content/plugins/performance-testing/hooks/shutdown.php on line 82\n\n    at Object.onBind (file:///home/runner/work/playground-tester/playground-tester/node_modules/@wp-playground/cli/index.js:237:15)\n    at process.processTicksAndRejections (node:internal/process/task_queues:105:5)\n    at async V (file:///home/runner/work/playground-tester/playground-tester/node_modules/@wp-playground/cli/index.js:64:10)\n    at async ja (file:///home/runner/work/playground-tester/playground-tester/node_modules/@wp-playground/cli/cli.js:8161:12) {\n  [cause]: Error: Error when executing the blueprint step #1 ({\"step\":\"installPlugin\",\"pluginData\":{\"resource\":\"wordpress.org/plugins\",\"slug\":\"performance-testing\"},\"options\":{\"activate\":true}}) : Plugin /wordpress/wp-content/plugins/performance-testing could not be activated – WordPress exited with no error. Sometimes, when $_SERVER or site options are not configured correctly, WordPress exits early with a 301 redirect. Inspect the \"debug\" logs in the console for more details.\n      at Object.run (file:///home/runner/work/playground-tester/playground-tester/node_modules/@wp-playground/blueprints/index.js:12449:19)\n      at process.processTicksAndRejections (node:internal/process/task_queues:105:5)\n      at async ms (file:///home/runner/work/playground-tester/playground-tester/node_modules/@wp-playground/blueprints/index.js:12552:3)\n      ... 2 lines matching cause stack trace ...\n      at async ja (file:///home/runner/work/playground-tester/playground-tester/node_modules/@wp-playground/cli/cli.js:8161:12) {\n    [cause]: Error: Plugin /wordpress/wp-content/plugins/performance-testing could not be activated – WordPress exited with no error. Sometimes, when $_SERVER or site options are not configured correctly, WordPress exits early with a 301 redirect. Inspect the \"debug\" logs in the console for more details.\n        at wr (file:///home/runner/work/playground-tester/playground-tester/node_modules/@wp-playground/blueprints/index.js:119:51)\n        at process.processTicksAndRejections (node:internal/process/task_queues:105:5)\n        at async Object.gt [as installPlugin] (file:///home/runner/work/playground-tester/playground-tester/node_modules/@wp-playground/blueprints/index.js:974:42)\n        at async g (file:///home/runner/work/playground-tester/playground-tester/node_modules/@wp-playground/blueprints/index.js:12517:30)\n        at async Object.run (file:///home/runner/work/playground-tester/playground-tester/node_modules/@wp-playground/blueprints/index.js:12446:23)\n        at async ms (file:///home/runner/work/playground-tester/playground-tester/node_modules/@wp-playground/blueprints/index.js:12552:3)\n        at async Object.onBind (file:///home/runner/work/playground-tester/playground-tester/node_modules/@wp-playground/cli/index.js:227:48)\n        at async V (file:///home/runner/work/playground-tester/playground-tester/node_modules/@wp-playground/cli/index.js:64:10)\n        at async ja (file:///home/runner/work/playground-tester/playground-tester/node_modules/@wp-playground/cli/cli.js:8161:12)\n  }\n}\n\n",
    "log": "/logs/plugins/p/performance-testing/error.json"
  }
]
