[
{"message":"file:///home/runner/work/playground-tester/playground-tester/node_modules/@wp-playground/cli/index.js:237\n        throw new Error(y, { cause: u });\n              ^\n","level":"FATAL","type":"PLAYGROUND","test":"jspi-boot","plugin":"wp-gcalendar","details":"file:///home/runner/work/playground-tester/playground-tester/node_modules/@wp-playground/cli/index.js:237\n        throw new Error(y, { cause: u });\n              ^\n","log":"/tmp/tmp.gqkhwx2SYA"}
,
{"message":"Required parameter $POST follows optional parameter $level in /wordpress/wp-content/plugins/wp-custom-access-lite/classes/useraccount.php on line 265","level":"DEPRECATED","type":"PHP","test":"jspi-boot","plugin":"wp-gcalendar","details":"[21-Apr-2025 22:49:32 UTC] PHP Deprecated:  Required parameter $POST follows optional parameter $level in /wordpress/wp-content/plugins/wp-custom-access-lite/classes/useraccount.php on line 265","log":"/logs/plugins/w/wp-gcalendar/error.json"}
,
{"message":"Trying to access array offset on value of type null in /wordpress/wp-content/plugins/wp-custom-access-lite/classes/useraccount.php on line 163","level":"WARNING","type":"PHP","test":"jspi-boot","plugin":"wp-gcalendar","details":"[21-Apr-2025 22:49:32 UTC] PHP Warning:  Trying to access array offset on value of type null in /wordpress/wp-content/plugins/wp-custom-access-lite/classes/useraccount.php on line 163","log":"/logs/plugins/w/wp-gcalendar/error.json"}
,
{"message":"Trying to access array offset on value of type null in /wordpress/wp-content/plugins/wp-custom-access-lite/classes/useraccount.php on line 164","level":"WARNING","type":"PHP","test":"jspi-boot","plugin":"wp-gcalendar","details":"[21-Apr-2025 22:49:32 UTC] PHP Warning:  Trying to access array offset on value of type null in /wordpress/wp-content/plugins/wp-custom-access-lite/classes/useraccount.php on line 164","log":"/logs/plugins/w/wp-gcalendar/error.json"}
,
{"message":"Required parameter $POST follows optional parameter $level in /wordpress/wp-content/plugins/wp-custom-access-lite/classes/useraccount.php on line 265","level":"DEPRECATED","type":"PHP","test":"jspi-boot","plugin":"wp-gcalendar","details":"[21-Apr-2025 22:49:42 UTC] PHP Deprecated:  Required parameter $POST follows optional parameter $level in /wordpress/wp-content/plugins/wp-custom-access-lite/classes/useraccount.php on line 265","log":"/logs/plugins/w/wp-gcalendar/error.json"}
,
{"message":"Trying to access array offset on value of type null in /wordpress/wp-content/plugins/wp-custom-access-lite/classes/useraccount.php on line 163","level":"WARNING","type":"PHP","test":"jspi-boot","plugin":"wp-gcalendar","details":"[21-Apr-2025 22:49:42 UTC] PHP Warning:  Trying to access array offset on value of type null in /wordpress/wp-content/plugins/wp-custom-access-lite/classes/useraccount.php on line 163","log":"/logs/plugins/w/wp-gcalendar/error.json"}
,
{"message":"Trying to access array offset on value of type null in /wordpress/wp-content/plugins/wp-custom-access-lite/classes/useraccount.php on line 164","level":"WARNING","type":"PHP","test":"jspi-boot","plugin":"wp-gcalendar","details":"[21-Apr-2025 22:49:42 UTC] PHP Warning:  Trying to access array offset on value of type null in /wordpress/wp-content/plugins/wp-custom-access-lite/classes/useraccount.php on line 164","log":"/logs/plugins/w/wp-gcalendar/error.json"}
,
{"message":"Required parameter $POST follows optional parameter $level in /wordpress/wp-content/plugins/wp-custom-access-lite/classes/useraccount.php on line 265","level":"DEPRECATED","type":"PHP","test":"jspi-boot","plugin":"wp-gcalendar","details":"[21-Apr-2025 22:49:52 UTC] PHP Deprecated:  Required parameter $POST follows optional parameter $level in /wordpress/wp-content/plugins/wp-custom-access-lite/classes/useraccount.php on line 265","log":"/logs/plugins/w/wp-gcalendar/error.json"}
,
{"message":"Trying to access array offset on value of type null in /wordpress/wp-content/plugins/wp-custom-access-lite/classes/useraccount.php on line 163","level":"WARNING","type":"PHP","test":"jspi-boot","plugin":"wp-gcalendar","details":"[21-Apr-2025 22:49:52 UTC] PHP Warning:  Trying to access array offset on value of type null in /wordpress/wp-content/plugins/wp-custom-access-lite/classes/useraccount.php on line 163","log":"/logs/plugins/w/wp-gcalendar/error.json"}
,
{"message":"Trying to access array offset on value of type null in /wordpress/wp-content/plugins/wp-custom-access-lite/classes/useraccount.php on line 164","level":"WARNING","type":"PHP","test":"jspi-boot","plugin":"wp-gcalendar","details":"[21-Apr-2025 22:49:52 UTC] PHP Warning:  Trying to access array offset on value of type null in /wordpress/wp-content/plugins/wp-custom-access-lite/classes/useraccount.php on line 164","log":"/logs/plugins/w/wp-gcalendar/error.json"}
,
{"message":"Uncaught Error: Call to undefined function create_function() in /wordpress/wp-content/plugins/wpygments/wpygments.inc.php:138","level":"FATAL","type":"PHP","test":"jspi-boot","plugin":"wp-gcalendar","details":"[21-Apr-2025 22:50:00 UTC] PHP Fatal error:  Uncaught Error: Call to undefined function create_function() in /wordpress/wp-content/plugins/wpygments/wpygments.inc.php:138\nStack trace:\n#0 /wordpress/wp-admin/includes/plugin.php(2387): include_once()\n#1 /wordpress/wp-admin/includes/plugin.php(673): plugin_sandbox_scrape('wpygments/wpygm...')\n#2 /internal/eval.php(20): activate_plugin('wpygments/wpygm...')\n#3 {main}\n  thrown in /wordpress/wp-content/plugins/wpygments/wpygments.inc.php on line 138","log":"/logs/plugins/w/wp-gcalendar/error.json"}
,
{"message":"Uncaught Error: Call to undefined function create_function() in /wordpress/wp-content/plugins/wpygments/wpygments.inc.php:138","level":"FATAL","type":"PHP","test":"jspi-boot","plugin":"wp-gcalendar","details":"[21-Apr-2025 22:50:08 UTC] PHP Fatal error:  Uncaught Error: Call to undefined function create_function() in /wordpress/wp-content/plugins/wpygments/wpygments.inc.php:138\nStack trace:\n#0 /wordpress/wp-admin/includes/plugin.php(2387): include_once()\n#1 /wordpress/wp-admin/includes/plugin.php(673): plugin_sandbox_scrape('wpygments/wpygm...')\n#2 /internal/eval.php(20): activate_plugin('wpygments/wpygm...')\n#3 {main}\n  thrown in /wordpress/wp-content/plugins/wpygments/wpygments.inc.php on line 138","log":"/logs/plugins/w/wp-gcalendar/error.json"}
,
{"message":"Uncaught Error: Call to undefined function create_function() in /wordpress/wp-content/plugins/wpygments/wpygments.inc.php:138","level":"FATAL","type":"PHP","test":"jspi-boot","plugin":"wp-gcalendar","details":"[21-Apr-2025 22:50:16 UTC] PHP Fatal error:  Uncaught Error: Call to undefined function create_function() in /wordpress/wp-content/plugins/wpygments/wpygments.inc.php:138\nStack trace:\n#0 /wordpress/wp-admin/includes/plugin.php(2387): include_once()\n#1 /wordpress/wp-admin/includes/plugin.php(673): plugin_sandbox_scrape('wpygments/wpygm...')\n#2 /internal/eval.php(20): activate_plugin('wpygments/wpygm...')\n#3 {main}\n  thrown in /wordpress/wp-content/plugins/wpygments/wpygments.inc.php on line 138","log":"/logs/plugins/w/wp-gcalendar/error.json"}
,
{"message":"Uncaught Exception: mCrypt extension seems not to be installed in /wordpress/wp-content/plugins/wp-faucet-direct/lib/block_io.php:11","level":"FATAL","type":"PHP","test":"jspi-boot","plugin":"wp-gcalendar","details":"[21-Apr-2025 22:51:41 UTC] PHP Fatal error:  Uncaught Exception: mCrypt extension seems not to be installed in /wordpress/wp-content/plugins/wp-faucet-direct/lib/block_io.php:11\nStack trace:\n#0 /wordpress/wp-content/plugins/wp-faucet-direct/wp-faucet-direct.php(17): require_once()\n#1 /wordpress/wp-admin/includes/plugin.php(2387): include_once('/wordpress/wp-c...')\n#2 /wordpress/wp-admin/includes/plugin.php(673): plugin_sandbox_scrape('wp-faucet-direc...')\n#3 /internal/eval.php(20): activate_plugin('wp-faucet-direc...')\n#4 {main}\n  thrown in /wordpress/wp-content/plugins/wp-faucet-direct/lib/block_io.php on line 11","log":"/logs/plugins/w/wp-gcalendar/error.json"}
,
{"message":"Uncaught Exception: mCrypt extension seems not to be installed in /wordpress/wp-content/plugins/wp-faucet-direct/lib/block_io.php:11","level":"FATAL","type":"PHP","test":"jspi-boot","plugin":"wp-gcalendar","details":"[21-Apr-2025 22:51:49 UTC] PHP Fatal error:  Uncaught Exception: mCrypt extension seems not to be installed in /wordpress/wp-content/plugins/wp-faucet-direct/lib/block_io.php:11\nStack trace:\n#0 /wordpress/wp-content/plugins/wp-faucet-direct/wp-faucet-direct.php(17): require_once()\n#1 /wordpress/wp-admin/includes/plugin.php(2387): include_once('/wordpress/wp-c...')\n#2 /wordpress/wp-admin/includes/plugin.php(673): plugin_sandbox_scrape('wp-faucet-direc...')\n#3 /internal/eval.php(20): activate_plugin('wp-faucet-direc...')\n#4 {main}\n  thrown in /wordpress/wp-content/plugins/wp-faucet-direct/lib/block_io.php on line 11","log":"/logs/plugins/w/wp-gcalendar/error.json"}
,
{"message":"Uncaught Exception: mCrypt extension seems not to be installed in /wordpress/wp-content/plugins/wp-faucet-direct/lib/block_io.php:11","level":"FATAL","type":"PHP","test":"jspi-boot","plugin":"wp-gcalendar","details":"[21-Apr-2025 22:51:57 UTC] PHP Fatal error:  Uncaught Exception: mCrypt extension seems not to be installed in /wordpress/wp-content/plugins/wp-faucet-direct/lib/block_io.php:11\nStack trace:\n#0 /wordpress/wp-content/plugins/wp-faucet-direct/wp-faucet-direct.php(17): require_once()\n#1 /wordpress/wp-admin/includes/plugin.php(2387): include_once('/wordpress/wp-c...')\n#2 /wordpress/wp-admin/includes/plugin.php(673): plugin_sandbox_scrape('wp-faucet-direc...')\n#3 /internal/eval.php(20): activate_plugin('wp-faucet-direc...')\n#4 {main}\n  thrown in /wordpress/wp-content/plugins/wp-faucet-direct/lib/block_io.php on line 11","log":"/logs/plugins/w/wp-gcalendar/error.json"}
,
{"message":"Uncaught Error: Call to undefined function add_settings_section() in /wordpress/wp-content/plugins/wp-trigger-github/wp-trigger-github.php:105","level":"FATAL","type":"PHP","test":"jspi-boot","plugin":"wp-gcalendar","details":"[21-Apr-2025 22:54:10 UTC] PHP Fatal error:  Uncaught Error: Call to undefined function add_settings_section() in /wordpress/wp-content/plugins/wp-trigger-github/wp-trigger-github.php:105\nStack trace:\n#0 /wordpress/wp-content/plugins/wp-trigger-github/wp-trigger-github.php(34): WPTriggerGithub->generalSettingsSection()\n#1 /wordpress/wp-includes/class-wp-hook.php(324): WPTriggerGithub->activate(false)\n#2 /wordpress/wp-includes/class-wp-hook.php(348): WP_Hook->apply_filters('', Array)\n#3 /wordpress/wp-includes/plugin.php(517): WP_Hook->do_action(Array)\n#4 /wordpress/wp-admin/includes/plugin.php(703): do_action('activate_wp-tri...', false)\n#5 /internal/eval.php(20): activate_plugin('wp-trigger-gith...')\n#6 {main}\n  thrown in /wordpress/wp-content/plugins/wp-trigger-github/wp-trigger-github.php on line 105","log":"/logs/plugins/w/wp-gcalendar/error.json"}
,
{"message":"Uncaught Error: Call to undefined function add_settings_section() in /wordpress/wp-content/plugins/wp-trigger-github/wp-trigger-github.php:105","level":"FATAL","type":"PHP","test":"jspi-boot","plugin":"wp-gcalendar","details":"[21-Apr-2025 22:54:17 UTC] PHP Fatal error:  Uncaught Error: Call to undefined function add_settings_section() in /wordpress/wp-content/plugins/wp-trigger-github/wp-trigger-github.php:105\nStack trace:\n#0 /wordpress/wp-content/plugins/wp-trigger-github/wp-trigger-github.php(34): WPTriggerGithub->generalSettingsSection()\n#1 /wordpress/wp-includes/class-wp-hook.php(324): WPTriggerGithub->activate(false)\n#2 /wordpress/wp-includes/class-wp-hook.php(348): WP_Hook->apply_filters('', Array)\n#3 /wordpress/wp-includes/plugin.php(517): WP_Hook->do_action(Array)\n#4 /wordpress/wp-admin/includes/plugin.php(703): do_action('activate_wp-tri...', false)\n#5 /internal/eval.php(20): activate_plugin('wp-trigger-gith...')\n#6 {main}\n  thrown in /wordpress/wp-content/plugins/wp-trigger-github/wp-trigger-github.php on line 105","log":"/logs/plugins/w/wp-gcalendar/error.json"}
,
{"message":"Uncaught Error: Call to undefined function add_settings_section() in /wordpress/wp-content/plugins/wp-trigger-github/wp-trigger-github.php:105","level":"FATAL","type":"PHP","test":"jspi-boot","plugin":"wp-gcalendar","details":"[21-Apr-2025 22:54:25 UTC] PHP Fatal error:  Uncaught Error: Call to undefined function add_settings_section() in /wordpress/wp-content/plugins/wp-trigger-github/wp-trigger-github.php:105\nStack trace:\n#0 /wordpress/wp-content/plugins/wp-trigger-github/wp-trigger-github.php(34): WPTriggerGithub->generalSettingsSection()\n#1 /wordpress/wp-includes/class-wp-hook.php(324): WPTriggerGithub->activate(false)\n#2 /wordpress/wp-includes/class-wp-hook.php(348): WP_Hook->apply_filters('', Array)\n#3 /wordpress/wp-includes/plugin.php(517): WP_Hook->do_action(Array)\n#4 /wordpress/wp-admin/includes/plugin.php(703): do_action('activate_wp-tri...', false)\n#5 /internal/eval.php(20): activate_plugin('wp-trigger-gith...')\n#6 {main}\n  thrown in /wordpress/wp-content/plugins/wp-trigger-github/wp-trigger-github.php on line 105","log":"/logs/plugins/w/wp-gcalendar/error.json"}
,
{"message":"Undefined property: stdClass::$found in /wordpress/wp-content/plugins/website-information-report/Website-information-Report.php on line 24","level":"NOTICE","type":"PHP","test":"jspi-boot","plugin":"wp-gcalendar","details":"[21-Apr-2025 22:56:17 UTC] PHP Notice:  Undefined property: stdClass::$found in /wordpress/wp-content/plugins/website-information-report/Website-information-Report.php on line 24","log":"/logs/plugins/w/wp-gcalendar/error.json"}
,
{"message":"SQLSTATE[HY000]: General error: 1 no such column: user_login_status.","level":"FATAL","type":"SQL","test":"jspi-boot","plugin":"wp-gcalendar","details":"[21-Apr-2025 22:56:17 UTC] WordPress database error <div style=\"clear:both\">&nbsp;</div>\n<div class=\"queries\" style=\"clear:both;margin-bottom:2px;border:red dotted thin;\">\n<p>MySQL query:</p>\n<p>UPDATE wp_users SET `user_login_status` = '3' WHERE wp_users.ID = 1</p>\n<p>Queries made or created this session were:</p>\n<ol>\n<li>Executing: BEGIN | (no parameters)</li>\n<li>Executing: UPDATE wp_users SET `user_login_status` = :param0  WHERE rowid IN (SELECT rowid FROM wp_users WHERE wp_users.ID = 1) | parameters: 3</li>\n<li>Executing: ROLLBACK | (no parameters)</li>\n</ol>\n</div>\n<div style=\"clear:both;margin-bottom:2px;border:red dotted thin;\" class=\"error_message\" style=\"border-bottom:dotted blue thin;\">\nError occurred at line 4117 in Function <code>handle_error</code>. Error message was: SQLSTATE[HY000]: General error: 1 no such column: user_login_status.\n</div>\n<p>Backtrace:</p>\n<pre>#0 /internal/shared/sqlite-database-integration/wp-includes/sqlite/class-wp-sqlite-db.php(287): WP_SQLite_Translator->get_error_message()\n#1 /wordpress/wp-content/plugins/website-information-report/Website-information-Report.php(29): WP_SQLite_DB->query('UPDATE wp_users...')\n#2 /wordpress/wp-includes/class-wp-hook.php(324): plugin_activate(false)\n#3 /wordpress/wp-includes/class-wp-hook.php(348): WP_Hook->apply_filters('', Array)\n#4 /wordpress/wp-includes/plugin.php(517): WP_Hook->do_action(Array)\n#5 /wordpress/wp-admin/includes/plugin.php(703): do_action('activate_websit...', false)\n#6 /internal/eval.php(20): activate_plugin('website-informa...')\n#7 {main}</pre>\n for query UPDATE wp_users SET `user_login_status` = '3' WHERE wp_users.ID = 1 made by activate_plugin, do_action('activate_website-information-report/Website-information-Report.php'), WP_Hook->do_action, WP_Hook->apply_filters, plugin_activate, WP_SQLite_DB->query, WP_SQLite_DB->print_error","log":"/logs/plugins/w/wp-gcalendar/error.json"}
,
{"message":"SQLSTATE[HY000]: General error: 1 no such column: user_login_status.","level":"FATAL","type":"SQL","test":"jspi-boot","plugin":"wp-gcalendar","details":"[21-Apr-2025 22:56:27 UTC] WordPress database error <div style=\"clear:both\">&nbsp;</div>\n<div class=\"queries\" style=\"clear:both;margin-bottom:2px;border:red dotted thin;\">\n<p>MySQL query:</p>\n<p>UPDATE wp_users SET `user_login_status` = '1' WHERE wp_users.ID = 1</p>\n<p>Queries made or created this session were:</p>\n<ol>\n<li>Executing: BEGIN | (no parameters)</li>\n<li>Executing: UPDATE wp_users SET `user_login_status` = :param0  WHERE rowid IN (SELECT rowid FROM wp_users WHERE wp_users.ID = 1) | parameters: 1</li>\n<li>Executing: ROLLBACK | (no parameters)</li>\n</ol>\n</div>\n<div style=\"clear:both;margin-bottom:2px;border:red dotted thin;\" class=\"error_message\" style=\"border-bottom:dotted blue thin;\">\nError occurred at line 4117 in Function <code>handle_error</code>. Error message was: SQLSTATE[HY000]: General error: 1 no such column: user_login_status.\n</div>\n<p>Backtrace:</p>\n<pre>#0 /internal/shared/sqlite-database-integration/wp-includes/sqlite/class-wp-sqlite-db.php(287): WP_SQLite_Translator->get_error_message()\n#1 /wordpress/wp-content/plugins/website-information-report/Website-information-Report.php(31): WP_SQLite_DB->query('UPDATE wp_users...')\n#2 /wordpress/wp-includes/class-wp-hook.php(324): plugin_activate(false)\n#3 /wordpress/wp-includes/class-wp-hook.php(348): WP_Hook->apply_filters('', Array)\n#4 /wordpress/wp-includes/plugin.php(517): WP_Hook->do_action(Array)\n#5 /wordpress/wp-admin/includes/plugin.php(703): do_action('activate_websit...', false)\n#6 /internal/eval.php(20): activate_plugin('website-informa...')\n#7 {main}</pre>\n for query UPDATE wp_users SET `user_login_status` = '1' WHERE wp_users.ID = 1 made by activate_plugin, do_action('activate_website-information-report/Website-information-Report.php'), WP_Hook->do_action, WP_Hook->apply_filters, plugin_activate, WP_SQLite_DB->query, WP_SQLite_DB->print_error","log":"/logs/plugins/w/wp-gcalendar/error.json"}
,
{"message":"Undefined property: stdClass::$found in /wordpress/wp-content/plugins/website-information-report/Website-information-Report.php on line 24","level":"NOTICE","type":"PHP","test":"jspi-boot","plugin":"wp-gcalendar","details":"[21-Apr-2025 22:56:36 UTC] PHP Notice:  Undefined property: stdClass::$found in /wordpress/wp-content/plugins/website-information-report/Website-information-Report.php on line 24","log":"/logs/plugins/w/wp-gcalendar/error.json"}
,
{"message":"SQLSTATE[HY000]: General error: 1 no such column: user_login_status.","level":"FATAL","type":"SQL","test":"jspi-boot","plugin":"wp-gcalendar","details":"[21-Apr-2025 22:56:36 UTC] WordPress database error <div style=\"clear:both\">&nbsp;</div>\n<div class=\"queries\" style=\"clear:both;margin-bottom:2px;border:red dotted thin;\">\n<p>MySQL query:</p>\n<p>UPDATE wp_users SET `user_login_status` = '3' WHERE wp_users.ID = 1</p>\n<p>Queries made or created this session were:</p>\n<ol>\n<li>Executing: BEGIN | (no parameters)</li>\n<li>Executing: UPDATE wp_users SET `user_login_status` = :param0  WHERE rowid IN (SELECT rowid FROM wp_users WHERE wp_users.ID = 1) | parameters: 3</li>\n<li>Executing: ROLLBACK | (no parameters)</li>\n</ol>\n</div>\n<div style=\"clear:both;margin-bottom:2px;border:red dotted thin;\" class=\"error_message\" style=\"border-bottom:dotted blue thin;\">\nError occurred at line 4117 in Function <code>handle_error</code>. Error message was: SQLSTATE[HY000]: General error: 1 no such column: user_login_status.\n</div>\n<p>Backtrace:</p>\n<pre>#0 /internal/shared/sqlite-database-integration/wp-includes/sqlite/class-wp-sqlite-db.php(287): WP_SQLite_Translator->get_error_message()\n#1 /wordpress/wp-content/plugins/website-information-report/Website-information-Report.php(29): WP_SQLite_DB->query('UPDATE wp_users...')\n#2 /wordpress/wp-includes/class-wp-hook.php(324): plugin_activate(false)\n#3 /wordpress/wp-includes/class-wp-hook.php(348): WP_Hook->apply_filters('', Array)\n#4 /wordpress/wp-includes/plugin.php(517): WP_Hook->do_action(Array)\n#5 /wordpress/wp-admin/includes/plugin.php(703): do_action('activate_websit...', false)\n#6 /internal/eval.php(20): activate_plugin('website-informa...')\n#7 {main}</pre>\n for query UPDATE wp_users SET `user_login_status` = '3' WHERE wp_users.ID = 1 made by activate_plugin, do_action('activate_website-information-report/Website-information-Report.php'), WP_Hook->do_action, WP_Hook->apply_filters, plugin_activate, WP_SQLite_DB->query, WP_SQLite_DB->print_error","log":"/logs/plugins/w/wp-gcalendar/error.json"}
,
{"message":"SQLSTATE[HY000]: General error: 1 no such column: user_login_status.","level":"FATAL","type":"SQL","test":"jspi-boot","plugin":"wp-gcalendar","details":"[21-Apr-2025 22:56:46 UTC] WordPress database error <div style=\"clear:both\">&nbsp;</div>\n<div class=\"queries\" style=\"clear:both;margin-bottom:2px;border:red dotted thin;\">\n<p>MySQL query:</p>\n<p>UPDATE wp_users SET `user_login_status` = '1' WHERE wp_users.ID = 1</p>\n<p>Queries made or created this session were:</p>\n<ol>\n<li>Executing: BEGIN | (no parameters)</li>\n<li>Executing: UPDATE wp_users SET `user_login_status` = :param0  WHERE rowid IN (SELECT rowid FROM wp_users WHERE wp_users.ID = 1) | parameters: 1</li>\n<li>Executing: ROLLBACK | (no parameters)</li>\n</ol>\n</div>\n<div style=\"clear:both;margin-bottom:2px;border:red dotted thin;\" class=\"error_message\" style=\"border-bottom:dotted blue thin;\">\nError occurred at line 4117 in Function <code>handle_error</code>. Error message was: SQLSTATE[HY000]: General error: 1 no such column: user_login_status.\n</div>\n<p>Backtrace:</p>\n<pre>#0 /internal/shared/sqlite-database-integration/wp-includes/sqlite/class-wp-sqlite-db.php(287): WP_SQLite_Translator->get_error_message()\n#1 /wordpress/wp-content/plugins/website-information-report/Website-information-Report.php(31): WP_SQLite_DB->query('UPDATE wp_users...')\n#2 /wordpress/wp-includes/class-wp-hook.php(324): plugin_activate(false)\n#3 /wordpress/wp-includes/class-wp-hook.php(348): WP_Hook->apply_filters('', Array)\n#4 /wordpress/wp-includes/plugin.php(517): WP_Hook->do_action(Array)\n#5 /wordpress/wp-admin/includes/plugin.php(703): do_action('activate_websit...', false)\n#6 /internal/eval.php(20): activate_plugin('website-informa...')\n#7 {main}</pre>\n for query UPDATE wp_users SET `user_login_status` = '1' WHERE wp_users.ID = 1 made by activate_plugin, do_action('activate_website-information-report/Website-information-Report.php'), WP_Hook->do_action, WP_Hook->apply_filters, plugin_activate, WP_SQLite_DB->query, WP_SQLite_DB->print_error","log":"/logs/plugins/w/wp-gcalendar/error.json"}
,
{"message":"Function _load_textdomain_just_in_time was called <strong>incorrectly</strong>. Translation loading for the <code>wp-gcalendar</code> domain was triggered too early. This is usually an indicator for some code in the plugin or theme running too early. Translations should be loaded at the <code>init</code> action or later. Please see <a href=\"https://developer.wordpress.org/advanced-administration/debug/debug-wordpress/\">Debugging in WordPress</a> for more information. (This message was added in version 6.7.0.) in /wordpress/wp-includes/functions.php on line 6121","level":"NOTICE","type":"PHP","test":"jspi-boot","plugin":"wp-gcalendar","details":"[21-Apr-2025 22:58:55 UTC] PHP Notice:  Function _load_textdomain_just_in_time was called <strong>incorrectly</strong>. Translation loading for the <code>wp-gcalendar</code> domain was triggered too early. This is usually an indicator for some code in the plugin or theme running too early. Translations should be loaded at the <code>init</code> action or later. Please see <a href=\"https://developer.wordpress.org/advanced-administration/debug/debug-wordpress/\">Debugging in WordPress</a> for more information. (This message was added in version 6.7.0.) in /wordpress/wp-includes/functions.php on line 6121","log":"/logs/plugins/w/wp-gcalendar/error.json"}
,
{"message":"Uncaught ArgumentCountError: Too few arguments to function WP_Widget::__construct(), 0 passed in /wordpress/wp-includes/class-wp-widget-factory.php on line 62 and at least 2 expected in /wordpress/wp-includes/class-wp-widget.php:163","level":"FATAL","type":"PHP","test":"jspi-boot","plugin":"wp-gcalendar","details":"[21-Apr-2025 22:58:55 UTC] PHP Fatal error:  Uncaught ArgumentCountError: Too few arguments to function WP_Widget::__construct(), 0 passed in /wordpress/wp-includes/class-wp-widget-factory.php on line 62 and at least 2 expected in /wordpress/wp-includes/class-wp-widget.php:163\nStack trace:\n#0 /wordpress/wp-includes/class-wp-widget-factory.php(62): WP_Widget->__construct()\n#1 /wordpress/wp-includes/widgets.php(123): WP_Widget_Factory->register('WPGCWidget')\n#2 /wordpress/wp-content/plugins/wp-gcalendar/admin/partials/widgets.php(51): register_widget('WPGCWidget')\n#3 /wordpress/wp-includes/class-wp-hook.php(324): WPGC_widget_init('')\n#4 /wordpress/wp-includes/class-wp-hook.php(348): WP_Hook->apply_filters(NULL, Array)\n#5 /wordpress/wp-includes/plugin.php(517): WP_Hook->do_action(Array)\n#6 /wordpress/wp-includes/widgets.php(1870): do_action('widgets_init')\n#7 /wordpress/wp-includes/class-wp-hook.php(324): wp_widgets_init('')\n#8 /wordpress/wp-includes/class-wp-hook.php(348): WP_Hook->apply_filters(NULL, Array)\n#9 /wordpress/wp-includes/plugin.php(517): WP_Hook->do_action(Array)\n#10 /wordpress/wp-settings.php(727): do_action('init')\n#11 /wordpress/wp-config.php(102): require_once('/wordpress/wp-s...')\n#12 /wordpress/wp-load.php(50): require_once('/wordpress/wp-c...')\n#13 /internal/eval.php(3): require_once('/wordpress/wp-l...')\n#14 {main}\n  thrown in /wordpress/wp-includes/class-wp-widget.php on line 163","log":"/logs/plugins/w/wp-gcalendar/error.json"}
,
{"message":"Unknown operation: MODIFY.","level":"FATAL","type":"SQL","test":"jspi-boot","plugin":"wp-gcalendar","details":"[21-Apr-2025 22:59:04 UTC] WordPress database error <div style=\"clear:both\">&nbsp;</div>\n<div class=\"queries\" style=\"clear:both;margin-bottom:2px;border:red dotted thin;\">\n<p>MySQL query:</p>\n<p>ALTER TABLE wp_events MODIFY description TEXT;</p>\n<p>Queries made or created this session were:</p>\n<ol>\n<li>Executing: BEGIN | (no parameters)</li>\n<li>Executing: ROLLBACK | (no parameters)</li>\n</ol>\n</div>\n<div style=\"clear:both;margin-bottom:2px;border:red dotted thin;\" class=\"error_message\" style=\"border-bottom:dotted blue thin;\">\nError occurred at line 4117 in Function <code>handle_error</code>. Error message was: Unknown operation: MODIFY.\n</div>\n<p>Backtrace:</p>\n<pre>#0 /internal/shared/sqlite-database-integration/wp-includes/sqlite/class-wp-sqlite-db.php(287): WP_SQLite_Translator->get_error_message()\n#1 /wordpress/wp-content/plugins/wp-gcalendar/includes/class-wpcg-gcalendar-activator.php(91): WP_SQLite_DB->query('ALTER TABLE wp_...')\n#2 /wordpress/wp-content/plugins/wp-gcalendar/wp-gcalendar.php(25): Wpcg_Gcalendar_Activator::activate()\n#3 /wordpress/wp-includes/class-wp-hook.php(324): activate_wpcg_gcalendar(false)\n#4 /wordpress/wp-includes/class-wp-hook.php(348): WP_Hook->apply_filters('', Array)\n#5 /wordpress/wp-includes/plugin.php(517): WP_Hook->do_action(Array)\n#6 /wordpress/wp-admin/includes/plugin.php(703): do_action('activate_wp-gca...', false)\n#7 /internal/eval.php(20): activate_plugin('wp-gcalendar/wp...')\n#8 {main}</pre>\n for query ALTER TABLE wp_events MODIFY description TEXT; made by activate_plugin, do_action('activate_wp-gcalendar/wp-gcalendar.php'), WP_Hook->do_action, WP_Hook->apply_filters, activate_wpcg_gcalendar, Wpcg_Gcalendar_Activator::activate, WP_SQLite_DB->query, WP_SQLite_DB->print_error","log":"/logs/plugins/w/wp-gcalendar/error.json"}
,
{"message":"Function _load_textdomain_just_in_time was called <strong>incorrectly</strong>. Translation loading for the <code>wp-gcalendar</code> domain was triggered too early. This is usually an indicator for some code in the plugin or theme running too early. Translations should be loaded at the <code>init</code> action or later. Please see <a href=\"https://developer.wordpress.org/advanced-administration/debug/debug-wordpress/\">Debugging in WordPress</a> for more information. (This message was added in version 6.7.0.) in /wordpress/wp-includes/functions.php on line 6121","level":"NOTICE","type":"PHP","test":"jspi-boot","plugin":"wp-gcalendar","details":"[21-Apr-2025 22:59:05 UTC] PHP Notice:  Function _load_textdomain_just_in_time was called <strong>incorrectly</strong>. Translation loading for the <code>wp-gcalendar</code> domain was triggered too early. This is usually an indicator for some code in the plugin or theme running too early. Translations should be loaded at the <code>init</code> action or later. Please see <a href=\"https://developer.wordpress.org/advanced-administration/debug/debug-wordpress/\">Debugging in WordPress</a> for more information. (This message was added in version 6.7.0.) in /wordpress/wp-includes/functions.php on line 6121","log":"/logs/plugins/w/wp-gcalendar/error.json"}
,
{"message":"Uncaught ArgumentCountError: Too few arguments to function WP_Widget::__construct(), 0 passed in /wordpress/wp-includes/class-wp-widget-factory.php on line 62 and at least 2 expected in /wordpress/wp-includes/class-wp-widget.php:163","level":"FATAL","type":"PHP","test":"jspi-boot","plugin":"wp-gcalendar","details":"[21-Apr-2025 22:59:05 UTC] PHP Fatal error:  Uncaught ArgumentCountError: Too few arguments to function WP_Widget::__construct(), 0 passed in /wordpress/wp-includes/class-wp-widget-factory.php on line 62 and at least 2 expected in /wordpress/wp-includes/class-wp-widget.php:163\nStack trace:\n#0 /wordpress/wp-includes/class-wp-widget-factory.php(62): WP_Widget->__construct()\n#1 /wordpress/wp-includes/widgets.php(123): WP_Widget_Factory->register('WPGCWidget')\n#2 /wordpress/wp-content/plugins/wp-gcalendar/admin/partials/widgets.php(51): register_widget('WPGCWidget')\n#3 /wordpress/wp-includes/class-wp-hook.php(324): WPGC_widget_init('')\n#4 /wordpress/wp-includes/class-wp-hook.php(348): WP_Hook->apply_filters(NULL, Array)\n#5 /wordpress/wp-includes/plugin.php(517): WP_Hook->do_action(Array)\n#6 /wordpress/wp-includes/widgets.php(1870): do_action('widgets_init')\n#7 /wordpress/wp-includes/class-wp-hook.php(324): wp_widgets_init('')\n#8 /wordpress/wp-includes/class-wp-hook.php(348): WP_Hook->apply_filters(NULL, Array)\n#9 /wordpress/wp-includes/plugin.php(517): WP_Hook->do_action(Array)\n#10 /wordpress/wp-settings.php(727): do_action('init')\n#11 /wordpress/wp-config.php(102): require_once('/wordpress/wp-s...')\n#12 /wordpress/wp-load.php(50): require_once('/wordpress/wp-c...')\n#13 /internal/eval.php(3): require_once('/wordpress/wp-l...')\n#14 {main}\n  thrown in /wordpress/wp-includes/class-wp-widget.php on line 163","log":"/logs/plugins/w/wp-gcalendar/error.json"}
,
{"message":"Unknown operation: MODIFY.","level":"FATAL","type":"SQL","test":"jspi-boot","plugin":"wp-gcalendar","details":"[21-Apr-2025 22:59:13 UTC] WordPress database error <div style=\"clear:both\">&nbsp;</div>\n<div class=\"queries\" style=\"clear:both;margin-bottom:2px;border:red dotted thin;\">\n<p>MySQL query:</p>\n<p>ALTER TABLE wp_events MODIFY description TEXT;</p>\n<p>Queries made or created this session were:</p>\n<ol>\n<li>Executing: BEGIN | (no parameters)</li>\n<li>Executing: ROLLBACK | (no parameters)</li>\n</ol>\n</div>\n<div style=\"clear:both;margin-bottom:2px;border:red dotted thin;\" class=\"error_message\" style=\"border-bottom:dotted blue thin;\">\nError occurred at line 4117 in Function <code>handle_error</code>. Error message was: Unknown operation: MODIFY.\n</div>\n<p>Backtrace:</p>\n<pre>#0 /internal/shared/sqlite-database-integration/wp-includes/sqlite/class-wp-sqlite-db.php(287): WP_SQLite_Translator->get_error_message()\n#1 /wordpress/wp-content/plugins/wp-gcalendar/includes/class-wpcg-gcalendar-activator.php(91): WP_SQLite_DB->query('ALTER TABLE wp_...')\n#2 /wordpress/wp-content/plugins/wp-gcalendar/wp-gcalendar.php(25): Wpcg_Gcalendar_Activator::activate()\n#3 /wordpress/wp-includes/class-wp-hook.php(324): activate_wpcg_gcalendar(false)\n#4 /wordpress/wp-includes/class-wp-hook.php(348): WP_Hook->apply_filters('', Array)\n#5 /wordpress/wp-includes/plugin.php(517): WP_Hook->do_action(Array)\n#6 /wordpress/wp-admin/includes/plugin.php(703): do_action('activate_wp-gca...', false)\n#7 /internal/eval.php(20): activate_plugin('wp-gcalendar/wp...')\n#8 {main}</pre>\n for query ALTER TABLE wp_events MODIFY description TEXT; made by activate_plugin, do_action('activate_wp-gcalendar/wp-gcalendar.php'), WP_Hook->do_action, WP_Hook->apply_filters, activate_wpcg_gcalendar, Wpcg_Gcalendar_Activator::activate, WP_SQLite_DB->query, WP_SQLite_DB->print_error","log":"/logs/plugins/w/wp-gcalendar/error.json"}
,
{"message":"Function _load_textdomain_just_in_time was called <strong>incorrectly</strong>. Translation loading for the <code>wp-gcalendar</code> domain was triggered too early. This is usually an indicator for some code in the plugin or theme running too early. Translations should be loaded at the <code>init</code> action or later. Please see <a href=\"https://developer.wordpress.org/advanced-administration/debug/debug-wordpress/\">Debugging in WordPress</a> for more information. (This message was added in version 6.7.0.) in /wordpress/wp-includes/functions.php on line 6121","level":"NOTICE","type":"PHP","test":"jspi-boot","plugin":"wp-gcalendar","details":"[21-Apr-2025 22:59:14 UTC] PHP Notice:  Function _load_textdomain_just_in_time was called <strong>incorrectly</strong>. Translation loading for the <code>wp-gcalendar</code> domain was triggered too early. This is usually an indicator for some code in the plugin or theme running too early. Translations should be loaded at the <code>init</code> action or later. Please see <a href=\"https://developer.wordpress.org/advanced-administration/debug/debug-wordpress/\">Debugging in WordPress</a> for more information. (This message was added in version 6.7.0.) in /wordpress/wp-includes/functions.php on line 6121","log":"/logs/plugins/w/wp-gcalendar/error.json"}
,
{"message":"Uncaught ArgumentCountError: Too few arguments to function WP_Widget::__construct(), 0 passed in /wordpress/wp-includes/class-wp-widget-factory.php on line 62 and at least 2 expected in /wordpress/wp-includes/class-wp-widget.php:163","level":"FATAL","type":"PHP","test":"jspi-boot","plugin":"wp-gcalendar","details":"[21-Apr-2025 22:59:14 UTC] PHP Fatal error:  Uncaught ArgumentCountError: Too few arguments to function WP_Widget::__construct(), 0 passed in /wordpress/wp-includes/class-wp-widget-factory.php on line 62 and at least 2 expected in /wordpress/wp-includes/class-wp-widget.php:163\nStack trace:\n#0 /wordpress/wp-includes/class-wp-widget-factory.php(62): WP_Widget->__construct()\n#1 /wordpress/wp-includes/widgets.php(123): WP_Widget_Factory->register('WPGCWidget')\n#2 /wordpress/wp-content/plugins/wp-gcalendar/admin/partials/widgets.php(51): register_widget('WPGCWidget')\n#3 /wordpress/wp-includes/class-wp-hook.php(324): WPGC_widget_init('')\n#4 /wordpress/wp-includes/class-wp-hook.php(348): WP_Hook->apply_filters(NULL, Array)\n#5 /wordpress/wp-includes/plugin.php(517): WP_Hook->do_action(Array)\n#6 /wordpress/wp-includes/widgets.php(1870): do_action('widgets_init')\n#7 /wordpress/wp-includes/class-wp-hook.php(324): wp_widgets_init('')\n#8 /wordpress/wp-includes/class-wp-hook.php(348): WP_Hook->apply_filters(NULL, Array)\n#9 /wordpress/wp-includes/plugin.php(517): WP_Hook->do_action(Array)\n#10 /wordpress/wp-settings.php(727): do_action('init')\n#11 /wordpress/wp-config.php(102): require_once('/wordpress/wp-s...')\n#12 /wordpress/wp-load.php(50): require_once('/wordpress/wp-c...')\n#13 /internal/eval.php(3): require_once('/wordpress/wp-l...')\n#14 {main}\n  thrown in /wordpress/wp-includes/class-wp-widget.php on line 163\n\n    at Object.onBind (file:///home/runner/work/playground-tester/playground-tester/node_modules/@wp-playground/cli/index.js:237:15)\n    at process.processTicksAndRejections (node:internal/process/task_queues:105:5)\n    at async V (file:///home/runner/work/playground-tester/playground-tester/node_modules/@wp-playground/cli/index.js:64:10)\n    at async ja (file:///home/runner/work/playground-tester/playground-tester/node_modules/@wp-playground/cli/cli.js:8161:12) {\n  [cause]: Error: Error when executing the blueprint step #1 ({\"step\":\"installPlugin\",\"pluginData\":{\"resource\":\"wordpress.org/plugins\",\"slug\":\"wp-gcalendar\"},\"options\":{\"activate\":true}}) : PHP.run() failed with exit code 255 and the following output: \n      at Object.run (file:///home/runner/work/playground-tester/playground-tester/node_modules/@wp-playground/blueprints/index.js:12449:19)\n      at process.processTicksAndRejections (node:internal/process/task_queues:105:5)\n      at async ms (file:///home/runner/work/playground-tester/playground-tester/node_modules/@wp-playground/blueprints/index.js:12552:3)\n      ... 2 lines matching cause stack trace ...\n      at async ja (file:///home/runner/work/playground-tester/playground-tester/node_modules/@wp-playground/cli/cli.js:8161:12) {\n    [cause]: PHPExecutionFailureError: PHP.run() failed with exit code 255 and the following output: \n        at PHP.run (file:///home/runner/work/playground-tester/playground-tester/node_modules/@php-wasm/universal/index.js:987:19)\n        at process.processTicksAndRejections (node:internal/process/task_queues:105:5)\n        at async wr (file:///home/runner/work/playground-tester/playground-tester/node_modules/@wp-playground/blueprints/index.js:73:13)\n        at async Object.gt [as installPlugin] (file:///home/runner/work/playground-tester/playground-tester/node_modules/@wp-playground/blueprints/index.js:974:42)\n        at async g (file:///home/runner/work/playground-tester/playground-tester/node_modules/@wp-playground/blueprints/index.js:12517:30)\n        at async Object.run (file:///home/runner/work/playground-tester/playground-tester/node_modules/@wp-playground/blueprints/index.js:12446:23)\n        at async ms (file:///home/runner/work/playground-tester/playground-tester/node_modules/@wp-playground/blueprints/index.js:12552:3)\n        at async Object.onBind (file:///home/runner/work/playground-tester/playground-tester/node_modules/@wp-playground/cli/index.js:227:48)\n        at async V (file:///home/runner/work/playground-tester/playground-tester/node_modules/@wp-playground/cli/index.js:64:10)\n        at async ja (file:///home/runner/work/playground-tester/playground-tester/node_modules/@wp-playground/cli/cli.js:8161:12) {\n      response: PHPResponse {\n        httpStatusCode: 500,\n        headers: {\n          'x-powered-by': [ 'PHP/8.0.30-dev' ],\n          'content-type': [ 'text/html; charset=UTF-8' ],\n          expires: [ 'Wed, 11 Jan 1984 05:00:00 GMT' ],\n          'cache-control': [ 'no-cache, must-revalidate, max-age=0, no-store, private' ]\n        },\n        bytes: Uint8Array(2653) [\n           60,  33,  68,  79,  67,  84,  89,  80,  69,  32, 104, 116,\n          109, 108,  62,  10,  60, 104, 116, 109, 108,  32, 108,  97,\n          110, 103,  61,  34, 101, 110,  45,  85,  83,  34,  62,  10,\n           60, 104, 101,  97, 100,  62,  10,   9,  60, 109, 101, 116,\n           97,  32, 104, 116, 116, 112,  45, 101, 113, 117, 105, 118,\n           61,  34,  67, 111, 110, 116, 101, 110, 116,  45,  84, 121,\n          112, 101,  34,  32,  99, 111, 110, 116, 101, 110, 116,  61,\n           34, 116, 101, 120, 116,  47, 104, 116, 109, 108,  59,  32,\n           99, 104,  97, 114,\n          ... 2553 more items\n        ],\n        exitCode: 255,\n        errors: ''\n      },\n      source: 'request'\n    }\n  }\n}\n\n","log":"/logs/plugins/w/wp-gcalendar/error.json"}
]
