file:///home/runner/work/playground-tester/playground-tester/node_modules/@wp-playground/cli/index.js:237
        throw new Error(y, { cause: u });
              ^

Error: [06-May-2025 15:38:17 UTC] PHP Notice:  Accessing static property UCC_bbPress_Email_Notifications::$version as non static in /wordpress/wp-content/plugins/bbpress-email-notifications/bbpress-email-notifications.php on line 41
[06-May-2025 15:38:17 UTC] PHP Notice:  Accessing static property UCC_bbPress_Email_Notifications::$headers as non static in /wordpress/wp-content/plugins/bbpress-email-notifications/bbpress-email-notifications.php on line 42
[06-May-2025 15:38:17 UTC] PHP Notice:  Accessing static property UCC_bbPress_Email_Notifications::$defaults as non static in /wordpress/wp-content/plugins/bbpress-email-notifications/bbpress-email-notifications.php on line 48
[06-May-2025 15:38:18 UTC] PHP Notice:  Accessing static property UCC_bbPress_Email_Notifications::$version as non static in /wordpress/wp-content/plugins/bbpress-email-notifications/bbpress-email-notifications.php on line 41
[06-May-2025 15:38:18 UTC] PHP Notice:  Accessing static property UCC_bbPress_Email_Notifications::$headers as non static in /wordpress/wp-content/plugins/bbpress-email-notifications/bbpress-email-notifications.php on line 42
[06-May-2025 15:38:18 UTC] PHP Notice:  Accessing static property UCC_bbPress_Email_Notifications::$defaults as non static in /wordpress/wp-content/plugins/bbpress-email-notifications/bbpress-email-notifications.php on line 48
[06-May-2025 15:38:26 UTC] PHP Notice:  Accessing static property UCC_bbPress_Email_Notifications::$version as non static in /wordpress/wp-content/plugins/bbpress-email-notifications/bbpress-email-notifications.php on line 41
[06-May-2025 15:38:26 UTC] PHP Notice:  Accessing static property UCC_bbPress_Email_Notifications::$headers as non static in /wordpress/wp-content/plugins/bbpress-email-notifications/bbpress-email-notifications.php on line 42
[06-May-2025 15:38:26 UTC] PHP Notice:  Accessing static property UCC_bbPress_Email_Notifications::$defaults as non static in /wordpress/wp-content/plugins/bbpress-email-notifications/bbpress-email-notifications.php on line 48
[06-May-2025 15:38:27 UTC] PHP Notice:  Accessing static property UCC_bbPress_Email_Notifications::$version as non static in /wordpress/wp-content/plugins/bbpress-email-notifications/bbpress-email-notifications.php on line 41
[06-May-2025 15:38:27 UTC] PHP Notice:  Accessing static property UCC_bbPress_Email_Notifications::$headers as non static in /wordpress/wp-content/plugins/bbpress-email-notifications/bbpress-email-notifications.php on line 42
[06-May-2025 15:38:27 UTC] PHP Notice:  Accessing static property UCC_bbPress_Email_Notifications::$defaults as non static in /wordpress/wp-content/plugins/bbpress-email-notifications/bbpress-email-notifications.php on line 48
[06-May-2025 15:38:35 UTC] PHP Notice:  Accessing static property UCC_bbPress_Email_Notifications::$version as non static in /wordpress/wp-content/plugins/bbpress-email-notifications/bbpress-email-notifications.php on line 41
[06-May-2025 15:38:35 UTC] PHP Notice:  Accessing static property UCC_bbPress_Email_Notifications::$headers as non static in /wordpress/wp-content/plugins/bbpress-email-notifications/bbpress-email-notifications.php on line 42
[06-May-2025 15:38:35 UTC] PHP Notice:  Accessing static property UCC_bbPress_Email_Notifications::$defaults as non static in /wordpress/wp-content/plugins/bbpress-email-notifications/bbpress-email-notifications.php on line 48
[06-May-2025 15:38:36 UTC] PHP Notice:  Accessing static property UCC_bbPress_Email_Notifications::$version as non static in /wordpress/wp-content/plugins/bbpress-email-notifications/bbpress-email-notifications.php on line 41
[06-May-2025 15:38:36 UTC] PHP Notice:  Accessing static property UCC_bbPress_Email_Notifications::$headers as non static in /wordpress/wp-content/plugins/bbpress-email-notifications/bbpress-email-notifications.php on line 42
[06-May-2025 15:38:36 UTC] PHP Notice:  Accessing static property UCC_bbPress_Email_Notifications::$defaults as non static in /wordpress/wp-content/plugins/bbpress-email-notifications/bbpress-email-notifications.php on line 48
[06-May-2025 15:39:05 UTC] PHP Warning:  Undefined array key "asm_B4DelPosts_Class" in /wordpress/wp-content/plugins/before-deleting-the-posts/includes/before-deleting-the-posts.php on line 320
[06-May-2025 15:39:06 UTC] PHP Warning:  Undefined array key "asm_B4DelPosts_Class" in /wordpress/wp-content/plugins/before-deleting-the-posts/includes/before-deleting-the-posts.php on line 320
[06-May-2025 15:39:14 UTC] PHP Warning:  Undefined array key "asm_B4DelPosts_Class" in /wordpress/wp-content/plugins/before-deleting-the-posts/includes/before-deleting-the-posts.php on line 320
[06-May-2025 15:39:15 UTC] PHP Warning:  Undefined array key "asm_B4DelPosts_Class" in /wordpress/wp-content/plugins/before-deleting-the-posts/includes/before-deleting-the-posts.php on line 320
[06-May-2025 15:39:23 UTC] PHP Warning:  Undefined array key "asm_B4DelPosts_Class" in /wordpress/wp-content/plugins/before-deleting-the-posts/includes/before-deleting-the-posts.php on line 320
[06-May-2025 15:39:23 UTC] PHP Warning:  Undefined array key "asm_B4DelPosts_Class" in /wordpress/wp-content/plugins/before-deleting-the-posts/includes/before-deleting-the-posts.php on line 320
[06-May-2025 15:39:32 UTC] PHP Warning:  Trying to access array offset on value of type bool in /wordpress/wp-content/plugins/better-analytics/library/DigitalPointBetterAnalytics/Base/Admin.php on line 57
[06-May-2025 15:39:41 UTC] PHP Warning:  Trying to access array offset on value of type bool in /wordpress/wp-content/plugins/better-analytics/library/DigitalPointBetterAnalytics/Base/Admin.php on line 57
[06-May-2025 15:39:51 UTC] PHP Warning:  Trying to access array offset on value of type bool in /wordpress/wp-content/plugins/better-analytics/library/DigitalPointBetterAnalytics/Base/Admin.php on line 57
[06-May-2025 15:40:02 UTC] PHP Notice:  Function _load_textdomain_just_in_time was called <strong>incorrectly</strong>. Translation loading for the <code>better-website-performance</code> domain was triggered too early. This is usually an indicator for some code in the plugin or theme running too early. Translations should be loaded at the <code>init</code> action or later. Please see <a href="https://developer.wordpress.org/advanced-administration/debug/debug-wordpress/">Debugging in WordPress</a> for more information. (This message was added in version 6.7.0.) in /wordpress/wp-includes/functions.php on line 6121
[06-May-2025 15:40:11 UTC] PHP Notice:  Function _load_textdomain_just_in_time was called <strong>incorrectly</strong>. Translation loading for the <code>better-website-performance</code> domain was triggered too early. This is usually an indicator for some code in the plugin or theme running too early. Translations should be loaded at the <code>init</code> action or later. Please see <a href="https://developer.wordpress.org/advanced-administration/debug/debug-wordpress/">Debugging in WordPress</a> for more information. (This message was added in version 6.7.0.) in /wordpress/wp-includes/functions.php on line 6121
[06-May-2025 15:40:20 UTC] PHP Notice:  Function _load_textdomain_just_in_time was called <strong>incorrectly</strong>. Translation loading for the <code>better-website-performance</code> domain was triggered too early. This is usually an indicator for some code in the plugin or theme running too early. Translations should be loaded at the <code>init</code> action or later. Please see <a href="https://developer.wordpress.org/advanced-administration/debug/debug-wordpress/">Debugging in WordPress</a> for more information. (This message was added in version 6.7.0.) in /wordpress/wp-includes/functions.php on line 6121
[06-May-2025 15:40:30 UTC] PHP Fatal error:  Uncaught Error: Call to undefined function create_function() in /wordpress/wp-content/plugins/biblegateway-votd/bible-votd.php:453
Stack trace:
#0 /wordpress/wp-admin/includes/plugin.php(2387): include_once()
#1 /wordpress/wp-admin/includes/plugin.php(673): plugin_sandbox_scrape('biblegateway-vo...')
#2 /internal/eval.php(20): activate_plugin('biblegateway-vo...')
#3 {main}
  thrown in /wordpress/wp-content/plugins/biblegateway-votd/bible-votd.php on line 453
[06-May-2025 15:40:38 UTC] PHP Fatal error:  Uncaught Error: Call to undefined function create_function() in /wordpress/wp-content/plugins/biblegateway-votd/bible-votd.php:453
Stack trace:
#0 /wordpress/wp-admin/includes/plugin.php(2387): include_once()
#1 /wordpress/wp-admin/includes/plugin.php(673): plugin_sandbox_scrape('biblegateway-vo...')
#2 /internal/eval.php(20): activate_plugin('biblegateway-vo...')
#3 {main}
  thrown in /wordpress/wp-content/plugins/biblegateway-votd/bible-votd.php on line 453
[06-May-2025 15:40:46 UTC] PHP Fatal error:  Uncaught Error: Call to undefined function create_function() in /wordpress/wp-content/plugins/biblegateway-votd/bible-votd.php:453
Stack trace:
#0 /wordpress/wp-admin/includes/plugin.php(2387): include_once()
#1 /wordpress/wp-admin/includes/plugin.php(673): plugin_sandbox_scrape('biblegateway-vo...')
#2 /internal/eval.php(20): activate_plugin('biblegateway-vo...')
#3 {main}
  thrown in /wordpress/wp-content/plugins/biblegateway-votd/bible-votd.php on line 453
[06-May-2025 15:44:30 UTC] PHP Warning:  Undefined variable $HTTP_POST_VARS in /wordpress/wp-content/plugins/blogshotr/blog_shot_r.php on line 12
[06-May-2025 15:44:30 UTC] PHP Warning:  Trying to access array offset on value of type null in /wordpress/wp-content/plugins/blogshotr/blog_shot_r.php on line 12
[06-May-2025 15:44:30 UTC] PHP Warning:  Undefined variable $HTTP_POST_VARS in /wordpress/wp-content/plugins/blogshotr/blog_shot_r.php on line 35
[06-May-2025 15:44:30 UTC] PHP Warning:  Trying to access array offset on value of type null in /wordpress/wp-content/plugins/blogshotr/blog_shot_r.php on line 35
[06-May-2025 15:44:31 UTC] PHP Warning:  Undefined variable $HTTP_POST_VARS in /wordpress/wp-content/plugins/blogshotr/blog_shot_r.php on line 12
[06-May-2025 15:44:31 UTC] PHP Warning:  Trying to access array offset on value of type null in /wordpress/wp-content/plugins/blogshotr/blog_shot_r.php on line 12
[06-May-2025 15:44:31 UTC] PHP Warning:  Undefined variable $HTTP_POST_VARS in /wordpress/wp-content/plugins/blogshotr/blog_shot_r.php on line 35
[06-May-2025 15:44:31 UTC] PHP Warning:  Trying to access array offset on value of type null in /wordpress/wp-content/plugins/blogshotr/blog_shot_r.php on line 35
[06-May-2025 15:44:39 UTC] PHP Warning:  Undefined variable $HTTP_POST_VARS in /wordpress/wp-content/plugins/blogshotr/blog_shot_r.php on line 12
[06-May-2025 15:44:39 UTC] PHP Warning:  Trying to access array offset on value of type null in /wordpress/wp-content/plugins/blogshotr/blog_shot_r.php on line 12
[06-May-2025 15:44:39 UTC] PHP Warning:  Undefined variable $HTTP_POST_VARS in /wordpress/wp-content/plugins/blogshotr/blog_shot_r.php on line 35
[06-May-2025 15:44:39 UTC] PHP Warning:  Trying to access array offset on value of type null in /wordpress/wp-content/plugins/blogshotr/blog_shot_r.php on line 35
[06-May-2025 15:44:40 UTC] PHP Warning:  Undefined variable $HTTP_POST_VARS in /wordpress/wp-content/plugins/blogshotr/blog_shot_r.php on line 12
[06-May-2025 15:44:40 UTC] PHP Warning:  Trying to access array offset on value of type null in /wordpress/wp-content/plugins/blogshotr/blog_shot_r.php on line 12
[06-May-2025 15:44:40 UTC] PHP Warning:  Undefined variable $HTTP_POST_VARS in /wordpress/wp-content/plugins/blogshotr/blog_shot_r.php on line 35
[06-May-2025 15:44:40 UTC] PHP Warning:  Trying to access array offset on value of type null in /wordpress/wp-content/plugins/blogshotr/blog_shot_r.php on line 35
[06-May-2025 15:44:48 UTC] PHP Warning:  Undefined variable $HTTP_POST_VARS in /wordpress/wp-content/plugins/blogshotr/blog_shot_r.php on line 12
[06-May-2025 15:44:48 UTC] PHP Warning:  Trying to access array offset on value of type null in /wordpress/wp-content/plugins/blogshotr/blog_shot_r.php on line 12
[06-May-2025 15:44:48 UTC] PHP Warning:  Undefined variable $HTTP_POST_VARS in /wordpress/wp-content/plugins/blogshotr/blog_shot_r.php on line 35
[06-May-2025 15:44:48 UTC] PHP Warning:  Trying to access array offset on value of type null in /wordpress/wp-content/plugins/blogshotr/blog_shot_r.php on line 35
[06-May-2025 15:44:49 UTC] PHP Warning:  Undefined variable $HTTP_POST_VARS in /wordpress/wp-content/plugins/blogshotr/blog_shot_r.php on line 12
[06-May-2025 15:44:49 UTC] PHP Warning:  Trying to access array offset on value of type null in /wordpress/wp-content/plugins/blogshotr/blog_shot_r.php on line 12
[06-May-2025 15:44:49 UTC] PHP Warning:  Undefined variable $HTTP_POST_VARS in /wordpress/wp-content/plugins/blogshotr/blog_shot_r.php on line 35
[06-May-2025 15:44:49 UTC] PHP Warning:  Trying to access array offset on value of type null in /wordpress/wp-content/plugins/blogshotr/blog_shot_r.php on line 35
[06-May-2025 15:44:58 UTC] PHP Notice:  Function _load_textdomain_just_in_time was called <strong>incorrectly</strong>. Translation loading for the <code>bns-corner-logo</code> domain was triggered too early. This is usually an indicator for some code in the plugin or theme running too early. Translations should be loaded at the <code>init</code> action or later. Please see <a href="https://developer.wordpress.org/advanced-administration/debug/debug-wordpress/">Debugging in WordPress</a> for more information. (This message was added in version 6.7.0.) in /wordpress/wp-includes/functions.php on line 6121
[06-May-2025 15:45:07 UTC] PHP Notice:  Function _load_textdomain_just_in_time was called <strong>incorrectly</strong>. Translation loading for the <code>bns-corner-logo</code> domain was triggered too early. This is usually an indicator for some code in the plugin or theme running too early. Translations should be loaded at the <code>init</code> action or later. Please see <a href="https://developer.wordpress.org/advanced-administration/debug/debug-wordpress/">Debugging in WordPress</a> for more information. (This message was added in version 6.7.0.) in /wordpress/wp-includes/functions.php on line 6121
[06-May-2025 15:45:16 UTC] PHP Notice:  Function _load_textdomain_just_in_time was called <strong>incorrectly</strong>. Translation loading for the <code>bns-corner-logo</code> domain was triggered too early. This is usually an indicator for some code in the plugin or theme running too early. Translations should be loaded at the <code>init</code> action or later. Please see <a href="https://developer.wordpress.org/advanced-administration/debug/debug-wordpress/">Debugging in WordPress</a> for more information. (This message was added in version 6.7.0.) in /wordpress/wp-includes/functions.php on line 6121
[06-May-2025 15:45:55 UTC] PHP Notice:  Function wp_register_style was called <strong>incorrectly</strong>. Scripts and styles should not be registered or enqueued until the <code>wp_enqueue_scripts</code>, <code>admin_enqueue_scripts</code>, or <code>login_enqueue_scripts</code> hooks. This notice was triggered by the <code>book</code> handle. Please see <a href="https://developer.wordpress.org/advanced-administration/debug/debug-wordpress/">Debugging in WordPress</a> for more information. (This message was added in version 3.3.0.) in /wordpress/wp-includes/functions.php on line 6121
[06-May-2025 15:45:55 UTC] PHP Notice:  Function is_feed was called <strong>incorrectly</strong>. Conditional query tags do not work before the query is run. Before then, they always return false. Please see <a href="https://developer.wordpress.org/advanced-administration/debug/debug-wordpress/">Debugging in WordPress</a> for more information. (This message was added in version 3.1.0.) in /wordpress/wp-includes/functions.php on line 6121
[06-May-2025 15:45:55 UTC] PHP Notice:  Function wp_register_script was called <strong>incorrectly</strong>. Scripts and styles should not be registered or enqueued until the <code>wp_enqueue_scripts</code>, <code>admin_enqueue_scripts</code>, or <code>login_enqueue_scripts</code> hooks. This notice was triggered by the <code>byr-js</code> handle. Please see <a href="https://developer.wordpress.org/advanced-administration/debug/debug-wordpress/">Debugging in WordPress</a> for more information. (This message was added in version 3.3.0.) in /wordpress/wp-includes/functions.php on line 6121
[06-May-2025 15:46:04 UTC] PHP Notice:  Function wp_register_style was called <strong>incorrectly</strong>. Scripts and styles should not be registered or enqueued until the <code>wp_enqueue_scripts</code>, <code>admin_enqueue_scripts</code>, or <code>login_enqueue_scripts</code> hooks. This notice was triggered by the <code>book</code> handle. Please see <a href="https://developer.wordpress.org/advanced-administration/debug/debug-wordpress/">Debugging in WordPress</a> for more information. (This message was added in version 3.3.0.) in /wordpress/wp-includes/functions.php on line 6121
[06-May-2025 15:46:04 UTC] PHP Notice:  Function is_feed was called <strong>incorrectly</strong>. Conditional query tags do not work before the query is run. Before then, they always return false. Please see <a href="https://developer.wordpress.org/advanced-administration/debug/debug-wordpress/">Debugging in WordPress</a> for more information. (This message was added in version 3.1.0.) in /wordpress/wp-includes/functions.php on line 6121
[06-May-2025 15:46:04 UTC] PHP Notice:  Function wp_register_script was called <strong>incorrectly</strong>. Scripts and styles should not be registered or enqueued until the <code>wp_enqueue_scripts</code>, <code>admin_enqueue_scripts</code>, or <code>login_enqueue_scripts</code> hooks. This notice was triggered by the <code>byr-js</code> handle. Please see <a href="https://developer.wordpress.org/advanced-administration/debug/debug-wordpress/">Debugging in WordPress</a> for more information. (This message was added in version 3.3.0.) in /wordpress/wp-includes/functions.php on line 6121
[06-May-2025 15:46:13 UTC] PHP Notice:  Function wp_register_style was called <strong>incorrectly</strong>. Scripts and styles should not be registered or enqueued until the <code>wp_enqueue_scripts</code>, <code>admin_enqueue_scripts</code>, or <code>login_enqueue_scripts</code> hooks. This notice was triggered by the <code>book</code> handle. Please see <a href="https://developer.wordpress.org/advanced-administration/debug/debug-wordpress/">Debugging in WordPress</a> for more information. (This message was added in version 3.3.0.) in /wordpress/wp-includes/functions.php on line 6121
[06-May-2025 15:46:13 UTC] PHP Notice:  Function is_feed was called <strong>incorrectly</strong>. Conditional query tags do not work before the query is run. Before then, they always return false. Please see <a href="https://developer.wordpress.org/advanced-administration/debug/debug-wordpress/">Debugging in WordPress</a> for more information. (This message was added in version 3.1.0.) in /wordpress/wp-includes/functions.php on line 6121
[06-May-2025 15:46:13 UTC] PHP Notice:  Function wp_register_script was called <strong>incorrectly</strong>. Scripts and styles should not be registered or enqueued until the <code>wp_enqueue_scripts</code>, <code>admin_enqueue_scripts</code>, or <code>login_enqueue_scripts</code> hooks. This notice was triggered by the <code>byr-js</code> handle. Please see <a href="https://developer.wordpress.org/advanced-administration/debug/debug-wordpress/">Debugging in WordPress</a> for more information. (This message was added in version 3.3.0.) in /wordpress/wp-includes/functions.php on line 6121
[06-May-2025 15:46:23 UTC] PHP Fatal error:  Uncaught PDOException: SQLSTATE[HY000] [2002] Address family not supported by protocol in /wordpress/wp-content/plugins/bots-master/vendor/webxid/edmo/src/DB/Query.php:108
Stack trace:
#0 /wordpress/wp-content/plugins/bots-master/vendor/webxid/edmo/src/DB/Query.php(108): PDO->__construct('mysql:host=loca...', 'username_here', 'password_here', Array)
#1 /wordpress/wp-content/plugins/bots-master/vendor/webxid/edmo/src/DB.php(128): WebXID\EDMo\DB\Query::init('default', Array, false)
#2 /wordpress/wp-content/plugins/bots-master/vendor/webxid/edmo/src/DB.php(186): WebXID\EDMo\DB::connect()
#3 /wordpress/wp-content/plugins/bots-master/app/BotsMaster.php(147): WebXID\EDMo\DB::query('\n            CR...')
#4 /wordpress/wp-includes/class-wp-hook.php(324): WebXID\BotsMaster\BotsMaster->pluginActivation(false)
#5 /wordpress/wp-includes/class-wp-hook.php(348): WP_Hook->apply_filters('', Array)
#6 /wordpress/wp-includes/plugin.php(517): WP_Hook->do_action(Array)
#7 /wordpress/wp-admin/includes/plugin.php(703): do_action(' in /wordpress/wp-content/plugins/bots-master/vendor/webxid/edmo/src/DB/Query.php on line 108
[06-May-2025 15:46:32 UTC] PHP Fatal error:  Uncaught PDOException: SQLSTATE[HY000] [2002] Address family not supported by protocol in /wordpress/wp-content/plugins/bots-master/vendor/webxid/edmo/src/DB/Query.php:108
Stack trace:
#0 /wordpress/wp-content/plugins/bots-master/vendor/webxid/edmo/src/DB/Query.php(108): PDO->__construct('mysql:host=loca...', 'username_here', 'password_here', Array)
#1 /wordpress/wp-content/plugins/bots-master/vendor/webxid/edmo/src/DB.php(128): WebXID\EDMo\DB\Query::init('default', Array, false)
#2 /wordpress/wp-content/plugins/bots-master/vendor/webxid/edmo/src/DB.php(186): WebXID\EDMo\DB::connect()
#3 /wordpress/wp-content/plugins/bots-master/app/BotsMaster.php(147): WebXID\EDMo\DB::query('\n            CR...')
#4 /wordpress/wp-includes/class-wp-hook.php(324): WebXID\BotsMaster\BotsMaster->pluginActivation(false)
#5 /wordpress/wp-includes/class-wp-hook.php(348): WP_Hook->apply_filters('', Array)
#6 /wordpress/wp-includes/plugin.php(517): WP_Hook->do_action(Array)
#7 /wordpress/wp-admin/includes/plugin.php(703): do_action(' in /wordpress/wp-content/plugins/bots-master/vendor/webxid/edmo/src/DB/Query.php on line 108
[06-May-2025 15:46:42 UTC] PHP Fatal error:  Uncaught PDOException: SQLSTATE[HY000] [2002] Address family not supported by protocol in /wordpress/wp-content/plugins/bots-master/vendor/webxid/edmo/src/DB/Query.php:108
Stack trace:
#0 /wordpress/wp-content/plugins/bots-master/vendor/webxid/edmo/src/DB/Query.php(108): PDO->__construct('mysql:host=loca...', 'username_here', 'password_here', Array)
#1 /wordpress/wp-content/plugins/bots-master/vendor/webxid/edmo/src/DB.php(128): WebXID\EDMo\DB\Query::init('default', Array, false)
#2 /wordpress/wp-content/plugins/bots-master/vendor/webxid/edmo/src/DB.php(186): WebXID\EDMo\DB::connect()
#3 /wordpress/wp-content/plugins/bots-master/app/BotsMaster.php(147): WebXID\EDMo\DB::query('\n            CR...')
#4 /wordpress/wp-includes/class-wp-hook.php(324): WebXID\BotsMaster\BotsMaster->pluginActivation(false)
#5 /wordpress/wp-includes/class-wp-hook.php(348): WP_Hook->apply_filters('', Array)
#6 /wordpress/wp-includes/plugin.php(517): WP_Hook->do_action(Array)
#7 /wordpress/wp-admin/includes/plugin.php(703): do_action(' in /wordpress/wp-content/plugins/bots-master/vendor/webxid/edmo/src/DB/Query.php on line 108

    at Object.onBind (file:///home/runner/work/playground-tester/playground-tester/node_modules/@wp-playground/cli/index.js:237:15)
    at process.processTicksAndRejections (node:internal/process/task_queues:105:5)
    at async V (file:///home/runner/work/playground-tester/playground-tester/node_modules/@wp-playground/cli/index.js:64:10)
    at async ja (file:///home/runner/work/playground-tester/playground-tester/node_modules/@wp-playground/cli/cli.js:8161:12) {
  [cause]: Error: Error when executing the blueprint step #1 ({"step":"installPlugin","pluginData":{"resource":"wordpress.org/plugins","slug":"bots-master"},"options":{"activate":true}}) : PHP.run() failed with exit code 255 and the following output: 
      at Object.run (file:///home/runner/work/playground-tester/playground-tester/node_modules/@wp-playground/blueprints/index.js:12449:19)
      at process.processTicksAndRejections (node:internal/process/task_queues:105:5)
      at async ms (file:///home/runner/work/playground-tester/playground-tester/node_modules/@wp-playground/blueprints/index.js:12552:3)
      ... 2 lines matching cause stack trace ...
      at async ja (file:///home/runner/work/playground-tester/playground-tester/node_modules/@wp-playground/cli/cli.js:8161:12) {
    [cause]: PHPExecutionFailureError: PHP.run() failed with exit code 255 and the following output: 
        at PHP.run (file:///home/runner/work/playground-tester/playground-tester/node_modules/@php-wasm/universal/index.js:987:19)
        at process.processTicksAndRejections (node:internal/process/task_queues:105:5)
        at async wr (file:///home/runner/work/playground-tester/playground-tester/node_modules/@wp-playground/blueprints/index.js:33:39)
        at async Object.gt [as installPlugin] (file:///home/runner/work/playground-tester/playground-tester/node_modules/@wp-playground/blueprints/index.js:974:42)
        at async g (file:///home/runner/work/playground-tester/playground-tester/node_modules/@wp-playground/blueprints/index.js:12517:30)
        at async Object.run (file:///home/runner/work/playground-tester/playground-tester/node_modules/@wp-playground/blueprints/index.js:12446:23)
        at async ms (file:///home/runner/work/playground-tester/playground-tester/node_modules/@wp-playground/blueprints/index.js:12552:3)
        at async Object.onBind (file:///home/runner/work/playground-tester/playground-tester/node_modules/@wp-playground/cli/index.js:227:48)
        at async V (file:///home/runner/work/playground-tester/playground-tester/node_modules/@wp-playground/cli/index.js:64:10)
        at async ja (file:///home/runner/work/playground-tester/playground-tester/node_modules/@wp-playground/cli/cli.js:8161:12) {
      response: PHPResponse {
        httpStatusCode: 500,
        headers: {
          'x-powered-by': [ 'PHP/7.2.34-dev' ],
          'content-type': [ 'text/html; charset=UTF-8' ]
        },
        bytes: Uint8Array(0) [],
        exitCode: 255,
        errors: ''
      },
      source: 'request'
    }
  }
}

Node.js v23.11.0
