file:///home/runner/work/playground-tester/playground-tester/node_modules/@wp-playground/cli/run-cli-j-geJYS3.js:325
        throw new Error($, { cause: h });
              ^

Error: [16-Jun-2025 05:01:11 UTC] PHP Warning:  Trying to access array offset on value of type bool in /wordpress/wp-content/plugins/minibul-for-wordpress/minibul_widget_wordpress.php on line 58
[16-Jun-2025 05:01:20 UTC] PHP Warning:  Trying to access array offset on value of type bool in /wordpress/wp-content/plugins/minibul-for-wordpress/minibul_widget_wordpress.php on line 58
[16-Jun-2025 05:01:29 UTC] PHP Warning:  Trying to access array offset on value of type bool in /wordpress/wp-content/plugins/minibul-for-wordpress/minibul_widget_wordpress.php on line 58
[16-Jun-2025 05:01:37 UTC] PHP Fatal error:  Uncaught Error: Undefined constant "MISIEK_PAYPAL_PATH" in /wordpress/wp-content/plugins/misiek-paypal/paypal.php:28
Stack trace:
#0 /wordpress/wp-admin/includes/plugin.php(2387): include_once()
#1 /wordpress/wp-admin/includes/plugin.php(673): plugin_sandbox_scrape('misiek-paypal/p...')
#2 /internal/eval.php(20): activate_plugin('misiek-paypal/p...')
#3 {main}
  thrown in /wordpress/wp-content/plugins/misiek-paypal/paypal.php on line 28
[16-Jun-2025 05:01:44 UTC] PHP Fatal error:  Uncaught Error: Undefined constant "MISIEK_PAYPAL_PATH" in /wordpress/wp-content/plugins/misiek-paypal/paypal.php:28
Stack trace:
#0 /wordpress/wp-admin/includes/plugin.php(2387): include_once()
#1 /wordpress/wp-admin/includes/plugin.php(673): plugin_sandbox_scrape('misiek-paypal/p...')
#2 /internal/eval.php(20): activate_plugin('misiek-paypal/p...')
#3 {main}
  thrown in /wordpress/wp-content/plugins/misiek-paypal/paypal.php on line 28
[16-Jun-2025 05:01:52 UTC] PHP Fatal error:  Uncaught Error: Undefined constant "MISIEK_PAYPAL_PATH" in /wordpress/wp-content/plugins/misiek-paypal/paypal.php:28
Stack trace:
#0 /wordpress/wp-admin/includes/plugin.php(2387): include_once()
#1 /wordpress/wp-admin/includes/plugin.php(673): plugin_sandbox_scrape('misiek-paypal/p...')
#2 /internal/eval.php(20): activate_plugin('misiek-paypal/p...')
#3 {main}
  thrown in /wordpress/wp-content/plugins/misiek-paypal/paypal.php on line 28
[16-Jun-2025 05:05:14 UTC] PHP Warning:  Undefined array key "DOCUMENT_ROOT" in /wordpress/wp-content/plugins/k2f-wrapper-for-wordpress/K2F.php on line 16
[16-Jun-2025 05:05:14 UTC] PHP Warning:  Undefined array key "DOCUMENT_ROOT" in /wordpress/wp-content/plugins/k2f-wrapper-for-wordpress/K2F.php on line 17
[16-Jun-2025 05:05:15 UTC] PHP Warning:  Undefined array key "DOCUMENT_ROOT" in /wordpress/wp-content/plugins/k2f-wrapper-for-wordpress/K2F.php on line 16
[16-Jun-2025 05:05:15 UTC] PHP Warning:  Undefined array key "DOCUMENT_ROOT" in /wordpress/wp-content/plugins/k2f-wrapper-for-wordpress/K2F.php on line 17
[16-Jun-2025 05:05:15 UTC] PHP Warning:  Undefined array key "DOCUMENT_ROOT" in /wordpress/wp-content/plugins/k2f-wrapper-for-wordpress/K2F.php on line 45
[16-Jun-2025 05:05:15 UTC] PHP Warning:  Undefined array key "DOCUMENT_ROOT" in /wordpress/wp-content/plugins/k2f-wrapper-for-wordpress/K2F.php on line 46
[16-Jun-2025 05:05:23 UTC] PHP Warning:  Undefined array key "DOCUMENT_ROOT" in /wordpress/wp-content/plugins/k2f-wrapper-for-wordpress/K2F.php on line 16
[16-Jun-2025 05:05:23 UTC] PHP Warning:  Undefined array key "DOCUMENT_ROOT" in /wordpress/wp-content/plugins/k2f-wrapper-for-wordpress/K2F.php on line 17
[16-Jun-2025 05:05:24 UTC] PHP Warning:  Undefined array key "DOCUMENT_ROOT" in /wordpress/wp-content/plugins/k2f-wrapper-for-wordpress/K2F.php on line 16
[16-Jun-2025 05:05:24 UTC] PHP Warning:  Undefined array key "DOCUMENT_ROOT" in /wordpress/wp-content/plugins/k2f-wrapper-for-wordpress/K2F.php on line 17
[16-Jun-2025 05:05:24 UTC] PHP Warning:  Undefined array key "DOCUMENT_ROOT" in /wordpress/wp-content/plugins/k2f-wrapper-for-wordpress/K2F.php on line 45
[16-Jun-2025 05:05:24 UTC] PHP Warning:  Undefined array key "DOCUMENT_ROOT" in /wordpress/wp-content/plugins/k2f-wrapper-for-wordpress/K2F.php on line 46
[16-Jun-2025 05:05:32 UTC] PHP Warning:  Undefined array key "DOCUMENT_ROOT" in /wordpress/wp-content/plugins/k2f-wrapper-for-wordpress/K2F.php on line 16
[16-Jun-2025 05:05:32 UTC] PHP Warning:  Undefined array key "DOCUMENT_ROOT" in /wordpress/wp-content/plugins/k2f-wrapper-for-wordpress/K2F.php on line 17
[16-Jun-2025 05:05:33 UTC] PHP Warning:  Undefined array key "DOCUMENT_ROOT" in /wordpress/wp-content/plugins/k2f-wrapper-for-wordpress/K2F.php on line 16
[16-Jun-2025 05:05:33 UTC] PHP Warning:  Undefined array key "DOCUMENT_ROOT" in /wordpress/wp-content/plugins/k2f-wrapper-for-wordpress/K2F.php on line 17
[16-Jun-2025 05:05:33 UTC] PHP Warning:  Undefined array key "DOCUMENT_ROOT" in /wordpress/wp-content/plugins/k2f-wrapper-for-wordpress/K2F.php on line 45
[16-Jun-2025 05:05:33 UTC] PHP Warning:  Undefined array key "DOCUMENT_ROOT" in /wordpress/wp-content/plugins/k2f-wrapper-for-wordpress/K2F.php on line 46
[16-Jun-2025 05:06:13 UTC] PHP Fatal error:  Array and string offset access syntax with curly braces is no longer supported in /wordpress/wp-content/plugins/kads-slider/includes/kads-class.php on line 60
[16-Jun-2025 05:06:22 UTC] PHP Fatal error:  Array and string offset access syntax with curly braces is no longer supported in /wordpress/wp-content/plugins/kads-slider/includes/kads-class.php on line 60
[16-Jun-2025 05:06:31 UTC] PHP Fatal error:  Array and string offset access syntax with curly braces is no longer supported in /wordpress/wp-content/plugins/kads-slider/includes/kads-class.php on line 60
[16-Jun-2025 05:07:09 UTC] PHP Fatal error:  Uncaught Error: Undefined constant "ti_permalink" in /wordpress/wp-content/plugins/kaimbo-semantic-search/design.php:4
Stack trace:
#0 /wordpress/wp-content/plugins/kaimbo-semantic-search/kaimbo.php(41): include()
#1 /wordpress/wp-admin/includes/plugin.php(2387): include_once('/wordpress/wp-c...')
#2 /wordpress/wp-admin/includes/plugin.php(673): plugin_sandbox_scrape('kaimbo-semantic...')
#3 /internal/eval.php(20): activate_plugin('kaimbo-semantic...')
#4 {main}
  thrown in /wordpress/wp-content/plugins/kaimbo-semantic-search/design.php on line 4
[16-Jun-2025 05:07:19 UTC] PHP Fatal error:  Uncaught Error: Undefined constant "ti_permalink" in /wordpress/wp-content/plugins/kaimbo-semantic-search/design.php:4
Stack trace:
#0 /wordpress/wp-content/plugins/kaimbo-semantic-search/kaimbo.php(41): include()
#1 /wordpress/wp-admin/includes/plugin.php(2387): include_once('/wordpress/wp-c...')
#2 /wordpress/wp-admin/includes/plugin.php(673): plugin_sandbox_scrape('kaimbo-semantic...')
#3 /internal/eval.php(20): activate_plugin('kaimbo-semantic...')
#4 {main}
  thrown in /wordpress/wp-content/plugins/kaimbo-semantic-search/design.php on line 4
[16-Jun-2025 05:07:27 UTC] PHP Fatal error:  Uncaught Error: Undefined constant "ti_permalink" in /wordpress/wp-content/plugins/kaimbo-semantic-search/design.php:4
Stack trace:
#0 /wordpress/wp-content/plugins/kaimbo-semantic-search/kaimbo.php(41): include()
#1 /wordpress/wp-admin/includes/plugin.php(2387): include_once('/wordpress/wp-c...')
#2 /wordpress/wp-admin/includes/plugin.php(673): plugin_sandbox_scrape('kaimbo-semantic...')
#3 /internal/eval.php(20): activate_plugin('kaimbo-semantic...')
#4 {main}
  thrown in /wordpress/wp-content/plugins/kaimbo-semantic-search/design.php on line 4
[16-Jun-2025 05:08:08 UTC] PHP Deprecated:  Function register_sidebar_widget is <strong>deprecated</strong> since version 2.8.0! Use wp_register_sidebar_widget() instead. in /wordpress/wp-includes/functions.php on line 6121
[16-Jun-2025 05:08:17 UTC] PHP Deprecated:  Function register_sidebar_widget is <strong>deprecated</strong> since version 2.8.0! Use wp_register_sidebar_widget() instead. in /wordpress/wp-includes/functions.php on line 6121
[16-Jun-2025 05:08:26 UTC] PHP Deprecated:  Function register_sidebar_widget is <strong>deprecated</strong> since version 2.8.0! Use wp_register_sidebar_widget() instead. in /wordpress/wp-includes/functions.php on line 6121
[16-Jun-2025 05:08:36 UTC] PHP Fatal error:  Uncaught ArgumentCountError: Too few arguments to function WP_Widget::__construct(), 0 passed in /wordpress/wp-includes/class-wp-widget-factory.php on line 62 and at least 2 expected in /wordpress/wp-includes/class-wp-widget.php:163
Stack trace:
#0 /wordpress/wp-includes/class-wp-widget-factory.php(62): WP_Widget->__construct()
#1 /wordpress/wp-includes/widgets.php(123): WP_Widget_Factory->register('kalimah_weather...')
#2 /wordpress/wp-content/plugins/kalimah-weather/kalimah-weather.php(530): register_widget('kalimah_weather...')
#3 /wordpress/wp-includes/class-wp-hook.php(324): kalimah_weather_light('')
#4 /wordpress/wp-includes/class-wp-hook.php(348): WP_Hook->apply_filters(NULL, Array)
#5 /wordpress/wp-includes/plugin.php(517): WP_Hook->do_action(Array)
#6 /wordpress/wp-includes/widgets.php(1870): do_action('widgets_init')
#7 /wordpress/wp-includes/class-wp-hook.php(324): wp_widgets_init('')
#8 /wordpress/wp-includes/class-wp-hook.php(348): WP_Hook->apply_filters(NULL, Array)
#9 /wordpress/wp-includes/plugin.php(517): WP_Hook->do_action(Array)
#10 /wordpress/wp-settings.php(727): do_action('init')
#11 /wordpress/wp-config.php(102): require_once('/wordpress/wp-s...')
#12 /wordpress/wp-load.php(50): require_once('/wordpress/wp-c...')
#13 /internal/eval.php(3): require_once('/wordpress/wp-l...')
#14 {main}
  thrown in /wordpress/wp-includes/class-wp-widget.php on line 163
[16-Jun-2025 05:08:45 UTC] PHP Fatal error:  Uncaught ArgumentCountError: Too few arguments to function WP_Widget::__construct(), 0 passed in /wordpress/wp-includes/class-wp-widget-factory.php on line 62 and at least 2 expected in /wordpress/wp-includes/class-wp-widget.php:163
Stack trace:
#0 /wordpress/wp-includes/class-wp-widget-factory.php(62): WP_Widget->__construct()
#1 /wordpress/wp-includes/widgets.php(123): WP_Widget_Factory->register('kalimah_weather...')
#2 /wordpress/wp-content/plugins/kalimah-weather/kalimah-weather.php(530): register_widget('kalimah_weather...')
#3 /wordpress/wp-includes/class-wp-hook.php(324): kalimah_weather_light('')
#4 /wordpress/wp-includes/class-wp-hook.php(348): WP_Hook->apply_filters(NULL, Array)
#5 /wordpress/wp-includes/plugin.php(517): WP_Hook->do_action(Array)
#6 /wordpress/wp-includes/widgets.php(1870): do_action('widgets_init')
#7 /wordpress/wp-includes/class-wp-hook.php(324): wp_widgets_init('')
#8 /wordpress/wp-includes/class-wp-hook.php(348): WP_Hook->apply_filters(NULL, Array)
#9 /wordpress/wp-includes/plugin.php(517): WP_Hook->do_action(Array)
#10 /wordpress/wp-settings.php(727): do_action('init')
#11 /wordpress/wp-config.php(102): require_once('/wordpress/wp-s...')
#12 /wordpress/wp-load.php(50): require_once('/wordpress/wp-c...')
#13 /internal/eval.php(3): require_once('/wordpress/wp-l...')
#14 {main}
  thrown in /wordpress/wp-includes/class-wp-widget.php on line 163
[16-Jun-2025 05:08:55 UTC] PHP Fatal error:  Uncaught ArgumentCountError: Too few arguments to function WP_Widget::__construct(), 0 passed in /wordpress/wp-includes/class-wp-widget-factory.php on line 62 and at least 2 expected in /wordpress/wp-includes/class-wp-widget.php:163
Stack trace:
#0 /wordpress/wp-includes/class-wp-widget-factory.php(62): WP_Widget->__construct()
#1 /wordpress/wp-includes/widgets.php(123): WP_Widget_Factory->register('kalimah_weather...')
#2 /wordpress/wp-content/plugins/kalimah-weather/kalimah-weather.php(530): register_widget('kalimah_weather...')
#3 /wordpress/wp-includes/class-wp-hook.php(324): kalimah_weather_light('')
#4 /wordpress/wp-includes/class-wp-hook.php(348): WP_Hook->apply_filters(NULL, Array)
#5 /wordpress/wp-includes/plugin.php(517): WP_Hook->do_action(Array)
#6 /wordpress/wp-includes/widgets.php(1870): do_action('widgets_init')
#7 /wordpress/wp-includes/class-wp-hook.php(324): wp_widgets_init('')
#8 /wordpress/wp-includes/class-wp-hook.php(348): WP_Hook->apply_filters(NULL, Array)
#9 /wordpress/wp-includes/plugin.php(517): WP_Hook->do_action(Array)
#10 /wordpress/wp-settings.php(727): do_action('init')
#11 /wordpress/wp-config.php(102): require_once('/wordpress/wp-s...')
#12 /wordpress/wp-load.php(50): require_once('/wordpress/wp-c...')
#13 /internal/eval.php(3): require_once('/wordpress/wp-l...')
#14 {main}
  thrown in /wordpress/wp-includes/class-wp-widget.php on line 163
[16-Jun-2025 05:09:05 UTC] PHP Deprecated:  Function load_plugin_textdomain was called with an argument that is <strong>deprecated</strong> since version 2.7.0 with no alternative available. in /wordpress/wp-includes/functions.php on line 6121
[16-Jun-2025 05:09:06 UTC] PHP Deprecated:  Function load_plugin_textdomain was called with an argument that is <strong>deprecated</strong> since version 2.7.0 with no alternative available. in /wordpress/wp-includes/functions.php on line 6121
[16-Jun-2025 05:09:06 UTC] PHP Fatal error:  Uncaught TypeError: call_user_func_array(): Argument #1 ($callback) must be a valid callback, non-static method kalooga::extend_tinymce() cannot be called statically in /wordpress/wp-includes/class-wp-hook.php:324
Stack trace:
#0 /wordpress/wp-includes/class-wp-hook.php(348): WP_Hook->apply_filters(NULL, Array)
#1 /wordpress/wp-includes/plugin.php(517): WP_Hook->do_action(Array)
#2 /wordpress/wp-settings.php(727): do_action('init')
#3 /wordpress/wp-config.php(102): require_once('/wordpress/wp-s...')
#4 /wordpress/wp-load.php(50): require_once('/wordpress/wp-c...')
#5 /internal/eval.php(3): require_once('/wordpress/wp-l...')
#6 {main}
  thrown in /wordpress/wp-includes/class-wp-hook.php on line 324
[16-Jun-2025 05:09:15 UTC] PHP Deprecated:  Function load_plugin_textdomain was called with an argument that is <strong>deprecated</strong> since version 2.7.0 with no alternative available. in /wordpress/wp-includes/functions.php on line 6121
[16-Jun-2025 05:09:16 UTC] PHP Deprecated:  Function load_plugin_textdomain was called with an argument that is <strong>deprecated</strong> since version 2.7.0 with no alternative available. in /wordpress/wp-includes/functions.php on line 6121
[16-Jun-2025 05:09:16 UTC] PHP Fatal error:  Uncaught TypeError: call_user_func_array(): Argument #1 ($callback) must be a valid callback, non-static method kalooga::extend_tinymce() cannot be called statically in /wordpress/wp-includes/class-wp-hook.php:324
Stack trace:
#0 /wordpress/wp-includes/class-wp-hook.php(348): WP_Hook->apply_filters(NULL, Array)
#1 /wordpress/wp-includes/plugin.php(517): WP_Hook->do_action(Array)
#2 /wordpress/wp-settings.php(727): do_action('init')
#3 /wordpress/wp-config.php(102): require_once('/wordpress/wp-s...')
#4 /wordpress/wp-load.php(50): require_once('/wordpress/wp-c...')
#5 /internal/eval.php(3): require_once('/wordpress/wp-l...')
#6 {main}
  thrown in /wordpress/wp-includes/class-wp-hook.php on line 324
[16-Jun-2025 05:09:25 UTC] PHP Deprecated:  Function load_plugin_textdomain was called with an argument that is <strong>deprecated</strong> since version 2.7.0 with no alternative available. in /wordpress/wp-includes/functions.php on line 6121
[16-Jun-2025 05:09:26 UTC] PHP Deprecated:  Function load_plugin_textdomain was called with an argument that is <strong>deprecated</strong> since version 2.7.0 with no alternative available. in /wordpress/wp-includes/functions.php on line 6121
[16-Jun-2025 05:09:26 UTC] PHP Fatal error:  Uncaught TypeError: call_user_func_array(): Argument #1 ($callback) must be a valid callback, non-static method kalooga::extend_tinymce() cannot be called statically in /wordpress/wp-includes/class-wp-hook.php:324
Stack trace:
#0 /wordpress/wp-includes/class-wp-hook.php(348): WP_Hook->apply_filters(NULL, Array)
#1 /wordpress/wp-includes/plugin.php(517): WP_Hook->do_action(Array)
#2 /wordpress/wp-settings.php(727): do_action('init')
#3 /wordpress/wp-config.php(102): require_once('/wordpress/wp-s...')
#4 /wordpress/wp-load.php(50): require_once('/wordpress/wp-c...')
#5 /internal/eval.php(3): require_once('/wordpress/wp-l...')
#6 {main}
  thrown in /wordpress/wp-includes/class-wp-hook.php on line 324
[16-Jun-2025 05:10:05 UTC] PHP Fatal error:  Uncaught Exception: Cryptor::decryptString() - data length 0 is less than iv length 16 in /wordpress/wp-content/plugins/kangoo-for-woocommerce/includes/encryption.php:141
Stack trace:
#0 /wordpress/wp-content/plugins/kangoo-for-woocommerce/includes/encryption.php(187): kangooSecurity\Cryptor->decryptString(false, 'put your unique...', 1)
#1 /wordpress/wp-content/plugins/kangoo-for-woocommerce/includes/encryption-decryption-checker.php(92): kangooSecurity\Cryptor::Decrypt(false, 'put your unique...')
#2 /wordpress/wp-includes/class-wp-hook.php(324): kangooSecurity\encryption_checker->check_encryption('')
#3 /wordpress/wp-includes/class-wp-hook.php(348): WP_Hook->apply_filters(NULL, Array)
#4 /wordpress/wp-includes/plugin.php(517): WP_Hook->do_action(Array)
#5 /wordpress/wp-settings.php(727): do_action('init')
#6 /wordpress/wp-config.php(102): require_once('/wordpress/wp-s...')
#7 /wordpress/wp-load.php(50): require_once('/wordpress/wp-c...')
#8 /internal/eval.php(3): require_once('/wordpress/wp-l...')
#9 {main}
  thrown in /wordpress/wp-content/plugins/kangoo-for-woocommerce/includes/encryption.php on line 141
[16-Jun-2025 05:10:15 UTC] PHP Fatal error:  Uncaught Exception: Cryptor::decryptString() - data length 0 is less than iv length 16 in /wordpress/wp-content/plugins/kangoo-for-woocommerce/includes/encryption.php:141
Stack trace:
#0 /wordpress/wp-content/plugins/kangoo-for-woocommerce/includes/encryption.php(187): kangooSecurity\Cryptor->decryptString(false, 'put your unique...', 1)
#1 /wordpress/wp-content/plugins/kangoo-for-woocommerce/includes/encryption-decryption-checker.php(92): kangooSecurity\Cryptor::Decrypt(false, 'put your unique...')
#2 /wordpress/wp-includes/class-wp-hook.php(324): kangooSecurity\encryption_checker->check_encryption('')
#3 /wordpress/wp-includes/class-wp-hook.php(348): WP_Hook->apply_filters(NULL, Array)
#4 /wordpress/wp-includes/plugin.php(517): WP_Hook->do_action(Array)
#5 /wordpress/wp-settings.php(727): do_action('init')
#6 /wordpress/wp-config.php(102): require_once('/wordpress/wp-s...')
#7 /wordpress/wp-load.php(50): require_once('/wordpress/wp-c...')
#8 /internal/eval.php(3): require_once('/wordpress/wp-l...')
#9 {main}
  thrown in /wordpress/wp-content/plugins/kangoo-for-woocommerce/includes/encryption.php on line 141

    at Object.onBind (file:///home/runner/work/playground-tester/playground-tester/node_modules/@wp-playground/cli/run-cli-j-geJYS3.js:325:15)
    at process.processTicksAndRejections (node:internal/process/task_queues:105:5)
    at async re (file:///home/runner/work/playground-tester/playground-tester/node_modules/@wp-playground/cli/run-cli-j-geJYS3.js:149:10) {
  [cause]: Error: Error when executing the blueprint step #1 ({"step":"installPlugin","pluginData":{"resource":"wordpress.org/plugins","slug":"kangoo-for-woocommerce"},"options":{"activate":true}}) : PHP.run() failed with exit code 255 and the following output: 
      at Object.run (file:///home/runner/work/playground-tester/playground-tester/node_modules/@wp-playground/blueprints/index.js:12093:19)
      at process.processTicksAndRejections (node:internal/process/task_queues:105:5)
      at async ys (file:///home/runner/work/playground-tester/playground-tester/node_modules/@wp-playground/blueprints/index.js:12196:3)
      at async Object.onBind (file:///home/runner/work/playground-tester/playground-tester/node_modules/@wp-playground/cli/run-cli-j-geJYS3.js:315:48)
      at async re (file:///home/runner/work/playground-tester/playground-tester/node_modules/@wp-playground/cli/run-cli-j-geJYS3.js:149:10) {
    [cause]: PHPExecutionFailureError: PHP.run() failed with exit code 255 and the following output: 
        at PHP.run (file:///home/runner/work/playground-tester/playground-tester/node_modules/@php-wasm/universal/index.js:1034:19)
        at process.processTicksAndRejections (node:internal/process/task_queues:105:5)
        at async wr (file:///home/runner/work/playground-tester/playground-tester/node_modules/@wp-playground/blueprints/index.js:74:13)
        at async Object.gt [as installPlugin] (file:///home/runner/work/playground-tester/playground-tester/node_modules/@wp-playground/blueprints/index.js:631:42)
        at async g (file:///home/runner/work/playground-tester/playground-tester/node_modules/@wp-playground/blueprints/index.js:12161:30)
        at async Object.run (file:///home/runner/work/playground-tester/playground-tester/node_modules/@wp-playground/blueprints/index.js:12090:23)
        at async ys (file:///home/runner/work/playground-tester/playground-tester/node_modules/@wp-playground/blueprints/index.js:12196:3)
        at async Object.onBind (file:///home/runner/work/playground-tester/playground-tester/node_modules/@wp-playground/cli/run-cli-j-geJYS3.js:315:48)
        at async re (file:///home/runner/work/playground-tester/playground-tester/node_modules/@wp-playground/cli/run-cli-j-geJYS3.js:149:10) {
      response: PHPResponse {
        httpStatusCode: 500,
        headers: {
          'x-powered-by': [ 'PHP/8.0.30-dev' ],
          'content-type': [ 'text/html; charset=UTF-8' ],
          expires: [ 'Wed, 11 Jan 1984 05:00:00 GMT' ],
          'cache-control': [ 'no-cache, must-revalidate, max-age=0, no-store, private' ]
        },
        bytes: Uint8Array(2653) [
           60,  33,  68,  79,  67,  84,  89,  80,  69,  32, 104, 116,
          109, 108,  62,  10,  60, 104, 116, 109, 108,  32, 108,  97,
          110, 103,  61,  34, 101, 110,  45,  85,  83,  34,  62,  10,
           60, 104, 101,  97, 100,  62,  10,   9,  60, 109, 101, 116,
           97,  32, 104, 116, 116, 112,  45, 101, 113, 117, 105, 118,
           61,  34,  67, 111, 110, 116, 101, 110, 116,  45,  84, 121,
          112, 101,  34,  32,  99, 111, 110, 116, 101, 110, 116,  61,
           34, 116, 101, 120, 116,  47, 104, 116, 109, 108,  59,  32,
           99, 104,  97, 114,
          ... 2553 more items
        ],
        exitCode: 255,
        errors: ''
      },
      source: 'request'
    }
  }
}

Node.js v23.11.0
