[
{"message":"file:///home/runner/work/playground-tester/playground-tester/node_modules/@wp-playground/cli/index.js:237\n        throw new Error(y, { cause: u });\n              ^\n","level":"FATAL","type":"PLAYGROUND","test":"asyncify-boot","plugin":"amazing-rd-responsive-gallery","details":"file:///home/runner/work/playground-tester/playground-tester/node_modules/@wp-playground/cli/index.js:237\n        throw new Error(y, { cause: u });\n              ^\n","log":"/tmp/tmp.dbz6Xd7yDG"}
,
{"message":"Function _load_textdomain_just_in_time was called <strong>incorrectly</strong>. Translation loading for the <code>aspiesoft-ajax-load-page</code> domain was triggered too early. This is usually an indicator for some code in the plugin or theme running too early. Translations should be loaded at the <code>init</code> action or later. Please see <a href=\"https://developer.wordpress.org/advanced-administration/debug/debug-wordpress/\">Debugging in WordPress</a> for more information. (This message was added in version 6.7.0.) in /wordpress/wp-includes/functions.php on line 6121","level":"NOTICE","type":"PHP","test":"asyncify-boot","plugin":"amazing-rd-responsive-gallery","details":"[02-May-2025 14:51:03 UTC] PHP Notice:  Function _load_textdomain_just_in_time was called <strong>incorrectly</strong>. Translation loading for the <code>aspiesoft-ajax-load-page</code> domain was triggered too early. This is usually an indicator for some code in the plugin or theme running too early. Translations should be loaded at the <code>init</code> action or later. Please see <a href=\"https://developer.wordpress.org/advanced-administration/debug/debug-wordpress/\">Debugging in WordPress</a> for more information. (This message was added in version 6.7.0.) in /wordpress/wp-includes/functions.php on line 6121","log":"/logs/plugins/a/amazing-rd-responsive-gallery/error.json"}
,
{"message":"Function _load_textdomain_just_in_time was called <strong>incorrectly</strong>. Translation loading for the <code>aspiesoft-ajax-load-page</code> domain was triggered too early. This is usually an indicator for some code in the plugin or theme running too early. Translations should be loaded at the <code>init</code> action or later. Please see <a href=\"https://developer.wordpress.org/advanced-administration/debug/debug-wordpress/\">Debugging in WordPress</a> for more information. (This message was added in version 6.7.0.) in /wordpress/wp-includes/functions.php on line 6121","level":"NOTICE","type":"PHP","test":"asyncify-boot","plugin":"amazing-rd-responsive-gallery","details":"[02-May-2025 14:51:13 UTC] PHP Notice:  Function _load_textdomain_just_in_time was called <strong>incorrectly</strong>. Translation loading for the <code>aspiesoft-ajax-load-page</code> domain was triggered too early. This is usually an indicator for some code in the plugin or theme running too early. Translations should be loaded at the <code>init</code> action or later. Please see <a href=\"https://developer.wordpress.org/advanced-administration/debug/debug-wordpress/\">Debugging in WordPress</a> for more information. (This message was added in version 6.7.0.) in /wordpress/wp-includes/functions.php on line 6121","log":"/logs/plugins/a/amazing-rd-responsive-gallery/error.json"}
,
{"message":"Function _load_textdomain_just_in_time was called <strong>incorrectly</strong>. Translation loading for the <code>aspiesoft-ajax-load-page</code> domain was triggered too early. This is usually an indicator for some code in the plugin or theme running too early. Translations should be loaded at the <code>init</code> action or later. Please see <a href=\"https://developer.wordpress.org/advanced-administration/debug/debug-wordpress/\">Debugging in WordPress</a> for more information. (This message was added in version 6.7.0.) in /wordpress/wp-includes/functions.php on line 6121","level":"NOTICE","type":"PHP","test":"asyncify-boot","plugin":"amazing-rd-responsive-gallery","details":"[02-May-2025 14:51:22 UTC] PHP Notice:  Function _load_textdomain_just_in_time was called <strong>incorrectly</strong>. Translation loading for the <code>aspiesoft-ajax-load-page</code> domain was triggered too early. This is usually an indicator for some code in the plugin or theme running too early. Translations should be loaded at the <code>init</code> action or later. Please see <a href=\"https://developer.wordpress.org/advanced-administration/debug/debug-wordpress/\">Debugging in WordPress</a> for more information. (This message was added in version 6.7.0.) in /wordpress/wp-includes/functions.php on line 6121","log":"/logs/plugins/a/amazing-rd-responsive-gallery/error.json"}
,
{"message":"Function WP_Block_Type_Registry::register was called <strong>incorrectly</strong>. Block type names must contain a namespace prefix. Example: my-plugin/my-custom-block-type Please see <a href=\"https://developer.wordpress.org/advanced-administration/debug/debug-wordpress/\">Debugging in WordPress</a> for more information. (This message was added in version 5.0.0.) in /wordpress/wp-includes/functions.php on line 6121","level":"NOTICE","type":"PHP","test":"asyncify-boot","plugin":"amazing-rd-responsive-gallery","details":"[02-May-2025 14:52:28 UTC] PHP Notice:  Function WP_Block_Type_Registry::register was called <strong>incorrectly</strong>. Block type names must contain a namespace prefix. Example: my-plugin/my-custom-block-type Please see <a href=\"https://developer.wordpress.org/advanced-administration/debug/debug-wordpress/\">Debugging in WordPress</a> for more information. (This message was added in version 5.0.0.) in /wordpress/wp-includes/functions.php on line 6121","log":"/logs/plugins/a/amazing-rd-responsive-gallery/error.json"}
,
{"message":"Function WP_Block_Type_Registry::register was called <strong>incorrectly</strong>. Block type names must contain a namespace prefix. Example: my-plugin/my-custom-block-type Please see <a href=\"https://developer.wordpress.org/advanced-administration/debug/debug-wordpress/\">Debugging in WordPress</a> for more information. (This message was added in version 5.0.0.) in /wordpress/wp-includes/functions.php on line 6121","level":"NOTICE","type":"PHP","test":"asyncify-boot","plugin":"amazing-rd-responsive-gallery","details":"[02-May-2025 14:52:38 UTC] PHP Notice:  Function WP_Block_Type_Registry::register was called <strong>incorrectly</strong>. Block type names must contain a namespace prefix. Example: my-plugin/my-custom-block-type Please see <a href=\"https://developer.wordpress.org/advanced-administration/debug/debug-wordpress/\">Debugging in WordPress</a> for more information. (This message was added in version 5.0.0.) in /wordpress/wp-includes/functions.php on line 6121","log":"/logs/plugins/a/amazing-rd-responsive-gallery/error.json"}
,
{"message":"Function WP_Block_Type_Registry::register was called <strong>incorrectly</strong>. Block type names must contain a namespace prefix. Example: my-plugin/my-custom-block-type Please see <a href=\"https://developer.wordpress.org/advanced-administration/debug/debug-wordpress/\">Debugging in WordPress</a> for more information. (This message was added in version 5.0.0.) in /wordpress/wp-includes/functions.php on line 6121","level":"NOTICE","type":"PHP","test":"asyncify-boot","plugin":"amazing-rd-responsive-gallery","details":"[02-May-2025 14:52:47 UTC] PHP Notice:  Function WP_Block_Type_Registry::register was called <strong>incorrectly</strong>. Block type names must contain a namespace prefix. Example: my-plugin/my-custom-block-type Please see <a href=\"https://developer.wordpress.org/advanced-administration/debug/debug-wordpress/\">Debugging in WordPress</a> for more information. (This message was added in version 5.0.0.) in /wordpress/wp-includes/functions.php on line 6121","log":"/logs/plugins/a/amazing-rd-responsive-gallery/error.json"}
,
{"message":"Function register_sidebar_widget is <strong>deprecated</strong> since version 2.8.0! Use wp_register_sidebar_widget() instead. in /wordpress/wp-includes/functions.php on line 6121","level":"DEPRECATED","type":"PHP","test":"asyncify-boot","plugin":"amazing-rd-responsive-gallery","details":"[02-May-2025 14:54:13 UTC] PHP Deprecated:  Function register_sidebar_widget is <strong>deprecated</strong> since version 2.8.0! Use wp_register_sidebar_widget() instead. in /wordpress/wp-includes/functions.php on line 6121","log":"/logs/plugins/a/amazing-rd-responsive-gallery/error.json"}
,
{"message":"Function register_widget_control is <strong>deprecated</strong> since version 2.8.0! Use wp_register_widget_control() instead. in /wordpress/wp-includes/functions.php on line 6121","level":"DEPRECATED","type":"PHP","test":"asyncify-boot","plugin":"amazing-rd-responsive-gallery","details":"[02-May-2025 14:54:13 UTC] PHP Deprecated:  Function register_widget_control is <strong>deprecated</strong> since version 2.8.0! Use wp_register_widget_control() instead. in /wordpress/wp-includes/functions.php on line 6121","log":"/logs/plugins/a/amazing-rd-responsive-gallery/error.json"}
,
{"message":"Function register_sidebar_widget is <strong>deprecated</strong> since version 2.8.0! Use wp_register_sidebar_widget() instead. in /wordpress/wp-includes/functions.php on line 6121","level":"DEPRECATED","type":"PHP","test":"asyncify-boot","plugin":"amazing-rd-responsive-gallery","details":"[02-May-2025 14:54:22 UTC] PHP Deprecated:  Function register_sidebar_widget is <strong>deprecated</strong> since version 2.8.0! Use wp_register_sidebar_widget() instead. in /wordpress/wp-includes/functions.php on line 6121","log":"/logs/plugins/a/amazing-rd-responsive-gallery/error.json"}
,
{"message":"Function register_widget_control is <strong>deprecated</strong> since version 2.8.0! Use wp_register_widget_control() instead. in /wordpress/wp-includes/functions.php on line 6121","level":"DEPRECATED","type":"PHP","test":"asyncify-boot","plugin":"amazing-rd-responsive-gallery","details":"[02-May-2025 14:54:22 UTC] PHP Deprecated:  Function register_widget_control is <strong>deprecated</strong> since version 2.8.0! Use wp_register_widget_control() instead. in /wordpress/wp-includes/functions.php on line 6121","log":"/logs/plugins/a/amazing-rd-responsive-gallery/error.json"}
,
{"message":"Function register_sidebar_widget is <strong>deprecated</strong> since version 2.8.0! Use wp_register_sidebar_widget() instead. in /wordpress/wp-includes/functions.php on line 6121","level":"DEPRECATED","type":"PHP","test":"asyncify-boot","plugin":"amazing-rd-responsive-gallery","details":"[02-May-2025 14:54:32 UTC] PHP Deprecated:  Function register_sidebar_widget is <strong>deprecated</strong> since version 2.8.0! Use wp_register_sidebar_widget() instead. in /wordpress/wp-includes/functions.php on line 6121","log":"/logs/plugins/a/amazing-rd-responsive-gallery/error.json"}
,
{"message":"Function register_widget_control is <strong>deprecated</strong> since version 2.8.0! Use wp_register_widget_control() instead. in /wordpress/wp-includes/functions.php on line 6121","level":"DEPRECATED","type":"PHP","test":"asyncify-boot","plugin":"amazing-rd-responsive-gallery","details":"[02-May-2025 14:54:32 UTC] PHP Deprecated:  Function register_widget_control is <strong>deprecated</strong> since version 2.8.0! Use wp_register_widget_control() instead. in /wordpress/wp-includes/functions.php on line 6121","log":"/logs/plugins/a/amazing-rd-responsive-gallery/error.json"}
,
{"message":"Function add_shortcode was called <strong>incorrectly</strong>. Invalid shortcode name: tribeUsers . Do not use spaces or reserved characters: &amp; /  [ ] = Please see <a href=\"https://developer.wordpress.org/advanced-administration/debug/debug-wordpress/\">Debugging in WordPress</a> for more information. (This message was added in version 4.4.0.) in /wordpress/wp-includes/functions.php on line 6121","level":"NOTICE","type":"PHP","test":"asyncify-boot","plugin":"amazing-rd-responsive-gallery","details":"[02-May-2025 14:56:07 UTC] PHP Notice:  Function add_shortcode was called <strong>incorrectly</strong>. Invalid shortcode name: tribeUsers . Do not use spaces or reserved characters: &amp; /  [ ] = Please see <a href=\"https://developer.wordpress.org/advanced-administration/debug/debug-wordpress/\">Debugging in WordPress</a> for more information. (This message was added in version 4.4.0.) in /wordpress/wp-includes/functions.php on line 6121","log":"/logs/plugins/a/amazing-rd-responsive-gallery/error.json"}
,
{"message":"Function wp_enqueue_style was called <strong>incorrectly</strong>. Scripts and styles should not be registered or enqueued until the <code>wp_enqueue_scripts</code>, <code>admin_enqueue_scripts</code>, or <code>login_enqueue_scripts</code> hooks. This notice was triggered by the <code>atomicreachstyles</code> handle. Please see <a href=\"https://developer.wordpress.org/advanced-administration/debug/debug-wordpress/\">Debugging in WordPress</a> for more information. (This message was added in version 3.3.0.) in /wordpress/wp-includes/functions.php on line 6121","level":"NOTICE","type":"PHP","test":"asyncify-boot","plugin":"amazing-rd-responsive-gallery","details":"[02-May-2025 14:56:08 UTC] PHP Notice:  Function wp_enqueue_style was called <strong>incorrectly</strong>. Scripts and styles should not be registered or enqueued until the <code>wp_enqueue_scripts</code>, <code>admin_enqueue_scripts</code>, or <code>login_enqueue_scripts</code> hooks. This notice was triggered by the <code>atomicreachstyles</code> handle. Please see <a href=\"https://developer.wordpress.org/advanced-administration/debug/debug-wordpress/\">Debugging in WordPress</a> for more information. (This message was added in version 3.3.0.) in /wordpress/wp-includes/functions.php on line 6121","log":"/logs/plugins/a/amazing-rd-responsive-gallery/error.json"}
,
{"message":"Function is_feed was called <strong>incorrectly</strong>. Conditional query tags do not work before the query is run. Before then, they always return false. Please see <a href=\"https://developer.wordpress.org/advanced-administration/debug/debug-wordpress/\">Debugging in WordPress</a> for more information. (This message was added in version 3.1.0.) in /wordpress/wp-includes/functions.php on line 6121","level":"NOTICE","type":"PHP","test":"asyncify-boot","plugin":"amazing-rd-responsive-gallery","details":"[02-May-2025 14:56:08 UTC] PHP Notice:  Function is_feed was called <strong>incorrectly</strong>. Conditional query tags do not work before the query is run. Before then, they always return false. Please see <a href=\"https://developer.wordpress.org/advanced-administration/debug/debug-wordpress/\">Debugging in WordPress</a> for more information. (This message was added in version 3.1.0.) in /wordpress/wp-includes/functions.php on line 6121","log":"/logs/plugins/a/amazing-rd-responsive-gallery/error.json"}
,
{"message":"Function add_shortcode was called <strong>incorrectly</strong>. Invalid shortcode name: tribeUsers . Do not use spaces or reserved characters: &amp; /  [ ] = Please see <a href=\"https://developer.wordpress.org/advanced-administration/debug/debug-wordpress/\">Debugging in WordPress</a> for more information. (This message was added in version 4.4.0.) in /wordpress/wp-includes/functions.php on line 6121","level":"NOTICE","type":"PHP","test":"asyncify-boot","plugin":"amazing-rd-responsive-gallery","details":"[02-May-2025 14:56:08 UTC] PHP Notice:  Function add_shortcode was called <strong>incorrectly</strong>. Invalid shortcode name: tribeUsers . Do not use spaces or reserved characters: &amp; /  [ ] = Please see <a href=\"https://developer.wordpress.org/advanced-administration/debug/debug-wordpress/\">Debugging in WordPress</a> for more information. (This message was added in version 4.4.0.) in /wordpress/wp-includes/functions.php on line 6121","log":"/logs/plugins/a/amazing-rd-responsive-gallery/error.json"}
,
{"message":"Function add_shortcode was called <strong>incorrectly</strong>. Invalid shortcode name: tribeUsers . Do not use spaces or reserved characters: &amp; /  [ ] = Please see <a href=\"https://developer.wordpress.org/advanced-administration/debug/debug-wordpress/\">Debugging in WordPress</a> for more information. (This message was added in version 4.4.0.) in /wordpress/wp-includes/functions.php on line 6121","level":"NOTICE","type":"PHP","test":"asyncify-boot","plugin":"amazing-rd-responsive-gallery","details":"[02-May-2025 14:56:17 UTC] PHP Notice:  Function add_shortcode was called <strong>incorrectly</strong>. Invalid shortcode name: tribeUsers . Do not use spaces or reserved characters: &amp; /  [ ] = Please see <a href=\"https://developer.wordpress.org/advanced-administration/debug/debug-wordpress/\">Debugging in WordPress</a> for more information. (This message was added in version 4.4.0.) in /wordpress/wp-includes/functions.php on line 6121","log":"/logs/plugins/a/amazing-rd-responsive-gallery/error.json"}
,
{"message":"Function wp_enqueue_style was called <strong>incorrectly</strong>. Scripts and styles should not be registered or enqueued until the <code>wp_enqueue_scripts</code>, <code>admin_enqueue_scripts</code>, or <code>login_enqueue_scripts</code> hooks. This notice was triggered by the <code>atomicreachstyles</code> handle. Please see <a href=\"https://developer.wordpress.org/advanced-administration/debug/debug-wordpress/\">Debugging in WordPress</a> for more information. (This message was added in version 3.3.0.) in /wordpress/wp-includes/functions.php on line 6121","level":"NOTICE","type":"PHP","test":"asyncify-boot","plugin":"amazing-rd-responsive-gallery","details":"[02-May-2025 14:56:18 UTC] PHP Notice:  Function wp_enqueue_style was called <strong>incorrectly</strong>. Scripts and styles should not be registered or enqueued until the <code>wp_enqueue_scripts</code>, <code>admin_enqueue_scripts</code>, or <code>login_enqueue_scripts</code> hooks. This notice was triggered by the <code>atomicreachstyles</code> handle. Please see <a href=\"https://developer.wordpress.org/advanced-administration/debug/debug-wordpress/\">Debugging in WordPress</a> for more information. (This message was added in version 3.3.0.) in /wordpress/wp-includes/functions.php on line 6121","log":"/logs/plugins/a/amazing-rd-responsive-gallery/error.json"}
,
{"message":"Function is_feed was called <strong>incorrectly</strong>. Conditional query tags do not work before the query is run. Before then, they always return false. Please see <a href=\"https://developer.wordpress.org/advanced-administration/debug/debug-wordpress/\">Debugging in WordPress</a> for more information. (This message was added in version 3.1.0.) in /wordpress/wp-includes/functions.php on line 6121","level":"NOTICE","type":"PHP","test":"asyncify-boot","plugin":"amazing-rd-responsive-gallery","details":"[02-May-2025 14:56:18 UTC] PHP Notice:  Function is_feed was called <strong>incorrectly</strong>. Conditional query tags do not work before the query is run. Before then, they always return false. Please see <a href=\"https://developer.wordpress.org/advanced-administration/debug/debug-wordpress/\">Debugging in WordPress</a> for more information. (This message was added in version 3.1.0.) in /wordpress/wp-includes/functions.php on line 6121","log":"/logs/plugins/a/amazing-rd-responsive-gallery/error.json"}
,
{"message":"Function add_shortcode was called <strong>incorrectly</strong>. Invalid shortcode name: tribeUsers . Do not use spaces or reserved characters: &amp; /  [ ] = Please see <a href=\"https://developer.wordpress.org/advanced-administration/debug/debug-wordpress/\">Debugging in WordPress</a> for more information. (This message was added in version 4.4.0.) in /wordpress/wp-includes/functions.php on line 6121","level":"NOTICE","type":"PHP","test":"asyncify-boot","plugin":"amazing-rd-responsive-gallery","details":"[02-May-2025 14:56:18 UTC] PHP Notice:  Function add_shortcode was called <strong>incorrectly</strong>. Invalid shortcode name: tribeUsers . Do not use spaces or reserved characters: &amp; /  [ ] = Please see <a href=\"https://developer.wordpress.org/advanced-administration/debug/debug-wordpress/\">Debugging in WordPress</a> for more information. (This message was added in version 4.4.0.) in /wordpress/wp-includes/functions.php on line 6121","log":"/logs/plugins/a/amazing-rd-responsive-gallery/error.json"}
,
{"message":"Function add_shortcode was called <strong>incorrectly</strong>. Invalid shortcode name: tribeUsers . Do not use spaces or reserved characters: &amp; /  [ ] = Please see <a href=\"https://developer.wordpress.org/advanced-administration/debug/debug-wordpress/\">Debugging in WordPress</a> for more information. (This message was added in version 4.4.0.) in /wordpress/wp-includes/functions.php on line 6121","level":"NOTICE","type":"PHP","test":"asyncify-boot","plugin":"amazing-rd-responsive-gallery","details":"[02-May-2025 14:56:26 UTC] PHP Notice:  Function add_shortcode was called <strong>incorrectly</strong>. Invalid shortcode name: tribeUsers . Do not use spaces or reserved characters: &amp; /  [ ] = Please see <a href=\"https://developer.wordpress.org/advanced-administration/debug/debug-wordpress/\">Debugging in WordPress</a> for more information. (This message was added in version 4.4.0.) in /wordpress/wp-includes/functions.php on line 6121","log":"/logs/plugins/a/amazing-rd-responsive-gallery/error.json"}
,
{"message":"Function wp_enqueue_style was called <strong>incorrectly</strong>. Scripts and styles should not be registered or enqueued until the <code>wp_enqueue_scripts</code>, <code>admin_enqueue_scripts</code>, or <code>login_enqueue_scripts</code> hooks. This notice was triggered by the <code>atomicreachstyles</code> handle. Please see <a href=\"https://developer.wordpress.org/advanced-administration/debug/debug-wordpress/\">Debugging in WordPress</a> for more information. (This message was added in version 3.3.0.) in /wordpress/wp-includes/functions.php on line 6121","level":"NOTICE","type":"PHP","test":"asyncify-boot","plugin":"amazing-rd-responsive-gallery","details":"[02-May-2025 14:56:27 UTC] PHP Notice:  Function wp_enqueue_style was called <strong>incorrectly</strong>. Scripts and styles should not be registered or enqueued until the <code>wp_enqueue_scripts</code>, <code>admin_enqueue_scripts</code>, or <code>login_enqueue_scripts</code> hooks. This notice was triggered by the <code>atomicreachstyles</code> handle. Please see <a href=\"https://developer.wordpress.org/advanced-administration/debug/debug-wordpress/\">Debugging in WordPress</a> for more information. (This message was added in version 3.3.0.) in /wordpress/wp-includes/functions.php on line 6121","log":"/logs/plugins/a/amazing-rd-responsive-gallery/error.json"}
,
{"message":"Function is_feed was called <strong>incorrectly</strong>. Conditional query tags do not work before the query is run. Before then, they always return false. Please see <a href=\"https://developer.wordpress.org/advanced-administration/debug/debug-wordpress/\">Debugging in WordPress</a> for more information. (This message was added in version 3.1.0.) in /wordpress/wp-includes/functions.php on line 6121","level":"NOTICE","type":"PHP","test":"asyncify-boot","plugin":"amazing-rd-responsive-gallery","details":"[02-May-2025 14:56:27 UTC] PHP Notice:  Function is_feed was called <strong>incorrectly</strong>. Conditional query tags do not work before the query is run. Before then, they always return false. Please see <a href=\"https://developer.wordpress.org/advanced-administration/debug/debug-wordpress/\">Debugging in WordPress</a> for more information. (This message was added in version 3.1.0.) in /wordpress/wp-includes/functions.php on line 6121","log":"/logs/plugins/a/amazing-rd-responsive-gallery/error.json"}
,
{"message":"Function add_shortcode was called <strong>incorrectly</strong>. Invalid shortcode name: tribeUsers . Do not use spaces or reserved characters: &amp; /  [ ] = Please see <a href=\"https://developer.wordpress.org/advanced-administration/debug/debug-wordpress/\">Debugging in WordPress</a> for more information. (This message was added in version 4.4.0.) in /wordpress/wp-includes/functions.php on line 6121","level":"NOTICE","type":"PHP","test":"asyncify-boot","plugin":"amazing-rd-responsive-gallery","details":"[02-May-2025 14:56:27 UTC] PHP Notice:  Function add_shortcode was called <strong>incorrectly</strong>. Invalid shortcode name: tribeUsers . Do not use spaces or reserved characters: &amp; /  [ ] = Please see <a href=\"https://developer.wordpress.org/advanced-administration/debug/debug-wordpress/\">Debugging in WordPress</a> for more information. (This message was added in version 4.4.0.) in /wordpress/wp-includes/functions.php on line 6121","log":"/logs/plugins/a/amazing-rd-responsive-gallery/error.json"}
,
{"message":"Uncaught Exception: ошибка в запросе: INSERT INTO `wp_asc_log` (`time`, `error`, `success`, `info`, `supplier_id`) VALUES ('2025-05-02 14:59:20', 'ошибка в запросе: CREATE TABLE IF NOT EXISTS `wp_asc_currencies` (\r","level":"FATAL","type":"PHP","test":"asyncify-boot","plugin":"amazing-rd-responsive-gallery","details":"[02-May-2025 14:59:20 UTC] PHP Fatal error:  Uncaught Exception: ошибка в запросе: INSERT INTO `wp_asc_log` (`time`, `error`, `success`, `info`, `supplier_id`) VALUES ('2025-05-02 14:59:20', 'ошибка в запросе: CREATE TABLE IF NOT EXISTS `wp_asc_currencies` (\r\n  \t\t\t\t`supplier_id` int(10) UNSIGNED NOT NULL,\r\n  \t\t\t\t`name` varchar(3) COLLATE utf8mb4_unicode_ci NOT NULL,\r\n  \t\t\t\t`rate` float NOT NULL,\r\n  \t\t\t\tUNIQUE KEY `supplier_id` (`supplier_id`,`name`),\r\n  \t\t\t\tCONSTRAINT `wp_asc_currencies_ibfk_1` FOREIGN KEY (`supplier_id`) REFERENCES `wp_asc_suppliers` (`supplier_id`) ON DELETE CASCADE                                             \r\n\t\t\t) ENGINE=InnoDB DEFAULT CHARSET=utf8mb4 COLLATE=utf8mb4_unicode_ci;', '', '', NULL) in /wordpress/wp-content/plugins/advanced-store-control-for-woocommerce/traits/model.php:63\nStack trace:\n#0 /wordpress/wp-content/plugins/advanced-store-control-for-woocommerce/models/log.php(39): ASC\\Models\\Model_Log->query('INSERT INTO `wp...')\n#1 /wordpress/wp-content/plugins/advanced-store-control-for-woocommerce/controllers/log.php(84): ASC\\Models\\Model_Log->create('2025-05-02 14:5...', 'NULL', Array)\n#2 /wordpress/wp-content/plugins/advanced-store-control-for-woocommerce/controllers/log.php(126): ASC\\Controllers\\Controller_Log->save(Array)\n#3 /wordpress/wp-content/plugins/advanced-store-control-for-woocommerce/controllers/log.php(105): ASC\\Controllers\\Controller_Log->set_error('\\xD0\\xBE\\xD1\\x88\\xD0\\xB8\\xD0\\xB1\\xD0\\xBA\\xD0\\xB0 \\xD0\\xB2...')\n#4 [internal function]: ASC\\Controllers\\Controller_Log::exception(Object(Exception))\n#5 {main}\n  thrown in /wordpress/wp-content/plugins/advanced-store-control-for-woocommerce/traits/model.php on line 63","log":"/logs/plugins/a/amazing-rd-responsive-gallery/error.json"}
,
{"message":"SQLSTATE[23000]: Integrity constraint violation: 19 NOT NULL constraint failed: _mysql_data_types_cache.mysql_type.","level":"FATAL","type":"SQL","test":"asyncify-boot","plugin":"amazing-rd-responsive-gallery","details":"[02-May-2025 14:59:29 UTC] WordPress database error <div style=\"clear:both\">&nbsp;</div>\n<div class=\"queries\" style=\"clear:both;margin-bottom:2px;border:red dotted thin;\">\n<p>MySQL query:</p>\n<p>CREATE TABLE IF NOT EXISTS `wp_asc_currencies` (\r\n  \t\t\t\t`supplier_id` int(10) UNSIGNED NOT NULL,\r\n  \t\t\t\t`name` varchar(3) COLLATE utf8mb4_unicode_ci NOT NULL,\r\n  \t\t\t\t`rate` float NOT NULL,\r\n  \t\t\t\tUNIQUE KEY `supplier_id` (`supplier_id`,`name`),\r\n  \t\t\t\tCONSTRAINT `wp_asc_currencies_ibfk_1` FOREIGN KEY (`supplier_id`) REFERENCES `wp_asc_suppliers` (`supplier_id`) ON DELETE CASCADE                                             \r\n\t\t\t) ENGINE=InnoDB DEFAULT CHARSET=utf8mb4 COLLATE=utf8mb4_unicode_ci;</p>\n<p>Queries made or created this session were:</p>\n<ol>\n<li>Executing: BEGIN | (no parameters)</li>\n<li>Executing: INSERT INTO _mysql_data_types_cache (`table`, `column_or_index`, `mysql_type`)\n\t\t\t\tVALUES (:table, :column, :datatype)\n\t\t\t\tON CONFLICT(`table`, `column_or_index`) DO UPDATE SET `mysql_type` = :datatype\n\t\t\t | parameters: wp_asc_currencies, supplier_id, int(10) UNSIGNED</li>\n<li>Executing: INSERT INTO _mysql_data_types_cache (`table`, `column_or_index`, `mysql_type`)\n\t\t\t\tVALUES (:table, :column, :datatype)\n\t\t\t\tON CONFLICT(`table`, `column_or_index`) DO UPDATE SET `mysql_type` = :datatype\n\t\t\t | parameters: wp_asc_currencies, name, varchar(3)</li>\n<li>Executing: INSERT INTO _mysql_data_types_cache (`table`, `column_or_index`, `mysql_type`)\n\t\t\t\tVALUES (:table, :column, :datatype)\n\t\t\t\tON CONFLICT(`table`, `column_or_index`) DO UPDATE SET `mysql_type` = :datatype\n\t\t\t | parameters: wp_asc_currencies, rate, float</li>\n<li>Executing: CREATE TABLE IF NOT EXISTS &quot;wp_asc_currencies&quot; (\n&quot;supplier_id&quot; integer NOT NULL ON CONFLICT REPLACE DEFAULT 0,\n&quot;name&quot; text NOT NULL ON CONFLICT REPLACE DEFAULT '' COLLATE NOCASE,\n&quot;rate&quot; real NOT NULL ON CONFLICT REPLACE DEFAULT 0) | (no parameters)</li>\n<li>Executing: CREATE UNIQUE  INDEX IF NOT EXISTS &quot;wp_asc_currencies__supplier_id&quot; ON &quot;wp_asc_currencies&quot; (&quot;supplier_id&quot;, &quot;name&quot;) | (no parameters)</li>\n<li>Executing: INSERT INTO _mysql_data_types_cache (`table`, `column_or_index`, `mysql_type`)\n\t\t\t\tVALUES (:table, :column, :datatype)\n\t\t\t\tON CONFLICT(`table`, `column_or_index`) DO UPDATE SET `mysql_type` = :datatype\n\t\t\t | parameters: wp_asc_currencies, wp_asc_currencies__supplier_id, UNIQUE</li>\n<li>Executing: CREATE  INDEX IF NOT EXISTS &quot;wp_asc_currencies__&quot; ON &quot;wp_asc_currencies&quot; (&quot;&quot;) | (no parameters)</li>\n<li>Executing: INSERT INTO _mysql_data_types_cache (`table`, `column_or_index`, `mysql_type`)\n\t\t\t\tVALUES (:table, :column, :datatype)\n\t\t\t\tON CONFLICT(`table`, `column_or_index`) DO UPDATE SET `mysql_type` = :datatype\n\t\t\t | parameters: wp_asc_currencies, wp_asc_currencies__, </li>\n<li>Executing: ROLLBACK | (no parameters)</li>\n</ol>\n</div>\n<div style=\"clear:both;margin-bottom:2px;border:red dotted thin;\" class=\"error_message\" style=\"border-bottom:dotted blue thin;\">\nError occurred at line 4117 in Function <code>handle_error</code>. Error message was: SQLSTATE[23000]: Integrity constraint violation: 19 NOT NULL constraint failed: _mysql_data_types_cache.mysql_type.\n</div>\n<p>Backtrace:</p>\n<pre>#0 /internal/shared/sqlite-database-integration/wp-includes/sqlite/class-wp-sqlite-db.php(287): WP_SQLite_Translator->get_error_message()\n#1 /wordpress/wp-content/plugins/advanced-store-control-for-woocommerce/traits/model.php(57): WP_SQLite_DB->query('CREATE TABLE IF...')\n#2 /wordpress/wp-content/plugins/advanced-store-control-for-woocommerce/models/tables.php(96): ASC\\Models\\Model_Tables->query('CREATE TABLE IF...')\n#3 /wordpress/wp-content/plugins/advanced-store-control-for-woocommerce/controllers/hooks.php(52): ASC\\Models\\Model_Tables->create()\n#4 /wordpress/wp-includes/class-wp-hook.php(324): ASC\\Controllers\\Controller_Hooks->activate(false)\n#5 /wordpress/wp-includes/class-wp-hook.php(348): WP_Hook->apply_filters('', Array)\n#6 /wordpress/wp-includes/plugin.php(517): WP_Hook->do_action(Array)\n#7 /wordpress/wp-admin/includes/plugin.php(703): do_action('activate_advanc...', false)\n#8 /internal/eval.php(20): activate_plugin('advanced-store-...')\n#9 {main}</pre>\n for query CREATE TABLE IF NOT EXISTS `wp_asc_currencies` (\r\n  \t\t\t\t`supplier_id` int(10) UNSIGNED NOT NULL,\r\n  \t\t\t\t`name` varchar(3) COLLATE utf8mb4_unicode_ci NOT NULL,\r\n  \t\t\t\t`rate` float NOT NULL,\r\n  \t\t\t\tUNIQUE KEY `supplier_id` (`supplier_id`,`name`),\r\n  \t\t\t\tCONSTRAINT `wp_asc_currencies_ibfk_1` FOREIGN KEY (`supplier_id`) REFERENCES `wp_asc_suppliers` (`supplier_id`) ON DELETE CASCADE                                             \r\n\t\t\t) ENGINE=InnoDB DEFAULT CHARSET=utf8mb4 COLLATE=utf8mb4_unicode_ci; made by activate_plugin, do_action('activate_advanced-store-control-for-woocommerce/advanced-store-control.php'), WP_Hook->do_action, WP_Hook->apply_filters, ASC\\Controllers\\Controller_Hooks->activate, ASC\\Models\\Model_Tables->create, ASC\\Models\\Model_Tables->query, WP_SQLite_DB->query, WP_SQLite_DB->print_error","log":"/logs/plugins/a/amazing-rd-responsive-gallery/error.json"}
,
{"message":"SQLSTATE[HY000]: General error: 1 no such table: wp_asc_log.","level":"FATAL","type":"SQL","test":"asyncify-boot","plugin":"amazing-rd-responsive-gallery","details":"[02-May-2025 14:59:29 UTC] WordPress database error <div style=\"clear:both\">&nbsp;</div>\n<div class=\"queries\" style=\"clear:both;margin-bottom:2px;border:red dotted thin;\">\n<p>MySQL query:</p>\n<p>INSERT INTO `wp_asc_log` (`time`, `error`, `success`, `info`, `supplier_id`) VALUES ('2025-05-02 14:59:29', 'ошибка в запросе: CREATE TABLE IF NOT EXISTS `wp_asc_currencies` (\r\n  \t\t\t\t`supplier_id` int(10) UNSIGNED NOT NULL,\r\n  \t\t\t\t`name` varchar(3) COLLATE utf8mb4_unicode_ci NOT NULL,\r\n  \t\t\t\t`rate` float NOT NULL,\r\n  \t\t\t\tUNIQUE KEY `supplier_id` (`supplier_id`,`name`),\r\n  \t\t\t\tCONSTRAINT `wp_asc_currencies_ibfk_1` FOREIGN KEY (`supplier_id`) REFERENCES `wp_asc_suppliers` (`supplier_id`) ON DELETE CASCADE                                             \r\n\t\t\t) ENGINE=InnoDB DEFAULT CHARSET=utf8mb4 COLLATE=utf8mb4_unicode_ci;', '', '', NULL)</p>\n<p>Queries made or created this session were:</p>\n<ol>\n<li>Executing: BEGIN | (no parameters)</li>\n<li>Executing: INSERT INTO `wp_asc_log` (`time`, `error`, `success`, `info`, `supplier_id`) VALUES (:param0 , :param1 , :param2 , :param3 , NULL) | parameters: 2025-05-02 14:59:29, ошибка в запросе: CREATE TABLE IF NOT EXISTS `wp_asc_currencies` (\r\n  \t\t\t\t`supplier_id` int(10) UNSIGNED NOT NULL,\r\n  \t\t\t\t`name` varchar(3) COLLATE utf8mb4_unicode_ci NOT NULL,\r\n  \t\t\t\t`rate` float NOT NULL,\r\n  \t\t\t\tUNIQUE KEY `supplier_id` (`supplier_id`,`name`),\r\n  \t\t\t\tCONSTRAINT `wp_asc_currencies_ibfk_1` FOREIGN KEY (`supplier_id`) REFERENCES `wp_asc_suppliers` (`supplier_id`) ON DELETE CASCADE                                             \r\n\t\t\t) ENGINE=InnoDB DEFAULT CHARSET=utf8mb4 COLLATE=utf8mb4_unicode_ci;, , </li>\n<li>Executing: ROLLBACK | (no parameters)</li>\n</ol>\n</div>\n<div style=\"clear:both;margin-bottom:2px;border:red dotted thin;\" class=\"error_message\" style=\"border-bottom:dotted blue thin;\">\nError occurred at line 4117 in Function <code>handle_error</code>. Error message was: SQLSTATE[HY000]: General error: 1 no such table: wp_asc_log.\n</div>\n<p>Backtrace:</p>\n<pre>#0 /internal/shared/sqlite-database-integration/wp-includes/sqlite/class-wp-sqlite-db.php(287): WP_SQLite_Translator->get_error_message()\n#1 /wordpress/wp-content/plugins/advanced-store-control-for-woocommerce/traits/model.php(57): WP_SQLite_DB->query('INSERT INTO `wp...')\n#2 /wordpress/wp-content/plugins/advanced-store-control-for-woocommerce/models/log.php(39): ASC\\Models\\Model_Log->query('INSERT INTO `wp...')\n#3 /wordpress/wp-content/plugins/advanced-store-control-for-woocommerce/controllers/log.php(84): ASC\\Models\\Model_Log->create('2025-05-02 14:5...', 'NULL', Array)\n#4 /wordpress/wp-content/plugins/advanced-store-control-for-woocommerce/controllers/log.php(126): ASC\\Controllers\\Controller_Log->save(Array)\n#5 /wordpress/wp-content/plugins/advanced-store-control-for-woocommerce/controllers/log.php(105): ASC\\Controllers\\Controller_Log->set_error('\\xD0\\xBE\\xD1\\x88\\xD0\\xB8\\xD0\\xB1\\xD0\\xBA\\xD0\\xB0 \\xD0\\xB2...')\n#6 [internal function]: ASC\\Controllers\\Controller_Log::exception(Object(Exception))\n#7 {main}</pre>\n for query INSERT INTO `wp_asc_log` (`time`, `error`, `success`, `info`, `supplier_id`) VALUES ('2025-05-02 14:59:29', 'ошибка в запросе: CREATE TABLE IF NOT EXISTS `wp_asc_currencies` (\r\n  \t\t\t\t`supplier_id` int(10) UNSIGNED NOT NULL,\r\n  \t\t\t\t`name` varchar(3) COLLATE utf8mb4_unicode_ci NOT NULL,\r\n  \t\t\t\t`rate` float NOT NULL,\r\n  \t\t\t\tUNIQUE KEY `supplier_id` (`supplier_id`,`name`),\r\n  \t\t\t\tCONSTRAINT `wp_asc_currencies_ibfk_1` FOREIGN KEY (`supplier_id`) REFERENCES `wp_asc_suppliers` (`supplier_id`) ON DELETE CASCADE                                             \r\n\t\t\t) ENGINE=InnoDB DEFAULT CHARSET=utf8mb4 COLLATE=utf8mb4_unicode_ci;', '', '', NULL) made by ASC\\Controllers\\Controller_Log::exception, ASC\\Controllers\\Controller_Log->set_error, ASC\\Controllers\\Controller_Log->save, ASC\\Models\\Model_Log->create, ASC\\Models\\Model_Log->query, WP_SQLite_DB->query, WP_SQLite_DB->print_error","log":"/logs/plugins/a/amazing-rd-responsive-gallery/error.json"}
,
{"message":"Uncaught Exception: ошибка в запросе: INSERT INTO `wp_asc_log` (`time`, `error`, `success`, `info`, `supplier_id`) VALUES ('2025-05-02 14:59:29', 'ошибка в запросе: CREATE TABLE IF NOT EXISTS `wp_asc_currencies` (\r","level":"FATAL","type":"PHP","test":"asyncify-boot","plugin":"amazing-rd-responsive-gallery","details":"[02-May-2025 14:59:29 UTC] PHP Fatal error:  Uncaught Exception: ошибка в запросе: INSERT INTO `wp_asc_log` (`time`, `error`, `success`, `info`, `supplier_id`) VALUES ('2025-05-02 14:59:29', 'ошибка в запросе: CREATE TABLE IF NOT EXISTS `wp_asc_currencies` (\r\n  \t\t\t\t`supplier_id` int(10) UNSIGNED NOT NULL,\r\n  \t\t\t\t`name` varchar(3) COLLATE utf8mb4_unicode_ci NOT NULL,\r\n  \t\t\t\t`rate` float NOT NULL,\r\n  \t\t\t\tUNIQUE KEY `supplier_id` (`supplier_id`,`name`),\r\n  \t\t\t\tCONSTRAINT `wp_asc_currencies_ibfk_1` FOREIGN KEY (`supplier_id`) REFERENCES `wp_asc_suppliers` (`supplier_id`) ON DELETE CASCADE                                             \r\n\t\t\t) ENGINE=InnoDB DEFAULT CHARSET=utf8mb4 COLLATE=utf8mb4_unicode_ci;', '', '', NULL) in /wordpress/wp-content/plugins/advanced-store-control-for-woocommerce/traits/model.php:63\nStack trace:\n#0 /wordpress/wp-content/plugins/advanced-store-control-for-woocommerce/models/log.php(39): ASC\\Models\\Model_Log->query('INSERT INTO `wp...')\n#1 /wordpress/wp-content/plugins/advanced-store-control-for-woocommerce/controllers/log.php(84): ASC\\Models\\Model_Log->create('2025-05-02 14:5...', 'NULL', Array)\n#2 /wordpress/wp-content/plugins/advanced-store-control-for-woocommerce/controllers/log.php(126): ASC\\Controllers\\Controller_Log->save(Array)\n#3 /wordpress/wp-content/plugins/advanced-store-control-for-woocommerce/controllers/log.php(105): ASC\\Controllers\\Controller_Log->set_error('\\xD0\\xBE\\xD1\\x88\\xD0\\xB8\\xD0\\xB1\\xD0\\xBA\\xD0\\xB0 \\xD0\\xB2...')\n#4 [internal function]: ASC\\Controllers\\Controller_Log::exception(Object(Exception))\n#5 {main}\n  thrown in /wordpress/wp-content/plugins/advanced-store-control-for-woocommerce/traits/model.php on line 63","log":"/logs/plugins/a/amazing-rd-responsive-gallery/error.json"}
,
{"message":"SQLSTATE[23000]: Integrity constraint violation: 19 NOT NULL constraint failed: _mysql_data_types_cache.mysql_type.","level":"FATAL","type":"SQL","test":"asyncify-boot","plugin":"amazing-rd-responsive-gallery","details":"[02-May-2025 14:59:37 UTC] WordPress database error <div style=\"clear:both\">&nbsp;</div>\n<div class=\"queries\" style=\"clear:both;margin-bottom:2px;border:red dotted thin;\">\n<p>MySQL query:</p>\n<p>CREATE TABLE IF NOT EXISTS `wp_asc_currencies` (\r\n  \t\t\t\t`supplier_id` int(10) UNSIGNED NOT NULL,\r\n  \t\t\t\t`name` varchar(3) COLLATE utf8mb4_unicode_ci NOT NULL,\r\n  \t\t\t\t`rate` float NOT NULL,\r\n  \t\t\t\tUNIQUE KEY `supplier_id` (`supplier_id`,`name`),\r\n  \t\t\t\tCONSTRAINT `wp_asc_currencies_ibfk_1` FOREIGN KEY (`supplier_id`) REFERENCES `wp_asc_suppliers` (`supplier_id`) ON DELETE CASCADE                                             \r\n\t\t\t) ENGINE=InnoDB DEFAULT CHARSET=utf8mb4 COLLATE=utf8mb4_unicode_ci;</p>\n<p>Queries made or created this session were:</p>\n<ol>\n<li>Executing: BEGIN | (no parameters)</li>\n<li>Executing: INSERT INTO _mysql_data_types_cache (`table`, `column_or_index`, `mysql_type`)\n\t\t\t\tVALUES (:table, :column, :datatype)\n\t\t\t\tON CONFLICT(`table`, `column_or_index`) DO UPDATE SET `mysql_type` = :datatype\n\t\t\t | parameters: wp_asc_currencies, supplier_id, int(10) UNSIGNED</li>\n<li>Executing: INSERT INTO _mysql_data_types_cache (`table`, `column_or_index`, `mysql_type`)\n\t\t\t\tVALUES (:table, :column, :datatype)\n\t\t\t\tON CONFLICT(`table`, `column_or_index`) DO UPDATE SET `mysql_type` = :datatype\n\t\t\t | parameters: wp_asc_currencies, name, varchar(3)</li>\n<li>Executing: INSERT INTO _mysql_data_types_cache (`table`, `column_or_index`, `mysql_type`)\n\t\t\t\tVALUES (:table, :column, :datatype)\n\t\t\t\tON CONFLICT(`table`, `column_or_index`) DO UPDATE SET `mysql_type` = :datatype\n\t\t\t | parameters: wp_asc_currencies, rate, float</li>\n<li>Executing: CREATE TABLE IF NOT EXISTS &quot;wp_asc_currencies&quot; (\n&quot;supplier_id&quot; integer NOT NULL ON CONFLICT REPLACE DEFAULT 0,\n&quot;name&quot; text NOT NULL ON CONFLICT REPLACE DEFAULT '' COLLATE NOCASE,\n&quot;rate&quot; real NOT NULL ON CONFLICT REPLACE DEFAULT 0) | (no parameters)</li>\n<li>Executing: CREATE UNIQUE  INDEX IF NOT EXISTS &quot;wp_asc_currencies__supplier_id&quot; ON &quot;wp_asc_currencies&quot; (&quot;supplier_id&quot;, &quot;name&quot;) | (no parameters)</li>\n<li>Executing: INSERT INTO _mysql_data_types_cache (`table`, `column_or_index`, `mysql_type`)\n\t\t\t\tVALUES (:table, :column, :datatype)\n\t\t\t\tON CONFLICT(`table`, `column_or_index`) DO UPDATE SET `mysql_type` = :datatype\n\t\t\t | parameters: wp_asc_currencies, wp_asc_currencies__supplier_id, UNIQUE</li>\n<li>Executing: CREATE  INDEX IF NOT EXISTS &quot;wp_asc_currencies__&quot; ON &quot;wp_asc_currencies&quot; (&quot;&quot;) | (no parameters)</li>\n<li>Executing: INSERT INTO _mysql_data_types_cache (`table`, `column_or_index`, `mysql_type`)\n\t\t\t\tVALUES (:table, :column, :datatype)\n\t\t\t\tON CONFLICT(`table`, `column_or_index`) DO UPDATE SET `mysql_type` = :datatype\n\t\t\t | parameters: wp_asc_currencies, wp_asc_currencies__, </li>\n<li>Executing: ROLLBACK | (no parameters)</li>\n</ol>\n</div>\n<div style=\"clear:both;margin-bottom:2px;border:red dotted thin;\" class=\"error_message\" style=\"border-bottom:dotted blue thin;\">\nError occurred at line 4117 in Function <code>handle_error</code>. Error message was: SQLSTATE[23000]: Integrity constraint violation: 19 NOT NULL constraint failed: _mysql_data_types_cache.mysql_type.\n</div>\n<p>Backtrace:</p>\n<pre>#0 /internal/shared/sqlite-database-integration/wp-includes/sqlite/class-wp-sqlite-db.php(287): WP_SQLite_Translator->get_error_message()\n#1 /wordpress/wp-content/plugins/advanced-store-control-for-woocommerce/traits/model.php(57): WP_SQLite_DB->query('CREATE TABLE IF...')\n#2 /wordpress/wp-content/plugins/advanced-store-control-for-woocommerce/models/tables.php(96): ASC\\Models\\Model_Tables->query('CREATE TABLE IF...')\n#3 /wordpress/wp-content/plugins/advanced-store-control-for-woocommerce/controllers/hooks.php(52): ASC\\Models\\Model_Tables->create()\n#4 /wordpress/wp-includes/class-wp-hook.php(324): ASC\\Controllers\\Controller_Hooks->activate(false)\n#5 /wordpress/wp-includes/class-wp-hook.php(348): WP_Hook->apply_filters('', Array)\n#6 /wordpress/wp-includes/plugin.php(517): WP_Hook->do_action(Array)\n#7 /wordpress/wp-admin/includes/plugin.php(703): do_action('activate_advanc...', false)\n#8 /internal/eval.php(20): activate_plugin('advanced-store-...')\n#9 {main}</pre>\n for query CREATE TABLE IF NOT EXISTS `wp_asc_currencies` (\r\n  \t\t\t\t`supplier_id` int(10) UNSIGNED NOT NULL,\r\n  \t\t\t\t`name` varchar(3) COLLATE utf8mb4_unicode_ci NOT NULL,\r\n  \t\t\t\t`rate` float NOT NULL,\r\n  \t\t\t\tUNIQUE KEY `supplier_id` (`supplier_id`,`name`),\r\n  \t\t\t\tCONSTRAINT `wp_asc_currencies_ibfk_1` FOREIGN KEY (`supplier_id`) REFERENCES `wp_asc_suppliers` (`supplier_id`) ON DELETE CASCADE                                             \r\n\t\t\t) ENGINE=InnoDB DEFAULT CHARSET=utf8mb4 COLLATE=utf8mb4_unicode_ci; made by activate_plugin, do_action('activate_advanced-store-control-for-woocommerce/advanced-store-control.php'), WP_Hook->do_action, WP_Hook->apply_filters, ASC\\Controllers\\Controller_Hooks->activate, ASC\\Models\\Model_Tables->create, ASC\\Models\\Model_Tables->query, WP_SQLite_DB->query, WP_SQLite_DB->print_error","log":"/logs/plugins/a/amazing-rd-responsive-gallery/error.json"}
,
{"message":"SQLSTATE[HY000]: General error: 1 no such table: wp_asc_log.","level":"FATAL","type":"SQL","test":"asyncify-boot","plugin":"amazing-rd-responsive-gallery","details":"[02-May-2025 14:59:37 UTC] WordPress database error <div style=\"clear:both\">&nbsp;</div>\n<div class=\"queries\" style=\"clear:both;margin-bottom:2px;border:red dotted thin;\">\n<p>MySQL query:</p>\n<p>INSERT INTO `wp_asc_log` (`time`, `error`, `success`, `info`, `supplier_id`) VALUES ('2025-05-02 14:59:37', 'ошибка в запросе: CREATE TABLE IF NOT EXISTS `wp_asc_currencies` (\r\n  \t\t\t\t`supplier_id` int(10) UNSIGNED NOT NULL,\r\n  \t\t\t\t`name` varchar(3) COLLATE utf8mb4_unicode_ci NOT NULL,\r\n  \t\t\t\t`rate` float NOT NULL,\r\n  \t\t\t\tUNIQUE KEY `supplier_id` (`supplier_id`,`name`),\r\n  \t\t\t\tCONSTRAINT `wp_asc_currencies_ibfk_1` FOREIGN KEY (`supplier_id`) REFERENCES `wp_asc_suppliers` (`supplier_id`) ON DELETE CASCADE                                             \r\n\t\t\t) ENGINE=InnoDB DEFAULT CHARSET=utf8mb4 COLLATE=utf8mb4_unicode_ci;', '', '', NULL)</p>\n<p>Queries made or created this session were:</p>\n<ol>\n<li>Executing: BEGIN | (no parameters)</li>\n<li>Executing: INSERT INTO `wp_asc_log` (`time`, `error`, `success`, `info`, `supplier_id`) VALUES (:param0 , :param1 , :param2 , :param3 , NULL) | parameters: 2025-05-02 14:59:37, ошибка в запросе: CREATE TABLE IF NOT EXISTS `wp_asc_currencies` (\r\n  \t\t\t\t`supplier_id` int(10) UNSIGNED NOT NULL,\r\n  \t\t\t\t`name` varchar(3) COLLATE utf8mb4_unicode_ci NOT NULL,\r\n  \t\t\t\t`rate` float NOT NULL,\r\n  \t\t\t\tUNIQUE KEY `supplier_id` (`supplier_id`,`name`),\r\n  \t\t\t\tCONSTRAINT `wp_asc_currencies_ibfk_1` FOREIGN KEY (`supplier_id`) REFERENCES `wp_asc_suppliers` (`supplier_id`) ON DELETE CASCADE                                             \r\n\t\t\t) ENGINE=InnoDB DEFAULT CHARSET=utf8mb4 COLLATE=utf8mb4_unicode_ci;, , </li>\n<li>Executing: ROLLBACK | (no parameters)</li>\n</ol>\n</div>\n<div style=\"clear:both;margin-bottom:2px;border:red dotted thin;\" class=\"error_message\" style=\"border-bottom:dotted blue thin;\">\nError occurred at line 4117 in Function <code>handle_error</code>. Error message was: SQLSTATE[HY000]: General error: 1 no such table: wp_asc_log.\n</div>\n<p>Backtrace:</p>\n<pre>#0 /internal/shared/sqlite-database-integration/wp-includes/sqlite/class-wp-sqlite-db.php(287): WP_SQLite_Translator->get_error_message()\n#1 /wordpress/wp-content/plugins/advanced-store-control-for-woocommerce/traits/model.php(57): WP_SQLite_DB->query('INSERT INTO `wp...')\n#2 /wordpress/wp-content/plugins/advanced-store-control-for-woocommerce/models/log.php(39): ASC\\Models\\Model_Log->query('INSERT INTO `wp...')\n#3 /wordpress/wp-content/plugins/advanced-store-control-for-woocommerce/controllers/log.php(84): ASC\\Models\\Model_Log->create('2025-05-02 14:5...', 'NULL', Array)\n#4 /wordpress/wp-content/plugins/advanced-store-control-for-woocommerce/controllers/log.php(126): ASC\\Controllers\\Controller_Log->save(Array)\n#5 /wordpress/wp-content/plugins/advanced-store-control-for-woocommerce/controllers/log.php(105): ASC\\Controllers\\Controller_Log->set_error('\\xD0\\xBE\\xD1\\x88\\xD0\\xB8\\xD0\\xB1\\xD0\\xBA\\xD0\\xB0 \\xD0\\xB2...')\n#6 [internal function]: ASC\\Controllers\\Controller_Log::exception(Object(Exception))\n#7 {main}</pre>\n for query INSERT INTO `wp_asc_log` (`time`, `error`, `success`, `info`, `supplier_id`) VALUES ('2025-05-02 14:59:37', 'ошибка в запросе: CREATE TABLE IF NOT EXISTS `wp_asc_currencies` (\r\n  \t\t\t\t`supplier_id` int(10) UNSIGNED NOT NULL,\r\n  \t\t\t\t`name` varchar(3) COLLATE utf8mb4_unicode_ci NOT NULL,\r\n  \t\t\t\t`rate` float NOT NULL,\r\n  \t\t\t\tUNIQUE KEY `supplier_id` (`supplier_id`,`name`),\r\n  \t\t\t\tCONSTRAINT `wp_asc_currencies_ibfk_1` FOREIGN KEY (`supplier_id`) REFERENCES `wp_asc_suppliers` (`supplier_id`) ON DELETE CASCADE                                             \r\n\t\t\t) ENGINE=InnoDB DEFAULT CHARSET=utf8mb4 COLLATE=utf8mb4_unicode_ci;', '', '', NULL) made by ASC\\Controllers\\Controller_Log::exception, ASC\\Controllers\\Controller_Log->set_error, ASC\\Controllers\\Controller_Log->save, ASC\\Models\\Model_Log->create, ASC\\Models\\Model_Log->query, WP_SQLite_DB->query, WP_SQLite_DB->print_error","log":"/logs/plugins/a/amazing-rd-responsive-gallery/error.json"}
,
{"message":"Uncaught Exception: ошибка в запросе: INSERT INTO `wp_asc_log` (`time`, `error`, `success`, `info`, `supplier_id`) VALUES ('2025-05-02 14:59:37', 'ошибка в запросе: CREATE TABLE IF NOT EXISTS `wp_asc_currencies` (\r","level":"FATAL","type":"PHP","test":"asyncify-boot","plugin":"amazing-rd-responsive-gallery","details":"[02-May-2025 14:59:37 UTC] PHP Fatal error:  Uncaught Exception: ошибка в запросе: INSERT INTO `wp_asc_log` (`time`, `error`, `success`, `info`, `supplier_id`) VALUES ('2025-05-02 14:59:37', 'ошибка в запросе: CREATE TABLE IF NOT EXISTS `wp_asc_currencies` (\r\n  \t\t\t\t`supplier_id` int(10) UNSIGNED NOT NULL,\r\n  \t\t\t\t`name` varchar(3) COLLATE utf8mb4_unicode_ci NOT NULL,\r\n  \t\t\t\t`rate` float NOT NULL,\r\n  \t\t\t\tUNIQUE KEY `supplier_id` (`supplier_id`,`name`),\r\n  \t\t\t\tCONSTRAINT `wp_asc_currencies_ibfk_1` FOREIGN KEY (`supplier_id`) REFERENCES `wp_asc_suppliers` (`supplier_id`) ON DELETE CASCADE                                             \r\n\t\t\t) ENGINE=InnoDB DEFAULT CHARSET=utf8mb4 COLLATE=utf8mb4_unicode_ci;', '', '', NULL) in /wordpress/wp-content/plugins/advanced-store-control-for-woocommerce/traits/model.php:63\nStack trace:\n#0 /wordpress/wp-content/plugins/advanced-store-control-for-woocommerce/models/log.php(39): ASC\\Models\\Model_Log->query('INSERT INTO `wp...')\n#1 /wordpress/wp-content/plugins/advanced-store-control-for-woocommerce/controllers/log.php(84): ASC\\Models\\Model_Log->create('2025-05-02 14:5...', 'NULL', Array)\n#2 /wordpress/wp-content/plugins/advanced-store-control-for-woocommerce/controllers/log.php(126): ASC\\Controllers\\Controller_Log->save(Array)\n#3 /wordpress/wp-content/plugins/advanced-store-control-for-woocommerce/controllers/log.php(105): ASC\\Controllers\\Controller_Log->set_error('\\xD0\\xBE\\xD1\\x88\\xD0\\xB8\\xD0\\xB1\\xD0\\xBA\\xD0\\xB0 \\xD0\\xB2...')\n#4 [internal function]: ASC\\Controllers\\Controller_Log::exception(Object(Exception))\n#5 {main}\n  thrown in /wordpress/wp-content/plugins/advanced-store-control-for-woocommerce/traits/model.php on line 63","log":"/logs/plugins/a/amazing-rd-responsive-gallery/error.json"}
,
{"message":"Required parameter $namespace follows optional parameter $directories in /wordpress/wp-content/plugins/amazing-rd-responsive-gallery/lib/autoload.php on line 163","level":"DEPRECATED","type":"PHP","test":"asyncify-boot","plugin":"amazing-rd-responsive-gallery","details":"[02-May-2025 15:00:37 UTC] PHP Deprecated:  Required parameter $namespace follows optional parameter $directories in /wordpress/wp-content/plugins/amazing-rd-responsive-gallery/lib/autoload.php on line 163","log":"/logs/plugins/a/amazing-rd-responsive-gallery/error.json"}
,
{"message":"Uncaught Error: Cannot call constructor in /wordpress/wp-content/plugins/amazing-rd-responsive-gallery/lib/classes/metabox.php:30","level":"FATAL","type":"PHP","test":"asyncify-boot","plugin":"amazing-rd-responsive-gallery","details":"[02-May-2025 15:00:37 UTC] PHP Fatal error:  Uncaught Error: Cannot call constructor in /wordpress/wp-content/plugins/amazing-rd-responsive-gallery/lib/classes/metabox.php:30\nStack trace:\n#0 /wordpress/wp-content/plugins/amazing-rd-responsive-gallery/amaz-rd-gallery.php(89): VP_Metabox->__construct(Array)\n#1 /wordpress/wp-admin/includes/plugin.php(2387): include_once('/wordpress/wp-c...')\n#2 /wordpress/wp-admin/includes/plugin.php(673): plugin_sandbox_scrape('amazing-rd-resp...')\n#3 /internal/eval.php(20): activate_plugin('amazing-rd-resp...')\n#4 {main}\n  thrown in /wordpress/wp-content/plugins/amazing-rd-responsive-gallery/lib/classes/metabox.php on line 30","log":"/logs/plugins/a/amazing-rd-responsive-gallery/error.json"}
,
{"message":"Required parameter $namespace follows optional parameter $directories in /wordpress/wp-content/plugins/amazing-rd-responsive-gallery/lib/autoload.php on line 163","level":"DEPRECATED","type":"PHP","test":"asyncify-boot","plugin":"amazing-rd-responsive-gallery","details":"[02-May-2025 15:00:46 UTC] PHP Deprecated:  Required parameter $namespace follows optional parameter $directories in /wordpress/wp-content/plugins/amazing-rd-responsive-gallery/lib/autoload.php on line 163","log":"/logs/plugins/a/amazing-rd-responsive-gallery/error.json"}
,
{"message":"Uncaught Error: Cannot call constructor in /wordpress/wp-content/plugins/amazing-rd-responsive-gallery/lib/classes/metabox.php:30","level":"FATAL","type":"PHP","test":"asyncify-boot","plugin":"amazing-rd-responsive-gallery","details":"[02-May-2025 15:00:46 UTC] PHP Fatal error:  Uncaught Error: Cannot call constructor in /wordpress/wp-content/plugins/amazing-rd-responsive-gallery/lib/classes/metabox.php:30\nStack trace:\n#0 /wordpress/wp-content/plugins/amazing-rd-responsive-gallery/amaz-rd-gallery.php(89): VP_Metabox->__construct(Array)\n#1 /wordpress/wp-admin/includes/plugin.php(2387): include_once('/wordpress/wp-c...')\n#2 /wordpress/wp-admin/includes/plugin.php(673): plugin_sandbox_scrape('amazing-rd-resp...')\n#3 /internal/eval.php(20): activate_plugin('amazing-rd-resp...')\n#4 {main}\n  thrown in /wordpress/wp-content/plugins/amazing-rd-responsive-gallery/lib/classes/metabox.php on line 30\n\n    at Object.onBind (file:///home/runner/work/playground-tester/playground-tester/node_modules/@wp-playground/cli/index.js:237:15)\n    at process.processTicksAndRejections (node:internal/process/task_queues:105:5)\n    at async V (file:///home/runner/work/playground-tester/playground-tester/node_modules/@wp-playground/cli/index.js:64:10)\n    at async ja (file:///home/runner/work/playground-tester/playground-tester/node_modules/@wp-playground/cli/cli.js:8161:12) {\n  [cause]: Error: Error when executing the blueprint step #1 ({\"step\":\"installPlugin\",\"pluginData\":{\"resource\":\"wordpress.org/plugins\",\"slug\":\"amazing-rd-responsive-gallery\"},\"options\":{\"activate\":true}}) : PHP.run() failed with exit code 255 and the following output: \n      at Object.run (file:///home/runner/work/playground-tester/playground-tester/node_modules/@wp-playground/blueprints/index.js:12449:19)\n      at process.processTicksAndRejections (node:internal/process/task_queues:105:5)\n      at async ms (file:///home/runner/work/playground-tester/playground-tester/node_modules/@wp-playground/blueprints/index.js:12552:3)\n      ... 2 lines matching cause stack trace ...\n      at async ja (file:///home/runner/work/playground-tester/playground-tester/node_modules/@wp-playground/cli/cli.js:8161:12) {\n    [cause]: PHPExecutionFailureError: PHP.run() failed with exit code 255 and the following output: \n        at PHP.run (file:///home/runner/work/playground-tester/playground-tester/node_modules/@php-wasm/universal/index.js:987:19)\n        at process.processTicksAndRejections (node:internal/process/task_queues:105:5)\n        at async wr (file:///home/runner/work/playground-tester/playground-tester/node_modules/@wp-playground/blueprints/index.js:33:39)\n        at async Object.gt [as installPlugin] (file:///home/runner/work/playground-tester/playground-tester/node_modules/@wp-playground/blueprints/index.js:974:42)\n        at async g (file:///home/runner/work/playground-tester/playground-tester/node_modules/@wp-playground/blueprints/index.js:12517:30)\n        at async Object.run (file:///home/runner/work/playground-tester/playground-tester/node_modules/@wp-playground/blueprints/index.js:12446:23)\n        at async ms (file:///home/runner/work/playground-tester/playground-tester/node_modules/@wp-playground/blueprints/index.js:12552:3)\n        at async Object.onBind (file:///home/runner/work/playground-tester/playground-tester/node_modules/@wp-playground/cli/index.js:227:48)\n        at async V (file:///home/runner/work/playground-tester/playground-tester/node_modules/@wp-playground/cli/index.js:64:10)\n        at async ja (file:///home/runner/work/playground-tester/playground-tester/node_modules/@wp-playground/cli/cli.js:8161:12) {\n      response: PHPResponse {\n        httpStatusCode: 500,\n        headers: {\n          'x-powered-by': [ 'PHP/8.0.30-dev' ],\n          'content-type': [ 'text/html; charset=UTF-8' ]\n        },\n        bytes: Uint8Array(0) [],\n        exitCode: 255,\n        errors: ''\n      },\n      source: 'request'\n    }\n  }\n}\n\n","log":"/logs/plugins/a/amazing-rd-responsive-gallery/error.json"}
]
