[
{"message":"file:///home/runner/work/playground-tester/playground-tester/node_modules/@wp-playground/cli/run-cli-j-geJYS3.js:325\n        throw new Error($, { cause: h });\n              ^\n","level":"FATAL","type":"PLAYGROUND","test":"jspi-boot","plugin":"rss-thumbs-widget","details":"file:///home/runner/work/playground-tester/playground-tester/node_modules/@wp-playground/cli/run-cli-j-geJYS3.js:325\n        throw new Error($, { cause: h });\n              ^\n","log":"/tmp/tmp.wQZRDAzQTW"}
,
{"message":"Function wp_register_style was called <strong>incorrectly</strong>. Scripts and styles should not be registered or enqueued until the <code>wp_enqueue_scripts</code>, <code>admin_enqueue_scripts</code>, or <code>login_enqueue_scripts</code> hooks. This notice was triggered by the <code>magn-qrcode-admin-css-all</code> handle. Please see <a href=\"https://developer.wordpress.org/advanced-administration/debug/debug-wordpress/\">Debugging in WordPress</a> for more information. (This message was added in version 3.3.0.) in /wordpress/wp-includes/functions.php on line 6121","level":"NOTICE","type":"PHP","test":"jspi-boot","plugin":"rss-thumbs-widget","details":"[05-Jul-2025 05:52:09 UTC] PHP Notice:  Function wp_register_style was called <strong>incorrectly</strong>. Scripts and styles should not be registered or enqueued until the <code>wp_enqueue_scripts</code>, <code>admin_enqueue_scripts</code>, or <code>login_enqueue_scripts</code> hooks. This notice was triggered by the <code>magn-qrcode-admin-css-all</code> handle. Please see <a href=\"https://developer.wordpress.org/advanced-administration/debug/debug-wordpress/\">Debugging in WordPress</a> for more information. (This message was added in version 3.3.0.) in /wordpress/wp-includes/functions.php on line 6121","log":"/logs/plugins/r/rss-thumbs-widget/error.json"}
,
{"message":"Allowed memory size of 268435456 bytes exhausted (tried to allocate 262144 bytes) in /wordpress/wp-includes/class-wp-block-parser.php on line 69","level":"FATAL","type":"PHP","test":"jspi-boot","plugin":"rss-thumbs-widget","details":"[05-Jul-2025 05:52:21 UTC] PHP Fatal error:  Allowed memory size of 268435456 bytes exhausted (tried to allocate 262144 bytes) in /wordpress/wp-includes/class-wp-block-parser.php on line 69","log":"/logs/plugins/r/rss-thumbs-widget/error.json"}
,
{"message":"Allowed memory size of 268435456 bytes exhausted (tried to allocate 262144 bytes) in /wordpress/wp-includes/load.php on line 437","level":"FATAL","type":"PHP","test":"jspi-boot","plugin":"rss-thumbs-widget","details":"[05-Jul-2025 05:52:21 UTC] PHP Fatal error:  Allowed memory size of 268435456 bytes exhausted (tried to allocate 262144 bytes) in /wordpress/wp-includes/load.php on line 437","log":"/logs/plugins/r/rss-thumbs-widget/error.json"}
,
{"message":"Function wp_register_style was called <strong>incorrectly</strong>. Scripts and styles should not be registered or enqueued until the <code>wp_enqueue_scripts</code>, <code>admin_enqueue_scripts</code>, or <code>login_enqueue_scripts</code> hooks. This notice was triggered by the <code>magn-qrcode-admin-css-all</code> handle. Please see <a href=\"https://developer.wordpress.org/advanced-administration/debug/debug-wordpress/\">Debugging in WordPress</a> for more information. (This message was added in version 3.3.0.) in /wordpress/wp-includes/functions.php on line 6121","level":"NOTICE","type":"PHP","test":"jspi-boot","plugin":"rss-thumbs-widget","details":"[05-Jul-2025 05:52:31 UTC] PHP Notice:  Function wp_register_style was called <strong>incorrectly</strong>. Scripts and styles should not be registered or enqueued until the <code>wp_enqueue_scripts</code>, <code>admin_enqueue_scripts</code>, or <code>login_enqueue_scripts</code> hooks. This notice was triggered by the <code>magn-qrcode-admin-css-all</code> handle. Please see <a href=\"https://developer.wordpress.org/advanced-administration/debug/debug-wordpress/\">Debugging in WordPress</a> for more information. (This message was added in version 3.3.0.) in /wordpress/wp-includes/functions.php on line 6121","log":"/logs/plugins/r/rss-thumbs-widget/error.json"}
,
{"message":"Allowed memory size of 268435456 bytes exhausted (tried to allocate 262144 bytes) in /wordpress/wp-includes/class-wp-block-parser.php on line 69","level":"FATAL","type":"PHP","test":"jspi-boot","plugin":"rss-thumbs-widget","details":"[05-Jul-2025 05:52:44 UTC] PHP Fatal error:  Allowed memory size of 268435456 bytes exhausted (tried to allocate 262144 bytes) in /wordpress/wp-includes/class-wp-block-parser.php on line 69","log":"/logs/plugins/r/rss-thumbs-widget/error.json"}
,
{"message":"Allowed memory size of 268435456 bytes exhausted (tried to allocate 262144 bytes) in /wordpress/wp-includes/load.php on line 437","level":"FATAL","type":"PHP","test":"jspi-boot","plugin":"rss-thumbs-widget","details":"[05-Jul-2025 05:52:44 UTC] PHP Fatal error:  Allowed memory size of 268435456 bytes exhausted (tried to allocate 262144 bytes) in /wordpress/wp-includes/load.php on line 437","log":"/logs/plugins/r/rss-thumbs-widget/error.json"}
,
{"message":"Function wp_register_style was called <strong>incorrectly</strong>. Scripts and styles should not be registered or enqueued until the <code>wp_enqueue_scripts</code>, <code>admin_enqueue_scripts</code>, or <code>login_enqueue_scripts</code> hooks. This notice was triggered by the <code>magn-qrcode-admin-css-all</code> handle. Please see <a href=\"https://developer.wordpress.org/advanced-administration/debug/debug-wordpress/\">Debugging in WordPress</a> for more information. (This message was added in version 3.3.0.) in /wordpress/wp-includes/functions.php on line 6121","level":"NOTICE","type":"PHP","test":"jspi-boot","plugin":"rss-thumbs-widget","details":"[05-Jul-2025 05:52:53 UTC] PHP Notice:  Function wp_register_style was called <strong>incorrectly</strong>. Scripts and styles should not be registered or enqueued until the <code>wp_enqueue_scripts</code>, <code>admin_enqueue_scripts</code>, or <code>login_enqueue_scripts</code> hooks. This notice was triggered by the <code>magn-qrcode-admin-css-all</code> handle. Please see <a href=\"https://developer.wordpress.org/advanced-administration/debug/debug-wordpress/\">Debugging in WordPress</a> for more information. (This message was added in version 3.3.0.) in /wordpress/wp-includes/functions.php on line 6121","log":"/logs/plugins/r/rss-thumbs-widget/error.json"}
,
{"message":"Allowed memory size of 268435456 bytes exhausted (tried to allocate 262144 bytes) in /wordpress/wp-includes/class-wp-block-parser.php on line 69","level":"FATAL","type":"PHP","test":"jspi-boot","plugin":"rss-thumbs-widget","details":"[05-Jul-2025 05:53:06 UTC] PHP Fatal error:  Allowed memory size of 268435456 bytes exhausted (tried to allocate 262144 bytes) in /wordpress/wp-includes/class-wp-block-parser.php on line 69","log":"/logs/plugins/r/rss-thumbs-widget/error.json"}
,
{"message":"Allowed memory size of 268435456 bytes exhausted (tried to allocate 262144 bytes) in /wordpress/wp-includes/load.php on line 437","level":"FATAL","type":"PHP","test":"jspi-boot","plugin":"rss-thumbs-widget","details":"[05-Jul-2025 05:53:06 UTC] PHP Fatal error:  Allowed memory size of 268435456 bytes exhausted (tried to allocate 262144 bytes) in /wordpress/wp-includes/load.php on line 437","log":"/logs/plugins/r/rss-thumbs-widget/error.json"}
,
{"message":"curl_setopt(): CURLOPT_SSL_VERIFYHOST no longer accepts the value 1, value 2 will be used instead in /wordpress/wp-content/plugins/paypal-digital-goods-monetization-powered-by-cleeng/php/classes/Client.php on line 541","level":"NOTICE","type":"PHP","test":"jspi-boot","plugin":"rss-thumbs-widget","details":"[05-Jul-2025 05:53:15 UTC] PHP Notice:  curl_setopt(): CURLOPT_SSL_VERIFYHOST no longer accepts the value 1, value 2 will be used instead in /wordpress/wp-content/plugins/paypal-digital-goods-monetization-powered-by-cleeng/php/classes/Client.php on line 541","log":"/logs/plugins/r/rss-thumbs-widget/error.json"}
,
{"message":"Uncaught CleengClientException: Authorization error (404). in /wordpress/wp-content/plugins/paypal-digital-goods-monetization-powered-by-cleeng/php/classes/Client.php:557","level":"FATAL","type":"PHP","test":"jspi-boot","plugin":"rss-thumbs-widget","details":"[05-Jul-2025 05:53:16 UTC] PHP Fatal error:  Uncaught CleengClientException: Authorization error (404). in /wordpress/wp-content/plugins/paypal-digital-goods-monetization-powered-by-cleeng/php/classes/Client.php:557\nStack trace:\n#0 /wordpress/wp-content/plugins/paypal-digital-goods-monetization-powered-by-cleeng/php/classes/Client.php(891): Cleeng_Client->callApi('registerClientA...', Array)\n#1 /wordpress/wp-content/plugins/paypal-digital-goods-monetization-powered-by-cleeng/php/classes/Installer.php(115): Cleeng_Client->registerClientApp('My WordPress We...', 'Automatically c...', 'http://127.0.0....')\n#2 /wordpress/wp-content/plugins/paypal-digital-goods-monetization-powered-by-cleeng/php/classes/Core.php(126): Cleeng_Installer->register_client_app()\n#3 /wordpress/wp-content/plugins/paypal-digital-goods-monetization-powered-by-cleeng/cleengWP.php(28): Cleeng_Core->setup()\n#4 /wordpress/wp-admin/includes/plugin.php(2387): include_once('/wordpress/wp-c...')\n#5 /wordpress/wp-admin/includes/plugin.php(673): plugin_sandbox_scrape('paypal-digital-...')\n#6 /internal/eval.php(20): activate_plugin('paypal-digital-...')\n#7 {main}\n  thrown in /wordpress/wp-content/plugins/paypal-digital-goods-monetization-powered-by-cleeng/php/classes/Client.php on line 557","log":"/logs/plugins/r/rss-thumbs-widget/error.json"}
,
{"message":"curl_setopt(): CURLOPT_SSL_VERIFYHOST no longer accepts the value 1, value 2 will be used instead in /wordpress/wp-content/plugins/paypal-digital-goods-monetization-powered-by-cleeng/php/classes/Client.php on line 541","level":"NOTICE","type":"PHP","test":"jspi-boot","plugin":"rss-thumbs-widget","details":"[05-Jul-2025 05:53:25 UTC] PHP Notice:  curl_setopt(): CURLOPT_SSL_VERIFYHOST no longer accepts the value 1, value 2 will be used instead in /wordpress/wp-content/plugins/paypal-digital-goods-monetization-powered-by-cleeng/php/classes/Client.php on line 541","log":"/logs/plugins/r/rss-thumbs-widget/error.json"}
,
{"message":"Uncaught CleengClientException: Authorization error (404). in /wordpress/wp-content/plugins/paypal-digital-goods-monetization-powered-by-cleeng/php/classes/Client.php:557","level":"FATAL","type":"PHP","test":"jspi-boot","plugin":"rss-thumbs-widget","details":"[05-Jul-2025 05:53:26 UTC] PHP Fatal error:  Uncaught CleengClientException: Authorization error (404). in /wordpress/wp-content/plugins/paypal-digital-goods-monetization-powered-by-cleeng/php/classes/Client.php:557\nStack trace:\n#0 /wordpress/wp-content/plugins/paypal-digital-goods-monetization-powered-by-cleeng/php/classes/Client.php(891): Cleeng_Client->callApi('registerClientA...', Array)\n#1 /wordpress/wp-content/plugins/paypal-digital-goods-monetization-powered-by-cleeng/php/classes/Installer.php(115): Cleeng_Client->registerClientApp('My WordPress We...', 'Automatically c...', 'http://127.0.0....')\n#2 /wordpress/wp-content/plugins/paypal-digital-goods-monetization-powered-by-cleeng/php/classes/Core.php(126): Cleeng_Installer->register_client_app()\n#3 /wordpress/wp-content/plugins/paypal-digital-goods-monetization-powered-by-cleeng/cleengWP.php(28): Cleeng_Core->setup()\n#4 /wordpress/wp-admin/includes/plugin.php(2387): include_once('/wordpress/wp-c...')\n#5 /wordpress/wp-admin/includes/plugin.php(673): plugin_sandbox_scrape('paypal-digital-...')\n#6 /internal/eval.php(20): activate_plugin('paypal-digital-...')\n#7 {main}\n  thrown in /wordpress/wp-content/plugins/paypal-digital-goods-monetization-powered-by-cleeng/php/classes/Client.php on line 557","log":"/logs/plugins/r/rss-thumbs-widget/error.json"}
,
{"message":"curl_setopt(): CURLOPT_SSL_VERIFYHOST no longer accepts the value 1, value 2 will be used instead in /wordpress/wp-content/plugins/paypal-digital-goods-monetization-powered-by-cleeng/php/classes/Client.php on line 541","level":"NOTICE","type":"PHP","test":"jspi-boot","plugin":"rss-thumbs-widget","details":"[05-Jul-2025 05:53:35 UTC] PHP Notice:  curl_setopt(): CURLOPT_SSL_VERIFYHOST no longer accepts the value 1, value 2 will be used instead in /wordpress/wp-content/plugins/paypal-digital-goods-monetization-powered-by-cleeng/php/classes/Client.php on line 541","log":"/logs/plugins/r/rss-thumbs-widget/error.json"}
,
{"message":"Uncaught CleengClientException: Authorization error (404). in /wordpress/wp-content/plugins/paypal-digital-goods-monetization-powered-by-cleeng/php/classes/Client.php:557","level":"FATAL","type":"PHP","test":"jspi-boot","plugin":"rss-thumbs-widget","details":"[05-Jul-2025 05:53:36 UTC] PHP Fatal error:  Uncaught CleengClientException: Authorization error (404). in /wordpress/wp-content/plugins/paypal-digital-goods-monetization-powered-by-cleeng/php/classes/Client.php:557\nStack trace:\n#0 /wordpress/wp-content/plugins/paypal-digital-goods-monetization-powered-by-cleeng/php/classes/Client.php(891): Cleeng_Client->callApi('registerClientA...', Array)\n#1 /wordpress/wp-content/plugins/paypal-digital-goods-monetization-powered-by-cleeng/php/classes/Installer.php(115): Cleeng_Client->registerClientApp('My WordPress We...', 'Automatically c...', 'http://127.0.0....')\n#2 /wordpress/wp-content/plugins/paypal-digital-goods-monetization-powered-by-cleeng/php/classes/Core.php(126): Cleeng_Installer->register_client_app()\n#3 /wordpress/wp-content/plugins/paypal-digital-goods-monetization-powered-by-cleeng/cleengWP.php(28): Cleeng_Core->setup()\n#4 /wordpress/wp-admin/includes/plugin.php(2387): include_once('/wordpress/wp-c...')\n#5 /wordpress/wp-admin/includes/plugin.php(673): plugin_sandbox_scrape('paypal-digital-...')\n#6 /internal/eval.php(20): activate_plugin('paypal-digital-...')\n#7 {main}\n  thrown in /wordpress/wp-content/plugins/paypal-digital-goods-monetization-powered-by-cleeng/php/classes/Client.php on line 557","log":"/logs/plugins/r/rss-thumbs-widget/error.json"}
,
{"message":"Uncaught ArgumentCountError: Too few arguments to function WP_Widget::__construct(), 0 passed in /wordpress/wp-includes/class-wp-widget-factory.php on line 62 and at least 2 expected in /wordpress/wp-includes/class-wp-widget.php:163","level":"FATAL","type":"PHP","test":"jspi-boot","plugin":"rss-thumbs-widget","details":"[05-Jul-2025 05:53:45 UTC] PHP Fatal error:  Uncaught ArgumentCountError: Too few arguments to function WP_Widget::__construct(), 0 passed in /wordpress/wp-includes/class-wp-widget-factory.php on line 62 and at least 2 expected in /wordpress/wp-includes/class-wp-widget.php:163\nStack trace:\n#0 /wordpress/wp-includes/class-wp-widget-factory.php(62): WP_Widget->__construct()\n#1 /wordpress/wp-includes/widgets.php(123): WP_Widget_Factory->register('pcfcc_Widget')\n#2 /wordpress/wp-content/plugins/pcf-christmas-countdown/core/pcfcc-widget.php(3): register_widget('pcfcc_Widget')\n#3 /wordpress/wp-includes/class-wp-hook.php(324): wpshout_register_widgets('')\n#4 /wordpress/wp-includes/class-wp-hook.php(348): WP_Hook->apply_filters(NULL, Array)\n#5 /wordpress/wp-includes/plugin.php(517): WP_Hook->do_action(Array)\n#6 /wordpress/wp-includes/widgets.php(1870): do_action('widgets_init')\n#7 /wordpress/wp-includes/class-wp-hook.php(324): wp_widgets_init('')\n#8 /wordpress/wp-includes/class-wp-hook.php(348): WP_Hook->apply_filters(NULL, Array)\n#9 /wordpress/wp-includes/plugin.php(517): WP_Hook->do_action(Array)\n#10 /wordpress/wp-settings.php(727): do_action('init')\n#11 /wordpress/wp-config.php(102): require_once('/wordpress/wp-s...')\n#12 /wordpress/wp-load.php(50): require_once('/wordpress/wp-c...')\n#13 /internal/eval.php(3): require_once('/wordpress/wp-l...')\n#14 {main}\n  thrown in /wordpress/wp-includes/class-wp-widget.php on line 163","log":"/logs/plugins/r/rss-thumbs-widget/error.json"}
,
{"message":"Uncaught ArgumentCountError: Too few arguments to function WP_Widget::__construct(), 0 passed in /wordpress/wp-includes/class-wp-widget-factory.php on line 62 and at least 2 expected in /wordpress/wp-includes/class-wp-widget.php:163","level":"FATAL","type":"PHP","test":"jspi-boot","plugin":"rss-thumbs-widget","details":"[05-Jul-2025 05:53:55 UTC] PHP Fatal error:  Uncaught ArgumentCountError: Too few arguments to function WP_Widget::__construct(), 0 passed in /wordpress/wp-includes/class-wp-widget-factory.php on line 62 and at least 2 expected in /wordpress/wp-includes/class-wp-widget.php:163\nStack trace:\n#0 /wordpress/wp-includes/class-wp-widget-factory.php(62): WP_Widget->__construct()\n#1 /wordpress/wp-includes/widgets.php(123): WP_Widget_Factory->register('pcfcc_Widget')\n#2 /wordpress/wp-content/plugins/pcf-christmas-countdown/core/pcfcc-widget.php(3): register_widget('pcfcc_Widget')\n#3 /wordpress/wp-includes/class-wp-hook.php(324): wpshout_register_widgets('')\n#4 /wordpress/wp-includes/class-wp-hook.php(348): WP_Hook->apply_filters(NULL, Array)\n#5 /wordpress/wp-includes/plugin.php(517): WP_Hook->do_action(Array)\n#6 /wordpress/wp-includes/widgets.php(1870): do_action('widgets_init')\n#7 /wordpress/wp-includes/class-wp-hook.php(324): wp_widgets_init('')\n#8 /wordpress/wp-includes/class-wp-hook.php(348): WP_Hook->apply_filters(NULL, Array)\n#9 /wordpress/wp-includes/plugin.php(517): WP_Hook->do_action(Array)\n#10 /wordpress/wp-settings.php(727): do_action('init')\n#11 /wordpress/wp-config.php(102): require_once('/wordpress/wp-s...')\n#12 /wordpress/wp-load.php(50): require_once('/wordpress/wp-c...')\n#13 /internal/eval.php(3): require_once('/wordpress/wp-l...')\n#14 {main}\n  thrown in /wordpress/wp-includes/class-wp-widget.php on line 163","log":"/logs/plugins/r/rss-thumbs-widget/error.json"}
,
{"message":"Uncaught ArgumentCountError: Too few arguments to function WP_Widget::__construct(), 0 passed in /wordpress/wp-includes/class-wp-widget-factory.php on line 62 and at least 2 expected in /wordpress/wp-includes/class-wp-widget.php:163","level":"FATAL","type":"PHP","test":"jspi-boot","plugin":"rss-thumbs-widget","details":"[05-Jul-2025 05:54:04 UTC] PHP Fatal error:  Uncaught ArgumentCountError: Too few arguments to function WP_Widget::__construct(), 0 passed in /wordpress/wp-includes/class-wp-widget-factory.php on line 62 and at least 2 expected in /wordpress/wp-includes/class-wp-widget.php:163\nStack trace:\n#0 /wordpress/wp-includes/class-wp-widget-factory.php(62): WP_Widget->__construct()\n#1 /wordpress/wp-includes/widgets.php(123): WP_Widget_Factory->register('pcfcc_Widget')\n#2 /wordpress/wp-content/plugins/pcf-christmas-countdown/core/pcfcc-widget.php(3): register_widget('pcfcc_Widget')\n#3 /wordpress/wp-includes/class-wp-hook.php(324): wpshout_register_widgets('')\n#4 /wordpress/wp-includes/class-wp-hook.php(348): WP_Hook->apply_filters(NULL, Array)\n#5 /wordpress/wp-includes/plugin.php(517): WP_Hook->do_action(Array)\n#6 /wordpress/wp-includes/widgets.php(1870): do_action('widgets_init')\n#7 /wordpress/wp-includes/class-wp-hook.php(324): wp_widgets_init('')\n#8 /wordpress/wp-includes/class-wp-hook.php(348): WP_Hook->apply_filters(NULL, Array)\n#9 /wordpress/wp-includes/plugin.php(517): WP_Hook->do_action(Array)\n#10 /wordpress/wp-settings.php(727): do_action('init')\n#11 /wordpress/wp-config.php(102): require_once('/wordpress/wp-s...')\n#12 /wordpress/wp-load.php(50): require_once('/wordpress/wp-c...')\n#13 /internal/eval.php(3): require_once('/wordpress/wp-l...')\n#14 {main}\n  thrown in /wordpress/wp-includes/class-wp-widget.php on line 163","log":"/logs/plugins/r/rss-thumbs-widget/error.json"}
,
{"message":"Function _load_textdomain_just_in_time was called <strong>incorrectly</strong>. Translation loading for the <code>qtranslate</code> domain was triggered too early. This is usually an indicator for some code in the plugin or theme running too early. Translations should be loaded at the <code>init</code> action or later. Please see <a href=\"https://developer.wordpress.org/advanced-administration/debug/debug-wordpress/\">Debugging in WordPress</a> for more information. (This message was added in version 6.7.0.) in /wordpress/wp-includes/functions.php on line 6121","level":"NOTICE","type":"PHP","test":"jspi-boot","plugin":"rss-thumbs-widget","details":"[05-Jul-2025 05:55:32 UTC] PHP Notice:  Function _load_textdomain_just_in_time was called <strong>incorrectly</strong>. Translation loading for the <code>qtranslate</code> domain was triggered too early. This is usually an indicator for some code in the plugin or theme running too early. Translations should be loaded at the <code>init</code> action or later. Please see <a href=\"https://developer.wordpress.org/advanced-administration/debug/debug-wordpress/\">Debugging in WordPress</a> for more information. (This message was added in version 6.7.0.) in /wordpress/wp-includes/functions.php on line 6121","log":"/logs/plugins/r/rss-thumbs-widget/error.json"}
,
{"message":"Uncaught TypeError: get_class(): Argument #1 ($object) must be of type object, string given in /wordpress/wp-content/plugins/qtranslate/qtranslate_core.php:759","level":"FATAL","type":"PHP","test":"jspi-boot","plugin":"rss-thumbs-widget","details":"[05-Jul-2025 05:55:32 UTC] PHP Fatal error:  Uncaught TypeError: get_class(): Argument #1 ($object) must be of type object, string given in /wordpress/wp-content/plugins/qtranslate/qtranslate_core.php:759\nStack trace:\n#0 /wordpress/wp-content/plugins/qtranslate/qtranslate_hooks.php(111): qtrans_use('en', 'http://127.0.0....', false)\n#1 /wordpress/wp-includes/class-wp-hook.php(326): qtrans_useCurrentLanguageIfNotFoundUseDefaultLanguage('http://127.0.0....')\n#2 /wordpress/wp-includes/plugin.php(205): WP_Hook->apply_filters('http://127.0.0....', Array)\n#3 /wordpress/wp-includes/option.php(256): apply_filters('option_home', 'http://127.0.0....', 'home')\n#4 /wordpress/wp-content/plugins/qtranslate/qtranslate_core.php(541): get_option('home')\n#5 /wordpress/wp-content/plugins/qtranslate/qtranslate_core.php(146): qtrans_convertURL('?lang=en')\n#6 /wordpress/wp-includes/class-wp-hook.php(324): qtrans_init('')\n#7 /wordpress/wp-includes/class-wp-hook.php(348): WP_Hook->apply_filters(NULL, Array)\n#8 /wordpress/wp-includes/plugin.php(517): WP_Hook->do_action(Array)\n#9 /wordpress/wp-settings.php(578): do_action('plugins_loaded')\n#10 /wordpress/wp-config.php(102): require_once('/wordpress/wp-s...')\n#11 /wordpress/wp-load.php(50): require_once('/wordpress/wp-c...')\n#12 /internal/eval.php(3): require_once('/wordpress/wp-l...')\n#13 {main}\n  thrown in /wordpress/wp-content/plugins/qtranslate/qtranslate_core.php on line 759","log":"/logs/plugins/r/rss-thumbs-widget/error.json"}
,
{"message":"Uncaught TypeError: get_class(): Argument #1 ($object) must be of type object, string given in /wordpress/wp-content/plugins/qtranslate/qtranslate_core.php:759","level":"FATAL","type":"PHP","test":"jspi-boot","plugin":"rss-thumbs-widget","details":"[05-Jul-2025 05:55:32 UTC] PHP Fatal error:  Uncaught TypeError: get_class(): Argument #1 ($object) must be of type object, string given in /wordpress/wp-content/plugins/qtranslate/qtranslate_core.php:759\nStack trace:\n#0 /wordpress/wp-content/plugins/qtranslate/qtranslate_hooks.php(111): qtrans_use('en', 'Error occurred ...', false)\n#1 /wordpress/wp-includes/class-wp-hook.php(326): qtrans_useCurrentLanguageIfNotFoundUseDefaultLanguage('Error occurred ...')\n#2 /wordpress/wp-includes/plugin.php(205): WP_Hook->apply_filters('Error occurred ...', Array)\n#3 /wordpress/wp-includes/l10n.php(207): apply_filters('gettext', 'Error occurred ...', 'Error occurred ...', 'default')\n#4 /wordpress/wp-includes/l10n.php(307): translate('Error occurred ...', 'default')\n#5 /wordpress/wp-includes/class-wp-recovery-mode.php(178): __('Error occurred ...')\n#6 /wordpress/wp-includes/class-wp-fatal-error-handler.php(55): WP_Recovery_Mode->handle_error(Array)\n#7 [internal function]: WP_Fatal_Error_Handler->handle()\n#8 {main}\n  thrown in /wordpress/wp-content/plugins/qtranslate/qtranslate_core.php on line 759","log":"/logs/plugins/r/rss-thumbs-widget/error.json"}
,
{"message":"Function _load_textdomain_just_in_time was called <strong>incorrectly</strong>. Translation loading for the <code>qtranslate</code> domain was triggered too early. This is usually an indicator for some code in the plugin or theme running too early. Translations should be loaded at the <code>init</code> action or later. Please see <a href=\"https://developer.wordpress.org/advanced-administration/debug/debug-wordpress/\">Debugging in WordPress</a> for more information. (This message was added in version 6.7.0.) in /wordpress/wp-includes/functions.php on line 6121","level":"NOTICE","type":"PHP","test":"jspi-boot","plugin":"rss-thumbs-widget","details":"[05-Jul-2025 05:55:43 UTC] PHP Notice:  Function _load_textdomain_just_in_time was called <strong>incorrectly</strong>. Translation loading for the <code>qtranslate</code> domain was triggered too early. This is usually an indicator for some code in the plugin or theme running too early. Translations should be loaded at the <code>init</code> action or later. Please see <a href=\"https://developer.wordpress.org/advanced-administration/debug/debug-wordpress/\">Debugging in WordPress</a> for more information. (This message was added in version 6.7.0.) in /wordpress/wp-includes/functions.php on line 6121","log":"/logs/plugins/r/rss-thumbs-widget/error.json"}
,
{"message":"Uncaught TypeError: get_class(): Argument #1 ($object) must be of type object, string given in /wordpress/wp-content/plugins/qtranslate/qtranslate_core.php:759","level":"FATAL","type":"PHP","test":"jspi-boot","plugin":"rss-thumbs-widget","details":"[05-Jul-2025 05:55:44 UTC] PHP Fatal error:  Uncaught TypeError: get_class(): Argument #1 ($object) must be of type object, string given in /wordpress/wp-content/plugins/qtranslate/qtranslate_core.php:759\nStack trace:\n#0 /wordpress/wp-content/plugins/qtranslate/qtranslate_hooks.php(111): qtrans_use('en', 'http://127.0.0....', false)\n#1 /wordpress/wp-includes/class-wp-hook.php(326): qtrans_useCurrentLanguageIfNotFoundUseDefaultLanguage('http://127.0.0....')\n#2 /wordpress/wp-includes/plugin.php(205): WP_Hook->apply_filters('http://127.0.0....', Array)\n#3 /wordpress/wp-includes/option.php(256): apply_filters('option_home', 'http://127.0.0....', 'home')\n#4 /wordpress/wp-content/plugins/qtranslate/qtranslate_core.php(541): get_option('home')\n#5 /wordpress/wp-content/plugins/qtranslate/qtranslate_core.php(146): qtrans_convertURL('?lang=en')\n#6 /wordpress/wp-includes/class-wp-hook.php(324): qtrans_init('')\n#7 /wordpress/wp-includes/class-wp-hook.php(348): WP_Hook->apply_filters(NULL, Array)\n#8 /wordpress/wp-includes/plugin.php(517): WP_Hook->do_action(Array)\n#9 /wordpress/wp-settings.php(578): do_action('plugins_loaded')\n#10 /wordpress/wp-config.php(102): require_once('/wordpress/wp-s...')\n#11 /wordpress/wp-load.php(50): require_once('/wordpress/wp-c...')\n#12 /internal/eval.php(3): require_once('/wordpress/wp-l...')\n#13 {main}\n  thrown in /wordpress/wp-content/plugins/qtranslate/qtranslate_core.php on line 759","log":"/logs/plugins/r/rss-thumbs-widget/error.json"}
,
{"message":"Uncaught TypeError: get_class(): Argument #1 ($object) must be of type object, string given in /wordpress/wp-content/plugins/qtranslate/qtranslate_core.php:759","level":"FATAL","type":"PHP","test":"jspi-boot","plugin":"rss-thumbs-widget","details":"[05-Jul-2025 05:55:44 UTC] PHP Fatal error:  Uncaught TypeError: get_class(): Argument #1 ($object) must be of type object, string given in /wordpress/wp-content/plugins/qtranslate/qtranslate_core.php:759\nStack trace:\n#0 /wordpress/wp-content/plugins/qtranslate/qtranslate_hooks.php(111): qtrans_use('en', 'Error occurred ...', false)\n#1 /wordpress/wp-includes/class-wp-hook.php(326): qtrans_useCurrentLanguageIfNotFoundUseDefaultLanguage('Error occurred ...')\n#2 /wordpress/wp-includes/plugin.php(205): WP_Hook->apply_filters('Error occurred ...', Array)\n#3 /wordpress/wp-includes/l10n.php(207): apply_filters('gettext', 'Error occurred ...', 'Error occurred ...', 'default')\n#4 /wordpress/wp-includes/l10n.php(307): translate('Error occurred ...', 'default')\n#5 /wordpress/wp-includes/class-wp-recovery-mode.php(178): __('Error occurred ...')\n#6 /wordpress/wp-includes/class-wp-fatal-error-handler.php(55): WP_Recovery_Mode->handle_error(Array)\n#7 [internal function]: WP_Fatal_Error_Handler->handle()\n#8 {main}\n  thrown in /wordpress/wp-content/plugins/qtranslate/qtranslate_core.php on line 759","log":"/logs/plugins/r/rss-thumbs-widget/error.json"}
,
{"message":"Function _load_textdomain_just_in_time was called <strong>incorrectly</strong>. Translation loading for the <code>qtranslate</code> domain was triggered too early. This is usually an indicator for some code in the plugin or theme running too early. Translations should be loaded at the <code>init</code> action or later. Please see <a href=\"https://developer.wordpress.org/advanced-administration/debug/debug-wordpress/\">Debugging in WordPress</a> for more information. (This message was added in version 6.7.0.) in /wordpress/wp-includes/functions.php on line 6121","level":"NOTICE","type":"PHP","test":"jspi-boot","plugin":"rss-thumbs-widget","details":"[05-Jul-2025 05:55:54 UTC] PHP Notice:  Function _load_textdomain_just_in_time was called <strong>incorrectly</strong>. Translation loading for the <code>qtranslate</code> domain was triggered too early. This is usually an indicator for some code in the plugin or theme running too early. Translations should be loaded at the <code>init</code> action or later. Please see <a href=\"https://developer.wordpress.org/advanced-administration/debug/debug-wordpress/\">Debugging in WordPress</a> for more information. (This message was added in version 6.7.0.) in /wordpress/wp-includes/functions.php on line 6121","log":"/logs/plugins/r/rss-thumbs-widget/error.json"}
,
{"message":"Uncaught TypeError: get_class(): Argument #1 ($object) must be of type object, string given in /wordpress/wp-content/plugins/qtranslate/qtranslate_core.php:759","level":"FATAL","type":"PHP","test":"jspi-boot","plugin":"rss-thumbs-widget","details":"[05-Jul-2025 05:55:54 UTC] PHP Fatal error:  Uncaught TypeError: get_class(): Argument #1 ($object) must be of type object, string given in /wordpress/wp-content/plugins/qtranslate/qtranslate_core.php:759\nStack trace:\n#0 /wordpress/wp-content/plugins/qtranslate/qtranslate_hooks.php(111): qtrans_use('en', 'http://127.0.0....', false)\n#1 /wordpress/wp-includes/class-wp-hook.php(326): qtrans_useCurrentLanguageIfNotFoundUseDefaultLanguage('http://127.0.0....')\n#2 /wordpress/wp-includes/plugin.php(205): WP_Hook->apply_filters('http://127.0.0....', Array)\n#3 /wordpress/wp-includes/option.php(256): apply_filters('option_home', 'http://127.0.0....', 'home')\n#4 /wordpress/wp-content/plugins/qtranslate/qtranslate_core.php(541): get_option('home')\n#5 /wordpress/wp-content/plugins/qtranslate/qtranslate_core.php(146): qtrans_convertURL('?lang=en')\n#6 /wordpress/wp-includes/class-wp-hook.php(324): qtrans_init('')\n#7 /wordpress/wp-includes/class-wp-hook.php(348): WP_Hook->apply_filters(NULL, Array)\n#8 /wordpress/wp-includes/plugin.php(517): WP_Hook->do_action(Array)\n#9 /wordpress/wp-settings.php(578): do_action('plugins_loaded')\n#10 /wordpress/wp-config.php(102): require_once('/wordpress/wp-s...')\n#11 /wordpress/wp-load.php(50): require_once('/wordpress/wp-c...')\n#12 /internal/eval.php(3): require_once('/wordpress/wp-l...')\n#13 {main}\n  thrown in /wordpress/wp-content/plugins/qtranslate/qtranslate_core.php on line 759","log":"/logs/plugins/r/rss-thumbs-widget/error.json"}
,
{"message":"Uncaught TypeError: get_class(): Argument #1 ($object) must be of type object, string given in /wordpress/wp-content/plugins/qtranslate/qtranslate_core.php:759","level":"FATAL","type":"PHP","test":"jspi-boot","plugin":"rss-thumbs-widget","details":"[05-Jul-2025 05:55:54 UTC] PHP Fatal error:  Uncaught TypeError: get_class(): Argument #1 ($object) must be of type object, string given in /wordpress/wp-content/plugins/qtranslate/qtranslate_core.php:759\nStack trace:\n#0 /wordpress/wp-content/plugins/qtranslate/qtranslate_hooks.php(111): qtrans_use('en', 'Error occurred ...', false)\n#1 /wordpress/wp-includes/class-wp-hook.php(326): qtrans_useCurrentLanguageIfNotFoundUseDefaultLanguage('Error occurred ...')\n#2 /wordpress/wp-includes/plugin.php(205): WP_Hook->apply_filters('Error occurred ...', Array)\n#3 /wordpress/wp-includes/l10n.php(207): apply_filters('gettext', 'Error occurred ...', 'Error occurred ...', 'default')\n#4 /wordpress/wp-includes/l10n.php(307): translate('Error occurred ...', 'default')\n#5 /wordpress/wp-includes/class-wp-recovery-mode.php(178): __('Error occurred ...')\n#6 /wordpress/wp-includes/class-wp-fatal-error-handler.php(55): WP_Recovery_Mode->handle_error(Array)\n#7 [internal function]: WP_Fatal_Error_Handler->handle()\n#8 {main}\n  thrown in /wordpress/wp-content/plugins/qtranslate/qtranslate_core.php on line 759","log":"/logs/plugins/r/rss-thumbs-widget/error.json"}
,
{"message":"Uncaught Error: Call to undefined function create_function() in /wordpress/wp-content/plugins/qtwit/qTwit.php:75","level":"FATAL","type":"PHP","test":"jspi-boot","plugin":"rss-thumbs-widget","details":"[05-Jul-2025 05:56:27 UTC] PHP Fatal error:  Uncaught Error: Call to undefined function create_function() in /wordpress/wp-content/plugins/qtwit/qTwit.php:75\nStack trace:\n#0 /wordpress/wp-admin/includes/plugin.php(2387): include_once()\n#1 /wordpress/wp-admin/includes/plugin.php(673): plugin_sandbox_scrape('qtwit/qTwit.php')\n#2 /internal/eval.php(20): activate_plugin('qtwit/qTwit.php')\n#3 {main}\n  thrown in /wordpress/wp-content/plugins/qtwit/qTwit.php on line 75","log":"/logs/plugins/r/rss-thumbs-widget/error.json"}
,
{"message":"Uncaught Error: Call to undefined function create_function() in /wordpress/wp-content/plugins/qtwit/qTwit.php:75","level":"FATAL","type":"PHP","test":"jspi-boot","plugin":"rss-thumbs-widget","details":"[05-Jul-2025 05:56:35 UTC] PHP Fatal error:  Uncaught Error: Call to undefined function create_function() in /wordpress/wp-content/plugins/qtwit/qTwit.php:75\nStack trace:\n#0 /wordpress/wp-admin/includes/plugin.php(2387): include_once()\n#1 /wordpress/wp-admin/includes/plugin.php(673): plugin_sandbox_scrape('qtwit/qTwit.php')\n#2 /internal/eval.php(20): activate_plugin('qtwit/qTwit.php')\n#3 {main}\n  thrown in /wordpress/wp-content/plugins/qtwit/qTwit.php on line 75","log":"/logs/plugins/r/rss-thumbs-widget/error.json"}
,
{"message":"Uncaught Error: Call to undefined function create_function() in /wordpress/wp-content/plugins/qtwit/qTwit.php:75","level":"FATAL","type":"PHP","test":"jspi-boot","plugin":"rss-thumbs-widget","details":"[05-Jul-2025 05:56:44 UTC] PHP Fatal error:  Uncaught Error: Call to undefined function create_function() in /wordpress/wp-content/plugins/qtwit/qTwit.php:75\nStack trace:\n#0 /wordpress/wp-admin/includes/plugin.php(2387): include_once()\n#1 /wordpress/wp-admin/includes/plugin.php(673): plugin_sandbox_scrape('qtwit/qTwit.php')\n#2 /internal/eval.php(20): activate_plugin('qtwit/qTwit.php')\n#3 {main}\n  thrown in /wordpress/wp-content/plugins/qtwit/qTwit.php on line 75","log":"/logs/plugins/r/rss-thumbs-widget/error.json"}
,
{"message":"Function wp_enqueue_style was called <strong>incorrectly</strong>. Scripts and styles should not be registered or enqueued until the <code>wp_enqueue_scripts</code>, <code>admin_enqueue_scripts</code>, or <code>login_enqueue_scripts</code> hooks. This notice was triggered by the <code>style.css</code> handle. Please see <a href=\"https://developer.wordpress.org/advanced-administration/debug/debug-wordpress/\">Debugging in WordPress</a> for more information. (This message was added in version 3.3.0.) in /wordpress/wp-includes/functions.php on line 6121","level":"NOTICE","type":"PHP","test":"jspi-boot","plugin":"rss-thumbs-widget","details":"[05-Jul-2025 05:57:54 UTC] PHP Notice:  Function wp_enqueue_style was called <strong>incorrectly</strong>. Scripts and styles should not be registered or enqueued until the <code>wp_enqueue_scripts</code>, <code>admin_enqueue_scripts</code>, or <code>login_enqueue_scripts</code> hooks. This notice was triggered by the <code>style.css</code> handle. Please see <a href=\"https://developer.wordpress.org/advanced-administration/debug/debug-wordpress/\">Debugging in WordPress</a> for more information. (This message was added in version 3.3.0.) in /wordpress/wp-includes/functions.php on line 6121","log":"/logs/plugins/r/rss-thumbs-widget/error.json"}
,
{"message":"Function is_feed was called <strong>incorrectly</strong>. Conditional query tags do not work before the query is run. Before then, they always return false. Please see <a href=\"https://developer.wordpress.org/advanced-administration/debug/debug-wordpress/\">Debugging in WordPress</a> for more information. (This message was added in version 3.1.0.) in /wordpress/wp-includes/functions.php on line 6121","level":"NOTICE","type":"PHP","test":"jspi-boot","plugin":"rss-thumbs-widget","details":"[05-Jul-2025 05:57:54 UTC] PHP Notice:  Function is_feed was called <strong>incorrectly</strong>. Conditional query tags do not work before the query is run. Before then, they always return false. Please see <a href=\"https://developer.wordpress.org/advanced-administration/debug/debug-wordpress/\">Debugging in WordPress</a> for more information. (This message was added in version 3.1.0.) in /wordpress/wp-includes/functions.php on line 6121","log":"/logs/plugins/r/rss-thumbs-widget/error.json"}
,
{"message":"Function wp_enqueue_style was called <strong>incorrectly</strong>. Scripts and styles should not be registered or enqueued until the <code>wp_enqueue_scripts</code>, <code>admin_enqueue_scripts</code>, or <code>login_enqueue_scripts</code> hooks. This notice was triggered by the <code>style.css</code> handle. Please see <a href=\"https://developer.wordpress.org/advanced-administration/debug/debug-wordpress/\">Debugging in WordPress</a> for more information. (This message was added in version 3.3.0.) in /wordpress/wp-includes/functions.php on line 6121","level":"NOTICE","type":"PHP","test":"jspi-boot","plugin":"rss-thumbs-widget","details":"[05-Jul-2025 05:58:04 UTC] PHP Notice:  Function wp_enqueue_style was called <strong>incorrectly</strong>. Scripts and styles should not be registered or enqueued until the <code>wp_enqueue_scripts</code>, <code>admin_enqueue_scripts</code>, or <code>login_enqueue_scripts</code> hooks. This notice was triggered by the <code>style.css</code> handle. Please see <a href=\"https://developer.wordpress.org/advanced-administration/debug/debug-wordpress/\">Debugging in WordPress</a> for more information. (This message was added in version 3.3.0.) in /wordpress/wp-includes/functions.php on line 6121","log":"/logs/plugins/r/rss-thumbs-widget/error.json"}
,
{"message":"Function is_feed was called <strong>incorrectly</strong>. Conditional query tags do not work before the query is run. Before then, they always return false. Please see <a href=\"https://developer.wordpress.org/advanced-administration/debug/debug-wordpress/\">Debugging in WordPress</a> for more information. (This message was added in version 3.1.0.) in /wordpress/wp-includes/functions.php on line 6121","level":"NOTICE","type":"PHP","test":"jspi-boot","plugin":"rss-thumbs-widget","details":"[05-Jul-2025 05:58:04 UTC] PHP Notice:  Function is_feed was called <strong>incorrectly</strong>. Conditional query tags do not work before the query is run. Before then, they always return false. Please see <a href=\"https://developer.wordpress.org/advanced-administration/debug/debug-wordpress/\">Debugging in WordPress</a> for more information. (This message was added in version 3.1.0.) in /wordpress/wp-includes/functions.php on line 6121","log":"/logs/plugins/r/rss-thumbs-widget/error.json"}
,
{"message":"Function wp_enqueue_style was called <strong>incorrectly</strong>. Scripts and styles should not be registered or enqueued until the <code>wp_enqueue_scripts</code>, <code>admin_enqueue_scripts</code>, or <code>login_enqueue_scripts</code> hooks. This notice was triggered by the <code>style.css</code> handle. Please see <a href=\"https://developer.wordpress.org/advanced-administration/debug/debug-wordpress/\">Debugging in WordPress</a> for more information. (This message was added in version 3.3.0.) in /wordpress/wp-includes/functions.php on line 6121","level":"NOTICE","type":"PHP","test":"jspi-boot","plugin":"rss-thumbs-widget","details":"[05-Jul-2025 05:58:13 UTC] PHP Notice:  Function wp_enqueue_style was called <strong>incorrectly</strong>. Scripts and styles should not be registered or enqueued until the <code>wp_enqueue_scripts</code>, <code>admin_enqueue_scripts</code>, or <code>login_enqueue_scripts</code> hooks. This notice was triggered by the <code>style.css</code> handle. Please see <a href=\"https://developer.wordpress.org/advanced-administration/debug/debug-wordpress/\">Debugging in WordPress</a> for more information. (This message was added in version 3.3.0.) in /wordpress/wp-includes/functions.php on line 6121","log":"/logs/plugins/r/rss-thumbs-widget/error.json"}
,
{"message":"Function is_feed was called <strong>incorrectly</strong>. Conditional query tags do not work before the query is run. Before then, they always return false. Please see <a href=\"https://developer.wordpress.org/advanced-administration/debug/debug-wordpress/\">Debugging in WordPress</a> for more information. (This message was added in version 3.1.0.) in /wordpress/wp-includes/functions.php on line 6121","level":"NOTICE","type":"PHP","test":"jspi-boot","plugin":"rss-thumbs-widget","details":"[05-Jul-2025 05:58:13 UTC] PHP Notice:  Function is_feed was called <strong>incorrectly</strong>. Conditional query tags do not work before the query is run. Before then, they always return false. Please see <a href=\"https://developer.wordpress.org/advanced-administration/debug/debug-wordpress/\">Debugging in WordPress</a> for more information. (This message was added in version 3.1.0.) in /wordpress/wp-includes/functions.php on line 6121","log":"/logs/plugins/r/rss-thumbs-widget/error.json"}
,
{"message":"Trying to access array offset on value of type bool in /wordpress/wp-content/plugins/quant/src/Client.php on line 26","level":"WARNING","type":"PHP","test":"jspi-boot","plugin":"rss-thumbs-widget","details":"[05-Jul-2025 05:58:23 UTC] PHP Warning:  Trying to access array offset on value of type bool in /wordpress/wp-content/plugins/quant/src/Client.php on line 26","log":"/logs/plugins/r/rss-thumbs-widget/error.json"}
,
{"message":"Trying to access array offset on value of type bool in /wordpress/wp-content/plugins/quant/src/Client.php on line 27","level":"WARNING","type":"PHP","test":"jspi-boot","plugin":"rss-thumbs-widget","details":"[05-Jul-2025 05:58:23 UTC] PHP Warning:  Trying to access array offset on value of type bool in /wordpress/wp-content/plugins/quant/src/Client.php on line 27","log":"/logs/plugins/r/rss-thumbs-widget/error.json"}
,
{"message":"Trying to access array offset on value of type bool in /wordpress/wp-content/plugins/quant/src/Client.php on line 28","level":"WARNING","type":"PHP","test":"jspi-boot","plugin":"rss-thumbs-widget","details":"[05-Jul-2025 05:58:23 UTC] PHP Warning:  Trying to access array offset on value of type bool in /wordpress/wp-content/plugins/quant/src/Client.php on line 28","log":"/logs/plugins/r/rss-thumbs-widget/error.json"}
,
{"message":"Trying to access array offset on value of type bool in /wordpress/wp-content/plugins/quant/src/Client.php on line 30","level":"WARNING","type":"PHP","test":"jspi-boot","plugin":"rss-thumbs-widget","details":"[05-Jul-2025 05:58:23 UTC] PHP Warning:  Trying to access array offset on value of type bool in /wordpress/wp-content/plugins/quant/src/Client.php on line 30","log":"/logs/plugins/r/rss-thumbs-widget/error.json"}
,
{"message":"Trying to access array offset on value of type bool in /wordpress/wp-content/plugins/quant/src/Client.php on line 31","level":"WARNING","type":"PHP","test":"jspi-boot","plugin":"rss-thumbs-widget","details":"[05-Jul-2025 05:58:23 UTC] PHP Warning:  Trying to access array offset on value of type bool in /wordpress/wp-content/plugins/quant/src/Client.php on line 31","log":"/logs/plugins/r/rss-thumbs-widget/error.json"}
,
{"message":"Trying to access array offset on value of type bool in /wordpress/wp-content/plugins/quant/src/Client.php on line 32","level":"WARNING","type":"PHP","test":"jspi-boot","plugin":"rss-thumbs-widget","details":"[05-Jul-2025 05:58:23 UTC] PHP Warning:  Trying to access array offset on value of type bool in /wordpress/wp-content/plugins/quant/src/Client.php on line 32","log":"/logs/plugins/r/rss-thumbs-widget/error.json"}
,
{"message":"Trying to access array offset on value of type bool in /wordpress/wp-content/plugins/quant/src/Client.php on line 33","level":"WARNING","type":"PHP","test":"jspi-boot","plugin":"rss-thumbs-widget","details":"[05-Jul-2025 05:58:23 UTC] PHP Warning:  Trying to access array offset on value of type bool in /wordpress/wp-content/plugins/quant/src/Client.php on line 33","log":"/logs/plugins/r/rss-thumbs-widget/error.json"}
,
{"message":"Trying to access array offset on value of type bool in /wordpress/wp-content/plugins/quant/src/Client.php on line 34","level":"WARNING","type":"PHP","test":"jspi-boot","plugin":"rss-thumbs-widget","details":"[05-Jul-2025 05:58:23 UTC] PHP Warning:  Trying to access array offset on value of type bool in /wordpress/wp-content/plugins/quant/src/Client.php on line 34","log":"/logs/plugins/r/rss-thumbs-widget/error.json"}
,
{"message":"Trying to access array offset on value of type bool in /wordpress/wp-content/plugins/quant/src/Client.php on line 26","level":"WARNING","type":"PHP","test":"jspi-boot","plugin":"rss-thumbs-widget","details":"[05-Jul-2025 05:58:33 UTC] PHP Warning:  Trying to access array offset on value of type bool in /wordpress/wp-content/plugins/quant/src/Client.php on line 26","log":"/logs/plugins/r/rss-thumbs-widget/error.json"}
,
{"message":"Trying to access array offset on value of type bool in /wordpress/wp-content/plugins/quant/src/Client.php on line 27","level":"WARNING","type":"PHP","test":"jspi-boot","plugin":"rss-thumbs-widget","details":"[05-Jul-2025 05:58:33 UTC] PHP Warning:  Trying to access array offset on value of type bool in /wordpress/wp-content/plugins/quant/src/Client.php on line 27","log":"/logs/plugins/r/rss-thumbs-widget/error.json"}
,
{"message":"Trying to access array offset on value of type bool in /wordpress/wp-content/plugins/quant/src/Client.php on line 28","level":"WARNING","type":"PHP","test":"jspi-boot","plugin":"rss-thumbs-widget","details":"[05-Jul-2025 05:58:33 UTC] PHP Warning:  Trying to access array offset on value of type bool in /wordpress/wp-content/plugins/quant/src/Client.php on line 28","log":"/logs/plugins/r/rss-thumbs-widget/error.json"}
,
{"message":"Trying to access array offset on value of type bool in /wordpress/wp-content/plugins/quant/src/Client.php on line 30","level":"WARNING","type":"PHP","test":"jspi-boot","plugin":"rss-thumbs-widget","details":"[05-Jul-2025 05:58:33 UTC] PHP Warning:  Trying to access array offset on value of type bool in /wordpress/wp-content/plugins/quant/src/Client.php on line 30","log":"/logs/plugins/r/rss-thumbs-widget/error.json"}
,
{"message":"Trying to access array offset on value of type bool in /wordpress/wp-content/plugins/quant/src/Client.php on line 31","level":"WARNING","type":"PHP","test":"jspi-boot","plugin":"rss-thumbs-widget","details":"[05-Jul-2025 05:58:33 UTC] PHP Warning:  Trying to access array offset on value of type bool in /wordpress/wp-content/plugins/quant/src/Client.php on line 31","log":"/logs/plugins/r/rss-thumbs-widget/error.json"}
,
{"message":"Trying to access array offset on value of type bool in /wordpress/wp-content/plugins/quant/src/Client.php on line 32","level":"WARNING","type":"PHP","test":"jspi-boot","plugin":"rss-thumbs-widget","details":"[05-Jul-2025 05:58:33 UTC] PHP Warning:  Trying to access array offset on value of type bool in /wordpress/wp-content/plugins/quant/src/Client.php on line 32","log":"/logs/plugins/r/rss-thumbs-widget/error.json"}
,
{"message":"Trying to access array offset on value of type bool in /wordpress/wp-content/plugins/quant/src/Client.php on line 33","level":"WARNING","type":"PHP","test":"jspi-boot","plugin":"rss-thumbs-widget","details":"[05-Jul-2025 05:58:33 UTC] PHP Warning:  Trying to access array offset on value of type bool in /wordpress/wp-content/plugins/quant/src/Client.php on line 33","log":"/logs/plugins/r/rss-thumbs-widget/error.json"}
,
{"message":"Trying to access array offset on value of type bool in /wordpress/wp-content/plugins/quant/src/Client.php on line 34","level":"WARNING","type":"PHP","test":"jspi-boot","plugin":"rss-thumbs-widget","details":"[05-Jul-2025 05:58:33 UTC] PHP Warning:  Trying to access array offset on value of type bool in /wordpress/wp-content/plugins/quant/src/Client.php on line 34","log":"/logs/plugins/r/rss-thumbs-widget/error.json"}
,
{"message":"Trying to access array offset on value of type bool in /wordpress/wp-content/plugins/quant/src/Client.php on line 26","level":"WARNING","type":"PHP","test":"jspi-boot","plugin":"rss-thumbs-widget","details":"[05-Jul-2025 05:58:43 UTC] PHP Warning:  Trying to access array offset on value of type bool in /wordpress/wp-content/plugins/quant/src/Client.php on line 26","log":"/logs/plugins/r/rss-thumbs-widget/error.json"}
,
{"message":"Trying to access array offset on value of type bool in /wordpress/wp-content/plugins/quant/src/Client.php on line 27","level":"WARNING","type":"PHP","test":"jspi-boot","plugin":"rss-thumbs-widget","details":"[05-Jul-2025 05:58:43 UTC] PHP Warning:  Trying to access array offset on value of type bool in /wordpress/wp-content/plugins/quant/src/Client.php on line 27","log":"/logs/plugins/r/rss-thumbs-widget/error.json"}
,
{"message":"Trying to access array offset on value of type bool in /wordpress/wp-content/plugins/quant/src/Client.php on line 28","level":"WARNING","type":"PHP","test":"jspi-boot","plugin":"rss-thumbs-widget","details":"[05-Jul-2025 05:58:43 UTC] PHP Warning:  Trying to access array offset on value of type bool in /wordpress/wp-content/plugins/quant/src/Client.php on line 28","log":"/logs/plugins/r/rss-thumbs-widget/error.json"}
,
{"message":"Trying to access array offset on value of type bool in /wordpress/wp-content/plugins/quant/src/Client.php on line 30","level":"WARNING","type":"PHP","test":"jspi-boot","plugin":"rss-thumbs-widget","details":"[05-Jul-2025 05:58:43 UTC] PHP Warning:  Trying to access array offset on value of type bool in /wordpress/wp-content/plugins/quant/src/Client.php on line 30","log":"/logs/plugins/r/rss-thumbs-widget/error.json"}
,
{"message":"Trying to access array offset on value of type bool in /wordpress/wp-content/plugins/quant/src/Client.php on line 31","level":"WARNING","type":"PHP","test":"jspi-boot","plugin":"rss-thumbs-widget","details":"[05-Jul-2025 05:58:43 UTC] PHP Warning:  Trying to access array offset on value of type bool in /wordpress/wp-content/plugins/quant/src/Client.php on line 31","log":"/logs/plugins/r/rss-thumbs-widget/error.json"}
,
{"message":"Trying to access array offset on value of type bool in /wordpress/wp-content/plugins/quant/src/Client.php on line 32","level":"WARNING","type":"PHP","test":"jspi-boot","plugin":"rss-thumbs-widget","details":"[05-Jul-2025 05:58:43 UTC] PHP Warning:  Trying to access array offset on value of type bool in /wordpress/wp-content/plugins/quant/src/Client.php on line 32","log":"/logs/plugins/r/rss-thumbs-widget/error.json"}
,
{"message":"Trying to access array offset on value of type bool in /wordpress/wp-content/plugins/quant/src/Client.php on line 33","level":"WARNING","type":"PHP","test":"jspi-boot","plugin":"rss-thumbs-widget","details":"[05-Jul-2025 05:58:43 UTC] PHP Warning:  Trying to access array offset on value of type bool in /wordpress/wp-content/plugins/quant/src/Client.php on line 33","log":"/logs/plugins/r/rss-thumbs-widget/error.json"}
,
{"message":"Trying to access array offset on value of type bool in /wordpress/wp-content/plugins/quant/src/Client.php on line 34","level":"WARNING","type":"PHP","test":"jspi-boot","plugin":"rss-thumbs-widget","details":"[05-Jul-2025 05:58:43 UTC] PHP Warning:  Trying to access array offset on value of type bool in /wordpress/wp-content/plugins/quant/src/Client.php on line 34","log":"/logs/plugins/r/rss-thumbs-widget/error.json"}
,
{"message":"Function _load_textdomain_just_in_time was called <strong>incorrectly</strong>. Translation loading for the <code>real-time-auto-find-and-replace</code> domain was triggered too early. This is usually an indicator for some code in the plugin or theme running too early. Translations should be loaded at the <code>init</code> action or later. Please see <a href=\"https://developer.wordpress.org/advanced-administration/debug/debug-wordpress/\">Debugging in WordPress</a> for more information. (This message was added in version 6.7.0.) in /wordpress/wp-includes/functions.php on line 6121","level":"NOTICE","type":"PHP","test":"jspi-boot","plugin":"rss-thumbs-widget","details":"[05-Jul-2025 05:59:24 UTC] PHP Notice:  Function _load_textdomain_just_in_time was called <strong>incorrectly</strong>. Translation loading for the <code>real-time-auto-find-and-replace</code> domain was triggered too early. This is usually an indicator for some code in the plugin or theme running too early. Translations should be loaded at the <code>init</code> action or later. Please see <a href=\"https://developer.wordpress.org/advanced-administration/debug/debug-wordpress/\">Debugging in WordPress</a> for more information. (This message was added in version 6.7.0.) in /wordpress/wp-includes/functions.php on line 6121","log":"/logs/plugins/r/rss-thumbs-widget/error.json"}
,
{"message":"Function _load_textdomain_just_in_time was called <strong>incorrectly</strong>. Translation loading for the <code>real-time-auto-find-and-replace</code> domain was triggered too early. This is usually an indicator for some code in the plugin or theme running too early. Translations should be loaded at the <code>init</code> action or later. Please see <a href=\"https://developer.wordpress.org/advanced-administration/debug/debug-wordpress/\">Debugging in WordPress</a> for more information. (This message was added in version 6.7.0.) in /wordpress/wp-includes/functions.php on line 6121","level":"NOTICE","type":"PHP","test":"jspi-boot","plugin":"rss-thumbs-widget","details":"[05-Jul-2025 05:59:34 UTC] PHP Notice:  Function _load_textdomain_just_in_time was called <strong>incorrectly</strong>. Translation loading for the <code>real-time-auto-find-and-replace</code> domain was triggered too early. This is usually an indicator for some code in the plugin or theme running too early. Translations should be loaded at the <code>init</code> action or later. Please see <a href=\"https://developer.wordpress.org/advanced-administration/debug/debug-wordpress/\">Debugging in WordPress</a> for more information. (This message was added in version 6.7.0.) in /wordpress/wp-includes/functions.php on line 6121","log":"/logs/plugins/r/rss-thumbs-widget/error.json"}
,
{"message":"Function _load_textdomain_just_in_time was called <strong>incorrectly</strong>. Translation loading for the <code>real-time-auto-find-and-replace</code> domain was triggered too early. This is usually an indicator for some code in the plugin or theme running too early. Translations should be loaded at the <code>init</code> action or later. Please see <a href=\"https://developer.wordpress.org/advanced-administration/debug/debug-wordpress/\">Debugging in WordPress</a> for more information. (This message was added in version 6.7.0.) in /wordpress/wp-includes/functions.php on line 6121","level":"NOTICE","type":"PHP","test":"jspi-boot","plugin":"rss-thumbs-widget","details":"[05-Jul-2025 05:59:44 UTC] PHP Notice:  Function _load_textdomain_just_in_time was called <strong>incorrectly</strong>. Translation loading for the <code>real-time-auto-find-and-replace</code> domain was triggered too early. This is usually an indicator for some code in the plugin or theme running too early. Translations should be loaded at the <code>init</code> action or later. Please see <a href=\"https://developer.wordpress.org/advanced-administration/debug/debug-wordpress/\">Debugging in WordPress</a> for more information. (This message was added in version 6.7.0.) in /wordpress/wp-includes/functions.php on line 6121\n\n    at Object.onBind (file:///home/runner/work/playground-tester/playground-tester/node_modules/@wp-playground/cli/run-cli-j-geJYS3.js:325:15)\n    at process.processTicksAndRejections (node:internal/process/task_queues:105:5)\n    at async re (file:///home/runner/work/playground-tester/playground-tester/node_modules/@wp-playground/cli/run-cli-j-geJYS3.js:149:10) {\n  [cause]: Error: Error when executing the blueprint step #1 ({\"step\":\"installPlugin\",\"pluginData\":{\"resource\":\"wordpress.org/plugins\",\"slug\":\"rss-thumbs-widget\"},\"options\":{\"activate\":true}}) : Plugin /wordpress/wp-content/plugins/rss-thumbs-widget could not be activated  WordPress exited with no error. Sometimes, when $_SERVER or site options are not configured correctly, WordPress exits early with a 301 redirect. Inspect the \"debug\" logs in the console for more details.\n      at Object.run (file:///home/runner/work/playground-tester/playground-tester/node_modules/@wp-playground/blueprints/index.js:12093:19)\n      at process.processTicksAndRejections (node:internal/process/task_queues:105:5)\n      at async ys (file:///home/runner/work/playground-tester/playground-tester/node_modules/@wp-playground/blueprints/index.js:12196:3)\n      at async Object.onBind (file:///home/runner/work/playground-tester/playground-tester/node_modules/@wp-playground/cli/run-cli-j-geJYS3.js:315:48)\n      at async re (file:///home/runner/work/playground-tester/playground-tester/node_modules/@wp-playground/cli/run-cli-j-geJYS3.js:149:10) {\n    [cause]: Error: Plugin /wordpress/wp-content/plugins/rss-thumbs-widget could not be activated  WordPress exited with no error. Sometimes, when $_SERVER or site options are not configured correctly, WordPress exits early with a 301 redirect. Inspect the \"debug\" logs in the console for more details.\n        at wr (file:///home/runner/work/playground-tester/playground-tester/node_modules/@wp-playground/blueprints/index.js:120:51)\n        at process.processTicksAndRejections (node:internal/process/task_queues:105:5)\n        at async Object.gt [as installPlugin] (file:///home/runner/work/playground-tester/playground-tester/node_modules/@wp-playground/blueprints/index.js:631:42)\n        at async g (file:///home/runner/work/playground-tester/playground-tester/node_modules/@wp-playground/blueprints/index.js:12161:30)\n        at async Object.run (file:///home/runner/work/playground-tester/playground-tester/node_modules/@wp-playground/blueprints/index.js:12090:23)\n        at async ys (file:///home/runner/work/playground-tester/playground-tester/node_modules/@wp-playground/blueprints/index.js:12196:3)\n        at async Object.onBind (file:///home/runner/work/playground-tester/playground-tester/node_modules/@wp-playground/cli/run-cli-j-geJYS3.js:315:48)\n        at async re (file:///home/runner/work/playground-tester/playground-tester/node_modules/@wp-playground/cli/run-cli-j-geJYS3.js:149:10)\n  }\n}\n\n","log":"/logs/plugins/r/rss-thumbs-widget/error.json"}
]
