file:///home/runner/work/playground-tester/playground-tester/node_modules/@wp-playground/cli/run-cli-j-geJYS3.js:325
        throw new Error($, { cause: h });
              ^

Error: [24-Jun-2025 02:34:35 UTC] PHP Fatal error:  Uncaught Error: Non-static method Click2client::init() cannot be called statically in /wordpress/wp-content/plugins/wp-click2client/wp-click2client.php:184
Stack trace:
#0 /wordpress/wp-content/plugins/wp-click2client/wp-click2client.php(188): wp_c2client_main()
#1 /wordpress/wp-admin/includes/plugin.php(2387): include_once('/wordpress/wp-c...')
#2 /wordpress/wp-admin/includes/plugin.php(673): plugin_sandbox_scrape('wp-click2client...')
#3 /internal/eval.php(20): activate_plugin('wp-click2client...')
#4 {main}
  thrown in /wordpress/wp-content/plugins/wp-click2client/wp-click2client.php on line 184
[24-Jun-2025 02:34:43 UTC] PHP Fatal error:  Uncaught Error: Non-static method Click2client::init() cannot be called statically in /wordpress/wp-content/plugins/wp-click2client/wp-click2client.php:184
Stack trace:
#0 /wordpress/wp-content/plugins/wp-click2client/wp-click2client.php(188): wp_c2client_main()
#1 /wordpress/wp-admin/includes/plugin.php(2387): include_once('/wordpress/wp-c...')
#2 /wordpress/wp-admin/includes/plugin.php(673): plugin_sandbox_scrape('wp-click2client...')
#3 /internal/eval.php(20): activate_plugin('wp-click2client...')
#4 {main}
  thrown in /wordpress/wp-content/plugins/wp-click2client/wp-click2client.php on line 184
[24-Jun-2025 02:34:51 UTC] PHP Fatal error:  Uncaught Error: Non-static method Click2client::init() cannot be called statically in /wordpress/wp-content/plugins/wp-click2client/wp-click2client.php:184
Stack trace:
#0 /wordpress/wp-content/plugins/wp-click2client/wp-click2client.php(188): wp_c2client_main()
#1 /wordpress/wp-admin/includes/plugin.php(2387): include_once('/wordpress/wp-c...')
#2 /wordpress/wp-admin/includes/plugin.php(673): plugin_sandbox_scrape('wp-click2client...')
#3 /internal/eval.php(20): activate_plugin('wp-click2client...')
#4 {main}
  thrown in /wordpress/wp-content/plugins/wp-click2client/wp-click2client.php on line 184
[24-Jun-2025 02:35:00 UTC] PHP Warning:  Undefined array key "page" in /wordpress/wp-content/plugins/wp-color-scrollbar/inc/color.class.php on line 47
[24-Jun-2025 02:35:01 UTC] PHP Notice:  Function wp_enqueue_script was called <strong>incorrectly</strong>. Scripts and styles should not be registered or enqueued until the <code>wp_enqueue_scripts</code>, <code>admin_enqueue_scripts</code>, or <code>login_enqueue_scripts</code> hooks. This notice was triggered by the <code>soo-color-scrollbar</code> handle. Please see <a href="https://developer.wordpress.org/advanced-administration/debug/debug-wordpress/">Debugging in WordPress</a> for more information. (This message was added in version 3.3.0.) in /wordpress/wp-includes/functions.php on line 6121
[24-Jun-2025 02:35:10 UTC] PHP Warning:  Undefined array key "page" in /wordpress/wp-content/plugins/wp-color-scrollbar/inc/color.class.php on line 47
[24-Jun-2025 02:35:11 UTC] PHP Notice:  Function wp_enqueue_script was called <strong>incorrectly</strong>. Scripts and styles should not be registered or enqueued until the <code>wp_enqueue_scripts</code>, <code>admin_enqueue_scripts</code>, or <code>login_enqueue_scripts</code> hooks. This notice was triggered by the <code>soo-color-scrollbar</code> handle. Please see <a href="https://developer.wordpress.org/advanced-administration/debug/debug-wordpress/">Debugging in WordPress</a> for more information. (This message was added in version 3.3.0.) in /wordpress/wp-includes/functions.php on line 6121
[24-Jun-2025 02:35:19 UTC] PHP Warning:  Undefined array key "page" in /wordpress/wp-content/plugins/wp-color-scrollbar/inc/color.class.php on line 47
[24-Jun-2025 02:35:20 UTC] PHP Notice:  Function wp_enqueue_script was called <strong>incorrectly</strong>. Scripts and styles should not be registered or enqueued until the <code>wp_enqueue_scripts</code>, <code>admin_enqueue_scripts</code>, or <code>login_enqueue_scripts</code> hooks. This notice was triggered by the <code>soo-color-scrollbar</code> handle. Please see <a href="https://developer.wordpress.org/advanced-administration/debug/debug-wordpress/">Debugging in WordPress</a> for more information. (This message was added in version 3.3.0.) in /wordpress/wp-includes/functions.php on line 6121
[24-Jun-2025 02:35:31 UTC] PHP Notice:  Function _load_textdomain_just_in_time was called <strong>incorrectly</strong>. Translation loading for the <code>wpso-sort-order</code> domain was triggered too early. This is usually an indicator for some code in the plugin or theme running too early. Translations should be loaded at the <code>init</code> action or later. Please see <a href="https://developer.wordpress.org/advanced-administration/debug/debug-wordpress/">Debugging in WordPress</a> for more information. (This message was added in version 6.7.0.) in /wordpress/wp-includes/functions.php on line 6121
[24-Jun-2025 02:35:41 UTC] PHP Notice:  Function _load_textdomain_just_in_time was called <strong>incorrectly</strong>. Translation loading for the <code>wpso-sort-order</code> domain was triggered too early. This is usually an indicator for some code in the plugin or theme running too early. Translations should be loaded at the <code>init</code> action or later. Please see <a href="https://developer.wordpress.org/advanced-administration/debug/debug-wordpress/">Debugging in WordPress</a> for more information. (This message was added in version 6.7.0.) in /wordpress/wp-includes/functions.php on line 6121
[24-Jun-2025 02:35:51 UTC] PHP Notice:  Function _load_textdomain_just_in_time was called <strong>incorrectly</strong>. Translation loading for the <code>wpso-sort-order</code> domain was triggered too early. This is usually an indicator for some code in the plugin or theme running too early. Translations should be loaded at the <code>init</code> action or later. Please see <a href="https://developer.wordpress.org/advanced-administration/debug/debug-wordpress/">Debugging in WordPress</a> for more information. (This message was added in version 6.7.0.) in /wordpress/wp-includes/functions.php on line 6121
[24-Jun-2025 02:36:02 UTC] PHP Notice:  Function _load_textdomain_just_in_time was called <strong>incorrectly</strong>. Translation loading for the <code>sponsorship</code> domain was triggered too early. This is usually an indicator for some code in the plugin or theme running too early. Translations should be loaded at the <code>init</code> action or later. Please see <a href="https://developer.wordpress.org/advanced-administration/debug/debug-wordpress/">Debugging in WordPress</a> for more information. (This message was added in version 6.7.0.) in /wordpress/wp-includes/functions.php on line 6121
[24-Jun-2025 02:36:03 UTC] PHP Deprecated:  Required parameter $data_to_save follows optional parameter $object_id in /wordpress/wp-content/plugins/wp-sponsorship/vendor/webdevstudios/cmb2/includes/CMB2.php on line 423
[24-Jun-2025 02:36:14 UTC] PHP Notice:  Function _load_textdomain_just_in_time was called <strong>incorrectly</strong>. Translation loading for the <code>sponsorship</code> domain was triggered too early. This is usually an indicator for some code in the plugin or theme running too early. Translations should be loaded at the <code>init</code> action or later. Please see <a href="https://developer.wordpress.org/advanced-administration/debug/debug-wordpress/">Debugging in WordPress</a> for more information. (This message was added in version 6.7.0.) in /wordpress/wp-includes/functions.php on line 6121
[24-Jun-2025 02:36:14 UTC] PHP Deprecated:  Required parameter $data_to_save follows optional parameter $object_id in /wordpress/wp-content/plugins/wp-sponsorship/vendor/webdevstudios/cmb2/includes/CMB2.php on line 423
[24-Jun-2025 02:36:25 UTC] PHP Notice:  Function _load_textdomain_just_in_time was called <strong>incorrectly</strong>. Translation loading for the <code>sponsorship</code> domain was triggered too early. This is usually an indicator for some code in the plugin or theme running too early. Translations should be loaded at the <code>init</code> action or later. Please see <a href="https://developer.wordpress.org/advanced-administration/debug/debug-wordpress/">Debugging in WordPress</a> for more information. (This message was added in version 6.7.0.) in /wordpress/wp-includes/functions.php on line 6121
[24-Jun-2025 02:36:26 UTC] PHP Deprecated:  Required parameter $data_to_save follows optional parameter $object_id in /wordpress/wp-content/plugins/wp-sponsorship/vendor/webdevstudios/cmb2/includes/CMB2.php on line 423
[24-Jun-2025 02:36:35 UTC] PHP Warning:  require(/wordpress/wp-content/plugins/wp-switch-user/includes/class-ace-wp-switch-user.php): Failed to open stream: No such file or directory in /wordpress/wp-content/plugins/wp-switch-user/ace-wp-switch-user.php on line 67
[24-Jun-2025 02:36:35 UTC] PHP Fatal error:  Uncaught Error: Failed opening required '/wordpress/wp-content/plugins/wp-switch-user/includes/class-ace-wp-switch-user.php' (include_path='.:') in /wordpress/wp-content/plugins/wp-switch-user/ace-wp-switch-user.php:67
Stack trace:
#0 /wordpress/wp-admin/includes/plugin.php(2387): include_once()
#1 /wordpress/wp-admin/includes/plugin.php(673): plugin_sandbox_scrape('wp-switch-user/...')
#2 /internal/eval.php(20): activate_plugin('wp-switch-user/...')
#3 {main}
  thrown in /wordpress/wp-content/plugins/wp-switch-user/ace-wp-switch-user.php on line 67
[24-Jun-2025 02:36:43 UTC] PHP Warning:  require(/wordpress/wp-content/plugins/wp-switch-user/includes/class-ace-wp-switch-user.php): Failed to open stream: No such file or directory in /wordpress/wp-content/plugins/wp-switch-user/ace-wp-switch-user.php on line 67
[24-Jun-2025 02:36:43 UTC] PHP Fatal error:  Uncaught Error: Failed opening required '/wordpress/wp-content/plugins/wp-switch-user/includes/class-ace-wp-switch-user.php' (include_path='.:') in /wordpress/wp-content/plugins/wp-switch-user/ace-wp-switch-user.php:67
Stack trace:
#0 /wordpress/wp-admin/includes/plugin.php(2387): include_once()
#1 /wordpress/wp-admin/includes/plugin.php(673): plugin_sandbox_scrape('wp-switch-user/...')
#2 /internal/eval.php(20): activate_plugin('wp-switch-user/...')
#3 {main}
  thrown in /wordpress/wp-content/plugins/wp-switch-user/ace-wp-switch-user.php on line 67
[24-Jun-2025 02:36:51 UTC] PHP Warning:  require(/wordpress/wp-content/plugins/wp-switch-user/includes/class-ace-wp-switch-user.php): Failed to open stream: No such file or directory in /wordpress/wp-content/plugins/wp-switch-user/ace-wp-switch-user.php on line 67
[24-Jun-2025 02:36:51 UTC] PHP Fatal error:  Uncaught Error: Failed opening required '/wordpress/wp-content/plugins/wp-switch-user/includes/class-ace-wp-switch-user.php' (include_path='.:') in /wordpress/wp-content/plugins/wp-switch-user/ace-wp-switch-user.php:67
Stack trace:
#0 /wordpress/wp-admin/includes/plugin.php(2387): include_once()
#1 /wordpress/wp-admin/includes/plugin.php(673): plugin_sandbox_scrape('wp-switch-user/...')
#2 /internal/eval.php(20): activate_plugin('wp-switch-user/...')
#3 {main}
  thrown in /wordpress/wp-content/plugins/wp-switch-user/ace-wp-switch-user.php on line 67
[24-Jun-2025 02:37:29 UTC] PHP Fatal error:  Uncaught PDOException: SQLSTATE[HY000] [2002] Address family not supported by protocol in /wordpress/wp-content/plugins/wp-xapi-lrs/include/WpUtil.php:43
Stack trace:
#0 /wordpress/wp-content/plugins/wp-xapi-lrs/include/WpUtil.php(43): PDO->__construct('mysql:host=loca...', 'username_here', 'password_here')
#1 /wordpress/wp-content/plugins/wp-xapi-lrs/wp-xapi-lrs.php(27): xapilrs\WpUtil::getCompatiblePdo()
#2 /wordpress/wp-includes/class-wp-hook.php(324): xapilrs_activate(false)
#3 /wordpress/wp-includes/class-wp-hook.php(348): WP_Hook->apply_filters('', Array)
#4 /wordpress/wp-includes/plugin.php(517): WP_Hook->do_action(Array)
#5 /wordpress/wp-admin/includes/plugin.php(703): do_action('activate_wp-xap...', false)
#6 /internal/eval.php(20): activate_plugin('wp-xapi-lrs/wp-...')
#7 {main}
  thrown in /wordpress/wp-content/plugins/wp-xapi-lrs/include/WpUtil.php on line 43
[24-Jun-2025 02:37:38 UTC] PHP Fatal error:  Uncaught PDOException: SQLSTATE[HY000] [2002] Address family not supported by protocol in /wordpress/wp-content/plugins/wp-xapi-lrs/include/WpUtil.php:43
Stack trace:
#0 /wordpress/wp-content/plugins/wp-xapi-lrs/include/WpUtil.php(43): PDO->__construct('mysql:host=loca...', 'username_here', 'password_here')
#1 /wordpress/wp-content/plugins/wp-xapi-lrs/wp-xapi-lrs.php(27): xapilrs\WpUtil::getCompatiblePdo()
#2 /wordpress/wp-includes/class-wp-hook.php(324): xapilrs_activate(false)
#3 /wordpress/wp-includes/class-wp-hook.php(348): WP_Hook->apply_filters('', Array)
#4 /wordpress/wp-includes/plugin.php(517): WP_Hook->do_action(Array)
#5 /wordpress/wp-admin/includes/plugin.php(703): do_action('activate_wp-xap...', false)
#6 /internal/eval.php(20): activate_plugin('wp-xapi-lrs/wp-...')
#7 {main}
  thrown in /wordpress/wp-content/plugins/wp-xapi-lrs/include/WpUtil.php on line 43
[24-Jun-2025 02:37:46 UTC] PHP Fatal error:  Uncaught PDOException: SQLSTATE[HY000] [2002] Address family not supported by protocol in /wordpress/wp-content/plugins/wp-xapi-lrs/include/WpUtil.php:43
Stack trace:
#0 /wordpress/wp-content/plugins/wp-xapi-lrs/include/WpUtil.php(43): PDO->__construct('mysql:host=loca...', 'username_here', 'password_here')
#1 /wordpress/wp-content/plugins/wp-xapi-lrs/wp-xapi-lrs.php(27): xapilrs\WpUtil::getCompatiblePdo()
#2 /wordpress/wp-includes/class-wp-hook.php(324): xapilrs_activate(false)
#3 /wordpress/wp-includes/class-wp-hook.php(348): WP_Hook->apply_filters('', Array)
#4 /wordpress/wp-includes/plugin.php(517): WP_Hook->do_action(Array)
#5 /wordpress/wp-admin/includes/plugin.php(703): do_action('activate_wp-xap...', false)
#6 /internal/eval.php(20): activate_plugin('wp-xapi-lrs/wp-...')
#7 {main}
  thrown in /wordpress/wp-content/plugins/wp-xapi-lrs/include/WpUtil.php on line 43
[24-Jun-2025 02:37:56 UTC] PHP Notice:  Function wp_enqueue_style was called <strong>incorrectly</strong>. Scripts and styles should not be registered or enqueued until the <code>wp_enqueue_scripts</code>, <code>admin_enqueue_scripts</code>, or <code>login_enqueue_scripts</code> hooks. This notice was triggered by the <code>bootstrap-css</code> handle. Please see <a href="https://developer.wordpress.org/advanced-administration/debug/debug-wordpress/">Debugging in WordPress</a> for more information. (This message was added in version 3.3.0.) in /wordpress/wp-includes/functions.php on line 6121
[24-Jun-2025 02:37:56 UTC] PHP Notice:  Function is_feed was called <strong>incorrectly</strong>. Conditional query tags do not work before the query is run. Before then, they always return false. Please see <a href="https://developer.wordpress.org/advanced-administration/debug/debug-wordpress/">Debugging in WordPress</a> for more information. (This message was added in version 3.1.0.) in /wordpress/wp-includes/functions.php on line 6121
[24-Jun-2025 02:37:56 UTC] PHP Notice:  Function wp_enqueue_style was called <strong>incorrectly</strong>. Scripts and styles should not be registered or enqueued until the <code>wp_enqueue_scripts</code>, <code>admin_enqueue_scripts</code>, or <code>login_enqueue_scripts</code> hooks. This notice was triggered by the <code>layout-css</code> handle. Please see <a href="https://developer.wordpress.org/advanced-administration/debug/debug-wordpress/">Debugging in WordPress</a> for more information. (This message was added in version 3.3.0.) in /wordpress/wp-includes/functions.php on line 6121
[24-Jun-2025 02:37:56 UTC] PHP Notice:  Function wp_enqueue_script was called <strong>incorrectly</strong>. Scripts and styles should not be registered or enqueued until the <code>wp_enqueue_scripts</code>, <code>admin_enqueue_scripts</code>, or <code>login_enqueue_scripts</code> hooks. This notice was triggered by the <code>box-js</code> handle. Please see <a href="https://developer.wordpress.org/advanced-administration/debug/debug-wordpress/">Debugging in WordPress</a> for more information. (This message was added in version 3.3.0.) in /wordpress/wp-includes/functions.php on line 6121
[24-Jun-2025 02:38:05 UTC] PHP Notice:  Function wp_enqueue_style was called <strong>incorrectly</strong>. Scripts and styles should not be registered or enqueued until the <code>wp_enqueue_scripts</code>, <code>admin_enqueue_scripts</code>, or <code>login_enqueue_scripts</code> hooks. This notice was triggered by the <code>bootstrap-css</code> handle. Please see <a href="https://developer.wordpress.org/advanced-administration/debug/debug-wordpress/">Debugging in WordPress</a> for more information. (This message was added in version 3.3.0.) in /wordpress/wp-includes/functions.php on line 6121
[24-Jun-2025 02:38:05 UTC] PHP Notice:  Function is_feed was called <strong>incorrectly</strong>. Conditional query tags do not work before the query is run. Before then, they always return false. Please see <a href="https://developer.wordpress.org/advanced-administration/debug/debug-wordpress/">Debugging in WordPress</a> for more information. (This message was added in version 3.1.0.) in /wordpress/wp-includes/functions.php on line 6121
[24-Jun-2025 02:38:05 UTC] PHP Notice:  Function wp_enqueue_style was called <strong>incorrectly</strong>. Scripts and styles should not be registered or enqueued until the <code>wp_enqueue_scripts</code>, <code>admin_enqueue_scripts</code>, or <code>login_enqueue_scripts</code> hooks. This notice was triggered by the <code>layout-css</code> handle. Please see <a href="https://developer.wordpress.org/advanced-administration/debug/debug-wordpress/">Debugging in WordPress</a> for more information. (This message was added in version 3.3.0.) in /wordpress/wp-includes/functions.php on line 6121
[24-Jun-2025 02:38:05 UTC] PHP Notice:  Function wp_enqueue_script was called <strong>incorrectly</strong>. Scripts and styles should not be registered or enqueued until the <code>wp_enqueue_scripts</code>, <code>admin_enqueue_scripts</code>, or <code>login_enqueue_scripts</code> hooks. This notice was triggered by the <code>box-js</code> handle. Please see <a href="https://developer.wordpress.org/advanced-administration/debug/debug-wordpress/">Debugging in WordPress</a> for more information. (This message was added in version 3.3.0.) in /wordpress/wp-includes/functions.php on line 6121
[24-Jun-2025 02:38:15 UTC] PHP Notice:  Function wp_enqueue_style was called <strong>incorrectly</strong>. Scripts and styles should not be registered or enqueued until the <code>wp_enqueue_scripts</code>, <code>admin_enqueue_scripts</code>, or <code>login_enqueue_scripts</code> hooks. This notice was triggered by the <code>bootstrap-css</code> handle. Please see <a href="https://developer.wordpress.org/advanced-administration/debug/debug-wordpress/">Debugging in WordPress</a> for more information. (This message was added in version 3.3.0.) in /wordpress/wp-includes/functions.php on line 6121
[24-Jun-2025 02:38:15 UTC] PHP Notice:  Function is_feed was called <strong>incorrectly</strong>. Conditional query tags do not work before the query is run. Before then, they always return false. Please see <a href="https://developer.wordpress.org/advanced-administration/debug/debug-wordpress/">Debugging in WordPress</a> for more information. (This message was added in version 3.1.0.) in /wordpress/wp-includes/functions.php on line 6121
[24-Jun-2025 02:38:15 UTC] PHP Notice:  Function wp_enqueue_style was called <strong>incorrectly</strong>. Scripts and styles should not be registered or enqueued until the <code>wp_enqueue_scripts</code>, <code>admin_enqueue_scripts</code>, or <code>login_enqueue_scripts</code> hooks. This notice was triggered by the <code>layout-css</code> handle. Please see <a href="https://developer.wordpress.org/advanced-administration/debug/debug-wordpress/">Debugging in WordPress</a> for more information. (This message was added in version 3.3.0.) in /wordpress/wp-includes/functions.php on line 6121
[24-Jun-2025 02:38:15 UTC] PHP Notice:  Function wp_enqueue_script was called <strong>incorrectly</strong>. Scripts and styles should not be registered or enqueued until the <code>wp_enqueue_scripts</code>, <code>admin_enqueue_scripts</code>, or <code>login_enqueue_scripts</code> hooks. This notice was triggered by the <code>box-js</code> handle. Please see <a href="https://developer.wordpress.org/advanced-administration/debug/debug-wordpress/">Debugging in WordPress</a> for more information. (This message was added in version 3.3.0.) in /wordpress/wp-includes/functions.php on line 6121
[24-Jun-2025 02:39:21 UTC] WordPress database error <div style="clear:both">&nbsp;</div>
<div class="queries" style="clear:both;margin-bottom:2px;border:red dotted thin;">
<p>MySQL query:</p>
<p>ALTER TABLE  wp_demobuddy_products 
                    ADD  one_click_demo INT( 1 ) NULL DEFAULT  '0' AFTER  ad_code ;</p>
<p>Queries made or created this session were:</p>
<ol>
<li>Executing: BEGIN IMMEDIATE | (no parameters)</li>
<li>Executing: SELECT 1 FROM sqlite_temp_schema WHERE type = 'table' AND name = ? | parameters: wp_demobuddy_products</li>
<li>Executing: SELECT
					COLUMN_NAME,
					LOWER(COLUMN_NAME) AS COLUMN_NAME_LOWERCASE
				FROM `_wp_sqlite_mysql_information_schema_columns` WHERE table_schema = ? AND table_name = ? | parameters: database_name_here, wp_demobuddy_products</li>
<li>Executing: SELECT 1 FROM sqlite_temp_schema WHERE type = 'table' AND name = ? | parameters: wp_demobuddy_products</li>
<li>Executing: 
				SELECT MAX(ordinal_position)
				FROM `_wp_sqlite_mysql_information_schema_columns`
				WHERE table_schema = ?
				AND table_name = ?
			 | parameters: database_name_here, wp_demobuddy_products</li>
<li>Executing: INSERT INTO `_wp_sqlite_mysql_information_schema_columns` (`table_schema`, `table_name`, `column_name`, `ordinal_position`, `column_default`, `is_nullable`, `data_type`, `character_maximum_length`, `character_octet_length`, `numeric_precision`, `numeric_scale`, `datetime_precision`, `character_set_name`, `collation_name`, `column_type`, `column_key`, `extra`, `privileges`, `column_comment`, `generation_expression`, `srs_id`) VALUES (?, ?, ?, ?, ?, ?, ?, ?, ?, ?, ?, ?, ?, ?, ?, ?, ?, ?, ?, ?, ?) | parameters: database_name_here, wp_demobuddy_products, one_click_demo, 17, 0, YES, int, , , 10, 0, , , , int(1), , , select,insert,update,references, , , </li>
<li>Executing: PRAGMA foreign_keys | (no parameters)</li>
<li>Executing: PRAGMA foreign_keys = OFF | (no parameters)</li>
<li>Executing: 
				SELECT *
				FROM `_wp_sqlite_mysql_information_schema_tables`
				WHERE table_type = 'BASE TABLE'
				AND table_schema = ?
				AND table_name = ?
			 | parameters: database_name_here, wp_demobuddy_products</li>
<li>Executing: SELECT * FROM `_wp_sqlite_mysql_information_schema_columns` WHERE table_schema = ? AND table_name = ? ORDER BY ordinal_position | parameters: database_name_here, wp_demobuddy_products</li>
<li>Executing: 
					SELECT *
					FROM `_wp_sqlite_mysql_information_schema_statistics`
					WHERE table_schema = ?
					AND table_name = ?
					ORDER BY
						INDEX_NAME = 'PRIMARY' DESC,
						NON_UNIQUE = '0' DESC,
						INDEX_TYPE = 'SPATIAL' DESC,
						INDEX_TYPE = 'BTREE' DESC,
						INDEX_TYPE = 'FULLTEXT' DESC,
						ROWID,
						SEQ_IN_INDEX
				 | parameters: database_name_here, wp_demobuddy_products</li>
<li>Executing: CREATE TABLE `_wp_sqlite_tmp_wp_demobuddy_products_685a0fd941ac8` (
  `id` INTEGER NOT NULL PRIMARY KEY AUTOINCREMENT,
  `name` TEXT COLLATE NOCASE NOT NULL,
  `lang` TEXT COLLATE NOCASE,
  `state` INTEGER NOT NULL DEFAULT '0',
  `plugin_url` TEXT COLLATE NOCASE,
  `plugin_url_o` TEXT COLLATE NOCASE,
  `theme_url` TEXT COLLATE NOCASE,
  `theme_url_o` TEXT COLLATE NOCASE,
  `del_after` INTEGER,
  `ar_code` TEXT COLLATE NOCASE,
  `form_style` TEXT COLLATE NOCASE,
  `ad_code` TEXT COLLATE NOCASE,
  `one_click_demo` INTEGER DEFAULT '0',
  `dis_menus` TEXT COLLATE NOCASE,
  `dis_access` TEXT COLLATE NOCASE,
  `date` TEXT COLLATE NOCASE NOT NULL DEFAULT '0000-00-00 00:00:00',
  `one_click_demo` INTEGER DEFAULT '0'
) STRICT | (no parameters)</li>
<li>Executing: ROLLBACK | (no parameters)</li>
</ol>
</div>
<div style="clear:both;margin-bottom:2px;border:red dotted thin;" class="error_message" style="border-bottom:dotted blue thin;">
SQLSTATE[HY000]: General error: 1 duplicate column name: one_click_demo
</div>
<p>Backtrace:</p>
<pre>#0 /internal/shared/sqlite-database-integration/wp-includes/sqlite-ast/class-wp-sqlite-driver.php(683): WP_SQLite_Driver->new_driver_exception('SQLSTATE[HY000]...', 'HY000', Object(PDOException))
#1 /internal/shared/sqlite-database-integration/wp-includes/sqlite/class-wp-sqlite-db.php(491): WP_SQLite_Driver->query('ALTER TABLE  wp...')
#2 /internal/shared/sqlite-database-integration/wp-includes/sqlite/class-wp-sqlite-db.php(432): WP_SQLite_DB->_do_query('ALTER TABLE  wp...')
#3 /wordpress/wp-content/plugins/wp-demo-buddy/admin/model/db.php(55): WP_SQLite_DB->query('ALTER TABLE  wp...')
#4 /wordpress/wp-content/plugins/wp-demo-buddy/DemoBuddy.php(21): DemoBuddy_db_model->create_table()
#5 /wordpress/wp-admin/includes/plugin.php(2387): include_once('/wordpress/wp-c...')
#6 /wordpress/wp-admin/includes/plugin.php(673): plugin_sandbox_scrape('wp-demo-buddy/D...')
#7 /internal/eval.php(20): activate_plugin('wp-demo-buddy/D...')
#8 {main}</pre>
 for query ALTER TABLE  wp_demobuddy_products 
                    ADD  one_click_demo INT( 1 ) NULL DEFAULT  '0' AFTER  ad_code ; made by activate_plugin, plugin_sandbox_scrape, include_once('/plugins/wp-demo-buddy/DemoBuddy.php'), DemoBuddy_db_model->create_table, WP_SQLite_DB->query, WP_SQLite_DB->print_error
[24-Jun-2025 02:39:21 UTC] PHP Fatal error:  Uncaught Error: Non-static method DemoBuddy::get_instance() cannot be called statically in /wordpress/wp-content/plugins/wp-demo-buddy/DemoBuddy.php:28
Stack trace:
#0 /wordpress/wp-admin/includes/plugin.php(2387): include_once()
#1 /wordpress/wp-admin/includes/plugin.php(673): plugin_sandbox_scrape('wp-demo-buddy/D...')
#2 /internal/eval.php(20): activate_plugin('wp-demo-buddy/D...')
#3 {main}
  thrown in /wordpress/wp-content/plugins/wp-demo-buddy/DemoBuddy.php on line 28
[24-Jun-2025 02:39:30 UTC] WordPress database error <div style="clear:both">&nbsp;</div>
<div class="queries" style="clear:both;margin-bottom:2px;border:red dotted thin;">
<p>MySQL query:</p>
<p>ALTER TABLE  wp_demobuddy_products 
                    ADD  one_click_demo INT( 1 ) NULL DEFAULT  '0' AFTER  ad_code ;</p>
<p>Queries made or created this session were:</p>
<ol>
<li>Executing: BEGIN IMMEDIATE | (no parameters)</li>
<li>Executing: SELECT 1 FROM sqlite_temp_schema WHERE type = 'table' AND name = ? | parameters: wp_demobuddy_products</li>
<li>Executing: SELECT
					COLUMN_NAME,
					LOWER(COLUMN_NAME) AS COLUMN_NAME_LOWERCASE
				FROM `_wp_sqlite_mysql_information_schema_columns` WHERE table_schema = ? AND table_name = ? | parameters: database_name_here, wp_demobuddy_products</li>
<li>Executing: SELECT 1 FROM sqlite_temp_schema WHERE type = 'table' AND name = ? | parameters: wp_demobuddy_products</li>
<li>Executing: 
				SELECT MAX(ordinal_position)
				FROM `_wp_sqlite_mysql_information_schema_columns`
				WHERE table_schema = ?
				AND table_name = ?
			 | parameters: database_name_here, wp_demobuddy_products</li>
<li>Executing: INSERT INTO `_wp_sqlite_mysql_information_schema_columns` (`table_schema`, `table_name`, `column_name`, `ordinal_position`, `column_default`, `is_nullable`, `data_type`, `character_maximum_length`, `character_octet_length`, `numeric_precision`, `numeric_scale`, `datetime_precision`, `character_set_name`, `collation_name`, `column_type`, `column_key`, `extra`, `privileges`, `column_comment`, `generation_expression`, `srs_id`) VALUES (?, ?, ?, ?, ?, ?, ?, ?, ?, ?, ?, ?, ?, ?, ?, ?, ?, ?, ?, ?, ?) | parameters: database_name_here, wp_demobuddy_products, one_click_demo, 17, 0, YES, int, , , 10, 0, , , , int(1), , , select,insert,update,references, , , </li>
<li>Executing: ROLLBACK | (no parameters)</li>
</ol>
</div>
<div style="clear:both;margin-bottom:2px;border:red dotted thin;" class="error_message" style="border-bottom:dotted blue thin;">
SQLSTATE[42S21]: Column already exists: 1060 Duplicate column name 'one_click_demo'
</div>
<p>Backtrace:</p>
<pre>#0 /internal/shared/sqlite-database-integration/wp-includes/sqlite-ast/class-wp-sqlite-driver.php(3885): WP_SQLite_Driver->new_driver_exception('SQLSTATE[42S21]...', '42S21')
#1 /internal/shared/sqlite-database-integration/wp-includes/sqlite-ast/class-wp-sqlite-driver.php(681): WP_SQLite_Driver->convert_information_schema_exception(Object(WP_SQLite_Information_Schema_Exception))
#2 /internal/shared/sqlite-database-integration/wp-includes/sqlite/class-wp-sqlite-db.php(491): WP_SQLite_Driver->query('ALTER TABLE  wp...')
#3 /internal/shared/sqlite-database-integration/wp-includes/sqlite/class-wp-sqlite-db.php(432): WP_SQLite_DB->_do_query('ALTER TABLE  wp...')
#4 /wordpress/wp-content/plugins/wp-demo-buddy/admin/model/db.php(55): WP_SQLite_DB->query('ALTER TABLE  wp...')
#5 /wordpress/wp-content/plugins/wp-demo-buddy/DemoBuddy.php(21): DemoBuddy_db_model->create_table()
#6 /wordpress/wp-admin/includes/plugin.php(2387): include_once('/wordpress/wp-c...')
#7 /wordpress/wp-admin/includes/plugin.php(673): plugin_sandbox_scrape('wp-demo-buddy/D...')
#8 /internal/eval.php(20): activate_plugin('wp-demo-buddy/D...')
#9 {main}</pre>
 for query ALTER TABLE  wp_demobuddy_products 
                    ADD  one_click_demo INT( 1 ) NULL DEFAULT  '0' AFTER  ad_code ; made by activate_plugin, plugin_sandbox_scrape, include_once('/plugins/wp-demo-buddy/DemoBuddy.php'), DemoBuddy_db_model->create_table, WP_SQLite_DB->query, WP_SQLite_DB->print_error
[24-Jun-2025 02:39:30 UTC] PHP Fatal error:  Uncaught Error: Non-static method DemoBuddy::get_instance() cannot be called statically in /wordpress/wp-content/plugins/wp-demo-buddy/DemoBuddy.php:28
Stack trace:
#0 /wordpress/wp-admin/includes/plugin.php(2387): include_once()
#1 /wordpress/wp-admin/includes/plugin.php(673): plugin_sandbox_scrape('wp-demo-buddy/D...')
#2 /internal/eval.php(20): activate_plugin('wp-demo-buddy/D...')
#3 {main}
  thrown in /wordpress/wp-content/plugins/wp-demo-buddy/DemoBuddy.php on line 28
[24-Jun-2025 02:39:38 UTC] WordPress database error <div style="clear:both">&nbsp;</div>
<div class="queries" style="clear:both;margin-bottom:2px;border:red dotted thin;">
<p>MySQL query:</p>
<p>ALTER TABLE  wp_demobuddy_products 
                    ADD  one_click_demo INT( 1 ) NULL DEFAULT  '0' AFTER  ad_code ;</p>
<p>Queries made or created this session were:</p>
<ol>
<li>Executing: BEGIN IMMEDIATE | (no parameters)</li>
<li>Executing: SELECT 1 FROM sqlite_temp_schema WHERE type = 'table' AND name = ? | parameters: wp_demobuddy_products</li>
<li>Executing: SELECT
					COLUMN_NAME,
					LOWER(COLUMN_NAME) AS COLUMN_NAME_LOWERCASE
				FROM `_wp_sqlite_mysql_information_schema_columns` WHERE table_schema = ? AND table_name = ? | parameters: database_name_here, wp_demobuddy_products</li>
<li>Executing: SELECT 1 FROM sqlite_temp_schema WHERE type = 'table' AND name = ? | parameters: wp_demobuddy_products</li>
<li>Executing: 
				SELECT MAX(ordinal_position)
				FROM `_wp_sqlite_mysql_information_schema_columns`
				WHERE table_schema = ?
				AND table_name = ?
			 | parameters: database_name_here, wp_demobuddy_products</li>
<li>Executing: INSERT INTO `_wp_sqlite_mysql_information_schema_columns` (`table_schema`, `table_name`, `column_name`, `ordinal_position`, `column_default`, `is_nullable`, `data_type`, `character_maximum_length`, `character_octet_length`, `numeric_precision`, `numeric_scale`, `datetime_precision`, `character_set_name`, `collation_name`, `column_type`, `column_key`, `extra`, `privileges`, `column_comment`, `generation_expression`, `srs_id`) VALUES (?, ?, ?, ?, ?, ?, ?, ?, ?, ?, ?, ?, ?, ?, ?, ?, ?, ?, ?, ?, ?) | parameters: database_name_here, wp_demobuddy_products, one_click_demo, 17, 0, YES, int, , , 10, 0, , , , int(1), , , select,insert,update,references, , , </li>
<li>Executing: ROLLBACK | (no parameters)</li>
</ol>
</div>
<div style="clear:both;margin-bottom:2px;border:red dotted thin;" class="error_message" style="border-bottom:dotted blue thin;">
SQLSTATE[42S21]: Column already exists: 1060 Duplicate column name 'one_click_demo'
</div>
<p>Backtrace:</p>
<pre>#0 /internal/shared/sqlite-database-integration/wp-includes/sqlite-ast/class-wp-sqlite-driver.php(3885): WP_SQLite_Driver->new_driver_exception('SQLSTATE[42S21]...', '42S21')
#1 /internal/shared/sqlite-database-integration/wp-includes/sqlite-ast/class-wp-sqlite-driver.php(681): WP_SQLite_Driver->convert_information_schema_exception(Object(WP_SQLite_Information_Schema_Exception))
#2 /internal/shared/sqlite-database-integration/wp-includes/sqlite/class-wp-sqlite-db.php(491): WP_SQLite_Driver->query('ALTER TABLE  wp...')
#3 /internal/shared/sqlite-database-integration/wp-includes/sqlite/class-wp-sqlite-db.php(432): WP_SQLite_DB->_do_query('ALTER TABLE  wp...')
#4 /wordpress/wp-content/plugins/wp-demo-buddy/admin/model/db.php(55): WP_SQLite_DB->query('ALTER TABLE  wp...')
#5 /wordpress/wp-content/plugins/wp-demo-buddy/DemoBuddy.php(21): DemoBuddy_db_model->create_table()
#6 /wordpress/wp-admin/includes/plugin.php(2387): include_once('/wordpress/wp-c...')
#7 /wordpress/wp-admin/includes/plugin.php(673): plugin_sandbox_scrape('wp-demo-buddy/D...')
#8 /internal/eval.php(20): activate_plugin('wp-demo-buddy/D...')
#9 {main}</pre>
 for query ALTER TABLE  wp_demobuddy_products 
                    ADD  one_click_demo INT( 1 ) NULL DEFAULT  '0' AFTER  ad_code ; made by activate_plugin, plugin_sandbox_scrape, include_once('/plugins/wp-demo-buddy/DemoBuddy.php'), DemoBuddy_db_model->create_table, WP_SQLite_DB->query, WP_SQLite_DB->print_error
[24-Jun-2025 02:39:38 UTC] PHP Fatal error:  Uncaught Error: Non-static method DemoBuddy::get_instance() cannot be called statically in /wordpress/wp-content/plugins/wp-demo-buddy/DemoBuddy.php:28
Stack trace:
#0 /wordpress/wp-admin/includes/plugin.php(2387): include_once()
#1 /wordpress/wp-admin/includes/plugin.php(673): plugin_sandbox_scrape('wp-demo-buddy/D...')
#2 /internal/eval.php(20): activate_plugin('wp-demo-buddy/D...')
#3 {main}
  thrown in /wordpress/wp-content/plugins/wp-demo-buddy/DemoBuddy.php on line 28
[24-Jun-2025 02:40:17 UTC] PHP Fatal error:  Array and string offset access syntax with curly braces is no longer supported in /wordpress/wp-content/plugins/wp-dopplr/wp-dopplr.php on line 1037
[24-Jun-2025 02:40:25 UTC] PHP Fatal error:  Array and string offset access syntax with curly braces is no longer supported in /wordpress/wp-content/plugins/wp-dopplr/wp-dopplr.php on line 1037
[24-Jun-2025 02:40:33 UTC] PHP Fatal error:  Array and string offset access syntax with curly braces is no longer supported in /wordpress/wp-content/plugins/wp-dopplr/wp-dopplr.php on line 1037

    at Object.onBind (file:///home/runner/work/playground-tester/playground-tester/node_modules/@wp-playground/cli/run-cli-j-geJYS3.js:325:15)
    at process.processTicksAndRejections (node:internal/process/task_queues:105:5)
    at async re (file:///home/runner/work/playground-tester/playground-tester/node_modules/@wp-playground/cli/run-cli-j-geJYS3.js:149:10) {
  [cause]: Error: Error when executing the blueprint step #1 ({"step":"installPlugin","pluginData":{"resource":"wordpress.org/plugins","slug":"wp-dopplr"},"options":{"activate":true}}) : PHP.run() failed with exit code 255 and the following output: 
      at Object.run (file:///home/runner/work/playground-tester/playground-tester/node_modules/@wp-playground/blueprints/index.js:12093:19)
      at process.processTicksAndRejections (node:internal/process/task_queues:105:5)
      at async ys (file:///home/runner/work/playground-tester/playground-tester/node_modules/@wp-playground/blueprints/index.js:12196:3)
      at async Object.onBind (file:///home/runner/work/playground-tester/playground-tester/node_modules/@wp-playground/cli/run-cli-j-geJYS3.js:315:48)
      at async re (file:///home/runner/work/playground-tester/playground-tester/node_modules/@wp-playground/cli/run-cli-j-geJYS3.js:149:10) {
    [cause]: PHPExecutionFailureError: PHP.run() failed with exit code 255 and the following output: 
        at PHP.run (file:///home/runner/work/playground-tester/playground-tester/node_modules/@php-wasm/universal/index.js:1034:19)
        at process.processTicksAndRejections (node:internal/process/task_queues:105:5)
        at async wr (file:///home/runner/work/playground-tester/playground-tester/node_modules/@wp-playground/blueprints/index.js:34:39)
        at async Object.gt [as installPlugin] (file:///home/runner/work/playground-tester/playground-tester/node_modules/@wp-playground/blueprints/index.js:631:42)
        at async g (file:///home/runner/work/playground-tester/playground-tester/node_modules/@wp-playground/blueprints/index.js:12161:30)
        at async Object.run (file:///home/runner/work/playground-tester/playground-tester/node_modules/@wp-playground/blueprints/index.js:12090:23)
        at async ys (file:///home/runner/work/playground-tester/playground-tester/node_modules/@wp-playground/blueprints/index.js:12196:3)
        at async Object.onBind (file:///home/runner/work/playground-tester/playground-tester/node_modules/@wp-playground/cli/run-cli-j-geJYS3.js:315:48)
        at async re (file:///home/runner/work/playground-tester/playground-tester/node_modules/@wp-playground/cli/run-cli-j-geJYS3.js:149:10) {
      response: PHPResponse {
        httpStatusCode: 500,
        headers: {
          'x-powered-by': [ 'PHP/8.0.30-dev' ],
          'content-type': [ 'text/html; charset=UTF-8' ]
        },
        bytes: Uint8Array(0) [],
        exitCode: 255,
        errors: ''
      },
      source: 'request'
    }
  }
}

Node.js v23.11.0
