file:///home/runner/work/playground-tester/playground-tester/node_modules/@wp-playground/cli/index.js:237
        throw new Error(y, { cause: u });
              ^

Error: [13-Apr-2025 06:33:57 UTC] WordPress database error <div style="clear:both">&nbsp;</div>
<div class="queries" style="clear:both;margin-bottom:2px;border:red dotted thin;">
<p>MySQL query:</p>
<p>SELECT id FROM wp_export_page_to_html_logs</p>
<p>Queries made or created this session were:</p>
<ol>
<li>Executing: BEGIN | (no parameters)</li>
<li>Executing: SELECT `id` FROM `wp_export_page_to_html_logs` | (no parameters)</li>
<li>Executing: ROLLBACK | (no parameters)</li>
</ol>
</div>
<div style="clear:both;margin-bottom:2px;border:red dotted thin;" class="error_message" style="border-bottom:dotted blue thin;">
SQLSTATE[HY000]: General error: 1 no such table: wp_export_page_to_html_logs
</div>
<p>Backtrace:</p>
<pre>#0 /internal/shared/sqlite-database-integration/wp-includes/sqlite-ast/class-wp-sqlite-driver.php(690): WP_SQLite_Driver->new_driver_exception('SQLSTATE[HY000]...', 0, Object(PDOException))
#1 /internal/shared/sqlite-database-integration/wp-includes/sqlite/class-wp-sqlite-db.php(472): WP_SQLite_Driver->query('SELECT id FROM ...')
#2 /internal/shared/sqlite-database-integration/wp-includes/sqlite/class-wp-sqlite-db.php(413): WP_SQLite_DB->_do_query('SELECT id FROM ...')
#3 /wordpress/wp-includes/class-wpdb.php(3142): WP_SQLite_DB->query('SELECT id FROM ...')
#4 /wordpress/wp-content/plugins/export-wp-page-to-static-html/includes/class-export-wp-page-to-static-html-activator.php(43): wpdb->get_results('SELECT id FROM ...')
#5 /wordpress/wp-content/plugins/export-wp-page-to-static-html/export-wp-page-to-static-html.php(114): Export_Wp_Page_To_Static_Html_Activator::activate()
#6 /wordpress/wp-includes/class-wp-hook.php(324): activate_export_wp_page_to_static_html(false)
#7 /wordpress/wp-includes/class-wp-hook.php(348): WP_Hook->apply_filters(NULL, Array)
#8 /wordpress/wp-includes/plugin.php(517): WP_Hook->do_action(Array)
#9 /wordpress/wp-admin/includes/plugin.php(703): do_action('activate_export...', false)
#10 /internal/eval.php(20): activate_plugin('export-wp-page-...')
#11 {main}</pre>
 for query SELECT id FROM wp_export_page_to_html_logs made by activate_plugin, do_action('activate_export-wp-page-to-static-html/export-wp-page-to-static-html.php'), WP_Hook->do_action, WP_Hook->apply_filters, activate_export_wp_page_to_static_html, Export_Wp_Page_To_Static_Html_Activator::activate, WP_SQLite_DB->query, WP_SQLite_DB->print_error
[13-Apr-2025 06:33:57 UTC] WordPress database error <div style="clear:both">&nbsp;</div>
<div class="queries" style="clear:both;margin-bottom:2px;border:red dotted thin;">
<p>MySQL query:</p>
<p>SELECT id FROM 'wp_export_urls_logs'</p>
<p>Queries made or created this session were:</p>
<ol>
</ol>
</div>
<div style="clear:both;margin-bottom:2px;border:red dotted thin;" class="error_message" style="border-bottom:dotted blue thin;">
Failed to parse the MySQL query.
</div>
<p>Backtrace:</p>
<pre>#0 /internal/shared/sqlite-database-integration/wp-includes/sqlite-ast/class-wp-sqlite-driver.php(690): WP_SQLite_Driver->new_driver_exception('Failed to parse...', 0, Object(WP_SQLite_Driver_Exception))
#1 /internal/shared/sqlite-database-integration/wp-includes/sqlite/class-wp-sqlite-db.php(472): WP_SQLite_Driver->query('SELECT id FROM ...')
#2 /internal/shared/sqlite-database-integration/wp-includes/sqlite/class-wp-sqlite-db.php(413): WP_SQLite_DB->_do_query('SELECT id FROM ...')
#3 /wordpress/wp-includes/class-wpdb.php(3142): WP_SQLite_DB->query('SELECT id FROM ...')
#4 /wordpress/wp-content/plugins/export-wp-page-to-static-html/includes/class-export-wp-page-to-static-html-activator.php(68): wpdb->get_results('SELECT id FROM ...')
#5 /wordpress/wp-content/plugins/export-wp-page-to-static-html/export-wp-page-to-static-html.php(114): Export_Wp_Page_To_Static_Html_Activator::activate()
#6 /wordpress/wp-includes/class-wp-hook.php(324): activate_export_wp_page_to_static_html(false)
#7 /wordpress/wp-includes/class-wp-hook.php(348): WP_Hook->apply_filters(NULL, Array)
#8 /wordpress/wp-includes/plugin.php(517): WP_Hook->do_action(Array)
#9 /wordpress/wp-admin/includes/plugin.php(703): do_action('activate_export...', false)
#10 /internal/eval.php(20): activate_plugin('export-wp-page-...')
#11 {main}</pre>
 for query SELECT id FROM 'wp_export_urls_logs' made by activate_plugin, do_action('activate_export-wp-page-to-static-html/export-wp-page-to-static-html.php'), WP_Hook->do_action, WP_Hook->apply_filters, activate_export_wp_page_to_static_html, Export_Wp_Page_To_Static_Html_Activator::activate, WP_SQLite_DB->query, WP_SQLite_DB->print_error
[13-Apr-2025 06:34:06 UTC] WordPress database error <div style="clear:both">&nbsp;</div>
<div class="queries" style="clear:both;margin-bottom:2px;border:red dotted thin;">
<p>MySQL query:</p>
<p>SELECT id FROM wp_export_page_to_html_logs</p>
<p>Queries made or created this session were:</p>
<ol>
<li>Executing: BEGIN | (no parameters)</li>
<li>Executing: SELECT id FROM wp_export_page_to_html_logs | (no parameters)</li>
<li>Executing: ROLLBACK | (no parameters)</li>
</ol>
</div>
<div style="clear:both;margin-bottom:2px;border:red dotted thin;" class="error_message" style="border-bottom:dotted blue thin;">
Error occurred at line 4117 in Function <code>handle_error</code>. Error message was: SQLSTATE[HY000]: General error: 1 no such table: wp_export_page_to_html_logs.
</div>
<p>Backtrace:</p>
<pre>#0 /internal/shared/sqlite-database-integration/wp-includes/sqlite/class-wp-sqlite-db.php(287): WP_SQLite_Translator->get_error_message()
#1 /wordpress/wp-includes/class-wpdb.php(3142): WP_SQLite_DB->query('SELECT id FROM ...')
#2 /wordpress/wp-content/plugins/export-wp-page-to-static-html/includes/class-export-wp-page-to-static-html-activator.php(43): wpdb->get_results('SELECT id FROM ...')
#3 /wordpress/wp-content/plugins/export-wp-page-to-static-html/export-wp-page-to-static-html.php(114): Export_Wp_Page_To_Static_Html_Activator::activate()
#4 /wordpress/wp-includes/class-wp-hook.php(324): activate_export_wp_page_to_static_html(false)
#5 /wordpress/wp-includes/class-wp-hook.php(348): WP_Hook->apply_filters(NULL, Array)
#6 /wordpress/wp-includes/plugin.php(517): WP_Hook->do_action(Array)
#7 /wordpress/wp-admin/includes/plugin.php(703): do_action('activate_export...', false)
#8 /internal/eval.php(20): activate_plugin('export-wp-page-...')
#9 {main}</pre>
 for query SELECT id FROM wp_export_page_to_html_logs made by activate_plugin, do_action('activate_export-wp-page-to-static-html/export-wp-page-to-static-html.php'), WP_Hook->do_action, WP_Hook->apply_filters, activate_export_wp_page_to_static_html, Export_Wp_Page_To_Static_Html_Activator::activate, WP_SQLite_DB->query, WP_SQLite_DB->print_error
[13-Apr-2025 06:34:06 UTC] WordPress database error <div style="clear:both">&nbsp;</div>
<div class="queries" style="clear:both;margin-bottom:2px;border:red dotted thin;">
<p>MySQL query:</p>
<p>SELECT id FROM 'wp_export_urls_logs'</p>
<p>Queries made or created this session were:</p>
<ol>
<li>Executing: BEGIN | (no parameters)</li>
<li>Executing: SELECT id FROM :param0  | parameters: wp_export_urls_logs</li>
<li>Executing: ROLLBACK | (no parameters)</li>
</ol>
</div>
<div style="clear:both;margin-bottom:2px;border:red dotted thin;" class="error_message" style="border-bottom:dotted blue thin;">
Error occurred at line 4117 in Function <code>handle_error</code>. Error message was: SQLSTATE[HY000]: General error: 1 near ":param0": syntax error.
</div>
<p>Backtrace:</p>
<pre>#0 /internal/shared/sqlite-database-integration/wp-includes/sqlite/class-wp-sqlite-db.php(287): WP_SQLite_Translator->get_error_message()
#1 /wordpress/wp-includes/class-wpdb.php(3142): WP_SQLite_DB->query('SELECT id FROM ...')
#2 /wordpress/wp-content/plugins/export-wp-page-to-static-html/includes/class-export-wp-page-to-static-html-activator.php(68): wpdb->get_results('SELECT id FROM ...')
#3 /wordpress/wp-content/plugins/export-wp-page-to-static-html/export-wp-page-to-static-html.php(114): Export_Wp_Page_To_Static_Html_Activator::activate()
#4 /wordpress/wp-includes/class-wp-hook.php(324): activate_export_wp_page_to_static_html(false)
#5 /wordpress/wp-includes/class-wp-hook.php(348): WP_Hook->apply_filters(NULL, Array)
#6 /wordpress/wp-includes/plugin.php(517): WP_Hook->do_action(Array)
#7 /wordpress/wp-admin/includes/plugin.php(703): do_action('activate_export...', false)
#8 /internal/eval.php(20): activate_plugin('export-wp-page-...')
#9 {main}</pre>
 for query SELECT id FROM 'wp_export_urls_logs' made by activate_plugin, do_action('activate_export-wp-page-to-static-html/export-wp-page-to-static-html.php'), WP_Hook->do_action, WP_Hook->apply_filters, activate_export_wp_page_to_static_html, Export_Wp_Page_To_Static_Html_Activator::activate, WP_SQLite_DB->query, WP_SQLite_DB->print_error
[13-Apr-2025 06:34:15 UTC] WordPress database error <div style="clear:both">&nbsp;</div>
<div class="queries" style="clear:both;margin-bottom:2px;border:red dotted thin;">
<p>MySQL query:</p>
<p>SELECT id FROM wp_export_page_to_html_logs</p>
<p>Queries made or created this session were:</p>
<ol>
<li>Executing: BEGIN | (no parameters)</li>
<li>Executing: SELECT id FROM wp_export_page_to_html_logs | (no parameters)</li>
<li>Executing: ROLLBACK | (no parameters)</li>
</ol>
</div>
<div style="clear:both;margin-bottom:2px;border:red dotted thin;" class="error_message" style="border-bottom:dotted blue thin;">
Error occurred at line 4117 in Function <code>handle_error</code>. Error message was: SQLSTATE[HY000]: General error: 1 no such table: wp_export_page_to_html_logs.
</div>
<p>Backtrace:</p>
<pre>#0 /internal/shared/sqlite-database-integration/wp-includes/sqlite/class-wp-sqlite-db.php(287): WP_SQLite_Translator->get_error_message()
#1 /wordpress/wp-includes/class-wpdb.php(3142): WP_SQLite_DB->query('SELECT id FROM ...')
#2 /wordpress/wp-content/plugins/export-wp-page-to-static-html/includes/class-export-wp-page-to-static-html-activator.php(43): wpdb->get_results('SELECT id FROM ...')
#3 /wordpress/wp-content/plugins/export-wp-page-to-static-html/export-wp-page-to-static-html.php(114): Export_Wp_Page_To_Static_Html_Activator::activate()
#4 /wordpress/wp-includes/class-wp-hook.php(324): activate_export_wp_page_to_static_html(false)
#5 /wordpress/wp-includes/class-wp-hook.php(348): WP_Hook->apply_filters(NULL, Array)
#6 /wordpress/wp-includes/plugin.php(517): WP_Hook->do_action(Array)
#7 /wordpress/wp-admin/includes/plugin.php(703): do_action('activate_export...', false)
#8 /internal/eval.php(20): activate_plugin('export-wp-page-...')
#9 {main}</pre>
 for query SELECT id FROM wp_export_page_to_html_logs made by activate_plugin, do_action('activate_export-wp-page-to-static-html/export-wp-page-to-static-html.php'), WP_Hook->do_action, WP_Hook->apply_filters, activate_export_wp_page_to_static_html, Export_Wp_Page_To_Static_Html_Activator::activate, WP_SQLite_DB->query, WP_SQLite_DB->print_error
[13-Apr-2025 06:34:15 UTC] WordPress database error <div style="clear:both">&nbsp;</div>
<div class="queries" style="clear:both;margin-bottom:2px;border:red dotted thin;">
<p>MySQL query:</p>
<p>SELECT id FROM 'wp_export_urls_logs'</p>
<p>Queries made or created this session were:</p>
<ol>
<li>Executing: BEGIN | (no parameters)</li>
<li>Executing: SELECT id FROM :param0  | parameters: wp_export_urls_logs</li>
<li>Executing: ROLLBACK | (no parameters)</li>
</ol>
</div>
<div style="clear:both;margin-bottom:2px;border:red dotted thin;" class="error_message" style="border-bottom:dotted blue thin;">
Error occurred at line 4117 in Function <code>handle_error</code>. Error message was: SQLSTATE[HY000]: General error: 1 near ":param0": syntax error.
</div>
<p>Backtrace:</p>
<pre>#0 /internal/shared/sqlite-database-integration/wp-includes/sqlite/class-wp-sqlite-db.php(287): WP_SQLite_Translator->get_error_message()
#1 /wordpress/wp-includes/class-wpdb.php(3142): WP_SQLite_DB->query('SELECT id FROM ...')
#2 /wordpress/wp-content/plugins/export-wp-page-to-static-html/includes/class-export-wp-page-to-static-html-activator.php(68): wpdb->get_results('SELECT id FROM ...')
#3 /wordpress/wp-content/plugins/export-wp-page-to-static-html/export-wp-page-to-static-html.php(114): Export_Wp_Page_To_Static_Html_Activator::activate()
#4 /wordpress/wp-includes/class-wp-hook.php(324): activate_export_wp_page_to_static_html(false)
#5 /wordpress/wp-includes/class-wp-hook.php(348): WP_Hook->apply_filters(NULL, Array)
#6 /wordpress/wp-includes/plugin.php(517): WP_Hook->do_action(Array)
#7 /wordpress/wp-admin/includes/plugin.php(703): do_action('activate_export...', false)
#8 /internal/eval.php(20): activate_plugin('export-wp-page-...')
#9 {main}</pre>
 for query SELECT id FROM 'wp_export_urls_logs' made by activate_plugin, do_action('activate_export-wp-page-to-static-html/export-wp-page-to-static-html.php'), WP_Hook->do_action, WP_Hook->apply_filters, activate_export_wp_page_to_static_html, Export_Wp_Page_To_Static_Html_Activator::activate, WP_SQLite_DB->query, WP_SQLite_DB->print_error
[13-Apr-2025 06:34:49 UTC] PHP Fatal error:  Cannot redeclare wp_date() (previously declared in /wordpress/wp-includes/functions.php:239) in /wordpress/wp-content/plugins/ezpz-one-click-backup/functions/ezpz-ocb-functions.php on line 647
[13-Apr-2025 06:34:57 UTC] PHP Fatal error:  Cannot redeclare wp_date() (previously declared in /wordpress/wp-includes/functions.php:239) in /wordpress/wp-content/plugins/ezpz-one-click-backup/functions/ezpz-ocb-functions.php on line 647
[13-Apr-2025 06:35:05 UTC] PHP Fatal error:  Cannot redeclare wp_date() (previously declared in /wordpress/wp-includes/functions.php:239) in /wordpress/wp-content/plugins/ezpz-one-click-backup/functions/ezpz-ocb-functions.php on line 647
[13-Apr-2025 06:35:14 UTC] PHP Fatal error:  Uncaught TypeError: call_user_func_array(): Argument #1 ($callback) must be a valid callback, non-static method easy_categories_manage::activate() cannot be called statically in /wordpress/wp-includes/class-wp-hook.php:324
Stack trace:
#0 /wordpress/wp-includes/class-wp-hook.php(348): WP_Hook->apply_filters('', Array)
#1 /wordpress/wp-includes/plugin.php(517): WP_Hook->do_action(Array)
#2 /wordpress/wp-admin/includes/plugin.php(703): do_action('activate_easy-c...', false)
#3 /internal/eval.php(20): activate_plugin('easy-categories...')
#4 {main}
  thrown in /wordpress/wp-includes/class-wp-hook.php on line 324
[13-Apr-2025 06:35:21 UTC] PHP Fatal error:  Uncaught TypeError: call_user_func_array(): Argument #1 ($callback) must be a valid callback, non-static method easy_categories_manage::activate() cannot be called statically in /wordpress/wp-includes/class-wp-hook.php:324
Stack trace:
#0 /wordpress/wp-includes/class-wp-hook.php(348): WP_Hook->apply_filters('', Array)
#1 /wordpress/wp-includes/plugin.php(517): WP_Hook->do_action(Array)
#2 /wordpress/wp-admin/includes/plugin.php(703): do_action('activate_easy-c...', false)
#3 /internal/eval.php(20): activate_plugin('easy-categories...')
#4 {main}
  thrown in /wordpress/wp-includes/class-wp-hook.php on line 324
[13-Apr-2025 06:35:29 UTC] PHP Fatal error:  Uncaught TypeError: call_user_func_array(): Argument #1 ($callback) must be a valid callback, non-static method easy_categories_manage::activate() cannot be called statically in /wordpress/wp-includes/class-wp-hook.php:324
Stack trace:
#0 /wordpress/wp-includes/class-wp-hook.php(348): WP_Hook->apply_filters('', Array)
#1 /wordpress/wp-includes/plugin.php(517): WP_Hook->do_action(Array)
#2 /wordpress/wp-admin/includes/plugin.php(703): do_action('activate_easy-c...', false)
#3 /internal/eval.php(20): activate_plugin('easy-categories...')
#4 {main}
  thrown in /wordpress/wp-includes/class-wp-hook.php on line 324
[13-Apr-2025 06:39:36 UTC] PHP Fatal error:  Uncaught PDOException: SQLSTATE[HY000] [2002] Address family not supported by protocol in /wordpress/wp-content/plugins/easydocs/vendor/illuminate/database/Connectors/Connector.php:67
Stack trace:
#0 /wordpress/wp-content/plugins/easydocs/vendor/illuminate/database/Connectors/Connector.php(67): PDO->__construct('mysql:host=loca...', 'username_here', 'password_here', Array)
#1 /wordpress/wp-content/plugins/easydocs/vendor/illuminate/database/Connectors/Connector.php(43): Illuminate\Database\Connectors\Connector->createPdoConnection('mysql:host=loca...', 'username_here', 'password_here', Array)
#2 /wordpress/wp-content/plugins/easydocs/vendor/illuminate/database/Connectors/MySqlConnector.php(24): Illuminate\Database\Connectors\Connector->createConnection('mysql:host=loca...', Array, Array)
#3 /wordpress/wp-content/plugins/easydocs/vendor/illuminate/database/Connectors/ConnectionFactory.php(183): Illuminate\Database\Connectors\MySqlConnector->connect(Array)
#4 [internal function]: Illuminate\Database\Connectors\ConnectionFactory->Illuminate\Database\Connectors\{closure}()
#5 /wordpress/wp-content/plugins/easydocs/vendor/illuminate/database/Connection.php(915): call_user_func(Object(Closure))
#6 /wordpress/wp-content/plugins/easydocs/vendor/illuminate/database/Connection.php(940): Illuminate\Database\Connection->getPdo()
#7 /wordpress/wp-content/plugins/easydocs/vendor/illuminate/database/Connection.php(399): Illuminate\Database\Connection->getReadPdo()
#8 /wordpress/wp-content/plugins/easydocs/vendor/illuminate/database/Connection.php(325): Illuminate\Database\Connection->getPdoForSelect(true)
#9 /wordpress/wp-content/plugins/easydocs/vendor/illuminate/database/Connection.php(657): Illuminate\Database\Connection->Illuminate\Database\{closure}('select * from i...', Array)
#10 /wordpress/wp-content/plugins/easydocs/vendor/illuminate/database/Connection.php(624): Illuminate\Database\Connection->runQueryCallback('select * from i...', Array, Object(Closure))
#11 /wordpress/wp-content/plugins/easydocs/vendor/illuminate/database/Connection.php(333): Illuminate\Database\Connection->run('select * from i...', Array, Object(Closure))
#12 /wordpress/wp-content/plugins/easydocs/vendor/illuminate/database/Schema/MySqlBuilder.php(18): Illuminate\Database\Connection->select('select * from i...', Array)
#13 /wordpress/wp-content/plugins/easydocs/easy-docs.php(86): Illuminate\Database\Schema\MySqlBuilder->hasTable('ed_files')
#14 /wordpress/wp-content/plugins/easydocs/easy-docs.php(141): EasyDocs\check_updates()
#15 /wordpress/wp-content/plugins/easydocs/easy-docs.php(146): EasyDocs\run_easy_docs()
#16 /wordpress/wp-admin/includes/plugin.php(2387): include_once('/wordpress/wp-c...')
#17 /wordpress/wp-admin/includes/plugin.php(673): plugin_sandbox_scrape('easydocs/easy-d...')
#18 /internal/eval.php(20): activate_plugin('easydocs/easy-d...')
#19 {main}

Next Illuminate\Database\QueryException: SQLSTATE[HY000] [2002] Address family not supported by protocol (SQL: select * from information_schema.tables where table_schema = database_name_here and table_name = ed_files) in /wordpress/wp-content/plugins/easydocs/vendor/illuminate/database/Connection.php:664
Stack trace:
#0 /wordpress/wp-content/plugins/easydocs/vendor/illuminate/database/Connection.php(624): Illuminate\Database\Connection->runQueryCallback('select * from i...', Array, Object(Closure))
#1 /wordpress/wp-content/plugins/easydocs/vendor/illuminate/database/Connection.php(333): Illuminate\Database\Connection->run('select * from i...', Array, Object(Closure))
#2 /wordpress/wp-content/plugins/easydocs/vendor/illuminate/database/Schema/MySqlBuilder.php(18): Illuminate\Database\Connection->select('select * from i...', Array)
#3 /wordpress/wp-content/plugins/easydocs/easy-docs.php(86): Illuminate\Database\Schema\MySqlBuilder->hasTable('ed_files')
#4 /wordpress/wp-content/plugins/easydocs/easy-docs.php(141): EasyDocs\check_updates()
#5 /wordpress/wp-content/plugins/easydocs/easy-docs.php(146): EasyDocs\run_easy_docs()
#6 /wordpress/wp-admin/includes/plugin.php(2387): include_once('/wordpress/wp-c...')
#7 /wordpress/wp-admin/includes/plugin.php(673): plugin_sandbox_scrape('easydocs/easy-d...')
#8 /internal/eval.php(20): activate_plugin('easydocs/easy-d...')
#9 {main}
  thrown in /wordpress/wp-content/plugins/easydocs/vendor/illuminate/database/Connection.php on line 664
[13-Apr-2025 06:39:46 UTC] PHP Fatal error:  Uncaught PDOException: SQLSTATE[HY000] [2002] Address family not supported by protocol in /wordpress/wp-content/plugins/easydocs/vendor/illuminate/database/Connectors/Connector.php:67
Stack trace:
#0 /wordpress/wp-content/plugins/easydocs/vendor/illuminate/database/Connectors/Connector.php(67): PDO->__construct('mysql:host=loca...', 'username_here', 'password_here', Array)
#1 /wordpress/wp-content/plugins/easydocs/vendor/illuminate/database/Connectors/Connector.php(43): Illuminate\Database\Connectors\Connector->createPdoConnection('mysql:host=loca...', 'username_here', 'password_here', Array)
#2 /wordpress/wp-content/plugins/easydocs/vendor/illuminate/database/Connectors/MySqlConnector.php(24): Illuminate\Database\Connectors\Connector->createConnection('mysql:host=loca...', Array, Array)
#3 /wordpress/wp-content/plugins/easydocs/vendor/illuminate/database/Connectors/ConnectionFactory.php(183): Illuminate\Database\Connectors\MySqlConnector->connect(Array)
#4 [internal function]: Illuminate\Database\Connectors\ConnectionFactory->Illuminate\Database\Connectors\{closure}()
#5 /wordpress/wp-content/plugins/easydocs/vendor/illuminate/database/Connection.php(915): call_user_func(Object(Closure))
#6 /wordpress/wp-content/plugins/easydocs/vendor/illuminate/database/Connection.php(940): Illuminate\Database\Connection->getPdo()
#7 /wordpress/wp-content/plugins/easydocs/vendor/illuminate/database/Connection.php(399): Illuminate\Database\Connection->getReadPdo()
#8 /wordpress/wp-content/plugins/easydocs/vendor/illuminate/database/Connection.php(325): Illuminate\Database\Connection->getPdoForSelect(true)
#9 /wordpress/wp-content/plugins/easydocs/vendor/illuminate/database/Connection.php(657): Illuminate\Database\Connection->Illuminate\Database\{closure}('select * from i...', Array)
#10 /wordpress/wp-content/plugins/easydocs/vendor/illuminate/database/Connection.php(624): Illuminate\Database\Connection->runQueryCallback('select * from i...', Array, Object(Closure))
#11 /wordpress/wp-content/plugins/easydocs/vendor/illuminate/database/Connection.php(333): Illuminate\Database\Connection->run('select * from i...', Array, Object(Closure))
#12 /wordpress/wp-content/plugins/easydocs/vendor/illuminate/database/Schema/MySqlBuilder.php(18): Illuminate\Database\Connection->select('select * from i...', Array)
#13 /wordpress/wp-content/plugins/easydocs/easy-docs.php(86): Illuminate\Database\Schema\MySqlBuilder->hasTable('ed_files')
#14 /wordpress/wp-content/plugins/easydocs/easy-docs.php(141): EasyDocs\check_updates()
#15 /wordpress/wp-content/plugins/easydocs/easy-docs.php(146): EasyDocs\run_easy_docs()
#16 /wordpress/wp-admin/includes/plugin.php(2387): include_once('/wordpress/wp-c...')
#17 /wordpress/wp-admin/includes/plugin.php(673): plugin_sandbox_scrape('easydocs/easy-d...')
#18 /internal/eval.php(20): activate_plugin('easydocs/easy-d...')
#19 {main}

Next Illuminate\Database\QueryException: SQLSTATE[HY000] [2002] Address family not supported by protocol (SQL: select * from information_schema.tables where table_schema = database_name_here and table_name = ed_files) in /wordpress/wp-content/plugins/easydocs/vendor/illuminate/database/Connection.php:664
Stack trace:
#0 /wordpress/wp-content/plugins/easydocs/vendor/illuminate/database/Connection.php(624): Illuminate\Database\Connection->runQueryCallback('select * from i...', Array, Object(Closure))
#1 /wordpress/wp-content/plugins/easydocs/vendor/illuminate/database/Connection.php(333): Illuminate\Database\Connection->run('select * from i...', Array, Object(Closure))
#2 /wordpress/wp-content/plugins/easydocs/vendor/illuminate/database/Schema/MySqlBuilder.php(18): Illuminate\Database\Connection->select('select * from i...', Array)
#3 /wordpress/wp-content/plugins/easydocs/easy-docs.php(86): Illuminate\Database\Schema\MySqlBuilder->hasTable('ed_files')
#4 /wordpress/wp-content/plugins/easydocs/easy-docs.php(141): EasyDocs\check_updates()
#5 /wordpress/wp-content/plugins/easydocs/easy-docs.php(146): EasyDocs\run_easy_docs()
#6 /wordpress/wp-admin/includes/plugin.php(2387): include_once('/wordpress/wp-c...')
#7 /wordpress/wp-admin/includes/plugin.php(673): plugin_sandbox_scrape('easydocs/easy-d...')
#8 /internal/eval.php(20): activate_plugin('easydocs/easy-d...')
#9 {main}
  thrown in /wordpress/wp-content/plugins/easydocs/vendor/illuminate/database/Connection.php on line 664
[13-Apr-2025 06:39:57 UTC] PHP Fatal error:  Uncaught PDOException: SQLSTATE[HY000] [2002] Address family not supported by protocol in /wordpress/wp-content/plugins/easydocs/vendor/illuminate/database/Connectors/Connector.php:67
Stack trace:
#0 /wordpress/wp-content/plugins/easydocs/vendor/illuminate/database/Connectors/Connector.php(67): PDO->__construct('mysql:host=loca...', 'username_here', 'password_here', Array)
#1 /wordpress/wp-content/plugins/easydocs/vendor/illuminate/database/Connectors/Connector.php(43): Illuminate\Database\Connectors\Connector->createPdoConnection('mysql:host=loca...', 'username_here', 'password_here', Array)
#2 /wordpress/wp-content/plugins/easydocs/vendor/illuminate/database/Connectors/MySqlConnector.php(24): Illuminate\Database\Connectors\Connector->createConnection('mysql:host=loca...', Array, Array)
#3 /wordpress/wp-content/plugins/easydocs/vendor/illuminate/database/Connectors/ConnectionFactory.php(183): Illuminate\Database\Connectors\MySqlConnector->connect(Array)
#4 [internal function]: Illuminate\Database\Connectors\ConnectionFactory->Illuminate\Database\Connectors\{closure}()
#5 /wordpress/wp-content/plugins/easydocs/vendor/illuminate/database/Connection.php(915): call_user_func(Object(Closure))
#6 /wordpress/wp-content/plugins/easydocs/vendor/illuminate/database/Connection.php(940): Illuminate\Database\Connection->getPdo()
#7 /wordpress/wp-content/plugins/easydocs/vendor/illuminate/database/Connection.php(399): Illuminate\Database\Connection->getReadPdo()
#8 /wordpress/wp-content/plugins/easydocs/vendor/illuminate/database/Connection.php(325): Illuminate\Database\Connection->getPdoForSelect(true)
#9 /wordpress/wp-content/plugins/easydocs/vendor/illuminate/database/Connection.php(657): Illuminate\Database\Connection->Illuminate\Database\{closure}('select * from i...', Array)
#10 /wordpress/wp-content/plugins/easydocs/vendor/illuminate/database/Connection.php(624): Illuminate\Database\Connection->runQueryCallback('select * from i...', Array, Object(Closure))
#11 /wordpress/wp-content/plugins/easydocs/vendor/illuminate/database/Connection.php(333): Illuminate\Database\Connection->run('select * from i...', Array, Object(Closure))
#12 /wordpress/wp-content/plugins/easydocs/vendor/illuminate/database/Schema/MySqlBuilder.php(18): Illuminate\Database\Connection->select('select * from i...', Array)
#13 /wordpress/wp-content/plugins/easydocs/easy-docs.php(86): Illuminate\Database\Schema\MySqlBuilder->hasTable('ed_files')
#14 /wordpress/wp-content/plugins/easydocs/easy-docs.php(141): EasyDocs\check_updates()
#15 /wordpress/wp-content/plugins/easydocs/easy-docs.php(146): EasyDocs\run_easy_docs()
#16 /wordpress/wp-admin/includes/plugin.php(2387): include_once('/wordpress/wp-c...')
#17 /wordpress/wp-admin/includes/plugin.php(673): plugin_sandbox_scrape('easydocs/easy-d...')
#18 /internal/eval.php(20): activate_plugin('easydocs/easy-d...')
#19 {main}

Next Illuminate\Database\QueryException: SQLSTATE[HY000] [2002] Address family not supported by protocol (SQL: select * from information_schema.tables where table_schema = database_name_here and table_name = ed_files) in /wordpress/wp-content/plugins/easydocs/vendor/illuminate/database/Connection.php:664
Stack trace:
#0 /wordpress/wp-content/plugins/easydocs/vendor/illuminate/database/Connection.php(624): Illuminate\Database\Connection->runQueryCallback('select * from i...', Array, Object(Closure))
#1 /wordpress/wp-content/plugins/easydocs/vendor/illuminate/database/Connection.php(333): Illuminate\Database\Connection->run('select * from i...', Array, Object(Closure))
#2 /wordpress/wp-content/plugins/easydocs/vendor/illuminate/database/Schema/MySqlBuilder.php(18): Illuminate\Database\Connection->select('select * from i...', Array)
#3 /wordpress/wp-content/plugins/easydocs/easy-docs.php(86): Illuminate\Database\Schema\MySqlBuilder->hasTable('ed_files')
#4 /wordpress/wp-content/plugins/easydocs/easy-docs.php(141): EasyDocs\check_updates()
#5 /wordpress/wp-content/plugins/easydocs/easy-docs.php(146): EasyDocs\run_easy_docs()
#6 /wordpress/wp-admin/includes/plugin.php(2387): include_once('/wordpress/wp-c...')
#7 /wordpress/wp-admin/includes/plugin.php(673): plugin_sandbox_scrape('easydocs/easy-d...')
#8 /internal/eval.php(20): activate_plugin('easydocs/easy-d...')
#9 {main}
  thrown in /wordpress/wp-content/plugins/easydocs/vendor/illuminate/database/Connection.php on line 664
[13-Apr-2025 06:40:05 UTC] PHP Warning:  Undefined array key 3 in /wordpress/wp-content/plugins/echidna/classes/class-echidna.php on line 139
[13-Apr-2025 06:40:05 UTC] PHP Warning:  Undefined array key 4 in /wordpress/wp-content/plugins/echidna/classes/class-echidna.php on line 139
[13-Apr-2025 06:40:05 UTC] PHP Warning:  Undefined array key 3 in /wordpress/wp-content/plugins/echidna/classes/class-echidna.php on line 139
[13-Apr-2025 06:40:05 UTC] PHP Warning:  Undefined array key 4 in /wordpress/wp-content/plugins/echidna/classes/class-echidna.php on line 139
[13-Apr-2025 06:40:05 UTC] PHP Warning:  Undefined array key 3 in /wordpress/wp-content/plugins/echidna/classes/class-echidna.php on line 139
[13-Apr-2025 06:40:05 UTC] PHP Warning:  Undefined array key 4 in /wordpress/wp-content/plugins/echidna/classes/class-echidna.php on line 139
[13-Apr-2025 06:40:05 UTC] PHP Warning:  Undefined array key 3 in /wordpress/wp-content/plugins/echidna/classes/class-echidna.php on line 139
[13-Apr-2025 06:40:05 UTC] PHP Warning:  Undefined array key 4 in /wordpress/wp-content/plugins/echidna/classes/class-echidna.php on line 139
[13-Apr-2025 06:40:05 UTC] PHP Warning:  Undefined array key 3 in /wordpress/wp-content/plugins/echidna/classes/class-echidna.php on line 139
[13-Apr-2025 06:40:05 UTC] PHP Warning:  Undefined array key 4 in /wordpress/wp-content/plugins/echidna/classes/class-echidna.php on line 139
[13-Apr-2025 06:40:05 UTC] PHP Warning:  Undefined array key 3 in /wordpress/wp-content/plugins/echidna/classes/class-echidna.php on line 139
[13-Apr-2025 06:40:05 UTC] PHP Warning:  Undefined array key 4 in /wordpress/wp-content/plugins/echidna/classes/class-echidna.php on line 139
[13-Apr-2025 06:40:05 UTC] PHP Warning:  Undefined array key 3 in /wordpress/wp-content/plugins/echidna/classes/class-echidna.php on line 139
[13-Apr-2025 06:40:05 UTC] PHP Warning:  Undefined array key 4 in /wordpress/wp-content/plugins/echidna/classes/class-echidna.php on line 139
[13-Apr-2025 06:40:05 UTC] PHP Warning:  Undefined array key 3 in /wordpress/wp-content/plugins/echidna/classes/class-echidna.php on line 139
[13-Apr-2025 06:40:05 UTC] PHP Warning:  Undefined array key 4 in /wordpress/wp-content/plugins/echidna/classes/class-echidna.php on line 139
[13-Apr-2025 06:40:05 UTC] PHP Warning:  Undefined array key 3 in /wordpress/wp-content/plugins/echidna/classes/class-echidna.php on line 139
[13-Apr-2025 06:40:05 UTC] PHP Warning:  Undefined array key 4 in /wordpress/wp-content/plugins/echidna/classes/class-echidna.php on line 139
[13-Apr-2025 06:40:05 UTC] PHP Warning:  Undefined array key 3 in /wordpress/wp-content/plugins/echidna/classes/class-echidna.php on line 139
[13-Apr-2025 06:40:05 UTC] PHP Warning:  Undefined array key 4 in /wordpress/wp-content/plugins/echidna/classes/class-echidna.php on line 139
[13-Apr-2025 06:40:05 UTC] PHP Warning:  Undefined array key 3 in /wordpress/wp-content/plugins/echidna/classes/class-echidna.php on line 139
[13-Apr-2025 06:40:05 UTC] PHP Warning:  Undefined array key 4 in /wordpress/wp-content/plugins/echidna/classes/class-echidna.php on line 139
[13-Apr-2025 06:40:05 UTC] PHP Warning:  Undefined array key 3 in /wordpress/wp-content/plugins/echidna/classes/class-echidna.php on line 139
[13-Apr-2025 06:40:05 UTC] PHP Warning:  Undefined array key 4 in /wordpress/wp-content/plugins/echidna/classes/class-echidna.php on line 139
[13-Apr-2025 06:40:05 UTC] PHP Warning:  Undefined array key 3 in /wordpress/wp-content/plugins/echidna/classes/class-echidna.php on line 139
[13-Apr-2025 06:40:05 UTC] PHP Warning:  Undefined array key 4 in /wordpress/wp-content/plugins/echidna/classes/class-echidna.php on line 139
[13-Apr-2025 06:40:05 UTC] PHP Warning:  Undefined array key 3 in /wordpress/wp-content/plugins/echidna/classes/class-echidna.php on line 139
[13-Apr-2025 06:40:05 UTC] PHP Warning:  Undefined array key 4 in /wordpress/wp-content/plugins/echidna/classes/class-echidna.php on line 139
[13-Apr-2025 06:40:05 UTC] PHP Warning:  Undefined array key 3 in /wordpress/wp-content/plugins/echidna/classes/class-echidna.php on line 139
[13-Apr-2025 06:40:05 UTC] PHP Warning:  Undefined array key 4 in /wordpress/wp-content/plugins/echidna/classes/class-echidna.php on line 139
[13-Apr-2025 06:40:05 UTC] PHP Warning:  Undefined array key 3 in /wordpress/wp-content/plugins/echidna/classes/class-echidna.php on line 139
[13-Apr-2025 06:40:05 UTC] PHP Warning:  Undefined array key 4 in /wordpress/wp-content/plugins/echidna/classes/class-echidna.php on line 139
[13-Apr-2025 06:40:05 UTC] PHP Warning:  Undefined array key 3 in /wordpress/wp-content/plugins/echidna/classes/class-echidna.php on line 139
[13-Apr-2025 06:40:05 UTC] PHP Warning:  Undefined array key 4 in /wordpress/wp-content/plugins/echidna/classes/class-echidna.php on line 139
[13-Apr-2025 06:40:05 UTC] PHP Warning:  Undefined array key 3 in /wordpress/wp-content/plugins/echidna/classes/class-echidna.php on line 139
[13-Apr-2025 06:40:05 UTC] PHP Warning:  Undefined array key 4 in /wordpress/wp-content/plugins/echidna/classes/class-echidna.php on line 139
[13-Apr-2025 06:40:05 UTC] PHP Warning:  Undefined array key 3 in /wordpress/wp-content/plugins/echidna/classes/class-echidna.php on line 139
[13-Apr-2025 06:40:05 UTC] PHP Warning:  Undefined array key 4 in /wordpress/wp-content/plugins/echidna/classes/class-echidna.php on line 139
[13-Apr-2025 06:40:05 UTC] PHP Warning:  Undefined array key 3 in /wordpress/wp-content/plugins/echidna/classes/class-echidna.php on line 139
[13-Apr-2025 06:40:05 UTC] PHP Warning:  Undefined array key 4 in /wordpress/wp-content/plugins/echidna/classes/class-echidna.php on line 139
[13-Apr-2025 06:40:06 UTC] PHP Warning:  Undefined array key 3 in /wordpress/wp-content/plugins/echidna/classes/class-echidna.php on line 139
[13-Apr-2025 06:40:06 UTC] PHP Warning:  Undefined array key 4 in /wordpress/wp-content/plugins/echidna/classes/class-echidna.php on line 139
[13-Apr-2025 06:40:06 UTC] PHP Warning:  Undefined array key 3 in /wordpress/wp-content/plugins/echidna/classes/class-echidna.php on line 139
[13-Apr-2025 06:40:06 UTC] PHP Warning:  Undefined array key 4 in /wordpress/wp-content/plugins/echidna/classes/class-echidna.php on line 139
[13-Apr-2025 06:40:06 UTC] PHP Warning:  Undefined array key 3 in /wordpress/wp-content/plugins/echidna/classes/class-echidna.php on line 139
[13-Apr-2025 06:40:06 UTC] PHP Warning:  Undefined array key 4 in /wordpress/wp-content/plugins/echidna/classes/class-echidna.php on line 139
[13-Apr-2025 06:40:06 UTC] PHP Warning:  Undefined array key 3 in /wordpress/wp-content/plugins/echidna/classes/class-echidna.php on line 139
[13-Apr-2025 06:40:06 UTC] PHP Warning:  Undefined array key 4 in /wordpress/wp-content/plugins/echidna/classes/class-echidna.php on line 139
[13-Apr-2025 06:40:06 UTC] PHP Warning:  Undefined array key 3 in /wordpress/wp-content/plugins/echidna/classes/class-echidna.php on line 139
[13-Apr-2025 06:40:06 UTC] PHP Warning:  Undefined array key 4 in /wordpress/wp-content/plugins/echidna/classes/class-echidna.php on line 139
[13-Apr-2025 06:40:06 UTC] PHP Warning:  Undefined array key 3 in /wordpress/wp-content/plugins/echidna/classes/class-echidna.php on line 139
[13-Apr-2025 06:40:06 UTC] PHP Warning:  Undefined array key 4 in /wordpress/wp-content/plugins/echidna/classes/class-echidna.php on line 139
[13-Apr-2025 06:40:06 UTC] PHP Warning:  Undefined array key 3 in /wordpress/wp-content/plugins/echidna/classes/class-echidna.php on line 139
[13-Apr-2025 06:40:06 UTC] PHP Warning:  Undefined array key 4 in /wordpress/wp-content/plugins/echidna/classes/class-echidna.php on line 139
[13-Apr-2025 06:40:06 UTC] PHP Warning:  Undefined array key 3 in /wordpress/wp-content/plugins/echidna/classes/class-echidna.php on line 139
[13-Apr-2025 06:40:06 UTC] PHP Warning:  Undefined array key 4 in /wordpress/wp-content/plugins/echidna/classes/class-echidna.php on line 139
[13-Apr-2025 06:40:06 UTC] PHP Warning:  Undefined array key 3 in /wordpress/wp-content/plugins/echidna/classes/class-echidna.php on line 139
[13-Apr-2025 06:40:06 UTC] PHP Warning:  Undefined array key 4 in /wordpress/wp-content/plugins/echidna/classes/class-echidna.php on line 139
[13-Apr-2025 06:40:06 UTC] PHP Warning:  Undefined array key 3 in /wordpress/wp-content/plugins/echidna/classes/class-echidna.php on line 139
[13-Apr-2025 06:40:06 UTC] PHP Warning:  Undefined array key 4 in /wordpress/wp-content/plugins/echidna/classes/class-echidna.php on line 139
[13-Apr-2025 06:40:06 UTC] PHP Warning:  Undefined array key 3 in /wordpress/wp-content/plugins/echidna/classes/class-echidna.php on line 139
[13-Apr-2025 06:40:06 UTC] PHP Warning:  Undefined array key 4 in /wordpress/wp-content/plugins/echidna/classes/class-echidna.php on line 139
[13-Apr-2025 06:40:06 UTC] PHP Warning:  Undefined array key 3 in /wordpress/wp-content/plugins/echidna/classes/class-echidna.php on line 139
[13-Apr-2025 06:40:06 UTC] PHP Warning:  Undefined array key 4 in /wordpress/wp-content/plugins/echidna/classes/class-echidna.php on line 139
[13-Apr-2025 06:40:06 UTC] PHP Warning:  Undefined array key 3 in /wordpress/wp-content/plugins/echidna/classes/class-echidna.php on line 139
[13-Apr-2025 06:40:06 UTC] PHP Warning:  Undefined array key 4 in /wordpress/wp-content/plugins/echidna/classes/class-echidna.php on line 139
[13-Apr-2025 06:40:06 UTC] PHP Warning:  Undefined array key 3 in /wordpress/wp-content/plugins/echidna/classes/class-echidna.php on line 139
[13-Apr-2025 06:40:06 UTC] PHP Warning:  Undefined array key 4 in /wordpress/wp-content/plugins/echidna/classes/class-echidna.php on line 139
[13-Apr-2025 06:40:06 UTC] PHP Warning:  Undefined array key 3 in /wordpress/wp-content/plugins/echidna/classes/class-echidna.php on line 139
[13-Apr-2025 06:40:06 UTC] PHP Warning:  Undefined array key 4 in /wordpress/wp-content/plugins/echidna/classes/class-echidna.php on line 139
[13-Apr-2025 06:40:06 UTC] PHP Warning:  Undefined array key 3 in /wordpress/wp-content/plugins/echidna/classes/class-echidna.php on line 139
[13-Apr-2025 06:40:06 UTC] PHP Warning:  Undefined array key 4 in /wordpress/wp-content/plugins/echidna/classes/class-echidna.php on line 139
[13-Apr-2025 06:40:06 UTC] PHP Warning:  Undefined array key 3 in /wordpress/wp-content/plugins/echidna/classes/class-echidna.php on line 139
[13-Apr-2025 06:40:06 UTC] PHP Warning:  Undefined array key 4 in /wordpress/wp-content/plugins/echidna/classes/class-echidna.php on line 139
[13-Apr-2025 06:40:06 UTC] PHP Warning:  Undefined array key 3 in /wordpress/wp-content/plugins/echidna/classes/class-echidna.php on line 139
[13-Apr-2025 06:40:06 UTC] PHP Warning:  Undefined array key 4 in /wordpress/wp-content/plugins/echidna/classes/class-echidna.php on line 139
[13-Apr-2025 06:40:06 UTC] PHP Warning:  Undefined array key 3 in /wordpress/wp-content/plugins/echidna/classes/class-echidna.php on line 139
[13-Apr-2025 06:40:06 UTC] PHP Warning:  Undefined array key 4 in /wordpress/wp-content/plugins/echidna/classes/class-echidna.php on line 139
[13-Apr-2025 06:40:06 UTC] PHP Warning:  Undefined array key 3 in /wordpress/wp-content/plugins/echidna/classes/class-echidna.php on line 139
[13-Apr-2025 06:40:06 UTC] PHP Warning:  Undefined array key 4 in /wordpress/wp-content/plugins/echidna/classes/class-echidna.php on line 139
[13-Apr-2025 06:40:13 UTC] PHP Warning:  Undefined array key 3 in /wordpress/wp-content/plugins/echidna/classes/class-echidna.php on line 139
[13-Apr-2025 06:40:13 UTC] PHP Warning:  Undefined array key 4 in /wordpress/wp-content/plugins/echidna/classes/class-echidna.php on line 139
[13-Apr-2025 06:40:13 UTC] PHP Warning:  Undefined array key 3 in /wordpress/wp-content/plugins/echidna/classes/class-echidna.php on line 139
[13-Apr-2025 06:40:13 UTC] PHP Warning:  Undefined array key 4 in /wordpress/wp-content/plugins/echidna/classes/class-echidna.php on line 139
[13-Apr-2025 06:40:13 UTC] PHP Warning:  Undefined array key 3 in /wordpress/wp-content/plugins/echidna/classes/class-echidna.php on line 139
[13-Apr-2025 06:40:13 UTC] PHP Warning:  Undefined array key 4 in /wordpress/wp-content/plugins/echidna/classes/class-echidna.php on line 139
[13-Apr-2025 06:40:13 UTC] PHP Warning:  Undefined array key 3 in /wordpress/wp-content/plugins/echidna/classes/class-echidna.php on line 139
[13-Apr-2025 06:40:13 UTC] PHP Warning:  Undefined array key 4 in /wordpress/wp-content/plugins/echidna/classes/class-echidna.php on line 139
[13-Apr-2025 06:40:13 UTC] PHP Warning:  Undefined array key 3 in /wordpress/wp-content/plugins/echidna/classes/class-echidna.php on line 139
[13-Apr-2025 06:40:13 UTC] PHP Warning:  Undefined array key 4 in /wordpress/wp-content/plugins/echidna/classes/class-echidna.php on line 139
[13-Apr-2025 06:40:13 UTC] PHP Warning:  Undefined array key 3 in /wordpress/wp-content/plugins/echidna/classes/class-echidna.php on line 139
[13-Apr-2025 06:40:13 UTC] PHP Warning:  Undefined array key 4 in /wordpress/wp-content/plugins/echidna/classes/class-echidna.php on line 139
[13-Apr-2025 06:40:13 UTC] PHP Warning:  Undefined array key 3 in /wordpress/wp-content/plugins/echidna/classes/class-echidna.php on line 139
[13-Apr-2025 06:40:13 UTC] PHP Warning:  Undefined array key 4 in /wordpress/wp-content/plugins/echidna/classes/class-echidna.php on line 139
[13-Apr-2025 06:40:13 UTC] PHP Warning:  Undefined array key 3 in /wordpress/wp-content/plugins/echidna/classes/class-echidna.php on line 139
[13-Apr-2025 06:40:13 UTC] PHP Warning:  Undefined array key 4 in /wordpress/wp-content/plugins/echidna/classes/class-echidna.php on line 139
[13-Apr-2025 06:40:13 UTC] PHP Warning:  Undefined array key 3 in /wordpress/wp-content/plugins/echidna/classes/class-echidna.php on line 139
[13-Apr-2025 06:40:13 UTC] PHP Warning:  Undefined array key 4 in /wordpress/wp-content/plugins/echidna/classes/class-echidna.php on line 139
[13-Apr-2025 06:40:13 UTC] PHP Warning:  Undefined array key 3 in /wordpress/wp-content/plugins/echidna/classes/class-echidna.php on line 139
[13-Apr-2025 06:40:13 UTC] PHP Warning:  Undefined array key 4 in /wordpress/wp-content/plugins/echidna/classes/class-echidna.php on line 139
[13-Apr-2025 06:40:13 UTC] PHP Warning:  Undefined array key 3 in /wordpress/wp-content/plugins/echidna/classes/class-echidna.php on line 139
[13-Apr-2025 06:40:13 UTC] PHP Warning:  Undefined array key 4 in /wordpress/wp-content/plugins/echidna/classes/class-echidna.php on line 139
[13-Apr-2025 06:40:13 UTC] PHP Warning:  Undefined array key 3 in /wordpress/wp-content/plugins/echidna/classes/class-echidna.php on line 139
[13-Apr-2025 06:40:13 UTC] PHP Warning:  Undefined array key 4 in /wordpress/wp-content/plugins/echidna/classes/class-echidna.php on line 139
[13-Apr-2025 06:40:13 UTC] PHP Warning:  Undefined array key 3 in /wordpress/wp-content/plugins/echidna/classes/class-echidna.php on line 139
[13-Apr-2025 06:40:13 UTC] PHP Warning:  Undefined array key 4 in /wordpress/wp-content/plugins/echidna/classes/class-echidna.php on line 139
[13-Apr-2025 06:40:13 UTC] PHP Warning:  Undefined array key 3 in /wordpress/wp-content/plugins/echidna/classes/class-echidna.php on line 139
[13-Apr-2025 06:40:13 UTC] PHP Warning:  Undefined array key 4 in /wordpress/wp-content/plugins/echidna/classes/class-echidna.php on line 139
[13-Apr-2025 06:40:13 UTC] PHP Warning:  Undefined array key 3 in /wordpress/wp-content/plugins/echidna/classes/class-echidna.php on line 139
[13-Apr-2025 06:40:13 UTC] PHP Warning:  Undefined array key 4 in /wordpress/wp-content/plugins/echidna/classes/class-echidna.php on line 139
[13-Apr-2025 06:40:13 UTC] PHP Warning:  Undefined array key 3 in /wordpress/wp-content/plugins/echidna/classes/class-echidna.php on line 139
[13-Apr-2025 06:40:13 UTC] PHP Warning:  Undefined array key 4 in /wordpress/wp-content/plugins/echidna/classes/class-echidna.php on line 139
[13-Apr-2025 06:40:13 UTC] PHP Warning:  Undefined array key 3 in /wordpress/wp-content/plugins/echidna/classes/class-echidna.php on line 139
[13-Apr-2025 06:40:13 UTC] PHP Warning:  Undefined array key 4 in /wordpress/wp-content/plugins/echidna/classes/class-echidna.php on line 139
[13-Apr-2025 06:40:13 UTC] PHP Warning:  Undefined array key 3 in /wordpress/wp-content/plugins/echidna/classes/class-echidna.php on line 139
[13-Apr-2025 06:40:13 UTC] PHP Warning:  Undefined array key 4 in /wordpress/wp-content/plugins/echidna/classes/class-echidna.php on line 139
[13-Apr-2025 06:40:13 UTC] PHP Warning:  Undefined array key 3 in /wordpress/wp-content/plugins/echidna/classes/class-echidna.php on line 139
[13-Apr-2025 06:40:13 UTC] PHP Warning:  Undefined array key 4 in /wordpress/wp-content/plugins/echidna/classes/class-echidna.php on line 139
[13-Apr-2025 06:40:13 UTC] PHP Warning:  Undefined array key 3 in /wordpress/wp-content/plugins/echidna/classes/class-echidna.php on line 139
[13-Apr-2025 06:40:13 UTC] PHP Warning:  Undefined array key 4 in /wordpress/wp-content/plugins/echidna/classes/class-echidna.php on line 139
[13-Apr-2025 06:40:14 UTC] PHP Warning:  Undefined array key 3 in /wordpress/wp-content/plugins/echidna/classes/class-echidna.php on line 139
[13-Apr-2025 06:40:14 UTC] PHP Warning:  Undefined array key 4 in /wordpress/wp-content/plugins/echidna/classes/class-echidna.php on line 139
[13-Apr-2025 06:40:14 UTC] PHP Warning:  Undefined array key 3 in /wordpress/wp-content/plugins/echidna/classes/class-echidna.php on line 139
[13-Apr-2025 06:40:14 UTC] PHP Warning:  Undefined array key 4 in /wordpress/wp-content/plugins/echidna/classes/class-echidna.php on line 139
[13-Apr-2025 06:40:14 UTC] PHP Warning:  Undefined array key 3 in /wordpress/wp-content/plugins/echidna/classes/class-echidna.php on line 139
[13-Apr-2025 06:40:14 UTC] PHP Warning:  Undefined array key 4 in /wordpress/wp-content/plugins/echidna/classes/class-echidna.php on line 139
[13-Apr-2025 06:40:14 UTC] PHP Warning:  Undefined array key 3 in /wordpress/wp-content/plugins/echidna/classes/class-echidna.php on line 139
[13-Apr-2025 06:40:14 UTC] PHP Warning:  Undefined array key 4 in /wordpress/wp-content/plugins/echidna/classes/class-echidna.php on line 139
[13-Apr-2025 06:40:14 UTC] PHP Warning:  Undefined array key 3 in /wordpress/wp-content/plugins/echidna/classes/class-echidna.php on line 139
[13-Apr-2025 06:40:14 UTC] PHP Warning:  Undefined array key 4 in /wordpress/wp-content/plugins/echidna/classes/class-echidna.php on line 139
[13-Apr-2025 06:40:14 UTC] PHP Warning:  Undefined array key 3 in /wordpress/wp-content/plugins/echidna/classes/class-echidna.php on line 139
[13-Apr-2025 06:40:14 UTC] PHP Warning:  Undefined array key 4 in /wordpress/wp-content/plugins/echidna/classes/class-echidna.php on line 139
[13-Apr-2025 06:40:14 UTC] PHP Warning:  Undefined array key 3 in /wordpress/wp-content/plugins/echidna/classes/class-echidna.php on line 139
[13-Apr-2025 06:40:14 UTC] PHP Warning:  Undefined array key 4 in /wordpress/wp-content/plugins/echidna/classes/class-echidna.php on line 139
[13-Apr-2025 06:40:14 UTC] PHP Warning:  Undefined array key 3 in /wordpress/wp-content/plugins/echidna/classes/class-echidna.php on line 139
[13-Apr-2025 06:40:14 UTC] PHP Warning:  Undefined array key 4 in /wordpress/wp-content/plugins/echidna/classes/class-echidna.php on line 139
[13-Apr-2025 06:40:14 UTC] PHP Warning:  Undefined array key 3 in /wordpress/wp-content/plugins/echidna/classes/class-echidna.php on line 139
[13-Apr-2025 06:40:14 UTC] PHP Warning:  Undefined array key 4 in /wordpress/wp-content/plugins/echidna/classes/class-echidna.php on line 139
[13-Apr-2025 06:40:14 UTC] PHP Warning:  Undefined array key 3 in /wordpress/wp-content/plugins/echidna/classes/class-echidna.php on line 139
[13-Apr-2025 06:40:14 UTC] PHP Warning:  Undefined array key 4 in /wordpress/wp-content/plugins/echidna/classes/class-echidna.php on line 139
[13-Apr-2025 06:40:14 UTC] PHP Warning:  Undefined array key 3 in /wordpress/wp-content/plugins/echidna/classes/class-echidna.php on line 139
[13-Apr-2025 06:40:14 UTC] PHP Warning:  Undefined array key 4 in /wordpress/wp-content/plugins/echidna/classes/class-echidna.php on line 139
[13-Apr-2025 06:40:14 UTC] PHP Warning:  Undefined array key 3 in /wordpress/wp-content/plugins/echidna/classes/class-echidna.php on line 139
[13-Apr-2025 06:40:14 UTC] PHP Warning:  Undefined array key 4 in /wordpress/wp-content/plugins/echidna/classes/class-echidna.php on line 139
[13-Apr-2025 06:40:14 UTC] PHP Warning:  Undefined array key 3 in /wordpress/wp-content/plugins/echidna/classes/class-echidna.php on line 139
[13-Apr-2025 06:40:14 UTC] PHP Warning:  Undefined array key 4 in /wordpress/wp-content/plugins/echidna/classes/class-echidna.php on line 139
[13-Apr-2025 06:40:14 UTC] PHP Warning:  Undefined array key 3 in /wordpress/wp-content/plugins/echidna/classes/class-echidna.php on line 139
[13-Apr-2025 06:40:14 UTC] PHP Warning:  Undefined array key 4 in /wordpress/wp-content/plugins/echidna/classes/class-echidna.php on line 139
[13-Apr-2025 06:40:14 UTC] PHP Warning:  Undefined array key 3 in /wordpress/wp-content/plugins/echidna/classes/class-echidna.php on line 139
[13-Apr-2025 06:40:14 UTC] PHP Warning:  Undefined array key 4 in /wordpress/wp-content/plugins/echidna/classes/class-echidna.php on line 139
[13-Apr-2025 06:40:14 UTC] PHP Warning:  Undefined array key 3 in /wordpress/wp-content/plugins/echidna/classes/class-echidna.php on line 139
[13-Apr-2025 06:40:14 UTC] PHP Warning:  Undefined array key 4 in /wordpress/wp-content/plugins/echidna/classes/class-echidna.php on line 139
[13-Apr-2025 06:40:14 UTC] PHP Warning:  Undefined array key 3 in /wordpress/wp-content/plugins/echidna/classes/class-echidna.php on line 139
[13-Apr-2025 06:40:14 UTC] PHP Warning:  Undefined array key 4 in /wordpress/wp-content/plugins/echidna/classes/class-echidna.php on line 139
[13-Apr-2025 06:40:14 UTC] PHP Warning:  Undefined array key 3 in /wordpress/wp-content/plugins/echidna/classes/class-echidna.php on line 139
[13-Apr-2025 06:40:14 UTC] PHP Warning:  Undefined array key 4 in /wordpress/wp-content/plugins/echidna/classes/class-echidna.php on line 139
[13-Apr-2025 06:40:14 UTC] PHP Warning:  Undefined array key 3 in /wordpress/wp-content/plugins/echidna/classes/class-echidna.php on line 139
[13-Apr-2025 06:40:14 UTC] PHP Warning:  Undefined array key 4 in /wordpress/wp-content/plugins/echidna/classes/class-echidna.php on line 139
[13-Apr-2025 06:40:14 UTC] PHP Warning:  Undefined array key 3 in /wordpress/wp-content/plugins/echidna/classes/class-echidna.php on line 139
[13-Apr-2025 06:40:14 UTC] PHP Warning:  Undefined array key 4 in /wordpress/wp-content/plugins/echidna/classes/class-echidna.php on line 139
[13-Apr-2025 06:40:22 UTC] PHP Warning:  Undefined array key 3 in /wordpress/wp-content/plugins/echidna/classes/class-echidna.php on line 139
[13-Apr-2025 06:40:22 UTC] PHP Warning:  Undefined array key 4 in /wordpress/wp-content/plugins/echidna/classes/class-echidna.php on line 139
[13-Apr-2025 06:40:22 UTC] PHP Warning:  Undefined array key 3 in /wordpress/wp-content/plugins/echidna/classes/class-echidna.php on line 139
[13-Apr-2025 06:40:22 UTC] PHP Warning:  Undefined array key 4 in /wordpress/wp-content/plugins/echidna/classes/class-echidna.php on line 139
[13-Apr-2025 06:40:22 UTC] PHP Warning:  Undefined array key 3 in /wordpress/wp-content/plugins/echidna/classes/class-echidna.php on line 139
[13-Apr-2025 06:40:22 UTC] PHP Warning:  Undefined array key 4 in /wordpress/wp-content/plugins/echidna/classes/class-echidna.php on line 139
[13-Apr-2025 06:40:22 UTC] PHP Warning:  Undefined array key 3 in /wordpress/wp-content/plugins/echidna/classes/class-echidna.php on line 139
[13-Apr-2025 06:40:22 UTC] PHP Warning:  Undefined array key 4 in /wordpress/wp-content/plugins/echidna/classes/class-echidna.php on line 139
[13-Apr-2025 06:40:22 UTC] PHP Warning:  Undefined array key 3 in /wordpress/wp-content/plugins/echidna/classes/class-echidna.php on line 139
[13-Apr-2025 06:40:22 UTC] PHP Warning:  Undefined array key 4 in /wordpress/wp-content/plugins/echidna/classes/class-echidna.php on line 139
[13-Apr-2025 06:40:22 UTC] PHP Warning:  Undefined array key 3 in /wordpress/wp-content/plugins/echidna/classes/class-echidna.php on line 139
[13-Apr-2025 06:40:22 UTC] PHP Warning:  Undefined array key 4 in /wordpress/wp-content/plugins/echidna/classes/class-echidna.php on line 139
[13-Apr-2025 06:40:22 UTC] PHP Warning:  Undefined array key 3 in /wordpress/wp-content/plugins/echidna/classes/class-echidna.php on line 139
[13-Apr-2025 06:40:22 UTC] PHP Warning:  Undefined array key 4 in /wordpress/wp-content/plugins/echidna/classes/class-echidna.php on line 139
[13-Apr-2025 06:40:22 UTC] PHP Warning:  Undefined array key 3 in /wordpress/wp-content/plugins/echidna/classes/class-echidna.php on line 139
[13-Apr-2025 06:40:22 UTC] PHP Warning:  Undefined array key 4 in /wordpress/wp-content/plugins/echidna/classes/class-echidna.php on line 139
[13-Apr-2025 06:40:22 UTC] PHP Warning:  Undefined array key 3 in /wordpress/wp-content/plugins/echidna/classes/class-echidna.php on line 139
[13-Apr-2025 06:40:22 UTC] PHP Warning:  Undefined array key 4 in /wordpress/wp-content/plugins/echidna/classes/class-echidna.php on line 139
[13-Apr-2025 06:40:22 UTC] PHP Warning:  Undefined array key 3 in /wordpress/wp-content/plugins/echidna/classes/class-echidna.php on line 139
[13-Apr-2025 06:40:22 UTC] PHP Warning:  Undefined array key 4 in /wordpress/wp-content/plugins/echidna/classes/class-echidna.php on line 139
[13-Apr-2025 06:40:22 UTC] PHP Warning:  Undefined array key 3 in /wordpress/wp-content/plugins/echidna/classes/class-echidna.php on line 139
[13-Apr-2025 06:40:22 UTC] PHP Warning:  Undefined array key 4 in /wordpress/wp-content/plugins/echidna/classes/class-echidna.php on line 139
[13-Apr-2025 06:40:22 UTC] PHP Warning:  Undefined array key 3 in /wordpress/wp-content/plugins/echidna/classes/class-echidna.php on line 139
[13-Apr-2025 06:40:22 UTC] PHP Warning:  Undefined array key 4 in /wordpress/wp-content/plugins/echidna/classes/class-echidna.php on line 139
[13-Apr-2025 06:40:22 UTC] PHP Warning:  Undefined array key 3 in /wordpress/wp-content/plugins/echidna/classes/class-echidna.php on line 139
[13-Apr-2025 06:40:22 UTC] PHP Warning:  Undefined array key 4 in /wordpress/wp-content/plugins/echidna/classes/class-echidna.php on line 139
[13-Apr-2025 06:40:22 UTC] PHP Warning:  Undefined array key 3 in /wordpress/wp-content/plugins/echidna/classes/class-echidna.php on line 139
[13-Apr-2025 06:40:22 UTC] PHP Warning:  Undefined array key 4 in /wordpress/wp-content/plugins/echidna/classes/class-echidna.php on line 139
[13-Apr-2025 06:40:22 UTC] PHP Warning:  Undefined array key 3 in /wordpress/wp-content/plugins/echidna/classes/class-echidna.php on line 139
[13-Apr-2025 06:40:22 UTC] PHP Warning:  Undefined array key 4 in /wordpress/wp-content/plugins/echidna/classes/class-echidna.php on line 139
[13-Apr-2025 06:40:22 UTC] PHP Warning:  Undefined array key 3 in /wordpress/wp-content/plugins/echidna/classes/class-echidna.php on line 139
[13-Apr-2025 06:40:22 UTC] PHP Warning:  Undefined array key 4 in /wordpress/wp-content/plugins/echidna/classes/class-echidna.php on line 139
[13-Apr-2025 06:40:22 UTC] PHP Warning:  Undefined array key 3 in /wordpress/wp-content/plugins/echidna/classes/class-echidna.php on line 139
[13-Apr-2025 06:40:22 UTC] PHP Warning:  Undefined array key 4 in /wordpress/wp-content/plugins/echidna/classes/class-echidna.php on line 139
[13-Apr-2025 06:40:22 UTC] PHP Warning:  Undefined array key 3 in /wordpress/wp-content/plugins/echidna/classes/class-echidna.php on line 139
[13-Apr-2025 06:40:22 UTC] PHP Warning:  Undefined array key 4 in /wordpress/wp-content/plugins/echidna/classes/class-echidna.php on line 139
[13-Apr-2025 06:40:22 UTC] PHP Warning:  Undefined array key 3 in /wordpress/wp-content/plugins/echidna/classes/class-echidna.php on line 139
[13-Apr-2025 06:40:22 UTC] PHP Warning:  Undefined array key 4 in /wordpress/wp-content/plugins/echidna/classes/class-echidna.php on line 139
[13-Apr-2025 06:40:22 UTC] PHP Warning:  Undefined array key 3 in /wordpress/wp-content/plugins/echidna/classes/class-echidna.php on line 139
[13-Apr-2025 06:40:22 UTC] PHP Warning:  Undefined array key 4 in /wordpress/wp-content/plugins/echidna/classes/class-echidna.php on line 139
[13-Apr-2025 06:40:23 UTC] PHP Warning:  Undefined array key 3 in /wordpress/wp-content/plugins/echidna/classes/class-echidna.php on line 139
[13-Apr-2025 06:40:23 UTC] PHP Warning:  Undefined array key 4 in /wordpress/wp-content/plugins/echidna/classes/class-echidna.php on line 139
[13-Apr-2025 06:40:23 UTC] PHP Warning:  Undefined array key 3 in /wordpress/wp-content/plugins/echidna/classes/class-echidna.php on line 139
[13-Apr-2025 06:40:23 UTC] PHP Warning:  Undefined array key 4 in /wordpress/wp-content/plugins/echidna/classes/class-echidna.php on line 139
[13-Apr-2025 06:40:23 UTC] PHP Warning:  Undefined array key 3 in /wordpress/wp-content/plugins/echidna/classes/class-echidna.php on line 139
[13-Apr-2025 06:40:23 UTC] PHP Warning:  Undefined array key 4 in /wordpress/wp-content/plugins/echidna/classes/class-echidna.php on line 139
[13-Apr-2025 06:40:23 UTC] PHP Warning:  Undefined array key 3 in /wordpress/wp-content/plugins/echidna/classes/class-echidna.php on line 139
[13-Apr-2025 06:40:23 UTC] PHP Warning:  Undefined array key 4 in /wordpress/wp-content/plugins/echidna/classes/class-echidna.php on line 139
[13-Apr-2025 06:40:23 UTC] PHP Warning:  Undefined array key 3 in /wordpress/wp-content/plugins/echidna/classes/class-echidna.php on line 139
[13-Apr-2025 06:40:23 UTC] PHP Warning:  Undefined array key 4 in /wordpress/wp-content/plugins/echidna/classes/class-echidna.php on line 139
[13-Apr-2025 06:40:23 UTC] PHP Warning:  Undefined array key 3 in /wordpress/wp-content/plugins/echidna/classes/class-echidna.php on line 139
[13-Apr-2025 06:40:23 UTC] PHP Warning:  Undefined array key 4 in /wordpress/wp-content/plugins/echidna/classes/class-echidna.php on line 139
[13-Apr-2025 06:40:23 UTC] PHP Warning:  Undefined array key 3 in /wordpress/wp-content/plugins/echidna/classes/class-echidna.php on line 139
[13-Apr-2025 06:40:23 UTC] PHP Warning:  Undefined array key 4 in /wordpress/wp-content/plugins/echidna/classes/class-echidna.php on line 139
[13-Apr-2025 06:40:23 UTC] PHP Warning:  Undefined array key 3 in /wordpress/wp-content/plugins/echidna/classes/class-echidna.php on line 139
[13-Apr-2025 06:40:23 UTC] PHP Warning:  Undefined array key 4 in /wordpress/wp-content/plugins/echidna/classes/class-echidna.php on line 139
[13-Apr-2025 06:40:23 UTC] PHP Warning:  Undefined array key 3 in /wordpress/wp-content/plugins/echidna/classes/class-echidna.php on line 139
[13-Apr-2025 06:40:23 UTC] PHP Warning:  Undefined array key 4 in /wordpress/wp-content/plugins/echidna/classes/class-echidna.php on line 139
[13-Apr-2025 06:40:23 UTC] PHP Warning:  Undefined array key 3 in /wordpress/wp-content/plugins/echidna/classes/class-echidna.php on line 139
[13-Apr-2025 06:40:23 UTC] PHP Warning:  Undefined array key 4 in /wordpress/wp-content/plugins/echidna/classes/class-echidna.php on line 139
[13-Apr-2025 06:40:23 UTC] PHP Warning:  Undefined array key 3 in /wordpress/wp-content/plugins/echidna/classes/class-echidna.php on line 139
[13-Apr-2025 06:40:23 UTC] PHP Warning:  Undefined array key 4 in /wordpress/wp-content/plugins/echidna/classes/class-echidna.php on line 139
[13-Apr-2025 06:40:23 UTC] PHP Warning:  Undefined array key 3 in /wordpress/wp-content/plugins/echidna/classes/class-echidna.php on line 139
[13-Apr-2025 06:40:23 UTC] PHP Warning:  Undefined array key 4 in /wordpress/wp-content/plugins/echidna/classes/class-echidna.php on line 139
[13-Apr-2025 06:40:23 UTC] PHP Warning:  Undefined array key 3 in /wordpress/wp-content/plugins/echidna/classes/class-echidna.php on line 139
[13-Apr-2025 06:40:23 UTC] PHP Warning:  Undefined array key 4 in /wordpress/wp-content/plugins/echidna/classes/class-echidna.php on line 139
[13-Apr-2025 06:40:23 UTC] PHP Warning:  Undefined array key 3 in /wordpress/wp-content/plugins/echidna/classes/class-echidna.php on line 139
[13-Apr-2025 06:40:23 UTC] PHP Warning:  Undefined array key 4 in /wordpress/wp-content/plugins/echidna/classes/class-echidna.php on line 139
[13-Apr-2025 06:40:23 UTC] PHP Warning:  Undefined array key 3 in /wordpress/wp-content/plugins/echidna/classes/class-echidna.php on line 139
[13-Apr-2025 06:40:23 UTC] PHP Warning:  Undefined array key 4 in /wordpress/wp-content/plugins/echidna/classes/class-echidna.php on line 139
[13-Apr-2025 06:40:23 UTC] PHP Warning:  Undefined array key 3 in /wordpress/wp-content/plugins/echidna/classes/class-echidna.php on line 139
[13-Apr-2025 06:40:23 UTC] PHP Warning:  Undefined array key 4 in /wordpress/wp-content/plugins/echidna/classes/class-echidna.php on line 139
[13-Apr-2025 06:40:23 UTC] PHP Warning:  Undefined array key 3 in /wordpress/wp-content/plugins/echidna/classes/class-echidna.php on line 139
[13-Apr-2025 06:40:23 UTC] PHP Warning:  Undefined array key 4 in /wordpress/wp-content/plugins/echidna/classes/class-echidna.php on line 139
[13-Apr-2025 06:40:23 UTC] PHP Warning:  Undefined array key 3 in /wordpress/wp-content/plugins/echidna/classes/class-echidna.php on line 139
[13-Apr-2025 06:40:23 UTC] PHP Warning:  Undefined array key 4 in /wordpress/wp-content/plugins/echidna/classes/class-echidna.php on line 139
[13-Apr-2025 06:40:23 UTC] PHP Warning:  Undefined array key 3 in /wordpress/wp-content/plugins/echidna/classes/class-echidna.php on line 139
[13-Apr-2025 06:40:23 UTC] PHP Warning:  Undefined array key 4 in /wordpress/wp-content/plugins/echidna/classes/class-echidna.php on line 139
[13-Apr-2025 06:40:23 UTC] PHP Warning:  Undefined array key 3 in /wordpress/wp-content/plugins/echidna/classes/class-echidna.php on line 139
[13-Apr-2025 06:40:23 UTC] PHP Warning:  Undefined array key 4 in /wordpress/wp-content/plugins/echidna/classes/class-echidna.php on line 139

    at Object.onBind (file:///home/runner/work/playground-tester/playground-tester/node_modules/@wp-playground/cli/index.js:237:15)
    at process.processTicksAndRejections (node:internal/process/task_queues:105:5)
    at async V (file:///home/runner/work/playground-tester/playground-tester/node_modules/@wp-playground/cli/index.js:64:10)
    at async ja (file:///home/runner/work/playground-tester/playground-tester/node_modules/@wp-playground/cli/cli.js:8161:12) {
  [cause]: Error: Error when executing the blueprint step #5 ({"step":"installPlugin","pluginData":{"resource":"wordpress.org/plugins","slug":"ep-tools-eros-pedrini-tools-whosamungus-widget"},"options":{"activate":true}}) : Could not download "https://downloads.wordpress.org/plugin/ep-tools-eros-pedrini-tools-whosamungus-widget.latest-stable.zip".
  				Check if the URL is correct and the server is reachable.
  				If it is reachable, the server might be blocking the request.
  				Check the browser console and network tabs for more information.
  
  				## Does the console show the error "No 'Access-Control-Allow-Origin' header"?
  
  				This means the server that hosts your file does not allow requests from other sites
  				(cross-origin requests, or CORS).	You need to move the asset to a server that allows
  				cross-origin file downloads. Learn more about CORS at
  				https://developer.mozilla.org/en-US/docs/Web/HTTP/CORS.
  
  				If your file is on GitHub, load it from "raw.githubusercontent.com".
  				Here's how to do that:
  
  				1. Start with the original GitHub URL of the file. For example:
  				https://github.com/username/repository/blob/branch/filename.
  				2. Replace "github.com" with "raw.githubusercontent.com".
  				3. Remove the "/blob/" part of the URL.
  
  				The resulting URL should look like this:
  				https://raw.githubusercontent.com/username/repository/branch/filename
  
  				Error:
  				Error: Could not download "https://downloads.wordpress.org/plugin/ep-tools-eros-pedrini-tools-whosamungus-widget.latest-stable.zip"
      at Object.run (file:///home/runner/work/playground-tester/playground-tester/node_modules/@wp-playground/blueprints/index.js:12449:19)
      at process.processTicksAndRejections (node:internal/process/task_queues:105:5)
      at async ms (file:///home/runner/work/playground-tester
Node.js v23.11.0
