[
{"message":"file:///home/runner/work/playground-tester/playground-tester/node_modules/@wp-playground/cli/index.js:237\n        throw new Error(y, { cause: u });\n              ^\n","level":"FATAL","type":"PLAYGROUND","test":"asyncify-boot","plugin":"simple-table-of-contents","details":"file:///home/runner/work/playground-tester/playground-tester/node_modules/@wp-playground/cli/index.js:237\n        throw new Error(y, { cause: u });\n              ^\n","log":"/tmp/tmp.DuwJ53s2aI"}
,
{"message":"Unknown operation: MODIFY.","level":"FATAL","type":"SQL","test":"asyncify-boot","plugin":"simple-table-of-contents","details":"[13-May-2025 14:31:47 UTC] WordPress database error <div style=\"clear:both\">&nbsp;</div>\n<div class=\"queries\" style=\"clear:both;margin-bottom:2px;border:red dotted thin;\">\n<p>MySQL query:</p>\n<p>ALTER TABLE wp_shopmagic_automation_outcome_logs MODIFY `note` TEXT NOT NULL</p>\n<p>Queries made or created this session were:</p>\n<ol>\n<li>Executing: BEGIN | (no parameters)</li>\n<li>Executing: ROLLBACK | (no parameters)</li>\n</ol>\n</div>\n<div style=\"clear:both;margin-bottom:2px;border:red dotted thin;\" class=\"error_message\" style=\"border-bottom:dotted blue thin;\">\nError occurred at line 4117 in Function <code>handle_error</code>. Error message was: Unknown operation: MODIFY.\n</div>\n<p>Backtrace:</p>\n<pre>#0 /internal/shared/sqlite-database-integration/wp-includes/sqlite/class-wp-sqlite-db.php(287): WP_SQLite_Translator->get_error_message()\n#1 /wordpress/wp-content/plugins/shopmagic-for-woocommerce/migrations/Version_42.php(14): WP_SQLite_DB->query('ALTER TABLE wp_...')\n#2 /wordpress/wp-content/plugins/shopmagic-for-woocommerce/vendor_prefixed/wpdesk/wp-migrations/src/WpdbMigrator.php(88): WPDesk\\ShopMagic\\migrations\\Version_42->up()\n#3 /wordpress/wp-content/plugins/shopmagic-for-woocommerce/vendor_prefixed/wpdesk/wp-migrations/src/WpdbMigrator.php(70): ShopMagicVendor\\WPDesk\\Migrations\\WpdbMigrator->do_migrate()\n#4 /wordpress/wp-content/plugins/shopmagic-for-woocommerce/src/Plugin.php(185): ShopMagicVendor\\WPDesk\\Migrations\\WpdbMigrator->migrate()\n#5 /wordpress/wp-content/plugins/shopmagic-for-woocommerce/vendor_prefixed/wpdesk/wp-plugin-flow-common/src/Initialization/BuilderTrait.php(66): WPDesk\\ShopMagic\\Plugin->init()\n#6 /wordpress/wp-content/plugins/shopmagic-for-woocommerce/vendor_prefixed/wpdesk/wp-plugin-flow-common/src/Initialization/Simple/SimpleFreeStrategy.php(51): ShopMagicVendor\\WPDesk\\Plugin\\Flow\\Initialization\\Simple\\SimpleFreeStrategy->init_plugin(Object(WPDesk\\ShopMagic\\Plugin))\n#7 /wordpress/wp-content/plugins/shopmagic-for-woocommerce/vendor_prefixed/wpdesk/wp-plugin-flow-common/src/PluginBootstrap.php(83): ShopMagicVendor\\WPDesk\\Plugin\\Flow\\Initialization\\Simple\\SimpleFreeStrategy->run_init(Object(ShopMagicVendor\\WPDesk_Plugin_Info))\n#8 /wordpress/wp-includes/class-wp-hook.php(324): ShopMagicVendor\\WPDesk\\Plugin\\Flow\\PluginBootstrap::ShopMagicVendor\\WPDesk\\Plugin\\Flow\\{closure}('')\n#9 /wordpress/wp-includes/class-wp-hook.php(348): WP_Hook->apply_filters('', Array)\n#10 /wordpress/wp-includes/plugin.php(517): WP_Hook->do_action(Array)\n#11 /wordpress/wp-settings.php(578): do_action('plugins_loaded')\n#12 /wordpress/wp-config.php(102): require_once('/wordpress/wp-s...')\n#13 /wordpress/wp-load.php(50): require_once('/wordpress/wp-c...')\n#14 /internal/eval.php(3): require_once('/wordpress/wp-l...')\n#15 {main}</pre>\n for query ALTER TABLE wp_shopmagic_automation_outcome_logs MODIFY `note` TEXT NOT NULL made by require_once('wp-load.php'), require_once('wp-config.php'), require_once('wp-settings.php'), do_action('plugins_loaded'), WP_Hook->do_action, WP_Hook->apply_filters, ShopMagicVendor\\WPDesk\\Plugin\\Flow\\PluginBootstrap::ShopMagicVendor\\WPDesk\\Plugin\\Flow\\{closure}, ShopMagicVendor\\WPDesk\\Plugin\\Flow\\Initialization\\Simple\\SimpleFreeStrategy->run_init, ShopMagicVendor\\WPDesk\\Plugin\\Flow\\Initialization\\Simple\\SimpleFreeStrategy->init_plugin, WPDesk\\ShopMagic\\Plugin->init, ShopMagicVendor\\WPDesk\\Migrations\\WpdbMigrator->migrate, ShopMagicVendor\\WPDesk\\Migrations\\WpdbMigrator->do_migrate, WPDesk\\ShopMagic\\migrations\\Version_42->up, WP_SQLite_DB->query, WP_SQLite_DB->print_error","log":"/logs/plugins/s/simple-table-of-contents/error.json"}
,
{"message":"Error while upgrading a database:  in /wordpress/wp-content/plugins/shopmagic-for-woocommerce/vendor_prefixed/wpdesk/wp-migrations/src/WpdbMigrator.php on line 75","level":"WARNING","type":"PHP","test":"asyncify-boot","plugin":"simple-table-of-contents","details":"[13-May-2025 14:31:47 UTC] PHP Warning:  Error while upgrading a database:  in /wordpress/wp-content/plugins/shopmagic-for-woocommerce/vendor_prefixed/wpdesk/wp-migrations/src/WpdbMigrator.php on line 75","log":"/logs/plugins/s/simple-table-of-contents/error.json"}
,
{"message":"Unknown operation: MODIFY.","level":"FATAL","type":"SQL","test":"asyncify-boot","plugin":"simple-table-of-contents","details":"[13-May-2025 14:32:07 UTC] WordPress database error <div style=\"clear:both\">&nbsp;</div>\n<div class=\"queries\" style=\"clear:both;margin-bottom:2px;border:red dotted thin;\">\n<p>MySQL query:</p>\n<p>ALTER TABLE wp_shopmagic_automation_outcome_logs MODIFY `note` TEXT NOT NULL</p>\n<p>Queries made or created this session were:</p>\n<ol>\n<li>Executing: BEGIN | (no parameters)</li>\n<li>Executing: ROLLBACK | (no parameters)</li>\n</ol>\n</div>\n<div style=\"clear:both;margin-bottom:2px;border:red dotted thin;\" class=\"error_message\" style=\"border-bottom:dotted blue thin;\">\nError occurred at line 4117 in Function <code>handle_error</code>. Error message was: Unknown operation: MODIFY.\n</div>\n<p>Backtrace:</p>\n<pre>#0 /internal/shared/sqlite-database-integration/wp-includes/sqlite/class-wp-sqlite-db.php(287): WP_SQLite_Translator->get_error_message()\n#1 /wordpress/wp-content/plugins/shopmagic-for-woocommerce/migrations/Version_42.php(14): WP_SQLite_DB->query('ALTER TABLE wp_...')\n#2 /wordpress/wp-content/plugins/shopmagic-for-woocommerce/vendor_prefixed/wpdesk/wp-migrations/src/WpdbMigrator.php(88): WPDesk\\ShopMagic\\migrations\\Version_42->up()\n#3 /wordpress/wp-content/plugins/shopmagic-for-woocommerce/vendor_prefixed/wpdesk/wp-migrations/src/WpdbMigrator.php(70): ShopMagicVendor\\WPDesk\\Migrations\\WpdbMigrator->do_migrate()\n#4 /wordpress/wp-content/plugins/shopmagic-for-woocommerce/src/Plugin.php(185): ShopMagicVendor\\WPDesk\\Migrations\\WpdbMigrator->migrate()\n#5 /wordpress/wp-content/plugins/shopmagic-for-woocommerce/vendor_prefixed/wpdesk/wp-plugin-flow-common/src/Initialization/BuilderTrait.php(66): WPDesk\\ShopMagic\\Plugin->init()\n#6 /wordpress/wp-content/plugins/shopmagic-for-woocommerce/vendor_prefixed/wpdesk/wp-plugin-flow-common/src/Initialization/Simple/SimpleFreeStrategy.php(51): ShopMagicVendor\\WPDesk\\Plugin\\Flow\\Initialization\\Simple\\SimpleFreeStrategy->init_plugin(Object(WPDesk\\ShopMagic\\Plugin))\n#7 /wordpress/wp-content/plugins/shopmagic-for-woocommerce/vendor_prefixed/wpdesk/wp-plugin-flow-common/src/PluginBootstrap.php(83): ShopMagicVendor\\WPDesk\\Plugin\\Flow\\Initialization\\Simple\\SimpleFreeStrategy->run_init(Object(ShopMagicVendor\\WPDesk_Plugin_Info))\n#8 /wordpress/wp-includes/class-wp-hook.php(324): ShopMagicVendor\\WPDesk\\Plugin\\Flow\\PluginBootstrap::ShopMagicVendor\\WPDesk\\Plugin\\Flow\\{closure}('')\n#9 /wordpress/wp-includes/class-wp-hook.php(348): WP_Hook->apply_filters('', Array)\n#10 /wordpress/wp-includes/plugin.php(517): WP_Hook->do_action(Array)\n#11 /wordpress/wp-settings.php(578): do_action('plugins_loaded')\n#12 /wordpress/wp-config.php(102): require_once('/wordpress/wp-s...')\n#13 /wordpress/wp-load.php(50): require_once('/wordpress/wp-c...')\n#14 /internal/eval.php(3): require_once('/wordpress/wp-l...')\n#15 {main}</pre>\n for query ALTER TABLE wp_shopmagic_automation_outcome_logs MODIFY `note` TEXT NOT NULL made by require_once('wp-load.php'), require_once('wp-config.php'), require_once('wp-settings.php'), do_action('plugins_loaded'), WP_Hook->do_action, WP_Hook->apply_filters, ShopMagicVendor\\WPDesk\\Plugin\\Flow\\PluginBootstrap::ShopMagicVendor\\WPDesk\\Plugin\\Flow\\{closure}, ShopMagicVendor\\WPDesk\\Plugin\\Flow\\Initialization\\Simple\\SimpleFreeStrategy->run_init, ShopMagicVendor\\WPDesk\\Plugin\\Flow\\Initialization\\Simple\\SimpleFreeStrategy->init_plugin, WPDesk\\ShopMagic\\Plugin->init, ShopMagicVendor\\WPDesk\\Migrations\\WpdbMigrator->migrate, ShopMagicVendor\\WPDesk\\Migrations\\WpdbMigrator->do_migrate, WPDesk\\ShopMagic\\migrations\\Version_42->up, WP_SQLite_DB->query, WP_SQLite_DB->print_error","log":"/logs/plugins/s/simple-table-of-contents/error.json"}
,
{"message":"Error while upgrading a database:  in /wordpress/wp-content/plugins/shopmagic-for-woocommerce/vendor_prefixed/wpdesk/wp-migrations/src/WpdbMigrator.php on line 75","level":"WARNING","type":"PHP","test":"asyncify-boot","plugin":"simple-table-of-contents","details":"[13-May-2025 14:32:07 UTC] PHP Warning:  Error while upgrading a database:  in /wordpress/wp-content/plugins/shopmagic-for-woocommerce/vendor_prefixed/wpdesk/wp-migrations/src/WpdbMigrator.php on line 75","log":"/logs/plugins/s/simple-table-of-contents/error.json"}
,
{"message":"Uncaught Error: Undefined constant \"SWS_PLUGIN_TITLE\" in /wordpress/wp-content/plugins/smart-wp-seo/smart-wordpresss-seo.php:19","level":"FATAL","type":"PHP","test":"asyncify-boot","plugin":"simple-table-of-contents","details":"[13-May-2025 14:33:12 UTC] PHP Fatal error:  Uncaught Error: Undefined constant \"SWS_PLUGIN_TITLE\" in /wordpress/wp-content/plugins/smart-wp-seo/smart-wordpresss-seo.php:19\nStack trace:\n#0 /wordpress/wp-admin/includes/plugin.php(2387): include_once()\n#1 /wordpress/wp-admin/includes/plugin.php(673): plugin_sandbox_scrape('smart-wp-seo/sm...')\n#2 /internal/eval.php(20): activate_plugin('smart-wp-seo/sm...')\n#3 {main}\n  thrown in /wordpress/wp-content/plugins/smart-wp-seo/smart-wordpresss-seo.php on line 19","log":"/logs/plugins/s/simple-table-of-contents/error.json"}
,
{"message":"Uncaught Error: Undefined constant \"SWS_PLUGIN_TITLE\" in /wordpress/wp-content/plugins/smart-wp-seo/smart-wordpresss-seo.php:19","level":"FATAL","type":"PHP","test":"asyncify-boot","plugin":"simple-table-of-contents","details":"[13-May-2025 14:33:20 UTC] PHP Fatal error:  Uncaught Error: Undefined constant \"SWS_PLUGIN_TITLE\" in /wordpress/wp-content/plugins/smart-wp-seo/smart-wordpresss-seo.php:19\nStack trace:\n#0 /wordpress/wp-admin/includes/plugin.php(2387): include_once()\n#1 /wordpress/wp-admin/includes/plugin.php(673): plugin_sandbox_scrape('smart-wp-seo/sm...')\n#2 /internal/eval.php(20): activate_plugin('smart-wp-seo/sm...')\n#3 {main}\n  thrown in /wordpress/wp-content/plugins/smart-wp-seo/smart-wordpresss-seo.php on line 19","log":"/logs/plugins/s/simple-table-of-contents/error.json"}
,
{"message":"Uncaught Error: Undefined constant \"SWS_PLUGIN_TITLE\" in /wordpress/wp-content/plugins/smart-wp-seo/smart-wordpresss-seo.php:19","level":"FATAL","type":"PHP","test":"asyncify-boot","plugin":"simple-table-of-contents","details":"[13-May-2025 14:33:28 UTC] PHP Fatal error:  Uncaught Error: Undefined constant \"SWS_PLUGIN_TITLE\" in /wordpress/wp-content/plugins/smart-wp-seo/smart-wordpresss-seo.php:19\nStack trace:\n#0 /wordpress/wp-admin/includes/plugin.php(2387): include_once()\n#1 /wordpress/wp-admin/includes/plugin.php(673): plugin_sandbox_scrape('smart-wp-seo/sm...')\n#2 /internal/eval.php(20): activate_plugin('smart-wp-seo/sm...')\n#3 {main}\n  thrown in /wordpress/wp-content/plugins/smart-wp-seo/smart-wordpresss-seo.php on line 19","log":"/logs/plugins/s/simple-table-of-contents/error.json"}
,
{"message":"Unparenthesized `a ? b : c ? d : e` is not supported. Use either `(a ? b : c) ? d : e` or `a ? b : (c ? d : e)` in /wordpress/wp-content/plugins/social-media-trifecta/admin_menus/classes/class-trifecta-instagram.php on line 100","level":"FATAL","type":"PHP","test":"asyncify-boot","plugin":"simple-table-of-contents","details":"[13-May-2025 14:33:37 UTC] PHP Fatal error:  Unparenthesized `a ? b : c ? d : e` is not supported. Use either `(a ? b : c) ? d : e` or `a ? b : (c ? d : e)` in /wordpress/wp-content/plugins/social-media-trifecta/admin_menus/classes/class-trifecta-instagram.php on line 100","log":"/logs/plugins/s/simple-table-of-contents/error.json"}
,
{"message":"Unparenthesized `a ? b : c ? d : e` is not supported. Use either `(a ? b : c) ? d : e` or `a ? b : (c ? d : e)` in /wordpress/wp-content/plugins/social-media-trifecta/admin_menus/classes/class-trifecta-instagram.php on line 100","level":"FATAL","type":"PHP","test":"asyncify-boot","plugin":"simple-table-of-contents","details":"[13-May-2025 14:33:45 UTC] PHP Fatal error:  Unparenthesized `a ? b : c ? d : e` is not supported. Use either `(a ? b : c) ? d : e` or `a ? b : (c ? d : e)` in /wordpress/wp-content/plugins/social-media-trifecta/admin_menus/classes/class-trifecta-instagram.php on line 100","log":"/logs/plugins/s/simple-table-of-contents/error.json"}
,
{"message":"Unparenthesized `a ? b : c ? d : e` is not supported. Use either `(a ? b : c) ? d : e` or `a ? b : (c ? d : e)` in /wordpress/wp-content/plugins/social-media-trifecta/admin_menus/classes/class-trifecta-instagram.php on line 100","level":"FATAL","type":"PHP","test":"asyncify-boot","plugin":"simple-table-of-contents","details":"[13-May-2025 14:33:54 UTC] PHP Fatal error:  Unparenthesized `a ? b : c ? d : e` is not supported. Use either `(a ? b : c) ? d : e` or `a ? b : (c ? d : e)` in /wordpress/wp-content/plugins/social-media-trifecta/admin_menus/classes/class-trifecta-instagram.php on line 100","log":"/logs/plugins/s/simple-table-of-contents/error.json"}
,
{"message":"Undefined array key \"HTTP_REFERER\" in /wordpress/wp-content/plugins/spam-free/index.php on line 35","level":"WARNING","type":"PHP","test":"asyncify-boot","plugin":"simple-table-of-contents","details":"[13-May-2025 14:34:31 UTC] PHP Warning:  Undefined array key \"HTTP_REFERER\" in /wordpress/wp-content/plugins/spam-free/index.php on line 35","log":"/logs/plugins/s/simple-table-of-contents/error.json"}
,
{"message":"Undefined array key \"HTTP_REFERER\" in /wordpress/wp-content/plugins/spam-free/index.php on line 35","level":"WARNING","type":"PHP","test":"asyncify-boot","plugin":"simple-table-of-contents","details":"[13-May-2025 14:34:41 UTC] PHP Warning:  Undefined array key \"HTTP_REFERER\" in /wordpress/wp-content/plugins/spam-free/index.php on line 35","log":"/logs/plugins/s/simple-table-of-contents/error.json"}
,
{"message":"Undefined array key \"HTTP_REFERER\" in /wordpress/wp-content/plugins/spam-free/index.php on line 35","level":"WARNING","type":"PHP","test":"asyncify-boot","plugin":"simple-table-of-contents","details":"[13-May-2025 14:34:50 UTC] PHP Warning:  Undefined array key \"HTTP_REFERER\" in /wordpress/wp-content/plugins/spam-free/index.php on line 35","log":"/logs/plugins/s/simple-table-of-contents/error.json"}
,
{"message":"Required parameter $id_or_email follows optional parameter $avatar in /wordpress/wp-content/plugins/simple-intranet-directory/avatars.php on line 51","level":"DEPRECATED","type":"PHP","test":"asyncify-boot","plugin":"simple-table-of-contents","details":"[13-May-2025 14:36:20 UTC] PHP Deprecated:  Required parameter $id_or_email follows optional parameter $avatar in /wordpress/wp-content/plugins/simple-intranet-directory/avatars.php on line 51","log":"/logs/plugins/s/simple-table-of-contents/error.json"}
,
{"message":"Uncaught Error: Call to undefined function create_function() in /wordpress/wp-content/plugins/simple-intranet-directory/main.php:1662","level":"FATAL","type":"PHP","test":"asyncify-boot","plugin":"simple-table-of-contents","details":"[13-May-2025 14:36:20 UTC] PHP Fatal error:  Uncaught Error: Call to undefined function create_function() in /wordpress/wp-content/plugins/simple-intranet-directory/main.php:1662\nStack trace:\n#0 /wordpress/wp-admin/includes/plugin.php(2387): include_once()\n#1 /wordpress/wp-admin/includes/plugin.php(673): plugin_sandbox_scrape('simple-intranet...')\n#2 /internal/eval.php(20): activate_plugin('simple-intranet...')\n#3 {main}\n  thrown in /wordpress/wp-content/plugins/simple-intranet-directory/main.php on line 1662","log":"/logs/plugins/s/simple-table-of-contents/error.json"}
,
{"message":"Required parameter $id_or_email follows optional parameter $avatar in /wordpress/wp-content/plugins/simple-intranet-directory/avatars.php on line 51","level":"DEPRECATED","type":"PHP","test":"asyncify-boot","plugin":"simple-table-of-contents","details":"[13-May-2025 14:36:28 UTC] PHP Deprecated:  Required parameter $id_or_email follows optional parameter $avatar in /wordpress/wp-content/plugins/simple-intranet-directory/avatars.php on line 51","log":"/logs/plugins/s/simple-table-of-contents/error.json"}
,
{"message":"Uncaught Error: Call to undefined function create_function() in /wordpress/wp-content/plugins/simple-intranet-directory/main.php:1662","level":"FATAL","type":"PHP","test":"asyncify-boot","plugin":"simple-table-of-contents","details":"[13-May-2025 14:36:28 UTC] PHP Fatal error:  Uncaught Error: Call to undefined function create_function() in /wordpress/wp-content/plugins/simple-intranet-directory/main.php:1662\nStack trace:\n#0 /wordpress/wp-admin/includes/plugin.php(2387): include_once()\n#1 /wordpress/wp-admin/includes/plugin.php(673): plugin_sandbox_scrape('simple-intranet...')\n#2 /internal/eval.php(20): activate_plugin('simple-intranet...')\n#3 {main}\n  thrown in /wordpress/wp-content/plugins/simple-intranet-directory/main.php on line 1662","log":"/logs/plugins/s/simple-table-of-contents/error.json"}
,
{"message":"Required parameter $id_or_email follows optional parameter $avatar in /wordpress/wp-content/plugins/simple-intranet-directory/avatars.php on line 51","level":"DEPRECATED","type":"PHP","test":"asyncify-boot","plugin":"simple-table-of-contents","details":"[13-May-2025 14:36:37 UTC] PHP Deprecated:  Required parameter $id_or_email follows optional parameter $avatar in /wordpress/wp-content/plugins/simple-intranet-directory/avatars.php on line 51","log":"/logs/plugins/s/simple-table-of-contents/error.json"}
,
{"message":"Uncaught Error: Call to undefined function create_function() in /wordpress/wp-content/plugins/simple-intranet-directory/main.php:1662","level":"FATAL","type":"PHP","test":"asyncify-boot","plugin":"simple-table-of-contents","details":"[13-May-2025 14:36:37 UTC] PHP Fatal error:  Uncaught Error: Call to undefined function create_function() in /wordpress/wp-content/plugins/simple-intranet-directory/main.php:1662\nStack trace:\n#0 /wordpress/wp-admin/includes/plugin.php(2387): include_once()\n#1 /wordpress/wp-admin/includes/plugin.php(673): plugin_sandbox_scrape('simple-intranet...')\n#2 /internal/eval.php(20): activate_plugin('simple-intranet...')\n#3 {main}\n  thrown in /wordpress/wp-content/plugins/simple-intranet-directory/main.php on line 1662","log":"/logs/plugins/s/simple-table-of-contents/error.json"}
,
{"message":"Uncaught Exception: DateTimeZone::__construct(): Unknown or bad timezone () in /wordpress/wp-content/plugins/simple-schedule-notice/simple-schedule-notice.php:47","level":"FATAL","type":"PHP","test":"asyncify-boot","plugin":"simple-table-of-contents","details":"[13-May-2025 14:37:34 UTC] PHP Fatal error:  Uncaught Exception: DateTimeZone::__construct(): Unknown or bad timezone () in /wordpress/wp-content/plugins/simple-schedule-notice/simple-schedule-notice.php:47\nStack trace:\n#0 /wordpress/wp-content/plugins/simple-schedule-notice/simple-schedule-notice.php(47): DateTimeZone->__construct('')\n#1 /wordpress/wp-content/plugins/simple-schedule-notice/simple-schedule-notice.php(944): Simple_Schedulenotice_Class->__construct()\n#2 /wordpress/wp-admin/includes/plugin.php(2387): include_once('/wordpress/wp-c...')\n#3 /wordpress/wp-admin/includes/plugin.php(673): plugin_sandbox_scrape('simple-schedule...')\n#4 /internal/eval.php(20): activate_plugin('simple-schedule...')\n#5 {main}\n  thrown in /wordpress/wp-content/plugins/simple-schedule-notice/simple-schedule-notice.php on line 47","log":"/logs/plugins/s/simple-table-of-contents/error.json"}
,
{"message":"Uncaught Exception: DateTimeZone::__construct(): Unknown or bad timezone () in /wordpress/wp-content/plugins/simple-schedule-notice/simple-schedule-notice.php:47","level":"FATAL","type":"PHP","test":"asyncify-boot","plugin":"simple-table-of-contents","details":"[13-May-2025 14:37:42 UTC] PHP Fatal error:  Uncaught Exception: DateTimeZone::__construct(): Unknown or bad timezone () in /wordpress/wp-content/plugins/simple-schedule-notice/simple-schedule-notice.php:47\nStack trace:\n#0 /wordpress/wp-content/plugins/simple-schedule-notice/simple-schedule-notice.php(47): DateTimeZone->__construct('')\n#1 /wordpress/wp-content/plugins/simple-schedule-notice/simple-schedule-notice.php(944): Simple_Schedulenotice_Class->__construct()\n#2 /wordpress/wp-admin/includes/plugin.php(2387): include_once('/wordpress/wp-c...')\n#3 /wordpress/wp-admin/includes/plugin.php(673): plugin_sandbox_scrape('simple-schedule...')\n#4 /internal/eval.php(20): activate_plugin('simple-schedule...')\n#5 {main}\n  thrown in /wordpress/wp-content/plugins/simple-schedule-notice/simple-schedule-notice.php on line 47","log":"/logs/plugins/s/simple-table-of-contents/error.json"}
,
{"message":"Uncaught Exception: DateTimeZone::__construct(): Unknown or bad timezone () in /wordpress/wp-content/plugins/simple-schedule-notice/simple-schedule-notice.php:47","level":"FATAL","type":"PHP","test":"asyncify-boot","plugin":"simple-table-of-contents","details":"[13-May-2025 14:37:51 UTC] PHP Fatal error:  Uncaught Exception: DateTimeZone::__construct(): Unknown or bad timezone () in /wordpress/wp-content/plugins/simple-schedule-notice/simple-schedule-notice.php:47\nStack trace:\n#0 /wordpress/wp-content/plugins/simple-schedule-notice/simple-schedule-notice.php(47): DateTimeZone->__construct('')\n#1 /wordpress/wp-content/plugins/simple-schedule-notice/simple-schedule-notice.php(944): Simple_Schedulenotice_Class->__construct()\n#2 /wordpress/wp-admin/includes/plugin.php(2387): include_once('/wordpress/wp-c...')\n#3 /wordpress/wp-admin/includes/plugin.php(673): plugin_sandbox_scrape('simple-schedule...')\n#4 /internal/eval.php(20): activate_plugin('simple-schedule...')\n#5 {main}\n  thrown in /wordpress/wp-content/plugins/simple-schedule-notice/simple-schedule-notice.php on line 47\n\n    at Object.onBind (file:///home/runner/work/playground-tester/playground-tester/node_modules/@wp-playground/cli/index.js:237:15)\n    at process.processTicksAndRejections (node:internal/process/task_queues:105:5)\n    at async V (file:///home/runner/work/playground-tester/playground-tester/node_modules/@wp-playground/cli/index.js:64:10)\n    at async ja (file:///home/runner/work/playground-tester/playground-tester/node_modules/@wp-playground/cli/cli.js:8161:12) {\n  [cause]: Error: Error when executing the blueprint step #1 ({\"step\":\"installPlugin\",\"pluginData\":{\"resource\":\"wordpress.org/plugins\",\"slug\":\"simple-table-of-contents\"},\"options\":{\"activate\":true}}) : Could not download \"https://downloads.wordpress.org/plugin/simple-table-of-contents.latest-stable.zip\".\n  \t\t\t\tCheck if the URL is correct and the server is reachable.\n  \t\t\t\tIf it is reachable, the server might be blocking the request.\n  \t\t\t\tCheck the browser console and network tabs for more information.\n  \n  \t\t\t\t## Does the console show the error \"No 'Access-Control-Allow-Origin' header\"?\n  \n  \t\t\t\tThis means the server that hosts your file does not allow requests from other sites\n  \t\t\t\t(cross-origin requests, or CORS).\tYou need to move the asset to a server that allows\n  \t\t\t\tcross-origin file downloads. Learn more about CORS at\n  \t\t\t\thttps://developer.mozilla.org/en-US/docs/Web/HTTP/CORS.\n  \n  \t\t\t\tIf your file is on GitHub, load it from \"raw.githubusercontent.com\".\n  \t\t\t\tHere's how to do that:\n  \n  \t\t\t\t1. Start with the original GitHub URL of the file. For example:\n  \t\t\t\thttps://github.com/username/repository/blob/branch/filename.\n  \t\t\t\t2. Replace \"github.com\" with \"raw.githubusercontent.com\".\n  \t\t\t\t3. Remove the \"/blob/\" part of the URL.\n  \n  \t\t\t\tThe resulting URL should look like this:\n  \t\t\t\thttps://raw.githubusercontent.com/username/repository/branch/filename\n  \n  \t\t\t\tError:\n  \t\t\t\tError: Could not download \"https://downloads.wordpress.org/plugin/simple-table-of-contents.latest-stable.zip\"\n      at Object.run (file:///home/runner/work/playground-tester/playground-tester/node_modules/@wp-playground/blueprints/index.js:12449:19)\n      at process.processTicksAndRejections (node:internal/process/task_queues:105:5)\n      at async ms (file:///home/runner/work/playground-tester/playground-tester/node_modules/@wp-playground/blueprints/index.js:12552:3)\n      at async Object.onBind (file:///home/runner/work/playground-tester/playground-tester/node_modules/@wp-playground/cli/index.js:227:48)\n      at async V (file:///home/runner/work/playground-tester/playground-tester/node_modules/@wp-playground/cli/index.js:64:10)\n      at async ja (file:///home/runner/work/playground-tester/playground-tester/node_modules/@wp-playground/cli/cli.js:8161:12) {\n    [cause]: Error: Could not download \"https://downloads.wordpress.org/plugin/simple-table-of-contents.latest-stable.zip\".\n    \t\t\t\tCheck if the URL is correct and the server is reachable.\n    \t\t\t\tIf it is reachable, the server might be blocking the request.\n    \t\t\t\tCheck the browser console and network tabs for more information.\n    \n    \t\t\t\t## Does the console show the error \"No 'Access-Control-Allow-Origin' header\"?\n    \n    \t\t\t\tThis means the server that hosts your file does not allow requests from other sites\n    \t\t\t\t(cross-origin requests, or CORS).\tYou need to move the asset to a server that allows\n    \t\t\t\tcross-origin file downloads. Learn more about CORS at\n    \t\t\t\thttps://developer.mozilla.org/en-US/docs/Web/HTTP/CORS.\n    \n    \t\t\t\tIf your file is on GitHub, load it from \"raw.githubusercontent.com\".\n    \t\t\t\tHere's how to do that:\n    \n    \t\t\t\t1. Start with the original GitHub URL of the file. For example:\n    \t\t\t\thttps://github.com/username/repository/blob/branch/filename.\n    \t\t\t\t2. Replace \"github.com\" with \"raw.githubusercontent.com\".\n    \t\t\t\t3. Remove the \"/blob/\" part of the URL.\n    \n    \t\t\t\tThe resulting URL should look like this:\n    \t\t\t\thttps://raw.githubusercontent.com/username/repository/branch/filename\n    \n    \t\t\t\tError:\n    \t\t\t\tError: Could not download \"https://downloads.wordpress.org/plugin/simple-table-of-contents.latest-stable.zip\"\n        at Ct.resolve (file:///home/runner/work/playground-tester/playground-tester/node_modules/@wp-playground/blueprints/index.js:1472:13)\n        at process.processTicksAndRejections (node:internal/process/task_queues:105:5)\n        at async _.run (file:///home/runner/work/playground-tester/playground-tester/node_modules/@php-wasm/util/index.js:45:14)\n  }\n}\n\n","log":"/logs/plugins/s/simple-table-of-contents/error.json"}
]
