[
  {
    "message": "file:///home/runner/work/playground-tester/playground-tester/node_modules/@wp-playground/cli/index.js:237\n        throw new Error(y, { cause: u });\n              ^\n",
    "level": "FATAL",
    "type": "PLAYGROUND",
    "test": "ast-sqlite-boot",
    "plugin": "fluid",
    "details": "file:///home/runner/work/playground-tester/playground-tester/node_modules/@wp-playground/cli/index.js:237\n        throw new Error(y, { cause: u });\n              ^\n",
    "log": "/tmp/tmp.AhGkcMMe9B"
  },
  {
    "message": "include(/wordpress/wp-content/plugins/fs-store-locator\\includes\\fssl-admin-function.php): Failed to open stream: No such file or directory in /wordpress/wp-content/plugins/fs-store-locator/fssl-store-locator.php on line 15",
    "level": "WARNING",
    "type": "PHP",
    "test": "ast-sqlite-boot",
    "plugin": "fluid",
    "details": "[07-May-2025 17:26:20 UTC] PHP Warning:  include(/wordpress/wp-content/plugins/fs-store-locator\\includes\\fssl-admin-function.php): Failed to open stream: No such file or directory in /wordpress/wp-content/plugins/fs-store-locator/fssl-store-locator.php on line 15",
    "log": "/logs/plugins/f/fluid/error.json"
  },
  {
    "message": "include(): Failed opening '/wordpress/wp-content/plugins/fs-store-locator\\includes\\fssl-admin-function.php' for inclusion (include_path='.:') in /wordpress/wp-content/plugins/fs-store-locator/fssl-store-locator.php on line 15",
    "level": "WARNING",
    "type": "PHP",
    "test": "ast-sqlite-boot",
    "plugin": "fluid",
    "details": "[07-May-2025 17:26:20 UTC] PHP Warning:  include(): Failed opening '/wordpress/wp-content/plugins/fs-store-locator\\includes\\fssl-admin-function.php' for inclusion (include_path='.:') in /wordpress/wp-content/plugins/fs-store-locator/fssl-store-locator.php on line 15",
    "log": "/logs/plugins/f/fluid/error.json"
  },
  {
    "message": "include(/wordpress/wp-content/plugins/fs-store-locator\\includes\\fssl-view-function.php): Failed to open stream: No such file or directory in /wordpress/wp-content/plugins/fs-store-locator/fssl-store-locator.php on line 16",
    "level": "WARNING",
    "type": "PHP",
    "test": "ast-sqlite-boot",
    "plugin": "fluid",
    "details": "[07-May-2025 17:26:20 UTC] PHP Warning:  include(/wordpress/wp-content/plugins/fs-store-locator\\includes\\fssl-view-function.php): Failed to open stream: No such file or directory in /wordpress/wp-content/plugins/fs-store-locator/fssl-store-locator.php on line 16",
    "log": "/logs/plugins/f/fluid/error.json"
  },
  {
    "message": "include(): Failed opening '/wordpress/wp-content/plugins/fs-store-locator\\includes\\fssl-view-function.php' for inclusion (include_path='.:') in /wordpress/wp-content/plugins/fs-store-locator/fssl-store-locator.php on line 16",
    "level": "WARNING",
    "type": "PHP",
    "test": "ast-sqlite-boot",
    "plugin": "fluid",
    "details": "[07-May-2025 17:26:20 UTC] PHP Warning:  include(): Failed opening '/wordpress/wp-content/plugins/fs-store-locator\\includes\\fssl-view-function.php' for inclusion (include_path='.:') in /wordpress/wp-content/plugins/fs-store-locator/fssl-store-locator.php on line 16",
    "log": "/logs/plugins/f/fluid/error.json"
  },
  {
    "message": "include(/wordpress/wp-content/plugins/fs-store-locator\\includes\\fssl-admin-function.php): Failed to open stream: No such file or directory in /wordpress/wp-content/plugins/fs-store-locator/fssl-store-locator.php on line 15",
    "level": "WARNING",
    "type": "PHP",
    "test": "ast-sqlite-boot",
    "plugin": "fluid",
    "details": "[07-May-2025 17:26:21 UTC] PHP Warning:  include(/wordpress/wp-content/plugins/fs-store-locator\\includes\\fssl-admin-function.php): Failed to open stream: No such file or directory in /wordpress/wp-content/plugins/fs-store-locator/fssl-store-locator.php on line 15",
    "log": "/logs/plugins/f/fluid/error.json"
  },
  {
    "message": "include(): Failed opening '/wordpress/wp-content/plugins/fs-store-locator\\includes\\fssl-admin-function.php' for inclusion (include_path='.:') in /wordpress/wp-content/plugins/fs-store-locator/fssl-store-locator.php on line 15",
    "level": "WARNING",
    "type": "PHP",
    "test": "ast-sqlite-boot",
    "plugin": "fluid",
    "details": "[07-May-2025 17:26:21 UTC] PHP Warning:  include(): Failed opening '/wordpress/wp-content/plugins/fs-store-locator\\includes\\fssl-admin-function.php' for inclusion (include_path='.:') in /wordpress/wp-content/plugins/fs-store-locator/fssl-store-locator.php on line 15",
    "log": "/logs/plugins/f/fluid/error.json"
  },
  {
    "message": "include(/wordpress/wp-content/plugins/fs-store-locator\\includes\\fssl-view-function.php): Failed to open stream: No such file or directory in /wordpress/wp-content/plugins/fs-store-locator/fssl-store-locator.php on line 16",
    "level": "WARNING",
    "type": "PHP",
    "test": "ast-sqlite-boot",
    "plugin": "fluid",
    "details": "[07-May-2025 17:26:21 UTC] PHP Warning:  include(/wordpress/wp-content/plugins/fs-store-locator\\includes\\fssl-view-function.php): Failed to open stream: No such file or directory in /wordpress/wp-content/plugins/fs-store-locator/fssl-store-locator.php on line 16",
    "log": "/logs/plugins/f/fluid/error.json"
  },
  {
    "message": "include(): Failed opening '/wordpress/wp-content/plugins/fs-store-locator\\includes\\fssl-view-function.php' for inclusion (include_path='.:') in /wordpress/wp-content/plugins/fs-store-locator/fssl-store-locator.php on line 16",
    "level": "WARNING",
    "type": "PHP",
    "test": "ast-sqlite-boot",
    "plugin": "fluid",
    "details": "[07-May-2025 17:26:21 UTC] PHP Warning:  include(): Failed opening '/wordpress/wp-content/plugins/fs-store-locator\\includes\\fssl-view-function.php' for inclusion (include_path='.:') in /wordpress/wp-content/plugins/fs-store-locator/fssl-store-locator.php on line 16",
    "log": "/logs/plugins/f/fluid/error.json"
  },
  {
    "message": "Uncaught TypeError: call_user_func_array(): Argument #1 ($callback) must be a valid callback, function \"fssl_store_locator\" not found or invalid function name in /wordpress/wp-includes/class-wp-hook.php:324",
    "level": "FATAL",
    "type": "PHP",
    "test": "ast-sqlite-boot",
    "plugin": "fluid",
    "details": "[07-May-2025 17:26:21 UTC] PHP Fatal error:  Uncaught TypeError: call_user_func_array(): Argument #1 ($callback) must be a valid callback, function \"fssl_store_locator\" not found or invalid function name in /wordpress/wp-includes/class-wp-hook.php:324\nStack trace:\n#0 /wordpress/wp-includes/class-wp-hook.php(348): WP_Hook->apply_filters(NULL, Array)\n#1 /wordpress/wp-includes/plugin.php(517): WP_Hook->do_action(Array)\n#2 /wordpress/wp-settings.php(727): do_action('init')\n#3 /wordpress/wp-config.php(102): require_once('/wordpress/wp-s...')\n#4 /wordpress/wp-load.php(50): require_once('/wordpress/wp-c...')\n#5 /internal/eval.php(3): require_once('/wordpress/wp-l...')\n#6 {main}\n  thrown in /wordpress/wp-includes/class-wp-hook.php on line 324",
    "log": "/logs/plugins/f/fluid/error.json"
  },
  {
    "message": "include(/wordpress/wp-content/plugins/fs-store-locator\\includes\\fssl-admin-function.php): Failed to open stream: No such file or directory in /wordpress/wp-content/plugins/fs-store-locator/fssl-store-locator.php on line 15",
    "level": "WARNING",
    "type": "PHP",
    "test": "ast-sqlite-boot",
    "plugin": "fluid",
    "details": "[07-May-2025 17:26:29 UTC] PHP Warning:  include(/wordpress/wp-content/plugins/fs-store-locator\\includes\\fssl-admin-function.php): Failed to open stream: No such file or directory in /wordpress/wp-content/plugins/fs-store-locator/fssl-store-locator.php on line 15",
    "log": "/logs/plugins/f/fluid/error.json"
  },
  {
    "message": "include(): Failed opening '/wordpress/wp-content/plugins/fs-store-locator\\includes\\fssl-admin-function.php' for inclusion (include_path='.:') in /wordpress/wp-content/plugins/fs-store-locator/fssl-store-locator.php on line 15",
    "level": "WARNING",
    "type": "PHP",
    "test": "ast-sqlite-boot",
    "plugin": "fluid",
    "details": "[07-May-2025 17:26:29 UTC] PHP Warning:  include(): Failed opening '/wordpress/wp-content/plugins/fs-store-locator\\includes\\fssl-admin-function.php' for inclusion (include_path='.:') in /wordpress/wp-content/plugins/fs-store-locator/fssl-store-locator.php on line 15",
    "log": "/logs/plugins/f/fluid/error.json"
  },
  {
    "message": "include(/wordpress/wp-content/plugins/fs-store-locator\\includes\\fssl-view-function.php): Failed to open stream: No such file or directory in /wordpress/wp-content/plugins/fs-store-locator/fssl-store-locator.php on line 16",
    "level": "WARNING",
    "type": "PHP",
    "test": "ast-sqlite-boot",
    "plugin": "fluid",
    "details": "[07-May-2025 17:26:29 UTC] PHP Warning:  include(/wordpress/wp-content/plugins/fs-store-locator\\includes\\fssl-view-function.php): Failed to open stream: No such file or directory in /wordpress/wp-content/plugins/fs-store-locator/fssl-store-locator.php on line 16",
    "log": "/logs/plugins/f/fluid/error.json"
  },
  {
    "message": "include(): Failed opening '/wordpress/wp-content/plugins/fs-store-locator\\includes\\fssl-view-function.php' for inclusion (include_path='.:') in /wordpress/wp-content/plugins/fs-store-locator/fssl-store-locator.php on line 16",
    "level": "WARNING",
    "type": "PHP",
    "test": "ast-sqlite-boot",
    "plugin": "fluid",
    "details": "[07-May-2025 17:26:29 UTC] PHP Warning:  include(): Failed opening '/wordpress/wp-content/plugins/fs-store-locator\\includes\\fssl-view-function.php' for inclusion (include_path='.:') in /wordpress/wp-content/plugins/fs-store-locator/fssl-store-locator.php on line 16",
    "log": "/logs/plugins/f/fluid/error.json"
  },
  {
    "message": "include(/wordpress/wp-content/plugins/fs-store-locator\\includes\\fssl-admin-function.php): Failed to open stream: No such file or directory in /wordpress/wp-content/plugins/fs-store-locator/fssl-store-locator.php on line 15",
    "level": "WARNING",
    "type": "PHP",
    "test": "ast-sqlite-boot",
    "plugin": "fluid",
    "details": "[07-May-2025 17:26:30 UTC] PHP Warning:  include(/wordpress/wp-content/plugins/fs-store-locator\\includes\\fssl-admin-function.php): Failed to open stream: No such file or directory in /wordpress/wp-content/plugins/fs-store-locator/fssl-store-locator.php on line 15",
    "log": "/logs/plugins/f/fluid/error.json"
  },
  {
    "message": "include(): Failed opening '/wordpress/wp-content/plugins/fs-store-locator\\includes\\fssl-admin-function.php' for inclusion (include_path='.:') in /wordpress/wp-content/plugins/fs-store-locator/fssl-store-locator.php on line 15",
    "level": "WARNING",
    "type": "PHP",
    "test": "ast-sqlite-boot",
    "plugin": "fluid",
    "details": "[07-May-2025 17:26:30 UTC] PHP Warning:  include(): Failed opening '/wordpress/wp-content/plugins/fs-store-locator\\includes\\fssl-admin-function.php' for inclusion (include_path='.:') in /wordpress/wp-content/plugins/fs-store-locator/fssl-store-locator.php on line 15",
    "log": "/logs/plugins/f/fluid/error.json"
  },
  {
    "message": "include(/wordpress/wp-content/plugins/fs-store-locator\\includes\\fssl-view-function.php): Failed to open stream: No such file or directory in /wordpress/wp-content/plugins/fs-store-locator/fssl-store-locator.php on line 16",
    "level": "WARNING",
    "type": "PHP",
    "test": "ast-sqlite-boot",
    "plugin": "fluid",
    "details": "[07-May-2025 17:26:30 UTC] PHP Warning:  include(/wordpress/wp-content/plugins/fs-store-locator\\includes\\fssl-view-function.php): Failed to open stream: No such file or directory in /wordpress/wp-content/plugins/fs-store-locator/fssl-store-locator.php on line 16",
    "log": "/logs/plugins/f/fluid/error.json"
  },
  {
    "message": "include(): Failed opening '/wordpress/wp-content/plugins/fs-store-locator\\includes\\fssl-view-function.php' for inclusion (include_path='.:') in /wordpress/wp-content/plugins/fs-store-locator/fssl-store-locator.php on line 16",
    "level": "WARNING",
    "type": "PHP",
    "test": "ast-sqlite-boot",
    "plugin": "fluid",
    "details": "[07-May-2025 17:26:30 UTC] PHP Warning:  include(): Failed opening '/wordpress/wp-content/plugins/fs-store-locator\\includes\\fssl-view-function.php' for inclusion (include_path='.:') in /wordpress/wp-content/plugins/fs-store-locator/fssl-store-locator.php on line 16",
    "log": "/logs/plugins/f/fluid/error.json"
  },
  {
    "message": "Uncaught TypeError: call_user_func_array(): Argument #1 ($callback) must be a valid callback, function \"fssl_store_locator\" not found or invalid function name in /wordpress/wp-includes/class-wp-hook.php:324",
    "level": "FATAL",
    "type": "PHP",
    "test": "ast-sqlite-boot",
    "plugin": "fluid",
    "details": "[07-May-2025 17:26:30 UTC] PHP Fatal error:  Uncaught TypeError: call_user_func_array(): Argument #1 ($callback) must be a valid callback, function \"fssl_store_locator\" not found or invalid function name in /wordpress/wp-includes/class-wp-hook.php:324\nStack trace:\n#0 /wordpress/wp-includes/class-wp-hook.php(348): WP_Hook->apply_filters(NULL, Array)\n#1 /wordpress/wp-includes/plugin.php(517): WP_Hook->do_action(Array)\n#2 /wordpress/wp-settings.php(727): do_action('init')\n#3 /wordpress/wp-config.php(102): require_once('/wordpress/wp-s...')\n#4 /wordpress/wp-load.php(50): require_once('/wordpress/wp-c...')\n#5 /internal/eval.php(3): require_once('/wordpress/wp-l...')\n#6 {main}\n  thrown in /wordpress/wp-includes/class-wp-hook.php on line 324",
    "log": "/logs/plugins/f/fluid/error.json"
  },
  {
    "message": "include(/wordpress/wp-content/plugins/fs-store-locator\\includes\\fssl-admin-function.php): Failed to open stream: No such file or directory in /wordpress/wp-content/plugins/fs-store-locator/fssl-store-locator.php on line 15",
    "level": "WARNING",
    "type": "PHP",
    "test": "ast-sqlite-boot",
    "plugin": "fluid",
    "details": "[07-May-2025 17:26:38 UTC] PHP Warning:  include(/wordpress/wp-content/plugins/fs-store-locator\\includes\\fssl-admin-function.php): Failed to open stream: No such file or directory in /wordpress/wp-content/plugins/fs-store-locator/fssl-store-locator.php on line 15",
    "log": "/logs/plugins/f/fluid/error.json"
  },
  {
    "message": "include(): Failed opening '/wordpress/wp-content/plugins/fs-store-locator\\includes\\fssl-admin-function.php' for inclusion (include_path='.:') in /wordpress/wp-content/plugins/fs-store-locator/fssl-store-locator.php on line 15",
    "level": "WARNING",
    "type": "PHP",
    "test": "ast-sqlite-boot",
    "plugin": "fluid",
    "details": "[07-May-2025 17:26:38 UTC] PHP Warning:  include(): Failed opening '/wordpress/wp-content/plugins/fs-store-locator\\includes\\fssl-admin-function.php' for inclusion (include_path='.:') in /wordpress/wp-content/plugins/fs-store-locator/fssl-store-locator.php on line 15",
    "log": "/logs/plugins/f/fluid/error.json"
  },
  {
    "message": "include(/wordpress/wp-content/plugins/fs-store-locator\\includes\\fssl-view-function.php): Failed to open stream: No such file or directory in /wordpress/wp-content/plugins/fs-store-locator/fssl-store-locator.php on line 16",
    "level": "WARNING",
    "type": "PHP",
    "test": "ast-sqlite-boot",
    "plugin": "fluid",
    "details": "[07-May-2025 17:26:38 UTC] PHP Warning:  include(/wordpress/wp-content/plugins/fs-store-locator\\includes\\fssl-view-function.php): Failed to open stream: No such file or directory in /wordpress/wp-content/plugins/fs-store-locator/fssl-store-locator.php on line 16",
    "log": "/logs/plugins/f/fluid/error.json"
  },
  {
    "message": "include(): Failed opening '/wordpress/wp-content/plugins/fs-store-locator\\includes\\fssl-view-function.php' for inclusion (include_path='.:') in /wordpress/wp-content/plugins/fs-store-locator/fssl-store-locator.php on line 16",
    "level": "WARNING",
    "type": "PHP",
    "test": "ast-sqlite-boot",
    "plugin": "fluid",
    "details": "[07-May-2025 17:26:38 UTC] PHP Warning:  include(): Failed opening '/wordpress/wp-content/plugins/fs-store-locator\\includes\\fssl-view-function.php' for inclusion (include_path='.:') in /wordpress/wp-content/plugins/fs-store-locator/fssl-store-locator.php on line 16",
    "log": "/logs/plugins/f/fluid/error.json"
  },
  {
    "message": "include(/wordpress/wp-content/plugins/fs-store-locator\\includes\\fssl-admin-function.php): Failed to open stream: No such file or directory in /wordpress/wp-content/plugins/fs-store-locator/fssl-store-locator.php on line 15",
    "level": "WARNING",
    "type": "PHP",
    "test": "ast-sqlite-boot",
    "plugin": "fluid",
    "details": "[07-May-2025 17:26:39 UTC] PHP Warning:  include(/wordpress/wp-content/plugins/fs-store-locator\\includes\\fssl-admin-function.php): Failed to open stream: No such file or directory in /wordpress/wp-content/plugins/fs-store-locator/fssl-store-locator.php on line 15",
    "log": "/logs/plugins/f/fluid/error.json"
  },
  {
    "message": "include(): Failed opening '/wordpress/wp-content/plugins/fs-store-locator\\includes\\fssl-admin-function.php' for inclusion (include_path='.:') in /wordpress/wp-content/plugins/fs-store-locator/fssl-store-locator.php on line 15",
    "level": "WARNING",
    "type": "PHP",
    "test": "ast-sqlite-boot",
    "plugin": "fluid",
    "details": "[07-May-2025 17:26:39 UTC] PHP Warning:  include(): Failed opening '/wordpress/wp-content/plugins/fs-store-locator\\includes\\fssl-admin-function.php' for inclusion (include_path='.:') in /wordpress/wp-content/plugins/fs-store-locator/fssl-store-locator.php on line 15",
    "log": "/logs/plugins/f/fluid/error.json"
  },
  {
    "message": "include(/wordpress/wp-content/plugins/fs-store-locator\\includes\\fssl-view-function.php): Failed to open stream: No such file or directory in /wordpress/wp-content/plugins/fs-store-locator/fssl-store-locator.php on line 16",
    "level": "WARNING",
    "type": "PHP",
    "test": "ast-sqlite-boot",
    "plugin": "fluid",
    "details": "[07-May-2025 17:26:39 UTC] PHP Warning:  include(/wordpress/wp-content/plugins/fs-store-locator\\includes\\fssl-view-function.php): Failed to open stream: No such file or directory in /wordpress/wp-content/plugins/fs-store-locator/fssl-store-locator.php on line 16",
    "log": "/logs/plugins/f/fluid/error.json"
  },
  {
    "message": "include(): Failed opening '/wordpress/wp-content/plugins/fs-store-locator\\includes\\fssl-view-function.php' for inclusion (include_path='.:') in /wordpress/wp-content/plugins/fs-store-locator/fssl-store-locator.php on line 16",
    "level": "WARNING",
    "type": "PHP",
    "test": "ast-sqlite-boot",
    "plugin": "fluid",
    "details": "[07-May-2025 17:26:39 UTC] PHP Warning:  include(): Failed opening '/wordpress/wp-content/plugins/fs-store-locator\\includes\\fssl-view-function.php' for inclusion (include_path='.:') in /wordpress/wp-content/plugins/fs-store-locator/fssl-store-locator.php on line 16",
    "log": "/logs/plugins/f/fluid/error.json"
  },
  {
    "message": "Uncaught TypeError: call_user_func_array(): Argument #1 ($callback) must be a valid callback, function \"fssl_store_locator\" not found or invalid function name in /wordpress/wp-includes/class-wp-hook.php:324",
    "level": "FATAL",
    "type": "PHP",
    "test": "ast-sqlite-boot",
    "plugin": "fluid",
    "details": "[07-May-2025 17:26:39 UTC] PHP Fatal error:  Uncaught TypeError: call_user_func_array(): Argument #1 ($callback) must be a valid callback, function \"fssl_store_locator\" not found or invalid function name in /wordpress/wp-includes/class-wp-hook.php:324\nStack trace:\n#0 /wordpress/wp-includes/class-wp-hook.php(348): WP_Hook->apply_filters(NULL, Array)\n#1 /wordpress/wp-includes/plugin.php(517): WP_Hook->do_action(Array)\n#2 /wordpress/wp-settings.php(727): do_action('init')\n#3 /wordpress/wp-config.php(102): require_once('/wordpress/wp-s...')\n#4 /wordpress/wp-load.php(50): require_once('/wordpress/wp-c...')\n#5 /internal/eval.php(3): require_once('/wordpress/wp-l...')\n#6 {main}\n  thrown in /wordpress/wp-includes/class-wp-hook.php on line 324",
    "log": "/logs/plugins/f/fluid/error.json"
  },
  {
    "message": "Data type expected in MySQL query, unknown token received: (.",
    "level": "FATAL",
    "type": "SQL",
    "test": "ast-sqlite-boot",
    "plugin": "fluid",
    "details": "[07-May-2025 17:27:54 UTC] WordPress database error <div style=\"clear:both\">&nbsp;</div>\n<div class=\"queries\" style=\"clear:both;margin-bottom:2px;border:red dotted thin;\">\n<p>MySQL query:</p>\n<p>ALTER table wp_feed_reader_feeds ADD FOREIGN KEY (category_id) REFERENCES wp_feed_reader_categories(id)</p>\n<p>Queries made or created this session were:</p>\n<ol>\n<li>Executing: BEGIN | (no parameters)</li>\n<li>Executing: ROLLBACK | (no parameters)</li>\n</ol>\n</div>\n<div style=\"clear:both;margin-bottom:2px;border:red dotted thin;\" class=\"error_message\" style=\"border-bottom:dotted blue thin;\">\nError occurred at line 4117 in Function <code>handle_error</code>. Error message was: Data type expected in MySQL query, unknown token received: (.\n</div>\n<p>Backtrace:</p>\n<pre>#0 /internal/shared/sqlite-database-integration/wp-includes/sqlite/class-wp-sqlite-db.php(287): WP_SQLite_Translator->get_error_message()\n#1 /wordpress/wp-content/plugins/feed-reader/includes/class-reader.php(391): WP_SQLite_DB->query('ALTER table wp_...')\n#2 /wordpress/wp-content/plugins/feed-reader/includes/class-reader.php(122): FeedReader\\Reader->migrate()\n#3 /wordpress/wp-includes/class-wp-hook.php(324): FeedReader\\Reader->init('')\n#4 /wordpress/wp-includes/class-wp-hook.php(348): WP_Hook->apply_filters(NULL, Array)\n#5 /wordpress/wp-includes/plugin.php(517): WP_Hook->do_action(Array)\n#6 /wordpress/wp-settings.php(727): do_action('init')\n#7 /wordpress/wp-config.php(102): require_once('/wordpress/wp-s...')\n#8 /wordpress/wp-load.php(50): require_once('/wordpress/wp-c...')\n#9 /internal/eval.php(3): require_once('/wordpress/wp-l...')\n#10 {main}</pre>\n for query ALTER table wp_feed_reader_feeds ADD FOREIGN KEY (category_id) REFERENCES wp_feed_reader_categories(id) made by require_once('wp-load.php'), require_once('wp-config.php'), require_once('wp-settings.php'), do_action('init'), WP_Hook->do_action, WP_Hook->apply_filters, FeedReader\\Reader->init, FeedReader\\Reader->migrate, WP_SQLite_DB->query, WP_SQLite_DB->print_error",
    "log": "/logs/plugins/f/fluid/error.json"
  },
  {
    "message": "Data type expected in MySQL query, unknown token received: (.",
    "level": "FATAL",
    "type": "SQL",
    "test": "ast-sqlite-boot",
    "plugin": "fluid",
    "details": "[07-May-2025 17:27:54 UTC] WordPress database error <div style=\"clear:both\">&nbsp;</div>\n<div class=\"queries\" style=\"clear:both;margin-bottom:2px;border:red dotted thin;\">\n<p>MySQL query:</p>\n<p>ALTER table wp_feed_reader_entries ADD FOREIGN KEY (feed_id) REFERENCES wp_feed_reader_feeds(id) ON DELETE CASCADE</p>\n<p>Queries made or created this session were:</p>\n<ol>\n<li>Executing: BEGIN | (no parameters)</li>\n<li>Executing: ROLLBACK | (no parameters)</li>\n</ol>\n</div>\n<div style=\"clear:both;margin-bottom:2px;border:red dotted thin;\" class=\"error_message\" style=\"border-bottom:dotted blue thin;\">\nError occurred at line 4117 in Function <code>handle_error</code>. Error message was: Data type expected in MySQL query, unknown token received: (.\n</div>\n<p>Backtrace:</p>\n<pre>#0 /internal/shared/sqlite-database-integration/wp-includes/sqlite/class-wp-sqlite-db.php(287): WP_SQLite_Translator->get_error_message()\n#1 /wordpress/wp-content/plugins/feed-reader/includes/class-reader.php(399): WP_SQLite_DB->query('ALTER table wp_...')\n#2 /wordpress/wp-content/plugins/feed-reader/includes/class-reader.php(122): FeedReader\\Reader->migrate()\n#3 /wordpress/wp-includes/class-wp-hook.php(324): FeedReader\\Reader->init('')\n#4 /wordpress/wp-includes/class-wp-hook.php(348): WP_Hook->apply_filters(NULL, Array)\n#5 /wordpress/wp-includes/plugin.php(517): WP_Hook->do_action(Array)\n#6 /wordpress/wp-settings.php(727): do_action('init')\n#7 /wordpress/wp-config.php(102): require_once('/wordpress/wp-s...')\n#8 /wordpress/wp-load.php(50): require_once('/wordpress/wp-c...')\n#9 /internal/eval.php(3): require_once('/wordpress/wp-l...')\n#10 {main}</pre>\n for query ALTER table wp_feed_reader_entries ADD FOREIGN KEY (feed_id) REFERENCES wp_feed_reader_feeds(id) ON DELETE CASCADE made by require_once('wp-load.php'), require_once('wp-config.php'), require_once('wp-settings.php'), do_action('init'), WP_Hook->do_action, WP_Hook->apply_filters, FeedReader\\Reader->init, FeedReader\\Reader->migrate, WP_SQLite_DB->query, WP_SQLite_DB->print_error",
    "log": "/logs/plugins/f/fluid/error.json"
  },
  {
    "message": "Data type expected in MySQL query, unknown token received: (.",
    "level": "FATAL",
    "type": "SQL",
    "test": "ast-sqlite-boot",
    "plugin": "fluid",
    "details": "[07-May-2025 17:28:03 UTC] WordPress database error <div style=\"clear:both\">&nbsp;</div>\n<div class=\"queries\" style=\"clear:both;margin-bottom:2px;border:red dotted thin;\">\n<p>MySQL query:</p>\n<p>ALTER table wp_feed_reader_feeds ADD FOREIGN KEY (category_id) REFERENCES wp_feed_reader_categories(id)</p>\n<p>Queries made or created this session were:</p>\n<ol>\n<li>Executing: BEGIN | (no parameters)</li>\n<li>Executing: ROLLBACK | (no parameters)</li>\n</ol>\n</div>\n<div style=\"clear:both;margin-bottom:2px;border:red dotted thin;\" class=\"error_message\" style=\"border-bottom:dotted blue thin;\">\nError occurred at line 4117 in Function <code>handle_error</code>. Error message was: Data type expected in MySQL query, unknown token received: (.\n</div>\n<p>Backtrace:</p>\n<pre>#0 /internal/shared/sqlite-database-integration/wp-includes/sqlite/class-wp-sqlite-db.php(287): WP_SQLite_Translator->get_error_message()\n#1 /wordpress/wp-content/plugins/feed-reader/includes/class-reader.php(391): WP_SQLite_DB->query('ALTER table wp_...')\n#2 /wordpress/wp-content/plugins/feed-reader/includes/class-reader.php(122): FeedReader\\Reader->migrate()\n#3 /wordpress/wp-includes/class-wp-hook.php(324): FeedReader\\Reader->init('')\n#4 /wordpress/wp-includes/class-wp-hook.php(348): WP_Hook->apply_filters(NULL, Array)\n#5 /wordpress/wp-includes/plugin.php(517): WP_Hook->do_action(Array)\n#6 /wordpress/wp-settings.php(727): do_action('init')\n#7 /wordpress/wp-config.php(102): require_once('/wordpress/wp-s...')\n#8 /wordpress/wp-load.php(50): require_once('/wordpress/wp-c...')\n#9 /internal/eval.php(3): require_once('/wordpress/wp-l...')\n#10 {main}</pre>\n for query ALTER table wp_feed_reader_feeds ADD FOREIGN KEY (category_id) REFERENCES wp_feed_reader_categories(id) made by require_once('wp-load.php'), require_once('wp-config.php'), require_once('wp-settings.php'), do_action('init'), WP_Hook->do_action, WP_Hook->apply_filters, FeedReader\\Reader->init, FeedReader\\Reader->migrate, WP_SQLite_DB->query, WP_SQLite_DB->print_error",
    "log": "/logs/plugins/f/fluid/error.json"
  },
  {
    "message": "Data type expected in MySQL query, unknown token received: (.",
    "level": "FATAL",
    "type": "SQL",
    "test": "ast-sqlite-boot",
    "plugin": "fluid",
    "details": "[07-May-2025 17:28:03 UTC] WordPress database error <div style=\"clear:both\">&nbsp;</div>\n<div class=\"queries\" style=\"clear:both;margin-bottom:2px;border:red dotted thin;\">\n<p>MySQL query:</p>\n<p>ALTER table wp_feed_reader_entries ADD FOREIGN KEY (feed_id) REFERENCES wp_feed_reader_feeds(id) ON DELETE CASCADE</p>\n<p>Queries made or created this session were:</p>\n<ol>\n<li>Executing: BEGIN | (no parameters)</li>\n<li>Executing: ROLLBACK | (no parameters)</li>\n</ol>\n</div>\n<div style=\"clear:both;margin-bottom:2px;border:red dotted thin;\" class=\"error_message\" style=\"border-bottom:dotted blue thin;\">\nError occurred at line 4117 in Function <code>handle_error</code>. Error message was: Data type expected in MySQL query, unknown token received: (.\n</div>\n<p>Backtrace:</p>\n<pre>#0 /internal/shared/sqlite-database-integration/wp-includes/sqlite/class-wp-sqlite-db.php(287): WP_SQLite_Translator->get_error_message()\n#1 /wordpress/wp-content/plugins/feed-reader/includes/class-reader.php(399): WP_SQLite_DB->query('ALTER table wp_...')\n#2 /wordpress/wp-content/plugins/feed-reader/includes/class-reader.php(122): FeedReader\\Reader->migrate()\n#3 /wordpress/wp-includes/class-wp-hook.php(324): FeedReader\\Reader->init('')\n#4 /wordpress/wp-includes/class-wp-hook.php(348): WP_Hook->apply_filters(NULL, Array)\n#5 /wordpress/wp-includes/plugin.php(517): WP_Hook->do_action(Array)\n#6 /wordpress/wp-settings.php(727): do_action('init')\n#7 /wordpress/wp-config.php(102): require_once('/wordpress/wp-s...')\n#8 /wordpress/wp-load.php(50): require_once('/wordpress/wp-c...')\n#9 /internal/eval.php(3): require_once('/wordpress/wp-l...')\n#10 {main}</pre>\n for query ALTER table wp_feed_reader_entries ADD FOREIGN KEY (feed_id) REFERENCES wp_feed_reader_feeds(id) ON DELETE CASCADE made by require_once('wp-load.php'), require_once('wp-config.php'), require_once('wp-settings.php'), do_action('init'), WP_Hook->do_action, WP_Hook->apply_filters, FeedReader\\Reader->init, FeedReader\\Reader->migrate, WP_SQLite_DB->query, WP_SQLite_DB->print_error",
    "log": "/logs/plugins/f/fluid/error.json"
  },
  {
    "message": "Uncaught TypeError: call_user_func(): Argument #1 ($callback) must be a valid callback, non-static method AndreaFacebookSend::Enable() cannot be called statically in /wordpress/wp-includes/class-wp-hook.php:322",
    "level": "FATAL",
    "type": "PHP",
    "test": "ast-sqlite-boot",
    "plugin": "fluid",
    "details": "[07-May-2025 17:28:40 UTC] PHP Fatal error:  Uncaught TypeError: call_user_func(): Argument #1 ($callback) must be a valid callback, non-static method AndreaFacebookSend::Enable() cannot be called statically in /wordpress/wp-includes/class-wp-hook.php:322\nStack trace:\n#0 /wordpress/wp-includes/class-wp-hook.php(348): WP_Hook->apply_filters(NULL, Array)\n#1 /wordpress/wp-includes/plugin.php(517): WP_Hook->do_action(Array)\n#2 /wordpress/wp-settings.php(727): do_action('init')\n#3 /wordpress/wp-config.php(102): require_once('/wordpress/wp-s...')\n#4 /wordpress/wp-load.php(50): require_once('/wordpress/wp-c...')\n#5 /internal/eval.php(3): require_once('/wordpress/wp-l...')\n#6 {main}\n  thrown in /wordpress/wp-includes/class-wp-hook.php on line 322",
    "log": "/logs/plugins/f/fluid/error.json"
  },
  {
    "message": "Uncaught TypeError: call_user_func(): Argument #1 ($callback) must be a valid callback, non-static method AndreaFacebookSend::Enable() cannot be called statically in /wordpress/wp-includes/class-wp-hook.php:322",
    "level": "FATAL",
    "type": "PHP",
    "test": "ast-sqlite-boot",
    "plugin": "fluid",
    "details": "[07-May-2025 17:28:48 UTC] PHP Fatal error:  Uncaught TypeError: call_user_func(): Argument #1 ($callback) must be a valid callback, non-static method AndreaFacebookSend::Enable() cannot be called statically in /wordpress/wp-includes/class-wp-hook.php:322\nStack trace:\n#0 /wordpress/wp-includes/class-wp-hook.php(348): WP_Hook->apply_filters(NULL, Array)\n#1 /wordpress/wp-includes/plugin.php(517): WP_Hook->do_action(Array)\n#2 /wordpress/wp-settings.php(727): do_action('init')\n#3 /wordpress/wp-config.php(102): require_once('/wordpress/wp-s...')\n#4 /wordpress/wp-load.php(50): require_once('/wordpress/wp-c...')\n#5 /internal/eval.php(3): require_once('/wordpress/wp-l...')\n#6 {main}\n  thrown in /wordpress/wp-includes/class-wp-hook.php on line 322",
    "log": "/logs/plugins/f/fluid/error.json"
  },
  {
    "message": "Uncaught TypeError: call_user_func(): Argument #1 ($callback) must be a valid callback, non-static method AndreaFacebookSend::Enable() cannot be called statically in /wordpress/wp-includes/class-wp-hook.php:322",
    "level": "FATAL",
    "type": "PHP",
    "test": "ast-sqlite-boot",
    "plugin": "fluid",
    "details": "[07-May-2025 17:28:57 UTC] PHP Fatal error:  Uncaught TypeError: call_user_func(): Argument #1 ($callback) must be a valid callback, non-static method AndreaFacebookSend::Enable() cannot be called statically in /wordpress/wp-includes/class-wp-hook.php:322\nStack trace:\n#0 /wordpress/wp-includes/class-wp-hook.php(348): WP_Hook->apply_filters(NULL, Array)\n#1 /wordpress/wp-includes/plugin.php(517): WP_Hook->do_action(Array)\n#2 /wordpress/wp-settings.php(727): do_action('init')\n#3 /wordpress/wp-config.php(102): require_once('/wordpress/wp-s...')\n#4 /wordpress/wp-load.php(50): require_once('/wordpress/wp-c...')\n#5 /internal/eval.php(3): require_once('/wordpress/wp-l...')\n#6 {main}\n  thrown in /wordpress/wp-includes/class-wp-hook.php on line 322",
    "log": "/logs/plugins/f/fluid/error.json"
  },
  {
    "message": "Undefined array key \"setup_is_being_done\" in /wordpress/wp-content/plugins/fast-custom-social-share-by-codebard/plugin/plugin.php on line 125",
    "level": "WARNING",
    "type": "PHP",
    "test": "ast-sqlite-boot",
    "plugin": "fluid",
    "details": "[07-May-2025 17:29:57 UTC] PHP Warning:  Undefined array key \"setup_is_being_done\" in /wordpress/wp-content/plugins/fast-custom-social-share-by-codebard/plugin/plugin.php on line 125",
    "log": "/logs/plugins/f/fluid/error.json"
  },
  {
    "message": "Undefined array key \"setup_is_being_done\" in /wordpress/wp-content/plugins/fast-custom-social-share-by-codebard/plugin/plugin.php on line 125",
    "level": "WARNING",
    "type": "PHP",
    "test": "ast-sqlite-boot",
    "plugin": "fluid",
    "details": "[07-May-2025 17:30:07 UTC] PHP Warning:  Undefined array key \"setup_is_being_done\" in /wordpress/wp-content/plugins/fast-custom-social-share-by-codebard/plugin/plugin.php on line 125",
    "log": "/logs/plugins/f/fluid/error.json"
  },
  {
    "message": "Undefined array key \"setup_is_being_done\" in /wordpress/wp-content/plugins/fast-custom-social-share-by-codebard/plugin/plugin.php on line 125",
    "level": "WARNING",
    "type": "PHP",
    "test": "ast-sqlite-boot",
    "plugin": "fluid",
    "details": "[07-May-2025 17:30:18 UTC] PHP Warning:  Undefined array key \"setup_is_being_done\" in /wordpress/wp-content/plugins/fast-custom-social-share-by-codebard/plugin/plugin.php on line 125",
    "log": "/logs/plugins/f/fluid/error.json"
  },
  {
    "message": "Function register_sidebar_widget is <strong>deprecated</strong> since version 2.8.0! Use wp_register_sidebar_widget() instead. in /wordpress/wp-includes/functions.php on line 6121",
    "level": "DEPRECATED",
    "type": "PHP",
    "test": "ast-sqlite-boot",
    "plugin": "fluid",
    "details": "[07-May-2025 17:31:14 UTC] PHP Deprecated:  Function register_sidebar_widget is <strong>deprecated</strong> since version 2.8.0! Use wp_register_sidebar_widget() instead. in /wordpress/wp-includes/functions.php on line 6121",
    "log": "/logs/plugins/f/fluid/error.json"
  },
  {
    "message": "Function register_widget_control is <strong>deprecated</strong> since version 2.8.0! Use wp_register_widget_control() instead. in /wordpress/wp-includes/functions.php on line 6121",
    "level": "DEPRECATED",
    "type": "PHP",
    "test": "ast-sqlite-boot",
    "plugin": "fluid",
    "details": "[07-May-2025 17:31:14 UTC] PHP Deprecated:  Function register_widget_control is <strong>deprecated</strong> since version 2.8.0! Use wp_register_widget_control() instead. in /wordpress/wp-includes/functions.php on line 6121",
    "log": "/logs/plugins/f/fluid/error.json"
  },
  {
    "message": "Function register_sidebar_widget is <strong>deprecated</strong> since version 2.8.0! Use wp_register_sidebar_widget() instead. in /wordpress/wp-includes/functions.php on line 6121",
    "level": "DEPRECATED",
    "type": "PHP",
    "test": "ast-sqlite-boot",
    "plugin": "fluid",
    "details": "[07-May-2025 17:31:23 UTC] PHP Deprecated:  Function register_sidebar_widget is <strong>deprecated</strong> since version 2.8.0! Use wp_register_sidebar_widget() instead. in /wordpress/wp-includes/functions.php on line 6121",
    "log": "/logs/plugins/f/fluid/error.json"
  },
  {
    "message": "Function register_widget_control is <strong>deprecated</strong> since version 2.8.0! Use wp_register_widget_control() instead. in /wordpress/wp-includes/functions.php on line 6121",
    "level": "DEPRECATED",
    "type": "PHP",
    "test": "ast-sqlite-boot",
    "plugin": "fluid",
    "details": "[07-May-2025 17:31:23 UTC] PHP Deprecated:  Function register_widget_control is <strong>deprecated</strong> since version 2.8.0! Use wp_register_widget_control() instead. in /wordpress/wp-includes/functions.php on line 6121",
    "log": "/logs/plugins/f/fluid/error.json"
  },
  {
    "message": "Function register_sidebar_widget is <strong>deprecated</strong> since version 2.8.0! Use wp_register_sidebar_widget() instead. in /wordpress/wp-includes/functions.php on line 6121",
    "level": "DEPRECATED",
    "type": "PHP",
    "test": "ast-sqlite-boot",
    "plugin": "fluid",
    "details": "[07-May-2025 17:31:33 UTC] PHP Deprecated:  Function register_sidebar_widget is <strong>deprecated</strong> since version 2.8.0! Use wp_register_sidebar_widget() instead. in /wordpress/wp-includes/functions.php on line 6121",
    "log": "/logs/plugins/f/fluid/error.json"
  },
  {
    "message": "Function register_widget_control is <strong>deprecated</strong> since version 2.8.0! Use wp_register_widget_control() instead. in /wordpress/wp-includes/functions.php on line 6121",
    "level": "DEPRECATED",
    "type": "PHP",
    "test": "ast-sqlite-boot",
    "plugin": "fluid",
    "details": "[07-May-2025 17:31:33 UTC] PHP Deprecated:  Function register_widget_control is <strong>deprecated</strong> since version 2.8.0! Use wp_register_widget_control() instead. in /wordpress/wp-includes/functions.php on line 6121",
    "log": "/logs/plugins/f/fluid/error.json"
  },
  {
    "message": "Required parameter $fgtinsta_pictures follows optional parameter $content in /wordpress/wp-content/plugins/fgtinsta/fgtinsta-pictures.php on line 155",
    "level": "DEPRECATED",
    "type": "PHP",
    "test": "ast-sqlite-boot",
    "plugin": "fluid",
    "details": "[07-May-2025 17:32:37 UTC] PHP Deprecated:  Required parameter $fgtinsta_pictures follows optional parameter $content in /wordpress/wp-content/plugins/fgtinsta/fgtinsta-pictures.php on line 155",
    "log": "/logs/plugins/f/fluid/error.json"
  },
  {
    "message": "Required parameter $fgtinsta_pictures follows optional parameter $content in /wordpress/wp-content/plugins/fgtinsta/fgtinsta-pictures.php on line 155",
    "level": "DEPRECATED",
    "type": "PHP",
    "test": "ast-sqlite-boot",
    "plugin": "fluid",
    "details": "[07-May-2025 17:32:38 UTC] PHP Deprecated:  Required parameter $fgtinsta_pictures follows optional parameter $content in /wordpress/wp-content/plugins/fgtinsta/fgtinsta-pictures.php on line 155",
    "log": "/logs/plugins/f/fluid/error.json"
  },
  {
    "message": "Required parameter $fgtinsta_pictures follows optional parameter $content in /wordpress/wp-content/plugins/fgtinsta/fgtinsta-pictures.php on line 155",
    "level": "DEPRECATED",
    "type": "PHP",
    "test": "ast-sqlite-boot",
    "plugin": "fluid",
    "details": "[07-May-2025 17:32:46 UTC] PHP Deprecated:  Required parameter $fgtinsta_pictures follows optional parameter $content in /wordpress/wp-content/plugins/fgtinsta/fgtinsta-pictures.php on line 155",
    "log": "/logs/plugins/f/fluid/error.json"
  },
  {
    "message": "Required parameter $fgtinsta_pictures follows optional parameter $content in /wordpress/wp-content/plugins/fgtinsta/fgtinsta-pictures.php on line 155",
    "level": "DEPRECATED",
    "type": "PHP",
    "test": "ast-sqlite-boot",
    "plugin": "fluid",
    "details": "[07-May-2025 17:32:47 UTC] PHP Deprecated:  Required parameter $fgtinsta_pictures follows optional parameter $content in /wordpress/wp-content/plugins/fgtinsta/fgtinsta-pictures.php on line 155",
    "log": "/logs/plugins/f/fluid/error.json"
  },
  {
    "message": "Required parameter $fgtinsta_pictures follows optional parameter $content in /wordpress/wp-content/plugins/fgtinsta/fgtinsta-pictures.php on line 155",
    "level": "DEPRECATED",
    "type": "PHP",
    "test": "ast-sqlite-boot",
    "plugin": "fluid",
    "details": "[07-May-2025 17:32:55 UTC] PHP Deprecated:  Required parameter $fgtinsta_pictures follows optional parameter $content in /wordpress/wp-content/plugins/fgtinsta/fgtinsta-pictures.php on line 155",
    "log": "/logs/plugins/f/fluid/error.json"
  },
  {
    "message": "Required parameter $fgtinsta_pictures follows optional parameter $content in /wordpress/wp-content/plugins/fgtinsta/fgtinsta-pictures.php on line 155",
    "level": "DEPRECATED",
    "type": "PHP",
    "test": "ast-sqlite-boot",
    "plugin": "fluid",
    "details": "[07-May-2025 17:32:55 UTC] PHP Deprecated:  Required parameter $fgtinsta_pictures follows optional parameter $content in /wordpress/wp-content/plugins/fgtinsta/fgtinsta-pictures.php on line 155",
    "log": "/logs/plugins/f/fluid/error.json"
  },
  {
    "message": "Uncaught Error: Call to undefined function create_function() in /wordpress/wp-content/plugins/filesfm-file-upload-form/files-fm-file-upload-form.php:29",
    "level": "FATAL",
    "type": "PHP",
    "test": "ast-sqlite-boot",
    "plugin": "fluid",
    "details": "[07-May-2025 17:33:31 UTC] PHP Fatal error:  Uncaught Error: Call to undefined function create_function() in /wordpress/wp-content/plugins/filesfm-file-upload-form/files-fm-file-upload-form.php:29\nStack trace:\n#0 /wordpress/wp-admin/includes/plugin.php(2387): include_once()\n#1 /wordpress/wp-admin/includes/plugin.php(673): plugin_sandbox_scrape('filesfm-file-up...')\n#2 /internal/eval.php(20): activate_plugin('filesfm-file-up...')\n#3 {main}\n  thrown in /wordpress/wp-content/plugins/filesfm-file-upload-form/files-fm-file-upload-form.php on line 29",
    "log": "/logs/plugins/f/fluid/error.json"
  },
  {
    "message": "Uncaught Error: Call to undefined function create_function() in /wordpress/wp-content/plugins/filesfm-file-upload-form/files-fm-file-upload-form.php:29",
    "level": "FATAL",
    "type": "PHP",
    "test": "ast-sqlite-boot",
    "plugin": "fluid",
    "details": "[07-May-2025 17:33:39 UTC] PHP Fatal error:  Uncaught Error: Call to undefined function create_function() in /wordpress/wp-content/plugins/filesfm-file-upload-form/files-fm-file-upload-form.php:29\nStack trace:\n#0 /wordpress/wp-admin/includes/plugin.php(2387): include_once()\n#1 /wordpress/wp-admin/includes/plugin.php(673): plugin_sandbox_scrape('filesfm-file-up...')\n#2 /internal/eval.php(20): activate_plugin('filesfm-file-up...')\n#3 {main}\n  thrown in /wordpress/wp-content/plugins/filesfm-file-upload-form/files-fm-file-upload-form.php on line 29",
    "log": "/logs/plugins/f/fluid/error.json"
  },
  {
    "message": "Uncaught Error: Call to undefined function create_function() in /wordpress/wp-content/plugins/filesfm-file-upload-form/files-fm-file-upload-form.php:29",
    "level": "FATAL",
    "type": "PHP",
    "test": "ast-sqlite-boot",
    "plugin": "fluid",
    "details": "[07-May-2025 17:33:47 UTC] PHP Fatal error:  Uncaught Error: Call to undefined function create_function() in /wordpress/wp-content/plugins/filesfm-file-upload-form/files-fm-file-upload-form.php:29\nStack trace:\n#0 /wordpress/wp-admin/includes/plugin.php(2387): include_once()\n#1 /wordpress/wp-admin/includes/plugin.php(673): plugin_sandbox_scrape('filesfm-file-up...')\n#2 /internal/eval.php(20): activate_plugin('filesfm-file-up...')\n#3 {main}\n  thrown in /wordpress/wp-content/plugins/filesfm-file-upload-form/files-fm-file-upload-form.php on line 29",
    "log": "/logs/plugins/f/fluid/error.json"
  },
  {
    "message": "Undefined array key \"REMOTE_ADDR\" in /wordpress/wp-content/plugins/finch/finch.php on line 23",
    "level": "WARNING",
    "type": "PHP",
    "test": "ast-sqlite-boot",
    "plugin": "fluid",
    "details": "[07-May-2025 17:34:17 UTC] PHP Warning:  Undefined array key \"REMOTE_ADDR\" in /wordpress/wp-content/plugins/finch/finch.php on line 23",
    "log": "/logs/plugins/f/fluid/error.json"
  },
  {
    "message": "Undefined array key \"REMOTE_ADDR\" in /wordpress/wp-content/plugins/finch/finch.php on line 23",
    "level": "WARNING",
    "type": "PHP",
    "test": "ast-sqlite-boot",
    "plugin": "fluid",
    "details": "[07-May-2025 17:34:18 UTC] PHP Warning:  Undefined array key \"REMOTE_ADDR\" in /wordpress/wp-content/plugins/finch/finch.php on line 23",
    "log": "/logs/plugins/f/fluid/error.json"
  },
  {
    "message": "[07-May-2025 17:34:18 UTC] Exception: cURL error 35: OpenSSL SSL_connect: SSL_ERROR_SYSCALL in connection to api.finch.io:443  in /wordpress/wp-content/plugins/finch/api/finch_api_client.class.php:73\nStack trace:\n#0 /wordpress/wp-content/plugins/finch/api/finch_api_client.class.php(208): FinchApiClient->get('/config/snippet')\n#1 /wordpress/wp-content/plugins/finch/classes/finch.class.php(104): FinchApiClient->getSnippetData()\n#2 /wordpress/wp-includes/class-wp-hook.php(324): Finch->finchInit('')\n#3 /wordpress/wp-includes/class-wp-hook.php(348): WP_Hook->apply_filters(NULL, Array)\n#4 /wordpress/wp-includes/plugin.php(517): WP_Hook->do_action(Array)\n#5 /wordpress/wp-settings.php(727): do_action('init')\n#6 /wordpress/wp-config.php(102): require_once('/wordpress/wp-s...')\n#7 /wordpress/wp-load.php(50): require_once('/wordpress/wp-c...')\n#8 /internal/eval.php(3): require_once('/wordpress/wp-l...')\n#9 {main}",
    "level": "INFO",
    "type": "OTHER",
    "test": "ast-sqlite-boot",
    "plugin": "fluid",
    "details": "[07-May-2025 17:34:18 UTC] Exception: cURL error 35: OpenSSL SSL_connect: SSL_ERROR_SYSCALL in connection to api.finch.io:443  in /wordpress/wp-content/plugins/finch/api/finch_api_client.class.php:73\nStack trace:\n#0 /wordpress/wp-content/plugins/finch/api/finch_api_client.class.php(208): FinchApiClient->get('/config/snippet')\n#1 /wordpress/wp-content/plugins/finch/classes/finch.class.php(104): FinchApiClient->getSnippetData()\n#2 /wordpress/wp-includes/class-wp-hook.php(324): Finch->finchInit('')\n#3 /wordpress/wp-includes/class-wp-hook.php(348): WP_Hook->apply_filters(NULL, Array)\n#4 /wordpress/wp-includes/plugin.php(517): WP_Hook->do_action(Array)\n#5 /wordpress/wp-settings.php(727): do_action('init')\n#6 /wordpress/wp-config.php(102): require_once('/wordpress/wp-s...')\n#7 /wordpress/wp-load.php(50): require_once('/wordpress/wp-c...')\n#8 /internal/eval.php(3): require_once('/wordpress/wp-l...')\n#9 {main}",
    "log": "/logs/plugins/f/fluid/error.json"
  },
  {
    "message": "Attempt to read property \"version\" on bool in /wordpress/wp-content/plugins/finch/classes/finch.class.php on line 106",
    "level": "WARNING",
    "type": "PHP",
    "test": "ast-sqlite-boot",
    "plugin": "fluid",
    "details": "[07-May-2025 17:34:18 UTC] PHP Warning:  Attempt to read property \"version\" on bool in /wordpress/wp-content/plugins/finch/classes/finch.class.php on line 106",
    "log": "/logs/plugins/f/fluid/error.json"
  },
  {
    "message": "Attempt to read property \"version\" on bool in /wordpress/wp-content/plugins/finch/classes/finch.class.php on line 107",
    "level": "WARNING",
    "type": "PHP",
    "test": "ast-sqlite-boot",
    "plugin": "fluid",
    "details": "[07-May-2025 17:34:18 UTC] PHP Warning:  Attempt to read property \"version\" on bool in /wordpress/wp-content/plugins/finch/classes/finch.class.php on line 107",
    "log": "/logs/plugins/f/fluid/error.json"
  },
  {
    "message": "Attempt to read property \"version\" on bool in /wordpress/wp-content/plugins/finch/classes/finch.class.php on line 108",
    "level": "WARNING",
    "type": "PHP",
    "test": "ast-sqlite-boot",
    "plugin": "fluid",
    "details": "[07-May-2025 17:34:18 UTC] PHP Warning:  Attempt to read property \"version\" on bool in /wordpress/wp-content/plugins/finch/classes/finch.class.php on line 108",
    "log": "/logs/plugins/f/fluid/error.json"
  },
  {
    "message": "Undefined array key \"REMOTE_ADDR\" in /wordpress/wp-content/plugins/finch/finch.php on line 23",
    "level": "WARNING",
    "type": "PHP",
    "test": "ast-sqlite-boot",
    "plugin": "fluid",
    "details": "[07-May-2025 17:34:26 UTC] PHP Warning:  Undefined array key \"REMOTE_ADDR\" in /wordpress/wp-content/plugins/finch/finch.php on line 23",
    "log": "/logs/plugins/f/fluid/error.json"
  },
  {
    "message": "Undefined array key \"REMOTE_ADDR\" in /wordpress/wp-content/plugins/finch/finch.php on line 23",
    "level": "WARNING",
    "type": "PHP",
    "test": "ast-sqlite-boot",
    "plugin": "fluid",
    "details": "[07-May-2025 17:34:27 UTC] PHP Warning:  Undefined array key \"REMOTE_ADDR\" in /wordpress/wp-content/plugins/finch/finch.php on line 23",
    "log": "/logs/plugins/f/fluid/error.json"
  },
  {
    "message": "[07-May-2025 17:34:32 UTC] Exception: cURL error 28: Operation timed out after 5002 milliseconds with 0 out of 0 bytes received in /wordpress/wp-content/plugins/finch/api/finch_api_client.class.php:73\nStack trace:\n#0 /wordpress/wp-content/plugins/finch/api/finch_api_client.class.php(208): FinchApiClient->get('/config/snippet')\n#1 /wordpress/wp-content/plugins/finch/classes/finch.class.php(104): FinchApiClient->getSnippetData()\n#2 /wordpress/wp-includes/class-wp-hook.php(324): Finch->finchInit('')\n#3 /wordpress/wp-includes/class-wp-hook.php(348): WP_Hook->apply_filters(NULL, Array)\n#4 /wordpress/wp-includes/plugin.php(517): WP_Hook->do_action(Array)\n#5 /wordpress/wp-settings.php(727): do_action('init')\n#6 /wordpress/wp-config.php(102): require_once('/wordpress/wp-s...')\n#7 /wordpress/wp-load.php(50): require_once('/wordpress/wp-c...')\n#8 /internal/eval.php(3): require_once('/wordpress/wp-l...')\n#9 {main}",
    "level": "INFO",
    "type": "OTHER",
    "test": "ast-sqlite-boot",
    "plugin": "fluid",
    "details": "[07-May-2025 17:34:32 UTC] Exception: cURL error 28: Operation timed out after 5002 milliseconds with 0 out of 0 bytes received in /wordpress/wp-content/plugins/finch/api/finch_api_client.class.php:73\nStack trace:\n#0 /wordpress/wp-content/plugins/finch/api/finch_api_client.class.php(208): FinchApiClient->get('/config/snippet')\n#1 /wordpress/wp-content/plugins/finch/classes/finch.class.php(104): FinchApiClient->getSnippetData()\n#2 /wordpress/wp-includes/class-wp-hook.php(324): Finch->finchInit('')\n#3 /wordpress/wp-includes/class-wp-hook.php(348): WP_Hook->apply_filters(NULL, Array)\n#4 /wordpress/wp-includes/plugin.php(517): WP_Hook->do_action(Array)\n#5 /wordpress/wp-settings.php(727): do_action('init')\n#6 /wordpress/wp-config.php(102): require_once('/wordpress/wp-s...')\n#7 /wordpress/wp-load.php(50): require_once('/wordpress/wp-c...')\n#8 /internal/eval.php(3): require_once('/wordpress/wp-l...')\n#9 {main}",
    "log": "/logs/plugins/f/fluid/error.json"
  },
  {
    "message": "Attempt to read property \"version\" on bool in /wordpress/wp-content/plugins/finch/classes/finch.class.php on line 106",
    "level": "WARNING",
    "type": "PHP",
    "test": "ast-sqlite-boot",
    "plugin": "fluid",
    "details": "[07-May-2025 17:34:32 UTC] PHP Warning:  Attempt to read property \"version\" on bool in /wordpress/wp-content/plugins/finch/classes/finch.class.php on line 106",
    "log": "/logs/plugins/f/fluid/error.json"
  },
  {
    "message": "Attempt to read property \"version\" on bool in /wordpress/wp-content/plugins/finch/classes/finch.class.php on line 107",
    "level": "WARNING",
    "type": "PHP",
    "test": "ast-sqlite-boot",
    "plugin": "fluid",
    "details": "[07-May-2025 17:34:32 UTC] PHP Warning:  Attempt to read property \"version\" on bool in /wordpress/wp-content/plugins/finch/classes/finch.class.php on line 107",
    "log": "/logs/plugins/f/fluid/error.json"
  },
  {
    "message": "Attempt to read property \"version\" on bool in /wordpress/wp-content/plugins/finch/classes/finch.class.php on line 108",
    "level": "WARNING",
    "type": "PHP",
    "test": "ast-sqlite-boot",
    "plugin": "fluid",
    "details": "[07-May-2025 17:34:32 UTC] PHP Warning:  Attempt to read property \"version\" on bool in /wordpress/wp-content/plugins/finch/classes/finch.class.php on line 108",
    "log": "/logs/plugins/f/fluid/error.json"
  },
  {
    "message": "Undefined array key \"REMOTE_ADDR\" in /wordpress/wp-content/plugins/finch/finch.php on line 23",
    "level": "WARNING",
    "type": "PHP",
    "test": "ast-sqlite-boot",
    "plugin": "fluid",
    "details": "[07-May-2025 17:34:40 UTC] PHP Warning:  Undefined array key \"REMOTE_ADDR\" in /wordpress/wp-content/plugins/finch/finch.php on line 23",
    "log": "/logs/plugins/f/fluid/error.json"
  },
  {
    "message": "Undefined array key \"REMOTE_ADDR\" in /wordpress/wp-content/plugins/finch/finch.php on line 23",
    "level": "WARNING",
    "type": "PHP",
    "test": "ast-sqlite-boot",
    "plugin": "fluid",
    "details": "[07-May-2025 17:34:41 UTC] PHP Warning:  Undefined array key \"REMOTE_ADDR\" in /wordpress/wp-content/plugins/finch/finch.php on line 23",
    "log": "/logs/plugins/f/fluid/error.json"
  },
  {
    "message": "[07-May-2025 17:34:42 UTC] Exception: cURL error 35: OpenSSL SSL_connect: SSL_ERROR_SYSCALL in connection to api.finch.io:443  in /wordpress/wp-content/plugins/finch/api/finch_api_client.class.php:73\nStack trace:\n#0 /wordpress/wp-content/plugins/finch/api/finch_api_client.class.php(208): FinchApiClient->get('/config/snippet')\n#1 /wordpress/wp-content/plugins/finch/classes/finch.class.php(104): FinchApiClient->getSnippetData()\n#2 /wordpress/wp-includes/class-wp-hook.php(324): Finch->finchInit('')\n#3 /wordpress/wp-includes/class-wp-hook.php(348): WP_Hook->apply_filters(NULL, Array)\n#4 /wordpress/wp-includes/plugin.php(517): WP_Hook->do_action(Array)\n#5 /wordpress/wp-settings.php(727): do_action('init')\n#6 /wordpress/wp-config.php(102): require_once('/wordpress/wp-s...')\n#7 /wordpress/wp-load.php(50): require_once('/wordpress/wp-c...')\n#8 /internal/eval.php(3): require_once('/wordpress/wp-l...')\n#9 {main}",
    "level": "INFO",
    "type": "OTHER",
    "test": "ast-sqlite-boot",
    "plugin": "fluid",
    "details": "[07-May-2025 17:34:42 UTC] Exception: cURL error 35: OpenSSL SSL_connect: SSL_ERROR_SYSCALL in connection to api.finch.io:443  in /wordpress/wp-content/plugins/finch/api/finch_api_client.class.php:73\nStack trace:\n#0 /wordpress/wp-content/plugins/finch/api/finch_api_client.class.php(208): FinchApiClient->get('/config/snippet')\n#1 /wordpress/wp-content/plugins/finch/classes/finch.class.php(104): FinchApiClient->getSnippetData()\n#2 /wordpress/wp-includes/class-wp-hook.php(324): Finch->finchInit('')\n#3 /wordpress/wp-includes/class-wp-hook.php(348): WP_Hook->apply_filters(NULL, Array)\n#4 /wordpress/wp-includes/plugin.php(517): WP_Hook->do_action(Array)\n#5 /wordpress/wp-settings.php(727): do_action('init')\n#6 /wordpress/wp-config.php(102): require_once('/wordpress/wp-s...')\n#7 /wordpress/wp-load.php(50): require_once('/wordpress/wp-c...')\n#8 /internal/eval.php(3): require_once('/wordpress/wp-l...')\n#9 {main}",
    "log": "/logs/plugins/f/fluid/error.json"
  },
  {
    "message": "Attempt to read property \"version\" on bool in /wordpress/wp-content/plugins/finch/classes/finch.class.php on line 106",
    "level": "WARNING",
    "type": "PHP",
    "test": "ast-sqlite-boot",
    "plugin": "fluid",
    "details": "[07-May-2025 17:34:42 UTC] PHP Warning:  Attempt to read property \"version\" on bool in /wordpress/wp-content/plugins/finch/classes/finch.class.php on line 106",
    "log": "/logs/plugins/f/fluid/error.json"
  },
  {
    "message": "Attempt to read property \"version\" on bool in /wordpress/wp-content/plugins/finch/classes/finch.class.php on line 107",
    "level": "WARNING",
    "type": "PHP",
    "test": "ast-sqlite-boot",
    "plugin": "fluid",
    "details": "[07-May-2025 17:34:42 UTC] PHP Warning:  Attempt to read property \"version\" on bool in /wordpress/wp-content/plugins/finch/classes/finch.class.php on line 107",
    "log": "/logs/plugins/f/fluid/error.json"
  },
  {
    "message": "Attempt to read property \"version\" on bool in /wordpress/wp-content/plugins/finch/classes/finch.class.php on line 108",
    "level": "WARNING",
    "type": "PHP",
    "test": "ast-sqlite-boot",
    "plugin": "fluid",
    "details": "[07-May-2025 17:34:42 UTC] PHP Warning:  Attempt to read property \"version\" on bool in /wordpress/wp-content/plugins/finch/classes/finch.class.php on line 108",
    "log": "/logs/plugins/f/fluid/error.json"
  },
  {
    "message": "Unparenthesized `a ? b : c ? d : e` is not supported. Use either `(a ? b : c) ? d : e` or `a ? b : (c ? d : e)` in /wordpress/wp-content/plugins/fluid/includes/admin/class-settings-page.php on line 489",
    "level": "FATAL",
    "type": "PHP",
    "test": "ast-sqlite-boot",
    "plugin": "fluid",
    "details": "[07-May-2025 17:35:17 UTC] PHP Fatal error:  Unparenthesized `a ? b : c ? d : e` is not supported. Use either `(a ? b : c) ? d : e` or `a ? b : (c ? d : e)` in /wordpress/wp-content/plugins/fluid/includes/admin/class-settings-page.php on line 489\n\n    at Object.onBind (file:///home/runner/work/playground-tester/playground-tester/node_modules/@wp-playground/cli/index.js:237:15)\n    at process.processTicksAndRejections (node:internal/process/task_queues:105:5)\n    at async V (file:///home/runner/work/playground-tester/playground-tester/node_modules/@wp-playground/cli/index.js:64:10)\n    at async ja (file:///home/runner/work/playground-tester/playground-tester/node_modules/@wp-playground/cli/cli.js:8161:12) {\n  [cause]: Error: Error when executing the blueprint step #5 ({\"step\":\"installPlugin\",\"pluginData\":{\"resource\":\"wordpress.org/plugins\",\"slug\":\"fluid\"},\"options\":{\"activate\":true}}) : PHP.run() failed with exit code 255 and the following output: \n      at Object.run (file:///home/runner/work/playground-tester/playground-tester/node_modules/@wp-playground/blueprints/index.js:12449:19)\n      at process.processTicksAndRejections (node:internal/process/task_queues:105:5)\n      at async ms (file:///home/runner/work/playground-tester/playground-tester/node_modules/@wp-playground/blueprints/index.js:12552:3)\n      ... 2 lines matching cause stack trace ...\n      at async ja (file:///home/runner/work/playground-tester/playground-tester/node_modules/@wp-playground/cli/cli.js:8161:12) {\n    [cause]: PHPExecutionFailureError: PHP.run() failed with exit code 255 and the following output: \n        at PHP.run (file:///home/runner/work/playground-tester/playground-tester/node_modules/@php-wasm/universal/index.js:987:19)\n        at process.processTicksAndRejections (node:internal/process/task_queues:105:5)\n        at async wr (file:///home/runner/work/playground-tester/playground-tester/node_modules/@wp-playground/blueprints/index.js:33:39)\n        at async Object.gt [as installPlugin] (file:///home/runner/work/playground-tester/playground-tester/node_modules/@wp-playground/blueprints/index.js:974:42)\n        at async g (file:///home/runner/work/playground-tester/playground-tester/node_modules/@wp-playground/blueprints/index.js:12517:30)\n        at async Object.run (file:///home/runner/work/playground-tester/playground-tester/node_modules/@wp-playground/blueprints/index.js:12446:23)\n        at async ms (file:///home/runner/work/playground-tester/playground-tester/node_modules/@wp-playground/blueprints/index.js:12552:3)\n        at async Object.onBind (file:///home/runner/work/playground-tester/playground-tester/node_modules/@wp-playground/cli/index.js:227:48)\n        at async V (file:///home/runner/work/playground-tester/playground-tester/node_modules/@wp-playground/cli/index.js:64:10)\n        at async ja (file:///home/runner/work/playground-tester/playground-tester/node_modules/@wp-playground/cli/cli.js:8161:12) {\n      response: PHPResponse {\n        httpStatusCode: 500,\n        headers: {\n          'x-powered-by': [ 'PHP/8.0.30-dev' ],\n          'content-type': [ 'text/html; charset=UTF-8' ]\n        },\n        bytes: Uint8Array(0) [],\n        exitCode: 255,\n        errors: ''\n      },\n      source: 'request'\n    }\n  }\n}\n\n",
    "log": "/logs/plugins/f/fluid/error.json"
  },
  {
    "message": "file:///home/runner/work/playground-tester/playground-tester/node_modules/@wp-playground/cli/index.js:237\n        throw new Error(y, { cause: u });\n              ^\n",
    "level": "FATAL",
    "type": "PLAYGROUND",
    "test": "asyncify-boot",
    "plugin": "fluid",
    "details": "file:///home/runner/work/playground-tester/playground-tester/node_modules/@wp-playground/cli/index.js:237\n        throw new Error(y, { cause: u });\n              ^\n",
    "log": "/tmp/tmp.Fat006A34s"
  },
  {
    "message": "include(/wordpress/wp-content/plugins/fs-store-locator\\includes\\fssl-admin-function.php): Failed to open stream: No such file or directory in /wordpress/wp-content/plugins/fs-store-locator/fssl-store-locator.php on line 15",
    "level": "WARNING",
    "type": "PHP",
    "test": "asyncify-boot",
    "plugin": "fluid",
    "details": "[07-May-2025 17:26:20 UTC] PHP Warning:  include(/wordpress/wp-content/plugins/fs-store-locator\\includes\\fssl-admin-function.php): Failed to open stream: No such file or directory in /wordpress/wp-content/plugins/fs-store-locator/fssl-store-locator.php on line 15",
    "log": "/logs/plugins/f/fluid/error.json"
  },
  {
    "message": "include(): Failed opening '/wordpress/wp-content/plugins/fs-store-locator\\includes\\fssl-admin-function.php' for inclusion (include_path='.:') in /wordpress/wp-content/plugins/fs-store-locator/fssl-store-locator.php on line 15",
    "level": "WARNING",
    "type": "PHP",
    "test": "asyncify-boot",
    "plugin": "fluid",
    "details": "[07-May-2025 17:26:20 UTC] PHP Warning:  include(): Failed opening '/wordpress/wp-content/plugins/fs-store-locator\\includes\\fssl-admin-function.php' for inclusion (include_path='.:') in /wordpress/wp-content/plugins/fs-store-locator/fssl-store-locator.php on line 15",
    "log": "/logs/plugins/f/fluid/error.json"
  },
  {
    "message": "include(/wordpress/wp-content/plugins/fs-store-locator\\includes\\fssl-view-function.php): Failed to open stream: No such file or directory in /wordpress/wp-content/plugins/fs-store-locator/fssl-store-locator.php on line 16",
    "level": "WARNING",
    "type": "PHP",
    "test": "asyncify-boot",
    "plugin": "fluid",
    "details": "[07-May-2025 17:26:20 UTC] PHP Warning:  include(/wordpress/wp-content/plugins/fs-store-locator\\includes\\fssl-view-function.php): Failed to open stream: No such file or directory in /wordpress/wp-content/plugins/fs-store-locator/fssl-store-locator.php on line 16",
    "log": "/logs/plugins/f/fluid/error.json"
  },
  {
    "message": "include(): Failed opening '/wordpress/wp-content/plugins/fs-store-locator\\includes\\fssl-view-function.php' for inclusion (include_path='.:') in /wordpress/wp-content/plugins/fs-store-locator/fssl-store-locator.php on line 16",
    "level": "WARNING",
    "type": "PHP",
    "test": "asyncify-boot",
    "plugin": "fluid",
    "details": "[07-May-2025 17:26:20 UTC] PHP Warning:  include(): Failed opening '/wordpress/wp-content/plugins/fs-store-locator\\includes\\fssl-view-function.php' for inclusion (include_path='.:') in /wordpress/wp-content/plugins/fs-store-locator/fssl-store-locator.php on line 16",
    "log": "/logs/plugins/f/fluid/error.json"
  },
  {
    "message": "include(/wordpress/wp-content/plugins/fs-store-locator\\includes\\fssl-admin-function.php): Failed to open stream: No such file or directory in /wordpress/wp-content/plugins/fs-store-locator/fssl-store-locator.php on line 15",
    "level": "WARNING",
    "type": "PHP",
    "test": "asyncify-boot",
    "plugin": "fluid",
    "details": "[07-May-2025 17:26:21 UTC] PHP Warning:  include(/wordpress/wp-content/plugins/fs-store-locator\\includes\\fssl-admin-function.php): Failed to open stream: No such file or directory in /wordpress/wp-content/plugins/fs-store-locator/fssl-store-locator.php on line 15",
    "log": "/logs/plugins/f/fluid/error.json"
  },
  {
    "message": "include(): Failed opening '/wordpress/wp-content/plugins/fs-store-locator\\includes\\fssl-admin-function.php' for inclusion (include_path='.:') in /wordpress/wp-content/plugins/fs-store-locator/fssl-store-locator.php on line 15",
    "level": "WARNING",
    "type": "PHP",
    "test": "asyncify-boot",
    "plugin": "fluid",
    "details": "[07-May-2025 17:26:21 UTC] PHP Warning:  include(): Failed opening '/wordpress/wp-content/plugins/fs-store-locator\\includes\\fssl-admin-function.php' for inclusion (include_path='.:') in /wordpress/wp-content/plugins/fs-store-locator/fssl-store-locator.php on line 15",
    "log": "/logs/plugins/f/fluid/error.json"
  },
  {
    "message": "include(/wordpress/wp-content/plugins/fs-store-locator\\includes\\fssl-view-function.php): Failed to open stream: No such file or directory in /wordpress/wp-content/plugins/fs-store-locator/fssl-store-locator.php on line 16",
    "level": "WARNING",
    "type": "PHP",
    "test": "asyncify-boot",
    "plugin": "fluid",
    "details": "[07-May-2025 17:26:21 UTC] PHP Warning:  include(/wordpress/wp-content/plugins/fs-store-locator\\includes\\fssl-view-function.php): Failed to open stream: No such file or directory in /wordpress/wp-content/plugins/fs-store-locator/fssl-store-locator.php on line 16",
    "log": "/logs/plugins/f/fluid/error.json"
  },
  {
    "message": "include(): Failed opening '/wordpress/wp-content/plugins/fs-store-locator\\includes\\fssl-view-function.php' for inclusion (include_path='.:') in /wordpress/wp-content/plugins/fs-store-locator/fssl-store-locator.php on line 16",
    "level": "WARNING",
    "type": "PHP",
    "test": "asyncify-boot",
    "plugin": "fluid",
    "details": "[07-May-2025 17:26:21 UTC] PHP Warning:  include(): Failed opening '/wordpress/wp-content/plugins/fs-store-locator\\includes\\fssl-view-function.php' for inclusion (include_path='.:') in /wordpress/wp-content/plugins/fs-store-locator/fssl-store-locator.php on line 16",
    "log": "/logs/plugins/f/fluid/error.json"
  },
  {
    "message": "Uncaught TypeError: call_user_func_array(): Argument #1 ($callback) must be a valid callback, function \"fssl_store_locator\" not found or invalid function name in /wordpress/wp-includes/class-wp-hook.php:324",
    "level": "FATAL",
    "type": "PHP",
    "test": "asyncify-boot",
    "plugin": "fluid",
    "details": "[07-May-2025 17:26:21 UTC] PHP Fatal error:  Uncaught TypeError: call_user_func_array(): Argument #1 ($callback) must be a valid callback, function \"fssl_store_locator\" not found or invalid function name in /wordpress/wp-includes/class-wp-hook.php:324\nStack trace:\n#0 /wordpress/wp-includes/class-wp-hook.php(348): WP_Hook->apply_filters(NULL, Array)\n#1 /wordpress/wp-includes/plugin.php(517): WP_Hook->do_action(Array)\n#2 /wordpress/wp-settings.php(727): do_action('init')\n#3 /wordpress/wp-config.php(102): require_once('/wordpress/wp-s...')\n#4 /wordpress/wp-load.php(50): require_once('/wordpress/wp-c...')\n#5 /internal/eval.php(3): require_once('/wordpress/wp-l...')\n#6 {main}\n  thrown in /wordpress/wp-includes/class-wp-hook.php on line 324",
    "log": "/logs/plugins/f/fluid/error.json"
  },
  {
    "message": "include(/wordpress/wp-content/plugins/fs-store-locator\\includes\\fssl-admin-function.php): Failed to open stream: No such file or directory in /wordpress/wp-content/plugins/fs-store-locator/fssl-store-locator.php on line 15",
    "level": "WARNING",
    "type": "PHP",
    "test": "asyncify-boot",
    "plugin": "fluid",
    "details": "[07-May-2025 17:26:29 UTC] PHP Warning:  include(/wordpress/wp-content/plugins/fs-store-locator\\includes\\fssl-admin-function.php): Failed to open stream: No such file or directory in /wordpress/wp-content/plugins/fs-store-locator/fssl-store-locator.php on line 15",
    "log": "/logs/plugins/f/fluid/error.json"
  },
  {
    "message": "include(): Failed opening '/wordpress/wp-content/plugins/fs-store-locator\\includes\\fssl-admin-function.php' for inclusion (include_path='.:') in /wordpress/wp-content/plugins/fs-store-locator/fssl-store-locator.php on line 15",
    "level": "WARNING",
    "type": "PHP",
    "test": "asyncify-boot",
    "plugin": "fluid",
    "details": "[07-May-2025 17:26:29 UTC] PHP Warning:  include(): Failed opening '/wordpress/wp-content/plugins/fs-store-locator\\includes\\fssl-admin-function.php' for inclusion (include_path='.:') in /wordpress/wp-content/plugins/fs-store-locator/fssl-store-locator.php on line 15",
    "log": "/logs/plugins/f/fluid/error.json"
  },
  {
    "message": "include(/wordpress/wp-content/plugins/fs-store-locator\\includes\\fssl-view-function.php): Failed to open stream: No such file or directory in /wordpress/wp-content/plugins/fs-store-locator/fssl-store-locator.php on line 16",
    "level": "WARNING",
    "type": "PHP",
    "test": "asyncify-boot",
    "plugin": "fluid",
    "details": "[07-May-2025 17:26:29 UTC] PHP Warning:  include(/wordpress/wp-content/plugins/fs-store-locator\\includes\\fssl-view-function.php): Failed to open stream: No such file or directory in /wordpress/wp-content/plugins/fs-store-locator/fssl-store-locator.php on line 16",
    "log": "/logs/plugins/f/fluid/error.json"
  },
  {
    "message": "include(): Failed opening '/wordpress/wp-content/plugins/fs-store-locator\\includes\\fssl-view-function.php' for inclusion (include_path='.:') in /wordpress/wp-content/plugins/fs-store-locator/fssl-store-locator.php on line 16",
    "level": "WARNING",
    "type": "PHP",
    "test": "asyncify-boot",
    "plugin": "fluid",
    "details": "[07-May-2025 17:26:29 UTC] PHP Warning:  include(): Failed opening '/wordpress/wp-content/plugins/fs-store-locator\\includes\\fssl-view-function.php' for inclusion (include_path='.:') in /wordpress/wp-content/plugins/fs-store-locator/fssl-store-locator.php on line 16",
    "log": "/logs/plugins/f/fluid/error.json"
  },
  {
    "message": "include(/wordpress/wp-content/plugins/fs-store-locator\\includes\\fssl-admin-function.php): Failed to open stream: No such file or directory in /wordpress/wp-content/plugins/fs-store-locator/fssl-store-locator.php on line 15",
    "level": "WARNING",
    "type": "PHP",
    "test": "asyncify-boot",
    "plugin": "fluid",
    "details": "[07-May-2025 17:26:30 UTC] PHP Warning:  include(/wordpress/wp-content/plugins/fs-store-locator\\includes\\fssl-admin-function.php): Failed to open stream: No such file or directory in /wordpress/wp-content/plugins/fs-store-locator/fssl-store-locator.php on line 15",
    "log": "/logs/plugins/f/fluid/error.json"
  },
  {
    "message": "include(): Failed opening '/wordpress/wp-content/plugins/fs-store-locator\\includes\\fssl-admin-function.php' for inclusion (include_path='.:') in /wordpress/wp-content/plugins/fs-store-locator/fssl-store-locator.php on line 15",
    "level": "WARNING",
    "type": "PHP",
    "test": "asyncify-boot",
    "plugin": "fluid",
    "details": "[07-May-2025 17:26:30 UTC] PHP Warning:  include(): Failed opening '/wordpress/wp-content/plugins/fs-store-locator\\includes\\fssl-admin-function.php' for inclusion (include_path='.:') in /wordpress/wp-content/plugins/fs-store-locator/fssl-store-locator.php on line 15",
    "log": "/logs/plugins/f/fluid/error.json"
  },
  {
    "message": "include(/wordpress/wp-content/plugins/fs-store-locator\\includes\\fssl-view-function.php): Failed to open stream: No such file or directory in /wordpress/wp-content/plugins/fs-store-locator/fssl-store-locator.php on line 16",
    "level": "WARNING",
    "type": "PHP",
    "test": "asyncify-boot",
    "plugin": "fluid",
    "details": "[07-May-2025 17:26:30 UTC] PHP Warning:  include(/wordpress/wp-content/plugins/fs-store-locator\\includes\\fssl-view-function.php): Failed to open stream: No such file or directory in /wordpress/wp-content/plugins/fs-store-locator/fssl-store-locator.php on line 16",
    "log": "/logs/plugins/f/fluid/error.json"
  },
  {
    "message": "include(): Failed opening '/wordpress/wp-content/plugins/fs-store-locator\\includes\\fssl-view-function.php' for inclusion (include_path='.:') in /wordpress/wp-content/plugins/fs-store-locator/fssl-store-locator.php on line 16",
    "level": "WARNING",
    "type": "PHP",
    "test": "asyncify-boot",
    "plugin": "fluid",
    "details": "[07-May-2025 17:26:30 UTC] PHP Warning:  include(): Failed opening '/wordpress/wp-content/plugins/fs-store-locator\\includes\\fssl-view-function.php' for inclusion (include_path='.:') in /wordpress/wp-content/plugins/fs-store-locator/fssl-store-locator.php on line 16",
    "log": "/logs/plugins/f/fluid/error.json"
  },
  {
    "message": "Uncaught TypeError: call_user_func_array(): Argument #1 ($callback) must be a valid callback, function \"fssl_store_locator\" not found or invalid function name in /wordpress/wp-includes/class-wp-hook.php:324",
    "level": "FATAL",
    "type": "PHP",
    "test": "asyncify-boot",
    "plugin": "fluid",
    "details": "[07-May-2025 17:26:30 UTC] PHP Fatal error:  Uncaught TypeError: call_user_func_array(): Argument #1 ($callback) must be a valid callback, function \"fssl_store_locator\" not found or invalid function name in /wordpress/wp-includes/class-wp-hook.php:324\nStack trace:\n#0 /wordpress/wp-includes/class-wp-hook.php(348): WP_Hook->apply_filters(NULL, Array)\n#1 /wordpress/wp-includes/plugin.php(517): WP_Hook->do_action(Array)\n#2 /wordpress/wp-settings.php(727): do_action('init')\n#3 /wordpress/wp-config.php(102): require_once('/wordpress/wp-s...')\n#4 /wordpress/wp-load.php(50): require_once('/wordpress/wp-c...')\n#5 /internal/eval.php(3): require_once('/wordpress/wp-l...')\n#6 {main}\n  thrown in /wordpress/wp-includes/class-wp-hook.php on line 324",
    "log": "/logs/plugins/f/fluid/error.json"
  },
  {
    "message": "include(/wordpress/wp-content/plugins/fs-store-locator\\includes\\fssl-admin-function.php): Failed to open stream: No such file or directory in /wordpress/wp-content/plugins/fs-store-locator/fssl-store-locator.php on line 15",
    "level": "WARNING",
    "type": "PHP",
    "test": "asyncify-boot",
    "plugin": "fluid",
    "details": "[07-May-2025 17:26:38 UTC] PHP Warning:  include(/wordpress/wp-content/plugins/fs-store-locator\\includes\\fssl-admin-function.php): Failed to open stream: No such file or directory in /wordpress/wp-content/plugins/fs-store-locator/fssl-store-locator.php on line 15",
    "log": "/logs/plugins/f/fluid/error.json"
  },
  {
    "message": "include(): Failed opening '/wordpress/wp-content/plugins/fs-store-locator\\includes\\fssl-admin-function.php' for inclusion (include_path='.:') in /wordpress/wp-content/plugins/fs-store-locator/fssl-store-locator.php on line 15",
    "level": "WARNING",
    "type": "PHP",
    "test": "asyncify-boot",
    "plugin": "fluid",
    "details": "[07-May-2025 17:26:38 UTC] PHP Warning:  include(): Failed opening '/wordpress/wp-content/plugins/fs-store-locator\\includes\\fssl-admin-function.php' for inclusion (include_path='.:') in /wordpress/wp-content/plugins/fs-store-locator/fssl-store-locator.php on line 15",
    "log": "/logs/plugins/f/fluid/error.json"
  },
  {
    "message": "include(/wordpress/wp-content/plugins/fs-store-locator\\includes\\fssl-view-function.php): Failed to open stream: No such file or directory in /wordpress/wp-content/plugins/fs-store-locator/fssl-store-locator.php on line 16",
    "level": "WARNING",
    "type": "PHP",
    "test": "asyncify-boot",
    "plugin": "fluid",
    "details": "[07-May-2025 17:26:38 UTC] PHP Warning:  include(/wordpress/wp-content/plugins/fs-store-locator\\includes\\fssl-view-function.php): Failed to open stream: No such file or directory in /wordpress/wp-content/plugins/fs-store-locator/fssl-store-locator.php on line 16",
    "log": "/logs/plugins/f/fluid/error.json"
  },
  {
    "message": "include(): Failed opening '/wordpress/wp-content/plugins/fs-store-locator\\includes\\fssl-view-function.php' for inclusion (include_path='.:') in /wordpress/wp-content/plugins/fs-store-locator/fssl-store-locator.php on line 16",
    "level": "WARNING",
    "type": "PHP",
    "test": "asyncify-boot",
    "plugin": "fluid",
    "details": "[07-May-2025 17:26:38 UTC] PHP Warning:  include(): Failed opening '/wordpress/wp-content/plugins/fs-store-locator\\includes\\fssl-view-function.php' for inclusion (include_path='.:') in /wordpress/wp-content/plugins/fs-store-locator/fssl-store-locator.php on line 16",
    "log": "/logs/plugins/f/fluid/error.json"
  },
  {
    "message": "include(/wordpress/wp-content/plugins/fs-store-locator\\includes\\fssl-admin-function.php): Failed to open stream: No such file or directory in /wordpress/wp-content/plugins/fs-store-locator/fssl-store-locator.php on line 15",
    "level": "WARNING",
    "type": "PHP",
    "test": "asyncify-boot",
    "plugin": "fluid",
    "details": "[07-May-2025 17:26:39 UTC] PHP Warning:  include(/wordpress/wp-content/plugins/fs-store-locator\\includes\\fssl-admin-function.php): Failed to open stream: No such file or directory in /wordpress/wp-content/plugins/fs-store-locator/fssl-store-locator.php on line 15",
    "log": "/logs/plugins/f/fluid/error.json"
  },
  {
    "message": "include(): Failed opening '/wordpress/wp-content/plugins/fs-store-locator\\includes\\fssl-admin-function.php' for inclusion (include_path='.:') in /wordpress/wp-content/plugins/fs-store-locator/fssl-store-locator.php on line 15",
    "level": "WARNING",
    "type": "PHP",
    "test": "asyncify-boot",
    "plugin": "fluid",
    "details": "[07-May-2025 17:26:39 UTC] PHP Warning:  include(): Failed opening '/wordpress/wp-content/plugins/fs-store-locator\\includes\\fssl-admin-function.php' for inclusion (include_path='.:') in /wordpress/wp-content/plugins/fs-store-locator/fssl-store-locator.php on line 15",
    "log": "/logs/plugins/f/fluid/error.json"
  },
  {
    "message": "include(/wordpress/wp-content/plugins/fs-store-locator\\includes\\fssl-view-function.php): Failed to open stream: No such file or directory in /wordpress/wp-content/plugins/fs-store-locator/fssl-store-locator.php on line 16",
    "level": "WARNING",
    "type": "PHP",
    "test": "asyncify-boot",
    "plugin": "fluid",
    "details": "[07-May-2025 17:26:39 UTC] PHP Warning:  include(/wordpress/wp-content/plugins/fs-store-locator\\includes\\fssl-view-function.php): Failed to open stream: No such file or directory in /wordpress/wp-content/plugins/fs-store-locator/fssl-store-locator.php on line 16",
    "log": "/logs/plugins/f/fluid/error.json"
  },
  {
    "message": "include(): Failed opening '/wordpress/wp-content/plugins/fs-store-locator\\includes\\fssl-view-function.php' for inclusion (include_path='.:') in /wordpress/wp-content/plugins/fs-store-locator/fssl-store-locator.php on line 16",
    "level": "WARNING",
    "type": "PHP",
    "test": "asyncify-boot",
    "plugin": "fluid",
    "details": "[07-May-2025 17:26:39 UTC] PHP Warning:  include(): Failed opening '/wordpress/wp-content/plugins/fs-store-locator\\includes\\fssl-view-function.php' for inclusion (include_path='.:') in /wordpress/wp-content/plugins/fs-store-locator/fssl-store-locator.php on line 16",
    "log": "/logs/plugins/f/fluid/error.json"
  },
  {
    "message": "Uncaught TypeError: call_user_func_array(): Argument #1 ($callback) must be a valid callback, function \"fssl_store_locator\" not found or invalid function name in /wordpress/wp-includes/class-wp-hook.php:324",
    "level": "FATAL",
    "type": "PHP",
    "test": "asyncify-boot",
    "plugin": "fluid",
    "details": "[07-May-2025 17:26:39 UTC] PHP Fatal error:  Uncaught TypeError: call_user_func_array(): Argument #1 ($callback) must be a valid callback, function \"fssl_store_locator\" not found or invalid function name in /wordpress/wp-includes/class-wp-hook.php:324\nStack trace:\n#0 /wordpress/wp-includes/class-wp-hook.php(348): WP_Hook->apply_filters(NULL, Array)\n#1 /wordpress/wp-includes/plugin.php(517): WP_Hook->do_action(Array)\n#2 /wordpress/wp-settings.php(727): do_action('init')\n#3 /wordpress/wp-config.php(102): require_once('/wordpress/wp-s...')\n#4 /wordpress/wp-load.php(50): require_once('/wordpress/wp-c...')\n#5 /internal/eval.php(3): require_once('/wordpress/wp-l...')\n#6 {main}\n  thrown in /wordpress/wp-includes/class-wp-hook.php on line 324",
    "log": "/logs/plugins/f/fluid/error.json"
  },
  {
    "message": "Data type expected in MySQL query, unknown token received: (.",
    "level": "FATAL",
    "type": "SQL",
    "test": "asyncify-boot",
    "plugin": "fluid",
    "details": "[07-May-2025 17:27:54 UTC] WordPress database error <div style=\"clear:both\">&nbsp;</div>\n<div class=\"queries\" style=\"clear:both;margin-bottom:2px;border:red dotted thin;\">\n<p>MySQL query:</p>\n<p>ALTER table wp_feed_reader_feeds ADD FOREIGN KEY (category_id) REFERENCES wp_feed_reader_categories(id)</p>\n<p>Queries made or created this session were:</p>\n<ol>\n<li>Executing: BEGIN | (no parameters)</li>\n<li>Executing: ROLLBACK | (no parameters)</li>\n</ol>\n</div>\n<div style=\"clear:both;margin-bottom:2px;border:red dotted thin;\" class=\"error_message\" style=\"border-bottom:dotted blue thin;\">\nError occurred at line 4117 in Function <code>handle_error</code>. Error message was: Data type expected in MySQL query, unknown token received: (.\n</div>\n<p>Backtrace:</p>\n<pre>#0 /internal/shared/sqlite-database-integration/wp-includes/sqlite/class-wp-sqlite-db.php(287): WP_SQLite_Translator->get_error_message()\n#1 /wordpress/wp-content/plugins/feed-reader/includes/class-reader.php(391): WP_SQLite_DB->query('ALTER table wp_...')\n#2 /wordpress/wp-content/plugins/feed-reader/includes/class-reader.php(122): FeedReader\\Reader->migrate()\n#3 /wordpress/wp-includes/class-wp-hook.php(324): FeedReader\\Reader->init('')\n#4 /wordpress/wp-includes/class-wp-hook.php(348): WP_Hook->apply_filters(NULL, Array)\n#5 /wordpress/wp-includes/plugin.php(517): WP_Hook->do_action(Array)\n#6 /wordpress/wp-settings.php(727): do_action('init')\n#7 /wordpress/wp-config.php(102): require_once('/wordpress/wp-s...')\n#8 /wordpress/wp-load.php(50): require_once('/wordpress/wp-c...')\n#9 /internal/eval.php(3): require_once('/wordpress/wp-l...')\n#10 {main}</pre>\n for query ALTER table wp_feed_reader_feeds ADD FOREIGN KEY (category_id) REFERENCES wp_feed_reader_categories(id) made by require_once('wp-load.php'), require_once('wp-config.php'), require_once('wp-settings.php'), do_action('init'), WP_Hook->do_action, WP_Hook->apply_filters, FeedReader\\Reader->init, FeedReader\\Reader->migrate, WP_SQLite_DB->query, WP_SQLite_DB->print_error",
    "log": "/logs/plugins/f/fluid/error.json"
  },
  {
    "message": "Data type expected in MySQL query, unknown token received: (.",
    "level": "FATAL",
    "type": "SQL",
    "test": "asyncify-boot",
    "plugin": "fluid",
    "details": "[07-May-2025 17:27:54 UTC] WordPress database error <div style=\"clear:both\">&nbsp;</div>\n<div class=\"queries\" style=\"clear:both;margin-bottom:2px;border:red dotted thin;\">\n<p>MySQL query:</p>\n<p>ALTER table wp_feed_reader_entries ADD FOREIGN KEY (feed_id) REFERENCES wp_feed_reader_feeds(id) ON DELETE CASCADE</p>\n<p>Queries made or created this session were:</p>\n<ol>\n<li>Executing: BEGIN | (no parameters)</li>\n<li>Executing: ROLLBACK | (no parameters)</li>\n</ol>\n</div>\n<div style=\"clear:both;margin-bottom:2px;border:red dotted thin;\" class=\"error_message\" style=\"border-bottom:dotted blue thin;\">\nError occurred at line 4117 in Function <code>handle_error</code>. Error message was: Data type expected in MySQL query, unknown token received: (.\n</div>\n<p>Backtrace:</p>\n<pre>#0 /internal/shared/sqlite-database-integration/wp-includes/sqlite/class-wp-sqlite-db.php(287): WP_SQLite_Translator->get_error_message()\n#1 /wordpress/wp-content/plugins/feed-reader/includes/class-reader.php(399): WP_SQLite_DB->query('ALTER table wp_...')\n#2 /wordpress/wp-content/plugins/feed-reader/includes/class-reader.php(122): FeedReader\\Reader->migrate()\n#3 /wordpress/wp-includes/class-wp-hook.php(324): FeedReader\\Reader->init('')\n#4 /wordpress/wp-includes/class-wp-hook.php(348): WP_Hook->apply_filters(NULL, Array)\n#5 /wordpress/wp-includes/plugin.php(517): WP_Hook->do_action(Array)\n#6 /wordpress/wp-settings.php(727): do_action('init')\n#7 /wordpress/wp-config.php(102): require_once('/wordpress/wp-s...')\n#8 /wordpress/wp-load.php(50): require_once('/wordpress/wp-c...')\n#9 /internal/eval.php(3): require_once('/wordpress/wp-l...')\n#10 {main}</pre>\n for query ALTER table wp_feed_reader_entries ADD FOREIGN KEY (feed_id) REFERENCES wp_feed_reader_feeds(id) ON DELETE CASCADE made by require_once('wp-load.php'), require_once('wp-config.php'), require_once('wp-settings.php'), do_action('init'), WP_Hook->do_action, WP_Hook->apply_filters, FeedReader\\Reader->init, FeedReader\\Reader->migrate, WP_SQLite_DB->query, WP_SQLite_DB->print_error",
    "log": "/logs/plugins/f/fluid/error.json"
  },
  {
    "message": "Data type expected in MySQL query, unknown token received: (.",
    "level": "FATAL",
    "type": "SQL",
    "test": "asyncify-boot",
    "plugin": "fluid",
    "details": "[07-May-2025 17:28:03 UTC] WordPress database error <div style=\"clear:both\">&nbsp;</div>\n<div class=\"queries\" style=\"clear:both;margin-bottom:2px;border:red dotted thin;\">\n<p>MySQL query:</p>\n<p>ALTER table wp_feed_reader_feeds ADD FOREIGN KEY (category_id) REFERENCES wp_feed_reader_categories(id)</p>\n<p>Queries made or created this session were:</p>\n<ol>\n<li>Executing: BEGIN | (no parameters)</li>\n<li>Executing: ROLLBACK | (no parameters)</li>\n</ol>\n</div>\n<div style=\"clear:both;margin-bottom:2px;border:red dotted thin;\" class=\"error_message\" style=\"border-bottom:dotted blue thin;\">\nError occurred at line 4117 in Function <code>handle_error</code>. Error message was: Data type expected in MySQL query, unknown token received: (.\n</div>\n<p>Backtrace:</p>\n<pre>#0 /internal/shared/sqlite-database-integration/wp-includes/sqlite/class-wp-sqlite-db.php(287): WP_SQLite_Translator->get_error_message()\n#1 /wordpress/wp-content/plugins/feed-reader/includes/class-reader.php(391): WP_SQLite_DB->query('ALTER table wp_...')\n#2 /wordpress/wp-content/plugins/feed-reader/includes/class-reader.php(122): FeedReader\\Reader->migrate()\n#3 /wordpress/wp-includes/class-wp-hook.php(324): FeedReader\\Reader->init('')\n#4 /wordpress/wp-includes/class-wp-hook.php(348): WP_Hook->apply_filters(NULL, Array)\n#5 /wordpress/wp-includes/plugin.php(517): WP_Hook->do_action(Array)\n#6 /wordpress/wp-settings.php(727): do_action('init')\n#7 /wordpress/wp-config.php(102): require_once('/wordpress/wp-s...')\n#8 /wordpress/wp-load.php(50): require_once('/wordpress/wp-c...')\n#9 /internal/eval.php(3): require_once('/wordpress/wp-l...')\n#10 {main}</pre>\n for query ALTER table wp_feed_reader_feeds ADD FOREIGN KEY (category_id) REFERENCES wp_feed_reader_categories(id) made by require_once('wp-load.php'), require_once('wp-config.php'), require_once('wp-settings.php'), do_action('init'), WP_Hook->do_action, WP_Hook->apply_filters, FeedReader\\Reader->init, FeedReader\\Reader->migrate, WP_SQLite_DB->query, WP_SQLite_DB->print_error",
    "log": "/logs/plugins/f/fluid/error.json"
  },
  {
    "message": "Data type expected in MySQL query, unknown token received: (.",
    "level": "FATAL",
    "type": "SQL",
    "test": "asyncify-boot",
    "plugin": "fluid",
    "details": "[07-May-2025 17:28:03 UTC] WordPress database error <div style=\"clear:both\">&nbsp;</div>\n<div class=\"queries\" style=\"clear:both;margin-bottom:2px;border:red dotted thin;\">\n<p>MySQL query:</p>\n<p>ALTER table wp_feed_reader_entries ADD FOREIGN KEY (feed_id) REFERENCES wp_feed_reader_feeds(id) ON DELETE CASCADE</p>\n<p>Queries made or created this session were:</p>\n<ol>\n<li>Executing: BEGIN | (no parameters)</li>\n<li>Executing: ROLLBACK | (no parameters)</li>\n</ol>\n</div>\n<div style=\"clear:both;margin-bottom:2px;border:red dotted thin;\" class=\"error_message\" style=\"border-bottom:dotted blue thin;\">\nError occurred at line 4117 in Function <code>handle_error</code>. Error message was: Data type expected in MySQL query, unknown token received: (.\n</div>\n<p>Backtrace:</p>\n<pre>#0 /internal/shared/sqlite-database-integration/wp-includes/sqlite/class-wp-sqlite-db.php(287): WP_SQLite_Translator->get_error_message()\n#1 /wordpress/wp-content/plugins/feed-reader/includes/class-reader.php(399): WP_SQLite_DB->query('ALTER table wp_...')\n#2 /wordpress/wp-content/plugins/feed-reader/includes/class-reader.php(122): FeedReader\\Reader->migrate()\n#3 /wordpress/wp-includes/class-wp-hook.php(324): FeedReader\\Reader->init('')\n#4 /wordpress/wp-includes/class-wp-hook.php(348): WP_Hook->apply_filters(NULL, Array)\n#5 /wordpress/wp-includes/plugin.php(517): WP_Hook->do_action(Array)\n#6 /wordpress/wp-settings.php(727): do_action('init')\n#7 /wordpress/wp-config.php(102): require_once('/wordpress/wp-s...')\n#8 /wordpress/wp-load.php(50): require_once('/wordpress/wp-c...')\n#9 /internal/eval.php(3): require_once('/wordpress/wp-l...')\n#10 {main}</pre>\n for query ALTER table wp_feed_reader_entries ADD FOREIGN KEY (feed_id) REFERENCES wp_feed_reader_feeds(id) ON DELETE CASCADE made by require_once('wp-load.php'), require_once('wp-config.php'), require_once('wp-settings.php'), do_action('init'), WP_Hook->do_action, WP_Hook->apply_filters, FeedReader\\Reader->init, FeedReader\\Reader->migrate, WP_SQLite_DB->query, WP_SQLite_DB->print_error",
    "log": "/logs/plugins/f/fluid/error.json"
  },
  {
    "message": "Uncaught TypeError: call_user_func(): Argument #1 ($callback) must be a valid callback, non-static method AndreaFacebookSend::Enable() cannot be called statically in /wordpress/wp-includes/class-wp-hook.php:322",
    "level": "FATAL",
    "type": "PHP",
    "test": "asyncify-boot",
    "plugin": "fluid",
    "details": "[07-May-2025 17:28:40 UTC] PHP Fatal error:  Uncaught TypeError: call_user_func(): Argument #1 ($callback) must be a valid callback, non-static method AndreaFacebookSend::Enable() cannot be called statically in /wordpress/wp-includes/class-wp-hook.php:322\nStack trace:\n#0 /wordpress/wp-includes/class-wp-hook.php(348): WP_Hook->apply_filters(NULL, Array)\n#1 /wordpress/wp-includes/plugin.php(517): WP_Hook->do_action(Array)\n#2 /wordpress/wp-settings.php(727): do_action('init')\n#3 /wordpress/wp-config.php(102): require_once('/wordpress/wp-s...')\n#4 /wordpress/wp-load.php(50): require_once('/wordpress/wp-c...')\n#5 /internal/eval.php(3): require_once('/wordpress/wp-l...')\n#6 {main}\n  thrown in /wordpress/wp-includes/class-wp-hook.php on line 322",
    "log": "/logs/plugins/f/fluid/error.json"
  },
  {
    "message": "Uncaught TypeError: call_user_func(): Argument #1 ($callback) must be a valid callback, non-static method AndreaFacebookSend::Enable() cannot be called statically in /wordpress/wp-includes/class-wp-hook.php:322",
    "level": "FATAL",
    "type": "PHP",
    "test": "asyncify-boot",
    "plugin": "fluid",
    "details": "[07-May-2025 17:28:48 UTC] PHP Fatal error:  Uncaught TypeError: call_user_func(): Argument #1 ($callback) must be a valid callback, non-static method AndreaFacebookSend::Enable() cannot be called statically in /wordpress/wp-includes/class-wp-hook.php:322\nStack trace:\n#0 /wordpress/wp-includes/class-wp-hook.php(348): WP_Hook->apply_filters(NULL, Array)\n#1 /wordpress/wp-includes/plugin.php(517): WP_Hook->do_action(Array)\n#2 /wordpress/wp-settings.php(727): do_action('init')\n#3 /wordpress/wp-config.php(102): require_once('/wordpress/wp-s...')\n#4 /wordpress/wp-load.php(50): require_once('/wordpress/wp-c...')\n#5 /internal/eval.php(3): require_once('/wordpress/wp-l...')\n#6 {main}\n  thrown in /wordpress/wp-includes/class-wp-hook.php on line 322",
    "log": "/logs/plugins/f/fluid/error.json"
  },
  {
    "message": "Uncaught TypeError: call_user_func(): Argument #1 ($callback) must be a valid callback, non-static method AndreaFacebookSend::Enable() cannot be called statically in /wordpress/wp-includes/class-wp-hook.php:322",
    "level": "FATAL",
    "type": "PHP",
    "test": "asyncify-boot",
    "plugin": "fluid",
    "details": "[07-May-2025 17:28:57 UTC] PHP Fatal error:  Uncaught TypeError: call_user_func(): Argument #1 ($callback) must be a valid callback, non-static method AndreaFacebookSend::Enable() cannot be called statically in /wordpress/wp-includes/class-wp-hook.php:322\nStack trace:\n#0 /wordpress/wp-includes/class-wp-hook.php(348): WP_Hook->apply_filters(NULL, Array)\n#1 /wordpress/wp-includes/plugin.php(517): WP_Hook->do_action(Array)\n#2 /wordpress/wp-settings.php(727): do_action('init')\n#3 /wordpress/wp-config.php(102): require_once('/wordpress/wp-s...')\n#4 /wordpress/wp-load.php(50): require_once('/wordpress/wp-c...')\n#5 /internal/eval.php(3): require_once('/wordpress/wp-l...')\n#6 {main}\n  thrown in /wordpress/wp-includes/class-wp-hook.php on line 322",
    "log": "/logs/plugins/f/fluid/error.json"
  },
  {
    "message": "Undefined array key \"setup_is_being_done\" in /wordpress/wp-content/plugins/fast-custom-social-share-by-codebard/plugin/plugin.php on line 125",
    "level": "WARNING",
    "type": "PHP",
    "test": "asyncify-boot",
    "plugin": "fluid",
    "details": "[07-May-2025 17:29:57 UTC] PHP Warning:  Undefined array key \"setup_is_being_done\" in /wordpress/wp-content/plugins/fast-custom-social-share-by-codebard/plugin/plugin.php on line 125",
    "log": "/logs/plugins/f/fluid/error.json"
  },
  {
    "message": "Undefined array key \"setup_is_being_done\" in /wordpress/wp-content/plugins/fast-custom-social-share-by-codebard/plugin/plugin.php on line 125",
    "level": "WARNING",
    "type": "PHP",
    "test": "asyncify-boot",
    "plugin": "fluid",
    "details": "[07-May-2025 17:30:07 UTC] PHP Warning:  Undefined array key \"setup_is_being_done\" in /wordpress/wp-content/plugins/fast-custom-social-share-by-codebard/plugin/plugin.php on line 125",
    "log": "/logs/plugins/f/fluid/error.json"
  },
  {
    "message": "Undefined array key \"setup_is_being_done\" in /wordpress/wp-content/plugins/fast-custom-social-share-by-codebard/plugin/plugin.php on line 125",
    "level": "WARNING",
    "type": "PHP",
    "test": "asyncify-boot",
    "plugin": "fluid",
    "details": "[07-May-2025 17:30:18 UTC] PHP Warning:  Undefined array key \"setup_is_being_done\" in /wordpress/wp-content/plugins/fast-custom-social-share-by-codebard/plugin/plugin.php on line 125",
    "log": "/logs/plugins/f/fluid/error.json"
  },
  {
    "message": "Function register_sidebar_widget is <strong>deprecated</strong> since version 2.8.0! Use wp_register_sidebar_widget() instead. in /wordpress/wp-includes/functions.php on line 6121",
    "level": "DEPRECATED",
    "type": "PHP",
    "test": "asyncify-boot",
    "plugin": "fluid",
    "details": "[07-May-2025 17:31:14 UTC] PHP Deprecated:  Function register_sidebar_widget is <strong>deprecated</strong> since version 2.8.0! Use wp_register_sidebar_widget() instead. in /wordpress/wp-includes/functions.php on line 6121",
    "log": "/logs/plugins/f/fluid/error.json"
  },
  {
    "message": "Function register_widget_control is <strong>deprecated</strong> since version 2.8.0! Use wp_register_widget_control() instead. in /wordpress/wp-includes/functions.php on line 6121",
    "level": "DEPRECATED",
    "type": "PHP",
    "test": "asyncify-boot",
    "plugin": "fluid",
    "details": "[07-May-2025 17:31:14 UTC] PHP Deprecated:  Function register_widget_control is <strong>deprecated</strong> since version 2.8.0! Use wp_register_widget_control() instead. in /wordpress/wp-includes/functions.php on line 6121",
    "log": "/logs/plugins/f/fluid/error.json"
  },
  {
    "message": "Function register_sidebar_widget is <strong>deprecated</strong> since version 2.8.0! Use wp_register_sidebar_widget() instead. in /wordpress/wp-includes/functions.php on line 6121",
    "level": "DEPRECATED",
    "type": "PHP",
    "test": "asyncify-boot",
    "plugin": "fluid",
    "details": "[07-May-2025 17:31:23 UTC] PHP Deprecated:  Function register_sidebar_widget is <strong>deprecated</strong> since version 2.8.0! Use wp_register_sidebar_widget() instead. in /wordpress/wp-includes/functions.php on line 6121",
    "log": "/logs/plugins/f/fluid/error.json"
  },
  {
    "message": "Function register_widget_control is <strong>deprecated</strong> since version 2.8.0! Use wp_register_widget_control() instead. in /wordpress/wp-includes/functions.php on line 6121",
    "level": "DEPRECATED",
    "type": "PHP",
    "test": "asyncify-boot",
    "plugin": "fluid",
    "details": "[07-May-2025 17:31:23 UTC] PHP Deprecated:  Function register_widget_control is <strong>deprecated</strong> since version 2.8.0! Use wp_register_widget_control() instead. in /wordpress/wp-includes/functions.php on line 6121",
    "log": "/logs/plugins/f/fluid/error.json"
  },
  {
    "message": "Function register_sidebar_widget is <strong>deprecated</strong> since version 2.8.0! Use wp_register_sidebar_widget() instead. in /wordpress/wp-includes/functions.php on line 6121",
    "level": "DEPRECATED",
    "type": "PHP",
    "test": "asyncify-boot",
    "plugin": "fluid",
    "details": "[07-May-2025 17:31:33 UTC] PHP Deprecated:  Function register_sidebar_widget is <strong>deprecated</strong> since version 2.8.0! Use wp_register_sidebar_widget() instead. in /wordpress/wp-includes/functions.php on line 6121",
    "log": "/logs/plugins/f/fluid/error.json"
  },
  {
    "message": "Function register_widget_control is <strong>deprecated</strong> since version 2.8.0! Use wp_register_widget_control() instead. in /wordpress/wp-includes/functions.php on line 6121",
    "level": "DEPRECATED",
    "type": "PHP",
    "test": "asyncify-boot",
    "plugin": "fluid",
    "details": "[07-May-2025 17:31:33 UTC] PHP Deprecated:  Function register_widget_control is <strong>deprecated</strong> since version 2.8.0! Use wp_register_widget_control() instead. in /wordpress/wp-includes/functions.php on line 6121",
    "log": "/logs/plugins/f/fluid/error.json"
  },
  {
    "message": "Required parameter $fgtinsta_pictures follows optional parameter $content in /wordpress/wp-content/plugins/fgtinsta/fgtinsta-pictures.php on line 155",
    "level": "DEPRECATED",
    "type": "PHP",
    "test": "asyncify-boot",
    "plugin": "fluid",
    "details": "[07-May-2025 17:32:37 UTC] PHP Deprecated:  Required parameter $fgtinsta_pictures follows optional parameter $content in /wordpress/wp-content/plugins/fgtinsta/fgtinsta-pictures.php on line 155",
    "log": "/logs/plugins/f/fluid/error.json"
  },
  {
    "message": "Required parameter $fgtinsta_pictures follows optional parameter $content in /wordpress/wp-content/plugins/fgtinsta/fgtinsta-pictures.php on line 155",
    "level": "DEPRECATED",
    "type": "PHP",
    "test": "asyncify-boot",
    "plugin": "fluid",
    "details": "[07-May-2025 17:32:38 UTC] PHP Deprecated:  Required parameter $fgtinsta_pictures follows optional parameter $content in /wordpress/wp-content/plugins/fgtinsta/fgtinsta-pictures.php on line 155",
    "log": "/logs/plugins/f/fluid/error.json"
  },
  {
    "message": "Required parameter $fgtinsta_pictures follows optional parameter $content in /wordpress/wp-content/plugins/fgtinsta/fgtinsta-pictures.php on line 155",
    "level": "DEPRECATED",
    "type": "PHP",
    "test": "asyncify-boot",
    "plugin": "fluid",
    "details": "[07-May-2025 17:32:46 UTC] PHP Deprecated:  Required parameter $fgtinsta_pictures follows optional parameter $content in /wordpress/wp-content/plugins/fgtinsta/fgtinsta-pictures.php on line 155",
    "log": "/logs/plugins/f/fluid/error.json"
  },
  {
    "message": "Required parameter $fgtinsta_pictures follows optional parameter $content in /wordpress/wp-content/plugins/fgtinsta/fgtinsta-pictures.php on line 155",
    "level": "DEPRECATED",
    "type": "PHP",
    "test": "asyncify-boot",
    "plugin": "fluid",
    "details": "[07-May-2025 17:32:47 UTC] PHP Deprecated:  Required parameter $fgtinsta_pictures follows optional parameter $content in /wordpress/wp-content/plugins/fgtinsta/fgtinsta-pictures.php on line 155",
    "log": "/logs/plugins/f/fluid/error.json"
  },
  {
    "message": "Required parameter $fgtinsta_pictures follows optional parameter $content in /wordpress/wp-content/plugins/fgtinsta/fgtinsta-pictures.php on line 155",
    "level": "DEPRECATED",
    "type": "PHP",
    "test": "asyncify-boot",
    "plugin": "fluid",
    "details": "[07-May-2025 17:32:55 UTC] PHP Deprecated:  Required parameter $fgtinsta_pictures follows optional parameter $content in /wordpress/wp-content/plugins/fgtinsta/fgtinsta-pictures.php on line 155",
    "log": "/logs/plugins/f/fluid/error.json"
  },
  {
    "message": "Required parameter $fgtinsta_pictures follows optional parameter $content in /wordpress/wp-content/plugins/fgtinsta/fgtinsta-pictures.php on line 155",
    "level": "DEPRECATED",
    "type": "PHP",
    "test": "asyncify-boot",
    "plugin": "fluid",
    "details": "[07-May-2025 17:32:55 UTC] PHP Deprecated:  Required parameter $fgtinsta_pictures follows optional parameter $content in /wordpress/wp-content/plugins/fgtinsta/fgtinsta-pictures.php on line 155",
    "log": "/logs/plugins/f/fluid/error.json"
  },
  {
    "message": "Uncaught Error: Call to undefined function create_function() in /wordpress/wp-content/plugins/filesfm-file-upload-form/files-fm-file-upload-form.php:29",
    "level": "FATAL",
    "type": "PHP",
    "test": "asyncify-boot",
    "plugin": "fluid",
    "details": "[07-May-2025 17:33:31 UTC] PHP Fatal error:  Uncaught Error: Call to undefined function create_function() in /wordpress/wp-content/plugins/filesfm-file-upload-form/files-fm-file-upload-form.php:29\nStack trace:\n#0 /wordpress/wp-admin/includes/plugin.php(2387): include_once()\n#1 /wordpress/wp-admin/includes/plugin.php(673): plugin_sandbox_scrape('filesfm-file-up...')\n#2 /internal/eval.php(20): activate_plugin('filesfm-file-up...')\n#3 {main}\n  thrown in /wordpress/wp-content/plugins/filesfm-file-upload-form/files-fm-file-upload-form.php on line 29",
    "log": "/logs/plugins/f/fluid/error.json"
  },
  {
    "message": "Uncaught Error: Call to undefined function create_function() in /wordpress/wp-content/plugins/filesfm-file-upload-form/files-fm-file-upload-form.php:29",
    "level": "FATAL",
    "type": "PHP",
    "test": "asyncify-boot",
    "plugin": "fluid",
    "details": "[07-May-2025 17:33:39 UTC] PHP Fatal error:  Uncaught Error: Call to undefined function create_function() in /wordpress/wp-content/plugins/filesfm-file-upload-form/files-fm-file-upload-form.php:29\nStack trace:\n#0 /wordpress/wp-admin/includes/plugin.php(2387): include_once()\n#1 /wordpress/wp-admin/includes/plugin.php(673): plugin_sandbox_scrape('filesfm-file-up...')\n#2 /internal/eval.php(20): activate_plugin('filesfm-file-up...')\n#3 {main}\n  thrown in /wordpress/wp-content/plugins/filesfm-file-upload-form/files-fm-file-upload-form.php on line 29",
    "log": "/logs/plugins/f/fluid/error.json"
  },
  {
    "message": "Uncaught Error: Call to undefined function create_function() in /wordpress/wp-content/plugins/filesfm-file-upload-form/files-fm-file-upload-form.php:29",
    "level": "FATAL",
    "type": "PHP",
    "test": "asyncify-boot",
    "plugin": "fluid",
    "details": "[07-May-2025 17:33:47 UTC] PHP Fatal error:  Uncaught Error: Call to undefined function create_function() in /wordpress/wp-content/plugins/filesfm-file-upload-form/files-fm-file-upload-form.php:29\nStack trace:\n#0 /wordpress/wp-admin/includes/plugin.php(2387): include_once()\n#1 /wordpress/wp-admin/includes/plugin.php(673): plugin_sandbox_scrape('filesfm-file-up...')\n#2 /internal/eval.php(20): activate_plugin('filesfm-file-up...')\n#3 {main}\n  thrown in /wordpress/wp-content/plugins/filesfm-file-upload-form/files-fm-file-upload-form.php on line 29",
    "log": "/logs/plugins/f/fluid/error.json"
  },
  {
    "message": "Undefined array key \"REMOTE_ADDR\" in /wordpress/wp-content/plugins/finch/finch.php on line 23",
    "level": "WARNING",
    "type": "PHP",
    "test": "asyncify-boot",
    "plugin": "fluid",
    "details": "[07-May-2025 17:34:17 UTC] PHP Warning:  Undefined array key \"REMOTE_ADDR\" in /wordpress/wp-content/plugins/finch/finch.php on line 23",
    "log": "/logs/plugins/f/fluid/error.json"
  },
  {
    "message": "Undefined array key \"REMOTE_ADDR\" in /wordpress/wp-content/plugins/finch/finch.php on line 23",
    "level": "WARNING",
    "type": "PHP",
    "test": "asyncify-boot",
    "plugin": "fluid",
    "details": "[07-May-2025 17:34:18 UTC] PHP Warning:  Undefined array key \"REMOTE_ADDR\" in /wordpress/wp-content/plugins/finch/finch.php on line 23",
    "log": "/logs/plugins/f/fluid/error.json"
  },
  {
    "message": "[07-May-2025 17:34:18 UTC] Exception: cURL error 35: OpenSSL SSL_connect: SSL_ERROR_SYSCALL in connection to api.finch.io:443  in /wordpress/wp-content/plugins/finch/api/finch_api_client.class.php:73\nStack trace:\n#0 /wordpress/wp-content/plugins/finch/api/finch_api_client.class.php(208): FinchApiClient->get('/config/snippet')\n#1 /wordpress/wp-content/plugins/finch/classes/finch.class.php(104): FinchApiClient->getSnippetData()\n#2 /wordpress/wp-includes/class-wp-hook.php(324): Finch->finchInit('')\n#3 /wordpress/wp-includes/class-wp-hook.php(348): WP_Hook->apply_filters(NULL, Array)\n#4 /wordpress/wp-includes/plugin.php(517): WP_Hook->do_action(Array)\n#5 /wordpress/wp-settings.php(727): do_action('init')\n#6 /wordpress/wp-config.php(102): require_once('/wordpress/wp-s...')\n#7 /wordpress/wp-load.php(50): require_once('/wordpress/wp-c...')\n#8 /internal/eval.php(3): require_once('/wordpress/wp-l...')\n#9 {main}",
    "level": "INFO",
    "type": "OTHER",
    "test": "asyncify-boot",
    "plugin": "fluid",
    "details": "[07-May-2025 17:34:18 UTC] Exception: cURL error 35: OpenSSL SSL_connect: SSL_ERROR_SYSCALL in connection to api.finch.io:443  in /wordpress/wp-content/plugins/finch/api/finch_api_client.class.php:73\nStack trace:\n#0 /wordpress/wp-content/plugins/finch/api/finch_api_client.class.php(208): FinchApiClient->get('/config/snippet')\n#1 /wordpress/wp-content/plugins/finch/classes/finch.class.php(104): FinchApiClient->getSnippetData()\n#2 /wordpress/wp-includes/class-wp-hook.php(324): Finch->finchInit('')\n#3 /wordpress/wp-includes/class-wp-hook.php(348): WP_Hook->apply_filters(NULL, Array)\n#4 /wordpress/wp-includes/plugin.php(517): WP_Hook->do_action(Array)\n#5 /wordpress/wp-settings.php(727): do_action('init')\n#6 /wordpress/wp-config.php(102): require_once('/wordpress/wp-s...')\n#7 /wordpress/wp-load.php(50): require_once('/wordpress/wp-c...')\n#8 /internal/eval.php(3): require_once('/wordpress/wp-l...')\n#9 {main}",
    "log": "/logs/plugins/f/fluid/error.json"
  },
  {
    "message": "Attempt to read property \"version\" on bool in /wordpress/wp-content/plugins/finch/classes/finch.class.php on line 106",
    "level": "WARNING",
    "type": "PHP",
    "test": "asyncify-boot",
    "plugin": "fluid",
    "details": "[07-May-2025 17:34:18 UTC] PHP Warning:  Attempt to read property \"version\" on bool in /wordpress/wp-content/plugins/finch/classes/finch.class.php on line 106",
    "log": "/logs/plugins/f/fluid/error.json"
  },
  {
    "message": "Attempt to read property \"version\" on bool in /wordpress/wp-content/plugins/finch/classes/finch.class.php on line 107",
    "level": "WARNING",
    "type": "PHP",
    "test": "asyncify-boot",
    "plugin": "fluid",
    "details": "[07-May-2025 17:34:18 UTC] PHP Warning:  Attempt to read property \"version\" on bool in /wordpress/wp-content/plugins/finch/classes/finch.class.php on line 107",
    "log": "/logs/plugins/f/fluid/error.json"
  },
  {
    "message": "Attempt to read property \"version\" on bool in /wordpress/wp-content/plugins/finch/classes/finch.class.php on line 108",
    "level": "WARNING",
    "type": "PHP",
    "test": "asyncify-boot",
    "plugin": "fluid",
    "details": "[07-May-2025 17:34:18 UTC] PHP Warning:  Attempt to read property \"version\" on bool in /wordpress/wp-content/plugins/finch/classes/finch.class.php on line 108",
    "log": "/logs/plugins/f/fluid/error.json"
  },
  {
    "message": "Undefined array key \"REMOTE_ADDR\" in /wordpress/wp-content/plugins/finch/finch.php on line 23",
    "level": "WARNING",
    "type": "PHP",
    "test": "asyncify-boot",
    "plugin": "fluid",
    "details": "[07-May-2025 17:34:26 UTC] PHP Warning:  Undefined array key \"REMOTE_ADDR\" in /wordpress/wp-content/plugins/finch/finch.php on line 23",
    "log": "/logs/plugins/f/fluid/error.json"
  },
  {
    "message": "Undefined array key \"REMOTE_ADDR\" in /wordpress/wp-content/plugins/finch/finch.php on line 23",
    "level": "WARNING",
    "type": "PHP",
    "test": "asyncify-boot",
    "plugin": "fluid",
    "details": "[07-May-2025 17:34:27 UTC] PHP Warning:  Undefined array key \"REMOTE_ADDR\" in /wordpress/wp-content/plugins/finch/finch.php on line 23",
    "log": "/logs/plugins/f/fluid/error.json"
  },
  {
    "message": "[07-May-2025 17:34:32 UTC] Exception: cURL error 28: Operation timed out after 5002 milliseconds with 0 out of 0 bytes received in /wordpress/wp-content/plugins/finch/api/finch_api_client.class.php:73\nStack trace:\n#0 /wordpress/wp-content/plugins/finch/api/finch_api_client.class.php(208): FinchApiClient->get('/config/snippet')\n#1 /wordpress/wp-content/plugins/finch/classes/finch.class.php(104): FinchApiClient->getSnippetData()\n#2 /wordpress/wp-includes/class-wp-hook.php(324): Finch->finchInit('')\n#3 /wordpress/wp-includes/class-wp-hook.php(348): WP_Hook->apply_filters(NULL, Array)\n#4 /wordpress/wp-includes/plugin.php(517): WP_Hook->do_action(Array)\n#5 /wordpress/wp-settings.php(727): do_action('init')\n#6 /wordpress/wp-config.php(102): require_once('/wordpress/wp-s...')\n#7 /wordpress/wp-load.php(50): require_once('/wordpress/wp-c...')\n#8 /internal/eval.php(3): require_once('/wordpress/wp-l...')\n#9 {main}",
    "level": "INFO",
    "type": "OTHER",
    "test": "asyncify-boot",
    "plugin": "fluid",
    "details": "[07-May-2025 17:34:32 UTC] Exception: cURL error 28: Operation timed out after 5002 milliseconds with 0 out of 0 bytes received in /wordpress/wp-content/plugins/finch/api/finch_api_client.class.php:73\nStack trace:\n#0 /wordpress/wp-content/plugins/finch/api/finch_api_client.class.php(208): FinchApiClient->get('/config/snippet')\n#1 /wordpress/wp-content/plugins/finch/classes/finch.class.php(104): FinchApiClient->getSnippetData()\n#2 /wordpress/wp-includes/class-wp-hook.php(324): Finch->finchInit('')\n#3 /wordpress/wp-includes/class-wp-hook.php(348): WP_Hook->apply_filters(NULL, Array)\n#4 /wordpress/wp-includes/plugin.php(517): WP_Hook->do_action(Array)\n#5 /wordpress/wp-settings.php(727): do_action('init')\n#6 /wordpress/wp-config.php(102): require_once('/wordpress/wp-s...')\n#7 /wordpress/wp-load.php(50): require_once('/wordpress/wp-c...')\n#8 /internal/eval.php(3): require_once('/wordpress/wp-l...')\n#9 {main}",
    "log": "/logs/plugins/f/fluid/error.json"
  },
  {
    "message": "Attempt to read property \"version\" on bool in /wordpress/wp-content/plugins/finch/classes/finch.class.php on line 106",
    "level": "WARNING",
    "type": "PHP",
    "test": "asyncify-boot",
    "plugin": "fluid",
    "details": "[07-May-2025 17:34:32 UTC] PHP Warning:  Attempt to read property \"version\" on bool in /wordpress/wp-content/plugins/finch/classes/finch.class.php on line 106",
    "log": "/logs/plugins/f/fluid/error.json"
  },
  {
    "message": "Attempt to read property \"version\" on bool in /wordpress/wp-content/plugins/finch/classes/finch.class.php on line 107",
    "level": "WARNING",
    "type": "PHP",
    "test": "asyncify-boot",
    "plugin": "fluid",
    "details": "[07-May-2025 17:34:32 UTC] PHP Warning:  Attempt to read property \"version\" on bool in /wordpress/wp-content/plugins/finch/classes/finch.class.php on line 107",
    "log": "/logs/plugins/f/fluid/error.json"
  },
  {
    "message": "Attempt to read property \"version\" on bool in /wordpress/wp-content/plugins/finch/classes/finch.class.php on line 108",
    "level": "WARNING",
    "type": "PHP",
    "test": "asyncify-boot",
    "plugin": "fluid",
    "details": "[07-May-2025 17:34:32 UTC] PHP Warning:  Attempt to read property \"version\" on bool in /wordpress/wp-content/plugins/finch/classes/finch.class.php on line 108",
    "log": "/logs/plugins/f/fluid/error.json"
  },
  {
    "message": "Undefined array key \"REMOTE_ADDR\" in /wordpress/wp-content/plugins/finch/finch.php on line 23",
    "level": "WARNING",
    "type": "PHP",
    "test": "asyncify-boot",
    "plugin": "fluid",
    "details": "[07-May-2025 17:34:40 UTC] PHP Warning:  Undefined array key \"REMOTE_ADDR\" in /wordpress/wp-content/plugins/finch/finch.php on line 23",
    "log": "/logs/plugins/f/fluid/error.json"
  },
  {
    "message": "Undefined array key \"REMOTE_ADDR\" in /wordpress/wp-content/plugins/finch/finch.php on line 23",
    "level": "WARNING",
    "type": "PHP",
    "test": "asyncify-boot",
    "plugin": "fluid",
    "details": "[07-May-2025 17:34:41 UTC] PHP Warning:  Undefined array key \"REMOTE_ADDR\" in /wordpress/wp-content/plugins/finch/finch.php on line 23",
    "log": "/logs/plugins/f/fluid/error.json"
  },
  {
    "message": "[07-May-2025 17:34:42 UTC] Exception: cURL error 35: OpenSSL SSL_connect: SSL_ERROR_SYSCALL in connection to api.finch.io:443  in /wordpress/wp-content/plugins/finch/api/finch_api_client.class.php:73\nStack trace:\n#0 /wordpress/wp-content/plugins/finch/api/finch_api_client.class.php(208): FinchApiClient->get('/config/snippet')\n#1 /wordpress/wp-content/plugins/finch/classes/finch.class.php(104): FinchApiClient->getSnippetData()\n#2 /wordpress/wp-includes/class-wp-hook.php(324): Finch->finchInit('')\n#3 /wordpress/wp-includes/class-wp-hook.php(348): WP_Hook->apply_filters(NULL, Array)\n#4 /wordpress/wp-includes/plugin.php(517): WP_Hook->do_action(Array)\n#5 /wordpress/wp-settings.php(727): do_action('init')\n#6 /wordpress/wp-config.php(102): require_once('/wordpress/wp-s...')\n#7 /wordpress/wp-load.php(50): require_once('/wordpress/wp-c...')\n#8 /internal/eval.php(3): require_once('/wordpress/wp-l...')\n#9 {main}",
    "level": "INFO",
    "type": "OTHER",
    "test": "asyncify-boot",
    "plugin": "fluid",
    "details": "[07-May-2025 17:34:42 UTC] Exception: cURL error 35: OpenSSL SSL_connect: SSL_ERROR_SYSCALL in connection to api.finch.io:443  in /wordpress/wp-content/plugins/finch/api/finch_api_client.class.php:73\nStack trace:\n#0 /wordpress/wp-content/plugins/finch/api/finch_api_client.class.php(208): FinchApiClient->get('/config/snippet')\n#1 /wordpress/wp-content/plugins/finch/classes/finch.class.php(104): FinchApiClient->getSnippetData()\n#2 /wordpress/wp-includes/class-wp-hook.php(324): Finch->finchInit('')\n#3 /wordpress/wp-includes/class-wp-hook.php(348): WP_Hook->apply_filters(NULL, Array)\n#4 /wordpress/wp-includes/plugin.php(517): WP_Hook->do_action(Array)\n#5 /wordpress/wp-settings.php(727): do_action('init')\n#6 /wordpress/wp-config.php(102): require_once('/wordpress/wp-s...')\n#7 /wordpress/wp-load.php(50): require_once('/wordpress/wp-c...')\n#8 /internal/eval.php(3): require_once('/wordpress/wp-l...')\n#9 {main}",
    "log": "/logs/plugins/f/fluid/error.json"
  },
  {
    "message": "Attempt to read property \"version\" on bool in /wordpress/wp-content/plugins/finch/classes/finch.class.php on line 106",
    "level": "WARNING",
    "type": "PHP",
    "test": "asyncify-boot",
    "plugin": "fluid",
    "details": "[07-May-2025 17:34:42 UTC] PHP Warning:  Attempt to read property \"version\" on bool in /wordpress/wp-content/plugins/finch/classes/finch.class.php on line 106",
    "log": "/logs/plugins/f/fluid/error.json"
  },
  {
    "message": "Attempt to read property \"version\" on bool in /wordpress/wp-content/plugins/finch/classes/finch.class.php on line 107",
    "level": "WARNING",
    "type": "PHP",
    "test": "asyncify-boot",
    "plugin": "fluid",
    "details": "[07-May-2025 17:34:42 UTC] PHP Warning:  Attempt to read property \"version\" on bool in /wordpress/wp-content/plugins/finch/classes/finch.class.php on line 107",
    "log": "/logs/plugins/f/fluid/error.json"
  },
  {
    "message": "Attempt to read property \"version\" on bool in /wordpress/wp-content/plugins/finch/classes/finch.class.php on line 108",
    "level": "WARNING",
    "type": "PHP",
    "test": "asyncify-boot",
    "plugin": "fluid",
    "details": "[07-May-2025 17:34:42 UTC] PHP Warning:  Attempt to read property \"version\" on bool in /wordpress/wp-content/plugins/finch/classes/finch.class.php on line 108",
    "log": "/logs/plugins/f/fluid/error.json"
  },
  {
    "message": "Unparenthesized `a ? b : c ? d : e` is not supported. Use either `(a ? b : c) ? d : e` or `a ? b : (c ? d : e)` in /wordpress/wp-content/plugins/fluid/includes/admin/class-settings-page.php on line 489",
    "level": "FATAL",
    "type": "PHP",
    "test": "asyncify-boot",
    "plugin": "fluid",
    "details": "[07-May-2025 17:35:17 UTC] PHP Fatal error:  Unparenthesized `a ? b : c ? d : e` is not supported. Use either `(a ? b : c) ? d : e` or `a ? b : (c ? d : e)` in /wordpress/wp-content/plugins/fluid/includes/admin/class-settings-page.php on line 489",
    "log": "/logs/plugins/f/fluid/error.json"
  },
  {
    "message": "Unparenthesized `a ? b : c ? d : e` is not supported. Use either `(a ? b : c) ? d : e` or `a ? b : (c ? d : e)` in /wordpress/wp-content/plugins/fluid/includes/admin/class-settings-page.php on line 489",
    "level": "FATAL",
    "type": "PHP",
    "test": "asyncify-boot",
    "plugin": "fluid",
    "details": "[07-May-2025 17:35:24 UTC] PHP Fatal error:  Unparenthesized `a ? b : c ? d : e` is not supported. Use either `(a ? b : c) ? d : e` or `a ? b : (c ? d : e)` in /wordpress/wp-content/plugins/fluid/includes/admin/class-settings-page.php on line 489\n\n    at Object.onBind (file:///home/runner/work/playground-tester/playground-tester/node_modules/@wp-playground/cli/index.js:237:15)\n    at process.processTicksAndRejections (node:internal/process/task_queues:105:5)\n    at async V (file:///home/runner/work/playground-tester/playground-tester/node_modules/@wp-playground/cli/index.js:64:10)\n    at async ja (file:///home/runner/work/playground-tester/playground-tester/node_modules/@wp-playground/cli/cli.js:8161:12) {\n  [cause]: Error: Error when executing the blueprint step #1 ({\"step\":\"installPlugin\",\"pluginData\":{\"resource\":\"wordpress.org/plugins\",\"slug\":\"fluid\"},\"options\":{\"activate\":true}}) : PHP.run() failed with exit code 255 and the following output: \n      at Object.run (file:///home/runner/work/playground-tester/playground-tester/node_modules/@wp-playground/blueprints/index.js:12449:19)\n      at process.processTicksAndRejections (node:internal/process/task_queues:105:5)\n      at async ms (file:///home/runner/work/playground-tester/playground-tester/node_modules/@wp-playground/blueprints/index.js:12552:3)\n      ... 2 lines matching cause stack trace ...\n      at async ja (file:///home/runner/work/playground-tester/playground-tester/node_modules/@wp-playground/cli/cli.js:8161:12) {\n    [cause]: PHPExecutionFailureError: PHP.run() failed with exit code 255 and the following output: \n        at PHP.run (file:///home/runner/work/playground-tester/playground-tester/node_modules/@php-wasm/universal/index.js:987:19)\n        at process.processTicksAndRejections (node:internal/process/task_queues:105:5)\n        at async wr (file:///home/runner/work/playground-tester/playground-tester/node_modules/@wp-playground/blueprints/index.js:33:39)\n        at async Object.gt [as installPlugin] (file:///home/runner/work/playground-tester/playground-tester/node_modules/@wp-playground/blueprints/index.js:974:42)\n        at async g (file:///home/runner/work/playground-tester/playground-tester/node_modules/@wp-playground/blueprints/index.js:12517:30)\n        at async Object.run (file:///home/runner/work/playground-tester/playground-tester/node_modules/@wp-playground/blueprints/index.js:12446:23)\n        at async ms (file:///home/runner/work/playground-tester/playground-tester/node_modules/@wp-playground/blueprints/index.js:12552:3)\n        at async Object.onBind (file:///home/runner/work/playground-tester/playground-tester/node_modules/@wp-playground/cli/index.js:227:48)\n        at async V (file:///home/runner/work/playground-tester/playground-tester/node_modules/@wp-playground/cli/index.js:64:10)\n        at async ja (file:///home/runner/work/playground-tester/playground-tester/node_modules/@wp-playground/cli/cli.js:8161:12) {\n      response: PHPResponse {\n        httpStatusCode: 500,\n        headers: {\n          'x-powered-by': [ 'PHP/8.0.30-dev' ],\n          'content-type': [ 'text/html; charset=UTF-8' ]\n        },\n        bytes: Uint8Array(0) [],\n        exitCode: 255,\n        errors: ''\n      },\n      source: 'request'\n    }\n  }\n}\n\n",
    "log": "/logs/plugins/f/fluid/error.json"
  },
  {
    "message": "file:///home/runner/work/playground-tester/playground-tester/node_modules/@wp-playground/cli/index.js:237\n        throw new Error(y, { cause: u });\n              ^\n",
    "level": "FATAL",
    "type": "PLAYGROUND",
    "test": "jspi-boot",
    "plugin": "fluid",
    "details": "file:///home/runner/work/playground-tester/playground-tester/node_modules/@wp-playground/cli/index.js:237\n        throw new Error(y, { cause: u });\n              ^\n",
    "log": "/tmp/tmp.mNK7qajUsY"
  },
  {
    "message": "include(/wordpress/wp-content/plugins/fs-store-locator\\includes\\fssl-admin-function.php): Failed to open stream: No such file or directory in /wordpress/wp-content/plugins/fs-store-locator/fssl-store-locator.php on line 15",
    "level": "WARNING",
    "type": "PHP",
    "test": "jspi-boot",
    "plugin": "fluid",
    "details": "[07-May-2025 17:26:20 UTC] PHP Warning:  include(/wordpress/wp-content/plugins/fs-store-locator\\includes\\fssl-admin-function.php): Failed to open stream: No such file or directory in /wordpress/wp-content/plugins/fs-store-locator/fssl-store-locator.php on line 15",
    "log": "/logs/plugins/f/fluid/error.json"
  },
  {
    "message": "include(): Failed opening '/wordpress/wp-content/plugins/fs-store-locator\\includes\\fssl-admin-function.php' for inclusion (include_path='.:') in /wordpress/wp-content/plugins/fs-store-locator/fssl-store-locator.php on line 15",
    "level": "WARNING",
    "type": "PHP",
    "test": "jspi-boot",
    "plugin": "fluid",
    "details": "[07-May-2025 17:26:20 UTC] PHP Warning:  include(): Failed opening '/wordpress/wp-content/plugins/fs-store-locator\\includes\\fssl-admin-function.php' for inclusion (include_path='.:') in /wordpress/wp-content/plugins/fs-store-locator/fssl-store-locator.php on line 15",
    "log": "/logs/plugins/f/fluid/error.json"
  },
  {
    "message": "include(/wordpress/wp-content/plugins/fs-store-locator\\includes\\fssl-view-function.php): Failed to open stream: No such file or directory in /wordpress/wp-content/plugins/fs-store-locator/fssl-store-locator.php on line 16",
    "level": "WARNING",
    "type": "PHP",
    "test": "jspi-boot",
    "plugin": "fluid",
    "details": "[07-May-2025 17:26:20 UTC] PHP Warning:  include(/wordpress/wp-content/plugins/fs-store-locator\\includes\\fssl-view-function.php): Failed to open stream: No such file or directory in /wordpress/wp-content/plugins/fs-store-locator/fssl-store-locator.php on line 16",
    "log": "/logs/plugins/f/fluid/error.json"
  },
  {
    "message": "include(): Failed opening '/wordpress/wp-content/plugins/fs-store-locator\\includes\\fssl-view-function.php' for inclusion (include_path='.:') in /wordpress/wp-content/plugins/fs-store-locator/fssl-store-locator.php on line 16",
    "level": "WARNING",
    "type": "PHP",
    "test": "jspi-boot",
    "plugin": "fluid",
    "details": "[07-May-2025 17:26:20 UTC] PHP Warning:  include(): Failed opening '/wordpress/wp-content/plugins/fs-store-locator\\includes\\fssl-view-function.php' for inclusion (include_path='.:') in /wordpress/wp-content/plugins/fs-store-locator/fssl-store-locator.php on line 16",
    "log": "/logs/plugins/f/fluid/error.json"
  },
  {
    "message": "include(/wordpress/wp-content/plugins/fs-store-locator\\includes\\fssl-admin-function.php): Failed to open stream: No such file or directory in /wordpress/wp-content/plugins/fs-store-locator/fssl-store-locator.php on line 15",
    "level": "WARNING",
    "type": "PHP",
    "test": "jspi-boot",
    "plugin": "fluid",
    "details": "[07-May-2025 17:26:21 UTC] PHP Warning:  include(/wordpress/wp-content/plugins/fs-store-locator\\includes\\fssl-admin-function.php): Failed to open stream: No such file or directory in /wordpress/wp-content/plugins/fs-store-locator/fssl-store-locator.php on line 15",
    "log": "/logs/plugins/f/fluid/error.json"
  },
  {
    "message": "include(): Failed opening '/wordpress/wp-content/plugins/fs-store-locator\\includes\\fssl-admin-function.php' for inclusion (include_path='.:') in /wordpress/wp-content/plugins/fs-store-locator/fssl-store-locator.php on line 15",
    "level": "WARNING",
    "type": "PHP",
    "test": "jspi-boot",
    "plugin": "fluid",
    "details": "[07-May-2025 17:26:21 UTC] PHP Warning:  include(): Failed opening '/wordpress/wp-content/plugins/fs-store-locator\\includes\\fssl-admin-function.php' for inclusion (include_path='.:') in /wordpress/wp-content/plugins/fs-store-locator/fssl-store-locator.php on line 15",
    "log": "/logs/plugins/f/fluid/error.json"
  },
  {
    "message": "include(/wordpress/wp-content/plugins/fs-store-locator\\includes\\fssl-view-function.php): Failed to open stream: No such file or directory in /wordpress/wp-content/plugins/fs-store-locator/fssl-store-locator.php on line 16",
    "level": "WARNING",
    "type": "PHP",
    "test": "jspi-boot",
    "plugin": "fluid",
    "details": "[07-May-2025 17:26:21 UTC] PHP Warning:  include(/wordpress/wp-content/plugins/fs-store-locator\\includes\\fssl-view-function.php): Failed to open stream: No such file or directory in /wordpress/wp-content/plugins/fs-store-locator/fssl-store-locator.php on line 16",
    "log": "/logs/plugins/f/fluid/error.json"
  },
  {
    "message": "include(): Failed opening '/wordpress/wp-content/plugins/fs-store-locator\\includes\\fssl-view-function.php' for inclusion (include_path='.:') in /wordpress/wp-content/plugins/fs-store-locator/fssl-store-locator.php on line 16",
    "level": "WARNING",
    "type": "PHP",
    "test": "jspi-boot",
    "plugin": "fluid",
    "details": "[07-May-2025 17:26:21 UTC] PHP Warning:  include(): Failed opening '/wordpress/wp-content/plugins/fs-store-locator\\includes\\fssl-view-function.php' for inclusion (include_path='.:') in /wordpress/wp-content/plugins/fs-store-locator/fssl-store-locator.php on line 16",
    "log": "/logs/plugins/f/fluid/error.json"
  },
  {
    "message": "Uncaught TypeError: call_user_func_array(): Argument #1 ($callback) must be a valid callback, function \"fssl_store_locator\" not found or invalid function name in /wordpress/wp-includes/class-wp-hook.php:324",
    "level": "FATAL",
    "type": "PHP",
    "test": "jspi-boot",
    "plugin": "fluid",
    "details": "[07-May-2025 17:26:21 UTC] PHP Fatal error:  Uncaught TypeError: call_user_func_array(): Argument #1 ($callback) must be a valid callback, function \"fssl_store_locator\" not found or invalid function name in /wordpress/wp-includes/class-wp-hook.php:324\nStack trace:\n#0 /wordpress/wp-includes/class-wp-hook.php(348): WP_Hook->apply_filters(NULL, Array)\n#1 /wordpress/wp-includes/plugin.php(517): WP_Hook->do_action(Array)\n#2 /wordpress/wp-settings.php(727): do_action('init')\n#3 /wordpress/wp-config.php(102): require_once('/wordpress/wp-s...')\n#4 /wordpress/wp-load.php(50): require_once('/wordpress/wp-c...')\n#5 /internal/eval.php(3): require_once('/wordpress/wp-l...')\n#6 {main}\n  thrown in /wordpress/wp-includes/class-wp-hook.php on line 324",
    "log": "/logs/plugins/f/fluid/error.json"
  },
  {
    "message": "include(/wordpress/wp-content/plugins/fs-store-locator\\includes\\fssl-admin-function.php): Failed to open stream: No such file or directory in /wordpress/wp-content/plugins/fs-store-locator/fssl-store-locator.php on line 15",
    "level": "WARNING",
    "type": "PHP",
    "test": "jspi-boot",
    "plugin": "fluid",
    "details": "[07-May-2025 17:26:29 UTC] PHP Warning:  include(/wordpress/wp-content/plugins/fs-store-locator\\includes\\fssl-admin-function.php): Failed to open stream: No such file or directory in /wordpress/wp-content/plugins/fs-store-locator/fssl-store-locator.php on line 15",
    "log": "/logs/plugins/f/fluid/error.json"
  },
  {
    "message": "include(): Failed opening '/wordpress/wp-content/plugins/fs-store-locator\\includes\\fssl-admin-function.php' for inclusion (include_path='.:') in /wordpress/wp-content/plugins/fs-store-locator/fssl-store-locator.php on line 15",
    "level": "WARNING",
    "type": "PHP",
    "test": "jspi-boot",
    "plugin": "fluid",
    "details": "[07-May-2025 17:26:29 UTC] PHP Warning:  include(): Failed opening '/wordpress/wp-content/plugins/fs-store-locator\\includes\\fssl-admin-function.php' for inclusion (include_path='.:') in /wordpress/wp-content/plugins/fs-store-locator/fssl-store-locator.php on line 15",
    "log": "/logs/plugins/f/fluid/error.json"
  },
  {
    "message": "include(/wordpress/wp-content/plugins/fs-store-locator\\includes\\fssl-view-function.php): Failed to open stream: No such file or directory in /wordpress/wp-content/plugins/fs-store-locator/fssl-store-locator.php on line 16",
    "level": "WARNING",
    "type": "PHP",
    "test": "jspi-boot",
    "plugin": "fluid",
    "details": "[07-May-2025 17:26:29 UTC] PHP Warning:  include(/wordpress/wp-content/plugins/fs-store-locator\\includes\\fssl-view-function.php): Failed to open stream: No such file or directory in /wordpress/wp-content/plugins/fs-store-locator/fssl-store-locator.php on line 16",
    "log": "/logs/plugins/f/fluid/error.json"
  },
  {
    "message": "include(): Failed opening '/wordpress/wp-content/plugins/fs-store-locator\\includes\\fssl-view-function.php' for inclusion (include_path='.:') in /wordpress/wp-content/plugins/fs-store-locator/fssl-store-locator.php on line 16",
    "level": "WARNING",
    "type": "PHP",
    "test": "jspi-boot",
    "plugin": "fluid",
    "details": "[07-May-2025 17:26:29 UTC] PHP Warning:  include(): Failed opening '/wordpress/wp-content/plugins/fs-store-locator\\includes\\fssl-view-function.php' for inclusion (include_path='.:') in /wordpress/wp-content/plugins/fs-store-locator/fssl-store-locator.php on line 16",
    "log": "/logs/plugins/f/fluid/error.json"
  },
  {
    "message": "include(/wordpress/wp-content/plugins/fs-store-locator\\includes\\fssl-admin-function.php): Failed to open stream: No such file or directory in /wordpress/wp-content/plugins/fs-store-locator/fssl-store-locator.php on line 15",
    "level": "WARNING",
    "type": "PHP",
    "test": "jspi-boot",
    "plugin": "fluid",
    "details": "[07-May-2025 17:26:30 UTC] PHP Warning:  include(/wordpress/wp-content/plugins/fs-store-locator\\includes\\fssl-admin-function.php): Failed to open stream: No such file or directory in /wordpress/wp-content/plugins/fs-store-locator/fssl-store-locator.php on line 15",
    "log": "/logs/plugins/f/fluid/error.json"
  },
  {
    "message": "include(): Failed opening '/wordpress/wp-content/plugins/fs-store-locator\\includes\\fssl-admin-function.php' for inclusion (include_path='.:') in /wordpress/wp-content/plugins/fs-store-locator/fssl-store-locator.php on line 15",
    "level": "WARNING",
    "type": "PHP",
    "test": "jspi-boot",
    "plugin": "fluid",
    "details": "[07-May-2025 17:26:30 UTC] PHP Warning:  include(): Failed opening '/wordpress/wp-content/plugins/fs-store-locator\\includes\\fssl-admin-function.php' for inclusion (include_path='.:') in /wordpress/wp-content/plugins/fs-store-locator/fssl-store-locator.php on line 15",
    "log": "/logs/plugins/f/fluid/error.json"
  },
  {
    "message": "include(/wordpress/wp-content/plugins/fs-store-locator\\includes\\fssl-view-function.php): Failed to open stream: No such file or directory in /wordpress/wp-content/plugins/fs-store-locator/fssl-store-locator.php on line 16",
    "level": "WARNING",
    "type": "PHP",
    "test": "jspi-boot",
    "plugin": "fluid",
    "details": "[07-May-2025 17:26:30 UTC] PHP Warning:  include(/wordpress/wp-content/plugins/fs-store-locator\\includes\\fssl-view-function.php): Failed to open stream: No such file or directory in /wordpress/wp-content/plugins/fs-store-locator/fssl-store-locator.php on line 16",
    "log": "/logs/plugins/f/fluid/error.json"
  },
  {
    "message": "include(): Failed opening '/wordpress/wp-content/plugins/fs-store-locator\\includes\\fssl-view-function.php' for inclusion (include_path='.:') in /wordpress/wp-content/plugins/fs-store-locator/fssl-store-locator.php on line 16",
    "level": "WARNING",
    "type": "PHP",
    "test": "jspi-boot",
    "plugin": "fluid",
    "details": "[07-May-2025 17:26:30 UTC] PHP Warning:  include(): Failed opening '/wordpress/wp-content/plugins/fs-store-locator\\includes\\fssl-view-function.php' for inclusion (include_path='.:') in /wordpress/wp-content/plugins/fs-store-locator/fssl-store-locator.php on line 16",
    "log": "/logs/plugins/f/fluid/error.json"
  },
  {
    "message": "Uncaught TypeError: call_user_func_array(): Argument #1 ($callback) must be a valid callback, function \"fssl_store_locator\" not found or invalid function name in /wordpress/wp-includes/class-wp-hook.php:324",
    "level": "FATAL",
    "type": "PHP",
    "test": "jspi-boot",
    "plugin": "fluid",
    "details": "[07-May-2025 17:26:30 UTC] PHP Fatal error:  Uncaught TypeError: call_user_func_array(): Argument #1 ($callback) must be a valid callback, function \"fssl_store_locator\" not found or invalid function name in /wordpress/wp-includes/class-wp-hook.php:324\nStack trace:\n#0 /wordpress/wp-includes/class-wp-hook.php(348): WP_Hook->apply_filters(NULL, Array)\n#1 /wordpress/wp-includes/plugin.php(517): WP_Hook->do_action(Array)\n#2 /wordpress/wp-settings.php(727): do_action('init')\n#3 /wordpress/wp-config.php(102): require_once('/wordpress/wp-s...')\n#4 /wordpress/wp-load.php(50): require_once('/wordpress/wp-c...')\n#5 /internal/eval.php(3): require_once('/wordpress/wp-l...')\n#6 {main}\n  thrown in /wordpress/wp-includes/class-wp-hook.php on line 324",
    "log": "/logs/plugins/f/fluid/error.json"
  },
  {
    "message": "include(/wordpress/wp-content/plugins/fs-store-locator\\includes\\fssl-admin-function.php): Failed to open stream: No such file or directory in /wordpress/wp-content/plugins/fs-store-locator/fssl-store-locator.php on line 15",
    "level": "WARNING",
    "type": "PHP",
    "test": "jspi-boot",
    "plugin": "fluid",
    "details": "[07-May-2025 17:26:38 UTC] PHP Warning:  include(/wordpress/wp-content/plugins/fs-store-locator\\includes\\fssl-admin-function.php): Failed to open stream: No such file or directory in /wordpress/wp-content/plugins/fs-store-locator/fssl-store-locator.php on line 15",
    "log": "/logs/plugins/f/fluid/error.json"
  },
  {
    "message": "include(): Failed opening '/wordpress/wp-content/plugins/fs-store-locator\\includes\\fssl-admin-function.php' for inclusion (include_path='.:') in /wordpress/wp-content/plugins/fs-store-locator/fssl-store-locator.php on line 15",
    "level": "WARNING",
    "type": "PHP",
    "test": "jspi-boot",
    "plugin": "fluid",
    "details": "[07-May-2025 17:26:38 UTC] PHP Warning:  include(): Failed opening '/wordpress/wp-content/plugins/fs-store-locator\\includes\\fssl-admin-function.php' for inclusion (include_path='.:') in /wordpress/wp-content/plugins/fs-store-locator/fssl-store-locator.php on line 15",
    "log": "/logs/plugins/f/fluid/error.json"
  },
  {
    "message": "include(/wordpress/wp-content/plugins/fs-store-locator\\includes\\fssl-view-function.php): Failed to open stream: No such file or directory in /wordpress/wp-content/plugins/fs-store-locator/fssl-store-locator.php on line 16",
    "level": "WARNING",
    "type": "PHP",
    "test": "jspi-boot",
    "plugin": "fluid",
    "details": "[07-May-2025 17:26:38 UTC] PHP Warning:  include(/wordpress/wp-content/plugins/fs-store-locator\\includes\\fssl-view-function.php): Failed to open stream: No such file or directory in /wordpress/wp-content/plugins/fs-store-locator/fssl-store-locator.php on line 16",
    "log": "/logs/plugins/f/fluid/error.json"
  },
  {
    "message": "include(): Failed opening '/wordpress/wp-content/plugins/fs-store-locator\\includes\\fssl-view-function.php' for inclusion (include_path='.:') in /wordpress/wp-content/plugins/fs-store-locator/fssl-store-locator.php on line 16",
    "level": "WARNING",
    "type": "PHP",
    "test": "jspi-boot",
    "plugin": "fluid",
    "details": "[07-May-2025 17:26:38 UTC] PHP Warning:  include(): Failed opening '/wordpress/wp-content/plugins/fs-store-locator\\includes\\fssl-view-function.php' for inclusion (include_path='.:') in /wordpress/wp-content/plugins/fs-store-locator/fssl-store-locator.php on line 16",
    "log": "/logs/plugins/f/fluid/error.json"
  },
  {
    "message": "include(/wordpress/wp-content/plugins/fs-store-locator\\includes\\fssl-admin-function.php): Failed to open stream: No such file or directory in /wordpress/wp-content/plugins/fs-store-locator/fssl-store-locator.php on line 15",
    "level": "WARNING",
    "type": "PHP",
    "test": "jspi-boot",
    "plugin": "fluid",
    "details": "[07-May-2025 17:26:39 UTC] PHP Warning:  include(/wordpress/wp-content/plugins/fs-store-locator\\includes\\fssl-admin-function.php): Failed to open stream: No such file or directory in /wordpress/wp-content/plugins/fs-store-locator/fssl-store-locator.php on line 15",
    "log": "/logs/plugins/f/fluid/error.json"
  },
  {
    "message": "include(): Failed opening '/wordpress/wp-content/plugins/fs-store-locator\\includes\\fssl-admin-function.php' for inclusion (include_path='.:') in /wordpress/wp-content/plugins/fs-store-locator/fssl-store-locator.php on line 15",
    "level": "WARNING",
    "type": "PHP",
    "test": "jspi-boot",
    "plugin": "fluid",
    "details": "[07-May-2025 17:26:39 UTC] PHP Warning:  include(): Failed opening '/wordpress/wp-content/plugins/fs-store-locator\\includes\\fssl-admin-function.php' for inclusion (include_path='.:') in /wordpress/wp-content/plugins/fs-store-locator/fssl-store-locator.php on line 15",
    "log": "/logs/plugins/f/fluid/error.json"
  },
  {
    "message": "include(/wordpress/wp-content/plugins/fs-store-locator\\includes\\fssl-view-function.php): Failed to open stream: No such file or directory in /wordpress/wp-content/plugins/fs-store-locator/fssl-store-locator.php on line 16",
    "level": "WARNING",
    "type": "PHP",
    "test": "jspi-boot",
    "plugin": "fluid",
    "details": "[07-May-2025 17:26:39 UTC] PHP Warning:  include(/wordpress/wp-content/plugins/fs-store-locator\\includes\\fssl-view-function.php): Failed to open stream: No such file or directory in /wordpress/wp-content/plugins/fs-store-locator/fssl-store-locator.php on line 16",
    "log": "/logs/plugins/f/fluid/error.json"
  },
  {
    "message": "include(): Failed opening '/wordpress/wp-content/plugins/fs-store-locator\\includes\\fssl-view-function.php' for inclusion (include_path='.:') in /wordpress/wp-content/plugins/fs-store-locator/fssl-store-locator.php on line 16",
    "level": "WARNING",
    "type": "PHP",
    "test": "jspi-boot",
    "plugin": "fluid",
    "details": "[07-May-2025 17:26:39 UTC] PHP Warning:  include(): Failed opening '/wordpress/wp-content/plugins/fs-store-locator\\includes\\fssl-view-function.php' for inclusion (include_path='.:') in /wordpress/wp-content/plugins/fs-store-locator/fssl-store-locator.php on line 16",
    "log": "/logs/plugins/f/fluid/error.json"
  },
  {
    "message": "Uncaught TypeError: call_user_func_array(): Argument #1 ($callback) must be a valid callback, function \"fssl_store_locator\" not found or invalid function name in /wordpress/wp-includes/class-wp-hook.php:324",
    "level": "FATAL",
    "type": "PHP",
    "test": "jspi-boot",
    "plugin": "fluid",
    "details": "[07-May-2025 17:26:39 UTC] PHP Fatal error:  Uncaught TypeError: call_user_func_array(): Argument #1 ($callback) must be a valid callback, function \"fssl_store_locator\" not found or invalid function name in /wordpress/wp-includes/class-wp-hook.php:324\nStack trace:\n#0 /wordpress/wp-includes/class-wp-hook.php(348): WP_Hook->apply_filters(NULL, Array)\n#1 /wordpress/wp-includes/plugin.php(517): WP_Hook->do_action(Array)\n#2 /wordpress/wp-settings.php(727): do_action('init')\n#3 /wordpress/wp-config.php(102): require_once('/wordpress/wp-s...')\n#4 /wordpress/wp-load.php(50): require_once('/wordpress/wp-c...')\n#5 /internal/eval.php(3): require_once('/wordpress/wp-l...')\n#6 {main}\n  thrown in /wordpress/wp-includes/class-wp-hook.php on line 324",
    "log": "/logs/plugins/f/fluid/error.json"
  },
  {
    "message": "Data type expected in MySQL query, unknown token received: (.",
    "level": "FATAL",
    "type": "SQL",
    "test": "jspi-boot",
    "plugin": "fluid",
    "details": "[07-May-2025 17:27:54 UTC] WordPress database error <div style=\"clear:both\">&nbsp;</div>\n<div class=\"queries\" style=\"clear:both;margin-bottom:2px;border:red dotted thin;\">\n<p>MySQL query:</p>\n<p>ALTER table wp_feed_reader_feeds ADD FOREIGN KEY (category_id) REFERENCES wp_feed_reader_categories(id)</p>\n<p>Queries made or created this session were:</p>\n<ol>\n<li>Executing: BEGIN | (no parameters)</li>\n<li>Executing: ROLLBACK | (no parameters)</li>\n</ol>\n</div>\n<div style=\"clear:both;margin-bottom:2px;border:red dotted thin;\" class=\"error_message\" style=\"border-bottom:dotted blue thin;\">\nError occurred at line 4117 in Function <code>handle_error</code>. Error message was: Data type expected in MySQL query, unknown token received: (.\n</div>\n<p>Backtrace:</p>\n<pre>#0 /internal/shared/sqlite-database-integration/wp-includes/sqlite/class-wp-sqlite-db.php(287): WP_SQLite_Translator->get_error_message()\n#1 /wordpress/wp-content/plugins/feed-reader/includes/class-reader.php(391): WP_SQLite_DB->query('ALTER table wp_...')\n#2 /wordpress/wp-content/plugins/feed-reader/includes/class-reader.php(122): FeedReader\\Reader->migrate()\n#3 /wordpress/wp-includes/class-wp-hook.php(324): FeedReader\\Reader->init('')\n#4 /wordpress/wp-includes/class-wp-hook.php(348): WP_Hook->apply_filters(NULL, Array)\n#5 /wordpress/wp-includes/plugin.php(517): WP_Hook->do_action(Array)\n#6 /wordpress/wp-settings.php(727): do_action('init')\n#7 /wordpress/wp-config.php(102): require_once('/wordpress/wp-s...')\n#8 /wordpress/wp-load.php(50): require_once('/wordpress/wp-c...')\n#9 /internal/eval.php(3): require_once('/wordpress/wp-l...')\n#10 {main}</pre>\n for query ALTER table wp_feed_reader_feeds ADD FOREIGN KEY (category_id) REFERENCES wp_feed_reader_categories(id) made by require_once('wp-load.php'), require_once('wp-config.php'), require_once('wp-settings.php'), do_action('init'), WP_Hook->do_action, WP_Hook->apply_filters, FeedReader\\Reader->init, FeedReader\\Reader->migrate, WP_SQLite_DB->query, WP_SQLite_DB->print_error",
    "log": "/logs/plugins/f/fluid/error.json"
  },
  {
    "message": "Data type expected in MySQL query, unknown token received: (.",
    "level": "FATAL",
    "type": "SQL",
    "test": "jspi-boot",
    "plugin": "fluid",
    "details": "[07-May-2025 17:27:54 UTC] WordPress database error <div style=\"clear:both\">&nbsp;</div>\n<div class=\"queries\" style=\"clear:both;margin-bottom:2px;border:red dotted thin;\">\n<p>MySQL query:</p>\n<p>ALTER table wp_feed_reader_entries ADD FOREIGN KEY (feed_id) REFERENCES wp_feed_reader_feeds(id) ON DELETE CASCADE</p>\n<p>Queries made or created this session were:</p>\n<ol>\n<li>Executing: BEGIN | (no parameters)</li>\n<li>Executing: ROLLBACK | (no parameters)</li>\n</ol>\n</div>\n<div style=\"clear:both;margin-bottom:2px;border:red dotted thin;\" class=\"error_message\" style=\"border-bottom:dotted blue thin;\">\nError occurred at line 4117 in Function <code>handle_error</code>. Error message was: Data type expected in MySQL query, unknown token received: (.\n</div>\n<p>Backtrace:</p>\n<pre>#0 /internal/shared/sqlite-database-integration/wp-includes/sqlite/class-wp-sqlite-db.php(287): WP_SQLite_Translator->get_error_message()\n#1 /wordpress/wp-content/plugins/feed-reader/includes/class-reader.php(399): WP_SQLite_DB->query('ALTER table wp_...')\n#2 /wordpress/wp-content/plugins/feed-reader/includes/class-reader.php(122): FeedReader\\Reader->migrate()\n#3 /wordpress/wp-includes/class-wp-hook.php(324): FeedReader\\Reader->init('')\n#4 /wordpress/wp-includes/class-wp-hook.php(348): WP_Hook->apply_filters(NULL, Array)\n#5 /wordpress/wp-includes/plugin.php(517): WP_Hook->do_action(Array)\n#6 /wordpress/wp-settings.php(727): do_action('init')\n#7 /wordpress/wp-config.php(102): require_once('/wordpress/wp-s...')\n#8 /wordpress/wp-load.php(50): require_once('/wordpress/wp-c...')\n#9 /internal/eval.php(3): require_once('/wordpress/wp-l...')\n#10 {main}</pre>\n for query ALTER table wp_feed_reader_entries ADD FOREIGN KEY (feed_id) REFERENCES wp_feed_reader_feeds(id) ON DELETE CASCADE made by require_once('wp-load.php'), require_once('wp-config.php'), require_once('wp-settings.php'), do_action('init'), WP_Hook->do_action, WP_Hook->apply_filters, FeedReader\\Reader->init, FeedReader\\Reader->migrate, WP_SQLite_DB->query, WP_SQLite_DB->print_error",
    "log": "/logs/plugins/f/fluid/error.json"
  },
  {
    "message": "Data type expected in MySQL query, unknown token received: (.",
    "level": "FATAL",
    "type": "SQL",
    "test": "jspi-boot",
    "plugin": "fluid",
    "details": "[07-May-2025 17:28:03 UTC] WordPress database error <div style=\"clear:both\">&nbsp;</div>\n<div class=\"queries\" style=\"clear:both;margin-bottom:2px;border:red dotted thin;\">\n<p>MySQL query:</p>\n<p>ALTER table wp_feed_reader_feeds ADD FOREIGN KEY (category_id) REFERENCES wp_feed_reader_categories(id)</p>\n<p>Queries made or created this session were:</p>\n<ol>\n<li>Executing: BEGIN | (no parameters)</li>\n<li>Executing: ROLLBACK | (no parameters)</li>\n</ol>\n</div>\n<div style=\"clear:both;margin-bottom:2px;border:red dotted thin;\" class=\"error_message\" style=\"border-bottom:dotted blue thin;\">\nError occurred at line 4117 in Function <code>handle_error</code>. Error message was: Data type expected in MySQL query, unknown token received: (.\n</div>\n<p>Backtrace:</p>\n<pre>#0 /internal/shared/sqlite-database-integration/wp-includes/sqlite/class-wp-sqlite-db.php(287): WP_SQLite_Translator->get_error_message()\n#1 /wordpress/wp-content/plugins/feed-reader/includes/class-reader.php(391): WP_SQLite_DB->query('ALTER table wp_...')\n#2 /wordpress/wp-content/plugins/feed-reader/includes/class-reader.php(122): FeedReader\\Reader->migrate()\n#3 /wordpress/wp-includes/class-wp-hook.php(324): FeedReader\\Reader->init('')\n#4 /wordpress/wp-includes/class-wp-hook.php(348): WP_Hook->apply_filters(NULL, Array)\n#5 /wordpress/wp-includes/plugin.php(517): WP_Hook->do_action(Array)\n#6 /wordpress/wp-settings.php(727): do_action('init')\n#7 /wordpress/wp-config.php(102): require_once('/wordpress/wp-s...')\n#8 /wordpress/wp-load.php(50): require_once('/wordpress/wp-c...')\n#9 /internal/eval.php(3): require_once('/wordpress/wp-l...')\n#10 {main}</pre>\n for query ALTER table wp_feed_reader_feeds ADD FOREIGN KEY (category_id) REFERENCES wp_feed_reader_categories(id) made by require_once('wp-load.php'), require_once('wp-config.php'), require_once('wp-settings.php'), do_action('init'), WP_Hook->do_action, WP_Hook->apply_filters, FeedReader\\Reader->init, FeedReader\\Reader->migrate, WP_SQLite_DB->query, WP_SQLite_DB->print_error",
    "log": "/logs/plugins/f/fluid/error.json"
  },
  {
    "message": "Data type expected in MySQL query, unknown token received: (.",
    "level": "FATAL",
    "type": "SQL",
    "test": "jspi-boot",
    "plugin": "fluid",
    "details": "[07-May-2025 17:28:03 UTC] WordPress database error <div style=\"clear:both\">&nbsp;</div>\n<div class=\"queries\" style=\"clear:both;margin-bottom:2px;border:red dotted thin;\">\n<p>MySQL query:</p>\n<p>ALTER table wp_feed_reader_entries ADD FOREIGN KEY (feed_id) REFERENCES wp_feed_reader_feeds(id) ON DELETE CASCADE</p>\n<p>Queries made or created this session were:</p>\n<ol>\n<li>Executing: BEGIN | (no parameters)</li>\n<li>Executing: ROLLBACK | (no parameters)</li>\n</ol>\n</div>\n<div style=\"clear:both;margin-bottom:2px;border:red dotted thin;\" class=\"error_message\" style=\"border-bottom:dotted blue thin;\">\nError occurred at line 4117 in Function <code>handle_error</code>. Error message was: Data type expected in MySQL query, unknown token received: (.\n</div>\n<p>Backtrace:</p>\n<pre>#0 /internal/shared/sqlite-database-integration/wp-includes/sqlite/class-wp-sqlite-db.php(287): WP_SQLite_Translator->get_error_message()\n#1 /wordpress/wp-content/plugins/feed-reader/includes/class-reader.php(399): WP_SQLite_DB->query('ALTER table wp_...')\n#2 /wordpress/wp-content/plugins/feed-reader/includes/class-reader.php(122): FeedReader\\Reader->migrate()\n#3 /wordpress/wp-includes/class-wp-hook.php(324): FeedReader\\Reader->init('')\n#4 /wordpress/wp-includes/class-wp-hook.php(348): WP_Hook->apply_filters(NULL, Array)\n#5 /wordpress/wp-includes/plugin.php(517): WP_Hook->do_action(Array)\n#6 /wordpress/wp-settings.php(727): do_action('init')\n#7 /wordpress/wp-config.php(102): require_once('/wordpress/wp-s...')\n#8 /wordpress/wp-load.php(50): require_once('/wordpress/wp-c...')\n#9 /internal/eval.php(3): require_once('/wordpress/wp-l...')\n#10 {main}</pre>\n for query ALTER table wp_feed_reader_entries ADD FOREIGN KEY (feed_id) REFERENCES wp_feed_reader_feeds(id) ON DELETE CASCADE made by require_once('wp-load.php'), require_once('wp-config.php'), require_once('wp-settings.php'), do_action('init'), WP_Hook->do_action, WP_Hook->apply_filters, FeedReader\\Reader->init, FeedReader\\Reader->migrate, WP_SQLite_DB->query, WP_SQLite_DB->print_error",
    "log": "/logs/plugins/f/fluid/error.json"
  },
  {
    "message": "Uncaught TypeError: call_user_func(): Argument #1 ($callback) must be a valid callback, non-static method AndreaFacebookSend::Enable() cannot be called statically in /wordpress/wp-includes/class-wp-hook.php:322",
    "level": "FATAL",
    "type": "PHP",
    "test": "jspi-boot",
    "plugin": "fluid",
    "details": "[07-May-2025 17:28:40 UTC] PHP Fatal error:  Uncaught TypeError: call_user_func(): Argument #1 ($callback) must be a valid callback, non-static method AndreaFacebookSend::Enable() cannot be called statically in /wordpress/wp-includes/class-wp-hook.php:322\nStack trace:\n#0 /wordpress/wp-includes/class-wp-hook.php(348): WP_Hook->apply_filters(NULL, Array)\n#1 /wordpress/wp-includes/plugin.php(517): WP_Hook->do_action(Array)\n#2 /wordpress/wp-settings.php(727): do_action('init')\n#3 /wordpress/wp-config.php(102): require_once('/wordpress/wp-s...')\n#4 /wordpress/wp-load.php(50): require_once('/wordpress/wp-c...')\n#5 /internal/eval.php(3): require_once('/wordpress/wp-l...')\n#6 {main}\n  thrown in /wordpress/wp-includes/class-wp-hook.php on line 322",
    "log": "/logs/plugins/f/fluid/error.json"
  },
  {
    "message": "Uncaught TypeError: call_user_func(): Argument #1 ($callback) must be a valid callback, non-static method AndreaFacebookSend::Enable() cannot be called statically in /wordpress/wp-includes/class-wp-hook.php:322",
    "level": "FATAL",
    "type": "PHP",
    "test": "jspi-boot",
    "plugin": "fluid",
    "details": "[07-May-2025 17:28:48 UTC] PHP Fatal error:  Uncaught TypeError: call_user_func(): Argument #1 ($callback) must be a valid callback, non-static method AndreaFacebookSend::Enable() cannot be called statically in /wordpress/wp-includes/class-wp-hook.php:322\nStack trace:\n#0 /wordpress/wp-includes/class-wp-hook.php(348): WP_Hook->apply_filters(NULL, Array)\n#1 /wordpress/wp-includes/plugin.php(517): WP_Hook->do_action(Array)\n#2 /wordpress/wp-settings.php(727): do_action('init')\n#3 /wordpress/wp-config.php(102): require_once('/wordpress/wp-s...')\n#4 /wordpress/wp-load.php(50): require_once('/wordpress/wp-c...')\n#5 /internal/eval.php(3): require_once('/wordpress/wp-l...')\n#6 {main}\n  thrown in /wordpress/wp-includes/class-wp-hook.php on line 322",
    "log": "/logs/plugins/f/fluid/error.json"
  },
  {
    "message": "Uncaught TypeError: call_user_func(): Argument #1 ($callback) must be a valid callback, non-static method AndreaFacebookSend::Enable() cannot be called statically in /wordpress/wp-includes/class-wp-hook.php:322",
    "level": "FATAL",
    "type": "PHP",
    "test": "jspi-boot",
    "plugin": "fluid",
    "details": "[07-May-2025 17:28:57 UTC] PHP Fatal error:  Uncaught TypeError: call_user_func(): Argument #1 ($callback) must be a valid callback, non-static method AndreaFacebookSend::Enable() cannot be called statically in /wordpress/wp-includes/class-wp-hook.php:322\nStack trace:\n#0 /wordpress/wp-includes/class-wp-hook.php(348): WP_Hook->apply_filters(NULL, Array)\n#1 /wordpress/wp-includes/plugin.php(517): WP_Hook->do_action(Array)\n#2 /wordpress/wp-settings.php(727): do_action('init')\n#3 /wordpress/wp-config.php(102): require_once('/wordpress/wp-s...')\n#4 /wordpress/wp-load.php(50): require_once('/wordpress/wp-c...')\n#5 /internal/eval.php(3): require_once('/wordpress/wp-l...')\n#6 {main}\n  thrown in /wordpress/wp-includes/class-wp-hook.php on line 322",
    "log": "/logs/plugins/f/fluid/error.json"
  },
  {
    "message": "Undefined array key \"setup_is_being_done\" in /wordpress/wp-content/plugins/fast-custom-social-share-by-codebard/plugin/plugin.php on line 125",
    "level": "WARNING",
    "type": "PHP",
    "test": "jspi-boot",
    "plugin": "fluid",
    "details": "[07-May-2025 17:29:57 UTC] PHP Warning:  Undefined array key \"setup_is_being_done\" in /wordpress/wp-content/plugins/fast-custom-social-share-by-codebard/plugin/plugin.php on line 125",
    "log": "/logs/plugins/f/fluid/error.json"
  },
  {
    "message": "Undefined array key \"setup_is_being_done\" in /wordpress/wp-content/plugins/fast-custom-social-share-by-codebard/plugin/plugin.php on line 125",
    "level": "WARNING",
    "type": "PHP",
    "test": "jspi-boot",
    "plugin": "fluid",
    "details": "[07-May-2025 17:30:07 UTC] PHP Warning:  Undefined array key \"setup_is_being_done\" in /wordpress/wp-content/plugins/fast-custom-social-share-by-codebard/plugin/plugin.php on line 125",
    "log": "/logs/plugins/f/fluid/error.json"
  },
  {
    "message": "Undefined array key \"setup_is_being_done\" in /wordpress/wp-content/plugins/fast-custom-social-share-by-codebard/plugin/plugin.php on line 125",
    "level": "WARNING",
    "type": "PHP",
    "test": "jspi-boot",
    "plugin": "fluid",
    "details": "[07-May-2025 17:30:18 UTC] PHP Warning:  Undefined array key \"setup_is_being_done\" in /wordpress/wp-content/plugins/fast-custom-social-share-by-codebard/plugin/plugin.php on line 125",
    "log": "/logs/plugins/f/fluid/error.json"
  },
  {
    "message": "Function register_sidebar_widget is <strong>deprecated</strong> since version 2.8.0! Use wp_register_sidebar_widget() instead. in /wordpress/wp-includes/functions.php on line 6121",
    "level": "DEPRECATED",
    "type": "PHP",
    "test": "jspi-boot",
    "plugin": "fluid",
    "details": "[07-May-2025 17:31:14 UTC] PHP Deprecated:  Function register_sidebar_widget is <strong>deprecated</strong> since version 2.8.0! Use wp_register_sidebar_widget() instead. in /wordpress/wp-includes/functions.php on line 6121",
    "log": "/logs/plugins/f/fluid/error.json"
  },
  {
    "message": "Function register_widget_control is <strong>deprecated</strong> since version 2.8.0! Use wp_register_widget_control() instead. in /wordpress/wp-includes/functions.php on line 6121",
    "level": "DEPRECATED",
    "type": "PHP",
    "test": "jspi-boot",
    "plugin": "fluid",
    "details": "[07-May-2025 17:31:14 UTC] PHP Deprecated:  Function register_widget_control is <strong>deprecated</strong> since version 2.8.0! Use wp_register_widget_control() instead. in /wordpress/wp-includes/functions.php on line 6121",
    "log": "/logs/plugins/f/fluid/error.json"
  },
  {
    "message": "Function register_sidebar_widget is <strong>deprecated</strong> since version 2.8.0! Use wp_register_sidebar_widget() instead. in /wordpress/wp-includes/functions.php on line 6121",
    "level": "DEPRECATED",
    "type": "PHP",
    "test": "jspi-boot",
    "plugin": "fluid",
    "details": "[07-May-2025 17:31:23 UTC] PHP Deprecated:  Function register_sidebar_widget is <strong>deprecated</strong> since version 2.8.0! Use wp_register_sidebar_widget() instead. in /wordpress/wp-includes/functions.php on line 6121",
    "log": "/logs/plugins/f/fluid/error.json"
  },
  {
    "message": "Function register_widget_control is <strong>deprecated</strong> since version 2.8.0! Use wp_register_widget_control() instead. in /wordpress/wp-includes/functions.php on line 6121",
    "level": "DEPRECATED",
    "type": "PHP",
    "test": "jspi-boot",
    "plugin": "fluid",
    "details": "[07-May-2025 17:31:23 UTC] PHP Deprecated:  Function register_widget_control is <strong>deprecated</strong> since version 2.8.0! Use wp_register_widget_control() instead. in /wordpress/wp-includes/functions.php on line 6121",
    "log": "/logs/plugins/f/fluid/error.json"
  },
  {
    "message": "Function register_sidebar_widget is <strong>deprecated</strong> since version 2.8.0! Use wp_register_sidebar_widget() instead. in /wordpress/wp-includes/functions.php on line 6121",
    "level": "DEPRECATED",
    "type": "PHP",
    "test": "jspi-boot",
    "plugin": "fluid",
    "details": "[07-May-2025 17:31:33 UTC] PHP Deprecated:  Function register_sidebar_widget is <strong>deprecated</strong> since version 2.8.0! Use wp_register_sidebar_widget() instead. in /wordpress/wp-includes/functions.php on line 6121",
    "log": "/logs/plugins/f/fluid/error.json"
  },
  {
    "message": "Function register_widget_control is <strong>deprecated</strong> since version 2.8.0! Use wp_register_widget_control() instead. in /wordpress/wp-includes/functions.php on line 6121",
    "level": "DEPRECATED",
    "type": "PHP",
    "test": "jspi-boot",
    "plugin": "fluid",
    "details": "[07-May-2025 17:31:33 UTC] PHP Deprecated:  Function register_widget_control is <strong>deprecated</strong> since version 2.8.0! Use wp_register_widget_control() instead. in /wordpress/wp-includes/functions.php on line 6121",
    "log": "/logs/plugins/f/fluid/error.json"
  },
  {
    "message": "Required parameter $fgtinsta_pictures follows optional parameter $content in /wordpress/wp-content/plugins/fgtinsta/fgtinsta-pictures.php on line 155",
    "level": "DEPRECATED",
    "type": "PHP",
    "test": "jspi-boot",
    "plugin": "fluid",
    "details": "[07-May-2025 17:32:37 UTC] PHP Deprecated:  Required parameter $fgtinsta_pictures follows optional parameter $content in /wordpress/wp-content/plugins/fgtinsta/fgtinsta-pictures.php on line 155",
    "log": "/logs/plugins/f/fluid/error.json"
  },
  {
    "message": "Required parameter $fgtinsta_pictures follows optional parameter $content in /wordpress/wp-content/plugins/fgtinsta/fgtinsta-pictures.php on line 155",
    "level": "DEPRECATED",
    "type": "PHP",
    "test": "jspi-boot",
    "plugin": "fluid",
    "details": "[07-May-2025 17:32:38 UTC] PHP Deprecated:  Required parameter $fgtinsta_pictures follows optional parameter $content in /wordpress/wp-content/plugins/fgtinsta/fgtinsta-pictures.php on line 155",
    "log": "/logs/plugins/f/fluid/error.json"
  },
  {
    "message": "Required parameter $fgtinsta_pictures follows optional parameter $content in /wordpress/wp-content/plugins/fgtinsta/fgtinsta-pictures.php on line 155",
    "level": "DEPRECATED",
    "type": "PHP",
    "test": "jspi-boot",
    "plugin": "fluid",
    "details": "[07-May-2025 17:32:46 UTC] PHP Deprecated:  Required parameter $fgtinsta_pictures follows optional parameter $content in /wordpress/wp-content/plugins/fgtinsta/fgtinsta-pictures.php on line 155",
    "log": "/logs/plugins/f/fluid/error.json"
  },
  {
    "message": "Required parameter $fgtinsta_pictures follows optional parameter $content in /wordpress/wp-content/plugins/fgtinsta/fgtinsta-pictures.php on line 155",
    "level": "DEPRECATED",
    "type": "PHP",
    "test": "jspi-boot",
    "plugin": "fluid",
    "details": "[07-May-2025 17:32:47 UTC] PHP Deprecated:  Required parameter $fgtinsta_pictures follows optional parameter $content in /wordpress/wp-content/plugins/fgtinsta/fgtinsta-pictures.php on line 155",
    "log": "/logs/plugins/f/fluid/error.json"
  },
  {
    "message": "Required parameter $fgtinsta_pictures follows optional parameter $content in /wordpress/wp-content/plugins/fgtinsta/fgtinsta-pictures.php on line 155",
    "level": "DEPRECATED",
    "type": "PHP",
    "test": "jspi-boot",
    "plugin": "fluid",
    "details": "[07-May-2025 17:32:55 UTC] PHP Deprecated:  Required parameter $fgtinsta_pictures follows optional parameter $content in /wordpress/wp-content/plugins/fgtinsta/fgtinsta-pictures.php on line 155",
    "log": "/logs/plugins/f/fluid/error.json"
  },
  {
    "message": "Required parameter $fgtinsta_pictures follows optional parameter $content in /wordpress/wp-content/plugins/fgtinsta/fgtinsta-pictures.php on line 155",
    "level": "DEPRECATED",
    "type": "PHP",
    "test": "jspi-boot",
    "plugin": "fluid",
    "details": "[07-May-2025 17:32:55 UTC] PHP Deprecated:  Required parameter $fgtinsta_pictures follows optional parameter $content in /wordpress/wp-content/plugins/fgtinsta/fgtinsta-pictures.php on line 155",
    "log": "/logs/plugins/f/fluid/error.json"
  },
  {
    "message": "Uncaught Error: Call to undefined function create_function() in /wordpress/wp-content/plugins/filesfm-file-upload-form/files-fm-file-upload-form.php:29",
    "level": "FATAL",
    "type": "PHP",
    "test": "jspi-boot",
    "plugin": "fluid",
    "details": "[07-May-2025 17:33:31 UTC] PHP Fatal error:  Uncaught Error: Call to undefined function create_function() in /wordpress/wp-content/plugins/filesfm-file-upload-form/files-fm-file-upload-form.php:29\nStack trace:\n#0 /wordpress/wp-admin/includes/plugin.php(2387): include_once()\n#1 /wordpress/wp-admin/includes/plugin.php(673): plugin_sandbox_scrape('filesfm-file-up...')\n#2 /internal/eval.php(20): activate_plugin('filesfm-file-up...')\n#3 {main}\n  thrown in /wordpress/wp-content/plugins/filesfm-file-upload-form/files-fm-file-upload-form.php on line 29",
    "log": "/logs/plugins/f/fluid/error.json"
  },
  {
    "message": "Uncaught Error: Call to undefined function create_function() in /wordpress/wp-content/plugins/filesfm-file-upload-form/files-fm-file-upload-form.php:29",
    "level": "FATAL",
    "type": "PHP",
    "test": "jspi-boot",
    "plugin": "fluid",
    "details": "[07-May-2025 17:33:39 UTC] PHP Fatal error:  Uncaught Error: Call to undefined function create_function() in /wordpress/wp-content/plugins/filesfm-file-upload-form/files-fm-file-upload-form.php:29\nStack trace:\n#0 /wordpress/wp-admin/includes/plugin.php(2387): include_once()\n#1 /wordpress/wp-admin/includes/plugin.php(673): plugin_sandbox_scrape('filesfm-file-up...')\n#2 /internal/eval.php(20): activate_plugin('filesfm-file-up...')\n#3 {main}\n  thrown in /wordpress/wp-content/plugins/filesfm-file-upload-form/files-fm-file-upload-form.php on line 29",
    "log": "/logs/plugins/f/fluid/error.json"
  },
  {
    "message": "Uncaught Error: Call to undefined function create_function() in /wordpress/wp-content/plugins/filesfm-file-upload-form/files-fm-file-upload-form.php:29",
    "level": "FATAL",
    "type": "PHP",
    "test": "jspi-boot",
    "plugin": "fluid",
    "details": "[07-May-2025 17:33:47 UTC] PHP Fatal error:  Uncaught Error: Call to undefined function create_function() in /wordpress/wp-content/plugins/filesfm-file-upload-form/files-fm-file-upload-form.php:29\nStack trace:\n#0 /wordpress/wp-admin/includes/plugin.php(2387): include_once()\n#1 /wordpress/wp-admin/includes/plugin.php(673): plugin_sandbox_scrape('filesfm-file-up...')\n#2 /internal/eval.php(20): activate_plugin('filesfm-file-up...')\n#3 {main}\n  thrown in /wordpress/wp-content/plugins/filesfm-file-upload-form/files-fm-file-upload-form.php on line 29",
    "log": "/logs/plugins/f/fluid/error.json"
  },
  {
    "message": "Undefined array key \"REMOTE_ADDR\" in /wordpress/wp-content/plugins/finch/finch.php on line 23",
    "level": "WARNING",
    "type": "PHP",
    "test": "jspi-boot",
    "plugin": "fluid",
    "details": "[07-May-2025 17:34:17 UTC] PHP Warning:  Undefined array key \"REMOTE_ADDR\" in /wordpress/wp-content/plugins/finch/finch.php on line 23",
    "log": "/logs/plugins/f/fluid/error.json"
  },
  {
    "message": "Undefined array key \"REMOTE_ADDR\" in /wordpress/wp-content/plugins/finch/finch.php on line 23",
    "level": "WARNING",
    "type": "PHP",
    "test": "jspi-boot",
    "plugin": "fluid",
    "details": "[07-May-2025 17:34:18 UTC] PHP Warning:  Undefined array key \"REMOTE_ADDR\" in /wordpress/wp-content/plugins/finch/finch.php on line 23",
    "log": "/logs/plugins/f/fluid/error.json"
  },
  {
    "message": "[07-May-2025 17:34:18 UTC] Exception: cURL error 35: OpenSSL SSL_connect: SSL_ERROR_SYSCALL in connection to api.finch.io:443  in /wordpress/wp-content/plugins/finch/api/finch_api_client.class.php:73\nStack trace:\n#0 /wordpress/wp-content/plugins/finch/api/finch_api_client.class.php(208): FinchApiClient->get('/config/snippet')\n#1 /wordpress/wp-content/plugins/finch/classes/finch.class.php(104): FinchApiClient->getSnippetData()\n#2 /wordpress/wp-includes/class-wp-hook.php(324): Finch->finchInit('')\n#3 /wordpress/wp-includes/class-wp-hook.php(348): WP_Hook->apply_filters(NULL, Array)\n#4 /wordpress/wp-includes/plugin.php(517): WP_Hook->do_action(Array)\n#5 /wordpress/wp-settings.php(727): do_action('init')\n#6 /wordpress/wp-config.php(102): require_once('/wordpress/wp-s...')\n#7 /wordpress/wp-load.php(50): require_once('/wordpress/wp-c...')\n#8 /internal/eval.php(3): require_once('/wordpress/wp-l...')\n#9 {main}",
    "level": "INFO",
    "type": "OTHER",
    "test": "jspi-boot",
    "plugin": "fluid",
    "details": "[07-May-2025 17:34:18 UTC] Exception: cURL error 35: OpenSSL SSL_connect: SSL_ERROR_SYSCALL in connection to api.finch.io:443  in /wordpress/wp-content/plugins/finch/api/finch_api_client.class.php:73\nStack trace:\n#0 /wordpress/wp-content/plugins/finch/api/finch_api_client.class.php(208): FinchApiClient->get('/config/snippet')\n#1 /wordpress/wp-content/plugins/finch/classes/finch.class.php(104): FinchApiClient->getSnippetData()\n#2 /wordpress/wp-includes/class-wp-hook.php(324): Finch->finchInit('')\n#3 /wordpress/wp-includes/class-wp-hook.php(348): WP_Hook->apply_filters(NULL, Array)\n#4 /wordpress/wp-includes/plugin.php(517): WP_Hook->do_action(Array)\n#5 /wordpress/wp-settings.php(727): do_action('init')\n#6 /wordpress/wp-config.php(102): require_once('/wordpress/wp-s...')\n#7 /wordpress/wp-load.php(50): require_once('/wordpress/wp-c...')\n#8 /internal/eval.php(3): require_once('/wordpress/wp-l...')\n#9 {main}",
    "log": "/logs/plugins/f/fluid/error.json"
  },
  {
    "message": "Attempt to read property \"version\" on bool in /wordpress/wp-content/plugins/finch/classes/finch.class.php on line 106",
    "level": "WARNING",
    "type": "PHP",
    "test": "jspi-boot",
    "plugin": "fluid",
    "details": "[07-May-2025 17:34:18 UTC] PHP Warning:  Attempt to read property \"version\" on bool in /wordpress/wp-content/plugins/finch/classes/finch.class.php on line 106",
    "log": "/logs/plugins/f/fluid/error.json"
  },
  {
    "message": "Attempt to read property \"version\" on bool in /wordpress/wp-content/plugins/finch/classes/finch.class.php on line 107",
    "level": "WARNING",
    "type": "PHP",
    "test": "jspi-boot",
    "plugin": "fluid",
    "details": "[07-May-2025 17:34:18 UTC] PHP Warning:  Attempt to read property \"version\" on bool in /wordpress/wp-content/plugins/finch/classes/finch.class.php on line 107",
    "log": "/logs/plugins/f/fluid/error.json"
  },
  {
    "message": "Attempt to read property \"version\" on bool in /wordpress/wp-content/plugins/finch/classes/finch.class.php on line 108",
    "level": "WARNING",
    "type": "PHP",
    "test": "jspi-boot",
    "plugin": "fluid",
    "details": "[07-May-2025 17:34:18 UTC] PHP Warning:  Attempt to read property \"version\" on bool in /wordpress/wp-content/plugins/finch/classes/finch.class.php on line 108",
    "log": "/logs/plugins/f/fluid/error.json"
  },
  {
    "message": "Undefined array key \"REMOTE_ADDR\" in /wordpress/wp-content/plugins/finch/finch.php on line 23",
    "level": "WARNING",
    "type": "PHP",
    "test": "jspi-boot",
    "plugin": "fluid",
    "details": "[07-May-2025 17:34:26 UTC] PHP Warning:  Undefined array key \"REMOTE_ADDR\" in /wordpress/wp-content/plugins/finch/finch.php on line 23",
    "log": "/logs/plugins/f/fluid/error.json"
  },
  {
    "message": "Undefined array key \"REMOTE_ADDR\" in /wordpress/wp-content/plugins/finch/finch.php on line 23",
    "level": "WARNING",
    "type": "PHP",
    "test": "jspi-boot",
    "plugin": "fluid",
    "details": "[07-May-2025 17:34:27 UTC] PHP Warning:  Undefined array key \"REMOTE_ADDR\" in /wordpress/wp-content/plugins/finch/finch.php on line 23",
    "log": "/logs/plugins/f/fluid/error.json"
  },
  {
    "message": "[07-May-2025 17:34:32 UTC] Exception: cURL error 28: Operation timed out after 5002 milliseconds with 0 out of 0 bytes received in /wordpress/wp-content/plugins/finch/api/finch_api_client.class.php:73\nStack trace:\n#0 /wordpress/wp-content/plugins/finch/api/finch_api_client.class.php(208): FinchApiClient->get('/config/snippet')\n#1 /wordpress/wp-content/plugins/finch/classes/finch.class.php(104): FinchApiClient->getSnippetData()\n#2 /wordpress/wp-includes/class-wp-hook.php(324): Finch->finchInit('')\n#3 /wordpress/wp-includes/class-wp-hook.php(348): WP_Hook->apply_filters(NULL, Array)\n#4 /wordpress/wp-includes/plugin.php(517): WP_Hook->do_action(Array)\n#5 /wordpress/wp-settings.php(727): do_action('init')\n#6 /wordpress/wp-config.php(102): require_once('/wordpress/wp-s...')\n#7 /wordpress/wp-load.php(50): require_once('/wordpress/wp-c...')\n#8 /internal/eval.php(3): require_once('/wordpress/wp-l...')\n#9 {main}",
    "level": "INFO",
    "type": "OTHER",
    "test": "jspi-boot",
    "plugin": "fluid",
    "details": "[07-May-2025 17:34:32 UTC] Exception: cURL error 28: Operation timed out after 5002 milliseconds with 0 out of 0 bytes received in /wordpress/wp-content/plugins/finch/api/finch_api_client.class.php:73\nStack trace:\n#0 /wordpress/wp-content/plugins/finch/api/finch_api_client.class.php(208): FinchApiClient->get('/config/snippet')\n#1 /wordpress/wp-content/plugins/finch/classes/finch.class.php(104): FinchApiClient->getSnippetData()\n#2 /wordpress/wp-includes/class-wp-hook.php(324): Finch->finchInit('')\n#3 /wordpress/wp-includes/class-wp-hook.php(348): WP_Hook->apply_filters(NULL, Array)\n#4 /wordpress/wp-includes/plugin.php(517): WP_Hook->do_action(Array)\n#5 /wordpress/wp-settings.php(727): do_action('init')\n#6 /wordpress/wp-config.php(102): require_once('/wordpress/wp-s...')\n#7 /wordpress/wp-load.php(50): require_once('/wordpress/wp-c...')\n#8 /internal/eval.php(3): require_once('/wordpress/wp-l...')\n#9 {main}",
    "log": "/logs/plugins/f/fluid/error.json"
  },
  {
    "message": "Attempt to read property \"version\" on bool in /wordpress/wp-content/plugins/finch/classes/finch.class.php on line 106",
    "level": "WARNING",
    "type": "PHP",
    "test": "jspi-boot",
    "plugin": "fluid",
    "details": "[07-May-2025 17:34:32 UTC] PHP Warning:  Attempt to read property \"version\" on bool in /wordpress/wp-content/plugins/finch/classes/finch.class.php on line 106",
    "log": "/logs/plugins/f/fluid/error.json"
  },
  {
    "message": "Attempt to read property \"version\" on bool in /wordpress/wp-content/plugins/finch/classes/finch.class.php on line 107",
    "level": "WARNING",
    "type": "PHP",
    "test": "jspi-boot",
    "plugin": "fluid",
    "details": "[07-May-2025 17:34:32 UTC] PHP Warning:  Attempt to read property \"version\" on bool in /wordpress/wp-content/plugins/finch/classes/finch.class.php on line 107",
    "log": "/logs/plugins/f/fluid/error.json"
  },
  {
    "message": "Attempt to read property \"version\" on bool in /wordpress/wp-content/plugins/finch/classes/finch.class.php on line 108",
    "level": "WARNING",
    "type": "PHP",
    "test": "jspi-boot",
    "plugin": "fluid",
    "details": "[07-May-2025 17:34:32 UTC] PHP Warning:  Attempt to read property \"version\" on bool in /wordpress/wp-content/plugins/finch/classes/finch.class.php on line 108",
    "log": "/logs/plugins/f/fluid/error.json"
  },
  {
    "message": "Undefined array key \"REMOTE_ADDR\" in /wordpress/wp-content/plugins/finch/finch.php on line 23",
    "level": "WARNING",
    "type": "PHP",
    "test": "jspi-boot",
    "plugin": "fluid",
    "details": "[07-May-2025 17:34:40 UTC] PHP Warning:  Undefined array key \"REMOTE_ADDR\" in /wordpress/wp-content/plugins/finch/finch.php on line 23",
    "log": "/logs/plugins/f/fluid/error.json"
  },
  {
    "message": "Undefined array key \"REMOTE_ADDR\" in /wordpress/wp-content/plugins/finch/finch.php on line 23",
    "level": "WARNING",
    "type": "PHP",
    "test": "jspi-boot",
    "plugin": "fluid",
    "details": "[07-May-2025 17:34:41 UTC] PHP Warning:  Undefined array key \"REMOTE_ADDR\" in /wordpress/wp-content/plugins/finch/finch.php on line 23",
    "log": "/logs/plugins/f/fluid/error.json"
  },
  {
    "message": "[07-May-2025 17:34:42 UTC] Exception: cURL error 35: OpenSSL SSL_connect: SSL_ERROR_SYSCALL in connection to api.finch.io:443  in /wordpress/wp-content/plugins/finch/api/finch_api_client.class.php:73\nStack trace:\n#0 /wordpress/wp-content/plugins/finch/api/finch_api_client.class.php(208): FinchApiClient->get('/config/snippet')\n#1 /wordpress/wp-content/plugins/finch/classes/finch.class.php(104): FinchApiClient->getSnippetData()\n#2 /wordpress/wp-includes/class-wp-hook.php(324): Finch->finchInit('')\n#3 /wordpress/wp-includes/class-wp-hook.php(348): WP_Hook->apply_filters(NULL, Array)\n#4 /wordpress/wp-includes/plugin.php(517): WP_Hook->do_action(Array)\n#5 /wordpress/wp-settings.php(727): do_action('init')\n#6 /wordpress/wp-config.php(102): require_once('/wordpress/wp-s...')\n#7 /wordpress/wp-load.php(50): require_once('/wordpress/wp-c...')\n#8 /internal/eval.php(3): require_once('/wordpress/wp-l...')\n#9 {main}",
    "level": "INFO",
    "type": "OTHER",
    "test": "jspi-boot",
    "plugin": "fluid",
    "details": "[07-May-2025 17:34:42 UTC] Exception: cURL error 35: OpenSSL SSL_connect: SSL_ERROR_SYSCALL in connection to api.finch.io:443  in /wordpress/wp-content/plugins/finch/api/finch_api_client.class.php:73\nStack trace:\n#0 /wordpress/wp-content/plugins/finch/api/finch_api_client.class.php(208): FinchApiClient->get('/config/snippet')\n#1 /wordpress/wp-content/plugins/finch/classes/finch.class.php(104): FinchApiClient->getSnippetData()\n#2 /wordpress/wp-includes/class-wp-hook.php(324): Finch->finchInit('')\n#3 /wordpress/wp-includes/class-wp-hook.php(348): WP_Hook->apply_filters(NULL, Array)\n#4 /wordpress/wp-includes/plugin.php(517): WP_Hook->do_action(Array)\n#5 /wordpress/wp-settings.php(727): do_action('init')\n#6 /wordpress/wp-config.php(102): require_once('/wordpress/wp-s...')\n#7 /wordpress/wp-load.php(50): require_once('/wordpress/wp-c...')\n#8 /internal/eval.php(3): require_once('/wordpress/wp-l...')\n#9 {main}",
    "log": "/logs/plugins/f/fluid/error.json"
  },
  {
    "message": "Attempt to read property \"version\" on bool in /wordpress/wp-content/plugins/finch/classes/finch.class.php on line 106",
    "level": "WARNING",
    "type": "PHP",
    "test": "jspi-boot",
    "plugin": "fluid",
    "details": "[07-May-2025 17:34:42 UTC] PHP Warning:  Attempt to read property \"version\" on bool in /wordpress/wp-content/plugins/finch/classes/finch.class.php on line 106",
    "log": "/logs/plugins/f/fluid/error.json"
  },
  {
    "message": "Attempt to read property \"version\" on bool in /wordpress/wp-content/plugins/finch/classes/finch.class.php on line 107",
    "level": "WARNING",
    "type": "PHP",
    "test": "jspi-boot",
    "plugin": "fluid",
    "details": "[07-May-2025 17:34:42 UTC] PHP Warning:  Attempt to read property \"version\" on bool in /wordpress/wp-content/plugins/finch/classes/finch.class.php on line 107",
    "log": "/logs/plugins/f/fluid/error.json"
  },
  {
    "message": "Attempt to read property \"version\" on bool in /wordpress/wp-content/plugins/finch/classes/finch.class.php on line 108",
    "level": "WARNING",
    "type": "PHP",
    "test": "jspi-boot",
    "plugin": "fluid",
    "details": "[07-May-2025 17:34:42 UTC] PHP Warning:  Attempt to read property \"version\" on bool in /wordpress/wp-content/plugins/finch/classes/finch.class.php on line 108",
    "log": "/logs/plugins/f/fluid/error.json"
  },
  {
    "message": "Unparenthesized `a ? b : c ? d : e` is not supported. Use either `(a ? b : c) ? d : e` or `a ? b : (c ? d : e)` in /wordpress/wp-content/plugins/fluid/includes/admin/class-settings-page.php on line 489",
    "level": "FATAL",
    "type": "PHP",
    "test": "jspi-boot",
    "plugin": "fluid",
    "details": "[07-May-2025 17:35:17 UTC] PHP Fatal error:  Unparenthesized `a ? b : c ? d : e` is not supported. Use either `(a ? b : c) ? d : e` or `a ? b : (c ? d : e)` in /wordpress/wp-content/plugins/fluid/includes/admin/class-settings-page.php on line 489",
    "log": "/logs/plugins/f/fluid/error.json"
  },
  {
    "message": "Unparenthesized `a ? b : c ? d : e` is not supported. Use either `(a ? b : c) ? d : e` or `a ? b : (c ? d : e)` in /wordpress/wp-content/plugins/fluid/includes/admin/class-settings-page.php on line 489",
    "level": "FATAL",
    "type": "PHP",
    "test": "jspi-boot",
    "plugin": "fluid",
    "details": "[07-May-2025 17:35:24 UTC] PHP Fatal error:  Unparenthesized `a ? b : c ? d : e` is not supported. Use either `(a ? b : c) ? d : e` or `a ? b : (c ? d : e)` in /wordpress/wp-content/plugins/fluid/includes/admin/class-settings-page.php on line 489",
    "log": "/logs/plugins/f/fluid/error.json"
  },
  {
    "message": "Unparenthesized `a ? b : c ? d : e` is not supported. Use either `(a ? b : c) ? d : e` or `a ? b : (c ? d : e)` in /wordpress/wp-content/plugins/fluid/includes/admin/class-settings-page.php on line 489",
    "level": "FATAL",
    "type": "PHP",
    "test": "jspi-boot",
    "plugin": "fluid",
    "details": "[07-May-2025 17:35:33 UTC] PHP Fatal error:  Unparenthesized `a ? b : c ? d : e` is not supported. Use either `(a ? b : c) ? d : e` or `a ? b : (c ? d : e)` in /wordpress/wp-content/plugins/fluid/includes/admin/class-settings-page.php on line 489\n\n    at Object.onBind (file:///home/runner/work/playground-tester/playground-tester/node_modules/@wp-playground/cli/index.js:237:15)\n    at process.processTicksAndRejections (node:internal/process/task_queues:105:5)\n    at async V (file:///home/runner/work/playground-tester/playground-tester/node_modules/@wp-playground/cli/index.js:64:10)\n    at async ja (file:///home/runner/work/playground-tester/playground-tester/node_modules/@wp-playground/cli/cli.js:8161:12) {\n  [cause]: Error: Error when executing the blueprint step #1 ({\"step\":\"installPlugin\",\"pluginData\":{\"resource\":\"wordpress.org/plugins\",\"slug\":\"fluid\"},\"options\":{\"activate\":true}}) : PHP.run() failed with exit code 255 and the following output: \n      at Object.run (file:///home/runner/work/playground-tester/playground-tester/node_modules/@wp-playground/blueprints/index.js:12449:19)\n      at process.processTicksAndRejections (node:internal/process/task_queues:105:5)\n      at async ms (file:///home/runner/work/playground-tester/playground-tester/node_modules/@wp-playground/blueprints/index.js:12552:3)\n      ... 2 lines matching cause stack trace ...\n      at async ja (file:///home/runner/work/playground-tester/playground-tester/node_modules/@wp-playground/cli/cli.js:8161:12) {\n    [cause]: PHPExecutionFailureError: PHP.run() failed with exit code 255 and the following output: \n        at PHP.run (file:///home/runner/work/playground-tester/playground-tester/node_modules/@php-wasm/universal/index.js:987:19)\n        at process.processTicksAndRejections (node:internal/process/task_queues:105:5)\n        at async wr (file:///home/runner/work/playground-tester/playground-tester/node_modules/@wp-playground/blueprints/index.js:33:39)\n        at async Object.gt [as installPlugin] (file:///home/runner/work/playground-tester/playground-tester/node_modules/@wp-playground/blueprints/index.js:974:42)\n        at async g (file:///home/runner/work/playground-tester/playground-tester/node_modules/@wp-playground/blueprints/index.js:12517:30)\n        at async Object.run (file:///home/runner/work/playground-tester/playground-tester/node_modules/@wp-playground/blueprints/index.js:12446:23)\n        at async ms (file:///home/runner/work/playground-tester/playground-tester/node_modules/@wp-playground/blueprints/index.js:12552:3)\n        at async Object.onBind (file:///home/runner/work/playground-tester/playground-tester/node_modules/@wp-playground/cli/index.js:227:48)\n        at async V (file:///home/runner/work/playground-tester/playground-tester/node_modules/@wp-playground/cli/index.js:64:10)\n        at async ja (file:///home/runner/work/playground-tester/playground-tester/node_modules/@wp-playground/cli/cli.js:8161:12) {\n      response: PHPResponse {\n        httpStatusCode: 500,\n        headers: {\n          'x-powered-by': [ 'PHP/8.0.30-dev' ],\n          'content-type': [ 'text/html; charset=UTF-8' ]\n        },\n        bytes: Uint8Array(0) [],\n        exitCode: 255,\n        errors: ''\n      },\n      source: 'request'\n    }\n  }\n}\n\n",
    "log": "/logs/plugins/f/fluid/error.json"
  }
]
