[
{"message":"file:///home/runner/work/playground-tester/playground-tester/node_modules/@wp-playground/cli/index.js:237\n        throw new Error(y, { cause: u });\n              ^\n","level":"FATAL","type":"PLAYGROUND","test":"asyncify-boot","plugin":"zingiri-wiki","details":"file:///home/runner/work/playground-tester/playground-tester/node_modules/@wp-playground/cli/index.js:237\n        throw new Error(y, { cause: u });\n              ^\n","log":"/tmp/tmp.4to79rgM6i"}
,
{"message":"Required parameter $token2id follows optional parameter $errors in /wordpress/wp-content/plugins/token2-two-factor-authentication/token2.php on line 1122","level":"DEPRECATED","type":"PHP","test":"asyncify-boot","plugin":"zingiri-wiki","details":"[10-May-2025 06:35:58 UTC] PHP Deprecated:  Required parameter $token2id follows optional parameter $errors in /wordpress/wp-content/plugins/token2-two-factor-authentication/token2.php on line 1122","log":"/logs/plugins/z/zingiri-wiki/error.json"}
,
{"message":"Required parameter $qr follows optional parameter $errors in /wordpress/wp-content/plugins/token2-two-factor-authentication/token2.php on line 1122","level":"DEPRECATED","type":"PHP","test":"asyncify-boot","plugin":"zingiri-wiki","details":"[10-May-2025 06:35:58 UTC] PHP Deprecated:  Required parameter $qr follows optional parameter $errors in /wordpress/wp-content/plugins/token2-two-factor-authentication/token2.php on line 1122","log":"/logs/plugins/z/zingiri-wiki/error.json"}
,
{"message":"Required parameter $disable_sms follows optional parameter $errors in /wordpress/wp-content/plugins/token2-two-factor-authentication/helpers.php on line 172","level":"DEPRECATED","type":"PHP","test":"asyncify-boot","plugin":"zingiri-wiki","details":"[10-May-2025 06:35:58 UTC] PHP Deprecated:  Required parameter $disable_sms follows optional parameter $errors in /wordpress/wp-content/plugins/token2-two-factor-authentication/helpers.php on line 172","log":"/logs/plugins/z/zingiri-wiki/error.json"}
,
{"message":"Required parameter $token2id follows optional parameter $errors in /wordpress/wp-content/plugins/token2-two-factor-authentication/token2.php on line 1122","level":"DEPRECATED","type":"PHP","test":"asyncify-boot","plugin":"zingiri-wiki","details":"[10-May-2025 06:35:59 UTC] PHP Deprecated:  Required parameter $token2id follows optional parameter $errors in /wordpress/wp-content/plugins/token2-two-factor-authentication/token2.php on line 1122","log":"/logs/plugins/z/zingiri-wiki/error.json"}
,
{"message":"Required parameter $qr follows optional parameter $errors in /wordpress/wp-content/plugins/token2-two-factor-authentication/token2.php on line 1122","level":"DEPRECATED","type":"PHP","test":"asyncify-boot","plugin":"zingiri-wiki","details":"[10-May-2025 06:35:59 UTC] PHP Deprecated:  Required parameter $qr follows optional parameter $errors in /wordpress/wp-content/plugins/token2-two-factor-authentication/token2.php on line 1122","log":"/logs/plugins/z/zingiri-wiki/error.json"}
,
{"message":"Required parameter $disable_sms follows optional parameter $errors in /wordpress/wp-content/plugins/token2-two-factor-authentication/helpers.php on line 172","level":"DEPRECATED","type":"PHP","test":"asyncify-boot","plugin":"zingiri-wiki","details":"[10-May-2025 06:35:59 UTC] PHP Deprecated:  Required parameter $disable_sms follows optional parameter $errors in /wordpress/wp-content/plugins/token2-two-factor-authentication/helpers.php on line 172","log":"/logs/plugins/z/zingiri-wiki/error.json"}
,
{"message":"Function _load_textdomain_just_in_time was called <strong>incorrectly</strong>. Translation loading for the <code>token2</code> domain was triggered too early. This is usually an indicator for some code in the plugin or theme running too early. Translations should be loaded at the <code>init</code> action or later. Please see <a href=\"https://developer.wordpress.org/advanced-administration/debug/debug-wordpress/\">Debugging in WordPress</a> for more information. (This message was added in version 6.7.0.) in /wordpress/wp-includes/functions.php on line 6121","level":"NOTICE","type":"PHP","test":"asyncify-boot","plugin":"zingiri-wiki","details":"[10-May-2025 06:35:59 UTC] PHP Notice:  Function _load_textdomain_just_in_time was called <strong>incorrectly</strong>. Translation loading for the <code>token2</code> domain was triggered too early. This is usually an indicator for some code in the plugin or theme running too early. Translations should be loaded at the <code>init</code> action or later. Please see <a href=\"https://developer.wordpress.org/advanced-administration/debug/debug-wordpress/\">Debugging in WordPress</a> for more information. (This message was added in version 6.7.0.) in /wordpress/wp-includes/functions.php on line 6121","log":"/logs/plugins/z/zingiri-wiki/error.json"}
,
{"message":"Required parameter $token2id follows optional parameter $errors in /wordpress/wp-content/plugins/token2-two-factor-authentication/token2.php on line 1122","level":"DEPRECATED","type":"PHP","test":"asyncify-boot","plugin":"zingiri-wiki","details":"[10-May-2025 06:36:08 UTC] PHP Deprecated:  Required parameter $token2id follows optional parameter $errors in /wordpress/wp-content/plugins/token2-two-factor-authentication/token2.php on line 1122","log":"/logs/plugins/z/zingiri-wiki/error.json"}
,
{"message":"Required parameter $qr follows optional parameter $errors in /wordpress/wp-content/plugins/token2-two-factor-authentication/token2.php on line 1122","level":"DEPRECATED","type":"PHP","test":"asyncify-boot","plugin":"zingiri-wiki","details":"[10-May-2025 06:36:08 UTC] PHP Deprecated:  Required parameter $qr follows optional parameter $errors in /wordpress/wp-content/plugins/token2-two-factor-authentication/token2.php on line 1122","log":"/logs/plugins/z/zingiri-wiki/error.json"}
,
{"message":"Required parameter $disable_sms follows optional parameter $errors in /wordpress/wp-content/plugins/token2-two-factor-authentication/helpers.php on line 172","level":"DEPRECATED","type":"PHP","test":"asyncify-boot","plugin":"zingiri-wiki","details":"[10-May-2025 06:36:08 UTC] PHP Deprecated:  Required parameter $disable_sms follows optional parameter $errors in /wordpress/wp-content/plugins/token2-two-factor-authentication/helpers.php on line 172","log":"/logs/plugins/z/zingiri-wiki/error.json"}
,
{"message":"Required parameter $token2id follows optional parameter $errors in /wordpress/wp-content/plugins/token2-two-factor-authentication/token2.php on line 1122","level":"DEPRECATED","type":"PHP","test":"asyncify-boot","plugin":"zingiri-wiki","details":"[10-May-2025 06:36:08 UTC] PHP Deprecated:  Required parameter $token2id follows optional parameter $errors in /wordpress/wp-content/plugins/token2-two-factor-authentication/token2.php on line 1122","log":"/logs/plugins/z/zingiri-wiki/error.json"}
,
{"message":"Required parameter $qr follows optional parameter $errors in /wordpress/wp-content/plugins/token2-two-factor-authentication/token2.php on line 1122","level":"DEPRECATED","type":"PHP","test":"asyncify-boot","plugin":"zingiri-wiki","details":"[10-May-2025 06:36:08 UTC] PHP Deprecated:  Required parameter $qr follows optional parameter $errors in /wordpress/wp-content/plugins/token2-two-factor-authentication/token2.php on line 1122","log":"/logs/plugins/z/zingiri-wiki/error.json"}
,
{"message":"Required parameter $disable_sms follows optional parameter $errors in /wordpress/wp-content/plugins/token2-two-factor-authentication/helpers.php on line 172","level":"DEPRECATED","type":"PHP","test":"asyncify-boot","plugin":"zingiri-wiki","details":"[10-May-2025 06:36:08 UTC] PHP Deprecated:  Required parameter $disable_sms follows optional parameter $errors in /wordpress/wp-content/plugins/token2-two-factor-authentication/helpers.php on line 172","log":"/logs/plugins/z/zingiri-wiki/error.json"}
,
{"message":"Function _load_textdomain_just_in_time was called <strong>incorrectly</strong>. Translation loading for the <code>token2</code> domain was triggered too early. This is usually an indicator for some code in the plugin or theme running too early. Translations should be loaded at the <code>init</code> action or later. Please see <a href=\"https://developer.wordpress.org/advanced-administration/debug/debug-wordpress/\">Debugging in WordPress</a> for more information. (This message was added in version 6.7.0.) in /wordpress/wp-includes/functions.php on line 6121","level":"NOTICE","type":"PHP","test":"asyncify-boot","plugin":"zingiri-wiki","details":"[10-May-2025 06:36:08 UTC] PHP Notice:  Function _load_textdomain_just_in_time was called <strong>incorrectly</strong>. Translation loading for the <code>token2</code> domain was triggered too early. This is usually an indicator for some code in the plugin or theme running too early. Translations should be loaded at the <code>init</code> action or later. Please see <a href=\"https://developer.wordpress.org/advanced-administration/debug/debug-wordpress/\">Debugging in WordPress</a> for more information. (This message was added in version 6.7.0.) in /wordpress/wp-includes/functions.php on line 6121","log":"/logs/plugins/z/zingiri-wiki/error.json"}
,
{"message":"Required parameter $token2id follows optional parameter $errors in /wordpress/wp-content/plugins/token2-two-factor-authentication/token2.php on line 1122","level":"DEPRECATED","type":"PHP","test":"asyncify-boot","plugin":"zingiri-wiki","details":"[10-May-2025 06:36:17 UTC] PHP Deprecated:  Required parameter $token2id follows optional parameter $errors in /wordpress/wp-content/plugins/token2-two-factor-authentication/token2.php on line 1122","log":"/logs/plugins/z/zingiri-wiki/error.json"}
,
{"message":"Required parameter $qr follows optional parameter $errors in /wordpress/wp-content/plugins/token2-two-factor-authentication/token2.php on line 1122","level":"DEPRECATED","type":"PHP","test":"asyncify-boot","plugin":"zingiri-wiki","details":"[10-May-2025 06:36:17 UTC] PHP Deprecated:  Required parameter $qr follows optional parameter $errors in /wordpress/wp-content/plugins/token2-two-factor-authentication/token2.php on line 1122","log":"/logs/plugins/z/zingiri-wiki/error.json"}
,
{"message":"Required parameter $disable_sms follows optional parameter $errors in /wordpress/wp-content/plugins/token2-two-factor-authentication/helpers.php on line 172","level":"DEPRECATED","type":"PHP","test":"asyncify-boot","plugin":"zingiri-wiki","details":"[10-May-2025 06:36:17 UTC] PHP Deprecated:  Required parameter $disable_sms follows optional parameter $errors in /wordpress/wp-content/plugins/token2-two-factor-authentication/helpers.php on line 172","log":"/logs/plugins/z/zingiri-wiki/error.json"}
,
{"message":"Required parameter $token2id follows optional parameter $errors in /wordpress/wp-content/plugins/token2-two-factor-authentication/token2.php on line 1122","level":"DEPRECATED","type":"PHP","test":"asyncify-boot","plugin":"zingiri-wiki","details":"[10-May-2025 06:36:18 UTC] PHP Deprecated:  Required parameter $token2id follows optional parameter $errors in /wordpress/wp-content/plugins/token2-two-factor-authentication/token2.php on line 1122","log":"/logs/plugins/z/zingiri-wiki/error.json"}
,
{"message":"Required parameter $qr follows optional parameter $errors in /wordpress/wp-content/plugins/token2-two-factor-authentication/token2.php on line 1122","level":"DEPRECATED","type":"PHP","test":"asyncify-boot","plugin":"zingiri-wiki","details":"[10-May-2025 06:36:18 UTC] PHP Deprecated:  Required parameter $qr follows optional parameter $errors in /wordpress/wp-content/plugins/token2-two-factor-authentication/token2.php on line 1122","log":"/logs/plugins/z/zingiri-wiki/error.json"}
,
{"message":"Required parameter $disable_sms follows optional parameter $errors in /wordpress/wp-content/plugins/token2-two-factor-authentication/helpers.php on line 172","level":"DEPRECATED","type":"PHP","test":"asyncify-boot","plugin":"zingiri-wiki","details":"[10-May-2025 06:36:18 UTC] PHP Deprecated:  Required parameter $disable_sms follows optional parameter $errors in /wordpress/wp-content/plugins/token2-two-factor-authentication/helpers.php on line 172","log":"/logs/plugins/z/zingiri-wiki/error.json"}
,
{"message":"Function _load_textdomain_just_in_time was called <strong>incorrectly</strong>. Translation loading for the <code>token2</code> domain was triggered too early. This is usually an indicator for some code in the plugin or theme running too early. Translations should be loaded at the <code>init</code> action or later. Please see <a href=\"https://developer.wordpress.org/advanced-administration/debug/debug-wordpress/\">Debugging in WordPress</a> for more information. (This message was added in version 6.7.0.) in /wordpress/wp-includes/functions.php on line 6121","level":"NOTICE","type":"PHP","test":"asyncify-boot","plugin":"zingiri-wiki","details":"[10-May-2025 06:36:18 UTC] PHP Notice:  Function _load_textdomain_just_in_time was called <strong>incorrectly</strong>. Translation loading for the <code>token2</code> domain was triggered too early. This is usually an indicator for some code in the plugin or theme running too early. Translations should be loaded at the <code>init</code> action or later. Please see <a href=\"https://developer.wordpress.org/advanced-administration/debug/debug-wordpress/\">Debugging in WordPress</a> for more information. (This message was added in version 6.7.0.) in /wordpress/wp-includes/functions.php on line 6121","log":"/logs/plugins/z/zingiri-wiki/error.json"}
,
{"message":"Required parameter $wrapper follows optional parameter $type in /wordpress/wp-content/plugins/table-genie/freemius/includes/class-fs-logger.php on line 145","level":"DEPRECATED","type":"PHP","test":"asyncify-boot","plugin":"zingiri-wiki","details":"[10-May-2025 06:36:28 UTC] PHP Deprecated:  Required parameter $wrapper follows optional parameter $type in /wordpress/wp-content/plugins/table-genie/freemius/includes/class-fs-logger.php on line 145","log":"/logs/plugins/z/zingiri-wiki/error.json"}
,
{"message":"Required parameter $wrapper follows optional parameter $type in /wordpress/wp-content/plugins/table-genie/freemius/includes/class-fs-logger.php on line 145","level":"DEPRECATED","type":"PHP","test":"asyncify-boot","plugin":"zingiri-wiki","details":"[10-May-2025 06:36:31 UTC] PHP Deprecated:  Required parameter $wrapper follows optional parameter $type in /wordpress/wp-content/plugins/table-genie/freemius/includes/class-fs-logger.php on line 145","log":"/logs/plugins/z/zingiri-wiki/error.json"}
,
{"message":"Required parameter $wrapper follows optional parameter $type in /wordpress/wp-content/plugins/table-genie/freemius/includes/class-fs-logger.php on line 145","level":"DEPRECATED","type":"PHP","test":"asyncify-boot","plugin":"zingiri-wiki","details":"[10-May-2025 06:36:40 UTC] PHP Deprecated:  Required parameter $wrapper follows optional parameter $type in /wordpress/wp-content/plugins/table-genie/freemius/includes/class-fs-logger.php on line 145","log":"/logs/plugins/z/zingiri-wiki/error.json"}
,
{"message":"Required parameter $wrapper follows optional parameter $type in /wordpress/wp-content/plugins/table-genie/freemius/includes/class-fs-logger.php on line 145","level":"DEPRECATED","type":"PHP","test":"asyncify-boot","plugin":"zingiri-wiki","details":"[10-May-2025 06:36:42 UTC] PHP Deprecated:  Required parameter $wrapper follows optional parameter $type in /wordpress/wp-content/plugins/table-genie/freemius/includes/class-fs-logger.php on line 145","log":"/logs/plugins/z/zingiri-wiki/error.json"}
,
{"message":"Required parameter $wrapper follows optional parameter $type in /wordpress/wp-content/plugins/table-genie/freemius/includes/class-fs-logger.php on line 145","level":"DEPRECATED","type":"PHP","test":"asyncify-boot","plugin":"zingiri-wiki","details":"[10-May-2025 06:36:53 UTC] PHP Deprecated:  Required parameter $wrapper follows optional parameter $type in /wordpress/wp-content/plugins/table-genie/freemius/includes/class-fs-logger.php on line 145","log":"/logs/plugins/z/zingiri-wiki/error.json"}
,
{"message":"Required parameter $wrapper follows optional parameter $type in /wordpress/wp-content/plugins/table-genie/freemius/includes/class-fs-logger.php on line 145","level":"DEPRECATED","type":"PHP","test":"asyncify-boot","plugin":"zingiri-wiki","details":"[10-May-2025 06:36:56 UTC] PHP Deprecated:  Required parameter $wrapper follows optional parameter $type in /wordpress/wp-content/plugins/table-genie/freemius/includes/class-fs-logger.php on line 145","log":"/logs/plugins/z/zingiri-wiki/error.json"}
,
{"message":"Uncaught Exception: Broadcast requires a Wordpress network install. It does not support single installs. in /wordpress/wp-content/plugins/threewp-broadcast/src/ThreeWP_Broadcast.php:236","level":"FATAL","type":"PHP","test":"asyncify-boot","plugin":"zingiri-wiki","details":"[10-May-2025 06:39:46 UTC] PHP Fatal error:  Uncaught Exception: Broadcast requires a Wordpress network install. It does not support single installs. in /wordpress/wp-content/plugins/threewp-broadcast/src/ThreeWP_Broadcast.php:236\nStack trace:\n#0 /wordpress/wp-content/plugins/threewp-broadcast/src/sdk/wordpress/base.php(204): threewp_broadcast\\ThreeWP_Broadcast->activate()\n#1 /wordpress/wp-includes/class-wp-hook.php(324): plainview\\sdk_broadcast\\wordpress\\base->activate_internal(false)\n#2 /wordpress/wp-includes/class-wp-hook.php(348): WP_Hook->apply_filters('', Array)\n#3 /wordpress/wp-includes/plugin.php(517): WP_Hook->do_action(Array)\n#4 /wordpress/wp-admin/includes/plugin.php(703): do_action('activate_threew...', false)\n#5 /internal/eval.php(20): activate_plugin('threewp-broadca...')\n#6 {main}\n  thrown in /wordpress/wp-content/plugins/threewp-broadcast/src/ThreeWP_Broadcast.php on line 236","log":"/logs/plugins/z/zingiri-wiki/error.json"}
,
{"message":"Uncaught Exception: Broadcast requires a Wordpress network install. It does not support single installs. in /wordpress/wp-content/plugins/threewp-broadcast/src/ThreeWP_Broadcast.php:236","level":"FATAL","type":"PHP","test":"asyncify-boot","plugin":"zingiri-wiki","details":"[10-May-2025 06:39:55 UTC] PHP Fatal error:  Uncaught Exception: Broadcast requires a Wordpress network install. It does not support single installs. in /wordpress/wp-content/plugins/threewp-broadcast/src/ThreeWP_Broadcast.php:236\nStack trace:\n#0 /wordpress/wp-content/plugins/threewp-broadcast/src/sdk/wordpress/base.php(204): threewp_broadcast\\ThreeWP_Broadcast->activate()\n#1 /wordpress/wp-includes/class-wp-hook.php(324): plainview\\sdk_broadcast\\wordpress\\base->activate_internal(false)\n#2 /wordpress/wp-includes/class-wp-hook.php(348): WP_Hook->apply_filters('', Array)\n#3 /wordpress/wp-includes/plugin.php(517): WP_Hook->do_action(Array)\n#4 /wordpress/wp-admin/includes/plugin.php(703): do_action('activate_threew...', false)\n#5 /internal/eval.php(20): activate_plugin('threewp-broadca...')\n#6 {main}\n  thrown in /wordpress/wp-content/plugins/threewp-broadcast/src/ThreeWP_Broadcast.php on line 236","log":"/logs/plugins/z/zingiri-wiki/error.json"}
,
{"message":"Uncaught Exception: Broadcast requires a Wordpress network install. It does not support single installs. in /wordpress/wp-content/plugins/threewp-broadcast/src/ThreeWP_Broadcast.php:236","level":"FATAL","type":"PHP","test":"asyncify-boot","plugin":"zingiri-wiki","details":"[10-May-2025 06:40:04 UTC] PHP Fatal error:  Uncaught Exception: Broadcast requires a Wordpress network install. It does not support single installs. in /wordpress/wp-content/plugins/threewp-broadcast/src/ThreeWP_Broadcast.php:236\nStack trace:\n#0 /wordpress/wp-content/plugins/threewp-broadcast/src/sdk/wordpress/base.php(204): threewp_broadcast\\ThreeWP_Broadcast->activate()\n#1 /wordpress/wp-includes/class-wp-hook.php(324): plainview\\sdk_broadcast\\wordpress\\base->activate_internal(false)\n#2 /wordpress/wp-includes/class-wp-hook.php(348): WP_Hook->apply_filters('', Array)\n#3 /wordpress/wp-includes/plugin.php(517): WP_Hook->do_action(Array)\n#4 /wordpress/wp-admin/includes/plugin.php(703): do_action('activate_threew...', false)\n#5 /internal/eval.php(20): activate_plugin('threewp-broadca...')\n#6 {main}\n  thrown in /wordpress/wp-content/plugins/threewp-broadcast/src/ThreeWP_Broadcast.php on line 236","log":"/logs/plugins/z/zingiri-wiki/error.json"}
,
{"message":"Constant DS already defined in /wordpress/wp-content/plugins/thumbshots/thumbshots.php on line 18","level":"WARNING","type":"PHP","test":"asyncify-boot","plugin":"zingiri-wiki","details":"[10-May-2025 06:40:12 UTC] PHP Warning:  Constant DS already defined in /wordpress/wp-content/plugins/thumbshots/thumbshots.php on line 18","log":"/logs/plugins/z/zingiri-wiki/error.json"}
,
{"message":"Constant DS already defined in /wordpress/wp-content/plugins/thumbshots/thumbshots.php on line 18","level":"WARNING","type":"PHP","test":"asyncify-boot","plugin":"zingiri-wiki","details":"[10-May-2025 06:40:13 UTC] PHP Warning:  Constant DS already defined in /wordpress/wp-content/plugins/thumbshots/thumbshots.php on line 18","log":"/logs/plugins/z/zingiri-wiki/error.json"}
,
{"message":"Constant DS already defined in /wordpress/wp-content/plugins/thumbshots/thumbshots.php on line 18","level":"WARNING","type":"PHP","test":"asyncify-boot","plugin":"zingiri-wiki","details":"[10-May-2025 06:40:21 UTC] PHP Warning:  Constant DS already defined in /wordpress/wp-content/plugins/thumbshots/thumbshots.php on line 18","log":"/logs/plugins/z/zingiri-wiki/error.json"}
,
{"message":"Constant DS already defined in /wordpress/wp-content/plugins/thumbshots/thumbshots.php on line 18","level":"WARNING","type":"PHP","test":"asyncify-boot","plugin":"zingiri-wiki","details":"[10-May-2025 06:40:22 UTC] PHP Warning:  Constant DS already defined in /wordpress/wp-content/plugins/thumbshots/thumbshots.php on line 18","log":"/logs/plugins/z/zingiri-wiki/error.json"}
,
{"message":"Constant DS already defined in /wordpress/wp-content/plugins/thumbshots/thumbshots.php on line 18","level":"WARNING","type":"PHP","test":"asyncify-boot","plugin":"zingiri-wiki","details":"[10-May-2025 06:40:30 UTC] PHP Warning:  Constant DS already defined in /wordpress/wp-content/plugins/thumbshots/thumbshots.php on line 18","log":"/logs/plugins/z/zingiri-wiki/error.json"}
,
{"message":"Constant DS already defined in /wordpress/wp-content/plugins/thumbshots/thumbshots.php on line 18","level":"WARNING","type":"PHP","test":"asyncify-boot","plugin":"zingiri-wiki","details":"[10-May-2025 06:40:31 UTC] PHP Warning:  Constant DS already defined in /wordpress/wp-content/plugins/thumbshots/thumbshots.php on line 18","log":"/logs/plugins/z/zingiri-wiki/error.json"}
,
{"message":"Cannot combine AUTOINCREMENT and multiple primary keys in SQLite.","level":"FATAL","type":"SQL","test":"asyncify-boot","plugin":"zingiri-wiki","details":"[10-May-2025 06:41:00 UTC] WordPress database error <div style=\"clear:both\">&nbsp;</div>\n<div class=\"queries\" style=\"clear:both;margin-bottom:2px;border:red dotted thin;\">\n<p>MySQL query:</p>\n<p>CREATE  TABLE IF NOT EXISTS wp_cest_uiform_fields (\n        `fmf_id` INT NOT NULL AUTO_INCREMENT,\n        `fmf_uniqueid` varchar(255) DEFAULT NULL,\n        `fmf_data` longtext NULL ,\n        `fmf_fieldname` varchar(255) DEFAULT NULL,\n        `flag_status` SMALLINT DEFAULT NULL,\n        `created_date` timestamp NULL,\n        `updated_date` timestamp NOT NULL DEFAULT CURRENT_TIMESTAMP,\n        `created_ip` varchar(100) DEFAULT NULL,\n        `updated_ip` varchar(100) DEFAULT NULL,\n        `created_by` VARCHAR(100) NULL ,\n        `updated_by` VARCHAR(100) NULL ,\n        `fmf_status_qu` SMALLINT NOT NULL DEFAULT '0',\n        `type_fby_id` INT NOT NULL,\n        `form_fmb_id` INT NOT NULL,\n        `order_frm` SMALLINT DEFAULT NULL,\n        `order_rec` SMALLINT DEFAULT NULL, \n        PRIMARY KEY (`fmf_id`,`form_fmb_id`) ) ;</p>\n<p>Queries made or created this session were:</p>\n<ol>\n<li>Executing: BEGIN | (no parameters)</li>\n<li>Executing: ROLLBACK | (no parameters)</li>\n</ol>\n</div>\n<div style=\"clear:both;margin-bottom:2px;border:red dotted thin;\" class=\"error_message\" style=\"border-bottom:dotted blue thin;\">\nError occurred at line 4117 in Function <code>handle_error</code>. Error message was: Cannot combine AUTOINCREMENT and multiple primary keys in SQLite.\n</div>\n<p>Backtrace:</p>\n<pre>#0 /internal/shared/sqlite-database-integration/wp-includes/sqlite/class-wp-sqlite-db.php(287): WP_SQLite_Translator->get_error_message()\n#1 /wordpress/wp-content/plugins/zigaform-calculator-cost-estimation-form-builder-lite/classes/mysql8.php(142): WP_SQLite_DB->query('CREATE  TABLE I...')\n#2 /wordpress/wp-content/plugins/zigaform-calculator-cost-estimation-form-builder-lite/classes/uiform-installdb.php(76): require_once('/wordpress/wp-c...')\n#3 /wordpress/wp-content/plugins/zigaform-calculator-cost-estimation-form-builder-lite/zigaform-cost-estimator-lite.php(150): Uiform_InstallDB->install(false)\n#4 /wordpress/wp-includes/class-wp-hook.php(324): UiformCostEstLite->activate(false)\n#5 /wordpress/wp-includes/class-wp-hook.php(348): WP_Hook->apply_filters('', Array)\n#6 /wordpress/wp-includes/plugin.php(517): WP_Hook->do_action(Array)\n#7 /wordpress/wp-admin/includes/plugin.php(703): do_action('activate_zigafo...', false)\n#8 /internal/eval.php(20): activate_plugin('zigaform-calcul...')\n#9 {main}</pre>\n for query CREATE  TABLE IF NOT EXISTS wp_cest_uiform_fields (\n        `fmf_id` INT NOT NULL AUTO_INCREMENT,\n        `fmf_uniqueid` varchar(255) DEFAULT NULL,\n        `fmf_data` longtext NULL ,\n        `fmf_fieldname` varchar(255) DEFAULT NULL,\n        `flag_status` SMALLINT DEFAULT NULL,\n        `created_date` timestamp NULL,\n        `updated_date` timestamp NOT NULL DEFAULT CURRENT_TIMESTAMP,\n        `created_ip` varchar(100) DEFAULT NULL,\n        `updated_ip` varchar(100) DEFAULT NULL,\n        `created_by` VARCHAR(100) NULL ,\n        `updated_by` VARCHAR(100) NULL ,\n        `fmf_status_qu` SMALLINT NOT NULL DEFAULT '0',\n        `type_fby_id` INT NOT NULL,\n        `form_fmb_id` INT NOT NULL,\n        `order_frm` SMALLINT DEFAULT NULL,\n        `order_rec` SMALLINT DEFAULT NULL, \n        PRIMARY KEY (`fmf_id`,`form_fmb_id`) ) ; made by activate_plugin, do_action('activate_zigaform-calculator-cost-estimation-form-builder-lite/zigaform-cost-estimator-lite.php'), WP_Hook->do_action, WP_Hook->apply_filters, UiformCostEstLite->activate, Uiform_InstallDB->install, require_once('/plugins/zigaform-calculator-cost-estimation-form-builder-lite/classes/mysql8.php'), WP_SQLite_DB->query, WP_SQLite_DB->print_error","log":"/logs/plugins/z/zingiri-wiki/error.json"}
,
{"message":"Cannot combine AUTOINCREMENT and multiple primary keys in SQLite.","level":"FATAL","type":"SQL","test":"asyncify-boot","plugin":"zingiri-wiki","details":"[10-May-2025 06:41:15 UTC] WordPress database error <div style=\"clear:both\">&nbsp;</div>\n<div class=\"queries\" style=\"clear:both;margin-bottom:2px;border:red dotted thin;\">\n<p>MySQL query:</p>\n<p>CREATE  TABLE IF NOT EXISTS wp_cest_uiform_fields (\n        `fmf_id` INT NOT NULL AUTO_INCREMENT,\n        `fmf_uniqueid` varchar(255) DEFAULT NULL,\n        `fmf_data` longtext NULL ,\n        `fmf_fieldname` varchar(255) DEFAULT NULL,\n        `flag_status` SMALLINT DEFAULT NULL,\n        `created_date` timestamp NULL,\n        `updated_date` timestamp NOT NULL DEFAULT CURRENT_TIMESTAMP,\n        `created_ip` varchar(100) DEFAULT NULL,\n        `updated_ip` varchar(100) DEFAULT NULL,\n        `created_by` VARCHAR(100) NULL ,\n        `updated_by` VARCHAR(100) NULL ,\n        `fmf_status_qu` SMALLINT NOT NULL DEFAULT '0',\n        `type_fby_id` INT NOT NULL,\n        `form_fmb_id` INT NOT NULL,\n        `order_frm` SMALLINT DEFAULT NULL,\n        `order_rec` SMALLINT DEFAULT NULL, \n        PRIMARY KEY (`fmf_id`,`form_fmb_id`) ) ;</p>\n<p>Queries made or created this session were:</p>\n<ol>\n<li>Executing: BEGIN | (no parameters)</li>\n<li>Executing: ROLLBACK | (no parameters)</li>\n</ol>\n</div>\n<div style=\"clear:both;margin-bottom:2px;border:red dotted thin;\" class=\"error_message\" style=\"border-bottom:dotted blue thin;\">\nError occurred at line 4117 in Function <code>handle_error</code>. Error message was: Cannot combine AUTOINCREMENT and multiple primary keys in SQLite.\n</div>\n<p>Backtrace:</p>\n<pre>#0 /internal/shared/sqlite-database-integration/wp-includes/sqlite/class-wp-sqlite-db.php(287): WP_SQLite_Translator->get_error_message()\n#1 /wordpress/wp-content/plugins/zigaform-calculator-cost-estimation-form-builder-lite/classes/mysql8.php(142): WP_SQLite_DB->query('CREATE  TABLE I...')\n#2 /wordpress/wp-content/plugins/zigaform-calculator-cost-estimation-form-builder-lite/classes/uiform-installdb.php(76): require_once('/wordpress/wp-c...')\n#3 /wordpress/wp-content/plugins/zigaform-calculator-cost-estimation-form-builder-lite/zigaform-cost-estimator-lite.php(150): Uiform_InstallDB->install(false)\n#4 /wordpress/wp-includes/class-wp-hook.php(324): UiformCostEstLite->activate(false)\n#5 /wordpress/wp-includes/class-wp-hook.php(348): WP_Hook->apply_filters('', Array)\n#6 /wordpress/wp-includes/plugin.php(517): WP_Hook->do_action(Array)\n#7 /wordpress/wp-admin/includes/plugin.php(703): do_action('activate_zigafo...', false)\n#8 /internal/eval.php(20): activate_plugin('zigaform-calcul...')\n#9 {main}</pre>\n for query CREATE  TABLE IF NOT EXISTS wp_cest_uiform_fields (\n        `fmf_id` INT NOT NULL AUTO_INCREMENT,\n        `fmf_uniqueid` varchar(255) DEFAULT NULL,\n        `fmf_data` longtext NULL ,\n        `fmf_fieldname` varchar(255) DEFAULT NULL,\n        `flag_status` SMALLINT DEFAULT NULL,\n        `created_date` timestamp NULL,\n        `updated_date` timestamp NOT NULL DEFAULT CURRENT_TIMESTAMP,\n        `created_ip` varchar(100) DEFAULT NULL,\n        `updated_ip` varchar(100) DEFAULT NULL,\n        `created_by` VARCHAR(100) NULL ,\n        `updated_by` VARCHAR(100) NULL ,\n        `fmf_status_qu` SMALLINT NOT NULL DEFAULT '0',\n        `type_fby_id` INT NOT NULL,\n        `form_fmb_id` INT NOT NULL,\n        `order_frm` SMALLINT DEFAULT NULL,\n        `order_rec` SMALLINT DEFAULT NULL, \n        PRIMARY KEY (`fmf_id`,`form_fmb_id`) ) ; made by activate_plugin, do_action('activate_zigaform-calculator-cost-estimation-form-builder-lite/zigaform-cost-estimator-lite.php'), WP_Hook->do_action, WP_Hook->apply_filters, UiformCostEstLite->activate, Uiform_InstallDB->install, require_once('/plugins/zigaform-calculator-cost-estimation-form-builder-lite/classes/mysql8.php'), WP_SQLite_DB->query, WP_SQLite_DB->print_error\n\n    at Object.onBind (file:///home/runner/work/playground-tester/playground-tester/node_modules/@wp-playground/cli/index.js:237:15)\n    at process.processTicksAndRejections (node:internal/process/task_queues:105:5)\n    at async V (file:///home/runner/work/playground-tester/playground-tester/node_modules/@wp-playground/cli/index.js:64:10)\n    at async ja (file:///home/runner/work/playground-tester/playground-tester/node_modules/@wp-playground/cli/cli.js:8161:12) {\n  [cause]: Error: Error when executing the blueprint step #1 ({\"step\":\"installPlugin\",\"pluginData\":{\"resource\":\"wordpress.org/plugins\",\"slug\":\"zingiri-wiki\"},\"options\":{\"activate\":true}}) : Plugin /wordpress/wp-content/plugins/zingiri-wiki could not be activated – WordPress exited with no error. Sometimes, when $_SERVER or site options are not configured correctly, WordPress exits early with a 301 redirect. Inspect the \"debug\" logs in the console for more details.\n      at Object.run (file:///home/runner/work/playground-tester/playground-tester/node_modules/@wp-playground/blueprints/index.js:12449:19)\n      at process.processTicksAndRejections (node:internal/process/task_queues:105:5)\n      at async ms (file:///home/runner/work/playground-tester/playground-tester/node_modules/@wp-playground/blueprints/index.js:12552:3)\n      ... 2 lines matching cause stack trace ...\n      at async ja (file:///home/runner/work/playground-tester/playground-tester/node_modules/@wp-playground/cli/cli.js:8161:12) {\n    [cause]: Error: Plugin /wordpress/wp-content/plugins/zingiri-wiki could not be activated – WordPress exited with no error. Sometimes, when $_SERVER or site options are not configured correctly, WordPress exits early with a 301 redirect. Inspect the \"debug\" logs in the console for more details.\n        at wr (file:///home/runner/work/playground-tester/playground-tester/node_modules/@wp-playground/blueprints/index.js:119:51)\n        at process.processTicksAndRejections (node:internal/process/task_queues:105:5)\n        at async Object.gt [as installPlugin] (file:///home/runner/work/playground-tester/playground-tester/node_modules/@wp-playground/blueprints/index.js:974:42)\n        at async g (file:///home/runner/work/playground-tester/playground-tester/node_modules/@wp-playground/blueprints/index.js:12517:30)\n        at async Object.run (file:///home/runner/work/playground-tester/playground-tester/node_modules/@wp-playground/blueprints/index.js:12446:23)\n        at async ms (file:///home/runner/work/playground-tester/playground-tester/node_modules/@wp-playground/blueprints/index.js:12552:3)\n        at async Object.onBind (file:///home/runner/work/playground-tester/playground-tester/node_modules/@wp-playground/cli/index.js:227:48)\n        at async V (file:///home/runner/work/playground-tester/playground-tester/node_modules/@wp-playground/cli/index.js:64:10)\n        at async ja (file:///home/runner/work/playground-tester/playground-tester/node_modules/@wp-playground/cli/cli.js:8161:12)\n  }\n}\n\n","log":"/logs/plugins/z/zingiri-wiki/error.json"}
]
