[
{"message":"file:///home/runner/work/playground-tester/playground-tester/node_modules/@wp-playground/cli/run-cli-j-geJYS3.js:325\n        throw new Error($, { cause: h });\n              ^\n","level":"FATAL","type":"PLAYGROUND","test":"asyncify-boot","plugin":"convers8","details":"file:///home/runner/work/playground-tester/playground-tester/node_modules/@wp-playground/cli/run-cli-j-geJYS3.js:325\n        throw new Error($, { cause: h });\n              ^\n","log":"/tmp/tmp.hzwSBbf7B9"}
,
{"message":"Function _load_textdomain_just_in_time was called <strong>incorrectly</strong>. Translation loading for the <code>woocommerce</code> domain was triggered too early. This is usually an indicator for some code in the plugin or theme running too early. Translations should be loaded at the <code>init</code> action or later. Please see <a href=\"https://developer.wordpress.org/advanced-administration/debug/debug-wordpress/\">Debugging in WordPress</a> for more information. (This message was added in version 6.7.0.) in /wordpress/wp-includes/functions.php on line 6121","level":"NOTICE","type":"PHP","test":"asyncify-boot","plugin":"convers8","details":"[15-Jun-2025 10:30:52 UTC] PHP Notice:  Function _load_textdomain_just_in_time was called <strong>incorrectly</strong>. Translation loading for the <code>woocommerce</code> domain was triggered too early. This is usually an indicator for some code in the plugin or theme running too early. Translations should be loaded at the <code>init</code> action or later. Please see <a href=\"https://developer.wordpress.org/advanced-administration/debug/debug-wordpress/\">Debugging in WordPress</a> for more information. (This message was added in version 6.7.0.) in /wordpress/wp-includes/functions.php on line 6121","log":"/logs/plugins/c/convers8/error.json"}
,
{"message":"Function _load_textdomain_just_in_time was called <strong>incorrectly</strong>. Translation loading for the <code>woocommerce</code> domain was triggered too early. This is usually an indicator for some code in the plugin or theme running too early. Translations should be loaded at the <code>init</code> action or later. Please see <a href=\"https://developer.wordpress.org/advanced-administration/debug/debug-wordpress/\">Debugging in WordPress</a> for more information. (This message was added in version 6.7.0.) in /wordpress/wp-includes/functions.php on line 6121","level":"NOTICE","type":"PHP","test":"asyncify-boot","plugin":"convers8","details":"[15-Jun-2025 10:31:34 UTC] PHP Notice:  Function _load_textdomain_just_in_time was called <strong>incorrectly</strong>. Translation loading for the <code>woocommerce</code> domain was triggered too early. This is usually an indicator for some code in the plugin or theme running too early. Translations should be loaded at the <code>init</code> action or later. Please see <a href=\"https://developer.wordpress.org/advanced-administration/debug/debug-wordpress/\">Debugging in WordPress</a> for more information. (This message was added in version 6.7.0.) in /wordpress/wp-includes/functions.php on line 6121","log":"/logs/plugins/c/convers8/error.json"}
,
{"message":"Function _load_textdomain_just_in_time was called <strong>incorrectly</strong>. Translation loading for the <code>woocommerce</code> domain was triggered too early. This is usually an indicator for some code in the plugin or theme running too early. Translations should be loaded at the <code>init</code> action or later. Please see <a href=\"https://developer.wordpress.org/advanced-administration/debug/debug-wordpress/\">Debugging in WordPress</a> for more information. (This message was added in version 6.7.0.) in /wordpress/wp-includes/functions.php on line 6121","level":"NOTICE","type":"PHP","test":"asyncify-boot","plugin":"convers8","details":"[15-Jun-2025 10:32:14 UTC] PHP Notice:  Function _load_textdomain_just_in_time was called <strong>incorrectly</strong>. Translation loading for the <code>woocommerce</code> domain was triggered too early. This is usually an indicator for some code in the plugin or theme running too early. Translations should be loaded at the <code>init</code> action or later. Please see <a href=\"https://developer.wordpress.org/advanced-administration/debug/debug-wordpress/\">Debugging in WordPress</a> for more information. (This message was added in version 6.7.0.) in /wordpress/wp-includes/functions.php on line 6121","log":"/logs/plugins/c/convers8/error.json"}
,
{"message":"Private methods cannot be final as they are never overridden by other classes in /wordpress/wp-content/plugins/circle-progress-bar/includes/class-circle-progress-bar-singleton.php on line 47","level":"WARNING","type":"PHP","test":"asyncify-boot","plugin":"convers8","details":"[15-Jun-2025 10:33:31 UTC] PHP Warning:  Private methods cannot be final as they are never overridden by other classes in /wordpress/wp-content/plugins/circle-progress-bar/includes/class-circle-progress-bar-singleton.php on line 47","log":"/logs/plugins/c/convers8/error.json"}
,
{"message":"Private methods cannot be final as they are never overridden by other classes in /wordpress/wp-content/plugins/circle-progress-bar/includes/class-circle-progress-bar-singleton.php on line 47","level":"WARNING","type":"PHP","test":"asyncify-boot","plugin":"convers8","details":"[15-Jun-2025 10:33:32 UTC] PHP Warning:  Private methods cannot be final as they are never overridden by other classes in /wordpress/wp-content/plugins/circle-progress-bar/includes/class-circle-progress-bar-singleton.php on line 47","log":"/logs/plugins/c/convers8/error.json"}
,
{"message":"Private methods cannot be final as they are never overridden by other classes in /wordpress/wp-content/plugins/circle-progress-bar/includes/class-circle-progress-bar-singleton.php on line 47","level":"WARNING","type":"PHP","test":"asyncify-boot","plugin":"convers8","details":"[15-Jun-2025 10:33:40 UTC] PHP Warning:  Private methods cannot be final as they are never overridden by other classes in /wordpress/wp-content/plugins/circle-progress-bar/includes/class-circle-progress-bar-singleton.php on line 47","log":"/logs/plugins/c/convers8/error.json"}
,
{"message":"Private methods cannot be final as they are never overridden by other classes in /wordpress/wp-content/plugins/circle-progress-bar/includes/class-circle-progress-bar-singleton.php on line 47","level":"WARNING","type":"PHP","test":"asyncify-boot","plugin":"convers8","details":"[15-Jun-2025 10:33:41 UTC] PHP Warning:  Private methods cannot be final as they are never overridden by other classes in /wordpress/wp-content/plugins/circle-progress-bar/includes/class-circle-progress-bar-singleton.php on line 47","log":"/logs/plugins/c/convers8/error.json"}
,
{"message":"Private methods cannot be final as they are never overridden by other classes in /wordpress/wp-content/plugins/circle-progress-bar/includes/class-circle-progress-bar-singleton.php on line 47","level":"WARNING","type":"PHP","test":"asyncify-boot","plugin":"convers8","details":"[15-Jun-2025 10:33:49 UTC] PHP Warning:  Private methods cannot be final as they are never overridden by other classes in /wordpress/wp-content/plugins/circle-progress-bar/includes/class-circle-progress-bar-singleton.php on line 47","log":"/logs/plugins/c/convers8/error.json"}
,
{"message":"Private methods cannot be final as they are never overridden by other classes in /wordpress/wp-content/plugins/circle-progress-bar/includes/class-circle-progress-bar-singleton.php on line 47","level":"WARNING","type":"PHP","test":"asyncify-boot","plugin":"convers8","details":"[15-Jun-2025 10:33:50 UTC] PHP Warning:  Private methods cannot be final as they are never overridden by other classes in /wordpress/wp-content/plugins/circle-progress-bar/includes/class-circle-progress-bar-singleton.php on line 47","log":"/logs/plugins/c/convers8/error.json"}
,
{"message":"Undefined variable $sql in /wordpress/wp-content/plugins/cleverwise-daily-quotes/dqa.php on line 1037","level":"WARNING","type":"PHP","test":"asyncify-boot","plugin":"convers8","details":"[15-Jun-2025 10:33:59 UTC] PHP Warning:  Undefined variable $sql in /wordpress/wp-content/plugins/cleverwise-daily-quotes/dqa.php on line 1037","log":"/logs/plugins/c/convers8/error.json"}
,
{"message":"Undefined variable $sql in /wordpress/wp-content/plugins/cleverwise-daily-quotes/dqa.php on line 1037","level":"WARNING","type":"PHP","test":"asyncify-boot","plugin":"convers8","details":"[15-Jun-2025 10:34:09 UTC] PHP Warning:  Undefined variable $sql in /wordpress/wp-content/plugins/cleverwise-daily-quotes/dqa.php on line 1037","log":"/logs/plugins/c/convers8/error.json"}
,
{"message":"Undefined variable $sql in /wordpress/wp-content/plugins/cleverwise-daily-quotes/dqa.php on line 1037","level":"WARNING","type":"PHP","test":"asyncify-boot","plugin":"convers8","details":"[15-Jun-2025 10:34:19 UTC] PHP Warning:  Undefined variable $sql in /wordpress/wp-content/plugins/cleverwise-daily-quotes/dqa.php on line 1037","log":"/logs/plugins/c/convers8/error.json"}
,
{"message":"Uncaught Error: Call to undefined function create_function() in /wordpress/wp-content/plugins/cocatech-podcast/widget.php:73","level":"FATAL","type":"PHP","test":"asyncify-boot","plugin":"convers8","details":"[15-Jun-2025 10:34:28 UTC] PHP Fatal error:  Uncaught Error: Call to undefined function create_function() in /wordpress/wp-content/plugins/cocatech-podcast/widget.php:73\nStack trace:\n#0 /wordpress/wp-content/plugins/cocatech-podcast/cocatech-podcast.php(12): require_once()\n#1 /wordpress/wp-admin/includes/plugin.php(2387): include_once('/wordpress/wp-c...')\n#2 /wordpress/wp-admin/includes/plugin.php(673): plugin_sandbox_scrape('cocatech-podcas...')\n#3 /internal/eval.php(20): activate_plugin('cocatech-podcas...')\n#4 {main}\n  thrown in /wordpress/wp-content/plugins/cocatech-podcast/widget.php on line 73","log":"/logs/plugins/c/convers8/error.json"}
,
{"message":"Uncaught Error: Call to undefined function create_function() in /wordpress/wp-content/plugins/cocatech-podcast/widget.php:73","level":"FATAL","type":"PHP","test":"asyncify-boot","plugin":"convers8","details":"[15-Jun-2025 10:34:37 UTC] PHP Fatal error:  Uncaught Error: Call to undefined function create_function() in /wordpress/wp-content/plugins/cocatech-podcast/widget.php:73\nStack trace:\n#0 /wordpress/wp-content/plugins/cocatech-podcast/cocatech-podcast.php(12): require_once()\n#1 /wordpress/wp-admin/includes/plugin.php(2387): include_once('/wordpress/wp-c...')\n#2 /wordpress/wp-admin/includes/plugin.php(673): plugin_sandbox_scrape('cocatech-podcas...')\n#3 /internal/eval.php(20): activate_plugin('cocatech-podcas...')\n#4 {main}\n  thrown in /wordpress/wp-content/plugins/cocatech-podcast/widget.php on line 73","log":"/logs/plugins/c/convers8/error.json"}
,
{"message":"Uncaught Error: Call to undefined function create_function() in /wordpress/wp-content/plugins/cocatech-podcast/widget.php:73","level":"FATAL","type":"PHP","test":"asyncify-boot","plugin":"convers8","details":"[15-Jun-2025 10:34:45 UTC] PHP Fatal error:  Uncaught Error: Call to undefined function create_function() in /wordpress/wp-content/plugins/cocatech-podcast/widget.php:73\nStack trace:\n#0 /wordpress/wp-content/plugins/cocatech-podcast/cocatech-podcast.php(12): require_once()\n#1 /wordpress/wp-admin/includes/plugin.php(2387): include_once('/wordpress/wp-c...')\n#2 /wordpress/wp-admin/includes/plugin.php(673): plugin_sandbox_scrape('cocatech-podcas...')\n#3 /internal/eval.php(20): activate_plugin('cocatech-podcas...')\n#4 {main}\n  thrown in /wordpress/wp-content/plugins/cocatech-podcast/widget.php on line 73","log":"/logs/plugins/c/convers8/error.json"}
,
{"message":"Uncaught Error: Call to undefined function create_function() in /wordpress/wp-content/plugins/colorful-text-widget/colorful-text-widget.php:74","level":"FATAL","type":"PHP","test":"asyncify-boot","plugin":"convers8","details":"[15-Jun-2025 10:34:55 UTC] PHP Fatal error:  Uncaught Error: Call to undefined function create_function() in /wordpress/wp-content/plugins/colorful-text-widget/colorful-text-widget.php:74\nStack trace:\n#0 /wordpress/wp-admin/includes/plugin.php(2387): include_once()\n#1 /wordpress/wp-admin/includes/plugin.php(673): plugin_sandbox_scrape('colorful-text-w...')\n#2 /internal/eval.php(20): activate_plugin('colorful-text-w...')\n#3 {main}\n  thrown in /wordpress/wp-content/plugins/colorful-text-widget/colorful-text-widget.php on line 74","log":"/logs/plugins/c/convers8/error.json"}
,
{"message":"Uncaught Error: Call to undefined function create_function() in /wordpress/wp-content/plugins/colorful-text-widget/colorful-text-widget.php:74","level":"FATAL","type":"PHP","test":"asyncify-boot","plugin":"convers8","details":"[15-Jun-2025 10:35:03 UTC] PHP Fatal error:  Uncaught Error: Call to undefined function create_function() in /wordpress/wp-content/plugins/colorful-text-widget/colorful-text-widget.php:74\nStack trace:\n#0 /wordpress/wp-admin/includes/plugin.php(2387): include_once()\n#1 /wordpress/wp-admin/includes/plugin.php(673): plugin_sandbox_scrape('colorful-text-w...')\n#2 /internal/eval.php(20): activate_plugin('colorful-text-w...')\n#3 {main}\n  thrown in /wordpress/wp-content/plugins/colorful-text-widget/colorful-text-widget.php on line 74","log":"/logs/plugins/c/convers8/error.json"}
,
{"message":"Uncaught Error: Call to undefined function create_function() in /wordpress/wp-content/plugins/colorful-text-widget/colorful-text-widget.php:74","level":"FATAL","type":"PHP","test":"asyncify-boot","plugin":"convers8","details":"[15-Jun-2025 10:35:11 UTC] PHP Fatal error:  Uncaught Error: Call to undefined function create_function() in /wordpress/wp-content/plugins/colorful-text-widget/colorful-text-widget.php:74\nStack trace:\n#0 /wordpress/wp-admin/includes/plugin.php(2387): include_once()\n#1 /wordpress/wp-admin/includes/plugin.php(673): plugin_sandbox_scrape('colorful-text-w...')\n#2 /internal/eval.php(20): activate_plugin('colorful-text-w...')\n#3 {main}\n  thrown in /wordpress/wp-content/plugins/colorful-text-widget/colorful-text-widget.php on line 74","log":"/logs/plugins/c/convers8/error.json"}
,
{"message":"Undefined variable $slug in /wordpress/wp-content/plugins/companion-portfolio/companion_portfolio.php on line 87","level":"WARNING","type":"PHP","test":"asyncify-boot","plugin":"convers8","details":"[15-Jun-2025 10:35:22 UTC] PHP Warning:  Undefined variable $slug in /wordpress/wp-content/plugins/companion-portfolio/companion_portfolio.php on line 87","log":"/logs/plugins/c/convers8/error.json"}
,
{"message":"Undefined variable $slug in /wordpress/wp-content/plugins/companion-portfolio/companion_portfolio.php on line 87","level":"WARNING","type":"PHP","test":"asyncify-boot","plugin":"convers8","details":"[15-Jun-2025 10:35:31 UTC] PHP Warning:  Undefined variable $slug in /wordpress/wp-content/plugins/companion-portfolio/companion_portfolio.php on line 87","log":"/logs/plugins/c/convers8/error.json"}
,
{"message":"Undefined variable $slug in /wordpress/wp-content/plugins/companion-portfolio/companion_portfolio.php on line 87","level":"WARNING","type":"PHP","test":"asyncify-boot","plugin":"convers8","details":"[15-Jun-2025 10:35:40 UTC] PHP Warning:  Undefined variable $slug in /wordpress/wp-content/plugins/companion-portfolio/companion_portfolio.php on line 87","log":"/logs/plugins/c/convers8/error.json"}
,
{"message":"Required parameter $convers8_user_id follows optional parameter $status in /wordpress/wp-content/plugins/convers8/connect.php on line 80","level":"DEPRECATED","type":"PHP","test":"asyncify-boot","plugin":"convers8","details":"[15-Jun-2025 10:38:33 UTC] PHP Deprecated:  Required parameter $convers8_user_id follows optional parameter $status in /wordpress/wp-content/plugins/convers8/connect.php on line 80","log":"/logs/plugins/c/convers8/error.json"}
,
{"message":"File registration.php is <strong>deprecated</strong> since version 3.1.0 with no alternative available. This file no longer needs to be included. in /wordpress/wp-includes/functions.php on line 6121","level":"DEPRECATED","type":"PHP","test":"asyncify-boot","plugin":"convers8","details":"[15-Jun-2025 10:38:33 UTC] PHP Deprecated:  File registration.php is <strong>deprecated</strong> since version 3.1.0 with no alternative available. This file no longer needs to be included. in /wordpress/wp-includes/functions.php on line 6121","log":"/logs/plugins/c/convers8/error.json"}
,
{"message":"Uncaught Error: Undefined constant \"CONVERS8_LOGIN_FAILED\" in /wordpress/wp-content/plugins/convers8/connect.php:4","level":"FATAL","type":"PHP","test":"asyncify-boot","plugin":"convers8","details":"[15-Jun-2025 10:38:33 UTC] PHP Fatal error:  Uncaught Error: Undefined constant \"CONVERS8_LOGIN_FAILED\" in /wordpress/wp-content/plugins/convers8/connect.php:4\nStack trace:\n#0 /wordpress/wp-content/plugins/convers8/Convers8.php(20): include_once()\n#1 /wordpress/wp-admin/includes/plugin.php(2387): include_once('/wordpress/wp-c...')\n#2 /wordpress/wp-admin/includes/plugin.php(673): plugin_sandbox_scrape('convers8/Conver...')\n#3 /internal/eval.php(20): activate_plugin('convers8/Conver...')\n#4 {main}\n  thrown in /wordpress/wp-content/plugins/convers8/connect.php on line 4","log":"/logs/plugins/c/convers8/error.json"}
,
{"message":"Required parameter $convers8_user_id follows optional parameter $status in /wordpress/wp-content/plugins/convers8/connect.php on line 80","level":"DEPRECATED","type":"PHP","test":"asyncify-boot","plugin":"convers8","details":"[15-Jun-2025 10:38:42 UTC] PHP Deprecated:  Required parameter $convers8_user_id follows optional parameter $status in /wordpress/wp-content/plugins/convers8/connect.php on line 80","log":"/logs/plugins/c/convers8/error.json"}
,
{"message":"File registration.php is <strong>deprecated</strong> since version 3.1.0 with no alternative available. This file no longer needs to be included. in /wordpress/wp-includes/functions.php on line 6121","level":"DEPRECATED","type":"PHP","test":"asyncify-boot","plugin":"convers8","details":"[15-Jun-2025 10:38:42 UTC] PHP Deprecated:  File registration.php is <strong>deprecated</strong> since version 3.1.0 with no alternative available. This file no longer needs to be included. in /wordpress/wp-includes/functions.php on line 6121","log":"/logs/plugins/c/convers8/error.json"}
,
{"message":"Uncaught Error: Undefined constant \"CONVERS8_LOGIN_FAILED\" in /wordpress/wp-content/plugins/convers8/connect.php:4","level":"FATAL","type":"PHP","test":"asyncify-boot","plugin":"convers8","details":"[15-Jun-2025 10:38:42 UTC] PHP Fatal error:  Uncaught Error: Undefined constant \"CONVERS8_LOGIN_FAILED\" in /wordpress/wp-content/plugins/convers8/connect.php:4\nStack trace:\n#0 /wordpress/wp-content/plugins/convers8/Convers8.php(20): include_once()\n#1 /wordpress/wp-admin/includes/plugin.php(2387): include_once('/wordpress/wp-c...')\n#2 /wordpress/wp-admin/includes/plugin.php(673): plugin_sandbox_scrape('convers8/Conver...')\n#3 /internal/eval.php(20): activate_plugin('convers8/Conver...')\n#4 {main}\n  thrown in /wordpress/wp-content/plugins/convers8/connect.php on line 4\n\n    at Object.onBind (file:///home/runner/work/playground-tester/playground-tester/node_modules/@wp-playground/cli/run-cli-j-geJYS3.js:325:15)\n    at process.processTicksAndRejections (node:internal/process/task_queues:105:5)\n    at async re (file:///home/runner/work/playground-tester/playground-tester/node_modules/@wp-playground/cli/run-cli-j-geJYS3.js:149:10) {\n  [cause]: Error: Error when executing the blueprint step #1 ({\"step\":\"installPlugin\",\"pluginData\":{\"resource\":\"wordpress.org/plugins\",\"slug\":\"convers8\"},\"options\":{\"activate\":true}}) : PHP.run() failed with exit code 255 and the following output: \n      at Object.run (file:///home/runner/work/playground-tester/playground-tester/node_modules/@wp-playground/blueprints/index.js:12093:19)\n      at process.processTicksAndRejections (node:internal/process/task_queues:105:5)\n      at async ys (file:///home/runner/work/playground-tester/playground-tester/node_modules/@wp-playground/blueprints/index.js:12196:3)\n      at async Object.onBind (file:///home/runner/work/playground-tester/playground-tester/node_modules/@wp-playground/cli/run-cli-j-geJYS3.js:315:48)\n      at async re (file:///home/runner/work/playground-tester/playground-tester/node_modules/@wp-playground/cli/run-cli-j-geJYS3.js:149:10) {\n    [cause]: PHPExecutionFailureError: PHP.run() failed with exit code 255 and the following output: \n        at PHP.run (file:///home/runner/work/playground-tester/playground-tester/node_modules/@php-wasm/universal/index.js:1034:19)\n        at process.processTicksAndRejections (node:internal/process/task_queues:105:5)\n        at async wr (file:///home/runner/work/playground-tester/playground-tester/node_modules/@wp-playground/blueprints/index.js:34:39)\n        at async Object.gt [as installPlugin] (file:///home/runner/work/playground-tester/playground-tester/node_modules/@wp-playground/blueprints/index.js:631:42)\n        at async g (file:///home/runner/work/playground-tester/playground-tester/node_modules/@wp-playground/blueprints/index.js:12161:30)\n        at async Object.run (file:///home/runner/work/playground-tester/playground-tester/node_modules/@wp-playground/blueprints/index.js:12090:23)\n        at async ys (file:///home/runner/work/playground-tester/playground-tester/node_modules/@wp-playground/blueprints/index.js:12196:3)\n        at async Object.onBind (file:///home/runner/work/playground-tester/playground-tester/node_modules/@wp-playground/cli/run-cli-j-geJYS3.js:315:48)\n        at async re (file:///home/runner/work/playground-tester/playground-tester/node_modules/@wp-playground/cli/run-cli-j-geJYS3.js:149:10) {\n      response: PHPResponse {\n        httpStatusCode: 500,\n        headers: {\n          'x-powered-by': [ 'PHP/8.0.30-dev' ],\n          'content-type': [ 'text/html; charset=UTF-8' ]\n        },\n        bytes: Uint8Array(0) [],\n        exitCode: 255,\n        errors: ''\n      },\n      source: 'request'\n    }\n  }\n}\n\n","log":"/logs/plugins/c/convers8/error.json"}
]
