file:///home/runner/work/playground-tester/playground-tester/node_modules/@wp-playground/cli/index.js:237
        throw new Error(y, { cause: u });
              ^

Error: [22-May-2025 01:54:44 UTC] PHP Fatal error:  Uncaught Error: Call to undefined function create_function() in /wordpress/wp-content/plugins/speedron-speed-test/speedron-speed-test.php:102
Stack trace:
#0 /wordpress/wp-admin/includes/plugin.php(2387): include_once()
#1 /wordpress/wp-admin/includes/plugin.php(673): plugin_sandbox_scrape('speedron-speed-...')
#2 /internal/eval.php(20): activate_plugin('speedron-speed-...')
#3 {main}
  thrown in /wordpress/wp-content/plugins/speedron-speed-test/speedron-speed-test.php on line 102
[22-May-2025 01:54:51 UTC] PHP Fatal error:  Uncaught Error: Call to undefined function create_function() in /wordpress/wp-content/plugins/speedron-speed-test/speedron-speed-test.php:102
Stack trace:
#0 /wordpress/wp-admin/includes/plugin.php(2387): include_once()
#1 /wordpress/wp-admin/includes/plugin.php(673): plugin_sandbox_scrape('speedron-speed-...')
#2 /internal/eval.php(20): activate_plugin('speedron-speed-...')
#3 {main}
  thrown in /wordpress/wp-content/plugins/speedron-speed-test/speedron-speed-test.php on line 102
[22-May-2025 01:54:58 UTC] PHP Fatal error:  Uncaught Error: Call to undefined function create_function() in /wordpress/wp-content/plugins/speedron-speed-test/speedron-speed-test.php:102
Stack trace:
#0 /wordpress/wp-admin/includes/plugin.php(2387): include_once()
#1 /wordpress/wp-admin/includes/plugin.php(673): plugin_sandbox_scrape('speedron-speed-...')
#2 /internal/eval.php(20): activate_plugin('speedron-speed-...')
#3 {main}
  thrown in /wordpress/wp-content/plugins/speedron-speed-test/speedron-speed-test.php on line 102
[22-May-2025 01:55:35 UTC] PHP Deprecated:  Required parameter $class follows optional parameter $id in /wordpress/wp-content/plugins/star-citizen-fan-site-kit/classes/class-scfansitekit.php on line 1829
[22-May-2025 01:55:35 UTC] PHP Fatal error:  Uncaught TypeError: count(): Argument #1 ($value) must be of type Countable|array, string given in /wordpress/wp-content/plugins/star-citizen-fan-site-kit/classes/class-scfansitekit.php:419
Stack trace:
#0 /wordpress/wp-content/plugins/star-citizen-fan-site-kit/classes/class-scfansitekit.php(80): SCFANSITEKIT->add_actions(Array)
#1 /wordpress/wp-content/plugins/star-citizen-fan-site-kit/star-citizen-fan-site-kit.php(71): SCFANSITEKIT->__construct()
#2 /wordpress/wp-admin/includes/plugin.php(2387): include_once('/wordpress/wp-c...')
#3 /wordpress/wp-admin/includes/plugin.php(673): plugin_sandbox_scrape('star-citizen-fa...')
#4 /internal/eval.php(20): activate_plugin('star-citizen-fa...')
#5 {main}
  thrown in /wordpress/wp-content/plugins/star-citizen-fan-site-kit/classes/class-scfansitekit.php on line 419
[22-May-2025 01:55:43 UTC] PHP Deprecated:  Required parameter $class follows optional parameter $id in /wordpress/wp-content/plugins/star-citizen-fan-site-kit/classes/class-scfansitekit.php on line 1829
[22-May-2025 01:55:43 UTC] PHP Fatal error:  Uncaught TypeError: count(): Argument #1 ($value) must be of type Countable|array, string given in /wordpress/wp-content/plugins/star-citizen-fan-site-kit/classes/class-scfansitekit.php:419
Stack trace:
#0 /wordpress/wp-content/plugins/star-citizen-fan-site-kit/classes/class-scfansitekit.php(80): SCFANSITEKIT->add_actions(Array)
#1 /wordpress/wp-content/plugins/star-citizen-fan-site-kit/star-citizen-fan-site-kit.php(71): SCFANSITEKIT->__construct()
#2 /wordpress/wp-admin/includes/plugin.php(2387): include_once('/wordpress/wp-c...')
#3 /wordpress/wp-admin/includes/plugin.php(673): plugin_sandbox_scrape('star-citizen-fa...')
#4 /internal/eval.php(20): activate_plugin('star-citizen-fa...')
#5 {main}
  thrown in /wordpress/wp-content/plugins/star-citizen-fan-site-kit/classes/class-scfansitekit.php on line 419
[22-May-2025 01:55:52 UTC] PHP Deprecated:  Required parameter $class follows optional parameter $id in /wordpress/wp-content/plugins/star-citizen-fan-site-kit/classes/class-scfansitekit.php on line 1829
[22-May-2025 01:55:52 UTC] PHP Fatal error:  Uncaught TypeError: count(): Argument #1 ($value) must be of type Countable|array, string given in /wordpress/wp-content/plugins/star-citizen-fan-site-kit/classes/class-scfansitekit.php:419
Stack trace:
#0 /wordpress/wp-content/plugins/star-citizen-fan-site-kit/classes/class-scfansitekit.php(80): SCFANSITEKIT->add_actions(Array)
#1 /wordpress/wp-content/plugins/star-citizen-fan-site-kit/star-citizen-fan-site-kit.php(71): SCFANSITEKIT->__construct()
#2 /wordpress/wp-admin/includes/plugin.php(2387): include_once('/wordpress/wp-c...')
#3 /wordpress/wp-admin/includes/plugin.php(673): plugin_sandbox_scrape('star-citizen-fa...')
#4 /internal/eval.php(20): activate_plugin('star-citizen-fa...')
#5 {main}
  thrown in /wordpress/wp-content/plugins/star-citizen-fan-site-kit/classes/class-scfansitekit.php on line 419
[22-May-2025 01:56:04 UTC] PHP Fatal error:  Uncaught Exception: Could not connect to the remote service for node initialization. in /wordpress/wp-content/plugins/stina-crystal-lift/includes/Setup.php:91
Stack trace:
#0 /wordpress/wp-content/plugins/stina-crystal-lift/includes/Setup.php(42): STINA\CrystalLift\Setup::initializeNode()
#1 /wordpress/wp-includes/class-wp-hook.php(324): STINA\CrystalLift\Setup::activate(false)
#2 /wordpress/wp-includes/class-wp-hook.php(348): WP_Hook->apply_filters('', Array)
#3 /wordpress/wp-includes/plugin.php(517): WP_Hook->do_action(Array)
#4 /wordpress/wp-admin/includes/plugin.php(703): do_action('activate_stina-...', false)
#5 /internal/eval.php(20): activate_plugin('stina-crystal-l...')
#6 {main}
  thrown in /wordpress/wp-content/plugins/stina-crystal-lift/includes/Setup.php on line 91
[22-May-2025 01:56:14 UTC] PHP Fatal error:  Uncaught Exception: Could not connect to the remote service for node initialization. in /wordpress/wp-content/plugins/stina-crystal-lift/includes/Setup.php:91
Stack trace:
#0 /wordpress/wp-content/plugins/stina-crystal-lift/includes/Setup.php(42): STINA\CrystalLift\Setup::initializeNode()
#1 /wordpress/wp-includes/class-wp-hook.php(324): STINA\CrystalLift\Setup::activate(false)
#2 /wordpress/wp-includes/class-wp-hook.php(348): WP_Hook->apply_filters('', Array)
#3 /wordpress/wp-includes/plugin.php(517): WP_Hook->do_action(Array)
#4 /wordpress/wp-admin/includes/plugin.php(703): do_action('activate_stina-...', false)
#5 /internal/eval.php(20): activate_plugin('stina-crystal-l...')
#6 {main}
  thrown in /wordpress/wp-content/plugins/stina-crystal-lift/includes/Setup.php on line 91
[22-May-2025 01:56:24 UTC] PHP Fatal error:  Uncaught Exception: Could not connect to the remote service for node initialization. in /wordpress/wp-content/plugins/stina-crystal-lift/includes/Setup.php:91
Stack trace:
#0 /wordpress/wp-content/plugins/stina-crystal-lift/includes/Setup.php(42): STINA\CrystalLift\Setup::initializeNode()
#1 /wordpress/wp-includes/class-wp-hook.php(324): STINA\CrystalLift\Setup::activate(false)
#2 /wordpress/wp-includes/class-wp-hook.php(348): WP_Hook->apply_filters('', Array)
#3 /wordpress/wp-includes/plugin.php(517): WP_Hook->do_action(Array)
#4 /wordpress/wp-admin/includes/plugin.php(703): do_action('activate_stina-...', false)
#5 /internal/eval.php(20): activate_plugin('stina-crystal-l...')
#6 {main}
  thrown in /wordpress/wp-content/plugins/stina-crystal-lift/includes/Setup.php on line 91
[22-May-2025 01:59:32 UTC] PHP Deprecated:  Function load_plugin_textdomain was called with an argument that is <strong>deprecated</strong> since version 2.7.0 with no alternative available. in /wordpress/wp-includes/functions.php on line 6121
[22-May-2025 01:59:33 UTC] PHP Deprecated:  Function load_plugin_textdomain was called with an argument that is <strong>deprecated</strong> since version 2.7.0 with no alternative available. in /wordpress/wp-includes/functions.php on line 6121
[22-May-2025 01:59:41 UTC] PHP Deprecated:  Function load_plugin_textdomain was called with an argument that is <strong>deprecated</strong> since version 2.7.0 with no alternative available. in /wordpress/wp-includes/functions.php on line 6121
[22-May-2025 01:59:42 UTC] PHP Deprecated:  Function load_plugin_textdomain was called with an argument that is <strong>deprecated</strong> since version 2.7.0 with no alternative available. in /wordpress/wp-includes/functions.php on line 6121
[22-May-2025 01:59:49 UTC] PHP Deprecated:  Function load_plugin_textdomain was called with an argument that is <strong>deprecated</strong> since version 2.7.0 with no alternative available. in /wordpress/wp-includes/functions.php on line 6121
[22-May-2025 01:59:50 UTC] PHP Deprecated:  Function load_plugin_textdomain was called with an argument that is <strong>deprecated</strong> since version 2.7.0 with no alternative available. in /wordpress/wp-includes/functions.php on line 6121
[22-May-2025 02:00:00 UTC] PHP Fatal error:  Uncaught Error: Call to undefined function SumaPress\SPV\Setup\WP_Filesystem() in /wordpress/wp-content/plugins/simple-private-video/setup/class-activator.php:27
Stack trace:
#0 /wordpress/wp-content/plugins/simple-private-video/setup/class-activator.php(15): SumaPress\SPV\Setup\Activator->add_private_folder_with_htaccess('spv-private')
#1 /wordpress/wp-content/plugins/simple-private-video/simple-private-video.php(53): SumaPress\SPV\Setup\Activator::activate()
#2 /wordpress/wp-includes/class-wp-hook.php(324): SumaPress\SPV\{closure}(false)
#3 /wordpress/wp-includes/class-wp-hook.php(348): WP_Hook->apply_filters('', Array)
#4 /wordpress/wp-includes/plugin.php(517): WP_Hook->do_action(Array)
#5 /wordpress/wp-admin/includes/plugin.php(703): do_action('activate_simple...', false)
#6 /internal/eval.php(20): activate_plugin('simple-private-...')
#7 {main}
  thrown in /wordpress/wp-content/plugins/simple-private-video/setup/class-activator.php on line 27
[22-May-2025 02:00:07 UTC] PHP Fatal error:  Uncaught Error: Call to undefined function SumaPress\SPV\Setup\WP_Filesystem() in /wordpress/wp-content/plugins/simple-private-video/setup/class-activator.php:27
Stack trace:
#0 /wordpress/wp-content/plugins/simple-private-video/setup/class-activator.php(15): SumaPress\SPV\Setup\Activator->add_private_folder_with_htaccess('spv-private')
#1 /wordpress/wp-content/plugins/simple-private-video/simple-private-video.php(53): SumaPress\SPV\Setup\Activator::activate()
#2 /wordpress/wp-includes/class-wp-hook.php(324): SumaPress\SPV\{closure}(false)
#3 /wordpress/wp-includes/class-wp-hook.php(348): WP_Hook->apply_filters('', Array)
#4 /wordpress/wp-includes/plugin.php(517): WP_Hook->do_action(Array)
#5 /wordpress/wp-admin/includes/plugin.php(703): do_action('activate_simple...', false)
#6 /internal/eval.php(20): activate_plugin('simple-private-...')
#7 {main}
  thrown in /wordpress/wp-content/plugins/simple-private-video/setup/class-activator.php on line 27
[22-May-2025 02:00:16 UTC] PHP Fatal error:  Uncaught Error: Call to undefined function SumaPress\SPV\Setup\WP_Filesystem() in /wordpress/wp-content/plugins/simple-private-video/setup/class-activator.php:27
Stack trace:
#0 /wordpress/wp-content/plugins/simple-private-video/setup/class-activator.php(15): SumaPress\SPV\Setup\Activator->add_private_folder_with_htaccess('spv-private')
#1 /wordpress/wp-content/plugins/simple-private-video/simple-private-video.php(53): SumaPress\SPV\Setup\Activator::activate()
#2 /wordpress/wp-includes/class-wp-hook.php(324): SumaPress\SPV\{closure}(false)
#3 /wordpress/wp-includes/class-wp-hook.php(348): WP_Hook->apply_filters('', Array)
#4 /wordpress/wp-includes/plugin.php(517): WP_Hook->do_action(Array)
#5 /wordpress/wp-admin/includes/plugin.php(703): do_action('activate_simple...', false)
#6 /internal/eval.php(20): activate_plugin('simple-private-...')
#7 {main}
  thrown in /wordpress/wp-content/plugins/simple-private-video/setup/class-activator.php on line 27
[22-May-2025 02:02:40 UTC] PHP Notice:  Function _load_textdomain_just_in_time was called <strong>incorrectly</strong>. Translation loading for the <code>spam-master</code> domain was triggered too early. This is usually an indicator for some code in the plugin or theme running too early. Translations should be loaded at the <code>init</code> action or later. Please see <a href="https://developer.wordpress.org/advanced-administration/debug/debug-wordpress/">Debugging in WordPress</a> for more information. (This message was added in version 6.7.0.) in /wordpress/wp-includes/functions.php on line 6121
[22-May-2025 02:02:41 UTC] PHP Warning:  dns_get_record(): dns_get_record() always returns an empty array in PHP.wasm. in /wordpress/wp-content/plugins/spam-master/includes/controllers/class-spammasterkeycontroller.php on line 272
[22-May-2025 02:02:43 UTC] WordPress database error <div style="clear:both">&nbsp;</div>
<div class="queries" style="clear:both;margin-bottom:2px;border:red dotted thin;">
<p>MySQL query:</p>
<p>ALTER TABLE wp_spam_master_keys DROP COLUMN IF EXISTS spamip</p>
<p>Queries made or created this session were:</p>
<ol>
</ol>
</div>
<div style="clear:both;margin-bottom:2px;border:red dotted thin;" class="error_message" style="border-bottom:dotted blue thin;">
Failed to parse the MySQL query.
</div>
<p>Backtrace:</p>
<pre>#0 /internal/shared/sqlite-database-integration/wp-includes/sqlite-ast/class-wp-sqlite-driver.php(606): WP_SQLite_Driver->new_driver_exception('Failed to parse...')
#1 /internal/shared/sqlite-database-integration/wp-includes/sqlite/class-wp-sqlite-db.php(491): WP_SQLite_Driver->query('ALTER TABLE wp_...')
#2 /internal/shared/sqlite-database-integration/wp-includes/sqlite/class-wp-sqlite-db.php(432): WP_SQLite_DB->_do_query('ALTER TABLE wp_...')
#3 /wordpress/wp-content/plugins/spam-master/includes/admin/upgrade/spam-master-admin-upgrade-to-6-6-1.php(89): WP_SQLite_DB->query('ALTER TABLE wp_...')
#4 /wordpress/wp-content/plugins/spam-master/class-spammaster.php(340): require_once('/wordpress/wp-c...')
#5 /wordpress/wp-includes/class-wp-hook.php(324): spam_master_activate_upgrade('')
#6 /wordpress/wp-includes/class-wp-hook.php(348): WP_Hook->apply_filters(NULL, Array)
#7 /wordpress/wp-includes/plugin.php(517): WP_Hook->do_action(Array)
#8 /wordpress/wp-settings.php(578): do_action('plugins_loaded')
#9 /wordpress/wp-config.php(102): require_once('/wordpress/wp-s...')
#10 /wordpress/wp-load.php(50): require_once('/wordpress/wp-c...')
#11 /internal/eval.php(3): require_once('/wordpress/wp-l...')
#12 {main}</pre>
 for query ALTER TABLE wp_spam_master_keys DROP COLUMN IF EXISTS spamip made by require_once('wp-load.php'), require_once('wp-config.php'), require_once('wp-settings.php'), do_action('plugins_loaded'), WP_Hook->do_action, WP_Hook->apply_filters, spam_master_activate_upgrade, require_once('/plugins/spam-master/includes/admin/upgrade/spam-master-admin-upgrade-to-6-6-1.php'), WP_SQLite_DB->query, WP_SQLite_DB->print_error
[22-May-2025 02:02:43 UTC] WordPress database error <div style="clear:both">&nbsp;</div>
<div class="queries" style="clear:both;margin-bottom:2px;border:red dotted thin;">
<p>MySQL query:</p>
<p>ALTER TABLE wp_spam_master_keys DROP COLUMN IF EXISTS spamco</p>
<p>Queries made or created this session were:</p>
<ol>
</ol>
</div>
<div style="clear:both;margin-bottom:2px;border:red dotted thin;" class="error_message" style="border-bottom:dotted blue thin;">
Failed to parse the MySQL query.
</div>
<p>Backtrace:</p>
<pre>#0 /internal/shared/sqlite-database-integration/wp-includes/sqlite-ast/class-wp-sqlite-driver.php(606): WP_SQLite_Driver->new_driver_exception('Failed to parse...')
#1 /internal/shared/sqlite-database-integration/wp-includes/sqlite/class-wp-sqlite-db.php(491): WP_SQLite_Driver->query('ALTER TABLE wp_...')
#2 /internal/shared/sqlite-database-integration/wp-includes/sqlite/class-wp-sqlite-db.php(432): WP_SQLite_DB->_do_query('ALTER TABLE wp_...')
#3 /wordpress/wp-content/plugins/spam-master/includes/admin/upgrade/spam-master-admin-upgrade-to-6-6-1.php(91): WP_SQLite_DB->query('ALTER TABLE wp_...')
#4 /wordpress/wp-content/plugins/spam-master/class-spammaster.php(340): require_once('/wordpress/wp-c...')
#5 /wordpress/wp-includes/class-wp-hook.php(324): spam_master_activate_upgrade('')
#6 /wordpress/wp-includes/class-wp-hook.php(348): WP_Hook->apply_filters(NULL, Array)
#7 /wordpress/wp-includes/plugin.php(517): WP_Hook->do_action(Array)
#8 /wordpress/wp-settings.php(578): do_action('plugins_loaded')
#9 /wordpress/wp-config.php(102): require_once('/wordpress/wp-s...')
#10 /wordpress/wp-load.php(50): require_once('/wordpress/wp-c...')
#11 /internal/eval.php(3): require_once('/wordpress/wp-l...')
#12 {main}</pre>
 for query ALTER TABLE wp_spam_master_keys DROP COLUMN IF EXISTS spamco made by require_once('wp-load.php'), require_once('wp-config.php'), require_once('wp-settings.php'), do_action('plugins_loaded'), WP_Hook->do_action, WP_Hook->apply_filters, spam_master_activate_upgrade, require_once('/plugins/spam-master/includes/admin/upgrade/spam-master-admin-upgrade-to-6-6-1.php'), WP_SQLite_DB->query, WP_SQLite_DB->print_error
[22-May-2025 02:02:43 UTC] WordPress database error <div style="clear:both">&nbsp;</div>
<div class="queries" style="clear:both;margin-bottom:2px;border:red dotted thin;">
<p>MySQL query:</p>
<p>ALTER TABLE wp_spam_master_keys DROP COLUMN IF EXISTS spamco</p>
<p>Queries made or created this session were:</p>
<ol>
</ol>
</div>
<div style="clear:both;margin-bottom:2px;border:red dotted thin;" class="error_message" style="border-bottom:dotted blue thin;">
Failed to parse the MySQL query.
</div>
<p>Backtrace:</p>
<pre>#0 /internal/shared/sqlite-database-integration/wp-includes/sqlite-ast/class-wp-sqlite-driver.php(606): WP_SQLite_Driver->new_driver_exception('Failed to parse...')
#1 /internal/shared/sqlite-database-integration/wp-includes/sqlite/class-wp-sqlite-db.php(491): WP_SQLite_Driver->query('ALTER TABLE wp_...')
#2 /internal/shared/sqlite-database-integration/wp-includes/sqlite/class-wp-sqlite-db.php(432): WP_SQLite_DB->_do_query('ALTER TABLE wp_...')
#3 /wordpress/wp-content/plugins/spam-master/includes/admin/upgrade/spam-master-admin-upgrade-to-6-6-1.php(93): WP_SQLite_DB->query('ALTER TABLE wp_...')
#4 /wordpress/wp-content/plugins/spam-master/class-spammaster.php(340): require_once('/wordpress/wp-c...')
#5 /wordpress/wp-includes/class-wp-hook.php(324): spam_master_activate_upgrade('')
#6 /wordpress/wp-includes/class-wp-hook.php(348): WP_Hook->apply_filters(NULL, Array)
#7 /wordpress/wp-includes/plugin.php(517): WP_Hook->do_action(Array)
#8 /wordpress/wp-settings.php(578): do_action('plugins_loaded')
#9 /wordpress/wp-config.php(102): require_once('/wordpress/wp-s...')
#10 /wordpress/wp-load.php(50): require_once('/wordpress/wp-c...')
#11 /internal/eval.php(3): require_once('/wordpress/wp-l...')
#12 {main}</pre>
 for query ALTER TABLE wp_spam_master_keys DROP COLUMN IF EXISTS spamco made by require_once('wp-load.php'), require_once('wp-config.php'), require_once('wp-settings.php'), do_action('plugins_loaded'), WP_Hook->do_action, WP_Hook->apply_filters, spam_master_activate_upgrade, require_once('/plugins/spam-master/includes/admin/upgrade/spam-master-admin-upgrade-to-6-6-1.php'), WP_SQLite_DB->query, WP_SQLite_DB->print_error
[22-May-2025 02:02:43 UTC] WordPress database error <div style="clear:both">&nbsp;</div>
<div class="queries" style="clear:both;margin-bottom:2px;border:red dotted thin;">
<p>MySQL query:</p>
<p>ALTER TABLE wp_spam_master_keys DROP COLUMN IF EXISTS spamcou</p>
<p>Queries made or created this session were:</p>
<ol>
</ol>
</div>
<div style="clear:both;margin-bottom:2px;border:red dotted thin;" class="error_message" style="border-bottom:dotted blue thin;">
Failed to parse the MySQL query.
</div>
<p>Backtrace:</p>
<pre>#0 /internal/shared/sqlite-database-integration/wp-includes/sqlite-ast/class-wp-sqlite-driver.php(606): WP_SQLite_Driver->new_driver_exception('Failed to parse...')
#1 /internal/shared/sqlite-database-integration/wp-includes/sqlite/class-wp-sqlite-db.php(491): WP_SQLite_Driver->query('ALTER TABLE wp_...')
#2 /internal/shared/sqlite-database-integration/wp-includes/sqlite/class-wp-sqlite-db.php(432): WP_SQLite_DB->_do_query('ALTER TABLE wp_...')
#3 /wordpress/wp-content/plugins/spam-master/includes/admin/upgrade/spam-master-admin-upgrade-to-6-6-1.php(95): WP_SQLite_DB->query('ALTER TABLE wp_...')
#4 /wordpress/wp-content/plugins/spam-master/class-spammaster.php(340): require_once('/wordpress/wp-c...')
#5 /wordpress/wp-includes/class-wp-hook.php(324): spam_master_activate_upgrade('')
#6 /wordpress/wp-includes/class-wp-hook.php(348): WP_Hook->apply_filters(NULL, Array)
#7 /wordpress/wp-includes/plugin.php(517): WP_Hook->do_action(Array)
#8 /wordpress/wp-settings.php(578): do_action('plugins_loaded')
#9 /wordpress/wp-config.php(102): require_once('/wordpress/wp-s...')
#10 /wordpress/wp-load.php(50): require_once('/wordpress/wp-c...')
#11 /internal/eval.php(3): require_once('/wordpress/wp-l...')
#12 {main}</pre>
 for query ALTER TABLE wp_spam_master_keys DROP COLUMN IF EXISTS spamcou made by require_once('wp-load.php'), require_once('wp-config.php'), require_once('wp-settings.php'), do_action('plugins_loaded'), WP_Hook->do_action, WP_Hook->apply_filters, spam_master_activate_upgrade, require_once('/plugins/spam-master/includes/admin/upgrade/spam-master-admin-upgrade-to-6-6-1.php'), WP_SQLite_DB->query, WP_SQLite_DB->print_error
[22-May-2025 02:02:43 UTC] WordPress database error <div style="clear:both">&nbsp;</div>
<div class="queries" style="clear:both;margin-bottom:2px;border:red dotted thin;">
<p>MySQL query:</p>
<p>ALTER TABLE wp_spam_master_keys DROP COLUMN IF EXISTS spamrefe</p>
<p>Queries made or created this session were:</p>
<ol>
</ol>
</div>
<div style="clear:both;margin-bottom:2px;border:red dotted thin;" class="error_message" style="border-bottom:dotted blue thin;">
Failed to parse the MySQL query.
</div>
<p>Backtrace:</p>
<pre>#0 /internal/shared/sqlite-database-integration/wp-includes/sqlite-ast/class-wp-sqlite-driver.php(606): WP_SQLite_Driver->new_driver_exception('Failed to parse...')
#1 /internal/shared/sqlite-database-integration/wp-includes/sqlite/class-wp-sqlite-db.php(491): WP_SQLite_Driver->query('ALTER TABLE wp_...')
#2 /internal/shared/sqlite-database-integration/wp-includes/sqlite/class-wp-sqlite-db.php(432): WP_SQLite_DB->_do_query('ALTER TABLE wp_...')
#3 /wordpress/wp-content/plugins/spam-master/includes/admin/upgrade/spam-master-admin-upgrade-to-6-6-1.php(97): WP_SQLite_DB->query('ALTER TABLE wp_...')
#4 /wordpress/wp-content/plugins/spam-master/class-spammaster.php(340): require_once('/wordpress/wp-c...')
#5 /wordpress/wp-includes/class-wp-hook.php(324): spam_master_activate_upgrade('')
#6 /wordpress/wp-includes/class-wp-hook.php(348): WP_Hook->apply_filters(NULL, Array)
#7 /wordpress/wp-includes/plugin.php(517): WP_Hook->do_action(Array)
#8 /wordpress/wp-settings.php(578): do_action('plugins_loaded')
#9 /wordpress/wp-config.php(102): require_once('/wordpress/wp-s...')
#10 /wordpress/wp-load.php(50): require_once('/wordpress/wp-c...')
#11 /internal/eval.php(3): require_once('/wordpress/wp-l...')
#12 {main}</pre>
 for query ALTER TABLE wp_spam_master_keys DROP COLUMN IF EXISTS spamrefe made by require_once('wp-load.php'), require_once('wp-config.php'), require_once('wp-settings.php'), do_action('plugins_loaded'), WP_Hook->do_action, WP_Hook->apply_filters, spam_master_activate_upgrade, require_once('/plugins/spam-master/includes/admin/upgrade/spam-master-admin-upgrade-to-6-6-1.php'), WP_SQLite_DB->query, WP_SQLite_DB->print_error
[22-May-2025 02:02:43 UTC] WordPress database error <div style="clear:both">&nbsp;</div>
<div class="queries" style="clear:both;margin-bottom:2px;border:red dotted thin;">
<p>MySQL query:</p>
<p>ALTER TABLE wp_spam_master_keys DROP COLUMN IF EXISTS spamdest</p>
<p>Queries made or created this session were:</p>
<ol>
</ol>
</div>
<div style="clear:both;margin-bottom:2px;border:red dotted thin;" class="error_message" style="border-bottom:dotted blue thin;">
Failed to parse the MySQL query.
</div>
<p>Backtrace:</p>
<pre>#0 /internal/shared/sqlite-database-integration/wp-includes/sqlite-ast/class-wp-sqlite-driver.php(606): WP_SQLite_Driver->new_driver_exception('Failed to parse...')
#1 /internal/shared/sqlite-database-integration/wp-includes/sqlite/class-wp-sqlite-db.php(491): WP_SQLite_Driver->query('ALTER TABLE wp_...')
#2 /internal/shared/sqlite-database-integration/wp-includes/sqlite/class-wp-sqlite-db.php(432): WP_SQLite_DB->_do_query('ALTER TABLE wp_...')
#3 /wordpress/wp-content/plugins/spam-master/includes/admin/upgrade/spam-master-admin-upgrade-to-6-6-1.php(99): WP_SQLite_DB->query('ALTER TABLE wp_...')
#4 /wordpress/wp-content/plugins/spam-master/class-spammaster.php(340): require_once('/wordpress/wp-c...')
#5 /wordpress/wp-includes/class-wp-hook.php(324): spam_master_activate_upgrade('')
#6 /wordpress/wp-includes/class-wp-hook.php(348): WP_Hook->apply_filters(NULL, Array)
#7 /wordpress/wp-includes/plugin.php(517): WP_Hook->do_action(Array)
#8 /wordpress/wp-settings.php(578): do_action('plugins_loaded')
#9 /wordpress/wp-config.php(102): require_once('/wordpress/wp-s...')
#10 /wordpress/wp-load.php(50): require_once('/wordpress/wp-c...')
#11 /internal/eval.php(3): require_once('/wordpress/wp-l...')
#12 {main}</pre>
 for query ALTER TABLE wp_spam_master_keys DROP COLUMN IF EXISTS spamdest made by require_once('wp-load.php'), require_once('wp-config.php'), require_once('wp-settings.php'), do_action('plugins_loaded'), WP_Hook->do_action, WP_Hook->apply_filters, spam_master_activate_upgrade, require_once('/plugins/spam-master/includes/admin/upgrade/spam-master-admin-upgrade-to-6-6-1.php'), WP_SQLite_DB->query, WP_SQLite_DB->print_error
[22-May-2025 02:02:43 UTC] WordPress database error <div style="clear:both">&nbsp;</div>
<div class="queries" style="clear:both;margin-bottom:2px;border:red dotted thin;">
<p>MySQL query:</p>
<p>ALTER TABLE wp_spam_master_keys DROP COLUMN IF EXISTS spamagen</p>
<p>Queries made or created this session were:</p>
<ol>
</ol>
</div>
<div style="clear:both;margin-bottom:2px;border:red dotted thin;" class="error_message" style="border-bottom:dotted blue thin;">
Failed to parse the MySQL query.
</div>
<p>Backtrace:</p>
<pre>#0 /internal/shared/sqlite-database-integration/wp-includes/sqlite-ast/class-wp-sqlite-driver.php(606): WP_SQLite_Driver->new_driver_exception('Failed to parse...')
#1 /internal/shared/sqlite-database-integration/wp-includes/sqlite/class-wp-sqlite-db.php(491): WP_SQLite_Driver->query('ALTER TABLE wp_...')
#2 /internal/shared/sqlite-database-integration/wp-includes/sqlite/class-wp-sqlite-db.php(432): WP_SQLite_DB->_do_query('ALTER TABLE wp_...')
#3 /wordpress/wp-content/plugins/spam-master/includes/admin/upgrade/spam-master-admin-upgrade-to-6-6-1.php(101): WP_SQLite_DB->query('ALTER TABLE wp_...')
#4 /wordpress/wp-content/plugins/spam-master/class-spammaster.php(340): require_once('/wordpress/wp-c...')
#5 /wordpress/wp-includes/class-wp-hook.php(324): spam_master_activate_upgrade('')
#6 /wordpress/wp-includes/class-wp-hook.php(348): WP_Hook->apply_filters(NULL, Array)
#7 /wordpress/wp-includes/plugin.php(517): WP_Hook->do_action(Array)
#8 /wordpress/wp-settings.php(578): do_action('plugins_loaded')
#9 /wordpress/wp-config.php(102): require_once('/wordpress/wp-s...')
#10 /wordpress/wp-load.php(50): require_once('/wordpress/wp-c...')
#11 /internal/eval.php(3): require_once('/wordpress/wp-l...')
#12 {main}</pre>
 for query ALTER TABLE wp_spam_master_keys DROP COLUMN IF EXISTS spamagen made by require_once('wp-load.php'), require_once('wp-config.php'), require_once('wp-settings.php'), do_action('plugins_loaded'), WP_Hook->do_action, WP_Hook->apply_filters, spam_master_activate_upgrade, require_once('/plugins/spam-master/includes/admin/upgrade/spam-master-admin-upgrade-to-6-6-1.php'), WP_SQLite_DB->query, WP_SQLite_DB->print_error
[22-May-2025 02:02:43 UTC] WordPress database error <div style="clear:both">&nbsp;</div>
<div class="queries" style="clear:both;margin-bottom:2px;border:red dotted thin;">
<p>MySQL query:</p>
<p>ALTER TABLE wp_spam_master_keys DROP COLUMN IF EXISTS spamuser</p>
<p>Queries made or created this session were:</p>
<ol>
</ol>
</div>
<div style="clear:both;margin-bottom:2px;border:red dotted thin;" class="error_message" style="border-bottom:dotted blue thin;">
Failed to parse the MySQL query.
</div>
<p>Backtrace:</p>
<pre>#0 /internal/shared/sqlite-database-integration/wp-includes/sqlite-ast/class-wp-sqlite-driver.php(606): WP_SQLite_Driver->new_driver_exception('Failed to parse...')
#1 /internal/shared/sqlite-database-integration/wp-includes/sqlite/class-wp-sqlite-db.php(491): WP_SQLite_Driver->query('ALTER TABLE wp_...')
#2 /internal/shared/sqlite-database-integration/wp-includes/sqlite/class-wp-sqlite-db.php(432): WP_SQLite_DB->_do_query('ALTER TABLE wp_...')
#3 /wordpress/wp-content/plugins/spam-master/includes/admin/upgrade/spam-master-admin-upgrade-to-6-6-1.php(103): WP_SQLite_DB->query('ALTER TABLE wp_...')
#4 /wordpress/wp-content/plugins/spam-master/class-spammaster.php(340): require_once('/wordpress/wp-c...')
#5 /wordpress/wp-includes/class-wp-hook.php(324): spam_master_activate_upgrade('')
#6 /wordpress/wp-includes/class-wp-hook.php(348): WP_Hook->apply_filters(NULL, Array)
#7 /wordpress/wp-includes/plugin.php(517): WP_Hook->do_action(Array)
#8 /wordpress/wp-settings.php(578): do_action('plugins_loaded')
#9 /wordpress/wp-config.php(102): require_once('/wordpress/wp-s...')
#10 /wordpress/wp-load.php(50): require_once('/wordpress/wp-c...')
#11 /internal/eval.php(3): require_once('/wordpress/wp-l...')
#12 {main}</pre>
 for query ALTER TABLE wp_spam_master_keys DROP COLUMN IF EXISTS spamuser made by require_once('wp-load.php'), require_once('wp-config.php'), require_once('wp-settings.php'), do_action('plugins_loaded'), WP_Hook->do_action, WP_Hook->apply_filters, spam_master_activate_upgrade, require_once('/plugins/spam-master/includes/admin/upgrade/spam-master-admin-upgrade-to-6-6-1.php'), WP_SQLite_DB->query, WP_SQLite_DB->print_error
[22-May-2025 02:02:43 UTC] PHP Warning:  dns_get_record(): dns_get_record() always returns an empty array in PHP.wasm. in /wordpress/wp-content/plugins/spam-master/includes/admin/upgrade/spam-master-admin-upgrade-to-6-7-0.php on line 599
[22-May-2025 02:02:45 UTC] PHP Warning:  dns_get_record(): dns_get_record() always returns an empty array in PHP.wasm. in /wordpress/wp-content/plugins/spam-master/includes/admin/spam-master-admin-connection-sender.php on line 125
[22-May-2025 02:02:45 UTC] PHP Warning:  Undefined array key 0 in /wordpress/wp-content/plugins/spam-master/includes/admin/spam-master-admin-connection-sender.php on line 126
[22-May-2025 02:02:45 UTC] PHP Warning:  Trying to access array offset on value of type null in /wordpress/wp-content/plugins/spam-master/includes/admin/spam-master-admin-connection-sender.php on line 126
[22-May-2025 02:02:45 UTC] PHP Warning:  dns_get_record(): dns_get_record() always returns an empty array in PHP.wasm. in /wordpress/wp-content/plugins/spam-master/includes/admin/spam-master-admin-connection-sender.php on line 135
[22-May-2025 02:02:45 UTC] PHP Warning:  Undefined array key 0 in /wordpress/wp-content/plugins/spam-master/includes/admin/spam-master-admin-connection-sender.php on line 136
[22-May-2025 02:02:45 UTC] PHP Warning:  Trying to access array offset on value of type null in /wordpress/wp-content/plugins/spam-master/includes/admin/spam-master-admin-connection-sender.php on line 136
[22-May-2025 02:02:47 UTC] PHP Notice:  Function wpdb::prepare was called <strong>incorrectly</strong>. Unsupported value type (array). Please see <a href="https://developer.wordpress.org/advanced-administration/debug/debug-wordpress/">Debugging in WordPress</a> for more information. (This message was added in version 4.8.2.) in /wordpress/wp-includes/functions.php on line 6121
[22-May-2025 02:02:57 UTC] PHP Notice:  Function _load_textdomain_just_in_time was called <strong>incorrectly</strong>. Translation loading for the <code>spam-master</code> domain was triggered too early. This is usually an indicator for some code in the plugin or theme running too early. Translations should be loaded at the <code>init</code> action or later. Please see <a href="https://developer.wordpress.org/advanced-administration/debug/debug-wordpress/">Debugging in WordPress</a> for more information. (This message was added in version 6.7.0.) in /wordpress/wp-includes/functions.php on line 6121
[22-May-2025 02:02:57 UTC] PHP Warning:  dns_get_record(): dns_get_record() always returns an empty array in PHP.wasm. in /wordpress/wp-content/plugins/spam-master/includes/controllers/class-spammasterkeycontroller.php on line 272
[22-May-2025 02:02:58 UTC] WordPress database error <div style="clear:both">&nbsp;</div>
<div class="queries" style="clear:both;margin-bottom:2px;border:red dotted thin;">
<p>MySQL query:</p>
<p>delete from t1, t2
										using wp_options t1
										join wp_options t2 on t2.option_name = replace(t1.option_name, '_timeout', '')
										where (t1.option_name like '\_transient\_timeout\_spam_master_firewall_ip%' or t1.option_name like '\_site\_transient\_timeout\_spam_master_firewall_ip%');</p>
<p>Queries made or created this session were:</p>
<ol>
<li>Executing: BEGIN | (no parameters)</li>
<li>Executing: delete from t1, t2
										using wp_options t1
										join wp_options t2 on t2.option_name = replace(t1.option_name, :param0 , :param1 )
										where (t1.option_name like :param2  ESCAPE ''  or t1.option_name like :param3  ESCAPE '' ); | parameters: _timeout, , _transient_timeout_spam_master_firewall_ip%, _site_transient_timeout_spam_master_firewall_ip%</li>
<li>Executing: ROLLBACK | (no parameters)</li>
</ol>
</div>
<div style="clear:both;margin-bottom:2px;border:red dotted thin;" class="error_message" style="border-bottom:dotted blue thin;">
Error occurred at line 4117 in Function <code>handle_error</code>. Error message was: SQLSTATE[HY000]: General error: 1 near ",": syntax error.
</div>
<p>Backtrace:</p>
<pre>#0 /internal/shared/sqlite-database-integration/wp-includes/sqlite/class-wp-sqlite-db.php(287): WP_SQLite_Translator->get_error_message()
#1 /wordpress/wp-content/plugins/spam-master/includes/admin/upgrade/spam-master-admin-upgrade-to-6.php(60): WP_SQLite_DB->query('delete from t1,...')
#2 /wordpress/wp-content/plugins/spam-master/class-spammaster.php(333): require_once('/wordpress/wp-c...')
#3 /wordpress/wp-includes/class-wp-hook.php(324): spam_master_activate_upgrade('')
#4 /wordpress/wp-includes/class-wp-hook.php(348): WP_Hook->apply_filters(NULL, Array)
#5 /wordpress/wp-includes/plugin.php(517): WP_Hook->do_action(Array)
#6 /wordpress/wp-settings.php(578): do_action('plugins_loaded')
#7 /wordpress/wp-config.php(102): require_once('/wordpress/wp-s...')
#8 /wordpress/wp-load.php(50): require_once('/wordpress/wp-c...')
#9 /internal/eval.php(3): require_once('/wordpress/wp-l...')
#10 {main}</pre>
 for query delete from t1, t2
										using wp_options t1
										join wp_options t2 on t2.option_name = replace(t1.option_name, '_timeout', '')
										where (t1.option_name like '\_transient\_timeout\_spam_master_firewall_ip%' or t1.option_name like '\_site\_transient\_timeout\_spam_master_firewall_ip%'); made by require_once('wp-load.php'), require_once('wp-config.php'), require_once('wp-settings.php'), do_action('plugins_loaded'), WP_Hook->do_action, WP_Hook->apply_filters, spam_master_activate_upgrade, require_once('/plugins/spam-master/includes/admin/upgrade/spam-master-admin-upgrade-to-6.php'), WP_SQLite_DB->query, WP_SQLite_DB->print_error
[22-May-2025 02:02:58 UTC] WordPress database error <div style="clear:both">&nbsp;</div>
<div class="queries" style="clear:both;margin-bottom:2px;border:red dotted thin;">
<p>MySQL query:</p>
<p>delete from t1, t2
										using wp_options t1
										join wp_options t2 on t2.option_name = replace(t1.option_name, '_timeout', '')
										where (t1.option_name like '\_transient\_timeout\_spam_master_invalid_email%' or t1.option_name like '\_site\_transient\_timeout\_spam_master_invalid_email%');</p>
<p>Queries made or created this session were:</p>
<ol>
<li>Executing: BEGIN | (no parameters)</li>
<li>Executing: delete from t1, t2
										using wp_options t1
										join wp_options t2 on t2.option_name = replace(t1.option_name, :param0 , :param1 )
										where (t1.option_name like :param2  ESCAPE ''  or t1.option_name like :param3  ESCAPE '' ); | parameters: _timeout, , _transient_timeout_spam_master_invalid_email%, _site_transient_timeout_spam_master_invalid_email%</li>
<li>Executing: ROLLBACK | (no parameters)</li>
</ol>
</div>
<div style="clear:both;margin-bottom:2px;border:red dotted thin;" class="error_message" style="border-bottom:dotted blue thin;">
Error occurred at line 4117 in Function <code>handle_error</code>. Error message was: SQLSTATE[HY000]: General error: 1 near ",": syntax error.
</div>
<p>Backtrace:</p>
<pre>#0 /internal/shared/sqlite-database-integration/wp-includes/sqlite/class-wp-sqlite-db.php(287): WP_SQLite_Translator->get_error_message()
#1 /wordpress/wp-content/plugins/spam-master/includes/admin/upgrade/spam-master-admin-upgrade-to-6.php(75): WP_SQLite_DB->query('delete from t1,...')
#2 /wordpress/wp-content/plugins/spam-master/class-spammaster.php(333): require_once('/wordpress/wp-c...')
#3 /wordpress/wp-includes/class-wp-hook.php(324): spam_master_activate_upgrade('')
#4 /wordpress/wp-includes/class-wp-hook.php(348): WP_Hook->apply_filters(NULL, Array)
#5 /wordpress/wp-includes/plugin.php(517): WP_Hook->do_action(Array)
#6 /wordpress/wp-settings.php(578): do_action('plugins_loaded')
#7 /wordpress/wp-config.php(102): require_once('/wordpress/wp-s...')
#8 /wordpress/wp-load.php(50): require_once('/wordpress/wp-c...')
#9 /internal/eval.php(3): require_once('/wordpress/wp-l...')
#10 {main}</pre>
 for query delete from t1, t2
										using wp_options t1
										join wp_options t2 on t2.option_name = replace(t1.option_name, '_timeout', '')
										where (t1.option_name like '\_transient\_timeout\_spam_master_invalid_email%' or t1.option_name like '\_site\_transient\_timeout\_spam_master_invalid_email%'); made by require_once('wp-load.php'), require_once('wp-config.php'), require_once('wp-settings.php'), do_action('plugins_loaded'), WP_Hook->do_action, WP_Hook->apply_filters, spam_master_activate_upgrade, require_once('/plugins/spam-master/includes/admin/upgrade/spam-master-admin-upgrade-to-6.php'), WP_SQLite_DB->query, WP_SQLite_DB->print_error
[22-May-2025 02:02:59 UTC] WordPress database error <div style="clear:both">&nbsp;</div>
<div class="queries" style="clear:both;margin-bottom:2px;border:red dotted thin;">
<p>MySQL query:</p>
<p>ALTER TABLE wp_spam_master_keys DROP COLUMN IF EXISTS spamip</p>
<p>Queries made or created this session were:</p>
<ol>
<li>Executing: BEGIN | (no parameters)</li>
<li>Executing: ALTER TABLE wp_spam_master_keys DROP COLUMN IF EXISTS spamip | (no parameters)</li>
<li>Executing: ROLLBACK | (no parameters)</li>
</ol>
</div>
<div style="clear:both;margin-bottom:2px;border:red dotted thin;" class="error_message" style="border-bottom:dotted blue thin;">
Error occurred at line 4117 in Function <code>handle_error</code>. Error message was: SQLSTATE[HY000]: General error: 1 near "EXISTS": syntax error.
</div>
<p>Backtrace:</p>
<pre>#0 /internal/shared/sqlite-database-integration/wp-includes/sqlite/class-wp-sqlite-db.php(287): WP_SQLite_Translator->get_error_message()
#1 /wordpress/wp-content/plugins/spam-master/includes/admin/upgrade/spam-master-admin-upgrade-to-6-6-1.php(89): WP_SQLite_DB->query('ALTER TABLE wp_...')
#2 /wordpress/wp-content/plugins/spam-master/class-spammaster.php(340): require_once('/wordpress/wp-c...')
#3 /wordpress/wp-includes/class-wp-hook.php(324): spam_master_activate_upgrade('')
#4 /wordpress/wp-includes/class-wp-hook.php(348): WP_Hook->apply_filters(NULL, Array)
#5 /wordpress/wp-includes/plugin.php(517): WP_Hook->do_action(Array)
#6 /wordpress/wp-settings.php(578): do_action('plugins_loaded')
#7 /wordpress/wp-config.php(102): require_once('/wordpress/wp-s...')
#8 /wordpress/wp-load.php(50): require_once('/wordpress/wp-c...')
#9 /internal/eval.php(3): require_once('/wordpress/wp-l...')
#10 {main}</pre>
 for query ALTER TABLE wp_spam_master_keys DROP COLUMN IF EXISTS spamip made by require_once('wp-load.php'), require_once('wp-config.php'), require_once('wp-settings.php'), do_action('plugins_loaded'), WP_Hook->do_action, WP_Hook->apply_filters, spam_master_activate_upgrade, require_once('/plugins/spam-master/includes/admin/upgrade/spam-master-admin-upgrade-to-6-6-1.php'), WP_SQLite_DB->query, WP_SQLite_DB->print_error
[22-May-2025 02:02:59 UTC] WordPress database error <div style="clear:both">&nbsp;</div>
<div class="queries" style="clear:both;margin-bottom:2px;border:red dotted thin;">
<p>MySQL query:</p>
<p>ALTER TABLE wp_spam_master_keys DROP COLUMN IF EXISTS spamco</p>
<p>Queries made or created this session were:</p>
<ol>
<li>Executing: BEGIN | (no parameters)</li>
<li>Executing: ALTER TABLE wp_spam_master_keys DROP COLUMN IF EXISTS spamco | (no parameters)</li>
<li>Executing: ROLLBACK | (no parameters)</li>
</ol>
</div>
<div style="clear:both;margin-bottom:2px;border:red dotted thin;" class="error_message" style="border-bottom:dotted blue thin;">
Error occurred at line 4117 in Function <code>handle_error</code>. Error message was: SQLSTATE[HY000]: General error: 1 near "EXISTS": syntax error.
</div>
<p>Backtrace:</p>
<pre>#0 /internal/shared/sqlite-database-integration/wp-includes/sqlite/class-wp-sqlite-db.php(287): WP_SQLite_Translator->get_error_message()
#1 /wordpress/wp-content/plugins/spam-master/includes/admin/upgrade/spam-master-admin-upgrade-to-6-6-1.php(91): WP_SQLite_DB->query('ALTER TABLE wp_...')
#2 /wordpress/wp-content/plugins/spam-master/class-spammaster.php(340): require_once('/wordpress/wp-c...')
#3 /wordpress/wp-includes/class-wp-hook.php(324): spam_master_activate_upgrade('')
#4 /wordpress/wp-includes/class-wp-hook.php(348): WP_Hook->apply_filters(NULL, Array)
#5 /wordpress/wp-includes/plugin.php(517): WP_Hook->do_action(Array)
#6 /wordpress/wp-settings.php(578): do_action('plugins_loaded')
#7 /wordpress/wp-config.php(102): require_once('/wordpress/wp-s...')
#8 /wordpress/wp-load.php(50): require_once('/wordpress/wp-c...')
#9 /internal/eval.php(3): require_once('/wordpress/wp-l...')
#10 {main}</pre>
 for query ALTER TABLE wp_spam_master_keys DROP COLUMN IF EXISTS spamco made by require_once('wp-load.php'), require_once('wp-config.php'), require_once('wp-settings.php'), do_action('plugins_loaded'), WP_Hook->do_action, WP_Hook->apply_filters, spam_master_activate_upgrade, require_once('/plugins/spam-master/includes/admin/upgrade/spam-master-admin-upgrade-to-6-6-1.php'), WP_SQLite_DB->query, WP_SQLite_DB->print_error
[22-May-2025 02:02:59 UTC] WordPress database error <div style="clear:both">&nbsp;</div>
<div class="queries" style="clear:both;margin-bottom:2px;border:red dotted thin;">
<p>MySQL query:</p>
<p>ALTER TABLE wp_spam_master_keys DROP COLUMN IF EXISTS spamco</p>
<p>Queries made or created this session were:</p>
<ol>
<li>Executing: BEGIN | (no parameters)</li>
<li>Executing: ALTER TABLE wp_spam_master_keys DROP COLUMN IF EXISTS spamco | (no parameters)</li>
<li>Executing: ROLLBACK | (no parameters)</li>
</ol>
</div>
<div style="clear:both;margin-bottom:2px;border:red dotted thin;" class="error_message" style="border-bottom:dotted blue thin;">
Error occurred at line 4117 in Function <code>handle_error</code>. Error message was: SQLSTATE[HY000]: General error: 1 near "EXISTS": syntax error.
</div>
<p>Backtrace:</p>
<pre>#0 /internal/shared/sqlite-database-integration/wp-includes/sqlite/class-wp-sqlite-db.php(287): WP_SQLite_Translator->get_error_message()
#1 /wordpress/wp-content/plugins/spam-master/includes/admin/upgrade/spam-master-admin-upgrade-to-6-6-1.php(93): WP_SQLite_DB->query('ALTER TABLE wp_...')
#2 /wordpress/wp-content/plugins/spam-master/class-spammaster.php(340): require_once('/wordpress/wp-c...')
#3 /wordpress/wp-includes/class-wp-hook.php(324): spam_master_activate_upgrade('')
#4 /wordpress/wp-includes/class-wp-hook.php(348): WP_Hook->apply_filters(NULL, Array)
#5 /wordpress/wp-includes/plugin.php(517): WP_Hook->do_action(Array)
#6 /wordpress/wp-settings.php(578): do_action('plugins_loaded')
#7 /wordpress/wp-config.php(102): require_once('/wordpress/wp-s...')
#8 /wordpress/wp-load.php(50): require_once('/wordpress/wp-c...')
#9 /internal/eval.php(3): require_once('/wordpress/wp-l...')
#10 {main}</pre>
 for query ALTER TABLE wp_spam_master_keys DROP COLUMN IF EXISTS spamco made by require_once('wp-load.php'), require_once('wp-config.php'), require_once('wp-settings.php'), do_action('plugins_loaded'), WP_Hook->do_action, WP_Hook->apply_filters, spam_master_activate_upgrade, require_once('/plugins/spam-master/includes/admin/upgrade/spam-master-admin-upgrade-to-6-6-1.php'), WP_SQLite_DB->query, WP_SQLite_DB->print_error
[22-May-2025 02:02:59 UTC] WordPress database error <div style="clear:both">&nbsp;</div>
<div class="queries" style="clear:both;margin-bottom:2px;border:red dotted thin;">
<p>MySQL query:</p>
<p>ALTER TABLE wp_spam_master_keys DROP COLUMN IF EXISTS spamcou</p>
<p>Queries made or created this session were:</p>
<ol>
<li>Executing: BEGIN | (no parameters)</li>
<li>Executing: ALTER TABLE wp_spam_master_keys DROP COLUMN IF EXISTS spamcou | (no parameters)</li>
<li>Executing: ROLLBACK | (no parameters)</li>
</ol>
</div>
<div style="clear:both;margin-bottom:2px;border:red dotted thin;" class="error_message" style="border-bottom:dotted blue thin;">
Error occurred at line 4117 in Function <code>handle_error</code>. Error message was: SQLSTATE[HY000]: General error: 1 near "EXISTS": syntax error.
</div>
<p>Backtrace:</p>
<pre>#0 /internal/shared/sqlite-database-integration/wp-includes/sqlite/class-wp-sqlite-db.php(287): WP_SQLite_Translator->get_error_message()
#1 /wordpress/wp-content/plugins/spam-master/includes/admin/upgrade/spam-master-admin-upgrade-to-6-6-1.php(95): WP_SQLite_DB->query('ALTER TABLE wp_...')
#2 /wordpress/wp-content/plugins/spam-master/class-spammaster.php(340): require_once('/wordpress/wp-c...')
#3 /wordpress/wp-includes/class-wp-hook.php(324): spam_master_activate_upgrade('')
#4 /wordpress/wp-includes/class-wp-hook.php(348): WP_Hook->apply_filters(NULL, Array)
#5 /wordpress/wp-includes/plugin.php(517): WP_Hook->do_action(Array)
#6 /wordpress/wp-settings.php(578): do_action('plugins_loaded')
#7 /wordpress/wp-config.php(102): require_once('/wordpress/wp-s...')
#8 /wordpress/wp-load.php(50): require_once('/wordpress/wp-c...')
#9 /internal/eval.php(3): require_once('/wordpress/wp-l...')
#10 {main}</pre>
 for query ALTER TABLE wp_spam_master_keys DROP COLUMN IF EXISTS spamcou made by require_once('wp-load.php'), require_once('wp-config.php'), require_once('wp-settings.php'), do_action('plugins_loaded'), WP_Hook->do_action, WP_Hook->apply_filters, spam_master_activate_upgrade, require_once('/plugins/spam-master/includes/admin/upgrade/spam-master-admin-upgrade-to-6-6-1.php'), WP_SQLite_DB->query, WP_SQLite_DB->print_error
[22-May-2025 02:02:59 UTC] WordPress database error <div style="clear:both">&nbsp;</div>
<div class="queries" style="clear:both;margin-bottom:2px;border:red dotted thin;">
<p>MySQL query:</p>
<p>ALTER TABLE wp_spam_master_keys DROP COLUMN IF EXISTS spamrefe</p>
<p>Queries made or created this session were:</p>
<ol>
<li>Executing: BEGIN | (no parameters)</li>
<li>Executing: ALTER TABLE wp_spam_master_keys DROP COLUMN IF EXISTS spamrefe | (no parameters)</li>
<li>Executing: ROLLBACK | (no parameters)</li>
</ol>
</div>
<div style="clear:both;margin-bottom:2px;border:red dotted thin;" class="error_message" style="border-bottom:dotted blue thin;">
Error occurred at line 4117 in Function <code>handle_error</code>. Error message was: SQLSTATE[HY000]: General error: 1 near "EXISTS": syntax error.
</div>
<p>Backtrace:</p>
<pre>#0 /internal/shared/sqlite-database-integration/wp-includes/sqlite/class-wp-sqlite-db.php(287): WP_SQLite_Translator->get_error_message()
#1 /wordpress/wp-content/plugins/spam-master/includes/admin/upgrade/spam-master-admin-upgrade-to-6-6-1.php(97): WP_SQLite_DB->query('ALTER TABLE wp_...')
#2 /wordpress/wp-content/plugins/spam-master/class-spammaster.php(340): require_once('/wordpress/wp-c...')
#3 /wordpress/wp-includes/class-wp-hook.php(324): spam_master_activate_upgrade('')
#4 /wordpress/wp-includes/class-wp-hook.php(348): WP_Hook->apply_filters(NULL, Array)
#5 /wordpress/wp-includes/plugin.php(517): WP_Hook->do_action(Array)
#6 /wordpress/wp-settings.php(578): do_action('plugins_loaded')
#7 /wordpress/wp-config.php(102): require_once('/wordpress/wp-s...')
#8 /wordpress/wp-load.php(50): require_once('/wordpress/wp-c...')
#9 /internal/eval.php(3): require_once('/wordpress/wp-l...')
#10 {main}</pre>
 for query ALTER TABLE wp_spam_master_keys DROP COLUMN IF EXISTS spamrefe made by require_once('wp-load.php'), require_once('wp-config.php'), require_once('wp-settings.php'), do_action('plugins_loaded'), WP_Hook->do_action, WP_Hook->apply_filters, spam_master_activate_upgrade, require_once('/plugins/spam-master/includes/admin/upgrade/spam-master-admin-upgrade-to-6-6-1.php'), WP_SQLite_DB->query, WP_SQLite_DB->print_error
[22-May-2025 02:02:59 UTC] WordPress database error <div style="clear:both">&nbsp;</div>
<div class="queries" style="clear:both;margin-bottom:2px;border:red dotted thin;">
<p>MySQL query:</p>
<p>ALTER TABLE wp_spam_master_keys DROP COLUMN IF EXISTS spamdest</p>
<p>Queries made or created this session were:</p>
<ol>
<li>Executing: BEGIN | (no parameters)</li>
<li>Executing: ALTER TABLE wp_spam_master_keys DROP COLUMN IF EXISTS spamdest | (no parameters)</li>
<li>Executing: ROLLBACK | (no parameters)</li>
</ol>
</div>
<div style="clear:both;margin-bottom:2px;border:red dotted thin;" class="error_message" style="border-bottom:dotted blue thin;">
Error occurred at line 4117 in Function <code>handle_error</code>. Error message was: SQLSTATE[HY000]: General error: 1 near "EXISTS": syntax error.
</div>
<p>Backtrace:</p>
<pre>#0 /internal/shared/sqlite-database-integration/wp-includes/sqlite/class-wp-sqlite-db.php(287): WP_SQLite_Translator->get_error_message()
#1 /wordpress/wp-content/plugins/spam-master/includes/admin/upgrade/spam-master-admin-upgrade-to-6-6-1.php(99): WP_SQLite_DB->query('ALTER TABLE wp_...')
#2 /wordpress/wp-content/plugins/spam-master/class-spammaster.php(340): require_once('/wordpress/wp-c...')
#3 /wordpress/wp-includes/class-wp-hook.php(324): spam_master_activate_upgrade('')
#4 /wordpress/wp-includes/class-wp-hook.php(348): WP_Hook->apply_filters(NULL, Array)
#5 /wordpress/wp-includes/plugin.php(517): WP_Hook->do_action(Array)
#6 /wordpress/wp-settings.php(578): do_action('plugins_loaded')
#7 /wordpress/wp-config.php(102): require_once('/wordpress/wp-s...')
#8 /wordpress/wp-load.php(50): require_once('/wordpress/wp-c...')
#9 /internal/eval.php(3): require_once('/wordpress/wp-l...')
#10 {main}</pre>
 for query ALTER TABLE wp_spam_master_keys DROP COLUMN IF EXISTS spamdest made by require_once('wp-load.php'), require_once('wp-config.php'), require_once('wp-settings.php'), do_action('plugins_loaded'), WP_Hook->do_action, WP_Hook->apply_filters, spam_master_activate_upgrade, require_once('/plugins/spam-master/includes/admin/upgrade/spam-master-admin-upgrade-to-6-6-1.php'), WP_SQLite_DB->query, WP_SQLite_DB->print_error
[22-May-2025 02:02:59 UTC] WordPress database error <div style="clear:both">&nbsp;</div>
<div class="queries" style="clear:both;margin-bottom:2px;border:red dotted thin;">
<p>MySQL query:</p>
<p>ALTER TABLE wp_spam_master_keys DROP COLUMN IF EXISTS spamagen</p>
<p>Queries made or created this session were:</p>
<ol>
<li>Executing: BEGIN | (no parameters)</li>
<li>Executing: ALTER TABLE wp_spam_master_keys DROP COLUMN IF EXISTS spamagen | (no parameters)</li>
<li>Executing: ROLLBACK | (no parameters)</li>
</ol>
</div>
<div style="clear:both;margin-bottom:2px;border:red dotted thin;" class="error_message" style="border-bottom:dotted blue thin;">
Error occurred at line 4117 in Function <code>handle_error</code>. Error message was: SQLSTATE[HY000]: General error: 1 near "EXISTS": syntax error.
</div>
<p>Backtrace:</p>
<pre>#0 /internal/shared/sqlite-database-integration/wp-includes/sqlite/class-wp-sqlite-db.php(287): WP_SQLite_Translator->get_error_message()
#1 /wordpress/wp-content/plugins/spam-master/includes/admin/upgrade/spam-master-admin-upgrade-to-6-6-1.php(101): WP_SQLite_DB->query('ALTER TABLE wp_...')
#2 /wordpress/wp-content/plugins/spam-master/class-spammaster.php(340): require_once('/wordpress/wp-c...')
#3 /wordpress/wp-includes/class-wp-hook.php(324): spam_master_activate_upgrade('')
#4 /wordpress/wp-includes/class-wp-hook.php(348): WP_Hook->apply_filters(NULL, Array)
#5 /wordpress/wp-includes/plugin.php(517): WP_Hook->do_action(Array)
#6 /wordpress/wp-settings.php(578): do_action('plugins_loaded')
#7 /wordpress/wp-config.php(102): require_once('/wordpress/wp-s...')
#8 /wordpress/wp-load.php(50): require_once('/wordpress/wp-c...')
#9 /internal/eval.php(3): require_once('/wordpress/wp-l...')
#10 {main}</pre>
 for query ALTER TABLE wp_spam_master_keys DROP COLUMN IF EXISTS spamagen made by require_once('wp-load.php'), require_once('wp-config.php'), require_once('wp-settings.php'), do_action('plugins_loaded'), WP_Hook->do_action, WP_Hook->apply_filters, spam_master_activate_upgrade, require_once('/plugins/spam-master/includes/admin/upgrade/spam-master-admin-upgrade-to-6-6-1.php'), WP_SQLite_DB->query, WP_SQLite_DB->print_error
[22-May-2025 02:02:59 UTC] WordPress database error <div style="clear:both">&nbsp;</div>
<div class="queries" style="clear:both;margin-bottom:2px;border:red dotted thin;">
<p>MySQL query:</p>
<p>ALTER TABLE wp_spam_master_keys DROP COLUMN IF EXISTS spamuser</p>
<p>Queries made or created this session were:</p>
<ol>
<li>Executing: BEGIN | (no parameters)</li>
<li>Executing: ALTER TABLE wp_spam_master_keys DROP COLUMN IF EXISTS spamuser | (no parameters)</li>
<li>Executing: ROLLBACK | (no parameters)</li>
</ol>
</div>
<div style="clear:both;margin-bottom:2px;border:red dotted thin;" class="error_message" style="border-bottom:dotted blue thin;">
Error occurred at line 4117 in Function <code>handle_error</code>. Error message was: SQLSTATE[HY000]: General error: 1 near "EXISTS": syntax error.
</div>
<p>Backtrace:</p>
<pre>#0 /internal/shared/sqlite-database-integration/wp-includes/sqlite/class-wp-sqlite-db.php(287): WP_SQLite_Translator->get_error_message()
#1 /wordpress/wp-content/plugins/spam-master/includes/admin/upgrade/spam-master-admin-upgrade-to-6-6-1.php(103): WP_SQLite_DB->query('ALTER TABLE wp_...')
#2 /wordpress/wp-content/plugins/spam-master/class-spammaster.php(340): require_once('/wordpress/wp-c...')
#3 /wordpress/wp-includes/class-wp-hook.php(324): spam_master_activate_upgrade('')
#4 /wordpress/wp-includes/class-wp-hook.php(348): WP_Hook->apply_filters(NULL, Array)
#5 /wordpress/wp-includes/plugin.php(517): WP_Hook->do_action(Array)
#6 /wordpress/wp-settings.php(578): do_action('plugins_loaded')
#7 /wordpress/wp-config.php(102): require_once('/wordpress/wp-s...')
#8 /wordpress/wp-load.php(50): require_once('/wordpress/wp-c...')
#9 /internal/eval.php(3): require_once('/wordpress/wp-l...')
#10 {main}</pre>
 for query ALTER TABLE wp_spam_master_keys DROP COLUMN IF EXISTS spamuser made by require_once('wp-load.php'), require_once('wp-config.php'), require_once('wp-settings.php'), do_action('plugins_loaded'), WP_Hook->do_action, WP_Hook->apply_filters, spam_master_activate_upgrade, require_once('/plugins/spam-master/includes/admin/upgrade/spam-master-admin-upgrade-to-6-6-1.php'), WP_SQLite_DB->query, WP_SQLite_DB->print_error
[22-May-2025 02:02:59 UTC] WordPress database error <div style="clear:both">&nbsp;</div>
<div class="queries" style="clear:both;margin-bottom:2px;border:red dotted thin;">
<p>MySQL query:</p>
<p>ALTER TABLE wp_spam_master_keys MODIFY spamvalue LONGTEXT NOT NULL AFTER spamy</p>
<p>Queries made or created this session were:</p>
<ol>
<li>Executing: BEGIN | (no parameters)</li>
<li>Executing: ROLLBACK | (no parameters)</li>
</ol>
</div>
<div style="clear:both;margin-bottom:2px;border:red dotted thin;" class="error_message" style="border-bottom:dotted blue thin;">
Error occurred at line 4117 in Function <code>handle_error</code>. Error message was: Unknown operation: MODIFY.
</div>
<p>Backtrace:</p>
<pre>#0 /internal/shared/sqlite-database-integration/wp-includes/sqlite/class-wp-sqlite-db.php(287): WP_SQLite_Translator->get_error_message()
#1 /wordpress/wp-content/plugins/spam-master/includes/admin/upgrade/spam-master-admin-upgrade-to-6-6-1.php(105): WP_SQLite_DB->query('ALTER TABLE wp_...')
#2 /wordpress/wp-content/plugins/spam-master/class-spammaster.php(340): require_once('/wordpress/wp-c...')
#3 /wordpress/wp-includes/class-wp-hook.php(324): spam_master_activate_upgrade('')
#4 /wordpress/wp-includes/class-wp-hook.php(348): WP_Hook->apply_filters(NULL, Array)
#5 /wordpress/wp-includes/plugin.php(517): WP_Hook->do_action(Array)
#6 /wordpress/wp-settings.php(578): do_action('plugins_loaded')
#7 /wordpress/wp-config.php(102): require_once('/wordpress/wp-s...')
#8 /wordpress/wp-load.php(50): require_once('/wordpress/wp-c...')
#9 /internal/eval.php(3): require_once('/wordpress/wp-l...')
#10 {main}</pre>
 for query ALTER TABLE wp_spam_master_keys MODIFY spamvalue LONGTEXT NOT NULL AFTER spamy made by require_once('wp-load.php'), require_once('wp-config.php'), require_once('wp-settings.php'), do_action('plugins_loaded'), WP_Hook->do_action, WP_Hook->apply_filters, spam_master_activate_upgrade, require_once('/plugins/spam-master/includes/admin/upgrade/spam-master-admin-upgrade-to-6-6-1.php'), WP_SQLite_DB->query, WP_SQLite_DB->print_error
[22-May-2025 02:03:00 UTC] PHP Warning:  dns_get_record(): dns_get_record() always returns an empty array in PHP.wasm. in /wordpress/wp-content/plugins/spam-master/includes/admin/upgrade/spam-master-admin-upgrade-to-6-7-0.php on line 599
[22-May-2025 02:03:01 UTC] PHP Warning:  dns_get_record(): dns_get_record() always returns an empty array in PHP.wasm. in /wordpress/wp-content/plugins/spam-master/includes/admin/spam-master-admin-connection-sender.php on line 125
[22-May-2025 02:03:01 UTC] PHP Warning:  Undefined array key 0 in /wordpress/wp-content/plugins/spam-master/includes/admin/spam-master-admin-connection-sender.php on line 126
[22-May-2025 02:03:01 UTC] PHP Warning:  Trying to access array offset on value of type null in /wordpress/wp-content/plugins/spam-master/includes/admin/spam-master-admin-connection-sender.php on line 126
[22-May-2025 02:03:01 UTC] PHP Warning:  dns_get_record(): dns_get_record() always returns an empty array in PHP.wasm. in /wordpress/wp-content/plugins/spam-master/includes/admin/spam-master-admin-connection-sender.php on line 135
[22-May-2025 02:03:01 UTC] PHP Warning:  Undefined array key 0 in /wordpress/wp-content/plugins/spam-master/includes/admin/spam-master-admin-connection-sender.php on line 136
[22-May-2025 02:03:01 UTC] PHP Warning:  Trying to access array offset on value of type null in /wordpress/wp-content/plugins/spam-master/includes/admin/spam-master-admin-connection-sender.php on line 136
[22-May-2025 02:03:02 UTC] PHP Notice:  Function wpdb::prepare was called <strong>incorrectly</strong>. Unsupported value type (array). Please see <a href="https://developer.wordpress.org/advanced-administration/debug/debug-wordpress/">Debugging in WordPress</a> for more information. (This message was added in version 4.8.2.) in /wordpress/wp-includes/functions.php on line 6121
[22-May-2025 02:03:12 UTC] PHP Notice:  Function _load_textdomain_just_in_time was called <strong>incorrectly</strong>. Translation loading for the <code>spam-master</code> domain was triggered too early. This is usually an indicator for some code in the plugin or theme running too early. Translations should be loaded at the <code>init</code> action or later. Please see <a href="https://developer.wordpress.org/advanced-administration/debug/debug-wordpress/">Debugging in WordPress</a> for more information. (This message was added in version 6.7.0.) in /wordpress/wp-includes/functions.php on line 6121
[22-May-2025 02:03:12 UTC] PHP Warning:  dns_get_record(): dns_get_record() always returns an empty array in PHP.wasm. in /wordpress/wp-content/plugins/spam-master/includes/controllers/class-spammasterkeycontroller.php on line 272
[22-May-2025 02:03:12 UTC] WordPress database error <div style="clear:both">&nbsp;</div>
<div class="queries" style="clear:both;margin-bottom:2px;border:red dotted thin;">
<p>MySQL query:</p>
<p>delete from t1, t2
										using wp_options t1
										join wp_options t2 on t2.option_name = replace(t1.option_name, '_timeout', '')
										where (t1.option_name like '\_transient\_timeout\_spam_master_firewall_ip%' or t1.option_name like '\_site\_transient\_timeout\_spam_master_firewall_ip%');</p>
<p>Queries made or created this session were:</p>
<ol>
<li>Executing: BEGIN | (no parameters)</li>
<li>Executing: delete from t1, t2
										using wp_options t1
										join wp_options t2 on t2.option_name = replace(t1.option_name, :param0 , :param1 )
										where (t1.option_name like :param2  ESCAPE ''  or t1.option_name like :param3  ESCAPE '' ); | parameters: _timeout, , _transient_timeout_spam_master_firewall_ip%, _site_transient_timeout_spam_master_firewall_ip%</li>
<li>Executing: ROLLBACK | (no parameters)</li>
</ol>
</div>
<div style="clear:both;margin-bottom:2px;border:red dotted thin;" class="error_message" style="border-bottom:dotted blue thin;">
Error occurred at line 4117 in Function <code>handle_error</code>. Error message was: SQLSTATE[HY000]: General error: 1 near ",": syntax error.
</div>
<p>Backtrace:</p>
<pre>#0 /internal/shared/sqlite-database-integration/wp-includes/sqlite/class-wp-sqlite-db.php(287): WP_SQLite_Translator->get_error_message()
#1 /wordpress/wp-content/plugins/spam-master/includes/admin/upgrade/spam-master-admin-upgrade-to-6.php(60): WP_SQLite_DB->query('delete from t1,...')
#2 /wordpress/wp-content/plugins/spam-master/class-spammaster.php(333): require_once('/wordpress/wp-c...')
#3 /wordpress/wp-includes/class-wp-hook.php(324): spam_master_activate_upgrade('')
#4 /wordpress/wp-includes/class-wp-hook.php(348): WP_Hook->apply_filters(NULL, Array)
#5 /wordpress/wp-includes/plugin.php(517): WP_Hook->do_action(Array)
#6 /wordpress/wp-settings.php(578): do_action('plugins_loaded')
#7 /wordpress/wp-config.php(102): require_once('/wordpress/wp-s...')
#8 /wordpress/wp-load.php(50): require_once('/wordpress/wp-c...')
#9 /internal/eval.php(3): require_once('/wordpress/wp-l...')
#10 {main}</pre>
 for query delete from t1, t2
										using wp_options t1
										join wp_options t2 on t2.option_name = replace(t1.option_name, '_timeout', '')
										where (t1.option_name like '\_transient\_timeout\_spam_master_firewall_ip%' or t1.option_name like '\_site\_transient\_timeout\_spam_master_firewall_ip%'); made by require_once('wp-load.php'), require_once('wp-config.php'), require_once('wp-settings.php'), do_action('plugins_loaded'), WP_Hook->do_action, WP_Hook->apply_filters, spam_master_activate_upgrade, require_once('/plugins/spam-master/includes/admin/upgrade/spam-master-admin-upgrade-to-6.php'), WP_SQLite_DB->query, WP_SQLite_DB->print_error
[22-May-2025 02:03:13 UTC] WordPress database error <div style="clear:both">&nbsp;</div>
<div class="queries" style="clear:both;margin-bottom:2px;border:red dotted thin;">
<p>MySQL query:</p>
<p>delete from t1, t2
										using wp_options t1
										join wp_options t2 on t2.option_name = replace(t1.option_name, '_timeout', '')
										where (t1.option_name like '\_transient\_timeout\_spam_master_invalid_email%' or t1.option_name like '\_site\_transient\_timeout\_spam_master_invalid_email%');</p>
<p>Queries made or created this session were:</p>
<ol>
<li>Executing: BEGIN | (no parameters)</li>
<li>Executing: delete from t1, t2
										using wp_options t1
										join wp_options t2 on t2.option_name = replace(t1.option_name, :param0 , :param1 )
										where (t1.option_name like :param2  ESCAPE ''  or t1.option_name like :param3  ESCAPE '' ); | parameters: _timeout, , _transient_timeout_spam_master_invalid_email%, _site_transient_timeout_spam_master_invalid_email%</li>
<li>Executing: ROLLBACK | (no parameters)</li>
</ol>
</div>
<div style="clear:both;margin-bottom:2px;border:red dotted thin;" class="error_message" style="border-bottom:dotted blue thin;">
Error occurred at line 4117 in Function <code>handle_error</code>. Error message was: SQLSTATE[HY000]: General error: 1 near ",": syntax error.
</div>
<p>Backtrace:</p>
<pre>#0 /internal/shared/sqlite-database-integration/wp-includes/sqlite/class-wp-sqlite-db.php(287): WP_SQLite_Translator->get_error_message()
#1 /wordpress/wp-content/plugins/spam-master/includes/admin/upgrade/spam-master-admin-upgrade-to-6.php(75): WP_SQLite_DB->query('delete from t1,...')
#2 /wordpress/wp-content/plugins/spam-master/class-spammaster.php(333): require_once('/wordpress/wp-c...')
#3 /wordpress/wp-includes/class-wp-hook.php(324): sp
Node.js v23.11.0
