[
{"message":"file:///home/runner/work/playground-tester/playground-tester/node_modules/@wp-playground/cli/index.js:237\n        throw new Error(y, { cause: u });\n              ^\n","level":"FATAL","type":"PLAYGROUND","test":"asyncify-boot","plugin":"better-page-speed","details":"file:///home/runner/work/playground-tester/playground-tester/node_modules/@wp-playground/cli/index.js:237\n        throw new Error(y, { cause: u });\n              ^\n","log":"/tmp/tmp.phqjhu0B2H"}
,
{"message":"Undefined array key \"smbsugar_action\" in /wordpress/wp-content/plugins/bizsugar-voting-button/wp-bizsugar-vote.php on line 22","level":"WARNING","type":"PHP","test":"asyncify-boot","plugin":"better-page-speed","details":"[07-May-2025 14:29:42 UTC] PHP Warning:  Undefined array key \"smbsugar_action\" in /wordpress/wp-content/plugins/bizsugar-voting-button/wp-bizsugar-vote.php on line 22","log":"/logs/plugins/b/better-page-speed/error.json"}
,
{"message":"Undefined array key \"smbsugar_action\" in /wordpress/wp-content/plugins/bizsugar-voting-button/wp-bizsugar-vote.php on line 22","level":"WARNING","type":"PHP","test":"asyncify-boot","plugin":"better-page-speed","details":"[07-May-2025 14:29:50 UTC] PHP Warning:  Undefined array key \"smbsugar_action\" in /wordpress/wp-content/plugins/bizsugar-voting-button/wp-bizsugar-vote.php on line 22","log":"/logs/plugins/b/better-page-speed/error.json"}
,
{"message":"Undefined array key \"smbsugar_action\" in /wordpress/wp-content/plugins/bizsugar-voting-button/wp-bizsugar-vote.php on line 22","level":"WARNING","type":"PHP","test":"asyncify-boot","plugin":"better-page-speed","details":"[07-May-2025 14:29:59 UTC] PHP Warning:  Undefined array key \"smbsugar_action\" in /wordpress/wp-content/plugins/bizsugar-voting-button/wp-bizsugar-vote.php on line 22","log":"/logs/plugins/b/better-page-speed/error.json"}
,
{"message":"Uncaught Exception: DateTimeZone::__construct(): Unknown or bad timezone () in /wordpress/wp-content/plugins/bktsk-live-scheduler/lib/class-bktskytschedulershortcode.php:24","level":"FATAL","type":"PHP","test":"asyncify-boot","plugin":"better-page-speed","details":"[07-May-2025 14:30:07 UTC] PHP Fatal error:  Uncaught Exception: DateTimeZone::__construct(): Unknown or bad timezone () in /wordpress/wp-content/plugins/bktsk-live-scheduler/lib/class-bktskytschedulershortcode.php:24\nStack trace:\n#0 /wordpress/wp-content/plugins/bktsk-live-scheduler/lib/class-bktskytschedulershortcode.php(24): DateTimeZone->__construct('')\n#1 /wordpress/wp-content/plugins/bktsk-live-scheduler/lib/class-bktskytschedulershortcode.php(394): BktskYtSchedulerShortcode->__construct()\n#2 /wordpress/wp-content/plugins/bktsk-live-scheduler/bktsk-yt-live-scheduler.php(43): require_once('/wordpress/wp-c...')\n#3 /wordpress/wp-admin/includes/plugin.php(2387): include_once('/wordpress/wp-c...')\n#4 /wordpress/wp-admin/includes/plugin.php(673): plugin_sandbox_scrape('bktsk-live-sche...')\n#5 /internal/eval.php(20): activate_plugin('bktsk-live-sche...')\n#6 {main}\n  thrown in /wordpress/wp-content/plugins/bktsk-live-scheduler/lib/class-bktskytschedulershortcode.php on line 24","log":"/logs/plugins/b/better-page-speed/error.json"}
,
{"message":"Uncaught Exception: DateTimeZone::__construct(): Unknown or bad timezone () in /wordpress/wp-content/plugins/bktsk-live-scheduler/lib/class-bktskytschedulershortcode.php:24","level":"FATAL","type":"PHP","test":"asyncify-boot","plugin":"better-page-speed","details":"[07-May-2025 14:30:14 UTC] PHP Fatal error:  Uncaught Exception: DateTimeZone::__construct(): Unknown or bad timezone () in /wordpress/wp-content/plugins/bktsk-live-scheduler/lib/class-bktskytschedulershortcode.php:24\nStack trace:\n#0 /wordpress/wp-content/plugins/bktsk-live-scheduler/lib/class-bktskytschedulershortcode.php(24): DateTimeZone->__construct('')\n#1 /wordpress/wp-content/plugins/bktsk-live-scheduler/lib/class-bktskytschedulershortcode.php(394): BktskYtSchedulerShortcode->__construct()\n#2 /wordpress/wp-content/plugins/bktsk-live-scheduler/bktsk-yt-live-scheduler.php(43): require_once('/wordpress/wp-c...')\n#3 /wordpress/wp-admin/includes/plugin.php(2387): include_once('/wordpress/wp-c...')\n#4 /wordpress/wp-admin/includes/plugin.php(673): plugin_sandbox_scrape('bktsk-live-sche...')\n#5 /internal/eval.php(20): activate_plugin('bktsk-live-sche...')\n#6 {main}\n  thrown in /wordpress/wp-content/plugins/bktsk-live-scheduler/lib/class-bktskytschedulershortcode.php on line 24","log":"/logs/plugins/b/better-page-speed/error.json"}
,
{"message":"Uncaught Exception: DateTimeZone::__construct(): Unknown or bad timezone () in /wordpress/wp-content/plugins/bktsk-live-scheduler/lib/class-bktskytschedulershortcode.php:24","level":"FATAL","type":"PHP","test":"asyncify-boot","plugin":"better-page-speed","details":"[07-May-2025 14:30:22 UTC] PHP Fatal error:  Uncaught Exception: DateTimeZone::__construct(): Unknown or bad timezone () in /wordpress/wp-content/plugins/bktsk-live-scheduler/lib/class-bktskytschedulershortcode.php:24\nStack trace:\n#0 /wordpress/wp-content/plugins/bktsk-live-scheduler/lib/class-bktskytschedulershortcode.php(24): DateTimeZone->__construct('')\n#1 /wordpress/wp-content/plugins/bktsk-live-scheduler/lib/class-bktskytschedulershortcode.php(394): BktskYtSchedulerShortcode->__construct()\n#2 /wordpress/wp-content/plugins/bktsk-live-scheduler/bktsk-yt-live-scheduler.php(43): require_once('/wordpress/wp-c...')\n#3 /wordpress/wp-admin/includes/plugin.php(2387): include_once('/wordpress/wp-c...')\n#4 /wordpress/wp-admin/includes/plugin.php(673): plugin_sandbox_scrape('bktsk-live-sche...')\n#5 /internal/eval.php(20): activate_plugin('bktsk-live-sche...')\n#6 {main}\n  thrown in /wordpress/wp-content/plugins/bktsk-live-scheduler/lib/class-bktskytschedulershortcode.php on line 24","log":"/logs/plugins/b/better-page-speed/error.json"}
,
{"message":"syntax error, unexpected token \"new\" in /wordpress/wp-content/plugins/backup-content-as-txt/BackupContentAsTxt.php on line 157","level":"PARSE","type":"PHP","test":"asyncify-boot","plugin":"better-page-speed","details":"[07-May-2025 14:30:57 UTC] PHP Parse error:  syntax error, unexpected token \"new\" in /wordpress/wp-content/plugins/backup-content-as-txt/BackupContentAsTxt.php on line 157","log":"/logs/plugins/b/better-page-speed/error.json"}
,
{"message":"syntax error, unexpected token \"new\" in /wordpress/wp-content/plugins/backup-content-as-txt/BackupContentAsTxt.php on line 157","level":"PARSE","type":"PHP","test":"asyncify-boot","plugin":"better-page-speed","details":"[07-May-2025 14:31:04 UTC] PHP Parse error:  syntax error, unexpected token \"new\" in /wordpress/wp-content/plugins/backup-content-as-txt/BackupContentAsTxt.php on line 157","log":"/logs/plugins/b/better-page-speed/error.json"}
,
{"message":"syntax error, unexpected token \"new\" in /wordpress/wp-content/plugins/backup-content-as-txt/BackupContentAsTxt.php on line 157","level":"PARSE","type":"PHP","test":"asyncify-boot","plugin":"better-page-speed","details":"[07-May-2025 14:31:12 UTC] PHP Parse error:  syntax error, unexpected token \"new\" in /wordpress/wp-content/plugins/backup-content-as-txt/BackupContentAsTxt.php on line 157","log":"/logs/plugins/b/better-page-speed/error.json"}
,
{"message":"Uncaught ArgumentCountError: Too few arguments to function WP_Widget::__construct(), 0 passed in /wordpress/wp-includes/class-wp-widget-factory.php on line 62 and at least 2 expected in /wordpress/wp-includes/class-wp-widget.php:163","level":"FATAL","type":"PHP","test":"asyncify-boot","plugin":"better-page-speed","details":"[07-May-2025 14:33:12 UTC] PHP Fatal error:  Uncaught ArgumentCountError: Too few arguments to function WP_Widget::__construct(), 0 passed in /wordpress/wp-includes/class-wp-widget-factory.php on line 62 and at least 2 expected in /wordpress/wp-includes/class-wp-widget.php:163\nStack trace:\n#0 /wordpress/wp-includes/class-wp-widget-factory.php(62): WP_Widget->__construct()\n#1 /wordpress/wp-includes/widgets.php(123): WP_Widget_Factory->register('blizzBlue_Widge...')\n#2 /wordpress/wp-content/plugins/blizzblue-widget/blizzblue.php(19): register_widget('blizzBlue_Widge...')\n#3 /wordpress/wp-includes/class-wp-hook.php(324): blizzBlue_widgets('')\n#4 /wordpress/wp-includes/class-wp-hook.php(348): WP_Hook->apply_filters(NULL, Array)\n#5 /wordpress/wp-includes/plugin.php(517): WP_Hook->do_action(Array)\n#6 /wordpress/wp-includes/widgets.php(1870): do_action('widgets_init')\n#7 /wordpress/wp-includes/class-wp-hook.php(324): wp_widgets_init('')\n#8 /wordpress/wp-includes/class-wp-hook.php(348): WP_Hook->apply_filters(NULL, Array)\n#9 /wordpress/wp-includes/plugin.php(517): WP_Hook->do_action(Array)\n#10 /wordpress/wp-settings.php(727): do_action('init')\n#11 /wordpress/wp-config.php(102): require_once('/wordpress/wp-s...')\n#12 /wordpress/wp-load.php(50): require_once('/wordpress/wp-c...')\n#13 /internal/eval.php(3): require_once('/wordpress/wp-l...')\n#14 {main}\n  thrown in /wordpress/wp-includes/class-wp-widget.php on line 163","log":"/logs/plugins/b/better-page-speed/error.json"}
,
{"message":"Uncaught ArgumentCountError: Too few arguments to function WP_Widget::__construct(), 0 passed in /wordpress/wp-includes/class-wp-widget-factory.php on line 62 and at least 2 expected in /wordpress/wp-includes/class-wp-widget.php:163","level":"FATAL","type":"PHP","test":"asyncify-boot","plugin":"better-page-speed","details":"[07-May-2025 14:33:20 UTC] PHP Fatal error:  Uncaught ArgumentCountError: Too few arguments to function WP_Widget::__construct(), 0 passed in /wordpress/wp-includes/class-wp-widget-factory.php on line 62 and at least 2 expected in /wordpress/wp-includes/class-wp-widget.php:163\nStack trace:\n#0 /wordpress/wp-includes/class-wp-widget-factory.php(62): WP_Widget->__construct()\n#1 /wordpress/wp-includes/widgets.php(123): WP_Widget_Factory->register('blizzBlue_Widge...')\n#2 /wordpress/wp-content/plugins/blizzblue-widget/blizzblue.php(19): register_widget('blizzBlue_Widge...')\n#3 /wordpress/wp-includes/class-wp-hook.php(324): blizzBlue_widgets('')\n#4 /wordpress/wp-includes/class-wp-hook.php(348): WP_Hook->apply_filters(NULL, Array)\n#5 /wordpress/wp-includes/plugin.php(517): WP_Hook->do_action(Array)\n#6 /wordpress/wp-includes/widgets.php(1870): do_action('widgets_init')\n#7 /wordpress/wp-includes/class-wp-hook.php(324): wp_widgets_init('')\n#8 /wordpress/wp-includes/class-wp-hook.php(348): WP_Hook->apply_filters(NULL, Array)\n#9 /wordpress/wp-includes/plugin.php(517): WP_Hook->do_action(Array)\n#10 /wordpress/wp-settings.php(727): do_action('init')\n#11 /wordpress/wp-config.php(102): require_once('/wordpress/wp-s...')\n#12 /wordpress/wp-load.php(50): require_once('/wordpress/wp-c...')\n#13 /internal/eval.php(3): require_once('/wordpress/wp-l...')\n#14 {main}\n  thrown in /wordpress/wp-includes/class-wp-widget.php on line 163","log":"/logs/plugins/b/better-page-speed/error.json"}
,
{"message":"Uncaught ArgumentCountError: Too few arguments to function WP_Widget::__construct(), 0 passed in /wordpress/wp-includes/class-wp-widget-factory.php on line 62 and at least 2 expected in /wordpress/wp-includes/class-wp-widget.php:163","level":"FATAL","type":"PHP","test":"asyncify-boot","plugin":"better-page-speed","details":"[07-May-2025 14:33:29 UTC] PHP Fatal error:  Uncaught ArgumentCountError: Too few arguments to function WP_Widget::__construct(), 0 passed in /wordpress/wp-includes/class-wp-widget-factory.php on line 62 and at least 2 expected in /wordpress/wp-includes/class-wp-widget.php:163\nStack trace:\n#0 /wordpress/wp-includes/class-wp-widget-factory.php(62): WP_Widget->__construct()\n#1 /wordpress/wp-includes/widgets.php(123): WP_Widget_Factory->register('blizzBlue_Widge...')\n#2 /wordpress/wp-content/plugins/blizzblue-widget/blizzblue.php(19): register_widget('blizzBlue_Widge...')\n#3 /wordpress/wp-includes/class-wp-hook.php(324): blizzBlue_widgets('')\n#4 /wordpress/wp-includes/class-wp-hook.php(348): WP_Hook->apply_filters(NULL, Array)\n#5 /wordpress/wp-includes/plugin.php(517): WP_Hook->do_action(Array)\n#6 /wordpress/wp-includes/widgets.php(1870): do_action('widgets_init')\n#7 /wordpress/wp-includes/class-wp-hook.php(324): wp_widgets_init('')\n#8 /wordpress/wp-includes/class-wp-hook.php(348): WP_Hook->apply_filters(NULL, Array)\n#9 /wordpress/wp-includes/plugin.php(517): WP_Hook->do_action(Array)\n#10 /wordpress/wp-settings.php(727): do_action('init')\n#11 /wordpress/wp-config.php(102): require_once('/wordpress/wp-s...')\n#12 /wordpress/wp-load.php(50): require_once('/wordpress/wp-c...')\n#13 /internal/eval.php(3): require_once('/wordpress/wp-l...')\n#14 {main}\n  thrown in /wordpress/wp-includes/class-wp-widget.php on line 163","log":"/logs/plugins/b/better-page-speed/error.json"}
,
{"message":"Uncaught TypeError: call_user_func_array(): Argument #1 ($callback) must be a valid callback, non-static method Rec_Widget::Register() cannot be called statically in /wordpress/wp-includes/class-wp-hook.php:324","level":"FATAL","type":"PHP","test":"asyncify-boot","plugin":"better-page-speed","details":"[07-May-2025 14:34:34 UTC] PHP Fatal error:  Uncaught TypeError: call_user_func_array(): Argument #1 ($callback) must be a valid callback, non-static method Rec_Widget::Register() cannot be called statically in /wordpress/wp-includes/class-wp-hook.php:324\nStack trace:\n#0 /wordpress/wp-includes/class-wp-hook.php(348): WP_Hook->apply_filters(NULL, Array)\n#1 /wordpress/wp-includes/plugin.php(517): WP_Hook->do_action(Array)\n#2 /wordpress/wp-settings.php(578): do_action('plugins_loaded')\n#3 /wordpress/wp-config.php(102): require_once('/wordpress/wp-s...')\n#4 /wordpress/wp-load.php(50): require_once('/wordpress/wp-c...')\n#5 /internal/eval.php(3): require_once('/wordpress/wp-l...')\n#6 {main}\n  thrown in /wordpress/wp-includes/class-wp-hook.php on line 324","log":"/logs/plugins/b/better-page-speed/error.json"}
,
{"message":"Uncaught TypeError: call_user_func_array(): Argument #1 ($callback) must be a valid callback, non-static method Rec_Widget::Register() cannot be called statically in /wordpress/wp-includes/class-wp-hook.php:324","level":"FATAL","type":"PHP","test":"asyncify-boot","plugin":"better-page-speed","details":"[07-May-2025 14:34:44 UTC] PHP Fatal error:  Uncaught TypeError: call_user_func_array(): Argument #1 ($callback) must be a valid callback, non-static method Rec_Widget::Register() cannot be called statically in /wordpress/wp-includes/class-wp-hook.php:324\nStack trace:\n#0 /wordpress/wp-includes/class-wp-hook.php(348): WP_Hook->apply_filters(NULL, Array)\n#1 /wordpress/wp-includes/plugin.php(517): WP_Hook->do_action(Array)\n#2 /wordpress/wp-settings.php(578): do_action('plugins_loaded')\n#3 /wordpress/wp-config.php(102): require_once('/wordpress/wp-s...')\n#4 /wordpress/wp-load.php(50): require_once('/wordpress/wp-c...')\n#5 /internal/eval.php(3): require_once('/wordpress/wp-l...')\n#6 {main}\n  thrown in /wordpress/wp-includes/class-wp-hook.php on line 324\n\n    at Object.onBind (file:///home/runner/work/playground-tester/playground-tester/node_modules/@wp-playground/cli/index.js:237:15)\n    at process.processTicksAndRejections (node:internal/process/task_queues:105:5)\n    at async V (file:///home/runner/work/playground-tester/playground-tester/node_modules/@wp-playground/cli/index.js:64:10)\n    at async ja (file:///home/runner/work/playground-tester/playground-tester/node_modules/@wp-playground/cli/cli.js:8161:12) {\n  [cause]: Error: Error when executing the blueprint step #1 ({\"step\":\"installPlugin\",\"pluginData\":{\"resource\":\"wordpress.org/plugins\",\"slug\":\"better-page-speed\"},\"options\":{\"activate\":true}}) : PHP.run() failed with exit code 255 and the following output: \n      at Object.run (file:///home/runner/work/playground-tester/playground-tester/node_modules/@wp-playground/blueprints/index.js:12449:19)\n      at process.processTicksAndRejections (node:internal/process/task_queues:105:5)\n      at async ms (file:///home/runner/work/playground-tester/playground-tester/node_modules/@wp-playground/blueprints/index.js:12552:3)\n      ... 2 lines matching cause stack trace ...\n      at async ja (file:///home/runner/work/playground-tester/playground-tester/node_modules/@wp-playground/cli/cli.js:8161:12) {\n    [cause]: PHPExecutionFailureError: PHP.run() failed with exit code 255 and the following output: \n        at PHP.run (file:///home/runner/work/playground-tester/playground-tester/node_modules/@php-wasm/universal/index.js:987:19)\n        at process.processTicksAndRejections (node:internal/process/task_queues:105:5)\n        at async wr (file:///home/runner/work/playground-tester/playground-tester/node_modules/@wp-playground/blueprints/index.js:73:13)\n        at async Object.gt [as installPlugin] (file:///home/runner/work/playground-tester/playground-tester/node_modules/@wp-playground/blueprints/index.js:974:42)\n        at async g (file:///home/runner/work/playground-tester/playground-tester/node_modules/@wp-playground/blueprints/index.js:12517:30)\n        at async Object.run (file:///home/runner/work/playground-tester/playground-tester/node_modules/@wp-playground/blueprints/index.js:12446:23)\n        at async ms (file:///home/runner/work/playground-tester/playground-tester/node_modules/@wp-playground/blueprints/index.js:12552:3)\n        at async Object.onBind (file:///home/runner/work/playground-tester/playground-tester/node_modules/@wp-playground/cli/index.js:227:48)\n        at async V (file:///home/runner/work/playground-tester/playground-tester/node_modules/@wp-playground/cli/index.js:64:10)\n        at async ja (file:///home/runner/work/playground-tester/playground-tester/node_modules/@wp-playground/cli/cli.js:8161:12) {\n      response: PHPResponse {\n        httpStatusCode: 500,\n        headers: {\n          'x-powered-by': [ 'PHP/8.0.30-dev' ],\n          'content-type': [ 'text/html; charset=UTF-8' ],\n          expires: [ 'Wed, 11 Jan 1984 05:00:00 GMT' ],\n          'cache-control': [ 'no-cache, must-revalidate, max-age=0, no-store, private' ]\n        },\n        bytes: Uint8Array(2748) [\n           60,  33,  68,  79,  67,  84,  89,  80,  69,  32, 104, 116,\n          109, 108,  62,  10,  60, 104, 116, 109, 108,  32, 108,  97,\n          110, 103,  61,  34, 101, 110,  45,  85,  83,  34,  10,  32,\n          120, 109, 108, 110, 115,  58, 111, 103,  61,  39, 104, 116,\n          116, 112,  58,  47,  47, 111, 112, 101, 110, 103, 114,  97,\n          112, 104, 112, 114, 111, 116, 111,  99, 111, 108,  46, 111,\n          114, 103,  47, 115,  99, 104, 101, 109,  97,  47,  39,  10,\n           32, 120, 109, 108, 110, 115,  58, 102,  98,  61,  39, 104,\n          116, 116, 112,  58,\n          ... 2648 more items\n        ],\n        exitCode: 255,\n        errors: ''\n      },\n      source: 'request'\n    }\n  }\n}\n\n","log":"/logs/plugins/b/better-page-speed/error.json"}
]
