[
{"message":"file:///home/runner/work/playground-tester/playground-tester/node_modules/@wp-playground/cli/cli.js:20\n`)},constants:R,phpIniEntries:{\"openssl.cafile\":\"/internal/shared/ca-bundle.crt\",allow_url_fopen:\"1\",disable_functions:\"\"},hooks:{async beforeWordPressFiles(h){t.mountBeforeInstall&&p(h,t.mountBeforeInstall)}}});const v=await s.getPrimaryPhp();try{if(n&&!t.mountBeforeInstall&&g.writeFileSync(f,await q(v,\"/wordpress\")),t.mount&&p(v,t.mount),d=!0,u){const{php:h,reap:m}=await s.processManager.acquirePHPInstance();try{c.log(\"Running the Blueprint...\"),await x(u,h),c.log(\"Finished running the blueprint\")}finally{m()}}a===\"build-snapshot\"?(await r(t.outfile),c.log(`WordPress exported to ${t.outfile}`),process.exit(0)):a===\"run-blueprint\"?(c.log(\"Blueprint executed\"),process.exit(0)):c.log(`WordPress is running on ${l}`)}catch(h){if(!t.debug)throw h;const m=v.readFileAsText(D);throw new Error(m,{cause:h})}},async handleRequest(o){return d?await s.request(o):I.forHttpCode(502,\"WordPress is not ready yet\")}})}Q();\n                                                                                                                                                                                                                                                                                                                                                                                                                                                                                                                                                                                                                                                                                                                                                                                                                   ^\n","level":"FATAL","type":"PLAYGROUND","test":"jspi-boot","plugin":"premium-seo-pack-light-version","details":"file:///home/runner/work/playground-tester/playground-tester/node_modules/@wp-playground/cli/cli.js:20\n`)},constants:R,phpIniEntries:{\"openssl.cafile\":\"/internal/shared/ca-bundle.crt\",allow_url_fopen:\"1\",disable_functions:\"\"},hooks:{async beforeWordPressFiles(h){t.mountBeforeInstall&&p(h,t.mountBeforeInstall)}}});const v=await s.getPrimaryPhp();try{if(n&&!t.mountBeforeInstall&&g.writeFileSync(f,await q(v,\"/wordpress\")),t.mount&&p(v,t.mount),d=!0,u){const{php:h,reap:m}=await s.processManager.acquirePHPInstance();try{c.log(\"Running the Blueprint...\"),await x(u,h),c.log(\"Finished running the blueprint\")}finally{m()}}a===\"build-snapshot\"?(await r(t.outfile),c.log(`WordPress exported to ${t.outfile}`),process.exit(0)):a===\"run-blueprint\"?(c.log(\"Blueprint executed\"),process.exit(0)):c.log(`WordPress is running on ${l}`)}catch(h){if(!t.debug)throw h;const m=v.readFileAsText(D);throw new Error(m,{cause:h})}},async handleRequest(o){return d?await s.request(o):I.forHttpCode(502,\"WordPress is not ready yet\")}})}Q();\n                                                                                                                                                                                                                                                                                                                                                                                                                                                                                                                                                                                                                                                                                                                                                                                                                   ^\n","log":"/tmp/tmp.Efj7jgSOh0"}
,
{"message":"Required parameter $error_number follows optional parameter $module in /wordpress/wp-content/plugins/premium-seo-pack-light-version/aa-framework/framework.class.php on line 2779","level":"DEPRECATED","type":"PHP","test":"jspi-boot","plugin":"premium-seo-pack-light-version","details":"[31-Jan-2025 08:50:38 UTC] PHP Deprecated:  Required parameter $error_number follows optional parameter $module in /wordpress/wp-content/plugins/premium-seo-pack-light-version/aa-framework/framework.class.php on line 2779","log":"/logs/plugins/p/premium-seo-pack-light-version/error.json"}
,
{"message":"Undefined variable $value in /wordpress/wp-content/plugins/premium-seo-pack-light-version/aa-framework/framework.class.php on line 3281","level":"WARNING","type":"PHP","test":"jspi-boot","plugin":"premium-seo-pack-light-version","details":"[31-Jan-2025 08:50:38 UTC] PHP Warning:  Undefined variable $value in /wordpress/wp-content/plugins/premium-seo-pack-light-version/aa-framework/framework.class.php on line 3281","log":"/logs/plugins/p/premium-seo-pack-light-version/error.json"}
,
{"message":"SQLSTATE[HY000]: General error: 1 no such table: wp_psp_web_directories.","level":"FATAL","type":"SQL","test":"jspi-boot","plugin":"premium-seo-pack-light-version","details":"[31-Jan-2025 08:50:38 UTC] WordPress database error <div style=\"clear:both\">&nbsp;</div>\n<div class=\"queries\" style=\"clear:both;margin-bottom:2px;border:red dotted thin;\">\n<p>MySQL query:</p>\n<p>DELETE FROM wp_psp_web_directories where 1=1 and id in ('278');</p>\n<p>Queries made or created this session were:</p>\n<ol>\n<li>Executing: BEGIN | (no parameters)</li>\n<li>Executing: DELETE FROM wp_psp_web_directories where 1=1 and id in (:param0 ); | parameters: 278</li>\n<li>Executing: ROLLBACK | (no parameters)</li>\n</ol>\n</div>\n<div style=\"clear:both;margin-bottom:2px;border:red dotted thin;\" class=\"error_message\" style=\"border-bottom:dotted blue thin;\">\nError occurred at line 4117 in Function <code>handle_error</code>. Error message was: SQLSTATE[HY000]: General error: 1 no such table: wp_psp_web_directories.\n</div>\n<p>Backtrace:</p>\n<pre>#0 /internal/shared/sqlite-database-integration/wp-includes/sqlite/class-wp-sqlite-db.php(287): WP_SQLite_Translator->get_error_message()\n#1 /wordpress/wp-content/plugins/premium-seo-pack-light-version/aa-framework/framework.class.php(2666): WP_SQLite_DB->query('DELETE FROM wp_...')\n#2 /wordpress/wp-content/plugins/premium-seo-pack-light-version/aa-framework/framework.class.php(396): psp->fix_backlinkbuilder_linklist()\n#3 /wordpress/wp-content/plugins/premium-seo-pack-light-version/plugin.php(22): psp->__construct()\n#4 /wordpress/wp-admin/includes/plugin.php(2387): include_once('/wordpress/wp-c...')\n#5 /wordpress/wp-admin/includes/plugin.php(673): plugin_sandbox_scrape('premium-seo-pac...')\n#6 /internal/eval.php(20): activate_plugin('premium-seo-pac...')\n#7 {main}</pre>\n for query DELETE FROM wp_psp_web_directories where 1=1 and id in ('278'); made by activate_plugin, plugin_sandbox_scrape, include_once('/plugins/premium-seo-pack-light-version/plugin.php'), psp->__construct, psp->fix_backlinkbuilder_linklist, WP_SQLite_DB->query, WP_SQLite_DB->print_error","log":"/logs/plugins/p/premium-seo-pack-light-version/error.json"}
,
{"message":"Unknown operation: MODIFY.","level":"FATAL","type":"SQL","test":"jspi-boot","plugin":"premium-seo-pack-light-version","details":"[31-Jan-2025 08:50:38 UTC] WordPress database error <div style=\"clear:both\">&nbsp;</div>\n<div class=\"queries\" style=\"clear:both;margin-bottom:2px;border:red dotted thin;\">\n<p>MySQL query:</p>\n<p>ALTER TABLE wp_psp_link_builder MODIFY COLUMN `attr_title` TEXT NULL;</p>\n<p>Queries made or created this session were:</p>\n<ol>\n<li>Executing: BEGIN | (no parameters)</li>\n<li>Executing: ROLLBACK | (no parameters)</li>\n</ol>\n</div>\n<div style=\"clear:both;margin-bottom:2px;border:red dotted thin;\" class=\"error_message\" style=\"border-bottom:dotted blue thin;\">\nError occurred at line 4117 in Function <code>handle_error</code>. Error message was: Unknown operation: MODIFY.\n</div>\n<p>Backtrace:</p>\n<pre>#0 /internal/shared/sqlite-database-integration/wp-includes/sqlite/class-wp-sqlite-db.php(287): WP_SQLite_Translator->get_error_message()\n#1 /wordpress/wp-content/plugins/premium-seo-pack-light-version/aa-framework/framework.class.php(3813): WP_SQLite_DB->query('ALTER TABLE wp_...')\n#2 /wordpress/wp-content/plugins/premium-seo-pack-light-version/aa-framework/framework.class.php(3663): psp->_update_db_tables(Array)\n#3 /wordpress/wp-content/plugins/premium-seo-pack-light-version/aa-framework/framework.class.php(3880): psp->update_db(false)\n#4 /wordpress/wp-content/plugins/premium-seo-pack-light-version/aa-framework/framework.class.php(739): psp->plugin_integrity_check()\n#5 /wordpress/wp-includes/class-wp-hook.php(324): psp->activate(false)\n#6 /wordpress/wp-includes/class-wp-hook.php(348): WP_Hook->apply_filters('', Array)\n#7 /wordpress/wp-includes/plugin.php(517): WP_Hook->do_action(Array)\n#8 /wordpress/wp-admin/includes/plugin.php(703): do_action('activate_premiu...', false)\n#9 /internal/eval.php(20): activate_plugin('premium-seo-pac...')\n#10 {main}</pre>\n for query ALTER TABLE wp_psp_link_builder MODIFY COLUMN `attr_title` TEXT NULL; made by activate_plugin, do_action('activate_premium-seo-pack-light-version/plugin.php'), WP_Hook->do_action, WP_Hook->apply_filters, psp->activate, psp->plugin_integrity_check, psp->update_db, psp->_update_db_tables, WP_SQLite_DB->query, WP_SQLite_DB->print_error","log":"/logs/plugins/p/premium-seo-pack-light-version/error.json"}
,
{"message":"Unknown operation: MODIFY.","level":"FATAL","type":"SQL","test":"jspi-boot","plugin":"premium-seo-pack-light-version","details":"[31-Jan-2025 08:50:38 UTC] WordPress database error <div style=\"clear:both\">&nbsp;</div>\n<div class=\"queries\" style=\"clear:both;margin-bottom:2px;border:red dotted thin;\">\n<p>MySQL query:</p>\n<p>ALTER TABLE wp_psp_link_redirect MODIFY COLUMN `redirect_type` VARCHAR(25) NULL DEFAULT '';</p>\n<p>Queries made or created this session were:</p>\n<ol>\n<li>Executing: BEGIN | (no parameters)</li>\n<li>Executing: ROLLBACK | (no parameters)</li>\n</ol>\n</div>\n<div style=\"clear:both;margin-bottom:2px;border:red dotted thin;\" class=\"error_message\" style=\"border-bottom:dotted blue thin;\">\nError occurred at line 4117 in Function <code>handle_error</code>. Error message was: Unknown operation: MODIFY.\n</div>\n<p>Backtrace:</p>\n<pre>#0 /internal/shared/sqlite-database-integration/wp-includes/sqlite/class-wp-sqlite-db.php(287): WP_SQLite_Translator->get_error_message()\n#1 /wordpress/wp-content/plugins/premium-seo-pack-light-version/aa-framework/framework.class.php(3813): WP_SQLite_DB->query('ALTER TABLE wp_...')\n#2 /wordpress/wp-content/plugins/premium-seo-pack-light-version/aa-framework/framework.class.php(3672): psp->_update_db_tables(Array)\n#3 /wordpress/wp-content/plugins/premium-seo-pack-light-version/aa-framework/framework.class.php(3880): psp->update_db(false)\n#4 /wordpress/wp-content/plugins/premium-seo-pack-light-version/aa-framework/framework.class.php(739): psp->plugin_integrity_check()\n#5 /wordpress/wp-includes/class-wp-hook.php(324): psp->activate(false)\n#6 /wordpress/wp-includes/class-wp-hook.php(348): WP_Hook->apply_filters('', Array)\n#7 /wordpress/wp-includes/plugin.php(517): WP_Hook->do_action(Array)\n#8 /wordpress/wp-admin/includes/plugin.php(703): do_action('activate_premiu...', false)\n#9 /internal/eval.php(20): activate_plugin('premium-seo-pac...')\n#10 {main}</pre>\n for query ALTER TABLE wp_psp_link_redirect MODIFY COLUMN `redirect_type` VARCHAR(25) NULL DEFAULT ''; made by activate_plugin, do_action('activate_premium-seo-pack-light-version/plugin.php'), WP_Hook->do_action, WP_Hook->apply_filters, psp->activate, psp->plugin_integrity_check, psp->update_db, psp->_update_db_tables, WP_SQLite_DB->query, WP_SQLite_DB->print_error","log":"/logs/plugins/p/premium-seo-pack-light-version/error.json"}
,
{"message":"Unknown operation: MODIFY.","level":"FATAL","type":"SQL","test":"jspi-boot","plugin":"premium-seo-pack-light-version","details":"[31-Jan-2025 08:50:38 UTC] WordPress database error <div style=\"clear:both\">&nbsp;</div>\n<div class=\"queries\" style=\"clear:both;margin-bottom:2px;border:red dotted thin;\">\n<p>MySQL query:</p>\n<p>ALTER TABLE wp_psp_link_redirect MODIFY COLUMN `redirect_rule` VARCHAR(25) NULL DEFAULT 'custom_url';</p>\n<p>Queries made or created this session were:</p>\n<ol>\n<li>Executing: BEGIN | (no parameters)</li>\n<li>Executing: ROLLBACK | (no parameters)</li>\n</ol>\n</div>\n<div style=\"clear:both;margin-bottom:2px;border:red dotted thin;\" class=\"error_message\" style=\"border-bottom:dotted blue thin;\">\nError occurred at line 4117 in Function <code>handle_error</code>. Error message was: Unknown operation: MODIFY.\n</div>\n<p>Backtrace:</p>\n<pre>#0 /internal/shared/sqlite-database-integration/wp-includes/sqlite/class-wp-sqlite-db.php(287): WP_SQLite_Translator->get_error_message()\n#1 /wordpress/wp-content/plugins/premium-seo-pack-light-version/aa-framework/framework.class.php(3813): WP_SQLite_DB->query('ALTER TABLE wp_...')\n#2 /wordpress/wp-content/plugins/premium-seo-pack-light-version/aa-framework/framework.class.php(3672): psp->_update_db_tables(Array)\n#3 /wordpress/wp-content/plugins/premium-seo-pack-light-version/aa-framework/framework.class.php(3880): psp->update_db(false)\n#4 /wordpress/wp-content/plugins/premium-seo-pack-light-version/aa-framework/framework.class.php(739): psp->plugin_integrity_check()\n#5 /wordpress/wp-includes/class-wp-hook.php(324): psp->activate(false)\n#6 /wordpress/wp-includes/class-wp-hook.php(348): WP_Hook->apply_filters('', Array)\n#7 /wordpress/wp-includes/plugin.php(517): WP_Hook->do_action(Array)\n#8 /wordpress/wp-admin/includes/plugin.php(703): do_action('activate_premiu...', false)\n#9 /internal/eval.php(20): activate_plugin('premium-seo-pac...')\n#10 {main}</pre>\n for query ALTER TABLE wp_psp_link_redirect MODIFY COLUMN `redirect_rule` VARCHAR(25) NULL DEFAULT 'custom_url'; made by activate_plugin, do_action('activate_premium-seo-pack-light-version/plugin.php'), WP_Hook->do_action, WP_Hook->apply_filters, psp->activate, psp->plugin_integrity_check, psp->update_db, psp->_update_db_tables, WP_SQLite_DB->query, WP_SQLite_DB->print_error","log":"/logs/plugins/p/premium-seo-pack-light-version/error.json"}
,
{"message":"Unknown operation: MODIFY.","level":"FATAL","type":"SQL","test":"jspi-boot","plugin":"premium-seo-pack-light-version","details":"[31-Jan-2025 08:50:38 UTC] WordPress database error <div style=\"clear:both\">&nbsp;</div>\n<div class=\"queries\" style=\"clear:both;margin-bottom:2px;border:red dotted thin;\">\n<p>MySQL query:</p>\n<p>ALTER TABLE wp_psp_link_redirect MODIFY COLUMN `target_status_code` VARCHAR(25) NULL DEFAULT '';</p>\n<p>Queries made or created this session were:</p>\n<ol>\n<li>Executing: BEGIN | (no parameters)</li>\n<li>Executing: ROLLBACK | (no parameters)</li>\n</ol>\n</div>\n<div style=\"clear:both;margin-bottom:2px;border:red dotted thin;\" class=\"error_message\" style=\"border-bottom:dotted blue thin;\">\nError occurred at line 4117 in Function <code>handle_error</code>. Error message was: Unknown operation: MODIFY.\n</div>\n<p>Backtrace:</p>\n<pre>#0 /internal/shared/sqlite-database-integration/wp-includes/sqlite/class-wp-sqlite-db.php(287): WP_SQLite_Translator->get_error_message()\n#1 /wordpress/wp-content/plugins/premium-seo-pack-light-version/aa-framework/framework.class.php(3813): WP_SQLite_DB->query('ALTER TABLE wp_...')\n#2 /wordpress/wp-content/plugins/premium-seo-pack-light-version/aa-framework/framework.class.php(3672): psp->_update_db_tables(Array)\n#3 /wordpress/wp-content/plugins/premium-seo-pack-light-version/aa-framework/framework.class.php(3880): psp->update_db(false)\n#4 /wordpress/wp-content/plugins/premium-seo-pack-light-version/aa-framework/framework.class.php(739): psp->plugin_integrity_check()\n#5 /wordpress/wp-includes/class-wp-hook.php(324): psp->activate(false)\n#6 /wordpress/wp-includes/class-wp-hook.php(348): WP_Hook->apply_filters('', Array)\n#7 /wordpress/wp-includes/plugin.php(517): WP_Hook->do_action(Array)\n#8 /wordpress/wp-admin/includes/plugin.php(703): do_action('activate_premiu...', false)\n#9 /internal/eval.php(20): activate_plugin('premium-seo-pac...')\n#10 {main}</pre>\n for query ALTER TABLE wp_psp_link_redirect MODIFY COLUMN `target_status_code` VARCHAR(25) NULL DEFAULT ''; made by activate_plugin, do_action('activate_premium-seo-pack-light-version/plugin.php'), WP_Hook->do_action, WP_Hook->apply_filters, psp->activate, psp->plugin_integrity_check, psp->update_db, psp->_update_db_tables, WP_SQLite_DB->query, WP_SQLite_DB->print_error","log":"/logs/plugins/p/premium-seo-pack-light-version/error.json"}
,
{"message":"Unknown operation: MODIFY.","level":"FATAL","type":"SQL","test":"jspi-boot","plugin":"premium-seo-pack-light-version","details":"[31-Jan-2025 08:50:38 UTC] WordPress database error <div style=\"clear:both\">&nbsp;</div>\n<div class=\"queries\" style=\"clear:both;margin-bottom:2px;border:red dotted thin;\">\n<p>MySQL query:</p>\n<p>ALTER TABLE wp_psp_link_redirect MODIFY COLUMN `target_status_details` TEXT NULL;</p>\n<p>Queries made or created this session were:</p>\n<ol>\n<li>Executing: BEGIN | (no parameters)</li>\n<li>Executing: ROLLBACK | (no parameters)</li>\n</ol>\n</div>\n<div style=\"clear:both;margin-bottom:2px;border:red dotted thin;\" class=\"error_message\" style=\"border-bottom:dotted blue thin;\">\nError occurred at line 4117 in Function <code>handle_error</code>. Error message was: Unknown operation: MODIFY.\n</div>\n<p>Backtrace:</p>\n<pre>#0 /internal/shared/sqlite-database-integration/wp-includes/sqlite/class-wp-sqlite-db.php(287): WP_SQLite_Translator->get_error_message()\n#1 /wordpress/wp-content/plugins/premium-seo-pack-light-version/aa-framework/framework.class.php(3813): WP_SQLite_DB->query('ALTER TABLE wp_...')\n#2 /wordpress/wp-content/plugins/premium-seo-pack-light-version/aa-framework/framework.class.php(3672): psp->_update_db_tables(Array)\n#3 /wordpress/wp-content/plugins/premium-seo-pack-light-version/aa-framework/framework.class.php(3880): psp->update_db(false)\n#4 /wordpress/wp-content/plugins/premium-seo-pack-light-version/aa-framework/framework.class.php(739): psp->plugin_integrity_check()\n#5 /wordpress/wp-includes/class-wp-hook.php(324): psp->activate(false)\n#6 /wordpress/wp-includes/class-wp-hook.php(348): WP_Hook->apply_filters('', Array)\n#7 /wordpress/wp-includes/plugin.php(517): WP_Hook->do_action(Array)\n#8 /wordpress/wp-admin/includes/plugin.php(703): do_action('activate_premiu...', false)\n#9 /internal/eval.php(20): activate_plugin('premium-seo-pac...')\n#10 {main}</pre>\n for query ALTER TABLE wp_psp_link_redirect MODIFY COLUMN `target_status_details` TEXT NULL; made by activate_plugin, do_action('activate_premium-seo-pack-light-version/plugin.php'), WP_Hook->do_action, WP_Hook->apply_filters, psp->activate, psp->plugin_integrity_check, psp->update_db, psp->_update_db_tables, WP_SQLite_DB->query, WP_SQLite_DB->print_error","log":"/logs/plugins/p/premium-seo-pack-light-version/error.json"}
,
{"message":"Unknown operation: MODIFY.","level":"FATAL","type":"SQL","test":"jspi-boot","plugin":"premium-seo-pack-light-version","details":"[31-Jan-2025 08:50:38 UTC] WordPress database error <div style=\"clear:both\">&nbsp;</div>\n<div class=\"queries\" style=\"clear:both;margin-bottom:2px;border:red dotted thin;\">\n<p>MySQL query:</p>\n<p>ALTER TABLE wp_psp_link_redirect MODIFY COLUMN `group_id` INT(5) NULL DEFAULT '1';</p>\n<p>Queries made or created this session were:</p>\n<ol>\n<li>Executing: BEGIN | (no parameters)</li>\n<li>Executing: ROLLBACK | (no parameters)</li>\n</ol>\n</div>\n<div style=\"clear:both;margin-bottom:2px;border:red dotted thin;\" class=\"error_message\" style=\"border-bottom:dotted blue thin;\">\nError occurred at line 4117 in Function <code>handle_error</code>. Error message was: Unknown operation: MODIFY.\n</div>\n<p>Backtrace:</p>\n<pre>#0 /internal/shared/sqlite-database-integration/wp-includes/sqlite/class-wp-sqlite-db.php(287): WP_SQLite_Translator->get_error_message()\n#1 /wordpress/wp-content/plugins/premium-seo-pack-light-version/aa-framework/framework.class.php(3813): WP_SQLite_DB->query('ALTER TABLE wp_...')\n#2 /wordpress/wp-content/plugins/premium-seo-pack-light-version/aa-framework/framework.class.php(3672): psp->_update_db_tables(Array)\n#3 /wordpress/wp-content/plugins/premium-seo-pack-light-version/aa-framework/framework.class.php(3880): psp->update_db(false)\n#4 /wordpress/wp-content/plugins/premium-seo-pack-light-version/aa-framework/framework.class.php(739): psp->plugin_integrity_check()\n#5 /wordpress/wp-includes/class-wp-hook.php(324): psp->activate(false)\n#6 /wordpress/wp-includes/class-wp-hook.php(348): WP_Hook->apply_filters('', Array)\n#7 /wordpress/wp-includes/plugin.php(517): WP_Hook->do_action(Array)\n#8 /wordpress/wp-admin/includes/plugin.php(703): do_action('activate_premiu...', false)\n#9 /internal/eval.php(20): activate_plugin('premium-seo-pac...')\n#10 {main}</pre>\n for query ALTER TABLE wp_psp_link_redirect MODIFY COLUMN `group_id` INT(5) NULL DEFAULT '1'; made by activate_plugin, do_action('activate_premium-seo-pack-light-version/plugin.php'), WP_Hook->do_action, WP_Hook->apply_filters, psp->activate, psp->plugin_integrity_check, psp->update_db, psp->_update_db_tables, WP_SQLite_DB->query, WP_SQLite_DB->print_error","log":"/logs/plugins/p/premium-seo-pack-light-version/error.json"}
,
{"message":"Unknown operation: MODIFY.","level":"FATAL","type":"SQL","test":"jspi-boot","plugin":"premium-seo-pack-light-version","details":"[31-Jan-2025 08:50:38 UTC] WordPress database error <div style=\"clear:both\">&nbsp;</div>\n<div class=\"queries\" style=\"clear:both;margin-bottom:2px;border:red dotted thin;\">\n<p>MySQL query:</p>\n<p>ALTER TABLE wp_psp_link_redirect MODIFY COLUMN `post_id` INT(10) NULL DEFAULT '0';</p>\n<p>Queries made or created this session were:</p>\n<ol>\n<li>Executing: BEGIN | (no parameters)</li>\n<li>Executing: ROLLBACK | (no parameters)</li>\n</ol>\n</div>\n<div style=\"clear:both;margin-bottom:2px;border:red dotted thin;\" class=\"error_message\" style=\"border-bottom:dotted blue thin;\">\nError occurred at line 4117 in Function <code>handle_error</code>. Error message was: Unknown operation: MODIFY.\n</div>\n<p>Backtrace:</p>\n<pre>#0 /internal/shared/sqlite-database-integration/wp-includes/sqlite/class-wp-sqlite-db.php(287): WP_SQLite_Translator->get_error_message()\n#1 /wordpress/wp-content/plugins/premium-seo-pack-light-version/aa-framework/framework.class.php(3813): WP_SQLite_DB->query('ALTER TABLE wp_...')\n#2 /wordpress/wp-content/plugins/premium-seo-pack-light-version/aa-framework/framework.class.php(3672): psp->_update_db_tables(Array)\n#3 /wordpress/wp-content/plugins/premium-seo-pack-light-version/aa-framework/framework.class.php(3880): psp->update_db(false)\n#4 /wordpress/wp-content/plugins/premium-seo-pack-light-version/aa-framework/framework.class.php(739): psp->plugin_integrity_check()\n#5 /wordpress/wp-includes/class-wp-hook.php(324): psp->activate(false)\n#6 /wordpress/wp-includes/class-wp-hook.php(348): WP_Hook->apply_filters('', Array)\n#7 /wordpress/wp-includes/plugin.php(517): WP_Hook->do_action(Array)\n#8 /wordpress/wp-admin/includes/plugin.php(703): do_action('activate_premiu...', false)\n#9 /internal/eval.php(20): activate_plugin('premium-seo-pac...')\n#10 {main}</pre>\n for query ALTER TABLE wp_psp_link_redirect MODIFY COLUMN `post_id` INT(10) NULL DEFAULT '0'; made by activate_plugin, do_action('activate_premium-seo-pack-light-version/plugin.php'), WP_Hook->do_action, WP_Hook->apply_filters, psp->activate, psp->plugin_integrity_check, psp->update_db, psp->_update_db_tables, WP_SQLite_DB->query, WP_SQLite_DB->print_error","log":"/logs/plugins/p/premium-seo-pack-light-version/error.json"}
,
{"message":"Unknown operation: MODIFY.","level":"FATAL","type":"SQL","test":"jspi-boot","plugin":"premium-seo-pack-light-version","details":"[31-Jan-2025 08:50:38 UTC] WordPress database error <div style=\"clear:both\">&nbsp;</div>\n<div class=\"queries\" style=\"clear:both;margin-bottom:2px;border:red dotted thin;\">\n<p>MySQL query:</p>\n<p>ALTER TABLE wp_psp_link_redirect MODIFY COLUMN `publish` CHAR(1) DEFAULT 'Y';</p>\n<p>Queries made or created this session were:</p>\n<ol>\n<li>Executing: BEGIN | (no parameters)</li>\n<li>Executing: ROLLBACK | (no parameters)</li>\n</ol>\n</div>\n<div style=\"clear:both;margin-bottom:2px;border:red dotted thin;\" class=\"error_message\" style=\"border-bottom:dotted blue thin;\">\nError occurred at line 4117 in Function <code>handle_error</code>. Error message was: Unknown operation: MODIFY.\n</div>\n<p>Backtrace:</p>\n<pre>#0 /internal/shared/sqlite-database-integration/wp-includes/sqlite/class-wp-sqlite-db.php(287): WP_SQLite_Translator->get_error_message()\n#1 /wordpress/wp-content/plugins/premium-seo-pack-light-version/aa-framework/framework.class.php(3813): WP_SQLite_DB->query('ALTER TABLE wp_...')\n#2 /wordpress/wp-content/plugins/premium-seo-pack-light-version/aa-framework/framework.class.php(3672): psp->_update_db_tables(Array)\n#3 /wordpress/wp-content/plugins/premium-seo-pack-light-version/aa-framework/framework.class.php(3880): psp->update_db(false)\n#4 /wordpress/wp-content/plugins/premium-seo-pack-light-version/aa-framework/framework.class.php(739): psp->plugin_integrity_check()\n#5 /wordpress/wp-includes/class-wp-hook.php(324): psp->activate(false)\n#6 /wordpress/wp-includes/class-wp-hook.php(348): WP_Hook->apply_filters('', Array)\n#7 /wordpress/wp-includes/plugin.php(517): WP_Hook->do_action(Array)\n#8 /wordpress/wp-admin/includes/plugin.php(703): do_action('activate_premiu...', false)\n#9 /internal/eval.php(20): activate_plugin('premium-seo-pac...')\n#10 {main}</pre>\n for query ALTER TABLE wp_psp_link_redirect MODIFY COLUMN `publish` CHAR(1) DEFAULT 'Y'; made by activate_plugin, do_action('activate_premium-seo-pack-light-version/plugin.php'), WP_Hook->do_action, WP_Hook->apply_filters, psp->activate, psp->plugin_integrity_check, psp->update_db, psp->_update_db_tables, WP_SQLite_DB->query, WP_SQLite_DB->print_error","log":"/logs/plugins/p/premium-seo-pack-light-version/error.json"}
,
{"message":"Uncaught Exception: The plugin generated unexpected output. in /internal/eval.php:29","level":"FATAL","type":"PHP","test":"jspi-boot","plugin":"premium-seo-pack-light-version","details":"[31-Jan-2025 08:50:38 UTC] PHP Fatal error:  Uncaught Exception: The plugin generated unexpected output. in /internal/eval.php:29\nStack trace:\n#0 {main}\n  thrown in /internal/eval.php on line 29\n\n    at Object.onBind (file:///home/runner/work/playground-tester/playground-tester/node_modules/@wp-playground/cli/cli.js:20:788)\n    at process.processTicksAndRejections (node:internal/process/task_queues:105:5)\n    at async j (file:///home/runner/work/playground-tester/playground-tester/node_modules/@wp-playground/cli/cli.js:1:1166) {\n  [cause]: Error: Error when executing the blueprint step #0 ({\"step\":\"installPlugin\",\"pluginData\":{\"resource\":\"wordpress.org/plugins\",\"slug\":\"premium-seo-pack-light-version\"},\"options\":{\"activate\":true}}) : PHP.run() failed with exit code 255 and the following output: \n      at Object.run (file:///home/runner/work/playground-tester/playground-tester/node_modules/@wp-playground/blueprints/index.js:12099:32)\n      at process.processTicksAndRejections (node:internal/process/task_queues:105:5)\n      at async Qt (file:///home/runner/work/playground-tester/playground-tester/node_modules/@wp-playground/blueprints/index.js:12200:3)\n      at async Object.onBind (file:///home/runner/work/playground-tester/playground-tester/node_modules/@wp-playground/cli/cli.js:20:453)\n      at async j (file:///home/runner/work/playground-tester/playground-tester/node_modules/@wp-playground/cli/cli.js:1:1166) {\n    [cause]: PHPExecutionFailureError: PHP.run() failed with exit code 255 and the following output: \n        at PHP.run (file:///home/runner/work/playground-tester/playground-tester/node_modules/@php-wasm/universal/index.js:979:19)\n        at process.processTicksAndRejections (node:internal/process/task_queues:105:5)\n        at async gr (file:///home/runner/work/playground-tester/playground-tester/node_modules/@wp-playground/blueprints/index.js:31:39)\n        at async Object.at [as installPlugin] (file:///home/runner/work/playground-tester/playground-tester/node_modules/@wp-playground/blueprints/index.js:877:42)\n        at async d (file:///home/runner/work/playground-tester/playground-tester/node_modules/@wp-playground/blueprints/index.js:12165:30)\n        at async Object.run (file:///home/runner/work/playground-tester/playground-tester/node_modules/@wp-playground/blueprints/index.js:12096:23)\n        at async Qt (file:///home/runner/work/playground-tester/playground-tester/node_modules/@wp-playground/blueprints/index.js:12200:3)\n        at async Object.onBind (file:///home/runner/work/playground-tester/playground-tester/node_modules/@wp-playground/cli/cli.js:20:453)\n        at async j (file:///home/runner/work/playground-tester/playground-tester/node_modules/@wp-playground/cli/cli.js:1:1166) {\n      response: PHPResponse {\n        httpStatusCode: 500,\n        headers: {\n          'x-powered-by': [ 'PHP/8.0.30-dev' ],\n          'content-type': [ 'text/html; charset=UTF-8' ]\n        },\n        bytes: Uint8Array(0) [],\n        exitCode: 255,\n        errors: ''\n      },\n      source: 'request'\n    }\n  }\n}\n\n","log":"/logs/plugins/p/premium-seo-pack-light-version/error.json"}
]
