[
{"message":"file:///home/runner/work/playground-tester/playground-tester/node_modules/@wp-playground/cli/run-cli-j-geJYS3.js:325\n        throw new Error($, { cause: h });\n              ^\n","level":"FATAL","type":"PLAYGROUND","test":"ast-sqlite-boot","plugin":"woo-yml-exporter","details":"file:///home/runner/work/playground-tester/playground-tester/node_modules/@wp-playground/cli/run-cli-j-geJYS3.js:325\n        throw new Error($, { cause: h });\n              ^\n","log":"/tmp/tmp.hEvv6XBLmt"}
,
{"message":"Function WP_Scripts::localize was called <strong>incorrectly</strong>. The <code>$l10n</code> parameter must be an array. To pass arbitrary data to scripts, use the <code>wp_add_inline_script()</code> function instead. Please see <a href=\"https://developer.wordpress.org/advanced-administration/debug/debug-wordpress/\">Debugging in WordPress</a> for more information. (This message was added in version 5.7.0.) in /wordpress/wp-includes/functions.php on line 6121","level":"NOTICE","type":"PHP","test":"ast-sqlite-boot","plugin":"woo-yml-exporter","details":"[14-Jun-2025 07:46:40 UTC] PHP Notice:  Function WP_Scripts::localize was called <strong>incorrectly</strong>. The <code>$l10n</code> parameter must be an array. To pass arbitrary data to scripts, use the <code>wp_add_inline_script()</code> function instead. Please see <a href=\"https://developer.wordpress.org/advanced-administration/debug/debug-wordpress/\">Debugging in WordPress</a> for more information. (This message was added in version 5.7.0.) in /wordpress/wp-includes/functions.php on line 6121","log":"/logs/plugins/w/woo-yml-exporter/error.json"}
,
{"message":"Function WP_Scripts::localize was called <strong>incorrectly</strong>. The <code>$l10n</code> parameter must be an array. To pass arbitrary data to scripts, use the <code>wp_add_inline_script()</code> function instead. Please see <a href=\"https://developer.wordpress.org/advanced-administration/debug/debug-wordpress/\">Debugging in WordPress</a> for more information. (This message was added in version 5.7.0.) in /wordpress/wp-includes/functions.php on line 6121","level":"NOTICE","type":"PHP","test":"ast-sqlite-boot","plugin":"woo-yml-exporter","details":"[14-Jun-2025 07:46:51 UTC] PHP Notice:  Function WP_Scripts::localize was called <strong>incorrectly</strong>. The <code>$l10n</code> parameter must be an array. To pass arbitrary data to scripts, use the <code>wp_add_inline_script()</code> function instead. Please see <a href=\"https://developer.wordpress.org/advanced-administration/debug/debug-wordpress/\">Debugging in WordPress</a> for more information. (This message was added in version 5.7.0.) in /wordpress/wp-includes/functions.php on line 6121","log":"/logs/plugins/w/woo-yml-exporter/error.json"}
,
{"message":"Function WP_Scripts::localize was called <strong>incorrectly</strong>. The <code>$l10n</code> parameter must be an array. To pass arbitrary data to scripts, use the <code>wp_add_inline_script()</code> function instead. Please see <a href=\"https://developer.wordpress.org/advanced-administration/debug/debug-wordpress/\">Debugging in WordPress</a> for more information. (This message was added in version 5.7.0.) in /wordpress/wp-includes/functions.php on line 6121","level":"NOTICE","type":"PHP","test":"ast-sqlite-boot","plugin":"woo-yml-exporter","details":"[14-Jun-2025 07:47:03 UTC] PHP Notice:  Function WP_Scripts::localize was called <strong>incorrectly</strong>. The <code>$l10n</code> parameter must be an array. To pass arbitrary data to scripts, use the <code>wp_add_inline_script()</code> function instead. Please see <a href=\"https://developer.wordpress.org/advanced-administration/debug/debug-wordpress/\">Debugging in WordPress</a> for more information. (This message was added in version 5.7.0.) in /wordpress/wp-includes/functions.php on line 6121","log":"/logs/plugins/w/woo-yml-exporter/error.json"}
,
{"message":"Uncaught Error: Call to undefined function mysql_get_server_info() in /wordpress/wp-content/plugins/wp-ticket-framework/ticket-framework.php:311","level":"FATAL","type":"PHP","test":"ast-sqlite-boot","plugin":"woo-yml-exporter","details":"[14-Jun-2025 07:47:43 UTC] PHP Fatal error:  Uncaught Error: Call to undefined function mysql_get_server_info() in /wordpress/wp-content/plugins/wp-ticket-framework/ticket-framework.php:311\nStack trace:\n#0 /wordpress/wp-includes/class-wp-hook.php(324): wpTix->_activate(false)\n#1 /wordpress/wp-includes/class-wp-hook.php(348): WP_Hook->apply_filters('', Array)\n#2 /wordpress/wp-includes/plugin.php(517): WP_Hook->do_action(Array)\n#3 /wordpress/wp-admin/includes/plugin.php(703): do_action('activate_wp-tic...', false)\n#4 /internal/eval.php(20): activate_plugin('wp-ticket-frame...')\n#5 {main}\n  thrown in /wordpress/wp-content/plugins/wp-ticket-framework/ticket-framework.php on line 311","log":"/logs/plugins/w/woo-yml-exporter/error.json"}
,
{"message":"Uncaught Error: Call to undefined function mysql_get_server_info() in /wordpress/wp-content/plugins/wp-ticket-framework/ticket-framework.php:311","level":"FATAL","type":"PHP","test":"ast-sqlite-boot","plugin":"woo-yml-exporter","details":"[14-Jun-2025 07:47:51 UTC] PHP Fatal error:  Uncaught Error: Call to undefined function mysql_get_server_info() in /wordpress/wp-content/plugins/wp-ticket-framework/ticket-framework.php:311\nStack trace:\n#0 /wordpress/wp-includes/class-wp-hook.php(324): wpTix->_activate(false)\n#1 /wordpress/wp-includes/class-wp-hook.php(348): WP_Hook->apply_filters('', Array)\n#2 /wordpress/wp-includes/plugin.php(517): WP_Hook->do_action(Array)\n#3 /wordpress/wp-admin/includes/plugin.php(703): do_action('activate_wp-tic...', false)\n#4 /internal/eval.php(20): activate_plugin('wp-ticket-frame...')\n#5 {main}\n  thrown in /wordpress/wp-content/plugins/wp-ticket-framework/ticket-framework.php on line 311","log":"/logs/plugins/w/woo-yml-exporter/error.json"}
,
{"message":"Uncaught Error: Call to undefined function mysql_get_server_info() in /wordpress/wp-content/plugins/wp-ticket-framework/ticket-framework.php:311","level":"FATAL","type":"PHP","test":"ast-sqlite-boot","plugin":"woo-yml-exporter","details":"[14-Jun-2025 07:47:58 UTC] PHP Fatal error:  Uncaught Error: Call to undefined function mysql_get_server_info() in /wordpress/wp-content/plugins/wp-ticket-framework/ticket-framework.php:311\nStack trace:\n#0 /wordpress/wp-includes/class-wp-hook.php(324): wpTix->_activate(false)\n#1 /wordpress/wp-includes/class-wp-hook.php(348): WP_Hook->apply_filters('', Array)\n#2 /wordpress/wp-includes/plugin.php(517): WP_Hook->do_action(Array)\n#3 /wordpress/wp-admin/includes/plugin.php(703): do_action('activate_wp-tic...', false)\n#4 /internal/eval.php(20): activate_plugin('wp-ticket-frame...')\n#5 {main}\n  thrown in /wordpress/wp-content/plugins/wp-ticket-framework/ticket-framework.php on line 311","log":"/logs/plugins/w/woo-yml-exporter/error.json"}
,
{"message":"Function add_option was called with an argument that is <strong>deprecated</strong> since version 2.3.0 with no alternative available. in /wordpress/wp-includes/functions.php on line 6121","level":"DEPRECATED","type":"PHP","test":"ast-sqlite-boot","plugin":"woo-yml-exporter","details":"[14-Jun-2025 07:48:30 UTC] PHP Deprecated:  Function add_option was called with an argument that is <strong>deprecated</strong> since version 2.3.0 with no alternative available. in /wordpress/wp-includes/functions.php on line 6121","log":"/logs/plugins/w/woo-yml-exporter/error.json"}
,
{"message":"Function add_option was called with an argument that is <strong>deprecated</strong> since version 2.3.0 with no alternative available. in /wordpress/wp-includes/functions.php on line 6121","level":"DEPRECATED","type":"PHP","test":"ast-sqlite-boot","plugin":"woo-yml-exporter","details":"[14-Jun-2025 07:48:40 UTC] PHP Deprecated:  Function add_option was called with an argument that is <strong>deprecated</strong> since version 2.3.0 with no alternative available. in /wordpress/wp-includes/functions.php on line 6121","log":"/logs/plugins/w/woo-yml-exporter/error.json"}
,
{"message":"Function add_option was called with an argument that is <strong>deprecated</strong> since version 2.3.0 with no alternative available. in /wordpress/wp-includes/functions.php on line 6121","level":"DEPRECATED","type":"PHP","test":"ast-sqlite-boot","plugin":"woo-yml-exporter","details":"[14-Jun-2025 07:48:49 UTC] PHP Deprecated:  Function add_option was called with an argument that is <strong>deprecated</strong> since version 2.3.0 with no alternative available. in /wordpress/wp-includes/functions.php on line 6121","log":"/logs/plugins/w/woo-yml-exporter/error.json"}
,
{"message":"Uncaught ArgumentCountError: Too few arguments to function WP_Widget::__construct(), 0 passed in /wordpress/wp-includes/class-wp-widget-factory.php on line 62 and at least 2 expected in /wordpress/wp-includes/class-wp-widget.php:163","level":"FATAL","type":"PHP","test":"ast-sqlite-boot","plugin":"woo-yml-exporter","details":"[14-Jun-2025 07:49:01 UTC] PHP Fatal error:  Uncaught ArgumentCountError: Too few arguments to function WP_Widget::__construct(), 0 passed in /wordpress/wp-includes/class-wp-widget-factory.php on line 62 and at least 2 expected in /wordpress/wp-includes/class-wp-widget.php:163\nStack trace:\n#0 /wordpress/wp-includes/class-wp-widget-factory.php(62): WP_Widget->__construct()\n#1 /wordpress/wp-includes/widgets.php(123): WP_Widget_Factory->register('WiwitnessWidget')\n#2 /wordpress/wp-content/plugins/wiwitness-testimonials/wiwitness-testimonials.php(90): register_widget('WiwitnessWidget')\n#3 /wordpress/wp-includes/class-wp-hook.php(324): wiwitness_widget_init('')\n#4 /wordpress/wp-includes/class-wp-hook.php(348): WP_Hook->apply_filters(NULL, Array)\n#5 /wordpress/wp-includes/plugin.php(517): WP_Hook->do_action(Array)\n#6 /wordpress/wp-includes/widgets.php(1870): do_action('widgets_init')\n#7 /wordpress/wp-includes/class-wp-hook.php(324): wp_widgets_init('')\n#8 /wordpress/wp-includes/class-wp-hook.php(348): WP_Hook->apply_filters(NULL, Array)\n#9 /wordpress/wp-includes/plugin.php(517): WP_Hook->do_action(Array)\n#10 /wordpress/wp-settings.php(727): do_action('init')\n#11 /wordpress/wp-config.php(102): require_once('/wordpress/wp-s...')\n#12 /wordpress/wp-load.php(50): require_once('/wordpress/wp-c...')\n#13 /internal/eval.php(3): require_once('/wordpress/wp-l...')\n#14 {main}\n  thrown in /wordpress/wp-includes/class-wp-widget.php on line 163","log":"/logs/plugins/w/woo-yml-exporter/error.json"}
,
{"message":"Uncaught ArgumentCountError: Too few arguments to function WP_Widget::__construct(), 0 passed in /wordpress/wp-includes/class-wp-widget-factory.php on line 62 and at least 2 expected in /wordpress/wp-includes/class-wp-widget.php:163","level":"FATAL","type":"PHP","test":"ast-sqlite-boot","plugin":"woo-yml-exporter","details":"[14-Jun-2025 07:49:10 UTC] PHP Fatal error:  Uncaught ArgumentCountError: Too few arguments to function WP_Widget::__construct(), 0 passed in /wordpress/wp-includes/class-wp-widget-factory.php on line 62 and at least 2 expected in /wordpress/wp-includes/class-wp-widget.php:163\nStack trace:\n#0 /wordpress/wp-includes/class-wp-widget-factory.php(62): WP_Widget->__construct()\n#1 /wordpress/wp-includes/widgets.php(123): WP_Widget_Factory->register('WiwitnessWidget')\n#2 /wordpress/wp-content/plugins/wiwitness-testimonials/wiwitness-testimonials.php(90): register_widget('WiwitnessWidget')\n#3 /wordpress/wp-includes/class-wp-hook.php(324): wiwitness_widget_init('')\n#4 /wordpress/wp-includes/class-wp-hook.php(348): WP_Hook->apply_filters(NULL, Array)\n#5 /wordpress/wp-includes/plugin.php(517): WP_Hook->do_action(Array)\n#6 /wordpress/wp-includes/widgets.php(1870): do_action('widgets_init')\n#7 /wordpress/wp-includes/class-wp-hook.php(324): wp_widgets_init('')\n#8 /wordpress/wp-includes/class-wp-hook.php(348): WP_Hook->apply_filters(NULL, Array)\n#9 /wordpress/wp-includes/plugin.php(517): WP_Hook->do_action(Array)\n#10 /wordpress/wp-settings.php(727): do_action('init')\n#11 /wordpress/wp-config.php(102): require_once('/wordpress/wp-s...')\n#12 /wordpress/wp-load.php(50): require_once('/wordpress/wp-c...')\n#13 /internal/eval.php(3): require_once('/wordpress/wp-l...')\n#14 {main}\n  thrown in /wordpress/wp-includes/class-wp-widget.php on line 163","log":"/logs/plugins/w/woo-yml-exporter/error.json"}
,
{"message":"Uncaught ArgumentCountError: Too few arguments to function WP_Widget::__construct(), 0 passed in /wordpress/wp-includes/class-wp-widget-factory.php on line 62 and at least 2 expected in /wordpress/wp-includes/class-wp-widget.php:163","level":"FATAL","type":"PHP","test":"ast-sqlite-boot","plugin":"woo-yml-exporter","details":"[14-Jun-2025 07:49:20 UTC] PHP Fatal error:  Uncaught ArgumentCountError: Too few arguments to function WP_Widget::__construct(), 0 passed in /wordpress/wp-includes/class-wp-widget-factory.php on line 62 and at least 2 expected in /wordpress/wp-includes/class-wp-widget.php:163\nStack trace:\n#0 /wordpress/wp-includes/class-wp-widget-factory.php(62): WP_Widget->__construct()\n#1 /wordpress/wp-includes/widgets.php(123): WP_Widget_Factory->register('WiwitnessWidget')\n#2 /wordpress/wp-content/plugins/wiwitness-testimonials/wiwitness-testimonials.php(90): register_widget('WiwitnessWidget')\n#3 /wordpress/wp-includes/class-wp-hook.php(324): wiwitness_widget_init('')\n#4 /wordpress/wp-includes/class-wp-hook.php(348): WP_Hook->apply_filters(NULL, Array)\n#5 /wordpress/wp-includes/plugin.php(517): WP_Hook->do_action(Array)\n#6 /wordpress/wp-includes/widgets.php(1870): do_action('widgets_init')\n#7 /wordpress/wp-includes/class-wp-hook.php(324): wp_widgets_init('')\n#8 /wordpress/wp-includes/class-wp-hook.php(348): WP_Hook->apply_filters(NULL, Array)\n#9 /wordpress/wp-includes/plugin.php(517): WP_Hook->do_action(Array)\n#10 /wordpress/wp-settings.php(727): do_action('init')\n#11 /wordpress/wp-config.php(102): require_once('/wordpress/wp-s...')\n#12 /wordpress/wp-load.php(50): require_once('/wordpress/wp-c...')\n#13 /internal/eval.php(3): require_once('/wordpress/wp-l...')\n#14 {main}\n  thrown in /wordpress/wp-includes/class-wp-widget.php on line 163","log":"/logs/plugins/w/woo-yml-exporter/error.json"}
,
{"message":"Uncaught Exception: Плагин Woocommerce неактивен. Активируйте его и повторите активацию плагина Yml Export in /wordpress/wp-content/plugins/woo-yml-exporter/includes/class-yml-exporter-activator.php:30","level":"FATAL","type":"PHP","test":"ast-sqlite-boot","plugin":"woo-yml-exporter","details":"[14-Jun-2025 07:53:00 UTC] PHP Fatal error:  Uncaught Exception: Плагин Woocommerce неактивен. Активируйте его и повторите активацию плагина Yml Export in /wordpress/wp-content/plugins/woo-yml-exporter/includes/class-yml-exporter-activator.php:30\nStack trace:\n#0 /wordpress/wp-content/plugins/woo-yml-exporter/yml-exporter.php(32): Yml_Exporter_Activator::activate()\n#1 /wordpress/wp-includes/class-wp-hook.php(324): activate_yml_exporter(false)\n#2 /wordpress/wp-includes/class-wp-hook.php(348): WP_Hook->apply_filters('', Array)\n#3 /wordpress/wp-includes/plugin.php(517): WP_Hook->do_action(Array)\n#4 /wordpress/wp-admin/includes/plugin.php(703): do_action('activate_woo-ym...', false)\n#5 /internal/eval.php(20): activate_plugin('woo-yml-exporte...')\n#6 {main}\n  thrown in /wordpress/wp-content/plugins/woo-yml-exporter/includes/class-yml-exporter-activator.php on line 30\n\n    at Object.onBind (file:///home/runner/work/playground-tester/playground-tester/node_modules/@wp-playground/cli/run-cli-j-geJYS3.js:325:15)\n    at process.processTicksAndRejections (node:internal/process/task_queues:105:5)\n    at async re (file:///home/runner/work/playground-tester/playground-tester/node_modules/@wp-playground/cli/run-cli-j-geJYS3.js:149:10) {\n  [cause]: Error: Error when executing the blueprint step #5 ({\"step\":\"installPlugin\",\"pluginData\":{\"resource\":\"wordpress.org/plugins\",\"slug\":\"woo-yml-exporter\"},\"options\":{\"activate\":true}}) : PHP.run() failed with exit code 255 and the following output: \n      at Object.run (file:///home/runner/work/playground-tester/playground-tester/node_modules/@wp-playground/blueprints/index.js:12093:19)\n      at process.processTicksAndRejections (node:internal/process/task_queues:105:5)\n      at async ys (file:///home/runner/work/playground-tester/playground-tester/node_modules/@wp-playground/blueprints/index.js:12196:3)\n      at async Object.onBind (file:///home/runner/work/playground-tester/playground-tester/node_modules/@wp-playground/cli/run-cli-j-geJYS3.js:315:48)\n      at async re (file:///home/runner/work/playground-tester/playground-tester/node_modules/@wp-playground/cli/run-cli-j-geJYS3.js:149:10) {\n    [cause]: PHPExecutionFailureError: PHP.run() failed with exit code 255 and the following output: \n        at PHP.run (file:///home/runner/work/playground-tester/playground-tester/node_modules/@php-wasm/universal/index.js:1034:19)\n        at process.processTicksAndRejections (node:internal/process/task_queues:105:5)\n        at async wr (file:///home/runner/work/playground-tester/playground-tester/node_modules/@wp-playground/blueprints/index.js:34:39)\n        at async Object.gt [as installPlugin] (file:///home/runner/work/playground-tester/playground-tester/node_modules/@wp-playground/blueprints/index.js:631:42)\n        at async g (file:///home/runner/work/playground-tester/playground-tester/node_modules/@wp-playground/blueprints/index.js:12161:30)\n        at async Object.run (file:///home/runner/work/playground-tester/playground-tester/node_modules/@wp-playground/blueprints/index.js:12090:23)\n        at async ys (file:///home/runner/work/playground-tester/playground-tester/node_modules/@wp-playground/blueprints/index.js:12196:3)\n        at async Object.onBind (file:///home/runner/work/playground-tester/playground-tester/node_modules/@wp-playground/cli/run-cli-j-geJYS3.js:315:48)\n        at async re (file:///home/runner/work/playground-tester/playground-tester/node_modules/@wp-playground/cli/run-cli-j-geJYS3.js:149:10) {\n      response: PHPResponse {\n        httpStatusCode: 500,\n        headers: {\n          'x-powered-by': [ 'PHP/8.0.30-dev' ],\n          'content-type': [ 'text/html; charset=UTF-8' ]\n        },\n        bytes: Uint8Array(0) [],\n        exitCode: 255,\n        errors: ''\n      },\n      source: 'request'\n    }\n  }\n}\n\n","log":"/logs/plugins/w/woo-yml-exporter/error.json"}
]
