file:///home/runner/work/playground-tester/playground-tester/node_modules/@wp-playground/cli/run-cli-j-geJYS3.js:325
        throw new Error($, { cause: h });
              ^

Error: [28-Jun-2025 08:34:21 UTC] PHP Deprecated:  Function register_sidebar_widget is <strong>deprecated</strong> since version 2.8.0! Use wp_register_sidebar_widget() instead. in /wordpress/wp-includes/functions.php on line 6121
[28-Jun-2025 08:34:30 UTC] PHP Deprecated:  Function register_sidebar_widget is <strong>deprecated</strong> since version 2.8.0! Use wp_register_sidebar_widget() instead. in /wordpress/wp-includes/functions.php on line 6121
[28-Jun-2025 08:34:41 UTC] PHP Deprecated:  Function register_sidebar_widget is <strong>deprecated</strong> since version 2.8.0! Use wp_register_sidebar_widget() instead. in /wordpress/wp-includes/functions.php on line 6121
[28-Jun-2025 08:34:50 UTC] PHP Fatal error:  Uncaught Error: Class "SoapClient" not found in /wordpress/wp-content/plugins/openotp-authentication/openotp.class.php:234
Stack trace:
#0 /wordpress/wp-content/plugins/openotp-authentication/openotp.php(104): require()
#1 /wordpress/wp-content/plugins/openotp-authentication/openotp.php(89): OpenOTP_auth->setup()
#2 /wordpress/wp-content/plugins/openotp-authentication/openotp.php(730): OpenOTP_auth::instance()
#3 /wordpress/wp-admin/includes/plugin.php(2387): include_once('/wordpress/wp-c...')
#4 /wordpress/wp-admin/includes/plugin.php(673): plugin_sandbox_scrape('openotp-authent...')
#5 /internal/eval.php(20): activate_plugin('openotp-authent...')
#6 {main}
  thrown in /wordpress/wp-content/plugins/openotp-authentication/openotp.class.php on line 234
[28-Jun-2025 08:34:58 UTC] PHP Fatal error:  Uncaught Error: Class "SoapClient" not found in /wordpress/wp-content/plugins/openotp-authentication/openotp.class.php:234
Stack trace:
#0 /wordpress/wp-content/plugins/openotp-authentication/openotp.php(104): require()
#1 /wordpress/wp-content/plugins/openotp-authentication/openotp.php(89): OpenOTP_auth->setup()
#2 /wordpress/wp-content/plugins/openotp-authentication/openotp.php(730): OpenOTP_auth::instance()
#3 /wordpress/wp-admin/includes/plugin.php(2387): include_once('/wordpress/wp-c...')
#4 /wordpress/wp-admin/includes/plugin.php(673): plugin_sandbox_scrape('openotp-authent...')
#5 /internal/eval.php(20): activate_plugin('openotp-authent...')
#6 {main}
  thrown in /wordpress/wp-content/plugins/openotp-authentication/openotp.class.php on line 234
[28-Jun-2025 08:35:06 UTC] PHP Fatal error:  Uncaught Error: Class "SoapClient" not found in /wordpress/wp-content/plugins/openotp-authentication/openotp.class.php:234
Stack trace:
#0 /wordpress/wp-content/plugins/openotp-authentication/openotp.php(104): require()
#1 /wordpress/wp-content/plugins/openotp-authentication/openotp.php(89): OpenOTP_auth->setup()
#2 /wordpress/wp-content/plugins/openotp-authentication/openotp.php(730): OpenOTP_auth::instance()
#3 /wordpress/wp-admin/includes/plugin.php(2387): include_once('/wordpress/wp-c...')
#4 /wordpress/wp-admin/includes/plugin.php(673): plugin_sandbox_scrape('openotp-authent...')
#5 /internal/eval.php(20): activate_plugin('openotp-authent...')
#6 {main}
  thrown in /wordpress/wp-content/plugins/openotp-authentication/openotp.class.php on line 234
[28-Jun-2025 08:35:16 UTC] PHP Notice:  date_default_timezone_set(): Timezone ID '' is invalid in /wordpress/wp-content/plugins/resume-submissions-job-postings/resume-submission.php on line 19
[28-Jun-2025 08:35:16 UTC] PHP Warning:  Undefined variable $hook in /wordpress/wp-content/plugins/resume-submissions-job-postings/resume-submission.php on line 128
[28-Jun-2025 08:35:16 UTC] PHP Deprecated:  Required parameter $blank follows optional parameter $selected in /wordpress/wp-content/plugins/resume-submissions-job-postings/includes/functions.php on line 23
[28-Jun-2025 08:35:17 UTC] PHP Notice:  date_default_timezone_set(): Timezone ID '' is invalid in /wordpress/wp-content/plugins/resume-submissions-job-postings/resume-submission.php on line 19
[28-Jun-2025 08:35:17 UTC] PHP Notice:  Function wp_enqueue_script was called <strong>incorrectly</strong>. Scripts and styles should not be registered or enqueued until the <code>wp_enqueue_scripts</code>, <code>admin_enqueue_scripts</code>, or <code>login_enqueue_scripts</code> hooks. This notice was triggered by the <code>jquery</code> handle. Please see <a href="https://developer.wordpress.org/advanced-administration/debug/debug-wordpress/">Debugging in WordPress</a> for more information. (This message was added in version 3.3.0.) in /wordpress/wp-includes/functions.php on line 6121
[28-Jun-2025 08:35:17 UTC] PHP Warning:  Undefined variable $hook in /wordpress/wp-content/plugins/resume-submissions-job-postings/resume-submission.php on line 128
[28-Jun-2025 08:35:17 UTC] PHP Deprecated:  Required parameter $blank follows optional parameter $selected in /wordpress/wp-content/plugins/resume-submissions-job-postings/includes/functions.php on line 23
[28-Jun-2025 08:35:17 UTC] PHP Fatal error:  Uncaught TypeError: call_user_func_array(): Argument #1 ($callback) must be a valid callback, non-static method resume_job_postings::register() cannot be called statically in /wordpress/wp-includes/class-wp-hook.php:324
Stack trace:
#0 /wordpress/wp-includes/class-wp-hook.php(348): WP_Hook->apply_filters(NULL, Array)
#1 /wordpress/wp-includes/plugin.php(517): WP_Hook->do_action(Array)
#2 /wordpress/wp-includes/widgets.php(1870): do_action('widgets_init')
#3 /wordpress/wp-includes/class-wp-hook.php(324): wp_widgets_init('')
#4 /wordpress/wp-includes/class-wp-hook.php(348): WP_Hook->apply_filters(NULL, Array)
#5 /wordpress/wp-includes/plugin.php(517): WP_Hook->do_action(Array)
#6 /wordpress/wp-settings.php(727): do_action('init')
#7 /wordpress/wp-config.php(102): require_once('/wordpress/wp-s...')
#8 /wordpress/wp-load.php(50): require_once('/wordpress/wp-c...')
#9 /internal/eval.php(3): require_once('/wordpress/wp-l...')
#10 {main}
  thrown in /wordpress/wp-includes/class-wp-hook.php on line 324
[28-Jun-2025 08:35:26 UTC] PHP Notice:  date_default_timezone_set(): Timezone ID '' is invalid in /wordpress/wp-content/plugins/resume-submissions-job-postings/resume-submission.php on line 19
[28-Jun-2025 08:35:26 UTC] PHP Warning:  Undefined variable $hook in /wordpress/wp-content/plugins/resume-submissions-job-postings/resume-submission.php on line 128
[28-Jun-2025 08:35:26 UTC] PHP Deprecated:  Required parameter $blank follows optional parameter $selected in /wordpress/wp-content/plugins/resume-submissions-job-postings/includes/functions.php on line 23
[28-Jun-2025 08:35:27 UTC] PHP Notice:  date_default_timezone_set(): Timezone ID '' is invalid in /wordpress/wp-content/plugins/resume-submissions-job-postings/resume-submission.php on line 19
[28-Jun-2025 08:35:27 UTC] PHP Notice:  Function wp_enqueue_script was called <strong>incorrectly</strong>. Scripts and styles should not be registered or enqueued until the <code>wp_enqueue_scripts</code>, <code>admin_enqueue_scripts</code>, or <code>login_enqueue_scripts</code> hooks. This notice was triggered by the <code>jquery</code> handle. Please see <a href="https://developer.wordpress.org/advanced-administration/debug/debug-wordpress/">Debugging in WordPress</a> for more information. (This message was added in version 3.3.0.) in /wordpress/wp-includes/functions.php on line 6121
[28-Jun-2025 08:35:27 UTC] PHP Warning:  Undefined variable $hook in /wordpress/wp-content/plugins/resume-submissions-job-postings/resume-submission.php on line 128
[28-Jun-2025 08:35:27 UTC] PHP Deprecated:  Required parameter $blank follows optional parameter $selected in /wordpress/wp-content/plugins/resume-submissions-job-postings/includes/functions.php on line 23
[28-Jun-2025 08:35:27 UTC] PHP Fatal error:  Uncaught TypeError: call_user_func_array(): Argument #1 ($callback) must be a valid callback, non-static method resume_job_postings::register() cannot be called statically in /wordpress/wp-includes/class-wp-hook.php:324
Stack trace:
#0 /wordpress/wp-includes/class-wp-hook.php(348): WP_Hook->apply_filters(NULL, Array)
#1 /wordpress/wp-includes/plugin.php(517): WP_Hook->do_action(Array)
#2 /wordpress/wp-includes/widgets.php(1870): do_action('widgets_init')
#3 /wordpress/wp-includes/class-wp-hook.php(324): wp_widgets_init('')
#4 /wordpress/wp-includes/class-wp-hook.php(348): WP_Hook->apply_filters(NULL, Array)
#5 /wordpress/wp-includes/plugin.php(517): WP_Hook->do_action(Array)
#6 /wordpress/wp-settings.php(727): do_action('init')
#7 /wordpress/wp-config.php(102): require_once('/wordpress/wp-s...')
#8 /wordpress/wp-load.php(50): require_once('/wordpress/wp-c...')
#9 /internal/eval.php(3): require_once('/wordpress/wp-l...')
#10 {main}
  thrown in /wordpress/wp-includes/class-wp-hook.php on line 324
[28-Jun-2025 08:35:36 UTC] PHP Notice:  date_default_timezone_set(): Timezone ID '' is invalid in /wordpress/wp-content/plugins/resume-submissions-job-postings/resume-submission.php on line 19
[28-Jun-2025 08:35:36 UTC] PHP Warning:  Undefined variable $hook in /wordpress/wp-content/plugins/resume-submissions-job-postings/resume-submission.php on line 128
[28-Jun-2025 08:35:36 UTC] PHP Deprecated:  Required parameter $blank follows optional parameter $selected in /wordpress/wp-content/plugins/resume-submissions-job-postings/includes/functions.php on line 23
[28-Jun-2025 08:35:38 UTC] PHP Notice:  date_default_timezone_set(): Timezone ID '' is invalid in /wordpress/wp-content/plugins/resume-submissions-job-postings/resume-submission.php on line 19
[28-Jun-2025 08:35:38 UTC] PHP Notice:  Function wp_enqueue_script was called <strong>incorrectly</strong>. Scripts and styles should not be registered or enqueued until the <code>wp_enqueue_scripts</code>, <code>admin_enqueue_scripts</code>, or <code>login_enqueue_scripts</code> hooks. This notice was triggered by the <code>jquery</code> handle. Please see <a href="https://developer.wordpress.org/advanced-administration/debug/debug-wordpress/">Debugging in WordPress</a> for more information. (This message was added in version 3.3.0.) in /wordpress/wp-includes/functions.php on line 6121
[28-Jun-2025 08:35:38 UTC] PHP Warning:  Undefined variable $hook in /wordpress/wp-content/plugins/resume-submissions-job-postings/resume-submission.php on line 128
[28-Jun-2025 08:35:38 UTC] PHP Deprecated:  Required parameter $blank follows optional parameter $selected in /wordpress/wp-content/plugins/resume-submissions-job-postings/includes/functions.php on line 23
[28-Jun-2025 08:35:38 UTC] PHP Fatal error:  Uncaught TypeError: call_user_func_array(): Argument #1 ($callback) must be a valid callback, non-static method resume_job_postings::register() cannot be called statically in /wordpress/wp-includes/class-wp-hook.php:324
Stack trace:
#0 /wordpress/wp-includes/class-wp-hook.php(348): WP_Hook->apply_filters(NULL, Array)
#1 /wordpress/wp-includes/plugin.php(517): WP_Hook->do_action(Array)
#2 /wordpress/wp-includes/widgets.php(1870): do_action('widgets_init')
#3 /wordpress/wp-includes/class-wp-hook.php(324): wp_widgets_init('')
#4 /wordpress/wp-includes/class-wp-hook.php(348): WP_Hook->apply_filters(NULL, Array)
#5 /wordpress/wp-includes/plugin.php(517): WP_Hook->do_action(Array)
#6 /wordpress/wp-settings.php(727): do_action('init')
#7 /wordpress/wp-config.php(102): require_once('/wordpress/wp-s...')
#8 /wordpress/wp-load.php(50): require_once('/wordpress/wp-c...')
#9 /internal/eval.php(3): require_once('/wordpress/wp-l...')
#10 {main}
  thrown in /wordpress/wp-includes/class-wp-hook.php on line 324
[28-Jun-2025 08:36:45 UTC] [ERROR] Please configure Openpublishing plugin with API Host and Realm ID and Brand name
[28-Jun-2025 08:36:46 UTC] [ERROR] Please configure Openpublishing plugin with API Host and Realm ID and Brand name
[28-Jun-2025 08:36:54 UTC] [ERROR] Please configure Openpublishing plugin with API Host and Realm ID and Brand name
[28-Jun-2025 08:36:55 UTC] [ERROR] Please configure Openpublishing plugin with API Host and Realm ID and Brand name
[28-Jun-2025 08:37:03 UTC] [ERROR] Please configure Openpublishing plugin with API Host and Realm ID and Brand name
[28-Jun-2025 08:37:04 UTC] [ERROR] Please configure Openpublishing plugin with API Host and Realm ID and Brand name
[28-Jun-2025 08:37:13 UTC] PHP Fatal error:  Array and string offset access syntax with curly braces is no longer supported in /wordpress/wp-content/plugins/opensearchserver-search/opensearchserver_admin.php on line 411
[28-Jun-2025 08:37:22 UTC] PHP Fatal error:  Array and string offset access syntax with curly braces is no longer supported in /wordpress/wp-content/plugins/opensearchserver-search/opensearchserver_admin.php on line 411
[28-Jun-2025 08:37:30 UTC] PHP Fatal error:  Array and string offset access syntax with curly braces is no longer supported in /wordpress/wp-content/plugins/opensearchserver-search/opensearchserver_admin.php on line 411
[28-Jun-2025 08:38:11 UTC] PHP Fatal error:  Uncaught Error: Undefined constant "OW_URL" in /wordpress/wp-content/plugins/openwallet/open-wallet.php:28
Stack trace:
#0 /wordpress/wp-admin/includes/plugin.php(2387): include_once()
#1 /wordpress/wp-admin/includes/plugin.php(673): plugin_sandbox_scrape('openwallet/open...')
#2 /internal/eval.php(20): activate_plugin('openwallet/open...')
#3 {main}
  thrown in /wordpress/wp-content/plugins/openwallet/open-wallet.php on line 28
[28-Jun-2025 08:38:19 UTC] PHP Fatal error:  Uncaught Error: Undefined constant "OW_URL" in /wordpress/wp-content/plugins/openwallet/open-wallet.php:28
Stack trace:
#0 /wordpress/wp-admin/includes/plugin.php(2387): include_once()
#1 /wordpress/wp-admin/includes/plugin.php(673): plugin_sandbox_scrape('openwallet/open...')
#2 /internal/eval.php(20): activate_plugin('openwallet/open...')
#3 {main}
  thrown in /wordpress/wp-content/plugins/openwallet/open-wallet.php on line 28
[28-Jun-2025 08:38:27 UTC] PHP Fatal error:  Uncaught Error: Undefined constant "OW_URL" in /wordpress/wp-content/plugins/openwallet/open-wallet.php:28
Stack trace:
#0 /wordpress/wp-admin/includes/plugin.php(2387): include_once()
#1 /wordpress/wp-admin/includes/plugin.php(673): plugin_sandbox_scrape('openwallet/open...')
#2 /internal/eval.php(20): activate_plugin('openwallet/open...')
#3 {main}
  thrown in /wordpress/wp-content/plugins/openwallet/open-wallet.php on line 28

    at Object.onBind (file:///home/runner/work/playground-tester/playground-tester/node_modules/@wp-playground/cli/run-cli-j-geJYS3.js:325:15)
    at async re (file:///home/runner/work/playground-tester/playground-tester/node_modules/@wp-playground/cli/run-cli-j-geJYS3.js:149:10) {
  [cause]: Error: Error when executing the blueprint step #5 ({"step":"installPlugin","pluginData":{"resource":"wordpress.org/plugins","slug":"operatornaklik-cz"},"options":{"activate":true}}) : Plugin /wordpress/wp-content/plugins/operatornaklik-cz could not be activated – WordPress exited with no error. Sometimes, when $_SERVER or site options are not configured correctly, WordPress exits early with a 301 redirect. Inspect the "debug" logs in the console for more details.
      at Object.run (file:///home/runner/work/playground-tester/playground-tester/node_modules/@wp-playground/blueprints/index.js:12093:19)
      at async ys (file:///home/runner/work/playground-tester/playground-tester/node_modules/@wp-playground/blueprints/index.js:12196:3)
      at async Object.onBind (file:///home/runner/work/playground-tester/playground-tester/node_modules/@wp-playground/cli/run-cli-j-geJYS3.js:315:48)
      at async re (file:///home/runner/work/playground-tester/playground-tester/node_modules/@wp-playground/cli/run-cli-j-geJYS3.js:149:10) {
    [cause]: Error: Plugin /wordpress/wp-content/plugins/operatornaklik-cz could not be activated – WordPress exited with no error. Sometimes, when $_SERVER or site options are not configured correctly, WordPress exits early with a 301 redirect. Inspect the "debug" logs in the console for more details.
        at wr (file:///home/runner/work/playground-tester/playground-tester/node_modules/@wp-playground/blueprints/index.js:120:51)
        at async Object.gt [as installPlugin] (file:///home/runner/work/playground-tester/playground-tester/node_modules/@wp-playground/blueprints/index.js:631:42)
        at async g (file:///home/runner/work/playground-tester/playground-tester/node_modules/@wp-playground/blueprints/index.js:12161:30)
        at async Object.run (file:///home/runner/work/playground-tester/playground-tester/node_modules/@wp-playground/blueprints/index.js:12090:23)
        at async ys (file:///home/runner/work/playground-tester/playground-tester/node_modules/@wp-playground/blueprints/index.js:12196:3)
        at async Object.onBind (file:///home/runner/work/playground-tester/playground-tester/node_modules/@wp-playground/cli/run-cli-j-geJYS3.js:315:48)
        at async re (file:///home/runner/work/playground-tester/playground-tester/node_modules/@wp-playground/cli/run-cli-j-geJYS3.js:149:10)
  }
}

Node.js v23.11.0
