[
{"message":"file:///home/runner/work/playground-tester/playground-tester/node_modules/@wp-playground/cli/index.js:237\n        throw new Error(y, { cause: u });\n              ^\n","level":"FATAL","type":"PLAYGROUND","test":"asyncify-boot","plugin":"woo-offline-credit-card-payment-gateway","details":"file:///home/runner/work/playground-tester/playground-tester/node_modules/@wp-playground/cli/index.js:237\n        throw new Error(y, { cause: u });\n              ^\n","log":"/tmp/tmp.H31G2ZCB4P"}
,
{"message":"The use statement with non-compound name 'Exception' has no effect in /wordpress/wp-content/plugins/wl-wc-newsletter/db/upgrade_to_1_1.php on line 5","level":"WARNING","type":"PHP","test":"asyncify-boot","plugin":"woo-offline-credit-card-payment-gateway","details":"[09-May-2025 04:55:12 UTC] PHP Warning:  The use statement with non-compound name 'Exception' has no effect in /wordpress/wp-content/plugins/wl-wc-newsletter/db/upgrade_to_1_1.php on line 5","log":"/logs/plugins/w/woo-offline-credit-card-payment-gateway/error.json"}
,
{"message":"The use statement with non-compound name 'PDOException' has no effect in /wordpress/wp-content/plugins/wl-wc-newsletter/db/upgrade_to_1_1.php on line 6","level":"WARNING","type":"PHP","test":"asyncify-boot","plugin":"woo-offline-credit-card-payment-gateway","details":"[09-May-2025 04:55:12 UTC] PHP Warning:  The use statement with non-compound name 'PDOException' has no effect in /wordpress/wp-content/plugins/wl-wc-newsletter/db/upgrade_to_1_1.php on line 6","log":"/logs/plugins/w/woo-offline-credit-card-payment-gateway/error.json"}
,
{"message":"The use statement with non-compound name 'PDO' has no effect in /wordpress/wp-content/plugins/wl-wc-newsletter/db/upgrade_to_1_1.php on line 7","level":"WARNING","type":"PHP","test":"asyncify-boot","plugin":"woo-offline-credit-card-payment-gateway","details":"[09-May-2025 04:55:12 UTC] PHP Warning:  The use statement with non-compound name 'PDO' has no effect in /wordpress/wp-content/plugins/wl-wc-newsletter/db/upgrade_to_1_1.php on line 7","log":"/logs/plugins/w/woo-offline-credit-card-payment-gateway/error.json"}
,
{"message":"Uncaught PDOException: SQLSTATE[HY000] [2002] Address family not supported by protocol in /wordpress/wp-content/plugins/wl-wc-newsletter/db/upgrade_to_1_1.php:20","level":"FATAL","type":"PHP","test":"asyncify-boot","plugin":"woo-offline-credit-card-payment-gateway","details":"[09-May-2025 04:55:12 UTC] PHP Fatal error:  Uncaught PDOException: SQLSTATE[HY000] [2002] Address family not supported by protocol in /wordpress/wp-content/plugins/wl-wc-newsletter/db/upgrade_to_1_1.php:20\nStack trace:\n#0 /wordpress/wp-content/plugins/wl-wc-newsletter/db/upgrade_to_1_1.php(20): PDO->__construct('mysql:host=loca...', 'username_here', 'password_here')\n#1 /wordpress/wp-content/plugins/wl-wc-newsletter/db/migrate.php(159): require_once('/wordpress/wp-c...')\n#2 /wordpress/wp-content/plugins/wl-wc-newsletter/admin_functions.php(390): require_once('/wordpress/wp-c...')\n#3 /wordpress/wp-includes/class-wp-hook.php(324): wlwcn_activated(false)\n#4 /wordpress/wp-includes/class-wp-hook.php(348): WP_Hook->apply_filters('', Array)\n#5 /wordpress/wp-includes/plugin.php(517): WP_Hook->do_action(Array)\n#6 /wordpress/wp-admin/includes/plugin.php(703): do_action('activate_wl-wc-...', false)\n#7 /internal/eval.php(20): activate_plugin('wl-wc-newslette...')\n#8 {main}\n  thrown in /wordpress/wp-content/plugins/wl-wc-newsletter/db/upgrade_to_1_1.php on line 20","log":"/logs/plugins/w/woo-offline-credit-card-payment-gateway/error.json"}
,
{"message":"The use statement with non-compound name 'Exception' has no effect in /wordpress/wp-content/plugins/wl-wc-newsletter/db/upgrade_to_1_1.php on line 5","level":"WARNING","type":"PHP","test":"asyncify-boot","plugin":"woo-offline-credit-card-payment-gateway","details":"[09-May-2025 04:55:25 UTC] PHP Warning:  The use statement with non-compound name 'Exception' has no effect in /wordpress/wp-content/plugins/wl-wc-newsletter/db/upgrade_to_1_1.php on line 5","log":"/logs/plugins/w/woo-offline-credit-card-payment-gateway/error.json"}
,
{"message":"The use statement with non-compound name 'PDOException' has no effect in /wordpress/wp-content/plugins/wl-wc-newsletter/db/upgrade_to_1_1.php on line 6","level":"WARNING","type":"PHP","test":"asyncify-boot","plugin":"woo-offline-credit-card-payment-gateway","details":"[09-May-2025 04:55:25 UTC] PHP Warning:  The use statement with non-compound name 'PDOException' has no effect in /wordpress/wp-content/plugins/wl-wc-newsletter/db/upgrade_to_1_1.php on line 6","log":"/logs/plugins/w/woo-offline-credit-card-payment-gateway/error.json"}
,
{"message":"The use statement with non-compound name 'PDO' has no effect in /wordpress/wp-content/plugins/wl-wc-newsletter/db/upgrade_to_1_1.php on line 7","level":"WARNING","type":"PHP","test":"asyncify-boot","plugin":"woo-offline-credit-card-payment-gateway","details":"[09-May-2025 04:55:25 UTC] PHP Warning:  The use statement with non-compound name 'PDO' has no effect in /wordpress/wp-content/plugins/wl-wc-newsletter/db/upgrade_to_1_1.php on line 7","log":"/logs/plugins/w/woo-offline-credit-card-payment-gateway/error.json"}
,
{"message":"Uncaught PDOException: SQLSTATE[HY000] [2002] Address family not supported by protocol in /wordpress/wp-content/plugins/wl-wc-newsletter/db/upgrade_to_1_1.php:20","level":"FATAL","type":"PHP","test":"asyncify-boot","plugin":"woo-offline-credit-card-payment-gateway","details":"[09-May-2025 04:55:25 UTC] PHP Fatal error:  Uncaught PDOException: SQLSTATE[HY000] [2002] Address family not supported by protocol in /wordpress/wp-content/plugins/wl-wc-newsletter/db/upgrade_to_1_1.php:20\nStack trace:\n#0 /wordpress/wp-content/plugins/wl-wc-newsletter/db/upgrade_to_1_1.php(20): PDO->__construct('mysql:host=loca...', 'username_here', 'password_here')\n#1 /wordpress/wp-content/plugins/wl-wc-newsletter/db/migrate.php(159): require_once('/wordpress/wp-c...')\n#2 /wordpress/wp-content/plugins/wl-wc-newsletter/admin_functions.php(390): require_once('/wordpress/wp-c...')\n#3 /wordpress/wp-includes/class-wp-hook.php(324): wlwcn_activated(false)\n#4 /wordpress/wp-includes/class-wp-hook.php(348): WP_Hook->apply_filters('', Array)\n#5 /wordpress/wp-includes/plugin.php(517): WP_Hook->do_action(Array)\n#6 /wordpress/wp-admin/includes/plugin.php(703): do_action('activate_wl-wc-...', false)\n#7 /internal/eval.php(20): activate_plugin('wl-wc-newslette...')\n#8 {main}\n  thrown in /wordpress/wp-content/plugins/wl-wc-newsletter/db/upgrade_to_1_1.php on line 20","log":"/logs/plugins/w/woo-offline-credit-card-payment-gateway/error.json"}
,
{"message":"The use statement with non-compound name 'Exception' has no effect in /wordpress/wp-content/plugins/wl-wc-newsletter/db/upgrade_to_1_1.php on line 5","level":"WARNING","type":"PHP","test":"asyncify-boot","plugin":"woo-offline-credit-card-payment-gateway","details":"[09-May-2025 04:55:38 UTC] PHP Warning:  The use statement with non-compound name 'Exception' has no effect in /wordpress/wp-content/plugins/wl-wc-newsletter/db/upgrade_to_1_1.php on line 5","log":"/logs/plugins/w/woo-offline-credit-card-payment-gateway/error.json"}
,
{"message":"The use statement with non-compound name 'PDOException' has no effect in /wordpress/wp-content/plugins/wl-wc-newsletter/db/upgrade_to_1_1.php on line 6","level":"WARNING","type":"PHP","test":"asyncify-boot","plugin":"woo-offline-credit-card-payment-gateway","details":"[09-May-2025 04:55:38 UTC] PHP Warning:  The use statement with non-compound name 'PDOException' has no effect in /wordpress/wp-content/plugins/wl-wc-newsletter/db/upgrade_to_1_1.php on line 6","log":"/logs/plugins/w/woo-offline-credit-card-payment-gateway/error.json"}
,
{"message":"The use statement with non-compound name 'PDO' has no effect in /wordpress/wp-content/plugins/wl-wc-newsletter/db/upgrade_to_1_1.php on line 7","level":"WARNING","type":"PHP","test":"asyncify-boot","plugin":"woo-offline-credit-card-payment-gateway","details":"[09-May-2025 04:55:38 UTC] PHP Warning:  The use statement with non-compound name 'PDO' has no effect in /wordpress/wp-content/plugins/wl-wc-newsletter/db/upgrade_to_1_1.php on line 7","log":"/logs/plugins/w/woo-offline-credit-card-payment-gateway/error.json"}
,
{"message":"Uncaught PDOException: SQLSTATE[HY000] [2002] Address family not supported by protocol in /wordpress/wp-content/plugins/wl-wc-newsletter/db/upgrade_to_1_1.php:20","level":"FATAL","type":"PHP","test":"asyncify-boot","plugin":"woo-offline-credit-card-payment-gateway","details":"[09-May-2025 04:55:38 UTC] PHP Fatal error:  Uncaught PDOException: SQLSTATE[HY000] [2002] Address family not supported by protocol in /wordpress/wp-content/plugins/wl-wc-newsletter/db/upgrade_to_1_1.php:20\nStack trace:\n#0 /wordpress/wp-content/plugins/wl-wc-newsletter/db/upgrade_to_1_1.php(20): PDO->__construct('mysql:host=loca...', 'username_here', 'password_here')\n#1 /wordpress/wp-content/plugins/wl-wc-newsletter/db/migrate.php(159): require_once('/wordpress/wp-c...')\n#2 /wordpress/wp-content/plugins/wl-wc-newsletter/admin_functions.php(390): require_once('/wordpress/wp-c...')\n#3 /wordpress/wp-includes/class-wp-hook.php(324): wlwcn_activated(false)\n#4 /wordpress/wp-includes/class-wp-hook.php(348): WP_Hook->apply_filters('', Array)\n#5 /wordpress/wp-includes/plugin.php(517): WP_Hook->do_action(Array)\n#6 /wordpress/wp-admin/includes/plugin.php(703): do_action('activate_wl-wc-...', false)\n#7 /internal/eval.php(20): activate_plugin('wl-wc-newslette...')\n#8 {main}\n  thrown in /wordpress/wp-content/plugins/wl-wc-newsletter/db/upgrade_to_1_1.php on line 20","log":"/logs/plugins/w/woo-offline-credit-card-payment-gateway/error.json"}
,
{"message":"Required parameter $params follows optional parameter $body in /wordpress/wp-content/plugins/woocommerce-mercadolivre/includes/class-ml.php on line 196","level":"DEPRECATED","type":"PHP","test":"asyncify-boot","plugin":"woo-offline-credit-card-payment-gateway","details":"[09-May-2025 04:57:31 UTC] PHP Deprecated:  Required parameter $params follows optional parameter $body in /wordpress/wp-content/plugins/woocommerce-mercadolivre/includes/class-ml.php on line 196","log":"/logs/plugins/w/woo-offline-credit-card-payment-gateway/error.json"}
,
{"message":"Required parameter $params follows optional parameter $file_path in /wordpress/wp-content/plugins/woocommerce-mercadolivre/includes/class-ml.php on line 251","level":"DEPRECATED","type":"PHP","test":"asyncify-boot","plugin":"woo-offline-credit-card-payment-gateway","details":"[09-May-2025 04:57:31 UTC] PHP Deprecated:  Required parameter $params follows optional parameter $file_path in /wordpress/wp-content/plugins/woocommerce-mercadolivre/includes/class-ml.php on line 251","log":"/logs/plugins/w/woo-offline-credit-card-payment-gateway/error.json"}
,
{"message":"Required parameter $params follows optional parameter $body in /wordpress/wp-content/plugins/woocommerce-mercadolivre/includes/class-ml.php on line 196","level":"DEPRECATED","type":"PHP","test":"asyncify-boot","plugin":"woo-offline-credit-card-payment-gateway","details":"[09-May-2025 04:57:39 UTC] PHP Deprecated:  Required parameter $params follows optional parameter $body in /wordpress/wp-content/plugins/woocommerce-mercadolivre/includes/class-ml.php on line 196","log":"/logs/plugins/w/woo-offline-credit-card-payment-gateway/error.json"}
,
{"message":"Required parameter $params follows optional parameter $file_path in /wordpress/wp-content/plugins/woocommerce-mercadolivre/includes/class-ml.php on line 251","level":"DEPRECATED","type":"PHP","test":"asyncify-boot","plugin":"woo-offline-credit-card-payment-gateway","details":"[09-May-2025 04:57:39 UTC] PHP Deprecated:  Required parameter $params follows optional parameter $file_path in /wordpress/wp-content/plugins/woocommerce-mercadolivre/includes/class-ml.php on line 251","log":"/logs/plugins/w/woo-offline-credit-card-payment-gateway/error.json"}
,
{"message":"Required parameter $params follows optional parameter $body in /wordpress/wp-content/plugins/woocommerce-mercadolivre/includes/class-ml.php on line 196","level":"DEPRECATED","type":"PHP","test":"asyncify-boot","plugin":"woo-offline-credit-card-payment-gateway","details":"[09-May-2025 04:57:48 UTC] PHP Deprecated:  Required parameter $params follows optional parameter $body in /wordpress/wp-content/plugins/woocommerce-mercadolivre/includes/class-ml.php on line 196","log":"/logs/plugins/w/woo-offline-credit-card-payment-gateway/error.json"}
,
{"message":"Required parameter $params follows optional parameter $file_path in /wordpress/wp-content/plugins/woocommerce-mercadolivre/includes/class-ml.php on line 251","level":"DEPRECATED","type":"PHP","test":"asyncify-boot","plugin":"woo-offline-credit-card-payment-gateway","details":"[09-May-2025 04:57:48 UTC] PHP Deprecated:  Required parameter $params follows optional parameter $file_path in /wordpress/wp-content/plugins/woocommerce-mercadolivre/includes/class-ml.php on line 251","log":"/logs/plugins/w/woo-offline-credit-card-payment-gateway/error.json"}
,
{"message":"[09-May-2025 04:59:45 UTC] [05-09-2025 04:59:44.800000 | 681d8bc0a31607.57748051] WARN ( 7.4.31-dev ): Wpo\\Services\\Options_Service::is_wpo365_configured -> WPO365 is not configured -> Tenant ID is missing.","level":"INFO","type":"OTHER","test":"asyncify-boot","plugin":"woo-offline-credit-card-payment-gateway","details":"[09-May-2025 04:59:45 UTC] [05-09-2025 04:59:44.800000 | 681d8bc0a31607.57748051] WARN ( 7.4.31-dev ): Wpo\\Services\\Options_Service::is_wpo365_configured -> WPO365 is not configured -> Tenant ID is missing.","log":"/logs/plugins/w/woo-offline-credit-card-payment-gateway/error.json"}
,
{"message":"[09-May-2025 04:59:45 UTC] [05-09-2025 04:59:44.818000 | 681d8bc0a31607.57748051] WARN ( 7.4.31-dev ): Wpo\\Services\\Options_Service::is_wpo365_configured -> WPO365 is not configured -> Application ID is missing.","level":"INFO","type":"OTHER","test":"asyncify-boot","plugin":"woo-offline-credit-card-payment-gateway","details":"[09-May-2025 04:59:45 UTC] [05-09-2025 04:59:44.818000 | 681d8bc0a31607.57748051] WARN ( 7.4.31-dev ): Wpo\\Services\\Options_Service::is_wpo365_configured -> WPO365 is not configured -> Application ID is missing.","log":"/logs/plugins/w/woo-offline-credit-card-payment-gateway/error.json"}
,
{"message":"[09-May-2025 04:59:45 UTC] [05-09-2025 04:59:44.818000 | 681d8bc0a31607.57748051] WARN ( 7.4.31-dev ): Wpo\\Services\\Options_Service::is_wpo365_configured -> WPO365 is not configured -> Redirect URL is missing.","level":"INFO","type":"OTHER","test":"asyncify-boot","plugin":"woo-offline-credit-card-payment-gateway","details":"[09-May-2025 04:59:45 UTC] [05-09-2025 04:59:44.818000 | 681d8bc0a31607.57748051] WARN ( 7.4.31-dev ): Wpo\\Services\\Options_Service::is_wpo365_configured -> WPO365 is not configured -> Redirect URL is missing.","log":"/logs/plugins/w/woo-offline-credit-card-payment-gateway/error.json"}
,
{"message":"[09-May-2025 04:59:57 UTC] [05-09-2025 04:59:56.692000 | 681d8bcc75eb86.22559059] WARN ( 7.4.31-dev ): Wpo\\Services\\Options_Service::is_wpo365_configured -> WPO365 is not configured -> Tenant ID is missing.","level":"INFO","type":"OTHER","test":"asyncify-boot","plugin":"woo-offline-credit-card-payment-gateway","details":"[09-May-2025 04:59:57 UTC] [05-09-2025 04:59:56.692000 | 681d8bcc75eb86.22559059] WARN ( 7.4.31-dev ): Wpo\\Services\\Options_Service::is_wpo365_configured -> WPO365 is not configured -> Tenant ID is missing.","log":"/logs/plugins/w/woo-offline-credit-card-payment-gateway/error.json"}
,
{"message":"[09-May-2025 04:59:57 UTC] [05-09-2025 04:59:56.700000 | 681d8bcc75eb86.22559059] WARN ( 7.4.31-dev ): Wpo\\Services\\Options_Service::is_wpo365_configured -> WPO365 is not configured -> Application ID is missing.","level":"INFO","type":"OTHER","test":"asyncify-boot","plugin":"woo-offline-credit-card-payment-gateway","details":"[09-May-2025 04:59:57 UTC] [05-09-2025 04:59:56.700000 | 681d8bcc75eb86.22559059] WARN ( 7.4.31-dev ): Wpo\\Services\\Options_Service::is_wpo365_configured -> WPO365 is not configured -> Application ID is missing.","log":"/logs/plugins/w/woo-offline-credit-card-payment-gateway/error.json"}
,
{"message":"[09-May-2025 04:59:57 UTC] [05-09-2025 04:59:56.700000 | 681d8bcc75eb86.22559059] WARN ( 7.4.31-dev ): Wpo\\Services\\Options_Service::is_wpo365_configured -> WPO365 is not configured -> Redirect URL is missing.","level":"INFO","type":"OTHER","test":"asyncify-boot","plugin":"woo-offline-credit-card-payment-gateway","details":"[09-May-2025 04:59:57 UTC] [05-09-2025 04:59:56.700000 | 681d8bcc75eb86.22559059] WARN ( 7.4.31-dev ): Wpo\\Services\\Options_Service::is_wpo365_configured -> WPO365 is not configured -> Redirect URL is missing.","log":"/logs/plugins/w/woo-offline-credit-card-payment-gateway/error.json"}
,
{"message":"[09-May-2025 05:00:08 UTC] [05-09-2025 05:00:07.945000 | 681d8bd7b42d00.28433847] WARN ( 7.4.31-dev ): Wpo\\Services\\Options_Service::is_wpo365_configured -> WPO365 is not configured -> Tenant ID is missing.","level":"INFO","type":"OTHER","test":"asyncify-boot","plugin":"woo-offline-credit-card-payment-gateway","details":"[09-May-2025 05:00:08 UTC] [05-09-2025 05:00:07.945000 | 681d8bd7b42d00.28433847] WARN ( 7.4.31-dev ): Wpo\\Services\\Options_Service::is_wpo365_configured -> WPO365 is not configured -> Tenant ID is missing.","log":"/logs/plugins/w/woo-offline-credit-card-payment-gateway/error.json"}
,
{"message":"[09-May-2025 05:00:08 UTC] [05-09-2025 05:00:07.951000 | 681d8bd7b42d00.28433847] WARN ( 7.4.31-dev ): Wpo\\Services\\Options_Service::is_wpo365_configured -> WPO365 is not configured -> Application ID is missing.","level":"INFO","type":"OTHER","test":"asyncify-boot","plugin":"woo-offline-credit-card-payment-gateway","details":"[09-May-2025 05:00:08 UTC] [05-09-2025 05:00:07.951000 | 681d8bd7b42d00.28433847] WARN ( 7.4.31-dev ): Wpo\\Services\\Options_Service::is_wpo365_configured -> WPO365 is not configured -> Application ID is missing.","log":"/logs/plugins/w/woo-offline-credit-card-payment-gateway/error.json"}
,
{"message":"[09-May-2025 05:00:08 UTC] [05-09-2025 05:00:07.952000 | 681d8bd7b42d00.28433847] WARN ( 7.4.31-dev ): Wpo\\Services\\Options_Service::is_wpo365_configured -> WPO365 is not configured -> Redirect URL is missing.","level":"INFO","type":"OTHER","test":"asyncify-boot","plugin":"woo-offline-credit-card-payment-gateway","details":"[09-May-2025 05:00:08 UTC] [05-09-2025 05:00:07.952000 | 681d8bd7b42d00.28433847] WARN ( 7.4.31-dev ): Wpo\\Services\\Options_Service::is_wpo365_configured -> WPO365 is not configured -> Redirect URL is missing.","log":"/logs/plugins/w/woo-offline-credit-card-payment-gateway/error.json"}
,
{"message":"ob_end_flush(): Failed to delete and flush buffer. No buffer to delete or flush in /wordpress/wp-content/plugins/we-minify-html/we-minify-html.php on line 29","level":"NOTICE","type":"PHP","test":"asyncify-boot","plugin":"woo-offline-credit-card-payment-gateway","details":"[09-May-2025 05:01:35 UTC] PHP Notice:  ob_end_flush(): Failed to delete and flush buffer. No buffer to delete or flush in /wordpress/wp-content/plugins/we-minify-html/we-minify-html.php on line 29","log":"/logs/plugins/w/woo-offline-credit-card-payment-gateway/error.json"}
,
{"message":"ob_end_flush(): Failed to delete and flush buffer. No buffer to delete or flush in /wordpress/wp-content/plugins/we-minify-html/we-minify-html.php on line 29","level":"NOTICE","type":"PHP","test":"asyncify-boot","plugin":"woo-offline-credit-card-payment-gateway","details":"[09-May-2025 05:01:44 UTC] PHP Notice:  ob_end_flush(): Failed to delete and flush buffer. No buffer to delete or flush in /wordpress/wp-content/plugins/we-minify-html/we-minify-html.php on line 29","log":"/logs/plugins/w/woo-offline-credit-card-payment-gateway/error.json"}
,
{"message":"ob_end_flush(): Failed to delete and flush buffer. No buffer to delete or flush in /wordpress/wp-content/plugins/we-minify-html/we-minify-html.php on line 29","level":"NOTICE","type":"PHP","test":"asyncify-boot","plugin":"woo-offline-credit-card-payment-gateway","details":"[09-May-2025 05:01:53 UTC] PHP Notice:  ob_end_flush(): Failed to delete and flush buffer. No buffer to delete or flush in /wordpress/wp-content/plugins/we-minify-html/we-minify-html.php on line 29","log":"/logs/plugins/w/woo-offline-credit-card-payment-gateway/error.json"}
,
{"message":"WP_SQLite_Information_Schema_Exception::__construct(): Implicitly marking parameter $previous as nullable is deprecated, the explicit nullable type must be used instead in /internal/shared/sqlite-database-integration/wp-includes/sqlite-ast/class-wp-sqlite-information-schema-exception.php on line 37","level":"DEPRECATED","type":"PHP","test":"asyncify-boot","plugin":"woo-offline-credit-card-payment-gateway","details":"[09-May-2025 05:02:01 UTC] PHP Deprecated:  WP_SQLite_Information_Schema_Exception::__construct(): Implicitly marking parameter $previous as nullable is deprecated, the explicit nullable type must be used instead in /internal/shared/sqlite-database-integration/wp-includes/sqlite-ast/class-wp-sqlite-information-schema-exception.php on line 37","log":"/logs/plugins/w/woo-offline-credit-card-payment-gateway/error.json"}
,
{"message":"WP_SQLite_Information_Schema_Exception::__construct(): Implicitly marking parameter $previous as nullable is deprecated, the explicit nullable type must be used instead in /internal/shared/sqlite-database-integration/wp-includes/sqlite-ast/class-wp-sqlite-information-schema-exception.php on line 37","level":"DEPRECATED","type":"PHP","test":"asyncify-boot","plugin":"woo-offline-credit-card-payment-gateway","details":"[09-May-2025 05:02:03 UTC] PHP Deprecated:  WP_SQLite_Information_Schema_Exception::__construct(): Implicitly marking parameter $previous as nullable is deprecated, the explicit nullable type must be used instead in /internal/shared/sqlite-database-integration/wp-includes/sqlite-ast/class-wp-sqlite-information-schema-exception.php on line 37","log":"/logs/plugins/w/woo-offline-credit-card-payment-gateway/error.json"}
,
{"message":"WP_SQLite_Information_Schema_Exception::__construct(): Implicitly marking parameter $previous as nullable is deprecated, the explicit nullable type must be used instead in /internal/shared/sqlite-database-integration/wp-includes/sqlite-ast/class-wp-sqlite-information-schema-exception.php on line 37","level":"DEPRECATED","type":"PHP","test":"asyncify-boot","plugin":"woo-offline-credit-card-payment-gateway","details":"[09-May-2025 05:02:05 UTC] PHP Deprecated:  WP_SQLite_Information_Schema_Exception::__construct(): Implicitly marking parameter $previous as nullable is deprecated, the explicit nullable type must be used instead in /internal/shared/sqlite-database-integration/wp-includes/sqlite-ast/class-wp-sqlite-information-schema-exception.php on line 37","log":"/logs/plugins/w/woo-offline-credit-card-payment-gateway/error.json"}
,
{"message":"SQLSTATE[HY000]: General error: 1 duplicate column name: highlight.","level":"FATAL","type":"SQL","test":"asyncify-boot","plugin":"woo-offline-credit-card-payment-gateway","details":"[09-May-2025 05:02:18 UTC] WordPress database error <div style=\"clear:both\">&nbsp;</div>\n<div class=\"queries\" style=\"clear:both;margin-bottom:2px;border:red dotted thin;\">\n<p>MySQL query:</p>\n<p>ALTER TABLE `wp_trustindex_aliexpress_reviews` ADD highlight VARCHAR(11) NULL AFTER rating</p>\n<p>Queries made or created this session were:</p>\n<ol>\n<li>Executing: BEGIN | (no parameters)</li>\n<li>Executing: INSERT INTO _mysql_data_types_cache (`table`, `column_or_index`, `mysql_type`)\n\t\t\t\tVALUES (:table, :column, :datatype)\n\t\t\t\tON CONFLICT(`table`, `column_or_index`) DO UPDATE SET `mysql_type` = :datatype\n\t\t\t | parameters: wp_trustindex_aliexpress_reviews, HIGHLIGHT, varchar(11)</li>\n<li>Executing: ALTER TABLE wp_trustindex_aliexpress_reviews ADD highlight text NULL   | (no parameters)</li>\n<li>Executing: ROLLBACK | (no parameters)</li>\n</ol>\n</div>\n<div style=\"clear:both;margin-bottom:2px;border:red dotted thin;\" class=\"error_message\" style=\"border-bottom:dotted blue thin;\">\nError occurred at line 4117 in Function <code>handle_error</code>. Error message was: SQLSTATE[HY000]: General error: 1 duplicate column name: highlight.\n</div>\n<p>Backtrace:</p>\n<pre>#0 /internal/shared/sqlite-database-integration/wp-includes/sqlite/class-wp-sqlite-db.php(287): WP_SQLite_Translator->get_error_message()\n#1 /wordpress/wp-content/plugins/widgets-for-aliexpress-reviews/include/update.php(10): WP_SQLite_DB->query('ALTER TABLE `wp...')\n#2 /wordpress/wp-content/plugins/widgets-for-aliexpress-reviews/trustindex-plugin.class.php(224): include('/wordpress/wp-c...')\n#3 /wordpress/wp-includes/class-wp-hook.php(324): TrustindexPlugin_aliexpress->load('')\n#4 /wordpress/wp-includes/class-wp-hook.php(348): WP_Hook->apply_filters(NULL, Array)\n#5 /wordpress/wp-includes/plugin.php(517): WP_Hook->do_action(Array)\n#6 /wordpress/wp-settings.php(578): do_action('plugins_loaded')\n#7 /wordpress/wp-config.php(102): require_once('/wordpress/wp-s...')\n#8 /wordpress/wp-load.php(50): require_once('/wordpress/wp-c...')\n#9 /internal/eval.php(3): require_once('/wordpress/wp-l...')\n#10 {main}</pre>\n for query ALTER TABLE `wp_trustindex_aliexpress_reviews` ADD highlight VARCHAR(11) NULL AFTER rating made by require_once('wp-load.php'), require_once('wp-config.php'), require_once('wp-settings.php'), do_action('plugins_loaded'), WP_Hook->do_action, WP_Hook->apply_filters, TrustindexPlugin_aliexpress->load, include('/plugins/widgets-for-aliexpress-reviews/include/update.php'), WP_SQLite_DB->query, WP_SQLite_DB->print_error","log":"/logs/plugins/w/woo-offline-credit-card-payment-gateway/error.json"}
,
{"message":"SQLSTATE[HY000]: General error: 1 near \"SET\": syntax error.","level":"FATAL","type":"SQL","test":"asyncify-boot","plugin":"woo-offline-credit-card-payment-gateway","details":"[09-May-2025 05:02:18 UTC] WordPress database error <div style=\"clear:both\">&nbsp;</div>\n<div class=\"queries\" style=\"clear:both;margin-bottom:2px;border:red dotted thin;\">\n<p>MySQL query:</p>\n<p>ALTER TABLE `wp_trustindex_aliexpress_reviews` ADD reply TEXT CHARACTER SET utf8mb4 COLLATE utf8mb4_general_ci NULL AFTER date</p>\n<p>Queries made or created this session were:</p>\n<ol>\n<li>Executing: BEGIN | (no parameters)</li>\n<li>Executing: INSERT INTO _mysql_data_types_cache (`table`, `column_or_index`, `mysql_type`)\n\t\t\t\tVALUES (:table, :column, :datatype)\n\t\t\t\tON CONFLICT(`table`, `column_or_index`) DO UPDATE SET `mysql_type` = :datatype\n\t\t\t | parameters: wp_trustindex_aliexpress_reviews, REPLY, text</li>\n<li>Executing: ALTER TABLE wp_trustindex_aliexpress_reviews ADD reply text CHARACTER SET utf8mb4 COLLATE utf8mb4_general_ci NULL   | (no parameters)</li>\n<li>Executing: ROLLBACK | (no parameters)</li>\n</ol>\n</div>\n<div style=\"clear:both;margin-bottom:2px;border:red dotted thin;\" class=\"error_message\" style=\"border-bottom:dotted blue thin;\">\nError occurred at line 4117 in Function <code>handle_error</code>. Error message was: SQLSTATE[HY000]: General error: 1 near \"SET\": syntax error.\n</div>\n<p>Backtrace:</p>\n<pre>#0 /internal/shared/sqlite-database-integration/wp-includes/sqlite/class-wp-sqlite-db.php(287): WP_SQLite_Translator->get_error_message()\n#1 /wordpress/wp-content/plugins/widgets-for-aliexpress-reviews/include/update.php(14): WP_SQLite_DB->query('ALTER TABLE `wp...')\n#2 /wordpress/wp-content/plugins/widgets-for-aliexpress-reviews/trustindex-plugin.class.php(224): include('/wordpress/wp-c...')\n#3 /wordpress/wp-includes/class-wp-hook.php(324): TrustindexPlugin_aliexpress->load('')\n#4 /wordpress/wp-includes/class-wp-hook.php(348): WP_Hook->apply_filters(NULL, Array)\n#5 /wordpress/wp-includes/plugin.php(517): WP_Hook->do_action(Array)\n#6 /wordpress/wp-settings.php(578): do_action('plugins_loaded')\n#7 /wordpress/wp-config.php(102): require_once('/wordpress/wp-s...')\n#8 /wordpress/wp-load.php(50): require_once('/wordpress/wp-c...')\n#9 /internal/eval.php(3): require_once('/wordpress/wp-l...')\n#10 {main}</pre>\n for query ALTER TABLE `wp_trustindex_aliexpress_reviews` ADD reply TEXT CHARACTER SET utf8mb4 COLLATE utf8mb4_general_ci NULL AFTER date made by require_once('wp-load.php'), require_once('wp-config.php'), require_once('wp-settings.php'), do_action('plugins_loaded'), WP_Hook->do_action, WP_Hook->apply_filters, TrustindexPlugin_aliexpress->load, include('/plugins/widgets-for-aliexpress-reviews/include/update.php'), WP_SQLite_DB->query, WP_SQLite_DB->print_error","log":"/logs/plugins/w/woo-offline-credit-card-payment-gateway/error.json"}
,
{"message":"SQLSTATE[HY000]: General error: 1 duplicate column name: reviewId.","level":"FATAL","type":"SQL","test":"asyncify-boot","plugin":"woo-offline-credit-card-payment-gateway","details":"[09-May-2025 05:02:18 UTC] WordPress database error <div style=\"clear:both\">&nbsp;</div>\n<div class=\"queries\" style=\"clear:both;margin-bottom:2px;border:red dotted thin;\">\n<p>MySQL query:</p>\n<p>ALTER TABLE `wp_trustindex_aliexpress_reviews` ADD reviewId TEXT NULL AFTER date</p>\n<p>Queries made or created this session were:</p>\n<ol>\n<li>Executing: BEGIN | (no parameters)</li>\n<li>Executing: INSERT INTO _mysql_data_types_cache (`table`, `column_or_index`, `mysql_type`)\n\t\t\t\tVALUES (:table, :column, :datatype)\n\t\t\t\tON CONFLICT(`table`, `column_or_index`) DO UPDATE SET `mysql_type` = :datatype\n\t\t\t | parameters: wp_trustindex_aliexpress_reviews, REVIEWID, text</li>\n<li>Executing: ALTER TABLE wp_trustindex_aliexpress_reviews ADD reviewId text NULL   | (no parameters)</li>\n<li>Executing: ROLLBACK | (no parameters)</li>\n</ol>\n</div>\n<div style=\"clear:both;margin-bottom:2px;border:red dotted thin;\" class=\"error_message\" style=\"border-bottom:dotted blue thin;\">\nError occurred at line 4117 in Function <code>handle_error</code>. Error message was: SQLSTATE[HY000]: General error: 1 duplicate column name: reviewId.\n</div>\n<p>Backtrace:</p>\n<pre>#0 /internal/shared/sqlite-database-integration/wp-includes/sqlite/class-wp-sqlite-db.php(287): WP_SQLite_Translator->get_error_message()\n#1 /wordpress/wp-content/plugins/widgets-for-aliexpress-reviews/include/update.php(20): WP_SQLite_DB->query('ALTER TABLE `wp...')\n#2 /wordpress/wp-content/plugins/widgets-for-aliexpress-reviews/trustindex-plugin.class.php(224): include('/wordpress/wp-c...')\n#3 /wordpress/wp-includes/class-wp-hook.php(324): TrustindexPlugin_aliexpress->load('')\n#4 /wordpress/wp-includes/class-wp-hook.php(348): WP_Hook->apply_filters(NULL, Array)\n#5 /wordpress/wp-includes/plugin.php(517): WP_Hook->do_action(Array)\n#6 /wordpress/wp-settings.php(578): do_action('plugins_loaded')\n#7 /wordpress/wp-config.php(102): require_once('/wordpress/wp-s...')\n#8 /wordpress/wp-load.php(50): require_once('/wordpress/wp-c...')\n#9 /internal/eval.php(3): require_once('/wordpress/wp-l...')\n#10 {main}</pre>\n for query ALTER TABLE `wp_trustindex_aliexpress_reviews` ADD reviewId TEXT NULL AFTER date made by require_once('wp-load.php'), require_once('wp-config.php'), require_once('wp-settings.php'), do_action('plugins_loaded'), WP_Hook->do_action, WP_Hook->apply_filters, TrustindexPlugin_aliexpress->load, include('/plugins/widgets-for-aliexpress-reviews/include/update.php'), WP_SQLite_DB->query, WP_SQLite_DB->print_error","log":"/logs/plugins/w/woo-offline-credit-card-payment-gateway/error.json"}
,
{"message":"SQLSTATE[HY000]: General error: 1 duplicate column name: hidden.","level":"FATAL","type":"SQL","test":"asyncify-boot","plugin":"woo-offline-credit-card-payment-gateway","details":"[09-May-2025 05:02:18 UTC] WordPress database error <div style=\"clear:both\">&nbsp;</div>\n<div class=\"queries\" style=\"clear:both;margin-bottom:2px;border:red dotted thin;\">\n<p>MySQL query:</p>\n<p>ALTER TABLE `wp_trustindex_aliexpress_reviews` ADD hidden TINYINT(1) NOT NULL DEFAULT 0 AFTER id</p>\n<p>Queries made or created this session were:</p>\n<ol>\n<li>Executing: BEGIN | (no parameters)</li>\n<li>Executing: INSERT INTO _mysql_data_types_cache (`table`, `column_or_index`, `mysql_type`)\n\t\t\t\tVALUES (:table, :column, :datatype)\n\t\t\t\tON CONFLICT(`table`, `column_or_index`) DO UPDATE SET `mysql_type` = :datatype\n\t\t\t | parameters: wp_trustindex_aliexpress_reviews, HIDDEN, tinyint(1)</li>\n<li>Executing: ALTER TABLE wp_trustindex_aliexpress_reviews ADD hidden integer NOT NULL DEFAULT 0   | (no parameters)</li>\n<li>Executing: ROLLBACK | (no parameters)</li>\n</ol>\n</div>\n<div style=\"clear:both;margin-bottom:2px;border:red dotted thin;\" class=\"error_message\" style=\"border-bottom:dotted blue thin;\">\nError occurred at line 4117 in Function <code>handle_error</code>. Error message was: SQLSTATE[HY000]: General error: 1 duplicate column name: hidden.\n</div>\n<p>Backtrace:</p>\n<pre>#0 /internal/shared/sqlite-database-integration/wp-includes/sqlite/class-wp-sqlite-db.php(287): WP_SQLite_Translator->get_error_message()\n#1 /wordpress/wp-content/plugins/widgets-for-aliexpress-reviews/include/update.php(24): WP_SQLite_DB->query('ALTER TABLE `wp...')\n#2 /wordpress/wp-content/plugins/widgets-for-aliexpress-reviews/trustindex-plugin.class.php(224): include('/wordpress/wp-c...')\n#3 /wordpress/wp-includes/class-wp-hook.php(324): TrustindexPlugin_aliexpress->load('')\n#4 /wordpress/wp-includes/class-wp-hook.php(348): WP_Hook->apply_filters(NULL, Array)\n#5 /wordpress/wp-includes/plugin.php(517): WP_Hook->do_action(Array)\n#6 /wordpress/wp-settings.php(578): do_action('plugins_loaded')\n#7 /wordpress/wp-config.php(102): require_once('/wordpress/wp-s...')\n#8 /wordpress/wp-load.php(50): require_once('/wordpress/wp-c...')\n#9 /internal/eval.php(3): require_once('/wordpress/wp-l...')\n#10 {main}</pre>\n for query ALTER TABLE `wp_trustindex_aliexpress_reviews` ADD hidden TINYINT(1) NOT NULL DEFAULT 0 AFTER id made by require_once('wp-load.php'), require_once('wp-config.php'), require_once('wp-settings.php'), do_action('plugins_loaded'), WP_Hook->do_action, WP_Hook->apply_filters, TrustindexPlugin_aliexpress->load, include('/plugins/widgets-for-aliexpress-reviews/include/update.php'), WP_SQLite_DB->query, WP_SQLite_DB->print_error","log":"/logs/plugins/w/woo-offline-credit-card-payment-gateway/error.json"}
,
{"message":"SQLSTATE[HY000]: General error: 1 duplicate column name: highlight.","level":"FATAL","type":"SQL","test":"asyncify-boot","plugin":"woo-offline-credit-card-payment-gateway","details":"[09-May-2025 05:02:29 UTC] WordPress database error <div style=\"clear:both\">&nbsp;</div>\n<div class=\"queries\" style=\"clear:both;margin-bottom:2px;border:red dotted thin;\">\n<p>MySQL query:</p>\n<p>ALTER TABLE `wp_trustindex_aliexpress_reviews` ADD highlight VARCHAR(11) NULL AFTER rating</p>\n<p>Queries made or created this session were:</p>\n<ol>\n<li>Executing: BEGIN | (no parameters)</li>\n<li>Executing: INSERT INTO _mysql_data_types_cache (`table`, `column_or_index`, `mysql_type`)\n\t\t\t\tVALUES (:table, :column, :datatype)\n\t\t\t\tON CONFLICT(`table`, `column_or_index`) DO UPDATE SET `mysql_type` = :datatype\n\t\t\t | parameters: wp_trustindex_aliexpress_reviews, HIGHLIGHT, varchar(11)</li>\n<li>Executing: ALTER TABLE wp_trustindex_aliexpress_reviews ADD highlight text NULL   | (no parameters)</li>\n<li>Executing: ROLLBACK | (no parameters)</li>\n</ol>\n</div>\n<div style=\"clear:both;margin-bottom:2px;border:red dotted thin;\" class=\"error_message\" style=\"border-bottom:dotted blue thin;\">\nError occurred at line 4117 in Function <code>handle_error</code>. Error message was: SQLSTATE[HY000]: General error: 1 duplicate column name: highlight.\n</div>\n<p>Backtrace:</p>\n<pre>#0 /internal/shared/sqlite-database-integration/wp-includes/sqlite/class-wp-sqlite-db.php(287): WP_SQLite_Translator->get_error_message()\n#1 /wordpress/wp-content/plugins/widgets-for-aliexpress-reviews/include/update.php(10): WP_SQLite_DB->query('ALTER TABLE `wp...')\n#2 /wordpress/wp-content/plugins/widgets-for-aliexpress-reviews/trustindex-plugin.class.php(224): include('/wordpress/wp-c...')\n#3 /wordpress/wp-includes/class-wp-hook.php(324): TrustindexPlugin_aliexpress->load('')\n#4 /wordpress/wp-includes/class-wp-hook.php(348): WP_Hook->apply_filters(NULL, Array)\n#5 /wordpress/wp-includes/plugin.php(517): WP_Hook->do_action(Array)\n#6 /wordpress/wp-settings.php(578): do_action('plugins_loaded')\n#7 /wordpress/wp-config.php(102): require_once('/wordpress/wp-s...')\n#8 /wordpress/wp-load.php(50): require_once('/wordpress/wp-c...')\n#9 /internal/eval.php(3): require_once('/wordpress/wp-l...')\n#10 {main}</pre>\n for query ALTER TABLE `wp_trustindex_aliexpress_reviews` ADD highlight VARCHAR(11) NULL AFTER rating made by require_once('wp-load.php'), require_once('wp-config.php'), require_once('wp-settings.php'), do_action('plugins_loaded'), WP_Hook->do_action, WP_Hook->apply_filters, TrustindexPlugin_aliexpress->load, include('/plugins/widgets-for-aliexpress-reviews/include/update.php'), WP_SQLite_DB->query, WP_SQLite_DB->print_error","log":"/logs/plugins/w/woo-offline-credit-card-payment-gateway/error.json"}
,
{"message":"SQLSTATE[HY000]: General error: 1 near \"SET\": syntax error.","level":"FATAL","type":"SQL","test":"asyncify-boot","plugin":"woo-offline-credit-card-payment-gateway","details":"[09-May-2025 05:02:29 UTC] WordPress database error <div style=\"clear:both\">&nbsp;</div>\n<div class=\"queries\" style=\"clear:both;margin-bottom:2px;border:red dotted thin;\">\n<p>MySQL query:</p>\n<p>ALTER TABLE `wp_trustindex_aliexpress_reviews` ADD reply TEXT CHARACTER SET utf8mb4 COLLATE utf8mb4_general_ci NULL AFTER date</p>\n<p>Queries made or created this session were:</p>\n<ol>\n<li>Executing: BEGIN | (no parameters)</li>\n<li>Executing: INSERT INTO _mysql_data_types_cache (`table`, `column_or_index`, `mysql_type`)\n\t\t\t\tVALUES (:table, :column, :datatype)\n\t\t\t\tON CONFLICT(`table`, `column_or_index`) DO UPDATE SET `mysql_type` = :datatype\n\t\t\t | parameters: wp_trustindex_aliexpress_reviews, REPLY, text</li>\n<li>Executing: ALTER TABLE wp_trustindex_aliexpress_reviews ADD reply text CHARACTER SET utf8mb4 COLLATE utf8mb4_general_ci NULL   | (no parameters)</li>\n<li>Executing: ROLLBACK | (no parameters)</li>\n</ol>\n</div>\n<div style=\"clear:both;margin-bottom:2px;border:red dotted thin;\" class=\"error_message\" style=\"border-bottom:dotted blue thin;\">\nError occurred at line 4117 in Function <code>handle_error</code>. Error message was: SQLSTATE[HY000]: General error: 1 near \"SET\": syntax error.\n</div>\n<p>Backtrace:</p>\n<pre>#0 /internal/shared/sqlite-database-integration/wp-includes/sqlite/class-wp-sqlite-db.php(287): WP_SQLite_Translator->get_error_message()\n#1 /wordpress/wp-content/plugins/widgets-for-aliexpress-reviews/include/update.php(14): WP_SQLite_DB->query('ALTER TABLE `wp...')\n#2 /wordpress/wp-content/plugins/widgets-for-aliexpress-reviews/trustindex-plugin.class.php(224): include('/wordpress/wp-c...')\n#3 /wordpress/wp-includes/class-wp-hook.php(324): TrustindexPlugin_aliexpress->load('')\n#4 /wordpress/wp-includes/class-wp-hook.php(348): WP_Hook->apply_filters(NULL, Array)\n#5 /wordpress/wp-includes/plugin.php(517): WP_Hook->do_action(Array)\n#6 /wordpress/wp-settings.php(578): do_action('plugins_loaded')\n#7 /wordpress/wp-config.php(102): require_once('/wordpress/wp-s...')\n#8 /wordpress/wp-load.php(50): require_once('/wordpress/wp-c...')\n#9 /internal/eval.php(3): require_once('/wordpress/wp-l...')\n#10 {main}</pre>\n for query ALTER TABLE `wp_trustindex_aliexpress_reviews` ADD reply TEXT CHARACTER SET utf8mb4 COLLATE utf8mb4_general_ci NULL AFTER date made by require_once('wp-load.php'), require_once('wp-config.php'), require_once('wp-settings.php'), do_action('plugins_loaded'), WP_Hook->do_action, WP_Hook->apply_filters, TrustindexPlugin_aliexpress->load, include('/plugins/widgets-for-aliexpress-reviews/include/update.php'), WP_SQLite_DB->query, WP_SQLite_DB->print_error","log":"/logs/plugins/w/woo-offline-credit-card-payment-gateway/error.json"}
,
{"message":"SQLSTATE[HY000]: General error: 1 duplicate column name: reviewId.","level":"FATAL","type":"SQL","test":"asyncify-boot","plugin":"woo-offline-credit-card-payment-gateway","details":"[09-May-2025 05:02:29 UTC] WordPress database error <div style=\"clear:both\">&nbsp;</div>\n<div class=\"queries\" style=\"clear:both;margin-bottom:2px;border:red dotted thin;\">\n<p>MySQL query:</p>\n<p>ALTER TABLE `wp_trustindex_aliexpress_reviews` ADD reviewId TEXT NULL AFTER date</p>\n<p>Queries made or created this session were:</p>\n<ol>\n<li>Executing: BEGIN | (no parameters)</li>\n<li>Executing: INSERT INTO _mysql_data_types_cache (`table`, `column_or_index`, `mysql_type`)\n\t\t\t\tVALUES (:table, :column, :datatype)\n\t\t\t\tON CONFLICT(`table`, `column_or_index`) DO UPDATE SET `mysql_type` = :datatype\n\t\t\t | parameters: wp_trustindex_aliexpress_reviews, REVIEWID, text</li>\n<li>Executing: ALTER TABLE wp_trustindex_aliexpress_reviews ADD reviewId text NULL   | (no parameters)</li>\n<li>Executing: ROLLBACK | (no parameters)</li>\n</ol>\n</div>\n<div style=\"clear:both;margin-bottom:2px;border:red dotted thin;\" class=\"error_message\" style=\"border-bottom:dotted blue thin;\">\nError occurred at line 4117 in Function <code>handle_error</code>. Error message was: SQLSTATE[HY000]: General error: 1 duplicate column name: reviewId.\n</div>\n<p>Backtrace:</p>\n<pre>#0 /internal/shared/sqlite-database-integration/wp-includes/sqlite/class-wp-sqlite-db.php(287): WP_SQLite_Translator->get_error_message()\n#1 /wordpress/wp-content/plugins/widgets-for-aliexpress-reviews/include/update.php(20): WP_SQLite_DB->query('ALTER TABLE `wp...')\n#2 /wordpress/wp-content/plugins/widgets-for-aliexpress-reviews/trustindex-plugin.class.php(224): include('/wordpress/wp-c...')\n#3 /wordpress/wp-includes/class-wp-hook.php(324): TrustindexPlugin_aliexpress->load('')\n#4 /wordpress/wp-includes/class-wp-hook.php(348): WP_Hook->apply_filters(NULL, Array)\n#5 /wordpress/wp-includes/plugin.php(517): WP_Hook->do_action(Array)\n#6 /wordpress/wp-settings.php(578): do_action('plugins_loaded')\n#7 /wordpress/wp-config.php(102): require_once('/wordpress/wp-s...')\n#8 /wordpress/wp-load.php(50): require_once('/wordpress/wp-c...')\n#9 /internal/eval.php(3): require_once('/wordpress/wp-l...')\n#10 {main}</pre>\n for query ALTER TABLE `wp_trustindex_aliexpress_reviews` ADD reviewId TEXT NULL AFTER date made by require_once('wp-load.php'), require_once('wp-config.php'), require_once('wp-settings.php'), do_action('plugins_loaded'), WP_Hook->do_action, WP_Hook->apply_filters, TrustindexPlugin_aliexpress->load, include('/plugins/widgets-for-aliexpress-reviews/include/update.php'), WP_SQLite_DB->query, WP_SQLite_DB->print_error","log":"/logs/plugins/w/woo-offline-credit-card-payment-gateway/error.json"}
,
{"message":"SQLSTATE[HY000]: General error: 1 duplicate column name: hidden.","level":"FATAL","type":"SQL","test":"asyncify-boot","plugin":"woo-offline-credit-card-payment-gateway","details":"[09-May-2025 05:02:29 UTC] WordPress database error <div style=\"clear:both\">&nbsp;</div>\n<div class=\"queries\" style=\"clear:both;margin-bottom:2px;border:red dotted thin;\">\n<p>MySQL query:</p>\n<p>ALTER TABLE `wp_trustindex_aliexpress_reviews` ADD hidden TINYINT(1) NOT NULL DEFAULT 0 AFTER id</p>\n<p>Queries made or created this session were:</p>\n<ol>\n<li>Executing: BEGIN | (no parameters)</li>\n<li>Executing: INSERT INTO _mysql_data_types_cache (`table`, `column_or_index`, `mysql_type`)\n\t\t\t\tVALUES (:table, :column, :datatype)\n\t\t\t\tON CONFLICT(`table`, `column_or_index`) DO UPDATE SET `mysql_type` = :datatype\n\t\t\t | parameters: wp_trustindex_aliexpress_reviews, HIDDEN, tinyint(1)</li>\n<li>Executing: ALTER TABLE wp_trustindex_aliexpress_reviews ADD hidden integer NOT NULL DEFAULT 0   | (no parameters)</li>\n<li>Executing: ROLLBACK | (no parameters)</li>\n</ol>\n</div>\n<div style=\"clear:both;margin-bottom:2px;border:red dotted thin;\" class=\"error_message\" style=\"border-bottom:dotted blue thin;\">\nError occurred at line 4117 in Function <code>handle_error</code>. Error message was: SQLSTATE[HY000]: General error: 1 duplicate column name: hidden.\n</div>\n<p>Backtrace:</p>\n<pre>#0 /internal/shared/sqlite-database-integration/wp-includes/sqlite/class-wp-sqlite-db.php(287): WP_SQLite_Translator->get_error_message()\n#1 /wordpress/wp-content/plugins/widgets-for-aliexpress-reviews/include/update.php(24): WP_SQLite_DB->query('ALTER TABLE `wp...')\n#2 /wordpress/wp-content/plugins/widgets-for-aliexpress-reviews/trustindex-plugin.class.php(224): include('/wordpress/wp-c...')\n#3 /wordpress/wp-includes/class-wp-hook.php(324): TrustindexPlugin_aliexpress->load('')\n#4 /wordpress/wp-includes/class-wp-hook.php(348): WP_Hook->apply_filters(NULL, Array)\n#5 /wordpress/wp-includes/plugin.php(517): WP_Hook->do_action(Array)\n#6 /wordpress/wp-settings.php(578): do_action('plugins_loaded')\n#7 /wordpress/wp-config.php(102): require_once('/wordpress/wp-s...')\n#8 /wordpress/wp-load.php(50): require_once('/wordpress/wp-c...')\n#9 /internal/eval.php(3): require_once('/wordpress/wp-l...')\n#10 {main}</pre>\n for query ALTER TABLE `wp_trustindex_aliexpress_reviews` ADD hidden TINYINT(1) NOT NULL DEFAULT 0 AFTER id made by require_once('wp-load.php'), require_once('wp-config.php'), require_once('wp-settings.php'), do_action('plugins_loaded'), WP_Hook->do_action, WP_Hook->apply_filters, TrustindexPlugin_aliexpress->load, include('/plugins/widgets-for-aliexpress-reviews/include/update.php'), WP_SQLite_DB->query, WP_SQLite_DB->print_error","log":"/logs/plugins/w/woo-offline-credit-card-payment-gateway/error.json"}
,
{"message":"Constant HOST_NAME already defined in /wordpress/wp-content/plugins/wordpress-allopass-billing/includes/config.php on line 7","level":"WARNING","type":"PHP","test":"asyncify-boot","plugin":"woo-offline-credit-card-payment-gateway","details":"[09-May-2025 05:03:00 UTC] PHP Warning:  Constant HOST_NAME already defined in /wordpress/wp-content/plugins/wordpress-allopass-billing/includes/config.php on line 7","log":"/logs/plugins/w/woo-offline-credit-card-payment-gateway/error.json"}
,
{"message":"syntax error, unexpected token \"new\" in /wordpress/wp-content/plugins/wordpress-allopass-billing/includes/http_request/request.php on line 389","level":"PARSE","type":"PHP","test":"asyncify-boot","plugin":"woo-offline-credit-card-payment-gateway","details":"[09-May-2025 05:03:00 UTC] PHP Parse error:  syntax error, unexpected token \"new\" in /wordpress/wp-content/plugins/wordpress-allopass-billing/includes/http_request/request.php on line 389","log":"/logs/plugins/w/woo-offline-credit-card-payment-gateway/error.json"}
,
{"message":"Constant HOST_NAME already defined in /wordpress/wp-content/plugins/wordpress-allopass-billing/includes/config.php on line 7","level":"WARNING","type":"PHP","test":"asyncify-boot","plugin":"woo-offline-credit-card-payment-gateway","details":"[09-May-2025 05:03:10 UTC] PHP Warning:  Constant HOST_NAME already defined in /wordpress/wp-content/plugins/wordpress-allopass-billing/includes/config.php on line 7","log":"/logs/plugins/w/woo-offline-credit-card-payment-gateway/error.json"}
,
{"message":"syntax error, unexpected token \"new\" in /wordpress/wp-content/plugins/wordpress-allopass-billing/includes/http_request/request.php on line 389","level":"PARSE","type":"PHP","test":"asyncify-boot","plugin":"woo-offline-credit-card-payment-gateway","details":"[09-May-2025 05:03:10 UTC] PHP Parse error:  syntax error, unexpected token \"new\" in /wordpress/wp-content/plugins/wordpress-allopass-billing/includes/http_request/request.php on line 389","log":"/logs/plugins/w/woo-offline-credit-card-payment-gateway/error.json"}
,
{"message":"Constant HOST_NAME already defined in /wordpress/wp-content/plugins/wordpress-allopass-billing/includes/config.php on line 7","level":"WARNING","type":"PHP","test":"asyncify-boot","plugin":"woo-offline-credit-card-payment-gateway","details":"[09-May-2025 05:03:19 UTC] PHP Warning:  Constant HOST_NAME already defined in /wordpress/wp-content/plugins/wordpress-allopass-billing/includes/config.php on line 7","log":"/logs/plugins/w/woo-offline-credit-card-payment-gateway/error.json"}
,
{"message":"syntax error, unexpected token \"new\" in /wordpress/wp-content/plugins/wordpress-allopass-billing/includes/http_request/request.php on line 389","level":"PARSE","type":"PHP","test":"asyncify-boot","plugin":"woo-offline-credit-card-payment-gateway","details":"[09-May-2025 05:03:19 UTC] PHP Parse error:  syntax error, unexpected token \"new\" in /wordpress/wp-content/plugins/wordpress-allopass-billing/includes/http_request/request.php on line 389\n\n    at Object.onBind (file:///home/runner/work/playground-tester/playground-tester/node_modules/@wp-playground/cli/index.js:237:15)\n    at process.processTicksAndRejections (node:internal/process/task_queues:105:5)\n    at async V (file:///home/runner/work/playground-tester/playground-tester/node_modules/@wp-playground/cli/index.js:64:10)\n    at async ja (file:///home/runner/work/playground-tester/playground-tester/node_modules/@wp-playground/cli/cli.js:8161:12) {\n  [cause]: Error: Error when executing the blueprint step #1 ({\"step\":\"installPlugin\",\"pluginData\":{\"resource\":\"wordpress.org/plugins\",\"slug\":\"woo-offline-credit-card-payment-gateway\"},\"options\":{\"activate\":true}}) : Plugin /wordpress/wp-content/plugins/woo-offline-credit-card-payment-gateway could not be activated â€“ WordPress exited with no error. Sometimes, when $_SERVER or site options are not configured correctly, WordPress exits early with a 301 redirect. Inspect the \"debug\" logs in the console for more details.\n      at Object.run (file:///home/runner/work/playground-tester/playground-tester/node_modules/@wp-playground/blueprints/index.js:12449:19)\n      at process.processTicksAndRejections (node:internal/process/task_queues:105:5)\n      at async ms (file:///home/runner/work/playground-tester/playground-tester/node_modules/@wp-playground/blueprints/index.js:12552:3)\n      ... 2 lines matching cause stack trace ...\n      at async ja (file:///home/runner/work/playground-tester/playground-tester/node_modules/@wp-playground/cli/cli.js:8161:12) {\n    [cause]: Error: Plugin /wordpress/wp-content/plugins/woo-offline-credit-card-payment-gateway could not be activated â€“ WordPress exited with no error. Sometimes, when $_SERVER or site options are not configured correctly, WordPress exits early with a 301 redirect. Inspect the \"debug\" logs in the console for more details.\n        at wr (file:///home/runner/work/playground-tester/playground-tester/node_modules/@wp-playground/blueprints/index.js:119:51)\n        at process.processTicksAndRejections (node:internal/process/task_queues:105:5)\n        at async Object.gt [as installPlugin] (file:///home/runner/work/playground-tester/playground-tester/node_modules/@wp-playground/blueprints/index.js:974:42)\n        at async g (file:///home/runner/work/playground-tester/playground-tester/node_modules/@wp-playground/blueprints/index.js:12517:30)\n        at async Object.run (file:///home/runner/work/playground-tester/playground-tester/node_modules/@wp-playground/blueprints/index.js:12446:23)\n        at async ms (file:///home/runner/work/playground-tester/playground-tester/node_modules/@wp-playground/blueprints/index.js:12552:3)\n        at async Object.onBind (file:///home/runner/work/playground-tester/playground-tester/node_modules/@wp-playground/cli/index.js:227:48)\n        at async V (file:///home/runner/work/playground-tester/playground-tester/node_modules/@wp-playground/cli/index.js:64:10)\n        at async ja (file:///home/runner/work/playground-tester/playground-tester/node_modules/@wp-playground/cli/cli.js:8161:12)\n  }\n}\n\n","log":"/logs/plugins/w/woo-offline-credit-card-payment-gateway/error.json"}
]
