[
  {
    "message": "file:///home/runner/work/playground-tester/playground-tester/node_modules/@wp-playground/cli/index.js:237\n        throw new Error(y, { cause: u });\n              ^\n",
    "level": "FATAL",
    "type": "PLAYGROUND",
    "test": "ast-sqlite-boot",
    "plugin": "wonderflow-reviews-and-videos",
    "details": "file:///home/runner/work/playground-tester/playground-tester/node_modules/@wp-playground/cli/index.js:237\n        throw new Error(y, { cause: u });\n              ^\n",
    "log": "/tmp/tmp.oNEF7wbj1i"
  },
  {
    "message": "Uncaught PDOException: SQLSTATE[HY000] [2002] Address family not supported by protocol in /wordpress/wp-content/plugins/wp-xapi-lrs/include/WpUtil.php:43",
    "level": "FATAL",
    "type": "PHP",
    "test": "ast-sqlite-boot",
    "plugin": "wonderflow-reviews-and-videos",
    "details": "[13-Apr-2025 22:27:50 UTC] PHP Fatal error:  Uncaught PDOException: SQLSTATE[HY000] [2002] Address family not supported by protocol in /wordpress/wp-content/plugins/wp-xapi-lrs/include/WpUtil.php:43\nStack trace:\n#0 /wordpress/wp-content/plugins/wp-xapi-lrs/include/WpUtil.php(43): PDO->__construct('mysql:host=loca...', 'username_here', 'password_here')\n#1 /wordpress/wp-content/plugins/wp-xapi-lrs/wp-xapi-lrs.php(27): xapilrs\\WpUtil::getCompatiblePdo()\n#2 /wordpress/wp-includes/class-wp-hook.php(324): xapilrs_activate(false)\n#3 /wordpress/wp-includes/class-wp-hook.php(348): WP_Hook->apply_filters('', Array)\n#4 /wordpress/wp-includes/plugin.php(517): WP_Hook->do_action(Array)\n#5 /wordpress/wp-admin/includes/plugin.php(703): do_action('activate_wp-xap...', false)\n#6 /internal/eval.php(20): activate_plugin('wp-xapi-lrs/wp-...')\n#7 {main}\n  thrown in /wordpress/wp-content/plugins/wp-xapi-lrs/include/WpUtil.php on line 43",
    "log": "/logs/plugins/w/wonderflow-reviews-and-videos/error.json"
  },
  {
    "message": "Uncaught PDOException: SQLSTATE[HY000] [2002] Address family not supported by protocol in /wordpress/wp-content/plugins/wp-xapi-lrs/include/WpUtil.php:43",
    "level": "FATAL",
    "type": "PHP",
    "test": "ast-sqlite-boot",
    "plugin": "wonderflow-reviews-and-videos",
    "details": "[13-Apr-2025 22:27:58 UTC] PHP Fatal error:  Uncaught PDOException: SQLSTATE[HY000] [2002] Address family not supported by protocol in /wordpress/wp-content/plugins/wp-xapi-lrs/include/WpUtil.php:43\nStack trace:\n#0 /wordpress/wp-content/plugins/wp-xapi-lrs/include/WpUtil.php(43): PDO->__construct('mysql:host=loca...', 'username_here', 'password_here')\n#1 /wordpress/wp-content/plugins/wp-xapi-lrs/wp-xapi-lrs.php(27): xapilrs\\WpUtil::getCompatiblePdo()\n#2 /wordpress/wp-includes/class-wp-hook.php(324): xapilrs_activate(false)\n#3 /wordpress/wp-includes/class-wp-hook.php(348): WP_Hook->apply_filters('', Array)\n#4 /wordpress/wp-includes/plugin.php(517): WP_Hook->do_action(Array)\n#5 /wordpress/wp-admin/includes/plugin.php(703): do_action('activate_wp-xap...', false)\n#6 /internal/eval.php(20): activate_plugin('wp-xapi-lrs/wp-...')\n#7 {main}\n  thrown in /wordpress/wp-content/plugins/wp-xapi-lrs/include/WpUtil.php on line 43",
    "log": "/logs/plugins/w/wonderflow-reviews-and-videos/error.json"
  },
  {
    "message": "Uncaught PDOException: SQLSTATE[HY000] [2002] Address family not supported by protocol in /wordpress/wp-content/plugins/wp-xapi-lrs/include/WpUtil.php:43",
    "level": "FATAL",
    "type": "PHP",
    "test": "ast-sqlite-boot",
    "plugin": "wonderflow-reviews-and-videos",
    "details": "[13-Apr-2025 22:28:05 UTC] PHP Fatal error:  Uncaught PDOException: SQLSTATE[HY000] [2002] Address family not supported by protocol in /wordpress/wp-content/plugins/wp-xapi-lrs/include/WpUtil.php:43\nStack trace:\n#0 /wordpress/wp-content/plugins/wp-xapi-lrs/include/WpUtil.php(43): PDO->__construct('mysql:host=loca...', 'username_here', 'password_here')\n#1 /wordpress/wp-content/plugins/wp-xapi-lrs/wp-xapi-lrs.php(27): xapilrs\\WpUtil::getCompatiblePdo()\n#2 /wordpress/wp-includes/class-wp-hook.php(324): xapilrs_activate(false)\n#3 /wordpress/wp-includes/class-wp-hook.php(348): WP_Hook->apply_filters('', Array)\n#4 /wordpress/wp-includes/plugin.php(517): WP_Hook->do_action(Array)\n#5 /wordpress/wp-admin/includes/plugin.php(703): do_action('activate_wp-xap...', false)\n#6 /internal/eval.php(20): activate_plugin('wp-xapi-lrs/wp-...')\n#7 {main}\n  thrown in /wordpress/wp-content/plugins/wp-xapi-lrs/include/WpUtil.php on line 43",
    "log": "/logs/plugins/w/wonderflow-reviews-and-videos/error.json"
  },
  {
    "message": "File rss.php is <strong>deprecated</strong> since version 3.0.0! Use wp-includes/class-simplepie.php instead. in /wordpress/wp-includes/functions.php on line 6114",
    "level": "DEPRECATED",
    "type": "PHP",
    "test": "ast-sqlite-boot",
    "plugin": "wonderflow-reviews-and-videos",
    "details": "[13-Apr-2025 22:28:40 UTC] PHP Deprecated:  File rss.php is <strong>deprecated</strong> since version 3.0.0! Use wp-includes/class-simplepie.php instead. in /wordpress/wp-includes/functions.php on line 6114",
    "log": "/logs/plugins/w/wonderflow-reviews-and-videos/error.json"
  },
  {
    "message": "File rss.php is <strong>deprecated</strong> since version 3.0.0! Use wp-includes/class-simplepie.php instead. in /wordpress/wp-includes/functions.php on line 6114",
    "level": "DEPRECATED",
    "type": "PHP",
    "test": "ast-sqlite-boot",
    "plugin": "wonderflow-reviews-and-videos",
    "details": "[13-Apr-2025 22:28:41 UTC] PHP Deprecated:  File rss.php is <strong>deprecated</strong> since version 3.0.0! Use wp-includes/class-simplepie.php instead. in /wordpress/wp-includes/functions.php on line 6114",
    "log": "/logs/plugins/w/wonderflow-reviews-and-videos/error.json"
  },
  {
    "message": "File rss.php is <strong>deprecated</strong> since version 3.0.0! Use wp-includes/class-simplepie.php instead. in /wordpress/wp-includes/functions.php on line 6114",
    "level": "DEPRECATED",
    "type": "PHP",
    "test": "ast-sqlite-boot",
    "plugin": "wonderflow-reviews-and-videos",
    "details": "[13-Apr-2025 22:28:49 UTC] PHP Deprecated:  File rss.php is <strong>deprecated</strong> since version 3.0.0! Use wp-includes/class-simplepie.php instead. in /wordpress/wp-includes/functions.php on line 6114",
    "log": "/logs/plugins/w/wonderflow-reviews-and-videos/error.json"
  },
  {
    "message": "File rss.php is <strong>deprecated</strong> since version 3.0.0! Use wp-includes/class-simplepie.php instead. in /wordpress/wp-includes/functions.php on line 6114",
    "level": "DEPRECATED",
    "type": "PHP",
    "test": "ast-sqlite-boot",
    "plugin": "wonderflow-reviews-and-videos",
    "details": "[13-Apr-2025 22:28:50 UTC] PHP Deprecated:  File rss.php is <strong>deprecated</strong> since version 3.0.0! Use wp-includes/class-simplepie.php instead. in /wordpress/wp-includes/functions.php on line 6114",
    "log": "/logs/plugins/w/wonderflow-reviews-and-videos/error.json"
  },
  {
    "message": "File rss.php is <strong>deprecated</strong> since version 3.0.0! Use wp-includes/class-simplepie.php instead. in /wordpress/wp-includes/functions.php on line 6114",
    "level": "DEPRECATED",
    "type": "PHP",
    "test": "ast-sqlite-boot",
    "plugin": "wonderflow-reviews-and-videos",
    "details": "[13-Apr-2025 22:28:58 UTC] PHP Deprecated:  File rss.php is <strong>deprecated</strong> since version 3.0.0! Use wp-includes/class-simplepie.php instead. in /wordpress/wp-includes/functions.php on line 6114",
    "log": "/logs/plugins/w/wonderflow-reviews-and-videos/error.json"
  },
  {
    "message": "File rss.php is <strong>deprecated</strong> since version 3.0.0! Use wp-includes/class-simplepie.php instead. in /wordpress/wp-includes/functions.php on line 6114",
    "level": "DEPRECATED",
    "type": "PHP",
    "test": "ast-sqlite-boot",
    "plugin": "wonderflow-reviews-and-videos",
    "details": "[13-Apr-2025 22:28:58 UTC] PHP Deprecated:  File rss.php is <strong>deprecated</strong> since version 3.0.0! Use wp-includes/class-simplepie.php instead. in /wordpress/wp-includes/functions.php on line 6114",
    "log": "/logs/plugins/w/wonderflow-reviews-and-videos/error.json"
  },
  {
    "message": "File class-phpmailer.php is <strong>deprecated</strong> since version 5.5.0! Use wp-includes/PHPMailer/PHPMailer.php instead. The PHPMailer class has been moved to wp-includes/PHPMailer subdirectory and now uses the PHPMailer\\PHPMailer namespace. in /wordpress/wp-includes/functions.php on line 6114",
    "level": "DEPRECATED",
    "type": "PHP",
    "test": "ast-sqlite-boot",
    "plugin": "wonderflow-reviews-and-videos",
    "details": "[13-Apr-2025 22:29:32 UTC] PHP Deprecated:  File class-phpmailer.php is <strong>deprecated</strong> since version 5.5.0! Use wp-includes/PHPMailer/PHPMailer.php instead. The PHPMailer class has been moved to wp-includes/PHPMailer subdirectory and now uses the PHPMailer\\PHPMailer namespace. in /wordpress/wp-includes/functions.php on line 6114",
    "log": "/logs/plugins/w/wonderflow-reviews-and-videos/error.json"
  },
  {
    "message": "File class-smtp.php is <strong>deprecated</strong> since version 5.5.0! Use wp-includes/PHPMailer/SMTP.php instead. The SMTP class has been moved to the wp-includes/PHPMailer subdirectory and now uses the PHPMailer\\PHPMailer namespace. in /wordpress/wp-includes/functions.php on line 6114",
    "level": "DEPRECATED",
    "type": "PHP",
    "test": "ast-sqlite-boot",
    "plugin": "wonderflow-reviews-and-videos",
    "details": "[13-Apr-2025 22:29:32 UTC] PHP Deprecated:  File class-smtp.php is <strong>deprecated</strong> since version 5.5.0! Use wp-includes/PHPMailer/SMTP.php instead. The SMTP class has been moved to the wp-includes/PHPMailer subdirectory and now uses the PHPMailer\\PHPMailer namespace. in /wordpress/wp-includes/functions.php on line 6114",
    "log": "/logs/plugins/w/wonderflow-reviews-and-videos/error.json"
  },
  {
    "message": "[13-Apr-2025 22:29:32 UTC] Before sending email",
    "level": "INFO",
    "type": "OTHER",
    "test": "ast-sqlite-boot",
    "plugin": "wonderflow-reviews-and-videos",
    "details": "[13-Apr-2025 22:29:32 UTC] Before sending email",
    "log": "/logs/plugins/w/wonderflow-reviews-and-videos/error.json"
  },
  {
    "message": "[13-Apr-2025 22:29:33 UTC] Mailer Error: SMTP Error: data not accepted.SMTP server error: DATA command failed Detail: Domain sandbox0e8aa8caffdd4a7cb490665e35726536.mailgun.org is not allowed to send: Sandbox subdomains are for test purposes only. Please add your own domain or add the address to authorized recipients in Account Settings.\r\n SMTP code: 421\n\n    at Object.onBind (file:///home/runner/work/playground-tester/playground-tester/node_modules/@wp-playground/cli/index.js:237:15)\n    at runNextTicks (node:internal/process/task_queues:65:5)\n    at listOnTimeout (node:internal/timers:569:9)\n    at process.processTimers (node:internal/timers:543:7)\n    at async V (file:///home/runner/work/playground-tester/playground-tester/node_modules/@wp-playground/cli/index.js:64:10)\n    at async ja (file:///home/runner/work/playground-tester/playground-tester/node_modules/@wp-playground/cli/cli.js:8161:12) {\n  [cause]: Error: Error when executing the blueprint step #5 ({\"step\":\"installPlugin\",\"pluginData\":{\"resource\":\"wordpress.org/plugins\",\"slug\":\"wonderflow-reviews-and-videos\"},\"options\":{\"activate\":true}}) : \n  \"unreachable\" WASM instruction executed.\n  \n  The typical reason is a PHP function missing from the ASYNCIFY_ONLY\n  list when building PHP.wasm.\n  \n  You will need to file a new issue in the WordPress Playground repository\n  and paste this error message there:\n  \n  https://github.com/WordPress/wordpress-playground/issues/new\n  \n  If you're a core developer, the typical fix is to:\n  \n  * Isolate a minimal reproduction of the error\n  * Add a reproduction of the error to php-asyncify.spec.ts in the WordPress Playground repository\n  * Run 'npm run fix-asyncify'\n  * Commit the changes, push to the repo, release updated NPM packages\n  \n  Below is a list of all the PHP functions found in the stack trace to\n  help with the minimal reproduction. If they're all already listed in\n  the Dockerfile, you'll need to trigger this error again with long stack\n  traces enabled. In node.js, you can do it using the --stack-trace-limit=100\n  CLI option: \n  \n      * php.wasm.php_pollfd_for\n      * php.wasm.php_openssl_sockop_set_option\n      * php.wasm._php_stream_eof\n      * php.wasm.zif_feof\n      * php.wasm.ZEND_DO_FCALL_BY_NAME_SPEC_RETVAL_USED_HANDLER\n      * php.wasm.execute_ex\n      * php.wasm.zend_call_function\n  \n      at Object.run (file:///home/runner/work/playground-tester/playground-tester/node_modules/@wp-playground/blueprints/index.js:12449:19)\n      at runNextTicks (node:internal/process/task_queues:65:5)\n      at listOnTimeout (node:internal/timers:569:9)\n      at process.processTimers (node:internal/timers:543:7)\n      at async ms (file:///home/runner/work/playground-tester/playground-tester/node_modules/@wp-playground/blueprints/index.js:12552:3)\n      at async Object.onBind (file:///home/runner/work/playground-tester/playground-tester/node_modules/@wp-playground/cli/index.js:227:48)\n      at async V (file:///home/runner/work/playground-tester/playground-tester/node_modules/@wp-playground/cli/index.js:64:10)\n      at async ja (file:///home/runner/work/playground-tester/playground-tester/node_modules/@wp-playground/cli/cli.js:8161:12) {\n    [cause]: Error: \n    \"unreachable\" WASM instruction executed.\n    \n    The typical reason is a PHP function missing from the ASYNCIFY_ONLY\n    list when building PHP.wasm.\n    \n    You will need to file a new issue in the WordPress Playground repository\n    and paste this error message there:\n    \n    https://github.com/WordPress/wordpress-playground/issues/new\n    \n    If you're a core developer, the typical fix is to:\n    \n    * Isolate a minimal reproduction of the error\n    * Add a reproduction of the error to php-asyncify.spec.ts in the WordPress Playground repository\n    * Run 'npm run fix-asyncify'\n    * Commit the changes, push to the repo, release updated NPM packages\n    \n    Below is a list of all the PHP functions found in the stack trace to\n    help with the minimal reproduction. If they're all already listed in\n    the Dockerfile, you'll need to trigger this error again with long stack\n    traces enabled. In node.js, you can do it using the --stack-trace-limit=100\n    CLI option: \n    \n        * php.wasm.php_pollfd_for\n        * php.wasm.php_openssl_sockop_set_option\n        * php.wasm._php_stream_eof\n        * php.wasm.zif_feof\n        * php.wasm.ZEND_DO_FCALL_BY_NAME_SPEC_RETVAL_USED_HANDLER\n        * php.wasm.execute_ex\n        * php.wasm.zend_call_function\n    \n        at PHP.ae (file:///home/runner/work/playground-tester/playground-tester/node_modules/@php-wasm/universal/index.js:1449:78)\n        at runNextTicks (node:internal/process/task_queues:65:5)\n        at listOnTimeout (node:internal/timers:569:9)\n        at process.processTimers (node:internal/timers:543:7)\n        at async PHP.run (file:///home/runner/work/playground-tester/playground-tester/node_modules/@php-wasm/universal/index.js:984:17)\n        at async wr (file:///home/runner/work/playground-tester/playground-tester/node_modules/@wp-playground/blueprints/index.js:33:39)\n        at async Object.gt [as installPlugin] (file:///home/runner/work/playground-tester/playground-tester/node_modules/@wp-playground/blueprints/index.js:974:42)\n        at async g (file:///home/runner/work/playground-tester/playground-tester/node_modules/@wp-playground/blueprints/index.js:12517:30)\n        at async Object.run (file:///home/runner/work/playground-tester/playground-tester/node_modules/@wp-playground/blueprints/index.js:12446:23)\n        at async ms (file:///home/runner/work/playground-tester/playground-tester/node_modules/@wp-playground/blueprints/index.js:12552:3) {\n      cause: Error: Rethrown\n          at UnhandledRejectionsTarget.e (file:///home/runner/work/playground-tester/playground-tester/node_modules/@php-wasm/universal/index.js:1426:19)\n          at [nodejs.internal.kHybridDispatch] (node:internal/event_target:827:20)\n          at UnhandledRejectionsTarget.dispatchEvent (node:internal/event_target:762:26)\n          at t.wasmExports.<computed> (file:///home/runner/work/playground-tester/playground-tester/node_modules/@php-wasm/universal/index.js:568:15)\n          at invoke_iiiii (file:///home/runner/work/playground-tester/playground-tester/node_modules/@php-wasm/node/index.js:99042:14)\n          ... 4 lines matching cause stack trace ...\n          at invoke_ii (file:///home/runner/work/playground-tester/playground-tester/node_modules/@php-wasm/node/index.js:99053:14) {\n        cause: RuntimeError: unreachable\n            at php.wasm.zend_execute_scripts (wasm://wasm/php.wasm-038c1012:wasm-function[9389]:0x596062)\n            at php.wasm.dynCall_iiiii (wasm://wasm/php.wasm-038c1012:wasm-function[13269]:0x7050bd)\n            at ret.<computed> (file:///home/runner/work/playground-tester/playground-tester/node_modules/@php-wasm/node/index.js:98094:22)\n            at t.wasmExports.<computed> (file:///home/runner/work/playground-tester/playground-tester/node_modules/@php-wasm/universal/index.js:559:18)\n            at invoke_iiiii (file:///home/runner/work/playground-tester/playground-tester/node_modules/@php-wasm/node/index.js:99042:14)\n            at php.wasm.php_execute_script (wasm://wasm/php.wasm-038c1012:wasm-function[11421]:0x63ece7)\n            at php.wasm.dynCall_ii (wasm://wasm/php.wasm-038c1012:wasm-function[13272]:0x705315)\n            at ret.<computed> (file:///home/runner/work/playground-tester/playground-tester/node_modules/@php-wasm/node/index.js:98094:22)\n            at t.wasmExports.<computed> (file:///home/runner/work/playground-tester/playground-tester/node_modules/@php-wasm/universal/index.js:559:18)\n            at invoke_ii (file:///home/runner/work/playground-tester/playground-tester/node_modules/@php-wasm/node/index.js:99053:14) {\n          cause: Error\n              at Asyncify.handleSleep (file:///home/runner/work/playground-tester/playground-tester/node_modules/@php-wasm/node/index.js:99370:45)\n              at returnCallback (file:///home/runner/work/playground-tester/playground-tester/node_modules/@php-wasm/node/index.js:98383:51)\n              at wasm_poll_socket (file:///home/runner/work/playground-tester/playground-tester/node_modules/@php-wasm/node/index.js:98390:12)\n              at php.wasm.php_pollfd_for (wasm://wasm/php.wasm-038c1012:wasm-function[1031]:0x9c35d)\n              at php.wasm.php_openssl_sockop_set_option (wasm://wasm/php.wasm-038c1012:wasm-function[11238]:0x62cafc)\n              at php.wasm._php_stream_eof (wasm://wasm/php.wasm-038c1012:wasm-function[577]:0x42268)\n              at php.wasm.zif_feof (wasm://wasm/php.wasm-038c1012:wasm-function[9031]:0x570e20)\n              at php.wasm.ZEND_DO_FCALL_BY_NAME_SPEC_RETVAL_USED_HANDLER (wasm://wasm/php.wasm-038c1012:wasm-function[14729]:0x770908)\n              at php.wasm.execute_ex (wasm://wasm/php.wasm-038c1012:wasm-function[13057]:0x6e3f0e)\n              at php.wasm.zend_call_function (wasm://wasm/php.wasm-038c1012:wasm-function[430]:0x317d9)\n        },\n        betterMessage: '\\n' +\n          '\"unreachable\" WASM instruction executed.\\n' +\n          '\\n' +\n          'The typical reason is a PHP function missing from the ASYNCIFY_ONLY\\n' +\n          'list when building PHP.wasm.\\n' +\n          '\\n' +\n          'You will need to file a new issue in the WordPress Playground repository\\n' +\n          'and paste this error message there:\\n' +\n          '\\n' +\n          'https://github.com/WordPress/wordpress-playground/issues/new\\n' +\n          '\\n' +\n          \"If you're a core developer, the typical fix is to:\\n\" +\n          '\\n' +\n          '* Isolate a minimal reproduction of the error\\n' +\n          '* Add a reproduction of the error to php-asyncify.spec.ts in the WordPress Playground repository\\n' +\n          \"* Run 'npm run fix-asyncify'\\n\" +\n          '* Commit the changes, push to the repo, release updated NPM packages\\n' +\n          '\\n' +\n          'Below is a list of all the PHP functions found in the stack trace to\\n' +\n          \"help with the minimal reproduction. If they're all already listed in\\n\" +\n          \"the Dockerfile, you'll need to trigger this error again with long stack\\n\" +\n          'traces enabled. In node.js, you can do it using the --stack-trace-limit=100\\n' +\n          'CLI option: \\n' +\n          '\\n' +\n          '    * php.wasm.php_pollfd_for\\n' +\n          '    * php.wasm.php_openssl_sockop_set_option\\n' +\n          '    * php.wasm._php_stream_eof\\n' +\n          '    * php.wasm.zif_feof\\n' +\n          '    * php.wasm.ZEND_DO_FCALL_BY_NAME_SPEC_RETVAL_USED_HANDLER\\n' +\n          '    * php.wasm.execute_ex\\n' +\n          '    * php.wasm.zend_call_function\\n'\n      }\n    }\n  }\n}\n\n",
    "level": "INFO",
    "type": "OTHER",
    "test": "ast-sqlite-boot",
    "plugin": "wonderflow-reviews-and-videos",
    "details": "[13-Apr-2025 22:29:33 UTC] Mailer Error: SMTP Error: data not accepted.SMTP server error: DATA command failed Detail: Domain sandbox0e8aa8caffdd4a7cb490665e35726536.mailgun.org is not allowed to send: Sandbox subdomains are for test purposes only. Please add your own domain or add the address to authorized recipients in Account Settings.\r\n SMTP code: 421\n\n    at Object.onBind (file:///home/runner/work/playground-tester/playground-tester/node_modules/@wp-playground/cli/index.js:237:15)\n    at runNextTicks (node:internal/process/task_queues:65:5)\n    at listOnTimeout (node:internal/timers:569:9)\n    at process.processTimers (node:internal/timers:543:7)\n    at async V (file:///home/runner/work/playground-tester/playground-tester/node_modules/@wp-playground/cli/index.js:64:10)\n    at async ja (file:///home/runner/work/playground-tester/playground-tester/node_modules/@wp-playground/cli/cli.js:8161:12) {\n  [cause]: Error: Error when executing the blueprint step #5 ({\"step\":\"installPlugin\",\"pluginData\":{\"resource\":\"wordpress.org/plugins\",\"slug\":\"wonderflow-reviews-and-videos\"},\"options\":{\"activate\":true}}) : \n  \"unreachable\" WASM instruction executed.\n  \n  The typical reason is a PHP function missing from the ASYNCIFY_ONLY\n  list when building PHP.wasm.\n  \n  You will need to file a new issue in the WordPress Playground repository\n  and paste this error message there:\n  \n  https://github.com/WordPress/wordpress-playground/issues/new\n  \n  If you're a core developer, the typical fix is to:\n  \n  * Isolate a minimal reproduction of the error\n  * Add a reproduction of the error to php-asyncify.spec.ts in the WordPress Playground repository\n  * Run 'npm run fix-asyncify'\n  * Commit the changes, push to the repo, release updated NPM packages\n  \n  Below is a list of all the PHP functions found in the stack trace to\n  help with the minimal reproduction. If they're all already listed in\n  the Dockerfile, you'll need to trigger this error again with long stack\n  traces enabled. In node.js, you can do it using the --stack-trace-limit=100\n  CLI option: \n  \n      * php.wasm.php_pollfd_for\n      * php.wasm.php_openssl_sockop_set_option\n      * php.wasm._php_stream_eof\n      * php.wasm.zif_feof\n      * php.wasm.ZEND_DO_FCALL_BY_NAME_SPEC_RETVAL_USED_HANDLER\n      * php.wasm.execute_ex\n      * php.wasm.zend_call_function\n  \n      at Object.run (file:///home/runner/work/playground-tester/playground-tester/node_modules/@wp-playground/blueprints/index.js:12449:19)\n      at runNextTicks (node:internal/process/task_queues:65:5)\n      at listOnTimeout (node:internal/timers:569:9)\n      at process.processTimers (node:internal/timers:543:7)\n      at async ms (file:///home/runner/work/playground-tester/playground-tester/node_modules/@wp-playground/blueprints/index.js:12552:3)\n      at async Object.onBind (file:///home/runner/work/playground-tester/playground-tester/node_modules/@wp-playground/cli/index.js:227:48)\n      at async V (file:///home/runner/work/playground-tester/playground-tester/node_modules/@wp-playground/cli/index.js:64:10)\n      at async ja (file:///home/runner/work/playground-tester/playground-tester/node_modules/@wp-playground/cli/cli.js:8161:12) {\n    [cause]: Error: \n    \"unreachable\" WASM instruction executed.\n    \n    The typical reason is a PHP function missing from the ASYNCIFY_ONLY\n    list when building PHP.wasm.\n    \n    You will need to file a new issue in the WordPress Playground repository\n    and paste this error message there:\n    \n    https://github.com/WordPress/wordpress-playground/issues/new\n    \n    If you're a core developer, the typical fix is to:\n    \n    * Isolate a minimal reproduction of the error\n    * Add a reproduction of the error to php-asyncify.spec.ts in the WordPress Playground repository\n    * Run 'npm run fix-asyncify'\n    * Commit the changes, push to the repo, release updated NPM packages\n    \n    Below is a list of all the PHP functions found in the stack trace to\n    help with the minimal reproduction. If they're all already listed in\n    the Dockerfile, you'll need to trigger this error again with long stack\n    traces enabled. In node.js, you can do it using the --stack-trace-limit=100\n    CLI option: \n    \n        * php.wasm.php_pollfd_for\n        * php.wasm.php_openssl_sockop_set_option\n        * php.wasm._php_stream_eof\n        * php.wasm.zif_feof\n        * php.wasm.ZEND_DO_FCALL_BY_NAME_SPEC_RETVAL_USED_HANDLER\n        * php.wasm.execute_ex\n        * php.wasm.zend_call_function\n    \n        at PHP.ae (file:///home/runner/work/playground-tester/playground-tester/node_modules/@php-wasm/universal/index.js:1449:78)\n        at runNextTicks (node:internal/process/task_queues:65:5)\n        at listOnTimeout (node:internal/timers:569:9)\n        at process.processTimers (node:internal/timers:543:7)\n        at async PHP.run (file:///home/runner/work/playground-tester/playground-tester/node_modules/@php-wasm/universal/index.js:984:17)\n        at async wr (file:///home/runner/work/playground-tester/playground-tester/node_modules/@wp-playground/blueprints/index.js:33:39)\n        at async Object.gt [as installPlugin] (file:///home/runner/work/playground-tester/playground-tester/node_modules/@wp-playground/blueprints/index.js:974:42)\n        at async g (file:///home/runner/work/playground-tester/playground-tester/node_modules/@wp-playground/blueprints/index.js:12517:30)\n        at async Object.run (file:///home/runner/work/playground-tester/playground-tester/node_modules/@wp-playground/blueprints/index.js:12446:23)\n        at async ms (file:///home/runner/work/playground-tester/playground-tester/node_modules/@wp-playground/blueprints/index.js:12552:3) {\n      cause: Error: Rethrown\n          at UnhandledRejectionsTarget.e (file:///home/runner/work/playground-tester/playground-tester/node_modules/@php-wasm/universal/index.js:1426:19)\n          at [nodejs.internal.kHybridDispatch] (node:internal/event_target:827:20)\n          at UnhandledRejectionsTarget.dispatchEvent (node:internal/event_target:762:26)\n          at t.wasmExports.<computed> (file:///home/runner/work/playground-tester/playground-tester/node_modules/@php-wasm/universal/index.js:568:15)\n          at invoke_iiiii (file:///home/runner/work/playground-tester/playground-tester/node_modules/@php-wasm/node/index.js:99042:14)\n          ... 4 lines matching cause stack trace ...\n          at invoke_ii (file:///home/runner/work/playground-tester/playground-tester/node_modules/@php-wasm/node/index.js:99053:14) {\n        cause: RuntimeError: unreachable\n            at php.wasm.zend_execute_scripts (wasm://wasm/php.wasm-038c1012:wasm-function[9389]:0x596062)\n            at php.wasm.dynCall_iiiii (wasm://wasm/php.wasm-038c1012:wasm-function[13269]:0x7050bd)\n            at ret.<computed> (file:///home/runner/work/playground-tester/playground-tester/node_modules/@php-wasm/node/index.js:98094:22)\n            at t.wasmExports.<computed> (file:///home/runner/work/playground-tester/playground-tester/node_modules/@php-wasm/universal/index.js:559:18)\n            at invoke_iiiii (file:///home/runner/work/playground-tester/playground-tester/node_modules/@php-wasm/node/index.js:99042:14)\n            at php.wasm.php_execute_script (wasm://wasm/php.wasm-038c1012:wasm-function[11421]:0x63ece7)\n            at php.wasm.dynCall_ii (wasm://wasm/php.wasm-038c1012:wasm-function[13272]:0x705315)\n            at ret.<computed> (file:///home/runner/work/playground-tester/playground-tester/node_modules/@php-wasm/node/index.js:98094:22)\n            at t.wasmExports.<computed> (file:///home/runner/work/playground-tester/playground-tester/node_modules/@php-wasm/universal/index.js:559:18)\n            at invoke_ii (file:///home/runner/work/playground-tester/playground-tester/node_modules/@php-wasm/node/index.js:99053:14) {\n          cause: Error\n              at Asyncify.handleSleep (file:///home/runner/work/playground-tester/playground-tester/node_modules/@php-wasm/node/index.js:99370:45)\n              at returnCallback (file:///home/runner/work/playground-tester/playground-tester/node_modules/@php-wasm/node/index.js:98383:51)\n              at wasm_poll_socket (file:///home/runner/work/playground-tester/playground-tester/node_modules/@php-wasm/node/index.js:98390:12)\n              at php.wasm.php_pollfd_for (wasm://wasm/php.wasm-038c1012:wasm-function[1031]:0x9c35d)\n              at php.wasm.php_openssl_sockop_set_option (wasm://wasm/php.wasm-038c1012:wasm-function[11238]:0x62cafc)\n              at php.wasm._php_stream_eof (wasm://wasm/php.wasm-038c1012:wasm-function[577]:0x42268)\n              at php.wasm.zif_feof (wasm://wasm/php.wasm-038c1012:wasm-function[9031]:0x570e20)\n              at php.wasm.ZEND_DO_FCALL_BY_NAME_SPEC_RETVAL_USED_HANDLER (wasm://wasm/php.wasm-038c1012:wasm-function[14729]:0x770908)\n              at php.wasm.execute_ex (wasm://wasm/php.wasm-038c1012:wasm-function[13057]:0x6e3f0e)\n              at php.wasm.zend_call_function (wasm://wasm/php.wasm-038c1012:wasm-function[430]:0x317d9)\n        },\n        betterMessage: '\\n' +\n          '\"unreachable\" WASM instruction executed.\\n' +\n          '\\n' +\n          'The typical reason is a PHP function missing from the ASYNCIFY_ONLY\\n' +\n          'list when building PHP.wasm.\\n' +\n          '\\n' +\n          'You will need to file a new issue in the WordPress Playground repository\\n' +\n          'and paste this error message there:\\n' +\n          '\\n' +\n          'https://github.com/WordPress/wordpress-playground/issues/new\\n' +\n          '\\n' +\n          \"If you're a core developer, the typical fix is to:\\n\" +\n          '\\n' +\n          '* Isolate a minimal reproduction of the error\\n' +\n          '* Add a reproduction of the error to php-asyncify.spec.ts in the WordPress Playground repository\\n' +\n          \"* Run 'npm run fix-asyncify'\\n\" +\n          '* Commit the changes, push to the repo, release updated NPM packages\\n' +\n          '\\n' +\n          'Below is a list of all the PHP functions found in the stack trace to\\n' +\n          \"help with the minimal reproduction. If they're all already listed in\\n\" +\n          \"the Dockerfile, you'll need to trigger this error again with long stack\\n\" +\n          'traces enabled. In node.js, you can do it using the --stack-trace-limit=100\\n' +\n          'CLI option: \\n' +\n          '\\n' +\n          '    * php.wasm.php_pollfd_for\\n' +\n          '    * php.wasm.php_openssl_sockop_set_option\\n' +\n          '    * php.wasm._php_stream_eof\\n' +\n          '    * php.wasm.zif_feof\\n' +\n          '    * php.wasm.ZEND_DO_FCALL_BY_NAME_SPEC_RETVAL_USED_HANDLER\\n' +\n          '    * php.wasm.execute_ex\\n' +\n          '    * php.wasm.zend_call_function\\n'\n      }\n    }\n  }\n}\n\n",
    "log": "/logs/plugins/w/wonderflow-reviews-and-videos/error.json"
  },
  {
    "message": "file:///home/runner/work/playground-tester/playground-tester/node_modules/@wp-playground/cli/index.js:237\n        throw new Error(y, { cause: u });\n              ^\n",
    "level": "FATAL",
    "type": "PLAYGROUND",
    "test": "asyncify-boot",
    "plugin": "wonderflow-reviews-and-videos",
    "details": "file:///home/runner/work/playground-tester/playground-tester/node_modules/@wp-playground/cli/index.js:237\n        throw new Error(y, { cause: u });\n              ^\n",
    "log": "/tmp/tmp.av9Mfc5oY7"
  },
  {
    "message": "Uncaught PDOException: SQLSTATE[HY000] [2002] Address family not supported by protocol in /wordpress/wp-content/plugins/wp-xapi-lrs/include/WpUtil.php:43",
    "level": "FATAL",
    "type": "PHP",
    "test": "asyncify-boot",
    "plugin": "wonderflow-reviews-and-videos",
    "details": "[13-Apr-2025 22:27:50 UTC] PHP Fatal error:  Uncaught PDOException: SQLSTATE[HY000] [2002] Address family not supported by protocol in /wordpress/wp-content/plugins/wp-xapi-lrs/include/WpUtil.php:43\nStack trace:\n#0 /wordpress/wp-content/plugins/wp-xapi-lrs/include/WpUtil.php(43): PDO->__construct('mysql:host=loca...', 'username_here', 'password_here')\n#1 /wordpress/wp-content/plugins/wp-xapi-lrs/wp-xapi-lrs.php(27): xapilrs\\WpUtil::getCompatiblePdo()\n#2 /wordpress/wp-includes/class-wp-hook.php(324): xapilrs_activate(false)\n#3 /wordpress/wp-includes/class-wp-hook.php(348): WP_Hook->apply_filters('', Array)\n#4 /wordpress/wp-includes/plugin.php(517): WP_Hook->do_action(Array)\n#5 /wordpress/wp-admin/includes/plugin.php(703): do_action('activate_wp-xap...', false)\n#6 /internal/eval.php(20): activate_plugin('wp-xapi-lrs/wp-...')\n#7 {main}\n  thrown in /wordpress/wp-content/plugins/wp-xapi-lrs/include/WpUtil.php on line 43",
    "log": "/logs/plugins/w/wonderflow-reviews-and-videos/error.json"
  },
  {
    "message": "Uncaught PDOException: SQLSTATE[HY000] [2002] Address family not supported by protocol in /wordpress/wp-content/plugins/wp-xapi-lrs/include/WpUtil.php:43",
    "level": "FATAL",
    "type": "PHP",
    "test": "asyncify-boot",
    "plugin": "wonderflow-reviews-and-videos",
    "details": "[13-Apr-2025 22:27:58 UTC] PHP Fatal error:  Uncaught PDOException: SQLSTATE[HY000] [2002] Address family not supported by protocol in /wordpress/wp-content/plugins/wp-xapi-lrs/include/WpUtil.php:43\nStack trace:\n#0 /wordpress/wp-content/plugins/wp-xapi-lrs/include/WpUtil.php(43): PDO->__construct('mysql:host=loca...', 'username_here', 'password_here')\n#1 /wordpress/wp-content/plugins/wp-xapi-lrs/wp-xapi-lrs.php(27): xapilrs\\WpUtil::getCompatiblePdo()\n#2 /wordpress/wp-includes/class-wp-hook.php(324): xapilrs_activate(false)\n#3 /wordpress/wp-includes/class-wp-hook.php(348): WP_Hook->apply_filters('', Array)\n#4 /wordpress/wp-includes/plugin.php(517): WP_Hook->do_action(Array)\n#5 /wordpress/wp-admin/includes/plugin.php(703): do_action('activate_wp-xap...', false)\n#6 /internal/eval.php(20): activate_plugin('wp-xapi-lrs/wp-...')\n#7 {main}\n  thrown in /wordpress/wp-content/plugins/wp-xapi-lrs/include/WpUtil.php on line 43",
    "log": "/logs/plugins/w/wonderflow-reviews-and-videos/error.json"
  },
  {
    "message": "Uncaught PDOException: SQLSTATE[HY000] [2002] Address family not supported by protocol in /wordpress/wp-content/plugins/wp-xapi-lrs/include/WpUtil.php:43",
    "level": "FATAL",
    "type": "PHP",
    "test": "asyncify-boot",
    "plugin": "wonderflow-reviews-and-videos",
    "details": "[13-Apr-2025 22:28:05 UTC] PHP Fatal error:  Uncaught PDOException: SQLSTATE[HY000] [2002] Address family not supported by protocol in /wordpress/wp-content/plugins/wp-xapi-lrs/include/WpUtil.php:43\nStack trace:\n#0 /wordpress/wp-content/plugins/wp-xapi-lrs/include/WpUtil.php(43): PDO->__construct('mysql:host=loca...', 'username_here', 'password_here')\n#1 /wordpress/wp-content/plugins/wp-xapi-lrs/wp-xapi-lrs.php(27): xapilrs\\WpUtil::getCompatiblePdo()\n#2 /wordpress/wp-includes/class-wp-hook.php(324): xapilrs_activate(false)\n#3 /wordpress/wp-includes/class-wp-hook.php(348): WP_Hook->apply_filters('', Array)\n#4 /wordpress/wp-includes/plugin.php(517): WP_Hook->do_action(Array)\n#5 /wordpress/wp-admin/includes/plugin.php(703): do_action('activate_wp-xap...', false)\n#6 /internal/eval.php(20): activate_plugin('wp-xapi-lrs/wp-...')\n#7 {main}\n  thrown in /wordpress/wp-content/plugins/wp-xapi-lrs/include/WpUtil.php on line 43",
    "log": "/logs/plugins/w/wonderflow-reviews-and-videos/error.json"
  },
  {
    "message": "File rss.php is <strong>deprecated</strong> since version 3.0.0! Use wp-includes/class-simplepie.php instead. in /wordpress/wp-includes/functions.php on line 6114",
    "level": "DEPRECATED",
    "type": "PHP",
    "test": "asyncify-boot",
    "plugin": "wonderflow-reviews-and-videos",
    "details": "[13-Apr-2025 22:28:40 UTC] PHP Deprecated:  File rss.php is <strong>deprecated</strong> since version 3.0.0! Use wp-includes/class-simplepie.php instead. in /wordpress/wp-includes/functions.php on line 6114",
    "log": "/logs/plugins/w/wonderflow-reviews-and-videos/error.json"
  },
  {
    "message": "File rss.php is <strong>deprecated</strong> since version 3.0.0! Use wp-includes/class-simplepie.php instead. in /wordpress/wp-includes/functions.php on line 6114",
    "level": "DEPRECATED",
    "type": "PHP",
    "test": "asyncify-boot",
    "plugin": "wonderflow-reviews-and-videos",
    "details": "[13-Apr-2025 22:28:41 UTC] PHP Deprecated:  File rss.php is <strong>deprecated</strong> since version 3.0.0! Use wp-includes/class-simplepie.php instead. in /wordpress/wp-includes/functions.php on line 6114",
    "log": "/logs/plugins/w/wonderflow-reviews-and-videos/error.json"
  },
  {
    "message": "File rss.php is <strong>deprecated</strong> since version 3.0.0! Use wp-includes/class-simplepie.php instead. in /wordpress/wp-includes/functions.php on line 6114",
    "level": "DEPRECATED",
    "type": "PHP",
    "test": "asyncify-boot",
    "plugin": "wonderflow-reviews-and-videos",
    "details": "[13-Apr-2025 22:28:49 UTC] PHP Deprecated:  File rss.php is <strong>deprecated</strong> since version 3.0.0! Use wp-includes/class-simplepie.php instead. in /wordpress/wp-includes/functions.php on line 6114",
    "log": "/logs/plugins/w/wonderflow-reviews-and-videos/error.json"
  },
  {
    "message": "File rss.php is <strong>deprecated</strong> since version 3.0.0! Use wp-includes/class-simplepie.php instead. in /wordpress/wp-includes/functions.php on line 6114",
    "level": "DEPRECATED",
    "type": "PHP",
    "test": "asyncify-boot",
    "plugin": "wonderflow-reviews-and-videos",
    "details": "[13-Apr-2025 22:28:50 UTC] PHP Deprecated:  File rss.php is <strong>deprecated</strong> since version 3.0.0! Use wp-includes/class-simplepie.php instead. in /wordpress/wp-includes/functions.php on line 6114",
    "log": "/logs/plugins/w/wonderflow-reviews-and-videos/error.json"
  },
  {
    "message": "File rss.php is <strong>deprecated</strong> since version 3.0.0! Use wp-includes/class-simplepie.php instead. in /wordpress/wp-includes/functions.php on line 6114",
    "level": "DEPRECATED",
    "type": "PHP",
    "test": "asyncify-boot",
    "plugin": "wonderflow-reviews-and-videos",
    "details": "[13-Apr-2025 22:28:58 UTC] PHP Deprecated:  File rss.php is <strong>deprecated</strong> since version 3.0.0! Use wp-includes/class-simplepie.php instead. in /wordpress/wp-includes/functions.php on line 6114",
    "log": "/logs/plugins/w/wonderflow-reviews-and-videos/error.json"
  },
  {
    "message": "File rss.php is <strong>deprecated</strong> since version 3.0.0! Use wp-includes/class-simplepie.php instead. in /wordpress/wp-includes/functions.php on line 6114",
    "level": "DEPRECATED",
    "type": "PHP",
    "test": "asyncify-boot",
    "plugin": "wonderflow-reviews-and-videos",
    "details": "[13-Apr-2025 22:28:58 UTC] PHP Deprecated:  File rss.php is <strong>deprecated</strong> since version 3.0.0! Use wp-includes/class-simplepie.php instead. in /wordpress/wp-includes/functions.php on line 6114",
    "log": "/logs/plugins/w/wonderflow-reviews-and-videos/error.json"
  },
  {
    "message": "File class-phpmailer.php is <strong>deprecated</strong> since version 5.5.0! Use wp-includes/PHPMailer/PHPMailer.php instead. The PHPMailer class has been moved to wp-includes/PHPMailer subdirectory and now uses the PHPMailer\\PHPMailer namespace. in /wordpress/wp-includes/functions.php on line 6114",
    "level": "DEPRECATED",
    "type": "PHP",
    "test": "asyncify-boot",
    "plugin": "wonderflow-reviews-and-videos",
    "details": "[13-Apr-2025 22:29:32 UTC] PHP Deprecated:  File class-phpmailer.php is <strong>deprecated</strong> since version 5.5.0! Use wp-includes/PHPMailer/PHPMailer.php instead. The PHPMailer class has been moved to wp-includes/PHPMailer subdirectory and now uses the PHPMailer\\PHPMailer namespace. in /wordpress/wp-includes/functions.php on line 6114",
    "log": "/logs/plugins/w/wonderflow-reviews-and-videos/error.json"
  },
  {
    "message": "File class-smtp.php is <strong>deprecated</strong> since version 5.5.0! Use wp-includes/PHPMailer/SMTP.php instead. The SMTP class has been moved to the wp-includes/PHPMailer subdirectory and now uses the PHPMailer\\PHPMailer namespace. in /wordpress/wp-includes/functions.php on line 6114",
    "level": "DEPRECATED",
    "type": "PHP",
    "test": "asyncify-boot",
    "plugin": "wonderflow-reviews-and-videos",
    "details": "[13-Apr-2025 22:29:32 UTC] PHP Deprecated:  File class-smtp.php is <strong>deprecated</strong> since version 5.5.0! Use wp-includes/PHPMailer/SMTP.php instead. The SMTP class has been moved to the wp-includes/PHPMailer subdirectory and now uses the PHPMailer\\PHPMailer namespace. in /wordpress/wp-includes/functions.php on line 6114",
    "log": "/logs/plugins/w/wonderflow-reviews-and-videos/error.json"
  },
  {
    "message": "[13-Apr-2025 22:29:32 UTC] Before sending email",
    "level": "INFO",
    "type": "OTHER",
    "test": "asyncify-boot",
    "plugin": "wonderflow-reviews-and-videos",
    "details": "[13-Apr-2025 22:29:32 UTC] Before sending email",
    "log": "/logs/plugins/w/wonderflow-reviews-and-videos/error.json"
  },
  {
    "message": "[13-Apr-2025 22:29:33 UTC] Mailer Error: SMTP Error: data not accepted.SMTP server error: DATA command failed Detail: Domain sandbox0e8aa8caffdd4a7cb490665e35726536.mailgun.org is not allowed to send: Sandbox subdomains are for test purposes only. Please add your own domain or add the address to authorized recipients in Account Settings.\r\n SMTP code: 421",
    "level": "INFO",
    "type": "OTHER",
    "test": "asyncify-boot",
    "plugin": "wonderflow-reviews-and-videos",
    "details": "[13-Apr-2025 22:29:33 UTC] Mailer Error: SMTP Error: data not accepted.SMTP server error: DATA command failed Detail: Domain sandbox0e8aa8caffdd4a7cb490665e35726536.mailgun.org is not allowed to send: Sandbox subdomains are for test purposes only. Please add your own domain or add the address to authorized recipients in Account Settings.\r\n SMTP code: 421",
    "log": "/logs/plugins/w/wonderflow-reviews-and-videos/error.json"
  },
  {
    "message": "File class-phpmailer.php is <strong>deprecated</strong> since version 5.5.0! Use wp-includes/PHPMailer/PHPMailer.php instead. The PHPMailer class has been moved to wp-includes/PHPMailer subdirectory and now uses the PHPMailer\\PHPMailer namespace. in /wordpress/wp-includes/functions.php on line 6114",
    "level": "DEPRECATED",
    "type": "PHP",
    "test": "asyncify-boot",
    "plugin": "wonderflow-reviews-and-videos",
    "details": "[13-Apr-2025 22:29:41 UTC] PHP Deprecated:  File class-phpmailer.php is <strong>deprecated</strong> since version 5.5.0! Use wp-includes/PHPMailer/PHPMailer.php instead. The PHPMailer class has been moved to wp-includes/PHPMailer subdirectory and now uses the PHPMailer\\PHPMailer namespace. in /wordpress/wp-includes/functions.php on line 6114",
    "log": "/logs/plugins/w/wonderflow-reviews-and-videos/error.json"
  },
  {
    "message": "File class-smtp.php is <strong>deprecated</strong> since version 5.5.0! Use wp-includes/PHPMailer/SMTP.php instead. The SMTP class has been moved to the wp-includes/PHPMailer subdirectory and now uses the PHPMailer\\PHPMailer namespace. in /wordpress/wp-includes/functions.php on line 6114",
    "level": "DEPRECATED",
    "type": "PHP",
    "test": "asyncify-boot",
    "plugin": "wonderflow-reviews-and-videos",
    "details": "[13-Apr-2025 22:29:41 UTC] PHP Deprecated:  File class-smtp.php is <strong>deprecated</strong> since version 5.5.0! Use wp-includes/PHPMailer/SMTP.php instead. The SMTP class has been moved to the wp-includes/PHPMailer subdirectory and now uses the PHPMailer\\PHPMailer namespace. in /wordpress/wp-includes/functions.php on line 6114",
    "log": "/logs/plugins/w/wonderflow-reviews-and-videos/error.json"
  },
  {
    "message": "[13-Apr-2025 22:29:41 UTC] Before sending email",
    "level": "INFO",
    "type": "OTHER",
    "test": "asyncify-boot",
    "plugin": "wonderflow-reviews-and-videos",
    "details": "[13-Apr-2025 22:29:41 UTC] Before sending email",
    "log": "/logs/plugins/w/wonderflow-reviews-and-videos/error.json"
  },
  {
    "message": "[13-Apr-2025 22:29:42 UTC] Mailer Error: SMTP Error: data not accepted.SMTP server error: DATA command failed Detail: Domain sandbox0e8aa8caffdd4a7cb490665e35726536.mailgun.org is not allowed to send: Sandbox subdomains are for test purposes only. Please add your own domain or add the address to authorized recipients in Account Settings.\r\n SMTP code: 421\n\n    at Object.onBind (file:///home/runner/work/playground-tester/playground-tester/node_modules/@wp-playground/cli/index.js:237:15)\n    at runNextTicks (node:internal/process/task_queues:65:5)\n    at listOnTimeout (node:internal/timers:569:9)\n    at process.processTimers (node:internal/timers:543:7)\n    at async V (file:///home/runner/work/playground-tester/playground-tester/node_modules/@wp-playground/cli/index.js:64:10)\n    at async ja (file:///home/runner/work/playground-tester/playground-tester/node_modules/@wp-playground/cli/cli.js:8161:12) {\n  [cause]: Error: Error when executing the blueprint step #1 ({\"step\":\"installPlugin\",\"pluginData\":{\"resource\":\"wordpress.org/plugins\",\"slug\":\"wonderflow-reviews-and-videos\"},\"options\":{\"activate\":true}}) : \n  \"unreachable\" WASM instruction executed.\n  \n  The typical reason is a PHP function missing from the ASYNCIFY_ONLY\n  list when building PHP.wasm.\n  \n  You will need to file a new issue in the WordPress Playground repository\n  and paste this error message there:\n  \n  https://github.com/WordPress/wordpress-playground/issues/new\n  \n  If you're a core developer, the typical fix is to:\n  \n  * Isolate a minimal reproduction of the error\n  * Add a reproduction of the error to php-asyncify.spec.ts in the WordPress Playground repository\n  * Run 'npm run fix-asyncify'\n  * Commit the changes, push to the repo, release updated NPM packages\n  \n  Below is a list of all the PHP functions found in the stack trace to\n  help with the minimal reproduction. If they're all already listed in\n  the Dockerfile, you'll need to trigger this error again with long stack\n  traces enabled. In node.js, you can do it using the --stack-trace-limit=100\n  CLI option: \n  \n      * php.wasm.php_pollfd_for\n      * php.wasm.php_openssl_sockop_set_option\n      * php.wasm._php_stream_eof\n      * php.wasm.zif_feof\n      * php.wasm.ZEND_DO_FCALL_BY_NAME_SPEC_RETVAL_USED_HANDLER\n      * php.wasm.execute_ex\n      * php.wasm.zend_call_function\n  \n      at Object.run (file:///home/runner/work/playground-tester/playground-tester/node_modules/@wp-playground/blueprints/index.js:12449:19)\n      at runNextTicks (node:internal/process/task_queues:65:5)\n      at listOnTimeout (node:internal/timers:569:9)\n      at process.processTimers (node:internal/timers:543:7)\n      at async ms (file:///home/runner/work/playground-tester/playground-tester/node_modules/@wp-playground/blueprints/index.js:12552:3)\n      at async Object.onBind (file:///home/runner/work/playground-tester/playground-tester/node_modules/@wp-playground/cli/index.js:227:48)\n      at async V (file:///home/runner/work/playground-tester/playground-tester/node_modules/@wp-playground/cli/index.js:64:10)\n      at async ja (file:///home/runner/work/playground-tester/playground-tester/node_modules/@wp-playground/cli/cli.js:8161:12) {\n    [cause]: Error: \n    \"unreachable\" WASM instruction executed.\n    \n    The typical reason is a PHP function missing from the ASYNCIFY_ONLY\n    list when building PHP.wasm.\n    \n    You will need to file a new issue in the WordPress Playground repository\n    and paste this error message there:\n    \n    https://github.com/WordPress/wordpress-playground/issues/new\n    \n    If you're a core developer, the typical fix is to:\n    \n    * Isolate a minimal reproduction of the error\n    * Add a reproduction of the error to php-asyncify.spec.ts in the WordPress Playground repository\n    * Run 'npm run fix-asyncify'\n    * Commit the changes, push to the repo, release updated NPM packages\n    \n    Below is a list of all the PHP functions found in the stack trace to\n    help with the minimal reproduction. If they're all already listed in\n    the Dockerfile, you'll need to trigger this error again with long stack\n    traces enabled. In node.js, you can do it using the --stack-trace-limit=100\n    CLI option: \n    \n        * php.wasm.php_pollfd_for\n        * php.wasm.php_openssl_sockop_set_option\n        * php.wasm._php_stream_eof\n        * php.wasm.zif_feof\n        * php.wasm.ZEND_DO_FCALL_BY_NAME_SPEC_RETVAL_USED_HANDLER\n        * php.wasm.execute_ex\n        * php.wasm.zend_call_function\n    \n        at PHP.ae (file:///home/runner/work/playground-tester/playground-tester/node_modules/@php-wasm/universal/index.js:1449:78)\n        at runNextTicks (node:internal/process/task_queues:65:5)\n        at listOnTimeout (node:internal/timers:569:9)\n        at process.processTimers (node:internal/timers:543:7)\n        at async PHP.run (file:///home/runner/work/playground-tester/playground-tester/node_modules/@php-wasm/universal/index.js:984:17)\n        at async wr (file:///home/runner/work/playground-tester/playground-tester/node_modules/@wp-playground/blueprints/index.js:33:39)\n        at async Object.gt [as installPlugin] (file:///home/runner/work/playground-tester/playground-tester/node_modules/@wp-playground/blueprints/index.js:974:42)\n        at async g (file:///home/runner/work/playground-tester/playground-tester/node_modules/@wp-playground/blueprints/index.js:12517:30)\n        at async Object.run (file:///home/runner/work/playground-tester/playground-tester/node_modules/@wp-playground/blueprints/index.js:12446:23)\n        at async ms (file:///home/runner/work/playground-tester/playground-tester/node_modules/@wp-playground/blueprints/index.js:12552:3) {\n      cause: Error: Rethrown\n          at UnhandledRejectionsTarget.e (file:///home/runner/work/playground-tester/playground-tester/node_modules/@php-wasm/universal/index.js:1426:19)\n          at [nodejs.internal.kHybridDispatch] (node:internal/event_target:827:20)\n          at UnhandledRejectionsTarget.dispatchEvent (node:internal/event_target:762:26)\n          at t.wasmExports.<computed> (file:///home/runner/work/playground-tester/playground-tester/node_modules/@php-wasm/universal/index.js:568:15)\n          at invoke_iiiii (file:///home/runner/work/playground-tester/playground-tester/node_modules/@php-wasm/node/index.js:99042:14)\n          ... 4 lines matching cause stack trace ...\n          at invoke_ii (file:///home/runner/work/playground-tester/playground-tester/node_modules/@php-wasm/node/index.js:99053:14) {\n        cause: RuntimeError: unreachable\n            at php.wasm.zend_execute_scripts (wasm://wasm/php.wasm-038c1012:wasm-function[9389]:0x596062)\n            at php.wasm.dynCall_iiiii (wasm://wasm/php.wasm-038c1012:wasm-function[13269]:0x7050bd)\n            at ret.<computed> (file:///home/runner/work/playground-tester/playground-tester/node_modules/@php-wasm/node/index.js:98094:22)\n            at t.wasmExports.<computed> (file:///home/runner/work/playground-tester/playground-tester/node_modules/@php-wasm/universal/index.js:559:18)\n            at invoke_iiiii (file:///home/runner/work/playground-tester/playground-tester/node_modules/@php-wasm/node/index.js:99042:14)\n            at php.wasm.php_execute_script (wasm://wasm/php.wasm-038c1012:wasm-function[11421]:0x63ece7)\n            at php.wasm.dynCall_ii (wasm://wasm/php.wasm-038c1012:wasm-function[13272]:0x705315)\n            at ret.<computed> (file:///home/runner/work/playground-tester/playground-tester/node_modules/@php-wasm/node/index.js:98094:22)\n            at t.wasmExports.<computed> (file:///home/runner/work/playground-tester/playground-tester/node_modules/@php-wasm/universal/index.js:559:18)\n            at invoke_ii (file:///home/runner/work/playground-tester/playground-tester/node_modules/@php-wasm/node/index.js:99053:14) {\n          cause: Error\n              at Asyncify.handleSleep (file:///home/runner/work/playground-tester/playground-tester/node_modules/@php-wasm/node/index.js:99370:45)\n              at returnCallback (file:///home/runner/work/playground-tester/playground-tester/node_modules/@php-wasm/node/index.js:98383:51)\n              at wasm_poll_socket (file:///home/runner/work/playground-tester/playground-tester/node_modules/@php-wasm/node/index.js:98390:12)\n              at php.wasm.php_pollfd_for (wasm://wasm/php.wasm-038c1012:wasm-function[1031]:0x9c35d)\n              at php.wasm.php_openssl_sockop_set_option (wasm://wasm/php.wasm-038c1012:wasm-function[11238]:0x62cafc)\n              at php.wasm._php_stream_eof (wasm://wasm/php.wasm-038c1012:wasm-function[577]:0x42268)\n              at php.wasm.zif_feof (wasm://wasm/php.wasm-038c1012:wasm-function[9031]:0x570e20)\n              at php.wasm.ZEND_DO_FCALL_BY_NAME_SPEC_RETVAL_USED_HANDLER (wasm://wasm/php.wasm-038c1012:wasm-function[14729]:0x770908)\n              at php.wasm.execute_ex (wasm://wasm/php.wasm-038c1012:wasm-function[13057]:0x6e3f0e)\n              at php.wasm.zend_call_function (wasm://wasm/php.wasm-038c1012:wasm-function[430]:0x317d9)\n        },\n        betterMessage: '\\n' +\n          '\"unreachable\" WASM instruction executed.\\n' +\n          '\\n' +\n          'The typical reason is a PHP function missing from the ASYNCIFY_ONLY\\n' +\n          'list when building PHP.wasm.\\n' +\n          '\\n' +\n          'You will need to file a new issue in the WordPress Playground repository\\n' +\n          'and paste this error message there:\\n' +\n          '\\n' +\n          'https://github.com/WordPress/wordpress-playground/issues/new\\n' +\n          '\\n' +\n          \"If you're a core developer, the typical fix is to:\\n\" +\n          '\\n' +\n          '* Isolate a minimal reproduction of the error\\n' +\n          '* Add a reproduction of the error to php-asyncify.spec.ts in the WordPress Playground repository\\n' +\n          \"* Run 'npm run fix-asyncify'\\n\" +\n          '* Commit the changes, push to the repo, release updated NPM packages\\n' +\n          '\\n' +\n          'Below is a list of all the PHP functions found in the stack trace to\\n' +\n          \"help with the minimal reproduction. If they're all already listed in\\n\" +\n          \"the Dockerfile, you'll need to trigger this error again with long stack\\n\" +\n          'traces enabled. In node.js, you can do it using the --stack-trace-limit=100\\n' +\n          'CLI option: \\n' +\n          '\\n' +\n          '    * php.wasm.php_pollfd_for\\n' +\n          '    * php.wasm.php_openssl_sockop_set_option\\n' +\n          '    * php.wasm._php_stream_eof\\n' +\n          '    * php.wasm.zif_feof\\n' +\n          '    * php.wasm.ZEND_DO_FCALL_BY_NAME_SPEC_RETVAL_USED_HANDLER\\n' +\n          '    * php.wasm.execute_ex\\n' +\n          '    * php.wasm.zend_call_function\\n'\n      }\n    }\n  }\n}\n\n",
    "level": "INFO",
    "type": "OTHER",
    "test": "asyncify-boot",
    "plugin": "wonderflow-reviews-and-videos",
    "details": "[13-Apr-2025 22:29:42 UTC] Mailer Error: SMTP Error: data not accepted.SMTP server error: DATA command failed Detail: Domain sandbox0e8aa8caffdd4a7cb490665e35726536.mailgun.org is not allowed to send: Sandbox subdomains are for test purposes only. Please add your own domain or add the address to authorized recipients in Account Settings.\r\n SMTP code: 421\n\n    at Object.onBind (file:///home/runner/work/playground-tester/playground-tester/node_modules/@wp-playground/cli/index.js:237:15)\n    at runNextTicks (node:internal/process/task_queues:65:5)\n    at listOnTimeout (node:internal/timers:569:9)\n    at process.processTimers (node:internal/timers:543:7)\n    at async V (file:///home/runner/work/playground-tester/playground-tester/node_modules/@wp-playground/cli/index.js:64:10)\n    at async ja (file:///home/runner/work/playground-tester/playground-tester/node_modules/@wp-playground/cli/cli.js:8161:12) {\n  [cause]: Error: Error when executing the blueprint step #1 ({\"step\":\"installPlugin\",\"pluginData\":{\"resource\":\"wordpress.org/plugins\",\"slug\":\"wonderflow-reviews-and-videos\"},\"options\":{\"activate\":true}}) : \n  \"unreachable\" WASM instruction executed.\n  \n  The typical reason is a PHP function missing from the ASYNCIFY_ONLY\n  list when building PHP.wasm.\n  \n  You will need to file a new issue in the WordPress Playground repository\n  and paste this error message there:\n  \n  https://github.com/WordPress/wordpress-playground/issues/new\n  \n  If you're a core developer, the typical fix is to:\n  \n  * Isolate a minimal reproduction of the error\n  * Add a reproduction of the error to php-asyncify.spec.ts in the WordPress Playground repository\n  * Run 'npm run fix-asyncify'\n  * Commit the changes, push to the repo, release updated NPM packages\n  \n  Below is a list of all the PHP functions found in the stack trace to\n  help with the minimal reproduction. If they're all already listed in\n  the Dockerfile, you'll need to trigger this error again with long stack\n  traces enabled. In node.js, you can do it using the --stack-trace-limit=100\n  CLI option: \n  \n      * php.wasm.php_pollfd_for\n      * php.wasm.php_openssl_sockop_set_option\n      * php.wasm._php_stream_eof\n      * php.wasm.zif_feof\n      * php.wasm.ZEND_DO_FCALL_BY_NAME_SPEC_RETVAL_USED_HANDLER\n      * php.wasm.execute_ex\n      * php.wasm.zend_call_function\n  \n      at Object.run (file:///home/runner/work/playground-tester/playground-tester/node_modules/@wp-playground/blueprints/index.js:12449:19)\n      at runNextTicks (node:internal/process/task_queues:65:5)\n      at listOnTimeout (node:internal/timers:569:9)\n      at process.processTimers (node:internal/timers:543:7)\n      at async ms (file:///home/runner/work/playground-tester/playground-tester/node_modules/@wp-playground/blueprints/index.js:12552:3)\n      at async Object.onBind (file:///home/runner/work/playground-tester/playground-tester/node_modules/@wp-playground/cli/index.js:227:48)\n      at async V (file:///home/runner/work/playground-tester/playground-tester/node_modules/@wp-playground/cli/index.js:64:10)\n      at async ja (file:///home/runner/work/playground-tester/playground-tester/node_modules/@wp-playground/cli/cli.js:8161:12) {\n    [cause]: Error: \n    \"unreachable\" WASM instruction executed.\n    \n    The typical reason is a PHP function missing from the ASYNCIFY_ONLY\n    list when building PHP.wasm.\n    \n    You will need to file a new issue in the WordPress Playground repository\n    and paste this error message there:\n    \n    https://github.com/WordPress/wordpress-playground/issues/new\n    \n    If you're a core developer, the typical fix is to:\n    \n    * Isolate a minimal reproduction of the error\n    * Add a reproduction of the error to php-asyncify.spec.ts in the WordPress Playground repository\n    * Run 'npm run fix-asyncify'\n    * Commit the changes, push to the repo, release updated NPM packages\n    \n    Below is a list of all the PHP functions found in the stack trace to\n    help with the minimal reproduction. If they're all already listed in\n    the Dockerfile, you'll need to trigger this error again with long stack\n    traces enabled. In node.js, you can do it using the --stack-trace-limit=100\n    CLI option: \n    \n        * php.wasm.php_pollfd_for\n        * php.wasm.php_openssl_sockop_set_option\n        * php.wasm._php_stream_eof\n        * php.wasm.zif_feof\n        * php.wasm.ZEND_DO_FCALL_BY_NAME_SPEC_RETVAL_USED_HANDLER\n        * php.wasm.execute_ex\n        * php.wasm.zend_call_function\n    \n        at PHP.ae (file:///home/runner/work/playground-tester/playground-tester/node_modules/@php-wasm/universal/index.js:1449:78)\n        at runNextTicks (node:internal/process/task_queues:65:5)\n        at listOnTimeout (node:internal/timers:569:9)\n        at process.processTimers (node:internal/timers:543:7)\n        at async PHP.run (file:///home/runner/work/playground-tester/playground-tester/node_modules/@php-wasm/universal/index.js:984:17)\n        at async wr (file:///home/runner/work/playground-tester/playground-tester/node_modules/@wp-playground/blueprints/index.js:33:39)\n        at async Object.gt [as installPlugin] (file:///home/runner/work/playground-tester/playground-tester/node_modules/@wp-playground/blueprints/index.js:974:42)\n        at async g (file:///home/runner/work/playground-tester/playground-tester/node_modules/@wp-playground/blueprints/index.js:12517:30)\n        at async Object.run (file:///home/runner/work/playground-tester/playground-tester/node_modules/@wp-playground/blueprints/index.js:12446:23)\n        at async ms (file:///home/runner/work/playground-tester/playground-tester/node_modules/@wp-playground/blueprints/index.js:12552:3) {\n      cause: Error: Rethrown\n          at UnhandledRejectionsTarget.e (file:///home/runner/work/playground-tester/playground-tester/node_modules/@php-wasm/universal/index.js:1426:19)\n          at [nodejs.internal.kHybridDispatch] (node:internal/event_target:827:20)\n          at UnhandledRejectionsTarget.dispatchEvent (node:internal/event_target:762:26)\n          at t.wasmExports.<computed> (file:///home/runner/work/playground-tester/playground-tester/node_modules/@php-wasm/universal/index.js:568:15)\n          at invoke_iiiii (file:///home/runner/work/playground-tester/playground-tester/node_modules/@php-wasm/node/index.js:99042:14)\n          ... 4 lines matching cause stack trace ...\n          at invoke_ii (file:///home/runner/work/playground-tester/playground-tester/node_modules/@php-wasm/node/index.js:99053:14) {\n        cause: RuntimeError: unreachable\n            at php.wasm.zend_execute_scripts (wasm://wasm/php.wasm-038c1012:wasm-function[9389]:0x596062)\n            at php.wasm.dynCall_iiiii (wasm://wasm/php.wasm-038c1012:wasm-function[13269]:0x7050bd)\n            at ret.<computed> (file:///home/runner/work/playground-tester/playground-tester/node_modules/@php-wasm/node/index.js:98094:22)\n            at t.wasmExports.<computed> (file:///home/runner/work/playground-tester/playground-tester/node_modules/@php-wasm/universal/index.js:559:18)\n            at invoke_iiiii (file:///home/runner/work/playground-tester/playground-tester/node_modules/@php-wasm/node/index.js:99042:14)\n            at php.wasm.php_execute_script (wasm://wasm/php.wasm-038c1012:wasm-function[11421]:0x63ece7)\n            at php.wasm.dynCall_ii (wasm://wasm/php.wasm-038c1012:wasm-function[13272]:0x705315)\n            at ret.<computed> (file:///home/runner/work/playground-tester/playground-tester/node_modules/@php-wasm/node/index.js:98094:22)\n            at t.wasmExports.<computed> (file:///home/runner/work/playground-tester/playground-tester/node_modules/@php-wasm/universal/index.js:559:18)\n            at invoke_ii (file:///home/runner/work/playground-tester/playground-tester/node_modules/@php-wasm/node/index.js:99053:14) {\n          cause: Error\n              at Asyncify.handleSleep (file:///home/runner/work/playground-tester/playground-tester/node_modules/@php-wasm/node/index.js:99370:45)\n              at returnCallback (file:///home/runner/work/playground-tester/playground-tester/node_modules/@php-wasm/node/index.js:98383:51)\n              at wasm_poll_socket (file:///home/runner/work/playground-tester/playground-tester/node_modules/@php-wasm/node/index.js:98390:12)\n              at php.wasm.php_pollfd_for (wasm://wasm/php.wasm-038c1012:wasm-function[1031]:0x9c35d)\n              at php.wasm.php_openssl_sockop_set_option (wasm://wasm/php.wasm-038c1012:wasm-function[11238]:0x62cafc)\n              at php.wasm._php_stream_eof (wasm://wasm/php.wasm-038c1012:wasm-function[577]:0x42268)\n              at php.wasm.zif_feof (wasm://wasm/php.wasm-038c1012:wasm-function[9031]:0x570e20)\n              at php.wasm.ZEND_DO_FCALL_BY_NAME_SPEC_RETVAL_USED_HANDLER (wasm://wasm/php.wasm-038c1012:wasm-function[14729]:0x770908)\n              at php.wasm.execute_ex (wasm://wasm/php.wasm-038c1012:wasm-function[13057]:0x6e3f0e)\n              at php.wasm.zend_call_function (wasm://wasm/php.wasm-038c1012:wasm-function[430]:0x317d9)\n        },\n        betterMessage: '\\n' +\n          '\"unreachable\" WASM instruction executed.\\n' +\n          '\\n' +\n          'The typical reason is a PHP function missing from the ASYNCIFY_ONLY\\n' +\n          'list when building PHP.wasm.\\n' +\n          '\\n' +\n          'You will need to file a new issue in the WordPress Playground repository\\n' +\n          'and paste this error message there:\\n' +\n          '\\n' +\n          'https://github.com/WordPress/wordpress-playground/issues/new\\n' +\n          '\\n' +\n          \"If you're a core developer, the typical fix is to:\\n\" +\n          '\\n' +\n          '* Isolate a minimal reproduction of the error\\n' +\n          '* Add a reproduction of the error to php-asyncify.spec.ts in the WordPress Playground repository\\n' +\n          \"* Run 'npm run fix-asyncify'\\n\" +\n          '* Commit the changes, push to the repo, release updated NPM packages\\n' +\n          '\\n' +\n          'Below is a list of all the PHP functions found in the stack trace to\\n' +\n          \"help with the minimal reproduction. If they're all already listed in\\n\" +\n          \"the Dockerfile, you'll need to trigger this error again with long stack\\n\" +\n          'traces enabled. In node.js, you can do it using the --stack-trace-limit=100\\n' +\n          'CLI option: \\n' +\n          '\\n' +\n          '    * php.wasm.php_pollfd_for\\n' +\n          '    * php.wasm.php_openssl_sockop_set_option\\n' +\n          '    * php.wasm._php_stream_eof\\n' +\n          '    * php.wasm.zif_feof\\n' +\n          '    * php.wasm.ZEND_DO_FCALL_BY_NAME_SPEC_RETVAL_USED_HANDLER\\n' +\n          '    * php.wasm.execute_ex\\n' +\n          '    * php.wasm.zend_call_function\\n'\n      }\n    }\n  }\n}\n\n",
    "log": "/logs/plugins/w/wonderflow-reviews-and-videos/error.json"
  }
]
