[
{"message":"file:///home/runner/work/playground-tester/playground-tester/node_modules/@wp-playground/cli/index.js:237\n        throw new Error(y, { cause: u });\n              ^\n","level":"FATAL","type":"PLAYGROUND","test":"asyncify-boot","plugin":"bit-assist","details":"file:///home/runner/work/playground-tester/playground-tester/node_modules/@wp-playground/cli/index.js:237\n        throw new Error(y, { cause: u });\n              ^\n","log":"/tmp/tmp.8KqOfIOliW"}
,
{"message":"Function _load_textdomain_just_in_time was called <strong>incorrectly</strong>. Translation loading for the <code>backup-by-supsystic</code> domain was triggered too early. This is usually an indicator for some code in the plugin or theme running too early. Translations should be loaded at the <code>init</code> action or later. Please see <a href=\"https://developer.wordpress.org/advanced-administration/debug/debug-wordpress/\">Debugging in WordPress</a> for more information. (This message was added in version 6.7.0.) in /wordpress/wp-includes/functions.php on line 6121","level":"NOTICE","type":"PHP","test":"asyncify-boot","plugin":"bit-assist","details":"[09-May-2025 09:30:29 UTC] PHP Notice:  Function _load_textdomain_just_in_time was called <strong>incorrectly</strong>. Translation loading for the <code>backup-by-supsystic</code> domain was triggered too early. This is usually an indicator for some code in the plugin or theme running too early. Translations should be loaded at the <code>init</code> action or later. Please see <a href=\"https://developer.wordpress.org/advanced-administration/debug/debug-wordpress/\">Debugging in WordPress</a> for more information. (This message was added in version 6.7.0.) in /wordpress/wp-includes/functions.php on line 6121","log":"/logs/plugins/b/bit-assist/error.json"}
,
{"message":"Required parameter $encode follows optional parameter $fields in /wordpress/wp-content/plugins/backup-by-supsystic/modules/dropbox/classes/curlBup.php on line 150","level":"DEPRECATED","type":"PHP","test":"asyncify-boot","plugin":"bit-assist","details":"[09-May-2025 09:30:29 UTC] PHP Deprecated:  Required parameter $encode follows optional parameter $fields in /wordpress/wp-content/plugins/backup-by-supsystic/modules/dropbox/classes/curlBup.php on line 150","log":"/logs/plugins/b/bit-assist/error.json"}
,
{"message":"SQLSTATE[HY000]: General error: 1 no such table: wp_bup_modules.","level":"FATAL","type":"SQL","test":"asyncify-boot","plugin":"bit-assist","details":"[09-May-2025 09:30:40 UTC] WordPress database error <div style=\"clear:both\">&nbsp;</div>\n<div class=\"queries\" style=\"clear:both;margin-bottom:2px;border:red dotted thin;\">\n<p>MySQL query:</p>\n<p>SELECT toe_m.*, toe_m_t.label as type_name FROM wp_bup_modules toe_m INNER JOIN wp_bup_modules_type toe_m_t ON toe_m_t.id = toe_m.type_id ORDER BY id ASC</p>\n<p>Queries made or created this session were:</p>\n<ol>\n<li>Executing: BEGIN | (no parameters)</li>\n<li>Executing: SELECT toe_m.*, toe_m_t.label as type_name FROM wp_bup_modules toe_m INNER JOIN wp_bup_modules_type toe_m_t ON toe_m_t.id = toe_m.type_id ORDER BY id ASC | (no parameters)</li>\n<li>Executing: ROLLBACK | (no parameters)</li>\n</ol>\n</div>\n<div style=\"clear:both;margin-bottom:2px;border:red dotted thin;\" class=\"error_message\" style=\"border-bottom:dotted blue thin;\">\nError occurred at line 4117 in Function <code>handle_error</code>. Error message was: SQLSTATE[HY000]: General error: 1 no such table: wp_bup_modules.\n</div>\n<p>Backtrace:</p>\n<pre>#0 /internal/shared/sqlite-database-integration/wp-includes/sqlite/class-wp-sqlite-db.php(287): WP_SQLite_Translator->get_error_message()\n#1 /wordpress/wp-includes/class-wpdb.php(3146): WP_SQLite_DB->query('SELECT toe_m.*,...')\n#2 /wordpress/wp-content/plugins/backup-by-supsystic/classes/db.php(32): wpdb->get_results('SELECT toe_m.*,...', 'ARRAY_A')\n#3 /wordpress/wp-content/plugins/backup-by-supsystic/classes/table.php(241): dbBup::get('SELECT toe_m.*,...', 'all')\n#4 /wordpress/wp-content/plugins/backup-by-supsystic/classes/frame.php(68): tableBup->get('toe_m.*, toe_m_...')\n#5 /wordpress/wp-content/plugins/backup-by-supsystic/classes/frame.php(107): frameBup->_extractModules()\n#6 /wordpress/wp-content/plugins/backup-by-supsystic/backup-supsystic.php(54): frameBup->init()\n#7 /wordpress/wp-admin/includes/plugin.php(2387): include_once('/wordpress/wp-c...')\n#8 /wordpress/wp-admin/includes/plugin.php(673): plugin_sandbox_scrape('backup-by-supsy...')\n#9 /internal/eval.php(20): activate_plugin('backup-by-supsy...')\n#10 {main}</pre>\n for query SELECT toe_m.*, toe_m_t.label as type_name FROM wp_bup_modules toe_m INNER JOIN wp_bup_modules_type toe_m_t ON toe_m_t.id = toe_m.type_id ORDER BY id ASC made by activate_plugin, plugin_sandbox_scrape, include_once('/plugins/backup-by-supsystic/backup-supsystic.php'), frameBup->init, frameBup->_extractModules, tableBup->get, dbBup::get, WP_SQLite_DB->query, WP_SQLite_DB->print_error","log":"/logs/plugins/b/bit-assist/error.json"}
,
{"message":"Function _load_textdomain_just_in_time was called <strong>incorrectly</strong>. Translation loading for the <code>backup-by-supsystic</code> domain was triggered too early. This is usually an indicator for some code in the plugin or theme running too early. Translations should be loaded at the <code>init</code> action or later. Please see <a href=\"https://developer.wordpress.org/advanced-administration/debug/debug-wordpress/\">Debugging in WordPress</a> for more information. (This message was added in version 6.7.0.) in /wordpress/wp-includes/functions.php on line 6121","level":"NOTICE","type":"PHP","test":"asyncify-boot","plugin":"bit-assist","details":"[09-May-2025 09:30:41 UTC] PHP Notice:  Function _load_textdomain_just_in_time was called <strong>incorrectly</strong>. Translation loading for the <code>backup-by-supsystic</code> domain was triggered too early. This is usually an indicator for some code in the plugin or theme running too early. Translations should be loaded at the <code>init</code> action or later. Please see <a href=\"https://developer.wordpress.org/advanced-administration/debug/debug-wordpress/\">Debugging in WordPress</a> for more information. (This message was added in version 6.7.0.) in /wordpress/wp-includes/functions.php on line 6121","log":"/logs/plugins/b/bit-assist/error.json"}
,
{"message":"Required parameter $encode follows optional parameter $fields in /wordpress/wp-content/plugins/backup-by-supsystic/modules/dropbox/classes/curlBup.php on line 150","level":"DEPRECATED","type":"PHP","test":"asyncify-boot","plugin":"bit-assist","details":"[09-May-2025 09:30:42 UTC] PHP Deprecated:  Required parameter $encode follows optional parameter $fields in /wordpress/wp-content/plugins/backup-by-supsystic/modules/dropbox/classes/curlBup.php on line 150","log":"/logs/plugins/b/bit-assist/error.json"}
,
{"message":"SQLSTATE[HY000]: General error: 1 no such table: wp_bup_modules.","level":"FATAL","type":"SQL","test":"asyncify-boot","plugin":"bit-assist","details":"[09-May-2025 09:30:52 UTC] WordPress database error <div style=\"clear:both\">&nbsp;</div>\n<div class=\"queries\" style=\"clear:both;margin-bottom:2px;border:red dotted thin;\">\n<p>MySQL query:</p>\n<p>SELECT toe_m.*, toe_m_t.label as type_name FROM wp_bup_modules toe_m INNER JOIN wp_bup_modules_type toe_m_t ON toe_m_t.id = toe_m.type_id ORDER BY id ASC</p>\n<p>Queries made or created this session were:</p>\n<ol>\n<li>Executing: BEGIN | (no parameters)</li>\n<li>Executing: SELECT toe_m.*, toe_m_t.label as type_name FROM wp_bup_modules toe_m INNER JOIN wp_bup_modules_type toe_m_t ON toe_m_t.id = toe_m.type_id ORDER BY id ASC | (no parameters)</li>\n<li>Executing: ROLLBACK | (no parameters)</li>\n</ol>\n</div>\n<div style=\"clear:both;margin-bottom:2px;border:red dotted thin;\" class=\"error_message\" style=\"border-bottom:dotted blue thin;\">\nError occurred at line 4117 in Function <code>handle_error</code>. Error message was: SQLSTATE[HY000]: General error: 1 no such table: wp_bup_modules.\n</div>\n<p>Backtrace:</p>\n<pre>#0 /internal/shared/sqlite-database-integration/wp-includes/sqlite/class-wp-sqlite-db.php(287): WP_SQLite_Translator->get_error_message()\n#1 /wordpress/wp-includes/class-wpdb.php(3146): WP_SQLite_DB->query('SELECT toe_m.*,...')\n#2 /wordpress/wp-content/plugins/backup-by-supsystic/classes/db.php(32): wpdb->get_results('SELECT toe_m.*,...', 'ARRAY_A')\n#3 /wordpress/wp-content/plugins/backup-by-supsystic/classes/table.php(241): dbBup::get('SELECT toe_m.*,...', 'all')\n#4 /wordpress/wp-content/plugins/backup-by-supsystic/classes/frame.php(68): tableBup->get('toe_m.*, toe_m_...')\n#5 /wordpress/wp-content/plugins/backup-by-supsystic/classes/frame.php(107): frameBup->_extractModules()\n#6 /wordpress/wp-content/plugins/backup-by-supsystic/backup-supsystic.php(54): frameBup->init()\n#7 /wordpress/wp-admin/includes/plugin.php(2387): include_once('/wordpress/wp-c...')\n#8 /wordpress/wp-admin/includes/plugin.php(673): plugin_sandbox_scrape('backup-by-supsy...')\n#9 /internal/eval.php(20): activate_plugin('backup-by-supsy...')\n#10 {main}</pre>\n for query SELECT toe_m.*, toe_m_t.label as type_name FROM wp_bup_modules toe_m INNER JOIN wp_bup_modules_type toe_m_t ON toe_m_t.id = toe_m.type_id ORDER BY id ASC made by activate_plugin, plugin_sandbox_scrape, include_once('/plugins/backup-by-supsystic/backup-supsystic.php'), frameBup->init, frameBup->_extractModules, tableBup->get, dbBup::get, WP_SQLite_DB->query, WP_SQLite_DB->print_error","log":"/logs/plugins/b/bit-assist/error.json"}
,
{"message":"Function _load_textdomain_just_in_time was called <strong>incorrectly</strong>. Translation loading for the <code>backup-by-supsystic</code> domain was triggered too early. This is usually an indicator for some code in the plugin or theme running too early. Translations should be loaded at the <code>init</code> action or later. Please see <a href=\"https://developer.wordpress.org/advanced-administration/debug/debug-wordpress/\">Debugging in WordPress</a> for more information. (This message was added in version 6.7.0.) in /wordpress/wp-includes/functions.php on line 6121","level":"NOTICE","type":"PHP","test":"asyncify-boot","plugin":"bit-assist","details":"[09-May-2025 09:30:54 UTC] PHP Notice:  Function _load_textdomain_just_in_time was called <strong>incorrectly</strong>. Translation loading for the <code>backup-by-supsystic</code> domain was triggered too early. This is usually an indicator for some code in the plugin or theme running too early. Translations should be loaded at the <code>init</code> action or later. Please see <a href=\"https://developer.wordpress.org/advanced-administration/debug/debug-wordpress/\">Debugging in WordPress</a> for more information. (This message was added in version 6.7.0.) in /wordpress/wp-includes/functions.php on line 6121","log":"/logs/plugins/b/bit-assist/error.json"}
,
{"message":"Required parameter $encode follows optional parameter $fields in /wordpress/wp-content/plugins/backup-by-supsystic/modules/dropbox/classes/curlBup.php on line 150","level":"DEPRECATED","type":"PHP","test":"asyncify-boot","plugin":"bit-assist","details":"[09-May-2025 09:30:54 UTC] PHP Deprecated:  Required parameter $encode follows optional parameter $fields in /wordpress/wp-content/plugins/backup-by-supsystic/modules/dropbox/classes/curlBup.php on line 150","log":"/logs/plugins/b/bit-assist/error.json"}
,
{"message":"[09-May-2025 09:31:58 UTC] Loading the plugin","level":"INFO","type":"OTHER","test":"asyncify-boot","plugin":"bit-assist","details":"[09-May-2025 09:31:58 UTC] Loading the plugin","log":"/logs/plugins/b/bit-assist/error.json"}
,
{"message":"[09-May-2025 09:31:59 UTC] Loading the plugin","level":"INFO","type":"OTHER","test":"asyncify-boot","plugin":"bit-assist","details":"[09-May-2025 09:31:59 UTC] Loading the plugin","log":"/logs/plugins/b/bit-assist/error.json"}
,
{"message":"[09-May-2025 09:32:07 UTC] Loading the plugin","level":"INFO","type":"OTHER","test":"asyncify-boot","plugin":"bit-assist","details":"[09-May-2025 09:32:07 UTC] Loading the plugin","log":"/logs/plugins/b/bit-assist/error.json"}
,
{"message":"[09-May-2025 09:32:08 UTC] Loading the plugin","level":"INFO","type":"OTHER","test":"asyncify-boot","plugin":"bit-assist","details":"[09-May-2025 09:32:08 UTC] Loading the plugin","log":"/logs/plugins/b/bit-assist/error.json"}
,
{"message":"[09-May-2025 09:32:16 UTC] Loading the plugin","level":"INFO","type":"OTHER","test":"asyncify-boot","plugin":"bit-assist","details":"[09-May-2025 09:32:16 UTC] Loading the plugin","log":"/logs/plugins/b/bit-assist/error.json"}
,
{"message":"[09-May-2025 09:32:17 UTC] Loading the plugin","level":"INFO","type":"OTHER","test":"asyncify-boot","plugin":"bit-assist","details":"[09-May-2025 09:32:17 UTC] Loading the plugin","log":"/logs/plugins/b/bit-assist/error.json"}
,
{"message":"Uncaught Error: Call to undefined function mysql_get_server_info() in /wordpress/wp-content/plugins/benday-reviews-system/br-system.php:22","level":"FATAL","type":"PHP","test":"asyncify-boot","plugin":"bit-assist","details":"[09-May-2025 09:32:52 UTC] PHP Fatal error:  Uncaught Error: Call to undefined function mysql_get_server_info() in /wordpress/wp-content/plugins/benday-reviews-system/br-system.php:22\nStack trace:\n#0 /wordpress/wp-includes/class-wp-hook.php(324): br_install(false)\n#1 /wordpress/wp-includes/class-wp-hook.php(348): WP_Hook->apply_filters('', Array)\n#2 /wordpress/wp-includes/plugin.php(517): WP_Hook->do_action(Array)\n#3 /wordpress/wp-admin/includes/plugin.php(703): do_action('activate_benday...', false)\n#4 /internal/eval.php(20): activate_plugin('benday-reviews-...')\n#5 {main}\n  thrown in /wordpress/wp-content/plugins/benday-reviews-system/br-system.php on line 22","log":"/logs/plugins/b/bit-assist/error.json"}
,
{"message":"Uncaught Error: Call to undefined function mysql_get_server_info() in /wordpress/wp-content/plugins/benday-reviews-system/br-system.php:22","level":"FATAL","type":"PHP","test":"asyncify-boot","plugin":"bit-assist","details":"[09-May-2025 09:32:59 UTC] PHP Fatal error:  Uncaught Error: Call to undefined function mysql_get_server_info() in /wordpress/wp-content/plugins/benday-reviews-system/br-system.php:22\nStack trace:\n#0 /wordpress/wp-includes/class-wp-hook.php(324): br_install(false)\n#1 /wordpress/wp-includes/class-wp-hook.php(348): WP_Hook->apply_filters('', Array)\n#2 /wordpress/wp-includes/plugin.php(517): WP_Hook->do_action(Array)\n#3 /wordpress/wp-admin/includes/plugin.php(703): do_action('activate_benday...', false)\n#4 /internal/eval.php(20): activate_plugin('benday-reviews-...')\n#5 {main}\n  thrown in /wordpress/wp-content/plugins/benday-reviews-system/br-system.php on line 22","log":"/logs/plugins/b/bit-assist/error.json"}
,
{"message":"Uncaught Error: Call to undefined function mysql_get_server_info() in /wordpress/wp-content/plugins/benday-reviews-system/br-system.php:22","level":"FATAL","type":"PHP","test":"asyncify-boot","plugin":"bit-assist","details":"[09-May-2025 09:33:06 UTC] PHP Fatal error:  Uncaught Error: Call to undefined function mysql_get_server_info() in /wordpress/wp-content/plugins/benday-reviews-system/br-system.php:22\nStack trace:\n#0 /wordpress/wp-includes/class-wp-hook.php(324): br_install(false)\n#1 /wordpress/wp-includes/class-wp-hook.php(348): WP_Hook->apply_filters('', Array)\n#2 /wordpress/wp-includes/plugin.php(517): WP_Hook->do_action(Array)\n#3 /wordpress/wp-admin/includes/plugin.php(703): do_action('activate_benday...', false)\n#4 /internal/eval.php(20): activate_plugin('benday-reviews-...')\n#5 {main}\n  thrown in /wordpress/wp-content/plugins/benday-reviews-system/br-system.php on line 22","log":"/logs/plugins/b/bit-assist/error.json"}
,
{"message":"Uncaught RuntimeException: <div style=\"clear:both\">&nbsp;</div>","level":"FATAL","type":"PHP","test":"asyncify-boot","plugin":"bit-assist","details":"[09-May-2025 09:34:12 UTC] PHP Fatal error:  Uncaught RuntimeException: <div style=\"clear:both\">&nbsp;</div>\n<div class=\"queries\" style=\"clear:both;margin-bottom:2px;border:red dotted thin;\">\n<p>MySQL query:</p>\n<p>CREATE TABLE IF NOT EXISTS wp_bit_assist_widget_channels (\n             id BIGINT  UNSIGNED NOT NULL AUTO_INCREMENT\n, widget_id BIGINT(20) UNSIGNED NOT NULL\n, channel_name VARCHAR(255) NOT NULL\n, config LONGTEXT  NULL\n, sequence INTEGER  NULL\n, status BOOLEAN  NOT NULL DEFAULT 1\n, created_at timestamp  NULL DEFAULT NULL\n, updated_at timestamp  NULL DEFAULT NULL,\nPRIMARY KEY (\nid\n), FOREIGN KEY (widget_id) REFERENCES wp_bit_assist_widgets (id) ON DELETE CASCADE\n             ) </p>\n<p>Queries made or created this session were:</p>\n<ol>\n<li>Executing: BEGIN | (no parameters)</li>\n<li>Executing: SELECT 1 FROM `_wp_sqlite_mysql_information_schema_tables` WHERE table_schema = ? AND table_name = ? | parameters: database_name_here, wp_bit_assist_widget_channels</li>\n<li>Executing: INSERT INTO `_wp_sqlite_mysql_information_schema_tables` (`table_schem in /wordpress/wp-content/plugins/bit-assist/vendor/bitapps/wp-database/src/Blueprint.php on line 176","log":"/logs/plugins/b/bit-assist/error.json"}
,
{"message":"Uncaught RuntimeException: <div style=\"clear:both\">&nbsp;</div>","level":"FATAL","type":"PHP","test":"asyncify-boot","plugin":"bit-assist","details":"[09-May-2025 09:34:20 UTC] PHP Fatal error:  Uncaught RuntimeException: <div style=\"clear:both\">&nbsp;</div>\n<div class=\"queries\" style=\"clear:both;margin-bottom:2px;border:red dotted thin;\">\n<p>MySQL query:</p>\n<p>CREATE TABLE IF NOT EXISTS wp_bit_assist_widget_channels (\n             id BIGINT  UNSIGNED NOT NULL AUTO_INCREMENT\n, widget_id BIGINT(20) UNSIGNED NOT NULL\n, channel_name VARCHAR(255) NOT NULL\n, config LONGTEXT  NULL\n, sequence INTEGER  NULL\n, status BOOLEAN  NOT NULL DEFAULT 1\n, created_at timestamp  NULL DEFAULT NULL\n, updated_at timestamp  NULL DEFAULT NULL,\nPRIMARY KEY (\nid\n), FOREIGN KEY (widget_id) REFERENCES wp_bit_assist_widgets (id) ON DELETE CASCADE\n             ) </p>\n<p>Queries made or created this session were:</p>\n<ol>\n<li>Executing: BEGIN | (no parameters)</li>\n<li>Executing: INSERT INTO _mysql_data_types_cache (`table`, `column_or_index`, `mysql_type`)\n\t\t\t\tVALUES (:table, :column, :datatype)\n\t\t\t\tON CONFLICT(`table`, `column_or_index`) DO UPDATE SET `mysql_type` = :datatype\n\t\t\t | parameters: wp_bit_assist_widget_channels, id,  in /wordpress/wp-content/plugins/bit-assist/vendor/bitapps/wp-database/src/Blueprint.php on line 176\n\n    at Object.onBind (file:///home/runner/work/playground-tester/playground-tester/node_modules/@wp-playground/cli/index.js:237:15)\n    at process.processTicksAndRejections (node:internal/process/task_queues:105:5)\n    at async V (file:///home/runner/work/playground-tester/playground-tester/node_modules/@wp-playground/cli/index.js:64:10)\n    at async ja (file:///home/runner/work/playground-tester/playground-tester/node_modules/@wp-playground/cli/cli.js:8161:12) {\n  [cause]: Error: Error when executing the blueprint step #1 ({\"step\":\"installPlugin\",\"pluginData\":{\"resource\":\"wordpress.org/plugins\",\"slug\":\"bit-assist\"},\"options\":{\"activate\":true}}) : PHP.run() failed with exit code 255 and the following output: \n      at Object.run (file:///home/runner/work/playground-tester/playground-tester/node_modules/@wp-playground/blueprints/index.js:12449:19)\n      at process.processTicksAndRejections (node:internal/process/task_queues:105:5)\n      at async ms (file:///home/runner/work/playground-tester/playground-tester/node_modules/@wp-playground/blueprints/index.js:12552:3)\n      ... 2 lines matching cause stack trace ...\n      at async ja (file:///home/runner/work/playground-tester/playground-tester/node_modules/@wp-playground/cli/cli.js:8161:12) {\n    [cause]: PHPExecutionFailureError: PHP.run() failed with exit code 255 and the following output: \n        at PHP.run (file:///home/runner/work/playground-tester/playground-tester/node_modules/@php-wasm/universal/index.js:987:19)\n        at process.processTicksAndRejections (node:internal/process/task_queues:105:5)\n        at async wr (file:///home/runner/work/playground-tester/playground-tester/node_modules/@wp-playground/blueprints/index.js:33:39)\n        at async Object.gt [as installPlugin] (file:///home/runner/work/playground-tester/playground-tester/node_modules/@wp-playground/blueprints/index.js:974:42)\n        at async g (file:///home/runner/work/playground-tester/playground-tester/node_modules/@wp-playground/blueprints/index.js:12517:30)\n        at async Object.run (file:///home/runner/work/playground-tester/playground-tester/node_modules/@wp-playground/blueprints/index.js:12446:23)\n        at async ms (file:///home/runner/work/playground-tester/playground-tester/node_modules/@wp-playground/blueprints/index.js:12552:3)\n        at async Object.onBind (file:///home/runner/work/playground-tester/playground-tester/node_modules/@wp-playground/cli/index.js:227:48)\n        at async V (file:///home/runner/work/playground-tester/playground-tester/node_modules/@wp-playground/cli/index.js:64:10)\n        at async ja (file:///home/runner/work/playground-tester/playground-tester/node_modules/@wp-playground/cli/cli.js:8161:12) {\n      response: PHPResponse {\n        httpStatusCode: 500,\n        headers: {\n          'x-powered-by': [ 'PHP/7.4.31-dev' ],\n          'content-type': [ 'text/html; charset=UTF-8' ]\n        },\n        bytes: Uint8Array(0) [],\n        exitCode: 255,\n        errors: ''\n      },\n      source: 'request'\n    }\n  }\n}\n\n","log":"/logs/plugins/b/bit-assist/error.json"}
]
