file:///home/runner/work/playground-tester/playground-tester/node_modules/@wp-playground/cli/index.js:237
        throw new Error(y, { cause: u });
              ^

Error: [20-Apr-2025 20:29:38 UTC] PHP Fatal error:  Uncaught Error: Call to undefined function wc_get_logger() in /wordpress/wp-content/plugins/bayengage-email-marketing/bayengage-email-campaign-automation.php:84
Stack trace:
#0 /wordpress/wp-includes/class-wp-hook.php(324): bem_do_plugin_after_install('')
#1 /wordpress/wp-includes/class-wp-hook.php(348): WP_Hook->apply_filters(NULL, Array)
#2 /wordpress/wp-includes/plugin.php(517): WP_Hook->do_action(Array)
#3 /wordpress/wp-settings.php(727): do_action('init')
#4 /wordpress/wp-config.php(102): require_once('/wordpress/wp-s...')
#5 /wordpress/wp-load.php(50): require_once('/wordpress/wp-c...')
#6 /internal/eval.php(3): require_once('/wordpress/wp-l...')
#7 {main}
  thrown in /wordpress/wp-content/plugins/bayengage-email-marketing/bayengage-email-campaign-automation.php on line 84
[20-Apr-2025 20:29:47 UTC] PHP Fatal error:  Uncaught Error: Call to undefined function wc_get_logger() in /wordpress/wp-content/plugins/bayengage-email-marketing/bayengage-email-campaign-automation.php:84
Stack trace:
#0 /wordpress/wp-includes/class-wp-hook.php(324): bem_do_plugin_after_install('')
#1 /wordpress/wp-includes/class-wp-hook.php(348): WP_Hook->apply_filters(NULL, Array)
#2 /wordpress/wp-includes/plugin.php(517): WP_Hook->do_action(Array)
#3 /wordpress/wp-settings.php(727): do_action('init')
#4 /wordpress/wp-config.php(102): require_once('/wordpress/wp-s...')
#5 /wordpress/wp-load.php(50): require_once('/wordpress/wp-c...')
#6 /internal/eval.php(3): require_once('/wordpress/wp-l...')
#7 {main}
  thrown in /wordpress/wp-content/plugins/bayengage-email-marketing/bayengage-email-campaign-automation.php on line 84
[20-Apr-2025 20:29:56 UTC] PHP Fatal error:  Uncaught Error: Call to undefined function wc_get_logger() in /wordpress/wp-content/plugins/bayengage-email-marketing/bayengage-email-campaign-automation.php:84
Stack trace:
#0 /wordpress/wp-includes/class-wp-hook.php(324): bem_do_plugin_after_install('')
#1 /wordpress/wp-includes/class-wp-hook.php(348): WP_Hook->apply_filters(NULL, Array)
#2 /wordpress/wp-includes/plugin.php(517): WP_Hook->do_action(Array)
#3 /wordpress/wp-settings.php(727): do_action('init')
#4 /wordpress/wp-config.php(102): require_once('/wordpress/wp-s...')
#5 /wordpress/wp-load.php(50): require_once('/wordpress/wp-c...')
#6 /internal/eval.php(3): require_once('/wordpress/wp-l...')
#7 {main}
  thrown in /wordpress/wp-content/plugins/bayengage-email-marketing/bayengage-email-campaign-automation.php on line 84
[20-Apr-2025 20:32:07 UTC] PHP Fatal error:  Uncaught Error: Call to undefined function create_function() in /wordpress/wp-content/plugins/bf3-server-stats/BF3ServerStats.php:191
Stack trace:
#0 /wordpress/wp-admin/includes/plugin.php(2387): include_once()
#1 /wordpress/wp-admin/includes/plugin.php(673): plugin_sandbox_scrape('bf3-server-stat...')
#2 /internal/eval.php(20): activate_plugin('bf3-server-stat...')
#3 {main}
  thrown in /wordpress/wp-content/plugins/bf3-server-stats/BF3ServerStats.php on line 191
[20-Apr-2025 20:32:14 UTC] PHP Fatal error:  Uncaught Error: Call to undefined function create_function() in /wordpress/wp-content/plugins/bf3-server-stats/BF3ServerStats.php:191
Stack trace:
#0 /wordpress/wp-admin/includes/plugin.php(2387): include_once()
#1 /wordpress/wp-admin/includes/plugin.php(673): plugin_sandbox_scrape('bf3-server-stat...')
#2 /internal/eval.php(20): activate_plugin('bf3-server-stat...')
#3 {main}
  thrown in /wordpress/wp-content/plugins/bf3-server-stats/BF3ServerStats.php on line 191
[20-Apr-2025 20:32:22 UTC] PHP Fatal error:  Uncaught Error: Call to undefined function create_function() in /wordpress/wp-content/plugins/bf3-server-stats/BF3ServerStats.php:191
Stack trace:
#0 /wordpress/wp-admin/includes/plugin.php(2387): include_once()
#1 /wordpress/wp-admin/includes/plugin.php(673): plugin_sandbox_scrape('bf3-server-stat...')
#2 /internal/eval.php(20): activate_plugin('bf3-server-stat...')
#3 {main}
  thrown in /wordpress/wp-content/plugins/bf3-server-stats/BF3ServerStats.php on line 191
[20-Apr-2025 20:33:07 UTC] PHP Fatal error:  Uncaught RuntimeException: <div style="clear:both">&nbsp;</div>
<div class="queries" style="clear:both;margin-bottom:2px;border:red dotted thin;">
<p>MySQL query:</p>
<p>CREATE TABLE IF NOT EXISTS wp_bit_social_accounts (
             id BIGINT  UNSIGNED NOT NULL AUTO_INCREMENT
, custom_app_id BIGINT(20) UNSIGNED NULL
, profile_id VARCHAR(255) NOT NULL
, account_id VARCHAR(255) NOT NULL
, account_name VARCHAR(255) NOT NULL
, details LONGTEXT  NOT NULL
, platform VARCHAR(255) NOT NULL
, account_type INTEGER  NOT NULL
, status BOOLEAN  NOT NULL DEFAULT 1
, created_at timestamp  NULL DEFAULT NULL
, updated_at timestamp  NULL DEFAULT NULL,
PRIMARY KEY (
id
), FOREIGN KEY (custom_app_id) REFERENCES wp_bit_social_custom_apps (id) ON DELETE CASCADE
             ) </p>
<p>Queries made or created this session were:</p>
<ol>
<li>Executing: BEGIN | (no parameters)</li>
<li>Executing: SELECT 1 FROM _wp_sqlite_mysql_information_schema_tables WHERE table_schema = ? AND table_name = ? | parameters: database_name_here, wp_bi in /wordpress/wp-content/plugins/bit-social/vendor/bitapps/wp-database/src/Blueprint.php on line 176
[20-Apr-2025 20:33:18 UTC] PHP Fatal error:  Uncaught RuntimeException: <div style="clear:both">&nbsp;</div>
<div class="queries" style="clear:both;margin-bottom:2px;border:red dotted thin;">
<p>MySQL query:</p>
<p>CREATE TABLE IF NOT EXISTS wp_bit_social_accounts (
             id BIGINT  UNSIGNED NOT NULL AUTO_INCREMENT
, custom_app_id BIGINT(20) UNSIGNED NULL
, profile_id VARCHAR(255) NOT NULL
, account_id VARCHAR(255) NOT NULL
, account_name VARCHAR(255) NOT NULL
, details LONGTEXT  NOT NULL
, platform VARCHAR(255) NOT NULL
, account_type INTEGER  NOT NULL
, status BOOLEAN  NOT NULL DEFAULT 1
, created_at timestamp  NULL DEFAULT NULL
, updated_at timestamp  NULL DEFAULT NULL,
PRIMARY KEY (
id
), FOREIGN KEY (custom_app_id) REFERENCES wp_bit_social_custom_apps (id) ON DELETE CASCADE
             ) </p>
<p>Queries made or created this session were:</p>
<ol>
<li>Executing: BEGIN | (no parameters)</li>
<li>Executing: INSERT INTO _mysql_data_types_cache (`table`, `column_or_index`, `mysql_type`)
				VALUES (:table, :column, :datatype)
				ON CONFLICT(`ta in /wordpress/wp-content/plugins/bit-social/vendor/bitapps/wp-database/src/Blueprint.php on line 176
[20-Apr-2025 20:33:30 UTC] PHP Fatal error:  Uncaught RuntimeException: <div style="clear:both">&nbsp;</div>
<div class="queries" style="clear:both;margin-bottom:2px;border:red dotted thin;">
<p>MySQL query:</p>
<p>CREATE TABLE IF NOT EXISTS wp_bit_social_accounts (
             id BIGINT  UNSIGNED NOT NULL AUTO_INCREMENT
, custom_app_id BIGINT(20) UNSIGNED NULL
, profile_id VARCHAR(255) NOT NULL
, account_id VARCHAR(255) NOT NULL
, account_name VARCHAR(255) NOT NULL
, details LONGTEXT  NOT NULL
, platform VARCHAR(255) NOT NULL
, account_type INTEGER  NOT NULL
, status BOOLEAN  NOT NULL DEFAULT 1
, created_at timestamp  NULL DEFAULT NULL
, updated_at timestamp  NULL DEFAULT NULL,
PRIMARY KEY (
id
), FOREIGN KEY (custom_app_id) REFERENCES wp_bit_social_custom_apps (id) ON DELETE CASCADE
             ) </p>
<p>Queries made or created this session were:</p>
<ol>
<li>Executing: BEGIN | (no parameters)</li>
<li>Executing: INSERT INTO _mysql_data_types_cache (`table`, `column_or_index`, `mysql_type`)
				VALUES (:table, :column, :datatype)
				ON CONFLICT(`ta in /wordpress/wp-content/plugins/bit-social/vendor/bitapps/wp-database/src/Blueprint.php on line 176
[20-Apr-2025 20:35:47 UTC] PHP Notice:  Function _load_textdomain_just_in_time was called <strong>incorrectly</strong>. Translation loading for the <code>buttonz</code> domain was triggered too early. This is usually an indicator for some code in the plugin or theme running too early. Translations should be loaded at the <code>init</code> action or later. Please see <a href="https://developer.wordpress.org/advanced-administration/debug/debug-wordpress/">Debugging in WordPress</a> for more information. (This message was added in version 6.7.0.) in /wordpress/wp-includes/functions.php on line 6121
[20-Apr-2025 20:35:55 UTC] PHP Notice:  Function _load_textdomain_just_in_time was called <strong>incorrectly</strong>. Translation loading for the <code>buttonz</code> domain was triggered too early. This is usually an indicator for some code in the plugin or theme running too early. Translations should be loaded at the <code>init</code> action or later. Please see <a href="https://developer.wordpress.org/advanced-administration/debug/debug-wordpress/">Debugging in WordPress</a> for more information. (This message was added in version 6.7.0.) in /wordpress/wp-includes/functions.php on line 6121
[20-Apr-2025 20:36:05 UTC] PHP Notice:  Function _load_textdomain_just_in_time was called <strong>incorrectly</strong>. Translation loading for the <code>buttonz</code> domain was triggered too early. This is usually an indicator for some code in the plugin or theme running too early. Translations should be loaded at the <code>init</code> action or later. Please see <a href="https://developer.wordpress.org/advanced-administration/debug/debug-wordpress/">Debugging in WordPress</a> for more information. (This message was added in version 6.7.0.) in /wordpress/wp-includes/functions.php on line 6121

    at Object.onBind (file:///home/runner/work/playground-tester/playground-tester/node_modules/@wp-playground/cli/index.js:237:15)
    at process.processTicksAndRejections (node:internal/process/task_queues:105:5)
    at async V (file:///home/runner/work/playground-tester/playground-tester/node_modules/@wp-playground/cli/index.js:64:10)
    at async ja (file:///home/runner/work/playground-tester/playground-tester/node_modules/@wp-playground/cli/cli.js:8161:12) {
  [cause]: Error: Error when executing the blueprint step #5 ({"step":"installPlugin","pluginData":{"resource":"wordpress.org/plugins","slug":"bradesco-gateway"},"options":{"activate":true}}) : Plugin /wordpress/wp-content/plugins/bradesco-gateway could not be activated – WordPress exited with no error. Sometimes, when $_SERVER or site options are not configured correctly, WordPress exits early with a 301 redirect. Inspect the "debug" logs in the console for more details.
      at Object.run (file:///home/runner/work/playground-tester/playground-tester/node_modules/@wp-playground/blueprints/index.js:12449:19)
      at process.processTicksAndRejections (node:internal/process/task_queues:105:5)
      at async ms (file:///home/runner/work/playground-tester/playground-tester/node_modules/@wp-playground/blueprints/index.js:12552:3)
      ... 2 lines matching cause stack trace ...
      at async ja (file:///home/runner/work/playground-tester/playground-tester/node_modules/@wp-playground/cli/cli.js:8161:12) {
    [cause]: Error: Plugin /wordpress/wp-content/plugins/bradesco-gateway could not be activated – WordPress exited with no error. Sometimes, when $_SERVER or site options are not configured correctly, WordPress exits early with a 301 redirect. Inspect the "debug" logs in the console for more details.
        at wr (file:///home/runner/work/playground-tester/playground-tester/node_modules/@wp-playground/blueprints/index.js:119:51)
        at process.processTicksAndRejections (node:internal/process/task_queues:105:5)
        at async Object.gt [as installPlugin] (file:///home/runner/work/playground-tester/playground-tester/node_modules/@wp-playground/blueprints/index.js:974:42)
        at async g (file:///home/runner/work/playground-tester/playground-tester/node_modules/@wp-playground/blueprints/index.js:12517:30)
        at async Object.run (file:///home/runner/work/playground-tester/playground-tester/node_modules/@wp-playground/blueprints/index.js:12446:23)
        at async ms (file:///home/runner/work/playground-tester/playground-tester/node_modules/@wp-playground/blueprints/index.js:12552:3)
        at async Object.onBind (file:///home/runner/work/playground-tester/playground-tester/node_modules/@wp-playground/cli/index.js:227:48)
        at async V (file:///home/runner/work/playground-tester/playground-tester/node_modules/@wp-playground/cli/index.js:64:10)
        at async ja (file:///home/runner/work/playground-tester/playground-tester/node_modules/@wp-playground/cli/cli.js:8161:12)
  }
}

Node.js v23.11.0
