[
{"message":"file:///home/runner/work/playground-tester/playground-tester/node_modules/@wp-playground/cli/index.js:237\n        throw new Error(y, { cause: u });\n              ^\n","level":"FATAL","type":"PLAYGROUND","test":"ast-sqlite-boot","plugin":"joomlawatch-lite-for-wordpress","details":"file:///home/runner/work/playground-tester/playground-tester/node_modules/@wp-playground/cli/index.js:237\n        throw new Error(y, { cause: u });\n              ^\n","log":"/tmp/tmp.AIQM7oM93F"}
,
{"message":"Required parameter $value follows optional parameter $parent in /wordpress/wp-content/plugins/myloyal/core/options.php on line 92","level":"DEPRECATED","type":"PHP","test":"ast-sqlite-boot","plugin":"joomlawatch-lite-for-wordpress","details":"[31-May-2025 14:24:50 UTC] PHP Deprecated:  Required parameter $value follows optional parameter $parent in /wordpress/wp-content/plugins/myloyal/core/options.php on line 92","log":"/logs/plugins/j/joomlawatch-lite-for-wordpress/error.json"}
,
{"message":"foreach() argument must be of type array|object, null given in /wordpress/wp-content/plugins/myloyal/core/action-runner.php on line 49","level":"WARNING","type":"PHP","test":"ast-sqlite-boot","plugin":"joomlawatch-lite-for-wordpress","details":"[31-May-2025 14:24:50 UTC] PHP Warning:  foreach() argument must be of type array|object, null given in /wordpress/wp-content/plugins/myloyal/core/action-runner.php on line 49","log":"/logs/plugins/j/joomlawatch-lite-for-wordpress/error.json"}
,
{"message":"Uncaught Exception: <div style=\"clear:both\">&nbsp;</div>","level":"FATAL","type":"PHP","test":"ast-sqlite-boot","plugin":"joomlawatch-lite-for-wordpress","details":"[31-May-2025 14:24:50 UTC] PHP Fatal error:  Uncaught Exception: <div style=\"clear:both\">&nbsp;</div>\n<div class=\"queries\" style=\"clear:both;margin-bottom:2px;border:red dotted thin;\">\n<p>MySQL query:</p>\n<p>alter table `wp_myloyal_badge_user` add constraint `myloyal_badge_user_user_id_foreign` foreign key (`user_id`) references `wp_users` (`ID`) on delete cascade</p>\n<p>Queries made or created this session were:</p>\n<ol>\n<li>Executing: BEGIN IMMEDIATE | (no parameters)</li>\n<li>Executing: SELECT 1 FROM sqlite_temp_schema WHERE type = 'table' AND name = ? | parameters: wp_myloyal_badge_user</li>\n<li>Executing: SELECT\n\t\t\t\t\tCOLUMN_NAME,\n\t\t\t\t\tLOWER(COLUMN_NAME) AS COLUMN_NAME_LOWERCASE\n\t\t\t\tFROM `_wp_sqlite_mysql_information_schema_columns` WHERE table_schema = ? AND table_name = ? | parameters: database_name_here, wp_myloyal_badge_user</li>\n<li>Executing: SELECT 1 FROM sqlite_temp_schema WHERE type = 'table' AND name = ? | parameters: wp_myloyal_badge_user</li>\n<li>Executing: ROLLBACK | (no parameters)</li>\n</ol>\n</div>\n<div style=\"clear:both;margin-bottom:2px;border:red dotted thin;\" class=\"error_message\" style=\"border-bottom:dotted blue thin;\">\nFOREIGN KEY and CHECK constraints are not supported yet.\n</div>\n<p>Backtrace:</p>\n<pre>#0 /internal/shared/sqlite-database-integration/wp-includes/sqlite-ast/class-wp-sqlite-driver.php(683): WP_SQLite_Driver->new_driver_exception('FOREIGN KEY and...', 0, Object(Exception))\n#1 /internal/shared/sqlite-database-integration/wp-includes/sqlite/class-wp-sqlite-db.php(491): WP_SQLite_Driver->query('alter table `wp...')\n#2 /internal/shared/sqlite-database-integration/wp-includes/sqlite/class-wp-sqlite-db.php(432): WP_SQLite_DB->_do_query('alter table `wp...')\n#3 /wordpress/wp-content/plugins/myloyal/vendor/as247/wp-eloquent/src/Database/WpConnection.php(147): WP_SQLite_DB->query('alter table `wp...')\n#4 /wordpress/wp-content/plugins/myloyal/vendor/as247/wp-eloquent/src/Database/Connection.php(664): As247\\WpEloquent\\Database\\WpConnection->As247\\WpEloquent\\Database\\{closure}('alter table `wp...', Array)\n#5 /wordpress/wp-content/plugins/myloyal/vendor/as247/wp-eloquent/src/Database/Connection.php(631): As247\\WpEloquent\\Database\\Connection->runQueryCallback('alter table `wp...', Array, Object(Closure))\n#6 /wordpress/wp-content/plugins/myloyal/vendor/as247/wp-eloquent/src/Database/WpConnection.php(156): As247\\WpEloquent\\Database\\Connection->run('alter table `wp...', Array, Object(Closure))\n#7 /wordpress/wp-content/plugins/myloyal/vendor/as247/wp-eloquent/src/Database/WpConnection.php(132): As247\\WpEloquent\\Database\\WpConnection->runRawQuery('alter table `wp...', true)\n#8 /wordpress/wp-content/plugins/myloyal/vendor/as247/wp-eloquent/src/Database/WpConnection.php(108): As247\\WpEloquent\\Database\\WpConnection->unprepared('alter table `wp...')\n#9 /wordpress/wp-content/plugins/myloyal/vendor/as247/wp-eloquent/src/Database/Schema/Blueprint.php(103): As247\\WpEloquent\\Database\\WpConnection->statement('alter table `wp...')\n#10 /wordpress/wp-content/plugins/myloyal/vendor/as247/wp-eloquent/src/Database/Schema/Builder.php(323): As247\\WpEloquent\\Database\\Schema\\Blueprint->build(Object(As247\\WpEloquent\\Database\\WpConnection), Object(As247\\WpEloquent\\Database\\Schema\\Grammars\\MySqlGrammar))\n#11 /wordpress/wp-content/plugins/myloyal/vendor/as247/wp-eloquent/src/Database/Schema/Builder.php(200): As247\\WpEloquent\\Database\\Schema\\Builder->build(Object(As247\\WpEloquent\\Database\\Schema\\Blueprint))\n#12 /wordpress/wp-content/plugins/myloyal/vendor/as247/wp-eloquent/src/Support/Facades/Facade.php(261): As247\\WpEloquent\\Database\\Schema\\Builder->create('myloyal_badge_u...', Object(Closure))\n#13 /wordpress/wp-content/plugins/myloyal/migrations/badge-user.php(20): As247\\WpEloquent\\Support\\Facades\\Facade::__callStatic('create', Array)\n#14 /wordpress/wp-content/plugins/myloyal/myloyal.php(127): myLoyal\\migrations\\Badge_User->run()\n#15 /wordpress/wp-includes/class-wp-hook.php(324): myLoyal\\MyLoyal_Init->on_active(false)\n#16 /wordpress/wp-includes/class-wp-hook.php(348): WP_Hook->apply_filters('', Array)\n#17 /wordpress/wp-includes/plugin.php(517): WP_Hook->do_action(Array)\n#18 /wordpress/wp-admin/includes/plugin.php(703): do_action('activate_myloya...', false)\n#19 /internal/eval.php(20): activate_plugin('myloyal/myloyal...')\n#20 {main}</pre>\n in /wordpress/wp-content/plugins/myloyal/vendor/as247/wp-eloquent/src/Database/WpConnection.php:150\nStack trace:\n#0 /wordpress/wp-content/plugins/myloyal/vendor/as247/wp-eloquent/src/Database/Connection.php(664): As247\\WpEloquent\\Database\\WpConnection->As247\\WpEloquent\\Database\\{closure}('alter table `wp...', Array)\n#1 /wordpress/wp-content/plugins/myloyal/vendor/as247/wp-eloquent/src/Database/Connection.php(631): As247\\WpEloquent\\Database\\Connection->runQueryCallback('alter table `wp...', Array, Object(Closure))\n#2 /wordpress/wp-content/plugins/myloyal/vendor/as247/wp-eloquent/src/Database/WpConnection.php(156): As247\\WpEloquent\\Database\\Connection->run('alter table `wp...', Array, Object(Closure))\n#3 /wordpress/wp-content/plugins/myloyal/vendor/as247/wp-eloquent/src/Database/WpConnection.php(132): As247\\WpEloquent\\Database\\WpConnection->runRawQuery('alter table `wp...', true)\n#4 /wordpress/wp-content/plugins/myloyal/vendor/as247/wp-eloquent/src/Database/WpConnection.php(108): As247\\WpEloquent\\Database\\WpConnection->unprepared('alter table `wp...')\n#5 /wordpress/wp-content/plugins/myloyal/vendor/as247/wp-eloquent/src/Database/Schema/Blueprint.php(103): As247\\WpEloquent\\Database\\WpConnection->statement('alter table `wp...')\n#6 /wordpress/wp-content/plugins/myloyal/vendor/as247/wp-eloquent/src/Database/Schema/Builder.php(323): As247\\WpEloquent\\Database\\Schema\\Blueprint->build(Object(As247\\WpEloquent\\Database\\WpConnection), Object(As247\\WpEloquent\\Database\\Schema\\Grammars\\MySqlGrammar))\n#7 /wordpress/wp-content/plugins/myloyal/vendor/as247/wp-eloquent/src/Database/Schema/Builder.php(200): As247\\WpEloquent\\Database\\Schema\\Builder->build(Object(As247\\WpEloquent\\Database\\Schema\\Blueprint))\n#8 /wordpress/wp-content/plugins/myloyal/vendor/as247/wp-eloquent/src/Support/Facades/Facade.php(261): As247\\WpEloquent\\Database\\Schema\\Builder->create('myloyal_badge_u...', Object(Closure))\n#9 /wordpress/wp-content/plugins/myloyal/migrations/badge-user.php(20): As247\\WpEloquent\\Support\\Facades\\Facade::__callStatic('create', Array)\n#10 /wordpress/wp-content/plugins/myloyal/myloyal.php(127): myLoyal\\migrations\\Badge_User->run()\n#11 /wordpress/wp-includes/class-wp-hook.php(324): myLoyal\\MyLoyal_Init->on_active(false)\n#12 /wordpress/wp-includes/class-wp-hook.php(348): WP_Hook->apply_filters('', Array)\n#13 /wordpress/wp-includes/plugin.php(517): WP_Hook->do_action(Array)\n#14 /wordpress/wp-admin/includes/plugin.php(703): do_action('activate_myloya...', false)\n#15 /internal/eval.php(20): activate_plugin('myloyal/myloyal...')\n#16 {main}\n\nNext As247\\WpEloquent\\Database\\QueryException: <div style=\"clear:both\">&nbsp;</div>\n<div class=\"queries\" style=\"clear:both;margin-bottom:2px;border:red dotted thin;\">\n<p>MySQL query:</p>\n<p>alter table `wp_myloyal_badge_user` add constraint `myloyal_badge_user_user_id_foreign` foreign key (`user_id`) references `wp_users` (`ID`) on delete cascade</p>\n<p>Queries made or created this session were:</p>\n<ol>\n<li>Executing: BEGIN IMMEDIATE | (no parameters)</li>\n<li>Executing: SELECT 1 FROM sqlite_temp_schema WHERE type = 'table' AND name = ? | parameters: wp_myloyal_badge_user</li>\n<li>Executing: SELECT\n\t\t\t\t\tCOLUMN_NAME,\n\t\t\t\t\tLOWER(COLUMN_NAME) AS COLUMN_NAME_LOWERCASE\n\t\t\t\tFROM `_wp_sqlite_mysql_information_schema_columns` WHERE table_schema = ? AND table_name = ? | parameters: database_name_here, wp_myloyal_badge_user</li>\n<li>Executing: SELECT 1 FROM sqlite_temp_schema WHERE type = 'table' AND name = ? | parameters: wp_myloyal_badge_user</li>\n<li>Executing: ROLLBACK | (no parameters)</li>\n</ol>\n</div>\n<div style=\"clear:both;margin-bottom:2px;border:red dotted thin;\" class=\"error_message\" style=\"border-bottom:dotted blue thin;\">\nFOREIGN KEY and CHECK constraints are not supported yet.\n</div>\n<p>Backtrace:</p>\n<pre>#0 /internal/shared/sqlite-database-integration/wp-includes/sqlite-ast/class-wp-sqlite-driver.php(683): WP_SQLite_Driver->new_driver_exception('FOREIGN KEY and...', 0, Object(Exception))\n#1 /internal/shared/sqlite-database-integration/wp-includes/sqlite/class-wp-sqlite-db.php(491): WP_SQLite_Driver->query('alter table `wp...')\n#2 /internal/shared/sqlite-database-integration/wp-includes/sqlite/class-wp-sqlite-db.php(432): WP_SQLite_DB->_do_query('alter table `wp...')\n#3 /wordpress/wp-content/plugins/myloyal/vendor/as247/wp-eloquent/src/Database/WpConnection.php(147): WP_SQLite_DB->query('alter table `wp...')\n#4 /wordpress/wp-content/plugins/myloyal/vendor/as247/wp-eloquent/src/Database/Connection.php(664): As247\\WpEloquent\\Database\\WpConnection->As247\\WpEloquent\\Database\\{closure}('alter table `wp...', Array)\n#5 /wordpress/wp-content/plugins/myloyal/vendor/as247/wp-eloquent/src/Database/Connection.php(631): As247\\WpEloquent\\Database\\Connection->runQueryCallback('alter table `wp...', Array, Object(Closure))\n#6 /wordpress/wp-content/plugins/myloyal/vendor/as247/wp-eloquent/src/Database/WpConnection.php(156): As247\\WpEloquent\\Database\\Connection->run('alter table `wp...', Array, Object(Closure))\n#7 /wordpress/wp-content/plugins/myloyal/vendor/as247/wp-eloquent/src/Database/WpConnection.php(132): As247\\WpEloquent\\Database\\WpConnection->runRawQuery('alter table `wp...', true)\n#8 /wordpress/wp-content/plugins/myloyal/vendor/as247/wp-eloquent/src/Database/WpConnection.php(108): As247\\WpEloquent\\Database\\WpConnection->unprepared('alter table `wp...')\n#9 /wordpress/wp-content/plugins/myloyal/vendor/as247/wp-eloquent/src/Database/Schema/Blueprint.php(103): As247\\WpEloquent\\Database\\WpConnection->statement('alter table `wp...')\n#10 /wordpress/wp-content/plugins/myloyal/vendor/as247/wp-eloquent/src/Database/Schema/Builder.php(323): As247\\WpEloquent\\Database\\Schema\\Blueprint->build(Object(As247\\WpEloquent\\Database\\WpConnection), Object(As247\\WpEloquent\\Database\\Schema\\Grammars\\MySqlGrammar))\n#11 /wordpress/wp-content/plugins/myloyal/vendor/as247/wp-eloquent/src/Database/Schema/Builder.php(200): As247\\WpEloquent\\Database\\Schema\\Builder->build(Object(As247\\WpEloquent\\Database\\Schema\\Blueprint))\n#12 /wordpress/wp-content/plugins/myloyal/vendor/as247/wp-eloquent/src/Support/Facades/Facade.php(261): As247\\WpEloquent\\Database\\Schema\\Builder->create('myloyal_badge_u...', Object(Closure))\n#13 /wordpress/wp-content/plugins/myloyal/migrations/badge-user.php(20): As247\\WpEloquent\\Support\\Facades\\Facade::__callStatic('create', Array)\n#14 /wordpress/wp-content/plugins/myloyal/myloyal.php(127): myLoyal\\migrations\\Badge_User->run()\n#15 /wordpress/wp-includes/class-wp-hook.php(324): myLoyal\\MyLoyal_Init->on_active(false)\n#16 /wordpress/wp-includes/class-wp-hook.php(348): WP_Hook->apply_filters('', Array)\n#17 /wordpress/wp-includes/plugin.php(517): WP_Hook->do_action(Array)\n#18 /wordpress/wp-admin/includes/plugin.php(703): do_action('activate_myloya...', false)\n#19 /internal/eval.php(20): activate_plugin('myloyal/myloyal...')\n#20 {main}</pre>\n (SQL: alter table `wp_myloyal_badge_user` add constraint `myloyal_badge_user_user_id_foreign` foreign key (`user_id`) references `wp_users` (`ID`) on delete cascade) in /wordpress/wp-content/plugins/myloyal/vendor/as247/wp-eloquent/src/Database/WpConnection.php:150\nStack trace:\n#0 /wordpress/wp-content/plugins/myloyal/vendor/as247/wp-eloquent/src/Database/Connection.php(664): As247\\WpEloquent\\Database\\WpConnection->As247\\WpEloquent\\Database\\{closure}('alter table `wp...', Array)\n#1 /wordpress/wp-content/plugins/myloyal/vendor/as247/wp-eloquent/src/Database/Connection.php(631): As247\\WpEloquent\\Database\\Connection->runQueryCallback('alter table `wp...', Array, Object(Closure))\n#2 /wordpress/wp-content/plugins/myloyal/vendor/as247/wp-eloquent/src/Database/WpConnection.php(156): As247\\WpEloquent\\Database\\Connection->run('alter table `wp...', Array, Object(Closure))\n#3 /wordpress/wp-content/plugins/myloyal/vendor/as247/wp-eloquent/src/Database/WpConnection.php(132): As247\\WpEloquent\\Database\\WpConnection->runRawQuery('alter table `wp...', true)\n#4 /wordpress/wp-content/plugins/myloyal/vendor/as247/wp-eloquent/src/Database/WpConnection.php(108): As247\\WpEloquent\\Database\\WpConnection->unprepared('alter table `wp...')\n#5 /wordpress/wp-content/plugins/myloyal/vendor/as247/wp-eloquent/src/Database/Schema/Blueprint.php(103): As247\\WpEloquent\\Database\\WpConnection->statement('alter table `wp...')\n#6 /wordpress/wp-content/plugins/myloyal/vendor/as247/wp-eloquent/src/Database/Schema/Builder.php(323): As247\\WpEloquent\\Database\\Schema\\Blueprint->build(Object(As247\\WpEloquent\\Database\\WpConnection), Object(As247\\WpEloquent\\Database\\Schema\\Grammars\\MySqlGrammar))\n#7 /wordpress/wp-content/plugins/myloyal/vendor/as247/wp-eloquent/src/Database/Schema/Builder.php(200): As247\\WpEloquent\\Database\\Schema\\Builder->build(Object(As247\\WpEloquent\\Database\\Schema\\Blueprint))\n#8 /wordpress/wp-content/plugins/myloyal/vendor/as247/wp-eloquent/src/Support/Facades/Facade.php(261): As247\\WpEloquent\\Database\\Schema\\Builder->create('myloyal_badge_u...', Object(Closure))\n#9 /wordpress/wp-content/plugins/myloyal/migrations/badge-user.php(20): As247\\WpEloquent\\Support\\Facades\\Facade::__callStatic('create', Array)\n#10 /wordpress/wp-content/plugins/myloyal/myloyal.php(127): myLoyal\\migrations\\Badge_User->run()\n#11 /wordpress/wp-includes/class-wp-hook.php(324): myLoyal\\MyLoyal_Init->on_active(false)\n#12 /wordpress/wp-includes/class-wp-hook.php(348): WP_Hook->apply_filters('', Array)\n#13 /wordpress/wp-includes/plugin.php(517): WP_Hook->do_action(Array)\n#14 /wordpress/wp-admin/includes/plugin.php(703): do_action('activate_myloya...', false)\n#15 /internal/eval.php(20): activate_plugin('myloyal/myloyal...')\n#16 {main}\n\nNext As247\\WpEloquent\\Database\\QueryException: <div style=\"clear:both\">&nbsp;</div>\n<div class=\"queries\" style=\"clear:both;margin-bottom:2px;border:red dotted thin;\">\n<p>MySQL query:</p>\n<p>alter table `wp_myloyal_badge_user` add constraint `myloyal_badge_user_user_id_foreign` foreign key (`user_id`) references `wp_users` (`ID`) on delete cascade</p>\n<p>Queries made or created this session were:</p>\n<ol>\n<li>Executing: BEGIN IMMEDIATE | (no parameters)</li>\n<li>Executing: SELECT 1 FROM sqlite_temp_schema WHERE type = 'table' AND name = ? | parameters: wp_myloyal_badge_user</li>\n<li>Executing: SELECT\n\t\t\t\t\tCOLUMN_NAME,\n\t\t\t\t\tLOWER(COLUMN_NAME) AS COLUMN_NAME_LOWERCASE\n\t\t\t\tFROM `_wp_sqlite_mysql_information_schema_columns` WHERE table_schema = ? AND table_name = ? | parameters: database_name_here, wp_myloyal_badge_user</li>\n<li>Executing: SELECT 1 FROM sqlite_temp_schema WHERE type = 'table' AND name = ? | parameters: wp_myloyal_badge_user</li>\n<li>Executing: ROLLBACK | (no parameters)</li>\n</ol>\n</div>\n<div style=\"clear:both;margin-bottom:2px;border:red dotted thin;\" class=\"error_message\" style=\"border-bottom:dotted blue thin;\">\nFOREIGN KEY and CHECK constraints are not supported yet.\n</div>\n<p>Backtrace:</p>\n<pre>#0 /internal/shared/sqlite-database-integration/wp-includes/sqlite-ast/class-wp-sqlite-driver.php(683): WP_SQLite_Driver->new_driver_exception('FOREIGN KEY and...', 0, Object(Exception))\n#1 /internal/shared/sqlite-database-integration/wp-includes/sqlite/class-wp-sqlite-db.php(491): WP_SQLite_Driver->query('alter table `wp...')\n#2 /internal/shared/sqlite-database-integration/wp-includes/sqlite/class-wp-sqlite-db.php(432): WP_SQLite_DB->_do_query('alter table `wp...')\n#3 /wordpress/wp-content/plugins/myloyal/vendor/as247/wp-eloquent/src/Database/WpConnection.php(147): WP_SQLite_DB->query('alter table `wp...')\n#4 /wordpress/wp-content/plugins/myloyal/vendor/as247/wp-eloquent/src/Database/Connection.php(664): As247\\WpEloquent\\Database\\WpConnection->As247\\WpEloquent\\Database\\{closure}('alter table `wp...', Array)\n#5 /wordpress/wp-content/plugins/myloyal/vendor/as247/wp-eloquent/src/Database/Connection.php(631): As247\\WpEloquent\\Database\\Connection->runQueryCallback('alter table `wp...', Array, Object(Closure))\n#6 /wordpress/wp-content/plugins/myloyal/vendor/as247/wp-eloquent/src/Database/WpConnection.php(156): As247\\WpEloquent\\Database\\Connection->run('alter table `wp...', Array, Object(Closure))\n#7 /wordpress/wp-content/plugins/myloyal/vendor/as247/wp-eloquent/src/Database/WpConnection.php(132): As247\\WpEloquent\\Database\\WpConnection->runRawQuery('alter table `wp...', true)\n#8 /wordpress/wp-content/plugins/myloyal/vendor/as247/wp-eloquent/src/Database/WpConnection.php(108): As247\\WpEloquent\\Database\\WpConnection->unprepared('alter table `wp...')\n#9 /wordpress/wp-content/plugins/myloyal/vendor/as247/wp-eloquent/src/Database/Schema/Blueprint.php(103): As247\\WpEloquent\\Database\\WpConnection->statement('alter table `wp...')\n#10 /wordpress/wp-content/plugins/myloyal/vendor/as247/wp-eloquent/src/Database/Schema/Builder.php(323): As247\\WpEloquent\\Database\\Schema\\Blueprint->build(Object(As247\\WpEloquent\\Database\\WpConnection), Object(As247\\WpEloquent\\Database\\Schema\\Grammars\\MySqlGrammar))\n#11 /wordpress/wp-content/plugins/myloyal/vendor/as247/wp-eloquent/src/Database/Schema/Builder.php(200): As247\\WpEloquent\\Database\\Schema\\Builder->build(Object(As247\\WpEloquent\\Database\\Schema\\Blueprint))\n#12 /wordpress/wp-content/plugins/myloyal/vendor/as247/wp-eloquent/src/Support/Facades/Facade.php(261): As247\\WpEloquent\\Database\\Schema\\Builder->create('myloyal_badge_u...', Object(Closure))\n#13 /wordpress/wp-content/plugins/myloyal/migrations/badge-user.php(20): As247\\WpEloquent\\Support\\Facades\\Facade::__callStatic('create', Array)\n#14 /wordpress/wp-content/plugins/myloyal/myloyal.php(127): myLoyal\\migrations\\Badge_User->run()\n#15 /wordpress/wp-includes/class-wp-hook.php(324): myLoyal\\MyLoyal_Init->on_active(false)\n#16 /wordpress/wp-includes/class-wp-hook.php(348): WP_Hook->apply_filters('', Array)\n#17 /wordpress/wp-includes/plugin.php(517): WP_Hook->do_action(Array)\n#18 /wordpress/wp-admin/includes/plugin.php(703): do_action('activate_myloya...', false)\n#19 /internal/eval.php(20): activate_plugin('myloyal/myloyal...')\n#20 {main}</pre>\n (SQL: alter table `wp_myloyal_badge_user` add constraint `myloyal_badge_user_user_id_foreign` foreign key (`user_id`) references `wp_users` (`ID`) on delete cascade) (SQL: alter table `wp_myloyal_badge_user` add constraint `myloyal_badge_user_user_id_foreign` foreign key (`user_id`) references `wp_users` (`ID`) on delete cascade) in /wordpress/wp-content/plugins/myloyal/vendor/as247/wp-eloquent/src/Database/Connection.php:671\nStack trace:\n#0 /wordpress/wp-content/plugins/myloyal/vendor/as247/wp-eloquent/src/Database/Connection.php(631): As247\\WpEloquent\\Database\\Connection->runQueryCallback('alter table `wp...', Array, Object(Closure))\n#1 /wordpress/wp-content/plugins/myloyal/vendor/as247/wp-eloquent/src/Database/WpConnection.php(156): As247\\WpEloquent\\Database\\Connection->run('alter table `wp...', Array, Object(Closure))\n#2 /wordpress/wp-content/plugins/myloyal/vendor/as247/wp-eloquent/src/Database/WpConnection.php(132): As247\\WpEloquent\\Database\\WpConnection->runRawQuery('alter table `wp...', true)\n#3 /wordpress/wp-content/plugins/myloyal/vendor/as247/wp-eloquent/src/Database/WpConnection.php(108): As247\\WpEloquent\\Database\\WpConnection->unprepared('alter table `wp...')\n#4 /wordpress/wp-content/plugins/myloyal/vendor/as247/wp-eloquent/src/Database/Schema/Blueprint.php(103): As247\\WpEloquent\\Database\\WpConnection->statement('alter table `wp...')\n#5 /wordpress/wp-content/plugins/myloyal/vendor/as247/wp-eloquent/src/Database/Schema/Builder.php(323): As247\\WpEloquent\\Database\\Schema\\Blueprint->build(Object(As247\\WpEloquent\\Database\\WpConnection), Object(As247\\WpEloquent\\Database\\Schema\\Grammars\\MySqlGrammar))\n#6 /wordpress/wp-content/plugins/myloyal/vendor/as247/wp-eloquent/src/Database/Schema/Builder.php(200): As247\\WpEloquent\\Database\\Schema\\Builder->build(Object(As247\\WpEloquent\\Database\\Schema\\Blueprint))\n#7 /wordpress/wp-content/plugins/myloyal/vendor/as247/wp-eloquent/src/Support/Facades/Facade.php(261): As247\\WpEloquent\\Database\\Schema\\Builder->create('myloyal_badge_u...', Object(Closure))\n#8 /wordpress/wp-content/plugins/myloyal/migrations/badge-user.php(20): As247\\WpEloquent\\Support\\Facades\\Facade::__callStatic('create', Array)\n#9 /wordpress/wp-content/plugins/myloyal/myloyal.php(127): myLoyal\\migrations\\Badge_User->run()\n#10 /wordpress/wp-includes/class-wp-hook.php(324): myLoyal\\MyLoyal_Init->on_active(false)\n#11 /wordpress/wp-includes/class-wp-hook.php(348): WP_Hook->apply_filters('', Array)\n#12 /wordpress/wp-includes/plugin.php(517): WP_Hook->do_action(Array)\n#13 /wordpress/wp-admin/includes/plugin.php(703): do_action('activate_myloya...', false)\n#14 /internal/eval.php(20): activate_plugin('myloyal/myloyal...')\n#15 {main}\n  thrown in /wordpress/wp-content/plugins/myloyal/vendor/as247/wp-eloquent/src/Database/Connection.php on line 671","log":"/logs/plugins/j/joomlawatch-lite-for-wordpress/error.json"}
,
{"message":"Required parameter $value follows optional parameter $parent in /wordpress/wp-content/plugins/myloyal/core/options.php on line 92","level":"DEPRECATED","type":"PHP","test":"ast-sqlite-boot","plugin":"joomlawatch-lite-for-wordpress","details":"[31-May-2025 14:24:59 UTC] PHP Deprecated:  Required parameter $value follows optional parameter $parent in /wordpress/wp-content/plugins/myloyal/core/options.php on line 92","log":"/logs/plugins/j/joomlawatch-lite-for-wordpress/error.json"}
,
{"message":"foreach() argument must be of type array|object, null given in /wordpress/wp-content/plugins/myloyal/core/action-runner.php on line 49","level":"WARNING","type":"PHP","test":"ast-sqlite-boot","plugin":"joomlawatch-lite-for-wordpress","details":"[31-May-2025 14:24:59 UTC] PHP Warning:  foreach() argument must be of type array|object, null given in /wordpress/wp-content/plugins/myloyal/core/action-runner.php on line 49","log":"/logs/plugins/j/joomlawatch-lite-for-wordpress/error.json"}
,
{"message":"Required parameter $value follows optional parameter $parent in /wordpress/wp-content/plugins/myloyal/core/options.php on line 92","level":"DEPRECATED","type":"PHP","test":"ast-sqlite-boot","plugin":"joomlawatch-lite-for-wordpress","details":"[31-May-2025 14:25:00 UTC] PHP Deprecated:  Required parameter $value follows optional parameter $parent in /wordpress/wp-content/plugins/myloyal/core/options.php on line 92","log":"/logs/plugins/j/joomlawatch-lite-for-wordpress/error.json"}
,
{"message":"foreach() argument must be of type array|object, null given in /wordpress/wp-content/plugins/myloyal/core/action-runner.php on line 49","level":"WARNING","type":"PHP","test":"ast-sqlite-boot","plugin":"joomlawatch-lite-for-wordpress","details":"[31-May-2025 14:25:00 UTC] PHP Warning:  foreach() argument must be of type array|object, null given in /wordpress/wp-content/plugins/myloyal/core/action-runner.php on line 49","log":"/logs/plugins/j/joomlawatch-lite-for-wordpress/error.json"}
,
{"message":"Required parameter $value follows optional parameter $parent in /wordpress/wp-content/plugins/myloyal/core/options.php on line 92","level":"DEPRECATED","type":"PHP","test":"ast-sqlite-boot","plugin":"joomlawatch-lite-for-wordpress","details":"[31-May-2025 14:25:09 UTC] PHP Deprecated:  Required parameter $value follows optional parameter $parent in /wordpress/wp-content/plugins/myloyal/core/options.php on line 92","log":"/logs/plugins/j/joomlawatch-lite-for-wordpress/error.json"}
,
{"message":"foreach() argument must be of type array|object, null given in /wordpress/wp-content/plugins/myloyal/core/action-runner.php on line 49","level":"WARNING","type":"PHP","test":"ast-sqlite-boot","plugin":"joomlawatch-lite-for-wordpress","details":"[31-May-2025 14:25:09 UTC] PHP Warning:  foreach() argument must be of type array|object, null given in /wordpress/wp-content/plugins/myloyal/core/action-runner.php on line 49","log":"/logs/plugins/j/joomlawatch-lite-for-wordpress/error.json"}
,
{"message":"Required parameter $value follows optional parameter $parent in /wordpress/wp-content/plugins/myloyal/core/options.php on line 92","level":"DEPRECATED","type":"PHP","test":"ast-sqlite-boot","plugin":"joomlawatch-lite-for-wordpress","details":"[31-May-2025 14:25:10 UTC] PHP Deprecated:  Required parameter $value follows optional parameter $parent in /wordpress/wp-content/plugins/myloyal/core/options.php on line 92","log":"/logs/plugins/j/joomlawatch-lite-for-wordpress/error.json"}
,
{"message":"foreach() argument must be of type array|object, null given in /wordpress/wp-content/plugins/myloyal/core/action-runner.php on line 49","level":"WARNING","type":"PHP","test":"ast-sqlite-boot","plugin":"joomlawatch-lite-for-wordpress","details":"[31-May-2025 14:25:10 UTC] PHP Warning:  foreach() argument must be of type array|object, null given in /wordpress/wp-content/plugins/myloyal/core/action-runner.php on line 49","log":"/logs/plugins/j/joomlawatch-lite-for-wordpress/error.json"}
,
{"message":"Required parameter $field_func follows optional parameter $elements in /wordpress/wp-content/plugins/job-board-creator/inc/wp-advanced-search/wpas-field.php on line 251","level":"DEPRECATED","type":"PHP","test":"ast-sqlite-boot","plugin":"joomlawatch-lite-for-wordpress","details":"[31-May-2025 14:27:06 UTC] PHP Deprecated:  Required parameter $field_func follows optional parameter $elements in /wordpress/wp-content/plugins/job-board-creator/inc/wp-advanced-search/wpas-field.php on line 251","log":"/logs/plugins/j/joomlawatch-lite-for-wordpress/error.json"}
,
{"message":"Required parameter $term_args follows optional parameter $args in /wordpress/wp-content/plugins/job-board-creator/inc/wp-advanced-search/wpas-walker.php on line 16","level":"DEPRECATED","type":"PHP","test":"ast-sqlite-boot","plugin":"joomlawatch-lite-for-wordpress","details":"[31-May-2025 14:27:06 UTC] PHP Deprecated:  Required parameter $term_args follows optional parameter $args in /wordpress/wp-content/plugins/job-board-creator/inc/wp-advanced-search/wpas-walker.php on line 16","log":"/logs/plugins/j/joomlawatch-lite-for-wordpress/error.json"}
,
{"message":"Undefined variable $post in /wordpress/wp-content/plugins/job-board-creator/inc/restrictions.php on line 2","level":"WARNING","type":"PHP","test":"ast-sqlite-boot","plugin":"joomlawatch-lite-for-wordpress","details":"[31-May-2025 14:27:06 UTC] PHP Warning:  Undefined variable $post in /wordpress/wp-content/plugins/job-board-creator/inc/restrictions.php on line 2","log":"/logs/plugins/j/joomlawatch-lite-for-wordpress/error.json"}
,
{"message":"Attempt to read property \"ID\" on null in /wordpress/wp-content/plugins/job-board-creator/inc/restrictions.php on line 2","level":"WARNING","type":"PHP","test":"ast-sqlite-boot","plugin":"joomlawatch-lite-for-wordpress","details":"[31-May-2025 14:27:06 UTC] PHP Warning:  Attempt to read property \"ID\" on null in /wordpress/wp-content/plugins/job-board-creator/inc/restrictions.php on line 2","log":"/logs/plugins/j/joomlawatch-lite-for-wordpress/error.json"}
,
{"message":"Uncaught TypeError: call_user_func_array(): Argument #1 ($callback) must be a valid callback, function \"jbc_activate\" not found or invalid function name in /wordpress/wp-includes/class-wp-hook.php:324","level":"FATAL","type":"PHP","test":"ast-sqlite-boot","plugin":"joomlawatch-lite-for-wordpress","details":"[31-May-2025 14:27:06 UTC] PHP Fatal error:  Uncaught TypeError: call_user_func_array(): Argument #1 ($callback) must be a valid callback, function \"jbc_activate\" not found or invalid function name in /wordpress/wp-includes/class-wp-hook.php:324\nStack trace:\n#0 /wordpress/wp-includes/class-wp-hook.php(348): WP_Hook->apply_filters('', Array)\n#1 /wordpress/wp-includes/plugin.php(517): WP_Hook->do_action(Array)\n#2 /wordpress/wp-admin/includes/plugin.php(703): do_action('activate_job-bo...', false)\n#3 /internal/eval.php(20): activate_plugin('job-board-creat...')\n#4 {main}\n  thrown in /wordpress/wp-includes/class-wp-hook.php on line 324","log":"/logs/plugins/j/joomlawatch-lite-for-wordpress/error.json"}
,
{"message":"Required parameter $field_func follows optional parameter $elements in /wordpress/wp-content/plugins/job-board-creator/inc/wp-advanced-search/wpas-field.php on line 251","level":"DEPRECATED","type":"PHP","test":"ast-sqlite-boot","plugin":"joomlawatch-lite-for-wordpress","details":"[31-May-2025 14:27:14 UTC] PHP Deprecated:  Required parameter $field_func follows optional parameter $elements in /wordpress/wp-content/plugins/job-board-creator/inc/wp-advanced-search/wpas-field.php on line 251","log":"/logs/plugins/j/joomlawatch-lite-for-wordpress/error.json"}
,
{"message":"Required parameter $term_args follows optional parameter $args in /wordpress/wp-content/plugins/job-board-creator/inc/wp-advanced-search/wpas-walker.php on line 16","level":"DEPRECATED","type":"PHP","test":"ast-sqlite-boot","plugin":"joomlawatch-lite-for-wordpress","details":"[31-May-2025 14:27:14 UTC] PHP Deprecated:  Required parameter $term_args follows optional parameter $args in /wordpress/wp-content/plugins/job-board-creator/inc/wp-advanced-search/wpas-walker.php on line 16","log":"/logs/plugins/j/joomlawatch-lite-for-wordpress/error.json"}
,
{"message":"Undefined variable $post in /wordpress/wp-content/plugins/job-board-creator/inc/restrictions.php on line 2","level":"WARNING","type":"PHP","test":"ast-sqlite-boot","plugin":"joomlawatch-lite-for-wordpress","details":"[31-May-2025 14:27:14 UTC] PHP Warning:  Undefined variable $post in /wordpress/wp-content/plugins/job-board-creator/inc/restrictions.php on line 2","log":"/logs/plugins/j/joomlawatch-lite-for-wordpress/error.json"}
,
{"message":"Attempt to read property \"ID\" on null in /wordpress/wp-content/plugins/job-board-creator/inc/restrictions.php on line 2","level":"WARNING","type":"PHP","test":"ast-sqlite-boot","plugin":"joomlawatch-lite-for-wordpress","details":"[31-May-2025 14:27:14 UTC] PHP Warning:  Attempt to read property \"ID\" on null in /wordpress/wp-content/plugins/job-board-creator/inc/restrictions.php on line 2","log":"/logs/plugins/j/joomlawatch-lite-for-wordpress/error.json"}
,
{"message":"Uncaught TypeError: call_user_func_array(): Argument #1 ($callback) must be a valid callback, function \"jbc_activate\" not found or invalid function name in /wordpress/wp-includes/class-wp-hook.php:324","level":"FATAL","type":"PHP","test":"ast-sqlite-boot","plugin":"joomlawatch-lite-for-wordpress","details":"[31-May-2025 14:27:14 UTC] PHP Fatal error:  Uncaught TypeError: call_user_func_array(): Argument #1 ($callback) must be a valid callback, function \"jbc_activate\" not found or invalid function name in /wordpress/wp-includes/class-wp-hook.php:324\nStack trace:\n#0 /wordpress/wp-includes/class-wp-hook.php(348): WP_Hook->apply_filters('', Array)\n#1 /wordpress/wp-includes/plugin.php(517): WP_Hook->do_action(Array)\n#2 /wordpress/wp-admin/includes/plugin.php(703): do_action('activate_job-bo...', false)\n#3 /internal/eval.php(20): activate_plugin('job-board-creat...')\n#4 {main}\n  thrown in /wordpress/wp-includes/class-wp-hook.php on line 324","log":"/logs/plugins/j/joomlawatch-lite-for-wordpress/error.json"}
,
{"message":"Required parameter $field_func follows optional parameter $elements in /wordpress/wp-content/plugins/job-board-creator/inc/wp-advanced-search/wpas-field.php on line 251","level":"DEPRECATED","type":"PHP","test":"ast-sqlite-boot","plugin":"joomlawatch-lite-for-wordpress","details":"[31-May-2025 14:27:22 UTC] PHP Deprecated:  Required parameter $field_func follows optional parameter $elements in /wordpress/wp-content/plugins/job-board-creator/inc/wp-advanced-search/wpas-field.php on line 251","log":"/logs/plugins/j/joomlawatch-lite-for-wordpress/error.json"}
,
{"message":"Required parameter $term_args follows optional parameter $args in /wordpress/wp-content/plugins/job-board-creator/inc/wp-advanced-search/wpas-walker.php on line 16","level":"DEPRECATED","type":"PHP","test":"ast-sqlite-boot","plugin":"joomlawatch-lite-for-wordpress","details":"[31-May-2025 14:27:22 UTC] PHP Deprecated:  Required parameter $term_args follows optional parameter $args in /wordpress/wp-content/plugins/job-board-creator/inc/wp-advanced-search/wpas-walker.php on line 16","log":"/logs/plugins/j/joomlawatch-lite-for-wordpress/error.json"}
,
{"message":"Undefined variable $post in /wordpress/wp-content/plugins/job-board-creator/inc/restrictions.php on line 2","level":"WARNING","type":"PHP","test":"ast-sqlite-boot","plugin":"joomlawatch-lite-for-wordpress","details":"[31-May-2025 14:27:22 UTC] PHP Warning:  Undefined variable $post in /wordpress/wp-content/plugins/job-board-creator/inc/restrictions.php on line 2","log":"/logs/plugins/j/joomlawatch-lite-for-wordpress/error.json"}
,
{"message":"Attempt to read property \"ID\" on null in /wordpress/wp-content/plugins/job-board-creator/inc/restrictions.php on line 2","level":"WARNING","type":"PHP","test":"ast-sqlite-boot","plugin":"joomlawatch-lite-for-wordpress","details":"[31-May-2025 14:27:22 UTC] PHP Warning:  Attempt to read property \"ID\" on null in /wordpress/wp-content/plugins/job-board-creator/inc/restrictions.php on line 2","log":"/logs/plugins/j/joomlawatch-lite-for-wordpress/error.json"}
,
{"message":"Uncaught TypeError: call_user_func_array(): Argument #1 ($callback) must be a valid callback, function \"jbc_activate\" not found or invalid function name in /wordpress/wp-includes/class-wp-hook.php:324","level":"FATAL","type":"PHP","test":"ast-sqlite-boot","plugin":"joomlawatch-lite-for-wordpress","details":"[31-May-2025 14:27:22 UTC] PHP Fatal error:  Uncaught TypeError: call_user_func_array(): Argument #1 ($callback) must be a valid callback, function \"jbc_activate\" not found or invalid function name in /wordpress/wp-includes/class-wp-hook.php:324\nStack trace:\n#0 /wordpress/wp-includes/class-wp-hook.php(348): WP_Hook->apply_filters('', Array)\n#1 /wordpress/wp-includes/plugin.php(517): WP_Hook->do_action(Array)\n#2 /wordpress/wp-admin/includes/plugin.php(703): do_action('activate_job-bo...', false)\n#3 /internal/eval.php(20): activate_plugin('job-board-creat...')\n#4 {main}\n  thrown in /wordpress/wp-includes/class-wp-hook.php on line 324","log":"/logs/plugins/j/joomlawatch-lite-for-wordpress/error.json"}
,
{"message":"The called constructor method for WP_Widget class in JobsAjaxFeed_Widget is <strong>deprecated</strong> since version 4.3.0! Use <code>__construct()</code> instead. in /wordpress/wp-includes/functions.php on line 6121","level":"DEPRECATED","type":"PHP","test":"ast-sqlite-boot","plugin":"joomlawatch-lite-for-wordpress","details":"[31-May-2025 14:28:26 UTC] PHP Deprecated:  The called constructor method for WP_Widget class in JobsAjaxFeed_Widget is <strong>deprecated</strong> since version 4.3.0! Use <code>__construct()</code> instead. in /wordpress/wp-includes/functions.php on line 6121","log":"/logs/plugins/j/joomlawatch-lite-for-wordpress/error.json"}
,
{"message":"The called constructor method for WP_Widget class in JobsAjaxFeed_Widget is <strong>deprecated</strong> since version 4.3.0! Use <code>__construct()</code> instead. in /wordpress/wp-includes/functions.php on line 6121","level":"DEPRECATED","type":"PHP","test":"ast-sqlite-boot","plugin":"joomlawatch-lite-for-wordpress","details":"[31-May-2025 14:28:34 UTC] PHP Deprecated:  The called constructor method for WP_Widget class in JobsAjaxFeed_Widget is <strong>deprecated</strong> since version 4.3.0! Use <code>__construct()</code> instead. in /wordpress/wp-includes/functions.php on line 6121","log":"/logs/plugins/j/joomlawatch-lite-for-wordpress/error.json"}
,
{"message":"The called constructor method for WP_Widget class in JobsAjaxFeed_Widget is <strong>deprecated</strong> since version 4.3.0! Use <code>__construct()</code> instead. in /wordpress/wp-includes/functions.php on line 6121","level":"DEPRECATED","type":"PHP","test":"ast-sqlite-boot","plugin":"joomlawatch-lite-for-wordpress","details":"[31-May-2025 14:28:43 UTC] PHP Deprecated:  The called constructor method for WP_Widget class in JobsAjaxFeed_Widget is <strong>deprecated</strong> since version 4.3.0! Use <code>__construct()</code> instead. in /wordpress/wp-includes/functions.php on line 6121","log":"/logs/plugins/j/joomlawatch-lite-for-wordpress/error.json"}
,
{"message":"Uncaught Error: Undefined constant \"joke_day_URL_RSS_DEFAULT\" in /wordpress/wp-content/plugins/joke-of-the-day/joke_of_the_day.php:11","level":"FATAL","type":"PHP","test":"ast-sqlite-boot","plugin":"joomlawatch-lite-for-wordpress","details":"[31-May-2025 14:29:21 UTC] PHP Fatal error:  Uncaught Error: Undefined constant \"joke_day_URL_RSS_DEFAULT\" in /wordpress/wp-content/plugins/joke-of-the-day/joke_of_the_day.php:11\nStack trace:\n#0 /wordpress/wp-admin/includes/plugin.php(2387): include_once()\n#1 /wordpress/wp-admin/includes/plugin.php(673): plugin_sandbox_scrape('joke-of-the-day...')\n#2 /internal/eval.php(20): activate_plugin('joke-of-the-day...')\n#3 {main}\n  thrown in /wordpress/wp-content/plugins/joke-of-the-day/joke_of_the_day.php on line 11","log":"/logs/plugins/j/joomlawatch-lite-for-wordpress/error.json"}
,
{"message":"Uncaught Error: Undefined constant \"joke_day_URL_RSS_DEFAULT\" in /wordpress/wp-content/plugins/joke-of-the-day/joke_of_the_day.php:11","level":"FATAL","type":"PHP","test":"ast-sqlite-boot","plugin":"joomlawatch-lite-for-wordpress","details":"[31-May-2025 14:29:29 UTC] PHP Fatal error:  Uncaught Error: Undefined constant \"joke_day_URL_RSS_DEFAULT\" in /wordpress/wp-content/plugins/joke-of-the-day/joke_of_the_day.php:11\nStack trace:\n#0 /wordpress/wp-admin/includes/plugin.php(2387): include_once()\n#1 /wordpress/wp-admin/includes/plugin.php(673): plugin_sandbox_scrape('joke-of-the-day...')\n#2 /internal/eval.php(20): activate_plugin('joke-of-the-day...')\n#3 {main}\n  thrown in /wordpress/wp-content/plugins/joke-of-the-day/joke_of_the_day.php on line 11","log":"/logs/plugins/j/joomlawatch-lite-for-wordpress/error.json"}
,
{"message":"Uncaught Error: Undefined constant \"joke_day_URL_RSS_DEFAULT\" in /wordpress/wp-content/plugins/joke-of-the-day/joke_of_the_day.php:11","level":"FATAL","type":"PHP","test":"ast-sqlite-boot","plugin":"joomlawatch-lite-for-wordpress","details":"[31-May-2025 14:29:37 UTC] PHP Fatal error:  Uncaught Error: Undefined constant \"joke_day_URL_RSS_DEFAULT\" in /wordpress/wp-content/plugins/joke-of-the-day/joke_of_the_day.php:11\nStack trace:\n#0 /wordpress/wp-admin/includes/plugin.php(2387): include_once()\n#1 /wordpress/wp-admin/includes/plugin.php(673): plugin_sandbox_scrape('joke-of-the-day...')\n#2 /internal/eval.php(20): activate_plugin('joke-of-the-day...')\n#3 {main}\n  thrown in /wordpress/wp-content/plugins/joke-of-the-day/joke_of_the_day.php on line 11\n\n    at Object.onBind (file:///home/runner/work/playground-tester/playground-tester/node_modules/@wp-playground/cli/index.js:237:15)\n    at process.processTicksAndRejections (node:internal/process/task_queues:105:5)\n    at async V (file:///home/runner/work/playground-tester/playground-tester/node_modules/@wp-playground/cli/index.js:64:10)\n    at async ja (file:///home/runner/work/playground-tester/playground-tester/node_modules/@wp-playground/cli/cli.js:8161:12) {\n  [cause]: Error: Error when executing the blueprint step #5 ({\"step\":\"installPlugin\",\"pluginData\":{\"resource\":\"wordpress.org/plugins\",\"slug\":\"joomlawatch-lite-for-wordpress\"},\"options\":{\"activate\":true}}) : Plugin /wordpress/wp-content/plugins/joomlawatch-lite-for-wordpress could not be activated – WordPress exited with no error. Sometimes, when $_SERVER or site options are not configured correctly, WordPress exits early with a 301 redirect. Inspect the \"debug\" logs in the console for more details.\n      at Object.run (file:///home/runner/work/playground-tester/playground-tester/node_modules/@wp-playground/blueprints/index.js:12449:19)\n      at process.processTicksAndRejections (node:internal/process/task_queues:105:5)\n      at async ms (file:///home/runner/work/playground-tester/playground-tester/node_modules/@wp-playground/blueprints/index.js:12552:3)\n      ... 2 lines matching cause stack trace ...\n      at async ja (file:///home/runner/work/playground-tester/playground-tester/node_modules/@wp-playground/cli/cli.js:8161:12) {\n    [cause]: Error: Plugin /wordpress/wp-content/plugins/joomlawatch-lite-for-wordpress could not be activated – WordPress exited with no error. Sometimes, when $_SERVER or site options are not configured correctly, WordPress exits early with a 301 redirect. Inspect the \"debug\" logs in the console for more details.\n        at wr (file:///home/runner/work/playground-tester/playground-tester/node_modules/@wp-playground/blueprints/index.js:119:51)\n        at process.processTicksAndRejections (node:internal/process/task_queues:105:5)\n        at async Object.gt [as installPlugin] (file:///home/runner/work/playground-tester/playground-tester/node_modules/@wp-playground/blueprints/index.js:974:42)\n        at async g (file:///home/runner/work/playground-tester/playground-tester/node_modules/@wp-playground/blueprints/index.js:12517:30)\n        at async Object.run (file:///home/runner/work/playground-tester/playground-tester/node_modules/@wp-playground/blueprints/index.js:12446:23)\n        at async ms (file:///home/runner/work/playground-tester/playground-tester/node_modules/@wp-playground/blueprints/index.js:12552:3)\n        at async Object.onBind (file:///home/runner/work/playground-tester/playground-tester/node_modules/@wp-playground/cli/index.js:227:48)\n        at async V (file:///home/runner/work/playground-tester/playground-tester/node_modules/@wp-playground/cli/index.js:64:10)\n        at async ja (file:///home/runner/work/playground-tester/playground-tester/node_modules/@wp-playground/cli/cli.js:8161:12)\n  }\n}\n\n","log":"/logs/plugins/j/joomlawatch-lite-for-wordpress/error.json"}
]
