file:///home/runner/work/playground-tester/playground-tester/node_modules/@wp-playground/cli/index.js:237
        throw new Error(y, { cause: u });
              ^

Error: [07-May-2025 07:50:05 UTC] WordPress database error <div style="clear:both">&nbsp;</div>
<div class="queries" style="clear:both;margin-bottom:2px;border:red dotted thin;">
<p>MySQL query:</p>
<p>CREATE TABLE `database_name_here`.`wp_accept-signups` (
					email VARCHAR(255) NOT NULL,
					ip VARCHAR(45) NOT NULL,
					timestamp TIMESTAMP NOT NULL,
					PRIMARY KEY  (email)
					)</p>
<p>Queries made or created this session were:</p>
<ol>
<li>Executing: BEGIN | (no parameters)</li>
<li>Executing: INSERT INTO `_wp_sqlite_mysql_information_schema_tables` (`table_schema`, `table_name`, `table_type`, `engine`, `row_format`, `table_collation`) VALUES (?, ?, ?, ?, ?, ?) | parameters: database_name_here, database_name_here.wp_accept-signups, BASE TABLE, InnoDB, Dynamic, utf8mb4_general_ci</li>
<li>Executing: INSERT INTO `_wp_sqlite_mysql_information_schema_columns` (`table_schema`, `table_name`, `column_name`, `ordinal_position`, `column_default`, `is_nullable`, `data_type`, `character_maximum_length`, `character_octet_length`, `numeric_precision`, `numeric_scale`, `datetime_precision`, `character_set_name`, `collation_name`, `column_type`, `column_key`, `extra`, `privileges`, `column_comment`, `generation_expression`, `srs_id`) VALUES (?, ?, ?, ?, ?, ?, ?, ?, ?, ?, ?, ?, ?, ?, ?, ?, ?, ?, ?, ?, ?) | parameters: database_name_here, database_name_here.wp_accept-signups, email, 1, , NO, varchar, 255, 1020, , , , utf8mb4, utf8mb4_general_ci, varchar(255), , , select,insert,update,references, , , </li>
<li>Executing: INSERT INTO `_wp_sqlite_mysql_information_schema_columns` (`table_schema`, `table_name`, `column_name`, `ordinal_position`, `column_default`, `is_nullable`, `data_type`, `character_maximum_length`, `character_octet_length`, `numeric_precision`, `numeric_scale`, `datetime_precision`, `character_set_name`, `collation_name`, `column_type`, `column_key`, `extra`, `privileges`, `column_comment`, `generation_expression`, `srs_id`) VALUES (?, ?, ?, ?, ?, ?, ?, ?, ?, ?, ?, ?, ?, ?, ?, ?, ?, ?, ?, ?, ?) | parameters: database_name_here, database_name_here.wp_accept-signups, ip, 2, , NO, varchar, 45, 180, , , , utf8mb4, utf8mb4_general_ci, varchar(45), , , select,insert,update,references, , , </li>
<li>Executing: INSERT INTO `_wp_sqlite_mysql_information_schema_columns` (`table_schema`, `table_name`, `column_name`, `ordinal_position`, `column_default`, `is_nullable`, `data_type`, `character_maximum_length`, `character_octet_length`, `numeric_precision`, `numeric_scale`, `datetime_precision`, `character_set_name`, `collation_name`, `column_type`, `column_key`, `extra`, `privileges`, `column_comment`, `generation_expression`, `srs_id`) VALUES (?, ?, ?, ?, ?, ?, ?, ?, ?, ?, ?, ?, ?, ?, ?, ?, ?, ?, ?, ?, ?) | parameters: database_name_here, database_name_here.wp_accept-signups, timestamp, 3, , NO, timestamp, , , , , 0, , , timestamp, , , select,insert,update,references, , , </li>
<li>Executing: 
					SELECT column_name, data_type, is_nullable, character_maximum_length
					FROM `_wp_sqlite_mysql_information_schema_columns`
					WHERE table_schema = ?
					AND table_name = ?
					AND column_name IN (?)
				 | parameters: database_name_here, database_name_here.wp_accept-signups, email</li>
<li>Executing: INSERT INTO `_wp_sqlite_mysql_information_schema_statistics` (`table_schema`, `table_name`, `non_unique`, `index_schema`, `index_name`, `seq_in_index`, `column_name`, `collation`, `cardinality`, `sub_part`, `packed`, `nullable`, `index_type`, `comment`, `index_comment`, `is_visible`, `expression`) VALUES (?, ?, ?, ?, ?, ?, ?, ?, ?, ?, ?, ?, ?, ?, ?, ?, ?) | parameters: database_name_here, database_name_here.wp_accept-signups, 0, database_name_here, PRIMARY, 1, email, A, 0, , , , BTREE, , , YES, </li>
<li>Executing: 
				WITH s AS (
					SELECT
						column_name,
						CASE
							WHEN MAX(index_name = 'PRIMARY') THEN 'PRI'
							WHEN MAX(non_unique = 0 AND seq_in_index = 1) THEN 'UNI'
							WHEN MAX(seq_in_index = 1) THEN 'MUL'
							ELSE ''
						END AS column_key
					FROM `_wp_sqlite_mysql_information_schema_statistics`
					WHERE table_schema = ?
					AND table_name = ?
					GROUP BY column_name
				)
				UPDATE `_wp_sqlite_mysql_information_schema_columns` AS c
				SET
					column_key = s.column_key,
					is_nullable = IIF(s.column_key = 'PRI', 'NO', c.is_nullable)
			    FROM s
			    WHERE c.table_schema = ?
			    AND c.table_name = ?
				AND s.column_name = c.column_name
			 | parameters: database_name_here, database_name_here.wp_accept-signups, database_name_here, database_name_here.wp_accept-signups</li>
<li>Executing: 
				SELECT *
				FROM `_wp_sqlite_mysql_information_schema_tables`
				WHERE table_type = 'BASE TABLE'
				AND table_schema = ?
				AND table_name = ?
			 | parameters: database_name_here, wp_accept-signups</li>
<li>Executing: ROLLBACK | (no parameters)</li>
</ol>
</div>
<div style="clear:both;margin-bottom:2px;border:red dotted thin;" class="error_message" style="border-bottom:dotted blue thin;">
Table 'wp_accept-signups' doesn't exist
</div>
<p>Backtrace:</p>
<pre>#0 /internal/shared/sqlite-database-integration/wp-includes/sqlite-ast/class-wp-sqlite-driver.php(3163): WP_SQLite_Driver->new_driver_exception('Table 'wp_accep...', '42S02')
#1 /internal/shared/sqlite-database-integration/wp-includes/sqlite-ast/class-wp-sqlite-driver.php(1257): WP_SQLite_Driver->get_sqlite_create_table_statement(false, 'wp_accept-signu...')
#2 /internal/shared/sqlite-database-integration/wp-includes/sqlite-ast/class-wp-sqlite-driver.php(835): WP_SQLite_Driver->execute_create_table_statement(Object(WP_Parser_Node))
#3 /internal/shared/sqlite-database-integration/wp-includes/sqlite-ast/class-wp-sqlite-driver.php(669): WP_SQLite_Driver->execute_mysql_query(Object(WP_Parser_Node))
#4 /internal/shared/sqlite-database-integration/wp-includes/sqlite/class-wp-sqlite-db.php(491): WP_SQLite_Driver->query('CREATE TABLE `d...')
#5 /internal/shared/sqlite-database-integration/wp-includes/sqlite/class-wp-sqlite-db.php(432): WP_SQLite_DB->_do_query('CREATE TABLE `d...')
#6 /wordpress/wp-admin/includes/upgrade.php(3280): WP_SQLite_DB->query('CREATE TABLE `d...')
#7 /wordpress/wp-content/plugins/accept-signups/accept-signups.php(33): dbDelta(Array)
#8 /wordpress/wp-includes/class-wp-hook.php(324): acceptSignupsActivate(false)
#9 /wordpress/wp-includes/class-wp-hook.php(348): WP_Hook->apply_filters('', Array)
#10 /wordpress/wp-includes/plugin.php(517): WP_Hook->do_action(Array)
#11 /wordpress/wp-admin/includes/plugin.php(703): do_action('activate_accept...', false)
#12 /internal/eval.php(20): activate_plugin('accept-signups/...')
#13 {main}</pre>
 for query CREATE TABLE `database_name_here`.`wp_accept-signups` (
					email VARCHAR(255) NOT NULL,
					ip VARCHAR(45) NOT NULL,
					timestamp TIMESTAMP NOT NULL,
					PRIMARY KEY  (email)
					) made by activate_plugin, do_action('activate_accept-signups/accept-signups.php'), WP_Hook->do_action, WP_Hook->apply_filters, acceptSignupsActivate, dbDelta, WP_SQLite_DB->query, WP_SQLite_DB->print_error
[07-May-2025 07:54:34 UTC] PHP Notice:  Function _load_textdomain_just_in_time was called <strong>incorrectly</strong>. Translation loading for the <code>adsense-widget</code> domain was triggered too early. This is usually an indicator for some code in the plugin or theme running too early. Translations should be loaded at the <code>init</code> action or later. Please see <a href="https://developer.wordpress.org/advanced-administration/debug/debug-wordpress/">Debugging in WordPress</a> for more information. (This message was added in version 6.7.0.) in /wordpress/wp-includes/functions.php on line 6121
[07-May-2025 07:54:42 UTC] PHP Notice:  Function _load_textdomain_just_in_time was called <strong>incorrectly</strong>. Translation loading for the <code>adsense-widget</code> domain was triggered too early. This is usually an indicator for some code in the plugin or theme running too early. Translations should be loaded at the <code>init</code> action or later. Please see <a href="https://developer.wordpress.org/advanced-administration/debug/debug-wordpress/">Debugging in WordPress</a> for more information. (This message was added in version 6.7.0.) in /wordpress/wp-includes/functions.php on line 6121
[07-May-2025 07:54:50 UTC] PHP Notice:  Function _load_textdomain_just_in_time was called <strong>incorrectly</strong>. Translation loading for the <code>adsense-widget</code> domain was triggered too early. This is usually an indicator for some code in the plugin or theme running too early. Translations should be loaded at the <code>init</code> action or later. Please see <a href="https://developer.wordpress.org/advanced-administration/debug/debug-wordpress/">Debugging in WordPress</a> for more information. (This message was added in version 6.7.0.) in /wordpress/wp-includes/functions.php on line 6121
[07-May-2025 07:57:34 UTC] PHP Fatal error:  Uncaught Doctrine\Common\Annotations\AnnotationException: [Semantical Error] The annotation "@Configuration" in class AllInData\CF7CRIntegration\PluginConfiguration was never imported. Did you maybe forget to add a "use" statement for this annotation? in /wordpress/wp-content/plugins/allindata-cf7-cleverreach-integration/vendor/doctrine/annotations/lib/Doctrine/Common/Annotations/AnnotationException.php:54
Stack trace:
#0 /wordpress/wp-content/plugins/allindata-cf7-cleverreach-integration/vendor/doctrine/annotations/lib/Doctrine/Common/Annotations/DocParser.php(732): Doctrine\Common\Annotations\AnnotationException::semanticalError('The annotation ...')
#1 /wordpress/wp-content/plugins/allindata-cf7-cleverreach-integration/vendor/doctrine/annotations/lib/Doctrine/Common/Annotations/DocParser.php(661): Doctrine\Common\Annotations\DocParser->Annotation()
#2 /wordpress/wp-content/plugins/allindata-cf7-cleverreach-integration/vendor/doctrine/annotations/lib/Doctrine/Common/Annotations/DocParser.php(354): Doctrine\Common\Annotations\DocParser->Annotations()
#3 /wordpress/wp-content/plugins/allindata-cf7-cleverreach-integration/vendor/doctrine/annotations/lib/Doctrine/Common/Annotations/AnnotationReader.php(218): Doctrine\Common\Annotations\DocParser->parse('/**\n * Class Pl...', 'class AllInData...')
#4 /wordpress/wp-content/plugins/allindata-cf7-cleverreach-integration/vendor/doctrine/annotations/lib/Doctrine/Common/Annotations/AnnotationReader.php(226): Doctrine\Common\Annotations\AnnotationReader->getClassAnnotations(Object(ReflectionClass))
#5 /wordpress/wp-content/plugins/allindata-cf7-cleverreach-integration/vendor/bitexpert/disco/src/bitExpert/Disco/Proxy/Configuration/ConfigurationGenerator.php(85): Doctrine\Common\Annotations\AnnotationReader->getClassAnnotation(Object(ReflectionClass), 'bitExpert\\Disco...')
#6 /wordpress/wp-content/plugins/allindata-cf7-cleverreach-integration/vendor/ocramius/proxy-manager/src/ProxyManager/Factory/AbstractBaseFactory.php(106): bitExpert\Disco\Proxy\Configuration\ConfigurationGenerator->generate(Object(ReflectionClass), Object(ProxyManager\Generator\ClassGenerator), Array)
#7 /wordpress/wp-content/plugins/allindata-cf7-cleverreach-integration/vendor/ocramius/proxy-manager/src/ProxyManager/Factory/AbstractBaseFactory.php(72): ProxyManager\Factory\AbstractBaseFactory->generateProxyClass('ProxyManagerGen...', 'AllInData\\CF7CR...', Array, Array)
#8 /wordpress/wp-content/plugins/allindata-cf7-cleverreach-integration/vendor/bitexpert/disco/src/bitExpert/Disco/Proxy/Configuration/ConfigurationFactory.php(54): ProxyManager\Factory\AbstractBaseFactory->generateProxy('AllInData\\CF7CR...')
#9 /wordpress/wp-content/plugins/allindata-cf7-cleverreach-integration/vendor/bitexpert/disco/src/bitExpert/Disco/AnnotationBeanFactory.php(44): bitExpert\Disco\Proxy\Configuration\ConfigurationFactory->createInstance(Object(bitExpert\Disco\BeanFactoryConfiguration), 'AllInData\\CF7CR...', Array)
#10 /wordpress/wp-content/plugins/allindata-cf7-cleverreach-integration/vendor/allindata/wordpress-micro-core/src/Init.php(116): bitExpert\Disco\AnnotationBeanFactory->__construct('AllInData\\CF7CR...', Array, Object(bitExpert\Disco\BeanFactoryConfiguration))
#11 /wordpress/wp-content/plugins/allindata-cf7-cleverreach-integration/vendor/allindata/wordpress-micro-core/src/Init.php(56): AllInData\Micro\Core\Init->loadPlugin('allindata-cf7-c...', '/wordpress/tmp/', 'AllInData\\CF7CR...')
#12 /wordpress/wp-includes/class-wp-hook.php(324): AllInData\Micro\Core\Init::init('')
#13 /wordpress/wp-includes/class-wp-hook.php(348): WP_Hook->apply_filters('', Array)
#14 /wordpress/wp-includes/plugin.php(517): WP_Hook->do_action(Array)
#15 /wordpress/wp-content/plugins/allindata-cf7-cleverreach-integration/vendor/allindata/wordpress-micro-core/src/Init.php(12): do_action('allindata/micro...')
#16 /wordpress/wp-includes/class-wp-hook.php(324): AllInData\Micro\Core\{closure}('')
#17 /wordpress/wp-includes/class-wp-hook.php(348): WP_Hook->apply_filters(NULL, Array)
#18 /wordpress/wp-includes/plugin.php(517): WP_Hook->do_action(Array)
#19 /wordpress/wp-settings.php(578): do_action('plugins_loaded')
#20 /wordpress/wp-config.php(102): require_once('/wordpress/wp-s...')
#21 /wordpress/wp-load.php(50): require_once('/wordpress/wp-c...')
#22 /internal/eval.php(3): require_once('/wordpress/wp-l...')
#23 {main}

Next ProxyManager\Exception\InvalidProxiedClassException: [Semantical Error] The annotation "@Configuration" in class AllInData\CF7CRIntegration\PluginConfiguration was never imported. Did you maybe forget to add a "use" statement for this annotation? in /wordpress/wp-content/plugins/allindata-cf7-cleverreach-integration/vendor/bitexpert/disco/src/bitExpert/Disco/Proxy/Configuration/ConfigurationGenerator.php:87
Stack trace:
#0 /wordpress/wp-content/plugins/allindata-cf7-cleverreach-integration/vendor/ocramius/proxy-manager/src/ProxyManager/Factory/AbstractBaseFactory.php(106): bitExpert\Disco\Proxy\Configuration\ConfigurationGenerator->generate(Object(ReflectionClass), Object(ProxyManager\Generator\ClassGenerator), Array)
#1 /wordpress/wp-content/plugins/allindata-cf7-cleverreach-integration/vendor/ocramius/proxy-manager/src/ProxyManager/Factory/AbstractBaseFactory.php(72): ProxyManager\Factory\AbstractBaseFactory->generateProxyClass('ProxyManagerGen...', 'AllInData\\CF7CR...', Array, Array)
#2 /wordpress/wp-content/plugins/allindata-cf7-cleverreach-integration/vendor/bitexpert/disco/src/bitExpert/Disco/Proxy/Configuration/ConfigurationFactory.php(54): ProxyManager\Factory\AbstractBaseFactory->generateProxy('AllInData\\CF7CR...')
#3 /wordpress/wp-content/plugins/allindata-cf7-cleverreach-integration/vendor/bitexpert/disco/src/bitExpert/Disco/AnnotationBeanFactory.php(44): bitExpert\Disco\Proxy\Configuration\ConfigurationFactory->createInstance(Object(bitExpert\Disco\BeanFactoryConfiguration), 'AllInData\\CF7CR...', Array)
#4 /wordpress/wp-content/plugins/allindata-cf7-cleverreach-integration/vendor/allindata/wordpress-micro-core/src/Init.php(116): bitExpert\Disco\AnnotationBeanFactory->__construct('AllInData\\CF7CR...', Array, Object(bitExpert\Disco\BeanFactoryConfiguration))
#5 /wordpress/wp-content/plugins/allindata-cf7-cleverreach-integration/vendor/allindata/wordpress-micro-core/src/Init.php(56): AllInData\Micro\Core\Init->loadPlugin('allindata-cf7-c...', '/wordpress/tmp/', 'AllInData\\CF7CR...')
#6 /wordpress/wp-includes/class-wp-hook.php(324): AllInData\Micro\Core\Init::init('')
#7 /wordpress/wp-includes/class-wp-hook.php(348): WP_Hook->apply_filters('', Array)
#8 /wordpress/wp-includes/plugin.php(517): WP_Hook->do_action(Array)
#9 /wordpress/wp-content/plugins/allindata-cf7-cleverreach-integration/vendor/allindata/wordpress-micro-core/src/Init.php(12): do_action('allindata/micro...')
#10 /wordpress/wp-includes/class-wp-hook.php(324): AllInData\Micro\Core\{closure}('')
#11 /wordpress/wp-includes/class-wp-hook.php(348): WP_Hook->apply_filters(NULL, Array)
#12 /wordpress/wp-includes/plugin.php(517): WP_Hook->do_action(Array)
#13 /wordpress/wp-settings.php(578): do_action('plugins_loaded')
#14 /wordpress/wp-config.php(102): require_once('/wordpress/wp-s...')
#15 /wordpress/wp-load.php(50): require_once('/wordpress/wp-c...')
#16 /internal/eval.php(3): require_once('/wordpress/wp-l...')
#17 {main}
  thrown in /wordpress/wp-content/plugins/allindata-cf7-cleverreach-integration/vendor/bitexpert/disco/src/bitExpert/Disco/Proxy/Configuration/ConfigurationGenerator.php on line 87
[07-May-2025 07:57:46 UTC] PHP Fatal error:  Uncaught Doctrine\Common\Annotations\AnnotationException: [Semantical Error] The annotation "@Configuration" in class AllInData\CF7CRIntegration\PluginConfiguration was never imported. Did you maybe forget to add a "use" statement for this annotation? in /wordpress/wp-content/plugins/allindata-cf7-cleverreach-integration/vendor/doctrine/annotations/lib/Doctrine/Common/Annotations/AnnotationException.php:54
Stack trace:
#0 /wordpress/wp-content/plugins/allindata-cf7-cleverreach-integration/vendor/doctrine/annotations/lib/Doctrine/Common/Annotations/DocParser.php(732): Doctrine\Common\Annotations\AnnotationException::semanticalError('The annotation ...')
#1 /wordpress/wp-content/plugins/allindata-cf7-cleverreach-integration/vendor/doctrine/annotations/lib/Doctrine/Common/Annotations/DocParser.php(661): Doctrine\Common\Annotations\DocParser->Annotation()
#2 /wordpress/wp-content/plugins/allindata-cf7-cleverreach-integration/vendor/doctrine/annotations/lib/Doctrine/Common/Annotations/DocParser.php(354): Doctrine\Common\Annotations\DocParser->Annotations()
#3 /wordpress/wp-content/plugins/allindata-cf7-cleverreach-integration/vendor/doctrine/annotations/lib/Doctrine/Common/Annotations/AnnotationReader.php(218): Doctrine\Common\Annotations\DocParser->parse('/**\n * Class Pl...', 'class AllInData...')
#4 /wordpress/wp-content/plugins/allindata-cf7-cleverreach-integration/vendor/doctrine/annotations/lib/Doctrine/Common/Annotations/AnnotationReader.php(226): Doctrine\Common\Annotations\AnnotationReader->getClassAnnotations(Object(ReflectionClass))
#5 /wordpress/wp-content/plugins/allindata-cf7-cleverreach-integration/vendor/bitexpert/disco/src/bitExpert/Disco/Proxy/Configuration/ConfigurationGenerator.php(85): Doctrine\Common\Annotations\AnnotationReader->getClassAnnotation(Object(ReflectionClass), 'bitExpert\\Disco...')
#6 /wordpress/wp-content/plugins/allindata-cf7-cleverreach-integration/vendor/ocramius/proxy-manager/src/ProxyManager/Factory/AbstractBaseFactory.php(106): bitExpert\Disco\Proxy\Configuration\ConfigurationGenerator->generate(Object(ReflectionClass), Object(ProxyManager\Generator\ClassGenerator), Array)
#7 /wordpress/wp-content/plugins/allindata-cf7-cleverreach-integration/vendor/ocramius/proxy-manager/src/ProxyManager/Factory/AbstractBaseFactory.php(72): ProxyManager\Factory\AbstractBaseFactory->generateProxyClass('ProxyManagerGen...', 'AllInData\\CF7CR...', Array, Array)
#8 /wordpress/wp-content/plugins/allindata-cf7-cleverreach-integration/vendor/bitexpert/disco/src/bitExpert/Disco/Proxy/Configuration/ConfigurationFactory.php(54): ProxyManager\Factory\AbstractBaseFactory->generateProxy('AllInData\\CF7CR...')
#9 /wordpress/wp-content/plugins/allindata-cf7-cleverreach-integration/vendor/bitexpert/disco/src/bitExpert/Disco/AnnotationBeanFactory.php(44): bitExpert\Disco\Proxy\Configuration\ConfigurationFactory->createInstance(Object(bitExpert\Disco\BeanFactoryConfiguration), 'AllInData\\CF7CR...', Array)
#10 /wordpress/wp-content/plugins/allindata-cf7-cleverreach-integration/vendor/allindata/wordpress-micro-core/src/Init.php(116): bitExpert\Disco\AnnotationBeanFactory->__construct('AllInData\\CF7CR...', Array, Object(bitExpert\Disco\BeanFactoryConfiguration))
#11 /wordpress/wp-content/plugins/allindata-cf7-cleverreach-integration/vendor/allindata/wordpress-micro-core/src/Init.php(56): AllInData\Micro\Core\Init->loadPlugin('allindata-cf7-c...', '/wordpress/tmp/', 'AllInData\\CF7CR...')
#12 /wordpress/wp-includes/class-wp-hook.php(324): AllInData\Micro\Core\Init::init('')
#13 /wordpress/wp-includes/class-wp-hook.php(348): WP_Hook->apply_filters('', Array)
#14 /wordpress/wp-includes/plugin.php(517): WP_Hook->do_action(Array)
#15 /wordpress/wp-content/plugins/allindata-cf7-cleverreach-integration/vendor/allindata/wordpress-micro-core/src/Init.php(12): do_action('allindata/micro...')
#16 /wordpress/wp-includes/class-wp-hook.php(324): AllInData\Micro\Core\{closure}('')
#17 /wordpress/wp-includes/class-wp-hook.php(348): WP_Hook->apply_filters(NULL, Array)
#18 /wordpress/wp-includes/plugin.php(517): WP_Hook->do_action(Array)
#19 /wordpress/wp-settings.php(578): do_action('plugins_loaded')
#20 /wordpress/wp-config.php(102): require_once('/wordpress/wp-s...')
#21 /wordpress/wp-load.php(50): require_once('/wordpress/wp-c...')
#22 /internal/eval.php(3): require_once('/wordpress/wp-l...')
#23 {main}

Next ProxyManager\Exception\InvalidProxiedClassException: [Semantical Error] The annotation "@Configuration" in class AllInData\CF7CRIntegration\PluginConfiguration was never imported. Did you maybe forget to add a "use" statement for this annotation? in /wordpress/wp-content/plugins/allindata-cf7-cleverreach-integration/vendor/bitexpert/disco/src/bitExpert/Disco/Proxy/Configuration/ConfigurationGenerator.php:87
Stack trace:
#0 /wordpress/wp-content/plugins/allindata-cf7-cleverreach-integration/vendor/ocramius/proxy-manager/src/ProxyManager/Factory/AbstractBaseFactory.php(106): bitExpert\Disco\Proxy\Configuration\ConfigurationGenerator->generate(Object(ReflectionClass), Object(ProxyManager\Generator\ClassGenerator), Array)
#1 /wordpress/wp-content/plugins/allindata-cf7-cleverreach-integration/vendor/ocramius/proxy-manager/src/ProxyManager/Factory/AbstractBaseFactory.php(72): ProxyManager\Factory\AbstractBaseFactory->generateProxyClass('ProxyManagerGen...', 'AllInData\\CF7CR...', Array, Array)
#2 /wordpress/wp-content/plugins/allindata-cf7-cleverreach-integration/vendor/bitexpert/disco/src/bitExpert/Disco/Proxy/Configuration/ConfigurationFactory.php(54): ProxyManager\Factory\AbstractBaseFactory->generateProxy('AllInData\\CF7CR...')
#3 /wordpress/wp-content/plugins/allindata-cf7-cleverreach-integration/vendor/bitexpert/disco/src/bitExpert/Disco/AnnotationBeanFactory.php(44): bitExpert\Disco\Proxy\Configuration\ConfigurationFactory->createInstance(Object(bitExpert\Disco\BeanFactoryConfiguration), 'AllInData\\CF7CR...', Array)
#4 /wordpress/wp-content/plugins/allindata-cf7-cleverreach-integration/vendor/allindata/wordpress-micro-core/src/Init.php(116): bitExpert\Disco\AnnotationBeanFactory->__construct('AllInData\\CF7CR...', Array, Object(bitExpert\Disco\BeanFactoryConfiguration))
#5 /wordpress/wp-content/plugins/allindata-cf7-cleverreach-integration/vendor/allindata/wordpress-micro-core/src/Init.php(56): AllInData\Micro\Core\Init->loadPlugin('allindata-cf7-c...', '/wordpress/tmp/', 'AllInData\\CF7CR...')
#6 /wordpress/wp-includes/class-wp-hook.php(324): AllInData\Micro\Core\Init::init('')
#7 /wordpress/wp-includes/class-wp-hook.php(348): WP_Hook->apply_filters('', Array)
#8 /wordpress/wp-includes/plugin.php(517): WP_Hook->do_action(Array)
#9 /wordpress/wp-content/plugins/allindata-cf7-cleverreach-integration/vendor/allindata/wordpress-micro-core/src/Init.php(12): do_action('allindata/micro...')
#10 /wordpress/wp-includes/class-wp-hook.php(324): AllInData\Micro\Core\{closure}('')
#11 /wordpress/wp-includes/class-wp-hook.php(348): WP_Hook->apply_filters(NULL, Array)
#12 /wordpress/wp-includes/plugin.php(517): WP_Hook->do_action(Array)
#13 /wordpress/wp-settings.php(578): do_action('plugins_loaded')
#14 /wordpress/wp-config.php(102): require_once('/wordpress/wp-s...')
#15 /wordpress/wp-load.php(50): require_once('/wordpress/wp-c...')
#16 /internal/eval.php(3): require_once('/wordpress/wp-l...')
#17 {main}
  thrown in /wordpress/wp-content/plugins/allindata-cf7-cleverreach-integration/vendor/bitexpert/disco/src/bitExpert/Disco/Proxy/Configuration/ConfigurationGenerator.php on line 87
[07-May-2025 07:57:58 UTC] PHP Fatal error:  Uncaught Doctrine\Common\Annotations\AnnotationException: [Semantical Error] The annotation "@Configuration" in class AllInData\CF7CRIntegration\PluginConfiguration was never imported. Did you maybe forget to add a "use" statement for this annotation? in /wordpress/wp-content/plugins/allindata-cf7-cleverreach-integration/vendor/doctrine/annotations/lib/Doctrine/Common/Annotations/AnnotationException.php:54
Stack trace:
#0 /wordpress/wp-content/plugins/allindata-cf7-cleverreach-integration/vendor/doctrine/annotations/lib/Doctrine/Common/Annotations/DocParser.php(732): Doctrine\Common\Annotations\AnnotationException::semanticalError('The annotation ...')
#1 /wordpress/wp-content/plugins/allindata-cf7-cleverreach-integration/vendor/doctrine/annotations/lib/Doctrine/Common/Annotations/DocParser.php(661): Doctrine\Common\Annotations\DocParser->Annotation()
#2 /wordpress/wp-content/plugins/allindata-cf7-cleverreach-integration/vendor/doctrine/annotations/lib/Doctrine/Common/Annotations/DocParser.php(354): Doctrine\Common\Annotations\DocParser->Annotations()
#3 /wordpress/wp-content/plugins/allindata-cf7-cleverreach-integration/vendor/doctrine/annotations/lib/Doctrine/Common/Annotations/AnnotationReader.php(218): Doctrine\Common\Annotations\DocParser->parse('/**\n * Class Pl...', 'class AllInData...')
#4 /wordpress/wp-content/plugins/allindata-cf7-cleverreach-integration/vendor/doctrine/annotations/lib/Doctrine/Common/Annotations/AnnotationReader.php(226): Doctrine\Common\Annotations\AnnotationReader->getClassAnnotations(Object(ReflectionClass))
#5 /wordpress/wp-content/plugins/allindata-cf7-cleverreach-integration/vendor/bitexpert/disco/src/bitExpert/Disco/Proxy/Configuration/ConfigurationGenerator.php(85): Doctrine\Common\Annotations\AnnotationReader->getClassAnnotation(Object(ReflectionClass), 'bitExpert\\Disco...')
#6 /wordpress/wp-content/plugins/allindata-cf7-cleverreach-integration/vendor/ocramius/proxy-manager/src/ProxyManager/Factory/AbstractBaseFactory.php(106): bitExpert\Disco\Proxy\Configuration\ConfigurationGenerator->generate(Object(ReflectionClass), Object(ProxyManager\Generator\ClassGenerator), Array)
#7 /wordpress/wp-content/plugins/allindata-cf7-cleverreach-integration/vendor/ocramius/proxy-manager/src/ProxyManager/Factory/AbstractBaseFactory.php(72): ProxyManager\Factory\AbstractBaseFactory->generateProxyClass('ProxyManagerGen...', 'AllInData\\CF7CR...', Array, Array)
#8 /wordpress/wp-content/plugins/allindata-cf7-cleverreach-integration/vendor/bitexpert/disco/src/bitExpert/Disco/Proxy/Configuration/ConfigurationFactory.php(54): ProxyManager\Factory\AbstractBaseFactory->generateProxy('AllInData\\CF7CR...')
#9 /wordpress/wp-content/plugins/allindata-cf7-cleverreach-integration/vendor/bitexpert/disco/src/bitExpert/Disco/AnnotationBeanFactory.php(44): bitExpert\Disco\Proxy\Configuration\ConfigurationFactory->createInstance(Object(bitExpert\Disco\BeanFactoryConfiguration), 'AllInData\\CF7CR...', Array)
#10 /wordpress/wp-content/plugins/allindata-cf7-cleverreach-integration/vendor/allindata/wordpress-micro-core/src/Init.php(116): bitExpert\Disco\AnnotationBeanFactory->__construct('AllInData\\CF7CR...', Array, Object(bitExpert\Disco\BeanFactoryConfiguration))
#11 /wordpress/wp-content/plugins/allindata-cf7-cleverreach-integration/vendor/allindata/wordpress-micro-core/src/Init.php(56): AllInData\Micro\Core\Init->loadPlugin('allindata-cf7-c...', '/wordpress/tmp/', 'AllInData\\CF7CR...')
#12 /wordpress/wp-includes/class-wp-hook.php(324): AllInData\Micro\Core\Init::init('')
#13 /wordpress/wp-includes/class-wp-hook.php(348): WP_Hook->apply_filters('', Array)
#14 /wordpress/wp-includes/plugin.php(517): WP_Hook->do_action(Array)
#15 /wordpress/wp-content/plugins/allindata-cf7-cleverreach-integration/vendor/allindata/wordpress-micro-core/src/Init.php(12): do_action('allindata/micro...')
#16 /wordpress/wp-includes/class-wp-hook.php(324): AllInData\Micro\Core\{closure}('')
#17 /wordpress/wp-includes/class-wp-hook.php(348): WP_Hook->apply_filters(NULL, Array)
#18 /wordpress/wp-includes/plugin.php(517): WP_Hook->do_action(Array)
#19 /wordpress/wp-settings.php(578): do_action('plugins_loaded')
#20 /wordpress/wp-config.php(102): require_once('/wordpress/wp-s...')
#21 /wordpress/wp-load.php(50): require_once('/wordpress/wp-c...')
#22 /internal/eval.php(3): require_once('/wordpress/wp-l...')
#23 {main}

Next ProxyManager\Exception\InvalidProxiedClassException: [Semantical Error] The annotation "@Configuration" in class AllInData\CF7CRIntegration\PluginConfiguration was never imported. Did you maybe forget to add a "use" statement for this annotation? in /wordpress/wp-content/plugins/allindata-cf7-cleverreach-integration/vendor/bitexpert/disco/src/bitExpert/Disco/Proxy/Configuration/ConfigurationGenerator.php:87
Stack trace:
#0 /wordpress/wp-content/plugins/allindata-cf7-cleverreach-integration/vendor/ocramius/proxy-manager/src/ProxyManager/Factory/AbstractBaseFactory.php(106): bitExpert\Disco\Proxy\Configuration\ConfigurationGenerator->generate(Object(ReflectionClass), Object(ProxyManager\Generator\ClassGenerator), Array)
#1 /wordpress/wp-content/plugins/allindata-cf7-cleverreach-integration/vendor/ocramius/proxy-manager/src/ProxyManager/Factory/AbstractBaseFactory.php(72): ProxyManager\Factory\AbstractBaseFactory->generateProxyClass('ProxyManagerGen...', 'AllInData\\CF7CR...', Array, Array)
#2 /wordpress/wp-content/plugins/allindata-cf7-cleverreach-integration/vendor/bitexpert/disco/src/bitExpert/Disco/Proxy/Configuration/ConfigurationFactory.php(54): ProxyManager\Factory\AbstractBaseFactory->generateProxy('AllInData\\CF7CR...')
#3 /wordpress/wp-content/plugins/allindata-cf7-cleverreach-integration/vendor/bitexpert/disco/src/bitExpert/Disco/AnnotationBeanFactory.php(44): bitExpert\Disco\Proxy\Configuration\ConfigurationFactory->createInstance(Object(bitExpert\Disco\BeanFactoryConfiguration), 'AllInData\\CF7CR...', Array)
#4 /wordpress/wp-content/plugins/allindata-cf7-cleverreach-integration/vendor/allindata/wordpress-micro-core/src/Init.php(116): bitExpert\Disco\AnnotationBeanFactory->__construct('AllInData\\CF7CR...', Array, Object(bitExpert\Disco\BeanFactoryConfiguration))
#5 /wordpress/wp-content/plugins/allindata-cf7-cleverreach-integration/vendor/allindata/wordpress-micro-core/src/Init.php(56): AllInData\Micro\Core\Init->loadPlugin('allindata-cf7-c...', '/wordpress/tmp/', 'AllInData\\CF7CR...')
#6 /wordpress/wp-includes/class-wp-hook.php(324): AllInData\Micro\Core\Init::init('')
#7 /wordpress/wp-includes/class-wp-hook.php(348): WP_Hook->apply_filters('', Array)
#8 /wordpress/wp-includes/plugin.php(517): WP_Hook->do_action(Array)
#9 /wordpress/wp-content/plugins/allindata-cf7-cleverreach-integration/vendor/allindata/wordpress-micro-core/src/Init.php(12): do_action('allindata/micro...')
#10 /wordpress/wp-includes/class-wp-hook.php(324): AllInData\Micro\Core\{closure}('')
#11 /wordpress/wp-includes/class-wp-hook.php(348): WP_Hook->apply_filters(NULL, Array)
#12 /wordpress/wp-includes/plugin.php(517): WP_Hook->do_action(Array)
#13 /wordpress/wp-settings.php(578): do_action('plugins_loaded')
#14 /wordpress/wp-config.php(102): require_once('/wordpress/wp-s...')
#15 /wordpress/wp-load.php(50): require_once('/wordpress/wp-c...')
#16 /internal/eval.php(3): require_once('/wordpress/wp-l...')
#17 {main}
  thrown in /wordpress/wp-content/plugins/allindata-cf7-cleverreach-integration/vendor/bitexpert/disco/src/bitExpert/Disco/Proxy/Configuration/ConfigurationGenerator.php on line 87
[07-May-2025 08:00:03 UTC] PHP Fatal error:  Uncaught Error: Undefined constant "PLUGIN_CSS_FILE" in /wordpress/wp-content/plugins/avenirsoft-directdownload/index.php:13
Stack trace:
#0 /wordpress/wp-admin/includes/plugin.php(2387): include_once()
#1 /wordpress/wp-admin/includes/plugin.php(673): plugin_sandbox_scrape('avenirsoft-dire...')
#2 /internal/eval.php(20): activate_plugin('avenirsoft-dire...')
#3 {main}
  thrown in /wordpress/wp-content/plugins/avenirsoft-directdownload/index.php on line 13
[07-May-2025 08:00:12 UTC] PHP Fatal error:  Uncaught Error: Undefined constant "PLUGIN_CSS_FILE" in /wordpress/wp-content/plugins/avenirsoft-directdownload/index.php:13
Stack trace:
#0 /wordpress/wp-admin/includes/plugin.php(2387): include_once()
#1 /wordpress/wp-admin/includes/plugin.php(673): plugin_sandbox_scrape('avenirsoft-dire...')
#2 /internal/eval.php(20): activate_plugin('avenirsoft-dire...')
#3 {main}
  thrown in /wordpress/wp-content/plugins/avenirsoft-directdownload/index.php on line 13

    at Object.onBind (file:///home/runner/work/playground-tester/playground-tester/node_modules/@wp-playground/cli/index.js:237:15)
    at process.processTicksAndRejections (node:internal/process/task_queues:105:5)
    at async V (file:///home/runner/work/playground-tester/playground-tester/node_modules/@wp-playground/cli/index.js:64:10)
    at async ja (file:///home/runner/work/playground-tester/playground-tester/node_modules/@wp-playground/cli/cli.js:8161:12) {
  [cause]: Error: Error when executing the blueprint step #1 ({"step":"installPlugin","pluginData":{"resource":"wordpress.org/plugins","slug":"avenirsoft-directdownload"},"options":{"activate":true}}) : PHP.run() failed with exit code 255 and the following output: 
      at Object.run (file:///home/runner/work/playground-tester/playground-tester/node_modules/@wp-playground/blueprints/index.js:12449:19)
      at process.processTicksAndRejections (node:internal/process/task_queues:105:5)
      at async ms (file:///home/runner/work/playground-tester/playground-tester/node_modules/@wp-playground/blueprints/index.js:12552:3)
      ... 2 lines matching cause stack trace ...
      at async ja (file:///home/runner/work/playground-tester/playground-tester/node_modules/@wp-playground/cli/cli.js:8161:12) {
    [cause]: PHPExecutionFailureError: PHP.run() failed with exit code 255 and the following output: 
        at PHP.run (file:///home/runner/work/playground-tester/playground-tester/node_modules/@php-wasm/universal/index.js:987:19)
        at process.processTicksAndRejections (node:internal/process/task_queues:105:5)
        at async wr (file:///home/runner/work/playground-tester/playground-tester/node_modules/@wp-playground/blueprints/index.js:33:39)
        at async Object.gt [as installPlugin] (file:///home/runner/work/playground-tester/playground-tester/node_modules/@wp-playground/blueprints/index.js:974:42)
        at async g (file:///home/runner/work/playground-tester/playground-tester/node_modules/@wp-playground/blueprints/index.js:12517:30)
        at async Object.run (file:///home/runner/work/playground-tester/playground-tester/node_modules/@wp-playground/blueprints/index.js:12446:23)
        at async ms (file:///home/runner/work/playground-tester/playground-tester/node_modules/@wp-playground/blueprints/index.js:12552:3)
        at async Object.onBind (file:///home/runner/work/playground-tester/playground-tester/node_modules/@wp-playground/cli/index.js:227:48)
        at async V (file:///home/runner/work/playground-tester/playground-tester/node_modules/@wp-playground/cli/index.js:64:10)
        at async ja (file:///home/runner/work/playground-tester/playground-tester/node_modules/@wp-playground/cli/cli.js:8161:12) {
      response: PHPResponse {
        httpStatusCode: 500,
        headers: {
          'x-powered-by': [ 'PHP/8.0.30-dev' ],
          'content-type': [ 'text/html; charset=UTF-8' ]
        },
        bytes: Uint8Array(0) [],
        exitCode: 255,
        errors: ''
      },
      source: 'request'
    }
  }
}

Node.js v23.11.0
