[
  {
    "message": "file:///home/runner/work/playground-tester/playground-tester/node_modules/@wp-playground/cli/index.js:237\n        throw new Error(y, { cause: u });\n              ^\n",
    "level": "FATAL",
    "type": "PLAYGROUND",
    "test": "ast-sqlite-boot",
    "plugin": "random-online-twitch-stream-from-selection",
    "details": "file:///home/runner/work/playground-tester/playground-tester/node_modules/@wp-playground/cli/index.js:237\n        throw new Error(y, { cause: u });\n              ^\n",
    "log": "/tmp/tmp.Da8CKFpUwK"
  },
  {
    "message": "Trying to access array offset on value of type bool in /wordpress/wp-content/plugins/rich-meta-in-rdfa/rich-meta-in-rdfa.php on line 75",
    "level": "WARNING",
    "type": "PHP",
    "test": "ast-sqlite-boot",
    "plugin": "random-online-twitch-stream-from-selection",
    "details": "[26-Apr-2025 14:47:48 UTC] PHP Warning:  Trying to access array offset on value of type bool in /wordpress/wp-content/plugins/rich-meta-in-rdfa/rich-meta-in-rdfa.php on line 75",
    "log": "/logs/plugins/r/random-online-twitch-stream-from-selection/error.json"
  },
  {
    "message": "Trying to access array offset on value of type bool in /wordpress/wp-content/plugins/rich-meta-in-rdfa/rich-meta-in-rdfa.php on line 75",
    "level": "WARNING",
    "type": "PHP",
    "test": "ast-sqlite-boot",
    "plugin": "random-online-twitch-stream-from-selection",
    "details": "[26-Apr-2025 14:47:49 UTC] PHP Warning:  Trying to access array offset on value of type bool in /wordpress/wp-content/plugins/rich-meta-in-rdfa/rich-meta-in-rdfa.php on line 75",
    "log": "/logs/plugins/r/random-online-twitch-stream-from-selection/error.json"
  },
  {
    "message": "Trying to access array offset on value of type bool in /wordpress/wp-content/plugins/rich-meta-in-rdfa/rich-meta-in-rdfa.php on line 75",
    "level": "WARNING",
    "type": "PHP",
    "test": "ast-sqlite-boot",
    "plugin": "random-online-twitch-stream-from-selection",
    "details": "[26-Apr-2025 14:47:57 UTC] PHP Warning:  Trying to access array offset on value of type bool in /wordpress/wp-content/plugins/rich-meta-in-rdfa/rich-meta-in-rdfa.php on line 75",
    "log": "/logs/plugins/r/random-online-twitch-stream-from-selection/error.json"
  },
  {
    "message": "Trying to access array offset on value of type bool in /wordpress/wp-content/plugins/rich-meta-in-rdfa/rich-meta-in-rdfa.php on line 75",
    "level": "WARNING",
    "type": "PHP",
    "test": "ast-sqlite-boot",
    "plugin": "random-online-twitch-stream-from-selection",
    "details": "[26-Apr-2025 14:47:58 UTC] PHP Warning:  Trying to access array offset on value of type bool in /wordpress/wp-content/plugins/rich-meta-in-rdfa/rich-meta-in-rdfa.php on line 75",
    "log": "/logs/plugins/r/random-online-twitch-stream-from-selection/error.json"
  },
  {
    "message": "Trying to access array offset on value of type bool in /wordpress/wp-content/plugins/rich-meta-in-rdfa/rich-meta-in-rdfa.php on line 75",
    "level": "WARNING",
    "type": "PHP",
    "test": "ast-sqlite-boot",
    "plugin": "random-online-twitch-stream-from-selection",
    "details": "[26-Apr-2025 14:48:06 UTC] PHP Warning:  Trying to access array offset on value of type bool in /wordpress/wp-content/plugins/rich-meta-in-rdfa/rich-meta-in-rdfa.php on line 75",
    "log": "/logs/plugins/r/random-online-twitch-stream-from-selection/error.json"
  },
  {
    "message": "Trying to access array offset on value of type bool in /wordpress/wp-content/plugins/rich-meta-in-rdfa/rich-meta-in-rdfa.php on line 75",
    "level": "WARNING",
    "type": "PHP",
    "test": "ast-sqlite-boot",
    "plugin": "random-online-twitch-stream-from-selection",
    "details": "[26-Apr-2025 14:48:07 UTC] PHP Warning:  Trying to access array offset on value of type bool in /wordpress/wp-content/plugins/rich-meta-in-rdfa/rich-meta-in-rdfa.php on line 75",
    "log": "/logs/plugins/r/random-online-twitch-stream-from-selection/error.json"
  },
  {
    "message": "Uncaught PDOException: SQLSTATE[HY000] [2002] Address family not supported by protocol in /wordpress/wp-content/plugins/rise-hotel-booking/rise-hotel-booking.php:167",
    "level": "FATAL",
    "type": "PHP",
    "test": "ast-sqlite-boot",
    "plugin": "random-online-twitch-stream-from-selection",
    "details": "[26-Apr-2025 14:48:17 UTC] PHP Fatal error:  Uncaught PDOException: SQLSTATE[HY000] [2002] Address family not supported by protocol in /wordpress/wp-content/plugins/rise-hotel-booking/rise-hotel-booking.php:167\nStack trace:\n#0 /wordpress/wp-content/plugins/rise-hotel-booking/rise-hotel-booking.php(167): PDO->__construct('mysql:host=loca...', 'username_here', 'password_here')\n#1 /wordpress/wp-includes/class-wp-hook.php(324): RISE->createTables(false)\n#2 /wordpress/wp-includes/class-wp-hook.php(348): WP_Hook->apply_filters('', Array)\n#3 /wordpress/wp-includes/plugin.php(517): WP_Hook->do_action(Array)\n#4 /wordpress/wp-admin/includes/plugin.php(703): do_action('activate_rise-h...', false)\n#5 /internal/eval.php(20): activate_plugin('rise-hotel-book...')\n#6 {main}\n  thrown in /wordpress/wp-content/plugins/rise-hotel-booking/rise-hotel-booking.php on line 167",
    "log": "/logs/plugins/r/random-online-twitch-stream-from-selection/error.json"
  },
  {
    "message": "Uncaught PDOException: SQLSTATE[HY000] [2002] Address family not supported by protocol in /wordpress/wp-content/plugins/rise-hotel-booking/rise-hotel-booking.php:167",
    "level": "FATAL",
    "type": "PHP",
    "test": "ast-sqlite-boot",
    "plugin": "random-online-twitch-stream-from-selection",
    "details": "[26-Apr-2025 14:48:27 UTC] PHP Fatal error:  Uncaught PDOException: SQLSTATE[HY000] [2002] Address family not supported by protocol in /wordpress/wp-content/plugins/rise-hotel-booking/rise-hotel-booking.php:167\nStack trace:\n#0 /wordpress/wp-content/plugins/rise-hotel-booking/rise-hotel-booking.php(167): PDO->__construct('mysql:host=loca...', 'username_here', 'password_here')\n#1 /wordpress/wp-includes/class-wp-hook.php(324): RISE->createTables(false)\n#2 /wordpress/wp-includes/class-wp-hook.php(348): WP_Hook->apply_filters('', Array)\n#3 /wordpress/wp-includes/plugin.php(517): WP_Hook->do_action(Array)\n#4 /wordpress/wp-admin/includes/plugin.php(703): do_action('activate_rise-h...', false)\n#5 /internal/eval.php(20): activate_plugin('rise-hotel-book...')\n#6 {main}\n  thrown in /wordpress/wp-content/plugins/rise-hotel-booking/rise-hotel-booking.php on line 167",
    "log": "/logs/plugins/r/random-online-twitch-stream-from-selection/error.json"
  },
  {
    "message": "Uncaught PDOException: SQLSTATE[HY000] [2002] Address family not supported by protocol in /wordpress/wp-content/plugins/rise-hotel-booking/rise-hotel-booking.php:167",
    "level": "FATAL",
    "type": "PHP",
    "test": "ast-sqlite-boot",
    "plugin": "random-online-twitch-stream-from-selection",
    "details": "[26-Apr-2025 14:48:37 UTC] PHP Fatal error:  Uncaught PDOException: SQLSTATE[HY000] [2002] Address family not supported by protocol in /wordpress/wp-content/plugins/rise-hotel-booking/rise-hotel-booking.php:167\nStack trace:\n#0 /wordpress/wp-content/plugins/rise-hotel-booking/rise-hotel-booking.php(167): PDO->__construct('mysql:host=loca...', 'username_here', 'password_here')\n#1 /wordpress/wp-includes/class-wp-hook.php(324): RISE->createTables(false)\n#2 /wordpress/wp-includes/class-wp-hook.php(348): WP_Hook->apply_filters('', Array)\n#3 /wordpress/wp-includes/plugin.php(517): WP_Hook->do_action(Array)\n#4 /wordpress/wp-admin/includes/plugin.php(703): do_action('activate_rise-h...', false)\n#5 /internal/eval.php(20): activate_plugin('rise-hotel-book...')\n#6 {main}\n  thrown in /wordpress/wp-content/plugins/rise-hotel-booking/rise-hotel-booking.php on line 167",
    "log": "/logs/plugins/r/random-online-twitch-stream-from-selection/error.json"
  },
  {
    "message": "Cannot combine AUTOINCREMENT and multiple primary keys in SQLite.",
    "level": "FATAL",
    "type": "SQL",
    "test": "ast-sqlite-boot",
    "plugin": "random-online-twitch-stream-from-selection",
    "details": "[26-Apr-2025 14:49:23 UTC] WordPress database error <div style=\"clear:both\">&nbsp;</div>\n<div class=\"queries\" style=\"clear:both;margin-bottom:2px;border:red dotted thin;\">\n<p>MySQL query:</p>\n<p>CREATE TABLE wp_st_referrals (\r\n\t                    id mediumint(7) NOT NULL AUTO_INCREMENT,\r\n\t                    user_id mediumint(7) NOT NULL,\r\n\t                    ref_user_id mediumint(7) NOT NULL,\r\n\t                    lvl tinyint(1) DEFAULT 1 NOT NULL,\r\n\t                    date datetime default NOW() null,\r\n\t                    PRIMARY KEY  id (id),\r\n\t                    UNIQUE KEY id (id)\r\n\t                    )</p>\n<p>Queries made or created this session were:</p>\n<ol>\n<li>Executing: BEGIN | (no parameters)</li>\n<li>Executing: ROLLBACK | (no parameters)</li>\n</ol>\n</div>\n<div style=\"clear:both;margin-bottom:2px;border:red dotted thin;\" class=\"error_message\" style=\"border-bottom:dotted blue thin;\">\nError occurred at line 4117 in Function <code>handle_error</code>. Error message was: Cannot combine AUTOINCREMENT and multiple primary keys in SQLite.\n</div>\n<p>Backtrace:</p>\n<pre>#0 /internal/shared/sqlite-database-integration/wp-includes/sqlite/class-wp-sqlite-db.php(287): WP_SQLite_Translator->get_error_message()\n#1 /wordpress/wp-admin/includes/upgrade.php(3280): WP_SQLite_DB->query('CREATE TABLE wp...')\n#2 /wordpress/wp-content/plugins/steeplyref-affiliate-referral/includes/class-steeply-ref-activator.php(51): dbDelta(Array)\n#3 /wordpress/wp-content/plugins/steeplyref-affiliate-referral/steeply-ref.php(38): Steeply_Ref_Activator::activate()\n#4 /wordpress/wp-includes/class-wp-hook.php(324): activate_steeply_ref(false)\n#5 /wordpress/wp-includes/class-wp-hook.php(348): WP_Hook->apply_filters('', Array)\n#6 /wordpress/wp-includes/plugin.php(517): WP_Hook->do_action(Array)\n#7 /wordpress/wp-admin/includes/plugin.php(703): do_action('activate_steepl...', false)\n#8 /internal/eval.php(20): activate_plugin('steeplyref-affi...')\n#9 {main}</pre>\n for query CREATE TABLE wp_st_referrals (\r\n\t                    id mediumint(7) NOT NULL AUTO_INCREMENT,\r\n\t                    user_id mediumint(7) NOT NULL,\r\n\t                    ref_user_id mediumint(7) NOT NULL,\r\n\t                    lvl tinyint(1) DEFAULT 1 NOT NULL,\r\n\t                    date datetime default NOW() null,\r\n\t                    PRIMARY KEY  id (id),\r\n\t                    UNIQUE KEY id (id)\r\n\t                    ) made by activate_plugin, do_action('activate_steeplyref-affiliate-referral/steeply-ref.php'), WP_Hook->do_action, WP_Hook->apply_filters, activate_steeply_ref, Steeply_Ref_Activator::activate, dbDelta, WP_SQLite_DB->query, WP_SQLite_DB->print_error",
    "log": "/logs/plugins/r/random-online-twitch-stream-from-selection/error.json"
  },
  {
    "message": "Cannot combine AUTOINCREMENT and multiple primary keys in SQLite.",
    "level": "FATAL",
    "type": "SQL",
    "test": "ast-sqlite-boot",
    "plugin": "random-online-twitch-stream-from-selection",
    "details": "[26-Apr-2025 14:49:32 UTC] WordPress database error <div style=\"clear:both\">&nbsp;</div>\n<div class=\"queries\" style=\"clear:both;margin-bottom:2px;border:red dotted thin;\">\n<p>MySQL query:</p>\n<p>CREATE TABLE wp_st_referrals (\r\n\t                    id mediumint(7) NOT NULL AUTO_INCREMENT,\r\n\t                    user_id mediumint(7) NOT NULL,\r\n\t                    ref_user_id mediumint(7) NOT NULL,\r\n\t                    lvl tinyint(1) DEFAULT 1 NOT NULL,\r\n\t                    date datetime default NOW() null,\r\n\t                    PRIMARY KEY  id (id),\r\n\t                    UNIQUE KEY id (id)\r\n\t                    )</p>\n<p>Queries made or created this session were:</p>\n<ol>\n<li>Executing: BEGIN | (no parameters)</li>\n<li>Executing: ROLLBACK | (no parameters)</li>\n</ol>\n</div>\n<div style=\"clear:both;margin-bottom:2px;border:red dotted thin;\" class=\"error_message\" style=\"border-bottom:dotted blue thin;\">\nError occurred at line 4117 in Function <code>handle_error</code>. Error message was: Cannot combine AUTOINCREMENT and multiple primary keys in SQLite.\n</div>\n<p>Backtrace:</p>\n<pre>#0 /internal/shared/sqlite-database-integration/wp-includes/sqlite/class-wp-sqlite-db.php(287): WP_SQLite_Translator->get_error_message()\n#1 /wordpress/wp-admin/includes/upgrade.php(3280): WP_SQLite_DB->query('CREATE TABLE wp...')\n#2 /wordpress/wp-content/plugins/steeplyref-affiliate-referral/includes/class-steeply-ref-activator.php(51): dbDelta(Array)\n#3 /wordpress/wp-content/plugins/steeplyref-affiliate-referral/steeply-ref.php(38): Steeply_Ref_Activator::activate()\n#4 /wordpress/wp-includes/class-wp-hook.php(324): activate_steeply_ref(false)\n#5 /wordpress/wp-includes/class-wp-hook.php(348): WP_Hook->apply_filters('', Array)\n#6 /wordpress/wp-includes/plugin.php(517): WP_Hook->do_action(Array)\n#7 /wordpress/wp-admin/includes/plugin.php(703): do_action('activate_steepl...', false)\n#8 /internal/eval.php(20): activate_plugin('steeplyref-affi...')\n#9 {main}</pre>\n for query CREATE TABLE wp_st_referrals (\r\n\t                    id mediumint(7) NOT NULL AUTO_INCREMENT,\r\n\t                    user_id mediumint(7) NOT NULL,\r\n\t                    ref_user_id mediumint(7) NOT NULL,\r\n\t                    lvl tinyint(1) DEFAULT 1 NOT NULL,\r\n\t                    date datetime default NOW() null,\r\n\t                    PRIMARY KEY  id (id),\r\n\t                    UNIQUE KEY id (id)\r\n\t                    ) made by activate_plugin, do_action('activate_steeplyref-affiliate-referral/steeply-ref.php'), WP_Hook->do_action, WP_Hook->apply_filters, activate_steeply_ref, Steeply_Ref_Activator::activate, dbDelta, WP_SQLite_DB->query, WP_SQLite_DB->print_error",
    "log": "/logs/plugins/r/random-online-twitch-stream-from-selection/error.json"
  },
  {
    "message": "Required parameter $column_name follows optional parameter $empty in /wordpress/wp-content/plugins/simple-captcha/simple_captcha.php on line 404",
    "level": "DEPRECATED",
    "type": "PHP",
    "test": "ast-sqlite-boot",
    "plugin": "random-online-twitch-stream-from-selection",
    "details": "[26-Apr-2025 14:50:01 UTC] PHP Deprecated:  Required parameter $column_name follows optional parameter $empty in /wordpress/wp-content/plugins/simple-captcha/simple_captcha.php on line 404",
    "log": "/logs/plugins/r/random-online-twitch-stream-from-selection/error.json"
  },
  {
    "message": "Required parameter $id follows optional parameter $empty in /wordpress/wp-content/plugins/simple-captcha/simple_captcha.php on line 404",
    "level": "DEPRECATED",
    "type": "PHP",
    "test": "ast-sqlite-boot",
    "plugin": "random-online-twitch-stream-from-selection",
    "details": "[26-Apr-2025 14:50:01 UTC] PHP Deprecated:  Required parameter $id follows optional parameter $empty in /wordpress/wp-content/plugins/simple-captcha/simple_captcha.php on line 404",
    "log": "/logs/plugins/r/random-online-twitch-stream-from-selection/error.json"
  },
  {
    "message": "Required parameter $column_name follows optional parameter $empty in /wordpress/wp-content/plugins/simple-captcha/simple_captcha.php on line 404",
    "level": "DEPRECATED",
    "type": "PHP",
    "test": "ast-sqlite-boot",
    "plugin": "random-online-twitch-stream-from-selection",
    "details": "[26-Apr-2025 14:50:02 UTC] PHP Deprecated:  Required parameter $column_name follows optional parameter $empty in /wordpress/wp-content/plugins/simple-captcha/simple_captcha.php on line 404",
    "log": "/logs/plugins/r/random-online-twitch-stream-from-selection/error.json"
  },
  {
    "message": "Required parameter $id follows optional parameter $empty in /wordpress/wp-content/plugins/simple-captcha/simple_captcha.php on line 404",
    "level": "DEPRECATED",
    "type": "PHP",
    "test": "ast-sqlite-boot",
    "plugin": "random-online-twitch-stream-from-selection",
    "details": "[26-Apr-2025 14:50:02 UTC] PHP Deprecated:  Required parameter $id follows optional parameter $empty in /wordpress/wp-content/plugins/simple-captcha/simple_captcha.php on line 404",
    "log": "/logs/plugins/r/random-online-twitch-stream-from-selection/error.json"
  },
  {
    "message": "Undefined array key \"FormID\" in /wordpress/wp-content/plugins/simple-captcha/simple_captcha.php on line 92",
    "level": "WARNING",
    "type": "PHP",
    "test": "ast-sqlite-boot",
    "plugin": "random-online-twitch-stream-from-selection",
    "details": "[26-Apr-2025 14:50:03 UTC] PHP Warning:  Undefined array key \"FormID\" in /wordpress/wp-content/plugins/simple-captcha/simple_captcha.php on line 92",
    "log": "/logs/plugins/r/random-online-twitch-stream-from-selection/error.json"
  },
  {
    "message": "Required parameter $column_name follows optional parameter $empty in /wordpress/wp-content/plugins/simple-captcha/simple_captcha.php on line 404",
    "level": "DEPRECATED",
    "type": "PHP",
    "test": "ast-sqlite-boot",
    "plugin": "random-online-twitch-stream-from-selection",
    "details": "[26-Apr-2025 14:50:10 UTC] PHP Deprecated:  Required parameter $column_name follows optional parameter $empty in /wordpress/wp-content/plugins/simple-captcha/simple_captcha.php on line 404",
    "log": "/logs/plugins/r/random-online-twitch-stream-from-selection/error.json"
  },
  {
    "message": "Required parameter $id follows optional parameter $empty in /wordpress/wp-content/plugins/simple-captcha/simple_captcha.php on line 404",
    "level": "DEPRECATED",
    "type": "PHP",
    "test": "ast-sqlite-boot",
    "plugin": "random-online-twitch-stream-from-selection",
    "details": "[26-Apr-2025 14:50:10 UTC] PHP Deprecated:  Required parameter $id follows optional parameter $empty in /wordpress/wp-content/plugins/simple-captcha/simple_captcha.php on line 404",
    "log": "/logs/plugins/r/random-online-twitch-stream-from-selection/error.json"
  },
  {
    "message": "Required parameter $column_name follows optional parameter $empty in /wordpress/wp-content/plugins/simple-captcha/simple_captcha.php on line 404",
    "level": "DEPRECATED",
    "type": "PHP",
    "test": "ast-sqlite-boot",
    "plugin": "random-online-twitch-stream-from-selection",
    "details": "[26-Apr-2025 14:50:12 UTC] PHP Deprecated:  Required parameter $column_name follows optional parameter $empty in /wordpress/wp-content/plugins/simple-captcha/simple_captcha.php on line 404",
    "log": "/logs/plugins/r/random-online-twitch-stream-from-selection/error.json"
  },
  {
    "message": "Required parameter $id follows optional parameter $empty in /wordpress/wp-content/plugins/simple-captcha/simple_captcha.php on line 404",
    "level": "DEPRECATED",
    "type": "PHP",
    "test": "ast-sqlite-boot",
    "plugin": "random-online-twitch-stream-from-selection",
    "details": "[26-Apr-2025 14:50:12 UTC] PHP Deprecated:  Required parameter $id follows optional parameter $empty in /wordpress/wp-content/plugins/simple-captcha/simple_captcha.php on line 404",
    "log": "/logs/plugins/r/random-online-twitch-stream-from-selection/error.json"
  },
  {
    "message": "Undefined array key \"FormID\" in /wordpress/wp-content/plugins/simple-captcha/simple_captcha.php on line 92",
    "level": "WARNING",
    "type": "PHP",
    "test": "ast-sqlite-boot",
    "plugin": "random-online-twitch-stream-from-selection",
    "details": "[26-Apr-2025 14:50:12 UTC] PHP Warning:  Undefined array key \"FormID\" in /wordpress/wp-content/plugins/simple-captcha/simple_captcha.php on line 92",
    "log": "/logs/plugins/r/random-online-twitch-stream-from-selection/error.json"
  },
  {
    "message": "Required parameter $column_name follows optional parameter $empty in /wordpress/wp-content/plugins/simple-captcha/simple_captcha.php on line 404",
    "level": "DEPRECATED",
    "type": "PHP",
    "test": "ast-sqlite-boot",
    "plugin": "random-online-twitch-stream-from-selection",
    "details": "[26-Apr-2025 14:50:20 UTC] PHP Deprecated:  Required parameter $column_name follows optional parameter $empty in /wordpress/wp-content/plugins/simple-captcha/simple_captcha.php on line 404",
    "log": "/logs/plugins/r/random-online-twitch-stream-from-selection/error.json"
  },
  {
    "message": "Required parameter $id follows optional parameter $empty in /wordpress/wp-content/plugins/simple-captcha/simple_captcha.php on line 404",
    "level": "DEPRECATED",
    "type": "PHP",
    "test": "ast-sqlite-boot",
    "plugin": "random-online-twitch-stream-from-selection",
    "details": "[26-Apr-2025 14:50:20 UTC] PHP Deprecated:  Required parameter $id follows optional parameter $empty in /wordpress/wp-content/plugins/simple-captcha/simple_captcha.php on line 404",
    "log": "/logs/plugins/r/random-online-twitch-stream-from-selection/error.json"
  },
  {
    "message": "Required parameter $column_name follows optional parameter $empty in /wordpress/wp-content/plugins/simple-captcha/simple_captcha.php on line 404",
    "level": "DEPRECATED",
    "type": "PHP",
    "test": "ast-sqlite-boot",
    "plugin": "random-online-twitch-stream-from-selection",
    "details": "[26-Apr-2025 14:50:21 UTC] PHP Deprecated:  Required parameter $column_name follows optional parameter $empty in /wordpress/wp-content/plugins/simple-captcha/simple_captcha.php on line 404",
    "log": "/logs/plugins/r/random-online-twitch-stream-from-selection/error.json"
  },
  {
    "message": "Required parameter $id follows optional parameter $empty in /wordpress/wp-content/plugins/simple-captcha/simple_captcha.php on line 404",
    "level": "DEPRECATED",
    "type": "PHP",
    "test": "ast-sqlite-boot",
    "plugin": "random-online-twitch-stream-from-selection",
    "details": "[26-Apr-2025 14:50:21 UTC] PHP Deprecated:  Required parameter $id follows optional parameter $empty in /wordpress/wp-content/plugins/simple-captcha/simple_captcha.php on line 404",
    "log": "/logs/plugins/r/random-online-twitch-stream-from-selection/error.json"
  },
  {
    "message": "Undefined array key \"FormID\" in /wordpress/wp-content/plugins/simple-captcha/simple_captcha.php on line 92",
    "level": "WARNING",
    "type": "PHP",
    "test": "ast-sqlite-boot",
    "plugin": "random-online-twitch-stream-from-selection",
    "details": "[26-Apr-2025 14:50:21 UTC] PHP Warning:  Undefined array key \"FormID\" in /wordpress/wp-content/plugins/simple-captcha/simple_captcha.php on line 92",
    "log": "/logs/plugins/r/random-online-twitch-stream-from-selection/error.json"
  },
  {
    "message": "Only variables should be passed by reference in /wordpress/wp-content/plugins/simple-slides/simple_slides.php on line 30",
    "level": "NOTICE",
    "type": "PHP",
    "test": "ast-sqlite-boot",
    "plugin": "random-online-twitch-stream-from-selection",
    "details": "[26-Apr-2025 14:50:57 UTC] PHP Notice:  Only variables should be passed by reference in /wordpress/wp-content/plugins/simple-slides/simple_slides.php on line 30",
    "log": "/logs/plugins/r/random-online-twitch-stream-from-selection/error.json"
  },
  {
    "message": "Only variables should be passed by reference in /wordpress/wp-content/plugins/simple-slides/simple_slides.php on line 30",
    "level": "NOTICE",
    "type": "PHP",
    "test": "ast-sqlite-boot",
    "plugin": "random-online-twitch-stream-from-selection",
    "details": "[26-Apr-2025 14:50:58 UTC] PHP Notice:  Only variables should be passed by reference in /wordpress/wp-content/plugins/simple-slides/simple_slides.php on line 30",
    "log": "/logs/plugins/r/random-online-twitch-stream-from-selection/error.json"
  },
  {
    "message": "Only variables should be passed by reference in /wordpress/wp-content/plugins/simple-slides/simple_slides.php on line 30",
    "level": "NOTICE",
    "type": "PHP",
    "test": "ast-sqlite-boot",
    "plugin": "random-online-twitch-stream-from-selection",
    "details": "[26-Apr-2025 14:51:06 UTC] PHP Notice:  Only variables should be passed by reference in /wordpress/wp-content/plugins/simple-slides/simple_slides.php on line 30",
    "log": "/logs/plugins/r/random-online-twitch-stream-from-selection/error.json"
  },
  {
    "message": "Only variables should be passed by reference in /wordpress/wp-content/plugins/simple-slides/simple_slides.php on line 30",
    "level": "NOTICE",
    "type": "PHP",
    "test": "ast-sqlite-boot",
    "plugin": "random-online-twitch-stream-from-selection",
    "details": "[26-Apr-2025 14:51:06 UTC] PHP Notice:  Only variables should be passed by reference in /wordpress/wp-content/plugins/simple-slides/simple_slides.php on line 30",
    "log": "/logs/plugins/r/random-online-twitch-stream-from-selection/error.json"
  },
  {
    "message": "Only variables should be passed by reference in /wordpress/wp-content/plugins/simple-slides/simple_slides.php on line 30",
    "level": "NOTICE",
    "type": "PHP",
    "test": "ast-sqlite-boot",
    "plugin": "random-online-twitch-stream-from-selection",
    "details": "[26-Apr-2025 14:51:14 UTC] PHP Notice:  Only variables should be passed by reference in /wordpress/wp-content/plugins/simple-slides/simple_slides.php on line 30",
    "log": "/logs/plugins/r/random-online-twitch-stream-from-selection/error.json"
  },
  {
    "message": "Only variables should be passed by reference in /wordpress/wp-content/plugins/simple-slides/simple_slides.php on line 30",
    "level": "NOTICE",
    "type": "PHP",
    "test": "ast-sqlite-boot",
    "plugin": "random-online-twitch-stream-from-selection",
    "details": "[26-Apr-2025 14:51:15 UTC] PHP Notice:  Only variables should be passed by reference in /wordpress/wp-content/plugins/simple-slides/simple_slides.php on line 30",
    "log": "/logs/plugins/r/random-online-twitch-stream-from-selection/error.json"
  },
  {
    "message": "Function wp_enqueue_style was called <strong>incorrectly</strong>. Scripts and styles should not be registered or enqueued until the <code>wp_enqueue_scripts</code>, <code>admin_enqueue_scripts</code>, or <code>login_enqueue_scripts</code> hooks. This notice was triggered by the <code>social_media</code> handle. Please see <a href=\"https://developer.wordpress.org/advanced-administration/debug/debug-wordpress/\">Debugging in WordPress</a> for more information. (This message was added in version 3.3.0.) in /wordpress/wp-includes/functions.php on line 6121",
    "level": "NOTICE",
    "type": "PHP",
    "test": "ast-sqlite-boot",
    "plugin": "random-online-twitch-stream-from-selection",
    "details": "[26-Apr-2025 14:53:35 UTC] PHP Notice:  Function wp_enqueue_style was called <strong>incorrectly</strong>. Scripts and styles should not be registered or enqueued until the <code>wp_enqueue_scripts</code>, <code>admin_enqueue_scripts</code>, or <code>login_enqueue_scripts</code> hooks. This notice was triggered by the <code>social_media</code> handle. Please see <a href=\"https://developer.wordpress.org/advanced-administration/debug/debug-wordpress/\">Debugging in WordPress</a> for more information. (This message was added in version 3.3.0.) in /wordpress/wp-includes/functions.php on line 6121",
    "log": "/logs/plugins/r/random-online-twitch-stream-from-selection/error.json"
  },
  {
    "message": "Function is_feed was called <strong>incorrectly</strong>. Conditional query tags do not work before the query is run. Before then, they always return false. Please see <a href=\"https://developer.wordpress.org/advanced-administration/debug/debug-wordpress/\">Debugging in WordPress</a> for more information. (This message was added in version 3.1.0.) in /wordpress/wp-includes/functions.php on line 6121",
    "level": "NOTICE",
    "type": "PHP",
    "test": "ast-sqlite-boot",
    "plugin": "random-online-twitch-stream-from-selection",
    "details": "[26-Apr-2025 14:53:35 UTC] PHP Notice:  Function is_feed was called <strong>incorrectly</strong>. Conditional query tags do not work before the query is run. Before then, they always return false. Please see <a href=\"https://developer.wordpress.org/advanced-administration/debug/debug-wordpress/\">Debugging in WordPress</a> for more information. (This message was added in version 3.1.0.) in /wordpress/wp-includes/functions.php on line 6121",
    "log": "/logs/plugins/r/random-online-twitch-stream-from-selection/error.json"
  },
  {
    "message": "Function wp_enqueue_style was called <strong>incorrectly</strong>. Scripts and styles should not be registered or enqueued until the <code>wp_enqueue_scripts</code>, <code>admin_enqueue_scripts</code>, or <code>login_enqueue_scripts</code> hooks. This notice was triggered by the <code>social_media</code> handle. Please see <a href=\"https://developer.wordpress.org/advanced-administration/debug/debug-wordpress/\">Debugging in WordPress</a> for more information. (This message was added in version 3.3.0.) in /wordpress/wp-includes/functions.php on line 6121",
    "level": "NOTICE",
    "type": "PHP",
    "test": "ast-sqlite-boot",
    "plugin": "random-online-twitch-stream-from-selection",
    "details": "[26-Apr-2025 14:53:44 UTC] PHP Notice:  Function wp_enqueue_style was called <strong>incorrectly</strong>. Scripts and styles should not be registered or enqueued until the <code>wp_enqueue_scripts</code>, <code>admin_enqueue_scripts</code>, or <code>login_enqueue_scripts</code> hooks. This notice was triggered by the <code>social_media</code> handle. Please see <a href=\"https://developer.wordpress.org/advanced-administration/debug/debug-wordpress/\">Debugging in WordPress</a> for more information. (This message was added in version 3.3.0.) in /wordpress/wp-includes/functions.php on line 6121",
    "log": "/logs/plugins/r/random-online-twitch-stream-from-selection/error.json"
  },
  {
    "message": "Function is_feed was called <strong>incorrectly</strong>. Conditional query tags do not work before the query is run. Before then, they always return false. Please see <a href=\"https://developer.wordpress.org/advanced-administration/debug/debug-wordpress/\">Debugging in WordPress</a> for more information. (This message was added in version 3.1.0.) in /wordpress/wp-includes/functions.php on line 6121",
    "level": "NOTICE",
    "type": "PHP",
    "test": "ast-sqlite-boot",
    "plugin": "random-online-twitch-stream-from-selection",
    "details": "[26-Apr-2025 14:53:44 UTC] PHP Notice:  Function is_feed was called <strong>incorrectly</strong>. Conditional query tags do not work before the query is run. Before then, they always return false. Please see <a href=\"https://developer.wordpress.org/advanced-administration/debug/debug-wordpress/\">Debugging in WordPress</a> for more information. (This message was added in version 3.1.0.) in /wordpress/wp-includes/functions.php on line 6121",
    "log": "/logs/plugins/r/random-online-twitch-stream-from-selection/error.json"
  },
  {
    "message": "Function wp_enqueue_style was called <strong>incorrectly</strong>. Scripts and styles should not be registered or enqueued until the <code>wp_enqueue_scripts</code>, <code>admin_enqueue_scripts</code>, or <code>login_enqueue_scripts</code> hooks. This notice was triggered by the <code>social_media</code> handle. Please see <a href=\"https://developer.wordpress.org/advanced-administration/debug/debug-wordpress/\">Debugging in WordPress</a> for more information. (This message was added in version 3.3.0.) in /wordpress/wp-includes/functions.php on line 6121",
    "level": "NOTICE",
    "type": "PHP",
    "test": "ast-sqlite-boot",
    "plugin": "random-online-twitch-stream-from-selection",
    "details": "[26-Apr-2025 14:53:52 UTC] PHP Notice:  Function wp_enqueue_style was called <strong>incorrectly</strong>. Scripts and styles should not be registered or enqueued until the <code>wp_enqueue_scripts</code>, <code>admin_enqueue_scripts</code>, or <code>login_enqueue_scripts</code> hooks. This notice was triggered by the <code>social_media</code> handle. Please see <a href=\"https://developer.wordpress.org/advanced-administration/debug/debug-wordpress/\">Debugging in WordPress</a> for more information. (This message was added in version 3.3.0.) in /wordpress/wp-includes/functions.php on line 6121",
    "log": "/logs/plugins/r/random-online-twitch-stream-from-selection/error.json"
  },
  {
    "message": "Function is_feed was called <strong>incorrectly</strong>. Conditional query tags do not work before the query is run. Before then, they always return false. Please see <a href=\"https://developer.wordpress.org/advanced-administration/debug/debug-wordpress/\">Debugging in WordPress</a> for more information. (This message was added in version 3.1.0.) in /wordpress/wp-includes/functions.php on line 6121",
    "level": "NOTICE",
    "type": "PHP",
    "test": "ast-sqlite-boot",
    "plugin": "random-online-twitch-stream-from-selection",
    "details": "[26-Apr-2025 14:53:52 UTC] PHP Notice:  Function is_feed was called <strong>incorrectly</strong>. Conditional query tags do not work before the query is run. Before then, they always return false. Please see <a href=\"https://developer.wordpress.org/advanced-administration/debug/debug-wordpress/\">Debugging in WordPress</a> for more information. (This message was added in version 3.1.0.) in /wordpress/wp-includes/functions.php on line 6121",
    "log": "/logs/plugins/r/random-online-twitch-stream-from-selection/error.json"
  },
  {
    "message": "file(.htaccess): Failed to open stream: No such file or directory in /wordpress/wp-content/plugins/spamfck/antispam-revolution.php on line 296",
    "level": "WARNING",
    "type": "PHP",
    "test": "ast-sqlite-boot",
    "plugin": "random-online-twitch-stream-from-selection",
    "details": "[26-Apr-2025 14:54:29 UTC] PHP Warning:  file(.htaccess): Failed to open stream: No such file or directory in /wordpress/wp-content/plugins/spamfck/antispam-revolution.php on line 296",
    "log": "/logs/plugins/r/random-online-twitch-stream-from-selection/error.json"
  },
  {
    "message": "Uncaught Error: Call to undefined function each() in /wordpress/wp-content/plugins/spamfck/antispam-revolution.php:300",
    "level": "FATAL",
    "type": "PHP",
    "test": "ast-sqlite-boot",
    "plugin": "random-online-twitch-stream-from-selection",
    "details": "[26-Apr-2025 14:54:29 UTC] PHP Fatal error:  Uncaught Error: Call to undefined function each() in /wordpress/wp-content/plugins/spamfck/antispam-revolution.php:300\nStack trace:\n#0 /wordpress/wp-admin/includes/plugin.php(2387): include_once()\n#1 /wordpress/wp-admin/includes/plugin.php(673): plugin_sandbox_scrape('spamfck/antispa...')\n#2 /internal/eval.php(20): activate_plugin('spamfck/antispa...')\n#3 {main}\n  thrown in /wordpress/wp-content/plugins/spamfck/antispam-revolution.php on line 300",
    "log": "/logs/plugins/r/random-online-twitch-stream-from-selection/error.json"
  },
  {
    "message": "file(.htaccess): Failed to open stream: No such file or directory in /wordpress/wp-content/plugins/spamfck/antispam-revolution.php on line 296",
    "level": "WARNING",
    "type": "PHP",
    "test": "ast-sqlite-boot",
    "plugin": "random-online-twitch-stream-from-selection",
    "details": "[26-Apr-2025 14:54:38 UTC] PHP Warning:  file(.htaccess): Failed to open stream: No such file or directory in /wordpress/wp-content/plugins/spamfck/antispam-revolution.php on line 296",
    "log": "/logs/plugins/r/random-online-twitch-stream-from-selection/error.json"
  },
  {
    "message": "Uncaught Error: Call to undefined function each() in /wordpress/wp-content/plugins/spamfck/antispam-revolution.php:300",
    "level": "FATAL",
    "type": "PHP",
    "test": "ast-sqlite-boot",
    "plugin": "random-online-twitch-stream-from-selection",
    "details": "[26-Apr-2025 14:54:38 UTC] PHP Fatal error:  Uncaught Error: Call to undefined function each() in /wordpress/wp-content/plugins/spamfck/antispam-revolution.php:300\nStack trace:\n#0 /wordpress/wp-admin/includes/plugin.php(2387): include_once()\n#1 /wordpress/wp-admin/includes/plugin.php(673): plugin_sandbox_scrape('spamfck/antispa...')\n#2 /internal/eval.php(20): activate_plugin('spamfck/antispa...')\n#3 {main}\n  thrown in /wordpress/wp-content/plugins/spamfck/antispam-revolution.php on line 300",
    "log": "/logs/plugins/r/random-online-twitch-stream-from-selection/error.json"
  },
  {
    "message": "file(.htaccess): Failed to open stream: No such file or directory in /wordpress/wp-content/plugins/spamfck/antispam-revolution.php on line 296",
    "level": "WARNING",
    "type": "PHP",
    "test": "ast-sqlite-boot",
    "plugin": "random-online-twitch-stream-from-selection",
    "details": "[26-Apr-2025 14:54:45 UTC] PHP Warning:  file(.htaccess): Failed to open stream: No such file or directory in /wordpress/wp-content/plugins/spamfck/antispam-revolution.php on line 296",
    "log": "/logs/plugins/r/random-online-twitch-stream-from-selection/error.json"
  },
  {
    "message": "Uncaught Error: Call to undefined function each() in /wordpress/wp-content/plugins/spamfck/antispam-revolution.php:300",
    "level": "FATAL",
    "type": "PHP",
    "test": "ast-sqlite-boot",
    "plugin": "random-online-twitch-stream-from-selection",
    "details": "[26-Apr-2025 14:54:45 UTC] PHP Fatal error:  Uncaught Error: Call to undefined function each() in /wordpress/wp-content/plugins/spamfck/antispam-revolution.php:300\nStack trace:\n#0 /wordpress/wp-admin/includes/plugin.php(2387): include_once()\n#1 /wordpress/wp-admin/includes/plugin.php(673): plugin_sandbox_scrape('spamfck/antispa...')\n#2 /internal/eval.php(20): activate_plugin('spamfck/antispa...')\n#3 {main}\n  thrown in /wordpress/wp-content/plugins/spamfck/antispam-revolution.php on line 300",
    "log": "/logs/plugins/r/random-online-twitch-stream-from-selection/error.json"
  },
  {
    "message": "Function _load_textdomain_just_in_time was called <strong>incorrectly</strong>. Translation loading for the <code>icwcsr</code> domain was triggered too early. This is usually an indicator for some code in the plugin or theme running too early. Translations should be loaded at the <code>init</code> action or later. Please see <a href=\"https://developer.wordpress.org/advanced-administration/debug/debug-wordpress/\">Debugging in WordPress</a> for more information. (This message was added in version 6.7.0.) in /wordpress/wp-includes/functions.php on line 6121",
    "level": "NOTICE",
    "type": "PHP",
    "test": "ast-sqlite-boot",
    "plugin": "random-online-twitch-stream-from-selection",
    "details": "[26-Apr-2025 14:56:12 UTC] PHP Notice:  Function _load_textdomain_just_in_time was called <strong>incorrectly</strong>. Translation loading for the <code>icwcsr</code> domain was triggered too early. This is usually an indicator for some code in the plugin or theme running too early. Translations should be loaded at the <code>init</code> action or later. Please see <a href=\"https://developer.wordpress.org/advanced-administration/debug/debug-wordpress/\">Debugging in WordPress</a> for more information. (This message was added in version 6.7.0.) in /wordpress/wp-includes/functions.php on line 6121",
    "log": "/logs/plugins/r/random-online-twitch-stream-from-selection/error.json"
  },
  {
    "message": "Function _load_textdomain_just_in_time was called <strong>incorrectly</strong>. Translation loading for the <code>icwcsr</code> domain was triggered too early. This is usually an indicator for some code in the plugin or theme running too early. Translations should be loaded at the <code>init</code> action or later. Please see <a href=\"https://developer.wordpress.org/advanced-administration/debug/debug-wordpress/\">Debugging in WordPress</a> for more information. (This message was added in version 6.7.0.) in /wordpress/wp-includes/functions.php on line 6121",
    "level": "NOTICE",
    "type": "PHP",
    "test": "ast-sqlite-boot",
    "plugin": "random-online-twitch-stream-from-selection",
    "details": "[26-Apr-2025 14:56:20 UTC] PHP Notice:  Function _load_textdomain_just_in_time was called <strong>incorrectly</strong>. Translation loading for the <code>icwcsr</code> domain was triggered too early. This is usually an indicator for some code in the plugin or theme running too early. Translations should be loaded at the <code>init</code> action or later. Please see <a href=\"https://developer.wordpress.org/advanced-administration/debug/debug-wordpress/\">Debugging in WordPress</a> for more information. (This message was added in version 6.7.0.) in /wordpress/wp-includes/functions.php on line 6121",
    "log": "/logs/plugins/r/random-online-twitch-stream-from-selection/error.json"
  },
  {
    "message": "Function _load_textdomain_just_in_time was called <strong>incorrectly</strong>. Translation loading for the <code>icwcsr</code> domain was triggered too early. This is usually an indicator for some code in the plugin or theme running too early. Translations should be loaded at the <code>init</code> action or later. Please see <a href=\"https://developer.wordpress.org/advanced-administration/debug/debug-wordpress/\">Debugging in WordPress</a> for more information. (This message was added in version 6.7.0.) in /wordpress/wp-includes/functions.php on line 6121",
    "level": "NOTICE",
    "type": "PHP",
    "test": "ast-sqlite-boot",
    "plugin": "random-online-twitch-stream-from-selection",
    "details": "[26-Apr-2025 14:56:29 UTC] PHP Notice:  Function _load_textdomain_just_in_time was called <strong>incorrectly</strong>. Translation loading for the <code>icwcsr</code> domain was triggered too early. This is usually an indicator for some code in the plugin or theme running too early. Translations should be loaded at the <code>init</code> action or later. Please see <a href=\"https://developer.wordpress.org/advanced-administration/debug/debug-wordpress/\">Debugging in WordPress</a> for more information. (This message was added in version 6.7.0.) in /wordpress/wp-includes/functions.php on line 6121",
    "log": "/logs/plugins/r/random-online-twitch-stream-from-selection/error.json"
  },
  {
    "message": "Required parameter $params follows optional parameter $webhook_event_id in /wordpress/wp-content/plugins/swipe-for-givewp/libraries/swipego/includes/class-swipego-api.php on line 45",
    "level": "DEPRECATED",
    "type": "PHP",
    "test": "ast-sqlite-boot",
    "plugin": "random-online-twitch-stream-from-selection",
    "details": "[26-Apr-2025 14:57:00 UTC] PHP Deprecated:  Required parameter $params follows optional parameter $webhook_event_id in /wordpress/wp-content/plugins/swipe-for-givewp/libraries/swipego/includes/class-swipego-api.php on line 45",
    "log": "/logs/plugins/r/random-online-twitch-stream-from-selection/error.json"
  },
  {
    "message": "Function register_uninstall_hook was called <strong>incorrectly</strong>. Only a static class method or function can be used in an uninstall hook. Please see <a href=\"https://developer.wordpress.org/advanced-administration/debug/debug-wordpress/\">Debugging in WordPress</a> for more information. (This message was added in version 3.1.0.) in /wordpress/wp-includes/functions.php on line 6121",
    "level": "NOTICE",
    "type": "PHP",
    "test": "ast-sqlite-boot",
    "plugin": "random-online-twitch-stream-from-selection",
    "details": "[26-Apr-2025 14:57:00 UTC] PHP Notice:  Function register_uninstall_hook was called <strong>incorrectly</strong>. Only a static class method or function can be used in an uninstall hook. Please see <a href=\"https://developer.wordpress.org/advanced-administration/debug/debug-wordpress/\">Debugging in WordPress</a> for more information. (This message was added in version 3.1.0.) in /wordpress/wp-includes/functions.php on line 6121",
    "log": "/logs/plugins/r/random-online-twitch-stream-from-selection/error.json"
  },
  {
    "message": "Required parameter $params follows optional parameter $webhook_event_id in /wordpress/wp-content/plugins/swipe-for-givewp/libraries/swipego/includes/class-swipego-api.php on line 45",
    "level": "DEPRECATED",
    "type": "PHP",
    "test": "ast-sqlite-boot",
    "plugin": "random-online-twitch-stream-from-selection",
    "details": "[26-Apr-2025 14:57:01 UTC] PHP Deprecated:  Required parameter $params follows optional parameter $webhook_event_id in /wordpress/wp-content/plugins/swipe-for-givewp/libraries/swipego/includes/class-swipego-api.php on line 45",
    "log": "/logs/plugins/r/random-online-twitch-stream-from-selection/error.json"
  },
  {
    "message": "Function register_uninstall_hook was called <strong>incorrectly</strong>. Only a static class method or function can be used in an uninstall hook. Please see <a href=\"https://developer.wordpress.org/advanced-administration/debug/debug-wordpress/\">Debugging in WordPress</a> for more information. (This message was added in version 3.1.0.) in /wordpress/wp-includes/functions.php on line 6121",
    "level": "NOTICE",
    "type": "PHP",
    "test": "ast-sqlite-boot",
    "plugin": "random-online-twitch-stream-from-selection",
    "details": "[26-Apr-2025 14:57:01 UTC] PHP Notice:  Function register_uninstall_hook was called <strong>incorrectly</strong>. Only a static class method or function can be used in an uninstall hook. Please see <a href=\"https://developer.wordpress.org/advanced-administration/debug/debug-wordpress/\">Debugging in WordPress</a> for more information. (This message was added in version 3.1.0.) in /wordpress/wp-includes/functions.php on line 6121",
    "log": "/logs/plugins/r/random-online-twitch-stream-from-selection/error.json"
  },
  {
    "message": "Required parameter $params follows optional parameter $webhook_event_id in /wordpress/wp-content/plugins/swipe-for-givewp/libraries/swipego/includes/class-swipego-api.php on line 45",
    "level": "DEPRECATED",
    "type": "PHP",
    "test": "ast-sqlite-boot",
    "plugin": "random-online-twitch-stream-from-selection",
    "details": "[26-Apr-2025 14:57:09 UTC] PHP Deprecated:  Required parameter $params follows optional parameter $webhook_event_id in /wordpress/wp-content/plugins/swipe-for-givewp/libraries/swipego/includes/class-swipego-api.php on line 45",
    "log": "/logs/plugins/r/random-online-twitch-stream-from-selection/error.json"
  },
  {
    "message": "Function register_uninstall_hook was called <strong>incorrectly</strong>. Only a static class method or function can be used in an uninstall hook. Please see <a href=\"https://developer.wordpress.org/advanced-administration/debug/debug-wordpress/\">Debugging in WordPress</a> for more information. (This message was added in version 3.1.0.) in /wordpress/wp-includes/functions.php on line 6121",
    "level": "NOTICE",
    "type": "PHP",
    "test": "ast-sqlite-boot",
    "plugin": "random-online-twitch-stream-from-selection",
    "details": "[26-Apr-2025 14:57:10 UTC] PHP Notice:  Function register_uninstall_hook was called <strong>incorrectly</strong>. Only a static class method or function can be used in an uninstall hook. Please see <a href=\"https://developer.wordpress.org/advanced-administration/debug/debug-wordpress/\">Debugging in WordPress</a> for more information. (This message was added in version 3.1.0.) in /wordpress/wp-includes/functions.php on line 6121",
    "log": "/logs/plugins/r/random-online-twitch-stream-from-selection/error.json"
  },
  {
    "message": "Required parameter $params follows optional parameter $webhook_event_id in /wordpress/wp-content/plugins/swipe-for-givewp/libraries/swipego/includes/class-swipego-api.php on line 45",
    "level": "DEPRECATED",
    "type": "PHP",
    "test": "ast-sqlite-boot",
    "plugin": "random-online-twitch-stream-from-selection",
    "details": "[26-Apr-2025 14:57:11 UTC] PHP Deprecated:  Required parameter $params follows optional parameter $webhook_event_id in /wordpress/wp-content/plugins/swipe-for-givewp/libraries/swipego/includes/class-swipego-api.php on line 45",
    "log": "/logs/plugins/r/random-online-twitch-stream-from-selection/error.json"
  },
  {
    "message": "Function register_uninstall_hook was called <strong>incorrectly</strong>. Only a static class method or function can be used in an uninstall hook. Please see <a href=\"https://developer.wordpress.org/advanced-administration/debug/debug-wordpress/\">Debugging in WordPress</a> for more information. (This message was added in version 3.1.0.) in /wordpress/wp-includes/functions.php on line 6121",
    "level": "NOTICE",
    "type": "PHP",
    "test": "ast-sqlite-boot",
    "plugin": "random-online-twitch-stream-from-selection",
    "details": "[26-Apr-2025 14:57:11 UTC] PHP Notice:  Function register_uninstall_hook was called <strong>incorrectly</strong>. Only a static class method or function can be used in an uninstall hook. Please see <a href=\"https://developer.wordpress.org/advanced-administration/debug/debug-wordpress/\">Debugging in WordPress</a> for more information. (This message was added in version 3.1.0.) in /wordpress/wp-includes/functions.php on line 6121",
    "log": "/logs/plugins/r/random-online-twitch-stream-from-selection/error.json"
  },
  {
    "message": "Required parameter $params follows optional parameter $webhook_event_id in /wordpress/wp-content/plugins/swipe-for-givewp/libraries/swipego/includes/class-swipego-api.php on line 45",
    "level": "DEPRECATED",
    "type": "PHP",
    "test": "ast-sqlite-boot",
    "plugin": "random-online-twitch-stream-from-selection",
    "details": "[26-Apr-2025 14:57:20 UTC] PHP Deprecated:  Required parameter $params follows optional parameter $webhook_event_id in /wordpress/wp-content/plugins/swipe-for-givewp/libraries/swipego/includes/class-swipego-api.php on line 45",
    "log": "/logs/plugins/r/random-online-twitch-stream-from-selection/error.json"
  },
  {
    "message": "Function register_uninstall_hook was called <strong>incorrectly</strong>. Only a static class method or function can be used in an uninstall hook. Please see <a href=\"https://developer.wordpress.org/advanced-administration/debug/debug-wordpress/\">Debugging in WordPress</a> for more information. (This message was added in version 3.1.0.) in /wordpress/wp-includes/functions.php on line 6121",
    "level": "NOTICE",
    "type": "PHP",
    "test": "ast-sqlite-boot",
    "plugin": "random-online-twitch-stream-from-selection",
    "details": "[26-Apr-2025 14:57:20 UTC] PHP Notice:  Function register_uninstall_hook was called <strong>incorrectly</strong>. Only a static class method or function can be used in an uninstall hook. Please see <a href=\"https://developer.wordpress.org/advanced-administration/debug/debug-wordpress/\">Debugging in WordPress</a> for more information. (This message was added in version 3.1.0.) in /wordpress/wp-includes/functions.php on line 6121",
    "log": "/logs/plugins/r/random-online-twitch-stream-from-selection/error.json"
  },
  {
    "message": "Required parameter $params follows optional parameter $webhook_event_id in /wordpress/wp-content/plugins/swipe-for-givewp/libraries/swipego/includes/class-swipego-api.php on line 45",
    "level": "DEPRECATED",
    "type": "PHP",
    "test": "ast-sqlite-boot",
    "plugin": "random-online-twitch-stream-from-selection",
    "details": "[26-Apr-2025 14:57:21 UTC] PHP Deprecated:  Required parameter $params follows optional parameter $webhook_event_id in /wordpress/wp-content/plugins/swipe-for-givewp/libraries/swipego/includes/class-swipego-api.php on line 45",
    "log": "/logs/plugins/r/random-online-twitch-stream-from-selection/error.json"
  },
  {
    "message": "Function register_uninstall_hook was called <strong>incorrectly</strong>. Only a static class method or function can be used in an uninstall hook. Please see <a href=\"https://developer.wordpress.org/advanced-administration/debug/debug-wordpress/\">Debugging in WordPress</a> for more information. (This message was added in version 3.1.0.) in /wordpress/wp-includes/functions.php on line 6121",
    "level": "NOTICE",
    "type": "PHP",
    "test": "ast-sqlite-boot",
    "plugin": "random-online-twitch-stream-from-selection",
    "details": "[26-Apr-2025 14:57:21 UTC] PHP Notice:  Function register_uninstall_hook was called <strong>incorrectly</strong>. Only a static class method or function can be used in an uninstall hook. Please see <a href=\"https://developer.wordpress.org/advanced-administration/debug/debug-wordpress/\">Debugging in WordPress</a> for more information. (This message was added in version 3.1.0.) in /wordpress/wp-includes/functions.php on line 6121",
    "log": "/logs/plugins/r/random-online-twitch-stream-from-selection/error.json"
  },
  {
    "message": "Uncaught TypeError: Argument 1 passed to TwitchStreamFormDataNormalizer::__construct() must be of the type array, bool given, called in /wordpress/wp-content/plugins/random-online-twitch-stream-from-selection/admin/TwitchStreamAdministrationPage.php on line 23 and defined in /wordpress/wp-content/plugins/random-online-twitch-stream-from-selection/services/TwitchStreamFormDataNormalizer.php:14",
    "level": "FATAL",
    "type": "PHP",
    "test": "ast-sqlite-boot",
    "plugin": "random-online-twitch-stream-from-selection",
    "details": "[26-Apr-2025 14:58:19 UTC] PHP Fatal error:  Uncaught TypeError: Argument 1 passed to TwitchStreamFormDataNormalizer::__construct() must be of the type array, bool given, called in /wordpress/wp-content/plugins/random-online-twitch-stream-from-selection/admin/TwitchStreamAdministrationPage.php on line 23 and defined in /wordpress/wp-content/plugins/random-online-twitch-stream-from-selection/services/TwitchStreamFormDataNormalizer.php:14\nStack trace:\n#0 /wordpress/wp-content/plugins/random-online-twitch-stream-from-selection/admin/TwitchStreamAdministrationPage.php(23): TwitchStreamFormDataNormalizer->__construct(false)\n#1 /wordpress/wp-content/plugins/random-online-twitch-stream-from-selection/services/TwitchStreamKernel.php(22): TwitchStreamAdministrationPage->__construct('twitchStream', '1.1.0')\n#2 /wordpress/wp-content/plugins/random-online-twitch-stream-from-selection/twitch-stream.php(37): TwitchStreamKernel::run()\n#3 /wordpress/wp-content/plugins/random-online-twitch-stream-from-selection/twitch-stream.php(40): runTwitchSteam()\n#4 /wordpress/wp-ad in /wordpress/wp-content/plugins/random-online-twitch-stream-from-selection/services/TwitchStreamFormDataNormalizer.php on line 14\n\n    at Object.onBind (file:///home/runner/work/playground-tester/playground-tester/node_modules/@wp-playground/cli/index.js:237:15)\n    at process.processTicksAndRejections (node:internal/process/task_queues:105:5)\n    at async V (file:///home/runner/work/playground-tester/playground-tester/node_modules/@wp-playground/cli/index.js:64:10)\n    at async ja (file:///home/runner/work/playground-tester/playground-tester/node_modules/@wp-playground/cli/cli.js:8161:12) {\n  [cause]: Error: Error when executing the blueprint step #5 ({\"step\":\"installPlugin\",\"pluginData\":{\"resource\":\"wordpress.org/plugins\",\"slug\":\"random-online-twitch-stream-from-selection\"},\"options\":{\"activate\":true}}) : PHP.run() failed with exit code 255 and the following output: \n      at Object.run (file:///home/runner/work/playground-tester/playground-tester/node_modules/@wp-playground/blueprints/index.js:12449:19)\n      at process.processTicksAndRejections (node:internal/process/task_queues:105:5)\n      at async ms (file:///home/runner/work/playground-tester/playground-tester/node_modules/@wp-playground/blueprints/index.js:12552:3)\n      ... 2 lines matching cause stack trace ...\n      at async ja (file:///home/runner/work/playground-tester/playground-tester/node_modules/@wp-playground/cli/cli.js:8161:12) {\n    [cause]: PHPExecutionFailureError: PHP.run() failed with exit code 255 and the following output: \n        at PHP.run (file:///home/runner/work/playground-tester/playground-tester/node_modules/@php-wasm/universal/index.js:987:19)\n        at process.processTicksAndRejections (node:internal/process/task_queues:105:5)\n        at async wr (file:///home/runner/work/playground-tester/playground-tester/node_modules/@wp-playground/blueprints/index.js:33:39)\n        at async Object.gt [as installPlugin] (file:///home/runner/work/playground-tester/playground-tester/node_modules/@wp-playground/blueprints/index.js:974:42)\n        at async g (file:///home/runner/work/playground-tester/playground-tester/node_modules/@wp-playground/blueprints/index.js:12517:30)\n        at async Object.run (file:///home/runner/work/playground-tester/playground-tester/node_modules/@wp-playground/blueprints/index.js:12446:23)\n        at async ms (file:///home/runner/work/playground-tester/playground-tester/node_modules/@wp-playground/blueprints/index.js:12552:3)\n        at async Object.onBind (file:///home/runner/work/playground-tester/playground-tester/node_modules/@wp-playground/cli/index.js:227:48)\n        at async V (file:///home/runner/work/playground-tester/playground-tester/node_modules/@wp-playground/cli/index.js:64:10)\n        at async ja (file:///home/runner/work/playground-tester/playground-tester/node_modules/@wp-playground/cli/cli.js:8161:12) {\n      response: PHPResponse {\n        httpStatusCode: 500,\n        headers: {\n          'x-powered-by': [ 'PHP/7.4.31-dev' ],\n          'content-type': [ 'text/html; charset=UTF-8' ]\n        },\n        bytes: Uint8Array(0) [],\n        exitCode: 255,\n        errors: ''\n      },\n      source: 'request'\n    }\n  }\n}\n\n",
    "log": "/logs/plugins/r/random-online-twitch-stream-from-selection/error.json"
  },
  {
    "message": "file:///home/runner/work/playground-tester/playground-tester/node_modules/@wp-playground/cli/index.js:237\n        throw new Error(y, { cause: u });\n              ^\n",
    "level": "FATAL",
    "type": "PLAYGROUND",
    "test": "asyncify-boot",
    "plugin": "random-online-twitch-stream-from-selection",
    "details": "file:///home/runner/work/playground-tester/playground-tester/node_modules/@wp-playground/cli/index.js:237\n        throw new Error(y, { cause: u });\n              ^\n",
    "log": "/tmp/tmp.j14UijFAJW"
  },
  {
    "message": "Trying to access array offset on value of type bool in /wordpress/wp-content/plugins/rich-meta-in-rdfa/rich-meta-in-rdfa.php on line 75",
    "level": "WARNING",
    "type": "PHP",
    "test": "asyncify-boot",
    "plugin": "random-online-twitch-stream-from-selection",
    "details": "[26-Apr-2025 14:47:48 UTC] PHP Warning:  Trying to access array offset on value of type bool in /wordpress/wp-content/plugins/rich-meta-in-rdfa/rich-meta-in-rdfa.php on line 75",
    "log": "/logs/plugins/r/random-online-twitch-stream-from-selection/error.json"
  },
  {
    "message": "Trying to access array offset on value of type bool in /wordpress/wp-content/plugins/rich-meta-in-rdfa/rich-meta-in-rdfa.php on line 75",
    "level": "WARNING",
    "type": "PHP",
    "test": "asyncify-boot",
    "plugin": "random-online-twitch-stream-from-selection",
    "details": "[26-Apr-2025 14:47:49 UTC] PHP Warning:  Trying to access array offset on value of type bool in /wordpress/wp-content/plugins/rich-meta-in-rdfa/rich-meta-in-rdfa.php on line 75",
    "log": "/logs/plugins/r/random-online-twitch-stream-from-selection/error.json"
  },
  {
    "message": "Trying to access array offset on value of type bool in /wordpress/wp-content/plugins/rich-meta-in-rdfa/rich-meta-in-rdfa.php on line 75",
    "level": "WARNING",
    "type": "PHP",
    "test": "asyncify-boot",
    "plugin": "random-online-twitch-stream-from-selection",
    "details": "[26-Apr-2025 14:47:57 UTC] PHP Warning:  Trying to access array offset on value of type bool in /wordpress/wp-content/plugins/rich-meta-in-rdfa/rich-meta-in-rdfa.php on line 75",
    "log": "/logs/plugins/r/random-online-twitch-stream-from-selection/error.json"
  },
  {
    "message": "Trying to access array offset on value of type bool in /wordpress/wp-content/plugins/rich-meta-in-rdfa/rich-meta-in-rdfa.php on line 75",
    "level": "WARNING",
    "type": "PHP",
    "test": "asyncify-boot",
    "plugin": "random-online-twitch-stream-from-selection",
    "details": "[26-Apr-2025 14:47:58 UTC] PHP Warning:  Trying to access array offset on value of type bool in /wordpress/wp-content/plugins/rich-meta-in-rdfa/rich-meta-in-rdfa.php on line 75",
    "log": "/logs/plugins/r/random-online-twitch-stream-from-selection/error.json"
  },
  {
    "message": "Trying to access array offset on value of type bool in /wordpress/wp-content/plugins/rich-meta-in-rdfa/rich-meta-in-rdfa.php on line 75",
    "level": "WARNING",
    "type": "PHP",
    "test": "asyncify-boot",
    "plugin": "random-online-twitch-stream-from-selection",
    "details": "[26-Apr-2025 14:48:06 UTC] PHP Warning:  Trying to access array offset on value of type bool in /wordpress/wp-content/plugins/rich-meta-in-rdfa/rich-meta-in-rdfa.php on line 75",
    "log": "/logs/plugins/r/random-online-twitch-stream-from-selection/error.json"
  },
  {
    "message": "Trying to access array offset on value of type bool in /wordpress/wp-content/plugins/rich-meta-in-rdfa/rich-meta-in-rdfa.php on line 75",
    "level": "WARNING",
    "type": "PHP",
    "test": "asyncify-boot",
    "plugin": "random-online-twitch-stream-from-selection",
    "details": "[26-Apr-2025 14:48:07 UTC] PHP Warning:  Trying to access array offset on value of type bool in /wordpress/wp-content/plugins/rich-meta-in-rdfa/rich-meta-in-rdfa.php on line 75",
    "log": "/logs/plugins/r/random-online-twitch-stream-from-selection/error.json"
  },
  {
    "message": "Uncaught PDOException: SQLSTATE[HY000] [2002] Address family not supported by protocol in /wordpress/wp-content/plugins/rise-hotel-booking/rise-hotel-booking.php:167",
    "level": "FATAL",
    "type": "PHP",
    "test": "asyncify-boot",
    "plugin": "random-online-twitch-stream-from-selection",
    "details": "[26-Apr-2025 14:48:17 UTC] PHP Fatal error:  Uncaught PDOException: SQLSTATE[HY000] [2002] Address family not supported by protocol in /wordpress/wp-content/plugins/rise-hotel-booking/rise-hotel-booking.php:167\nStack trace:\n#0 /wordpress/wp-content/plugins/rise-hotel-booking/rise-hotel-booking.php(167): PDO->__construct('mysql:host=loca...', 'username_here', 'password_here')\n#1 /wordpress/wp-includes/class-wp-hook.php(324): RISE->createTables(false)\n#2 /wordpress/wp-includes/class-wp-hook.php(348): WP_Hook->apply_filters('', Array)\n#3 /wordpress/wp-includes/plugin.php(517): WP_Hook->do_action(Array)\n#4 /wordpress/wp-admin/includes/plugin.php(703): do_action('activate_rise-h...', false)\n#5 /internal/eval.php(20): activate_plugin('rise-hotel-book...')\n#6 {main}\n  thrown in /wordpress/wp-content/plugins/rise-hotel-booking/rise-hotel-booking.php on line 167",
    "log": "/logs/plugins/r/random-online-twitch-stream-from-selection/error.json"
  },
  {
    "message": "Uncaught PDOException: SQLSTATE[HY000] [2002] Address family not supported by protocol in /wordpress/wp-content/plugins/rise-hotel-booking/rise-hotel-booking.php:167",
    "level": "FATAL",
    "type": "PHP",
    "test": "asyncify-boot",
    "plugin": "random-online-twitch-stream-from-selection",
    "details": "[26-Apr-2025 14:48:27 UTC] PHP Fatal error:  Uncaught PDOException: SQLSTATE[HY000] [2002] Address family not supported by protocol in /wordpress/wp-content/plugins/rise-hotel-booking/rise-hotel-booking.php:167\nStack trace:\n#0 /wordpress/wp-content/plugins/rise-hotel-booking/rise-hotel-booking.php(167): PDO->__construct('mysql:host=loca...', 'username_here', 'password_here')\n#1 /wordpress/wp-includes/class-wp-hook.php(324): RISE->createTables(false)\n#2 /wordpress/wp-includes/class-wp-hook.php(348): WP_Hook->apply_filters('', Array)\n#3 /wordpress/wp-includes/plugin.php(517): WP_Hook->do_action(Array)\n#4 /wordpress/wp-admin/includes/plugin.php(703): do_action('activate_rise-h...', false)\n#5 /internal/eval.php(20): activate_plugin('rise-hotel-book...')\n#6 {main}\n  thrown in /wordpress/wp-content/plugins/rise-hotel-booking/rise-hotel-booking.php on line 167",
    "log": "/logs/plugins/r/random-online-twitch-stream-from-selection/error.json"
  },
  {
    "message": "Uncaught PDOException: SQLSTATE[HY000] [2002] Address family not supported by protocol in /wordpress/wp-content/plugins/rise-hotel-booking/rise-hotel-booking.php:167",
    "level": "FATAL",
    "type": "PHP",
    "test": "asyncify-boot",
    "plugin": "random-online-twitch-stream-from-selection",
    "details": "[26-Apr-2025 14:48:37 UTC] PHP Fatal error:  Uncaught PDOException: SQLSTATE[HY000] [2002] Address family not supported by protocol in /wordpress/wp-content/plugins/rise-hotel-booking/rise-hotel-booking.php:167\nStack trace:\n#0 /wordpress/wp-content/plugins/rise-hotel-booking/rise-hotel-booking.php(167): PDO->__construct('mysql:host=loca...', 'username_here', 'password_here')\n#1 /wordpress/wp-includes/class-wp-hook.php(324): RISE->createTables(false)\n#2 /wordpress/wp-includes/class-wp-hook.php(348): WP_Hook->apply_filters('', Array)\n#3 /wordpress/wp-includes/plugin.php(517): WP_Hook->do_action(Array)\n#4 /wordpress/wp-admin/includes/plugin.php(703): do_action('activate_rise-h...', false)\n#5 /internal/eval.php(20): activate_plugin('rise-hotel-book...')\n#6 {main}\n  thrown in /wordpress/wp-content/plugins/rise-hotel-booking/rise-hotel-booking.php on line 167",
    "log": "/logs/plugins/r/random-online-twitch-stream-from-selection/error.json"
  },
  {
    "message": "Cannot combine AUTOINCREMENT and multiple primary keys in SQLite.",
    "level": "FATAL",
    "type": "SQL",
    "test": "asyncify-boot",
    "plugin": "random-online-twitch-stream-from-selection",
    "details": "[26-Apr-2025 14:49:23 UTC] WordPress database error <div style=\"clear:both\">&nbsp;</div>\n<div class=\"queries\" style=\"clear:both;margin-bottom:2px;border:red dotted thin;\">\n<p>MySQL query:</p>\n<p>CREATE TABLE wp_st_referrals (\r\n\t                    id mediumint(7) NOT NULL AUTO_INCREMENT,\r\n\t                    user_id mediumint(7) NOT NULL,\r\n\t                    ref_user_id mediumint(7) NOT NULL,\r\n\t                    lvl tinyint(1) DEFAULT 1 NOT NULL,\r\n\t                    date datetime default NOW() null,\r\n\t                    PRIMARY KEY  id (id),\r\n\t                    UNIQUE KEY id (id)\r\n\t                    )</p>\n<p>Queries made or created this session were:</p>\n<ol>\n<li>Executing: BEGIN | (no parameters)</li>\n<li>Executing: ROLLBACK | (no parameters)</li>\n</ol>\n</div>\n<div style=\"clear:both;margin-bottom:2px;border:red dotted thin;\" class=\"error_message\" style=\"border-bottom:dotted blue thin;\">\nError occurred at line 4117 in Function <code>handle_error</code>. Error message was: Cannot combine AUTOINCREMENT and multiple primary keys in SQLite.\n</div>\n<p>Backtrace:</p>\n<pre>#0 /internal/shared/sqlite-database-integration/wp-includes/sqlite/class-wp-sqlite-db.php(287): WP_SQLite_Translator->get_error_message()\n#1 /wordpress/wp-admin/includes/upgrade.php(3280): WP_SQLite_DB->query('CREATE TABLE wp...')\n#2 /wordpress/wp-content/plugins/steeplyref-affiliate-referral/includes/class-steeply-ref-activator.php(51): dbDelta(Array)\n#3 /wordpress/wp-content/plugins/steeplyref-affiliate-referral/steeply-ref.php(38): Steeply_Ref_Activator::activate()\n#4 /wordpress/wp-includes/class-wp-hook.php(324): activate_steeply_ref(false)\n#5 /wordpress/wp-includes/class-wp-hook.php(348): WP_Hook->apply_filters('', Array)\n#6 /wordpress/wp-includes/plugin.php(517): WP_Hook->do_action(Array)\n#7 /wordpress/wp-admin/includes/plugin.php(703): do_action('activate_steepl...', false)\n#8 /internal/eval.php(20): activate_plugin('steeplyref-affi...')\n#9 {main}</pre>\n for query CREATE TABLE wp_st_referrals (\r\n\t                    id mediumint(7) NOT NULL AUTO_INCREMENT,\r\n\t                    user_id mediumint(7) NOT NULL,\r\n\t                    ref_user_id mediumint(7) NOT NULL,\r\n\t                    lvl tinyint(1) DEFAULT 1 NOT NULL,\r\n\t                    date datetime default NOW() null,\r\n\t                    PRIMARY KEY  id (id),\r\n\t                    UNIQUE KEY id (id)\r\n\t                    ) made by activate_plugin, do_action('activate_steeplyref-affiliate-referral/steeply-ref.php'), WP_Hook->do_action, WP_Hook->apply_filters, activate_steeply_ref, Steeply_Ref_Activator::activate, dbDelta, WP_SQLite_DB->query, WP_SQLite_DB->print_error",
    "log": "/logs/plugins/r/random-online-twitch-stream-from-selection/error.json"
  },
  {
    "message": "Cannot combine AUTOINCREMENT and multiple primary keys in SQLite.",
    "level": "FATAL",
    "type": "SQL",
    "test": "asyncify-boot",
    "plugin": "random-online-twitch-stream-from-selection",
    "details": "[26-Apr-2025 14:49:32 UTC] WordPress database error <div style=\"clear:both\">&nbsp;</div>\n<div class=\"queries\" style=\"clear:both;margin-bottom:2px;border:red dotted thin;\">\n<p>MySQL query:</p>\n<p>CREATE TABLE wp_st_referrals (\r\n\t                    id mediumint(7) NOT NULL AUTO_INCREMENT,\r\n\t                    user_id mediumint(7) NOT NULL,\r\n\t                    ref_user_id mediumint(7) NOT NULL,\r\n\t                    lvl tinyint(1) DEFAULT 1 NOT NULL,\r\n\t                    date datetime default NOW() null,\r\n\t                    PRIMARY KEY  id (id),\r\n\t                    UNIQUE KEY id (id)\r\n\t                    )</p>\n<p>Queries made or created this session were:</p>\n<ol>\n<li>Executing: BEGIN | (no parameters)</li>\n<li>Executing: ROLLBACK | (no parameters)</li>\n</ol>\n</div>\n<div style=\"clear:both;margin-bottom:2px;border:red dotted thin;\" class=\"error_message\" style=\"border-bottom:dotted blue thin;\">\nError occurred at line 4117 in Function <code>handle_error</code>. Error message was: Cannot combine AUTOINCREMENT and multiple primary keys in SQLite.\n</div>\n<p>Backtrace:</p>\n<pre>#0 /internal/shared/sqlite-database-integration/wp-includes/sqlite/class-wp-sqlite-db.php(287): WP_SQLite_Translator->get_error_message()\n#1 /wordpress/wp-admin/includes/upgrade.php(3280): WP_SQLite_DB->query('CREATE TABLE wp...')\n#2 /wordpress/wp-content/plugins/steeplyref-affiliate-referral/includes/class-steeply-ref-activator.php(51): dbDelta(Array)\n#3 /wordpress/wp-content/plugins/steeplyref-affiliate-referral/steeply-ref.php(38): Steeply_Ref_Activator::activate()\n#4 /wordpress/wp-includes/class-wp-hook.php(324): activate_steeply_ref(false)\n#5 /wordpress/wp-includes/class-wp-hook.php(348): WP_Hook->apply_filters('', Array)\n#6 /wordpress/wp-includes/plugin.php(517): WP_Hook->do_action(Array)\n#7 /wordpress/wp-admin/includes/plugin.php(703): do_action('activate_steepl...', false)\n#8 /internal/eval.php(20): activate_plugin('steeplyref-affi...')\n#9 {main}</pre>\n for query CREATE TABLE wp_st_referrals (\r\n\t                    id mediumint(7) NOT NULL AUTO_INCREMENT,\r\n\t                    user_id mediumint(7) NOT NULL,\r\n\t                    ref_user_id mediumint(7) NOT NULL,\r\n\t                    lvl tinyint(1) DEFAULT 1 NOT NULL,\r\n\t                    date datetime default NOW() null,\r\n\t                    PRIMARY KEY  id (id),\r\n\t                    UNIQUE KEY id (id)\r\n\t                    ) made by activate_plugin, do_action('activate_steeplyref-affiliate-referral/steeply-ref.php'), WP_Hook->do_action, WP_Hook->apply_filters, activate_steeply_ref, Steeply_Ref_Activator::activate, dbDelta, WP_SQLite_DB->query, WP_SQLite_DB->print_error",
    "log": "/logs/plugins/r/random-online-twitch-stream-from-selection/error.json"
  },
  {
    "message": "Required parameter $column_name follows optional parameter $empty in /wordpress/wp-content/plugins/simple-captcha/simple_captcha.php on line 404",
    "level": "DEPRECATED",
    "type": "PHP",
    "test": "asyncify-boot",
    "plugin": "random-online-twitch-stream-from-selection",
    "details": "[26-Apr-2025 14:50:01 UTC] PHP Deprecated:  Required parameter $column_name follows optional parameter $empty in /wordpress/wp-content/plugins/simple-captcha/simple_captcha.php on line 404",
    "log": "/logs/plugins/r/random-online-twitch-stream-from-selection/error.json"
  },
  {
    "message": "Required parameter $id follows optional parameter $empty in /wordpress/wp-content/plugins/simple-captcha/simple_captcha.php on line 404",
    "level": "DEPRECATED",
    "type": "PHP",
    "test": "asyncify-boot",
    "plugin": "random-online-twitch-stream-from-selection",
    "details": "[26-Apr-2025 14:50:01 UTC] PHP Deprecated:  Required parameter $id follows optional parameter $empty in /wordpress/wp-content/plugins/simple-captcha/simple_captcha.php on line 404",
    "log": "/logs/plugins/r/random-online-twitch-stream-from-selection/error.json"
  },
  {
    "message": "Required parameter $column_name follows optional parameter $empty in /wordpress/wp-content/plugins/simple-captcha/simple_captcha.php on line 404",
    "level": "DEPRECATED",
    "type": "PHP",
    "test": "asyncify-boot",
    "plugin": "random-online-twitch-stream-from-selection",
    "details": "[26-Apr-2025 14:50:02 UTC] PHP Deprecated:  Required parameter $column_name follows optional parameter $empty in /wordpress/wp-content/plugins/simple-captcha/simple_captcha.php on line 404",
    "log": "/logs/plugins/r/random-online-twitch-stream-from-selection/error.json"
  },
  {
    "message": "Required parameter $id follows optional parameter $empty in /wordpress/wp-content/plugins/simple-captcha/simple_captcha.php on line 404",
    "level": "DEPRECATED",
    "type": "PHP",
    "test": "asyncify-boot",
    "plugin": "random-online-twitch-stream-from-selection",
    "details": "[26-Apr-2025 14:50:02 UTC] PHP Deprecated:  Required parameter $id follows optional parameter $empty in /wordpress/wp-content/plugins/simple-captcha/simple_captcha.php on line 404",
    "log": "/logs/plugins/r/random-online-twitch-stream-from-selection/error.json"
  },
  {
    "message": "Undefined array key \"FormID\" in /wordpress/wp-content/plugins/simple-captcha/simple_captcha.php on line 92",
    "level": "WARNING",
    "type": "PHP",
    "test": "asyncify-boot",
    "plugin": "random-online-twitch-stream-from-selection",
    "details": "[26-Apr-2025 14:50:03 UTC] PHP Warning:  Undefined array key \"FormID\" in /wordpress/wp-content/plugins/simple-captcha/simple_captcha.php on line 92",
    "log": "/logs/plugins/r/random-online-twitch-stream-from-selection/error.json"
  },
  {
    "message": "Required parameter $column_name follows optional parameter $empty in /wordpress/wp-content/plugins/simple-captcha/simple_captcha.php on line 404",
    "level": "DEPRECATED",
    "type": "PHP",
    "test": "asyncify-boot",
    "plugin": "random-online-twitch-stream-from-selection",
    "details": "[26-Apr-2025 14:50:10 UTC] PHP Deprecated:  Required parameter $column_name follows optional parameter $empty in /wordpress/wp-content/plugins/simple-captcha/simple_captcha.php on line 404",
    "log": "/logs/plugins/r/random-online-twitch-stream-from-selection/error.json"
  },
  {
    "message": "Required parameter $id follows optional parameter $empty in /wordpress/wp-content/plugins/simple-captcha/simple_captcha.php on line 404",
    "level": "DEPRECATED",
    "type": "PHP",
    "test": "asyncify-boot",
    "plugin": "random-online-twitch-stream-from-selection",
    "details": "[26-Apr-2025 14:50:10 UTC] PHP Deprecated:  Required parameter $id follows optional parameter $empty in /wordpress/wp-content/plugins/simple-captcha/simple_captcha.php on line 404",
    "log": "/logs/plugins/r/random-online-twitch-stream-from-selection/error.json"
  },
  {
    "message": "Required parameter $column_name follows optional parameter $empty in /wordpress/wp-content/plugins/simple-captcha/simple_captcha.php on line 404",
    "level": "DEPRECATED",
    "type": "PHP",
    "test": "asyncify-boot",
    "plugin": "random-online-twitch-stream-from-selection",
    "details": "[26-Apr-2025 14:50:12 UTC] PHP Deprecated:  Required parameter $column_name follows optional parameter $empty in /wordpress/wp-content/plugins/simple-captcha/simple_captcha.php on line 404",
    "log": "/logs/plugins/r/random-online-twitch-stream-from-selection/error.json"
  },
  {
    "message": "Required parameter $id follows optional parameter $empty in /wordpress/wp-content/plugins/simple-captcha/simple_captcha.php on line 404",
    "level": "DEPRECATED",
    "type": "PHP",
    "test": "asyncify-boot",
    "plugin": "random-online-twitch-stream-from-selection",
    "details": "[26-Apr-2025 14:50:12 UTC] PHP Deprecated:  Required parameter $id follows optional parameter $empty in /wordpress/wp-content/plugins/simple-captcha/simple_captcha.php on line 404",
    "log": "/logs/plugins/r/random-online-twitch-stream-from-selection/error.json"
  },
  {
    "message": "Undefined array key \"FormID\" in /wordpress/wp-content/plugins/simple-captcha/simple_captcha.php on line 92",
    "level": "WARNING",
    "type": "PHP",
    "test": "asyncify-boot",
    "plugin": "random-online-twitch-stream-from-selection",
    "details": "[26-Apr-2025 14:50:12 UTC] PHP Warning:  Undefined array key \"FormID\" in /wordpress/wp-content/plugins/simple-captcha/simple_captcha.php on line 92",
    "log": "/logs/plugins/r/random-online-twitch-stream-from-selection/error.json"
  },
  {
    "message": "Required parameter $column_name follows optional parameter $empty in /wordpress/wp-content/plugins/simple-captcha/simple_captcha.php on line 404",
    "level": "DEPRECATED",
    "type": "PHP",
    "test": "asyncify-boot",
    "plugin": "random-online-twitch-stream-from-selection",
    "details": "[26-Apr-2025 14:50:20 UTC] PHP Deprecated:  Required parameter $column_name follows optional parameter $empty in /wordpress/wp-content/plugins/simple-captcha/simple_captcha.php on line 404",
    "log": "/logs/plugins/r/random-online-twitch-stream-from-selection/error.json"
  },
  {
    "message": "Required parameter $id follows optional parameter $empty in /wordpress/wp-content/plugins/simple-captcha/simple_captcha.php on line 404",
    "level": "DEPRECATED",
    "type": "PHP",
    "test": "asyncify-boot",
    "plugin": "random-online-twitch-stream-from-selection",
    "details": "[26-Apr-2025 14:50:20 UTC] PHP Deprecated:  Required parameter $id follows optional parameter $empty in /wordpress/wp-content/plugins/simple-captcha/simple_captcha.php on line 404",
    "log": "/logs/plugins/r/random-online-twitch-stream-from-selection/error.json"
  },
  {
    "message": "Required parameter $column_name follows optional parameter $empty in /wordpress/wp-content/plugins/simple-captcha/simple_captcha.php on line 404",
    "level": "DEPRECATED",
    "type": "PHP",
    "test": "asyncify-boot",
    "plugin": "random-online-twitch-stream-from-selection",
    "details": "[26-Apr-2025 14:50:21 UTC] PHP Deprecated:  Required parameter $column_name follows optional parameter $empty in /wordpress/wp-content/plugins/simple-captcha/simple_captcha.php on line 404",
    "log": "/logs/plugins/r/random-online-twitch-stream-from-selection/error.json"
  },
  {
    "message": "Required parameter $id follows optional parameter $empty in /wordpress/wp-content/plugins/simple-captcha/simple_captcha.php on line 404",
    "level": "DEPRECATED",
    "type": "PHP",
    "test": "asyncify-boot",
    "plugin": "random-online-twitch-stream-from-selection",
    "details": "[26-Apr-2025 14:50:21 UTC] PHP Deprecated:  Required parameter $id follows optional parameter $empty in /wordpress/wp-content/plugins/simple-captcha/simple_captcha.php on line 404",
    "log": "/logs/plugins/r/random-online-twitch-stream-from-selection/error.json"
  },
  {
    "message": "Undefined array key \"FormID\" in /wordpress/wp-content/plugins/simple-captcha/simple_captcha.php on line 92",
    "level": "WARNING",
    "type": "PHP",
    "test": "asyncify-boot",
    "plugin": "random-online-twitch-stream-from-selection",
    "details": "[26-Apr-2025 14:50:21 UTC] PHP Warning:  Undefined array key \"FormID\" in /wordpress/wp-content/plugins/simple-captcha/simple_captcha.php on line 92",
    "log": "/logs/plugins/r/random-online-twitch-stream-from-selection/error.json"
  },
  {
    "message": "Only variables should be passed by reference in /wordpress/wp-content/plugins/simple-slides/simple_slides.php on line 30",
    "level": "NOTICE",
    "type": "PHP",
    "test": "asyncify-boot",
    "plugin": "random-online-twitch-stream-from-selection",
    "details": "[26-Apr-2025 14:50:57 UTC] PHP Notice:  Only variables should be passed by reference in /wordpress/wp-content/plugins/simple-slides/simple_slides.php on line 30",
    "log": "/logs/plugins/r/random-online-twitch-stream-from-selection/error.json"
  },
  {
    "message": "Only variables should be passed by reference in /wordpress/wp-content/plugins/simple-slides/simple_slides.php on line 30",
    "level": "NOTICE",
    "type": "PHP",
    "test": "asyncify-boot",
    "plugin": "random-online-twitch-stream-from-selection",
    "details": "[26-Apr-2025 14:50:58 UTC] PHP Notice:  Only variables should be passed by reference in /wordpress/wp-content/plugins/simple-slides/simple_slides.php on line 30",
    "log": "/logs/plugins/r/random-online-twitch-stream-from-selection/error.json"
  },
  {
    "message": "Only variables should be passed by reference in /wordpress/wp-content/plugins/simple-slides/simple_slides.php on line 30",
    "level": "NOTICE",
    "type": "PHP",
    "test": "asyncify-boot",
    "plugin": "random-online-twitch-stream-from-selection",
    "details": "[26-Apr-2025 14:51:06 UTC] PHP Notice:  Only variables should be passed by reference in /wordpress/wp-content/plugins/simple-slides/simple_slides.php on line 30",
    "log": "/logs/plugins/r/random-online-twitch-stream-from-selection/error.json"
  },
  {
    "message": "Only variables should be passed by reference in /wordpress/wp-content/plugins/simple-slides/simple_slides.php on line 30",
    "level": "NOTICE",
    "type": "PHP",
    "test": "asyncify-boot",
    "plugin": "random-online-twitch-stream-from-selection",
    "details": "[26-Apr-2025 14:51:06 UTC] PHP Notice:  Only variables should be passed by reference in /wordpress/wp-content/plugins/simple-slides/simple_slides.php on line 30",
    "log": "/logs/plugins/r/random-online-twitch-stream-from-selection/error.json"
  },
  {
    "message": "Only variables should be passed by reference in /wordpress/wp-content/plugins/simple-slides/simple_slides.php on line 30",
    "level": "NOTICE",
    "type": "PHP",
    "test": "asyncify-boot",
    "plugin": "random-online-twitch-stream-from-selection",
    "details": "[26-Apr-2025 14:51:14 UTC] PHP Notice:  Only variables should be passed by reference in /wordpress/wp-content/plugins/simple-slides/simple_slides.php on line 30",
    "log": "/logs/plugins/r/random-online-twitch-stream-from-selection/error.json"
  },
  {
    "message": "Only variables should be passed by reference in /wordpress/wp-content/plugins/simple-slides/simple_slides.php on line 30",
    "level": "NOTICE",
    "type": "PHP",
    "test": "asyncify-boot",
    "plugin": "random-online-twitch-stream-from-selection",
    "details": "[26-Apr-2025 14:51:15 UTC] PHP Notice:  Only variables should be passed by reference in /wordpress/wp-content/plugins/simple-slides/simple_slides.php on line 30",
    "log": "/logs/plugins/r/random-online-twitch-stream-from-selection/error.json"
  },
  {
    "message": "Function wp_enqueue_style was called <strong>incorrectly</strong>. Scripts and styles should not be registered or enqueued until the <code>wp_enqueue_scripts</code>, <code>admin_enqueue_scripts</code>, or <code>login_enqueue_scripts</code> hooks. This notice was triggered by the <code>social_media</code> handle. Please see <a href=\"https://developer.wordpress.org/advanced-administration/debug/debug-wordpress/\">Debugging in WordPress</a> for more information. (This message was added in version 3.3.0.) in /wordpress/wp-includes/functions.php on line 6121",
    "level": "NOTICE",
    "type": "PHP",
    "test": "asyncify-boot",
    "plugin": "random-online-twitch-stream-from-selection",
    "details": "[26-Apr-2025 14:53:35 UTC] PHP Notice:  Function wp_enqueue_style was called <strong>incorrectly</strong>. Scripts and styles should not be registered or enqueued until the <code>wp_enqueue_scripts</code>, <code>admin_enqueue_scripts</code>, or <code>login_enqueue_scripts</code> hooks. This notice was triggered by the <code>social_media</code> handle. Please see <a href=\"https://developer.wordpress.org/advanced-administration/debug/debug-wordpress/\">Debugging in WordPress</a> for more information. (This message was added in version 3.3.0.) in /wordpress/wp-includes/functions.php on line 6121",
    "log": "/logs/plugins/r/random-online-twitch-stream-from-selection/error.json"
  },
  {
    "message": "Function is_feed was called <strong>incorrectly</strong>. Conditional query tags do not work before the query is run. Before then, they always return false. Please see <a href=\"https://developer.wordpress.org/advanced-administration/debug/debug-wordpress/\">Debugging in WordPress</a> for more information. (This message was added in version 3.1.0.) in /wordpress/wp-includes/functions.php on line 6121",
    "level": "NOTICE",
    "type": "PHP",
    "test": "asyncify-boot",
    "plugin": "random-online-twitch-stream-from-selection",
    "details": "[26-Apr-2025 14:53:35 UTC] PHP Notice:  Function is_feed was called <strong>incorrectly</strong>. Conditional query tags do not work before the query is run. Before then, they always return false. Please see <a href=\"https://developer.wordpress.org/advanced-administration/debug/debug-wordpress/\">Debugging in WordPress</a> for more information. (This message was added in version 3.1.0.) in /wordpress/wp-includes/functions.php on line 6121",
    "log": "/logs/plugins/r/random-online-twitch-stream-from-selection/error.json"
  },
  {
    "message": "Function wp_enqueue_style was called <strong>incorrectly</strong>. Scripts and styles should not be registered or enqueued until the <code>wp_enqueue_scripts</code>, <code>admin_enqueue_scripts</code>, or <code>login_enqueue_scripts</code> hooks. This notice was triggered by the <code>social_media</code> handle. Please see <a href=\"https://developer.wordpress.org/advanced-administration/debug/debug-wordpress/\">Debugging in WordPress</a> for more information. (This message was added in version 3.3.0.) in /wordpress/wp-includes/functions.php on line 6121",
    "level": "NOTICE",
    "type": "PHP",
    "test": "asyncify-boot",
    "plugin": "random-online-twitch-stream-from-selection",
    "details": "[26-Apr-2025 14:53:44 UTC] PHP Notice:  Function wp_enqueue_style was called <strong>incorrectly</strong>. Scripts and styles should not be registered or enqueued until the <code>wp_enqueue_scripts</code>, <code>admin_enqueue_scripts</code>, or <code>login_enqueue_scripts</code> hooks. This notice was triggered by the <code>social_media</code> handle. Please see <a href=\"https://developer.wordpress.org/advanced-administration/debug/debug-wordpress/\">Debugging in WordPress</a> for more information. (This message was added in version 3.3.0.) in /wordpress/wp-includes/functions.php on line 6121",
    "log": "/logs/plugins/r/random-online-twitch-stream-from-selection/error.json"
  },
  {
    "message": "Function is_feed was called <strong>incorrectly</strong>. Conditional query tags do not work before the query is run. Before then, they always return false. Please see <a href=\"https://developer.wordpress.org/advanced-administration/debug/debug-wordpress/\">Debugging in WordPress</a> for more information. (This message was added in version 3.1.0.) in /wordpress/wp-includes/functions.php on line 6121",
    "level": "NOTICE",
    "type": "PHP",
    "test": "asyncify-boot",
    "plugin": "random-online-twitch-stream-from-selection",
    "details": "[26-Apr-2025 14:53:44 UTC] PHP Notice:  Function is_feed was called <strong>incorrectly</strong>. Conditional query tags do not work before the query is run. Before then, they always return false. Please see <a href=\"https://developer.wordpress.org/advanced-administration/debug/debug-wordpress/\">Debugging in WordPress</a> for more information. (This message was added in version 3.1.0.) in /wordpress/wp-includes/functions.php on line 6121",
    "log": "/logs/plugins/r/random-online-twitch-stream-from-selection/error.json"
  },
  {
    "message": "Function wp_enqueue_style was called <strong>incorrectly</strong>. Scripts and styles should not be registered or enqueued until the <code>wp_enqueue_scripts</code>, <code>admin_enqueue_scripts</code>, or <code>login_enqueue_scripts</code> hooks. This notice was triggered by the <code>social_media</code> handle. Please see <a href=\"https://developer.wordpress.org/advanced-administration/debug/debug-wordpress/\">Debugging in WordPress</a> for more information. (This message was added in version 3.3.0.) in /wordpress/wp-includes/functions.php on line 6121",
    "level": "NOTICE",
    "type": "PHP",
    "test": "asyncify-boot",
    "plugin": "random-online-twitch-stream-from-selection",
    "details": "[26-Apr-2025 14:53:52 UTC] PHP Notice:  Function wp_enqueue_style was called <strong>incorrectly</strong>. Scripts and styles should not be registered or enqueued until the <code>wp_enqueue_scripts</code>, <code>admin_enqueue_scripts</code>, or <code>login_enqueue_scripts</code> hooks. This notice was triggered by the <code>social_media</code> handle. Please see <a href=\"https://developer.wordpress.org/advanced-administration/debug/debug-wordpress/\">Debugging in WordPress</a> for more information. (This message was added in version 3.3.0.) in /wordpress/wp-includes/functions.php on line 6121",
    "log": "/logs/plugins/r/random-online-twitch-stream-from-selection/error.json"
  },
  {
    "message": "Function is_feed was called <strong>incorrectly</strong>. Conditional query tags do not work before the query is run. Before then, they always return false. Please see <a href=\"https://developer.wordpress.org/advanced-administration/debug/debug-wordpress/\">Debugging in WordPress</a> for more information. (This message was added in version 3.1.0.) in /wordpress/wp-includes/functions.php on line 6121",
    "level": "NOTICE",
    "type": "PHP",
    "test": "asyncify-boot",
    "plugin": "random-online-twitch-stream-from-selection",
    "details": "[26-Apr-2025 14:53:52 UTC] PHP Notice:  Function is_feed was called <strong>incorrectly</strong>. Conditional query tags do not work before the query is run. Before then, they always return false. Please see <a href=\"https://developer.wordpress.org/advanced-administration/debug/debug-wordpress/\">Debugging in WordPress</a> for more information. (This message was added in version 3.1.0.) in /wordpress/wp-includes/functions.php on line 6121",
    "log": "/logs/plugins/r/random-online-twitch-stream-from-selection/error.json"
  },
  {
    "message": "file(.htaccess): Failed to open stream: No such file or directory in /wordpress/wp-content/plugins/spamfck/antispam-revolution.php on line 296",
    "level": "WARNING",
    "type": "PHP",
    "test": "asyncify-boot",
    "plugin": "random-online-twitch-stream-from-selection",
    "details": "[26-Apr-2025 14:54:29 UTC] PHP Warning:  file(.htaccess): Failed to open stream: No such file or directory in /wordpress/wp-content/plugins/spamfck/antispam-revolution.php on line 296",
    "log": "/logs/plugins/r/random-online-twitch-stream-from-selection/error.json"
  },
  {
    "message": "Uncaught Error: Call to undefined function each() in /wordpress/wp-content/plugins/spamfck/antispam-revolution.php:300",
    "level": "FATAL",
    "type": "PHP",
    "test": "asyncify-boot",
    "plugin": "random-online-twitch-stream-from-selection",
    "details": "[26-Apr-2025 14:54:29 UTC] PHP Fatal error:  Uncaught Error: Call to undefined function each() in /wordpress/wp-content/plugins/spamfck/antispam-revolution.php:300\nStack trace:\n#0 /wordpress/wp-admin/includes/plugin.php(2387): include_once()\n#1 /wordpress/wp-admin/includes/plugin.php(673): plugin_sandbox_scrape('spamfck/antispa...')\n#2 /internal/eval.php(20): activate_plugin('spamfck/antispa...')\n#3 {main}\n  thrown in /wordpress/wp-content/plugins/spamfck/antispam-revolution.php on line 300",
    "log": "/logs/plugins/r/random-online-twitch-stream-from-selection/error.json"
  },
  {
    "message": "file(.htaccess): Failed to open stream: No such file or directory in /wordpress/wp-content/plugins/spamfck/antispam-revolution.php on line 296",
    "level": "WARNING",
    "type": "PHP",
    "test": "asyncify-boot",
    "plugin": "random-online-twitch-stream-from-selection",
    "details": "[26-Apr-2025 14:54:38 UTC] PHP Warning:  file(.htaccess): Failed to open stream: No such file or directory in /wordpress/wp-content/plugins/spamfck/antispam-revolution.php on line 296",
    "log": "/logs/plugins/r/random-online-twitch-stream-from-selection/error.json"
  },
  {
    "message": "Uncaught Error: Call to undefined function each() in /wordpress/wp-content/plugins/spamfck/antispam-revolution.php:300",
    "level": "FATAL",
    "type": "PHP",
    "test": "asyncify-boot",
    "plugin": "random-online-twitch-stream-from-selection",
    "details": "[26-Apr-2025 14:54:38 UTC] PHP Fatal error:  Uncaught Error: Call to undefined function each() in /wordpress/wp-content/plugins/spamfck/antispam-revolution.php:300\nStack trace:\n#0 /wordpress/wp-admin/includes/plugin.php(2387): include_once()\n#1 /wordpress/wp-admin/includes/plugin.php(673): plugin_sandbox_scrape('spamfck/antispa...')\n#2 /internal/eval.php(20): activate_plugin('spamfck/antispa...')\n#3 {main}\n  thrown in /wordpress/wp-content/plugins/spamfck/antispam-revolution.php on line 300",
    "log": "/logs/plugins/r/random-online-twitch-stream-from-selection/error.json"
  },
  {
    "message": "file(.htaccess): Failed to open stream: No such file or directory in /wordpress/wp-content/plugins/spamfck/antispam-revolution.php on line 296",
    "level": "WARNING",
    "type": "PHP",
    "test": "asyncify-boot",
    "plugin": "random-online-twitch-stream-from-selection",
    "details": "[26-Apr-2025 14:54:45 UTC] PHP Warning:  file(.htaccess): Failed to open stream: No such file or directory in /wordpress/wp-content/plugins/spamfck/antispam-revolution.php on line 296",
    "log": "/logs/plugins/r/random-online-twitch-stream-from-selection/error.json"
  },
  {
    "message": "Uncaught Error: Call to undefined function each() in /wordpress/wp-content/plugins/spamfck/antispam-revolution.php:300",
    "level": "FATAL",
    "type": "PHP",
    "test": "asyncify-boot",
    "plugin": "random-online-twitch-stream-from-selection",
    "details": "[26-Apr-2025 14:54:45 UTC] PHP Fatal error:  Uncaught Error: Call to undefined function each() in /wordpress/wp-content/plugins/spamfck/antispam-revolution.php:300\nStack trace:\n#0 /wordpress/wp-admin/includes/plugin.php(2387): include_once()\n#1 /wordpress/wp-admin/includes/plugin.php(673): plugin_sandbox_scrape('spamfck/antispa...')\n#2 /internal/eval.php(20): activate_plugin('spamfck/antispa...')\n#3 {main}\n  thrown in /wordpress/wp-content/plugins/spamfck/antispam-revolution.php on line 300",
    "log": "/logs/plugins/r/random-online-twitch-stream-from-selection/error.json"
  },
  {
    "message": "Function _load_textdomain_just_in_time was called <strong>incorrectly</strong>. Translation loading for the <code>icwcsr</code> domain was triggered too early. This is usually an indicator for some code in the plugin or theme running too early. Translations should be loaded at the <code>init</code> action or later. Please see <a href=\"https://developer.wordpress.org/advanced-administration/debug/debug-wordpress/\">Debugging in WordPress</a> for more information. (This message was added in version 6.7.0.) in /wordpress/wp-includes/functions.php on line 6121",
    "level": "NOTICE",
    "type": "PHP",
    "test": "asyncify-boot",
    "plugin": "random-online-twitch-stream-from-selection",
    "details": "[26-Apr-2025 14:56:12 UTC] PHP Notice:  Function _load_textdomain_just_in_time was called <strong>incorrectly</strong>. Translation loading for the <code>icwcsr</code> domain was triggered too early. This is usually an indicator for some code in the plugin or theme running too early. Translations should be loaded at the <code>init</code> action or later. Please see <a href=\"https://developer.wordpress.org/advanced-administration/debug/debug-wordpress/\">Debugging in WordPress</a> for more information. (This message was added in version 6.7.0.) in /wordpress/wp-includes/functions.php on line 6121",
    "log": "/logs/plugins/r/random-online-twitch-stream-from-selection/error.json"
  },
  {
    "message": "Function _load_textdomain_just_in_time was called <strong>incorrectly</strong>. Translation loading for the <code>icwcsr</code> domain was triggered too early. This is usually an indicator for some code in the plugin or theme running too early. Translations should be loaded at the <code>init</code> action or later. Please see <a href=\"https://developer.wordpress.org/advanced-administration/debug/debug-wordpress/\">Debugging in WordPress</a> for more information. (This message was added in version 6.7.0.) in /wordpress/wp-includes/functions.php on line 6121",
    "level": "NOTICE",
    "type": "PHP",
    "test": "asyncify-boot",
    "plugin": "random-online-twitch-stream-from-selection",
    "details": "[26-Apr-2025 14:56:20 UTC] PHP Notice:  Function _load_textdomain_just_in_time was called <strong>incorrectly</strong>. Translation loading for the <code>icwcsr</code> domain was triggered too early. This is usually an indicator for some code in the plugin or theme running too early. Translations should be loaded at the <code>init</code> action or later. Please see <a href=\"https://developer.wordpress.org/advanced-administration/debug/debug-wordpress/\">Debugging in WordPress</a> for more information. (This message was added in version 6.7.0.) in /wordpress/wp-includes/functions.php on line 6121",
    "log": "/logs/plugins/r/random-online-twitch-stream-from-selection/error.json"
  },
  {
    "message": "Function _load_textdomain_just_in_time was called <strong>incorrectly</strong>. Translation loading for the <code>icwcsr</code> domain was triggered too early. This is usually an indicator for some code in the plugin or theme running too early. Translations should be loaded at the <code>init</code> action or later. Please see <a href=\"https://developer.wordpress.org/advanced-administration/debug/debug-wordpress/\">Debugging in WordPress</a> for more information. (This message was added in version 6.7.0.) in /wordpress/wp-includes/functions.php on line 6121",
    "level": "NOTICE",
    "type": "PHP",
    "test": "asyncify-boot",
    "plugin": "random-online-twitch-stream-from-selection",
    "details": "[26-Apr-2025 14:56:29 UTC] PHP Notice:  Function _load_textdomain_just_in_time was called <strong>incorrectly</strong>. Translation loading for the <code>icwcsr</code> domain was triggered too early. This is usually an indicator for some code in the plugin or theme running too early. Translations should be loaded at the <code>init</code> action or later. Please see <a href=\"https://developer.wordpress.org/advanced-administration/debug/debug-wordpress/\">Debugging in WordPress</a> for more information. (This message was added in version 6.7.0.) in /wordpress/wp-includes/functions.php on line 6121",
    "log": "/logs/plugins/r/random-online-twitch-stream-from-selection/error.json"
  },
  {
    "message": "Required parameter $params follows optional parameter $webhook_event_id in /wordpress/wp-content/plugins/swipe-for-givewp/libraries/swipego/includes/class-swipego-api.php on line 45",
    "level": "DEPRECATED",
    "type": "PHP",
    "test": "asyncify-boot",
    "plugin": "random-online-twitch-stream-from-selection",
    "details": "[26-Apr-2025 14:57:00 UTC] PHP Deprecated:  Required parameter $params follows optional parameter $webhook_event_id in /wordpress/wp-content/plugins/swipe-for-givewp/libraries/swipego/includes/class-swipego-api.php on line 45",
    "log": "/logs/plugins/r/random-online-twitch-stream-from-selection/error.json"
  },
  {
    "message": "Function register_uninstall_hook was called <strong>incorrectly</strong>. Only a static class method or function can be used in an uninstall hook. Please see <a href=\"https://developer.wordpress.org/advanced-administration/debug/debug-wordpress/\">Debugging in WordPress</a> for more information. (This message was added in version 3.1.0.) in /wordpress/wp-includes/functions.php on line 6121",
    "level": "NOTICE",
    "type": "PHP",
    "test": "asyncify-boot",
    "plugin": "random-online-twitch-stream-from-selection",
    "details": "[26-Apr-2025 14:57:00 UTC] PHP Notice:  Function register_uninstall_hook was called <strong>incorrectly</strong>. Only a static class method or function can be used in an uninstall hook. Please see <a href=\"https://developer.wordpress.org/advanced-administration/debug/debug-wordpress/\">Debugging in WordPress</a> for more information. (This message was added in version 3.1.0.) in /wordpress/wp-includes/functions.php on line 6121",
    "log": "/logs/plugins/r/random-online-twitch-stream-from-selection/error.json"
  },
  {
    "message": "Required parameter $params follows optional parameter $webhook_event_id in /wordpress/wp-content/plugins/swipe-for-givewp/libraries/swipego/includes/class-swipego-api.php on line 45",
    "level": "DEPRECATED",
    "type": "PHP",
    "test": "asyncify-boot",
    "plugin": "random-online-twitch-stream-from-selection",
    "details": "[26-Apr-2025 14:57:01 UTC] PHP Deprecated:  Required parameter $params follows optional parameter $webhook_event_id in /wordpress/wp-content/plugins/swipe-for-givewp/libraries/swipego/includes/class-swipego-api.php on line 45",
    "log": "/logs/plugins/r/random-online-twitch-stream-from-selection/error.json"
  },
  {
    "message": "Function register_uninstall_hook was called <strong>incorrectly</strong>. Only a static class method or function can be used in an uninstall hook. Please see <a href=\"https://developer.wordpress.org/advanced-administration/debug/debug-wordpress/\">Debugging in WordPress</a> for more information. (This message was added in version 3.1.0.) in /wordpress/wp-includes/functions.php on line 6121",
    "level": "NOTICE",
    "type": "PHP",
    "test": "asyncify-boot",
    "plugin": "random-online-twitch-stream-from-selection",
    "details": "[26-Apr-2025 14:57:01 UTC] PHP Notice:  Function register_uninstall_hook was called <strong>incorrectly</strong>. Only a static class method or function can be used in an uninstall hook. Please see <a href=\"https://developer.wordpress.org/advanced-administration/debug/debug-wordpress/\">Debugging in WordPress</a> for more information. (This message was added in version 3.1.0.) in /wordpress/wp-includes/functions.php on line 6121",
    "log": "/logs/plugins/r/random-online-twitch-stream-from-selection/error.json"
  },
  {
    "message": "Required parameter $params follows optional parameter $webhook_event_id in /wordpress/wp-content/plugins/swipe-for-givewp/libraries/swipego/includes/class-swipego-api.php on line 45",
    "level": "DEPRECATED",
    "type": "PHP",
    "test": "asyncify-boot",
    "plugin": "random-online-twitch-stream-from-selection",
    "details": "[26-Apr-2025 14:57:09 UTC] PHP Deprecated:  Required parameter $params follows optional parameter $webhook_event_id in /wordpress/wp-content/plugins/swipe-for-givewp/libraries/swipego/includes/class-swipego-api.php on line 45",
    "log": "/logs/plugins/r/random-online-twitch-stream-from-selection/error.json"
  },
  {
    "message": "Function register_uninstall_hook was called <strong>incorrectly</strong>. Only a static class method or function can be used in an uninstall hook. Please see <a href=\"https://developer.wordpress.org/advanced-administration/debug/debug-wordpress/\">Debugging in WordPress</a> for more information. (This message was added in version 3.1.0.) in /wordpress/wp-includes/functions.php on line 6121",
    "level": "NOTICE",
    "type": "PHP",
    "test": "asyncify-boot",
    "plugin": "random-online-twitch-stream-from-selection",
    "details": "[26-Apr-2025 14:57:10 UTC] PHP Notice:  Function register_uninstall_hook was called <strong>incorrectly</strong>. Only a static class method or function can be used in an uninstall hook. Please see <a href=\"https://developer.wordpress.org/advanced-administration/debug/debug-wordpress/\">Debugging in WordPress</a> for more information. (This message was added in version 3.1.0.) in /wordpress/wp-includes/functions.php on line 6121",
    "log": "/logs/plugins/r/random-online-twitch-stream-from-selection/error.json"
  },
  {
    "message": "Required parameter $params follows optional parameter $webhook_event_id in /wordpress/wp-content/plugins/swipe-for-givewp/libraries/swipego/includes/class-swipego-api.php on line 45",
    "level": "DEPRECATED",
    "type": "PHP",
    "test": "asyncify-boot",
    "plugin": "random-online-twitch-stream-from-selection",
    "details": "[26-Apr-2025 14:57:11 UTC] PHP Deprecated:  Required parameter $params follows optional parameter $webhook_event_id in /wordpress/wp-content/plugins/swipe-for-givewp/libraries/swipego/includes/class-swipego-api.php on line 45",
    "log": "/logs/plugins/r/random-online-twitch-stream-from-selection/error.json"
  },
  {
    "message": "Function register_uninstall_hook was called <strong>incorrectly</strong>. Only a static class method or function can be used in an uninstall hook. Please see <a href=\"https://developer.wordpress.org/advanced-administration/debug/debug-wordpress/\">Debugging in WordPress</a> for more information. (This message was added in version 3.1.0.) in /wordpress/wp-includes/functions.php on line 6121",
    "level": "NOTICE",
    "type": "PHP",
    "test": "asyncify-boot",
    "plugin": "random-online-twitch-stream-from-selection",
    "details": "[26-Apr-2025 14:57:11 UTC] PHP Notice:  Function register_uninstall_hook was called <strong>incorrectly</strong>. Only a static class method or function can be used in an uninstall hook. Please see <a href=\"https://developer.wordpress.org/advanced-administration/debug/debug-wordpress/\">Debugging in WordPress</a> for more information. (This message was added in version 3.1.0.) in /wordpress/wp-includes/functions.php on line 6121",
    "log": "/logs/plugins/r/random-online-twitch-stream-from-selection/error.json"
  },
  {
    "message": "Required parameter $params follows optional parameter $webhook_event_id in /wordpress/wp-content/plugins/swipe-for-givewp/libraries/swipego/includes/class-swipego-api.php on line 45",
    "level": "DEPRECATED",
    "type": "PHP",
    "test": "asyncify-boot",
    "plugin": "random-online-twitch-stream-from-selection",
    "details": "[26-Apr-2025 14:57:20 UTC] PHP Deprecated:  Required parameter $params follows optional parameter $webhook_event_id in /wordpress/wp-content/plugins/swipe-for-givewp/libraries/swipego/includes/class-swipego-api.php on line 45",
    "log": "/logs/plugins/r/random-online-twitch-stream-from-selection/error.json"
  },
  {
    "message": "Function register_uninstall_hook was called <strong>incorrectly</strong>. Only a static class method or function can be used in an uninstall hook. Please see <a href=\"https://developer.wordpress.org/advanced-administration/debug/debug-wordpress/\">Debugging in WordPress</a> for more information. (This message was added in version 3.1.0.) in /wordpress/wp-includes/functions.php on line 6121",
    "level": "NOTICE",
    "type": "PHP",
    "test": "asyncify-boot",
    "plugin": "random-online-twitch-stream-from-selection",
    "details": "[26-Apr-2025 14:57:20 UTC] PHP Notice:  Function register_uninstall_hook was called <strong>incorrectly</strong>. Only a static class method or function can be used in an uninstall hook. Please see <a href=\"https://developer.wordpress.org/advanced-administration/debug/debug-wordpress/\">Debugging in WordPress</a> for more information. (This message was added in version 3.1.0.) in /wordpress/wp-includes/functions.php on line 6121",
    "log": "/logs/plugins/r/random-online-twitch-stream-from-selection/error.json"
  },
  {
    "message": "Required parameter $params follows optional parameter $webhook_event_id in /wordpress/wp-content/plugins/swipe-for-givewp/libraries/swipego/includes/class-swipego-api.php on line 45",
    "level": "DEPRECATED",
    "type": "PHP",
    "test": "asyncify-boot",
    "plugin": "random-online-twitch-stream-from-selection",
    "details": "[26-Apr-2025 14:57:21 UTC] PHP Deprecated:  Required parameter $params follows optional parameter $webhook_event_id in /wordpress/wp-content/plugins/swipe-for-givewp/libraries/swipego/includes/class-swipego-api.php on line 45",
    "log": "/logs/plugins/r/random-online-twitch-stream-from-selection/error.json"
  },
  {
    "message": "Function register_uninstall_hook was called <strong>incorrectly</strong>. Only a static class method or function can be used in an uninstall hook. Please see <a href=\"https://developer.wordpress.org/advanced-administration/debug/debug-wordpress/\">Debugging in WordPress</a> for more information. (This message was added in version 3.1.0.) in /wordpress/wp-includes/functions.php on line 6121",
    "level": "NOTICE",
    "type": "PHP",
    "test": "asyncify-boot",
    "plugin": "random-online-twitch-stream-from-selection",
    "details": "[26-Apr-2025 14:57:21 UTC] PHP Notice:  Function register_uninstall_hook was called <strong>incorrectly</strong>. Only a static class method or function can be used in an uninstall hook. Please see <a href=\"https://developer.wordpress.org/advanced-administration/debug/debug-wordpress/\">Debugging in WordPress</a> for more information. (This message was added in version 3.1.0.) in /wordpress/wp-includes/functions.php on line 6121",
    "log": "/logs/plugins/r/random-online-twitch-stream-from-selection/error.json"
  },
  {
    "message": "Uncaught TypeError: Argument 1 passed to TwitchStreamFormDataNormalizer::__construct() must be of the type array, bool given, called in /wordpress/wp-content/plugins/random-online-twitch-stream-from-selection/admin/TwitchStreamAdministrationPage.php on line 23 and defined in /wordpress/wp-content/plugins/random-online-twitch-stream-from-selection/services/TwitchStreamFormDataNormalizer.php:14",
    "level": "FATAL",
    "type": "PHP",
    "test": "asyncify-boot",
    "plugin": "random-online-twitch-stream-from-selection",
    "details": "[26-Apr-2025 14:58:19 UTC] PHP Fatal error:  Uncaught TypeError: Argument 1 passed to TwitchStreamFormDataNormalizer::__construct() must be of the type array, bool given, called in /wordpress/wp-content/plugins/random-online-twitch-stream-from-selection/admin/TwitchStreamAdministrationPage.php on line 23 and defined in /wordpress/wp-content/plugins/random-online-twitch-stream-from-selection/services/TwitchStreamFormDataNormalizer.php:14\nStack trace:\n#0 /wordpress/wp-content/plugins/random-online-twitch-stream-from-selection/admin/TwitchStreamAdministrationPage.php(23): TwitchStreamFormDataNormalizer->__construct(false)\n#1 /wordpress/wp-content/plugins/random-online-twitch-stream-from-selection/services/TwitchStreamKernel.php(22): TwitchStreamAdministrationPage->__construct('twitchStream', '1.1.0')\n#2 /wordpress/wp-content/plugins/random-online-twitch-stream-from-selection/twitch-stream.php(37): TwitchStreamKernel::run()\n#3 /wordpress/wp-content/plugins/random-online-twitch-stream-from-selection/twitch-stream.php(40): runTwitchSteam()\n#4 /wordpress/wp-ad in /wordpress/wp-content/plugins/random-online-twitch-stream-from-selection/services/TwitchStreamFormDataNormalizer.php on line 14",
    "log": "/logs/plugins/r/random-online-twitch-stream-from-selection/error.json"
  },
  {
    "message": "Uncaught TypeError: Argument 1 passed to TwitchStreamFormDataNormalizer::__construct() must be of the type array, bool given, called in /wordpress/wp-content/plugins/random-online-twitch-stream-from-selection/admin/TwitchStreamAdministrationPage.php on line 23 and defined in /wordpress/wp-content/plugins/random-online-twitch-stream-from-selection/services/TwitchStreamFormDataNormalizer.php:14",
    "level": "FATAL",
    "type": "PHP",
    "test": "asyncify-boot",
    "plugin": "random-online-twitch-stream-from-selection",
    "details": "[26-Apr-2025 14:58:27 UTC] PHP Fatal error:  Uncaught TypeError: Argument 1 passed to TwitchStreamFormDataNormalizer::__construct() must be of the type array, bool given, called in /wordpress/wp-content/plugins/random-online-twitch-stream-from-selection/admin/TwitchStreamAdministrationPage.php on line 23 and defined in /wordpress/wp-content/plugins/random-online-twitch-stream-from-selection/services/TwitchStreamFormDataNormalizer.php:14\nStack trace:\n#0 /wordpress/wp-content/plugins/random-online-twitch-stream-from-selection/admin/TwitchStreamAdministrationPage.php(23): TwitchStreamFormDataNormalizer->__construct(false)\n#1 /wordpress/wp-content/plugins/random-online-twitch-stream-from-selection/services/TwitchStreamKernel.php(22): TwitchStreamAdministrationPage->__construct('twitchStream', '1.1.0')\n#2 /wordpress/wp-content/plugins/random-online-twitch-stream-from-selection/twitch-stream.php(37): TwitchStreamKernel::run()\n#3 /wordpress/wp-content/plugins/random-online-twitch-stream-from-selection/twitch-stream.php(40): runTwitchSteam()\n#4 /wordpress/wp-ad in /wordpress/wp-content/plugins/random-online-twitch-stream-from-selection/services/TwitchStreamFormDataNormalizer.php on line 14\n\n    at Object.onBind (file:///home/runner/work/playground-tester/playground-tester/node_modules/@wp-playground/cli/index.js:237:15)\n    at process.processTicksAndRejections (node:internal/process/task_queues:105:5)\n    at async V (file:///home/runner/work/playground-tester/playground-tester/node_modules/@wp-playground/cli/index.js:64:10)\n    at async ja (file:///home/runner/work/playground-tester/playground-tester/node_modules/@wp-playground/cli/cli.js:8161:12) {\n  [cause]: Error: Error when executing the blueprint step #1 ({\"step\":\"installPlugin\",\"pluginData\":{\"resource\":\"wordpress.org/plugins\",\"slug\":\"random-online-twitch-stream-from-selection\"},\"options\":{\"activate\":true}}) : PHP.run() failed with exit code 255 and the following output: \n      at Object.run (file:///home/runner/work/playground-tester/playground-tester/node_modules/@wp-playground/blueprints/index.js:12449:19)\n      at process.processTicksAndRejections (node:internal/process/task_queues:105:5)\n      at async ms (file:///home/runner/work/playground-tester/playground-tester/node_modules/@wp-playground/blueprints/index.js:12552:3)\n      ... 2 lines matching cause stack trace ...\n      at async ja (file:///home/runner/work/playground-tester/playground-tester/node_modules/@wp-playground/cli/cli.js:8161:12) {\n    [cause]: PHPExecutionFailureError: PHP.run() failed with exit code 255 and the following output: \n        at PHP.run (file:///home/runner/work/playground-tester/playground-tester/node_modules/@php-wasm/universal/index.js:987:19)\n        at process.processTicksAndRejections (node:internal/process/task_queues:105:5)\n        at async wr (file:///home/runner/work/playground-tester/playground-tester/node_modules/@wp-playground/blueprints/index.js:33:39)\n        at async Object.gt [as installPlugin] (file:///home/runner/work/playground-tester/playground-tester/node_modules/@wp-playground/blueprints/index.js:974:42)\n        at async g (file:///home/runner/work/playground-tester/playground-tester/node_modules/@wp-playground/blueprints/index.js:12517:30)\n        at async Object.run (file:///home/runner/work/playground-tester/playground-tester/node_modules/@wp-playground/blueprints/index.js:12446:23)\n        at async ms (file:///home/runner/work/playground-tester/playground-tester/node_modules/@wp-playground/blueprints/index.js:12552:3)\n        at async Object.onBind (file:///home/runner/work/playground-tester/playground-tester/node_modules/@wp-playground/cli/index.js:227:48)\n        at async V (file:///home/runner/work/playground-tester/playground-tester/node_modules/@wp-playground/cli/index.js:64:10)\n        at async ja (file:///home/runner/work/playground-tester/playground-tester/node_modules/@wp-playground/cli/cli.js:8161:12) {\n      response: PHPResponse {\n        httpStatusCode: 500,\n        headers: {\n          'x-powered-by': [ 'PHP/7.4.31-dev' ],\n          'content-type': [ 'text/html; charset=UTF-8' ]\n        },\n        bytes: Uint8Array(0) [],\n        exitCode: 255,\n        errors: ''\n      },\n      source: 'request'\n    }\n  }\n}\n\n",
    "log": "/logs/plugins/r/random-online-twitch-stream-from-selection/error.json"
  },
  {
    "message": "file:///home/runner/work/playground-tester/playground-tester/node_modules/@wp-playground/cli/index.js:237\n        throw new Error(y, { cause: u });\n              ^\n",
    "level": "FATAL",
    "type": "PLAYGROUND",
    "test": "jspi-boot",
    "plugin": "random-online-twitch-stream-from-selection",
    "details": "file:///home/runner/work/playground-tester/playground-tester/node_modules/@wp-playground/cli/index.js:237\n        throw new Error(y, { cause: u });\n              ^\n",
    "log": "/tmp/tmp.aJMFbdiVUN"
  },
  {
    "message": "Trying to access array offset on value of type bool in /wordpress/wp-content/plugins/rich-meta-in-rdfa/rich-meta-in-rdfa.php on line 75",
    "level": "WARNING",
    "type": "PHP",
    "test": "jspi-boot",
    "plugin": "random-online-twitch-stream-from-selection",
    "details": "[26-Apr-2025 14:47:48 UTC] PHP Warning:  Trying to access array offset on value of type bool in /wordpress/wp-content/plugins/rich-meta-in-rdfa/rich-meta-in-rdfa.php on line 75",
    "log": "/logs/plugins/r/random-online-twitch-stream-from-selection/error.json"
  },
  {
    "message": "Trying to access array offset on value of type bool in /wordpress/wp-content/plugins/rich-meta-in-rdfa/rich-meta-in-rdfa.php on line 75",
    "level": "WARNING",
    "type": "PHP",
    "test": "jspi-boot",
    "plugin": "random-online-twitch-stream-from-selection",
    "details": "[26-Apr-2025 14:47:49 UTC] PHP Warning:  Trying to access array offset on value of type bool in /wordpress/wp-content/plugins/rich-meta-in-rdfa/rich-meta-in-rdfa.php on line 75",
    "log": "/logs/plugins/r/random-online-twitch-stream-from-selection/error.json"
  },
  {
    "message": "Trying to access array offset on value of type bool in /wordpress/wp-content/plugins/rich-meta-in-rdfa/rich-meta-in-rdfa.php on line 75",
    "level": "WARNING",
    "type": "PHP",
    "test": "jspi-boot",
    "plugin": "random-online-twitch-stream-from-selection",
    "details": "[26-Apr-2025 14:47:57 UTC] PHP Warning:  Trying to access array offset on value of type bool in /wordpress/wp-content/plugins/rich-meta-in-rdfa/rich-meta-in-rdfa.php on line 75",
    "log": "/logs/plugins/r/random-online-twitch-stream-from-selection/error.json"
  },
  {
    "message": "Trying to access array offset on value of type bool in /wordpress/wp-content/plugins/rich-meta-in-rdfa/rich-meta-in-rdfa.php on line 75",
    "level": "WARNING",
    "type": "PHP",
    "test": "jspi-boot",
    "plugin": "random-online-twitch-stream-from-selection",
    "details": "[26-Apr-2025 14:47:58 UTC] PHP Warning:  Trying to access array offset on value of type bool in /wordpress/wp-content/plugins/rich-meta-in-rdfa/rich-meta-in-rdfa.php on line 75",
    "log": "/logs/plugins/r/random-online-twitch-stream-from-selection/error.json"
  },
  {
    "message": "Trying to access array offset on value of type bool in /wordpress/wp-content/plugins/rich-meta-in-rdfa/rich-meta-in-rdfa.php on line 75",
    "level": "WARNING",
    "type": "PHP",
    "test": "jspi-boot",
    "plugin": "random-online-twitch-stream-from-selection",
    "details": "[26-Apr-2025 14:48:06 UTC] PHP Warning:  Trying to access array offset on value of type bool in /wordpress/wp-content/plugins/rich-meta-in-rdfa/rich-meta-in-rdfa.php on line 75",
    "log": "/logs/plugins/r/random-online-twitch-stream-from-selection/error.json"
  },
  {
    "message": "Trying to access array offset on value of type bool in /wordpress/wp-content/plugins/rich-meta-in-rdfa/rich-meta-in-rdfa.php on line 75",
    "level": "WARNING",
    "type": "PHP",
    "test": "jspi-boot",
    "plugin": "random-online-twitch-stream-from-selection",
    "details": "[26-Apr-2025 14:48:07 UTC] PHP Warning:  Trying to access array offset on value of type bool in /wordpress/wp-content/plugins/rich-meta-in-rdfa/rich-meta-in-rdfa.php on line 75",
    "log": "/logs/plugins/r/random-online-twitch-stream-from-selection/error.json"
  },
  {
    "message": "Uncaught PDOException: SQLSTATE[HY000] [2002] Address family not supported by protocol in /wordpress/wp-content/plugins/rise-hotel-booking/rise-hotel-booking.php:167",
    "level": "FATAL",
    "type": "PHP",
    "test": "jspi-boot",
    "plugin": "random-online-twitch-stream-from-selection",
    "details": "[26-Apr-2025 14:48:17 UTC] PHP Fatal error:  Uncaught PDOException: SQLSTATE[HY000] [2002] Address family not supported by protocol in /wordpress/wp-content/plugins/rise-hotel-booking/rise-hotel-booking.php:167\nStack trace:\n#0 /wordpress/wp-content/plugins/rise-hotel-booking/rise-hotel-booking.php(167): PDO->__construct('mysql:host=loca...', 'username_here', 'password_here')\n#1 /wordpress/wp-includes/class-wp-hook.php(324): RISE->createTables(false)\n#2 /wordpress/wp-includes/class-wp-hook.php(348): WP_Hook->apply_filters('', Array)\n#3 /wordpress/wp-includes/plugin.php(517): WP_Hook->do_action(Array)\n#4 /wordpress/wp-admin/includes/plugin.php(703): do_action('activate_rise-h...', false)\n#5 /internal/eval.php(20): activate_plugin('rise-hotel-book...')\n#6 {main}\n  thrown in /wordpress/wp-content/plugins/rise-hotel-booking/rise-hotel-booking.php on line 167",
    "log": "/logs/plugins/r/random-online-twitch-stream-from-selection/error.json"
  },
  {
    "message": "Uncaught PDOException: SQLSTATE[HY000] [2002] Address family not supported by protocol in /wordpress/wp-content/plugins/rise-hotel-booking/rise-hotel-booking.php:167",
    "level": "FATAL",
    "type": "PHP",
    "test": "jspi-boot",
    "plugin": "random-online-twitch-stream-from-selection",
    "details": "[26-Apr-2025 14:48:27 UTC] PHP Fatal error:  Uncaught PDOException: SQLSTATE[HY000] [2002] Address family not supported by protocol in /wordpress/wp-content/plugins/rise-hotel-booking/rise-hotel-booking.php:167\nStack trace:\n#0 /wordpress/wp-content/plugins/rise-hotel-booking/rise-hotel-booking.php(167): PDO->__construct('mysql:host=loca...', 'username_here', 'password_here')\n#1 /wordpress/wp-includes/class-wp-hook.php(324): RISE->createTables(false)\n#2 /wordpress/wp-includes/class-wp-hook.php(348): WP_Hook->apply_filters('', Array)\n#3 /wordpress/wp-includes/plugin.php(517): WP_Hook->do_action(Array)\n#4 /wordpress/wp-admin/includes/plugin.php(703): do_action('activate_rise-h...', false)\n#5 /internal/eval.php(20): activate_plugin('rise-hotel-book...')\n#6 {main}\n  thrown in /wordpress/wp-content/plugins/rise-hotel-booking/rise-hotel-booking.php on line 167",
    "log": "/logs/plugins/r/random-online-twitch-stream-from-selection/error.json"
  },
  {
    "message": "Uncaught PDOException: SQLSTATE[HY000] [2002] Address family not supported by protocol in /wordpress/wp-content/plugins/rise-hotel-booking/rise-hotel-booking.php:167",
    "level": "FATAL",
    "type": "PHP",
    "test": "jspi-boot",
    "plugin": "random-online-twitch-stream-from-selection",
    "details": "[26-Apr-2025 14:48:37 UTC] PHP Fatal error:  Uncaught PDOException: SQLSTATE[HY000] [2002] Address family not supported by protocol in /wordpress/wp-content/plugins/rise-hotel-booking/rise-hotel-booking.php:167\nStack trace:\n#0 /wordpress/wp-content/plugins/rise-hotel-booking/rise-hotel-booking.php(167): PDO->__construct('mysql:host=loca...', 'username_here', 'password_here')\n#1 /wordpress/wp-includes/class-wp-hook.php(324): RISE->createTables(false)\n#2 /wordpress/wp-includes/class-wp-hook.php(348): WP_Hook->apply_filters('', Array)\n#3 /wordpress/wp-includes/plugin.php(517): WP_Hook->do_action(Array)\n#4 /wordpress/wp-admin/includes/plugin.php(703): do_action('activate_rise-h...', false)\n#5 /internal/eval.php(20): activate_plugin('rise-hotel-book...')\n#6 {main}\n  thrown in /wordpress/wp-content/plugins/rise-hotel-booking/rise-hotel-booking.php on line 167",
    "log": "/logs/plugins/r/random-online-twitch-stream-from-selection/error.json"
  },
  {
    "message": "Cannot combine AUTOINCREMENT and multiple primary keys in SQLite.",
    "level": "FATAL",
    "type": "SQL",
    "test": "jspi-boot",
    "plugin": "random-online-twitch-stream-from-selection",
    "details": "[26-Apr-2025 14:49:23 UTC] WordPress database error <div style=\"clear:both\">&nbsp;</div>\n<div class=\"queries\" style=\"clear:both;margin-bottom:2px;border:red dotted thin;\">\n<p>MySQL query:</p>\n<p>CREATE TABLE wp_st_referrals (\r\n\t                    id mediumint(7) NOT NULL AUTO_INCREMENT,\r\n\t                    user_id mediumint(7) NOT NULL,\r\n\t                    ref_user_id mediumint(7) NOT NULL,\r\n\t                    lvl tinyint(1) DEFAULT 1 NOT NULL,\r\n\t                    date datetime default NOW() null,\r\n\t                    PRIMARY KEY  id (id),\r\n\t                    UNIQUE KEY id (id)\r\n\t                    )</p>\n<p>Queries made or created this session were:</p>\n<ol>\n<li>Executing: BEGIN | (no parameters)</li>\n<li>Executing: ROLLBACK | (no parameters)</li>\n</ol>\n</div>\n<div style=\"clear:both;margin-bottom:2px;border:red dotted thin;\" class=\"error_message\" style=\"border-bottom:dotted blue thin;\">\nError occurred at line 4117 in Function <code>handle_error</code>. Error message was: Cannot combine AUTOINCREMENT and multiple primary keys in SQLite.\n</div>\n<p>Backtrace:</p>\n<pre>#0 /internal/shared/sqlite-database-integration/wp-includes/sqlite/class-wp-sqlite-db.php(287): WP_SQLite_Translator->get_error_message()\n#1 /wordpress/wp-admin/includes/upgrade.php(3280): WP_SQLite_DB->query('CREATE TABLE wp...')\n#2 /wordpress/wp-content/plugins/steeplyref-affiliate-referral/includes/class-steeply-ref-activator.php(51): dbDelta(Array)\n#3 /wordpress/wp-content/plugins/steeplyref-affiliate-referral/steeply-ref.php(38): Steeply_Ref_Activator::activate()\n#4 /wordpress/wp-includes/class-wp-hook.php(324): activate_steeply_ref(false)\n#5 /wordpress/wp-includes/class-wp-hook.php(348): WP_Hook->apply_filters('', Array)\n#6 /wordpress/wp-includes/plugin.php(517): WP_Hook->do_action(Array)\n#7 /wordpress/wp-admin/includes/plugin.php(703): do_action('activate_steepl...', false)\n#8 /internal/eval.php(20): activate_plugin('steeplyref-affi...')\n#9 {main}</pre>\n for query CREATE TABLE wp_st_referrals (\r\n\t                    id mediumint(7) NOT NULL AUTO_INCREMENT,\r\n\t                    user_id mediumint(7) NOT NULL,\r\n\t                    ref_user_id mediumint(7) NOT NULL,\r\n\t                    lvl tinyint(1) DEFAULT 1 NOT NULL,\r\n\t                    date datetime default NOW() null,\r\n\t                    PRIMARY KEY  id (id),\r\n\t                    UNIQUE KEY id (id)\r\n\t                    ) made by activate_plugin, do_action('activate_steeplyref-affiliate-referral/steeply-ref.php'), WP_Hook->do_action, WP_Hook->apply_filters, activate_steeply_ref, Steeply_Ref_Activator::activate, dbDelta, WP_SQLite_DB->query, WP_SQLite_DB->print_error",
    "log": "/logs/plugins/r/random-online-twitch-stream-from-selection/error.json"
  },
  {
    "message": "Cannot combine AUTOINCREMENT and multiple primary keys in SQLite.",
    "level": "FATAL",
    "type": "SQL",
    "test": "jspi-boot",
    "plugin": "random-online-twitch-stream-from-selection",
    "details": "[26-Apr-2025 14:49:32 UTC] WordPress database error <div style=\"clear:both\">&nbsp;</div>\n<div class=\"queries\" style=\"clear:both;margin-bottom:2px;border:red dotted thin;\">\n<p>MySQL query:</p>\n<p>CREATE TABLE wp_st_referrals (\r\n\t                    id mediumint(7) NOT NULL AUTO_INCREMENT,\r\n\t                    user_id mediumint(7) NOT NULL,\r\n\t                    ref_user_id mediumint(7) NOT NULL,\r\n\t                    lvl tinyint(1) DEFAULT 1 NOT NULL,\r\n\t                    date datetime default NOW() null,\r\n\t                    PRIMARY KEY  id (id),\r\n\t                    UNIQUE KEY id (id)\r\n\t                    )</p>\n<p>Queries made or created this session were:</p>\n<ol>\n<li>Executing: BEGIN | (no parameters)</li>\n<li>Executing: ROLLBACK | (no parameters)</li>\n</ol>\n</div>\n<div style=\"clear:both;margin-bottom:2px;border:red dotted thin;\" class=\"error_message\" style=\"border-bottom:dotted blue thin;\">\nError occurred at line 4117 in Function <code>handle_error</code>. Error message was: Cannot combine AUTOINCREMENT and multiple primary keys in SQLite.\n</div>\n<p>Backtrace:</p>\n<pre>#0 /internal/shared/sqlite-database-integration/wp-includes/sqlite/class-wp-sqlite-db.php(287): WP_SQLite_Translator->get_error_message()\n#1 /wordpress/wp-admin/includes/upgrade.php(3280): WP_SQLite_DB->query('CREATE TABLE wp...')\n#2 /wordpress/wp-content/plugins/steeplyref-affiliate-referral/includes/class-steeply-ref-activator.php(51): dbDelta(Array)\n#3 /wordpress/wp-content/plugins/steeplyref-affiliate-referral/steeply-ref.php(38): Steeply_Ref_Activator::activate()\n#4 /wordpress/wp-includes/class-wp-hook.php(324): activate_steeply_ref(false)\n#5 /wordpress/wp-includes/class-wp-hook.php(348): WP_Hook->apply_filters('', Array)\n#6 /wordpress/wp-includes/plugin.php(517): WP_Hook->do_action(Array)\n#7 /wordpress/wp-admin/includes/plugin.php(703): do_action('activate_steepl...', false)\n#8 /internal/eval.php(20): activate_plugin('steeplyref-affi...')\n#9 {main}</pre>\n for query CREATE TABLE wp_st_referrals (\r\n\t                    id mediumint(7) NOT NULL AUTO_INCREMENT,\r\n\t                    user_id mediumint(7) NOT NULL,\r\n\t                    ref_user_id mediumint(7) NOT NULL,\r\n\t                    lvl tinyint(1) DEFAULT 1 NOT NULL,\r\n\t                    date datetime default NOW() null,\r\n\t                    PRIMARY KEY  id (id),\r\n\t                    UNIQUE KEY id (id)\r\n\t                    ) made by activate_plugin, do_action('activate_steeplyref-affiliate-referral/steeply-ref.php'), WP_Hook->do_action, WP_Hook->apply_filters, activate_steeply_ref, Steeply_Ref_Activator::activate, dbDelta, WP_SQLite_DB->query, WP_SQLite_DB->print_error",
    "log": "/logs/plugins/r/random-online-twitch-stream-from-selection/error.json"
  },
  {
    "message": "Required parameter $column_name follows optional parameter $empty in /wordpress/wp-content/plugins/simple-captcha/simple_captcha.php on line 404",
    "level": "DEPRECATED",
    "type": "PHP",
    "test": "jspi-boot",
    "plugin": "random-online-twitch-stream-from-selection",
    "details": "[26-Apr-2025 14:50:01 UTC] PHP Deprecated:  Required parameter $column_name follows optional parameter $empty in /wordpress/wp-content/plugins/simple-captcha/simple_captcha.php on line 404",
    "log": "/logs/plugins/r/random-online-twitch-stream-from-selection/error.json"
  },
  {
    "message": "Required parameter $id follows optional parameter $empty in /wordpress/wp-content/plugins/simple-captcha/simple_captcha.php on line 404",
    "level": "DEPRECATED",
    "type": "PHP",
    "test": "jspi-boot",
    "plugin": "random-online-twitch-stream-from-selection",
    "details": "[26-Apr-2025 14:50:01 UTC] PHP Deprecated:  Required parameter $id follows optional parameter $empty in /wordpress/wp-content/plugins/simple-captcha/simple_captcha.php on line 404",
    "log": "/logs/plugins/r/random-online-twitch-stream-from-selection/error.json"
  },
  {
    "message": "Required parameter $column_name follows optional parameter $empty in /wordpress/wp-content/plugins/simple-captcha/simple_captcha.php on line 404",
    "level": "DEPRECATED",
    "type": "PHP",
    "test": "jspi-boot",
    "plugin": "random-online-twitch-stream-from-selection",
    "details": "[26-Apr-2025 14:50:02 UTC] PHP Deprecated:  Required parameter $column_name follows optional parameter $empty in /wordpress/wp-content/plugins/simple-captcha/simple_captcha.php on line 404",
    "log": "/logs/plugins/r/random-online-twitch-stream-from-selection/error.json"
  },
  {
    "message": "Required parameter $id follows optional parameter $empty in /wordpress/wp-content/plugins/simple-captcha/simple_captcha.php on line 404",
    "level": "DEPRECATED",
    "type": "PHP",
    "test": "jspi-boot",
    "plugin": "random-online-twitch-stream-from-selection",
    "details": "[26-Apr-2025 14:50:02 UTC] PHP Deprecated:  Required parameter $id follows optional parameter $empty in /wordpress/wp-content/plugins/simple-captcha/simple_captcha.php on line 404",
    "log": "/logs/plugins/r/random-online-twitch-stream-from-selection/error.json"
  },
  {
    "message": "Undefined array key \"FormID\" in /wordpress/wp-content/plugins/simple-captcha/simple_captcha.php on line 92",
    "level": "WARNING",
    "type": "PHP",
    "test": "jspi-boot",
    "plugin": "random-online-twitch-stream-from-selection",
    "details": "[26-Apr-2025 14:50:03 UTC] PHP Warning:  Undefined array key \"FormID\" in /wordpress/wp-content/plugins/simple-captcha/simple_captcha.php on line 92",
    "log": "/logs/plugins/r/random-online-twitch-stream-from-selection/error.json"
  },
  {
    "message": "Required parameter $column_name follows optional parameter $empty in /wordpress/wp-content/plugins/simple-captcha/simple_captcha.php on line 404",
    "level": "DEPRECATED",
    "type": "PHP",
    "test": "jspi-boot",
    "plugin": "random-online-twitch-stream-from-selection",
    "details": "[26-Apr-2025 14:50:10 UTC] PHP Deprecated:  Required parameter $column_name follows optional parameter $empty in /wordpress/wp-content/plugins/simple-captcha/simple_captcha.php on line 404",
    "log": "/logs/plugins/r/random-online-twitch-stream-from-selection/error.json"
  },
  {
    "message": "Required parameter $id follows optional parameter $empty in /wordpress/wp-content/plugins/simple-captcha/simple_captcha.php on line 404",
    "level": "DEPRECATED",
    "type": "PHP",
    "test": "jspi-boot",
    "plugin": "random-online-twitch-stream-from-selection",
    "details": "[26-Apr-2025 14:50:10 UTC] PHP Deprecated:  Required parameter $id follows optional parameter $empty in /wordpress/wp-content/plugins/simple-captcha/simple_captcha.php on line 404",
    "log": "/logs/plugins/r/random-online-twitch-stream-from-selection/error.json"
  },
  {
    "message": "Required parameter $column_name follows optional parameter $empty in /wordpress/wp-content/plugins/simple-captcha/simple_captcha.php on line 404",
    "level": "DEPRECATED",
    "type": "PHP",
    "test": "jspi-boot",
    "plugin": "random-online-twitch-stream-from-selection",
    "details": "[26-Apr-2025 14:50:12 UTC] PHP Deprecated:  Required parameter $column_name follows optional parameter $empty in /wordpress/wp-content/plugins/simple-captcha/simple_captcha.php on line 404",
    "log": "/logs/plugins/r/random-online-twitch-stream-from-selection/error.json"
  },
  {
    "message": "Required parameter $id follows optional parameter $empty in /wordpress/wp-content/plugins/simple-captcha/simple_captcha.php on line 404",
    "level": "DEPRECATED",
    "type": "PHP",
    "test": "jspi-boot",
    "plugin": "random-online-twitch-stream-from-selection",
    "details": "[26-Apr-2025 14:50:12 UTC] PHP Deprecated:  Required parameter $id follows optional parameter $empty in /wordpress/wp-content/plugins/simple-captcha/simple_captcha.php on line 404",
    "log": "/logs/plugins/r/random-online-twitch-stream-from-selection/error.json"
  },
  {
    "message": "Undefined array key \"FormID\" in /wordpress/wp-content/plugins/simple-captcha/simple_captcha.php on line 92",
    "level": "WARNING",
    "type": "PHP",
    "test": "jspi-boot",
    "plugin": "random-online-twitch-stream-from-selection",
    "details": "[26-Apr-2025 14:50:12 UTC] PHP Warning:  Undefined array key \"FormID\" in /wordpress/wp-content/plugins/simple-captcha/simple_captcha.php on line 92",
    "log": "/logs/plugins/r/random-online-twitch-stream-from-selection/error.json"
  },
  {
    "message": "Required parameter $column_name follows optional parameter $empty in /wordpress/wp-content/plugins/simple-captcha/simple_captcha.php on line 404",
    "level": "DEPRECATED",
    "type": "PHP",
    "test": "jspi-boot",
    "plugin": "random-online-twitch-stream-from-selection",
    "details": "[26-Apr-2025 14:50:20 UTC] PHP Deprecated:  Required parameter $column_name follows optional parameter $empty in /wordpress/wp-content/plugins/simple-captcha/simple_captcha.php on line 404",
    "log": "/logs/plugins/r/random-online-twitch-stream-from-selection/error.json"
  },
  {
    "message": "Required parameter $id follows optional parameter $empty in /wordpress/wp-content/plugins/simple-captcha/simple_captcha.php on line 404",
    "level": "DEPRECATED",
    "type": "PHP",
    "test": "jspi-boot",
    "plugin": "random-online-twitch-stream-from-selection",
    "details": "[26-Apr-2025 14:50:20 UTC] PHP Deprecated:  Required parameter $id follows optional parameter $empty in /wordpress/wp-content/plugins/simple-captcha/simple_captcha.php on line 404",
    "log": "/logs/plugins/r/random-online-twitch-stream-from-selection/error.json"
  },
  {
    "message": "Required parameter $column_name follows optional parameter $empty in /wordpress/wp-content/plugins/simple-captcha/simple_captcha.php on line 404",
    "level": "DEPRECATED",
    "type": "PHP",
    "test": "jspi-boot",
    "plugin": "random-online-twitch-stream-from-selection",
    "details": "[26-Apr-2025 14:50:21 UTC] PHP Deprecated:  Required parameter $column_name follows optional parameter $empty in /wordpress/wp-content/plugins/simple-captcha/simple_captcha.php on line 404",
    "log": "/logs/plugins/r/random-online-twitch-stream-from-selection/error.json"
  },
  {
    "message": "Required parameter $id follows optional parameter $empty in /wordpress/wp-content/plugins/simple-captcha/simple_captcha.php on line 404",
    "level": "DEPRECATED",
    "type": "PHP",
    "test": "jspi-boot",
    "plugin": "random-online-twitch-stream-from-selection",
    "details": "[26-Apr-2025 14:50:21 UTC] PHP Deprecated:  Required parameter $id follows optional parameter $empty in /wordpress/wp-content/plugins/simple-captcha/simple_captcha.php on line 404",
    "log": "/logs/plugins/r/random-online-twitch-stream-from-selection/error.json"
  },
  {
    "message": "Undefined array key \"FormID\" in /wordpress/wp-content/plugins/simple-captcha/simple_captcha.php on line 92",
    "level": "WARNING",
    "type": "PHP",
    "test": "jspi-boot",
    "plugin": "random-online-twitch-stream-from-selection",
    "details": "[26-Apr-2025 14:50:21 UTC] PHP Warning:  Undefined array key \"FormID\" in /wordpress/wp-content/plugins/simple-captcha/simple_captcha.php on line 92",
    "log": "/logs/plugins/r/random-online-twitch-stream-from-selection/error.json"
  },
  {
    "message": "Only variables should be passed by reference in /wordpress/wp-content/plugins/simple-slides/simple_slides.php on line 30",
    "level": "NOTICE",
    "type": "PHP",
    "test": "jspi-boot",
    "plugin": "random-online-twitch-stream-from-selection",
    "details": "[26-Apr-2025 14:50:57 UTC] PHP Notice:  Only variables should be passed by reference in /wordpress/wp-content/plugins/simple-slides/simple_slides.php on line 30",
    "log": "/logs/plugins/r/random-online-twitch-stream-from-selection/error.json"
  },
  {
    "message": "Only variables should be passed by reference in /wordpress/wp-content/plugins/simple-slides/simple_slides.php on line 30",
    "level": "NOTICE",
    "type": "PHP",
    "test": "jspi-boot",
    "plugin": "random-online-twitch-stream-from-selection",
    "details": "[26-Apr-2025 14:50:58 UTC] PHP Notice:  Only variables should be passed by reference in /wordpress/wp-content/plugins/simple-slides/simple_slides.php on line 30",
    "log": "/logs/plugins/r/random-online-twitch-stream-from-selection/error.json"
  },
  {
    "message": "Only variables should be passed by reference in /wordpress/wp-content/plugins/simple-slides/simple_slides.php on line 30",
    "level": "NOTICE",
    "type": "PHP",
    "test": "jspi-boot",
    "plugin": "random-online-twitch-stream-from-selection",
    "details": "[26-Apr-2025 14:51:06 UTC] PHP Notice:  Only variables should be passed by reference in /wordpress/wp-content/plugins/simple-slides/simple_slides.php on line 30",
    "log": "/logs/plugins/r/random-online-twitch-stream-from-selection/error.json"
  },
  {
    "message": "Only variables should be passed by reference in /wordpress/wp-content/plugins/simple-slides/simple_slides.php on line 30",
    "level": "NOTICE",
    "type": "PHP",
    "test": "jspi-boot",
    "plugin": "random-online-twitch-stream-from-selection",
    "details": "[26-Apr-2025 14:51:06 UTC] PHP Notice:  Only variables should be passed by reference in /wordpress/wp-content/plugins/simple-slides/simple_slides.php on line 30",
    "log": "/logs/plugins/r/random-online-twitch-stream-from-selection/error.json"
  },
  {
    "message": "Only variables should be passed by reference in /wordpress/wp-content/plugins/simple-slides/simple_slides.php on line 30",
    "level": "NOTICE",
    "type": "PHP",
    "test": "jspi-boot",
    "plugin": "random-online-twitch-stream-from-selection",
    "details": "[26-Apr-2025 14:51:14 UTC] PHP Notice:  Only variables should be passed by reference in /wordpress/wp-content/plugins/simple-slides/simple_slides.php on line 30",
    "log": "/logs/plugins/r/random-online-twitch-stream-from-selection/error.json"
  },
  {
    "message": "Only variables should be passed by reference in /wordpress/wp-content/plugins/simple-slides/simple_slides.php on line 30",
    "level": "NOTICE",
    "type": "PHP",
    "test": "jspi-boot",
    "plugin": "random-online-twitch-stream-from-selection",
    "details": "[26-Apr-2025 14:51:15 UTC] PHP Notice:  Only variables should be passed by reference in /wordpress/wp-content/plugins/simple-slides/simple_slides.php on line 30",
    "log": "/logs/plugins/r/random-online-twitch-stream-from-selection/error.json"
  },
  {
    "message": "Function wp_enqueue_style was called <strong>incorrectly</strong>. Scripts and styles should not be registered or enqueued until the <code>wp_enqueue_scripts</code>, <code>admin_enqueue_scripts</code>, or <code>login_enqueue_scripts</code> hooks. This notice was triggered by the <code>social_media</code> handle. Please see <a href=\"https://developer.wordpress.org/advanced-administration/debug/debug-wordpress/\">Debugging in WordPress</a> for more information. (This message was added in version 3.3.0.) in /wordpress/wp-includes/functions.php on line 6121",
    "level": "NOTICE",
    "type": "PHP",
    "test": "jspi-boot",
    "plugin": "random-online-twitch-stream-from-selection",
    "details": "[26-Apr-2025 14:53:35 UTC] PHP Notice:  Function wp_enqueue_style was called <strong>incorrectly</strong>. Scripts and styles should not be registered or enqueued until the <code>wp_enqueue_scripts</code>, <code>admin_enqueue_scripts</code>, or <code>login_enqueue_scripts</code> hooks. This notice was triggered by the <code>social_media</code> handle. Please see <a href=\"https://developer.wordpress.org/advanced-administration/debug/debug-wordpress/\">Debugging in WordPress</a> for more information. (This message was added in version 3.3.0.) in /wordpress/wp-includes/functions.php on line 6121",
    "log": "/logs/plugins/r/random-online-twitch-stream-from-selection/error.json"
  },
  {
    "message": "Function is_feed was called <strong>incorrectly</strong>. Conditional query tags do not work before the query is run. Before then, they always return false. Please see <a href=\"https://developer.wordpress.org/advanced-administration/debug/debug-wordpress/\">Debugging in WordPress</a> for more information. (This message was added in version 3.1.0.) in /wordpress/wp-includes/functions.php on line 6121",
    "level": "NOTICE",
    "type": "PHP",
    "test": "jspi-boot",
    "plugin": "random-online-twitch-stream-from-selection",
    "details": "[26-Apr-2025 14:53:35 UTC] PHP Notice:  Function is_feed was called <strong>incorrectly</strong>. Conditional query tags do not work before the query is run. Before then, they always return false. Please see <a href=\"https://developer.wordpress.org/advanced-administration/debug/debug-wordpress/\">Debugging in WordPress</a> for more information. (This message was added in version 3.1.0.) in /wordpress/wp-includes/functions.php on line 6121",
    "log": "/logs/plugins/r/random-online-twitch-stream-from-selection/error.json"
  },
  {
    "message": "Function wp_enqueue_style was called <strong>incorrectly</strong>. Scripts and styles should not be registered or enqueued until the <code>wp_enqueue_scripts</code>, <code>admin_enqueue_scripts</code>, or <code>login_enqueue_scripts</code> hooks. This notice was triggered by the <code>social_media</code> handle. Please see <a href=\"https://developer.wordpress.org/advanced-administration/debug/debug-wordpress/\">Debugging in WordPress</a> for more information. (This message was added in version 3.3.0.) in /wordpress/wp-includes/functions.php on line 6121",
    "level": "NOTICE",
    "type": "PHP",
    "test": "jspi-boot",
    "plugin": "random-online-twitch-stream-from-selection",
    "details": "[26-Apr-2025 14:53:44 UTC] PHP Notice:  Function wp_enqueue_style was called <strong>incorrectly</strong>. Scripts and styles should not be registered or enqueued until the <code>wp_enqueue_scripts</code>, <code>admin_enqueue_scripts</code>, or <code>login_enqueue_scripts</code> hooks. This notice was triggered by the <code>social_media</code> handle. Please see <a href=\"https://developer.wordpress.org/advanced-administration/debug/debug-wordpress/\">Debugging in WordPress</a> for more information. (This message was added in version 3.3.0.) in /wordpress/wp-includes/functions.php on line 6121",
    "log": "/logs/plugins/r/random-online-twitch-stream-from-selection/error.json"
  },
  {
    "message": "Function is_feed was called <strong>incorrectly</strong>. Conditional query tags do not work before the query is run. Before then, they always return false. Please see <a href=\"https://developer.wordpress.org/advanced-administration/debug/debug-wordpress/\">Debugging in WordPress</a> for more information. (This message was added in version 3.1.0.) in /wordpress/wp-includes/functions.php on line 6121",
    "level": "NOTICE",
    "type": "PHP",
    "test": "jspi-boot",
    "plugin": "random-online-twitch-stream-from-selection",
    "details": "[26-Apr-2025 14:53:44 UTC] PHP Notice:  Function is_feed was called <strong>incorrectly</strong>. Conditional query tags do not work before the query is run. Before then, they always return false. Please see <a href=\"https://developer.wordpress.org/advanced-administration/debug/debug-wordpress/\">Debugging in WordPress</a> for more information. (This message was added in version 3.1.0.) in /wordpress/wp-includes/functions.php on line 6121",
    "log": "/logs/plugins/r/random-online-twitch-stream-from-selection/error.json"
  },
  {
    "message": "Function wp_enqueue_style was called <strong>incorrectly</strong>. Scripts and styles should not be registered or enqueued until the <code>wp_enqueue_scripts</code>, <code>admin_enqueue_scripts</code>, or <code>login_enqueue_scripts</code> hooks. This notice was triggered by the <code>social_media</code> handle. Please see <a href=\"https://developer.wordpress.org/advanced-administration/debug/debug-wordpress/\">Debugging in WordPress</a> for more information. (This message was added in version 3.3.0.) in /wordpress/wp-includes/functions.php on line 6121",
    "level": "NOTICE",
    "type": "PHP",
    "test": "jspi-boot",
    "plugin": "random-online-twitch-stream-from-selection",
    "details": "[26-Apr-2025 14:53:52 UTC] PHP Notice:  Function wp_enqueue_style was called <strong>incorrectly</strong>. Scripts and styles should not be registered or enqueued until the <code>wp_enqueue_scripts</code>, <code>admin_enqueue_scripts</code>, or <code>login_enqueue_scripts</code> hooks. This notice was triggered by the <code>social_media</code> handle. Please see <a href=\"https://developer.wordpress.org/advanced-administration/debug/debug-wordpress/\">Debugging in WordPress</a> for more information. (This message was added in version 3.3.0.) in /wordpress/wp-includes/functions.php on line 6121",
    "log": "/logs/plugins/r/random-online-twitch-stream-from-selection/error.json"
  },
  {
    "message": "Function is_feed was called <strong>incorrectly</strong>. Conditional query tags do not work before the query is run. Before then, they always return false. Please see <a href=\"https://developer.wordpress.org/advanced-administration/debug/debug-wordpress/\">Debugging in WordPress</a> for more information. (This message was added in version 3.1.0.) in /wordpress/wp-includes/functions.php on line 6121",
    "level": "NOTICE",
    "type": "PHP",
    "test": "jspi-boot",
    "plugin": "random-online-twitch-stream-from-selection",
    "details": "[26-Apr-2025 14:53:52 UTC] PHP Notice:  Function is_feed was called <strong>incorrectly</strong>. Conditional query tags do not work before the query is run. Before then, they always return false. Please see <a href=\"https://developer.wordpress.org/advanced-administration/debug/debug-wordpress/\">Debugging in WordPress</a> for more information. (This message was added in version 3.1.0.) in /wordpress/wp-includes/functions.php on line 6121",
    "log": "/logs/plugins/r/random-online-twitch-stream-from-selection/error.json"
  },
  {
    "message": "file(.htaccess): Failed to open stream: No such file or directory in /wordpress/wp-content/plugins/spamfck/antispam-revolution.php on line 296",
    "level": "WARNING",
    "type": "PHP",
    "test": "jspi-boot",
    "plugin": "random-online-twitch-stream-from-selection",
    "details": "[26-Apr-2025 14:54:29 UTC] PHP Warning:  file(.htaccess): Failed to open stream: No such file or directory in /wordpress/wp-content/plugins/spamfck/antispam-revolution.php on line 296",
    "log": "/logs/plugins/r/random-online-twitch-stream-from-selection/error.json"
  },
  {
    "message": "Uncaught Error: Call to undefined function each() in /wordpress/wp-content/plugins/spamfck/antispam-revolution.php:300",
    "level": "FATAL",
    "type": "PHP",
    "test": "jspi-boot",
    "plugin": "random-online-twitch-stream-from-selection",
    "details": "[26-Apr-2025 14:54:29 UTC] PHP Fatal error:  Uncaught Error: Call to undefined function each() in /wordpress/wp-content/plugins/spamfck/antispam-revolution.php:300\nStack trace:\n#0 /wordpress/wp-admin/includes/plugin.php(2387): include_once()\n#1 /wordpress/wp-admin/includes/plugin.php(673): plugin_sandbox_scrape('spamfck/antispa...')\n#2 /internal/eval.php(20): activate_plugin('spamfck/antispa...')\n#3 {main}\n  thrown in /wordpress/wp-content/plugins/spamfck/antispam-revolution.php on line 300",
    "log": "/logs/plugins/r/random-online-twitch-stream-from-selection/error.json"
  },
  {
    "message": "file(.htaccess): Failed to open stream: No such file or directory in /wordpress/wp-content/plugins/spamfck/antispam-revolution.php on line 296",
    "level": "WARNING",
    "type": "PHP",
    "test": "jspi-boot",
    "plugin": "random-online-twitch-stream-from-selection",
    "details": "[26-Apr-2025 14:54:38 UTC] PHP Warning:  file(.htaccess): Failed to open stream: No such file or directory in /wordpress/wp-content/plugins/spamfck/antispam-revolution.php on line 296",
    "log": "/logs/plugins/r/random-online-twitch-stream-from-selection/error.json"
  },
  {
    "message": "Uncaught Error: Call to undefined function each() in /wordpress/wp-content/plugins/spamfck/antispam-revolution.php:300",
    "level": "FATAL",
    "type": "PHP",
    "test": "jspi-boot",
    "plugin": "random-online-twitch-stream-from-selection",
    "details": "[26-Apr-2025 14:54:38 UTC] PHP Fatal error:  Uncaught Error: Call to undefined function each() in /wordpress/wp-content/plugins/spamfck/antispam-revolution.php:300\nStack trace:\n#0 /wordpress/wp-admin/includes/plugin.php(2387): include_once()\n#1 /wordpress/wp-admin/includes/plugin.php(673): plugin_sandbox_scrape('spamfck/antispa...')\n#2 /internal/eval.php(20): activate_plugin('spamfck/antispa...')\n#3 {main}\n  thrown in /wordpress/wp-content/plugins/spamfck/antispam-revolution.php on line 300",
    "log": "/logs/plugins/r/random-online-twitch-stream-from-selection/error.json"
  },
  {
    "message": "file(.htaccess): Failed to open stream: No such file or directory in /wordpress/wp-content/plugins/spamfck/antispam-revolution.php on line 296",
    "level": "WARNING",
    "type": "PHP",
    "test": "jspi-boot",
    "plugin": "random-online-twitch-stream-from-selection",
    "details": "[26-Apr-2025 14:54:45 UTC] PHP Warning:  file(.htaccess): Failed to open stream: No such file or directory in /wordpress/wp-content/plugins/spamfck/antispam-revolution.php on line 296",
    "log": "/logs/plugins/r/random-online-twitch-stream-from-selection/error.json"
  },
  {
    "message": "Uncaught Error: Call to undefined function each() in /wordpress/wp-content/plugins/spamfck/antispam-revolution.php:300",
    "level": "FATAL",
    "type": "PHP",
    "test": "jspi-boot",
    "plugin": "random-online-twitch-stream-from-selection",
    "details": "[26-Apr-2025 14:54:45 UTC] PHP Fatal error:  Uncaught Error: Call to undefined function each() in /wordpress/wp-content/plugins/spamfck/antispam-revolution.php:300\nStack trace:\n#0 /wordpress/wp-admin/includes/plugin.php(2387): include_once()\n#1 /wordpress/wp-admin/includes/plugin.php(673): plugin_sandbox_scrape('spamfck/antispa...')\n#2 /internal/eval.php(20): activate_plugin('spamfck/antispa...')\n#3 {main}\n  thrown in /wordpress/wp-content/plugins/spamfck/antispam-revolution.php on line 300",
    "log": "/logs/plugins/r/random-online-twitch-stream-from-selection/error.json"
  },
  {
    "message": "Function _load_textdomain_just_in_time was called <strong>incorrectly</strong>. Translation loading for the <code>icwcsr</code> domain was triggered too early. This is usually an indicator for some code in the plugin or theme running too early. Translations should be loaded at the <code>init</code> action or later. Please see <a href=\"https://developer.wordpress.org/advanced-administration/debug/debug-wordpress/\">Debugging in WordPress</a> for more information. (This message was added in version 6.7.0.) in /wordpress/wp-includes/functions.php on line 6121",
    "level": "NOTICE",
    "type": "PHP",
    "test": "jspi-boot",
    "plugin": "random-online-twitch-stream-from-selection",
    "details": "[26-Apr-2025 14:56:12 UTC] PHP Notice:  Function _load_textdomain_just_in_time was called <strong>incorrectly</strong>. Translation loading for the <code>icwcsr</code> domain was triggered too early. This is usually an indicator for some code in the plugin or theme running too early. Translations should be loaded at the <code>init</code> action or later. Please see <a href=\"https://developer.wordpress.org/advanced-administration/debug/debug-wordpress/\">Debugging in WordPress</a> for more information. (This message was added in version 6.7.0.) in /wordpress/wp-includes/functions.php on line 6121",
    "log": "/logs/plugins/r/random-online-twitch-stream-from-selection/error.json"
  },
  {
    "message": "Function _load_textdomain_just_in_time was called <strong>incorrectly</strong>. Translation loading for the <code>icwcsr</code> domain was triggered too early. This is usually an indicator for some code in the plugin or theme running too early. Translations should be loaded at the <code>init</code> action or later. Please see <a href=\"https://developer.wordpress.org/advanced-administration/debug/debug-wordpress/\">Debugging in WordPress</a> for more information. (This message was added in version 6.7.0.) in /wordpress/wp-includes/functions.php on line 6121",
    "level": "NOTICE",
    "type": "PHP",
    "test": "jspi-boot",
    "plugin": "random-online-twitch-stream-from-selection",
    "details": "[26-Apr-2025 14:56:20 UTC] PHP Notice:  Function _load_textdomain_just_in_time was called <strong>incorrectly</strong>. Translation loading for the <code>icwcsr</code> domain was triggered too early. This is usually an indicator for some code in the plugin or theme running too early. Translations should be loaded at the <code>init</code> action or later. Please see <a href=\"https://developer.wordpress.org/advanced-administration/debug/debug-wordpress/\">Debugging in WordPress</a> for more information. (This message was added in version 6.7.0.) in /wordpress/wp-includes/functions.php on line 6121",
    "log": "/logs/plugins/r/random-online-twitch-stream-from-selection/error.json"
  },
  {
    "message": "Function _load_textdomain_just_in_time was called <strong>incorrectly</strong>. Translation loading for the <code>icwcsr</code> domain was triggered too early. This is usually an indicator for some code in the plugin or theme running too early. Translations should be loaded at the <code>init</code> action or later. Please see <a href=\"https://developer.wordpress.org/advanced-administration/debug/debug-wordpress/\">Debugging in WordPress</a> for more information. (This message was added in version 6.7.0.) in /wordpress/wp-includes/functions.php on line 6121",
    "level": "NOTICE",
    "type": "PHP",
    "test": "jspi-boot",
    "plugin": "random-online-twitch-stream-from-selection",
    "details": "[26-Apr-2025 14:56:29 UTC] PHP Notice:  Function _load_textdomain_just_in_time was called <strong>incorrectly</strong>. Translation loading for the <code>icwcsr</code> domain was triggered too early. This is usually an indicator for some code in the plugin or theme running too early. Translations should be loaded at the <code>init</code> action or later. Please see <a href=\"https://developer.wordpress.org/advanced-administration/debug/debug-wordpress/\">Debugging in WordPress</a> for more information. (This message was added in version 6.7.0.) in /wordpress/wp-includes/functions.php on line 6121",
    "log": "/logs/plugins/r/random-online-twitch-stream-from-selection/error.json"
  },
  {
    "message": "Required parameter $params follows optional parameter $webhook_event_id in /wordpress/wp-content/plugins/swipe-for-givewp/libraries/swipego/includes/class-swipego-api.php on line 45",
    "level": "DEPRECATED",
    "type": "PHP",
    "test": "jspi-boot",
    "plugin": "random-online-twitch-stream-from-selection",
    "details": "[26-Apr-2025 14:57:00 UTC] PHP Deprecated:  Required parameter $params follows optional parameter $webhook_event_id in /wordpress/wp-content/plugins/swipe-for-givewp/libraries/swipego/includes/class-swipego-api.php on line 45",
    "log": "/logs/plugins/r/random-online-twitch-stream-from-selection/error.json"
  },
  {
    "message": "Function register_uninstall_hook was called <strong>incorrectly</strong>. Only a static class method or function can be used in an uninstall hook. Please see <a href=\"https://developer.wordpress.org/advanced-administration/debug/debug-wordpress/\">Debugging in WordPress</a> for more information. (This message was added in version 3.1.0.) in /wordpress/wp-includes/functions.php on line 6121",
    "level": "NOTICE",
    "type": "PHP",
    "test": "jspi-boot",
    "plugin": "random-online-twitch-stream-from-selection",
    "details": "[26-Apr-2025 14:57:00 UTC] PHP Notice:  Function register_uninstall_hook was called <strong>incorrectly</strong>. Only a static class method or function can be used in an uninstall hook. Please see <a href=\"https://developer.wordpress.org/advanced-administration/debug/debug-wordpress/\">Debugging in WordPress</a> for more information. (This message was added in version 3.1.0.) in /wordpress/wp-includes/functions.php on line 6121",
    "log": "/logs/plugins/r/random-online-twitch-stream-from-selection/error.json"
  },
  {
    "message": "Required parameter $params follows optional parameter $webhook_event_id in /wordpress/wp-content/plugins/swipe-for-givewp/libraries/swipego/includes/class-swipego-api.php on line 45",
    "level": "DEPRECATED",
    "type": "PHP",
    "test": "jspi-boot",
    "plugin": "random-online-twitch-stream-from-selection",
    "details": "[26-Apr-2025 14:57:01 UTC] PHP Deprecated:  Required parameter $params follows optional parameter $webhook_event_id in /wordpress/wp-content/plugins/swipe-for-givewp/libraries/swipego/includes/class-swipego-api.php on line 45",
    "log": "/logs/plugins/r/random-online-twitch-stream-from-selection/error.json"
  },
  {
    "message": "Function register_uninstall_hook was called <strong>incorrectly</strong>. Only a static class method or function can be used in an uninstall hook. Please see <a href=\"https://developer.wordpress.org/advanced-administration/debug/debug-wordpress/\">Debugging in WordPress</a> for more information. (This message was added in version 3.1.0.) in /wordpress/wp-includes/functions.php on line 6121",
    "level": "NOTICE",
    "type": "PHP",
    "test": "jspi-boot",
    "plugin": "random-online-twitch-stream-from-selection",
    "details": "[26-Apr-2025 14:57:01 UTC] PHP Notice:  Function register_uninstall_hook was called <strong>incorrectly</strong>. Only a static class method or function can be used in an uninstall hook. Please see <a href=\"https://developer.wordpress.org/advanced-administration/debug/debug-wordpress/\">Debugging in WordPress</a> for more information. (This message was added in version 3.1.0.) in /wordpress/wp-includes/functions.php on line 6121",
    "log": "/logs/plugins/r/random-online-twitch-stream-from-selection/error.json"
  },
  {
    "message": "Required parameter $params follows optional parameter $webhook_event_id in /wordpress/wp-content/plugins/swipe-for-givewp/libraries/swipego/includes/class-swipego-api.php on line 45",
    "level": "DEPRECATED",
    "type": "PHP",
    "test": "jspi-boot",
    "plugin": "random-online-twitch-stream-from-selection",
    "details": "[26-Apr-2025 14:57:09 UTC] PHP Deprecated:  Required parameter $params follows optional parameter $webhook_event_id in /wordpress/wp-content/plugins/swipe-for-givewp/libraries/swipego/includes/class-swipego-api.php on line 45",
    "log": "/logs/plugins/r/random-online-twitch-stream-from-selection/error.json"
  },
  {
    "message": "Function register_uninstall_hook was called <strong>incorrectly</strong>. Only a static class method or function can be used in an uninstall hook. Please see <a href=\"https://developer.wordpress.org/advanced-administration/debug/debug-wordpress/\">Debugging in WordPress</a> for more information. (This message was added in version 3.1.0.) in /wordpress/wp-includes/functions.php on line 6121",
    "level": "NOTICE",
    "type": "PHP",
    "test": "jspi-boot",
    "plugin": "random-online-twitch-stream-from-selection",
    "details": "[26-Apr-2025 14:57:10 UTC] PHP Notice:  Function register_uninstall_hook was called <strong>incorrectly</strong>. Only a static class method or function can be used in an uninstall hook. Please see <a href=\"https://developer.wordpress.org/advanced-administration/debug/debug-wordpress/\">Debugging in WordPress</a> for more information. (This message was added in version 3.1.0.) in /wordpress/wp-includes/functions.php on line 6121",
    "log": "/logs/plugins/r/random-online-twitch-stream-from-selection/error.json"
  },
  {
    "message": "Required parameter $params follows optional parameter $webhook_event_id in /wordpress/wp-content/plugins/swipe-for-givewp/libraries/swipego/includes/class-swipego-api.php on line 45",
    "level": "DEPRECATED",
    "type": "PHP",
    "test": "jspi-boot",
    "plugin": "random-online-twitch-stream-from-selection",
    "details": "[26-Apr-2025 14:57:11 UTC] PHP Deprecated:  Required parameter $params follows optional parameter $webhook_event_id in /wordpress/wp-content/plugins/swipe-for-givewp/libraries/swipego/includes/class-swipego-api.php on line 45",
    "log": "/logs/plugins/r/random-online-twitch-stream-from-selection/error.json"
  },
  {
    "message": "Function register_uninstall_hook was called <strong>incorrectly</strong>. Only a static class method or function can be used in an uninstall hook. Please see <a href=\"https://developer.wordpress.org/advanced-administration/debug/debug-wordpress/\">Debugging in WordPress</a> for more information. (This message was added in version 3.1.0.) in /wordpress/wp-includes/functions.php on line 6121",
    "level": "NOTICE",
    "type": "PHP",
    "test": "jspi-boot",
    "plugin": "random-online-twitch-stream-from-selection",
    "details": "[26-Apr-2025 14:57:11 UTC] PHP Notice:  Function register_uninstall_hook was called <strong>incorrectly</strong>. Only a static class method or function can be used in an uninstall hook. Please see <a href=\"https://developer.wordpress.org/advanced-administration/debug/debug-wordpress/\">Debugging in WordPress</a> for more information. (This message was added in version 3.1.0.) in /wordpress/wp-includes/functions.php on line 6121",
    "log": "/logs/plugins/r/random-online-twitch-stream-from-selection/error.json"
  },
  {
    "message": "Required parameter $params follows optional parameter $webhook_event_id in /wordpress/wp-content/plugins/swipe-for-givewp/libraries/swipego/includes/class-swipego-api.php on line 45",
    "level": "DEPRECATED",
    "type": "PHP",
    "test": "jspi-boot",
    "plugin": "random-online-twitch-stream-from-selection",
    "details": "[26-Apr-2025 14:57:20 UTC] PHP Deprecated:  Required parameter $params follows optional parameter $webhook_event_id in /wordpress/wp-content/plugins/swipe-for-givewp/libraries/swipego/includes/class-swipego-api.php on line 45",
    "log": "/logs/plugins/r/random-online-twitch-stream-from-selection/error.json"
  },
  {
    "message": "Function register_uninstall_hook was called <strong>incorrectly</strong>. Only a static class method or function can be used in an uninstall hook. Please see <a href=\"https://developer.wordpress.org/advanced-administration/debug/debug-wordpress/\">Debugging in WordPress</a> for more information. (This message was added in version 3.1.0.) in /wordpress/wp-includes/functions.php on line 6121",
    "level": "NOTICE",
    "type": "PHP",
    "test": "jspi-boot",
    "plugin": "random-online-twitch-stream-from-selection",
    "details": "[26-Apr-2025 14:57:20 UTC] PHP Notice:  Function register_uninstall_hook was called <strong>incorrectly</strong>. Only a static class method or function can be used in an uninstall hook. Please see <a href=\"https://developer.wordpress.org/advanced-administration/debug/debug-wordpress/\">Debugging in WordPress</a> for more information. (This message was added in version 3.1.0.) in /wordpress/wp-includes/functions.php on line 6121",
    "log": "/logs/plugins/r/random-online-twitch-stream-from-selection/error.json"
  },
  {
    "message": "Required parameter $params follows optional parameter $webhook_event_id in /wordpress/wp-content/plugins/swipe-for-givewp/libraries/swipego/includes/class-swipego-api.php on line 45",
    "level": "DEPRECATED",
    "type": "PHP",
    "test": "jspi-boot",
    "plugin": "random-online-twitch-stream-from-selection",
    "details": "[26-Apr-2025 14:57:21 UTC] PHP Deprecated:  Required parameter $params follows optional parameter $webhook_event_id in /wordpress/wp-content/plugins/swipe-for-givewp/libraries/swipego/includes/class-swipego-api.php on line 45",
    "log": "/logs/plugins/r/random-online-twitch-stream-from-selection/error.json"
  },
  {
    "message": "Function register_uninstall_hook was called <strong>incorrectly</strong>. Only a static class method or function can be used in an uninstall hook. Please see <a href=\"https://developer.wordpress.org/advanced-administration/debug/debug-wordpress/\">Debugging in WordPress</a> for more information. (This message was added in version 3.1.0.) in /wordpress/wp-includes/functions.php on line 6121",
    "level": "NOTICE",
    "type": "PHP",
    "test": "jspi-boot",
    "plugin": "random-online-twitch-stream-from-selection",
    "details": "[26-Apr-2025 14:57:21 UTC] PHP Notice:  Function register_uninstall_hook was called <strong>incorrectly</strong>. Only a static class method or function can be used in an uninstall hook. Please see <a href=\"https://developer.wordpress.org/advanced-administration/debug/debug-wordpress/\">Debugging in WordPress</a> for more information. (This message was added in version 3.1.0.) in /wordpress/wp-includes/functions.php on line 6121",
    "log": "/logs/plugins/r/random-online-twitch-stream-from-selection/error.json"
  },
  {
    "message": "Uncaught TypeError: Argument 1 passed to TwitchStreamFormDataNormalizer::__construct() must be of the type array, bool given, called in /wordpress/wp-content/plugins/random-online-twitch-stream-from-selection/admin/TwitchStreamAdministrationPage.php on line 23 and defined in /wordpress/wp-content/plugins/random-online-twitch-stream-from-selection/services/TwitchStreamFormDataNormalizer.php:14",
    "level": "FATAL",
    "type": "PHP",
    "test": "jspi-boot",
    "plugin": "random-online-twitch-stream-from-selection",
    "details": "[26-Apr-2025 14:58:19 UTC] PHP Fatal error:  Uncaught TypeError: Argument 1 passed to TwitchStreamFormDataNormalizer::__construct() must be of the type array, bool given, called in /wordpress/wp-content/plugins/random-online-twitch-stream-from-selection/admin/TwitchStreamAdministrationPage.php on line 23 and defined in /wordpress/wp-content/plugins/random-online-twitch-stream-from-selection/services/TwitchStreamFormDataNormalizer.php:14\nStack trace:\n#0 /wordpress/wp-content/plugins/random-online-twitch-stream-from-selection/admin/TwitchStreamAdministrationPage.php(23): TwitchStreamFormDataNormalizer->__construct(false)\n#1 /wordpress/wp-content/plugins/random-online-twitch-stream-from-selection/services/TwitchStreamKernel.php(22): TwitchStreamAdministrationPage->__construct('twitchStream', '1.1.0')\n#2 /wordpress/wp-content/plugins/random-online-twitch-stream-from-selection/twitch-stream.php(37): TwitchStreamKernel::run()\n#3 /wordpress/wp-content/plugins/random-online-twitch-stream-from-selection/twitch-stream.php(40): runTwitchSteam()\n#4 /wordpress/wp-ad in /wordpress/wp-content/plugins/random-online-twitch-stream-from-selection/services/TwitchStreamFormDataNormalizer.php on line 14",
    "log": "/logs/plugins/r/random-online-twitch-stream-from-selection/error.json"
  },
  {
    "message": "Uncaught TypeError: Argument 1 passed to TwitchStreamFormDataNormalizer::__construct() must be of the type array, bool given, called in /wordpress/wp-content/plugins/random-online-twitch-stream-from-selection/admin/TwitchStreamAdministrationPage.php on line 23 and defined in /wordpress/wp-content/plugins/random-online-twitch-stream-from-selection/services/TwitchStreamFormDataNormalizer.php:14",
    "level": "FATAL",
    "type": "PHP",
    "test": "jspi-boot",
    "plugin": "random-online-twitch-stream-from-selection",
    "details": "[26-Apr-2025 14:58:27 UTC] PHP Fatal error:  Uncaught TypeError: Argument 1 passed to TwitchStreamFormDataNormalizer::__construct() must be of the type array, bool given, called in /wordpress/wp-content/plugins/random-online-twitch-stream-from-selection/admin/TwitchStreamAdministrationPage.php on line 23 and defined in /wordpress/wp-content/plugins/random-online-twitch-stream-from-selection/services/TwitchStreamFormDataNormalizer.php:14\nStack trace:\n#0 /wordpress/wp-content/plugins/random-online-twitch-stream-from-selection/admin/TwitchStreamAdministrationPage.php(23): TwitchStreamFormDataNormalizer->__construct(false)\n#1 /wordpress/wp-content/plugins/random-online-twitch-stream-from-selection/services/TwitchStreamKernel.php(22): TwitchStreamAdministrationPage->__construct('twitchStream', '1.1.0')\n#2 /wordpress/wp-content/plugins/random-online-twitch-stream-from-selection/twitch-stream.php(37): TwitchStreamKernel::run()\n#3 /wordpress/wp-content/plugins/random-online-twitch-stream-from-selection/twitch-stream.php(40): runTwitchSteam()\n#4 /wordpress/wp-ad in /wordpress/wp-content/plugins/random-online-twitch-stream-from-selection/services/TwitchStreamFormDataNormalizer.php on line 14",
    "log": "/logs/plugins/r/random-online-twitch-stream-from-selection/error.json"
  },
  {
    "message": "Uncaught TypeError: Argument 1 passed to TwitchStreamFormDataNormalizer::__construct() must be of the type array, bool given, called in /wordpress/wp-content/plugins/random-online-twitch-stream-from-selection/admin/TwitchStreamAdministrationPage.php on line 23 and defined in /wordpress/wp-content/plugins/random-online-twitch-stream-from-selection/services/TwitchStreamFormDataNormalizer.php:14",
    "level": "FATAL",
    "type": "PHP",
    "test": "jspi-boot",
    "plugin": "random-online-twitch-stream-from-selection",
    "details": "[26-Apr-2025 14:58:35 UTC] PHP Fatal error:  Uncaught TypeError: Argument 1 passed to TwitchStreamFormDataNormalizer::__construct() must be of the type array, bool given, called in /wordpress/wp-content/plugins/random-online-twitch-stream-from-selection/admin/TwitchStreamAdministrationPage.php on line 23 and defined in /wordpress/wp-content/plugins/random-online-twitch-stream-from-selection/services/TwitchStreamFormDataNormalizer.php:14\nStack trace:\n#0 /wordpress/wp-content/plugins/random-online-twitch-stream-from-selection/admin/TwitchStreamAdministrationPage.php(23): TwitchStreamFormDataNormalizer->__construct(false)\n#1 /wordpress/wp-content/plugins/random-online-twitch-stream-from-selection/services/TwitchStreamKernel.php(22): TwitchStreamAdministrationPage->__construct('twitchStream', '1.1.0')\n#2 /wordpress/wp-content/plugins/random-online-twitch-stream-from-selection/twitch-stream.php(37): TwitchStreamKernel::run()\n#3 /wordpress/wp-content/plugins/random-online-twitch-stream-from-selection/twitch-stream.php(40): runTwitchSteam()\n#4 /wordpress/wp-ad in /wordpress/wp-content/plugins/random-online-twitch-stream-from-selection/services/TwitchStreamFormDataNormalizer.php on line 14\n\n    at Object.onBind (file:///home/runner/work/playground-tester/playground-tester/node_modules/@wp-playground/cli/index.js:237:15)\n    at process.processTicksAndRejections (node:internal/process/task_queues:105:5)\n    at async V (file:///home/runner/work/playground-tester/playground-tester/node_modules/@wp-playground/cli/index.js:64:10)\n    at async ja (file:///home/runner/work/playground-tester/playground-tester/node_modules/@wp-playground/cli/cli.js:8161:12) {\n  [cause]: Error: Error when executing the blueprint step #1 ({\"step\":\"installPlugin\",\"pluginData\":{\"resource\":\"wordpress.org/plugins\",\"slug\":\"random-online-twitch-stream-from-selection\"},\"options\":{\"activate\":true}}) : PHP.run() failed with exit code 255 and the following output: \n      at Object.run (file:///home/runner/work/playground-tester/playground-tester/node_modules/@wp-playground/blueprints/index.js:12449:19)\n      at process.processTicksAndRejections (node:internal/process/task_queues:105:5)\n      at async ms (file:///home/runner/work/playground-tester/playground-tester/node_modules/@wp-playground/blueprints/index.js:12552:3)\n      ... 2 lines matching cause stack trace ...\n      at async ja (file:///home/runner/work/playground-tester/playground-tester/node_modules/@wp-playground/cli/cli.js:8161:12) {\n    [cause]: PHPExecutionFailureError: PHP.run() failed with exit code 255 and the following output: \n        at PHP.run (file:///home/runner/work/playground-tester/playground-tester/node_modules/@php-wasm/universal/index.js:987:19)\n        at process.processTicksAndRejections (node:internal/process/task_queues:105:5)\n        at async wr (file:///home/runner/work/playground-tester/playground-tester/node_modules/@wp-playground/blueprints/index.js:33:39)\n        at async Object.gt [as installPlugin] (file:///home/runner/work/playground-tester/playground-tester/node_modules/@wp-playground/blueprints/index.js:974:42)\n        at async g (file:///home/runner/work/playground-tester/playground-tester/node_modules/@wp-playground/blueprints/index.js:12517:30)\n        at async Object.run (file:///home/runner/work/playground-tester/playground-tester/node_modules/@wp-playground/blueprints/index.js:12446:23)\n        at async ms (file:///home/runner/work/playground-tester/playground-tester/node_modules/@wp-playground/blueprints/index.js:12552:3)\n        at async Object.onBind (file:///home/runner/work/playground-tester/playground-tester/node_modules/@wp-playground/cli/index.js:227:48)\n        at async V (file:///home/runner/work/playground-tester/playground-tester/node_modules/@wp-playground/cli/index.js:64:10)\n        at async ja (file:///home/runner/work/playground-tester/playground-tester/node_modules/@wp-playground/cli/cli.js:8161:12) {\n      response: PHPResponse {\n        httpStatusCode: 500,\n        headers: {\n          'x-powered-by': [ 'PHP/7.4.31-dev' ],\n          'content-type': [ 'text/html; charset=UTF-8' ]\n        },\n        bytes: Uint8Array(0) [],\n        exitCode: 255,\n        errors: ''\n      },\n      source: 'request'\n    }\n  }\n}\n\n",
    "log": "/logs/plugins/r/random-online-twitch-stream-from-selection/error.json"
  }
]
