[
  {
    "message": "file:///home/runner/work/playground-tester/playground-tester/node_modules/@wp-playground/cli/index.js:237\n        throw new Error(y, { cause: u });\n              ^\n",
    "level": "FATAL",
    "type": "PLAYGROUND",
    "test": "ast-sqlite-boot",
    "plugin": "statpress-visitors-1",
    "details": "file:///home/runner/work/playground-tester/playground-tester/node_modules/@wp-playground/cli/index.js:237\n        throw new Error(y, { cause: u });\n              ^\n",
    "log": "/tmp/tmp.yJK3kLGFrY"
  },
  {
    "message": "Undefined variable $wpdb in /wordpress/wp-content/plugins/seo-1/wds-files/wds-sitemaps/wds-core/wds-core-wpabstraction.php on line 12",
    "level": "WARNING",
    "type": "PHP",
    "test": "ast-sqlite-boot",
    "plugin": "statpress-visitors-1",
    "details": "[08-May-2025 23:49:46 UTC] PHP Warning:  Undefined variable $wpdb in /wordpress/wp-content/plugins/seo-1/wds-files/wds-sitemaps/wds-core/wds-core-wpabstraction.php on line 12",
    "log": "/logs/plugins/s/statpress-visitors-1/error.json"
  },
  {
    "message": "Attempt to read property \"prefix\" on null in /wordpress/wp-content/plugins/seo-1/wds-files/wds-sitemaps/wds-core/wds-core-wpabstraction.php on line 12",
    "level": "WARNING",
    "type": "PHP",
    "test": "ast-sqlite-boot",
    "plugin": "statpress-visitors-1",
    "details": "[08-May-2025 23:49:46 UTC] PHP Warning:  Attempt to read property \"prefix\" on null in /wordpress/wp-content/plugins/seo-1/wds-files/wds-sitemaps/wds-core/wds-core-wpabstraction.php on line 12",
    "log": "/logs/plugins/s/statpress-visitors-1/error.json"
  },
  {
    "message": "Uncaught Error: Attempt to assign property \"base_prefix\" on null in /wordpress/wp-content/plugins/seo-1/wds-files/wds-sitemaps/wds-core/wds-core-wpabstraction.php:12",
    "level": "FATAL",
    "type": "PHP",
    "test": "ast-sqlite-boot",
    "plugin": "statpress-visitors-1",
    "details": "[08-May-2025 23:49:46 UTC] PHP Fatal error:  Uncaught Error: Attempt to assign property \"base_prefix\" on null in /wordpress/wp-content/plugins/seo-1/wds-files/wds-sitemaps/wds-core/wds-core-wpabstraction.php:12\nStack trace:\n#0 /wordpress/wp-content/plugins/seo-1/seo1.php(51): require_once()\n#1 /wordpress/wp-admin/includes/plugin.php(2387): include_once('/wordpress/wp-c...')\n#2 /wordpress/wp-admin/includes/plugin.php(673): plugin_sandbox_scrape('seo-1/seo1.php')\n#3 /internal/eval.php(20): activate_plugin('seo-1/seo1.php')\n#4 {main}\n  thrown in /wordpress/wp-content/plugins/seo-1/wds-files/wds-sitemaps/wds-core/wds-core-wpabstraction.php on line 12",
    "log": "/logs/plugins/s/statpress-visitors-1/error.json"
  },
  {
    "message": "Undefined variable $wpdb in /wordpress/wp-content/plugins/seo-1/wds-files/wds-sitemaps/wds-core/wds-core-wpabstraction.php on line 12",
    "level": "WARNING",
    "type": "PHP",
    "test": "ast-sqlite-boot",
    "plugin": "statpress-visitors-1",
    "details": "[08-May-2025 23:49:53 UTC] PHP Warning:  Undefined variable $wpdb in /wordpress/wp-content/plugins/seo-1/wds-files/wds-sitemaps/wds-core/wds-core-wpabstraction.php on line 12",
    "log": "/logs/plugins/s/statpress-visitors-1/error.json"
  },
  {
    "message": "Attempt to read property \"prefix\" on null in /wordpress/wp-content/plugins/seo-1/wds-files/wds-sitemaps/wds-core/wds-core-wpabstraction.php on line 12",
    "level": "WARNING",
    "type": "PHP",
    "test": "ast-sqlite-boot",
    "plugin": "statpress-visitors-1",
    "details": "[08-May-2025 23:49:53 UTC] PHP Warning:  Attempt to read property \"prefix\" on null in /wordpress/wp-content/plugins/seo-1/wds-files/wds-sitemaps/wds-core/wds-core-wpabstraction.php on line 12",
    "log": "/logs/plugins/s/statpress-visitors-1/error.json"
  },
  {
    "message": "Uncaught Error: Attempt to assign property \"base_prefix\" on null in /wordpress/wp-content/plugins/seo-1/wds-files/wds-sitemaps/wds-core/wds-core-wpabstraction.php:12",
    "level": "FATAL",
    "type": "PHP",
    "test": "ast-sqlite-boot",
    "plugin": "statpress-visitors-1",
    "details": "[08-May-2025 23:49:53 UTC] PHP Fatal error:  Uncaught Error: Attempt to assign property \"base_prefix\" on null in /wordpress/wp-content/plugins/seo-1/wds-files/wds-sitemaps/wds-core/wds-core-wpabstraction.php:12\nStack trace:\n#0 /wordpress/wp-content/plugins/seo-1/seo1.php(51): require_once()\n#1 /wordpress/wp-admin/includes/plugin.php(2387): include_once('/wordpress/wp-c...')\n#2 /wordpress/wp-admin/includes/plugin.php(673): plugin_sandbox_scrape('seo-1/seo1.php')\n#3 /internal/eval.php(20): activate_plugin('seo-1/seo1.php')\n#4 {main}\n  thrown in /wordpress/wp-content/plugins/seo-1/wds-files/wds-sitemaps/wds-core/wds-core-wpabstraction.php on line 12",
    "log": "/logs/plugins/s/statpress-visitors-1/error.json"
  },
  {
    "message": "Undefined variable $wpdb in /wordpress/wp-content/plugins/seo-1/wds-files/wds-sitemaps/wds-core/wds-core-wpabstraction.php on line 12",
    "level": "WARNING",
    "type": "PHP",
    "test": "ast-sqlite-boot",
    "plugin": "statpress-visitors-1",
    "details": "[08-May-2025 23:50:01 UTC] PHP Warning:  Undefined variable $wpdb in /wordpress/wp-content/plugins/seo-1/wds-files/wds-sitemaps/wds-core/wds-core-wpabstraction.php on line 12",
    "log": "/logs/plugins/s/statpress-visitors-1/error.json"
  },
  {
    "message": "Attempt to read property \"prefix\" on null in /wordpress/wp-content/plugins/seo-1/wds-files/wds-sitemaps/wds-core/wds-core-wpabstraction.php on line 12",
    "level": "WARNING",
    "type": "PHP",
    "test": "ast-sqlite-boot",
    "plugin": "statpress-visitors-1",
    "details": "[08-May-2025 23:50:01 UTC] PHP Warning:  Attempt to read property \"prefix\" on null in /wordpress/wp-content/plugins/seo-1/wds-files/wds-sitemaps/wds-core/wds-core-wpabstraction.php on line 12",
    "log": "/logs/plugins/s/statpress-visitors-1/error.json"
  },
  {
    "message": "Uncaught Error: Attempt to assign property \"base_prefix\" on null in /wordpress/wp-content/plugins/seo-1/wds-files/wds-sitemaps/wds-core/wds-core-wpabstraction.php:12",
    "level": "FATAL",
    "type": "PHP",
    "test": "ast-sqlite-boot",
    "plugin": "statpress-visitors-1",
    "details": "[08-May-2025 23:50:01 UTC] PHP Fatal error:  Uncaught Error: Attempt to assign property \"base_prefix\" on null in /wordpress/wp-content/plugins/seo-1/wds-files/wds-sitemaps/wds-core/wds-core-wpabstraction.php:12\nStack trace:\n#0 /wordpress/wp-content/plugins/seo-1/seo1.php(51): require_once()\n#1 /wordpress/wp-admin/includes/plugin.php(2387): include_once('/wordpress/wp-c...')\n#2 /wordpress/wp-admin/includes/plugin.php(673): plugin_sandbox_scrape('seo-1/seo1.php')\n#3 /internal/eval.php(20): activate_plugin('seo-1/seo1.php')\n#4 {main}\n  thrown in /wordpress/wp-content/plugins/seo-1/wds-files/wds-sitemaps/wds-core/wds-core-wpabstraction.php on line 12",
    "log": "/logs/plugins/s/statpress-visitors-1/error.json"
  },
  {
    "message": "[08-May-2025 23:50:36 UTC] MPWPB_Plugin activated.",
    "level": "INFO",
    "type": "OTHER",
    "test": "ast-sqlite-boot",
    "plugin": "statpress-visitors-1",
    "details": "[08-May-2025 23:50:36 UTC] MPWPB_Plugin activated.",
    "log": "/logs/plugins/s/statpress-visitors-1/error.json"
  },
  {
    "message": "[08-May-2025 23:50:46 UTC] MPWPB_Plugin activated.",
    "level": "INFO",
    "type": "OTHER",
    "test": "ast-sqlite-boot",
    "plugin": "statpress-visitors-1",
    "details": "[08-May-2025 23:50:46 UTC] MPWPB_Plugin activated.",
    "log": "/logs/plugins/s/statpress-visitors-1/error.json"
  },
  {
    "message": "[08-May-2025 23:50:55 UTC] MPWPB_Plugin activated.",
    "level": "INFO",
    "type": "OTHER",
    "test": "ast-sqlite-boot",
    "plugin": "statpress-visitors-1",
    "details": "[08-May-2025 23:50:55 UTC] MPWPB_Plugin activated.",
    "log": "/logs/plugins/s/statpress-visitors-1/error.json"
  },
  {
    "message": "[08-May-2025 23:52:53 UTC] [Squad Modules] [ERROR]: [Missing Divi] Requirements check failed: Divi Installation. Current: Not installed. Expected: Divi theme or Divi Builder plugin must be installed.",
    "level": "INFO",
    "type": "OTHER",
    "test": "ast-sqlite-boot",
    "plugin": "statpress-visitors-1",
    "details": "[08-May-2025 23:52:53 UTC] [Squad Modules] [ERROR]: [Missing Divi] Requirements check failed: Divi Installation. Current: Not installed. Expected: Divi theme or Divi Builder plugin must be installed.",
    "log": "/logs/plugins/s/statpress-visitors-1/error.json"
  },
  {
    "message": "[08-May-2025 23:52:55 UTC] [Squad Modules] [ERROR]: [Missing Divi] Requirements check failed: Divi Installation. Current: Not installed. Expected: Divi theme or Divi Builder plugin must be installed.",
    "level": "INFO",
    "type": "OTHER",
    "test": "ast-sqlite-boot",
    "plugin": "statpress-visitors-1",
    "details": "[08-May-2025 23:52:55 UTC] [Squad Modules] [ERROR]: [Missing Divi] Requirements check failed: Divi Installation. Current: Not installed. Expected: Divi theme or Divi Builder plugin must be installed.",
    "log": "/logs/plugins/s/statpress-visitors-1/error.json"
  },
  {
    "message": "[08-May-2025 23:53:00 UTC] [Squad Modules] [ERROR]: [Missing Divi] Requirements check failed: Divi Installation. Current: Not installed. Expected: Divi theme or Divi Builder plugin must be installed.",
    "level": "INFO",
    "type": "OTHER",
    "test": "ast-sqlite-boot",
    "plugin": "statpress-visitors-1",
    "details": "[08-May-2025 23:53:00 UTC] [Squad Modules] [ERROR]: [Missing Divi] Requirements check failed: Divi Installation. Current: Not installed. Expected: Divi theme or Divi Builder plugin must be installed.",
    "log": "/logs/plugins/s/statpress-visitors-1/error.json"
  },
  {
    "message": "[08-May-2025 23:53:11 UTC] [Squad Modules] [ERROR]: [Missing Divi] Requirements check failed: Divi Installation. Current: Not installed. Expected: Divi theme or Divi Builder plugin must be installed.",
    "level": "INFO",
    "type": "OTHER",
    "test": "ast-sqlite-boot",
    "plugin": "statpress-visitors-1",
    "details": "[08-May-2025 23:53:11 UTC] [Squad Modules] [ERROR]: [Missing Divi] Requirements check failed: Divi Installation. Current: Not installed. Expected: Divi theme or Divi Builder plugin must be installed.",
    "log": "/logs/plugins/s/statpress-visitors-1/error.json"
  },
  {
    "message": "[08-May-2025 23:53:13 UTC] [Squad Modules] [ERROR]: [Missing Divi] Requirements check failed: Divi Installation. Current: Not installed. Expected: Divi theme or Divi Builder plugin must be installed.",
    "level": "INFO",
    "type": "OTHER",
    "test": "ast-sqlite-boot",
    "plugin": "statpress-visitors-1",
    "details": "[08-May-2025 23:53:13 UTC] [Squad Modules] [ERROR]: [Missing Divi] Requirements check failed: Divi Installation. Current: Not installed. Expected: Divi theme or Divi Builder plugin must be installed.",
    "log": "/logs/plugins/s/statpress-visitors-1/error.json"
  },
  {
    "message": "[08-May-2025 23:53:16 UTC] [Squad Modules] [ERROR]: [Missing Divi] Requirements check failed: Divi Installation. Current: Not installed. Expected: Divi theme or Divi Builder plugin must be installed.",
    "level": "INFO",
    "type": "OTHER",
    "test": "ast-sqlite-boot",
    "plugin": "statpress-visitors-1",
    "details": "[08-May-2025 23:53:16 UTC] [Squad Modules] [ERROR]: [Missing Divi] Requirements check failed: Divi Installation. Current: Not installed. Expected: Divi theme or Divi Builder plugin must be installed.",
    "log": "/logs/plugins/s/statpress-visitors-1/error.json"
  },
  {
    "message": "[08-May-2025 23:53:18 UTC] [Squad Modules] [ERROR]: [Missing Divi] Requirements check failed: Divi Installation. Current: Not installed. Expected: Divi theme or Divi Builder plugin must be installed.",
    "level": "INFO",
    "type": "OTHER",
    "test": "ast-sqlite-boot",
    "plugin": "statpress-visitors-1",
    "details": "[08-May-2025 23:53:18 UTC] [Squad Modules] [ERROR]: [Missing Divi] Requirements check failed: Divi Installation. Current: Not installed. Expected: Divi theme or Divi Builder plugin must be installed.",
    "log": "/logs/plugins/s/statpress-visitors-1/error.json"
  },
  {
    "message": "[08-May-2025 23:53:32 UTC] [Squad Modules] [ERROR]: [Missing Divi] Requirements check failed: Divi Installation. Current: Not installed. Expected: Divi theme or Divi Builder plugin must be installed.",
    "level": "INFO",
    "type": "OTHER",
    "test": "ast-sqlite-boot",
    "plugin": "statpress-visitors-1",
    "details": "[08-May-2025 23:53:32 UTC] [Squad Modules] [ERROR]: [Missing Divi] Requirements check failed: Divi Installation. Current: Not installed. Expected: Divi theme or Divi Builder plugin must be installed.",
    "log": "/logs/plugins/s/statpress-visitors-1/error.json"
  },
  {
    "message": "[08-May-2025 23:53:34 UTC] [Squad Modules] [ERROR]: [Missing Divi] Requirements check failed: Divi Installation. Current: Not installed. Expected: Divi theme or Divi Builder plugin must be installed.",
    "level": "INFO",
    "type": "OTHER",
    "test": "ast-sqlite-boot",
    "plugin": "statpress-visitors-1",
    "details": "[08-May-2025 23:53:34 UTC] [Squad Modules] [ERROR]: [Missing Divi] Requirements check failed: Divi Installation. Current: Not installed. Expected: Divi theme or Divi Builder plugin must be installed.",
    "log": "/logs/plugins/s/statpress-visitors-1/error.json"
  },
  {
    "message": "[08-May-2025 23:53:37 UTC] [Squad Modules] [ERROR]: [Missing Divi] Requirements check failed: Divi Installation. Current: Not installed. Expected: Divi theme or Divi Builder plugin must be installed.",
    "level": "INFO",
    "type": "OTHER",
    "test": "ast-sqlite-boot",
    "plugin": "statpress-visitors-1",
    "details": "[08-May-2025 23:53:37 UTC] [Squad Modules] [ERROR]: [Missing Divi] Requirements check failed: Divi Installation. Current: Not installed. Expected: Divi theme or Divi Builder plugin must be installed.",
    "log": "/logs/plugins/s/statpress-visitors-1/error.json"
  },
  {
    "message": "[08-May-2025 23:53:38 UTC] [Squad Modules] [ERROR]: [Missing Divi] Requirements check failed: Divi Installation. Current: Not installed. Expected: Divi theme or Divi Builder plugin must be installed.\n\n    at Object.onBind (file:///home/runner/work/playground-tester/playground-tester/node_modules/@wp-playground/cli/index.js:237:15)\n    at process.processTicksAndRejections (node:internal/process/task_queues:105:5)\n    at async V (file:///home/runner/work/playground-tester/playground-tester/node_modules/@wp-playground/cli/index.js:64:10)\n    at async ja (file:///home/runner/work/playground-tester/playground-tester/node_modules/@wp-playground/cli/cli.js:8161:12) {\n  [cause]: Error: Error when executing the blueprint step #5 ({\"step\":\"installPlugin\",\"pluginData\":{\"resource\":\"wordpress.org/plugins\",\"slug\":\"statpress-visitors-1\"},\"options\":{\"activate\":true}}) : Could not download \"https://downloads.wordpress.org/plugin/statpress-visitors-1.latest-stable.zip\".\n  \t\t\t\tCheck if the URL is correct and the server is reachable.\n  \t\t\t\tIf it is reachable, the server might be blocking the request.\n  \t\t\t\tCheck the browser console and network tabs for more information.\n  \n  \t\t\t\t## Does the console show the error \"No 'Access-Control-Allow-Origin' header\"?\n  \n  \t\t\t\tThis means the server that hosts your file does not allow requests from other sites\n  \t\t\t\t(cross-origin requests, or CORS).\tYou need to move the asset to a server that allows\n  \t\t\t\tcross-origin file downloads. Learn more about CORS at\n  \t\t\t\thttps://developer.mozilla.org/en-US/docs/Web/HTTP/CORS.\n  \n  \t\t\t\tIf your file is on GitHub, load it from \"raw.githubusercontent.com\".\n  \t\t\t\tHere's how to do that:\n  \n  \t\t\t\t1. Start with the original GitHub URL of the file. For example:\n  \t\t\t\thttps://github.com/username/repository/blob/branch/filename.\n  \t\t\t\t2. Replace \"github.com\" with \"raw.githubusercontent.com\".\n  \t\t\t\t3. Remove the \"/blob/\" part of the URL.\n  \n  \t\t\t\tThe resulting URL should look like this:\n  \t\t\t\thttps://raw.githubusercontent.com/username/repository/branch/filename\n  \n  \t\t\t\tError:\n  \t\t\t\tError: Could not download \"https://downloads.wordpress.org/plugin/statpress-visitors-1.latest-stable.zip\"\n      at Object.run (file:///home/runner/work/playground-tester/playground-tester/node_modules/@wp-playground/blueprints/index.js:12449:19)\n      at process.processTicksAndRejections (node:internal/process/task_queues:105:5)\n      at async ms (file:///home/runner/work/playground-tester/playground-tester/node_modules/@wp-playground/blueprints/index.js:12552:3)\n      at async Object.onBind (file:///home/runner/work/playground-tester/playground-tester/node_modules/@wp-playground/cli/index.js:227:48)\n      at async V (file:///home/runner/work/playground-tester/playground-tester/node_modules/@wp-playground/cli/index.js:64:10)\n      at async ja (file:///home/runner/work/playground-tester/playground-tester/node_modules/@wp-playground/cli/cli.js:8161:12) {\n    [cause]: Error: Could not download \"https://downloads.wordpress.org/plugin/statpress-visitors-1.latest-stable.zip\".\n    \t\t\t\tCheck if the URL is correct and the server is reachable.\n    \t\t\t\tIf it is reachable, the server might be blocking the request.\n    \t\t\t\tCheck the browser console and network tabs for more information.\n    \n    \t\t\t\t## Does the console show the error \"No 'Access-Control-Allow-Origin' header\"?\n    \n    \t\t\t\tThis means the server that hosts your file does not allow requests from other sites\n    \t\t\t\t(cross-origin requests, or CORS).\tYou need to move the asset to a server that allows\n    \t\t\t\tcross-origin file downloads. Learn more about CORS at\n    \t\t\t\thttps://developer.mozilla.org/en-US/docs/Web/HTTP/CORS.\n    \n    \t\t\t\tIf your file is on GitHub, load it from \"raw.githubusercontent.com\".\n    \t\t\t\tHere's how to do that:\n    \n    \t\t\t\t1. Start with the original GitHub URL of the file. For example:\n    \t\t\t\thttps://github.com/username/repository/blob/branch/filename.\n    \t\t\t\t2. Replace \"github.com\" with \"raw.githubusercontent.com\".\n    \t\t\t\t3. Remove the \"/blob/\" part of the URL.\n    \n    \t\t\t\tThe resulting URL should look like this:\n    \t\t\t\thttps://raw.githubusercontent.com/username/repository/branch/filename\n    \n    \t\t\t\tError:\n    \t\t\t\tError: Could not download \"https://downloads.wordpress.org/plugin/statpress-visitors-1.latest-stable.zip\"\n        at Ct.resolve (file:///home/runner/work/playground-tester/playground-tester/node_modules/@wp-playground/blueprints/index.js:1472:13)\n        at process.processTicksAndRejections (node:internal/process/task_queues:105:5)\n        at async _.run (file:///home/runner/work/playground-tester/playground-tester/node_modules/@php-wasm/util/index.js:45:14)\n  }\n}\n\n",
    "level": "INFO",
    "type": "OTHER",
    "test": "ast-sqlite-boot",
    "plugin": "statpress-visitors-1",
    "details": "[08-May-2025 23:53:38 UTC] [Squad Modules] [ERROR]: [Missing Divi] Requirements check failed: Divi Installation. Current: Not installed. Expected: Divi theme or Divi Builder plugin must be installed.\n\n    at Object.onBind (file:///home/runner/work/playground-tester/playground-tester/node_modules/@wp-playground/cli/index.js:237:15)\n    at process.processTicksAndRejections (node:internal/process/task_queues:105:5)\n    at async V (file:///home/runner/work/playground-tester/playground-tester/node_modules/@wp-playground/cli/index.js:64:10)\n    at async ja (file:///home/runner/work/playground-tester/playground-tester/node_modules/@wp-playground/cli/cli.js:8161:12) {\n  [cause]: Error: Error when executing the blueprint step #5 ({\"step\":\"installPlugin\",\"pluginData\":{\"resource\":\"wordpress.org/plugins\",\"slug\":\"statpress-visitors-1\"},\"options\":{\"activate\":true}}) : Could not download \"https://downloads.wordpress.org/plugin/statpress-visitors-1.latest-stable.zip\".\n  \t\t\t\tCheck if the URL is correct and the server is reachable.\n  \t\t\t\tIf it is reachable, the server might be blocking the request.\n  \t\t\t\tCheck the browser console and network tabs for more information.\n  \n  \t\t\t\t## Does the console show the error \"No 'Access-Control-Allow-Origin' header\"?\n  \n  \t\t\t\tThis means the server that hosts your file does not allow requests from other sites\n  \t\t\t\t(cross-origin requests, or CORS).\tYou need to move the asset to a server that allows\n  \t\t\t\tcross-origin file downloads. Learn more about CORS at\n  \t\t\t\thttps://developer.mozilla.org/en-US/docs/Web/HTTP/CORS.\n  \n  \t\t\t\tIf your file is on GitHub, load it from \"raw.githubusercontent.com\".\n  \t\t\t\tHere's how to do that:\n  \n  \t\t\t\t1. Start with the original GitHub URL of the file. For example:\n  \t\t\t\thttps://github.com/username/repository/blob/branch/filename.\n  \t\t\t\t2. Replace \"github.com\" with \"raw.githubusercontent.com\".\n  \t\t\t\t3. Remove the \"/blob/\" part of the URL.\n  \n  \t\t\t\tThe resulting URL should look like this:\n  \t\t\t\thttps://raw.githubusercontent.com/username/repository/branch/filename\n  \n  \t\t\t\tError:\n  \t\t\t\tError: Could not download \"https://downloads.wordpress.org/plugin/statpress-visitors-1.latest-stable.zip\"\n      at Object.run (file:///home/runner/work/playground-tester/playground-tester/node_modules/@wp-playground/blueprints/index.js:12449:19)\n      at process.processTicksAndRejections (node:internal/process/task_queues:105:5)\n      at async ms (file:///home/runner/work/playground-tester/playground-tester/node_modules/@wp-playground/blueprints/index.js:12552:3)\n      at async Object.onBind (file:///home/runner/work/playground-tester/playground-tester/node_modules/@wp-playground/cli/index.js:227:48)\n      at async V (file:///home/runner/work/playground-tester/playground-tester/node_modules/@wp-playground/cli/index.js:64:10)\n      at async ja (file:///home/runner/work/playground-tester/playground-tester/node_modules/@wp-playground/cli/cli.js:8161:12) {\n    [cause]: Error: Could not download \"https://downloads.wordpress.org/plugin/statpress-visitors-1.latest-stable.zip\".\n    \t\t\t\tCheck if the URL is correct and the server is reachable.\n    \t\t\t\tIf it is reachable, the server might be blocking the request.\n    \t\t\t\tCheck the browser console and network tabs for more information.\n    \n    \t\t\t\t## Does the console show the error \"No 'Access-Control-Allow-Origin' header\"?\n    \n    \t\t\t\tThis means the server that hosts your file does not allow requests from other sites\n    \t\t\t\t(cross-origin requests, or CORS).\tYou need to move the asset to a server that allows\n    \t\t\t\tcross-origin file downloads. Learn more about CORS at\n    \t\t\t\thttps://developer.mozilla.org/en-US/docs/Web/HTTP/CORS.\n    \n    \t\t\t\tIf your file is on GitHub, load it from \"raw.githubusercontent.com\".\n    \t\t\t\tHere's how to do that:\n    \n    \t\t\t\t1. Start with the original GitHub URL of the file. For example:\n    \t\t\t\thttps://github.com/username/repository/blob/branch/filename.\n    \t\t\t\t2. Replace \"github.com\" with \"raw.githubusercontent.com\".\n    \t\t\t\t3. Remove the \"/blob/\" part of the URL.\n    \n    \t\t\t\tThe resulting URL should look like this:\n    \t\t\t\thttps://raw.githubusercontent.com/username/repository/branch/filename\n    \n    \t\t\t\tError:\n    \t\t\t\tError: Could not download \"https://downloads.wordpress.org/plugin/statpress-visitors-1.latest-stable.zip\"\n        at Ct.resolve (file:///home/runner/work/playground-tester/playground-tester/node_modules/@wp-playground/blueprints/index.js:1472:13)\n        at process.processTicksAndRejections (node:internal/process/task_queues:105:5)\n        at async _.run (file:///home/runner/work/playground-tester/playground-tester/node_modules/@php-wasm/util/index.js:45:14)\n  }\n}\n\n",
    "log": "/logs/plugins/s/statpress-visitors-1/error.json"
  },
  {
    "message": "file:///home/runner/work/playground-tester/playground-tester/node_modules/@wp-playground/cli/index.js:237\n        throw new Error(y, { cause: u });\n              ^\n",
    "level": "FATAL",
    "type": "PLAYGROUND",
    "test": "asyncify-boot",
    "plugin": "statpress-visitors-1",
    "details": "file:///home/runner/work/playground-tester/playground-tester/node_modules/@wp-playground/cli/index.js:237\n        throw new Error(y, { cause: u });\n              ^\n",
    "log": "/tmp/tmp.9qcJBS73R5"
  },
  {
    "message": "Undefined variable $wpdb in /wordpress/wp-content/plugins/seo-1/wds-files/wds-sitemaps/wds-core/wds-core-wpabstraction.php on line 12",
    "level": "WARNING",
    "type": "PHP",
    "test": "asyncify-boot",
    "plugin": "statpress-visitors-1",
    "details": "[08-May-2025 23:49:46 UTC] PHP Warning:  Undefined variable $wpdb in /wordpress/wp-content/plugins/seo-1/wds-files/wds-sitemaps/wds-core/wds-core-wpabstraction.php on line 12",
    "log": "/logs/plugins/s/statpress-visitors-1/error.json"
  },
  {
    "message": "Attempt to read property \"prefix\" on null in /wordpress/wp-content/plugins/seo-1/wds-files/wds-sitemaps/wds-core/wds-core-wpabstraction.php on line 12",
    "level": "WARNING",
    "type": "PHP",
    "test": "asyncify-boot",
    "plugin": "statpress-visitors-1",
    "details": "[08-May-2025 23:49:46 UTC] PHP Warning:  Attempt to read property \"prefix\" on null in /wordpress/wp-content/plugins/seo-1/wds-files/wds-sitemaps/wds-core/wds-core-wpabstraction.php on line 12",
    "log": "/logs/plugins/s/statpress-visitors-1/error.json"
  },
  {
    "message": "Uncaught Error: Attempt to assign property \"base_prefix\" on null in /wordpress/wp-content/plugins/seo-1/wds-files/wds-sitemaps/wds-core/wds-core-wpabstraction.php:12",
    "level": "FATAL",
    "type": "PHP",
    "test": "asyncify-boot",
    "plugin": "statpress-visitors-1",
    "details": "[08-May-2025 23:49:46 UTC] PHP Fatal error:  Uncaught Error: Attempt to assign property \"base_prefix\" on null in /wordpress/wp-content/plugins/seo-1/wds-files/wds-sitemaps/wds-core/wds-core-wpabstraction.php:12\nStack trace:\n#0 /wordpress/wp-content/plugins/seo-1/seo1.php(51): require_once()\n#1 /wordpress/wp-admin/includes/plugin.php(2387): include_once('/wordpress/wp-c...')\n#2 /wordpress/wp-admin/includes/plugin.php(673): plugin_sandbox_scrape('seo-1/seo1.php')\n#3 /internal/eval.php(20): activate_plugin('seo-1/seo1.php')\n#4 {main}\n  thrown in /wordpress/wp-content/plugins/seo-1/wds-files/wds-sitemaps/wds-core/wds-core-wpabstraction.php on line 12",
    "log": "/logs/plugins/s/statpress-visitors-1/error.json"
  },
  {
    "message": "Undefined variable $wpdb in /wordpress/wp-content/plugins/seo-1/wds-files/wds-sitemaps/wds-core/wds-core-wpabstraction.php on line 12",
    "level": "WARNING",
    "type": "PHP",
    "test": "asyncify-boot",
    "plugin": "statpress-visitors-1",
    "details": "[08-May-2025 23:49:53 UTC] PHP Warning:  Undefined variable $wpdb in /wordpress/wp-content/plugins/seo-1/wds-files/wds-sitemaps/wds-core/wds-core-wpabstraction.php on line 12",
    "log": "/logs/plugins/s/statpress-visitors-1/error.json"
  },
  {
    "message": "Attempt to read property \"prefix\" on null in /wordpress/wp-content/plugins/seo-1/wds-files/wds-sitemaps/wds-core/wds-core-wpabstraction.php on line 12",
    "level": "WARNING",
    "type": "PHP",
    "test": "asyncify-boot",
    "plugin": "statpress-visitors-1",
    "details": "[08-May-2025 23:49:53 UTC] PHP Warning:  Attempt to read property \"prefix\" on null in /wordpress/wp-content/plugins/seo-1/wds-files/wds-sitemaps/wds-core/wds-core-wpabstraction.php on line 12",
    "log": "/logs/plugins/s/statpress-visitors-1/error.json"
  },
  {
    "message": "Uncaught Error: Attempt to assign property \"base_prefix\" on null in /wordpress/wp-content/plugins/seo-1/wds-files/wds-sitemaps/wds-core/wds-core-wpabstraction.php:12",
    "level": "FATAL",
    "type": "PHP",
    "test": "asyncify-boot",
    "plugin": "statpress-visitors-1",
    "details": "[08-May-2025 23:49:53 UTC] PHP Fatal error:  Uncaught Error: Attempt to assign property \"base_prefix\" on null in /wordpress/wp-content/plugins/seo-1/wds-files/wds-sitemaps/wds-core/wds-core-wpabstraction.php:12\nStack trace:\n#0 /wordpress/wp-content/plugins/seo-1/seo1.php(51): require_once()\n#1 /wordpress/wp-admin/includes/plugin.php(2387): include_once('/wordpress/wp-c...')\n#2 /wordpress/wp-admin/includes/plugin.php(673): plugin_sandbox_scrape('seo-1/seo1.php')\n#3 /internal/eval.php(20): activate_plugin('seo-1/seo1.php')\n#4 {main}\n  thrown in /wordpress/wp-content/plugins/seo-1/wds-files/wds-sitemaps/wds-core/wds-core-wpabstraction.php on line 12",
    "log": "/logs/plugins/s/statpress-visitors-1/error.json"
  },
  {
    "message": "Undefined variable $wpdb in /wordpress/wp-content/plugins/seo-1/wds-files/wds-sitemaps/wds-core/wds-core-wpabstraction.php on line 12",
    "level": "WARNING",
    "type": "PHP",
    "test": "asyncify-boot",
    "plugin": "statpress-visitors-1",
    "details": "[08-May-2025 23:50:01 UTC] PHP Warning:  Undefined variable $wpdb in /wordpress/wp-content/plugins/seo-1/wds-files/wds-sitemaps/wds-core/wds-core-wpabstraction.php on line 12",
    "log": "/logs/plugins/s/statpress-visitors-1/error.json"
  },
  {
    "message": "Attempt to read property \"prefix\" on null in /wordpress/wp-content/plugins/seo-1/wds-files/wds-sitemaps/wds-core/wds-core-wpabstraction.php on line 12",
    "level": "WARNING",
    "type": "PHP",
    "test": "asyncify-boot",
    "plugin": "statpress-visitors-1",
    "details": "[08-May-2025 23:50:01 UTC] PHP Warning:  Attempt to read property \"prefix\" on null in /wordpress/wp-content/plugins/seo-1/wds-files/wds-sitemaps/wds-core/wds-core-wpabstraction.php on line 12",
    "log": "/logs/plugins/s/statpress-visitors-1/error.json"
  },
  {
    "message": "Uncaught Error: Attempt to assign property \"base_prefix\" on null in /wordpress/wp-content/plugins/seo-1/wds-files/wds-sitemaps/wds-core/wds-core-wpabstraction.php:12",
    "level": "FATAL",
    "type": "PHP",
    "test": "asyncify-boot",
    "plugin": "statpress-visitors-1",
    "details": "[08-May-2025 23:50:01 UTC] PHP Fatal error:  Uncaught Error: Attempt to assign property \"base_prefix\" on null in /wordpress/wp-content/plugins/seo-1/wds-files/wds-sitemaps/wds-core/wds-core-wpabstraction.php:12\nStack trace:\n#0 /wordpress/wp-content/plugins/seo-1/seo1.php(51): require_once()\n#1 /wordpress/wp-admin/includes/plugin.php(2387): include_once('/wordpress/wp-c...')\n#2 /wordpress/wp-admin/includes/plugin.php(673): plugin_sandbox_scrape('seo-1/seo1.php')\n#3 /internal/eval.php(20): activate_plugin('seo-1/seo1.php')\n#4 {main}\n  thrown in /wordpress/wp-content/plugins/seo-1/wds-files/wds-sitemaps/wds-core/wds-core-wpabstraction.php on line 12",
    "log": "/logs/plugins/s/statpress-visitors-1/error.json"
  },
  {
    "message": "[08-May-2025 23:50:36 UTC] MPWPB_Plugin activated.",
    "level": "INFO",
    "type": "OTHER",
    "test": "asyncify-boot",
    "plugin": "statpress-visitors-1",
    "details": "[08-May-2025 23:50:36 UTC] MPWPB_Plugin activated.",
    "log": "/logs/plugins/s/statpress-visitors-1/error.json"
  },
  {
    "message": "[08-May-2025 23:50:46 UTC] MPWPB_Plugin activated.",
    "level": "INFO",
    "type": "OTHER",
    "test": "asyncify-boot",
    "plugin": "statpress-visitors-1",
    "details": "[08-May-2025 23:50:46 UTC] MPWPB_Plugin activated.",
    "log": "/logs/plugins/s/statpress-visitors-1/error.json"
  },
  {
    "message": "[08-May-2025 23:50:55 UTC] MPWPB_Plugin activated.",
    "level": "INFO",
    "type": "OTHER",
    "test": "asyncify-boot",
    "plugin": "statpress-visitors-1",
    "details": "[08-May-2025 23:50:55 UTC] MPWPB_Plugin activated.",
    "log": "/logs/plugins/s/statpress-visitors-1/error.json"
  },
  {
    "message": "[08-May-2025 23:52:53 UTC] [Squad Modules] [ERROR]: [Missing Divi] Requirements check failed: Divi Installation. Current: Not installed. Expected: Divi theme or Divi Builder plugin must be installed.",
    "level": "INFO",
    "type": "OTHER",
    "test": "asyncify-boot",
    "plugin": "statpress-visitors-1",
    "details": "[08-May-2025 23:52:53 UTC] [Squad Modules] [ERROR]: [Missing Divi] Requirements check failed: Divi Installation. Current: Not installed. Expected: Divi theme or Divi Builder plugin must be installed.",
    "log": "/logs/plugins/s/statpress-visitors-1/error.json"
  },
  {
    "message": "[08-May-2025 23:52:55 UTC] [Squad Modules] [ERROR]: [Missing Divi] Requirements check failed: Divi Installation. Current: Not installed. Expected: Divi theme or Divi Builder plugin must be installed.",
    "level": "INFO",
    "type": "OTHER",
    "test": "asyncify-boot",
    "plugin": "statpress-visitors-1",
    "details": "[08-May-2025 23:52:55 UTC] [Squad Modules] [ERROR]: [Missing Divi] Requirements check failed: Divi Installation. Current: Not installed. Expected: Divi theme or Divi Builder plugin must be installed.",
    "log": "/logs/plugins/s/statpress-visitors-1/error.json"
  },
  {
    "message": "[08-May-2025 23:53:00 UTC] [Squad Modules] [ERROR]: [Missing Divi] Requirements check failed: Divi Installation. Current: Not installed. Expected: Divi theme or Divi Builder plugin must be installed.",
    "level": "INFO",
    "type": "OTHER",
    "test": "asyncify-boot",
    "plugin": "statpress-visitors-1",
    "details": "[08-May-2025 23:53:00 UTC] [Squad Modules] [ERROR]: [Missing Divi] Requirements check failed: Divi Installation. Current: Not installed. Expected: Divi theme or Divi Builder plugin must be installed.",
    "log": "/logs/plugins/s/statpress-visitors-1/error.json"
  },
  {
    "message": "[08-May-2025 23:53:11 UTC] [Squad Modules] [ERROR]: [Missing Divi] Requirements check failed: Divi Installation. Current: Not installed. Expected: Divi theme or Divi Builder plugin must be installed.",
    "level": "INFO",
    "type": "OTHER",
    "test": "asyncify-boot",
    "plugin": "statpress-visitors-1",
    "details": "[08-May-2025 23:53:11 UTC] [Squad Modules] [ERROR]: [Missing Divi] Requirements check failed: Divi Installation. Current: Not installed. Expected: Divi theme or Divi Builder plugin must be installed.",
    "log": "/logs/plugins/s/statpress-visitors-1/error.json"
  },
  {
    "message": "[08-May-2025 23:53:13 UTC] [Squad Modules] [ERROR]: [Missing Divi] Requirements check failed: Divi Installation. Current: Not installed. Expected: Divi theme or Divi Builder plugin must be installed.",
    "level": "INFO",
    "type": "OTHER",
    "test": "asyncify-boot",
    "plugin": "statpress-visitors-1",
    "details": "[08-May-2025 23:53:13 UTC] [Squad Modules] [ERROR]: [Missing Divi] Requirements check failed: Divi Installation. Current: Not installed. Expected: Divi theme or Divi Builder plugin must be installed.",
    "log": "/logs/plugins/s/statpress-visitors-1/error.json"
  },
  {
    "message": "[08-May-2025 23:53:16 UTC] [Squad Modules] [ERROR]: [Missing Divi] Requirements check failed: Divi Installation. Current: Not installed. Expected: Divi theme or Divi Builder plugin must be installed.",
    "level": "INFO",
    "type": "OTHER",
    "test": "asyncify-boot",
    "plugin": "statpress-visitors-1",
    "details": "[08-May-2025 23:53:16 UTC] [Squad Modules] [ERROR]: [Missing Divi] Requirements check failed: Divi Installation. Current: Not installed. Expected: Divi theme or Divi Builder plugin must be installed.",
    "log": "/logs/plugins/s/statpress-visitors-1/error.json"
  },
  {
    "message": "[08-May-2025 23:53:18 UTC] [Squad Modules] [ERROR]: [Missing Divi] Requirements check failed: Divi Installation. Current: Not installed. Expected: Divi theme or Divi Builder plugin must be installed.",
    "level": "INFO",
    "type": "OTHER",
    "test": "asyncify-boot",
    "plugin": "statpress-visitors-1",
    "details": "[08-May-2025 23:53:18 UTC] [Squad Modules] [ERROR]: [Missing Divi] Requirements check failed: Divi Installation. Current: Not installed. Expected: Divi theme or Divi Builder plugin must be installed.",
    "log": "/logs/plugins/s/statpress-visitors-1/error.json"
  },
  {
    "message": "[08-May-2025 23:53:32 UTC] [Squad Modules] [ERROR]: [Missing Divi] Requirements check failed: Divi Installation. Current: Not installed. Expected: Divi theme or Divi Builder plugin must be installed.",
    "level": "INFO",
    "type": "OTHER",
    "test": "asyncify-boot",
    "plugin": "statpress-visitors-1",
    "details": "[08-May-2025 23:53:32 UTC] [Squad Modules] [ERROR]: [Missing Divi] Requirements check failed: Divi Installation. Current: Not installed. Expected: Divi theme or Divi Builder plugin must be installed.",
    "log": "/logs/plugins/s/statpress-visitors-1/error.json"
  },
  {
    "message": "[08-May-2025 23:53:34 UTC] [Squad Modules] [ERROR]: [Missing Divi] Requirements check failed: Divi Installation. Current: Not installed. Expected: Divi theme or Divi Builder plugin must be installed.",
    "level": "INFO",
    "type": "OTHER",
    "test": "asyncify-boot",
    "plugin": "statpress-visitors-1",
    "details": "[08-May-2025 23:53:34 UTC] [Squad Modules] [ERROR]: [Missing Divi] Requirements check failed: Divi Installation. Current: Not installed. Expected: Divi theme or Divi Builder plugin must be installed.",
    "log": "/logs/plugins/s/statpress-visitors-1/error.json"
  },
  {
    "message": "[08-May-2025 23:53:37 UTC] [Squad Modules] [ERROR]: [Missing Divi] Requirements check failed: Divi Installation. Current: Not installed. Expected: Divi theme or Divi Builder plugin must be installed.",
    "level": "INFO",
    "type": "OTHER",
    "test": "asyncify-boot",
    "plugin": "statpress-visitors-1",
    "details": "[08-May-2025 23:53:37 UTC] [Squad Modules] [ERROR]: [Missing Divi] Requirements check failed: Divi Installation. Current: Not installed. Expected: Divi theme or Divi Builder plugin must be installed.",
    "log": "/logs/plugins/s/statpress-visitors-1/error.json"
  },
  {
    "message": "[08-May-2025 23:53:38 UTC] [Squad Modules] [ERROR]: [Missing Divi] Requirements check failed: Divi Installation. Current: Not installed. Expected: Divi theme or Divi Builder plugin must be installed.\n\n    at Object.onBind (file:///home/runner/work/playground-tester/playground-tester/node_modules/@wp-playground/cli/index.js:237:15)\n    at process.processTicksAndRejections (node:internal/process/task_queues:105:5)\n    at async V (file:///home/runner/work/playground-tester/playground-tester/node_modules/@wp-playground/cli/index.js:64:10)\n    at async ja (file:///home/runner/work/playground-tester/playground-tester/node_modules/@wp-playground/cli/cli.js:8161:12) {\n  [cause]: Error: Error when executing the blueprint step #1 ({\"step\":\"installPlugin\",\"pluginData\":{\"resource\":\"wordpress.org/plugins\",\"slug\":\"statpress-visitors-1\"},\"options\":{\"activate\":true}}) : Could not download \"https://downloads.wordpress.org/plugin/statpress-visitors-1.latest-stable.zip\".\n  \t\t\t\tCheck if the URL is correct and the server is reachable.\n  \t\t\t\tIf it is reachable, the server might be blocking the request.\n  \t\t\t\tCheck the browser console and network tabs for more information.\n  \n  \t\t\t\t## Does the console show the error \"No 'Access-Control-Allow-Origin' header\"?\n  \n  \t\t\t\tThis means the server that hosts your file does not allow requests from other sites\n  \t\t\t\t(cross-origin requests, or CORS).\tYou need to move the asset to a server that allows\n  \t\t\t\tcross-origin file downloads. Learn more about CORS at\n  \t\t\t\thttps://developer.mozilla.org/en-US/docs/Web/HTTP/CORS.\n  \n  \t\t\t\tIf your file is on GitHub, load it from \"raw.githubusercontent.com\".\n  \t\t\t\tHere's how to do that:\n  \n  \t\t\t\t1. Start with the original GitHub URL of the file. For example:\n  \t\t\t\thttps://github.com/username/repository/blob/branch/filename.\n  \t\t\t\t2. Replace \"github.com\" with \"raw.githubusercontent.com\".\n  \t\t\t\t3. Remove the \"/blob/\" part of the URL.\n  \n  \t\t\t\tThe resulting URL should look like this:\n  \t\t\t\thttps://raw.githubusercontent.com/username/repository/branch/filename\n  \n  \t\t\t\tError:\n  \t\t\t\tError: Could not download \"https://downloads.wordpress.org/plugin/statpress-visitors-1.latest-stable.zip\"\n      at Object.run (file:///home/runner/work/playground-tester/playground-tester/node_modules/@wp-playground/blueprints/index.js:12449:19)\n      at process.processTicksAndRejections (node:internal/process/task_queues:105:5)\n      at async ms (file:///home/runner/work/playground-tester/playground-tester/node_modules/@wp-playground/blueprints/index.js:12552:3)\n      at async Object.onBind (file:///home/runner/work/playground-tester/playground-tester/node_modules/@wp-playground/cli/index.js:227:48)\n      at async V (file:///home/runner/work/playground-tester/playground-tester/node_modules/@wp-playground/cli/index.js:64:10)\n      at async ja (file:///home/runner/work/playground-tester/playground-tester/node_modules/@wp-playground/cli/cli.js:8161:12) {\n    [cause]: Error: Could not download \"https://downloads.wordpress.org/plugin/statpress-visitors-1.latest-stable.zip\".\n    \t\t\t\tCheck if the URL is correct and the server is reachable.\n    \t\t\t\tIf it is reachable, the server might be blocking the request.\n    \t\t\t\tCheck the browser console and network tabs for more information.\n    \n    \t\t\t\t## Does the console show the error \"No 'Access-Control-Allow-Origin' header\"?\n    \n    \t\t\t\tThis means the server that hosts your file does not allow requests from other sites\n    \t\t\t\t(cross-origin requests, or CORS).\tYou need to move the asset to a server that allows\n    \t\t\t\tcross-origin file downloads. Learn more about CORS at\n    \t\t\t\thttps://developer.mozilla.org/en-US/docs/Web/HTTP/CORS.\n    \n    \t\t\t\tIf your file is on GitHub, load it from \"raw.githubusercontent.com\".\n    \t\t\t\tHere's how to do that:\n    \n    \t\t\t\t1. Start with the original GitHub URL of the file. For example:\n    \t\t\t\thttps://github.com/username/repository/blob/branch/filename.\n    \t\t\t\t2. Replace \"github.com\" with \"raw.githubusercontent.com\".\n    \t\t\t\t3. Remove the \"/blob/\" part of the URL.\n    \n    \t\t\t\tThe resulting URL should look like this:\n    \t\t\t\thttps://raw.githubusercontent.com/username/repository/branch/filename\n    \n    \t\t\t\tError:\n    \t\t\t\tError: Could not download \"https://downloads.wordpress.org/plugin/statpress-visitors-1.latest-stable.zip\"\n        at Ct.resolve (file:///home/runner/work/playground-tester/playground-tester/node_modules/@wp-playground/blueprints/index.js:1472:13)\n        at process.processTicksAndRejections (node:internal/process/task_queues:105:5)\n        at async _.run (file:///home/runner/work/playground-tester/playground-tester/node_modules/@php-wasm/util/index.js:45:14)\n  }\n}\n\n",
    "level": "INFO",
    "type": "OTHER",
    "test": "asyncify-boot",
    "plugin": "statpress-visitors-1",
    "details": "[08-May-2025 23:53:38 UTC] [Squad Modules] [ERROR]: [Missing Divi] Requirements check failed: Divi Installation. Current: Not installed. Expected: Divi theme or Divi Builder plugin must be installed.\n\n    at Object.onBind (file:///home/runner/work/playground-tester/playground-tester/node_modules/@wp-playground/cli/index.js:237:15)\n    at process.processTicksAndRejections (node:internal/process/task_queues:105:5)\n    at async V (file:///home/runner/work/playground-tester/playground-tester/node_modules/@wp-playground/cli/index.js:64:10)\n    at async ja (file:///home/runner/work/playground-tester/playground-tester/node_modules/@wp-playground/cli/cli.js:8161:12) {\n  [cause]: Error: Error when executing the blueprint step #1 ({\"step\":\"installPlugin\",\"pluginData\":{\"resource\":\"wordpress.org/plugins\",\"slug\":\"statpress-visitors-1\"},\"options\":{\"activate\":true}}) : Could not download \"https://downloads.wordpress.org/plugin/statpress-visitors-1.latest-stable.zip\".\n  \t\t\t\tCheck if the URL is correct and the server is reachable.\n  \t\t\t\tIf it is reachable, the server might be blocking the request.\n  \t\t\t\tCheck the browser console and network tabs for more information.\n  \n  \t\t\t\t## Does the console show the error \"No 'Access-Control-Allow-Origin' header\"?\n  \n  \t\t\t\tThis means the server that hosts your file does not allow requests from other sites\n  \t\t\t\t(cross-origin requests, or CORS).\tYou need to move the asset to a server that allows\n  \t\t\t\tcross-origin file downloads. Learn more about CORS at\n  \t\t\t\thttps://developer.mozilla.org/en-US/docs/Web/HTTP/CORS.\n  \n  \t\t\t\tIf your file is on GitHub, load it from \"raw.githubusercontent.com\".\n  \t\t\t\tHere's how to do that:\n  \n  \t\t\t\t1. Start with the original GitHub URL of the file. For example:\n  \t\t\t\thttps://github.com/username/repository/blob/branch/filename.\n  \t\t\t\t2. Replace \"github.com\" with \"raw.githubusercontent.com\".\n  \t\t\t\t3. Remove the \"/blob/\" part of the URL.\n  \n  \t\t\t\tThe resulting URL should look like this:\n  \t\t\t\thttps://raw.githubusercontent.com/username/repository/branch/filename\n  \n  \t\t\t\tError:\n  \t\t\t\tError: Could not download \"https://downloads.wordpress.org/plugin/statpress-visitors-1.latest-stable.zip\"\n      at Object.run (file:///home/runner/work/playground-tester/playground-tester/node_modules/@wp-playground/blueprints/index.js:12449:19)\n      at process.processTicksAndRejections (node:internal/process/task_queues:105:5)\n      at async ms (file:///home/runner/work/playground-tester/playground-tester/node_modules/@wp-playground/blueprints/index.js:12552:3)\n      at async Object.onBind (file:///home/runner/work/playground-tester/playground-tester/node_modules/@wp-playground/cli/index.js:227:48)\n      at async V (file:///home/runner/work/playground-tester/playground-tester/node_modules/@wp-playground/cli/index.js:64:10)\n      at async ja (file:///home/runner/work/playground-tester/playground-tester/node_modules/@wp-playground/cli/cli.js:8161:12) {\n    [cause]: Error: Could not download \"https://downloads.wordpress.org/plugin/statpress-visitors-1.latest-stable.zip\".\n    \t\t\t\tCheck if the URL is correct and the server is reachable.\n    \t\t\t\tIf it is reachable, the server might be blocking the request.\n    \t\t\t\tCheck the browser console and network tabs for more information.\n    \n    \t\t\t\t## Does the console show the error \"No 'Access-Control-Allow-Origin' header\"?\n    \n    \t\t\t\tThis means the server that hosts your file does not allow requests from other sites\n    \t\t\t\t(cross-origin requests, or CORS).\tYou need to move the asset to a server that allows\n    \t\t\t\tcross-origin file downloads. Learn more about CORS at\n    \t\t\t\thttps://developer.mozilla.org/en-US/docs/Web/HTTP/CORS.\n    \n    \t\t\t\tIf your file is on GitHub, load it from \"raw.githubusercontent.com\".\n    \t\t\t\tHere's how to do that:\n    \n    \t\t\t\t1. Start with the original GitHub URL of the file. For example:\n    \t\t\t\thttps://github.com/username/repository/blob/branch/filename.\n    \t\t\t\t2. Replace \"github.com\" with \"raw.githubusercontent.com\".\n    \t\t\t\t3. Remove the \"/blob/\" part of the URL.\n    \n    \t\t\t\tThe resulting URL should look like this:\n    \t\t\t\thttps://raw.githubusercontent.com/username/repository/branch/filename\n    \n    \t\t\t\tError:\n    \t\t\t\tError: Could not download \"https://downloads.wordpress.org/plugin/statpress-visitors-1.latest-stable.zip\"\n        at Ct.resolve (file:///home/runner/work/playground-tester/playground-tester/node_modules/@wp-playground/blueprints/index.js:1472:13)\n        at process.processTicksAndRejections (node:internal/process/task_queues:105:5)\n        at async _.run (file:///home/runner/work/playground-tester/playground-tester/node_modules/@php-wasm/util/index.js:45:14)\n  }\n}\n\n",
    "log": "/logs/plugins/s/statpress-visitors-1/error.json"
  },
  {
    "message": "file:///home/runner/work/playground-tester/playground-tester/node_modules/@wp-playground/cli/index.js:237\n        throw new Error(y, { cause: u });\n              ^\n",
    "level": "FATAL",
    "type": "PLAYGROUND",
    "test": "jspi-boot",
    "plugin": "statpress-visitors-1",
    "details": "file:///home/runner/work/playground-tester/playground-tester/node_modules/@wp-playground/cli/index.js:237\n        throw new Error(y, { cause: u });\n              ^\n",
    "log": "/tmp/tmp.wSp63DzbQK"
  },
  {
    "message": "Undefined variable $wpdb in /wordpress/wp-content/plugins/seo-1/wds-files/wds-sitemaps/wds-core/wds-core-wpabstraction.php on line 12",
    "level": "WARNING",
    "type": "PHP",
    "test": "jspi-boot",
    "plugin": "statpress-visitors-1",
    "details": "[08-May-2025 23:49:46 UTC] PHP Warning:  Undefined variable $wpdb in /wordpress/wp-content/plugins/seo-1/wds-files/wds-sitemaps/wds-core/wds-core-wpabstraction.php on line 12",
    "log": "/logs/plugins/s/statpress-visitors-1/error.json"
  },
  {
    "message": "Attempt to read property \"prefix\" on null in /wordpress/wp-content/plugins/seo-1/wds-files/wds-sitemaps/wds-core/wds-core-wpabstraction.php on line 12",
    "level": "WARNING",
    "type": "PHP",
    "test": "jspi-boot",
    "plugin": "statpress-visitors-1",
    "details": "[08-May-2025 23:49:46 UTC] PHP Warning:  Attempt to read property \"prefix\" on null in /wordpress/wp-content/plugins/seo-1/wds-files/wds-sitemaps/wds-core/wds-core-wpabstraction.php on line 12",
    "log": "/logs/plugins/s/statpress-visitors-1/error.json"
  },
  {
    "message": "Uncaught Error: Attempt to assign property \"base_prefix\" on null in /wordpress/wp-content/plugins/seo-1/wds-files/wds-sitemaps/wds-core/wds-core-wpabstraction.php:12",
    "level": "FATAL",
    "type": "PHP",
    "test": "jspi-boot",
    "plugin": "statpress-visitors-1",
    "details": "[08-May-2025 23:49:46 UTC] PHP Fatal error:  Uncaught Error: Attempt to assign property \"base_prefix\" on null in /wordpress/wp-content/plugins/seo-1/wds-files/wds-sitemaps/wds-core/wds-core-wpabstraction.php:12\nStack trace:\n#0 /wordpress/wp-content/plugins/seo-1/seo1.php(51): require_once()\n#1 /wordpress/wp-admin/includes/plugin.php(2387): include_once('/wordpress/wp-c...')\n#2 /wordpress/wp-admin/includes/plugin.php(673): plugin_sandbox_scrape('seo-1/seo1.php')\n#3 /internal/eval.php(20): activate_plugin('seo-1/seo1.php')\n#4 {main}\n  thrown in /wordpress/wp-content/plugins/seo-1/wds-files/wds-sitemaps/wds-core/wds-core-wpabstraction.php on line 12",
    "log": "/logs/plugins/s/statpress-visitors-1/error.json"
  },
  {
    "message": "Undefined variable $wpdb in /wordpress/wp-content/plugins/seo-1/wds-files/wds-sitemaps/wds-core/wds-core-wpabstraction.php on line 12",
    "level": "WARNING",
    "type": "PHP",
    "test": "jspi-boot",
    "plugin": "statpress-visitors-1",
    "details": "[08-May-2025 23:49:53 UTC] PHP Warning:  Undefined variable $wpdb in /wordpress/wp-content/plugins/seo-1/wds-files/wds-sitemaps/wds-core/wds-core-wpabstraction.php on line 12",
    "log": "/logs/plugins/s/statpress-visitors-1/error.json"
  },
  {
    "message": "Attempt to read property \"prefix\" on null in /wordpress/wp-content/plugins/seo-1/wds-files/wds-sitemaps/wds-core/wds-core-wpabstraction.php on line 12",
    "level": "WARNING",
    "type": "PHP",
    "test": "jspi-boot",
    "plugin": "statpress-visitors-1",
    "details": "[08-May-2025 23:49:53 UTC] PHP Warning:  Attempt to read property \"prefix\" on null in /wordpress/wp-content/plugins/seo-1/wds-files/wds-sitemaps/wds-core/wds-core-wpabstraction.php on line 12",
    "log": "/logs/plugins/s/statpress-visitors-1/error.json"
  },
  {
    "message": "Uncaught Error: Attempt to assign property \"base_prefix\" on null in /wordpress/wp-content/plugins/seo-1/wds-files/wds-sitemaps/wds-core/wds-core-wpabstraction.php:12",
    "level": "FATAL",
    "type": "PHP",
    "test": "jspi-boot",
    "plugin": "statpress-visitors-1",
    "details": "[08-May-2025 23:49:53 UTC] PHP Fatal error:  Uncaught Error: Attempt to assign property \"base_prefix\" on null in /wordpress/wp-content/plugins/seo-1/wds-files/wds-sitemaps/wds-core/wds-core-wpabstraction.php:12\nStack trace:\n#0 /wordpress/wp-content/plugins/seo-1/seo1.php(51): require_once()\n#1 /wordpress/wp-admin/includes/plugin.php(2387): include_once('/wordpress/wp-c...')\n#2 /wordpress/wp-admin/includes/plugin.php(673): plugin_sandbox_scrape('seo-1/seo1.php')\n#3 /internal/eval.php(20): activate_plugin('seo-1/seo1.php')\n#4 {main}\n  thrown in /wordpress/wp-content/plugins/seo-1/wds-files/wds-sitemaps/wds-core/wds-core-wpabstraction.php on line 12",
    "log": "/logs/plugins/s/statpress-visitors-1/error.json"
  },
  {
    "message": "Undefined variable $wpdb in /wordpress/wp-content/plugins/seo-1/wds-files/wds-sitemaps/wds-core/wds-core-wpabstraction.php on line 12",
    "level": "WARNING",
    "type": "PHP",
    "test": "jspi-boot",
    "plugin": "statpress-visitors-1",
    "details": "[08-May-2025 23:50:01 UTC] PHP Warning:  Undefined variable $wpdb in /wordpress/wp-content/plugins/seo-1/wds-files/wds-sitemaps/wds-core/wds-core-wpabstraction.php on line 12",
    "log": "/logs/plugins/s/statpress-visitors-1/error.json"
  },
  {
    "message": "Attempt to read property \"prefix\" on null in /wordpress/wp-content/plugins/seo-1/wds-files/wds-sitemaps/wds-core/wds-core-wpabstraction.php on line 12",
    "level": "WARNING",
    "type": "PHP",
    "test": "jspi-boot",
    "plugin": "statpress-visitors-1",
    "details": "[08-May-2025 23:50:01 UTC] PHP Warning:  Attempt to read property \"prefix\" on null in /wordpress/wp-content/plugins/seo-1/wds-files/wds-sitemaps/wds-core/wds-core-wpabstraction.php on line 12",
    "log": "/logs/plugins/s/statpress-visitors-1/error.json"
  },
  {
    "message": "Uncaught Error: Attempt to assign property \"base_prefix\" on null in /wordpress/wp-content/plugins/seo-1/wds-files/wds-sitemaps/wds-core/wds-core-wpabstraction.php:12",
    "level": "FATAL",
    "type": "PHP",
    "test": "jspi-boot",
    "plugin": "statpress-visitors-1",
    "details": "[08-May-2025 23:50:01 UTC] PHP Fatal error:  Uncaught Error: Attempt to assign property \"base_prefix\" on null in /wordpress/wp-content/plugins/seo-1/wds-files/wds-sitemaps/wds-core/wds-core-wpabstraction.php:12\nStack trace:\n#0 /wordpress/wp-content/plugins/seo-1/seo1.php(51): require_once()\n#1 /wordpress/wp-admin/includes/plugin.php(2387): include_once('/wordpress/wp-c...')\n#2 /wordpress/wp-admin/includes/plugin.php(673): plugin_sandbox_scrape('seo-1/seo1.php')\n#3 /internal/eval.php(20): activate_plugin('seo-1/seo1.php')\n#4 {main}\n  thrown in /wordpress/wp-content/plugins/seo-1/wds-files/wds-sitemaps/wds-core/wds-core-wpabstraction.php on line 12",
    "log": "/logs/plugins/s/statpress-visitors-1/error.json"
  },
  {
    "message": "[08-May-2025 23:50:36 UTC] MPWPB_Plugin activated.",
    "level": "INFO",
    "type": "OTHER",
    "test": "jspi-boot",
    "plugin": "statpress-visitors-1",
    "details": "[08-May-2025 23:50:36 UTC] MPWPB_Plugin activated.",
    "log": "/logs/plugins/s/statpress-visitors-1/error.json"
  },
  {
    "message": "[08-May-2025 23:50:46 UTC] MPWPB_Plugin activated.",
    "level": "INFO",
    "type": "OTHER",
    "test": "jspi-boot",
    "plugin": "statpress-visitors-1",
    "details": "[08-May-2025 23:50:46 UTC] MPWPB_Plugin activated.",
    "log": "/logs/plugins/s/statpress-visitors-1/error.json"
  },
  {
    "message": "[08-May-2025 23:50:55 UTC] MPWPB_Plugin activated.",
    "level": "INFO",
    "type": "OTHER",
    "test": "jspi-boot",
    "plugin": "statpress-visitors-1",
    "details": "[08-May-2025 23:50:55 UTC] MPWPB_Plugin activated.",
    "log": "/logs/plugins/s/statpress-visitors-1/error.json"
  },
  {
    "message": "[08-May-2025 23:52:53 UTC] [Squad Modules] [ERROR]: [Missing Divi] Requirements check failed: Divi Installation. Current: Not installed. Expected: Divi theme or Divi Builder plugin must be installed.",
    "level": "INFO",
    "type": "OTHER",
    "test": "jspi-boot",
    "plugin": "statpress-visitors-1",
    "details": "[08-May-2025 23:52:53 UTC] [Squad Modules] [ERROR]: [Missing Divi] Requirements check failed: Divi Installation. Current: Not installed. Expected: Divi theme or Divi Builder plugin must be installed.",
    "log": "/logs/plugins/s/statpress-visitors-1/error.json"
  },
  {
    "message": "[08-May-2025 23:52:55 UTC] [Squad Modules] [ERROR]: [Missing Divi] Requirements check failed: Divi Installation. Current: Not installed. Expected: Divi theme or Divi Builder plugin must be installed.",
    "level": "INFO",
    "type": "OTHER",
    "test": "jspi-boot",
    "plugin": "statpress-visitors-1",
    "details": "[08-May-2025 23:52:55 UTC] [Squad Modules] [ERROR]: [Missing Divi] Requirements check failed: Divi Installation. Current: Not installed. Expected: Divi theme or Divi Builder plugin must be installed.",
    "log": "/logs/plugins/s/statpress-visitors-1/error.json"
  },
  {
    "message": "[08-May-2025 23:53:00 UTC] [Squad Modules] [ERROR]: [Missing Divi] Requirements check failed: Divi Installation. Current: Not installed. Expected: Divi theme or Divi Builder plugin must be installed.",
    "level": "INFO",
    "type": "OTHER",
    "test": "jspi-boot",
    "plugin": "statpress-visitors-1",
    "details": "[08-May-2025 23:53:00 UTC] [Squad Modules] [ERROR]: [Missing Divi] Requirements check failed: Divi Installation. Current: Not installed. Expected: Divi theme or Divi Builder plugin must be installed.",
    "log": "/logs/plugins/s/statpress-visitors-1/error.json"
  },
  {
    "message": "[08-May-2025 23:53:11 UTC] [Squad Modules] [ERROR]: [Missing Divi] Requirements check failed: Divi Installation. Current: Not installed. Expected: Divi theme or Divi Builder plugin must be installed.",
    "level": "INFO",
    "type": "OTHER",
    "test": "jspi-boot",
    "plugin": "statpress-visitors-1",
    "details": "[08-May-2025 23:53:11 UTC] [Squad Modules] [ERROR]: [Missing Divi] Requirements check failed: Divi Installation. Current: Not installed. Expected: Divi theme or Divi Builder plugin must be installed.",
    "log": "/logs/plugins/s/statpress-visitors-1/error.json"
  },
  {
    "message": "[08-May-2025 23:53:13 UTC] [Squad Modules] [ERROR]: [Missing Divi] Requirements check failed: Divi Installation. Current: Not installed. Expected: Divi theme or Divi Builder plugin must be installed.",
    "level": "INFO",
    "type": "OTHER",
    "test": "jspi-boot",
    "plugin": "statpress-visitors-1",
    "details": "[08-May-2025 23:53:13 UTC] [Squad Modules] [ERROR]: [Missing Divi] Requirements check failed: Divi Installation. Current: Not installed. Expected: Divi theme or Divi Builder plugin must be installed.",
    "log": "/logs/plugins/s/statpress-visitors-1/error.json"
  },
  {
    "message": "[08-May-2025 23:53:16 UTC] [Squad Modules] [ERROR]: [Missing Divi] Requirements check failed: Divi Installation. Current: Not installed. Expected: Divi theme or Divi Builder plugin must be installed.",
    "level": "INFO",
    "type": "OTHER",
    "test": "jspi-boot",
    "plugin": "statpress-visitors-1",
    "details": "[08-May-2025 23:53:16 UTC] [Squad Modules] [ERROR]: [Missing Divi] Requirements check failed: Divi Installation. Current: Not installed. Expected: Divi theme or Divi Builder plugin must be installed.",
    "log": "/logs/plugins/s/statpress-visitors-1/error.json"
  },
  {
    "message": "[08-May-2025 23:53:18 UTC] [Squad Modules] [ERROR]: [Missing Divi] Requirements check failed: Divi Installation. Current: Not installed. Expected: Divi theme or Divi Builder plugin must be installed.",
    "level": "INFO",
    "type": "OTHER",
    "test": "jspi-boot",
    "plugin": "statpress-visitors-1",
    "details": "[08-May-2025 23:53:18 UTC] [Squad Modules] [ERROR]: [Missing Divi] Requirements check failed: Divi Installation. Current: Not installed. Expected: Divi theme or Divi Builder plugin must be installed.",
    "log": "/logs/plugins/s/statpress-visitors-1/error.json"
  },
  {
    "message": "[08-May-2025 23:53:32 UTC] [Squad Modules] [ERROR]: [Missing Divi] Requirements check failed: Divi Installation. Current: Not installed. Expected: Divi theme or Divi Builder plugin must be installed.",
    "level": "INFO",
    "type": "OTHER",
    "test": "jspi-boot",
    "plugin": "statpress-visitors-1",
    "details": "[08-May-2025 23:53:32 UTC] [Squad Modules] [ERROR]: [Missing Divi] Requirements check failed: Divi Installation. Current: Not installed. Expected: Divi theme or Divi Builder plugin must be installed.",
    "log": "/logs/plugins/s/statpress-visitors-1/error.json"
  },
  {
    "message": "[08-May-2025 23:53:34 UTC] [Squad Modules] [ERROR]: [Missing Divi] Requirements check failed: Divi Installation. Current: Not installed. Expected: Divi theme or Divi Builder plugin must be installed.",
    "level": "INFO",
    "type": "OTHER",
    "test": "jspi-boot",
    "plugin": "statpress-visitors-1",
    "details": "[08-May-2025 23:53:34 UTC] [Squad Modules] [ERROR]: [Missing Divi] Requirements check failed: Divi Installation. Current: Not installed. Expected: Divi theme or Divi Builder plugin must be installed.",
    "log": "/logs/plugins/s/statpress-visitors-1/error.json"
  },
  {
    "message": "[08-May-2025 23:53:37 UTC] [Squad Modules] [ERROR]: [Missing Divi] Requirements check failed: Divi Installation. Current: Not installed. Expected: Divi theme or Divi Builder plugin must be installed.",
    "level": "INFO",
    "type": "OTHER",
    "test": "jspi-boot",
    "plugin": "statpress-visitors-1",
    "details": "[08-May-2025 23:53:37 UTC] [Squad Modules] [ERROR]: [Missing Divi] Requirements check failed: Divi Installation. Current: Not installed. Expected: Divi theme or Divi Builder plugin must be installed.",
    "log": "/logs/plugins/s/statpress-visitors-1/error.json"
  },
  {
    "message": "[08-May-2025 23:53:38 UTC] [Squad Modules] [ERROR]: [Missing Divi] Requirements check failed: Divi Installation. Current: Not installed. Expected: Divi theme or Divi Builder plugin must be installed.\n\n    at Object.onBind (file:///home/runner/work/playground-tester/playground-tester/node_modules/@wp-playground/cli/index.js:237:15)\n    at process.processTicksAndRejections (node:internal/process/task_queues:105:5)\n    at async V (file:///home/runner/work/playground-tester/playground-tester/node_modules/@wp-playground/cli/index.js:64:10)\n    at async ja (file:///home/runner/work/playground-tester/playground-tester/node_modules/@wp-playground/cli/cli.js:8161:12) {\n  [cause]: Error: Error when executing the blueprint step #1 ({\"step\":\"installPlugin\",\"pluginData\":{\"resource\":\"wordpress.org/plugins\",\"slug\":\"statpress-visitors-1\"},\"options\":{\"activate\":true}}) : Could not download \"https://downloads.wordpress.org/plugin/statpress-visitors-1.latest-stable.zip\".\n  \t\t\t\tCheck if the URL is correct and the server is reachable.\n  \t\t\t\tIf it is reachable, the server might be blocking the request.\n  \t\t\t\tCheck the browser console and network tabs for more information.\n  \n  \t\t\t\t## Does the console show the error \"No 'Access-Control-Allow-Origin' header\"?\n  \n  \t\t\t\tThis means the server that hosts your file does not allow requests from other sites\n  \t\t\t\t(cross-origin requests, or CORS).\tYou need to move the asset to a server that allows\n  \t\t\t\tcross-origin file downloads. Learn more about CORS at\n  \t\t\t\thttps://developer.mozilla.org/en-US/docs/Web/HTTP/CORS.\n  \n  \t\t\t\tIf your file is on GitHub, load it from \"raw.githubusercontent.com\".\n  \t\t\t\tHere's how to do that:\n  \n  \t\t\t\t1. Start with the original GitHub URL of the file. For example:\n  \t\t\t\thttps://github.com/username/repository/blob/branch/filename.\n  \t\t\t\t2. Replace \"github.com\" with \"raw.githubusercontent.com\".\n  \t\t\t\t3. Remove the \"/blob/\" part of the URL.\n  \n  \t\t\t\tThe resulting URL should look like this:\n  \t\t\t\thttps://raw.githubusercontent.com/username/repository/branch/filename\n  \n  \t\t\t\tError:\n  \t\t\t\tError: Could not download \"https://downloads.wordpress.org/plugin/statpress-visitors-1.latest-stable.zip\"\n      at Object.run (file:///home/runner/work/playground-tester/playground-tester/node_modules/@wp-playground/blueprints/index.js:12449:19)\n      at process.processTicksAndRejections (node:internal/process/task_queues:105:5)\n      at async ms (file:///home/runner/work/playground-tester/playground-tester/node_modules/@wp-playground/blueprints/index.js:12552:3)\n      at async Object.onBind (file:///home/runner/work/playground-tester/playground-tester/node_modules/@wp-playground/cli/index.js:227:48)\n      at async V (file:///home/runner/work/playground-tester/playground-tester/node_modules/@wp-playground/cli/index.js:64:10)\n      at async ja (file:///home/runner/work/playground-tester/playground-tester/node_modules/@wp-playground/cli/cli.js:8161:12) {\n    [cause]: Error: Could not download \"https://downloads.wordpress.org/plugin/statpress-visitors-1.latest-stable.zip\".\n    \t\t\t\tCheck if the URL is correct and the server is reachable.\n    \t\t\t\tIf it is reachable, the server might be blocking the request.\n    \t\t\t\tCheck the browser console and network tabs for more information.\n    \n    \t\t\t\t## Does the console show the error \"No 'Access-Control-Allow-Origin' header\"?\n    \n    \t\t\t\tThis means the server that hosts your file does not allow requests from other sites\n    \t\t\t\t(cross-origin requests, or CORS).\tYou need to move the asset to a server that allows\n    \t\t\t\tcross-origin file downloads. Learn more about CORS at\n    \t\t\t\thttps://developer.mozilla.org/en-US/docs/Web/HTTP/CORS.\n    \n    \t\t\t\tIf your file is on GitHub, load it from \"raw.githubusercontent.com\".\n    \t\t\t\tHere's how to do that:\n    \n    \t\t\t\t1. Start with the original GitHub URL of the file. For example:\n    \t\t\t\thttps://github.com/username/repository/blob/branch/filename.\n    \t\t\t\t2. Replace \"github.com\" with \"raw.githubusercontent.com\".\n    \t\t\t\t3. Remove the \"/blob/\" part of the URL.\n    \n    \t\t\t\tThe resulting URL should look like this:\n    \t\t\t\thttps://raw.githubusercontent.com/username/repository/branch/filename\n    \n    \t\t\t\tError:\n    \t\t\t\tError: Could not download \"https://downloads.wordpress.org/plugin/statpress-visitors-1.latest-stable.zip\"\n        at Ct.resolve (file:///home/runner/work/playground-tester/playground-tester/node_modules/@wp-playground/blueprints/index.js:1472:13)\n        at process.processTicksAndRejections (node:internal/process/task_queues:105:5)\n        at async _.run (file:///home/runner/work/playground-tester/playground-tester/node_modules/@php-wasm/util/index.js:45:14)\n  }\n}\n\n",
    "level": "INFO",
    "type": "OTHER",
    "test": "jspi-boot",
    "plugin": "statpress-visitors-1",
    "details": "[08-May-2025 23:53:38 UTC] [Squad Modules] [ERROR]: [Missing Divi] Requirements check failed: Divi Installation. Current: Not installed. Expected: Divi theme or Divi Builder plugin must be installed.\n\n    at Object.onBind (file:///home/runner/work/playground-tester/playground-tester/node_modules/@wp-playground/cli/index.js:237:15)\n    at process.processTicksAndRejections (node:internal/process/task_queues:105:5)\n    at async V (file:///home/runner/work/playground-tester/playground-tester/node_modules/@wp-playground/cli/index.js:64:10)\n    at async ja (file:///home/runner/work/playground-tester/playground-tester/node_modules/@wp-playground/cli/cli.js:8161:12) {\n  [cause]: Error: Error when executing the blueprint step #1 ({\"step\":\"installPlugin\",\"pluginData\":{\"resource\":\"wordpress.org/plugins\",\"slug\":\"statpress-visitors-1\"},\"options\":{\"activate\":true}}) : Could not download \"https://downloads.wordpress.org/plugin/statpress-visitors-1.latest-stable.zip\".\n  \t\t\t\tCheck if the URL is correct and the server is reachable.\n  \t\t\t\tIf it is reachable, the server might be blocking the request.\n  \t\t\t\tCheck the browser console and network tabs for more information.\n  \n  \t\t\t\t## Does the console show the error \"No 'Access-Control-Allow-Origin' header\"?\n  \n  \t\t\t\tThis means the server that hosts your file does not allow requests from other sites\n  \t\t\t\t(cross-origin requests, or CORS).\tYou need to move the asset to a server that allows\n  \t\t\t\tcross-origin file downloads. Learn more about CORS at\n  \t\t\t\thttps://developer.mozilla.org/en-US/docs/Web/HTTP/CORS.\n  \n  \t\t\t\tIf your file is on GitHub, load it from \"raw.githubusercontent.com\".\n  \t\t\t\tHere's how to do that:\n  \n  \t\t\t\t1. Start with the original GitHub URL of the file. For example:\n  \t\t\t\thttps://github.com/username/repository/blob/branch/filename.\n  \t\t\t\t2. Replace \"github.com\" with \"raw.githubusercontent.com\".\n  \t\t\t\t3. Remove the \"/blob/\" part of the URL.\n  \n  \t\t\t\tThe resulting URL should look like this:\n  \t\t\t\thttps://raw.githubusercontent.com/username/repository/branch/filename\n  \n  \t\t\t\tError:\n  \t\t\t\tError: Could not download \"https://downloads.wordpress.org/plugin/statpress-visitors-1.latest-stable.zip\"\n      at Object.run (file:///home/runner/work/playground-tester/playground-tester/node_modules/@wp-playground/blueprints/index.js:12449:19)\n      at process.processTicksAndRejections (node:internal/process/task_queues:105:5)\n      at async ms (file:///home/runner/work/playground-tester/playground-tester/node_modules/@wp-playground/blueprints/index.js:12552:3)\n      at async Object.onBind (file:///home/runner/work/playground-tester/playground-tester/node_modules/@wp-playground/cli/index.js:227:48)\n      at async V (file:///home/runner/work/playground-tester/playground-tester/node_modules/@wp-playground/cli/index.js:64:10)\n      at async ja (file:///home/runner/work/playground-tester/playground-tester/node_modules/@wp-playground/cli/cli.js:8161:12) {\n    [cause]: Error: Could not download \"https://downloads.wordpress.org/plugin/statpress-visitors-1.latest-stable.zip\".\n    \t\t\t\tCheck if the URL is correct and the server is reachable.\n    \t\t\t\tIf it is reachable, the server might be blocking the request.\n    \t\t\t\tCheck the browser console and network tabs for more information.\n    \n    \t\t\t\t## Does the console show the error \"No 'Access-Control-Allow-Origin' header\"?\n    \n    \t\t\t\tThis means the server that hosts your file does not allow requests from other sites\n    \t\t\t\t(cross-origin requests, or CORS).\tYou need to move the asset to a server that allows\n    \t\t\t\tcross-origin file downloads. Learn more about CORS at\n    \t\t\t\thttps://developer.mozilla.org/en-US/docs/Web/HTTP/CORS.\n    \n    \t\t\t\tIf your file is on GitHub, load it from \"raw.githubusercontent.com\".\n    \t\t\t\tHere's how to do that:\n    \n    \t\t\t\t1. Start with the original GitHub URL of the file. For example:\n    \t\t\t\thttps://github.com/username/repository/blob/branch/filename.\n    \t\t\t\t2. Replace \"github.com\" with \"raw.githubusercontent.com\".\n    \t\t\t\t3. Remove the \"/blob/\" part of the URL.\n    \n    \t\t\t\tThe resulting URL should look like this:\n    \t\t\t\thttps://raw.githubusercontent.com/username/repository/branch/filename\n    \n    \t\t\t\tError:\n    \t\t\t\tError: Could not download \"https://downloads.wordpress.org/plugin/statpress-visitors-1.latest-stable.zip\"\n        at Ct.resolve (file:///home/runner/work/playground-tester/playground-tester/node_modules/@wp-playground/blueprints/index.js:1472:13)\n        at process.processTicksAndRejections (node:internal/process/task_queues:105:5)\n        at async _.run (file:///home/runner/work/playground-tester/playground-tester/node_modules/@php-wasm/util/index.js:45:14)\n  }\n}\n\n",
    "log": "/logs/plugins/s/statpress-visitors-1/error.json"
  }
]
