file:///home/runner/work/playground-tester/playground-tester/node_modules/@wp-playground/cli/index.js:237
        throw new Error(y, { cause: u });
              ^

Error: [06-May-2025 19:23:54 UTC] EWZ: creating/updating tables 
[06-May-2025 19:23:54 UTC] EWZ: Array
(
    [wp_ewz_layout] => Created table wp_ewz_layout
)

[06-May-2025 19:23:54 UTC] EWZ: Array
(
    [wp_ewz_field] => Created table wp_ewz_field
)

[06-May-2025 19:23:55 UTC] EWZ: Array
(
    [wp_ewz_webform] => Created table wp_ewz_webform
)

[06-May-2025 19:23:55 UTC] EWZ: Array
(
    [wp_ewz_item] => Created table wp_ewz_item
)

[06-May-2025 19:24:04 UTC] EWZ: creating/updating tables 
[06-May-2025 19:24:04 UTC] EWZ: Array
(
    [wp_ewz_layout] => Created table wp_ewz_layout
)

[06-May-2025 19:24:04 UTC] EWZ: Array
(
    [wp_ewz_field] => Created table wp_ewz_field
)

[06-May-2025 19:24:04 UTC] EWZ: Array
(
    [wp_ewz_webform] => Created table wp_ewz_webform
)

[06-May-2025 19:24:04 UTC] EWZ: Array
(
    [wp_ewz_item] => Created table wp_ewz_item
)

[06-May-2025 19:24:04 UTC] WordPress database error <div style="clear:both">&nbsp;</div>
<div class="queries" style="clear:both;margin-bottom:2px;border:red dotted thin;">
<p>MySQL query:</p>
<p>ALTER TABLE wp_ewz_layout AUTO_INCREMENT=33;</p>
<p>Queries made or created this session were:</p>
<ol>
<li>Executing: BEGIN | (no parameters)</li>
<li>Executing: ROLLBACK | (no parameters)</li>
</ol>
</div>
<div style="clear:both;margin-bottom:2px;border:red dotted thin;" class="error_message" style="border-bottom:dotted blue thin;">
Error occurred at line 4117 in Function <code>handle_error</code>. Error message was: Unknown operation: AUTO_INCREMENT.
</div>
<p>Backtrace:</p>
<pre>#0 /internal/shared/sqlite-database-integration/wp-includes/sqlite/class-wp-sqlite-db.php(287): WP_SQLite_Translator->get_error_message()
#1 /wordpress/wp-content/plugins/entrywizard/classes/ewz-setup.php(83): WP_SQLite_DB->query('ALTER TABLE wp_...')
#2 /wordpress/wp-includes/class-wp-hook.php(324): Ewz_Setup::activate_or_install_ewz(false)
#3 /wordpress/wp-includes/class-wp-hook.php(348): WP_Hook->apply_filters('', Array)
#4 /wordpress/wp-includes/plugin.php(517): WP_Hook->do_action(Array)
#5 /wordpress/wp-admin/includes/plugin.php(703): do_action('activate_entryw...', false)
#6 /internal/eval.php(20): activate_plugin('entrywizard/ent...')
#7 {main}</pre>
 for query ALTER TABLE wp_ewz_layout AUTO_INCREMENT=33; made by activate_plugin, do_action('activate_entrywizard/entrywizard.php'), WP_Hook->do_action, WP_Hook->apply_filters, Ewz_Setup::activate_or_install_ewz, WP_SQLite_DB->query, WP_SQLite_DB->print_error
[06-May-2025 19:24:04 UTC] EWZ: DB Error <div style="clear:both">&nbsp;</div>
<div class="queries" style="clear:both;margin-bottom:2px;border:red dotted thin;">
<p>MySQL query:</p>
<p>ALTER TABLE wp_ewz_layout AUTO_INCREMENT=33;</p>
<p>Queries made or created this session were:</p>
<ol>
<li>Executing: BEGIN | (no parameters)</li>
<li>Executing: ROLLBACK | (no parameters)</li>
</ol>
</div>
<div style="clear:both;margin-bottom:2px;border:red dotted thin;" class="error_message" style="border-bottom:dotted blue thin;">
Error occurred at line 4117 in Function <code>handle_error</code>. Error message was: Unknown operation: AUTO_INCREMENT.
</div>
<p>Backtrace:</p>
<pre>#0 /internal/shared/sqlite-database-integration/wp-includes/sqlite/class-wp-sqlite-db.php(287): WP_SQLite_Translator->get_error_message()
#1 /wordpress/wp-content/plugins/entrywizard/classes/ewz-setup.php(83): WP_SQLite_DB->query('ALTER TABLE wp_...')
#2 /wordpress/wp-includes/class-wp-hook.php(324): Ewz_Setup::activate_or_install_ewz(false)
#3 /wordpress/wp-includes/class-wp-hook.php(348): WP_Hook->apply_filters('', Array)
#4 /wordpress/wp-includes/plugin.php(517): WP_Hook->do_action(Array)
#5 /wordpress/wp-admin/includes/plugin.php(703): do_action('activate_entryw...', false)
#6 /internal/eval.php(20): activate_plugin('entrywizard/ent...')
#7 {main}</pre>
 ;; # {user 1}~{ classes/ewz-setup.php, line 84 }~
[06-May-2025 19:24:04 UTC] PHP Fatal error:  Uncaught EWZ_Exception: *** EntryWizard ERROR *** DB Error &nbsp;

MySQL query:
ALTER TABLE wp_ewz_layout AUTO_INCREMENT=33;
Queries made or created this session were:

Executing: BEGIN | (no parameters)
Executing: ROLLBACK | (no parameters)



Error occurred at line 4117 in Function handle_error. Error message was: Unknown operation: AUTO_INCREMENT.

Backtrace:
#0 /internal/shared/sqlite-database-integration/wp-includes/sqlite/class-wp-sqlite-db.php(287): WP_SQLite_Translator-&gt;get_error_message()
#1 /wordpress/wp-content/plugins/entrywizard/classes/ewz-setup.php(83): WP_SQLite_DB-&gt;query('ALTER TABLE wp_...')
#2 /wordpress/wp-includes/class-wp-hook.php(324): Ewz_Setup::activate_or_install_ewz(false)
#3 /wordpress/wp-includes/class-wp-hook.php(348): WP_Hook-&gt;apply_filters('', Array)
#4 /wordpress/wp-includes/plugin.php(517): WP_Hook-&gt;do_action(Array)
#5 /wordpress/wp-admin/includes/plugin.php(703): do_action('activate_entryw...', false)
#6 /internal/eval.php(20): activate_plugin('entrywizard/ent...')
#7 {main}
 in /wordpress/wp-content/plugins/entrywizard/classes/ewz-setup.php:84
Stack trace:
#0 /wordpress/wp-includes/class-wp-hook.php(324): Ewz_Setup::activate_or_install_ewz(false)
#1 /wordpress/wp-includes/class-wp-hook.php(348): WP_Hook->apply_filters('', Array)
#2 /wordpress/wp-includes/plugin.php(517): WP_Hook->do_action(Array)
#3 /wordpress/wp-admin/includes/plugin.php(703): do_action('activate_entryw...', false)
#4 /internal/eval.php(20): activate_plugin('entrywizard/ent...')
#5 {main}
  thrown in /wordpress/wp-content/plugins/entrywizard/classes/ewz-setup.php on line 84
[06-May-2025 19:24:13 UTC] EWZ: creating/updating tables 
[06-May-2025 19:24:13 UTC] EWZ: Array
(
    [wp_ewz_layout] => Created table wp_ewz_layout
)

[06-May-2025 19:24:13 UTC] EWZ: Array
(
    [wp_ewz_field] => Created table wp_ewz_field
)

[06-May-2025 19:24:13 UTC] EWZ: Array
(
    [wp_ewz_webform] => Created table wp_ewz_webform
)

[06-May-2025 19:24:13 UTC] EWZ: Array
(
    [wp_ewz_item] => Created table wp_ewz_item
)

[06-May-2025 19:24:13 UTC] WordPress database error <div style="clear:both">&nbsp;</div>
<div class="queries" style="clear:both;margin-bottom:2px;border:red dotted thin;">
<p>MySQL query:</p>
<p>ALTER TABLE wp_ewz_layout AUTO_INCREMENT=33;</p>
<p>Queries made or created this session were:</p>
<ol>
<li>Executing: BEGIN | (no parameters)</li>
<li>Executing: ROLLBACK | (no parameters)</li>
</ol>
</div>
<div style="clear:both;margin-bottom:2px;border:red dotted thin;" class="error_message" style="border-bottom:dotted blue thin;">
Error occurred at line 4117 in Function <code>handle_error</code>. Error message was: Unknown operation: AUTO_INCREMENT.
</div>
<p>Backtrace:</p>
<pre>#0 /internal/shared/sqlite-database-integration/wp-includes/sqlite/class-wp-sqlite-db.php(287): WP_SQLite_Translator->get_error_message()
#1 /wordpress/wp-content/plugins/entrywizard/classes/ewz-setup.php(83): WP_SQLite_DB->query('ALTER TABLE wp_...')
#2 /wordpress/wp-includes/class-wp-hook.php(324): Ewz_Setup::activate_or_install_ewz(false)
#3 /wordpress/wp-includes/class-wp-hook.php(348): WP_Hook->apply_filters('', Array)
#4 /wordpress/wp-includes/plugin.php(517): WP_Hook->do_action(Array)
#5 /wordpress/wp-admin/includes/plugin.php(703): do_action('activate_entryw...', false)
#6 /internal/eval.php(20): activate_plugin('entrywizard/ent...')
#7 {main}</pre>
 for query ALTER TABLE wp_ewz_layout AUTO_INCREMENT=33; made by activate_plugin, do_action('activate_entrywizard/entrywizard.php'), WP_Hook->do_action, WP_Hook->apply_filters, Ewz_Setup::activate_or_install_ewz, WP_SQLite_DB->query, WP_SQLite_DB->print_error
[06-May-2025 19:24:13 UTC] EWZ: DB Error <div style="clear:both">&nbsp;</div>
<div class="queries" style="clear:both;margin-bottom:2px;border:red dotted thin;">
<p>MySQL query:</p>
<p>ALTER TABLE wp_ewz_layout AUTO_INCREMENT=33;</p>
<p>Queries made or created this session were:</p>
<ol>
<li>Executing: BEGIN | (no parameters)</li>
<li>Executing: ROLLBACK | (no parameters)</li>
</ol>
</div>
<div style="clear:both;margin-bottom:2px;border:red dotted thin;" class="error_message" style="border-bottom:dotted blue thin;">
Error occurred at line 4117 in Function <code>handle_error</code>. Error message was: Unknown operation: AUTO_INCREMENT.
</div>
<p>Backtrace:</p>
<pre>#0 /internal/shared/sqlite-database-integration/wp-includes/sqlite/class-wp-sqlite-db.php(287): WP_SQLite_Translator->get_error_message()
#1 /wordpress/wp-content/plugins/entrywizard/classes/ewz-setup.php(83): WP_SQLite_DB->query('ALTER TABLE wp_...')
#2 /wordpress/wp-includes/class-wp-hook.php(324): Ewz_Setup::activate_or_install_ewz(false)
#3 /wordpress/wp-includes/class-wp-hook.php(348): WP_Hook->apply_filters('', Array)
#4 /wordpress/wp-includes/plugin.php(517): WP_Hook->do_action(Array)
#5 /wordpress/wp-admin/includes/plugin.php(703): do_action('activate_entryw...', false)
#6 /internal/eval.php(20): activate_plugin('entrywizard/ent...')
#7 {main}</pre>
 ;; # {user 1}~{ classes/ewz-setup.php, line 84 }~
[06-May-2025 19:24:13 UTC] PHP Fatal error:  Uncaught EWZ_Exception: *** EntryWizard ERROR *** DB Error &nbsp;

MySQL query:
ALTER TABLE wp_ewz_layout AUTO_INCREMENT=33;
Queries made or created this session were:

Executing: BEGIN | (no parameters)
Executing: ROLLBACK | (no parameters)



Error occurred at line 4117 in Function handle_error. Error message was: Unknown operation: AUTO_INCREMENT.

Backtrace:
#0 /internal/shared/sqlite-database-integration/wp-includes/sqlite/class-wp-sqlite-db.php(287): WP_SQLite_Translator-&gt;get_error_message()
#1 /wordpress/wp-content/plugins/entrywizard/classes/ewz-setup.php(83): WP_SQLite_DB-&gt;query('ALTER TABLE wp_...')
#2 /wordpress/wp-includes/class-wp-hook.php(324): Ewz_Setup::activate_or_install_ewz(false)
#3 /wordpress/wp-includes/class-wp-hook.php(348): WP_Hook-&gt;apply_filters('', Array)
#4 /wordpress/wp-includes/plugin.php(517): WP_Hook-&gt;do_action(Array)
#5 /wordpress/wp-admin/includes/plugin.php(703): do_action('activate_entryw...', false)
#6 /internal/eval.php(20): activate_plugin('entrywizard/ent...')
#7 {main}
 in /wordpress/wp-content/plugins/entrywizard/classes/ewz-setup.php:84
Stack trace:
#0 /wordpress/wp-includes/class-wp-hook.php(324): Ewz_Setup::activate_or_install_ewz(false)
#1 /wordpress/wp-includes/class-wp-hook.php(348): WP_Hook->apply_filters('', Array)
#2 /wordpress/wp-includes/plugin.php(517): WP_Hook->do_action(Array)
#3 /wordpress/wp-admin/includes/plugin.php(703): do_action('activate_entryw...', false)
#4 /internal/eval.php(20): activate_plugin('entrywizard/ent...')
#5 {main}
  thrown in /wordpress/wp-content/plugins/entrywizard/classes/ewz-setup.php on line 84
[06-May-2025 19:24:22 UTC] PHP Fatal error:  Uncaught ArgumentCountError: Too few arguments to function WP_Widget::__construct(), 0 passed in /wordpress/wp-includes/class-wp-widget-factory.php on line 62 and at least 2 expected in /wordpress/wp-includes/class-wp-widget.php:163
Stack trace:
#0 /wordpress/wp-includes/class-wp-widget-factory.php(62): WP_Widget->__construct()
#1 /wordpress/wp-includes/widgets.php(123): WP_Widget_Factory->register('ep_hashimage_wi...')
#2 /wordpress/wp-content/plugins/ep-hashimage/system/widget.php(8): register_widget('ep_hashimage_wi...')
#3 /wordpress/wp-includes/class-wp-hook.php(324): load_ep_hashimage_widget('')
#4 /wordpress/wp-includes/class-wp-hook.php(348): WP_Hook->apply_filters(NULL, Array)
#5 /wordpress/wp-includes/plugin.php(517): WP_Hook->do_action(Array)
#6 /wordpress/wp-includes/widgets.php(1870): do_action('widgets_init')
#7 /wordpress/wp-includes/class-wp-hook.php(324): wp_widgets_init('')
#8 /wordpress/wp-includes/class-wp-hook.php(348): WP_Hook->apply_filters(NULL, Array)
#9 /wordpress/wp-includes/plugin.php(517): WP_Hook->do_action(Array)
#10 /wordpress/wp-settings.php(727): do_action('init')
#11 /wordpress/wp-config.php(102): require_once('/wordpress/wp-s...')
#12 /wordpress/wp-load.php(50): require_once('/wordpress/wp-c...')
#13 /internal/eval.php(3): require_once('/wordpress/wp-l...')
#14 {main}
  thrown in /wordpress/wp-includes/class-wp-widget.php on line 163
[06-May-2025 19:24:31 UTC] PHP Fatal error:  Uncaught ArgumentCountError: Too few arguments to function WP_Widget::__construct(), 0 passed in /wordpress/wp-includes/class-wp-widget-factory.php on line 62 and at least 2 expected in /wordpress/wp-includes/class-wp-widget.php:163
Stack trace:
#0 /wordpress/wp-includes/class-wp-widget-factory.php(62): WP_Widget->__construct()
#1 /wordpress/wp-includes/widgets.php(123): WP_Widget_Factory->register('ep_hashimage_wi...')
#2 /wordpress/wp-content/plugins/ep-hashimage/system/widget.php(8): register_widget('ep_hashimage_wi...')
#3 /wordpress/wp-includes/class-wp-hook.php(324): load_ep_hashimage_widget('')
#4 /wordpress/wp-includes/class-wp-hook.php(348): WP_Hook->apply_filters(NULL, Array)
#5 /wordpress/wp-includes/plugin.php(517): WP_Hook->do_action(Array)
#6 /wordpress/wp-includes/widgets.php(1870): do_action('widgets_init')
#7 /wordpress/wp-includes/class-wp-hook.php(324): wp_widgets_init('')
#8 /wordpress/wp-includes/class-wp-hook.php(348): WP_Hook->apply_filters(NULL, Array)
#9 /wordpress/wp-includes/plugin.php(517): WP_Hook->do_action(Array)
#10 /wordpress/wp-settings.php(727): do_action('init')
#11 /wordpress/wp-config.php(102): require_once('/wordpress/wp-s...')
#12 /wordpress/wp-load.php(50): require_once('/wordpress/wp-c...')
#13 /internal/eval.php(3): require_once('/wordpress/wp-l...')
#14 {main}
  thrown in /wordpress/wp-includes/class-wp-widget.php on line 163
[06-May-2025 19:24:40 UTC] PHP Fatal error:  Uncaught ArgumentCountError: Too few arguments to function WP_Widget::__construct(), 0 passed in /wordpress/wp-includes/class-wp-widget-factory.php on line 62 and at least 2 expected in /wordpress/wp-includes/class-wp-widget.php:163
Stack trace:
#0 /wordpress/wp-includes/class-wp-widget-factory.php(62): WP_Widget->__construct()
#1 /wordpress/wp-includes/widgets.php(123): WP_Widget_Factory->register('ep_hashimage_wi...')
#2 /wordpress/wp-content/plugins/ep-hashimage/system/widget.php(8): register_widget('ep_hashimage_wi...')
#3 /wordpress/wp-includes/class-wp-hook.php(324): load_ep_hashimage_widget('')
#4 /wordpress/wp-includes/class-wp-hook.php(348): WP_Hook->apply_filters(NULL, Array)
#5 /wordpress/wp-includes/plugin.php(517): WP_Hook->do_action(Array)
#6 /wordpress/wp-includes/widgets.php(1870): do_action('widgets_init')
#7 /wordpress/wp-includes/class-wp-hook.php(324): wp_widgets_init('')
#8 /wordpress/wp-includes/class-wp-hook.php(348): WP_Hook->apply_filters(NULL, Array)
#9 /wordpress/wp-includes/plugin.php(517): WP_Hook->do_action(Array)
#10 /wordpress/wp-settings.php(727): do_action('init')
#11 /wordpress/wp-config.php(102): require_once('/wordpress/wp-s...')
#12 /wordpress/wp-load.php(50): require_once('/wordpress/wp-c...')
#13 /internal/eval.php(3): require_once('/wordpress/wp-l...')
#14 {main}
  thrown in /wordpress/wp-includes/class-wp-widget.php on line 163
[06-May-2025 19:24:49 UTC] PHP Parse error:  syntax error, unexpected ')' in /wordpress/wp-content/plugins/elvez-slim-site-header/admin/class-elvez-slim-site-header-admin.php on line 209
[06-May-2025 19:24:58 UTC] PHP Parse error:  syntax error, unexpected ')' in /wordpress/wp-content/plugins/elvez-slim-site-header/admin/class-elvez-slim-site-header-admin.php on line 209
[06-May-2025 19:25:06 UTC] PHP Parse error:  syntax error, unexpected ')' in /wordpress/wp-content/plugins/elvez-slim-site-header/admin/class-elvez-slim-site-header-admin.php on line 209
[06-May-2025 19:27:11 UTC] PHP Parse error:  syntax error, unexpected token "new" in /wordpress/wp-content/plugins/exec-php/exec-php.php on line 22
[06-May-2025 19:27:18 UTC] PHP Parse error:  syntax error, unexpected token "new" in /wordpress/wp-content/plugins/exec-php/exec-php.php on line 22
[06-May-2025 19:27:26 UTC] PHP Parse error:  syntax error, unexpected token "new" in /wordpress/wp-content/plugins/exec-php/exec-php.php on line 22

    at Object.onBind (file:///home/runner/work/playground-tester/playground-tester/node_modules/@wp-playground/cli/index.js:237:15)
    at process.processTicksAndRejections (node:internal/process/task_queues:105:5)
    at async V (file:///home/runner/work/playground-tester/playground-tester/node_modules/@wp-playground/cli/index.js:64:10)
    at async ja (file:///home/runner/work/playground-tester/playground-tester/node_modules/@wp-playground/cli/cli.js:8161:12) {
  [cause]: Error: Error when executing the blueprint step #1 ({"step":"installPlugin","pluginData":{"resource":"wordpress.org/plugins","slug":"exec-php"},"options":{"activate":true}}) : PHP.run() failed with exit code 255 and the following output: 
      at Object.run (file:///home/runner/work/playground-tester/playground-tester/node_modules/@wp-playground/blueprints/index.js:12449:19)
      at process.processTicksAndRejections (node:internal/process/task_queues:105:5)
      at async ms (file:///home/runner/work/playground-tester/playground-tester/node_modules/@wp-playground/blueprints/index.js:12552:3)
      ... 2 lines matching cause stack trace ...
      at async ja (file:///home/runner/work/playground-tester/playground-tester/node_modules/@wp-playground/cli/cli.js:8161:12) {
    [cause]: PHPExecutionFailureError: PHP.run() failed with exit code 255 and the following output: 
        at PHP.run (file:///home/runner/work/playground-tester/playground-tester/node_modules/@php-wasm/universal/index.js:987:19)
        at process.processTicksAndRejections (node:internal/process/task_queues:105:5)
        at async wr (file:///home/runner/work/playground-tester/playground-tester/node_modules/@wp-playground/blueprints/index.js:33:39)
        at async Object.gt [as installPlugin] (file:///home/runner/work/playground-tester/playground-tester/node_modules/@wp-playground/blueprints/index.js:974:42)
        at async g (file:///home/runner/work/playground-tester/playground-tester/node_modules/@wp-playground/blueprints/index.js:12517:30)
        at async Object.run (file:///home/runner/work/playground-tester/playground-tester/node_modules/@wp-playground/blueprints/index.js:12446:23)
        at async ms (file:///home/runner/work/playground-tester/playground-tester/node_modules/@wp-playground/blueprints/index.js:12552:3)
        at async Object.onBind (file:///home/runner/work/playground-tester/playground-tester/node_modules/@wp-playground/cli/index.js:227:48)
        at async V (file:///home/runner/work/playground-tester/playground-tester/node_modules/@wp-playground/cli/index.js:64:10)
        at async ja (file:///home/runner/work/playground-tester/playground-tester/node_modules/@wp-playground/cli/cli.js:8161:12) {
      response: PHPResponse {
        httpStatusCode: 500,
        headers: {
          'x-powered-by': [ 'PHP/8.0.30-dev' ],
          'content-type': [ 'text/html; charset=UTF-8' ]
        },
        bytes: Uint8Array(0) [],
        exitCode: 255,
        errors: ''
      },
      source: 'request'
    }
  }
}

Node.js v23.11.0
