[
  {
    "message": "file:///home/runner/work/playground-tester/playground-tester/node_modules/@wp-playground/cli/index.js:237\n        throw new Error(y, { cause: u });\n              ^\n",
    "level": "FATAL",
    "type": "PLAYGROUND",
    "test": "ast-sqlite-boot",
    "plugin": "appointpress-appointment-booking-calendar",
    "details": "file:///home/runner/work/playground-tester/playground-tester/node_modules/@wp-playground/cli/index.js:237\n        throw new Error(y, { cause: u });\n              ^\n",
    "log": "/tmp/tmp.DeBw1q5f2y"
  },
  {
    "message": "Uncaught Doctrine\\Common\\Annotations\\AnnotationException: [Semantical Error] The annotation \"@Configuration\" in class AllInData\\CF7CRIntegration\\PluginConfiguration was never imported. Did you maybe forget to add a \"use\" statement for this annotation? in /wordpress/wp-content/plugins/allindata-cf7-cleverreach-integration/vendor/doctrine/annotations/lib/Doctrine/Common/Annotations/AnnotationException.php:54",
    "level": "FATAL",
    "type": "PHP",
    "test": "ast-sqlite-boot",
    "plugin": "appointpress-appointment-booking-calendar",
    "details": "[17-Apr-2025 16:55:18 UTC] PHP Fatal error:  Uncaught Doctrine\\Common\\Annotations\\AnnotationException: [Semantical Error] The annotation \"@Configuration\" in class AllInData\\CF7CRIntegration\\PluginConfiguration was never imported. Did you maybe forget to add a \"use\" statement for this annotation? in /wordpress/wp-content/plugins/allindata-cf7-cleverreach-integration/vendor/doctrine/annotations/lib/Doctrine/Common/Annotations/AnnotationException.php:54\nStack trace:\n#0 /wordpress/wp-content/plugins/allindata-cf7-cleverreach-integration/vendor/doctrine/annotations/lib/Doctrine/Common/Annotations/DocParser.php(732): Doctrine\\Common\\Annotations\\AnnotationException::semanticalError('The annotation ...')\n#1 /wordpress/wp-content/plugins/allindata-cf7-cleverreach-integration/vendor/doctrine/annotations/lib/Doctrine/Common/Annotations/DocParser.php(661): Doctrine\\Common\\Annotations\\DocParser->Annotation()\n#2 /wordpress/wp-content/plugins/allindata-cf7-cleverreach-integration/vendor/doctrine/annotations/lib/Doctrine/Common/Annotations/DocParser.php(354): Doctrine\\Common\\Annotations\\DocParser->Annotations()\n#3 /wordpress/wp-content/plugins/allindata-cf7-cleverreach-integration/vendor/doctrine/annotations/lib/Doctrine/Common/Annotations/AnnotationReader.php(218): Doctrine\\Common\\Annotations\\DocParser->parse('/**\\n * Class Pl...', 'class AllInData...')\n#4 /wordpress/wp-content/plugins/allindata-cf7-cleverreach-integration/vendor/doctrine/annotations/lib/Doctrine/Common/Annotations/AnnotationReader.php(226): Doctrine\\Common\\Annotations\\AnnotationReader->getClassAnnotations(Object(ReflectionClass))\n#5 /wordpress/wp-content/plugins/allindata-cf7-cleverreach-integration/vendor/bitexpert/disco/src/bitExpert/Disco/Proxy/Configuration/ConfigurationGenerator.php(85): Doctrine\\Common\\Annotations\\AnnotationReader->getClassAnnotation(Object(ReflectionClass), 'bitExpert\\\\Disco...')\n#6 /wordpress/wp-content/plugins/allindata-cf7-cleverreach-integration/vendor/ocramius/proxy-manager/src/ProxyManager/Factory/AbstractBaseFactory.php(106): bitExpert\\Disco\\Proxy\\Configuration\\ConfigurationGenerator->generate(Object(ReflectionClass), Object(ProxyManager\\Generator\\ClassGenerator), Array)\n#7 /wordpress/wp-content/plugins/allindata-cf7-cleverreach-integration/vendor/ocramius/proxy-manager/src/ProxyManager/Factory/AbstractBaseFactory.php(72): ProxyManager\\Factory\\AbstractBaseFactory->generateProxyClass('ProxyManagerGen...', 'AllInData\\\\CF7CR...', Array, Array)\n#8 /wordpress/wp-content/plugins/allindata-cf7-cleverreach-integration/vendor/bitexpert/disco/src/bitExpert/Disco/Proxy/Configuration/ConfigurationFactory.php(54): ProxyManager\\Factory\\AbstractBaseFactory->generateProxy('AllInData\\\\CF7CR...')\n#9 /wordpress/wp-content/plugins/allindata-cf7-cleverreach-integration/vendor/bitexpert/disco/src/bitExpert/Disco/AnnotationBeanFactory.php(44): bitExpert\\Disco\\Proxy\\Configuration\\ConfigurationFactory->createInstance(Object(bitExpert\\Disco\\BeanFactoryConfiguration), 'AllInData\\\\CF7CR...', Array)\n#10 /wordpress/wp-content/plugins/allindata-cf7-cleverreach-integration/vendor/allindata/wordpress-micro-core/src/Init.php(116): bitExpert\\Disco\\AnnotationBeanFactory->__construct('AllInData\\\\CF7CR...', Array, Object(bitExpert\\Disco\\BeanFactoryConfiguration))\n#11 /wordpress/wp-content/plugins/allindata-cf7-cleverreach-integration/vendor/allindata/wordpress-micro-core/src/Init.php(56): AllInData\\Micro\\Core\\Init->loadPlugin('allindata-cf7-c...', '/wordpress/tmp/', 'AllInData\\\\CF7CR...')\n#12 /wordpress/wp-includes/class-wp-hook.php(324): AllInData\\Micro\\Core\\Init::init('')\n#13 /wordpress/wp-includes/class-wp-hook.php(348): WP_Hook->apply_filters('', Array)\n#14 /wordpress/wp-includes/plugin.php(517): WP_Hook->do_action(Array)\n#15 /wordpress/wp-content/plugins/allindata-cf7-cleverreach-integration/vendor/allindata/wordpress-micro-core/src/Init.php(12): do_action('allindata/micro...')\n#16 /wordpress/wp-includes/class-wp-hook.php(324): AllInData\\Micro\\Core\\{closure}('')\n#17 /wordpress/wp-includes/class-wp-hook.php(348): WP_Hook->apply_filters(NULL, Array)\n#18 /wordpress/wp-includes/plugin.php(517): WP_Hook->do_action(Array)\n#19 /wordpress/wp-settings.php(578): do_action('plugins_loaded')\n#20 /wordpress/wp-config.php(102): require_once('/wordpress/wp-s...')\n#21 /wordpress/wp-load.php(50): require_once('/wordpress/wp-c...')\n#22 /internal/eval.php(3): require_once('/wordpress/wp-l...')\n#23 {main}\n\nNext ProxyManager\\Exception\\InvalidProxiedClassException: [Semantical Error] The annotation \"@Configuration\" in class AllInData\\CF7CRIntegration\\PluginConfiguration was never imported. Did you maybe forget to add a \"use\" statement for this annotation? in /wordpress/wp-content/plugins/allindata-cf7-cleverreach-integration/vendor/bitexpert/disco/src/bitExpert/Disco/Proxy/Configuration/ConfigurationGenerator.php:87\nStack trace:\n#0 /wordpress/wp-content/plugins/allindata-cf7-cleverreach-integration/vendor/ocramius/proxy-manager/src/ProxyManager/Factory/AbstractBaseFactory.php(106): bitExpert\\Disco\\Proxy\\Configuration\\ConfigurationGenerator->generate(Object(ReflectionClass), Object(ProxyManager\\Generator\\ClassGenerator), Array)\n#1 /wordpress/wp-content/plugins/allindata-cf7-cleverreach-integration/vendor/ocramius/proxy-manager/src/ProxyManager/Factory/AbstractBaseFactory.php(72): ProxyManager\\Factory\\AbstractBaseFactory->generateProxyClass('ProxyManagerGen...', 'AllInData\\\\CF7CR...', Array, Array)\n#2 /wordpress/wp-content/plugins/allindata-cf7-cleverreach-integration/vendor/bitexpert/disco/src/bitExpert/Disco/Proxy/Configuration/ConfigurationFactory.php(54): ProxyManager\\Factory\\AbstractBaseFactory->generateProxy('AllInData\\\\CF7CR...')\n#3 /wordpress/wp-content/plugins/allindata-cf7-cleverreach-integration/vendor/bitexpert/disco/src/bitExpert/Disco/AnnotationBeanFactory.php(44): bitExpert\\Disco\\Proxy\\Configuration\\ConfigurationFactory->createInstance(Object(bitExpert\\Disco\\BeanFactoryConfiguration), 'AllInData\\\\CF7CR...', Array)\n#4 /wordpress/wp-content/plugins/allindata-cf7-cleverreach-integration/vendor/allindata/wordpress-micro-core/src/Init.php(116): bitExpert\\Disco\\AnnotationBeanFactory->__construct('AllInData\\\\CF7CR...', Array, Object(bitExpert\\Disco\\BeanFactoryConfiguration))\n#5 /wordpress/wp-content/plugins/allindata-cf7-cleverreach-integration/vendor/allindata/wordpress-micro-core/src/Init.php(56): AllInData\\Micro\\Core\\Init->loadPlugin('allindata-cf7-c...', '/wordpress/tmp/', 'AllInData\\\\CF7CR...')\n#6 /wordpress/wp-includes/class-wp-hook.php(324): AllInData\\Micro\\Core\\Init::init('')\n#7 /wordpress/wp-includes/class-wp-hook.php(348): WP_Hook->apply_filters('', Array)\n#8 /wordpress/wp-includes/plugin.php(517): WP_Hook->do_action(Array)\n#9 /wordpress/wp-content/plugins/allindata-cf7-cleverreach-integration/vendor/allindata/wordpress-micro-core/src/Init.php(12): do_action('allindata/micro...')\n#10 /wordpress/wp-includes/class-wp-hook.php(324): AllInData\\Micro\\Core\\{closure}('')\n#11 /wordpress/wp-includes/class-wp-hook.php(348): WP_Hook->apply_filters(NULL, Array)\n#12 /wordpress/wp-includes/plugin.php(517): WP_Hook->do_action(Array)\n#13 /wordpress/wp-settings.php(578): do_action('plugins_loaded')\n#14 /wordpress/wp-config.php(102): require_once('/wordpress/wp-s...')\n#15 /wordpress/wp-load.php(50): require_once('/wordpress/wp-c...')\n#16 /internal/eval.php(3): require_once('/wordpress/wp-l...')\n#17 {main}\n  thrown in /wordpress/wp-content/plugins/allindata-cf7-cleverreach-integration/vendor/bitexpert/disco/src/bitExpert/Disco/Proxy/Configuration/ConfigurationGenerator.php on line 87",
    "log": "/logs/plugins/a/appointpress-appointment-booking-calendar/error.json"
  },
  {
    "message": "Uncaught Doctrine\\Common\\Annotations\\AnnotationException: [Semantical Error] The annotation \"@Configuration\" in class AllInData\\CF7CRIntegration\\PluginConfiguration was never imported. Did you maybe forget to add a \"use\" statement for this annotation? in /wordpress/wp-content/plugins/allindata-cf7-cleverreach-integration/vendor/doctrine/annotations/lib/Doctrine/Common/Annotations/AnnotationException.php:54",
    "level": "FATAL",
    "type": "PHP",
    "test": "ast-sqlite-boot",
    "plugin": "appointpress-appointment-booking-calendar",
    "details": "[17-Apr-2025 16:55:29 UTC] PHP Fatal error:  Uncaught Doctrine\\Common\\Annotations\\AnnotationException: [Semantical Error] The annotation \"@Configuration\" in class AllInData\\CF7CRIntegration\\PluginConfiguration was never imported. Did you maybe forget to add a \"use\" statement for this annotation? in /wordpress/wp-content/plugins/allindata-cf7-cleverreach-integration/vendor/doctrine/annotations/lib/Doctrine/Common/Annotations/AnnotationException.php:54\nStack trace:\n#0 /wordpress/wp-content/plugins/allindata-cf7-cleverreach-integration/vendor/doctrine/annotations/lib/Doctrine/Common/Annotations/DocParser.php(732): Doctrine\\Common\\Annotations\\AnnotationException::semanticalError('The annotation ...')\n#1 /wordpress/wp-content/plugins/allindata-cf7-cleverreach-integration/vendor/doctrine/annotations/lib/Doctrine/Common/Annotations/DocParser.php(661): Doctrine\\Common\\Annotations\\DocParser->Annotation()\n#2 /wordpress/wp-content/plugins/allindata-cf7-cleverreach-integration/vendor/doctrine/annotations/lib/Doctrine/Common/Annotations/DocParser.php(354): Doctrine\\Common\\Annotations\\DocParser->Annotations()\n#3 /wordpress/wp-content/plugins/allindata-cf7-cleverreach-integration/vendor/doctrine/annotations/lib/Doctrine/Common/Annotations/AnnotationReader.php(218): Doctrine\\Common\\Annotations\\DocParser->parse('/**\\n * Class Pl...', 'class AllInData...')\n#4 /wordpress/wp-content/plugins/allindata-cf7-cleverreach-integration/vendor/doctrine/annotations/lib/Doctrine/Common/Annotations/AnnotationReader.php(226): Doctrine\\Common\\Annotations\\AnnotationReader->getClassAnnotations(Object(ReflectionClass))\n#5 /wordpress/wp-content/plugins/allindata-cf7-cleverreach-integration/vendor/bitexpert/disco/src/bitExpert/Disco/Proxy/Configuration/ConfigurationGenerator.php(85): Doctrine\\Common\\Annotations\\AnnotationReader->getClassAnnotation(Object(ReflectionClass), 'bitExpert\\\\Disco...')\n#6 /wordpress/wp-content/plugins/allindata-cf7-cleverreach-integration/vendor/ocramius/proxy-manager/src/ProxyManager/Factory/AbstractBaseFactory.php(106): bitExpert\\Disco\\Proxy\\Configuration\\ConfigurationGenerator->generate(Object(ReflectionClass), Object(ProxyManager\\Generator\\ClassGenerator), Array)\n#7 /wordpress/wp-content/plugins/allindata-cf7-cleverreach-integration/vendor/ocramius/proxy-manager/src/ProxyManager/Factory/AbstractBaseFactory.php(72): ProxyManager\\Factory\\AbstractBaseFactory->generateProxyClass('ProxyManagerGen...', 'AllInData\\\\CF7CR...', Array, Array)\n#8 /wordpress/wp-content/plugins/allindata-cf7-cleverreach-integration/vendor/bitexpert/disco/src/bitExpert/Disco/Proxy/Configuration/ConfigurationFactory.php(54): ProxyManager\\Factory\\AbstractBaseFactory->generateProxy('AllInData\\\\CF7CR...')\n#9 /wordpress/wp-content/plugins/allindata-cf7-cleverreach-integration/vendor/bitexpert/disco/src/bitExpert/Disco/AnnotationBeanFactory.php(44): bitExpert\\Disco\\Proxy\\Configuration\\ConfigurationFactory->createInstance(Object(bitExpert\\Disco\\BeanFactoryConfiguration), 'AllInData\\\\CF7CR...', Array)\n#10 /wordpress/wp-content/plugins/allindata-cf7-cleverreach-integration/vendor/allindata/wordpress-micro-core/src/Init.php(116): bitExpert\\Disco\\AnnotationBeanFactory->__construct('AllInData\\\\CF7CR...', Array, Object(bitExpert\\Disco\\BeanFactoryConfiguration))\n#11 /wordpress/wp-content/plugins/allindata-cf7-cleverreach-integration/vendor/allindata/wordpress-micro-core/src/Init.php(56): AllInData\\Micro\\Core\\Init->loadPlugin('allindata-cf7-c...', '/wordpress/tmp/', 'AllInData\\\\CF7CR...')\n#12 /wordpress/wp-includes/class-wp-hook.php(324): AllInData\\Micro\\Core\\Init::init('')\n#13 /wordpress/wp-includes/class-wp-hook.php(348): WP_Hook->apply_filters('', Array)\n#14 /wordpress/wp-includes/plugin.php(517): WP_Hook->do_action(Array)\n#15 /wordpress/wp-content/plugins/allindata-cf7-cleverreach-integration/vendor/allindata/wordpress-micro-core/src/Init.php(12): do_action('allindata/micro...')\n#16 /wordpress/wp-includes/class-wp-hook.php(324): AllInData\\Micro\\Core\\{closure}('')\n#17 /wordpress/wp-includes/class-wp-hook.php(348): WP_Hook->apply_filters(NULL, Array)\n#18 /wordpress/wp-includes/plugin.php(517): WP_Hook->do_action(Array)\n#19 /wordpress/wp-settings.php(578): do_action('plugins_loaded')\n#20 /wordpress/wp-config.php(102): require_once('/wordpress/wp-s...')\n#21 /wordpress/wp-load.php(50): require_once('/wordpress/wp-c...')\n#22 /internal/eval.php(3): require_once('/wordpress/wp-l...')\n#23 {main}\n\nNext ProxyManager\\Exception\\InvalidProxiedClassException: [Semantical Error] The annotation \"@Configuration\" in class AllInData\\CF7CRIntegration\\PluginConfiguration was never imported. Did you maybe forget to add a \"use\" statement for this annotation? in /wordpress/wp-content/plugins/allindata-cf7-cleverreach-integration/vendor/bitexpert/disco/src/bitExpert/Disco/Proxy/Configuration/ConfigurationGenerator.php:87\nStack trace:\n#0 /wordpress/wp-content/plugins/allindata-cf7-cleverreach-integration/vendor/ocramius/proxy-manager/src/ProxyManager/Factory/AbstractBaseFactory.php(106): bitExpert\\Disco\\Proxy\\Configuration\\ConfigurationGenerator->generate(Object(ReflectionClass), Object(ProxyManager\\Generator\\ClassGenerator), Array)\n#1 /wordpress/wp-content/plugins/allindata-cf7-cleverreach-integration/vendor/ocramius/proxy-manager/src/ProxyManager/Factory/AbstractBaseFactory.php(72): ProxyManager\\Factory\\AbstractBaseFactory->generateProxyClass('ProxyManagerGen...', 'AllInData\\\\CF7CR...', Array, Array)\n#2 /wordpress/wp-content/plugins/allindata-cf7-cleverreach-integration/vendor/bitexpert/disco/src/bitExpert/Disco/Proxy/Configuration/ConfigurationFactory.php(54): ProxyManager\\Factory\\AbstractBaseFactory->generateProxy('AllInData\\\\CF7CR...')\n#3 /wordpress/wp-content/plugins/allindata-cf7-cleverreach-integration/vendor/bitexpert/disco/src/bitExpert/Disco/AnnotationBeanFactory.php(44): bitExpert\\Disco\\Proxy\\Configuration\\ConfigurationFactory->createInstance(Object(bitExpert\\Disco\\BeanFactoryConfiguration), 'AllInData\\\\CF7CR...', Array)\n#4 /wordpress/wp-content/plugins/allindata-cf7-cleverreach-integration/vendor/allindata/wordpress-micro-core/src/Init.php(116): bitExpert\\Disco\\AnnotationBeanFactory->__construct('AllInData\\\\CF7CR...', Array, Object(bitExpert\\Disco\\BeanFactoryConfiguration))\n#5 /wordpress/wp-content/plugins/allindata-cf7-cleverreach-integration/vendor/allindata/wordpress-micro-core/src/Init.php(56): AllInData\\Micro\\Core\\Init->loadPlugin('allindata-cf7-c...', '/wordpress/tmp/', 'AllInData\\\\CF7CR...')\n#6 /wordpress/wp-includes/class-wp-hook.php(324): AllInData\\Micro\\Core\\Init::init('')\n#7 /wordpress/wp-includes/class-wp-hook.php(348): WP_Hook->apply_filters('', Array)\n#8 /wordpress/wp-includes/plugin.php(517): WP_Hook->do_action(Array)\n#9 /wordpress/wp-content/plugins/allindata-cf7-cleverreach-integration/vendor/allindata/wordpress-micro-core/src/Init.php(12): do_action('allindata/micro...')\n#10 /wordpress/wp-includes/class-wp-hook.php(324): AllInData\\Micro\\Core\\{closure}('')\n#11 /wordpress/wp-includes/class-wp-hook.php(348): WP_Hook->apply_filters(NULL, Array)\n#12 /wordpress/wp-includes/plugin.php(517): WP_Hook->do_action(Array)\n#13 /wordpress/wp-settings.php(578): do_action('plugins_loaded')\n#14 /wordpress/wp-config.php(102): require_once('/wordpress/wp-s...')\n#15 /wordpress/wp-load.php(50): require_once('/wordpress/wp-c...')\n#16 /internal/eval.php(3): require_once('/wordpress/wp-l...')\n#17 {main}\n  thrown in /wordpress/wp-content/plugins/allindata-cf7-cleverreach-integration/vendor/bitexpert/disco/src/bitExpert/Disco/Proxy/Configuration/ConfigurationGenerator.php on line 87",
    "log": "/logs/plugins/a/appointpress-appointment-booking-calendar/error.json"
  },
  {
    "message": "Uncaught Doctrine\\Common\\Annotations\\AnnotationException: [Semantical Error] The annotation \"@Configuration\" in class AllInData\\CF7CRIntegration\\PluginConfiguration was never imported. Did you maybe forget to add a \"use\" statement for this annotation? in /wordpress/wp-content/plugins/allindata-cf7-cleverreach-integration/vendor/doctrine/annotations/lib/Doctrine/Common/Annotations/AnnotationException.php:54",
    "level": "FATAL",
    "type": "PHP",
    "test": "ast-sqlite-boot",
    "plugin": "appointpress-appointment-booking-calendar",
    "details": "[17-Apr-2025 16:55:40 UTC] PHP Fatal error:  Uncaught Doctrine\\Common\\Annotations\\AnnotationException: [Semantical Error] The annotation \"@Configuration\" in class AllInData\\CF7CRIntegration\\PluginConfiguration was never imported. Did you maybe forget to add a \"use\" statement for this annotation? in /wordpress/wp-content/plugins/allindata-cf7-cleverreach-integration/vendor/doctrine/annotations/lib/Doctrine/Common/Annotations/AnnotationException.php:54\nStack trace:\n#0 /wordpress/wp-content/plugins/allindata-cf7-cleverreach-integration/vendor/doctrine/annotations/lib/Doctrine/Common/Annotations/DocParser.php(732): Doctrine\\Common\\Annotations\\AnnotationException::semanticalError('The annotation ...')\n#1 /wordpress/wp-content/plugins/allindata-cf7-cleverreach-integration/vendor/doctrine/annotations/lib/Doctrine/Common/Annotations/DocParser.php(661): Doctrine\\Common\\Annotations\\DocParser->Annotation()\n#2 /wordpress/wp-content/plugins/allindata-cf7-cleverreach-integration/vendor/doctrine/annotations/lib/Doctrine/Common/Annotations/DocParser.php(354): Doctrine\\Common\\Annotations\\DocParser->Annotations()\n#3 /wordpress/wp-content/plugins/allindata-cf7-cleverreach-integration/vendor/doctrine/annotations/lib/Doctrine/Common/Annotations/AnnotationReader.php(218): Doctrine\\Common\\Annotations\\DocParser->parse('/**\\n * Class Pl...', 'class AllInData...')\n#4 /wordpress/wp-content/plugins/allindata-cf7-cleverreach-integration/vendor/doctrine/annotations/lib/Doctrine/Common/Annotations/AnnotationReader.php(226): Doctrine\\Common\\Annotations\\AnnotationReader->getClassAnnotations(Object(ReflectionClass))\n#5 /wordpress/wp-content/plugins/allindata-cf7-cleverreach-integration/vendor/bitexpert/disco/src/bitExpert/Disco/Proxy/Configuration/ConfigurationGenerator.php(85): Doctrine\\Common\\Annotations\\AnnotationReader->getClassAnnotation(Object(ReflectionClass), 'bitExpert\\\\Disco...')\n#6 /wordpress/wp-content/plugins/allindata-cf7-cleverreach-integration/vendor/ocramius/proxy-manager/src/ProxyManager/Factory/AbstractBaseFactory.php(106): bitExpert\\Disco\\Proxy\\Configuration\\ConfigurationGenerator->generate(Object(ReflectionClass), Object(ProxyManager\\Generator\\ClassGenerator), Array)\n#7 /wordpress/wp-content/plugins/allindata-cf7-cleverreach-integration/vendor/ocramius/proxy-manager/src/ProxyManager/Factory/AbstractBaseFactory.php(72): ProxyManager\\Factory\\AbstractBaseFactory->generateProxyClass('ProxyManagerGen...', 'AllInData\\\\CF7CR...', Array, Array)\n#8 /wordpress/wp-content/plugins/allindata-cf7-cleverreach-integration/vendor/bitexpert/disco/src/bitExpert/Disco/Proxy/Configuration/ConfigurationFactory.php(54): ProxyManager\\Factory\\AbstractBaseFactory->generateProxy('AllInData\\\\CF7CR...')\n#9 /wordpress/wp-content/plugins/allindata-cf7-cleverreach-integration/vendor/bitexpert/disco/src/bitExpert/Disco/AnnotationBeanFactory.php(44): bitExpert\\Disco\\Proxy\\Configuration\\ConfigurationFactory->createInstance(Object(bitExpert\\Disco\\BeanFactoryConfiguration), 'AllInData\\\\CF7CR...', Array)\n#10 /wordpress/wp-content/plugins/allindata-cf7-cleverreach-integration/vendor/allindata/wordpress-micro-core/src/Init.php(116): bitExpert\\Disco\\AnnotationBeanFactory->__construct('AllInData\\\\CF7CR...', Array, Object(bitExpert\\Disco\\BeanFactoryConfiguration))\n#11 /wordpress/wp-content/plugins/allindata-cf7-cleverreach-integration/vendor/allindata/wordpress-micro-core/src/Init.php(56): AllInData\\Micro\\Core\\Init->loadPlugin('allindata-cf7-c...', '/wordpress/tmp/', 'AllInData\\\\CF7CR...')\n#12 /wordpress/wp-includes/class-wp-hook.php(324): AllInData\\Micro\\Core\\Init::init('')\n#13 /wordpress/wp-includes/class-wp-hook.php(348): WP_Hook->apply_filters('', Array)\n#14 /wordpress/wp-includes/plugin.php(517): WP_Hook->do_action(Array)\n#15 /wordpress/wp-content/plugins/allindata-cf7-cleverreach-integration/vendor/allindata/wordpress-micro-core/src/Init.php(12): do_action('allindata/micro...')\n#16 /wordpress/wp-includes/class-wp-hook.php(324): AllInData\\Micro\\Core\\{closure}('')\n#17 /wordpress/wp-includes/class-wp-hook.php(348): WP_Hook->apply_filters(NULL, Array)\n#18 /wordpress/wp-includes/plugin.php(517): WP_Hook->do_action(Array)\n#19 /wordpress/wp-settings.php(578): do_action('plugins_loaded')\n#20 /wordpress/wp-config.php(102): require_once('/wordpress/wp-s...')\n#21 /wordpress/wp-load.php(50): require_once('/wordpress/wp-c...')\n#22 /internal/eval.php(3): require_once('/wordpress/wp-l...')\n#23 {main}\n\nNext ProxyManager\\Exception\\InvalidProxiedClassException: [Semantical Error] The annotation \"@Configuration\" in class AllInData\\CF7CRIntegration\\PluginConfiguration was never imported. Did you maybe forget to add a \"use\" statement for this annotation? in /wordpress/wp-content/plugins/allindata-cf7-cleverreach-integration/vendor/bitexpert/disco/src/bitExpert/Disco/Proxy/Configuration/ConfigurationGenerator.php:87\nStack trace:\n#0 /wordpress/wp-content/plugins/allindata-cf7-cleverreach-integration/vendor/ocramius/proxy-manager/src/ProxyManager/Factory/AbstractBaseFactory.php(106): bitExpert\\Disco\\Proxy\\Configuration\\ConfigurationGenerator->generate(Object(ReflectionClass), Object(ProxyManager\\Generator\\ClassGenerator), Array)\n#1 /wordpress/wp-content/plugins/allindata-cf7-cleverreach-integration/vendor/ocramius/proxy-manager/src/ProxyManager/Factory/AbstractBaseFactory.php(72): ProxyManager\\Factory\\AbstractBaseFactory->generateProxyClass('ProxyManagerGen...', 'AllInData\\\\CF7CR...', Array, Array)\n#2 /wordpress/wp-content/plugins/allindata-cf7-cleverreach-integration/vendor/bitexpert/disco/src/bitExpert/Disco/Proxy/Configuration/ConfigurationFactory.php(54): ProxyManager\\Factory\\AbstractBaseFactory->generateProxy('AllInData\\\\CF7CR...')\n#3 /wordpress/wp-content/plugins/allindata-cf7-cleverreach-integration/vendor/bitexpert/disco/src/bitExpert/Disco/AnnotationBeanFactory.php(44): bitExpert\\Disco\\Proxy\\Configuration\\ConfigurationFactory->createInstance(Object(bitExpert\\Disco\\BeanFactoryConfiguration), 'AllInData\\\\CF7CR...', Array)\n#4 /wordpress/wp-content/plugins/allindata-cf7-cleverreach-integration/vendor/allindata/wordpress-micro-core/src/Init.php(116): bitExpert\\Disco\\AnnotationBeanFactory->__construct('AllInData\\\\CF7CR...', Array, Object(bitExpert\\Disco\\BeanFactoryConfiguration))\n#5 /wordpress/wp-content/plugins/allindata-cf7-cleverreach-integration/vendor/allindata/wordpress-micro-core/src/Init.php(56): AllInData\\Micro\\Core\\Init->loadPlugin('allindata-cf7-c...', '/wordpress/tmp/', 'AllInData\\\\CF7CR...')\n#6 /wordpress/wp-includes/class-wp-hook.php(324): AllInData\\Micro\\Core\\Init::init('')\n#7 /wordpress/wp-includes/class-wp-hook.php(348): WP_Hook->apply_filters('', Array)\n#8 /wordpress/wp-includes/plugin.php(517): WP_Hook->do_action(Array)\n#9 /wordpress/wp-content/plugins/allindata-cf7-cleverreach-integration/vendor/allindata/wordpress-micro-core/src/Init.php(12): do_action('allindata/micro...')\n#10 /wordpress/wp-includes/class-wp-hook.php(324): AllInData\\Micro\\Core\\{closure}('')\n#11 /wordpress/wp-includes/class-wp-hook.php(348): WP_Hook->apply_filters(NULL, Array)\n#12 /wordpress/wp-includes/plugin.php(517): WP_Hook->do_action(Array)\n#13 /wordpress/wp-settings.php(578): do_action('plugins_loaded')\n#14 /wordpress/wp-config.php(102): require_once('/wordpress/wp-s...')\n#15 /wordpress/wp-load.php(50): require_once('/wordpress/wp-c...')\n#16 /internal/eval.php(3): require_once('/wordpress/wp-l...')\n#17 {main}\n  thrown in /wordpress/wp-content/plugins/allindata-cf7-cleverreach-integration/vendor/bitexpert/disco/src/bitExpert/Disco/Proxy/Configuration/ConfigurationGenerator.php on line 87",
    "log": "/logs/plugins/a/appointpress-appointment-booking-calendar/error.json"
  },
  {
    "message": "Function _load_textdomain_just_in_time was called <strong>incorrectly</strong>. Translation loading for the <code>twentytwentyfive</code> domain was triggered too early. This is usually an indicator for some code in the plugin or theme running too early. Translations should be loaded at the <code>init</code> action or later. Please see <a href=\"https://developer.wordpress.org/advanced-administration/debug/debug-wordpress/\">Debugging in WordPress</a> for more information. (This message was added in version 6.7.0.) in /wordpress/wp-includes/functions.php on line 6121",
    "level": "NOTICE",
    "type": "PHP",
    "test": "ast-sqlite-boot",
    "plugin": "appointpress-appointment-booking-calendar",
    "details": "[17-Apr-2025 16:55:49 UTC] PHP Notice:  Function _load_textdomain_just_in_time was called <strong>incorrectly</strong>. Translation loading for the <code>twentytwentyfive</code> domain was triggered too early. This is usually an indicator for some code in the plugin or theme running too early. Translations should be loaded at the <code>init</code> action or later. Please see <a href=\"https://developer.wordpress.org/advanced-administration/debug/debug-wordpress/\">Debugging in WordPress</a> for more information. (This message was added in version 6.7.0.) in /wordpress/wp-includes/functions.php on line 6121",
    "log": "/logs/plugins/a/appointpress-appointment-booking-calendar/error.json"
  },
  {
    "message": "Function _load_textdomain_just_in_time was called <strong>incorrectly</strong>. Translation loading for the <code>twentytwentyfive</code> domain was triggered too early. This is usually an indicator for some code in the plugin or theme running too early. Translations should be loaded at the <code>init</code> action or later. Please see <a href=\"https://developer.wordpress.org/advanced-administration/debug/debug-wordpress/\">Debugging in WordPress</a> for more information. (This message was added in version 6.7.0.) in /wordpress/wp-includes/functions.php on line 6121",
    "level": "NOTICE",
    "type": "PHP",
    "test": "ast-sqlite-boot",
    "plugin": "appointpress-appointment-booking-calendar",
    "details": "[17-Apr-2025 16:55:58 UTC] PHP Notice:  Function _load_textdomain_just_in_time was called <strong>incorrectly</strong>. Translation loading for the <code>twentytwentyfive</code> domain was triggered too early. This is usually an indicator for some code in the plugin or theme running too early. Translations should be loaded at the <code>init</code> action or later. Please see <a href=\"https://developer.wordpress.org/advanced-administration/debug/debug-wordpress/\">Debugging in WordPress</a> for more information. (This message was added in version 6.7.0.) in /wordpress/wp-includes/functions.php on line 6121",
    "log": "/logs/plugins/a/appointpress-appointment-booking-calendar/error.json"
  },
  {
    "message": "Function _load_textdomain_just_in_time was called <strong>incorrectly</strong>. Translation loading for the <code>twentytwentyfive</code> domain was triggered too early. This is usually an indicator for some code in the plugin or theme running too early. Translations should be loaded at the <code>init</code> action or later. Please see <a href=\"https://developer.wordpress.org/advanced-administration/debug/debug-wordpress/\">Debugging in WordPress</a> for more information. (This message was added in version 6.7.0.) in /wordpress/wp-includes/functions.php on line 6121",
    "level": "NOTICE",
    "type": "PHP",
    "test": "ast-sqlite-boot",
    "plugin": "appointpress-appointment-booking-calendar",
    "details": "[17-Apr-2025 16:56:07 UTC] PHP Notice:  Function _load_textdomain_just_in_time was called <strong>incorrectly</strong>. Translation loading for the <code>twentytwentyfive</code> domain was triggered too early. This is usually an indicator for some code in the plugin or theme running too early. Translations should be loaded at the <code>init</code> action or later. Please see <a href=\"https://developer.wordpress.org/advanced-administration/debug/debug-wordpress/\">Debugging in WordPress</a> for more information. (This message was added in version 6.7.0.) in /wordpress/wp-includes/functions.php on line 6121",
    "log": "/logs/plugins/a/appointpress-appointment-booking-calendar/error.json"
  },
  {
    "message": "Function _load_textdomain_just_in_time was called <strong>incorrectly</strong>. Translation loading for the <code>abc-pricing-table</code> domain was triggered too early. This is usually an indicator for some code in the plugin or theme running too early. Translations should be loaded at the <code>init</code> action or later. Please see <a href=\"https://developer.wordpress.org/advanced-administration/debug/debug-wordpress/\">Debugging in WordPress</a> for more information. (This message was added in version 6.7.0.) in /wordpress/wp-includes/functions.php on line 6121",
    "level": "NOTICE",
    "type": "PHP",
    "test": "ast-sqlite-boot",
    "plugin": "appointpress-appointment-booking-calendar",
    "details": "[17-Apr-2025 16:56:17 UTC] PHP Notice:  Function _load_textdomain_just_in_time was called <strong>incorrectly</strong>. Translation loading for the <code>abc-pricing-table</code> domain was triggered too early. This is usually an indicator for some code in the plugin or theme running too early. Translations should be loaded at the <code>init</code> action or later. Please see <a href=\"https://developer.wordpress.org/advanced-administration/debug/debug-wordpress/\">Debugging in WordPress</a> for more information. (This message was added in version 6.7.0.) in /wordpress/wp-includes/functions.php on line 6121",
    "log": "/logs/plugins/a/appointpress-appointment-booking-calendar/error.json"
  },
  {
    "message": "Function _load_textdomain_just_in_time was called <strong>incorrectly</strong>. Translation loading for the <code>abc-pricing-table</code> domain was triggered too early. This is usually an indicator for some code in the plugin or theme running too early. Translations should be loaded at the <code>init</code> action or later. Please see <a href=\"https://developer.wordpress.org/advanced-administration/debug/debug-wordpress/\">Debugging in WordPress</a> for more information. (This message was added in version 6.7.0.) in /wordpress/wp-includes/functions.php on line 6121",
    "level": "NOTICE",
    "type": "PHP",
    "test": "ast-sqlite-boot",
    "plugin": "appointpress-appointment-booking-calendar",
    "details": "[17-Apr-2025 16:56:26 UTC] PHP Notice:  Function _load_textdomain_just_in_time was called <strong>incorrectly</strong>. Translation loading for the <code>abc-pricing-table</code> domain was triggered too early. This is usually an indicator for some code in the plugin or theme running too early. Translations should be loaded at the <code>init</code> action or later. Please see <a href=\"https://developer.wordpress.org/advanced-administration/debug/debug-wordpress/\">Debugging in WordPress</a> for more information. (This message was added in version 6.7.0.) in /wordpress/wp-includes/functions.php on line 6121",
    "log": "/logs/plugins/a/appointpress-appointment-booking-calendar/error.json"
  },
  {
    "message": "Function _load_textdomain_just_in_time was called <strong>incorrectly</strong>. Translation loading for the <code>abc-pricing-table</code> domain was triggered too early. This is usually an indicator for some code in the plugin or theme running too early. Translations should be loaded at the <code>init</code> action or later. Please see <a href=\"https://developer.wordpress.org/advanced-administration/debug/debug-wordpress/\">Debugging in WordPress</a> for more information. (This message was added in version 6.7.0.) in /wordpress/wp-includes/functions.php on line 6121",
    "level": "NOTICE",
    "type": "PHP",
    "test": "ast-sqlite-boot",
    "plugin": "appointpress-appointment-booking-calendar",
    "details": "[17-Apr-2025 16:56:36 UTC] PHP Notice:  Function _load_textdomain_just_in_time was called <strong>incorrectly</strong>. Translation loading for the <code>abc-pricing-table</code> domain was triggered too early. This is usually an indicator for some code in the plugin or theme running too early. Translations should be loaded at the <code>init</code> action or later. Please see <a href=\"https://developer.wordpress.org/advanced-administration/debug/debug-wordpress/\">Debugging in WordPress</a> for more information. (This message was added in version 6.7.0.) in /wordpress/wp-includes/functions.php on line 6121",
    "log": "/logs/plugins/a/appointpress-appointment-booking-calendar/error.json"
  },
  {
    "message": "Required parameter $field follows optional parameter $value in /wordpress/wp-content/plugins/acf-starrating/functions.php on line 111",
    "level": "DEPRECATED",
    "type": "PHP",
    "test": "ast-sqlite-boot",
    "plugin": "appointpress-appointment-booking-calendar",
    "details": "[17-Apr-2025 16:57:10 UTC] PHP Deprecated:  Required parameter $field follows optional parameter $value in /wordpress/wp-content/plugins/acf-starrating/functions.php on line 111",
    "log": "/logs/plugins/a/appointpress-appointment-booking-calendar/error.json"
  },
  {
    "message": "Required parameter $field follows optional parameter $value in /wordpress/wp-content/plugins/acf-starrating/functions.php on line 111",
    "level": "DEPRECATED",
    "type": "PHP",
    "test": "ast-sqlite-boot",
    "plugin": "appointpress-appointment-booking-calendar",
    "details": "[17-Apr-2025 16:57:11 UTC] PHP Deprecated:  Required parameter $field follows optional parameter $value in /wordpress/wp-content/plugins/acf-starrating/functions.php on line 111",
    "log": "/logs/plugins/a/appointpress-appointment-booking-calendar/error.json"
  },
  {
    "message": "Required parameter $field follows optional parameter $value in /wordpress/wp-content/plugins/acf-starrating/functions.php on line 111",
    "level": "DEPRECATED",
    "type": "PHP",
    "test": "ast-sqlite-boot",
    "plugin": "appointpress-appointment-booking-calendar",
    "details": "[17-Apr-2025 16:57:20 UTC] PHP Deprecated:  Required parameter $field follows optional parameter $value in /wordpress/wp-content/plugins/acf-starrating/functions.php on line 111",
    "log": "/logs/plugins/a/appointpress-appointment-booking-calendar/error.json"
  },
  {
    "message": "Required parameter $field follows optional parameter $value in /wordpress/wp-content/plugins/acf-starrating/functions.php on line 111",
    "level": "DEPRECATED",
    "type": "PHP",
    "test": "ast-sqlite-boot",
    "plugin": "appointpress-appointment-booking-calendar",
    "details": "[17-Apr-2025 16:57:21 UTC] PHP Deprecated:  Required parameter $field follows optional parameter $value in /wordpress/wp-content/plugins/acf-starrating/functions.php on line 111",
    "log": "/logs/plugins/a/appointpress-appointment-booking-calendar/error.json"
  },
  {
    "message": "Required parameter $field follows optional parameter $value in /wordpress/wp-content/plugins/acf-starrating/functions.php on line 111",
    "level": "DEPRECATED",
    "type": "PHP",
    "test": "ast-sqlite-boot",
    "plugin": "appointpress-appointment-booking-calendar",
    "details": "[17-Apr-2025 16:57:29 UTC] PHP Deprecated:  Required parameter $field follows optional parameter $value in /wordpress/wp-content/plugins/acf-starrating/functions.php on line 111",
    "log": "/logs/plugins/a/appointpress-appointment-booking-calendar/error.json"
  },
  {
    "message": "Required parameter $field follows optional parameter $value in /wordpress/wp-content/plugins/acf-starrating/functions.php on line 111",
    "level": "DEPRECATED",
    "type": "PHP",
    "test": "ast-sqlite-boot",
    "plugin": "appointpress-appointment-booking-calendar",
    "details": "[17-Apr-2025 16:57:30 UTC] PHP Deprecated:  Required parameter $field follows optional parameter $value in /wordpress/wp-content/plugins/acf-starrating/functions.php on line 111",
    "log": "/logs/plugins/a/appointpress-appointment-booking-calendar/error.json"
  },
  {
    "message": "Function _load_textdomain_just_in_time was called <strong>incorrectly</strong>. Translation loading for the <code>admin-customizer</code> domain was triggered too early. This is usually an indicator for some code in the plugin or theme running too early. Translations should be loaded at the <code>init</code> action or later. Please see <a href=\"https://developer.wordpress.org/advanced-administration/debug/debug-wordpress/\">Debugging in WordPress</a> for more information. (This message was added in version 6.7.0.) in /wordpress/wp-includes/functions.php on line 6121",
    "level": "NOTICE",
    "type": "PHP",
    "test": "ast-sqlite-boot",
    "plugin": "appointpress-appointment-booking-calendar",
    "details": "[17-Apr-2025 16:59:02 UTC] PHP Notice:  Function _load_textdomain_just_in_time was called <strong>incorrectly</strong>. Translation loading for the <code>admin-customizer</code> domain was triggered too early. This is usually an indicator for some code in the plugin or theme running too early. Translations should be loaded at the <code>init</code> action or later. Please see <a href=\"https://developer.wordpress.org/advanced-administration/debug/debug-wordpress/\">Debugging in WordPress</a> for more information. (This message was added in version 6.7.0.) in /wordpress/wp-includes/functions.php on line 6121",
    "log": "/logs/plugins/a/appointpress-appointment-booking-calendar/error.json"
  },
  {
    "message": "Function _load_textdomain_just_in_time was called <strong>incorrectly</strong>. Translation loading for the <code>admin-customizer</code> domain was triggered too early. This is usually an indicator for some code in the plugin or theme running too early. Translations should be loaded at the <code>init</code> action or later. Please see <a href=\"https://developer.wordpress.org/advanced-administration/debug/debug-wordpress/\">Debugging in WordPress</a> for more information. (This message was added in version 6.7.0.) in /wordpress/wp-includes/functions.php on line 6121",
    "level": "NOTICE",
    "type": "PHP",
    "test": "ast-sqlite-boot",
    "plugin": "appointpress-appointment-booking-calendar",
    "details": "[17-Apr-2025 16:59:11 UTC] PHP Notice:  Function _load_textdomain_just_in_time was called <strong>incorrectly</strong>. Translation loading for the <code>admin-customizer</code> domain was triggered too early. This is usually an indicator for some code in the plugin or theme running too early. Translations should be loaded at the <code>init</code> action or later. Please see <a href=\"https://developer.wordpress.org/advanced-administration/debug/debug-wordpress/\">Debugging in WordPress</a> for more information. (This message was added in version 6.7.0.) in /wordpress/wp-includes/functions.php on line 6121",
    "log": "/logs/plugins/a/appointpress-appointment-booking-calendar/error.json"
  },
  {
    "message": "Function _load_textdomain_just_in_time was called <strong>incorrectly</strong>. Translation loading for the <code>admin-customizer</code> domain was triggered too early. This is usually an indicator for some code in the plugin or theme running too early. Translations should be loaded at the <code>init</code> action or later. Please see <a href=\"https://developer.wordpress.org/advanced-administration/debug/debug-wordpress/\">Debugging in WordPress</a> for more information. (This message was added in version 6.7.0.) in /wordpress/wp-includes/functions.php on line 6121",
    "level": "NOTICE",
    "type": "PHP",
    "test": "ast-sqlite-boot",
    "plugin": "appointpress-appointment-booking-calendar",
    "details": "[17-Apr-2025 16:59:20 UTC] PHP Notice:  Function _load_textdomain_just_in_time was called <strong>incorrectly</strong>. Translation loading for the <code>admin-customizer</code> domain was triggered too early. This is usually an indicator for some code in the plugin or theme running too early. Translations should be loaded at the <code>init</code> action or later. Please see <a href=\"https://developer.wordpress.org/advanced-administration/debug/debug-wordpress/\">Debugging in WordPress</a> for more information. (This message was added in version 6.7.0.) in /wordpress/wp-includes/functions.php on line 6121",
    "log": "/logs/plugins/a/appointpress-appointment-booking-calendar/error.json"
  },
  {
    "message": "Array and string offset access syntax with curly braces is no longer supported in /wordpress/wp-content/plugins/auto-insert-content/logic.php on line 39",
    "level": "FATAL",
    "type": "PHP",
    "test": "ast-sqlite-boot",
    "plugin": "appointpress-appointment-booking-calendar",
    "details": "[17-Apr-2025 17:02:29 UTC] PHP Fatal error:  Array and string offset access syntax with curly braces is no longer supported in /wordpress/wp-content/plugins/auto-insert-content/logic.php on line 39",
    "log": "/logs/plugins/a/appointpress-appointment-booking-calendar/error.json"
  },
  {
    "message": "Array and string offset access syntax with curly braces is no longer supported in /wordpress/wp-content/plugins/auto-insert-content/logic.php on line 39",
    "level": "FATAL",
    "type": "PHP",
    "test": "ast-sqlite-boot",
    "plugin": "appointpress-appointment-booking-calendar",
    "details": "[17-Apr-2025 17:02:37 UTC] PHP Fatal error:  Array and string offset access syntax with curly braces is no longer supported in /wordpress/wp-content/plugins/auto-insert-content/logic.php on line 39",
    "log": "/logs/plugins/a/appointpress-appointment-booking-calendar/error.json"
  },
  {
    "message": "Array and string offset access syntax with curly braces is no longer supported in /wordpress/wp-content/plugins/auto-insert-content/logic.php on line 39",
    "level": "FATAL",
    "type": "PHP",
    "test": "ast-sqlite-boot",
    "plugin": "appointpress-appointment-booking-calendar",
    "details": "[17-Apr-2025 17:02:44 UTC] PHP Fatal error:  Array and string offset access syntax with curly braces is no longer supported in /wordpress/wp-content/plugins/auto-insert-content/logic.php on line 39",
    "log": "/logs/plugins/a/appointpress-appointment-booking-calendar/error.json"
  },
  {
    "message": "Uncaught Error: Call to undefined function create_function() in /wordpress/wp-content/plugins/appointpress-appointment-booking-calendar/appoinpress-widget.php:6",
    "level": "FATAL",
    "type": "PHP",
    "test": "ast-sqlite-boot",
    "plugin": "appointpress-appointment-booking-calendar",
    "details": "[17-Apr-2025 17:05:47 UTC] PHP Fatal error:  Uncaught Error: Call to undefined function create_function() in /wordpress/wp-content/plugins/appointpress-appointment-booking-calendar/appoinpress-widget.php:6\nStack trace:\n#0 /wordpress/wp-content/plugins/appointpress-appointment-booking-calendar/appointpress.php(127): include()\n#1 /wordpress/wp-admin/includes/plugin.php(2387): include_once('/wordpress/wp-c...')\n#2 /wordpress/wp-admin/includes/plugin.php(673): plugin_sandbox_scrape('appointpress-ap...')\n#3 /internal/eval.php(20): activate_plugin('appointpress-ap...')\n#4 {main}\n  thrown in /wordpress/wp-content/plugins/appointpress-appointment-booking-calendar/appoinpress-widget.php on line 6\n\n    at Object.onBind (file:///home/runner/work/playground-tester/playground-tester/node_modules/@wp-playground/cli/index.js:237:15)\n    at process.processTicksAndRejections (node:internal/process/task_queues:105:5)\n    at async V (file:///home/runner/work/playground-tester/playground-tester/node_modules/@wp-playground/cli/index.js:64:10)\n    at async ja (file:///home/runner/work/playground-tester/playground-tester/node_modules/@wp-playground/cli/cli.js:8161:12) {\n  [cause]: Error: Error when executing the blueprint step #5 ({\"step\":\"installPlugin\",\"pluginData\":{\"resource\":\"wordpress.org/plugins\",\"slug\":\"appointpress-appointment-booking-calendar\"},\"options\":{\"activate\":true}}) : PHP.run() failed with exit code 255 and the following output: \n      at Object.run (file:///home/runner/work/playground-tester/playground-tester/node_modules/@wp-playground/blueprints/index.js:12449:19)\n      at process.processTicksAndRejections (node:internal/process/task_queues:105:5)\n      at async ms (file:///home/runner/work/playground-tester/playground-tester/node_modules/@wp-playground/blueprints/index.js:12552:3)\n      ... 2 lines matching cause stack trace ...\n      at async ja (file:///home/runner/work/playground-tester/playground-tester/node_modules/@wp-playground/cli/cli.js:8161:12) {\n    [cause]: PHPExecutionFailureError: PHP.run() failed with exit code 255 and the following output: \n        at PHP.run (file:///home/runner/work/playground-tester/playground-tester/node_modules/@php-wasm/universal/index.js:987:19)\n        at process.processTicksAndRejections (node:internal/process/task_queues:105:5)\n        at async wr (file:///home/runner/work/playground-tester/playground-tester/node_modules/@wp-playground/blueprints/index.js:33:39)\n        at async Object.gt [as installPlugin] (file:///home/runner/work/playground-tester/playground-tester/node_modules/@wp-playground/blueprints/index.js:974:42)\n        at async g (file:///home/runner/work/playground-tester/playground-tester/node_modules/@wp-playground/blueprints/index.js:12517:30)\n        at async Object.run (file:///home/runner/work/playground-tester/playground-tester/node_modules/@wp-playground/blueprints/index.js:12446:23)\n        at async ms (file:///home/runner/work/playground-tester/playground-tester/node_modules/@wp-playground/blueprints/index.js:12552:3)\n        at async Object.onBind (file:///home/runner/work/playground-tester/playground-tester/node_modules/@wp-playground/cli/index.js:227:48)\n        at async V (file:///home/runner/work/playground-tester/playground-tester/node_modules/@wp-playground/cli/index.js:64:10)\n        at async ja (file:///home/runner/work/playground-tester/playground-tester/node_modules/@wp-playground/cli/cli.js:8161:12) {\n      response: PHPResponse {\n        httpStatusCode: 500,\n        headers: {\n          'x-powered-by': [ 'PHP/8.0.30-dev' ],\n          'content-type': [ 'text/html; charset=UTF-8' ]\n        },\n        bytes: Uint8Array(0) [],\n        exitCode: 255,\n        errors: ''\n      },\n      source: 'request'\n    }\n  }\n}\n\n",
    "log": "/logs/plugins/a/appointpress-appointment-booking-calendar/error.json"
  },
  {
    "message": "file:///home/runner/work/playground-tester/playground-tester/node_modules/@wp-playground/cli/index.js:237\n        throw new Error(y, { cause: u });\n              ^\n",
    "level": "FATAL",
    "type": "PLAYGROUND",
    "test": "asyncify-boot",
    "plugin": "appointpress-appointment-booking-calendar",
    "details": "file:///home/runner/work/playground-tester/playground-tester/node_modules/@wp-playground/cli/index.js:237\n        throw new Error(y, { cause: u });\n              ^\n",
    "log": "/tmp/tmp.HLyUGFpGrv"
  },
  {
    "message": "Uncaught Doctrine\\Common\\Annotations\\AnnotationException: [Semantical Error] The annotation \"@Configuration\" in class AllInData\\CF7CRIntegration\\PluginConfiguration was never imported. Did you maybe forget to add a \"use\" statement for this annotation? in /wordpress/wp-content/plugins/allindata-cf7-cleverreach-integration/vendor/doctrine/annotations/lib/Doctrine/Common/Annotations/AnnotationException.php:54",
    "level": "FATAL",
    "type": "PHP",
    "test": "asyncify-boot",
    "plugin": "appointpress-appointment-booking-calendar",
    "details": "[17-Apr-2025 16:55:18 UTC] PHP Fatal error:  Uncaught Doctrine\\Common\\Annotations\\AnnotationException: [Semantical Error] The annotation \"@Configuration\" in class AllInData\\CF7CRIntegration\\PluginConfiguration was never imported. Did you maybe forget to add a \"use\" statement for this annotation? in /wordpress/wp-content/plugins/allindata-cf7-cleverreach-integration/vendor/doctrine/annotations/lib/Doctrine/Common/Annotations/AnnotationException.php:54\nStack trace:\n#0 /wordpress/wp-content/plugins/allindata-cf7-cleverreach-integration/vendor/doctrine/annotations/lib/Doctrine/Common/Annotations/DocParser.php(732): Doctrine\\Common\\Annotations\\AnnotationException::semanticalError('The annotation ...')\n#1 /wordpress/wp-content/plugins/allindata-cf7-cleverreach-integration/vendor/doctrine/annotations/lib/Doctrine/Common/Annotations/DocParser.php(661): Doctrine\\Common\\Annotations\\DocParser->Annotation()\n#2 /wordpress/wp-content/plugins/allindata-cf7-cleverreach-integration/vendor/doctrine/annotations/lib/Doctrine/Common/Annotations/DocParser.php(354): Doctrine\\Common\\Annotations\\DocParser->Annotations()\n#3 /wordpress/wp-content/plugins/allindata-cf7-cleverreach-integration/vendor/doctrine/annotations/lib/Doctrine/Common/Annotations/AnnotationReader.php(218): Doctrine\\Common\\Annotations\\DocParser->parse('/**\\n * Class Pl...', 'class AllInData...')\n#4 /wordpress/wp-content/plugins/allindata-cf7-cleverreach-integration/vendor/doctrine/annotations/lib/Doctrine/Common/Annotations/AnnotationReader.php(226): Doctrine\\Common\\Annotations\\AnnotationReader->getClassAnnotations(Object(ReflectionClass))\n#5 /wordpress/wp-content/plugins/allindata-cf7-cleverreach-integration/vendor/bitexpert/disco/src/bitExpert/Disco/Proxy/Configuration/ConfigurationGenerator.php(85): Doctrine\\Common\\Annotations\\AnnotationReader->getClassAnnotation(Object(ReflectionClass), 'bitExpert\\\\Disco...')\n#6 /wordpress/wp-content/plugins/allindata-cf7-cleverreach-integration/vendor/ocramius/proxy-manager/src/ProxyManager/Factory/AbstractBaseFactory.php(106): bitExpert\\Disco\\Proxy\\Configuration\\ConfigurationGenerator->generate(Object(ReflectionClass), Object(ProxyManager\\Generator\\ClassGenerator), Array)\n#7 /wordpress/wp-content/plugins/allindata-cf7-cleverreach-integration/vendor/ocramius/proxy-manager/src/ProxyManager/Factory/AbstractBaseFactory.php(72): ProxyManager\\Factory\\AbstractBaseFactory->generateProxyClass('ProxyManagerGen...', 'AllInData\\\\CF7CR...', Array, Array)\n#8 /wordpress/wp-content/plugins/allindata-cf7-cleverreach-integration/vendor/bitexpert/disco/src/bitExpert/Disco/Proxy/Configuration/ConfigurationFactory.php(54): ProxyManager\\Factory\\AbstractBaseFactory->generateProxy('AllInData\\\\CF7CR...')\n#9 /wordpress/wp-content/plugins/allindata-cf7-cleverreach-integration/vendor/bitexpert/disco/src/bitExpert/Disco/AnnotationBeanFactory.php(44): bitExpert\\Disco\\Proxy\\Configuration\\ConfigurationFactory->createInstance(Object(bitExpert\\Disco\\BeanFactoryConfiguration), 'AllInData\\\\CF7CR...', Array)\n#10 /wordpress/wp-content/plugins/allindata-cf7-cleverreach-integration/vendor/allindata/wordpress-micro-core/src/Init.php(116): bitExpert\\Disco\\AnnotationBeanFactory->__construct('AllInData\\\\CF7CR...', Array, Object(bitExpert\\Disco\\BeanFactoryConfiguration))\n#11 /wordpress/wp-content/plugins/allindata-cf7-cleverreach-integration/vendor/allindata/wordpress-micro-core/src/Init.php(56): AllInData\\Micro\\Core\\Init->loadPlugin('allindata-cf7-c...', '/wordpress/tmp/', 'AllInData\\\\CF7CR...')\n#12 /wordpress/wp-includes/class-wp-hook.php(324): AllInData\\Micro\\Core\\Init::init('')\n#13 /wordpress/wp-includes/class-wp-hook.php(348): WP_Hook->apply_filters('', Array)\n#14 /wordpress/wp-includes/plugin.php(517): WP_Hook->do_action(Array)\n#15 /wordpress/wp-content/plugins/allindata-cf7-cleverreach-integration/vendor/allindata/wordpress-micro-core/src/Init.php(12): do_action('allindata/micro...')\n#16 /wordpress/wp-includes/class-wp-hook.php(324): AllInData\\Micro\\Core\\{closure}('')\n#17 /wordpress/wp-includes/class-wp-hook.php(348): WP_Hook->apply_filters(NULL, Array)\n#18 /wordpress/wp-includes/plugin.php(517): WP_Hook->do_action(Array)\n#19 /wordpress/wp-settings.php(578): do_action('plugins_loaded')\n#20 /wordpress/wp-config.php(102): require_once('/wordpress/wp-s...')\n#21 /wordpress/wp-load.php(50): require_once('/wordpress/wp-c...')\n#22 /internal/eval.php(3): require_once('/wordpress/wp-l...')\n#23 {main}\n\nNext ProxyManager\\Exception\\InvalidProxiedClassException: [Semantical Error] The annotation \"@Configuration\" in class AllInData\\CF7CRIntegration\\PluginConfiguration was never imported. Did you maybe forget to add a \"use\" statement for this annotation? in /wordpress/wp-content/plugins/allindata-cf7-cleverreach-integration/vendor/bitexpert/disco/src/bitExpert/Disco/Proxy/Configuration/ConfigurationGenerator.php:87\nStack trace:\n#0 /wordpress/wp-content/plugins/allindata-cf7-cleverreach-integration/vendor/ocramius/proxy-manager/src/ProxyManager/Factory/AbstractBaseFactory.php(106): bitExpert\\Disco\\Proxy\\Configuration\\ConfigurationGenerator->generate(Object(ReflectionClass), Object(ProxyManager\\Generator\\ClassGenerator), Array)\n#1 /wordpress/wp-content/plugins/allindata-cf7-cleverreach-integration/vendor/ocramius/proxy-manager/src/ProxyManager/Factory/AbstractBaseFactory.php(72): ProxyManager\\Factory\\AbstractBaseFactory->generateProxyClass('ProxyManagerGen...', 'AllInData\\\\CF7CR...', Array, Array)\n#2 /wordpress/wp-content/plugins/allindata-cf7-cleverreach-integration/vendor/bitexpert/disco/src/bitExpert/Disco/Proxy/Configuration/ConfigurationFactory.php(54): ProxyManager\\Factory\\AbstractBaseFactory->generateProxy('AllInData\\\\CF7CR...')\n#3 /wordpress/wp-content/plugins/allindata-cf7-cleverreach-integration/vendor/bitexpert/disco/src/bitExpert/Disco/AnnotationBeanFactory.php(44): bitExpert\\Disco\\Proxy\\Configuration\\ConfigurationFactory->createInstance(Object(bitExpert\\Disco\\BeanFactoryConfiguration), 'AllInData\\\\CF7CR...', Array)\n#4 /wordpress/wp-content/plugins/allindata-cf7-cleverreach-integration/vendor/allindata/wordpress-micro-core/src/Init.php(116): bitExpert\\Disco\\AnnotationBeanFactory->__construct('AllInData\\\\CF7CR...', Array, Object(bitExpert\\Disco\\BeanFactoryConfiguration))\n#5 /wordpress/wp-content/plugins/allindata-cf7-cleverreach-integration/vendor/allindata/wordpress-micro-core/src/Init.php(56): AllInData\\Micro\\Core\\Init->loadPlugin('allindata-cf7-c...', '/wordpress/tmp/', 'AllInData\\\\CF7CR...')\n#6 /wordpress/wp-includes/class-wp-hook.php(324): AllInData\\Micro\\Core\\Init::init('')\n#7 /wordpress/wp-includes/class-wp-hook.php(348): WP_Hook->apply_filters('', Array)\n#8 /wordpress/wp-includes/plugin.php(517): WP_Hook->do_action(Array)\n#9 /wordpress/wp-content/plugins/allindata-cf7-cleverreach-integration/vendor/allindata/wordpress-micro-core/src/Init.php(12): do_action('allindata/micro...')\n#10 /wordpress/wp-includes/class-wp-hook.php(324): AllInData\\Micro\\Core\\{closure}('')\n#11 /wordpress/wp-includes/class-wp-hook.php(348): WP_Hook->apply_filters(NULL, Array)\n#12 /wordpress/wp-includes/plugin.php(517): WP_Hook->do_action(Array)\n#13 /wordpress/wp-settings.php(578): do_action('plugins_loaded')\n#14 /wordpress/wp-config.php(102): require_once('/wordpress/wp-s...')\n#15 /wordpress/wp-load.php(50): require_once('/wordpress/wp-c...')\n#16 /internal/eval.php(3): require_once('/wordpress/wp-l...')\n#17 {main}\n  thrown in /wordpress/wp-content/plugins/allindata-cf7-cleverreach-integration/vendor/bitexpert/disco/src/bitExpert/Disco/Proxy/Configuration/ConfigurationGenerator.php on line 87",
    "log": "/logs/plugins/a/appointpress-appointment-booking-calendar/error.json"
  },
  {
    "message": "Uncaught Doctrine\\Common\\Annotations\\AnnotationException: [Semantical Error] The annotation \"@Configuration\" in class AllInData\\CF7CRIntegration\\PluginConfiguration was never imported. Did you maybe forget to add a \"use\" statement for this annotation? in /wordpress/wp-content/plugins/allindata-cf7-cleverreach-integration/vendor/doctrine/annotations/lib/Doctrine/Common/Annotations/AnnotationException.php:54",
    "level": "FATAL",
    "type": "PHP",
    "test": "asyncify-boot",
    "plugin": "appointpress-appointment-booking-calendar",
    "details": "[17-Apr-2025 16:55:29 UTC] PHP Fatal error:  Uncaught Doctrine\\Common\\Annotations\\AnnotationException: [Semantical Error] The annotation \"@Configuration\" in class AllInData\\CF7CRIntegration\\PluginConfiguration was never imported. Did you maybe forget to add a \"use\" statement for this annotation? in /wordpress/wp-content/plugins/allindata-cf7-cleverreach-integration/vendor/doctrine/annotations/lib/Doctrine/Common/Annotations/AnnotationException.php:54\nStack trace:\n#0 /wordpress/wp-content/plugins/allindata-cf7-cleverreach-integration/vendor/doctrine/annotations/lib/Doctrine/Common/Annotations/DocParser.php(732): Doctrine\\Common\\Annotations\\AnnotationException::semanticalError('The annotation ...')\n#1 /wordpress/wp-content/plugins/allindata-cf7-cleverreach-integration/vendor/doctrine/annotations/lib/Doctrine/Common/Annotations/DocParser.php(661): Doctrine\\Common\\Annotations\\DocParser->Annotation()\n#2 /wordpress/wp-content/plugins/allindata-cf7-cleverreach-integration/vendor/doctrine/annotations/lib/Doctrine/Common/Annotations/DocParser.php(354): Doctrine\\Common\\Annotations\\DocParser->Annotations()\n#3 /wordpress/wp-content/plugins/allindata-cf7-cleverreach-integration/vendor/doctrine/annotations/lib/Doctrine/Common/Annotations/AnnotationReader.php(218): Doctrine\\Common\\Annotations\\DocParser->parse('/**\\n * Class Pl...', 'class AllInData...')\n#4 /wordpress/wp-content/plugins/allindata-cf7-cleverreach-integration/vendor/doctrine/annotations/lib/Doctrine/Common/Annotations/AnnotationReader.php(226): Doctrine\\Common\\Annotations\\AnnotationReader->getClassAnnotations(Object(ReflectionClass))\n#5 /wordpress/wp-content/plugins/allindata-cf7-cleverreach-integration/vendor/bitexpert/disco/src/bitExpert/Disco/Proxy/Configuration/ConfigurationGenerator.php(85): Doctrine\\Common\\Annotations\\AnnotationReader->getClassAnnotation(Object(ReflectionClass), 'bitExpert\\\\Disco...')\n#6 /wordpress/wp-content/plugins/allindata-cf7-cleverreach-integration/vendor/ocramius/proxy-manager/src/ProxyManager/Factory/AbstractBaseFactory.php(106): bitExpert\\Disco\\Proxy\\Configuration\\ConfigurationGenerator->generate(Object(ReflectionClass), Object(ProxyManager\\Generator\\ClassGenerator), Array)\n#7 /wordpress/wp-content/plugins/allindata-cf7-cleverreach-integration/vendor/ocramius/proxy-manager/src/ProxyManager/Factory/AbstractBaseFactory.php(72): ProxyManager\\Factory\\AbstractBaseFactory->generateProxyClass('ProxyManagerGen...', 'AllInData\\\\CF7CR...', Array, Array)\n#8 /wordpress/wp-content/plugins/allindata-cf7-cleverreach-integration/vendor/bitexpert/disco/src/bitExpert/Disco/Proxy/Configuration/ConfigurationFactory.php(54): ProxyManager\\Factory\\AbstractBaseFactory->generateProxy('AllInData\\\\CF7CR...')\n#9 /wordpress/wp-content/plugins/allindata-cf7-cleverreach-integration/vendor/bitexpert/disco/src/bitExpert/Disco/AnnotationBeanFactory.php(44): bitExpert\\Disco\\Proxy\\Configuration\\ConfigurationFactory->createInstance(Object(bitExpert\\Disco\\BeanFactoryConfiguration), 'AllInData\\\\CF7CR...', Array)\n#10 /wordpress/wp-content/plugins/allindata-cf7-cleverreach-integration/vendor/allindata/wordpress-micro-core/src/Init.php(116): bitExpert\\Disco\\AnnotationBeanFactory->__construct('AllInData\\\\CF7CR...', Array, Object(bitExpert\\Disco\\BeanFactoryConfiguration))\n#11 /wordpress/wp-content/plugins/allindata-cf7-cleverreach-integration/vendor/allindata/wordpress-micro-core/src/Init.php(56): AllInData\\Micro\\Core\\Init->loadPlugin('allindata-cf7-c...', '/wordpress/tmp/', 'AllInData\\\\CF7CR...')\n#12 /wordpress/wp-includes/class-wp-hook.php(324): AllInData\\Micro\\Core\\Init::init('')\n#13 /wordpress/wp-includes/class-wp-hook.php(348): WP_Hook->apply_filters('', Array)\n#14 /wordpress/wp-includes/plugin.php(517): WP_Hook->do_action(Array)\n#15 /wordpress/wp-content/plugins/allindata-cf7-cleverreach-integration/vendor/allindata/wordpress-micro-core/src/Init.php(12): do_action('allindata/micro...')\n#16 /wordpress/wp-includes/class-wp-hook.php(324): AllInData\\Micro\\Core\\{closure}('')\n#17 /wordpress/wp-includes/class-wp-hook.php(348): WP_Hook->apply_filters(NULL, Array)\n#18 /wordpress/wp-includes/plugin.php(517): WP_Hook->do_action(Array)\n#19 /wordpress/wp-settings.php(578): do_action('plugins_loaded')\n#20 /wordpress/wp-config.php(102): require_once('/wordpress/wp-s...')\n#21 /wordpress/wp-load.php(50): require_once('/wordpress/wp-c...')\n#22 /internal/eval.php(3): require_once('/wordpress/wp-l...')\n#23 {main}\n\nNext ProxyManager\\Exception\\InvalidProxiedClassException: [Semantical Error] The annotation \"@Configuration\" in class AllInData\\CF7CRIntegration\\PluginConfiguration was never imported. Did you maybe forget to add a \"use\" statement for this annotation? in /wordpress/wp-content/plugins/allindata-cf7-cleverreach-integration/vendor/bitexpert/disco/src/bitExpert/Disco/Proxy/Configuration/ConfigurationGenerator.php:87\nStack trace:\n#0 /wordpress/wp-content/plugins/allindata-cf7-cleverreach-integration/vendor/ocramius/proxy-manager/src/ProxyManager/Factory/AbstractBaseFactory.php(106): bitExpert\\Disco\\Proxy\\Configuration\\ConfigurationGenerator->generate(Object(ReflectionClass), Object(ProxyManager\\Generator\\ClassGenerator), Array)\n#1 /wordpress/wp-content/plugins/allindata-cf7-cleverreach-integration/vendor/ocramius/proxy-manager/src/ProxyManager/Factory/AbstractBaseFactory.php(72): ProxyManager\\Factory\\AbstractBaseFactory->generateProxyClass('ProxyManagerGen...', 'AllInData\\\\CF7CR...', Array, Array)\n#2 /wordpress/wp-content/plugins/allindata-cf7-cleverreach-integration/vendor/bitexpert/disco/src/bitExpert/Disco/Proxy/Configuration/ConfigurationFactory.php(54): ProxyManager\\Factory\\AbstractBaseFactory->generateProxy('AllInData\\\\CF7CR...')\n#3 /wordpress/wp-content/plugins/allindata-cf7-cleverreach-integration/vendor/bitexpert/disco/src/bitExpert/Disco/AnnotationBeanFactory.php(44): bitExpert\\Disco\\Proxy\\Configuration\\ConfigurationFactory->createInstance(Object(bitExpert\\Disco\\BeanFactoryConfiguration), 'AllInData\\\\CF7CR...', Array)\n#4 /wordpress/wp-content/plugins/allindata-cf7-cleverreach-integration/vendor/allindata/wordpress-micro-core/src/Init.php(116): bitExpert\\Disco\\AnnotationBeanFactory->__construct('AllInData\\\\CF7CR...', Array, Object(bitExpert\\Disco\\BeanFactoryConfiguration))\n#5 /wordpress/wp-content/plugins/allindata-cf7-cleverreach-integration/vendor/allindata/wordpress-micro-core/src/Init.php(56): AllInData\\Micro\\Core\\Init->loadPlugin('allindata-cf7-c...', '/wordpress/tmp/', 'AllInData\\\\CF7CR...')\n#6 /wordpress/wp-includes/class-wp-hook.php(324): AllInData\\Micro\\Core\\Init::init('')\n#7 /wordpress/wp-includes/class-wp-hook.php(348): WP_Hook->apply_filters('', Array)\n#8 /wordpress/wp-includes/plugin.php(517): WP_Hook->do_action(Array)\n#9 /wordpress/wp-content/plugins/allindata-cf7-cleverreach-integration/vendor/allindata/wordpress-micro-core/src/Init.php(12): do_action('allindata/micro...')\n#10 /wordpress/wp-includes/class-wp-hook.php(324): AllInData\\Micro\\Core\\{closure}('')\n#11 /wordpress/wp-includes/class-wp-hook.php(348): WP_Hook->apply_filters(NULL, Array)\n#12 /wordpress/wp-includes/plugin.php(517): WP_Hook->do_action(Array)\n#13 /wordpress/wp-settings.php(578): do_action('plugins_loaded')\n#14 /wordpress/wp-config.php(102): require_once('/wordpress/wp-s...')\n#15 /wordpress/wp-load.php(50): require_once('/wordpress/wp-c...')\n#16 /internal/eval.php(3): require_once('/wordpress/wp-l...')\n#17 {main}\n  thrown in /wordpress/wp-content/plugins/allindata-cf7-cleverreach-integration/vendor/bitexpert/disco/src/bitExpert/Disco/Proxy/Configuration/ConfigurationGenerator.php on line 87",
    "log": "/logs/plugins/a/appointpress-appointment-booking-calendar/error.json"
  },
  {
    "message": "Uncaught Doctrine\\Common\\Annotations\\AnnotationException: [Semantical Error] The annotation \"@Configuration\" in class AllInData\\CF7CRIntegration\\PluginConfiguration was never imported. Did you maybe forget to add a \"use\" statement for this annotation? in /wordpress/wp-content/plugins/allindata-cf7-cleverreach-integration/vendor/doctrine/annotations/lib/Doctrine/Common/Annotations/AnnotationException.php:54",
    "level": "FATAL",
    "type": "PHP",
    "test": "asyncify-boot",
    "plugin": "appointpress-appointment-booking-calendar",
    "details": "[17-Apr-2025 16:55:40 UTC] PHP Fatal error:  Uncaught Doctrine\\Common\\Annotations\\AnnotationException: [Semantical Error] The annotation \"@Configuration\" in class AllInData\\CF7CRIntegration\\PluginConfiguration was never imported. Did you maybe forget to add a \"use\" statement for this annotation? in /wordpress/wp-content/plugins/allindata-cf7-cleverreach-integration/vendor/doctrine/annotations/lib/Doctrine/Common/Annotations/AnnotationException.php:54\nStack trace:\n#0 /wordpress/wp-content/plugins/allindata-cf7-cleverreach-integration/vendor/doctrine/annotations/lib/Doctrine/Common/Annotations/DocParser.php(732): Doctrine\\Common\\Annotations\\AnnotationException::semanticalError('The annotation ...')\n#1 /wordpress/wp-content/plugins/allindata-cf7-cleverreach-integration/vendor/doctrine/annotations/lib/Doctrine/Common/Annotations/DocParser.php(661): Doctrine\\Common\\Annotations\\DocParser->Annotation()\n#2 /wordpress/wp-content/plugins/allindata-cf7-cleverreach-integration/vendor/doctrine/annotations/lib/Doctrine/Common/Annotations/DocParser.php(354): Doctrine\\Common\\Annotations\\DocParser->Annotations()\n#3 /wordpress/wp-content/plugins/allindata-cf7-cleverreach-integration/vendor/doctrine/annotations/lib/Doctrine/Common/Annotations/AnnotationReader.php(218): Doctrine\\Common\\Annotations\\DocParser->parse('/**\\n * Class Pl...', 'class AllInData...')\n#4 /wordpress/wp-content/plugins/allindata-cf7-cleverreach-integration/vendor/doctrine/annotations/lib/Doctrine/Common/Annotations/AnnotationReader.php(226): Doctrine\\Common\\Annotations\\AnnotationReader->getClassAnnotations(Object(ReflectionClass))\n#5 /wordpress/wp-content/plugins/allindata-cf7-cleverreach-integration/vendor/bitexpert/disco/src/bitExpert/Disco/Proxy/Configuration/ConfigurationGenerator.php(85): Doctrine\\Common\\Annotations\\AnnotationReader->getClassAnnotation(Object(ReflectionClass), 'bitExpert\\\\Disco...')\n#6 /wordpress/wp-content/plugins/allindata-cf7-cleverreach-integration/vendor/ocramius/proxy-manager/src/ProxyManager/Factory/AbstractBaseFactory.php(106): bitExpert\\Disco\\Proxy\\Configuration\\ConfigurationGenerator->generate(Object(ReflectionClass), Object(ProxyManager\\Generator\\ClassGenerator), Array)\n#7 /wordpress/wp-content/plugins/allindata-cf7-cleverreach-integration/vendor/ocramius/proxy-manager/src/ProxyManager/Factory/AbstractBaseFactory.php(72): ProxyManager\\Factory\\AbstractBaseFactory->generateProxyClass('ProxyManagerGen...', 'AllInData\\\\CF7CR...', Array, Array)\n#8 /wordpress/wp-content/plugins/allindata-cf7-cleverreach-integration/vendor/bitexpert/disco/src/bitExpert/Disco/Proxy/Configuration/ConfigurationFactory.php(54): ProxyManager\\Factory\\AbstractBaseFactory->generateProxy('AllInData\\\\CF7CR...')\n#9 /wordpress/wp-content/plugins/allindata-cf7-cleverreach-integration/vendor/bitexpert/disco/src/bitExpert/Disco/AnnotationBeanFactory.php(44): bitExpert\\Disco\\Proxy\\Configuration\\ConfigurationFactory->createInstance(Object(bitExpert\\Disco\\BeanFactoryConfiguration), 'AllInData\\\\CF7CR...', Array)\n#10 /wordpress/wp-content/plugins/allindata-cf7-cleverreach-integration/vendor/allindata/wordpress-micro-core/src/Init.php(116): bitExpert\\Disco\\AnnotationBeanFactory->__construct('AllInData\\\\CF7CR...', Array, Object(bitExpert\\Disco\\BeanFactoryConfiguration))\n#11 /wordpress/wp-content/plugins/allindata-cf7-cleverreach-integration/vendor/allindata/wordpress-micro-core/src/Init.php(56): AllInData\\Micro\\Core\\Init->loadPlugin('allindata-cf7-c...', '/wordpress/tmp/', 'AllInData\\\\CF7CR...')\n#12 /wordpress/wp-includes/class-wp-hook.php(324): AllInData\\Micro\\Core\\Init::init('')\n#13 /wordpress/wp-includes/class-wp-hook.php(348): WP_Hook->apply_filters('', Array)\n#14 /wordpress/wp-includes/plugin.php(517): WP_Hook->do_action(Array)\n#15 /wordpress/wp-content/plugins/allindata-cf7-cleverreach-integration/vendor/allindata/wordpress-micro-core/src/Init.php(12): do_action('allindata/micro...')\n#16 /wordpress/wp-includes/class-wp-hook.php(324): AllInData\\Micro\\Core\\{closure}('')\n#17 /wordpress/wp-includes/class-wp-hook.php(348): WP_Hook->apply_filters(NULL, Array)\n#18 /wordpress/wp-includes/plugin.php(517): WP_Hook->do_action(Array)\n#19 /wordpress/wp-settings.php(578): do_action('plugins_loaded')\n#20 /wordpress/wp-config.php(102): require_once('/wordpress/wp-s...')\n#21 /wordpress/wp-load.php(50): require_once('/wordpress/wp-c...')\n#22 /internal/eval.php(3): require_once('/wordpress/wp-l...')\n#23 {main}\n\nNext ProxyManager\\Exception\\InvalidProxiedClassException: [Semantical Error] The annotation \"@Configuration\" in class AllInData\\CF7CRIntegration\\PluginConfiguration was never imported. Did you maybe forget to add a \"use\" statement for this annotation? in /wordpress/wp-content/plugins/allindata-cf7-cleverreach-integration/vendor/bitexpert/disco/src/bitExpert/Disco/Proxy/Configuration/ConfigurationGenerator.php:87\nStack trace:\n#0 /wordpress/wp-content/plugins/allindata-cf7-cleverreach-integration/vendor/ocramius/proxy-manager/src/ProxyManager/Factory/AbstractBaseFactory.php(106): bitExpert\\Disco\\Proxy\\Configuration\\ConfigurationGenerator->generate(Object(ReflectionClass), Object(ProxyManager\\Generator\\ClassGenerator), Array)\n#1 /wordpress/wp-content/plugins/allindata-cf7-cleverreach-integration/vendor/ocramius/proxy-manager/src/ProxyManager/Factory/AbstractBaseFactory.php(72): ProxyManager\\Factory\\AbstractBaseFactory->generateProxyClass('ProxyManagerGen...', 'AllInData\\\\CF7CR...', Array, Array)\n#2 /wordpress/wp-content/plugins/allindata-cf7-cleverreach-integration/vendor/bitexpert/disco/src/bitExpert/Disco/Proxy/Configuration/ConfigurationFactory.php(54): ProxyManager\\Factory\\AbstractBaseFactory->generateProxy('AllInData\\\\CF7CR...')\n#3 /wordpress/wp-content/plugins/allindata-cf7-cleverreach-integration/vendor/bitexpert/disco/src/bitExpert/Disco/AnnotationBeanFactory.php(44): bitExpert\\Disco\\Proxy\\Configuration\\ConfigurationFactory->createInstance(Object(bitExpert\\Disco\\BeanFactoryConfiguration), 'AllInData\\\\CF7CR...', Array)\n#4 /wordpress/wp-content/plugins/allindata-cf7-cleverreach-integration/vendor/allindata/wordpress-micro-core/src/Init.php(116): bitExpert\\Disco\\AnnotationBeanFactory->__construct('AllInData\\\\CF7CR...', Array, Object(bitExpert\\Disco\\BeanFactoryConfiguration))\n#5 /wordpress/wp-content/plugins/allindata-cf7-cleverreach-integration/vendor/allindata/wordpress-micro-core/src/Init.php(56): AllInData\\Micro\\Core\\Init->loadPlugin('allindata-cf7-c...', '/wordpress/tmp/', 'AllInData\\\\CF7CR...')\n#6 /wordpress/wp-includes/class-wp-hook.php(324): AllInData\\Micro\\Core\\Init::init('')\n#7 /wordpress/wp-includes/class-wp-hook.php(348): WP_Hook->apply_filters('', Array)\n#8 /wordpress/wp-includes/plugin.php(517): WP_Hook->do_action(Array)\n#9 /wordpress/wp-content/plugins/allindata-cf7-cleverreach-integration/vendor/allindata/wordpress-micro-core/src/Init.php(12): do_action('allindata/micro...')\n#10 /wordpress/wp-includes/class-wp-hook.php(324): AllInData\\Micro\\Core\\{closure}('')\n#11 /wordpress/wp-includes/class-wp-hook.php(348): WP_Hook->apply_filters(NULL, Array)\n#12 /wordpress/wp-includes/plugin.php(517): WP_Hook->do_action(Array)\n#13 /wordpress/wp-settings.php(578): do_action('plugins_loaded')\n#14 /wordpress/wp-config.php(102): require_once('/wordpress/wp-s...')\n#15 /wordpress/wp-load.php(50): require_once('/wordpress/wp-c...')\n#16 /internal/eval.php(3): require_once('/wordpress/wp-l...')\n#17 {main}\n  thrown in /wordpress/wp-content/plugins/allindata-cf7-cleverreach-integration/vendor/bitexpert/disco/src/bitExpert/Disco/Proxy/Configuration/ConfigurationGenerator.php on line 87",
    "log": "/logs/plugins/a/appointpress-appointment-booking-calendar/error.json"
  },
  {
    "message": "Function _load_textdomain_just_in_time was called <strong>incorrectly</strong>. Translation loading for the <code>twentytwentyfive</code> domain was triggered too early. This is usually an indicator for some code in the plugin or theme running too early. Translations should be loaded at the <code>init</code> action or later. Please see <a href=\"https://developer.wordpress.org/advanced-administration/debug/debug-wordpress/\">Debugging in WordPress</a> for more information. (This message was added in version 6.7.0.) in /wordpress/wp-includes/functions.php on line 6121",
    "level": "NOTICE",
    "type": "PHP",
    "test": "asyncify-boot",
    "plugin": "appointpress-appointment-booking-calendar",
    "details": "[17-Apr-2025 16:55:49 UTC] PHP Notice:  Function _load_textdomain_just_in_time was called <strong>incorrectly</strong>. Translation loading for the <code>twentytwentyfive</code> domain was triggered too early. This is usually an indicator for some code in the plugin or theme running too early. Translations should be loaded at the <code>init</code> action or later. Please see <a href=\"https://developer.wordpress.org/advanced-administration/debug/debug-wordpress/\">Debugging in WordPress</a> for more information. (This message was added in version 6.7.0.) in /wordpress/wp-includes/functions.php on line 6121",
    "log": "/logs/plugins/a/appointpress-appointment-booking-calendar/error.json"
  },
  {
    "message": "Function _load_textdomain_just_in_time was called <strong>incorrectly</strong>. Translation loading for the <code>twentytwentyfive</code> domain was triggered too early. This is usually an indicator for some code in the plugin or theme running too early. Translations should be loaded at the <code>init</code> action or later. Please see <a href=\"https://developer.wordpress.org/advanced-administration/debug/debug-wordpress/\">Debugging in WordPress</a> for more information. (This message was added in version 6.7.0.) in /wordpress/wp-includes/functions.php on line 6121",
    "level": "NOTICE",
    "type": "PHP",
    "test": "asyncify-boot",
    "plugin": "appointpress-appointment-booking-calendar",
    "details": "[17-Apr-2025 16:55:58 UTC] PHP Notice:  Function _load_textdomain_just_in_time was called <strong>incorrectly</strong>. Translation loading for the <code>twentytwentyfive</code> domain was triggered too early. This is usually an indicator for some code in the plugin or theme running too early. Translations should be loaded at the <code>init</code> action or later. Please see <a href=\"https://developer.wordpress.org/advanced-administration/debug/debug-wordpress/\">Debugging in WordPress</a> for more information. (This message was added in version 6.7.0.) in /wordpress/wp-includes/functions.php on line 6121",
    "log": "/logs/plugins/a/appointpress-appointment-booking-calendar/error.json"
  },
  {
    "message": "Function _load_textdomain_just_in_time was called <strong>incorrectly</strong>. Translation loading for the <code>twentytwentyfive</code> domain was triggered too early. This is usually an indicator for some code in the plugin or theme running too early. Translations should be loaded at the <code>init</code> action or later. Please see <a href=\"https://developer.wordpress.org/advanced-administration/debug/debug-wordpress/\">Debugging in WordPress</a> for more information. (This message was added in version 6.7.0.) in /wordpress/wp-includes/functions.php on line 6121",
    "level": "NOTICE",
    "type": "PHP",
    "test": "asyncify-boot",
    "plugin": "appointpress-appointment-booking-calendar",
    "details": "[17-Apr-2025 16:56:07 UTC] PHP Notice:  Function _load_textdomain_just_in_time was called <strong>incorrectly</strong>. Translation loading for the <code>twentytwentyfive</code> domain was triggered too early. This is usually an indicator for some code in the plugin or theme running too early. Translations should be loaded at the <code>init</code> action or later. Please see <a href=\"https://developer.wordpress.org/advanced-administration/debug/debug-wordpress/\">Debugging in WordPress</a> for more information. (This message was added in version 6.7.0.) in /wordpress/wp-includes/functions.php on line 6121",
    "log": "/logs/plugins/a/appointpress-appointment-booking-calendar/error.json"
  },
  {
    "message": "Function _load_textdomain_just_in_time was called <strong>incorrectly</strong>. Translation loading for the <code>abc-pricing-table</code> domain was triggered too early. This is usually an indicator for some code in the plugin or theme running too early. Translations should be loaded at the <code>init</code> action or later. Please see <a href=\"https://developer.wordpress.org/advanced-administration/debug/debug-wordpress/\">Debugging in WordPress</a> for more information. (This message was added in version 6.7.0.) in /wordpress/wp-includes/functions.php on line 6121",
    "level": "NOTICE",
    "type": "PHP",
    "test": "asyncify-boot",
    "plugin": "appointpress-appointment-booking-calendar",
    "details": "[17-Apr-2025 16:56:17 UTC] PHP Notice:  Function _load_textdomain_just_in_time was called <strong>incorrectly</strong>. Translation loading for the <code>abc-pricing-table</code> domain was triggered too early. This is usually an indicator for some code in the plugin or theme running too early. Translations should be loaded at the <code>init</code> action or later. Please see <a href=\"https://developer.wordpress.org/advanced-administration/debug/debug-wordpress/\">Debugging in WordPress</a> for more information. (This message was added in version 6.7.0.) in /wordpress/wp-includes/functions.php on line 6121",
    "log": "/logs/plugins/a/appointpress-appointment-booking-calendar/error.json"
  },
  {
    "message": "Function _load_textdomain_just_in_time was called <strong>incorrectly</strong>. Translation loading for the <code>abc-pricing-table</code> domain was triggered too early. This is usually an indicator for some code in the plugin or theme running too early. Translations should be loaded at the <code>init</code> action or later. Please see <a href=\"https://developer.wordpress.org/advanced-administration/debug/debug-wordpress/\">Debugging in WordPress</a> for more information. (This message was added in version 6.7.0.) in /wordpress/wp-includes/functions.php on line 6121",
    "level": "NOTICE",
    "type": "PHP",
    "test": "asyncify-boot",
    "plugin": "appointpress-appointment-booking-calendar",
    "details": "[17-Apr-2025 16:56:26 UTC] PHP Notice:  Function _load_textdomain_just_in_time was called <strong>incorrectly</strong>. Translation loading for the <code>abc-pricing-table</code> domain was triggered too early. This is usually an indicator for some code in the plugin or theme running too early. Translations should be loaded at the <code>init</code> action or later. Please see <a href=\"https://developer.wordpress.org/advanced-administration/debug/debug-wordpress/\">Debugging in WordPress</a> for more information. (This message was added in version 6.7.0.) in /wordpress/wp-includes/functions.php on line 6121",
    "log": "/logs/plugins/a/appointpress-appointment-booking-calendar/error.json"
  },
  {
    "message": "Function _load_textdomain_just_in_time was called <strong>incorrectly</strong>. Translation loading for the <code>abc-pricing-table</code> domain was triggered too early. This is usually an indicator for some code in the plugin or theme running too early. Translations should be loaded at the <code>init</code> action or later. Please see <a href=\"https://developer.wordpress.org/advanced-administration/debug/debug-wordpress/\">Debugging in WordPress</a> for more information. (This message was added in version 6.7.0.) in /wordpress/wp-includes/functions.php on line 6121",
    "level": "NOTICE",
    "type": "PHP",
    "test": "asyncify-boot",
    "plugin": "appointpress-appointment-booking-calendar",
    "details": "[17-Apr-2025 16:56:36 UTC] PHP Notice:  Function _load_textdomain_just_in_time was called <strong>incorrectly</strong>. Translation loading for the <code>abc-pricing-table</code> domain was triggered too early. This is usually an indicator for some code in the plugin or theme running too early. Translations should be loaded at the <code>init</code> action or later. Please see <a href=\"https://developer.wordpress.org/advanced-administration/debug/debug-wordpress/\">Debugging in WordPress</a> for more information. (This message was added in version 6.7.0.) in /wordpress/wp-includes/functions.php on line 6121",
    "log": "/logs/plugins/a/appointpress-appointment-booking-calendar/error.json"
  },
  {
    "message": "Required parameter $field follows optional parameter $value in /wordpress/wp-content/plugins/acf-starrating/functions.php on line 111",
    "level": "DEPRECATED",
    "type": "PHP",
    "test": "asyncify-boot",
    "plugin": "appointpress-appointment-booking-calendar",
    "details": "[17-Apr-2025 16:57:10 UTC] PHP Deprecated:  Required parameter $field follows optional parameter $value in /wordpress/wp-content/plugins/acf-starrating/functions.php on line 111",
    "log": "/logs/plugins/a/appointpress-appointment-booking-calendar/error.json"
  },
  {
    "message": "Required parameter $field follows optional parameter $value in /wordpress/wp-content/plugins/acf-starrating/functions.php on line 111",
    "level": "DEPRECATED",
    "type": "PHP",
    "test": "asyncify-boot",
    "plugin": "appointpress-appointment-booking-calendar",
    "details": "[17-Apr-2025 16:57:11 UTC] PHP Deprecated:  Required parameter $field follows optional parameter $value in /wordpress/wp-content/plugins/acf-starrating/functions.php on line 111",
    "log": "/logs/plugins/a/appointpress-appointment-booking-calendar/error.json"
  },
  {
    "message": "Required parameter $field follows optional parameter $value in /wordpress/wp-content/plugins/acf-starrating/functions.php on line 111",
    "level": "DEPRECATED",
    "type": "PHP",
    "test": "asyncify-boot",
    "plugin": "appointpress-appointment-booking-calendar",
    "details": "[17-Apr-2025 16:57:20 UTC] PHP Deprecated:  Required parameter $field follows optional parameter $value in /wordpress/wp-content/plugins/acf-starrating/functions.php on line 111",
    "log": "/logs/plugins/a/appointpress-appointment-booking-calendar/error.json"
  },
  {
    "message": "Required parameter $field follows optional parameter $value in /wordpress/wp-content/plugins/acf-starrating/functions.php on line 111",
    "level": "DEPRECATED",
    "type": "PHP",
    "test": "asyncify-boot",
    "plugin": "appointpress-appointment-booking-calendar",
    "details": "[17-Apr-2025 16:57:21 UTC] PHP Deprecated:  Required parameter $field follows optional parameter $value in /wordpress/wp-content/plugins/acf-starrating/functions.php on line 111",
    "log": "/logs/plugins/a/appointpress-appointment-booking-calendar/error.json"
  },
  {
    "message": "Required parameter $field follows optional parameter $value in /wordpress/wp-content/plugins/acf-starrating/functions.php on line 111",
    "level": "DEPRECATED",
    "type": "PHP",
    "test": "asyncify-boot",
    "plugin": "appointpress-appointment-booking-calendar",
    "details": "[17-Apr-2025 16:57:29 UTC] PHP Deprecated:  Required parameter $field follows optional parameter $value in /wordpress/wp-content/plugins/acf-starrating/functions.php on line 111",
    "log": "/logs/plugins/a/appointpress-appointment-booking-calendar/error.json"
  },
  {
    "message": "Required parameter $field follows optional parameter $value in /wordpress/wp-content/plugins/acf-starrating/functions.php on line 111",
    "level": "DEPRECATED",
    "type": "PHP",
    "test": "asyncify-boot",
    "plugin": "appointpress-appointment-booking-calendar",
    "details": "[17-Apr-2025 16:57:30 UTC] PHP Deprecated:  Required parameter $field follows optional parameter $value in /wordpress/wp-content/plugins/acf-starrating/functions.php on line 111",
    "log": "/logs/plugins/a/appointpress-appointment-booking-calendar/error.json"
  },
  {
    "message": "Function _load_textdomain_just_in_time was called <strong>incorrectly</strong>. Translation loading for the <code>admin-customizer</code> domain was triggered too early. This is usually an indicator for some code in the plugin or theme running too early. Translations should be loaded at the <code>init</code> action or later. Please see <a href=\"https://developer.wordpress.org/advanced-administration/debug/debug-wordpress/\">Debugging in WordPress</a> for more information. (This message was added in version 6.7.0.) in /wordpress/wp-includes/functions.php on line 6121",
    "level": "NOTICE",
    "type": "PHP",
    "test": "asyncify-boot",
    "plugin": "appointpress-appointment-booking-calendar",
    "details": "[17-Apr-2025 16:59:02 UTC] PHP Notice:  Function _load_textdomain_just_in_time was called <strong>incorrectly</strong>. Translation loading for the <code>admin-customizer</code> domain was triggered too early. This is usually an indicator for some code in the plugin or theme running too early. Translations should be loaded at the <code>init</code> action or later. Please see <a href=\"https://developer.wordpress.org/advanced-administration/debug/debug-wordpress/\">Debugging in WordPress</a> for more information. (This message was added in version 6.7.0.) in /wordpress/wp-includes/functions.php on line 6121",
    "log": "/logs/plugins/a/appointpress-appointment-booking-calendar/error.json"
  },
  {
    "message": "Function _load_textdomain_just_in_time was called <strong>incorrectly</strong>. Translation loading for the <code>admin-customizer</code> domain was triggered too early. This is usually an indicator for some code in the plugin or theme running too early. Translations should be loaded at the <code>init</code> action or later. Please see <a href=\"https://developer.wordpress.org/advanced-administration/debug/debug-wordpress/\">Debugging in WordPress</a> for more information. (This message was added in version 6.7.0.) in /wordpress/wp-includes/functions.php on line 6121",
    "level": "NOTICE",
    "type": "PHP",
    "test": "asyncify-boot",
    "plugin": "appointpress-appointment-booking-calendar",
    "details": "[17-Apr-2025 16:59:11 UTC] PHP Notice:  Function _load_textdomain_just_in_time was called <strong>incorrectly</strong>. Translation loading for the <code>admin-customizer</code> domain was triggered too early. This is usually an indicator for some code in the plugin or theme running too early. Translations should be loaded at the <code>init</code> action or later. Please see <a href=\"https://developer.wordpress.org/advanced-administration/debug/debug-wordpress/\">Debugging in WordPress</a> for more information. (This message was added in version 6.7.0.) in /wordpress/wp-includes/functions.php on line 6121",
    "log": "/logs/plugins/a/appointpress-appointment-booking-calendar/error.json"
  },
  {
    "message": "Function _load_textdomain_just_in_time was called <strong>incorrectly</strong>. Translation loading for the <code>admin-customizer</code> domain was triggered too early. This is usually an indicator for some code in the plugin or theme running too early. Translations should be loaded at the <code>init</code> action or later. Please see <a href=\"https://developer.wordpress.org/advanced-administration/debug/debug-wordpress/\">Debugging in WordPress</a> for more information. (This message was added in version 6.7.0.) in /wordpress/wp-includes/functions.php on line 6121",
    "level": "NOTICE",
    "type": "PHP",
    "test": "asyncify-boot",
    "plugin": "appointpress-appointment-booking-calendar",
    "details": "[17-Apr-2025 16:59:20 UTC] PHP Notice:  Function _load_textdomain_just_in_time was called <strong>incorrectly</strong>. Translation loading for the <code>admin-customizer</code> domain was triggered too early. This is usually an indicator for some code in the plugin or theme running too early. Translations should be loaded at the <code>init</code> action or later. Please see <a href=\"https://developer.wordpress.org/advanced-administration/debug/debug-wordpress/\">Debugging in WordPress</a> for more information. (This message was added in version 6.7.0.) in /wordpress/wp-includes/functions.php on line 6121",
    "log": "/logs/plugins/a/appointpress-appointment-booking-calendar/error.json"
  },
  {
    "message": "Array and string offset access syntax with curly braces is no longer supported in /wordpress/wp-content/plugins/auto-insert-content/logic.php on line 39",
    "level": "FATAL",
    "type": "PHP",
    "test": "asyncify-boot",
    "plugin": "appointpress-appointment-booking-calendar",
    "details": "[17-Apr-2025 17:02:29 UTC] PHP Fatal error:  Array and string offset access syntax with curly braces is no longer supported in /wordpress/wp-content/plugins/auto-insert-content/logic.php on line 39",
    "log": "/logs/plugins/a/appointpress-appointment-booking-calendar/error.json"
  },
  {
    "message": "Array and string offset access syntax with curly braces is no longer supported in /wordpress/wp-content/plugins/auto-insert-content/logic.php on line 39",
    "level": "FATAL",
    "type": "PHP",
    "test": "asyncify-boot",
    "plugin": "appointpress-appointment-booking-calendar",
    "details": "[17-Apr-2025 17:02:37 UTC] PHP Fatal error:  Array and string offset access syntax with curly braces is no longer supported in /wordpress/wp-content/plugins/auto-insert-content/logic.php on line 39",
    "log": "/logs/plugins/a/appointpress-appointment-booking-calendar/error.json"
  },
  {
    "message": "Array and string offset access syntax with curly braces is no longer supported in /wordpress/wp-content/plugins/auto-insert-content/logic.php on line 39",
    "level": "FATAL",
    "type": "PHP",
    "test": "asyncify-boot",
    "plugin": "appointpress-appointment-booking-calendar",
    "details": "[17-Apr-2025 17:02:44 UTC] PHP Fatal error:  Array and string offset access syntax with curly braces is no longer supported in /wordpress/wp-content/plugins/auto-insert-content/logic.php on line 39",
    "log": "/logs/plugins/a/appointpress-appointment-booking-calendar/error.json"
  },
  {
    "message": "Uncaught Error: Call to undefined function create_function() in /wordpress/wp-content/plugins/appointpress-appointment-booking-calendar/appoinpress-widget.php:6",
    "level": "FATAL",
    "type": "PHP",
    "test": "asyncify-boot",
    "plugin": "appointpress-appointment-booking-calendar",
    "details": "[17-Apr-2025 17:05:47 UTC] PHP Fatal error:  Uncaught Error: Call to undefined function create_function() in /wordpress/wp-content/plugins/appointpress-appointment-booking-calendar/appoinpress-widget.php:6\nStack trace:\n#0 /wordpress/wp-content/plugins/appointpress-appointment-booking-calendar/appointpress.php(127): include()\n#1 /wordpress/wp-admin/includes/plugin.php(2387): include_once('/wordpress/wp-c...')\n#2 /wordpress/wp-admin/includes/plugin.php(673): plugin_sandbox_scrape('appointpress-ap...')\n#3 /internal/eval.php(20): activate_plugin('appointpress-ap...')\n#4 {main}\n  thrown in /wordpress/wp-content/plugins/appointpress-appointment-booking-calendar/appoinpress-widget.php on line 6",
    "log": "/logs/plugins/a/appointpress-appointment-booking-calendar/error.json"
  },
  {
    "message": "Uncaught Error: Call to undefined function create_function() in /wordpress/wp-content/plugins/appointpress-appointment-booking-calendar/appoinpress-widget.php:6",
    "level": "FATAL",
    "type": "PHP",
    "test": "asyncify-boot",
    "plugin": "appointpress-appointment-booking-calendar",
    "details": "[17-Apr-2025 17:05:55 UTC] PHP Fatal error:  Uncaught Error: Call to undefined function create_function() in /wordpress/wp-content/plugins/appointpress-appointment-booking-calendar/appoinpress-widget.php:6\nStack trace:\n#0 /wordpress/wp-content/plugins/appointpress-appointment-booking-calendar/appointpress.php(127): include()\n#1 /wordpress/wp-admin/includes/plugin.php(2387): include_once('/wordpress/wp-c...')\n#2 /wordpress/wp-admin/includes/plugin.php(673): plugin_sandbox_scrape('appointpress-ap...')\n#3 /internal/eval.php(20): activate_plugin('appointpress-ap...')\n#4 {main}\n  thrown in /wordpress/wp-content/plugins/appointpress-appointment-booking-calendar/appoinpress-widget.php on line 6\n\n    at Object.onBind (file:///home/runner/work/playground-tester/playground-tester/node_modules/@wp-playground/cli/index.js:237:15)\n    at process.processTicksAndRejections (node:internal/process/task_queues:105:5)\n    at async V (file:///home/runner/work/playground-tester/playground-tester/node_modules/@wp-playground/cli/index.js:64:10)\n    at async ja (file:///home/runner/work/playground-tester/playground-tester/node_modules/@wp-playground/cli/cli.js:8161:12) {\n  [cause]: Error: Error when executing the blueprint step #1 ({\"step\":\"installPlugin\",\"pluginData\":{\"resource\":\"wordpress.org/plugins\",\"slug\":\"appointpress-appointment-booking-calendar\"},\"options\":{\"activate\":true}}) : PHP.run() failed with exit code 255 and the following output: \n      at Object.run (file:///home/runner/work/playground-tester/playground-tester/node_modules/@wp-playground/blueprints/index.js:12449:19)\n      at process.processTicksAndRejections (node:internal/process/task_queues:105:5)\n      at async ms (file:///home/runner/work/playground-tester/playground-tester/node_modules/@wp-playground/blueprints/index.js:12552:3)\n      ... 2 lines matching cause stack trace ...\n      at async ja (file:///home/runner/work/playground-tester/playground-tester/node_modules/@wp-playground/cli/cli.js:8161:12) {\n    [cause]: PHPExecutionFailureError: PHP.run() failed with exit code 255 and the following output: \n        at PHP.run (file:///home/runner/work/playground-tester/playground-tester/node_modules/@php-wasm/universal/index.js:987:19)\n        at process.processTicksAndRejections (node:internal/process/task_queues:105:5)\n        at async wr (file:///home/runner/work/playground-tester/playground-tester/node_modules/@wp-playground/blueprints/index.js:33:39)\n        at async Object.gt [as installPlugin] (file:///home/runner/work/playground-tester/playground-tester/node_modules/@wp-playground/blueprints/index.js:974:42)\n        at async g (file:///home/runner/work/playground-tester/playground-tester/node_modules/@wp-playground/blueprints/index.js:12517:30)\n        at async Object.run (file:///home/runner/work/playground-tester/playground-tester/node_modules/@wp-playground/blueprints/index.js:12446:23)\n        at async ms (file:///home/runner/work/playground-tester/playground-tester/node_modules/@wp-playground/blueprints/index.js:12552:3)\n        at async Object.onBind (file:///home/runner/work/playground-tester/playground-tester/node_modules/@wp-playground/cli/index.js:227:48)\n        at async V (file:///home/runner/work/playground-tester/playground-tester/node_modules/@wp-playground/cli/index.js:64:10)\n        at async ja (file:///home/runner/work/playground-tester/playground-tester/node_modules/@wp-playground/cli/cli.js:8161:12) {\n      response: PHPResponse {\n        httpStatusCode: 500,\n        headers: {\n          'x-powered-by': [ 'PHP/8.0.30-dev' ],\n          'content-type': [ 'text/html; charset=UTF-8' ]\n        },\n        bytes: Uint8Array(0) [],\n        exitCode: 255,\n        errors: ''\n      },\n      source: 'request'\n    }\n  }\n}\n\n",
    "log": "/logs/plugins/a/appointpress-appointment-booking-calendar/error.json"
  },
  {
    "message": "file:///home/runner/work/playground-tester/playground-tester/node_modules/@wp-playground/cli/index.js:237\n        throw new Error(y, { cause: u });\n              ^\n",
    "level": "FATAL",
    "type": "PLAYGROUND",
    "test": "jspi-boot",
    "plugin": "appointpress-appointment-booking-calendar",
    "details": "file:///home/runner/work/playground-tester/playground-tester/node_modules/@wp-playground/cli/index.js:237\n        throw new Error(y, { cause: u });\n              ^\n",
    "log": "/tmp/tmp.jmnQ06eUE9"
  },
  {
    "message": "Uncaught Doctrine\\Common\\Annotations\\AnnotationException: [Semantical Error] The annotation \"@Configuration\" in class AllInData\\CF7CRIntegration\\PluginConfiguration was never imported. Did you maybe forget to add a \"use\" statement for this annotation? in /wordpress/wp-content/plugins/allindata-cf7-cleverreach-integration/vendor/doctrine/annotations/lib/Doctrine/Common/Annotations/AnnotationException.php:54",
    "level": "FATAL",
    "type": "PHP",
    "test": "jspi-boot",
    "plugin": "appointpress-appointment-booking-calendar",
    "details": "[17-Apr-2025 16:55:18 UTC] PHP Fatal error:  Uncaught Doctrine\\Common\\Annotations\\AnnotationException: [Semantical Error] The annotation \"@Configuration\" in class AllInData\\CF7CRIntegration\\PluginConfiguration was never imported. Did you maybe forget to add a \"use\" statement for this annotation? in /wordpress/wp-content/plugins/allindata-cf7-cleverreach-integration/vendor/doctrine/annotations/lib/Doctrine/Common/Annotations/AnnotationException.php:54\nStack trace:\n#0 /wordpress/wp-content/plugins/allindata-cf7-cleverreach-integration/vendor/doctrine/annotations/lib/Doctrine/Common/Annotations/DocParser.php(732): Doctrine\\Common\\Annotations\\AnnotationException::semanticalError('The annotation ...')\n#1 /wordpress/wp-content/plugins/allindata-cf7-cleverreach-integration/vendor/doctrine/annotations/lib/Doctrine/Common/Annotations/DocParser.php(661): Doctrine\\Common\\Annotations\\DocParser->Annotation()\n#2 /wordpress/wp-content/plugins/allindata-cf7-cleverreach-integration/vendor/doctrine/annotations/lib/Doctrine/Common/Annotations/DocParser.php(354): Doctrine\\Common\\Annotations\\DocParser->Annotations()\n#3 /wordpress/wp-content/plugins/allindata-cf7-cleverreach-integration/vendor/doctrine/annotations/lib/Doctrine/Common/Annotations/AnnotationReader.php(218): Doctrine\\Common\\Annotations\\DocParser->parse('/**\\n * Class Pl...', 'class AllInData...')\n#4 /wordpress/wp-content/plugins/allindata-cf7-cleverreach-integration/vendor/doctrine/annotations/lib/Doctrine/Common/Annotations/AnnotationReader.php(226): Doctrine\\Common\\Annotations\\AnnotationReader->getClassAnnotations(Object(ReflectionClass))\n#5 /wordpress/wp-content/plugins/allindata-cf7-cleverreach-integration/vendor/bitexpert/disco/src/bitExpert/Disco/Proxy/Configuration/ConfigurationGenerator.php(85): Doctrine\\Common\\Annotations\\AnnotationReader->getClassAnnotation(Object(ReflectionClass), 'bitExpert\\\\Disco...')\n#6 /wordpress/wp-content/plugins/allindata-cf7-cleverreach-integration/vendor/ocramius/proxy-manager/src/ProxyManager/Factory/AbstractBaseFactory.php(106): bitExpert\\Disco\\Proxy\\Configuration\\ConfigurationGenerator->generate(Object(ReflectionClass), Object(ProxyManager\\Generator\\ClassGenerator), Array)\n#7 /wordpress/wp-content/plugins/allindata-cf7-cleverreach-integration/vendor/ocramius/proxy-manager/src/ProxyManager/Factory/AbstractBaseFactory.php(72): ProxyManager\\Factory\\AbstractBaseFactory->generateProxyClass('ProxyManagerGen...', 'AllInData\\\\CF7CR...', Array, Array)\n#8 /wordpress/wp-content/plugins/allindata-cf7-cleverreach-integration/vendor/bitexpert/disco/src/bitExpert/Disco/Proxy/Configuration/ConfigurationFactory.php(54): ProxyManager\\Factory\\AbstractBaseFactory->generateProxy('AllInData\\\\CF7CR...')\n#9 /wordpress/wp-content/plugins/allindata-cf7-cleverreach-integration/vendor/bitexpert/disco/src/bitExpert/Disco/AnnotationBeanFactory.php(44): bitExpert\\Disco\\Proxy\\Configuration\\ConfigurationFactory->createInstance(Object(bitExpert\\Disco\\BeanFactoryConfiguration), 'AllInData\\\\CF7CR...', Array)\n#10 /wordpress/wp-content/plugins/allindata-cf7-cleverreach-integration/vendor/allindata/wordpress-micro-core/src/Init.php(116): bitExpert\\Disco\\AnnotationBeanFactory->__construct('AllInData\\\\CF7CR...', Array, Object(bitExpert\\Disco\\BeanFactoryConfiguration))\n#11 /wordpress/wp-content/plugins/allindata-cf7-cleverreach-integration/vendor/allindata/wordpress-micro-core/src/Init.php(56): AllInData\\Micro\\Core\\Init->loadPlugin('allindata-cf7-c...', '/wordpress/tmp/', 'AllInData\\\\CF7CR...')\n#12 /wordpress/wp-includes/class-wp-hook.php(324): AllInData\\Micro\\Core\\Init::init('')\n#13 /wordpress/wp-includes/class-wp-hook.php(348): WP_Hook->apply_filters('', Array)\n#14 /wordpress/wp-includes/plugin.php(517): WP_Hook->do_action(Array)\n#15 /wordpress/wp-content/plugins/allindata-cf7-cleverreach-integration/vendor/allindata/wordpress-micro-core/src/Init.php(12): do_action('allindata/micro...')\n#16 /wordpress/wp-includes/class-wp-hook.php(324): AllInData\\Micro\\Core\\{closure}('')\n#17 /wordpress/wp-includes/class-wp-hook.php(348): WP_Hook->apply_filters(NULL, Array)\n#18 /wordpress/wp-includes/plugin.php(517): WP_Hook->do_action(Array)\n#19 /wordpress/wp-settings.php(578): do_action('plugins_loaded')\n#20 /wordpress/wp-config.php(102): require_once('/wordpress/wp-s...')\n#21 /wordpress/wp-load.php(50): require_once('/wordpress/wp-c...')\n#22 /internal/eval.php(3): require_once('/wordpress/wp-l...')\n#23 {main}\n\nNext ProxyManager\\Exception\\InvalidProxiedClassException: [Semantical Error] The annotation \"@Configuration\" in class AllInData\\CF7CRIntegration\\PluginConfiguration was never imported. Did you maybe forget to add a \"use\" statement for this annotation? in /wordpress/wp-content/plugins/allindata-cf7-cleverreach-integration/vendor/bitexpert/disco/src/bitExpert/Disco/Proxy/Configuration/ConfigurationGenerator.php:87\nStack trace:\n#0 /wordpress/wp-content/plugins/allindata-cf7-cleverreach-integration/vendor/ocramius/proxy-manager/src/ProxyManager/Factory/AbstractBaseFactory.php(106): bitExpert\\Disco\\Proxy\\Configuration\\ConfigurationGenerator->generate(Object(ReflectionClass), Object(ProxyManager\\Generator\\ClassGenerator), Array)\n#1 /wordpress/wp-content/plugins/allindata-cf7-cleverreach-integration/vendor/ocramius/proxy-manager/src/ProxyManager/Factory/AbstractBaseFactory.php(72): ProxyManager\\Factory\\AbstractBaseFactory->generateProxyClass('ProxyManagerGen...', 'AllInData\\\\CF7CR...', Array, Array)\n#2 /wordpress/wp-content/plugins/allindata-cf7-cleverreach-integration/vendor/bitexpert/disco/src/bitExpert/Disco/Proxy/Configuration/ConfigurationFactory.php(54): ProxyManager\\Factory\\AbstractBaseFactory->generateProxy('AllInData\\\\CF7CR...')\n#3 /wordpress/wp-content/plugins/allindata-cf7-cleverreach-integration/vendor/bitexpert/disco/src/bitExpert/Disco/AnnotationBeanFactory.php(44): bitExpert\\Disco\\Proxy\\Configuration\\ConfigurationFactory->createInstance(Object(bitExpert\\Disco\\BeanFactoryConfiguration), 'AllInData\\\\CF7CR...', Array)\n#4 /wordpress/wp-content/plugins/allindata-cf7-cleverreach-integration/vendor/allindata/wordpress-micro-core/src/Init.php(116): bitExpert\\Disco\\AnnotationBeanFactory->__construct('AllInData\\\\CF7CR...', Array, Object(bitExpert\\Disco\\BeanFactoryConfiguration))\n#5 /wordpress/wp-content/plugins/allindata-cf7-cleverreach-integration/vendor/allindata/wordpress-micro-core/src/Init.php(56): AllInData\\Micro\\Core\\Init->loadPlugin('allindata-cf7-c...', '/wordpress/tmp/', 'AllInData\\\\CF7CR...')\n#6 /wordpress/wp-includes/class-wp-hook.php(324): AllInData\\Micro\\Core\\Init::init('')\n#7 /wordpress/wp-includes/class-wp-hook.php(348): WP_Hook->apply_filters('', Array)\n#8 /wordpress/wp-includes/plugin.php(517): WP_Hook->do_action(Array)\n#9 /wordpress/wp-content/plugins/allindata-cf7-cleverreach-integration/vendor/allindata/wordpress-micro-core/src/Init.php(12): do_action('allindata/micro...')\n#10 /wordpress/wp-includes/class-wp-hook.php(324): AllInData\\Micro\\Core\\{closure}('')\n#11 /wordpress/wp-includes/class-wp-hook.php(348): WP_Hook->apply_filters(NULL, Array)\n#12 /wordpress/wp-includes/plugin.php(517): WP_Hook->do_action(Array)\n#13 /wordpress/wp-settings.php(578): do_action('plugins_loaded')\n#14 /wordpress/wp-config.php(102): require_once('/wordpress/wp-s...')\n#15 /wordpress/wp-load.php(50): require_once('/wordpress/wp-c...')\n#16 /internal/eval.php(3): require_once('/wordpress/wp-l...')\n#17 {main}\n  thrown in /wordpress/wp-content/plugins/allindata-cf7-cleverreach-integration/vendor/bitexpert/disco/src/bitExpert/Disco/Proxy/Configuration/ConfigurationGenerator.php on line 87",
    "log": "/logs/plugins/a/appointpress-appointment-booking-calendar/error.json"
  },
  {
    "message": "Uncaught Doctrine\\Common\\Annotations\\AnnotationException: [Semantical Error] The annotation \"@Configuration\" in class AllInData\\CF7CRIntegration\\PluginConfiguration was never imported. Did you maybe forget to add a \"use\" statement for this annotation? in /wordpress/wp-content/plugins/allindata-cf7-cleverreach-integration/vendor/doctrine/annotations/lib/Doctrine/Common/Annotations/AnnotationException.php:54",
    "level": "FATAL",
    "type": "PHP",
    "test": "jspi-boot",
    "plugin": "appointpress-appointment-booking-calendar",
    "details": "[17-Apr-2025 16:55:29 UTC] PHP Fatal error:  Uncaught Doctrine\\Common\\Annotations\\AnnotationException: [Semantical Error] The annotation \"@Configuration\" in class AllInData\\CF7CRIntegration\\PluginConfiguration was never imported. Did you maybe forget to add a \"use\" statement for this annotation? in /wordpress/wp-content/plugins/allindata-cf7-cleverreach-integration/vendor/doctrine/annotations/lib/Doctrine/Common/Annotations/AnnotationException.php:54\nStack trace:\n#0 /wordpress/wp-content/plugins/allindata-cf7-cleverreach-integration/vendor/doctrine/annotations/lib/Doctrine/Common/Annotations/DocParser.php(732): Doctrine\\Common\\Annotations\\AnnotationException::semanticalError('The annotation ...')\n#1 /wordpress/wp-content/plugins/allindata-cf7-cleverreach-integration/vendor/doctrine/annotations/lib/Doctrine/Common/Annotations/DocParser.php(661): Doctrine\\Common\\Annotations\\DocParser->Annotation()\n#2 /wordpress/wp-content/plugins/allindata-cf7-cleverreach-integration/vendor/doctrine/annotations/lib/Doctrine/Common/Annotations/DocParser.php(354): Doctrine\\Common\\Annotations\\DocParser->Annotations()\n#3 /wordpress/wp-content/plugins/allindata-cf7-cleverreach-integration/vendor/doctrine/annotations/lib/Doctrine/Common/Annotations/AnnotationReader.php(218): Doctrine\\Common\\Annotations\\DocParser->parse('/**\\n * Class Pl...', 'class AllInData...')\n#4 /wordpress/wp-content/plugins/allindata-cf7-cleverreach-integration/vendor/doctrine/annotations/lib/Doctrine/Common/Annotations/AnnotationReader.php(226): Doctrine\\Common\\Annotations\\AnnotationReader->getClassAnnotations(Object(ReflectionClass))\n#5 /wordpress/wp-content/plugins/allindata-cf7-cleverreach-integration/vendor/bitexpert/disco/src/bitExpert/Disco/Proxy/Configuration/ConfigurationGenerator.php(85): Doctrine\\Common\\Annotations\\AnnotationReader->getClassAnnotation(Object(ReflectionClass), 'bitExpert\\\\Disco...')\n#6 /wordpress/wp-content/plugins/allindata-cf7-cleverreach-integration/vendor/ocramius/proxy-manager/src/ProxyManager/Factory/AbstractBaseFactory.php(106): bitExpert\\Disco\\Proxy\\Configuration\\ConfigurationGenerator->generate(Object(ReflectionClass), Object(ProxyManager\\Generator\\ClassGenerator), Array)\n#7 /wordpress/wp-content/plugins/allindata-cf7-cleverreach-integration/vendor/ocramius/proxy-manager/src/ProxyManager/Factory/AbstractBaseFactory.php(72): ProxyManager\\Factory\\AbstractBaseFactory->generateProxyClass('ProxyManagerGen...', 'AllInData\\\\CF7CR...', Array, Array)\n#8 /wordpress/wp-content/plugins/allindata-cf7-cleverreach-integration/vendor/bitexpert/disco/src/bitExpert/Disco/Proxy/Configuration/ConfigurationFactory.php(54): ProxyManager\\Factory\\AbstractBaseFactory->generateProxy('AllInData\\\\CF7CR...')\n#9 /wordpress/wp-content/plugins/allindata-cf7-cleverreach-integration/vendor/bitexpert/disco/src/bitExpert/Disco/AnnotationBeanFactory.php(44): bitExpert\\Disco\\Proxy\\Configuration\\ConfigurationFactory->createInstance(Object(bitExpert\\Disco\\BeanFactoryConfiguration), 'AllInData\\\\CF7CR...', Array)\n#10 /wordpress/wp-content/plugins/allindata-cf7-cleverreach-integration/vendor/allindata/wordpress-micro-core/src/Init.php(116): bitExpert\\Disco\\AnnotationBeanFactory->__construct('AllInData\\\\CF7CR...', Array, Object(bitExpert\\Disco\\BeanFactoryConfiguration))\n#11 /wordpress/wp-content/plugins/allindata-cf7-cleverreach-integration/vendor/allindata/wordpress-micro-core/src/Init.php(56): AllInData\\Micro\\Core\\Init->loadPlugin('allindata-cf7-c...', '/wordpress/tmp/', 'AllInData\\\\CF7CR...')\n#12 /wordpress/wp-includes/class-wp-hook.php(324): AllInData\\Micro\\Core\\Init::init('')\n#13 /wordpress/wp-includes/class-wp-hook.php(348): WP_Hook->apply_filters('', Array)\n#14 /wordpress/wp-includes/plugin.php(517): WP_Hook->do_action(Array)\n#15 /wordpress/wp-content/plugins/allindata-cf7-cleverreach-integration/vendor/allindata/wordpress-micro-core/src/Init.php(12): do_action('allindata/micro...')\n#16 /wordpress/wp-includes/class-wp-hook.php(324): AllInData\\Micro\\Core\\{closure}('')\n#17 /wordpress/wp-includes/class-wp-hook.php(348): WP_Hook->apply_filters(NULL, Array)\n#18 /wordpress/wp-includes/plugin.php(517): WP_Hook->do_action(Array)\n#19 /wordpress/wp-settings.php(578): do_action('plugins_loaded')\n#20 /wordpress/wp-config.php(102): require_once('/wordpress/wp-s...')\n#21 /wordpress/wp-load.php(50): require_once('/wordpress/wp-c...')\n#22 /internal/eval.php(3): require_once('/wordpress/wp-l...')\n#23 {main}\n\nNext ProxyManager\\Exception\\InvalidProxiedClassException: [Semantical Error] The annotation \"@Configuration\" in class AllInData\\CF7CRIntegration\\PluginConfiguration was never imported. Did you maybe forget to add a \"use\" statement for this annotation? in /wordpress/wp-content/plugins/allindata-cf7-cleverreach-integration/vendor/bitexpert/disco/src/bitExpert/Disco/Proxy/Configuration/ConfigurationGenerator.php:87\nStack trace:\n#0 /wordpress/wp-content/plugins/allindata-cf7-cleverreach-integration/vendor/ocramius/proxy-manager/src/ProxyManager/Factory/AbstractBaseFactory.php(106): bitExpert\\Disco\\Proxy\\Configuration\\ConfigurationGenerator->generate(Object(ReflectionClass), Object(ProxyManager\\Generator\\ClassGenerator), Array)\n#1 /wordpress/wp-content/plugins/allindata-cf7-cleverreach-integration/vendor/ocramius/proxy-manager/src/ProxyManager/Factory/AbstractBaseFactory.php(72): ProxyManager\\Factory\\AbstractBaseFactory->generateProxyClass('ProxyManagerGen...', 'AllInData\\\\CF7CR...', Array, Array)\n#2 /wordpress/wp-content/plugins/allindata-cf7-cleverreach-integration/vendor/bitexpert/disco/src/bitExpert/Disco/Proxy/Configuration/ConfigurationFactory.php(54): ProxyManager\\Factory\\AbstractBaseFactory->generateProxy('AllInData\\\\CF7CR...')\n#3 /wordpress/wp-content/plugins/allindata-cf7-cleverreach-integration/vendor/bitexpert/disco/src/bitExpert/Disco/AnnotationBeanFactory.php(44): bitExpert\\Disco\\Proxy\\Configuration\\ConfigurationFactory->createInstance(Object(bitExpert\\Disco\\BeanFactoryConfiguration), 'AllInData\\\\CF7CR...', Array)\n#4 /wordpress/wp-content/plugins/allindata-cf7-cleverreach-integration/vendor/allindata/wordpress-micro-core/src/Init.php(116): bitExpert\\Disco\\AnnotationBeanFactory->__construct('AllInData\\\\CF7CR...', Array, Object(bitExpert\\Disco\\BeanFactoryConfiguration))\n#5 /wordpress/wp-content/plugins/allindata-cf7-cleverreach-integration/vendor/allindata/wordpress-micro-core/src/Init.php(56): AllInData\\Micro\\Core\\Init->loadPlugin('allindata-cf7-c...', '/wordpress/tmp/', 'AllInData\\\\CF7CR...')\n#6 /wordpress/wp-includes/class-wp-hook.php(324): AllInData\\Micro\\Core\\Init::init('')\n#7 /wordpress/wp-includes/class-wp-hook.php(348): WP_Hook->apply_filters('', Array)\n#8 /wordpress/wp-includes/plugin.php(517): WP_Hook->do_action(Array)\n#9 /wordpress/wp-content/plugins/allindata-cf7-cleverreach-integration/vendor/allindata/wordpress-micro-core/src/Init.php(12): do_action('allindata/micro...')\n#10 /wordpress/wp-includes/class-wp-hook.php(324): AllInData\\Micro\\Core\\{closure}('')\n#11 /wordpress/wp-includes/class-wp-hook.php(348): WP_Hook->apply_filters(NULL, Array)\n#12 /wordpress/wp-includes/plugin.php(517): WP_Hook->do_action(Array)\n#13 /wordpress/wp-settings.php(578): do_action('plugins_loaded')\n#14 /wordpress/wp-config.php(102): require_once('/wordpress/wp-s...')\n#15 /wordpress/wp-load.php(50): require_once('/wordpress/wp-c...')\n#16 /internal/eval.php(3): require_once('/wordpress/wp-l...')\n#17 {main}\n  thrown in /wordpress/wp-content/plugins/allindata-cf7-cleverreach-integration/vendor/bitexpert/disco/src/bitExpert/Disco/Proxy/Configuration/ConfigurationGenerator.php on line 87",
    "log": "/logs/plugins/a/appointpress-appointment-booking-calendar/error.json"
  },
  {
    "message": "Uncaught Doctrine\\Common\\Annotations\\AnnotationException: [Semantical Error] The annotation \"@Configuration\" in class AllInData\\CF7CRIntegration\\PluginConfiguration was never imported. Did you maybe forget to add a \"use\" statement for this annotation? in /wordpress/wp-content/plugins/allindata-cf7-cleverreach-integration/vendor/doctrine/annotations/lib/Doctrine/Common/Annotations/AnnotationException.php:54",
    "level": "FATAL",
    "type": "PHP",
    "test": "jspi-boot",
    "plugin": "appointpress-appointment-booking-calendar",
    "details": "[17-Apr-2025 16:55:40 UTC] PHP Fatal error:  Uncaught Doctrine\\Common\\Annotations\\AnnotationException: [Semantical Error] The annotation \"@Configuration\" in class AllInData\\CF7CRIntegration\\PluginConfiguration was never imported. Did you maybe forget to add a \"use\" statement for this annotation? in /wordpress/wp-content/plugins/allindata-cf7-cleverreach-integration/vendor/doctrine/annotations/lib/Doctrine/Common/Annotations/AnnotationException.php:54\nStack trace:\n#0 /wordpress/wp-content/plugins/allindata-cf7-cleverreach-integration/vendor/doctrine/annotations/lib/Doctrine/Common/Annotations/DocParser.php(732): Doctrine\\Common\\Annotations\\AnnotationException::semanticalError('The annotation ...')\n#1 /wordpress/wp-content/plugins/allindata-cf7-cleverreach-integration/vendor/doctrine/annotations/lib/Doctrine/Common/Annotations/DocParser.php(661): Doctrine\\Common\\Annotations\\DocParser->Annotation()\n#2 /wordpress/wp-content/plugins/allindata-cf7-cleverreach-integration/vendor/doctrine/annotations/lib/Doctrine/Common/Annotations/DocParser.php(354): Doctrine\\Common\\Annotations\\DocParser->Annotations()\n#3 /wordpress/wp-content/plugins/allindata-cf7-cleverreach-integration/vendor/doctrine/annotations/lib/Doctrine/Common/Annotations/AnnotationReader.php(218): Doctrine\\Common\\Annotations\\DocParser->parse('/**\\n * Class Pl...', 'class AllInData...')\n#4 /wordpress/wp-content/plugins/allindata-cf7-cleverreach-integration/vendor/doctrine/annotations/lib/Doctrine/Common/Annotations/AnnotationReader.php(226): Doctrine\\Common\\Annotations\\AnnotationReader->getClassAnnotations(Object(ReflectionClass))\n#5 /wordpress/wp-content/plugins/allindata-cf7-cleverreach-integration/vendor/bitexpert/disco/src/bitExpert/Disco/Proxy/Configuration/ConfigurationGenerator.php(85): Doctrine\\Common\\Annotations\\AnnotationReader->getClassAnnotation(Object(ReflectionClass), 'bitExpert\\\\Disco...')\n#6 /wordpress/wp-content/plugins/allindata-cf7-cleverreach-integration/vendor/ocramius/proxy-manager/src/ProxyManager/Factory/AbstractBaseFactory.php(106): bitExpert\\Disco\\Proxy\\Configuration\\ConfigurationGenerator->generate(Object(ReflectionClass), Object(ProxyManager\\Generator\\ClassGenerator), Array)\n#7 /wordpress/wp-content/plugins/allindata-cf7-cleverreach-integration/vendor/ocramius/proxy-manager/src/ProxyManager/Factory/AbstractBaseFactory.php(72): ProxyManager\\Factory\\AbstractBaseFactory->generateProxyClass('ProxyManagerGen...', 'AllInData\\\\CF7CR...', Array, Array)\n#8 /wordpress/wp-content/plugins/allindata-cf7-cleverreach-integration/vendor/bitexpert/disco/src/bitExpert/Disco/Proxy/Configuration/ConfigurationFactory.php(54): ProxyManager\\Factory\\AbstractBaseFactory->generateProxy('AllInData\\\\CF7CR...')\n#9 /wordpress/wp-content/plugins/allindata-cf7-cleverreach-integration/vendor/bitexpert/disco/src/bitExpert/Disco/AnnotationBeanFactory.php(44): bitExpert\\Disco\\Proxy\\Configuration\\ConfigurationFactory->createInstance(Object(bitExpert\\Disco\\BeanFactoryConfiguration), 'AllInData\\\\CF7CR...', Array)\n#10 /wordpress/wp-content/plugins/allindata-cf7-cleverreach-integration/vendor/allindata/wordpress-micro-core/src/Init.php(116): bitExpert\\Disco\\AnnotationBeanFactory->__construct('AllInData\\\\CF7CR...', Array, Object(bitExpert\\Disco\\BeanFactoryConfiguration))\n#11 /wordpress/wp-content/plugins/allindata-cf7-cleverreach-integration/vendor/allindata/wordpress-micro-core/src/Init.php(56): AllInData\\Micro\\Core\\Init->loadPlugin('allindata-cf7-c...', '/wordpress/tmp/', 'AllInData\\\\CF7CR...')\n#12 /wordpress/wp-includes/class-wp-hook.php(324): AllInData\\Micro\\Core\\Init::init('')\n#13 /wordpress/wp-includes/class-wp-hook.php(348): WP_Hook->apply_filters('', Array)\n#14 /wordpress/wp-includes/plugin.php(517): WP_Hook->do_action(Array)\n#15 /wordpress/wp-content/plugins/allindata-cf7-cleverreach-integration/vendor/allindata/wordpress-micro-core/src/Init.php(12): do_action('allindata/micro...')\n#16 /wordpress/wp-includes/class-wp-hook.php(324): AllInData\\Micro\\Core\\{closure}('')\n#17 /wordpress/wp-includes/class-wp-hook.php(348): WP_Hook->apply_filters(NULL, Array)\n#18 /wordpress/wp-includes/plugin.php(517): WP_Hook->do_action(Array)\n#19 /wordpress/wp-settings.php(578): do_action('plugins_loaded')\n#20 /wordpress/wp-config.php(102): require_once('/wordpress/wp-s...')\n#21 /wordpress/wp-load.php(50): require_once('/wordpress/wp-c...')\n#22 /internal/eval.php(3): require_once('/wordpress/wp-l...')\n#23 {main}\n\nNext ProxyManager\\Exception\\InvalidProxiedClassException: [Semantical Error] The annotation \"@Configuration\" in class AllInData\\CF7CRIntegration\\PluginConfiguration was never imported. Did you maybe forget to add a \"use\" statement for this annotation? in /wordpress/wp-content/plugins/allindata-cf7-cleverreach-integration/vendor/bitexpert/disco/src/bitExpert/Disco/Proxy/Configuration/ConfigurationGenerator.php:87\nStack trace:\n#0 /wordpress/wp-content/plugins/allindata-cf7-cleverreach-integration/vendor/ocramius/proxy-manager/src/ProxyManager/Factory/AbstractBaseFactory.php(106): bitExpert\\Disco\\Proxy\\Configuration\\ConfigurationGenerator->generate(Object(ReflectionClass), Object(ProxyManager\\Generator\\ClassGenerator), Array)\n#1 /wordpress/wp-content/plugins/allindata-cf7-cleverreach-integration/vendor/ocramius/proxy-manager/src/ProxyManager/Factory/AbstractBaseFactory.php(72): ProxyManager\\Factory\\AbstractBaseFactory->generateProxyClass('ProxyManagerGen...', 'AllInData\\\\CF7CR...', Array, Array)\n#2 /wordpress/wp-content/plugins/allindata-cf7-cleverreach-integration/vendor/bitexpert/disco/src/bitExpert/Disco/Proxy/Configuration/ConfigurationFactory.php(54): ProxyManager\\Factory\\AbstractBaseFactory->generateProxy('AllInData\\\\CF7CR...')\n#3 /wordpress/wp-content/plugins/allindata-cf7-cleverreach-integration/vendor/bitexpert/disco/src/bitExpert/Disco/AnnotationBeanFactory.php(44): bitExpert\\Disco\\Proxy\\Configuration\\ConfigurationFactory->createInstance(Object(bitExpert\\Disco\\BeanFactoryConfiguration), 'AllInData\\\\CF7CR...', Array)\n#4 /wordpress/wp-content/plugins/allindata-cf7-cleverreach-integration/vendor/allindata/wordpress-micro-core/src/Init.php(116): bitExpert\\Disco\\AnnotationBeanFactory->__construct('AllInData\\\\CF7CR...', Array, Object(bitExpert\\Disco\\BeanFactoryConfiguration))\n#5 /wordpress/wp-content/plugins/allindata-cf7-cleverreach-integration/vendor/allindata/wordpress-micro-core/src/Init.php(56): AllInData\\Micro\\Core\\Init->loadPlugin('allindata-cf7-c...', '/wordpress/tmp/', 'AllInData\\\\CF7CR...')\n#6 /wordpress/wp-includes/class-wp-hook.php(324): AllInData\\Micro\\Core\\Init::init('')\n#7 /wordpress/wp-includes/class-wp-hook.php(348): WP_Hook->apply_filters('', Array)\n#8 /wordpress/wp-includes/plugin.php(517): WP_Hook->do_action(Array)\n#9 /wordpress/wp-content/plugins/allindata-cf7-cleverreach-integration/vendor/allindata/wordpress-micro-core/src/Init.php(12): do_action('allindata/micro...')\n#10 /wordpress/wp-includes/class-wp-hook.php(324): AllInData\\Micro\\Core\\{closure}('')\n#11 /wordpress/wp-includes/class-wp-hook.php(348): WP_Hook->apply_filters(NULL, Array)\n#12 /wordpress/wp-includes/plugin.php(517): WP_Hook->do_action(Array)\n#13 /wordpress/wp-settings.php(578): do_action('plugins_loaded')\n#14 /wordpress/wp-config.php(102): require_once('/wordpress/wp-s...')\n#15 /wordpress/wp-load.php(50): require_once('/wordpress/wp-c...')\n#16 /internal/eval.php(3): require_once('/wordpress/wp-l...')\n#17 {main}\n  thrown in /wordpress/wp-content/plugins/allindata-cf7-cleverreach-integration/vendor/bitexpert/disco/src/bitExpert/Disco/Proxy/Configuration/ConfigurationGenerator.php on line 87",
    "log": "/logs/plugins/a/appointpress-appointment-booking-calendar/error.json"
  },
  {
    "message": "Function _load_textdomain_just_in_time was called <strong>incorrectly</strong>. Translation loading for the <code>twentytwentyfive</code> domain was triggered too early. This is usually an indicator for some code in the plugin or theme running too early. Translations should be loaded at the <code>init</code> action or later. Please see <a href=\"https://developer.wordpress.org/advanced-administration/debug/debug-wordpress/\">Debugging in WordPress</a> for more information. (This message was added in version 6.7.0.) in /wordpress/wp-includes/functions.php on line 6121",
    "level": "NOTICE",
    "type": "PHP",
    "test": "jspi-boot",
    "plugin": "appointpress-appointment-booking-calendar",
    "details": "[17-Apr-2025 16:55:49 UTC] PHP Notice:  Function _load_textdomain_just_in_time was called <strong>incorrectly</strong>. Translation loading for the <code>twentytwentyfive</code> domain was triggered too early. This is usually an indicator for some code in the plugin or theme running too early. Translations should be loaded at the <code>init</code> action or later. Please see <a href=\"https://developer.wordpress.org/advanced-administration/debug/debug-wordpress/\">Debugging in WordPress</a> for more information. (This message was added in version 6.7.0.) in /wordpress/wp-includes/functions.php on line 6121",
    "log": "/logs/plugins/a/appointpress-appointment-booking-calendar/error.json"
  },
  {
    "message": "Function _load_textdomain_just_in_time was called <strong>incorrectly</strong>. Translation loading for the <code>twentytwentyfive</code> domain was triggered too early. This is usually an indicator for some code in the plugin or theme running too early. Translations should be loaded at the <code>init</code> action or later. Please see <a href=\"https://developer.wordpress.org/advanced-administration/debug/debug-wordpress/\">Debugging in WordPress</a> for more information. (This message was added in version 6.7.0.) in /wordpress/wp-includes/functions.php on line 6121",
    "level": "NOTICE",
    "type": "PHP",
    "test": "jspi-boot",
    "plugin": "appointpress-appointment-booking-calendar",
    "details": "[17-Apr-2025 16:55:58 UTC] PHP Notice:  Function _load_textdomain_just_in_time was called <strong>incorrectly</strong>. Translation loading for the <code>twentytwentyfive</code> domain was triggered too early. This is usually an indicator for some code in the plugin or theme running too early. Translations should be loaded at the <code>init</code> action or later. Please see <a href=\"https://developer.wordpress.org/advanced-administration/debug/debug-wordpress/\">Debugging in WordPress</a> for more information. (This message was added in version 6.7.0.) in /wordpress/wp-includes/functions.php on line 6121",
    "log": "/logs/plugins/a/appointpress-appointment-booking-calendar/error.json"
  },
  {
    "message": "Function _load_textdomain_just_in_time was called <strong>incorrectly</strong>. Translation loading for the <code>twentytwentyfive</code> domain was triggered too early. This is usually an indicator for some code in the plugin or theme running too early. Translations should be loaded at the <code>init</code> action or later. Please see <a href=\"https://developer.wordpress.org/advanced-administration/debug/debug-wordpress/\">Debugging in WordPress</a> for more information. (This message was added in version 6.7.0.) in /wordpress/wp-includes/functions.php on line 6121",
    "level": "NOTICE",
    "type": "PHP",
    "test": "jspi-boot",
    "plugin": "appointpress-appointment-booking-calendar",
    "details": "[17-Apr-2025 16:56:07 UTC] PHP Notice:  Function _load_textdomain_just_in_time was called <strong>incorrectly</strong>. Translation loading for the <code>twentytwentyfive</code> domain was triggered too early. This is usually an indicator for some code in the plugin or theme running too early. Translations should be loaded at the <code>init</code> action or later. Please see <a href=\"https://developer.wordpress.org/advanced-administration/debug/debug-wordpress/\">Debugging in WordPress</a> for more information. (This message was added in version 6.7.0.) in /wordpress/wp-includes/functions.php on line 6121",
    "log": "/logs/plugins/a/appointpress-appointment-booking-calendar/error.json"
  },
  {
    "message": "Function _load_textdomain_just_in_time was called <strong>incorrectly</strong>. Translation loading for the <code>abc-pricing-table</code> domain was triggered too early. This is usually an indicator for some code in the plugin or theme running too early. Translations should be loaded at the <code>init</code> action or later. Please see <a href=\"https://developer.wordpress.org/advanced-administration/debug/debug-wordpress/\">Debugging in WordPress</a> for more information. (This message was added in version 6.7.0.) in /wordpress/wp-includes/functions.php on line 6121",
    "level": "NOTICE",
    "type": "PHP",
    "test": "jspi-boot",
    "plugin": "appointpress-appointment-booking-calendar",
    "details": "[17-Apr-2025 16:56:17 UTC] PHP Notice:  Function _load_textdomain_just_in_time was called <strong>incorrectly</strong>. Translation loading for the <code>abc-pricing-table</code> domain was triggered too early. This is usually an indicator for some code in the plugin or theme running too early. Translations should be loaded at the <code>init</code> action or later. Please see <a href=\"https://developer.wordpress.org/advanced-administration/debug/debug-wordpress/\">Debugging in WordPress</a> for more information. (This message was added in version 6.7.0.) in /wordpress/wp-includes/functions.php on line 6121",
    "log": "/logs/plugins/a/appointpress-appointment-booking-calendar/error.json"
  },
  {
    "message": "Function _load_textdomain_just_in_time was called <strong>incorrectly</strong>. Translation loading for the <code>abc-pricing-table</code> domain was triggered too early. This is usually an indicator for some code in the plugin or theme running too early. Translations should be loaded at the <code>init</code> action or later. Please see <a href=\"https://developer.wordpress.org/advanced-administration/debug/debug-wordpress/\">Debugging in WordPress</a> for more information. (This message was added in version 6.7.0.) in /wordpress/wp-includes/functions.php on line 6121",
    "level": "NOTICE",
    "type": "PHP",
    "test": "jspi-boot",
    "plugin": "appointpress-appointment-booking-calendar",
    "details": "[17-Apr-2025 16:56:26 UTC] PHP Notice:  Function _load_textdomain_just_in_time was called <strong>incorrectly</strong>. Translation loading for the <code>abc-pricing-table</code> domain was triggered too early. This is usually an indicator for some code in the plugin or theme running too early. Translations should be loaded at the <code>init</code> action or later. Please see <a href=\"https://developer.wordpress.org/advanced-administration/debug/debug-wordpress/\">Debugging in WordPress</a> for more information. (This message was added in version 6.7.0.) in /wordpress/wp-includes/functions.php on line 6121",
    "log": "/logs/plugins/a/appointpress-appointment-booking-calendar/error.json"
  },
  {
    "message": "Function _load_textdomain_just_in_time was called <strong>incorrectly</strong>. Translation loading for the <code>abc-pricing-table</code> domain was triggered too early. This is usually an indicator for some code in the plugin or theme running too early. Translations should be loaded at the <code>init</code> action or later. Please see <a href=\"https://developer.wordpress.org/advanced-administration/debug/debug-wordpress/\">Debugging in WordPress</a> for more information. (This message was added in version 6.7.0.) in /wordpress/wp-includes/functions.php on line 6121",
    "level": "NOTICE",
    "type": "PHP",
    "test": "jspi-boot",
    "plugin": "appointpress-appointment-booking-calendar",
    "details": "[17-Apr-2025 16:56:36 UTC] PHP Notice:  Function _load_textdomain_just_in_time was called <strong>incorrectly</strong>. Translation loading for the <code>abc-pricing-table</code> domain was triggered too early. This is usually an indicator for some code in the plugin or theme running too early. Translations should be loaded at the <code>init</code> action or later. Please see <a href=\"https://developer.wordpress.org/advanced-administration/debug/debug-wordpress/\">Debugging in WordPress</a> for more information. (This message was added in version 6.7.0.) in /wordpress/wp-includes/functions.php on line 6121",
    "log": "/logs/plugins/a/appointpress-appointment-booking-calendar/error.json"
  },
  {
    "message": "Required parameter $field follows optional parameter $value in /wordpress/wp-content/plugins/acf-starrating/functions.php on line 111",
    "level": "DEPRECATED",
    "type": "PHP",
    "test": "jspi-boot",
    "plugin": "appointpress-appointment-booking-calendar",
    "details": "[17-Apr-2025 16:57:10 UTC] PHP Deprecated:  Required parameter $field follows optional parameter $value in /wordpress/wp-content/plugins/acf-starrating/functions.php on line 111",
    "log": "/logs/plugins/a/appointpress-appointment-booking-calendar/error.json"
  },
  {
    "message": "Required parameter $field follows optional parameter $value in /wordpress/wp-content/plugins/acf-starrating/functions.php on line 111",
    "level": "DEPRECATED",
    "type": "PHP",
    "test": "jspi-boot",
    "plugin": "appointpress-appointment-booking-calendar",
    "details": "[17-Apr-2025 16:57:11 UTC] PHP Deprecated:  Required parameter $field follows optional parameter $value in /wordpress/wp-content/plugins/acf-starrating/functions.php on line 111",
    "log": "/logs/plugins/a/appointpress-appointment-booking-calendar/error.json"
  },
  {
    "message": "Required parameter $field follows optional parameter $value in /wordpress/wp-content/plugins/acf-starrating/functions.php on line 111",
    "level": "DEPRECATED",
    "type": "PHP",
    "test": "jspi-boot",
    "plugin": "appointpress-appointment-booking-calendar",
    "details": "[17-Apr-2025 16:57:20 UTC] PHP Deprecated:  Required parameter $field follows optional parameter $value in /wordpress/wp-content/plugins/acf-starrating/functions.php on line 111",
    "log": "/logs/plugins/a/appointpress-appointment-booking-calendar/error.json"
  },
  {
    "message": "Required parameter $field follows optional parameter $value in /wordpress/wp-content/plugins/acf-starrating/functions.php on line 111",
    "level": "DEPRECATED",
    "type": "PHP",
    "test": "jspi-boot",
    "plugin": "appointpress-appointment-booking-calendar",
    "details": "[17-Apr-2025 16:57:21 UTC] PHP Deprecated:  Required parameter $field follows optional parameter $value in /wordpress/wp-content/plugins/acf-starrating/functions.php on line 111",
    "log": "/logs/plugins/a/appointpress-appointment-booking-calendar/error.json"
  },
  {
    "message": "Required parameter $field follows optional parameter $value in /wordpress/wp-content/plugins/acf-starrating/functions.php on line 111",
    "level": "DEPRECATED",
    "type": "PHP",
    "test": "jspi-boot",
    "plugin": "appointpress-appointment-booking-calendar",
    "details": "[17-Apr-2025 16:57:29 UTC] PHP Deprecated:  Required parameter $field follows optional parameter $value in /wordpress/wp-content/plugins/acf-starrating/functions.php on line 111",
    "log": "/logs/plugins/a/appointpress-appointment-booking-calendar/error.json"
  },
  {
    "message": "Required parameter $field follows optional parameter $value in /wordpress/wp-content/plugins/acf-starrating/functions.php on line 111",
    "level": "DEPRECATED",
    "type": "PHP",
    "test": "jspi-boot",
    "plugin": "appointpress-appointment-booking-calendar",
    "details": "[17-Apr-2025 16:57:30 UTC] PHP Deprecated:  Required parameter $field follows optional parameter $value in /wordpress/wp-content/plugins/acf-starrating/functions.php on line 111",
    "log": "/logs/plugins/a/appointpress-appointment-booking-calendar/error.json"
  },
  {
    "message": "Function _load_textdomain_just_in_time was called <strong>incorrectly</strong>. Translation loading for the <code>admin-customizer</code> domain was triggered too early. This is usually an indicator for some code in the plugin or theme running too early. Translations should be loaded at the <code>init</code> action or later. Please see <a href=\"https://developer.wordpress.org/advanced-administration/debug/debug-wordpress/\">Debugging in WordPress</a> for more information. (This message was added in version 6.7.0.) in /wordpress/wp-includes/functions.php on line 6121",
    "level": "NOTICE",
    "type": "PHP",
    "test": "jspi-boot",
    "plugin": "appointpress-appointment-booking-calendar",
    "details": "[17-Apr-2025 16:59:02 UTC] PHP Notice:  Function _load_textdomain_just_in_time was called <strong>incorrectly</strong>. Translation loading for the <code>admin-customizer</code> domain was triggered too early. This is usually an indicator for some code in the plugin or theme running too early. Translations should be loaded at the <code>init</code> action or later. Please see <a href=\"https://developer.wordpress.org/advanced-administration/debug/debug-wordpress/\">Debugging in WordPress</a> for more information. (This message was added in version 6.7.0.) in /wordpress/wp-includes/functions.php on line 6121",
    "log": "/logs/plugins/a/appointpress-appointment-booking-calendar/error.json"
  },
  {
    "message": "Function _load_textdomain_just_in_time was called <strong>incorrectly</strong>. Translation loading for the <code>admin-customizer</code> domain was triggered too early. This is usually an indicator for some code in the plugin or theme running too early. Translations should be loaded at the <code>init</code> action or later. Please see <a href=\"https://developer.wordpress.org/advanced-administration/debug/debug-wordpress/\">Debugging in WordPress</a> for more information. (This message was added in version 6.7.0.) in /wordpress/wp-includes/functions.php on line 6121",
    "level": "NOTICE",
    "type": "PHP",
    "test": "jspi-boot",
    "plugin": "appointpress-appointment-booking-calendar",
    "details": "[17-Apr-2025 16:59:11 UTC] PHP Notice:  Function _load_textdomain_just_in_time was called <strong>incorrectly</strong>. Translation loading for the <code>admin-customizer</code> domain was triggered too early. This is usually an indicator for some code in the plugin or theme running too early. Translations should be loaded at the <code>init</code> action or later. Please see <a href=\"https://developer.wordpress.org/advanced-administration/debug/debug-wordpress/\">Debugging in WordPress</a> for more information. (This message was added in version 6.7.0.) in /wordpress/wp-includes/functions.php on line 6121",
    "log": "/logs/plugins/a/appointpress-appointment-booking-calendar/error.json"
  },
  {
    "message": "Function _load_textdomain_just_in_time was called <strong>incorrectly</strong>. Translation loading for the <code>admin-customizer</code> domain was triggered too early. This is usually an indicator for some code in the plugin or theme running too early. Translations should be loaded at the <code>init</code> action or later. Please see <a href=\"https://developer.wordpress.org/advanced-administration/debug/debug-wordpress/\">Debugging in WordPress</a> for more information. (This message was added in version 6.7.0.) in /wordpress/wp-includes/functions.php on line 6121",
    "level": "NOTICE",
    "type": "PHP",
    "test": "jspi-boot",
    "plugin": "appointpress-appointment-booking-calendar",
    "details": "[17-Apr-2025 16:59:20 UTC] PHP Notice:  Function _load_textdomain_just_in_time was called <strong>incorrectly</strong>. Translation loading for the <code>admin-customizer</code> domain was triggered too early. This is usually an indicator for some code in the plugin or theme running too early. Translations should be loaded at the <code>init</code> action or later. Please see <a href=\"https://developer.wordpress.org/advanced-administration/debug/debug-wordpress/\">Debugging in WordPress</a> for more information. (This message was added in version 6.7.0.) in /wordpress/wp-includes/functions.php on line 6121",
    "log": "/logs/plugins/a/appointpress-appointment-booking-calendar/error.json"
  },
  {
    "message": "Array and string offset access syntax with curly braces is no longer supported in /wordpress/wp-content/plugins/auto-insert-content/logic.php on line 39",
    "level": "FATAL",
    "type": "PHP",
    "test": "jspi-boot",
    "plugin": "appointpress-appointment-booking-calendar",
    "details": "[17-Apr-2025 17:02:29 UTC] PHP Fatal error:  Array and string offset access syntax with curly braces is no longer supported in /wordpress/wp-content/plugins/auto-insert-content/logic.php on line 39",
    "log": "/logs/plugins/a/appointpress-appointment-booking-calendar/error.json"
  },
  {
    "message": "Array and string offset access syntax with curly braces is no longer supported in /wordpress/wp-content/plugins/auto-insert-content/logic.php on line 39",
    "level": "FATAL",
    "type": "PHP",
    "test": "jspi-boot",
    "plugin": "appointpress-appointment-booking-calendar",
    "details": "[17-Apr-2025 17:02:37 UTC] PHP Fatal error:  Array and string offset access syntax with curly braces is no longer supported in /wordpress/wp-content/plugins/auto-insert-content/logic.php on line 39",
    "log": "/logs/plugins/a/appointpress-appointment-booking-calendar/error.json"
  },
  {
    "message": "Array and string offset access syntax with curly braces is no longer supported in /wordpress/wp-content/plugins/auto-insert-content/logic.php on line 39",
    "level": "FATAL",
    "type": "PHP",
    "test": "jspi-boot",
    "plugin": "appointpress-appointment-booking-calendar",
    "details": "[17-Apr-2025 17:02:44 UTC] PHP Fatal error:  Array and string offset access syntax with curly braces is no longer supported in /wordpress/wp-content/plugins/auto-insert-content/logic.php on line 39",
    "log": "/logs/plugins/a/appointpress-appointment-booking-calendar/error.json"
  },
  {
    "message": "Uncaught Error: Call to undefined function create_function() in /wordpress/wp-content/plugins/appointpress-appointment-booking-calendar/appoinpress-widget.php:6",
    "level": "FATAL",
    "type": "PHP",
    "test": "jspi-boot",
    "plugin": "appointpress-appointment-booking-calendar",
    "details": "[17-Apr-2025 17:05:47 UTC] PHP Fatal error:  Uncaught Error: Call to undefined function create_function() in /wordpress/wp-content/plugins/appointpress-appointment-booking-calendar/appoinpress-widget.php:6\nStack trace:\n#0 /wordpress/wp-content/plugins/appointpress-appointment-booking-calendar/appointpress.php(127): include()\n#1 /wordpress/wp-admin/includes/plugin.php(2387): include_once('/wordpress/wp-c...')\n#2 /wordpress/wp-admin/includes/plugin.php(673): plugin_sandbox_scrape('appointpress-ap...')\n#3 /internal/eval.php(20): activate_plugin('appointpress-ap...')\n#4 {main}\n  thrown in /wordpress/wp-content/plugins/appointpress-appointment-booking-calendar/appoinpress-widget.php on line 6",
    "log": "/logs/plugins/a/appointpress-appointment-booking-calendar/error.json"
  },
  {
    "message": "Uncaught Error: Call to undefined function create_function() in /wordpress/wp-content/plugins/appointpress-appointment-booking-calendar/appoinpress-widget.php:6",
    "level": "FATAL",
    "type": "PHP",
    "test": "jspi-boot",
    "plugin": "appointpress-appointment-booking-calendar",
    "details": "[17-Apr-2025 17:05:55 UTC] PHP Fatal error:  Uncaught Error: Call to undefined function create_function() in /wordpress/wp-content/plugins/appointpress-appointment-booking-calendar/appoinpress-widget.php:6\nStack trace:\n#0 /wordpress/wp-content/plugins/appointpress-appointment-booking-calendar/appointpress.php(127): include()\n#1 /wordpress/wp-admin/includes/plugin.php(2387): include_once('/wordpress/wp-c...')\n#2 /wordpress/wp-admin/includes/plugin.php(673): plugin_sandbox_scrape('appointpress-ap...')\n#3 /internal/eval.php(20): activate_plugin('appointpress-ap...')\n#4 {main}\n  thrown in /wordpress/wp-content/plugins/appointpress-appointment-booking-calendar/appoinpress-widget.php on line 6",
    "log": "/logs/plugins/a/appointpress-appointment-booking-calendar/error.json"
  },
  {
    "message": "Uncaught Error: Call to undefined function create_function() in /wordpress/wp-content/plugins/appointpress-appointment-booking-calendar/appoinpress-widget.php:6",
    "level": "FATAL",
    "type": "PHP",
    "test": "jspi-boot",
    "plugin": "appointpress-appointment-booking-calendar",
    "details": "[17-Apr-2025 17:06:03 UTC] PHP Fatal error:  Uncaught Error: Call to undefined function create_function() in /wordpress/wp-content/plugins/appointpress-appointment-booking-calendar/appoinpress-widget.php:6\nStack trace:\n#0 /wordpress/wp-content/plugins/appointpress-appointment-booking-calendar/appointpress.php(127): include()\n#1 /wordpress/wp-admin/includes/plugin.php(2387): include_once('/wordpress/wp-c...')\n#2 /wordpress/wp-admin/includes/plugin.php(673): plugin_sandbox_scrape('appointpress-ap...')\n#3 /internal/eval.php(20): activate_plugin('appointpress-ap...')\n#4 {main}\n  thrown in /wordpress/wp-content/plugins/appointpress-appointment-booking-calendar/appoinpress-widget.php on line 6\n\n    at Object.onBind (file:///home/runner/work/playground-tester/playground-tester/node_modules/@wp-playground/cli/index.js:237:15)\n    at process.processTicksAndRejections (node:internal/process/task_queues:105:5)\n    at async V (file:///home/runner/work/playground-tester/playground-tester/node_modules/@wp-playground/cli/index.js:64:10)\n    at async ja (file:///home/runner/work/playground-tester/playground-tester/node_modules/@wp-playground/cli/cli.js:8161:12) {\n  [cause]: Error: Error when executing the blueprint step #1 ({\"step\":\"installPlugin\",\"pluginData\":{\"resource\":\"wordpress.org/plugins\",\"slug\":\"appointpress-appointment-booking-calendar\"},\"options\":{\"activate\":true}}) : PHP.run() failed with exit code 255 and the following output: \n      at Object.run (file:///home/runner/work/playground-tester/playground-tester/node_modules/@wp-playground/blueprints/index.js:12449:19)\n      at process.processTicksAndRejections (node:internal/process/task_queues:105:5)\n      at async ms (file:///home/runner/work/playground-tester/playground-tester/node_modules/@wp-playground/blueprints/index.js:12552:3)\n      ... 2 lines matching cause stack trace ...\n      at async ja (file:///home/runner/work/playground-tester/playground-tester/node_modules/@wp-playground/cli/cli.js:8161:12) {\n    [cause]: PHPExecutionFailureError: PHP.run() failed with exit code 255 and the following output: \n        at PHP.run (file:///home/runner/work/playground-tester/playground-tester/node_modules/@php-wasm/universal/index.js:987:19)\n        at process.processTicksAndRejections (node:internal/process/task_queues:105:5)\n        at async wr (file:///home/runner/work/playground-tester/playground-tester/node_modules/@wp-playground/blueprints/index.js:33:39)\n        at async Object.gt [as installPlugin] (file:///home/runner/work/playground-tester/playground-tester/node_modules/@wp-playground/blueprints/index.js:974:42)\n        at async g (file:///home/runner/work/playground-tester/playground-tester/node_modules/@wp-playground/blueprints/index.js:12517:30)\n        at async Object.run (file:///home/runner/work/playground-tester/playground-tester/node_modules/@wp-playground/blueprints/index.js:12446:23)\n        at async ms (file:///home/runner/work/playground-tester/playground-tester/node_modules/@wp-playground/blueprints/index.js:12552:3)\n        at async Object.onBind (file:///home/runner/work/playground-tester/playground-tester/node_modules/@wp-playground/cli/index.js:227:48)\n        at async V (file:///home/runner/work/playground-tester/playground-tester/node_modules/@wp-playground/cli/index.js:64:10)\n        at async ja (file:///home/runner/work/playground-tester/playground-tester/node_modules/@wp-playground/cli/cli.js:8161:12) {\n      response: PHPResponse {\n        httpStatusCode: 500,\n        headers: {\n          'x-powered-by': [ 'PHP/8.0.30-dev' ],\n          'content-type': [ 'text/html; charset=UTF-8' ]\n        },\n        bytes: Uint8Array(0) [],\n        exitCode: 255,\n        errors: ''\n      },\n      source: 'request'\n    }\n  }\n}\n\n",
    "log": "/logs/plugins/a/appointpress-appointment-booking-calendar/error.json"
  }
]
