[
{"message":"file:///home/runner/work/playground-tester/playground-tester/node_modules/@wp-playground/cli/index.js:237\n        throw new Error(y, { cause: u });\n              ^\n","level":"FATAL","type":"PLAYGROUND","test":"jspi-boot","plugin":"concursos-tap","details":"file:///home/runner/work/playground-tester/playground-tester/node_modules/@wp-playground/cli/index.js:237\n        throw new Error(y, { cause: u });\n              ^\n","log":"/tmp/tmp.M5gr7q1eor"}
,
{"message":"Function _load_textdomain_just_in_time was called <strong>incorrectly</strong>. Translation loading for the <code>cartnotify</code> domain was triggered too early. This is usually an indicator for some code in the plugin or theme running too early. Translations should be loaded at the <code>init</code> action or later. Please see <a href=\"https://developer.wordpress.org/advanced-administration/debug/debug-wordpress/\">Debugging in WordPress</a> for more information. (This message was added in version 6.7.0.) in /wordpress/wp-includes/functions.php on line 6121","level":"NOTICE","type":"PHP","test":"jspi-boot","plugin":"concursos-tap","details":"[17-Apr-2025 05:48:46 UTC] PHP Notice:  Function _load_textdomain_just_in_time was called <strong>incorrectly</strong>. Translation loading for the <code>cartnotify</code> domain was triggered too early. This is usually an indicator for some code in the plugin or theme running too early. Translations should be loaded at the <code>init</code> action or later. Please see <a href=\"https://developer.wordpress.org/advanced-administration/debug/debug-wordpress/\">Debugging in WordPress</a> for more information. (This message was added in version 6.7.0.) in /wordpress/wp-includes/functions.php on line 6121","log":"/logs/plugins/c/concursos-tap/error.json"}
,
{"message":"Function _load_textdomain_just_in_time was called <strong>incorrectly</strong>. Translation loading for the <code>cartnotify</code> domain was triggered too early. This is usually an indicator for some code in the plugin or theme running too early. Translations should be loaded at the <code>init</code> action or later. Please see <a href=\"https://developer.wordpress.org/advanced-administration/debug/debug-wordpress/\">Debugging in WordPress</a> for more information. (This message was added in version 6.7.0.) in /wordpress/wp-includes/functions.php on line 6121","level":"NOTICE","type":"PHP","test":"jspi-boot","plugin":"concursos-tap","details":"[17-Apr-2025 05:48:56 UTC] PHP Notice:  Function _load_textdomain_just_in_time was called <strong>incorrectly</strong>. Translation loading for the <code>cartnotify</code> domain was triggered too early. This is usually an indicator for some code in the plugin or theme running too early. Translations should be loaded at the <code>init</code> action or later. Please see <a href=\"https://developer.wordpress.org/advanced-administration/debug/debug-wordpress/\">Debugging in WordPress</a> for more information. (This message was added in version 6.7.0.) in /wordpress/wp-includes/functions.php on line 6121","log":"/logs/plugins/c/concursos-tap/error.json"}
,
{"message":"Function _load_textdomain_just_in_time was called <strong>incorrectly</strong>. Translation loading for the <code>cartnotify</code> domain was triggered too early. This is usually an indicator for some code in the plugin or theme running too early. Translations should be loaded at the <code>init</code> action or later. Please see <a href=\"https://developer.wordpress.org/advanced-administration/debug/debug-wordpress/\">Debugging in WordPress</a> for more information. (This message was added in version 6.7.0.) in /wordpress/wp-includes/functions.php on line 6121","level":"NOTICE","type":"PHP","test":"jspi-boot","plugin":"concursos-tap","details":"[17-Apr-2025 05:49:06 UTC] PHP Notice:  Function _load_textdomain_just_in_time was called <strong>incorrectly</strong>. Translation loading for the <code>cartnotify</code> domain was triggered too early. This is usually an indicator for some code in the plugin or theme running too early. Translations should be loaded at the <code>init</code> action or later. Please see <a href=\"https://developer.wordpress.org/advanced-administration/debug/debug-wordpress/\">Debugging in WordPress</a> for more information. (This message was added in version 6.7.0.) in /wordpress/wp-includes/functions.php on line 6121","log":"/logs/plugins/c/concursos-tap/error.json"}
,
{"message":"Function wpdb::prepare was called <strong>incorrectly</strong>. The query argument of wpdb::prepare() must have a placeholder. Please see <a href=\"https://developer.wordpress.org/advanced-administration/debug/debug-wordpress/\">Debugging in WordPress</a> for more information. (This message was added in version 3.9.0.) in /wordpress/wp-includes/functions.php on line 6121","level":"NOTICE","type":"PHP","test":"jspi-boot","plugin":"concursos-tap","details":"[17-Apr-2025 05:52:22 UTC] PHP Notice:  Function wpdb::prepare was called <strong>incorrectly</strong>. The query argument of wpdb::prepare() must have a placeholder. Please see <a href=\"https://developer.wordpress.org/advanced-administration/debug/debug-wordpress/\">Debugging in WordPress</a> for more information. (This message was added in version 3.9.0.) in /wordpress/wp-includes/functions.php on line 6121","log":"/logs/plugins/c/concursos-tap/error.json"}
,
{"message":"Function wpdb::prepare was called <strong>incorrectly</strong>. The query argument of wpdb::prepare() must have a placeholder. Please see <a href=\"https://developer.wordpress.org/advanced-administration/debug/debug-wordpress/\">Debugging in WordPress</a> for more information. (This message was added in version 3.9.0.) in /wordpress/wp-includes/functions.php on line 6121","level":"NOTICE","type":"PHP","test":"jspi-boot","plugin":"concursos-tap","details":"[17-Apr-2025 05:52:31 UTC] PHP Notice:  Function wpdb::prepare was called <strong>incorrectly</strong>. The query argument of wpdb::prepare() must have a placeholder. Please see <a href=\"https://developer.wordpress.org/advanced-administration/debug/debug-wordpress/\">Debugging in WordPress</a> for more information. (This message was added in version 3.9.0.) in /wordpress/wp-includes/functions.php on line 6121","log":"/logs/plugins/c/concursos-tap/error.json"}
,
{"message":"SQLSTATE[HY000]: General error: 1 no such table: wp_coding_blocks.","level":"FATAL","type":"SQL","test":"jspi-boot","plugin":"concursos-tap","details":"[17-Apr-2025 05:52:31 UTC] WordPress database error <div style=\"clear:both\">&nbsp;</div>\n<div class=\"queries\" style=\"clear:both;margin-bottom:2px;border:red dotted thin;\">\n<p>MySQL query:</p>\n<p>SELECT * FROM wp_coding_blocks</p>\n<p>Queries made or created this session were:</p>\n<ol>\n<li>Executing: BEGIN | (no parameters)</li>\n<li>Executing: SELECT * FROM wp_coding_blocks | (no parameters)</li>\n<li>Executing: ROLLBACK | (no parameters)</li>\n</ol>\n</div>\n<div style=\"clear:both;margin-bottom:2px;border:red dotted thin;\" class=\"error_message\" style=\"border-bottom:dotted blue thin;\">\nError occurred at line 4117 in Function <code>handle_error</code>. Error message was: SQLSTATE[HY000]: General error: 1 no such table: wp_coding_blocks.\n</div>\n<p>Backtrace:</p>\n<pre>#0 /internal/shared/sqlite-database-integration/wp-includes/sqlite/class-wp-sqlite-db.php(287): WP_SQLite_Translator->get_error_message()\n#1 /wordpress/wp-includes/class-wpdb.php(3146): WP_SQLite_DB->query('SELECT * FROM w...')\n#2 /wordpress/wp-content/plugins/coding-blocks/includes/class-coding-blocks-activator.php(44): wpdb->get_results('SELECT * FROM w...')\n#3 /wordpress/wp-content/plugins/coding-blocks/coding-blocks.php(49): Coding_Blocks_Activator::activate()\n#4 /wordpress/wp-includes/class-wp-hook.php(324): activate_coding_blocks(false)\n#5 /wordpress/wp-includes/class-wp-hook.php(348): WP_Hook->apply_filters('', Array)\n#6 /wordpress/wp-includes/plugin.php(517): WP_Hook->do_action(Array)\n#7 /wordpress/wp-admin/includes/plugin.php(703): do_action('activate_coding...', false)\n#8 /internal/eval.php(20): activate_plugin('coding-blocks/c...')\n#9 {main}</pre>\n for query SELECT * FROM wp_coding_blocks made by activate_plugin, do_action('activate_coding-blocks/coding-blocks.php'), WP_Hook->do_action, WP_Hook->apply_filters, activate_coding_blocks, Coding_Blocks_Activator::activate, WP_SQLite_DB->query, WP_SQLite_DB->print_error","log":"/logs/plugins/c/concursos-tap/error.json"}
,
{"message":"SQLSTATE[HY000]: General error: 1 no such table: wp_coding_blocks.","level":"FATAL","type":"SQL","test":"jspi-boot","plugin":"concursos-tap","details":"[17-Apr-2025 05:52:31 UTC] WordPress database error <div style=\"clear:both\">&nbsp;</div>\n<div class=\"queries\" style=\"clear:both;margin-bottom:2px;border:red dotted thin;\">\n<p>MySQL query:</p>\n<p>SELECT loader FROM wp_coding_blocks</p>\n<p>Queries made or created this session were:</p>\n<ol>\n<li>Executing: BEGIN | (no parameters)</li>\n<li>Executing: SELECT loader FROM wp_coding_blocks | (no parameters)</li>\n<li>Executing: ROLLBACK | (no parameters)</li>\n</ol>\n</div>\n<div style=\"clear:both;margin-bottom:2px;border:red dotted thin;\" class=\"error_message\" style=\"border-bottom:dotted blue thin;\">\nError occurred at line 4117 in Function <code>handle_error</code>. Error message was: SQLSTATE[HY000]: General error: 1 no such table: wp_coding_blocks.\n</div>\n<p>Backtrace:</p>\n<pre>#0 /internal/shared/sqlite-database-integration/wp-includes/sqlite/class-wp-sqlite-db.php(287): WP_SQLite_Translator->get_error_message()\n#1 /wordpress/wp-includes/class-wpdb.php(3146): WP_SQLite_DB->query('SELECT loader F...')\n#2 /wordpress/wp-content/plugins/coding-blocks/includes/class-coding-blocks-activator.php(50): wpdb->get_results('SELECT loader F...')\n#3 /wordpress/wp-content/plugins/coding-blocks/coding-blocks.php(49): Coding_Blocks_Activator::activate()\n#4 /wordpress/wp-includes/class-wp-hook.php(324): activate_coding_blocks(false)\n#5 /wordpress/wp-includes/class-wp-hook.php(348): WP_Hook->apply_filters('', Array)\n#6 /wordpress/wp-includes/plugin.php(517): WP_Hook->do_action(Array)\n#7 /wordpress/wp-admin/includes/plugin.php(703): do_action('activate_coding...', false)\n#8 /internal/eval.php(20): activate_plugin('coding-blocks/c...')\n#9 {main}</pre>\n for query SELECT loader FROM wp_coding_blocks made by activate_plugin, do_action('activate_coding-blocks/coding-blocks.php'), WP_Hook->do_action, WP_Hook->apply_filters, activate_coding_blocks, Coding_Blocks_Activator::activate, WP_SQLite_DB->query, WP_SQLite_DB->print_error","log":"/logs/plugins/c/concursos-tap/error.json"}
,
{"message":"SQLSTATE[HY000]: General error: 1 no such table: wp_coding_blocks_settings.","level":"FATAL","type":"SQL","test":"jspi-boot","plugin":"concursos-tap","details":"[17-Apr-2025 05:52:31 UTC] WordPress database error <div style=\"clear:both\">&nbsp;</div>\n<div class=\"queries\" style=\"clear:both;margin-bottom:2px;border:red dotted thin;\">\n<p>MySQL query:</p>\n<p>SELECT * FROM wp_coding_blocks_settings</p>\n<p>Queries made or created this session were:</p>\n<ol>\n<li>Executing: BEGIN | (no parameters)</li>\n<li>Executing: SELECT * FROM wp_coding_blocks_settings | (no parameters)</li>\n<li>Executing: ROLLBACK | (no parameters)</li>\n</ol>\n</div>\n<div style=\"clear:both;margin-bottom:2px;border:red dotted thin;\" class=\"error_message\" style=\"border-bottom:dotted blue thin;\">\nError occurred at line 4117 in Function <code>handle_error</code>. Error message was: SQLSTATE[HY000]: General error: 1 no such table: wp_coding_blocks_settings.\n</div>\n<p>Backtrace:</p>\n<pre>#0 /internal/shared/sqlite-database-integration/wp-includes/sqlite/class-wp-sqlite-db.php(287): WP_SQLite_Translator->get_error_message()\n#1 /wordpress/wp-includes/class-wpdb.php(3146): WP_SQLite_DB->query('SELECT * FROM w...')\n#2 /wordpress/wp-content/plugins/coding-blocks/includes/class-coding-blocks-activator.php(79): wpdb->get_results('SELECT * FROM w...')\n#3 /wordpress/wp-content/plugins/coding-blocks/coding-blocks.php(49): Coding_Blocks_Activator::activate()\n#4 /wordpress/wp-includes/class-wp-hook.php(324): activate_coding_blocks(false)\n#5 /wordpress/wp-includes/class-wp-hook.php(348): WP_Hook->apply_filters('', Array)\n#6 /wordpress/wp-includes/plugin.php(517): WP_Hook->do_action(Array)\n#7 /wordpress/wp-admin/includes/plugin.php(703): do_action('activate_coding...', false)\n#8 /internal/eval.php(20): activate_plugin('coding-blocks/c...')\n#9 {main}</pre>\n for query SELECT * FROM wp_coding_blocks_settings made by activate_plugin, do_action('activate_coding-blocks/coding-blocks.php'), WP_Hook->do_action, WP_Hook->apply_filters, activate_coding_blocks, Coding_Blocks_Activator::activate, WP_SQLite_DB->query, WP_SQLite_DB->print_error","log":"/logs/plugins/c/concursos-tap/error.json"}
,
{"message":"Function wpdb::prepare was called <strong>incorrectly</strong>. The query argument of wpdb::prepare() must have a placeholder. Please see <a href=\"https://developer.wordpress.org/advanced-administration/debug/debug-wordpress/\">Debugging in WordPress</a> for more information. (This message was added in version 3.9.0.) in /wordpress/wp-includes/functions.php on line 6121","level":"NOTICE","type":"PHP","test":"jspi-boot","plugin":"concursos-tap","details":"[17-Apr-2025 05:52:40 UTC] PHP Notice:  Function wpdb::prepare was called <strong>incorrectly</strong>. The query argument of wpdb::prepare() must have a placeholder. Please see <a href=\"https://developer.wordpress.org/advanced-administration/debug/debug-wordpress/\">Debugging in WordPress</a> for more information. (This message was added in version 3.9.0.) in /wordpress/wp-includes/functions.php on line 6121","log":"/logs/plugins/c/concursos-tap/error.json"}
,
{"message":"SQLSTATE[HY000]: General error: 1 no such table: wp_coding_blocks.","level":"FATAL","type":"SQL","test":"jspi-boot","plugin":"concursos-tap","details":"[17-Apr-2025 05:52:40 UTC] WordPress database error <div style=\"clear:both\">&nbsp;</div>\n<div class=\"queries\" style=\"clear:both;margin-bottom:2px;border:red dotted thin;\">\n<p>MySQL query:</p>\n<p>SELECT * FROM wp_coding_blocks</p>\n<p>Queries made or created this session were:</p>\n<ol>\n<li>Executing: BEGIN | (no parameters)</li>\n<li>Executing: SELECT * FROM wp_coding_blocks | (no parameters)</li>\n<li>Executing: ROLLBACK | (no parameters)</li>\n</ol>\n</div>\n<div style=\"clear:both;margin-bottom:2px;border:red dotted thin;\" class=\"error_message\" style=\"border-bottom:dotted blue thin;\">\nError occurred at line 4117 in Function <code>handle_error</code>. Error message was: SQLSTATE[HY000]: General error: 1 no such table: wp_coding_blocks.\n</div>\n<p>Backtrace:</p>\n<pre>#0 /internal/shared/sqlite-database-integration/wp-includes/sqlite/class-wp-sqlite-db.php(287): WP_SQLite_Translator->get_error_message()\n#1 /wordpress/wp-includes/class-wpdb.php(3146): WP_SQLite_DB->query('SELECT * FROM w...')\n#2 /wordpress/wp-content/plugins/coding-blocks/includes/class-coding-blocks-activator.php(44): wpdb->get_results('SELECT * FROM w...')\n#3 /wordpress/wp-content/plugins/coding-blocks/coding-blocks.php(49): Coding_Blocks_Activator::activate()\n#4 /wordpress/wp-includes/class-wp-hook.php(324): activate_coding_blocks(false)\n#5 /wordpress/wp-includes/class-wp-hook.php(348): WP_Hook->apply_filters('', Array)\n#6 /wordpress/wp-includes/plugin.php(517): WP_Hook->do_action(Array)\n#7 /wordpress/wp-admin/includes/plugin.php(703): do_action('activate_coding...', false)\n#8 /internal/eval.php(20): activate_plugin('coding-blocks/c...')\n#9 {main}</pre>\n for query SELECT * FROM wp_coding_blocks made by activate_plugin, do_action('activate_coding-blocks/coding-blocks.php'), WP_Hook->do_action, WP_Hook->apply_filters, activate_coding_blocks, Coding_Blocks_Activator::activate, WP_SQLite_DB->query, WP_SQLite_DB->print_error","log":"/logs/plugins/c/concursos-tap/error.json"}
,
{"message":"SQLSTATE[HY000]: General error: 1 no such table: wp_coding_blocks.","level":"FATAL","type":"SQL","test":"jspi-boot","plugin":"concursos-tap","details":"[17-Apr-2025 05:52:40 UTC] WordPress database error <div style=\"clear:both\">&nbsp;</div>\n<div class=\"queries\" style=\"clear:both;margin-bottom:2px;border:red dotted thin;\">\n<p>MySQL query:</p>\n<p>SELECT loader FROM wp_coding_blocks</p>\n<p>Queries made or created this session were:</p>\n<ol>\n<li>Executing: BEGIN | (no parameters)</li>\n<li>Executing: SELECT loader FROM wp_coding_blocks | (no parameters)</li>\n<li>Executing: ROLLBACK | (no parameters)</li>\n</ol>\n</div>\n<div style=\"clear:both;margin-bottom:2px;border:red dotted thin;\" class=\"error_message\" style=\"border-bottom:dotted blue thin;\">\nError occurred at line 4117 in Function <code>handle_error</code>. Error message was: SQLSTATE[HY000]: General error: 1 no such table: wp_coding_blocks.\n</div>\n<p>Backtrace:</p>\n<pre>#0 /internal/shared/sqlite-database-integration/wp-includes/sqlite/class-wp-sqlite-db.php(287): WP_SQLite_Translator->get_error_message()\n#1 /wordpress/wp-includes/class-wpdb.php(3146): WP_SQLite_DB->query('SELECT loader F...')\n#2 /wordpress/wp-content/plugins/coding-blocks/includes/class-coding-blocks-activator.php(50): wpdb->get_results('SELECT loader F...')\n#3 /wordpress/wp-content/plugins/coding-blocks/coding-blocks.php(49): Coding_Blocks_Activator::activate()\n#4 /wordpress/wp-includes/class-wp-hook.php(324): activate_coding_blocks(false)\n#5 /wordpress/wp-includes/class-wp-hook.php(348): WP_Hook->apply_filters('', Array)\n#6 /wordpress/wp-includes/plugin.php(517): WP_Hook->do_action(Array)\n#7 /wordpress/wp-admin/includes/plugin.php(703): do_action('activate_coding...', false)\n#8 /internal/eval.php(20): activate_plugin('coding-blocks/c...')\n#9 {main}</pre>\n for query SELECT loader FROM wp_coding_blocks made by activate_plugin, do_action('activate_coding-blocks/coding-blocks.php'), WP_Hook->do_action, WP_Hook->apply_filters, activate_coding_blocks, Coding_Blocks_Activator::activate, WP_SQLite_DB->query, WP_SQLite_DB->print_error","log":"/logs/plugins/c/concursos-tap/error.json"}
,
{"message":"SQLSTATE[HY000]: General error: 1 no such table: wp_coding_blocks_settings.","level":"FATAL","type":"SQL","test":"jspi-boot","plugin":"concursos-tap","details":"[17-Apr-2025 05:52:40 UTC] WordPress database error <div style=\"clear:both\">&nbsp;</div>\n<div class=\"queries\" style=\"clear:both;margin-bottom:2px;border:red dotted thin;\">\n<p>MySQL query:</p>\n<p>SELECT * FROM wp_coding_blocks_settings</p>\n<p>Queries made or created this session were:</p>\n<ol>\n<li>Executing: BEGIN | (no parameters)</li>\n<li>Executing: SELECT * FROM wp_coding_blocks_settings | (no parameters)</li>\n<li>Executing: ROLLBACK | (no parameters)</li>\n</ol>\n</div>\n<div style=\"clear:both;margin-bottom:2px;border:red dotted thin;\" class=\"error_message\" style=\"border-bottom:dotted blue thin;\">\nError occurred at line 4117 in Function <code>handle_error</code>. Error message was: SQLSTATE[HY000]: General error: 1 no such table: wp_coding_blocks_settings.\n</div>\n<p>Backtrace:</p>\n<pre>#0 /internal/shared/sqlite-database-integration/wp-includes/sqlite/class-wp-sqlite-db.php(287): WP_SQLite_Translator->get_error_message()\n#1 /wordpress/wp-includes/class-wpdb.php(3146): WP_SQLite_DB->query('SELECT * FROM w...')\n#2 /wordpress/wp-content/plugins/coding-blocks/includes/class-coding-blocks-activator.php(79): wpdb->get_results('SELECT * FROM w...')\n#3 /wordpress/wp-content/plugins/coding-blocks/coding-blocks.php(49): Coding_Blocks_Activator::activate()\n#4 /wordpress/wp-includes/class-wp-hook.php(324): activate_coding_blocks(false)\n#5 /wordpress/wp-includes/class-wp-hook.php(348): WP_Hook->apply_filters('', Array)\n#6 /wordpress/wp-includes/plugin.php(517): WP_Hook->do_action(Array)\n#7 /wordpress/wp-admin/includes/plugin.php(703): do_action('activate_coding...', false)\n#8 /internal/eval.php(20): activate_plugin('coding-blocks/c...')\n#9 {main}</pre>\n for query SELECT * FROM wp_coding_blocks_settings made by activate_plugin, do_action('activate_coding-blocks/coding-blocks.php'), WP_Hook->do_action, WP_Hook->apply_filters, activate_coding_blocks, Coding_Blocks_Activator::activate, WP_SQLite_DB->query, WP_SQLite_DB->print_error","log":"/logs/plugins/c/concursos-tap/error.json"}
,
{"message":"Uncaught Exception: No public or secret key given in /wordpress/wp-content/plugins/concursos-tap/public/class-concursos-tap.php:372","level":"FATAL","type":"PHP","test":"jspi-boot","plugin":"concursos-tap","details":"[17-Apr-2025 05:54:10 UTC] PHP Fatal error:  Uncaught Exception: No public or secret key given in /wordpress/wp-content/plugins/concursos-tap/public/class-concursos-tap.php:372\nStack trace:\n#0 /wordpress/wp-content/plugins/concursos-tap/public/class-concursos-tap.php(327): Concursos_TAP->get_oauth_access_token()\n#1 /wordpress/wp-content/plugins/concursos-tap/public/class-concursos-tap.php(256): Concursos_TAP->remote_sync()\n#2 /wordpress/wp-content/plugins/concursos-tap/public/class-concursos-tap.php(161): Concursos_TAP::single_activate()\n#3 /wordpress/wp-includes/class-wp-hook.php(324): Concursos_TAP::activate(false)\n#4 /wordpress/wp-includes/class-wp-hook.php(348): WP_Hook->apply_filters('', Array)\n#5 /wordpress/wp-includes/plugin.php(517): WP_Hook->do_action(Array)\n#6 /wordpress/wp-admin/includes/plugin.php(703): do_action('activate_concur...', false)\n#7 /internal/eval.php(20): activate_plugin('concursos-tap/c...')\n#8 {main}\n  thrown in /wordpress/wp-content/plugins/concursos-tap/public/class-concursos-tap.php on line 372","log":"/logs/plugins/c/concursos-tap/error.json"}
,
{"message":"Uncaught Exception: No public or secret key given in /wordpress/wp-content/plugins/concursos-tap/public/class-concursos-tap.php:372","level":"FATAL","type":"PHP","test":"jspi-boot","plugin":"concursos-tap","details":"[17-Apr-2025 05:54:18 UTC] PHP Fatal error:  Uncaught Exception: No public or secret key given in /wordpress/wp-content/plugins/concursos-tap/public/class-concursos-tap.php:372\nStack trace:\n#0 /wordpress/wp-content/plugins/concursos-tap/public/class-concursos-tap.php(327): Concursos_TAP->get_oauth_access_token()\n#1 /wordpress/wp-content/plugins/concursos-tap/public/class-concursos-tap.php(256): Concursos_TAP->remote_sync()\n#2 /wordpress/wp-content/plugins/concursos-tap/public/class-concursos-tap.php(161): Concursos_TAP::single_activate()\n#3 /wordpress/wp-includes/class-wp-hook.php(324): Concursos_TAP::activate(false)\n#4 /wordpress/wp-includes/class-wp-hook.php(348): WP_Hook->apply_filters('', Array)\n#5 /wordpress/wp-includes/plugin.php(517): WP_Hook->do_action(Array)\n#6 /wordpress/wp-admin/includes/plugin.php(703): do_action('activate_concur...', false)\n#7 /internal/eval.php(20): activate_plugin('concursos-tap/c...')\n#8 {main}\n  thrown in /wordpress/wp-content/plugins/concursos-tap/public/class-concursos-tap.php on line 372","log":"/logs/plugins/c/concursos-tap/error.json"}
,
{"message":"Uncaught Exception: No public or secret key given in /wordpress/wp-content/plugins/concursos-tap/public/class-concursos-tap.php:372","level":"FATAL","type":"PHP","test":"jspi-boot","plugin":"concursos-tap","details":"[17-Apr-2025 05:54:26 UTC] PHP Fatal error:  Uncaught Exception: No public or secret key given in /wordpress/wp-content/plugins/concursos-tap/public/class-concursos-tap.php:372\nStack trace:\n#0 /wordpress/wp-content/plugins/concursos-tap/public/class-concursos-tap.php(327): Concursos_TAP->get_oauth_access_token()\n#1 /wordpress/wp-content/plugins/concursos-tap/public/class-concursos-tap.php(256): Concursos_TAP->remote_sync()\n#2 /wordpress/wp-content/plugins/concursos-tap/public/class-concursos-tap.php(161): Concursos_TAP::single_activate()\n#3 /wordpress/wp-includes/class-wp-hook.php(324): Concursos_TAP::activate(false)\n#4 /wordpress/wp-includes/class-wp-hook.php(348): WP_Hook->apply_filters('', Array)\n#5 /wordpress/wp-includes/plugin.php(517): WP_Hook->do_action(Array)\n#6 /wordpress/wp-admin/includes/plugin.php(703): do_action('activate_concur...', false)\n#7 /internal/eval.php(20): activate_plugin('concursos-tap/c...')\n#8 {main}\n  thrown in /wordpress/wp-content/plugins/concursos-tap/public/class-concursos-tap.php on line 372\n\n    at Object.onBind (file:///home/runner/work/playground-tester/playground-tester/node_modules/@wp-playground/cli/index.js:237:15)\n    at process.processTicksAndRejections (node:internal/process/task_queues:105:5)\n    at async V (file:///home/runner/work/playground-tester/playground-tester/node_modules/@wp-playground/cli/index.js:64:10)\n    at async ja (file:///home/runner/work/playground-tester/playground-tester/node_modules/@wp-playground/cli/cli.js:8161:12) {\n  [cause]: Error: Error when executing the blueprint step #1 ({\"step\":\"installPlugin\",\"pluginData\":{\"resource\":\"wordpress.org/plugins\",\"slug\":\"concursos-tap\"},\"options\":{\"activate\":true}}) : PHP.run() failed with exit code 255 and the following output: \n      at Object.run (file:///home/runner/work/playground-tester/playground-tester/node_modules/@wp-playground/blueprints/index.js:12449:19)\n      at process.processTicksAndRejections (node:internal/process/task_queues:105:5)\n      at async ms (file:///home/runner/work/playground-tester/playground-tester/node_modules/@wp-playground/blueprints/index.js:12552:3)\n      ... 2 lines matching cause stack trace ...\n      at async ja (file:///home/runner/work/playground-tester/playground-tester/node_modules/@wp-playground/cli/cli.js:8161:12) {\n    [cause]: PHPExecutionFailureError: PHP.run() failed with exit code 255 and the following output: \n        at PHP.run (file:///home/runner/work/playground-tester/playground-tester/node_modules/@php-wasm/universal/index.js:987:19)\n        at process.processTicksAndRejections (node:internal/process/task_queues:105:5)\n        at async wr (file:///home/runner/work/playground-tester/playground-tester/node_modules/@wp-playground/blueprints/index.js:33:39)\n        at async Object.gt [as installPlugin] (file:///home/runner/work/playground-tester/playground-tester/node_modules/@wp-playground/blueprints/index.js:974:42)\n        at async g (file:///home/runner/work/playground-tester/playground-tester/node_modules/@wp-playground/blueprints/index.js:12517:30)\n        at async Object.run (file:///home/runner/work/playground-tester/playground-tester/node_modules/@wp-playground/blueprints/index.js:12446:23)\n        at async ms (file:///home/runner/work/playground-tester/playground-tester/node_modules/@wp-playground/blueprints/index.js:12552:3)\n        at async Object.onBind (file:///home/runner/work/playground-tester/playground-tester/node_modules/@wp-playground/cli/index.js:227:48)\n        at async V (file:///home/runner/work/playground-tester/playground-tester/node_modules/@wp-playground/cli/index.js:64:10)\n        at async ja (file:///home/runner/work/playground-tester/playground-tester/node_modules/@wp-playground/cli/cli.js:8161:12) {\n      response: PHPResponse {\n        httpStatusCode: 500,\n        headers: {\n          'x-powered-by': [ 'PHP/8.0.30-dev' ],\n          'set-cookie': [ 'PHPSESSID=738ad9b657eeb7c3a737fea8273581b3; path=/' ],\n          expires: [ 'Thu, 19 Nov 1981 08:52:00 GMT' ],\n          'cache-control': [ 'no-store, no-cache, must-revalidate' ],\n          pragma: [ 'no-cache' ],\n          'content-type': [ 'text/html; charset=UTF-8' ]\n        },\n        bytes: Uint8Array(0) [],\n        exitCode: 255,\n        errors: ''\n      },\n      source: 'request'\n    }\n  }\n}\n\n","log":"/logs/plugins/c/concursos-tap/error.json"}
]
