file:///home/runner/work/playground-tester/playground-tester/node_modules/@wp-playground/cli/run-cli-j-geJYS3.js:325
        throw new Error($, { cause: h });
              ^

Error: [05-Jun-2025 07:50:31 UTC] PHP Deprecated:  Function register_sidebar_widget is <strong>deprecated</strong> since version 2.8.0! Use wp_register_sidebar_widget() instead. in /wordpress/wp-includes/functions.php on line 6121
[05-Jun-2025 07:50:31 UTC] PHP Deprecated:  Function register_widget_control is <strong>deprecated</strong> since version 2.8.0! Use wp_register_widget_control() instead. in /wordpress/wp-includes/functions.php on line 6121
[05-Jun-2025 07:50:41 UTC] PHP Deprecated:  Function register_sidebar_widget is <strong>deprecated</strong> since version 2.8.0! Use wp_register_sidebar_widget() instead. in /wordpress/wp-includes/functions.php on line 6121
[05-Jun-2025 07:50:41 UTC] PHP Deprecated:  Function register_widget_control is <strong>deprecated</strong> since version 2.8.0! Use wp_register_widget_control() instead. in /wordpress/wp-includes/functions.php on line 6121
[05-Jun-2025 07:50:50 UTC] PHP Deprecated:  Function register_sidebar_widget is <strong>deprecated</strong> since version 2.8.0! Use wp_register_sidebar_widget() instead. in /wordpress/wp-includes/functions.php on line 6121
[05-Jun-2025 07:50:50 UTC] PHP Deprecated:  Function register_widget_control is <strong>deprecated</strong> since version 2.8.0! Use wp_register_widget_control() instead. in /wordpress/wp-includes/functions.php on line 6121
[05-Jun-2025 07:51:01 UTC] PHP Fatal error:  Uncaught TypeError: sizeof(): Argument #1 ($value) must be of type Countable|array, null given in /wordpress/wp-content/plugins/10centmail-subscription-management-and-analytics/TenCentDao.php:573
Stack trace:
#0 /wordpress/wp-content/plugins/10centmail-subscription-management-and-analytics/TenCentDao.php(511): TenCentDao::settingExists('tencentmail_key')
#1 /wordpress/wp-content/plugins/10centmail-subscription-management-and-analytics/TenCent.php(133): TenCentDao::addSetting('tencentmail_key', '')
#2 /wordpress/wp-includes/class-wp-hook.php(324): tencentmail_setup_database('')
#3 /wordpress/wp-includes/class-wp-hook.php(348): WP_Hook->apply_filters(NULL, Array)
#4 /wordpress/wp-includes/plugin.php(517): WP_Hook->do_action(Array)
#5 /wordpress/wp-settings.php(578): do_action('plugins_loaded')
#6 /wordpress/wp-config.php(102): require_once('/wordpress/wp-s...')
#7 /wordpress/wp-load.php(50): require_once('/wordpress/wp-c...')
#8 /internal/eval.php(3): require_once('/wordpress/wp-l...')
#9 {main}
  thrown in /wordpress/wp-content/plugins/10centmail-subscription-management-and-analytics/TenCentDao.php on line 573
[05-Jun-2025 07:51:09 UTC] PHP Fatal error:  Uncaught TypeError: sizeof(): Argument #1 ($value) must be of type Countable|array, null given in /wordpress/wp-content/plugins/10centmail-subscription-management-and-analytics/TenCentDao.php:573
Stack trace:
#0 /wordpress/wp-content/plugins/10centmail-subscription-management-and-analytics/TenCentDao.php(511): TenCentDao::settingExists('tencentmail_key')
#1 /wordpress/wp-content/plugins/10centmail-subscription-management-and-analytics/TenCent.php(133): TenCentDao::addSetting('tencentmail_key', '')
#2 /wordpress/wp-includes/class-wp-hook.php(324): tencentmail_setup_database('')
#3 /wordpress/wp-includes/class-wp-hook.php(348): WP_Hook->apply_filters(NULL, Array)
#4 /wordpress/wp-includes/plugin.php(517): WP_Hook->do_action(Array)
#5 /wordpress/wp-settings.php(578): do_action('plugins_loaded')
#6 /wordpress/wp-config.php(102): require_once('/wordpress/wp-s...')
#7 /wordpress/wp-load.php(50): require_once('/wordpress/wp-c...')
#8 /internal/eval.php(3): require_once('/wordpress/wp-l...')
#9 {main}
  thrown in /wordpress/wp-content/plugins/10centmail-subscription-management-and-analytics/TenCentDao.php on line 573
[05-Jun-2025 07:51:17 UTC] PHP Fatal error:  Uncaught TypeError: sizeof(): Argument #1 ($value) must be of type Countable|array, null given in /wordpress/wp-content/plugins/10centmail-subscription-management-and-analytics/TenCentDao.php:573
Stack trace:
#0 /wordpress/wp-content/plugins/10centmail-subscription-management-and-analytics/TenCentDao.php(511): TenCentDao::settingExists('tencentmail_key')
#1 /wordpress/wp-content/plugins/10centmail-subscription-management-and-analytics/TenCent.php(133): TenCentDao::addSetting('tencentmail_key', '')
#2 /wordpress/wp-includes/class-wp-hook.php(324): tencentmail_setup_database('')
#3 /wordpress/wp-includes/class-wp-hook.php(348): WP_Hook->apply_filters(NULL, Array)
#4 /wordpress/wp-includes/plugin.php(517): WP_Hook->do_action(Array)
#5 /wordpress/wp-settings.php(578): do_action('plugins_loaded')
#6 /wordpress/wp-config.php(102): require_once('/wordpress/wp-s...')
#7 /wordpress/wp-load.php(50): require_once('/wordpress/wp-c...')
#8 /internal/eval.php(3): require_once('/wordpress/wp-l...')
#9 {main}
  thrown in /wordpress/wp-content/plugins/10centmail-subscription-management-and-analytics/TenCentDao.php on line 573
[05-Jun-2025 07:51:25 UTC] PHP Parse error:  Unterminated comment starting line 127 in /wordpress/wp-content/plugins/112-alarmeringen/alarmeringen.php on line 127
[05-Jun-2025 07:51:33 UTC] PHP Parse error:  Unterminated comment starting line 127 in /wordpress/wp-content/plugins/112-alarmeringen/alarmeringen.php on line 127
[05-Jun-2025 07:51:41 UTC] PHP Parse error:  Unterminated comment starting line 127 in /wordpress/wp-content/plugins/112-alarmeringen/alarmeringen.php on line 127
[05-Jun-2025 07:53:17 UTC] PHP Notice:  Function _load_textdomain_just_in_time was called <strong>incorrectly</strong>. Translation loading for the <code>123rf</code> domain was triggered too early. This is usually an indicator for some code in the plugin or theme running too early. Translations should be loaded at the <code>init</code> action or later. Please see <a href="https://developer.wordpress.org/advanced-administration/debug/debug-wordpress/">Debugging in WordPress</a> for more information. (This message was added in version 6.7.0.) in /wordpress/wp-includes/functions.php on line 6121
[05-Jun-2025 07:53:27 UTC] PHP Notice:  Function _load_textdomain_just_in_time was called <strong>incorrectly</strong>. Translation loading for the <code>123rf</code> domain was triggered too early. This is usually an indicator for some code in the plugin or theme running too early. Translations should be loaded at the <code>init</code> action or later. Please see <a href="https://developer.wordpress.org/advanced-administration/debug/debug-wordpress/">Debugging in WordPress</a> for more information. (This message was added in version 6.7.0.) in /wordpress/wp-includes/functions.php on line 6121
[05-Jun-2025 07:53:36 UTC] PHP Notice:  Function _load_textdomain_just_in_time was called <strong>incorrectly</strong>. Translation loading for the <code>123rf</code> domain was triggered too early. This is usually an indicator for some code in the plugin or theme running too early. Translations should be loaded at the <code>init</code> action or later. Please see <a href="https://developer.wordpress.org/advanced-administration/debug/debug-wordpress/">Debugging in WordPress</a> for more information. (This message was added in version 6.7.0.) in /wordpress/wp-includes/functions.php on line 6121
[05-Jun-2025 07:57:09 UTC] PHP Fatal error:  Uncaught PDOException: SQLSTATE[HY000] [2002] Address family not supported by protocol in /wordpress/wp-content/plugins/bots-master/vendor/webxid/edmo/src/DB/Query.php:108
Stack trace:
#0 /wordpress/wp-content/plugins/bots-master/vendor/webxid/edmo/src/DB/Query.php(108): PDO->__construct('mysql:host=loca...', 'username_here', 'password_here', Array)
#1 /wordpress/wp-content/plugins/bots-master/vendor/webxid/edmo/src/DB.php(128): WebXID\EDMo\DB\Query::init('default', Array, false)
#2 /wordpress/wp-content/plugins/bots-master/vendor/webxid/edmo/src/DB.php(186): WebXID\EDMo\DB::connect()
#3 /wordpress/wp-content/plugins/bots-master/app/BotsMaster.php(147): WebXID\EDMo\DB::query('\n            CR...')
#4 /wordpress/wp-includes/class-wp-hook.php(324): WebXID\BotsMaster\BotsMaster->pluginActivation(false)
#5 /wordpress/wp-includes/class-wp-hook.php(348): WP_Hook->apply_filters('', Array)
#6 /wordpress/wp-includes/plugin.php(517): WP_Hook->do_action(Array)
#7 /wordpress/wp-admin/includes/plugin.php(703): do_action(' in /wordpress/wp-content/plugins/bots-master/vendor/webxid/edmo/src/DB/Query.php on line 108
[05-Jun-2025 07:57:19 UTC] PHP Fatal error:  Uncaught PDOException: SQLSTATE[HY000] [2002] Address family not supported by protocol in /wordpress/wp-content/plugins/bots-master/vendor/webxid/edmo/src/DB/Query.php:108
Stack trace:
#0 /wordpress/wp-content/plugins/bots-master/vendor/webxid/edmo/src/DB/Query.php(108): PDO->__construct('mysql:host=loca...', 'username_here', 'password_here', Array)
#1 /wordpress/wp-content/plugins/bots-master/vendor/webxid/edmo/src/DB.php(128): WebXID\EDMo\DB\Query::init('default', Array, false)
#2 /wordpress/wp-content/plugins/bots-master/vendor/webxid/edmo/src/DB.php(186): WebXID\EDMo\DB::connect()
#3 /wordpress/wp-content/plugins/bots-master/app/BotsMaster.php(147): WebXID\EDMo\DB::query('\n            CR...')
#4 /wordpress/wp-includes/class-wp-hook.php(324): WebXID\BotsMaster\BotsMaster->pluginActivation(false)
#5 /wordpress/wp-includes/class-wp-hook.php(348): WP_Hook->apply_filters('', Array)
#6 /wordpress/wp-includes/plugin.php(517): WP_Hook->do_action(Array)
#7 /wordpress/wp-admin/includes/plugin.php(703): do_action(' in /wordpress/wp-content/plugins/bots-master/vendor/webxid/edmo/src/DB/Query.php on line 108
[05-Jun-2025 07:57:29 UTC] PHP Fatal error:  Uncaught PDOException: SQLSTATE[HY000] [2002] Address family not supported by protocol in /wordpress/wp-content/plugins/bots-master/vendor/webxid/edmo/src/DB/Query.php:108
Stack trace:
#0 /wordpress/wp-content/plugins/bots-master/vendor/webxid/edmo/src/DB/Query.php(108): PDO->__construct('mysql:host=loca...', 'username_here', 'password_here', Array)
#1 /wordpress/wp-content/plugins/bots-master/vendor/webxid/edmo/src/DB.php(128): WebXID\EDMo\DB\Query::init('default', Array, false)
#2 /wordpress/wp-content/plugins/bots-master/vendor/webxid/edmo/src/DB.php(186): WebXID\EDMo\DB::connect()
#3 /wordpress/wp-content/plugins/bots-master/app/BotsMaster.php(147): WebXID\EDMo\DB::query('\n            CR...')
#4 /wordpress/wp-includes/class-wp-hook.php(324): WebXID\BotsMaster\BotsMaster->pluginActivation(false)
#5 /wordpress/wp-includes/class-wp-hook.php(348): WP_Hook->apply_filters('', Array)
#6 /wordpress/wp-includes/plugin.php(517): WP_Hook->do_action(Array)
#7 /wordpress/wp-admin/includes/plugin.php(703): do_action(' in /wordpress/wp-content/plugins/bots-master/vendor/webxid/edmo/src/DB/Query.php on line 108
[05-Jun-2025 07:57:39 UTC] PHP Fatal error:  Uncaught Error: Call to undefined function bp_create_event_version_check() in /wordpress/wp-content/plugins/bp-create-event/bp-create-events.php:58
Stack trace:
#0 /wordpress/wp-includes/class-wp-hook.php(324): bp_create_event_activation(false)
#1 /wordpress/wp-includes/class-wp-hook.php(348): WP_Hook->apply_filters('', Array)
#2 /wordpress/wp-includes/plugin.php(517): WP_Hook->do_action(Array)
#3 /wordpress/wp-admin/includes/plugin.php(703): do_action('activate_bp-cre...', false)
#4 /internal/eval.php(20): activate_plugin('bp-create-event...')
#5 {main}
  thrown in /wordpress/wp-content/plugins/bp-create-event/bp-create-events.php on line 58
[05-Jun-2025 07:57:47 UTC] PHP Fatal error:  Uncaught Error: Call to undefined function bp_create_event_version_check() in /wordpress/wp-content/plugins/bp-create-event/bp-create-events.php:58
Stack trace:
#0 /wordpress/wp-includes/class-wp-hook.php(324): bp_create_event_activation(false)
#1 /wordpress/wp-includes/class-wp-hook.php(348): WP_Hook->apply_filters('', Array)
#2 /wordpress/wp-includes/plugin.php(517): WP_Hook->do_action(Array)
#3 /wordpress/wp-admin/includes/plugin.php(703): do_action('activate_bp-cre...', false)
#4 /internal/eval.php(20): activate_plugin('bp-create-event...')
#5 {main}
  thrown in /wordpress/wp-content/plugins/bp-create-event/bp-create-events.php on line 58
[05-Jun-2025 07:57:56 UTC] PHP Fatal error:  Uncaught Error: Call to undefined function bp_create_event_version_check() in /wordpress/wp-content/plugins/bp-create-event/bp-create-events.php:58
Stack trace:
#0 /wordpress/wp-includes/class-wp-hook.php(324): bp_create_event_activation(false)
#1 /wordpress/wp-includes/class-wp-hook.php(348): WP_Hook->apply_filters('', Array)
#2 /wordpress/wp-includes/plugin.php(517): WP_Hook->do_action(Array)
#3 /wordpress/wp-admin/includes/plugin.php(703): do_action('activate_bp-cre...', false)
#4 /internal/eval.php(20): activate_plugin('bp-create-event...')
#5 {main}
  thrown in /wordpress/wp-content/plugins/bp-create-event/bp-create-events.php on line 58

    at Object.onBind (file:///home/runner/work/playground-tester/playground-tester/node_modules/@wp-playground/cli/run-cli-j-geJYS3.js:325:15)
    at process.processTicksAndRejections (node:internal/process/task_queues:105:5)
    at async re (file:///home/runner/work/playground-tester/playground-tester/node_modules/@wp-playground/cli/run-cli-j-geJYS3.js:149:10) {
  [cause]: Error: Error when executing the blueprint step #1 ({"step":"installPlugin","pluginData":{"resource":"wordpress.org/plugins","slug":"bp-create-event"},"options":{"activate":true}}) : PHP.run() failed with exit code 255 and the following output: 
      at Object.run (file:///home/runner/work/playground-tester/playground-tester/node_modules/@wp-playground/blueprints/index.js:12093:19)
      at process.processTicksAndRejections (node:internal/process/task_queues:105:5)
      at async ys (file:///home/runner/work/playground-tester/playground-tester/node_modules/@wp-playground/blueprints/index.js:12196:3)
      at async Object.onBind (file:///home/runner/work/playground-tester/playground-tester/node_modules/@wp-playground/cli/run-cli-j-geJYS3.js:315:48)
      at async re (file:///home/runner/work/playground-tester/playground-tester/node_modules/@wp-playground/cli/run-cli-j-geJYS3.js:149:10) {
    [cause]: PHPExecutionFailureError: PHP.run() failed with exit code 255 and the following output: 
        at PHP.run (file:///home/runner/work/playground-tester/playground-tester/node_modules/@php-wasm/universal/index.js:1034:19)
        at process.processTicksAndRejections (node:internal/process/task_queues:105:5)
        at async wr (file:///home/runner/work/playground-tester/playground-tester/node_modules/@wp-playground/blueprints/index.js:34:39)
        at async Object.gt [as installPlugin] (file:///home/runner/work/playground-tester/playground-tester/node_modules/@wp-playground/blueprints/index.js:631:42)
        at async g (file:///home/runner/work/playground-tester/playground-tester/node_modules/@wp-playground/blueprints/index.js:12161:30)
        at async Object.run (file:///home/runner/work/playground-tester/playground-tester/node_modules/@wp-playground/blueprints/index.js:12090:23)
        at async ys (file:///home/runner/work/playground-tester/playground-tester/node_modules/@wp-playground/blueprints/index.js:12196:3)
        at async Object.onBind (file:///home/runner/work/playground-tester/playground-tester/node_modules/@wp-playground/cli/run-cli-j-geJYS3.js:315:48)
        at async re (file:///home/runner/work/playground-tester/playground-tester/node_modules/@wp-playground/cli/run-cli-j-geJYS3.js:149:10) {
      response: PHPResponse {
        httpStatusCode: 500,
        headers: {
          'x-powered-by': [ 'PHP/8.0.30-dev' ],
          'content-type': [ 'text/html; charset=UTF-8' ]
        },
        bytes: Uint8Array(0) [],
        exitCode: 255,
        errors: ''
      },
      source: 'request'
    }
  }
}

Node.js v23.11.0
