file:///home/runner/work/playground-tester/playground-tester/node_modules/@wp-playground/cli/index.js:237
        throw new Error(y, { cause: u });
              ^

Error: [23-May-2025 17:24:59 UTC] PHP Warning:  Undefined variable $wp_error in /wordpress/wp-content/plugins/simple-popups/public/class-social-popup.php on line 295
[23-May-2025 17:25:09 UTC] PHP Warning:  Undefined variable $wp_error in /wordpress/wp-content/plugins/simple-popups/public/class-social-popup.php on line 295
[23-May-2025 17:25:18 UTC] PHP Warning:  Undefined variable $wp_error in /wordpress/wp-content/plugins/simple-popups/public/class-social-popup.php on line 295
[23-May-2025 17:26:35 UTC] PHP Fatal error:  Unparenthesized `a ? b : c ? d : e` is not supported. Use either `(a ? b : c) ? d : e` or `a ? b : (c ? d : e)` in /wordpress/wp-content/plugins/social-media-trifecta/admin_menus/classes/class-trifecta-instagram.php on line 100
[23-May-2025 17:26:42 UTC] PHP Fatal error:  Unparenthesized `a ? b : c ? d : e` is not supported. Use either `(a ? b : c) ? d : e` or `a ? b : (c ? d : e)` in /wordpress/wp-content/plugins/social-media-trifecta/admin_menus/classes/class-trifecta-instagram.php on line 100
[23-May-2025 17:26:49 UTC] PHP Fatal error:  Unparenthesized `a ? b : c ? d : e` is not supported. Use either `(a ? b : c) ? d : e` or `a ? b : (c ? d : e)` in /wordpress/wp-content/plugins/social-media-trifecta/admin_menus/classes/class-trifecta-instagram.php on line 100
[23-May-2025 17:28:43 UTC] PHP Warning:  Undefined variable $wpdb in /wordpress/wp-content/plugins/springest-partners/springest.php on line 29
[23-May-2025 17:28:43 UTC] PHP Warning:  Attempt to read property "prefix" on null in /wordpress/wp-content/plugins/springest-partners/springest.php on line 29
[23-May-2025 17:28:43 UTC] PHP Fatal error:  Uncaught Error: Attempt to assign property "springest_groups" on null in /wordpress/wp-content/plugins/springest-partners/springest.php:29
Stack trace:
#0 /wordpress/wp-admin/includes/plugin.php(2387): include_once()
#1 /wordpress/wp-admin/includes/plugin.php(673): plugin_sandbox_scrape('springest-partn...')
#2 /internal/eval.php(20): activate_plugin('springest-partn...')
#3 {main}
  thrown in /wordpress/wp-content/plugins/springest-partners/springest.php on line 29
[23-May-2025 17:28:50 UTC] PHP Warning:  Undefined variable $wpdb in /wordpress/wp-content/plugins/springest-partners/springest.php on line 29
[23-May-2025 17:28:50 UTC] PHP Warning:  Attempt to read property "prefix" on null in /wordpress/wp-content/plugins/springest-partners/springest.php on line 29
[23-May-2025 17:28:50 UTC] PHP Fatal error:  Uncaught Error: Attempt to assign property "springest_groups" on null in /wordpress/wp-content/plugins/springest-partners/springest.php:29
Stack trace:
#0 /wordpress/wp-admin/includes/plugin.php(2387): include_once()
#1 /wordpress/wp-admin/includes/plugin.php(673): plugin_sandbox_scrape('springest-partn...')
#2 /internal/eval.php(20): activate_plugin('springest-partn...')
#3 {main}
  thrown in /wordpress/wp-content/plugins/springest-partners/springest.php on line 29
[23-May-2025 17:28:58 UTC] PHP Warning:  Undefined variable $wpdb in /wordpress/wp-content/plugins/springest-partners/springest.php on line 29
[23-May-2025 17:28:58 UTC] PHP Warning:  Attempt to read property "prefix" on null in /wordpress/wp-content/plugins/springest-partners/springest.php on line 29
[23-May-2025 17:28:58 UTC] PHP Fatal error:  Uncaught Error: Attempt to assign property "springest_groups" on null in /wordpress/wp-content/plugins/springest-partners/springest.php:29
Stack trace:
#0 /wordpress/wp-admin/includes/plugin.php(2387): include_once()
#1 /wordpress/wp-admin/includes/plugin.php(673): plugin_sandbox_scrape('springest-partn...')
#2 /internal/eval.php(20): activate_plugin('springest-partn...')
#3 {main}
  thrown in /wordpress/wp-content/plugins/springest-partners/springest.php on line 29
[23-May-2025 17:30:28 UTC] PHP Notice:  Function _load_textdomain_just_in_time was called <strong>incorrectly</strong>. Translation loading for the <code>scroll-progress</code> domain was triggered too early. This is usually an indicator for some code in the plugin or theme running too early. Translations should be loaded at the <code>init</code> action or later. Please see <a href="https://developer.wordpress.org/advanced-administration/debug/debug-wordpress/">Debugging in WordPress</a> for more information. (This message was added in version 6.7.0.) in /wordpress/wp-includes/functions.php on line 6121
[23-May-2025 17:30:28 UTC] PHP Deprecated:  Required parameter $data_to_save follows optional parameter $object_id in /wordpress/wp-content/plugins/scroll-progress-bar/lib/CMB2/includes/CMB2.php on line 423
[23-May-2025 17:30:38 UTC] PHP Notice:  Function _load_textdomain_just_in_time was called <strong>incorrectly</strong>. Translation loading for the <code>scroll-progress</code> domain was triggered too early. This is usually an indicator for some code in the plugin or theme running too early. Translations should be loaded at the <code>init</code> action or later. Please see <a href="https://developer.wordpress.org/advanced-administration/debug/debug-wordpress/">Debugging in WordPress</a> for more information. (This message was added in version 6.7.0.) in /wordpress/wp-includes/functions.php on line 6121
[23-May-2025 17:30:38 UTC] PHP Deprecated:  Required parameter $data_to_save follows optional parameter $object_id in /wordpress/wp-content/plugins/scroll-progress-bar/lib/CMB2/includes/CMB2.php on line 423
[23-May-2025 17:30:47 UTC] PHP Notice:  Function _load_textdomain_just_in_time was called <strong>incorrectly</strong>. Translation loading for the <code>scroll-progress</code> domain was triggered too early. This is usually an indicator for some code in the plugin or theme running too early. Translations should be loaded at the <code>init</code> action or later. Please see <a href="https://developer.wordpress.org/advanced-administration/debug/debug-wordpress/">Debugging in WordPress</a> for more information. (This message was added in version 6.7.0.) in /wordpress/wp-includes/functions.php on line 6121
[23-May-2025 17:30:47 UTC] PHP Deprecated:  Required parameter $data_to_save follows optional parameter $object_id in /wordpress/wp-content/plugins/scroll-progress-bar/lib/CMB2/includes/CMB2.php on line 423
[23-May-2025 17:30:57 UTC] PHP Notice:  Function _load_textdomain_just_in_time was called <strong>incorrectly</strong>. Translation loading for the <code>sd-konami-code</code> domain was triggered too early. This is usually an indicator for some code in the plugin or theme running too early. Translations should be loaded at the <code>init</code> action or later. Please see <a href="https://developer.wordpress.org/advanced-administration/debug/debug-wordpress/">Debugging in WordPress</a> for more information. (This message was added in version 6.7.0.) in /wordpress/wp-includes/functions.php on line 6121
[23-May-2025 17:31:06 UTC] PHP Notice:  Function _load_textdomain_just_in_time was called <strong>incorrectly</strong>. Translation loading for the <code>sd-konami-code</code> domain was triggered too early. This is usually an indicator for some code in the plugin or theme running too early. Translations should be loaded at the <code>init</code> action or later. Please see <a href="https://developer.wordpress.org/advanced-administration/debug/debug-wordpress/">Debugging in WordPress</a> for more information. (This message was added in version 6.7.0.) in /wordpress/wp-includes/functions.php on line 6121
[23-May-2025 17:31:15 UTC] PHP Notice:  Function _load_textdomain_just_in_time was called <strong>incorrectly</strong>. Translation loading for the <code>sd-konami-code</code> domain was triggered too early. This is usually an indicator for some code in the plugin or theme running too early. Translations should be loaded at the <code>init</code> action or later. Please see <a href="https://developer.wordpress.org/advanced-administration/debug/debug-wordpress/">Debugging in WordPress</a> for more information. (This message was added in version 6.7.0.) in /wordpress/wp-includes/functions.php on line 6121
[23-May-2025 17:31:51 UTC] PHP Fatal error:  Uncaught Error: Non-static method SCRM_CSV::init() cannot be called statically in /wordpress/wp-content/plugins/simple-crm-csv-import/simple-crm-csv-import.php:24
Stack trace:
#0 /wordpress/wp-admin/includes/plugin.php(2387): include_once()
#1 /wordpress/wp-admin/includes/plugin.php(673): plugin_sandbox_scrape('simple-crm-csv-...')
#2 /internal/eval.php(20): activate_plugin('simple-crm-csv-...')
#3 {main}
  thrown in /wordpress/wp-content/plugins/simple-crm-csv-import/simple-crm-csv-import.php on line 24
[23-May-2025 17:31:59 UTC] PHP Fatal error:  Uncaught Error: Non-static method SCRM_CSV::init() cannot be called statically in /wordpress/wp-content/plugins/simple-crm-csv-import/simple-crm-csv-import.php:24
Stack trace:
#0 /wordpress/wp-admin/includes/plugin.php(2387): include_once()
#1 /wordpress/wp-admin/includes/plugin.php(673): plugin_sandbox_scrape('simple-crm-csv-...')
#2 /internal/eval.php(20): activate_plugin('simple-crm-csv-...')
#3 {main}
  thrown in /wordpress/wp-content/plugins/simple-crm-csv-import/simple-crm-csv-import.php on line 24
[23-May-2025 17:32:07 UTC] PHP Fatal error:  Uncaught Error: Non-static method SCRM_CSV::init() cannot be called statically in /wordpress/wp-content/plugins/simple-crm-csv-import/simple-crm-csv-import.php:24
Stack trace:
#0 /wordpress/wp-admin/includes/plugin.php(2387): include_once()
#1 /wordpress/wp-admin/includes/plugin.php(673): plugin_sandbox_scrape('simple-crm-csv-...')
#2 /internal/eval.php(20): activate_plugin('simple-crm-csv-...')
#3 {main}
  thrown in /wordpress/wp-content/plugins/simple-crm-csv-import/simple-crm-csv-import.php on line 24
[23-May-2025 17:33:02 UTC] PHP Fatal error:  Uncaught Error: Call to undefined function create_function() in /wordpress/wp-content/plugins/simple-sidebar-navigation/simple-sidenav.php:677
Stack trace:
#0 /wordpress/wp-admin/includes/plugin.php(2387): include_once()
#1 /wordpress/wp-admin/includes/plugin.php(673): plugin_sandbox_scrape('simple-sidebar-...')
#2 /internal/eval.php(20): activate_plugin('simple-sidebar-...')
#3 {main}
  thrown in /wordpress/wp-content/plugins/simple-sidebar-navigation/simple-sidenav.php on line 677
[23-May-2025 17:33:10 UTC] PHP Fatal error:  Uncaught Error: Call to undefined function create_function() in /wordpress/wp-content/plugins/simple-sidebar-navigation/simple-sidenav.php:677
Stack trace:
#0 /wordpress/wp-admin/includes/plugin.php(2387): include_once()
#1 /wordpress/wp-admin/includes/plugin.php(673): plugin_sandbox_scrape('simple-sidebar-...')
#2 /internal/eval.php(20): activate_plugin('simple-sidebar-...')
#3 {main}
  thrown in /wordpress/wp-content/plugins/simple-sidebar-navigation/simple-sidenav.php on line 677
[23-May-2025 17:33:18 UTC] PHP Fatal error:  Uncaught Error: Call to undefined function create_function() in /wordpress/wp-content/plugins/simple-sidebar-navigation/simple-sidenav.php:677
Stack trace:
#0 /wordpress/wp-admin/includes/plugin.php(2387): include_once()
#1 /wordpress/wp-admin/includes/plugin.php(673): plugin_sandbox_scrape('simple-sidebar-...')
#2 /internal/eval.php(20): activate_plugin('simple-sidebar-...')
#3 {main}
  thrown in /wordpress/wp-content/plugins/simple-sidebar-navigation/simple-sidenav.php on line 677
[23-May-2025 17:34:13 UTC] PHP Fatal error:  Uncaught Error: Undefined constant "APP_KEY" in /wordpress/wp-content/plugins/sina-weibo-plugin-for-wordpress/weiboplugin.php:15
Stack trace:
#0 /wordpress/wp-admin/includes/plugin.php(2387): include_once()
#1 /wordpress/wp-admin/includes/plugin.php(673): plugin_sandbox_scrape('sina-weibo-plug...')
#2 /internal/eval.php(20): activate_plugin('sina-weibo-plug...')
#3 {main}
  thrown in /wordpress/wp-content/plugins/sina-weibo-plugin-for-wordpress/weiboplugin.php on line 15
[23-May-2025 17:34:21 UTC] PHP Fatal error:  Uncaught Error: Undefined constant "APP_KEY" in /wordpress/wp-content/plugins/sina-weibo-plugin-for-wordpress/weiboplugin.php:15
Stack trace:
#0 /wordpress/wp-admin/includes/plugin.php(2387): include_once()
#1 /wordpress/wp-admin/includes/plugin.php(673): plugin_sandbox_scrape('sina-weibo-plug...')
#2 /internal/eval.php(20): activate_plugin('sina-weibo-plug...')
#3 {main}
  thrown in /wordpress/wp-content/plugins/sina-weibo-plugin-for-wordpress/weiboplugin.php on line 15
[23-May-2025 17:34:29 UTC] PHP Fatal error:  Uncaught Error: Undefined constant "APP_KEY" in /wordpress/wp-content/plugins/sina-weibo-plugin-for-wordpress/weiboplugin.php:15
Stack trace:
#0 /wordpress/wp-admin/includes/plugin.php(2387): include_once()
#1 /wordpress/wp-admin/includes/plugin.php(673): plugin_sandbox_scrape('sina-weibo-plug...')
#2 /internal/eval.php(20): activate_plugin('sina-weibo-plug...')
#3 {main}
  thrown in /wordpress/wp-content/plugins/sina-weibo-plugin-for-wordpress/weiboplugin.php on line 15
[23-May-2025 17:34:39 UTC] WordPress database error <div style="clear:both">&nbsp;</div>
<div class="queries" style="clear:both;margin-bottom:2px;border:red dotted thin;">
<p>MySQL query:</p>
<p>SELECT count(*) FROM wp_sirv_images WHERE status = 'SYNCED'</p>
<p>Queries made or created this session were:</p>
<ol>
<li>Executing: BEGIN | (no parameters)</li>
<li>Executing: SELECT count ( * ) FROM `wp_sirv_images` WHERE `status` = 'SYNCED' | (no parameters)</li>
<li>Executing: ROLLBACK | (no parameters)</li>
</ol>
</div>
<div style="clear:both;margin-bottom:2px;border:red dotted thin;" class="error_message" style="border-bottom:dotted blue thin;">
SQLSTATE[HY000]: General error: 1 no such table: wp_sirv_images
</div>
<p>Backtrace:</p>
<pre>#0 /internal/shared/sqlite-database-integration/wp-includes/sqlite-ast/class-wp-sqlite-driver.php(683): WP_SQLite_Driver->new_driver_exception('SQLSTATE[HY000]...', 'HY000', Object(PDOException))
#1 /internal/shared/sqlite-database-integration/wp-includes/sqlite/class-wp-sqlite-db.php(491): WP_SQLite_Driver->query('SELECT count(*)...')
#2 /internal/shared/sqlite-database-integration/wp-includes/sqlite/class-wp-sqlite-db.php(432): WP_SQLite_DB->_do_query('SELECT count(*)...')
#3 /wordpress/wp-includes/class-wpdb.php(3031): WP_SQLite_DB->query('SELECT count(*)...')
#4 /wordpress/wp-content/plugins/sirv/sirv.php(3994): wpdb->get_var('SELECT count(*)...')
#5 /wordpress/wp-content/plugins/sirv/sirv.php(1020): sirv_get_synced_count()
#6 /wordpress/wp-content/plugins/sirv/sirv.php(695): sirv_fill_empty_options()
#7 /wordpress/wp-includes/class-wp-hook.php(324): sirv_activation_callback(false)
#8 /wordpress/wp-includes/class-wp-hook.php(348): WP_Hook->apply_filters('', Array)
#9 /wordpress/wp-includes/plugin.php(517): WP_Hook->do_action(Array)
#10 /wordpress/wp-admin/includes/plugin.php(703): do_action('activate_sirv/s...', false)
#11 /internal/eval.php(20): activate_plugin('sirv/sirv.php')
#12 {main}</pre>
 for query SELECT count(*) FROM wp_sirv_images WHERE status = 'SYNCED' made by activate_plugin, do_action('activate_sirv/sirv.php'), WP_Hook->do_action, WP_Hook->apply_filters, sirv_activation_callback, sirv_fill_empty_options, sirv_get_synced_count, WP_SQLite_DB->query, WP_SQLite_DB->print_error
[23-May-2025 17:34:39 UTC] WordPress database error <div style="clear:both">&nbsp;</div>
<div class="queries" style="clear:both;margin-bottom:2px;border:red dotted thin;">
<p>MySQL query:</p>
<p>ALTER TABLE wp_sirv_images ADD `error_type` TINYINT UNSIGNED NULL DEFAULT NULL AFTER `status`</p>
<p>Queries made or created this session were:</p>
<ol>
<li>Executing: BEGIN | (no parameters)</li>
<li>Executing: SELECT 1 FROM sqlite_temp_schema WHERE type = 'table' AND name = ? | parameters: wp_sirv_images</li>
<li>Executing: SELECT COLUMN_NAME FROM `_wp_sqlite_mysql_information_schema_columns` WHERE table_schema = ? AND table_name = ? | parameters: database_name_here, wp_sirv_images</li>
<li>Executing: SELECT 1 FROM sqlite_temp_schema WHERE type = 'table' AND name = ? | parameters: wp_sirv_images</li>
<li>Executing: 
				SELECT MAX(ordinal_position)
				FROM `_wp_sqlite_mysql_information_schema_columns`
				WHERE table_schema = ?
				AND table_name = ?
			 | parameters: database_name_here, wp_sirv_images</li>
<li>Executing: INSERT INTO `_wp_sqlite_mysql_information_schema_columns` (`table_schema`, `table_name`, `column_name`, `ordinal_position`, `column_default`, `is_nullable`, `data_type`, `character_maximum_length`, `character_octet_length`, `numeric_precision`, `numeric_scale`, `datetime_precision`, `character_set_name`, `collation_name`, `column_type`, `column_key`, `extra`, `privileges`, `column_comment`, `generation_expression`, `srs_id`) VALUES (?, ?, ?, ?, ?, ?, ?, ?, ?, ?, ?, ?, ?, ?, ?, ?, ?, ?, ?, ?, ?) | parameters: database_name_here, wp_sirv_images, error_type, 12, , YES, tinyint, , , 3, 0, , , , tinyint unsigned, , , select,insert,update,references, , , </li>
<li>Executing: PRAGMA foreign_keys | (no parameters)</li>
<li>Executing: PRAGMA foreign_keys = OFF | (no parameters)</li>
<li>Executing: 
				SELECT *
				FROM `_wp_sqlite_mysql_information_schema_tables`
				WHERE table_type = 'BASE TABLE'
				AND table_schema = ?
				AND table_name = ?
			 | parameters: database_name_here, wp_sirv_images</li>
<li>Executing: SELECT * FROM `_wp_sqlite_mysql_information_schema_columns` WHERE table_schema = ? AND table_name = ? ORDER BY ordinal_position | parameters: database_name_here, wp_sirv_images</li>
<li>Executing: 
					SELECT *
					FROM `_wp_sqlite_mysql_information_schema_statistics`
					WHERE table_schema = ?
					AND table_name = ?
					ORDER BY
						INDEX_NAME = 'PRIMARY' DESC,
						NON_UNIQUE = '0' DESC,
						INDEX_TYPE = 'SPATIAL' DESC,
						INDEX_TYPE = 'BTREE' DESC,
						INDEX_TYPE = 'FULLTEXT' DESC,
						ROWID,
						SEQ_IN_INDEX
				 | parameters: database_name_here, wp_sirv_images</li>
<li>Executing: CREATE TABLE `_wp_sqlite_tmp_wp_sirv_images_6830b1afe38a0` (
  `id` INTEGER NOT NULL PRIMARY KEY AUTOINCREMENT,
  `attachment_id` INTEGER NOT NULL,
  `img_path` TEXT COLLATE NOCASE,
  `sirv_path` TEXT COLLATE NOCASE,
  `size` INTEGER,
  `status` TEXT COLLATE NOCASE,
  `error_type` INTEGER,
  `timestamp` TEXT COLLATE NOCASE,
  `timestamp_synced` TEXT COLLATE NOCASE,
  `checks` INTEGER DEFAULT '0',
  `timestamp_checks` INTEGER,
  `error_type` INTEGER
) STRICT | (no parameters)</li>
<li>Executing: ROLLBACK | (no parameters)</li>
</ol>
</div>
<div style="clear:both;margin-bottom:2px;border:red dotted thin;" class="error_message" style="border-bottom:dotted blue thin;">
SQLSTATE[HY000]: General error: 1 duplicate column name: error_type
</div>
<p>Backtrace:</p>
<pre>#0 /internal/shared/sqlite-database-integration/wp-includes/sqlite-ast/class-wp-sqlite-driver.php(683): WP_SQLite_Driver->new_driver_exception('SQLSTATE[HY000]...', 'HY000', Object(PDOException))
#1 /internal/shared/sqlite-database-integration/wp-includes/sqlite/class-wp-sqlite-db.php(491): WP_SQLite_Driver->query('ALTER TABLE wp_...')
#2 /internal/shared/sqlite-database-integration/wp-includes/sqlite/class-wp-sqlite-db.php(432): WP_SQLite_DB->_do_query('ALTER TABLE wp_...')
#3 /wordpress/wp-content/plugins/sirv/sirv.php(1068): WP_SQLite_DB->query('ALTER TABLE wp_...')
#4 /wordpress/wp-content/plugins/sirv/sirv.php(772): sirv_fix_db()
#5 /wordpress/wp-content/plugins/sirv/sirv.php(718): sirv_upgrade_plugin()
#6 /wordpress/wp-includes/class-wp-hook.php(324): sirv_activation_callback(false)
#7 /wordpress/wp-includes/class-wp-hook.php(348): WP_Hook->apply_filters('', Array)
#8 /wordpress/wp-includes/plugin.php(517): WP_Hook->do_action(Array)
#9 /wordpress/wp-admin/includes/plugin.php(703): do_action('activate_sirv/s...', false)
#10 /internal/eval.php(20): activate_plugin('sirv/sirv.php')
#11 {main}</pre>
 for query ALTER TABLE wp_sirv_images ADD `error_type` TINYINT UNSIGNED NULL DEFAULT NULL AFTER `status` made by activate_plugin, do_action('activate_sirv/sirv.php'), WP_Hook->do_action, WP_Hook->apply_filters, sirv_activation_callback, sirv_upgrade_plugin, sirv_fix_db, WP_SQLite_DB->query, WP_SQLite_DB->print_error
[23-May-2025 17:34:39 UTC] WordPress database error <div style="clear:both">&nbsp;</div>
<div class="queries" style="clear:both;margin-bottom:2px;border:red dotted thin;">
<p>MySQL query:</p>
<p>ALTER TABLE wp_sirv_images ADD `sirv_path` VARCHAR(1000) CHARACTER SET utf8 COLLATE utf8_general_ci NULL DEFAULT '' AFTER `img_path`</p>
<p>Queries made or created this session were:</p>
<ol>
<li>Executing: BEGIN | (no parameters)</li>
<li>Executing: SELECT 1 FROM sqlite_temp_schema WHERE type = 'table' AND name = ? | parameters: wp_sirv_images</li>
<li>Executing: SELECT COLUMN_NAME FROM `_wp_sqlite_mysql_information_schema_columns` WHERE table_schema = ? AND table_name = ? | parameters: database_name_here, wp_sirv_images</li>
<li>Executing: SELECT 1 FROM sqlite_temp_schema WHERE type = 'table' AND name = ? | parameters: wp_sirv_images</li>
<li>Executing: 
				SELECT MAX(ordinal_position)
				FROM `_wp_sqlite_mysql_information_schema_columns`
				WHERE table_schema = ?
				AND table_name = ?
			 | parameters: database_name_here, wp_sirv_images</li>
<li>Executing: INSERT INTO `_wp_sqlite_mysql_information_schema_columns` (`table_schema`, `table_name`, `column_name`, `ordinal_position`, `column_default`, `is_nullable`, `data_type`, `character_maximum_length`, `character_octet_length`, `numeric_precision`, `numeric_scale`, `datetime_precision`, `character_set_name`, `collation_name`, `column_type`, `column_key`, `extra`, `privileges`, `column_comment`, `generation_expression`, `srs_id`) VALUES (?, ?, ?, ?, ?, ?, ?, ?, ?, ?, ?, ?, ?, ?, ?, ?, ?, ?, ?, ?, ?) | parameters: database_name_here, wp_sirv_images, sirv_path, 12, , YES, varchar, 1000, 3000, , , , utf8, utf8_general_ci, varchar(1000), , , select,insert,update,references, , , </li>
<li>Executing: PRAGMA foreign_keys | (no parameters)</li>
<li>Executing: PRAGMA foreign_keys = OFF | (no parameters)</li>
<li>Executing: 
				SELECT *
				FROM `_wp_sqlite_mysql_information_schema_tables`
				WHERE table_type = 'BASE TABLE'
				AND table_schema = ?
				AND table_name = ?
			 | parameters: database_name_here, wp_sirv_images</li>
<li>Executing: SELECT * FROM `_wp_sqlite_mysql_information_schema_columns` WHERE table_schema = ? AND table_name = ? ORDER BY ordinal_position | parameters: database_name_here, wp_sirv_images</li>
<li>Executing: 
					SELECT *
					FROM `_wp_sqlite_mysql_information_schema_statistics`
					WHERE table_schema = ?
					AND table_name = ?
					ORDER BY
						INDEX_NAME = 'PRIMARY' DESC,
						NON_UNIQUE = '0' DESC,
						INDEX_TYPE = 'SPATIAL' DESC,
						INDEX_TYPE = 'BTREE' DESC,
						INDEX_TYPE = 'FULLTEXT' DESC,
						ROWID,
						SEQ_IN_INDEX
				 | parameters: database_name_here, wp_sirv_images</li>
<li>Executing: CREATE TABLE `_wp_sqlite_tmp_wp_sirv_images_6830b1afe9e30` (
  `id` INTEGER NOT NULL PRIMARY KEY AUTOINCREMENT,
  `attachment_id` INTEGER NOT NULL,
  `img_path` TEXT COLLATE NOCASE,
  `sirv_path` TEXT COLLATE NOCASE,
  `size` INTEGER,
  `status` TEXT COLLATE NOCASE,
  `error_type` INTEGER,
  `timestamp` TEXT COLLATE NOCASE,
  `timestamp_synced` TEXT COLLATE NOCASE,
  `checks` INTEGER DEFAULT '0',
  `timestamp_checks` INTEGER,
  `sirv_path` TEXT COLLATE NOCASE DEFAULT ''
) STRICT | (no parameters)</li>
<li>Executing: ROLLBACK | (no parameters)</li>
</ol>
</div>
<div style="clear:both;margin-bottom:2px;border:red dotted thin;" class="error_message" style="border-bottom:dotted blue thin;">
SQLSTATE[HY000]: General error: 1 duplicate column name: sirv_path
</div>
<p>Backtrace:</p>
<pre>#0 /internal/shared/sqlite-database-integration/wp-includes/sqlite-ast/class-wp-sqlite-driver.php(683): WP_SQLite_Driver->new_driver_exception('SQLSTATE[HY000]...', 'HY000', Object(PDOException))
#1 /internal/shared/sqlite-database-integration/wp-includes/sqlite/class-wp-sqlite-db.php(491): WP_SQLite_Driver->query('ALTER TABLE wp_...')
#2 /internal/shared/sqlite-database-integration/wp-includes/sqlite/class-wp-sqlite-db.php(432): WP_SQLite_DB->_do_query('ALTER TABLE wp_...')
#3 /wordpress/wp-content/plugins/sirv/sirv.php(1072): WP_SQLite_DB->query('ALTER TABLE wp_...')
#4 /wordpress/wp-content/plugins/sirv/sirv.php(772): sirv_fix_db()
#5 /wordpress/wp-content/plugins/sirv/sirv.php(718): sirv_upgrade_plugin()
#6 /wordpress/wp-includes/class-wp-hook.php(324): sirv_activation_callback(false)
#7 /wordpress/wp-includes/class-wp-hook.php(348): WP_Hook->apply_filters('', Array)
#8 /wordpress/wp-includes/plugin.php(517): WP_Hook->do_action(Array)
#9 /wordpress/wp-admin/includes/plugin.php(703): do_action('activate_sirv/s...', false)
#10 /internal/eval.php(20): activate_plugin('sirv/sirv.php')
#11 {main}</pre>
 for query ALTER TABLE wp_sirv_images ADD `sirv_path` VARCHAR(1000) CHARACTER SET utf8 COLLATE utf8_general_ci NULL DEFAULT '' AFTER `img_path` made by activate_plugin, do_action('activate_sirv/sirv.php'), WP_Hook->do_action, WP_Hook->apply_filters, sirv_activation_callback, sirv_upgrade_plugin, sirv_fix_db, WP_SQLite_DB->query, WP_SQLite_DB->print_error
[23-May-2025 17:34:50 UTC] WordPress database error <div style="clear:both">&nbsp;</div>
<div class="queries" style="clear:both;margin-bottom:2px;border:red dotted thin;">
<p>MySQL query:</p>
<p>SELECT count(*) FROM wp_sirv_images WHERE status = 'SYNCED'</p>
<p>Queries made or created this session were:</p>
<ol>
<li>Executing: BEGIN | (no parameters)</li>
<li>Executing: SELECT count(*) FROM wp_sirv_images WHERE status = :param0  | parameters: SYNCED</li>
<li>Executing: ROLLBACK | (no parameters)</li>
</ol>
</div>
<div style="clear:both;margin-bottom:2px;border:red dotted thin;" class="error_message" style="border-bottom:dotted blue thin;">
Error occurred at line 4117 in Function <code>handle_error</code>. Error message was: SQLSTATE[HY000]: General error: 1 no such table: wp_sirv_images.
</div>
<p>Backtrace:</p>
<pre>#0 /internal/shared/sqlite-database-integration/wp-includes/sqlite/class-wp-sqlite-db.php(287): WP_SQLite_Translator->get_error_message()
#1 /wordpress/wp-includes/class-wpdb.php(3031): WP_SQLite_DB->query('SELECT count(*)...')
#2 /wordpress/wp-content/plugins/sirv/sirv.php(3994): wpdb->get_var('SELECT count(*)...')
#3 /wordpress/wp-content/plugins/sirv/sirv.php(1020): sirv_get_synced_count()
#4 /wordpress/wp-content/plugins/sirv/sirv.php(695): sirv_fill_empty_options()
#5 /wordpress/wp-includes/class-wp-hook.php(324): sirv_activation_callback(false)
#6 /wordpress/wp-includes/class-wp-hook.php(348): WP_Hook->apply_filters('', Array)
#7 /wordpress/wp-includes/plugin.php(517): WP_Hook->do_action(Array)
#8 /wordpress/wp-admin/includes/plugin.php(703): do_action('activate_sirv/s...', false)
#9 /internal/eval.php(20): activate_plugin('sirv/sirv.php')
#10 {main}</pre>
 for query SELECT count(*) FROM wp_sirv_images WHERE status = 'SYNCED' made by activate_plugin, do_action('activate_sirv/sirv.php'), WP_Hook->do_action, WP_Hook->apply_filters, sirv_activation_callback, sirv_fill_empty_options, sirv_get_synced_count, WP_SQLite_DB->query, WP_SQLite_DB->print_error
[23-May-2025 17:34:51 UTC] WordPress database error <div style="clear:both">&nbsp;</div>
<div class="queries" style="clear:both;margin-bottom:2px;border:red dotted thin;">
<p>MySQL query:</p>
<p>SHOW INDEXES FROM wp_sirv_images WHERE Column_name='attachment_id' AND NOT Non_unique</p>
<p>Queries made or created this session were:</p>
<ol>
<li>Executing: BEGIN | (no parameters)</li>
<li>Executing: ROLLBACK | (no parameters)</li>
</ol>
</div>
<div style="clear:both;margin-bottom:2px;border:red dotted thin;" class="error_message" style="border-bottom:dotted blue thin;">
Error occurred at line 4117 in Function <code>handle_error</code>. Error message was: Unknown show type: INDEXES FROM.
</div>
<p>Backtrace:</p>
<pre>#0 /internal/shared/sqlite-database-integration/wp-includes/sqlite/class-wp-sqlite-db.php(287): WP_SQLite_Translator->get_error_message()
#1 /wordpress/wp-includes/class-wpdb.php(3146): WP_SQLite_DB->query('SHOW INDEXES FR...')
#2 /wordpress/wp-content/plugins/sirv/sirv.php(2003): wpdb->get_results('SHOW INDEXES FR...', 'ARRAY_A')
#3 /wordpress/wp-content/plugins/sirv/sirv.php(768): sirv_is_unique_field('attachment_id')
#4 /wordpress/wp-content/plugins/sirv/sirv.php(718): sirv_upgrade_plugin()
#5 /wordpress/wp-includes/class-wp-hook.php(324): sirv_activation_callback(false)
#6 /wordpress/wp-includes/class-wp-hook.php(348): WP_Hook->apply_filters('', Array)
#7 /wordpress/wp-includes/plugin.php(517): WP_Hook->do_action(Array)
#8 /wordpress/wp-admin/includes/plugin.php(703): do_action('activate_sirv/s...', false)
#9 /internal/eval.php(20): activate_plugin('sirv/sirv.php')
#10 {main}</pre>
 for query SHOW INDEXES FROM wp_sirv_images WHERE Column_name='attachment_id' AND NOT Non_unique made by activate_plugin, do_action('activate_sirv/sirv.php'), WP_Hook->do_action, WP_Hook->apply_filters, sirv_activation_callback, sirv_upgrade_plugin, sirv_is_unique_field, WP_SQLite_DB->query, WP_SQLite_DB->print_error
[23-May-2025 17:34:51 UTC] WordPress database error <div style="clear:both">&nbsp;</div>
<div class="queries" style="clear:both;margin-bottom:2px;border:red dotted thin;">
<p>MySQL query:</p>
<p>ALTER TABLE wp_sirv_images ADD UNIQUE (attachment_id)</p>
<p>Queries made or created this session were:</p>
<ol>
<li>Executing: BEGIN | (no parameters)</li>
<li>Executing: INSERT INTO _mysql_data_types_cache (`table`, `column_or_index`, `mysql_type`)
				VALUES (:table, :column, :datatype)
				ON CONFLICT(`table`, `column_or_index`) DO UPDATE SET `mysql_type` = :datatype
			 | parameters: wp_sirv_images, wp_sirv_images__(, UNIQUE</li>
<li>Executing: CREATE UNIQUE INDEX &quot;wp_sirv_images__(&quot; ON &quot;wp_sirv_images&quot; () | (no parameters)</li>
<li>Executing: ROLLBACK | (no parameters)</li>
</ol>
</div>
<div style="clear:both;margin-bottom:2px;border:red dotted thin;" class="error_message" style="border-bottom:dotted blue thin;">
Error occurred at line 4117 in Function <code>handle_error</code>. Error message was: SQLSTATE[HY000]: General error: 1 near ")": syntax error.
</div>
<p>Backtrace:</p>
<pre>#0 /internal/shared/sqlite-database-integration/wp-includes/sqlite/class-wp-sqlite-db.php(287): WP_SQLite_Translator->get_error_message()
#1 /wordpress/wp-content/plugins/sirv/sirv.php(2040): WP_SQLite_DB->query('ALTER TABLE wp_...')
#2 /wordpress/wp-content/plugins/sirv/sirv.php(769): sirv_set_unique_field('attachment_id')
#3 /wordpress/wp-content/plugins/sirv/sirv.php(718): sirv_upgrade_plugin()
#4 /wordpress/wp-includes/class-wp-hook.php(324): sirv_activation_callback(false)
#5 /wordpress/wp-includes/class-wp-hook.php(348): WP_Hook->apply_filters('', Array)
#6 /wordpress/wp-includes/plugin.php(517): WP_Hook->do_action(Array)
#7 /wordpress/wp-admin/includes/plugin.php(703): do_action('activate_sirv/s...', false)
#8 /internal/eval.php(20): activate_plugin('sirv/sirv.php')
#9 {main}</pre>
 for query ALTER TABLE wp_sirv_images ADD UNIQUE (attachment_id) made by activate_plugin, do_action('activate_sirv/sirv.php'), WP_Hook->do_action, WP_Hook->apply_filters, sirv_activation_callback, sirv_upgrade_plugin, sirv_set_unique_field, WP_SQLite_DB->query, WP_SQLite_DB->print_error
[23-May-2025 17:34:51 UTC] WordPress database error <div style="clear:both">&nbsp;</div>
<div class="queries" style="clear:both;margin-bottom:2px;border:red dotted thin;">
<p>MySQL query:</p>
<p>ALTER TABLE wp_sirv_images
                  DROP `sirvpath`,
                  DROP `sirv_image_url`,
                  DROP `sirv_folder`</p>
<p>Queries made or created this session were:</p>
<ol>
<li>Executing: BEGIN | (no parameters)</li>
<li>Executing: ALTER TABLE wp_sirv_images
                  DROP `sirvpath`,
                  DROP `sirv_image_url`,
                  DROP `sirv_folder` | (no parameters)</li>
<li>Executing: ROLLBACK | (no parameters)</li>
</ol>
</div>
<div style="clear:both;margin-bottom:2px;border:red dotted thin;" class="error_message" style="border-bottom:dotted blue thin;">
Error occurred at line 4117 in Function <code>handle_error</code>. Error message was: SQLSTATE[HY000]: General error: 1 near ",": syntax error.
</div>
<p>Backtrace:</p>
<pre>#0 /internal/shared/sqlite-database-integration/wp-includes/sqlite/class-wp-sqlite-db.php(287): WP_SQLite_Translator->get_error_message()
#1 /wordpress/wp-content/plugins/sirv/sirv.php(1054): WP_SQLite_DB->query('ALTER TABLE wp_...')
#2 /wordpress/wp-content/plugins/sirv/sirv.php(772): sirv_fix_db()
#3 /wordpress/wp-content/plugins/sirv/sirv.php(718): sirv_upgrade_plugin()
#4 /wordpress/wp-includes/class-wp-hook.php(324): sirv_activation_callback(false)
#5 /wordpress/wp-includes/class-wp-hook.php(348): WP_Hook->apply_filters('', Array)
#6 /wordpress/wp-includes/plugin.php(517): WP_Hook->do_action(Array)
#7 /wordpress/wp-admin/includes/plugin.php(703): do_action('activate_sirv/s...', false)
#8 /internal/eval.php(20): activate_plugin('sirv/sirv.php')
#9 {main}</pre>
 for query ALTER TABLE wp_sirv_images
                  DROP `sirvpath`,
                  DROP `sirv_image_url`,
                  DROP `sirv_folder` made by activate_plugin, do_action('activate_sirv/sirv.php'), WP_Hook->do_action, WP_Hook->apply_filters, sirv_activation_callback, sirv_upgrade_plugin, sirv_fix_db, WP_SQLite_DB->query, WP_SQLite_DB->print_error
[23-May-2025 17:34:51 UTC] WordPress database error <div style="clear:both">&nbsp;</div>
<div class="queries" style="clear:both;margin-bottom:2px;border:red dotted thin;">
<p>MySQL query:</p>
<p>ALTER TABLE wp_sirv_images ADD `checks` TINYINT UNSIGNED NULL DEFAULT 0 AFTER `timestamp_synced`</p>
<p>Queries made or created this session were:</p>
<ol>
<li>Executing: BEGIN | (no parameters)</li>
<li>Executing: INSERT INTO _mysql_data_types_cache (`table`, `column_or_index`, `mysql_type`)
				VALUES (:table, :column, :datatype)
				ON CONFLICT(`table`, `column_or_index`) DO UPDATE SET `mysql_type` = :datatype
			 | parameters: wp_sirv_images, `CHECKS`, tinyint UNSIGNED</li>
<li>Executing: ALTER TABLE wp_sirv_images ADD `checks`  integer NULL DEFAULT 0   | (no parameters)</li>
<li>Executing: ROLLBACK | (no parameters)</li>
</ol>
</div>
<div style="clear:both;margin-bottom:2px;border:red dotted thin;" class="error_message" style="border-bottom:dotted blue thin;">
Error occurred at line 4117 in Function <code>handle_error</code>. Error message was: SQLSTATE[HY000]: General error: 1 duplicate column name: checks.
</div>
<p>Backtrace:</p>
<pre>#0 /internal/shared/sqlite-database-integration/wp-includes/sqlite/class-wp-sqlite-db.php(287): WP_SQLite_Translator->get_error_message()
#1 /wordpress/wp-content/plugins/sirv/sirv.php(1058): WP_SQLite_DB->query('ALTER TABLE wp_...')
#2 /wordpress/wp-content/plugins/sirv/sirv.php(772): sirv_fix_db()
#3 /wordpress/wp-content/plugins/sirv/sirv.php(718): sirv_upgrade_plugin()
#4 /wordpress/wp-includes/class-wp-hook.php(324): sirv_activation_callback(false)
#5 /wordpress/wp-includes/class-wp-hook.php(348): WP_Hook->apply_filters('', Array)
#6 /wordpress/wp-includes/plugin.php(517): WP_Hook->do_action(Array)
#7 /wordpress/wp-admin/includes/plugin.php(703): do_action('activate_sirv/s...', false)
#8 /internal/eval.php(20): activate_plugin('sirv/sirv.php')
#9 {main}</pre>
 for query ALTER TABLE wp_sirv_images ADD `checks` TINYINT UNSIGNED NULL DEFAULT 0 AFTER `timestamp_synced` made by activate_plugin, do_action('activate_sirv/sirv.php'), WP_Hook->do_action, WP_Hook->apply_filters, sirv_activation_callback, sirv_upgrade_plugin, sirv_fix_db, WP_SQLite_DB->query, WP_SQLite_DB->print_error
[23-May-2025 17:34:51 UTC] WordPress database error <div style="clear:both">&nbsp;</div>
<div class="queries" style="clear:both;margin-bottom:2px;border:red dotted thin;">
<p>MySQL query:</p>
<p>ALTER TABLE wp_sirv_images ADD `timestamp_checks` INT NULL DEFAULT NULL AFTER `checks`</p>
<p>Queries made or created this session were:</p>
<ol>
<li>Executing: BEGIN | (no parameters)</li>
<li>Executing: INSERT INTO _mysql_data_types_cache (`table`, `column_or_index`, `mysql_type`)
				VALUES (:table, :column, :datatype)
				ON CONFLICT(`table`, `column_or_index`) DO UPDATE SET `mysql_type` = :datatype
			 | parameters: wp_sirv_images, `TIMESTAMP_CHECKS`, int</li>
<li>Executing: ALTER TABLE wp_sirv_images ADD `timestamp_checks` integer NULL DEFAULT NULL   | (no parameters)</li>
<li>Executing: ROLLBACK | (no parameters)</li>
</ol>
</div>
<div style="clear:both;margin-bottom:2px;border:red dotted thin;" class="error_message" style="border-bottom:dotted blue thin;">
Error occurred at line 4117 in Function <code>handle_error</code>. Error message was: SQLSTATE[HY000]: General error: 1 duplicate column name: timestamp_checks.
</div>
<p>Backtrace:</p>
<pre>#0 /internal/shared/sqlite-database-integration/wp-includes/sqlite/class-wp-sqlite-db.php(287): WP_SQLite_Translator->get_error_message()
#1 /wordpress/wp-content/plugins/sirv/sirv.php(1059): WP_SQLite_DB->query('ALTER TABLE wp_...')
#2 /wordpress/wp-content/plugins/sirv/sirv.php(772): sirv_fix_db()
#3 /wordpress/wp-content/plugins/sirv/sirv.php(718): sirv_upgrade_plugin()
#4 /wordpress/wp-includes/class-wp-hook.php(324): sirv_activation_callback(false)
#5 /wordpress/wp-includes/class-wp-hook.php(348): WP_Hook->apply_filters('', Array)
#6 /wordpress/wp-includes/plugin.php(517): WP_Hook->do_action(Array)
#7 /wordpress/wp-admin/includes/plugin.php(703): do_action('activate_sirv/s...', false)
#8 /internal/eval.php(20): activate_plugin('sirv/sirv.php')
#9 {main}</pre>
 for query ALTER TABLE wp_sirv_images ADD `timestamp_checks` INT NULL DEFAULT NULL AFTER `checks` made by activate_plugin, do_action('activate_sirv/sirv.php'), WP_Hook->do_action, WP_Hook->apply_filters, sirv_activation_callback, sirv_upgrade_plugin, sirv_fix_db, WP_SQLite_DB->query, WP_SQLite_DB->print_error
[23-May-2025 17:34:51 UTC] WordPress database error <div style="clear:both">&nbsp;</div>
<div class="queries" style="clear:both;margin-bottom:2px;border:red dotted thin;">
<p>MySQL query:</p>
<p>ALTER TABLE wp_sirv_images ADD `status` enum('NEW', 'PROCESSING', 'SYNCED', 'FAILED') DEFAULT NULL AFTER `size`</p>
<p>Queries made or created this session were:</p>
<ol>
<li>Executing: BEGIN | (no parameters)</li>
<li>Executing: INSERT INTO _mysql_data_types_cache (`table`, `column_or_index`, `mysql_type`)
				VALUES (:table, :column, :datatype)
				ON CONFLICT(`table`, `column_or_index`) DO UPDATE SET `mysql_type` = :datatype
			 | parameters: wp_sirv_images, `STATUS`, enum('NEW','PROCESSING','SYNCED','FAILED')</li>
<li>Executing: ALTER TABLE wp_sirv_images ADD `status`    text DEFAULT NULL   | (no parameters)</li>
<li>Executing: ROLLBACK | (no parameters)</li>
</ol>
</div>
<div style="clear:both;margin-bottom:2px;border:red dotted thin;" class="error_message" style="border-bottom:dotted blue thin;">
Error occurred at line 4117 in Function <code>handle_error</code>. Error message was: SQLSTATE[HY000]: General error: 1 duplicate column name: status.
</div>
<p>Backtrace:</p>
<pre>#0 /internal/shared/sqlite-database-integration/wp-includes/sqlite/class-wp-sqlite-db.php(287): WP_SQLite_Translator->get_error_message()
#1 /wordpress/wp-content/plugins/sirv/sirv.php(1060): WP_SQLite_DB->query('ALTER TABLE wp_...')
#2 /wordpress/wp-content/plugins/sirv/sirv.php(772): sirv_fix_db()
#3 /wordpress/wp-content/plugins/sirv/sirv.php(718): sirv_upgrade_plugin()
#4 /wordpress/wp-includes/class-wp-hook.php(324): sirv_activation_callback(false)
#5 /wordpress/wp-includes/class-wp-hook.php(348): WP_Hook->apply_filters('', Array)
#6 /wordpress/wp-includes/plugin.php(517): WP_Hook->do_action(Array)
#7 /wordpress/wp-admin/includes/plugin.php(703): do_action('activate_sirv/s...', false)
#8 /internal/eval.php(20): activate_plugin('sirv/sirv.php')
#9 {main}</pre>
 for query ALTER TABLE wp_sirv_images ADD `status` enum('NEW', 'PROCESSING', 'SYNCED', 'FAILED') DEFAULT NULL AFTER `size` made by activate_plugin, do_action('activate_sirv/sirv.php'), WP_Hook->do_action, WP_Hook->apply_filters, sirv_activation_callback, sirv_upgrade_plugin, sirv_fix_db, WP_SQLite_DB->query, WP_SQLite_DB->print_error
[23-May-2025 17:34:51 UTC] WordPress database error <div style="clear:both">&nbsp;</div>
<div class="queries" style="clear:both;margin-bottom:2px;border:red dotted thin;">
<p>MySQL query:</p>
<p>ALTER TABLE wp_sirv_images ADD `error_type` TINYINT UNSIGNED NULL DEFAULT NULL AFTER `status`</p>
<p>Queries made or created this session were:</p>
<ol>
<li>Executing: BEGIN | (no parameters)</li>
<li>Executing: INSERT INTO _mysql_data_types_cache (`table`, `column_or_index`, `mysql_type`)
				VALUES (:table, :column, :datatype)
				ON CONFLICT(`table`, `column_or_index`) DO UPDATE SET `mysql_type` = :datatype
			 | parameters: wp_sirv_images, `ERROR_TYPE`, tinyint UNSIGNED</li>
<li>Executing: ALTER TABLE wp_sirv_images ADD `error_type`  integer NULL DEFAULT NULL   | (no parameters)</li>
<li>Executing: ROLLBACK | (no parameters)</li>
</ol>
</div>
<div style="clear:both;margin-bottom:2px;border:red dotted thin;" class="error_message" style="border-bottom:dotted blue thin;">
Error occurred at line 4117 in Function <code>handle_error</code>. Error message was: SQLSTATE[HY000]: General error: 1 duplicate column name: error_type.
</div>
<p>Backtrace:</p>
<pre>#0 /internal/shared/sqlite-database-integration/wp-includes/sqlite/class-wp-sqlite-db.php(287): WP_SQLite_Translator->get_error_message()
#1 /wordpress/wp-content/plugins/sirv/sirv.php(1061): WP_SQLite_DB->query('ALTER TABLE wp_...')
#2 /wordpress/wp-content/plugins/sirv/sirv.php(772): sirv_fix_db()
#3 /wordpress/wp-content/plugins/sirv/sirv.php(718): sirv_upgrade_plugin()
#4 /wordpress/wp-includes/class-wp-hook.php(324): sirv_activation_callback(false)
#5 /wordpress/wp-includes/class-wp-hook.php(348): WP_Hook->apply_filters('', Array)
#6 /wordpress/wp-includes/plugin.php(517): WP_Hook->do_action(Array)
#7 /wordpress/wp-admin/includes/plugin.php(703): do_action('activate_sirv/s...', false)
#8 /internal/eval.php(20): activate_plugin('sirv/sirv.php')
#9 {main}</pre>
 for query ALTER TABLE wp_sirv_images ADD `error_type` TINYINT UNSIGNED NULL DEFAULT NULL AFTER `status` made by activate_plugin, do_action('activate_sirv/sirv.php'), WP_Hook->do_action, WP_Hook->apply_filters, sirv_activation_callback, sirv_upgrade_plugin, sirv_fix_db, WP_SQLite_DB->query, WP_SQLite_DB->print_error
[23-May-2025 17:34:51 UTC] WordPress database error <div style="clear:both">&nbsp;</div>
<div class="queries" style="clear:both;margin-bottom:2px;border:red dotted thin;">
<p>MySQL query:</p>
<p>ALTER TABLE wp_sirv_images ADD `sirv_path` VARCHAR(1000) CHARACTER SET utf8 COLLATE utf8_general_ci NULL DEFAULT NULL AFTER `img_path`</p>
<p>Queries made or created this session were:</p>
<ol>
<li>Executing: BEGIN | (no parameters)</li>
<li>Executing: INSERT INTO _mysql_data_types_cache (`table`, `column_or_index`, `mysql_type`)
				VALUES (:table, :column, :datatype)
				ON CONFLICT(`table`, `column_or_index`) DO UPDATE SET `mysql_type` = :datatype
			 | parameters: wp_sirv_images, `SIRV_PATH`, varchar(1000)</li>
<li>Executing: ALTER TABLE wp_sirv_images ADD `sirv_path` text CHARACTER SET utf8 COLLATE utf8_general_ci NULL DEFAULT NULL   | (no parameters)</li>
<li>Executing: ROLLBACK | (no parameters)</li>
</ol>
</div>
<div style="clear:both;margin-bottom:2px;border:red dotted thin;" class="error_message" style="border-bottom:dotted blue thin;">
Error occurred at line 4117 in Function <code>handle_error</code>. Error message was: SQLSTATE[HY000]: General error: 1 near "SET": syntax error.
</div>
<p>Backtrace:</p>
<pre>#0 /internal/shared/sqlite-database-integration/wp-includes/sqlite/class-wp-sqlite-db.php(287): WP_SQLite_Translator->get_error_message()
#1 /wordpress/wp-content/plugins/sirv/sirv.php(1062): WP_SQLite_DB->query('ALTER TABLE wp_...')
#2 /wordpress/wp-content/plugins/sirv/sirv.php(772): sirv_fix_db()
#3 /wordpress/wp-content/plugins/sirv/sirv.php(718): sirv_upgrade_plugin()
#4 /wordpress/wp-includes/class-wp-hook.php(324): sirv_activation_callback(false)
#5 /wordpress/wp-includes/class-wp-hook.php(348): WP_Hook->apply_filters('', Array)
#6 /wordpress/wp-includes/plugin.php(517): WP_Hook->do_action(Array)
#7 /wordpress/wp-admin/includes/plugin.php(703): do_action('activate_sirv/s...', false)
#8 /internal/eval.php(20): activate_plugin('sirv/sirv.php')
#9 {main}</pre>
 for query ALTER TABLE wp_sirv_images ADD `sirv_path` VARCHAR(1000) CHARACTER SET utf8 COLLATE utf8_general_ci NULL DEFAULT NULL AFTER `img_path` made by activate_plugin, do_action('activate_sirv/sirv.php'), WP_Hook->do_action, WP_Hook->apply_filters, sirv_activation_callback, sirv_upgrade_plugin, sirv_fix_db, WP_SQLite_DB->query, WP_SQLite_DB->print_error
[23-May-2025 17:35:00 UTC] WordPress database error <div style="clear:both">&nbsp;</div>
<div class="queries" style="clear:both;margin-bottom:2px;border:red dotted thin;">
<p>MySQL query:</p>
<p>SELECT count(*) FROM wp_sirv_images WHERE status = 'SYNCED'</p>
<p>Queries made or created this session were:</p>
<ol>
<li>Executing: BEGIN | (no parameters)</li>
<li>Executing: SELECT count(*) FROM wp_sirv_images WHERE status = :param0  | parameters: SYNCED</li>
<li>Executing: ROLLBACK | (no parameters)</li>
</ol>
</div>
<div style="clear:both;margin-bottom:2px;border:red dotted thin;" class="error_message" style="border-bottom:dotted blue thin;">
Error occurred at line 4117 in Function <code>handle_error</code>. Error message was: SQLSTATE[HY000]: General error: 1 no such table: wp_sirv_images.
</div>
<p>Backtrace:</p>
<pre>#0 /internal/shared/sqlite-database-integration/wp-includes/sqlite/class-wp-sqlite-db.php(287): WP_SQLite_Translator->get_error_message()
#1 /wordpress/wp-includes/class-wpdb.php(3031): WP_SQLite_DB->query('SELECT count(*)...')
#2 /wordpress/wp-content/plugins/sirv/sirv.php(3994): wpdb->get_var('SELECT count(*)...')
#3 /wordpress/wp-content/plugins/sirv/sirv.php(1020): sirv_get_synced_count()
#4 /wordpress/wp-content/plugins/sirv/sirv.php(695): sirv_fill_empty_options()
#5 /wordpress/wp-includes/class-wp-hook.php(324): sirv_activation_callback(false)
#6 /wordpress/wp-includes/class-wp-hook.php(348): WP_Hook->apply_filters('', Array)
#7 /wordpress/wp-includes/plugin.php(517): WP_Hook->do_action(Array)
#8 /wordpress/wp-admin/includes/plugin.php(703): do_action('activate_sirv/s...', false)
#9 /internal/eval.php(20): activate_plugin('sirv/sirv.php')
#10 {main}</pre>
 for query SELECT count(*) FROM wp_sirv_images WHERE status = 'SYNCED' made by activate_plugin, do_action('activate_sirv/sirv.php'), WP_Hook->do_action, WP_Hook->apply_filters, sirv_activation_callback, sirv_fill_empty_options, sirv_get_synced_count, WP_SQLite_DB->query, WP_SQLite_DB->print_error
[23-May-2025 17:35:01 UTC] WordPress database error <div style="clear:both">&nbsp;</div>
<div class="queries" style="clear:both;margin-bottom:2px;border:red dotted thin;">
<p>MySQL query:</p>
<p>SHOW INDEXES FROM wp_sirv_images WHERE Column_name='attachment_id' AND NOT Non_unique</p>
<p>Queries made or created this session were:</p>
<ol>
<li>Executing: BEGIN | (no parameters)</li>
<li>Executing: ROLLBACK | (no parameters)</li>
</ol>
</div>
<div style="clear:both;margin-bottom:2px;border:red dotted thin;" class="error_message" style="border-bottom:dotted blue thin;">
Error occurred at line 4117 in Function <code>handle_error</code>. Error message was: Unknown show type: INDEXES FROM.
</div>
<p>Backtrace:</p>
<pre>#0 /internal/shared/sqlite-database-integration/wp-includes/sqlite/class-wp-sqlite-db.php(287): WP_SQLite_Translator->get_error_message()
#1 /wordpress/wp-includes/class-wpdb.php(3146): WP_SQLite_DB->query('SHOW INDEXES FR...')
#2 /wordpress/wp-content/plugins/sirv/sirv.php(2003): wpdb->get_results('SHOW INDEXES FR...', 'ARRAY_A')
#3 /wordpress/wp-content/plugins/sirv/sirv.php(768): sirv_is_unique_field('attachment_id')
#4 /wordpress/wp-content/plugins/sirv/sirv.php(718): sirv_upgrade_plugin()
#5 /wordpress/wp-includes/class-wp-hook.php(324): sirv_activation_callback(false)
#6 /wordpress/wp-includes/class-wp-hook.php(348): WP_Hook->apply_filters('', Array)
#7 /wordpress/wp-includes/plugin.php(517): WP_Hook->do_action(Array)
#8 /wordpress/wp-admin/includes/plugin.php(703): do_action('activate_sirv/s...', false)
#9 /internal/eval.php(20): activate_plugin('sirv/sirv.php')
#10 {main}</pre>
 for query SHOW INDEXES FROM wp_sirv_images WHERE Column_name='attachment_id' AND NOT Non_unique made by activate_plugin, do_action('activate_sirv/sirv.php'), WP_Hook->do_action, WP_Hook->apply_filters, sirv_activation_callback, sirv_upgrade_plugin, sirv_is_unique_field, WP_SQLite_DB->query, WP_SQLite_DB->print_error
[23-May-2025 17:35:01 UTC] WordPress database error <div style="clear:both">&nbsp;</div>
<div class="queries" style="clear:both;margin-bottom:2px;border:red dotted thin;">
<p>MySQL query:</p>
<p>ALTER TABLE wp_sirv_images ADD UNIQUE (attachment_id)</p>
<p>Queries made or created this session were:</p>
<ol>
<li>Executing: BEGIN | (no parameters)</li>
<li>Executing: INSERT INTO _mysql_data_types_cache (`table`, `column_or_index`, `mysql_type`)
				VALUES (:table, :column, :datatype)
				ON CONFLICT(`table`, `column_or_index`) DO UPDATE SET `mysql_type` = :datatype
			 | parameters: wp_sirv_images, wp_sirv_images__(, UNIQUE</li>
<li>Executing: CREATE UNIQUE INDEX &quot;wp_sirv_images__(&quot; ON &quot;wp_sirv_images&quot; () | (no parameters)</li>
<li>Executing: ROLLBACK | (no parameters)</li>
</ol>
</div>
<div style="clear:both;margin-bottom:2px;border:red dotted thin;" class="error_message" style="border-bottom:dotted blue thin;">
Error occurred at line 4117 in Function <code>handle_error</code>. Error message was: SQLSTATE[HY000]: General error: 1 near ")": syntax error.
</div>
<p>Backtrace:</p>
<pre>#0 /internal/shared/sqlite-database-integration/wp-includes/sqlite/class-wp-sqlite-db.php(287): WP_SQLite_Translator->get_error_message()
#1 /wordpress/wp-content/plugins/sirv/sirv.php(2040): WP_SQLite_DB->query('ALTER TABLE wp_...')
#2 /wordpress/wp-content/plugins/sirv/sirv.php(769): sirv_set_unique_field('attachment_id')
#3 /wordpress/wp-content/plugins/sirv/sirv.php(718): sirv_upgrade_plugin()
#4 /wordpress/wp-includes/class-wp-hook.php(324): sirv_activation_callback(false)
#5 /wordpress/wp-includes/class-wp-hook.php(348): WP_Hook->apply_filters('', Array)
#6 /wordpress/wp-includes/plugin.php(517): WP_Hook->do_action(Array)
#7 /wordpress/wp-admin/includes/plugin.php(703): do_action('activate_sirv/s...', false)
#8 /internal/eval.php(20): activate_plugin('sirv/sirv.php')
#9 {main}</pre>
 for query ALTER TABLE wp_sirv_images ADD UNIQUE (attachment_id) made by activate_plugin, do_action('activate_sirv/sirv.php'), WP_Hook->do_action, WP_Hook->apply_filters, sirv_activation_callback, sirv_upgrade_plugin, sirv_set_unique_field, WP_SQLite_DB->query, WP_SQLite_DB->print_error
[23-May-2025 17:35:01 UTC] WordPress database error <div style="clear:both">&nbsp;</div>
<div class="queries" style="clear:both;margin-bottom:2px;border:red dotted thin;">
<p>MySQL query:</p>
<p>ALTER TABLE wp_sirv_images
                  DROP `sirvpath`,
                  DROP `sirv_image_url`,
                  DROP `sirv_folder`</p>
<p>Queries made or created this session were:</p>
<ol>
<li>Executing: BEGIN | (no parameters)</li>
<li>Executing: ALTER TABLE wp_sirv_images
                  DROP `sirvpath`,
                  DROP `sirv_image_url`,
                  DROP `sirv_folder` | (no parameters)</li>
<li>Executing: ROLLBACK | (no parameters)</li>
</ol>
</div>
<div style="clear:both;margin-bottom:2px;border:red dotted thin;" class="error_message" style="border-bottom:dotted blue thin;">
Error occurred at line 4117 in Function <code>handle_error</code>. Error message was: SQLSTATE[HY000]: General error: 1 near ",": syntax error.
</div>
<p>Backtrace:</p>
<pre>#0 /internal/shared/sqlite-database-integration/wp-includes/sqlite/class-wp-sqlite-db.php(287): WP_SQLite_Translator->get_error_message()
#1 /wordpress/wp-content/plugins/sirv/sirv.php(1054): WP_SQLite_DB->query('ALTER TABLE wp_...')
#2 /wordpress/wp-content/plugins/sirv/sirv.php(772): sirv_fix_db()
#3 /wordpress/wp-content/plugins/sirv/sirv.php(718): sirv_upgrade_plugin()
#4 /wordpress/wp-includes/class-wp-hook.php(324): sirv_activation_callback(false)
#5 /wordpress/wp-includes/class-wp-hook.php(348): WP_Hook->apply_filters('', Array)
#6 /wordpress/wp-includes/plugin.php(517): WP_Hook->do_action(Array)
#7 /wordpress/wp-admin/includes/plugin.php(703): do_action('activate_sirv/s...', false)
#8 /internal/eval.php(20): activate_plugin('sirv/sirv.php')
#9 {main}</pre>
 for query ALTER TABLE wp_sirv_images
                  DROP `sirvpath`,
                  DROP `sirv_image_url`,
                  DROP `sirv_folder` made by activate_plugin, do_action('activate_sirv/sirv.php'), WP_Hook->do_action, WP_Hook->apply_filters, sirv_activation_callback, sirv_upgrade_plugin, sirv_fix_db, WP_SQLite_DB->query, WP_SQLite_DB->print_error
[23-May-2025 17:35:01 UTC] WordPress database error <div style="clear:both">&nbsp;</div>
<div class="queries" style="clear:both;margin-bottom:2px;border:red dotted thin;">
<p>MySQL query:</p>
<p>ALTER TABLE wp_sirv_images ADD `checks` TINYINT UNSIGNED NULL DEFAULT 0 AFTER `timestamp_synced`</p>
<p>Queries made or created this session were:</p>
<ol>
<li>Executing: BEGIN | (no parameters)</li>
<li>Executing: INSERT INTO _mysql_data_types_cache (`table`, `column_or_index`, `mysql_type`)
				VALUES (:table, :column, :datatype)
				ON CONFLICT(`table`, `column_or_index`) DO UPDATE SET `mysql_type` = :datatype
			 | parameters: wp_sirv_images, `CHECKS`, tinyint UNSIGNED</li>
<li>Executing: ALTER TABLE wp_sirv_images ADD `checks`  integer NULL DEFAULT 0   | (no parameters)</li>
<li>Executing: ROLLBACK | (no parameters)</li>
</ol>
</div>
<div style="clear:both;margin-bottom:2px;border:red dotted thin;" class="error_message" style="border-bottom:dotted blue thin;">
Error occurred at line 4117 in Function <code>handle_error</code>. Error message was: SQLSTATE[HY000]: General error: 1 duplicate column name: checks.
</div>
<p>Backtrace:</p>
<pre>#0 /internal/shared/sqlite-database-integration/wp-includes/sqlite/class-wp-sqlite-db.php(287): WP_SQLite_Translator->get_error_message()
#1 /wordpress/wp-content/plugins/sirv/sirv.php(1058): WP_SQLite_DB->query('ALTER TABLE wp_...')
#2 /wordpress/wp-content/plugins/sirv/sirv.php(772): sirv_fix_db()
#3 /wordpress/wp-content/plugins/sirv/sirv.php(718): sirv_upgrade_plugin()
#4 /wordpress/wp-includes/class-wp-hook.php(324): sirv_activation_callback(false)
#5 /wordpress/wp-includes/class-wp-hook.php(348): WP_Hook->apply_filters('', Array)
#6 /wordpress/wp-includes/plugin.php(517): WP_Hook->do_action(Array)
#7 /wordpress/wp-admin/includes/plugin.php(703): do_action('activate_sirv/s...', false)
#8 /internal/eval.php(20): activate_plugin('sirv/sirv.php')
#9 {main}</pre>
 for query ALTER TABLE wp_sirv_images ADD `checks` TINYINT UNSIGNED NULL DEFAULT 0 AFTER `timestamp_synced` made by activate_plugin, do_action('activate_sirv/sirv.php'), WP_Hook->do_action, WP_Hook->apply_filters, sirv_activation_callback, sirv_upgrade_plugin, sirv_fix_db, WP_SQLite_DB->query, WP_SQLite_DB->print_error
[23-May-2025 17:35:01 UTC] WordPress database error <div style="clear:both">&nbsp;</div>
<div class="queries" style="clear:both;margin-bottom:2px;border:red dotted thin;">
<p>MySQL query:</p>
<p>ALTER TABLE wp_sirv_images ADD `timestamp_checks` INT NULL DEFAULT NULL AFTER `checks`</p>
<p>Queries made or created this session were:</p>
<ol>
<li>Executing: BEGIN | (no parameters)</li>
<li>Executing: INSERT INTO _mysql_data_types_cache (`table`, `column_or_index`, `mysql_type`)
				VALUES (:table, :column, :datatype)
				ON CONFLICT(`table`, `column_or_index`) DO UPDATE SET `mysql_type` = :datatype
			 | parameters: wp_sirv_images, `TIMESTAMP_CHECKS`, int</li>
<li>Executing: ALTER TABLE wp_sirv_images ADD `timestamp_checks` integer NULL DEFAULT NULL   | (no parameters)</li>
<li>Executing: ROLLBACK | (no parameters)</li>
</ol>
</div>
<div style="clear:both;margin-bottom:2px;border:red dotted thin;" class="error_message" style="border-bottom:dotted blue thin;">
Error occurred at line 4117 in Function <code>handle_error</code>. Error message was: SQLSTATE[HY000]: General error: 1 duplicate column name: timestamp_checks.
</div>
<p>Backtrace:</p>
<pre>#0 /internal/shared/sqlite-database-integration/wp-includes/sqlite/class-wp-sqlite-db.php(287): WP_SQLite_Translator->get_error_message()
#1 /wordpress/wp-content/plugins/sirv/sirv.php(1059): WP_SQLite_DB->query('ALTER TABLE wp_...')
#2 /wordpress/wp-content/plugins/sirv/sirv.php(772): sirv_fix_db()
#3 /wordpress/wp-content/plugins/sirv/sirv.php(718): sirv_upgrade_plugin()
#4 /wordpress/wp-includes/class-wp-hook.php(324): sirv_activation_callback(false)
#5 /wordpress/wp-includes/class-wp-hook.php(348): WP_Hook->apply_filters('', Array)
#6 /wordpress/wp-includes/plugin.php(517): WP_Hook->do_action(Array)
#7 /wordpress/wp-admin/includes/plugin.php(703): do_action('activate_sirv/s...', false)
#8 /internal/eval.php(20): activate_plugin('sirv/sirv.php')
#9 {main}</pre>
 for query ALTER TABLE wp_sirv_images ADD `timestamp_checks` INT NULL DEFAULT NULL AFTER `checks` made by activate_plugin, do_action('activate_sirv/sirv.php'), WP_Hook->do_action, WP_Hook->apply_filters, sirv_activation_callback, sirv_upgrade_plugin, sirv_fix_db, WP_SQLite_DB->query, WP_SQLite_DB->print_error
[23-May-2025 17:35:01 UTC] WordPress database error <div style="clear:both">&nbsp;</div>
<div class="queries" style="clear:both;margin-bottom:2px;border:red dotted thin;">
<p>MySQL query:</p>
<p>ALTER TABLE wp_sirv_images ADD `status` enum('NEW', 'PROCESSING', 'SYNCED', 'FAILED') DEFAULT NULL AFTER `size`</p>
<p>Queries made or created this session were:</p>
<ol>
<li>Executing: BEGIN | (no parameters)</li>
<li>Executing: INSERT INTO _mysql_data_types_cache (`table`, `column_or_index`, `mysql_type`)
				VALUES (:table, :column, :datatype)
				ON CONFLICT(`table`, `column_or_index`) DO UPDATE SET `mysql_type` = :datatype
			 | parameters: wp_sirv_images, `STATUS`, enum('NEW','PROCESSING','SYNCED','FAILED')</li>
<li>Executing: ALTER TABLE wp_sirv_images ADD `status`    text DEFAULT NULL   | (no parameters)</li>
<li>Executing: ROLLBACK | (no parameters)</li>
</ol>
</div>
<div style="clear:both;margin-bottom:2px;border:red dotted thin;" class="error_message" style="border-bottom:dotted blue thin;">
Error occurred at line 4117 in Function <code>handle_error</code>. Error message was: SQLSTATE[HY000]: General error: 1 duplicate column name: status.
</div>
<p>Backtrace:</p>
<pre>#0 /internal/shared/sqlite-database-integration/wp-includes/sqlite/class-wp-sqlite-db.php(287): WP_SQLite_Translator->get_error_message()
#1 /wordpress/wp-content/plugins/sirv/sirv.php(1060): WP_SQLite_DB->query('ALTER TABLE wp_...')
#2 /wordpress/wp-content/plugins/sirv/sirv.php(772): sirv_fix_db()
#3 /wordpress/wp-content/plugins/sirv/sirv.php(718): sirv_upgrade_plugin()
#4 /wordpress/wp-includes/class-wp-hook.php(324): sirv_activation_callback(false)
#5 /wordpress/wp-includes/class-wp-hook.php(348): WP_Hook->apply_filters('', Array)
#6 /wordpress/wp-includes/plugin.php(517): WP_Hook->do_action(Array)
#7 /wordpress/wp-admin/includes/plugin.php(703): do_action('activate_sirv/s...', false)
#8 /internal/eval.php(20): activate_plugin('sirv/sirv.php')
#9 {main}</pre>
 for query ALTER TABLE wp_sirv_images ADD `status` enum('NEW', 'PROCESSING', 'SYNCED', 'FAILED') DEFAULT NULL AFTER `size` made by activate_plugin, do_action('activate_sirv/sirv.php'), WP_Hook->do_action, WP_Hook->apply_filters, sirv_activation_callback, sirv_upgrade_plugin, sirv_fix_db, WP_SQLite_DB->query, WP_SQLite_DB->print_error
[23-May-2025 17:35:01 UTC] WordPress database error <div style="clear:both">&nbsp;</div>
<div class="queries" style="clear:both;margin-bottom:2px;border:red dotted thin;">
<p>MySQL query:</p>
<p>ALTER TABLE wp_sirv_images ADD `error_type` TINYINT UNSIGNED NULL DEFAULT NULL AFTER `status`</p>
<p>Queries made or created this session were:</p>
<ol>
<li>Executing: BEGIN | (no parameters)</li>
<li>Executing: INSERT INTO _mysql_data_types_cache (`table`, `column_or_index`, `mysql_type`)
				VALUES (:table, :column, :datatype)
				ON CONFLICT(`table`, `column_or_index`) DO UPDATE SET `mysql_type` = :datatype
			 | parameters: wp_sirv_images, `ERROR_TYPE`, tinyint UNSIGNED</li>
<li>Executing: ALTER TABLE wp_sirv_images ADD `error_type`  integer NULL DEFAULT NULL   | (no parameters)</li>
<li>Executing: ROLLBACK | (no parameters)</li>
</ol>
</div>
<div style="clear:both;margin-bottom:2px;border:red dotted thin;" class="error_message" style="border-bottom:dotted blue thin;">
Error occurred at line 4117 in Function <code>handle_error</code>. Error message was: SQLSTATE[HY000]: General error: 1 duplicate column name: error_type.
</div>
<p>Backtrace:</p>
<pre>#0 /internal/shared/sqlite-database-integration/wp-includes/sqlite/class-wp-sqlite-db.php(287): WP_SQLite_Translator->get_error_message()
#1 /wordpress/wp-content/plugins/sirv/sirv.php(1061): WP_SQLite_DB->query('ALTER TABLE wp_...')
#2 /wordpress/wp-content/plugins/sirv/sirv.php(772): sirv_fix_db()
#3 /wordpress/wp-content/plugins/sirv/sirv.php(718): sirv_upgrade_plugin()
#4 /wordpress/wp-includes/class-wp-hook.php(324): sirv_activation_callback(false)
#5 /wordpress/wp-includes/class-wp-hook.php(348): WP_Hook->apply_filters('', Array)
#6 /wordpress/wp-includes/plugin.php(517): WP_Hook->do_action(Array)
#7 /wordpress/wp-admin/includes/plugin.php(703): do_action('activate_sirv/s...', false)
#8 /internal/eval.php(20): activate_plugin('sirv/sirv.php')
#9 {main}</pre>
 for query ALTER TABLE wp_sirv_images ADD `error_type` TINYINT UNSIGNED NULL DEFAULT NULL AFTER `status` made by activate_plugin, do_action('activate_sirv/sirv.php'), WP_Hook->do_action, WP_Hook->apply_filters, sirv_activation_callback, sirv_upgrade_plugin, sirv_fix_db, WP_SQLite_DB->query, WP_SQLite_DB->print_error
[23-May-2025 17:35:01 UTC] WordPress database error <div style="clear:both">&nbsp;</div>
<div class="queries" style="clear:both;margin-bottom:2px;border:red dotted thin;">
<p>MySQL query:</p>
<p>ALTER TABLE wp_sirv_images ADD `sirv_path` VARCHAR(1000) CHARACTER SET utf8 COLLATE utf8_general_ci NULL DEFAULT NULL AFTER `img_path`</p>
<p>Queries made or created this session were:</p>
<ol>
<li>Executing: BEGIN | (no parameters)</li>
<li>Executing: INSERT INTO _mysql_data_types_cache (`table`, `column_or_index`, `mysql_type`)
				VALUES (:table, :column, :datatype)
				ON CONFLICT(`table`, `column_or_index`) DO UPDATE SET `mysql_type` = :datatype
			 | parameters: wp_sirv_images, `SIRV_PATH`, varchar(1000)</li>
<li>Executing: ALTER TABLE wp_sirv_images ADD `sirv_path` text CHARACTER SET utf8 COLLATE utf8_general_ci NULL DEFAULT NULL   | (no parameters)</li>
<li>Executing: ROLLBACK | (no parameters)</li>
</ol>
</div>
<div style="clear:both;margin-bottom:2px;border:red dotted thin;" class="error_message" style="border-bottom:dotted blue thin;">
Error occurred at line 4117 in Function <code>handle_error</code>. Error message was: SQLSTATE[HY000]: General error: 1 near "SET": syntax error.
</div>
<p>Backtrace:</p>
<pre>#0 /internal/shared/sqlite-database-integration/wp-includes/sqlite/class-wp-sqlite-db.php(287): WP_SQLite_Translator->get_error_message()
#1 /wordpress/wp-content/plugins/sirv/sirv.php(1062): WP_SQLite_DB->query('ALTER TABLE wp_...')
#2 /wordpress/wp-content/plugins/sirv/sirv.php(772): sirv_fix_db()
#3 /wordpress/wp-content/plugins/sirv/sirv.php(718): sirv_upgrade_plugin()
#4 /wordpress/wp-includes/class-wp-hook.php(324): sirv_activation_callback(false)
#5 /wordpress/wp-includes/class-wp-hook.php(348): WP_Hook->apply_filters('', Array)
#6 /wordpress/wp-includes/plugin.php(517): WP_Hook->do_action(Array)
#7 /wordpress/wp-admin/includes/plugin.php(703): do_action('activate_sirv/s...', false)
#8 /internal/eval.php(20): activate_plugin('sirv/sirv.php')
#9 {main}</pre>
 for query ALTER TABLE wp_sirv_images ADD `sirv_path` VARCHAR(1000) CHARACTER SET utf8 COLLATE utf8_general_ci NULL DEFAULT NULL AFTER `img_path` made by activate_plugin, do_action('activate_sirv/sirv.php'), WP_Hook->do_action, WP_Hook->apply_filters, sirv_activation_callback, sirv_upgrade_plugin, sirv_fix_db, WP_SQLite_DB->query, WP_SQLite_DB->print_error
[23-May-2025 17:35:11 UTC] PHP Deprecated:  Required parameter $filter follows optional parameter $max in /wordpress/wp-content/plugins/statpress-widgets/sp-widget-searchengines.php on line 129
[23-May-2025 17:35:11 UTC] PHP Fatal error:  Uncaught Error: Undefined constant "referrers_top_title" in /wordpress/wp-content/plugins/statpress-widgets/sp-widget-referrers.php:9
Stack trace:
#0 /wordpress/wp-content/plugins/statpress-widgets/sp-widgets.php(35): SP_Widget_Referrers::add_options()
#1 /wordpress/wp-includes/class-wp-hook.php(324): SP_Widgets::aktivate_plugin(false)
#2 /wordpress/wp-includes/class-wp-hook.php(348): WP_Hook->apply_filters('', Array)
#3 /wordpress/wp-includes/plugin.php(517): WP_Hook->do_action(Array)
#4 /wordpress/wp-admin/includes/plugin.php(703): do_action('activate_statpr...', false)
#5 /internal/eval.php(20): activate_plugin('statpress-widge...')
#6 {main}
  thrown in /wordpress/wp-content/plugins/statpress-widgets/sp-widget-referrers.php on line 9

    at Ob
