[
{"message":"file:///home/runner/work/playground-tester/playground-tester/node_modules/@wp-playground/cli/index.js:237\n        throw new Error(y, { cause: u });\n              ^\n","level":"FATAL","type":"PLAYGROUND","test":"asyncify-boot","plugin":"block-management-online","details":"file:///home/runner/work/playground-tester/playground-tester/node_modules/@wp-playground/cli/index.js:237\n        throw new Error(y, { cause: u });\n              ^\n","log":"/tmp/tmp.eehcZQXl8z"}
,
{"message":"Undefined array key \"smbsugar_action\" in /wordpress/wp-content/plugins/bizsugar-voting-button/wp-bizsugar-vote.php on line 22","level":"WARNING","type":"PHP","test":"asyncify-boot","plugin":"block-management-online","details":"[07-May-2025 14:29:42 UTC] PHP Warning:  Undefined array key \"smbsugar_action\" in /wordpress/wp-content/plugins/bizsugar-voting-button/wp-bizsugar-vote.php on line 22","log":"/logs/plugins/b/block-management-online/error.json"}
,
{"message":"Undefined array key \"smbsugar_action\" in /wordpress/wp-content/plugins/bizsugar-voting-button/wp-bizsugar-vote.php on line 22","level":"WARNING","type":"PHP","test":"asyncify-boot","plugin":"block-management-online","details":"[07-May-2025 14:29:50 UTC] PHP Warning:  Undefined array key \"smbsugar_action\" in /wordpress/wp-content/plugins/bizsugar-voting-button/wp-bizsugar-vote.php on line 22","log":"/logs/plugins/b/block-management-online/error.json"}
,
{"message":"Undefined array key \"smbsugar_action\" in /wordpress/wp-content/plugins/bizsugar-voting-button/wp-bizsugar-vote.php on line 22","level":"WARNING","type":"PHP","test":"asyncify-boot","plugin":"block-management-online","details":"[07-May-2025 14:29:59 UTC] PHP Warning:  Undefined array key \"smbsugar_action\" in /wordpress/wp-content/plugins/bizsugar-voting-button/wp-bizsugar-vote.php on line 22","log":"/logs/plugins/b/block-management-online/error.json"}
,
{"message":"Uncaught Exception: DateTimeZone::__construct(): Unknown or bad timezone () in /wordpress/wp-content/plugins/bktsk-live-scheduler/lib/class-bktskytschedulershortcode.php:24","level":"FATAL","type":"PHP","test":"asyncify-boot","plugin":"block-management-online","details":"[07-May-2025 14:30:07 UTC] PHP Fatal error:  Uncaught Exception: DateTimeZone::__construct(): Unknown or bad timezone () in /wordpress/wp-content/plugins/bktsk-live-scheduler/lib/class-bktskytschedulershortcode.php:24\nStack trace:\n#0 /wordpress/wp-content/plugins/bktsk-live-scheduler/lib/class-bktskytschedulershortcode.php(24): DateTimeZone->__construct('')\n#1 /wordpress/wp-content/plugins/bktsk-live-scheduler/lib/class-bktskytschedulershortcode.php(394): BktskYtSchedulerShortcode->__construct()\n#2 /wordpress/wp-content/plugins/bktsk-live-scheduler/bktsk-yt-live-scheduler.php(43): require_once('/wordpress/wp-c...')\n#3 /wordpress/wp-admin/includes/plugin.php(2387): include_once('/wordpress/wp-c...')\n#4 /wordpress/wp-admin/includes/plugin.php(673): plugin_sandbox_scrape('bktsk-live-sche...')\n#5 /internal/eval.php(20): activate_plugin('bktsk-live-sche...')\n#6 {main}\n  thrown in /wordpress/wp-content/plugins/bktsk-live-scheduler/lib/class-bktskytschedulershortcode.php on line 24","log":"/logs/plugins/b/block-management-online/error.json"}
,
{"message":"Uncaught Exception: DateTimeZone::__construct(): Unknown or bad timezone () in /wordpress/wp-content/plugins/bktsk-live-scheduler/lib/class-bktskytschedulershortcode.php:24","level":"FATAL","type":"PHP","test":"asyncify-boot","plugin":"block-management-online","details":"[07-May-2025 14:30:14 UTC] PHP Fatal error:  Uncaught Exception: DateTimeZone::__construct(): Unknown or bad timezone () in /wordpress/wp-content/plugins/bktsk-live-scheduler/lib/class-bktskytschedulershortcode.php:24\nStack trace:\n#0 /wordpress/wp-content/plugins/bktsk-live-scheduler/lib/class-bktskytschedulershortcode.php(24): DateTimeZone->__construct('')\n#1 /wordpress/wp-content/plugins/bktsk-live-scheduler/lib/class-bktskytschedulershortcode.php(394): BktskYtSchedulerShortcode->__construct()\n#2 /wordpress/wp-content/plugins/bktsk-live-scheduler/bktsk-yt-live-scheduler.php(43): require_once('/wordpress/wp-c...')\n#3 /wordpress/wp-admin/includes/plugin.php(2387): include_once('/wordpress/wp-c...')\n#4 /wordpress/wp-admin/includes/plugin.php(673): plugin_sandbox_scrape('bktsk-live-sche...')\n#5 /internal/eval.php(20): activate_plugin('bktsk-live-sche...')\n#6 {main}\n  thrown in /wordpress/wp-content/plugins/bktsk-live-scheduler/lib/class-bktskytschedulershortcode.php on line 24","log":"/logs/plugins/b/block-management-online/error.json"}
,
{"message":"Uncaught Exception: DateTimeZone::__construct(): Unknown or bad timezone () in /wordpress/wp-content/plugins/bktsk-live-scheduler/lib/class-bktskytschedulershortcode.php:24","level":"FATAL","type":"PHP","test":"asyncify-boot","plugin":"block-management-online","details":"[07-May-2025 14:30:22 UTC] PHP Fatal error:  Uncaught Exception: DateTimeZone::__construct(): Unknown or bad timezone () in /wordpress/wp-content/plugins/bktsk-live-scheduler/lib/class-bktskytschedulershortcode.php:24\nStack trace:\n#0 /wordpress/wp-content/plugins/bktsk-live-scheduler/lib/class-bktskytschedulershortcode.php(24): DateTimeZone->__construct('')\n#1 /wordpress/wp-content/plugins/bktsk-live-scheduler/lib/class-bktskytschedulershortcode.php(394): BktskYtSchedulerShortcode->__construct()\n#2 /wordpress/wp-content/plugins/bktsk-live-scheduler/bktsk-yt-live-scheduler.php(43): require_once('/wordpress/wp-c...')\n#3 /wordpress/wp-admin/includes/plugin.php(2387): include_once('/wordpress/wp-c...')\n#4 /wordpress/wp-admin/includes/plugin.php(673): plugin_sandbox_scrape('bktsk-live-sche...')\n#5 /internal/eval.php(20): activate_plugin('bktsk-live-sche...')\n#6 {main}\n  thrown in /wordpress/wp-content/plugins/bktsk-live-scheduler/lib/class-bktskytschedulershortcode.php on line 24","log":"/logs/plugins/b/block-management-online/error.json"}
,
{"message":"syntax error, unexpected token \"new\" in /wordpress/wp-content/plugins/backup-content-as-txt/BackupContentAsTxt.php on line 157","level":"PARSE","type":"PHP","test":"asyncify-boot","plugin":"block-management-online","details":"[07-May-2025 14:30:57 UTC] PHP Parse error:  syntax error, unexpected token \"new\" in /wordpress/wp-content/plugins/backup-content-as-txt/BackupContentAsTxt.php on line 157","log":"/logs/plugins/b/block-management-online/error.json"}
,
{"message":"syntax error, unexpected token \"new\" in /wordpress/wp-content/plugins/backup-content-as-txt/BackupContentAsTxt.php on line 157","level":"PARSE","type":"PHP","test":"asyncify-boot","plugin":"block-management-online","details":"[07-May-2025 14:31:04 UTC] PHP Parse error:  syntax error, unexpected token \"new\" in /wordpress/wp-content/plugins/backup-content-as-txt/BackupContentAsTxt.php on line 157","log":"/logs/plugins/b/block-management-online/error.json"}
,
{"message":"syntax error, unexpected token \"new\" in /wordpress/wp-content/plugins/backup-content-as-txt/BackupContentAsTxt.php on line 157","level":"PARSE","type":"PHP","test":"asyncify-boot","plugin":"block-management-online","details":"[07-May-2025 14:31:12 UTC] PHP Parse error:  syntax error, unexpected token \"new\" in /wordpress/wp-content/plugins/backup-content-as-txt/BackupContentAsTxt.php on line 157","log":"/logs/plugins/b/block-management-online/error.json"}
,
{"message":"Uncaught ArgumentCountError: Too few arguments to function WP_Widget::__construct(), 0 passed in /wordpress/wp-includes/class-wp-widget-factory.php on line 62 and at least 2 expected in /wordpress/wp-includes/class-wp-widget.php:163","level":"FATAL","type":"PHP","test":"asyncify-boot","plugin":"block-management-online","details":"[07-May-2025 14:33:12 UTC] PHP Fatal error:  Uncaught ArgumentCountError: Too few arguments to function WP_Widget::__construct(), 0 passed in /wordpress/wp-includes/class-wp-widget-factory.php on line 62 and at least 2 expected in /wordpress/wp-includes/class-wp-widget.php:163\nStack trace:\n#0 /wordpress/wp-includes/class-wp-widget-factory.php(62): WP_Widget->__construct()\n#1 /wordpress/wp-includes/widgets.php(123): WP_Widget_Factory->register('blizzBlue_Widge...')\n#2 /wordpress/wp-content/plugins/blizzblue-widget/blizzblue.php(19): register_widget('blizzBlue_Widge...')\n#3 /wordpress/wp-includes/class-wp-hook.php(324): blizzBlue_widgets('')\n#4 /wordpress/wp-includes/class-wp-hook.php(348): WP_Hook->apply_filters(NULL, Array)\n#5 /wordpress/wp-includes/plugin.php(517): WP_Hook->do_action(Array)\n#6 /wordpress/wp-includes/widgets.php(1870): do_action('widgets_init')\n#7 /wordpress/wp-includes/class-wp-hook.php(324): wp_widgets_init('')\n#8 /wordpress/wp-includes/class-wp-hook.php(348): WP_Hook->apply_filters(NULL, Array)\n#9 /wordpress/wp-includes/plugin.php(517): WP_Hook->do_action(Array)\n#10 /wordpress/wp-settings.php(727): do_action('init')\n#11 /wordpress/wp-config.php(102): require_once('/wordpress/wp-s...')\n#12 /wordpress/wp-load.php(50): require_once('/wordpress/wp-c...')\n#13 /internal/eval.php(3): require_once('/wordpress/wp-l...')\n#14 {main}\n  thrown in /wordpress/wp-includes/class-wp-widget.php on line 163","log":"/logs/plugins/b/block-management-online/error.json"}
,
{"message":"Uncaught ArgumentCountError: Too few arguments to function WP_Widget::__construct(), 0 passed in /wordpress/wp-includes/class-wp-widget-factory.php on line 62 and at least 2 expected in /wordpress/wp-includes/class-wp-widget.php:163","level":"FATAL","type":"PHP","test":"asyncify-boot","plugin":"block-management-online","details":"[07-May-2025 14:33:20 UTC] PHP Fatal error:  Uncaught ArgumentCountError: Too few arguments to function WP_Widget::__construct(), 0 passed in /wordpress/wp-includes/class-wp-widget-factory.php on line 62 and at least 2 expected in /wordpress/wp-includes/class-wp-widget.php:163\nStack trace:\n#0 /wordpress/wp-includes/class-wp-widget-factory.php(62): WP_Widget->__construct()\n#1 /wordpress/wp-includes/widgets.php(123): WP_Widget_Factory->register('blizzBlue_Widge...')\n#2 /wordpress/wp-content/plugins/blizzblue-widget/blizzblue.php(19): register_widget('blizzBlue_Widge...')\n#3 /wordpress/wp-includes/class-wp-hook.php(324): blizzBlue_widgets('')\n#4 /wordpress/wp-includes/class-wp-hook.php(348): WP_Hook->apply_filters(NULL, Array)\n#5 /wordpress/wp-includes/plugin.php(517): WP_Hook->do_action(Array)\n#6 /wordpress/wp-includes/widgets.php(1870): do_action('widgets_init')\n#7 /wordpress/wp-includes/class-wp-hook.php(324): wp_widgets_init('')\n#8 /wordpress/wp-includes/class-wp-hook.php(348): WP_Hook->apply_filters(NULL, Array)\n#9 /wordpress/wp-includes/plugin.php(517): WP_Hook->do_action(Array)\n#10 /wordpress/wp-settings.php(727): do_action('init')\n#11 /wordpress/wp-config.php(102): require_once('/wordpress/wp-s...')\n#12 /wordpress/wp-load.php(50): require_once('/wordpress/wp-c...')\n#13 /internal/eval.php(3): require_once('/wordpress/wp-l...')\n#14 {main}\n  thrown in /wordpress/wp-includes/class-wp-widget.php on line 163","log":"/logs/plugins/b/block-management-online/error.json"}
,
{"message":"Uncaught ArgumentCountError: Too few arguments to function WP_Widget::__construct(), 0 passed in /wordpress/wp-includes/class-wp-widget-factory.php on line 62 and at least 2 expected in /wordpress/wp-includes/class-wp-widget.php:163","level":"FATAL","type":"PHP","test":"asyncify-boot","plugin":"block-management-online","details":"[07-May-2025 14:33:29 UTC] PHP Fatal error:  Uncaught ArgumentCountError: Too few arguments to function WP_Widget::__construct(), 0 passed in /wordpress/wp-includes/class-wp-widget-factory.php on line 62 and at least 2 expected in /wordpress/wp-includes/class-wp-widget.php:163\nStack trace:\n#0 /wordpress/wp-includes/class-wp-widget-factory.php(62): WP_Widget->__construct()\n#1 /wordpress/wp-includes/widgets.php(123): WP_Widget_Factory->register('blizzBlue_Widge...')\n#2 /wordpress/wp-content/plugins/blizzblue-widget/blizzblue.php(19): register_widget('blizzBlue_Widge...')\n#3 /wordpress/wp-includes/class-wp-hook.php(324): blizzBlue_widgets('')\n#4 /wordpress/wp-includes/class-wp-hook.php(348): WP_Hook->apply_filters(NULL, Array)\n#5 /wordpress/wp-includes/plugin.php(517): WP_Hook->do_action(Array)\n#6 /wordpress/wp-includes/widgets.php(1870): do_action('widgets_init')\n#7 /wordpress/wp-includes/class-wp-hook.php(324): wp_widgets_init('')\n#8 /wordpress/wp-includes/class-wp-hook.php(348): WP_Hook->apply_filters(NULL, Array)\n#9 /wordpress/wp-includes/plugin.php(517): WP_Hook->do_action(Array)\n#10 /wordpress/wp-settings.php(727): do_action('init')\n#11 /wordpress/wp-config.php(102): require_once('/wordpress/wp-s...')\n#12 /wordpress/wp-load.php(50): require_once('/wordpress/wp-c...')\n#13 /internal/eval.php(3): require_once('/wordpress/wp-l...')\n#14 {main}\n  thrown in /wordpress/wp-includes/class-wp-widget.php on line 163","log":"/logs/plugins/b/block-management-online/error.json"}
,
{"message":"Uncaught TypeError: call_user_func_array(): Argument #1 ($callback) must be a valid callback, non-static method Rec_Widget::Register() cannot be called statically in /wordpress/wp-includes/class-wp-hook.php:324","level":"FATAL","type":"PHP","test":"asyncify-boot","plugin":"block-management-online","details":"[07-May-2025 14:34:34 UTC] PHP Fatal error:  Uncaught TypeError: call_user_func_array(): Argument #1 ($callback) must be a valid callback, non-static method Rec_Widget::Register() cannot be called statically in /wordpress/wp-includes/class-wp-hook.php:324\nStack trace:\n#0 /wordpress/wp-includes/class-wp-hook.php(348): WP_Hook->apply_filters(NULL, Array)\n#1 /wordpress/wp-includes/plugin.php(517): WP_Hook->do_action(Array)\n#2 /wordpress/wp-settings.php(578): do_action('plugins_loaded')\n#3 /wordpress/wp-config.php(102): require_once('/wordpress/wp-s...')\n#4 /wordpress/wp-load.php(50): require_once('/wordpress/wp-c...')\n#5 /internal/eval.php(3): require_once('/wordpress/wp-l...')\n#6 {main}\n  thrown in /wordpress/wp-includes/class-wp-hook.php on line 324","log":"/logs/plugins/b/block-management-online/error.json"}
,
{"message":"Uncaught TypeError: call_user_func_array(): Argument #1 ($callback) must be a valid callback, non-static method Rec_Widget::Register() cannot be called statically in /wordpress/wp-includes/class-wp-hook.php:324","level":"FATAL","type":"PHP","test":"asyncify-boot","plugin":"block-management-online","details":"[07-May-2025 14:34:44 UTC] PHP Fatal error:  Uncaught TypeError: call_user_func_array(): Argument #1 ($callback) must be a valid callback, non-static method Rec_Widget::Register() cannot be called statically in /wordpress/wp-includes/class-wp-hook.php:324\nStack trace:\n#0 /wordpress/wp-includes/class-wp-hook.php(348): WP_Hook->apply_filters(NULL, Array)\n#1 /wordpress/wp-includes/plugin.php(517): WP_Hook->do_action(Array)\n#2 /wordpress/wp-settings.php(578): do_action('plugins_loaded')\n#3 /wordpress/wp-config.php(102): require_once('/wordpress/wp-s...')\n#4 /wordpress/wp-load.php(50): require_once('/wordpress/wp-c...')\n#5 /internal/eval.php(3): require_once('/wordpress/wp-l...')\n#6 {main}\n  thrown in /wordpress/wp-includes/class-wp-hook.php on line 324","log":"/logs/plugins/b/block-management-online/error.json"}
,
{"message":"Uncaught TypeError: call_user_func_array(): Argument #1 ($callback) must be a valid callback, non-static method Rec_Widget::Register() cannot be called statically in /wordpress/wp-includes/class-wp-hook.php:324","level":"FATAL","type":"PHP","test":"asyncify-boot","plugin":"block-management-online","details":"[07-May-2025 14:34:53 UTC] PHP Fatal error:  Uncaught TypeError: call_user_func_array(): Argument #1 ($callback) must be a valid callback, non-static method Rec_Widget::Register() cannot be called statically in /wordpress/wp-includes/class-wp-hook.php:324\nStack trace:\n#0 /wordpress/wp-includes/class-wp-hook.php(348): WP_Hook->apply_filters(NULL, Array)\n#1 /wordpress/wp-includes/plugin.php(517): WP_Hook->do_action(Array)\n#2 /wordpress/wp-settings.php(578): do_action('plugins_loaded')\n#3 /wordpress/wp-config.php(102): require_once('/wordpress/wp-s...')\n#4 /wordpress/wp-load.php(50): require_once('/wordpress/wp-c...')\n#5 /internal/eval.php(3): require_once('/wordpress/wp-l...')\n#6 {main}\n  thrown in /wordpress/wp-includes/class-wp-hook.php on line 324","log":"/logs/plugins/b/block-management-online/error.json"}
,
{"message":"Undefined variable $bh_bh_wordpress_dashboard_rename_settings in /wordpress/wp-content/plugins/bh-dashboard-menus-settings/plugin-main.php on line 512","level":"WARNING","type":"PHP","test":"asyncify-boot","plugin":"block-management-online","details":"[07-May-2025 14:35:02 UTC] PHP Warning:  Undefined variable $bh_bh_wordpress_dashboard_rename_settings in /wordpress/wp-content/plugins/bh-dashboard-menus-settings/plugin-main.php on line 512","log":"/logs/plugins/b/block-management-online/error.json"}
,
{"message":"Undefined variable $bh_bh_wordpress_dashboard_rename_settings in /wordpress/wp-content/plugins/bh-dashboard-menus-settings/plugin-main.php on line 512","level":"WARNING","type":"PHP","test":"asyncify-boot","plugin":"block-management-online","details":"[07-May-2025 14:35:03 UTC] PHP Warning:  Undefined variable $bh_bh_wordpress_dashboard_rename_settings in /wordpress/wp-content/plugins/bh-dashboard-menus-settings/plugin-main.php on line 512","log":"/logs/plugins/b/block-management-online/error.json"}
,
{"message":"Undefined variable $bh_bh_wordpress_dashboard_rename_settings in /wordpress/wp-content/plugins/bh-dashboard-menus-settings/plugin-main.php on line 512","level":"WARNING","type":"PHP","test":"asyncify-boot","plugin":"block-management-online","details":"[07-May-2025 14:35:12 UTC] PHP Warning:  Undefined variable $bh_bh_wordpress_dashboard_rename_settings in /wordpress/wp-content/plugins/bh-dashboard-menus-settings/plugin-main.php on line 512","log":"/logs/plugins/b/block-management-online/error.json"}
,
{"message":"Undefined variable $bh_bh_wordpress_dashboard_rename_settings in /wordpress/wp-content/plugins/bh-dashboard-menus-settings/plugin-main.php on line 512","level":"WARNING","type":"PHP","test":"asyncify-boot","plugin":"block-management-online","details":"[07-May-2025 14:35:13 UTC] PHP Warning:  Undefined variable $bh_bh_wordpress_dashboard_rename_settings in /wordpress/wp-content/plugins/bh-dashboard-menus-settings/plugin-main.php on line 512","log":"/logs/plugins/b/block-management-online/error.json"}
,
{"message":"Undefined variable $bh_bh_wordpress_dashboard_rename_settings in /wordpress/wp-content/plugins/bh-dashboard-menus-settings/plugin-main.php on line 512","level":"WARNING","type":"PHP","test":"asyncify-boot","plugin":"block-management-online","details":"[07-May-2025 14:35:21 UTC] PHP Warning:  Undefined variable $bh_bh_wordpress_dashboard_rename_settings in /wordpress/wp-content/plugins/bh-dashboard-menus-settings/plugin-main.php on line 512","log":"/logs/plugins/b/block-management-online/error.json"}
,
{"message":"Undefined variable $bh_bh_wordpress_dashboard_rename_settings in /wordpress/wp-content/plugins/bh-dashboard-menus-settings/plugin-main.php on line 512","level":"WARNING","type":"PHP","test":"asyncify-boot","plugin":"block-management-online","details":"[07-May-2025 14:35:22 UTC] PHP Warning:  Undefined variable $bh_bh_wordpress_dashboard_rename_settings in /wordpress/wp-content/plugins/bh-dashboard-menus-settings/plugin-main.php on line 512","log":"/logs/plugins/b/block-management-online/error.json"}
,
{"message":"Undefined array key \"smbsugar_action\" in /wordpress/wp-content/plugins/bizsugar-vote-button/wp-bizsugar-vote.php on line 22","level":"WARNING","type":"PHP","test":"asyncify-boot","plugin":"block-management-online","details":"[07-May-2025 14:36:03 UTC] PHP Warning:  Undefined array key \"smbsugar_action\" in /wordpress/wp-content/plugins/bizsugar-vote-button/wp-bizsugar-vote.php on line 22","log":"/logs/plugins/b/block-management-online/error.json"}
,
{"message":"Undefined array key \"smbsugar_action\" in /wordpress/wp-content/plugins/bizsugar-vote-button/wp-bizsugar-vote.php on line 22","level":"WARNING","type":"PHP","test":"asyncify-boot","plugin":"block-management-online","details":"[07-May-2025 14:36:12 UTC] PHP Warning:  Undefined array key \"smbsugar_action\" in /wordpress/wp-content/plugins/bizsugar-vote-button/wp-bizsugar-vote.php on line 22","log":"/logs/plugins/b/block-management-online/error.json"}
,
{"message":"Undefined array key \"smbsugar_action\" in /wordpress/wp-content/plugins/bizsugar-vote-button/wp-bizsugar-vote.php on line 22","level":"WARNING","type":"PHP","test":"asyncify-boot","plugin":"block-management-online","details":"[07-May-2025 14:36:20 UTC] PHP Warning:  Undefined array key \"smbsugar_action\" in /wordpress/wp-content/plugins/bizsugar-vote-button/wp-bizsugar-vote.php on line 22","log":"/logs/plugins/b/block-management-online/error.json"}
,
{"message":"Required parameter $path follows optional parameter $templatevars in /wordpress/wp-content/plugins/block-management-online/class.bmo.php on line 290","level":"DEPRECATED","type":"PHP","test":"asyncify-boot","plugin":"block-management-online","details":"[07-May-2025 14:36:55 UTC] PHP Deprecated:  Required parameter $path follows optional parameter $templatevars in /wordpress/wp-content/plugins/block-management-online/class.bmo.php on line 290","log":"/logs/plugins/b/block-management-online/error.json"}
,
{"message":"Undefined array key \"action\" in /wordpress/wp-content/plugins/block-management-online/class.bmo_session.php on line 19","level":"WARNING","type":"PHP","test":"asyncify-boot","plugin":"block-management-online","details":"[07-May-2025 14:36:55 UTC] PHP Warning:  Undefined array key \"action\" in /wordpress/wp-content/plugins/block-management-online/class.bmo_session.php on line 19","log":"/logs/plugins/b/block-management-online/error.json"}
,
{"message":"Uncaught TypeError: call_user_func_array(): Argument #1 ($callback) must be a valid callback, non-static method bmo_pluginmanager::install_plugin() cannot be called statically in /wordpress/wp-includes/class-wp-hook.php:324","level":"FATAL","type":"PHP","test":"asyncify-boot","plugin":"block-management-online","details":"[07-May-2025 14:36:55 UTC] PHP Fatal error:  Uncaught TypeError: call_user_func_array(): Argument #1 ($callback) must be a valid callback, non-static method bmo_pluginmanager::install_plugin() cannot be called statically in /wordpress/wp-includes/class-wp-hook.php:324\nStack trace:\n#0 /wordpress/wp-includes/class-wp-hook.php(348): WP_Hook->apply_filters('', Array)\n#1 /wordpress/wp-includes/plugin.php(517): WP_Hook->do_action(Array)\n#2 /wordpress/wp-admin/includes/plugin.php(703): do_action('activate_block-...', false)\n#3 /internal/eval.php(20): activate_plugin('block-managemen...')\n#4 {main}\n  thrown in /wordpress/wp-includes/class-wp-hook.php on line 324","log":"/logs/plugins/b/block-management-online/error.json"}
,
{"message":"Required parameter $path follows optional parameter $templatevars in /wordpress/wp-content/plugins/block-management-online/class.bmo.php on line 290","level":"DEPRECATED","type":"PHP","test":"asyncify-boot","plugin":"block-management-online","details":"[07-May-2025 14:37:03 UTC] PHP Deprecated:  Required parameter $path follows optional parameter $templatevars in /wordpress/wp-content/plugins/block-management-online/class.bmo.php on line 290","log":"/logs/plugins/b/block-management-online/error.json"}
,
{"message":"Undefined array key \"action\" in /wordpress/wp-content/plugins/block-management-online/class.bmo_session.php on line 19","level":"WARNING","type":"PHP","test":"asyncify-boot","plugin":"block-management-online","details":"[07-May-2025 14:37:03 UTC] PHP Warning:  Undefined array key \"action\" in /wordpress/wp-content/plugins/block-management-online/class.bmo_session.php on line 19","log":"/logs/plugins/b/block-management-online/error.json"}
,
{"message":"Uncaught TypeError: call_user_func_array(): Argument #1 ($callback) must be a valid callback, non-static method bmo_pluginmanager::install_plugin() cannot be called statically in /wordpress/wp-includes/class-wp-hook.php:324","level":"FATAL","type":"PHP","test":"asyncify-boot","plugin":"block-management-online","details":"[07-May-2025 14:37:03 UTC] PHP Fatal error:  Uncaught TypeError: call_user_func_array(): Argument #1 ($callback) must be a valid callback, non-static method bmo_pluginmanager::install_plugin() cannot be called statically in /wordpress/wp-includes/class-wp-hook.php:324\nStack trace:\n#0 /wordpress/wp-includes/class-wp-hook.php(348): WP_Hook->apply_filters('', Array)\n#1 /wordpress/wp-includes/plugin.php(517): WP_Hook->do_action(Array)\n#2 /wordpress/wp-admin/includes/plugin.php(703): do_action('activate_block-...', false)\n#3 /internal/eval.php(20): activate_plugin('block-managemen...')\n#4 {main}\n  thrown in /wordpress/wp-includes/class-wp-hook.php on line 324\n\n    at Object.onBind (file:///home/runner/work/playground-tester/playground-tester/node_modules/@wp-playground/cli/index.js:237:15)\n    at process.processTicksAndRejections (node:internal/process/task_queues:105:5)\n    at async V (file:///home/runner/work/playground-tester/playground-tester/node_modules/@wp-playground/cli/index.js:64:10)\n    at async ja (file:///home/runner/work/playground-tester/playground-tester/node_modules/@wp-playground/cli/cli.js:8161:12) {\n  [cause]: Error: Error when executing the blueprint step #1 ({\"step\":\"installPlugin\",\"pluginData\":{\"resource\":\"wordpress.org/plugins\",\"slug\":\"block-management-online\"},\"options\":{\"activate\":true}}) : PHP.run() failed with exit code 255 and the following output: \n      at Object.run (file:///home/runner/work/playground-tester/playground-tester/node_modules/@wp-playground/blueprints/index.js:12449:19)\n      at process.processTicksAndRejections (node:internal/process/task_queues:105:5)\n      at async ms (file:///home/runner/work/playground-tester/playground-tester/node_modules/@wp-playground/blueprints/index.js:12552:3)\n      ... 2 lines matching cause stack trace ...\n      at async ja (file:///home/runner/work/playground-tester/playground-tester/node_modules/@wp-playground/cli/cli.js:8161:12) {\n    [cause]: PHPExecutionFailureError: PHP.run() failed with exit code 255 and the following output: \n        at PHP.run (file:///home/runner/work/playground-tester/playground-tester/node_modules/@php-wasm/universal/index.js:987:19)\n        at process.processTicksAndRejections (node:internal/process/task_queues:105:5)\n        at async wr (file:///home/runner/work/playground-tester/playground-tester/node_modules/@wp-playground/blueprints/index.js:33:39)\n        at async Object.gt [as installPlugin] (file:///home/runner/work/playground-tester/playground-tester/node_modules/@wp-playground/blueprints/index.js:974:42)\n        at async g (file:///home/runner/work/playground-tester/playground-tester/node_modules/@wp-playground/blueprints/index.js:12517:30)\n        at async Object.run (file:///home/runner/work/playground-tester/playground-tester/node_modules/@wp-playground/blueprints/index.js:12446:23)\n        at async ms (file:///home/runner/work/playground-tester/playground-tester/node_modules/@wp-playground/blueprints/index.js:12552:3)\n        at async Object.onBind (file:///home/runner/work/playground-tester/playground-tester/node_modules/@wp-playground/cli/index.js:227:48)\n        at async V (file:///home/runner/work/playground-tester/playground-tester/node_modules/@wp-playground/cli/index.js:64:10)\n        at async ja (file:///home/runner/work/playground-tester/playground-tester/node_modules/@wp-playground/cli/cli.js:8161:12) {\n      response: PHPResponse {\n        httpStatusCode: 500,\n        headers: {\n          'x-powered-by': [ 'PHP/8.0.30-dev' ],\n          'content-type': [ 'text/html; charset=UTF-8' ]\n        },\n        bytes: Uint8Array(0) [],\n        exitCode: 255,\n        errors: ''\n      },\n      source: 'request'\n    }\n  }\n}\n\n","log":"/logs/plugins/b/block-management-online/error.json"}
]
