file:///home/runner/work/playground-tester/playground-tester/node_modules/@wp-playground/cli/index.js:237
        throw new Error(y, { cause: u });
              ^

Error: [18-May-2025 02:34:56 UTC] PHP Notice:  Function _load_textdomain_just_in_time was called <strong>incorrectly</strong>. Translation loading for the <code>emlvld</code> domain was triggered too early. This is usually an indicator for some code in the plugin or theme running too early. Translations should be loaded at the <code>init</code> action or later. Please see <a href="https://developer.wordpress.org/advanced-administration/debug/debug-wordpress/">Debugging in WordPress</a> for more information. (This message was added in version 6.7.0.) in /wordpress/wp-includes/functions.php on line 6121
[18-May-2025 02:35:06 UTC] PHP Notice:  Function _load_textdomain_just_in_time was called <strong>incorrectly</strong>. Translation loading for the <code>emlvld</code> domain was triggered too early. This is usually an indicator for some code in the plugin or theme running too early. Translations should be loaded at the <code>init</code> action or later. Please see <a href="https://developer.wordpress.org/advanced-administration/debug/debug-wordpress/">Debugging in WordPress</a> for more information. (This message was added in version 6.7.0.) in /wordpress/wp-includes/functions.php on line 6121
[18-May-2025 02:35:14 UTC] PHP Notice:  Function _load_textdomain_just_in_time was called <strong>incorrectly</strong>. Translation loading for the <code>emlvld</code> domain was triggered too early. This is usually an indicator for some code in the plugin or theme running too early. Translations should be loaded at the <code>init</code> action or later. Please see <a href="https://developer.wordpress.org/advanced-administration/debug/debug-wordpress/">Debugging in WordPress</a> for more information. (This message was added in version 6.7.0.) in /wordpress/wp-includes/functions.php on line 6121
[18-May-2025 02:37:25 UTC] PHP Deprecated:  Function add_option was called with an argument that is <strong>deprecated</strong> since version 2.3.0 with no alternative available. in /wordpress/wp-includes/functions.php on line 6121
[18-May-2025 02:37:26 UTC] PHP Deprecated:  Function add_option was called with an argument that is <strong>deprecated</strong> since version 2.3.0 with no alternative available. in /wordpress/wp-includes/functions.php on line 6121
[18-May-2025 02:37:34 UTC] PHP Deprecated:  Function add_option was called with an argument that is <strong>deprecated</strong> since version 2.3.0 with no alternative available. in /wordpress/wp-includes/functions.php on line 6121
[18-May-2025 02:37:34 UTC] PHP Deprecated:  Function add_option was called with an argument that is <strong>deprecated</strong> since version 2.3.0 with no alternative available. in /wordpress/wp-includes/functions.php on line 6121
[18-May-2025 02:37:42 UTC] PHP Deprecated:  Function add_option was called with an argument that is <strong>deprecated</strong> since version 2.3.0 with no alternative available. in /wordpress/wp-includes/functions.php on line 6121
[18-May-2025 02:37:43 UTC] PHP Deprecated:  Function add_option was called with an argument that is <strong>deprecated</strong> since version 2.3.0 with no alternative available. in /wordpress/wp-includes/functions.php on line 6121
[18-May-2025 02:40:14 UTC] PHP Notice:  Function _load_textdomain_just_in_time was called <strong>incorrectly</strong>. Translation loading for the <code>easy-panorama</code> domain was triggered too early. This is usually an indicator for some code in the plugin or theme running too early. Translations should be loaded at the <code>init</code> action or later. Please see <a href="https://developer.wordpress.org/advanced-administration/debug/debug-wordpress/">Debugging in WordPress</a> for more information. (This message was added in version 6.7.0.) in /wordpress/wp-includes/functions.php on line 6121
[18-May-2025 02:40:23 UTC] PHP Notice:  Function _load_textdomain_just_in_time was called <strong>incorrectly</strong>. Translation loading for the <code>easy-panorama</code> domain was triggered too early. This is usually an indicator for some code in the plugin or theme running too early. Translations should be loaded at the <code>init</code> action or later. Please see <a href="https://developer.wordpress.org/advanced-administration/debug/debug-wordpress/">Debugging in WordPress</a> for more information. (This message was added in version 6.7.0.) in /wordpress/wp-includes/functions.php on line 6121
[18-May-2025 02:40:32 UTC] PHP Notice:  Function _load_textdomain_just_in_time was called <strong>incorrectly</strong>. Translation loading for the <code>easy-panorama</code> domain was triggered too early. This is usually an indicator for some code in the plugin or theme running too early. Translations should be loaded at the <code>init</code> action or later. Please see <a href="https://developer.wordpress.org/advanced-administration/debug/debug-wordpress/">Debugging in WordPress</a> for more information. (This message was added in version 6.7.0.) in /wordpress/wp-includes/functions.php on line 6121
[18-May-2025 02:41:36 UTC] WordPress database error <div style="clear:both">&nbsp;</div>
<div class="queries" style="clear:both;margin-bottom:2px;border:red dotted thin;">
<p>MySQL query:</p>
<p>CREATE TABLE wp_bank_details (
	  bank_id int(11) NOT NULL AUTO_INCREMENT,
	  bank_name varchar(255) NULL,
	  interest varchar(255) NULL,
	  PRIMARY KEY bank_id (bank_id)
	) ENGINE=InnoDB</p>
<p>Queries made or created this session were:</p>
<ol>
<li>Executing: BEGIN | (no parameters)</li>
<li>Executing: ROLLBACK | (no parameters)</li>
</ol>
</div>
<div style="clear:both;margin-bottom:2px;border:red dotted thin;" class="error_message" style="border-bottom:dotted blue thin;">
Error occurred at line 4117 in Function <code>handle_error</code>. Error message was: Cannot combine AUTOINCREMENT and multiple primary keys in SQLite.
</div>
<p>Backtrace:</p>
<pre>#0 /internal/shared/sqlite-database-integration/wp-includes/sqlite/class-wp-sqlite-db.php(287): WP_SQLite_Translator->get_error_message()
#1 /wordpress/wp-admin/includes/upgrade.php(3280): WP_SQLite_DB->query('CREATE TABLE wp...')
#2 /wordpress/wp-content/plugins/emi-calc/emi_calculator.php(21): dbDelta(Array)
#3 /wordpress/wp-includes/class-wp-hook.php(324): EMIc_activation(false)
#4 /wordpress/wp-includes/class-wp-hook.php(348): WP_Hook->apply_filters('', Array)
#5 /wordpress/wp-includes/plugin.php(517): WP_Hook->do_action(Array)
#6 /wordpress/wp-admin/includes/plugin.php(703): do_action('activate_emi-ca...', false)
#7 /internal/eval.php(20): activate_plugin('emi-calc/emi_ca...')
#8 {main}</pre>
 for query CREATE TABLE wp_bank_details (
	  bank_id int(11) NOT NULL AUTO_INCREMENT,
	  bank_name varchar(255) NULL,
	  interest varchar(255) NULL,
	  PRIMARY KEY bank_id (bank_id)
	) ENGINE=InnoDB made by activate_plugin, do_action('activate_emi-calc/emi_calculator.php'), WP_Hook->do_action, WP_Hook->apply_filters, EMIc_activation, dbDelta, WP_SQLite_DB->query, WP_SQLite_DB->print_error
[18-May-2025 02:41:45 UTC] WordPress database error <div style="clear:both">&nbsp;</div>
<div class="queries" style="clear:both;margin-bottom:2px;border:red dotted thin;">
<p>MySQL query:</p>
<p>CREATE TABLE wp_bank_details (
	  bank_id int(11) NOT NULL AUTO_INCREMENT,
	  bank_name varchar(255) NULL,
	  interest varchar(255) NULL,
	  PRIMARY KEY bank_id (bank_id)
	) ENGINE=InnoDB</p>
<p>Queries made or created this session were:</p>
<ol>
<li>Executing: BEGIN | (no parameters)</li>
<li>Executing: ROLLBACK | (no parameters)</li>
</ol>
</div>
<div style="clear:both;margin-bottom:2px;border:red dotted thin;" class="error_message" style="border-bottom:dotted blue thin;">
Error occurred at line 4117 in Function <code>handle_error</code>. Error message was: Cannot combine AUTOINCREMENT and multiple primary keys in SQLite.
</div>
<p>Backtrace:</p>
<pre>#0 /internal/shared/sqlite-database-integration/wp-includes/sqlite/class-wp-sqlite-db.php(287): WP_SQLite_Translator->get_error_message()
#1 /wordpress/wp-admin/includes/upgrade.php(3280): WP_SQLite_DB->query('CREATE TABLE wp...')
#2 /wordpress/wp-content/plugins/emi-calc/emi_calculator.php(21): dbDelta(Array)
#3 /wordpress/wp-includes/class-wp-hook.php(324): EMIc_activation(false)
#4 /wordpress/wp-includes/class-wp-hook.php(348): WP_Hook->apply_filters('', Array)
#5 /wordpress/wp-includes/plugin.php(517): WP_Hook->do_action(Array)
#6 /wordpress/wp-admin/includes/plugin.php(703): do_action('activate_emi-ca...', false)
#7 /internal/eval.php(20): activate_plugin('emi-calc/emi_ca...')
#8 {main}</pre>
 for query CREATE TABLE wp_bank_details (
	  bank_id int(11) NOT NULL AUTO_INCREMENT,
	  bank_name varchar(255) NULL,
	  interest varchar(255) NULL,
	  PRIMARY KEY bank_id (bank_id)
	) ENGINE=InnoDB made by activate_plugin, do_action('activate_emi-calc/emi_calculator.php'), WP_Hook->do_action, WP_Hook->apply_filters, EMIc_activation, dbDelta, WP_SQLite_DB->query, WP_SQLite_DB->print_error
[18-May-2025 02:42:50 UTC] EWZ: creating/updating tables 
[18-May-2025 02:42:50 UTC] EWZ: Array
(
    [wp_ewz_layout] => Created table wp_ewz_layout
)

[18-May-2025 02:42:50 UTC] EWZ: Array
(
    [wp_ewz_field] => Created table wp_ewz_field
)

[18-May-2025 02:42:50 UTC] EWZ: Array
(
    [wp_ewz_webform] => Created table wp_ewz_webform
)

[18-May-2025 02:42:50 UTC] EWZ: Array
(
    [wp_ewz_item] => Created table wp_ewz_item
)

[18-May-2025 02:43:00 UTC] EWZ: creating/updating tables 
[18-May-2025 02:43:00 UTC] EWZ: Array
(
    [wp_ewz_layout] => Created table wp_ewz_layout
)

[18-May-2025 02:43:00 UTC] EWZ: Array
(
    [wp_ewz_field] => Created table wp_ewz_field
)

[18-May-2025 02:43:00 UTC] EWZ: Array
(
    [wp_ewz_webform] => Created table wp_ewz_webform
)

[18-May-2025 02:43:00 UTC] EWZ: Array
(
    [wp_ewz_item] => Created table wp_ewz_item
)

[18-May-2025 02:43:00 UTC] WordPress database error <div style="clear:both">&nbsp;</div>
<div class="queries" style="clear:both;margin-bottom:2px;border:red dotted thin;">
<p>MySQL query:</p>
<p>ALTER TABLE wp_ewz_layout AUTO_INCREMENT=33;</p>
<p>Queries made or created this session were:</p>
<ol>
<li>Executing: BEGIN | (no parameters)</li>
<li>Executing: ROLLBACK | (no parameters)</li>
</ol>
</div>
<div style="clear:both;margin-bottom:2px;border:red dotted thin;" class="error_message" style="border-bottom:dotted blue thin;">
Error occurred at line 4117 in Function <code>handle_error</code>. Error message was: Unknown operation: AUTO_INCREMENT.
</div>
<p>Backtrace:</p>
<pre>#0 /internal/shared/sqlite-database-integration/wp-includes/sqlite/class-wp-sqlite-db.php(287): WP_SQLite_Translator->get_error_message()
#1 /wordpress/wp-content/plugins/entrywizard/classes/ewz-setup.php(83): WP_SQLite_DB->query('ALTER TABLE wp_...')
#2 /wordpress/wp-includes/class-wp-hook.php(324): Ewz_Setup::activate_or_install_ewz(false)
#3 /wordpress/wp-includes/class-wp-hook.php(348): WP_Hook->apply_filters('', Array)
#4 /wordpress/wp-includes/plugin.php(517): WP_Hook->do_action(Array)
#5 /wordpress/wp-admin/includes/plugin.php(703): do_action('activate_entryw...', false)
#6 /internal/eval.php(20): activate_plugin('entrywizard/ent...')
#7 {main}</pre>
 for query ALTER TABLE wp_ewz_layout AUTO_INCREMENT=33; made by activate_plugin, do_action('activate_entrywizard/entrywizard.php'), WP_Hook->do_action, WP_Hook->apply_filters, Ewz_Setup::activate_or_install_ewz, WP_SQLite_DB->query, WP_SQLite_DB->print_error
[18-May-2025 02:43:00 UTC] EWZ: DB Error <div style="clear:both">&nbsp;</div>
<div class="queries" style="clear:both;margin-bottom:2px;border:red dotted thin;">
<p>MySQL query:</p>
<p>ALTER TABLE wp_ewz_layout AUTO_INCREMENT=33;</p>
<p>Queries made or created this session were:</p>
<ol>
<li>Executing: BEGIN | (no parameters)</li>
<li>Executing: ROLLBACK | (no parameters)</li>
</ol>
</div>
<div style="clear:both;margin-bottom:2px;border:red dotted thin;" class="error_message" style="border-bottom:dotted blue thin;">
Error occurred at line 4117 in Function <code>handle_error</code>. Error message was: Unknown operation: AUTO_INCREMENT.
</div>
<p>Backtrace:</p>
<pre>#0 /internal/shared/sqlite-database-integration/wp-includes/sqlite/class-wp-sqlite-db.php(287): WP_SQLite_Translator->get_error_message()
#1 /wordpress/wp-content/plugins/entrywizard/classes/ewz-setup.php(83): WP_SQLite_DB->query('ALTER TABLE wp_...')
#2 /wordpress/wp-includes/class-wp-hook.php(324): Ewz_Setup::activate_or_install_ewz(false)
#3 /wordpress/wp-includes/class-wp-hook.php(348): WP_Hook->apply_filters('', Array)
#4 /wordpress/wp-includes/plugin.php(517): WP_Hook->do_action(Array)
#5 /wordpress/wp-admin/includes/plugin.php(703): do_action('activate_entryw...', false)
#6 /internal/eval.php(20): activate_plugin('entrywizard/ent...')
#7 {main}</pre>
 ;; # {user 1}~{ classes/ewz-setup.php, line 84 }~
[18-May-2025 02:43:00 UTC] PHP Fatal error:  Uncaught EWZ_Exception: *** EntryWizard ERROR *** DB Error &nbsp;

MySQL query:
ALTER TABLE wp_ewz_layout AUTO_INCREMENT=33;
Queries made or created this session were:

Executing: BEGIN | (no parameters)
Executing: ROLLBACK | (no parameters)



Error occurred at line 4117 in Function handle_error. Error message was: Unknown operation: AUTO_INCREMENT.

Backtrace:
#0 /internal/shared/sqlite-database-integration/wp-includes/sqlite/class-wp-sqlite-db.php(287): WP_SQLite_Translator-&gt;get_error_message()
#1 /wordpress/wp-content/plugins/entrywizard/classes/ewz-setup.php(83): WP_SQLite_DB-&gt;query('ALTER TABLE wp_...')
#2 /wordpress/wp-includes/class-wp-hook.php(324): Ewz_Setup::activate_or_install_ewz(false)
#3 /wordpress/wp-includes/class-wp-hook.php(348): WP_Hook-&gt;apply_filters('', Array)
#4 /wordpress/wp-includes/plugin.php(517): WP_Hook-&gt;do_action(Array)
#5 /wordpress/wp-admin/includes/plugin.php(703): do_action('activate_entryw...', false)
#6 /internal/eval.php(20): activate_plugin('entrywizard/ent...')
#7 {main}
 in /wordpress/wp-content/plugins/entrywizard/classes/ewz-setup.php:84
Stack trace:
#0 /wordpress/wp-includes/class-wp-hook.php(324): Ewz_Setup::activate_or_install_ewz(false)
#1 /wordpress/wp-includes/class-wp-hook.php(348): WP_Hook->apply_filters('', Array)
#2 /wordpress/wp-includes/plugin.php(517): WP_Hook->do_action(Array)
#3 /wordpress/wp-admin/includes/plugin.php(703): do_action('activate_entryw...', false)
#4 /internal/eval.php(20): activate_plugin('entrywizard/ent...')
#5 {main}
  thrown in /wordpress/wp-content/plugins/entrywizard/classes/ewz-setup.php on line 84
[18-May-2025 02:43:08 UTC] EWZ: creating/updating tables 
[18-May-2025 02:43:09 UTC] EWZ: Array
(
    [wp_ewz_layout] => Created table wp_ewz_layout
)

[18-May-2025 02:43:09 UTC] EWZ: Array
(
    [wp_ewz_field] => Created table wp_ewz_field
)

[18-May-2025 02:43:09 UTC] EWZ: Array
(
    [wp_ewz_webform] => Created table wp_ewz_webform
)

[18-May-2025 02:43:09 UTC] EWZ: Array
(
    [wp_ewz_item] => Created table wp_ewz_item
)

[18-May-2025 02:43:09 UTC] WordPress database error <div style="clear:both">&nbsp;</div>
<div class="queries" style="clear:both;margin-bottom:2px;border:red dotted thin;">
<p>MySQL query:</p>
<p>ALTER TABLE wp_ewz_layout AUTO_INCREMENT=33;</p>
<p>Queries made or created this session were:</p>
<ol>
<li>Executing: BEGIN | (no parameters)</li>
<li>Executing: ROLLBACK | (no parameters)</li>
</ol>
</div>
<div style="clear:both;margin-bottom:2px;border:red dotted thin;" class="error_message" style="border-bottom:dotted blue thin;">
Error occurred at line 4117 in Function <code>handle_error</code>. Error message was: Unknown operation: AUTO_INCREMENT.
</div>
<p>Backtrace:</p>
<pre>#0 /internal/shared/sqlite-database-integration/wp-includes/sqlite/class-wp-sqlite-db.php(287): WP_SQLite_Translator->get_error_message()
#1 /wordpress/wp-content/plugins/entrywizard/classes/ewz-setup.php(83): WP_SQLite_DB->query('ALTER TABLE wp_...')
#2 /wordpress/wp-includes/class-wp-hook.php(324): Ewz_Setup::activate_or_install_ewz(false)
#3 /wordpress/wp-includes/class-wp-hook.php(348): WP_Hook->apply_filters('', Array)
#4 /wordpress/wp-includes/plugin.php(517): WP_Hook->do_action(Array)
#5 /wordpress/wp-admin/includes/plugin.php(703): do_action('activate_entryw...', false)
#6 /internal/eval.php(20): activate_plugin('entrywizard/ent...')
#7 {main}</pre>
 for query ALTER TABLE wp_ewz_layout AUTO_INCREMENT=33; made by activate_plugin, do_action('activate_entrywizard/entrywizard.php'), WP_Hook->do_action, WP_Hook->apply_filters, Ewz_Setup::activate_or_install_ewz, WP_SQLite_DB->query, WP_SQLite_DB->print_error
[18-May-2025 02:43:09 UTC] EWZ: DB Error <div style="clear:both">&nbsp;</div>
<div class="queries" style="clear:both;margin-bottom:2px;border:red dotted thin;">
<p>MySQL query:</p>
<p>ALTER TABLE wp_ewz_layout AUTO_INCREMENT=33;</p>
<p>Queries made or created this session were:</p>
<ol>
<li>Executing: BEGIN | (no parameters)</li>
<li>Executing: ROLLBACK | (no parameters)</li>
</ol>
</div>
<div style="clear:both;margin-bottom:2px;border:red dotted thin;" class="error_message" style="border-bottom:dotted blue thin;">
Error occurred at line 4117 in Function <code>handle_error</code>. Error message was: Unknown operation: AUTO_INCREMENT.
</div>
<p>Backtrace:</p>
<pre>#0 /internal/shared/sqlite-database-integration/wp-includes/sqlite/class-wp-sqlite-db.php(287): WP_SQLite_Translator->get_error_message()
#1 /wordpress/wp-content/plugins/entrywizard/classes/ewz-setup.php(83): WP_SQLite_DB->query('ALTER TABLE wp_...')
#2 /wordpress/wp-includes/class-wp-hook.php(324): Ewz_Setup::activate_or_install_ewz(false)
#3 /wordpress/wp-includes/class-wp-hook.php(348): WP_Hook->apply_filters('', Array)
#4 /wordpress/wp-includes/plugin.php(517): WP_Hook->do_action(Array)
#5 /wordpress/wp-admin/includes/plugin.php(703): do_action('activate_entryw...', false)
#6 /internal/eval.php(20): activate_plugin('entrywizard/ent...')
#7 {main}</pre>
 ;; # {user 1}~{ classes/ewz-setup.php, line 84 }~
[18-May-2025 02:43:09 UTC] PHP Fatal error:  Uncaught EWZ_Exception: *** EntryWizard ERROR *** DB Error &nbsp;

MySQL query:
ALTER TABLE wp_ewz_layout AUTO_INCREMENT=33;
Queries made or created this session were:

Executing: BEGIN | (no parameters)
Executing: ROLLBACK | (no parameters)



Error occurred at line 4117 in Function handle_error. Error message was: Unknown operation: AUTO_INCREMENT.

Backtrace:
#0 /internal/shared/sqlite-database-integration/wp-includes/sqlite/class-wp-sqlite-db.php(287): WP_SQLite_Translator-&gt;get_error_message()
#1 /wordpress/wp-content/plugins/entrywizard/classes/ewz-setup.php(83): WP_SQLite_DB-&gt;query('ALTER TABLE wp_...')
#2 /wordpress/wp-includes/class-wp-hook.php(324): Ewz_Setup::activate_or_install_ewz(false)
#3 /wordpress/wp-includes/class-wp-hook.php(348): WP_Hook-&gt;apply_filters('', Array)
#4 /wordpress/wp-includes/plugin.php(517): WP_Hook-&gt;do_action(Array)
#5 /wordpress/wp-admin/includes/plugin.php(703): do_action('activate_entryw...', false)
#6 /internal/eval.php(20): activate_plugin('entrywizard/ent...')
#7 {main}
 in /wordpress/wp-content/plugins/entrywizard/classes/ewz-setup.php:84
Stack trace:
#0 /wordpress/wp-includes/class-wp-hook.php(324): Ewz_Setup::activate_or_install_ewz(false)
#1 /wordpress/wp-includes/class-wp-hook.php(348): WP_Hook->apply_filters('', Array)
#2 /wordpress/wp-includes/plugin.php(517): WP_Hook->do_action(Array)
#3 /wordpress/wp-admin/includes/plugin.php(703): do_action('activate_entryw...', false)
#4 /internal/eval.php(20): activate_plugin('entrywizard/ent...')
#5 {main}
  thrown in /wordpress/wp-content/plugins/entrywizard/classes/ewz-setup.php on line 84
[18-May-2025 02:43:17 UTC] PHP Warning:  require_once(/lib/wordpress_pre2.6.inc): Failed to open stream: No such file or directory in /wordpress/wp-content/plugins/ep-tools-eros-pedrini-tools-atom-fix/ep_tools_atom_fix.php on line 31
[18-May-2025 02:43:17 UTC] PHP Fatal error:  Uncaught Error: Failed opening required '/lib/wordpress_pre2.6.inc' (include_path='.:') in /wordpress/wp-content/plugins/ep-tools-eros-pedrini-tools-atom-fix/ep_tools_atom_fix.php:31
Stack trace:
#0 /wordpress/wp-admin/includes/plugin.php(2387): include_once()
#1 /wordpress/wp-admin/includes/plugin.php(673): plugin_sandbox_scrape('ep-tools-eros-p...')
#2 /internal/eval.php(20): activate_plugin('ep-tools-eros-p...')
#3 {main}
  thrown in /wordpress/wp-content/plugins/ep-tools-eros-pedrini-tools-atom-fix/ep_tools_atom_fix.php on line 31
[18-May-2025 02:43:25 UTC] PHP Warning:  require_once(/lib/wordpress_pre2.6.inc): Failed to open stream: No such file or directory in /wordpress/wp-content/plugins/ep-tools-eros-pedrini-tools-atom-fix/ep_tools_atom_fix.php on line 31
[18-May-2025 02:43:25 UTC] PHP Fatal error:  Uncaught Error: Failed opening required '/lib/wordpress_pre2.6.inc' (include_path='.:') in /wordpress/wp-content/plugins/ep-tools-eros-pedrini-tools-atom-fix/ep_tools_atom_fix.php:31
Stack trace:
#0 /wordpress/wp-admin/includes/plugin.php(2387): include_once()
#1 /wordpress/wp-admin/includes/plugin.php(673): plugin_sandbox_scrape('ep-tools-eros-p...')
#2 /internal/eval.php(20): activate_plugin('ep-tools-eros-p...')
#3 {main}
  thrown in /wordpress/wp-content/plugins/ep-tools-eros-pedrini-tools-atom-fix/ep_tools_atom_fix.php on line 31
[18-May-2025 02:43:32 UTC] PHP Warning:  require_once(/lib/wordpress_pre2.6.inc): Failed to open stream: No such file or directory in /wordpress/wp-content/plugins/ep-tools-eros-pedrini-tools-atom-fix/ep_tools_atom_fix.php on line 31
[18-May-2025 02:43:32 UTC] PHP Fatal error:  Uncaught Error: Failed opening required '/lib/wordpress_pre2.6.inc' (include_path='.:') in /wordpress/wp-content/plugins/ep-tools-eros-pedrini-tools-atom-fix/ep_tools_atom_fix.php:31
Stack trace:
#0 /wordpress/wp-admin/includes/plugin.php(2387): include_once()
#1 /wordpress/wp-admin/includes/plugin.php(673): plugin_sandbox_scrape('ep-tools-eros-p...')
#2 /internal/eval.php(20): activate_plugin('ep-tools-eros-p...')
#3 {main}
  thrown in /wordpress/wp-content/plugins/ep-tools-eros-pedrini-tools-atom-fix/ep_tools_atom_fix.php on line 31
[18-May-2025 02:45:01 UTC] PHP Deprecated:  Required parameter $include_event_tags follows optional parameter $post_id in /wordpress/wp-content/plugins/event-creator/lib/functions.php on line 352
[18-May-2025 02:45:02 UTC] PHP Deprecated:  Required parameter $include_event_tags follows optional parameter $post_id in /wordpress/wp-content/plugins/event-creator/lib/functions.php on line 352
[18-May-2025 02:45:10 UTC] PHP Deprecated:  Required parameter $include_event_tags follows optional parameter $post_id in /wordpress/wp-content/plugins/event-creator/lib/functions.php on line 352
[18-May-2025 02:45:10 UTC] PHP Deprecated:  Required parameter $include_event_tags follows optional parameter $post_id in /wordpress/wp-content/plugins/event-creator/lib/functions.php on line 352
[18-May-2025 02:45:18 UTC] PHP Deprecated:  Required parameter $include_event_tags follows optional parameter $post_id in /wordpress/wp-content/plugins/event-creator/lib/functions.php on line 352
[18-May-2025 02:45:19 UTC] PHP Deprecated:  Required parameter $include_event_tags follows optional parameter $post_id in /wordpress/wp-content/plugins/event-creator/lib/functions.php on line 352

    at Object.onBind (file:///home/runner/work/playground-tester/playground-tester/node_modules/@wp-playground/cli/index.js:237:15)
    at process.processTicksAndRejections (node:internal/process/task_queues:105:5)
    at async V (file:///home/runner/work/playground-tester/playground-tester/node_modules/@wp-playground/cli/index.js:64:10)
    at async ja (file:///home/runner/work/playground-tester/playground-tester/node_modules/@wp-playground/cli/cli.js:8161:12) {
  [cause]: Error: Error when executing the blueprint step #5 ({"step":"installPlugin","pluginData":{"resource":"wordpress.org/plugins","slug":"eventz-lite"},"options":{"activate":true}}) : Plugin /wordpress/wp-content/plugins/eventz-lite could not be activated – WordPress exited with no error. Sometimes, when $_SERVER or site options are not configured correctly, WordPress exits early with a 301 redirect. Inspect the "debug" logs in the console for more details.
      at Object.run (file:///home/runner/work/playground-tester/playground-tester/node_modules/@wp-playground/blueprints/index.js:12449:19)
      at process.processTicksAndRejections (node:internal/process/task_queues:105:5)
      at async ms (file:///home/runner/work/playground-tester/playground-tester/node_modules/@wp-playground/blueprints/index.js:12552:3)
      ... 2 lines matching cause stack trace ...
      at async ja (file:///home/runner/work/playground-tester/playground-tester/node_modules/@wp-playground/cli/cli.js:8161:12) {
    [cause]: Error: Plugin /wordpress/wp-content/plugins/eventz-lite could not be activated – WordPress exited with no error. Sometimes, when $_SERVER or site options are not configured correctly, WordPress exits early with a 301 redirect. Inspect the "debug" logs in the console for more details.
        at wr (file:///home/runner/work/playground-tester/playground-tester/node_modules/@wp-playground/blueprints/index.js:119:51)
        at process.processTicksAndRejections (node:internal/process/task_queues:105:5)
        at async Object.gt [as installPlugin] (file:///home/runner/work/playground-tester/playground-tester/node_modules/@wp-playground/blueprints/index.js:974:42)
        at async g (file:///home/runner/work/playground-tester/playground-tester/node_modules/@wp-playground/blueprints/index.js:12517:30)
        at async Object.run (file:///home/runner/work/playground-tester/playground-tester/node_modules/@wp-playground/blueprints/index.js:12446:23)
        at async ms (file:///home/runner/work/playground-tester/playground-tester/node_modules/@wp-playground/blueprints/index.js:12552:3)
        at async Object.onBind (file:///home/runner/work/playground-tester/playground-tester/node_modules/@wp-playground/cli/index.js:227:48)
        at async V (file:///home/runner/work/playground-tester/playground-tester/node_modules/@wp-playground/cli/index.js:64:10)
        at async ja (file:///home/runner/work/playground-tester/playground-tester/node_modules/@wp-playground/cli/cli.js:8161:12)
  }
}

Node.js v23.11.0
