file:///home/runner/work/playground-tester/playground-tester/node_modules/@wp-playground/cli/index.js:237
        throw new Error(y, { cause: u });
              ^

Error: [15-May-2025 16:57:05 UTC] PHP Deprecated:  WP_SQLite_Information_Schema_Exception::__construct(): Implicitly marking parameter $previous as nullable is deprecated, the explicit nullable type must be used instead in /internal/shared/sqlite-database-integration/wp-includes/sqlite-ast/class-wp-sqlite-information-schema-exception.php on line 37
[15-May-2025 16:57:07 UTC] PHP Deprecated:  WP_SQLite_Information_Schema_Exception::__construct(): Implicitly marking parameter $previous as nullable is deprecated, the explicit nullable type must be used instead in /internal/shared/sqlite-database-integration/wp-includes/sqlite-ast/class-wp-sqlite-information-schema-exception.php on line 37
[15-May-2025 16:57:08 UTC] PHP Deprecated:  WP_SQLite_Information_Schema_Exception::__construct(): Implicitly marking parameter $previous as nullable is deprecated, the explicit nullable type must be used instead in /internal/shared/sqlite-database-integration/wp-includes/sqlite-ast/class-wp-sqlite-information-schema-exception.php on line 37
[15-May-2025 16:57:19 UTC] WordPress database error <div style="clear:both">&nbsp;</div>
<div class="queries" style="clear:both;margin-bottom:2px;border:red dotted thin;">
<p>MySQL query:</p>
<p>ALTER TABLE `wp_trustindex_aliexpress_reviews` ADD highlight VARCHAR(11) NULL AFTER rating</p>
<p>Queries made or created this session were:</p>
<ol>
<li>Executing: BEGIN | (no parameters)</li>
<li>Executing: INSERT INTO _mysql_data_types_cache (`table`, `column_or_index`, `mysql_type`)
				VALUES (:table, :column, :datatype)
				ON CONFLICT(`table`, `column_or_index`) DO UPDATE SET `mysql_type` = :datatype
			 | parameters: wp_trustindex_aliexpress_reviews, HIGHLIGHT, varchar(11)</li>
<li>Executing: ALTER TABLE wp_trustindex_aliexpress_reviews ADD highlight text NULL   | (no parameters)</li>
<li>Executing: ROLLBACK | (no parameters)</li>
</ol>
</div>
<div style="clear:both;margin-bottom:2px;border:red dotted thin;" class="error_message" style="border-bottom:dotted blue thin;">
Error occurred at line 4117 in Function <code>handle_error</code>. Error message was: SQLSTATE[HY000]: General error: 1 duplicate column name: highlight.
</div>
<p>Backtrace:</p>
<pre>#0 /internal/shared/sqlite-database-integration/wp-includes/sqlite/class-wp-sqlite-db.php(287): WP_SQLite_Translator->get_error_message()
#1 /wordpress/wp-content/plugins/widgets-for-aliexpress-reviews/include/update.php(10): WP_SQLite_DB->query('ALTER TABLE `wp...')
#2 /wordpress/wp-content/plugins/widgets-for-aliexpress-reviews/trustindex-plugin.class.php(224): include('/wordpress/wp-c...')
#3 /wordpress/wp-includes/class-wp-hook.php(324): TrustindexPlugin_aliexpress->load('')
#4 /wordpress/wp-includes/class-wp-hook.php(348): WP_Hook->apply_filters(NULL, Array)
#5 /wordpress/wp-includes/plugin.php(517): WP_Hook->do_action(Array)
#6 /wordpress/wp-settings.php(578): do_action('plugins_loaded')
#7 /wordpress/wp-config.php(102): require_once('/wordpress/wp-s...')
#8 /wordpress/wp-load.php(50): require_once('/wordpress/wp-c...')
#9 /internal/eval.php(3): require_once('/wordpress/wp-l...')
#10 {main}</pre>
 for query ALTER TABLE `wp_trustindex_aliexpress_reviews` ADD highlight VARCHAR(11) NULL AFTER rating made by require_once('wp-load.php'), require_once('wp-config.php'), require_once('wp-settings.php'), do_action('plugins_loaded'), WP_Hook->do_action, WP_Hook->apply_filters, TrustindexPlugin_aliexpress->load, include('/plugins/widgets-for-aliexpress-reviews/include/update.php'), WP_SQLite_DB->query, WP_SQLite_DB->print_error
[15-May-2025 16:57:19 UTC] WordPress database error <div style="clear:both">&nbsp;</div>
<div class="queries" style="clear:both;margin-bottom:2px;border:red dotted thin;">
<p>MySQL query:</p>
<p>ALTER TABLE `wp_trustindex_aliexpress_reviews` ADD reply TEXT CHARACTER SET utf8mb4 COLLATE utf8mb4_general_ci NULL AFTER date</p>
<p>Queries made or created this session were:</p>
<ol>
<li>Executing: BEGIN | (no parameters)</li>
<li>Executing: INSERT INTO _mysql_data_types_cache (`table`, `column_or_index`, `mysql_type`)
				VALUES (:table, :column, :datatype)
				ON CONFLICT(`table`, `column_or_index`) DO UPDATE SET `mysql_type` = :datatype
			 | parameters: wp_trustindex_aliexpress_reviews, REPLY, text</li>
<li>Executing: ALTER TABLE wp_trustindex_aliexpress_reviews ADD reply text CHARACTER SET utf8mb4 COLLATE utf8mb4_general_ci NULL   | (no parameters)</li>
<li>Executing: ROLLBACK | (no parameters)</li>
</ol>
</div>
<div style="clear:both;margin-bottom:2px;border:red dotted thin;" class="error_message" style="border-bottom:dotted blue thin;">
Error occurred at line 4117 in Function <code>handle_error</code>. Error message was: SQLSTATE[HY000]: General error: 1 near "SET": syntax error.
</div>
<p>Backtrace:</p>
<pre>#0 /internal/shared/sqlite-database-integration/wp-includes/sqlite/class-wp-sqlite-db.php(287): WP_SQLite_Translator->get_error_message()
#1 /wordpress/wp-content/plugins/widgets-for-aliexpress-reviews/include/update.php(14): WP_SQLite_DB->query('ALTER TABLE `wp...')
#2 /wordpress/wp-content/plugins/widgets-for-aliexpress-reviews/trustindex-plugin.class.php(224): include('/wordpress/wp-c...')
#3 /wordpress/wp-includes/class-wp-hook.php(324): TrustindexPlugin_aliexpress->load('')
#4 /wordpress/wp-includes/class-wp-hook.php(348): WP_Hook->apply_filters(NULL, Array)
#5 /wordpress/wp-includes/plugin.php(517): WP_Hook->do_action(Array)
#6 /wordpress/wp-settings.php(578): do_action('plugins_loaded')
#7 /wordpress/wp-config.php(102): require_once('/wordpress/wp-s...')
#8 /wordpress/wp-load.php(50): require_once('/wordpress/wp-c...')
#9 /internal/eval.php(3): require_once('/wordpress/wp-l...')
#10 {main}</pre>
 for query ALTER TABLE `wp_trustindex_aliexpress_reviews` ADD reply TEXT CHARACTER SET utf8mb4 COLLATE utf8mb4_general_ci NULL AFTER date made by require_once('wp-load.php'), require_once('wp-config.php'), require_once('wp-settings.php'), do_action('plugins_loaded'), WP_Hook->do_action, WP_Hook->apply_filters, TrustindexPlugin_aliexpress->load, include('/plugins/widgets-for-aliexpress-reviews/include/update.php'), WP_SQLite_DB->query, WP_SQLite_DB->print_error
[15-May-2025 16:57:19 UTC] WordPress database error <div style="clear:both">&nbsp;</div>
<div class="queries" style="clear:both;margin-bottom:2px;border:red dotted thin;">
<p>MySQL query:</p>
<p>ALTER TABLE `wp_trustindex_aliexpress_reviews` ADD reviewId TEXT NULL AFTER date</p>
<p>Queries made or created this session were:</p>
<ol>
<li>Executing: BEGIN | (no parameters)</li>
<li>Executing: INSERT INTO _mysql_data_types_cache (`table`, `column_or_index`, `mysql_type`)
				VALUES (:table, :column, :datatype)
				ON CONFLICT(`table`, `column_or_index`) DO UPDATE SET `mysql_type` = :datatype
			 | parameters: wp_trustindex_aliexpress_reviews, REVIEWID, text</li>
<li>Executing: ALTER TABLE wp_trustindex_aliexpress_reviews ADD reviewId text NULL   | (no parameters)</li>
<li>Executing: ROLLBACK | (no parameters)</li>
</ol>
</div>
<div style="clear:both;margin-bottom:2px;border:red dotted thin;" class="error_message" style="border-bottom:dotted blue thin;">
Error occurred at line 4117 in Function <code>handle_error</code>. Error message was: SQLSTATE[HY000]: General error: 1 duplicate column name: reviewId.
</div>
<p>Backtrace:</p>
<pre>#0 /internal/shared/sqlite-database-integration/wp-includes/sqlite/class-wp-sqlite-db.php(287): WP_SQLite_Translator->get_error_message()
#1 /wordpress/wp-content/plugins/widgets-for-aliexpress-reviews/include/update.php(20): WP_SQLite_DB->query('ALTER TABLE `wp...')
#2 /wordpress/wp-content/plugins/widgets-for-aliexpress-reviews/trustindex-plugin.class.php(224): include('/wordpress/wp-c...')
#3 /wordpress/wp-includes/class-wp-hook.php(324): TrustindexPlugin_aliexpress->load('')
#4 /wordpress/wp-includes/class-wp-hook.php(348): WP_Hook->apply_filters(NULL, Array)
#5 /wordpress/wp-includes/plugin.php(517): WP_Hook->do_action(Array)
#6 /wordpress/wp-settings.php(578): do_action('plugins_loaded')
#7 /wordpress/wp-config.php(102): require_once('/wordpress/wp-s...')
#8 /wordpress/wp-load.php(50): require_once('/wordpress/wp-c...')
#9 /internal/eval.php(3): require_once('/wordpress/wp-l...')
#10 {main}</pre>
 for query ALTER TABLE `wp_trustindex_aliexpress_reviews` ADD reviewId TEXT NULL AFTER date made by require_once('wp-load.php'), require_once('wp-config.php'), require_once('wp-settings.php'), do_action('plugins_loaded'), WP_Hook->do_action, WP_Hook->apply_filters, TrustindexPlugin_aliexpress->load, include('/plugins/widgets-for-aliexpress-reviews/include/update.php'), WP_SQLite_DB->query, WP_SQLite_DB->print_error
[15-May-2025 16:57:19 UTC] WordPress database error <div style="clear:both">&nbsp;</div>
<div class="queries" style="clear:both;margin-bottom:2px;border:red dotted thin;">
<p>MySQL query:</p>
<p>ALTER TABLE `wp_trustindex_aliexpress_reviews` ADD hidden TINYINT(1) NOT NULL DEFAULT 0 AFTER id</p>
<p>Queries made or created this session were:</p>
<ol>
<li>Executing: BEGIN | (no parameters)</li>
<li>Executing: INSERT INTO _mysql_data_types_cache (`table`, `column_or_index`, `mysql_type`)
				VALUES (:table, :column, :datatype)
				ON CONFLICT(`table`, `column_or_index`) DO UPDATE SET `mysql_type` = :datatype
			 | parameters: wp_trustindex_aliexpress_reviews, HIDDEN, tinyint(1)</li>
<li>Executing: ALTER TABLE wp_trustindex_aliexpress_reviews ADD hidden integer NOT NULL DEFAULT 0   | (no parameters)</li>
<li>Executing: ROLLBACK | (no parameters)</li>
</ol>
</div>
<div style="clear:both;margin-bottom:2px;border:red dotted thin;" class="error_message" style="border-bottom:dotted blue thin;">
Error occurred at line 4117 in Function <code>handle_error</code>. Error message was: SQLSTATE[HY000]: General error: 1 duplicate column name: hidden.
</div>
<p>Backtrace:</p>
<pre>#0 /internal/shared/sqlite-database-integration/wp-includes/sqlite/class-wp-sqlite-db.php(287): WP_SQLite_Translator->get_error_message()
#1 /wordpress/wp-content/plugins/widgets-for-aliexpress-reviews/include/update.php(24): WP_SQLite_DB->query('ALTER TABLE `wp...')
#2 /wordpress/wp-content/plugins/widgets-for-aliexpress-reviews/trustindex-plugin.class.php(224): include('/wordpress/wp-c...')
#3 /wordpress/wp-includes/class-wp-hook.php(324): TrustindexPlugin_aliexpress->load('')
#4 /wordpress/wp-includes/class-wp-hook.php(348): WP_Hook->apply_filters(NULL, Array)
#5 /wordpress/wp-includes/plugin.php(517): WP_Hook->do_action(Array)
#6 /wordpress/wp-settings.php(578): do_action('plugins_loaded')
#7 /wordpress/wp-config.php(102): require_once('/wordpress/wp-s...')
#8 /wordpress/wp-load.php(50): require_once('/wordpress/wp-c...')
#9 /internal/eval.php(3): require_once('/wordpress/wp-l...')
#10 {main}</pre>
 for query ALTER TABLE `wp_trustindex_aliexpress_reviews` ADD hidden TINYINT(1) NOT NULL DEFAULT 0 AFTER id made by require_once('wp-load.php'), require_once('wp-config.php'), require_once('wp-settings.php'), do_action('plugins_loaded'), WP_Hook->do_action, WP_Hook->apply_filters, TrustindexPlugin_aliexpress->load, include('/plugins/widgets-for-aliexpress-reviews/include/update.php'), WP_SQLite_DB->query, WP_SQLite_DB->print_error
[15-May-2025 16:57:31 UTC] WordPress database error <div style="clear:both">&nbsp;</div>
<div class="queries" style="clear:both;margin-bottom:2px;border:red dotted thin;">
<p>MySQL query:</p>
<p>ALTER TABLE `wp_trustindex_aliexpress_reviews` ADD highlight VARCHAR(11) NULL AFTER rating</p>
<p>Queries made or created this session were:</p>
<ol>
<li>Executing: BEGIN | (no parameters)</li>
<li>Executing: INSERT INTO _mysql_data_types_cache (`table`, `column_or_index`, `mysql_type`)
				VALUES (:table, :column, :datatype)
				ON CONFLICT(`table`, `column_or_index`) DO UPDATE SET `mysql_type` = :datatype
			 | parameters: wp_trustindex_aliexpress_reviews, HIGHLIGHT, varchar(11)</li>
<li>Executing: ALTER TABLE wp_trustindex_aliexpress_reviews ADD highlight text NULL   | (no parameters)</li>
<li>Executing: ROLLBACK | (no parameters)</li>
</ol>
</div>
<div style="clear:both;margin-bottom:2px;border:red dotted thin;" class="error_message" style="border-bottom:dotted blue thin;">
Error occurred at line 4117 in Function <code>handle_error</code>. Error message was: SQLSTATE[HY000]: General error: 1 duplicate column name: highlight.
</div>
<p>Backtrace:</p>
<pre>#0 /internal/shared/sqlite-database-integration/wp-includes/sqlite/class-wp-sqlite-db.php(287): WP_SQLite_Translator->get_error_message()
#1 /wordpress/wp-content/plugins/widgets-for-aliexpress-reviews/include/update.php(10): WP_SQLite_DB->query('ALTER TABLE `wp...')
#2 /wordpress/wp-content/plugins/widgets-for-aliexpress-reviews/trustindex-plugin.class.php(224): include('/wordpress/wp-c...')
#3 /wordpress/wp-includes/class-wp-hook.php(324): TrustindexPlugin_aliexpress->load('')
#4 /wordpress/wp-includes/class-wp-hook.php(348): WP_Hook->apply_filters(NULL, Array)
#5 /wordpress/wp-includes/plugin.php(517): WP_Hook->do_action(Array)
#6 /wordpress/wp-settings.php(578): do_action('plugins_loaded')
#7 /wordpress/wp-config.php(102): require_once('/wordpress/wp-s...')
#8 /wordpress/wp-load.php(50): require_once('/wordpress/wp-c...')
#9 /internal/eval.php(3): require_once('/wordpress/wp-l...')
#10 {main}</pre>
 for query ALTER TABLE `wp_trustindex_aliexpress_reviews` ADD highlight VARCHAR(11) NULL AFTER rating made by require_once('wp-load.php'), require_once('wp-config.php'), require_once('wp-settings.php'), do_action('plugins_loaded'), WP_Hook->do_action, WP_Hook->apply_filters, TrustindexPlugin_aliexpress->load, include('/plugins/widgets-for-aliexpress-reviews/include/update.php'), WP_SQLite_DB->query, WP_SQLite_DB->print_error
[15-May-2025 16:57:31 UTC] WordPress database error <div style="clear:both">&nbsp;</div>
<div class="queries" style="clear:both;margin-bottom:2px;border:red dotted thin;">
<p>MySQL query:</p>
<p>ALTER TABLE `wp_trustindex_aliexpress_reviews` ADD reply TEXT CHARACTER SET utf8mb4 COLLATE utf8mb4_general_ci NULL AFTER date</p>
<p>Queries made or created this session were:</p>
<ol>
<li>Executing: BEGIN | (no parameters)</li>
<li>Executing: INSERT INTO _mysql_data_types_cache (`table`, `column_or_index`, `mysql_type`)
				VALUES (:table, :column, :datatype)
				ON CONFLICT(`table`, `column_or_index`) DO UPDATE SET `mysql_type` = :datatype
			 | parameters: wp_trustindex_aliexpress_reviews, REPLY, text</li>
<li>Executing: ALTER TABLE wp_trustindex_aliexpress_reviews ADD reply text CHARACTER SET utf8mb4 COLLATE utf8mb4_general_ci NULL   | (no parameters)</li>
<li>Executing: ROLLBACK | (no parameters)</li>
</ol>
</div>
<div style="clear:both;margin-bottom:2px;border:red dotted thin;" class="error_message" style="border-bottom:dotted blue thin;">
Error occurred at line 4117 in Function <code>handle_error</code>. Error message was: SQLSTATE[HY000]: General error: 1 near "SET": syntax error.
</div>
<p>Backtrace:</p>
<pre>#0 /internal/shared/sqlite-database-integration/wp-includes/sqlite/class-wp-sqlite-db.php(287): WP_SQLite_Translator->get_error_message()
#1 /wordpress/wp-content/plugins/widgets-for-aliexpress-reviews/include/update.php(14): WP_SQLite_DB->query('ALTER TABLE `wp...')
#2 /wordpress/wp-content/plugins/widgets-for-aliexpress-reviews/trustindex-plugin.class.php(224): include('/wordpress/wp-c...')
#3 /wordpress/wp-includes/class-wp-hook.php(324): TrustindexPlugin_aliexpress->load('')
#4 /wordpress/wp-includes/class-wp-hook.php(348): WP_Hook->apply_filters(NULL, Array)
#5 /wordpress/wp-includes/plugin.php(517): WP_Hook->do_action(Array)
#6 /wordpress/wp-settings.php(578): do_action('plugins_loaded')
#7 /wordpress/wp-config.php(102): require_once('/wordpress/wp-s...')
#8 /wordpress/wp-load.php(50): require_once('/wordpress/wp-c...')
#9 /internal/eval.php(3): require_once('/wordpress/wp-l...')
#10 {main}</pre>
 for query ALTER TABLE `wp_trustindex_aliexpress_reviews` ADD reply TEXT CHARACTER SET utf8mb4 COLLATE utf8mb4_general_ci NULL AFTER date made by require_once('wp-load.php'), require_once('wp-config.php'), require_once('wp-settings.php'), do_action('plugins_loaded'), WP_Hook->do_action, WP_Hook->apply_filters, TrustindexPlugin_aliexpress->load, include('/plugins/widgets-for-aliexpress-reviews/include/update.php'), WP_SQLite_DB->query, WP_SQLite_DB->print_error
[15-May-2025 16:57:31 UTC] WordPress database error <div style="clear:both">&nbsp;</div>
<div class="queries" style="clear:both;margin-bottom:2px;border:red dotted thin;">
<p>MySQL query:</p>
<p>ALTER TABLE `wp_trustindex_aliexpress_reviews` ADD reviewId TEXT NULL AFTER date</p>
<p>Queries made or created this session were:</p>
<ol>
<li>Executing: BEGIN | (no parameters)</li>
<li>Executing: INSERT INTO _mysql_data_types_cache (`table`, `column_or_index`, `mysql_type`)
				VALUES (:table, :column, :datatype)
				ON CONFLICT(`table`, `column_or_index`) DO UPDATE SET `mysql_type` = :datatype
			 | parameters: wp_trustindex_aliexpress_reviews, REVIEWID, text</li>
<li>Executing: ALTER TABLE wp_trustindex_aliexpress_reviews ADD reviewId text NULL   | (no parameters)</li>
<li>Executing: ROLLBACK | (no parameters)</li>
</ol>
</div>
<div style="clear:both;margin-bottom:2px;border:red dotted thin;" class="error_message" style="border-bottom:dotted blue thin;">
Error occurred at line 4117 in Function <code>handle_error</code>. Error message was: SQLSTATE[HY000]: General error: 1 duplicate column name: reviewId.
</div>
<p>Backtrace:</p>
<pre>#0 /internal/shared/sqlite-database-integration/wp-includes/sqlite/class-wp-sqlite-db.php(287): WP_SQLite_Translator->get_error_message()
#1 /wordpress/wp-content/plugins/widgets-for-aliexpress-reviews/include/update.php(20): WP_SQLite_DB->query('ALTER TABLE `wp...')
#2 /wordpress/wp-content/plugins/widgets-for-aliexpress-reviews/trustindex-plugin.class.php(224): include('/wordpress/wp-c...')
#3 /wordpress/wp-includes/class-wp-hook.php(324): TrustindexPlugin_aliexpress->load('')
#4 /wordpress/wp-includes/class-wp-hook.php(348): WP_Hook->apply_filters(NULL, Array)
#5 /wordpress/wp-includes/plugin.php(517): WP_Hook->do_action(Array)
#6 /wordpress/wp-settings.php(578): do_action('plugins_loaded')
#7 /wordpress/wp-config.php(102): require_once('/wordpress/wp-s...')
#8 /wordpress/wp-load.php(50): require_once('/wordpress/wp-c...')
#9 /internal/eval.php(3): require_once('/wordpress/wp-l...')
#10 {main}</pre>
 for query ALTER TABLE `wp_trustindex_aliexpress_reviews` ADD reviewId TEXT NULL AFTER date made by require_once('wp-load.php'), require_once('wp-config.php'), require_once('wp-settings.php'), do_action('plugins_loaded'), WP_Hook->do_action, WP_Hook->apply_filters, TrustindexPlugin_aliexpress->load, include('/plugins/widgets-for-aliexpress-reviews/include/update.php'), WP_SQLite_DB->query, WP_SQLite_DB->print_error
[15-May-2025 16:57:31 UTC] WordPress database error <div style="clear:both">&nbsp;</div>
<div class="queries" style="clear:both;margin-bottom:2px;border:red dotted thin;">
<p>MySQL query:</p>
<p>ALTER TABLE `wp_trustindex_aliexpress_reviews` ADD hidden TINYINT(1) NOT NULL DEFAULT 0 AFTER id</p>
<p>Queries made or created this session were:</p>
<ol>
<li>Executing: BEGIN | (no parameters)</li>
<li>Executing: INSERT INTO _mysql_data_types_cache (`table`, `column_or_index`, `mysql_type`)
				VALUES (:table, :column, :datatype)
				ON CONFLICT(`table`, `column_or_index`) DO UPDATE SET `mysql_type` = :datatype
			 | parameters: wp_trustindex_aliexpress_reviews, HIDDEN, tinyint(1)</li>
<li>Executing: ALTER TABLE wp_trustindex_aliexpress_reviews ADD hidden integer NOT NULL DEFAULT 0   | (no parameters)</li>
<li>Executing: ROLLBACK | (no parameters)</li>
</ol>
</div>
<div style="clear:both;margin-bottom:2px;border:red dotted thin;" class="error_message" style="border-bottom:dotted blue thin;">
Error occurred at line 4117 in Function <code>handle_error</code>. Error message was: SQLSTATE[HY000]: General error: 1 duplicate column name: hidden.
</div>
<p>Backtrace:</p>
<pre>#0 /internal/shared/sqlite-database-integration/wp-includes/sqlite/class-wp-sqlite-db.php(287): WP_SQLite_Translator->get_error_message()
#1 /wordpress/wp-content/plugins/widgets-for-aliexpress-reviews/include/update.php(24): WP_SQLite_DB->query('ALTER TABLE `wp...')
#2 /wordpress/wp-content/plugins/widgets-for-aliexpress-reviews/trustindex-plugin.class.php(224): include('/wordpress/wp-c...')
#3 /wordpress/wp-includes/class-wp-hook.php(324): TrustindexPlugin_aliexpress->load('')
#4 /wordpress/wp-includes/class-wp-hook.php(348): WP_Hook->apply_filters(NULL, Array)
#5 /wordpress/wp-includes/plugin.php(517): WP_Hook->do_action(Array)
#6 /wordpress/wp-settings.php(578): do_action('plugins_loaded')
#7 /wordpress/wp-config.php(102): require_once('/wordpress/wp-s...')
#8 /wordpress/wp-load.php(50): require_once('/wordpress/wp-c...')
#9 /internal/eval.php(3): require_once('/wordpress/wp-l...')
#10 {main}</pre>
 for query ALTER TABLE `wp_trustindex_aliexpress_reviews` ADD hidden TINYINT(1) NOT NULL DEFAULT 0 AFTER id made by require_once('wp-load.php'), require_once('wp-config.php'), require_once('wp-settings.php'), do_action('plugins_loaded'), WP_Hook->do_action, WP_Hook->apply_filters, TrustindexPlugin_aliexpress->load, include('/plugins/widgets-for-aliexpress-reviews/include/update.php'), WP_SQLite_DB->query, WP_SQLite_DB->print_error
[15-May-2025 16:57:44 UTC] PHP Warning:  The use statement with non-compound name 'Exception' has no effect in /wordpress/wp-content/plugins/wl-wc-newsletter/db/upgrade_to_1_1.php on line 5
[15-May-2025 16:57:44 UTC] PHP Warning:  The use statement with non-compound name 'PDOException' has no effect in /wordpress/wp-content/plugins/wl-wc-newsletter/db/upgrade_to_1_1.php on line 6
[15-May-2025 16:57:44 UTC] PHP Warning:  The use statement with non-compound name 'PDO' has no effect in /wordpress/wp-content/plugins/wl-wc-newsletter/db/upgrade_to_1_1.php on line 7
[15-May-2025 16:57:44 UTC] PHP Fatal error:  Uncaught PDOException: SQLSTATE[HY000] [2002] Address family not supported by protocol in /wordpress/wp-content/plugins/wl-wc-newsletter/db/upgrade_to_1_1.php:20
Stack trace:
#0 /wordpress/wp-content/plugins/wl-wc-newsletter/db/upgrade_to_1_1.php(20): PDO->__construct('mysql:host=loca...', 'username_here', 'password_here')
#1 /wordpress/wp-content/plugins/wl-wc-newsletter/db/migrate.php(159): require_once('/wordpress/wp-c...')
#2 /wordpress/wp-content/plugins/wl-wc-newsletter/admin_functions.php(390): require_once('/wordpress/wp-c...')
#3 /wordpress/wp-includes/class-wp-hook.php(324): wlwcn_activated(false)
#4 /wordpress/wp-includes/class-wp-hook.php(348): WP_Hook->apply_filters('', Array)
#5 /wordpress/wp-includes/plugin.php(517): WP_Hook->do_action(Array)
#6 /wordpress/wp-admin/includes/plugin.php(703): do_action('activate_wl-wc-...', false)
#7 /internal/eval.php(20): activate_plugin('wl-wc-newslette...')
#8 {main}
  thrown in /wordpress/wp-content/plugins/wl-wc-newsletter/db/upgrade_to_1_1.php on line 20
[15-May-2025 16:57:57 UTC] PHP Warning:  The use statement with non-compound name 'Exception' has no effect in /wordpress/wp-content/plugins/wl-wc-newsletter/db/upgrade_to_1_1.php on line 5
[15-May-2025 16:57:57 UTC] PHP Warning:  The use statement with non-compound name 'PDOException' has no effect in /wordpress/wp-content/plugins/wl-wc-newsletter/db/upgrade_to_1_1.php on line 6
[15-May-2025 16:57:57 UTC] PHP Warning:  The use statement with non-compound name 'PDO' has no effect in /wordpress/wp-content/plugins/wl-wc-newsletter/db/upgrade_to_1_1.php on line 7
[15-May-2025 16:57:57 UTC] PHP Fatal error:  Uncaught PDOException: SQLSTATE[HY000] [2002] Address family not supported by protocol in /wordpress/wp-content/plugins/wl-wc-newsletter/db/upgrade_to_1_1.php:20
Stack trace:
#0 /wordpress/wp-content/plugins/wl-wc-newsletter/db/upgrade_to_1_1.php(20): PDO->__construct('mysql:host=loca...', 'username_here', 'password_here')
#1 /wordpress/wp-content/plugins/wl-wc-newsletter/db/migrate.php(159): require_once('/wordpress/wp-c...')
#2 /wordpress/wp-content/plugins/wl-wc-newsletter/admin_functions.php(390): require_once('/wordpress/wp-c...')
#3 /wordpress/wp-includes/class-wp-hook.php(324): wlwcn_activated(false)
#4 /wordpress/wp-includes/class-wp-hook.php(348): WP_Hook->apply_filters('', Array)
#5 /wordpress/wp-includes/plugin.php(517): WP_Hook->do_action(Array)
#6 /wordpress/wp-admin/includes/plugin.php(703): do_action('activate_wl-wc-...', false)
#7 /internal/eval.php(20): activate_plugin('wl-wc-newslette...')
#8 {main}
  thrown in /wordpress/wp-content/plugins/wl-wc-newsletter/db/upgrade_to_1_1.php on line 20
[15-May-2025 16:58:09 UTC] PHP Warning:  The use statement with non-compound name 'Exception' has no effect in /wordpress/wp-content/plugins/wl-wc-newsletter/db/upgrade_to_1_1.php on line 5
[15-May-2025 16:58:09 UTC] PHP Warning:  The use statement with non-compound name 'PDOException' has no effect in /wordpress/wp-content/plugins/wl-wc-newsletter/db/upgrade_to_1_1.php on line 6
[15-May-2025 16:58:09 UTC] PHP Warning:  The use statement with non-compound name 'PDO' has no effect in /wordpress/wp-content/plugins/wl-wc-newsletter/db/upgrade_to_1_1.php on line 7
[15-May-2025 16:58:09 UTC] PHP Fatal error:  Uncaught PDOException: SQLSTATE[HY000] [2002] Address family not supported by protocol in /wordpress/wp-content/plugins/wl-wc-newsletter/db/upgrade_to_1_1.php:20
Stack trace:
#0 /wordpress/wp-content/plugins/wl-wc-newsletter/db/upgrade_to_1_1.php(20): PDO->__construct('mysql:host=loca...', 'username_here', 'password_here')
#1 /wordpress/wp-content/plugins/wl-wc-newsletter/db/migrate.php(159): require_once('/wordpress/wp-c...')
#2 /wordpress/wp-content/plugins/wl-wc-newsletter/admin_functions.php(390): require_once('/wordpress/wp-c...')
#3 /wordpress/wp-includes/class-wp-hook.php(324): wlwcn_activated(false)
#4 /wordpress/wp-includes/class-wp-hook.php(348): WP_Hook->apply_filters('', Array)
#5 /wordpress/wp-includes/plugin.php(517): WP_Hook->do_action(Array)
#6 /wordpress/wp-admin/includes/plugin.php(703): do_action('activate_wl-wc-...', false)
#7 /internal/eval.php(20): activate_plugin('wl-wc-newslette...')
#8 {main}
  thrown in /wordpress/wp-content/plugins/wl-wc-newsletter/db/upgrade_to_1_1.php on line 20
[15-May-2025 16:59:09 UTC] PHP Fatal error:  Cannot redeclare add_term_meta() (previously declared in /wordpress/wp-includes/taxonomy.php:1401) in /wordpress/wp-content/plugins/wordpress3-invoice/core/client.php on line 288
[15-May-2025 16:59:16 UTC] PHP Fatal error:  Cannot redeclare add_term_meta() (previously declared in /wordpress/wp-includes/taxonomy.php:1401) in /wordpress/wp-content/plugins/wordpress3-invoice/core/client.php on line 288
[15-May-2025 16:59:23 UTC] PHP Fatal error:  Cannot redeclare add_term_meta() (previously declared in /wordpress/wp-includes/taxonomy.php:1401) in /wordpress/wp-content/plugins/wordpress3-invoice/core/client.php on line 288
[15-May-2025 17:01:08 UTC] PHP Fatal error:  Uncaught Error: Failed opening required '/wordpress/wp-content/plugins/wp-rss-sticky/library/wordpress/application.php' (include_path='.:') in /wordpress/wp-content/plugins/wp-rss-sticky/index.php:10
Stack trace:
#0 /wordpress/wp-admin/includes/plugin.php(2387): include_once()
#1 /wordpress/wp-admin/includes/plugin.php(673): plugin_sandbox_scrape('wp-rss-sticky/i...')
#2 /internal/eval.php(20): activate_plugin('wp-rss-sticky/i...')
#3 {main}
  thrown in /wordpress/wp-content/plugins/wp-rss-sticky/index.php on line 10
[15-May-2025 17:01:16 UTC] PHP Fatal error:  Uncaught Error: Failed opening required '/wordpress/wp-content/plugins/wp-rss-sticky/library/wordpress/application.php' (include_path='.:') in /wordpress/wp-content/plugins/wp-rss-sticky/index.php:10
Stack trace:
#0 /wordpress/wp-admin/includes/plugin.php(2387): include_once()
#1 /wordpress/wp-admin/includes/plugin.php(673): plugin_sandbox_scrape('wp-rss-sticky/i...')
#2 /internal/eval.php(20): activate_plugin('wp-rss-sticky/i...')
#3 {main}
  thrown in /wordpress/wp-content/plugins/wp-rss-sticky/index.php on line 10
[15-May-2025 17:01:23 UTC] PHP Fatal error:  Uncaught Error: Failed opening required '/wordpress/wp-content/plugins/wp-rss-sticky/library/wordpress/application.php' (include_path='.:') in /wordpress/wp-content/plugins/wp-rss-sticky/index.php:10
Stack trace:
#0 /wordpress/wp-admin/includes/plugin.php(2387): include_once()
#1 /wordpress/wp-admin/includes/plugin.php(673): plugin_sandbox_scrape('wp-rss-sticky/i...')
#2 /internal/eval.php(20): activate_plugin('wp-rss-sticky/i...')
#3 {main}
  thrown in /wordpress/wp-content/plugins/wp-rss-sticky/index.php on line 10
[15-May-2025 17:01:32 UTC] PHP Deprecated:  Function load_plugin_textdomain was called with an argument that is <strong>deprecated</strong> since version 2.7.0 with no alternative available. in /wordpress/wp-includes/functions.php on line 6121
[15-May-2025 17:01:33 UTC] PHP Deprecated:  Function load_plugin_textdomain was called with an argument that is <strong>deprecated</strong> since version 2.7.0 with no alternative available. in /wordpress/wp-includes/functions.php on line 6121
[15-May-2025 17:01:33 UTC] PHP Deprecated:  The called constructor method for WP_Widget class in Shinystat_Widget is <strong>deprecated</strong> since version 4.3.0! Use <code>__construct()</code> instead. in /wordpress/wp-includes/functions.php on line 6121
[15-May-2025 17:01:40 UTC] PHP Deprecated:  Function load_plugin_textdomain was called with an argument that is <strong>deprecated</strong> since version 2.7.0 with no alternative available. in /wordpress/wp-includes/functions.php on line 6121
[15-May-2025 17:01:41 UTC] PHP Deprecated:  Function load_plugin_textdomain was called with an argument that is <strong>deprecated</strong> since version 2.7.0 with no alternative available. in /wordpress/wp-includes/functions.php on line 6121
[15-May-2025 17:01:41 UTC] PHP Deprecated:  The called constructor method for WP_Widget class in Shinystat_Widget is <strong>deprecated</strong> since version 4.3.0! Use <code>__construct()</code> instead. in /wordpress/wp-includes/functions.php on line 6121
[15-May-2025 17:01:49 UTC] PHP Deprecated:  Function load_plugin_textdomain was called with an argument that is <strong>deprecated</strong> since version 2.7.0 with no alternative available. in /wordpress/wp-includes/functions.php on line 6121
[15-May-2025 17:01:49 UTC] PHP Deprecated:  Function load_plugin_textdomain was called with an argument that is <strong>deprecated</strong> since version 2.7.0 with no alternative available. in /wordpress/wp-includes/functions.php on line 6121
[15-May-2025 17:01:50 UTC] PHP Deprecated:  The called constructor method for WP_Widget class in Shinystat_Widget is <strong>deprecated</strong> since version 4.3.0! Use <code>__construct()</code> instead. in /wordpress/wp-includes/functions.php on line 6121
[15-May-2025 17:03:43 UTC] PHP Notice:  Function _load_textdomain_just_in_time was called <strong>incorrectly</strong>. Translation loading for the <code>woocommerce</code> domain was triggered too early. This is usually an indicator for some code in the plugin or theme running too early. Translations should be loaded at the <code>init</code> action or later. Please see <a href="https://developer.wordpress.org/advanced-administration/debug/debug-wordpress/">Debugging in WordPress</a> for more information. (This message was added in version 6.7.0.) in /wordpress/wp-includes/functions.php on line 6121
[15-May-2025 17:03:51 UTC] PHP Warning:  Undefined array key "REMOTE_ADDR" in /wordpress/wp-content/plugins/woo-auto-coupons/wac_functions.php on line 816
[15-May-2025 17:04:24 UTC] PHP Notice:  Function _load_textdomain_just_in_time was called <strong>incorrectly</strong>. Translation loading for the <code>woocommerce</code> domain was triggered too early. This is usually an indicator for some code in the plugin or theme running too early. Translations should be loaded at the <code>init</code> action or later. Please see <a href="https://developer.wordpress.org/advanced-administration/debug/debug-wordpress/">Debugging in WordPress</a> for more information. (This message was added in version 6.7.0.) in /wordpress/wp-includes/functions.php on line 6121
[15-May-2025 17:04:31 UTC] PHP Warning:  Undefined array key "REMOTE_ADDR" in /wordpress/wp-content/plugins/woo-auto-coupons/wac_functions.php on line 816
[15-May-2025 17:05:03 UTC] PHP Notice:  Function _load_textdomain_just_in_time was called <strong>incorrectly</strong>. Translation loading for the <code>woocommerce</code> domain was triggered too early. This is usually an indicator for some code in the plugin or theme running too early. Translations should be loaded at the <code>init</code> action or later. Please see <a href="https://developer.wordpress.org/advanced-administration/debug/debug-wordpress/">Debugging in WordPress</a> for more information. (This message was added in version 6.7.0.) in /wordpress/wp-includes/functions.php on line 6121
[15-May-2025 17:05:09 UTC] PHP Warning:  Undefined array key "REMOTE_ADDR" in /wordpress/wp-content/plugins/woo-auto-coupons/wac_functions.php on line 816
[15-May-2025 17:07:07 UTC] PHP Fatal error:  Uncaught Error: Undefined constant "ORBITSCRIPTSADS_PLUGIN_HOME" in /wordpress/wp-content/plugins/wordpress-ads-plugin/orbitscriptsads.php:13
Stack trace:
#0 /wordpress/wp-admin/includes/plugin.php(2387): include_once()
#1 /wordpress/wp-admin/includes/plugin.php(673): plugin_sandbox_scrape('wordpress-ads-p...')
#2 /internal/eval.php(20): activate_plugin('wordpress-ads-p...')
#3 {main}
  thrown in /wordpress/wp-content/plugins/wordpress-ads-plugin/orbitscriptsads.php on line 13
[15-May-2025 17:07:15 UTC] PHP Fatal error:  Uncaught Error: Undefined constant "ORBITSCRIPTSADS_PLUGIN_HOME" in /wordpress/wp-content/plugins/wordpress-ads-plugin/orbitscriptsads.php:13
Stack trace:
#0 /wordpress/wp-admin/includes/plugin.php(2387): include_once()
#1 /wordpress/wp-admin/includes/plugin.php(673): plugin_sandbox_scrape('wordpress-ads-p...')
#2 /internal/eval.php(20): activate_plugin('wordpress-ads-p...')
#3 {main}
  thrown in /wordpress/wp-content/plugins/wordpress-ads-plugin/orbitscriptsads.php on line 13

    at Object.onBind (file:///home/runner/work/playground-tester/playground-tester/node_modules/@wp-playground/cli/index.js:237:15)
    at process.processTicksAndRejections (node:internal/process/task_queues:105:5)
    at async V (file:///home/runner/work/playground-tester/playground-tester/node_modules/@wp-playground/cli/index.js:64:10)
    at async ja (file:///home/runner/work/playground-tester/playground-tester/node_modules/@wp-playground/cli/cli.js:8161:12) {
  [cause]: Error: Error when executing the blueprint step #1 ({"step":"installPlugin","pluginData":{"resource":"wordpress.org/plugins","slug":"wordpress-ads-plugin"},"options":{"activate":true}}) : PHP.run() failed with exit code 255 and the following output: 
      at Object.run (file:///home/runner/work/playground-tester/playground-tester/node_modules/@wp-playground/blueprints/index.js:12449:19)
      at process.processTicksAndRejections (node:internal/process/task_queues:105:5)
      at async ms (file:///home/runner/work/playground-tester/playground-tester/node_modules/@wp-playground/blueprints/index.js:12552:3)
      ... 2 lines matching cause stack trace ...
      at async ja (file:///home/runner/work/playground-tester/playground-tester/node_modules/@wp-playground/cli/cli.js:8161:12) {
    [cause]: PHPExecutionFailureError: PHP.run() failed with exit code 255 and the following output: 
        at PHP.run (file:///home/runner/work/playground-tester/playground-tester/node_modules/@php-wasm/universal/index.js:987:19)
        at process.processTicksAndRejections (node:internal/process/task_queues:105:5)
        at async wr (file:///home/runner/work/playground-tester/playground-tester/node_modules/@wp-playground/blueprints/index.js:33:39)
        at async Object.gt [as installPlugin] (file:///home/runner/work/playground-tester/playground-tester/node_modules/@wp-playground/blueprints/index.js:974:42)
        at async g (file:///home/runner/work/playground-tester/playground-tester/node_modules/@wp-playground/blueprints/index.js:12517:30)
        at async Object.run (file:///home/runner/work/playground-tester/playground-tester/node_modules/@wp-playground/blueprints/index.js:12446:23)
        at async ms (file:///home/runner/work/playground-tester/playground-tester/node_modules/@wp-playground/blueprints/index.js:12552:3)
        at async Object.onBind (file:///home/runner/work/playground-tester/playground-tester/node_modules/@wp-playground/cli/index.js:227:48)
        at async V (file:///home/runner/work/playground-tester/playground-tester/node_modules/@wp-playground/cli/index.js:64:10)
        at async ja (file:///home/runner/work/playground-tester/playground-tester/node_modules/@wp-playground/cli/cli.js:8161:12) {
      response: PHPResponse {
        httpStatusCode: 500,
        headers: {
          'x-powered-by': [ 'PHP/8.0.30-dev' ],
          'content-type': [ 'text/html; charset=UTF-8' ]
        },
        bytes: Uint8Array(0) [],
        exitCode: 255,
        errors: ''
      },
      source: 'request'
    }
  }
}

Node.js v23.11.0
