[
{"message":"file:///home/runner/work/playground-tester/playground-tester/node_modules/@wp-playground/cli/run-cli-j-geJYS3.js:325\n        throw new Error($, { cause: h });\n              ^\n","level":"FATAL","type":"PLAYGROUND","test":"ast-sqlite-boot","plugin":"save-my-pre","details":"file:///home/runner/work/playground-tester/playground-tester/node_modules/@wp-playground/cli/run-cli-j-geJYS3.js:325\n        throw new Error($, { cause: h });\n              ^\n","log":"/tmp/tmp.rFUrX8cJRW"}
,
{"message":"Uncaught Error: Call to undefined function create_function() in /wordpress/wp-content/plugins/spider-facebook/spider_facebook_widget.php:58","level":"FATAL","type":"PHP","test":"ast-sqlite-boot","plugin":"save-my-pre","details":"[09-Jul-2025 22:51:34 UTC] PHP Fatal error:  Uncaught Error: Call to undefined function create_function() in /wordpress/wp-content/plugins/spider-facebook/spider_facebook_widget.php:58\nStack trace:\n#0 /wordpress/wp-content/plugins/spider-facebook/spider-facebook.php(10): require_once()\n#1 /wordpress/wp-admin/includes/plugin.php(2387): include_once('/wordpress/wp-c...')\n#2 /wordpress/wp-admin/includes/plugin.php(673): plugin_sandbox_scrape('spider-facebook...')\n#3 /internal/eval.php(20): activate_plugin('spider-facebook...')\n#4 {main}\n  thrown in /wordpress/wp-content/plugins/spider-facebook/spider_facebook_widget.php on line 58","log":"/logs/plugins/s/save-my-pre/error.json"}
,
{"message":"Uncaught Error: Call to undefined function create_function() in /wordpress/wp-content/plugins/spider-facebook/spider_facebook_widget.php:58","level":"FATAL","type":"PHP","test":"ast-sqlite-boot","plugin":"save-my-pre","details":"[09-Jul-2025 22:51:43 UTC] PHP Fatal error:  Uncaught Error: Call to undefined function create_function() in /wordpress/wp-content/plugins/spider-facebook/spider_facebook_widget.php:58\nStack trace:\n#0 /wordpress/wp-content/plugins/spider-facebook/spider-facebook.php(10): require_once()\n#1 /wordpress/wp-admin/includes/plugin.php(2387): include_once('/wordpress/wp-c...')\n#2 /wordpress/wp-admin/includes/plugin.php(673): plugin_sandbox_scrape('spider-facebook...')\n#3 /internal/eval.php(20): activate_plugin('spider-facebook...')\n#4 {main}\n  thrown in /wordpress/wp-content/plugins/spider-facebook/spider_facebook_widget.php on line 58","log":"/logs/plugins/s/save-my-pre/error.json"}
,
{"message":"Uncaught Error: Call to undefined function create_function() in /wordpress/wp-content/plugins/spider-facebook/spider_facebook_widget.php:58","level":"FATAL","type":"PHP","test":"ast-sqlite-boot","plugin":"save-my-pre","details":"[09-Jul-2025 22:51:51 UTC] PHP Fatal error:  Uncaught Error: Call to undefined function create_function() in /wordpress/wp-content/plugins/spider-facebook/spider_facebook_widget.php:58\nStack trace:\n#0 /wordpress/wp-content/plugins/spider-facebook/spider-facebook.php(10): require_once()\n#1 /wordpress/wp-admin/includes/plugin.php(2387): include_once('/wordpress/wp-c...')\n#2 /wordpress/wp-admin/includes/plugin.php(673): plugin_sandbox_scrape('spider-facebook...')\n#3 /internal/eval.php(20): activate_plugin('spider-facebook...')\n#4 {main}\n  thrown in /wordpress/wp-content/plugins/spider-facebook/spider_facebook_widget.php on line 58","log":"/logs/plugins/s/save-my-pre/error.json"}
,
{"message":"Undefined array key 0 in /wordpress/wp-includes/plugin.php on line 1001","level":"WARNING","type":"PHP","test":"ast-sqlite-boot","plugin":"save-my-pre","details":"[09-Jul-2025 22:53:56 UTC] PHP Warning:  Undefined array key 0 in /wordpress/wp-includes/plugin.php on line 1001","log":"/logs/plugins/s/save-my-pre/error.json"}
,
{"message":"Undefined array key 0 in /wordpress/wp-includes/plugin.php on line 1004","level":"WARNING","type":"PHP","test":"ast-sqlite-boot","plugin":"save-my-pre","details":"[09-Jul-2025 22:53:56 UTC] PHP Warning:  Undefined array key 0 in /wordpress/wp-includes/plugin.php on line 1004","log":"/logs/plugins/s/save-my-pre/error.json"}
,
{"message":"Undefined array key 0 in /wordpress/wp-includes/plugin.php on line 1001","level":"WARNING","type":"PHP","test":"ast-sqlite-boot","plugin":"save-my-pre","details":"[09-Jul-2025 22:53:56 UTC] PHP Warning:  Undefined array key 0 in /wordpress/wp-includes/plugin.php on line 1001","log":"/logs/plugins/s/save-my-pre/error.json"}
,
{"message":"Undefined array key 0 in /wordpress/wp-includes/plugin.php on line 1004","level":"WARNING","type":"PHP","test":"ast-sqlite-boot","plugin":"save-my-pre","details":"[09-Jul-2025 22:53:56 UTC] PHP Warning:  Undefined array key 0 in /wordpress/wp-includes/plugin.php on line 1004","log":"/logs/plugins/s/save-my-pre/error.json"}
,
{"message":"Undefined array key 0 in /wordpress/wp-includes/plugin.php on line 1001","level":"WARNING","type":"PHP","test":"ast-sqlite-boot","plugin":"save-my-pre","details":"[09-Jul-2025 22:54:05 UTC] PHP Warning:  Undefined array key 0 in /wordpress/wp-includes/plugin.php on line 1001","log":"/logs/plugins/s/save-my-pre/error.json"}
,
{"message":"Undefined array key 0 in /wordpress/wp-includes/plugin.php on line 1004","level":"WARNING","type":"PHP","test":"ast-sqlite-boot","plugin":"save-my-pre","details":"[09-Jul-2025 22:54:05 UTC] PHP Warning:  Undefined array key 0 in /wordpress/wp-includes/plugin.php on line 1004","log":"/logs/plugins/s/save-my-pre/error.json"}
,
{"message":"Undefined array key 0 in /wordpress/wp-includes/plugin.php on line 1001","level":"WARNING","type":"PHP","test":"ast-sqlite-boot","plugin":"save-my-pre","details":"[09-Jul-2025 22:54:05 UTC] PHP Warning:  Undefined array key 0 in /wordpress/wp-includes/plugin.php on line 1001","log":"/logs/plugins/s/save-my-pre/error.json"}
,
{"message":"Undefined array key 0 in /wordpress/wp-includes/plugin.php on line 1004","level":"WARNING","type":"PHP","test":"ast-sqlite-boot","plugin":"save-my-pre","details":"[09-Jul-2025 22:54:05 UTC] PHP Warning:  Undefined array key 0 in /wordpress/wp-includes/plugin.php on line 1004","log":"/logs/plugins/s/save-my-pre/error.json"}
,
{"message":"Undefined array key 0 in /wordpress/wp-includes/plugin.php on line 1001","level":"WARNING","type":"PHP","test":"ast-sqlite-boot","plugin":"save-my-pre","details":"[09-Jul-2025 22:54:14 UTC] PHP Warning:  Undefined array key 0 in /wordpress/wp-includes/plugin.php on line 1001","log":"/logs/plugins/s/save-my-pre/error.json"}
,
{"message":"Undefined array key 0 in /wordpress/wp-includes/plugin.php on line 1004","level":"WARNING","type":"PHP","test":"ast-sqlite-boot","plugin":"save-my-pre","details":"[09-Jul-2025 22:54:14 UTC] PHP Warning:  Undefined array key 0 in /wordpress/wp-includes/plugin.php on line 1004","log":"/logs/plugins/s/save-my-pre/error.json"}
,
{"message":"Undefined array key 0 in /wordpress/wp-includes/plugin.php on line 1001","level":"WARNING","type":"PHP","test":"ast-sqlite-boot","plugin":"save-my-pre","details":"[09-Jul-2025 22:54:14 UTC] PHP Warning:  Undefined array key 0 in /wordpress/wp-includes/plugin.php on line 1001","log":"/logs/plugins/s/save-my-pre/error.json"}
,
{"message":"Undefined array key 0 in /wordpress/wp-includes/plugin.php on line 1004","level":"WARNING","type":"PHP","test":"ast-sqlite-boot","plugin":"save-my-pre","details":"[09-Jul-2025 22:54:14 UTC] PHP Warning:  Undefined array key 0 in /wordpress/wp-includes/plugin.php on line 1004","log":"/logs/plugins/s/save-my-pre/error.json"}
,
{"message":"[09-Jul-2025 22:57:37 UTC] [Squad Modules] [ERROR]: [Missing Divi] Requirements check failed: Divi Installation. Current: Not installed. Expected: Divi theme or Divi Builder plugin must be installed.","level":"INFO","type":"OTHER","test":"ast-sqlite-boot","plugin":"save-my-pre","details":"[09-Jul-2025 22:57:37 UTC] [Squad Modules] [ERROR]: [Missing Divi] Requirements check failed: Divi Installation. Current: Not installed. Expected: Divi theme or Divi Builder plugin must be installed.","log":"/logs/plugins/s/save-my-pre/error.json"}
,
{"message":"[09-Jul-2025 22:57:39 UTC] [Squad Modules] [ERROR]: [Missing Divi] Requirements check failed: Divi Installation. Current: Not installed. Expected: Divi theme or Divi Builder plugin must be installed.","level":"INFO","type":"OTHER","test":"ast-sqlite-boot","plugin":"save-my-pre","details":"[09-Jul-2025 22:57:39 UTC] [Squad Modules] [ERROR]: [Missing Divi] Requirements check failed: Divi Installation. Current: Not installed. Expected: Divi theme or Divi Builder plugin must be installed.","log":"/logs/plugins/s/save-my-pre/error.json"}
,
{"message":"[09-Jul-2025 22:57:45 UTC] [Squad Modules] [ERROR]: [Missing Divi] Requirements check failed: Divi Installation. Current: Not installed. Expected: Divi theme or Divi Builder plugin must be installed.","level":"INFO","type":"OTHER","test":"ast-sqlite-boot","plugin":"save-my-pre","details":"[09-Jul-2025 22:57:45 UTC] [Squad Modules] [ERROR]: [Missing Divi] Requirements check failed: Divi Installation. Current: Not installed. Expected: Divi theme or Divi Builder plugin must be installed.","log":"/logs/plugins/s/save-my-pre/error.json"}
,
{"message":"[09-Jul-2025 22:57:57 UTC] [Squad Modules] [ERROR]: [Missing Divi] Requirements check failed: Divi Installation. Current: Not installed. Expected: Divi theme or Divi Builder plugin must be installed.","level":"INFO","type":"OTHER","test":"ast-sqlite-boot","plugin":"save-my-pre","details":"[09-Jul-2025 22:57:57 UTC] [Squad Modules] [ERROR]: [Missing Divi] Requirements check failed: Divi Installation. Current: Not installed. Expected: Divi theme or Divi Builder plugin must be installed.","log":"/logs/plugins/s/save-my-pre/error.json"}
,
{"message":"[09-Jul-2025 22:57:59 UTC] [Squad Modules] [ERROR]: [Missing Divi] Requirements check failed: Divi Installation. Current: Not installed. Expected: Divi theme or Divi Builder plugin must be installed.","level":"INFO","type":"OTHER","test":"ast-sqlite-boot","plugin":"save-my-pre","details":"[09-Jul-2025 22:57:59 UTC] [Squad Modules] [ERROR]: [Missing Divi] Requirements check failed: Divi Installation. Current: Not installed. Expected: Divi theme or Divi Builder plugin must be installed.","log":"/logs/plugins/s/save-my-pre/error.json"}
,
{"message":"[09-Jul-2025 22:58:02 UTC] [Squad Modules] [ERROR]: [Missing Divi] Requirements check failed: Divi Installation. Current: Not installed. Expected: Divi theme or Divi Builder plugin must be installed.","level":"INFO","type":"OTHER","test":"ast-sqlite-boot","plugin":"save-my-pre","details":"[09-Jul-2025 22:58:02 UTC] [Squad Modules] [ERROR]: [Missing Divi] Requirements check failed: Divi Installation. Current: Not installed. Expected: Divi theme or Divi Builder plugin must be installed.","log":"/logs/plugins/s/save-my-pre/error.json"}
,
{"message":"[09-Jul-2025 22:58:04 UTC] [Squad Modules] [ERROR]: [Missing Divi] Requirements check failed: Divi Installation. Current: Not installed. Expected: Divi theme or Divi Builder plugin must be installed.","level":"INFO","type":"OTHER","test":"ast-sqlite-boot","plugin":"save-my-pre","details":"[09-Jul-2025 22:58:04 UTC] [Squad Modules] [ERROR]: [Missing Divi] Requirements check failed: Divi Installation. Current: Not installed. Expected: Divi theme or Divi Builder plugin must be installed.","log":"/logs/plugins/s/save-my-pre/error.json"}
,
{"message":"[09-Jul-2025 22:58:19 UTC] [Squad Modules] [ERROR]: [Missing Divi] Requirements check failed: Divi Installation. Current: Not installed. Expected: Divi theme or Divi Builder plugin must be installed.","level":"INFO","type":"OTHER","test":"ast-sqlite-boot","plugin":"save-my-pre","details":"[09-Jul-2025 22:58:19 UTC] [Squad Modules] [ERROR]: [Missing Divi] Requirements check failed: Divi Installation. Current: Not installed. Expected: Divi theme or Divi Builder plugin must be installed.","log":"/logs/plugins/s/save-my-pre/error.json"}
,
{"message":"[09-Jul-2025 22:58:21 UTC] [Squad Modules] [ERROR]: [Missing Divi] Requirements check failed: Divi Installation. Current: Not installed. Expected: Divi theme or Divi Builder plugin must be installed.","level":"INFO","type":"OTHER","test":"ast-sqlite-boot","plugin":"save-my-pre","details":"[09-Jul-2025 22:58:21 UTC] [Squad Modules] [ERROR]: [Missing Divi] Requirements check failed: Divi Installation. Current: Not installed. Expected: Divi theme or Divi Builder plugin must be installed.","log":"/logs/plugins/s/save-my-pre/error.json"}
,
{"message":"[09-Jul-2025 22:58:24 UTC] [Squad Modules] [ERROR]: [Missing Divi] Requirements check failed: Divi Installation. Current: Not installed. Expected: Divi theme or Divi Builder plugin must be installed.","level":"INFO","type":"OTHER","test":"ast-sqlite-boot","plugin":"save-my-pre","details":"[09-Jul-2025 22:58:24 UTC] [Squad Modules] [ERROR]: [Missing Divi] Requirements check failed: Divi Installation. Current: Not installed. Expected: Divi theme or Divi Builder plugin must be installed.","log":"/logs/plugins/s/save-my-pre/error.json"}
,
{"message":"[09-Jul-2025 22:58:25 UTC] [Squad Modules] [ERROR]: [Missing Divi] Requirements check failed: Divi Installation. Current: Not installed. Expected: Divi theme or Divi Builder plugin must be installed.","level":"INFO","type":"OTHER","test":"ast-sqlite-boot","plugin":"save-my-pre","details":"[09-Jul-2025 22:58:25 UTC] [Squad Modules] [ERROR]: [Missing Divi] Requirements check failed: Divi Installation. Current: Not installed. Expected: Divi theme or Divi Builder plugin must be installed.","log":"/logs/plugins/s/save-my-pre/error.json"}
,
{"message":"Function _load_textdomain_just_in_time was called <strong>incorrectly</strong>. Translation loading for the <code>station-pro</code> domain was triggered too early. This is usually an indicator for some code in the plugin or theme running too early. Translations should be loaded at the <code>init</code> action or later. Please see <a href=\"https://developer.wordpress.org/advanced-administration/debug/debug-wordpress/\">Debugging in WordPress</a> for more information. (This message was added in version 6.7.0.) in /wordpress/wp-includes/functions.php on line 6121","level":"NOTICE","type":"PHP","test":"ast-sqlite-boot","plugin":"save-my-pre","details":"[09-Jul-2025 22:58:40 UTC] PHP Notice:  Function _load_textdomain_just_in_time was called <strong>incorrectly</strong>. Translation loading for the <code>station-pro</code> domain was triggered too early. This is usually an indicator for some code in the plugin or theme running too early. Translations should be loaded at the <code>init</code> action or later. Please see <a href=\"https://developer.wordpress.org/advanced-administration/debug/debug-wordpress/\">Debugging in WordPress</a> for more information. (This message was added in version 6.7.0.) in /wordpress/wp-includes/functions.php on line 6121","log":"/logs/plugins/s/save-my-pre/error.json"}
,
{"message":"Function _load_textdomain_just_in_time was called <strong>incorrectly</strong>. Translation loading for the <code>station-pro</code> domain was triggered too early. This is usually an indicator for some code in the plugin or theme running too early. Translations should be loaded at the <code>init</code> action or later. Please see <a href=\"https://developer.wordpress.org/advanced-administration/debug/debug-wordpress/\">Debugging in WordPress</a> for more information. (This message was added in version 6.7.0.) in /wordpress/wp-includes/functions.php on line 6121","level":"NOTICE","type":"PHP","test":"ast-sqlite-boot","plugin":"save-my-pre","details":"[09-Jul-2025 22:58:53 UTC] PHP Notice:  Function _load_textdomain_just_in_time was called <strong>incorrectly</strong>. Translation loading for the <code>station-pro</code> domain was triggered too early. This is usually an indicator for some code in the plugin or theme running too early. Translations should be loaded at the <code>init</code> action or later. Please see <a href=\"https://developer.wordpress.org/advanced-administration/debug/debug-wordpress/\">Debugging in WordPress</a> for more information. (This message was added in version 6.7.0.) in /wordpress/wp-includes/functions.php on line 6121","log":"/logs/plugins/s/save-my-pre/error.json"}
,
{"message":"Function _load_textdomain_just_in_time was called <strong>incorrectly</strong>. Translation loading for the <code>station-pro</code> domain was triggered too early. This is usually an indicator for some code in the plugin or theme running too early. Translations should be loaded at the <code>init</code> action or later. Please see <a href=\"https://developer.wordpress.org/advanced-administration/debug/debug-wordpress/\">Debugging in WordPress</a> for more information. (This message was added in version 6.7.0.) in /wordpress/wp-includes/functions.php on line 6121","level":"NOTICE","type":"PHP","test":"ast-sqlite-boot","plugin":"save-my-pre","details":"[09-Jul-2025 22:59:05 UTC] PHP Notice:  Function _load_textdomain_just_in_time was called <strong>incorrectly</strong>. Translation loading for the <code>station-pro</code> domain was triggered too early. This is usually an indicator for some code in the plugin or theme running too early. Translations should be loaded at the <code>init</code> action or later. Please see <a href=\"https://developer.wordpress.org/advanced-administration/debug/debug-wordpress/\">Debugging in WordPress</a> for more information. (This message was added in version 6.7.0.) in /wordpress/wp-includes/functions.php on line 6121","log":"/logs/plugins/s/save-my-pre/error.json"}
,
{"message":"Uncaught ArgumentCountError: Too few arguments to function WP_Widget::__construct(), 0 passed in /wordpress/wp-includes/class-wp-widget-factory.php on line 62 and at least 2 expected in /wordpress/wp-includes/class-wp-widget.php:163","level":"FATAL","type":"PHP","test":"ast-sqlite-boot","plugin":"save-my-pre","details":"[09-Jul-2025 22:59:44 UTC] PHP Fatal error:  Uncaught ArgumentCountError: Too few arguments to function WP_Widget::__construct(), 0 passed in /wordpress/wp-includes/class-wp-widget-factory.php on line 62 and at least 2 expected in /wordpress/wp-includes/class-wp-widget.php:163\nStack trace:\n#0 /wordpress/wp-includes/class-wp-widget-factory.php(62): WP_Widget->__construct()\n#1 /wordpress/wp-includes/widgets.php(123): WP_Widget_Factory->register('random_comment_...')\n#2 /wordpress/wp-content/plugins/random-comment-widget/random-comment-widget.php(70): register_widget('random_comment_...')\n#3 /wordpress/wp-includes/class-wp-hook.php(324): register_random_comment_widget('')\n#4 /wordpress/wp-includes/class-wp-hook.php(348): WP_Hook->apply_filters(NULL, Array)\n#5 /wordpress/wp-includes/plugin.php(517): WP_Hook->do_action(Array)\n#6 /wordpress/wp-includes/widgets.php(1870): do_action('widgets_init')\n#7 /wordpress/wp-includes/class-wp-hook.php(324): wp_widgets_init('')\n#8 /wordpress/wp-includes/class-wp-hook.php(348): WP_Hook->apply_filters(NULL, Array)\n#9 /wordpress/wp-includes/plugin.php(517): WP_Hook->do_action(Array)\n#10 /wordpress/wp-settings.php(727): do_action('init')\n#11 /wordpress/wp-config.php(102): require_once('/wordpress/wp-s...')\n#12 /wordpress/wp-load.php(50): require_once('/wordpress/wp-c...')\n#13 /internal/eval.php(3): require_once('/wordpress/wp-l...')\n#14 {main}\n  thrown in /wordpress/wp-includes/class-wp-widget.php on line 163","log":"/logs/plugins/s/save-my-pre/error.json"}
,
{"message":"Uncaught ArgumentCountError: Too few arguments to function WP_Widget::__construct(), 0 passed in /wordpress/wp-includes/class-wp-widget-factory.php on line 62 and at least 2 expected in /wordpress/wp-includes/class-wp-widget.php:163","level":"FATAL","type":"PHP","test":"ast-sqlite-boot","plugin":"save-my-pre","details":"[09-Jul-2025 22:59:52 UTC] PHP Fatal error:  Uncaught ArgumentCountError: Too few arguments to function WP_Widget::__construct(), 0 passed in /wordpress/wp-includes/class-wp-widget-factory.php on line 62 and at least 2 expected in /wordpress/wp-includes/class-wp-widget.php:163\nStack trace:\n#0 /wordpress/wp-includes/class-wp-widget-factory.php(62): WP_Widget->__construct()\n#1 /wordpress/wp-includes/widgets.php(123): WP_Widget_Factory->register('random_comment_...')\n#2 /wordpress/wp-content/plugins/random-comment-widget/random-comment-widget.php(70): register_widget('random_comment_...')\n#3 /wordpress/wp-includes/class-wp-hook.php(324): register_random_comment_widget('')\n#4 /wordpress/wp-includes/class-wp-hook.php(348): WP_Hook->apply_filters(NULL, Array)\n#5 /wordpress/wp-includes/plugin.php(517): WP_Hook->do_action(Array)\n#6 /wordpress/wp-includes/widgets.php(1870): do_action('widgets_init')\n#7 /wordpress/wp-includes/class-wp-hook.php(324): wp_widgets_init('')\n#8 /wordpress/wp-includes/class-wp-hook.php(348): WP_Hook->apply_filters(NULL, Array)\n#9 /wordpress/wp-includes/plugin.php(517): WP_Hook->do_action(Array)\n#10 /wordpress/wp-settings.php(727): do_action('init')\n#11 /wordpress/wp-config.php(102): require_once('/wordpress/wp-s...')\n#12 /wordpress/wp-load.php(50): require_once('/wordpress/wp-c...')\n#13 /internal/eval.php(3): require_once('/wordpress/wp-l...')\n#14 {main}\n  thrown in /wordpress/wp-includes/class-wp-widget.php on line 163","log":"/logs/plugins/s/save-my-pre/error.json"}
,
{"message":"Uncaught ArgumentCountError: Too few arguments to function WP_Widget::__construct(), 0 passed in /wordpress/wp-includes/class-wp-widget-factory.php on line 62 and at least 2 expected in /wordpress/wp-includes/class-wp-widget.php:163","level":"FATAL","type":"PHP","test":"ast-sqlite-boot","plugin":"save-my-pre","details":"[09-Jul-2025 23:00:01 UTC] PHP Fatal error:  Uncaught ArgumentCountError: Too few arguments to function WP_Widget::__construct(), 0 passed in /wordpress/wp-includes/class-wp-widget-factory.php on line 62 and at least 2 expected in /wordpress/wp-includes/class-wp-widget.php:163\nStack trace:\n#0 /wordpress/wp-includes/class-wp-widget-factory.php(62): WP_Widget->__construct()\n#1 /wordpress/wp-includes/widgets.php(123): WP_Widget_Factory->register('random_comment_...')\n#2 /wordpress/wp-content/plugins/random-comment-widget/random-comment-widget.php(70): register_widget('random_comment_...')\n#3 /wordpress/wp-includes/class-wp-hook.php(324): register_random_comment_widget('')\n#4 /wordpress/wp-includes/class-wp-hook.php(348): WP_Hook->apply_filters(NULL, Array)\n#5 /wordpress/wp-includes/plugin.php(517): WP_Hook->do_action(Array)\n#6 /wordpress/wp-includes/widgets.php(1870): do_action('widgets_init')\n#7 /wordpress/wp-includes/class-wp-hook.php(324): wp_widgets_init('')\n#8 /wordpress/wp-includes/class-wp-hook.php(348): WP_Hook->apply_filters(NULL, Array)\n#9 /wordpress/wp-includes/plugin.php(517): WP_Hook->do_action(Array)\n#10 /wordpress/wp-settings.php(727): do_action('init')\n#11 /wordpress/wp-config.php(102): require_once('/wordpress/wp-s...')\n#12 /wordpress/wp-load.php(50): require_once('/wordpress/wp-c...')\n#13 /internal/eval.php(3): require_once('/wordpress/wp-l...')\n#14 {main}\n  thrown in /wordpress/wp-includes/class-wp-widget.php on line 163","log":"/logs/plugins/s/save-my-pre/error.json"}
,
{"message":"Function libxml_disable_entity_loader() is deprecated in /wordpress/wp-content/plugins/reactive-lite-advance-searching-filtering-grid/parsers.php on line 64","level":"DEPRECATED","type":"PHP","test":"ast-sqlite-boot","plugin":"save-my-pre","details":"[09-Jul-2025 23:01:04 UTC] PHP Deprecated:  Function libxml_disable_entity_loader() is deprecated in /wordpress/wp-content/plugins/reactive-lite-advance-searching-filtering-grid/parsers.php on line 64","log":"/logs/plugins/s/save-my-pre/error.json"}
,
{"message":"Function libxml_disable_entity_loader() is deprecated in /wordpress/wp-content/plugins/reactive-lite-advance-searching-filtering-grid/parsers.php on line 68","level":"DEPRECATED","type":"PHP","test":"ast-sqlite-boot","plugin":"save-my-pre","details":"[09-Jul-2025 23:01:04 UTC] PHP Deprecated:  Function libxml_disable_entity_loader() is deprecated in /wordpress/wp-content/plugins/reactive-lite-advance-searching-filtering-grid/parsers.php on line 68","log":"/logs/plugins/s/save-my-pre/error.json"}
,
{"message":"Function libxml_disable_entity_loader() is deprecated in /wordpress/wp-content/plugins/reactive-lite-advance-searching-filtering-grid/parsers.php on line 64","level":"DEPRECATED","type":"PHP","test":"ast-sqlite-boot","plugin":"save-my-pre","details":"[09-Jul-2025 23:01:05 UTC] PHP Deprecated:  Function libxml_disable_entity_loader() is deprecated in /wordpress/wp-content/plugins/reactive-lite-advance-searching-filtering-grid/parsers.php on line 64","log":"/logs/plugins/s/save-my-pre/error.json"}
,
{"message":"Function libxml_disable_entity_loader() is deprecated in /wordpress/wp-content/plugins/reactive-lite-advance-searching-filtering-grid/parsers.php on line 68","level":"DEPRECATED","type":"PHP","test":"ast-sqlite-boot","plugin":"save-my-pre","details":"[09-Jul-2025 23:01:05 UTC] PHP Deprecated:  Function libxml_disable_entity_loader() is deprecated in /wordpress/wp-content/plugins/reactive-lite-advance-searching-filtering-grid/parsers.php on line 68","log":"/logs/plugins/s/save-my-pre/error.json"}
,
{"message":"Function libxml_disable_entity_loader() is deprecated in /wordpress/wp-content/plugins/reactive-lite-advance-searching-filtering-grid/parsers.php on line 64","level":"DEPRECATED","type":"PHP","test":"ast-sqlite-boot","plugin":"save-my-pre","details":"[09-Jul-2025 23:01:05 UTC] PHP Deprecated:  Function libxml_disable_entity_loader() is deprecated in /wordpress/wp-content/plugins/reactive-lite-advance-searching-filtering-grid/parsers.php on line 64","log":"/logs/plugins/s/save-my-pre/error.json"}
,
{"message":"Function libxml_disable_entity_loader() is deprecated in /wordpress/wp-content/plugins/reactive-lite-advance-searching-filtering-grid/parsers.php on line 68","level":"DEPRECATED","type":"PHP","test":"ast-sqlite-boot","plugin":"save-my-pre","details":"[09-Jul-2025 23:01:05 UTC] PHP Deprecated:  Function libxml_disable_entity_loader() is deprecated in /wordpress/wp-content/plugins/reactive-lite-advance-searching-filtering-grid/parsers.php on line 68","log":"/logs/plugins/s/save-my-pre/error.json"}
,
{"message":"Function libxml_disable_entity_loader() is deprecated in /wordpress/wp-content/plugins/reactive-lite-advance-searching-filtering-grid/parsers.php on line 64","level":"DEPRECATED","type":"PHP","test":"ast-sqlite-boot","plugin":"save-my-pre","details":"[09-Jul-2025 23:01:05 UTC] PHP Deprecated:  Function libxml_disable_entity_loader() is deprecated in /wordpress/wp-content/plugins/reactive-lite-advance-searching-filtering-grid/parsers.php on line 64","log":"/logs/plugins/s/save-my-pre/error.json"}
,
{"message":"Function libxml_disable_entity_loader() is deprecated in /wordpress/wp-content/plugins/reactive-lite-advance-searching-filtering-grid/parsers.php on line 68","level":"DEPRECATED","type":"PHP","test":"ast-sqlite-boot","plugin":"save-my-pre","details":"[09-Jul-2025 23:01:05 UTC] PHP Deprecated:  Function libxml_disable_entity_loader() is deprecated in /wordpress/wp-content/plugins/reactive-lite-advance-searching-filtering-grid/parsers.php on line 68","log":"/logs/plugins/s/save-my-pre/error.json"}
,
{"message":"Function libxml_disable_entity_loader() is deprecated in /wordpress/wp-content/plugins/reactive-lite-advance-searching-filtering-grid/parsers.php on line 64","level":"DEPRECATED","type":"PHP","test":"ast-sqlite-boot","plugin":"save-my-pre","details":"[09-Jul-2025 23:01:05 UTC] PHP Deprecated:  Function libxml_disable_entity_loader() is deprecated in /wordpress/wp-content/plugins/reactive-lite-advance-searching-filtering-grid/parsers.php on line 64","log":"/logs/plugins/s/save-my-pre/error.json"}
,
{"message":"Function libxml_disable_entity_loader() is deprecated in /wordpress/wp-content/plugins/reactive-lite-advance-searching-filtering-grid/parsers.php on line 68","level":"DEPRECATED","type":"PHP","test":"ast-sqlite-boot","plugin":"save-my-pre","details":"[09-Jul-2025 23:01:05 UTC] PHP Deprecated:  Function libxml_disable_entity_loader() is deprecated in /wordpress/wp-content/plugins/reactive-lite-advance-searching-filtering-grid/parsers.php on line 68","log":"/logs/plugins/s/save-my-pre/error.json"}
,
{"message":"Function libxml_disable_entity_loader() is deprecated in /wordpress/wp-content/plugins/reactive-lite-advance-searching-filtering-grid/parsers.php on line 64","level":"DEPRECATED","type":"PHP","test":"ast-sqlite-boot","plugin":"save-my-pre","details":"[09-Jul-2025 23:01:05 UTC] PHP Deprecated:  Function libxml_disable_entity_loader() is deprecated in /wordpress/wp-content/plugins/reactive-lite-advance-searching-filtering-grid/parsers.php on line 64","log":"/logs/plugins/s/save-my-pre/error.json"}
,
{"message":"Function libxml_disable_entity_loader() is deprecated in /wordpress/wp-content/plugins/reactive-lite-advance-searching-filtering-grid/parsers.php on line 68","level":"DEPRECATED","type":"PHP","test":"ast-sqlite-boot","plugin":"save-my-pre","details":"[09-Jul-2025 23:01:05 UTC] PHP Deprecated:  Function libxml_disable_entity_loader() is deprecated in /wordpress/wp-content/plugins/reactive-lite-advance-searching-filtering-grid/parsers.php on line 68","log":"/logs/plugins/s/save-my-pre/error.json"}
,
{"message":"Function libxml_disable_entity_loader() is deprecated in /wordpress/wp-content/plugins/reactive-lite-advance-searching-filtering-grid/parsers.php on line 64","level":"DEPRECATED","type":"PHP","test":"ast-sqlite-boot","plugin":"save-my-pre","details":"[09-Jul-2025 23:01:16 UTC] PHP Deprecated:  Function libxml_disable_entity_loader() is deprecated in /wordpress/wp-content/plugins/reactive-lite-advance-searching-filtering-grid/parsers.php on line 64","log":"/logs/plugins/s/save-my-pre/error.json"}
,
{"message":"Function libxml_disable_entity_loader() is deprecated in /wordpress/wp-content/plugins/reactive-lite-advance-searching-filtering-grid/parsers.php on line 68","level":"DEPRECATED","type":"PHP","test":"ast-sqlite-boot","plugin":"save-my-pre","details":"[09-Jul-2025 23:01:16 UTC] PHP Deprecated:  Function libxml_disable_entity_loader() is deprecated in /wordpress/wp-content/plugins/reactive-lite-advance-searching-filtering-grid/parsers.php on line 68","log":"/logs/plugins/s/save-my-pre/error.json"}
,
{"message":"Function libxml_disable_entity_loader() is deprecated in /wordpress/wp-content/plugins/reactive-lite-advance-searching-filtering-grid/parsers.php on line 64","level":"DEPRECATED","type":"PHP","test":"ast-sqlite-boot","plugin":"save-my-pre","details":"[09-Jul-2025 23:01:17 UTC] PHP Deprecated:  Function libxml_disable_entity_loader() is deprecated in /wordpress/wp-content/plugins/reactive-lite-advance-searching-filtering-grid/parsers.php on line 64","log":"/logs/plugins/s/save-my-pre/error.json"}
,
{"message":"Function libxml_disable_entity_loader() is deprecated in /wordpress/wp-content/plugins/reactive-lite-advance-searching-filtering-grid/parsers.php on line 68","level":"DEPRECATED","type":"PHP","test":"ast-sqlite-boot","plugin":"save-my-pre","details":"[09-Jul-2025 23:01:17 UTC] PHP Deprecated:  Function libxml_disable_entity_loader() is deprecated in /wordpress/wp-content/plugins/reactive-lite-advance-searching-filtering-grid/parsers.php on line 68","log":"/logs/plugins/s/save-my-pre/error.json"}
,
{"message":"Function libxml_disable_entity_loader() is deprecated in /wordpress/wp-content/plugins/reactive-lite-advance-searching-filtering-grid/parsers.php on line 64","level":"DEPRECATED","type":"PHP","test":"ast-sqlite-boot","plugin":"save-my-pre","details":"[09-Jul-2025 23:01:18 UTC] PHP Deprecated:  Function libxml_disable_entity_loader() is deprecated in /wordpress/wp-content/plugins/reactive-lite-advance-searching-filtering-grid/parsers.php on line 64","log":"/logs/plugins/s/save-my-pre/error.json"}
,
{"message":"Function libxml_disable_entity_loader() is deprecated in /wordpress/wp-content/plugins/reactive-lite-advance-searching-filtering-grid/parsers.php on line 68","level":"DEPRECATED","type":"PHP","test":"ast-sqlite-boot","plugin":"save-my-pre","details":"[09-Jul-2025 23:01:18 UTC] PHP Deprecated:  Function libxml_disable_entity_loader() is deprecated in /wordpress/wp-content/plugins/reactive-lite-advance-searching-filtering-grid/parsers.php on line 68","log":"/logs/plugins/s/save-my-pre/error.json"}
,
{"message":"Function libxml_disable_entity_loader() is deprecated in /wordpress/wp-content/plugins/reactive-lite-advance-searching-filtering-grid/parsers.php on line 64","level":"DEPRECATED","type":"PHP","test":"ast-sqlite-boot","plugin":"save-my-pre","details":"[09-Jul-2025 23:01:18 UTC] PHP Deprecated:  Function libxml_disable_entity_loader() is deprecated in /wordpress/wp-content/plugins/reactive-lite-advance-searching-filtering-grid/parsers.php on line 64","log":"/logs/plugins/s/save-my-pre/error.json"}
,
{"message":"Function libxml_disable_entity_loader() is deprecated in /wordpress/wp-content/plugins/reactive-lite-advance-searching-filtering-grid/parsers.php on line 68","level":"DEPRECATED","type":"PHP","test":"ast-sqlite-boot","plugin":"save-my-pre","details":"[09-Jul-2025 23:01:18 UTC] PHP Deprecated:  Function libxml_disable_entity_loader() is deprecated in /wordpress/wp-content/plugins/reactive-lite-advance-searching-filtering-grid/parsers.php on line 68","log":"/logs/plugins/s/save-my-pre/error.json"}
,
{"message":"Function libxml_disable_entity_loader() is deprecated in /wordpress/wp-content/plugins/reactive-lite-advance-searching-filtering-grid/parsers.php on line 64","level":"DEPRECATED","type":"PHP","test":"ast-sqlite-boot","plugin":"save-my-pre","details":"[09-Jul-2025 23:01:18 UTC] PHP Deprecated:  Function libxml_disable_entity_loader() is deprecated in /wordpress/wp-content/plugins/reactive-lite-advance-searching-filtering-grid/parsers.php on line 64","log":"/logs/plugins/s/save-my-pre/error.json"}
,
{"message":"Function libxml_disable_entity_loader() is deprecated in /wordpress/wp-content/plugins/reactive-lite-advance-searching-filtering-grid/parsers.php on line 68","level":"DEPRECATED","type":"PHP","test":"ast-sqlite-boot","plugin":"save-my-pre","details":"[09-Jul-2025 23:01:18 UTC] PHP Deprecated:  Function libxml_disable_entity_loader() is deprecated in /wordpress/wp-content/plugins/reactive-lite-advance-searching-filtering-grid/parsers.php on line 68","log":"/logs/plugins/s/save-my-pre/error.json"}
,
{"message":"Function libxml_disable_entity_loader() is deprecated in /wordpress/wp-content/plugins/reactive-lite-advance-searching-filtering-grid/parsers.php on line 64","level":"DEPRECATED","type":"PHP","test":"ast-sqlite-boot","plugin":"save-my-pre","details":"[09-Jul-2025 23:01:18 UTC] PHP Deprecated:  Function libxml_disable_entity_loader() is deprecated in /wordpress/wp-content/plugins/reactive-lite-advance-searching-filtering-grid/parsers.php on line 64","log":"/logs/plugins/s/save-my-pre/error.json"}
,
{"message":"Function libxml_disable_entity_loader() is deprecated in /wordpress/wp-content/plugins/reactive-lite-advance-searching-filtering-grid/parsers.php on line 68","level":"DEPRECATED","type":"PHP","test":"ast-sqlite-boot","plugin":"save-my-pre","details":"[09-Jul-2025 23:01:18 UTC] PHP Deprecated:  Function libxml_disable_entity_loader() is deprecated in /wordpress/wp-content/plugins/reactive-lite-advance-searching-filtering-grid/parsers.php on line 68","log":"/logs/plugins/s/save-my-pre/error.json"}
,
{"message":"Function libxml_disable_entity_loader() is deprecated in /wordpress/wp-content/plugins/reactive-lite-advance-searching-filtering-grid/parsers.php on line 64","level":"DEPRECATED","type":"PHP","test":"ast-sqlite-boot","plugin":"save-my-pre","details":"[09-Jul-2025 23:01:28 UTC] PHP Deprecated:  Function libxml_disable_entity_loader() is deprecated in /wordpress/wp-content/plugins/reactive-lite-advance-searching-filtering-grid/parsers.php on line 64","log":"/logs/plugins/s/save-my-pre/error.json"}
,
{"message":"Function libxml_disable_entity_loader() is deprecated in /wordpress/wp-content/plugins/reactive-lite-advance-searching-filtering-grid/parsers.php on line 68","level":"DEPRECATED","type":"PHP","test":"ast-sqlite-boot","plugin":"save-my-pre","details":"[09-Jul-2025 23:01:28 UTC] PHP Deprecated:  Function libxml_disable_entity_loader() is deprecated in /wordpress/wp-content/plugins/reactive-lite-advance-searching-filtering-grid/parsers.php on line 68","log":"/logs/plugins/s/save-my-pre/error.json"}
,
{"message":"Function libxml_disable_entity_loader() is deprecated in /wordpress/wp-content/plugins/reactive-lite-advance-searching-filtering-grid/parsers.php on line 64","level":"DEPRECATED","type":"PHP","test":"ast-sqlite-boot","plugin":"save-my-pre","details":"[09-Jul-2025 23:01:29 UTC] PHP Deprecated:  Function libxml_disable_entity_loader() is deprecated in /wordpress/wp-content/plugins/reactive-lite-advance-searching-filtering-grid/parsers.php on line 64","log":"/logs/plugins/s/save-my-pre/error.json"}
,
{"message":"Function libxml_disable_entity_loader() is deprecated in /wordpress/wp-content/plugins/reactive-lite-advance-searching-filtering-grid/parsers.php on line 68","level":"DEPRECATED","type":"PHP","test":"ast-sqlite-boot","plugin":"save-my-pre","details":"[09-Jul-2025 23:01:29 UTC] PHP Deprecated:  Function libxml_disable_entity_loader() is deprecated in /wordpress/wp-content/plugins/reactive-lite-advance-searching-filtering-grid/parsers.php on line 68","log":"/logs/plugins/s/save-my-pre/error.json"}
,
{"message":"Function libxml_disable_entity_loader() is deprecated in /wordpress/wp-content/plugins/reactive-lite-advance-searching-filtering-grid/parsers.php on line 64","level":"DEPRECATED","type":"PHP","test":"ast-sqlite-boot","plugin":"save-my-pre","details":"[09-Jul-2025 23:01:29 UTC] PHP Deprecated:  Function libxml_disable_entity_loader() is deprecated in /wordpress/wp-content/plugins/reactive-lite-advance-searching-filtering-grid/parsers.php on line 64","log":"/logs/plugins/s/save-my-pre/error.json"}
,
{"message":"Function libxml_disable_entity_loader() is deprecated in /wordpress/wp-content/plugins/reactive-lite-advance-searching-filtering-grid/parsers.php on line 68","level":"DEPRECATED","type":"PHP","test":"ast-sqlite-boot","plugin":"save-my-pre","details":"[09-Jul-2025 23:01:29 UTC] PHP Deprecated:  Function libxml_disable_entity_loader() is deprecated in /wordpress/wp-content/plugins/reactive-lite-advance-searching-filtering-grid/parsers.php on line 68","log":"/logs/plugins/s/save-my-pre/error.json"}
,
{"message":"Function libxml_disable_entity_loader() is deprecated in /wordpress/wp-content/plugins/reactive-lite-advance-searching-filtering-grid/parsers.php on line 64","level":"DEPRECATED","type":"PHP","test":"ast-sqlite-boot","plugin":"save-my-pre","details":"[09-Jul-2025 23:01:29 UTC] PHP Deprecated:  Function libxml_disable_entity_loader() is deprecated in /wordpress/wp-content/plugins/reactive-lite-advance-searching-filtering-grid/parsers.php on line 64","log":"/logs/plugins/s/save-my-pre/error.json"}
,
{"message":"Function libxml_disable_entity_loader() is deprecated in /wordpress/wp-content/plugins/reactive-lite-advance-searching-filtering-grid/parsers.php on line 68","level":"DEPRECATED","type":"PHP","test":"ast-sqlite-boot","plugin":"save-my-pre","details":"[09-Jul-2025 23:01:29 UTC] PHP Deprecated:  Function libxml_disable_entity_loader() is deprecated in /wordpress/wp-content/plugins/reactive-lite-advance-searching-filtering-grid/parsers.php on line 68","log":"/logs/plugins/s/save-my-pre/error.json"}
,
{"message":"Function libxml_disable_entity_loader() is deprecated in /wordpress/wp-content/plugins/reactive-lite-advance-searching-filtering-grid/parsers.php on line 64","level":"DEPRECATED","type":"PHP","test":"ast-sqlite-boot","plugin":"save-my-pre","details":"[09-Jul-2025 23:01:29 UTC] PHP Deprecated:  Function libxml_disable_entity_loader() is deprecated in /wordpress/wp-content/plugins/reactive-lite-advance-searching-filtering-grid/parsers.php on line 64","log":"/logs/plugins/s/save-my-pre/error.json"}
,
{"message":"Function libxml_disable_entity_loader() is deprecated in /wordpress/wp-content/plugins/reactive-lite-advance-searching-filtering-grid/parsers.php on line 68","level":"DEPRECATED","type":"PHP","test":"ast-sqlite-boot","plugin":"save-my-pre","details":"[09-Jul-2025 23:01:29 UTC] PHP Deprecated:  Function libxml_disable_entity_loader() is deprecated in /wordpress/wp-content/plugins/reactive-lite-advance-searching-filtering-grid/parsers.php on line 68","log":"/logs/plugins/s/save-my-pre/error.json"}
,
{"message":"Function libxml_disable_entity_loader() is deprecated in /wordpress/wp-content/plugins/reactive-lite-advance-searching-filtering-grid/parsers.php on line 64","level":"DEPRECATED","type":"PHP","test":"ast-sqlite-boot","plugin":"save-my-pre","details":"[09-Jul-2025 23:01:29 UTC] PHP Deprecated:  Function libxml_disable_entity_loader() is deprecated in /wordpress/wp-content/plugins/reactive-lite-advance-searching-filtering-grid/parsers.php on line 64","log":"/logs/plugins/s/save-my-pre/error.json"}
,
{"message":"Function libxml_disable_entity_loader() is deprecated in /wordpress/wp-content/plugins/reactive-lite-advance-searching-filtering-grid/parsers.php on line 68","level":"DEPRECATED","type":"PHP","test":"ast-sqlite-boot","plugin":"save-my-pre","details":"[09-Jul-2025 23:01:29 UTC] PHP Deprecated:  Function libxml_disable_entity_loader() is deprecated in /wordpress/wp-content/plugins/reactive-lite-advance-searching-filtering-grid/parsers.php on line 68","log":"/logs/plugins/s/save-my-pre/error.json"}
,
{"message":"Required parameter $exts follows optional parameter $files in /wordpress/wp-content/plugins/sabres-security-website-protection/classes/modules/inventory/base.php on line 47","level":"DEPRECATED","type":"PHP","test":"ast-sqlite-boot","plugin":"save-my-pre","details":"[09-Jul-2025 23:02:09 UTC] PHP Deprecated:  Required parameter $exts follows optional parameter $files in /wordpress/wp-content/plugins/sabres-security-website-protection/classes/modules/inventory/base.php on line 47","log":"/logs/plugins/s/save-my-pre/error.json"}
,
{"message":"Required parameter $scan_type follows optional parameter $settings in /wordpress/wp-content/plugins/sabres-security-website-protection/classes/modules/security/scanner.php on line 52","level":"DEPRECATED","type":"PHP","test":"ast-sqlite-boot","plugin":"save-my-pre","details":"[09-Jul-2025 23:02:09 UTC] PHP Deprecated:  Required parameter $scan_type follows optional parameter $settings in /wordpress/wp-content/plugins/sabres-security-website-protection/classes/modules/security/scanner.php on line 52","log":"/logs/plugins/s/save-my-pre/error.json"}
,
{"message":"Required parameter $desc follows optional parameter $code in /wordpress/wp-content/plugins/sabres-security-website-protection/classes/modules/security/scanner.php on line 219","level":"DEPRECATED","type":"PHP","test":"ast-sqlite-boot","plugin":"save-my-pre","details":"[09-Jul-2025 23:02:09 UTC] PHP Deprecated:  Required parameter $desc follows optional parameter $code in /wordpress/wp-content/plugins/sabres-security-website-protection/classes/modules/security/scanner.php on line 219","log":"/logs/plugins/s/save-my-pre/error.json"}
,
{"message":"Required parameter $exts follows optional parameter $files in /wordpress/wp-content/plugins/sabres-security-website-protection/classes/modules/inventory/core.php on line 29","level":"DEPRECATED","type":"PHP","test":"ast-sqlite-boot","plugin":"save-my-pre","details":"[09-Jul-2025 23:02:09 UTC] PHP Deprecated:  Required parameter $exts follows optional parameter $files in /wordpress/wp-content/plugins/sabres-security-website-protection/classes/modules/inventory/core.php on line 29","log":"/logs/plugins/s/save-my-pre/error.json"}
,
{"message":"Required parameter $exts follows optional parameter $files in /wordpress/wp-content/plugins/sabres-security-website-protection/classes/modules/inventory/plugin.php on line 29","level":"DEPRECATED","type":"PHP","test":"ast-sqlite-boot","plugin":"save-my-pre","details":"[09-Jul-2025 23:02:09 UTC] PHP Deprecated:  Required parameter $exts follows optional parameter $files in /wordpress/wp-content/plugins/sabres-security-website-protection/classes/modules/inventory/plugin.php on line 29","log":"/logs/plugins/s/save-my-pre/error.json"}
,
{"message":"Required parameter $exts follows optional parameter $files in /wordpress/wp-content/plugins/sabres-security-website-protection/classes/modules/inventory/base.php on line 47","level":"DEPRECATED","type":"PHP","test":"ast-sqlite-boot","plugin":"save-my-pre","details":"[09-Jul-2025 23:02:10 UTC] PHP Deprecated:  Required parameter $exts follows optional parameter $files in /wordpress/wp-content/plugins/sabres-security-website-protection/classes/modules/inventory/base.php on line 47","log":"/logs/plugins/s/save-my-pre/error.json"}
,
{"message":"Required parameter $scan_type follows optional parameter $settings in /wordpress/wp-content/plugins/sabres-security-website-protection/classes/modules/security/scanner.php on line 52","level":"DEPRECATED","type":"PHP","test":"ast-sqlite-boot","plugin":"save-my-pre","details":"[09-Jul-2025 23:02:10 UTC] PHP Deprecated:  Required parameter $scan_type follows optional parameter $settings in /wordpress/wp-content/plugins/sabres-security-website-protection/classes/modules/security/scanner.php on line 52","log":"/logs/plugins/s/save-my-pre/error.json"}
,
{"message":"Required parameter $desc follows optional parameter $code in /wordpress/wp-content/plugins/sabres-security-website-protection/classes/modules/security/scanner.php on line 219","level":"DEPRECATED","type":"PHP","test":"ast-sqlite-boot","plugin":"save-my-pre","details":"[09-Jul-2025 23:02:10 UTC] PHP Deprecated:  Required parameter $desc follows optional parameter $code in /wordpress/wp-content/plugins/sabres-security-website-protection/classes/modules/security/scanner.php on line 219","log":"/logs/plugins/s/save-my-pre/error.json"}
,
{"message":"Required parameter $exts follows optional parameter $files in /wordpress/wp-content/plugins/sabres-security-website-protection/classes/modules/inventory/core.php on line 29","level":"DEPRECATED","type":"PHP","test":"ast-sqlite-boot","plugin":"save-my-pre","details":"[09-Jul-2025 23:02:10 UTC] PHP Deprecated:  Required parameter $exts follows optional parameter $files in /wordpress/wp-content/plugins/sabres-security-website-protection/classes/modules/inventory/core.php on line 29","log":"/logs/plugins/s/save-my-pre/error.json"}
,
{"message":"Required parameter $exts follows optional parameter $files in /wordpress/wp-content/plugins/sabres-security-website-protection/classes/modules/inventory/plugin.php on line 29","level":"DEPRECATED","type":"PHP","test":"ast-sqlite-boot","plugin":"save-my-pre","details":"[09-Jul-2025 23:02:10 UTC] PHP Deprecated:  Required parameter $exts follows optional parameter $files in /wordpress/wp-content/plugins/sabres-security-website-protection/classes/modules/inventory/plugin.php on line 29","log":"/logs/plugins/s/save-my-pre/error.json"}
,
{"message":"Required parameter $exts follows optional parameter $files in /wordpress/wp-content/plugins/sabres-security-website-protection/classes/modules/inventory/base.php on line 47","level":"DEPRECATED","type":"PHP","test":"ast-sqlite-boot","plugin":"save-my-pre","details":"[09-Jul-2025 23:02:24 UTC] PHP Deprecated:  Required parameter $exts follows optional parameter $files in /wordpress/wp-content/plugins/sabres-security-website-protection/classes/modules/inventory/base.php on line 47","log":"/logs/plugins/s/save-my-pre/error.json"}
,
{"message":"Required parameter $scan_type follows optional parameter $settings in /wordpress/wp-content/plugins/sabres-security-website-protection/classes/modules/security/scanner.php on line 52","level":"DEPRECATED","type":"PHP","test":"ast-sqlite-boot","plugin":"save-my-pre","details":"[09-Jul-2025 23:02:24 UTC] PHP Deprecated:  Required parameter $scan_type follows optional parameter $settings in /wordpress/wp-content/plugins/sabres-security-website-protection/classes/modules/security/scanner.php on line 52","log":"/logs/plugins/s/save-my-pre/error.json"}
,
{"message":"Required parameter $desc follows optional parameter $code in /wordpress/wp-content/plugins/sabres-security-website-protection/classes/modules/security/scanner.php on line 219","level":"DEPRECATED","type":"PHP","test":"ast-sqlite-boot","plugin":"save-my-pre","details":"[09-Jul-2025 23:02:24 UTC] PHP Deprecated:  Required parameter $desc follows optional parameter $code in /wordpress/wp-content/plugins/sabres-security-website-protection/classes/modules/security/scanner.php on line 219","log":"/logs/plugins/s/save-my-pre/error.json"}
,
{"message":"Required parameter $exts follows optional parameter $files in /wordpress/wp-content/plugins/sabres-security-website-protection/classes/modules/inventory/core.php on line 29","level":"DEPRECATED","type":"PHP","test":"ast-sqlite-boot","plugin":"save-my-pre","details":"[09-Jul-2025 23:02:24 UTC] PHP Deprecated:  Required parameter $exts follows optional parameter $files in /wordpress/wp-content/plugins/sabres-security-website-protection/classes/modules/inventory/core.php on line 29","log":"/logs/plugins/s/save-my-pre/error.json"}
,
{"message":"Required parameter $exts follows optional parameter $files in /wordpress/wp-content/plugins/sabres-security-website-protection/classes/modules/inventory/plugin.php on line 29","level":"DEPRECATED","type":"PHP","test":"ast-sqlite-boot","plugin":"save-my-pre","details":"[09-Jul-2025 23:02:24 UTC] PHP Deprecated:  Required parameter $exts follows optional parameter $files in /wordpress/wp-content/plugins/sabres-security-website-protection/classes/modules/inventory/plugin.php on line 29","log":"/logs/plugins/s/save-my-pre/error.json"}
,
{"message":"Required parameter $exts follows optional parameter $files in /wordpress/wp-content/plugins/sabres-security-website-protection/classes/modules/inventory/base.php on line 47","level":"DEPRECATED","type":"PHP","test":"ast-sqlite-boot","plugin":"save-my-pre","details":"[09-Jul-2025 23:02:25 UTC] PHP Deprecated:  Required parameter $exts follows optional parameter $files in /wordpress/wp-content/plugins/sabres-security-website-protection/classes/modules/inventory/base.php on line 47","log":"/logs/plugins/s/save-my-pre/error.json"}
,
{"message":"Required parameter $scan_type follows optional parameter $settings in /wordpress/wp-content/plugins/sabres-security-website-protection/classes/modules/security/scanner.php on line 52","level":"DEPRECATED","type":"PHP","test":"ast-sqlite-boot","plugin":"save-my-pre","details":"[09-Jul-2025 23:02:25 UTC] PHP Deprecated:  Required parameter $scan_type follows optional parameter $settings in /wordpress/wp-content/plugins/sabres-security-website-protection/classes/modules/security/scanner.php on line 52","log":"/logs/plugins/s/save-my-pre/error.json"}
,
{"message":"Required parameter $desc follows optional parameter $code in /wordpress/wp-content/plugins/sabres-security-website-protection/classes/modules/security/scanner.php on line 219","level":"DEPRECATED","type":"PHP","test":"ast-sqlite-boot","plugin":"save-my-pre","details":"[09-Jul-2025 23:02:25 UTC] PHP Deprecated:  Required parameter $desc follows optional parameter $code in /wordpress/wp-content/plugins/sabres-security-website-protection/classes/modules/security/scanner.php on line 219","log":"/logs/plugins/s/save-my-pre/error.json"}
,
{"message":"Required parameter $exts follows optional parameter $files in /wordpress/wp-content/plugins/sabres-security-website-protection/classes/modules/inventory/core.php on line 29","level":"DEPRECATED","type":"PHP","test":"ast-sqlite-boot","plugin":"save-my-pre","details":"[09-Jul-2025 23:02:25 UTC] PHP Deprecated:  Required parameter $exts follows optional parameter $files in /wordpress/wp-content/plugins/sabres-security-website-protection/classes/modules/inventory/core.php on line 29","log":"/logs/plugins/s/save-my-pre/error.json"}
,
{"message":"Required parameter $exts follows optional parameter $files in /wordpress/wp-content/plugins/sabres-security-website-protection/classes/modules/inventory/plugin.php on line 29","level":"DEPRECATED","type":"PHP","test":"ast-sqlite-boot","plugin":"save-my-pre","details":"[09-Jul-2025 23:02:25 UTC] PHP Deprecated:  Required parameter $exts follows optional parameter $files in /wordpress/wp-content/plugins/sabres-security-website-protection/classes/modules/inventory/plugin.php on line 29","log":"/logs/plugins/s/save-my-pre/error.json"}
,
{"message":"Required parameter $exts follows optional parameter $files in /wordpress/wp-content/plugins/sabres-security-website-protection/classes/modules/inventory/base.php on line 47","level":"DEPRECATED","type":"PHP","test":"ast-sqlite-boot","plugin":"save-my-pre","details":"[09-Jul-2025 23:02:39 UTC] PHP Deprecated:  Required parameter $exts follows optional parameter $files in /wordpress/wp-content/plugins/sabres-security-website-protection/classes/modules/inventory/base.php on line 47","log":"/logs/plugins/s/save-my-pre/error.json"}
,
{"message":"Required parameter $scan_type follows optional parameter $settings in /wordpress/wp-content/plugins/sabres-security-website-protection/classes/modules/security/scanner.php on line 52","level":"DEPRECATED","type":"PHP","test":"ast-sqlite-boot","plugin":"save-my-pre","details":"[09-Jul-2025 23:02:39 UTC] PHP Deprecated:  Required parameter $scan_type follows optional parameter $settings in /wordpress/wp-content/plugins/sabres-security-website-protection/classes/modules/security/scanner.php on line 52","log":"/logs/plugins/s/save-my-pre/error.json"}
,
{"message":"Required parameter $desc follows optional parameter $code in /wordpress/wp-content/plugins/sabres-security-website-protection/classes/modules/security/scanner.php on line 219","level":"DEPRECATED","type":"PHP","test":"ast-sqlite-boot","plugin":"save-my-pre","details":"[09-Jul-2025 23:02:39 UTC] PHP Deprecated:  Required parameter $desc follows optional parameter $code in /wordpress/wp-content/plugins/sabres-security-website-protection/classes/modules/security/scanner.php on line 219","log":"/logs/plugins/s/save-my-pre/error.json"}
,
{"message":"Required parameter $exts follows optional parameter $files in /wordpress/wp-content/plugins/sabres-security-website-protection/classes/modules/inventory/core.php on line 29","level":"DEPRECATED","type":"PHP","test":"ast-sqlite-boot","plugin":"save-my-pre","details":"[09-Jul-2025 23:02:39 UTC] PHP Deprecated:  Required parameter $exts follows optional parameter $files in /wordpress/wp-content/plugins/sabres-security-website-protection/classes/modules/inventory/core.php on line 29","log":"/logs/plugins/s/save-my-pre/error.json"}
,
{"message":"Required parameter $exts follows optional parameter $files in /wordpress/wp-content/plugins/sabres-security-website-protection/classes/modules/inventory/plugin.php on line 29","level":"DEPRECATED","type":"PHP","test":"ast-sqlite-boot","plugin":"save-my-pre","details":"[09-Jul-2025 23:02:39 UTC] PHP Deprecated:  Required parameter $exts follows optional parameter $files in /wordpress/wp-content/plugins/sabres-security-website-protection/classes/modules/inventory/plugin.php on line 29","log":"/logs/plugins/s/save-my-pre/error.json"}
,
{"message":"Required parameter $exts follows optional parameter $files in /wordpress/wp-content/plugins/sabres-security-website-protection/classes/modules/inventory/base.php on line 47","level":"DEPRECATED","type":"PHP","test":"ast-sqlite-boot","plugin":"save-my-pre","details":"[09-Jul-2025 23:02:40 UTC] PHP Deprecated:  Required parameter $exts follows optional parameter $files in /wordpress/wp-content/plugins/sabres-security-website-protection/classes/modules/inventory/base.php on line 47","log":"/logs/plugins/s/save-my-pre/error.json"}
,
{"message":"Required parameter $scan_type follows optional parameter $settings in /wordpress/wp-content/plugins/sabres-security-website-protection/classes/modules/security/scanner.php on line 52","level":"DEPRECATED","type":"PHP","test":"ast-sqlite-boot","plugin":"save-my-pre","details":"[09-Jul-2025 23:02:40 UTC] PHP Deprecated:  Required parameter $scan_type follows optional parameter $settings in /wordpress/wp-content/plugins/sabres-security-website-protection/classes/modules/security/scanner.php on line 52","log":"/logs/plugins/s/save-my-pre/error.json"}
,
{"message":"Required parameter $desc follows optional parameter $code in /wordpress/wp-content/plugins/sabres-security-website-protection/classes/modules/security/scanner.php on line 219","level":"DEPRECATED","type":"PHP","test":"ast-sqlite-boot","plugin":"save-my-pre","details":"[09-Jul-2025 23:02:40 UTC] PHP Deprecated:  Required parameter $desc follows optional parameter $code in /wordpress/wp-content/plugins/sabres-security-website-protection/classes/modules/security/scanner.php on line 219","log":"/logs/plugins/s/save-my-pre/error.json"}
,
{"message":"Required parameter $exts follows optional parameter $files in /wordpress/wp-content/plugins/sabres-security-website-protection/classes/modules/inventory/core.php on line 29","level":"DEPRECATED","type":"PHP","test":"ast-sqlite-boot","plugin":"save-my-pre","details":"[09-Jul-2025 23:02:40 UTC] PHP Deprecated:  Required parameter $exts follows optional parameter $files in /wordpress/wp-content/plugins/sabres-security-website-protection/classes/modules/inventory/core.php on line 29","log":"/logs/plugins/s/save-my-pre/error.json"}
,
{"message":"Required parameter $exts follows optional parameter $files in /wordpress/wp-content/plugins/sabres-security-website-protection/classes/modules/inventory/plugin.php on line 29","level":"DEPRECATED","type":"PHP","test":"ast-sqlite-boot","plugin":"save-my-pre","details":"[09-Jul-2025 23:02:40 UTC] PHP Deprecated:  Required parameter $exts follows optional parameter $files in /wordpress/wp-content/plugins/sabres-security-website-protection/classes/modules/inventory/plugin.php on line 29\n\n    at Object.onBind (file:///home/runner/work/playground-tester/playground-tester/node_modules/@wp-playground/cli/run-cli-j-geJYS3.js:325:15)\n    at process.processTicksAndRejections (node:internal/process/task_queues:105:5)\n    at async re (file:///home/runner/work/playground-tester/playground-tester/node_modules/@wp-playground/cli/run-cli-j-geJYS3.js:149:10) {\n  [cause]: Error: Error when executing the blueprint step #5 ({\"step\":\"installPlugin\",\"pluginData\":{\"resource\":\"wordpress.org/plugins\",\"slug\":\"save-my-pre\"},\"options\":{\"activate\":true}}) : Plugin /wordpress/wp-content/plugins/save-my-pre could not be activated  WordPress exited with no error. Sometimes, when $_SERVER or site options are not configured correctly, WordPress exits early with a 301 redirect. Inspect the \"debug\" logs in the console for more details.\n      at Object.run (file:///home/runner/work/playground-tester/playground-tester/node_modules/@wp-playground/blueprints/index.js:12093:19)\n      at process.processTicksAndRejections (node:internal/process/task_queues:105:5)\n      at async ys (file:///home/runner/work/playground-tester/playground-tester/node_modules/@wp-playground/blueprints/index.js:12196:3)\n      at async Object.onBind (file:///home/runner/work/playground-tester/playground-tester/node_modules/@wp-playground/cli/run-cli-j-geJYS3.js:315:48)\n      at async re (file:///home/runner/work/playground-tester/playground-tester/node_modules/@wp-playground/cli/run-cli-j-geJYS3.js:149:10) {\n    [cause]: Error: Plugin /wordpress/wp-content/plugins/save-my-pre could not be activated  WordPress exited with no error. Sometimes, when $_SERVER or site options are not configured correctly, WordPress exits early with a 301 redirect. Inspect the \"debug\" logs in the console for more details.\n        at wr (file:///home/runner/work/playground-tester/playground-tester/node_modules/@wp-playground/blueprints/index.js:120:51)\n        at process.processTicksAndRejections (node:internal/process/task_queues:105:5)\n        at async Object.gt [as installPlugin] (file:///home/runner/work/playground-tester/playground-tester/node_modules/@wp-playground/blueprints/index.js:631:42)\n        at async g (file:///home/runner/work/playground-tester/playground-tester/node_modules/@wp-playground/blueprints/index.js:12161:30)\n        at async Object.run (file:///home/runner/work/playground-tester/playground-tester/node_modules/@wp-playground/blueprints/index.js:12090:23)\n        at async ys (file:///home/runner/work/playground-tester/playground-tester/node_modules/@wp-playground/blueprints/index.js:12196:3)\n        at async Object.onBind (file:///home/runner/work/playground-tester/playground-tester/node_modules/@wp-playground/cli/run-cli-j-geJYS3.js:315:48)\n        at async re (file:///home/runner/work/playground-tester/playground-tester/node_modules/@wp-playground/cli/run-cli-j-geJYS3.js:149:10)\n  }\n}\n\n","log":"/logs/plugins/s/save-my-pre/error.json"}
]
