[
{"message":"file:///home/runner/work/playground-tester/playground-tester/node_modules/@wp-playground/cli/index.js:237\n        throw new Error(y, { cause: u });\n              ^\n","level":"FATAL","type":"PLAYGROUND","test":"ast-sqlite-boot","plugin":"kdt-backup","details":"file:///home/runner/work/playground-tester/playground-tester/node_modules/@wp-playground/cli/index.js:237\n        throw new Error(y, { cause: u });\n              ^\n","log":"/tmp/tmp.jpI6YTdneP"}
,
{"message":"Uncaught TypeError: call_user_func_array(): Argument #1 ($callback) must be a valid callback, non-static method KaskusEmoticons::activate() cannot be called statically in /wordpress/wp-includes/class-wp-hook.php:324","level":"FATAL","type":"PHP","test":"ast-sqlite-boot","plugin":"kdt-backup","details":"[25-Apr-2025 03:32:22 UTC] PHP Fatal error:  Uncaught TypeError: call_user_func_array(): Argument #1 ($callback) must be a valid callback, non-static method KaskusEmoticons::activate() cannot be called statically in /wordpress/wp-includes/class-wp-hook.php:324\nStack trace:\n#0 /wordpress/wp-includes/class-wp-hook.php(348): WP_Hook->apply_filters('', Array)\n#1 /wordpress/wp-includes/plugin.php(517): WP_Hook->do_action(Array)\n#2 /wordpress/wp-admin/includes/plugin.php(703): do_action('activate_kaskus...', false)\n#3 /internal/eval.php(20): activate_plugin('kaskus-emoticon...')\n#4 {main}\n  thrown in /wordpress/wp-includes/class-wp-hook.php on line 324","log":"/logs/plugins/k/kdt-backup/error.json"}
,
{"message":"Uncaught TypeError: call_user_func_array(): Argument #1 ($callback) must be a valid callback, non-static method KaskusEmoticons::activate() cannot be called statically in /wordpress/wp-includes/class-wp-hook.php:324","level":"FATAL","type":"PHP","test":"ast-sqlite-boot","plugin":"kdt-backup","details":"[25-Apr-2025 03:32:31 UTC] PHP Fatal error:  Uncaught TypeError: call_user_func_array(): Argument #1 ($callback) must be a valid callback, non-static method KaskusEmoticons::activate() cannot be called statically in /wordpress/wp-includes/class-wp-hook.php:324\nStack trace:\n#0 /wordpress/wp-includes/class-wp-hook.php(348): WP_Hook->apply_filters('', Array)\n#1 /wordpress/wp-includes/plugin.php(517): WP_Hook->do_action(Array)\n#2 /wordpress/wp-admin/includes/plugin.php(703): do_action('activate_kaskus...', false)\n#3 /internal/eval.php(20): activate_plugin('kaskus-emoticon...')\n#4 {main}\n  thrown in /wordpress/wp-includes/class-wp-hook.php on line 324","log":"/logs/plugins/k/kdt-backup/error.json"}
,
{"message":"Uncaught TypeError: call_user_func_array(): Argument #1 ($callback) must be a valid callback, non-static method KaskusEmoticons::activate() cannot be called statically in /wordpress/wp-includes/class-wp-hook.php:324","level":"FATAL","type":"PHP","test":"ast-sqlite-boot","plugin":"kdt-backup","details":"[25-Apr-2025 03:32:38 UTC] PHP Fatal error:  Uncaught TypeError: call_user_func_array(): Argument #1 ($callback) must be a valid callback, non-static method KaskusEmoticons::activate() cannot be called statically in /wordpress/wp-includes/class-wp-hook.php:324\nStack trace:\n#0 /wordpress/wp-includes/class-wp-hook.php(348): WP_Hook->apply_filters('', Array)\n#1 /wordpress/wp-includes/plugin.php(517): WP_Hook->do_action(Array)\n#2 /wordpress/wp-admin/includes/plugin.php(703): do_action('activate_kaskus...', false)\n#3 /internal/eval.php(20): activate_plugin('kaskus-emoticon...')\n#4 {main}\n  thrown in /wordpress/wp-includes/class-wp-hook.php on line 324","log":"/logs/plugins/k/kdt-backup/error.json"}
,
{"message":"Array and string offset access syntax with curly braces is no longer supported in /wordpress/wp-content/plugins/kb-gradebook/kb-gradebook.php on line 455","level":"FATAL","type":"PHP","test":"ast-sqlite-boot","plugin":"kdt-backup","details":"[25-Apr-2025 03:34:10 UTC] PHP Fatal error:  Array and string offset access syntax with curly braces is no longer supported in /wordpress/wp-content/plugins/kb-gradebook/kb-gradebook.php on line 455","log":"/logs/plugins/k/kdt-backup/error.json"}
,
{"message":"Array and string offset access syntax with curly braces is no longer supported in /wordpress/wp-content/plugins/kb-gradebook/kb-gradebook.php on line 455","level":"FATAL","type":"PHP","test":"ast-sqlite-boot","plugin":"kdt-backup","details":"[25-Apr-2025 03:34:18 UTC] PHP Fatal error:  Array and string offset access syntax with curly braces is no longer supported in /wordpress/wp-content/plugins/kb-gradebook/kb-gradebook.php on line 455","log":"/logs/plugins/k/kdt-backup/error.json"}
,
{"message":"Array and string offset access syntax with curly braces is no longer supported in /wordpress/wp-content/plugins/kb-gradebook/kb-gradebook.php on line 455","level":"FATAL","type":"PHP","test":"ast-sqlite-boot","plugin":"kdt-backup","details":"[25-Apr-2025 03:34:26 UTC] PHP Fatal error:  Array and string offset access syntax with curly braces is no longer supported in /wordpress/wp-content/plugins/kb-gradebook/kb-gradebook.php on line 455","log":"/logs/plugins/k/kdt-backup/error.json"}
,
{"message":"Undefined array key \"REMOTE_ADDR\" in /wordpress/wp-content/plugins/keycaptcha/keycaptcha.php on line 69","level":"WARNING","type":"PHP","test":"ast-sqlite-boot","plugin":"kdt-backup","details":"[25-Apr-2025 03:39:32 UTC] PHP Warning:  Undefined array key \"REMOTE_ADDR\" in /wordpress/wp-content/plugins/keycaptcha/keycaptcha.php on line 69","log":"/logs/plugins/k/kdt-backup/error.json"}
,
{"message":"Undefined array key \"REMOTE_ADDR\" in /wordpress/wp-content/plugins/keycaptcha/keycaptcha.php on line 69","level":"WARNING","type":"PHP","test":"ast-sqlite-boot","plugin":"kdt-backup","details":"[25-Apr-2025 03:39:33 UTC] PHP Warning:  Undefined array key \"REMOTE_ADDR\" in /wordpress/wp-content/plugins/keycaptcha/keycaptcha.php on line 69","log":"/logs/plugins/k/kdt-backup/error.json"}
,
{"message":"Undefined array key \"REMOTE_ADDR\" in /wordpress/wp-content/plugins/keycaptcha/keycaptcha.php on line 69","level":"WARNING","type":"PHP","test":"ast-sqlite-boot","plugin":"kdt-backup","details":"[25-Apr-2025 03:39:41 UTC] PHP Warning:  Undefined array key \"REMOTE_ADDR\" in /wordpress/wp-content/plugins/keycaptcha/keycaptcha.php on line 69","log":"/logs/plugins/k/kdt-backup/error.json"}
,
{"message":"Undefined array key \"REMOTE_ADDR\" in /wordpress/wp-content/plugins/keycaptcha/keycaptcha.php on line 69","level":"WARNING","type":"PHP","test":"ast-sqlite-boot","plugin":"kdt-backup","details":"[25-Apr-2025 03:39:42 UTC] PHP Warning:  Undefined array key \"REMOTE_ADDR\" in /wordpress/wp-content/plugins/keycaptcha/keycaptcha.php on line 69","log":"/logs/plugins/k/kdt-backup/error.json"}
,
{"message":"Undefined array key \"REMOTE_ADDR\" in /wordpress/wp-content/plugins/keycaptcha/keycaptcha.php on line 69","level":"WARNING","type":"PHP","test":"ast-sqlite-boot","plugin":"kdt-backup","details":"[25-Apr-2025 03:39:50 UTC] PHP Warning:  Undefined array key \"REMOTE_ADDR\" in /wordpress/wp-content/plugins/keycaptcha/keycaptcha.php on line 69","log":"/logs/plugins/k/kdt-backup/error.json"}
,
{"message":"Undefined array key \"REMOTE_ADDR\" in /wordpress/wp-content/plugins/keycaptcha/keycaptcha.php on line 69","level":"WARNING","type":"PHP","test":"ast-sqlite-boot","plugin":"kdt-backup","details":"[25-Apr-2025 03:39:51 UTC] PHP Warning:  Undefined array key \"REMOTE_ADDR\" in /wordpress/wp-content/plugins/keycaptcha/keycaptcha.php on line 69","log":"/logs/plugins/k/kdt-backup/error.json"}
,
{"message":"Function register_sidebar_widget is <strong>deprecated</strong> since version 2.8.0! Use wp_register_sidebar_widget() instead. in /wordpress/wp-includes/functions.php on line 6121","level":"DEPRECATED","type":"PHP","test":"ast-sqlite-boot","plugin":"kdt-backup","details":"[25-Apr-2025 03:40:29 UTC] PHP Deprecated:  Function register_sidebar_widget is <strong>deprecated</strong> since version 2.8.0! Use wp_register_sidebar_widget() instead. in /wordpress/wp-includes/functions.php on line 6121","log":"/logs/plugins/k/kdt-backup/error.json"}
,
{"message":"Function register_sidebar_widget is <strong>deprecated</strong> since version 2.8.0! Use wp_register_sidebar_widget() instead. in /wordpress/wp-includes/functions.php on line 6121","level":"DEPRECATED","type":"PHP","test":"ast-sqlite-boot","plugin":"kdt-backup","details":"[25-Apr-2025 03:40:38 UTC] PHP Deprecated:  Function register_sidebar_widget is <strong>deprecated</strong> since version 2.8.0! Use wp_register_sidebar_widget() instead. in /wordpress/wp-includes/functions.php on line 6121","log":"/logs/plugins/k/kdt-backup/error.json"}
,
{"message":"Function register_sidebar_widget is <strong>deprecated</strong> since version 2.8.0! Use wp_register_sidebar_widget() instead. in /wordpress/wp-includes/functions.php on line 6121","level":"DEPRECATED","type":"PHP","test":"ast-sqlite-boot","plugin":"kdt-backup","details":"[25-Apr-2025 03:40:48 UTC] PHP Deprecated:  Function register_sidebar_widget is <strong>deprecated</strong> since version 2.8.0! Use wp_register_sidebar_widget() instead. in /wordpress/wp-includes/functions.php on line 6121","log":"/logs/plugins/k/kdt-backup/error.json"}
,
{"message":"Uncaught Exception: Cryptor::decryptString() - data length 0 is less than iv length 16 in /wordpress/wp-content/plugins/kangoo-for-woocommerce/includes/encryption.php:141","level":"FATAL","type":"PHP","test":"ast-sqlite-boot","plugin":"kdt-backup","details":"[25-Apr-2025 03:41:27 UTC] PHP Fatal error:  Uncaught Exception: Cryptor::decryptString() - data length 0 is less than iv length 16 in /wordpress/wp-content/plugins/kangoo-for-woocommerce/includes/encryption.php:141\nStack trace:\n#0 /wordpress/wp-content/plugins/kangoo-for-woocommerce/includes/encryption.php(187): kangooSecurity\\Cryptor->decryptString(false, 'put your unique...', 1)\n#1 /wordpress/wp-content/plugins/kangoo-for-woocommerce/includes/encryption-decryption-checker.php(92): kangooSecurity\\Cryptor::Decrypt(false, 'put your unique...')\n#2 /wordpress/wp-includes/class-wp-hook.php(324): kangooSecurity\\encryption_checker->check_encryption('')\n#3 /wordpress/wp-includes/class-wp-hook.php(348): WP_Hook->apply_filters(NULL, Array)\n#4 /wordpress/wp-includes/plugin.php(517): WP_Hook->do_action(Array)\n#5 /wordpress/wp-settings.php(727): do_action('init')\n#6 /wordpress/wp-config.php(102): require_once('/wordpress/wp-s...')\n#7 /wordpress/wp-load.php(50): require_once('/wordpress/wp-c...')\n#8 /internal/eval.php(3): require_once('/wordpress/wp-l...')\n#9 {main}\n  thrown in /wordpress/wp-content/plugins/kangoo-for-woocommerce/includes/encryption.php on line 141","log":"/logs/plugins/k/kdt-backup/error.json"}
,
{"message":"Uncaught Exception: Cryptor::decryptString() - data length 0 is less than iv length 16 in /wordpress/wp-content/plugins/kangoo-for-woocommerce/includes/encryption.php:141","level":"FATAL","type":"PHP","test":"ast-sqlite-boot","plugin":"kdt-backup","details":"[25-Apr-2025 03:41:36 UTC] PHP Fatal error:  Uncaught Exception: Cryptor::decryptString() - data length 0 is less than iv length 16 in /wordpress/wp-content/plugins/kangoo-for-woocommerce/includes/encryption.php:141\nStack trace:\n#0 /wordpress/wp-content/plugins/kangoo-for-woocommerce/includes/encryption.php(187): kangooSecurity\\Cryptor->decryptString(false, 'put your unique...', 1)\n#1 /wordpress/wp-content/plugins/kangoo-for-woocommerce/includes/encryption-decryption-checker.php(92): kangooSecurity\\Cryptor::Decrypt(false, 'put your unique...')\n#2 /wordpress/wp-includes/class-wp-hook.php(324): kangooSecurity\\encryption_checker->check_encryption('')\n#3 /wordpress/wp-includes/class-wp-hook.php(348): WP_Hook->apply_filters(NULL, Array)\n#4 /wordpress/wp-includes/plugin.php(517): WP_Hook->do_action(Array)\n#5 /wordpress/wp-settings.php(727): do_action('init')\n#6 /wordpress/wp-config.php(102): require_once('/wordpress/wp-s...')\n#7 /wordpress/wp-load.php(50): require_once('/wordpress/wp-c...')\n#8 /internal/eval.php(3): require_once('/wordpress/wp-l...')\n#9 {main}\n  thrown in /wordpress/wp-content/plugins/kangoo-for-woocommerce/includes/encryption.php on line 141","log":"/logs/plugins/k/kdt-backup/error.json"}
,
{"message":"Uncaught Exception: Cryptor::decryptString() - data length 0 is less than iv length 16 in /wordpress/wp-content/plugins/kangoo-for-woocommerce/includes/encryption.php:141","level":"FATAL","type":"PHP","test":"ast-sqlite-boot","plugin":"kdt-backup","details":"[25-Apr-2025 03:41:46 UTC] PHP Fatal error:  Uncaught Exception: Cryptor::decryptString() - data length 0 is less than iv length 16 in /wordpress/wp-content/plugins/kangoo-for-woocommerce/includes/encryption.php:141\nStack trace:\n#0 /wordpress/wp-content/plugins/kangoo-for-woocommerce/includes/encryption.php(187): kangooSecurity\\Cryptor->decryptString(false, 'put your unique...', 1)\n#1 /wordpress/wp-content/plugins/kangoo-for-woocommerce/includes/encryption-decryption-checker.php(92): kangooSecurity\\Cryptor::Decrypt(false, 'put your unique...')\n#2 /wordpress/wp-includes/class-wp-hook.php(324): kangooSecurity\\encryption_checker->check_encryption('')\n#3 /wordpress/wp-includes/class-wp-hook.php(348): WP_Hook->apply_filters(NULL, Array)\n#4 /wordpress/wp-includes/plugin.php(517): WP_Hook->do_action(Array)\n#5 /wordpress/wp-settings.php(727): do_action('init')\n#6 /wordpress/wp-config.php(102): require_once('/wordpress/wp-s...')\n#7 /wordpress/wp-load.php(50): require_once('/wordpress/wp-c...')\n#8 /internal/eval.php(3): require_once('/wordpress/wp-l...')\n#9 {main}\n  thrown in /wordpress/wp-content/plugins/kangoo-for-woocommerce/includes/encryption.php on line 141","log":"/logs/plugins/k/kdt-backup/error.json"}
,
{"message":"Uncaught Error: Undefined constant \"WPLANG\" in /wordpress/wp-content/plugins/kdt-backup/config.php:3","level":"FATAL","type":"PHP","test":"ast-sqlite-boot","plugin":"kdt-backup","details":"[25-Apr-2025 03:43:31 UTC] PHP Fatal error:  Uncaught Error: Undefined constant \"WPLANG\" in /wordpress/wp-content/plugins/kdt-backup/config.php:3\nStack trace:\n#0 /wordpress/wp-content/plugins/kdt-backup/bcp.php(9): require_once()\n#1 /wordpress/wp-admin/includes/plugin.php(2387): include_once('/wordpress/wp-c...')\n#2 /wordpress/wp-admin/includes/plugin.php(673): plugin_sandbox_scrape('kdt-backup/bcp....')\n#3 /internal/eval.php(20): activate_plugin('kdt-backup/bcp....')\n#4 {main}\n  thrown in /wordpress/wp-content/plugins/kdt-backup/config.php on line 3\n\n    at Object.onBind (file:///home/runner/work/playground-tester/playground-tester/node_modules/@wp-playground/cli/index.js:237:15)\n    at process.processTicksAndRejections (node:internal/process/task_queues:105:5)\n    at async V (file:///home/runner/work/playground-tester/playground-tester/node_modules/@wp-playground/cli/index.js:64:10)\n    at async ja (file:///home/runner/work/playground-tester/playground-tester/node_modules/@wp-playground/cli/cli.js:8161:12) {\n  [cause]: Error: Error when executing the blueprint step #5 ({\"step\":\"installPlugin\",\"pluginData\":{\"resource\":\"wordpress.org/plugins\",\"slug\":\"kdt-backup\"},\"options\":{\"activate\":true}}) : PHP.run() failed with exit code 255 and the following output: \n      at Object.run (file:///home/runner/work/playground-tester/playground-tester/node_modules/@wp-playground/blueprints/index.js:12449:19)\n      at process.processTicksAndRejections (node:internal/process/task_queues:105:5)\n      at async ms (file:///home/runner/work/playground-tester/playground-tester/node_modules/@wp-playground/blueprints/index.js:12552:3)\n      ... 2 lines matching cause stack trace ...\n      at async ja (file:///home/runner/work/playground-tester/playground-tester/node_modules/@wp-playground/cli/cli.js:8161:12) {\n    [cause]: PHPExecutionFailureError: PHP.run() failed with exit code 255 and the following output: \n        at PHP.run (file:///home/runner/work/playground-tester/playground-tester/node_modules/@php-wasm/universal/index.js:987:19)\n        at process.processTicksAndRejections (node:internal/process/task_queues:105:5)\n        at async wr (file:///home/runner/work/playground-tester/playground-tester/node_modules/@wp-playground/blueprints/index.js:33:39)\n        at async Object.gt [as installPlugin] (file:///home/runner/work/playground-tester/playground-tester/node_modules/@wp-playground/blueprints/index.js:974:42)\n        at async g (file:///home/runner/work/playground-tester/playground-tester/node_modules/@wp-playground/blueprints/index.js:12517:30)\n        at async Object.run (file:///home/runner/work/playground-tester/playground-tester/node_modules/@wp-playground/blueprints/index.js:12446:23)\n        at async ms (file:///home/runner/work/playground-tester/playground-tester/node_modules/@wp-playground/blueprints/index.js:12552:3)\n        at async Object.onBind (file:///home/runner/work/playground-tester/playground-tester/node_modules/@wp-playground/cli/index.js:227:48)\n        at async V (file:///home/runner/work/playground-tester/playground-tester/node_modules/@wp-playground/cli/index.js:64:10)\n        at async ja (file:///home/runner/work/playground-tester/playground-tester/node_modules/@wp-playground/cli/cli.js:8161:12) {\n      response: PHPResponse {\n        httpStatusCode: 500,\n        headers: {\n          'x-powered-by': [ 'PHP/8.0.30-dev' ],\n          'content-type': [ 'text/html; charset=UTF-8' ]\n        },\n        bytes: Uint8Array(0) [],\n        exitCode: 255,\n        errors: ''\n      },\n      source: 'request'\n    }\n  }\n}\n\n","log":"/logs/plugins/k/kdt-backup/error.json"}
]
