file:///home/runner/work/playground-tester/playground-tester/node_modules/@wp-playground/cli/index.js:237
        throw new Error(y, { cause: u });
              ^

Error: [31-May-2025 02:28:59 UTC] PHP Warning:  mysqli::__construct(): (HY000/2002): Address family not supported by protocol in /wordpress/wp-content/plugins/wp-database-session-handler/session_handler.php on line 109
[31-May-2025 02:28:59 UTC] PHP Fatal error:  Uncaught Exception: Connect Error (2002) Address family not supported by protocol in /wordpress/wp-content/plugins/wp-database-session-handler/session_handler.php:112
Stack trace:
#0 /wordpress/wp-content/plugins/wp-database-session-handler/session_handler.php(39): SC\WPSH\SC_MySqlSessionHandler::setDbDetails('localhost', 'username_here', 'password_here', 'database_name_h...')
#1 /wordpress/wp-content/plugins/wp-database-session-handler/session_handler.php(29): SC\WPSH\SC_MySqlSessionHandler::activate_session_handler()
#2 /wordpress/wp-content/plugins/wp-database-session-handler/sc-session-handler.php(67): SC\WPSH\SC_MySqlSessionHandler::init()
#3 /wordpress/wp-admin/includes/plugin.php(2387): include_once('/wordpress/wp-c...')
#4 /wordpress/wp-admin/includes/plugin.php(673): plugin_sandbox_scrape('wp-database-ses...')
#5 /internal/eval.php(20): activate_plugin('wp-database-ses...')
#6 {main}
  thrown in /wordpress/wp-content/plugins/wp-database-session-handler/session_handler.php on line 112
[31-May-2025 02:29:07 UTC] PHP Warning:  mysqli::__construct(): (HY000/2002): Address family not supported by protocol in /wordpress/wp-content/plugins/wp-database-session-handler/session_handler.php on line 109
[31-May-2025 02:29:07 UTC] PHP Fatal error:  Uncaught Exception: Connect Error (2002) Address family not supported by protocol in /wordpress/wp-content/plugins/wp-database-session-handler/session_handler.php:112
Stack trace:
#0 /wordpress/wp-content/plugins/wp-database-session-handler/session_handler.php(39): SC\WPSH\SC_MySqlSessionHandler::setDbDetails('localhost', 'username_here', 'password_here', 'database_name_h...')
#1 /wordpress/wp-content/plugins/wp-database-session-handler/session_handler.php(29): SC\WPSH\SC_MySqlSessionHandler::activate_session_handler()
#2 /wordpress/wp-content/plugins/wp-database-session-handler/sc-session-handler.php(67): SC\WPSH\SC_MySqlSessionHandler::init()
#3 /wordpress/wp-admin/includes/plugin.php(2387): include_once('/wordpress/wp-c...')
#4 /wordpress/wp-admin/includes/plugin.php(673): plugin_sandbox_scrape('wp-database-ses...')
#5 /internal/eval.php(20): activate_plugin('wp-database-ses...')
#6 {main}
  thrown in /wordpress/wp-content/plugins/wp-database-session-handler/session_handler.php on line 112
[31-May-2025 02:29:14 UTC] PHP Warning:  mysqli::__construct(): (HY000/2002): Address family not supported by protocol in /wordpress/wp-content/plugins/wp-database-session-handler/session_handler.php on line 109
[31-May-2025 02:29:14 UTC] PHP Fatal error:  Uncaught Exception: Connect Error (2002) Address family not supported by protocol in /wordpress/wp-content/plugins/wp-database-session-handler/session_handler.php:112
Stack trace:
#0 /wordpress/wp-content/plugins/wp-database-session-handler/session_handler.php(39): SC\WPSH\SC_MySqlSessionHandler::setDbDetails('localhost', 'username_here', 'password_here', 'database_name_h...')
#1 /wordpress/wp-content/plugins/wp-database-session-handler/session_handler.php(29): SC\WPSH\SC_MySqlSessionHandler::activate_session_handler()
#2 /wordpress/wp-content/plugins/wp-database-session-handler/sc-session-handler.php(67): SC\WPSH\SC_MySqlSessionHandler::init()
#3 /wordpress/wp-admin/includes/plugin.php(2387): include_once('/wordpress/wp-c...')
#4 /wordpress/wp-admin/includes/plugin.php(673): plugin_sandbox_scrape('wp-database-ses...')
#5 /internal/eval.php(20): activate_plugin('wp-database-ses...')
#6 {main}
  thrown in /wordpress/wp-content/plugins/wp-database-session-handler/session_handler.php on line 112
[31-May-2025 02:30:32 UTC] PHP Deprecated:  Function register_sidebar_widget is <strong>deprecated</strong> since version 2.8.0! Use wp_register_sidebar_widget() instead. in /wordpress/wp-includes/functions.php on line 6121
[31-May-2025 02:30:41 UTC] PHP Deprecated:  Function register_sidebar_widget is <strong>deprecated</strong> since version 2.8.0! Use wp_register_sidebar_widget() instead. in /wordpress/wp-includes/functions.php on line 6121
[31-May-2025 02:30:50 UTC] PHP Deprecated:  Function register_sidebar_widget is <strong>deprecated</strong> since version 2.8.0! Use wp_register_sidebar_widget() instead. in /wordpress/wp-includes/functions.php on line 6121
[31-May-2025 02:32:38 UTC] PHP Fatal error:  Uncaught ArgumentCountError: Too few arguments to function WP_Widget::__construct(), 0 passed in /wordpress/wp-includes/class-wp-widget-factory.php on line 62 and at least 2 expected in /wordpress/wp-includes/class-wp-widget.php:163
Stack trace:
#0 /wordpress/wp-includes/class-wp-widget-factory.php(62): WP_Widget->__construct()
#1 /wordpress/wp-includes/widgets.php(123): WP_Widget_Factory->register('Renown_Rank')
#2 /wordpress/wp-content/plugins/war-renown-rank/war-renown-rank.php(21): register_widget('Renown_Rank')
#3 /wordpress/wp-includes/class-wp-hook.php(324): renownrank_init('')
#4 /wordpress/wp-includes/class-wp-hook.php(348): WP_Hook->apply_filters(NULL, Array)
#5 /wordpress/wp-includes/plugin.php(517): WP_Hook->do_action(Array)
#6 /wordpress/wp-includes/widgets.php(1870): do_action('widgets_init')
#7 /wordpress/wp-includes/class-wp-hook.php(324): wp_widgets_init('')
#8 /wordpress/wp-includes/class-wp-hook.php(348): WP_Hook->apply_filters(NULL, Array)
#9 /wordpress/wp-includes/plugin.php(517): WP_Hook->do_action(Array)
#10 /wordpress/wp-settings.php(727): do_action('init')
#11 /wordpress/wp-config.php(102): require_once('/wordpress/wp-s...')
#12 /wordpress/wp-load.php(50): require_once('/wordpress/wp-c...')
#13 /internal/eval.php(3): require_once('/wordpress/wp-l...')
#14 {main}
  thrown in /wordpress/wp-includes/class-wp-widget.php on line 163
[31-May-2025 02:32:47 UTC] PHP Fatal error:  Uncaught ArgumentCountError: Too few arguments to function WP_Widget::__construct(), 0 passed in /wordpress/wp-includes/class-wp-widget-factory.php on line 62 and at least 2 expected in /wordpress/wp-includes/class-wp-widget.php:163
Stack trace:
#0 /wordpress/wp-includes/class-wp-widget-factory.php(62): WP_Widget->__construct()
#1 /wordpress/wp-includes/widgets.php(123): WP_Widget_Factory->register('Renown_Rank')
#2 /wordpress/wp-content/plugins/war-renown-rank/war-renown-rank.php(21): register_widget('Renown_Rank')
#3 /wordpress/wp-includes/class-wp-hook.php(324): renownrank_init('')
#4 /wordpress/wp-includes/class-wp-hook.php(348): WP_Hook->apply_filters(NULL, Array)
#5 /wordpress/wp-includes/plugin.php(517): WP_Hook->do_action(Array)
#6 /wordpress/wp-includes/widgets.php(1870): do_action('widgets_init')
#7 /wordpress/wp-includes/class-wp-hook.php(324): wp_widgets_init('')
#8 /wordpress/wp-includes/class-wp-hook.php(348): WP_Hook->apply_filters(NULL, Array)
#9 /wordpress/wp-includes/plugin.php(517): WP_Hook->do_action(Array)
#10 /wordpress/wp-settings.php(727): do_action('init')
#11 /wordpress/wp-config.php(102): require_once('/wordpress/wp-s...')
#12 /wordpress/wp-load.php(50): require_once('/wordpress/wp-c...')
#13 /internal/eval.php(3): require_once('/wordpress/wp-l...')
#14 {main}
  thrown in /wordpress/wp-includes/class-wp-widget.php on line 163
[31-May-2025 02:32:55 UTC] PHP Fatal error:  Uncaught ArgumentCountError: Too few arguments to function WP_Widget::__construct(), 0 passed in /wordpress/wp-includes/class-wp-widget-factory.php on line 62 and at least 2 expected in /wordpress/wp-includes/class-wp-widget.php:163
Stack trace:
#0 /wordpress/wp-includes/class-wp-widget-factory.php(62): WP_Widget->__construct()
#1 /wordpress/wp-includes/widgets.php(123): WP_Widget_Factory->register('Renown_Rank')
#2 /wordpress/wp-content/plugins/war-renown-rank/war-renown-rank.php(21): register_widget('Renown_Rank')
#3 /wordpress/wp-includes/class-wp-hook.php(324): renownrank_init('')
#4 /wordpress/wp-includes/class-wp-hook.php(348): WP_Hook->apply_filters(NULL, Array)
#5 /wordpress/wp-includes/plugin.php(517): WP_Hook->do_action(Array)
#6 /wordpress/wp-includes/widgets.php(1870): do_action('widgets_init')
#7 /wordpress/wp-includes/class-wp-hook.php(324): wp_widgets_init('')
#8 /wordpress/wp-includes/class-wp-hook.php(348): WP_Hook->apply_filters(NULL, Array)
#9 /wordpress/wp-includes/plugin.php(517): WP_Hook->do_action(Array)
#10 /wordpress/wp-settings.php(727): do_action('init')
#11 /wordpress/wp-config.php(102): require_once('/wordpress/wp-s...')
#12 /wordpress/wp-load.php(50): require_once('/wordpress/wp-c...')
#13 /internal/eval.php(3): require_once('/wordpress/wp-l...')
#14 {main}
  thrown in /wordpress/wp-includes/class-wp-widget.php on line 163
[31-May-2025 02:33:32 UTC] PHP Deprecated:  Required parameter $is_script follows optional parameter $list in /wordpress/wp-content/plugins/wp-logger-tenbulls/vendor/redux-framework/ReduxCore/inc/class.redux_cdn.php on line 21
[31-May-2025 02:33:32 UTC] PHP Deprecated:  Required parameter $handle follows optional parameter $register in /wordpress/wp-content/plugins/wp-logger-tenbulls/vendor/redux-framework/ReduxCore/inc/class.redux_cdn.php on line 45
[31-May-2025 02:33:32 UTC] PHP Deprecated:  Required parameter $src_cdn follows optional parameter $register in /wordpress/wp-content/plugins/wp-logger-tenbulls/vendor/redux-framework/ReduxCore/inc/class.redux_cdn.php on line 45
[31-May-2025 02:33:32 UTC] PHP Deprecated:  Required parameter $deps follows optional parameter $register in /wordpress/wp-content/plugins/wp-logger-tenbulls/vendor/redux-framework/ReduxCore/inc/class.redux_cdn.php on line 45
[31-May-2025 02:33:32 UTC] PHP Deprecated:  Required parameter $ver follows optional parameter $register in /wordpress/wp-content/plugins/wp-logger-tenbulls/vendor/redux-framework/ReduxCore/inc/class.redux_cdn.php on line 45
[31-May-2025 02:33:32 UTC] PHP Deprecated:  Required parameter $footer_or_media follows optional parameter $register in /wordpress/wp-content/plugins/wp-logger-tenbulls/vendor/redux-framework/ReduxCore/inc/class.redux_cdn.php on line 45
[31-May-2025 02:33:32 UTC] PHP Deprecated:  Required parameter $handle follows optional parameter $register in /wordpress/wp-content/plugins/wp-logger-tenbulls/vendor/redux-framework/ReduxCore/inc/class.redux_cdn.php on line 100
[31-May-2025 02:33:32 UTC] PHP Deprecated:  Required parameter $src_cdn follows optional parameter $register in /wordpress/wp-content/plugins/wp-logger-tenbulls/vendor/redux-framework/ReduxCore/inc/class.redux_cdn.php on line 100
[31-May-2025 02:33:32 UTC] PHP Deprecated:  Required parameter $deps follows optional parameter $register in /wordpress/wp-content/plugins/wp-logger-tenbulls/vendor/redux-framework/ReduxCore/inc/class.redux_cdn.php on line 100
[31-May-2025 02:33:32 UTC] PHP Deprecated:  Required parameter $ver follows optional parameter $register in /wordpress/wp-content/plugins/wp-logger-tenbulls/vendor/redux-framework/ReduxCore/inc/class.redux_cdn.php on line 100
[31-May-2025 02:33:32 UTC] PHP Deprecated:  Required parameter $footer_or_media follows optional parameter $register in /wordpress/wp-content/plugins/wp-logger-tenbulls/vendor/redux-framework/ReduxCore/inc/class.redux_cdn.php on line 100
[31-May-2025 02:33:32 UTC] PHP Deprecated:  Required parameter $path follows optional parameter $expire in /wordpress/wp-content/plugins/wp-logger-tenbulls/vendor/redux-framework/ReduxCore/inc/class.redux_functions.php on line 54
[31-May-2025 02:33:32 UTC] PHP Fatal error:  Uncaught Error: Attempt to modify property "admin_notices" on null in /wordpress/wp-content/plugins/wp-logger-tenbulls/vendor/redux-framework/ReduxCore/inc/class.redux_filesystem.php:29
Stack trace:
#0 /wordpress/wp-content/plugins/wp-logger-tenbulls/vendor/redux-framework/ReduxCore/inc/class.redux_filesystem.php(47): Redux_Filesystem->__construct()
#1 /wordpress/wp-content/plugins/wp-logger-tenbulls/vendor/redux-framework/ReduxCore/inc/class.redux_filesystem.php(286): Redux_Filesystem::get_instance()
#2 /wordpress/wp-content/plugins/wp-logger-tenbulls/vendor/redux-framework/ReduxCore/framework.php(51): require_once('/wordpress/wp-c...')
#3 /wordpress/wp-content/plugins/wp-logger-tenbulls/wp-logger.php(62): require_once('/wordpress/wp-c...')
#4 /wordpress/wp-includes/class-wp-hook.php(324): wp_logger_plugin_settings('')
#5 /wordpress/wp-includes/class-wp-hook.php(348): WP_Hook->apply_filters(NULL, Array)
#6 /wordpress/wp-includes/plugin.php(517): WP_Hook->do_action(Array)
#7 /wordpress/wp-settings.php(749): do_action('wp_loaded')
#8 /wordpress/wp-config.php(102): require_once('/wordpress/wp-s...')
#9 /wordpress/wp-load.php(50): require_once('/wordpress/wp-c...')
#10 /internal/eval.php(3): require_once('/wordpress/wp-l...')
#11 {main}
  thrown in /wordpress/wp-content/plugins/wp-logger-tenbulls/vendor/redux-framework/ReduxCore/inc/class.redux_filesystem.php on line 29
[31-May-2025 02:33:43 UTC] PHP Deprecated:  Required parameter $is_script follows optional parameter $list in /wordpress/wp-content/plugins/wp-logger-tenbulls/vendor/redux-framework/ReduxCore/inc/class.redux_cdn.php on line 21
[31-May-2025 02:33:43 UTC] PHP Deprecated:  Required parameter $handle follows optional parameter $register in /wordpress/wp-content/plugins/wp-logger-tenbulls/vendor/redux-framework/ReduxCore/inc/class.redux_cdn.php on line 45
[31-May-2025 02:33:43 UTC] PHP Deprecated:  Required parameter $src_cdn follows optional parameter $register in /wordpress/wp-content/plugins/wp-logger-tenbulls/vendor/redux-framework/ReduxCore/inc/class.redux_cdn.php on line 45
[31-May-2025 02:33:43 UTC] PHP Deprecated:  Required parameter $deps follows optional parameter $register in /wordpress/wp-content/plugins/wp-logger-tenbulls/vendor/redux-framework/ReduxCore/inc/class.redux_cdn.php on line 45
[31-May-2025 02:33:43 UTC] PHP Deprecated:  Required parameter $ver follows optional parameter $register in /wordpress/wp-content/plugins/wp-logger-tenbulls/vendor/redux-framework/ReduxCore/inc/class.redux_cdn.php on line 45
[31-May-2025 02:33:43 UTC] PHP Deprecated:  Required parameter $footer_or_media follows optional parameter $register in /wordpress/wp-content/plugins/wp-logger-tenbulls/vendor/redux-framework/ReduxCore/inc/class.redux_cdn.php on line 45
[31-May-2025 02:33:43 UTC] PHP Deprecated:  Required parameter $handle follows optional parameter $register in /wordpress/wp-content/plugins/wp-logger-tenbulls/vendor/redux-framework/ReduxCore/inc/class.redux_cdn.php on line 100
[31-May-2025 02:33:43 UTC] PHP Deprecated:  Required parameter $src_cdn follows optional parameter $register in /wordpress/wp-content/plugins/wp-logger-tenbulls/vendor/redux-framework/ReduxCore/inc/class.redux_cdn.php on line 100
[31-May-2025 02:33:43 UTC] PHP Deprecated:  Required parameter $deps follows optional parameter $register in /wordpress/wp-content/plugins/wp-logger-tenbulls/vendor/redux-framework/ReduxCore/inc/class.redux_cdn.php on line 100
[31-May-2025 02:33:43 UTC] PHP Deprecated:  Required parameter $ver follows optional parameter $register in /wordpress/wp-content/plugins/wp-logger-tenbulls/vendor/redux-framework/ReduxCore/inc/class.redux_cdn.php on line 100
[31-May-2025 02:33:43 UTC] PHP Deprecated:  Required parameter $footer_or_media follows optional parameter $register in /wordpress/wp-content/plugins/wp-logger-tenbulls/vendor/redux-framework/ReduxCore/inc/class.redux_cdn.php on line 100
[31-May-2025 02:33:43 UTC] PHP Deprecated:  Required parameter $path follows optional parameter $expire in /wordpress/wp-content/plugins/wp-logger-tenbulls/vendor/redux-framework/ReduxCore/inc/class.redux_functions.php on line 54
[31-May-2025 02:33:43 UTC] PHP Fatal error:  Uncaught Error: Attempt to modify property "admin_notices" on null in /wordpress/wp-content/plugins/wp-logger-tenbulls/vendor/redux-framework/ReduxCore/inc/class.redux_filesystem.php:29
Stack trace:
#0 /wordpress/wp-content/plugins/wp-logger-tenbulls/vendor/redux-framework/ReduxCore/inc/class.redux_filesystem.php(47): Redux_Filesystem->__construct()
#1 /wordpress/wp-content/plugins/wp-logger-tenbulls/vendor/redux-framework/ReduxCore/inc/class.redux_filesystem.php(286): Redux_Filesystem::get_instance()
#2 /wordpress/wp-content/plugins/wp-logger-tenbulls/vendor/redux-framework/ReduxCore/framework.php(51): require_once('/wordpress/wp-c...')
#3 /wordpress/wp-content/plugins/wp-logger-tenbulls/wp-logger.php(62): require_once('/wordpress/wp-c...')
#4 /wordpress/wp-includes/class-wp-hook.php(324): wp_logger_plugin_settings('')
#5 /wordpress/wp-includes/class-wp-hook.php(348): WP_Hook->apply_filters(NULL, Array)
#6 /wordpress/wp-includes/plugin.php(517): WP_Hook->do_action(Array)
#7 /wordpress/wp-settings.php(749): do_action('wp_loaded')
#8 /wordpress/wp-config.php(102): require_once('/wordpress/wp-s...')
#9 /wordpress/wp-load.php(50): require_once('/wordpress/wp-c...')
#10 /internal/eval.php(3): require_once('/wordpress/wp-l...')
#11 {main}
  thrown in /wordpress/wp-content/plugins/wp-logger-tenbulls/vendor/redux-framework/ReduxCore/inc/class.redux_filesystem.php on line 29
[31-May-2025 02:33:54 UTC] PHP Deprecated:  Required parameter $is_script follows optional parameter $list in /wordpress/wp-content/plugins/wp-logger-tenbulls/vendor/redux-framework/ReduxCore/inc/class.redux_cdn.php on line 21
[31-May-2025 02:33:54 UTC] PHP Deprecated:  Required parameter $handle follows optional parameter $register in /wordpress/wp-content/plugins/wp-logger-tenbulls/vendor/redux-framework/ReduxCore/inc/class.redux_cdn.php on line 45
[31-May-2025 02:33:54 UTC] PHP Deprecated:  Required parameter $src_cdn follows optional parameter $register in /wordpress/wp-content/plugins/wp-logger-tenbulls/vendor/redux-framework/ReduxCore/inc/class.redux_cdn.php on line 45
[31-May-2025 02:33:54 UTC] PHP Deprecated:  Required parameter $deps follows optional parameter $register in /wordpress/wp-content/plugins/wp-logger-tenbulls/vendor/redux-framework/ReduxCore/inc/class.redux_cdn.php on line 45
[31-May-2025 02:33:54 UTC] PHP Deprecated:  Required parameter $ver follows optional parameter $register in /wordpress/wp-content/plugins/wp-logger-tenbulls/vendor/redux-framework/ReduxCore/inc/class.redux_cdn.php on line 45
[31-May-2025 02:33:54 UTC] PHP Deprecated:  Required parameter $footer_or_media follows optional parameter $register in /wordpress/wp-content/plugins/wp-logger-tenbulls/vendor/redux-framework/ReduxCore/inc/class.redux_cdn.php on line 45
[31-May-2025 02:33:54 UTC] PHP Deprecated:  Required parameter $handle follows optional parameter $register in /wordpress/wp-content/plugins/wp-logger-tenbulls/vendor/redux-framework/ReduxCore/inc/class.redux_cdn.php on line 100
[31-May-2025 02:33:54 UTC] PHP Deprecated:  Required parameter $src_cdn follows optional parameter $register in /wordpress/wp-content/plugins/wp-logger-tenbulls/vendor/redux-framework/ReduxCore/inc/class.redux_cdn.php on line 100
[31-May-2025 02:33:54 UTC] PHP Deprecated:  Required parameter $deps follows optional parameter $register in /wordpress/wp-content/plugins/wp-logger-tenbulls/vendor/redux-framework/ReduxCore/inc/class.redux_cdn.php on line 100
[31-May-2025 02:33:54 UTC] PHP Deprecated:  Required parameter $ver follows optional parameter $register in /wordpress/wp-content/plugins/wp-logger-tenbulls/vendor/redux-framework/ReduxCore/inc/class.redux_cdn.php on line 100
[31-May-2025 02:33:54 UTC] PHP Deprecated:  Required parameter $footer_or_media follows optional parameter $register in /wordpress/wp-content/plugins/wp-logger-tenbulls/vendor/redux-framework/ReduxCore/inc/class.redux_cdn.php on line 100
[31-May-2025 02:33:54 UTC] PHP Deprecated:  Required parameter $path follows optional parameter $expire in /wordpress/wp-content/plugins/wp-logger-tenbulls/vendor/redux-framework/ReduxCore/inc/class.redux_functions.php on line 54
[31-May-2025 02:33:54 UTC] PHP Fatal error:  Uncaught Error: Attempt to modify property "admin_notices" on null in /wordpress/wp-content/plugins/wp-logger-tenbulls/vendor/redux-framework/ReduxCore/inc/class.redux_filesystem.php:29
Stack trace:
#0 /wordpress/wp-content/plugins/wp-logger-tenbulls/vendor/redux-framework/ReduxCore/inc/class.redux_filesystem.php(47): Redux_Filesystem->__construct()
#1 /wordpress/wp-content/plugins/wp-logger-tenbulls/vendor/redux-framework/ReduxCore/inc/class.redux_filesystem.php(286): Redux_Filesystem::get_instance()
#2 /wordpress/wp-content/plugins/wp-logger-tenbulls/vendor/redux-framework/ReduxCore/framework.php(51): require_once('/wordpress/wp-c...')
#3 /wordpress/wp-content/plugins/wp-logger-tenbulls/wp-logger.php(62): require_once('/wordpress/wp-c...')
#4 /wordpress/wp-includes/class-wp-hook.php(324): wp_logger_plugin_settings('')
#5 /wordpress/wp-includes/class-wp-hook.php(348): WP_Hook->apply_filters(NULL, Array)
#6 /wordpress/wp-includes/plugin.php(517): WP_Hook->do_action(Array)
#7 /wordpress/wp-settings.php(749): do_action('wp_loaded')
#8 /wordpress/wp-config.php(102): require_once('/wordpress/wp-s...')
#9 /wordpress/wp-load.php(50): require_once('/wordpress/wp-c...')
#10 /internal/eval.php(3): require_once('/wordpress/wp-l...')
#11 {main}
  thrown in /wordpress/wp-content/plugins/wp-logger-tenbulls/vendor/redux-framework/ReduxCore/inc/class.redux_filesystem.php on line 29
[31-May-2025 02:34:03 UTC] PHP Warning:  Undefined variable $wp_version in /wordpress/wp-content/plugins/wp-media-sitemap/wp-media-sitemap.php on line 82
[31-May-2025 02:34:12 UTC] PHP Warning:  Undefined variable $wp_version in /wordpress/wp-content/plugins/wp-media-sitemap/wp-media-sitemap.php on line 82
[31-May-2025 02:34:20 UTC] PHP Warning:  Undefined variable $wp_version in /wordpress/wp-content/plugins/wp-media-sitemap/wp-media-sitemap.php on line 82
[31-May-2025 02:34:29 UTC] PHP Warning:  Trying to access array offset on value of type bool in /wordpress/wp-content/plugins/wp-monitorus/includes/wpmon-settings.php on line 130
[31-May-2025 02:34:29 UTC] PHP Notice:  Function register_uninstall_hook was called <strong>incorrectly</strong>. Only a static class method or function can be used in an uninstall hook. Please see <a href="https://developer.wordpress.org/advanced-administration/debug/debug-wordpress/">Debugging in WordPress</a> for more information. (This message was added in version 3.1.0.) in /wordpress/wp-includes/functions.php on line 6121
[31-May-2025 02:34:29 UTC] PHP Warning:  Trying to access array offset on value of type bool in /wordpress/wp-content/plugins/wp-monitorus/includes/wpmon-settings.php on line 130
[31-May-2025 02:34:29 UTC] PHP Notice:  Function register_uninstall_hook was called <strong>incorrectly</strong>. Only a static class method or function can be used in an uninstall hook. Please see <a href="https://developer.wordpress.org/advanced-administration/debug/debug-wordpress/">Debugging in WordPress</a> for more information. (This message was added in version 3.1.0.) in /wordpress/wp-includes/functions.php on line 6121
[31-May-2025 02:34:29 UTC] PHP Warning:  Trying to access array offset on value of type bool in /wordpress/wp-content/plugins/wp-monitorus/includes/wpmon-settings.php on line 336
[31-May-2025 02:34:29 UTC] PHP Warning:  Trying to access array offset on value of type bool in /wordpress/wp-content/plugins/wp-monitorus/includes/wpmon-settings.php on line 349
[31-May-2025 02:34:30 UTC] PHP Notice:  Function _load_textdomain_just_in_time was called <strong>incorrectly</strong>. Translation loading for the <code>wpmonitorus</code> domain was triggered too early. This is usually an indicator for some code in the plugin or theme running too early. Translations should be loaded at the <code>init</code> action or later. Please see <a href="https://developer.wordpress.org/advanced-administration/debug/debug-wordpress/">Debugging in WordPress</a> for more information. (This message was added in version 6.7.0.) in /wordpress/wp-includes/functions.php on line 6121
[31-May-2025 02:34:30 UTC] PHP Warning:  Trying to access array offset on value of type bool in /wordpress/wp-content/plugins/wp-monitorus/includes/wpmon-settings.php on line 130
[31-May-2025 02:34:30 UTC] PHP Notice:  Function register_uninstall_hook was called <strong>incorrectly</strong>. Only a static class method or function can be used in an uninstall hook. Please see <a href="https://developer.wordpress.org/advanced-administration/debug/debug-wordpress/">Debugging in WordPress</a> for more information. (This message was added in version 3.1.0.) in /wordpress/wp-includes/functions.php on line 6121
[31-May-2025 02:34:30 UTC] PHP Warning:  Trying to access array offset on value of type bool in /wordpress/wp-content/plugins/wp-monitorus/includes/wpmon-settings.php on line 336
[31-May-2025 02:34:30 UTC] PHP Warning:  Trying to access array offset on value of type bool in /wordpress/wp-content/plugins/wp-monitorus/includes/wpmon-settings.php on line 349
[31-May-2025 02:34:38 UTC] PHP Warning:  Trying to access array offset on value of type bool in /wordpress/wp-content/plugins/wp-monitorus/includes/wpmon-settings.php on line 130
[31-May-2025 02:34:38 UTC] PHP Notice:  Function register_uninstall_hook was called <strong>incorrectly</strong>. Only a static class method or function can be used in an uninstall hook. Please see <a href="https://developer.wordpress.org/advanced-administration/debug/debug-wordpress/">Debugging in WordPress</a> for more information. (This message was added in version 3.1.0.) in /wordpress/wp-includes/functions.php on line 6121
[31-May-2025 02:34:38 UTC] PHP Warning:  Trying to access array offset on value of type bool in /wordpress/wp-content/plugins/wp-monitorus/includes/wpmon-settings.php on line 130
[31-May-2025 02:34:38 UTC] PHP Notice:  Function register_uninstall_hook was called <strong>incorrectly</strong>. Only a static class method or function can be used in an uninstall hook. Please see <a href="https://developer.wordpress.org/advanced-administration/debug/debug-wordpress/">Debugging in WordPress</a> for more information. (This message was added in version 3.1.0.) in /wordpress/wp-includes/functions.php on line 6121
[31-May-2025 02:34:38 UTC] PHP Warning:  Trying to access array offset on value of type bool in /wordpress/wp-content/plugins/wp-monitorus/includes/wpmon-settings.php on line 336
[31-May-2025 02:34:38 UTC] PHP Warning:  Trying to access array offset on value of type bool in /wordpress/wp-content/plugins/wp-monitorus/includes/wpmon-settings.php on line 349
[31-May-2025 02:34:39 UTC] PHP Notice:  Function _load_textdomain_just_in_time was called <strong>incorrectly</strong>. Translation loading for the <code>wpmonitorus</code> domain was triggered too early. This is usually an indicator for some code in the plugin or theme running too early. Translations should be loaded at the <code>init</code> action or later. Please see <a href="https://developer.wordpress.org/advanced-administration/debug/debug-wordpress/">Debugging in WordPress</a> for more information. (This message was added in version 6.7.0.) in /wordpress/wp-includes/functions.php on line 6121
[31-May-2025 02:34:39 UTC] PHP Warning:  Trying to access array offset on value of type bool in /wordpress/wp-content/plugins/wp-monitorus/includes/wpmon-settings.php on line 130
[31-May-2025 02:34:39 UTC] PHP Notice:  Function register_uninstall_hook was called <strong>incorrectly</strong>. Only a static class method or function can be used in an uninstall hook. Please see <a href="https://developer.wordpress.org/advanced-administration/debug/debug-wordpress/">Debugging in WordPress</a> for more information. (This message was added in version 3.1.0.) in /wordpress/wp-includes/functions.php on line 6121
[31-May-2025 02:34:39 UTC] PHP Warning:  Trying to access array offset on value of type bool in /wordpress/wp-content/plugins/wp-monitorus/includes/wpmon-settings.php on line 336
[31-May-2025 02:34:39 UTC] PHP Warning:  Trying to access array offset on value of type bool in /wordpress/wp-content/plugins/wp-monitorus/includes/wpmon-settings.php on line 349
[31-May-2025 02:34:47 UTC] PHP Warning:  Trying to access array offset on value of type bool in /wordpress/wp-content/plugins/wp-monitorus/includes/wpmon-settings.php on line 130
[31-May-2025 02:34:47 UTC] PHP Notice:  Function register_uninstall_hook was called <strong>incorrectly</strong>. Only a static class method or function can be used in an uninstall hook. Please see <a href="https://developer.wordpress.org/advanced-administration/debug/debug-wordpress/">Debugging in WordPress</a> for more information. (This message was added in version 3.1.0.) in /wordpress/wp-includes/functions.php on line 6121
[31-May-2025 02:34:47 UTC] PHP Warning:  Trying to access array offset on value of type bool in /wordpress/wp-content/plugins/wp-monitorus/includes/wpmon-settings.php on line 130
[31-May-2025 02:34:47 UTC] PHP Notice:  Function register_uninstall_hook was called <strong>incorrectly</strong>. Only a static class method or function can be used in an uninstall hook. Please see <a href="https://developer.wordpress.org/advanced-administration/debug/debug-wordpress/">Debugging in WordPress</a> for more information. (This message was added in version 3.1.0.) in /wordpress/wp-includes/functions.php on line 6121
[31-May-2025 02:34:47 UTC] PHP Warning:  Trying to access array offset on value of type bool in /wordpress/wp-content/plugins/wp-monitorus/includes/wpmon-settings.php on line 336
[31-May-2025 02:34:47 UTC] PHP Warning:  Trying to access array offset on value of type bool in /wordpress/wp-content/plugins/wp-monitorus/includes/wpmon-settings.php on line 349
[31-May-2025 02:34:48 UTC] PHP Notice:  Function _load_textdomain_just_in_time was called <strong>incorrectly</strong>. Translation loading for the <code>wpmonitorus</code> domain was triggered too early. This is usually an indicator for some code in the plugin or theme running too early. Translations should be loaded at the <code>init</code> action or later. Please see <a href="https://developer.wordpress.org/advanced-administration/debug/debug-wordpress/">Debugging in WordPress</a> for more information. (This message was added in version 6.7.0.) in /wordpress/wp-includes/functions.php on line 6121
[31-May-2025 02:34:48 UTC] PHP Warning:  Trying to access array offset on value of type bool in /wordpress/wp-content/plugins/wp-monitorus/includes/wpmon-settings.php on line 130
[31-May-2025 02:34:48 UTC] PHP Notice:  Function register_uninstall_hook was called <strong>incorrectly</strong>. Only a static class method or function can be used in an uninstall hook. Please see <a href="https://developer.wordpress.org/advanced-administration/debug/debug-wordpress/">Debugging in WordPress</a> for more information. (This message was added in version 3.1.0.) in /wordpress/wp-includes/functions.php on line 6121
[31-May-2025 02:34:48 UTC] PHP Warning:  Trying to access array offset on value of type bool in /wordpress/wp-content/plugins/wp-monitorus/includes/wpmon-settings.php on line 336
[31-May-2025 02:34:48 UTC] PHP Warning:  Trying to access array offset on value of type bool in /wordpress/wp-content/plugins/wp-monitorus/includes/wpmon-settings.php on line 349
[31-May-2025 02:34:56 UTC] /wordpress/wp-content/plugins/wp-notify-subscribers/wp-notify-subscribers.php
[31-May-2025 02:34:57 UTC] /wordpress/wp-content/plugins/wp-notify-subscribers/wp-notify-subscribers.php
[31-May-2025 02:35:05 UTC] /wordpress/wp-content/plugins/wp-notify-subscribers/wp-notify-subscribers.php
[31-May-2025 02:35:06 UTC] /wordpress/wp-content/plugins/wp-notify-subscribers/wp-notify-subscribers.php
[31-May-2025 02:35:13 UTC] /wordpress/wp-content/plugins/wp-notify-subscribers/wp-notify-subscribers.php
[31-May-2025 02:35:14 UTC] /wordpress/wp-content/plugins/wp-notify-subscribers/wp-notify-subscribers.php

    at Object.onBind (file:///home/runner/work/playground-tester/playground-tester/node_modules/@wp-playground/cli/index.js:237:15)
    at process.processTicksAndRejections (node:internal/process/task_queues:105:5)
    at async V (file:///home/runner/work/playground-tester/playground-tester/node_modules/@wp-playground/cli/index.js:64:10)
    at async ja (file:///home/runner/work/playground-tester/playground-tester/node_modules/@wp-playground/cli/cli.js:8161:12) {
  [cause]: Error: Error when executing the blueprint step #1 ({"step":"installPlugin","pluginData":{"resource":"wordpress.org/plugins","slug":"wp-page-speed-meter"},"options":{"activate":true}}) : Could not download "https://downloads.wordpress.org/plugin/wp-page-speed-meter.latest-stable.zip".
  				Check if the URL is correct and the server is reachable.
  				If it is reachable, the server might be blocking the request.
  				Check the browser console and network tabs for more information.
  
  				## Does the console show the error "No 'Access-Control-Allow-Origin' header"?
  
  				This means the server that hosts your file does not allow requests from other sites
  				(cross-origin requests, or CORS).	You need to move the asset to a server that allows
  				cross-origin file downloads. Learn more about CORS at
  				https://developer.mozilla.org/en-US/docs/Web/HTTP/CORS.
  
  				If your file is on GitHub, load it from "raw.githubusercontent.com".
  				Here's how to do that:
  
  				1. Start with the original GitHub URL of the file. For example:
  				https://github.com/username/repository/blob/branch/filename.
  				2. Replace "github.com" with "raw.githubusercontent.com".
  				3. Remove the "/blob/" part of the URL.
  
  				The resulting URL should look like this:
  				https://raw.githubusercontent.com/username/repository/branch/filename
  
  				Error:
  				Error: Could not download "https://downloads.wordpress.org/plugin/wp-page-speed-meter.latest-stable.zip"
      at Object.run (file:///home/runner/work/playground-tester/playground-tester/node_modules/@wp-playground/blueprints/index.js:12449:19)
      at process.processTicksAndRejections (node:internal/process/task_queues:105:5)
      at async ms (file:///home/runner/work/playground-tester/playground-tester/node_modules/@wp-playground/blueprints/index.js:12552:3)
      at async Object.onBind (file:///home/runner/work/playground-tester/playground-tester/node_modules/@wp-playground/cli/index.js:227:48)
      at async V (file:///home/runner/work/playground-tester/playground-tester/node_modules/@wp-playground/cli/index.js:64:10)
      at async ja (file:///home/runner/work/playground-tester/playground-tester/node_modules/@wp-playground/cli/cli.js:8161:12) {
    [cause]: Error: Could not download "https://downloads.wordpress.org/plugin/wp-page-speed-meter.latest-stable.zip".
    				Check if the URL is correct and the server is reachable.
    				If it is reachable, the server might be blocking the request.
    				Check the browser console and network tabs for more information.
    
    				## Does the console show the error "No 'Access-Control-Allow-Origin' header"?
    
    				This means the server that hosts your file does not allow requests from other sites
    				(cross-origin requests, or CORS).	You need to move the asset to a server that allows
    				cross-origin file downloads. Learn more about CORS at
    				https://developer.mozilla.org/en-US/docs/Web/HTTP/CORS.
    
    				If your file is on GitHub, load it from "raw.githubusercontent.com".
    				Here's how to do that:
    
    				1. Start with the original GitHub URL of the file. For example:
    				https://github.com/username/repository/blob/branch/filename.
    				2. Replace "github.com" with "raw.githubusercontent.com".
    				3. Remove the "/blob/" part of the URL.
    
    				The resulting URL should look like this:
    				https://raw.githubusercontent.com/username/repository/branch/filename
    
    				Error:
    				Error: Could not download "https://downloads.wordpress.org/plugin/wp-page-speed-meter.latest-stable.zip"
        at Ct.resolve (file:///home/runner/work/playground-tester/playground-tester/node_modules/@wp-playground/blueprints/index.js:1472:13)
        at process.processTicksAndRejections (node:internal/process/task_queues:105:5)
        at async _.run (file:///home/runner/work/playground-tester/playground-tester/node_modules/@php-wasm/util/index.js:45:14)
  }
}

Node.js v23.11.0
