file:///home/runner/work/playground-tester/playground-tester/node_modules/@wp-playground/cli/run-cli-j-geJYS3.js:325
        throw new Error($, { cause: h });
              ^

Error: [30-Jun-2025 11:26:53 UTC] PHP Fatal error:  Uncaught ValueError: Unknown format specifier "a" in /wordpress/wp-content/plugins/scholar-publications/classes/class-scholar-publications.php:82
Stack trace:
#0 /wordpress/wp-content/plugins/scholar-publications/classes/class-scholar-publications.php(82): sprintf('Search %a', 'Publications')
#1 /wordpress/wp-content/plugins/scholar-publications/classes/class-scholar-publications.php(574): Scholar_Publications->register_post_type()
#2 /wordpress/wp-content/plugins/scholar-publications/classes/class-scholar-publications.php(552): Scholar_Publications->flush_rewrite_rules()
#3 /wordpress/wp-includes/class-wp-hook.php(324): Scholar_Publications->activation(false)
#4 /wordpress/wp-includes/class-wp-hook.php(348): WP_Hook->apply_filters('', Array)
#5 /wordpress/wp-includes/plugin.php(517): WP_Hook->do_action(Array)
#6 /wordpress/wp-admin/includes/plugin.php(703): do_action('activate_schola...', false)
#7 /internal/eval.php(20): activate_plugin('scholar-publica...')
#8 {main}
  thrown in /wordpress/wp-content/plugins/scholar-publications/classes/class-scholar-publications.php on line 82
[30-Jun-2025 11:27:00 UTC] PHP Fatal error:  Uncaught ValueError: Unknown format specifier "a" in /wordpress/wp-content/plugins/scholar-publications/classes/class-scholar-publications.php:82
Stack trace:
#0 /wordpress/wp-content/plugins/scholar-publications/classes/class-scholar-publications.php(82): sprintf('Search %a', 'Publications')
#1 /wordpress/wp-content/plugins/scholar-publications/classes/class-scholar-publications.php(574): Scholar_Publications->register_post_type()
#2 /wordpress/wp-content/plugins/scholar-publications/classes/class-scholar-publications.php(552): Scholar_Publications->flush_rewrite_rules()
#3 /wordpress/wp-includes/class-wp-hook.php(324): Scholar_Publications->activation(false)
#4 /wordpress/wp-includes/class-wp-hook.php(348): WP_Hook->apply_filters('', Array)
#5 /wordpress/wp-includes/plugin.php(517): WP_Hook->do_action(Array)
#6 /wordpress/wp-admin/includes/plugin.php(703): do_action('activate_schola...', false)
#7 /internal/eval.php(20): activate_plugin('scholar-publica...')
#8 {main}
  thrown in /wordpress/wp-content/plugins/scholar-publications/classes/class-scholar-publications.php on line 82
[30-Jun-2025 11:27:09 UTC] PHP Fatal error:  Uncaught ValueError: Unknown format specifier "a" in /wordpress/wp-content/plugins/scholar-publications/classes/class-scholar-publications.php:82
Stack trace:
#0 /wordpress/wp-content/plugins/scholar-publications/classes/class-scholar-publications.php(82): sprintf('Search %a', 'Publications')
#1 /wordpress/wp-content/plugins/scholar-publications/classes/class-scholar-publications.php(574): Scholar_Publications->register_post_type()
#2 /wordpress/wp-content/plugins/scholar-publications/classes/class-scholar-publications.php(552): Scholar_Publications->flush_rewrite_rules()
#3 /wordpress/wp-includes/class-wp-hook.php(324): Scholar_Publications->activation(false)
#4 /wordpress/wp-includes/class-wp-hook.php(348): WP_Hook->apply_filters('', Array)
#5 /wordpress/wp-includes/plugin.php(517): WP_Hook->do_action(Array)
#6 /wordpress/wp-admin/includes/plugin.php(703): do_action('activate_schola...', false)
#7 /internal/eval.php(20): activate_plugin('scholar-publica...')
#8 {main}
  thrown in /wordpress/wp-content/plugins/scholar-publications/classes/class-scholar-publications.php on line 82
[30-Jun-2025 11:28:56 UTC] PHP Fatal error:  Uncaught TypeError: call_user_func_array(): Argument #1 ($callback) must be a valid callback, function "rim_sing_activation" not found or invalid function name in /wordpress/wp-includes/class-wp-hook.php:324
Stack trace:
#0 /wordpress/wp-includes/class-wp-hook.php(348): WP_Hook->apply_filters('', Array)
#1 /wordpress/wp-includes/plugin.php(517): WP_Hook->do_action(Array)
#2 /wordpress/wp-admin/includes/plugin.php(703): do_action('activate_rim-si...', false)
#3 /internal/eval.php(20): activate_plugin('rim-signature/r...')
#4 {main}
  thrown in /wordpress/wp-includes/class-wp-hook.php on line 324
[30-Jun-2025 11:29:05 UTC] PHP Fatal error:  Uncaught TypeError: call_user_func_array(): Argument #1 ($callback) must be a valid callback, function "rim_sing_activation" not found or invalid function name in /wordpress/wp-includes/class-wp-hook.php:324
Stack trace:
#0 /wordpress/wp-includes/class-wp-hook.php(348): WP_Hook->apply_filters('', Array)
#1 /wordpress/wp-includes/plugin.php(517): WP_Hook->do_action(Array)
#2 /wordpress/wp-admin/includes/plugin.php(703): do_action('activate_rim-si...', false)
#3 /internal/eval.php(20): activate_plugin('rim-signature/r...')
#4 {main}
  thrown in /wordpress/wp-includes/class-wp-hook.php on line 324
[30-Jun-2025 11:29:13 UTC] PHP Fatal error:  Uncaught TypeError: call_user_func_array(): Argument #1 ($callback) must be a valid callback, function "rim_sing_activation" not found or invalid function name in /wordpress/wp-includes/class-wp-hook.php:324
Stack trace:
#0 /wordpress/wp-includes/class-wp-hook.php(348): WP_Hook->apply_filters('', Array)
#1 /wordpress/wp-includes/plugin.php(517): WP_Hook->do_action(Array)
#2 /wordpress/wp-admin/includes/plugin.php(703): do_action('activate_rim-si...', false)
#3 /internal/eval.php(20): activate_plugin('rim-signature/r...')
#4 {main}
  thrown in /wordpress/wp-includes/class-wp-hook.php on line 324
[30-Jun-2025 11:29:24 UTC] PHP Fatal error:  Uncaught PDOException: SQLSTATE[HY000] [2002] Address family not supported by protocol in /wordpress/wp-content/plugins/rise-hotel-booking/rise-hotel-booking.php:167
Stack trace:
#0 /wordpress/wp-content/plugins/rise-hotel-booking/rise-hotel-booking.php(167): PDO->__construct('mysql:host=loca...', 'username_here', 'password_here')
#1 /wordpress/wp-includes/class-wp-hook.php(324): RISE->createTables(false)
#2 /wordpress/wp-includes/class-wp-hook.php(348): WP_Hook->apply_filters('', Array)
#3 /wordpress/wp-includes/plugin.php(517): WP_Hook->do_action(Array)
#4 /wordpress/wp-admin/includes/plugin.php(703): do_action('activate_rise-h...', false)
#5 /internal/eval.php(20): activate_plugin('rise-hotel-book...')
#6 {main}
  thrown in /wordpress/wp-content/plugins/rise-hotel-booking/rise-hotel-booking.php on line 167
[30-Jun-2025 11:29:34 UTC] PHP Fatal error:  Uncaught PDOException: SQLSTATE[HY000] [2002] Address family not supported by protocol in /wordpress/wp-content/plugins/rise-hotel-booking/rise-hotel-booking.php:167
Stack trace:
#0 /wordpress/wp-content/plugins/rise-hotel-booking/rise-hotel-booking.php(167): PDO->__construct('mysql:host=loca...', 'username_here', 'password_here')
#1 /wordpress/wp-includes/class-wp-hook.php(324): RISE->createTables(false)
#2 /wordpress/wp-includes/class-wp-hook.php(348): WP_Hook->apply_filters('', Array)
#3 /wordpress/wp-includes/plugin.php(517): WP_Hook->do_action(Array)
#4 /wordpress/wp-admin/includes/plugin.php(703): do_action('activate_rise-h...', false)
#5 /internal/eval.php(20): activate_plugin('rise-hotel-book...')
#6 {main}
  thrown in /wordpress/wp-content/plugins/rise-hotel-booking/rise-hotel-booking.php on line 167
[30-Jun-2025 11:29:44 UTC] PHP Fatal error:  Uncaught PDOException: SQLSTATE[HY000] [2002] Address family not supported by protocol in /wordpress/wp-content/plugins/rise-hotel-booking/rise-hotel-booking.php:167
Stack trace:
#0 /wordpress/wp-content/plugins/rise-hotel-booking/rise-hotel-booking.php(167): PDO->__construct('mysql:host=loca...', 'username_here', 'password_here')
#1 /wordpress/wp-includes/class-wp-hook.php(324): RISE->createTables(false)
#2 /wordpress/wp-includes/class-wp-hook.php(348): WP_Hook->apply_filters('', Array)
#3 /wordpress/wp-includes/plugin.php(517): WP_Hook->do_action(Array)
#4 /wordpress/wp-admin/includes/plugin.php(703): do_action('activate_rise-h...', false)
#5 /internal/eval.php(20): activate_plugin('rise-hotel-book...')
#6 {main}
  thrown in /wordpress/wp-content/plugins/rise-hotel-booking/rise-hotel-booking.php on line 167
[30-Jun-2025 11:29:54 UTC] PHP Deprecated:  Required parameter $wrapper follows optional parameter $type in /wordpress/wp-content/plugins/rw-divi-unite-gallery/freemius/includes/class-fs-logger.php on line 145
[30-Jun-2025 11:29:54 UTC] PHP Deprecated:  Required parameter $function_name follows optional parameter $content in /wordpress/wp-content/plugins/rw-divi-unite-gallery/custom-modules/divi-unite-gallery.php on line 269
[30-Jun-2025 11:29:57 UTC] PHP Deprecated:  Required parameter $wrapper follows optional parameter $type in /wordpress/wp-content/plugins/rw-divi-unite-gallery/freemius/includes/class-fs-logger.php on line 145
[30-Jun-2025 11:29:57 UTC] PHP Deprecated:  Required parameter $function_name follows optional parameter $content in /wordpress/wp-content/plugins/rw-divi-unite-gallery/custom-modules/divi-unite-gallery.php on line 269
[30-Jun-2025 11:30:06 UTC] PHP Deprecated:  Required parameter $wrapper follows optional parameter $type in /wordpress/wp-content/plugins/rw-divi-unite-gallery/freemius/includes/class-fs-logger.php on line 145
[30-Jun-2025 11:30:06 UTC] PHP Deprecated:  Required parameter $function_name follows optional parameter $content in /wordpress/wp-content/plugins/rw-divi-unite-gallery/custom-modules/divi-unite-gallery.php on line 269
[30-Jun-2025 11:30:07 UTC] PHP Deprecated:  Required parameter $wrapper follows optional parameter $type in /wordpress/wp-content/plugins/rw-divi-unite-gallery/freemius/includes/class-fs-logger.php on line 145
[30-Jun-2025 11:30:07 UTC] PHP Deprecated:  Required parameter $function_name follows optional parameter $content in /wordpress/wp-content/plugins/rw-divi-unite-gallery/custom-modules/divi-unite-gallery.php on line 269
[30-Jun-2025 11:30:17 UTC] PHP Deprecated:  Required parameter $wrapper follows optional parameter $type in /wordpress/wp-content/plugins/rw-divi-unite-gallery/freemius/includes/class-fs-logger.php on line 145
[30-Jun-2025 11:30:18 UTC] PHP Deprecated:  Required parameter $function_name follows optional parameter $content in /wordpress/wp-content/plugins/rw-divi-unite-gallery/custom-modules/divi-unite-gallery.php on line 269
[30-Jun-2025 11:30:19 UTC] PHP Deprecated:  Required parameter $wrapper follows optional parameter $type in /wordpress/wp-content/plugins/rw-divi-unite-gallery/freemius/includes/class-fs-logger.php on line 145
[30-Jun-2025 11:30:19 UTC] PHP Deprecated:  Required parameter $function_name follows optional parameter $content in /wordpress/wp-content/plugins/rw-divi-unite-gallery/custom-modules/divi-unite-gallery.php on line 269

    at Object.onBind (file:///home/runner/work/playground-tester/playground-tester/node_modules/@wp-playground/cli/run-cli-j-geJYS3.js:325:15)
    at process.processTicksAndRejections (node:internal/process/task_queues:105:5)
    at async re (file:///home/runner/work/playground-tester/playground-tester/node_modules/@wp-playground/cli/run-cli-j-geJYS3.js:149:10) {
  [cause]: Error: Error when executing the blueprint step #5 ({"step":"installPlugin","pluginData":{"resource":"wordpress.org/plugins","slug":"scriblio-connector-jangle"},"options":{"activate":true}}) : Could not download "https://downloads.wordpress.org/plugin/scriblio-connector-jangle.latest-stable.zip".
  				Check if the URL is correct and the server is reachable.
  				If it is reachable, the server might be blocking the request.
  				Check the browser console and network tabs for more information.
  
  				## Does the console show the error "No 'Access-Control-Allow-Origin' header"?
  
  				This means the server that hosts your file does not allow requests from other sites
  				(cross-origin requests, or CORS).	You need to move the asset to a server that allows
  				cross-origin file downloads. Learn more about CORS at
  				https://developer.mozilla.org/en-US/docs/Web/HTTP/CORS.
  
  				If your file is on GitHub, load it from "raw.githubusercontent.com".
  				Here's how to do that:
  
  				1. Start with the original GitHub URL of the file. For example:
  				https://github.com/username/repository/blob/branch/filename.
  				2. Replace "github.com" with "raw.githubusercontent.com".
  				3. Remove the "/blob/" part of the URL.
  
  				The resulting URL should look like this:
  				https://raw.githubusercontent.com/username/repository/branch/filename
  
  				Error:
  				Error: Could not download "https://downloads.wordpress.org/plugin/scriblio-connector-jangle.latest-stable.zip"
      at Object.run (file:///home/runner/work/playground-tester/playground-tester/node_modules/@wp-playground/blueprints/index.js:12093:19)
      at process.processTicksAndRejections (node:internal/process/task_queues:105:5)
      at async ys (file:///home/runner/work/playground-tester/playground-tester/node_modules/@wp-playground/blueprints/index.js:12196:3)
      at async Object.onBind (file:///home/runner/work/playground-tester/playground-tester/node_modules/@wp-playground/cli/run-cli-j-geJYS3.js:315:48)
      at async re (file:///home/runner/work/playground-tester/playground-tester/node_modules/@wp-playground/cli/run-cli-j-geJYS3.js:149:10) {
    [cause]: Error: Could not download "https://downloads.wordpress.org/plugin/scriblio-connector-jangle.latest-stable.zip".
    				Check if the URL is correct and the server is reachable.
    				If it is reachable, the server might be blocking the request.
    				Check the browser console and network tabs for more information.
    
    				## Does the console show the error "No 'Access-Control-Allow-Origin' header"?
    
    				This means the server that hosts your file does not allow requests from other sites
    				(cross-origin requests, or CORS).	You need to move the asset to a server that allows
    				cross-origin file downloads. Learn more about CORS at
    				https://developer.mozilla.org/en-US/docs/Web/HTTP/CORS.
    
    				If your file is on GitHub, load it from "raw.githubusercontent.com".
    				Here's how to do that:
    
    				1. Start with the original GitHub URL of the file. For example:
    				https://github.com/username/repository/blob/branch/filename.
    				2. Replace "github.com" with "raw.githubusercontent.com".
    				3. Remove the "/blob/" part of the URL.
    
    				The resulting URL should look like this:
    				https://raw.githubusercontent.com/username/repository/branch/filename
    
    				Error:
    				Error: Could not download "https://downloads.wordpress.org/plugin/scriblio-connector-jangle.latest-stable.zip"
        at Ct.resolve (file:///home/runner/work/playground-tester/playground-tester/node_modules/@wp-playground/blueprints/index.js:1129:13)
        at process.processTicksAndRejections (node:internal/process/task_queues:105:5)
        at async _.run (file:///home/runner/work/playground-tester/playground-tester/node_modules/@php-wasm/util/index.js:45:14)
  }
}

Node.js v23.11.0
