file:///home/runner/work/playground-tester/playground-tester/node_modules/@wp-playground/cli/run-cli-j-geJYS3.js:325
        throw new Error($, { cause: h });
              ^

Error: [03-Jul-2025 14:54:58 UTC] PHP Deprecated:  Function register_sidebar_widget is <strong>deprecated</strong> since version 2.8.0! Use wp_register_sidebar_widget() instead. in /wordpress/wp-includes/functions.php on line 6121
[03-Jul-2025 14:54:58 UTC] PHP Deprecated:  Function register_widget_control is <strong>deprecated</strong> since version 2.8.0! Use wp_register_widget_control() instead. in /wordpress/wp-includes/functions.php on line 6121
[03-Jul-2025 14:55:01 UTC] PHP Deprecated:  Function register_sidebar_widget is <strong>deprecated</strong> since version 2.8.0! Use wp_register_sidebar_widget() instead. in /wordpress/wp-includes/functions.php on line 6121
[03-Jul-2025 14:55:01 UTC] PHP Deprecated:  Function register_widget_control is <strong>deprecated</strong> since version 2.8.0! Use wp_register_widget_control() instead. in /wordpress/wp-includes/functions.php on line 6121
[03-Jul-2025 14:55:05 UTC] PHP Deprecated:  Function register_sidebar_widget is <strong>deprecated</strong> since version 2.8.0! Use wp_register_sidebar_widget() instead. in /wordpress/wp-includes/functions.php on line 6121
[03-Jul-2025 14:55:05 UTC] PHP Deprecated:  Function register_widget_control is <strong>deprecated</strong> since version 2.8.0! Use wp_register_widget_control() instead. in /wordpress/wp-includes/functions.php on line 6121
[03-Jul-2025 14:55:44 UTC] PHP Deprecated:  Required parameter $attr follows optional parameter $x in /wordpress/wp-content/plugins/remove-the-padding-in-images-with-captions/index.php on line 16
[03-Jul-2025 14:55:44 UTC] PHP Deprecated:  Required parameter $content follows optional parameter $x in /wordpress/wp-content/plugins/remove-the-padding-in-images-with-captions/index.php on line 16
[03-Jul-2025 14:55:45 UTC] PHP Deprecated:  Required parameter $attr follows optional parameter $x in /wordpress/wp-content/plugins/remove-the-padding-in-images-with-captions/index.php on line 16
[03-Jul-2025 14:55:45 UTC] PHP Deprecated:  Required parameter $content follows optional parameter $x in /wordpress/wp-content/plugins/remove-the-padding-in-images-with-captions/index.php on line 16
[03-Jul-2025 14:55:52 UTC] PHP Deprecated:  Required parameter $attr follows optional parameter $x in /wordpress/wp-content/plugins/remove-the-padding-in-images-with-captions/index.php on line 16
[03-Jul-2025 14:55:52 UTC] PHP Deprecated:  Required parameter $content follows optional parameter $x in /wordpress/wp-content/plugins/remove-the-padding-in-images-with-captions/index.php on line 16
[03-Jul-2025 14:55:53 UTC] PHP Deprecated:  Required parameter $attr follows optional parameter $x in /wordpress/wp-content/plugins/remove-the-padding-in-images-with-captions/index.php on line 16
[03-Jul-2025 14:55:53 UTC] PHP Deprecated:  Required parameter $content follows optional parameter $x in /wordpress/wp-content/plugins/remove-the-padding-in-images-with-captions/index.php on line 16
[03-Jul-2025 14:56:00 UTC] PHP Deprecated:  Required parameter $attr follows optional parameter $x in /wordpress/wp-content/plugins/remove-the-padding-in-images-with-captions/index.php on line 16
[03-Jul-2025 14:56:00 UTC] PHP Deprecated:  Required parameter $content follows optional parameter $x in /wordpress/wp-content/plugins/remove-the-padding-in-images-with-captions/index.php on line 16
[03-Jul-2025 14:56:01 UTC] PHP Deprecated:  Required parameter $attr follows optional parameter $x in /wordpress/wp-content/plugins/remove-the-padding-in-images-with-captions/index.php on line 16
[03-Jul-2025 14:56:01 UTC] PHP Deprecated:  Required parameter $content follows optional parameter $x in /wordpress/wp-content/plugins/remove-the-padding-in-images-with-captions/index.php on line 16
[03-Jul-2025 14:56:25 UTC] PHP Warning:  file_get_contents(/wordpress/.htaccess): Failed to open stream: No such file or directory in /wordpress/wp-content/plugins/rest-cache/includes/class.rewrite-rule.php on line 22
[03-Jul-2025 14:56:25 UTC] PHP Warning:  Undefined array key "DOCUMENT_ROOT" in /wordpress/wp-content/plugins/rest-cache/includes/class.rewrite-rule.php on line 44
[03-Jul-2025 14:56:25 UTC] PHP Warning:  file_get_contents(/wordpress/.htaccess): Failed to open stream: No such file or directory in /wordpress/wp-content/plugins/rest-cache/includes/class.rewrite-rule.php on line 61
[03-Jul-2025 14:56:27 UTC] PHP Fatal error:  Uncaught GuzzleHttp\Exception\ClientException: Client error: `GET http://127.0.0.1:9406/wp-content/plugins/rest-cache/service/public/api/install` resulted in a `404 Not Found` response:
<!DOCTYPE html>
<html lang="en-US">
<head>
	<meta charset="UTF-8" />
	<meta name="viewport" content="width=device-width, (truncated...)
 in /wordpress/wp-content/plugins/rest-cache/vendor/guzzlehttp/guzzle/src/Exception/RequestException.php:111
Stack trace:
#0 /wordpress/wp-content/plugins/rest-cache/vendor/guzzlehttp/guzzle/src/Middleware.php(66): GuzzleHttp\Exception\RequestException::create(Object(GuzzleHttp\Psr7\Request), Object(GuzzleHttp\Psr7\Response))
#1 /wordpress/wp-content/plugins/rest-cache/vendor/guzzlehttp/promises/src/Promise.php(203): GuzzleHttp\Middleware::GuzzleHttp\{closure}(Object(GuzzleHttp\Psr7\Response))
#2 /wordpress/wp-content/plugins/rest-cache/vendor/guzzlehttp/promises/src/Promise.php(156): GuzzleHttp\Promise\Promise::callHandler(1, Object(GuzzleHttp\Psr7\Response), Array)
#3 /wordpress/wp-content/plugins/rest-cache/vendor/guzzlehttp/promises/src/TaskQueue.php(47): GuzzleHttp\Promise\Promise::GuzzleHttp\Promise\{closure}()
#4 /wordpress/wp-content/plugins/rest-cache/vendor/guzzlehttp/promises/src/Promise.php(246): GuzzleHttp\Promise\TaskQueue->run(true)
#5 /wordpress/wp-content/plugins/rest-cache/vendor/guzzlehttp/promises/src/Promise.php(223): GuzzleHttp\Promise\Promise->invokeWaitFn()
#6 /wordpress/wp-content/plugins/rest-cache/vendor/guzzlehttp/promises/src/Promise.php(267): GuzzleHttp\Promise\Promise->waitIfPending()
#7 /wordpress/wp-content/plugins/rest-cache/vendor/guzzlehttp/promises/src/Promise.php(225): GuzzleHttp\Promise\Promise->invokeWaitList()
#8 /wordpress/wp-content/plugins/rest-cache/vendor/guzzlehttp/promises/src/Promise.php(62): GuzzleHttp\Promise\Promise->waitIfPending()
#9 /wordpress/wp-content/plugins/rest-cache/vendor/guzzlehttp/guzzle/src/Client.php(181): GuzzleHttp\Promise\Promise->wait()
#10 /wordpress/wp-content/plugins/rest-cache/includes/class.plugin.php(94): GuzzleHttp\Client->request('GET', 'http://127.0.0....', Array)
#11 /wordpress/wp-includes/class-wp-hook.php(324): PerryRylance\WordPress\RESTCache\Plugin->onActivate(false)
#12 /wordpress/wp-includes/class-wp-hook.php(348): WP_Hook->apply_filters('', Array)
#13 /wordpress/wp-includes/plugin.php(517): WP_Hook->do_action(Array)
#14 /wordpress/wp-admin/includes/plugin.php(703): do_action('activate_rest-c...', false)
#15 /internal/eval.php(20): activate_plugin('rest-cache/rest...')
#16 {main}
  thrown in /wordpress/wp-content/plugins/rest-cache/vendor/guzzlehttp/guzzle/src/Exception/RequestException.php on line 111
[03-Jul-2025 14:56:38 UTC] PHP Fatal error:  Uncaught GuzzleHttp\Exception\ClientException: Client error: `GET http://127.0.0.1:9406/wp-content/plugins/rest-cache/service/public/api/install` resulted in a `404 Not Found` response:
<!DOCTYPE html>
<html lang="en-US">
<head>
	<meta charset="UTF-8" />
	<meta name="viewport" content="width=device-width, (truncated...)
 in /wordpress/wp-content/plugins/rest-cache/vendor/guzzlehttp/guzzle/src/Exception/RequestException.php:111
Stack trace:
#0 /wordpress/wp-content/plugins/rest-cache/vendor/guzzlehttp/guzzle/src/Middleware.php(66): GuzzleHttp\Exception\RequestException::create(Object(GuzzleHttp\Psr7\Request), Object(GuzzleHttp\Psr7\Response))
#1 /wordpress/wp-content/plugins/rest-cache/vendor/guzzlehttp/promises/src/Promise.php(203): GuzzleHttp\Middleware::GuzzleHttp\{closure}(Object(GuzzleHttp\Psr7\Response))
#2 /wordpress/wp-content/plugins/rest-cache/vendor/guzzlehttp/promises/src/Promise.php(156): GuzzleHttp\Promise\Promise::callHandler(1, Object(GuzzleHttp\Psr7\Response), Array)
#3 /wordpress/wp-content/plugins/rest-cache/vendor/guzzlehttp/promises/src/TaskQueue.php(47): GuzzleHttp\Promise\Promise::GuzzleHttp\Promise\{closure}()
#4 /wordpress/wp-content/plugins/rest-cache/vendor/guzzlehttp/promises/src/Promise.php(246): GuzzleHttp\Promise\TaskQueue->run(true)
#5 /wordpress/wp-content/plugins/rest-cache/vendor/guzzlehttp/promises/src/Promise.php(223): GuzzleHttp\Promise\Promise->invokeWaitFn()
#6 /wordpress/wp-content/plugins/rest-cache/vendor/guzzlehttp/promises/src/Promise.php(267): GuzzleHttp\Promise\Promise->waitIfPending()
#7 /wordpress/wp-content/plugins/rest-cache/vendor/guzzlehttp/promises/src/Promise.php(225): GuzzleHttp\Promise\Promise->invokeWaitList()
#8 /wordpress/wp-content/plugins/rest-cache/vendor/guzzlehttp/promises/src/Promise.php(62): GuzzleHttp\Promise\Promise->waitIfPending()
#9 /wordpress/wp-content/plugins/rest-cache/vendor/guzzlehttp/guzzle/src/Client.php(181): GuzzleHttp\Promise\Promise->wait()
#10 /wordpress/wp-content/plugins/rest-cache/includes/class.plugin.php(94): GuzzleHttp\Client->request('GET', 'http://127.0.0....', Array)
#11 /wordpress/wp-includes/class-wp-hook.php(324): PerryRylance\WordPress\RESTCache\Plugin->onActivate(false)
#12 /wordpress/wp-includes/class-wp-hook.php(348): WP_Hook->apply_filters('', Array)
#13 /wordpress/wp-includes/plugin.php(517): WP_Hook->do_action(Array)
#14 /wordpress/wp-admin/includes/plugin.php(703): do_action('activate_rest-c...', false)
#15 /internal/eval.php(20): activate_plugin('rest-cache/rest...')
#16 {main}
  thrown in /wordpress/wp-content/plugins/rest-cache/vendor/guzzlehttp/guzzle/src/Exception/RequestException.php on line 111
[03-Jul-2025 14:56:45 UTC] PHP Fatal error:  Uncaught GuzzleHttp\Exception\ClientException: Client error: `GET http://127.0.0.1:9406/wp-content/plugins/rest-cache/service/public/api/install` resulted in a `404 Not Found` response:
<!DOCTYPE html>
<html lang="en-US">
<head>
	<meta charset="UTF-8" />
	<meta name="viewport" content="width=device-width, (truncated...)
 in /wordpress/wp-content/plugins/rest-cache/vendor/guzzlehttp/guzzle/src/Exception/RequestException.php:111
Stack trace:
#0 /wordpress/wp-content/plugins/rest-cache/vendor/guzzlehttp/guzzle/src/Middleware.php(66): GuzzleHttp\Exception\RequestException::create(Object(GuzzleHttp\Psr7\Request), Object(GuzzleHttp\Psr7\Response))
#1 /wordpress/wp-content/plugins/rest-cache/vendor/guzzlehttp/promises/src/Promise.php(203): GuzzleHttp\Middleware::GuzzleHttp\{closure}(Object(GuzzleHttp\Psr7\Response))
#2 /wordpress/wp-content/plugins/rest-cache/vendor/guzzlehttp/promises/src/Promise.php(156): GuzzleHttp\Promise\Promise::callHandler(1, Object(GuzzleHttp\Psr7\Response), Array)
#3 /wordpress/wp-content/plugins/rest-cache/vendor/guzzlehttp/promises/src/TaskQueue.php(47): GuzzleHttp\Promise\Promise::GuzzleHttp\Promise\{closure}()
#4 /wordpress/wp-content/plugins/rest-cache/vendor/guzzlehttp/promises/src/Promise.php(246): GuzzleHttp\Promise\TaskQueue->run(true)
#5 /wordpress/wp-content/plugins/rest-cache/vendor/guzzlehttp/promises/src/Promise.php(223): GuzzleHttp\Promise\Promise->invokeWaitFn()
#6 /wordpress/wp-content/plugins/rest-cache/vendor/guzzlehttp/promises/src/Promise.php(267): GuzzleHttp\Promise\Promise->waitIfPending()
#7 /wordpress/wp-content/plugins/rest-cache/vendor/guzzlehttp/promises/src/Promise.php(225): GuzzleHttp\Promise\Promise->invokeWaitList()
#8 /wordpress/wp-content/plugins/rest-cache/vendor/guzzlehttp/promises/src/Promise.php(62): GuzzleHttp\Promise\Promise->waitIfPending()
#9 /wordpress/wp-content/plugins/rest-cache/vendor/guzzlehttp/guzzle/src/Client.php(181): GuzzleHttp\Promise\Promise->wait()
#10 /wordpress/wp-content/plugins/rest-cache/includes/class.plugin.php(94): GuzzleHttp\Client->request('GET', 'http://127.0.0....', Array)
#11 /wordpress/wp-includes/class-wp-hook.php(324): PerryRylance\WordPress\RESTCache\Plugin->onActivate(false)
#12 /wordpress/wp-includes/class-wp-hook.php(348): WP_Hook->apply_filters('', Array)
#13 /wordpress/wp-includes/plugin.php(517): WP_Hook->do_action(Array)
#14 /wordpress/wp-admin/includes/plugin.php(703): do_action('activate_rest-c...', false)
#15 /internal/eval.php(20): activate_plugin('rest-cache/rest...')
#16 {main}
  thrown in /wordpress/wp-content/plugins/rest-cache/vendor/guzzlehttp/guzzle/src/Exception/RequestException.php on line 111
[03-Jul-2025 14:57:16 UTC] PHP Deprecated:  WP_SQLite_Information_Schema_Exception::__construct(): Implicitly marking parameter $previous as nullable is deprecated, the explicit nullable type must be used instead in /internal/shared/sqlite-database-integration/wp-includes/sqlite-ast/class-wp-sqlite-information-schema-exception.php on line 37
[03-Jul-2025 14:57:17 UTC] PHP Deprecated:  WP_SQLite_Information_Schema_Exception::__construct(): Implicitly marking parameter $previous as nullable is deprecated, the explicit nullable type must be used instead in /internal/shared/sqlite-database-integration/wp-includes/sqlite-ast/class-wp-sqlite-information-schema-exception.php on line 37
[03-Jul-2025 14:57:49 UTC] PHP Deprecated:  WP_SQLite_Information_Schema_Exception::__construct(): Implicitly marking parameter $previous as nullable is deprecated, the explicit nullable type must be used instead in /internal/shared/sqlite-database-integration/wp-includes/sqlite-ast/class-wp-sqlite-information-schema-exception.php on line 37
[03-Jul-2025 14:57:50 UTC] PHP Deprecated:  WP_SQLite_Information_Schema_Exception::__construct(): Implicitly marking parameter $previous as nullable is deprecated, the explicit nullable type must be used instead in /internal/shared/sqlite-database-integration/wp-includes/sqlite-ast/class-wp-sqlite-information-schema-exception.php on line 37
[03-Jul-2025 14:57:51 UTC] PHP Deprecated:  WP_SQLite_Information_Schema_Exception::__construct(): Implicitly marking parameter $previous as nullable is deprecated, the explicit nullable type must be used instead in /internal/shared/sqlite-database-integration/wp-includes/sqlite-ast/class-wp-sqlite-information-schema-exception.php on line 37
[03-Jul-2025 14:57:55 UTC] PHP Deprecated:  WP_SQLite_Information_Schema_Exception::__construct(): Implicitly marking parameter $previous as nullable is deprecated, the explicit nullable type must be used instead in /internal/shared/sqlite-database-integration/wp-includes/sqlite-ast/class-wp-sqlite-information-schema-exception.php on line 37
[03-Jul-2025 14:57:58 UTC] PHP Deprecated:  WP_SQLite_Information_Schema_Exception::__construct(): Implicitly marking parameter $previous as nullable is deprecated, the explicit nullable type must be used instead in /internal/shared/sqlite-database-integration/wp-includes/sqlite-ast/class-wp-sqlite-information-schema-exception.php on line 37
[03-Jul-2025 14:57:58 UTC] PHP Deprecated:  WP_SQLite_Information_Schema_Exception::__construct(): Implicitly marking parameter $previous as nullable is deprecated, the explicit nullable type must be used instead in /internal/shared/sqlite-database-integration/wp-includes/sqlite-ast/class-wp-sqlite-information-schema-exception.php on line 37
[03-Jul-2025 14:58:00 UTC] PHP Deprecated:  WP_SQLite_Information_Schema_Exception::__construct(): Implicitly marking parameter $previous as nullable is deprecated, the explicit nullable type must be used instead in /internal/shared/sqlite-database-integration/wp-includes/sqlite-ast/class-wp-sqlite-information-schema-exception.php on line 37
[03-Jul-2025 14:58:02 UTC] PHP Deprecated:  WP_SQLite_Information_Schema_Exception::__construct(): Implicitly marking parameter $previous as nullable is deprecated, the explicit nullable type must be used instead in /internal/shared/sqlite-database-integration/wp-includes/sqlite-ast/class-wp-sqlite-information-schema-exception.php on line 37
[03-Jul-2025 14:58:05 UTC] PHP Deprecated:  WP_SQLite_Information_Schema_Exception::__construct(): Implicitly marking parameter $previous as nullable is deprecated, the explicit nullable type must be used instead in /internal/shared/sqlite-database-integration/wp-includes/sqlite-ast/class-wp-sqlite-information-schema-exception.php on line 37
[03-Jul-2025 14:58:06 UTC] PHP Deprecated:  WP_SQLite_Information_Schema_Exception::__construct(): Implicitly marking parameter $previous as nullable is deprecated, the explicit nullable type must be used instead in /internal/shared/sqlite-database-integration/wp-includes/sqlite-ast/class-wp-sqlite-information-schema-exception.php on line 37
[03-Jul-2025 14:58:06 UTC] PHP Deprecated:  WP_SQLite_Information_Schema_Exception::__construct(): Implicitly marking parameter $previous as nullable is deprecated, the explicit nullable type must be used instead in /internal/shared/sqlite-database-integration/wp-includes/sqlite-ast/class-wp-sqlite-information-schema-exception.php on line 37
[03-Jul-2025 14:58:07 UTC] PHP Deprecated:  WP_SQLite_Information_Schema_Exception::__construct(): Implicitly marking parameter $previous as nullable is deprecated, the explicit nullable type must be used instead in /internal/shared/sqlite-database-integration/wp-includes/sqlite-ast/class-wp-sqlite-information-schema-exception.php on line 37
[03-Jul-2025 14:58:08 UTC] PHP Deprecated:  WP_SQLite_Information_Schema_Exception::__construct(): Implicitly marking parameter $previous as nullable is deprecated, the explicit nullable type must be used instead in /internal/shared/sqlite-database-integration/wp-includes/sqlite-ast/class-wp-sqlite-information-schema-exception.php on line 37
[03-Jul-2025 15:01:10 UTC] PHP Warning:  Undefined variable $wp_post_types in /wordpress/wp-content/plugins/rosko-visual-editor/admin/rve-option-pages.php on line 63
[03-Jul-2025 15:01:10 UTC] PHP Warning:  Undefined variable $wp_post_types in /wordpress/wp-content/plugins/rosko-visual-editor/admin/rve-option-pages.php on line 98
[03-Jul-2025 15:01:10 UTC] PHP Warning:  Undefined variable $wp_post_types in /wordpress/wp-content/plugins/rosko-visual-editor/admin/rve-option-pages.php on line 133
[03-Jul-2025 15:01:10 UTC] PHP Warning:  Undefined variable $wp_post_types in /wordpress/wp-content/plugins/rosko-visual-editor/admin/rve-option-pages.php on line 167
[03-Jul-2025 15:01:10 UTC] PHP Warning:  Undefined variable $wp_post_types in /wordpress/wp-content/plugins/rosko-visual-editor/admin/rve-option-pages.php on line 202
[03-Jul-2025 15:01:10 UTC] PHP Warning:  Undefined variable $wp_post_types in /wordpress/wp-content/plugins/rosko-visual-editor/admin/rve-option-pages.php on line 237
[03-Jul-2025 15:01:10 UTC] PHP Warning:  Undefined variable $wp_post_types in /wordpress/wp-content/plugins/rosko-visual-editor/admin/rve-option-pages.php on line 271
[03-Jul-2025 15:01:20 UTC] PHP Warning:  Undefined variable $wp_post_types in /wordpress/wp-content/plugins/rosko-visual-editor/admin/rve-option-pages.php on line 63
[03-Jul-2025 15:01:20 UTC] PHP Warning:  Undefined variable $wp_post_types in /wordpress/wp-content/plugins/rosko-visual-editor/admin/rve-option-pages.php on line 98
[03-Jul-2025 15:01:20 UTC] PHP Warning:  Undefined variable $wp_post_types in /wordpress/wp-content/plugins/rosko-visual-editor/admin/rve-option-pages.php on line 133
[03-Jul-2025 15:01:20 UTC] PHP Warning:  Undefined variable $wp_post_types in /wordpress/wp-content/plugins/rosko-visual-editor/admin/rve-option-pages.php on line 167
[03-Jul-2025 15:01:20 UTC] PHP Warning:  Undefined variable $wp_post_types in /wordpress/wp-content/plugins/rosko-visual-editor/admin/rve-option-pages.php on line 202
[03-Jul-2025 15:01:20 UTC] PHP Warning:  Undefined variable $wp_post_types in /wordpress/wp-content/plugins/rosko-visual-editor/admin/rve-option-pages.php on line 237
[03-Jul-2025 15:01:20 UTC] PHP Warning:  Undefined variable $wp_post_types in /wordpress/wp-content/plugins/rosko-visual-editor/admin/rve-option-pages.php on line 271
[03-Jul-2025 15:01:29 UTC] PHP Warning:  Undefined variable $wp_post_types in /wordpress/wp-content/plugins/rosko-visual-editor/admin/rve-option-pages.php on line 63
[03-Jul-2025 15:01:29 UTC] PHP Warning:  Undefined variable $wp_post_types in /wordpress/wp-content/plugins/rosko-visual-editor/admin/rve-option-pages.php on line 98
[03-Jul-2025 15:01:29 UTC] PHP Warning:  Undefined variable $wp_post_types in /wordpress/wp-content/plugins/rosko-visual-editor/admin/rve-option-pages.php on line 133
[03-Jul-2025 15:01:29 UTC] PHP Warning:  Undefined variable $wp_post_types in /wordpress/wp-content/plugins/rosko-visual-editor/admin/rve-option-pages.php on line 167
[03-Jul-2025 15:01:29 UTC] PHP Warning:  Undefined variable $wp_post_types in /wordpress/wp-content/plugins/rosko-visual-editor/admin/rve-option-pages.php on line 202
[03-Jul-2025 15:01:29 UTC] PHP Warning:  Undefined variable $wp_post_types in /wordpress/wp-content/plugins/rosko-visual-editor/admin/rve-option-pages.php on line 237
[03-Jul-2025 15:01:29 UTC] PHP Warning:  Undefined variable $wp_post_types in /wordpress/wp-content/plugins/rosko-visual-editor/admin/rve-option-pages.php on line 271
[03-Jul-2025 15:04:51 UTC] PHP Notice:  Function _load_textdomain_just_in_time was called <strong>incorrectly</strong>. Translation loading for the <code>quick-testimonials</code> domain was triggered too early. This is usually an indicator for some code in the plugin or theme running too early. Translations should be loaded at the <code>init</code> action or later. Please see <a href="https://developer.wordpress.org/advanced-administration/debug/debug-wordpress/">Debugging in WordPress</a> for more information. (This message was added in version 6.7.0.) in /wordpress/wp-includes/functions.php on line 6121
[03-Jul-2025 15:04:58 UTC] PHP Notice:  Function _load_textdomain_just_in_time was called <strong>incorrectly</strong>. Translation loading for the <code>quick-testimonials</code> domain was triggered too early. This is usually an indicator for some code in the plugin or theme running too early. Translations should be loaded at the <code>init</code> action or later. Please see <a href="https://developer.wordpress.org/advanced-administration/debug/debug-wordpress/">Debugging in WordPress</a> for more information. (This message was added in version 6.7.0.) in /wordpress/wp-includes/functions.php on line 6121
[03-Jul-2025 15:10:57 UTC] PHP Warning:  Trying to access array offset on value of type bool in /wordpress/wp-content/plugins/retina-post-multisite/wp-retina.php on line 49
[03-Jul-2025 15:10:57 UTC] PHP Warning:  Trying to access array offset on value of type bool in /wordpress/wp-content/plugins/retina-post-multisite/wp-retina.php on line 50
[03-Jul-2025 15:10:57 UTC] PHP Warning:  Trying to access array offset on value of type bool in /wordpress/wp-content/plugins/retina-post-multisite/wp-retina.php on line 83
[03-Jul-2025 15:10:57 UTC] PHP Warning:  Trying to access array offset on value of type bool in /wordpress/wp-content/plugins/retina-post-multisite/wp-retina.php on line 91
[03-Jul-2025 15:10:57 UTC] PHP Warning:  Trying to access array offset on value of type bool in /wordpress/wp-content/plugins/retina-post-multisite/wp-retina.php on line 105
[03-Jul-2025 15:11:07 UTC] PHP Warning:  Trying to access array offset on value of type bool in /wordpress/wp-content/plugins/retina-post-multisite/wp-retina.php on line 49
[03-Jul-2025 15:11:07 UTC] PHP Warning:  Trying to access array offset on value of type bool in /wordpress/wp-content/plugins/retina-post-multisite/wp-retina.php on line 50
[03-Jul-2025 15:11:07 UTC] PHP Warning:  Trying to access array offset on value of type bool in /wordpress/wp-content/plugins/retina-post-multisite/wp-retina.php on line 83
[03-Jul-2025 15:11:07 UTC] PHP Warning:  Trying to access array offset on value of type bool in /wordpress/wp-content/plugins/retina-post-multisite/wp-retina.php on line 91
[03-Jul-2025 15:11:07 UTC] PHP Warning:  Trying to access array offset on value of type bool in /wordpress/wp-content/plugins/retina-post-multisite/wp-retina.php on line 105
[03-Jul-2025 15:11:16 UTC] PHP Warning:  Trying to access array offset on value of type bool in /wordpress/wp-content/plugins/retina-post-multisite/wp-retina.php on line 49
[03-Jul-2025 15:11:16 UTC] PHP Warning:  Trying to access array offset on value of type bool in /wordpress/wp-content/plugins/retina-post-multisite/wp-retina.php on line 50
[03-Jul-2025 15:11:16 UTC] PHP Warning:  Trying to access array offset on value of type bool in /wordpress/wp-content/plugins/retina-post-multisite/wp-retina.php on line 83
[03-Jul-2025 15:11:16 UTC] PHP Warning:  Trying to access array offset on value of type bool in /wordpress/wp-content/plugins/retina-post-multisite/wp-retina.php on line 91
[03-Jul-2025 15:11:16 UTC] PHP Warning:  Trying to access array offset on value of type bool in /wordpress/wp-content/plugins/retina-post-multisite/wp-retina.php on line 105
[03-Jul-2025 15:11:56 UTC] WordPress database error <div style="clear:both">&nbsp;</div>
<div class="queries" style="clear:both;margin-bottom:2px;border:red dotted thin;">
<p>MySQL query:</p>
<p>DELETE FROM `wp_rw_gplaces_place` WHERE 1</p>
<p>Queries made or created this session were:</p>
<ol>
<li>Executing: BEGIN IMMEDIATE | (no parameters)</li>
<li>Executing: DELETE FROM `wp_rw_gplaces_place` WHERE 1 | (no parameters)</li>
<li>Executing: ROLLBACK | (no parameters)</li>
</ol>
</div>
<div style="clear:both;margin-bottom:2px;border:red dotted thin;" class="error_message" style="border-bottom:dotted blue thin;">
SQLSTATE[HY000]: General error: 1 no such table: wp_rw_gplaces_place
</div>
<p>Backtrace:</p>
<pre>#0 /internal/shared/sqlite-database-integration/wp-includes/sqlite-ast/class-wp-sqlite-driver.php(683): WP_SQLite_Driver->new_driver_exception('SQLSTATE[HY000]...', 'HY000', Object(PDOException))
#1 /internal/shared/sqlite-database-integration/wp-includes/sqlite/class-wp-sqlite-db.php(491): WP_SQLite_Driver->query('DELETE FROM `wp...')
#2 /internal/shared/sqlite-database-integration/wp-includes/sqlite/class-wp-sqlite-db.php(432): WP_SQLite_DB->_do_query('DELETE FROM `wp...')
#3 /wordpress/wp-content/plugins/review-wave-google-places-reviews/classes/abstract.model.php(51): WP_SQLite_DB->query('DELETE FROM `wp...')
#4 /wordpress/wp-content/plugins/review-wave-google-places-reviews/rw_gplaces.php(148): RWGplacesModel->deleteAll()
#5 /wordpress/wp-content/plugins/review-wave-google-places-reviews/rw_gplaces.php(44): RWGooglePlaces->load_options()
#6 /wordpress/wp-content/plugins/review-wave-google-places-reviews/rw_gplaces.php(792): RWGooglePlaces->__construct()
#7 /wordpress/wp-admin/includes/plugin.php(2387): include_once('/wordpress/wp-c...')
#8 /wordpress/wp-admin/includes/plugin.php(673): plugin_sandbox_scrape('review-wave-goo...')
#9 /internal/eval.php(20): activate_plugin('review-wave-goo...')
#10 {main}</pre>
 for query DELETE FROM `wp_rw_gplaces_place` WHERE 1 made by activate_plugin, plugin_sandbox_scrape, include_once('/plugins/review-wave-google-places-reviews/rw_gplaces.php'), RWGooglePlaces->__construct, RWGooglePlaces->load_options, RWGplacesModel->deleteAll, WP_SQLite_DB->query, WP_SQLite_DB->print_error
[03-Jul-2025 15:11:56 UTC] WordPress database error <div style="clear:both">&nbsp;</div>
<div class="queries" style="clear:both;margin-bottom:2px;border:red dotted thin;">
<p>MySQL query:</p>
<p>DELETE FROM `wp_rw_gplaces_review` WHERE 1</p>
<p>Queries made or created this session were:</p>
<ol>
<li>Executing: BEGIN IMMEDIATE | (no parameters)</li>
<li>Executing: DELETE FROM `wp_rw_gplaces_review` WHERE 1 | (no parameters)</li>
<li>Executing: ROLLBACK | (no parameters)</li>
</ol>
</div>
<div style="clear:both;margin-bottom:2px;border:red dotted thin;" class="error_message" style="border-bottom:dotted blue thin;">
SQLSTATE[HY000]: General error: 1 no such table: wp_rw_gplaces_review
</div>
<p>Backtrace:</p>
<pre>#0 /internal/shared/sqlite-database-integration/wp-includes/sqlite-ast/class-wp-sqlite-driver.php(683): WP_SQLite_Driver->new_driver_exception('SQLSTATE[HY000]...', 'HY000', Object(PDOException))
#1 /internal/shared/sqlite-database-integration/wp-includes/sqlite/class-wp-sqlite-db.php(491): WP_SQLite_Driver->query('DELETE FROM `wp...')
#2 /internal/shared/sqlite-database-integration/wp-includes/sqlite/class-wp-sqlite-db.php(432): WP_SQLite_DB->_do_query('DELETE FROM `wp...')
#3 /wordpress/wp-content/plugins/review-wave-google-places-reviews/classes/abstract.model.php(51): WP_SQLite_DB->query('DELETE FROM `wp...')
#4 /wordpress/wp-content/plugins/review-wave-google-places-reviews/rw_gplaces.php(149): RWGplacesModel->deleteAll()
#5 /wordpress/wp-content/plugins/review-wave-google-places-reviews/rw_gplaces.php(44): RWGooglePlaces->load_options()
#6 /wordpress/wp-content/plugins/review-wave-google-places-reviews/rw_gplaces.php(792): RWGooglePlaces->__construct()
#7 /wordpress/wp-admin/includes/plugin.php(2387): include_once('/wordpress/wp-c...')
#8 /wordpress/wp-admin/includes/plugin.php(673): plugin_sandbox_scrape('review-wave-goo...')
#9 /internal/eval.php(20): activate_plugin('review-wave-goo...')
#10 {main}</pre>
 for query DELETE FROM `wp_rw_gplaces_review` WHERE 1 made by activate_plugin, plugin_sandbox_scrape, include_once('/plugins/review-wave-google-places-reviews/rw_gplaces.php'), RWGooglePlaces->__construct, RWGooglePlaces->load_options, RWGplacesModel->deleteAll, WP_SQLite_DB->query, WP_SQLite_DB->print_error
[03-Jul-2025 15:11:56 UTC] PHP Fatal error:  Uncaught Error: Call to undefined function create_function() in /wordpress/wp-content/plugins/review-wave-google-places-reviews/rw_gplaces.php:62
Stack trace:
#0 /wordpress/wp-content/plugins/review-wave-google-places-reviews/rw_gplaces.php(792): RWGooglePlaces->__construct()
#1 /wordpress/wp-admin/includes/plugin.php(2387): include_once('/wordpress/wp-c...')
#2 /wordpress/wp-admin/includes/plugin.php(673): plugin_sandbox_scrape('review-wave-goo...')
#3 /internal/eval.php(20): activate_plugin('review-wave-goo...')
#4 {main}
  thrown in /wordpress/wp-content/plugins/review-wave-google-places-reviews/rw_gplaces.php on line 62

    at Object.onBind (file:///home/runner/work/playground-tester/playground-tester/node_modules/@wp-playground/cli/run-cli-j-geJYS3.js:325:15)
    at process.processTicksAndRejections (node:internal/process/task_queues:105:5)
    at async re (file:///home/runner/work/playground-tester/playground-tester/node_modules/@wp-playground/cli/run-cli-j-geJYS3.js:149:10) {
  [cause]: Error: Error when executing the blueprint step #5 ({"step":"installPlugin","pluginData":{"resource":"wordpress.org/plugins","slug":"review-wave-google-places-reviews"},"options":{"activate":true}}) : PHP.run() failed with exit code 255 and the following output: 
      at Object.run (file:///home/runner/work/playground-tester/playground-tester/node_modules/@wp-playground/blueprints/index.js:12093:19)
      at process.processTicksAndRejections (node:internal/process/task_queues:105:5)
      at async ys (file:///home/runner/work/playground-tester/playground-tester/node_modules/@wp-playground/blueprints/index.js:12196:3)
      at async Object.onBind (file:///home/runner/work/playground-tester/playground-tester/node_modules/@wp-playground/cli/run-cli-j-geJYS3.js:315:48)
      at async re (file:///home/runner/work/playground-tester/playground-tester/node_modules/@wp-playground/cli/run-cli-j-geJYS3.js:149:10) {
    [cause]: PHPExecutionFailureError: PHP.run() failed with exit code 255 and the following output: 
        at PHP.run (file:///home/runner/work/playground-tester/playground-tester/node_modules/@php-wasm/universal/index.js:1034:19)
        at process.processTicksAndRejections (node:internal/process/task_queues:105:5)
        at async wr (file:///home/runner/work/playground-tester/playground-tester/node_modules/@wp-playground/blueprints/index.js:34:39)
        at async Object.gt [as installPlugin] (file:///home/runner/work/playground-tester/playground-tester/node_modules/@wp-playground/blueprints/index.js:631:42)
        at async g (file:///home/runner/work/playground-tester/playground-tester/node_modules/@wp-playground/blueprints/index.js:12161:30)
        at async Object.run (file:///home/runner/work/playground-tester/playground-tester/node_modules/@wp-playground/blueprints/index.js:12090:23)
        at async ys (file:///home/runner/work/playground-tester/playground-tester/node_modules/@wp-playground/blueprints/index.js:12196:3)
        at async Object.onBind (file:///home/runner/work/playground-tester/playground-tester/node_modules/@wp-playground/cli/run-cli-j-geJYS3.js:315:48)
        at async re (file:///home/runner/work/playground-tester/playground-tester/node_modules/@wp-playground/cli/run-cli-j-geJYS3.js:149:10) {
      response: PHPResponse {
        httpStatusCode: 500,
        headers: {
          'x-powered-by': [ 'PHP/8.0.30-dev' ],
          'set-cookie': [ 'PHPSESSID=6bc3a0f66c8a01c8d2a6d75a9bf7cad0; path=/' ],
          expires: [ 'Thu, 19 Nov 1981 08:52:00 GMT' ],
          'cache-control': [ 'no-store, no-cache, must-revalidate' ],
          pragma: [ 'no-cache' ],
          'content-type': [ 'text/html; charset=UTF-8' ]
        },
        bytes: Uint8Array(0) [],
        exitCode: 255,
        errors: ''
      },
      source: 'request'
    }
  }
}

Node.js v23.11.0
