[
{"message":"file:///home/runner/work/playground-tester/playground-tester/node_modules/@wp-playground/cli/index.js:237\n        throw new Error(y, { cause: u });\n              ^\n","level":"FATAL","type":"PLAYGROUND","test":"ast-sqlite-boot","plugin":"elastic-theme-editor","details":"file:///home/runner/work/playground-tester/playground-tester/node_modules/@wp-playground/cli/index.js:237\n        throw new Error(y, { cause: u });\n              ^\n","log":"/tmp/tmp.6EbjTRyHcO"}
,
{"message":"Uncaught PDOException: SQLSTATE[HY000] [2002] Address family not supported by protocol in /wordpress/wp-content/plugins/hrefprompt/lib/db.class.php:25","level":"FATAL","type":"PHP","test":"ast-sqlite-boot","plugin":"elastic-theme-editor","details":"[20-May-2025 23:27:03 UTC] PHP Fatal error:  Uncaught PDOException: SQLSTATE[HY000] [2002] Address family not supported by protocol in /wordpress/wp-content/plugins/hrefprompt/lib/db.class.php:25\nStack trace:\n#0 /wordpress/wp-content/plugins/hrefprompt/lib/db.class.php(25): PDO->__construct('mysql:host=loca...', 'username_here', 'password_here')\n#1 /wordpress/wp-content/plugins/hrefprompt/hrefprompt.php(54): hrefp_db->__construct()\n#2 /wordpress/wp-admin/includes/plugin.php(2387): include_once('/wordpress/wp-c...')\n#3 /wordpress/wp-admin/includes/plugin.php(673): plugin_sandbox_scrape('hrefprompt/href...')\n#4 /internal/eval.php(20): activate_plugin('hrefprompt/href...')\n#5 {main}\n  thrown in /wordpress/wp-content/plugins/hrefprompt/lib/db.class.php on line 25","log":"/logs/plugins/e/elastic-theme-editor/error.json"}
,
{"message":"Uncaught PDOException: SQLSTATE[HY000] [2002] Address family not supported by protocol in /wordpress/wp-content/plugins/hrefprompt/lib/db.class.php:25","level":"FATAL","type":"PHP","test":"ast-sqlite-boot","plugin":"elastic-theme-editor","details":"[20-May-2025 23:27:12 UTC] PHP Fatal error:  Uncaught PDOException: SQLSTATE[HY000] [2002] Address family not supported by protocol in /wordpress/wp-content/plugins/hrefprompt/lib/db.class.php:25\nStack trace:\n#0 /wordpress/wp-content/plugins/hrefprompt/lib/db.class.php(25): PDO->__construct('mysql:host=loca...', 'username_here', 'password_here')\n#1 /wordpress/wp-content/plugins/hrefprompt/hrefprompt.php(54): hrefp_db->__construct()\n#2 /wordpress/wp-admin/includes/plugin.php(2387): include_once('/wordpress/wp-c...')\n#3 /wordpress/wp-admin/includes/plugin.php(673): plugin_sandbox_scrape('hrefprompt/href...')\n#4 /internal/eval.php(20): activate_plugin('hrefprompt/href...')\n#5 {main}\n  thrown in /wordpress/wp-content/plugins/hrefprompt/lib/db.class.php on line 25","log":"/logs/plugins/e/elastic-theme-editor/error.json"}
,
{"message":"Uncaught PDOException: SQLSTATE[HY000] [2002] Address family not supported by protocol in /wordpress/wp-content/plugins/hrefprompt/lib/db.class.php:25","level":"FATAL","type":"PHP","test":"ast-sqlite-boot","plugin":"elastic-theme-editor","details":"[20-May-2025 23:27:21 UTC] PHP Fatal error:  Uncaught PDOException: SQLSTATE[HY000] [2002] Address family not supported by protocol in /wordpress/wp-content/plugins/hrefprompt/lib/db.class.php:25\nStack trace:\n#0 /wordpress/wp-content/plugins/hrefprompt/lib/db.class.php(25): PDO->__construct('mysql:host=loca...', 'username_here', 'password_here')\n#1 /wordpress/wp-content/plugins/hrefprompt/hrefprompt.php(54): hrefp_db->__construct()\n#2 /wordpress/wp-admin/includes/plugin.php(2387): include_once('/wordpress/wp-c...')\n#3 /wordpress/wp-admin/includes/plugin.php(673): plugin_sandbox_scrape('hrefprompt/href...')\n#4 /internal/eval.php(20): activate_plugin('hrefprompt/href...')\n#5 {main}\n  thrown in /wordpress/wp-content/plugins/hrefprompt/lib/db.class.php on line 25","log":"/logs/plugins/e/elastic-theme-editor/error.json"}
,
{"message":"Uncaught ArgumentCountError: Too few arguments to function WP_Widget::__construct(), 0 passed in /wordpress/wp-includes/class-wp-widget-factory.php on line 62 and at least 2 expected in /wordpress/wp-includes/class-wp-widget.php:163","level":"FATAL","type":"PHP","test":"ast-sqlite-boot","plugin":"elastic-theme-editor","details":"[20-May-2025 23:28:24 UTC] PHP Fatal error:  Uncaught ArgumentCountError: Too few arguments to function WP_Widget::__construct(), 0 passed in /wordpress/wp-includes/class-wp-widget-factory.php on line 62 and at least 2 expected in /wordpress/wp-includes/class-wp-widget.php:163\nStack trace:\n#0 /wordpress/wp-includes/class-wp-widget-factory.php(62): WP_Widget->__construct()\n#1 /wordpress/wp-includes/widgets.php(123): WP_Widget_Factory->register('EagleEyeWidget')\n#2 /wordpress/wp-content/plugins/eagleeye-widget/WP-EagleEye-Widget.php(141): register_widget('EagleEyeWidget')\n#3 /wordpress/wp-includes/class-wp-hook.php(324): EagleEyeWidgetInit('')\n#4 /wordpress/wp-includes/class-wp-hook.php(348): WP_Hook->apply_filters(NULL, Array)\n#5 /wordpress/wp-includes/plugin.php(517): WP_Hook->do_action(Array)\n#6 /wordpress/wp-includes/widgets.php(1870): do_action('widgets_init')\n#7 /wordpress/wp-includes/class-wp-hook.php(324): wp_widgets_init('')\n#8 /wordpress/wp-includes/class-wp-hook.php(348): WP_Hook->apply_filters(NULL, Array)\n#9 /wordpress/wp-includes/plugin.php(517): WP_Hook->do_action(Array)\n#10 /wordpress/wp-settings.php(727): do_action('init')\n#11 /wordpress/wp-config.php(102): require_once('/wordpress/wp-s...')\n#12 /wordpress/wp-load.php(50): require_once('/wordpress/wp-c...')\n#13 /internal/eval.php(3): require_once('/wordpress/wp-l...')\n#14 {main}\n  thrown in /wordpress/wp-includes/class-wp-widget.php on line 163","log":"/logs/plugins/e/elastic-theme-editor/error.json"}
,
{"message":"Uncaught ArgumentCountError: Too few arguments to function WP_Widget::__construct(), 0 passed in /wordpress/wp-includes/class-wp-widget-factory.php on line 62 and at least 2 expected in /wordpress/wp-includes/class-wp-widget.php:163","level":"FATAL","type":"PHP","test":"ast-sqlite-boot","plugin":"elastic-theme-editor","details":"[20-May-2025 23:28:33 UTC] PHP Fatal error:  Uncaught ArgumentCountError: Too few arguments to function WP_Widget::__construct(), 0 passed in /wordpress/wp-includes/class-wp-widget-factory.php on line 62 and at least 2 expected in /wordpress/wp-includes/class-wp-widget.php:163\nStack trace:\n#0 /wordpress/wp-includes/class-wp-widget-factory.php(62): WP_Widget->__construct()\n#1 /wordpress/wp-includes/widgets.php(123): WP_Widget_Factory->register('EagleEyeWidget')\n#2 /wordpress/wp-content/plugins/eagleeye-widget/WP-EagleEye-Widget.php(141): register_widget('EagleEyeWidget')\n#3 /wordpress/wp-includes/class-wp-hook.php(324): EagleEyeWidgetInit('')\n#4 /wordpress/wp-includes/class-wp-hook.php(348): WP_Hook->apply_filters(NULL, Array)\n#5 /wordpress/wp-includes/plugin.php(517): WP_Hook->do_action(Array)\n#6 /wordpress/wp-includes/widgets.php(1870): do_action('widgets_init')\n#7 /wordpress/wp-includes/class-wp-hook.php(324): wp_widgets_init('')\n#8 /wordpress/wp-includes/class-wp-hook.php(348): WP_Hook->apply_filters(NULL, Array)\n#9 /wordpress/wp-includes/plugin.php(517): WP_Hook->do_action(Array)\n#10 /wordpress/wp-settings.php(727): do_action('init')\n#11 /wordpress/wp-config.php(102): require_once('/wordpress/wp-s...')\n#12 /wordpress/wp-load.php(50): require_once('/wordpress/wp-c...')\n#13 /internal/eval.php(3): require_once('/wordpress/wp-l...')\n#14 {main}\n  thrown in /wordpress/wp-includes/class-wp-widget.php on line 163","log":"/logs/plugins/e/elastic-theme-editor/error.json"}
,
{"message":"Uncaught ArgumentCountError: Too few arguments to function WP_Widget::__construct(), 0 passed in /wordpress/wp-includes/class-wp-widget-factory.php on line 62 and at least 2 expected in /wordpress/wp-includes/class-wp-widget.php:163","level":"FATAL","type":"PHP","test":"ast-sqlite-boot","plugin":"elastic-theme-editor","details":"[20-May-2025 23:28:42 UTC] PHP Fatal error:  Uncaught ArgumentCountError: Too few arguments to function WP_Widget::__construct(), 0 passed in /wordpress/wp-includes/class-wp-widget-factory.php on line 62 and at least 2 expected in /wordpress/wp-includes/class-wp-widget.php:163\nStack trace:\n#0 /wordpress/wp-includes/class-wp-widget-factory.php(62): WP_Widget->__construct()\n#1 /wordpress/wp-includes/widgets.php(123): WP_Widget_Factory->register('EagleEyeWidget')\n#2 /wordpress/wp-content/plugins/eagleeye-widget/WP-EagleEye-Widget.php(141): register_widget('EagleEyeWidget')\n#3 /wordpress/wp-includes/class-wp-hook.php(324): EagleEyeWidgetInit('')\n#4 /wordpress/wp-includes/class-wp-hook.php(348): WP_Hook->apply_filters(NULL, Array)\n#5 /wordpress/wp-includes/plugin.php(517): WP_Hook->do_action(Array)\n#6 /wordpress/wp-includes/widgets.php(1870): do_action('widgets_init')\n#7 /wordpress/wp-includes/class-wp-hook.php(324): wp_widgets_init('')\n#8 /wordpress/wp-includes/class-wp-hook.php(348): WP_Hook->apply_filters(NULL, Array)\n#9 /wordpress/wp-includes/plugin.php(517): WP_Hook->do_action(Array)\n#10 /wordpress/wp-settings.php(727): do_action('init')\n#11 /wordpress/wp-config.php(102): require_once('/wordpress/wp-s...')\n#12 /wordpress/wp-load.php(50): require_once('/wordpress/wp-c...')\n#13 /internal/eval.php(3): require_once('/wordpress/wp-l...')\n#14 {main}\n  thrown in /wordpress/wp-includes/class-wp-widget.php on line 163","log":"/logs/plugins/e/elastic-theme-editor/error.json"}
,
{"message":"Function _load_textdomain_just_in_time was called <strong>incorrectly</strong>. Translation loading for the <code>woocommerce</code> domain was triggered too early. This is usually an indicator for some code in the plugin or theme running too early. Translations should be loaded at the <code>init</code> action or later. Please see <a href=\"https://developer.wordpress.org/advanced-administration/debug/debug-wordpress/\">Debugging in WordPress</a> for more information. (This message was added in version 6.7.0.) in /wordpress/wp-includes/functions.php on line 6121","level":"NOTICE","type":"PHP","test":"ast-sqlite-boot","plugin":"elastic-theme-editor","details":"[20-May-2025 23:29:14 UTC] PHP Notice:  Function _load_textdomain_just_in_time was called <strong>incorrectly</strong>. Translation loading for the <code>woocommerce</code> domain was triggered too early. This is usually an indicator for some code in the plugin or theme running too early. Translations should be loaded at the <code>init</code> action or later. Please see <a href=\"https://developer.wordpress.org/advanced-administration/debug/debug-wordpress/\">Debugging in WordPress</a> for more information. (This message was added in version 6.7.0.) in /wordpress/wp-includes/functions.php on line 6121","log":"/logs/plugins/e/elastic-theme-editor/error.json"}
,
{"message":"syntax error, unexpected 'Public' (T_PUBLIC), expecting identifier (T_STRING) or '{' in /wordpress/wp-content/plugins/easy-booking-calendar/includes/plugin.php on line 6","level":"PARSE","type":"PHP","test":"ast-sqlite-boot","plugin":"elastic-theme-editor","details":"[20-May-2025 23:29:22 UTC] PHP Parse error:  syntax error, unexpected 'Public' (T_PUBLIC), expecting identifier (T_STRING) or '{' in /wordpress/wp-content/plugins/easy-booking-calendar/includes/plugin.php on line 6","log":"/logs/plugins/e/elastic-theme-editor/error.json"}
,
{"message":"Function _load_textdomain_just_in_time was called <strong>incorrectly</strong>. Translation loading for the <code>woocommerce</code> domain was triggered too early. This is usually an indicator for some code in the plugin or theme running too early. Translations should be loaded at the <code>init</code> action or later. Please see <a href=\"https://developer.wordpress.org/advanced-administration/debug/debug-wordpress/\">Debugging in WordPress</a> for more information. (This message was added in version 6.7.0.) in /wordpress/wp-includes/functions.php on line 6121","level":"NOTICE","type":"PHP","test":"ast-sqlite-boot","plugin":"elastic-theme-editor","details":"[20-May-2025 23:29:22 UTC] PHP Notice:  Function _load_textdomain_just_in_time was called <strong>incorrectly</strong>. Translation loading for the <code>woocommerce</code> domain was triggered too early. This is usually an indicator for some code in the plugin or theme running too early. Translations should be loaded at the <code>init</code> action or later. Please see <a href=\"https://developer.wordpress.org/advanced-administration/debug/debug-wordpress/\">Debugging in WordPress</a> for more information. (This message was added in version 6.7.0.) in /wordpress/wp-includes/functions.php on line 6121","log":"/logs/plugins/e/elastic-theme-editor/error.json"}
,
{"message":"Function _load_textdomain_just_in_time was called <strong>incorrectly</strong>. Translation loading for the <code>woocommerce</code> domain was triggered too early. This is usually an indicator for some code in the plugin or theme running too early. Translations should be loaded at the <code>init</code> action or later. Please see <a href=\"https://developer.wordpress.org/advanced-administration/debug/debug-wordpress/\">Debugging in WordPress</a> for more information. (This message was added in version 6.7.0.) in /wordpress/wp-includes/functions.php on line 6121","level":"NOTICE","type":"PHP","test":"ast-sqlite-boot","plugin":"elastic-theme-editor","details":"[20-May-2025 23:29:57 UTC] PHP Notice:  Function _load_textdomain_just_in_time was called <strong>incorrectly</strong>. Translation loading for the <code>woocommerce</code> domain was triggered too early. This is usually an indicator for some code in the plugin or theme running too early. Translations should be loaded at the <code>init</code> action or later. Please see <a href=\"https://developer.wordpress.org/advanced-administration/debug/debug-wordpress/\">Debugging in WordPress</a> for more information. (This message was added in version 6.7.0.) in /wordpress/wp-includes/functions.php on line 6121","log":"/logs/plugins/e/elastic-theme-editor/error.json"}
,
{"message":"syntax error, unexpected 'Public' (T_PUBLIC), expecting identifier (T_STRING) or '{' in /wordpress/wp-content/plugins/easy-booking-calendar/includes/plugin.php on line 6","level":"PARSE","type":"PHP","test":"ast-sqlite-boot","plugin":"elastic-theme-editor","details":"[20-May-2025 23:30:05 UTC] PHP Parse error:  syntax error, unexpected 'Public' (T_PUBLIC), expecting identifier (T_STRING) or '{' in /wordpress/wp-content/plugins/easy-booking-calendar/includes/plugin.php on line 6","log":"/logs/plugins/e/elastic-theme-editor/error.json"}
,
{"message":"Function _load_textdomain_just_in_time was called <strong>incorrectly</strong>. Translation loading for the <code>woocommerce</code> domain was triggered too early. This is usually an indicator for some code in the plugin or theme running too early. Translations should be loaded at the <code>init</code> action or later. Please see <a href=\"https://developer.wordpress.org/advanced-administration/debug/debug-wordpress/\">Debugging in WordPress</a> for more information. (This message was added in version 6.7.0.) in /wordpress/wp-includes/functions.php on line 6121","level":"NOTICE","type":"PHP","test":"ast-sqlite-boot","plugin":"elastic-theme-editor","details":"[20-May-2025 23:30:05 UTC] PHP Notice:  Function _load_textdomain_just_in_time was called <strong>incorrectly</strong>. Translation loading for the <code>woocommerce</code> domain was triggered too early. This is usually an indicator for some code in the plugin or theme running too early. Translations should be loaded at the <code>init</code> action or later. Please see <a href=\"https://developer.wordpress.org/advanced-administration/debug/debug-wordpress/\">Debugging in WordPress</a> for more information. (This message was added in version 6.7.0.) in /wordpress/wp-includes/functions.php on line 6121","log":"/logs/plugins/e/elastic-theme-editor/error.json"}
,
{"message":"Function _load_textdomain_just_in_time was called <strong>incorrectly</strong>. Translation loading for the <code>woocommerce</code> domain was triggered too early. This is usually an indicator for some code in the plugin or theme running too early. Translations should be loaded at the <code>init</code> action or later. Please see <a href=\"https://developer.wordpress.org/advanced-administration/debug/debug-wordpress/\">Debugging in WordPress</a> for more information. (This message was added in version 6.7.0.) in /wordpress/wp-includes/functions.php on line 6121","level":"NOTICE","type":"PHP","test":"ast-sqlite-boot","plugin":"elastic-theme-editor","details":"[20-May-2025 23:30:41 UTC] PHP Notice:  Function _load_textdomain_just_in_time was called <strong>incorrectly</strong>. Translation loading for the <code>woocommerce</code> domain was triggered too early. This is usually an indicator for some code in the plugin or theme running too early. Translations should be loaded at the <code>init</code> action or later. Please see <a href=\"https://developer.wordpress.org/advanced-administration/debug/debug-wordpress/\">Debugging in WordPress</a> for more information. (This message was added in version 6.7.0.) in /wordpress/wp-includes/functions.php on line 6121","log":"/logs/plugins/e/elastic-theme-editor/error.json"}
,
{"message":"syntax error, unexpected 'Public' (T_PUBLIC), expecting identifier (T_STRING) or '{' in /wordpress/wp-content/plugins/easy-booking-calendar/includes/plugin.php on line 6","level":"PARSE","type":"PHP","test":"ast-sqlite-boot","plugin":"elastic-theme-editor","details":"[20-May-2025 23:30:48 UTC] PHP Parse error:  syntax error, unexpected 'Public' (T_PUBLIC), expecting identifier (T_STRING) or '{' in /wordpress/wp-content/plugins/easy-booking-calendar/includes/plugin.php on line 6","log":"/logs/plugins/e/elastic-theme-editor/error.json"}
,
{"message":"Function _load_textdomain_just_in_time was called <strong>incorrectly</strong>. Translation loading for the <code>woocommerce</code> domain was triggered too early. This is usually an indicator for some code in the plugin or theme running too early. Translations should be loaded at the <code>init</code> action or later. Please see <a href=\"https://developer.wordpress.org/advanced-administration/debug/debug-wordpress/\">Debugging in WordPress</a> for more information. (This message was added in version 6.7.0.) in /wordpress/wp-includes/functions.php on line 6121","level":"NOTICE","type":"PHP","test":"ast-sqlite-boot","plugin":"elastic-theme-editor","details":"[20-May-2025 23:30:48 UTC] PHP Notice:  Function _load_textdomain_just_in_time was called <strong>incorrectly</strong>. Translation loading for the <code>woocommerce</code> domain was triggered too early. This is usually an indicator for some code in the plugin or theme running too early. Translations should be loaded at the <code>init</code> action or later. Please see <a href=\"https://developer.wordpress.org/advanced-administration/debug/debug-wordpress/\">Debugging in WordPress</a> for more information. (This message was added in version 6.7.0.) in /wordpress/wp-includes/functions.php on line 6121","log":"/logs/plugins/e/elastic-theme-editor/error.json"}
,
{"message":"Uncaught Error: Call to a member function saveReport() on null in /wordpress/wp-content/plugins/ecs-theme-development-tools/ecs-theme-developer-tools.php:105","level":"FATAL","type":"PHP","test":"ast-sqlite-boot","plugin":"elastic-theme-editor","details":"[20-May-2025 23:31:52 UTC] PHP Fatal error:  Uncaught Error: Call to a member function saveReport() on null in /wordpress/wp-content/plugins/ecs-theme-development-tools/ecs-theme-developer-tools.php:105\nStack trace:\n#0 /wordpress/wp-includes/class-wp-hook.php(324): ECS\\TDT\\saveReports('')\n#1 /wordpress/wp-includes/class-wp-hook.php(348): WP_Hook->apply_filters(NULL, Array)\n#2 /wordpress/wp-includes/plugin.php(517): WP_Hook->do_action(Array)\n#3 /wordpress/wp-includes/load.php(1304): do_action('shutdown')\n#4 [internal function]: shutdown_action_hook()\n#5 {main}\n  thrown in /wordpress/wp-content/plugins/ecs-theme-development-tools/ecs-theme-developer-tools.php on line 105","log":"/logs/plugins/e/elastic-theme-editor/error.json"}
,
{"message":"Uncaught Error: Call to a member function saveReport() on null in /wordpress/wp-content/plugins/ecs-theme-development-tools/ecs-theme-developer-tools.php:105","level":"FATAL","type":"PHP","test":"ast-sqlite-boot","plugin":"elastic-theme-editor","details":"[20-May-2025 23:32:02 UTC] PHP Fatal error:  Uncaught Error: Call to a member function saveReport() on null in /wordpress/wp-content/plugins/ecs-theme-development-tools/ecs-theme-developer-tools.php:105\nStack trace:\n#0 /wordpress/wp-includes/class-wp-hook.php(324): ECS\\TDT\\saveReports('')\n#1 /wordpress/wp-includes/class-wp-hook.php(348): WP_Hook->apply_filters(NULL, Array)\n#2 /wordpress/wp-includes/plugin.php(517): WP_Hook->do_action(Array)\n#3 /wordpress/wp-includes/load.php(1304): do_action('shutdown')\n#4 [internal function]: shutdown_action_hook()\n#5 {main}\n  thrown in /wordpress/wp-content/plugins/ecs-theme-development-tools/ecs-theme-developer-tools.php on line 105","log":"/logs/plugins/e/elastic-theme-editor/error.json"}
,
{"message":"Uncaught Error: Call to a member function saveReport() on null in /wordpress/wp-content/plugins/ecs-theme-development-tools/ecs-theme-developer-tools.php:105","level":"FATAL","type":"PHP","test":"ast-sqlite-boot","plugin":"elastic-theme-editor","details":"[20-May-2025 23:32:10 UTC] PHP Fatal error:  Uncaught Error: Call to a member function saveReport() on null in /wordpress/wp-content/plugins/ecs-theme-development-tools/ecs-theme-developer-tools.php:105\nStack trace:\n#0 /wordpress/wp-includes/class-wp-hook.php(324): ECS\\TDT\\saveReports('')\n#1 /wordpress/wp-includes/class-wp-hook.php(348): WP_Hook->apply_filters(NULL, Array)\n#2 /wordpress/wp-includes/plugin.php(517): WP_Hook->do_action(Array)\n#3 /wordpress/wp-includes/load.php(1304): do_action('shutdown')\n#4 [internal function]: shutdown_action_hook()\n#5 {main}\n  thrown in /wordpress/wp-content/plugins/ecs-theme-development-tools/ecs-theme-developer-tools.php on line 105","log":"/logs/plugins/e/elastic-theme-editor/error.json"}
,
{"message":"Undefined offset: 2 in /internal/shared/sqlite-database-integration/wp-includes/parser/class-wp-parser.php on line 55","level":"NOTICE","type":"PHP","test":"ast-sqlite-boot","plugin":"elastic-theme-editor","details":"[20-May-2025 23:32:46 UTC] PHP Notice:  Undefined offset: 2 in /internal/shared/sqlite-database-integration/wp-includes/parser/class-wp-parser.php on line 55","log":"/logs/plugins/e/elastic-theme-editor/error.json"}
,
{"message":"Trying to get property 'id' of non-object in /internal/shared/sqlite-database-integration/wp-includes/parser/class-wp-parser.php on line 55","level":"NOTICE","type":"PHP","test":"ast-sqlite-boot","plugin":"elastic-theme-editor","details":"[20-May-2025 23:32:46 UTC] PHP Notice:  Trying to get property 'id' of non-object in /internal/shared/sqlite-database-integration/wp-includes/parser/class-wp-parser.php on line 55","log":"/logs/plugins/e/elastic-theme-editor/error.json"}
,
{"message":"Undefined offset: 2 in /internal/shared/sqlite-database-integration/wp-includes/parser/class-wp-parser.php on line 55","level":"NOTICE","type":"PHP","test":"ast-sqlite-boot","plugin":"elastic-theme-editor","details":"[20-May-2025 23:32:46 UTC] PHP Notice:  Undefined offset: 2 in /internal/shared/sqlite-database-integration/wp-includes/parser/class-wp-parser.php on line 55","log":"/logs/plugins/e/elastic-theme-editor/error.json"}
,
{"message":"Trying to get property 'id' of non-object in /internal/shared/sqlite-database-integration/wp-includes/parser/class-wp-parser.php on line 55","level":"NOTICE","type":"PHP","test":"ast-sqlite-boot","plugin":"elastic-theme-editor","details":"[20-May-2025 23:32:46 UTC] PHP Notice:  Trying to get property 'id' of non-object in /internal/shared/sqlite-database-integration/wp-includes/parser/class-wp-parser.php on line 55","log":"/logs/plugins/e/elastic-theme-editor/error.json"}
,
{"message":"Uncaught TypeError: call_user_func_array(): Argument #1 ($callback) must be a valid callback, non-static method HubPages_Widget::register() cannot be called statically in /wordpress/wp-includes/class-wp-hook.php:324","level":"FATAL","type":"PHP","test":"ast-sqlite-boot","plugin":"elastic-theme-editor","details":"[20-May-2025 23:35:01 UTC] PHP Fatal error:  Uncaught TypeError: call_user_func_array(): Argument #1 ($callback) must be a valid callback, non-static method HubPages_Widget::register() cannot be called statically in /wordpress/wp-includes/class-wp-hook.php:324\nStack trace:\n#0 /wordpress/wp-includes/class-wp-hook.php(348): WP_Hook->apply_filters(NULL, Array)\n#1 /wordpress/wp-includes/plugin.php(517): WP_Hook->do_action(Array)\n#2 /wordpress/wp-includes/widgets.php(1870): do_action('widgets_init')\n#3 /wordpress/wp-includes/class-wp-hook.php(324): wp_widgets_init('')\n#4 /wordpress/wp-includes/class-wp-hook.php(348): WP_Hook->apply_filters(NULL, Array)\n#5 /wordpress/wp-includes/plugin.php(517): WP_Hook->do_action(Array)\n#6 /wordpress/wp-settings.php(727): do_action('init')\n#7 /wordpress/wp-config.php(102): require_once('/wordpress/wp-s...')\n#8 /wordpress/wp-load.php(50): require_once('/wordpress/wp-c...')\n#9 /internal/eval.php(3): require_once('/wordpress/wp-l...')\n#10 {main}\n  thrown in /wordpress/wp-includes/class-wp-hook.php on line 324","log":"/logs/plugins/e/elastic-theme-editor/error.json"}
,
{"message":"Uncaught TypeError: call_user_func_array(): Argument #1 ($callback) must be a valid callback, non-static method HubPages_Widget::register() cannot be called statically in /wordpress/wp-includes/class-wp-hook.php:324","level":"FATAL","type":"PHP","test":"ast-sqlite-boot","plugin":"elastic-theme-editor","details":"[20-May-2025 23:35:09 UTC] PHP Fatal error:  Uncaught TypeError: call_user_func_array(): Argument #1 ($callback) must be a valid callback, non-static method HubPages_Widget::register() cannot be called statically in /wordpress/wp-includes/class-wp-hook.php:324\nStack trace:\n#0 /wordpress/wp-includes/class-wp-hook.php(348): WP_Hook->apply_filters(NULL, Array)\n#1 /wordpress/wp-includes/plugin.php(517): WP_Hook->do_action(Array)\n#2 /wordpress/wp-includes/widgets.php(1870): do_action('widgets_init')\n#3 /wordpress/wp-includes/class-wp-hook.php(324): wp_widgets_init('')\n#4 /wordpress/wp-includes/class-wp-hook.php(348): WP_Hook->apply_filters(NULL, Array)\n#5 /wordpress/wp-includes/plugin.php(517): WP_Hook->do_action(Array)\n#6 /wordpress/wp-settings.php(727): do_action('init')\n#7 /wordpress/wp-config.php(102): require_once('/wordpress/wp-s...')\n#8 /wordpress/wp-load.php(50): require_once('/wordpress/wp-c...')\n#9 /internal/eval.php(3): require_once('/wordpress/wp-l...')\n#10 {main}\n  thrown in /wordpress/wp-includes/class-wp-hook.php on line 324","log":"/logs/plugins/e/elastic-theme-editor/error.json"}
,
{"message":"Uncaught TypeError: call_user_func_array(): Argument #1 ($callback) must be a valid callback, non-static method HubPages_Widget::register() cannot be called statically in /wordpress/wp-includes/class-wp-hook.php:324","level":"FATAL","type":"PHP","test":"ast-sqlite-boot","plugin":"elastic-theme-editor","details":"[20-May-2025 23:35:18 UTC] PHP Fatal error:  Uncaught TypeError: call_user_func_array(): Argument #1 ($callback) must be a valid callback, non-static method HubPages_Widget::register() cannot be called statically in /wordpress/wp-includes/class-wp-hook.php:324\nStack trace:\n#0 /wordpress/wp-includes/class-wp-hook.php(348): WP_Hook->apply_filters(NULL, Array)\n#1 /wordpress/wp-includes/plugin.php(517): WP_Hook->do_action(Array)\n#2 /wordpress/wp-includes/widgets.php(1870): do_action('widgets_init')\n#3 /wordpress/wp-includes/class-wp-hook.php(324): wp_widgets_init('')\n#4 /wordpress/wp-includes/class-wp-hook.php(348): WP_Hook->apply_filters(NULL, Array)\n#5 /wordpress/wp-includes/plugin.php(517): WP_Hook->do_action(Array)\n#6 /wordpress/wp-settings.php(727): do_action('init')\n#7 /wordpress/wp-config.php(102): require_once('/wordpress/wp-s...')\n#8 /wordpress/wp-load.php(50): require_once('/wordpress/wp-c...')\n#9 /internal/eval.php(3): require_once('/wordpress/wp-l...')\n#10 {main}\n  thrown in /wordpress/wp-includes/class-wp-hook.php on line 324","log":"/logs/plugins/e/elastic-theme-editor/error.json"}
,
{"message":"Uncaught Error: Non-static method Elastic_Editor::init() cannot be called statically in /wordpress/wp-content/plugins/elastic-theme-editor/index.php:37","level":"FATAL","type":"PHP","test":"ast-sqlite-boot","plugin":"elastic-theme-editor","details":"[20-May-2025 23:37:10 UTC] PHP Fatal error:  Uncaught Error: Non-static method Elastic_Editor::init() cannot be called statically in /wordpress/wp-content/plugins/elastic-theme-editor/index.php:37\nStack trace:\n#0 /wordpress/wp-admin/includes/plugin.php(2387): include_once()\n#1 /wordpress/wp-admin/includes/plugin.php(673): plugin_sandbox_scrape('elastic-theme-e...')\n#2 /internal/eval.php(20): activate_plugin('elastic-theme-e...')\n#3 {main}\n  thrown in /wordpress/wp-content/plugins/elastic-theme-editor/index.php on line 37\n\n    at Object.onBind (file:///home/runner/work/playground-tester/playground-tester/node_modules/@wp-playground/cli/index.js:237:15)\n    at process.processTicksAndRejections (node:internal/process/task_queues:105:5)\n    at async V (file:///home/runner/work/playground-tester/playground-tester/node_modules/@wp-playground/cli/index.js:64:10)\n    at async ja (file:///home/runner/work/playground-tester/playground-tester/node_modules/@wp-playground/cli/cli.js:8161:12) {\n  [cause]: Error: Error when executing the blueprint step #5 ({\"step\":\"installPlugin\",\"pluginData\":{\"resource\":\"wordpress.org/plugins\",\"slug\":\"elastic-theme-editor\"},\"options\":{\"activate\":true}}) : PHP.run() failed with exit code 255 and the following output: \n      at Object.run (file:///home/runner/work/playground-tester/playground-tester/node_modules/@wp-playground/blueprints/index.js:12449:19)\n      at process.processTicksAndRejections (node:internal/process/task_queues:105:5)\n      at async ms (file:///home/runner/work/playground-tester/playground-tester/node_modules/@wp-playground/blueprints/index.js:12552:3)\n      ... 2 lines matching cause stack trace ...\n      at async ja (file:///home/runner/work/playground-tester/playground-tester/node_modules/@wp-playground/cli/cli.js:8161:12) {\n    [cause]: PHPExecutionFailureError: PHP.run() failed with exit code 255 and the following output: \n        at PHP.run (file:///home/runner/work/playground-tester/playground-tester/node_modules/@php-wasm/universal/index.js:987:19)\n        at process.processTicksAndRejections (node:internal/process/task_queues:105:5)\n        at async wr (file:///home/runner/work/playground-tester/playground-tester/node_modules/@wp-playground/blueprints/index.js:33:39)\n        at async Object.gt [as installPlugin] (file:///home/runner/work/playground-tester/playground-tester/node_modules/@wp-playground/blueprints/index.js:974:42)\n        at async g (file:///home/runner/work/playground-tester/playground-tester/node_modules/@wp-playground/blueprints/index.js:12517:30)\n        at async Object.run (file:///home/runner/work/playground-tester/playground-tester/node_modules/@wp-playground/blueprints/index.js:12446:23)\n        at async ms (file:///home/runner/work/playground-tester/playground-tester/node_modules/@wp-playground/blueprints/index.js:12552:3)\n        at async Object.onBind (file:///home/runner/work/playground-tester/playground-tester/node_modules/@wp-playground/cli/index.js:227:48)\n        at async V (file:///home/runner/work/playground-tester/playground-tester/node_modules/@wp-playground/cli/index.js:64:10)\n        at async ja (file:///home/runner/work/playground-tester/playground-tester/node_modules/@wp-playground/cli/cli.js:8161:12) {\n      response: PHPResponse {\n        httpStatusCode: 500,\n        headers: {\n          'x-powered-by': [ 'PHP/8.0.30-dev' ],\n          'content-type': [ 'text/html; charset=UTF-8' ]\n        },\n        bytes: Uint8Array(0) [],\n        exitCode: 255,\n        errors: ''\n      },\n      source: 'request'\n    }\n  }\n}\n\n","log":"/logs/plugins/e/elastic-theme-editor/error.json"}
]
