file:///home/runner/work/playground-tester/playground-tester/node_modules/@wp-playground/cli/index.js:237
        throw new Error(y, { cause: u });
              ^

Error: [09-May-2025 23:25:59 UTC] PHP Warning:  Undefined variable $plugin_name in /wordpress/wp-content/plugins/eshop-order-emailer/eordem.php on line 107
[09-May-2025 23:25:59 UTC] PHP Warning:  Undefined variable $plugin_name in /wordpress/wp-content/plugins/eshop-order-emailer/eordem.php on line 108
[09-May-2025 23:25:59 UTC] PHP Warning:  Undefined array key "page" in /wordpress/wp-content/plugins/eshop-order-emailer/lib/pwsController-1.0-class.php on line 15
[09-May-2025 23:25:59 UTC] PHP Warning:  Undefined array key 1 in /wordpress/wp-content/plugins/eshop-order-emailer/lib/pwsController-1.0-class.php on line 15
[09-May-2025 23:25:59 UTC] PHP Warning:  Undefined array key 2 in /wordpress/wp-content/plugins/eshop-order-emailer/lib/pwsController-1.0-class.php on line 15
[09-May-2025 23:25:59 UTC] PHP Warning:  Undefined array key "page" in /wordpress/wp-content/plugins/eshop-order-emailer/lib/pwsController-1.0-class.php on line 15
[09-May-2025 23:25:59 UTC] PHP Warning:  Undefined array key 1 in /wordpress/wp-content/plugins/eshop-order-emailer/lib/pwsController-1.0-class.php on line 15
[09-May-2025 23:25:59 UTC] PHP Warning:  Undefined array key 2 in /wordpress/wp-content/plugins/eshop-order-emailer/lib/pwsController-1.0-class.php on line 15
[09-May-2025 23:25:59 UTC] PHP Warning:  Undefined variable $interval in /wordpress/wp-content/plugins/eshop-order-emailer/lib/pwsPlugin-1.0-class.php on line 145
[09-May-2025 23:25:59 UTC] PHP Warning:  Undefined variable $before_options in /wordpress/wp-content/plugins/eshop-order-emailer/eordem.php on line 173
[09-May-2025 23:25:59 UTC] PHP Warning:  Undefined variable $new_field_options in /wordpress/wp-content/plugins/eshop-order-emailer/eordem.php on line 173
[09-May-2025 23:25:59 UTC] PHP Warning:  Undefined variable $after_options in /wordpress/wp-content/plugins/eshop-order-emailer/eordem.php on line 173
[09-May-2025 23:25:59 UTC] PHP Fatal error:  Uncaught TypeError: array_merge(): Argument #1 must be of type array, null given in /wordpress/wp-content/plugins/eshop-order-emailer/eordem.php:173
Stack trace:
#0 /wordpress/wp-content/plugins/eshop-order-emailer/eordem.php(173): array_merge(NULL, NULL, NULL)
#1 /wordpress/wp-content/plugins/eshop-order-emailer/eordem.php(139): eordem->convertOldOptions()
#2 /wordpress/wp-content/plugins/eshop-order-emailer/lib/pwsPlugin-1.0-class.php(191): eordem->activate()
#3 /wordpress/wp-includes/class-wp-hook.php(324): pwsPlugin_1_0->activation(false)
#4 /wordpress/wp-includes/class-wp-hook.php(348): WP_Hook->apply_filters('', Array)
#5 /wordpress/wp-includes/plugin.php(517): WP_Hook->do_action(Array)
#6 /wordpress/wp-admin/includes/plugin.php(703): do_action('activate_eshop-...', false)
#7 /internal/eval.php(20): activate_plugin('eshop-order-ema...')
#8 {main}
  thrown in /wordpress/wp-content/plugins/eshop-order-emailer/eordem.php on line 173
[09-May-2025 23:26:07 UTC] PHP Warning:  Undefined variable $plugin_name in /wordpress/wp-content/plugins/eshop-order-emailer/eordem.php on line 107
[09-May-2025 23:26:07 UTC] PHP Warning:  Undefined variable $plugin_name in /wordpress/wp-content/plugins/eshop-order-emailer/eordem.php on line 108
[09-May-2025 23:26:07 UTC] PHP Warning:  Undefined array key "page" in /wordpress/wp-content/plugins/eshop-order-emailer/lib/pwsController-1.0-class.php on line 15
[09-May-2025 23:26:07 UTC] PHP Warning:  Undefined array key 1 in /wordpress/wp-content/plugins/eshop-order-emailer/lib/pwsController-1.0-class.php on line 15
[09-May-2025 23:26:07 UTC] PHP Warning:  Undefined array key 2 in /wordpress/wp-content/plugins/eshop-order-emailer/lib/pwsController-1.0-class.php on line 15
[09-May-2025 23:26:07 UTC] PHP Warning:  Undefined array key "page" in /wordpress/wp-content/plugins/eshop-order-emailer/lib/pwsController-1.0-class.php on line 15
[09-May-2025 23:26:07 UTC] PHP Warning:  Undefined array key 1 in /wordpress/wp-content/plugins/eshop-order-emailer/lib/pwsController-1.0-class.php on line 15
[09-May-2025 23:26:07 UTC] PHP Warning:  Undefined array key 2 in /wordpress/wp-content/plugins/eshop-order-emailer/lib/pwsController-1.0-class.php on line 15
[09-May-2025 23:26:07 UTC] PHP Warning:  Undefined variable $interval in /wordpress/wp-content/plugins/eshop-order-emailer/lib/pwsPlugin-1.0-class.php on line 145
[09-May-2025 23:26:07 UTC] PHP Warning:  Undefined variable $before_options in /wordpress/wp-content/plugins/eshop-order-emailer/eordem.php on line 173
[09-May-2025 23:26:07 UTC] PHP Warning:  Undefined variable $new_field_options in /wordpress/wp-content/plugins/eshop-order-emailer/eordem.php on line 173
[09-May-2025 23:26:07 UTC] PHP Warning:  Undefined variable $after_options in /wordpress/wp-content/plugins/eshop-order-emailer/eordem.php on line 173
[09-May-2025 23:26:07 UTC] PHP Fatal error:  Uncaught TypeError: array_merge(): Argument #1 must be of type array, null given in /wordpress/wp-content/plugins/eshop-order-emailer/eordem.php:173
Stack trace:
#0 /wordpress/wp-content/plugins/eshop-order-emailer/eordem.php(173): array_merge(NULL, NULL, NULL)
#1 /wordpress/wp-content/plugins/eshop-order-emailer/eordem.php(139): eordem->convertOldOptions()
#2 /wordpress/wp-content/plugins/eshop-order-emailer/lib/pwsPlugin-1.0-class.php(191): eordem->activate()
#3 /wordpress/wp-includes/class-wp-hook.php(324): pwsPlugin_1_0->activation(false)
#4 /wordpress/wp-includes/class-wp-hook.php(348): WP_Hook->apply_filters('', Array)
#5 /wordpress/wp-includes/plugin.php(517): WP_Hook->do_action(Array)
#6 /wordpress/wp-admin/includes/plugin.php(703): do_action('activate_eshop-...', false)
#7 /internal/eval.php(20): activate_plugin('eshop-order-ema...')
#8 {main}
  thrown in /wordpress/wp-content/plugins/eshop-order-emailer/eordem.php on line 173
[09-May-2025 23:26:15 UTC] PHP Warning:  Undefined variable $plugin_name in /wordpress/wp-content/plugins/eshop-order-emailer/eordem.php on line 107
[09-May-2025 23:26:15 UTC] PHP Warning:  Undefined variable $plugin_name in /wordpress/wp-content/plugins/eshop-order-emailer/eordem.php on line 108
[09-May-2025 23:26:15 UTC] PHP Warning:  Undefined array key "page" in /wordpress/wp-content/plugins/eshop-order-emailer/lib/pwsController-1.0-class.php on line 15
[09-May-2025 23:26:15 UTC] PHP Warning:  Undefined array key 1 in /wordpress/wp-content/plugins/eshop-order-emailer/lib/pwsController-1.0-class.php on line 15
[09-May-2025 23:26:15 UTC] PHP Warning:  Undefined array key 2 in /wordpress/wp-content/plugins/eshop-order-emailer/lib/pwsController-1.0-class.php on line 15
[09-May-2025 23:26:15 UTC] PHP Warning:  Undefined array key "page" in /wordpress/wp-content/plugins/eshop-order-emailer/lib/pwsController-1.0-class.php on line 15
[09-May-2025 23:26:15 UTC] PHP Warning:  Undefined array key 1 in /wordpress/wp-content/plugins/eshop-order-emailer/lib/pwsController-1.0-class.php on line 15
[09-May-2025 23:26:15 UTC] PHP Warning:  Undefined array key 2 in /wordpress/wp-content/plugins/eshop-order-emailer/lib/pwsController-1.0-class.php on line 15
[09-May-2025 23:26:15 UTC] PHP Warning:  Undefined variable $interval in /wordpress/wp-content/plugins/eshop-order-emailer/lib/pwsPlugin-1.0-class.php on line 145
[09-May-2025 23:26:15 UTC] PHP Warning:  Undefined variable $before_options in /wordpress/wp-content/plugins/eshop-order-emailer/eordem.php on line 173
[09-May-2025 23:26:15 UTC] PHP Warning:  Undefined variable $new_field_options in /wordpress/wp-content/plugins/eshop-order-emailer/eordem.php on line 173
[09-May-2025 23:26:15 UTC] PHP Warning:  Undefined variable $after_options in /wordpress/wp-content/plugins/eshop-order-emailer/eordem.php on line 173
[09-May-2025 23:26:15 UTC] PHP Fatal error:  Uncaught TypeError: array_merge(): Argument #1 must be of type array, null given in /wordpress/wp-content/plugins/eshop-order-emailer/eordem.php:173
Stack trace:
#0 /wordpress/wp-content/plugins/eshop-order-emailer/eordem.php(173): array_merge(NULL, NULL, NULL)
#1 /wordpress/wp-content/plugins/eshop-order-emailer/eordem.php(139): eordem->convertOldOptions()
#2 /wordpress/wp-content/plugins/eshop-order-emailer/lib/pwsPlugin-1.0-class.php(191): eordem->activate()
#3 /wordpress/wp-includes/class-wp-hook.php(324): pwsPlugin_1_0->activation(false)
#4 /wordpress/wp-includes/class-wp-hook.php(348): WP_Hook->apply_filters('', Array)
#5 /wordpress/wp-includes/plugin.php(517): WP_Hook->do_action(Array)
#6 /wordpress/wp-admin/includes/plugin.php(703): do_action('activate_eshop-...', false)
#7 /internal/eval.php(20): activate_plugin('eshop-order-ema...')
#8 {main}
  thrown in /wordpress/wp-content/plugins/eshop-order-emailer/eordem.php on line 173
[09-May-2025 23:26:52 UTC] PHP Fatal error:  Uncaught Error: Undefined constant "clsWPEvernote" in /wordpress/wp-content/plugins/evernote-sitememory/wp-evernote.php:121
Stack trace:
#0 /wordpress/wp-admin/includes/plugin.php(2387): include_once()
#1 /wordpress/wp-admin/includes/plugin.php(673): plugin_sandbox_scrape('evernote-siteme...')
#2 /internal/eval.php(20): activate_plugin('evernote-siteme...')
#3 {main}
  thrown in /wordpress/wp-content/plugins/evernote-sitememory/wp-evernote.php on line 121
[09-May-2025 23:27:00 UTC] PHP Fatal error:  Uncaught Error: Undefined constant "clsWPEvernote" in /wordpress/wp-content/plugins/evernote-sitememory/wp-evernote.php:121
Stack trace:
#0 /wordpress/wp-admin/includes/plugin.php(2387): include_once()
#1 /wordpress/wp-admin/includes/plugin.php(673): plugin_sandbox_scrape('evernote-siteme...')
#2 /internal/eval.php(20): activate_plugin('evernote-siteme...')
#3 {main}
  thrown in /wordpress/wp-content/plugins/evernote-sitememory/wp-evernote.php on line 121
[09-May-2025 23:27:08 UTC] PHP Fatal error:  Uncaught Error: Undefined constant "clsWPEvernote" in /wordpress/wp-content/plugins/evernote-sitememory/wp-evernote.php:121
Stack trace:
#0 /wordpress/wp-admin/includes/plugin.php(2387): include_once()
#1 /wordpress/wp-admin/includes/plugin.php(673): plugin_sandbox_scrape('evernote-siteme...')
#2 /internal/eval.php(20): activate_plugin('evernote-siteme...')
#3 {main}
  thrown in /wordpress/wp-content/plugins/evernote-sitememory/wp-evernote.php on line 121
[09-May-2025 23:27:45 UTC] PHP Warning:  Undefined array key "page" in /wordpress/wp-content/plugins/easy-admin-notification/easy-admin-notification.php on line 34
[09-May-2025 23:27:46 UTC] PHP Warning:  Undefined array key "page" in /wordpress/wp-content/plugins/easy-admin-notification/easy-admin-notification.php on line 34
[09-May-2025 23:27:54 UTC] PHP Warning:  Undefined array key "page" in /wordpress/wp-content/plugins/easy-admin-notification/easy-admin-notification.php on line 34
[09-May-2025 23:27:55 UTC] PHP Warning:  Undefined array key "page" in /wordpress/wp-content/plugins/easy-admin-notification/easy-admin-notification.php on line 34
[09-May-2025 23:28:03 UTC] PHP Warning:  Undefined array key "page" in /wordpress/wp-content/plugins/easy-admin-notification/easy-admin-notification.php on line 34
[09-May-2025 23:28:04 UTC] PHP Warning:  Undefined array key "page" in /wordpress/wp-content/plugins/easy-admin-notification/easy-admin-notification.php on line 34
[09-May-2025 23:29:08 UTC] PHP Fatal error:  Uncaught Error: Call to undefined function create_function() in /wordpress/wp-content/plugins/elite-members/admin/em-widgets.php:168
Stack trace:
#0 /wordpress/wp-content/plugins/elite-members/elite-members.php(17): include()
#1 /wordpress/wp-admin/includes/plugin.php(2387): include_once('/wordpress/wp-c...')
#2 /wordpress/wp-admin/includes/plugin.php(673): plugin_sandbox_scrape('elite-members/e...')
#3 /internal/eval.php(20): activate_plugin('elite-members/e...')
#4 {main}
  thrown in /wordpress/wp-content/plugins/elite-members/admin/em-widgets.php on line 168
[09-May-2025 23:29:17 UTC] PHP Fatal error:  Uncaught Error: Call to undefined function create_function() in /wordpress/wp-content/plugins/elite-members/admin/em-widgets.php:168
Stack trace:
#0 /wordpress/wp-content/plugins/elite-members/elite-members.php(17): include()
#1 /wordpress/wp-admin/includes/plugin.php(2387): include_once('/wordpress/wp-c...')
#2 /wordpress/wp-admin/includes/plugin.php(673): plugin_sandbox_scrape('elite-members/e...')
#3 /internal/eval.php(20): activate_plugin('elite-members/e...')
#4 {main}
  thrown in /wordpress/wp-content/plugins/elite-members/admin/em-widgets.php on line 168
[09-May-2025 23:29:25 UTC] PHP Fatal error:  Uncaught Error: Call to undefined function create_function() in /wordpress/wp-content/plugins/elite-members/admin/em-widgets.php:168
Stack trace:
#0 /wordpress/wp-content/plugins/elite-members/elite-members.php(17): include()
#1 /wordpress/wp-admin/includes/plugin.php(2387): include_once('/wordpress/wp-c...')
#2 /wordpress/wp-admin/includes/plugin.php(673): plugin_sandbox_scrape('elite-members/e...')
#3 /internal/eval.php(20): activate_plugin('elite-members/e...')
#4 {main}
  thrown in /wordpress/wp-content/plugins/elite-members/admin/em-widgets.php on line 168
[09-May-2025 23:29:33 UTC] PHP Fatal error:  Uncaught Error: Undefined constant "__wDir__" in /wordpress/wp-content/plugins/elsa-grabber/ring/load.php:4
Stack trace:
#0 /wordpress/wp-content/plugins/elsa-grabber/elsa-grabber.php(10): require_once()
#1 /wordpress/wp-admin/includes/plugin.php(2387): include_once('/wordpress/wp-c...')
#2 /wordpress/wp-admin/includes/plugin.php(673): plugin_sandbox_scrape('elsa-grabber/el...')
#3 /internal/eval.php(20): activate_plugin('elsa-grabber/el...')
#4 {main}
  thrown in /wordpress/wp-content/plugins/elsa-grabber/ring/load.php on line 4
[09-May-2025 23:29:42 UTC] PHP Fatal error:  Uncaught Error: Undefined constant "__wDir__" in /wordpress/wp-content/plugins/elsa-grabber/ring/load.php:4
Stack trace:
#0 /wordpress/wp-content/plugins/elsa-grabber/elsa-grabber.php(10): require_once()
#1 /wordpress/wp-admin/includes/plugin.php(2387): include_once('/wordpress/wp-c...')
#2 /wordpress/wp-admin/includes/plugin.php(673): plugin_sandbox_scrape('elsa-grabber/el...')
#3 /internal/eval.php(20): activate_plugin('elsa-grabber/el...')
#4 {main}
  thrown in /wordpress/wp-content/plugins/elsa-grabber/ring/load.php on line 4
[09-May-2025 23:29:50 UTC] PHP Fatal error:  Uncaught Error: Undefined constant "__wDir__" in /wordpress/wp-content/plugins/elsa-grabber/ring/load.php:4
Stack trace:
#0 /wordpress/wp-content/plugins/elsa-grabber/elsa-grabber.php(10): require_once()
#1 /wordpress/wp-admin/includes/plugin.php(2387): include_once('/wordpress/wp-c...')
#2 /wordpress/wp-admin/includes/plugin.php(673): plugin_sandbox_scrape('elsa-grabber/el...')
#3 /internal/eval.php(20): activate_plugin('elsa-grabber/el...')
#4 {main}
  thrown in /wordpress/wp-content/plugins/elsa-grabber/ring/load.php on line 4
[09-May-2025 23:33:36 UTC] PHP Notice:  Function _load_textdomain_just_in_time was called <strong>incorrectly</strong>. Translation loading for the <code>email-to-download</code> domain was triggered too early. This is usually an indicator for some code in the plugin or theme running too early. Translations should be loaded at the <code>init</code> action or later. Please see <a href="https://developer.wordpress.org/advanced-administration/debug/debug-wordpress/">Debugging in WordPress</a> for more information. (This message was added in version 6.7.0.) in /wordpress/wp-includes/functions.php on line 6121
[09-May-2025 23:33:45 UTC] PHP Notice:  Function _load_textdomain_just_in_time was called <strong>incorrectly</strong>. Translation loading for the <code>email-to-download</code> domain was triggered too early. This is usually an indicator for some code in the plugin or theme running too early. Translations should be loaded at the <code>init</code> action or later. Please see <a href="https://developer.wordpress.org/advanced-administration/debug/debug-wordpress/">Debugging in WordPress</a> for more information. (This message was added in version 6.7.0.) in /wordpress/wp-includes/functions.php on line 6121
[09-May-2025 23:33:53 UTC] PHP Notice:  Function _load_textdomain_just_in_time was called <strong>incorrectly</strong>. Translation loading for the <code>email-to-download</code> domain was triggered too early. This is usually an indicator for some code in the plugin or theme running too early. Translations should be loaded at the <code>init</code> action or later. Please see <a href="https://developer.wordpress.org/advanced-administration/debug/debug-wordpress/">Debugging in WordPress</a> for more information. (This message was added in version 6.7.0.) in /wordpress/wp-includes/functions.php on line 6121
[09-May-2025 23:34:57 UTC] PHP Warning:  Undefined array key "page" in /wordpress/wp-content/plugins/embedder/emb-admin.php on line 27
[09-May-2025 23:34:57 UTC] WordPress database error <div style="clear:both">&nbsp;</div>
<div class="queries" style="clear:both;margin-bottom:2px;border:red dotted thin;">
<p>MySQL query:</p>
<p>ALTER TABLE wp_emb_embeds ADD emgroup VARCHAR(64) AFTER embed</p>
<p>Queries made or created this session were:</p>
<ol>
<li>Executing: BEGIN | (no parameters)</li>
<li>Executing: SELECT 1 FROM sqlite_temp_schema WHERE type = 'table' AND name = ? | parameters: wp_emb_embeds</li>
<li>Executing: SELECT COLUMN_NAME FROM `_wp_sqlite_mysql_information_schema_columns` WHERE table_schema = ? AND table_name = ? | parameters: database_name_here, wp_emb_embeds</li>
<li>Executing: SELECT 1 FROM sqlite_temp_schema WHERE type = 'table' AND name = ? | parameters: wp_emb_embeds</li>
<li>Executing: 
				SELECT MAX(ordinal_position)
				FROM `_wp_sqlite_mysql_information_schema_columns`
				WHERE table_schema = ?
				AND table_name = ?
			 | parameters: database_name_here, wp_emb_embeds</li>
<li>Executing: INSERT INTO `_wp_sqlite_mysql_information_schema_columns` (`table_schema`, `table_name`, `column_name`, `ordinal_position`, `column_default`, `is_nullable`, `data_type`, `character_maximum_length`, `character_octet_length`, `numeric_precision`, `numeric_scale`, `datetime_precision`, `character_set_name`, `collation_name`, `column_type`, `column_key`, `extra`, `privileges`, `column_comment`, `generation_expression`, `srs_id`) VALUES (?, ?, ?, ?, ?, ?, ?, ?, ?, ?, ?, ?, ?, ?, ?, ?, ?, ?, ?, ?, ?) | parameters: database_name_here, wp_emb_embeds, emgroup, 7, , YES, varchar, 64, 256, , , , utf8mb4, utf8mb4_general_ci, varchar(64), , , select,insert,update,references, , , </li>
<li>Executing: PRAGMA foreign_keys | (no parameters)</li>
<li>Executing: PRAGMA foreign_keys = OFF | (no parameters)</li>
<li>Executing: 
				SELECT *
				FROM `_wp_sqlite_mysql_information_schema_tables`
				WHERE table_type = 'BASE TABLE'
				AND table_schema = ?
				AND table_name = ?
			 | parameters: database_name_here, wp_emb_embeds</li>
<li>Executing: SELECT * FROM `_wp_sqlite_mysql_information_schema_columns` WHERE table_schema = ? AND table_name = ? ORDER BY ordinal_position | parameters: database_name_here, wp_emb_embeds</li>
<li>Executing: 
					SELECT *
					FROM `_wp_sqlite_mysql_information_schema_statistics`
					WHERE table_schema = ?
					AND table_name = ?
					ORDER BY
						INDEX_NAME = 'PRIMARY' DESC,
						NON_UNIQUE = '0' DESC,
						INDEX_TYPE = 'SPATIAL' DESC,
						INDEX_TYPE = 'BTREE' DESC,
						INDEX_TYPE = 'FULLTEXT' DESC,
						ROWID,
						SEQ_IN_INDEX
				 | parameters: database_name_here, wp_emb_embeds</li>
<li>Executing: CREATE TABLE `_wp_sqlite_tmp_wp_emb_embeds_681e91213c0f0` (
  `embed` TEXT COLLATE NOCASE NOT NULL,
  `emgroup` TEXT COLLATE NOCASE,
  `description` TEXT COLLATE NOCASE,
  `value` TEXT COLLATE NOCASE,
  `options` TEXT COLLATE NOCASE,
  `data` TEXT COLLATE NOCASE,
  `emgroup` TEXT COLLATE NOCASE,
  PRIMARY KEY (`embed`)
) STRICT | (no parameters)</li>
<li>Executing: ROLLBACK | (no parameters)</li>
</ol>
</div>
<div style="clear:both;margin-bottom:2px;border:red dotted thin;" class="error_message" style="border-bottom:dotted blue thin;">
SQLSTATE[HY000]: General error: 1 duplicate column name: emgroup
</div>
<p>Backtrace:</p>
<pre>#0 /internal/shared/sqlite-database-integration/wp-includes/sqlite-ast/class-wp-sqlite-driver.php(683): WP_SQLite_Driver->new_driver_exception('SQLSTATE[HY000]...', 'HY000', Object(PDOException))
#1 /internal/shared/sqlite-database-integration/wp-includes/sqlite/class-wp-sqlite-db.php(491): WP_SQLite_Driver->query('ALTER TABLE wp_...')
#2 /internal/shared/sqlite-database-integration/wp-includes/sqlite/class-wp-sqlite-db.php(432): WP_SQLite_DB->_do_query('ALTER TABLE wp_...')
#3 /wordpress/wp-content/plugins/embedder/emb-admin.php(120): WP_SQLite_DB->query('ALTER TABLE wp_...')
#4 /wordpress/wp-includes/class-wp-hook.php(324): emb_plugin_activate(false)
#5 /wordpress/wp-includes/class-wp-hook.php(348): WP_Hook->apply_filters('', Array)
#6 /wordpress/wp-includes/plugin.php(517): WP_Hook->do_action(Array)
#7 /wordpress/wp-admin/includes/plugin.php(703): do_action('activate_embedd...', false)
#8 /internal/eval.php(20): activate_plugin('embedder/emb-ma...')
#9 {main}</pre>
 for query ALTER TABLE wp_emb_embeds ADD emgroup VARCHAR(64) AFTER embed made by activate_plugin, do_action('activate_embedder/emb-main.php'), WP_Hook->do_action, WP_Hook->apply_filters, emb_plugin_activate, WP_SQLite_DB->query, WP_SQLite_DB->print_error
[09-May-2025 23:34:58 UTC] PHP Deprecated:  Required parameter $name follows optional parameter $attrs in /wordpress/wp-content/plugins/embedder/emb-embed.php on line 324
[09-May-2025 23:34:58 UTC] PHP Deprecated:  Required parameter $name follows optional parameter $attrs in /wordpress/wp-content/plugins/embedder/emb-embed.php on line 333
[09-May-2025 23:34:58 UTC] PHP Deprecated:  Required parameter $name follows optional parameter $attrs in /wordpress/wp-content/plugins/embedder/emb-embed.php on line 340
[09-May-2025 23:35:05 UTC] PHP Warning:  Undefined array key "page" in /wordpress/wp-content/plugins/embedder/emb-admin.php on line 27
[09-May-2025 23:35:06 UTC] WordPress database error <div style="clear:both">&nbsp;</div>
<div class="queries" style="clear:both;margin-bottom:2px;border:red dotted thin;">
<p>MySQL query:</p>
<p>SHOW COLUMNS IN wp_emb_embeds LIKE 'embed'</p>
<p>Queries made or created this session were:</p>
<ol>
<li>Executing: BEGIN | (no parameters)</li>
<li>Executing: ROLLBACK | (no parameters)</li>
</ol>
</div>
<div style="clear:both;margin-bottom:2px;border:red dotted thin;" class="error_message" style="border-bottom:dotted blue thin;">
Error occurred at line 4117 in Function <code>handle_error</code>. Error message was: Unknown show type: COLUMNS IN.
</div>
<p>Backtrace:</p>
<pre>#0 /internal/shared/sqlite-database-integration/wp-includes/sqlite/class-wp-sqlite-db.php(287): WP_SQLite_Translator->get_error_message()
#1 /wordpress/wp-includes/class-wpdb.php(3146): WP_SQLite_DB->query('SHOW COLUMNS IN...')
#2 /wordpress/wp-content/plugins/embedder/emb-admin.php(112): wpdb->get_results('SHOW COLUMNS IN...')
#3 /wordpress/wp-includes/class-wp-hook.php(324): emb_plugin_activate(false)
#4 /wordpress/wp-includes/class-wp-hook.php(348): WP_Hook->apply_filters('', Array)
#5 /wordpress/wp-includes/plugin.php(517): WP_Hook->do_action(Array)
#6 /wordpress/wp-admin/includes/plugin.php(703): do_action('activate_embedd...', false)
#7 /internal/eval.php(20): activate_plugin('embedder/emb-ma...')
#8 {main}</pre>
 for query SHOW COLUMNS IN wp_emb_embeds LIKE 'embed' made by activate_plugin, do_action('activate_embedder/emb-main.php'), WP_Hook->do_action, WP_Hook->apply_filters, emb_plugin_activate, WP_SQLite_DB->query, WP_SQLite_DB->print_error
[09-May-2025 23:35:06 UTC] WordPress database error <div style="clear:both">&nbsp;</div>
<div class="queries" style="clear:both;margin-bottom:2px;border:red dotted thin;">
<p>MySQL query:</p>
<p>SHOW COLUMNS IN wp_emb_embeds LIKE 'emgroup'</p>
<p>Queries made or created this session were:</p>
<ol>
<li>Executing: BEGIN | (no parameters)</li>
<li>Executing: ROLLBACK | (no parameters)</li>
</ol>
</div>
<div style="clear:both;margin-bottom:2px;border:red dotted thin;" class="error_message" style="border-bottom:dotted blue thin;">
Error occurred at line 4117 in Function <code>handle_error</code>. Error message was: Unknown show type: COLUMNS IN.
</div>
<p>Backtrace:</p>
<pre>#0 /internal/shared/sqlite-database-integration/wp-includes/sqlite/class-wp-sqlite-db.php(287): WP_SQLite_Translator->get_error_message()
#1 /wordpress/wp-includes/class-wpdb.php(3146): WP_SQLite_DB->query('SHOW COLUMNS IN...')
#2 /wordpress/wp-content/plugins/embedder/emb-admin.php(118): wpdb->get_results('SHOW COLUMNS IN...')
#3 /wordpress/wp-includes/class-wp-hook.php(324): emb_plugin_activate(false)
#4 /wordpress/wp-includes/class-wp-hook.php(348): WP_Hook->apply_filters('', Array)
#5 /wordpress/wp-includes/plugin.php(517): WP_Hook->do_action(Array)
#6 /wordpress/wp-admin/includes/plugin.php(703): do_action('activate_embedd...', false)
#7 /internal/eval.php(20): activate_plugin('embedder/emb-ma...')
#8 {main}</pre>
 for query SHOW COLUMNS IN wp_emb_embeds LIKE 'emgroup' made by activate_plugin, do_action('activate_embedder/emb-main.php'), WP_Hook->do_action, WP_Hook->apply_filters, emb_plugin_activate, WP_SQLite_DB->query, WP_SQLite_DB->print_error
[09-May-2025 23:35:06 UTC] WordPress database error <div style="clear:both">&nbsp;</div>
<div class="queries" style="clear:both;margin-bottom:2px;border:red dotted thin;">
<p>MySQL query:</p>
<p>ALTER TABLE wp_emb_embeds ADD emgroup VARCHAR(64) AFTER embed</p>
<p>Queries made or created this session were:</p>
<ol>
<li>Executing: BEGIN | (no parameters)</li>
<li>Executing: INSERT INTO _mysql_data_types_cache (`table`, `column_or_index`, `mysql_type`)
				VALUES (:table, :column, :datatype)
				ON CONFLICT(`table`, `column_or_index`) DO UPDATE SET `mysql_type` = :datatype
			 | parameters: wp_emb_embeds, EMGROUP, varchar(64)</li>
<li>Executing: ALTER TABLE wp_emb_embeds ADD emgroup text   | (no parameters)</li>
<li>Executing: ROLLBACK | (no parameters)</li>
</ol>
</div>
<div style="clear:both;margin-bottom:2px;border:red dotted thin;" class="error_message" style="border-bottom:dotted blue thin;">
Error occurred at line 4117 in Function <code>handle_error</code>. Error message was: SQLSTATE[HY000]: General error: 1 duplicate column name: emgroup.
</div>
<p>Backtrace:</p>
<pre>#0 /internal/shared/sqlite-database-integration/wp-includes/sqlite/class-wp-sqlite-db.php(287): WP_SQLite_Translator->get_error_message()
#1 /wordpress/wp-content/plugins/embedder/emb-admin.php(120): WP_SQLite_DB->query('ALTER TABLE wp_...')
#2 /wordpress/wp-includes/class-wp-hook.php(324): emb_plugin_activate(false)
#3 /wordpress/wp-includes/class-wp-hook.php(348): WP_Hook->apply_filters('', Array)
#4 /wordpress/wp-includes/plugin.php(517): WP_Hook->do_action(Array)
#5 /wordpress/wp-admin/includes/plugin.php(703): do_action('activate_embedd...', false)
#6 /internal/eval.php(20): activate_plugin('embedder/emb-ma...')
#7 {main}</pre>
 for query ALTER TABLE wp_emb_embeds ADD emgroup VARCHAR(64) AFTER embed made by activate_plugin, do_action('activate_embedder/emb-main.php'), WP_Hook->do_action, WP_Hook->apply_filters, emb_plugin_activate, WP_SQLite_DB->query, WP_SQLite_DB->print_error
[09-May-2025 23:35:06 UTC] WordPress database error <div style="clear:both">&nbsp;</div>
<div class="queries" style="clear:both;margin-bottom:2px;border:red dotted thin;">
<p>MySQL query:</p>
<p>ALTER TABLE wp_emb_embeds CONVERT TO CHARACTER SET utf8</p>
<p>Queries made or created this session were:</p>
<ol>
<li>Executing: BEGIN | (no parameters)</li>
<li>Executing: ROLLBACK | (no parameters)</li>
</ol>
</div>
<div style="clear:both;margin-bottom:2px;border:red dotted thin;" class="error_message" style="border-bottom:dotted blue thin;">
Error occurred at line 4117 in Function <code>handle_error</code>. Error message was: Unknown operation: CONVERT.
</div>
<p>Backtrace:</p>
<pre>#0 /internal/shared/sqlite-database-integration/wp-includes/sqlite/class-wp-sqlite-db.php(287): WP_SQLite_Translator->get_error_message()
#1 /wordpress/wp-content/plugins/embedder/emb-admin.php(125): WP_SQLite_DB->query('ALTER TABLE wp_...')
#2 /wordpress/wp-includes/class-wp-hook.php(324): emb_plugin_activate(false)
#3 /wordpress/wp-includes/class-wp-hook.php(348): WP_Hook->apply_filters('', Array)
#4 /wordpress/wp-includes/plugin.php(517): WP_Hook->do_action(Array)
#5 /wordpress/wp-admin/includes/plugin.php(703): do_action('activate_embedd...', false)
#6 /internal/eval.php(20): activate_plugin('embedder/emb-ma...')
#7 {main}</pre>
 for query ALTER TABLE wp_emb_embeds CONVERT TO CHARACTER SET utf8 made by activate_plugin, do_action('activate_embedder/emb-main.php'), WP_Hook->do_action, WP_Hook->apply_filters, emb_plugin_activate, WP_SQLite_DB->query, WP_SQLite_DB->print_error
[09-May-2025 23:35:07 UTC] PHP Deprecated:  Required parameter $name follows optional parameter $attrs in /wordpress/wp-content/plugins/embedder/emb-embed.php on line 324
[09-May-2025 23:35:07 UTC] PHP Deprecated:  Required parameter $name follows optional parameter $attrs in /wordpress/wp-content/plugins/embedder/emb-embed.php on line 333
[09-May-2025 23:35:07 UTC] PHP Deprecated:  Required parameter $name follows optional parameter $attrs in /wordpress/wp-content/plugins/embedder/emb-embed.php on line 340
[09-May-2025 23:35:14 UTC] PHP Warning:  Undefined array key "page" in /wordpress/wp-content/plugins/embedder/emb-admin.php on line 27
[09-May-2025 23:35:15 UTC] WordPress database error <div style="clear:both">&nbsp;</div>
<div class="queries" style="clear:both;margin-bottom:2px;border:red dotted thin;">
<p>MySQL query:</p>
<p>SHOW COLUMNS IN wp_emb_embeds LIKE 'embed'</p>
<p>Queries made or created this session were:</p>
<ol>
<li>Executing: BEGIN | (no parameters)</li>
<li>Executing: ROLLBACK | (no parameters)</li>
</ol>
</div>
<div style="clear:both;margin-bottom:2px;border:red dotted thin;" class="error_message" style="border-bottom:dotted blue thin;">
Error occurred at line 4117 in Function <code>handle_error</code>. Error message was: Unknown show type: COLUMNS IN.
</div>
<p>Backtrace:</p>
<pre>#0 /internal/shared/sqlite-database-integration/wp-includes/sqlite/class-wp-sqlite-db.php(287): WP_SQLite_Translator->get_error_message()
#1 /wordpress/wp-includes/class-wpdb.php(3146): WP_SQLite_DB->query('SHOW COLUMNS IN...')
#2 /wordpress/wp-content/plugins/embedder/emb-admin.php(112): wpdb->get_results('SHOW COLUMNS IN...')
#3 /wordpress/wp-includes/class-wp-hook.php(324): emb_plugin_activate(false)
#4 /wordpress/wp-includes/class-wp-hook.php(348): WP_Hook->apply_filters('', Array)
#5 /wordpress/wp-includes/plugin.php(517): WP_Hook->do_action(Array)
#6 /wordpress/wp-admin/includes/plugin.php(703): do_action('activate_embedd...', false)
#7 /internal/eval.php(20): activate_plugin('embedder/emb-ma...')
#8 {main}</pre>
 for query SHOW COLUMNS IN wp_emb_embeds LIKE 'embed' made by activate_plugin, do_action('activate_embedder/emb-main.php'), WP_Hook->do_action, WP_Hook->apply_filters, emb_plugin_activate, WP_SQLite_DB->query, WP_SQLite_DB->print_error
[09-May-2025 23:35:15 UTC] WordPress database error <div style="clear:both">&nbsp;</div>
<div class="queries" style="clear:both;margin-bottom:2px;border:red dotted thin;">
<p>MySQL query:</p>
<p>SHOW COLUMNS IN wp_emb_embeds LIKE 'emgroup'</p>
<p>Queries made or created this session were:</p>
<ol>
<li>Executing: BEGIN | (no parameters)</li>
<li>Executing: ROLLBACK | (no parameters)</li>
</ol>
</div>
<div style="clear:both;margin-bottom:2px;border:red dotted thin;" class="error_message" style="border-bottom:dotted blue thin;">
Error occurred at line 4117 in Function <code>handle_error</code>. Error message was: Unknown show type: COLUMNS IN.
</div>
<p>Backtrace:</p>
<pre>#0 /internal/shared/sqlite-database-integration/wp-includes/sqlite/class-wp-sqlite-db.php(287): WP_SQLite_Translator->get_error_message()
#1 /wordpress/wp-includes/class-wpdb.php(3146): WP_SQLite_DB->query('SHOW COLUMNS IN...')
#2 /wordpress/wp-content/plugins/embedder/emb-admin.php(118): wpdb->get_results('SHOW COLUMNS IN...')
#3 /wordpress/wp-includes/class-wp-hook.php(324): emb_plugin_activate(false)
#4 /wordpress/wp-includes/class-wp-hook.php(348): WP_Hook->apply_filters('', Array)
#5 /wordpress/wp-includes/plugin.php(517): WP_Hook->do_action(Array)
#6 /wordpress/wp-admin/includes/plugin.php(703): do_action('activate_embedd...', false)
#7 /internal/eval.php(20): activate_plugin('embedder/emb-ma...')
#8 {main}</pre>
 for query SHOW COLUMNS IN wp_emb_embeds LIKE 'emgroup' made by activate_plugin, do_action('activate_embedder/emb-main.php'), WP_Hook->do_action, WP_Hook->apply_filters, emb_plugin_activate, WP_SQLite_DB->query, WP_SQLite_DB->print_error
[09-May-2025 23:35:15 UTC] WordPress database error <div style="clear:both">&nbsp;</div>
<div class="queries" style="clear:both;margin-bottom:2px;border:red dotted thin;">
<p>MySQL query:</p>
<p>ALTER TABLE wp_emb_embeds ADD emgroup VARCHAR(64) AFTER embed</p>
<p>Queries made or created this session were:</p>
<ol>
<li>Executing: BEGIN | (no parameters)</li>
<li>Executing: INSERT INTO _mysql_data_types_cache (`table`, `column_or_index`, `mysql_type`)
				VALUES (:table, :column, :datatype)
				ON CONFLICT(`table`, `column_or_index`) DO UPDATE SET `mysql_type` = :datatype
			 | parameters: wp_emb_embeds, EMGROUP, varchar(64)</li>
<li>Executing: ALTER TABLE wp_emb_embeds ADD emgroup text   | (no parameters)</li>
<li>Executing: ROLLBACK | (no parameters)</li>
</ol>
</div>
<div style="clear:both;margin-bottom:2px;border:red dotted thin;" class="error_message" style="border-bottom:dotted blue thin;">
Error occurred at line 4117 in Function <code>handle_error</code>. Error message was: SQLSTATE[HY000]: General error: 1 duplicate column name: emgroup.
</div>
<p>Backtrace:</p>
<pre>#0 /internal/shared/sqlite-database-integration/wp-includes/sqlite/class-wp-sqlite-db.php(287): WP_SQLite_Translator->get_error_message()
#1 /wordpress/wp-content/plugins/embedder/emb-admin.php(120): WP_SQLite_DB->query('ALTER TABLE wp_...')
#2 /wordpress/wp-includes/class-wp-hook.php(324): emb_plugin_activate(false)
#3 /wordpress/wp-includes/class-wp-hook.php(348): WP_Hook->apply_filters('', Array)
#4 /wordpress/wp-includes/plugin.php(517): WP_Hook->do_action(Array)
#5 /wordpress/wp-admin/includes/plugin.php(703): do_action('activate_embedd...', false)
#6 /internal/eval.php(20): activate_plugin('embedder/emb-ma...')
#7 {main}</pre>
 for query ALTER TABLE wp_emb_embeds ADD emgroup VARCHAR(64) AFTER embed made by activate_plugin, do_action('activate_embedder/emb-main.php'), WP_Hook->do_action, WP_Hook->apply_filters, emb_plugin_activate, WP_SQLite_DB->query, WP_SQLite_DB->print_error
[09-May-2025 23:35:15 UTC] WordPress database error <div style="clear:both">&nbsp;</div>
<div class="queries" style="clear:both;margin-bottom:2px;border:red dotted thin;">
<p>MySQL query:</p>
<p>ALTER TABLE wp_emb_embeds CONVERT TO CHARACTER SET utf8</p>
<p>Queries made or created this session were:</p>
<ol>
<li>Executing: BEGIN | (no parameters)</li>
<li>Executing: ROLLBACK | (no parameters)</li>
</ol>
</div>
<div style="clear:both;margin-bottom:2px;border:red dotted thin;" class="error_message" style="border-bottom:dotted blue thin;">
Error occurred at line 4117 in Function <code>handle_error</code>. Error message was: Unknown operation: CONVERT.
</div>
<p>Backtrace:</p>
<pre>#0 /internal/shared/sqlite-database-integration/wp-includes/sqlite/class-wp-sqlite-db.php(287): WP_SQLite_Translator->get_error_message()
#1 /wordpress/wp-content/plugins/embedder/emb-admin.php(125): WP_SQLite_DB->query('ALTER TABLE wp_...')
#2 /wordpress/wp-includes/class-wp-hook.php(324): emb_plugin_activate(false)
#3 /wordpress/wp-includes/class-wp-hook.php(348): WP_Hook->apply_filters('', Array)
#4 /wordpress/wp-includes/plugin.php(517): WP_Hook->do_action(Array)
#5 /wordpress/wp-admin/includes/plugin.php(703): do_action('activate_embedd...', false)
#6 /internal/eval.php(20): activate_plugin('embedder/emb-ma...')
#7 {main}</pre>
 for query ALTER TABLE wp_emb_embeds CONVERT TO CHARACTER SET utf8 made by activate_plugin, do_action('activate_embedder/emb-main.php'), WP_Hook->do_action, WP_Hook->apply_filters, emb_plugin_activate, WP_SQLite_DB->query, WP_SQLite_DB->print_error
[09-May-2025 23:35:15 UTC] PHP Deprecated:  Required parameter $name follows optional parameter $attrs in /wordpress/wp-content/plugins/embedder/emb-embed.php on line 324
[09-May-2025 23:35:15 UTC] PHP Deprecated:  Required parameter $name follows optional parameter $attrs in /wordpress/wp-content/plugins/embedder/emb-embed.php on line 333
[09-May-2025 23:35:15 UTC] PHP Deprecated:  Required parameter $name follows optional parameter $attrs in /wordpress/wp-content/plugins/embedder/emb-embed.php on line 340
[09-May-2025 23:35:24 UTC] PHP Fatal error:  Uncaught TypeError: call_user_func_array(): Argument #1 ($callback) must be a valid callback, non-static method Empire_avenue::activate() cannot be called statically in /wordpress/wp-includes/class-wp-hook.php:324
Stack trace:
#0 /wordpress/wp-includes/class-wp-hook.php(348): WP_Hook->apply_filters('', Array)
#1 /wordpress/wp-includes/plugin.php(517): WP_Hook->do_action(Array)
#2 /wordpress/wp-admin/includes/plugin.php(703): do_action('activate_empire...', false)
#3 /internal/eval.php(20): activate_plugin('empire-avenue-b...')
#4 {main}
  thrown in /wordpress/wp-includes/class-wp-hook.php on line 324
[09-May-2025 23:35:32 UTC] PHP Fatal error:  Uncaught TypeError: call_user_func_array(): Argument #1 ($callback) must be a valid callback, non-static method Empire_avenue::activate() cannot be called statically in /wordpress/wp-includes/class-wp-hook.php:324
Stack trace:
#0 /wordpress/wp-includes/class-wp-hook.php(348): WP_Hook->apply_filters('', Array)
#1 /wordpress/wp-includes/plugin.php(517): WP_Hook->do_action(Array)
#2 /wordpress/wp-admin/includes/plugin.php(703): do_action('activate_empire...', false)
#3 /internal/eval.php(20): activate_plugin('empire-avenue-b...')
#4 {main}
  thrown in /wordpress/wp-includes/class-wp-hook.php on line 324
[09-May-2025 23:35:41 UTC] PHP Fatal error:  Uncaught TypeError: call_user_func_array(): Argument #1 ($callback) must be a valid callback, non-static method Empire_avenue::activate() cannot be called statically in /wordpress/wp-includes/class-wp-hook.php:324
Stack trace:
#0 /wordpress/wp-includes/class-wp-hook.php(348): WP_Hook->apply_filters('', Array)
#1 /wordpress/wp-includes/plugin.php(517): WP_Hook->do_action(Array)
#2 /wordpress/wp-admin/includes/plugin.php(703): do_action('activate_empire...', false)
#3 /internal/eval.php(20): activate_plugin('empire-avenue-b...')
#4 {main}
  thrown in /wordpress/wp-includes/class-wp-hook.php on line 324
[09-May-2025 23:36:19 UTC] EWZ: creating/updating tables 
[09-May-2025 23:36:19 UTC] EWZ: Array
(
    [wp_ewz_layout] => Created table wp_ewz_layout
)

[09-May-2025 23:36:19 UTC] EWZ: Array
(
    [wp_ewz_field] => Created table wp_ewz_field
)

[09-May-2025 23:36:19 UTC] EWZ: Array
(
    [wp_ewz_webform] => Created table wp_ewz_webform
)

[09-May-2025 23:36:19 UTC] EWZ: Array
(
    [wp_ewz_item] => Created table wp_ewz_item
)

[09-May-2025 23:36:30 UTC] EWZ: creating/updating tables 
[09-May-2025 23:36:30 UTC] EWZ: Array
(
    [wp_ewz_layout] => Created table wp_ewz_layout
)

[09-May-2025 23:36:30 UTC] EWZ: Array
(
    [wp_ewz_field] => Created table wp_ewz_field
)

[09-May-2025 23:36:30 UTC] EWZ: Array
(
    [wp_ewz_webform] => Created table wp_ewz_webform
)

[09-May-2025 23:36:30 UTC] EWZ: Array
(
    [wp_ewz_item] => Created table wp_ewz_item
)

[09-May-2025 23:36:30 UTC] WordPress database error <div style="clear:both">&nbsp;</div>
<div class="queries" style="clear:both;margin-bottom:2px;border:red dotted thin;">
<p>MySQL query:</p>
<p>ALTER TABLE wp_ewz_layout AUTO_INCREMENT=33;</p>
<p>Queries made or created this session were:</p>
<ol>
<li>Executing: BEGIN | (no parameters)</li>
<li>Executing: ROLLBACK | (no parameters)</li>
</ol>
</div>
<div style="clear:both;margin-bottom:2px;border:red dotted thin;" class="error_message" style="border-bottom:dotted blue thin;">
Error occurred at line 4117 in Function <code>handle_error</code>. Error message was: Unknown operation: AUTO_INCREMENT.
</div>
<p>Backtrace:</p>
<pre>#0 /internal/shared/sqlite-database-integration/wp-includes/sqlite/class-wp-sqlite-db.php(287): WP_SQLite_Translator->get_error_message()
#1 /wordpress/wp-content/plugins/entrywizard/classes/ewz-setup.php(83): WP_SQLite_DB->query('ALTER TABLE wp_...')
#2 /wordpress/wp-includes/class-wp-hook.php(324): Ewz_Setup::activate_or_install_ewz(false)
#3 /wordpress/wp-includes/class-wp-hook.php(348): WP_Hook->apply_filters('', Array)
#4 /wordpress/wp-includes/plugin.php(517): WP_Hook->do_action(Array)
#5 /wordpress/wp-admin/includes/plugin.php(703): do_action('activate_entryw...', false)
#6 /internal/eval.php(20): activate_plugin('entrywizard/ent...')
#7 {main}</pre>
 for query ALTER TABLE wp_ewz_layout AUTO_INCREMENT=33; made by activate_plugin, do_action('activate_entrywizard/entrywizard.php'), WP_Hook->do_action, WP_Hook->apply_filters, Ewz_Setup::activate_or_install_ewz, WP_SQLite_DB->query, WP_SQLite_DB->print_error
[09-May-2025 23:36:30 UTC] EWZ: DB Error <div style="clear:both">&nbsp;</div>
<div class="queries" style="clear:both;margin-bottom:2px;border:red dotted thin;">
<p>MySQL query:</p>
<p>ALTER TABLE wp_ewz_layout AUTO_INCREMENT=33;</p>
<p>Queries made or created this session were:</p>
<ol>
<li>Executing: BEGIN | (no parameters)</li>
<li>Executing: ROLLBACK | (no parameters)</li>
</ol>
</div>
<div style="clear:both;margin-bottom:2px;border:red dotted thin;" class="error_message" style="border-bottom:dotted blue thin;">
Error occurred at line 4117 in Function <code>handle_error</code>. Error message was: Unknown operation: AUTO_INCREMENT.
</div>
<p>Backtrace:</p>
<pre>#0 /internal/shared/sqlite-database-integration/wp-includes/sqlite/class-wp-sqlite-db.php(287): WP_SQLite_Translator->get_error_message()
#1 /wordpress/wp-content/plugins/entrywizard/classes/ewz-setup.php(83): WP_SQLite_DB->query('ALTER TABLE wp_...')
#2 /wordpress/wp-includes/class-wp-hook.php(324): Ewz_Setup::activate_or_install_ewz(false)
#3 /wordpress/wp-includes/class-wp-hook.php(348): WP_Hook->apply_filters('', Array)
#4 /wordpress/wp-includes/plugin.php(517): WP_Hook->do_action(Array)
#5 /wordpress/wp-admin/includes/plugin.php(703): do_action('activate_entryw...', false)
#6 /internal/eval.php(20): activate_plugin('entrywizard/ent...')
#7 {main}</pre>
 ;; # {user 1}~{ classes/ewz-setup.php, line 84 }~
[09-May-2025 23:36:30 UTC] PHP Fatal error:  Uncaught EWZ_Exception: *** EntryWizard ERROR *** DB Error &nbsp;

MySQL query:
ALTER TABLE wp_ewz_layout AUTO_INCREMENT=33;
Queries made or created this session were:

Executing: BEGIN | (no parameters)
Executing: ROLLBACK | (no parameters)



Error occurred at line 4117 in Function handle_error. Error message was: Unknown operation: AUTO_INCREMENT.

Backtrace:
#0 /internal/shared/sqlite-database-integration/wp-includes/sqlite/class-wp-sqlite-db.php(287): WP_SQLite_Translator-&gt;get_error_message()
#1 /wordpress/wp-content/plugins/entrywizard/classes/ewz-setup.php(83): WP_SQLite_DB-&gt;query('ALTER TABLE wp_...')
#2 /wordpress/wp-includes/class-wp-hook.php(324): Ewz_Setup::activate_or_install_ewz(false)
#3 /wordpress/wp-includes/class-wp-hook.php(348): WP_Hook-&gt;apply_filters('', Array)
#4 /wordpress/wp-includes/plugin.php(517): WP_Hook-&gt;do_action(Array)
#5 /wordpress/wp-admin/includes/plugin.php(703): do_action('activate_entryw...', false)
#6 /internal/eval.php(20): activate_plugin('entrywizard/ent...')
#7 {main}
 in /wordpress/wp-content/plugins/entrywizard/classes/ewz-setup.php:84
Stack trace:
#0 /wordpress/wp-includes/class-wp-hook.php(324): Ewz_Setup::activate_or_install_ewz(false)
#1 /wordpress/wp-includes/class-wp-hook.php(348): WP_Hook->apply_filters('', Array)
#2 /wordpress/wp-includes/plugin.php(517): WP_Hook->do_action(Array)
#3 /wordpress/wp-admin/includes/plugin.php(703): do_action('activate_entryw...', false)
#4 /internal/eval.php(20): activate_plugin('entrywizard/ent...')
#5 {main}
  thrown in /wordpress/wp-content/plugins/entrywizard/classes/ewz-setup.php on line 84
[09-May-2025 23:36:38 UTC] EWZ: creating/updating tables 
[09-May-2025 23:36:39 UTC] EWZ: Array
(
    [wp_ewz_layout] => Created table wp_ewz_layout
)

[09-May-2025 23:36:39 UTC] EWZ: Array
(
    [wp_ewz_field] => Created table wp_ewz_field
)

[09-May-2025 23:36:39 UTC] EWZ: Array
(
    [wp_ewz_webform] => Created table wp_ewz_webform
)

[09-May-2025 23:36:39 UTC] EWZ: Array
(
    [wp_ewz_item] => Created table wp_ewz_item
)

[09-May-2025 23:36:39 UTC] WordPress database error <div style="clear:both">&nbsp;</div>
<div class="queries" style="clear:both;margin-bottom:2px;border:red dotted thin;">
<p>MySQL query:</p>
<p>ALTER TABLE wp_ewz_layout AUTO_INCREMENT=33;</p>
<p>Queries made or created this session were:</p>
<ol>
<li>Executing: BEGIN | (no parameters)</li>
<li>Executing: ROLLBACK | (no parameters)</li>
</ol>
</div>
<div style="clear:both;margin-bottom:2px;border:red dotted thin;" class="error_message" style="border-bottom:dotted blue thin;">
Error occurred at line 4117 in Function <code>handle_error</code>. Error message was: Unknown operation: AUTO_INCREMENT.
</div>
<p>Backtrace:</p>
<pre>#0 /internal/shared/sqlite-database-integration/wp-includes/sqlite/class-wp-sqlite-db.php(287): WP_SQLite_Translator->get_error_message()
#1 /wordpress/wp-content/plugins/entrywizard/classes/ewz-setup.php(83): WP_SQLite_DB->query('ALTER TABLE wp_...')
#2 /wordpress/wp-includes/class-wp-hook.php(324): Ewz_Setup::activate_or_install_ewz(false)
#3 /wordpress/wp-includes/class-wp-hook.php(348): WP_Hook->apply_filters('', Array)
#4 /wordpress/wp-includes/plugin.php(517): WP_Hook->do_action(Array)
#5 /wordpress/wp-admin/includes/plugin.php(703): do_action('activate_entryw...', false)
#6 /internal/eval.php(20): activate_plugin('entrywizard/ent...')
#7 {main}</pre>
 for query ALTER TABLE wp_ewz_layout AUTO_INCREMENT=33; made by activate_plugin, do_action('activate_entrywizard/entrywizard.php'), WP_Hook->do_action, WP_Hook->apply_filters, Ewz_Setup::activate_or_install_ewz, WP_SQLite_DB->query, WP_SQLite_DB->print_error
[09-May-2025 23:36:39 UTC] EWZ: DB Error <div style="clear:both">&nbsp;</div>
<div class="queries" style="clear:both;margin-bottom:2px;border:red dotted thin;">
<p>MySQL query:</p>
<p>ALTER TABLE wp_ewz_layout AUTO_INCREMENT=33;</p>
<p>Queries made or created this session were:</p>
<ol>
<li>Executing: BEGIN | (no parameters)</li>
<li>Executing: ROLLBACK | (no parameters)</li>
</ol>
</div>
<div style="clear:both;margin-bottom:2px;border:red dotted thin;" class="error_message" style="border-bottom:dotted blue thin;">
Error occurred at line 4117 in Function <code>handle_error</code>. Error message was: Unknown operation: AUTO_INCREMENT.
</div>
<p>Backtrace:</p>
<pre>#0 /internal/shared/sqlite-database-integration/wp-includes/sqlite/class-wp-sqlite-db.php(287): WP_SQLite_Translator->get_error_message()
#1 /wordpress/wp-content/plugins/entrywizard/classes/ewz-setup.php(83): WP_SQLite_DB->query('ALTER TABLE wp_...')
#2 /wordpress/wp-includes/class-wp-hook.php(324): Ewz_Setup::activate_or_install_ewz(false)
#3 /wordpress/wp-includes/class-wp-hook.php(348): WP_Hook->apply_filters('', Array)
#4 /wordpress/wp-includes/plugin.php(517): WP_Hook->do_action(Array)
#5 /wordpress/wp-admin/includes/plugin.php(703): do_action('activate_entryw...', false)
#6 /internal/eval.php(20): activate_plugin('entrywizard/ent...')
#7 {main}</pre>
 ;; # {user 1}~{ classes/ewz-setup.php, line 84 }~
[09-May-2025 23:36:39 UTC] PHP Fatal error:  Uncaught EWZ_Exception: *** EntryWizard ERROR *** DB Error &nbsp;

MySQL query:
ALTER TABLE wp_ewz_layout AUTO_INCREMENT=33;
Queries made or created this session were:

Executing: BEGIN | (no parameters)
Executing: ROLLBACK | (no parameters)



Error occurred at line 4117 in Function handle_error. Error message was: Unknown operation: AUTO_INCREMENT.

Backtrace:
#0 /internal/shared/sqlite-database-integration/wp-includes/sqlite/class-wp-sqlite-db.php(287): WP_SQLite_Translator-&gt;get_error_message()
#1 /wordpress/wp-content/plugins/entrywizard/classes/ewz-setup.php(83): WP_SQLite_DB-&gt;query('ALTER TABLE wp_...')
#2 /wordpress/wp-includes/class-wp-hook.php(324): Ewz_Setup::activate_or_install_ewz(false)
#3 /wordpress/wp-includes/class-wp-hook.php(348): WP_Hook-&gt;apply_filters('', Array)
#4 /wordpress/wp-includes/plugin.php(517): WP_Hook-&gt;do_action(Array)
#5 /wordpress/wp-admin/includes/plugin.php(703): do_action('activate_entryw...', false)
#6 /internal/eval.php(20): activate_plugin('entrywizard/ent...')
#7 {main}
 in /wordpress/wp-content/plugins/entrywizard/classes/ewz-setup.php:84
Stack trace:
#0 /wordpress/wp-includes/class-wp-hook.php(324): Ewz_Setup::activate_or_install_ewz(false)
#1 /wordpress/wp-includes/class-wp-hook.php(348): WP_Hook->apply_filters('', Array)
#2 /wordpress/wp-includes/plugin.php(517): WP_Hook->do_action(Array)
#3 /wordpress/wp-admin/includes/plugin.php(703): do_action('activate_entryw...', false)
#4 /internal/eval.php(20): activate_plugin('entrywizard/ent...')
#5 {main}
  thrown in /wordpress/wp-content/plugins/entrywizard/classes/ewz-setup.php on line 84
[09-May-2025 23:36:49 UTC] PHP Fatal error:  Uncaught ArgumentCountError: Too few arguments to function WP_Widget::__construct(), 0 passed in /wordpress/wp-includes/class-wp-widget-factory.php on line 62 and at least 2 expected in /wordpress/wp-includes/class-wp-widget.php:163
Stack trace:
#0 /wordpress/wp-includes/class-wp-widget-factory.php(62): WP_Widget->__construct()
#1 /wordpress/wp-includes/widgets.php(123): WP_Widget_Factory->register('ep_hashimage_wi...')
#2 /wordpress/wp-content/plugins/ep-hashimage/system/widget.php(8): register_widget('ep_hashimage_wi...')
#3 /wordpress/wp-includes/class-wp-hook.php(324): load_ep_hashimage_widget('')
#4 /wordpress/wp-includes/class-wp-hook.php(348): WP_Hook->apply_filters(NULL, Array)
#5 /wordpress/wp-includes/plugin.php(517): WP_Hook->do_action(Array)
#6 /wordpress/wp-includes/widgets.php(1870): do_action('widgets_init')
#7 /wordpress/wp-includes/class-wp-hook.php(324): wp_widgets_init('')
#8 /wordpress/wp-includes/class-wp-hook.php(348): WP_Hook->apply_filters(NULL, Array)
#9 /wordpress/wp-includes/plugin.php(517): WP_Hook->do_action(Array)
#10 /wordpress/wp-settings.php(727): do_action('init')
#11 /wordpress/wp-config.php(102): require_once('/wordpress/wp-s...')
#12 /wordpress/wp-load.php(50): require_once('/wordpress/wp-c...')
#13 /internal/eval.php(3): require_once('/wordpress/wp-l...')
#14 {main}
  thrown in /wordpress/wp-includes/class-wp-widget.php on line 163

    at Object.onBind (file:///home/runner/work/playground-tester/playground-tester/node_modules/@wp-playground/cli/index.js:237:15)
    at process.processTicksAndRejections (node:internal/process/task_queues:105:5)
    at async V (file:///home/runner/work/playground-tester/playground-tester/node_modules/@wp-playground/cli/index.js:64:10)
    at async ja (file:///home/runner/work/playground-tester/playground-tester/node_modules/@wp-playground/cli/cli.js:8161:12) {
  [cause]: Error: Error when executing the blueprint step #5 ({"step":"installPlugin","pluginData":{"resource":"wordpress.org/plugins","slug":"ep-hashimage"},"options":{"activate":true}}) : PHP.run() failed with exit code 255 and the following output: 
      at Object.run (file:///home/runner/work/playground-tester/playground-tester/node_modules/@wp-playground/blueprints/index.js:12449:19)
      at process.processTicksAndRejections (node:internal/process/task_queues:105:5)
      at async ms (file:///home/runner/work/playground-tester/playground-tester/node_modules/@wp-playground/blueprints/index.js:12552:3)
      ... 2 lines matching cause stack trace ...
      at async ja (file:///home/runner/work/playground-tester/playground-tester/node_modules/@wp-playground/cli/cli.js:8161:12) {
    [cause]: PHPExecutionFailureError: PHP.run() failed with exit code 255 and the following output: 
        at PHP.run (file:///home/runner/work/playground-tester/playground-tester/node_modules/@php-wasm/universal/index.js:987:19)
        at process.processTicksAndRejections (node:internal/process/task_queues:105:5)
        at async wr (file:///home/runner/work/playground-tester/playground-tester/node_modules/@wp-playground/blueprints/index.js:73:13)
        at async Object.gt [as installPlugin] (file:///home/runner/work/playground-tester/playground-tester/node_modules/@wp-playground/blueprints/index.js:974:42)
        at async g (file:///home/runner/work/playground-tester/playground-tester/node_modules/@wp-playground/blueprints/index.js:12517:30)
        at async Object.run (file:///home/runner/work/playground-tester/playground-tester/node_modules/@wp-playground/blueprints/index.js:12446:23)
        at async ms (file:///home/runner/work/playground-tester/playground-tester/node_modules/@wp-playground/blueprints/index.js:12552:3)
        at async Object.onBind (file:///home/runner/work/playground-tester/playground-tester/node_modules/@wp-playground/cli/index.js:227:48)
        at async V (file:///home/runner/work/playground-tester/playground-tester/node_modules/@wp-playground/cli/index.js:64:10)
        at async ja (file:///home/runner/work/playground-tester/playground-tester/node_modules/@wp-playground/cli/cli.js:8161:12) {
      response: PHPResponse {
        httpStatusCode: 500,
        headers: {
          'x-powered-by': [ 'PHP/8.0.30-dev' ],
          'content-type': [ 'text/html; charset=UTF-8' ],
          expires: [ 'Wed, 11 Jan 1984 05:00:00 GMT' ],
          'cache-control': [ 'no-cache, must-revalidate, max-age=0, no-store, private' ]
        },
        bytes: Uint8Array(2653) [
           60,  33,  68,  79,  67,  84,  89,  80,  69,  32, 104, 116,
          109, 108,  62,  10,  60, 104, 116, 109, 108,  32, 108,  97,
          110, 103,  61,  34, 101, 110,  45,  85,  83,  34,  62,  10,
           60, 104, 101,  97, 100,  62,  10,   9,  60, 109, 101, 116,
           97,  32, 104, 116, 116, 112,  45, 101, 113, 117, 105, 118,
           61,  34,  67, 111, 110, 116, 101, 110, 116,  45,  84, 121,
          112, 101,  34,  32,  99, 111, 110, 116, 101, 110, 116,  61,
           34, 116, 101, 120, 116,  47, 104, 116, 109, 108,  59,  32,
           99, 104,  97, 114,
          ... 2553 more items
        ],
        exitCode: 255,
        errors: ''
      },
      source: 'request'
    }
  }
}

Node.js v23.11.0
