[
{"message":"file:///home/runner/work/playground-tester/playground-tester/node_modules/@wp-playground/cli/index.js:237\n        throw new Error(y, { cause: u });\n              ^\n","level":"FATAL","type":"PLAYGROUND","test":"jspi-boot","plugin":"wopzen2","details":"file:///home/runner/work/playground-tester/playground-tester/node_modules/@wp-playground/cli/index.js:237\n        throw new Error(y, { cause: u });\n              ^\n","log":"/tmp/tmp.T2VVZq6o3r"}
,
{"message":"Trying to access array offset on value of type bool in /wordpress/wp-content/plugins/w4-simple-ajax-search/options_page.php on line 226","level":"WARNING","type":"PHP","test":"jspi-boot","plugin":"wopzen2","details":"[10-May-2025 04:34:07 UTC] PHP Warning:  Trying to access array offset on value of type bool in /wordpress/wp-content/plugins/w4-simple-ajax-search/options_page.php on line 226","log":"/logs/plugins/w/wopzen2/error.json"}
,
{"message":"Trying to access array offset on value of type bool in /wordpress/wp-content/plugins/w4-simple-ajax-search/options_page.php on line 226","level":"WARNING","type":"PHP","test":"jspi-boot","plugin":"wopzen2","details":"[10-May-2025 04:34:15 UTC] PHP Warning:  Trying to access array offset on value of type bool in /wordpress/wp-content/plugins/w4-simple-ajax-search/options_page.php on line 226","log":"/logs/plugins/w/wopzen2/error.json"}
,
{"message":"Trying to access array offset on value of type bool in /wordpress/wp-content/plugins/w4-simple-ajax-search/options_page.php on line 226","level":"WARNING","type":"PHP","test":"jspi-boot","plugin":"wopzen2","details":"[10-May-2025 04:34:24 UTC] PHP Warning:  Trying to access array offset on value of type bool in /wordpress/wp-content/plugins/w4-simple-ajax-search/options_page.php on line 226","log":"/logs/plugins/w/wopzen2/error.json"}
,
{"message":"Function _load_textdomain_just_in_time was called <strong>incorrectly</strong>. Translation loading for the <code>woocommerce</code> domain was triggered too early. This is usually an indicator for some code in the plugin or theme running too early. Translations should be loaded at the <code>init</code> action or later. Please see <a href=\"https://developer.wordpress.org/advanced-administration/debug/debug-wordpress/\">Debugging in WordPress</a> for more information. (This message was added in version 6.7.0.) in /wordpress/wp-includes/functions.php on line 6121","level":"NOTICE","type":"PHP","test":"jspi-boot","plugin":"wopzen2","details":"[10-May-2025 04:36:08 UTC] PHP Notice:  Function _load_textdomain_just_in_time was called <strong>incorrectly</strong>. Translation loading for the <code>woocommerce</code> domain was triggered too early. This is usually an indicator for some code in the plugin or theme running too early. Translations should be loaded at the <code>init</code> action or later. Please see <a href=\"https://developer.wordpress.org/advanced-administration/debug/debug-wordpress/\">Debugging in WordPress</a> for more information. (This message was added in version 6.7.0.) in /wordpress/wp-includes/functions.php on line 6121","log":"/logs/plugins/w/wopzen2/error.json"}
,
{"message":"Function _load_textdomain_just_in_time was called <strong>incorrectly</strong>. Translation loading for the <code>woocommerce</code> domain was triggered too early. This is usually an indicator for some code in the plugin or theme running too early. Translations should be loaded at the <code>init</code> action or later. Please see <a href=\"https://developer.wordpress.org/advanced-administration/debug/debug-wordpress/\">Debugging in WordPress</a> for more information. (This message was added in version 6.7.0.) in /wordpress/wp-includes/functions.php on line 6121","level":"NOTICE","type":"PHP","test":"jspi-boot","plugin":"wopzen2","details":"[10-May-2025 04:36:48 UTC] PHP Notice:  Function _load_textdomain_just_in_time was called <strong>incorrectly</strong>. Translation loading for the <code>woocommerce</code> domain was triggered too early. This is usually an indicator for some code in the plugin or theme running too early. Translations should be loaded at the <code>init</code> action or later. Please see <a href=\"https://developer.wordpress.org/advanced-administration/debug/debug-wordpress/\">Debugging in WordPress</a> for more information. (This message was added in version 6.7.0.) in /wordpress/wp-includes/functions.php on line 6121","log":"/logs/plugins/w/wopzen2/error.json"}
,
{"message":"Function _load_textdomain_just_in_time was called <strong>incorrectly</strong>. Translation loading for the <code>woocommerce</code> domain was triggered too early. This is usually an indicator for some code in the plugin or theme running too early. Translations should be loaded at the <code>init</code> action or later. Please see <a href=\"https://developer.wordpress.org/advanced-administration/debug/debug-wordpress/\">Debugging in WordPress</a> for more information. (This message was added in version 6.7.0.) in /wordpress/wp-includes/functions.php on line 6121","level":"NOTICE","type":"PHP","test":"jspi-boot","plugin":"wopzen2","details":"[10-May-2025 04:37:30 UTC] PHP Notice:  Function _load_textdomain_just_in_time was called <strong>incorrectly</strong>. Translation loading for the <code>woocommerce</code> domain was triggered too early. This is usually an indicator for some code in the plugin or theme running too early. Translations should be loaded at the <code>init</code> action or later. Please see <a href=\"https://developer.wordpress.org/advanced-administration/debug/debug-wordpress/\">Debugging in WordPress</a> for more information. (This message was added in version 6.7.0.) in /wordpress/wp-includes/functions.php on line 6121","log":"/logs/plugins/w/wopzen2/error.json"}
,
{"message":"syntax error, unexpected single-quoted string \"add_page\", expecting \")\" in /wordpress/wp-content/plugins/wp-tasks/core/WPTManager.php on line 78","level":"PARSE","type":"PHP","test":"jspi-boot","plugin":"wopzen2","details":"[10-May-2025 04:37:45 UTC] PHP Parse error:  syntax error, unexpected single-quoted string \"add_page\", expecting \")\" in /wordpress/wp-content/plugins/wp-tasks/core/WPTManager.php on line 78","log":"/logs/plugins/w/wopzen2/error.json"}
,
{"message":"syntax error, unexpected single-quoted string \"add_page\", expecting \")\" in /wordpress/wp-content/plugins/wp-tasks/core/WPTManager.php on line 78","level":"PARSE","type":"PHP","test":"jspi-boot","plugin":"wopzen2","details":"[10-May-2025 04:37:52 UTC] PHP Parse error:  syntax error, unexpected single-quoted string \"add_page\", expecting \")\" in /wordpress/wp-content/plugins/wp-tasks/core/WPTManager.php on line 78","log":"/logs/plugins/w/wopzen2/error.json"}
,
{"message":"syntax error, unexpected single-quoted string \"add_page\", expecting \")\" in /wordpress/wp-content/plugins/wp-tasks/core/WPTManager.php on line 78","level":"PARSE","type":"PHP","test":"jspi-boot","plugin":"wopzen2","details":"[10-May-2025 04:37:59 UTC] PHP Parse error:  syntax error, unexpected single-quoted string \"add_page\", expecting \")\" in /wordpress/wp-content/plugins/wp-tasks/core/WPTManager.php on line 78","log":"/logs/plugins/w/wopzen2/error.json"}
,
{"message":"Uncaught Error: Class \"WC_Payment_Gateway\" not found in /wordpress/wp-content/plugins/woocommerce-nochex-payment-gateway/wc-nochex.php:13","level":"FATAL","type":"PHP","test":"jspi-boot","plugin":"wopzen2","details":"[10-May-2025 04:42:38 UTC] PHP Fatal error:  Uncaught Error: Class \"WC_Payment_Gateway\" not found in /wordpress/wp-content/plugins/woocommerce-nochex-payment-gateway/wc-nochex.php:13\nStack trace:\n#0 /wordpress/wp-includes/class-wp-hook.php(324): woocommerce_nochex_init('')\n#1 /wordpress/wp-includes/class-wp-hook.php(348): WP_Hook->apply_filters(NULL, Array)\n#2 /wordpress/wp-includes/plugin.php(517): WP_Hook->do_action(Array)\n#3 /wordpress/wp-settings.php(578): do_action('plugins_loaded')\n#4 /wordpress/wp-config.php(102): require_once('/wordpress/wp-s...')\n#5 /wordpress/wp-load.php(50): require_once('/wordpress/wp-c...')\n#6 /internal/eval.php(3): require_once('/wordpress/wp-l...')\n#7 {main}\n  thrown in /wordpress/wp-content/plugins/woocommerce-nochex-payment-gateway/wc-nochex.php on line 13","log":"/logs/plugins/w/wopzen2/error.json"}
,
{"message":"Uncaught Error: Class \"WC_Payment_Gateway\" not found in /wordpress/wp-content/plugins/woocommerce-nochex-payment-gateway/wc-nochex.php:13","level":"FATAL","type":"PHP","test":"jspi-boot","plugin":"wopzen2","details":"[10-May-2025 04:42:46 UTC] PHP Fatal error:  Uncaught Error: Class \"WC_Payment_Gateway\" not found in /wordpress/wp-content/plugins/woocommerce-nochex-payment-gateway/wc-nochex.php:13\nStack trace:\n#0 /wordpress/wp-includes/class-wp-hook.php(324): woocommerce_nochex_init('')\n#1 /wordpress/wp-includes/class-wp-hook.php(348): WP_Hook->apply_filters(NULL, Array)\n#2 /wordpress/wp-includes/plugin.php(517): WP_Hook->do_action(Array)\n#3 /wordpress/wp-settings.php(578): do_action('plugins_loaded')\n#4 /wordpress/wp-config.php(102): require_once('/wordpress/wp-s...')\n#5 /wordpress/wp-load.php(50): require_once('/wordpress/wp-c...')\n#6 /internal/eval.php(3): require_once('/wordpress/wp-l...')\n#7 {main}\n  thrown in /wordpress/wp-content/plugins/woocommerce-nochex-payment-gateway/wc-nochex.php on line 13","log":"/logs/plugins/w/wopzen2/error.json"}
,
{"message":"Uncaught Error: Class \"WC_Payment_Gateway\" not found in /wordpress/wp-content/plugins/woocommerce-nochex-payment-gateway/wc-nochex.php:13","level":"FATAL","type":"PHP","test":"jspi-boot","plugin":"wopzen2","details":"[10-May-2025 04:42:55 UTC] PHP Fatal error:  Uncaught Error: Class \"WC_Payment_Gateway\" not found in /wordpress/wp-content/plugins/woocommerce-nochex-payment-gateway/wc-nochex.php:13\nStack trace:\n#0 /wordpress/wp-includes/class-wp-hook.php(324): woocommerce_nochex_init('')\n#1 /wordpress/wp-includes/class-wp-hook.php(348): WP_Hook->apply_filters(NULL, Array)\n#2 /wordpress/wp-includes/plugin.php(517): WP_Hook->do_action(Array)\n#3 /wordpress/wp-settings.php(578): do_action('plugins_loaded')\n#4 /wordpress/wp-config.php(102): require_once('/wordpress/wp-s...')\n#5 /wordpress/wp-load.php(50): require_once('/wordpress/wp-c...')\n#6 /internal/eval.php(3): require_once('/wordpress/wp-l...')\n#7 {main}\n  thrown in /wordpress/wp-content/plugins/woocommerce-nochex-payment-gateway/wc-nochex.php on line 13","log":"/logs/plugins/w/wopzen2/error.json"}
,
{"message":"iconv_set_encoding(): Use of iconv.internal_encoding is deprecated in /wordpress/wp-content/plugins/wopzen2/vendor/ZF2/library/Zend/Validator/Hostname.php on line 490","level":"DEPRECATED","type":"PHP","test":"jspi-boot","plugin":"wopzen2","details":"[10-May-2025 04:43:35 UTC] PHP Deprecated:  iconv_set_encoding(): Use of iconv.internal_encoding is deprecated in /wordpress/wp-content/plugins/wopzen2/vendor/ZF2/library/Zend/Validator/Hostname.php on line 490","log":"/logs/plugins/w/wopzen2/error.json"}
,
{"message":"iconv_set_encoding(): Use of iconv.internal_encoding is deprecated in /wordpress/wp-content/plugins/wopzen2/vendor/ZF2/library/Zend/Validator/Hostname.php on line 586","level":"DEPRECATED","type":"PHP","test":"jspi-boot","plugin":"wopzen2","details":"[10-May-2025 04:43:35 UTC] PHP Deprecated:  iconv_set_encoding(): Use of iconv.internal_encoding is deprecated in /wordpress/wp-content/plugins/wopzen2/vendor/ZF2/library/Zend/Validator/Hostname.php on line 586","log":"/logs/plugins/w/wopzen2/error.json"}
,
{"message":"Uncaught Zend\\Uri\\Exception\\InvalidUriPartException: Host \"example.com:443\" is not valid or is not accepted by Zend\\Uri\\Http in /wordpress/wp-content/plugins/wopzen2/vendor/ZF2/library/Zend/Uri/Uri.php:729","level":"FATAL","type":"PHP","test":"jspi-boot","plugin":"wopzen2","details":"[10-May-2025 04:43:35 UTC] PHP Fatal error:  Uncaught Zend\\Uri\\Exception\\InvalidUriPartException: Host \"example.com:443\" is not valid or is not accepted by Zend\\Uri\\Http in /wordpress/wp-content/plugins/wopzen2/vendor/ZF2/library/Zend/Uri/Uri.php:729\nStack trace:\n#0 /wordpress/wp-content/plugins/wopzen2/vendor/ZF2/library/Zend/Http/PhpEnvironment/Request.php(285): Zend\\Uri\\Uri->setHost('example.com:443')\n#1 /wordpress/wp-content/plugins/wopzen2/vendor/ZF2/library/Zend/Http/PhpEnvironment/Request.php(85): Zend\\Http\\PhpEnvironment\\Request->setServer(Object(Zend\\Stdlib\\Parameters))\n#2 /wordpress/wp-content/plugins/wopzen2/vendor/ZF2/library/Zend/Mvc/Application.php(126): Zend\\Http\\PhpEnvironment\\Request->__construct()\n#3 /wordpress/wp-content/plugins/wopzen2/vendor/ZF2/library/Zend/Mvc/Service/ApplicationFactory.php(35): Zend\\Mvc\\Application->__construct(Array, Object(Zend\\ServiceManager\\ServiceManager))\n#4 [internal function]: Zend\\Mvc\\Service\\ApplicationFactory->createService(Object(Zend\\ServiceManager\\ServiceManager), 'application', 'Application')\n#5 /wordpress/wp-content/plugins/wopzen2/vendor/ZF2/library/Zend/ServiceManager/ServiceManager.php(726): call_user_func(Array, Object(Zend\\ServiceManager\\ServiceManager), 'application', 'Application')\n#6 /wordpress/wp-content/plugins/wopzen2/vendor/ZF2/library/Zend/ServiceManager/ServiceManager.php(841): Zend\\ServiceManager\\ServiceManager->createServiceViaCallback(Array, 'application', 'Application')\n#7 /wordpress/wp-content/plugins/wopzen2/vendor/ZF2/library/Zend/ServiceManager/ServiceManager.php(487): Zend\\ServiceManager\\ServiceManager->createFromFactory('application', 'Application')\n#8 /wordpress/wp-content/plugins/wopzen2/vendor/ZF2/library/Zend/ServiceManager/ServiceManager.php(442): Zend\\ServiceManager\\ServiceManager->create(Array)\n#9 /wordpress/wp-content/plugins/wopzen2/wpzf2.php(66): Zend\\ServiceManager\\ServiceManager->get('Application')\n#10 /wordpress/wp-admin/includes/plugin.php(2387): include_once('/wordpress/wp-c...')\n#11 /wordpress/wp-admin/includes/plugin.php(673): plugin_sandbox_scrape('wopzen2/wpzf2.p...')\n#12 /internal/eval.php(20): activate_plugin('wopzen2/wpzf2.p...')\n#13 {main}\n\nNext Zend\\ServiceManager\\Exception\\ServiceNotCreatedException: An exception was raised while creating \"Application\"; no instance returned in /wordpress/wp-content/plugins/wopzen2/vendor/ZF2/library/Zend/ServiceManager/ServiceManager.php:733\nStack trace:\n#0 /wordpress/wp-content/plugins/wopzen2/vendor/ZF2/library/Zend/ServiceManager/ServiceManager.php(841): Zend\\ServiceManager\\ServiceManager->createServiceViaCallback(Array, 'application', 'Application')\n#1 /wordpress/wp-content/plugins/wopzen2/vendor/ZF2/library/Zend/ServiceManager/ServiceManager.php(487): Zend\\ServiceManager\\ServiceManager->createFromFactory('application', 'Application')\n#2 /wordpress/wp-content/plugins/wopzen2/vendor/ZF2/library/Zend/ServiceManager/ServiceManager.php(442): Zend\\ServiceManager\\ServiceManager->create(Array)\n#3 /wordpress/wp-content/plugins/wopzen2/wpzf2.php(66): Zend\\ServiceManager\\ServiceManager->get('Application')\n#4 /wordpress/wp-admin/includes/plugin.php(2387): include_once('/wordpress/wp-c...')\n#5 /wordpress/wp-admin/includes/plugin.php(673): plugin_sandbox_scrape('wopzen2/wpzf2.p...')\n#6 /internal/eval.php(20): activate_plugin('wopzen2/wpzf2.p...')\n#7 {main}\n  thrown in /wordpress/wp-content/plugins/wopzen2/vendor/ZF2/library/Zend/ServiceManager/ServiceManager.php on line 733","log":"/logs/plugins/w/wopzen2/error.json"}
,
{"message":"iconv_set_encoding(): Use of iconv.internal_encoding is deprecated in /wordpress/wp-content/plugins/wopzen2/vendor/ZF2/library/Zend/Validator/Hostname.php on line 490","level":"DEPRECATED","type":"PHP","test":"jspi-boot","plugin":"wopzen2","details":"[10-May-2025 04:43:47 UTC] PHP Deprecated:  iconv_set_encoding(): Use of iconv.internal_encoding is deprecated in /wordpress/wp-content/plugins/wopzen2/vendor/ZF2/library/Zend/Validator/Hostname.php on line 490","log":"/logs/plugins/w/wopzen2/error.json"}
,
{"message":"iconv_set_encoding(): Use of iconv.internal_encoding is deprecated in /wordpress/wp-content/plugins/wopzen2/vendor/ZF2/library/Zend/Validator/Hostname.php on line 586","level":"DEPRECATED","type":"PHP","test":"jspi-boot","plugin":"wopzen2","details":"[10-May-2025 04:43:47 UTC] PHP Deprecated:  iconv_set_encoding(): Use of iconv.internal_encoding is deprecated in /wordpress/wp-content/plugins/wopzen2/vendor/ZF2/library/Zend/Validator/Hostname.php on line 586","log":"/logs/plugins/w/wopzen2/error.json"}
,
{"message":"Uncaught Zend\\Uri\\Exception\\InvalidUriPartException: Host \"example.com:443\" is not valid or is not accepted by Zend\\Uri\\Http in /wordpress/wp-content/plugins/wopzen2/vendor/ZF2/library/Zend/Uri/Uri.php:729","level":"FATAL","type":"PHP","test":"jspi-boot","plugin":"wopzen2","details":"[10-May-2025 04:43:47 UTC] PHP Fatal error:  Uncaught Zend\\Uri\\Exception\\InvalidUriPartException: Host \"example.com:443\" is not valid or is not accepted by Zend\\Uri\\Http in /wordpress/wp-content/plugins/wopzen2/vendor/ZF2/library/Zend/Uri/Uri.php:729\nStack trace:\n#0 /wordpress/wp-content/plugins/wopzen2/vendor/ZF2/library/Zend/Http/PhpEnvironment/Request.php(285): Zend\\Uri\\Uri->setHost('example.com:443')\n#1 /wordpress/wp-content/plugins/wopzen2/vendor/ZF2/library/Zend/Http/PhpEnvironment/Request.php(85): Zend\\Http\\PhpEnvironment\\Request->setServer(Object(Zend\\Stdlib\\Parameters))\n#2 /wordpress/wp-content/plugins/wopzen2/vendor/ZF2/library/Zend/Mvc/Application.php(126): Zend\\Http\\PhpEnvironment\\Request->__construct()\n#3 /wordpress/wp-content/plugins/wopzen2/vendor/ZF2/library/Zend/Mvc/Service/ApplicationFactory.php(35): Zend\\Mvc\\Application->__construct(Array, Object(Zend\\ServiceManager\\ServiceManager))\n#4 [internal function]: Zend\\Mvc\\Service\\ApplicationFactory->createService(Object(Zend\\ServiceManager\\ServiceManager), 'application', 'Application')\n#5 /wordpress/wp-content/plugins/wopzen2/vendor/ZF2/library/Zend/ServiceManager/ServiceManager.php(726): call_user_func(Array, Object(Zend\\ServiceManager\\ServiceManager), 'application', 'Application')\n#6 /wordpress/wp-content/plugins/wopzen2/vendor/ZF2/library/Zend/ServiceManager/ServiceManager.php(841): Zend\\ServiceManager\\ServiceManager->createServiceViaCallback(Array, 'application', 'Application')\n#7 /wordpress/wp-content/plugins/wopzen2/vendor/ZF2/library/Zend/ServiceManager/ServiceManager.php(487): Zend\\ServiceManager\\ServiceManager->createFromFactory('application', 'Application')\n#8 /wordpress/wp-content/plugins/wopzen2/vendor/ZF2/library/Zend/ServiceManager/ServiceManager.php(442): Zend\\ServiceManager\\ServiceManager->create(Array)\n#9 /wordpress/wp-content/plugins/wopzen2/wpzf2.php(66): Zend\\ServiceManager\\ServiceManager->get('Application')\n#10 /wordpress/wp-admin/includes/plugin.php(2387): include_once('/wordpress/wp-c...')\n#11 /wordpress/wp-admin/includes/plugin.php(673): plugin_sandbox_scrape('wopzen2/wpzf2.p...')\n#12 /internal/eval.php(20): activate_plugin('wopzen2/wpzf2.p...')\n#13 {main}\n\nNext Zend\\ServiceManager\\Exception\\ServiceNotCreatedException: An exception was raised while creating \"Application\"; no instance returned in /wordpress/wp-content/plugins/wopzen2/vendor/ZF2/library/Zend/ServiceManager/ServiceManager.php:733\nStack trace:\n#0 /wordpress/wp-content/plugins/wopzen2/vendor/ZF2/library/Zend/ServiceManager/ServiceManager.php(841): Zend\\ServiceManager\\ServiceManager->createServiceViaCallback(Array, 'application', 'Application')\n#1 /wordpress/wp-content/plugins/wopzen2/vendor/ZF2/library/Zend/ServiceManager/ServiceManager.php(487): Zend\\ServiceManager\\ServiceManager->createFromFactory('application', 'Application')\n#2 /wordpress/wp-content/plugins/wopzen2/vendor/ZF2/library/Zend/ServiceManager/ServiceManager.php(442): Zend\\ServiceManager\\ServiceManager->create(Array)\n#3 /wordpress/wp-content/plugins/wopzen2/wpzf2.php(66): Zend\\ServiceManager\\ServiceManager->get('Application')\n#4 /wordpress/wp-admin/includes/plugin.php(2387): include_once('/wordpress/wp-c...')\n#5 /wordpress/wp-admin/includes/plugin.php(673): plugin_sandbox_scrape('wopzen2/wpzf2.p...')\n#6 /internal/eval.php(20): activate_plugin('wopzen2/wpzf2.p...')\n#7 {main}\n  thrown in /wordpress/wp-content/plugins/wopzen2/vendor/ZF2/library/Zend/ServiceManager/ServiceManager.php on line 733","log":"/logs/plugins/w/wopzen2/error.json"}
,
{"message":"iconv_set_encoding(): Use of iconv.internal_encoding is deprecated in /wordpress/wp-content/plugins/wopzen2/vendor/ZF2/library/Zend/Validator/Hostname.php on line 490","level":"DEPRECATED","type":"PHP","test":"jspi-boot","plugin":"wopzen2","details":"[10-May-2025 04:43:59 UTC] PHP Deprecated:  iconv_set_encoding(): Use of iconv.internal_encoding is deprecated in /wordpress/wp-content/plugins/wopzen2/vendor/ZF2/library/Zend/Validator/Hostname.php on line 490","log":"/logs/plugins/w/wopzen2/error.json"}
,
{"message":"iconv_set_encoding(): Use of iconv.internal_encoding is deprecated in /wordpress/wp-content/plugins/wopzen2/vendor/ZF2/library/Zend/Validator/Hostname.php on line 586","level":"DEPRECATED","type":"PHP","test":"jspi-boot","plugin":"wopzen2","details":"[10-May-2025 04:43:59 UTC] PHP Deprecated:  iconv_set_encoding(): Use of iconv.internal_encoding is deprecated in /wordpress/wp-content/plugins/wopzen2/vendor/ZF2/library/Zend/Validator/Hostname.php on line 586","log":"/logs/plugins/w/wopzen2/error.json"}
,
{"message":"Uncaught Zend\\Uri\\Exception\\InvalidUriPartException: Host \"example.com:443\" is not valid or is not accepted by Zend\\Uri\\Http in /wordpress/wp-content/plugins/wopzen2/vendor/ZF2/library/Zend/Uri/Uri.php:729","level":"FATAL","type":"PHP","test":"jspi-boot","plugin":"wopzen2","details":"[10-May-2025 04:43:59 UTC] PHP Fatal error:  Uncaught Zend\\Uri\\Exception\\InvalidUriPartException: Host \"example.com:443\" is not valid or is not accepted by Zend\\Uri\\Http in /wordpress/wp-content/plugins/wopzen2/vendor/ZF2/library/Zend/Uri/Uri.php:729\nStack trace:\n#0 /wordpress/wp-content/plugins/wopzen2/vendor/ZF2/library/Zend/Http/PhpEnvironment/Request.php(285): Zend\\Uri\\Uri->setHost('example.com:443')\n#1 /wordpress/wp-content/plugins/wopzen2/vendor/ZF2/library/Zend/Http/PhpEnvironment/Request.php(85): Zend\\Http\\PhpEnvironment\\Request->setServer(Object(Zend\\Stdlib\\Parameters))\n#2 /wordpress/wp-content/plugins/wopzen2/vendor/ZF2/library/Zend/Mvc/Application.php(126): Zend\\Http\\PhpEnvironment\\Request->__construct()\n#3 /wordpress/wp-content/plugins/wopzen2/vendor/ZF2/library/Zend/Mvc/Service/ApplicationFactory.php(35): Zend\\Mvc\\Application->__construct(Array, Object(Zend\\ServiceManager\\ServiceManager))\n#4 [internal function]: Zend\\Mvc\\Service\\ApplicationFactory->createService(Object(Zend\\ServiceManager\\ServiceManager), 'application', 'Application')\n#5 /wordpress/wp-content/plugins/wopzen2/vendor/ZF2/library/Zend/ServiceManager/ServiceManager.php(726): call_user_func(Array, Object(Zend\\ServiceManager\\ServiceManager), 'application', 'Application')\n#6 /wordpress/wp-content/plugins/wopzen2/vendor/ZF2/library/Zend/ServiceManager/ServiceManager.php(841): Zend\\ServiceManager\\ServiceManager->createServiceViaCallback(Array, 'application', 'Application')\n#7 /wordpress/wp-content/plugins/wopzen2/vendor/ZF2/library/Zend/ServiceManager/ServiceManager.php(487): Zend\\ServiceManager\\ServiceManager->createFromFactory('application', 'Application')\n#8 /wordpress/wp-content/plugins/wopzen2/vendor/ZF2/library/Zend/ServiceManager/ServiceManager.php(442): Zend\\ServiceManager\\ServiceManager->create(Array)\n#9 /wordpress/wp-content/plugins/wopzen2/wpzf2.php(66): Zend\\ServiceManager\\ServiceManager->get('Application')\n#10 /wordpress/wp-admin/includes/plugin.php(2387): include_once('/wordpress/wp-c...')\n#11 /wordpress/wp-admin/includes/plugin.php(673): plugin_sandbox_scrape('wopzen2/wpzf2.p...')\n#12 /internal/eval.php(20): activate_plugin('wopzen2/wpzf2.p...')\n#13 {main}\n\nNext Zend\\ServiceManager\\Exception\\ServiceNotCreatedException: An exception was raised while creating \"Application\"; no instance returned in /wordpress/wp-content/plugins/wopzen2/vendor/ZF2/library/Zend/ServiceManager/ServiceManager.php:733\nStack trace:\n#0 /wordpress/wp-content/plugins/wopzen2/vendor/ZF2/library/Zend/ServiceManager/ServiceManager.php(841): Zend\\ServiceManager\\ServiceManager->createServiceViaCallback(Array, 'application', 'Application')\n#1 /wordpress/wp-content/plugins/wopzen2/vendor/ZF2/library/Zend/ServiceManager/ServiceManager.php(487): Zend\\ServiceManager\\ServiceManager->createFromFactory('application', 'Application')\n#2 /wordpress/wp-content/plugins/wopzen2/vendor/ZF2/library/Zend/ServiceManager/ServiceManager.php(442): Zend\\ServiceManager\\ServiceManager->create(Array)\n#3 /wordpress/wp-content/plugins/wopzen2/wpzf2.php(66): Zend\\ServiceManager\\ServiceManager->get('Application')\n#4 /wordpress/wp-admin/includes/plugin.php(2387): include_once('/wordpress/wp-c...')\n#5 /wordpress/wp-admin/includes/plugin.php(673): plugin_sandbox_scrape('wopzen2/wpzf2.p...')\n#6 /internal/eval.php(20): activate_plugin('wopzen2/wpzf2.p...')\n#7 {main}\n  thrown in /wordpress/wp-content/plugins/wopzen2/vendor/ZF2/library/Zend/ServiceManager/ServiceManager.php on line 733\n\n    at Object.onBind (file:///home/runner/work/playground-tester/playground-tester/node_modules/@wp-playground/cli/index.js:237:15)\n    at process.processTicksAndRejections (node:internal/process/task_queues:105:5)\n    at async V (file:///home/runner/work/playground-tester/playground-tester/node_modules/@wp-playground/cli/index.js:64:10)\n    at async ja (file:///home/runner/work/playground-tester/playground-tester/node_modules/@wp-playground/cli/cli.js:8161:12) {\n  [cause]: Error: Error when executing the blueprint step #1 ({\"step\":\"installPlugin\",\"pluginData\":{\"resource\":\"wordpress.org/plugins\",\"slug\":\"wopzen2\"},\"options\":{\"activate\":true}}) : PHP.run() failed with exit code 255 and the following output: \n      at Object.run (file:///home/runner/work/playground-tester/playground-tester/node_modules/@wp-playground/blueprints/index.js:12449:19)\n      at process.processTicksAndRejections (node:internal/process/task_queues:105:5)\n      at async ms (file:///home/runner/work/playground-tester/playground-tester/node_modules/@wp-playground/blueprints/index.js:12552:3)\n      ... 2 lines matching cause stack trace ...\n      at async ja (file:///home/runner/work/playground-tester/playground-tester/node_modules/@wp-playground/cli/cli.js:8161:12) {\n    [cause]: PHPExecutionFailureError: PHP.run() failed with exit code 255 and the following output: \n        at PHP.run (file:///home/runner/work/playground-tester/playground-tester/node_modules/@php-wasm/universal/index.js:987:19)\n        at process.processTicksAndRejections (node:internal/process/task_queues:105:5)\n        at async wr (file:///home/runner/work/playground-tester/playground-tester/node_modules/@wp-playground/blueprints/index.js:33:39)\n        at async Object.gt [as installPlugin] (file:///home/runner/work/playground-tester/playground-tester/node_modules/@wp-playground/blueprints/index.js:974:42)\n        at async g (file:///home/runner/work/playground-tester/playground-tester/node_modules/@wp-playground/blueprints/index.js:12517:30)\n        at async Object.run (file:///home/runner/work/playground-tester/playground-tester/node_modules/@wp-playground/blueprints/index.js:12446:23)\n        at async ms (file:///home/runner/work/playground-tester/playground-tester/node_modules/@wp-playground/blueprints/index.js:12552:3)\n        at async Object.onBind (file:///home/runner/work/playground-tester/playground-tester/node_modules/@wp-playground/cli/index.js:227:48)\n        at async V (file:///home/runner/work/playground-tester/playground-tester/node_modules/@wp-playground/cli/index.js:64:10)\n        at async ja (file:///home/runner/work/playground-tester/playground-tester/node_modules/@wp-playground/cli/cli.js:8161:12) {\n      response: PHPResponse {\n        httpStatusCode: 500,\n        headers: {\n          'x-powered-by': [ 'PHP/8.0.30-dev' ],\n          'content-type': [ 'text/html; charset=UTF-8' ]\n        },\n        bytes: Uint8Array(0) [],\n        exitCode: 255,\n        errors: ''\n      },\n      source: 'request'\n    }\n  }\n}\n\n","log":"/logs/plugins/w/wopzen2/error.json"}
]
