file:///home/runner/work/playground-tester/playground-tester/node_modules/@wp-playground/cli/run-cli-j-geJYS3.js:325
        throw new Error($, { cause: h });
              ^

Error: [28-Jun-2025 14:50:18 UTC] PHP Fatal error:  Uncaught Error: Undefined constant "Kntnt\BB_Any_Term\FL_BUILDER_VERSION" in /wordpress/wp-content/plugins/kntnts-bb-any-term/kntnt-bb-any-term.php:48
Stack trace:
#0 /wordpress/wp-content/plugins/kntnts-bb-any-term/kntnt-bb-any-term.php(23): Kntnt\BB_Any_Term\Plugin->__construct()
#1 /wordpress/wp-admin/includes/plugin.php(2387): include_once('/wordpress/wp-c...')
#2 /wordpress/wp-admin/includes/plugin.php(673): plugin_sandbox_scrape('kntnts-bb-any-t...')
#3 /internal/eval.php(20): activate_plugin('kntnts-bb-any-t...')
#4 {main}
  thrown in /wordpress/wp-content/plugins/kntnts-bb-any-term/kntnt-bb-any-term.php on line 48
[28-Jun-2025 14:50:26 UTC] PHP Fatal error:  Uncaught Error: Undefined constant "Kntnt\BB_Any_Term\FL_BUILDER_VERSION" in /wordpress/wp-content/plugins/kntnts-bb-any-term/kntnt-bb-any-term.php:48
Stack trace:
#0 /wordpress/wp-content/plugins/kntnts-bb-any-term/kntnt-bb-any-term.php(23): Kntnt\BB_Any_Term\Plugin->__construct()
#1 /wordpress/wp-admin/includes/plugin.php(2387): include_once('/wordpress/wp-c...')
#2 /wordpress/wp-admin/includes/plugin.php(673): plugin_sandbox_scrape('kntnts-bb-any-t...')
#3 /internal/eval.php(20): activate_plugin('kntnts-bb-any-t...')
#4 {main}
  thrown in /wordpress/wp-content/plugins/kntnts-bb-any-term/kntnt-bb-any-term.php on line 48
[28-Jun-2025 14:50:35 UTC] PHP Fatal error:  Uncaught Error: Undefined constant "Kntnt\BB_Any_Term\FL_BUILDER_VERSION" in /wordpress/wp-content/plugins/kntnts-bb-any-term/kntnt-bb-any-term.php:48
Stack trace:
#0 /wordpress/wp-content/plugins/kntnts-bb-any-term/kntnt-bb-any-term.php(23): Kntnt\BB_Any_Term\Plugin->__construct()
#1 /wordpress/wp-admin/includes/plugin.php(2387): include_once('/wordpress/wp-c...')
#2 /wordpress/wp-admin/includes/plugin.php(673): plugin_sandbox_scrape('kntnts-bb-any-t...')
#3 /internal/eval.php(20): activate_plugin('kntnts-bb-any-t...')
#4 {main}
  thrown in /wordpress/wp-content/plugins/kntnts-bb-any-term/kntnt-bb-any-term.php on line 48
[28-Jun-2025 14:56:54 UTC] PHP Fatal error:  Uncaught GuzzleHttp\Ring\Exception\ConnectException: cURL error 52: Empty reply from server in /wordpress/wp-content/plugins/komparu-comparison-module/vendor/guzzlehttp/ringphp/src/Client/CurlFactory.php:126
Stack trace:
#0 /wordpress/wp-content/plugins/komparu-comparison-module/vendor/guzzlehttp/ringphp/src/Client/CurlFactory.php(91): GuzzleHttp\Ring\Client\CurlFactory::createErrorResponse(Array, Array, Array)
#1 /wordpress/wp-content/plugins/komparu-comparison-module/vendor/guzzlehttp/ringphp/src/Client/CurlHandler.php(96): GuzzleHttp\Ring\Client\CurlFactory::createResponse(Array, Array, Array, Array, Resource id #698)
#2 /wordpress/wp-content/plugins/komparu-comparison-module/vendor/guzzlehttp/ringphp/src/Client/CurlHandler.php(68): GuzzleHttp\Ring\Client\CurlHandler->_invokeAsArray(Array)
#3 /wordpress/wp-content/plugins/komparu-comparison-module/vendor/guzzlehttp/ringphp/src/Client/Middleware.php(54): GuzzleHttp\Ring\Client\CurlHandler->__invoke(Array)
#4 /wordpress/wp-content/plugins/komparu-comparison-module/vendor/guzzlehttp/ringphp/src/Client/Middleware.php(30): GuzzleHttp\Ring\Client\Middleware::GuzzleHttp\Ring\Client\{closure}(Array)
#5 /wordpress/wp-content/plugins/komparu-comparison-module/vendor/guzzlehttp/guzzle/src/RequestFsm.php(129): GuzzleHttp\Ring\Client\Middleware::GuzzleHttp\Ring\Client\{closure}(Array)
#6 /wordpress/wp-content/plugins/komparu-comparison-module/vendor/guzzlehttp/guzzle/src/Client.php(165): GuzzleHttp\RequestFsm->__invoke(Object(GuzzleHttp\Transaction))
#7 /wordpress/wp-content/plugins/komparu-comparison-module/vendor/guzzlehttp/guzzle/src/Client.php(150): GuzzleHttp\Client->send(Object(GuzzleHttp\Message\Request))
#8 /wordpress/wp-content/plugins/komparu-comparison-module/plugin/helpers/SessionHelper.php(11): GuzzleHttp\Client->post('http://code.kom...')
#9 /wordpress/wp-content/plugins/komparu-comparison-module/plugin/init.php(4): SessionHelper::getSid(Object(Herbert\Framework\Plugin))
#10 /wordpress/wp-content/plugins/komparu-comparison-module/framework/Plugin.php(113): require_once('/wordpress/wp-c...')
#11 /wordpress/wp-content/plugins/komparu-comparison-module/framework/Plugin.php(41): Herbert\Framework\Plugin->build()
#12 /wordpress/wp-content/plugins/komparu-comparison-module/plugin.php(17): Herbert\Framework\Plugin->__construct()
#13 /wordpress/wp-admin/includes/plugin.php(2387): include_once('/wordpress/wp-c...')
#14 /wordpress/wp-admin/includes/plugin.php(673): plugin_sandbox_scrape('komparu-compari...')
#15 /internal/eval.php(20): activate_plugin('komparu-compari...')
#16 {main}

Next GuzzleHttp\Exception\ConnectException: cURL error 52: Empty reply from server in /wordpress/wp-content/plugins/komparu-comparison-module/vendor/guzzlehttp/guzzle/src/Exception/RequestException.php:49
Stack trace:
#0 /wordpress/wp-content/plugins/komparu-comparison-module/vendor/guzzlehttp/guzzle/src/RequestFsm.php(103): GuzzleHttp\Exception\RequestException::wrapException(Object(GuzzleHttp\Message\Request), Object(GuzzleHttp\Ring\Exception\ConnectException))
#1 /wordpress/wp-content/plugins/komparu-comparison-module/vendor/guzzlehttp/guzzle/src/RequestFsm.php(132): GuzzleHttp\RequestFsm->__invoke(Object(GuzzleHttp\Transaction))
#2 /wordpress/wp-content/plugins/komparu-comparison-module/vendor/react/promise/src/FulfilledPromise.php(25): GuzzleHttp\RequestFsm->GuzzleHttp\{closure}(Array)
#3 /wordpress/wp-content/plugins/komparu-comparison-module/vendor/guzzlehttp/ringphp/src/Future/CompletedFutureValue.php(55): React\Promise\FulfilledPromise->then(Object(Closure), NULL, NULL)
#4 /wordpress/wp-content/plugins/komparu-comparison-module/vendor/guzzlehttp/guzzle/src/Message/FutureResponse.php(43): GuzzleHttp\Ring\Future\CompletedFutureValue->then(Object(Closure), NULL, NULL)
#5 /wordpress/wp-content/plugins/komparu-comparison-module/vendor/guzzlehttp/guzzle/src/RequestFsm.php(134): GuzzleHttp\Message\FutureResponse::proxy(Object(GuzzleHttp\Ring\Future\CompletedFutureArray), Object(Closure))
#6 /wordpress/wp-content/plugins/komparu-comparison-module/vendor/guzzlehttp/guzzle/src/Client.php(165): GuzzleHttp\RequestFsm->__invoke(Object(GuzzleHttp\Transaction))
#7 /wordpress/wp-content/plugins/komparu-comparison-module/vendor/guzzlehttp/guzzle/src/Client.php(150): GuzzleHttp\Client->send(Object(GuzzleHttp\Message\Request))
#8 /wordpress/wp-content/plugins/komparu-comparison-module/plugin/helpers/SessionHelper.php(11): GuzzleHttp\Client->post('http://code.kom...')
#9 /wordpress/wp-content/plugins/komparu-comparison-module/plugin/init.php(4): SessionHelper::getSid(Object(Herbert\Framework\Plugin))
#10 /wordpress/wp-content/plugins/komparu-comparison-module/framework/Plugin.php(113): require_once('/wordpress/wp-c...')
#11 /wordpress/wp-content/plugins/komparu-comparison-module/framework/Plugin.php(41): Herbert\Framework\Plugin->build()
#12 /wordpress/wp-content/plugins/komparu-comparison-module/plugin.php(17): Herbert\Framework\Plugin->__construct()
#13 /wordpress/wp-admin/includes/plugin.php(2387): include_once('/wordpress/wp-c...')
#14 /wordpress/wp-admin/includes/plugin.php(673): plugin_sandbox_scrape('komparu-compari...')
#15 /internal/eval.php(20): activate_plugin('komparu-compari...')
#16 {main}
  thrown in /wordpress/wp-content/plugins/komparu-comparison-module/vendor/guzzlehttp/guzzle/src/Exception/RequestException.php on line 49
[28-Jun-2025 14:59:21 UTC] PHP Fatal error:  Uncaught GuzzleHttp\Ring\Exception\ConnectException: cURL error 52: Empty reply from server in /wordpress/wp-content/plugins/komparu-comparison-module/vendor/guzzlehttp/ringphp/src/Client/CurlFactory.php:126
Stack trace:
#0 /wordpress/wp-content/plugins/komparu-comparison-module/vendor/guzzlehttp/ringphp/src/Client/CurlFactory.php(91): GuzzleHttp\Ring\Client\CurlFactory::createErrorResponse(Array, Array, Array)
#1 /wordpress/wp-content/plugins/komparu-comparison-module/vendor/guzzlehttp/ringphp/src/Client/CurlHandler.php(96): GuzzleHttp\Ring\Client\CurlFactory::createResponse(Array, Array, Array, Array, Resource id #598)
#2 /wordpress/wp-content/plugins/komparu-comparison-module/vendor/guzzlehttp/ringphp/src/Client/CurlHandler.php(68): GuzzleHttp\Ring\Client\CurlHandler->_invokeAsArray(Array)
#3 /wordpress/wp-content/plugins/komparu-comparison-module/vendor/guzzlehttp/ringphp/src/Client/Middleware.php(54): GuzzleHttp\Ring\Client\CurlHandler->__invoke(Array)
#4 /wordpress/wp-content/plugins/komparu-comparison-module/vendor/guzzlehttp/ringphp/src/Client/Middleware.php(30): GuzzleHttp\Ring\Client\Middleware::GuzzleHttp\Ring\Client\{closure}(Array)
#5 /wordpress/wp-content/plugins/komparu-comparison-module/vendor/guzzlehttp/guzzle/src/RequestFsm.php(129): GuzzleHttp\Ring\Client\Middleware::GuzzleHttp\Ring\Client\{closure}(Array)
#6 /wordpress/wp-content/plugins/komparu-comparison-module/vendor/guzzlehttp/guzzle/src/Client.php(165): GuzzleHttp\RequestFsm->__invoke(Object(GuzzleHttp\Transaction))
#7 /wordpress/wp-content/plugins/komparu-comparison-module/vendor/guzzlehttp/guzzle/src/Client.php(150): GuzzleHttp\Client->send(Object(GuzzleHttp\Message\Request))
#8 /wordpress/wp-content/plugins/komparu-comparison-module/plugin/helpers/SessionHelper.php(11): GuzzleHttp\Client->post('http://code.kom...')
#9 /wordpress/wp-content/plugins/komparu-comparison-module/plugin/init.php(4): SessionHelper::getSid(Object(Herbert\Framework\Plugin))
#10 /wordpress/wp-content/plugins/komparu-comparison-module/framework/Plugin.php(113): require_once('/wordpress/wp-c...')
#11 /wordpress/wp-content/plugins/komparu-comparison-module/framework/Plugin.php(41): Herbert\Framework\Plugin->build()
#12 /wordpress/wp-content/plugins/komparu-comparison-module/plugin.php(17): Herbert\Framework\Plugin->__construct()
#13 /wordpress/wp-admin/includes/plugin.php(2387): include_once('/wordpress/wp-c...')
#14 /wordpress/wp-admin/includes/plugin.php(673): plugin_sandbox_scrape('komparu-compari...')
#15 /internal/eval.php(20): activate_plugin('komparu-compari...')
#16 {main}

Next GuzzleHttp\Exception\ConnectException: cURL error 52: Empty reply from server in /wordpress/wp-content/plugins/komparu-comparison-module/vendor/guzzlehttp/guzzle/src/Exception/RequestException.php:49
Stack trace:
#0 /wordpress/wp-content/plugins/komparu-comparison-module/vendor/guzzlehttp/guzzle/src/RequestFsm.php(103): GuzzleHttp\Exception\RequestException::wrapException(Object(GuzzleHttp\Message\Request), Object(GuzzleHttp\Ring\Exception\ConnectException))
#1 /wordpress/wp-content/plugins/komparu-comparison-module/vendor/guzzlehttp/guzzle/src/RequestFsm.php(132): GuzzleHttp\RequestFsm->__invoke(Object(GuzzleHttp\Transaction))
#2 /wordpress/wp-content/plugins/komparu-comparison-module/vendor/react/promise/src/FulfilledPromise.php(25): GuzzleHttp\RequestFsm->GuzzleHttp\{closure}(Array)
#3 /wordpress/wp-content/plugins/komparu-comparison-module/vendor/guzzlehttp/ringphp/src/Future/CompletedFutureValue.php(55): React\Promise\FulfilledPromise->then(Object(Closure), NULL, NULL)
#4 /wordpress/wp-content/plugins/komparu-comparison-module/vendor/guzzlehttp/guzzle/src/Message/FutureResponse.php(43): GuzzleHttp\Ring\Future\CompletedFutureValue->then(Object(Closure), NULL, NULL)
#5 /wordpress/wp-content/plugins/komparu-comparison-module/vendor/guzzlehttp/guzzle/src/RequestFsm.php(134): GuzzleHttp\Message\FutureResponse::proxy(Object(GuzzleHttp\Ring\Future\CompletedFutureArray), Object(Closure))
#6 /wordpress/wp-content/plugins/komparu-comparison-module/vendor/guzzlehttp/guzzle/src/Client.php(165): GuzzleHttp\RequestFsm->__invoke(Object(GuzzleHttp\Transaction))
#7 /wordpress/wp-content/plugins/komparu-comparison-module/vendor/guzzlehttp/guzzle/src/Client.php(150): GuzzleHttp\Client->send(Object(GuzzleHttp\Message\Request))
#8 /wordpress/wp-content/plugins/komparu-comparison-module/plugin/helpers/SessionHelper.php(11): GuzzleHttp\Client->post('http://code.kom...')
#9 /wordpress/wp-content/plugins/komparu-comparison-module/plugin/init.php(4): SessionHelper::getSid(Object(Herbert\Framework\Plugin))
#10 /wordpress/wp-content/plugins/komparu-comparison-module/framework/Plugin.php(113): require_once('/wordpress/wp-c...')
#11 /wordpress/wp-content/plugins/komparu-comparison-module/framework/Plugin.php(41): Herbert\Framework\Plugin->build()
#12 /wordpress/wp-content/plugins/komparu-comparison-module/plugin.php(17): Herbert\Framework\Plugin->__construct()
#13 /wordpress/wp-admin/includes/plugin.php(2387): include_once('/wordpress/wp-c...')
#14 /wordpress/wp-admin/includes/plugin.php(673): plugin_sandbox_scrape('komparu-compari...')
#15 /internal/eval.php(20): activate_plugin('komparu-compari...')
#16 {main}
  thrown in /wordpress/wp-content/plugins/komparu-comparison-module/vendor/guzzlehttp/guzzle/src/Exception/RequestException.php on line 49
[28-Jun-2025 15:01:49 UTC] PHP Fatal error:  Uncaught GuzzleHttp\Ring\Exception\ConnectException: cURL error 52: Empty reply from server in /wordpress/wp-content/plugins/komparu-comparison-module/vendor/guzzlehttp/ringphp/src/Client/CurlFactory.php:126
Stack trace:
#0 /wordpress/wp-content/plugins/komparu-comparison-module/vendor/guzzlehttp/ringphp/src/Client/CurlFactory.php(91): GuzzleHttp\Ring\Client\CurlFactory::createErrorResponse(Array, Array, Array)
#1 /wordpress/wp-content/plugins/komparu-comparison-module/vendor/guzzlehttp/ringphp/src/Client/CurlHandler.php(96): GuzzleHttp\Ring\Client\CurlFactory::createResponse(Array, Array, Array, Array, Resource id #598)
#2 /wordpress/wp-content/plugins/komparu-comparison-module/vendor/guzzlehttp/ringphp/src/Client/CurlHandler.php(68): GuzzleHttp\Ring\Client\CurlHandler->_invokeAsArray(Array)
#3 /wordpress/wp-content/plugins/komparu-comparison-module/vendor/guzzlehttp/ringphp/src/Client/Middleware.php(54): GuzzleHttp\Ring\Client\CurlHandler->__invoke(Array)
#4 /wordpress/wp-content/plugins/komparu-comparison-module/vendor/guzzlehttp/ringphp/src/Client/Middleware.php(30): GuzzleHttp\Ring\Client\Middleware::GuzzleHttp\Ring\Client\{closure}(Array)
#5 /wordpress/wp-content/plugins/komparu-comparison-module/vendor/guzzlehttp/guzzle/src/RequestFsm.php(129): GuzzleHttp\Ring\Client\Middleware::GuzzleHttp\Ring\Client\{closure}(Array)
#6 /wordpress/wp-content/plugins/komparu-comparison-module/vendor/guzzlehttp/guzzle/src/Client.php(165): GuzzleHttp\RequestFsm->__invoke(Object(GuzzleHttp\Transaction))
#7 /wordpress/wp-content/plugins/komparu-comparison-module/vendor/guzzlehttp/guzzle/src/Client.php(150): GuzzleHttp\Client->send(Object(GuzzleHttp\Message\Request))
#8 /wordpress/wp-content/plugins/komparu-comparison-module/plugin/helpers/SessionHelper.php(11): GuzzleHttp\Client->post('http://code.kom...')
#9 /wordpress/wp-content/plugins/komparu-comparison-module/plugin/init.php(4): SessionHelper::getSid(Object(Herbert\Framework\Plugin))
#10 /wordpress/wp-content/plugins/komparu-comparison-module/framework/Plugin.php(113): require_once('/wordpress/wp-c...')
#11 /wordpress/wp-content/plugins/komparu-comparison-module/framework/Plugin.php(41): Herbert\Framework\Plugin->build()
#12 /wordpress/wp-content/plugins/komparu-comparison-module/plugin.php(17): Herbert\Framework\Plugin->__construct()
#13 /wordpress/wp-admin/includes/plugin.php(2387): include_once('/wordpress/wp-c...')
#14 /wordpress/wp-admin/includes/plugin.php(673): plugin_sandbox_scrape('komparu-compari...')
#15 /internal/eval.php(20): activate_plugin('komparu-compari...')
#16 {main}

Next GuzzleHttp\Exception\ConnectException: cURL error 52: Empty reply from server in /wordpress/wp-content/plugins/komparu-comparison-module/vendor/guzzlehttp/guzzle/src/Exception/RequestException.php:49
Stack trace:
#0 /wordpress/wp-content/plugins/komparu-comparison-module/vendor/guzzlehttp/guzzle/src/RequestFsm.php(103): GuzzleHttp\Exception\RequestException::wrapException(Object(GuzzleHttp\Message\Request), Object(GuzzleHttp\Ring\Exception\ConnectException))
#1 /wordpress/wp-content/plugins/komparu-comparison-module/vendor/guzzlehttp/guzzle/src/RequestFsm.php(132): GuzzleHttp\RequestFsm->__invoke(Object(GuzzleHttp\Transaction))
#2 /wordpress/wp-content/plugins/komparu-comparison-module/vendor/react/promise/src/FulfilledPromise.php(25): GuzzleHttp\RequestFsm->GuzzleHttp\{closure}(Array)
#3 /wordpress/wp-content/plugins/komparu-comparison-module/vendor/guzzlehttp/ringphp/src/Future/CompletedFutureValue.php(55): React\Promise\FulfilledPromise->then(Object(Closure), NULL, NULL)
#4 /wordpress/wp-content/plugins/komparu-comparison-module/vendor/guzzlehttp/guzzle/src/Message/FutureResponse.php(43): GuzzleHttp\Ring\Future\CompletedFutureValue->then(Object(Closure), NULL, NULL)
#5 /wordpress/wp-content/plugins/komparu-comparison-module/vendor/guzzlehttp/guzzle/src/RequestFsm.php(134): GuzzleHttp\Message\FutureResponse::proxy(Object(GuzzleHttp\Ring\Future\CompletedFutureArray), Object(Closure))
#6 /wordpress/wp-content/plugins/komparu-comparison-module/vendor/guzzlehttp/guzzle/src/Client.php(165): GuzzleHttp\RequestFsm->__invoke(Object(GuzzleHttp\Transaction))
#7 /wordpress/wp-content/plugins/komparu-comparison-module/vendor/guzzlehttp/guzzle/src/Client.php(150): GuzzleHttp\Client->send(Object(GuzzleHttp\Message\Request))
#8 /wordpress/wp-content/plugins/komparu-comparison-module/plugin/helpers/SessionHelper.php(11): GuzzleHttp\Client->post('http://code.kom...')
#9 /wordpress/wp-content/plugins/komparu-comparison-module/plugin/init.php(4): SessionHelper::getSid(Object(Herbert\Framework\Plugin))
#10 /wordpress/wp-content/plugins/komparu-comparison-module/framework/Plugin.php(113): require_once('/wordpress/wp-c...')
#11 /wordpress/wp-content/plugins/komparu-comparison-module/framework/Plugin.php(41): Herbert\Framework\Plugin->build()
#12 /wordpress/wp-content/plugins/komparu-comparison-module/plugin.php(17): Herbert\Framework\Plugin->__construct()
#13 /wordpress/wp-admin/includes/plugin.php(2387): include_once('/wordpress/wp-c...')
#14 /wordpress/wp-admin/includes/plugin.php(673): plugin_sandbox_scrape('komparu-compari...')
#15 /internal/eval.php(20): activate_plugin('komparu-compari...')
#16 {main}
  thrown in /wordpress/wp-content/plugins/komparu-comparison-module/vendor/guzzlehttp/guzzle/src/Exception/RequestException.php on line 49

    at Object.onBind (file:///home/runner/work/playground-tester/playground-tester/node_modules/@wp-playground/cli/run-cli-j-geJYS3.js:325:15)
    at async re (file:///home/runner/work/playground-tester/playground-tester/node_modules/@wp-playground/cli/run-cli-j-geJYS3.js:149:10) {
  [cause]: Error: Error when executing the blueprint step #1 ({"step":"installPlugin","pluginData":{"resource":"wordpress.org/plugins","slug":"komparu-comparison-module"},"options":{"activate":true}}) : PHP.run() failed with exit code 255 and the following output: 
      at Object.run (file:///home/runner/work/playground-tester/playground-tester/node_modules/@wp-playground/blueprints/index.js:12093:19)
      at async ys (file:///home/runner/work/playground-tester/playground-tester/node_modules/@wp-playground/blueprints/index.js:12196:3)
      at async Object.onBind (file:///home/runner/work/playground-tester/playground-tester/node_modules/@wp-playground/cli/run-cli-j-geJYS3.js:315:48)
      at async re (file:///home/runner/work/playground-tester/playground-tester/node_modules/@wp-playground/cli/run-cli-j-geJYS3.js:149:10) {
    [cause]: PHPExecutionFailureError: PHP.run() failed with exit code 255 and the following output: 
        at PHP.run (file:///home/runner/work/playground-tester/playground-tester/node_modules/@php-wasm/universal/index.js:1034:19)
        at async wr (file:///home/runner/work/playground-tester/playground-tester/node_modules/@wp-playground/blueprints/index.js:34:39)
        at async Object.gt [as installPlugin] (file:///home/runner/work/playground-tester/playground-tester/node_modules/@wp-playground/blueprints/index.js:631:42)
        at async g (file:///home/runner/work/playground-tester/playground-tester/node_modules/@wp-playground/blueprints/index.js:12161:30)
        at async Object.run (file:///home/runner/work/playground-tester/playground-tester/node_modules/@wp-playground/blueprints/index.js:12090:23)
        at async ys (file:///home/runner/work/playground-tester/playground-tester/node_modules/@wp-playground/blueprints/index.js:12196:3)
        at async Object.onBind (file:///home/runner/work/playground-tester/playground-tester/node_modules/@wp-playground/cli/run-cli-j-geJYS3.js:315:48)
        at async re (file:///home/runner/work/playground-tester/playground-tester/node_modules/@wp-playground/cli/run-cli-j-geJYS3.js:149:10) {
      response: PHPResponse {
        httpStatusCode: 500,
        headers: {
          'x-powered-by': [ 'PHP/8.0.30-dev' ],
          'set-cookie': [ 'PHPSESSID=e8717c1ccb9b7596694c86cd5648fd8f; path=/' ],
          expires: [ 'Thu, 19 Nov 1981 08:52:00 GMT' ],
          'cache-control': [ 'no-store, no-cache, must-revalidate' ],
          pragma: [ 'no-cache' ],
          'content-type': [ 'text/html; charset=UTF-8' ]
        },
        bytes: Uint8Array(0) [],
        exitCode: 255,
        errors: ''
      },
      source: 'request'
    }
  }
}

Node.js v23.11.0
