[
{"message":"file:///home/runner/work/playground-tester/playground-tester/node_modules/@wp-playground/cli/index.js:237\n        throw new Error(y, { cause: u });\n              ^\n","level":"FATAL","type":"PLAYGROUND","test":"jspi-boot","plugin":"simile-for-woocommerce","details":"file:///home/runner/work/playground-tester/playground-tester/node_modules/@wp-playground/cli/index.js:237\n        throw new Error(y, { cause: u });\n              ^\n","log":"/tmp/tmp.LA8WyKYJjT"}
,
{"message":"Uncaught Error: Call to undefined function create_function() in /wordpress/wp-content/plugins/sency-real-time-search-feed/pj-sency.php:254","level":"FATAL","type":"PHP","test":"jspi-boot","plugin":"simile-for-woocommerce","details":"[08-May-2025 06:59:58 UTC] PHP Fatal error:  Uncaught Error: Call to undefined function create_function() in /wordpress/wp-content/plugins/sency-real-time-search-feed/pj-sency.php:254\nStack trace:\n#0 /wordpress/wp-admin/includes/plugin.php(2387): include_once()\n#1 /wordpress/wp-admin/includes/plugin.php(673): plugin_sandbox_scrape('sency-real-time...')\n#2 /internal/eval.php(20): activate_plugin('sency-real-time...')\n#3 {main}\n  thrown in /wordpress/wp-content/plugins/sency-real-time-search-feed/pj-sency.php on line 254","log":"/logs/plugins/s/simile-for-woocommerce/error.json"}
,
{"message":"Uncaught Error: Call to undefined function create_function() in /wordpress/wp-content/plugins/sency-real-time-search-feed/pj-sency.php:254","level":"FATAL","type":"PHP","test":"jspi-boot","plugin":"simile-for-woocommerce","details":"[08-May-2025 07:00:06 UTC] PHP Fatal error:  Uncaught Error: Call to undefined function create_function() in /wordpress/wp-content/plugins/sency-real-time-search-feed/pj-sency.php:254\nStack trace:\n#0 /wordpress/wp-admin/includes/plugin.php(2387): include_once()\n#1 /wordpress/wp-admin/includes/plugin.php(673): plugin_sandbox_scrape('sency-real-time...')\n#2 /internal/eval.php(20): activate_plugin('sency-real-time...')\n#3 {main}\n  thrown in /wordpress/wp-content/plugins/sency-real-time-search-feed/pj-sency.php on line 254","log":"/logs/plugins/s/simile-for-woocommerce/error.json"}
,
{"message":"Uncaught Error: Call to undefined function create_function() in /wordpress/wp-content/plugins/sency-real-time-search-feed/pj-sency.php:254","level":"FATAL","type":"PHP","test":"jspi-boot","plugin":"simile-for-woocommerce","details":"[08-May-2025 07:00:15 UTC] PHP Fatal error:  Uncaught Error: Call to undefined function create_function() in /wordpress/wp-content/plugins/sency-real-time-search-feed/pj-sency.php:254\nStack trace:\n#0 /wordpress/wp-admin/includes/plugin.php(2387): include_once()\n#1 /wordpress/wp-admin/includes/plugin.php(673): plugin_sandbox_scrape('sency-real-time...')\n#2 /internal/eval.php(20): activate_plugin('sency-real-time...')\n#3 {main}\n  thrown in /wordpress/wp-content/plugins/sency-real-time-search-feed/pj-sency.php on line 254\n[08-May-2025 13:02:23 Asia/Dhaka] PHP Warning:  Undefined array key 1 in /wordpress/wp-content/plugins/shipping-method-conditionally/includes/Functions.php on line 82\n[08-May-2025 13:02:23 Asia/Dhaka] PHP Warning:  Undefined array key 1 in /wordpress/wp-content/plugins/shipping-method-conditionally/includes/Functions.php on line 92\n[08-May-2025 13:02:31 Asia/Dhaka] PHP Warning:  Undefined array key 1 in /wordpress/wp-content/plugins/shipping-method-conditionally/includes/Functions.php on line 82\n[08-May-2025 13:02:31 Asia/Dhaka] PHP Warning:  Undefined array key 1 in /wordpress/wp-content/plugins/shipping-method-conditionally/includes/Functions.php on line 92\n[08-May-2025 13:02:39 Asia/Dhaka] PHP Warning:  Undefined array key 1 in /wordpress/wp-content/plugins/shipping-method-conditionally/includes/Functions.php on line 82\n[08-May-2025 13:02:39 Asia/Dhaka] PHP Warning:  Undefined array key 1 in /wordpress/wp-content/plugins/shipping-method-conditionally/includes/Functions.php on line 92","log":"/logs/plugins/s/simile-for-woocommerce/error.json"}
,
{"message":"Function register_sidebar_widget is <strong>deprecated</strong> since version 2.8.0! Use wp_register_sidebar_widget() instead. in /wordpress/wp-includes/functions.php on line 6121","level":"DEPRECATED","type":"PHP","test":"jspi-boot","plugin":"simile-for-woocommerce","details":"[08-May-2025 07:03:12 UTC] PHP Deprecated:  Function register_sidebar_widget is <strong>deprecated</strong> since version 2.8.0! Use wp_register_sidebar_widget() instead. in /wordpress/wp-includes/functions.php on line 6121","log":"/logs/plugins/s/simile-for-woocommerce/error.json"}
,
{"message":"Function register_widget_control is <strong>deprecated</strong> since version 2.8.0! Use wp_register_widget_control() instead. in /wordpress/wp-includes/functions.php on line 6121","level":"DEPRECATED","type":"PHP","test":"jspi-boot","plugin":"simile-for-woocommerce","details":"[08-May-2025 07:03:12 UTC] PHP Deprecated:  Function register_widget_control is <strong>deprecated</strong> since version 2.8.0! Use wp_register_widget_control() instead. in /wordpress/wp-includes/functions.php on line 6121","log":"/logs/plugins/s/simile-for-woocommerce/error.json"}
,
{"message":"Function register_sidebar_widget is <strong>deprecated</strong> since version 2.8.0! Use wp_register_sidebar_widget() instead. in /wordpress/wp-includes/functions.php on line 6121","level":"DEPRECATED","type":"PHP","test":"jspi-boot","plugin":"simile-for-woocommerce","details":"[08-May-2025 07:03:20 UTC] PHP Deprecated:  Function register_sidebar_widget is <strong>deprecated</strong> since version 2.8.0! Use wp_register_sidebar_widget() instead. in /wordpress/wp-includes/functions.php on line 6121","log":"/logs/plugins/s/simile-for-woocommerce/error.json"}
,
{"message":"Function register_widget_control is <strong>deprecated</strong> since version 2.8.0! Use wp_register_widget_control() instead. in /wordpress/wp-includes/functions.php on line 6121","level":"DEPRECATED","type":"PHP","test":"jspi-boot","plugin":"simile-for-woocommerce","details":"[08-May-2025 07:03:20 UTC] PHP Deprecated:  Function register_widget_control is <strong>deprecated</strong> since version 2.8.0! Use wp_register_widget_control() instead. in /wordpress/wp-includes/functions.php on line 6121","log":"/logs/plugins/s/simile-for-woocommerce/error.json"}
,
{"message":"Function register_sidebar_widget is <strong>deprecated</strong> since version 2.8.0! Use wp_register_sidebar_widget() instead. in /wordpress/wp-includes/functions.php on line 6121","level":"DEPRECATED","type":"PHP","test":"jspi-boot","plugin":"simile-for-woocommerce","details":"[08-May-2025 07:03:27 UTC] PHP Deprecated:  Function register_sidebar_widget is <strong>deprecated</strong> since version 2.8.0! Use wp_register_sidebar_widget() instead. in /wordpress/wp-includes/functions.php on line 6121","log":"/logs/plugins/s/simile-for-woocommerce/error.json"}
,
{"message":"Function register_widget_control is <strong>deprecated</strong> since version 2.8.0! Use wp_register_widget_control() instead. in /wordpress/wp-includes/functions.php on line 6121","level":"DEPRECATED","type":"PHP","test":"jspi-boot","plugin":"simile-for-woocommerce","details":"[08-May-2025 07:03:27 UTC] PHP Deprecated:  Function register_widget_control is <strong>deprecated</strong> since version 2.8.0! Use wp_register_widget_control() instead. in /wordpress/wp-includes/functions.php on line 6121","log":"/logs/plugins/s/simile-for-woocommerce/error.json"}
,
{"message":"Function load_plugin_textdomain was called with an argument that is <strong>deprecated</strong> since version 2.7.0 with no alternative available. in /wordpress/wp-includes/functions.php on line 6121","level":"DEPRECATED","type":"PHP","test":"jspi-boot","plugin":"simile-for-woocommerce","details":"[08-May-2025 07:03:36 UTC] PHP Deprecated:  Function load_plugin_textdomain was called with an argument that is <strong>deprecated</strong> since version 2.7.0 with no alternative available. in /wordpress/wp-includes/functions.php on line 6121","log":"/logs/plugins/s/simile-for-woocommerce/error.json"}
,
{"message":"Function load_plugin_textdomain was called with an argument that is <strong>deprecated</strong> since version 2.7.0 with no alternative available. in /wordpress/wp-includes/functions.php on line 6121","level":"DEPRECATED","type":"PHP","test":"jspi-boot","plugin":"simile-for-woocommerce","details":"[08-May-2025 07:03:43 UTC] PHP Deprecated:  Function load_plugin_textdomain was called with an argument that is <strong>deprecated</strong> since version 2.7.0 with no alternative available. in /wordpress/wp-includes/functions.php on line 6121","log":"/logs/plugins/s/simile-for-woocommerce/error.json"}
,
{"message":"Function load_plugin_textdomain was called with an argument that is <strong>deprecated</strong> since version 2.7.0 with no alternative available. in /wordpress/wp-includes/functions.php on line 6121","level":"DEPRECATED","type":"PHP","test":"jspi-boot","plugin":"simile-for-woocommerce","details":"[08-May-2025 07:03:51 UTC] PHP Deprecated:  Function load_plugin_textdomain was called with an argument that is <strong>deprecated</strong> since version 2.7.0 with no alternative available. in /wordpress/wp-includes/functions.php on line 6121","log":"/logs/plugins/s/simile-for-woocommerce/error.json"}
,
{"message":"Uncaught TypeError: array_merge(): Argument #1 must be of type array, bool given in /wordpress/wp-content/plugins/rapidsec-csp-and-security-headers/Rapidsec/Settings.php:52","level":"FATAL","type":"PHP","test":"jspi-boot","plugin":"simile-for-woocommerce","details":"[08-May-2025 07:03:59 UTC] PHP Fatal error:  Uncaught TypeError: array_merge(): Argument #1 must be of type array, bool given in /wordpress/wp-content/plugins/rapidsec-csp-and-security-headers/Rapidsec/Settings.php:52\nStack trace:\n#0 /wordpress/wp-content/plugins/rapidsec-csp-and-security-headers/Rapidsec/Settings.php(52): array_merge(false, Array)\n#1 /wordpress/wp-content/plugins/rapidsec-csp-and-security-headers/Rapidsec/Core.php(73): Rapidsec\\Settings->__construct('/wordpress/wp-c...', Object(Rapidsec\\Core))\n#2 /wordpress/wp-content/plugins/rapidsec-csp-and-security-headers/rapidsec.php(71): Rapidsec\\Core->__construct('/wordpress/wp-c...')\n#3 /wordpress/wp-admin/includes/plugin.php(2387): include_once('/wordpress/wp-c...')\n#4 /wordpress/wp-admin/includes/plugin.php(673): plugin_sandbox_scrape('rapidsec-csp-an...')\n#5 /internal/eval.php(20): activate_plugin('rapidsec-csp-an...')\n#6 {main}\n  thrown in /wordpress/wp-content/plugins/rapidsec-csp-and-security-headers/Rapidsec/Settings.php on line 52","log":"/logs/plugins/s/simile-for-woocommerce/error.json"}
,
{"message":"Uncaught TypeError: array_merge(): Argument #1 must be of type array, bool given in /wordpress/wp-content/plugins/rapidsec-csp-and-security-headers/Rapidsec/Settings.php:52","level":"FATAL","type":"PHP","test":"jspi-boot","plugin":"simile-for-woocommerce","details":"[08-May-2025 07:04:05 UTC] PHP Fatal error:  Uncaught TypeError: array_merge(): Argument #1 must be of type array, bool given in /wordpress/wp-content/plugins/rapidsec-csp-and-security-headers/Rapidsec/Settings.php:52\nStack trace:\n#0 /wordpress/wp-content/plugins/rapidsec-csp-and-security-headers/Rapidsec/Settings.php(52): array_merge(false, Array)\n#1 /wordpress/wp-content/plugins/rapidsec-csp-and-security-headers/Rapidsec/Core.php(73): Rapidsec\\Settings->__construct('/wordpress/wp-c...', Object(Rapidsec\\Core))\n#2 /wordpress/wp-content/plugins/rapidsec-csp-and-security-headers/rapidsec.php(71): Rapidsec\\Core->__construct('/wordpress/wp-c...')\n#3 /wordpress/wp-admin/includes/plugin.php(2387): include_once('/wordpress/wp-c...')\n#4 /wordpress/wp-admin/includes/plugin.php(673): plugin_sandbox_scrape('rapidsec-csp-an...')\n#5 /internal/eval.php(20): activate_plugin('rapidsec-csp-an...')\n#6 {main}\n  thrown in /wordpress/wp-content/plugins/rapidsec-csp-and-security-headers/Rapidsec/Settings.php on line 52","log":"/logs/plugins/s/simile-for-woocommerce/error.json"}
,
{"message":"Uncaught TypeError: array_merge(): Argument #1 must be of type array, bool given in /wordpress/wp-content/plugins/rapidsec-csp-and-security-headers/Rapidsec/Settings.php:52","level":"FATAL","type":"PHP","test":"jspi-boot","plugin":"simile-for-woocommerce","details":"[08-May-2025 07:04:12 UTC] PHP Fatal error:  Uncaught TypeError: array_merge(): Argument #1 must be of type array, bool given in /wordpress/wp-content/plugins/rapidsec-csp-and-security-headers/Rapidsec/Settings.php:52\nStack trace:\n#0 /wordpress/wp-content/plugins/rapidsec-csp-and-security-headers/Rapidsec/Settings.php(52): array_merge(false, Array)\n#1 /wordpress/wp-content/plugins/rapidsec-csp-and-security-headers/Rapidsec/Core.php(73): Rapidsec\\Settings->__construct('/wordpress/wp-c...', Object(Rapidsec\\Core))\n#2 /wordpress/wp-content/plugins/rapidsec-csp-and-security-headers/rapidsec.php(71): Rapidsec\\Core->__construct('/wordpress/wp-c...')\n#3 /wordpress/wp-admin/includes/plugin.php(2387): include_once('/wordpress/wp-c...')\n#4 /wordpress/wp-admin/includes/plugin.php(673): plugin_sandbox_scrape('rapidsec-csp-an...')\n#5 /internal/eval.php(20): activate_plugin('rapidsec-csp-an...')\n#6 {main}\n  thrown in /wordpress/wp-content/plugins/rapidsec-csp-and-security-headers/Rapidsec/Settings.php on line 52","log":"/logs/plugins/s/simile-for-woocommerce/error.json"}
,
{"message":"require(/wordpress/wp-content/plugins/read-offline/vendor/composer/../symfony/polyfill-mbstring/bootstrap.php): Failed to open stream: No such file or directory in /wordpress/wp-content/plugins/read-offline/vendor/composer/autoload_real.php on line 71","level":"WARNING","type":"PHP","test":"jspi-boot","plugin":"simile-for-woocommerce","details":"[08-May-2025 07:05:04 UTC] PHP Warning:  require(/wordpress/wp-content/plugins/read-offline/vendor/composer/../symfony/polyfill-mbstring/bootstrap.php): Failed to open stream: No such file or directory in /wordpress/wp-content/plugins/read-offline/vendor/composer/autoload_real.php on line 71","log":"/logs/plugins/s/simile-for-woocommerce/error.json"}
,
{"message":"Uncaught Error: Failed opening required '/wordpress/wp-content/plugins/read-offline/vendor/composer/../symfony/polyfill-mbstring/bootstrap.php' (include_path='.:') in /wordpress/wp-content/plugins/read-offline/vendor/composer/autoload_real.php:71","level":"FATAL","type":"PHP","test":"jspi-boot","plugin":"simile-for-woocommerce","details":"[08-May-2025 07:05:04 UTC] PHP Fatal error:  Uncaught Error: Failed opening required '/wordpress/wp-content/plugins/read-offline/vendor/composer/../symfony/polyfill-mbstring/bootstrap.php' (include_path='.:') in /wordpress/wp-content/plugins/read-offline/vendor/composer/autoload_real.php:71\nStack trace:\n#0 /wordpress/wp-content/plugins/read-offline/vendor/composer/autoload_real.php(61): composerRequire6785bcfdf42e6eb04a58c3c2ace37cea('0e6d7bf4a5811bf...', '/wordpress/wp-c...')\n#1 /wordpress/wp-content/plugins/read-offline/vendor/autoload.php(7): ComposerAutoloaderInit6785bcfdf42e6eb04a58c3c2ace37cea::getLoader()\n#2 /wordpress/wp-content/plugins/read-offline/read-offline.php(31): require_once('/wordpress/wp-c...')\n#3 /wordpress/wp-admin/includes/plugin.php(2387): include_once('/wordpress/wp-c...')\n#4 /wordpress/wp-admin/includes/plugin.php(673): plugin_sandbox_scrape('read-offline/re...')\n#5 /internal/eval.php(20): activate_plugin('read-offline/re...')\n#6 {main}\n  thrown in /wordpress/wp-content/plugins/read-offline/vendor/composer/autoload_real.php on line 71","log":"/logs/plugins/s/simile-for-woocommerce/error.json"}
,
{"message":"require(/wordpress/wp-content/plugins/read-offline/vendor/composer/../symfony/polyfill-mbstring/bootstrap.php): Failed to open stream: No such file or directory in /wordpress/wp-content/plugins/read-offline/vendor/composer/autoload_real.php on line 71","level":"WARNING","type":"PHP","test":"jspi-boot","plugin":"simile-for-woocommerce","details":"[08-May-2025 07:05:18 UTC] PHP Warning:  require(/wordpress/wp-content/plugins/read-offline/vendor/composer/../symfony/polyfill-mbstring/bootstrap.php): Failed to open stream: No such file or directory in /wordpress/wp-content/plugins/read-offline/vendor/composer/autoload_real.php on line 71","log":"/logs/plugins/s/simile-for-woocommerce/error.json"}
,
{"message":"Uncaught Error: Failed opening required '/wordpress/wp-content/plugins/read-offline/vendor/composer/../symfony/polyfill-mbstring/bootstrap.php' (include_path='.:') in /wordpress/wp-content/plugins/read-offline/vendor/composer/autoload_real.php:71","level":"FATAL","type":"PHP","test":"jspi-boot","plugin":"simile-for-woocommerce","details":"[08-May-2025 07:05:18 UTC] PHP Fatal error:  Uncaught Error: Failed opening required '/wordpress/wp-content/plugins/read-offline/vendor/composer/../symfony/polyfill-mbstring/bootstrap.php' (include_path='.:') in /wordpress/wp-content/plugins/read-offline/vendor/composer/autoload_real.php:71\nStack trace:\n#0 /wordpress/wp-content/plugins/read-offline/vendor/composer/autoload_real.php(61): composerRequire6785bcfdf42e6eb04a58c3c2ace37cea('0e6d7bf4a5811bf...', '/wordpress/wp-c...')\n#1 /wordpress/wp-content/plugins/read-offline/vendor/autoload.php(7): ComposerAutoloaderInit6785bcfdf42e6eb04a58c3c2ace37cea::getLoader()\n#2 /wordpress/wp-content/plugins/read-offline/read-offline.php(31): require_once('/wordpress/wp-c...')\n#3 /wordpress/wp-admin/includes/plugin.php(2387): include_once('/wordpress/wp-c...')\n#4 /wordpress/wp-admin/includes/plugin.php(673): plugin_sandbox_scrape('read-offline/re...')\n#5 /internal/eval.php(20): activate_plugin('read-offline/re...')\n#6 {main}\n  thrown in /wordpress/wp-content/plugins/read-offline/vendor/composer/autoload_real.php on line 71","log":"/logs/plugins/s/simile-for-woocommerce/error.json"}
,
{"message":"require(/wordpress/wp-content/plugins/read-offline/vendor/composer/../symfony/polyfill-mbstring/bootstrap.php): Failed to open stream: No such file or directory in /wordpress/wp-content/plugins/read-offline/vendor/composer/autoload_real.php on line 71","level":"WARNING","type":"PHP","test":"jspi-boot","plugin":"simile-for-woocommerce","details":"[08-May-2025 07:05:32 UTC] PHP Warning:  require(/wordpress/wp-content/plugins/read-offline/vendor/composer/../symfony/polyfill-mbstring/bootstrap.php): Failed to open stream: No such file or directory in /wordpress/wp-content/plugins/read-offline/vendor/composer/autoload_real.php on line 71","log":"/logs/plugins/s/simile-for-woocommerce/error.json"}
,
{"message":"Uncaught Error: Failed opening required '/wordpress/wp-content/plugins/read-offline/vendor/composer/../symfony/polyfill-mbstring/bootstrap.php' (include_path='.:') in /wordpress/wp-content/plugins/read-offline/vendor/composer/autoload_real.php:71","level":"FATAL","type":"PHP","test":"jspi-boot","plugin":"simile-for-woocommerce","details":"[08-May-2025 07:05:32 UTC] PHP Fatal error:  Uncaught Error: Failed opening required '/wordpress/wp-content/plugins/read-offline/vendor/composer/../symfony/polyfill-mbstring/bootstrap.php' (include_path='.:') in /wordpress/wp-content/plugins/read-offline/vendor/composer/autoload_real.php:71\nStack trace:\n#0 /wordpress/wp-content/plugins/read-offline/vendor/composer/autoload_real.php(61): composerRequire6785bcfdf42e6eb04a58c3c2ace37cea('0e6d7bf4a5811bf...', '/wordpress/wp-c...')\n#1 /wordpress/wp-content/plugins/read-offline/vendor/autoload.php(7): ComposerAutoloaderInit6785bcfdf42e6eb04a58c3c2ace37cea::getLoader()\n#2 /wordpress/wp-content/plugins/read-offline/read-offline.php(31): require_once('/wordpress/wp-c...')\n#3 /wordpress/wp-admin/includes/plugin.php(2387): include_once('/wordpress/wp-c...')\n#4 /wordpress/wp-admin/includes/plugin.php(673): plugin_sandbox_scrape('read-offline/re...')\n#5 /internal/eval.php(20): activate_plugin('read-offline/re...')\n#6 {main}\n  thrown in /wordpress/wp-content/plugins/read-offline/vendor/composer/autoload_real.php on line 71","log":"/logs/plugins/s/simile-for-woocommerce/error.json"}
,
{"message":"Uncaught Error: Call to undefined function mysql_query() in /wordpress/wp-content/plugins/sidenotes/sidenotes.php:53","level":"FATAL","type":"PHP","test":"jspi-boot","plugin":"simile-for-woocommerce","details":"[08-May-2025 07:07:42 UTC] PHP Fatal error:  Uncaught Error: Call to undefined function mysql_query() in /wordpress/wp-content/plugins/sidenotes/sidenotes.php:53\nStack trace:\n#0 /wordpress/wp-includes/class-wp-hook.php(324): sidenotes_install(false)\n#1 /wordpress/wp-includes/class-wp-hook.php(348): WP_Hook->apply_filters('', Array)\n#2 /wordpress/wp-includes/plugin.php(517): WP_Hook->do_action(Array)\n#3 /wordpress/wp-admin/includes/plugin.php(703): do_action('activate_sideno...', false)\n#4 /internal/eval.php(20): activate_plugin('sidenotes/siden...')\n#5 {main}\n  thrown in /wordpress/wp-content/plugins/sidenotes/sidenotes.php on line 53","log":"/logs/plugins/s/simile-for-woocommerce/error.json"}
,
{"message":"Uncaught Error: Call to undefined function mysql_query() in /wordpress/wp-content/plugins/sidenotes/sidenotes.php:53","level":"FATAL","type":"PHP","test":"jspi-boot","plugin":"simile-for-woocommerce","details":"[08-May-2025 07:07:49 UTC] PHP Fatal error:  Uncaught Error: Call to undefined function mysql_query() in /wordpress/wp-content/plugins/sidenotes/sidenotes.php:53\nStack trace:\n#0 /wordpress/wp-includes/class-wp-hook.php(324): sidenotes_install(false)\n#1 /wordpress/wp-includes/class-wp-hook.php(348): WP_Hook->apply_filters('', Array)\n#2 /wordpress/wp-includes/plugin.php(517): WP_Hook->do_action(Array)\n#3 /wordpress/wp-admin/includes/plugin.php(703): do_action('activate_sideno...', false)\n#4 /internal/eval.php(20): activate_plugin('sidenotes/siden...')\n#5 {main}\n  thrown in /wordpress/wp-content/plugins/sidenotes/sidenotes.php on line 53","log":"/logs/plugins/s/simile-for-woocommerce/error.json"}
,
{"message":"Uncaught Error: Call to undefined function mysql_query() in /wordpress/wp-content/plugins/sidenotes/sidenotes.php:53","level":"FATAL","type":"PHP","test":"jspi-boot","plugin":"simile-for-woocommerce","details":"[08-May-2025 07:07:57 UTC] PHP Fatal error:  Uncaught Error: Call to undefined function mysql_query() in /wordpress/wp-content/plugins/sidenotes/sidenotes.php:53\nStack trace:\n#0 /wordpress/wp-includes/class-wp-hook.php(324): sidenotes_install(false)\n#1 /wordpress/wp-includes/class-wp-hook.php(348): WP_Hook->apply_filters('', Array)\n#2 /wordpress/wp-includes/plugin.php(517): WP_Hook->do_action(Array)\n#3 /wordpress/wp-admin/includes/plugin.php(703): do_action('activate_sideno...', false)\n#4 /internal/eval.php(20): activate_plugin('sidenotes/siden...')\n#5 {main}\n  thrown in /wordpress/wp-content/plugins/sidenotes/sidenotes.php on line 53","log":"/logs/plugins/s/simile-for-woocommerce/error.json"}
,
{"message":"Required parameter $old_quantity follows optional parameter $quantity in /wordpress/wp-content/plugins/simile-for-woocommerce/includes/simile-smart-bundles-products-view.php on line 430","level":"DEPRECATED","type":"PHP","test":"jspi-boot","plugin":"simile-for-woocommerce","details":"[08-May-2025 07:08:06 UTC] PHP Deprecated:  Required parameter $old_quantity follows optional parameter $quantity in /wordpress/wp-content/plugins/simile-for-woocommerce/includes/simile-smart-bundles-products-view.php on line 430","log":"/logs/plugins/s/simile-for-woocommerce/error.json"}
,
{"message":"Required parameter $cart follows optional parameter $quantity in /wordpress/wp-content/plugins/simile-for-woocommerce/includes/simile-smart-bundles-products-view.php on line 430","level":"DEPRECATED","type":"PHP","test":"jspi-boot","plugin":"simile-for-woocommerce","details":"[08-May-2025 07:08:06 UTC] PHP Deprecated:  Required parameter $cart follows optional parameter $quantity in /wordpress/wp-content/plugins/simile-for-woocommerce/includes/simile-smart-bundles-products-view.php on line 430","log":"/logs/plugins/s/simile-for-woocommerce/error.json"}
,
{"message":"Uncaught Exception: \"cURL error 35: OpenSSL SSL_connect: SSL_ERROR_SYSCALL in connection to api.scopemedia.com:443 \" in /wordpress/wp-content/plugins/simile-for-woocommerce/includes/simile-model.php:429","level":"FATAL","type":"PHP","test":"jspi-boot","plugin":"simile-for-woocommerce","details":"[08-May-2025 07:08:06 UTC] PHP Fatal error:  Uncaught Exception: \"cURL error 35: OpenSSL SSL_connect: SSL_ERROR_SYSCALL in connection to api.scopemedia.com:443 \" in /wordpress/wp-content/plugins/simile-for-woocommerce/includes/simile-model.php:429\nStack trace:\n#0 /wordpress/wp-content/plugins/simile-for-woocommerce/includes/simile-model.php(50): Simile_Model::check_response_error(Object(WP_Error))\n#1 /wordpress/wp-content/plugins/simile-for-woocommerce/includes/simile-on-activation.php(42): Simile_Model::signup()\n#2 /wordpress/wp-content/plugins/simile-for-woocommerce/simile-for-woocommerce.php(78): Simile_On_Activation::on_activation()\n#3 /wordpress/wp-includes/class-wp-hook.php(324): Simile->on_activation(false)\n#4 /wordpress/wp-includes/class-wp-hook.php(348): WP_Hook->apply_filters('', Array)\n#5 /wordpress/wp-includes/plugin.php(517): WP_Hook->do_action(Array)\n#6 /wordpress/wp-admin/includes/plugin.php(703): do_action('activate_simile...', false)\n#7 /internal/eval.php(20): activate_plugin('simile-for-wooc...')\n#8 {main}\n  thrown in /wordpress/wp-content/plugins/simile-for-woocommerce/includes/simile-model.php on line 429","log":"/logs/plugins/s/simile-for-woocommerce/error.json"}
,
{"message":"Required parameter $old_quantity follows optional parameter $quantity in /wordpress/wp-content/plugins/simile-for-woocommerce/includes/simile-smart-bundles-products-view.php on line 430","level":"DEPRECATED","type":"PHP","test":"jspi-boot","plugin":"simile-for-woocommerce","details":"[08-May-2025 07:08:14 UTC] PHP Deprecated:  Required parameter $old_quantity follows optional parameter $quantity in /wordpress/wp-content/plugins/simile-for-woocommerce/includes/simile-smart-bundles-products-view.php on line 430","log":"/logs/plugins/s/simile-for-woocommerce/error.json"}
,
{"message":"Required parameter $cart follows optional parameter $quantity in /wordpress/wp-content/plugins/simile-for-woocommerce/includes/simile-smart-bundles-products-view.php on line 430","level":"DEPRECATED","type":"PHP","test":"jspi-boot","plugin":"simile-for-woocommerce","details":"[08-May-2025 07:08:14 UTC] PHP Deprecated:  Required parameter $cart follows optional parameter $quantity in /wordpress/wp-content/plugins/simile-for-woocommerce/includes/simile-smart-bundles-products-view.php on line 430","log":"/logs/plugins/s/simile-for-woocommerce/error.json"}
,
{"message":"Unknown drop type: table.","level":"FATAL","type":"SQL","test":"jspi-boot","plugin":"simile-for-woocommerce","details":"[08-May-2025 07:08:14 UTC] WordPress database error <div style=\"clear:both\">&nbsp;</div>\n<div class=\"queries\" style=\"clear:both;margin-bottom:2px;border:red dotted thin;\">\n<p>MySQL query:</p>\n<p>drop table IF EXISTS wp_postmeta_simile_backup;</p>\n<p>Queries made or created this session were:</p>\n<ol>\n<li>Executing: BEGIN | (no parameters)</li>\n<li>Executing: ROLLBACK | (no parameters)</li>\n</ol>\n</div>\n<div style=\"clear:both;margin-bottom:2px;border:red dotted thin;\" class=\"error_message\" style=\"border-bottom:dotted blue thin;\">\nError occurred at line 4117 in Function <code>handle_error</code>. Error message was: Unknown drop type: table.\n</div>\n<p>Backtrace:</p>\n<pre>#0 /internal/shared/sqlite-database-integration/wp-includes/sqlite/class-wp-sqlite-db.php(287): WP_SQLite_Translator->get_error_message()\n#1 /wordpress/wp-content/plugins/simile-for-woocommerce/includes/simile-model.php(105): WP_SQLite_DB->query('drop table IF E...')\n#2 /wordpress/wp-content/plugins/simile-for-woocommerce/includes/simile-on-activation.php(38): Simile_Model::initial_db()\n#3 /wordpress/wp-content/plugins/simile-for-woocommerce/simile-for-woocommerce.php(78): Simile_On_Activation::on_activation()\n#4 /wordpress/wp-includes/class-wp-hook.php(324): Simile->on_activation(false)\n#5 /wordpress/wp-includes/class-wp-hook.php(348): WP_Hook->apply_filters('', Array)\n#6 /wordpress/wp-includes/plugin.php(517): WP_Hook->do_action(Array)\n#7 /wordpress/wp-admin/includes/plugin.php(703): do_action('activate_simile...', false)\n#8 /internal/eval.php(20): activate_plugin('simile-for-wooc...')\n#9 {main}</pre>\n for query drop table IF EXISTS wp_postmeta_simile_backup; made by activate_plugin, do_action('activate_simile-for-woocommerce/simile-for-woocommerce.php'), WP_Hook->do_action, WP_Hook->apply_filters, Simile->on_activation, Simile_On_Activation::on_activation, Simile_Model::initial_db, WP_SQLite_DB->query, WP_SQLite_DB->print_error","log":"/logs/plugins/s/simile-for-woocommerce/error.json"}
,
{"message":"Uncaught Error: Call to a member function matches() on null in /internal/shared/sqlite-database-integration/wp-includes/sqlite/class-wp-sqlite-translator.php:1021","level":"FATAL","type":"PHP","test":"jspi-boot","plugin":"simile-for-woocommerce","details":"[08-May-2025 07:08:14 UTC] PHP Fatal error:  Uncaught Error: Call to a member function matches() on null in /internal/shared/sqlite-database-integration/wp-includes/sqlite/class-wp-sqlite-translator.php:1021\nStack trace:\n#0 /internal/shared/sqlite-database-integration/wp-includes/sqlite/class-wp-sqlite-translator.php(880): WP_SQLite_Translator->parse_create_table()\n#1 /internal/shared/sqlite-database-integration/wp-includes/sqlite/class-wp-sqlite-translator.php(3377): WP_SQLite_Translator->execute_create_table()\n#2 /internal/shared/sqlite-database-integration/wp-includes/sqlite/class-wp-sqlite-translator.php(801): WP_SQLite_Translator->execute_create()\n#3 /internal/shared/sqlite-database-integration/wp-includes/sqlite/class-wp-sqlite-translator.php(622): WP_SQLite_Translator->execute_mysql_query('CREATE TABLE wp...')\n#4 /internal/shared/sqlite-database-integration/wp-includes/sqlite/class-wp-sqlite-db.php(280): WP_SQLite_Translator->query('CREATE TABLE wp...')\n#5 /wordpress/wp-content/plugins/simile-for-woocommerce/includes/simile-model.php(106): WP_SQLite_DB->query('CREATE TABLE wp...')\n#6 /wordpress/wp-content/plugins/simile-for-woocommerce/includes/simile-on-activation.php(38): Simile_Model::initial_db()\n#7 /wordpress/wp-content/plugins/simile-for-woocommerce/simile-for-woocommerce.php(78): Simile_On_Activation::on_activation()\n#8 /wordpress/wp-includes/class-wp-hook.php(324): Simile->on_activation(false)\n#9 /wordpress/wp-includes/class-wp-hook.php(348): WP_Hook->apply_filters('', Array)\n#10 /wordpress/wp-includes/plugin.php(517): WP_Hook->do_action(Array)\n#11 /wordpress/wp-admin/includes/plugin.php(703): do_action('activate_simile...', false)\n#12 /internal/eval.php(20): activate_plugin('simile-for-wooc...')\n#13 {main}\n  thrown in /internal/shared/sqlite-database-integration/wp-includes/sqlite/class-wp-sqlite-translator.php on line 1021","log":"/logs/plugins/s/simile-for-woocommerce/error.json"}
,
{"message":"Required parameter $old_quantity follows optional parameter $quantity in /wordpress/wp-content/plugins/simile-for-woocommerce/includes/simile-smart-bundles-products-view.php on line 430","level":"DEPRECATED","type":"PHP","test":"jspi-boot","plugin":"simile-for-woocommerce","details":"[08-May-2025 07:08:21 UTC] PHP Deprecated:  Required parameter $old_quantity follows optional parameter $quantity in /wordpress/wp-content/plugins/simile-for-woocommerce/includes/simile-smart-bundles-products-view.php on line 430","log":"/logs/plugins/s/simile-for-woocommerce/error.json"}
,
{"message":"Required parameter $cart follows optional parameter $quantity in /wordpress/wp-content/plugins/simile-for-woocommerce/includes/simile-smart-bundles-products-view.php on line 430","level":"DEPRECATED","type":"PHP","test":"jspi-boot","plugin":"simile-for-woocommerce","details":"[08-May-2025 07:08:21 UTC] PHP Deprecated:  Required parameter $cart follows optional parameter $quantity in /wordpress/wp-content/plugins/simile-for-woocommerce/includes/simile-smart-bundles-products-view.php on line 430","log":"/logs/plugins/s/simile-for-woocommerce/error.json"}
,
{"message":"Unknown drop type: table.","level":"FATAL","type":"SQL","test":"jspi-boot","plugin":"simile-for-woocommerce","details":"[08-May-2025 07:08:21 UTC] WordPress database error <div style=\"clear:both\">&nbsp;</div>\n<div class=\"queries\" style=\"clear:both;margin-bottom:2px;border:red dotted thin;\">\n<p>MySQL query:</p>\n<p>drop table IF EXISTS wp_postmeta_simile_backup;</p>\n<p>Queries made or created this session were:</p>\n<ol>\n<li>Executing: BEGIN | (no parameters)</li>\n<li>Executing: ROLLBACK | (no parameters)</li>\n</ol>\n</div>\n<div style=\"clear:both;margin-bottom:2px;border:red dotted thin;\" class=\"error_message\" style=\"border-bottom:dotted blue thin;\">\nError occurred at line 4117 in Function <code>handle_error</code>. Error message was: Unknown drop type: table.\n</div>\n<p>Backtrace:</p>\n<pre>#0 /internal/shared/sqlite-database-integration/wp-includes/sqlite/class-wp-sqlite-db.php(287): WP_SQLite_Translator->get_error_message()\n#1 /wordpress/wp-content/plugins/simile-for-woocommerce/includes/simile-model.php(105): WP_SQLite_DB->query('drop table IF E...')\n#2 /wordpress/wp-content/plugins/simile-for-woocommerce/includes/simile-on-activation.php(38): Simile_Model::initial_db()\n#3 /wordpress/wp-content/plugins/simile-for-woocommerce/simile-for-woocommerce.php(78): Simile_On_Activation::on_activation()\n#4 /wordpress/wp-includes/class-wp-hook.php(324): Simile->on_activation(false)\n#5 /wordpress/wp-includes/class-wp-hook.php(348): WP_Hook->apply_filters('', Array)\n#6 /wordpress/wp-includes/plugin.php(517): WP_Hook->do_action(Array)\n#7 /wordpress/wp-admin/includes/plugin.php(703): do_action('activate_simile...', false)\n#8 /internal/eval.php(20): activate_plugin('simile-for-wooc...')\n#9 {main}</pre>\n for query drop table IF EXISTS wp_postmeta_simile_backup; made by activate_plugin, do_action('activate_simile-for-woocommerce/simile-for-woocommerce.php'), WP_Hook->do_action, WP_Hook->apply_filters, Simile->on_activation, Simile_On_Activation::on_activation, Simile_Model::initial_db, WP_SQLite_DB->query, WP_SQLite_DB->print_error","log":"/logs/plugins/s/simile-for-woocommerce/error.json"}
,
{"message":"Uncaught Error: Call to a member function matches() on null in /internal/shared/sqlite-database-integration/wp-includes/sqlite/class-wp-sqlite-translator.php:1021","level":"FATAL","type":"PHP","test":"jspi-boot","plugin":"simile-for-woocommerce","details":"[08-May-2025 07:08:21 UTC] PHP Fatal error:  Uncaught Error: Call to a member function matches() on null in /internal/shared/sqlite-database-integration/wp-includes/sqlite/class-wp-sqlite-translator.php:1021\nStack trace:\n#0 /internal/shared/sqlite-database-integration/wp-includes/sqlite/class-wp-sqlite-translator.php(880): WP_SQLite_Translator->parse_create_table()\n#1 /internal/shared/sqlite-database-integration/wp-includes/sqlite/class-wp-sqlite-translator.php(3377): WP_SQLite_Translator->execute_create_table()\n#2 /internal/shared/sqlite-database-integration/wp-includes/sqlite/class-wp-sqlite-translator.php(801): WP_SQLite_Translator->execute_create()\n#3 /internal/shared/sqlite-database-integration/wp-includes/sqlite/class-wp-sqlite-translator.php(622): WP_SQLite_Translator->execute_mysql_query('CREATE TABLE wp...')\n#4 /internal/shared/sqlite-database-integration/wp-includes/sqlite/class-wp-sqlite-db.php(280): WP_SQLite_Translator->query('CREATE TABLE wp...')\n#5 /wordpress/wp-content/plugins/simile-for-woocommerce/includes/simile-model.php(106): WP_SQLite_DB->query('CREATE TABLE wp...')\n#6 /wordpress/wp-content/plugins/simile-for-woocommerce/includes/simile-on-activation.php(38): Simile_Model::initial_db()\n#7 /wordpress/wp-content/plugins/simile-for-woocommerce/simile-for-woocommerce.php(78): Simile_On_Activation::on_activation()\n#8 /wordpress/wp-includes/class-wp-hook.php(324): Simile->on_activation(false)\n#9 /wordpress/wp-includes/class-wp-hook.php(348): WP_Hook->apply_filters('', Array)\n#10 /wordpress/wp-includes/plugin.php(517): WP_Hook->do_action(Array)\n#11 /wordpress/wp-admin/includes/plugin.php(703): do_action('activate_simile...', false)\n#12 /internal/eval.php(20): activate_plugin('simile-for-wooc...')\n#13 {main}\n  thrown in /internal/shared/sqlite-database-integration/wp-includes/sqlite/class-wp-sqlite-translator.php on line 1021\n\n    at Object.onBind (file:///home/runner/work/playground-tester/playground-tester/node_modules/@wp-playground/cli/index.js:237:15)\n    at process.processTicksAndRejections (node:internal/process/task_queues:105:5)\n    at async V (file:///home/runner/work/playground-tester/playground-tester/node_modules/@wp-playground/cli/index.js:64:10)\n    at async ja (file:///home/runner/work/playground-tester/playground-tester/node_modules/@wp-playground/cli/cli.js:8161:12) {\n  [cause]: Error: Error when executing the blueprint step #1 ({\"step\":\"installPlugin\",\"pluginData\":{\"resource\":\"wordpress.org/plugins\",\"slug\":\"simile-for-woocommerce\"},\"options\":{\"activate\":true}}) : PHP.run() failed with exit code 255 and the following output: \n      at Object.run (file:///home/runner/work/playground-tester/playground-tester/node_modules/@wp-playground/blueprints/index.js:12449:19)\n      at process.processTicksAndRejections (node:internal/process/task_queues:105:5)\n      at async ms (file:///home/runner/work/playground-tester/playground-tester/node_modules/@wp-playground/blueprints/index.js:12552:3)\n      ... 2 lines matching cause stack trace ...\n      at async ja (file:///home/runner/work/playground-tester/playground-tester/node_modules/@wp-playground/cli/cli.js:8161:12) {\n    [cause]: PHPExecutionFailureError: PHP.run() failed with exit code 255 and the following output: \n        at PHP.run (file:///home/runner/work/playground-tester/playground-tester/node_modules/@php-wasm/universal/index.js:987:19)\n        at process.processTicksAndRejections (node:internal/process/task_queues:105:5)\n        at async wr (file:///home/runner/work/playground-tester/playground-tester/node_modules/@wp-playground/blueprints/index.js:33:39)\n        at async Object.gt [as installPlugin] (file:///home/runner/work/playground-tester/playground-tester/node_modules/@wp-playground/blueprints/index.js:974:42)\n        at async g (file:///home/runner/work/playground-tester/playground-tester/node_modules/@wp-playground/blueprints/index.js:12517:30)\n        at async Object.run (file:///home/runner/work/playground-tester/playground-tester/node_modules/@wp-playground/blueprints/index.js:12446:23)\n        at async ms (file:///home/runner/work/playground-tester/playground-tester/node_modules/@wp-playground/blueprints/index.js:12552:3)\n        at async Object.onBind (file:///home/runner/work/playground-tester/playground-tester/node_modules/@wp-playground/cli/index.js:227:48)\n        at async V (file:///home/runner/work/playground-tester/playground-tester/node_modules/@wp-playground/cli/index.js:64:10)\n        at async ja (file:///home/runner/work/playground-tester/playground-tester/node_modules/@wp-playground/cli/cli.js:8161:12) {\n      response: PHPResponse {\n        httpStatusCode: 500,\n        headers: {\n          'x-powered-by': [ 'PHP/8.0.30-dev' ],\n          'content-type': [ 'text/html; charset=UTF-8' ]\n        },\n        bytes: Uint8Array(0) [],\n        exitCode: 255,\n        errors: ''\n      },\n      source: 'request'\n    }\n  }\n}\n\n","log":"/logs/plugins/s/simile-for-woocommerce/error.json"}
]
