file:///home/runner/work/playground-tester/playground-tester/node_modules/@wp-playground/cli/index.js:237
        throw new Error(y, { cause: u });
              ^

Error: [06-May-2025 08:36:45 UTC] /wordpress/wp-content/plugins/wp-notify-subscribers/wp-notify-subscribers.php
[06-May-2025 08:36:46 UTC] /wordpress/wp-content/plugins/wp-notify-subscribers/wp-notify-subscribers.php
[06-May-2025 08:36:54 UTC] /wordpress/wp-content/plugins/wp-notify-subscribers/wp-notify-subscribers.php
[06-May-2025 08:36:54 UTC] /wordpress/wp-content/plugins/wp-notify-subscribers/wp-notify-subscribers.php
[06-May-2025 08:37:02 UTC] /wordpress/wp-content/plugins/wp-notify-subscribers/wp-notify-subscribers.php
[06-May-2025 08:37:03 UTC] /wordpress/wp-content/plugins/wp-notify-subscribers/wp-notify-subscribers.php
[06-May-2025 08:37:39 UTC] PHP Fatal error:  Uncaught TypeError: session_start(): Argument #1 ($options) must be of type array, string given in /wordpress/wp-content/plugins/wp-private-access/wp-private-access.php:13
Stack trace:
#0 /wordpress/wp-content/plugins/wp-private-access/wp-private-access.php(13): session_start('wpprivate_sessi...')
#1 /wordpress/wp-admin/includes/plugin.php(2387): include_once('/wordpress/wp-c...')
#2 /wordpress/wp-admin/includes/plugin.php(673): plugin_sandbox_scrape('wp-private-acce...')
#3 /internal/eval.php(20): activate_plugin('wp-private-acce...')
#4 {main}
  thrown in /wordpress/wp-content/plugins/wp-private-access/wp-private-access.php on line 13
[06-May-2025 08:37:47 UTC] PHP Fatal error:  Uncaught TypeError: session_start(): Argument #1 ($options) must be of type array, string given in /wordpress/wp-content/plugins/wp-private-access/wp-private-access.php:13
Stack trace:
#0 /wordpress/wp-content/plugins/wp-private-access/wp-private-access.php(13): session_start('wpprivate_sessi...')
#1 /wordpress/wp-admin/includes/plugin.php(2387): include_once('/wordpress/wp-c...')
#2 /wordpress/wp-admin/includes/plugin.php(673): plugin_sandbox_scrape('wp-private-acce...')
#3 /internal/eval.php(20): activate_plugin('wp-private-acce...')
#4 {main}
  thrown in /wordpress/wp-content/plugins/wp-private-access/wp-private-access.php on line 13
[06-May-2025 08:37:55 UTC] PHP Fatal error:  Uncaught TypeError: session_start(): Argument #1 ($options) must be of type array, string given in /wordpress/wp-content/plugins/wp-private-access/wp-private-access.php:13
Stack trace:
#0 /wordpress/wp-content/plugins/wp-private-access/wp-private-access.php(13): session_start('wpprivate_sessi...')
#1 /wordpress/wp-admin/includes/plugin.php(2387): include_once('/wordpress/wp-c...')
#2 /wordpress/wp-admin/includes/plugin.php(673): plugin_sandbox_scrape('wp-private-acce...')
#3 /internal/eval.php(20): activate_plugin('wp-private-acce...')
#4 {main}
  thrown in /wordpress/wp-content/plugins/wp-private-access/wp-private-access.php on line 13
[06-May-2025 08:38:39 UTC] PHP Deprecated:  Required parameter $gedcom follows optional parameter $gen in /wordpress/wp-content/plugins/wpgenealogy/public/Traits/Relationship.php on line 33
[06-May-2025 08:38:40 UTC] PHP Fatal error:  Uncaught PDOException: SQLSTATE[HY000] [2002] Address family not supported by protocol in /wordpress/wp-content/plugins/wpgenealogy/vendor/doctrine/dbal/lib/Doctrine/DBAL/Driver/PDOConnection.php:38
Stack trace:
#0 /wordpress/wp-content/plugins/wpgenealogy/vendor/doctrine/dbal/lib/Doctrine/DBAL/Driver/PDOConnection.php(38): PDO->__construct('mysql:host=loca...', 'username_here', 'password_here', Array)
#1 /wordpress/wp-content/plugins/wpgenealogy/vendor/illuminate/database/Connectors/Connector.php(67): Doctrine\DBAL\Driver\PDOConnection->__construct('mysql:host=loca...', 'username_here', 'password_here', Array)
#2 /wordpress/wp-content/plugins/wpgenealogy/vendor/illuminate/database/Connectors/Connector.php(46): Illuminate\Database\Connectors\Connector->createPdoConnection('mysql:host=loca...', 'username_here', 'password_here', Array)
#3 /wordpress/wp-content/plugins/wpgenealogy/vendor/illuminate/database/Connectors/MySqlConnector.php(24): Illuminate\Database\Connectors\Connector->createConnection('mysql:host=loca...', Array, Array)
#4 /wordpress/wp-content/plugins/wpgenealogy/vendor/illuminate/database/Connectors/ConnectionFactory.php(182): Illuminate\Database\Connectors\MySqlConnector->connect(Array)
#5 [internal function]: Illuminate\Database\Connectors\ConnectionFactory->Illuminate\Database\Connectors\{closure}()
#6 /wordpress/wp-content/plugins/wpgenealogy/vendor/illuminate/database/Connection.php(924): call_user_func(Object(Closure))
#7 /wordpress/wp-content/plugins/wpgenealogy/vendor/illuminate/database/Connection.php(457): Illuminate\Database\Connection->getPdo()
#8 /wordpress/wp-content/plugins/wpgenealogy/vendor/illuminate/database/Connection.php(662): Illuminate\Database\Connection->Illuminate\Database\{closure}('SET FOREIGN_KEY...', Array)
#9 /wordpress/wp-content/plugins/wpgenealogy/vendor/illuminate/database/Connection.php(629): Illuminate\Database\Connection->runQueryCallback('SET FOREIGN_KEY...', Array, Object(Closure))
#10 /wordpress/wp-content/plugins/wpgenealogy/vendor/illuminate/database/Connection.php(464): Illuminate\Database\Connection->run('SET FOREIGN_KEY...', Array, Object(Closure))
#11 /wordpress/wp-content/plugins/wpgenealogy/vendor/illuminate/database/Schema/Builder.php(266): Illuminate\Database\Connection->statement('SET FOREIGN_KEY...')
#12 /wordpress/wp-content/plugins/wpgenealogy/includes/class-wpgenealogy-activator.php(627): Illuminate\Database\Schema\Builder->enableForeignKeyConstraints()
#13 /wordpress/wp-content/plugins/wpgenealogy/includes/class-wpgenealogy-activator.php(43): WPGenealogy\WPGenealogy_Activator::create_tables()
#14 /wordpress/wp-content/plugins/wpgenealogy/wpgenealogy.php(90): WPGenealogy\WPGenealogy_Activator::activate()
#15 /wordpress/wp-includes/class-wp-hook.php(324): wpgenealogy_activate(false)
#16 /wordpress/wp-includes/class-wp-hook.php(348): WP_Hook->apply_filters(NULL, Array)
#17 /wordpress/wp-includes/plugin.php(517): WP_Hook->do_action(Array)
#18 /wordpress/wp-admin/includes/plugin.php(703): do_action('activate_wpgene...', false)
#19 /internal/eval.php(20): activate_plugin('wpgenealogy/wpg...')
#20 {main}

Next Doctrine\DBAL\Driver\PDO\Exception: SQLSTATE[HY000] [2002] Address family not supported by protocol in /wordpress/wp-content/plugins/wpgenealogy/vendor/doctrine/dbal/lib/Doctrine/DBAL/Driver/PDO/Exception.php:18
Stack trace:
#0 /wordpress/wp-content/plugins/wpgenealogy/vendor/doctrine/dbal/lib/Doctrine/DBAL/Driver/PDOConnection.php(42): Doctrine\DBAL\Driver\PDO\Exception::new(Object(PDOException))
#1 /wordpress/wp-content/plugins/wpgenealogy/vendor/illuminate/database/Connectors/Connector.php(67): Doctrine\DBAL\Driver\PDOConnection->__construct('mysql:host=loca...', 'username_here', 'password_here', Array)
#2 /wordpress/wp-content/plugins/wpgenealogy/vendor/illuminate/database/Connectors/Connector.php(46): Illuminate\Database\Connectors\Connector->createPdoConnection('mysql:host=loca...', 'username_here', 'password_here', Array)
#3 /wordpress/wp-content/plugins/wpgenealogy/vendor/illuminate/database/Connectors/MySqlConnector.php(24): Illuminate\Database\Connectors\Connector->createConnection('mysql:host=loca...', Array, Array)
#4 /wordpress/wp-content/plugins/wpgenealogy/vendor/illuminate/database/Connectors/ConnectionFactory.php(182): Illuminate\Database\Connectors\MySqlConnector->connect(Array)
#5 [internal function]: Illuminate\Database\Connectors\ConnectionFactory->Illuminate\Database\Connectors\{closure}()
#6 /wordpress/wp-content/plugins/wpgenealogy/vendor/illuminate/database/Connection.php(924): call_user_func(Object(Closure))
#7 /wordpress/wp-content/plugins/wpgenealogy/vendor/illuminate/database/Connection.php(457): Illuminate\Database\Connection->getPdo()
#8 /wordpress/wp-content/plugins/wpgenealogy/vendor/illuminate/database/Connection.php(662): Illuminate\Database\Connection->Illuminate\Database\{closure}('SET FOREIGN_KEY...', Array)
#9 /wordpress/wp-content/plugins/wpgenealogy/vendor/illuminate/database/Connection.php(629): Illuminate\Database\Connection->runQueryCallback('SET FOREIGN_KEY...', Array, Object(Closure))
#10 /wordpress/wp-content/plugins/wpgenealogy/vendor/illuminate/database/Connection.php(464): Illuminate\Database\Connection->run('SET FOREIGN_KEY...', Array, Object(Closure))
#11 /wordpress/wp-content/plugins/wpgenealogy/vendor/illuminate/database/Schema/Builder.php(266): Illuminate\Database\Connection->statement('SET FOREIGN_KEY...')
#12 /wordpress/wp-content/plugins/wpgenealogy/includes/class-wpgenealogy-activator.php(627): Illuminate\Database\Schema\Builder->enableForeignKeyConstraints()
#13 /wordpress/wp-content/plugins/wpgenealogy/includes/class-wpgenealogy-activator.php(43): WPGenealogy\WPGenealogy_Activator::create_tables()
#14 /wordpress/wp-content/plugins/wpgenealogy/wpgenealogy.php(90): WPGenealogy\WPGenealogy_Activator::activate()
#15 /wordpress/wp-includes/class-wp-hook.php(324): wpgenealogy_activate(false)
#16 /wordpress/wp-includes/class-wp-hook.php(348): WP_Hook->apply_filters(NULL, Array)
#17 /wordpress/wp-includes/plugin.php(517): WP_Hook->do_action(Array)
#18 /wordpress/wp-admin/includes/plugin.php(703): do_action('activate_wpgene...', false)
#19 /internal/eval.php(20): activate_plugin('wpgenealogy/wpg...')
#20 {main}

Next Illuminate\Database\QueryException: SQLSTATE[HY000] [2002] Address family not supported by protocol (SQL: SET FOREIGN_KEY_CHECKS=1;) in /wordpress/wp-content/plugins/wpgenealogy/vendor/illuminate/database/Connection.php:669
Stack trace:
#0 /wordpress/wp-content/plugins/wpgenealogy/vendor/illuminate/database/Connection.php(629): Illuminate\Database\Connection->runQueryCallback('SET FOREIGN_KEY...', Array, Object(Closure))
#1 /wordpress/wp-content/plugins/wpgenealogy/vendor/illuminate/database/Connection.php(464): Illuminate\Database\Connection->run('SET FOREIGN_KEY...', Array, Object(Closure))
#2 /wordpress/wp-content/plugins/wpgenealogy/vendor/illuminate/database/Schema/Builder.php(266): Illuminate\Database\Connection->statement('SET FOREIGN_KEY...')
#3 /wordpress/wp-content/plugins/wpgenealogy/includes/class-wpgenealogy-activator.php(627): Illuminate\Database\Schema\Builder->enableForeignKeyConstraints()
#4 /wordpress/wp-content/plugins/wpgenealogy/includes/class-wpgenealogy-activator.php(43): WPGenealogy\WPGenealogy_Activator::create_tables()
#5 /wordpress/wp-content/plugins/wpgenealogy/wpgenealogy.php(90): WPGenealogy\WPGenealogy_Activator::activate()
#6 /wordpress/wp-includes/class-wp-hook.php(324): wpgenealogy_activate(false)
#7 /wordpress/wp-includes/class-wp-hook.php(348): WP_Hook->apply_filters(NULL, Array)
#8 /wordpress/wp-includes/plugin.php(517): WP_Hook->do_action(Array)
#9 /wordpress/wp-admin/includes/plugin.php(703): do_action('activate_wpgene...', false)
#10 /internal/eval.php(20): activate_plugin('wpgenealogy/wpg...')
#11 {main}
  thrown in /wordpress/wp-content/plugins/wpgenealogy/vendor/illuminate/database/Connection.php on line 669
[06-May-2025 08:38:59 UTC] PHP Deprecated:  Required parameter $gedcom follows optional parameter $gen in /wordpress/wp-content/plugins/wpgenealogy/public/Traits/Relationship.php on line 33
[06-May-2025 08:38:59 UTC] PHP Fatal error:  Uncaught PDOException: SQLSTATE[HY000] [2002] Address family not supported by protocol in /wordpress/wp-content/plugins/wpgenealogy/vendor/doctrine/dbal/lib/Doctrine/DBAL/Driver/PDOConnection.php:38
Stack trace:
#0 /wordpress/wp-content/plugins/wpgenealogy/vendor/doctrine/dbal/lib/Doctrine/DBAL/Driver/PDOConnection.php(38): PDO->__construct('mysql:host=loca...', 'username_here', 'password_here', Array)
#1 /wordpress/wp-content/plugins/wpgenealogy/vendor/illuminate/database/Connectors/Connector.php(67): Doctrine\DBAL\Driver\PDOConnection->__construct('mysql:host=loca...', 'username_here', 'password_here', Array)
#2 /wordpress/wp-content/plugins/wpgenealogy/vendor/illuminate/database/Connectors/Connector.php(46): Illuminate\Database\Connectors\Connector->createPdoConnection('mysql:host=loca...', 'username_here', 'password_here', Array)
#3 /wordpress/wp-content/plugins/wpgenealogy/vendor/illuminate/database/Connectors/MySqlConnector.php(24): Illuminate\Database\Connectors\Connector->createConnection('mysql:host=loca...', Array, Array)
#4 /wordpress/wp-content/plugins/wpgenealogy/vendor/illuminate/database/Connectors/ConnectionFactory.php(182): Illuminate\Database\Connectors\MySqlConnector->connect(Array)
#5 [internal function]: Illuminate\Database\Connectors\ConnectionFactory->Illuminate\Database\Connectors\{closure}()
#6 /wordpress/wp-content/plugins/wpgenealogy/vendor/illuminate/database/Connection.php(924): call_user_func(Object(Closure))
#7 /wordpress/wp-content/plugins/wpgenealogy/vendor/illuminate/database/Connection.php(457): Illuminate\Database\Connection->getPdo()
#8 /wordpress/wp-content/plugins/wpgenealogy/vendor/illuminate/database/Connection.php(662): Illuminate\Database\Connection->Illuminate\Database\{closure}('SET FOREIGN_KEY...', Array)
#9 /wordpress/wp-content/plugins/wpgenealogy/vendor/illuminate/database/Connection.php(629): Illuminate\Database\Connection->runQueryCallback('SET FOREIGN_KEY...', Array, Object(Closure))
#10 /wordpress/wp-content/plugins/wpgenealogy/vendor/illuminate/database/Connection.php(464): Illuminate\Database\Connection->run('SET FOREIGN_KEY...', Array, Object(Closure))
#11 /wordpress/wp-content/plugins/wpgenealogy/vendor/illuminate/database/Schema/Builder.php(266): Illuminate\Database\Connection->statement('SET FOREIGN_KEY...')
#12 /wordpress/wp-content/plugins/wpgenealogy/includes/class-wpgenealogy-activator.php(627): Illuminate\Database\Schema\Builder->enableForeignKeyConstraints()
#13 /wordpress/wp-content/plugins/wpgenealogy/includes/class-wpgenealogy-activator.php(43): WPGenealogy\WPGenealogy_Activator::create_tables()
#14 /wordpress/wp-content/plugins/wpgenealogy/wpgenealogy.php(90): WPGenealogy\WPGenealogy_Activator::activate()
#15 /wordpress/wp-includes/class-wp-hook.php(324): wpgenealogy_activate(false)
#16 /wordpress/wp-includes/class-wp-hook.php(348): WP_Hook->apply_filters(NULL, Array)
#17 /wordpress/wp-includes/plugin.php(517): WP_Hook->do_action(Array)
#18 /wordpress/wp-admin/includes/plugin.php(703): do_action('activate_wpgene...', false)
#19 /internal/eval.php(20): activate_plugin('wpgenealogy/wpg...')
#20 {main}

Next Doctrine\DBAL\Driver\PDO\Exception: SQLSTATE[HY000] [2002] Address family not supported by protocol in /wordpress/wp-content/plugins/wpgenealogy/vendor/doctrine/dbal/lib/Doctrine/DBAL/Driver/PDO/Exception.php:18
Stack trace:
#0 /wordpress/wp-content/plugins/wpgenealogy/vendor/doctrine/dbal/lib/Doctrine/DBAL/Driver/PDOConnection.php(42): Doctrine\DBAL\Driver\PDO\Exception::new(Object(PDOException))
#1 /wordpress/wp-content/plugins/wpgenealogy/vendor/illuminate/database/Connectors/Connector.php(67): Doctrine\DBAL\Driver\PDOConnection->__construct('mysql:host=loca...', 'username_here', 'password_here', Array)
#2 /wordpress/wp-content/plugins/wpgenealogy/vendor/illuminate/database/Connectors/Connector.php(46): Illuminate\Database\Connectors\Connector->createPdoConnection('mysql:host=loca...', 'username_here', 'password_here', Array)
#3 /wordpress/wp-content/plugins/wpgenealogy/vendor/illuminate/database/Connectors/MySqlConnector.php(24): Illuminate\Database\Connectors\Connector->createConnection('mysql:host=loca...', Array, Array)
#4 /wordpress/wp-content/plugins/wpgenealogy/vendor/illuminate/database/Connectors/ConnectionFactory.php(182): Illuminate\Database\Connectors\MySqlConnector->connect(Array)
#5 [internal function]: Illuminate\Database\Connectors\ConnectionFactory->Illuminate\Database\Connectors\{closure}()
#6 /wordpress/wp-content/plugins/wpgenealogy/vendor/illuminate/database/Connection.php(924): call_user_func(Object(Closure))
#7 /wordpress/wp-content/plugins/wpgenealogy/vendor/illuminate/database/Connection.php(457): Illuminate\Database\Connection->getPdo()
#8 /wordpress/wp-content/plugins/wpgenealogy/vendor/illuminate/database/Connection.php(662): Illuminate\Database\Connection->Illuminate\Database\{closure}('SET FOREIGN_KEY...', Array)
#9 /wordpress/wp-content/plugins/wpgenealogy/vendor/illuminate/database/Connection.php(629): Illuminate\Database\Connection->runQueryCallback('SET FOREIGN_KEY...', Array, Object(Closure))
#10 /wordpress/wp-content/plugins/wpgenealogy/vendor/illuminate/database/Connection.php(464): Illuminate\Database\Connection->run('SET FOREIGN_KEY...', Array, Object(Closure))
#11 /wordpress/wp-content/plugins/wpgenealogy/vendor/illuminate/database/Schema/Builder.php(266): Illuminate\Database\Connection->statement('SET FOREIGN_KEY...')
#12 /wordpress/wp-content/plugins/wpgenealogy/includes/class-wpgenealogy-activator.php(627): Illuminate\Database\Schema\Builder->enableForeignKeyConstraints()
#13 /wordpress/wp-content/plugins/wpgenealogy/includes/class-wpgenealogy-activator.php(43): WPGenealogy\WPGenealogy_Activator::create_tables()
#14 /wordpress/wp-content/plugins/wpgenealogy/wpgenealogy.php(90): WPGenealogy\WPGenealogy_Activator::activate()
#15 /wordpress/wp-includes/class-wp-hook.php(324): wpgenealogy_activate(false)
#16 /wordpress/wp-includes/class-wp-hook.php(348): WP_Hook->apply_filters(NULL, Array)
#17 /wordpress/wp-includes/plugin.php(517): WP_Hook->do_action(Array)
#18 /wordpress/wp-admin/includes/plugin.php(703): do_action('activate_wpgene...', false)
#19 /internal/eval.php(20): activate_plugin('wpgenealogy/wpg...')
#20 {main}

Next Illuminate\Database\QueryException: SQLSTATE[HY000] [2002] Address family not supported by protocol (SQL: SET FOREIGN_KEY_CHECKS=1;) in /wordpress/wp-content/plugins/wpgenealogy/vendor/illuminate/database/Connection.php:669
Stack trace:
#0 /wordpress/wp-content/plugins/wpgenealogy/vendor/illuminate/database/Connection.php(629): Illuminate\Database\Connection->runQueryCallback('SET FOREIGN_KEY...', Array, Object(Closure))
#1 /wordpress/wp-content/plugins/wpgenealogy/vendor/illuminate/database/Connection.php(464): Illuminate\Database\Connection->run('SET FOREIGN_KEY...', Array, Object(Closure))
#2 /wordpress/wp-content/plugins/wpgenealogy/vendor/illuminate/database/Schema/Builder.php(266): Illuminate\Database\Connection->statement('SET FOREIGN_KEY...')
#3 /wordpress/wp-content/plugins/wpgenealogy/includes/class-wpgenealogy-activator.php(627): Illuminate\Database\Schema\Builder->enableForeignKeyConstraints()
#4 /wordpress/wp-content/plugins/wpgenealogy/includes/class-wpgenealogy-activator.php(43): WPGenealogy\WPGenealogy_Activator::create_tables()
#5 /wordpress/wp-content/plugins/wpgenealogy/wpgenealogy.php(90): WPGenealogy\WPGenealogy_Activator::activate()
#6 /wordpress/wp-includes/class-wp-hook.php(324): wpgenealogy_activate(false)
#7 /wordpress/wp-includes/class-wp-hook.php(348): WP_Hook->apply_filters(NULL, Array)
#8 /wordpress/wp-includes/plugin.php(517): WP_Hook->do_action(Array)
#9 /wordpress/wp-admin/includes/plugin.php(703): do_action('activate_wpgene...', false)
#10 /internal/eval.php(20): activate_plugin('wpgenealogy/wpg...')
#11 {main}
  thrown in /wordpress/wp-content/plugins/wpgenealogy/vendor/illuminate/database/Connection.php on line 669
[06-May-2025 08:39:18 UTC] PHP Deprecated:  Required parameter $gedcom follows optional parameter $gen in /wordpress/wp-content/plugins/wpgenealogy/public/Traits/Relationship.php on line 33
[06-May-2025 08:39:18 UTC] PHP Fatal error:  Uncaught PDOException: SQLSTATE[HY000] [2002] Address family not supported by protocol in /wordpress/wp-content/plugins/wpgenealogy/vendor/doctrine/dbal/lib/Doctrine/DBAL/Driver/PDOConnection.php:38
Stack trace:
#0 /wordpress/wp-content/plugins/wpgenealogy/vendor/doctrine/dbal/lib/Doctrine/DBAL/Driver/PDOConnection.php(38): PDO->__construct('mysql:host=loca...', 'username_here', 'password_here', Array)
#1 /wordpress/wp-content/plugins/wpgenealogy/vendor/illuminate/database/Connectors/Connector.php(67): Doctrine\DBAL\Driver\PDOConnection->__construct('mysql:host=loca...', 'username_here', 'password_here', Array)
#2 /wordpress/wp-content/plugins/wpgenealogy/vendor/illuminate/database/Connectors/Connector.php(46): Illuminate\Database\Connectors\Connector->createPdoConnection('mysql:host=loca...', 'username_here', 'password_here', Array)
#3 /wordpress/wp-content/plugins/wpgenealogy/vendor/illuminate/database/Connectors/MySqlConnector.php(24): Illuminate\Database\Connectors\Connector->createConnection('mysql:host=loca...', Array, Array)
#4 /wordpress/wp-content/plugins/wpgenealogy/vendor/illuminate/database/Connectors/ConnectionFactory.php(182): Illuminate\Database\Connectors\MySqlConnector->connect(Array)
#5 [internal function]: Illuminate\Database\Connectors\ConnectionFactory->Illuminate\Database\Connectors\{closure}()
#6 /wordpress/wp-content/plugins/wpgenealogy/vendor/illuminate/database/Connection.php(924): call_user_func(Object(Closure))
#7 /wordpress/wp-content/plugins/wpgenealogy/vendor/illuminate/database/Connection.php(457): Illuminate\Database\Connection->getPdo()
#8 /wordpress/wp-content/plugins/wpgenealogy/vendor/illuminate/database/Connection.php(662): Illuminate\Database\Connection->Illuminate\Database\{closure}('SET FOREIGN_KEY...', Array)
#9 /wordpress/wp-content/plugins/wpgenealogy/vendor/illuminate/database/Connection.php(629): Illuminate\Database\Connection->runQueryCallback('SET FOREIGN_KEY...', Array, Object(Closure))
#10 /wordpress/wp-content/plugins/wpgenealogy/vendor/illuminate/database/Connection.php(464): Illuminate\Database\Connection->run('SET FOREIGN_KEY...', Array, Object(Closure))
#11 /wordpress/wp-content/plugins/wpgenealogy/vendor/illuminate/database/Schema/Builder.php(266): Illuminate\Database\Connection->statement('SET FOREIGN_KEY...')
#12 /wordpress/wp-content/plugins/wpgenealogy/includes/class-wpgenealogy-activator.php(627): Illuminate\Database\Schema\Builder->enableForeignKeyConstraints()
#13 /wordpress/wp-content/plugins/wpgenealogy/includes/class-wpgenealogy-activator.php(43): WPGenealogy\WPGenealogy_Activator::create_tables()
#14 /wordpress/wp-content/plugins/wpgenealogy/wpgenealogy.php(90): WPGenealogy\WPGenealogy_Activator::activate()
#15 /wordpress/wp-includes/class-wp-hook.php(324): wpgenealogy_activate(false)
#16 /wordpress/wp-includes/class-wp-hook.php(348): WP_Hook->apply_filters(NULL, Array)
#17 /wordpress/wp-includes/plugin.php(517): WP_Hook->do_action(Array)
#18 /wordpress/wp-admin/includes/plugin.php(703): do_action('activate_wpgene...', false)
#19 /internal/eval.php(20): activate_plugin('wpgenealogy/wpg...')
#20 {main}

Next Doctrine\DBAL\Driver\PDO\Exception: SQLSTATE[HY000] [2002] Address family not supported by protocol in /wordpress/wp-content/plugins/wpgenealogy/vendor/doctrine/dbal/lib/Doctrine/DBAL/Driver/PDO/Exception.php:18
Stack trace:
#0 /wordpress/wp-content/plugins/wpgenealogy/vendor/doctrine/dbal/lib/Doctrine/DBAL/Driver/PDOConnection.php(42): Doctrine\DBAL\Driver\PDO\Exception::new(Object(PDOException))
#1 /wordpress/wp-content/plugins/wpgenealogy/vendor/illuminate/database/Connectors/Connector.php(67): Doctrine\DBAL\Driver\PDOConnection->__construct('mysql:host=loca...', 'username_here', 'password_here', Array)
#2 /wordpress/wp-content/plugins/wpgenealogy/vendor/illuminate/database/Connectors/Connector.php(46): Illuminate\Database\Connectors\Connector->createPdoConnection('mysql:host=loca...', 'username_here', 'password_here', Array)
#3 /wordpress/wp-content/plugins/wpgenealogy/vendor/illuminate/database/Connectors/MySqlConnector.php(24): Illuminate\Database\Connectors\Connector->createConnection('mysql:host=loca...', Array, Array)
#4 /wordpress/wp-content/plugins/wpgenealogy/vendor/illuminate/database/Connectors/ConnectionFactory.php(182): Illuminate\Database\Connectors\MySqlConnector->connect(Array)
#5 [internal function]: Illuminate\Database\Connectors\ConnectionFactory->Illuminate\Database\Connectors\{closure}()
#6 /wordpress/wp-content/plugins/wpgenealogy/vendor/illuminate/database/Connection.php(924): call_user_func(Object(Closure))
#7 /wordpress/wp-content/plugins/wpgenealogy/vendor/illuminate/database/Connection.php(457): Illuminate\Database\Connection->getPdo()
#8 /wordpress/wp-content/plugins/wpgenealogy/vendor/illuminate/database/Connection.php(662): Illuminate\Database\Connection->Illuminate\Database\{closure}('SET FOREIGN_KEY...', Array)
#9 /wordpress/wp-content/plugins/wpgenealogy/vendor/illuminate/database/Connection.php(629): Illuminate\Database\Connection->runQueryCallback('SET FOREIGN_KEY...', Array, Object(Closure))
#10 /wordpress/wp-content/plugins/wpgenealogy/vendor/illuminate/database/Connection.php(464): Illuminate\Database\Connection->run('SET FOREIGN_KEY...', Array, Object(Closure))
#11 /wordpress/wp-content/plugins/wpgenealogy/vendor/illuminate/database/Schema/Builder.php(266): Illuminate\Database\Connection->statement('SET FOREIGN_KEY...')
#12 /wordpress/wp-content/plugins/wpgenealogy/includes/class-wpgenealogy-activator.php(627): Illuminate\Database\Schema\Builder->enableForeignKeyConstraints()
#13 /wordpress/wp-content/plugins/wpgenealogy/includes/class-wpgenealogy-activator.php(43): WPGenealogy\WPGenealogy_Activator::create_tables()
#14 /wordpress/wp-content/plugins/wpgenealogy/wpgenealogy.php(90): WPGenealogy\WPGenealogy_Activator::activate()
#15 /wordpress/wp-includes/class-wp-hook.php(324): wpgenealogy_activate(false)
#16 /wordpress/wp-includes/class-wp-hook.php(348): WP_Hook->apply_filters(NULL, Array)
#17 /wordpress/wp-includes/plugin.php(517): WP_Hook->do_action(Array)
#18 /wordpress/wp-admin/includes/plugin.php(703): do_action('activate_wpgene...', false)
#19 /internal/eval.php(20): activate_plugin('wpgenealogy/wpg...')
#20 {main}

Next Illuminate\Database\QueryException: SQLSTATE[HY000] [2002] Address family not supported by protocol (SQL: SET FOREIGN_KEY_CHECKS=1;) in /wordpress/wp-content/plugins/wpgenealogy/vendor/illuminate/database/Connection.php:669
Stack trace:
#0 /wordpress/wp-content/plugins/wpgenealogy/vendor/illuminate/database/Connection.php(629): Illuminate\Database\Connection->runQueryCallback('SET FOREIGN_KEY...', Array, Object(Closure))
#1 /wordpress/wp-content/plugins/wpgenealogy/vendor/illuminate/database/Connection.php(464): Illuminate\Database\Connection->run('SET FOREIGN_KEY...', Array, Object(Closure))
#2 /wordpress/wp-content/plugins/wpgenealogy/vendor/illuminate/database/Schema/Builder.php(266): Illuminate\Database\Connection->statement('SET FOREIGN_KEY...')
#3 /wordpress/wp-content/plugins/wpgenealogy/includes/class-wpgenealogy-activator.php(627): Illuminate\Database\Schema\Builder->enableForeignKeyConstraints()
#4 /wordpress/wp-content/plugins/wpgenealogy/includes/class-wpgenealogy-activator.php(43): WPGenealogy\WPGenealogy_Activator::create_tables()
#5 /wordpress/wp-content/plugins/wpgenealogy/wpgenealogy.php(90): WPGenealogy\WPGenealogy_Activator::activate()
#6 /wordpress/wp-includes/class-wp-hook.php(324): wpgenealogy_activate(false)
#7 /wordpress/wp-includes/class-wp-hook.php(348): WP_Hook->apply_filters(NULL, Array)
#8 /wordpress/wp-includes/plugin.php(517): WP_Hook->do_action(Array)
#9 /wordpress/wp-admin/includes/plugin.php(703): do_action('activate_wpgene...', false)
#10 /internal/eval.php(20): activate_plugin('wpgenealogy/wpg...')
#11 {main}
  thrown in /wordpress/wp-content/plugins/wpgenealogy/vendor/illuminate/database/Connection.php on line 669
[06-May-2025 08:39:27 UTC] PHP Warning:  The magic method WC_Payburner::__wakeup() must have public visibility in /wordpress/wp-content/plugins/wc-gateway-payburner/wc-gateway-payburner.php on line 63
[06-May-2025 08:39:28 UTC] PHP Warning:  The magic method WC_Payburner::__wakeup() must have public visibility in /wordpress/wp-content/plugins/wc-gateway-payburner/wc-gateway-payburner.php on line 63
[06-May-2025 08:39:28 UTC] PHP Fatal error:  Uncaught Error: Class "WC_Payment_Gateway" not found in /wordpress/wp-content/plugins/wc-gateway-payburner/includes/class-wc-gateway-payburner.php:9
Stack trace:
#0 /wordpress/wp-content/plugins/wc-gateway-payburner/wc-gateway-payburner.php(84): include_once()
#1 /wordpress/wp-includes/class-wp-hook.php(324): WC_Payburner->init_gateways('')
#2 /wordpress/wp-includes/class-wp-hook.php(348): WP_Hook->apply_filters(NULL, Array)
#3 /wordpress/wp-includes/plugin.php(517): WP_Hook->do_action(Array)
#4 /wordpress/wp-settings.php(578): do_action('plugins_loaded')
#5 /wordpress/wp-config.php(102): require_once('/wordpress/wp-s...')
#6 /wordpress/wp-load.php(50): require_once('/wordpress/wp-c...')
#7 /internal/eval.php(3): require_once('/wordpress/wp-l...')
#8 {main}
  thrown in /wordpress/wp-content/plugins/wc-gateway-payburner/includes/class-wc-gateway-payburner.php on line 9
[06-May-2025 08:39:36 UTC] PHP Warning:  The magic method WC_Payburner::__wakeup() must have public visibility in /wordpress/wp-content/plugins/wc-gateway-payburner/wc-gateway-payburner.php on line 63
[06-May-2025 08:39:37 UTC] PHP Warning:  The magic method WC_Payburner::__wakeup() must have public visibility in /wordpress/wp-content/plugins/wc-gateway-payburner/wc-gateway-payburner.php on line 63
[06-May-2025 08:39:37 UTC] PHP Fatal error:  Uncaught Error: Class "WC_Payment_Gateway" not found in /wordpress/wp-content/plugins/wc-gateway-payburner/includes/class-wc-gateway-payburner.php:9
Stack trace:
#0 /wordpress/wp-content/plugins/wc-gateway-payburner/wc-gateway-payburner.php(84): include_once()
#1 /wordpress/wp-includes/class-wp-hook.php(324): WC_Payburner->init_gateways('')
#2 /wordpress/wp-includes/class-wp-hook.php(348): WP_Hook->apply_filters(NULL, Array)
#3 /wordpress/wp-includes/plugin.php(517): WP_Hook->do_action(Array)
#4 /wordpress/wp-settings.php(578): do_action('plugins_loaded')
#5 /wordpress/wp-config.php(102): require_once('/wordpress/wp-s...')
#6 /wordpress/wp-load.php(50): require_once('/wordpress/wp-c...')
#7 /internal/eval.php(3): require_once('/wordpress/wp-l...')
#8 {main}
  thrown in /wordpress/wp-content/plugins/wc-gateway-payburner/includes/class-wc-gateway-payburner.php on line 9
[06-May-2025 08:39:45 UTC] PHP Warning:  The magic method WC_Payburner::__wakeup() must have public visibility in /wordpress/wp-content/plugins/wc-gateway-payburner/wc-gateway-payburner.php on line 63
[06-May-2025 08:39:45 UTC] PHP Warning:  The magic method WC_Payburner::__wakeup() must have public visibility in /wordpress/wp-content/plugins/wc-gateway-payburner/wc-gateway-payburner.php on line 63
[06-May-2025 08:39:45 UTC] PHP Fatal error:  Uncaught Error: Class "WC_Payment_Gateway" not found in /wordpress/wp-content/plugins/wc-gateway-payburner/includes/class-wc-gateway-payburner.php:9
Stack trace:
#0 /wordpress/wp-content/plugins/wc-gateway-payburner/wc-gateway-payburner.php(84): include_once()
#1 /wordpress/wp-includes/class-wp-hook.php(324): WC_Payburner->init_gateways('')
#2 /wordpress/wp-includes/class-wp-hook.php(348): WP_Hook->apply_filters(NULL, Array)
#3 /wordpress/wp-includes/plugin.php(517): WP_Hook->do_action(Array)
#4 /wordpress/wp-settings.php(578): do_action('plugins_loaded')
#5 /wordpress/wp-config.php(102): require_once('/wordpress/wp-s...')
#6 /wordpress/wp-load.php(50): require_once('/wordpress/wp-c...')
#7 /internal/eval.php(3): require_once('/wordpress/wp-l...')
#8 {main}
  thrown in /wordpress/wp-content/plugins/wc-gateway-payburner/includes/class-wc-gateway-payburner.php on line 9
[06-May-2025 08:41:12 UTC] PHP Deprecated:  Required parameter $page_num follows optional parameter $ticket_type in /wordpress/wp-content/plugins/wp-dev-dashboard/admin/class-wp-dev-dashboard-admin.php on line 1000
[06-May-2025 08:41:12 UTC] PHP Notice:  Function _load_textdomain_just_in_time was called <strong>incorrectly</strong>. Translation loading for the <code>wp-dev-dashboard</code> domain was triggered too early. This is usually an indicator for some code in the plugin or theme running too early. Translations should be loaded at the <code>init</code> action or later. Please see <a href="https://developer.wordpress.org/advanced-administration/debug/debug-wordpress/">Debugging in WordPress</a> for more information. (This message was added in version 6.7.0.) in /wordpress/wp-includes/functions.php on line 6121
[06-May-2025 08:41:12 UTC] PHP Deprecated:  Required parameter $page_num follows optional parameter $ticket_type in /wordpress/wp-content/plugins/wp-dev-dashboard/admin/class-wp-dev-dashboard-admin.php on line 1000
[06-May-2025 08:41:21 UTC] PHP Deprecated:  Required parameter $page_num follows optional parameter $ticket_type in /wordpress/wp-content/plugins/wp-dev-dashboard/admin/class-wp-dev-dashboard-admin.php on line 1000
[06-May-2025 08:41:21 UTC] PHP Notice:  Function _load_textdomain_just_in_time was called <strong>incorrectly</strong>. Translation loading for the <code>wp-dev-dashboard</code> domain was triggered too early. This is usually an indicator for some code in the plugin or theme running too early. Translations should be loaded at the <code>init</code> action or later. Please see <a href="https://developer.wordpress.org/advanced-administration/debug/debug-wordpress/">Debugging in WordPress</a> for more information. (This message was added in version 6.7.0.) in /wordpress/wp-includes/functions.php on line 6121
[06-May-2025 08:41:21 UTC] PHP Deprecated:  Required parameter $page_num follows optional parameter $ticket_type in /wordpress/wp-content/plugins/wp-dev-dashboard/admin/class-wp-dev-dashboard-admin.php on line 1000
[06-May-2025 08:41:29 UTC] PHP Deprecated:  Required parameter $page_num follows optional parameter $ticket_type in /wordpress/wp-content/plugins/wp-dev-dashboard/admin/class-wp-dev-dashboard-admin.php on line 1000
[06-May-2025 08:41:30 UTC] PHP Notice:  Function _load_textdomain_just_in_time was called <strong>incorrectly</strong>. Translation loading for the <code>wp-dev-dashboard</code> domain was triggered too early. This is usually an indicator for some code in the plugin or theme running too early. Translations should be loaded at the <code>init</code> action or later. Please see <a href="https://developer.wordpress.org/advanced-administration/debug/debug-wordpress/">Debugging in WordPress</a> for more information. (This message was added in version 6.7.0.) in /wordpress/wp-includes/functions.php on line 6121
[06-May-2025 08:41:30 UTC] PHP Deprecated:  Required parameter $page_num follows optional parameter $ticket_type in /wordpress/wp-content/plugins/wp-dev-dashboard/admin/class-wp-dev-dashboard-admin.php on line 1000
[06-May-2025 08:43:30 UTC] PHP Notice:  Function _load_textdomain_just_in_time was called <strong>incorrectly</strong>. Translation loading for the <code>wds-multisite-aggregate</code> domain was triggered too early. This is usually an indicator for some code in the plugin or theme running too early. Translations should be loaded at the <code>init</code> action or later. Please see <a href="https://developer.wordpress.org/advanced-administration/debug/debug-wordpress/">Debugging in WordPress</a> for more information. (This message was added in version 6.7.0.) in /wordpress/wp-includes/functions.php on line 6121
[06-May-2025 08:43:38 UTC] PHP Notice:  Function _load_textdomain_just_in_time was called <strong>incorrectly</strong>. Translation loading for the <code>wds-multisite-aggregate</code> domain was triggered too early. This is usually an indicator for some code in the plugin or theme running too early. Translations should be loaded at the <code>init</code> action or later. Please see <a href="https://developer.wordpress.org/advanced-administration/debug/debug-wordpress/">Debugging in WordPress</a> for more information. (This message was added in version 6.7.0.) in /wordpress/wp-includes/functions.php on line 6121
[06-May-2025 08:43:46 UTC] PHP Notice:  Function _load_textdomain_just_in_time was called <strong>incorrectly</strong>. Translation loading for the <code>wds-multisite-aggregate</code> domain was triggered too early. This is usually an indicator for some code in the plugin or theme running too early. Translations should be loaded at the <code>init</code> action or later. Please see <a href="https://developer.wordpress.org/advanced-administration/debug/debug-wordpress/">Debugging in WordPress</a> for more information. (This message was added in version 6.7.0.) in /wordpress/wp-includes/functions.php on line 6121
[06-May-2025 08:45:10 UTC] PHP Fatal error:  Uncaught Error: Call to undefined function create_function() in /wordpress/wp-content/plugins/wholesale-pricing-for-woocommerce/vt-wholesale-pricing.php:513
Stack trace:
#0 /wordpress/wp-includes/class-wp-hook.php(324): VTWPR_Controller->vtwpr_activation_hook(false)
#1 /wordpress/wp-includes/class-wp-hook.php(348): WP_Hook->apply_filters('', Array)
#2 /wordpress/wp-includes/plugin.php(517): WP_Hook->do_action(Array)
#3 /wordpress/wp-admin/includes/plugin.php(703): do_action('activate_wholes...', false)
#4 /internal/eval.php(20): activate_plugin('wholesale-prici...')
#5 {main}
  thrown in /wordpress/wp-content/plugins/wholesale-pricing-for-woocommerce/vt-wholesale-pricing.php on line 513
[06-May-2025 08:45:18 UTC] PHP Fatal error:  Uncaught Error: Call to undefined function create_function() in /wordpress/wp-content/plugins/wholesale-pricing-for-woocommerce/vt-wholesale-pricing.php:513
Stack trace:
#0 /wordpress/wp-includes/class-wp-hook.php(324): VTWPR_Controller->vtwpr_activation_hook(false)
#1 /wordpress/wp-includes/class-wp-hook.php(348): WP_Hook->apply_filters('', Array)
#2 /wordpress/wp-includes/plugin.php(517): WP_Hook->do_action(Array)
#3 /wordpress/wp-admin/includes/plugin.php(703): do_action('activate_wholes...', false)
#4 /internal/eval.php(20): activate_plugin('wholesale-prici...')
#5 {main}
  thrown in /wordpress/wp-content/plugins/wholesale-pricing-for-woocommerce/vt-wholesale-pricing.php on line 513
[06-May-2025 08:45:26 UTC] PHP Fatal error:  Uncaught Error: Call to undefined function create_function() in /wordpress/wp-content/plugins/wholesale-pricing-for-woocommerce/vt-wholesale-pricing.php:513
Stack trace:
#0 /wordpress/wp-includes/class-wp-hook.php(324): VTWPR_Controller->vtwpr_activation_hook(false)
#1 /wordpress/wp-includes/class-wp-hook.php(348): WP_Hook->apply_filters('', Array)
#2 /wordpress/wp-includes/plugin.php(517): WP_Hook->do_action(Array)
#3 /wordpress/wp-admin/includes/plugin.php(703): do_action('activate_wholes...', false)
#4 /internal/eval.php(20): activate_plugin('wholesale-prici...')
#5 {main}
  thrown in /wordpress/wp-content/plugins/wholesale-pricing-for-woocommerce/vt-wholesale-pricing.php on line 513

    at Object.onBind (file:///home/runner/work/playground-tester/playground-tester/node_modules/@wp-playground/cli/index.js:237:15)
    at process.processTicksAndRejections (node:internal/process/task_queues:105:5)
    at async V (file:///home/runner/work/playground-tester/playground-tester/node_modules/@wp-playground/cli/index.js:64:10)
    at async ja (file:///home/runner/work/playground-tester/playground-tester/node_modules/@wp-playground/cli/cli.js:8161:12) {
  [cause]: Error: Error when executing the blueprint step #5 ({"step":"installPlugin","pluginData":{"resource":"wordpress.org/plugins","slug":"woo-gerencianet"},"options":{"activate":true}}) : Could not download "https://downloads.wordpress.org/plugin/woo-gerencianet.latest-stable.zip".
  				Check if the URL is correct and the server is reachable.
  				If it is reachable, the server might be blocking the request.
  				Check the browser console and network tabs for more information.
  
  				## Does the console show the error "No 'Access-Control-Allow-Origin' header"?
  
  				This means the server that hosts your file does not allow requests from other sites
  				(cross-origin requests, or CORS).	You need to move the asset to a server that allows
  				cross-origin file downloads. Learn more about CORS at
  				https://developer.mozilla.org/en-US/docs/Web/HTTP/CORS.
  
  				If your file is on GitHub, load it from "raw.githubusercontent.com".
  				Here's how to do that:
  
  				1. Start with the original GitHub URL of the file. For example:
  				https://github.com/username/repository/blob/branch/filename.
  				2. Replace "github.com" with "raw.githubusercontent.com".
  				3. Remove the "/blob/" part of the URL.
  
  				The resulting URL should look like this:
  				https://raw.githubusercontent.com/username/repository/branch/filename
  
  				Error:
  				Error: Could not download "https://downloads.wordpress.org/plugin/woo-gerencianet.latest-stable.zip"
      at Object.run (file:///home/runner/work/playground-tester/playground-tester/node_modules/@wp-playground/blueprints/index.js:12449:19)
      at process.processTicksAndRejections (node:internal/process/task_queues:105:5)
      at async ms (file:///home/runner/work/playground-tester/playground-tester/node_modules/@wp-playground/blueprints/index.js:12552:3)
      at async Object.onBind (file:///home/runner/work/playground-tester/playground-tester/node_modules/@wp-playground/cli/index.js:227:48)
      at async V (file:///home/runner/work/playground-tester/playground-tester/node_modules/@wp-playground/cli/index.js:64:10)
      at async ja (file:///home/runner/work/playground-tester/playground-tester/node_modules/@wp-playground/cli/cli.js:8161:12) {
    [cause]: Error: Could not download "https://downloads.wordpress.org/plugin/woo-gerencianet.latest-stable.zip".
    				Check if the URL is correct and the server is reachable.
    				If it is reachable, the server might be blocking the request.
    				Check the browser console and network tabs for more information.
    
    				## Does the console show the error "No 'Access-Control-Allow-Origin' header"?
    
    				This means the server that hosts your file does not allow requests from other sites
    				(cross-origin requests, or CORS).	You need to move the asset to a server that allows
    				cross-origin file downloads. Learn more about CORS at
    				https://developer.mozilla.org/en-US/docs/Web/HTTP/CORS.
    
    				If your file is on GitHub, load it from "raw.githubusercontent.com".
    				Here's how to do that:
    
    				1. Start with the original GitHub URL of the file. For example:
    				https://github.com/username/repository/blob/branch/filename.
    				2. Replace "github.com" with "raw.githubusercontent.com".
    				3. Remove the "/blob/" part of the URL.
    
    				The resulting URL should look like this:
    				https://raw.githubusercontent.com/username/repository/branch/filename
    
    				Error:
    				Error: Could not download "https://downloads.wordpress.org/plugin/woo-gerencianet.latest-stable.zip"
        at Ct.resolve (file:///home/runner/work/playground-tester/playground-tester/node_modules/@wp-playground/blueprints/index.js:1472:13)
        at process.processTicksAndRejections (node:internal/process/task_queues:105:5)
        at async _.run (file:///home/runner/work/playground-tester/playground-tester/node_modules/@php-wasm/util/index.js:45:14)
  }
}

Node.js v23.11.0
