file:///home/runner/work/playground-tester/playground-tester/node_modules/@wp-playground/cli/index.js:237
        throw new Error(y, { cause: u });
              ^

Error: [28-May-2025 11:46:52 UTC] PHP Fatal error:  Array and string offset access syntax with curly braces is no longer supported in /wordpress/wp-content/plugins/formatting-correcter/core/utils.class.php on line 102
[28-May-2025 11:47:00 UTC] PHP Fatal error:  Array and string offset access syntax with curly braces is no longer supported in /wordpress/wp-content/plugins/formatting-correcter/core/utils.class.php on line 102
[28-May-2025 11:47:08 UTC] PHP Fatal error:  Array and string offset access syntax with curly braces is no longer supported in /wordpress/wp-content/plugins/formatting-correcter/core/utils.class.php on line 102
[28-May-2025 11:47:45 UTC] PHP Deprecated:  Required parameter $face2id follows optional parameter $errors in /wordpress/wp-content/plugins/face2-face-recognition-based-two-factor-authentication/face2.php on line 1157
[28-May-2025 11:47:45 UTC] PHP Deprecated:  Required parameter $qr follows optional parameter $errors in /wordpress/wp-content/plugins/face2-face-recognition-based-two-factor-authentication/face2.php on line 1157
[28-May-2025 11:47:45 UTC] PHP Deprecated:  Required parameter $match_percentage follows optional parameter $errors in /wordpress/wp-content/plugins/face2-face-recognition-based-two-factor-authentication/helpers.php on line 596
[28-May-2025 11:47:46 UTC] PHP Deprecated:  Required parameter $face2id follows optional parameter $errors in /wordpress/wp-content/plugins/face2-face-recognition-based-two-factor-authentication/face2.php on line 1157
[28-May-2025 11:47:46 UTC] PHP Deprecated:  Required parameter $qr follows optional parameter $errors in /wordpress/wp-content/plugins/face2-face-recognition-based-two-factor-authentication/face2.php on line 1157
[28-May-2025 11:47:46 UTC] PHP Deprecated:  Required parameter $match_percentage follows optional parameter $errors in /wordpress/wp-content/plugins/face2-face-recognition-based-two-factor-authentication/helpers.php on line 596
[28-May-2025 11:47:46 UTC] PHP Notice:  Function _load_textdomain_just_in_time was called <strong>incorrectly</strong>. Translation loading for the <code>face2</code> domain was triggered too early. This is usually an indicator for some code in the plugin or theme running too early. Translations should be loaded at the <code>init</code> action or later. Please see <a href="https://developer.wordpress.org/advanced-administration/debug/debug-wordpress/">Debugging in WordPress</a> for more information. (This message was added in version 6.7.0.) in /wordpress/wp-includes/functions.php on line 6121
[28-May-2025 11:47:54 UTC] PHP Deprecated:  Required parameter $face2id follows optional parameter $errors in /wordpress/wp-content/plugins/face2-face-recognition-based-two-factor-authentication/face2.php on line 1157
[28-May-2025 11:47:54 UTC] PHP Deprecated:  Required parameter $qr follows optional parameter $errors in /wordpress/wp-content/plugins/face2-face-recognition-based-two-factor-authentication/face2.php on line 1157
[28-May-2025 11:47:54 UTC] PHP Deprecated:  Required parameter $match_percentage follows optional parameter $errors in /wordpress/wp-content/plugins/face2-face-recognition-based-two-factor-authentication/helpers.php on line 596
[28-May-2025 11:47:55 UTC] PHP Deprecated:  Required parameter $face2id follows optional parameter $errors in /wordpress/wp-content/plugins/face2-face-recognition-based-two-factor-authentication/face2.php on line 1157
[28-May-2025 11:47:55 UTC] PHP Deprecated:  Required parameter $qr follows optional parameter $errors in /wordpress/wp-content/plugins/face2-face-recognition-based-two-factor-authentication/face2.php on line 1157
[28-May-2025 11:47:55 UTC] PHP Deprecated:  Required parameter $match_percentage follows optional parameter $errors in /wordpress/wp-content/plugins/face2-face-recognition-based-two-factor-authentication/helpers.php on line 596
[28-May-2025 11:47:55 UTC] PHP Notice:  Function _load_textdomain_just_in_time was called <strong>incorrectly</strong>. Translation loading for the <code>face2</code> domain was triggered too early. This is usually an indicator for some code in the plugin or theme running too early. Translations should be loaded at the <code>init</code> action or later. Please see <a href="https://developer.wordpress.org/advanced-administration/debug/debug-wordpress/">Debugging in WordPress</a> for more information. (This message was added in version 6.7.0.) in /wordpress/wp-includes/functions.php on line 6121
[28-May-2025 11:48:04 UTC] PHP Deprecated:  Required parameter $face2id follows optional parameter $errors in /wordpress/wp-content/plugins/face2-face-recognition-based-two-factor-authentication/face2.php on line 1157
[28-May-2025 11:48:04 UTC] PHP Deprecated:  Required parameter $qr follows optional parameter $errors in /wordpress/wp-content/plugins/face2-face-recognition-based-two-factor-authentication/face2.php on line 1157
[28-May-2025 11:48:04 UTC] PHP Deprecated:  Required parameter $match_percentage follows optional parameter $errors in /wordpress/wp-content/plugins/face2-face-recognition-based-two-factor-authentication/helpers.php on line 596
[28-May-2025 11:48:04 UTC] PHP Deprecated:  Required parameter $face2id follows optional parameter $errors in /wordpress/wp-content/plugins/face2-face-recognition-based-two-factor-authentication/face2.php on line 1157
[28-May-2025 11:48:04 UTC] PHP Deprecated:  Required parameter $qr follows optional parameter $errors in /wordpress/wp-content/plugins/face2-face-recognition-based-two-factor-authentication/face2.php on line 1157
[28-May-2025 11:48:04 UTC] PHP Deprecated:  Required parameter $match_percentage follows optional parameter $errors in /wordpress/wp-content/plugins/face2-face-recognition-based-two-factor-authentication/helpers.php on line 596
[28-May-2025 11:48:04 UTC] PHP Notice:  Function _load_textdomain_just_in_time was called <strong>incorrectly</strong>. Translation loading for the <code>face2</code> domain was triggered too early. This is usually an indicator for some code in the plugin or theme running too early. Translations should be loaded at the <code>init</code> action or later. Please see <a href="https://developer.wordpress.org/advanced-administration/debug/debug-wordpress/">Debugging in WordPress</a> for more information. (This message was added in version 6.7.0.) in /wordpress/wp-includes/functions.php on line 6121
[28-May-2025 11:52:03 UTC] PHP Warning:  Undefined array key "REMOTE_ADDR" in /wordpress/wp-content/plugins/finch/finch.php on line 23
[28-May-2025 11:52:04 UTC] PHP Warning:  Undefined array key "REMOTE_ADDR" in /wordpress/wp-content/plugins/finch/finch.php on line 23
[28-May-2025 11:52:04 UTC] Exception: cURL error 35: OpenSSL SSL_connect: SSL_ERROR_SYSCALL in connection to api.finch.io:443  in /wordpress/wp-content/plugins/finch/api/finch_api_client.class.php:73
Stack trace:
#0 /wordpress/wp-content/plugins/finch/api/finch_api_client.class.php(208): FinchApiClient->get('/config/snippet')
#1 /wordpress/wp-content/plugins/finch/classes/finch.class.php(104): FinchApiClient->getSnippetData()
#2 /wordpress/wp-includes/class-wp-hook.php(324): Finch->finchInit('')
#3 /wordpress/wp-includes/class-wp-hook.php(348): WP_Hook->apply_filters(NULL, Array)
#4 /wordpress/wp-includes/plugin.php(517): WP_Hook->do_action(Array)
#5 /wordpress/wp-settings.php(727): do_action('init')
#6 /wordpress/wp-config.php(102): require_once('/wordpress/wp-s...')
#7 /wordpress/wp-load.php(50): require_once('/wordpress/wp-c...')
#8 /internal/eval.php(3): require_once('/wordpress/wp-l...')
#9 {main}
[28-May-2025 11:52:04 UTC] PHP Warning:  Attempt to read property "version" on bool in /wordpress/wp-content/plugins/finch/classes/finch.class.php on line 106
[28-May-2025 11:52:04 UTC] PHP Warning:  Attempt to read property "version" on bool in /wordpress/wp-content/plugins/finch/classes/finch.class.php on line 107
[28-May-2025 11:52:04 UTC] PHP Warning:  Attempt to read property "version" on bool in /wordpress/wp-content/plugins/finch/classes/finch.class.php on line 108
[28-May-2025 11:52:11 UTC] PHP Warning:  Undefined array key "REMOTE_ADDR" in /wordpress/wp-content/plugins/finch/finch.php on line 23
[28-May-2025 11:52:12 UTC] PHP Warning:  Undefined array key "REMOTE_ADDR" in /wordpress/wp-content/plugins/finch/finch.php on line 23
[28-May-2025 11:52:12 UTC] Exception: cURL error 35: OpenSSL SSL_connect: SSL_ERROR_SYSCALL in connection to api.finch.io:443  in /wordpress/wp-content/plugins/finch/api/finch_api_client.class.php:73
Stack trace:
#0 /wordpress/wp-content/plugins/finch/api/finch_api_client.class.php(208): FinchApiClient->get('/config/snippet')
#1 /wordpress/wp-content/plugins/finch/classes/finch.class.php(104): FinchApiClient->getSnippetData()
#2 /wordpress/wp-includes/class-wp-hook.php(324): Finch->finchInit('')
#3 /wordpress/wp-includes/class-wp-hook.php(348): WP_Hook->apply_filters(NULL, Array)
#4 /wordpress/wp-includes/plugin.php(517): WP_Hook->do_action(Array)
#5 /wordpress/wp-settings.php(727): do_action('init')
#6 /wordpress/wp-config.php(102): require_once('/wordpress/wp-s...')
#7 /wordpress/wp-load.php(50): require_once('/wordpress/wp-c...')
#8 /internal/eval.php(3): require_once('/wordpress/wp-l...')
#9 {main}
[28-May-2025 11:52:12 UTC] PHP Warning:  Attempt to read property "version" on bool in /wordpress/wp-content/plugins/finch/classes/finch.class.php on line 106
[28-May-2025 11:52:12 UTC] PHP Warning:  Attempt to read property "version" on bool in /wordpress/wp-content/plugins/finch/classes/finch.class.php on line 107
[28-May-2025 11:52:12 UTC] PHP Warning:  Attempt to read property "version" on bool in /wordpress/wp-content/plugins/finch/classes/finch.class.php on line 108
[28-May-2025 11:52:19 UTC] PHP Warning:  Undefined array key "REMOTE_ADDR" in /wordpress/wp-content/plugins/finch/finch.php on line 23
[28-May-2025 11:52:20 UTC] PHP Warning:  Undefined array key "REMOTE_ADDR" in /wordpress/wp-content/plugins/finch/finch.php on line 23
[28-May-2025 11:52:21 UTC] Exception: cURL error 35: OpenSSL SSL_connect: SSL_ERROR_SYSCALL in connection to api.finch.io:443  in /wordpress/wp-content/plugins/finch/api/finch_api_client.class.php:73
Stack trace:
#0 /wordpress/wp-content/plugins/finch/api/finch_api_client.class.php(208): FinchApiClient->get('/config/snippet')
#1 /wordpress/wp-content/plugins/finch/classes/finch.class.php(104): FinchApiClient->getSnippetData()
#2 /wordpress/wp-includes/class-wp-hook.php(324): Finch->finchInit('')
#3 /wordpress/wp-includes/class-wp-hook.php(348): WP_Hook->apply_filters(NULL, Array)
#4 /wordpress/wp-includes/plugin.php(517): WP_Hook->do_action(Array)
#5 /wordpress/wp-settings.php(727): do_action('init')
#6 /wordpress/wp-config.php(102): require_once('/wordpress/wp-s...')
#7 /wordpress/wp-load.php(50): require_once('/wordpress/wp-c...')
#8 /internal/eval.php(3): require_once('/wordpress/wp-l...')
#9 {main}
[28-May-2025 11:52:21 UTC] PHP Warning:  Attempt to read property "version" on bool in /wordpress/wp-content/plugins/finch/classes/finch.class.php on line 106
[28-May-2025 11:52:21 UTC] PHP Warning:  Attempt to read property "version" on bool in /wordpress/wp-content/plugins/finch/classes/finch.class.php on line 107
[28-May-2025 11:52:21 UTC] PHP Warning:  Attempt to read property "version" on bool in /wordpress/wp-content/plugins/finch/classes/finch.class.php on line 108
[28-May-2025 11:52:30 UTC] [findkit] Failed to generate RSA keypair
[28-May-2025 11:52:31 UTC] [findkit] Failed to generate RSA keypair
[28-May-2025 11:52:38 UTC] [findkit] Failed to generate RSA keypair
[28-May-2025 11:52:39 UTC] [findkit] Failed to generate RSA keypair
[28-May-2025 11:52:46 UTC] [findkit] Failed to generate RSA keypair
[28-May-2025 11:52:47 UTC] [findkit] Failed to generate RSA keypair
[28-May-2025 11:53:23 UTC] PHP Warning:  include(/wordpress/wp-content/plugins/frontrom/vendor/composer/../../includes/Upgrades/Upgrade.php): Failed to open stream: No such file or directory in /wordpress/wp-content/plugins/frontrom/vendor/composer/ClassLoader.php on line 444
[28-May-2025 11:53:23 UTC] PHP Warning:  include(): Failed opening '/wordpress/wp-content/plugins/frontrom/vendor/composer/../../includes/Upgrades/Upgrade.php' for inclusion (include_path='.:') in /wordpress/wp-content/plugins/frontrom/vendor/composer/ClassLoader.php on line 444
[28-May-2025 11:53:23 UTC] PHP Fatal error:  Uncaught Error: Class "FrontRom\Includes\Upgrades\Upgrade" not found in /wordpress/wp-content/plugins/frontrom/frontrom.php:119
Stack trace:
#0 /wordpress/wp-content/plugins/frontrom/frontrom.php(66): FrontRom->dependency_class_instance()
#1 /wordpress/wp-content/plugins/frontrom/frontrom.php(143): FrontRom::instance()
#2 /wordpress/wp-content/plugins/frontrom/frontrom.php(150): frontrom()
#3 /wordpress/wp-admin/includes/plugin.php(2387): include_once('/wordpress/wp-c...')
#4 /wordpress/wp-admin/includes/plugin.php(673): plugin_sandbox_scrape('frontrom/frontr...')
#5 /internal/eval.php(20): activate_plugin('frontrom/frontr...')
#6 {main}
  thrown in /wordpress/wp-content/plugins/frontrom/frontrom.php on line 119
[28-May-2025 11:53:31 UTC] PHP Warning:  include(/wordpress/wp-content/plugins/frontrom/vendor/composer/../../includes/Upgrades/Upgrade.php): Failed to open stream: No such file or directory in /wordpress/wp-content/plugins/frontrom/vendor/composer/ClassLoader.php on line 444
[28-May-2025 11:53:31 UTC] PHP Warning:  include(): Failed opening '/wordpress/wp-content/plugins/frontrom/vendor/composer/../../includes/Upgrades/Upgrade.php' for inclusion (include_path='.:') in /wordpress/wp-content/plugins/frontrom/vendor/composer/ClassLoader.php on line 444
[28-May-2025 11:53:31 UTC] PHP Fatal error:  Uncaught Error: Class "FrontRom\Includes\Upgrades\Upgrade" not found in /wordpress/wp-content/plugins/frontrom/frontrom.php:119
Stack trace:
#0 /wordpress/wp-content/plugins/frontrom/frontrom.php(66): FrontRom->dependency_class_instance()
#1 /wordpress/wp-content/plugins/frontrom/frontrom.php(143): FrontRom::instance()
#2 /wordpress/wp-content/plugins/frontrom/frontrom.php(150): frontrom()
#3 /wordpress/wp-admin/includes/plugin.php(2387): include_once('/wordpress/wp-c...')
#4 /wordpress/wp-admin/includes/plugin.php(673): plugin_sandbox_scrape('frontrom/frontr...')
#5 /internal/eval.php(20): activate_plugin('frontrom/frontr...')
#6 {main}
  thrown in /wordpress/wp-content/plugins/frontrom/frontrom.php on line 119
[28-May-2025 11:53:40 UTC] PHP Warning:  include(/wordpress/wp-content/plugins/frontrom/vendor/composer/../../includes/Upgrades/Upgrade.php): Failed to open stream: No such file or directory in /wordpress/wp-content/plugins/frontrom/vendor/composer/ClassLoader.php on line 444
[28-May-2025 11:53:40 UTC] PHP Warning:  include(): Failed opening '/wordpress/wp-content/plugins/frontrom/vendor/composer/../../includes/Upgrades/Upgrade.php' for inclusion (include_path='.:') in /wordpress/wp-content/plugins/frontrom/vendor/composer/ClassLoader.php on line 444
[28-May-2025 11:53:40 UTC] PHP Fatal error:  Uncaught Error: Class "FrontRom\Includes\Upgrades\Upgrade" not found in /wordpress/wp-content/plugins/frontrom/frontrom.php:119
Stack trace:
#0 /wordpress/wp-content/plugins/frontrom/frontrom.php(66): FrontRom->dependency_class_instance()
#1 /wordpress/wp-content/plugins/frontrom/frontrom.php(143): FrontRom::instance()
#2 /wordpress/wp-content/plugins/frontrom/frontrom.php(150): frontrom()
#3 /wordpress/wp-admin/includes/plugin.php(2387): include_once('/wordpress/wp-c...')
#4 /wordpress/wp-admin/includes/plugin.php(673): plugin_sandbox_scrape('frontrom/frontr...')
#5 /internal/eval.php(20): activate_plugin('frontrom/frontr...')
#6 {main}
  thrown in /wordpress/wp-content/plugins/frontrom/frontrom.php on line 119
[28-May-2025 11:53:50 UTC] PHP Fatal error:  Uncaught Error: Undefined constant "url" in /wordpress/wp-content/plugins/full-width-responsive-portfolio/custom-data.php:33
Stack trace:
#0 /wordpress/wp-includes/class-wp-hook.php(324): tg_portfolio('')
#1 /wordpress/wp-includes/class-wp-hook.php(348): WP_Hook->apply_filters(NULL, Array)
#2 /wordpress/wp-includes/plugin.php(517): WP_Hook->do_action(Array)
#3 /wordpress/wp-settings.php(727): do_action('init')
#4 /wordpress/wp-config.php(102): require_once('/wordpress/wp-s...')
#5 /wordpress/wp-load.php(50): require_once('/wordpress/wp-c...')
#6 /internal/eval.php(3): require_once('/wordpress/wp-l...')
#7 {main}
  thrown in /wordpress/wp-content/plugins/full-width-responsive-portfolio/custom-data.php on line 33
[28-May-2025 11:53:58 UTC] PHP Fatal error:  Uncaught Error: Undefined constant "url" in /wordpress/wp-content/plugins/full-width-responsive-portfolio/custom-data.php:33
Stack trace:
#0 /wordpress/wp-includes/class-wp-hook.php(324): tg_portfolio('')
#1 /wordpress/wp-includes/class-wp-hook.php(348): WP_Hook->apply_filters(NULL, Array)
#2 /wordpress/wp-includes/plugin.php(517): WP_Hook->do_action(Array)
#3 /wordpress/wp-settings.php(727): do_action('init')
#4 /wordpress/wp-config.php(102): require_once('/wordpress/wp-s...')
#5 /wordpress/wp-load.php(50): require_once('/wordpress/wp-c...')
#6 /internal/eval.php(3): require_once('/wordpress/wp-l...')
#7 {main}
  thrown in /wordpress/wp-content/plugins/full-width-responsive-portfolio/custom-data.php on line 33
[28-May-2025 11:54:07 UTC] PHP Fatal error:  Uncaught Error: Undefined constant "url" in /wordpress/wp-content/plugins/full-width-responsive-portfolio/custom-data.php:33
Stack trace:
#0 /wordpress/wp-includes/class-wp-hook.php(324): tg_portfolio('')
#1 /wordpress/wp-includes/class-wp-hook.php(348): WP_Hook->apply_filters(NULL, Array)
#2 /wordpress/wp-includes/plugin.php(517): WP_Hook->do_action(Array)
#3 /wordpress/wp-settings.php(727): do_action('init')
#4 /wordpress/wp-config.php(102): require_once('/wordpress/wp-s...')
#5 /wordpress/wp-load.php(50): require_once('/wordpress/wp-c...')
#6 /internal/eval.php(3): require_once('/wordpress/wp-l...')
#7 {main}
  thrown in /wordpress/wp-content/plugins/full-width-responsive-portfolio/custom-data.php on line 33
[28-May-2025 11:55:10 UTC] PHP Notice:  Function _load_textdomain_just_in_time was called <strong>incorrectly</strong>. Translation loading for the <code>firstlook</code> domain was triggered too early. This is usually an indicator for some code in the plugin or theme running too early. Translations should be loaded at the <code>init</code> action or later. Please see <a href="https://developer.wordpress.org/advanced-administration/debug/debug-wordpress/">Debugging in WordPress</a> for more information. (This message was added in version 6.7.0.) in /wordpress/wp-includes/functions.php on line 6121
[28-May-2025 11:55:20 UTC] PHP Notice:  Function _load_textdomain_just_in_time was called <strong>incorrectly</strong>. Translation loading for the <code>firstlook</code> domain was triggered too early. This is usually an indicator for some code in the plugin or theme running too early. Translations should be loaded at the <code>init</code> action or later. Please see <a href="https://developer.wordpress.org/advanced-administration/debug/debug-wordpress/">Debugging in WordPress</a> for more information. (This message was added in version 6.7.0.) in /wordpress/wp-includes/functions.php on line 6121
[28-May-2025 11:55:29 UTC] PHP Notice:  Function _load_textdomain_just_in_time was called <strong>incorrectly</strong>. Translation loading for the <code>firstlook</code> domain was triggered too early. This is usually an indicator for some code in the plugin or theme running too early. Translations should be loaded at the <code>init</code> action or later. Please see <a href="https://developer.wordpress.org/advanced-administration/debug/debug-wordpress/">Debugging in WordPress</a> for more information. (This message was added in version 6.7.0.) in /wordpress/wp-includes/functions.php on line 6121

    at Object.onBind (file:///home/runner/work/playground-tester/playground-tester/node_modules/@wp-playground/cli/index.js:237:15)
    at process.processTicksAndRejections (node:internal/process/task_queues:105:5)
    at async V (file:///home/runner/work/playground-tester/playground-tester/node_modules/@wp-playground/cli/index.js:64:10)
    at async ja (file:///home/runner/work/playground-tester/playground-tester/node_modules/@wp-playground/cli/cli.js:8161:12) {
  [cause]: Error: Error when executing the blueprint step #1 ({"step":"installPlugin","pluginData":{"resource":"wordpress.org/plugins","slug":"fix-structured-data-errors"},"options":{"activate":true}}) : Plugin /wordpress/wp-content/plugins/fix-structured-data-errors could not be activated – WordPress exited with no error. Sometimes, when $_SERVER or site options are not configured correctly, WordPress exits early with a 301 redirect. Inspect the "debug" logs in the console for more details.
      at Object.run (file:///home/runner/work/playground-tester/playground-tester/node_modules/@wp-playground/blueprints/index.js:12449:19)
      at process.processTicksAndRejections (node:internal/process/task_queues:105:5)
      at async ms (file:///home/runner/work/playground-tester/playground-tester/node_modules/@wp-playground/blueprints/index.js:12552:3)
      ... 2 lines matching cause stack trace ...
      at async ja (file:///home/runner/work/playground-tester/playground-tester/node_modules/@wp-playground/cli/cli.js:8161:12) {
    [cause]: Error: Plugin /wordpress/wp-content/plugins/fix-structured-data-errors could not be activated – WordPress exited with no error. Sometimes, when $_SERVER or site options are not configured correctly, WordPress exits early with a 301 redirect. Inspect the "debug" logs in the console for more details.
        at wr (file:///home/runner/work/playground-tester/playground-tester/node_modules/@wp-playground/blueprints/index.js:119:51)
        at process.processTicksAndRejections (node:internal/process/task_queues:105:5)
        at async Object.gt [as installPlugin] (file:///home/runner/work/playground-tester/playground-tester/node_modules/@wp-playground/blueprints/index.js:974:42)
        at async g (file:///home/runner/work/playground-tester/playground-tester/node_modules/@wp-playground/blueprints/index.js:12517:30)
        at async Object.run (file:///home/runner/work/playground-tester/playground-tester/node_modules/@wp-playground/blueprints/index.js:12446:23)
        at async ms (file:///home/runner/work/playground-tester/playground-tester/node_modules/@wp-playground/blueprints/index.js:12552:3)
        at async Object.onBind (file:///home/runner/work/playground-tester/playground-tester/node_modules/@wp-playground/cli/index.js:227:48)
        at async V (file:///home/runner/work/playground-tester/playground-tester/node_modules/@wp-playground/cli/index.js:64:10)
        at async ja (file:///home/runner/work/playground-tester/playground-tester/node_modules/@wp-playground/cli/cli.js:8161:12)
  }
}

Node.js v23.11.0
