file:///home/runner/work/playground-tester/playground-tester/node_modules/@wp-playground/cli/index.js:237
        throw new Error(y, { cause: u });
              ^

Error: [09-May-2025 17:49:12 UTC] PHP Fatal error:  Uncaught PDOException: SQLSTATE[HY000] [2002] Address family not supported by protocol in /wordpress/wp-content/plugins/hrefprompt/lib/db.class.php:25
Stack trace:
#0 /wordpress/wp-content/plugins/hrefprompt/lib/db.class.php(25): PDO->__construct('mysql:host=loca...', 'username_here', 'password_here')
#1 /wordpress/wp-content/plugins/hrefprompt/hrefprompt.php(54): hrefp_db->__construct()
#2 /wordpress/wp-admin/includes/plugin.php(2387): include_once('/wordpress/wp-c...')
#3 /wordpress/wp-admin/includes/plugin.php(673): plugin_sandbox_scrape('hrefprompt/href...')
#4 /internal/eval.php(20): activate_plugin('hrefprompt/href...')
#5 {main}
  thrown in /wordpress/wp-content/plugins/hrefprompt/lib/db.class.php on line 25
[09-May-2025 17:49:22 UTC] PHP Fatal error:  Uncaught PDOException: SQLSTATE[HY000] [2002] Address family not supported by protocol in /wordpress/wp-content/plugins/hrefprompt/lib/db.class.php:25
Stack trace:
#0 /wordpress/wp-content/plugins/hrefprompt/lib/db.class.php(25): PDO->__construct('mysql:host=loca...', 'username_here', 'password_here')
#1 /wordpress/wp-content/plugins/hrefprompt/hrefprompt.php(54): hrefp_db->__construct()
#2 /wordpress/wp-admin/includes/plugin.php(2387): include_once('/wordpress/wp-c...')
#3 /wordpress/wp-admin/includes/plugin.php(673): plugin_sandbox_scrape('hrefprompt/href...')
#4 /internal/eval.php(20): activate_plugin('hrefprompt/href...')
#5 {main}
  thrown in /wordpress/wp-content/plugins/hrefprompt/lib/db.class.php on line 25
[09-May-2025 17:49:31 UTC] PHP Fatal error:  Uncaught PDOException: SQLSTATE[HY000] [2002] Address family not supported by protocol in /wordpress/wp-content/plugins/hrefprompt/lib/db.class.php:25
Stack trace:
#0 /wordpress/wp-content/plugins/hrefprompt/lib/db.class.php(25): PDO->__construct('mysql:host=loca...', 'username_here', 'password_here')
#1 /wordpress/wp-content/plugins/hrefprompt/hrefprompt.php(54): hrefp_db->__construct()
#2 /wordpress/wp-admin/includes/plugin.php(2387): include_once('/wordpress/wp-c...')
#3 /wordpress/wp-admin/includes/plugin.php(673): plugin_sandbox_scrape('hrefprompt/href...')
#4 /internal/eval.php(20): activate_plugin('hrefprompt/href...')
#5 {main}
  thrown in /wordpress/wp-content/plugins/hrefprompt/lib/db.class.php on line 25
[09-May-2025 17:51:45 UTC] PHP Warning:  The magic method EDD_Blocks::__wakeup() must have public visibility in /wordpress/wp-content/plugins/edd-blocks/edd-blocks.php on line 101
[09-May-2025 17:51:46 UTC] PHP Warning:  The magic method EDD_Blocks::__wakeup() must have public visibility in /wordpress/wp-content/plugins/edd-blocks/edd-blocks.php on line 101
[09-May-2025 17:51:54 UTC] PHP Warning:  The magic method EDD_Blocks::__wakeup() must have public visibility in /wordpress/wp-content/plugins/edd-blocks/edd-blocks.php on line 101
[09-May-2025 17:51:55 UTC] PHP Warning:  The magic method EDD_Blocks::__wakeup() must have public visibility in /wordpress/wp-content/plugins/edd-blocks/edd-blocks.php on line 101
[09-May-2025 17:52:04 UTC] PHP Warning:  The magic method EDD_Blocks::__wakeup() must have public visibility in /wordpress/wp-content/plugins/edd-blocks/edd-blocks.php on line 101
[09-May-2025 17:52:05 UTC] PHP Warning:  The magic method EDD_Blocks::__wakeup() must have public visibility in /wordpress/wp-content/plugins/edd-blocks/edd-blocks.php on line 101
[09-May-2025 17:52:43 UTC] PHP Notice:  Function _load_textdomain_just_in_time was called <strong>incorrectly</strong>. Translation loading for the <code>ellypos_pay</code> domain was triggered too early. This is usually an indicator for some code in the plugin or theme running too early. Translations should be loaded at the <code>init</code> action or later. Please see <a href="https://developer.wordpress.org/advanced-administration/debug/debug-wordpress/">Debugging in WordPress</a> for more information. (This message was added in version 6.7.0.) in /wordpress/wp-includes/functions.php on line 6121
[09-May-2025 17:52:43 UTC] PHP Fatal error:  Uncaught Error: Class "WC_Payment_Gateway" not found in /wordpress/wp-content/plugins/ellypos-pay/ellypos-pay.php:42
Stack trace:
#0 /wordpress/wp-includes/class-wp-hook.php(324): init_ellypos_pay_class('')
#1 /wordpress/wp-includes/class-wp-hook.php(348): WP_Hook->apply_filters(NULL, Array)
#2 /wordpress/wp-includes/plugin.php(517): WP_Hook->do_action(Array)
#3 /wordpress/wp-settings.php(578): do_action('plugins_loaded')
#4 /wordpress/wp-config.php(102): require_once('/wordpress/wp-s...')
#5 /wordpress/wp-load.php(50): require_once('/wordpress/wp-c...')
#6 /internal/eval.php(3): require_once('/wordpress/wp-l...')
#7 {main}
  thrown in /wordpress/wp-content/plugins/ellypos-pay/ellypos-pay.php on line 42
[09-May-2025 17:52:53 UTC] PHP Notice:  Function _load_textdomain_just_in_time was called <strong>incorrectly</strong>. Translation loading for the <code>ellypos_pay</code> domain was triggered too early. This is usually an indicator for some code in the plugin or theme running too early. Translations should be loaded at the <code>init</code> action or later. Please see <a href="https://developer.wordpress.org/advanced-administration/debug/debug-wordpress/">Debugging in WordPress</a> for more information. (This message was added in version 6.7.0.) in /wordpress/wp-includes/functions.php on line 6121
[09-May-2025 17:52:53 UTC] PHP Fatal error:  Uncaught Error: Class "WC_Payment_Gateway" not found in /wordpress/wp-content/plugins/ellypos-pay/ellypos-pay.php:42
Stack trace:
#0 /wordpress/wp-includes/class-wp-hook.php(324): init_ellypos_pay_class('')
#1 /wordpress/wp-includes/class-wp-hook.php(348): WP_Hook->apply_filters(NULL, Array)
#2 /wordpress/wp-includes/plugin.php(517): WP_Hook->do_action(Array)
#3 /wordpress/wp-settings.php(578): do_action('plugins_loaded')
#4 /wordpress/wp-config.php(102): require_once('/wordpress/wp-s...')
#5 /wordpress/wp-load.php(50): require_once('/wordpress/wp-c...')
#6 /internal/eval.php(3): require_once('/wordpress/wp-l...')
#7 {main}
  thrown in /wordpress/wp-content/plugins/ellypos-pay/ellypos-pay.php on line 42
[09-May-2025 17:53:03 UTC] PHP Notice:  Function _load_textdomain_just_in_time was called <strong>incorrectly</strong>. Translation loading for the <code>ellypos_pay</code> domain was triggered too early. This is usually an indicator for some code in the plugin or theme running too early. Translations should be loaded at the <code>init</code> action or later. Please see <a href="https://developer.wordpress.org/advanced-administration/debug/debug-wordpress/">Debugging in WordPress</a> for more information. (This message was added in version 6.7.0.) in /wordpress/wp-includes/functions.php on line 6121
[09-May-2025 17:53:03 UTC] PHP Fatal error:  Uncaught Error: Class "WC_Payment_Gateway" not found in /wordpress/wp-content/plugins/ellypos-pay/ellypos-pay.php:42
Stack trace:
#0 /wordpress/wp-includes/class-wp-hook.php(324): init_ellypos_pay_class('')
#1 /wordpress/wp-includes/class-wp-hook.php(348): WP_Hook->apply_filters(NULL, Array)
#2 /wordpress/wp-includes/plugin.php(517): WP_Hook->do_action(Array)
#3 /wordpress/wp-settings.php(578): do_action('plugins_loaded')
#4 /wordpress/wp-config.php(102): require_once('/wordpress/wp-s...')
#5 /wordpress/wp-load.php(50): require_once('/wordpress/wp-c...')
#6 /internal/eval.php(3): require_once('/wordpress/wp-l...')
#7 {main}
  thrown in /wordpress/wp-content/plugins/ellypos-pay/ellypos-pay.php on line 42
[09-May-2025 17:53:40 UTC] PHP Fatal error:  Cannot declare class XmlParser, because the name is already in use in /wordpress/wp-content/plugins/hubpress/XmlParser.php on line 3
[09-May-2025 17:53:48 UTC] PHP Fatal error:  Cannot declare class XmlParser, because the name is already in use in /wordpress/wp-content/plugins/hubpress/XmlParser.php on line 3
[09-May-2025 17:53:55 UTC] PHP Fatal error:  Cannot declare class XmlParser, because the name is already in use in /wordpress/wp-content/plugins/hubpress/XmlParser.php on line 3
[09-May-2025 17:55:02 UTC] easy-pie-coming-soon:activate
[09-May-2025 17:55:02 UTC] WordPress database error <div style="clear:both">&nbsp;</div>
<div class="queries" style="clear:both;margin-bottom:2px;border:red dotted thin;">
<p>MySQL query:</p>
<p>CREATE INDEX public_id_idx ON wp_easy_pie_contacts (public_id);</p>
<p>Queries made or created this session were:</p>
<ol>
<li>Executing: BEGIN | (no parameters)</li>
<li>Executing: ROLLBACK | (no parameters)</li>
</ol>
</div>
<div style="clear:both;margin-bottom:2px;border:red dotted thin;" class="error_message" style="border-bottom:dotted blue thin;">
MySQL query not supported. Cause: statement type: "createStatement" > "createIndex"
</div>
<p>Backtrace:</p>
<pre>#0 /internal/shared/sqlite-database-integration/wp-includes/sqlite-ast/class-wp-sqlite-driver.php(848): WP_SQLite_Driver->new_not_supported_exception('statement type:...')
#1 /internal/shared/sqlite-database-integration/wp-includes/sqlite-ast/class-wp-sqlite-driver.php(669): WP_SQLite_Driver->execute_mysql_query(Object(WP_Parser_Node))
#2 /internal/shared/sqlite-database-integration/wp-includes/sqlite/class-wp-sqlite-db.php(491): WP_SQLite_Driver->query('CREATE INDEX pu...')
#3 /internal/shared/sqlite-database-integration/wp-includes/sqlite/class-wp-sqlite-db.php(432): WP_SQLite_DB->_do_query('CREATE INDEX pu...')
#4 /wordpress/wp-content/plugins/easy-pie-coming-soon/classes/Entities/class-ezp-cs-standard-entity-base.php(101): WP_SQLite_DB->query('CREATE INDEX pu...')
#5 /wordpress/wp-content/plugins/easy-pie-coming-soon/classes/Entities/crm/class-ezp-contact-entity.php(59): EZP_CS_Standard_Entity_Base::generic_init_table(Array, 'easy_pie_contac...', Array)
#6 /wordpress/wp-content/plugins/easy-pie-coming-soon/classes/class-ezp-cs.php(406): EZP_Contact_Entity::init_table()
#7 /wordpress/wp-includes/class-wp-hook.php(324): EZP_CS::activate(false)
#8 /wordpress/wp-includes/class-wp-hook.php(348): WP_Hook->apply_filters('', Array)
#9 /wordpress/wp-includes/plugin.php(517): WP_Hook->do_action(Array)
#10 /wordpress/wp-admin/includes/plugin.php(703): do_action('activate_easy-p...', false)
#11 /internal/eval.php(20): activate_plugin('easy-pie-coming...')
#12 {main}</pre>
 for query CREATE INDEX public_id_idx ON wp_easy_pie_contacts (public_id); made by activate_plugin, do_action('activate_easy-pie-coming-soon/easy-pie-coming-soon.php'), WP_Hook->do_action, WP_Hook->apply_filters, EZP_CS::activate, EZP_Contact_Entity::init_table, EZP_CS_Standard_Entity_Base::generic_init_table, WP_SQLite_DB->query, WP_SQLite_DB->print_error
[09-May-2025 17:55:04 UTC] PHP Notice:  Function _load_textdomain_just_in_time was called <strong>incorrectly</strong>. Translation loading for the <code>easy-pie-coming-soon</code> domain was triggered too early. This is usually an indicator for some code in the plugin or theme running too early. Translations should be loaded at the <code>init</code> action or later. Please see <a href="https://developer.wordpress.org/advanced-administration/debug/debug-wordpress/">Debugging in WordPress</a> for more information. (This message was added in version 6.7.0.) in /wordpress/wp-includes/functions.php on line 6121
[09-May-2025 17:55:13 UTC] easy-pie-coming-soon:activate
[09-May-2025 17:55:13 UTC] WordPress database error <div style="clear:both">&nbsp;</div>
<div class="queries" style="clear:both;margin-bottom:2px;border:red dotted thin;">
<p>MySQL query:</p>
<p>CREATE INDEX public_id_idx ON wp_easy_pie_contacts (public_id);</p>
<p>Queries made or created this session were:</p>
<ol>
<li>Executing: BEGIN | (no parameters)</li>
<li>Executing: ROLLBACK | (no parameters)</li>
</ol>
</div>
<div style="clear:both;margin-bottom:2px;border:red dotted thin;" class="error_message" style="border-bottom:dotted blue thin;">
Error occurred at line 4117 in Function <code>handle_error</code>. Error message was: Unknown create type: INDEX.
</div>
<p>Backtrace:</p>
<pre>#0 /internal/shared/sqlite-database-integration/wp-includes/sqlite/class-wp-sqlite-db.php(287): WP_SQLite_Translator->get_error_message()
#1 /wordpress/wp-content/plugins/easy-pie-coming-soon/classes/Entities/class-ezp-cs-standard-entity-base.php(101): WP_SQLite_DB->query('CREATE INDEX pu...')
#2 /wordpress/wp-content/plugins/easy-pie-coming-soon/classes/Entities/crm/class-ezp-contact-entity.php(59): EZP_CS_Standard_Entity_Base::generic_init_table(Array, 'easy_pie_contac...', Array)
#3 /wordpress/wp-content/plugins/easy-pie-coming-soon/classes/class-ezp-cs.php(406): EZP_Contact_Entity::init_table()
#4 /wordpress/wp-includes/class-wp-hook.php(324): EZP_CS::activate(false)
#5 /wordpress/wp-includes/class-wp-hook.php(348): WP_Hook->apply_filters('', Array)
#6 /wordpress/wp-includes/plugin.php(517): WP_Hook->do_action(Array)
#7 /wordpress/wp-admin/includes/plugin.php(703): do_action('activate_easy-p...', false)
#8 /internal/eval.php(20): activate_plugin('easy-pie-coming...')
#9 {main}</pre>
 for query CREATE INDEX public_id_idx ON wp_easy_pie_contacts (public_id); made by activate_plugin, do_action('activate_easy-pie-coming-soon/easy-pie-coming-soon.php'), WP_Hook->do_action, WP_Hook->apply_filters, EZP_CS::activate, EZP_Contact_Entity::init_table, EZP_CS_Standard_Entity_Base::generic_init_table, WP_SQLite_DB->query, WP_SQLite_DB->print_error
[09-May-2025 17:55:14 UTC] PHP Notice:  Function _load_textdomain_just_in_time was called <strong>incorrectly</strong>. Translation loading for the <code>easy-pie-coming-soon</code> domain was triggered too early. This is usually an indicator for some code in the plugin or theme running too early. Translations should be loaded at the <code>init</code> action or later. Please see <a href="https://developer.wordpress.org/advanced-administration/debug/debug-wordpress/">Debugging in WordPress</a> for more information. (This message was added in version 6.7.0.) in /wordpress/wp-includes/functions.php on line 6121
[09-May-2025 17:55:23 UTC] easy-pie-coming-soon:activate
[09-May-2025 17:55:23 UTC] WordPress database error <div style="clear:both">&nbsp;</div>
<div class="queries" style="clear:both;margin-bottom:2px;border:red dotted thin;">
<p>MySQL query:</p>
<p>CREATE INDEX public_id_idx ON wp_easy_pie_contacts (public_id);</p>
<p>Queries made or created this session were:</p>
<ol>
<li>Executing: BEGIN | (no parameters)</li>
<li>Executing: ROLLBACK | (no parameters)</li>
</ol>
</div>
<div style="clear:both;margin-bottom:2px;border:red dotted thin;" class="error_message" style="border-bottom:dotted blue thin;">
Error occurred at line 4117 in Function <code>handle_error</code>. Error message was: Unknown create type: INDEX.
</div>
<p>Backtrace:</p>
<pre>#0 /internal/shared/sqlite-database-integration/wp-includes/sqlite/class-wp-sqlite-db.php(287): WP_SQLite_Translator->get_error_message()
#1 /wordpress/wp-content/plugins/easy-pie-coming-soon/classes/Entities/class-ezp-cs-standard-entity-base.php(101): WP_SQLite_DB->query('CREATE INDEX pu...')
#2 /wordpress/wp-content/plugins/easy-pie-coming-soon/classes/Entities/crm/class-ezp-contact-entity.php(59): EZP_CS_Standard_Entity_Base::generic_init_table(Array, 'easy_pie_contac...', Array)
#3 /wordpress/wp-content/plugins/easy-pie-coming-soon/classes/class-ezp-cs.php(406): EZP_Contact_Entity::init_table()
#4 /wordpress/wp-includes/class-wp-hook.php(324): EZP_CS::activate(false)
#5 /wordpress/wp-includes/class-wp-hook.php(348): WP_Hook->apply_filters('', Array)
#6 /wordpress/wp-includes/plugin.php(517): WP_Hook->do_action(Array)
#7 /wordpress/wp-admin/includes/plugin.php(703): do_action('activate_easy-p...', false)
#8 /internal/eval.php(20): activate_plugin('easy-pie-coming...')
#9 {main}</pre>
 for query CREATE INDEX public_id_idx ON wp_easy_pie_contacts (public_id); made by activate_plugin, do_action('activate_easy-pie-coming-soon/easy-pie-coming-soon.php'), WP_Hook->do_action, WP_Hook->apply_filters, EZP_CS::activate, EZP_Contact_Entity::init_table, EZP_CS_Standard_Entity_Base::generic_init_table, WP_SQLite_DB->query, WP_SQLite_DB->print_error
[09-May-2025 17:55:24 UTC] PHP Notice:  Function _load_textdomain_just_in_time was called <strong>incorrectly</strong>. Translation loading for the <code>easy-pie-coming-soon</code> domain was triggered too early. This is usually an indicator for some code in the plugin or theme running too early. Translations should be loaded at the <code>init</code> action or later. Please see <a href="https://developer.wordpress.org/advanced-administration/debug/debug-wordpress/">Debugging in WordPress</a> for more information. (This message was added in version 6.7.0.) in /wordpress/wp-includes/functions.php on line 6121
[09-May-2025 17:57:28 UTC] WordPress database error <div style="clear:both">&nbsp;</div>
<div class="queries" style="clear:both;margin-bottom:2px;border:red dotted thin;">
<p>MySQL query:</p>
<p>
            ALTER TABLE `wp_edd_customers`
              ADD COLUMN `mail` char(3) NOT NULL default 'Y'
            </p>
<p>Queries made or created this session were:</p>
<ol>
<li>Executing: BEGIN | (no parameters)</li>
<li>Executing: SELECT 1 FROM sqlite_temp_schema WHERE type = 'table' AND name = ? | parameters: wp_edd_customers</li>
<li>Executing: SELECT COLUMN_NAME FROM `_wp_sqlite_mysql_information_schema_columns` WHERE table_schema = ? AND table_name = ? | parameters: database_name_here, wp_edd_customers</li>
<li>Executing: SELECT 1 FROM sqlite_temp_schema WHERE type = 'table' AND name = ? | parameters: wp_edd_customers</li>
<li>Executing: 
				SELECT MAX(ordinal_position)
				FROM `_wp_sqlite_mysql_information_schema_columns`
				WHERE table_schema = ?
				AND table_name = ?
			 | parameters: database_name_here, wp_edd_customers</li>
<li>Executing: INSERT INTO `_wp_sqlite_mysql_information_schema_columns` (`table_schema`, `table_name`, `column_name`, `ordinal_position`, `column_default`, `is_nullable`, `data_type`, `character_maximum_length`, `character_octet_length`, `numeric_precision`, `numeric_scale`, `datetime_precision`, `character_set_name`, `collation_name`, `column_type`, `column_key`, `extra`, `privileges`, `column_comment`, `generation_expression`, `srs_id`) VALUES (?, ?, ?, ?, ?, ?, ?, ?, ?, ?, ?, ?, ?, ?, ?, ?, ?, ?, ?, ?, ?) | parameters: database_name_here, wp_edd_customers, mail, 1, Y, NO, char, 3, 12, , , , utf8mb4, utf8mb4_general_ci, char(3), , , select,insert,update,references, , , </li>
<li>Executing: PRAGMA foreign_keys | (no parameters)</li>
<li>Executing: PRAGMA foreign_keys = OFF | (no parameters)</li>
<li>Executing: 
				SELECT *
				FROM `_wp_sqlite_mysql_information_schema_tables`
				WHERE table_type = 'BASE TABLE'
				AND table_schema = ?
				AND table_name = ?
			 | parameters: database_name_here, wp_edd_customers</li>
<li>Executing: ROLLBACK | (no parameters)</li>
</ol>
</div>
<div style="clear:both;margin-bottom:2px;border:red dotted thin;" class="error_message" style="border-bottom:dotted blue thin;">
Table 'wp_edd_customers' doesn't exist
</div>
<p>Backtrace:</p>
<pre>#0 /internal/shared/sqlite-database-integration/wp-includes/sqlite-ast/class-wp-sqlite-driver.php(3123): WP_SQLite_Driver->new_driver_exception('Table 'wp_edd_c...', '42S02')
#1 /internal/shared/sqlite-database-integration/wp-includes/sqlite-ast/class-wp-sqlite-driver.php(2800): WP_SQLite_Driver->get_sqlite_create_table_statement(false, 'wp_edd_customer...', '_wp_sqlite_tmp_...')
#2 /internal/shared/sqlite-database-integration/wp-includes/sqlite-ast/class-wp-sqlite-driver.php(1335): WP_SQLite_Driver->recreate_table_from_information_schema(false, 'wp_edd_customer...', Array)
#3 /internal/shared/sqlite-database-integration/wp-includes/sqlite-ast/class-wp-sqlite-driver.php(857): WP_SQLite_Driver->execute_alter_table_statement(Object(WP_Parser_Node))
#4 /internal/shared/sqlite-database-integration/wp-includes/sqlite-ast/class-wp-sqlite-driver.php(669): WP_SQLite_Driver->execute_mysql_query(Object(WP_Parser_Node))
#5 /internal/shared/sqlite-database-integration/wp-includes/sqlite/class-wp-sqlite-db.php(491): WP_SQLite_Driver->query('\n            AL...')
#6 /internal/shared/sqlite-database-integration/wp-includes/sqlite/class-wp-sqlite-db.php(432): WP_SQLite_DB->_do_query('\n            AL...')
#7 /wordpress/wp-content/plugins/edd-promo/edd.php(32): WP_SQLite_DB->query('\n            AL...')
#8 /wordpress/wp-includes/class-wp-hook.php(324): eddpromo_install(false)
#9 /wordpress/wp-includes/class-wp-hook.php(348): WP_Hook->apply_filters('', Array)
#10 /wordpress/wp-includes/plugin.php(517): WP_Hook->do_action(Array)
#11 /wordpress/wp-admin/includes/plugin.php(703): do_action('activate_edd-pr...', false)
#12 /internal/eval.php(20): activate_plugin('edd-promo/edd.p...')
#13 {main}</pre>
 for query 
            ALTER TABLE `wp_edd_customers`
              ADD COLUMN `mail` char(3) NOT NULL default 'Y'
             made by activate_plugin, do_action('activate_edd-promo/edd.php'), WP_Hook->do_action, WP_Hook->apply_filters, eddpromo_install, WP_SQLite_DB->query, WP_SQLite_DB->print_error
[09-May-2025 17:57:37 UTC] WordPress database error <div style="clear:both">&nbsp;</div>
<div class="queries" style="clear:both;margin-bottom:2px;border:red dotted thin;">
<p>MySQL query:</p>
<p>
            ALTER TABLE `wp_edd_customers`
              ADD COLUMN `mail` char(3) NOT NULL default 'Y'
            </p>
<p>Queries made or created this session were:</p>
<ol>
<li>Executing: BEGIN | (no parameters)</li>
<li>Executing: INSERT INTO _mysql_data_types_cache (`table`, `column_or_index`, `mysql_type`)
				VALUES (:table, :column, :datatype)
				ON CONFLICT(`table`, `column_or_index`) DO UPDATE SET `mysql_type` = :datatype
			 | parameters: wp_edd_customers, mail, char(3)</li>
<li>Executing: ALTER TABLE wp_edd_customers
              ADD COLUMN `mail` text NOT NULL default 'Y'
             | (no parameters)</li>
<li>Executing: ROLLBACK | (no parameters)</li>
</ol>
</div>
<div style="clear:both;margin-bottom:2px;border:red dotted thin;" class="error_message" style="border-bottom:dotted blue thin;">
Error occurred at line 4117 in Function <code>handle_error</code>. Error message was: SQLSTATE[HY000]: General error: 1 no such table: wp_edd_customers.
</div>
<p>Backtrace:</p>
<pre>#0 /internal/shared/sqlite-database-integration/wp-includes/sqlite/class-wp-sqlite-db.php(287): WP_SQLite_Translator->get_error_message()
#1 /wordpress/wp-content/plugins/edd-promo/edd.php(32): WP_SQLite_DB->query('\n            AL...')
#2 /wordpress/wp-includes/class-wp-hook.php(324): eddpromo_install(false)
#3 /wordpress/wp-includes/class-wp-hook.php(348): WP_Hook->apply_filters('', Array)
#4 /wordpress/wp-includes/plugin.php(517): WP_Hook->do_action(Array)
#5 /wordpress/wp-admin/includes/plugin.php(703): do_action('activate_edd-pr...', false)
#6 /internal/eval.php(20): activate_plugin('edd-promo/edd.p...')
#7 {main}</pre>
 for query 
            ALTER TABLE `wp_edd_customers`
              ADD COLUMN `mail` char(3) NOT NULL default 'Y'
             made by activate_plugin, do_action('activate_edd-promo/edd.php'), WP_Hook->do_action, WP_Hook->apply_filters, eddpromo_install, WP_SQLite_DB->query, WP_SQLite_DB->print_error
[09-May-2025 17:57:47 UTC] WordPress database error <div style="clear:both">&nbsp;</div>
<div class="queries" style="clear:both;margin-bottom:2px;border:red dotted thin;">
<p>MySQL query:</p>
<p>
            ALTER TABLE `wp_edd_customers`
              ADD COLUMN `mail` char(3) NOT NULL default 'Y'
            </p>
<p>Queries made or created this session were:</p>
<ol>
<li>Executing: BEGIN | (no parameters)</li>
<li>Executing: INSERT INTO _mysql_data_types_cache (`table`, `column_or_index`, `mysql_type`)
				VALUES (:table, :column, :datatype)
				ON CONFLICT(`table`, `column_or_index`) DO UPDATE SET `mysql_type` = :datatype
			 | parameters: wp_edd_customers, mail, char(3)</li>
<li>Executing: ALTER TABLE wp_edd_customers
              ADD COLUMN `mail` text NOT NULL default 'Y'
             | (no parameters)</li>
<li>Executing: ROLLBACK | (no parameters)</li>
</ol>
</div>
<div style="clear:both;margin-bottom:2px;border:red dotted thin;" class="error_message" style="border-bottom:dotted blue thin;">
Error occurred at line 4117 in Function <code>handle_error</code>. Error message was: SQLSTATE[HY000]: General error: 1 no such table: wp_edd_customers.
</div>
<p>Backtrace:</p>
<pre>#0 /internal/shared/sqlite-database-integration/wp-includes/sqlite/class-wp-sqlite-db.php(287): WP_SQLite_Translator->get_error_message()
#1 /wordpress/wp-content/plugins/edd-promo/edd.php(32): WP_SQLite_DB->query('\n            AL...')
#2 /wordpress/wp-includes/class-wp-hook.php(324): eddpromo_install(false)
#3 /wordpress/wp-includes/class-wp-hook.php(348): WP_Hook->apply_filters('', Array)
#4 /wordpress/wp-includes/plugin.php(517): WP_Hook->do_action(Array)
#5 /wordpress/wp-admin/includes/plugin.php(703): do_action('activate_edd-pr...', false)
#6 /internal/eval.php(20): activate_plugin('edd-promo/edd.p...')
#7 {main}</pre>
 for query 
            ALTER TABLE `wp_edd_customers`
              ADD COLUMN `mail` char(3) NOT NULL default 'Y'
             made by activate_plugin, do_action('activate_edd-promo/edd.php'), WP_Hook->do_action, WP_Hook->apply_filters, eddpromo_install, WP_SQLite_DB->query, WP_SQLite_DB->print_error

    at Object.onBind (file:///home/runner/work/playground-tester/playground-tester/node_modules/@wp-playground/cli/index.js:237:15)
    at process.processTicksAndRejections (node:internal/process/task_queues:105:5)
    at async V (file:///home/runner/work/playground-tester/playground-tester/node_modules/@wp-playground/cli/index.js:64:10)
    at async ja (file:///home/runner/work/playground-tester/playground-tester/node_modules/@wp-playground/cli/cli.js:8161:12) {
  [cause]: Error: Error when executing the blueprint step #5 ({"step":"installPlugin","pluginData":{"resource":"wordpress.org/plugins","slug":"eme-cron"},"options":{"activate":true}}) : Could not download "https://downloads.wordpress.org/plugin/eme-cron.latest-stable.zip".
  				Check if the URL is correct and the server is reachable.
  				If it is reachable, the server might be blocking the request.
  				Check the browser console and network tabs for more information.
  
  				## Does the console show the error "No 'Access-Control-Allow-Origin' header"?
  
  				This means the server that hosts your file does not allow requests from other sites
  				(cross-origin requests, or CORS).	You need to move the asset to a server that allows
  				cross-origin file downloads. Learn more about CORS at
  				https://developer.mozilla.org/en-US/docs/Web/HTTP/CORS.
  
  				If your file is on GitHub, load it from "raw.githubusercontent.com".
  				Here's how to do that:
  
  				1. Start with the original GitHub URL of the file. For example:
  				https://github.com/username/repository/blob/branch/filename.
  				2. Replace "github.com" with "raw.githubusercontent.com".
  				3. Remove the "/blob/" part of the URL.
  
  				The resulting URL should look like this:
  				https://raw.githubusercontent.com/username/repository/branch/filename
  
  				Error:
  				Error: Could not download "https://downloads.wordpress.org/plugin/eme-cron.latest-stable.zip"
      at Object.run (file:///home/runner/work/playground-tester/playground-tester/node_modules/@wp-playground/blueprints/index.js:12449:19)
      at process.processTicksAndRejections (node:internal/process/task_queues:105:5)
      at async ms (file:///home/runner/work/playground-tester/playground-tester/node_modules/@wp-playground/blueprints/index.js:12552:3)
      at async Object.onBind (file:///home/runner/work/playground-tester/playground-tester/node_modules/@wp-playground/cli/index.js:227:48)
      at async V (file:///home/runner/work/playground-tester/playground-tester/node_modules/@wp-playground/cli/index.js:64:10)
      at async ja (file:///home/runner/work/playground-tester/playground-tester/node_modules/@wp-playground/cli/cli.js:8161:12) {
    [cause]: Error: Could not download "https://downloads.wordpress.org/plugin/eme-cron.latest-stable.zip".
    				Check if the URL is correct and the server is reachable.
    				If it is reachable, the server might be blocking the request.
    				Check the browser console and network tabs for more information.
    
    				## Does the console show the error "No 'Access-Control-Allow-Origin' header"?
    
    				This means the server that hosts your file does not allow requests from other sites
    				(cross-origin requests, or CORS).	You need to move the asset to a server that allows
    				cross-origin file downloads. Learn more about CORS at
    				https://developer.mozilla.org/en-US/docs/Web/HTTP/CORS.
    
    				If your file is on GitHub, load it from "raw.githubusercontent.com".
    				Here's how to do that:
    
    				1. Start with the original GitHub URL of the file. For example:
    				https://github.com/username/repository/blob/branch/filename.
    				2. Replace "github.com" with "raw.githubusercontent.com".
    				3. Remove the "/blob/" part of the URL.
    
    				The resulting URL should look like this:
    				https://raw.githubusercontent.com/username/repository/branch/filename
    
    				Error:
    				Error: Could not download "https://downloads.wordpress.org/plugin/eme-cron.latest-stable.zip"
        at Ct.resolve (file:///home/runner/work/playground-tester/playground-tester/node_modules/@wp-playground/blueprints/index.js:1472:13)
        at process.processTicksAndRejections (node:internal/process/task_queues:105:5)
        at async _.run (file:///home/runner/work/playground-tester/playground-tester/node_modules/@php-wasm/util/index.js:45:14)
  }
}

Node.js v23.11.0
