file:///home/runner/work/playground-tester/playground-tester/node_modules/@wp-playground/cli/index.js:237
        throw new Error(y, { cause: u });
              ^

Error: [01-May-2025 12:46:59 UTC] PHP Warning:  mysqli::__construct(): (HY000/2002): Address family not supported by protocol in /wordpress/wp-content/plugins/wp-database-session-handler/session_handler.php on line 109
[01-May-2025 12:46:59 UTC] PHP Fatal error:  Uncaught Exception: Connect Error (2002) Address family not supported by protocol in /wordpress/wp-content/plugins/wp-database-session-handler/session_handler.php:112
Stack trace:
#0 /wordpress/wp-content/plugins/wp-database-session-handler/session_handler.php(39): SC\WPSH\SC_MySqlSessionHandler::setDbDetails('localhost', 'username_here', 'password_here', 'database_name_h...')
#1 /wordpress/wp-content/plugins/wp-database-session-handler/session_handler.php(29): SC\WPSH\SC_MySqlSessionHandler::activate_session_handler()
#2 /wordpress/wp-content/plugins/wp-database-session-handler/sc-session-handler.php(67): SC\WPSH\SC_MySqlSessionHandler::init()
#3 /wordpress/wp-admin/includes/plugin.php(2387): include_once('/wordpress/wp-c...')
#4 /wordpress/wp-admin/includes/plugin.php(673): plugin_sandbox_scrape('wp-database-ses...')
#5 /internal/eval.php(20): activate_plugin('wp-database-ses...')
#6 {main}
  thrown in /wordpress/wp-content/plugins/wp-database-session-handler/session_handler.php on line 112
[01-May-2025 12:47:08 UTC] PHP Warning:  mysqli::__construct(): (HY000/2002): Address family not supported by protocol in /wordpress/wp-content/plugins/wp-database-session-handler/session_handler.php on line 109
[01-May-2025 12:47:08 UTC] PHP Fatal error:  Uncaught Exception: Connect Error (2002) Address family not supported by protocol in /wordpress/wp-content/plugins/wp-database-session-handler/session_handler.php:112
Stack trace:
#0 /wordpress/wp-content/plugins/wp-database-session-handler/session_handler.php(39): SC\WPSH\SC_MySqlSessionHandler::setDbDetails('localhost', 'username_here', 'password_here', 'database_name_h...')
#1 /wordpress/wp-content/plugins/wp-database-session-handler/session_handler.php(29): SC\WPSH\SC_MySqlSessionHandler::activate_session_handler()
#2 /wordpress/wp-content/plugins/wp-database-session-handler/sc-session-handler.php(67): SC\WPSH\SC_MySqlSessionHandler::init()
#3 /wordpress/wp-admin/includes/plugin.php(2387): include_once('/wordpress/wp-c...')
#4 /wordpress/wp-admin/includes/plugin.php(673): plugin_sandbox_scrape('wp-database-ses...')
#5 /internal/eval.php(20): activate_plugin('wp-database-ses...')
#6 {main}
  thrown in /wordpress/wp-content/plugins/wp-database-session-handler/session_handler.php on line 112
[01-May-2025 12:47:15 UTC] PHP Warning:  mysqli::__construct(): (HY000/2002): Address family not supported by protocol in /wordpress/wp-content/plugins/wp-database-session-handler/session_handler.php on line 109
[01-May-2025 12:47:15 UTC] PHP Fatal error:  Uncaught Exception: Connect Error (2002) Address family not supported by protocol in /wordpress/wp-content/plugins/wp-database-session-handler/session_handler.php:112
Stack trace:
#0 /wordpress/wp-content/plugins/wp-database-session-handler/session_handler.php(39): SC\WPSH\SC_MySqlSessionHandler::setDbDetails('localhost', 'username_here', 'password_here', 'database_name_h...')
#1 /wordpress/wp-content/plugins/wp-database-session-handler/session_handler.php(29): SC\WPSH\SC_MySqlSessionHandler::activate_session_handler()
#2 /wordpress/wp-content/plugins/wp-database-session-handler/sc-session-handler.php(67): SC\WPSH\SC_MySqlSessionHandler::init()
#3 /wordpress/wp-admin/includes/plugin.php(2387): include_once('/wordpress/wp-c...')
#4 /wordpress/wp-admin/includes/plugin.php(673): plugin_sandbox_scrape('wp-database-ses...')
#5 /internal/eval.php(20): activate_plugin('wp-database-ses...')
#6 {main}
  thrown in /wordpress/wp-content/plugins/wp-database-session-handler/session_handler.php on line 112
[01-May-2025 12:47:53 UTC] PHP Warning:  Undefined variable $_SESSION in /wordpress/wp-content/plugins/wp-fb-commerce/wp-fb-commerce.php on line 15
[01-May-2025 12:47:53 UTC] PHP Warning:  Undefined array key "fbc_end" in /wordpress/wp-content/plugins/wp-fb-commerce/wp-fb-commerce.php on line 18
[01-May-2025 12:47:53 UTC] PHP Warning:  Undefined array key "test" in /wordpress/wp-content/plugins/wp-fb-commerce/wp-fb-commerce.php on line 25
[01-May-2025 12:47:53 UTC] PHP Warning:  Undefined array key "fb" in /wordpress/wp-content/plugins/wp-fb-commerce/wp-fb-commerce.php on line 39
[01-May-2025 12:47:53 UTC] PHP Warning:  Undefined array key "fbx" in /wordpress/wp-content/plugins/wp-fb-commerce/wp-fb-commerce.php on line 42
[01-May-2025 12:47:53 UTC] PHP Warning:  Undefined array key "fbcommerce" in /wordpress/wp-content/plugins/wp-fb-commerce/wp-fb-commerce.php on line 48
[01-May-2025 12:48:02 UTC] PHP Warning:  Undefined variable $_SESSION in /wordpress/wp-content/plugins/wp-fb-commerce/wp-fb-commerce.php on line 15
[01-May-2025 12:48:02 UTC] PHP Warning:  Undefined array key "fbc_end" in /wordpress/wp-content/plugins/wp-fb-commerce/wp-fb-commerce.php on line 18
[01-May-2025 12:48:02 UTC] PHP Warning:  Undefined array key "test" in /wordpress/wp-content/plugins/wp-fb-commerce/wp-fb-commerce.php on line 25
[01-May-2025 12:48:02 UTC] PHP Warning:  Undefined array key "fb" in /wordpress/wp-content/plugins/wp-fb-commerce/wp-fb-commerce.php on line 39
[01-May-2025 12:48:02 UTC] PHP Warning:  Undefined array key "fbx" in /wordpress/wp-content/plugins/wp-fb-commerce/wp-fb-commerce.php on line 42
[01-May-2025 12:48:02 UTC] PHP Warning:  Undefined array key "fbcommerce" in /wordpress/wp-content/plugins/wp-fb-commerce/wp-fb-commerce.php on line 48
[01-May-2025 12:48:11 UTC] PHP Warning:  Undefined variable $_SESSION in /wordpress/wp-content/plugins/wp-fb-commerce/wp-fb-commerce.php on line 15
[01-May-2025 12:48:11 UTC] PHP Warning:  Undefined array key "fbc_end" in /wordpress/wp-content/plugins/wp-fb-commerce/wp-fb-commerce.php on line 18
[01-May-2025 12:48:11 UTC] PHP Warning:  Undefined array key "test" in /wordpress/wp-content/plugins/wp-fb-commerce/wp-fb-commerce.php on line 25
[01-May-2025 12:48:11 UTC] PHP Warning:  Undefined array key "fb" in /wordpress/wp-content/plugins/wp-fb-commerce/wp-fb-commerce.php on line 39
[01-May-2025 12:48:11 UTC] PHP Warning:  Undefined array key "fbx" in /wordpress/wp-content/plugins/wp-fb-commerce/wp-fb-commerce.php on line 42
[01-May-2025 12:48:11 UTC] PHP Warning:  Undefined array key "fbcommerce" in /wordpress/wp-content/plugins/wp-fb-commerce/wp-fb-commerce.php on line 48
[01-May-2025 12:49:40 UTC] PHP Notice:  Function _load_textdomain_just_in_time was called <strong>incorrectly</strong>. Translation loading for the <code>woocommerce</code> domain was triggered too early. This is usually an indicator for some code in the plugin or theme running too early. Translations should be loaded at the <code>init</code> action or later. Please see <a href="https://developer.wordpress.org/advanced-administration/debug/debug-wordpress/">Debugging in WordPress</a> for more information. (This message was added in version 6.7.0.) in /wordpress/wp-includes/functions.php on line 6121
[01-May-2025 12:50:20 UTC] PHP Notice:  Function _load_textdomain_just_in_time was called <strong>incorrectly</strong>. Translation loading for the <code>woocommerce</code> domain was triggered too early. This is usually an indicator for some code in the plugin or theme running too early. Translations should be loaded at the <code>init</code> action or later. Please see <a href="https://developer.wordpress.org/advanced-administration/debug/debug-wordpress/">Debugging in WordPress</a> for more information. (This message was added in version 6.7.0.) in /wordpress/wp-includes/functions.php on line 6121
[01-May-2025 12:51:01 UTC] PHP Notice:  Function _load_textdomain_just_in_time was called <strong>incorrectly</strong>. Translation loading for the <code>woocommerce</code> domain was triggered too early. This is usually an indicator for some code in the plugin or theme running too early. Translations should be loaded at the <code>init</code> action or later. Please see <a href="https://developer.wordpress.org/advanced-administration/debug/debug-wordpress/">Debugging in WordPress</a> for more information. (This message was added in version 6.7.0.) in /wordpress/wp-includes/functions.php on line 6121
[01-May-2025 12:51:45 UTC] PHP Fatal error:  Uncaught TypeError: call_user_func_array(): Argument #1 ($callback) must be a valid callback, non-static method WooCustomerInsightSchema::generate_tables() cannot be called statically in /wordpress/wp-includes/class-wp-hook.php:324
Stack trace:
#0 /wordpress/wp-includes/class-wp-hook.php(348): WP_Hook->apply_filters('', Array)
#1 /wordpress/wp-includes/plugin.php(517): WP_Hook->do_action(Array)
#2 /wordpress/wp-admin/includes/plugin.php(703): do_action('activate_woo-cu...', false)
#3 /internal/eval.php(20): activate_plugin('woo-customer-in...')
#4 {main}
  thrown in /wordpress/wp-includes/class-wp-hook.php on line 324
[01-May-2025 12:51:53 UTC] PHP Fatal error:  Uncaught TypeError: call_user_func_array(): Argument #1 ($callback) must be a valid callback, non-static method WooCustomerInsightSchema::generate_tables() cannot be called statically in /wordpress/wp-includes/class-wp-hook.php:324
Stack trace:
#0 /wordpress/wp-includes/class-wp-hook.php(348): WP_Hook->apply_filters('', Array)
#1 /wordpress/wp-includes/plugin.php(517): WP_Hook->do_action(Array)
#2 /wordpress/wp-admin/includes/plugin.php(703): do_action('activate_woo-cu...', false)
#3 /internal/eval.php(20): activate_plugin('woo-customer-in...')
#4 {main}
  thrown in /wordpress/wp-includes/class-wp-hook.php on line 324
[01-May-2025 12:52:02 UTC] PHP Fatal error:  Uncaught TypeError: call_user_func_array(): Argument #1 ($callback) must be a valid callback, non-static method WooCustomerInsightSchema::generate_tables() cannot be called statically in /wordpress/wp-includes/class-wp-hook.php:324
Stack trace:
#0 /wordpress/wp-includes/class-wp-hook.php(348): WP_Hook->apply_filters('', Array)
#1 /wordpress/wp-includes/plugin.php(517): WP_Hook->do_action(Array)
#2 /wordpress/wp-admin/includes/plugin.php(703): do_action('activate_woo-cu...', false)
#3 /internal/eval.php(20): activate_plugin('woo-customer-in...')
#4 {main}
  thrown in /wordpress/wp-includes/class-wp-hook.php on line 324

    at Object.onBind (file:///home/runner/work/playground-tester/playground-tester/node_modules/@wp-playground/cli/index.js:237:15)
    at process.processTicksAndRejections (node:internal/process/task_queues:105:5)
    at async V (file:///home/runner/work/playground-tester/playground-tester/node_modules/@wp-playground/cli/index.js:64:10)
    at async ja (file:///home/runner/work/playground-tester/playground-tester/node_modules/@wp-playground/cli/cli.js:8161:12) {
  [cause]: Error: Error when executing the blueprint step #1 ({"step":"installPlugin","pluginData":{"resource":"wordpress.org/plugins","slug":"wp-all-plugin-downloader"},"options":{"activate":true}}) : Could not download "https://downloads.wordpress.org/plugin/wp-all-plugin-downloader.latest-stable.zip".
  				Check if the URL is correct and the server is reachable.
  				If it is reachable, the server might be blocking the request.
  				Check the browser console and network tabs for more information.
  
  				## Does the console show the error "No 'Access-Control-Allow-Origin' header"?
  
  				This means the server that hosts your file does not allow requests from other sites
  				(cross-origin requests, or CORS).	You need to move the asset to a server that allows
  				cross-origin file downloads. Learn more about CORS at
  				https://developer.mozilla.org/en-US/docs/Web/HTTP/CORS.
  
  				If your file is on GitHub, load it from "raw.githubusercontent.com".
  				Here's how to do that:
  
  				1. Start with the original GitHub URL of the file. For example:
  				https://github.com/username/repository/blob/branch/filename.
  				2. Replace "github.com" with "raw.githubusercontent.com".
  				3. Remove the "/blob/" part of the URL.
  
  				The resulting URL should look like this:
  				https://raw.githubusercontent.com/username/repository/branch/filename
  
  				Error:
  				Error: Could not download "https://downloads.wordpress.org/plugin/wp-all-plugin-downloader.latest-stable.zip"
      at Object.run (file:///home/runner/work/playground-tester/playground-tester/node_modules/@wp-playground/blueprints/index.js:12449:19)
      at process.processTicksAndRejections (node:internal/process/task_queues:105:5)
      at async ms (file:///home/runner/work/playground-tester/playground-tester/node_modules/@wp-playground/blueprints/index.js:12552:3)
      at async Object.onBind (file:///home/runner/work/playground-tester/playground-tester/node_modules/@wp-playground/cli/index.js:227:48)
      at async V (file:///home/runner/work/playground-tester/playground-tester/node_modules/@wp-playground/cli/index.js:64:10)
      at async ja (file:///home/runner/work/playground-tester/playground-tester/node_modules/@wp-playground/cli/cli.js:8161:12) {
    [cause]: Error: Could not download "https://downloads.wordpress.org/plugin/wp-all-plugin-downloader.latest-stable.zip".
    				Check if the URL is correct and the server is reachable.
    				If it is reachable, the server might be blocking the request.
    				Check the browser console and network tabs for more information.
    
    				## Does the console show the error "No 'Access-Control-Allow-Origin' header"?
    
    				This means the server that hosts your file does not allow requests from other sites
    				(cross-origin requests, or CORS).	You need to move the asset to a server that allows
    				cross-origin file downloads. Learn more about CORS at
    				https://developer.mozilla.org/en-US/docs/Web/HTTP/CORS.
    
    				If your file is on GitHub, load it from "raw.githubusercontent.com".
    				Here's how to do that:
    
    				1. Start with the original GitHub URL of the file. For example:
    				https://github.com/username/repository/blob/branch/filename.
    				2. Replace "github.com" with "raw.githubusercontent.com".
    				3. Remove the "/blob/" part of the URL.
    
    				The resulting URL should look like this:
    				https://raw.githubusercontent.com/username/repository/branch/filename
    
    				Error:
    				Error: Could not download "https://downloads.wordpress.org/plugin/wp-all-plugin-downloader.latest-stable.zip"
        at Ct.resolve (file:///home/runner/work/playground-tester/playground-tester/node_modules/@wp-playground/blueprints/index.js:1472:13)
        at process.processTicksAndRejections (node:internal/process/task_queues:105:5)
        at async _.run (file:///home/runner/work/playground-tester/playground-tester/node_modules/@php-wasm/util/index.js:45:14)
  }
}

Node.js v23.11.0
