file:///home/runner/work/playground-tester/playground-tester/node_modules/@wp-playground/cli/index.js:237
        throw new Error(y, { cause: u });
              ^

Error: [06-May-2025 09:31:28 UTC] PHP Warning:  Undefined variable $wp_version in /wordpress/wp-content/plugins/wp-media-sitemap/wp-media-sitemap.php on line 82
[06-May-2025 09:31:37 UTC] PHP Warning:  Undefined variable $wp_version in /wordpress/wp-content/plugins/wp-media-sitemap/wp-media-sitemap.php on line 82
[06-May-2025 09:31:45 UTC] PHP Warning:  Undefined variable $wp_version in /wordpress/wp-content/plugins/wp-media-sitemap/wp-media-sitemap.php on line 82
[06-May-2025 09:32:01 UTC] PHP Fatal error:  Uncaught Error: Call to undefined function mysql_connect() in /wordpress/wp-content/plugins/wp-online-store/functions/database.php:23
Stack trace:
#0 /wordpress/wp-content/plugins/wp-online-store/WP_online_store.php(71): osc_db_connect('localhost', 'username_here', 'password_here')
#1 /wordpress/wp-content/plugins/wp-online-store/WP_online_store.php(37): generate_config()
#2 /wordpress/wp-admin/includes/plugin.php(2387): include_once('/wordpress/wp-c...')
#3 /wordpress/wp-admin/includes/plugin.php(673): plugin_sandbox_scrape('wp-online-store...')
#4 /internal/eval.php(20): activate_plugin('wp-online-store...')
#5 {main}
  thrown in /wordpress/wp-content/plugins/wp-online-store/functions/database.php on line 23
[06-May-2025 09:32:15 UTC] PHP Fatal error:  Uncaught Error: Call to undefined function mysql_connect() in /wordpress/wp-content/plugins/wp-online-store/functions/database.php:23
Stack trace:
#0 /wordpress/wp-content/plugins/wp-online-store/WP_online_store.php(71): osc_db_connect('localhost', 'username_here', 'password_here')
#1 /wordpress/wp-content/plugins/wp-online-store/WP_online_store.php(37): generate_config()
#2 /wordpress/wp-admin/includes/plugin.php(2387): include_once('/wordpress/wp-c...')
#3 /wordpress/wp-admin/includes/plugin.php(673): plugin_sandbox_scrape('wp-online-store...')
#4 /internal/eval.php(20): activate_plugin('wp-online-store...')
#5 {main}
  thrown in /wordpress/wp-content/plugins/wp-online-store/functions/database.php on line 23
[06-May-2025 09:32:31 UTC] PHP Fatal error:  Uncaught Error: Call to undefined function mysql_connect() in /wordpress/wp-content/plugins/wp-online-store/functions/database.php:23
Stack trace:
#0 /wordpress/wp-content/plugins/wp-online-store/WP_online_store.php(71): osc_db_connect('localhost', 'username_here', 'password_here')
#1 /wordpress/wp-content/plugins/wp-online-store/WP_online_store.php(37): generate_config()
#2 /wordpress/wp-admin/includes/plugin.php(2387): include_once('/wordpress/wp-c...')
#3 /wordpress/wp-admin/includes/plugin.php(673): plugin_sandbox_scrape('wp-online-store...')
#4 /internal/eval.php(20): activate_plugin('wp-online-store...')
#5 {main}
  thrown in /wordpress/wp-content/plugins/wp-online-store/functions/database.php on line 23
[06-May-2025 09:32:40 UTC] PHP Fatal error:  Uncaught Error: Call to undefined function screen_icon() in /wordpress/wp-content/plugins/wp-post-stats/post-stats-options.php:148
Stack trace:
#0 /wordpress/wp-admin/includes/plugin.php(2387): include_once()
#1 /wordpress/wp-admin/includes/plugin.php(673): plugin_sandbox_scrape('wp-post-stats/p...')
#2 /internal/eval.php(20): activate_plugin('wp-post-stats/p...')
#3 {main}
  thrown in /wordpress/wp-content/plugins/wp-post-stats/post-stats-options.php on line 148
[06-May-2025 09:32:48 UTC] PHP Fatal error:  Uncaught Error: Call to undefined function screen_icon() in /wordpress/wp-content/plugins/wp-post-stats/post-stats-options.php:148
Stack trace:
#0 /wordpress/wp-admin/includes/plugin.php(2387): include_once()
#1 /wordpress/wp-admin/includes/plugin.php(673): plugin_sandbox_scrape('wp-post-stats/p...')
#2 /internal/eval.php(20): activate_plugin('wp-post-stats/p...')
#3 {main}
  thrown in /wordpress/wp-content/plugins/wp-post-stats/post-stats-options.php on line 148
[06-May-2025 09:32:57 UTC] PHP Fatal error:  Uncaught Error: Call to undefined function screen_icon() in /wordpress/wp-content/plugins/wp-post-stats/post-stats-options.php:148
Stack trace:
#0 /wordpress/wp-admin/includes/plugin.php(2387): include_once()
#1 /wordpress/wp-admin/includes/plugin.php(673): plugin_sandbox_scrape('wp-post-stats/p...')
#2 /internal/eval.php(20): activate_plugin('wp-post-stats/p...')
#3 {main}
  thrown in /wordpress/wp-content/plugins/wp-post-stats/post-stats-options.php on line 148
[06-May-2025 09:34:25 UTC] PHP Warning:  Attempt to read property "url" on null in /wordpress/wp-content/plugins/wp-simplify/wp-simplify.php on line 168
[06-May-2025 09:34:34 UTC] PHP Warning:  Attempt to read property "url" on null in /wordpress/wp-content/plugins/wp-simplify/wp-simplify.php on line 168
[06-May-2025 09:34:43 UTC] PHP Warning:  Attempt to read property "url" on null in /wordpress/wp-content/plugins/wp-simplify/wp-simplify.php on line 168
[06-May-2025 09:34:54 UTC] PHP Notice:  Function _load_textdomain_just_in_time was called <strong>incorrectly</strong>. Translation loading for the <code>wp_sms_gateways</code> domain was triggered too early. This is usually an indicator for some code in the plugin or theme running too early. Translations should be loaded at the <code>init</code> action or later. Please see <a href="https://developer.wordpress.org/advanced-administration/debug/debug-wordpress/">Debugging in WordPress</a> for more information. (This message was added in version 6.7.0.) in /wordpress/wp-includes/functions.php on line 6121
[06-May-2025 09:35:05 UTC] PHP Notice:  Function _load_textdomain_just_in_time was called <strong>incorrectly</strong>. Translation loading for the <code>wp_sms_gateways</code> domain was triggered too early. This is usually an indicator for some code in the plugin or theme running too early. Translations should be loaded at the <code>init</code> action or later. Please see <a href="https://developer.wordpress.org/advanced-administration/debug/debug-wordpress/">Debugging in WordPress</a> for more information. (This message was added in version 6.7.0.) in /wordpress/wp-includes/functions.php on line 6121
[06-May-2025 09:35:16 UTC] PHP Notice:  Function _load_textdomain_just_in_time was called <strong>incorrectly</strong>. Translation loading for the <code>wp_sms_gateways</code> domain was triggered too early. This is usually an indicator for some code in the plugin or theme running too early. Translations should be loaded at the <code>init</code> action or later. Please see <a href="https://developer.wordpress.org/advanced-administration/debug/debug-wordpress/">Debugging in WordPress</a> for more information. (This message was added in version 6.7.0.) in /wordpress/wp-includes/functions.php on line 6121
[06-May-2025 09:35:52 UTC] PHP Warning:  Undefined variable $table_name in /wordpress/wp-content/plugins/wooshare/wooshare.php on line 37
[06-May-2025 09:35:52 UTC] PHP Warning:  Undefined variable $table_name in /wordpress/wp-content/plugins/wooshare/wooshare.php on line 87
[06-May-2025 09:36:01 UTC] PHP Warning:  Undefined variable $table_name in /wordpress/wp-content/plugins/wooshare/wooshare.php on line 37
[06-May-2025 09:36:01 UTC] PHP Warning:  Undefined variable $table_name in /wordpress/wp-content/plugins/wooshare/wooshare.php on line 87
[06-May-2025 09:36:10 UTC] PHP Warning:  Undefined variable $table_name in /wordpress/wp-content/plugins/wooshare/wooshare.php on line 37
[06-May-2025 09:36:10 UTC] PHP Warning:  Undefined variable $table_name in /wordpress/wp-content/plugins/wooshare/wooshare.php on line 87
[06-May-2025 09:36:50 UTC] PHP Notice:  Function _load_textdomain_just_in_time was called <strong>incorrectly</strong>. Translation loading for the <code>wp-show-password</code> domain was triggered too early. This is usually an indicator for some code in the plugin or theme running too early. Translations should be loaded at the <code>init</code> action or later. Please see <a href="https://developer.wordpress.org/advanced-administration/debug/debug-wordpress/">Debugging in WordPress</a> for more information. (This message was added in version 6.7.0.) in /wordpress/wp-includes/functions.php on line 6121
[06-May-2025 09:36:59 UTC] PHP Notice:  Function _load_textdomain_just_in_time was called <strong>incorrectly</strong>. Translation loading for the <code>wp-show-password</code> domain was triggered too early. This is usually an indicator for some code in the plugin or theme running too early. Translations should be loaded at the <code>init</code> action or later. Please see <a href="https://developer.wordpress.org/advanced-administration/debug/debug-wordpress/">Debugging in WordPress</a> for more information. (This message was added in version 6.7.0.) in /wordpress/wp-includes/functions.php on line 6121
[06-May-2025 09:37:07 UTC] PHP Notice:  Function _load_textdomain_just_in_time was called <strong>incorrectly</strong>. Translation loading for the <code>wp-show-password</code> domain was triggered too early. This is usually an indicator for some code in the plugin or theme running too early. Translations should be loaded at the <code>init</code> action or later. Please see <a href="https://developer.wordpress.org/advanced-administration/debug/debug-wordpress/">Debugging in WordPress</a> for more information. (This message was added in version 6.7.0.) in /wordpress/wp-includes/functions.php on line 6121
[06-May-2025 09:39:32 UTC] PHP Warning:  mysqli::__construct(): (HY000/2002): Address family not supported by protocol in /wordpress/wp-content/plugins/wp-database-session-handler/session_handler.php on line 109
[06-May-2025 09:39:32 UTC] PHP Fatal error:  Uncaught Exception: Connect Error (2002) Address family not supported by protocol in /wordpress/wp-content/plugins/wp-database-session-handler/session_handler.php:112
Stack trace:
#0 /wordpress/wp-content/plugins/wp-database-session-handler/session_handler.php(39): SC\WPSH\SC_MySqlSessionHandler::setDbDetails('localhost', 'username_here', 'password_here', 'database_name_h...')
#1 /wordpress/wp-content/plugins/wp-database-session-handler/session_handler.php(29): SC\WPSH\SC_MySqlSessionHandler::activate_session_handler()
#2 /wordpress/wp-content/plugins/wp-database-session-handler/sc-session-handler.php(67): SC\WPSH\SC_MySqlSessionHandler::init()
#3 /wordpress/wp-admin/includes/plugin.php(2387): include_once('/wordpress/wp-c...')
#4 /wordpress/wp-admin/includes/plugin.php(673): plugin_sandbox_scrape('wp-database-ses...')
#5 /internal/eval.php(20): activate_plugin('wp-database-ses...')
#6 {main}
  thrown in /wordpress/wp-content/plugins/wp-database-session-handler/session_handler.php on line 112
[06-May-2025 09:39:40 UTC] PHP Warning:  mysqli::__construct(): (HY000/2002): Address family not supported by protocol in /wordpress/wp-content/plugins/wp-database-session-handler/session_handler.php on line 109
[06-May-2025 09:39:40 UTC] PHP Fatal error:  Uncaught Exception: Connect Error (2002) Address family not supported by protocol in /wordpress/wp-content/plugins/wp-database-session-handler/session_handler.php:112
Stack trace:
#0 /wordpress/wp-content/plugins/wp-database-session-handler/session_handler.php(39): SC\WPSH\SC_MySqlSessionHandler::setDbDetails('localhost', 'username_here', 'password_here', 'database_name_h...')
#1 /wordpress/wp-content/plugins/wp-database-session-handler/session_handler.php(29): SC\WPSH\SC_MySqlSessionHandler::activate_session_handler()
#2 /wordpress/wp-content/plugins/wp-database-session-handler/sc-session-handler.php(67): SC\WPSH\SC_MySqlSessionHandler::init()
#3 /wordpress/wp-admin/includes/plugin.php(2387): include_once('/wordpress/wp-c...')
#4 /wordpress/wp-admin/includes/plugin.php(673): plugin_sandbox_scrape('wp-database-ses...')
#5 /internal/eval.php(20): activate_plugin('wp-database-ses...')
#6 {main}
  thrown in /wordpress/wp-content/plugins/wp-database-session-handler/session_handler.php on line 112
[06-May-2025 09:39:47 UTC] PHP Warning:  mysqli::__construct(): (HY000/2002): Address family not supported by protocol in /wordpress/wp-content/plugins/wp-database-session-handler/session_handler.php on line 109
[06-May-2025 09:39:47 UTC] PHP Fatal error:  Uncaught Exception: Connect Error (2002) Address family not supported by protocol in /wordpress/wp-content/plugins/wp-database-session-handler/session_handler.php:112
Stack trace:
#0 /wordpress/wp-content/plugins/wp-database-session-handler/session_handler.php(39): SC\WPSH\SC_MySqlSessionHandler::setDbDetails('localhost', 'username_here', 'password_here', 'database_name_h...')
#1 /wordpress/wp-content/plugins/wp-database-session-handler/session_handler.php(29): SC\WPSH\SC_MySqlSessionHandler::activate_session_handler()
#2 /wordpress/wp-content/plugins/wp-database-session-handler/sc-session-handler.php(67): SC\WPSH\SC_MySqlSessionHandler::init()
#3 /wordpress/wp-admin/includes/plugin.php(2387): include_once('/wordpress/wp-c...')
#4 /wordpress/wp-admin/includes/plugin.php(673): plugin_sandbox_scrape('wp-database-ses...')
#5 /internal/eval.php(20): activate_plugin('wp-database-ses...')
#6 {main}
  thrown in /wordpress/wp-content/plugins/wp-database-session-handler/session_handler.php on line 112
[06-May-2025 09:39:57 UTC] PHP Warning:  "continue" targeting switch is equivalent to "break". Did you mean to use "continue 2"? in /wordpress/wp-content/plugins/wp-e-commerce-catalog-visibility-and-email-inquiry/admin/admin-interface.php on line 243
[06-May-2025 09:39:57 UTC] PHP Warning:  file_get_contents(/wordpress/wp-content/plugins/wp-e-commerce/wp-shopping-cart.php): Failed to open stream: No such file or directory in /wordpress/wp-includes/functions.php on line 6900
[06-May-2025 09:39:58 UTC] PHP Fatal error:  Array and string offset access syntax with curly braces is no longer supported in /wordpress/wp-content/plugins/wp-e-commerce-catalog-visibility-and-email-inquiry/admin/less/lib/lessc.inc.php on line 717
[06-May-2025 09:40:06 UTC] PHP Warning:  "continue" targeting switch is equivalent to "break". Did you mean to use "continue 2"? in /wordpress/wp-content/plugins/wp-e-commerce-catalog-visibility-and-email-inquiry/admin/admin-interface.php on line 243
[06-May-2025 09:40:06 UTC] PHP Warning:  file_get_contents(/wordpress/wp-content/plugins/wp-e-commerce/wp-shopping-cart.php): Failed to open stream: No such file or directory in /wordpress/wp-includes/functions.php on line 6900
[06-May-2025 09:40:06 UTC] PHP Fatal error:  Array and string offset access syntax with curly braces is no longer supported in /wordpress/wp-content/plugins/wp-e-commerce-catalog-visibility-and-email-inquiry/admin/less/lib/lessc.inc.php on line 717
[06-May-2025 09:40:15 UTC] PHP Warning:  "continue" targeting switch is equivalent to "break". Did you mean to use "continue 2"? in /wordpress/wp-content/plugins/wp-e-commerce-catalog-visibility-and-email-inquiry/admin/admin-interface.php on line 243
[06-May-2025 09:40:15 UTC] PHP Warning:  file_get_contents(/wordpress/wp-content/plugins/wp-e-commerce/wp-shopping-cart.php): Failed to open stream: No such file or directory in /wordpress/wp-includes/functions.php on line 6900
[06-May-2025 09:40:16 UTC] PHP Fatal error:  Array and string offset access syntax with curly braces is no longer supported in /wordpress/wp-content/plugins/wp-e-commerce-catalog-visibility-and-email-inquiry/admin/less/lib/lessc.inc.php on line 717
[06-May-2025 09:40:25 UTC] PHP Warning:  Undefined variable $_SESSION in /wordpress/wp-content/plugins/wp-fb-commerce/wp-fb-commerce.php on line 15
[06-May-2025 09:40:25 UTC] PHP Warning:  Undefined array key "fbc_end" in /wordpress/wp-content/plugins/wp-fb-commerce/wp-fb-commerce.php on line 18
[06-May-2025 09:40:25 UTC] PHP Warning:  Undefined array key "test" in /wordpress/wp-content/plugins/wp-fb-commerce/wp-fb-commerce.php on line 25
[06-May-2025 09:40:25 UTC] PHP Warning:  Undefined array key "fb" in /wordpress/wp-content/plugins/wp-fb-commerce/wp-fb-commerce.php on line 39
[06-May-2025 09:40:25 UTC] PHP Warning:  Undefined array key "fbx" in /wordpress/wp-content/plugins/wp-fb-commerce/wp-fb-commerce.php on line 42
[06-May-2025 09:40:25 UTC] PHP Warning:  Undefined array key "fbcommerce" in /wordpress/wp-content/plugins/wp-fb-commerce/wp-fb-commerce.php on line 48
[06-May-2025 09:40:34 UTC] PHP Warning:  Undefined variable $_SESSION in /wordpress/wp-content/plugins/wp-fb-commerce/wp-fb-commerce.php on line 15
[06-May-2025 09:40:34 UTC] PHP Warning:  Undefined array key "fbc_end" in /wordpress/wp-content/plugins/wp-fb-commerce/wp-fb-commerce.php on line 18
[06-May-2025 09:40:34 UTC] PHP Warning:  Undefined array key "test" in /wordpress/wp-content/plugins/wp-fb-commerce/wp-fb-commerce.php on line 25
[06-May-2025 09:40:34 UTC] PHP Warning:  Undefined array key "fb" in /wordpress/wp-content/plugins/wp-fb-commerce/wp-fb-commerce.php on line 39
[06-May-2025 09:40:34 UTC] PHP Warning:  Undefined array key "fbx" in /wordpress/wp-content/plugins/wp-fb-commerce/wp-fb-commerce.php on line 42
[06-May-2025 09:40:34 UTC] PHP Warning:  Undefined array key "fbcommerce" in /wordpress/wp-content/plugins/wp-fb-commerce/wp-fb-commerce.php on line 48
[06-May-2025 09:40:44 UTC] PHP Warning:  Undefined variable $_SESSION in /wordpress/wp-content/plugins/wp-fb-commerce/wp-fb-commerce.php on line 15
[06-May-2025 09:40:44 UTC] PHP Warning:  Undefined array key "fbc_end" in /wordpress/wp-content/plugins/wp-fb-commerce/wp-fb-commerce.php on line 18
[06-May-2025 09:40:44 UTC] PHP Warning:  Undefined array key "test" in /wordpress/wp-content/plugins/wp-fb-commerce/wp-fb-commerce.php on line 25
[06-May-2025 09:40:44 UTC] PHP Warning:  Undefined array key "fb" in /wordpress/wp-content/plugins/wp-fb-commerce/wp-fb-commerce.php on line 39
[06-May-2025 09:40:44 UTC] PHP Warning:  Undefined array key "fbx" in /wordpress/wp-content/plugins/wp-fb-commerce/wp-fb-commerce.php on line 42
[06-May-2025 09:40:44 UTC] PHP Warning:  Undefined array key "fbcommerce" in /wordpress/wp-content/plugins/wp-fb-commerce/wp-fb-commerce.php on line 48
[06-May-2025 09:41:37 UTC] PHP Fatal error:  Uncaught Error: Undefined constant "WP_MEMCACHE_FULL_SERVER_LIST" in /wordpress/wp-content/plugins/wp-truecache/drop-ins/object-cache.php:112
Stack trace:
#0 /wordpress/wp-content/plugins/wp-truecache/drop-ins/object-cache.php(112): constant('WP_MEMCACHE_FUL...')
#1 /wordpress/wp-content/plugins/wp-truecache/drop-ins/object-cache.php(651): get_memcache_server_list()
#2 /wordpress/wp-content/plugins/wp-truecache/drop-ins/object-cache.php(679): WPTRUECACHE_Object_Cache->__construct()
#3 /wordpress/wp-content/plugins/wp-truecache/cache.php(12): include('/wordpress/wp-c...')
#4 /wordpress/wp-content/plugins/wp-truecache/config.php(49): require_once('/wordpress/wp-c...')
#5 /wordpress/wp-content/plugins/wp-truecache/wp-truecache.php(12): require_once('/wordpress/wp-c...')
#6 /wordpress/wp-admin/includes/plugin.php(2387): include_once('/wordpress/wp-c...')
#7 /wordpress/wp-admin/includes/plugin.php(673): plugin_sandbox_scrape('wp-truecache/wp...')
#8 /internal/eval.php(20): activate_plugin('wp-truecache/wp...')
#9 {main}
  thrown in /wordpress/wp-content/plugins/wp-truecache/drop-ins/object-cache.php on line 112
[06-May-2025 09:42:01 UTC] PHP Fatal error:  Uncaught Error: Undefined constant "WP_MEMCACHE_FULL_SERVER_LIST" in /wordpress/wp-content/plugins/wp-truecache/drop-ins/object-cache.php:112
Stack trace:
#0 /wordpress/wp-content/plugins/wp-truecache/drop-ins/object-cache.php(112): constant('WP_MEMCACHE_FUL...')
#1 /wordpress/wp-content/plugins/wp-truecache/drop-ins/object-cache.php(651): get_memcache_server_list()
#2 /wordpress/wp-content/plugins/wp-truecache/drop-ins/object-cache.php(679): WPTRUECACHE_Object_Cache->__construct()
#3 /wordpress/wp-content/plugins/wp-truecache/cache.php(12): include('/wordpress/wp-c...')
#4 /wordpress/wp-content/plugins/wp-truecache/config.php(49): require_once('/wordpress/wp-c...')
#5 /wordpress/wp-content/plugins/wp-truecache/wp-truecache.php(12): require_once('/wordpress/wp-c...')
#6 /wordpress/wp-admin/includes/plugin.php(2387): include_once('/wordpress/wp-c...')
#7 /wordpress/wp-admin/includes/plugin.php(673): plugin_sandbox_scrape('wp-truecache/wp...')
#8 /internal/eval.php(20): activate_plugin('wp-truecache/wp...')
#9 {main}
  thrown in /wordpress/wp-content/plugins/wp-truecache/drop-ins/object-cache.php on line 112

    at Object.onBind (file:///home/runner/work/playground-tester/playground-tester/node_modules/@wp-playground/cli/index.js:237:15)
    at process.processTicksAndRejections (node:internal/process/task_queues:105:5)
    at async V (file:///home/runner/work/playground-tester/playground-tester/node_modules/@wp-playground/cli/index.js:64:10)
    at async ja (file:///home/runner/work/playground-tester/playground-tester/node_modules/@wp-playground/cli/cli.js:8161:12) {
  [cause]: Error: Error when executing the blueprint step #1 ({"step":"installPlugin","pluginData":{"resource":"wordpress.org/plugins","slug":"wp-truecache"},"options":{"activate":true}}) : PHP.run() failed with exit code 255 and the following output: 
      at Object.run (file:///home/runner/work/playground-tester/playground-tester/node_modules/@wp-playground/blueprints/index.js:12449:19)
      at process.processTicksAndRejections (node:internal/process/task_queues:105:5)
      at async ms (file:///home/runner/work/playground-tester/playground-tester/node_modules/@wp-playground/blueprints/index.js:12552:3)
      ... 2 lines matching cause stack trace ...
      at async ja (file:///home/runner/work/playground-tester/playground-tester/node_modules/@wp-playground/cli/cli.js:8161:12) {
    [cause]: PHPExecutionFailureError: PHP.run() failed with exit code 255 and the following output: 
        at PHP.run (file:///home/runner/work/playground-tester/playground-tester/node_modules/@php-wasm/universal/index.js:987:19)
        at process.processTicksAndRejections (node:internal/process/task_queues:105:5)
        at async wr (file:///home/runner/work/playground-tester/playground-tester/node_modules/@wp-playground/blueprints/index.js:33:39)
        at async Object.gt [as installPlugin] (file:///home/runner/work/playground-tester/playground-tester/node_modules/@wp-playground/blueprints/index.js:974:42)
        at async g (file:///home/runner/work/playground-tester/playground-tester/node_modules/@wp-playground/blueprints/index.js:12517:30)
        at async Object.run (file:///home/runner/work/playground-tester/playground-tester/node_modules/@wp-playground/blueprints/index.js:12446:23)
        at async ms (file:///home/runner/work/playground-tester/playground-tester/node_modules/@wp-playground/blueprints/index.js:12552:3)
        at async Object.onBind (file:///home/runner/work/playground-tester/playground-tester/node_modules/@wp-playground/cli/index.js:227:48)
        at async V (file:///home/runner/work/playground-tester/playground-tester/node_modules/@wp-playground/cli/index.js:64:10)
        at async ja (file:///home/runner/work/playground-tester/playground-tester/node_modules/@wp-playground/cli/cli.js:8161:12) {
      response: PHPResponse {
        httpStatusCode: 500,
        headers: {
          'x-powered-by': [ 'PHP/8.0.30-dev' ],
          'content-type': [ 'text/html; charset=UTF-8' ]
        },
        bytes: Uint8Array(1) [ 32 ],
        exitCode: 255,
        errors: ''
      },
      source: 'request'
    }
  }
}

Node.js v23.11.0
