file:///home/runner/work/playground-tester/playground-tester/node_modules/@wp-playground/cli/run-cli-j-geJYS3.js:325
        throw new Error($, { cause: h });
              ^

Error: [17-Jun-2025 15:32:08 UTC] PHP Warning:  Undefined variable $term in /internal/eval.php on line 22
[17-Jun-2025 15:32:08 UTC] PHP Warning:  Trying to access array offset on value of type null in /internal/eval.php on line 22
[17-Jun-2025 15:32:22 UTC] PHP Warning:  Undefined variable $term in /internal/eval.php on line 22
[17-Jun-2025 15:32:22 UTC] PHP Warning:  Trying to access array offset on value of type null in /internal/eval.php on line 22
[17-Jun-2025 15:32:35 UTC] PHP Warning:  Undefined variable $term in /internal/eval.php on line 22
[17-Jun-2025 15:32:35 UTC] PHP Warning:  Trying to access array offset on value of type null in /internal/eval.php on line 22
[17-Jun-2025 15:34:49 UTC] PHP Fatal error:  Uncaught ArgumentCountError: Too few arguments to function WP_Widget::__construct(), 0 passed in /wordpress/wp-includes/class-wp-widget-factory.php on line 62 and at least 2 expected in /wordpress/wp-includes/class-wp-widget.php:163
Stack trace:
#0 /wordpress/wp-includes/class-wp-widget-factory.php(62): WP_Widget->__construct()
#1 /wordpress/wp-includes/widgets.php(123): WP_Widget_Factory->register('InsightsSamsung...')
#2 /wordpress/wp-content/plugins/sb-insights-rss-widget/insights-samsung-feed.widget.php(127): register_widget('InsightsSamsung...')
#3 /wordpress/wp-includes/class-wp-hook.php(324): InsightsSamsungFeedWidget_register_widgets('')
#4 /wordpress/wp-includes/class-wp-hook.php(348): WP_Hook->apply_filters(NULL, Array)
#5 /wordpress/wp-includes/plugin.php(517): WP_Hook->do_action(Array)
#6 /wordpress/wp-includes/widgets.php(1870): do_action('widgets_init')
#7 /wordpress/wp-includes/class-wp-hook.php(324): wp_widgets_init('')
#8 /wordpress/wp-includes/class-wp-hook.php(348): WP_Hook->apply_filters(NULL, Array)
#9 /wordpress/wp-includes/plugin.php(517): WP_Hook->do_action(Array)
#10 /wordpress/wp-settings.php(727): do_action('init')
#11 /wordpress/wp-config.php(102): require_once('/wordpress/wp-s...')
#12 /wordpress/wp-load.php(50): require_once('/wordpress/wp-c...')
#13 /internal/eval.php(3): require_once('/wordpress/wp-l...')
#14 {main}
  thrown in /wordpress/wp-includes/class-wp-widget.php on line 163
[17-Jun-2025 15:34:59 UTC] PHP Fatal error:  Uncaught ArgumentCountError: Too few arguments to function WP_Widget::__construct(), 0 passed in /wordpress/wp-includes/class-wp-widget-factory.php on line 62 and at least 2 expected in /wordpress/wp-includes/class-wp-widget.php:163
Stack trace:
#0 /wordpress/wp-includes/class-wp-widget-factory.php(62): WP_Widget->__construct()
#1 /wordpress/wp-includes/widgets.php(123): WP_Widget_Factory->register('InsightsSamsung...')
#2 /wordpress/wp-content/plugins/sb-insights-rss-widget/insights-samsung-feed.widget.php(127): register_widget('InsightsSamsung...')
#3 /wordpress/wp-includes/class-wp-hook.php(324): InsightsSamsungFeedWidget_register_widgets('')
#4 /wordpress/wp-includes/class-wp-hook.php(348): WP_Hook->apply_filters(NULL, Array)
#5 /wordpress/wp-includes/plugin.php(517): WP_Hook->do_action(Array)
#6 /wordpress/wp-includes/widgets.php(1870): do_action('widgets_init')
#7 /wordpress/wp-includes/class-wp-hook.php(324): wp_widgets_init('')
#8 /wordpress/wp-includes/class-wp-hook.php(348): WP_Hook->apply_filters(NULL, Array)
#9 /wordpress/wp-includes/plugin.php(517): WP_Hook->do_action(Array)
#10 /wordpress/wp-settings.php(727): do_action('init')
#11 /wordpress/wp-config.php(102): require_once('/wordpress/wp-s...')
#12 /wordpress/wp-load.php(50): require_once('/wordpress/wp-c...')
#13 /internal/eval.php(3): require_once('/wordpress/wp-l...')
#14 {main}
  thrown in /wordpress/wp-includes/class-wp-widget.php on line 163
[17-Jun-2025 15:35:09 UTC] PHP Fatal error:  Uncaught ArgumentCountError: Too few arguments to function WP_Widget::__construct(), 0 passed in /wordpress/wp-includes/class-wp-widget-factory.php on line 62 and at least 2 expected in /wordpress/wp-includes/class-wp-widget.php:163
Stack trace:
#0 /wordpress/wp-includes/class-wp-widget-factory.php(62): WP_Widget->__construct()
#1 /wordpress/wp-includes/widgets.php(123): WP_Widget_Factory->register('InsightsSamsung...')
#2 /wordpress/wp-content/plugins/sb-insights-rss-widget/insights-samsung-feed.widget.php(127): register_widget('InsightsSamsung...')
#3 /wordpress/wp-includes/class-wp-hook.php(324): InsightsSamsungFeedWidget_register_widgets('')
#4 /wordpress/wp-includes/class-wp-hook.php(348): WP_Hook->apply_filters(NULL, Array)
#5 /wordpress/wp-includes/plugin.php(517): WP_Hook->do_action(Array)
#6 /wordpress/wp-includes/widgets.php(1870): do_action('widgets_init')
#7 /wordpress/wp-includes/class-wp-hook.php(324): wp_widgets_init('')
#8 /wordpress/wp-includes/class-wp-hook.php(348): WP_Hook->apply_filters(NULL, Array)
#9 /wordpress/wp-includes/plugin.php(517): WP_Hook->do_action(Array)
#10 /wordpress/wp-settings.php(727): do_action('init')
#11 /wordpress/wp-config.php(102): require_once('/wordpress/wp-s...')
#12 /wordpress/wp-load.php(50): require_once('/wordpress/wp-c...')
#13 /internal/eval.php(3): require_once('/wordpress/wp-l...')
#14 {main}
  thrown in /wordpress/wp-includes/class-wp-widget.php on line 163
[17-Jun-2025 15:37:45 UTC] PHP Deprecated:  Required parameter $old_quantity follows optional parameter $quantity in /wordpress/wp-content/plugins/simile-for-woocommerce/includes/simile-smart-bundles-products-view.php on line 430
[17-Jun-2025 15:37:45 UTC] PHP Deprecated:  Required parameter $cart follows optional parameter $quantity in /wordpress/wp-content/plugins/simile-for-woocommerce/includes/simile-smart-bundles-products-view.php on line 430
[17-Jun-2025 15:37:45 UTC] WordPress database error <div style="clear:both">&nbsp;</div>
<div class="queries" style="clear:both;margin-bottom:2px;border:red dotted thin;">
<p>MySQL query:</p>
<p>CREATE TABLE wp_postmeta_simile_backup SELECT * FROM wp_postmeta WHERE meta_key = '_upsell_ids'</p>
<p>Queries made or created this session were:</p>
<ol>
<li>Executing: BEGIN IMMEDIATE | (no parameters)</li>
<li>Executing: ROLLBACK | (no parameters)</li>
</ol>
</div>
<div style="clear:both;margin-bottom:2px;border:red dotted thin;" class="error_message" style="border-bottom:dotted blue thin;">
MySQL query not supported. Cause: CREATE TABLE ... [AS] SELECT is currently not supported
</div>
<p>Backtrace:</p>
<pre>#0 /internal/shared/sqlite-database-integration/wp-includes/sqlite-ast/class-wp-sqlite-driver.php(1270): WP_SQLite_Driver->new_not_supported_exception('CREATE TABLE .....')
#1 /internal/shared/sqlite-database-integration/wp-includes/sqlite-ast/class-wp-sqlite-driver.php(878): WP_SQLite_Driver->execute_create_table_statement(Object(WP_Parser_Node))
#2 /internal/shared/sqlite-database-integration/wp-includes/sqlite-ast/class-wp-sqlite-driver.php(669): WP_SQLite_Driver->execute_mysql_query(Object(WP_Parser_Node))
#3 /internal/shared/sqlite-database-integration/wp-includes/sqlite/class-wp-sqlite-db.php(491): WP_SQLite_Driver->query('CREATE TABLE wp...')
#4 /internal/shared/sqlite-database-integration/wp-includes/sqlite/class-wp-sqlite-db.php(432): WP_SQLite_DB->_do_query('CREATE TABLE wp...')
#5 /wordpress/wp-content/plugins/simile-for-woocommerce/includes/simile-model.php(106): WP_SQLite_DB->query('CREATE TABLE wp...')
#6 /wordpress/wp-content/plugins/simile-for-woocommerce/includes/simile-on-activation.php(38): Simile_Model::initial_db()
#7 /wordpress/wp-content/plugins/simile-for-woocommerce/simile-for-woocommerce.php(78): Simile_On_Activation::on_activation()
#8 /wordpress/wp-includes/class-wp-hook.php(324): Simile->on_activation(false)
#9 /wordpress/wp-includes/class-wp-hook.php(348): WP_Hook->apply_filters('', Array)
#10 /wordpress/wp-includes/plugin.php(517): WP_Hook->do_action(Array)
#11 /wordpress/wp-admin/includes/plugin.php(703): do_action('activate_simile...', false)
#12 /internal/eval.php(20): activate_plugin('simile-for-wooc...')
#13 {main}</pre>
 for query CREATE TABLE wp_postmeta_simile_backup SELECT * FROM wp_postmeta WHERE meta_key = '_upsell_ids' made by activate_plugin, do_action('activate_simile-for-woocommerce/simile-for-woocommerce.php'), WP_Hook->do_action, WP_Hook->apply_filters, Simile->on_activation, Simile_On_Activation::on_activation, Simile_Model::initial_db, WP_SQLite_DB->query, WP_SQLite_DB->print_error
[17-Jun-2025 15:37:45 UTC] PHP Fatal error:  Uncaught Exception: "cURL error 35: OpenSSL SSL_connect: SSL_ERROR_SYSCALL in connection to api.scopemedia.com:443 " in /wordpress/wp-content/plugins/simile-for-woocommerce/includes/simile-model.php:429
Stack trace:
#0 /wordpress/wp-content/plugins/simile-for-woocommerce/includes/simile-model.php(50): Simile_Model::check_response_error(Object(WP_Error))
#1 /wordpress/wp-content/plugins/simile-for-woocommerce/includes/simile-on-activation.php(42): Simile_Model::signup()
#2 /wordpress/wp-content/plugins/simile-for-woocommerce/simile-for-woocommerce.php(78): Simile_On_Activation::on_activation()
#3 /wordpress/wp-includes/class-wp-hook.php(324): Simile->on_activation(false)
#4 /wordpress/wp-includes/class-wp-hook.php(348): WP_Hook->apply_filters('', Array)
#5 /wordpress/wp-includes/plugin.php(517): WP_Hook->do_action(Array)
#6 /wordpress/wp-admin/includes/plugin.php(703): do_action('activate_simile...', false)
#7 /internal/eval.php(20): activate_plugin('simile-for-wooc...')
#8 {main}
  thrown in /wordpress/wp-content/plugins/simile-for-woocommerce/includes/simile-model.php on line 429
[17-Jun-2025 15:37:53 UTC] PHP Deprecated:  Required parameter $old_quantity follows optional parameter $quantity in /wordpress/wp-content/plugins/simile-for-woocommerce/includes/simile-smart-bundles-products-view.php on line 430
[17-Jun-2025 15:37:53 UTC] PHP Deprecated:  Required parameter $cart follows optional parameter $quantity in /wordpress/wp-content/plugins/simile-for-woocommerce/includes/simile-smart-bundles-products-view.php on line 430
[17-Jun-2025 15:37:53 UTC] WordPress database error <div style="clear:both">&nbsp;</div>
<div class="queries" style="clear:both;margin-bottom:2px;border:red dotted thin;">
<p>MySQL query:</p>
<p>CREATE TABLE wp_postmeta_simile_backup SELECT * FROM wp_postmeta WHERE meta_key = '_upsell_ids'</p>
<p>Queries made or created this session were:</p>
<ol>
<li>Executing: BEGIN IMMEDIATE | (no parameters)</li>
<li>Executing: ROLLBACK | (no parameters)</li>
</ol>
</div>
<div style="clear:both;margin-bottom:2px;border:red dotted thin;" class="error_message" style="border-bottom:dotted blue thin;">
MySQL query not supported. Cause: CREATE TABLE ... [AS] SELECT is currently not supported
</div>
<p>Backtrace:</p>
<pre>#0 /internal/shared/sqlite-database-integration/wp-includes/sqlite-ast/class-wp-sqlite-driver.php(1270): WP_SQLite_Driver->new_not_supported_exception('CREATE TABLE .....')
#1 /internal/shared/sqlite-database-integration/wp-includes/sqlite-ast/class-wp-sqlite-driver.php(878): WP_SQLite_Driver->execute_create_table_statement(Object(WP_Parser_Node))
#2 /internal/shared/sqlite-database-integration/wp-includes/sqlite-ast/class-wp-sqlite-driver.php(669): WP_SQLite_Driver->execute_mysql_query(Object(WP_Parser_Node))
#3 /internal/shared/sqlite-database-integration/wp-includes/sqlite/class-wp-sqlite-db.php(491): WP_SQLite_Driver->query('CREATE TABLE wp...')
#4 /internal/shared/sqlite-database-integration/wp-includes/sqlite/class-wp-sqlite-db.php(432): WP_SQLite_DB->_do_query('CREATE TABLE wp...')
#5 /wordpress/wp-content/plugins/simile-for-woocommerce/includes/simile-model.php(106): WP_SQLite_DB->query('CREATE TABLE wp...')
#6 /wordpress/wp-content/plugins/simile-for-woocommerce/includes/simile-on-activation.php(38): Simile_Model::initial_db()
#7 /wordpress/wp-content/plugins/simile-for-woocommerce/simile-for-woocommerce.php(78): Simile_On_Activation::on_activation()
#8 /wordpress/wp-includes/class-wp-hook.php(324): Simile->on_activation(false)
#9 /wordpress/wp-includes/class-wp-hook.php(348): WP_Hook->apply_filters('', Array)
#10 /wordpress/wp-includes/plugin.php(517): WP_Hook->do_action(Array)
#11 /wordpress/wp-admin/includes/plugin.php(703): do_action('activate_simile...', false)
#12 /internal/eval.php(20): activate_plugin('simile-for-wooc...')
#13 {main}</pre>
 for query CREATE TABLE wp_postmeta_simile_backup SELECT * FROM wp_postmeta WHERE meta_key = '_upsell_ids' made by activate_plugin, do_action('activate_simile-for-woocommerce/simile-for-woocommerce.php'), WP_Hook->do_action, WP_Hook->apply_filters, Simile->on_activation, Simile_On_Activation::on_activation, Simile_Model::initial_db, WP_SQLite_DB->query, WP_SQLite_DB->print_error
[17-Jun-2025 15:37:54 UTC] PHP Fatal error:  Uncaught Exception: "cURL error 35: OpenSSL SSL_connect: SSL_ERROR_SYSCALL in connection to api.scopemedia.com:443 " in /wordpress/wp-content/plugins/simile-for-woocommerce/includes/simile-model.php:429
Stack trace:
#0 /wordpress/wp-content/plugins/simile-for-woocommerce/includes/simile-model.php(50): Simile_Model::check_response_error(Object(WP_Error))
#1 /wordpress/wp-content/plugins/simile-for-woocommerce/includes/simile-on-activation.php(42): Simile_Model::signup()
#2 /wordpress/wp-content/plugins/simile-for-woocommerce/simile-for-woocommerce.php(78): Simile_On_Activation::on_activation()
#3 /wordpress/wp-includes/class-wp-hook.php(324): Simile->on_activation(false)
#4 /wordpress/wp-includes/class-wp-hook.php(348): WP_Hook->apply_filters('', Array)
#5 /wordpress/wp-includes/plugin.php(517): WP_Hook->do_action(Array)
#6 /wordpress/wp-admin/includes/plugin.php(703): do_action('activate_simile...', false)
#7 /internal/eval.php(20): activate_plugin('simile-for-wooc...')
#8 {main}
  thrown in /wordpress/wp-content/plugins/simile-for-woocommerce/includes/simile-model.php on line 429
[17-Jun-2025 15:38:03 UTC] PHP Deprecated:  Required parameter $old_quantity follows optional parameter $quantity in /wordpress/wp-content/plugins/simile-for-woocommerce/includes/simile-smart-bundles-products-view.php on line 430
[17-Jun-2025 15:38:03 UTC] PHP Deprecated:  Required parameter $cart follows optional parameter $quantity in /wordpress/wp-content/plugins/simile-for-woocommerce/includes/simile-smart-bundles-products-view.php on line 430
[17-Jun-2025 15:38:03 UTC] WordPress database error <div style="clear:both">&nbsp;</div>
<div class="queries" style="clear:both;margin-bottom:2px;border:red dotted thin;">
<p>MySQL query:</p>
<p>CREATE TABLE wp_postmeta_simile_backup SELECT * FROM wp_postmeta WHERE meta_key = '_upsell_ids'</p>
<p>Queries made or created this session were:</p>
<ol>
<li>Executing: BEGIN IMMEDIATE | (no parameters)</li>
<li>Executing: ROLLBACK | (no parameters)</li>
</ol>
</div>
<div style="clear:both;margin-bottom:2px;border:red dotted thin;" class="error_message" style="border-bottom:dotted blue thin;">
MySQL query not supported. Cause: CREATE TABLE ... [AS] SELECT is currently not supported
</div>
<p>Backtrace:</p>
<pre>#0 /internal/shared/sqlite-database-integration/wp-includes/sqlite-ast/class-wp-sqlite-driver.php(1270): WP_SQLite_Driver->new_not_supported_exception('CREATE TABLE .....')
#1 /internal/shared/sqlite-database-integration/wp-includes/sqlite-ast/class-wp-sqlite-driver.php(878): WP_SQLite_Driver->execute_create_table_statement(Object(WP_Parser_Node))
#2 /internal/shared/sqlite-database-integration/wp-includes/sqlite-ast/class-wp-sqlite-driver.php(669): WP_SQLite_Driver->execute_mysql_query(Object(WP_Parser_Node))
#3 /internal/shared/sqlite-database-integration/wp-includes/sqlite/class-wp-sqlite-db.php(491): WP_SQLite_Driver->query('CREATE TABLE wp...')
#4 /internal/shared/sqlite-database-integration/wp-includes/sqlite/class-wp-sqlite-db.php(432): WP_SQLite_DB->_do_query('CREATE TABLE wp...')
#5 /wordpress/wp-content/plugins/simile-for-woocommerce/includes/simile-model.php(106): WP_SQLite_DB->query('CREATE TABLE wp...')
#6 /wordpress/wp-content/plugins/simile-for-woocommerce/includes/simile-on-activation.php(38): Simile_Model::initial_db()
#7 /wordpress/wp-content/plugins/simile-for-woocommerce/simile-for-woocommerce.php(78): Simile_On_Activation::on_activation()
#8 /wordpress/wp-includes/class-wp-hook.php(324): Simile->on_activation(false)
#9 /wordpress/wp-includes/class-wp-hook.php(348): WP_Hook->apply_filters('', Array)
#10 /wordpress/wp-includes/plugin.php(517): WP_Hook->do_action(Array)
#11 /wordpress/wp-admin/includes/plugin.php(703): do_action('activate_simile...', false)
#12 /internal/eval.php(20): activate_plugin('simile-for-wooc...')
#13 {main}</pre>
 for query CREATE TABLE wp_postmeta_simile_backup SELECT * FROM wp_postmeta WHERE meta_key = '_upsell_ids' made by activate_plugin, do_action('activate_simile-for-woocommerce/simile-for-woocommerce.php'), WP_Hook->do_action, WP_Hook->apply_filters, Simile->on_activation, Simile_On_Activation::on_activation, Simile_Model::initial_db, WP_SQLite_DB->query, WP_SQLite_DB->print_error
[17-Jun-2025 15:38:03 UTC] PHP Fatal error:  Uncaught Exception: "cURL error 35: OpenSSL SSL_connect: SSL_ERROR_SYSCALL in connection to api.scopemedia.com:443 " in /wordpress/wp-content/plugins/simile-for-woocommerce/includes/simile-model.php:429
Stack trace:
#0 /wordpress/wp-content/plugins/simile-for-woocommerce/includes/simile-model.php(50): Simile_Model::check_response_error(Object(WP_Error))
#1 /wordpress/wp-content/plugins/simile-for-woocommerce/includes/simile-on-activation.php(42): Simile_Model::signup()
#2 /wordpress/wp-content/plugins/simile-for-woocommerce/simile-for-woocommerce.php(78): Simile_On_Activation::on_activation()
#3 /wordpress/wp-includes/class-wp-hook.php(324): Simile->on_activation(false)
#4 /wordpress/wp-includes/class-wp-hook.php(348): WP_Hook->apply_filters('', Array)
#5 /wordpress/wp-includes/plugin.php(517): WP_Hook->do_action(Array)
#6 /wordpress/wp-admin/includes/plugin.php(703): do_action('activate_simile...', false)
#7 /internal/eval.php(20): activate_plugin('simile-for-wooc...')
#8 {main}
  thrown in /wordpress/wp-content/plugins/simile-for-woocommerce/includes/simile-model.php on line 429
[17-Jun-2025 15:38:13 UTC] PHP Deprecated:  Required parameter $options follows optional parameter $qty in /wordpress/wp-content/plugins/simple-cart-buy-now/classes/cart.php on line 51
[17-Jun-2025 15:38:13 UTC] PHP Fatal error:  Uncaught Error: Call to undefined function create_function() in /wordpress/wp-content/plugins/simple-cart-buy-now/classes/widget.php:47
Stack trace:
#0 /wordpress/wp-content/plugins/simple-cart-buy-now/scabn.php(61): require_once()
#1 /wordpress/wp-admin/includes/plugin.php(2387): include_once('/wordpress/wp-c...')
#2 /wordpress/wp-admin/includes/plugin.php(673): plugin_sandbox_scrape('simple-cart-buy...')
#3 /internal/eval.php(20): activate_plugin('simple-cart-buy...')
#4 {main}
  thrown in /wordpress/wp-content/plugins/simple-cart-buy-now/classes/widget.php on line 47
[17-Jun-2025 15:38:22 UTC] PHP Deprecated:  Required parameter $options follows optional parameter $qty in /wordpress/wp-content/plugins/simple-cart-buy-now/classes/cart.php on line 51
[17-Jun-2025 15:38:22 UTC] PHP Fatal error:  Uncaught Error: Call to undefined function create_function() in /wordpress/wp-content/plugins/simple-cart-buy-now/classes/widget.php:47
Stack trace:
#0 /wordpress/wp-content/plugins/simple-cart-buy-now/scabn.php(61): require_once()
#1 /wordpress/wp-admin/includes/plugin.php(2387): include_once('/wordpress/wp-c...')
#2 /wordpress/wp-admin/includes/plugin.php(673): plugin_sandbox_scrape('simple-cart-buy...')
#3 /internal/eval.php(20): activate_plugin('simple-cart-buy...')
#4 {main}
  thrown in /wordpress/wp-content/plugins/simple-cart-buy-now/classes/widget.php on line 47
[17-Jun-2025 15:38:31 UTC] PHP Deprecated:  Required parameter $options follows optional parameter $qty in /wordpress/wp-content/plugins/simple-cart-buy-now/classes/cart.php on line 51
[17-Jun-2025 15:38:31 UTC] PHP Fatal error:  Uncaught Error: Call to undefined function create_function() in /wordpress/wp-content/plugins/simple-cart-buy-now/classes/widget.php:47
Stack trace:
#0 /wordpress/wp-content/plugins/simple-cart-buy-now/scabn.php(61): require_once()
#1 /wordpress/wp-admin/includes/plugin.php(2387): include_once('/wordpress/wp-c...')
#2 /wordpress/wp-admin/includes/plugin.php(673): plugin_sandbox_scrape('simple-cart-buy...')
#3 /internal/eval.php(20): activate_plugin('simple-cart-buy...')
#4 {main}
  thrown in /wordpress/wp-content/plugins/simple-cart-buy-now/classes/widget.php on line 47

    at Object.onBind (file:///home/runner/work/playground-tester/playground-tester/node_modules/@wp-playground/cli/run-cli-j-geJYS3.js:325:15)
    at process.processTicksAndRejections (node:internal/process/task_queues:105:5)
    at async re (file:///home/runner/work/playground-tester/playground-tester/node_modules/@wp-playground/cli/run-cli-j-geJYS3.js:149:10) {
  [cause]: Error: Error when executing the blueprint step #5 ({"step":"installPlugin","pluginData":{"resource":"wordpress.org/plugins","slug":"simple-web-discovery"},"options":{"activate":true}}) : Could not download "https://downloads.wordpress.org/plugin/simple-web-discovery.latest-stable.zip".
  				Check if the URL is correct and the server is reachable.
  				If it is reachable, the server might be blocking the request.
  				Check the browser console and network tabs for more information.
  
  				## Does the console show the error "No 'Access-Control-Allow-Origin' header"?
  
  				This means the server that hosts your file does not allow requests from other sites
  				(cross-origin requests, or CORS).	You need to move the asset to a server that allows
  				cross-origin file downloads. Learn more about CORS at
  				https://developer.mozilla.org/en-US/docs/Web/HTTP/CORS.
  
  				If your file is on GitHub, load it from "raw.githubusercontent.com".
  				Here's how to do that:
  
  				1. Start with the original GitHub URL of the file. For example:
  				https://github.com/username/repository/blob/branch/filename.
  				2. Replace "github.com" with "raw.githubusercontent.com".
  				3. Remove the "/blob/" part of the URL.
  
  				The resulting URL should look like this:
  				https://raw.githubusercontent.com/username/repository/branch/filename
  
  				Error:
  				Error: Could not download "https://downloads.wordpress.org/plugin/simple-web-discovery.latest-stable.zip"
      at Object.run (file:///home/runner/work/playground-tester/playground-tester/node_modules/@wp-playground/blueprints/index.js:12093:19)
      at process.processTicksAndRejections (node:internal/process/task_queues:105:5)
      at async ys (file:///home/runner/work/playground-tester/playground-tester/node_modules/@wp-playground/blueprints/index.js:12196:3)
      at async Object.onBind (file:///home/runner/work/playground-tester/playground-tester/node_modules/@wp-playground/cli/run-cli-j-geJYS3.js:315:48)
      at async re (file:///home/runner/work/playground-tester/playground-tester/node_modules/@wp-playground/cli/run-cli-j-geJYS3.js:149:10) {
    [cause]: Error: Could not download "https://downloads.wordpress.org/plugin/simple-web-discovery.latest-stable.zip".
    				Check if the URL is correct and the server is reachable.
    				If it is reachable, the server might be blocking the request.
    				Check the browser console and network tabs for more information.
    
    				## Does the console show the error "No 'Access-Control-Allow-Origin' header"?
    
    				This means the server that hosts your file does not allow requests from other sites
    				(cross-origin requests, or CORS).	You need to move the asset to a server that allows
    				cross-origin file downloads. Learn more about CORS at
    				https://developer.mozilla.org/en-US/docs/Web/HTTP/CORS.
    
    				If your file is on GitHub, load it from "raw.githubusercontent.com".
    				Here's how to do that:
    
    				1. Start with the original GitHub URL of the file. For example:
    				https://github.com/username/repository/blob/branch/filename.
    				2. Replace "github.com" with "raw.githubusercontent.com".
    				3. Remove the "/blob/" part of the URL.
    
    				The resulting URL should look like this:
    				https://raw.githubusercontent.com/username/repository/branch/filename
    
    				Error:
    				Error: Could not download "https://downloads.wordpress.org/plugin/simple-web-discovery.latest-stable.zip"
        at Ct.resolve (file:///home/runner/work/playground-tester/playground-tester/node_modules/@wp-playground/blueprints/index.js:1129:13)
        at process.processTicksAndRejections (node:internal/process/task_queues:105:5)
        at async _.run (file:///home/runner/work/playground-tester/playground-tester/node_modules/@php-wasm/util/index.js:45:14)
  }
}

Node.js v23.11.0
