[
{"message":"file:///home/runner/work/playground-tester/playground-tester/node_modules/@wp-playground/cli/index.js:237\n        throw new Error(y, { cause: u });\n              ^\n","level":"FATAL","type":"PLAYGROUND","test":"asyncify-boot","plugin":"festat-e-shqiperise","details":"file:///home/runner/work/playground-tester/playground-tester/node_modules/@wp-playground/cli/index.js:237\n        throw new Error(y, { cause: u });\n              ^\n","log":"/tmp/tmp.Rt9DMgFjXC"}
,
{"message":"Uncaught PDOException: SQLSTATE[HY000] [2002] Address family not supported by protocol in /wordpress/wp-content/plugins/firestudio/shared/init.php:20","level":"FATAL","type":"PHP","test":"asyncify-boot","plugin":"festat-e-shqiperise","details":"[03-May-2025 03:45:38 UTC] PHP Fatal error:  Uncaught PDOException: SQLSTATE[HY000] [2002] Address family not supported by protocol in /wordpress/wp-content/plugins/firestudio/shared/init.php:20\nStack trace:\n#0 /wordpress/wp-content/plugins/firestudio/shared/init.php(20): PDO->__construct('mysql:host=loca...', 'username_here', 'password_here')\n#1 /wordpress/wp-content/plugins/firestudio/shared/autoload.php(42): require_once('/wordpress/wp-c...')\n#2 /wordpress/wp-content/plugins/firestudio/plugin.php(48): require_once('/wordpress/wp-c...')\n#3 /wordpress/wp-admin/includes/plugin.php(2387): include_once('/wordpress/wp-c...')\n#4 /wordpress/wp-admin/includes/plugin.php(673): plugin_sandbox_scrape('firestudio/plug...')\n#5 /internal/eval.php(20): activate_plugin('firestudio/plug...')\n#6 {main}\n  thrown in /wordpress/wp-content/plugins/firestudio/shared/init.php on line 20","log":"/logs/plugins/f/festat-e-shqiperise/error.json"}
,
{"message":"Uncaught PDOException: SQLSTATE[HY000] [2002] Address family not supported by protocol in /wordpress/wp-content/plugins/firestudio/shared/init.php:20","level":"FATAL","type":"PHP","test":"asyncify-boot","plugin":"festat-e-shqiperise","details":"[03-May-2025 03:45:46 UTC] PHP Fatal error:  Uncaught PDOException: SQLSTATE[HY000] [2002] Address family not supported by protocol in /wordpress/wp-content/plugins/firestudio/shared/init.php:20\nStack trace:\n#0 /wordpress/wp-content/plugins/firestudio/shared/init.php(20): PDO->__construct('mysql:host=loca...', 'username_here', 'password_here')\n#1 /wordpress/wp-content/plugins/firestudio/shared/autoload.php(42): require_once('/wordpress/wp-c...')\n#2 /wordpress/wp-content/plugins/firestudio/plugin.php(48): require_once('/wordpress/wp-c...')\n#3 /wordpress/wp-admin/includes/plugin.php(2387): include_once('/wordpress/wp-c...')\n#4 /wordpress/wp-admin/includes/plugin.php(673): plugin_sandbox_scrape('firestudio/plug...')\n#5 /internal/eval.php(20): activate_plugin('firestudio/plug...')\n#6 {main}\n  thrown in /wordpress/wp-content/plugins/firestudio/shared/init.php on line 20","log":"/logs/plugins/f/festat-e-shqiperise/error.json"}
,
{"message":"Uncaught PDOException: SQLSTATE[HY000] [2002] Address family not supported by protocol in /wordpress/wp-content/plugins/firestudio/shared/init.php:20","level":"FATAL","type":"PHP","test":"asyncify-boot","plugin":"festat-e-shqiperise","details":"[03-May-2025 03:45:54 UTC] PHP Fatal error:  Uncaught PDOException: SQLSTATE[HY000] [2002] Address family not supported by protocol in /wordpress/wp-content/plugins/firestudio/shared/init.php:20\nStack trace:\n#0 /wordpress/wp-content/plugins/firestudio/shared/init.php(20): PDO->__construct('mysql:host=loca...', 'username_here', 'password_here')\n#1 /wordpress/wp-content/plugins/firestudio/shared/autoload.php(42): require_once('/wordpress/wp-c...')\n#2 /wordpress/wp-content/plugins/firestudio/plugin.php(48): require_once('/wordpress/wp-c...')\n#3 /wordpress/wp-admin/includes/plugin.php(2387): include_once('/wordpress/wp-c...')\n#4 /wordpress/wp-admin/includes/plugin.php(673): plugin_sandbox_scrape('firestudio/plug...')\n#5 /internal/eval.php(20): activate_plugin('firestudio/plug...')\n#6 {main}\n  thrown in /wordpress/wp-content/plugins/firestudio/shared/init.php on line 20","log":"/logs/plugins/f/festat-e-shqiperise/error.json"}
,
{"message":"Uncaught Error: Call to undefined function create_function() in /wordpress/wp-content/plugins/facebook-fanbox-widget/fanbox-widget.php:1","level":"FATAL","type":"PHP","test":"asyncify-boot","plugin":"festat-e-shqiperise","details":"[03-May-2025 03:47:07 UTC] PHP Fatal error:  Uncaught Error: Call to undefined function create_function() in /wordpress/wp-content/plugins/facebook-fanbox-widget/fanbox-widget.php:1\nStack trace:\n#0 /wordpress/wp-content/plugins/facebook-fanbox-widget/facebook-fanbox-widget.php(95): require_once()\n#1 /wordpress/wp-admin/includes/plugin.php(2387): include_once('/wordpress/wp-c...')\n#2 /wordpress/wp-admin/includes/plugin.php(673): plugin_sandbox_scrape('facebook-fanbox...')\n#3 /internal/eval.php(20): activate_plugin('facebook-fanbox...')\n#4 {main}\n  thrown in /wordpress/wp-content/plugins/facebook-fanbox-widget/fanbox-widget.php on line 1","log":"/logs/plugins/f/festat-e-shqiperise/error.json"}
,
{"message":"Uncaught Error: Call to undefined function create_function() in /wordpress/wp-content/plugins/facebook-fanbox-widget/fanbox-widget.php:1","level":"FATAL","type":"PHP","test":"asyncify-boot","plugin":"festat-e-shqiperise","details":"[03-May-2025 03:47:15 UTC] PHP Fatal error:  Uncaught Error: Call to undefined function create_function() in /wordpress/wp-content/plugins/facebook-fanbox-widget/fanbox-widget.php:1\nStack trace:\n#0 /wordpress/wp-content/plugins/facebook-fanbox-widget/facebook-fanbox-widget.php(95): require_once()\n#1 /wordpress/wp-admin/includes/plugin.php(2387): include_once('/wordpress/wp-c...')\n#2 /wordpress/wp-admin/includes/plugin.php(673): plugin_sandbox_scrape('facebook-fanbox...')\n#3 /internal/eval.php(20): activate_plugin('facebook-fanbox...')\n#4 {main}\n  thrown in /wordpress/wp-content/plugins/facebook-fanbox-widget/fanbox-widget.php on line 1","log":"/logs/plugins/f/festat-e-shqiperise/error.json"}
,
{"message":"Uncaught Error: Call to undefined function create_function() in /wordpress/wp-content/plugins/facebook-fanbox-widget/fanbox-widget.php:1","level":"FATAL","type":"PHP","test":"asyncify-boot","plugin":"festat-e-shqiperise","details":"[03-May-2025 03:47:23 UTC] PHP Fatal error:  Uncaught Error: Call to undefined function create_function() in /wordpress/wp-content/plugins/facebook-fanbox-widget/fanbox-widget.php:1\nStack trace:\n#0 /wordpress/wp-content/plugins/facebook-fanbox-widget/facebook-fanbox-widget.php(95): require_once()\n#1 /wordpress/wp-admin/includes/plugin.php(2387): include_once('/wordpress/wp-c...')\n#2 /wordpress/wp-admin/includes/plugin.php(673): plugin_sandbox_scrape('facebook-fanbox...')\n#3 /internal/eval.php(20): activate_plugin('facebook-fanbox...')\n#4 {main}\n  thrown in /wordpress/wp-content/plugins/facebook-fanbox-widget/fanbox-widget.php on line 1","log":"/logs/plugins/f/festat-e-shqiperise/error.json"}
,
{"message":"Uncaught ArgumentCountError: Too few arguments to function WP_Widget::__construct(), 0 passed in /wordpress/wp-includes/class-wp-widget-factory.php on line 62 and at least 2 expected in /wordpress/wp-includes/class-wp-widget.php:163","level":"FATAL","type":"PHP","test":"asyncify-boot","plugin":"festat-e-shqiperise","details":"[03-May-2025 03:49:59 UTC] PHP Fatal error:  Uncaught ArgumentCountError: Too few arguments to function WP_Widget::__construct(), 0 passed in /wordpress/wp-includes/class-wp-widget-factory.php on line 62 and at least 2 expected in /wordpress/wp-includes/class-wp-widget.php:163\nStack trace:\n#0 /wordpress/wp-includes/class-wp-widget-factory.php(62): WP_Widget->__construct()\n#1 /wordpress/wp-includes/widgets.php(123): WP_Widget_Factory->register('Flexible_Widget...')\n#2 /wordpress/wp-content/plugins/flexible-widgets/flexible-widgets.php(2368): register_widget('Flexible_Widget...')\n#3 /wordpress/wp-includes/class-wp-hook.php(324): flexible_widgets_init('')\n#4 /wordpress/wp-includes/class-wp-hook.php(348): WP_Hook->apply_filters(NULL, Array)\n#5 /wordpress/wp-includes/plugin.php(517): WP_Hook->do_action(Array)\n#6 /wordpress/wp-settings.php(727): do_action('init')\n#7 /wordpress/wp-config.php(102): require_once('/wordpress/wp-s...')\n#8 /wordpress/wp-load.php(50): require_once('/wordpress/wp-c...')\n#9 /internal/eval.php(3): require_once('/wordpress/wp-l...')\n#10 {main}\n  thrown in /wordpress/wp-includes/class-wp-widget.php on line 163","log":"/logs/plugins/f/festat-e-shqiperise/error.json"}
,
{"message":"Uncaught ArgumentCountError: Too few arguments to function WP_Widget::__construct(), 0 passed in /wordpress/wp-includes/class-wp-widget-factory.php on line 62 and at least 2 expected in /wordpress/wp-includes/class-wp-widget.php:163","level":"FATAL","type":"PHP","test":"asyncify-boot","plugin":"festat-e-shqiperise","details":"[03-May-2025 03:50:09 UTC] PHP Fatal error:  Uncaught ArgumentCountError: Too few arguments to function WP_Widget::__construct(), 0 passed in /wordpress/wp-includes/class-wp-widget-factory.php on line 62 and at least 2 expected in /wordpress/wp-includes/class-wp-widget.php:163\nStack trace:\n#0 /wordpress/wp-includes/class-wp-widget-factory.php(62): WP_Widget->__construct()\n#1 /wordpress/wp-includes/widgets.php(123): WP_Widget_Factory->register('Flexible_Widget...')\n#2 /wordpress/wp-content/plugins/flexible-widgets/flexible-widgets.php(2368): register_widget('Flexible_Widget...')\n#3 /wordpress/wp-includes/class-wp-hook.php(324): flexible_widgets_init('')\n#4 /wordpress/wp-includes/class-wp-hook.php(348): WP_Hook->apply_filters(NULL, Array)\n#5 /wordpress/wp-includes/plugin.php(517): WP_Hook->do_action(Array)\n#6 /wordpress/wp-settings.php(727): do_action('init')\n#7 /wordpress/wp-config.php(102): require_once('/wordpress/wp-s...')\n#8 /wordpress/wp-load.php(50): require_once('/wordpress/wp-c...')\n#9 /internal/eval.php(3): require_once('/wordpress/wp-l...')\n#10 {main}\n  thrown in /wordpress/wp-includes/class-wp-widget.php on line 163","log":"/logs/plugins/f/festat-e-shqiperise/error.json"}
,
{"message":"Uncaught ArgumentCountError: Too few arguments to function WP_Widget::__construct(), 0 passed in /wordpress/wp-includes/class-wp-widget-factory.php on line 62 and at least 2 expected in /wordpress/wp-includes/class-wp-widget.php:163","level":"FATAL","type":"PHP","test":"asyncify-boot","plugin":"festat-e-shqiperise","details":"[03-May-2025 03:50:17 UTC] PHP Fatal error:  Uncaught ArgumentCountError: Too few arguments to function WP_Widget::__construct(), 0 passed in /wordpress/wp-includes/class-wp-widget-factory.php on line 62 and at least 2 expected in /wordpress/wp-includes/class-wp-widget.php:163\nStack trace:\n#0 /wordpress/wp-includes/class-wp-widget-factory.php(62): WP_Widget->__construct()\n#1 /wordpress/wp-includes/widgets.php(123): WP_Widget_Factory->register('Flexible_Widget...')\n#2 /wordpress/wp-content/plugins/flexible-widgets/flexible-widgets.php(2368): register_widget('Flexible_Widget...')\n#3 /wordpress/wp-includes/class-wp-hook.php(324): flexible_widgets_init('')\n#4 /wordpress/wp-includes/class-wp-hook.php(348): WP_Hook->apply_filters(NULL, Array)\n#5 /wordpress/wp-includes/plugin.php(517): WP_Hook->do_action(Array)\n#6 /wordpress/wp-settings.php(727): do_action('init')\n#7 /wordpress/wp-config.php(102): require_once('/wordpress/wp-s...')\n#8 /wordpress/wp-load.php(50): require_once('/wordpress/wp-c...')\n#9 /internal/eval.php(3): require_once('/wordpress/wp-l...')\n#10 {main}\n  thrown in /wordpress/wp-includes/class-wp-widget.php on line 163","log":"/logs/plugins/f/festat-e-shqiperise/error.json"}
,
{"message":"Function _load_textdomain_just_in_time was called <strong>incorrectly</strong>. Translation loading for the <code>fv-community-news</code> domain was triggered too early. This is usually an indicator for some code in the plugin or theme running too early. Translations should be loaded at the <code>init</code> action or later. Please see <a href=\"https://developer.wordpress.org/advanced-administration/debug/debug-wordpress/\">Debugging in WordPress</a> for more information. (This message was added in version 6.7.0.) in /wordpress/wp-includes/functions.php on line 6121","level":"NOTICE","type":"PHP","test":"asyncify-boot","plugin":"festat-e-shqiperise","details":"[03-May-2025 03:51:13 UTC] PHP Notice:  Function _load_textdomain_just_in_time was called <strong>incorrectly</strong>. Translation loading for the <code>fv-community-news</code> domain was triggered too early. This is usually an indicator for some code in the plugin or theme running too early. Translations should be loaded at the <code>init</code> action or later. Please see <a href=\"https://developer.wordpress.org/advanced-administration/debug/debug-wordpress/\">Debugging in WordPress</a> for more information. (This message was added in version 6.7.0.) in /wordpress/wp-includes/functions.php on line 6121","log":"/logs/plugins/f/festat-e-shqiperise/error.json"}
,
{"message":"Uncaught TypeError: Exception::__construct(): Argument #2 ($code) must be of type int, string given in /wordpress/wp-content/plugins/fv-community-news/src/Syncer/Api/Request.php:55","level":"FATAL","type":"PHP","test":"asyncify-boot","plugin":"festat-e-shqiperise","details":"[03-May-2025 03:51:14 UTC] PHP Fatal error:  Uncaught TypeError: Exception::__construct(): Argument #2 ($code) must be of type int, string given in /wordpress/wp-content/plugins/fv-community-news/src/Syncer/Api/Request.php:55\nStack trace:\n#0 /wordpress/wp-content/plugins/fv-community-news/src/Syncer/Api/Request.php(55): Exception->__construct('cURL error 35: ...', 'http_request_fa...')\n#1 /wordpress/wp-content/plugins/fv-community-news/src/Version.php(57): FvCommunityNews\\Syncer\\Api\\Request->execute()\n#2 /wordpress/wp-content/plugins/fv-community-news/src/Installer.php(99): FvCommunityNews\\Version::getLatestVersion()\n#3 /wordpress/wp-content/plugins/fv-community-news/src/Hook/Init.php(99): FvCommunityNews\\Installer->hasUpdate()\n#4 /wordpress/wp-content/plugins/fv-community-news/src/Hook/Init.php(51): FvCommunityNews\\Hook\\Init->install()\n#5 /wordpress/wp-includes/class-wp-hook.php(324): FvCommunityNews\\Hook\\Init->doHook('')\n#6 /wordpress/wp-includes/class-wp-hook.php(348): WP_Hook->apply_filters(NULL, Array)\n#7 /wordpress/wp-includes/plugin.php(517): WP_Hook->do_action(Array)\n#8 /wordpress/wp-settings.php(727): do_action('init')\n#9 /wordpress/wp-config.php(102): require_once('/wordpress/wp-s...')\n#10 /wordpress/wp-load.php(50): require_once('/wordpress/wp-c...')\n#11 /internal/eval.php(3): require_once('/wordpress/wp-l...')\n#12 {main}\n  thrown in /wordpress/wp-content/plugins/fv-community-news/src/Syncer/Api/Request.php on line 55","log":"/logs/plugins/f/festat-e-shqiperise/error.json"}
,
{"message":"Function _load_textdomain_just_in_time was called <strong>incorrectly</strong>. Translation loading for the <code>fv-community-news</code> domain was triggered too early. This is usually an indicator for some code in the plugin or theme running too early. Translations should be loaded at the <code>init</code> action or later. Please see <a href=\"https://developer.wordpress.org/advanced-administration/debug/debug-wordpress/\">Debugging in WordPress</a> for more information. (This message was added in version 6.7.0.) in /wordpress/wp-includes/functions.php on line 6121","level":"NOTICE","type":"PHP","test":"asyncify-boot","plugin":"festat-e-shqiperise","details":"[03-May-2025 03:51:23 UTC] PHP Notice:  Function _load_textdomain_just_in_time was called <strong>incorrectly</strong>. Translation loading for the <code>fv-community-news</code> domain was triggered too early. This is usually an indicator for some code in the plugin or theme running too early. Translations should be loaded at the <code>init</code> action or later. Please see <a href=\"https://developer.wordpress.org/advanced-administration/debug/debug-wordpress/\">Debugging in WordPress</a> for more information. (This message was added in version 6.7.0.) in /wordpress/wp-includes/functions.php on line 6121","log":"/logs/plugins/f/festat-e-shqiperise/error.json"}
,
{"message":"Uncaught TypeError: Exception::__construct(): Argument #2 ($code) must be of type int, string given in /wordpress/wp-content/plugins/fv-community-news/src/Syncer/Api/Request.php:55","level":"FATAL","type":"PHP","test":"asyncify-boot","plugin":"festat-e-shqiperise","details":"[03-May-2025 03:51:24 UTC] PHP Fatal error:  Uncaught TypeError: Exception::__construct(): Argument #2 ($code) must be of type int, string given in /wordpress/wp-content/plugins/fv-community-news/src/Syncer/Api/Request.php:55\nStack trace:\n#0 /wordpress/wp-content/plugins/fv-community-news/src/Syncer/Api/Request.php(55): Exception->__construct('cURL error 35: ...', 'http_request_fa...')\n#1 /wordpress/wp-content/plugins/fv-community-news/src/Version.php(57): FvCommunityNews\\Syncer\\Api\\Request->execute()\n#2 /wordpress/wp-content/plugins/fv-community-news/src/Installer.php(99): FvCommunityNews\\Version::getLatestVersion()\n#3 /wordpress/wp-content/plugins/fv-community-news/src/Hook/Init.php(99): FvCommunityNews\\Installer->hasUpdate()\n#4 /wordpress/wp-content/plugins/fv-community-news/src/Hook/Init.php(51): FvCommunityNews\\Hook\\Init->install()\n#5 /wordpress/wp-includes/class-wp-hook.php(324): FvCommunityNews\\Hook\\Init->doHook('')\n#6 /wordpress/wp-includes/class-wp-hook.php(348): WP_Hook->apply_filters(NULL, Array)\n#7 /wordpress/wp-includes/plugin.php(517): WP_Hook->do_action(Array)\n#8 /wordpress/wp-settings.php(727): do_action('init')\n#9 /wordpress/wp-config.php(102): require_once('/wordpress/wp-s...')\n#10 /wordpress/wp-load.php(50): require_once('/wordpress/wp-c...')\n#11 /internal/eval.php(3): require_once('/wordpress/wp-l...')\n#12 {main}\n  thrown in /wordpress/wp-content/plugins/fv-community-news/src/Syncer/Api/Request.php on line 55","log":"/logs/plugins/f/festat-e-shqiperise/error.json"}
,
{"message":"Function _load_textdomain_just_in_time was called <strong>incorrectly</strong>. Translation loading for the <code>fv-community-news</code> domain was triggered too early. This is usually an indicator for some code in the plugin or theme running too early. Translations should be loaded at the <code>init</code> action or later. Please see <a href=\"https://developer.wordpress.org/advanced-administration/debug/debug-wordpress/\">Debugging in WordPress</a> for more information. (This message was added in version 6.7.0.) in /wordpress/wp-includes/functions.php on line 6121","level":"NOTICE","type":"PHP","test":"asyncify-boot","plugin":"festat-e-shqiperise","details":"[03-May-2025 03:51:33 UTC] PHP Notice:  Function _load_textdomain_just_in_time was called <strong>incorrectly</strong>. Translation loading for the <code>fv-community-news</code> domain was triggered too early. This is usually an indicator for some code in the plugin or theme running too early. Translations should be loaded at the <code>init</code> action or later. Please see <a href=\"https://developer.wordpress.org/advanced-administration/debug/debug-wordpress/\">Debugging in WordPress</a> for more information. (This message was added in version 6.7.0.) in /wordpress/wp-includes/functions.php on line 6121","log":"/logs/plugins/f/festat-e-shqiperise/error.json"}
,
{"message":"Uncaught TypeError: Exception::__construct(): Argument #2 ($code) must be of type int, string given in /wordpress/wp-content/plugins/fv-community-news/src/Syncer/Api/Request.php:55","level":"FATAL","type":"PHP","test":"asyncify-boot","plugin":"festat-e-shqiperise","details":"[03-May-2025 03:51:33 UTC] PHP Fatal error:  Uncaught TypeError: Exception::__construct(): Argument #2 ($code) must be of type int, string given in /wordpress/wp-content/plugins/fv-community-news/src/Syncer/Api/Request.php:55\nStack trace:\n#0 /wordpress/wp-content/plugins/fv-community-news/src/Syncer/Api/Request.php(55): Exception->__construct('cURL error 35: ...', 'http_request_fa...')\n#1 /wordpress/wp-content/plugins/fv-community-news/src/Version.php(57): FvCommunityNews\\Syncer\\Api\\Request->execute()\n#2 /wordpress/wp-content/plugins/fv-community-news/src/Installer.php(99): FvCommunityNews\\Version::getLatestVersion()\n#3 /wordpress/wp-content/plugins/fv-community-news/src/Hook/Init.php(99): FvCommunityNews\\Installer->hasUpdate()\n#4 /wordpress/wp-content/plugins/fv-community-news/src/Hook/Init.php(51): FvCommunityNews\\Hook\\Init->install()\n#5 /wordpress/wp-includes/class-wp-hook.php(324): FvCommunityNews\\Hook\\Init->doHook('')\n#6 /wordpress/wp-includes/class-wp-hook.php(348): WP_Hook->apply_filters(NULL, Array)\n#7 /wordpress/wp-includes/plugin.php(517): WP_Hook->do_action(Array)\n#8 /wordpress/wp-settings.php(727): do_action('init')\n#9 /wordpress/wp-config.php(102): require_once('/wordpress/wp-s...')\n#10 /wordpress/wp-load.php(50): require_once('/wordpress/wp-c...')\n#11 /internal/eval.php(3): require_once('/wordpress/wp-l...')\n#12 {main}\n  thrown in /wordpress/wp-content/plugins/fv-community-news/src/Syncer/Api/Request.php on line 55","log":"/logs/plugins/f/festat-e-shqiperise/error.json"}
,
{"message":"Uncaught Error: Call to undefined function create_function() in /wordpress/wp-content/plugins/festat-e-shqiperise/festat.php:110","level":"FATAL","type":"PHP","test":"asyncify-boot","plugin":"festat-e-shqiperise","details":"[03-May-2025 03:53:46 UTC] PHP Fatal error:  Uncaught Error: Call to undefined function create_function() in /wordpress/wp-content/plugins/festat-e-shqiperise/festat.php:110\nStack trace:\n#0 /wordpress/wp-admin/includes/plugin.php(2387): include_once()\n#1 /wordpress/wp-admin/includes/plugin.php(673): plugin_sandbox_scrape('festat-e-shqipe...')\n#2 /internal/eval.php(20): activate_plugin('festat-e-shqipe...')\n#3 {main}\n  thrown in /wordpress/wp-content/plugins/festat-e-shqiperise/festat.php on line 110","log":"/logs/plugins/f/festat-e-shqiperise/error.json"}
,
{"message":"Uncaught Error: Call to undefined function create_function() in /wordpress/wp-content/plugins/festat-e-shqiperise/festat.php:110","level":"FATAL","type":"PHP","test":"asyncify-boot","plugin":"festat-e-shqiperise","details":"[03-May-2025 03:53:54 UTC] PHP Fatal error:  Uncaught Error: Call to undefined function create_function() in /wordpress/wp-content/plugins/festat-e-shqiperise/festat.php:110\nStack trace:\n#0 /wordpress/wp-admin/includes/plugin.php(2387): include_once()\n#1 /wordpress/wp-admin/includes/plugin.php(673): plugin_sandbox_scrape('festat-e-shqipe...')\n#2 /internal/eval.php(20): activate_plugin('festat-e-shqipe...')\n#3 {main}\n  thrown in /wordpress/wp-content/plugins/festat-e-shqiperise/festat.php on line 110\n\n    at Object.onBind (file:///home/runner/work/playground-tester/playground-tester/node_modules/@wp-playground/cli/index.js:237:15)\n    at process.processTicksAndRejections (node:internal/process/task_queues:105:5)\n    at async V (file:///home/runner/work/playground-tester/playground-tester/node_modules/@wp-playground/cli/index.js:64:10)\n    at async ja (file:///home/runner/work/playground-tester/playground-tester/node_modules/@wp-playground/cli/cli.js:8161:12) {\n  [cause]: Error: Error when executing the blueprint step #1 ({\"step\":\"installPlugin\",\"pluginData\":{\"resource\":\"wordpress.org/plugins\",\"slug\":\"festat-e-shqiperise\"},\"options\":{\"activate\":true}}) : PHP.run() failed with exit code 255 and the following output: \n      at Object.run (file:///home/runner/work/playground-tester/playground-tester/node_modules/@wp-playground/blueprints/index.js:12449:19)\n      at process.processTicksAndRejections (node:internal/process/task_queues:105:5)\n      at async ms (file:///home/runner/work/playground-tester/playground-tester/node_modules/@wp-playground/blueprints/index.js:12552:3)\n      ... 2 lines matching cause stack trace ...\n      at async ja (file:///home/runner/work/playground-tester/playground-tester/node_modules/@wp-playground/cli/cli.js:8161:12) {\n    [cause]: PHPExecutionFailureError: PHP.run() failed with exit code 255 and the following output: \n        at PHP.run (file:///home/runner/work/playground-tester/playground-tester/node_modules/@php-wasm/universal/index.js:987:19)\n        at process.processTicksAndRejections (node:internal/process/task_queues:105:5)\n        at async wr (file:///home/runner/work/playground-tester/playground-tester/node_modules/@wp-playground/blueprints/index.js:33:39)\n        at async Object.gt [as installPlugin] (file:///home/runner/work/playground-tester/playground-tester/node_modules/@wp-playground/blueprints/index.js:974:42)\n        at async g (file:///home/runner/work/playground-tester/playground-tester/node_modules/@wp-playground/blueprints/index.js:12517:30)\n        at async Object.run (file:///home/runner/work/playground-tester/playground-tester/node_modules/@wp-playground/blueprints/index.js:12446:23)\n        at async ms (file:///home/runner/work/playground-tester/playground-tester/node_modules/@wp-playground/blueprints/index.js:12552:3)\n        at async Object.onBind (file:///home/runner/work/playground-tester/playground-tester/node_modules/@wp-playground/cli/index.js:227:48)\n        at async V (file:///home/runner/work/playground-tester/playground-tester/node_modules/@wp-playground/cli/index.js:64:10)\n        at async ja (file:///home/runner/work/playground-tester/playground-tester/node_modules/@wp-playground/cli/cli.js:8161:12) {\n      response: PHPResponse {\n        httpStatusCode: 500,\n        headers: {\n          'x-powered-by': [ 'PHP/8.0.30-dev' ],\n          'content-type': [ 'text/html; charset=UTF-8' ]\n        },\n        bytes: Uint8Array(0) [],\n        exitCode: 255,\n        errors: ''\n      },\n      source: 'request'\n    }\n  }\n}\n\n","log":"/logs/plugins/f/festat-e-shqiperise/error.json"}
]
