[
  {
    "message": "file:///home/runner/work/playground-tester/playground-tester/node_modules/@wp-playground/cli/index.js:237\n        throw new Error(y, { cause: u });\n              ^\n",
    "level": "FATAL",
    "type": "PLAYGROUND",
    "test": "ast-sqlite-boot",
    "plugin": "convers8",
    "details": "file:///home/runner/work/playground-tester/playground-tester/node_modules/@wp-playground/cli/index.js:237\n        throw new Error(y, { cause: u });\n              ^\n",
    "log": "/tmp/tmp.oBFOBoK2Qm"
  },
  {
    "message": "Function _load_textdomain_just_in_time was called <strong>incorrectly</strong>. Translation loading for the <code>woocommerce</code> domain was triggered too early. This is usually an indicator for some code in the plugin or theme running too early. Translations should be loaded at the <code>init</code> action or later. Please see <a href=\"https://developer.wordpress.org/advanced-administration/debug/debug-wordpress/\">Debugging in WordPress</a> for more information. (This message was added in version 6.7.0.) in /wordpress/wp-includes/functions.php on line 6121",
    "level": "NOTICE",
    "type": "PHP",
    "test": "ast-sqlite-boot",
    "plugin": "convers8",
    "details": "[10-May-2025 13:33:15 UTC] PHP Notice:  Function _load_textdomain_just_in_time was called <strong>incorrectly</strong>. Translation loading for the <code>woocommerce</code> domain was triggered too early. This is usually an indicator for some code in the plugin or theme running too early. Translations should be loaded at the <code>init</code> action or later. Please see <a href=\"https://developer.wordpress.org/advanced-administration/debug/debug-wordpress/\">Debugging in WordPress</a> for more information. (This message was added in version 6.7.0.) in /wordpress/wp-includes/functions.php on line 6121",
    "log": "/logs/plugins/c/convers8/error.json"
  },
  {
    "message": "Function _load_textdomain_just_in_time was called <strong>incorrectly</strong>. Translation loading for the <code>woocommerce</code> domain was triggered too early. This is usually an indicator for some code in the plugin or theme running too early. Translations should be loaded at the <code>init</code> action or later. Please see <a href=\"https://developer.wordpress.org/advanced-administration/debug/debug-wordpress/\">Debugging in WordPress</a> for more information. (This message was added in version 6.7.0.) in /wordpress/wp-includes/functions.php on line 6121",
    "level": "NOTICE",
    "type": "PHP",
    "test": "ast-sqlite-boot",
    "plugin": "convers8",
    "details": "[10-May-2025 13:33:56 UTC] PHP Notice:  Function _load_textdomain_just_in_time was called <strong>incorrectly</strong>. Translation loading for the <code>woocommerce</code> domain was triggered too early. This is usually an indicator for some code in the plugin or theme running too early. Translations should be loaded at the <code>init</code> action or later. Please see <a href=\"https://developer.wordpress.org/advanced-administration/debug/debug-wordpress/\">Debugging in WordPress</a> for more information. (This message was added in version 6.7.0.) in /wordpress/wp-includes/functions.php on line 6121",
    "log": "/logs/plugins/c/convers8/error.json"
  },
  {
    "message": "Function _load_textdomain_just_in_time was called <strong>incorrectly</strong>. Translation loading for the <code>woocommerce</code> domain was triggered too early. This is usually an indicator for some code in the plugin or theme running too early. Translations should be loaded at the <code>init</code> action or later. Please see <a href=\"https://developer.wordpress.org/advanced-administration/debug/debug-wordpress/\">Debugging in WordPress</a> for more information. (This message was added in version 6.7.0.) in /wordpress/wp-includes/functions.php on line 6121",
    "level": "NOTICE",
    "type": "PHP",
    "test": "ast-sqlite-boot",
    "plugin": "convers8",
    "details": "[10-May-2025 13:34:37 UTC] PHP Notice:  Function _load_textdomain_just_in_time was called <strong>incorrectly</strong>. Translation loading for the <code>woocommerce</code> domain was triggered too early. This is usually an indicator for some code in the plugin or theme running too early. Translations should be loaded at the <code>init</code> action or later. Please see <a href=\"https://developer.wordpress.org/advanced-administration/debug/debug-wordpress/\">Debugging in WordPress</a> for more information. (This message was added in version 6.7.0.) in /wordpress/wp-includes/functions.php on line 6121",
    "log": "/logs/plugins/c/convers8/error.json"
  },
  {
    "message": "Uncaught Error: Call to undefined function create_function() in /wordpress/wp-content/plugins/cnet-api-search/cnet-api-search.php:187",
    "level": "FATAL",
    "type": "PHP",
    "test": "ast-sqlite-boot",
    "plugin": "convers8",
    "details": "[10-May-2025 13:37:24 UTC] PHP Fatal error:  Uncaught Error: Call to undefined function create_function() in /wordpress/wp-content/plugins/cnet-api-search/cnet-api-search.php:187\nStack trace:\n#0 /wordpress/wp-admin/includes/plugin.php(2387): include_once()\n#1 /wordpress/wp-admin/includes/plugin.php(673): plugin_sandbox_scrape('cnet-api-search...')\n#2 /internal/eval.php(20): activate_plugin('cnet-api-search...')\n#3 {main}\n  thrown in /wordpress/wp-content/plugins/cnet-api-search/cnet-api-search.php on line 187",
    "log": "/logs/plugins/c/convers8/error.json"
  },
  {
    "message": "Uncaught Error: Call to undefined function create_function() in /wordpress/wp-content/plugins/cnet-api-search/cnet-api-search.php:187",
    "level": "FATAL",
    "type": "PHP",
    "test": "ast-sqlite-boot",
    "plugin": "convers8",
    "details": "[10-May-2025 13:37:31 UTC] PHP Fatal error:  Uncaught Error: Call to undefined function create_function() in /wordpress/wp-content/plugins/cnet-api-search/cnet-api-search.php:187\nStack trace:\n#0 /wordpress/wp-admin/includes/plugin.php(2387): include_once()\n#1 /wordpress/wp-admin/includes/plugin.php(673): plugin_sandbox_scrape('cnet-api-search...')\n#2 /internal/eval.php(20): activate_plugin('cnet-api-search...')\n#3 {main}\n  thrown in /wordpress/wp-content/plugins/cnet-api-search/cnet-api-search.php on line 187",
    "log": "/logs/plugins/c/convers8/error.json"
  },
  {
    "message": "Uncaught Error: Call to undefined function create_function() in /wordpress/wp-content/plugins/cnet-api-search/cnet-api-search.php:187",
    "level": "FATAL",
    "type": "PHP",
    "test": "ast-sqlite-boot",
    "plugin": "convers8",
    "details": "[10-May-2025 13:37:38 UTC] PHP Fatal error:  Uncaught Error: Call to undefined function create_function() in /wordpress/wp-content/plugins/cnet-api-search/cnet-api-search.php:187\nStack trace:\n#0 /wordpress/wp-admin/includes/plugin.php(2387): include_once()\n#1 /wordpress/wp-admin/includes/plugin.php(673): plugin_sandbox_scrape('cnet-api-search...')\n#2 /internal/eval.php(20): activate_plugin('cnet-api-search...')\n#3 {main}\n  thrown in /wordpress/wp-content/plugins/cnet-api-search/cnet-api-search.php on line 187",
    "log": "/logs/plugins/c/convers8/error.json"
  },
  {
    "message": "Uncaught Error: Undefined constant \"gzinflate\" in /wordpress/wp-content/plugins/college-football-d1aa-team-stats/extlib/Snoopy.class.inc:426",
    "level": "FATAL",
    "type": "PHP",
    "test": "ast-sqlite-boot",
    "plugin": "convers8",
    "details": "[10-May-2025 13:37:47 UTC] PHP Fatal error:  Uncaught Error: Undefined constant \"gzinflate\" in /wordpress/wp-content/plugins/college-football-d1aa-team-stats/extlib/Snoopy.class.inc:426\nStack trace:\n#0 /wordpress/wp-content/plugins/college-football-d1aa-team-stats/extlib/Snoopy.class.inc(152): AutoBlogSnoopy->_httprequest('/cfbd1aa_stats_...', Resource id #603, 'http://www.ibet...', 'GET')\n#1 /wordpress/wp-content/plugins/college-football-d1aa-team-stats/rss_fetch.inc(277): AutoBlogSnoopy->fetch('http://www.ibet...')\n#2 /wordpress/wp-content/plugins/college-football-d1aa-team-stats/rss_fetch.inc(99): _cfb_d1aa_fetch_remote_file('http://www.ibet...')\n#3 /wordpress/wp-content/plugins/college-football-d1aa-team-stats/cfb-d1aa-team-stats.php(60): cfb_d1aa_fetch_rss('http://www.ibet...')\n#4 /wordpress/wp-includes/class-wp-hook.php(324): cfb_d1aa_stats_install(false)\n#5 /wordpress/wp-includes/class-wp-hook.php(348): WP_Hook->apply_filters('', Array)\n#6 /wordpress/wp-includes/plugin.php(517): WP_Hook->do_action(Array)\n#7 /wordpress/wp-admin/includes/plugin.php(703): do_action('activate_colleg...', false)\n#8 /internal/eval.php(20): activate_plugin('college-footbal...')\n#9 {main}\n  thrown in /wordpress/wp-content/plugins/college-football-d1aa-team-stats/extlib/Snoopy.class.inc on line 426",
    "log": "/logs/plugins/c/convers8/error.json"
  },
  {
    "message": "Uncaught Error: Undefined constant \"gzinflate\" in /wordpress/wp-content/plugins/college-football-d1aa-team-stats/extlib/Snoopy.class.inc:426",
    "level": "FATAL",
    "type": "PHP",
    "test": "ast-sqlite-boot",
    "plugin": "convers8",
    "details": "[10-May-2025 13:37:55 UTC] PHP Fatal error:  Uncaught Error: Undefined constant \"gzinflate\" in /wordpress/wp-content/plugins/college-football-d1aa-team-stats/extlib/Snoopy.class.inc:426\nStack trace:\n#0 /wordpress/wp-content/plugins/college-football-d1aa-team-stats/extlib/Snoopy.class.inc(152): AutoBlogSnoopy->_httprequest('/cfbd1aa_stats_...', Resource id #487, 'http://www.ibet...', 'GET')\n#1 /wordpress/wp-content/plugins/college-football-d1aa-team-stats/rss_fetch.inc(277): AutoBlogSnoopy->fetch('http://www.ibet...')\n#2 /wordpress/wp-content/plugins/college-football-d1aa-team-stats/rss_fetch.inc(99): _cfb_d1aa_fetch_remote_file('http://www.ibet...')\n#3 /wordpress/wp-content/plugins/college-football-d1aa-team-stats/cfb-d1aa-team-stats.php(60): cfb_d1aa_fetch_rss('http://www.ibet...')\n#4 /wordpress/wp-includes/class-wp-hook.php(324): cfb_d1aa_stats_install(false)\n#5 /wordpress/wp-includes/class-wp-hook.php(348): WP_Hook->apply_filters('', Array)\n#6 /wordpress/wp-includes/plugin.php(517): WP_Hook->do_action(Array)\n#7 /wordpress/wp-admin/includes/plugin.php(703): do_action('activate_colleg...', false)\n#8 /internal/eval.php(20): activate_plugin('college-footbal...')\n#9 {main}\n  thrown in /wordpress/wp-content/plugins/college-football-d1aa-team-stats/extlib/Snoopy.class.inc on line 426",
    "log": "/logs/plugins/c/convers8/error.json"
  },
  {
    "message": "Uncaught Error: Undefined constant \"gzinflate\" in /wordpress/wp-content/plugins/college-football-d1aa-team-stats/extlib/Snoopy.class.inc:426",
    "level": "FATAL",
    "type": "PHP",
    "test": "ast-sqlite-boot",
    "plugin": "convers8",
    "details": "[10-May-2025 13:38:02 UTC] PHP Fatal error:  Uncaught Error: Undefined constant \"gzinflate\" in /wordpress/wp-content/plugins/college-football-d1aa-team-stats/extlib/Snoopy.class.inc:426\nStack trace:\n#0 /wordpress/wp-content/plugins/college-football-d1aa-team-stats/extlib/Snoopy.class.inc(152): AutoBlogSnoopy->_httprequest('/cfbd1aa_stats_...', Resource id #487, 'http://www.ibet...', 'GET')\n#1 /wordpress/wp-content/plugins/college-football-d1aa-team-stats/rss_fetch.inc(277): AutoBlogSnoopy->fetch('http://www.ibet...')\n#2 /wordpress/wp-content/plugins/college-football-d1aa-team-stats/rss_fetch.inc(99): _cfb_d1aa_fetch_remote_file('http://www.ibet...')\n#3 /wordpress/wp-content/plugins/college-football-d1aa-team-stats/cfb-d1aa-team-stats.php(60): cfb_d1aa_fetch_rss('http://www.ibet...')\n#4 /wordpress/wp-includes/class-wp-hook.php(324): cfb_d1aa_stats_install(false)\n#5 /wordpress/wp-includes/class-wp-hook.php(348): WP_Hook->apply_filters('', Array)\n#6 /wordpress/wp-includes/plugin.php(517): WP_Hook->do_action(Array)\n#7 /wordpress/wp-admin/includes/plugin.php(703): do_action('activate_colleg...', false)\n#8 /internal/eval.php(20): activate_plugin('college-footbal...')\n#9 {main}\n  thrown in /wordpress/wp-content/plugins/college-football-d1aa-team-stats/extlib/Snoopy.class.inc on line 426",
    "log": "/logs/plugins/c/convers8/error.json"
  },
  {
    "message": "Undefined array key \"HTTP_USER_AGENT\" in /wordpress/wp-content/plugins/contact-switcheroo/contact-switcheroo.php on line 11",
    "level": "WARNING",
    "type": "PHP",
    "test": "ast-sqlite-boot",
    "plugin": "convers8",
    "details": "[10-May-2025 13:39:35 UTC] PHP Warning:  Undefined array key \"HTTP_USER_AGENT\" in /wordpress/wp-content/plugins/contact-switcheroo/contact-switcheroo.php on line 11",
    "log": "/logs/plugins/c/convers8/error.json"
  },
  {
    "message": "Undefined array key \"HTTP_USER_AGENT\" in /wordpress/wp-content/plugins/contact-switcheroo/contact-switcheroo.php on line 11",
    "level": "WARNING",
    "type": "PHP",
    "test": "ast-sqlite-boot",
    "plugin": "convers8",
    "details": "[10-May-2025 13:39:36 UTC] PHP Warning:  Undefined array key \"HTTP_USER_AGENT\" in /wordpress/wp-content/plugins/contact-switcheroo/contact-switcheroo.php on line 11",
    "log": "/logs/plugins/c/convers8/error.json"
  },
  {
    "message": "Undefined array key \"HTTP_USER_AGENT\" in /wordpress/wp-content/plugins/contact-switcheroo/contact-switcheroo.php on line 11",
    "level": "WARNING",
    "type": "PHP",
    "test": "ast-sqlite-boot",
    "plugin": "convers8",
    "details": "[10-May-2025 13:39:44 UTC] PHP Warning:  Undefined array key \"HTTP_USER_AGENT\" in /wordpress/wp-content/plugins/contact-switcheroo/contact-switcheroo.php on line 11",
    "log": "/logs/plugins/c/convers8/error.json"
  },
  {
    "message": "Undefined array key \"HTTP_USER_AGENT\" in /wordpress/wp-content/plugins/contact-switcheroo/contact-switcheroo.php on line 11",
    "level": "WARNING",
    "type": "PHP",
    "test": "ast-sqlite-boot",
    "plugin": "convers8",
    "details": "[10-May-2025 13:39:45 UTC] PHP Warning:  Undefined array key \"HTTP_USER_AGENT\" in /wordpress/wp-content/plugins/contact-switcheroo/contact-switcheroo.php on line 11",
    "log": "/logs/plugins/c/convers8/error.json"
  },
  {
    "message": "Undefined array key \"HTTP_USER_AGENT\" in /wordpress/wp-content/plugins/contact-switcheroo/contact-switcheroo.php on line 11",
    "level": "WARNING",
    "type": "PHP",
    "test": "ast-sqlite-boot",
    "plugin": "convers8",
    "details": "[10-May-2025 13:39:53 UTC] PHP Warning:  Undefined array key \"HTTP_USER_AGENT\" in /wordpress/wp-content/plugins/contact-switcheroo/contact-switcheroo.php on line 11",
    "log": "/logs/plugins/c/convers8/error.json"
  },
  {
    "message": "Undefined array key \"HTTP_USER_AGENT\" in /wordpress/wp-content/plugins/contact-switcheroo/contact-switcheroo.php on line 11",
    "level": "WARNING",
    "type": "PHP",
    "test": "ast-sqlite-boot",
    "plugin": "convers8",
    "details": "[10-May-2025 13:39:54 UTC] PHP Warning:  Undefined array key \"HTTP_USER_AGENT\" in /wordpress/wp-content/plugins/contact-switcheroo/contact-switcheroo.php on line 11",
    "log": "/logs/plugins/c/convers8/error.json"
  },
  {
    "message": "Required parameter $convers8_user_id follows optional parameter $status in /wordpress/wp-content/plugins/convers8/connect.php on line 80",
    "level": "DEPRECATED",
    "type": "PHP",
    "test": "ast-sqlite-boot",
    "plugin": "convers8",
    "details": "[10-May-2025 13:40:03 UTC] PHP Deprecated:  Required parameter $convers8_user_id follows optional parameter $status in /wordpress/wp-content/plugins/convers8/connect.php on line 80",
    "log": "/logs/plugins/c/convers8/error.json"
  },
  {
    "message": "File registration.php is <strong>deprecated</strong> since version 3.1.0 with no alternative available. This file no longer needs to be included. in /wordpress/wp-includes/functions.php on line 6121",
    "level": "DEPRECATED",
    "type": "PHP",
    "test": "ast-sqlite-boot",
    "plugin": "convers8",
    "details": "[10-May-2025 13:40:03 UTC] PHP Deprecated:  File registration.php is <strong>deprecated</strong> since version 3.1.0 with no alternative available. This file no longer needs to be included. in /wordpress/wp-includes/functions.php on line 6121",
    "log": "/logs/plugins/c/convers8/error.json"
  },
  {
    "message": "Uncaught Error: Undefined constant \"CONVERS8_LOGIN_FAILED\" in /wordpress/wp-content/plugins/convers8/connect.php:4",
    "level": "FATAL",
    "type": "PHP",
    "test": "ast-sqlite-boot",
    "plugin": "convers8",
    "details": "[10-May-2025 13:40:03 UTC] PHP Fatal error:  Uncaught Error: Undefined constant \"CONVERS8_LOGIN_FAILED\" in /wordpress/wp-content/plugins/convers8/connect.php:4\nStack trace:\n#0 /wordpress/wp-content/plugins/convers8/Convers8.php(20): include_once()\n#1 /wordpress/wp-admin/includes/plugin.php(2387): include_once('/wordpress/wp-c...')\n#2 /wordpress/wp-admin/includes/plugin.php(673): plugin_sandbox_scrape('convers8/Conver...')\n#3 /internal/eval.php(20): activate_plugin('convers8/Conver...')\n#4 {main}\n  thrown in /wordpress/wp-content/plugins/convers8/connect.php on line 4\n\n    at Object.onBind (file:///home/runner/work/playground-tester/playground-tester/node_modules/@wp-playground/cli/index.js:237:15)\n    at process.processTicksAndRejections (node:internal/process/task_queues:105:5)\n    at async V (file:///home/runner/work/playground-tester/playground-tester/node_modules/@wp-playground/cli/index.js:64:10)\n    at async ja (file:///home/runner/work/playground-tester/playground-tester/node_modules/@wp-playground/cli/cli.js:8161:12) {\n  [cause]: Error: Error when executing the blueprint step #5 ({\"step\":\"installPlugin\",\"pluginData\":{\"resource\":\"wordpress.org/plugins\",\"slug\":\"convers8\"},\"options\":{\"activate\":true}}) : PHP.run() failed with exit code 255 and the following output: \n      at Object.run (file:///home/runner/work/playground-tester/playground-tester/node_modules/@wp-playground/blueprints/index.js:12449:19)\n      at process.processTicksAndRejections (node:internal/process/task_queues:105:5)\n      at async ms (file:///home/runner/work/playground-tester/playground-tester/node_modules/@wp-playground/blueprints/index.js:12552:3)\n      ... 2 lines matching cause stack trace ...\n      at async ja (file:///home/runner/work/playground-tester/playground-tester/node_modules/@wp-playground/cli/cli.js:8161:12) {\n    [cause]: PHPExecutionFailureError: PHP.run() failed with exit code 255 and the following output: \n        at PHP.run (file:///home/runner/work/playground-tester/playground-tester/node_modules/@php-wasm/universal/index.js:987:19)\n        at process.processTicksAndRejections (node:internal/process/task_queues:105:5)\n        at async wr (file:///home/runner/work/playground-tester/playground-tester/node_modules/@wp-playground/blueprints/index.js:33:39)\n        at async Object.gt [as installPlugin] (file:///home/runner/work/playground-tester/playground-tester/node_modules/@wp-playground/blueprints/index.js:974:42)\n        at async g (file:///home/runner/work/playground-tester/playground-tester/node_modules/@wp-playground/blueprints/index.js:12517:30)\n        at async Object.run (file:///home/runner/work/playground-tester/playground-tester/node_modules/@wp-playground/blueprints/index.js:12446:23)\n        at async ms (file:///home/runner/work/playground-tester/playground-tester/node_modules/@wp-playground/blueprints/index.js:12552:3)\n        at async Object.onBind (file:///home/runner/work/playground-tester/playground-tester/node_modules/@wp-playground/cli/index.js:227:48)\n        at async V (file:///home/runner/work/playground-tester/playground-tester/node_modules/@wp-playground/cli/index.js:64:10)\n        at async ja (file:///home/runner/work/playground-tester/playground-tester/node_modules/@wp-playground/cli/cli.js:8161:12) {\n      response: PHPResponse {\n        httpStatusCode: 500,\n        headers: {\n          'x-powered-by': [ 'PHP/8.0.30-dev' ],\n          'content-type': [ 'text/html; charset=UTF-8' ]\n        },\n        bytes: Uint8Array(0) [],\n        exitCode: 255,\n        errors: ''\n      },\n      source: 'request'\n    }\n  }\n}\n\n",
    "log": "/logs/plugins/c/convers8/error.json"
  },
  {
    "message": "file:///home/runner/work/playground-tester/playground-tester/node_modules/@wp-playground/cli/index.js:237\n        throw new Error(y, { cause: u });\n              ^\n",
    "level": "FATAL",
    "type": "PLAYGROUND",
    "test": "asyncify-boot",
    "plugin": "convers8",
    "details": "file:///home/runner/work/playground-tester/playground-tester/node_modules/@wp-playground/cli/index.js:237\n        throw new Error(y, { cause: u });\n              ^\n",
    "log": "/tmp/tmp.YUWx1R3DMY"
  },
  {
    "message": "Function _load_textdomain_just_in_time was called <strong>incorrectly</strong>. Translation loading for the <code>woocommerce</code> domain was triggered too early. This is usually an indicator for some code in the plugin or theme running too early. Translations should be loaded at the <code>init</code> action or later. Please see <a href=\"https://developer.wordpress.org/advanced-administration/debug/debug-wordpress/\">Debugging in WordPress</a> for more information. (This message was added in version 6.7.0.) in /wordpress/wp-includes/functions.php on line 6121",
    "level": "NOTICE",
    "type": "PHP",
    "test": "asyncify-boot",
    "plugin": "convers8",
    "details": "[10-May-2025 13:33:15 UTC] PHP Notice:  Function _load_textdomain_just_in_time was called <strong>incorrectly</strong>. Translation loading for the <code>woocommerce</code> domain was triggered too early. This is usually an indicator for some code in the plugin or theme running too early. Translations should be loaded at the <code>init</code> action or later. Please see <a href=\"https://developer.wordpress.org/advanced-administration/debug/debug-wordpress/\">Debugging in WordPress</a> for more information. (This message was added in version 6.7.0.) in /wordpress/wp-includes/functions.php on line 6121",
    "log": "/logs/plugins/c/convers8/error.json"
  },
  {
    "message": "Function _load_textdomain_just_in_time was called <strong>incorrectly</strong>. Translation loading for the <code>woocommerce</code> domain was triggered too early. This is usually an indicator for some code in the plugin or theme running too early. Translations should be loaded at the <code>init</code> action or later. Please see <a href=\"https://developer.wordpress.org/advanced-administration/debug/debug-wordpress/\">Debugging in WordPress</a> for more information. (This message was added in version 6.7.0.) in /wordpress/wp-includes/functions.php on line 6121",
    "level": "NOTICE",
    "type": "PHP",
    "test": "asyncify-boot",
    "plugin": "convers8",
    "details": "[10-May-2025 13:33:56 UTC] PHP Notice:  Function _load_textdomain_just_in_time was called <strong>incorrectly</strong>. Translation loading for the <code>woocommerce</code> domain was triggered too early. This is usually an indicator for some code in the plugin or theme running too early. Translations should be loaded at the <code>init</code> action or later. Please see <a href=\"https://developer.wordpress.org/advanced-administration/debug/debug-wordpress/\">Debugging in WordPress</a> for more information. (This message was added in version 6.7.0.) in /wordpress/wp-includes/functions.php on line 6121",
    "log": "/logs/plugins/c/convers8/error.json"
  },
  {
    "message": "Function _load_textdomain_just_in_time was called <strong>incorrectly</strong>. Translation loading for the <code>woocommerce</code> domain was triggered too early. This is usually an indicator for some code in the plugin or theme running too early. Translations should be loaded at the <code>init</code> action or later. Please see <a href=\"https://developer.wordpress.org/advanced-administration/debug/debug-wordpress/\">Debugging in WordPress</a> for more information. (This message was added in version 6.7.0.) in /wordpress/wp-includes/functions.php on line 6121",
    "level": "NOTICE",
    "type": "PHP",
    "test": "asyncify-boot",
    "plugin": "convers8",
    "details": "[10-May-2025 13:34:37 UTC] PHP Notice:  Function _load_textdomain_just_in_time was called <strong>incorrectly</strong>. Translation loading for the <code>woocommerce</code> domain was triggered too early. This is usually an indicator for some code in the plugin or theme running too early. Translations should be loaded at the <code>init</code> action or later. Please see <a href=\"https://developer.wordpress.org/advanced-administration/debug/debug-wordpress/\">Debugging in WordPress</a> for more information. (This message was added in version 6.7.0.) in /wordpress/wp-includes/functions.php on line 6121",
    "log": "/logs/plugins/c/convers8/error.json"
  },
  {
    "message": "Uncaught Error: Call to undefined function create_function() in /wordpress/wp-content/plugins/cnet-api-search/cnet-api-search.php:187",
    "level": "FATAL",
    "type": "PHP",
    "test": "asyncify-boot",
    "plugin": "convers8",
    "details": "[10-May-2025 13:37:24 UTC] PHP Fatal error:  Uncaught Error: Call to undefined function create_function() in /wordpress/wp-content/plugins/cnet-api-search/cnet-api-search.php:187\nStack trace:\n#0 /wordpress/wp-admin/includes/plugin.php(2387): include_once()\n#1 /wordpress/wp-admin/includes/plugin.php(673): plugin_sandbox_scrape('cnet-api-search...')\n#2 /internal/eval.php(20): activate_plugin('cnet-api-search...')\n#3 {main}\n  thrown in /wordpress/wp-content/plugins/cnet-api-search/cnet-api-search.php on line 187",
    "log": "/logs/plugins/c/convers8/error.json"
  },
  {
    "message": "Uncaught Error: Call to undefined function create_function() in /wordpress/wp-content/plugins/cnet-api-search/cnet-api-search.php:187",
    "level": "FATAL",
    "type": "PHP",
    "test": "asyncify-boot",
    "plugin": "convers8",
    "details": "[10-May-2025 13:37:31 UTC] PHP Fatal error:  Uncaught Error: Call to undefined function create_function() in /wordpress/wp-content/plugins/cnet-api-search/cnet-api-search.php:187\nStack trace:\n#0 /wordpress/wp-admin/includes/plugin.php(2387): include_once()\n#1 /wordpress/wp-admin/includes/plugin.php(673): plugin_sandbox_scrape('cnet-api-search...')\n#2 /internal/eval.php(20): activate_plugin('cnet-api-search...')\n#3 {main}\n  thrown in /wordpress/wp-content/plugins/cnet-api-search/cnet-api-search.php on line 187",
    "log": "/logs/plugins/c/convers8/error.json"
  },
  {
    "message": "Uncaught Error: Call to undefined function create_function() in /wordpress/wp-content/plugins/cnet-api-search/cnet-api-search.php:187",
    "level": "FATAL",
    "type": "PHP",
    "test": "asyncify-boot",
    "plugin": "convers8",
    "details": "[10-May-2025 13:37:38 UTC] PHP Fatal error:  Uncaught Error: Call to undefined function create_function() in /wordpress/wp-content/plugins/cnet-api-search/cnet-api-search.php:187\nStack trace:\n#0 /wordpress/wp-admin/includes/plugin.php(2387): include_once()\n#1 /wordpress/wp-admin/includes/plugin.php(673): plugin_sandbox_scrape('cnet-api-search...')\n#2 /internal/eval.php(20): activate_plugin('cnet-api-search...')\n#3 {main}\n  thrown in /wordpress/wp-content/plugins/cnet-api-search/cnet-api-search.php on line 187",
    "log": "/logs/plugins/c/convers8/error.json"
  },
  {
    "message": "Uncaught Error: Undefined constant \"gzinflate\" in /wordpress/wp-content/plugins/college-football-d1aa-team-stats/extlib/Snoopy.class.inc:426",
    "level": "FATAL",
    "type": "PHP",
    "test": "asyncify-boot",
    "plugin": "convers8",
    "details": "[10-May-2025 13:37:47 UTC] PHP Fatal error:  Uncaught Error: Undefined constant \"gzinflate\" in /wordpress/wp-content/plugins/college-football-d1aa-team-stats/extlib/Snoopy.class.inc:426\nStack trace:\n#0 /wordpress/wp-content/plugins/college-football-d1aa-team-stats/extlib/Snoopy.class.inc(152): AutoBlogSnoopy->_httprequest('/cfbd1aa_stats_...', Resource id #603, 'http://www.ibet...', 'GET')\n#1 /wordpress/wp-content/plugins/college-football-d1aa-team-stats/rss_fetch.inc(277): AutoBlogSnoopy->fetch('http://www.ibet...')\n#2 /wordpress/wp-content/plugins/college-football-d1aa-team-stats/rss_fetch.inc(99): _cfb_d1aa_fetch_remote_file('http://www.ibet...')\n#3 /wordpress/wp-content/plugins/college-football-d1aa-team-stats/cfb-d1aa-team-stats.php(60): cfb_d1aa_fetch_rss('http://www.ibet...')\n#4 /wordpress/wp-includes/class-wp-hook.php(324): cfb_d1aa_stats_install(false)\n#5 /wordpress/wp-includes/class-wp-hook.php(348): WP_Hook->apply_filters('', Array)\n#6 /wordpress/wp-includes/plugin.php(517): WP_Hook->do_action(Array)\n#7 /wordpress/wp-admin/includes/plugin.php(703): do_action('activate_colleg...', false)\n#8 /internal/eval.php(20): activate_plugin('college-footbal...')\n#9 {main}\n  thrown in /wordpress/wp-content/plugins/college-football-d1aa-team-stats/extlib/Snoopy.class.inc on line 426",
    "log": "/logs/plugins/c/convers8/error.json"
  },
  {
    "message": "Uncaught Error: Undefined constant \"gzinflate\" in /wordpress/wp-content/plugins/college-football-d1aa-team-stats/extlib/Snoopy.class.inc:426",
    "level": "FATAL",
    "type": "PHP",
    "test": "asyncify-boot",
    "plugin": "convers8",
    "details": "[10-May-2025 13:37:55 UTC] PHP Fatal error:  Uncaught Error: Undefined constant \"gzinflate\" in /wordpress/wp-content/plugins/college-football-d1aa-team-stats/extlib/Snoopy.class.inc:426\nStack trace:\n#0 /wordpress/wp-content/plugins/college-football-d1aa-team-stats/extlib/Snoopy.class.inc(152): AutoBlogSnoopy->_httprequest('/cfbd1aa_stats_...', Resource id #487, 'http://www.ibet...', 'GET')\n#1 /wordpress/wp-content/plugins/college-football-d1aa-team-stats/rss_fetch.inc(277): AutoBlogSnoopy->fetch('http://www.ibet...')\n#2 /wordpress/wp-content/plugins/college-football-d1aa-team-stats/rss_fetch.inc(99): _cfb_d1aa_fetch_remote_file('http://www.ibet...')\n#3 /wordpress/wp-content/plugins/college-football-d1aa-team-stats/cfb-d1aa-team-stats.php(60): cfb_d1aa_fetch_rss('http://www.ibet...')\n#4 /wordpress/wp-includes/class-wp-hook.php(324): cfb_d1aa_stats_install(false)\n#5 /wordpress/wp-includes/class-wp-hook.php(348): WP_Hook->apply_filters('', Array)\n#6 /wordpress/wp-includes/plugin.php(517): WP_Hook->do_action(Array)\n#7 /wordpress/wp-admin/includes/plugin.php(703): do_action('activate_colleg...', false)\n#8 /internal/eval.php(20): activate_plugin('college-footbal...')\n#9 {main}\n  thrown in /wordpress/wp-content/plugins/college-football-d1aa-team-stats/extlib/Snoopy.class.inc on line 426",
    "log": "/logs/plugins/c/convers8/error.json"
  },
  {
    "message": "Uncaught Error: Undefined constant \"gzinflate\" in /wordpress/wp-content/plugins/college-football-d1aa-team-stats/extlib/Snoopy.class.inc:426",
    "level": "FATAL",
    "type": "PHP",
    "test": "asyncify-boot",
    "plugin": "convers8",
    "details": "[10-May-2025 13:38:02 UTC] PHP Fatal error:  Uncaught Error: Undefined constant \"gzinflate\" in /wordpress/wp-content/plugins/college-football-d1aa-team-stats/extlib/Snoopy.class.inc:426\nStack trace:\n#0 /wordpress/wp-content/plugins/college-football-d1aa-team-stats/extlib/Snoopy.class.inc(152): AutoBlogSnoopy->_httprequest('/cfbd1aa_stats_...', Resource id #487, 'http://www.ibet...', 'GET')\n#1 /wordpress/wp-content/plugins/college-football-d1aa-team-stats/rss_fetch.inc(277): AutoBlogSnoopy->fetch('http://www.ibet...')\n#2 /wordpress/wp-content/plugins/college-football-d1aa-team-stats/rss_fetch.inc(99): _cfb_d1aa_fetch_remote_file('http://www.ibet...')\n#3 /wordpress/wp-content/plugins/college-football-d1aa-team-stats/cfb-d1aa-team-stats.php(60): cfb_d1aa_fetch_rss('http://www.ibet...')\n#4 /wordpress/wp-includes/class-wp-hook.php(324): cfb_d1aa_stats_install(false)\n#5 /wordpress/wp-includes/class-wp-hook.php(348): WP_Hook->apply_filters('', Array)\n#6 /wordpress/wp-includes/plugin.php(517): WP_Hook->do_action(Array)\n#7 /wordpress/wp-admin/includes/plugin.php(703): do_action('activate_colleg...', false)\n#8 /internal/eval.php(20): activate_plugin('college-footbal...')\n#9 {main}\n  thrown in /wordpress/wp-content/plugins/college-football-d1aa-team-stats/extlib/Snoopy.class.inc on line 426",
    "log": "/logs/plugins/c/convers8/error.json"
  },
  {
    "message": "Undefined array key \"HTTP_USER_AGENT\" in /wordpress/wp-content/plugins/contact-switcheroo/contact-switcheroo.php on line 11",
    "level": "WARNING",
    "type": "PHP",
    "test": "asyncify-boot",
    "plugin": "convers8",
    "details": "[10-May-2025 13:39:35 UTC] PHP Warning:  Undefined array key \"HTTP_USER_AGENT\" in /wordpress/wp-content/plugins/contact-switcheroo/contact-switcheroo.php on line 11",
    "log": "/logs/plugins/c/convers8/error.json"
  },
  {
    "message": "Undefined array key \"HTTP_USER_AGENT\" in /wordpress/wp-content/plugins/contact-switcheroo/contact-switcheroo.php on line 11",
    "level": "WARNING",
    "type": "PHP",
    "test": "asyncify-boot",
    "plugin": "convers8",
    "details": "[10-May-2025 13:39:36 UTC] PHP Warning:  Undefined array key \"HTTP_USER_AGENT\" in /wordpress/wp-content/plugins/contact-switcheroo/contact-switcheroo.php on line 11",
    "log": "/logs/plugins/c/convers8/error.json"
  },
  {
    "message": "Undefined array key \"HTTP_USER_AGENT\" in /wordpress/wp-content/plugins/contact-switcheroo/contact-switcheroo.php on line 11",
    "level": "WARNING",
    "type": "PHP",
    "test": "asyncify-boot",
    "plugin": "convers8",
    "details": "[10-May-2025 13:39:44 UTC] PHP Warning:  Undefined array key \"HTTP_USER_AGENT\" in /wordpress/wp-content/plugins/contact-switcheroo/contact-switcheroo.php on line 11",
    "log": "/logs/plugins/c/convers8/error.json"
  },
  {
    "message": "Undefined array key \"HTTP_USER_AGENT\" in /wordpress/wp-content/plugins/contact-switcheroo/contact-switcheroo.php on line 11",
    "level": "WARNING",
    "type": "PHP",
    "test": "asyncify-boot",
    "plugin": "convers8",
    "details": "[10-May-2025 13:39:45 UTC] PHP Warning:  Undefined array key \"HTTP_USER_AGENT\" in /wordpress/wp-content/plugins/contact-switcheroo/contact-switcheroo.php on line 11",
    "log": "/logs/plugins/c/convers8/error.json"
  },
  {
    "message": "Undefined array key \"HTTP_USER_AGENT\" in /wordpress/wp-content/plugins/contact-switcheroo/contact-switcheroo.php on line 11",
    "level": "WARNING",
    "type": "PHP",
    "test": "asyncify-boot",
    "plugin": "convers8",
    "details": "[10-May-2025 13:39:53 UTC] PHP Warning:  Undefined array key \"HTTP_USER_AGENT\" in /wordpress/wp-content/plugins/contact-switcheroo/contact-switcheroo.php on line 11",
    "log": "/logs/plugins/c/convers8/error.json"
  },
  {
    "message": "Undefined array key \"HTTP_USER_AGENT\" in /wordpress/wp-content/plugins/contact-switcheroo/contact-switcheroo.php on line 11",
    "level": "WARNING",
    "type": "PHP",
    "test": "asyncify-boot",
    "plugin": "convers8",
    "details": "[10-May-2025 13:39:54 UTC] PHP Warning:  Undefined array key \"HTTP_USER_AGENT\" in /wordpress/wp-content/plugins/contact-switcheroo/contact-switcheroo.php on line 11",
    "log": "/logs/plugins/c/convers8/error.json"
  },
  {
    "message": "Required parameter $convers8_user_id follows optional parameter $status in /wordpress/wp-content/plugins/convers8/connect.php on line 80",
    "level": "DEPRECATED",
    "type": "PHP",
    "test": "asyncify-boot",
    "plugin": "convers8",
    "details": "[10-May-2025 13:40:03 UTC] PHP Deprecated:  Required parameter $convers8_user_id follows optional parameter $status in /wordpress/wp-content/plugins/convers8/connect.php on line 80",
    "log": "/logs/plugins/c/convers8/error.json"
  },
  {
    "message": "File registration.php is <strong>deprecated</strong> since version 3.1.0 with no alternative available. This file no longer needs to be included. in /wordpress/wp-includes/functions.php on line 6121",
    "level": "DEPRECATED",
    "type": "PHP",
    "test": "asyncify-boot",
    "plugin": "convers8",
    "details": "[10-May-2025 13:40:03 UTC] PHP Deprecated:  File registration.php is <strong>deprecated</strong> since version 3.1.0 with no alternative available. This file no longer needs to be included. in /wordpress/wp-includes/functions.php on line 6121",
    "log": "/logs/plugins/c/convers8/error.json"
  },
  {
    "message": "Uncaught Error: Undefined constant \"CONVERS8_LOGIN_FAILED\" in /wordpress/wp-content/plugins/convers8/connect.php:4",
    "level": "FATAL",
    "type": "PHP",
    "test": "asyncify-boot",
    "plugin": "convers8",
    "details": "[10-May-2025 13:40:03 UTC] PHP Fatal error:  Uncaught Error: Undefined constant \"CONVERS8_LOGIN_FAILED\" in /wordpress/wp-content/plugins/convers8/connect.php:4\nStack trace:\n#0 /wordpress/wp-content/plugins/convers8/Convers8.php(20): include_once()\n#1 /wordpress/wp-admin/includes/plugin.php(2387): include_once('/wordpress/wp-c...')\n#2 /wordpress/wp-admin/includes/plugin.php(673): plugin_sandbox_scrape('convers8/Conver...')\n#3 /internal/eval.php(20): activate_plugin('convers8/Conver...')\n#4 {main}\n  thrown in /wordpress/wp-content/plugins/convers8/connect.php on line 4",
    "log": "/logs/plugins/c/convers8/error.json"
  },
  {
    "message": "Required parameter $convers8_user_id follows optional parameter $status in /wordpress/wp-content/plugins/convers8/connect.php on line 80",
    "level": "DEPRECATED",
    "type": "PHP",
    "test": "asyncify-boot",
    "plugin": "convers8",
    "details": "[10-May-2025 13:40:11 UTC] PHP Deprecated:  Required parameter $convers8_user_id follows optional parameter $status in /wordpress/wp-content/plugins/convers8/connect.php on line 80",
    "log": "/logs/plugins/c/convers8/error.json"
  },
  {
    "message": "File registration.php is <strong>deprecated</strong> since version 3.1.0 with no alternative available. This file no longer needs to be included. in /wordpress/wp-includes/functions.php on line 6121",
    "level": "DEPRECATED",
    "type": "PHP",
    "test": "asyncify-boot",
    "plugin": "convers8",
    "details": "[10-May-2025 13:40:11 UTC] PHP Deprecated:  File registration.php is <strong>deprecated</strong> since version 3.1.0 with no alternative available. This file no longer needs to be included. in /wordpress/wp-includes/functions.php on line 6121",
    "log": "/logs/plugins/c/convers8/error.json"
  },
  {
    "message": "Uncaught Error: Undefined constant \"CONVERS8_LOGIN_FAILED\" in /wordpress/wp-content/plugins/convers8/connect.php:4",
    "level": "FATAL",
    "type": "PHP",
    "test": "asyncify-boot",
    "plugin": "convers8",
    "details": "[10-May-2025 13:40:11 UTC] PHP Fatal error:  Uncaught Error: Undefined constant \"CONVERS8_LOGIN_FAILED\" in /wordpress/wp-content/plugins/convers8/connect.php:4\nStack trace:\n#0 /wordpress/wp-content/plugins/convers8/Convers8.php(20): include_once()\n#1 /wordpress/wp-admin/includes/plugin.php(2387): include_once('/wordpress/wp-c...')\n#2 /wordpress/wp-admin/includes/plugin.php(673): plugin_sandbox_scrape('convers8/Conver...')\n#3 /internal/eval.php(20): activate_plugin('convers8/Conver...')\n#4 {main}\n  thrown in /wordpress/wp-content/plugins/convers8/connect.php on line 4\n\n    at Object.onBind (file:///home/runner/work/playground-tester/playground-tester/node_modules/@wp-playground/cli/index.js:237:15)\n    at process.processTicksAndRejections (node:internal/process/task_queues:105:5)\n    at async V (file:///home/runner/work/playground-tester/playground-tester/node_modules/@wp-playground/cli/index.js:64:10)\n    at async ja (file:///home/runner/work/playground-tester/playground-tester/node_modules/@wp-playground/cli/cli.js:8161:12) {\n  [cause]: Error: Error when executing the blueprint step #1 ({\"step\":\"installPlugin\",\"pluginData\":{\"resource\":\"wordpress.org/plugins\",\"slug\":\"convers8\"},\"options\":{\"activate\":true}}) : PHP.run() failed with exit code 255 and the following output: \n      at Object.run (file:///home/runner/work/playground-tester/playground-tester/node_modules/@wp-playground/blueprints/index.js:12449:19)\n      at process.processTicksAndRejections (node:internal/process/task_queues:105:5)\n      at async ms (file:///home/runner/work/playground-tester/playground-tester/node_modules/@wp-playground/blueprints/index.js:12552:3)\n      ... 2 lines matching cause stack trace ...\n      at async ja (file:///home/runner/work/playground-tester/playground-tester/node_modules/@wp-playground/cli/cli.js:8161:12) {\n    [cause]: PHPExecutionFailureError: PHP.run() failed with exit code 255 and the following output: \n        at PHP.run (file:///home/runner/work/playground-tester/playground-tester/node_modules/@php-wasm/universal/index.js:987:19)\n        at process.processTicksAndRejections (node:internal/process/task_queues:105:5)\n        at async wr (file:///home/runner/work/playground-tester/playground-tester/node_modules/@wp-playground/blueprints/index.js:33:39)\n        at async Object.gt [as installPlugin] (file:///home/runner/work/playground-tester/playground-tester/node_modules/@wp-playground/blueprints/index.js:974:42)\n        at async g (file:///home/runner/work/playground-tester/playground-tester/node_modules/@wp-playground/blueprints/index.js:12517:30)\n        at async Object.run (file:///home/runner/work/playground-tester/playground-tester/node_modules/@wp-playground/blueprints/index.js:12446:23)\n        at async ms (file:///home/runner/work/playground-tester/playground-tester/node_modules/@wp-playground/blueprints/index.js:12552:3)\n        at async Object.onBind (file:///home/runner/work/playground-tester/playground-tester/node_modules/@wp-playground/cli/index.js:227:48)\n        at async V (file:///home/runner/work/playground-tester/playground-tester/node_modules/@wp-playground/cli/index.js:64:10)\n        at async ja (file:///home/runner/work/playground-tester/playground-tester/node_modules/@wp-playground/cli/cli.js:8161:12) {\n      response: PHPResponse {\n        httpStatusCode: 500,\n        headers: {\n          'x-powered-by': [ 'PHP/8.0.30-dev' ],\n          'content-type': [ 'text/html; charset=UTF-8' ]\n        },\n        bytes: Uint8Array(0) [],\n        exitCode: 255,\n        errors: ''\n      },\n      source: 'request'\n    }\n  }\n}\n\n",
    "log": "/logs/plugins/c/convers8/error.json"
  },
  {
    "message": "file:///home/runner/work/playground-tester/playground-tester/node_modules/@wp-playground/cli/index.js:237\n        throw new Error(y, { cause: u });\n              ^\n",
    "level": "FATAL",
    "type": "PLAYGROUND",
    "test": "jspi-boot",
    "plugin": "convers8",
    "details": "file:///home/runner/work/playground-tester/playground-tester/node_modules/@wp-playground/cli/index.js:237\n        throw new Error(y, { cause: u });\n              ^\n",
    "log": "/tmp/tmp.WCLZtfXgDE"
  },
  {
    "message": "Function _load_textdomain_just_in_time was called <strong>incorrectly</strong>. Translation loading for the <code>woocommerce</code> domain was triggered too early. This is usually an indicator for some code in the plugin or theme running too early. Translations should be loaded at the <code>init</code> action or later. Please see <a href=\"https://developer.wordpress.org/advanced-administration/debug/debug-wordpress/\">Debugging in WordPress</a> for more information. (This message was added in version 6.7.0.) in /wordpress/wp-includes/functions.php on line 6121",
    "level": "NOTICE",
    "type": "PHP",
    "test": "jspi-boot",
    "plugin": "convers8",
    "details": "[10-May-2025 13:33:15 UTC] PHP Notice:  Function _load_textdomain_just_in_time was called <strong>incorrectly</strong>. Translation loading for the <code>woocommerce</code> domain was triggered too early. This is usually an indicator for some code in the plugin or theme running too early. Translations should be loaded at the <code>init</code> action or later. Please see <a href=\"https://developer.wordpress.org/advanced-administration/debug/debug-wordpress/\">Debugging in WordPress</a> for more information. (This message was added in version 6.7.0.) in /wordpress/wp-includes/functions.php on line 6121",
    "log": "/logs/plugins/c/convers8/error.json"
  },
  {
    "message": "Function _load_textdomain_just_in_time was called <strong>incorrectly</strong>. Translation loading for the <code>woocommerce</code> domain was triggered too early. This is usually an indicator for some code in the plugin or theme running too early. Translations should be loaded at the <code>init</code> action or later. Please see <a href=\"https://developer.wordpress.org/advanced-administration/debug/debug-wordpress/\">Debugging in WordPress</a> for more information. (This message was added in version 6.7.0.) in /wordpress/wp-includes/functions.php on line 6121",
    "level": "NOTICE",
    "type": "PHP",
    "test": "jspi-boot",
    "plugin": "convers8",
    "details": "[10-May-2025 13:33:56 UTC] PHP Notice:  Function _load_textdomain_just_in_time was called <strong>incorrectly</strong>. Translation loading for the <code>woocommerce</code> domain was triggered too early. This is usually an indicator for some code in the plugin or theme running too early. Translations should be loaded at the <code>init</code> action or later. Please see <a href=\"https://developer.wordpress.org/advanced-administration/debug/debug-wordpress/\">Debugging in WordPress</a> for more information. (This message was added in version 6.7.0.) in /wordpress/wp-includes/functions.php on line 6121",
    "log": "/logs/plugins/c/convers8/error.json"
  },
  {
    "message": "Function _load_textdomain_just_in_time was called <strong>incorrectly</strong>. Translation loading for the <code>woocommerce</code> domain was triggered too early. This is usually an indicator for some code in the plugin or theme running too early. Translations should be loaded at the <code>init</code> action or later. Please see <a href=\"https://developer.wordpress.org/advanced-administration/debug/debug-wordpress/\">Debugging in WordPress</a> for more information. (This message was added in version 6.7.0.) in /wordpress/wp-includes/functions.php on line 6121",
    "level": "NOTICE",
    "type": "PHP",
    "test": "jspi-boot",
    "plugin": "convers8",
    "details": "[10-May-2025 13:34:37 UTC] PHP Notice:  Function _load_textdomain_just_in_time was called <strong>incorrectly</strong>. Translation loading for the <code>woocommerce</code> domain was triggered too early. This is usually an indicator for some code in the plugin or theme running too early. Translations should be loaded at the <code>init</code> action or later. Please see <a href=\"https://developer.wordpress.org/advanced-administration/debug/debug-wordpress/\">Debugging in WordPress</a> for more information. (This message was added in version 6.7.0.) in /wordpress/wp-includes/functions.php on line 6121",
    "log": "/logs/plugins/c/convers8/error.json"
  },
  {
    "message": "Uncaught Error: Call to undefined function create_function() in /wordpress/wp-content/plugins/cnet-api-search/cnet-api-search.php:187",
    "level": "FATAL",
    "type": "PHP",
    "test": "jspi-boot",
    "plugin": "convers8",
    "details": "[10-May-2025 13:37:24 UTC] PHP Fatal error:  Uncaught Error: Call to undefined function create_function() in /wordpress/wp-content/plugins/cnet-api-search/cnet-api-search.php:187\nStack trace:\n#0 /wordpress/wp-admin/includes/plugin.php(2387): include_once()\n#1 /wordpress/wp-admin/includes/plugin.php(673): plugin_sandbox_scrape('cnet-api-search...')\n#2 /internal/eval.php(20): activate_plugin('cnet-api-search...')\n#3 {main}\n  thrown in /wordpress/wp-content/plugins/cnet-api-search/cnet-api-search.php on line 187",
    "log": "/logs/plugins/c/convers8/error.json"
  },
  {
    "message": "Uncaught Error: Call to undefined function create_function() in /wordpress/wp-content/plugins/cnet-api-search/cnet-api-search.php:187",
    "level": "FATAL",
    "type": "PHP",
    "test": "jspi-boot",
    "plugin": "convers8",
    "details": "[10-May-2025 13:37:31 UTC] PHP Fatal error:  Uncaught Error: Call to undefined function create_function() in /wordpress/wp-content/plugins/cnet-api-search/cnet-api-search.php:187\nStack trace:\n#0 /wordpress/wp-admin/includes/plugin.php(2387): include_once()\n#1 /wordpress/wp-admin/includes/plugin.php(673): plugin_sandbox_scrape('cnet-api-search...')\n#2 /internal/eval.php(20): activate_plugin('cnet-api-search...')\n#3 {main}\n  thrown in /wordpress/wp-content/plugins/cnet-api-search/cnet-api-search.php on line 187",
    "log": "/logs/plugins/c/convers8/error.json"
  },
  {
    "message": "Uncaught Error: Call to undefined function create_function() in /wordpress/wp-content/plugins/cnet-api-search/cnet-api-search.php:187",
    "level": "FATAL",
    "type": "PHP",
    "test": "jspi-boot",
    "plugin": "convers8",
    "details": "[10-May-2025 13:37:38 UTC] PHP Fatal error:  Uncaught Error: Call to undefined function create_function() in /wordpress/wp-content/plugins/cnet-api-search/cnet-api-search.php:187\nStack trace:\n#0 /wordpress/wp-admin/includes/plugin.php(2387): include_once()\n#1 /wordpress/wp-admin/includes/plugin.php(673): plugin_sandbox_scrape('cnet-api-search...')\n#2 /internal/eval.php(20): activate_plugin('cnet-api-search...')\n#3 {main}\n  thrown in /wordpress/wp-content/plugins/cnet-api-search/cnet-api-search.php on line 187",
    "log": "/logs/plugins/c/convers8/error.json"
  },
  {
    "message": "Uncaught Error: Undefined constant \"gzinflate\" in /wordpress/wp-content/plugins/college-football-d1aa-team-stats/extlib/Snoopy.class.inc:426",
    "level": "FATAL",
    "type": "PHP",
    "test": "jspi-boot",
    "plugin": "convers8",
    "details": "[10-May-2025 13:37:47 UTC] PHP Fatal error:  Uncaught Error: Undefined constant \"gzinflate\" in /wordpress/wp-content/plugins/college-football-d1aa-team-stats/extlib/Snoopy.class.inc:426\nStack trace:\n#0 /wordpress/wp-content/plugins/college-football-d1aa-team-stats/extlib/Snoopy.class.inc(152): AutoBlogSnoopy->_httprequest('/cfbd1aa_stats_...', Resource id #603, 'http://www.ibet...', 'GET')\n#1 /wordpress/wp-content/plugins/college-football-d1aa-team-stats/rss_fetch.inc(277): AutoBlogSnoopy->fetch('http://www.ibet...')\n#2 /wordpress/wp-content/plugins/college-football-d1aa-team-stats/rss_fetch.inc(99): _cfb_d1aa_fetch_remote_file('http://www.ibet...')\n#3 /wordpress/wp-content/plugins/college-football-d1aa-team-stats/cfb-d1aa-team-stats.php(60): cfb_d1aa_fetch_rss('http://www.ibet...')\n#4 /wordpress/wp-includes/class-wp-hook.php(324): cfb_d1aa_stats_install(false)\n#5 /wordpress/wp-includes/class-wp-hook.php(348): WP_Hook->apply_filters('', Array)\n#6 /wordpress/wp-includes/plugin.php(517): WP_Hook->do_action(Array)\n#7 /wordpress/wp-admin/includes/plugin.php(703): do_action('activate_colleg...', false)\n#8 /internal/eval.php(20): activate_plugin('college-footbal...')\n#9 {main}\n  thrown in /wordpress/wp-content/plugins/college-football-d1aa-team-stats/extlib/Snoopy.class.inc on line 426",
    "log": "/logs/plugins/c/convers8/error.json"
  },
  {
    "message": "Uncaught Error: Undefined constant \"gzinflate\" in /wordpress/wp-content/plugins/college-football-d1aa-team-stats/extlib/Snoopy.class.inc:426",
    "level": "FATAL",
    "type": "PHP",
    "test": "jspi-boot",
    "plugin": "convers8",
    "details": "[10-May-2025 13:37:55 UTC] PHP Fatal error:  Uncaught Error: Undefined constant \"gzinflate\" in /wordpress/wp-content/plugins/college-football-d1aa-team-stats/extlib/Snoopy.class.inc:426\nStack trace:\n#0 /wordpress/wp-content/plugins/college-football-d1aa-team-stats/extlib/Snoopy.class.inc(152): AutoBlogSnoopy->_httprequest('/cfbd1aa_stats_...', Resource id #487, 'http://www.ibet...', 'GET')\n#1 /wordpress/wp-content/plugins/college-football-d1aa-team-stats/rss_fetch.inc(277): AutoBlogSnoopy->fetch('http://www.ibet...')\n#2 /wordpress/wp-content/plugins/college-football-d1aa-team-stats/rss_fetch.inc(99): _cfb_d1aa_fetch_remote_file('http://www.ibet...')\n#3 /wordpress/wp-content/plugins/college-football-d1aa-team-stats/cfb-d1aa-team-stats.php(60): cfb_d1aa_fetch_rss('http://www.ibet...')\n#4 /wordpress/wp-includes/class-wp-hook.php(324): cfb_d1aa_stats_install(false)\n#5 /wordpress/wp-includes/class-wp-hook.php(348): WP_Hook->apply_filters('', Array)\n#6 /wordpress/wp-includes/plugin.php(517): WP_Hook->do_action(Array)\n#7 /wordpress/wp-admin/includes/plugin.php(703): do_action('activate_colleg...', false)\n#8 /internal/eval.php(20): activate_plugin('college-footbal...')\n#9 {main}\n  thrown in /wordpress/wp-content/plugins/college-football-d1aa-team-stats/extlib/Snoopy.class.inc on line 426",
    "log": "/logs/plugins/c/convers8/error.json"
  },
  {
    "message": "Uncaught Error: Undefined constant \"gzinflate\" in /wordpress/wp-content/plugins/college-football-d1aa-team-stats/extlib/Snoopy.class.inc:426",
    "level": "FATAL",
    "type": "PHP",
    "test": "jspi-boot",
    "plugin": "convers8",
    "details": "[10-May-2025 13:38:02 UTC] PHP Fatal error:  Uncaught Error: Undefined constant \"gzinflate\" in /wordpress/wp-content/plugins/college-football-d1aa-team-stats/extlib/Snoopy.class.inc:426\nStack trace:\n#0 /wordpress/wp-content/plugins/college-football-d1aa-team-stats/extlib/Snoopy.class.inc(152): AutoBlogSnoopy->_httprequest('/cfbd1aa_stats_...', Resource id #487, 'http://www.ibet...', 'GET')\n#1 /wordpress/wp-content/plugins/college-football-d1aa-team-stats/rss_fetch.inc(277): AutoBlogSnoopy->fetch('http://www.ibet...')\n#2 /wordpress/wp-content/plugins/college-football-d1aa-team-stats/rss_fetch.inc(99): _cfb_d1aa_fetch_remote_file('http://www.ibet...')\n#3 /wordpress/wp-content/plugins/college-football-d1aa-team-stats/cfb-d1aa-team-stats.php(60): cfb_d1aa_fetch_rss('http://www.ibet...')\n#4 /wordpress/wp-includes/class-wp-hook.php(324): cfb_d1aa_stats_install(false)\n#5 /wordpress/wp-includes/class-wp-hook.php(348): WP_Hook->apply_filters('', Array)\n#6 /wordpress/wp-includes/plugin.php(517): WP_Hook->do_action(Array)\n#7 /wordpress/wp-admin/includes/plugin.php(703): do_action('activate_colleg...', false)\n#8 /internal/eval.php(20): activate_plugin('college-footbal...')\n#9 {main}\n  thrown in /wordpress/wp-content/plugins/college-football-d1aa-team-stats/extlib/Snoopy.class.inc on line 426",
    "log": "/logs/plugins/c/convers8/error.json"
  },
  {
    "message": "Undefined array key \"HTTP_USER_AGENT\" in /wordpress/wp-content/plugins/contact-switcheroo/contact-switcheroo.php on line 11",
    "level": "WARNING",
    "type": "PHP",
    "test": "jspi-boot",
    "plugin": "convers8",
    "details": "[10-May-2025 13:39:35 UTC] PHP Warning:  Undefined array key \"HTTP_USER_AGENT\" in /wordpress/wp-content/plugins/contact-switcheroo/contact-switcheroo.php on line 11",
    "log": "/logs/plugins/c/convers8/error.json"
  },
  {
    "message": "Undefined array key \"HTTP_USER_AGENT\" in /wordpress/wp-content/plugins/contact-switcheroo/contact-switcheroo.php on line 11",
    "level": "WARNING",
    "type": "PHP",
    "test": "jspi-boot",
    "plugin": "convers8",
    "details": "[10-May-2025 13:39:36 UTC] PHP Warning:  Undefined array key \"HTTP_USER_AGENT\" in /wordpress/wp-content/plugins/contact-switcheroo/contact-switcheroo.php on line 11",
    "log": "/logs/plugins/c/convers8/error.json"
  },
  {
    "message": "Undefined array key \"HTTP_USER_AGENT\" in /wordpress/wp-content/plugins/contact-switcheroo/contact-switcheroo.php on line 11",
    "level": "WARNING",
    "type": "PHP",
    "test": "jspi-boot",
    "plugin": "convers8",
    "details": "[10-May-2025 13:39:44 UTC] PHP Warning:  Undefined array key \"HTTP_USER_AGENT\" in /wordpress/wp-content/plugins/contact-switcheroo/contact-switcheroo.php on line 11",
    "log": "/logs/plugins/c/convers8/error.json"
  },
  {
    "message": "Undefined array key \"HTTP_USER_AGENT\" in /wordpress/wp-content/plugins/contact-switcheroo/contact-switcheroo.php on line 11",
    "level": "WARNING",
    "type": "PHP",
    "test": "jspi-boot",
    "plugin": "convers8",
    "details": "[10-May-2025 13:39:45 UTC] PHP Warning:  Undefined array key \"HTTP_USER_AGENT\" in /wordpress/wp-content/plugins/contact-switcheroo/contact-switcheroo.php on line 11",
    "log": "/logs/plugins/c/convers8/error.json"
  },
  {
    "message": "Undefined array key \"HTTP_USER_AGENT\" in /wordpress/wp-content/plugins/contact-switcheroo/contact-switcheroo.php on line 11",
    "level": "WARNING",
    "type": "PHP",
    "test": "jspi-boot",
    "plugin": "convers8",
    "details": "[10-May-2025 13:39:53 UTC] PHP Warning:  Undefined array key \"HTTP_USER_AGENT\" in /wordpress/wp-content/plugins/contact-switcheroo/contact-switcheroo.php on line 11",
    "log": "/logs/plugins/c/convers8/error.json"
  },
  {
    "message": "Undefined array key \"HTTP_USER_AGENT\" in /wordpress/wp-content/plugins/contact-switcheroo/contact-switcheroo.php on line 11",
    "level": "WARNING",
    "type": "PHP",
    "test": "jspi-boot",
    "plugin": "convers8",
    "details": "[10-May-2025 13:39:54 UTC] PHP Warning:  Undefined array key \"HTTP_USER_AGENT\" in /wordpress/wp-content/plugins/contact-switcheroo/contact-switcheroo.php on line 11",
    "log": "/logs/plugins/c/convers8/error.json"
  },
  {
    "message": "Required parameter $convers8_user_id follows optional parameter $status in /wordpress/wp-content/plugins/convers8/connect.php on line 80",
    "level": "DEPRECATED",
    "type": "PHP",
    "test": "jspi-boot",
    "plugin": "convers8",
    "details": "[10-May-2025 13:40:03 UTC] PHP Deprecated:  Required parameter $convers8_user_id follows optional parameter $status in /wordpress/wp-content/plugins/convers8/connect.php on line 80",
    "log": "/logs/plugins/c/convers8/error.json"
  },
  {
    "message": "File registration.php is <strong>deprecated</strong> since version 3.1.0 with no alternative available. This file no longer needs to be included. in /wordpress/wp-includes/functions.php on line 6121",
    "level": "DEPRECATED",
    "type": "PHP",
    "test": "jspi-boot",
    "plugin": "convers8",
    "details": "[10-May-2025 13:40:03 UTC] PHP Deprecated:  File registration.php is <strong>deprecated</strong> since version 3.1.0 with no alternative available. This file no longer needs to be included. in /wordpress/wp-includes/functions.php on line 6121",
    "log": "/logs/plugins/c/convers8/error.json"
  },
  {
    "message": "Uncaught Error: Undefined constant \"CONVERS8_LOGIN_FAILED\" in /wordpress/wp-content/plugins/convers8/connect.php:4",
    "level": "FATAL",
    "type": "PHP",
    "test": "jspi-boot",
    "plugin": "convers8",
    "details": "[10-May-2025 13:40:03 UTC] PHP Fatal error:  Uncaught Error: Undefined constant \"CONVERS8_LOGIN_FAILED\" in /wordpress/wp-content/plugins/convers8/connect.php:4\nStack trace:\n#0 /wordpress/wp-content/plugins/convers8/Convers8.php(20): include_once()\n#1 /wordpress/wp-admin/includes/plugin.php(2387): include_once('/wordpress/wp-c...')\n#2 /wordpress/wp-admin/includes/plugin.php(673): plugin_sandbox_scrape('convers8/Conver...')\n#3 /internal/eval.php(20): activate_plugin('convers8/Conver...')\n#4 {main}\n  thrown in /wordpress/wp-content/plugins/convers8/connect.php on line 4",
    "log": "/logs/plugins/c/convers8/error.json"
  },
  {
    "message": "Required parameter $convers8_user_id follows optional parameter $status in /wordpress/wp-content/plugins/convers8/connect.php on line 80",
    "level": "DEPRECATED",
    "type": "PHP",
    "test": "jspi-boot",
    "plugin": "convers8",
    "details": "[10-May-2025 13:40:11 UTC] PHP Deprecated:  Required parameter $convers8_user_id follows optional parameter $status in /wordpress/wp-content/plugins/convers8/connect.php on line 80",
    "log": "/logs/plugins/c/convers8/error.json"
  },
  {
    "message": "File registration.php is <strong>deprecated</strong> since version 3.1.0 with no alternative available. This file no longer needs to be included. in /wordpress/wp-includes/functions.php on line 6121",
    "level": "DEPRECATED",
    "type": "PHP",
    "test": "jspi-boot",
    "plugin": "convers8",
    "details": "[10-May-2025 13:40:11 UTC] PHP Deprecated:  File registration.php is <strong>deprecated</strong> since version 3.1.0 with no alternative available. This file no longer needs to be included. in /wordpress/wp-includes/functions.php on line 6121",
    "log": "/logs/plugins/c/convers8/error.json"
  },
  {
    "message": "Uncaught Error: Undefined constant \"CONVERS8_LOGIN_FAILED\" in /wordpress/wp-content/plugins/convers8/connect.php:4",
    "level": "FATAL",
    "type": "PHP",
    "test": "jspi-boot",
    "plugin": "convers8",
    "details": "[10-May-2025 13:40:11 UTC] PHP Fatal error:  Uncaught Error: Undefined constant \"CONVERS8_LOGIN_FAILED\" in /wordpress/wp-content/plugins/convers8/connect.php:4\nStack trace:\n#0 /wordpress/wp-content/plugins/convers8/Convers8.php(20): include_once()\n#1 /wordpress/wp-admin/includes/plugin.php(2387): include_once('/wordpress/wp-c...')\n#2 /wordpress/wp-admin/includes/plugin.php(673): plugin_sandbox_scrape('convers8/Conver...')\n#3 /internal/eval.php(20): activate_plugin('convers8/Conver...')\n#4 {main}\n  thrown in /wordpress/wp-content/plugins/convers8/connect.php on line 4",
    "log": "/logs/plugins/c/convers8/error.json"
  },
  {
    "message": "Required parameter $convers8_user_id follows optional parameter $status in /wordpress/wp-content/plugins/convers8/connect.php on line 80",
    "level": "DEPRECATED",
    "type": "PHP",
    "test": "jspi-boot",
    "plugin": "convers8",
    "details": "[10-May-2025 13:40:19 UTC] PHP Deprecated:  Required parameter $convers8_user_id follows optional parameter $status in /wordpress/wp-content/plugins/convers8/connect.php on line 80",
    "log": "/logs/plugins/c/convers8/error.json"
  },
  {
    "message": "File registration.php is <strong>deprecated</strong> since version 3.1.0 with no alternative available. This file no longer needs to be included. in /wordpress/wp-includes/functions.php on line 6121",
    "level": "DEPRECATED",
    "type": "PHP",
    "test": "jspi-boot",
    "plugin": "convers8",
    "details": "[10-May-2025 13:40:19 UTC] PHP Deprecated:  File registration.php is <strong>deprecated</strong> since version 3.1.0 with no alternative available. This file no longer needs to be included. in /wordpress/wp-includes/functions.php on line 6121",
    "log": "/logs/plugins/c/convers8/error.json"
  },
  {
    "message": "Uncaught Error: Undefined constant \"CONVERS8_LOGIN_FAILED\" in /wordpress/wp-content/plugins/convers8/connect.php:4",
    "level": "FATAL",
    "type": "PHP",
    "test": "jspi-boot",
    "plugin": "convers8",
    "details": "[10-May-2025 13:40:19 UTC] PHP Fatal error:  Uncaught Error: Undefined constant \"CONVERS8_LOGIN_FAILED\" in /wordpress/wp-content/plugins/convers8/connect.php:4\nStack trace:\n#0 /wordpress/wp-content/plugins/convers8/Convers8.php(20): include_once()\n#1 /wordpress/wp-admin/includes/plugin.php(2387): include_once('/wordpress/wp-c...')\n#2 /wordpress/wp-admin/includes/plugin.php(673): plugin_sandbox_scrape('convers8/Conver...')\n#3 /internal/eval.php(20): activate_plugin('convers8/Conver...')\n#4 {main}\n  thrown in /wordpress/wp-content/plugins/convers8/connect.php on line 4\n\n    at Object.onBind (file:///home/runner/work/playground-tester/playground-tester/node_modules/@wp-playground/cli/index.js:237:15)\n    at process.processTicksAndRejections (node:internal/process/task_queues:105:5)\n    at async V (file:///home/runner/work/playground-tester/playground-tester/node_modules/@wp-playground/cli/index.js:64:10)\n    at async ja (file:///home/runner/work/playground-tester/playground-tester/node_modules/@wp-playground/cli/cli.js:8161:12) {\n  [cause]: Error: Error when executing the blueprint step #1 ({\"step\":\"installPlugin\",\"pluginData\":{\"resource\":\"wordpress.org/plugins\",\"slug\":\"convers8\"},\"options\":{\"activate\":true}}) : PHP.run() failed with exit code 255 and the following output: \n      at Object.run (file:///home/runner/work/playground-tester/playground-tester/node_modules/@wp-playground/blueprints/index.js:12449:19)\n      at process.processTicksAndRejections (node:internal/process/task_queues:105:5)\n      at async ms (file:///home/runner/work/playground-tester/playground-tester/node_modules/@wp-playground/blueprints/index.js:12552:3)\n      ... 2 lines matching cause stack trace ...\n      at async ja (file:///home/runner/work/playground-tester/playground-tester/node_modules/@wp-playground/cli/cli.js:8161:12) {\n    [cause]: PHPExecutionFailureError: PHP.run() failed with exit code 255 and the following output: \n        at PHP.run (file:///home/runner/work/playground-tester/playground-tester/node_modules/@php-wasm/universal/index.js:987:19)\n        at process.processTicksAndRejections (node:internal/process/task_queues:105:5)\n        at async wr (file:///home/runner/work/playground-tester/playground-tester/node_modules/@wp-playground/blueprints/index.js:33:39)\n        at async Object.gt [as installPlugin] (file:///home/runner/work/playground-tester/playground-tester/node_modules/@wp-playground/blueprints/index.js:974:42)\n        at async g (file:///home/runner/work/playground-tester/playground-tester/node_modules/@wp-playground/blueprints/index.js:12517:30)\n        at async Object.run (file:///home/runner/work/playground-tester/playground-tester/node_modules/@wp-playground/blueprints/index.js:12446:23)\n        at async ms (file:///home/runner/work/playground-tester/playground-tester/node_modules/@wp-playground/blueprints/index.js:12552:3)\n        at async Object.onBind (file:///home/runner/work/playground-tester/playground-tester/node_modules/@wp-playground/cli/index.js:227:48)\n        at async V (file:///home/runner/work/playground-tester/playground-tester/node_modules/@wp-playground/cli/index.js:64:10)\n        at async ja (file:///home/runner/work/playground-tester/playground-tester/node_modules/@wp-playground/cli/cli.js:8161:12) {\n      response: PHPResponse {\n        httpStatusCode: 500,\n        headers: {\n          'x-powered-by': [ 'PHP/8.0.30-dev' ],\n          'content-type': [ 'text/html; charset=UTF-8' ]\n        },\n        bytes: Uint8Array(0) [],\n        exitCode: 255,\n        errors: ''\n      },\n      source: 'request'\n    }\n  }\n}\n\n",
    "log": "/logs/plugins/c/convers8/error.json"
  }
]
