[
  {
    "message": "file:///home/runner/work/playground-tester/playground-tester/node_modules/@wp-playground/cli/index.js:237\n        throw new Error(y, { cause: u });\n              ^\n",
    "level": "FATAL",
    "type": "PLAYGROUND",
    "test": "ast-sqlite-boot",
    "plugin": "paybox-woocommerce-payment-gateway",
    "details": "file:///home/runner/work/playground-tester/playground-tester/node_modules/@wp-playground/cli/index.js:237\n        throw new Error(y, { cause: u });\n              ^\n",
    "log": "/tmp/tmp.8Y9WlGvq2j"
  },
  {
    "message": "Constant WP_IMAGE_SERVICE_DEBUG already defined in /wordpress/wp-content/plugins/prizm-image/wp-prizmimage.php on line 95",
    "level": "WARNING",
    "type": "PHP",
    "test": "ast-sqlite-boot",
    "plugin": "paybox-woocommerce-payment-gateway",
    "details": "[13-Apr-2025 22:26:30 UTC] PHP Warning:  Constant WP_IMAGE_SERVICE_DEBUG already defined in /wordpress/wp-content/plugins/prizm-image/wp-prizmimage.php on line 95",
    "log": "/logs/plugins/p/paybox-woocommerce-payment-gateway/error.json"
  },
  {
    "message": "Constant WP_IMAGE_SERVICE_DEBUG already defined in /wordpress/wp-content/plugins/prizm-image/wp-prizmimage.php on line 95",
    "level": "WARNING",
    "type": "PHP",
    "test": "ast-sqlite-boot",
    "plugin": "paybox-woocommerce-payment-gateway",
    "details": "[13-Apr-2025 22:26:31 UTC] PHP Warning:  Constant WP_IMAGE_SERVICE_DEBUG already defined in /wordpress/wp-content/plugins/prizm-image/wp-prizmimage.php on line 95",
    "log": "/logs/plugins/p/paybox-woocommerce-payment-gateway/error.json"
  },
  {
    "message": "Constant WP_IMAGE_SERVICE_DEBUG already defined in /wordpress/wp-content/plugins/prizm-image/wp-prizmimage.php on line 95",
    "level": "WARNING",
    "type": "PHP",
    "test": "ast-sqlite-boot",
    "plugin": "paybox-woocommerce-payment-gateway",
    "details": "[13-Apr-2025 22:26:39 UTC] PHP Warning:  Constant WP_IMAGE_SERVICE_DEBUG already defined in /wordpress/wp-content/plugins/prizm-image/wp-prizmimage.php on line 95",
    "log": "/logs/plugins/p/paybox-woocommerce-payment-gateway/error.json"
  },
  {
    "message": "Constant WP_IMAGE_SERVICE_DEBUG already defined in /wordpress/wp-content/plugins/prizm-image/wp-prizmimage.php on line 95",
    "level": "WARNING",
    "type": "PHP",
    "test": "ast-sqlite-boot",
    "plugin": "paybox-woocommerce-payment-gateway",
    "details": "[13-Apr-2025 22:26:39 UTC] PHP Warning:  Constant WP_IMAGE_SERVICE_DEBUG already defined in /wordpress/wp-content/plugins/prizm-image/wp-prizmimage.php on line 95",
    "log": "/logs/plugins/p/paybox-woocommerce-payment-gateway/error.json"
  },
  {
    "message": "Constant WP_IMAGE_SERVICE_DEBUG already defined in /wordpress/wp-content/plugins/prizm-image/wp-prizmimage.php on line 95",
    "level": "WARNING",
    "type": "PHP",
    "test": "ast-sqlite-boot",
    "plugin": "paybox-woocommerce-payment-gateway",
    "details": "[13-Apr-2025 22:26:48 UTC] PHP Warning:  Constant WP_IMAGE_SERVICE_DEBUG already defined in /wordpress/wp-content/plugins/prizm-image/wp-prizmimage.php on line 95",
    "log": "/logs/plugins/p/paybox-woocommerce-payment-gateway/error.json"
  },
  {
    "message": "Constant WP_IMAGE_SERVICE_DEBUG already defined in /wordpress/wp-content/plugins/prizm-image/wp-prizmimage.php on line 95",
    "level": "WARNING",
    "type": "PHP",
    "test": "ast-sqlite-boot",
    "plugin": "paybox-woocommerce-payment-gateway",
    "details": "[13-Apr-2025 22:26:48 UTC] PHP Warning:  Constant WP_IMAGE_SERVICE_DEBUG already defined in /wordpress/wp-content/plugins/prizm-image/wp-prizmimage.php on line 95",
    "log": "/logs/plugins/p/paybox-woocommerce-payment-gateway/error.json"
  },
  {
    "message": "Declaration of WordpressRandomEntries::update($new_instance) must be compatible with WP_Widget::update($new_instance, $old_instance) in /wordpress/wp-content/plugins/randomentries-widget/randomentries-widget.php on line 36",
    "level": "FATAL",
    "type": "PHP",
    "test": "ast-sqlite-boot",
    "plugin": "paybox-woocommerce-payment-gateway",
    "details": "[13-Apr-2025 22:26:56 UTC] PHP Fatal error:  Declaration of WordpressRandomEntries::update($new_instance) must be compatible with WP_Widget::update($new_instance, $old_instance) in /wordpress/wp-content/plugins/randomentries-widget/randomentries-widget.php on line 36",
    "log": "/logs/plugins/p/paybox-woocommerce-payment-gateway/error.json"
  },
  {
    "message": "Declaration of WordpressRandomEntries::update($new_instance) must be compatible with WP_Widget::update($new_instance, $old_instance) in /wordpress/wp-content/plugins/randomentries-widget/randomentries-widget.php on line 36",
    "level": "FATAL",
    "type": "PHP",
    "test": "ast-sqlite-boot",
    "plugin": "paybox-woocommerce-payment-gateway",
    "details": "[13-Apr-2025 22:27:04 UTC] PHP Fatal error:  Declaration of WordpressRandomEntries::update($new_instance) must be compatible with WP_Widget::update($new_instance, $old_instance) in /wordpress/wp-content/plugins/randomentries-widget/randomentries-widget.php on line 36",
    "log": "/logs/plugins/p/paybox-woocommerce-payment-gateway/error.json"
  },
  {
    "message": "Declaration of WordpressRandomEntries::update($new_instance) must be compatible with WP_Widget::update($new_instance, $old_instance) in /wordpress/wp-content/plugins/randomentries-widget/randomentries-widget.php on line 36",
    "level": "FATAL",
    "type": "PHP",
    "test": "ast-sqlite-boot",
    "plugin": "paybox-woocommerce-payment-gateway",
    "details": "[13-Apr-2025 22:27:10 UTC] PHP Fatal error:  Declaration of WordpressRandomEntries::update($new_instance) must be compatible with WP_Widget::update($new_instance, $old_instance) in /wordpress/wp-content/plugins/randomentries-widget/randomentries-widget.php on line 36",
    "log": "/logs/plugins/p/paybox-woocommerce-payment-gateway/error.json"
  },
  {
    "message": "Uncaught TypeError: sizeof(): Argument #1 ($value) must be of type Countable|array, bool given in /wordpress/wp-content/plugins/rapidology-by-leadpages/dashboard/includes/options_config.php:78",
    "level": "FATAL",
    "type": "PHP",
    "test": "ast-sqlite-boot",
    "plugin": "paybox-woocommerce-payment-gateway",
    "details": "[13-Apr-2025 22:27:20 UTC] PHP Fatal error:  Uncaught TypeError: sizeof(): Argument #1 ($value) must be of type Countable|array, bool given in /wordpress/wp-content/plugins/rapidology-by-leadpages/dashboard/includes/options_config.php:78\nStack trace:\n#0 /wordpress/wp-content/plugins/rapidology-by-leadpages/dashboard/includes/options.php(47): require()\n#1 /wordpress/wp-content/plugins/rapidology-by-leadpages/dashboard/dashboard.php(80): require('/wordpress/wp-c...')\n#2 /wordpress/wp-content/plugins/rapidology-by-leadpages/dashboard/dashboard.php(43): RAD_Dashboard->include_options()\n#3 /wordpress/wp-content/plugins/rapidology-by-leadpages/rapidology.php(88): RAD_Dashboard->__construct(Array)\n#4 /wordpress/wp-content/plugins/rapidology-by-leadpages/rapidology.php(5045): RAD_Rapidology->__construct()\n#5 /wordpress/wp-admin/includes/plugin.php(2387): include_once('/wordpress/wp-c...')\n#6 /wordpress/wp-admin/includes/plugin.php(673): plugin_sandbox_scrape('rapidology-by-l...')\n#7 /internal/eval.php(20): activate_plugin('rapidology-by-l...')\n#8 {main}\n  thrown in /wordpress/wp-content/plugins/rapidology-by-leadpages/dashboard/includes/options_config.php on line 78",
    "log": "/logs/plugins/p/paybox-woocommerce-payment-gateway/error.json"
  },
  {
    "message": "Uncaught TypeError: sizeof(): Argument #1 ($value) must be of type Countable|array, bool given in /wordpress/wp-content/plugins/rapidology-by-leadpages/dashboard/includes/options_config.php:78",
    "level": "FATAL",
    "type": "PHP",
    "test": "ast-sqlite-boot",
    "plugin": "paybox-woocommerce-payment-gateway",
    "details": "[13-Apr-2025 22:27:28 UTC] PHP Fatal error:  Uncaught TypeError: sizeof(): Argument #1 ($value) must be of type Countable|array, bool given in /wordpress/wp-content/plugins/rapidology-by-leadpages/dashboard/includes/options_config.php:78\nStack trace:\n#0 /wordpress/wp-content/plugins/rapidology-by-leadpages/dashboard/includes/options.php(47): require()\n#1 /wordpress/wp-content/plugins/rapidology-by-leadpages/dashboard/dashboard.php(80): require('/wordpress/wp-c...')\n#2 /wordpress/wp-content/plugins/rapidology-by-leadpages/dashboard/dashboard.php(43): RAD_Dashboard->include_options()\n#3 /wordpress/wp-content/plugins/rapidology-by-leadpages/rapidology.php(88): RAD_Dashboard->__construct(Array)\n#4 /wordpress/wp-content/plugins/rapidology-by-leadpages/rapidology.php(5045): RAD_Rapidology->__construct()\n#5 /wordpress/wp-admin/includes/plugin.php(2387): include_once('/wordpress/wp-c...')\n#6 /wordpress/wp-admin/includes/plugin.php(673): plugin_sandbox_scrape('rapidology-by-l...')\n#7 /internal/eval.php(20): activate_plugin('rapidology-by-l...')\n#8 {main}\n  thrown in /wordpress/wp-content/plugins/rapidology-by-leadpages/dashboard/includes/options_config.php on line 78",
    "log": "/logs/plugins/p/paybox-woocommerce-payment-gateway/error.json"
  },
  {
    "message": "Uncaught TypeError: sizeof(): Argument #1 ($value) must be of type Countable|array, bool given in /wordpress/wp-content/plugins/rapidology-by-leadpages/dashboard/includes/options_config.php:78",
    "level": "FATAL",
    "type": "PHP",
    "test": "ast-sqlite-boot",
    "plugin": "paybox-woocommerce-payment-gateway",
    "details": "[13-Apr-2025 22:27:38 UTC] PHP Fatal error:  Uncaught TypeError: sizeof(): Argument #1 ($value) must be of type Countable|array, bool given in /wordpress/wp-content/plugins/rapidology-by-leadpages/dashboard/includes/options_config.php:78\nStack trace:\n#0 /wordpress/wp-content/plugins/rapidology-by-leadpages/dashboard/includes/options.php(47): require()\n#1 /wordpress/wp-content/plugins/rapidology-by-leadpages/dashboard/dashboard.php(80): require('/wordpress/wp-c...')\n#2 /wordpress/wp-content/plugins/rapidology-by-leadpages/dashboard/dashboard.php(43): RAD_Dashboard->include_options()\n#3 /wordpress/wp-content/plugins/rapidology-by-leadpages/rapidology.php(88): RAD_Dashboard->__construct(Array)\n#4 /wordpress/wp-content/plugins/rapidology-by-leadpages/rapidology.php(5045): RAD_Rapidology->__construct()\n#5 /wordpress/wp-admin/includes/plugin.php(2387): include_once('/wordpress/wp-c...')\n#6 /wordpress/wp-admin/includes/plugin.php(673): plugin_sandbox_scrape('rapidology-by-l...')\n#7 /internal/eval.php(20): activate_plugin('rapidology-by-l...')\n#8 {main}\n  thrown in /wordpress/wp-content/plugins/rapidology-by-leadpages/dashboard/includes/options_config.php on line 78",
    "log": "/logs/plugins/p/paybox-woocommerce-payment-gateway/error.json"
  },
  {
    "message": "Uncaught Error: Call to undefined function create_function() in /wordpress/wp-content/plugins/recurring-timer-widget/recurring-timer-widget.php:223",
    "level": "FATAL",
    "type": "PHP",
    "test": "ast-sqlite-boot",
    "plugin": "paybox-woocommerce-payment-gateway",
    "details": "[13-Apr-2025 22:28:44 UTC] PHP Fatal error:  Uncaught Error: Call to undefined function create_function() in /wordpress/wp-content/plugins/recurring-timer-widget/recurring-timer-widget.php:223\nStack trace:\n#0 /wordpress/wp-admin/includes/plugin.php(2387): include_once()\n#1 /wordpress/wp-admin/includes/plugin.php(673): plugin_sandbox_scrape('recurring-timer...')\n#2 /internal/eval.php(20): activate_plugin('recurring-timer...')\n#3 {main}\n  thrown in /wordpress/wp-content/plugins/recurring-timer-widget/recurring-timer-widget.php on line 223",
    "log": "/logs/plugins/p/paybox-woocommerce-payment-gateway/error.json"
  },
  {
    "message": "Uncaught Error: Call to undefined function create_function() in /wordpress/wp-content/plugins/recurring-timer-widget/recurring-timer-widget.php:223",
    "level": "FATAL",
    "type": "PHP",
    "test": "ast-sqlite-boot",
    "plugin": "paybox-woocommerce-payment-gateway",
    "details": "[13-Apr-2025 22:28:51 UTC] PHP Fatal error:  Uncaught Error: Call to undefined function create_function() in /wordpress/wp-content/plugins/recurring-timer-widget/recurring-timer-widget.php:223\nStack trace:\n#0 /wordpress/wp-admin/includes/plugin.php(2387): include_once()\n#1 /wordpress/wp-admin/includes/plugin.php(673): plugin_sandbox_scrape('recurring-timer...')\n#2 /internal/eval.php(20): activate_plugin('recurring-timer...')\n#3 {main}\n  thrown in /wordpress/wp-content/plugins/recurring-timer-widget/recurring-timer-widget.php on line 223",
    "log": "/logs/plugins/p/paybox-woocommerce-payment-gateway/error.json"
  },
  {
    "message": "Uncaught Error: Call to undefined function create_function() in /wordpress/wp-content/plugins/recurring-timer-widget/recurring-timer-widget.php:223",
    "level": "FATAL",
    "type": "PHP",
    "test": "ast-sqlite-boot",
    "plugin": "paybox-woocommerce-payment-gateway",
    "details": "[13-Apr-2025 22:28:58 UTC] PHP Fatal error:  Uncaught Error: Call to undefined function create_function() in /wordpress/wp-content/plugins/recurring-timer-widget/recurring-timer-widget.php:223\nStack trace:\n#0 /wordpress/wp-admin/includes/plugin.php(2387): include_once()\n#1 /wordpress/wp-admin/includes/plugin.php(673): plugin_sandbox_scrape('recurring-timer...')\n#2 /internal/eval.php(20): activate_plugin('recurring-timer...')\n#3 {main}\n  thrown in /wordpress/wp-content/plugins/recurring-timer-widget/recurring-timer-widget.php on line 223",
    "log": "/logs/plugins/p/paybox-woocommerce-payment-gateway/error.json"
  },
  {
    "message": "Function wp_enqueue_style was called <strong>incorrectly</strong>. Scripts and styles should not be registered or enqueued until the <code>wp_enqueue_scripts</code>, <code>admin_enqueue_scripts</code>, or <code>login_enqueue_scripts</code> hooks. This notice was triggered by the <code>repress_css</code> handle. Please see <a href=\"https://developer.wordpress.org/advanced-administration/debug/debug-wordpress/\">Debugging in WordPress</a> for more information. (This message was added in version 3.3.0.) in /wordpress/wp-includes/functions.php on line 6114",
    "level": "NOTICE",
    "type": "PHP",
    "test": "ast-sqlite-boot",
    "plugin": "paybox-woocommerce-payment-gateway",
    "details": "[13-Apr-2025 22:31:05 UTC] PHP Notice:  Function wp_enqueue_style was called <strong>incorrectly</strong>. Scripts and styles should not be registered or enqueued until the <code>wp_enqueue_scripts</code>, <code>admin_enqueue_scripts</code>, or <code>login_enqueue_scripts</code> hooks. This notice was triggered by the <code>repress_css</code> handle. Please see <a href=\"https://developer.wordpress.org/advanced-administration/debug/debug-wordpress/\">Debugging in WordPress</a> for more information. (This message was added in version 3.3.0.) in /wordpress/wp-includes/functions.php on line 6114",
    "log": "/logs/plugins/p/paybox-woocommerce-payment-gateway/error.json"
  },
  {
    "message": "Function is_feed was called <strong>incorrectly</strong>. Conditional query tags do not work before the query is run. Before then, they always return false. Please see <a href=\"https://developer.wordpress.org/advanced-administration/debug/debug-wordpress/\">Debugging in WordPress</a> for more information. (This message was added in version 3.1.0.) in /wordpress/wp-includes/functions.php on line 6114",
    "level": "NOTICE",
    "type": "PHP",
    "test": "ast-sqlite-boot",
    "plugin": "paybox-woocommerce-payment-gateway",
    "details": "[13-Apr-2025 22:31:05 UTC] PHP Notice:  Function is_feed was called <strong>incorrectly</strong>. Conditional query tags do not work before the query is run. Before then, they always return false. Please see <a href=\"https://developer.wordpress.org/advanced-administration/debug/debug-wordpress/\">Debugging in WordPress</a> for more information. (This message was added in version 3.1.0.) in /wordpress/wp-includes/functions.php on line 6114",
    "log": "/logs/plugins/p/paybox-woocommerce-payment-gateway/error.json"
  },
  {
    "message": "'continue' not in the 'loop' or 'switch' context in /wordpress/wp-content/plugins/repress/proxy.php on line 76",
    "level": "FATAL",
    "type": "PHP",
    "test": "ast-sqlite-boot",
    "plugin": "paybox-woocommerce-payment-gateway",
    "details": "[13-Apr-2025 22:31:05 UTC] PHP Fatal error:  'continue' not in the 'loop' or 'switch' context in /wordpress/wp-content/plugins/repress/proxy.php on line 76",
    "log": "/logs/plugins/p/paybox-woocommerce-payment-gateway/error.json"
  },
  {
    "message": "Function wp_enqueue_style was called <strong>incorrectly</strong>. Scripts and styles should not be registered or enqueued until the <code>wp_enqueue_scripts</code>, <code>admin_enqueue_scripts</code>, or <code>login_enqueue_scripts</code> hooks. This notice was triggered by the <code>repress_css</code> handle. Please see <a href=\"https://developer.wordpress.org/advanced-administration/debug/debug-wordpress/\">Debugging in WordPress</a> for more information. (This message was added in version 3.3.0.) in /wordpress/wp-includes/functions.php on line 6114",
    "level": "NOTICE",
    "type": "PHP",
    "test": "ast-sqlite-boot",
    "plugin": "paybox-woocommerce-payment-gateway",
    "details": "[13-Apr-2025 22:31:14 UTC] PHP Notice:  Function wp_enqueue_style was called <strong>incorrectly</strong>. Scripts and styles should not be registered or enqueued until the <code>wp_enqueue_scripts</code>, <code>admin_enqueue_scripts</code>, or <code>login_enqueue_scripts</code> hooks. This notice was triggered by the <code>repress_css</code> handle. Please see <a href=\"https://developer.wordpress.org/advanced-administration/debug/debug-wordpress/\">Debugging in WordPress</a> for more information. (This message was added in version 3.3.0.) in /wordpress/wp-includes/functions.php on line 6114",
    "log": "/logs/plugins/p/paybox-woocommerce-payment-gateway/error.json"
  },
  {
    "message": "Function is_feed was called <strong>incorrectly</strong>. Conditional query tags do not work before the query is run. Before then, they always return false. Please see <a href=\"https://developer.wordpress.org/advanced-administration/debug/debug-wordpress/\">Debugging in WordPress</a> for more information. (This message was added in version 3.1.0.) in /wordpress/wp-includes/functions.php on line 6114",
    "level": "NOTICE",
    "type": "PHP",
    "test": "ast-sqlite-boot",
    "plugin": "paybox-woocommerce-payment-gateway",
    "details": "[13-Apr-2025 22:31:14 UTC] PHP Notice:  Function is_feed was called <strong>incorrectly</strong>. Conditional query tags do not work before the query is run. Before then, they always return false. Please see <a href=\"https://developer.wordpress.org/advanced-administration/debug/debug-wordpress/\">Debugging in WordPress</a> for more information. (This message was added in version 3.1.0.) in /wordpress/wp-includes/functions.php on line 6114",
    "log": "/logs/plugins/p/paybox-woocommerce-payment-gateway/error.json"
  },
  {
    "message": "'continue' not in the 'loop' or 'switch' context in /wordpress/wp-content/plugins/repress/proxy.php on line 76",
    "level": "FATAL",
    "type": "PHP",
    "test": "ast-sqlite-boot",
    "plugin": "paybox-woocommerce-payment-gateway",
    "details": "[13-Apr-2025 22:31:14 UTC] PHP Fatal error:  'continue' not in the 'loop' or 'switch' context in /wordpress/wp-content/plugins/repress/proxy.php on line 76",
    "log": "/logs/plugins/p/paybox-woocommerce-payment-gateway/error.json"
  },
  {
    "message": "Function wp_enqueue_style was called <strong>incorrectly</strong>. Scripts and styles should not be registered or enqueued until the <code>wp_enqueue_scripts</code>, <code>admin_enqueue_scripts</code>, or <code>login_enqueue_scripts</code> hooks. This notice was triggered by the <code>repress_css</code> handle. Please see <a href=\"https://developer.wordpress.org/advanced-administration/debug/debug-wordpress/\">Debugging in WordPress</a> for more information. (This message was added in version 3.3.0.) in /wordpress/wp-includes/functions.php on line 6114",
    "level": "NOTICE",
    "type": "PHP",
    "test": "ast-sqlite-boot",
    "plugin": "paybox-woocommerce-payment-gateway",
    "details": "[13-Apr-2025 22:31:23 UTC] PHP Notice:  Function wp_enqueue_style was called <strong>incorrectly</strong>. Scripts and styles should not be registered or enqueued until the <code>wp_enqueue_scripts</code>, <code>admin_enqueue_scripts</code>, or <code>login_enqueue_scripts</code> hooks. This notice was triggered by the <code>repress_css</code> handle. Please see <a href=\"https://developer.wordpress.org/advanced-administration/debug/debug-wordpress/\">Debugging in WordPress</a> for more information. (This message was added in version 3.3.0.) in /wordpress/wp-includes/functions.php on line 6114",
    "log": "/logs/plugins/p/paybox-woocommerce-payment-gateway/error.json"
  },
  {
    "message": "Function is_feed was called <strong>incorrectly</strong>. Conditional query tags do not work before the query is run. Before then, they always return false. Please see <a href=\"https://developer.wordpress.org/advanced-administration/debug/debug-wordpress/\">Debugging in WordPress</a> for more information. (This message was added in version 3.1.0.) in /wordpress/wp-includes/functions.php on line 6114",
    "level": "NOTICE",
    "type": "PHP",
    "test": "ast-sqlite-boot",
    "plugin": "paybox-woocommerce-payment-gateway",
    "details": "[13-Apr-2025 22:31:23 UTC] PHP Notice:  Function is_feed was called <strong>incorrectly</strong>. Conditional query tags do not work before the query is run. Before then, they always return false. Please see <a href=\"https://developer.wordpress.org/advanced-administration/debug/debug-wordpress/\">Debugging in WordPress</a> for more information. (This message was added in version 3.1.0.) in /wordpress/wp-includes/functions.php on line 6114",
    "log": "/logs/plugins/p/paybox-woocommerce-payment-gateway/error.json"
  },
  {
    "message": "'continue' not in the 'loop' or 'switch' context in /wordpress/wp-content/plugins/repress/proxy.php on line 76",
    "level": "FATAL",
    "type": "PHP",
    "test": "ast-sqlite-boot",
    "plugin": "paybox-woocommerce-payment-gateway",
    "details": "[13-Apr-2025 22:31:23 UTC] PHP Fatal error:  'continue' not in the 'loop' or 'switch' context in /wordpress/wp-content/plugins/repress/proxy.php on line 76",
    "log": "/logs/plugins/p/paybox-woocommerce-payment-gateway/error.json"
  },
  {
    "message": "Undefined variable $wp_version in /wordpress/wp-content/plugins/responsive-iframe-watchdog/lgr_responsive_iframe_watchdog.php on line 367",
    "level": "WARNING",
    "type": "PHP",
    "test": "ast-sqlite-boot",
    "plugin": "paybox-woocommerce-payment-gateway",
    "details": "[13-Apr-2025 22:31:59 UTC] PHP Warning:  Undefined variable $wp_version in /wordpress/wp-content/plugins/responsive-iframe-watchdog/lgr_responsive_iframe_watchdog.php on line 367",
    "log": "/logs/plugins/p/paybox-woocommerce-payment-gateway/error.json"
  },
  {
    "message": "Undefined variable $wp_version in /wordpress/wp-content/plugins/responsive-iframe-watchdog/lgr_responsive_iframe_watchdog.php on line 367",
    "level": "WARNING",
    "type": "PHP",
    "test": "ast-sqlite-boot",
    "plugin": "paybox-woocommerce-payment-gateway",
    "details": "[13-Apr-2025 22:32:08 UTC] PHP Warning:  Undefined variable $wp_version in /wordpress/wp-content/plugins/responsive-iframe-watchdog/lgr_responsive_iframe_watchdog.php on line 367",
    "log": "/logs/plugins/p/paybox-woocommerce-payment-gateway/error.json"
  },
  {
    "message": "Undefined variable $wp_version in /wordpress/wp-content/plugins/responsive-iframe-watchdog/lgr_responsive_iframe_watchdog.php on line 367",
    "level": "WARNING",
    "type": "PHP",
    "test": "ast-sqlite-boot",
    "plugin": "paybox-woocommerce-payment-gateway",
    "details": "[13-Apr-2025 22:32:18 UTC] PHP Warning:  Undefined variable $wp_version in /wordpress/wp-content/plugins/responsive-iframe-watchdog/lgr_responsive_iframe_watchdog.php on line 367",
    "log": "/logs/plugins/p/paybox-woocommerce-payment-gateway/error.json"
  },
  {
    "message": "file_get_contents(/wordpress/.htaccess): Failed to open stream: No such file or directory in /wordpress/wp-content/plugins/rest-cache/includes/class.rewrite-rule.php on line 22",
    "level": "WARNING",
    "type": "PHP",
    "test": "ast-sqlite-boot",
    "plugin": "paybox-woocommerce-payment-gateway",
    "details": "[13-Apr-2025 22:32:39 UTC] PHP Warning:  file_get_contents(/wordpress/.htaccess): Failed to open stream: No such file or directory in /wordpress/wp-content/plugins/rest-cache/includes/class.rewrite-rule.php on line 22",
    "log": "/logs/plugins/p/paybox-woocommerce-payment-gateway/error.json"
  },
  {
    "message": "Undefined array key \"DOCUMENT_ROOT\" in /wordpress/wp-content/plugins/rest-cache/includes/class.rewrite-rule.php on line 44",
    "level": "WARNING",
    "type": "PHP",
    "test": "ast-sqlite-boot",
    "plugin": "paybox-woocommerce-payment-gateway",
    "details": "[13-Apr-2025 22:32:39 UTC] PHP Warning:  Undefined array key \"DOCUMENT_ROOT\" in /wordpress/wp-content/plugins/rest-cache/includes/class.rewrite-rule.php on line 44",
    "log": "/logs/plugins/p/paybox-woocommerce-payment-gateway/error.json"
  },
  {
    "message": "file_get_contents(/wordpress/.htaccess): Failed to open stream: No such file or directory in /wordpress/wp-content/plugins/rest-cache/includes/class.rewrite-rule.php on line 61",
    "level": "WARNING",
    "type": "PHP",
    "test": "ast-sqlite-boot",
    "plugin": "paybox-woocommerce-payment-gateway",
    "details": "[13-Apr-2025 22:32:39 UTC] PHP Warning:  file_get_contents(/wordpress/.htaccess): Failed to open stream: No such file or directory in /wordpress/wp-content/plugins/rest-cache/includes/class.rewrite-rule.php on line 61",
    "log": "/logs/plugins/p/paybox-woocommerce-payment-gateway/error.json"
  },
  {
    "message": "Uncaught GuzzleHttp\\Exception\\ClientException: Client error: `GET http://127.0.0.1:9404/wp-content/plugins/rest-cache/service/public/api/install` resulted in a `404 Not Found` response:",
    "level": "FATAL",
    "type": "PHP",
    "test": "ast-sqlite-boot",
    "plugin": "paybox-woocommerce-payment-gateway",
    "details": "[13-Apr-2025 22:32:42 UTC] PHP Fatal error:  Uncaught GuzzleHttp\\Exception\\ClientException: Client error: `GET http://127.0.0.1:9404/wp-content/plugins/rest-cache/service/public/api/install` resulted in a `404 Not Found` response:\n<!DOCTYPE html>\n<html lang=\"en-US\">\n<head>\n\t<meta charset=\"UTF-8\" />\n\t<meta name=\"viewport\" content=\"width=device-width, (truncated...)\n in /wordpress/wp-content/plugins/rest-cache/vendor/guzzlehttp/guzzle/src/Exception/RequestException.php:111\nStack trace:\n#0 /wordpress/wp-content/plugins/rest-cache/vendor/guzzlehttp/guzzle/src/Middleware.php(66): GuzzleHttp\\Exception\\RequestException::create(Object(GuzzleHttp\\Psr7\\Request), Object(GuzzleHttp\\Psr7\\Response))\n#1 /wordpress/wp-content/plugins/rest-cache/vendor/guzzlehttp/promises/src/Promise.php(203): GuzzleHttp\\Middleware::GuzzleHttp\\{closure}(Object(GuzzleHttp\\Psr7\\Response))\n#2 /wordpress/wp-content/plugins/rest-cache/vendor/guzzlehttp/promises/src/Promise.php(156): GuzzleHttp\\Promise\\Promise::callHandler(1, Object(GuzzleHttp\\Psr7\\Response), Array)\n#3 /wordpress/wp-content/plugins/rest-cache/vendor/guzzlehttp/promises/src/TaskQueue.php(47): GuzzleHttp\\Promise\\Promise::GuzzleHttp\\Promise\\{closure}()\n#4 /wordpress/wp-content/plugins/rest-cache/vendor/guzzlehttp/promises/src/Promise.php(246): GuzzleHttp\\Promise\\TaskQueue->run(true)\n#5 /wordpress/wp-content/plugins/rest-cache/vendor/guzzlehttp/promises/src/Promise.php(223): GuzzleHttp\\Promise\\Promise->invokeWaitFn()\n#6 /wordpress/wp-content/plugins/rest-cache/vendor/guzzlehttp/promises/src/Promise.php(267): GuzzleHttp\\Promise\\Promise->waitIfPending()\n#7 /wordpress/wp-content/plugins/rest-cache/vendor/guzzlehttp/promises/src/Promise.php(225): GuzzleHttp\\Promise\\Promise->invokeWaitList()\n#8 /wordpress/wp-content/plugins/rest-cache/vendor/guzzlehttp/promises/src/Promise.php(62): GuzzleHttp\\Promise\\Promise->waitIfPending()\n#9 /wordpress/wp-content/plugins/rest-cache/vendor/guzzlehttp/guzzle/src/Client.php(181): GuzzleHttp\\Promise\\Promise->wait()\n#10 /wordpress/wp-content/plugins/rest-cache/includes/class.plugin.php(94): GuzzleHttp\\Client->request('GET', 'http://127.0.0....', Array)\n#11 /wordpress/wp-includes/class-wp-hook.php(324): PerryRylance\\WordPress\\RESTCache\\Plugin->onActivate(false)\n#12 /wordpress/wp-includes/class-wp-hook.php(348): WP_Hook->apply_filters('', Array)\n#13 /wordpress/wp-includes/plugin.php(517): WP_Hook->do_action(Array)\n#14 /wordpress/wp-admin/includes/plugin.php(703): do_action('activate_rest-c...', false)\n#15 /internal/eval.php(20): activate_plugin('rest-cache/rest...')\n#16 {main}\n  thrown in /wordpress/wp-content/plugins/rest-cache/vendor/guzzlehttp/guzzle/src/Exception/RequestException.php on line 111",
    "log": "/logs/plugins/p/paybox-woocommerce-payment-gateway/error.json"
  },
  {
    "message": "Uncaught GuzzleHttp\\Exception\\ClientException: Client error: `GET http://127.0.0.1:9404/wp-content/plugins/rest-cache/service/public/api/install` resulted in a `404 Not Found` response:",
    "level": "FATAL",
    "type": "PHP",
    "test": "ast-sqlite-boot",
    "plugin": "paybox-woocommerce-payment-gateway",
    "details": "[13-Apr-2025 22:33:08 UTC] PHP Fatal error:  Uncaught GuzzleHttp\\Exception\\ClientException: Client error: `GET http://127.0.0.1:9404/wp-content/plugins/rest-cache/service/public/api/install` resulted in a `404 Not Found` response:\n<!DOCTYPE html>\n<html lang=\"en-US\">\n<head>\n\t<meta charset=\"UTF-8\" />\n\t<meta name=\"viewport\" content=\"width=device-width, (truncated...)\n in /wordpress/wp-content/plugins/rest-cache/vendor/guzzlehttp/guzzle/src/Exception/RequestException.php:111\nStack trace:\n#0 /wordpress/wp-content/plugins/rest-cache/vendor/guzzlehttp/guzzle/src/Middleware.php(66): GuzzleHttp\\Exception\\RequestException::create(Object(GuzzleHttp\\Psr7\\Request), Object(GuzzleHttp\\Psr7\\Response))\n#1 /wordpress/wp-content/plugins/rest-cache/vendor/guzzlehttp/promises/src/Promise.php(203): GuzzleHttp\\Middleware::GuzzleHttp\\{closure}(Object(GuzzleHttp\\Psr7\\Response))\n#2 /wordpress/wp-content/plugins/rest-cache/vendor/guzzlehttp/promises/src/Promise.php(156): GuzzleHttp\\Promise\\Promise::callHandler(1, Object(GuzzleHttp\\Psr7\\Response), Array)\n#3 /wordpress/wp-content/plugins/rest-cache/vendor/guzzlehttp/promises/src/TaskQueue.php(47): GuzzleHttp\\Promise\\Promise::GuzzleHttp\\Promise\\{closure}()\n#4 /wordpress/wp-content/plugins/rest-cache/vendor/guzzlehttp/promises/src/Promise.php(246): GuzzleHttp\\Promise\\TaskQueue->run(true)\n#5 /wordpress/wp-content/plugins/rest-cache/vendor/guzzlehttp/promises/src/Promise.php(223): GuzzleHttp\\Promise\\Promise->invokeWaitFn()\n#6 /wordpress/wp-content/plugins/rest-cache/vendor/guzzlehttp/promises/src/Promise.php(267): GuzzleHttp\\Promise\\Promise->waitIfPending()\n#7 /wordpress/wp-content/plugins/rest-cache/vendor/guzzlehttp/promises/src/Promise.php(225): GuzzleHttp\\Promise\\Promise->invokeWaitList()\n#8 /wordpress/wp-content/plugins/rest-cache/vendor/guzzlehttp/promises/src/Promise.php(62): GuzzleHttp\\Promise\\Promise->waitIfPending()\n#9 /wordpress/wp-content/plugins/rest-cache/vendor/guzzlehttp/guzzle/src/Client.php(181): GuzzleHttp\\Promise\\Promise->wait()\n#10 /wordpress/wp-content/plugins/rest-cache/includes/class.plugin.php(94): GuzzleHttp\\Client->request('GET', 'http://127.0.0....', Array)\n#11 /wordpress/wp-includes/class-wp-hook.php(324): PerryRylance\\WordPress\\RESTCache\\Plugin->onActivate(false)\n#12 /wordpress/wp-includes/class-wp-hook.php(348): WP_Hook->apply_filters('', Array)\n#13 /wordpress/wp-includes/plugin.php(517): WP_Hook->do_action(Array)\n#14 /wordpress/wp-admin/includes/plugin.php(703): do_action('activate_rest-c...', false)\n#15 /internal/eval.php(20): activate_plugin('rest-cache/rest...')\n#16 {main}\n  thrown in /wordpress/wp-content/plugins/rest-cache/vendor/guzzlehttp/guzzle/src/Exception/RequestException.php on line 111",
    "log": "/logs/plugins/p/paybox-woocommerce-payment-gateway/error.json"
  },
  {
    "message": "Uncaught GuzzleHttp\\Exception\\ClientException: Client error: `GET http://127.0.0.1:9404/wp-content/plugins/rest-cache/service/public/api/install` resulted in a `404 Not Found` response:",
    "level": "FATAL",
    "type": "PHP",
    "test": "ast-sqlite-boot",
    "plugin": "paybox-woocommerce-payment-gateway",
    "details": "[13-Apr-2025 22:33:35 UTC] PHP Fatal error:  Uncaught GuzzleHttp\\Exception\\ClientException: Client error: `GET http://127.0.0.1:9404/wp-content/plugins/rest-cache/service/public/api/install` resulted in a `404 Not Found` response:\n<!DOCTYPE html>\n<html lang=\"en-US\">\n<head>\n\t<meta charset=\"UTF-8\" />\n\t<meta name=\"viewport\" content=\"width=device-width, (truncated...)\n in /wordpress/wp-content/plugins/rest-cache/vendor/guzzlehttp/guzzle/src/Exception/RequestException.php:111\nStack trace:\n#0 /wordpress/wp-content/plugins/rest-cache/vendor/guzzlehttp/guzzle/src/Middleware.php(66): GuzzleHttp\\Exception\\RequestException::create(Object(GuzzleHttp\\Psr7\\Request), Object(GuzzleHttp\\Psr7\\Response))\n#1 /wordpress/wp-content/plugins/rest-cache/vendor/guzzlehttp/promises/src/Promise.php(203): GuzzleHttp\\Middleware::GuzzleHttp\\{closure}(Object(GuzzleHttp\\Psr7\\Response))\n#2 /wordpress/wp-content/plugins/rest-cache/vendor/guzzlehttp/promises/src/Promise.php(156): GuzzleHttp\\Promise\\Promise::callHandler(1, Object(GuzzleHttp\\Psr7\\Response), Array)\n#3 /wordpress/wp-content/plugins/rest-cache/vendor/guzzlehttp/promises/src/TaskQueue.php(47): GuzzleHttp\\Promise\\Promise::GuzzleHttp\\Promise\\{closure}()\n#4 /wordpress/wp-content/plugins/rest-cache/vendor/guzzlehttp/promises/src/Promise.php(246): GuzzleHttp\\Promise\\TaskQueue->run(true)\n#5 /wordpress/wp-content/plugins/rest-cache/vendor/guzzlehttp/promises/src/Promise.php(223): GuzzleHttp\\Promise\\Promise->invokeWaitFn()\n#6 /wordpress/wp-content/plugins/rest-cache/vendor/guzzlehttp/promises/src/Promise.php(267): GuzzleHttp\\Promise\\Promise->waitIfPending()\n#7 /wordpress/wp-content/plugins/rest-cache/vendor/guzzlehttp/promises/src/Promise.php(225): GuzzleHttp\\Promise\\Promise->invokeWaitList()\n#8 /wordpress/wp-content/plugins/rest-cache/vendor/guzzlehttp/promises/src/Promise.php(62): GuzzleHttp\\Promise\\Promise->waitIfPending()\n#9 /wordpress/wp-content/plugins/rest-cache/vendor/guzzlehttp/guzzle/src/Client.php(181): GuzzleHttp\\Promise\\Promise->wait()\n#10 /wordpress/wp-content/plugins/rest-cache/includes/class.plugin.php(94): GuzzleHttp\\Client->request('GET', 'http://127.0.0....', Array)\n#11 /wordpress/wp-includes/class-wp-hook.php(324): PerryRylance\\WordPress\\RESTCache\\Plugin->onActivate(false)\n#12 /wordpress/wp-includes/class-wp-hook.php(348): WP_Hook->apply_filters('', Array)\n#13 /wordpress/wp-includes/plugin.php(517): WP_Hook->do_action(Array)\n#14 /wordpress/wp-admin/includes/plugin.php(703): do_action('activate_rest-c...', false)\n#15 /internal/eval.php(20): activate_plugin('rest-cache/rest...')\n#16 {main}\n  thrown in /wordpress/wp-content/plugins/rest-cache/vendor/guzzlehttp/guzzle/src/Exception/RequestException.php on line 111\n\n    at Object.onBind (file:///home/runner/work/playground-tester/playground-tester/node_modules/@wp-playground/cli/index.js:237:15)\n    at process.processTicksAndRejections (node:internal/process/task_queues:105:5)\n    at async V (file:///home/runner/work/playground-tester/playground-tester/node_modules/@wp-playground/cli/index.js:64:10)\n    at async ja (file:///home/runner/work/playground-tester/playground-tester/node_modules/@wp-playground/cli/cli.js:8161:12) {\n  [cause]: Error: Error when executing the blueprint step #5 ({\"step\":\"installPlugin\",\"pluginData\":{\"resource\":\"wordpress.org/plugins\",\"slug\":\"paybox-woocommerce-payment-gateway\"},\"options\":{\"activate\":true}}) : Plugin /wordpress/wp-content/plugins/paybox-woocommerce-payment-gateway could not be activated – WordPress exited with no error. Sometimes, when $_SERVER or site options are not configured correctly, WordPress exits early with a 301 redirect. Inspect the \"debug\" logs in the console for more details.\n      at Object.run (file:///home/runner/work/playground-tester/playground-tester/node_modules/@wp-playground/blueprints/index.js:12449:19)\n      at process.processTicksAndRejections (node:internal/process/task_queues:105:5)\n      at async ms (file:///home/runner/work/playground-tester/playground-tester/node_modules/@wp-playground/blueprints/index.js:12552:3)\n      ... 2 lines matching cause stack trace ...\n      at async ja (file:///home/runner/work/playground-tester/playground-tester/node_modules/@wp-playground/cli/cli.js:8161:12) {\n    [cause]: Error: Plugin /wordpress/wp-content/plugins/paybox-woocommerce-payment-gateway could not be activated – WordPress exited with no error. Sometimes, when $_SERVER or site options are not configured correctly, WordPress exits early with a 301 redirect. Inspect the \"debug\" logs in the console for more details.\n        at wr (file:///home/runner/work/playground-tester/playground-tester/node_modules/@wp-playground/blueprints/index.js:119:51)\n        at process.processTicksAndRejections (node:internal/process/task_queues:105:5)\n        at async Object.gt [as installPlugin] (file:///home/runner/work/playground-tester/playground-tester/node_modules/@wp-playground/blueprints/index.js:974:42)\n        at async g (file:///home/runner/work/playground-tester/playground-tester/node_modules/@wp-playground/blueprints/index.js:12517:30)\n        at async Object.run (file:///home/runner/work/playground-tester/playground-tester/node_modules/@wp-playground/blueprints/index.js:12446:23)\n        at async ms (file:///home/runner/work/playground-tester/playground-tester/node_modules/@wp-playground/blueprints/index.js:12552:3)\n        at async Object.onBind (file:///home/runner/work/playground-tester/playground-tester/node_modules/@wp-playground/cli/index.js:227:48)\n        at async V (file:///home/runner/work/playground-tester/playground-tester/node_modules/@wp-playground/cli/index.js:64:10)\n        at async ja (file:///home/runner/work/playground-tester/playground-tester/node_modules/@wp-playground/cli/cli.js:8161:12)\n  }\n}\n\n",
    "log": "/logs/plugins/p/paybox-woocommerce-payment-gateway/error.json"
  },
  {
    "message": "file:///home/runner/work/playground-tester/playground-tester/node_modules/@wp-playground/cli/index.js:237\n        throw new Error(y, { cause: u });\n              ^\n",
    "level": "FATAL",
    "type": "PLAYGROUND",
    "test": "asyncify-boot",
    "plugin": "paybox-woocommerce-payment-gateway",
    "details": "file:///home/runner/work/playground-tester/playground-tester/node_modules/@wp-playground/cli/index.js:237\n        throw new Error(y, { cause: u });\n              ^\n",
    "log": "/tmp/tmp.9RS6Ls4W7j"
  },
  {
    "message": "Constant WP_IMAGE_SERVICE_DEBUG already defined in /wordpress/wp-content/plugins/prizm-image/wp-prizmimage.php on line 95",
    "level": "WARNING",
    "type": "PHP",
    "test": "asyncify-boot",
    "plugin": "paybox-woocommerce-payment-gateway",
    "details": "[13-Apr-2025 22:26:30 UTC] PHP Warning:  Constant WP_IMAGE_SERVICE_DEBUG already defined in /wordpress/wp-content/plugins/prizm-image/wp-prizmimage.php on line 95",
    "log": "/logs/plugins/p/paybox-woocommerce-payment-gateway/error.json"
  },
  {
    "message": "Constant WP_IMAGE_SERVICE_DEBUG already defined in /wordpress/wp-content/plugins/prizm-image/wp-prizmimage.php on line 95",
    "level": "WARNING",
    "type": "PHP",
    "test": "asyncify-boot",
    "plugin": "paybox-woocommerce-payment-gateway",
    "details": "[13-Apr-2025 22:26:31 UTC] PHP Warning:  Constant WP_IMAGE_SERVICE_DEBUG already defined in /wordpress/wp-content/plugins/prizm-image/wp-prizmimage.php on line 95",
    "log": "/logs/plugins/p/paybox-woocommerce-payment-gateway/error.json"
  },
  {
    "message": "Constant WP_IMAGE_SERVICE_DEBUG already defined in /wordpress/wp-content/plugins/prizm-image/wp-prizmimage.php on line 95",
    "level": "WARNING",
    "type": "PHP",
    "test": "asyncify-boot",
    "plugin": "paybox-woocommerce-payment-gateway",
    "details": "[13-Apr-2025 22:26:39 UTC] PHP Warning:  Constant WP_IMAGE_SERVICE_DEBUG already defined in /wordpress/wp-content/plugins/prizm-image/wp-prizmimage.php on line 95",
    "log": "/logs/plugins/p/paybox-woocommerce-payment-gateway/error.json"
  },
  {
    "message": "Constant WP_IMAGE_SERVICE_DEBUG already defined in /wordpress/wp-content/plugins/prizm-image/wp-prizmimage.php on line 95",
    "level": "WARNING",
    "type": "PHP",
    "test": "asyncify-boot",
    "plugin": "paybox-woocommerce-payment-gateway",
    "details": "[13-Apr-2025 22:26:39 UTC] PHP Warning:  Constant WP_IMAGE_SERVICE_DEBUG already defined in /wordpress/wp-content/plugins/prizm-image/wp-prizmimage.php on line 95",
    "log": "/logs/plugins/p/paybox-woocommerce-payment-gateway/error.json"
  },
  {
    "message": "Constant WP_IMAGE_SERVICE_DEBUG already defined in /wordpress/wp-content/plugins/prizm-image/wp-prizmimage.php on line 95",
    "level": "WARNING",
    "type": "PHP",
    "test": "asyncify-boot",
    "plugin": "paybox-woocommerce-payment-gateway",
    "details": "[13-Apr-2025 22:26:48 UTC] PHP Warning:  Constant WP_IMAGE_SERVICE_DEBUG already defined in /wordpress/wp-content/plugins/prizm-image/wp-prizmimage.php on line 95",
    "log": "/logs/plugins/p/paybox-woocommerce-payment-gateway/error.json"
  },
  {
    "message": "Constant WP_IMAGE_SERVICE_DEBUG already defined in /wordpress/wp-content/plugins/prizm-image/wp-prizmimage.php on line 95",
    "level": "WARNING",
    "type": "PHP",
    "test": "asyncify-boot",
    "plugin": "paybox-woocommerce-payment-gateway",
    "details": "[13-Apr-2025 22:26:48 UTC] PHP Warning:  Constant WP_IMAGE_SERVICE_DEBUG already defined in /wordpress/wp-content/plugins/prizm-image/wp-prizmimage.php on line 95",
    "log": "/logs/plugins/p/paybox-woocommerce-payment-gateway/error.json"
  },
  {
    "message": "Declaration of WordpressRandomEntries::update($new_instance) must be compatible with WP_Widget::update($new_instance, $old_instance) in /wordpress/wp-content/plugins/randomentries-widget/randomentries-widget.php on line 36",
    "level": "FATAL",
    "type": "PHP",
    "test": "asyncify-boot",
    "plugin": "paybox-woocommerce-payment-gateway",
    "details": "[13-Apr-2025 22:26:56 UTC] PHP Fatal error:  Declaration of WordpressRandomEntries::update($new_instance) must be compatible with WP_Widget::update($new_instance, $old_instance) in /wordpress/wp-content/plugins/randomentries-widget/randomentries-widget.php on line 36",
    "log": "/logs/plugins/p/paybox-woocommerce-payment-gateway/error.json"
  },
  {
    "message": "Declaration of WordpressRandomEntries::update($new_instance) must be compatible with WP_Widget::update($new_instance, $old_instance) in /wordpress/wp-content/plugins/randomentries-widget/randomentries-widget.php on line 36",
    "level": "FATAL",
    "type": "PHP",
    "test": "asyncify-boot",
    "plugin": "paybox-woocommerce-payment-gateway",
    "details": "[13-Apr-2025 22:27:04 UTC] PHP Fatal error:  Declaration of WordpressRandomEntries::update($new_instance) must be compatible with WP_Widget::update($new_instance, $old_instance) in /wordpress/wp-content/plugins/randomentries-widget/randomentries-widget.php on line 36",
    "log": "/logs/plugins/p/paybox-woocommerce-payment-gateway/error.json"
  },
  {
    "message": "Declaration of WordpressRandomEntries::update($new_instance) must be compatible with WP_Widget::update($new_instance, $old_instance) in /wordpress/wp-content/plugins/randomentries-widget/randomentries-widget.php on line 36",
    "level": "FATAL",
    "type": "PHP",
    "test": "asyncify-boot",
    "plugin": "paybox-woocommerce-payment-gateway",
    "details": "[13-Apr-2025 22:27:10 UTC] PHP Fatal error:  Declaration of WordpressRandomEntries::update($new_instance) must be compatible with WP_Widget::update($new_instance, $old_instance) in /wordpress/wp-content/plugins/randomentries-widget/randomentries-widget.php on line 36",
    "log": "/logs/plugins/p/paybox-woocommerce-payment-gateway/error.json"
  },
  {
    "message": "Uncaught TypeError: sizeof(): Argument #1 ($value) must be of type Countable|array, bool given in /wordpress/wp-content/plugins/rapidology-by-leadpages/dashboard/includes/options_config.php:78",
    "level": "FATAL",
    "type": "PHP",
    "test": "asyncify-boot",
    "plugin": "paybox-woocommerce-payment-gateway",
    "details": "[13-Apr-2025 22:27:20 UTC] PHP Fatal error:  Uncaught TypeError: sizeof(): Argument #1 ($value) must be of type Countable|array, bool given in /wordpress/wp-content/plugins/rapidology-by-leadpages/dashboard/includes/options_config.php:78\nStack trace:\n#0 /wordpress/wp-content/plugins/rapidology-by-leadpages/dashboard/includes/options.php(47): require()\n#1 /wordpress/wp-content/plugins/rapidology-by-leadpages/dashboard/dashboard.php(80): require('/wordpress/wp-c...')\n#2 /wordpress/wp-content/plugins/rapidology-by-leadpages/dashboard/dashboard.php(43): RAD_Dashboard->include_options()\n#3 /wordpress/wp-content/plugins/rapidology-by-leadpages/rapidology.php(88): RAD_Dashboard->__construct(Array)\n#4 /wordpress/wp-content/plugins/rapidology-by-leadpages/rapidology.php(5045): RAD_Rapidology->__construct()\n#5 /wordpress/wp-admin/includes/plugin.php(2387): include_once('/wordpress/wp-c...')\n#6 /wordpress/wp-admin/includes/plugin.php(673): plugin_sandbox_scrape('rapidology-by-l...')\n#7 /internal/eval.php(20): activate_plugin('rapidology-by-l...')\n#8 {main}\n  thrown in /wordpress/wp-content/plugins/rapidology-by-leadpages/dashboard/includes/options_config.php on line 78",
    "log": "/logs/plugins/p/paybox-woocommerce-payment-gateway/error.json"
  },
  {
    "message": "Uncaught TypeError: sizeof(): Argument #1 ($value) must be of type Countable|array, bool given in /wordpress/wp-content/plugins/rapidology-by-leadpages/dashboard/includes/options_config.php:78",
    "level": "FATAL",
    "type": "PHP",
    "test": "asyncify-boot",
    "plugin": "paybox-woocommerce-payment-gateway",
    "details": "[13-Apr-2025 22:27:28 UTC] PHP Fatal error:  Uncaught TypeError: sizeof(): Argument #1 ($value) must be of type Countable|array, bool given in /wordpress/wp-content/plugins/rapidology-by-leadpages/dashboard/includes/options_config.php:78\nStack trace:\n#0 /wordpress/wp-content/plugins/rapidology-by-leadpages/dashboard/includes/options.php(47): require()\n#1 /wordpress/wp-content/plugins/rapidology-by-leadpages/dashboard/dashboard.php(80): require('/wordpress/wp-c...')\n#2 /wordpress/wp-content/plugins/rapidology-by-leadpages/dashboard/dashboard.php(43): RAD_Dashboard->include_options()\n#3 /wordpress/wp-content/plugins/rapidology-by-leadpages/rapidology.php(88): RAD_Dashboard->__construct(Array)\n#4 /wordpress/wp-content/plugins/rapidology-by-leadpages/rapidology.php(5045): RAD_Rapidology->__construct()\n#5 /wordpress/wp-admin/includes/plugin.php(2387): include_once('/wordpress/wp-c...')\n#6 /wordpress/wp-admin/includes/plugin.php(673): plugin_sandbox_scrape('rapidology-by-l...')\n#7 /internal/eval.php(20): activate_plugin('rapidology-by-l...')\n#8 {main}\n  thrown in /wordpress/wp-content/plugins/rapidology-by-leadpages/dashboard/includes/options_config.php on line 78",
    "log": "/logs/plugins/p/paybox-woocommerce-payment-gateway/error.json"
  },
  {
    "message": "Uncaught TypeError: sizeof(): Argument #1 ($value) must be of type Countable|array, bool given in /wordpress/wp-content/plugins/rapidology-by-leadpages/dashboard/includes/options_config.php:78",
    "level": "FATAL",
    "type": "PHP",
    "test": "asyncify-boot",
    "plugin": "paybox-woocommerce-payment-gateway",
    "details": "[13-Apr-2025 22:27:38 UTC] PHP Fatal error:  Uncaught TypeError: sizeof(): Argument #1 ($value) must be of type Countable|array, bool given in /wordpress/wp-content/plugins/rapidology-by-leadpages/dashboard/includes/options_config.php:78\nStack trace:\n#0 /wordpress/wp-content/plugins/rapidology-by-leadpages/dashboard/includes/options.php(47): require()\n#1 /wordpress/wp-content/plugins/rapidology-by-leadpages/dashboard/dashboard.php(80): require('/wordpress/wp-c...')\n#2 /wordpress/wp-content/plugins/rapidology-by-leadpages/dashboard/dashboard.php(43): RAD_Dashboard->include_options()\n#3 /wordpress/wp-content/plugins/rapidology-by-leadpages/rapidology.php(88): RAD_Dashboard->__construct(Array)\n#4 /wordpress/wp-content/plugins/rapidology-by-leadpages/rapidology.php(5045): RAD_Rapidology->__construct()\n#5 /wordpress/wp-admin/includes/plugin.php(2387): include_once('/wordpress/wp-c...')\n#6 /wordpress/wp-admin/includes/plugin.php(673): plugin_sandbox_scrape('rapidology-by-l...')\n#7 /internal/eval.php(20): activate_plugin('rapidology-by-l...')\n#8 {main}\n  thrown in /wordpress/wp-content/plugins/rapidology-by-leadpages/dashboard/includes/options_config.php on line 78",
    "log": "/logs/plugins/p/paybox-woocommerce-payment-gateway/error.json"
  },
  {
    "message": "Uncaught Error: Call to undefined function create_function() in /wordpress/wp-content/plugins/recurring-timer-widget/recurring-timer-widget.php:223",
    "level": "FATAL",
    "type": "PHP",
    "test": "asyncify-boot",
    "plugin": "paybox-woocommerce-payment-gateway",
    "details": "[13-Apr-2025 22:28:44 UTC] PHP Fatal error:  Uncaught Error: Call to undefined function create_function() in /wordpress/wp-content/plugins/recurring-timer-widget/recurring-timer-widget.php:223\nStack trace:\n#0 /wordpress/wp-admin/includes/plugin.php(2387): include_once()\n#1 /wordpress/wp-admin/includes/plugin.php(673): plugin_sandbox_scrape('recurring-timer...')\n#2 /internal/eval.php(20): activate_plugin('recurring-timer...')\n#3 {main}\n  thrown in /wordpress/wp-content/plugins/recurring-timer-widget/recurring-timer-widget.php on line 223",
    "log": "/logs/plugins/p/paybox-woocommerce-payment-gateway/error.json"
  },
  {
    "message": "Uncaught Error: Call to undefined function create_function() in /wordpress/wp-content/plugins/recurring-timer-widget/recurring-timer-widget.php:223",
    "level": "FATAL",
    "type": "PHP",
    "test": "asyncify-boot",
    "plugin": "paybox-woocommerce-payment-gateway",
    "details": "[13-Apr-2025 22:28:51 UTC] PHP Fatal error:  Uncaught Error: Call to undefined function create_function() in /wordpress/wp-content/plugins/recurring-timer-widget/recurring-timer-widget.php:223\nStack trace:\n#0 /wordpress/wp-admin/includes/plugin.php(2387): include_once()\n#1 /wordpress/wp-admin/includes/plugin.php(673): plugin_sandbox_scrape('recurring-timer...')\n#2 /internal/eval.php(20): activate_plugin('recurring-timer...')\n#3 {main}\n  thrown in /wordpress/wp-content/plugins/recurring-timer-widget/recurring-timer-widget.php on line 223",
    "log": "/logs/plugins/p/paybox-woocommerce-payment-gateway/error.json"
  },
  {
    "message": "Uncaught Error: Call to undefined function create_function() in /wordpress/wp-content/plugins/recurring-timer-widget/recurring-timer-widget.php:223",
    "level": "FATAL",
    "type": "PHP",
    "test": "asyncify-boot",
    "plugin": "paybox-woocommerce-payment-gateway",
    "details": "[13-Apr-2025 22:28:58 UTC] PHP Fatal error:  Uncaught Error: Call to undefined function create_function() in /wordpress/wp-content/plugins/recurring-timer-widget/recurring-timer-widget.php:223\nStack trace:\n#0 /wordpress/wp-admin/includes/plugin.php(2387): include_once()\n#1 /wordpress/wp-admin/includes/plugin.php(673): plugin_sandbox_scrape('recurring-timer...')\n#2 /internal/eval.php(20): activate_plugin('recurring-timer...')\n#3 {main}\n  thrown in /wordpress/wp-content/plugins/recurring-timer-widget/recurring-timer-widget.php on line 223",
    "log": "/logs/plugins/p/paybox-woocommerce-payment-gateway/error.json"
  },
  {
    "message": "Function wp_enqueue_style was called <strong>incorrectly</strong>. Scripts and styles should not be registered or enqueued until the <code>wp_enqueue_scripts</code>, <code>admin_enqueue_scripts</code>, or <code>login_enqueue_scripts</code> hooks. This notice was triggered by the <code>repress_css</code> handle. Please see <a href=\"https://developer.wordpress.org/advanced-administration/debug/debug-wordpress/\">Debugging in WordPress</a> for more information. (This message was added in version 3.3.0.) in /wordpress/wp-includes/functions.php on line 6114",
    "level": "NOTICE",
    "type": "PHP",
    "test": "asyncify-boot",
    "plugin": "paybox-woocommerce-payment-gateway",
    "details": "[13-Apr-2025 22:31:05 UTC] PHP Notice:  Function wp_enqueue_style was called <strong>incorrectly</strong>. Scripts and styles should not be registered or enqueued until the <code>wp_enqueue_scripts</code>, <code>admin_enqueue_scripts</code>, or <code>login_enqueue_scripts</code> hooks. This notice was triggered by the <code>repress_css</code> handle. Please see <a href=\"https://developer.wordpress.org/advanced-administration/debug/debug-wordpress/\">Debugging in WordPress</a> for more information. (This message was added in version 3.3.0.) in /wordpress/wp-includes/functions.php on line 6114",
    "log": "/logs/plugins/p/paybox-woocommerce-payment-gateway/error.json"
  },
  {
    "message": "Function is_feed was called <strong>incorrectly</strong>. Conditional query tags do not work before the query is run. Before then, they always return false. Please see <a href=\"https://developer.wordpress.org/advanced-administration/debug/debug-wordpress/\">Debugging in WordPress</a> for more information. (This message was added in version 3.1.0.) in /wordpress/wp-includes/functions.php on line 6114",
    "level": "NOTICE",
    "type": "PHP",
    "test": "asyncify-boot",
    "plugin": "paybox-woocommerce-payment-gateway",
    "details": "[13-Apr-2025 22:31:05 UTC] PHP Notice:  Function is_feed was called <strong>incorrectly</strong>. Conditional query tags do not work before the query is run. Before then, they always return false. Please see <a href=\"https://developer.wordpress.org/advanced-administration/debug/debug-wordpress/\">Debugging in WordPress</a> for more information. (This message was added in version 3.1.0.) in /wordpress/wp-includes/functions.php on line 6114",
    "log": "/logs/plugins/p/paybox-woocommerce-payment-gateway/error.json"
  },
  {
    "message": "'continue' not in the 'loop' or 'switch' context in /wordpress/wp-content/plugins/repress/proxy.php on line 76",
    "level": "FATAL",
    "type": "PHP",
    "test": "asyncify-boot",
    "plugin": "paybox-woocommerce-payment-gateway",
    "details": "[13-Apr-2025 22:31:05 UTC] PHP Fatal error:  'continue' not in the 'loop' or 'switch' context in /wordpress/wp-content/plugins/repress/proxy.php on line 76",
    "log": "/logs/plugins/p/paybox-woocommerce-payment-gateway/error.json"
  },
  {
    "message": "Function wp_enqueue_style was called <strong>incorrectly</strong>. Scripts and styles should not be registered or enqueued until the <code>wp_enqueue_scripts</code>, <code>admin_enqueue_scripts</code>, or <code>login_enqueue_scripts</code> hooks. This notice was triggered by the <code>repress_css</code> handle. Please see <a href=\"https://developer.wordpress.org/advanced-administration/debug/debug-wordpress/\">Debugging in WordPress</a> for more information. (This message was added in version 3.3.0.) in /wordpress/wp-includes/functions.php on line 6114",
    "level": "NOTICE",
    "type": "PHP",
    "test": "asyncify-boot",
    "plugin": "paybox-woocommerce-payment-gateway",
    "details": "[13-Apr-2025 22:31:14 UTC] PHP Notice:  Function wp_enqueue_style was called <strong>incorrectly</strong>. Scripts and styles should not be registered or enqueued until the <code>wp_enqueue_scripts</code>, <code>admin_enqueue_scripts</code>, or <code>login_enqueue_scripts</code> hooks. This notice was triggered by the <code>repress_css</code> handle. Please see <a href=\"https://developer.wordpress.org/advanced-administration/debug/debug-wordpress/\">Debugging in WordPress</a> for more information. (This message was added in version 3.3.0.) in /wordpress/wp-includes/functions.php on line 6114",
    "log": "/logs/plugins/p/paybox-woocommerce-payment-gateway/error.json"
  },
  {
    "message": "Function is_feed was called <strong>incorrectly</strong>. Conditional query tags do not work before the query is run. Before then, they always return false. Please see <a href=\"https://developer.wordpress.org/advanced-administration/debug/debug-wordpress/\">Debugging in WordPress</a> for more information. (This message was added in version 3.1.0.) in /wordpress/wp-includes/functions.php on line 6114",
    "level": "NOTICE",
    "type": "PHP",
    "test": "asyncify-boot",
    "plugin": "paybox-woocommerce-payment-gateway",
    "details": "[13-Apr-2025 22:31:14 UTC] PHP Notice:  Function is_feed was called <strong>incorrectly</strong>. Conditional query tags do not work before the query is run. Before then, they always return false. Please see <a href=\"https://developer.wordpress.org/advanced-administration/debug/debug-wordpress/\">Debugging in WordPress</a> for more information. (This message was added in version 3.1.0.) in /wordpress/wp-includes/functions.php on line 6114",
    "log": "/logs/plugins/p/paybox-woocommerce-payment-gateway/error.json"
  },
  {
    "message": "'continue' not in the 'loop' or 'switch' context in /wordpress/wp-content/plugins/repress/proxy.php on line 76",
    "level": "FATAL",
    "type": "PHP",
    "test": "asyncify-boot",
    "plugin": "paybox-woocommerce-payment-gateway",
    "details": "[13-Apr-2025 22:31:14 UTC] PHP Fatal error:  'continue' not in the 'loop' or 'switch' context in /wordpress/wp-content/plugins/repress/proxy.php on line 76",
    "log": "/logs/plugins/p/paybox-woocommerce-payment-gateway/error.json"
  },
  {
    "message": "Function wp_enqueue_style was called <strong>incorrectly</strong>. Scripts and styles should not be registered or enqueued until the <code>wp_enqueue_scripts</code>, <code>admin_enqueue_scripts</code>, or <code>login_enqueue_scripts</code> hooks. This notice was triggered by the <code>repress_css</code> handle. Please see <a href=\"https://developer.wordpress.org/advanced-administration/debug/debug-wordpress/\">Debugging in WordPress</a> for more information. (This message was added in version 3.3.0.) in /wordpress/wp-includes/functions.php on line 6114",
    "level": "NOTICE",
    "type": "PHP",
    "test": "asyncify-boot",
    "plugin": "paybox-woocommerce-payment-gateway",
    "details": "[13-Apr-2025 22:31:23 UTC] PHP Notice:  Function wp_enqueue_style was called <strong>incorrectly</strong>. Scripts and styles should not be registered or enqueued until the <code>wp_enqueue_scripts</code>, <code>admin_enqueue_scripts</code>, or <code>login_enqueue_scripts</code> hooks. This notice was triggered by the <code>repress_css</code> handle. Please see <a href=\"https://developer.wordpress.org/advanced-administration/debug/debug-wordpress/\">Debugging in WordPress</a> for more information. (This message was added in version 3.3.0.) in /wordpress/wp-includes/functions.php on line 6114",
    "log": "/logs/plugins/p/paybox-woocommerce-payment-gateway/error.json"
  },
  {
    "message": "Function is_feed was called <strong>incorrectly</strong>. Conditional query tags do not work before the query is run. Before then, they always return false. Please see <a href=\"https://developer.wordpress.org/advanced-administration/debug/debug-wordpress/\">Debugging in WordPress</a> for more information. (This message was added in version 3.1.0.) in /wordpress/wp-includes/functions.php on line 6114",
    "level": "NOTICE",
    "type": "PHP",
    "test": "asyncify-boot",
    "plugin": "paybox-woocommerce-payment-gateway",
    "details": "[13-Apr-2025 22:31:23 UTC] PHP Notice:  Function is_feed was called <strong>incorrectly</strong>. Conditional query tags do not work before the query is run. Before then, they always return false. Please see <a href=\"https://developer.wordpress.org/advanced-administration/debug/debug-wordpress/\">Debugging in WordPress</a> for more information. (This message was added in version 3.1.0.) in /wordpress/wp-includes/functions.php on line 6114",
    "log": "/logs/plugins/p/paybox-woocommerce-payment-gateway/error.json"
  },
  {
    "message": "'continue' not in the 'loop' or 'switch' context in /wordpress/wp-content/plugins/repress/proxy.php on line 76",
    "level": "FATAL",
    "type": "PHP",
    "test": "asyncify-boot",
    "plugin": "paybox-woocommerce-payment-gateway",
    "details": "[13-Apr-2025 22:31:23 UTC] PHP Fatal error:  'continue' not in the 'loop' or 'switch' context in /wordpress/wp-content/plugins/repress/proxy.php on line 76",
    "log": "/logs/plugins/p/paybox-woocommerce-payment-gateway/error.json"
  },
  {
    "message": "Undefined variable $wp_version in /wordpress/wp-content/plugins/responsive-iframe-watchdog/lgr_responsive_iframe_watchdog.php on line 367",
    "level": "WARNING",
    "type": "PHP",
    "test": "asyncify-boot",
    "plugin": "paybox-woocommerce-payment-gateway",
    "details": "[13-Apr-2025 22:31:59 UTC] PHP Warning:  Undefined variable $wp_version in /wordpress/wp-content/plugins/responsive-iframe-watchdog/lgr_responsive_iframe_watchdog.php on line 367",
    "log": "/logs/plugins/p/paybox-woocommerce-payment-gateway/error.json"
  },
  {
    "message": "Undefined variable $wp_version in /wordpress/wp-content/plugins/responsive-iframe-watchdog/lgr_responsive_iframe_watchdog.php on line 367",
    "level": "WARNING",
    "type": "PHP",
    "test": "asyncify-boot",
    "plugin": "paybox-woocommerce-payment-gateway",
    "details": "[13-Apr-2025 22:32:08 UTC] PHP Warning:  Undefined variable $wp_version in /wordpress/wp-content/plugins/responsive-iframe-watchdog/lgr_responsive_iframe_watchdog.php on line 367",
    "log": "/logs/plugins/p/paybox-woocommerce-payment-gateway/error.json"
  },
  {
    "message": "Undefined variable $wp_version in /wordpress/wp-content/plugins/responsive-iframe-watchdog/lgr_responsive_iframe_watchdog.php on line 367",
    "level": "WARNING",
    "type": "PHP",
    "test": "asyncify-boot",
    "plugin": "paybox-woocommerce-payment-gateway",
    "details": "[13-Apr-2025 22:32:18 UTC] PHP Warning:  Undefined variable $wp_version in /wordpress/wp-content/plugins/responsive-iframe-watchdog/lgr_responsive_iframe_watchdog.php on line 367",
    "log": "/logs/plugins/p/paybox-woocommerce-payment-gateway/error.json"
  },
  {
    "message": "file_get_contents(/wordpress/.htaccess): Failed to open stream: No such file or directory in /wordpress/wp-content/plugins/rest-cache/includes/class.rewrite-rule.php on line 22",
    "level": "WARNING",
    "type": "PHP",
    "test": "asyncify-boot",
    "plugin": "paybox-woocommerce-payment-gateway",
    "details": "[13-Apr-2025 22:32:39 UTC] PHP Warning:  file_get_contents(/wordpress/.htaccess): Failed to open stream: No such file or directory in /wordpress/wp-content/plugins/rest-cache/includes/class.rewrite-rule.php on line 22",
    "log": "/logs/plugins/p/paybox-woocommerce-payment-gateway/error.json"
  },
  {
    "message": "Undefined array key \"DOCUMENT_ROOT\" in /wordpress/wp-content/plugins/rest-cache/includes/class.rewrite-rule.php on line 44",
    "level": "WARNING",
    "type": "PHP",
    "test": "asyncify-boot",
    "plugin": "paybox-woocommerce-payment-gateway",
    "details": "[13-Apr-2025 22:32:39 UTC] PHP Warning:  Undefined array key \"DOCUMENT_ROOT\" in /wordpress/wp-content/plugins/rest-cache/includes/class.rewrite-rule.php on line 44",
    "log": "/logs/plugins/p/paybox-woocommerce-payment-gateway/error.json"
  },
  {
    "message": "file_get_contents(/wordpress/.htaccess): Failed to open stream: No such file or directory in /wordpress/wp-content/plugins/rest-cache/includes/class.rewrite-rule.php on line 61",
    "level": "WARNING",
    "type": "PHP",
    "test": "asyncify-boot",
    "plugin": "paybox-woocommerce-payment-gateway",
    "details": "[13-Apr-2025 22:32:39 UTC] PHP Warning:  file_get_contents(/wordpress/.htaccess): Failed to open stream: No such file or directory in /wordpress/wp-content/plugins/rest-cache/includes/class.rewrite-rule.php on line 61",
    "log": "/logs/plugins/p/paybox-woocommerce-payment-gateway/error.json"
  },
  {
    "message": "Uncaught GuzzleHttp\\Exception\\ClientException: Client error: `GET http://127.0.0.1:9404/wp-content/plugins/rest-cache/service/public/api/install` resulted in a `404 Not Found` response:",
    "level": "FATAL",
    "type": "PHP",
    "test": "asyncify-boot",
    "plugin": "paybox-woocommerce-payment-gateway",
    "details": "[13-Apr-2025 22:32:42 UTC] PHP Fatal error:  Uncaught GuzzleHttp\\Exception\\ClientException: Client error: `GET http://127.0.0.1:9404/wp-content/plugins/rest-cache/service/public/api/install` resulted in a `404 Not Found` response:\n<!DOCTYPE html>\n<html lang=\"en-US\">\n<head>\n\t<meta charset=\"UTF-8\" />\n\t<meta name=\"viewport\" content=\"width=device-width, (truncated...)\n in /wordpress/wp-content/plugins/rest-cache/vendor/guzzlehttp/guzzle/src/Exception/RequestException.php:111\nStack trace:\n#0 /wordpress/wp-content/plugins/rest-cache/vendor/guzzlehttp/guzzle/src/Middleware.php(66): GuzzleHttp\\Exception\\RequestException::create(Object(GuzzleHttp\\Psr7\\Request), Object(GuzzleHttp\\Psr7\\Response))\n#1 /wordpress/wp-content/plugins/rest-cache/vendor/guzzlehttp/promises/src/Promise.php(203): GuzzleHttp\\Middleware::GuzzleHttp\\{closure}(Object(GuzzleHttp\\Psr7\\Response))\n#2 /wordpress/wp-content/plugins/rest-cache/vendor/guzzlehttp/promises/src/Promise.php(156): GuzzleHttp\\Promise\\Promise::callHandler(1, Object(GuzzleHttp\\Psr7\\Response), Array)\n#3 /wordpress/wp-content/plugins/rest-cache/vendor/guzzlehttp/promises/src/TaskQueue.php(47): GuzzleHttp\\Promise\\Promise::GuzzleHttp\\Promise\\{closure}()\n#4 /wordpress/wp-content/plugins/rest-cache/vendor/guzzlehttp/promises/src/Promise.php(246): GuzzleHttp\\Promise\\TaskQueue->run(true)\n#5 /wordpress/wp-content/plugins/rest-cache/vendor/guzzlehttp/promises/src/Promise.php(223): GuzzleHttp\\Promise\\Promise->invokeWaitFn()\n#6 /wordpress/wp-content/plugins/rest-cache/vendor/guzzlehttp/promises/src/Promise.php(267): GuzzleHttp\\Promise\\Promise->waitIfPending()\n#7 /wordpress/wp-content/plugins/rest-cache/vendor/guzzlehttp/promises/src/Promise.php(225): GuzzleHttp\\Promise\\Promise->invokeWaitList()\n#8 /wordpress/wp-content/plugins/rest-cache/vendor/guzzlehttp/promises/src/Promise.php(62): GuzzleHttp\\Promise\\Promise->waitIfPending()\n#9 /wordpress/wp-content/plugins/rest-cache/vendor/guzzlehttp/guzzle/src/Client.php(181): GuzzleHttp\\Promise\\Promise->wait()\n#10 /wordpress/wp-content/plugins/rest-cache/includes/class.plugin.php(94): GuzzleHttp\\Client->request('GET', 'http://127.0.0....', Array)\n#11 /wordpress/wp-includes/class-wp-hook.php(324): PerryRylance\\WordPress\\RESTCache\\Plugin->onActivate(false)\n#12 /wordpress/wp-includes/class-wp-hook.php(348): WP_Hook->apply_filters('', Array)\n#13 /wordpress/wp-includes/plugin.php(517): WP_Hook->do_action(Array)\n#14 /wordpress/wp-admin/includes/plugin.php(703): do_action('activate_rest-c...', false)\n#15 /internal/eval.php(20): activate_plugin('rest-cache/rest...')\n#16 {main}\n  thrown in /wordpress/wp-content/plugins/rest-cache/vendor/guzzlehttp/guzzle/src/Exception/RequestException.php on line 111",
    "log": "/logs/plugins/p/paybox-woocommerce-payment-gateway/error.json"
  },
  {
    "message": "Uncaught GuzzleHttp\\Exception\\ClientException: Client error: `GET http://127.0.0.1:9404/wp-content/plugins/rest-cache/service/public/api/install` resulted in a `404 Not Found` response:",
    "level": "FATAL",
    "type": "PHP",
    "test": "asyncify-boot",
    "plugin": "paybox-woocommerce-payment-gateway",
    "details": "[13-Apr-2025 22:33:08 UTC] PHP Fatal error:  Uncaught GuzzleHttp\\Exception\\ClientException: Client error: `GET http://127.0.0.1:9404/wp-content/plugins/rest-cache/service/public/api/install` resulted in a `404 Not Found` response:\n<!DOCTYPE html>\n<html lang=\"en-US\">\n<head>\n\t<meta charset=\"UTF-8\" />\n\t<meta name=\"viewport\" content=\"width=device-width, (truncated...)\n in /wordpress/wp-content/plugins/rest-cache/vendor/guzzlehttp/guzzle/src/Exception/RequestException.php:111\nStack trace:\n#0 /wordpress/wp-content/plugins/rest-cache/vendor/guzzlehttp/guzzle/src/Middleware.php(66): GuzzleHttp\\Exception\\RequestException::create(Object(GuzzleHttp\\Psr7\\Request), Object(GuzzleHttp\\Psr7\\Response))\n#1 /wordpress/wp-content/plugins/rest-cache/vendor/guzzlehttp/promises/src/Promise.php(203): GuzzleHttp\\Middleware::GuzzleHttp\\{closure}(Object(GuzzleHttp\\Psr7\\Response))\n#2 /wordpress/wp-content/plugins/rest-cache/vendor/guzzlehttp/promises/src/Promise.php(156): GuzzleHttp\\Promise\\Promise::callHandler(1, Object(GuzzleHttp\\Psr7\\Response), Array)\n#3 /wordpress/wp-content/plugins/rest-cache/vendor/guzzlehttp/promises/src/TaskQueue.php(47): GuzzleHttp\\Promise\\Promise::GuzzleHttp\\Promise\\{closure}()\n#4 /wordpress/wp-content/plugins/rest-cache/vendor/guzzlehttp/promises/src/Promise.php(246): GuzzleHttp\\Promise\\TaskQueue->run(true)\n#5 /wordpress/wp-content/plugins/rest-cache/vendor/guzzlehttp/promises/src/Promise.php(223): GuzzleHttp\\Promise\\Promise->invokeWaitFn()\n#6 /wordpress/wp-content/plugins/rest-cache/vendor/guzzlehttp/promises/src/Promise.php(267): GuzzleHttp\\Promise\\Promise->waitIfPending()\n#7 /wordpress/wp-content/plugins/rest-cache/vendor/guzzlehttp/promises/src/Promise.php(225): GuzzleHttp\\Promise\\Promise->invokeWaitList()\n#8 /wordpress/wp-content/plugins/rest-cache/vendor/guzzlehttp/promises/src/Promise.php(62): GuzzleHttp\\Promise\\Promise->waitIfPending()\n#9 /wordpress/wp-content/plugins/rest-cache/vendor/guzzlehttp/guzzle/src/Client.php(181): GuzzleHttp\\Promise\\Promise->wait()\n#10 /wordpress/wp-content/plugins/rest-cache/includes/class.plugin.php(94): GuzzleHttp\\Client->request('GET', 'http://127.0.0....', Array)\n#11 /wordpress/wp-includes/class-wp-hook.php(324): PerryRylance\\WordPress\\RESTCache\\Plugin->onActivate(false)\n#12 /wordpress/wp-includes/class-wp-hook.php(348): WP_Hook->apply_filters('', Array)\n#13 /wordpress/wp-includes/plugin.php(517): WP_Hook->do_action(Array)\n#14 /wordpress/wp-admin/includes/plugin.php(703): do_action('activate_rest-c...', false)\n#15 /internal/eval.php(20): activate_plugin('rest-cache/rest...')\n#16 {main}\n  thrown in /wordpress/wp-content/plugins/rest-cache/vendor/guzzlehttp/guzzle/src/Exception/RequestException.php on line 111",
    "log": "/logs/plugins/p/paybox-woocommerce-payment-gateway/error.json"
  },
  {
    "message": "Uncaught GuzzleHttp\\Exception\\ClientException: Client error: `GET http://127.0.0.1:9404/wp-content/plugins/rest-cache/service/public/api/install` resulted in a `404 Not Found` response:",
    "level": "FATAL",
    "type": "PHP",
    "test": "asyncify-boot",
    "plugin": "paybox-woocommerce-payment-gateway",
    "details": "[13-Apr-2025 22:33:35 UTC] PHP Fatal error:  Uncaught GuzzleHttp\\Exception\\ClientException: Client error: `GET http://127.0.0.1:9404/wp-content/plugins/rest-cache/service/public/api/install` resulted in a `404 Not Found` response:\n<!DOCTYPE html>\n<html lang=\"en-US\">\n<head>\n\t<meta charset=\"UTF-8\" />\n\t<meta name=\"viewport\" content=\"width=device-width, (truncated...)\n in /wordpress/wp-content/plugins/rest-cache/vendor/guzzlehttp/guzzle/src/Exception/RequestException.php:111\nStack trace:\n#0 /wordpress/wp-content/plugins/rest-cache/vendor/guzzlehttp/guzzle/src/Middleware.php(66): GuzzleHttp\\Exception\\RequestException::create(Object(GuzzleHttp\\Psr7\\Request), Object(GuzzleHttp\\Psr7\\Response))\n#1 /wordpress/wp-content/plugins/rest-cache/vendor/guzzlehttp/promises/src/Promise.php(203): GuzzleHttp\\Middleware::GuzzleHttp\\{closure}(Object(GuzzleHttp\\Psr7\\Response))\n#2 /wordpress/wp-content/plugins/rest-cache/vendor/guzzlehttp/promises/src/Promise.php(156): GuzzleHttp\\Promise\\Promise::callHandler(1, Object(GuzzleHttp\\Psr7\\Response), Array)\n#3 /wordpress/wp-content/plugins/rest-cache/vendor/guzzlehttp/promises/src/TaskQueue.php(47): GuzzleHttp\\Promise\\Promise::GuzzleHttp\\Promise\\{closure}()\n#4 /wordpress/wp-content/plugins/rest-cache/vendor/guzzlehttp/promises/src/Promise.php(246): GuzzleHttp\\Promise\\TaskQueue->run(true)\n#5 /wordpress/wp-content/plugins/rest-cache/vendor/guzzlehttp/promises/src/Promise.php(223): GuzzleHttp\\Promise\\Promise->invokeWaitFn()\n#6 /wordpress/wp-content/plugins/rest-cache/vendor/guzzlehttp/promises/src/Promise.php(267): GuzzleHttp\\Promise\\Promise->waitIfPending()\n#7 /wordpress/wp-content/plugins/rest-cache/vendor/guzzlehttp/promises/src/Promise.php(225): GuzzleHttp\\Promise\\Promise->invokeWaitList()\n#8 /wordpress/wp-content/plugins/rest-cache/vendor/guzzlehttp/promises/src/Promise.php(62): GuzzleHttp\\Promise\\Promise->waitIfPending()\n#9 /wordpress/wp-content/plugins/rest-cache/vendor/guzzlehttp/guzzle/src/Client.php(181): GuzzleHttp\\Promise\\Promise->wait()\n#10 /wordpress/wp-content/plugins/rest-cache/includes/class.plugin.php(94): GuzzleHttp\\Client->request('GET', 'http://127.0.0....', Array)\n#11 /wordpress/wp-includes/class-wp-hook.php(324): PerryRylance\\WordPress\\RESTCache\\Plugin->onActivate(false)\n#12 /wordpress/wp-includes/class-wp-hook.php(348): WP_Hook->apply_filters('', Array)\n#13 /wordpress/wp-includes/plugin.php(517): WP_Hook->do_action(Array)\n#14 /wordpress/wp-admin/includes/plugin.php(703): do_action('activate_rest-c...', false)\n#15 /internal/eval.php(20): activate_plugin('rest-cache/rest...')\n#16 {main}\n  thrown in /wordpress/wp-content/plugins/rest-cache/vendor/guzzlehttp/guzzle/src/Exception/RequestException.php on line 111\n\n    at Object.onBind (file:///home/runner/work/playground-tester/playground-tester/node_modules/@wp-playground/cli/index.js:237:15)\n    at process.processTicksAndRejections (node:internal/process/task_queues:105:5)\n    at async V (file:///home/runner/work/playground-tester/playground-tester/node_modules/@wp-playground/cli/index.js:64:10)\n    at async ja (file:///home/runner/work/playground-tester/playground-tester/node_modules/@wp-playground/cli/cli.js:8161:12) {\n  [cause]: Error: Error when executing the blueprint step #1 ({\"step\":\"installPlugin\",\"pluginData\":{\"resource\":\"wordpress.org/plugins\",\"slug\":\"paybox-woocommerce-payment-gateway\"},\"options\":{\"activate\":true}}) : Plugin /wordpress/wp-content/plugins/paybox-woocommerce-payment-gateway could not be activated – WordPress exited with no error. Sometimes, when $_SERVER or site options are not configured correctly, WordPress exits early with a 301 redirect. Inspect the \"debug\" logs in the console for more details.\n      at Object.run (file:///home/runner/work/playground-tester/playground-tester/node_modules/@wp-playground/blueprints/index.js:12449:19)\n      at process.processTicksAndRejections (node:internal/process/task_queues:105:5)\n      at async ms (file:///home/runner/work/playground-tester/playground-tester/node_modules/@wp-playground/blueprints/index.js:12552:3)\n      ... 2 lines matching cause stack trace ...\n      at async ja (file:///home/runner/work/playground-tester/playground-tester/node_modules/@wp-playground/cli/cli.js:8161:12) {\n    [cause]: Error: Plugin /wordpress/wp-content/plugins/paybox-woocommerce-payment-gateway could not be activated – WordPress exited with no error. Sometimes, when $_SERVER or site options are not configured correctly, WordPress exits early with a 301 redirect. Inspect the \"debug\" logs in the console for more details.\n        at wr (file:///home/runner/work/playground-tester/playground-tester/node_modules/@wp-playground/blueprints/index.js:119:51)\n        at process.processTicksAndRejections (node:internal/process/task_queues:105:5)\n        at async Object.gt [as installPlugin] (file:///home/runner/work/playground-tester/playground-tester/node_modules/@wp-playground/blueprints/index.js:974:42)\n        at async g (file:///home/runner/work/playground-tester/playground-tester/node_modules/@wp-playground/blueprints/index.js:12517:30)\n        at async Object.run (file:///home/runner/work/playground-tester/playground-tester/node_modules/@wp-playground/blueprints/index.js:12446:23)\n        at async ms (file:///home/runner/work/playground-tester/playground-tester/node_modules/@wp-playground/blueprints/index.js:12552:3)\n        at async Object.onBind (file:///home/runner/work/playground-tester/playground-tester/node_modules/@wp-playground/cli/index.js:227:48)\n        at async V (file:///home/runner/work/playground-tester/playground-tester/node_modules/@wp-playground/cli/index.js:64:10)\n        at async ja (file:///home/runner/work/playground-tester/playground-tester/node_modules/@wp-playground/cli/cli.js:8161:12)\n  }\n}\n\n",
    "log": "/logs/plugins/p/paybox-woocommerce-payment-gateway/error.json"
  },
  {
    "message": "file:///home/runner/work/playground-tester/playground-tester/node_modules/@wp-playground/cli/index.js:237\n        throw new Error(y, { cause: u });\n              ^\n",
    "level": "FATAL",
    "type": "PLAYGROUND",
    "test": "jspi-boot",
    "plugin": "paybox-woocommerce-payment-gateway",
    "details": "file:///home/runner/work/playground-tester/playground-tester/node_modules/@wp-playground/cli/index.js:237\n        throw new Error(y, { cause: u });\n              ^\n",
    "log": "/tmp/tmp.9HgaO8G5Z8"
  },
  {
    "message": "Constant WP_IMAGE_SERVICE_DEBUG already defined in /wordpress/wp-content/plugins/prizm-image/wp-prizmimage.php on line 95",
    "level": "WARNING",
    "type": "PHP",
    "test": "jspi-boot",
    "plugin": "paybox-woocommerce-payment-gateway",
    "details": "[13-Apr-2025 22:26:30 UTC] PHP Warning:  Constant WP_IMAGE_SERVICE_DEBUG already defined in /wordpress/wp-content/plugins/prizm-image/wp-prizmimage.php on line 95",
    "log": "/logs/plugins/p/paybox-woocommerce-payment-gateway/error.json"
  },
  {
    "message": "Constant WP_IMAGE_SERVICE_DEBUG already defined in /wordpress/wp-content/plugins/prizm-image/wp-prizmimage.php on line 95",
    "level": "WARNING",
    "type": "PHP",
    "test": "jspi-boot",
    "plugin": "paybox-woocommerce-payment-gateway",
    "details": "[13-Apr-2025 22:26:31 UTC] PHP Warning:  Constant WP_IMAGE_SERVICE_DEBUG already defined in /wordpress/wp-content/plugins/prizm-image/wp-prizmimage.php on line 95",
    "log": "/logs/plugins/p/paybox-woocommerce-payment-gateway/error.json"
  },
  {
    "message": "Constant WP_IMAGE_SERVICE_DEBUG already defined in /wordpress/wp-content/plugins/prizm-image/wp-prizmimage.php on line 95",
    "level": "WARNING",
    "type": "PHP",
    "test": "jspi-boot",
    "plugin": "paybox-woocommerce-payment-gateway",
    "details": "[13-Apr-2025 22:26:39 UTC] PHP Warning:  Constant WP_IMAGE_SERVICE_DEBUG already defined in /wordpress/wp-content/plugins/prizm-image/wp-prizmimage.php on line 95",
    "log": "/logs/plugins/p/paybox-woocommerce-payment-gateway/error.json"
  },
  {
    "message": "Constant WP_IMAGE_SERVICE_DEBUG already defined in /wordpress/wp-content/plugins/prizm-image/wp-prizmimage.php on line 95",
    "level": "WARNING",
    "type": "PHP",
    "test": "jspi-boot",
    "plugin": "paybox-woocommerce-payment-gateway",
    "details": "[13-Apr-2025 22:26:39 UTC] PHP Warning:  Constant WP_IMAGE_SERVICE_DEBUG already defined in /wordpress/wp-content/plugins/prizm-image/wp-prizmimage.php on line 95",
    "log": "/logs/plugins/p/paybox-woocommerce-payment-gateway/error.json"
  },
  {
    "message": "Constant WP_IMAGE_SERVICE_DEBUG already defined in /wordpress/wp-content/plugins/prizm-image/wp-prizmimage.php on line 95",
    "level": "WARNING",
    "type": "PHP",
    "test": "jspi-boot",
    "plugin": "paybox-woocommerce-payment-gateway",
    "details": "[13-Apr-2025 22:26:48 UTC] PHP Warning:  Constant WP_IMAGE_SERVICE_DEBUG already defined in /wordpress/wp-content/plugins/prizm-image/wp-prizmimage.php on line 95",
    "log": "/logs/plugins/p/paybox-woocommerce-payment-gateway/error.json"
  },
  {
    "message": "Constant WP_IMAGE_SERVICE_DEBUG already defined in /wordpress/wp-content/plugins/prizm-image/wp-prizmimage.php on line 95",
    "level": "WARNING",
    "type": "PHP",
    "test": "jspi-boot",
    "plugin": "paybox-woocommerce-payment-gateway",
    "details": "[13-Apr-2025 22:26:48 UTC] PHP Warning:  Constant WP_IMAGE_SERVICE_DEBUG already defined in /wordpress/wp-content/plugins/prizm-image/wp-prizmimage.php on line 95",
    "log": "/logs/plugins/p/paybox-woocommerce-payment-gateway/error.json"
  },
  {
    "message": "Declaration of WordpressRandomEntries::update($new_instance) must be compatible with WP_Widget::update($new_instance, $old_instance) in /wordpress/wp-content/plugins/randomentries-widget/randomentries-widget.php on line 36",
    "level": "FATAL",
    "type": "PHP",
    "test": "jspi-boot",
    "plugin": "paybox-woocommerce-payment-gateway",
    "details": "[13-Apr-2025 22:26:56 UTC] PHP Fatal error:  Declaration of WordpressRandomEntries::update($new_instance) must be compatible with WP_Widget::update($new_instance, $old_instance) in /wordpress/wp-content/plugins/randomentries-widget/randomentries-widget.php on line 36",
    "log": "/logs/plugins/p/paybox-woocommerce-payment-gateway/error.json"
  },
  {
    "message": "Declaration of WordpressRandomEntries::update($new_instance) must be compatible with WP_Widget::update($new_instance, $old_instance) in /wordpress/wp-content/plugins/randomentries-widget/randomentries-widget.php on line 36",
    "level": "FATAL",
    "type": "PHP",
    "test": "jspi-boot",
    "plugin": "paybox-woocommerce-payment-gateway",
    "details": "[13-Apr-2025 22:27:04 UTC] PHP Fatal error:  Declaration of WordpressRandomEntries::update($new_instance) must be compatible with WP_Widget::update($new_instance, $old_instance) in /wordpress/wp-content/plugins/randomentries-widget/randomentries-widget.php on line 36",
    "log": "/logs/plugins/p/paybox-woocommerce-payment-gateway/error.json"
  },
  {
    "message": "Declaration of WordpressRandomEntries::update($new_instance) must be compatible with WP_Widget::update($new_instance, $old_instance) in /wordpress/wp-content/plugins/randomentries-widget/randomentries-widget.php on line 36",
    "level": "FATAL",
    "type": "PHP",
    "test": "jspi-boot",
    "plugin": "paybox-woocommerce-payment-gateway",
    "details": "[13-Apr-2025 22:27:10 UTC] PHP Fatal error:  Declaration of WordpressRandomEntries::update($new_instance) must be compatible with WP_Widget::update($new_instance, $old_instance) in /wordpress/wp-content/plugins/randomentries-widget/randomentries-widget.php on line 36",
    "log": "/logs/plugins/p/paybox-woocommerce-payment-gateway/error.json"
  },
  {
    "message": "Uncaught TypeError: sizeof(): Argument #1 ($value) must be of type Countable|array, bool given in /wordpress/wp-content/plugins/rapidology-by-leadpages/dashboard/includes/options_config.php:78",
    "level": "FATAL",
    "type": "PHP",
    "test": "jspi-boot",
    "plugin": "paybox-woocommerce-payment-gateway",
    "details": "[13-Apr-2025 22:27:20 UTC] PHP Fatal error:  Uncaught TypeError: sizeof(): Argument #1 ($value) must be of type Countable|array, bool given in /wordpress/wp-content/plugins/rapidology-by-leadpages/dashboard/includes/options_config.php:78\nStack trace:\n#0 /wordpress/wp-content/plugins/rapidology-by-leadpages/dashboard/includes/options.php(47): require()\n#1 /wordpress/wp-content/plugins/rapidology-by-leadpages/dashboard/dashboard.php(80): require('/wordpress/wp-c...')\n#2 /wordpress/wp-content/plugins/rapidology-by-leadpages/dashboard/dashboard.php(43): RAD_Dashboard->include_options()\n#3 /wordpress/wp-content/plugins/rapidology-by-leadpages/rapidology.php(88): RAD_Dashboard->__construct(Array)\n#4 /wordpress/wp-content/plugins/rapidology-by-leadpages/rapidology.php(5045): RAD_Rapidology->__construct()\n#5 /wordpress/wp-admin/includes/plugin.php(2387): include_once('/wordpress/wp-c...')\n#6 /wordpress/wp-admin/includes/plugin.php(673): plugin_sandbox_scrape('rapidology-by-l...')\n#7 /internal/eval.php(20): activate_plugin('rapidology-by-l...')\n#8 {main}\n  thrown in /wordpress/wp-content/plugins/rapidology-by-leadpages/dashboard/includes/options_config.php on line 78",
    "log": "/logs/plugins/p/paybox-woocommerce-payment-gateway/error.json"
  },
  {
    "message": "Uncaught TypeError: sizeof(): Argument #1 ($value) must be of type Countable|array, bool given in /wordpress/wp-content/plugins/rapidology-by-leadpages/dashboard/includes/options_config.php:78",
    "level": "FATAL",
    "type": "PHP",
    "test": "jspi-boot",
    "plugin": "paybox-woocommerce-payment-gateway",
    "details": "[13-Apr-2025 22:27:28 UTC] PHP Fatal error:  Uncaught TypeError: sizeof(): Argument #1 ($value) must be of type Countable|array, bool given in /wordpress/wp-content/plugins/rapidology-by-leadpages/dashboard/includes/options_config.php:78\nStack trace:\n#0 /wordpress/wp-content/plugins/rapidology-by-leadpages/dashboard/includes/options.php(47): require()\n#1 /wordpress/wp-content/plugins/rapidology-by-leadpages/dashboard/dashboard.php(80): require('/wordpress/wp-c...')\n#2 /wordpress/wp-content/plugins/rapidology-by-leadpages/dashboard/dashboard.php(43): RAD_Dashboard->include_options()\n#3 /wordpress/wp-content/plugins/rapidology-by-leadpages/rapidology.php(88): RAD_Dashboard->__construct(Array)\n#4 /wordpress/wp-content/plugins/rapidology-by-leadpages/rapidology.php(5045): RAD_Rapidology->__construct()\n#5 /wordpress/wp-admin/includes/plugin.php(2387): include_once('/wordpress/wp-c...')\n#6 /wordpress/wp-admin/includes/plugin.php(673): plugin_sandbox_scrape('rapidology-by-l...')\n#7 /internal/eval.php(20): activate_plugin('rapidology-by-l...')\n#8 {main}\n  thrown in /wordpress/wp-content/plugins/rapidology-by-leadpages/dashboard/includes/options_config.php on line 78",
    "log": "/logs/plugins/p/paybox-woocommerce-payment-gateway/error.json"
  },
  {
    "message": "Uncaught TypeError: sizeof(): Argument #1 ($value) must be of type Countable|array, bool given in /wordpress/wp-content/plugins/rapidology-by-leadpages/dashboard/includes/options_config.php:78",
    "level": "FATAL",
    "type": "PHP",
    "test": "jspi-boot",
    "plugin": "paybox-woocommerce-payment-gateway",
    "details": "[13-Apr-2025 22:27:38 UTC] PHP Fatal error:  Uncaught TypeError: sizeof(): Argument #1 ($value) must be of type Countable|array, bool given in /wordpress/wp-content/plugins/rapidology-by-leadpages/dashboard/includes/options_config.php:78\nStack trace:\n#0 /wordpress/wp-content/plugins/rapidology-by-leadpages/dashboard/includes/options.php(47): require()\n#1 /wordpress/wp-content/plugins/rapidology-by-leadpages/dashboard/dashboard.php(80): require('/wordpress/wp-c...')\n#2 /wordpress/wp-content/plugins/rapidology-by-leadpages/dashboard/dashboard.php(43): RAD_Dashboard->include_options()\n#3 /wordpress/wp-content/plugins/rapidology-by-leadpages/rapidology.php(88): RAD_Dashboard->__construct(Array)\n#4 /wordpress/wp-content/plugins/rapidology-by-leadpages/rapidology.php(5045): RAD_Rapidology->__construct()\n#5 /wordpress/wp-admin/includes/plugin.php(2387): include_once('/wordpress/wp-c...')\n#6 /wordpress/wp-admin/includes/plugin.php(673): plugin_sandbox_scrape('rapidology-by-l...')\n#7 /internal/eval.php(20): activate_plugin('rapidology-by-l...')\n#8 {main}\n  thrown in /wordpress/wp-content/plugins/rapidology-by-leadpages/dashboard/includes/options_config.php on line 78",
    "log": "/logs/plugins/p/paybox-woocommerce-payment-gateway/error.json"
  },
  {
    "message": "Uncaught Error: Call to undefined function create_function() in /wordpress/wp-content/plugins/recurring-timer-widget/recurring-timer-widget.php:223",
    "level": "FATAL",
    "type": "PHP",
    "test": "jspi-boot",
    "plugin": "paybox-woocommerce-payment-gateway",
    "details": "[13-Apr-2025 22:28:44 UTC] PHP Fatal error:  Uncaught Error: Call to undefined function create_function() in /wordpress/wp-content/plugins/recurring-timer-widget/recurring-timer-widget.php:223\nStack trace:\n#0 /wordpress/wp-admin/includes/plugin.php(2387): include_once()\n#1 /wordpress/wp-admin/includes/plugin.php(673): plugin_sandbox_scrape('recurring-timer...')\n#2 /internal/eval.php(20): activate_plugin('recurring-timer...')\n#3 {main}\n  thrown in /wordpress/wp-content/plugins/recurring-timer-widget/recurring-timer-widget.php on line 223",
    "log": "/logs/plugins/p/paybox-woocommerce-payment-gateway/error.json"
  },
  {
    "message": "Uncaught Error: Call to undefined function create_function() in /wordpress/wp-content/plugins/recurring-timer-widget/recurring-timer-widget.php:223",
    "level": "FATAL",
    "type": "PHP",
    "test": "jspi-boot",
    "plugin": "paybox-woocommerce-payment-gateway",
    "details": "[13-Apr-2025 22:28:51 UTC] PHP Fatal error:  Uncaught Error: Call to undefined function create_function() in /wordpress/wp-content/plugins/recurring-timer-widget/recurring-timer-widget.php:223\nStack trace:\n#0 /wordpress/wp-admin/includes/plugin.php(2387): include_once()\n#1 /wordpress/wp-admin/includes/plugin.php(673): plugin_sandbox_scrape('recurring-timer...')\n#2 /internal/eval.php(20): activate_plugin('recurring-timer...')\n#3 {main}\n  thrown in /wordpress/wp-content/plugins/recurring-timer-widget/recurring-timer-widget.php on line 223",
    "log": "/logs/plugins/p/paybox-woocommerce-payment-gateway/error.json"
  },
  {
    "message": "Uncaught Error: Call to undefined function create_function() in /wordpress/wp-content/plugins/recurring-timer-widget/recurring-timer-widget.php:223",
    "level": "FATAL",
    "type": "PHP",
    "test": "jspi-boot",
    "plugin": "paybox-woocommerce-payment-gateway",
    "details": "[13-Apr-2025 22:28:58 UTC] PHP Fatal error:  Uncaught Error: Call to undefined function create_function() in /wordpress/wp-content/plugins/recurring-timer-widget/recurring-timer-widget.php:223\nStack trace:\n#0 /wordpress/wp-admin/includes/plugin.php(2387): include_once()\n#1 /wordpress/wp-admin/includes/plugin.php(673): plugin_sandbox_scrape('recurring-timer...')\n#2 /internal/eval.php(20): activate_plugin('recurring-timer...')\n#3 {main}\n  thrown in /wordpress/wp-content/plugins/recurring-timer-widget/recurring-timer-widget.php on line 223",
    "log": "/logs/plugins/p/paybox-woocommerce-payment-gateway/error.json"
  },
  {
    "message": "Function wp_enqueue_style was called <strong>incorrectly</strong>. Scripts and styles should not be registered or enqueued until the <code>wp_enqueue_scripts</code>, <code>admin_enqueue_scripts</code>, or <code>login_enqueue_scripts</code> hooks. This notice was triggered by the <code>repress_css</code> handle. Please see <a href=\"https://developer.wordpress.org/advanced-administration/debug/debug-wordpress/\">Debugging in WordPress</a> for more information. (This message was added in version 3.3.0.) in /wordpress/wp-includes/functions.php on line 6114",
    "level": "NOTICE",
    "type": "PHP",
    "test": "jspi-boot",
    "plugin": "paybox-woocommerce-payment-gateway",
    "details": "[13-Apr-2025 22:31:05 UTC] PHP Notice:  Function wp_enqueue_style was called <strong>incorrectly</strong>. Scripts and styles should not be registered or enqueued until the <code>wp_enqueue_scripts</code>, <code>admin_enqueue_scripts</code>, or <code>login_enqueue_scripts</code> hooks. This notice was triggered by the <code>repress_css</code> handle. Please see <a href=\"https://developer.wordpress.org/advanced-administration/debug/debug-wordpress/\">Debugging in WordPress</a> for more information. (This message was added in version 3.3.0.) in /wordpress/wp-includes/functions.php on line 6114",
    "log": "/logs/plugins/p/paybox-woocommerce-payment-gateway/error.json"
  },
  {
    "message": "Function is_feed was called <strong>incorrectly</strong>. Conditional query tags do not work before the query is run. Before then, they always return false. Please see <a href=\"https://developer.wordpress.org/advanced-administration/debug/debug-wordpress/\">Debugging in WordPress</a> for more information. (This message was added in version 3.1.0.) in /wordpress/wp-includes/functions.php on line 6114",
    "level": "NOTICE",
    "type": "PHP",
    "test": "jspi-boot",
    "plugin": "paybox-woocommerce-payment-gateway",
    "details": "[13-Apr-2025 22:31:05 UTC] PHP Notice:  Function is_feed was called <strong>incorrectly</strong>. Conditional query tags do not work before the query is run. Before then, they always return false. Please see <a href=\"https://developer.wordpress.org/advanced-administration/debug/debug-wordpress/\">Debugging in WordPress</a> for more information. (This message was added in version 3.1.0.) in /wordpress/wp-includes/functions.php on line 6114",
    "log": "/logs/plugins/p/paybox-woocommerce-payment-gateway/error.json"
  },
  {
    "message": "'continue' not in the 'loop' or 'switch' context in /wordpress/wp-content/plugins/repress/proxy.php on line 76",
    "level": "FATAL",
    "type": "PHP",
    "test": "jspi-boot",
    "plugin": "paybox-woocommerce-payment-gateway",
    "details": "[13-Apr-2025 22:31:05 UTC] PHP Fatal error:  'continue' not in the 'loop' or 'switch' context in /wordpress/wp-content/plugins/repress/proxy.php on line 76",
    "log": "/logs/plugins/p/paybox-woocommerce-payment-gateway/error.json"
  },
  {
    "message": "Function wp_enqueue_style was called <strong>incorrectly</strong>. Scripts and styles should not be registered or enqueued until the <code>wp_enqueue_scripts</code>, <code>admin_enqueue_scripts</code>, or <code>login_enqueue_scripts</code> hooks. This notice was triggered by the <code>repress_css</code> handle. Please see <a href=\"https://developer.wordpress.org/advanced-administration/debug/debug-wordpress/\">Debugging in WordPress</a> for more information. (This message was added in version 3.3.0.) in /wordpress/wp-includes/functions.php on line 6114",
    "level": "NOTICE",
    "type": "PHP",
    "test": "jspi-boot",
    "plugin": "paybox-woocommerce-payment-gateway",
    "details": "[13-Apr-2025 22:31:14 UTC] PHP Notice:  Function wp_enqueue_style was called <strong>incorrectly</strong>. Scripts and styles should not be registered or enqueued until the <code>wp_enqueue_scripts</code>, <code>admin_enqueue_scripts</code>, or <code>login_enqueue_scripts</code> hooks. This notice was triggered by the <code>repress_css</code> handle. Please see <a href=\"https://developer.wordpress.org/advanced-administration/debug/debug-wordpress/\">Debugging in WordPress</a> for more information. (This message was added in version 3.3.0.) in /wordpress/wp-includes/functions.php on line 6114",
    "log": "/logs/plugins/p/paybox-woocommerce-payment-gateway/error.json"
  },
  {
    "message": "Function is_feed was called <strong>incorrectly</strong>. Conditional query tags do not work before the query is run. Before then, they always return false. Please see <a href=\"https://developer.wordpress.org/advanced-administration/debug/debug-wordpress/\">Debugging in WordPress</a> for more information. (This message was added in version 3.1.0.) in /wordpress/wp-includes/functions.php on line 6114",
    "level": "NOTICE",
    "type": "PHP",
    "test": "jspi-boot",
    "plugin": "paybox-woocommerce-payment-gateway",
    "details": "[13-Apr-2025 22:31:14 UTC] PHP Notice:  Function is_feed was called <strong>incorrectly</strong>. Conditional query tags do not work before the query is run. Before then, they always return false. Please see <a href=\"https://developer.wordpress.org/advanced-administration/debug/debug-wordpress/\">Debugging in WordPress</a> for more information. (This message was added in version 3.1.0.) in /wordpress/wp-includes/functions.php on line 6114",
    "log": "/logs/plugins/p/paybox-woocommerce-payment-gateway/error.json"
  },
  {
    "message": "'continue' not in the 'loop' or 'switch' context in /wordpress/wp-content/plugins/repress/proxy.php on line 76",
    "level": "FATAL",
    "type": "PHP",
    "test": "jspi-boot",
    "plugin": "paybox-woocommerce-payment-gateway",
    "details": "[13-Apr-2025 22:31:14 UTC] PHP Fatal error:  'continue' not in the 'loop' or 'switch' context in /wordpress/wp-content/plugins/repress/proxy.php on line 76",
    "log": "/logs/plugins/p/paybox-woocommerce-payment-gateway/error.json"
  },
  {
    "message": "Function wp_enqueue_style was called <strong>incorrectly</strong>. Scripts and styles should not be registered or enqueued until the <code>wp_enqueue_scripts</code>, <code>admin_enqueue_scripts</code>, or <code>login_enqueue_scripts</code> hooks. This notice was triggered by the <code>repress_css</code> handle. Please see <a href=\"https://developer.wordpress.org/advanced-administration/debug/debug-wordpress/\">Debugging in WordPress</a> for more information. (This message was added in version 3.3.0.) in /wordpress/wp-includes/functions.php on line 6114",
    "level": "NOTICE",
    "type": "PHP",
    "test": "jspi-boot",
    "plugin": "paybox-woocommerce-payment-gateway",
    "details": "[13-Apr-2025 22:31:23 UTC] PHP Notice:  Function wp_enqueue_style was called <strong>incorrectly</strong>. Scripts and styles should not be registered or enqueued until the <code>wp_enqueue_scripts</code>, <code>admin_enqueue_scripts</code>, or <code>login_enqueue_scripts</code> hooks. This notice was triggered by the <code>repress_css</code> handle. Please see <a href=\"https://developer.wordpress.org/advanced-administration/debug/debug-wordpress/\">Debugging in WordPress</a> for more information. (This message was added in version 3.3.0.) in /wordpress/wp-includes/functions.php on line 6114",
    "log": "/logs/plugins/p/paybox-woocommerce-payment-gateway/error.json"
  },
  {
    "message": "Function is_feed was called <strong>incorrectly</strong>. Conditional query tags do not work before the query is run. Before then, they always return false. Please see <a href=\"https://developer.wordpress.org/advanced-administration/debug/debug-wordpress/\">Debugging in WordPress</a> for more information. (This message was added in version 3.1.0.) in /wordpress/wp-includes/functions.php on line 6114",
    "level": "NOTICE",
    "type": "PHP",
    "test": "jspi-boot",
    "plugin": "paybox-woocommerce-payment-gateway",
    "details": "[13-Apr-2025 22:31:23 UTC] PHP Notice:  Function is_feed was called <strong>incorrectly</strong>. Conditional query tags do not work before the query is run. Before then, they always return false. Please see <a href=\"https://developer.wordpress.org/advanced-administration/debug/debug-wordpress/\">Debugging in WordPress</a> for more information. (This message was added in version 3.1.0.) in /wordpress/wp-includes/functions.php on line 6114",
    "log": "/logs/plugins/p/paybox-woocommerce-payment-gateway/error.json"
  },
  {
    "message": "'continue' not in the 'loop' or 'switch' context in /wordpress/wp-content/plugins/repress/proxy.php on line 76",
    "level": "FATAL",
    "type": "PHP",
    "test": "jspi-boot",
    "plugin": "paybox-woocommerce-payment-gateway",
    "details": "[13-Apr-2025 22:31:23 UTC] PHP Fatal error:  'continue' not in the 'loop' or 'switch' context in /wordpress/wp-content/plugins/repress/proxy.php on line 76",
    "log": "/logs/plugins/p/paybox-woocommerce-payment-gateway/error.json"
  },
  {
    "message": "Undefined variable $wp_version in /wordpress/wp-content/plugins/responsive-iframe-watchdog/lgr_responsive_iframe_watchdog.php on line 367",
    "level": "WARNING",
    "type": "PHP",
    "test": "jspi-boot",
    "plugin": "paybox-woocommerce-payment-gateway",
    "details": "[13-Apr-2025 22:31:59 UTC] PHP Warning:  Undefined variable $wp_version in /wordpress/wp-content/plugins/responsive-iframe-watchdog/lgr_responsive_iframe_watchdog.php on line 367",
    "log": "/logs/plugins/p/paybox-woocommerce-payment-gateway/error.json"
  },
  {
    "message": "Undefined variable $wp_version in /wordpress/wp-content/plugins/responsive-iframe-watchdog/lgr_responsive_iframe_watchdog.php on line 367",
    "level": "WARNING",
    "type": "PHP",
    "test": "jspi-boot",
    "plugin": "paybox-woocommerce-payment-gateway",
    "details": "[13-Apr-2025 22:32:08 UTC] PHP Warning:  Undefined variable $wp_version in /wordpress/wp-content/plugins/responsive-iframe-watchdog/lgr_responsive_iframe_watchdog.php on line 367",
    "log": "/logs/plugins/p/paybox-woocommerce-payment-gateway/error.json"
  },
  {
    "message": "Undefined variable $wp_version in /wordpress/wp-content/plugins/responsive-iframe-watchdog/lgr_responsive_iframe_watchdog.php on line 367",
    "level": "WARNING",
    "type": "PHP",
    "test": "jspi-boot",
    "plugin": "paybox-woocommerce-payment-gateway",
    "details": "[13-Apr-2025 22:32:18 UTC] PHP Warning:  Undefined variable $wp_version in /wordpress/wp-content/plugins/responsive-iframe-watchdog/lgr_responsive_iframe_watchdog.php on line 367",
    "log": "/logs/plugins/p/paybox-woocommerce-payment-gateway/error.json"
  },
  {
    "message": "file_get_contents(/wordpress/.htaccess): Failed to open stream: No such file or directory in /wordpress/wp-content/plugins/rest-cache/includes/class.rewrite-rule.php on line 22",
    "level": "WARNING",
    "type": "PHP",
    "test": "jspi-boot",
    "plugin": "paybox-woocommerce-payment-gateway",
    "details": "[13-Apr-2025 22:32:39 UTC] PHP Warning:  file_get_contents(/wordpress/.htaccess): Failed to open stream: No such file or directory in /wordpress/wp-content/plugins/rest-cache/includes/class.rewrite-rule.php on line 22",
    "log": "/logs/plugins/p/paybox-woocommerce-payment-gateway/error.json"
  },
  {
    "message": "Undefined array key \"DOCUMENT_ROOT\" in /wordpress/wp-content/plugins/rest-cache/includes/class.rewrite-rule.php on line 44",
    "level": "WARNING",
    "type": "PHP",
    "test": "jspi-boot",
    "plugin": "paybox-woocommerce-payment-gateway",
    "details": "[13-Apr-2025 22:32:39 UTC] PHP Warning:  Undefined array key \"DOCUMENT_ROOT\" in /wordpress/wp-content/plugins/rest-cache/includes/class.rewrite-rule.php on line 44",
    "log": "/logs/plugins/p/paybox-woocommerce-payment-gateway/error.json"
  },
  {
    "message": "file_get_contents(/wordpress/.htaccess): Failed to open stream: No such file or directory in /wordpress/wp-content/plugins/rest-cache/includes/class.rewrite-rule.php on line 61",
    "level": "WARNING",
    "type": "PHP",
    "test": "jspi-boot",
    "plugin": "paybox-woocommerce-payment-gateway",
    "details": "[13-Apr-2025 22:32:39 UTC] PHP Warning:  file_get_contents(/wordpress/.htaccess): Failed to open stream: No such file or directory in /wordpress/wp-content/plugins/rest-cache/includes/class.rewrite-rule.php on line 61",
    "log": "/logs/plugins/p/paybox-woocommerce-payment-gateway/error.json"
  },
  {
    "message": "Uncaught GuzzleHttp\\Exception\\ClientException: Client error: `GET http://127.0.0.1:9404/wp-content/plugins/rest-cache/service/public/api/install` resulted in a `404 Not Found` response:",
    "level": "FATAL",
    "type": "PHP",
    "test": "jspi-boot",
    "plugin": "paybox-woocommerce-payment-gateway",
    "details": "[13-Apr-2025 22:32:42 UTC] PHP Fatal error:  Uncaught GuzzleHttp\\Exception\\ClientException: Client error: `GET http://127.0.0.1:9404/wp-content/plugins/rest-cache/service/public/api/install` resulted in a `404 Not Found` response:\n<!DOCTYPE html>\n<html lang=\"en-US\">\n<head>\n\t<meta charset=\"UTF-8\" />\n\t<meta name=\"viewport\" content=\"width=device-width, (truncated...)\n in /wordpress/wp-content/plugins/rest-cache/vendor/guzzlehttp/guzzle/src/Exception/RequestException.php:111\nStack trace:\n#0 /wordpress/wp-content/plugins/rest-cache/vendor/guzzlehttp/guzzle/src/Middleware.php(66): GuzzleHttp\\Exception\\RequestException::create(Object(GuzzleHttp\\Psr7\\Request), Object(GuzzleHttp\\Psr7\\Response))\n#1 /wordpress/wp-content/plugins/rest-cache/vendor/guzzlehttp/promises/src/Promise.php(203): GuzzleHttp\\Middleware::GuzzleHttp\\{closure}(Object(GuzzleHttp\\Psr7\\Response))\n#2 /wordpress/wp-content/plugins/rest-cache/vendor/guzzlehttp/promises/src/Promise.php(156): GuzzleHttp\\Promise\\Promise::callHandler(1, Object(GuzzleHttp\\Psr7\\Response), Array)\n#3 /wordpress/wp-content/plugins/rest-cache/vendor/guzzlehttp/promises/src/TaskQueue.php(47): GuzzleHttp\\Promise\\Promise::GuzzleHttp\\Promise\\{closure}()\n#4 /wordpress/wp-content/plugins/rest-cache/vendor/guzzlehttp/promises/src/Promise.php(246): GuzzleHttp\\Promise\\TaskQueue->run(true)\n#5 /wordpress/wp-content/plugins/rest-cache/vendor/guzzlehttp/promises/src/Promise.php(223): GuzzleHttp\\Promise\\Promise->invokeWaitFn()\n#6 /wordpress/wp-content/plugins/rest-cache/vendor/guzzlehttp/promises/src/Promise.php(267): GuzzleHttp\\Promise\\Promise->waitIfPending()\n#7 /wordpress/wp-content/plugins/rest-cache/vendor/guzzlehttp/promises/src/Promise.php(225): GuzzleHttp\\Promise\\Promise->invokeWaitList()\n#8 /wordpress/wp-content/plugins/rest-cache/vendor/guzzlehttp/promises/src/Promise.php(62): GuzzleHttp\\Promise\\Promise->waitIfPending()\n#9 /wordpress/wp-content/plugins/rest-cache/vendor/guzzlehttp/guzzle/src/Client.php(181): GuzzleHttp\\Promise\\Promise->wait()\n#10 /wordpress/wp-content/plugins/rest-cache/includes/class.plugin.php(94): GuzzleHttp\\Client->request('GET', 'http://127.0.0....', Array)\n#11 /wordpress/wp-includes/class-wp-hook.php(324): PerryRylance\\WordPress\\RESTCache\\Plugin->onActivate(false)\n#12 /wordpress/wp-includes/class-wp-hook.php(348): WP_Hook->apply_filters('', Array)\n#13 /wordpress/wp-includes/plugin.php(517): WP_Hook->do_action(Array)\n#14 /wordpress/wp-admin/includes/plugin.php(703): do_action('activate_rest-c...', false)\n#15 /internal/eval.php(20): activate_plugin('rest-cache/rest...')\n#16 {main}\n  thrown in /wordpress/wp-content/plugins/rest-cache/vendor/guzzlehttp/guzzle/src/Exception/RequestException.php on line 111",
    "log": "/logs/plugins/p/paybox-woocommerce-payment-gateway/error.json"
  },
  {
    "message": "Uncaught GuzzleHttp\\Exception\\ClientException: Client error: `GET http://127.0.0.1:9404/wp-content/plugins/rest-cache/service/public/api/install` resulted in a `404 Not Found` response:",
    "level": "FATAL",
    "type": "PHP",
    "test": "jspi-boot",
    "plugin": "paybox-woocommerce-payment-gateway",
    "details": "[13-Apr-2025 22:33:08 UTC] PHP Fatal error:  Uncaught GuzzleHttp\\Exception\\ClientException: Client error: `GET http://127.0.0.1:9404/wp-content/plugins/rest-cache/service/public/api/install` resulted in a `404 Not Found` response:\n<!DOCTYPE html>\n<html lang=\"en-US\">\n<head>\n\t<meta charset=\"UTF-8\" />\n\t<meta name=\"viewport\" content=\"width=device-width, (truncated...)\n in /wordpress/wp-content/plugins/rest-cache/vendor/guzzlehttp/guzzle/src/Exception/RequestException.php:111\nStack trace:\n#0 /wordpress/wp-content/plugins/rest-cache/vendor/guzzlehttp/guzzle/src/Middleware.php(66): GuzzleHttp\\Exception\\RequestException::create(Object(GuzzleHttp\\Psr7\\Request), Object(GuzzleHttp\\Psr7\\Response))\n#1 /wordpress/wp-content/plugins/rest-cache/vendor/guzzlehttp/promises/src/Promise.php(203): GuzzleHttp\\Middleware::GuzzleHttp\\{closure}(Object(GuzzleHttp\\Psr7\\Response))\n#2 /wordpress/wp-content/plugins/rest-cache/vendor/guzzlehttp/promises/src/Promise.php(156): GuzzleHttp\\Promise\\Promise::callHandler(1, Object(GuzzleHttp\\Psr7\\Response), Array)\n#3 /wordpress/wp-content/plugins/rest-cache/vendor/guzzlehttp/promises/src/TaskQueue.php(47): GuzzleHttp\\Promise\\Promise::GuzzleHttp\\Promise\\{closure}()\n#4 /wordpress/wp-content/plugins/rest-cache/vendor/guzzlehttp/promises/src/Promise.php(246): GuzzleHttp\\Promise\\TaskQueue->run(true)\n#5 /wordpress/wp-content/plugins/rest-cache/vendor/guzzlehttp/promises/src/Promise.php(223): GuzzleHttp\\Promise\\Promise->invokeWaitFn()\n#6 /wordpress/wp-content/plugins/rest-cache/vendor/guzzlehttp/promises/src/Promise.php(267): GuzzleHttp\\Promise\\Promise->waitIfPending()\n#7 /wordpress/wp-content/plugins/rest-cache/vendor/guzzlehttp/promises/src/Promise.php(225): GuzzleHttp\\Promise\\Promise->invokeWaitList()\n#8 /wordpress/wp-content/plugins/rest-cache/vendor/guzzlehttp/promises/src/Promise.php(62): GuzzleHttp\\Promise\\Promise->waitIfPending()\n#9 /wordpress/wp-content/plugins/rest-cache/vendor/guzzlehttp/guzzle/src/Client.php(181): GuzzleHttp\\Promise\\Promise->wait()\n#10 /wordpress/wp-content/plugins/rest-cache/includes/class.plugin.php(94): GuzzleHttp\\Client->request('GET', 'http://127.0.0....', Array)\n#11 /wordpress/wp-includes/class-wp-hook.php(324): PerryRylance\\WordPress\\RESTCache\\Plugin->onActivate(false)\n#12 /wordpress/wp-includes/class-wp-hook.php(348): WP_Hook->apply_filters('', Array)\n#13 /wordpress/wp-includes/plugin.php(517): WP_Hook->do_action(Array)\n#14 /wordpress/wp-admin/includes/plugin.php(703): do_action('activate_rest-c...', false)\n#15 /internal/eval.php(20): activate_plugin('rest-cache/rest...')\n#16 {main}\n  thrown in /wordpress/wp-content/plugins/rest-cache/vendor/guzzlehttp/guzzle/src/Exception/RequestException.php on line 111",
    "log": "/logs/plugins/p/paybox-woocommerce-payment-gateway/error.json"
  },
  {
    "message": "Uncaught GuzzleHttp\\Exception\\ClientException: Client error: `GET http://127.0.0.1:9404/wp-content/plugins/rest-cache/service/public/api/install` resulted in a `404 Not Found` response:",
    "level": "FATAL",
    "type": "PHP",
    "test": "jspi-boot",
    "plugin": "paybox-woocommerce-payment-gateway",
    "details": "[13-Apr-2025 22:33:35 UTC] PHP Fatal error:  Uncaught GuzzleHttp\\Exception\\ClientException: Client error: `GET http://127.0.0.1:9404/wp-content/plugins/rest-cache/service/public/api/install` resulted in a `404 Not Found` response:\n<!DOCTYPE html>\n<html lang=\"en-US\">\n<head>\n\t<meta charset=\"UTF-8\" />\n\t<meta name=\"viewport\" content=\"width=device-width, (truncated...)\n in /wordpress/wp-content/plugins/rest-cache/vendor/guzzlehttp/guzzle/src/Exception/RequestException.php:111\nStack trace:\n#0 /wordpress/wp-content/plugins/rest-cache/vendor/guzzlehttp/guzzle/src/Middleware.php(66): GuzzleHttp\\Exception\\RequestException::create(Object(GuzzleHttp\\Psr7\\Request), Object(GuzzleHttp\\Psr7\\Response))\n#1 /wordpress/wp-content/plugins/rest-cache/vendor/guzzlehttp/promises/src/Promise.php(203): GuzzleHttp\\Middleware::GuzzleHttp\\{closure}(Object(GuzzleHttp\\Psr7\\Response))\n#2 /wordpress/wp-content/plugins/rest-cache/vendor/guzzlehttp/promises/src/Promise.php(156): GuzzleHttp\\Promise\\Promise::callHandler(1, Object(GuzzleHttp\\Psr7\\Response), Array)\n#3 /wordpress/wp-content/plugins/rest-cache/vendor/guzzlehttp/promises/src/TaskQueue.php(47): GuzzleHttp\\Promise\\Promise::GuzzleHttp\\Promise\\{closure}()\n#4 /wordpress/wp-content/plugins/rest-cache/vendor/guzzlehttp/promises/src/Promise.php(246): GuzzleHttp\\Promise\\TaskQueue->run(true)\n#5 /wordpress/wp-content/plugins/rest-cache/vendor/guzzlehttp/promises/src/Promise.php(223): GuzzleHttp\\Promise\\Promise->invokeWaitFn()\n#6 /wordpress/wp-content/plugins/rest-cache/vendor/guzzlehttp/promises/src/Promise.php(267): GuzzleHttp\\Promise\\Promise->waitIfPending()\n#7 /wordpress/wp-content/plugins/rest-cache/vendor/guzzlehttp/promises/src/Promise.php(225): GuzzleHttp\\Promise\\Promise->invokeWaitList()\n#8 /wordpress/wp-content/plugins/rest-cache/vendor/guzzlehttp/promises/src/Promise.php(62): GuzzleHttp\\Promise\\Promise->waitIfPending()\n#9 /wordpress/wp-content/plugins/rest-cache/vendor/guzzlehttp/guzzle/src/Client.php(181): GuzzleHttp\\Promise\\Promise->wait()\n#10 /wordpress/wp-content/plugins/rest-cache/includes/class.plugin.php(94): GuzzleHttp\\Client->request('GET', 'http://127.0.0....', Array)\n#11 /wordpress/wp-includes/class-wp-hook.php(324): PerryRylance\\WordPress\\RESTCache\\Plugin->onActivate(false)\n#12 /wordpress/wp-includes/class-wp-hook.php(348): WP_Hook->apply_filters('', Array)\n#13 /wordpress/wp-includes/plugin.php(517): WP_Hook->do_action(Array)\n#14 /wordpress/wp-admin/includes/plugin.php(703): do_action('activate_rest-c...', false)\n#15 /internal/eval.php(20): activate_plugin('rest-cache/rest...')\n#16 {main}\n  thrown in /wordpress/wp-content/plugins/rest-cache/vendor/guzzlehttp/guzzle/src/Exception/RequestException.php on line 111\n\n    at Object.onBind (file:///home/runner/work/playground-tester/playground-tester/node_modules/@wp-playground/cli/index.js:237:15)\n    at process.processTicksAndRejections (node:internal/process/task_queues:105:5)\n    at async V (file:///home/runner/work/playground-tester/playground-tester/node_modules/@wp-playground/cli/index.js:64:10)\n    at async ja (file:///home/runner/work/playground-tester/playground-tester/node_modules/@wp-playground/cli/cli.js:8161:12) {\n  [cause]: Error: Error when executing the blueprint step #1 ({\"step\":\"installPlugin\",\"pluginData\":{\"resource\":\"wordpress.org/plugins\",\"slug\":\"paybox-woocommerce-payment-gateway\"},\"options\":{\"activate\":true}}) : Plugin /wordpress/wp-content/plugins/paybox-woocommerce-payment-gateway could not be activated – WordPress exited with no error. Sometimes, when $_SERVER or site options are not configured correctly, WordPress exits early with a 301 redirect. Inspect the \"debug\" logs in the console for more details.\n      at Object.run (file:///home/runner/work/playground-tester/playground-tester/node_modules/@wp-playground/blueprints/index.js:12449:19)\n      at process.processTicksAndRejections (node:internal/process/task_queues:105:5)\n      at async ms (file:///home/runner/work/playground-tester/playground-tester/node_modules/@wp-playground/blueprints/index.js:12552:3)\n      ... 2 lines matching cause stack trace ...\n      at async ja (file:///home/runner/work/playground-tester/playground-tester/node_modules/@wp-playground/cli/cli.js:8161:12) {\n    [cause]: Error: Plugin /wordpress/wp-content/plugins/paybox-woocommerce-payment-gateway could not be activated – WordPress exited with no error. Sometimes, when $_SERVER or site options are not configured correctly, WordPress exits early with a 301 redirect. Inspect the \"debug\" logs in the console for more details.\n        at wr (file:///home/runner/work/playground-tester/playground-tester/node_modules/@wp-playground/blueprints/index.js:119:51)\n        at process.processTicksAndRejections (node:internal/process/task_queues:105:5)\n        at async Object.gt [as installPlugin] (file:///home/runner/work/playground-tester/playground-tester/node_modules/@wp-playground/blueprints/index.js:974:42)\n        at async g (file:///home/runner/work/playground-tester/playground-tester/node_modules/@wp-playground/blueprints/index.js:12517:30)\n        at async Object.run (file:///home/runner/work/playground-tester/playground-tester/node_modules/@wp-playground/blueprints/index.js:12446:23)\n        at async ms (file:///home/runner/work/playground-tester/playground-tester/node_modules/@wp-playground/blueprints/index.js:12552:3)\n        at async Object.onBind (file:///home/runner/work/playground-tester/playground-tester/node_modules/@wp-playground/cli/index.js:227:48)\n        at async V (file:///home/runner/work/playground-tester/playground-tester/node_modules/@wp-playground/cli/index.js:64:10)\n        at async ja (file:///home/runner/work/playground-tester/playground-tester/node_modules/@wp-playground/cli/cli.js:8161:12)\n  }\n}\n\n",
    "log": "/logs/plugins/p/paybox-woocommerce-payment-gateway/error.json"
  }
]
