[
{"message":"file:///home/runner/work/playground-tester/playground-tester/node_modules/@wp-playground/cli/run-cli-j-geJYS3.js:325\n        throw new Error($, { cause: h });\n              ^\n","level":"FATAL","type":"PLAYGROUND","test":"asyncify-boot","plugin":"per-kg-calculator","details":"file:///home/runner/work/playground-tester/playground-tester/node_modules/@wp-playground/cli/run-cli-j-geJYS3.js:325\n        throw new Error($, { cause: h });\n              ^\n","log":"/tmp/tmp.Y32kyNW1GL"}
,
{"message":"Undefined variable $woo_fs in /wordpress/wp-content/plugins/new-order-popup/new-order-notification.php on line 123","level":"WARNING","type":"PHP","test":"asyncify-boot","plugin":"per-kg-calculator","details":"[12-Jun-2025 20:31:57 UTC] PHP Warning:  Undefined variable $woo_fs in /wordpress/wp-content/plugins/new-order-popup/new-order-notification.php on line 123","log":"/logs/plugins/p/per-kg-calculator/error.json"}
,
{"message":"Undefined variable $woo_fs in /wordpress/wp-content/plugins/new-order-popup/new-order-notification.php on line 123","level":"WARNING","type":"PHP","test":"asyncify-boot","plugin":"per-kg-calculator","details":"[12-Jun-2025 20:32:08 UTC] PHP Warning:  Undefined variable $woo_fs in /wordpress/wp-content/plugins/new-order-popup/new-order-notification.php on line 123","log":"/logs/plugins/p/per-kg-calculator/error.json"}
,
{"message":"Undefined variable $woo_fs in /wordpress/wp-content/plugins/new-order-popup/new-order-notification.php on line 123","level":"WARNING","type":"PHP","test":"asyncify-boot","plugin":"per-kg-calculator","details":"[12-Jun-2025 20:32:19 UTC] PHP Warning:  Undefined variable $woo_fs in /wordpress/wp-content/plugins/new-order-popup/new-order-notification.php on line 123","log":"/logs/plugins/p/per-kg-calculator/error.json"}
,
{"message":"Function add_option was called with an argument that is <strong>deprecated</strong> since version 2.3.0 with no alternative available. in /wordpress/wp-includes/functions.php on line 6121","level":"DEPRECATED","type":"PHP","test":"asyncify-boot","plugin":"per-kg-calculator","details":"[12-Jun-2025 20:33:20 UTC] PHP Deprecated:  Function add_option was called with an argument that is <strong>deprecated</strong> since version 2.3.0 with no alternative available. in /wordpress/wp-includes/functions.php on line 6121","log":"/logs/plugins/p/per-kg-calculator/error.json"}
,
{"message":"Undefined variable $ads_id_1 in /wordpress/wp-content/plugins/nfl-team-stats-lite/nfl-team-stats-lite.php on line 55","level":"WARNING","type":"PHP","test":"asyncify-boot","plugin":"per-kg-calculator","details":"[12-Jun-2025 20:33:20 UTC] PHP Warning:  Undefined variable $ads_id_1 in /wordpress/wp-content/plugins/nfl-team-stats-lite/nfl-team-stats-lite.php on line 55","log":"/logs/plugins/p/per-kg-calculator/error.json"}
,
{"message":"mail(): Could not execute mail delivery program '/usr/sbin/sendmail -t -i' in /wordpress/wp-content/plugins/nfl-team-stats-lite/nfl-team-stats-lite.php on line 57","level":"WARNING","type":"PHP","test":"asyncify-boot","plugin":"per-kg-calculator","details":"[12-Jun-2025 20:33:20 UTC] PHP Warning:  mail(): Could not execute mail delivery program '/usr/sbin/sendmail -t -i' in /wordpress/wp-content/plugins/nfl-team-stats-lite/nfl-team-stats-lite.php on line 57","log":"/logs/plugins/p/per-kg-calculator/error.json"}
,
{"message":"Function register_sidebar_widget is <strong>deprecated</strong> since version 2.8.0! Use wp_register_sidebar_widget() instead. in /wordpress/wp-includes/functions.php on line 6121","level":"DEPRECATED","type":"PHP","test":"asyncify-boot","plugin":"per-kg-calculator","details":"[12-Jun-2025 20:33:21 UTC] PHP Deprecated:  Function register_sidebar_widget is <strong>deprecated</strong> since version 2.8.0! Use wp_register_sidebar_widget() instead. in /wordpress/wp-includes/functions.php on line 6121","log":"/logs/plugins/p/per-kg-calculator/error.json"}
,
{"message":"Function add_option was called with an argument that is <strong>deprecated</strong> since version 2.3.0 with no alternative available. in /wordpress/wp-includes/functions.php on line 6121","level":"DEPRECATED","type":"PHP","test":"asyncify-boot","plugin":"per-kg-calculator","details":"[12-Jun-2025 20:33:29 UTC] PHP Deprecated:  Function add_option was called with an argument that is <strong>deprecated</strong> since version 2.3.0 with no alternative available. in /wordpress/wp-includes/functions.php on line 6121","log":"/logs/plugins/p/per-kg-calculator/error.json"}
,
{"message":"Undefined variable $ads_id_1 in /wordpress/wp-content/plugins/nfl-team-stats-lite/nfl-team-stats-lite.php on line 55","level":"WARNING","type":"PHP","test":"asyncify-boot","plugin":"per-kg-calculator","details":"[12-Jun-2025 20:33:29 UTC] PHP Warning:  Undefined variable $ads_id_1 in /wordpress/wp-content/plugins/nfl-team-stats-lite/nfl-team-stats-lite.php on line 55","log":"/logs/plugins/p/per-kg-calculator/error.json"}
,
{"message":"mail(): Could not execute mail delivery program '/usr/sbin/sendmail -t -i' in /wordpress/wp-content/plugins/nfl-team-stats-lite/nfl-team-stats-lite.php on line 57","level":"WARNING","type":"PHP","test":"asyncify-boot","plugin":"per-kg-calculator","details":"[12-Jun-2025 20:33:29 UTC] PHP Warning:  mail(): Could not execute mail delivery program '/usr/sbin/sendmail -t -i' in /wordpress/wp-content/plugins/nfl-team-stats-lite/nfl-team-stats-lite.php on line 57","log":"/logs/plugins/p/per-kg-calculator/error.json"}
,
{"message":"Function register_sidebar_widget is <strong>deprecated</strong> since version 2.8.0! Use wp_register_sidebar_widget() instead. in /wordpress/wp-includes/functions.php on line 6121","level":"DEPRECATED","type":"PHP","test":"asyncify-boot","plugin":"per-kg-calculator","details":"[12-Jun-2025 20:33:30 UTC] PHP Deprecated:  Function register_sidebar_widget is <strong>deprecated</strong> since version 2.8.0! Use wp_register_sidebar_widget() instead. in /wordpress/wp-includes/functions.php on line 6121","log":"/logs/plugins/p/per-kg-calculator/error.json"}
,
{"message":"Function add_option was called with an argument that is <strong>deprecated</strong> since version 2.3.0 with no alternative available. in /wordpress/wp-includes/functions.php on line 6121","level":"DEPRECATED","type":"PHP","test":"asyncify-boot","plugin":"per-kg-calculator","details":"[12-Jun-2025 20:33:37 UTC] PHP Deprecated:  Function add_option was called with an argument that is <strong>deprecated</strong> since version 2.3.0 with no alternative available. in /wordpress/wp-includes/functions.php on line 6121","log":"/logs/plugins/p/per-kg-calculator/error.json"}
,
{"message":"Undefined variable $ads_id_1 in /wordpress/wp-content/plugins/nfl-team-stats-lite/nfl-team-stats-lite.php on line 55","level":"WARNING","type":"PHP","test":"asyncify-boot","plugin":"per-kg-calculator","details":"[12-Jun-2025 20:33:37 UTC] PHP Warning:  Undefined variable $ads_id_1 in /wordpress/wp-content/plugins/nfl-team-stats-lite/nfl-team-stats-lite.php on line 55","log":"/logs/plugins/p/per-kg-calculator/error.json"}
,
{"message":"mail(): Could not execute mail delivery program '/usr/sbin/sendmail -t -i' in /wordpress/wp-content/plugins/nfl-team-stats-lite/nfl-team-stats-lite.php on line 57","level":"WARNING","type":"PHP","test":"asyncify-boot","plugin":"per-kg-calculator","details":"[12-Jun-2025 20:33:37 UTC] PHP Warning:  mail(): Could not execute mail delivery program '/usr/sbin/sendmail -t -i' in /wordpress/wp-content/plugins/nfl-team-stats-lite/nfl-team-stats-lite.php on line 57","log":"/logs/plugins/p/per-kg-calculator/error.json"}
,
{"message":"Function register_sidebar_widget is <strong>deprecated</strong> since version 2.8.0! Use wp_register_sidebar_widget() instead. in /wordpress/wp-includes/functions.php on line 6121","level":"DEPRECATED","type":"PHP","test":"asyncify-boot","plugin":"per-kg-calculator","details":"[12-Jun-2025 20:33:38 UTC] PHP Deprecated:  Function register_sidebar_widget is <strong>deprecated</strong> since version 2.8.0! Use wp_register_sidebar_widget() instead. in /wordpress/wp-includes/functions.php on line 6121","log":"/logs/plugins/p/per-kg-calculator/error.json"}
,
{"message":"Uncaught Exception: The WooCommerce is not activated. in /wordpress/wp-content/plugins/payfull/payfull.php:23","level":"FATAL","type":"PHP","test":"asyncify-boot","plugin":"per-kg-calculator","details":"[12-Jun-2025 20:34:35 UTC] PHP Fatal error:  Uncaught Exception: The WooCommerce is not activated. in /wordpress/wp-content/plugins/payfull/payfull.php:23\nStack trace:\n#0 /wordpress/wp-includes/class-wp-hook.php(324): payfull_init('')\n#1 /wordpress/wp-includes/class-wp-hook.php(348): WP_Hook->apply_filters(NULL, Array)\n#2 /wordpress/wp-includes/plugin.php(517): WP_Hook->do_action(Array)\n#3 /wordpress/wp-settings.php(727): do_action('init')\n#4 /wordpress/wp-config.php(102): require_once('/wordpress/wp-s...')\n#5 /wordpress/wp-load.php(50): require_once('/wordpress/wp-c...')\n#6 /internal/eval.php(3): require_once('/wordpress/wp-l...')\n#7 {main}\n  thrown in /wordpress/wp-content/plugins/payfull/payfull.php on line 23","log":"/logs/plugins/p/per-kg-calculator/error.json"}
,
{"message":"Uncaught Exception: The WooCommerce is not activated. in /wordpress/wp-content/plugins/payfull/payfull.php:23","level":"FATAL","type":"PHP","test":"asyncify-boot","plugin":"per-kg-calculator","details":"[12-Jun-2025 20:34:44 UTC] PHP Fatal error:  Uncaught Exception: The WooCommerce is not activated. in /wordpress/wp-content/plugins/payfull/payfull.php:23\nStack trace:\n#0 /wordpress/wp-includes/class-wp-hook.php(324): payfull_init('')\n#1 /wordpress/wp-includes/class-wp-hook.php(348): WP_Hook->apply_filters(NULL, Array)\n#2 /wordpress/wp-includes/plugin.php(517): WP_Hook->do_action(Array)\n#3 /wordpress/wp-settings.php(727): do_action('init')\n#4 /wordpress/wp-config.php(102): require_once('/wordpress/wp-s...')\n#5 /wordpress/wp-load.php(50): require_once('/wordpress/wp-c...')\n#6 /internal/eval.php(3): require_once('/wordpress/wp-l...')\n#7 {main}\n  thrown in /wordpress/wp-content/plugins/payfull/payfull.php on line 23","log":"/logs/plugins/p/per-kg-calculator/error.json"}
,
{"message":"Uncaught Exception: The WooCommerce is not activated. in /wordpress/wp-content/plugins/payfull/payfull.php:23","level":"FATAL","type":"PHP","test":"asyncify-boot","plugin":"per-kg-calculator","details":"[12-Jun-2025 20:34:52 UTC] PHP Fatal error:  Uncaught Exception: The WooCommerce is not activated. in /wordpress/wp-content/plugins/payfull/payfull.php:23\nStack trace:\n#0 /wordpress/wp-includes/class-wp-hook.php(324): payfull_init('')\n#1 /wordpress/wp-includes/class-wp-hook.php(348): WP_Hook->apply_filters(NULL, Array)\n#2 /wordpress/wp-includes/plugin.php(517): WP_Hook->do_action(Array)\n#3 /wordpress/wp-settings.php(727): do_action('init')\n#4 /wordpress/wp-config.php(102): require_once('/wordpress/wp-s...')\n#5 /wordpress/wp-load.php(50): require_once('/wordpress/wp-c...')\n#6 /internal/eval.php(3): require_once('/wordpress/wp-l...')\n#7 {main}\n  thrown in /wordpress/wp-content/plugins/payfull/payfull.php on line 23\n\n    at Object.onBind (file:///home/runner/work/playground-tester/playground-tester/node_modules/@wp-playground/cli/run-cli-j-geJYS3.js:325:15)\n    at process.processTicksAndRejections (node:internal/process/task_queues:105:5)\n    at async re (file:///home/runner/work/playground-tester/playground-tester/node_modules/@wp-playground/cli/run-cli-j-geJYS3.js:149:10) {\n  [cause]: Error: Error when executing the blueprint step #1 ({\"step\":\"installPlugin\",\"pluginData\":{\"resource\":\"wordpress.org/plugins\",\"slug\":\"per-kg-calculator\"},\"options\":{\"activate\":true}}) : Could not download \"https://downloads.wordpress.org/plugin/per-kg-calculator.latest-stable.zip\".\n  \t\t\t\tCheck if the URL is correct and the server is reachable.\n  \t\t\t\tIf it is reachable, the server might be blocking the request.\n  \t\t\t\tCheck the browser console and network tabs for more information.\n  \n  \t\t\t\t## Does the console show the error \"No 'Access-Control-Allow-Origin' header\"?\n  \n  \t\t\t\tThis means the server that hosts your file does not allow requests from other sites\n  \t\t\t\t(cross-origin requests, or CORS).\tYou need to move the asset to a server that allows\n  \t\t\t\tcross-origin file downloads. Learn more about CORS at\n  \t\t\t\thttps://developer.mozilla.org/en-US/docs/Web/HTTP/CORS.\n  \n  \t\t\t\tIf your file is on GitHub, load it from \"raw.githubusercontent.com\".\n  \t\t\t\tHere's how to do that:\n  \n  \t\t\t\t1. Start with the original GitHub URL of the file. For example:\n  \t\t\t\thttps://github.com/username/repository/blob/branch/filename.\n  \t\t\t\t2. Replace \"github.com\" with \"raw.githubusercontent.com\".\n  \t\t\t\t3. Remove the \"/blob/\" part of the URL.\n  \n  \t\t\t\tThe resulting URL should look like this:\n  \t\t\t\thttps://raw.githubusercontent.com/username/repository/branch/filename\n  \n  \t\t\t\tError:\n  \t\t\t\tError: Could not download \"https://downloads.wordpress.org/plugin/per-kg-calculator.latest-stable.zip\"\n      at Object.run (file:///home/runner/work/playground-tester/playground-tester/node_modules/@wp-playground/blueprints/index.js:12093:19)\n      at process.processTicksAndRejections (node:internal/process/task_queues:105:5)\n      at async ys (file:///home/runner/work/playground-tester/playground-tester/node_modules/@wp-playground/blueprints/index.js:12196:3)\n      at async Object.onBind (file:///home/runner/work/playground-tester/playground-tester/node_modules/@wp-playground/cli/run-cli-j-geJYS3.js:315:48)\n      at async re (file:///home/runner/work/playground-tester/playground-tester/node_modules/@wp-playground/cli/run-cli-j-geJYS3.js:149:10) {\n    [cause]: Error: Could not download \"https://downloads.wordpress.org/plugin/per-kg-calculator.latest-stable.zip\".\n    \t\t\t\tCheck if the URL is correct and the server is reachable.\n    \t\t\t\tIf it is reachable, the server might be blocking the request.\n    \t\t\t\tCheck the browser console and network tabs for more information.\n    \n    \t\t\t\t## Does the console show the error \"No 'Access-Control-Allow-Origin' header\"?\n    \n    \t\t\t\tThis means the server that hosts your file does not allow requests from other sites\n    \t\t\t\t(cross-origin requests, or CORS).\tYou need to move the asset to a server that allows\n    \t\t\t\tcross-origin file downloads. Learn more about CORS at\n    \t\t\t\thttps://developer.mozilla.org/en-US/docs/Web/HTTP/CORS.\n    \n    \t\t\t\tIf your file is on GitHub, load it from \"raw.githubusercontent.com\".\n    \t\t\t\tHere's how to do that:\n    \n    \t\t\t\t1. Start with the original GitHub URL of the file. For example:\n    \t\t\t\thttps://github.com/username/repository/blob/branch/filename.\n    \t\t\t\t2. Replace \"github.com\" with \"raw.githubusercontent.com\".\n    \t\t\t\t3. Remove the \"/blob/\" part of the URL.\n    \n    \t\t\t\tThe resulting URL should look like this:\n    \t\t\t\thttps://raw.githubusercontent.com/username/repository/branch/filename\n    \n    \t\t\t\tError:\n    \t\t\t\tError: Could not download \"https://downloads.wordpress.org/plugin/per-kg-calculator.latest-stable.zip\"\n        at Ct.resolve (file:///home/runner/work/playground-tester/playground-tester/node_modules/@wp-playground/blueprints/index.js:1129:13)\n        at process.processTicksAndRejections (node:internal/process/task_queues:105:5)\n        at async _.run (file:///home/runner/work/playground-tester/playground-tester/node_modules/@php-wasm/util/index.js:45:14)\n  }\n}\n\n","log":"/logs/plugins/p/per-kg-calculator/error.json"}
]
