file:///home/runner/work/playground-tester/playground-tester/node_modules/@wp-playground/cli/index.js:237
        throw new Error(y, { cause: u });
              ^

Error: [05-May-2025 23:26:41 UTC] PHP Notice:  Function wp_register_style was called <strong>incorrectly</strong>. Scripts and styles should not be registered or enqueued until the <code>wp_enqueue_scripts</code>, <code>admin_enqueue_scripts</code>, or <code>login_enqueue_scripts</code> hooks. This notice was triggered by the <code>bootstrap-styles</code> handle. Please see <a href="https://developer.wordpress.org/advanced-administration/debug/debug-wordpress/">Debugging in WordPress</a> for more information. (This message was added in version 3.3.0.) in /wordpress/wp-includes/functions.php on line 6121
[05-May-2025 23:26:41 UTC] PHP Notice:  Function is_feed was called <strong>incorrectly</strong>. Conditional query tags do not work before the query is run. Before then, they always return false. Please see <a href="https://developer.wordpress.org/advanced-administration/debug/debug-wordpress/">Debugging in WordPress</a> for more information. (This message was added in version 3.1.0.) in /wordpress/wp-includes/functions.php on line 6121
[05-May-2025 23:26:41 UTC] PHP Notice:  Function wp_register_style was called <strong>incorrectly</strong>. Scripts and styles should not be registered or enqueued until the <code>wp_enqueue_scripts</code>, <code>admin_enqueue_scripts</code>, or <code>login_enqueue_scripts</code> hooks. This notice was triggered by the <code>font-awesome-styles</code> handle. Please see <a href="https://developer.wordpress.org/advanced-administration/debug/debug-wordpress/">Debugging in WordPress</a> for more information. (This message was added in version 3.3.0.) in /wordpress/wp-includes/functions.php on line 6121
[05-May-2025 23:26:41 UTC] PHP Notice:  Function wp_register_style was called <strong>incorrectly</strong>. Scripts and styles should not be registered or enqueued until the <code>wp_enqueue_scripts</code>, <code>admin_enqueue_scripts</code>, or <code>login_enqueue_scripts</code> hooks. This notice was triggered by the <code>stockpulse-styles</code> handle. Please see <a href="https://developer.wordpress.org/advanced-administration/debug/debug-wordpress/">Debugging in WordPress</a> for more information. (This message was added in version 3.3.0.) in /wordpress/wp-includes/functions.php on line 6121
[05-May-2025 23:26:41 UTC] PHP Notice:  Function wp_register_style was called <strong>incorrectly</strong>. Scripts and styles should not be registered or enqueued until the <code>wp_enqueue_scripts</code>, <code>admin_enqueue_scripts</code>, or <code>login_enqueue_scripts</code> hooks. This notice was triggered by the <code>stockpulse-widgetstyles</code> handle. Please see <a href="https://developer.wordpress.org/advanced-administration/debug/debug-wordpress/">Debugging in WordPress</a> for more information. (This message was added in version 3.3.0.) in /wordpress/wp-includes/functions.php on line 6121
[05-May-2025 23:26:41 UTC] PHP Notice:  Function wp_register_script was called <strong>incorrectly</strong>. Scripts and styles should not be registered or enqueued until the <code>wp_enqueue_scripts</code>, <code>admin_enqueue_scripts</code>, or <code>login_enqueue_scripts</code> hooks. This notice was triggered by the <code>stockpulse-script</code> handle. Please see <a href="https://developer.wordpress.org/advanced-administration/debug/debug-wordpress/">Debugging in WordPress</a> for more information. (This message was added in version 3.3.0.) in /wordpress/wp-includes/functions.php on line 6121
[05-May-2025 23:26:41 UTC] PHP Notice:  Function wp_enqueue_style was called <strong>incorrectly</strong>. Scripts and styles should not be registered or enqueued until the <code>wp_enqueue_scripts</code>, <code>admin_enqueue_scripts</code>, or <code>login_enqueue_scripts</code> hooks. This notice was triggered by the <code>stockpulse-widgetstyles</code> handle. Please see <a href="https://developer.wordpress.org/advanced-administration/debug/debug-wordpress/">Debugging in WordPress</a> for more information. (This message was added in version 3.3.0.) in /wordpress/wp-includes/functions.php on line 6121
[05-May-2025 23:26:50 UTC] PHP Notice:  Function wp_register_style was called <strong>incorrectly</strong>. Scripts and styles should not be registered or enqueued until the <code>wp_enqueue_scripts</code>, <code>admin_enqueue_scripts</code>, or <code>login_enqueue_scripts</code> hooks. This notice was triggered by the <code>bootstrap-styles</code> handle. Please see <a href="https://developer.wordpress.org/advanced-administration/debug/debug-wordpress/">Debugging in WordPress</a> for more information. (This message was added in version 3.3.0.) in /wordpress/wp-includes/functions.php on line 6121
[05-May-2025 23:26:50 UTC] PHP Notice:  Function is_feed was called <strong>incorrectly</strong>. Conditional query tags do not work before the query is run. Before then, they always return false. Please see <a href="https://developer.wordpress.org/advanced-administration/debug/debug-wordpress/">Debugging in WordPress</a> for more information. (This message was added in version 3.1.0.) in /wordpress/wp-includes/functions.php on line 6121
[05-May-2025 23:26:50 UTC] PHP Notice:  Function wp_register_style was called <strong>incorrectly</strong>. Scripts and styles should not be registered or enqueued until the <code>wp_enqueue_scripts</code>, <code>admin_enqueue_scripts</code>, or <code>login_enqueue_scripts</code> hooks. This notice was triggered by the <code>font-awesome-styles</code> handle. Please see <a href="https://developer.wordpress.org/advanced-administration/debug/debug-wordpress/">Debugging in WordPress</a> for more information. (This message was added in version 3.3.0.) in /wordpress/wp-includes/functions.php on line 6121
[05-May-2025 23:26:50 UTC] PHP Notice:  Function wp_register_style was called <strong>incorrectly</strong>. Scripts and styles should not be registered or enqueued until the <code>wp_enqueue_scripts</code>, <code>admin_enqueue_scripts</code>, or <code>login_enqueue_scripts</code> hooks. This notice was triggered by the <code>stockpulse-styles</code> handle. Please see <a href="https://developer.wordpress.org/advanced-administration/debug/debug-wordpress/">Debugging in WordPress</a> for more information. (This message was added in version 3.3.0.) in /wordpress/wp-includes/functions.php on line 6121
[05-May-2025 23:26:50 UTC] PHP Notice:  Function wp_register_style was called <strong>incorrectly</strong>. Scripts and styles should not be registered or enqueued until the <code>wp_enqueue_scripts</code>, <code>admin_enqueue_scripts</code>, or <code>login_enqueue_scripts</code> hooks. This notice was triggered by the <code>stockpulse-widgetstyles</code> handle. Please see <a href="https://developer.wordpress.org/advanced-administration/debug/debug-wordpress/">Debugging in WordPress</a> for more information. (This message was added in version 3.3.0.) in /wordpress/wp-includes/functions.php on line 6121
[05-May-2025 23:26:50 UTC] PHP Notice:  Function wp_register_script was called <strong>incorrectly</strong>. Scripts and styles should not be registered or enqueued until the <code>wp_enqueue_scripts</code>, <code>admin_enqueue_scripts</code>, or <code>login_enqueue_scripts</code> hooks. This notice was triggered by the <code>stockpulse-script</code> handle. Please see <a href="https://developer.wordpress.org/advanced-administration/debug/debug-wordpress/">Debugging in WordPress</a> for more information. (This message was added in version 3.3.0.) in /wordpress/wp-includes/functions.php on line 6121
[05-May-2025 23:26:50 UTC] PHP Notice:  Function wp_enqueue_style was called <strong>incorrectly</strong>. Scripts and styles should not be registered or enqueued until the <code>wp_enqueue_scripts</code>, <code>admin_enqueue_scripts</code>, or <code>login_enqueue_scripts</code> hooks. This notice was triggered by the <code>stockpulse-widgetstyles</code> handle. Please see <a href="https://developer.wordpress.org/advanced-administration/debug/debug-wordpress/">Debugging in WordPress</a> for more information. (This message was added in version 3.3.0.) in /wordpress/wp-includes/functions.php on line 6121
[05-May-2025 23:26:59 UTC] PHP Notice:  Function wp_register_style was called <strong>incorrectly</strong>. Scripts and styles should not be registered or enqueued until the <code>wp_enqueue_scripts</code>, <code>admin_enqueue_scripts</code>, or <code>login_enqueue_scripts</code> hooks. This notice was triggered by the <code>bootstrap-styles</code> handle. Please see <a href="https://developer.wordpress.org/advanced-administration/debug/debug-wordpress/">Debugging in WordPress</a> for more information. (This message was added in version 3.3.0.) in /wordpress/wp-includes/functions.php on line 6121
[05-May-2025 23:26:59 UTC] PHP Notice:  Function is_feed was called <strong>incorrectly</strong>. Conditional query tags do not work before the query is run. Before then, they always return false. Please see <a href="https://developer.wordpress.org/advanced-administration/debug/debug-wordpress/">Debugging in WordPress</a> for more information. (This message was added in version 3.1.0.) in /wordpress/wp-includes/functions.php on line 6121
[05-May-2025 23:26:59 UTC] PHP Notice:  Function wp_register_style was called <strong>incorrectly</strong>. Scripts and styles should not be registered or enqueued until the <code>wp_enqueue_scripts</code>, <code>admin_enqueue_scripts</code>, or <code>login_enqueue_scripts</code> hooks. This notice was triggered by the <code>font-awesome-styles</code> handle. Please see <a href="https://developer.wordpress.org/advanced-administration/debug/debug-wordpress/">Debugging in WordPress</a> for more information. (This message was added in version 3.3.0.) in /wordpress/wp-includes/functions.php on line 6121
[05-May-2025 23:26:59 UTC] PHP Notice:  Function wp_register_style was called <strong>incorrectly</strong>. Scripts and styles should not be registered or enqueued until the <code>wp_enqueue_scripts</code>, <code>admin_enqueue_scripts</code>, or <code>login_enqueue_scripts</code> hooks. This notice was triggered by the <code>stockpulse-styles</code> handle. Please see <a href="https://developer.wordpress.org/advanced-administration/debug/debug-wordpress/">Debugging in WordPress</a> for more information. (This message was added in version 3.3.0.) in /wordpress/wp-includes/functions.php on line 6121
[05-May-2025 23:26:59 UTC] PHP Notice:  Function wp_register_style was called <strong>incorrectly</strong>. Scripts and styles should not be registered or enqueued until the <code>wp_enqueue_scripts</code>, <code>admin_enqueue_scripts</code>, or <code>login_enqueue_scripts</code> hooks. This notice was triggered by the <code>stockpulse-widgetstyles</code> handle. Please see <a href="https://developer.wordpress.org/advanced-administration/debug/debug-wordpress/">Debugging in WordPress</a> for more information. (This message was added in version 3.3.0.) in /wordpress/wp-includes/functions.php on line 6121
[05-May-2025 23:26:59 UTC] PHP Notice:  Function wp_register_script was called <strong>incorrectly</strong>. Scripts and styles should not be registered or enqueued until the <code>wp_enqueue_scripts</code>, <code>admin_enqueue_scripts</code>, or <code>login_enqueue_scripts</code> hooks. This notice was triggered by the <code>stockpulse-script</code> handle. Please see <a href="https://developer.wordpress.org/advanced-administration/debug/debug-wordpress/">Debugging in WordPress</a> for more information. (This message was added in version 3.3.0.) in /wordpress/wp-includes/functions.php on line 6121
[05-May-2025 23:26:59 UTC] PHP Notice:  Function wp_enqueue_style was called <strong>incorrectly</strong>. Scripts and styles should not be registered or enqueued until the <code>wp_enqueue_scripts</code>, <code>admin_enqueue_scripts</code>, or <code>login_enqueue_scripts</code> hooks. This notice was triggered by the <code>stockpulse-widgetstyles</code> handle. Please see <a href="https://developer.wordpress.org/advanced-administration/debug/debug-wordpress/">Debugging in WordPress</a> for more information. (This message was added in version 3.3.0.) in /wordpress/wp-includes/functions.php on line 6121
[05-May-2025 23:28:03 UTC] PHP Fatal error:  Uncaught Error: Call to undefined function create_function() in /wordpress/wp-content/plugins/strx-youtube-widget/strx-widget.php:33
Stack trace:
#0 /wordpress/wp-content/plugins/strx-youtube-widget/strx-youtube-embed-urls-widget.php(57): Strx_Widget::w_init('StrxYoutubeEmbe...')
#1 /wordpress/wp-content/plugins/strx-youtube-widget/strx-youtube-embed-widget.php(12): require_once('/wordpress/wp-c...')
#2 /wordpress/wp-admin/includes/plugin.php(2387): include_once('/wordpress/wp-c...')
#3 /wordpress/wp-admin/includes/plugin.php(673): plugin_sandbox_scrape('strx-youtube-wi...')
#4 /internal/eval.php(20): activate_plugin('strx-youtube-wi...')
#5 {main}
  thrown in /wordpress/wp-content/plugins/strx-youtube-widget/strx-widget.php on line 33
[05-May-2025 23:28:11 UTC] PHP Fatal error:  Uncaught Error: Call to undefined function create_function() in /wordpress/wp-content/plugins/strx-youtube-widget/strx-widget.php:33
Stack trace:
#0 /wordpress/wp-content/plugins/strx-youtube-widget/strx-youtube-embed-urls-widget.php(57): Strx_Widget::w_init('StrxYoutubeEmbe...')
#1 /wordpress/wp-content/plugins/strx-youtube-widget/strx-youtube-embed-widget.php(12): require_once('/wordpress/wp-c...')
#2 /wordpress/wp-admin/includes/plugin.php(2387): include_once('/wordpress/wp-c...')
#3 /wordpress/wp-admin/includes/plugin.php(673): plugin_sandbox_scrape('strx-youtube-wi...')
#4 /internal/eval.php(20): activate_plugin('strx-youtube-wi...')
#5 {main}
  thrown in /wordpress/wp-content/plugins/strx-youtube-widget/strx-widget.php on line 33
[05-May-2025 23:28:19 UTC] PHP Fatal error:  Uncaught Error: Call to undefined function create_function() in /wordpress/wp-content/plugins/strx-youtube-widget/strx-widget.php:33
Stack trace:
#0 /wordpress/wp-content/plugins/strx-youtube-widget/strx-youtube-embed-urls-widget.php(57): Strx_Widget::w_init('StrxYoutubeEmbe...')
#1 /wordpress/wp-content/plugins/strx-youtube-widget/strx-youtube-embed-widget.php(12): require_once('/wordpress/wp-c...')
#2 /wordpress/wp-admin/includes/plugin.php(2387): include_once('/wordpress/wp-c...')
#3 /wordpress/wp-admin/includes/plugin.php(673): plugin_sandbox_scrape('strx-youtube-wi...')
#4 /internal/eval.php(20): activate_plugin('strx-youtube-wi...')
#5 {main}
  thrown in /wordpress/wp-content/plugins/strx-youtube-widget/strx-widget.php on line 33
[05-May-2025 23:28:54 UTC] PHP Fatal error:  Uncaught Error: Call to undefined function mysql_real_escape_string() in /wordpress/wp-content/plugins/subscribe-news-letter/subscribers.php:73
Stack trace:
#0 /wordpress/wp-admin/includes/plugin.php(2387): include_once()
#1 /wordpress/wp-admin/includes/plugin.php(673): plugin_sandbox_scrape('subscribe-news-...')
#2 /internal/eval.php(20): activate_plugin('subscribe-news-...')
#3 {main}
  thrown in /wordpress/wp-content/plugins/subscribe-news-letter/subscribers.php on line 73
[05-May-2025 23:29:01 UTC] PHP Fatal error:  Uncaught Error: Call to undefined function mysql_real_escape_string() in /wordpress/wp-content/plugins/subscribe-news-letter/subscribers.php:73
Stack trace:
#0 /wordpress/wp-admin/includes/plugin.php(2387): include_once()
#1 /wordpress/wp-admin/includes/plugin.php(673): plugin_sandbox_scrape('subscribe-news-...')
#2 /internal/eval.php(20): activate_plugin('subscribe-news-...')
#3 {main}
  thrown in /wordpress/wp-content/plugins/subscribe-news-letter/subscribers.php on line 73
[05-May-2025 23:29:08 UTC] PHP Fatal error:  Uncaught Error: Call to undefined function mysql_real_escape_string() in /wordpress/wp-content/plugins/subscribe-news-letter/subscribers.php:73
Stack trace:
#0 /wordpress/wp-admin/includes/plugin.php(2387): include_once()
#1 /wordpress/wp-admin/includes/plugin.php(673): plugin_sandbox_scrape('subscribe-news-...')
#2 /internal/eval.php(20): activate_plugin('subscribe-news-...')
#3 {main}
  thrown in /wordpress/wp-content/plugins/subscribe-news-letter/subscribers.php on line 73
[05-May-2025 23:29:19 UTC] PHP Warning:  Undefined property: WP_SQLite_DB::$actionscheduler_actions in /wordpress/wp-includes/class-wpdb.php on line 789
[05-May-2025 23:29:19 UTC] WordPress database error <div style="clear:both">&nbsp;</div>
<div class="queries" style="clear:both;margin-bottom:2px;border:red dotted thin;">
<p>MySQL query:</p>
<p>SELECT a.action_id FROM  a WHERE a.hook='action_scheduler/migration_hook' AND a.status='in-progress' ORDER BY scheduled_date_gmt DESC LIMIT 1</p>
<p>Queries made or created this session were:</p>
<ol>
<li>Executing: BEGIN | (no parameters)</li>
<li>Executing: SELECT `a`.`action_id` FROM `a` WHERE `a`.`hook` = 'action_scheduler/migration_hook' AND `a`.`status` = 'in-progress' ORDER BY `scheduled_date_gmt` DESC LIMIT 1 | (no parameters)</li>
<li>Executing: ROLLBACK | (no parameters)</li>
</ol>
</div>
<div style="clear:both;margin-bottom:2px;border:red dotted thin;" class="error_message" style="border-bottom:dotted blue thin;">
SQLSTATE[HY000]: General error: 1 no such table: a
</div>
<p>Backtrace:</p>
<pre>#0 /internal/shared/sqlite-database-integration/wp-includes/sqlite-ast/class-wp-sqlite-driver.php(683): WP_SQLite_Driver->new_driver_exception('SQLSTATE[HY000]...', 'HY000', Object(PDOException))
#1 /internal/shared/sqlite-database-integration/wp-includes/sqlite/class-wp-sqlite-db.php(491): WP_SQLite_Driver->query('SELECT a.action...')
#2 /internal/shared/sqlite-database-integration/wp-includes/sqlite/class-wp-sqlite-db.php(432): WP_SQLite_DB->_do_query('SELECT a.action...')
#3 /wordpress/wp-includes/class-wpdb.php(3031): WP_SQLite_DB->query('SELECT a.action...')
#4 /wordpress/wp-content/plugins/subscriptions-recurring-payments-for-woocommerce/inc/libraries/action-scheduler/classes/data-stores/ActionScheduler_DBStore.php(210): wpdb->get_var('SELECT a.action...')
#5 /wordpress/wp-content/plugins/subscriptions-recurring-payments-for-woocommerce/inc/libraries/action-scheduler/classes/data-stores/ActionScheduler_HybridStore.php(134): ActionScheduler_DBStore->find_action('action_schedule...', Array)
#6 /wordpress/wp-content/plugins/subscriptions-recurring-payments-for-woocommerce/inc/libraries/action-scheduler/functions.php(156): ActionScheduler_HybridStore->find_action('action_schedule...', Array)
#7 /wordpress/wp-content/plugins/subscriptions-recurring-payments-for-woocommerce/inc/libraries/action-scheduler/classes/migration/Scheduler.php(66): as_next_scheduled_action('action_schedule...')
#8 /wordpress/wp-content/plugins/subscriptions-recurring-payments-for-woocommerce/inc/libraries/action-scheduler/classes/migration/Controller.php(95): Action_Scheduler\Migration\Scheduler->is_migration_scheduled()
#9 /wordpress/wp-includes/class-wp-hook.php(322): Action_Scheduler\Migration\Controller->schedule_migration()
#10 /wordpress/wp-includes/class-wp-hook.php(348): WP_Hook->apply_filters('', Array)
#11 /wordpress/wp-includes/plugin.php(517): WP_Hook->do_action(Array)
#12 /wordpress/wp-includes/load.php(1304): do_action('shutdown')
#13 [internal function]: shutdown_action_hook()
#14 {main}</pre>
 for query SELECT a.action_id FROM  a WHERE a.hook='action_scheduler/migration_hook' AND a.status='in-progress' ORDER BY scheduled_date_gmt DESC LIMIT 1 made by shutdown_action_hook, do_action('shutdown'), WP_Hook->do_action, WP_Hook->apply_filters, Action_Scheduler\Migration\Controller->schedule_migration, Action_Scheduler\Migration\Scheduler->is_migration_scheduled, as_next_scheduled_action, ActionScheduler_HybridStore->find_action, ActionScheduler_DBStore->find_action, WP_SQLite_DB->query, WP_SQLite_DB->print_error
[05-May-2025 23:29:19 UTC] WordPress database error <div style="clear:both">&nbsp;</div>
<div class="queries" style="clear:both;margin-bottom:2px;border:red dotted thin;">
<p>MySQL query:</p>
<p>SELECT a.action_id FROM  a WHERE a.hook='action_scheduler/migration_hook' AND a.status='pending' ORDER BY scheduled_date_gmt ASC LIMIT 1</p>
<p>Queries made or created this session were:</p>
<ol>
<li>Executing: BEGIN | (no parameters)</li>
<li>Executing: SELECT `a`.`action_id` FROM `a` WHERE `a`.`hook` = 'action_scheduler/migration_hook' AND `a`.`status` = 'pending' ORDER BY `scheduled_date_gmt` ASC LIMIT 1 | (no parameters)</li>
<li>Executing: ROLLBACK | (no parameters)</li>
</ol>
</div>
<div style="clear:both;margin-bottom:2px;border:red dotted thin;" class="error_message" style="border-bottom:dotted blue thin;">
SQLSTATE[HY000]: General error: 1 no such table: a
</div>
<p>Backtrace:</p>
<pre>#0 /internal/shared/sqlite-database-integration/wp-includes/sqlite-ast/class-wp-sqlite-driver.php(683): WP_SQLite_Driver->new_driver_exception('SQLSTATE[HY000]...', 'HY000', Object(PDOException))
#1 /internal/shared/sqlite-database-integration/wp-includes/sqlite/class-wp-sqlite-db.php(491): WP_SQLite_Driver->query('SELECT a.action...')
#2 /internal/shared/sqlite-database-integration/wp-includes/sqlite/class-wp-sqlite-db.php(432): WP_SQLite_DB->_do_query('SELECT a.action...')
#3 /wordpress/wp-includes/class-wpdb.php(3031): WP_SQLite_DB->query('SELECT a.action...')
#4 /wordpress/wp-content/plugins/subscriptions-recurring-payments-for-woocommerce/inc/libraries/action-scheduler/classes/data-stores/ActionScheduler_DBStore.php(210): wpdb->get_var('SELECT a.action...')
#5 /wordpress/wp-content/plugins/subscriptions-recurring-payments-for-woocommerce/inc/libraries/action-scheduler/classes/data-stores/ActionScheduler_HybridStore.php(134): ActionScheduler_DBStore->find_action('action_schedule...', Array)
#6 /wordpress/wp-content/plugins/subscriptions-recurring-payments-for-woocommerce/inc/libraries/action-scheduler/functions.php(162): ActionScheduler_HybridStore->find_action('action_schedule...', Array)
#7 /wordpress/wp-content/plugins/subscriptions-recurring-payments-for-woocommerce/inc/libraries/action-scheduler/classes/migration/Scheduler.php(66): as_next_scheduled_action('action_schedule...')
#8 /wordpress/wp-content/plugins/subscriptions-recurring-payments-for-woocommerce/inc/libraries/action-scheduler/classes/migration/Controller.php(95): Action_Scheduler\Migration\Scheduler->is_migration_scheduled()
#9 /wordpress/wp-includes/class-wp-hook.php(322): Action_Scheduler\Migration\Controller->schedule_migration()
#10 /wordpress/wp-includes/class-wp-hook.php(348): WP_Hook->apply_filters('', Array)
#11 /wordpress/wp-includes/plugin.php(517): WP_Hook->do_action(Array)
#12 /wordpress/wp-includes/load.php(1304): do_action('shutdown')
#13 [internal function]: shutdown_action_hook()
#14 {main}</pre>
 for query SELECT a.action_id FROM  a WHERE a.hook='action_scheduler/migration_hook' AND a.status='pending' ORDER BY scheduled_date_gmt ASC LIMIT 1 made by shutdown_action_hook, do_action('shutdown'), WP_Hook->do_action, WP_Hook->apply_filters, Action_Scheduler\Migration\Controller->schedule_migration, Action_Scheduler\Migration\Scheduler->is_migration_scheduled, as_next_scheduled_action, ActionScheduler_HybridStore->find_action, ActionScheduler_DBStore->find_action, WP_SQLite_DB->query, WP_SQLite_DB->print_error
[05-May-2025 23:29:19 UTC] WordPress database error <div style="clear:both">&nbsp;</div>
<div class="queries" style="clear:both;margin-bottom:2px;border:red dotted thin;">
<p>MySQL query:</p>
<p>SELECT a.action_id FROM  a WHERE a.hook='action_scheduler/migration_hook' AND a.status='in-progress' ORDER BY scheduled_date_gmt DESC LIMIT 1</p>
<p>Queries made or created this session were:</p>
<ol>
<li>Executing: BEGIN | (no parameters)</li>
<li>Executing: SELECT `a`.`action_id` FROM `a` WHERE `a`.`hook` = 'action_scheduler/migration_hook' AND `a`.`status` = 'in-progress' ORDER BY `scheduled_date_gmt` DESC LIMIT 1 | (no parameters)</li>
<li>Executing: ROLLBACK | (no parameters)</li>
</ol>
</div>
<div style="clear:both;margin-bottom:2px;border:red dotted thin;" class="error_message" style="border-bottom:dotted blue thin;">
SQLSTATE[HY000]: General error: 1 no such table: a
</div>
<p>Backtrace:</p>
<pre>#0 /internal/shared/sqlite-database-integration/wp-includes/sqlite-ast/class-wp-sqlite-driver.php(683): WP_SQLite_Driver->new_driver_exception('SQLSTATE[HY000]...', 'HY000', Object(PDOException))
#1 /internal/shared/sqlite-database-integration/wp-includes/sqlite/class-wp-sqlite-db.php(491): WP_SQLite_Driver->query('SELECT a.action...')
#2 /internal/shared/sqlite-database-integration/wp-includes/sqlite/class-wp-sqlite-db.php(432): WP_SQLite_DB->_do_query('SELECT a.action...')
#3 /wordpress/wp-includes/class-wpdb.php(3031): WP_SQLite_DB->query('SELECT a.action...')
#4 /wordpress/wp-content/plugins/subscriptions-recurring-payments-for-woocommerce/inc/libraries/action-scheduler/classes/data-stores/ActionScheduler_DBStore.php(210): wpdb->get_var('SELECT a.action...')
#5 /wordpress/wp-content/plugins/subscriptions-recurring-payments-for-woocommerce/inc/libraries/action-scheduler/classes/data-stores/ActionScheduler_HybridStore.php(134): ActionScheduler_DBStore->find_action('action_schedule...', Array)
#6 /wordpress/wp-content/plugins/subscriptions-recurring-payments-for-woocommerce/inc/libraries/action-scheduler/functions.php(156): ActionScheduler_HybridStore->find_action('action_schedule...', Array)
#7 /wordpress/wp-content/plugins/subscriptions-recurring-payments-for-woocommerce/inc/libraries/action-scheduler/classes/migration/Scheduler.php(79): as_next_scheduled_action('action_schedule...')
#8 /wordpress/wp-content/plugins/subscriptions-recurring-payments-for-woocommerce/inc/libraries/action-scheduler/classes/migration/Controller.php(99): Action_Scheduler\Migration\Scheduler->schedule_migration()
#9 /wordpress/wp-includes/class-wp-hook.php(322): Action_Scheduler\Migration\Controller->schedule_migration()
#10 /wordpress/wp-includes/class-wp-hook.php(348): WP_Hook->apply_filters('', Array)
#11 /wordpress/wp-includes/plugin.php(517): WP_Hook->do_action(Array)
#12 /wordpress/wp-includes/load.php(1304): do_action('shutdown')
#13 [internal function]: shutdown_action_hook()
#14 {main}</pre>
 for query SELECT a.action_id FROM  a WHERE a.hook='action_scheduler/migration_hook' AND a.status='in-progress' ORDER BY scheduled_date_gmt DESC LIMIT 1 made by shutdown_action_hook, do_action('shutdown'), WP_Hook->do_action, WP_Hook->apply_filters, Action_Scheduler\Migration\Controller->schedule_migration, Action_Scheduler\Migration\Scheduler->schedule_migration, as_next_scheduled_action, ActionScheduler_HybridStore->find_action, ActionScheduler_DBStore->find_action, WP_SQLite_DB->query, WP_SQLite_DB->print_error
[05-May-2025 23:29:19 UTC] WordPress database error <div style="clear:both">&nbsp;</div>
<div class="queries" style="clear:both;margin-bottom:2px;border:red dotted thin;">
<p>MySQL query:</p>
<p>SELECT a.action_id FROM  a WHERE a.hook='action_scheduler/migration_hook' AND a.status='pending' ORDER BY scheduled_date_gmt ASC LIMIT 1</p>
<p>Queries made or created this session were:</p>
<ol>
<li>Executing: BEGIN | (no parameters)</li>
<li>Executing: SELECT `a`.`action_id` FROM `a` WHERE `a`.`hook` = 'action_scheduler/migration_hook' AND `a`.`status` = 'pending' ORDER BY `scheduled_date_gmt` ASC LIMIT 1 | (no parameters)</li>
<li>Executing: ROLLBACK | (no parameters)</li>
</ol>
</div>
<div style="clear:both;margin-bottom:2px;border:red dotted thin;" class="error_message" style="border-bottom:dotted blue thin;">
SQLSTATE[HY000]: General error: 1 no such table: a
</div>
<p>Backtrace:</p>
<pre>#0 /internal/shared/sqlite-database-integration/wp-includes/sqlite-ast/class-wp-sqlite-driver.php(683): WP_SQLite_Driver->new_driver_exception('SQLSTATE[HY000]...', 'HY000', Object(PDOException))
#1 /internal/shared/sqlite-database-integration/wp-includes/sqlite/class-wp-sqlite-db.php(491): WP_SQLite_Driver->query('SELECT a.action...')
#2 /internal/shared/sqlite-database-integration/wp-includes/sqlite/class-wp-sqlite-db.php(432): WP_SQLite_DB->_do_query('SELECT a.action...')
#3 /wordpress/wp-includes/class-wpdb.php(3031): WP_SQLite_DB->query('SELECT a.action...')
#4 /wordpress/wp-content/plugins/subscriptions-recurring-payments-for-woocommerce/inc/libraries/action-scheduler/classes/data-stores/ActionScheduler_DBStore.php(210): wpdb->get_var('SELECT a.action...')
#5 /wordpress/wp-content/plugins/subscriptions-recurring-payments-for-woocommerce/inc/libraries/action-scheduler/classes/data-stores/ActionScheduler_HybridStore.php(134): ActionScheduler_DBStore->find_action('action_schedule...', Array)
#6 /wordpress/wp-content/plugins/subscriptions-recurring-payments-for-woocommerce/inc/libraries/action-scheduler/functions.php(162): ActionScheduler_HybridStore->find_action('action_schedule...', Array)
#7 /wordpress/wp-content/plugins/subscriptions-recurring-payments-for-woocommerce/inc/libraries/action-scheduler/classes/migration/Scheduler.php(79): as_next_scheduled_action('action_schedule...')
#8 /wordpress/wp-content/plugins/subscriptions-recurring-payments-for-woocommerce/inc/libraries/action-scheduler/classes/migration/Controller.php(99): Action_Scheduler\Migration\Scheduler->schedule_migration()
#9 /wordpress/wp-includes/class-wp-hook.php(322): Action_Scheduler\Migration\Controller->schedule_migration()
#10 /wordpress/wp-includes/class-wp-hook.php(348): WP_Hook->apply_filters('', Array)
#11 /wordpress/wp-includes/plugin.php(517): WP_Hook->do_action(Array)
#12 /wordpress/wp-includes/load.php(1304): do_action('shutdown')
#13 [internal function]: shutdown_action_hook()
#14 {main}</pre>
 for query SELECT a.action_id FROM  a WHERE a.hook='action_scheduler/migration_hook' AND a.status='pending' ORDER BY scheduled_date_gmt ASC LIMIT 1 made by shutdown_action_hook, do_action('shutdown'), WP_Hook->do_action, WP_Hook->apply_filters, Action_Scheduler\Migration\Controller->schedule_migration, Action_Scheduler\Migration\Scheduler->schedule_migration, as_next_scheduled_action, ActionScheduler_HybridStore->find_action, ActionScheduler_DBStore->find_action, WP_SQLite_DB->query, WP_SQLite_DB->print_error
[05-May-2025 23:29:19 UTC] PHP Warning:  Undefined property: WP_SQLite_DB::$actionscheduler_groups in /wordpress/wp-includes/class-wpdb.php on line 789
[05-May-2025 23:29:19 UTC] WordPress database error <div style="clear:both">&nbsp;</div>
<div class="queries" style="clear:both;margin-bottom:2px;border:red dotted thin;">
<p>MySQL query:</p>
<p>SELECT group_id FROM  WHERE slug='action-scheduler-migration'</p>
<p>Queries made or created this session were:</p>
<ol>
</ol>
</div>
<div style="clear:both;margin-bottom:2px;border:red dotted thin;" class="error_message" style="border-bottom:dotted blue thin;">
Failed to parse the MySQL query.
</div>
<p>Backtrace:</p>
<pre>#0 /internal/shared/sqlite-database-integration/wp-includes/sqlite-ast/class-wp-sqlite-driver.php(606): WP_SQLite_Driver->new_driver_exception('Failed to parse...')
#1 /internal/shared/sqlite-database-integration/wp-includes/sqlite/class-wp-sqlite-db.php(491): WP_SQLite_Driver->query('SELECT group_id...')
#2 /internal/shared/sqlite-database-integration/wp-includes/sqlite/class-wp-sqlite-db.php(432): WP_SQLite_DB->_do_query('SELECT group_id...')
#3 /wordpress/wp-includes/class-wpdb.php(3031): WP_SQLite_DB->query('SELECT group_id...')
#4 /wordpress/wp-content/plugins/subscriptions-recurring-payments-for-woocommerce/inc/libraries/action-scheduler/classes/data-stores/ActionScheduler_DBStore.php(79): wpdb->get_var('SELECT group_id...')
#5 /wordpress/wp-content/plugins/subscriptions-recurring-payments-for-woocommerce/inc/libraries/action-scheduler/classes/data-stores/ActionScheduler_DBStore.php(44): ActionScheduler_DBStore->get_group_id('action-schedule...')
#6 /wordpress/wp-content/plugins/subscriptions-recurring-payments-for-woocommerce/inc/libraries/action-scheduler/classes/migration/ActionScheduler_DBStoreMigrator.php(31): ActionScheduler_DBStore->save_action(Object(ActionScheduler_Action), NULL)
#7 /wordpress/wp-content/plugins/subscriptions-recurring-payments-for-woocommerce/inc/libraries/action-scheduler/classes/data-stores/ActionScheduler_HybridStore.php(225): ActionScheduler_DBStoreMigrator->save_action(Object(ActionScheduler_Action), NULL)
#8 /wordpress/wp-content/plugins/subscriptions-recurring-payments-for-woocommerce/inc/libraries/action-scheduler/classes/ActionScheduler_ActionFactory.php(177): ActionScheduler_HybridStore->save_action(Object(ActionScheduler_Action))
#9 /wordpress/wp-content/plugins/subscriptions-recurring-payments-for-woocommerce/inc/libraries/action-scheduler/classes/ActionScheduler_ActionFactory.php(84): ActionScheduler_ActionFactory->store(Object(ActionScheduler_Action))
#10 /wordpress/wp-content/plugins/subscriptions-recurring-payments-for-woocommerce/inc/libraries/action-scheduler/functions.php(30): ActionScheduler_ActionFactory->single('action_schedule...', Array, 1746487759, 'action-schedule...')
#11 /wordpress/wp-content/plugins/subscriptions-recurring-payments-for-woocommerce/inc/libraries/action-scheduler/classes/migration/Scheduler.php(89): as_schedule_single_action(1746487759, 'action_schedule...', Array, 'action-schedule...')
#12 /wordpress/wp-content/plugins/subscriptions-recurring-payments-for-woocommerce/inc/libraries/action-scheduler/classes/migration/Controller.php(99): Action_Scheduler\Migration\Scheduler->schedule_migration()
#13 /wordpress/wp-includes/class-wp-hook.php(322): Action_Scheduler\Migration\Controller->schedule_migration()
#14 /wordpress/wp-includes/class-wp-hook.php(348): WP_Hook->apply_filters('', Array)
#15 /wordpress/wp-includes/plugin.php(517): WP_Hook->do_action(Array)
#16 /wordpress/wp-includes/load.php(1304): do_action('shutdown')
#17 [internal function]: shutdown_action_hook()
#18 {main}</pre>
 for query SELECT group_id FROM  WHERE slug='action-scheduler-migration' made by shutdown_action_hook, do_action('shutdown'), WP_Hook->do_action, WP_Hook->apply_filters, Action_Scheduler\Migration\Controller->schedule_migration, Action_Scheduler\Migration\Scheduler->schedule_migration, as_schedule_single_action, ActionScheduler_ActionFactory->single, ActionScheduler_ActionFactory->store, ActionScheduler_HybridStore->save_action, ActionScheduler_DBStoreMigrator->save_action, ActionScheduler_DBStore->save_action, ActionScheduler_DBStore->get_group_id, WP_SQLite_DB->query, WP_SQLite_DB->print_error
[05-May-2025 23:29:19 UTC] WordPress database error <div style="clear:both">&nbsp;</div>
<div class="queries" style="clear:both;margin-bottom:2px;border:red dotted thin;">
<p>MySQL query:</p>
<p>INSERT INTO `` (`slug`) VALUES ('action-scheduler-migration')</p>
<p>Queries made or created this session were:</p>
<ol>
<li>Executing: BEGIN | (no parameters)</li>
<li>Executing: SELECT 1 FROM sqlite_temp_schema WHERE type = 'table' AND name = ? | parameters: </li>
<li>Executing: 
				SELECT column_name, is_nullable, column_default, data_type, extra
				FROM `_wp_sqlite_mysql_information_schema_columns`
				WHERE table_schema = ?
				AND table_name = ?
				ORDER BY ordinal_position
			 | parameters: database_name_here, </li>
<li>Executing: INSERT INTO `` () SELECT  FROM (VALUES ( 'action-scheduler-migration' )) WHERE true | (no parameters)</li>
<li>Executing: ROLLBACK | (no parameters)</li>
</ol>
</div>
<div style="clear:both;margin-bottom:2px;border:red dotted thin;" class="error_message" style="border-bottom:dotted blue thin;">
SQLSTATE[HY000]: General error: 1 near ")": syntax error
</div>
<p>Backtrace:</p>
<pre>#0 /internal/shared/sqlite-database-integration/wp-includes/sqlite-ast/class-wp-sqlite-driver.php(683): WP_SQLite_Driver->new_driver_exception('SQLSTATE[HY000]...', 'HY000', Object(PDOException))
#1 /internal/shared/sqlite-database-integration/wp-includes/sqlite/class-wp-sqlite-db.php(491): WP_SQLite_Driver->query('INSERT INTO `` ...')
#2 /internal/shared/sqlite-database-integration/wp-includes/sqlite/class-wp-sqlite-db.php(432): WP_SQLite_DB->_do_query('INSERT INTO `` ...')
#3 /wordpress/wp-includes/class-wpdb.php(2614): WP_SQLite_DB->query('INSERT INTO `` ...')
#4 /wordpress/wp-includes/class-wpdb.php(2503): wpdb->_insert_replace_helper(NULL, Array, NULL, 'INSERT')
#5 /wordpress/wp-content/plugins/subscriptions-recurring-payments-for-woocommerce/inc/libraries/action-scheduler/classes/data-stores/ActionScheduler_DBStore.php(97): wpdb->insert(NULL, Array)
#6 /wordpress/wp-content/plugins/subscriptions-recurring-payments-for-woocommerce/inc/libraries/action-scheduler/classes/data-stores/ActionScheduler_DBStore.php(81): ActionScheduler_DBStore->create_group('action-schedule...')
#7 /wordpress/wp-content/plugins/subscriptions-recurring-payments-for-woocommerce/inc/libraries/action-scheduler/classes/data-stores/ActionScheduler_DBStore.php(44): ActionScheduler_DBStore->get_group_id('action-schedule...')
#8 /wordpress/wp-content/plugins/subscriptions-recurring-payments-for-woocommerce/inc/libraries/action-scheduler/classes/migration/ActionScheduler_DBStoreMigrator.php(31): ActionScheduler_DBStore->save_action(Object(ActionScheduler_Action), NULL)
#9 /wordpress/wp-content/plugins/subscriptions-recurring-payments-for-woocommerce/inc/libraries/action-scheduler/classes/data-stores/ActionScheduler_HybridStore.php(225): ActionScheduler_DBStoreMigrator->save_action(Object(ActionScheduler_Action), NULL)
#10 /wordpress/wp-content/plugins/subscriptions-recurring-payments-for-woocommerce/inc/libraries/action-scheduler/classes/ActionScheduler_ActionFactory.php(177): ActionScheduler_HybridStore->save_action(Object(ActionScheduler_Action))
#11 /wordpress/wp-content/plugins/subscriptions-recurring-payments-for-woocommerce/inc/libraries/action-scheduler/classes/ActionScheduler_ActionFactory.php(84): ActionScheduler_ActionFactory->store(Object(ActionScheduler_Action))
#12 /wordpress/wp-content/plugins/subscriptions-recurring-payments-for-woocommerce/inc/libraries/action-scheduler/functions.php(30): ActionScheduler_ActionFactory->single('action_schedule...', Array, 1746487759, 'action-schedule...')
#13 /wordpress/wp-content/plugins/subscriptions-recurring-payments-for-woocommerce/inc/libraries/action-scheduler/classes/migration/Scheduler.php(89): as_schedule_single_action(1746487759, 'action_schedule...', Array, 'action-schedule...')
#14 /wordpress/wp-content/plugins/subscriptions-recurring-payments-for-woocommerce/inc/libraries/action-scheduler/classes/migration/Controller.php(99): Action_Scheduler\Migration\Scheduler->schedule_migration()
#15 /wordpress/wp-includes/class-wp-hook.php(322): Action_Scheduler\Migration\Controller->schedule_migration()
#16 /wordpress/wp-includes/class-wp-hook.php(348): WP_Hook->apply_filters('', Array)
#17 /wordpress/wp-includes/plugin.php(517): WP_Hook->do_action(Array)
#18 /wordpress/wp-includes/load.php(1304): do_action('shutdown')
#19 [internal function]: shutdown_action_hook()
#20 {main}</pre>
 for query INSERT INTO `` (`slug`) VALUES ('action-scheduler-migration') made by shutdown_action_hook, do_action('shutdown'), WP_Hook->do_action, WP_Hook->apply_filters, Action_Scheduler\Migration\Controller->schedule_migration, Action_Scheduler\Migration\Scheduler->schedule_migration, as_schedule_single_action, ActionScheduler_ActionFactory->single, ActionScheduler_ActionFactory->store, ActionScheduler_HybridStore->save_action, ActionScheduler_DBStoreMigrator->save_action, ActionScheduler_DBStore->save_action, ActionScheduler_DBStore->get_group_id, ActionScheduler_DBStore->create_group, WP_SQLite_DB->query, WP_SQLite_DB->print_error
[05-May-2025 23:29:19 UTC] PHP Warning:  Undefined property: WP_SQLite_DB::$actionscheduler_actions in /wordpress/wp-includes/class-wpdb.php on line 789
[05-May-2025 23:29:19 UTC] WordPress database error <div style="clear:both">&nbsp;</div>
<div class="queries" style="clear:both;margin-bottom:2px;border:red dotted thin;">
<p>MySQL query:</p>
<p>INSERT INTO `` (`hook`, `status`, `scheduled_date_gmt`, `scheduled_date_local`, `args`, `schedule`, `group_id`) VALUES ('action_scheduler/migration_hook', 'pending', '2025-05-05 23:29:19', '2025-05-05 23:29:19', '[]', 'O:30:\"ActionScheduler_SimpleSchedule\":2:{s:22:\"\0*\0scheduled_timestamp\";i:1746487759;s:41:\"\0ActionScheduler_SimpleSchedule\0timestamp\";i:1746487759;}', '0')</p>
<p>Queries made or created this session were:</p>
<ol>
<li>Executing: BEGIN | (no parameters)</li>
<li>Executing: SELECT 1 FROM sqlite_temp_schema WHERE type = 'table' AND name = ? | parameters: </li>
<li>Executing: 
				SELECT column_name, is_nullable, column_default, data_type, extra
				FROM `_wp_sqlite_mysql_information_schema_columns`
				WHERE table_schema = ?
				AND table_name = ?
				ORDER BY ordinal_position
			 | parameters: database_name_here, </li>
<li>Executing: INSERT INTO `` () SELECT  FROM (VALUES ( 'action_scheduler/migration_hook' , 'pending' , '2025-05-05 23:29:19' , '2025-05-05 23:29:19' , '[]' , ('O:30:&quot;ActionScheduler_SimpleSchedule&quot;:2:{s:22:&quot;' || CHAR(0) || '*' || CHAR(0) || 'scheduled_timestamp&quot;;i:1746487759;s:41:&quot;' || CHAR(0) || 'ActionScheduler_SimpleSchedule' || CHAR(0) || 'timestamp&quot;;i:1746487759;}') , '0' )) WHERE true | (no parameters)</li>
<li>Executing: ROLLBACK | (no parameters)</li>
</ol>
</div>
<div style="clear:both;margin-bottom:2px;border:red dotted thin;" class="error_message" style="border-bottom:dotted blue thin;">
SQLSTATE[HY000]: General error: 1 near ")": syntax error
</div>
<p>Backtrace:</p>
<pre>#0 /internal/shared/sqlite-database-integration/wp-includes/sqlite-ast/class-wp-sqlite-driver.php(683): WP_SQLite_Driver->new_driver_exception('SQLSTATE[HY000]...', 'HY000', Object(PDOException))
#1 /internal/shared/sqlite-database-integration/wp-includes/sqlite/class-wp-sqlite-db.php(491): WP_SQLite_Driver->query('INSERT INTO `` ...')
#2 /internal/shared/sqlite-database-integration/wp-includes/sqlite/class-wp-sqlite-db.php(432): WP_SQLite_DB->_do_query('INSERT INTO `` ...')
#3 /wordpress/wp-includes/class-wpdb.php(2614): WP_SQLite_DB->query('INSERT INTO `` ...')
#4 /wordpress/wp-includes/class-wpdb.php(2503): wpdb->_insert_replace_helper(NULL, Array, NULL, 'INSERT')
#5 /wordpress/wp-content/plugins/subscriptions-recurring-payments-for-woocommerce/inc/libraries/action-scheduler/classes/data-stores/ActionScheduler_DBStore.php(46): wpdb->insert(NULL, Array)
#6 /wordpress/wp-content/plugins/subscriptions-recurring-payments-for-woocommerce/inc/libraries/action-scheduler/classes/migration/ActionScheduler_DBStoreMigrator.php(31): ActionScheduler_DBStore->save_action(Object(ActionScheduler_Action), NULL)
#7 /wordpress/wp-content/plugins/subscriptions-recurring-payments-for-woocommerce/inc/libraries/action-scheduler/classes/data-stores/ActionScheduler_HybridStore.php(225): ActionScheduler_DBStoreMigrator->save_action(Object(ActionScheduler_Action), NULL)
#8 /wordpress/wp-content/plugins/subscriptions-recurring-payments-for-woocommerce/inc/libraries/action-scheduler/classes/ActionScheduler_ActionFactory.php(177): ActionScheduler_HybridStore->save_action(Object(ActionScheduler_Action))
#9 /wordpress/wp-content/plugins/subscriptions-recurring-payments-for-woocommerce/inc/libraries/action-scheduler/classes/ActionScheduler_ActionFactory.php(84): ActionScheduler_ActionFactory->store(Object(ActionScheduler_Action))
#10 /wordpress/wp-content/plugins/subscriptions-recurring-payments-for-woocommerce/inc/libraries/action-scheduler/functions.php(30): ActionScheduler_ActionFactory->single('action_schedule...', Array, 1746487759, 'action-schedule...')
#11 /wordpress/wp-content/plugins/subscriptions-recurring-payments-for-woocommerce/inc/libraries/action-scheduler/classes/migration/Scheduler.php(89): as_schedule_single_action(1746487759, 'action_schedule...', Array, 'action-schedule...')
#12 /wordpress/wp-content/plugins/subscriptions-recurring-payments-for-woocommerce/inc/libraries/action-scheduler/classes/migration/Controller.php(99): Action_Scheduler\Migration\Scheduler->schedule_migration()
#13 /wordpress/wp-includes/class-wp-hook.php(322): Action_Scheduler\Migration\Controller->schedule_migration()
#14 /wordpress/wp-includes/class-wp-hook.php(348): WP_Hook->apply_filters('', Array)
#15 /wordpress/wp-includes/plugin.php(517): WP_Hook->do_action(Array)
#16 /wordpress/wp-includes/load.php(1304): do_action('shutdown')
#17 [internal function]: shutdown_action_hook()
#18 {main}</pre>
 for query INSERT INTO `` (`hook`, `status`, `scheduled_date_gmt`, `scheduled_date_local`, `args`, `schedule`, `group_id`) VALUES ('action_scheduler/migration_hook', 'pending', '2025-05-05 23:29:19', '2025-05-05 23:29:19', '[]', 'O:30:\"ActionScheduler_SimpleSchedule\":2:{s:22:\"\0*\0scheduled_timestamp\";i:1746487759;s:41:\"\0ActionScheduler_SimpleSchedule\0timestamp\";i:1746487759;}', '0') made by shutdown_action_hook, do_action('shutdown'), WP_Hook->do_action, WP_Hook->apply_filters, Action_Scheduler\Migration\Controller->schedule_migration, Action_Scheduler\Migration\Scheduler->schedule_migration, as_schedule_single_action, ActionScheduler_ActionFactory->single, ActionScheduler_ActionFactory->store, ActionScheduler_HybridStore->save_action, ActionScheduler_DBStoreMigrator->save_action, ActionScheduler_DBStore->save_action, WP_SQLite_DB->query, WP_SQLite_DB->print_error
[05-May-2025 23:29:19 UTC] PHP Fatal error:  Uncaught RuntimeException: Error saving action: Error saving action: <div style="clear:both">&nbsp;</div>
<div class="queries" style="clear:both;margin-bottom:2px;border:red dotted thin;">
<p>MySQL query:</p>
<p>INSERT INTO `` (`hook`, `status`, `scheduled_date_gmt`, `scheduled_date_local`, `args`, `schedule`, `group_id`) VALUES ('action_scheduler/migration_hook', 'pending', '2025-05-05 23:29:19', '2025-05-05 23:29:19', '[]', 'O:30:\"ActionScheduler_SimpleSchedule\":2:{s:22:\"\0*\0scheduled_timestamp\";i:1746487759;s:41:\"\0ActionScheduler_SimpleSchedule\0timestamp\";i:1746487759;}', '0')</p>
<p>Queries made or created this session were:</p>
<ol>
<li>Executing: BEGIN | (no parameters)</li>
<li>Executing: SELECT 1 FROM sqlite_temp_schema WHERE type = 'table' AND name = ? | parameters: </li>
<li>Executing: 
				SELECT column_name, is_nullable, column_default, data_type, extra
				FROM `_wp_sqlite_mysql_information_schema_columns`
				WHERE table_schema = ?
				AND table_name = ?
				ORDER BY ordinal_position
			 | parameters: database_name_here, </li>
<li>Executing: INSERT INTO `` () SELECT  FROM (VALUES ( 'action_scheduler/migration_hook' , 'pending' , '2025-05-05 23:29:19' , '2025-05-05 23:29:19' , '[]' , ('O:30:&quot;ActionScheduler_SimpleSchedule&quot;:2:{s:22:&quot;' || CHAR(0) || '*' || CHAR(0) || 'scheduled_timestamp&quot;;i:1746487759;s:41:&quot;' || CHAR(0) || 'ActionScheduler_SimpleSchedule' || CHAR(0) || 'timestamp&quot;;i:1746487759;}') , '0' )) WHERE true | (no parameters)</li>
<li>Executing: ROLLBACK | (no parameters)</li>
</ol>
</div>
<div style="clear:both;margin-bottom:2px;border:red dotted thin;" class="error_message" style="border-bottom:dotted blue thin;">
SQLSTATE[HY000]: General error: 1 near ")": syntax error
</div>
<p>Backtrace:</p>
<pre>#0 /internal/shared/sqlite-database-integration/wp-includes/sqlite-ast/class-wp-sqlite-driver.php(683): WP_SQLite_Driver->new_driver_exception('SQLSTATE[HY000]...', 'HY000', Object(PDOException))
#1 /internal/shared/sqlite-database-integration/wp-includes/sqlite/class-wp-sqlite-db.php(491): WP_SQLite_Driver->query('INSERT INTO `` ...')
#2 /internal/shared/sqlite-database-integration/wp-includes/sqlite/class-wp-sqlite-db.php(432): WP_SQLite_DB->_do_query('INSERT INTO `` ...')
#3 /wordpress/wp-includes/class-wpdb.php(2614): WP_SQLite_DB->query('INSERT INTO `` ...')
#4 /wordpress/wp-includes/class-wpdb.php(2503): wpdb->_insert_replace_helper(NULL, Array, NULL, 'INSERT')
#5 /wordpress/wp-content/plugins/subscriptions-recurring-payments-for-woocommerce/inc/libraries/action-scheduler/classes/data-stores/ActionScheduler_DBStore.php(46): wpdb->insert(NULL, Array)
#6 /wordpress/wp-content/plugins/subscriptions-recurring-payments-for-woocommerce/inc/libraries/action-scheduler/classes/migration/ActionScheduler_DBStoreMigrator.php(31): ActionScheduler_DBStore->save_action(Object(ActionScheduler_Action), NULL)
#7 /wordpress/wp-content/plugins/subscriptions-recurring-payments-for-woocommerce/inc/libraries/action-scheduler/classes/data-stores/ActionScheduler_HybridStore.php(225): ActionScheduler_DBStoreMigrator->save_action(Object(ActionScheduler_Action), NULL)
#8 /wordpress/wp-content/plugins/subscriptions-recurring-payments-for-woocommerce/inc/libraries/action-scheduler/classes/ActionScheduler_ActionFactory.php(177): ActionScheduler_HybridStore->save_action(Object(ActionScheduler_Action))
#9 /wordpress/wp-content/plugins/subscriptions-recurring-payments-for-woocommerce/inc/libraries/action-scheduler/classes/ActionScheduler_ActionFactory.php(84): ActionScheduler_ActionFactory->store(Object(ActionScheduler_Action))
#10 /wordpress/wp-content/plugins/subscriptions-recurring-payments-for-woocommerce/inc/libraries/action-scheduler/functions.php(30): ActionScheduler_ActionFactory->single('action_schedule...', Array, 1746487759, 'action-schedule...')
#11 /wordpress/wp-content/plugins/subscriptions-recurring-payments-for-woocommerce/inc/libraries/action-scheduler/classes/migration/Scheduler.php(89): as_schedule_single_action(1746487759, 'action_schedule...', Array, 'action-schedule...')
#12 /wordpress/wp-content/plugins/subscriptions-recurring-payments-for-woocommerce/inc/libraries/action-scheduler/classes/migration/Controller.php(99): Action_Scheduler\Migration\Scheduler->schedule_migration()
#13 /wordpress/wp-includes/class-wp-hook.php(322): Action_Scheduler\Migration\Controller->schedule_migration()
#14 /wordpress/wp-includes/class-wp-hook.php(348): WP_Hook->apply_filters('', Array)
#15 /wordpress/wp-includes/plugin.php(517): WP_Hook->do_action(Array)
#16 /wordpress/wp-includes/load.php(1304): do_action('shutdown')
#17 [internal function]: shutdown_action_hook()
#18 {main}</pre>
 in /wordpress/wp-content/plugins/subscriptions-recurring-payments-for-woocommerce/inc/libraries/action-scheduler/classes/migration/ActionScheduler_DBStoreMigrator.php:44
Stack trace:
#0 /wordpress/wp-content/plugins/subscriptions-recurring-payments-for-woocommerce/inc/libraries/action-scheduler/classes/data-stores/ActionScheduler_HybridStore.php(225): ActionScheduler_DBStoreMigrator->save_action(Object(ActionScheduler_Action), NULL)
#1 /wordpress/wp-content/plugins/subscriptions-recurring-payments-for-woocommerce/inc/libraries/action-scheduler/classes/ActionScheduler_ActionFactory.php(177): ActionScheduler_HybridStore->save_action(Object(ActionScheduler_Action))
#2 /wordpress/wp-content/plugins/subscriptions-recurring-payments-for-woocommerce/inc/libraries/action-scheduler/classes/ActionScheduler_ActionFactory.php(84): ActionScheduler_ActionFactory->store(Object(ActionScheduler_Action))
#3 /wordpress/wp-content/plugins/subscriptions-recurring-payments-for-woocommerce/inc/libraries/action-scheduler/functions.php(30): ActionScheduler_ActionFactory->single('action_schedule...', Array, 1746487759, 'action-schedule...')
#4 /wordpress/wp-content/plugins/subscriptions-recurring-payments-for-woocommerce/inc/libraries/action-scheduler/classes/migration/Scheduler.php(89): as_schedule_single_action(1746487759, 'action_schedule...', Array, 'action-schedule...')
#5 /wordpress/wp-content/plugins/subscriptions-recurring-payments-for-woocommerce/inc/libraries/action-scheduler/classes/migration/Controller.php(99): Action_Scheduler\Migration\Scheduler->schedule_migration()
#6 /wordpress/wp-includes/class-wp-hook.php(322): Action_Scheduler\Migration\Controller->schedule_migration()
#7 /wordpress/wp-includes/class-wp-hook.php(348): WP_Hook->apply_filters('', Array)
#8 /wordpress/wp-includes/plugin.php(517): WP_Hook->do_action(Array)
#9 /wordpress/wp-includes/load.php(1304): do_action('shutdown')
#10 [internal function]: shutdown_action_hook()
#11 {main}
  thrown in /wordpress/wp-content/plugins/subscriptions-recurring-payments-for-woocommerce/inc/libraries/action-scheduler/classes/migration/ActionScheduler_DBStoreMigrator.php on line 44
[05-May-2025 23:29:29 UTC] PHP Warning:  Undefined property: WP_SQLite_DB::$actionscheduler_actions in /wordpress/wp-includes/class-wpdb.php on line 789
[05-May-2025 23:29:29 UTC] WordPress database error <div style="clear:both">&nbsp;</div>
<div class="queries" style="clear:both;margin-bottom:2px;border:red dotted thin;">
<p>MySQL query:</p>
<p>SELECT a.action_id FROM  a WHERE a.hook='action_scheduler/migration_hook' AND a.status='in-progress' ORDER BY scheduled_date_gmt DESC LIMIT 1</p>
<p>Queries made or created this session were:</p>
<ol>
<li>Executing: BEGIN | (no parameters)</li>
<li>Executing: SELECT a.action_id FROM  a WHERE a.hook=:param0  AND a.status=:param1  ORDER BY scheduled_date_gmt DESC LIMIT 1 | parameters: action_scheduler/migration_hook, in-progress</li>
<li>Executing: ROLLBACK | (no parameters)</li>
</ol>
</div>
<div style="clear:both;margin-bottom:2px;border:red dotted thin;" class="error_message" style="border-bottom:dotted blue thin;">
Error occurred at line 4117 in Function <code>handle_error</code>. Error message was: SQLSTATE[HY000]: General error: 1 no such table: a.
</div>
<p>Backtrace:</p>
<pre>#0 /internal/shared/sqlite-database-integration/wp-includes/sqlite/class-wp-sqlite-db.php(287): WP_SQLite_Translator->get_error_message()
#1 /wordpress/wp-includes/class-wpdb.php(3031): WP_SQLite_DB->query('SELECT a.action...')
#2 /wordpress/wp-content/plugins/subscriptions-recurring-payments-for-woocommerce/inc/libraries/action-scheduler/classes/data-stores/ActionScheduler_DBStore.php(210): wpdb->get_var('SELECT a.action...')
#3 /wordpress/wp-content/plugins/subscriptions-recurring-payments-for-woocommerce/inc/libraries/action-scheduler/classes/data-stores/ActionScheduler_HybridStore.php(134): ActionScheduler_DBStore->find_action('action_schedule...', Array)
#4 /wordpress/wp-content/plugins/subscriptions-recurring-payments-for-woocommerce/inc/libraries/action-scheduler/functions.php(156): ActionScheduler_HybridStore->find_action('action_schedule...', Array)
#5 /wordpress/wp-content/plugins/subscriptions-recurring-payments-for-woocommerce/inc/libraries/action-scheduler/classes/migration/Scheduler.php(66): as_next_scheduled_action('action_schedule...')
#6 /wordpress/wp-content/plugins/subscriptions-recurring-payments-for-woocommerce/inc/libraries/action-scheduler/classes/migration/Controller.php(95): Action_Scheduler\Migration\Scheduler->is_migration_scheduled()
#7 /wordpress/wp-includes/class-wp-hook.php(322): Action_Scheduler\Migration\Controller->schedule_migration()
#8 /wordpress/wp-includes/class-wp-hook.php(348): WP_Hook->apply_filters('', Array)
#9 /wordpress/wp-includes/plugin.php(517): WP_Hook->do_action(Array)
#10 /wordpress/wp-includes/load.php(1304): do_action('shutdown')
#11 [internal function]: shutdown_action_hook()
#12 {main}</pre>
 for query SELECT a.action_id FROM  a WHERE a.hook='action_scheduler/migration_hook' AND a.status='in-progress' ORDER BY scheduled_date_gmt DESC LIMIT 1 made by shutdown_action_hook, do_action('shutdown'), WP_Hook->do_action, WP_Hook->apply_filters, Action_Scheduler\Migration\Controller->schedule_migration, Action_Scheduler\Migration\Scheduler->is_migration_scheduled, as_next_scheduled_action, ActionScheduler_HybridStore->find_action, ActionScheduler_DBStore->find_action, WP_SQLite_DB->query, WP_SQLite_DB->print_error
[05-May-2025 23:29:29 UTC] WordPress database error <div style="clear:both">&nbsp;</div>
<div class="queries" style="clear:both;margin-bottom:2px;border:red dotted thin;">
<p>MySQL query:</p>
<p>SELECT a.action_id FROM  a WHERE a.hook='action_scheduler/migration_hook' AND a.status='pending' ORDER BY scheduled_date_gmt ASC LIMIT 1</p>
<p>Queries made or created this session were:</p>
<ol>
<li>Executing: BEGIN | (no parameters)</li>
<li>Executing: SELECT a.action_id FROM  a WHERE a.hook=:param0  AND a.status=:param1  ORDER BY scheduled_date_gmt ASC LIMIT 1 | parameters: action_scheduler/migration_hook, pending</li>
<li>Executing: ROLLBACK | (no parameters)</li>
</ol>
</div>
<div style="clear:both;margin-bottom:2px;border:red dotted thin;" class="error_message" style="border-bottom:dotted blue thin;">
Error occurred at line 4117 in Function <code>handle_error</code>. Error message was: SQLSTATE[HY000]: General error: 1 no such table: a.
</div>
<p>Backtrace:</p>
<pre>#0 /internal/shared/sqlite-database-integration/wp-includes/sqlite/class-wp-sqlite-db.php(287): WP_SQLite_Translator->get_error_message()
#1 /wordpress/wp-includes/class-wpdb.php(3031): WP_SQLite_DB->query('SELECT a.action...')
#2 /wordpress/wp-content/plugins/subscriptions-recurring-payments-for-woocommerce/inc/libraries/action-scheduler/classes/data-stores/ActionScheduler_DBStore.php(210): wpdb->get_var('SELECT a.action...')
#3 /wordpress/wp-content/plugins/subscriptions-recurring-payments-for-woocommerce/inc/libraries/action-scheduler/classes/data-stores/ActionScheduler_HybridStore.php(134): ActionScheduler_DBStore->find_action('action_schedule...', Array)
#4 /wordpress/wp-content/plugins/subscriptions-recurring-payments-for-woocommerce/inc/libraries/action-scheduler/functions.php(162): ActionScheduler_HybridStore->find_action('action_schedule...', Array)
#5 /wordpress/wp-content/plugins/subscriptions-recurring-payments-for-woocommerce/inc/libraries/action-scheduler/classes/migration/Scheduler.php(66): as_next_scheduled_action('action_schedule...')
#6 /wordpress/wp-content/plugins/subscriptions-recurring-payments-for-woocommerce/inc/libraries/action-scheduler/classes/migration/Controller.php(95): Action_Scheduler\Migration\Scheduler->is_migration_scheduled()
#7 /wordpress/wp-includes/class-wp-hook.php(322): Action_Scheduler\Migration\Controller->schedule_migration()
#8 /wordpress/wp-includes/class-wp-hook.php(348): WP_Hook->apply_filters('', Array)
#9 /wordpress/wp-includes/plugin.php(517): WP_Hook->do_action(Array)
#10 /wordpress/wp-includes/load.php(1304): do_action('shutdown')
#11 [internal function]: shutdown_action_hook()
#12 {main}</pre>
 for query SELECT a.action_id FROM  a WHERE a.hook='action_scheduler/migration_hook' AND a.status='pending' ORDER BY scheduled_date_gmt ASC LIMIT 1 made by shutdown_action_hook, do_action('shutdown'), WP_Hook->do_action, WP_Hook->apply_filters, Action_Scheduler\Migration\Controller->schedule_migration, Action_Scheduler\Migration\Scheduler->is_migration_scheduled, as_next_scheduled_action, ActionScheduler_HybridStore->find_action, ActionScheduler_DBStore->find_action, WP_SQLite_DB->query, WP_SQLite_DB->print_error
[05-May-2025 23:29:29 UTC] WordPress database error <div style="clear:both">&nbsp;</div>
<div class="queries" style="clear:both;margin-bottom:2px;border:red dotted thin;">
<p>MySQL query:</p>
<p>SELECT a.action_id FROM  a WHERE a.hook='action_scheduler/migration_hook' AND a.status='in-progress' ORDER BY scheduled_date_gmt DESC LIMIT 1</p>
<p>Queries made or created this session were:</p>
<ol>
<li>Executing: BEGIN | (no parameters)</li>
<li>Executing: SELECT a.action_id FROM  a WHERE a.hook=:param0  AND a.status=:param1  ORDER BY scheduled_date_gmt DESC LIMIT 1 | parameters: action_scheduler/migration_hook, in-progress</li>
<li>Executing: ROLLBACK | (no parameters)</li>
</ol>
</div>
<div style="clear:both;margin-bottom:2px;border:red dotted thin;" class="error_message" style="border-bottom:dotted blue thin;">
Error occurred at line 4117 in Function <code>handle_error</code>. Error message was: SQLSTATE[HY000]: General error: 1 no such table: a.
</div>
<p>Backtrace:</p>
<pre>#0 /internal/shared/sqlite-database-integration/wp-includes/sqlite/class-wp-sqlite-db.php(287): WP_SQLite_Translator->get_error_message()
#1 /wordpress/wp-includes/class-wpdb.php(3031): WP_SQLite_DB->query('SELECT a.action...')
#2 /wordpress/wp-content/plugins/subscriptions-recurring-payments-for-woocommerce/inc/libraries/action-scheduler/classes/data-stores/ActionScheduler_DBStore.php(210): wpdb->get_var('SELECT a.action...')
#3 /wordpress/wp-content/plugins/subscriptions-recurring-payments-for-woocommerce/inc/libraries/action-scheduler/classes/data-stores/ActionScheduler_HybridStore.php(134): ActionScheduler_DBStore->find_action('action_schedule...', Array)
#4 /wordpress/wp-content/plugins/subscriptions-recurring-payments-for-woocommerce/inc/libraries/action-scheduler/functions.php(156): ActionScheduler_HybridStore->find_action('action_schedule...', Array)
#5 /wordpress/wp-content/plugins/subscriptions-recurring-payments-for-woocommerce/inc/libraries/action-scheduler/classes/migration/Scheduler.php(79): as_next_scheduled_action('action_schedule...')
#6 /wordpress/wp-content/plugins/subscriptions-recurring-payments-for-woocommerce/inc/libraries/action-scheduler/classes/migration/Controller.php(99): Action_Scheduler\Migration\Scheduler->schedule_migration()
#7 /wordpress/wp-includes/class-wp-hook.php(322): Action_Scheduler\Migration\Controller->schedule_migration()
#8 /wordpress/wp-includes/class-wp-hook.php(348): WP_Hook->apply_filters('', Array)
#9 /wordpress/wp-includes/plugin.php(517): WP_Hook->do_action(Array)
#10 /wordpress/wp-includes/load.php(1304): do_action('shutdown')
#11 [internal function]: shutdown_action_hook()
#12 {main}</pre>
 for query SELECT a.action_id FROM  a WHERE a.hook='action_scheduler/migration_hook' AND a.status='in-progress' ORDER BY scheduled_date_gmt DESC LIMIT 1 made by shutdown_action_hook, do_action('shutdown'), WP_Hook->do_action, WP_Hook->apply_filters, Action_Scheduler\Migration\Controller->schedule_migration, Action_Scheduler\Migration\Scheduler->schedule_migration, as_next_scheduled_action, ActionScheduler_HybridStore->find_action, ActionScheduler_DBStore->find_action, WP_SQLite_DB->query, WP_SQLite_DB->print_error
[05-May-2025 23:29:29 UTC] WordPress database error <div style="clear:both">&nbsp;</div>
<div class="queries" style="clear:both;margin-bottom:2px;border:red dotted thin;">
<p>MySQL query:</p>
<p>SELECT a.action_id FROM  a WHERE a.hook='action_scheduler/migration_hook' AND a.status='pending' ORDER BY scheduled_date_gmt ASC LIMIT 1</p>
<p>Queries made or created this session were:</p>
<ol>
<li>Executing: BEGIN | (no parameters)</li>
<li>Executing: SELECT a.action_id FROM  a WHERE a.hook=:param0  AND a.status=:param1  ORDER BY scheduled_date_gmt ASC LIMIT 1 | parameters: action_scheduler/migration_hook, pending</li>
<li>Executing: ROLLBACK | (no parameters)</li>
</ol>
</div>
<div style="clear:both;margin-bottom:2px;border:red dotted thin;" class="error_message" style="border-bottom:dotted blue thin;">
Error occurred at line 4117 in Function <code>handle_error</code>. Error message was: SQLSTATE[HY000]: General error: 1 no such table: a.
</div>
<p>Backtrace:</p>
<pre>#0 /internal/shared/sqlite-database-integration/wp-includes/sqlite/class-wp-sqlite-db.php(287): WP_SQLite_Translator->get_error_message()
#1 /wordpress/wp-includes/class-wpdb.php(3031): WP_SQLite_DB->query('SELECT a.action...')
#2 /wordpress/wp-content/plugins/subscriptions-recurring-payments-for-woocommerce/inc/libraries/action-scheduler/classes/data-stores/ActionScheduler_DBStore.php(210): wpdb->get_var('SELECT a.action...')
#3 /wordpress/wp-content/plugins/subscriptions-recurring-payments-for-woocommerce/inc/libraries/action-scheduler/classes/data-stores/ActionScheduler_HybridStore.php(134): ActionScheduler_DBStore->find_action('action_schedule...', Array)
#4 /wordpress/wp-content/plugins/subscriptions-recurring-payments-for-woocommerce/inc/libraries/action-scheduler/functions.php(162): ActionScheduler_HybridStore->find_action('action_schedule...', Array)
#5 /wordpress/wp-content/plugins/subscriptions-recurring-payments-for-woocommerce/inc/libraries/action-scheduler/classes/migration/Scheduler.php(79): as_next_scheduled_action('action_schedule...')
#6 /wordpress/wp-content/plugins/subscriptions-recurring-payments-for-woocommerce/inc/libraries/action-scheduler/classes/migration/Controller.php(99): Action_Scheduler\Migration\Scheduler->schedule_migration()
#7 /wordpress/wp-includes/class-wp-hook.php(322): Action_Scheduler\Migration\Controller->schedule_migration()
#8 /wordpress/wp-includes/class-wp-hook.php(348): WP_Hook->apply_filters('', Array)
#9 /wordpress/wp-includes/plugin.php(517): WP_Hook->do_action(Array)
#10 /wordpress/wp-includes/load.php(1304): do_action('shutdown')
#11 [internal function]: shutdown_action_hook()
#12 {main}</pre>
 for query SELECT a.action_id FROM  a WHERE a.hook='action_scheduler/migration_hook' AND a.status='pending' ORDER BY scheduled_date_gmt ASC LIMIT 1 made by shutdown_action_hook, do_action('shutdown'), WP_Hook->do_action, WP_Hook->apply_filters, Action_Scheduler\Migration\Controller->schedule_migration, Action_Scheduler\Migration\Scheduler->schedule_migration, as_next_scheduled_action, ActionScheduler_HybridStore->find_action, ActionScheduler_DBStore->find_action, WP_SQLite_DB->query, WP_SQLite_DB->print_error
[05-May-2025 23:29:29 UTC] PHP Warning:  Undefined property: WP_SQLite_DB::$actionscheduler_groups in /wordpress/wp-includes/class-wpdb.php on line 789
[05-May-2025 23:29:29 UTC] WordPress database error <div style="clear:both">&nbsp;</div>
<div class="queries" style="clear:both;margin-bottom:2px;border:red dotted thin;">
<p>MySQL query:</p>
<p>SELECT group_id FROM  WHERE slug='action-scheduler-migration'</p>
<p>Queries made or created this session were:</p>
<ol>
<li>Executing: BEGIN | (no parameters)</li>
<li>Executing: SELECT group_id FROM  WHERE slug=:param0  | parameters: action-scheduler-migration</li>
<li>Executing: ROLLBACK | (no parameters)</li>
</ol>
</div>
<div style="clear:both;margin-bottom:2px;border:red dotted thin;" class="error_message" style="border-bottom:dotted blue thin;">
Error occurred at line 4117 in Function <code>handle_error</code>. Error message was: SQLSTATE[HY000]: General error: 1 near "WHERE": syntax error.
</div>
<p>Backtrace:</p>
<pre>#0 /internal/shared/sqlite-database-integration/wp-includes/sqlite/class-wp-sqlite-db.php(287): WP_SQLite_Translator->get_error_message()
#1 /wordpress/wp-includes/class-wpdb.php(3031): WP_SQLite_DB->query('SELECT group_id...')
#2 /wordpress/wp-content/plugins/subscriptions-recurring-payments-for-woocommerce/inc/libraries/action-scheduler/classes/data-stores/ActionScheduler_DBStore.php(79): wpdb->get_var('SELECT group_id...')
#3 /wordpress/wp-content/plugins/subscriptions-recurring-payments-for-woocommerce/inc/libraries/action-scheduler/classes/data-stores/ActionScheduler_DBStore.php(44): ActionScheduler_DBStore->get_group_id('action-schedule...')
#4 /wordpress/wp-content/plugins/subscriptions-recurring-payments-for-woocommerce/inc/libraries/action-scheduler/classes/migration/ActionScheduler_DBStoreMigrator.php(31): ActionScheduler_DBStore->save_action(Object(ActionScheduler_Action), NULL)
#5 /wordpress/wp-content/plugins/subscriptions-recurring-payments-for-woocommerce/inc/libraries/action-scheduler/classes/data-stores/ActionScheduler_HybridStore.php(225): ActionScheduler_DBStoreMigrator->save_action(Object(ActionScheduler_Action), NULL)
#6 /wordpress/wp-content/plugins/subscriptions-recurring-payments-for-woocommerce/inc/libraries/action-scheduler/classes/ActionScheduler_ActionFactory.php(177): ActionScheduler_HybridStore->save_action(Object(ActionScheduler_Action))
#7 /wordpress/wp-content/plugins/subscriptions-recurring-payments-for-woocommerce/inc/libraries/action-scheduler/classes/ActionScheduler_ActionFactory.php(84): ActionScheduler_ActionFactory->store(Object(ActionScheduler_Action))
#8 /wordpress/wp-content/plugins/subscriptions-recurring-payments-for-woocommerce/inc/libraries/action-scheduler/functions.php(30): ActionScheduler_ActionFactory->single('action_schedule...', Array, 1746487769, 'action-schedule...')
#9 /wordpress/wp-content/plugins/subscriptions-recurring-payments-for-woocommerce/inc/libraries/action-scheduler/classes/migration/Scheduler.php(89): as_schedule_single_action(1746487769, 'action_schedule...', Array, 'action-schedule...')
#10 /wordpress/wp-content/plugins/subscriptions-recurring-payments-for-woocommerce/inc/libraries/action-scheduler/classes/migration/Controller.php(99): Action_Scheduler\Migration\Scheduler->schedule_migration()
#11 /wordpress/wp-includes/class-wp-hook.php(322): Action_Scheduler\Migration\Controller->schedule_migration()
#12 /wordpress/wp-includes/class-wp-hook.php(348): WP_Hook->apply_filters('', Array)
#13 /wordpress/wp-includes/plugin.php(517): WP_Hook->do_action(Array)
#14 /wordpress/wp-includes/load.php(1304): do_action('shutdown')
#15 [internal function]: shutdown_action_hook()
#16 {main}</pre>
 for query SELECT group_id FROM  WHERE slug='action-scheduler-migration' made by shutdown_action_hook, do_action('shutdown'), WP_Hook->do_action, WP_Hook->apply_filters, Action_Scheduler\Migration\Controller->schedule_migration, Action_Scheduler\Migration\Scheduler->schedule_migration, as_schedule_single_action, ActionScheduler_ActionFactory->single, ActionScheduler_ActionFactory->store, ActionScheduler_HybridStore->save_action, ActionScheduler_DBStoreMigrator->save_action, ActionScheduler_DBStore->save_action, ActionScheduler_DBStore->get_group_id, WP_SQLite_DB->query, WP_SQLite_DB->print_error
[05-May-2025 23:29:29 UTC] WordPress database error <div style="clear:both">&nbsp;</div>
<div class="queries" style="clear:both;margin-bottom:2px;border:red dotted thin;">
<p>MySQL query:</p>
<p>INSERT INTO `` (`slug`) VALUES ('action-scheduler-migration')</p>
<p>Queries made or created this session were:</p>
<ol>
<li>Executing: BEGIN | (no parameters)</li>
<li>Executing: INSERT INTO `` (`slug`) VALUES (:param0 ) | parameters: action-scheduler-migration</li>
<li>Executing: ROLLBACK | (no parameters)</li>
</ol>
</div>
<div style="clear:both;margin-bottom:2px;border:red dotted thin;" class="error_message" style="border-bottom:dotted blue thin;">
Error occurred at line 4117 in Function <code>handle_error</code>. Error message was: SQLSTATE[HY000]: General error: 1 no such table: .
</div>
<p>Backtrace:</p>
<pre>#0 /internal/shared/sqlite-database-integration/wp-includes/sqlite/class-wp-sqlite-db.php(287): WP_SQLite_Translator->get_error_message()
#1 /wordpress/wp-includes/class-wpdb.php(2614): WP_SQLite_DB->query('INSERT INTO `` ...')
#2 /wordpress/wp-includes/class-wpdb.php(2503): wpdb->_insert_replace_helper(NULL, Array, NULL, 'INSERT')
#3 /wordpress/wp-content/plugins/subscriptions-recurring-payments-for-woocommerce/inc/libraries/action-scheduler/classes/data-stores/ActionScheduler_DBStore.php(97): wpdb->insert(NULL, Array)
#4 /wordpress/wp-content/plugins/subscriptions-recurring-payments-for-woocommerce/inc/libraries/action-scheduler/classes/data-stores/ActionScheduler_DBStore.php(81): ActionScheduler_DBStore->create_group('action-schedule...')
#5 /wordpress/wp-content/plugins/subscriptions-recurring-payments-for-woocommerce/inc/libraries/action-scheduler/classes/data-stores/ActionScheduler_DBStore.php(44): ActionScheduler_DBStore->get_group_id('action-schedule...')
#6 /wordpress/wp-content/plugins/subscriptions-recurring-payments-for-woocommerce/inc/libraries/action-scheduler/classes/migration/ActionScheduler_DBStoreMigrator.php(31): ActionScheduler_DBStore->save_action(Object(ActionScheduler_Action), NULL)
#7 /wordpress/wp-content/plugins/subscriptions-recurring-payments-for-woocommerce/inc/libraries/action-scheduler/classes/data-stores/ActionScheduler_HybridStore.php(225): ActionScheduler_DBStoreMigrator->save_action(Object(ActionScheduler_Action), NULL)
#8 /wordpress/wp-content/plugins/subscriptions-recurring-payments-for-woocommerce/inc/libraries/action-scheduler/classes/ActionScheduler_ActionFactory.php(177): ActionScheduler_HybridStore->save_action(Object(ActionScheduler_Action))
#9 /wordpress/wp-content/plugins/subscriptions-recurring-payments-for-woocommerce/inc/libraries/action-scheduler/classes/ActionScheduler_ActionFactory.php(84): ActionScheduler_ActionFactory->store(Object(ActionScheduler_Action))
#10 /wordpress/wp-content/plugins/subscriptions-recurring-payments-for-woocommerce/inc/libraries/action-scheduler/functions.php(30): ActionScheduler_ActionFactory->single('action_schedule...', Array, 1746487769, 'action-schedule...')
#11 /wordpress/wp-content/plugins/subscriptions-recurring-payments-for-woocommerce/inc/libraries/action-scheduler/classes/migration/Scheduler.php(89): as_schedule_single_action(1746487769, 'action_schedule...', Array, 'action-schedule...')
#12 /wordpress/wp-content/plugins/subscriptions-recurring-payments-for-woocommerce/inc/libraries/action-scheduler/classes/migration/Controller.php(99): Action_Scheduler\Migration\Scheduler->schedule_migration()
#13 /wordpress/wp-includes/class-wp-hook.php(322): Action_Scheduler\Migration\Controller->schedule_migration()
#14 /wordpress/wp-includes/class-wp-hook.php(348): WP_Hook->apply_filters('', Array)
#15 /wordpress/wp-includes/plugin.php(517): WP_Hook->do_action(Array)
#16 /wordpress/wp-includes/load.php(1304): do_action('shutdown')
#17 [internal function]: shutdown_action_hook()
#18 {main}</pre>
 for query INSERT INTO `` (`slug`) VALUES ('action-scheduler-migration') made by shutdown_action_hook, do_action('shutdown'), WP_Hook->do_action, WP_Hook->apply_filters, Action_Scheduler\Migration\Controller->schedule_migration, Action_Scheduler\Migration\Scheduler->schedule_migration, as_schedule_single_action, ActionScheduler_ActionFactory->single, ActionScheduler_ActionFactory->store, ActionScheduler_HybridStore->save_action, ActionScheduler_DBStoreMigrator->save_action, ActionScheduler_DBStore->save_action, ActionScheduler_DBStore->get_group_id, ActionScheduler_DBStore->create_group, WP_SQLite_DB->query, WP_SQLite_DB->print_error
[05-May-2025 23:29:29 UTC] PHP Warning:  Undefined property: WP_SQLite_DB::$actionscheduler_actions in /wordpress/wp-includes/class-wpdb.php on line 789
[05-May-2025 23:29:29 UTC] WordPress database error <div style="clear:both">&nbsp;</div>
<div class="queries" style="clear:both;margin-bottom:2px;border:red dotted thin;">
<p>MySQL query:</p>
<p>INSERT INTO `` (`hook`, `status`, `scheduled_date_gmt`, `scheduled_date_local`, `args`, `schedule`, `group_id`) VALUES ('action_scheduler/migration_hook', 'pending', '2025-05-05 23:29:29', '2025-05-05 23:29:29', '[]', 'O:30:\"ActionScheduler_SimpleSchedule\":2:{s:22:\"\0*\0scheduled_timestamp\";i:1746487769;s:41:\"\0ActionScheduler_SimpleSchedule\0timestamp\";i:1746487769;}', '0')</p>
<p>Queries made or created this session were:</p>
<ol>
<li>Executing: BEGIN | (no parameters)</li>
<li>Executing: INSERT INTO `` (`hook`, `status`, `scheduled_date_gmt`, `scheduled_date_local`, `args`, `schedule`, `group_id`) VALUES (:param0 , :param1 , :param2 , :param3 , :param4 , :param5 , :param6 ) | parameters: action_scheduler/migration_hook, pending, 2025-05-05 23:29:29, 2025-05-05 23:29:29, [], O:30:&quot;ActionScheduler_SimpleSchedule&quot;:2:{s:22:&quot;
[05-May-2025 23:29:29 UTC] PHP Fatal error:  Uncaught RuntimeException: Error saving action: Error saving action: <div style="clear:both">&nbsp;</div>
<div class="queries" style="clear:both;margin-bottom:2px;border:red dotted thin;">
<p>MySQL query:</p>
<p>INSERT INTO `` (`hook`, `status`, `scheduled_date_gmt`, `scheduled_date_local`, `args`, `schedule`, `group_id`) VALUES ('action_scheduler/migration_hook', 'pending', '2025-05-05 23:29:29', '2025-05-05 23:29:29', '[]', 'O:30:\"ActionScheduler_SimpleSchedule\":2:{s:22:\"\0*\0scheduled_timestamp\";i:1746487769;s:41:\"\0ActionScheduler_SimpleSchedule\0timestamp\";i:1746487769;}', '0')</p>
<p>Queries made or created this session were:</p>
<ol>
<li>Executing: BEGIN | (no parameters)</li>
<li>Executing: INSERT INTO `` (`hook`, `status`, `scheduled_date_gmt`, `scheduled_date_local`, `args`, `schedule`, `group_id`) VALUES (:param0 , :param1 , :param2 , :param3 , :param4 , :param5 , :param6 ) | parameters: action_scheduler/migration_hook, pending, 2025-05-05 23:29:29, 2025-05-05 23:29:29, [], O:30:&quot;ActionScheduler_SimpleSchedule&quot;:2:{s:22:&quot; in /wordpress/wp-content/plugins/subscriptions-recurring-payments-for-woocommerce/inc/libraries/action-scheduler/classes/migration/ActionScheduler_DBStoreMigrator.php:44
Stack trace:
#0 /wordpress/wp-content/plugins/subscriptions-recurring-payments-for-woocommerce/inc/libraries/action-scheduler/classes/data-stores/ActionScheduler_HybridStore.php(225): ActionScheduler_DBStoreMigrator->save_action(Object(ActionScheduler_Action), NULL)
#1 /wordpress/wp-content/plugins/subscriptions-recurring-payments-for-woocommerce/inc/libraries/action-scheduler/classes/ActionScheduler_ActionFactory.php(177): ActionScheduler_HybridStore->save_action(Object(ActionScheduler_Action))
#2 /wordpress/wp-content/plugins/subscriptions-recurring-payments-for-woocommerce/inc/libraries/action-scheduler/classes/ActionScheduler_ActionFactory.php(84): ActionScheduler_ActionFactory->store(Object(ActionScheduler_Action))
#3 /wordpress/wp-content/plugins/subscriptions-recurring-payments-for-woocommerce/inc/libraries/action-scheduler/functions.php(30): ActionScheduler_ActionFactory->single('action_schedule...', Array, 1746487769, 'action-schedule...')
#4 /wordpress/wp-content/plugins/subscriptions-recurring-payments-for-woocommerce/inc/libraries/action-scheduler/classes/migration/Scheduler.php(89): as_schedule_single_action(1746487769, 'action_schedule...', Array, 'action-schedule...')
#5 /wordpress/wp-content/plugins/subscriptions-recurring-payments-for-woocommerce/inc/libraries/action-scheduler/classes/migration/Controller.php(99): Action_Scheduler\Migration\Scheduler->schedule_migration()
#6 /wordpress/wp-includes/class-wp-hook.php(322): Action_Scheduler\Migration\Controller->schedule_migration()
#7 /wordpress/wp-includes/class-wp-hook.php(348): WP_Hook->apply_filters('', Array)
#8 /wordpress/wp-includes/plugin.php(517): WP_Hook->do_action(Array)
#9 /wordpress/wp-includes/load.php(1304): do_action('shutdown')
#10 [internal function]: shutdown_action_hook()
#11 {main}
  thrown in /wordpress/wp-content/plugins/subscriptions-recurring-payments-for-woocommerce/inc/libraries/action-scheduler/classes/migration/ActionScheduler_DBStoreMigrator.php on line 44
[05-May-2025 23:29:40 UTC] PHP Warning:  Undefined property: WP_SQLite_DB::$actionscheduler_actions in /wordpress/wp-includes/class-wpdb.php on line 789
[05-May-2025 23:29:40 UTC] WordPress database error <div style="clear:both">&nbsp;</div>
<div class="queries" style="clear:both;margin-bottom:2px;border:red dotted thin;">
<p>MySQL query:</p>
<p>SELECT a.action_id FROM  a WHERE a.hook='action_scheduler/migration_hook' AND a.status='in-progress' ORDER BY scheduled_date_gmt DESC LIMIT 1</p>
<p>Queries made or created this session were:</p>
<ol>
<li>Executing: BEGIN | (no parameters)</li>
<li>Executing: SELECT a.action_id FROM  a WHERE a.hook=:param0  AND a.status=:param1  ORDER BY scheduled_date_gmt DESC LIMIT 1 | parameters: action_scheduler/migration_hook, in-progress</li>
<li>Executing: ROLLBACK | (no parameters)</li>
</ol>
</div>
<div style="clear:both;margin-bottom:2px;border:red dotted thin;" class="error_message" style="border-bottom:dotted blue thin;">
Error occurred at line 4117 in Function <code>handle_error</code>. Error message was: SQLSTATE[HY000]: General error: 1 no such table: a.
</div>
<p>Backtrace:</p>
<pre>#0 /internal/shared/sqlite-database-integration/wp-includes/sqlite/class-wp-sqlite-db.php(287): WP_SQLite_Translator->get_error_message()
#1 /wordpress/wp-includes/class-wpdb.php(3031): WP_SQLite_DB->query('SELECT a.action...')
#2 /wordpress/wp-content/plugins/subscriptions-recurring-payments-for-woocommerce/inc/libraries/action-scheduler/classes/data-stores/ActionScheduler_DBStore.php(210): wpdb->get_var('SELECT a.action...')
#3 /wordpress/wp-content/plugins/subscriptions-recurring-payments-for-woocommerce/inc/libraries/action-scheduler/classes/data-stores/ActionScheduler_HybridStore.php(134): ActionScheduler_DBStore->find_action('action_schedule...', Array)
#4 /wordpress/wp-content/plugins/subscriptions-recurring-payments-for-woocommerce/inc/libraries/action-scheduler/functions.php(156): ActionScheduler_HybridStore->find_action('action_schedule...', Array)
#5 /wordpress/wp-content/plugins/subscriptions-recurring-payments-for-woocommerce/inc/libraries/action-scheduler/classes/migration/Scheduler.php(66): as_next_scheduled_action('action_schedule...')
#6 /wordpress/wp-content/plugins/subscriptions-recurring-payments-for-woocommerce/inc/libraries/action-scheduler/classes/migration/Controller.php(95): Action_Scheduler\Migration\Scheduler->is_migration_scheduled()
#7 /wordpress/wp-includes/class-wp-hook.php(322): Action_Scheduler\Migration\Controller->schedule_migration()
#8 /wordpress/wp-includes/class-wp-hook.php(348): WP_Hook->apply_filters('', Array)
#9 /wordpress/wp-includes/plugin.php(517): WP_Hook->do_action(Array)
#10 /wordpress/wp-includes/load.php(1304): do_action('shutdown')
#11 [internal function]: shutdown_action_hook()
#12 {main}</pre>
 for query SELECT a.action_id FROM  a WHERE a.hook='action_scheduler/migration_hook' AND a.status='in-progress' ORDER BY scheduled_date_gmt DESC LIMIT 1 made by shutdown_action_hook, do_action('shutdown'), WP_Hook->do_action, WP_Hook->apply_filters, Action_Scheduler\Migration\Controller->schedule_migration, Action_Scheduler\Migration\Scheduler->is_migration_scheduled, as_next_scheduled_action, ActionScheduler_HybridStore->find_action, ActionScheduler_DBStore->find_action, WP_SQLite_DB->query, WP_SQLite_DB->print_error
[05-May-2025 23:29:40 UTC] WordPress database error <div style="clear:both">&nbsp;</div>
<div class="queries" style="clear:both;margin-bottom:2px;border:red dotted thin;">
<p>MySQL query:</p>
<p>SELECT a.action_id FROM  a WHERE a.hook='action_scheduler/migration_hook' AND a.status='pending' ORDER BY scheduled_date_gmt ASC LIMIT 1</p>
<p>Queries made or created this session were:</p>
<ol>
<li>Executing: BEGIN | (no parameters)</li>
<li>Executing: SELECT a.action_id FROM  a WHERE a.hook=:param0  AND a.status=:param1  ORDER BY scheduled_date_gmt ASC LIMIT 1 | parameters: action_scheduler/migration_hook, pending</li>
<li>Executing: ROLLBACK | (no parameters)</li>
</ol>
</div>
<div style="clear:both;margin-bottom:2px;border:red dotted thin;" class="error_message" style="border-bottom:dotted blue thin;">
Error occurred at line 4117 in Function <code>handle_error</code>. Error message was: SQLSTATE[HY000]: General error: 1 no such table: a.
</div>
<p>Backtrace:</p>
<pre>#0 /internal/shared/sqlite-database-integration/wp-includes/sqlite/class-wp-sqlite-db.php(287): WP_SQLite_Translator->get_error_message()
#1 /wordpress/wp-includes/class-wpdb.php(3031): WP_SQLite_DB->query('SELECT a.action...')
#2 /wordpress/wp-content/plugins/subscriptions-recurring-payments-for-woocommerce/inc/libraries/action-scheduler/classes/data-stores/ActionScheduler_DBStore.php(210): wpdb->get_var('SELECT a.action...')
#3 /wordpress/wp-content/plugins/subscriptions-recurring-payments-for-woocommerce/inc/libraries/action-scheduler/classes/data-stores/ActionScheduler_HybridStore.php(134): ActionScheduler_DBStore->find_action('action_schedule...', Array)
#4 /wordpress/wp-content/plugins/subscriptions-recurring-payments-for-woocommerce/inc/libraries/action-scheduler/functions.php(162): ActionScheduler_HybridStore->find_action('action_schedule...', Array)
#5 /wordpress/wp-content/plugins/subscriptions-recurring-payments-for-woocommerce/inc/libraries/action-scheduler/classes/migration/Scheduler.php(66): as_next_scheduled_action('action_schedule...')
#6 /wordpress/wp-content/plugins/subscriptions-recurring-payments-for-woocommerce/inc/libraries/action-scheduler/classes/migration/Controller.php(95): Action_Scheduler\Migration\Scheduler->is_migration_scheduled()
#7 /wordpress/wp-includes/class-wp-hook.php(322): Action_Scheduler\Migration\Controller->schedule_migration()
#8 /wordpress/wp-includes/class-wp-hook.php(348): WP_Hook->apply_filters('', Array)
#9 /wordpress/wp-includes/plugin.php(517): WP_Hook->do_action(Array)
#10 /wordpress/wp-includes/load.php(1304): do_action('shutdown')
#11 [internal function]: shutdown_action_hook()
#12 {main}</pre>
 for query SELECT a.action_id FROM  a WHERE a.hook='action_scheduler/migration_hook' AND a.status='pending' ORDER BY scheduled_date_gmt ASC LIMIT 1 made by shutdown_action_hook, do_action('shutdown'), WP_Hook->do_action, WP_Hook->apply_filters, Action_Scheduler\Migration\Controller->schedule_migration, Action_Scheduler\Migration\Scheduler->is_migration_scheduled, as_next_scheduled_action, ActionScheduler_HybridStore->find_action, ActionScheduler_DBStore->find_action, WP_SQLite_DB->query, WP_SQLite_DB->print_error
[05-May-2025 23:29:40 UTC] WordPress database error <div style="clear:both">&nbsp;</div>
<div class="queries" style="clear:both;margin-bottom:2px;border:red dotted thin;">
<p>MySQL query:</p>
<p>SELECT a.action_id FROM  a WHERE a.hook='action_scheduler/migration_hook' AND a.status='in-progress' ORDER BY scheduled_date_gmt DESC LIMIT 1</p>
<p>Queries made or created this session were:</p>
<ol>
<li>Executing: BEGIN | (no parameters)</li>
<li>Executing: SELECT a.action_id FROM  a WHERE a.hook=:param0  AND a.status=:param1  ORDER BY scheduled_date_gmt DESC LIMIT 1 | parameters: action_scheduler/migration_hook, in-progress</li>
<li>Executing: ROLLBACK | (no parameters)</li>
</ol>
</div>
<div style="clear:both;margin-bottom:2px;border:red dotted thin;" class="error_message" style="border-bottom:dotted blue thin;">
Error occurred at line 4117 in Function <code>handle_error</code>. Error message was: SQLSTATE[HY000]: General error: 1 no such table: a.
</div>
<p>Backtrace:</p>
<pre>#0 /internal/shared/sqlite-database-integration/wp-includes/sqlite/class-wp-sqlite-db.php(287): WP_SQLite_Translator->get_error_message()
#1 /wordpress/wp-includes/class-wpdb.php(3031): WP_SQLite_DB->query('SELECT a.action...')
#2 /wordpress/wp-content/plugins/subscriptions-recurring-payments-for-woocommerce/inc/libraries/action-scheduler/classes/data-stores/ActionScheduler_DBStore.php(210): wpdb->get_var('SELECT a.action...')
#3 /wordpress/wp-content/plugins/subscriptions-recurring-payments-for-woocommerce/inc/libraries/action-scheduler/classes/data-stores/ActionScheduler_HybridStore.php(134): ActionScheduler_DBStore->find_action('action_schedule...', Array)
#4 /wordpress/wp-content/plugins/subscriptions-recurring-payments-for-woocommerce/inc/libraries/action-scheduler/functions.php(156): ActionScheduler_HybridStore->find_action('action_schedule...', Array)
#5 /wordpress/wp-content/plugins/subscriptions-recurring-payments-for-woocommerce/inc/libraries/action-scheduler/classes/migration/Scheduler.php(79): as_next_scheduled_action('action_schedule...')
#6 /wordpress/wp-content/plugins/subscriptions-recurring-payments-for-woocommerce/inc/libraries/action-scheduler/classes/migration/Controller.php(99): Action_Scheduler\Migration\Scheduler->schedule_migration()
#7 /wordpress/wp-includes/class-wp-hook.php(322): Action_Scheduler\Migration\Controller->schedule_migration()
#8 /wordpress/wp-includes/class-wp-hook.php(348): WP_Hook->apply_filters('', Array)
#9 /wordpress/wp-includes/plugin.php(517): WP_Hook->do_action(Array)
#10 /wordpress/wp-includes/load.php(1304): do_action('shutdown')
#11 [internal function]: shutdown_action_hook()
#12 {main}</pre>
 for query SELECT a.action_id FROM  a WHERE a.hook='action_scheduler/migration_hook' AND a.status='in-progress' ORDER BY scheduled_date_gmt DESC LIMIT 1 made by shutdown_action_hook, do_action('shutdown'), WP_Hook->do_action, WP_Hook->apply_filters, Action_Scheduler\Migration\Controller->schedule_migration, Action_Scheduler\Migration\Scheduler->schedule_migration, as_next_scheduled_action, ActionScheduler_HybridStore->find_action, ActionScheduler_DBStore->find_action, WP_SQLite_DB->query, WP_SQLite_DB->print_error
[05-May-2025 23:29:40 UTC] WordPress database error <div style="clear:both">&nbsp;</div>
<div class="queries" style="clear:both;margin-bottom:2px;border:red dotted thin;">
<p>MySQL query:</p>
<p>SELECT a.action_id FROM  a WHERE a.hook='action_scheduler/migration_hook' AND a.status='pending' ORDER BY scheduled_date_gmt ASC LIMIT 1</p>
<p>Queries made or created this session were:</p>
<ol>
<li>Executing: BEGIN | (no parameters)</li>
<li>Executing: SELECT a.action_id FROM  a WHERE a.hook=:param0  AND a.status=:param1  ORDER BY scheduled_date_gmt ASC LIMIT 1 | parameters: action_scheduler/migration_hook, pending</li>
<li>Executing: ROLLBACK | (no parameters)</li>
</ol>
</div>
<div style="clear:both;margin-bottom:2px;border:red dotted thin;" class="error_message" style="border-bottom:dotted blue thin;">
Error occurred at line 4117 in Function <code>handle_error</code>. Error message was: SQLSTATE[HY000]: General error: 1 no such table: a.
</div>
<p>Backtrace:</p>
<pre>#0 /internal/shared/sqlite-database-integration/wp-includes/sqlite/class-wp-sqlite-db.php(287): WP_SQLite_Translator->get_error_message()
#1 /wordpress/wp-includes/class-wpdb.php(3031): WP_SQLite_DB->query('SELECT a.action...')
#2 /wordpress/wp-content/plugins/subscriptions-recurring-payments-for-woocommerce/inc/libraries/action-scheduler/classes/data-stores/ActionScheduler_DBStore.php(210): wpdb->get_var('SELECT a.action...')
#3 /wordpress/wp-content/plugins/subscriptions-recurring-payments-for-woocommerce/inc/libraries/action-scheduler/classes/data-stores/ActionScheduler_HybridStore.php(134): ActionScheduler_DBStore->find_action('action_schedule...', Array)
#4 /wordpress/wp-content/plugins/subscriptions-recurring-payments-for-woocommerce/inc/libraries/action-scheduler/functions.php(162): ActionScheduler_HybridStore->find_action('action_schedule...', Array)
#5 /wordpress/wp-content/plugins/subscriptions-recurring-payments-for-woocommerce/inc/libraries/action-scheduler/classes/migration/Scheduler.php(79): as_next_scheduled_action('action_schedule...')
#6 /wordpress/wp-content/plugins/subscriptions-recurring-payments-for-woocommerce/inc/libraries/action-scheduler/classes/migration/Controller.php(99): Action_Scheduler\Migration\Scheduler->schedule_migration()
#7 /wordpress/wp-includes/class-wp-hook.php(322): Action_Scheduler\Migration\Controller->schedule_migration()
#8 /wordpress/wp-includes/class-wp-hook.php(348): WP_Hook->apply_filters('', Array)
#9 /wordpress/wp-includes/plugin.php(517): WP_Hook->do_action(Array)
#10 /wordpress/wp-includes/load.php(1304): do_action('shutdown')
#11 [internal function]: shutdown_action_hook()
#12 {main}</pre>
 for query SELECT a.action_id FROM  a WHERE a.hook='action_scheduler/migration_hook' AND a.status='pending' ORDER BY scheduled_date_gmt ASC LIMIT 1 made by shutdown_action_hook, do_action('shutdown'), WP_Hook->do_action, WP_Hook->apply_filters, Action_Scheduler\Migration\Controller->schedule_migration, Action_Scheduler\Migration\Scheduler->schedule_migration, as_next_scheduled_action, ActionScheduler_HybridStore->find_action, ActionScheduler_DBStore->find_action, WP_SQLite_DB->query, WP_SQLite_DB->print_error
[05-May-2025 23:29:40 UTC] PHP Warning:  Undefined property: WP_SQLite_DB::$actionscheduler_groups in /wordpress/wp-includes/class-wpdb.php on line 789
[05-May-2025 23:29:40 UTC] WordPress database error <div style="clear:both">&nbsp;</div>
<div class="queries" style="clear:both;margin-bottom:2px;border:red dotted thin;">
<p>MySQL query:</p>
<p>SELECT group_id FROM  WHERE slug='action-scheduler-migration'</p>
<p>Queries made or created this session were:</p>
<ol>
<li>Executing: BEGIN | (no parameters)</li>
<li>Executing: SELECT group_id FROM  WHERE slug=:param0  | parameters: action-scheduler-migration</li>
<li>Executing: ROLLBACK | (no parameters)</li>
</ol>
</div>
<div style="clear:both;margin-bottom:2px;border:red dotted thin;" class="error_message" style="border-bottom:dotted blue thin;">
Error occurred at line 4117 in Function <code>handle_error</code>. Error message was: SQLSTATE[HY000]: General error: 1 near "WHERE": syntax error.
</div>
<p>Backtrace:</p>
<pre>#0 /internal/shared/sqlite-database-integration/wp-includes/sqlite/class-wp-sqlite-db.php(287): WP_SQLite_Translator->get_error_message()
#1 /wordpress/wp-includes/class-wpdb.php(3031): WP_SQLite_DB->query('SELECT group_id...')
#2 /wordpress/wp-content/plugins/subscriptions-recurring-payments-for-woocommerce/inc/libraries/action-scheduler/classes/data-stores/ActionScheduler_DBStore.php(79): wpdb->get_var('SELECT group_id...')
#3 /wordpress/wp-content/plugins/subscriptions-recurring-payments-for-woocommerce/inc/libraries/action-scheduler/classes/data-stores/ActionScheduler_DBStore.php(44): ActionScheduler_DBStore->get_group_id('action-schedule...')
#4 /wordpress/wp-content/plugins/subscriptions-recurring-payments-for-woocommerce/inc/libraries/action-scheduler/classes/migration/ActionScheduler_DBStoreMigrator.php(31): ActionScheduler_DBStore->save_action(Object(ActionScheduler_Action), NULL)
#5 /wordpress/wp-content/plugins/subscriptions-recurring-payments-for-woocommerce/inc/libraries/action-scheduler/classes/data-stores/ActionScheduler_HybridStore.php(225): ActionScheduler_DBStoreMigrator->save_action(Object(ActionScheduler_Action), NULL)
#6 /wordpress/wp-content/plugins/subscriptions-recurring-payments-for-woocommerce/inc/libraries/action-scheduler/classes/ActionScheduler_ActionFactory.php(177): ActionScheduler_HybridStore->save_action(Object(ActionScheduler_Action))
#7 /wordpress/wp-content/plugins/subscriptions-recurring-payments-for-woocommerce/inc/libraries/action-scheduler/classes/ActionScheduler_ActionFactory.php(84): ActionScheduler_ActionFactory->store(Object(ActionScheduler_Action))
#8 /wordpress/wp-content/plugins/subscriptions-recurring-payments-for-woocommerce/inc/libraries/action-scheduler/functions.php(30): ActionScheduler_ActionFactory->single('action_schedule...', Array, 1746487780, 'action-schedule...')
#9 /wordpress/wp-content/plugins/subscriptions-recurring-payments-for-woocommerce/inc/libraries/action-scheduler/classes/migration/Scheduler.php(89): as_schedule_single_action(1746487780, 'action_schedule...', Array, 'action-schedule...')
#10 /wordpress/wp-content/plugins/subscriptions-recurring-payments-for-woocommerce/inc/libraries/action-scheduler/classes/migration/Controller.php(99): Action_Scheduler\Migration\Scheduler->schedule_migration()
#11 /wordpress/wp-includes/class-wp-hook.php(322): Action_Scheduler\Migration\Controller->schedule_migration()
#12 /wordpress/wp-includes/class-wp-hook.php(348): WP_Hook->apply_filters('', Array)
#13 /wordpress/wp-includes/plugin.php(517): WP_Hook->do_action(Array)
#14 /wordpress/wp-includes/load.php(1304): do_action('shutdown')
#15 [internal function]: shutdown_action_hook()
#16 {main}</pre>
 for query SELECT group_id FROM  WHERE slug='action-scheduler-migration' made by shutdown_action_hook, do_action('shutdown'), WP_Hook->do_action, WP_Hook->apply_filters, Action_Scheduler\Migration\Controller->schedule_migration, Action_Scheduler\Migration\Scheduler->schedule_migration, as_schedule_single_action, ActionScheduler_ActionFactory->single, ActionScheduler_ActionFactory->store, ActionScheduler_HybridStore->save_action, ActionScheduler_DBStoreMigrator->save_action, ActionScheduler_DBStore->save_action, ActionScheduler_DBStore->get_group_id, WP_SQLite_DB->query, WP_SQLite_DB->print_error
[05-May-2025 23:29:40 UTC] WordPress database error <div style="clear:both">&nbsp;</div>
<div class="queries" style="clear:both;margin-bottom:2px;border:red dotted thin;">
<p>MySQL query:</p>
<p>INSERT INTO `` (`slug`) VALUES ('action-scheduler-migration')</p>
<p>Queries made or created this session were:</p>
<ol>
<li>Executing: BEGIN | (no parameters)</li>
<li>Executing: INSERT INTO `` (`slug`) VALUES (:param0 ) | parameters: action-scheduler-migration</li>
<li>Executing: ROLLBACK | (no parameters)</li>
</ol>
</div>
<div style="clear:both;margin-bottom:2px;border:red dotted thin;" class="error_message" style="border-bottom:dotted blue thin;">
Error occurred at line 4117 in Function <code>handle_error</code>. Error message was: SQLSTATE[HY000]: General error: 1 no such table: .
</div>
<p>Backtrace:</p>
<pre>#0 /internal/shared/sqlite-database-integration/wp-includes/sqlite/class-wp-sqlite-db.php(287): WP_SQLite_Translator->get_error_message()
#1 /wordpress/wp-includes/class-wpdb.php(2614): WP_SQLite_DB->query('INSERT INTO `` ...')
#2 /wordpress/wp-includes/class-wpdb.php(2503): wpdb->_insert_replace_helper(NULL, Array, NULL, 'INSERT')
#3 /wordpress/wp-content/plugins/subscriptions-recurring-payments-for-woocommerce/inc/libraries/action-scheduler/classes/data-stores/ActionScheduler_DBStore.php(97): wpdb->insert(NULL, Array)
#4 /wordpress/wp-content/plugins/subscriptions-recurring-payments-for-woocommerce/inc/libraries/action-scheduler/classes/data-stores/ActionScheduler_DBStore.php(81): ActionScheduler_DBStore->create_group('action-schedule...')
#5 /wordpress/wp-content/plugins/subscriptions-recurring-payments-for-woocommerce/inc/libraries/action-scheduler/classes/data-stores/ActionScheduler_DBStore.php(44): ActionScheduler_DBStore->get_group_id('action-schedule...')
#6 /wordpress/wp-content/plugins/subscriptions-recurring-payments-for-woocommerce/inc/libraries/action-scheduler/classes/migration/ActionScheduler_DBStoreMigrator.php(31): ActionScheduler_DBStore->save_action(Object(ActionScheduler_Action), NULL)
#7 /wordpress/wp-content/plugins/subscriptions-recurring-payments-for-woocommerce/inc/libraries/action-scheduler/classes/data-stores/ActionScheduler_HybridStore.php(225): ActionScheduler_DBStoreMigrator->save_action(Object(ActionScheduler_Action), NULL)
#8 /wordpress/wp-content/plugins/subscriptions-recurring-payments-for-woocommerce/inc/libraries/action-scheduler/classes/ActionScheduler_ActionFactory.php(177): ActionScheduler_HybridStore->save_action(Object(ActionScheduler_Action))
#9 /wordpress/wp-content/plugins/subscriptions-recurring-payments-for-woocommerce/inc/libraries/action-scheduler/classes/ActionScheduler_ActionFactory.php(84): ActionScheduler_ActionFactory->store(Object(ActionScheduler_Action))
#10 /wordpress/wp-content/plugins/subscriptions-recurring-payments-for-woocommerce/inc/libraries/action-scheduler/functions.php(30): ActionScheduler_ActionFactory->single('action_schedule...', Array, 1746487780, 'action-schedule...')
#11 /wordpress/wp-content/plugins/subscriptions-recurring-payments-for-woocommerce/inc/libraries/action-scheduler/classes/migration/Scheduler.php(89): as_schedule_single_action(1746487780, 'action_schedule...', Array, 'action-schedule...')
#12 /wordpress/wp-content/plugins/subscriptions-recurring-payments-for-woocommerce/inc/libraries/action-scheduler/classes/migration/Controller.php(99): Action_Scheduler\Migration\Scheduler->schedule_migration()
#13 /wordpress/wp-includes/class-wp-hook.php(322): Action_Scheduler\Migration\Controller->schedule_migration()
#14 /wordpress/wp-includes/class-wp-hook.php(348): WP_Hook->apply_filters('', Array)
#15 /wordpress/wp-includes/plugin.php(517): WP_Hook->do_action(Array)
#16 /wordpress/wp-includes/load.php(1304): do_action('shutdown')
#17 [internal function]: shutdown_action_hook()
#18 {main}</pre>
 for query INSERT INTO `` (`slug`) VALUES ('action-scheduler-migration') made by shutdown_action_hook, do_action('shutdown'), WP_Hook->do_action, WP_Hook->apply_filters, Action_Scheduler\Migration\Controller->schedule_migration, Action_Scheduler\Migration\Scheduler->schedule_migration, as_schedule_single_action, ActionScheduler_ActionFactory->single, ActionScheduler_ActionFactory->store, ActionScheduler_HybridStore->save_action, ActionScheduler_DBStoreMigrator->save_action, ActionScheduler_DBStore->save_action, ActionScheduler_DBStore->get_group_id, ActionScheduler_DBStore->create_group, WP_SQLite_DB->query, WP_SQLite_DB->print_error
[05-May-2025 23:29:40 UTC] PHP Warning:  Undefined property: WP_SQLite_DB::$actionscheduler_actions in /wordpress/wp-includes/class-wpdb.php on line 789
[05-May-2025 23:29:40 UTC] WordPress database error <div style="clear:both">&nbsp;</div>
<div class="queries" style="clear:both;margin-bottom:2px;border:red dotted thin;">
<p>MySQL query:</p>
<p>INSERT INTO `` (`hook`, `status`, `scheduled_date_gmt`, `scheduled_date_local`, `args`, `schedule`, `group_id`) VALUES ('action_scheduler/migration_hook', 'pending', '2025-05-05 23:29:40', '2025-05-05 23:29:40', '[]', 'O:30:\"ActionScheduler_SimpleSchedule\":2:{s:22:\"\0*\0scheduled_timestamp\";i:1746487780;s:41:\"\0ActionScheduler_SimpleSchedule\0timestamp\";i:1746487780;}', '0')</p>
<p>Queries made or created this session were:</p>
<ol>
<li>Executing: BEGIN | (no parameters)</li>
<li>Executing: INSERT INTO `` (`hook`, `status`, `scheduled_date_gmt`, `scheduled_date_local`, `args`, `schedule`, `group_id`) VALUES (:param0 , :param1 , :param2 , :param3 , :param4 , :param5 , :param6 ) | parameters: action_scheduler/migration_hook, pending, 2025-05-05 23:29:40, 2025-05-05 23:29:40, [], O:30:&quot;ActionScheduler_SimpleSchedule&quot;:2:{s:22:&quot;
[05-May-2025 23:29:40 UTC] PHP Fatal error:  Uncaught RuntimeException: Error saving action: Error saving action: <div style="clear:both">&nbsp;</div>
<div class="queries" style="clear:both;margin-bottom:2px;border:red dotted thin;">
<p>MySQL query:</p>
<p>INSERT INTO `` (`hook`, `status`, `scheduled_date_gmt`, `scheduled_date_local`, `args`, `schedule`, `group_id`) VALUES ('action_scheduler/migration_hook', 'pending', '2025-05-05 23:29:40', '2025-05-05 23:29:40', '[]', 'O:30:\"ActionScheduler_SimpleSchedule\":2:{s:22:\"\0*\0scheduled_timestamp\";i:1746487780;s:41:\"\0ActionScheduler_SimpleSchedule\0timestamp\";i:1746487780;}', '0')</p>
<p>Queries made or created this session were:</p>
<ol>
<li>Executing: BEGIN | (no parameters)</li>
<li>Executing: INSERT INTO `` (`hook`, `status`, `scheduled_date_gmt`, `scheduled_date_local`, `args`, `schedule`, `group_id`) VALUES (:param0 , :param1 , :param2 , :param3 , :param4 , :param5 , :param6 ) | parameters: action_scheduler/migration_hook, pending, 2025-05-05 23:29:40, 2025-05-05 23:29:40, [], O:30:&quot;ActionScheduler_SimpleSchedule&quot;:2:{s:22:&quot; in /wordpress/wp-content/plugins/subscriptions-recurring-payments-for-woocommerce/inc/libraries/action-scheduler/classes/migration/ActionScheduler_DBStoreMigrator.php:44
Stack trace:
#0 /wordpress/wp-content/plugins/subscriptions-recurring-payments-for-woocommerce/inc/libraries/action-scheduler/classes/data-stores/ActionScheduler_HybridStore.php(225): ActionScheduler_DBStoreMigrator->save_action(Object(ActionScheduler_Action), NULL)
#1 /wordpress/wp-content/plugins/subscriptions-recurring-payments-for-woocommerce/inc/libraries/action-scheduler/classes/ActionScheduler_ActionFactory.php(177): ActionScheduler_HybridStore->save_action(Object(ActionScheduler_Action))
#2 /wordpress/wp-content/plugins/subscriptions-recurring-payments-for-woocommerce/inc/libraries/action-scheduler/classes/ActionScheduler_ActionFactory.php(84): ActionScheduler_ActionFactory->store(Object(ActionScheduler_Action))
#3 /wordpress/wp-content/plugins/subscriptions-recurring-payments-for-woocommerce/inc/libraries/action-scheduler/functions.php(30): ActionScheduler_ActionFactory->single('action_schedule...', Array, 1746487780, 'action-schedule...')
#4 /wordpress/wp-content/plugins/subscriptions-recurring-payments-for-woocommerce/inc/libraries/action-scheduler/classes/migration/Scheduler.php(89): as_schedule_single_action(1746487780, 'action_schedule...', Array, 'action-schedule...')
#5 /wordpress/wp-content/plugins/subscriptions-recurring-payments-for-woocommerce/inc/libraries/action-scheduler/classes/migration/Controller.php(99): Action_Scheduler\Migration\Scheduler->schedule_migration()
#6 /wordpress/wp-includes/class-wp-hook.php(322): Action_Scheduler\Migration\Controller->schedule_migration()
#7 /wordpress/wp-includes/class-wp-hook.php(348): WP_Hook->apply_filters('', Array)
#8 /wordpress/wp-includes/plugin.php(517): WP_Hook->do_action(Array)
#9 /wordpress/wp-includes/load.php(1304): do_action('shutdown')
#10 [internal function]: shutdown_action_hook()
#11 {main}
  thrown in /wordpress/wp-content/plugins/subscriptions-recurring-payments-for-woocommerce/inc/libraries/action-scheduler/classes/migration/ActionScheduler_DBStoreMigrator.php on line 44
[05-May-2025 23:30:42 UTC] PHP Fatal error:  Uncaught Error: Call to undefined function create_function() in /wordpress/wp-content/plugins/support-online/support-online-widget.php:265
Stack trace:
#0 /wordpress/wp-admin/includes/plugin.php(2387): include_once()
#1 /wordpress/wp-admin/includes/plugin.php(673): plugin_sandbox_scrape('support-online/...')
#2 /internal/eval.php(20): activate_plugin('support-online/...')
#3 {main}
  thrown in /wordpress/wp-content/plugins/support-online/support-online-widget.php on line 265
[05-May-2025 23:30:50 UTC] PHP Fatal error:  Uncaught Error: Call to undefined function create_function() in /wordpress/wp-content/plugins/support-online/support-online-widget.php:265
Stack trace:
#0 /wordpress/wp-admin/includes/plugin.php(2387): include_once()
#1 /wordpress/wp-admin/includes/plugin.php(673): plugin_sandbox_scrape('support-online/...')
#2 /internal/eval.php(20): activate_plugin('support-online/...')
#3 {main}
  thrown in /wordpress/wp-content/plugins/support-online/support-online-widget.php on line 265

    at Object.onBind (file:///home/runner/work/playground-tester/playground-tester/node_modules/@wp-playground/cli/index.js:237:15)
    at process.processTicksAndRejections (node:internal/process/task_queues:105:5)
    at async V (file:///home/runner/work/playground-tester/playground-tester/node_modules/@wp-playground/cli/index.js:64:10)
    at async ja (file:///home/runner/work/playground-tester/playground-tester/node_modules/@wp-playground/cli/cli.js:8161:12) {
  [cause]: Error: Error when executing the blueprint step #1 ({"step":"installPlugin","pluginData":{"resource":"wordpress.org/plugins","slug":"support-online"},"options":{"activate":true}}) : PHP.run() failed with exit code 255 and the following output: 
      at Object.run (file:///home/runner/work/playground-tester/playground-tester/node_modules/@wp-playground/blueprints/index.js:12449:19)
      at process.processTicksAndRejections (node:internal/process/task_queues:105:5)
      at async ms (file:///home/runner/work/playground-tester/playground-tester/node_modules/@wp-playground/blueprints/index.js:12552:3)
      ... 2 lines matching cause stack trace ...
      at async ja (file:///home/runner/work/playground-tester/playground-tester/node_modules/@wp-playground/cli/cli.js:8161:12) {
    [cause]: PHPExecutionFailureError: PHP.run() failed with exit code 255 and the following output: 
        at PHP.run (file:///home/runner/work/playground-tester/playground-tester/node_modules/@php-wasm/universal/index.js:987:19)
        at process.processTicksAndRejections (node:internal/process/task_queues:105:5)
        at async wr (file:///home/runner/work/playground-tester/playground-tester/node_modules/@wp-playground/blueprints/index.js:33:39)
        at async Object.gt [as installPlugin] (file:///home/runner/work/playground-tester/playground-tester/node_modules/@wp-playground/blueprints/index.js:974:42)
        at async g (file:///home/runner/work/playground-tester/playground-tester/node_modules/@wp-playground/blueprints/index.js:12517:30)
        at async Object.run (file:///home/runner/work/playground-tester/playground-tester/node_modules/@wp-playground/blueprints/index.js:12446:23)
        at async ms (file:///home/runner/work/playground-tester/playground-tester/node_modules/@wp-playground/blueprints/index.js:12552:3)
        at async Object.onBind (file:///home/runner/work/playground-tester/playground-tester/node_modules/@wp-playground/cli/index.js:227:48)
        at async V (file:///home/runner/work/playground-tester/playground-tester/node_modules/@wp-playground/cli/index.js:64:10)
        at async ja (file:///home/runner/work/playground-tester/playground-tester/node_modules/@wp-playground/cli/cli.js:8161:12) {
      response: PHPResponse {
        httpStatusCode: 500,
        headers: {
          'x-powered-by': [ 'PHP/8.0.30-dev' ],
          'content-type': [ 'text/html; charset=UTF-8' ]
        },
        bytes: Uint8Array(0) [],
        exitCode: 255,
        errors: ''
      },
      source: 'request'
    }
  }
}

Node.js v23.11.0
