[
{"message":"file:///home/runner/work/playground-tester/playground-tester/node_modules/@wp-playground/cli/index.js:237\n        throw new Error(y, { cause: u });\n              ^\n","level":"FATAL","type":"PLAYGROUND","test":"asyncify-boot","plugin":"automated-dropshipping-for-woocommerce","details":"file:///home/runner/work/playground-tester/playground-tester/node_modules/@wp-playground/cli/index.js:237\n        throw new Error(y, { cause: u });\n              ^\n","log":"/tmp/tmp.eBITUupUAy"}
,
{"message":"Uncaught PDOException: SQLSTATE[HY000] [2002] Address family not supported by protocol in /wordpress/wp-content/plugins/ap-sms-manager/vendor/illuminate/database/Connectors/Connector.php:70","level":"FATAL","type":"PHP","test":"asyncify-boot","plugin":"automated-dropshipping-for-woocommerce","details":"[15-May-2025 15:50:31 UTC] PHP Fatal error:  Uncaught PDOException: SQLSTATE[HY000] [2002] Address family not supported by protocol in /wordpress/wp-content/plugins/ap-sms-manager/vendor/illuminate/database/Connectors/Connector.php:70\nStack trace:\n#0 /wordpress/wp-content/plugins/ap-sms-manager/vendor/illuminate/database/Connectors/Connector.php(70): PDO->__construct('mysql:host=loca...', 'username_here', 'password_here', Array)\n#1 /wordpress/wp-content/plugins/ap-sms-manager/vendor/illuminate/database/Connectors/Connector.php(46): Illuminate\\Database\\Connectors\\Connector->createPdoConnection('mysql:host=loca...', 'username_here', 'password_here', Array)\n#2 /wordpress/wp-content/plugins/ap-sms-manager/vendor/illuminate/database/Connectors/MySqlConnector.php(24): Illuminate\\Database\\Connectors\\Connector->createConnection('mysql:host=loca...', Array, Array)\n#3 /wordpress/wp-content/plugins/ap-sms-manager/vendor/illuminate/database/Connectors/ConnectionFactory.php(184): Illuminate\\Database\\Connectors\\MySqlConnector->connect(Array)\n#4 [internal function]: I in /wordpress/wp-content/plugins/ap-sms-manager/vendor/illuminate/database/Connection.php on line 671","log":"/logs/plugins/a/automated-dropshipping-for-woocommerce/error.json"}
,
{"message":"Uncaught PDOException: SQLSTATE[HY000] [2002] Address family not supported by protocol in /wordpress/wp-content/plugins/ap-sms-manager/vendor/illuminate/database/Connectors/Connector.php:70","level":"FATAL","type":"PHP","test":"asyncify-boot","plugin":"automated-dropshipping-for-woocommerce","details":"[15-May-2025 15:50:50 UTC] PHP Fatal error:  Uncaught PDOException: SQLSTATE[HY000] [2002] Address family not supported by protocol in /wordpress/wp-content/plugins/ap-sms-manager/vendor/illuminate/database/Connectors/Connector.php:70\nStack trace:\n#0 /wordpress/wp-content/plugins/ap-sms-manager/vendor/illuminate/database/Connectors/Connector.php(70): PDO->__construct('mysql:host=loca...', 'username_here', 'password_here', Array)\n#1 /wordpress/wp-content/plugins/ap-sms-manager/vendor/illuminate/database/Connectors/Connector.php(46): Illuminate\\Database\\Connectors\\Connector->createPdoConnection('mysql:host=loca...', 'username_here', 'password_here', Array)\n#2 /wordpress/wp-content/plugins/ap-sms-manager/vendor/illuminate/database/Connectors/MySqlConnector.php(24): Illuminate\\Database\\Connectors\\Connector->createConnection('mysql:host=loca...', Array, Array)\n#3 /wordpress/wp-content/plugins/ap-sms-manager/vendor/illuminate/database/Connectors/ConnectionFactory.php(184): Illuminate\\Database\\Connectors\\MySqlConnector->connect(Array)\n#4 [internal function]: I in /wordpress/wp-content/plugins/ap-sms-manager/vendor/illuminate/database/Connection.php on line 671","log":"/logs/plugins/a/automated-dropshipping-for-woocommerce/error.json"}
,
{"message":"Uncaught PDOException: SQLSTATE[HY000] [2002] Address family not supported by protocol in /wordpress/wp-content/plugins/ap-sms-manager/vendor/illuminate/database/Connectors/Connector.php:70","level":"FATAL","type":"PHP","test":"asyncify-boot","plugin":"automated-dropshipping-for-woocommerce","details":"[15-May-2025 15:51:08 UTC] PHP Fatal error:  Uncaught PDOException: SQLSTATE[HY000] [2002] Address family not supported by protocol in /wordpress/wp-content/plugins/ap-sms-manager/vendor/illuminate/database/Connectors/Connector.php:70\nStack trace:\n#0 /wordpress/wp-content/plugins/ap-sms-manager/vendor/illuminate/database/Connectors/Connector.php(70): PDO->__construct('mysql:host=loca...', 'username_here', 'password_here', Array)\n#1 /wordpress/wp-content/plugins/ap-sms-manager/vendor/illuminate/database/Connectors/Connector.php(46): Illuminate\\Database\\Connectors\\Connector->createPdoConnection('mysql:host=loca...', 'username_here', 'password_here', Array)\n#2 /wordpress/wp-content/plugins/ap-sms-manager/vendor/illuminate/database/Connectors/MySqlConnector.php(24): Illuminate\\Database\\Connectors\\Connector->createConnection('mysql:host=loca...', Array, Array)\n#3 /wordpress/wp-content/plugins/ap-sms-manager/vendor/illuminate/database/Connectors/ConnectionFactory.php(184): Illuminate\\Database\\Connectors\\MySqlConnector->connect(Array)\n#4 [internal function]: I in /wordpress/wp-content/plugins/ap-sms-manager/vendor/illuminate/database/Connection.php on line 671","log":"/logs/plugins/a/automated-dropshipping-for-woocommerce/error.json"}
,
{"message":"Undefined variable $text_domain in /wordpress/wp-content/plugins/arashtad-testimonials-slider/arashtad-testimonials-slider.php on line 57","level":"WARNING","type":"PHP","test":"asyncify-boot","plugin":"automated-dropshipping-for-woocommerce","details":"[15-May-2025 15:56:56 UTC] PHP Warning:  Undefined variable $text_domain in /wordpress/wp-content/plugins/arashtad-testimonials-slider/arashtad-testimonials-slider.php on line 57","log":"/logs/plugins/a/automated-dropshipping-for-woocommerce/error.json"}
,
{"message":"Undefined variable $text_domain in /wordpress/wp-content/plugins/arashtad-testimonials-slider/arashtad-testimonials-slider.php on line 59","level":"WARNING","type":"PHP","test":"asyncify-boot","plugin":"automated-dropshipping-for-woocommerce","details":"[15-May-2025 15:56:56 UTC] PHP Warning:  Undefined variable $text_domain in /wordpress/wp-content/plugins/arashtad-testimonials-slider/arashtad-testimonials-slider.php on line 59","log":"/logs/plugins/a/automated-dropshipping-for-woocommerce/error.json"}
,
{"message":"Undefined variable $text_domain in /wordpress/wp-content/plugins/arashtad-testimonials-slider/arashtad-testimonials-slider.php on line 57","level":"WARNING","type":"PHP","test":"asyncify-boot","plugin":"automated-dropshipping-for-woocommerce","details":"[15-May-2025 15:57:05 UTC] PHP Warning:  Undefined variable $text_domain in /wordpress/wp-content/plugins/arashtad-testimonials-slider/arashtad-testimonials-slider.php on line 57","log":"/logs/plugins/a/automated-dropshipping-for-woocommerce/error.json"}
,
{"message":"Undefined variable $text_domain in /wordpress/wp-content/plugins/arashtad-testimonials-slider/arashtad-testimonials-slider.php on line 59","level":"WARNING","type":"PHP","test":"asyncify-boot","plugin":"automated-dropshipping-for-woocommerce","details":"[15-May-2025 15:57:05 UTC] PHP Warning:  Undefined variable $text_domain in /wordpress/wp-content/plugins/arashtad-testimonials-slider/arashtad-testimonials-slider.php on line 59","log":"/logs/plugins/a/automated-dropshipping-for-woocommerce/error.json"}
,
{"message":"Undefined variable $text_domain in /wordpress/wp-content/plugins/arashtad-testimonials-slider/arashtad-testimonials-slider.php on line 57","level":"WARNING","type":"PHP","test":"asyncify-boot","plugin":"automated-dropshipping-for-woocommerce","details":"[15-May-2025 15:57:14 UTC] PHP Warning:  Undefined variable $text_domain in /wordpress/wp-content/plugins/arashtad-testimonials-slider/arashtad-testimonials-slider.php on line 57","log":"/logs/plugins/a/automated-dropshipping-for-woocommerce/error.json"}
,
{"message":"Undefined variable $text_domain in /wordpress/wp-content/plugins/arashtad-testimonials-slider/arashtad-testimonials-slider.php on line 59","level":"WARNING","type":"PHP","test":"asyncify-boot","plugin":"automated-dropshipping-for-woocommerce","details":"[15-May-2025 15:57:14 UTC] PHP Warning:  Undefined variable $text_domain in /wordpress/wp-content/plugins/arashtad-testimonials-slider/arashtad-testimonials-slider.php on line 59","log":"/logs/plugins/a/automated-dropshipping-for-woocommerce/error.json"}
,
{"message":"Function _load_textdomain_just_in_time was called <strong>incorrectly</strong>. Translation loading for the <code>athemes-starter-sites</code> domain was triggered too early. This is usually an indicator for some code in the plugin or theme running too early. Translations should be loaded at the <code>init</code> action or later. Please see <a href=\"https://developer.wordpress.org/advanced-administration/debug/debug-wordpress/\">Debugging in WordPress</a> for more information. (This message was added in version 6.7.0.) in /wordpress/wp-includes/functions.php on line 6121","level":"NOTICE","type":"PHP","test":"asyncify-boot","plugin":"automated-dropshipping-for-woocommerce","details":"[15-May-2025 15:58:08 UTC] PHP Notice:  Function _load_textdomain_just_in_time was called <strong>incorrectly</strong>. Translation loading for the <code>athemes-starter-sites</code> domain was triggered too early. This is usually an indicator for some code in the plugin or theme running too early. Translations should be loaded at the <code>init</code> action or later. Please see <a href=\"https://developer.wordpress.org/advanced-administration/debug/debug-wordpress/\">Debugging in WordPress</a> for more information. (This message was added in version 6.7.0.) in /wordpress/wp-includes/functions.php on line 6121","log":"/logs/plugins/a/automated-dropshipping-for-woocommerce/error.json"}
,
{"message":"Function _load_textdomain_just_in_time was called <strong>incorrectly</strong>. Translation loading for the <code>athemes-starter-sites</code> domain was triggered too early. This is usually an indicator for some code in the plugin or theme running too early. Translations should be loaded at the <code>init</code> action or later. Please see <a href=\"https://developer.wordpress.org/advanced-administration/debug/debug-wordpress/\">Debugging in WordPress</a> for more information. (This message was added in version 6.7.0.) in /wordpress/wp-includes/functions.php on line 6121","level":"NOTICE","type":"PHP","test":"asyncify-boot","plugin":"automated-dropshipping-for-woocommerce","details":"[15-May-2025 15:58:17 UTC] PHP Notice:  Function _load_textdomain_just_in_time was called <strong>incorrectly</strong>. Translation loading for the <code>athemes-starter-sites</code> domain was triggered too early. This is usually an indicator for some code in the plugin or theme running too early. Translations should be loaded at the <code>init</code> action or later. Please see <a href=\"https://developer.wordpress.org/advanced-administration/debug/debug-wordpress/\">Debugging in WordPress</a> for more information. (This message was added in version 6.7.0.) in /wordpress/wp-includes/functions.php on line 6121","log":"/logs/plugins/a/automated-dropshipping-for-woocommerce/error.json"}
,
{"message":"Function _load_textdomain_just_in_time was called <strong>incorrectly</strong>. Translation loading for the <code>athemes-starter-sites</code> domain was triggered too early. This is usually an indicator for some code in the plugin or theme running too early. Translations should be loaded at the <code>init</code> action or later. Please see <a href=\"https://developer.wordpress.org/advanced-administration/debug/debug-wordpress/\">Debugging in WordPress</a> for more information. (This message was added in version 6.7.0.) in /wordpress/wp-includes/functions.php on line 6121","level":"NOTICE","type":"PHP","test":"asyncify-boot","plugin":"automated-dropshipping-for-woocommerce","details":"[15-May-2025 15:58:25 UTC] PHP Notice:  Function _load_textdomain_just_in_time was called <strong>incorrectly</strong>. Translation loading for the <code>athemes-starter-sites</code> domain was triggered too early. This is usually an indicator for some code in the plugin or theme running too early. Translations should be loaded at the <code>init</code> action or later. Please see <a href=\"https://developer.wordpress.org/advanced-administration/debug/debug-wordpress/\">Debugging in WordPress</a> for more information. (This message was added in version 6.7.0.) in /wordpress/wp-includes/functions.php on line 6121","log":"/logs/plugins/a/automated-dropshipping-for-woocommerce/error.json"}
,
{"message":"Undefined array key 0 in /wordpress/wp-includes/plugin.php on line 1001","level":"WARNING","type":"PHP","test":"asyncify-boot","plugin":"automated-dropshipping-for-woocommerce","details":"[15-May-2025 15:58:34 UTC] PHP Warning:  Undefined array key 0 in /wordpress/wp-includes/plugin.php on line 1001","log":"/logs/plugins/a/automated-dropshipping-for-woocommerce/error.json"}
,
{"message":"Undefined array key 0 in /wordpress/wp-includes/plugin.php on line 1004","level":"WARNING","type":"PHP","test":"asyncify-boot","plugin":"automated-dropshipping-for-woocommerce","details":"[15-May-2025 15:58:34 UTC] PHP Warning:  Undefined array key 0 in /wordpress/wp-includes/plugin.php on line 1004","log":"/logs/plugins/a/automated-dropshipping-for-woocommerce/error.json"}
,
{"message":"Undefined array key 0 in /wordpress/wp-includes/plugin.php on line 1001","level":"WARNING","type":"PHP","test":"asyncify-boot","plugin":"automated-dropshipping-for-woocommerce","details":"[15-May-2025 15:58:34 UTC] PHP Warning:  Undefined array key 0 in /wordpress/wp-includes/plugin.php on line 1001","log":"/logs/plugins/a/automated-dropshipping-for-woocommerce/error.json"}
,
{"message":"Undefined array key 0 in /wordpress/wp-includes/plugin.php on line 1004","level":"WARNING","type":"PHP","test":"asyncify-boot","plugin":"automated-dropshipping-for-woocommerce","details":"[15-May-2025 15:58:34 UTC] PHP Warning:  Undefined array key 0 in /wordpress/wp-includes/plugin.php on line 1004","log":"/logs/plugins/a/automated-dropshipping-for-woocommerce/error.json"}
,
{"message":"Undefined array key 0 in /wordpress/wp-includes/plugin.php on line 1001","level":"WARNING","type":"PHP","test":"asyncify-boot","plugin":"automated-dropshipping-for-woocommerce","details":"[15-May-2025 15:58:34 UTC] PHP Warning:  Undefined array key 0 in /wordpress/wp-includes/plugin.php on line 1001","log":"/logs/plugins/a/automated-dropshipping-for-woocommerce/error.json"}
,
{"message":"Undefined array key 0 in /wordpress/wp-includes/plugin.php on line 1004","level":"WARNING","type":"PHP","test":"asyncify-boot","plugin":"automated-dropshipping-for-woocommerce","details":"[15-May-2025 15:58:34 UTC] PHP Warning:  Undefined array key 0 in /wordpress/wp-includes/plugin.php on line 1004","log":"/logs/plugins/a/automated-dropshipping-for-woocommerce/error.json"}
,
{"message":"Uncaught Error: Call to undefined function create_function() in /wordpress/wp-content/plugins/auto-rss-feed-scroller-widget/rss-scroller.php:218","level":"FATAL","type":"PHP","test":"asyncify-boot","plugin":"automated-dropshipping-for-woocommerce","details":"[15-May-2025 15:58:34 UTC] PHP Fatal error:  Uncaught Error: Call to undefined function create_function() in /wordpress/wp-content/plugins/auto-rss-feed-scroller-widget/rss-scroller.php:218\nStack trace:\n#0 /wordpress/wp-admin/includes/plugin.php(2387): include_once()\n#1 /wordpress/wp-admin/includes/plugin.php(673): plugin_sandbox_scrape('auto-rss-feed-s...')\n#2 /internal/eval.php(20): activate_plugin('auto-rss-feed-s...')\n#3 {main}\n  thrown in /wordpress/wp-content/plugins/auto-rss-feed-scroller-widget/rss-scroller.php on line 218","log":"/logs/plugins/a/automated-dropshipping-for-woocommerce/error.json"}
,
{"message":"Undefined array key 0 in /wordpress/wp-includes/plugin.php on line 1001","level":"WARNING","type":"PHP","test":"asyncify-boot","plugin":"automated-dropshipping-for-woocommerce","details":"[15-May-2025 15:58:42 UTC] PHP Warning:  Undefined array key 0 in /wordpress/wp-includes/plugin.php on line 1001","log":"/logs/plugins/a/automated-dropshipping-for-woocommerce/error.json"}
,
{"message":"Undefined array key 0 in /wordpress/wp-includes/plugin.php on line 1004","level":"WARNING","type":"PHP","test":"asyncify-boot","plugin":"automated-dropshipping-for-woocommerce","details":"[15-May-2025 15:58:42 UTC] PHP Warning:  Undefined array key 0 in /wordpress/wp-includes/plugin.php on line 1004","log":"/logs/plugins/a/automated-dropshipping-for-woocommerce/error.json"}
,
{"message":"Undefined array key 0 in /wordpress/wp-includes/plugin.php on line 1001","level":"WARNING","type":"PHP","test":"asyncify-boot","plugin":"automated-dropshipping-for-woocommerce","details":"[15-May-2025 15:58:42 UTC] PHP Warning:  Undefined array key 0 in /wordpress/wp-includes/plugin.php on line 1001","log":"/logs/plugins/a/automated-dropshipping-for-woocommerce/error.json"}
,
{"message":"Undefined array key 0 in /wordpress/wp-includes/plugin.php on line 1004","level":"WARNING","type":"PHP","test":"asyncify-boot","plugin":"automated-dropshipping-for-woocommerce","details":"[15-May-2025 15:58:42 UTC] PHP Warning:  Undefined array key 0 in /wordpress/wp-includes/plugin.php on line 1004","log":"/logs/plugins/a/automated-dropshipping-for-woocommerce/error.json"}
,
{"message":"Undefined array key 0 in /wordpress/wp-includes/plugin.php on line 1001","level":"WARNING","type":"PHP","test":"asyncify-boot","plugin":"automated-dropshipping-for-woocommerce","details":"[15-May-2025 15:58:42 UTC] PHP Warning:  Undefined array key 0 in /wordpress/wp-includes/plugin.php on line 1001","log":"/logs/plugins/a/automated-dropshipping-for-woocommerce/error.json"}
,
{"message":"Undefined array key 0 in /wordpress/wp-includes/plugin.php on line 1004","level":"WARNING","type":"PHP","test":"asyncify-boot","plugin":"automated-dropshipping-for-woocommerce","details":"[15-May-2025 15:58:42 UTC] PHP Warning:  Undefined array key 0 in /wordpress/wp-includes/plugin.php on line 1004","log":"/logs/plugins/a/automated-dropshipping-for-woocommerce/error.json"}
,
{"message":"Uncaught Error: Call to undefined function create_function() in /wordpress/wp-content/plugins/auto-rss-feed-scroller-widget/rss-scroller.php:218","level":"FATAL","type":"PHP","test":"asyncify-boot","plugin":"automated-dropshipping-for-woocommerce","details":"[15-May-2025 15:58:42 UTC] PHP Fatal error:  Uncaught Error: Call to undefined function create_function() in /wordpress/wp-content/plugins/auto-rss-feed-scroller-widget/rss-scroller.php:218\nStack trace:\n#0 /wordpress/wp-admin/includes/plugin.php(2387): include_once()\n#1 /wordpress/wp-admin/includes/plugin.php(673): plugin_sandbox_scrape('auto-rss-feed-s...')\n#2 /internal/eval.php(20): activate_plugin('auto-rss-feed-s...')\n#3 {main}\n  thrown in /wordpress/wp-content/plugins/auto-rss-feed-scroller-widget/rss-scroller.php on line 218","log":"/logs/plugins/a/automated-dropshipping-for-woocommerce/error.json"}
,
{"message":"Undefined array key 0 in /wordpress/wp-includes/plugin.php on line 1001","level":"WARNING","type":"PHP","test":"asyncify-boot","plugin":"automated-dropshipping-for-woocommerce","details":"[15-May-2025 15:58:49 UTC] PHP Warning:  Undefined array key 0 in /wordpress/wp-includes/plugin.php on line 1001","log":"/logs/plugins/a/automated-dropshipping-for-woocommerce/error.json"}
,
{"message":"Undefined array key 0 in /wordpress/wp-includes/plugin.php on line 1004","level":"WARNING","type":"PHP","test":"asyncify-boot","plugin":"automated-dropshipping-for-woocommerce","details":"[15-May-2025 15:58:49 UTC] PHP Warning:  Undefined array key 0 in /wordpress/wp-includes/plugin.php on line 1004","log":"/logs/plugins/a/automated-dropshipping-for-woocommerce/error.json"}
,
{"message":"Undefined array key 0 in /wordpress/wp-includes/plugin.php on line 1001","level":"WARNING","type":"PHP","test":"asyncify-boot","plugin":"automated-dropshipping-for-woocommerce","details":"[15-May-2025 15:58:49 UTC] PHP Warning:  Undefined array key 0 in /wordpress/wp-includes/plugin.php on line 1001","log":"/logs/plugins/a/automated-dropshipping-for-woocommerce/error.json"}
,
{"message":"Undefined array key 0 in /wordpress/wp-includes/plugin.php on line 1004","level":"WARNING","type":"PHP","test":"asyncify-boot","plugin":"automated-dropshipping-for-woocommerce","details":"[15-May-2025 15:58:49 UTC] PHP Warning:  Undefined array key 0 in /wordpress/wp-includes/plugin.php on line 1004","log":"/logs/plugins/a/automated-dropshipping-for-woocommerce/error.json"}
,
{"message":"Undefined array key 0 in /wordpress/wp-includes/plugin.php on line 1001","level":"WARNING","type":"PHP","test":"asyncify-boot","plugin":"automated-dropshipping-for-woocommerce","details":"[15-May-2025 15:58:49 UTC] PHP Warning:  Undefined array key 0 in /wordpress/wp-includes/plugin.php on line 1001","log":"/logs/plugins/a/automated-dropshipping-for-woocommerce/error.json"}
,
{"message":"Undefined array key 0 in /wordpress/wp-includes/plugin.php on line 1004","level":"WARNING","type":"PHP","test":"asyncify-boot","plugin":"automated-dropshipping-for-woocommerce","details":"[15-May-2025 15:58:49 UTC] PHP Warning:  Undefined array key 0 in /wordpress/wp-includes/plugin.php on line 1004","log":"/logs/plugins/a/automated-dropshipping-for-woocommerce/error.json"}
,
{"message":"Uncaught Error: Call to undefined function create_function() in /wordpress/wp-content/plugins/auto-rss-feed-scroller-widget/rss-scroller.php:218","level":"FATAL","type":"PHP","test":"asyncify-boot","plugin":"automated-dropshipping-for-woocommerce","details":"[15-May-2025 15:58:49 UTC] PHP Fatal error:  Uncaught Error: Call to undefined function create_function() in /wordpress/wp-content/plugins/auto-rss-feed-scroller-widget/rss-scroller.php:218\nStack trace:\n#0 /wordpress/wp-admin/includes/plugin.php(2387): include_once()\n#1 /wordpress/wp-admin/includes/plugin.php(673): plugin_sandbox_scrape('auto-rss-feed-s...')\n#2 /internal/eval.php(20): activate_plugin('auto-rss-feed-s...')\n#3 {main}\n  thrown in /wordpress/wp-content/plugins/auto-rss-feed-scroller-widget/rss-scroller.php on line 218\n\n    at Object.onBind (file:///home/runner/work/playground-tester/playground-tester/node_modules/@wp-playground/cli/index.js:237:15)\n    at process.processTicksAndRejections (node:internal/process/task_queues:105:5)\n    at async V (file:///home/runner/work/playground-tester/playground-tester/node_modules/@wp-playground/cli/index.js:64:10)\n    at async ja (file:///home/runner/work/playground-tester/playground-tester/node_modules/@wp-playground/cli/cli.js:8161:12) {\n  [cause]: Error: Error when executing the blueprint step #1 ({\"step\":\"installPlugin\",\"pluginData\":{\"resource\":\"wordpress.org/plugins\",\"slug\":\"automated-dropshipping-for-woocommerce\"},\"options\":{\"activate\":true}}) : Plugin /wordpress/wp-content/plugins/automated-dropshipping-for-woocommerce could not be activated – WordPress exited with no error. Sometimes, when $_SERVER or site options are not configured correctly, WordPress exits early with a 301 redirect. Inspect the \"debug\" logs in the console for more details.\n      at Object.run (file:///home/runner/work/playground-tester/playground-tester/node_modules/@wp-playground/blueprints/index.js:12449:19)\n      at process.processTicksAndRejections (node:internal/process/task_queues:105:5)\n      at async ms (file:///home/runner/work/playground-tester/playground-tester/node_modules/@wp-playground/blueprints/index.js:12552:3)\n      ... 2 lines matching cause stack trace ...\n      at async ja (file:///home/runner/work/playground-tester/playground-tester/node_modules/@wp-playground/cli/cli.js:8161:12) {\n    [cause]: Error: Plugin /wordpress/wp-content/plugins/automated-dropshipping-for-woocommerce could not be activated – WordPress exited with no error. Sometimes, when $_SERVER or site options are not configured correctly, WordPress exits early with a 301 redirect. Inspect the \"debug\" logs in the console for more details.\n        at wr (file:///home/runner/work/playground-tester/playground-tester/node_modules/@wp-playground/blueprints/index.js:119:51)\n        at process.processTicksAndRejections (node:internal/process/task_queues:105:5)\n        at async Object.gt [as installPlugin] (file:///home/runner/work/playground-tester/playground-tester/node_modules/@wp-playground/blueprints/index.js:974:42)\n        at async g (file:///home/runner/work/playground-tester/playground-tester/node_modules/@wp-playground/blueprints/index.js:12517:30)\n        at async Object.run (file:///home/runner/work/playground-tester/playground-tester/node_modules/@wp-playground/blueprints/index.js:12446:23)\n        at async ms (file:///home/runner/work/playground-tester/playground-tester/node_modules/@wp-playground/blueprints/index.js:12552:3)\n        at async Object.onBind (file:///home/runner/work/playground-tester/playground-tester/node_modules/@wp-playground/cli/index.js:227:48)\n        at async V (file:///home/runner/work/playground-tester/playground-tester/node_modules/@wp-playground/cli/index.js:64:10)\n        at async ja (file:///home/runner/work/playground-tester/playground-tester/node_modules/@wp-playground/cli/cli.js:8161:12)\n  }\n}\n\n","log":"/logs/plugins/a/automated-dropshipping-for-woocommerce/error.json"}
]
