file:///home/runner/work/playground-tester/playground-tester/node_modules/@wp-playground/cli/index.js:237
        throw new Error(y, { cause: u });
              ^

Error: [28-Apr-2025 01:55:23 UTC] PHP Deprecated:  Function register_sidebar_widget is <strong>deprecated</strong> since version 2.8.0! Use wp_register_sidebar_widget() instead. in /wordpress/wp-includes/functions.php on line 6121
[28-Apr-2025 01:55:23 UTC] PHP Deprecated:  Function register_widget_control is <strong>deprecated</strong> since version 2.8.0! Use wp_register_widget_control() instead. in /wordpress/wp-includes/functions.php on line 6121
[28-Apr-2025 01:55:31 UTC] PHP Deprecated:  Function register_sidebar_widget is <strong>deprecated</strong> since version 2.8.0! Use wp_register_sidebar_widget() instead. in /wordpress/wp-includes/functions.php on line 6121
[28-Apr-2025 01:55:31 UTC] PHP Deprecated:  Function register_widget_control is <strong>deprecated</strong> since version 2.8.0! Use wp_register_widget_control() instead. in /wordpress/wp-includes/functions.php on line 6121
[28-Apr-2025 01:55:40 UTC] PHP Deprecated:  Function register_sidebar_widget is <strong>deprecated</strong> since version 2.8.0! Use wp_register_sidebar_widget() instead. in /wordpress/wp-includes/functions.php on line 6121
[28-Apr-2025 01:55:40 UTC] PHP Deprecated:  Function register_widget_control is <strong>deprecated</strong> since version 2.8.0! Use wp_register_widget_control() instead. in /wordpress/wp-includes/functions.php on line 6121
[28-Apr-2025 01:55:50 UTC] PHP Notice:  Function _load_textdomain_just_in_time was called <strong>incorrectly</strong>. Translation loading for the <code>wc-captcha</code> domain was triggered too early. This is usually an indicator for some code in the plugin or theme running too early. Translations should be loaded at the <code>init</code> action or later. Please see <a href="https://developer.wordpress.org/advanced-administration/debug/debug-wordpress/">Debugging in WordPress</a> for more information. (This message was added in version 6.7.0.) in /wordpress/wp-includes/functions.php on line 6121
[28-Apr-2025 01:55:58 UTC] PHP Notice:  Function _load_textdomain_just_in_time was called <strong>incorrectly</strong>. Translation loading for the <code>wc-captcha</code> domain was triggered too early. This is usually an indicator for some code in the plugin or theme running too early. Translations should be loaded at the <code>init</code> action or later. Please see <a href="https://developer.wordpress.org/advanced-administration/debug/debug-wordpress/">Debugging in WordPress</a> for more information. (This message was added in version 6.7.0.) in /wordpress/wp-includes/functions.php on line 6121
[28-Apr-2025 01:56:07 UTC] PHP Notice:  Function _load_textdomain_just_in_time was called <strong>incorrectly</strong>. Translation loading for the <code>wc-captcha</code> domain was triggered too early. This is usually an indicator for some code in the plugin or theme running too early. Translations should be loaded at the <code>init</code> action or later. Please see <a href="https://developer.wordpress.org/advanced-administration/debug/debug-wordpress/">Debugging in WordPress</a> for more information. (This message was added in version 6.7.0.) in /wordpress/wp-includes/functions.php on line 6121
[28-Apr-2025 01:57:20 UTC] PHP Deprecated:  Required parameter $count follows optional parameter $defaultFont in /wordpress/wp-content/plugins/webfontswordpressxmlwitheditor/webfonts.php on line 532
[28-Apr-2025 01:57:21 UTC] WordPress database error <div style="clear:both">&nbsp;</div>
<div class="queries" style="clear:both;margin-bottom:2px;border:red dotted thin;">
<p>MySQL query:</p>
<p>SELECT project_key,project_page_option,project_options,project_pages,project_day,wysiwyg_enabled,editor_select,show_system_fonts,wfs_configure_id FROM wp_wfs_configure WHERE `is_active` ='1' and `user_id` = 0 ORDER BY `updated_date` desc</p>
<p>Queries made or created this session were:</p>
<ol>
<li>Executing: BEGIN | (no parameters)</li>
<li>Executing: SELECT `project_key` , `project_page_option` , `project_options` , `project_pages` , `project_day` , `wysiwyg_enabled` , `editor_select` , `show_system_fonts` , `wfs_configure_id` FROM `wp_wfs_configure` WHERE `is_active` = '1' and `user_id` = 0 ORDER BY `updated_date` desc | (no parameters)</li>
<li>Executing: ROLLBACK | (no parameters)</li>
</ol>
</div>
<div style="clear:both;margin-bottom:2px;border:red dotted thin;" class="error_message" style="border-bottom:dotted blue thin;">
SQLSTATE[HY000]: General error: 1 no such table: wp_wfs_configure
</div>
<p>Backtrace:</p>
<pre>#0 /internal/shared/sqlite-database-integration/wp-includes/sqlite-ast/class-wp-sqlite-driver.php(690): WP_SQLite_Driver->new_driver_exception('SQLSTATE[HY000]...', 0, Object(PDOException))
#1 /internal/shared/sqlite-database-integration/wp-includes/sqlite/class-wp-sqlite-db.php(472): WP_SQLite_Driver->query('SELECT project_...')
#2 /internal/shared/sqlite-database-integration/wp-includes/sqlite/class-wp-sqlite-db.php(413): WP_SQLite_DB->_do_query('SELECT project_...')
#3 /wordpress/wp-includes/class-wpdb.php(3146): WP_SQLite_DB->query('SELECT project_...')
#4 /wordpress/wp-content/plugins/webfontswordpressxmlwitheditor/webfonts.php(1019): wpdb->get_results('SELECT project_...')
#5 /wordpress/wp-content/plugins/webfontswordpressxmlwitheditor/webfonts.php(1091): wfs_get_key()
#6 /wordpress/wp-admin/includes/plugin.php(2387): include_once('/wordpress/wp-c...')
#7 /wordpress/wp-admin/includes/plugin.php(673): plugin_sandbox_scrape('webfontswordpre...')
#8 /internal/eval.php(20): activate_plugin('webfontswordpre...')
#9 {main}</pre>
 for query SELECT project_key,project_page_option,project_options,project_pages,project_day,wysiwyg_enabled,editor_select,show_system_fonts,wfs_configure_id FROM wp_wfs_configure WHERE `is_active` ='1' and `user_id` = 0 ORDER BY `updated_date` desc made by activate_plugin, plugin_sandbox_scrape, include_once('/plugins/webfontswordpressxmlwitheditor/webfonts.php'), wfs_get_key, WP_SQLite_DB->query, WP_SQLite_DB->print_error
[28-Apr-2025 01:57:21 UTC] PHP Warning:  Undefined array key 0 in /wordpress/wp-content/plugins/webfontswordpressxmlwitheditor/webfonts.php on line 1095
[28-Apr-2025 01:57:21 UTC] PHP Warning:  Undefined array key 4 in /wordpress/wp-content/plugins/webfontswordpressxmlwitheditor/webfonts.php on line 1096
[28-Apr-2025 01:57:21 UTC] PHP Warning:  Undefined array key "page" in /wordpress/wp-content/plugins/webfontswordpressxmlwitheditor/webfonts.php on line 1096
[28-Apr-2025 01:57:21 UTC] PHP Warning:  Undefined array key 4 in /wordpress/wp-content/plugins/webfontswordpressxmlwitheditor/webfonts.php on line 1205
[28-Apr-2025 01:57:21 UTC] PHP Warning:  Undefined array key "page" in /wordpress/wp-content/plugins/webfontswordpressxmlwitheditor/webfonts.php on line 1205
[28-Apr-2025 01:57:21 UTC] PHP Deprecated:  File upgrade-functions.php is <strong>deprecated</strong> since version 2.5.0! Use wp-admin/includes/upgrade.php instead. in /wordpress/wp-includes/functions.php on line 6121
[28-Apr-2025 01:57:22 UTC] PHP Deprecated:  Required parameter $count follows optional parameter $defaultFont in /wordpress/wp-content/plugins/webfontswordpressxmlwitheditor/webfonts.php on line 532
[28-Apr-2025 01:57:22 UTC] PHP Warning:  Undefined array key 0 in /wordpress/wp-content/plugins/webfontswordpressxmlwitheditor/webfonts.php on line 1095
[28-Apr-2025 01:57:22 UTC] PHP Warning:  Undefined array key 4 in /wordpress/wp-content/plugins/webfontswordpressxmlwitheditor/webfonts.php on line 1096
[28-Apr-2025 01:57:22 UTC] PHP Warning:  Undefined array key "page" in /wordpress/wp-content/plugins/webfontswordpressxmlwitheditor/webfonts.php on line 1096
[28-Apr-2025 01:57:22 UTC] PHP Warning:  Undefined array key 4 in /wordpress/wp-content/plugins/webfontswordpressxmlwitheditor/webfonts.php on line 1205
[28-Apr-2025 01:57:22 UTC] PHP Warning:  Undefined array key "page" in /wordpress/wp-content/plugins/webfontswordpressxmlwitheditor/webfonts.php on line 1205
[28-Apr-2025 01:57:32 UTC] PHP Deprecated:  Required parameter $count follows optional parameter $defaultFont in /wordpress/wp-content/plugins/webfontswordpressxmlwitheditor/webfonts.php on line 532
[28-Apr-2025 01:57:33 UTC] WordPress database error <div style="clear:both">&nbsp;</div>
<div class="queries" style="clear:both;margin-bottom:2px;border:red dotted thin;">
<p>MySQL query:</p>
<p>SELECT project_key,project_page_option,project_options,project_pages,project_day,wysiwyg_enabled,editor_select,show_system_fonts,wfs_configure_id FROM wp_wfs_configure WHERE `is_active` ='1' and `user_id` = 0 ORDER BY `updated_date` desc</p>
<p>Queries made or created this session were:</p>
<ol>
<li>Executing: BEGIN | (no parameters)</li>
<li>Executing: SELECT project_key,project_page_option,project_options,project_pages,project_day,wysiwyg_enabled,editor_select,show_system_fonts,wfs_configure_id FROM wp_wfs_configure WHERE `is_active` =:param0  and `user_id` = 0 ORDER BY `updated_date` desc | parameters: 1</li>
<li>Executing: ROLLBACK | (no parameters)</li>
</ol>
</div>
<div style="clear:both;margin-bottom:2px;border:red dotted thin;" class="error_message" style="border-bottom:dotted blue thin;">
Error occurred at line 4117 in Function <code>handle_error</code>. Error message was: SQLSTATE[HY000]: General error: 1 no such table: wp_wfs_configure.
</div>
<p>Backtrace:</p>
<pre>#0 /internal/shared/sqlite-database-integration/wp-includes/sqlite/class-wp-sqlite-db.php(287): WP_SQLite_Translator->get_error_message()
#1 /wordpress/wp-includes/class-wpdb.php(3146): WP_SQLite_DB->query('SELECT project_...')
#2 /wordpress/wp-content/plugins/webfontswordpressxmlwitheditor/webfonts.php(1019): wpdb->get_results('SELECT project_...')
#3 /wordpress/wp-content/plugins/webfontswordpressxmlwitheditor/webfonts.php(1091): wfs_get_key()
#4 /wordpress/wp-admin/includes/plugin.php(2387): include_once('/wordpress/wp-c...')
#5 /wordpress/wp-admin/includes/plugin.php(673): plugin_sandbox_scrape('webfontswordpre...')
#6 /internal/eval.php(20): activate_plugin('webfontswordpre...')
#7 {main}</pre>
 for query SELECT project_key,project_page_option,project_options,project_pages,project_day,wysiwyg_enabled,editor_select,show_system_fonts,wfs_configure_id FROM wp_wfs_configure WHERE `is_active` ='1' and `user_id` = 0 ORDER BY `updated_date` desc made by activate_plugin, plugin_sandbox_scrape, include_once('/plugins/webfontswordpressxmlwitheditor/webfonts.php'), wfs_get_key, WP_SQLite_DB->query, WP_SQLite_DB->print_error
[28-Apr-2025 01:57:33 UTC] PHP Warning:  Undefined array key 0 in /wordpress/wp-content/plugins/webfontswordpressxmlwitheditor/webfonts.php on line 1095
[28-Apr-2025 01:57:33 UTC] PHP Warning:  Undefined array key 4 in /wordpress/wp-content/plugins/webfontswordpressxmlwitheditor/webfonts.php on line 1096
[28-Apr-2025 01:57:33 UTC] PHP Warning:  Undefined array key "page" in /wordpress/wp-content/plugins/webfontswordpressxmlwitheditor/webfonts.php on line 1096
[28-Apr-2025 01:57:33 UTC] PHP Warning:  Undefined array key 4 in /wordpress/wp-content/plugins/webfontswordpressxmlwitheditor/webfonts.php on line 1205
[28-Apr-2025 01:57:33 UTC] PHP Warning:  Undefined array key "page" in /wordpress/wp-content/plugins/webfontswordpressxmlwitheditor/webfonts.php on line 1205
[28-Apr-2025 01:57:33 UTC] PHP Deprecated:  File upgrade-functions.php is <strong>deprecated</strong> since version 2.5.0! Use wp-admin/includes/upgrade.php instead. in /wordpress/wp-includes/functions.php on line 6121
[28-Apr-2025 01:57:34 UTC] PHP Deprecated:  Required parameter $count follows optional parameter $defaultFont in /wordpress/wp-content/plugins/webfontswordpressxmlwitheditor/webfonts.php on line 532
[28-Apr-2025 01:57:34 UTC] PHP Warning:  Undefined array key 0 in /wordpress/wp-content/plugins/webfontswordpressxmlwitheditor/webfonts.php on line 1095
[28-Apr-2025 01:57:34 UTC] PHP Warning:  Undefined array key 4 in /wordpress/wp-content/plugins/webfontswordpressxmlwitheditor/webfonts.php on line 1096
[28-Apr-2025 01:57:34 UTC] PHP Warning:  Undefined array key "page" in /wordpress/wp-content/plugins/webfontswordpressxmlwitheditor/webfonts.php on line 1096
[28-Apr-2025 01:57:34 UTC] PHP Warning:  Undefined array key 4 in /wordpress/wp-content/plugins/webfontswordpressxmlwitheditor/webfonts.php on line 1205
[28-Apr-2025 01:57:34 UTC] PHP Warning:  Undefined array key "page" in /wordpress/wp-content/plugins/webfontswordpressxmlwitheditor/webfonts.php on line 1205
[28-Apr-2025 01:57:44 UTC] PHP Deprecated:  Required parameter $count follows optional parameter $defaultFont in /wordpress/wp-content/plugins/webfontswordpressxmlwitheditor/webfonts.php on line 532
[28-Apr-2025 01:57:44 UTC] WordPress database error <div style="clear:both">&nbsp;</div>
<div class="queries" style="clear:both;margin-bottom:2px;border:red dotted thin;">
<p>MySQL query:</p>
<p>SELECT project_key,project_page_option,project_options,project_pages,project_day,wysiwyg_enabled,editor_select,show_system_fonts,wfs_configure_id FROM wp_wfs_configure WHERE `is_active` ='1' and `user_id` = 0 ORDER BY `updated_date` desc</p>
<p>Queries made or created this session were:</p>
<ol>
<li>Executing: BEGIN | (no parameters)</li>
<li>Executing: SELECT project_key,project_page_option,project_options,project_pages,project_day,wysiwyg_enabled,editor_select,show_system_fonts,wfs_configure_id FROM wp_wfs_configure WHERE `is_active` =:param0  and `user_id` = 0 ORDER BY `updated_date` desc | parameters: 1</li>
<li>Executing: ROLLBACK | (no parameters)</li>
</ol>
</div>
<div style="clear:both;margin-bottom:2px;border:red dotted thin;" class="error_message" style="border-bottom:dotted blue thin;">
Error occurred at line 4117 in Function <code>handle_error</code>. Error message was: SQLSTATE[HY000]: General error: 1 no such table: wp_wfs_configure.
</div>
<p>Backtrace:</p>
<pre>#0 /internal/shared/sqlite-database-integration/wp-includes/sqlite/class-wp-sqlite-db.php(287): WP_SQLite_Translator->get_error_message()
#1 /wordpress/wp-includes/class-wpdb.php(3146): WP_SQLite_DB->query('SELECT project_...')
#2 /wordpress/wp-content/plugins/webfontswordpressxmlwitheditor/webfonts.php(1019): wpdb->get_results('SELECT project_...')
#3 /wordpress/wp-content/plugins/webfontswordpressxmlwitheditor/webfonts.php(1091): wfs_get_key()
#4 /wordpress/wp-admin/includes/plugin.php(2387): include_once('/wordpress/wp-c...')
#5 /wordpress/wp-admin/includes/plugin.php(673): plugin_sandbox_scrape('webfontswordpre...')
#6 /internal/eval.php(20): activate_plugin('webfontswordpre...')
#7 {main}</pre>
 for query SELECT project_key,project_page_option,project_options,project_pages,project_day,wysiwyg_enabled,editor_select,show_system_fonts,wfs_configure_id FROM wp_wfs_configure WHERE `is_active` ='1' and `user_id` = 0 ORDER BY `updated_date` desc made by activate_plugin, plugin_sandbox_scrape, include_once('/plugins/webfontswordpressxmlwitheditor/webfonts.php'), wfs_get_key, WP_SQLite_DB->query, WP_SQLite_DB->print_error
[28-Apr-2025 01:57:44 UTC] PHP Warning:  Undefined array key 0 in /wordpress/wp-content/plugins/webfontswordpressxmlwitheditor/webfonts.php on line 1095
[28-Apr-2025 01:57:44 UTC] PHP Warning:  Undefined array key 4 in /wordpress/wp-content/plugins/webfontswordpressxmlwitheditor/webfonts.php on line 1096
[28-Apr-2025 01:57:44 UTC] PHP Warning:  Undefined array key "page" in /wordpress/wp-content/plugins/webfontswordpressxmlwitheditor/webfonts.php on line 1096
[28-Apr-2025 01:57:44 UTC] PHP Warning:  Undefined array key 4 in /wordpress/wp-content/plugins/webfontswordpressxmlwitheditor/webfonts.php on line 1205
[28-Apr-2025 01:57:44 UTC] PHP Warning:  Undefined array key "page" in /wordpress/wp-content/plugins/webfontswordpressxmlwitheditor/webfonts.php on line 1205
[28-Apr-2025 01:57:44 UTC] PHP Deprecated:  File upgrade-functions.php is <strong>deprecated</strong> since version 2.5.0! Use wp-admin/includes/upgrade.php instead. in /wordpress/wp-includes/functions.php on line 6121
[28-Apr-2025 01:57:45 UTC] PHP Deprecated:  Required parameter $count follows optional parameter $defaultFont in /wordpress/wp-content/plugins/webfontswordpressxmlwitheditor/webfonts.php on line 532
[28-Apr-2025 01:57:45 UTC] PHP Warning:  Undefined array key 0 in /wordpress/wp-content/plugins/webfontswordpressxmlwitheditor/webfonts.php on line 1095
[28-Apr-2025 01:57:45 UTC] PHP Warning:  Undefined array key 4 in /wordpress/wp-content/plugins/webfontswordpressxmlwitheditor/webfonts.php on line 1096
[28-Apr-2025 01:57:45 UTC] PHP Warning:  Undefined array key "page" in /wordpress/wp-content/plugins/webfontswordpressxmlwitheditor/webfonts.php on line 1096
[28-Apr-2025 01:57:45 UTC] PHP Warning:  Undefined array key 4 in /wordpress/wp-content/plugins/webfontswordpressxmlwitheditor/webfonts.php on line 1205
[28-Apr-2025 01:57:45 UTC] PHP Warning:  Undefined array key "page" in /wordpress/wp-content/plugins/webfontswordpressxmlwitheditor/webfonts.php on line 1205
[28-Apr-2025 01:58:22 UTC] PHP Fatal error:  Uncaught Error: Call to undefined function create_function() in /wordpress/wp-content/plugins/widgets-of-posts-by-same-categories/widgets-of-posts-by-same-categories.php:127
Stack trace:
#0 /wordpress/wp-admin/includes/plugin.php(2387): include_once()
#1 /wordpress/wp-admin/includes/plugin.php(673): plugin_sandbox_scrape('widgets-of-post...')
#2 /internal/eval.php(20): activate_plugin('widgets-of-post...')
#3 {main}
  thrown in /wordpress/wp-content/plugins/widgets-of-posts-by-same-categories/widgets-of-posts-by-same-categories.php on line 127
[28-Apr-2025 01:58:28 UTC] PHP Fatal error:  Uncaught Error: Call to undefined function create_function() in /wordpress/wp-content/plugins/widgets-of-posts-by-same-categories/widgets-of-posts-by-same-categories.php:127
Stack trace:
#0 /wordpress/wp-admin/includes/plugin.php(2387): include_once()
#1 /wordpress/wp-admin/includes/plugin.php(673): plugin_sandbox_scrape('widgets-of-post...')
#2 /internal/eval.php(20): activate_plugin('widgets-of-post...')
#3 {main}
  thrown in /wordpress/wp-content/plugins/widgets-of-posts-by-same-categories/widgets-of-posts-by-same-categories.php on line 127
[28-Apr-2025 01:58:37 UTC] PHP Fatal error:  Uncaught Error: Call to undefined function create_function() in /wordpress/wp-content/plugins/widgets-of-posts-by-same-categories/widgets-of-posts-by-same-categories.php:127
Stack trace:
#0 /wordpress/wp-admin/includes/plugin.php(2387): include_once()
#1 /wordpress/wp-admin/includes/plugin.php(673): plugin_sandbox_scrape('widgets-of-post...')
#2 /internal/eval.php(20): activate_plugin('widgets-of-post...')
#3 {main}
  thrown in /wordpress/wp-content/plugins/widgets-of-posts-by-same-categories/widgets-of-posts-by-same-categories.php on line 127
[28-Apr-2025 02:01:00 UTC] PHP Warning:  Trying to access array offset on value of type bool in /wordpress/wp-content/plugins/wpcalc-modal-form/includes/wpcalc-modal-form.php on line 80
[28-Apr-2025 02:01:00 UTC] PHP Warning:  Trying to access array offset on value of type bool in /wordpress/wp-content/plugins/wpcalc-modal-form/includes/wpcalc-modal-form.php on line 84
[28-Apr-2025 02:01:00 UTC] PHP Warning:  Trying to access array offset on value of type bool in /wordpress/wp-content/plugins/wpcalc-modal-form/includes/wpcalc-modal-form.php on line 89
[28-Apr-2025 02:01:01 UTC] PHP Warning:  Undefined array key "modal_open" in /wordpress/wp-content/plugins/wpcalc-modal-form/includes/wpcalc-modal-form.php on line 80
[28-Apr-2025 02:01:08 UTC] PHP Warning:  Trying to access array offset on value of type bool in /wordpress/wp-content/plugins/wpcalc-modal-form/includes/wpcalc-modal-form.php on line 80
[28-Apr-2025 02:01:08 UTC] PHP Warning:  Trying to access array offset on value of type bool in /wordpress/wp-content/plugins/wpcalc-modal-form/includes/wpcalc-modal-form.php on line 84
[28-Apr-2025 02:01:08 UTC] PHP Warning:  Trying to access array offset on value of type bool in /wordpress/wp-content/plugins/wpcalc-modal-form/includes/wpcalc-modal-form.php on line 89
[28-Apr-2025 02:01:09 UTC] PHP Warning:  Undefined array key "modal_open" in /wordpress/wp-content/plugins/wpcalc-modal-form/includes/wpcalc-modal-form.php on line 80
[28-Apr-2025 02:01:16 UTC] PHP Warning:  Trying to access array offset on value of type bool in /wordpress/wp-content/plugins/wpcalc-modal-form/includes/wpcalc-modal-form.php on line 80
[28-Apr-2025 02:01:16 UTC] PHP Warning:  Trying to access array offset on value of type bool in /wordpress/wp-content/plugins/wpcalc-modal-form/includes/wpcalc-modal-form.php on line 84
[28-Apr-2025 02:01:16 UTC] PHP Warning:  Trying to access array offset on value of type bool in /wordpress/wp-content/plugins/wpcalc-modal-form/includes/wpcalc-modal-form.php on line 89
[28-Apr-2025 02:01:17 UTC] PHP Warning:  Undefined array key "modal_open" in /wordpress/wp-content/plugins/wpcalc-modal-form/includes/wpcalc-modal-form.php on line 80
[28-Apr-2025 02:01:34 UTC] PHP Deprecated:  Required parameter $gedcom follows optional parameter $gen in /wordpress/wp-content/plugins/wpgenealogy/public/Traits/Relationship.php on line 33
[28-Apr-2025 02:01:35 UTC] PHP Fatal error:  Uncaught PDOException: SQLSTATE[HY000] [2002] Address family not supported by protocol in /wordpress/wp-content/plugins/wpgenealogy/vendor/doctrine/dbal/lib/Doctrine/DBAL/Driver/PDOConnection.php:38
Stack trace:
#0 /wordpress/wp-content/plugins/wpgenealogy/vendor/doctrine/dbal/lib/Doctrine/DBAL/Driver/PDOConnection.php(38): PDO->__construct('mysql:host=loca...', 'username_here', 'password_here', Array)
#1 /wordpress/wp-content/plugins/wpgenealogy/vendor/illuminate/database/Connectors/Connector.php(67): Doctrine\DBAL\Driver\PDOConnection->__construct('mysql:host=loca...', 'username_here', 'password_here', Array)
#2 /wordpress/wp-content/plugins/wpgenealogy/vendor/illuminate/database/Connectors/Connector.php(46): Illuminate\Database\Connectors\Connector->createPdoConnection('mysql:host=loca...', 'username_here', 'password_here', Array)
#3 /wordpress/wp-content/plugins/wpgenealogy/vendor/illuminate/database/Connectors/MySqlConnector.php(24): Illuminate\Database\Connectors\Connector->createConnection('mysql:host=loca...', Array, Array)
#4 /wordpress/wp-content/plugins/wpgenealogy/vendor/illuminate/database/Connectors/ConnectionFactory.php(182): Illuminate\Database\Connectors\MySqlConnector->connect(Array)
#5 [internal function]: Illuminate\Database\Connectors\ConnectionFactory->Illuminate\Database\Connectors\{closure}()
#6 /wordpress/wp-content/plugins/wpgenealogy/vendor/illuminate/database/Connection.php(924): call_user_func(Object(Closure))
#7 /wordpress/wp-content/plugins/wpgenealogy/vendor/illuminate/database/Connection.php(457): Illuminate\Database\Connection->getPdo()
#8 /wordpress/wp-content/plugins/wpgenealogy/vendor/illuminate/database/Connection.php(662): Illuminate\Database\Connection->Illuminate\Database\{closure}('SET FOREIGN_KEY...', Array)
#9 /wordpress/wp-content/plugins/wpgenealogy/vendor/illuminate/database/Connection.php(629): Illuminate\Database\Connection->runQueryCallback('SET FOREIGN_KEY...', Array, Object(Closure))
#10 /wordpress/wp-content/plugins/wpgenealogy/vendor/illuminate/database/Connection.php(464): Illuminate\Database\Connection->run('SET FOREIGN_KEY...', Array, Object(Closure))
#11 /wordpress/wp-content/plugins/wpgenealogy/vendor/illuminate/database/Schema/Builder.php(266): Illuminate\Database\Connection->statement('SET FOREIGN_KEY...')
#12 /wordpress/wp-content/plugins/wpgenealogy/includes/class-wpgenealogy-activator.php(627): Illuminate\Database\Schema\Builder->enableForeignKeyConstraints()
#13 /wordpress/wp-content/plugins/wpgenealogy/includes/class-wpgenealogy-activator.php(43): WPGenealogy\WPGenealogy_Activator::create_tables()
#14 /wordpress/wp-content/plugins/wpgenealogy/wpgenealogy.php(90): WPGenealogy\WPGenealogy_Activator::activate()
#15 /wordpress/wp-includes/class-wp-hook.php(324): wpgenealogy_activate(false)
#16 /wordpress/wp-includes/class-wp-hook.php(348): WP_Hook->apply_filters(NULL, Array)
#17 /wordpress/wp-includes/plugin.php(517): WP_Hook->do_action(Array)
#18 /wordpress/wp-admin/includes/plugin.php(703): do_action('activate_wpgene...', false)
#19 /internal/eval.php(20): activate_plugin('wpgenealogy/wpg...')
#20 {main}

Next Doctrine\DBAL\Driver\PDO\Exception: SQLSTATE[HY000] [2002] Address family not supported by protocol in /wordpress/wp-content/plugins/wpgenealogy/vendor/doctrine/dbal/lib/Doctrine/DBAL/Driver/PDO/Exception.php:18
Stack trace:
#0 /wordpress/wp-content/plugins/wpgenealogy/vendor/doctrine/dbal/lib/Doctrine/DBAL/Driver/PDOConnection.php(42): Doctrine\DBAL\Driver\PDO\Exception::new(Object(PDOException))
#1 /wordpress/wp-content/plugins/wpgenealogy/vendor/illuminate/database/Connectors/Connector.php(67): Doctrine\DBAL\Driver\PDOConnection->__construct('mysql:host=loca...', 'username_here', 'password_here', Array)
#2 /wordpress/wp-content/plugins/wpgenealogy/vendor/illuminate/database/Connectors/Connector.php(46): Illuminate\Database\Connectors\Connector->createPdoConnection('mysql:host=loca...', 'username_here', 'password_here', Array)
#3 /wordpress/wp-content/plugins/wpgenealogy/vendor/illuminate/database/Connectors/MySqlConnector.php(24): Illuminate\Database\Connectors\Connector->createConnection('mysql:host=loca...', Array, Array)
#4 /wordpress/wp-content/plugins/wpgenealogy/vendor/illuminate/database/Connectors/ConnectionFactory.php(182): Illuminate\Database\Connectors\MySqlConnector->connect(Array)
#5 [internal function]: Illuminate\Database\Connectors\ConnectionFactory->Illuminate\Database\Connectors\{closure}()
#6 /wordpress/wp-content/plugins/wpgenealogy/vendor/illuminate/database/Connection.php(924): call_user_func(Object(Closure))
#7 /wordpress/wp-content/plugins/wpgenealogy/vendor/illuminate/database/Connection.php(457): Illuminate\Database\Connection->getPdo()
#8 /wordpress/wp-content/plugins/wpgenealogy/vendor/illuminate/database/Connection.php(662): Illuminate\Database\Connection->Illuminate\Database\{closure}('SET FOREIGN_KEY...', Array)
#9 /wordpress/wp-content/plugins/wpgenealogy/vendor/illuminate/database/Connection.php(629): Illuminate\Database\Connection->runQueryCallback('SET FOREIGN_KEY...', Array, Object(Closure))
#10 /wordpress/wp-content/plugins/wpgenealogy/vendor/illuminate/database/Connection.php(464): Illuminate\Database\Connection->run('SET FOREIGN_KEY...', Array, Object(Closure))
#11 /wordpress/wp-content/plugins/wpgenealogy/vendor/illuminate/database/Schema/Builder.php(266): Illuminate\Database\Connection->statement('SET FOREIGN_KEY...')
#12 /wordpress/wp-content/plugins/wpgenealogy/includes/class-wpgenealogy-activator.php(627): Illuminate\Database\Schema\Builder->enableForeignKeyConstraints()
#13 /wordpress/wp-content/plugins/wpgenealogy/includes/class-wpgenealogy-activator.php(43): WPGenealogy\WPGenealogy_Activator::create_tables()
#14 /wordpress/wp-content/plugins/wpgenealogy/wpgenealogy.php(90): WPGenealogy\WPGenealogy_Activator::activate()
#15 /wordpress/wp-includes/class-wp-hook.php(324): wpgenealogy_activate(false)
#16 /wordpress/wp-includes/class-wp-hook.php(348): WP_Hook->apply_filters(NULL, Array)
#17 /wordpress/wp-includes/plugin.php(517): WP_Hook->do_action(Array)
#18 /wordpress/wp-admin/includes/plugin.php(703): do_action('activate_wpgene...', false)
#19 /internal/eval.php(20): activate_plugin('wpgenealogy/wpg...')
#20 {main}

Next Illuminate\Database\QueryException: SQLSTATE[HY000] [2002] Address family not supported by protocol (SQL: SET FOREIGN_KEY_CHECKS=1;) in /wordpress/wp-content/plugins/wpgenealogy/vendor/illuminate/database/Connection.php:669
Stack trace:
#0 /wordpress/wp-content/plugins/wpgenealogy/vendor/illuminate/database/Connection.php(629): Illuminate\Database\Connection->runQueryCallback('SET FOREIGN_KEY...', Array, Object(Closure))
#1 /wordpress/wp-content/plugins/wpgenealogy/vendor/illuminate/database/Connection.php(464): Illuminate\Database\Connection->run('SET FOREIGN_KEY...', Array, Object(Closure))
#2 /wordpress/wp-content/plugins/wpgenealogy/vendor/illuminate/database/Schema/Builder.php(266): Illuminate\Database\Connection->statement('SET FOREIGN_KEY...')
#3 /wordpress/wp-content/plugins/wpgenealogy/includes/class-wpgenealogy-activator.php(627): Illuminate\Database\Schema\Builder->enableForeignKeyConstraints()
#4 /wordpress/wp-content/plugins/wpgenealogy/includes/class-wpgenealogy-activator.php(43): WPGenealogy\WPGenealogy_Activator::create_tables()
#5 /wordpress/wp-content/plugins/wpgenealogy/wpgenealogy.php(90): WPGenealogy\WPGenealogy_Activator::activate()
#6 /wordpress/wp-includes/class-wp-hook.php(324): wpgenealogy_activate(false)
#7 /wordpress/wp-includes/class-wp-hook.php(348): WP_Hook->apply_filters(NULL, Array)
#8 /wordpress/wp-includes/plugin.php(517): WP_Hook->do_action(Array)
#9 /wordpress/wp-admin/includes/plugin.php(703): do_action('activate_wpgene...', false)
#10 /internal/eval.php(20): activate_plugin('wpgenealogy/wpg...')
#11 {main}
  thrown in /wordpress/wp-content/plugins/wpgenealogy/vendor/illuminate/database/Connection.php on line 669
[28-Apr-2025 02:01:52 UTC] PHP Deprecated:  Required parameter $gedcom follows optional parameter $gen in /wordpress/wp-content/plugins/wpgenealogy/public/Traits/Relationship.php on line 33
[28-Apr-2025 02:01:53 UTC] PHP Fatal error:  Uncaught PDOException: SQLSTATE[HY000] [2002] Address family not supported by protocol in /wordpress/wp-content/plugins/wpgenealogy/vendor/doctrine/dbal/lib/Doctrine/DBAL/Driver/PDOConnection.php:38
Stack trace:
#0 /wordpress/wp-content/plugins/wpgenealogy/vendor/doctrine/dbal/lib/Doctrine/DBAL/Driver/PDOConnection.php(38): PDO->__construct('mysql:host=loca...', 'username_here', 'password_here', Array)
#1 /wordpress/wp-content/plugins/wpgenealogy/vendor/illuminate/database/Connectors/Connector.php(67): Doctrine\DBAL\Driver\PDOConnection->__construct('mysql:host=loca...', 'username_here', 'password_here', Array)
#2 /wordpress/wp-content/plugins/wpgenealogy/vendor/illuminate/database/Connectors/Connector.php(46): Illuminate\Database\Connectors\Connector->createPdoConnection('mysql:host=loca...', 'username_here', 'password_here', Array)
#3 /wordpress/wp-content/plugins/wpgenealogy/vendor/illuminate/database/Connectors/MySqlConnector.php(24): Illuminate\Database\Connectors\Connector->createConnection('mysql:host=loca...', Array, Array)
#4 /wordpress/wp-content/plugins/wpgenealogy/vendor/illuminate/database/Connectors/ConnectionFactory.php(182): Illuminate\Database\Connectors\MySqlConnector->connect(Array)
#5 [internal function]: Illuminate\Database\Connectors\ConnectionFactory->Illuminate\Database\Connectors\{closure}()
#6 /wordpress/wp-content/plugins/wpgenealogy/vendor/illuminate/database/Connection.php(924): call_user_func(Object(Closure))
#7 /wordpress/wp-content/plugins/wpgenealogy/vendor/illuminate/database/Connection.php(457): Illuminate\Database\Connection->getPdo()
#8 /wordpress/wp-content/plugins/wpgenealogy/vendor/illuminate/database/Connection.php(662): Illuminate\Database\Connection->Illuminate\Database\{closure}('SET FOREIGN_KEY...', Array)
#9 /wordpress/wp-content/plugins/wpgenealogy/vendor/illuminate/database/Connection.php(629): Illuminate\Database\Connection->runQueryCallback('SET FOREIGN_KEY...', Array, Object(Closure))
#10 /wordpress/wp-content/plugins/wpgenealogy/vendor/illuminate/database/Connection.php(464): Illuminate\Database\Connection->run('SET FOREIGN_KEY...', Array, Object(Closure))
#11 /wordpress/wp-content/plugins/wpgenealogy/vendor/illuminate/database/Schema/Builder.php(266): Illuminate\Database\Connection->statement('SET FOREIGN_KEY...')
#12 /wordpress/wp-content/plugins/wpgenealogy/includes/class-wpgenealogy-activator.php(627): Illuminate\Database\Schema\Builder->enableForeignKeyConstraints()
#13 /wordpress/wp-content/plugins/wpgenealogy/includes/class-wpgenealogy-activator.php(43): WPGenealogy\WPGenealogy_Activator::create_tables()
#14 /wordpress/wp-content/plugins/wpgenealogy/wpgenealogy.php(90): WPGenealogy\WPGenealogy_Activator::activate()
#15 /wordpress/wp-includes/class-wp-hook.php(324): wpgenealogy_activate(false)
#16 /wordpress/wp-includes/class-wp-hook.php(348): WP_Hook->apply_filters(NULL, Array)
#17 /wordpress/wp-includes/plugin.php(517): WP_Hook->do_action(Array)
#18 /wordpress/wp-admin/includes/plugin.php(703): do_action('activate_wpgene...', false)
#19 /internal/eval.php(20): activate_plugin('wpgenealogy/wpg...')
#20 {main}

Next Doctrine\DBAL\Driver\PDO\Exception: SQLSTATE[HY000] [2002] Address family not supported by protocol in /wordpress/wp-content/plugins/wpgenealogy/vendor/doctrine/dbal/lib/Doctrine/DBAL/Driver/PDO/Exception.php:18
Stack trace:
#0 /wordpress/wp-content/plugins/wpgenealogy/vendor/doctrine/dbal/lib/Doctrine/DBAL/Driver/PDOConnection.php(42): Doctrine\DBAL\Driver\PDO\Exception::new(Object(PDOException))
#1 /wordpress/wp-content/plugins/wpgenealogy/vendor/illuminate/database/Connectors/Connector.php(67): Doctrine\DBAL\Driver\PDOConnection->__construct('mysql:host=loca...', 'username_here', 'password_here', Array)
#2 /wordpress/wp-content/plugins/wpgenealogy/vendor/illuminate/database/Connectors/Connector.php(46): Illuminate\Database\Connectors\Connector->createPdoConnection('mysql:host=loca...', 'username_here', 'password_here', Array)
#3 /wordpress/wp-content/plugins/wpgenealogy/vendor/illuminate/database/Connectors/MySqlConnector.php(24): Illuminate\Database\Connectors\Connector->createConnection('mysql:host=loca...', Array, Array)
#4 /wordpress/wp-content/plugins/wpgenealogy/vendor/illuminate/database/Connectors/ConnectionFactory.php(182): Illuminate\Database\Connectors\MySqlConnector->connect(Array)
#5 [internal function]: Illuminate\Database\Connectors\ConnectionFactory->Illuminate\Database\Connectors\{closure}()
#6 /wordpress/wp-content/plugins/wpgenealogy/vendor/illuminate/database/Connection.php(924): call_user_func(Object(Closure))
#7 /wordpress/wp-content/plugins/wpgenealogy/vendor/illuminate/database/Connection.php(457): Illuminate\Database\Connection->getPdo()
#8 /wordpress/wp-content/plugins/wpgenealogy/vendor/illuminate/database/Connection.php(662): Illuminate\Database\Connection->Illuminate\Database\{closure}('SET FOREIGN_KEY...', Array)
#9 /wordpress/wp-content/plugins/wpgenealogy/vendor/illuminate/database/Connection.php(629): Illuminate\Database\Connection->runQueryCallback('SET FOREIGN_KEY...', Array, Object(Closure))
#10 /wordpress/wp-content/plugins/wpgenealogy/vendor/illuminate/database/Connection.php(464): Illuminate\Database\Connection->run('SET FOREIGN_KEY...', Array, Object(Closure))
#11 /wordpress/wp-content/plugins/wpgenealogy/vendor/illuminate/database/Schema/Builder.php(266): Illuminate\Database\Connection->statement('SET FOREIGN_KEY...')
#12 /wordpress/wp-content/plugins/wpgenealogy/includes/class-wpgenealogy-activator.php(627): Illuminate\Database\Schema\Builder->enableForeignKeyConstraints()
#13 /wordpress/wp-content/plugins/wpgenealogy/includes/class-wpgenealogy-activator.php(43): WPGenealogy\WPGenealogy_Activator::create_tables()
#14 /wordpress/wp-content/plugins/wpgenealogy/wpgenealogy.php(90): WPGenealogy\WPGenealogy_Activator::activate()
#15 /wordpress/wp-includes/class-wp-hook.php(324): wpgenealogy_activate(false)
#16 /wordpress/wp-includes/class-wp-hook.php(348): WP_Hook->apply_filters(NULL, Array)
#17 /wordpress/wp-includes/plugin.php(517): WP_Hook->do_action(Array)
#18 /wordpress/wp-admin/includes/plugin.php(703): do_action('activate_wpgene...', false)
#19 /internal/eval.php(20): activate_plugin('wpgenealogy/wpg...')
#20 {main}

Next Illuminate\Database\QueryException: SQLSTATE[HY000] [2002] Address family not supported by protocol (SQL: SET FOREIGN_KEY_CHECKS=1;) in /wordpress/wp-content/plugins/wpgenealogy/vendor/illuminate/database/Connection.php:669
Stack trace:
#0 /wordpress/wp-content/plugins/wpgenealogy/vendor/illuminate/database/Connection.php(629): Illuminate\Database\Connection->runQueryCallback('SET FOREIGN_KEY...', Array, Object(Closure))
#1 /wordpress/wp-content/plugins/wpgenealogy/vendor/illuminate/database/Connection.php(464): Illuminate\Database\Connection->run('SET FOREIGN_KEY...', Array, Object(Closure))
#2 /wordpress/wp-content/plugins/wpgenealogy/vendor/illuminate/database/Schema/Builder.php(266): Illuminate\Database\Connection->statement('SET FOREIGN_KEY...')
#3 /wordpress/wp-content/plugins/wpgenealogy/includes/class-wpgenealogy-activator.php(627): Illuminate\Database\Schema\Builder->enableForeignKeyConstraints()
#4 /wordpress/wp-content/plugins/wpgenealogy/includes/class-wpgenealogy-activator.php(43): WPGenealogy\WPGenealogy_Activator::create_tables()
#5 /wordpress/wp-content/plugins/wpgenealogy/wpgenealogy.php(90): WPGenealogy\WPGenealogy_Activator::activate()
#6 /wordpress/wp-includes/class-wp-hook.php(324): wpgenealogy_activate(false)
#7 /wordpress/wp-includes/class-wp-hook.php(348): WP_Hook->apply_filters(NULL, Array)
#8 /wordpress/wp-includes/plugin.php(517): WP_Hook->do_action(Array)
#9 /wordpress/wp-admin/includes/plugin.php(703): do_action('activate_wpgene...', false)
#10 /internal/eval.php(20): activate_plugin('wpgenealogy/wpg...')
#11 {main}
  thrown in /wordpress/wp-content/plugins/wpgenealogy/vendor/illuminate/database/Connection.php on line 669
[28-Apr-2025 02:02:11 UTC] PHP Deprecated:  Required parameter $gedcom follows optional parameter $gen in /wordpress/wp-content/plugins/wpgenealogy/public/Traits/Relationship.php on line 33
[28-Apr-2025 02:02:11 UTC] PHP Fatal error:  Uncaught PDOException: SQLSTATE[HY000] [2002] Address family not supported by protocol in /wordpress/wp-content/plugins/wpgenealogy/vendor/doctrine/dbal/lib/Doctrine/DBAL/Driver/PDOConnection.php:38
Stack trace:
#0 /wordpress/wp-content/plugins/wpgenealogy/vendor/doctrine/dbal/lib/Doctrine/DBAL/Driver/PDOConnection.php(38): PDO->__construct('mysql:host=loca...', 'username_here', 'password_here', Array)
#1 /wordpress/wp-content/plugins/wpgenealogy/vendor/illuminate/database/Connectors/Connector.php(67): Doctrine\DBAL\Driver\PDOConnection->__construct('mysql:host=loca...', 'username_here', 'password_here', Array)
#2 /wordpress/wp-content/plugins/wpgenealogy/vendor/illuminate/database/Connectors/Connector.php(46): Illuminate\Database\Connectors\Connector->createPdoConnection('mysql:host=loca...', 'username_here', 'password_here', Array)
#3 /wordpress/wp-content/plugins/wpgenealogy/vendor/illuminate/database/Connectors/MySqlConnector.php(24): Illuminate\Database\Connectors\Connector->createConnection('mysql:host=loca...', Array, Array)
#4 /wordpress/wp-content/plugins/wpgenealogy/vendor/illuminate/database/Connectors/ConnectionFactory.php(182): Illuminate\Database\Connectors\MySqlConnector->connect(Array)
#5 [internal function]: Illuminate\Database\Connectors\ConnectionFactory->Illuminate\Database\Connectors\{closure}()
#6 /wordpress/wp-content/plugins/wpgenealogy/vendor/illuminate/database/Connection.php(924): call_user_func(Object(Closure))
#7 /wordpress/wp-content/plugins/wpgenealogy/vendor/illuminate/database/Connection.php(457): Illuminate\Database\Connection->getPdo()
#8 /wordpress/wp-content/plugins/wpgenealogy/vendor/illuminate/database/Connection.php(662): Illuminate\Database\Connection->Illuminate\Database\{closure}('SET FOREIGN_KEY...', Array)
#9 /wordpress/wp-content/plugins/wpgenealogy/vendor/illuminate/database/Connection.php(629): Illuminate\Database\Connection->runQueryCallback('SET FOREIGN_KEY...', Array, Object(Closure))
#10 /wordpress/wp-content/plugins/wpgenealogy/vendor/illuminate/database/Connection.php(464): Illuminate\Database\Connection->run('SET FOREIGN_KEY...', Array, Object(Closure))
#11 /wordpress/wp-content/plugins/wpgenealogy/vendor/illuminate/database/Schema/Builder.php(266): Illuminate\Database\Connection->statement('SET FOREIGN_KEY...')
#12 /wordpress/wp-content/plugins/wpgenealogy/includes/class-wpgenealogy-activator.php(627): Illuminate\Database\Schema\Builder->enableForeignKeyConstraints()
#13 /wordpress/wp-content/plugins/wpgenealogy/includes/class-wpgenealogy-activator.php(43): WPGenealogy\WPGenealogy_Activator::create_tables()
#14 /wordpress/wp-content/plugins/wpgenealogy/wpgenealogy.php(90): WPGenealogy\WPGenealogy_Activator::activate()
#15 /wordpress/wp-includes/class-wp-hook.php(324): wpgenealogy_activate(false)
#16 /wordpress/wp-includes/class-wp-hook.php(348): WP_Hook->apply_filters(NULL, Array)
#17 /wordpress/wp-includes/plugin.php(517): WP_Hook->do_action(Array)
#18 /wordpress/wp-admin/includes/plugin.php(703): do_action('activate_wpgene...', false)
#19 /internal/eval.php(20): activate_plugin('wpgenealogy/wpg...')
#20 {main}

Next Doctrine\DBAL\Driver\PDO\Exception: SQLSTATE[HY000] [2002] Address family not supported by protocol in /wordpress/wp-content/plugins/wpgenealogy/vendor/doctrine/dbal/lib/Doctrine/DBAL/Driver/PDO/Exception.php:18
Stack trace:
#0 /wordpress/wp-content/plugins/wpgenealogy/vendor/doctrine/dbal/lib/Doctrine/DBAL/Driver/PDOConnection.php(42): Doctrine\DBAL\Driver\PDO\Exception::new(Object(PDOException))
#1 /wordpress/wp-content/plugins/wpgenealogy/vendor/illuminate/database/Connectors/Connector.php(67): Doctrine\DBAL\Driver\PDOConnection->__construct('mysql:host=loca...', 'username_here', 'password_here', Array)
#2 /wordpress/wp-content/plugins/wpgenealogy/vendor/illuminate/database/Connectors/Connector.php(46): Illuminate\Database\Connectors\Connector->createPdoConnection('mysql:host=loca...', 'username_here', 'password_here', Array)
#3 /wordpress/wp-content/plugins/wpgenealogy/vendor/illuminate/database/Connectors/MySqlConnector.php(24): Illuminate\Database\Connectors\Connector->createConnection('mysql:host=loca...', Array, Array)
#4 /wordpress/wp-content/plugins/wpgenealogy/vendor/illuminate/database/Connectors/ConnectionFactory.php(182): Illuminate\Database\Connectors\MySqlConnector->connect(Array)
#5 [internal function]: Illuminate\Database\Connectors\ConnectionFactory->Illuminate\Database\Connectors\{closure}()
#6 /wordpress/wp-content/plugins/wpgenealogy/vendor/illuminate/database/Connection.php(924): call_user_func(Object(Closure))
#7 /wordpress/wp-content/plugins/wpgenealogy/vendor/illuminate/database/Connection.php(457): Illuminate\Database\Connection->getPdo()
#8 /wordpress/wp-content/plugins/wpgenealogy/vendor/illuminate/database/Connection.php(662): Illuminate\Database\Connection->Illuminate\Database\{closure}('SET FOREIGN_KEY...', Array)
#9 /wordpress/wp-content/plugins/wpgenealogy/vendor/illuminate/database/Connection.php(629): Illuminate\Database\Connection->runQueryCallback('SET FOREIGN_KEY...', Array, Object(Closure))
#10 /wordpress/wp-content/plugins/wpgenealogy/vendor/illuminate/database/Connection.php(464): Illuminate\Database\Connection->run('SET FOREIGN_KEY...', Array, Object(Closure))
#11 /wordpress/wp-content/plugins/wpgenealogy/vendor/illuminate/database/Schema/Builder.php(266): Illuminate\Database\Connection->statement('SET FOREIGN_KEY...')
#12 /wordpress/wp-content/plugins/wpgenealogy/includes/class-wpgenealogy-activator.php(627): Illuminate\Database\Schema\Builder->enableForeignKeyConstraints()
#13 /wordpress/wp-content/plugins/wpgenealogy/includes/class-wpgenealogy-activator.php(43): WPGenealogy\WPGenealogy_Activator::create_tables()
#14 /wordpress/wp-content/plugins/wpgenealogy/wpgenealogy.php(90): WPGenealogy\WPGenealogy_Activator::activate()
#15 /wordpress/wp-includes/class-wp-hook.php(324): wpgenealogy_activate(false)
#16 /wordpress/wp-includes/class-wp-hook.php(348): WP_Hook->apply_filters(NULL, Array)
#17 /wordpress/wp-includes/plugin.php(517): WP_Hook->do_action(Array)
#18 /wordpress/wp-admin/includes/plugin.php(703): do_action('activate_wpgene...', false)
#19 /internal/eval.php(20): activate_plugin('wpgenealogy/wpg...')
#20 {main}

Next Illuminate\Database\QueryException: SQLSTATE[HY000] [2002] Address family not supported by protocol (SQL: SET FOREIGN_KEY_CHECKS=1;) in /wordpress/wp-content/plugins/wpgenealogy/vendor/illuminate/database/Connection.php:669
Stack trace:
#0 /wordpress/wp-content/plugins/wpgenealogy/vendor/illuminate/database/Connection.php(629): Illuminate\Database\Connection->runQueryCallback('SET FOREIGN_KEY...', Array, Object(Closure))
#1 /wordpress/wp-content/plugins/wpgenealogy/vendor/illuminate/database/Connection.php(464): Illuminate\Database\Connection->run('SET FOREIGN_KEY...', Array, Object(Closure))
#2 /wordpress/wp-content/plugins/wpgenealogy/vendor/illuminate/database/Schema/Builder.php(266): Illuminate\Database\Connection->statement('SET FOREIGN_KEY...')
#3 /wordpress/wp-content/plugins/wpgenealogy/includes/class-wpgenealogy-activator.php(627): Illuminate\Database\Schema\Builder->enableForeignKeyConstraints()
#4 /wordpress/wp-content/plugins/wpgenealogy/includes/class-wpgenealogy-activator.php(43): WPGenealogy\WPGenealogy_Activator::create_tables()
#5 /wordpress/wp-content/plugins/wpgenealogy/wpgenealogy.php(90): WPGenealogy\WPGenealogy_Activator::activate()
#6 /wordpress/wp-includes/class-wp-hook.php(324): wpgenealogy_activate(false)
#7 /wordpress/wp-includes/class-wp-hook.php(348): WP_Hook->apply_filters(NULL, Array)
#8 /wordpress/wp-includes/plugin.php(517): WP_Hook->do_action(Array)
#9 /wordpress/wp-admin/includes/plugin.php(703): do_action('activate_wpgene...', false)
#10 /internal/eval.php(20): activate_plugin('wpgenealogy/wpg...')
#11 {main}
  thrown in /wordpress/wp-content/plugins/wpgenealogy/vendor/illuminate/database/Connection.php on line 669
[28-Apr-2025 02:02:29 UTC] WordPress database error <div style="clear:both">&nbsp;</div>
<div class="queries" style="clear:both;margin-bottom:2px;border:red dotted thin;">
<p>MySQL query:</p>
<p>CREATE TABLE wp_wpintrojs_tours (
	  id int(11) UNSIGNED AUTO_INCREMENT,
	  page_id bigint(20) UNSIGNED,
	  admin_page_id varchar(255) DEFAULT NULL,
	  tour_name varchar(50) DEFAULT NULL,
	  tour_description text DEFAULT NULL,
	  tour_steps json DEFAULT NULL,	
	  tour_hints json DEFAULT NULL,
	  tour_auto_start int(1) DEFAULT 1,
	  tour_complete int(1) DEFAULT 1,	 	  
	  exitOnEsc int(1) DEFAULT 1,
	  exitOnOverlayClick int(1) DEFAULT 1,
      showStepNumbers int(1) DEFAULT 1,
      keyboardNavigation int(1) DEFAULT 1,
      showButtons int(1) DEFAULT 1,
      showBullets int(1) DEFAULT 1,
      showProgress int(1) DEFAULT 1,
      disableInteraction int(1) DEFAULT 1,
      hidePrev int(1) DEFAULT 1,
      hideNext int(1) DEFAULT 1,
      scrollToElement int(1) DEFAULT 1,
      scrollTo varchar(50) DEFAULT 'element',
      hintAnimation int(1) DEFAULT 1,
      nextLabel varchar(50) DEFAULT 'Next',
      prevLabel varchar(50) DEFAULT 'Prev',
      skipLabel varchar(50) DEFAULT 'Skip',
      doneLabel varchar(50) DEFAULT 'Done',
      tooltipPosition varchar(50) DEFAULT 'bottom',
      tooltipClass varchar(50) DEFAULT NULL,
      highlightClass varchar(50) DEFAULT NULL,
      scrollPadding int(2) DEFAULT 30,
      overlayOpacity decimal(3,2) DEFAULT 0.8,
      hintLabel varchar(50) DEFAULT 'Got it',
      hintPosition varchar(50) DEFAULT 'top-middle',
      PRIMARY KEY  (id)  
	) ENGINE=InnoDB DEFAULT CHARACTER SET utf8mb4</p>
<p>Queries made or created this session were:</p>
<ol>
<li>Executing: BEGIN | (no parameters)</li>
<li>Executing: ROLLBACK | (no parameters)</li>
</ol>
</div>
<div style="clear:both;margin-bottom:2px;border:red dotted thin;" class="error_message" style="border-bottom:dotted blue thin;">
Error occurred at line 4117 in Function <code>handle_error</code>. Error message was: MySQL field type cannot be translated to SQLite: json.
</div>
<p>Backtrace:</p>
<pre>#0 /internal/shared/sqlite-database-integration/wp-includes/sqlite/class-wp-sqlite-db.php(287): WP_SQLite_Translator->get_error_message()
#1 /wordpress/wp-admin/includes/upgrade.php(3280): WP_SQLite_DB->query('CREATE TABLE wp...')
#2 /wordpress/wp-content/plugins/wp-intro-js-tours/wpintrojs.php(300): dbDelta(Array)
#3 /wordpress/wp-content/plugins/wp-intro-js-tours/wpintrojs.php(97): wpintrojs_install_tables()
#4 /wordpress/wp-includes/class-wp-hook.php(324): wpintrojs_activation(false)
#5 /wordpress/wp-includes/class-wp-hook.php(348): WP_Hook->apply_filters('', Array)
#6 /wordpress/wp-includes/plugin.php(517): WP_Hook->do_action(Array)
#7 /wordpress/wp-admin/includes/plugin.php(703): do_action('activate_wp-int...', false)
#8 /internal/eval.php(20): activate_plugin('wp-intro-js-tou...')
#9 {main}</pre>
 for query CREATE TABLE wp_wpintrojs_tours (
	  id int(11) UNSIGNED AUTO_INCREMENT,
	  page_id bigint(20) UNSIGNED,
	  admin_page_id varchar(255) DEFAULT NULL,
	  tour_name varchar(50) DEFAULT NULL,
	  tour_description text DEFAULT NULL,
	  tour_steps json DEFAULT NULL,	
	  tour_hints json DEFAULT NULL,
	  tour_auto_start int(1) DEFAULT 1,
	  tour_complete int(1) DEFAULT 1,	 	  
	  exitOnEsc int(1) DEFAULT 1,
	  exitOnOverlayClick int(1) DEFAULT 1,
      showStepNumbers int(1) DEFAULT 1,
      keyboardNavigation int(1) DEFAULT 1,
      showButtons int(1) DEFAULT 1,
      showBullets int(1) DEFAULT 1,
      showProgress int(1) DEFAULT 1,
      disableInteraction int(1) DEFAULT 1,
      hidePrev int(1) DEFAULT 1,
      hideNext int(1) DEFAULT 1,
      scrollToElement int(1) DEFAULT 1,
      scrollTo varchar(50) DEFAULT 'element',
      hintAnimation int(1) DEFAULT 1,
      nextLabel varchar(50) DEFAULT 'Next',
      prevLabel varchar(50) DEFAULT 'Prev',
      skipLabel varchar(50) DEFAULT 'Skip',
      doneLabel varchar(50) DEFAULT 'Done',
      tooltipPosition varchar(50) DEFAULT 'bottom',
      tooltipClass varchar(50) DEFAULT NULL,
      highlightClass varchar(50) DEFAULT NULL,
      scrollPadding int(2) DEFAULT 30,
      overlayOpacity decimal(3,2) DEFAULT 0.8,
      hintLabel varchar(50) DEFAULT 'Got it',
      hintPosition varchar(50) DEFAULT 'top-middle',
      PRIMARY KEY  (id)  
	) ENGINE=InnoDB DEFAULT CHARACTER SET utf8mb4 made by activate_plugin, do_action('activate_wp-intro-js-tours/wpintrojs.php'), WP_Hook->do_action, WP_Hook->apply_filters, wpintrojs_activation, wpintrojs_install_tables, dbDelta, WP_SQLite_DB->query, WP_SQLite_DB->print_error
[28-Apr-2025 02:02:38 UTC] WordPress database error <div style="clear:both">&nbsp;</div>
<div class="queries" style="clear:both;margin-bottom:2px;border:red dotted thin;">
<p>MySQL query:</p>
<p>CREATE TABLE wp_wpintrojs_tours (
	  id int(11) UNSIGNED AUTO_INCREMENT,
	  page_id bigint(20) UNSIGNED,
	  admin_page_id varchar(255) DEFAULT NULL,
	  tour_name varchar(50) DEFAULT NULL,
	  tour_description text DEFAULT NULL,
	  tour_steps json DEFAULT NULL,	
	  tour_hints json DEFAULT NULL,
	  tour_auto_start int(1) DEFAULT 1,
	  tour_complete int(1) DEFAULT 1,	 	  
	  exitOnEsc int(1) DEFAULT 1,
	  exitOnOverlayClick int(1) DEFAULT 1,
      showStepNumbers int(1) DEFAULT 1,
      keyboardNavigation int(1) DEFAULT 1,
      showButtons int(1) DEFAULT 1,
      showBullets int(1) DEFAULT 1,
      showProgress int(1) DEFAULT 1,
      disableInteraction int(1) DEFAULT 1,
      hidePrev int(1) DEFAULT 1,
      hideNext int(1) DEFAULT 1,
      scrollToElement int(1) DEFAULT 1,
      scrollTo varchar(50) DEFAULT 'element',
      hintAnimation int(1) DEFAULT 1,
      nextLabel varchar(50) DEFAULT 'Next',
      prevLabel varchar(50) DEFAULT 'Prev',
      skipLabel varchar(50) DEFAULT 'Skip',
      doneLabel varchar(50) DEFAULT 'Done',
      tooltipPosition varchar(50) DEFAULT 'bottom',
      tooltipClass varchar(50) DEFAULT NULL,
      highlightClass varchar(50) DEFAULT NULL,
      scrollPadding int(2) DEFAULT 30,
      overlayOpacity decimal(3,2) DEFAULT 0.8,
      hintLabel varchar(50) DEFAULT 'Got it',
      hintPosition varchar(50) DEFAULT 'top-middle',
      PRIMARY KEY  (id)  
	) ENGINE=InnoDB DEFAULT CHARACTER SET utf8mb4</p>
<p>Queries made or created this session were:</p>
<ol>
<li>Executing: BEGIN | (no parameters)</li>
<li>Executing: ROLLBACK | (no parameters)</li>
</ol>
</div>
<div style="clear:both;margin-bottom:2px;border:red dotted thin;" class="error_message" style="border-bottom:dotted blue thin;">
Error occurred at line 4117 in Function <code>handle_error</code>. Error message was: MySQL field type cannot be translated to SQLite: json.
</div>
<p>Backtrace:</p>
<pre>#0 /internal/shared/sqlite-database-integration/wp-includes/sqlite/class-wp-sqlite-db.php(287): WP_SQLite_Translator->get_error_message()
#1 /wordpress/wp-admin/includes/upgrade.php(3280): WP_SQLite_DB->query('CREATE TABLE wp...')
#2 /wordpress/wp-content/plugins/wp-intro-js-tours/wpintrojs.php(300): dbDelta(Array)
#3 /wordpress/wp-content/plugins/wp-intro-js-tours/wpintrojs.php(97): wpintrojs_install_tables()
#4 /wordpress/wp-includes/class-wp-hook.php(324): wpintrojs_activation(false)
#5 /wordpress/wp-includes/class-wp-hook.php(348): WP_Hook->apply_filters('', Array)
#6 /wordpress/wp-includes/plugin.php(517): WP_Hook->do_action(Array)
#7 /wordpress/wp-admin/includes/plugin.php(703): do_action('activate_wp-int...', false)
#8 /internal/eval.php(20): activate_plugin('wp-intro-js-tou...')
#9 {main}</pre>
 for query CREATE TABLE wp_wpintrojs_tours (
	  id int(11) UNSIGNED AUTO_INCREMENT,
	  page_id bigint(20) UNSIGNED,
	  admin_page_id varchar(255) DEFAULT NULL,
	  tour_name varchar(50) DEFAULT NULL,
	  tour_description text DEFAULT NULL,
	  tour_steps json DEFAULT NULL,	
	  tour_hints json DEFAULT NULL,
	  tour_auto_start int(1) DEFAULT 1,
	  tour_complete int(1) DEFAULT 1,	 	  
	  exitOnEsc int(1) DEFAULT 1,
	  exitOnOverlayClick int(1) DEFAULT 1,
      showStepNumbers int(1) DEFAULT 1,
      keyboardNavigation int(1) DEFAULT 1,
      showButtons int(1) DEFAULT 1,
      showBullets int(1) DEFAULT 1,
      showProgress int(1) DEFAULT 1,
      disableInteraction int(1) DEFAULT 1,
      hidePrev int(1) DEFAULT 1,
      hideNext int(1) DEFAULT 1,
      scrollToElement int(1) DEFAULT 1,
      scrollTo varchar(50) DEFAULT 'element',
      hintAnimation int(1) DEFAULT 1,
      nextLabel varchar(50) DEFAULT 'Next',
      prevLabel varchar(50) DEFAULT 'Prev',
      skipLabel varchar(50) DEFAULT 'Skip',
      doneLabel varchar(50) DEFAULT 'Done',
      tooltipPosition varchar(50) DEFAULT 'bottom',
      tooltipClass varchar(50) DEFAULT NULL,
      highlightClass varchar(50) DEFAULT NULL,
      scrollPadding int(2) DEFAULT 30,
      overlayOpacity decimal(3,2) DEFAULT 0.8,
      hintLabel varchar(50) DEFAULT 'Got it',
      hintPosition varchar(50) DEFAULT 'top-middle',
      PRIMARY KEY  (id)  
	) ENGINE=InnoDB DEFAULT CHARACTER SET utf8mb4 made by activate_plugin, do_action('activate_wp-intro-js-tours/wpintrojs.php'), WP_Hook->do_action, WP_Hook->apply_filters, wpintrojs_activation, wpintrojs_install_tables, dbDelta, WP_SQLite_DB->query, WP_SQLite_DB->print_error

    at Object.onBind (file:///home/runner/work/playground-tester/playground-tester/node_modules/@wp-playground/cli/index.js:237:15)
    at process.processTicksAndRejections (node:internal/process/task_queues:105:5)
    at async V (file:///home/runner/work/playground-tester/playground-tester/node_modules/@wp-playground/cli/index.js:64:10)
    at async ja (file:///home/runner/work/playground-tester/playground-tester/node_modules/@wp-playground/cli/cli.js:8161:12) {
  [cause]: Error: Error when executing the blueprint step #5 ({"step":"installPlugin","pluginData":{"resource":"wordpress.org/plugins","slug":"wp-lite-autosuggest"},"options":{"activate":true}}) : Could not download "https://downloads.wordpress.org/plugin/wp-lite-autosuggest.latest-stable.zip".
  				Check if the URL is correct and the server is reachable.
  				If it is reachable, the server might be blocking the request.
  				Check the browser console and network tabs for more information.
  
  				## Does the console show the error "No 'Access-Control-Allow-Origin' header"?
  
  				This means the server that hosts your file does not allow requests from other sites
  				(cross-origin requests, or CORS).	You need to move the asset to a server that allows
  				cross-origin file downloads. Learn more about CORS at
  				https://developer.mozilla.org/en-US/docs/Web/HTTP/CORS.
  
  				If your file is on GitHub, load it from "raw.githubusercontent.com".
  				Here's how to do that:
  
  				1. Start with the original GitHub URL of the file. For example:
  				https://github.com/username/repository/blob/branch/filename.
  				2. Replace "github.com" with "raw.githubusercontent.com".
  				3. Remove the "/blob/" part of the URL.
  
  				The resulting URL should look like this:
  				https://raw.githubusercontent.com/username/repository/branch/filename
  
  				Error:
  				Error: Could not download "https://downloads.wordpress.org/plugin/wp-lite-autosuggest.latest-stable.zip"
      at Object.run (file:///home/runner/work/playground-tester/playground-tester/node_modules/@wp-playground/blueprints/index.js:12449:19)
      at process.processTicksAndRejections (node:internal/process/task_queues:105:5)
      at async ms (file:///home/runner/work/playground-tester/playground-tester/node_modules/@wp-playground/blueprints/index.js:12552:3)
      at async Object.onBind (file:///home/runner/work/playground-tester/playground-tester/node_modules/@wp-playground/cli/index.js:227:48)
      at async V (file:///home/runner/work/playground-tester/playground-tester/node_modules/@wp-playground/cli/index.js:64:10)
      at async ja (file:///home/runner/work/playground-tester/playground-tester/node_modules/@wp-playground/cli/cli.js:8161:12) {
    [cause]: Error: Could not download "https://downloads.wordpress.org/plugin/wp-lite-autosuggest.latest-stable.zip".
    				Check if the URL is correct and the server is reachable.
    				If it is reachable, the server might be blocking the request.
    				Check the browser console and network tabs for more information.
    
    				## Does the console show the error "No 'Access-Control-Allow-Origin' header"?
    
    				This means the server that hosts your file does not allow requests from other sites
    				(cross-origin requests, or CORS).	You need to move the asset to a server that allows
    				cross-origin file downloads. Learn more about CORS at
    				https://developer.mozilla.org/en-US/docs/Web/HTTP/CORS.
    
    				If your file is on GitHub, load it from "raw.githubusercontent.com".
    				Here's how to do that:
    
    				1. Start with the original GitHub URL of the file. For example:
    				https://github.com/username/repository/blob/branch/filename.
    				2. Replace "github.com" with "raw.githubusercontent.com".
    				3. Remove the "/blob/" part of the URL.
    
    				The resulting URL should look like this:
    				https://raw.githubusercontent.com/username/repository/branch/filename
    
    				Error:
    				Error: Could not download "https://downloads.wordpress.org/plugin/wp-lite-autosuggest.latest-stable.zip"
        at Ct.resolve (file:///home/runner/work/playground-tester/playground-tester/node_modules/@wp-playground/blueprints/index.js:1472:13)
        at process.processTicksAndRejections (node:internal/process/task_queues:105:5)
        at async _.run (file:///home/runner/work/playground-tester/playground-tester/node_modules/@php-wasm/util/index.js:45:14)
  }
}

Node.js v23.11.0
