file:///home/runner/work/playground-tester/playground-tester/node_modules/@wp-playground/cli/index.js:237
        throw new Error(y, { cause: u });
              ^

Error: [26-Apr-2025 03:29:28 UTC] PHP Notice:  Function wp_enqueue_style was called <strong>incorrectly</strong>. Scripts and styles should not be registered or enqueued until the <code>wp_enqueue_scripts</code>, <code>admin_enqueue_scripts</code>, or <code>login_enqueue_scripts</code> hooks. This notice was triggered by the <code>wp-color-picker</code> handle. Please see <a href="https://developer.wordpress.org/advanced-administration/debug/debug-wordpress/">Debugging in WordPress</a> for more information. (This message was added in version 3.3.0.) in /wordpress/wp-includes/functions.php on line 6121
[26-Apr-2025 03:29:28 UTC] PHP Notice:  Function is_feed was called <strong>incorrectly</strong>. Conditional query tags do not work before the query is run. Before then, they always return false. Please see <a href="https://developer.wordpress.org/advanced-administration/debug/debug-wordpress/">Debugging in WordPress</a> for more information. (This message was added in version 3.1.0.) in /wordpress/wp-includes/functions.php on line 6121
[26-Apr-2025 03:29:38 UTC] PHP Notice:  Function wp_enqueue_style was called <strong>incorrectly</strong>. Scripts and styles should not be registered or enqueued until the <code>wp_enqueue_scripts</code>, <code>admin_enqueue_scripts</code>, or <code>login_enqueue_scripts</code> hooks. This notice was triggered by the <code>wp-color-picker</code> handle. Please see <a href="https://developer.wordpress.org/advanced-administration/debug/debug-wordpress/">Debugging in WordPress</a> for more information. (This message was added in version 3.3.0.) in /wordpress/wp-includes/functions.php on line 6121
[26-Apr-2025 03:29:38 UTC] PHP Notice:  Function is_feed was called <strong>incorrectly</strong>. Conditional query tags do not work before the query is run. Before then, they always return false. Please see <a href="https://developer.wordpress.org/advanced-administration/debug/debug-wordpress/">Debugging in WordPress</a> for more information. (This message was added in version 3.1.0.) in /wordpress/wp-includes/functions.php on line 6121
[26-Apr-2025 03:29:46 UTC] PHP Notice:  Function wp_enqueue_style was called <strong>incorrectly</strong>. Scripts and styles should not be registered or enqueued until the <code>wp_enqueue_scripts</code>, <code>admin_enqueue_scripts</code>, or <code>login_enqueue_scripts</code> hooks. This notice was triggered by the <code>wp-color-picker</code> handle. Please see <a href="https://developer.wordpress.org/advanced-administration/debug/debug-wordpress/">Debugging in WordPress</a> for more information. (This message was added in version 3.3.0.) in /wordpress/wp-includes/functions.php on line 6121
[26-Apr-2025 03:29:46 UTC] PHP Notice:  Function is_feed was called <strong>incorrectly</strong>. Conditional query tags do not work before the query is run. Before then, they always return false. Please see <a href="https://developer.wordpress.org/advanced-administration/debug/debug-wordpress/">Debugging in WordPress</a> for more information. (This message was added in version 3.1.0.) in /wordpress/wp-includes/functions.php on line 6121
[26-Apr-2025 03:30:39 UTC] PHP Warning:  include_once(/wordpress/wp-content/plugins/ci-publish-facebook//inc/functions.php): Failed to open stream: No such file or directory in /wordpress/wp-content/plugins/ci-publish-facebook/plug.php on line 26
[26-Apr-2025 03:30:39 UTC] PHP Warning:  include_once(): Failed opening '/wordpress/wp-content/plugins/ci-publish-facebook//inc/functions.php' for inclusion (include_path='.:') in /wordpress/wp-content/plugins/ci-publish-facebook/plug.php on line 26
[26-Apr-2025 03:30:39 UTC] PHP Warning:  include_once(/wordpress/wp-content/plugins/ci-publish-facebook//inc/init.php): Failed to open stream: No such file or directory in /wordpress/wp-content/plugins/ci-publish-facebook/plug.php on line 27
[26-Apr-2025 03:30:39 UTC] PHP Warning:  include_once(): Failed opening '/wordpress/wp-content/plugins/ci-publish-facebook//inc/init.php' for inclusion (include_path='.:') in /wordpress/wp-content/plugins/ci-publish-facebook/plug.php on line 27
[26-Apr-2025 03:30:39 UTC] PHP Warning:  include_once(/wordpress/wp-content/plugins/ci-publish-facebook//widgets/widgets.php): Failed to open stream: No such file or directory in /wordpress/wp-content/plugins/ci-publish-facebook/plug.php on line 29
[26-Apr-2025 03:30:39 UTC] PHP Warning:  include_once(): Failed opening '/wordpress/wp-content/plugins/ci-publish-facebook//widgets/widgets.php' for inclusion (include_path='.:') in /wordpress/wp-content/plugins/ci-publish-facebook/plug.php on line 29
[26-Apr-2025 03:30:39 UTC] PHP Warning:  include_once(/wordpress/wp-content/plugins/ci-publish-facebook//lib/post_facebook.php): Failed to open stream: No such file or directory in /wordpress/wp-content/plugins/ci-publish-facebook/plug.php on line 33
[26-Apr-2025 03:30:39 UTC] PHP Warning:  include_once(): Failed opening '/wordpress/wp-content/plugins/ci-publish-facebook//lib/post_facebook.php' for inclusion (include_path='.:') in /wordpress/wp-content/plugins/ci-publish-facebook/plug.php on line 33
[26-Apr-2025 03:30:39 UTC] PHP Warning:  include_once(/wordpress/wp-content/plugins/ci-publish-facebook//inc/admin.php): Failed to open stream: No such file or directory in /wordpress/wp-content/plugins/ci-publish-facebook/plug.php on line 34
[26-Apr-2025 03:30:39 UTC] PHP Warning:  include_once(): Failed opening '/wordpress/wp-content/plugins/ci-publish-facebook//inc/admin.php' for inclusion (include_path='.:') in /wordpress/wp-content/plugins/ci-publish-facebook/plug.php on line 34
[26-Apr-2025 03:30:39 UTC] PHP Warning:  include_once(/wordpress/wp-content/plugins/ci-publish-facebook//inc/admin_menu.php): Failed to open stream: No such file or directory in /wordpress/wp-content/plugins/ci-publish-facebook/plug.php on line 35
[26-Apr-2025 03:30:39 UTC] PHP Warning:  include_once(): Failed opening '/wordpress/wp-content/plugins/ci-publish-facebook//inc/admin_menu.php' for inclusion (include_path='.:') in /wordpress/wp-content/plugins/ci-publish-facebook/plug.php on line 35
[26-Apr-2025 03:30:39 UTC] PHP Warning:  include_once(/wordpress/wp-content/plugins/ci-publish-facebook//inc/cron.php): Failed to open stream: No such file or directory in /wordpress/wp-content/plugins/ci-publish-facebook/plug.php on line 45
[26-Apr-2025 03:30:39 UTC] PHP Warning:  include_once(): Failed opening '/wordpress/wp-content/plugins/ci-publish-facebook//inc/cron.php' for inclusion (include_path='.:') in /wordpress/wp-content/plugins/ci-publish-facebook/plug.php on line 45
[26-Apr-2025 03:30:40 UTC] PHP Warning:  include_once(/wordpress/wp-content/plugins/ci-publish-facebook//inc/functions.php): Failed to open stream: No such file or directory in /wordpress/wp-content/plugins/ci-publish-facebook/plug.php on line 26
[26-Apr-2025 03:30:40 UTC] PHP Warning:  include_once(): Failed opening '/wordpress/wp-content/plugins/ci-publish-facebook//inc/functions.php' for inclusion (include_path='.:') in /wordpress/wp-content/plugins/ci-publish-facebook/plug.php on line 26
[26-Apr-2025 03:30:40 UTC] PHP Warning:  include_once(/wordpress/wp-content/plugins/ci-publish-facebook//inc/init.php): Failed to open stream: No such file or directory in /wordpress/wp-content/plugins/ci-publish-facebook/plug.php on line 27
[26-Apr-2025 03:30:40 UTC] PHP Warning:  include_once(): Failed opening '/wordpress/wp-content/plugins/ci-publish-facebook//inc/init.php' for inclusion (include_path='.:') in /wordpress/wp-content/plugins/ci-publish-facebook/plug.php on line 27
[26-Apr-2025 03:30:40 UTC] PHP Warning:  include_once(/wordpress/wp-content/plugins/ci-publish-facebook//widgets/widgets.php): Failed to open stream: No such file or directory in /wordpress/wp-content/plugins/ci-publish-facebook/plug.php on line 29
[26-Apr-2025 03:30:40 UTC] PHP Warning:  include_once(): Failed opening '/wordpress/wp-content/plugins/ci-publish-facebook//widgets/widgets.php' for inclusion (include_path='.:') in /wordpress/wp-content/plugins/ci-publish-facebook/plug.php on line 29
[26-Apr-2025 03:30:40 UTC] PHP Warning:  include_once(/wordpress/wp-content/plugins/ci-publish-facebook//shortcodes/shortcodes.php): Failed to open stream: No such file or directory in /wordpress/wp-content/plugins/ci-publish-facebook/plug.php on line 38
[26-Apr-2025 03:30:40 UTC] PHP Warning:  include_once(): Failed opening '/wordpress/wp-content/plugins/ci-publish-facebook//shortcodes/shortcodes.php' for inclusion (include_path='.:') in /wordpress/wp-content/plugins/ci-publish-facebook/plug.php on line 38
[26-Apr-2025 03:30:40 UTC] PHP Warning:  include_once(/wordpress/wp-content/plugins/ci-publish-facebook//inc/front.php): Failed to open stream: No such file or directory in /wordpress/wp-content/plugins/ci-publish-facebook/plug.php on line 39
[26-Apr-2025 03:30:40 UTC] PHP Warning:  include_once(): Failed opening '/wordpress/wp-content/plugins/ci-publish-facebook//inc/front.php' for inclusion (include_path='.:') in /wordpress/wp-content/plugins/ci-publish-facebook/plug.php on line 39
[26-Apr-2025 03:30:40 UTC] PHP Warning:  include_once(/wordpress/wp-content/plugins/ci-publish-facebook//inc/cron.php): Failed to open stream: No such file or directory in /wordpress/wp-content/plugins/ci-publish-facebook/plug.php on line 45
[26-Apr-2025 03:30:40 UTC] PHP Warning:  include_once(): Failed opening '/wordpress/wp-content/plugins/ci-publish-facebook//inc/cron.php' for inclusion (include_path='.:') in /wordpress/wp-content/plugins/ci-publish-facebook/plug.php on line 45
[26-Apr-2025 03:30:47 UTC] PHP Warning:  include_once(/wordpress/wp-content/plugins/ci-publish-facebook//inc/functions.php): Failed to open stream: No such file or directory in /wordpress/wp-content/plugins/ci-publish-facebook/plug.php on line 26
[26-Apr-2025 03:30:47 UTC] PHP Warning:  include_once(): Failed opening '/wordpress/wp-content/plugins/ci-publish-facebook//inc/functions.php' for inclusion (include_path='.:') in /wordpress/wp-content/plugins/ci-publish-facebook/plug.php on line 26
[26-Apr-2025 03:30:47 UTC] PHP Warning:  include_once(/wordpress/wp-content/plugins/ci-publish-facebook//inc/init.php): Failed to open stream: No such file or directory in /wordpress/wp-content/plugins/ci-publish-facebook/plug.php on line 27
[26-Apr-2025 03:30:47 UTC] PHP Warning:  include_once(): Failed opening '/wordpress/wp-content/plugins/ci-publish-facebook//inc/init.php' for inclusion (include_path='.:') in /wordpress/wp-content/plugins/ci-publish-facebook/plug.php on line 27
[26-Apr-2025 03:30:47 UTC] PHP Warning:  include_once(/wordpress/wp-content/plugins/ci-publish-facebook//widgets/widgets.php): Failed to open stream: No such file or directory in /wordpress/wp-content/plugins/ci-publish-facebook/plug.php on line 29
[26-Apr-2025 03:30:47 UTC] PHP Warning:  include_once(): Failed opening '/wordpress/wp-content/plugins/ci-publish-facebook//widgets/widgets.php' for inclusion (include_path='.:') in /wordpress/wp-content/plugins/ci-publish-facebook/plug.php on line 29
[26-Apr-2025 03:30:47 UTC] PHP Warning:  include_once(/wordpress/wp-content/plugins/ci-publish-facebook//lib/post_facebook.php): Failed to open stream: No such file or directory in /wordpress/wp-content/plugins/ci-publish-facebook/plug.php on line 33
[26-Apr-2025 03:30:47 UTC] PHP Warning:  include_once(): Failed opening '/wordpress/wp-content/plugins/ci-publish-facebook//lib/post_facebook.php' for inclusion (include_path='.:') in /wordpress/wp-content/plugins/ci-publish-facebook/plug.php on line 33
[26-Apr-2025 03:30:47 UTC] PHP Warning:  include_once(/wordpress/wp-content/plugins/ci-publish-facebook//inc/admin.php): Failed to open stream: No such file or directory in /wordpress/wp-content/plugins/ci-publish-facebook/plug.php on line 34
[26-Apr-2025 03:30:47 UTC] PHP Warning:  include_once(): Failed opening '/wordpress/wp-content/plugins/ci-publish-facebook//inc/admin.php' for inclusion (include_path='.:') in /wordpress/wp-content/plugins/ci-publish-facebook/plug.php on line 34
[26-Apr-2025 03:30:47 UTC] PHP Warning:  include_once(/wordpress/wp-content/plugins/ci-publish-facebook//inc/admin_menu.php): Failed to open stream: No such file or directory in /wordpress/wp-content/plugins/ci-publish-facebook/plug.php on line 35
[26-Apr-2025 03:30:47 UTC] PHP Warning:  include_once(): Failed opening '/wordpress/wp-content/plugins/ci-publish-facebook//inc/admin_menu.php' for inclusion (include_path='.:') in /wordpress/wp-content/plugins/ci-publish-facebook/plug.php on line 35
[26-Apr-2025 03:30:47 UTC] PHP Warning:  include_once(/wordpress/wp-content/plugins/ci-publish-facebook//inc/cron.php): Failed to open stream: No such file or directory in /wordpress/wp-content/plugins/ci-publish-facebook/plug.php on line 45
[26-Apr-2025 03:30:47 UTC] PHP Warning:  include_once(): Failed opening '/wordpress/wp-content/plugins/ci-publish-facebook//inc/cron.php' for inclusion (include_path='.:') in /wordpress/wp-content/plugins/ci-publish-facebook/plug.php on line 45
[26-Apr-2025 03:30:48 UTC] PHP Warning:  include_once(/wordpress/wp-content/plugins/ci-publish-facebook//inc/functions.php): Failed to open stream: No such file or directory in /wordpress/wp-content/plugins/ci-publish-facebook/plug.php on line 26
[26-Apr-2025 03:30:48 UTC] PHP Warning:  include_once(): Failed opening '/wordpress/wp-content/plugins/ci-publish-facebook//inc/functions.php' for inclusion (include_path='.:') in /wordpress/wp-content/plugins/ci-publish-facebook/plug.php on line 26
[26-Apr-2025 03:30:48 UTC] PHP Warning:  include_once(/wordpress/wp-content/plugins/ci-publish-facebook//inc/init.php): Failed to open stream: No such file or directory in /wordpress/wp-content/plugins/ci-publish-facebook/plug.php on line 27
[26-Apr-2025 03:30:48 UTC] PHP Warning:  include_once(): Failed opening '/wordpress/wp-content/plugins/ci-publish-facebook//inc/init.php' for inclusion (include_path='.:') in /wordpress/wp-content/plugins/ci-publish-facebook/plug.php on line 27
[26-Apr-2025 03:30:48 UTC] PHP Warning:  include_once(/wordpress/wp-content/plugins/ci-publish-facebook//widgets/widgets.php): Failed to open stream: No such file or directory in /wordpress/wp-content/plugins/ci-publish-facebook/plug.php on line 29
[26-Apr-2025 03:30:48 UTC] PHP Warning:  include_once(): Failed opening '/wordpress/wp-content/plugins/ci-publish-facebook//widgets/widgets.php' for inclusion (include_path='.:') in /wordpress/wp-content/plugins/ci-publish-facebook/plug.php on line 29
[26-Apr-2025 03:30:48 UTC] PHP Warning:  include_once(/wordpress/wp-content/plugins/ci-publish-facebook//shortcodes/shortcodes.php): Failed to open stream: No such file or directory in /wordpress/wp-content/plugins/ci-publish-facebook/plug.php on line 38
[26-Apr-2025 03:30:48 UTC] PHP Warning:  include_once(): Failed opening '/wordpress/wp-content/plugins/ci-publish-facebook//shortcodes/shortcodes.php' for inclusion (include_path='.:') in /wordpress/wp-content/plugins/ci-publish-facebook/plug.php on line 38
[26-Apr-2025 03:30:48 UTC] PHP Warning:  include_once(/wordpress/wp-content/plugins/ci-publish-facebook//inc/front.php): Failed to open stream: No such file or directory in /wordpress/wp-content/plugins/ci-publish-facebook/plug.php on line 39
[26-Apr-2025 03:30:48 UTC] PHP Warning:  include_once(): Failed opening '/wordpress/wp-content/plugins/ci-publish-facebook//inc/front.php' for inclusion (include_path='.:') in /wordpress/wp-content/plugins/ci-publish-facebook/plug.php on line 39
[26-Apr-2025 03:30:48 UTC] PHP Warning:  include_once(/wordpress/wp-content/plugins/ci-publish-facebook//inc/cron.php): Failed to open stream: No such file or directory in /wordpress/wp-content/plugins/ci-publish-facebook/plug.php on line 45
[26-Apr-2025 03:30:48 UTC] PHP Warning:  include_once(): Failed opening '/wordpress/wp-content/plugins/ci-publish-facebook//inc/cron.php' for inclusion (include_path='.:') in /wordpress/wp-content/plugins/ci-publish-facebook/plug.php on line 45
[26-Apr-2025 03:30:56 UTC] PHP Warning:  include_once(/wordpress/wp-content/plugins/ci-publish-facebook//inc/functions.php): Failed to open stream: No such file or directory in /wordpress/wp-content/plugins/ci-publish-facebook/plug.php on line 26
[26-Apr-2025 03:30:56 UTC] PHP Warning:  include_once(): Failed opening '/wordpress/wp-content/plugins/ci-publish-facebook//inc/functions.php' for inclusion (include_path='.:') in /wordpress/wp-content/plugins/ci-publish-facebook/plug.php on line 26
[26-Apr-2025 03:30:56 UTC] PHP Warning:  include_once(/wordpress/wp-content/plugins/ci-publish-facebook//inc/init.php): Failed to open stream: No such file or directory in /wordpress/wp-content/plugins/ci-publish-facebook/plug.php on line 27
[26-Apr-2025 03:30:56 UTC] PHP Warning:  include_once(): Failed opening '/wordpress/wp-content/plugins/ci-publish-facebook//inc/init.php' for inclusion (include_path='.:') in /wordpress/wp-content/plugins/ci-publish-facebook/plug.php on line 27
[26-Apr-2025 03:30:56 UTC] PHP Warning:  include_once(/wordpress/wp-content/plugins/ci-publish-facebook//widgets/widgets.php): Failed to open stream: No such file or directory in /wordpress/wp-content/plugins/ci-publish-facebook/plug.php on line 29
[26-Apr-2025 03:30:56 UTC] PHP Warning:  include_once(): Failed opening '/wordpress/wp-content/plugins/ci-publish-facebook//widgets/widgets.php' for inclusion (include_path='.:') in /wordpress/wp-content/plugins/ci-publish-facebook/plug.php on line 29
[26-Apr-2025 03:30:56 UTC] PHP Warning:  include_once(/wordpress/wp-content/plugins/ci-publish-facebook//lib/post_facebook.php): Failed to open stream: No such file or directory in /wordpress/wp-content/plugins/ci-publish-facebook/plug.php on line 33
[26-Apr-2025 03:30:56 UTC] PHP Warning:  include_once(): Failed opening '/wordpress/wp-content/plugins/ci-publish-facebook//lib/post_facebook.php' for inclusion (include_path='.:') in /wordpress/wp-content/plugins/ci-publish-facebook/plug.php on line 33
[26-Apr-2025 03:30:56 UTC] PHP Warning:  include_once(/wordpress/wp-content/plugins/ci-publish-facebook//inc/admin.php): Failed to open stream: No such file or directory in /wordpress/wp-content/plugins/ci-publish-facebook/plug.php on line 34
[26-Apr-2025 03:30:56 UTC] PHP Warning:  include_once(): Failed opening '/wordpress/wp-content/plugins/ci-publish-facebook//inc/admin.php' for inclusion (include_path='.:') in /wordpress/wp-content/plugins/ci-publish-facebook/plug.php on line 34
[26-Apr-2025 03:30:56 UTC] PHP Warning:  include_once(/wordpress/wp-content/plugins/ci-publish-facebook//inc/admin_menu.php): Failed to open stream: No such file or directory in /wordpress/wp-content/plugins/ci-publish-facebook/plug.php on line 35
[26-Apr-2025 03:30:56 UTC] PHP Warning:  include_once(): Failed opening '/wordpress/wp-content/plugins/ci-publish-facebook//inc/admin_menu.php' for inclusion (include_path='.:') in /wordpress/wp-content/plugins/ci-publish-facebook/plug.php on line 35
[26-Apr-2025 03:30:56 UTC] PHP Warning:  include_once(/wordpress/wp-content/plugins/ci-publish-facebook//inc/cron.php): Failed to open stream: No such file or directory in /wordpress/wp-content/plugins/ci-publish-facebook/plug.php on line 45
[26-Apr-2025 03:30:56 UTC] PHP Warning:  include_once(): Failed opening '/wordpress/wp-content/plugins/ci-publish-facebook//inc/cron.php' for inclusion (include_path='.:') in /wordpress/wp-content/plugins/ci-publish-facebook/plug.php on line 45
[26-Apr-2025 03:30:57 UTC] PHP Warning:  include_once(/wordpress/wp-content/plugins/ci-publish-facebook//inc/functions.php): Failed to open stream: No such file or directory in /wordpress/wp-content/plugins/ci-publish-facebook/plug.php on line 26
[26-Apr-2025 03:30:57 UTC] PHP Warning:  include_once(): Failed opening '/wordpress/wp-content/plugins/ci-publish-facebook//inc/functions.php' for inclusion (include_path='.:') in /wordpress/wp-content/plugins/ci-publish-facebook/plug.php on line 26
[26-Apr-2025 03:30:57 UTC] PHP Warning:  include_once(/wordpress/wp-content/plugins/ci-publish-facebook//inc/init.php): Failed to open stream: No such file or directory in /wordpress/wp-content/plugins/ci-publish-facebook/plug.php on line 27
[26-Apr-2025 03:30:57 UTC] PHP Warning:  include_once(): Failed opening '/wordpress/wp-content/plugins/ci-publish-facebook//inc/init.php' for inclusion (include_path='.:') in /wordpress/wp-content/plugins/ci-publish-facebook/plug.php on line 27
[26-Apr-2025 03:30:57 UTC] PHP Warning:  include_once(/wordpress/wp-content/plugins/ci-publish-facebook//widgets/widgets.php): Failed to open stream: No such file or directory in /wordpress/wp-content/plugins/ci-publish-facebook/plug.php on line 29
[26-Apr-2025 03:30:57 UTC] PHP Warning:  include_once(): Failed opening '/wordpress/wp-content/plugins/ci-publish-facebook//widgets/widgets.php' for inclusion (include_path='.:') in /wordpress/wp-content/plugins/ci-publish-facebook/plug.php on line 29
[26-Apr-2025 03:30:57 UTC] PHP Warning:  include_once(/wordpress/wp-content/plugins/ci-publish-facebook//shortcodes/shortcodes.php): Failed to open stream: No such file or directory in /wordpress/wp-content/plugins/ci-publish-facebook/plug.php on line 38
[26-Apr-2025 03:30:57 UTC] PHP Warning:  include_once(): Failed opening '/wordpress/wp-content/plugins/ci-publish-facebook//shortcodes/shortcodes.php' for inclusion (include_path='.:') in /wordpress/wp-content/plugins/ci-publish-facebook/plug.php on line 38
[26-Apr-2025 03:30:57 UTC] PHP Warning:  include_once(/wordpress/wp-content/plugins/ci-publish-facebook//inc/front.php): Failed to open stream: No such file or directory in /wordpress/wp-content/plugins/ci-publish-facebook/plug.php on line 39
[26-Apr-2025 03:30:57 UTC] PHP Warning:  include_once(): Failed opening '/wordpress/wp-content/plugins/ci-publish-facebook//inc/front.php' for inclusion (include_path='.:') in /wordpress/wp-content/plugins/ci-publish-facebook/plug.php on line 39
[26-Apr-2025 03:30:57 UTC] PHP Warning:  include_once(/wordpress/wp-content/plugins/ci-publish-facebook//inc/cron.php): Failed to open stream: No such file or directory in /wordpress/wp-content/plugins/ci-publish-facebook/plug.php on line 45
[26-Apr-2025 03:30:57 UTC] PHP Warning:  include_once(): Failed opening '/wordpress/wp-content/plugins/ci-publish-facebook//inc/cron.php' for inclusion (include_path='.:') in /wordpress/wp-content/plugins/ci-publish-facebook/plug.php on line 45
[26-Apr-2025 03:31:25 UTC] PHP Fatal error:  Uncaught Error: Call to undefined function create_function() in /wordpress/wp-content/plugins/cnet-api-search/cnet-api-search.php:187
Stack trace:
#0 /wordpress/wp-admin/includes/plugin.php(2387): include_once()
#1 /wordpress/wp-admin/includes/plugin.php(673): plugin_sandbox_scrape('cnet-api-search...')
#2 /internal/eval.php(20): activate_plugin('cnet-api-search...')
#3 {main}
  thrown in /wordpress/wp-content/plugins/cnet-api-search/cnet-api-search.php on line 187
[26-Apr-2025 03:31:33 UTC] PHP Fatal error:  Uncaught Error: Call to undefined function create_function() in /wordpress/wp-content/plugins/cnet-api-search/cnet-api-search.php:187
Stack trace:
#0 /wordpress/wp-admin/includes/plugin.php(2387): include_once()
#1 /wordpress/wp-admin/includes/plugin.php(673): plugin_sandbox_scrape('cnet-api-search...')
#2 /internal/eval.php(20): activate_plugin('cnet-api-search...')
#3 {main}
  thrown in /wordpress/wp-content/plugins/cnet-api-search/cnet-api-search.php on line 187
[26-Apr-2025 03:31:41 UTC] PHP Fatal error:  Uncaught Error: Call to undefined function create_function() in /wordpress/wp-content/plugins/cnet-api-search/cnet-api-search.php:187
Stack trace:
#0 /wordpress/wp-admin/includes/plugin.php(2387): include_once()
#1 /wordpress/wp-admin/includes/plugin.php(673): plugin_sandbox_scrape('cnet-api-search...')
#2 /internal/eval.php(20): activate_plugin('cnet-api-search...')
#3 {main}
  thrown in /wordpress/wp-content/plugins/cnet-api-search/cnet-api-search.php on line 187
[26-Apr-2025 03:33:35 UTC] PHP Warning:  Undefined array key "HTTP_USER_AGENT" in /wordpress/wp-content/plugins/contact-switcheroo/contact-switcheroo.php on line 11
[26-Apr-2025 03:33:36 UTC] PHP Warning:  Undefined array key "HTTP_USER_AGENT" in /wordpress/wp-content/plugins/contact-switcheroo/contact-switcheroo.php on line 11
[26-Apr-2025 03:33:44 UTC] PHP Warning:  Undefined array key "HTTP_USER_AGENT" in /wordpress/wp-content/plugins/contact-switcheroo/contact-switcheroo.php on line 11
[26-Apr-2025 03:33:45 UTC] PHP Warning:  Undefined array key "HTTP_USER_AGENT" in /wordpress/wp-content/plugins/contact-switcheroo/contact-switcheroo.php on line 11
[26-Apr-2025 03:33:53 UTC] PHP Warning:  Undefined array key "HTTP_USER_AGENT" in /wordpress/wp-content/plugins/contact-switcheroo/contact-switcheroo.php on line 11
[26-Apr-2025 03:33:54 UTC] PHP Warning:  Undefined array key "HTTP_USER_AGENT" in /wordpress/wp-content/plugins/contact-switcheroo/contact-switcheroo.php on line 11
[26-Apr-2025 03:34:02 UTC] PHP Deprecated:  Required parameter $convers8_user_id follows optional parameter $status in /wordpress/wp-content/plugins/convers8/connect.php on line 80
[26-Apr-2025 03:34:02 UTC] PHP Deprecated:  File registration.php is <strong>deprecated</strong> since version 3.1.0 with no alternative available. This file no longer needs to be included. in /wordpress/wp-includes/functions.php on line 6121
[26-Apr-2025 03:34:02 UTC] PHP Fatal error:  Uncaught Error: Undefined constant "CONVERS8_LOGIN_FAILED" in /wordpress/wp-content/plugins/convers8/connect.php:4
Stack trace:
#0 /wordpress/wp-content/plugins/convers8/Convers8.php(20): include_once()
#1 /wordpress/wp-admin/includes/plugin.php(2387): include_once('/wordpress/wp-c...')
#2 /wordpress/wp-admin/includes/plugin.php(673): plugin_sandbox_scrape('convers8/Conver...')
#3 /internal/eval.php(20): activate_plugin('convers8/Conver...')
#4 {main}
  thrown in /wordpress/wp-content/plugins/convers8/connect.php on line 4
[26-Apr-2025 03:34:10 UTC] PHP Deprecated:  Required parameter $convers8_user_id follows optional parameter $status in /wordpress/wp-content/plugins/convers8/connect.php on line 80
[26-Apr-2025 03:34:10 UTC] PHP Deprecated:  File registration.php is <strong>deprecated</strong> since version 3.1.0 with no alternative available. This file no longer needs to be included. in /wordpress/wp-includes/functions.php on line 6121
[26-Apr-2025 03:34:10 UTC] PHP Fatal error:  Uncaught Error: Undefined constant "CONVERS8_LOGIN_FAILED" in /wordpress/wp-content/plugins/convers8/connect.php:4
Stack trace:
#0 /wordpress/wp-content/plugins/convers8/Convers8.php(20): include_once()
#1 /wordpress/wp-admin/includes/plugin.php(2387): include_once('/wordpress/wp-c...')
#2 /wordpress/wp-admin/includes/plugin.php(673): plugin_sandbox_scrape('convers8/Conver...')
#3 /internal/eval.php(20): activate_plugin('convers8/Conver...')
#4 {main}
  thrown in /wordpress/wp-content/plugins/convers8/connect.php on line 4
[26-Apr-2025 03:34:18 UTC] PHP Deprecated:  Required parameter $convers8_user_id follows optional parameter $status in /wordpress/wp-content/plugins/convers8/connect.php on line 80
[26-Apr-2025 03:34:18 UTC] PHP Deprecated:  File registration.php is <strong>deprecated</strong> since version 3.1.0 with no alternative available. This file no longer needs to be included. in /wordpress/wp-includes/functions.php on line 6121
[26-Apr-2025 03:34:18 UTC] PHP Fatal error:  Uncaught Error: Undefined constant "CONVERS8_LOGIN_FAILED" in /wordpress/wp-content/plugins/convers8/connect.php:4
Stack trace:
#0 /wordpress/wp-content/plugins/convers8/Convers8.php(20): include_once()
#1 /wordpress/wp-admin/includes/plugin.php(2387): include_once('/wordpress/wp-c...')
#2 /wordpress/wp-admin/includes/plugin.php(673): plugin_sandbox_scrape('convers8/Conver...')
#3 /internal/eval.php(20): activate_plugin('convers8/Conver...')
#4 {main}
  thrown in /wordpress/wp-content/plugins/convers8/connect.php on line 4
[26-Apr-2025 03:36:32 UTC] PHP Fatal error:  Uncaught Error: Undefined constant "INBOUND_PRO_SLUG" in /wordpress/wp-content/plugins/creative-tim-rotating-css-cards/creative-tim-css-cards.php:188
Stack trace:
#0 /wordpress/wp-includes/class-wp-hook.php(324): Creative_Tim_Css_Cards::load_text_domain('')
#1 /wordpress/wp-includes/class-wp-hook.php(348): WP_Hook->apply_filters(NULL, Array)
#2 /wordpress/wp-includes/plugin.php(517): WP_Hook->do_action(Array)
#3 /wordpress/wp-settings.php(727): do_action('init')
#4 /wordpress/wp-config.php(102): require_once('/wordpress/wp-s...')
#5 /wordpress/wp-load.php(50): require_once('/wordpress/wp-c...')
#6 /internal/eval.php(3): require_once('/wordpress/wp-l...')
#7 {main}
  thrown in /wordpress/wp-content/plugins/creative-tim-rotating-css-cards/creative-tim-css-cards.php on line 188

    at Object.onBind (file:///home/runner/work/playground-tester/playground-tester/node_modules/@wp-playground/cli/index.js:237:15)
    at process.processTicksAndRejections (node:internal/process/task_queues:105:5)
    at async V (file:///home/runner/work/playground-tester/playground-tester/node_modules/@wp-playground/cli/index.js:64:10)
    at async ja (file:///home/runner/work/playground-tester/playground-tester/node_modules/@wp-playground/cli/cli.js:8161:12) {
  [cause]: Error: Error when executing the blueprint step #5 ({"step":"installPlugin","pluginData":{"resource":"wordpress.org/plugins","slug":"creative-tim-rotating-css-cards"},"options":{"activate":true}}) : PHP.run() failed with exit code 255 and the following output: 
      at Object.run (file:///home/runner/work/playground-tester/playground-tester/node_modules/@wp-playground/blueprints/index.js:12449:19)
      at process.processTicksAndRejections (node:internal/process/task_queues:105:5)
      at async ms (file:///home/runner/work/playground-tester/playground-tester/node_modules/@wp-playground/blueprints/index.js:12552:3)
      ... 2 lines matching cause stack trace ...
      at async ja (file:///home/runner/work/playground-tester/playground-tester/node_modules/@wp-playground/cli/cli.js:8161:12) {
    [cause]: PHPExecutionFailureError: PHP.run() failed with exit code 255 and the following output: 
        at PHP.run (file:///home/runner/work/playground-tester/playground-tester/node_modules/@php-wasm/universal/index.js:987:19)
        at process.processTicksAndRejections (node:internal/process/task_queues:105:5)
        at async wr (file:///home/runner/work/playground-tester/playground-tester/node_modules/@wp-playground/blueprints/index.js:73:13)
        at async Object.gt [as installPlugin] (file:///home/runner/work/playground-tester/playground-tester/node_modules/@wp-playground/blueprints/index.js:974:42)
        at async g (file:///home/runner/work/playground-tester/playground-tester/node_modules/@wp-playground/blueprints/index.js:12517:30)
        at async Object.run (file:///home/runner/work/playground-tester/playground-tester/node_modules/@wp-playground/blueprints/index.js:12446:23)
        at async ms (file:///home/runner/work/playground-tester/playground-tester/node_modules/@wp-playground/blueprints/index.js:12552:3)
        at async Object.onBind (file:///home/runner/work/playground-tester/playground-tester/node_modules/@wp-playground/cli/index.js:227:48)
        at async V (file:///home/runner/work/playground-tester/playground-tester/node_modules/@wp-playground/cli/index.js:64:10)
        at async ja (file:///home/runner/work/playground-tester/playground-tester/node_modules/@wp-playground/cli/cli.js:8161:12) {
      response: PHPResponse {
        httpStatusCode: 500,
        headers: {
          'x-powered-by': [ 'PHP/8.0.30-dev' ],
          'content-type': [ 'text/html; charset=UTF-8' ],
          expires: [ 'Wed, 11 Jan 1984 05:00:00 GMT' ],
          'cache-control': [ 'no-cache, must-revalidate, max-age=0, no-store, private' ]
        },
        bytes: Uint8Array(2653) [
           60,  33,  68,  79,  67,  84,  89,  80,  69,  32, 104, 116,
          109, 108,  62,  10,  60, 104, 116, 109, 108,  32, 108,  97,
          110, 103,  61,  34, 101, 110,  45,  85,  83,  34,  62,  10,
           60, 104, 101,  97, 100,  62,  10,   9,  60, 109, 101, 116,
           97,  32, 104, 116, 116, 112,  45, 101, 113, 117, 105, 118,
           61,  34,  67, 111, 110, 116, 101, 110, 116,  45,  84, 121,
          112, 101,  34,  32,  99, 111, 110, 116, 101, 110, 116,  61,
           34, 116, 101, 120, 116,  47, 104, 116, 109, 108,  59,  32,
           99, 104,  97, 114,
          ... 2553 more items
        ],
        exitCode: 255,
        errors: ''
      },
      source: 'request'
    }
  }
}

Node.js v23.11.0
