[
  {
    "message": "file:///home/runner/work/playground-tester/playground-tester/node_modules/@wp-playground/cli/index.js:237\n        throw new Error(y, { cause: u });\n              ^\n",
    "level": "FATAL",
    "type": "PLAYGROUND",
    "test": "ast-sqlite-boot",
    "plugin": "statpress-widgets",
    "details": "file:///home/runner/work/playground-tester/playground-tester/node_modules/@wp-playground/cli/index.js:237\n        throw new Error(y, { cause: u });\n              ^\n",
    "log": "/tmp/tmp.DByOIcez6P"
  },
  {
    "message": "Undefined variable $wp_error in /wordpress/wp-content/plugins/simple-popups/public/class-social-popup.php on line 295",
    "level": "WARNING",
    "type": "PHP",
    "test": "ast-sqlite-boot",
    "plugin": "statpress-widgets",
    "details": "[23-May-2025 17:24:59 UTC] PHP Warning:  Undefined variable $wp_error in /wordpress/wp-content/plugins/simple-popups/public/class-social-popup.php on line 295",
    "log": "/logs/plugins/s/statpress-widgets/error.json"
  },
  {
    "message": "Undefined variable $wp_error in /wordpress/wp-content/plugins/simple-popups/public/class-social-popup.php on line 295",
    "level": "WARNING",
    "type": "PHP",
    "test": "ast-sqlite-boot",
    "plugin": "statpress-widgets",
    "details": "[23-May-2025 17:25:09 UTC] PHP Warning:  Undefined variable $wp_error in /wordpress/wp-content/plugins/simple-popups/public/class-social-popup.php on line 295",
    "log": "/logs/plugins/s/statpress-widgets/error.json"
  },
  {
    "message": "Undefined variable $wp_error in /wordpress/wp-content/plugins/simple-popups/public/class-social-popup.php on line 295",
    "level": "WARNING",
    "type": "PHP",
    "test": "ast-sqlite-boot",
    "plugin": "statpress-widgets",
    "details": "[23-May-2025 17:25:18 UTC] PHP Warning:  Undefined variable $wp_error in /wordpress/wp-content/plugins/simple-popups/public/class-social-popup.php on line 295",
    "log": "/logs/plugins/s/statpress-widgets/error.json"
  },
  {
    "message": "Unparenthesized `a ? b : c ? d : e` is not supported. Use either `(a ? b : c) ? d : e` or `a ? b : (c ? d : e)` in /wordpress/wp-content/plugins/social-media-trifecta/admin_menus/classes/class-trifecta-instagram.php on line 100",
    "level": "FATAL",
    "type": "PHP",
    "test": "ast-sqlite-boot",
    "plugin": "statpress-widgets",
    "details": "[23-May-2025 17:26:35 UTC] PHP Fatal error:  Unparenthesized `a ? b : c ? d : e` is not supported. Use either `(a ? b : c) ? d : e` or `a ? b : (c ? d : e)` in /wordpress/wp-content/plugins/social-media-trifecta/admin_menus/classes/class-trifecta-instagram.php on line 100",
    "log": "/logs/plugins/s/statpress-widgets/error.json"
  },
  {
    "message": "Unparenthesized `a ? b : c ? d : e` is not supported. Use either `(a ? b : c) ? d : e` or `a ? b : (c ? d : e)` in /wordpress/wp-content/plugins/social-media-trifecta/admin_menus/classes/class-trifecta-instagram.php on line 100",
    "level": "FATAL",
    "type": "PHP",
    "test": "ast-sqlite-boot",
    "plugin": "statpress-widgets",
    "details": "[23-May-2025 17:26:42 UTC] PHP Fatal error:  Unparenthesized `a ? b : c ? d : e` is not supported. Use either `(a ? b : c) ? d : e` or `a ? b : (c ? d : e)` in /wordpress/wp-content/plugins/social-media-trifecta/admin_menus/classes/class-trifecta-instagram.php on line 100",
    "log": "/logs/plugins/s/statpress-widgets/error.json"
  },
  {
    "message": "Unparenthesized `a ? b : c ? d : e` is not supported. Use either `(a ? b : c) ? d : e` or `a ? b : (c ? d : e)` in /wordpress/wp-content/plugins/social-media-trifecta/admin_menus/classes/class-trifecta-instagram.php on line 100",
    "level": "FATAL",
    "type": "PHP",
    "test": "ast-sqlite-boot",
    "plugin": "statpress-widgets",
    "details": "[23-May-2025 17:26:49 UTC] PHP Fatal error:  Unparenthesized `a ? b : c ? d : e` is not supported. Use either `(a ? b : c) ? d : e` or `a ? b : (c ? d : e)` in /wordpress/wp-content/plugins/social-media-trifecta/admin_menus/classes/class-trifecta-instagram.php on line 100",
    "log": "/logs/plugins/s/statpress-widgets/error.json"
  },
  {
    "message": "Undefined variable $wpdb in /wordpress/wp-content/plugins/springest-partners/springest.php on line 29",
    "level": "WARNING",
    "type": "PHP",
    "test": "ast-sqlite-boot",
    "plugin": "statpress-widgets",
    "details": "[23-May-2025 17:28:43 UTC] PHP Warning:  Undefined variable $wpdb in /wordpress/wp-content/plugins/springest-partners/springest.php on line 29",
    "log": "/logs/plugins/s/statpress-widgets/error.json"
  },
  {
    "message": "Attempt to read property \"prefix\" on null in /wordpress/wp-content/plugins/springest-partners/springest.php on line 29",
    "level": "WARNING",
    "type": "PHP",
    "test": "ast-sqlite-boot",
    "plugin": "statpress-widgets",
    "details": "[23-May-2025 17:28:43 UTC] PHP Warning:  Attempt to read property \"prefix\" on null in /wordpress/wp-content/plugins/springest-partners/springest.php on line 29",
    "log": "/logs/plugins/s/statpress-widgets/error.json"
  },
  {
    "message": "Uncaught Error: Attempt to assign property \"springest_groups\" on null in /wordpress/wp-content/plugins/springest-partners/springest.php:29",
    "level": "FATAL",
    "type": "PHP",
    "test": "ast-sqlite-boot",
    "plugin": "statpress-widgets",
    "details": "[23-May-2025 17:28:43 UTC] PHP Fatal error:  Uncaught Error: Attempt to assign property \"springest_groups\" on null in /wordpress/wp-content/plugins/springest-partners/springest.php:29\nStack trace:\n#0 /wordpress/wp-admin/includes/plugin.php(2387): include_once()\n#1 /wordpress/wp-admin/includes/plugin.php(673): plugin_sandbox_scrape('springest-partn...')\n#2 /internal/eval.php(20): activate_plugin('springest-partn...')\n#3 {main}\n  thrown in /wordpress/wp-content/plugins/springest-partners/springest.php on line 29",
    "log": "/logs/plugins/s/statpress-widgets/error.json"
  },
  {
    "message": "Undefined variable $wpdb in /wordpress/wp-content/plugins/springest-partners/springest.php on line 29",
    "level": "WARNING",
    "type": "PHP",
    "test": "ast-sqlite-boot",
    "plugin": "statpress-widgets",
    "details": "[23-May-2025 17:28:50 UTC] PHP Warning:  Undefined variable $wpdb in /wordpress/wp-content/plugins/springest-partners/springest.php on line 29",
    "log": "/logs/plugins/s/statpress-widgets/error.json"
  },
  {
    "message": "Attempt to read property \"prefix\" on null in /wordpress/wp-content/plugins/springest-partners/springest.php on line 29",
    "level": "WARNING",
    "type": "PHP",
    "test": "ast-sqlite-boot",
    "plugin": "statpress-widgets",
    "details": "[23-May-2025 17:28:50 UTC] PHP Warning:  Attempt to read property \"prefix\" on null in /wordpress/wp-content/plugins/springest-partners/springest.php on line 29",
    "log": "/logs/plugins/s/statpress-widgets/error.json"
  },
  {
    "message": "Uncaught Error: Attempt to assign property \"springest_groups\" on null in /wordpress/wp-content/plugins/springest-partners/springest.php:29",
    "level": "FATAL",
    "type": "PHP",
    "test": "ast-sqlite-boot",
    "plugin": "statpress-widgets",
    "details": "[23-May-2025 17:28:50 UTC] PHP Fatal error:  Uncaught Error: Attempt to assign property \"springest_groups\" on null in /wordpress/wp-content/plugins/springest-partners/springest.php:29\nStack trace:\n#0 /wordpress/wp-admin/includes/plugin.php(2387): include_once()\n#1 /wordpress/wp-admin/includes/plugin.php(673): plugin_sandbox_scrape('springest-partn...')\n#2 /internal/eval.php(20): activate_plugin('springest-partn...')\n#3 {main}\n  thrown in /wordpress/wp-content/plugins/springest-partners/springest.php on line 29",
    "log": "/logs/plugins/s/statpress-widgets/error.json"
  },
  {
    "message": "Undefined variable $wpdb in /wordpress/wp-content/plugins/springest-partners/springest.php on line 29",
    "level": "WARNING",
    "type": "PHP",
    "test": "ast-sqlite-boot",
    "plugin": "statpress-widgets",
    "details": "[23-May-2025 17:28:58 UTC] PHP Warning:  Undefined variable $wpdb in /wordpress/wp-content/plugins/springest-partners/springest.php on line 29",
    "log": "/logs/plugins/s/statpress-widgets/error.json"
  },
  {
    "message": "Attempt to read property \"prefix\" on null in /wordpress/wp-content/plugins/springest-partners/springest.php on line 29",
    "level": "WARNING",
    "type": "PHP",
    "test": "ast-sqlite-boot",
    "plugin": "statpress-widgets",
    "details": "[23-May-2025 17:28:58 UTC] PHP Warning:  Attempt to read property \"prefix\" on null in /wordpress/wp-content/plugins/springest-partners/springest.php on line 29",
    "log": "/logs/plugins/s/statpress-widgets/error.json"
  },
  {
    "message": "Uncaught Error: Attempt to assign property \"springest_groups\" on null in /wordpress/wp-content/plugins/springest-partners/springest.php:29",
    "level": "FATAL",
    "type": "PHP",
    "test": "ast-sqlite-boot",
    "plugin": "statpress-widgets",
    "details": "[23-May-2025 17:28:58 UTC] PHP Fatal error:  Uncaught Error: Attempt to assign property \"springest_groups\" on null in /wordpress/wp-content/plugins/springest-partners/springest.php:29\nStack trace:\n#0 /wordpress/wp-admin/includes/plugin.php(2387): include_once()\n#1 /wordpress/wp-admin/includes/plugin.php(673): plugin_sandbox_scrape('springest-partn...')\n#2 /internal/eval.php(20): activate_plugin('springest-partn...')\n#3 {main}\n  thrown in /wordpress/wp-content/plugins/springest-partners/springest.php on line 29",
    "log": "/logs/plugins/s/statpress-widgets/error.json"
  },
  {
    "message": "Function _load_textdomain_just_in_time was called <strong>incorrectly</strong>. Translation loading for the <code>scroll-progress</code> domain was triggered too early. This is usually an indicator for some code in the plugin or theme running too early. Translations should be loaded at the <code>init</code> action or later. Please see <a href=\"https://developer.wordpress.org/advanced-administration/debug/debug-wordpress/\">Debugging in WordPress</a> for more information. (This message was added in version 6.7.0.) in /wordpress/wp-includes/functions.php on line 6121",
    "level": "NOTICE",
    "type": "PHP",
    "test": "ast-sqlite-boot",
    "plugin": "statpress-widgets",
    "details": "[23-May-2025 17:30:28 UTC] PHP Notice:  Function _load_textdomain_just_in_time was called <strong>incorrectly</strong>. Translation loading for the <code>scroll-progress</code> domain was triggered too early. This is usually an indicator for some code in the plugin or theme running too early. Translations should be loaded at the <code>init</code> action or later. Please see <a href=\"https://developer.wordpress.org/advanced-administration/debug/debug-wordpress/\">Debugging in WordPress</a> for more information. (This message was added in version 6.7.0.) in /wordpress/wp-includes/functions.php on line 6121",
    "log": "/logs/plugins/s/statpress-widgets/error.json"
  },
  {
    "message": "Required parameter $data_to_save follows optional parameter $object_id in /wordpress/wp-content/plugins/scroll-progress-bar/lib/CMB2/includes/CMB2.php on line 423",
    "level": "DEPRECATED",
    "type": "PHP",
    "test": "ast-sqlite-boot",
    "plugin": "statpress-widgets",
    "details": "[23-May-2025 17:30:28 UTC] PHP Deprecated:  Required parameter $data_to_save follows optional parameter $object_id in /wordpress/wp-content/plugins/scroll-progress-bar/lib/CMB2/includes/CMB2.php on line 423",
    "log": "/logs/plugins/s/statpress-widgets/error.json"
  },
  {
    "message": "Function _load_textdomain_just_in_time was called <strong>incorrectly</strong>. Translation loading for the <code>scroll-progress</code> domain was triggered too early. This is usually an indicator for some code in the plugin or theme running too early. Translations should be loaded at the <code>init</code> action or later. Please see <a href=\"https://developer.wordpress.org/advanced-administration/debug/debug-wordpress/\">Debugging in WordPress</a> for more information. (This message was added in version 6.7.0.) in /wordpress/wp-includes/functions.php on line 6121",
    "level": "NOTICE",
    "type": "PHP",
    "test": "ast-sqlite-boot",
    "plugin": "statpress-widgets",
    "details": "[23-May-2025 17:30:38 UTC] PHP Notice:  Function _load_textdomain_just_in_time was called <strong>incorrectly</strong>. Translation loading for the <code>scroll-progress</code> domain was triggered too early. This is usually an indicator for some code in the plugin or theme running too early. Translations should be loaded at the <code>init</code> action or later. Please see <a href=\"https://developer.wordpress.org/advanced-administration/debug/debug-wordpress/\">Debugging in WordPress</a> for more information. (This message was added in version 6.7.0.) in /wordpress/wp-includes/functions.php on line 6121",
    "log": "/logs/plugins/s/statpress-widgets/error.json"
  },
  {
    "message": "Required parameter $data_to_save follows optional parameter $object_id in /wordpress/wp-content/plugins/scroll-progress-bar/lib/CMB2/includes/CMB2.php on line 423",
    "level": "DEPRECATED",
    "type": "PHP",
    "test": "ast-sqlite-boot",
    "plugin": "statpress-widgets",
    "details": "[23-May-2025 17:30:38 UTC] PHP Deprecated:  Required parameter $data_to_save follows optional parameter $object_id in /wordpress/wp-content/plugins/scroll-progress-bar/lib/CMB2/includes/CMB2.php on line 423",
    "log": "/logs/plugins/s/statpress-widgets/error.json"
  },
  {
    "message": "Function _load_textdomain_just_in_time was called <strong>incorrectly</strong>. Translation loading for the <code>scroll-progress</code> domain was triggered too early. This is usually an indicator for some code in the plugin or theme running too early. Translations should be loaded at the <code>init</code> action or later. Please see <a href=\"https://developer.wordpress.org/advanced-administration/debug/debug-wordpress/\">Debugging in WordPress</a> for more information. (This message was added in version 6.7.0.) in /wordpress/wp-includes/functions.php on line 6121",
    "level": "NOTICE",
    "type": "PHP",
    "test": "ast-sqlite-boot",
    "plugin": "statpress-widgets",
    "details": "[23-May-2025 17:30:47 UTC] PHP Notice:  Function _load_textdomain_just_in_time was called <strong>incorrectly</strong>. Translation loading for the <code>scroll-progress</code> domain was triggered too early. This is usually an indicator for some code in the plugin or theme running too early. Translations should be loaded at the <code>init</code> action or later. Please see <a href=\"https://developer.wordpress.org/advanced-administration/debug/debug-wordpress/\">Debugging in WordPress</a> for more information. (This message was added in version 6.7.0.) in /wordpress/wp-includes/functions.php on line 6121",
    "log": "/logs/plugins/s/statpress-widgets/error.json"
  },
  {
    "message": "Required parameter $data_to_save follows optional parameter $object_id in /wordpress/wp-content/plugins/scroll-progress-bar/lib/CMB2/includes/CMB2.php on line 423",
    "level": "DEPRECATED",
    "type": "PHP",
    "test": "ast-sqlite-boot",
    "plugin": "statpress-widgets",
    "details": "[23-May-2025 17:30:47 UTC] PHP Deprecated:  Required parameter $data_to_save follows optional parameter $object_id in /wordpress/wp-content/plugins/scroll-progress-bar/lib/CMB2/includes/CMB2.php on line 423",
    "log": "/logs/plugins/s/statpress-widgets/error.json"
  },
  {
    "message": "Function _load_textdomain_just_in_time was called <strong>incorrectly</strong>. Translation loading for the <code>sd-konami-code</code> domain was triggered too early. This is usually an indicator for some code in the plugin or theme running too early. Translations should be loaded at the <code>init</code> action or later. Please see <a href=\"https://developer.wordpress.org/advanced-administration/debug/debug-wordpress/\">Debugging in WordPress</a> for more information. (This message was added in version 6.7.0.) in /wordpress/wp-includes/functions.php on line 6121",
    "level": "NOTICE",
    "type": "PHP",
    "test": "ast-sqlite-boot",
    "plugin": "statpress-widgets",
    "details": "[23-May-2025 17:30:57 UTC] PHP Notice:  Function _load_textdomain_just_in_time was called <strong>incorrectly</strong>. Translation loading for the <code>sd-konami-code</code> domain was triggered too early. This is usually an indicator for some code in the plugin or theme running too early. Translations should be loaded at the <code>init</code> action or later. Please see <a href=\"https://developer.wordpress.org/advanced-administration/debug/debug-wordpress/\">Debugging in WordPress</a> for more information. (This message was added in version 6.7.0.) in /wordpress/wp-includes/functions.php on line 6121",
    "log": "/logs/plugins/s/statpress-widgets/error.json"
  },
  {
    "message": "Function _load_textdomain_just_in_time was called <strong>incorrectly</strong>. Translation loading for the <code>sd-konami-code</code> domain was triggered too early. This is usually an indicator for some code in the plugin or theme running too early. Translations should be loaded at the <code>init</code> action or later. Please see <a href=\"https://developer.wordpress.org/advanced-administration/debug/debug-wordpress/\">Debugging in WordPress</a> for more information. (This message was added in version 6.7.0.) in /wordpress/wp-includes/functions.php on line 6121",
    "level": "NOTICE",
    "type": "PHP",
    "test": "ast-sqlite-boot",
    "plugin": "statpress-widgets",
    "details": "[23-May-2025 17:31:06 UTC] PHP Notice:  Function _load_textdomain_just_in_time was called <strong>incorrectly</strong>. Translation loading for the <code>sd-konami-code</code> domain was triggered too early. This is usually an indicator for some code in the plugin or theme running too early. Translations should be loaded at the <code>init</code> action or later. Please see <a href=\"https://developer.wordpress.org/advanced-administration/debug/debug-wordpress/\">Debugging in WordPress</a> for more information. (This message was added in version 6.7.0.) in /wordpress/wp-includes/functions.php on line 6121",
    "log": "/logs/plugins/s/statpress-widgets/error.json"
  },
  {
    "message": "Function _load_textdomain_just_in_time was called <strong>incorrectly</strong>. Translation loading for the <code>sd-konami-code</code> domain was triggered too early. This is usually an indicator for some code in the plugin or theme running too early. Translations should be loaded at the <code>init</code> action or later. Please see <a href=\"https://developer.wordpress.org/advanced-administration/debug/debug-wordpress/\">Debugging in WordPress</a> for more information. (This message was added in version 6.7.0.) in /wordpress/wp-includes/functions.php on line 6121",
    "level": "NOTICE",
    "type": "PHP",
    "test": "ast-sqlite-boot",
    "plugin": "statpress-widgets",
    "details": "[23-May-2025 17:31:15 UTC] PHP Notice:  Function _load_textdomain_just_in_time was called <strong>incorrectly</strong>. Translation loading for the <code>sd-konami-code</code> domain was triggered too early. This is usually an indicator for some code in the plugin or theme running too early. Translations should be loaded at the <code>init</code> action or later. Please see <a href=\"https://developer.wordpress.org/advanced-administration/debug/debug-wordpress/\">Debugging in WordPress</a> for more information. (This message was added in version 6.7.0.) in /wordpress/wp-includes/functions.php on line 6121",
    "log": "/logs/plugins/s/statpress-widgets/error.json"
  },
  {
    "message": "Uncaught Error: Non-static method SCRM_CSV::init() cannot be called statically in /wordpress/wp-content/plugins/simple-crm-csv-import/simple-crm-csv-import.php:24",
    "level": "FATAL",
    "type": "PHP",
    "test": "ast-sqlite-boot",
    "plugin": "statpress-widgets",
    "details": "[23-May-2025 17:31:51 UTC] PHP Fatal error:  Uncaught Error: Non-static method SCRM_CSV::init() cannot be called statically in /wordpress/wp-content/plugins/simple-crm-csv-import/simple-crm-csv-import.php:24\nStack trace:\n#0 /wordpress/wp-admin/includes/plugin.php(2387): include_once()\n#1 /wordpress/wp-admin/includes/plugin.php(673): plugin_sandbox_scrape('simple-crm-csv-...')\n#2 /internal/eval.php(20): activate_plugin('simple-crm-csv-...')\n#3 {main}\n  thrown in /wordpress/wp-content/plugins/simple-crm-csv-import/simple-crm-csv-import.php on line 24",
    "log": "/logs/plugins/s/statpress-widgets/error.json"
  },
  {
    "message": "Uncaught Error: Non-static method SCRM_CSV::init() cannot be called statically in /wordpress/wp-content/plugins/simple-crm-csv-import/simple-crm-csv-import.php:24",
    "level": "FATAL",
    "type": "PHP",
    "test": "ast-sqlite-boot",
    "plugin": "statpress-widgets",
    "details": "[23-May-2025 17:31:59 UTC] PHP Fatal error:  Uncaught Error: Non-static method SCRM_CSV::init() cannot be called statically in /wordpress/wp-content/plugins/simple-crm-csv-import/simple-crm-csv-import.php:24\nStack trace:\n#0 /wordpress/wp-admin/includes/plugin.php(2387): include_once()\n#1 /wordpress/wp-admin/includes/plugin.php(673): plugin_sandbox_scrape('simple-crm-csv-...')\n#2 /internal/eval.php(20): activate_plugin('simple-crm-csv-...')\n#3 {main}\n  thrown in /wordpress/wp-content/plugins/simple-crm-csv-import/simple-crm-csv-import.php on line 24",
    "log": "/logs/plugins/s/statpress-widgets/error.json"
  },
  {
    "message": "Uncaught Error: Non-static method SCRM_CSV::init() cannot be called statically in /wordpress/wp-content/plugins/simple-crm-csv-import/simple-crm-csv-import.php:24",
    "level": "FATAL",
    "type": "PHP",
    "test": "ast-sqlite-boot",
    "plugin": "statpress-widgets",
    "details": "[23-May-2025 17:32:07 UTC] PHP Fatal error:  Uncaught Error: Non-static method SCRM_CSV::init() cannot be called statically in /wordpress/wp-content/plugins/simple-crm-csv-import/simple-crm-csv-import.php:24\nStack trace:\n#0 /wordpress/wp-admin/includes/plugin.php(2387): include_once()\n#1 /wordpress/wp-admin/includes/plugin.php(673): plugin_sandbox_scrape('simple-crm-csv-...')\n#2 /internal/eval.php(20): activate_plugin('simple-crm-csv-...')\n#3 {main}\n  thrown in /wordpress/wp-content/plugins/simple-crm-csv-import/simple-crm-csv-import.php on line 24",
    "log": "/logs/plugins/s/statpress-widgets/error.json"
  },
  {
    "message": "Uncaught Error: Call to undefined function create_function() in /wordpress/wp-content/plugins/simple-sidebar-navigation/simple-sidenav.php:677",
    "level": "FATAL",
    "type": "PHP",
    "test": "ast-sqlite-boot",
    "plugin": "statpress-widgets",
    "details": "[23-May-2025 17:33:02 UTC] PHP Fatal error:  Uncaught Error: Call to undefined function create_function() in /wordpress/wp-content/plugins/simple-sidebar-navigation/simple-sidenav.php:677\nStack trace:\n#0 /wordpress/wp-admin/includes/plugin.php(2387): include_once()\n#1 /wordpress/wp-admin/includes/plugin.php(673): plugin_sandbox_scrape('simple-sidebar-...')\n#2 /internal/eval.php(20): activate_plugin('simple-sidebar-...')\n#3 {main}\n  thrown in /wordpress/wp-content/plugins/simple-sidebar-navigation/simple-sidenav.php on line 677",
    "log": "/logs/plugins/s/statpress-widgets/error.json"
  },
  {
    "message": "Uncaught Error: Call to undefined function create_function() in /wordpress/wp-content/plugins/simple-sidebar-navigation/simple-sidenav.php:677",
    "level": "FATAL",
    "type": "PHP",
    "test": "ast-sqlite-boot",
    "plugin": "statpress-widgets",
    "details": "[23-May-2025 17:33:10 UTC] PHP Fatal error:  Uncaught Error: Call to undefined function create_function() in /wordpress/wp-content/plugins/simple-sidebar-navigation/simple-sidenav.php:677\nStack trace:\n#0 /wordpress/wp-admin/includes/plugin.php(2387): include_once()\n#1 /wordpress/wp-admin/includes/plugin.php(673): plugin_sandbox_scrape('simple-sidebar-...')\n#2 /internal/eval.php(20): activate_plugin('simple-sidebar-...')\n#3 {main}\n  thrown in /wordpress/wp-content/plugins/simple-sidebar-navigation/simple-sidenav.php on line 677",
    "log": "/logs/plugins/s/statpress-widgets/error.json"
  },
  {
    "message": "Uncaught Error: Call to undefined function create_function() in /wordpress/wp-content/plugins/simple-sidebar-navigation/simple-sidenav.php:677",
    "level": "FATAL",
    "type": "PHP",
    "test": "ast-sqlite-boot",
    "plugin": "statpress-widgets",
    "details": "[23-May-2025 17:33:18 UTC] PHP Fatal error:  Uncaught Error: Call to undefined function create_function() in /wordpress/wp-content/plugins/simple-sidebar-navigation/simple-sidenav.php:677\nStack trace:\n#0 /wordpress/wp-admin/includes/plugin.php(2387): include_once()\n#1 /wordpress/wp-admin/includes/plugin.php(673): plugin_sandbox_scrape('simple-sidebar-...')\n#2 /internal/eval.php(20): activate_plugin('simple-sidebar-...')\n#3 {main}\n  thrown in /wordpress/wp-content/plugins/simple-sidebar-navigation/simple-sidenav.php on line 677",
    "log": "/logs/plugins/s/statpress-widgets/error.json"
  },
  {
    "message": "Uncaught Error: Undefined constant \"APP_KEY\" in /wordpress/wp-content/plugins/sina-weibo-plugin-for-wordpress/weiboplugin.php:15",
    "level": "FATAL",
    "type": "PHP",
    "test": "ast-sqlite-boot",
    "plugin": "statpress-widgets",
    "details": "[23-May-2025 17:34:13 UTC] PHP Fatal error:  Uncaught Error: Undefined constant \"APP_KEY\" in /wordpress/wp-content/plugins/sina-weibo-plugin-for-wordpress/weiboplugin.php:15\nStack trace:\n#0 /wordpress/wp-admin/includes/plugin.php(2387): include_once()\n#1 /wordpress/wp-admin/includes/plugin.php(673): plugin_sandbox_scrape('sina-weibo-plug...')\n#2 /internal/eval.php(20): activate_plugin('sina-weibo-plug...')\n#3 {main}\n  thrown in /wordpress/wp-content/plugins/sina-weibo-plugin-for-wordpress/weiboplugin.php on line 15",
    "log": "/logs/plugins/s/statpress-widgets/error.json"
  },
  {
    "message": "Uncaught Error: Undefined constant \"APP_KEY\" in /wordpress/wp-content/plugins/sina-weibo-plugin-for-wordpress/weiboplugin.php:15",
    "level": "FATAL",
    "type": "PHP",
    "test": "ast-sqlite-boot",
    "plugin": "statpress-widgets",
    "details": "[23-May-2025 17:34:21 UTC] PHP Fatal error:  Uncaught Error: Undefined constant \"APP_KEY\" in /wordpress/wp-content/plugins/sina-weibo-plugin-for-wordpress/weiboplugin.php:15\nStack trace:\n#0 /wordpress/wp-admin/includes/plugin.php(2387): include_once()\n#1 /wordpress/wp-admin/includes/plugin.php(673): plugin_sandbox_scrape('sina-weibo-plug...')\n#2 /internal/eval.php(20): activate_plugin('sina-weibo-plug...')\n#3 {main}\n  thrown in /wordpress/wp-content/plugins/sina-weibo-plugin-for-wordpress/weiboplugin.php on line 15",
    "log": "/logs/plugins/s/statpress-widgets/error.json"
  },
  {
    "message": "Uncaught Error: Undefined constant \"APP_KEY\" in /wordpress/wp-content/plugins/sina-weibo-plugin-for-wordpress/weiboplugin.php:15",
    "level": "FATAL",
    "type": "PHP",
    "test": "ast-sqlite-boot",
    "plugin": "statpress-widgets",
    "details": "[23-May-2025 17:34:29 UTC] PHP Fatal error:  Uncaught Error: Undefined constant \"APP_KEY\" in /wordpress/wp-content/plugins/sina-weibo-plugin-for-wordpress/weiboplugin.php:15\nStack trace:\n#0 /wordpress/wp-admin/includes/plugin.php(2387): include_once()\n#1 /wordpress/wp-admin/includes/plugin.php(673): plugin_sandbox_scrape('sina-weibo-plug...')\n#2 /internal/eval.php(20): activate_plugin('sina-weibo-plug...')\n#3 {main}\n  thrown in /wordpress/wp-content/plugins/sina-weibo-plugin-for-wordpress/weiboplugin.php on line 15",
    "log": "/logs/plugins/s/statpress-widgets/error.json"
  },
  {
    "message": "SQLSTATE[HY000]: General error: 1 no such table: wp_sirv_images.",
    "level": "FATAL",
    "type": "SQL",
    "test": "ast-sqlite-boot",
    "plugin": "statpress-widgets",
    "details": "[23-May-2025 17:34:50 UTC] WordPress database error <div style=\"clear:both\">&nbsp;</div>\n<div class=\"queries\" style=\"clear:both;margin-bottom:2px;border:red dotted thin;\">\n<p>MySQL query:</p>\n<p>SELECT count(*) FROM wp_sirv_images WHERE status = 'SYNCED'</p>\n<p>Queries made or created this session were:</p>\n<ol>\n<li>Executing: BEGIN | (no parameters)</li>\n<li>Executing: SELECT count(*) FROM wp_sirv_images WHERE status = :param0  | parameters: SYNCED</li>\n<li>Executing: ROLLBACK | (no parameters)</li>\n</ol>\n</div>\n<div style=\"clear:both;margin-bottom:2px;border:red dotted thin;\" class=\"error_message\" style=\"border-bottom:dotted blue thin;\">\nError occurred at line 4117 in Function <code>handle_error</code>. Error message was: SQLSTATE[HY000]: General error: 1 no such table: wp_sirv_images.\n</div>\n<p>Backtrace:</p>\n<pre>#0 /internal/shared/sqlite-database-integration/wp-includes/sqlite/class-wp-sqlite-db.php(287): WP_SQLite_Translator->get_error_message()\n#1 /wordpress/wp-includes/class-wpdb.php(3031): WP_SQLite_DB->query('SELECT count(*)...')\n#2 /wordpress/wp-content/plugins/sirv/sirv.php(3994): wpdb->get_var('SELECT count(*)...')\n#3 /wordpress/wp-content/plugins/sirv/sirv.php(1020): sirv_get_synced_count()\n#4 /wordpress/wp-content/plugins/sirv/sirv.php(695): sirv_fill_empty_options()\n#5 /wordpress/wp-includes/class-wp-hook.php(324): sirv_activation_callback(false)\n#6 /wordpress/wp-includes/class-wp-hook.php(348): WP_Hook->apply_filters('', Array)\n#7 /wordpress/wp-includes/plugin.php(517): WP_Hook->do_action(Array)\n#8 /wordpress/wp-admin/includes/plugin.php(703): do_action('activate_sirv/s...', false)\n#9 /internal/eval.php(20): activate_plugin('sirv/sirv.php')\n#10 {main}</pre>\n for query SELECT count(*) FROM wp_sirv_images WHERE status = 'SYNCED' made by activate_plugin, do_action('activate_sirv/sirv.php'), WP_Hook->do_action, WP_Hook->apply_filters, sirv_activation_callback, sirv_fill_empty_options, sirv_get_synced_count, WP_SQLite_DB->query, WP_SQLite_DB->print_error",
    "log": "/logs/plugins/s/statpress-widgets/error.json"
  },
  {
    "message": "Unknown show type: INDEXES FROM.",
    "level": "FATAL",
    "type": "SQL",
    "test": "ast-sqlite-boot",
    "plugin": "statpress-widgets",
    "details": "[23-May-2025 17:34:51 UTC] WordPress database error <div style=\"clear:both\">&nbsp;</div>\n<div class=\"queries\" style=\"clear:both;margin-bottom:2px;border:red dotted thin;\">\n<p>MySQL query:</p>\n<p>SHOW INDEXES FROM wp_sirv_images WHERE Column_name='attachment_id' AND NOT Non_unique</p>\n<p>Queries made or created this session were:</p>\n<ol>\n<li>Executing: BEGIN | (no parameters)</li>\n<li>Executing: ROLLBACK | (no parameters)</li>\n</ol>\n</div>\n<div style=\"clear:both;margin-bottom:2px;border:red dotted thin;\" class=\"error_message\" style=\"border-bottom:dotted blue thin;\">\nError occurred at line 4117 in Function <code>handle_error</code>. Error message was: Unknown show type: INDEXES FROM.\n</div>\n<p>Backtrace:</p>\n<pre>#0 /internal/shared/sqlite-database-integration/wp-includes/sqlite/class-wp-sqlite-db.php(287): WP_SQLite_Translator->get_error_message()\n#1 /wordpress/wp-includes/class-wpdb.php(3146): WP_SQLite_DB->query('SHOW INDEXES FR...')\n#2 /wordpress/wp-content/plugins/sirv/sirv.php(2003): wpdb->get_results('SHOW INDEXES FR...', 'ARRAY_A')\n#3 /wordpress/wp-content/plugins/sirv/sirv.php(768): sirv_is_unique_field('attachment_id')\n#4 /wordpress/wp-content/plugins/sirv/sirv.php(718): sirv_upgrade_plugin()\n#5 /wordpress/wp-includes/class-wp-hook.php(324): sirv_activation_callback(false)\n#6 /wordpress/wp-includes/class-wp-hook.php(348): WP_Hook->apply_filters('', Array)\n#7 /wordpress/wp-includes/plugin.php(517): WP_Hook->do_action(Array)\n#8 /wordpress/wp-admin/includes/plugin.php(703): do_action('activate_sirv/s...', false)\n#9 /internal/eval.php(20): activate_plugin('sirv/sirv.php')\n#10 {main}</pre>\n for query SHOW INDEXES FROM wp_sirv_images WHERE Column_name='attachment_id' AND NOT Non_unique made by activate_plugin, do_action('activate_sirv/sirv.php'), WP_Hook->do_action, WP_Hook->apply_filters, sirv_activation_callback, sirv_upgrade_plugin, sirv_is_unique_field, WP_SQLite_DB->query, WP_SQLite_DB->print_error",
    "log": "/logs/plugins/s/statpress-widgets/error.json"
  },
  {
    "message": "SQLSTATE[HY000]: General error: 1 near \")\": syntax error.",
    "level": "FATAL",
    "type": "SQL",
    "test": "ast-sqlite-boot",
    "plugin": "statpress-widgets",
    "details": "[23-May-2025 17:34:51 UTC] WordPress database error <div style=\"clear:both\">&nbsp;</div>\n<div class=\"queries\" style=\"clear:both;margin-bottom:2px;border:red dotted thin;\">\n<p>MySQL query:</p>\n<p>ALTER TABLE wp_sirv_images ADD UNIQUE (attachment_id)</p>\n<p>Queries made or created this session were:</p>\n<ol>\n<li>Executing: BEGIN | (no parameters)</li>\n<li>Executing: INSERT INTO _mysql_data_types_cache (`table`, `column_or_index`, `mysql_type`)\n\t\t\t\tVALUES (:table, :column, :datatype)\n\t\t\t\tON CONFLICT(`table`, `column_or_index`) DO UPDATE SET `mysql_type` = :datatype\n\t\t\t | parameters: wp_sirv_images, wp_sirv_images__(, UNIQUE</li>\n<li>Executing: CREATE UNIQUE INDEX &quot;wp_sirv_images__(&quot; ON &quot;wp_sirv_images&quot; () | (no parameters)</li>\n<li>Executing: ROLLBACK | (no parameters)</li>\n</ol>\n</div>\n<div style=\"clear:both;margin-bottom:2px;border:red dotted thin;\" class=\"error_message\" style=\"border-bottom:dotted blue thin;\">\nError occurred at line 4117 in Function <code>handle_error</code>. Error message was: SQLSTATE[HY000]: General error: 1 near \")\": syntax error.\n</div>\n<p>Backtrace:</p>\n<pre>#0 /internal/shared/sqlite-database-integration/wp-includes/sqlite/class-wp-sqlite-db.php(287): WP_SQLite_Translator->get_error_message()\n#1 /wordpress/wp-content/plugins/sirv/sirv.php(2040): WP_SQLite_DB->query('ALTER TABLE wp_...')\n#2 /wordpress/wp-content/plugins/sirv/sirv.php(769): sirv_set_unique_field('attachment_id')\n#3 /wordpress/wp-content/plugins/sirv/sirv.php(718): sirv_upgrade_plugin()\n#4 /wordpress/wp-includes/class-wp-hook.php(324): sirv_activation_callback(false)\n#5 /wordpress/wp-includes/class-wp-hook.php(348): WP_Hook->apply_filters('', Array)\n#6 /wordpress/wp-includes/plugin.php(517): WP_Hook->do_action(Array)\n#7 /wordpress/wp-admin/includes/plugin.php(703): do_action('activate_sirv/s...', false)\n#8 /internal/eval.php(20): activate_plugin('sirv/sirv.php')\n#9 {main}</pre>\n for query ALTER TABLE wp_sirv_images ADD UNIQUE (attachment_id) made by activate_plugin, do_action('activate_sirv/sirv.php'), WP_Hook->do_action, WP_Hook->apply_filters, sirv_activation_callback, sirv_upgrade_plugin, sirv_set_unique_field, WP_SQLite_DB->query, WP_SQLite_DB->print_error",
    "log": "/logs/plugins/s/statpress-widgets/error.json"
  },
  {
    "message": "SQLSTATE[HY000]: General error: 1 near \",\": syntax error.",
    "level": "FATAL",
    "type": "SQL",
    "test": "ast-sqlite-boot",
    "plugin": "statpress-widgets",
    "details": "[23-May-2025 17:34:51 UTC] WordPress database error <div style=\"clear:both\">&nbsp;</div>\n<div class=\"queries\" style=\"clear:both;margin-bottom:2px;border:red dotted thin;\">\n<p>MySQL query:</p>\n<p>ALTER TABLE wp_sirv_images\n                  DROP `sirvpath`,\n                  DROP `sirv_image_url`,\n                  DROP `sirv_folder`</p>\n<p>Queries made or created this session were:</p>\n<ol>\n<li>Executing: BEGIN | (no parameters)</li>\n<li>Executing: ALTER TABLE wp_sirv_images\n                  DROP `sirvpath`,\n                  DROP `sirv_image_url`,\n                  DROP `sirv_folder` | (no parameters)</li>\n<li>Executing: ROLLBACK | (no parameters)</li>\n</ol>\n</div>\n<div style=\"clear:both;margin-bottom:2px;border:red dotted thin;\" class=\"error_message\" style=\"border-bottom:dotted blue thin;\">\nError occurred at line 4117 in Function <code>handle_error</code>. Error message was: SQLSTATE[HY000]: General error: 1 near \",\": syntax error.\n</div>\n<p>Backtrace:</p>\n<pre>#0 /internal/shared/sqlite-database-integration/wp-includes/sqlite/class-wp-sqlite-db.php(287): WP_SQLite_Translator->get_error_message()\n#1 /wordpress/wp-content/plugins/sirv/sirv.php(1054): WP_SQLite_DB->query('ALTER TABLE wp_...')\n#2 /wordpress/wp-content/plugins/sirv/sirv.php(772): sirv_fix_db()\n#3 /wordpress/wp-content/plugins/sirv/sirv.php(718): sirv_upgrade_plugin()\n#4 /wordpress/wp-includes/class-wp-hook.php(324): sirv_activation_callback(false)\n#5 /wordpress/wp-includes/class-wp-hook.php(348): WP_Hook->apply_filters('', Array)\n#6 /wordpress/wp-includes/plugin.php(517): WP_Hook->do_action(Array)\n#7 /wordpress/wp-admin/includes/plugin.php(703): do_action('activate_sirv/s...', false)\n#8 /internal/eval.php(20): activate_plugin('sirv/sirv.php')\n#9 {main}</pre>\n for query ALTER TABLE wp_sirv_images\n                  DROP `sirvpath`,\n                  DROP `sirv_image_url`,\n                  DROP `sirv_folder` made by activate_plugin, do_action('activate_sirv/sirv.php'), WP_Hook->do_action, WP_Hook->apply_filters, sirv_activation_callback, sirv_upgrade_plugin, sirv_fix_db, WP_SQLite_DB->query, WP_SQLite_DB->print_error",
    "log": "/logs/plugins/s/statpress-widgets/error.json"
  },
  {
    "message": "SQLSTATE[HY000]: General error: 1 duplicate column name: checks.",
    "level": "FATAL",
    "type": "SQL",
    "test": "ast-sqlite-boot",
    "plugin": "statpress-widgets",
    "details": "[23-May-2025 17:34:51 UTC] WordPress database error <div style=\"clear:both\">&nbsp;</div>\n<div class=\"queries\" style=\"clear:both;margin-bottom:2px;border:red dotted thin;\">\n<p>MySQL query:</p>\n<p>ALTER TABLE wp_sirv_images ADD `checks` TINYINT UNSIGNED NULL DEFAULT 0 AFTER `timestamp_synced`</p>\n<p>Queries made or created this session were:</p>\n<ol>\n<li>Executing: BEGIN | (no parameters)</li>\n<li>Executing: INSERT INTO _mysql_data_types_cache (`table`, `column_or_index`, `mysql_type`)\n\t\t\t\tVALUES (:table, :column, :datatype)\n\t\t\t\tON CONFLICT(`table`, `column_or_index`) DO UPDATE SET `mysql_type` = :datatype\n\t\t\t | parameters: wp_sirv_images, `CHECKS`, tinyint UNSIGNED</li>\n<li>Executing: ALTER TABLE wp_sirv_images ADD `checks`  integer NULL DEFAULT 0   | (no parameters)</li>\n<li>Executing: ROLLBACK | (no parameters)</li>\n</ol>\n</div>\n<div style=\"clear:both;margin-bottom:2px;border:red dotted thin;\" class=\"error_message\" style=\"border-bottom:dotted blue thin;\">\nError occurred at line 4117 in Function <code>handle_error</code>. Error message was: SQLSTATE[HY000]: General error: 1 duplicate column name: checks.\n</div>\n<p>Backtrace:</p>\n<pre>#0 /internal/shared/sqlite-database-integration/wp-includes/sqlite/class-wp-sqlite-db.php(287): WP_SQLite_Translator->get_error_message()\n#1 /wordpress/wp-content/plugins/sirv/sirv.php(1058): WP_SQLite_DB->query('ALTER TABLE wp_...')\n#2 /wordpress/wp-content/plugins/sirv/sirv.php(772): sirv_fix_db()\n#3 /wordpress/wp-content/plugins/sirv/sirv.php(718): sirv_upgrade_plugin()\n#4 /wordpress/wp-includes/class-wp-hook.php(324): sirv_activation_callback(false)\n#5 /wordpress/wp-includes/class-wp-hook.php(348): WP_Hook->apply_filters('', Array)\n#6 /wordpress/wp-includes/plugin.php(517): WP_Hook->do_action(Array)\n#7 /wordpress/wp-admin/includes/plugin.php(703): do_action('activate_sirv/s...', false)\n#8 /internal/eval.php(20): activate_plugin('sirv/sirv.php')\n#9 {main}</pre>\n for query ALTER TABLE wp_sirv_images ADD `checks` TINYINT UNSIGNED NULL DEFAULT 0 AFTER `timestamp_synced` made by activate_plugin, do_action('activate_sirv/sirv.php'), WP_Hook->do_action, WP_Hook->apply_filters, sirv_activation_callback, sirv_upgrade_plugin, sirv_fix_db, WP_SQLite_DB->query, WP_SQLite_DB->print_error",
    "log": "/logs/plugins/s/statpress-widgets/error.json"
  },
  {
    "message": "SQLSTATE[HY000]: General error: 1 duplicate column name: timestamp_checks.",
    "level": "FATAL",
    "type": "SQL",
    "test": "ast-sqlite-boot",
    "plugin": "statpress-widgets",
    "details": "[23-May-2025 17:34:51 UTC] WordPress database error <div style=\"clear:both\">&nbsp;</div>\n<div class=\"queries\" style=\"clear:both;margin-bottom:2px;border:red dotted thin;\">\n<p>MySQL query:</p>\n<p>ALTER TABLE wp_sirv_images ADD `timestamp_checks` INT NULL DEFAULT NULL AFTER `checks`</p>\n<p>Queries made or created this session were:</p>\n<ol>\n<li>Executing: BEGIN | (no parameters)</li>\n<li>Executing: INSERT INTO _mysql_data_types_cache (`table`, `column_or_index`, `mysql_type`)\n\t\t\t\tVALUES (:table, :column, :datatype)\n\t\t\t\tON CONFLICT(`table`, `column_or_index`) DO UPDATE SET `mysql_type` = :datatype\n\t\t\t | parameters: wp_sirv_images, `TIMESTAMP_CHECKS`, int</li>\n<li>Executing: ALTER TABLE wp_sirv_images ADD `timestamp_checks` integer NULL DEFAULT NULL   | (no parameters)</li>\n<li>Executing: ROLLBACK | (no parameters)</li>\n</ol>\n</div>\n<div style=\"clear:both;margin-bottom:2px;border:red dotted thin;\" class=\"error_message\" style=\"border-bottom:dotted blue thin;\">\nError occurred at line 4117 in Function <code>handle_error</code>. Error message was: SQLSTATE[HY000]: General error: 1 duplicate column name: timestamp_checks.\n</div>\n<p>Backtrace:</p>\n<pre>#0 /internal/shared/sqlite-database-integration/wp-includes/sqlite/class-wp-sqlite-db.php(287): WP_SQLite_Translator->get_error_message()\n#1 /wordpress/wp-content/plugins/sirv/sirv.php(1059): WP_SQLite_DB->query('ALTER TABLE wp_...')\n#2 /wordpress/wp-content/plugins/sirv/sirv.php(772): sirv_fix_db()\n#3 /wordpress/wp-content/plugins/sirv/sirv.php(718): sirv_upgrade_plugin()\n#4 /wordpress/wp-includes/class-wp-hook.php(324): sirv_activation_callback(false)\n#5 /wordpress/wp-includes/class-wp-hook.php(348): WP_Hook->apply_filters('', Array)\n#6 /wordpress/wp-includes/plugin.php(517): WP_Hook->do_action(Array)\n#7 /wordpress/wp-admin/includes/plugin.php(703): do_action('activate_sirv/s...', false)\n#8 /internal/eval.php(20): activate_plugin('sirv/sirv.php')\n#9 {main}</pre>\n for query ALTER TABLE wp_sirv_images ADD `timestamp_checks` INT NULL DEFAULT NULL AFTER `checks` made by activate_plugin, do_action('activate_sirv/sirv.php'), WP_Hook->do_action, WP_Hook->apply_filters, sirv_activation_callback, sirv_upgrade_plugin, sirv_fix_db, WP_SQLite_DB->query, WP_SQLite_DB->print_error",
    "log": "/logs/plugins/s/statpress-widgets/error.json"
  },
  {
    "message": "SQLSTATE[HY000]: General error: 1 duplicate column name: status.",
    "level": "FATAL",
    "type": "SQL",
    "test": "ast-sqlite-boot",
    "plugin": "statpress-widgets",
    "details": "[23-May-2025 17:34:51 UTC] WordPress database error <div style=\"clear:both\">&nbsp;</div>\n<div class=\"queries\" style=\"clear:both;margin-bottom:2px;border:red dotted thin;\">\n<p>MySQL query:</p>\n<p>ALTER TABLE wp_sirv_images ADD `status` enum('NEW', 'PROCESSING', 'SYNCED', 'FAILED') DEFAULT NULL AFTER `size`</p>\n<p>Queries made or created this session were:</p>\n<ol>\n<li>Executing: BEGIN | (no parameters)</li>\n<li>Executing: INSERT INTO _mysql_data_types_cache (`table`, `column_or_index`, `mysql_type`)\n\t\t\t\tVALUES (:table, :column, :datatype)\n\t\t\t\tON CONFLICT(`table`, `column_or_index`) DO UPDATE SET `mysql_type` = :datatype\n\t\t\t | parameters: wp_sirv_images, `STATUS`, enum('NEW','PROCESSING','SYNCED','FAILED')</li>\n<li>Executing: ALTER TABLE wp_sirv_images ADD `status`    text DEFAULT NULL   | (no parameters)</li>\n<li>Executing: ROLLBACK | (no parameters)</li>\n</ol>\n</div>\n<div style=\"clear:both;margin-bottom:2px;border:red dotted thin;\" class=\"error_message\" style=\"border-bottom:dotted blue thin;\">\nError occurred at line 4117 in Function <code>handle_error</code>. Error message was: SQLSTATE[HY000]: General error: 1 duplicate column name: status.\n</div>\n<p>Backtrace:</p>\n<pre>#0 /internal/shared/sqlite-database-integration/wp-includes/sqlite/class-wp-sqlite-db.php(287): WP_SQLite_Translator->get_error_message()\n#1 /wordpress/wp-content/plugins/sirv/sirv.php(1060): WP_SQLite_DB->query('ALTER TABLE wp_...')\n#2 /wordpress/wp-content/plugins/sirv/sirv.php(772): sirv_fix_db()\n#3 /wordpress/wp-content/plugins/sirv/sirv.php(718): sirv_upgrade_plugin()\n#4 /wordpress/wp-includes/class-wp-hook.php(324): sirv_activation_callback(false)\n#5 /wordpress/wp-includes/class-wp-hook.php(348): WP_Hook->apply_filters('', Array)\n#6 /wordpress/wp-includes/plugin.php(517): WP_Hook->do_action(Array)\n#7 /wordpress/wp-admin/includes/plugin.php(703): do_action('activate_sirv/s...', false)\n#8 /internal/eval.php(20): activate_plugin('sirv/sirv.php')\n#9 {main}</pre>\n for query ALTER TABLE wp_sirv_images ADD `status` enum('NEW', 'PROCESSING', 'SYNCED', 'FAILED') DEFAULT NULL AFTER `size` made by activate_plugin, do_action('activate_sirv/sirv.php'), WP_Hook->do_action, WP_Hook->apply_filters, sirv_activation_callback, sirv_upgrade_plugin, sirv_fix_db, WP_SQLite_DB->query, WP_SQLite_DB->print_error",
    "log": "/logs/plugins/s/statpress-widgets/error.json"
  },
  {
    "message": "SQLSTATE[HY000]: General error: 1 duplicate column name: error_type.",
    "level": "FATAL",
    "type": "SQL",
    "test": "ast-sqlite-boot",
    "plugin": "statpress-widgets",
    "details": "[23-May-2025 17:34:51 UTC] WordPress database error <div style=\"clear:both\">&nbsp;</div>\n<div class=\"queries\" style=\"clear:both;margin-bottom:2px;border:red dotted thin;\">\n<p>MySQL query:</p>\n<p>ALTER TABLE wp_sirv_images ADD `error_type` TINYINT UNSIGNED NULL DEFAULT NULL AFTER `status`</p>\n<p>Queries made or created this session were:</p>\n<ol>\n<li>Executing: BEGIN | (no parameters)</li>\n<li>Executing: INSERT INTO _mysql_data_types_cache (`table`, `column_or_index`, `mysql_type`)\n\t\t\t\tVALUES (:table, :column, :datatype)\n\t\t\t\tON CONFLICT(`table`, `column_or_index`) DO UPDATE SET `mysql_type` = :datatype\n\t\t\t | parameters: wp_sirv_images, `ERROR_TYPE`, tinyint UNSIGNED</li>\n<li>Executing: ALTER TABLE wp_sirv_images ADD `error_type`  integer NULL DEFAULT NULL   | (no parameters)</li>\n<li>Executing: ROLLBACK | (no parameters)</li>\n</ol>\n</div>\n<div style=\"clear:both;margin-bottom:2px;border:red dotted thin;\" class=\"error_message\" style=\"border-bottom:dotted blue thin;\">\nError occurred at line 4117 in Function <code>handle_error</code>. Error message was: SQLSTATE[HY000]: General error: 1 duplicate column name: error_type.\n</div>\n<p>Backtrace:</p>\n<pre>#0 /internal/shared/sqlite-database-integration/wp-includes/sqlite/class-wp-sqlite-db.php(287): WP_SQLite_Translator->get_error_message()\n#1 /wordpress/wp-content/plugins/sirv/sirv.php(1061): WP_SQLite_DB->query('ALTER TABLE wp_...')\n#2 /wordpress/wp-content/plugins/sirv/sirv.php(772): sirv_fix_db()\n#3 /wordpress/wp-content/plugins/sirv/sirv.php(718): sirv_upgrade_plugin()\n#4 /wordpress/wp-includes/class-wp-hook.php(324): sirv_activation_callback(false)\n#5 /wordpress/wp-includes/class-wp-hook.php(348): WP_Hook->apply_filters('', Array)\n#6 /wordpress/wp-includes/plugin.php(517): WP_Hook->do_action(Array)\n#7 /wordpress/wp-admin/includes/plugin.php(703): do_action('activate_sirv/s...', false)\n#8 /internal/eval.php(20): activate_plugin('sirv/sirv.php')\n#9 {main}</pre>\n for query ALTER TABLE wp_sirv_images ADD `error_type` TINYINT UNSIGNED NULL DEFAULT NULL AFTER `status` made by activate_plugin, do_action('activate_sirv/sirv.php'), WP_Hook->do_action, WP_Hook->apply_filters, sirv_activation_callback, sirv_upgrade_plugin, sirv_fix_db, WP_SQLite_DB->query, WP_SQLite_DB->print_error",
    "log": "/logs/plugins/s/statpress-widgets/error.json"
  },
  {
    "message": "SQLSTATE[HY000]: General error: 1 near \"SET\": syntax error.",
    "level": "FATAL",
    "type": "SQL",
    "test": "ast-sqlite-boot",
    "plugin": "statpress-widgets",
    "details": "[23-May-2025 17:34:51 UTC] WordPress database error <div style=\"clear:both\">&nbsp;</div>\n<div class=\"queries\" style=\"clear:both;margin-bottom:2px;border:red dotted thin;\">\n<p>MySQL query:</p>\n<p>ALTER TABLE wp_sirv_images ADD `sirv_path` VARCHAR(1000) CHARACTER SET utf8 COLLATE utf8_general_ci NULL DEFAULT NULL AFTER `img_path`</p>\n<p>Queries made or created this session were:</p>\n<ol>\n<li>Executing: BEGIN | (no parameters)</li>\n<li>Executing: INSERT INTO _mysql_data_types_cache (`table`, `column_or_index`, `mysql_type`)\n\t\t\t\tVALUES (:table, :column, :datatype)\n\t\t\t\tON CONFLICT(`table`, `column_or_index`) DO UPDATE SET `mysql_type` = :datatype\n\t\t\t | parameters: wp_sirv_images, `SIRV_PATH`, varchar(1000)</li>\n<li>Executing: ALTER TABLE wp_sirv_images ADD `sirv_path` text CHARACTER SET utf8 COLLATE utf8_general_ci NULL DEFAULT NULL   | (no parameters)</li>\n<li>Executing: ROLLBACK | (no parameters)</li>\n</ol>\n</div>\n<div style=\"clear:both;margin-bottom:2px;border:red dotted thin;\" class=\"error_message\" style=\"border-bottom:dotted blue thin;\">\nError occurred at line 4117 in Function <code>handle_error</code>. Error message was: SQLSTATE[HY000]: General error: 1 near \"SET\": syntax error.\n</div>\n<p>Backtrace:</p>\n<pre>#0 /internal/shared/sqlite-database-integration/wp-includes/sqlite/class-wp-sqlite-db.php(287): WP_SQLite_Translator->get_error_message()\n#1 /wordpress/wp-content/plugins/sirv/sirv.php(1062): WP_SQLite_DB->query('ALTER TABLE wp_...')\n#2 /wordpress/wp-content/plugins/sirv/sirv.php(772): sirv_fix_db()\n#3 /wordpress/wp-content/plugins/sirv/sirv.php(718): sirv_upgrade_plugin()\n#4 /wordpress/wp-includes/class-wp-hook.php(324): sirv_activation_callback(false)\n#5 /wordpress/wp-includes/class-wp-hook.php(348): WP_Hook->apply_filters('', Array)\n#6 /wordpress/wp-includes/plugin.php(517): WP_Hook->do_action(Array)\n#7 /wordpress/wp-admin/includes/plugin.php(703): do_action('activate_sirv/s...', false)\n#8 /internal/eval.php(20): activate_plugin('sirv/sirv.php')\n#9 {main}</pre>\n for query ALTER TABLE wp_sirv_images ADD `sirv_path` VARCHAR(1000) CHARACTER SET utf8 COLLATE utf8_general_ci NULL DEFAULT NULL AFTER `img_path` made by activate_plugin, do_action('activate_sirv/sirv.php'), WP_Hook->do_action, WP_Hook->apply_filters, sirv_activation_callback, sirv_upgrade_plugin, sirv_fix_db, WP_SQLite_DB->query, WP_SQLite_DB->print_error",
    "log": "/logs/plugins/s/statpress-widgets/error.json"
  },
  {
    "message": "SQLSTATE[HY000]: General error: 1 no such table: wp_sirv_images.",
    "level": "FATAL",
    "type": "SQL",
    "test": "ast-sqlite-boot",
    "plugin": "statpress-widgets",
    "details": "[23-May-2025 17:35:00 UTC] WordPress database error <div style=\"clear:both\">&nbsp;</div>\n<div class=\"queries\" style=\"clear:both;margin-bottom:2px;border:red dotted thin;\">\n<p>MySQL query:</p>\n<p>SELECT count(*) FROM wp_sirv_images WHERE status = 'SYNCED'</p>\n<p>Queries made or created this session were:</p>\n<ol>\n<li>Executing: BEGIN | (no parameters)</li>\n<li>Executing: SELECT count(*) FROM wp_sirv_images WHERE status = :param0  | parameters: SYNCED</li>\n<li>Executing: ROLLBACK | (no parameters)</li>\n</ol>\n</div>\n<div style=\"clear:both;margin-bottom:2px;border:red dotted thin;\" class=\"error_message\" style=\"border-bottom:dotted blue thin;\">\nError occurred at line 4117 in Function <code>handle_error</code>. Error message was: SQLSTATE[HY000]: General error: 1 no such table: wp_sirv_images.\n</div>\n<p>Backtrace:</p>\n<pre>#0 /internal/shared/sqlite-database-integration/wp-includes/sqlite/class-wp-sqlite-db.php(287): WP_SQLite_Translator->get_error_message()\n#1 /wordpress/wp-includes/class-wpdb.php(3031): WP_SQLite_DB->query('SELECT count(*)...')\n#2 /wordpress/wp-content/plugins/sirv/sirv.php(3994): wpdb->get_var('SELECT count(*)...')\n#3 /wordpress/wp-content/plugins/sirv/sirv.php(1020): sirv_get_synced_count()\n#4 /wordpress/wp-content/plugins/sirv/sirv.php(695): sirv_fill_empty_options()\n#5 /wordpress/wp-includes/class-wp-hook.php(324): sirv_activation_callback(false)\n#6 /wordpress/wp-includes/class-wp-hook.php(348): WP_Hook->apply_filters('', Array)\n#7 /wordpress/wp-includes/plugin.php(517): WP_Hook->do_action(Array)\n#8 /wordpress/wp-admin/includes/plugin.php(703): do_action('activate_sirv/s...', false)\n#9 /internal/eval.php(20): activate_plugin('sirv/sirv.php')\n#10 {main}</pre>\n for query SELECT count(*) FROM wp_sirv_images WHERE status = 'SYNCED' made by activate_plugin, do_action('activate_sirv/sirv.php'), WP_Hook->do_action, WP_Hook->apply_filters, sirv_activation_callback, sirv_fill_empty_options, sirv_get_synced_count, WP_SQLite_DB->query, WP_SQLite_DB->print_error",
    "log": "/logs/plugins/s/statpress-widgets/error.json"
  },
  {
    "message": "Unknown show type: INDEXES FROM.",
    "level": "FATAL",
    "type": "SQL",
    "test": "ast-sqlite-boot",
    "plugin": "statpress-widgets",
    "details": "[23-May-2025 17:35:01 UTC] WordPress database error <div style=\"clear:both\">&nbsp;</div>\n<div class=\"queries\" style=\"clear:both;margin-bottom:2px;border:red dotted thin;\">\n<p>MySQL query:</p>\n<p>SHOW INDEXES FROM wp_sirv_images WHERE Column_name='attachment_id' AND NOT Non_unique</p>\n<p>Queries made or created this session were:</p>\n<ol>\n<li>Executing: BEGIN | (no parameters)</li>\n<li>Executing: ROLLBACK | (no parameters)</li>\n</ol>\n</div>\n<div style=\"clear:both;margin-bottom:2px;border:red dotted thin;\" class=\"error_message\" style=\"border-bottom:dotted blue thin;\">\nError occurred at line 4117 in Function <code>handle_error</code>. Error message was: Unknown show type: INDEXES FROM.\n</div>\n<p>Backtrace:</p>\n<pre>#0 /internal/shared/sqlite-database-integration/wp-includes/sqlite/class-wp-sqlite-db.php(287): WP_SQLite_Translator->get_error_message()\n#1 /wordpress/wp-includes/class-wpdb.php(3146): WP_SQLite_DB->query('SHOW INDEXES FR...')\n#2 /wordpress/wp-content/plugins/sirv/sirv.php(2003): wpdb->get_results('SHOW INDEXES FR...', 'ARRAY_A')\n#3 /wordpress/wp-content/plugins/sirv/sirv.php(768): sirv_is_unique_field('attachment_id')\n#4 /wordpress/wp-content/plugins/sirv/sirv.php(718): sirv_upgrade_plugin()\n#5 /wordpress/wp-includes/class-wp-hook.php(324): sirv_activation_callback(false)\n#6 /wordpress/wp-includes/class-wp-hook.php(348): WP_Hook->apply_filters('', Array)\n#7 /wordpress/wp-includes/plugin.php(517): WP_Hook->do_action(Array)\n#8 /wordpress/wp-admin/includes/plugin.php(703): do_action('activate_sirv/s...', false)\n#9 /internal/eval.php(20): activate_plugin('sirv/sirv.php')\n#10 {main}</pre>\n for query SHOW INDEXES FROM wp_sirv_images WHERE Column_name='attachment_id' AND NOT Non_unique made by activate_plugin, do_action('activate_sirv/sirv.php'), WP_Hook->do_action, WP_Hook->apply_filters, sirv_activation_callback, sirv_upgrade_plugin, sirv_is_unique_field, WP_SQLite_DB->query, WP_SQLite_DB->print_error",
    "log": "/logs/plugins/s/statpress-widgets/error.json"
  },
  {
    "message": "SQLSTATE[HY000]: General error: 1 near \")\": syntax error.",
    "level": "FATAL",
    "type": "SQL",
    "test": "ast-sqlite-boot",
    "plugin": "statpress-widgets",
    "details": "[23-May-2025 17:35:01 UTC] WordPress database error <div style=\"clear:both\">&nbsp;</div>\n<div class=\"queries\" style=\"clear:both;margin-bottom:2px;border:red dotted thin;\">\n<p>MySQL query:</p>\n<p>ALTER TABLE wp_sirv_images ADD UNIQUE (attachment_id)</p>\n<p>Queries made or created this session were:</p>\n<ol>\n<li>Executing: BEGIN | (no parameters)</li>\n<li>Executing: INSERT INTO _mysql_data_types_cache (`table`, `column_or_index`, `mysql_type`)\n\t\t\t\tVALUES (:table, :column, :datatype)\n\t\t\t\tON CONFLICT(`table`, `column_or_index`) DO UPDATE SET `mysql_type` = :datatype\n\t\t\t | parameters: wp_sirv_images, wp_sirv_images__(, UNIQUE</li>\n<li>Executing: CREATE UNIQUE INDEX &quot;wp_sirv_images__(&quot; ON &quot;wp_sirv_images&quot; () | (no parameters)</li>\n<li>Executing: ROLLBACK | (no parameters)</li>\n</ol>\n</div>\n<div style=\"clear:both;margin-bottom:2px;border:red dotted thin;\" class=\"error_message\" style=\"border-bottom:dotted blue thin;\">\nError occurred at line 4117 in Function <code>handle_error</code>. Error message was: SQLSTATE[HY000]: General error: 1 near \")\": syntax error.\n</div>\n<p>Backtrace:</p>\n<pre>#0 /internal/shared/sqlite-database-integration/wp-includes/sqlite/class-wp-sqlite-db.php(287): WP_SQLite_Translator->get_error_message()\n#1 /wordpress/wp-content/plugins/sirv/sirv.php(2040): WP_SQLite_DB->query('ALTER TABLE wp_...')\n#2 /wordpress/wp-content/plugins/sirv/sirv.php(769): sirv_set_unique_field('attachment_id')\n#3 /wordpress/wp-content/plugins/sirv/sirv.php(718): sirv_upgrade_plugin()\n#4 /wordpress/wp-includes/class-wp-hook.php(324): sirv_activation_callback(false)\n#5 /wordpress/wp-includes/class-wp-hook.php(348): WP_Hook->apply_filters('', Array)\n#6 /wordpress/wp-includes/plugin.php(517): WP_Hook->do_action(Array)\n#7 /wordpress/wp-admin/includes/plugin.php(703): do_action('activate_sirv/s...', false)\n#8 /internal/eval.php(20): activate_plugin('sirv/sirv.php')\n#9 {main}</pre>\n for query ALTER TABLE wp_sirv_images ADD UNIQUE (attachment_id) made by activate_plugin, do_action('activate_sirv/sirv.php'), WP_Hook->do_action, WP_Hook->apply_filters, sirv_activation_callback, sirv_upgrade_plugin, sirv_set_unique_field, WP_SQLite_DB->query, WP_SQLite_DB->print_error",
    "log": "/logs/plugins/s/statpress-widgets/error.json"
  },
  {
    "message": "SQLSTATE[HY000]: General error: 1 near \",\": syntax error.",
    "level": "FATAL",
    "type": "SQL",
    "test": "ast-sqlite-boot",
    "plugin": "statpress-widgets",
    "details": "[23-May-2025 17:35:01 UTC] WordPress database error <div style=\"clear:both\">&nbsp;</div>\n<div class=\"queries\" style=\"clear:both;margin-bottom:2px;border:red dotted thin;\">\n<p>MySQL query:</p>\n<p>ALTER TABLE wp_sirv_images\n                  DROP `sirvpath`,\n                  DROP `sirv_image_url`,\n                  DROP `sirv_folder`</p>\n<p>Queries made or created this session were:</p>\n<ol>\n<li>Executing: BEGIN | (no parameters)</li>\n<li>Executing: ALTER TABLE wp_sirv_images\n                  DROP `sirvpath`,\n                  DROP `sirv_image_url`,\n                  DROP `sirv_folder` | (no parameters)</li>\n<li>Executing: ROLLBACK | (no parameters)</li>\n</ol>\n</div>\n<div style=\"clear:both;margin-bottom:2px;border:red dotted thin;\" class=\"error_message\" style=\"border-bottom:dotted blue thin;\">\nError occurred at line 4117 in Function <code>handle_error</code>. Error message was: SQLSTATE[HY000]: General error: 1 near \",\": syntax error.\n</div>\n<p>Backtrace:</p>\n<pre>#0 /internal/shared/sqlite-database-integration/wp-includes/sqlite/class-wp-sqlite-db.php(287): WP_SQLite_Translator->get_error_message()\n#1 /wordpress/wp-content/plugins/sirv/sirv.php(1054): WP_SQLite_DB->query('ALTER TABLE wp_...')\n#2 /wordpress/wp-content/plugins/sirv/sirv.php(772): sirv_fix_db()\n#3 /wordpress/wp-content/plugins/sirv/sirv.php(718): sirv_upgrade_plugin()\n#4 /wordpress/wp-includes/class-wp-hook.php(324): sirv_activation_callback(false)\n#5 /wordpress/wp-includes/class-wp-hook.php(348): WP_Hook->apply_filters('', Array)\n#6 /wordpress/wp-includes/plugin.php(517): WP_Hook->do_action(Array)\n#7 /wordpress/wp-admin/includes/plugin.php(703): do_action('activate_sirv/s...', false)\n#8 /internal/eval.php(20): activate_plugin('sirv/sirv.php')\n#9 {main}</pre>\n for query ALTER TABLE wp_sirv_images\n                  DROP `sirvpath`,\n                  DROP `sirv_image_url`,\n                  DROP `sirv_folder` made by activate_plugin, do_action('activate_sirv/sirv.php'), WP_Hook->do_action, WP_Hook->apply_filters, sirv_activation_callback, sirv_upgrade_plugin, sirv_fix_db, WP_SQLite_DB->query, WP_SQLite_DB->print_error",
    "log": "/logs/plugins/s/statpress-widgets/error.json"
  },
  {
    "message": "SQLSTATE[HY000]: General error: 1 duplicate column name: checks.",
    "level": "FATAL",
    "type": "SQL",
    "test": "ast-sqlite-boot",
    "plugin": "statpress-widgets",
    "details": "[23-May-2025 17:35:01 UTC] WordPress database error <div style=\"clear:both\">&nbsp;</div>\n<div class=\"queries\" style=\"clear:both;margin-bottom:2px;border:red dotted thin;\">\n<p>MySQL query:</p>\n<p>ALTER TABLE wp_sirv_images ADD `checks` TINYINT UNSIGNED NULL DEFAULT 0 AFTER `timestamp_synced`</p>\n<p>Queries made or created this session were:</p>\n<ol>\n<li>Executing: BEGIN | (no parameters)</li>\n<li>Executing: INSERT INTO _mysql_data_types_cache (`table`, `column_or_index`, `mysql_type`)\n\t\t\t\tVALUES (:table, :column, :datatype)\n\t\t\t\tON CONFLICT(`table`, `column_or_index`) DO UPDATE SET `mysql_type` = :datatype\n\t\t\t | parameters: wp_sirv_images, `CHECKS`, tinyint UNSIGNED</li>\n<li>Executing: ALTER TABLE wp_sirv_images ADD `checks`  integer NULL DEFAULT 0   | (no parameters)</li>\n<li>Executing: ROLLBACK | (no parameters)</li>\n</ol>\n</div>\n<div style=\"clear:both;margin-bottom:2px;border:red dotted thin;\" class=\"error_message\" style=\"border-bottom:dotted blue thin;\">\nError occurred at line 4117 in Function <code>handle_error</code>. Error message was: SQLSTATE[HY000]: General error: 1 duplicate column name: checks.\n</div>\n<p>Backtrace:</p>\n<pre>#0 /internal/shared/sqlite-database-integration/wp-includes/sqlite/class-wp-sqlite-db.php(287): WP_SQLite_Translator->get_error_message()\n#1 /wordpress/wp-content/plugins/sirv/sirv.php(1058): WP_SQLite_DB->query('ALTER TABLE wp_...')\n#2 /wordpress/wp-content/plugins/sirv/sirv.php(772): sirv_fix_db()\n#3 /wordpress/wp-content/plugins/sirv/sirv.php(718): sirv_upgrade_plugin()\n#4 /wordpress/wp-includes/class-wp-hook.php(324): sirv_activation_callback(false)\n#5 /wordpress/wp-includes/class-wp-hook.php(348): WP_Hook->apply_filters('', Array)\n#6 /wordpress/wp-includes/plugin.php(517): WP_Hook->do_action(Array)\n#7 /wordpress/wp-admin/includes/plugin.php(703): do_action('activate_sirv/s...', false)\n#8 /internal/eval.php(20): activate_plugin('sirv/sirv.php')\n#9 {main}</pre>\n for query ALTER TABLE wp_sirv_images ADD `checks` TINYINT UNSIGNED NULL DEFAULT 0 AFTER `timestamp_synced` made by activate_plugin, do_action('activate_sirv/sirv.php'), WP_Hook->do_action, WP_Hook->apply_filters, sirv_activation_callback, sirv_upgrade_plugin, sirv_fix_db, WP_SQLite_DB->query, WP_SQLite_DB->print_error",
    "log": "/logs/plugins/s/statpress-widgets/error.json"
  },
  {
    "message": "SQLSTATE[HY000]: General error: 1 duplicate column name: timestamp_checks.",
    "level": "FATAL",
    "type": "SQL",
    "test": "ast-sqlite-boot",
    "plugin": "statpress-widgets",
    "details": "[23-May-2025 17:35:01 UTC] WordPress database error <div style=\"clear:both\">&nbsp;</div>\n<div class=\"queries\" style=\"clear:both;margin-bottom:2px;border:red dotted thin;\">\n<p>MySQL query:</p>\n<p>ALTER TABLE wp_sirv_images ADD `timestamp_checks` INT NULL DEFAULT NULL AFTER `checks`</p>\n<p>Queries made or created this session were:</p>\n<ol>\n<li>Executing: BEGIN | (no parameters)</li>\n<li>Executing: INSERT INTO _mysql_data_types_cache (`table`, `column_or_index`, `mysql_type`)\n\t\t\t\tVALUES (:table, :column, :datatype)\n\t\t\t\tON CONFLICT(`table`, `column_or_index`) DO UPDATE SET `mysql_type` = :datatype\n\t\t\t | parameters: wp_sirv_images, `TIMESTAMP_CHECKS`, int</li>\n<li>Executing: ALTER TABLE wp_sirv_images ADD `timestamp_checks` integer NULL DEFAULT NULL   | (no parameters)</li>\n<li>Executing: ROLLBACK | (no parameters)</li>\n</ol>\n</div>\n<div style=\"clear:both;margin-bottom:2px;border:red dotted thin;\" class=\"error_message\" style=\"border-bottom:dotted blue thin;\">\nError occurred at line 4117 in Function <code>handle_error</code>. Error message was: SQLSTATE[HY000]: General error: 1 duplicate column name: timestamp_checks.\n</div>\n<p>Backtrace:</p>\n<pre>#0 /internal/shared/sqlite-database-integration/wp-includes/sqlite/class-wp-sqlite-db.php(287): WP_SQLite_Translator->get_error_message()\n#1 /wordpress/wp-content/plugins/sirv/sirv.php(1059): WP_SQLite_DB->query('ALTER TABLE wp_...')\n#2 /wordpress/wp-content/plugins/sirv/sirv.php(772): sirv_fix_db()\n#3 /wordpress/wp-content/plugins/sirv/sirv.php(718): sirv_upgrade_plugin()\n#4 /wordpress/wp-includes/class-wp-hook.php(324): sirv_activation_callback(false)\n#5 /wordpress/wp-includes/class-wp-hook.php(348): WP_Hook->apply_filters('', Array)\n#6 /wordpress/wp-includes/plugin.php(517): WP_Hook->do_action(Array)\n#7 /wordpress/wp-admin/includes/plugin.php(703): do_action('activate_sirv/s...', false)\n#8 /internal/eval.php(20): activate_plugin('sirv/sirv.php')\n#9 {main}</pre>\n for query ALTER TABLE wp_sirv_images ADD `timestamp_checks` INT NULL DEFAULT NULL AFTER `checks` made by activate_plugin, do_action('activate_sirv/sirv.php'), WP_Hook->do_action, WP_Hook->apply_filters, sirv_activation_callback, sirv_upgrade_plugin, sirv_fix_db, WP_SQLite_DB->query, WP_SQLite_DB->print_error",
    "log": "/logs/plugins/s/statpress-widgets/error.json"
  },
  {
    "message": "SQLSTATE[HY000]: General error: 1 duplicate column name: status.",
    "level": "FATAL",
    "type": "SQL",
    "test": "ast-sqlite-boot",
    "plugin": "statpress-widgets",
    "details": "[23-May-2025 17:35:01 UTC] WordPress database error <div style=\"clear:both\">&nbsp;</div>\n<div class=\"queries\" style=\"clear:both;margin-bottom:2px;border:red dotted thin;\">\n<p>MySQL query:</p>\n<p>ALTER TABLE wp_sirv_images ADD `status` enum('NEW', 'PROCESSING', 'SYNCED', 'FAILED') DEFAULT NULL AFTER `size`</p>\n<p>Queries made or created this session were:</p>\n<ol>\n<li>Executing: BEGIN | (no parameters)</li>\n<li>Executing: INSERT INTO _mysql_data_types_cache (`table`, `column_or_index`, `mysql_type`)\n\t\t\t\tVALUES (:table, :column, :datatype)\n\t\t\t\tON CONFLICT(`table`, `column_or_index`) DO UPDATE SET `mysql_type` = :datatype\n\t\t\t | parameters: wp_sirv_images, `STATUS`, enum('NEW','PROCESSING','SYNCED','FAILED')</li>\n<li>Executing: ALTER TABLE wp_sirv_images ADD `status`    text DEFAULT NULL   | (no parameters)</li>\n<li>Executing: ROLLBACK | (no parameters)</li>\n</ol>\n</div>\n<div style=\"clear:both;margin-bottom:2px;border:red dotted thin;\" class=\"error_message\" style=\"border-bottom:dotted blue thin;\">\nError occurred at line 4117 in Function <code>handle_error</code>. Error message was: SQLSTATE[HY000]: General error: 1 duplicate column name: status.\n</div>\n<p>Backtrace:</p>\n<pre>#0 /internal/shared/sqlite-database-integration/wp-includes/sqlite/class-wp-sqlite-db.php(287): WP_SQLite_Translator->get_error_message()\n#1 /wordpress/wp-content/plugins/sirv/sirv.php(1060): WP_SQLite_DB->query('ALTER TABLE wp_...')\n#2 /wordpress/wp-content/plugins/sirv/sirv.php(772): sirv_fix_db()\n#3 /wordpress/wp-content/plugins/sirv/sirv.php(718): sirv_upgrade_plugin()\n#4 /wordpress/wp-includes/class-wp-hook.php(324): sirv_activation_callback(false)\n#5 /wordpress/wp-includes/class-wp-hook.php(348): WP_Hook->apply_filters('', Array)\n#6 /wordpress/wp-includes/plugin.php(517): WP_Hook->do_action(Array)\n#7 /wordpress/wp-admin/includes/plugin.php(703): do_action('activate_sirv/s...', false)\n#8 /internal/eval.php(20): activate_plugin('sirv/sirv.php')\n#9 {main}</pre>\n for query ALTER TABLE wp_sirv_images ADD `status` enum('NEW', 'PROCESSING', 'SYNCED', 'FAILED') DEFAULT NULL AFTER `size` made by activate_plugin, do_action('activate_sirv/sirv.php'), WP_Hook->do_action, WP_Hook->apply_filters, sirv_activation_callback, sirv_upgrade_plugin, sirv_fix_db, WP_SQLite_DB->query, WP_SQLite_DB->print_error",
    "log": "/logs/plugins/s/statpress-widgets/error.json"
  },
  {
    "message": "SQLSTATE[HY000]: General error: 1 duplicate column name: error_type.",
    "level": "FATAL",
    "type": "SQL",
    "test": "ast-sqlite-boot",
    "plugin": "statpress-widgets",
    "details": "[23-May-2025 17:35:01 UTC] WordPress database error <div style=\"clear:both\">&nbsp;</div>\n<div class=\"queries\" style=\"clear:both;margin-bottom:2px;border:red dotted thin;\">\n<p>MySQL query:</p>\n<p>ALTER TABLE wp_sirv_images ADD `error_type` TINYINT UNSIGNED NULL DEFAULT NULL AFTER `status`</p>\n<p>Queries made or created this session were:</p>\n<ol>\n<li>Executing: BEGIN | (no parameters)</li>\n<li>Executing: INSERT INTO _mysql_data_types_cache (`table`, `column_or_index`, `mysql_type`)\n\t\t\t\tVALUES (:table, :column, :datatype)\n\t\t\t\tON CONFLICT(`table`, `column_or_index`) DO UPDATE SET `mysql_type` = :datatype\n\t\t\t | parameters: wp_sirv_images, `ERROR_TYPE`, tinyint UNSIGNED</li>\n<li>Executing: ALTER TABLE wp_sirv_images ADD `error_type`  integer NULL DEFAULT NULL   | (no parameters)</li>\n<li>Executing: ROLLBACK | (no parameters)</li>\n</ol>\n</div>\n<div style=\"clear:both;margin-bottom:2px;border:red dotted thin;\" class=\"error_message\" style=\"border-bottom:dotted blue thin;\">\nError occurred at line 4117 in Function <code>handle_error</code>. Error message was: SQLSTATE[HY000]: General error: 1 duplicate column name: error_type.\n</div>\n<p>Backtrace:</p>\n<pre>#0 /internal/shared/sqlite-database-integration/wp-includes/sqlite/class-wp-sqlite-db.php(287): WP_SQLite_Translator->get_error_message()\n#1 /wordpress/wp-content/plugins/sirv/sirv.php(1061): WP_SQLite_DB->query('ALTER TABLE wp_...')\n#2 /wordpress/wp-content/plugins/sirv/sirv.php(772): sirv_fix_db()\n#3 /wordpress/wp-content/plugins/sirv/sirv.php(718): sirv_upgrade_plugin()\n#4 /wordpress/wp-includes/class-wp-hook.php(324): sirv_activation_callback(false)\n#5 /wordpress/wp-includes/class-wp-hook.php(348): WP_Hook->apply_filters('', Array)\n#6 /wordpress/wp-includes/plugin.php(517): WP_Hook->do_action(Array)\n#7 /wordpress/wp-admin/includes/plugin.php(703): do_action('activate_sirv/s...', false)\n#8 /internal/eval.php(20): activate_plugin('sirv/sirv.php')\n#9 {main}</pre>\n for query ALTER TABLE wp_sirv_images ADD `error_type` TINYINT UNSIGNED NULL DEFAULT NULL AFTER `status` made by activate_plugin, do_action('activate_sirv/sirv.php'), WP_Hook->do_action, WP_Hook->apply_filters, sirv_activation_callback, sirv_upgrade_plugin, sirv_fix_db, WP_SQLite_DB->query, WP_SQLite_DB->print_error",
    "log": "/logs/plugins/s/statpress-widgets/error.json"
  },
  {
    "message": "SQLSTATE[HY000]: General error: 1 near \"SET\": syntax error.",
    "level": "FATAL",
    "type": "SQL",
    "test": "ast-sqlite-boot",
    "plugin": "statpress-widgets",
    "details": "[23-May-2025 17:35:01 UTC] WordPress database error <div style=\"clear:both\">&nbsp;</div>\n<div class=\"queries\" style=\"clear:both;margin-bottom:2px;border:red dotted thin;\">\n<p>MySQL query:</p>\n<p>ALTER TABLE wp_sirv_images ADD `sirv_path` VARCHAR(1000) CHARACTER SET utf8 COLLATE utf8_general_ci NULL DEFAULT NULL AFTER `img_path`</p>\n<p>Queries made or created this session were:</p>\n<ol>\n<li>Executing: BEGIN | (no parameters)</li>\n<li>Executing: INSERT INTO _mysql_data_types_cache (`table`, `column_or_index`, `mysql_type`)\n\t\t\t\tVALUES (:table, :column, :datatype)\n\t\t\t\tON CONFLICT(`table`, `column_or_index`) DO UPDATE SET `mysql_type` = :datatype\n\t\t\t | parameters: wp_sirv_images, `SIRV_PATH`, varchar(1000)</li>\n<li>Executing: ALTER TABLE wp_sirv_images ADD `sirv_path` text CHARACTER SET utf8 COLLATE utf8_general_ci NULL DEFAULT NULL   | (no parameters)</li>\n<li>Executing: ROLLBACK | (no parameters)</li>\n</ol>\n</div>\n<div style=\"clear:both;margin-bottom:2px;border:red dotted thin;\" class=\"error_message\" style=\"border-bottom:dotted blue thin;\">\nError occurred at line 4117 in Function <code>handle_error</code>. Error message was: SQLSTATE[HY000]: General error: 1 near \"SET\": syntax error.\n</div>\n<p>Backtrace:</p>\n<pre>#0 /internal/shared/sqlite-database-integration/wp-includes/sqlite/class-wp-sqlite-db.php(287): WP_SQLite_Translator->get_error_message()\n#1 /wordpress/wp-content/plugins/sirv/sirv.php(1062): WP_SQLite_DB->query('ALTER TABLE wp_...')\n#2 /wordpress/wp-content/plugins/sirv/sirv.php(772): sirv_fix_db()\n#3 /wordpress/wp-content/plugins/sirv/sirv.php(718): sirv_upgrade_plugin()\n#4 /wordpress/wp-includes/class-wp-hook.php(324): sirv_activation_callback(false)\n#5 /wordpress/wp-includes/class-wp-hook.php(348): WP_Hook->apply_filters('', Array)\n#6 /wordpress/wp-includes/plugin.php(517): WP_Hook->do_action(Array)\n#7 /wordpress/wp-admin/includes/plugin.php(703): do_action('activate_sirv/s...', false)\n#8 /internal/eval.php(20): activate_plugin('sirv/sirv.php')\n#9 {main}</pre>\n for query ALTER TABLE wp_sirv_images ADD `sirv_path` VARCHAR(1000) CHARACTER SET utf8 COLLATE utf8_general_ci NULL DEFAULT NULL AFTER `img_path` made by activate_plugin, do_action('activate_sirv/sirv.php'), WP_Hook->do_action, WP_Hook->apply_filters, sirv_activation_callback, sirv_upgrade_plugin, sirv_fix_db, WP_SQLite_DB->query, WP_SQLite_DB->print_error",
    "log": "/logs/plugins/s/statpress-widgets/error.json"
  },
  {
    "message": "Required parameter $filter follows optional parameter $max in /wordpress/wp-content/plugins/statpress-widgets/sp-widget-searchengines.php on line 129",
    "level": "DEPRECATED",
    "type": "PHP",
    "test": "ast-sqlite-boot",
    "plugin": "statpress-widgets",
    "details": "[23-May-2025 17:35:11 UTC] PHP Deprecated:  Required parameter $filter follows optional parameter $max in /wordpress/wp-content/plugins/statpress-widgets/sp-widget-searchengines.php on line 129",
    "log": "/logs/plugins/s/statpress-widgets/error.json"
  },
  {
    "message": "Uncaught Error: Undefined constant \"referrers_top_title\" in /wordpress/wp-content/plugins/statpress-widgets/sp-widget-referrers.php:9",
    "level": "FATAL",
    "type": "PHP",
    "test": "ast-sqlite-boot",
    "plugin": "statpress-widgets",
    "details": "[23-May-2025 17:35:11 UTC] PHP Fatal error:  Uncaught Error: Undefined constant \"referrers_top_title\" in /wordpress/wp-content/plugins/statpress-widgets/sp-widget-referrers.php:9\nStack trace:\n#0 /wordpress/wp-content/plugins/statpress-widgets/sp-widgets.php(35): SP_Widget_Referrers::add_options()\n#1 /wordpress/wp-includes/class-wp-hook.php(324): SP_Widgets::aktivate_plugin(false)\n#2 /wordpress/wp-includes/class-wp-hook.php(348): WP_Hook->apply_filters('', Array)\n#3 /wordpress/wp-includes/plugin.php(517): WP_Hook->do_action(Array)\n#4 /wordpress/wp-admin/includes/plugin.php(703): do_action('activate_statpr...', false)\n#5 /internal/eval.php(20): activate_plugin('statpress-widge...')\n#6 {main}\n  thrown in /wordpress/wp-content/plugins/statpress-widgets/sp-widget-referrers.php on line 9\n\n    at Ob\n",
    "log": "/logs/plugins/s/statpress-widgets/error.json"
  },
  {
    "message": "file:///home/runner/work/playground-tester/playground-tester/node_modules/@wp-playground/cli/index.js:237\n        throw new Error(y, { cause: u });\n              ^\n",
    "level": "FATAL",
    "type": "PLAYGROUND",
    "test": "asyncify-boot",
    "plugin": "statpress-widgets",
    "details": "file:///home/runner/work/playground-tester/playground-tester/node_modules/@wp-playground/cli/index.js:237\n        throw new Error(y, { cause: u });\n              ^\n",
    "log": "/tmp/tmp.zrcnOOCBek"
  },
  {
    "message": "Undefined variable $wp_error in /wordpress/wp-content/plugins/simple-popups/public/class-social-popup.php on line 295",
    "level": "WARNING",
    "type": "PHP",
    "test": "asyncify-boot",
    "plugin": "statpress-widgets",
    "details": "[23-May-2025 17:24:59 UTC] PHP Warning:  Undefined variable $wp_error in /wordpress/wp-content/plugins/simple-popups/public/class-social-popup.php on line 295",
    "log": "/logs/plugins/s/statpress-widgets/error.json"
  },
  {
    "message": "Undefined variable $wp_error in /wordpress/wp-content/plugins/simple-popups/public/class-social-popup.php on line 295",
    "level": "WARNING",
    "type": "PHP",
    "test": "asyncify-boot",
    "plugin": "statpress-widgets",
    "details": "[23-May-2025 17:25:09 UTC] PHP Warning:  Undefined variable $wp_error in /wordpress/wp-content/plugins/simple-popups/public/class-social-popup.php on line 295",
    "log": "/logs/plugins/s/statpress-widgets/error.json"
  },
  {
    "message": "Undefined variable $wp_error in /wordpress/wp-content/plugins/simple-popups/public/class-social-popup.php on line 295",
    "level": "WARNING",
    "type": "PHP",
    "test": "asyncify-boot",
    "plugin": "statpress-widgets",
    "details": "[23-May-2025 17:25:18 UTC] PHP Warning:  Undefined variable $wp_error in /wordpress/wp-content/plugins/simple-popups/public/class-social-popup.php on line 295",
    "log": "/logs/plugins/s/statpress-widgets/error.json"
  },
  {
    "message": "Unparenthesized `a ? b : c ? d : e` is not supported. Use either `(a ? b : c) ? d : e` or `a ? b : (c ? d : e)` in /wordpress/wp-content/plugins/social-media-trifecta/admin_menus/classes/class-trifecta-instagram.php on line 100",
    "level": "FATAL",
    "type": "PHP",
    "test": "asyncify-boot",
    "plugin": "statpress-widgets",
    "details": "[23-May-2025 17:26:35 UTC] PHP Fatal error:  Unparenthesized `a ? b : c ? d : e` is not supported. Use either `(a ? b : c) ? d : e` or `a ? b : (c ? d : e)` in /wordpress/wp-content/plugins/social-media-trifecta/admin_menus/classes/class-trifecta-instagram.php on line 100",
    "log": "/logs/plugins/s/statpress-widgets/error.json"
  },
  {
    "message": "Unparenthesized `a ? b : c ? d : e` is not supported. Use either `(a ? b : c) ? d : e` or `a ? b : (c ? d : e)` in /wordpress/wp-content/plugins/social-media-trifecta/admin_menus/classes/class-trifecta-instagram.php on line 100",
    "level": "FATAL",
    "type": "PHP",
    "test": "asyncify-boot",
    "plugin": "statpress-widgets",
    "details": "[23-May-2025 17:26:42 UTC] PHP Fatal error:  Unparenthesized `a ? b : c ? d : e` is not supported. Use either `(a ? b : c) ? d : e` or `a ? b : (c ? d : e)` in /wordpress/wp-content/plugins/social-media-trifecta/admin_menus/classes/class-trifecta-instagram.php on line 100",
    "log": "/logs/plugins/s/statpress-widgets/error.json"
  },
  {
    "message": "Unparenthesized `a ? b : c ? d : e` is not supported. Use either `(a ? b : c) ? d : e` or `a ? b : (c ? d : e)` in /wordpress/wp-content/plugins/social-media-trifecta/admin_menus/classes/class-trifecta-instagram.php on line 100",
    "level": "FATAL",
    "type": "PHP",
    "test": "asyncify-boot",
    "plugin": "statpress-widgets",
    "details": "[23-May-2025 17:26:49 UTC] PHP Fatal error:  Unparenthesized `a ? b : c ? d : e` is not supported. Use either `(a ? b : c) ? d : e` or `a ? b : (c ? d : e)` in /wordpress/wp-content/plugins/social-media-trifecta/admin_menus/classes/class-trifecta-instagram.php on line 100",
    "log": "/logs/plugins/s/statpress-widgets/error.json"
  },
  {
    "message": "Undefined variable $wpdb in /wordpress/wp-content/plugins/springest-partners/springest.php on line 29",
    "level": "WARNING",
    "type": "PHP",
    "test": "asyncify-boot",
    "plugin": "statpress-widgets",
    "details": "[23-May-2025 17:28:43 UTC] PHP Warning:  Undefined variable $wpdb in /wordpress/wp-content/plugins/springest-partners/springest.php on line 29",
    "log": "/logs/plugins/s/statpress-widgets/error.json"
  },
  {
    "message": "Attempt to read property \"prefix\" on null in /wordpress/wp-content/plugins/springest-partners/springest.php on line 29",
    "level": "WARNING",
    "type": "PHP",
    "test": "asyncify-boot",
    "plugin": "statpress-widgets",
    "details": "[23-May-2025 17:28:43 UTC] PHP Warning:  Attempt to read property \"prefix\" on null in /wordpress/wp-content/plugins/springest-partners/springest.php on line 29",
    "log": "/logs/plugins/s/statpress-widgets/error.json"
  },
  {
    "message": "Uncaught Error: Attempt to assign property \"springest_groups\" on null in /wordpress/wp-content/plugins/springest-partners/springest.php:29",
    "level": "FATAL",
    "type": "PHP",
    "test": "asyncify-boot",
    "plugin": "statpress-widgets",
    "details": "[23-May-2025 17:28:43 UTC] PHP Fatal error:  Uncaught Error: Attempt to assign property \"springest_groups\" on null in /wordpress/wp-content/plugins/springest-partners/springest.php:29\nStack trace:\n#0 /wordpress/wp-admin/includes/plugin.php(2387): include_once()\n#1 /wordpress/wp-admin/includes/plugin.php(673): plugin_sandbox_scrape('springest-partn...')\n#2 /internal/eval.php(20): activate_plugin('springest-partn...')\n#3 {main}\n  thrown in /wordpress/wp-content/plugins/springest-partners/springest.php on line 29",
    "log": "/logs/plugins/s/statpress-widgets/error.json"
  },
  {
    "message": "Undefined variable $wpdb in /wordpress/wp-content/plugins/springest-partners/springest.php on line 29",
    "level": "WARNING",
    "type": "PHP",
    "test": "asyncify-boot",
    "plugin": "statpress-widgets",
    "details": "[23-May-2025 17:28:50 UTC] PHP Warning:  Undefined variable $wpdb in /wordpress/wp-content/plugins/springest-partners/springest.php on line 29",
    "log": "/logs/plugins/s/statpress-widgets/error.json"
  },
  {
    "message": "Attempt to read property \"prefix\" on null in /wordpress/wp-content/plugins/springest-partners/springest.php on line 29",
    "level": "WARNING",
    "type": "PHP",
    "test": "asyncify-boot",
    "plugin": "statpress-widgets",
    "details": "[23-May-2025 17:28:50 UTC] PHP Warning:  Attempt to read property \"prefix\" on null in /wordpress/wp-content/plugins/springest-partners/springest.php on line 29",
    "log": "/logs/plugins/s/statpress-widgets/error.json"
  },
  {
    "message": "Uncaught Error: Attempt to assign property \"springest_groups\" on null in /wordpress/wp-content/plugins/springest-partners/springest.php:29",
    "level": "FATAL",
    "type": "PHP",
    "test": "asyncify-boot",
    "plugin": "statpress-widgets",
    "details": "[23-May-2025 17:28:50 UTC] PHP Fatal error:  Uncaught Error: Attempt to assign property \"springest_groups\" on null in /wordpress/wp-content/plugins/springest-partners/springest.php:29\nStack trace:\n#0 /wordpress/wp-admin/includes/plugin.php(2387): include_once()\n#1 /wordpress/wp-admin/includes/plugin.php(673): plugin_sandbox_scrape('springest-partn...')\n#2 /internal/eval.php(20): activate_plugin('springest-partn...')\n#3 {main}\n  thrown in /wordpress/wp-content/plugins/springest-partners/springest.php on line 29",
    "log": "/logs/plugins/s/statpress-widgets/error.json"
  },
  {
    "message": "Undefined variable $wpdb in /wordpress/wp-content/plugins/springest-partners/springest.php on line 29",
    "level": "WARNING",
    "type": "PHP",
    "test": "asyncify-boot",
    "plugin": "statpress-widgets",
    "details": "[23-May-2025 17:28:58 UTC] PHP Warning:  Undefined variable $wpdb in /wordpress/wp-content/plugins/springest-partners/springest.php on line 29",
    "log": "/logs/plugins/s/statpress-widgets/error.json"
  },
  {
    "message": "Attempt to read property \"prefix\" on null in /wordpress/wp-content/plugins/springest-partners/springest.php on line 29",
    "level": "WARNING",
    "type": "PHP",
    "test": "asyncify-boot",
    "plugin": "statpress-widgets",
    "details": "[23-May-2025 17:28:58 UTC] PHP Warning:  Attempt to read property \"prefix\" on null in /wordpress/wp-content/plugins/springest-partners/springest.php on line 29",
    "log": "/logs/plugins/s/statpress-widgets/error.json"
  },
  {
    "message": "Uncaught Error: Attempt to assign property \"springest_groups\" on null in /wordpress/wp-content/plugins/springest-partners/springest.php:29",
    "level": "FATAL",
    "type": "PHP",
    "test": "asyncify-boot",
    "plugin": "statpress-widgets",
    "details": "[23-May-2025 17:28:58 UTC] PHP Fatal error:  Uncaught Error: Attempt to assign property \"springest_groups\" on null in /wordpress/wp-content/plugins/springest-partners/springest.php:29\nStack trace:\n#0 /wordpress/wp-admin/includes/plugin.php(2387): include_once()\n#1 /wordpress/wp-admin/includes/plugin.php(673): plugin_sandbox_scrape('springest-partn...')\n#2 /internal/eval.php(20): activate_plugin('springest-partn...')\n#3 {main}\n  thrown in /wordpress/wp-content/plugins/springest-partners/springest.php on line 29",
    "log": "/logs/plugins/s/statpress-widgets/error.json"
  },
  {
    "message": "Function _load_textdomain_just_in_time was called <strong>incorrectly</strong>. Translation loading for the <code>scroll-progress</code> domain was triggered too early. This is usually an indicator for some code in the plugin or theme running too early. Translations should be loaded at the <code>init</code> action or later. Please see <a href=\"https://developer.wordpress.org/advanced-administration/debug/debug-wordpress/\">Debugging in WordPress</a> for more information. (This message was added in version 6.7.0.) in /wordpress/wp-includes/functions.php on line 6121",
    "level": "NOTICE",
    "type": "PHP",
    "test": "asyncify-boot",
    "plugin": "statpress-widgets",
    "details": "[23-May-2025 17:30:28 UTC] PHP Notice:  Function _load_textdomain_just_in_time was called <strong>incorrectly</strong>. Translation loading for the <code>scroll-progress</code> domain was triggered too early. This is usually an indicator for some code in the plugin or theme running too early. Translations should be loaded at the <code>init</code> action or later. Please see <a href=\"https://developer.wordpress.org/advanced-administration/debug/debug-wordpress/\">Debugging in WordPress</a> for more information. (This message was added in version 6.7.0.) in /wordpress/wp-includes/functions.php on line 6121",
    "log": "/logs/plugins/s/statpress-widgets/error.json"
  },
  {
    "message": "Required parameter $data_to_save follows optional parameter $object_id in /wordpress/wp-content/plugins/scroll-progress-bar/lib/CMB2/includes/CMB2.php on line 423",
    "level": "DEPRECATED",
    "type": "PHP",
    "test": "asyncify-boot",
    "plugin": "statpress-widgets",
    "details": "[23-May-2025 17:30:28 UTC] PHP Deprecated:  Required parameter $data_to_save follows optional parameter $object_id in /wordpress/wp-content/plugins/scroll-progress-bar/lib/CMB2/includes/CMB2.php on line 423",
    "log": "/logs/plugins/s/statpress-widgets/error.json"
  },
  {
    "message": "Function _load_textdomain_just_in_time was called <strong>incorrectly</strong>. Translation loading for the <code>scroll-progress</code> domain was triggered too early. This is usually an indicator for some code in the plugin or theme running too early. Translations should be loaded at the <code>init</code> action or later. Please see <a href=\"https://developer.wordpress.org/advanced-administration/debug/debug-wordpress/\">Debugging in WordPress</a> for more information. (This message was added in version 6.7.0.) in /wordpress/wp-includes/functions.php on line 6121",
    "level": "NOTICE",
    "type": "PHP",
    "test": "asyncify-boot",
    "plugin": "statpress-widgets",
    "details": "[23-May-2025 17:30:38 UTC] PHP Notice:  Function _load_textdomain_just_in_time was called <strong>incorrectly</strong>. Translation loading for the <code>scroll-progress</code> domain was triggered too early. This is usually an indicator for some code in the plugin or theme running too early. Translations should be loaded at the <code>init</code> action or later. Please see <a href=\"https://developer.wordpress.org/advanced-administration/debug/debug-wordpress/\">Debugging in WordPress</a> for more information. (This message was added in version 6.7.0.) in /wordpress/wp-includes/functions.php on line 6121",
    "log": "/logs/plugins/s/statpress-widgets/error.json"
  },
  {
    "message": "Required parameter $data_to_save follows optional parameter $object_id in /wordpress/wp-content/plugins/scroll-progress-bar/lib/CMB2/includes/CMB2.php on line 423",
    "level": "DEPRECATED",
    "type": "PHP",
    "test": "asyncify-boot",
    "plugin": "statpress-widgets",
    "details": "[23-May-2025 17:30:38 UTC] PHP Deprecated:  Required parameter $data_to_save follows optional parameter $object_id in /wordpress/wp-content/plugins/scroll-progress-bar/lib/CMB2/includes/CMB2.php on line 423",
    "log": "/logs/plugins/s/statpress-widgets/error.json"
  },
  {
    "message": "Function _load_textdomain_just_in_time was called <strong>incorrectly</strong>. Translation loading for the <code>scroll-progress</code> domain was triggered too early. This is usually an indicator for some code in the plugin or theme running too early. Translations should be loaded at the <code>init</code> action or later. Please see <a href=\"https://developer.wordpress.org/advanced-administration/debug/debug-wordpress/\">Debugging in WordPress</a> for more information. (This message was added in version 6.7.0.) in /wordpress/wp-includes/functions.php on line 6121",
    "level": "NOTICE",
    "type": "PHP",
    "test": "asyncify-boot",
    "plugin": "statpress-widgets",
    "details": "[23-May-2025 17:30:47 UTC] PHP Notice:  Function _load_textdomain_just_in_time was called <strong>incorrectly</strong>. Translation loading for the <code>scroll-progress</code> domain was triggered too early. This is usually an indicator for some code in the plugin or theme running too early. Translations should be loaded at the <code>init</code> action or later. Please see <a href=\"https://developer.wordpress.org/advanced-administration/debug/debug-wordpress/\">Debugging in WordPress</a> for more information. (This message was added in version 6.7.0.) in /wordpress/wp-includes/functions.php on line 6121",
    "log": "/logs/plugins/s/statpress-widgets/error.json"
  },
  {
    "message": "Required parameter $data_to_save follows optional parameter $object_id in /wordpress/wp-content/plugins/scroll-progress-bar/lib/CMB2/includes/CMB2.php on line 423",
    "level": "DEPRECATED",
    "type": "PHP",
    "test": "asyncify-boot",
    "plugin": "statpress-widgets",
    "details": "[23-May-2025 17:30:47 UTC] PHP Deprecated:  Required parameter $data_to_save follows optional parameter $object_id in /wordpress/wp-content/plugins/scroll-progress-bar/lib/CMB2/includes/CMB2.php on line 423",
    "log": "/logs/plugins/s/statpress-widgets/error.json"
  },
  {
    "message": "Function _load_textdomain_just_in_time was called <strong>incorrectly</strong>. Translation loading for the <code>sd-konami-code</code> domain was triggered too early. This is usually an indicator for some code in the plugin or theme running too early. Translations should be loaded at the <code>init</code> action or later. Please see <a href=\"https://developer.wordpress.org/advanced-administration/debug/debug-wordpress/\">Debugging in WordPress</a> for more information. (This message was added in version 6.7.0.) in /wordpress/wp-includes/functions.php on line 6121",
    "level": "NOTICE",
    "type": "PHP",
    "test": "asyncify-boot",
    "plugin": "statpress-widgets",
    "details": "[23-May-2025 17:30:57 UTC] PHP Notice:  Function _load_textdomain_just_in_time was called <strong>incorrectly</strong>. Translation loading for the <code>sd-konami-code</code> domain was triggered too early. This is usually an indicator for some code in the plugin or theme running too early. Translations should be loaded at the <code>init</code> action or later. Please see <a href=\"https://developer.wordpress.org/advanced-administration/debug/debug-wordpress/\">Debugging in WordPress</a> for more information. (This message was added in version 6.7.0.) in /wordpress/wp-includes/functions.php on line 6121",
    "log": "/logs/plugins/s/statpress-widgets/error.json"
  },
  {
    "message": "Function _load_textdomain_just_in_time was called <strong>incorrectly</strong>. Translation loading for the <code>sd-konami-code</code> domain was triggered too early. This is usually an indicator for some code in the plugin or theme running too early. Translations should be loaded at the <code>init</code> action or later. Please see <a href=\"https://developer.wordpress.org/advanced-administration/debug/debug-wordpress/\">Debugging in WordPress</a> for more information. (This message was added in version 6.7.0.) in /wordpress/wp-includes/functions.php on line 6121",
    "level": "NOTICE",
    "type": "PHP",
    "test": "asyncify-boot",
    "plugin": "statpress-widgets",
    "details": "[23-May-2025 17:31:06 UTC] PHP Notice:  Function _load_textdomain_just_in_time was called <strong>incorrectly</strong>. Translation loading for the <code>sd-konami-code</code> domain was triggered too early. This is usually an indicator for some code in the plugin or theme running too early. Translations should be loaded at the <code>init</code> action or later. Please see <a href=\"https://developer.wordpress.org/advanced-administration/debug/debug-wordpress/\">Debugging in WordPress</a> for more information. (This message was added in version 6.7.0.) in /wordpress/wp-includes/functions.php on line 6121",
    "log": "/logs/plugins/s/statpress-widgets/error.json"
  },
  {
    "message": "Function _load_textdomain_just_in_time was called <strong>incorrectly</strong>. Translation loading for the <code>sd-konami-code</code> domain was triggered too early. This is usually an indicator for some code in the plugin or theme running too early. Translations should be loaded at the <code>init</code> action or later. Please see <a href=\"https://developer.wordpress.org/advanced-administration/debug/debug-wordpress/\">Debugging in WordPress</a> for more information. (This message was added in version 6.7.0.) in /wordpress/wp-includes/functions.php on line 6121",
    "level": "NOTICE",
    "type": "PHP",
    "test": "asyncify-boot",
    "plugin": "statpress-widgets",
    "details": "[23-May-2025 17:31:15 UTC] PHP Notice:  Function _load_textdomain_just_in_time was called <strong>incorrectly</strong>. Translation loading for the <code>sd-konami-code</code> domain was triggered too early. This is usually an indicator for some code in the plugin or theme running too early. Translations should be loaded at the <code>init</code> action or later. Please see <a href=\"https://developer.wordpress.org/advanced-administration/debug/debug-wordpress/\">Debugging in WordPress</a> for more information. (This message was added in version 6.7.0.) in /wordpress/wp-includes/functions.php on line 6121",
    "log": "/logs/plugins/s/statpress-widgets/error.json"
  },
  {
    "message": "Uncaught Error: Non-static method SCRM_CSV::init() cannot be called statically in /wordpress/wp-content/plugins/simple-crm-csv-import/simple-crm-csv-import.php:24",
    "level": "FATAL",
    "type": "PHP",
    "test": "asyncify-boot",
    "plugin": "statpress-widgets",
    "details": "[23-May-2025 17:31:51 UTC] PHP Fatal error:  Uncaught Error: Non-static method SCRM_CSV::init() cannot be called statically in /wordpress/wp-content/plugins/simple-crm-csv-import/simple-crm-csv-import.php:24\nStack trace:\n#0 /wordpress/wp-admin/includes/plugin.php(2387): include_once()\n#1 /wordpress/wp-admin/includes/plugin.php(673): plugin_sandbox_scrape('simple-crm-csv-...')\n#2 /internal/eval.php(20): activate_plugin('simple-crm-csv-...')\n#3 {main}\n  thrown in /wordpress/wp-content/plugins/simple-crm-csv-import/simple-crm-csv-import.php on line 24",
    "log": "/logs/plugins/s/statpress-widgets/error.json"
  },
  {
    "message": "Uncaught Error: Non-static method SCRM_CSV::init() cannot be called statically in /wordpress/wp-content/plugins/simple-crm-csv-import/simple-crm-csv-import.php:24",
    "level": "FATAL",
    "type": "PHP",
    "test": "asyncify-boot",
    "plugin": "statpress-widgets",
    "details": "[23-May-2025 17:31:59 UTC] PHP Fatal error:  Uncaught Error: Non-static method SCRM_CSV::init() cannot be called statically in /wordpress/wp-content/plugins/simple-crm-csv-import/simple-crm-csv-import.php:24\nStack trace:\n#0 /wordpress/wp-admin/includes/plugin.php(2387): include_once()\n#1 /wordpress/wp-admin/includes/plugin.php(673): plugin_sandbox_scrape('simple-crm-csv-...')\n#2 /internal/eval.php(20): activate_plugin('simple-crm-csv-...')\n#3 {main}\n  thrown in /wordpress/wp-content/plugins/simple-crm-csv-import/simple-crm-csv-import.php on line 24",
    "log": "/logs/plugins/s/statpress-widgets/error.json"
  },
  {
    "message": "Uncaught Error: Non-static method SCRM_CSV::init() cannot be called statically in /wordpress/wp-content/plugins/simple-crm-csv-import/simple-crm-csv-import.php:24",
    "level": "FATAL",
    "type": "PHP",
    "test": "asyncify-boot",
    "plugin": "statpress-widgets",
    "details": "[23-May-2025 17:32:07 UTC] PHP Fatal error:  Uncaught Error: Non-static method SCRM_CSV::init() cannot be called statically in /wordpress/wp-content/plugins/simple-crm-csv-import/simple-crm-csv-import.php:24\nStack trace:\n#0 /wordpress/wp-admin/includes/plugin.php(2387): include_once()\n#1 /wordpress/wp-admin/includes/plugin.php(673): plugin_sandbox_scrape('simple-crm-csv-...')\n#2 /internal/eval.php(20): activate_plugin('simple-crm-csv-...')\n#3 {main}\n  thrown in /wordpress/wp-content/plugins/simple-crm-csv-import/simple-crm-csv-import.php on line 24",
    "log": "/logs/plugins/s/statpress-widgets/error.json"
  },
  {
    "message": "Uncaught Error: Call to undefined function create_function() in /wordpress/wp-content/plugins/simple-sidebar-navigation/simple-sidenav.php:677",
    "level": "FATAL",
    "type": "PHP",
    "test": "asyncify-boot",
    "plugin": "statpress-widgets",
    "details": "[23-May-2025 17:33:02 UTC] PHP Fatal error:  Uncaught Error: Call to undefined function create_function() in /wordpress/wp-content/plugins/simple-sidebar-navigation/simple-sidenav.php:677\nStack trace:\n#0 /wordpress/wp-admin/includes/plugin.php(2387): include_once()\n#1 /wordpress/wp-admin/includes/plugin.php(673): plugin_sandbox_scrape('simple-sidebar-...')\n#2 /internal/eval.php(20): activate_plugin('simple-sidebar-...')\n#3 {main}\n  thrown in /wordpress/wp-content/plugins/simple-sidebar-navigation/simple-sidenav.php on line 677",
    "log": "/logs/plugins/s/statpress-widgets/error.json"
  },
  {
    "message": "Uncaught Error: Call to undefined function create_function() in /wordpress/wp-content/plugins/simple-sidebar-navigation/simple-sidenav.php:677",
    "level": "FATAL",
    "type": "PHP",
    "test": "asyncify-boot",
    "plugin": "statpress-widgets",
    "details": "[23-May-2025 17:33:10 UTC] PHP Fatal error:  Uncaught Error: Call to undefined function create_function() in /wordpress/wp-content/plugins/simple-sidebar-navigation/simple-sidenav.php:677\nStack trace:\n#0 /wordpress/wp-admin/includes/plugin.php(2387): include_once()\n#1 /wordpress/wp-admin/includes/plugin.php(673): plugin_sandbox_scrape('simple-sidebar-...')\n#2 /internal/eval.php(20): activate_plugin('simple-sidebar-...')\n#3 {main}\n  thrown in /wordpress/wp-content/plugins/simple-sidebar-navigation/simple-sidenav.php on line 677",
    "log": "/logs/plugins/s/statpress-widgets/error.json"
  },
  {
    "message": "Uncaught Error: Call to undefined function create_function() in /wordpress/wp-content/plugins/simple-sidebar-navigation/simple-sidenav.php:677",
    "level": "FATAL",
    "type": "PHP",
    "test": "asyncify-boot",
    "plugin": "statpress-widgets",
    "details": "[23-May-2025 17:33:18 UTC] PHP Fatal error:  Uncaught Error: Call to undefined function create_function() in /wordpress/wp-content/plugins/simple-sidebar-navigation/simple-sidenav.php:677\nStack trace:\n#0 /wordpress/wp-admin/includes/plugin.php(2387): include_once()\n#1 /wordpress/wp-admin/includes/plugin.php(673): plugin_sandbox_scrape('simple-sidebar-...')\n#2 /internal/eval.php(20): activate_plugin('simple-sidebar-...')\n#3 {main}\n  thrown in /wordpress/wp-content/plugins/simple-sidebar-navigation/simple-sidenav.php on line 677",
    "log": "/logs/plugins/s/statpress-widgets/error.json"
  },
  {
    "message": "Uncaught Error: Undefined constant \"APP_KEY\" in /wordpress/wp-content/plugins/sina-weibo-plugin-for-wordpress/weiboplugin.php:15",
    "level": "FATAL",
    "type": "PHP",
    "test": "asyncify-boot",
    "plugin": "statpress-widgets",
    "details": "[23-May-2025 17:34:13 UTC] PHP Fatal error:  Uncaught Error: Undefined constant \"APP_KEY\" in /wordpress/wp-content/plugins/sina-weibo-plugin-for-wordpress/weiboplugin.php:15\nStack trace:\n#0 /wordpress/wp-admin/includes/plugin.php(2387): include_once()\n#1 /wordpress/wp-admin/includes/plugin.php(673): plugin_sandbox_scrape('sina-weibo-plug...')\n#2 /internal/eval.php(20): activate_plugin('sina-weibo-plug...')\n#3 {main}\n  thrown in /wordpress/wp-content/plugins/sina-weibo-plugin-for-wordpress/weiboplugin.php on line 15",
    "log": "/logs/plugins/s/statpress-widgets/error.json"
  },
  {
    "message": "Uncaught Error: Undefined constant \"APP_KEY\" in /wordpress/wp-content/plugins/sina-weibo-plugin-for-wordpress/weiboplugin.php:15",
    "level": "FATAL",
    "type": "PHP",
    "test": "asyncify-boot",
    "plugin": "statpress-widgets",
    "details": "[23-May-2025 17:34:21 UTC] PHP Fatal error:  Uncaught Error: Undefined constant \"APP_KEY\" in /wordpress/wp-content/plugins/sina-weibo-plugin-for-wordpress/weiboplugin.php:15\nStack trace:\n#0 /wordpress/wp-admin/includes/plugin.php(2387): include_once()\n#1 /wordpress/wp-admin/includes/plugin.php(673): plugin_sandbox_scrape('sina-weibo-plug...')\n#2 /internal/eval.php(20): activate_plugin('sina-weibo-plug...')\n#3 {main}\n  thrown in /wordpress/wp-content/plugins/sina-weibo-plugin-for-wordpress/weiboplugin.php on line 15",
    "log": "/logs/plugins/s/statpress-widgets/error.json"
  },
  {
    "message": "Uncaught Error: Undefined constant \"APP_KEY\" in /wordpress/wp-content/plugins/sina-weibo-plugin-for-wordpress/weiboplugin.php:15",
    "level": "FATAL",
    "type": "PHP",
    "test": "asyncify-boot",
    "plugin": "statpress-widgets",
    "details": "[23-May-2025 17:34:29 UTC] PHP Fatal error:  Uncaught Error: Undefined constant \"APP_KEY\" in /wordpress/wp-content/plugins/sina-weibo-plugin-for-wordpress/weiboplugin.php:15\nStack trace:\n#0 /wordpress/wp-admin/includes/plugin.php(2387): include_once()\n#1 /wordpress/wp-admin/includes/plugin.php(673): plugin_sandbox_scrape('sina-weibo-plug...')\n#2 /internal/eval.php(20): activate_plugin('sina-weibo-plug...')\n#3 {main}\n  thrown in /wordpress/wp-content/plugins/sina-weibo-plugin-for-wordpress/weiboplugin.php on line 15",
    "log": "/logs/plugins/s/statpress-widgets/error.json"
  },
  {
    "message": "SQLSTATE[HY000]: General error: 1 no such table: wp_sirv_images.",
    "level": "FATAL",
    "type": "SQL",
    "test": "asyncify-boot",
    "plugin": "statpress-widgets",
    "details": "[23-May-2025 17:34:50 UTC] WordPress database error <div style=\"clear:both\">&nbsp;</div>\n<div class=\"queries\" style=\"clear:both;margin-bottom:2px;border:red dotted thin;\">\n<p>MySQL query:</p>\n<p>SELECT count(*) FROM wp_sirv_images WHERE status = 'SYNCED'</p>\n<p>Queries made or created this session were:</p>\n<ol>\n<li>Executing: BEGIN | (no parameters)</li>\n<li>Executing: SELECT count(*) FROM wp_sirv_images WHERE status = :param0  | parameters: SYNCED</li>\n<li>Executing: ROLLBACK | (no parameters)</li>\n</ol>\n</div>\n<div style=\"clear:both;margin-bottom:2px;border:red dotted thin;\" class=\"error_message\" style=\"border-bottom:dotted blue thin;\">\nError occurred at line 4117 in Function <code>handle_error</code>. Error message was: SQLSTATE[HY000]: General error: 1 no such table: wp_sirv_images.\n</div>\n<p>Backtrace:</p>\n<pre>#0 /internal/shared/sqlite-database-integration/wp-includes/sqlite/class-wp-sqlite-db.php(287): WP_SQLite_Translator->get_error_message()\n#1 /wordpress/wp-includes/class-wpdb.php(3031): WP_SQLite_DB->query('SELECT count(*)...')\n#2 /wordpress/wp-content/plugins/sirv/sirv.php(3994): wpdb->get_var('SELECT count(*)...')\n#3 /wordpress/wp-content/plugins/sirv/sirv.php(1020): sirv_get_synced_count()\n#4 /wordpress/wp-content/plugins/sirv/sirv.php(695): sirv_fill_empty_options()\n#5 /wordpress/wp-includes/class-wp-hook.php(324): sirv_activation_callback(false)\n#6 /wordpress/wp-includes/class-wp-hook.php(348): WP_Hook->apply_filters('', Array)\n#7 /wordpress/wp-includes/plugin.php(517): WP_Hook->do_action(Array)\n#8 /wordpress/wp-admin/includes/plugin.php(703): do_action('activate_sirv/s...', false)\n#9 /internal/eval.php(20): activate_plugin('sirv/sirv.php')\n#10 {main}</pre>\n for query SELECT count(*) FROM wp_sirv_images WHERE status = 'SYNCED' made by activate_plugin, do_action('activate_sirv/sirv.php'), WP_Hook->do_action, WP_Hook->apply_filters, sirv_activation_callback, sirv_fill_empty_options, sirv_get_synced_count, WP_SQLite_DB->query, WP_SQLite_DB->print_error",
    "log": "/logs/plugins/s/statpress-widgets/error.json"
  },
  {
    "message": "Unknown show type: INDEXES FROM.",
    "level": "FATAL",
    "type": "SQL",
    "test": "asyncify-boot",
    "plugin": "statpress-widgets",
    "details": "[23-May-2025 17:34:51 UTC] WordPress database error <div style=\"clear:both\">&nbsp;</div>\n<div class=\"queries\" style=\"clear:both;margin-bottom:2px;border:red dotted thin;\">\n<p>MySQL query:</p>\n<p>SHOW INDEXES FROM wp_sirv_images WHERE Column_name='attachment_id' AND NOT Non_unique</p>\n<p>Queries made or created this session were:</p>\n<ol>\n<li>Executing: BEGIN | (no parameters)</li>\n<li>Executing: ROLLBACK | (no parameters)</li>\n</ol>\n</div>\n<div style=\"clear:both;margin-bottom:2px;border:red dotted thin;\" class=\"error_message\" style=\"border-bottom:dotted blue thin;\">\nError occurred at line 4117 in Function <code>handle_error</code>. Error message was: Unknown show type: INDEXES FROM.\n</div>\n<p>Backtrace:</p>\n<pre>#0 /internal/shared/sqlite-database-integration/wp-includes/sqlite/class-wp-sqlite-db.php(287): WP_SQLite_Translator->get_error_message()\n#1 /wordpress/wp-includes/class-wpdb.php(3146): WP_SQLite_DB->query('SHOW INDEXES FR...')\n#2 /wordpress/wp-content/plugins/sirv/sirv.php(2003): wpdb->get_results('SHOW INDEXES FR...', 'ARRAY_A')\n#3 /wordpress/wp-content/plugins/sirv/sirv.php(768): sirv_is_unique_field('attachment_id')\n#4 /wordpress/wp-content/plugins/sirv/sirv.php(718): sirv_upgrade_plugin()\n#5 /wordpress/wp-includes/class-wp-hook.php(324): sirv_activation_callback(false)\n#6 /wordpress/wp-includes/class-wp-hook.php(348): WP_Hook->apply_filters('', Array)\n#7 /wordpress/wp-includes/plugin.php(517): WP_Hook->do_action(Array)\n#8 /wordpress/wp-admin/includes/plugin.php(703): do_action('activate_sirv/s...', false)\n#9 /internal/eval.php(20): activate_plugin('sirv/sirv.php')\n#10 {main}</pre>\n for query SHOW INDEXES FROM wp_sirv_images WHERE Column_name='attachment_id' AND NOT Non_unique made by activate_plugin, do_action('activate_sirv/sirv.php'), WP_Hook->do_action, WP_Hook->apply_filters, sirv_activation_callback, sirv_upgrade_plugin, sirv_is_unique_field, WP_SQLite_DB->query, WP_SQLite_DB->print_error",
    "log": "/logs/plugins/s/statpress-widgets/error.json"
  },
  {
    "message": "SQLSTATE[HY000]: General error: 1 near \")\": syntax error.",
    "level": "FATAL",
    "type": "SQL",
    "test": "asyncify-boot",
    "plugin": "statpress-widgets",
    "details": "[23-May-2025 17:34:51 UTC] WordPress database error <div style=\"clear:both\">&nbsp;</div>\n<div class=\"queries\" style=\"clear:both;margin-bottom:2px;border:red dotted thin;\">\n<p>MySQL query:</p>\n<p>ALTER TABLE wp_sirv_images ADD UNIQUE (attachment_id)</p>\n<p>Queries made or created this session were:</p>\n<ol>\n<li>Executing: BEGIN | (no parameters)</li>\n<li>Executing: INSERT INTO _mysql_data_types_cache (`table`, `column_or_index`, `mysql_type`)\n\t\t\t\tVALUES (:table, :column, :datatype)\n\t\t\t\tON CONFLICT(`table`, `column_or_index`) DO UPDATE SET `mysql_type` = :datatype\n\t\t\t | parameters: wp_sirv_images, wp_sirv_images__(, UNIQUE</li>\n<li>Executing: CREATE UNIQUE INDEX &quot;wp_sirv_images__(&quot; ON &quot;wp_sirv_images&quot; () | (no parameters)</li>\n<li>Executing: ROLLBACK | (no parameters)</li>\n</ol>\n</div>\n<div style=\"clear:both;margin-bottom:2px;border:red dotted thin;\" class=\"error_message\" style=\"border-bottom:dotted blue thin;\">\nError occurred at line 4117 in Function <code>handle_error</code>. Error message was: SQLSTATE[HY000]: General error: 1 near \")\": syntax error.\n</div>\n<p>Backtrace:</p>\n<pre>#0 /internal/shared/sqlite-database-integration/wp-includes/sqlite/class-wp-sqlite-db.php(287): WP_SQLite_Translator->get_error_message()\n#1 /wordpress/wp-content/plugins/sirv/sirv.php(2040): WP_SQLite_DB->query('ALTER TABLE wp_...')\n#2 /wordpress/wp-content/plugins/sirv/sirv.php(769): sirv_set_unique_field('attachment_id')\n#3 /wordpress/wp-content/plugins/sirv/sirv.php(718): sirv_upgrade_plugin()\n#4 /wordpress/wp-includes/class-wp-hook.php(324): sirv_activation_callback(false)\n#5 /wordpress/wp-includes/class-wp-hook.php(348): WP_Hook->apply_filters('', Array)\n#6 /wordpress/wp-includes/plugin.php(517): WP_Hook->do_action(Array)\n#7 /wordpress/wp-admin/includes/plugin.php(703): do_action('activate_sirv/s...', false)\n#8 /internal/eval.php(20): activate_plugin('sirv/sirv.php')\n#9 {main}</pre>\n for query ALTER TABLE wp_sirv_images ADD UNIQUE (attachment_id) made by activate_plugin, do_action('activate_sirv/sirv.php'), WP_Hook->do_action, WP_Hook->apply_filters, sirv_activation_callback, sirv_upgrade_plugin, sirv_set_unique_field, WP_SQLite_DB->query, WP_SQLite_DB->print_error",
    "log": "/logs/plugins/s/statpress-widgets/error.json"
  },
  {
    "message": "SQLSTATE[HY000]: General error: 1 near \",\": syntax error.",
    "level": "FATAL",
    "type": "SQL",
    "test": "asyncify-boot",
    "plugin": "statpress-widgets",
    "details": "[23-May-2025 17:34:51 UTC] WordPress database error <div style=\"clear:both\">&nbsp;</div>\n<div class=\"queries\" style=\"clear:both;margin-bottom:2px;border:red dotted thin;\">\n<p>MySQL query:</p>\n<p>ALTER TABLE wp_sirv_images\n                  DROP `sirvpath`,\n                  DROP `sirv_image_url`,\n                  DROP `sirv_folder`</p>\n<p>Queries made or created this session were:</p>\n<ol>\n<li>Executing: BEGIN | (no parameters)</li>\n<li>Executing: ALTER TABLE wp_sirv_images\n                  DROP `sirvpath`,\n                  DROP `sirv_image_url`,\n                  DROP `sirv_folder` | (no parameters)</li>\n<li>Executing: ROLLBACK | (no parameters)</li>\n</ol>\n</div>\n<div style=\"clear:both;margin-bottom:2px;border:red dotted thin;\" class=\"error_message\" style=\"border-bottom:dotted blue thin;\">\nError occurred at line 4117 in Function <code>handle_error</code>. Error message was: SQLSTATE[HY000]: General error: 1 near \",\": syntax error.\n</div>\n<p>Backtrace:</p>\n<pre>#0 /internal/shared/sqlite-database-integration/wp-includes/sqlite/class-wp-sqlite-db.php(287): WP_SQLite_Translator->get_error_message()\n#1 /wordpress/wp-content/plugins/sirv/sirv.php(1054): WP_SQLite_DB->query('ALTER TABLE wp_...')\n#2 /wordpress/wp-content/plugins/sirv/sirv.php(772): sirv_fix_db()\n#3 /wordpress/wp-content/plugins/sirv/sirv.php(718): sirv_upgrade_plugin()\n#4 /wordpress/wp-includes/class-wp-hook.php(324): sirv_activation_callback(false)\n#5 /wordpress/wp-includes/class-wp-hook.php(348): WP_Hook->apply_filters('', Array)\n#6 /wordpress/wp-includes/plugin.php(517): WP_Hook->do_action(Array)\n#7 /wordpress/wp-admin/includes/plugin.php(703): do_action('activate_sirv/s...', false)\n#8 /internal/eval.php(20): activate_plugin('sirv/sirv.php')\n#9 {main}</pre>\n for query ALTER TABLE wp_sirv_images\n                  DROP `sirvpath`,\n                  DROP `sirv_image_url`,\n                  DROP `sirv_folder` made by activate_plugin, do_action('activate_sirv/sirv.php'), WP_Hook->do_action, WP_Hook->apply_filters, sirv_activation_callback, sirv_upgrade_plugin, sirv_fix_db, WP_SQLite_DB->query, WP_SQLite_DB->print_error",
    "log": "/logs/plugins/s/statpress-widgets/error.json"
  },
  {
    "message": "SQLSTATE[HY000]: General error: 1 duplicate column name: checks.",
    "level": "FATAL",
    "type": "SQL",
    "test": "asyncify-boot",
    "plugin": "statpress-widgets",
    "details": "[23-May-2025 17:34:51 UTC] WordPress database error <div style=\"clear:both\">&nbsp;</div>\n<div class=\"queries\" style=\"clear:both;margin-bottom:2px;border:red dotted thin;\">\n<p>MySQL query:</p>\n<p>ALTER TABLE wp_sirv_images ADD `checks` TINYINT UNSIGNED NULL DEFAULT 0 AFTER `timestamp_synced`</p>\n<p>Queries made or created this session were:</p>\n<ol>\n<li>Executing: BEGIN | (no parameters)</li>\n<li>Executing: INSERT INTO _mysql_data_types_cache (`table`, `column_or_index`, `mysql_type`)\n\t\t\t\tVALUES (:table, :column, :datatype)\n\t\t\t\tON CONFLICT(`table`, `column_or_index`) DO UPDATE SET `mysql_type` = :datatype\n\t\t\t | parameters: wp_sirv_images, `CHECKS`, tinyint UNSIGNED</li>\n<li>Executing: ALTER TABLE wp_sirv_images ADD `checks`  integer NULL DEFAULT 0   | (no parameters)</li>\n<li>Executing: ROLLBACK | (no parameters)</li>\n</ol>\n</div>\n<div style=\"clear:both;margin-bottom:2px;border:red dotted thin;\" class=\"error_message\" style=\"border-bottom:dotted blue thin;\">\nError occurred at line 4117 in Function <code>handle_error</code>. Error message was: SQLSTATE[HY000]: General error: 1 duplicate column name: checks.\n</div>\n<p>Backtrace:</p>\n<pre>#0 /internal/shared/sqlite-database-integration/wp-includes/sqlite/class-wp-sqlite-db.php(287): WP_SQLite_Translator->get_error_message()\n#1 /wordpress/wp-content/plugins/sirv/sirv.php(1058): WP_SQLite_DB->query('ALTER TABLE wp_...')\n#2 /wordpress/wp-content/plugins/sirv/sirv.php(772): sirv_fix_db()\n#3 /wordpress/wp-content/plugins/sirv/sirv.php(718): sirv_upgrade_plugin()\n#4 /wordpress/wp-includes/class-wp-hook.php(324): sirv_activation_callback(false)\n#5 /wordpress/wp-includes/class-wp-hook.php(348): WP_Hook->apply_filters('', Array)\n#6 /wordpress/wp-includes/plugin.php(517): WP_Hook->do_action(Array)\n#7 /wordpress/wp-admin/includes/plugin.php(703): do_action('activate_sirv/s...', false)\n#8 /internal/eval.php(20): activate_plugin('sirv/sirv.php')\n#9 {main}</pre>\n for query ALTER TABLE wp_sirv_images ADD `checks` TINYINT UNSIGNED NULL DEFAULT 0 AFTER `timestamp_synced` made by activate_plugin, do_action('activate_sirv/sirv.php'), WP_Hook->do_action, WP_Hook->apply_filters, sirv_activation_callback, sirv_upgrade_plugin, sirv_fix_db, WP_SQLite_DB->query, WP_SQLite_DB->print_error",
    "log": "/logs/plugins/s/statpress-widgets/error.json"
  },
  {
    "message": "SQLSTATE[HY000]: General error: 1 duplicate column name: timestamp_checks.",
    "level": "FATAL",
    "type": "SQL",
    "test": "asyncify-boot",
    "plugin": "statpress-widgets",
    "details": "[23-May-2025 17:34:51 UTC] WordPress database error <div style=\"clear:both\">&nbsp;</div>\n<div class=\"queries\" style=\"clear:both;margin-bottom:2px;border:red dotted thin;\">\n<p>MySQL query:</p>\n<p>ALTER TABLE wp_sirv_images ADD `timestamp_checks` INT NULL DEFAULT NULL AFTER `checks`</p>\n<p>Queries made or created this session were:</p>\n<ol>\n<li>Executing: BEGIN | (no parameters)</li>\n<li>Executing: INSERT INTO _mysql_data_types_cache (`table`, `column_or_index`, `mysql_type`)\n\t\t\t\tVALUES (:table, :column, :datatype)\n\t\t\t\tON CONFLICT(`table`, `column_or_index`) DO UPDATE SET `mysql_type` = :datatype\n\t\t\t | parameters: wp_sirv_images, `TIMESTAMP_CHECKS`, int</li>\n<li>Executing: ALTER TABLE wp_sirv_images ADD `timestamp_checks` integer NULL DEFAULT NULL   | (no parameters)</li>\n<li>Executing: ROLLBACK | (no parameters)</li>\n</ol>\n</div>\n<div style=\"clear:both;margin-bottom:2px;border:red dotted thin;\" class=\"error_message\" style=\"border-bottom:dotted blue thin;\">\nError occurred at line 4117 in Function <code>handle_error</code>. Error message was: SQLSTATE[HY000]: General error: 1 duplicate column name: timestamp_checks.\n</div>\n<p>Backtrace:</p>\n<pre>#0 /internal/shared/sqlite-database-integration/wp-includes/sqlite/class-wp-sqlite-db.php(287): WP_SQLite_Translator->get_error_message()\n#1 /wordpress/wp-content/plugins/sirv/sirv.php(1059): WP_SQLite_DB->query('ALTER TABLE wp_...')\n#2 /wordpress/wp-content/plugins/sirv/sirv.php(772): sirv_fix_db()\n#3 /wordpress/wp-content/plugins/sirv/sirv.php(718): sirv_upgrade_plugin()\n#4 /wordpress/wp-includes/class-wp-hook.php(324): sirv_activation_callback(false)\n#5 /wordpress/wp-includes/class-wp-hook.php(348): WP_Hook->apply_filters('', Array)\n#6 /wordpress/wp-includes/plugin.php(517): WP_Hook->do_action(Array)\n#7 /wordpress/wp-admin/includes/plugin.php(703): do_action('activate_sirv/s...', false)\n#8 /internal/eval.php(20): activate_plugin('sirv/sirv.php')\n#9 {main}</pre>\n for query ALTER TABLE wp_sirv_images ADD `timestamp_checks` INT NULL DEFAULT NULL AFTER `checks` made by activate_plugin, do_action('activate_sirv/sirv.php'), WP_Hook->do_action, WP_Hook->apply_filters, sirv_activation_callback, sirv_upgrade_plugin, sirv_fix_db, WP_SQLite_DB->query, WP_SQLite_DB->print_error",
    "log": "/logs/plugins/s/statpress-widgets/error.json"
  },
  {
    "message": "SQLSTATE[HY000]: General error: 1 duplicate column name: status.",
    "level": "FATAL",
    "type": "SQL",
    "test": "asyncify-boot",
    "plugin": "statpress-widgets",
    "details": "[23-May-2025 17:34:51 UTC] WordPress database error <div style=\"clear:both\">&nbsp;</div>\n<div class=\"queries\" style=\"clear:both;margin-bottom:2px;border:red dotted thin;\">\n<p>MySQL query:</p>\n<p>ALTER TABLE wp_sirv_images ADD `status` enum('NEW', 'PROCESSING', 'SYNCED', 'FAILED') DEFAULT NULL AFTER `size`</p>\n<p>Queries made or created this session were:</p>\n<ol>\n<li>Executing: BEGIN | (no parameters)</li>\n<li>Executing: INSERT INTO _mysql_data_types_cache (`table`, `column_or_index`, `mysql_type`)\n\t\t\t\tVALUES (:table, :column, :datatype)\n\t\t\t\tON CONFLICT(`table`, `column_or_index`) DO UPDATE SET `mysql_type` = :datatype\n\t\t\t | parameters: wp_sirv_images, `STATUS`, enum('NEW','PROCESSING','SYNCED','FAILED')</li>\n<li>Executing: ALTER TABLE wp_sirv_images ADD `status`    text DEFAULT NULL   | (no parameters)</li>\n<li>Executing: ROLLBACK | (no parameters)</li>\n</ol>\n</div>\n<div style=\"clear:both;margin-bottom:2px;border:red dotted thin;\" class=\"error_message\" style=\"border-bottom:dotted blue thin;\">\nError occurred at line 4117 in Function <code>handle_error</code>. Error message was: SQLSTATE[HY000]: General error: 1 duplicate column name: status.\n</div>\n<p>Backtrace:</p>\n<pre>#0 /internal/shared/sqlite-database-integration/wp-includes/sqlite/class-wp-sqlite-db.php(287): WP_SQLite_Translator->get_error_message()\n#1 /wordpress/wp-content/plugins/sirv/sirv.php(1060): WP_SQLite_DB->query('ALTER TABLE wp_...')\n#2 /wordpress/wp-content/plugins/sirv/sirv.php(772): sirv_fix_db()\n#3 /wordpress/wp-content/plugins/sirv/sirv.php(718): sirv_upgrade_plugin()\n#4 /wordpress/wp-includes/class-wp-hook.php(324): sirv_activation_callback(false)\n#5 /wordpress/wp-includes/class-wp-hook.php(348): WP_Hook->apply_filters('', Array)\n#6 /wordpress/wp-includes/plugin.php(517): WP_Hook->do_action(Array)\n#7 /wordpress/wp-admin/includes/plugin.php(703): do_action('activate_sirv/s...', false)\n#8 /internal/eval.php(20): activate_plugin('sirv/sirv.php')\n#9 {main}</pre>\n for query ALTER TABLE wp_sirv_images ADD `status` enum('NEW', 'PROCESSING', 'SYNCED', 'FAILED') DEFAULT NULL AFTER `size` made by activate_plugin, do_action('activate_sirv/sirv.php'), WP_Hook->do_action, WP_Hook->apply_filters, sirv_activation_callback, sirv_upgrade_plugin, sirv_fix_db, WP_SQLite_DB->query, WP_SQLite_DB->print_error",
    "log": "/logs/plugins/s/statpress-widgets/error.json"
  },
  {
    "message": "SQLSTATE[HY000]: General error: 1 duplicate column name: error_type.",
    "level": "FATAL",
    "type": "SQL",
    "test": "asyncify-boot",
    "plugin": "statpress-widgets",
    "details": "[23-May-2025 17:34:51 UTC] WordPress database error <div style=\"clear:both\">&nbsp;</div>\n<div class=\"queries\" style=\"clear:both;margin-bottom:2px;border:red dotted thin;\">\n<p>MySQL query:</p>\n<p>ALTER TABLE wp_sirv_images ADD `error_type` TINYINT UNSIGNED NULL DEFAULT NULL AFTER `status`</p>\n<p>Queries made or created this session were:</p>\n<ol>\n<li>Executing: BEGIN | (no parameters)</li>\n<li>Executing: INSERT INTO _mysql_data_types_cache (`table`, `column_or_index`, `mysql_type`)\n\t\t\t\tVALUES (:table, :column, :datatype)\n\t\t\t\tON CONFLICT(`table`, `column_or_index`) DO UPDATE SET `mysql_type` = :datatype\n\t\t\t | parameters: wp_sirv_images, `ERROR_TYPE`, tinyint UNSIGNED</li>\n<li>Executing: ALTER TABLE wp_sirv_images ADD `error_type`  integer NULL DEFAULT NULL   | (no parameters)</li>\n<li>Executing: ROLLBACK | (no parameters)</li>\n</ol>\n</div>\n<div style=\"clear:both;margin-bottom:2px;border:red dotted thin;\" class=\"error_message\" style=\"border-bottom:dotted blue thin;\">\nError occurred at line 4117 in Function <code>handle_error</code>. Error message was: SQLSTATE[HY000]: General error: 1 duplicate column name: error_type.\n</div>\n<p>Backtrace:</p>\n<pre>#0 /internal/shared/sqlite-database-integration/wp-includes/sqlite/class-wp-sqlite-db.php(287): WP_SQLite_Translator->get_error_message()\n#1 /wordpress/wp-content/plugins/sirv/sirv.php(1061): WP_SQLite_DB->query('ALTER TABLE wp_...')\n#2 /wordpress/wp-content/plugins/sirv/sirv.php(772): sirv_fix_db()\n#3 /wordpress/wp-content/plugins/sirv/sirv.php(718): sirv_upgrade_plugin()\n#4 /wordpress/wp-includes/class-wp-hook.php(324): sirv_activation_callback(false)\n#5 /wordpress/wp-includes/class-wp-hook.php(348): WP_Hook->apply_filters('', Array)\n#6 /wordpress/wp-includes/plugin.php(517): WP_Hook->do_action(Array)\n#7 /wordpress/wp-admin/includes/plugin.php(703): do_action('activate_sirv/s...', false)\n#8 /internal/eval.php(20): activate_plugin('sirv/sirv.php')\n#9 {main}</pre>\n for query ALTER TABLE wp_sirv_images ADD `error_type` TINYINT UNSIGNED NULL DEFAULT NULL AFTER `status` made by activate_plugin, do_action('activate_sirv/sirv.php'), WP_Hook->do_action, WP_Hook->apply_filters, sirv_activation_callback, sirv_upgrade_plugin, sirv_fix_db, WP_SQLite_DB->query, WP_SQLite_DB->print_error",
    "log": "/logs/plugins/s/statpress-widgets/error.json"
  },
  {
    "message": "SQLSTATE[HY000]: General error: 1 near \"SET\": syntax error.",
    "level": "FATAL",
    "type": "SQL",
    "test": "asyncify-boot",
    "plugin": "statpress-widgets",
    "details": "[23-May-2025 17:34:51 UTC] WordPress database error <div style=\"clear:both\">&nbsp;</div>\n<div class=\"queries\" style=\"clear:both;margin-bottom:2px;border:red dotted thin;\">\n<p>MySQL query:</p>\n<p>ALTER TABLE wp_sirv_images ADD `sirv_path` VARCHAR(1000) CHARACTER SET utf8 COLLATE utf8_general_ci NULL DEFAULT NULL AFTER `img_path`</p>\n<p>Queries made or created this session were:</p>\n<ol>\n<li>Executing: BEGIN | (no parameters)</li>\n<li>Executing: INSERT INTO _mysql_data_types_cache (`table`, `column_or_index`, `mysql_type`)\n\t\t\t\tVALUES (:table, :column, :datatype)\n\t\t\t\tON CONFLICT(`table`, `column_or_index`) DO UPDATE SET `mysql_type` = :datatype\n\t\t\t | parameters: wp_sirv_images, `SIRV_PATH`, varchar(1000)</li>\n<li>Executing: ALTER TABLE wp_sirv_images ADD `sirv_path` text CHARACTER SET utf8 COLLATE utf8_general_ci NULL DEFAULT NULL   | (no parameters)</li>\n<li>Executing: ROLLBACK | (no parameters)</li>\n</ol>\n</div>\n<div style=\"clear:both;margin-bottom:2px;border:red dotted thin;\" class=\"error_message\" style=\"border-bottom:dotted blue thin;\">\nError occurred at line 4117 in Function <code>handle_error</code>. Error message was: SQLSTATE[HY000]: General error: 1 near \"SET\": syntax error.\n</div>\n<p>Backtrace:</p>\n<pre>#0 /internal/shared/sqlite-database-integration/wp-includes/sqlite/class-wp-sqlite-db.php(287): WP_SQLite_Translator->get_error_message()\n#1 /wordpress/wp-content/plugins/sirv/sirv.php(1062): WP_SQLite_DB->query('ALTER TABLE wp_...')\n#2 /wordpress/wp-content/plugins/sirv/sirv.php(772): sirv_fix_db()\n#3 /wordpress/wp-content/plugins/sirv/sirv.php(718): sirv_upgrade_plugin()\n#4 /wordpress/wp-includes/class-wp-hook.php(324): sirv_activation_callback(false)\n#5 /wordpress/wp-includes/class-wp-hook.php(348): WP_Hook->apply_filters('', Array)\n#6 /wordpress/wp-includes/plugin.php(517): WP_Hook->do_action(Array)\n#7 /wordpress/wp-admin/includes/plugin.php(703): do_action('activate_sirv/s...', false)\n#8 /internal/eval.php(20): activate_plugin('sirv/sirv.php')\n#9 {main}</pre>\n for query ALTER TABLE wp_sirv_images ADD `sirv_path` VARCHAR(1000) CHARACTER SET utf8 COLLATE utf8_general_ci NULL DEFAULT NULL AFTER `img_path` made by activate_plugin, do_action('activate_sirv/sirv.php'), WP_Hook->do_action, WP_Hook->apply_filters, sirv_activation_callback, sirv_upgrade_plugin, sirv_fix_db, WP_SQLite_DB->query, WP_SQLite_DB->print_error",
    "log": "/logs/plugins/s/statpress-widgets/error.json"
  },
  {
    "message": "SQLSTATE[HY000]: General error: 1 no such table: wp_sirv_images.",
    "level": "FATAL",
    "type": "SQL",
    "test": "asyncify-boot",
    "plugin": "statpress-widgets",
    "details": "[23-May-2025 17:35:00 UTC] WordPress database error <div style=\"clear:both\">&nbsp;</div>\n<div class=\"queries\" style=\"clear:both;margin-bottom:2px;border:red dotted thin;\">\n<p>MySQL query:</p>\n<p>SELECT count(*) FROM wp_sirv_images WHERE status = 'SYNCED'</p>\n<p>Queries made or created this session were:</p>\n<ol>\n<li>Executing: BEGIN | (no parameters)</li>\n<li>Executing: SELECT count(*) FROM wp_sirv_images WHERE status = :param0  | parameters: SYNCED</li>\n<li>Executing: ROLLBACK | (no parameters)</li>\n</ol>\n</div>\n<div style=\"clear:both;margin-bottom:2px;border:red dotted thin;\" class=\"error_message\" style=\"border-bottom:dotted blue thin;\">\nError occurred at line 4117 in Function <code>handle_error</code>. Error message was: SQLSTATE[HY000]: General error: 1 no such table: wp_sirv_images.\n</div>\n<p>Backtrace:</p>\n<pre>#0 /internal/shared/sqlite-database-integration/wp-includes/sqlite/class-wp-sqlite-db.php(287): WP_SQLite_Translator->get_error_message()\n#1 /wordpress/wp-includes/class-wpdb.php(3031): WP_SQLite_DB->query('SELECT count(*)...')\n#2 /wordpress/wp-content/plugins/sirv/sirv.php(3994): wpdb->get_var('SELECT count(*)...')\n#3 /wordpress/wp-content/plugins/sirv/sirv.php(1020): sirv_get_synced_count()\n#4 /wordpress/wp-content/plugins/sirv/sirv.php(695): sirv_fill_empty_options()\n#5 /wordpress/wp-includes/class-wp-hook.php(324): sirv_activation_callback(false)\n#6 /wordpress/wp-includes/class-wp-hook.php(348): WP_Hook->apply_filters('', Array)\n#7 /wordpress/wp-includes/plugin.php(517): WP_Hook->do_action(Array)\n#8 /wordpress/wp-admin/includes/plugin.php(703): do_action('activate_sirv/s...', false)\n#9 /internal/eval.php(20): activate_plugin('sirv/sirv.php')\n#10 {main}</pre>\n for query SELECT count(*) FROM wp_sirv_images WHERE status = 'SYNCED' made by activate_plugin, do_action('activate_sirv/sirv.php'), WP_Hook->do_action, WP_Hook->apply_filters, sirv_activation_callback, sirv_fill_empty_options, sirv_get_synced_count, WP_SQLite_DB->query, WP_SQLite_DB->print_error",
    "log": "/logs/plugins/s/statpress-widgets/error.json"
  },
  {
    "message": "Unknown show type: INDEXES FROM.",
    "level": "FATAL",
    "type": "SQL",
    "test": "asyncify-boot",
    "plugin": "statpress-widgets",
    "details": "[23-May-2025 17:35:01 UTC] WordPress database error <div style=\"clear:both\">&nbsp;</div>\n<div class=\"queries\" style=\"clear:both;margin-bottom:2px;border:red dotted thin;\">\n<p>MySQL query:</p>\n<p>SHOW INDEXES FROM wp_sirv_images WHERE Column_name='attachment_id' AND NOT Non_unique</p>\n<p>Queries made or created this session were:</p>\n<ol>\n<li>Executing: BEGIN | (no parameters)</li>\n<li>Executing: ROLLBACK | (no parameters)</li>\n</ol>\n</div>\n<div style=\"clear:both;margin-bottom:2px;border:red dotted thin;\" class=\"error_message\" style=\"border-bottom:dotted blue thin;\">\nError occurred at line 4117 in Function <code>handle_error</code>. Error message was: Unknown show type: INDEXES FROM.\n</div>\n<p>Backtrace:</p>\n<pre>#0 /internal/shared/sqlite-database-integration/wp-includes/sqlite/class-wp-sqlite-db.php(287): WP_SQLite_Translator->get_error_message()\n#1 /wordpress/wp-includes/class-wpdb.php(3146): WP_SQLite_DB->query('SHOW INDEXES FR...')\n#2 /wordpress/wp-content/plugins/sirv/sirv.php(2003): wpdb->get_results('SHOW INDEXES FR...', 'ARRAY_A')\n#3 /wordpress/wp-content/plugins/sirv/sirv.php(768): sirv_is_unique_field('attachment_id')\n#4 /wordpress/wp-content/plugins/sirv/sirv.php(718): sirv_upgrade_plugin()\n#5 /wordpress/wp-includes/class-wp-hook.php(324): sirv_activation_callback(false)\n#6 /wordpress/wp-includes/class-wp-hook.php(348): WP_Hook->apply_filters('', Array)\n#7 /wordpress/wp-includes/plugin.php(517): WP_Hook->do_action(Array)\n#8 /wordpress/wp-admin/includes/plugin.php(703): do_action('activate_sirv/s...', false)\n#9 /internal/eval.php(20): activate_plugin('sirv/sirv.php')\n#10 {main}</pre>\n for query SHOW INDEXES FROM wp_sirv_images WHERE Column_name='attachment_id' AND NOT Non_unique made by activate_plugin, do_action('activate_sirv/sirv.php'), WP_Hook->do_action, WP_Hook->apply_filters, sirv_activation_callback, sirv_upgrade_plugin, sirv_is_unique_field, WP_SQLite_DB->query, WP_SQLite_DB->print_error",
    "log": "/logs/plugins/s/statpress-widgets/error.json"
  },
  {
    "message": "SQLSTATE[HY000]: General error: 1 near \")\": syntax error.",
    "level": "FATAL",
    "type": "SQL",
    "test": "asyncify-boot",
    "plugin": "statpress-widgets",
    "details": "[23-May-2025 17:35:01 UTC] WordPress database error <div style=\"clear:both\">&nbsp;</div>\n<div class=\"queries\" style=\"clear:both;margin-bottom:2px;border:red dotted thin;\">\n<p>MySQL query:</p>\n<p>ALTER TABLE wp_sirv_images ADD UNIQUE (attachment_id)</p>\n<p>Queries made or created this session were:</p>\n<ol>\n<li>Executing: BEGIN | (no parameters)</li>\n<li>Executing: INSERT INTO _mysql_data_types_cache (`table`, `column_or_index`, `mysql_type`)\n\t\t\t\tVALUES (:table, :column, :datatype)\n\t\t\t\tON CONFLICT(`table`, `column_or_index`) DO UPDATE SET `mysql_type` = :datatype\n\t\t\t | parameters: wp_sirv_images, wp_sirv_images__(, UNIQUE</li>\n<li>Executing: CREATE UNIQUE INDEX &quot;wp_sirv_images__(&quot; ON &quot;wp_sirv_images&quot; () | (no parameters)</li>\n<li>Executing: ROLLBACK | (no parameters)</li>\n</ol>\n</div>\n<div style=\"clear:both;margin-bottom:2px;border:red dotted thin;\" class=\"error_message\" style=\"border-bottom:dotted blue thin;\">\nError occurred at line 4117 in Function <code>handle_error</code>. Error message was: SQLSTATE[HY000]: General error: 1 near \")\": syntax error.\n</div>\n<p>Backtrace:</p>\n<pre>#0 /internal/shared/sqlite-database-integration/wp-includes/sqlite/class-wp-sqlite-db.php(287): WP_SQLite_Translator->get_error_message()\n#1 /wordpress/wp-content/plugins/sirv/sirv.php(2040): WP_SQLite_DB->query('ALTER TABLE wp_...')\n#2 /wordpress/wp-content/plugins/sirv/sirv.php(769): sirv_set_unique_field('attachment_id')\n#3 /wordpress/wp-content/plugins/sirv/sirv.php(718): sirv_upgrade_plugin()\n#4 /wordpress/wp-includes/class-wp-hook.php(324): sirv_activation_callback(false)\n#5 /wordpress/wp-includes/class-wp-hook.php(348): WP_Hook->apply_filters('', Array)\n#6 /wordpress/wp-includes/plugin.php(517): WP_Hook->do_action(Array)\n#7 /wordpress/wp-admin/includes/plugin.php(703): do_action('activate_sirv/s...', false)\n#8 /internal/eval.php(20): activate_plugin('sirv/sirv.php')\n#9 {main}</pre>\n for query ALTER TABLE wp_sirv_images ADD UNIQUE (attachment_id) made by activate_plugin, do_action('activate_sirv/sirv.php'), WP_Hook->do_action, WP_Hook->apply_filters, sirv_activation_callback, sirv_upgrade_plugin, sirv_set_unique_field, WP_SQLite_DB->query, WP_SQLite_DB->print_error",
    "log": "/logs/plugins/s/statpress-widgets/error.json"
  },
  {
    "message": "SQLSTATE[HY000]: General error: 1 near \",\": syntax error.",
    "level": "FATAL",
    "type": "SQL",
    "test": "asyncify-boot",
    "plugin": "statpress-widgets",
    "details": "[23-May-2025 17:35:01 UTC] WordPress database error <div style=\"clear:both\">&nbsp;</div>\n<div class=\"queries\" style=\"clear:both;margin-bottom:2px;border:red dotted thin;\">\n<p>MySQL query:</p>\n<p>ALTER TABLE wp_sirv_images\n                  DROP `sirvpath`,\n                  DROP `sirv_image_url`,\n                  DROP `sirv_folder`</p>\n<p>Queries made or created this session were:</p>\n<ol>\n<li>Executing: BEGIN | (no parameters)</li>\n<li>Executing: ALTER TABLE wp_sirv_images\n                  DROP `sirvpath`,\n                  DROP `sirv_image_url`,\n                  DROP `sirv_folder` | (no parameters)</li>\n<li>Executing: ROLLBACK | (no parameters)</li>\n</ol>\n</div>\n<div style=\"clear:both;margin-bottom:2px;border:red dotted thin;\" class=\"error_message\" style=\"border-bottom:dotted blue thin;\">\nError occurred at line 4117 in Function <code>handle_error</code>. Error message was: SQLSTATE[HY000]: General error: 1 near \",\": syntax error.\n</div>\n<p>Backtrace:</p>\n<pre>#0 /internal/shared/sqlite-database-integration/wp-includes/sqlite/class-wp-sqlite-db.php(287): WP_SQLite_Translator->get_error_message()\n#1 /wordpress/wp-content/plugins/sirv/sirv.php(1054): WP_SQLite_DB->query('ALTER TABLE wp_...')\n#2 /wordpress/wp-content/plugins/sirv/sirv.php(772): sirv_fix_db()\n#3 /wordpress/wp-content/plugins/sirv/sirv.php(718): sirv_upgrade_plugin()\n#4 /wordpress/wp-includes/class-wp-hook.php(324): sirv_activation_callback(false)\n#5 /wordpress/wp-includes/class-wp-hook.php(348): WP_Hook->apply_filters('', Array)\n#6 /wordpress/wp-includes/plugin.php(517): WP_Hook->do_action(Array)\n#7 /wordpress/wp-admin/includes/plugin.php(703): do_action('activate_sirv/s...', false)\n#8 /internal/eval.php(20): activate_plugin('sirv/sirv.php')\n#9 {main}</pre>\n for query ALTER TABLE wp_sirv_images\n                  DROP `sirvpath`,\n                  DROP `sirv_image_url`,\n                  DROP `sirv_folder` made by activate_plugin, do_action('activate_sirv/sirv.php'), WP_Hook->do_action, WP_Hook->apply_filters, sirv_activation_callback, sirv_upgrade_plugin, sirv_fix_db, WP_SQLite_DB->query, WP_SQLite_DB->print_error",
    "log": "/logs/plugins/s/statpress-widgets/error.json"
  },
  {
    "message": "SQLSTATE[HY000]: General error: 1 duplicate column name: checks.",
    "level": "FATAL",
    "type": "SQL",
    "test": "asyncify-boot",
    "plugin": "statpress-widgets",
    "details": "[23-May-2025 17:35:01 UTC] WordPress database error <div style=\"clear:both\">&nbsp;</div>\n<div class=\"queries\" style=\"clear:both;margin-bottom:2px;border:red dotted thin;\">\n<p>MySQL query:</p>\n<p>ALTER TABLE wp_sirv_images ADD `checks` TINYINT UNSIGNED NULL DEFAULT 0 AFTER `timestamp_synced`</p>\n<p>Queries made or created this session were:</p>\n<ol>\n<li>Executing: BEGIN | (no parameters)</li>\n<li>Executing: INSERT INTO _mysql_data_types_cache (`table`, `column_or_index`, `mysql_type`)\n\t\t\t\tVALUES (:table, :column, :datatype)\n\t\t\t\tON CONFLICT(`table`, `column_or_index`) DO UPDATE SET `mysql_type` = :datatype\n\t\t\t | parameters: wp_sirv_images, `CHECKS`, tinyint UNSIGNED</li>\n<li>Executing: ALTER TABLE wp_sirv_images ADD `checks`  integer NULL DEFAULT 0   | (no parameters)</li>\n<li>Executing: ROLLBACK | (no parameters)</li>\n</ol>\n</div>\n<div style=\"clear:both;margin-bottom:2px;border:red dotted thin;\" class=\"error_message\" style=\"border-bottom:dotted blue thin;\">\nError occurred at line 4117 in Function <code>handle_error</code>. Error message was: SQLSTATE[HY000]: General error: 1 duplicate column name: checks.\n</div>\n<p>Backtrace:</p>\n<pre>#0 /internal/shared/sqlite-database-integration/wp-includes/sqlite/class-wp-sqlite-db.php(287): WP_SQLite_Translator->get_error_message()\n#1 /wordpress/wp-content/plugins/sirv/sirv.php(1058): WP_SQLite_DB->query('ALTER TABLE wp_...')\n#2 /wordpress/wp-content/plugins/sirv/sirv.php(772): sirv_fix_db()\n#3 /wordpress/wp-content/plugins/sirv/sirv.php(718): sirv_upgrade_plugin()\n#4 /wordpress/wp-includes/class-wp-hook.php(324): sirv_activation_callback(false)\n#5 /wordpress/wp-includes/class-wp-hook.php(348): WP_Hook->apply_filters('', Array)\n#6 /wordpress/wp-includes/plugin.php(517): WP_Hook->do_action(Array)\n#7 /wordpress/wp-admin/includes/plugin.php(703): do_action('activate_sirv/s...', false)\n#8 /internal/eval.php(20): activate_plugin('sirv/sirv.php')\n#9 {main}</pre>\n for query ALTER TABLE wp_sirv_images ADD `checks` TINYINT UNSIGNED NULL DEFAULT 0 AFTER `timestamp_synced` made by activate_plugin, do_action('activate_sirv/sirv.php'), WP_Hook->do_action, WP_Hook->apply_filters, sirv_activation_callback, sirv_upgrade_plugin, sirv_fix_db, WP_SQLite_DB->query, WP_SQLite_DB->print_error",
    "log": "/logs/plugins/s/statpress-widgets/error.json"
  },
  {
    "message": "SQLSTATE[HY000]: General error: 1 duplicate column name: timestamp_checks.",
    "level": "FATAL",
    "type": "SQL",
    "test": "asyncify-boot",
    "plugin": "statpress-widgets",
    "details": "[23-May-2025 17:35:01 UTC] WordPress database error <div style=\"clear:both\">&nbsp;</div>\n<div class=\"queries\" style=\"clear:both;margin-bottom:2px;border:red dotted thin;\">\n<p>MySQL query:</p>\n<p>ALTER TABLE wp_sirv_images ADD `timestamp_checks` INT NULL DEFAULT NULL AFTER `checks`</p>\n<p>Queries made or created this session were:</p>\n<ol>\n<li>Executing: BEGIN | (no parameters)</li>\n<li>Executing: INSERT INTO _mysql_data_types_cache (`table`, `column_or_index`, `mysql_type`)\n\t\t\t\tVALUES (:table, :column, :datatype)\n\t\t\t\tON CONFLICT(`table`, `column_or_index`) DO UPDATE SET `mysql_type` = :datatype\n\t\t\t | parameters: wp_sirv_images, `TIMESTAMP_CHECKS`, int</li>\n<li>Executing: ALTER TABLE wp_sirv_images ADD `timestamp_checks` integer NULL DEFAULT NULL   | (no parameters)</li>\n<li>Executing: ROLLBACK | (no parameters)</li>\n</ol>\n</div>\n<div style=\"clear:both;margin-bottom:2px;border:red dotted thin;\" class=\"error_message\" style=\"border-bottom:dotted blue thin;\">\nError occurred at line 4117 in Function <code>handle_error</code>. Error message was: SQLSTATE[HY000]: General error: 1 duplicate column name: timestamp_checks.\n</div>\n<p>Backtrace:</p>\n<pre>#0 /internal/shared/sqlite-database-integration/wp-includes/sqlite/class-wp-sqlite-db.php(287): WP_SQLite_Translator->get_error_message()\n#1 /wordpress/wp-content/plugins/sirv/sirv.php(1059): WP_SQLite_DB->query('ALTER TABLE wp_...')\n#2 /wordpress/wp-content/plugins/sirv/sirv.php(772): sirv_fix_db()\n#3 /wordpress/wp-content/plugins/sirv/sirv.php(718): sirv_upgrade_plugin()\n#4 /wordpress/wp-includes/class-wp-hook.php(324): sirv_activation_callback(false)\n#5 /wordpress/wp-includes/class-wp-hook.php(348): WP_Hook->apply_filters('', Array)\n#6 /wordpress/wp-includes/plugin.php(517): WP_Hook->do_action(Array)\n#7 /wordpress/wp-admin/includes/plugin.php(703): do_action('activate_sirv/s...', false)\n#8 /internal/eval.php(20): activate_plugin('sirv/sirv.php')\n#9 {main}</pre>\n for query ALTER TABLE wp_sirv_images ADD `timestamp_checks` INT NULL DEFAULT NULL AFTER `checks` made by activate_plugin, do_action('activate_sirv/sirv.php'), WP_Hook->do_action, WP_Hook->apply_filters, sirv_activation_callback, sirv_upgrade_plugin, sirv_fix_db, WP_SQLite_DB->query, WP_SQLite_DB->print_error",
    "log": "/logs/plugins/s/statpress-widgets/error.json"
  },
  {
    "message": "SQLSTATE[HY000]: General error: 1 duplicate column name: status.",
    "level": "FATAL",
    "type": "SQL",
    "test": "asyncify-boot",
    "plugin": "statpress-widgets",
    "details": "[23-May-2025 17:35:01 UTC] WordPress database error <div style=\"clear:both\">&nbsp;</div>\n<div class=\"queries\" style=\"clear:both;margin-bottom:2px;border:red dotted thin;\">\n<p>MySQL query:</p>\n<p>ALTER TABLE wp_sirv_images ADD `status` enum('NEW', 'PROCESSING', 'SYNCED', 'FAILED') DEFAULT NULL AFTER `size`</p>\n<p>Queries made or created this session were:</p>\n<ol>\n<li>Executing: BEGIN | (no parameters)</li>\n<li>Executing: INSERT INTO _mysql_data_types_cache (`table`, `column_or_index`, `mysql_type`)\n\t\t\t\tVALUES (:table, :column, :datatype)\n\t\t\t\tON CONFLICT(`table`, `column_or_index`) DO UPDATE SET `mysql_type` = :datatype\n\t\t\t | parameters: wp_sirv_images, `STATUS`, enum('NEW','PROCESSING','SYNCED','FAILED')</li>\n<li>Executing: ALTER TABLE wp_sirv_images ADD `status`    text DEFAULT NULL   | (no parameters)</li>\n<li>Executing: ROLLBACK | (no parameters)</li>\n</ol>\n</div>\n<div style=\"clear:both;margin-bottom:2px;border:red dotted thin;\" class=\"error_message\" style=\"border-bottom:dotted blue thin;\">\nError occurred at line 4117 in Function <code>handle_error</code>. Error message was: SQLSTATE[HY000]: General error: 1 duplicate column name: status.\n</div>\n<p>Backtrace:</p>\n<pre>#0 /internal/shared/sqlite-database-integration/wp-includes/sqlite/class-wp-sqlite-db.php(287): WP_SQLite_Translator->get_error_message()\n#1 /wordpress/wp-content/plugins/sirv/sirv.php(1060): WP_SQLite_DB->query('ALTER TABLE wp_...')\n#2 /wordpress/wp-content/plugins/sirv/sirv.php(772): sirv_fix_db()\n#3 /wordpress/wp-content/plugins/sirv/sirv.php(718): sirv_upgrade_plugin()\n#4 /wordpress/wp-includes/class-wp-hook.php(324): sirv_activation_callback(false)\n#5 /wordpress/wp-includes/class-wp-hook.php(348): WP_Hook->apply_filters('', Array)\n#6 /wordpress/wp-includes/plugin.php(517): WP_Hook->do_action(Array)\n#7 /wordpress/wp-admin/includes/plugin.php(703): do_action('activate_sirv/s...', false)\n#8 /internal/eval.php(20): activate_plugin('sirv/sirv.php')\n#9 {main}</pre>\n for query ALTER TABLE wp_sirv_images ADD `status` enum('NEW', 'PROCESSING', 'SYNCED', 'FAILED') DEFAULT NULL AFTER `size` made by activate_plugin, do_action('activate_sirv/sirv.php'), WP_Hook->do_action, WP_Hook->apply_filters, sirv_activation_callback, sirv_upgrade_plugin, sirv_fix_db, WP_SQLite_DB->query, WP_SQLite_DB->print_error",
    "log": "/logs/plugins/s/statpress-widgets/error.json"
  },
  {
    "message": "SQLSTATE[HY000]: General error: 1 duplicate column name: error_type.",
    "level": "FATAL",
    "type": "SQL",
    "test": "asyncify-boot",
    "plugin": "statpress-widgets",
    "details": "[23-May-2025 17:35:01 UTC] WordPress database error <div style=\"clear:both\">&nbsp;</div>\n<div class=\"queries\" style=\"clear:both;margin-bottom:2px;border:red dotted thin;\">\n<p>MySQL query:</p>\n<p>ALTER TABLE wp_sirv_images ADD `error_type` TINYINT UNSIGNED NULL DEFAULT NULL AFTER `status`</p>\n<p>Queries made or created this session were:</p>\n<ol>\n<li>Executing: BEGIN | (no parameters)</li>\n<li>Executing: INSERT INTO _mysql_data_types_cache (`table`, `column_or_index`, `mysql_type`)\n\t\t\t\tVALUES (:table, :column, :datatype)\n\t\t\t\tON CONFLICT(`table`, `column_or_index`) DO UPDATE SET `mysql_type` = :datatype\n\t\t\t | parameters: wp_sirv_images, `ERROR_TYPE`, tinyint UNSIGNED</li>\n<li>Executing: ALTER TABLE wp_sirv_images ADD `error_type`  integer NULL DEFAULT NULL   | (no parameters)</li>\n<li>Executing: ROLLBACK | (no parameters)</li>\n</ol>\n</div>\n<div style=\"clear:both;margin-bottom:2px;border:red dotted thin;\" class=\"error_message\" style=\"border-bottom:dotted blue thin;\">\nError occurred at line 4117 in Function <code>handle_error</code>. Error message was: SQLSTATE[HY000]: General error: 1 duplicate column name: error_type.\n</div>\n<p>Backtrace:</p>\n<pre>#0 /internal/shared/sqlite-database-integration/wp-includes/sqlite/class-wp-sqlite-db.php(287): WP_SQLite_Translator->get_error_message()\n#1 /wordpress/wp-content/plugins/sirv/sirv.php(1061): WP_SQLite_DB->query('ALTER TABLE wp_...')\n#2 /wordpress/wp-content/plugins/sirv/sirv.php(772): sirv_fix_db()\n#3 /wordpress/wp-content/plugins/sirv/sirv.php(718): sirv_upgrade_plugin()\n#4 /wordpress/wp-includes/class-wp-hook.php(324): sirv_activation_callback(false)\n#5 /wordpress/wp-includes/class-wp-hook.php(348): WP_Hook->apply_filters('', Array)\n#6 /wordpress/wp-includes/plugin.php(517): WP_Hook->do_action(Array)\n#7 /wordpress/wp-admin/includes/plugin.php(703): do_action('activate_sirv/s...', false)\n#8 /internal/eval.php(20): activate_plugin('sirv/sirv.php')\n#9 {main}</pre>\n for query ALTER TABLE wp_sirv_images ADD `error_type` TINYINT UNSIGNED NULL DEFAULT NULL AFTER `status` made by activate_plugin, do_action('activate_sirv/sirv.php'), WP_Hook->do_action, WP_Hook->apply_filters, sirv_activation_callback, sirv_upgrade_plugin, sirv_fix_db, WP_SQLite_DB->query, WP_SQLite_DB->print_error",
    "log": "/logs/plugins/s/statpress-widgets/error.json"
  },
  {
    "message": "SQLSTATE[HY000]: General error: 1 near \"SET\": syntax error.",
    "level": "FATAL",
    "type": "SQL",
    "test": "asyncify-boot",
    "plugin": "statpress-widgets",
    "details": "[23-May-2025 17:35:01 UTC] WordPress database error <div style=\"clear:both\">&nbsp;</div>\n<div class=\"queries\" style=\"clear:both;margin-bottom:2px;border:red dotted thin;\">\n<p>MySQL query:</p>\n<p>ALTER TABLE wp_sirv_images ADD `sirv_path` VARCHAR(1000) CHARACTER SET utf8 COLLATE utf8_general_ci NULL DEFAULT NULL AFTER `img_path`</p>\n<p>Queries made or created this session were:</p>\n<ol>\n<li>Executing: BEGIN | (no parameters)</li>\n<li>Executing: INSERT INTO _mysql_data_types_cache (`table`, `column_or_index`, `mysql_type`)\n\t\t\t\tVALUES (:table, :column, :datatype)\n\t\t\t\tON CONFLICT(`table`, `column_or_index`) DO UPDATE SET `mysql_type` = :datatype\n\t\t\t | parameters: wp_sirv_images, `SIRV_PATH`, varchar(1000)</li>\n<li>Executing: ALTER TABLE wp_sirv_images ADD `sirv_path` text CHARACTER SET utf8 COLLATE utf8_general_ci NULL DEFAULT NULL   | (no parameters)</li>\n<li>Executing: ROLLBACK | (no parameters)</li>\n</ol>\n</div>\n<div style=\"clear:both;margin-bottom:2px;border:red dotted thin;\" class=\"error_message\" style=\"border-bottom:dotted blue thin;\">\nError occurred at line 4117 in Function <code>handle_error</code>. Error message was: SQLSTATE[HY000]: General error: 1 near \"SET\": syntax error.\n</div>\n<p>Backtrace:</p>\n<pre>#0 /internal/shared/sqlite-database-integration/wp-includes/sqlite/class-wp-sqlite-db.php(287): WP_SQLite_Translator->get_error_message()\n#1 /wordpress/wp-content/plugins/sirv/sirv.php(1062): WP_SQLite_DB->query('ALTER TABLE wp_...')\n#2 /wordpress/wp-content/plugins/sirv/sirv.php(772): sirv_fix_db()\n#3 /wordpress/wp-content/plugins/sirv/sirv.php(718): sirv_upgrade_plugin()\n#4 /wordpress/wp-includes/class-wp-hook.php(324): sirv_activation_callback(false)\n#5 /wordpress/wp-includes/class-wp-hook.php(348): WP_Hook->apply_filters('', Array)\n#6 /wordpress/wp-includes/plugin.php(517): WP_Hook->do_action(Array)\n#7 /wordpress/wp-admin/includes/plugin.php(703): do_action('activate_sirv/s...', false)\n#8 /internal/eval.php(20): activate_plugin('sirv/sirv.php')\n#9 {main}</pre>\n for query ALTER TABLE wp_sirv_images ADD `sirv_path` VARCHAR(1000) CHARACTER SET utf8 COLLATE utf8_general_ci NULL DEFAULT NULL AFTER `img_path` made by activate_plugin, do_action('activate_sirv/sirv.php'), WP_Hook->do_action, WP_Hook->apply_filters, sirv_activation_callback, sirv_upgrade_plugin, sirv_fix_db, WP_SQLite_DB->query, WP_SQLite_DB->print_error",
    "log": "/logs/plugins/s/statpress-widgets/error.json"
  },
  {
    "message": "Required parameter $filter follows optional parameter $max in /wordpress/wp-content/plugins/statpress-widgets/sp-widget-searchengines.php on line 129",
    "level": "DEPRECATED",
    "type": "PHP",
    "test": "asyncify-boot",
    "plugin": "statpress-widgets",
    "details": "[23-May-2025 17:35:11 UTC] PHP Deprecated:  Required parameter $filter follows optional parameter $max in /wordpress/wp-content/plugins/statpress-widgets/sp-widget-searchengines.php on line 129",
    "log": "/logs/plugins/s/statpress-widgets/error.json"
  },
  {
    "message": "Uncaught Error: Undefined constant \"referrers_top_title\" in /wordpress/wp-content/plugins/statpress-widgets/sp-widget-referrers.php:9",
    "level": "FATAL",
    "type": "PHP",
    "test": "asyncify-boot",
    "plugin": "statpress-widgets",
    "details": "[23-May-2025 17:35:11 UTC] PHP Fatal error:  Uncaught Error: Undefined constant \"referrers_top_title\" in /wordpress/wp-content/plugins/statpress-widgets/sp-widget-referrers.php:9\nStack trace:\n#0 /wordpress/wp-content/plugins/statpress-widgets/sp-widgets.php(35): SP_Widget_Referrers::add_options()\n#1 /wordpress/wp-includes/class-wp-hook.php(324): SP_Widgets::aktivate_plugin(false)\n#2 /wordpress/wp-includes/class-wp-hook.php(348): WP_Hook->apply_filters('', Array)\n#3 /wordpress/wp-includes/plugin.php(517): WP_Hook->do_action(Array)\n#4 /wordpress/wp-admin/includes/plugin.php(703): do_action('activate_statpr...', false)\n#5 /internal/eval.php(20): activate_plugin('statpress-widge...')\n#6 {main}\n  thrown in /wordpress/wp-content/plugins/statpress-widgets/sp-widget-referrers.php on line 9\n[23-May-20\n",
    "log": "/logs/plugins/s/statpress-widgets/error.json"
  },
  {
    "message": "file:///home/runner/work/playground-tester/playground-tester/node_modules/@wp-playground/cli/index.js:237\n        throw new Error(y, { cause: u });\n              ^\n",
    "level": "FATAL",
    "type": "PLAYGROUND",
    "test": "jspi-boot",
    "plugin": "statpress-widgets",
    "details": "file:///home/runner/work/playground-tester/playground-tester/node_modules/@wp-playground/cli/index.js:237\n        throw new Error(y, { cause: u });\n              ^\n",
    "log": "/tmp/tmp.9Dqx12Z0ll"
  },
  {
    "message": "Undefined variable $wp_error in /wordpress/wp-content/plugins/simple-popups/public/class-social-popup.php on line 295",
    "level": "WARNING",
    "type": "PHP",
    "test": "jspi-boot",
    "plugin": "statpress-widgets",
    "details": "[23-May-2025 17:24:59 UTC] PHP Warning:  Undefined variable $wp_error in /wordpress/wp-content/plugins/simple-popups/public/class-social-popup.php on line 295",
    "log": "/logs/plugins/s/statpress-widgets/error.json"
  },
  {
    "message": "Undefined variable $wp_error in /wordpress/wp-content/plugins/simple-popups/public/class-social-popup.php on line 295",
    "level": "WARNING",
    "type": "PHP",
    "test": "jspi-boot",
    "plugin": "statpress-widgets",
    "details": "[23-May-2025 17:25:09 UTC] PHP Warning:  Undefined variable $wp_error in /wordpress/wp-content/plugins/simple-popups/public/class-social-popup.php on line 295",
    "log": "/logs/plugins/s/statpress-widgets/error.json"
  },
  {
    "message": "Undefined variable $wp_error in /wordpress/wp-content/plugins/simple-popups/public/class-social-popup.php on line 295",
    "level": "WARNING",
    "type": "PHP",
    "test": "jspi-boot",
    "plugin": "statpress-widgets",
    "details": "[23-May-2025 17:25:18 UTC] PHP Warning:  Undefined variable $wp_error in /wordpress/wp-content/plugins/simple-popups/public/class-social-popup.php on line 295",
    "log": "/logs/plugins/s/statpress-widgets/error.json"
  },
  {
    "message": "Unparenthesized `a ? b : c ? d : e` is not supported. Use either `(a ? b : c) ? d : e` or `a ? b : (c ? d : e)` in /wordpress/wp-content/plugins/social-media-trifecta/admin_menus/classes/class-trifecta-instagram.php on line 100",
    "level": "FATAL",
    "type": "PHP",
    "test": "jspi-boot",
    "plugin": "statpress-widgets",
    "details": "[23-May-2025 17:26:35 UTC] PHP Fatal error:  Unparenthesized `a ? b : c ? d : e` is not supported. Use either `(a ? b : c) ? d : e` or `a ? b : (c ? d : e)` in /wordpress/wp-content/plugins/social-media-trifecta/admin_menus/classes/class-trifecta-instagram.php on line 100",
    "log": "/logs/plugins/s/statpress-widgets/error.json"
  },
  {
    "message": "Unparenthesized `a ? b : c ? d : e` is not supported. Use either `(a ? b : c) ? d : e` or `a ? b : (c ? d : e)` in /wordpress/wp-content/plugins/social-media-trifecta/admin_menus/classes/class-trifecta-instagram.php on line 100",
    "level": "FATAL",
    "type": "PHP",
    "test": "jspi-boot",
    "plugin": "statpress-widgets",
    "details": "[23-May-2025 17:26:42 UTC] PHP Fatal error:  Unparenthesized `a ? b : c ? d : e` is not supported. Use either `(a ? b : c) ? d : e` or `a ? b : (c ? d : e)` in /wordpress/wp-content/plugins/social-media-trifecta/admin_menus/classes/class-trifecta-instagram.php on line 100",
    "log": "/logs/plugins/s/statpress-widgets/error.json"
  },
  {
    "message": "Unparenthesized `a ? b : c ? d : e` is not supported. Use either `(a ? b : c) ? d : e` or `a ? b : (c ? d : e)` in /wordpress/wp-content/plugins/social-media-trifecta/admin_menus/classes/class-trifecta-instagram.php on line 100",
    "level": "FATAL",
    "type": "PHP",
    "test": "jspi-boot",
    "plugin": "statpress-widgets",
    "details": "[23-May-2025 17:26:49 UTC] PHP Fatal error:  Unparenthesized `a ? b : c ? d : e` is not supported. Use either `(a ? b : c) ? d : e` or `a ? b : (c ? d : e)` in /wordpress/wp-content/plugins/social-media-trifecta/admin_menus/classes/class-trifecta-instagram.php on line 100",
    "log": "/logs/plugins/s/statpress-widgets/error.json"
  },
  {
    "message": "Undefined variable $wpdb in /wordpress/wp-content/plugins/springest-partners/springest.php on line 29",
    "level": "WARNING",
    "type": "PHP",
    "test": "jspi-boot",
    "plugin": "statpress-widgets",
    "details": "[23-May-2025 17:28:43 UTC] PHP Warning:  Undefined variable $wpdb in /wordpress/wp-content/plugins/springest-partners/springest.php on line 29",
    "log": "/logs/plugins/s/statpress-widgets/error.json"
  },
  {
    "message": "Attempt to read property \"prefix\" on null in /wordpress/wp-content/plugins/springest-partners/springest.php on line 29",
    "level": "WARNING",
    "type": "PHP",
    "test": "jspi-boot",
    "plugin": "statpress-widgets",
    "details": "[23-May-2025 17:28:43 UTC] PHP Warning:  Attempt to read property \"prefix\" on null in /wordpress/wp-content/plugins/springest-partners/springest.php on line 29",
    "log": "/logs/plugins/s/statpress-widgets/error.json"
  },
  {
    "message": "Uncaught Error: Attempt to assign property \"springest_groups\" on null in /wordpress/wp-content/plugins/springest-partners/springest.php:29",
    "level": "FATAL",
    "type": "PHP",
    "test": "jspi-boot",
    "plugin": "statpress-widgets",
    "details": "[23-May-2025 17:28:43 UTC] PHP Fatal error:  Uncaught Error: Attempt to assign property \"springest_groups\" on null in /wordpress/wp-content/plugins/springest-partners/springest.php:29\nStack trace:\n#0 /wordpress/wp-admin/includes/plugin.php(2387): include_once()\n#1 /wordpress/wp-admin/includes/plugin.php(673): plugin_sandbox_scrape('springest-partn...')\n#2 /internal/eval.php(20): activate_plugin('springest-partn...')\n#3 {main}\n  thrown in /wordpress/wp-content/plugins/springest-partners/springest.php on line 29",
    "log": "/logs/plugins/s/statpress-widgets/error.json"
  },
  {
    "message": "Undefined variable $wpdb in /wordpress/wp-content/plugins/springest-partners/springest.php on line 29",
    "level": "WARNING",
    "type": "PHP",
    "test": "jspi-boot",
    "plugin": "statpress-widgets",
    "details": "[23-May-2025 17:28:50 UTC] PHP Warning:  Undefined variable $wpdb in /wordpress/wp-content/plugins/springest-partners/springest.php on line 29",
    "log": "/logs/plugins/s/statpress-widgets/error.json"
  },
  {
    "message": "Attempt to read property \"prefix\" on null in /wordpress/wp-content/plugins/springest-partners/springest.php on line 29",
    "level": "WARNING",
    "type": "PHP",
    "test": "jspi-boot",
    "plugin": "statpress-widgets",
    "details": "[23-May-2025 17:28:50 UTC] PHP Warning:  Attempt to read property \"prefix\" on null in /wordpress/wp-content/plugins/springest-partners/springest.php on line 29",
    "log": "/logs/plugins/s/statpress-widgets/error.json"
  },
  {
    "message": "Uncaught Error: Attempt to assign property \"springest_groups\" on null in /wordpress/wp-content/plugins/springest-partners/springest.php:29",
    "level": "FATAL",
    "type": "PHP",
    "test": "jspi-boot",
    "plugin": "statpress-widgets",
    "details": "[23-May-2025 17:28:50 UTC] PHP Fatal error:  Uncaught Error: Attempt to assign property \"springest_groups\" on null in /wordpress/wp-content/plugins/springest-partners/springest.php:29\nStack trace:\n#0 /wordpress/wp-admin/includes/plugin.php(2387): include_once()\n#1 /wordpress/wp-admin/includes/plugin.php(673): plugin_sandbox_scrape('springest-partn...')\n#2 /internal/eval.php(20): activate_plugin('springest-partn...')\n#3 {main}\n  thrown in /wordpress/wp-content/plugins/springest-partners/springest.php on line 29",
    "log": "/logs/plugins/s/statpress-widgets/error.json"
  },
  {
    "message": "Undefined variable $wpdb in /wordpress/wp-content/plugins/springest-partners/springest.php on line 29",
    "level": "WARNING",
    "type": "PHP",
    "test": "jspi-boot",
    "plugin": "statpress-widgets",
    "details": "[23-May-2025 17:28:58 UTC] PHP Warning:  Undefined variable $wpdb in /wordpress/wp-content/plugins/springest-partners/springest.php on line 29",
    "log": "/logs/plugins/s/statpress-widgets/error.json"
  },
  {
    "message": "Attempt to read property \"prefix\" on null in /wordpress/wp-content/plugins/springest-partners/springest.php on line 29",
    "level": "WARNING",
    "type": "PHP",
    "test": "jspi-boot",
    "plugin": "statpress-widgets",
    "details": "[23-May-2025 17:28:58 UTC] PHP Warning:  Attempt to read property \"prefix\" on null in /wordpress/wp-content/plugins/springest-partners/springest.php on line 29",
    "log": "/logs/plugins/s/statpress-widgets/error.json"
  },
  {
    "message": "Uncaught Error: Attempt to assign property \"springest_groups\" on null in /wordpress/wp-content/plugins/springest-partners/springest.php:29",
    "level": "FATAL",
    "type": "PHP",
    "test": "jspi-boot",
    "plugin": "statpress-widgets",
    "details": "[23-May-2025 17:28:58 UTC] PHP Fatal error:  Uncaught Error: Attempt to assign property \"springest_groups\" on null in /wordpress/wp-content/plugins/springest-partners/springest.php:29\nStack trace:\n#0 /wordpress/wp-admin/includes/plugin.php(2387): include_once()\n#1 /wordpress/wp-admin/includes/plugin.php(673): plugin_sandbox_scrape('springest-partn...')\n#2 /internal/eval.php(20): activate_plugin('springest-partn...')\n#3 {main}\n  thrown in /wordpress/wp-content/plugins/springest-partners/springest.php on line 29",
    "log": "/logs/plugins/s/statpress-widgets/error.json"
  },
  {
    "message": "Function _load_textdomain_just_in_time was called <strong>incorrectly</strong>. Translation loading for the <code>scroll-progress</code> domain was triggered too early. This is usually an indicator for some code in the plugin or theme running too early. Translations should be loaded at the <code>init</code> action or later. Please see <a href=\"https://developer.wordpress.org/advanced-administration/debug/debug-wordpress/\">Debugging in WordPress</a> for more information. (This message was added in version 6.7.0.) in /wordpress/wp-includes/functions.php on line 6121",
    "level": "NOTICE",
    "type": "PHP",
    "test": "jspi-boot",
    "plugin": "statpress-widgets",
    "details": "[23-May-2025 17:30:28 UTC] PHP Notice:  Function _load_textdomain_just_in_time was called <strong>incorrectly</strong>. Translation loading for the <code>scroll-progress</code> domain was triggered too early. This is usually an indicator for some code in the plugin or theme running too early. Translations should be loaded at the <code>init</code> action or later. Please see <a href=\"https://developer.wordpress.org/advanced-administration/debug/debug-wordpress/\">Debugging in WordPress</a> for more information. (This message was added in version 6.7.0.) in /wordpress/wp-includes/functions.php on line 6121",
    "log": "/logs/plugins/s/statpress-widgets/error.json"
  },
  {
    "message": "Required parameter $data_to_save follows optional parameter $object_id in /wordpress/wp-content/plugins/scroll-progress-bar/lib/CMB2/includes/CMB2.php on line 423",
    "level": "DEPRECATED",
    "type": "PHP",
    "test": "jspi-boot",
    "plugin": "statpress-widgets",
    "details": "[23-May-2025 17:30:28 UTC] PHP Deprecated:  Required parameter $data_to_save follows optional parameter $object_id in /wordpress/wp-content/plugins/scroll-progress-bar/lib/CMB2/includes/CMB2.php on line 423",
    "log": "/logs/plugins/s/statpress-widgets/error.json"
  },
  {
    "message": "Function _load_textdomain_just_in_time was called <strong>incorrectly</strong>. Translation loading for the <code>scroll-progress</code> domain was triggered too early. This is usually an indicator for some code in the plugin or theme running too early. Translations should be loaded at the <code>init</code> action or later. Please see <a href=\"https://developer.wordpress.org/advanced-administration/debug/debug-wordpress/\">Debugging in WordPress</a> for more information. (This message was added in version 6.7.0.) in /wordpress/wp-includes/functions.php on line 6121",
    "level": "NOTICE",
    "type": "PHP",
    "test": "jspi-boot",
    "plugin": "statpress-widgets",
    "details": "[23-May-2025 17:30:38 UTC] PHP Notice:  Function _load_textdomain_just_in_time was called <strong>incorrectly</strong>. Translation loading for the <code>scroll-progress</code> domain was triggered too early. This is usually an indicator for some code in the plugin or theme running too early. Translations should be loaded at the <code>init</code> action or later. Please see <a href=\"https://developer.wordpress.org/advanced-administration/debug/debug-wordpress/\">Debugging in WordPress</a> for more information. (This message was added in version 6.7.0.) in /wordpress/wp-includes/functions.php on line 6121",
    "log": "/logs/plugins/s/statpress-widgets/error.json"
  },
  {
    "message": "Required parameter $data_to_save follows optional parameter $object_id in /wordpress/wp-content/plugins/scroll-progress-bar/lib/CMB2/includes/CMB2.php on line 423",
    "level": "DEPRECATED",
    "type": "PHP",
    "test": "jspi-boot",
    "plugin": "statpress-widgets",
    "details": "[23-May-2025 17:30:38 UTC] PHP Deprecated:  Required parameter $data_to_save follows optional parameter $object_id in /wordpress/wp-content/plugins/scroll-progress-bar/lib/CMB2/includes/CMB2.php on line 423",
    "log": "/logs/plugins/s/statpress-widgets/error.json"
  },
  {
    "message": "Function _load_textdomain_just_in_time was called <strong>incorrectly</strong>. Translation loading for the <code>scroll-progress</code> domain was triggered too early. This is usually an indicator for some code in the plugin or theme running too early. Translations should be loaded at the <code>init</code> action or later. Please see <a href=\"https://developer.wordpress.org/advanced-administration/debug/debug-wordpress/\">Debugging in WordPress</a> for more information. (This message was added in version 6.7.0.) in /wordpress/wp-includes/functions.php on line 6121",
    "level": "NOTICE",
    "type": "PHP",
    "test": "jspi-boot",
    "plugin": "statpress-widgets",
    "details": "[23-May-2025 17:30:47 UTC] PHP Notice:  Function _load_textdomain_just_in_time was called <strong>incorrectly</strong>. Translation loading for the <code>scroll-progress</code> domain was triggered too early. This is usually an indicator for some code in the plugin or theme running too early. Translations should be loaded at the <code>init</code> action or later. Please see <a href=\"https://developer.wordpress.org/advanced-administration/debug/debug-wordpress/\">Debugging in WordPress</a> for more information. (This message was added in version 6.7.0.) in /wordpress/wp-includes/functions.php on line 6121",
    "log": "/logs/plugins/s/statpress-widgets/error.json"
  },
  {
    "message": "Required parameter $data_to_save follows optional parameter $object_id in /wordpress/wp-content/plugins/scroll-progress-bar/lib/CMB2/includes/CMB2.php on line 423",
    "level": "DEPRECATED",
    "type": "PHP",
    "test": "jspi-boot",
    "plugin": "statpress-widgets",
    "details": "[23-May-2025 17:30:47 UTC] PHP Deprecated:  Required parameter $data_to_save follows optional parameter $object_id in /wordpress/wp-content/plugins/scroll-progress-bar/lib/CMB2/includes/CMB2.php on line 423",
    "log": "/logs/plugins/s/statpress-widgets/error.json"
  },
  {
    "message": "Function _load_textdomain_just_in_time was called <strong>incorrectly</strong>. Translation loading for the <code>sd-konami-code</code> domain was triggered too early. This is usually an indicator for some code in the plugin or theme running too early. Translations should be loaded at the <code>init</code> action or later. Please see <a href=\"https://developer.wordpress.org/advanced-administration/debug/debug-wordpress/\">Debugging in WordPress</a> for more information. (This message was added in version 6.7.0.) in /wordpress/wp-includes/functions.php on line 6121",
    "level": "NOTICE",
    "type": "PHP",
    "test": "jspi-boot",
    "plugin": "statpress-widgets",
    "details": "[23-May-2025 17:30:57 UTC] PHP Notice:  Function _load_textdomain_just_in_time was called <strong>incorrectly</strong>. Translation loading for the <code>sd-konami-code</code> domain was triggered too early. This is usually an indicator for some code in the plugin or theme running too early. Translations should be loaded at the <code>init</code> action or later. Please see <a href=\"https://developer.wordpress.org/advanced-administration/debug/debug-wordpress/\">Debugging in WordPress</a> for more information. (This message was added in version 6.7.0.) in /wordpress/wp-includes/functions.php on line 6121",
    "log": "/logs/plugins/s/statpress-widgets/error.json"
  },
  {
    "message": "Function _load_textdomain_just_in_time was called <strong>incorrectly</strong>. Translation loading for the <code>sd-konami-code</code> domain was triggered too early. This is usually an indicator for some code in the plugin or theme running too early. Translations should be loaded at the <code>init</code> action or later. Please see <a href=\"https://developer.wordpress.org/advanced-administration/debug/debug-wordpress/\">Debugging in WordPress</a> for more information. (This message was added in version 6.7.0.) in /wordpress/wp-includes/functions.php on line 6121",
    "level": "NOTICE",
    "type": "PHP",
    "test": "jspi-boot",
    "plugin": "statpress-widgets",
    "details": "[23-May-2025 17:31:06 UTC] PHP Notice:  Function _load_textdomain_just_in_time was called <strong>incorrectly</strong>. Translation loading for the <code>sd-konami-code</code> domain was triggered too early. This is usually an indicator for some code in the plugin or theme running too early. Translations should be loaded at the <code>init</code> action or later. Please see <a href=\"https://developer.wordpress.org/advanced-administration/debug/debug-wordpress/\">Debugging in WordPress</a> for more information. (This message was added in version 6.7.0.) in /wordpress/wp-includes/functions.php on line 6121",
    "log": "/logs/plugins/s/statpress-widgets/error.json"
  },
  {
    "message": "Function _load_textdomain_just_in_time was called <strong>incorrectly</strong>. Translation loading for the <code>sd-konami-code</code> domain was triggered too early. This is usually an indicator for some code in the plugin or theme running too early. Translations should be loaded at the <code>init</code> action or later. Please see <a href=\"https://developer.wordpress.org/advanced-administration/debug/debug-wordpress/\">Debugging in WordPress</a> for more information. (This message was added in version 6.7.0.) in /wordpress/wp-includes/functions.php on line 6121",
    "level": "NOTICE",
    "type": "PHP",
    "test": "jspi-boot",
    "plugin": "statpress-widgets",
    "details": "[23-May-2025 17:31:15 UTC] PHP Notice:  Function _load_textdomain_just_in_time was called <strong>incorrectly</strong>. Translation loading for the <code>sd-konami-code</code> domain was triggered too early. This is usually an indicator for some code in the plugin or theme running too early. Translations should be loaded at the <code>init</code> action or later. Please see <a href=\"https://developer.wordpress.org/advanced-administration/debug/debug-wordpress/\">Debugging in WordPress</a> for more information. (This message was added in version 6.7.0.) in /wordpress/wp-includes/functions.php on line 6121",
    "log": "/logs/plugins/s/statpress-widgets/error.json"
  },
  {
    "message": "Uncaught Error: Non-static method SCRM_CSV::init() cannot be called statically in /wordpress/wp-content/plugins/simple-crm-csv-import/simple-crm-csv-import.php:24",
    "level": "FATAL",
    "type": "PHP",
    "test": "jspi-boot",
    "plugin": "statpress-widgets",
    "details": "[23-May-2025 17:31:51 UTC] PHP Fatal error:  Uncaught Error: Non-static method SCRM_CSV::init() cannot be called statically in /wordpress/wp-content/plugins/simple-crm-csv-import/simple-crm-csv-import.php:24\nStack trace:\n#0 /wordpress/wp-admin/includes/plugin.php(2387): include_once()\n#1 /wordpress/wp-admin/includes/plugin.php(673): plugin_sandbox_scrape('simple-crm-csv-...')\n#2 /internal/eval.php(20): activate_plugin('simple-crm-csv-...')\n#3 {main}\n  thrown in /wordpress/wp-content/plugins/simple-crm-csv-import/simple-crm-csv-import.php on line 24",
    "log": "/logs/plugins/s/statpress-widgets/error.json"
  },
  {
    "message": "Uncaught Error: Non-static method SCRM_CSV::init() cannot be called statically in /wordpress/wp-content/plugins/simple-crm-csv-import/simple-crm-csv-import.php:24",
    "level": "FATAL",
    "type": "PHP",
    "test": "jspi-boot",
    "plugin": "statpress-widgets",
    "details": "[23-May-2025 17:31:59 UTC] PHP Fatal error:  Uncaught Error: Non-static method SCRM_CSV::init() cannot be called statically in /wordpress/wp-content/plugins/simple-crm-csv-import/simple-crm-csv-import.php:24\nStack trace:\n#0 /wordpress/wp-admin/includes/plugin.php(2387): include_once()\n#1 /wordpress/wp-admin/includes/plugin.php(673): plugin_sandbox_scrape('simple-crm-csv-...')\n#2 /internal/eval.php(20): activate_plugin('simple-crm-csv-...')\n#3 {main}\n  thrown in /wordpress/wp-content/plugins/simple-crm-csv-import/simple-crm-csv-import.php on line 24",
    "log": "/logs/plugins/s/statpress-widgets/error.json"
  },
  {
    "message": "Uncaught Error: Non-static method SCRM_CSV::init() cannot be called statically in /wordpress/wp-content/plugins/simple-crm-csv-import/simple-crm-csv-import.php:24",
    "level": "FATAL",
    "type": "PHP",
    "test": "jspi-boot",
    "plugin": "statpress-widgets",
    "details": "[23-May-2025 17:32:07 UTC] PHP Fatal error:  Uncaught Error: Non-static method SCRM_CSV::init() cannot be called statically in /wordpress/wp-content/plugins/simple-crm-csv-import/simple-crm-csv-import.php:24\nStack trace:\n#0 /wordpress/wp-admin/includes/plugin.php(2387): include_once()\n#1 /wordpress/wp-admin/includes/plugin.php(673): plugin_sandbox_scrape('simple-crm-csv-...')\n#2 /internal/eval.php(20): activate_plugin('simple-crm-csv-...')\n#3 {main}\n  thrown in /wordpress/wp-content/plugins/simple-crm-csv-import/simple-crm-csv-import.php on line 24",
    "log": "/logs/plugins/s/statpress-widgets/error.json"
  },
  {
    "message": "Uncaught Error: Call to undefined function create_function() in /wordpress/wp-content/plugins/simple-sidebar-navigation/simple-sidenav.php:677",
    "level": "FATAL",
    "type": "PHP",
    "test": "jspi-boot",
    "plugin": "statpress-widgets",
    "details": "[23-May-2025 17:33:02 UTC] PHP Fatal error:  Uncaught Error: Call to undefined function create_function() in /wordpress/wp-content/plugins/simple-sidebar-navigation/simple-sidenav.php:677\nStack trace:\n#0 /wordpress/wp-admin/includes/plugin.php(2387): include_once()\n#1 /wordpress/wp-admin/includes/plugin.php(673): plugin_sandbox_scrape('simple-sidebar-...')\n#2 /internal/eval.php(20): activate_plugin('simple-sidebar-...')\n#3 {main}\n  thrown in /wordpress/wp-content/plugins/simple-sidebar-navigation/simple-sidenav.php on line 677",
    "log": "/logs/plugins/s/statpress-widgets/error.json"
  },
  {
    "message": "Uncaught Error: Call to undefined function create_function() in /wordpress/wp-content/plugins/simple-sidebar-navigation/simple-sidenav.php:677",
    "level": "FATAL",
    "type": "PHP",
    "test": "jspi-boot",
    "plugin": "statpress-widgets",
    "details": "[23-May-2025 17:33:10 UTC] PHP Fatal error:  Uncaught Error: Call to undefined function create_function() in /wordpress/wp-content/plugins/simple-sidebar-navigation/simple-sidenav.php:677\nStack trace:\n#0 /wordpress/wp-admin/includes/plugin.php(2387): include_once()\n#1 /wordpress/wp-admin/includes/plugin.php(673): plugin_sandbox_scrape('simple-sidebar-...')\n#2 /internal/eval.php(20): activate_plugin('simple-sidebar-...')\n#3 {main}\n  thrown in /wordpress/wp-content/plugins/simple-sidebar-navigation/simple-sidenav.php on line 677",
    "log": "/logs/plugins/s/statpress-widgets/error.json"
  },
  {
    "message": "Uncaught Error: Call to undefined function create_function() in /wordpress/wp-content/plugins/simple-sidebar-navigation/simple-sidenav.php:677",
    "level": "FATAL",
    "type": "PHP",
    "test": "jspi-boot",
    "plugin": "statpress-widgets",
    "details": "[23-May-2025 17:33:18 UTC] PHP Fatal error:  Uncaught Error: Call to undefined function create_function() in /wordpress/wp-content/plugins/simple-sidebar-navigation/simple-sidenav.php:677\nStack trace:\n#0 /wordpress/wp-admin/includes/plugin.php(2387): include_once()\n#1 /wordpress/wp-admin/includes/plugin.php(673): plugin_sandbox_scrape('simple-sidebar-...')\n#2 /internal/eval.php(20): activate_plugin('simple-sidebar-...')\n#3 {main}\n  thrown in /wordpress/wp-content/plugins/simple-sidebar-navigation/simple-sidenav.php on line 677",
    "log": "/logs/plugins/s/statpress-widgets/error.json"
  },
  {
    "message": "Uncaught Error: Undefined constant \"APP_KEY\" in /wordpress/wp-content/plugins/sina-weibo-plugin-for-wordpress/weiboplugin.php:15",
    "level": "FATAL",
    "type": "PHP",
    "test": "jspi-boot",
    "plugin": "statpress-widgets",
    "details": "[23-May-2025 17:34:13 UTC] PHP Fatal error:  Uncaught Error: Undefined constant \"APP_KEY\" in /wordpress/wp-content/plugins/sina-weibo-plugin-for-wordpress/weiboplugin.php:15\nStack trace:\n#0 /wordpress/wp-admin/includes/plugin.php(2387): include_once()\n#1 /wordpress/wp-admin/includes/plugin.php(673): plugin_sandbox_scrape('sina-weibo-plug...')\n#2 /internal/eval.php(20): activate_plugin('sina-weibo-plug...')\n#3 {main}\n  thrown in /wordpress/wp-content/plugins/sina-weibo-plugin-for-wordpress/weiboplugin.php on line 15",
    "log": "/logs/plugins/s/statpress-widgets/error.json"
  },
  {
    "message": "Uncaught Error: Undefined constant \"APP_KEY\" in /wordpress/wp-content/plugins/sina-weibo-plugin-for-wordpress/weiboplugin.php:15",
    "level": "FATAL",
    "type": "PHP",
    "test": "jspi-boot",
    "plugin": "statpress-widgets",
    "details": "[23-May-2025 17:34:21 UTC] PHP Fatal error:  Uncaught Error: Undefined constant \"APP_KEY\" in /wordpress/wp-content/plugins/sina-weibo-plugin-for-wordpress/weiboplugin.php:15\nStack trace:\n#0 /wordpress/wp-admin/includes/plugin.php(2387): include_once()\n#1 /wordpress/wp-admin/includes/plugin.php(673): plugin_sandbox_scrape('sina-weibo-plug...')\n#2 /internal/eval.php(20): activate_plugin('sina-weibo-plug...')\n#3 {main}\n  thrown in /wordpress/wp-content/plugins/sina-weibo-plugin-for-wordpress/weiboplugin.php on line 15",
    "log": "/logs/plugins/s/statpress-widgets/error.json"
  },
  {
    "message": "Uncaught Error: Undefined constant \"APP_KEY\" in /wordpress/wp-content/plugins/sina-weibo-plugin-for-wordpress/weiboplugin.php:15",
    "level": "FATAL",
    "type": "PHP",
    "test": "jspi-boot",
    "plugin": "statpress-widgets",
    "details": "[23-May-2025 17:34:29 UTC] PHP Fatal error:  Uncaught Error: Undefined constant \"APP_KEY\" in /wordpress/wp-content/plugins/sina-weibo-plugin-for-wordpress/weiboplugin.php:15\nStack trace:\n#0 /wordpress/wp-admin/includes/plugin.php(2387): include_once()\n#1 /wordpress/wp-admin/includes/plugin.php(673): plugin_sandbox_scrape('sina-weibo-plug...')\n#2 /internal/eval.php(20): activate_plugin('sina-weibo-plug...')\n#3 {main}\n  thrown in /wordpress/wp-content/plugins/sina-weibo-plugin-for-wordpress/weiboplugin.php on line 15",
    "log": "/logs/plugins/s/statpress-widgets/error.json"
  },
  {
    "message": "SQLSTATE[HY000]: General error: 1 no such table: wp_sirv_images.",
    "level": "FATAL",
    "type": "SQL",
    "test": "jspi-boot",
    "plugin": "statpress-widgets",
    "details": "[23-May-2025 17:34:50 UTC] WordPress database error <div style=\"clear:both\">&nbsp;</div>\n<div class=\"queries\" style=\"clear:both;margin-bottom:2px;border:red dotted thin;\">\n<p>MySQL query:</p>\n<p>SELECT count(*) FROM wp_sirv_images WHERE status = 'SYNCED'</p>\n<p>Queries made or created this session were:</p>\n<ol>\n<li>Executing: BEGIN | (no parameters)</li>\n<li>Executing: SELECT count(*) FROM wp_sirv_images WHERE status = :param0  | parameters: SYNCED</li>\n<li>Executing: ROLLBACK | (no parameters)</li>\n</ol>\n</div>\n<div style=\"clear:both;margin-bottom:2px;border:red dotted thin;\" class=\"error_message\" style=\"border-bottom:dotted blue thin;\">\nError occurred at line 4117 in Function <code>handle_error</code>. Error message was: SQLSTATE[HY000]: General error: 1 no such table: wp_sirv_images.\n</div>\n<p>Backtrace:</p>\n<pre>#0 /internal/shared/sqlite-database-integration/wp-includes/sqlite/class-wp-sqlite-db.php(287): WP_SQLite_Translator->get_error_message()\n#1 /wordpress/wp-includes/class-wpdb.php(3031): WP_SQLite_DB->query('SELECT count(*)...')\n#2 /wordpress/wp-content/plugins/sirv/sirv.php(3994): wpdb->get_var('SELECT count(*)...')\n#3 /wordpress/wp-content/plugins/sirv/sirv.php(1020): sirv_get_synced_count()\n#4 /wordpress/wp-content/plugins/sirv/sirv.php(695): sirv_fill_empty_options()\n#5 /wordpress/wp-includes/class-wp-hook.php(324): sirv_activation_callback(false)\n#6 /wordpress/wp-includes/class-wp-hook.php(348): WP_Hook->apply_filters('', Array)\n#7 /wordpress/wp-includes/plugin.php(517): WP_Hook->do_action(Array)\n#8 /wordpress/wp-admin/includes/plugin.php(703): do_action('activate_sirv/s...', false)\n#9 /internal/eval.php(20): activate_plugin('sirv/sirv.php')\n#10 {main}</pre>\n for query SELECT count(*) FROM wp_sirv_images WHERE status = 'SYNCED' made by activate_plugin, do_action('activate_sirv/sirv.php'), WP_Hook->do_action, WP_Hook->apply_filters, sirv_activation_callback, sirv_fill_empty_options, sirv_get_synced_count, WP_SQLite_DB->query, WP_SQLite_DB->print_error",
    "log": "/logs/plugins/s/statpress-widgets/error.json"
  },
  {
    "message": "Unknown show type: INDEXES FROM.",
    "level": "FATAL",
    "type": "SQL",
    "test": "jspi-boot",
    "plugin": "statpress-widgets",
    "details": "[23-May-2025 17:34:51 UTC] WordPress database error <div style=\"clear:both\">&nbsp;</div>\n<div class=\"queries\" style=\"clear:both;margin-bottom:2px;border:red dotted thin;\">\n<p>MySQL query:</p>\n<p>SHOW INDEXES FROM wp_sirv_images WHERE Column_name='attachment_id' AND NOT Non_unique</p>\n<p>Queries made or created this session were:</p>\n<ol>\n<li>Executing: BEGIN | (no parameters)</li>\n<li>Executing: ROLLBACK | (no parameters)</li>\n</ol>\n</div>\n<div style=\"clear:both;margin-bottom:2px;border:red dotted thin;\" class=\"error_message\" style=\"border-bottom:dotted blue thin;\">\nError occurred at line 4117 in Function <code>handle_error</code>. Error message was: Unknown show type: INDEXES FROM.\n</div>\n<p>Backtrace:</p>\n<pre>#0 /internal/shared/sqlite-database-integration/wp-includes/sqlite/class-wp-sqlite-db.php(287): WP_SQLite_Translator->get_error_message()\n#1 /wordpress/wp-includes/class-wpdb.php(3146): WP_SQLite_DB->query('SHOW INDEXES FR...')\n#2 /wordpress/wp-content/plugins/sirv/sirv.php(2003): wpdb->get_results('SHOW INDEXES FR...', 'ARRAY_A')\n#3 /wordpress/wp-content/plugins/sirv/sirv.php(768): sirv_is_unique_field('attachment_id')\n#4 /wordpress/wp-content/plugins/sirv/sirv.php(718): sirv_upgrade_plugin()\n#5 /wordpress/wp-includes/class-wp-hook.php(324): sirv_activation_callback(false)\n#6 /wordpress/wp-includes/class-wp-hook.php(348): WP_Hook->apply_filters('', Array)\n#7 /wordpress/wp-includes/plugin.php(517): WP_Hook->do_action(Array)\n#8 /wordpress/wp-admin/includes/plugin.php(703): do_action('activate_sirv/s...', false)\n#9 /internal/eval.php(20): activate_plugin('sirv/sirv.php')\n#10 {main}</pre>\n for query SHOW INDEXES FROM wp_sirv_images WHERE Column_name='attachment_id' AND NOT Non_unique made by activate_plugin, do_action('activate_sirv/sirv.php'), WP_Hook->do_action, WP_Hook->apply_filters, sirv_activation_callback, sirv_upgrade_plugin, sirv_is_unique_field, WP_SQLite_DB->query, WP_SQLite_DB->print_error",
    "log": "/logs/plugins/s/statpress-widgets/error.json"
  },
  {
    "message": "SQLSTATE[HY000]: General error: 1 near \")\": syntax error.",
    "level": "FATAL",
    "type": "SQL",
    "test": "jspi-boot",
    "plugin": "statpress-widgets",
    "details": "[23-May-2025 17:34:51 UTC] WordPress database error <div style=\"clear:both\">&nbsp;</div>\n<div class=\"queries\" style=\"clear:both;margin-bottom:2px;border:red dotted thin;\">\n<p>MySQL query:</p>\n<p>ALTER TABLE wp_sirv_images ADD UNIQUE (attachment_id)</p>\n<p>Queries made or created this session were:</p>\n<ol>\n<li>Executing: BEGIN | (no parameters)</li>\n<li>Executing: INSERT INTO _mysql_data_types_cache (`table`, `column_or_index`, `mysql_type`)\n\t\t\t\tVALUES (:table, :column, :datatype)\n\t\t\t\tON CONFLICT(`table`, `column_or_index`) DO UPDATE SET `mysql_type` = :datatype\n\t\t\t | parameters: wp_sirv_images, wp_sirv_images__(, UNIQUE</li>\n<li>Executing: CREATE UNIQUE INDEX &quot;wp_sirv_images__(&quot; ON &quot;wp_sirv_images&quot; () | (no parameters)</li>\n<li>Executing: ROLLBACK | (no parameters)</li>\n</ol>\n</div>\n<div style=\"clear:both;margin-bottom:2px;border:red dotted thin;\" class=\"error_message\" style=\"border-bottom:dotted blue thin;\">\nError occurred at line 4117 in Function <code>handle_error</code>. Error message was: SQLSTATE[HY000]: General error: 1 near \")\": syntax error.\n</div>\n<p>Backtrace:</p>\n<pre>#0 /internal/shared/sqlite-database-integration/wp-includes/sqlite/class-wp-sqlite-db.php(287): WP_SQLite_Translator->get_error_message()\n#1 /wordpress/wp-content/plugins/sirv/sirv.php(2040): WP_SQLite_DB->query('ALTER TABLE wp_...')\n#2 /wordpress/wp-content/plugins/sirv/sirv.php(769): sirv_set_unique_field('attachment_id')\n#3 /wordpress/wp-content/plugins/sirv/sirv.php(718): sirv_upgrade_plugin()\n#4 /wordpress/wp-includes/class-wp-hook.php(324): sirv_activation_callback(false)\n#5 /wordpress/wp-includes/class-wp-hook.php(348): WP_Hook->apply_filters('', Array)\n#6 /wordpress/wp-includes/plugin.php(517): WP_Hook->do_action(Array)\n#7 /wordpress/wp-admin/includes/plugin.php(703): do_action('activate_sirv/s...', false)\n#8 /internal/eval.php(20): activate_plugin('sirv/sirv.php')\n#9 {main}</pre>\n for query ALTER TABLE wp_sirv_images ADD UNIQUE (attachment_id) made by activate_plugin, do_action('activate_sirv/sirv.php'), WP_Hook->do_action, WP_Hook->apply_filters, sirv_activation_callback, sirv_upgrade_plugin, sirv_set_unique_field, WP_SQLite_DB->query, WP_SQLite_DB->print_error",
    "log": "/logs/plugins/s/statpress-widgets/error.json"
  },
  {
    "message": "SQLSTATE[HY000]: General error: 1 near \",\": syntax error.",
    "level": "FATAL",
    "type": "SQL",
    "test": "jspi-boot",
    "plugin": "statpress-widgets",
    "details": "[23-May-2025 17:34:51 UTC] WordPress database error <div style=\"clear:both\">&nbsp;</div>\n<div class=\"queries\" style=\"clear:both;margin-bottom:2px;border:red dotted thin;\">\n<p>MySQL query:</p>\n<p>ALTER TABLE wp_sirv_images\n                  DROP `sirvpath`,\n                  DROP `sirv_image_url`,\n                  DROP `sirv_folder`</p>\n<p>Queries made or created this session were:</p>\n<ol>\n<li>Executing: BEGIN | (no parameters)</li>\n<li>Executing: ALTER TABLE wp_sirv_images\n                  DROP `sirvpath`,\n                  DROP `sirv_image_url`,\n                  DROP `sirv_folder` | (no parameters)</li>\n<li>Executing: ROLLBACK | (no parameters)</li>\n</ol>\n</div>\n<div style=\"clear:both;margin-bottom:2px;border:red dotted thin;\" class=\"error_message\" style=\"border-bottom:dotted blue thin;\">\nError occurred at line 4117 in Function <code>handle_error</code>. Error message was: SQLSTATE[HY000]: General error: 1 near \",\": syntax error.\n</div>\n<p>Backtrace:</p>\n<pre>#0 /internal/shared/sqlite-database-integration/wp-includes/sqlite/class-wp-sqlite-db.php(287): WP_SQLite_Translator->get_error_message()\n#1 /wordpress/wp-content/plugins/sirv/sirv.php(1054): WP_SQLite_DB->query('ALTER TABLE wp_...')\n#2 /wordpress/wp-content/plugins/sirv/sirv.php(772): sirv_fix_db()\n#3 /wordpress/wp-content/plugins/sirv/sirv.php(718): sirv_upgrade_plugin()\n#4 /wordpress/wp-includes/class-wp-hook.php(324): sirv_activation_callback(false)\n#5 /wordpress/wp-includes/class-wp-hook.php(348): WP_Hook->apply_filters('', Array)\n#6 /wordpress/wp-includes/plugin.php(517): WP_Hook->do_action(Array)\n#7 /wordpress/wp-admin/includes/plugin.php(703): do_action('activate_sirv/s...', false)\n#8 /internal/eval.php(20): activate_plugin('sirv/sirv.php')\n#9 {main}</pre>\n for query ALTER TABLE wp_sirv_images\n                  DROP `sirvpath`,\n                  DROP `sirv_image_url`,\n                  DROP `sirv_folder` made by activate_plugin, do_action('activate_sirv/sirv.php'), WP_Hook->do_action, WP_Hook->apply_filters, sirv_activation_callback, sirv_upgrade_plugin, sirv_fix_db, WP_SQLite_DB->query, WP_SQLite_DB->print_error",
    "log": "/logs/plugins/s/statpress-widgets/error.json"
  },
  {
    "message": "SQLSTATE[HY000]: General error: 1 duplicate column name: checks.",
    "level": "FATAL",
    "type": "SQL",
    "test": "jspi-boot",
    "plugin": "statpress-widgets",
    "details": "[23-May-2025 17:34:51 UTC] WordPress database error <div style=\"clear:both\">&nbsp;</div>\n<div class=\"queries\" style=\"clear:both;margin-bottom:2px;border:red dotted thin;\">\n<p>MySQL query:</p>\n<p>ALTER TABLE wp_sirv_images ADD `checks` TINYINT UNSIGNED NULL DEFAULT 0 AFTER `timestamp_synced`</p>\n<p>Queries made or created this session were:</p>\n<ol>\n<li>Executing: BEGIN | (no parameters)</li>\n<li>Executing: INSERT INTO _mysql_data_types_cache (`table`, `column_or_index`, `mysql_type`)\n\t\t\t\tVALUES (:table, :column, :datatype)\n\t\t\t\tON CONFLICT(`table`, `column_or_index`) DO UPDATE SET `mysql_type` = :datatype\n\t\t\t | parameters: wp_sirv_images, `CHECKS`, tinyint UNSIGNED</li>\n<li>Executing: ALTER TABLE wp_sirv_images ADD `checks`  integer NULL DEFAULT 0   | (no parameters)</li>\n<li>Executing: ROLLBACK | (no parameters)</li>\n</ol>\n</div>\n<div style=\"clear:both;margin-bottom:2px;border:red dotted thin;\" class=\"error_message\" style=\"border-bottom:dotted blue thin;\">\nError occurred at line 4117 in Function <code>handle_error</code>. Error message was: SQLSTATE[HY000]: General error: 1 duplicate column name: checks.\n</div>\n<p>Backtrace:</p>\n<pre>#0 /internal/shared/sqlite-database-integration/wp-includes/sqlite/class-wp-sqlite-db.php(287): WP_SQLite_Translator->get_error_message()\n#1 /wordpress/wp-content/plugins/sirv/sirv.php(1058): WP_SQLite_DB->query('ALTER TABLE wp_...')\n#2 /wordpress/wp-content/plugins/sirv/sirv.php(772): sirv_fix_db()\n#3 /wordpress/wp-content/plugins/sirv/sirv.php(718): sirv_upgrade_plugin()\n#4 /wordpress/wp-includes/class-wp-hook.php(324): sirv_activation_callback(false)\n#5 /wordpress/wp-includes/class-wp-hook.php(348): WP_Hook->apply_filters('', Array)\n#6 /wordpress/wp-includes/plugin.php(517): WP_Hook->do_action(Array)\n#7 /wordpress/wp-admin/includes/plugin.php(703): do_action('activate_sirv/s...', false)\n#8 /internal/eval.php(20): activate_plugin('sirv/sirv.php')\n#9 {main}</pre>\n for query ALTER TABLE wp_sirv_images ADD `checks` TINYINT UNSIGNED NULL DEFAULT 0 AFTER `timestamp_synced` made by activate_plugin, do_action('activate_sirv/sirv.php'), WP_Hook->do_action, WP_Hook->apply_filters, sirv_activation_callback, sirv_upgrade_plugin, sirv_fix_db, WP_SQLite_DB->query, WP_SQLite_DB->print_error",
    "log": "/logs/plugins/s/statpress-widgets/error.json"
  },
  {
    "message": "SQLSTATE[HY000]: General error: 1 duplicate column name: timestamp_checks.",
    "level": "FATAL",
    "type": "SQL",
    "test": "jspi-boot",
    "plugin": "statpress-widgets",
    "details": "[23-May-2025 17:34:51 UTC] WordPress database error <div style=\"clear:both\">&nbsp;</div>\n<div class=\"queries\" style=\"clear:both;margin-bottom:2px;border:red dotted thin;\">\n<p>MySQL query:</p>\n<p>ALTER TABLE wp_sirv_images ADD `timestamp_checks` INT NULL DEFAULT NULL AFTER `checks`</p>\n<p>Queries made or created this session were:</p>\n<ol>\n<li>Executing: BEGIN | (no parameters)</li>\n<li>Executing: INSERT INTO _mysql_data_types_cache (`table`, `column_or_index`, `mysql_type`)\n\t\t\t\tVALUES (:table, :column, :datatype)\n\t\t\t\tON CONFLICT(`table`, `column_or_index`) DO UPDATE SET `mysql_type` = :datatype\n\t\t\t | parameters: wp_sirv_images, `TIMESTAMP_CHECKS`, int</li>\n<li>Executing: ALTER TABLE wp_sirv_images ADD `timestamp_checks` integer NULL DEFAULT NULL   | (no parameters)</li>\n<li>Executing: ROLLBACK | (no parameters)</li>\n</ol>\n</div>\n<div style=\"clear:both;margin-bottom:2px;border:red dotted thin;\" class=\"error_message\" style=\"border-bottom:dotted blue thin;\">\nError occurred at line 4117 in Function <code>handle_error</code>. Error message was: SQLSTATE[HY000]: General error: 1 duplicate column name: timestamp_checks.\n</div>\n<p>Backtrace:</p>\n<pre>#0 /internal/shared/sqlite-database-integration/wp-includes/sqlite/class-wp-sqlite-db.php(287): WP_SQLite_Translator->get_error_message()\n#1 /wordpress/wp-content/plugins/sirv/sirv.php(1059): WP_SQLite_DB->query('ALTER TABLE wp_...')\n#2 /wordpress/wp-content/plugins/sirv/sirv.php(772): sirv_fix_db()\n#3 /wordpress/wp-content/plugins/sirv/sirv.php(718): sirv_upgrade_plugin()\n#4 /wordpress/wp-includes/class-wp-hook.php(324): sirv_activation_callback(false)\n#5 /wordpress/wp-includes/class-wp-hook.php(348): WP_Hook->apply_filters('', Array)\n#6 /wordpress/wp-includes/plugin.php(517): WP_Hook->do_action(Array)\n#7 /wordpress/wp-admin/includes/plugin.php(703): do_action('activate_sirv/s...', false)\n#8 /internal/eval.php(20): activate_plugin('sirv/sirv.php')\n#9 {main}</pre>\n for query ALTER TABLE wp_sirv_images ADD `timestamp_checks` INT NULL DEFAULT NULL AFTER `checks` made by activate_plugin, do_action('activate_sirv/sirv.php'), WP_Hook->do_action, WP_Hook->apply_filters, sirv_activation_callback, sirv_upgrade_plugin, sirv_fix_db, WP_SQLite_DB->query, WP_SQLite_DB->print_error",
    "log": "/logs/plugins/s/statpress-widgets/error.json"
  },
  {
    "message": "SQLSTATE[HY000]: General error: 1 duplicate column name: status.",
    "level": "FATAL",
    "type": "SQL",
    "test": "jspi-boot",
    "plugin": "statpress-widgets",
    "details": "[23-May-2025 17:34:51 UTC] WordPress database error <div style=\"clear:both\">&nbsp;</div>\n<div class=\"queries\" style=\"clear:both;margin-bottom:2px;border:red dotted thin;\">\n<p>MySQL query:</p>\n<p>ALTER TABLE wp_sirv_images ADD `status` enum('NEW', 'PROCESSING', 'SYNCED', 'FAILED') DEFAULT NULL AFTER `size`</p>\n<p>Queries made or created this session were:</p>\n<ol>\n<li>Executing: BEGIN | (no parameters)</li>\n<li>Executing: INSERT INTO _mysql_data_types_cache (`table`, `column_or_index`, `mysql_type`)\n\t\t\t\tVALUES (:table, :column, :datatype)\n\t\t\t\tON CONFLICT(`table`, `column_or_index`) DO UPDATE SET `mysql_type` = :datatype\n\t\t\t | parameters: wp_sirv_images, `STATUS`, enum('NEW','PROCESSING','SYNCED','FAILED')</li>\n<li>Executing: ALTER TABLE wp_sirv_images ADD `status`    text DEFAULT NULL   | (no parameters)</li>\n<li>Executing: ROLLBACK | (no parameters)</li>\n</ol>\n</div>\n<div style=\"clear:both;margin-bottom:2px;border:red dotted thin;\" class=\"error_message\" style=\"border-bottom:dotted blue thin;\">\nError occurred at line 4117 in Function <code>handle_error</code>. Error message was: SQLSTATE[HY000]: General error: 1 duplicate column name: status.\n</div>\n<p>Backtrace:</p>\n<pre>#0 /internal/shared/sqlite-database-integration/wp-includes/sqlite/class-wp-sqlite-db.php(287): WP_SQLite_Translator->get_error_message()\n#1 /wordpress/wp-content/plugins/sirv/sirv.php(1060): WP_SQLite_DB->query('ALTER TABLE wp_...')\n#2 /wordpress/wp-content/plugins/sirv/sirv.php(772): sirv_fix_db()\n#3 /wordpress/wp-content/plugins/sirv/sirv.php(718): sirv_upgrade_plugin()\n#4 /wordpress/wp-includes/class-wp-hook.php(324): sirv_activation_callback(false)\n#5 /wordpress/wp-includes/class-wp-hook.php(348): WP_Hook->apply_filters('', Array)\n#6 /wordpress/wp-includes/plugin.php(517): WP_Hook->do_action(Array)\n#7 /wordpress/wp-admin/includes/plugin.php(703): do_action('activate_sirv/s...', false)\n#8 /internal/eval.php(20): activate_plugin('sirv/sirv.php')\n#9 {main}</pre>\n for query ALTER TABLE wp_sirv_images ADD `status` enum('NEW', 'PROCESSING', 'SYNCED', 'FAILED') DEFAULT NULL AFTER `size` made by activate_plugin, do_action('activate_sirv/sirv.php'), WP_Hook->do_action, WP_Hook->apply_filters, sirv_activation_callback, sirv_upgrade_plugin, sirv_fix_db, WP_SQLite_DB->query, WP_SQLite_DB->print_error",
    "log": "/logs/plugins/s/statpress-widgets/error.json"
  },
  {
    "message": "SQLSTATE[HY000]: General error: 1 duplicate column name: error_type.",
    "level": "FATAL",
    "type": "SQL",
    "test": "jspi-boot",
    "plugin": "statpress-widgets",
    "details": "[23-May-2025 17:34:51 UTC] WordPress database error <div style=\"clear:both\">&nbsp;</div>\n<div class=\"queries\" style=\"clear:both;margin-bottom:2px;border:red dotted thin;\">\n<p>MySQL query:</p>\n<p>ALTER TABLE wp_sirv_images ADD `error_type` TINYINT UNSIGNED NULL DEFAULT NULL AFTER `status`</p>\n<p>Queries made or created this session were:</p>\n<ol>\n<li>Executing: BEGIN | (no parameters)</li>\n<li>Executing: INSERT INTO _mysql_data_types_cache (`table`, `column_or_index`, `mysql_type`)\n\t\t\t\tVALUES (:table, :column, :datatype)\n\t\t\t\tON CONFLICT(`table`, `column_or_index`) DO UPDATE SET `mysql_type` = :datatype\n\t\t\t | parameters: wp_sirv_images, `ERROR_TYPE`, tinyint UNSIGNED</li>\n<li>Executing: ALTER TABLE wp_sirv_images ADD `error_type`  integer NULL DEFAULT NULL   | (no parameters)</li>\n<li>Executing: ROLLBACK | (no parameters)</li>\n</ol>\n</div>\n<div style=\"clear:both;margin-bottom:2px;border:red dotted thin;\" class=\"error_message\" style=\"border-bottom:dotted blue thin;\">\nError occurred at line 4117 in Function <code>handle_error</code>. Error message was: SQLSTATE[HY000]: General error: 1 duplicate column name: error_type.\n</div>\n<p>Backtrace:</p>\n<pre>#0 /internal/shared/sqlite-database-integration/wp-includes/sqlite/class-wp-sqlite-db.php(287): WP_SQLite_Translator->get_error_message()\n#1 /wordpress/wp-content/plugins/sirv/sirv.php(1061): WP_SQLite_DB->query('ALTER TABLE wp_...')\n#2 /wordpress/wp-content/plugins/sirv/sirv.php(772): sirv_fix_db()\n#3 /wordpress/wp-content/plugins/sirv/sirv.php(718): sirv_upgrade_plugin()\n#4 /wordpress/wp-includes/class-wp-hook.php(324): sirv_activation_callback(false)\n#5 /wordpress/wp-includes/class-wp-hook.php(348): WP_Hook->apply_filters('', Array)\n#6 /wordpress/wp-includes/plugin.php(517): WP_Hook->do_action(Array)\n#7 /wordpress/wp-admin/includes/plugin.php(703): do_action('activate_sirv/s...', false)\n#8 /internal/eval.php(20): activate_plugin('sirv/sirv.php')\n#9 {main}</pre>\n for query ALTER TABLE wp_sirv_images ADD `error_type` TINYINT UNSIGNED NULL DEFAULT NULL AFTER `status` made by activate_plugin, do_action('activate_sirv/sirv.php'), WP_Hook->do_action, WP_Hook->apply_filters, sirv_activation_callback, sirv_upgrade_plugin, sirv_fix_db, WP_SQLite_DB->query, WP_SQLite_DB->print_error",
    "log": "/logs/plugins/s/statpress-widgets/error.json"
  },
  {
    "message": "SQLSTATE[HY000]: General error: 1 near \"SET\": syntax error.",
    "level": "FATAL",
    "type": "SQL",
    "test": "jspi-boot",
    "plugin": "statpress-widgets",
    "details": "[23-May-2025 17:34:51 UTC] WordPress database error <div style=\"clear:both\">&nbsp;</div>\n<div class=\"queries\" style=\"clear:both;margin-bottom:2px;border:red dotted thin;\">\n<p>MySQL query:</p>\n<p>ALTER TABLE wp_sirv_images ADD `sirv_path` VARCHAR(1000) CHARACTER SET utf8 COLLATE utf8_general_ci NULL DEFAULT NULL AFTER `img_path`</p>\n<p>Queries made or created this session were:</p>\n<ol>\n<li>Executing: BEGIN | (no parameters)</li>\n<li>Executing: INSERT INTO _mysql_data_types_cache (`table`, `column_or_index`, `mysql_type`)\n\t\t\t\tVALUES (:table, :column, :datatype)\n\t\t\t\tON CONFLICT(`table`, `column_or_index`) DO UPDATE SET `mysql_type` = :datatype\n\t\t\t | parameters: wp_sirv_images, `SIRV_PATH`, varchar(1000)</li>\n<li>Executing: ALTER TABLE wp_sirv_images ADD `sirv_path` text CHARACTER SET utf8 COLLATE utf8_general_ci NULL DEFAULT NULL   | (no parameters)</li>\n<li>Executing: ROLLBACK | (no parameters)</li>\n</ol>\n</div>\n<div style=\"clear:both;margin-bottom:2px;border:red dotted thin;\" class=\"error_message\" style=\"border-bottom:dotted blue thin;\">\nError occurred at line 4117 in Function <code>handle_error</code>. Error message was: SQLSTATE[HY000]: General error: 1 near \"SET\": syntax error.\n</div>\n<p>Backtrace:</p>\n<pre>#0 /internal/shared/sqlite-database-integration/wp-includes/sqlite/class-wp-sqlite-db.php(287): WP_SQLite_Translator->get_error_message()\n#1 /wordpress/wp-content/plugins/sirv/sirv.php(1062): WP_SQLite_DB->query('ALTER TABLE wp_...')\n#2 /wordpress/wp-content/plugins/sirv/sirv.php(772): sirv_fix_db()\n#3 /wordpress/wp-content/plugins/sirv/sirv.php(718): sirv_upgrade_plugin()\n#4 /wordpress/wp-includes/class-wp-hook.php(324): sirv_activation_callback(false)\n#5 /wordpress/wp-includes/class-wp-hook.php(348): WP_Hook->apply_filters('', Array)\n#6 /wordpress/wp-includes/plugin.php(517): WP_Hook->do_action(Array)\n#7 /wordpress/wp-admin/includes/plugin.php(703): do_action('activate_sirv/s...', false)\n#8 /internal/eval.php(20): activate_plugin('sirv/sirv.php')\n#9 {main}</pre>\n for query ALTER TABLE wp_sirv_images ADD `sirv_path` VARCHAR(1000) CHARACTER SET utf8 COLLATE utf8_general_ci NULL DEFAULT NULL AFTER `img_path` made by activate_plugin, do_action('activate_sirv/sirv.php'), WP_Hook->do_action, WP_Hook->apply_filters, sirv_activation_callback, sirv_upgrade_plugin, sirv_fix_db, WP_SQLite_DB->query, WP_SQLite_DB->print_error",
    "log": "/logs/plugins/s/statpress-widgets/error.json"
  },
  {
    "message": "SQLSTATE[HY000]: General error: 1 no such table: wp_sirv_images.",
    "level": "FATAL",
    "type": "SQL",
    "test": "jspi-boot",
    "plugin": "statpress-widgets",
    "details": "[23-May-2025 17:35:00 UTC] WordPress database error <div style=\"clear:both\">&nbsp;</div>\n<div class=\"queries\" style=\"clear:both;margin-bottom:2px;border:red dotted thin;\">\n<p>MySQL query:</p>\n<p>SELECT count(*) FROM wp_sirv_images WHERE status = 'SYNCED'</p>\n<p>Queries made or created this session were:</p>\n<ol>\n<li>Executing: BEGIN | (no parameters)</li>\n<li>Executing: SELECT count(*) FROM wp_sirv_images WHERE status = :param0  | parameters: SYNCED</li>\n<li>Executing: ROLLBACK | (no parameters)</li>\n</ol>\n</div>\n<div style=\"clear:both;margin-bottom:2px;border:red dotted thin;\" class=\"error_message\" style=\"border-bottom:dotted blue thin;\">\nError occurred at line 4117 in Function <code>handle_error</code>. Error message was: SQLSTATE[HY000]: General error: 1 no such table: wp_sirv_images.\n</div>\n<p>Backtrace:</p>\n<pre>#0 /internal/shared/sqlite-database-integration/wp-includes/sqlite/class-wp-sqlite-db.php(287): WP_SQLite_Translator->get_error_message()\n#1 /wordpress/wp-includes/class-wpdb.php(3031): WP_SQLite_DB->query('SELECT count(*)...')\n#2 /wordpress/wp-content/plugins/sirv/sirv.php(3994): wpdb->get_var('SELECT count(*)...')\n#3 /wordpress/wp-content/plugins/sirv/sirv.php(1020): sirv_get_synced_count()\n#4 /wordpress/wp-content/plugins/sirv/sirv.php(695): sirv_fill_empty_options()\n#5 /wordpress/wp-includes/class-wp-hook.php(324): sirv_activation_callback(false)\n#6 /wordpress/wp-includes/class-wp-hook.php(348): WP_Hook->apply_filters('', Array)\n#7 /wordpress/wp-includes/plugin.php(517): WP_Hook->do_action(Array)\n#8 /wordpress/wp-admin/includes/plugin.php(703): do_action('activate_sirv/s...', false)\n#9 /internal/eval.php(20): activate_plugin('sirv/sirv.php')\n#10 {main}</pre>\n for query SELECT count(*) FROM wp_sirv_images WHERE status = 'SYNCED' made by activate_plugin, do_action('activate_sirv/sirv.php'), WP_Hook->do_action, WP_Hook->apply_filters, sirv_activation_callback, sirv_fill_empty_options, sirv_get_synced_count, WP_SQLite_DB->query, WP_SQLite_DB->print_error",
    "log": "/logs/plugins/s/statpress-widgets/error.json"
  },
  {
    "message": "Unknown show type: INDEXES FROM.",
    "level": "FATAL",
    "type": "SQL",
    "test": "jspi-boot",
    "plugin": "statpress-widgets",
    "details": "[23-May-2025 17:35:01 UTC] WordPress database error <div style=\"clear:both\">&nbsp;</div>\n<div class=\"queries\" style=\"clear:both;margin-bottom:2px;border:red dotted thin;\">\n<p>MySQL query:</p>\n<p>SHOW INDEXES FROM wp_sirv_images WHERE Column_name='attachment_id' AND NOT Non_unique</p>\n<p>Queries made or created this session were:</p>\n<ol>\n<li>Executing: BEGIN | (no parameters)</li>\n<li>Executing: ROLLBACK | (no parameters)</li>\n</ol>\n</div>\n<div style=\"clear:both;margin-bottom:2px;border:red dotted thin;\" class=\"error_message\" style=\"border-bottom:dotted blue thin;\">\nError occurred at line 4117 in Function <code>handle_error</code>. Error message was: Unknown show type: INDEXES FROM.\n</div>\n<p>Backtrace:</p>\n<pre>#0 /internal/shared/sqlite-database-integration/wp-includes/sqlite/class-wp-sqlite-db.php(287): WP_SQLite_Translator->get_error_message()\n#1 /wordpress/wp-includes/class-wpdb.php(3146): WP_SQLite_DB->query('SHOW INDEXES FR...')\n#2 /wordpress/wp-content/plugins/sirv/sirv.php(2003): wpdb->get_results('SHOW INDEXES FR...', 'ARRAY_A')\n#3 /wordpress/wp-content/plugins/sirv/sirv.php(768): sirv_is_unique_field('attachment_id')\n#4 /wordpress/wp-content/plugins/sirv/sirv.php(718): sirv_upgrade_plugin()\n#5 /wordpress/wp-includes/class-wp-hook.php(324): sirv_activation_callback(false)\n#6 /wordpress/wp-includes/class-wp-hook.php(348): WP_Hook->apply_filters('', Array)\n#7 /wordpress/wp-includes/plugin.php(517): WP_Hook->do_action(Array)\n#8 /wordpress/wp-admin/includes/plugin.php(703): do_action('activate_sirv/s...', false)\n#9 /internal/eval.php(20): activate_plugin('sirv/sirv.php')\n#10 {main}</pre>\n for query SHOW INDEXES FROM wp_sirv_images WHERE Column_name='attachment_id' AND NOT Non_unique made by activate_plugin, do_action('activate_sirv/sirv.php'), WP_Hook->do_action, WP_Hook->apply_filters, sirv_activation_callback, sirv_upgrade_plugin, sirv_is_unique_field, WP_SQLite_DB->query, WP_SQLite_DB->print_error",
    "log": "/logs/plugins/s/statpress-widgets/error.json"
  },
  {
    "message": "SQLSTATE[HY000]: General error: 1 near \")\": syntax error.",
    "level": "FATAL",
    "type": "SQL",
    "test": "jspi-boot",
    "plugin": "statpress-widgets",
    "details": "[23-May-2025 17:35:01 UTC] WordPress database error <div style=\"clear:both\">&nbsp;</div>\n<div class=\"queries\" style=\"clear:both;margin-bottom:2px;border:red dotted thin;\">\n<p>MySQL query:</p>\n<p>ALTER TABLE wp_sirv_images ADD UNIQUE (attachment_id)</p>\n<p>Queries made or created this session were:</p>\n<ol>\n<li>Executing: BEGIN | (no parameters)</li>\n<li>Executing: INSERT INTO _mysql_data_types_cache (`table`, `column_or_index`, `mysql_type`)\n\t\t\t\tVALUES (:table, :column, :datatype)\n\t\t\t\tON CONFLICT(`table`, `column_or_index`) DO UPDATE SET `mysql_type` = :datatype\n\t\t\t | parameters: wp_sirv_images, wp_sirv_images__(, UNIQUE</li>\n<li>Executing: CREATE UNIQUE INDEX &quot;wp_sirv_images__(&quot; ON &quot;wp_sirv_images&quot; () | (no parameters)</li>\n<li>Executing: ROLLBACK | (no parameters)</li>\n</ol>\n</div>\n<div style=\"clear:both;margin-bottom:2px;border:red dotted thin;\" class=\"error_message\" style=\"border-bottom:dotted blue thin;\">\nError occurred at line 4117 in Function <code>handle_error</code>. Error message was: SQLSTATE[HY000]: General error: 1 near \")\": syntax error.\n</div>\n<p>Backtrace:</p>\n<pre>#0 /internal/shared/sqlite-database-integration/wp-includes/sqlite/class-wp-sqlite-db.php(287): WP_SQLite_Translator->get_error_message()\n#1 /wordpress/wp-content/plugins/sirv/sirv.php(2040): WP_SQLite_DB->query('ALTER TABLE wp_...')\n#2 /wordpress/wp-content/plugins/sirv/sirv.php(769): sirv_set_unique_field('attachment_id')\n#3 /wordpress/wp-content/plugins/sirv/sirv.php(718): sirv_upgrade_plugin()\n#4 /wordpress/wp-includes/class-wp-hook.php(324): sirv_activation_callback(false)\n#5 /wordpress/wp-includes/class-wp-hook.php(348): WP_Hook->apply_filters('', Array)\n#6 /wordpress/wp-includes/plugin.php(517): WP_Hook->do_action(Array)\n#7 /wordpress/wp-admin/includes/plugin.php(703): do_action('activate_sirv/s...', false)\n#8 /internal/eval.php(20): activate_plugin('sirv/sirv.php')\n#9 {main}</pre>\n for query ALTER TABLE wp_sirv_images ADD UNIQUE (attachment_id) made by activate_plugin, do_action('activate_sirv/sirv.php'), WP_Hook->do_action, WP_Hook->apply_filters, sirv_activation_callback, sirv_upgrade_plugin, sirv_set_unique_field, WP_SQLite_DB->query, WP_SQLite_DB->print_error",
    "log": "/logs/plugins/s/statpress-widgets/error.json"
  },
  {
    "message": "SQLSTATE[HY000]: General error: 1 near \",\": syntax error.",
    "level": "FATAL",
    "type": "SQL",
    "test": "jspi-boot",
    "plugin": "statpress-widgets",
    "details": "[23-May-2025 17:35:01 UTC] WordPress database error <div style=\"clear:both\">&nbsp;</div>\n<div class=\"queries\" style=\"clear:both;margin-bottom:2px;border:red dotted thin;\">\n<p>MySQL query:</p>\n<p>ALTER TABLE wp_sirv_images\n                  DROP `sirvpath`,\n                  DROP `sirv_image_url`,\n                  DROP `sirv_folder`</p>\n<p>Queries made or created this session were:</p>\n<ol>\n<li>Executing: BEGIN | (no parameters)</li>\n<li>Executing: ALTER TABLE wp_sirv_images\n                  DROP `sirvpath`,\n                  DROP `sirv_image_url`,\n                  DROP `sirv_folder` | (no parameters)</li>\n<li>Executing: ROLLBACK | (no parameters)</li>\n</ol>\n</div>\n<div style=\"clear:both;margin-bottom:2px;border:red dotted thin;\" class=\"error_message\" style=\"border-bottom:dotted blue thin;\">\nError occurred at line 4117 in Function <code>handle_error</code>. Error message was: SQLSTATE[HY000]: General error: 1 near \",\": syntax error.\n</div>\n<p>Backtrace:</p>\n<pre>#0 /internal/shared/sqlite-database-integration/wp-includes/sqlite/class-wp-sqlite-db.php(287): WP_SQLite_Translator->get_error_message()\n#1 /wordpress/wp-content/plugins/sirv/sirv.php(1054): WP_SQLite_DB->query('ALTER TABLE wp_...')\n#2 /wordpress/wp-content/plugins/sirv/sirv.php(772): sirv_fix_db()\n#3 /wordpress/wp-content/plugins/sirv/sirv.php(718): sirv_upgrade_plugin()\n#4 /wordpress/wp-includes/class-wp-hook.php(324): sirv_activation_callback(false)\n#5 /wordpress/wp-includes/class-wp-hook.php(348): WP_Hook->apply_filters('', Array)\n#6 /wordpress/wp-includes/plugin.php(517): WP_Hook->do_action(Array)\n#7 /wordpress/wp-admin/includes/plugin.php(703): do_action('activate_sirv/s...', false)\n#8 /internal/eval.php(20): activate_plugin('sirv/sirv.php')\n#9 {main}</pre>\n for query ALTER TABLE wp_sirv_images\n                  DROP `sirvpath`,\n                  DROP `sirv_image_url`,\n                  DROP `sirv_folder` made by activate_plugin, do_action('activate_sirv/sirv.php'), WP_Hook->do_action, WP_Hook->apply_filters, sirv_activation_callback, sirv_upgrade_plugin, sirv_fix_db, WP_SQLite_DB->query, WP_SQLite_DB->print_error",
    "log": "/logs/plugins/s/statpress-widgets/error.json"
  },
  {
    "message": "SQLSTATE[HY000]: General error: 1 duplicate column name: checks.",
    "level": "FATAL",
    "type": "SQL",
    "test": "jspi-boot",
    "plugin": "statpress-widgets",
    "details": "[23-May-2025 17:35:01 UTC] WordPress database error <div style=\"clear:both\">&nbsp;</div>\n<div class=\"queries\" style=\"clear:both;margin-bottom:2px;border:red dotted thin;\">\n<p>MySQL query:</p>\n<p>ALTER TABLE wp_sirv_images ADD `checks` TINYINT UNSIGNED NULL DEFAULT 0 AFTER `timestamp_synced`</p>\n<p>Queries made or created this session were:</p>\n<ol>\n<li>Executing: BEGIN | (no parameters)</li>\n<li>Executing: INSERT INTO _mysql_data_types_cache (`table`, `column_or_index`, `mysql_type`)\n\t\t\t\tVALUES (:table, :column, :datatype)\n\t\t\t\tON CONFLICT(`table`, `column_or_index`) DO UPDATE SET `mysql_type` = :datatype\n\t\t\t | parameters: wp_sirv_images, `CHECKS`, tinyint UNSIGNED</li>\n<li>Executing: ALTER TABLE wp_sirv_images ADD `checks`  integer NULL DEFAULT 0   | (no parameters)</li>\n<li>Executing: ROLLBACK | (no parameters)</li>\n</ol>\n</div>\n<div style=\"clear:both;margin-bottom:2px;border:red dotted thin;\" class=\"error_message\" style=\"border-bottom:dotted blue thin;\">\nError occurred at line 4117 in Function <code>handle_error</code>. Error message was: SQLSTATE[HY000]: General error: 1 duplicate column name: checks.\n</div>\n<p>Backtrace:</p>\n<pre>#0 /internal/shared/sqlite-database-integration/wp-includes/sqlite/class-wp-sqlite-db.php(287): WP_SQLite_Translator->get_error_message()\n#1 /wordpress/wp-content/plugins/sirv/sirv.php(1058): WP_SQLite_DB->query('ALTER TABLE wp_...')\n#2 /wordpress/wp-content/plugins/sirv/sirv.php(772): sirv_fix_db()\n#3 /wordpress/wp-content/plugins/sirv/sirv.php(718): sirv_upgrade_plugin()\n#4 /wordpress/wp-includes/class-wp-hook.php(324): sirv_activation_callback(false)\n#5 /wordpress/wp-includes/class-wp-hook.php(348): WP_Hook->apply_filters('', Array)\n#6 /wordpress/wp-includes/plugin.php(517): WP_Hook->do_action(Array)\n#7 /wordpress/wp-admin/includes/plugin.php(703): do_action('activate_sirv/s...', false)\n#8 /internal/eval.php(20): activate_plugin('sirv/sirv.php')\n#9 {main}</pre>\n for query ALTER TABLE wp_sirv_images ADD `checks` TINYINT UNSIGNED NULL DEFAULT 0 AFTER `timestamp_synced` made by activate_plugin, do_action('activate_sirv/sirv.php'), WP_Hook->do_action, WP_Hook->apply_filters, sirv_activation_callback, sirv_upgrade_plugin, sirv_fix_db, WP_SQLite_DB->query, WP_SQLite_DB->print_error",
    "log": "/logs/plugins/s/statpress-widgets/error.json"
  },
  {
    "message": "SQLSTATE[HY000]: General error: 1 duplicate column name: timestamp_checks.",
    "level": "FATAL",
    "type": "SQL",
    "test": "jspi-boot",
    "plugin": "statpress-widgets",
    "details": "[23-May-2025 17:35:01 UTC] WordPress database error <div style=\"clear:both\">&nbsp;</div>\n<div class=\"queries\" style=\"clear:both;margin-bottom:2px;border:red dotted thin;\">\n<p>MySQL query:</p>\n<p>ALTER TABLE wp_sirv_images ADD `timestamp_checks` INT NULL DEFAULT NULL AFTER `checks`</p>\n<p>Queries made or created this session were:</p>\n<ol>\n<li>Executing: BEGIN | (no parameters)</li>\n<li>Executing: INSERT INTO _mysql_data_types_cache (`table`, `column_or_index`, `mysql_type`)\n\t\t\t\tVALUES (:table, :column, :datatype)\n\t\t\t\tON CONFLICT(`table`, `column_or_index`) DO UPDATE SET `mysql_type` = :datatype\n\t\t\t | parameters: wp_sirv_images, `TIMESTAMP_CHECKS`, int</li>\n<li>Executing: ALTER TABLE wp_sirv_images ADD `timestamp_checks` integer NULL DEFAULT NULL   | (no parameters)</li>\n<li>Executing: ROLLBACK | (no parameters)</li>\n</ol>\n</div>\n<div style=\"clear:both;margin-bottom:2px;border:red dotted thin;\" class=\"error_message\" style=\"border-bottom:dotted blue thin;\">\nError occurred at line 4117 in Function <code>handle_error</code>. Error message was: SQLSTATE[HY000]: General error: 1 duplicate column name: timestamp_checks.\n</div>\n<p>Backtrace:</p>\n<pre>#0 /internal/shared/sqlite-database-integration/wp-includes/sqlite/class-wp-sqlite-db.php(287): WP_SQLite_Translator->get_error_message()\n#1 /wordpress/wp-content/plugins/sirv/sirv.php(1059): WP_SQLite_DB->query('ALTER TABLE wp_...')\n#2 /wordpress/wp-content/plugins/sirv/sirv.php(772): sirv_fix_db()\n#3 /wordpress/wp-content/plugins/sirv/sirv.php(718): sirv_upgrade_plugin()\n#4 /wordpress/wp-includes/class-wp-hook.php(324): sirv_activation_callback(false)\n#5 /wordpress/wp-includes/class-wp-hook.php(348): WP_Hook->apply_filters('', Array)\n#6 /wordpress/wp-includes/plugin.php(517): WP_Hook->do_action(Array)\n#7 /wordpress/wp-admin/includes/plugin.php(703): do_action('activate_sirv/s...', false)\n#8 /internal/eval.php(20): activate_plugin('sirv/sirv.php')\n#9 {main}</pre>\n for query ALTER TABLE wp_sirv_images ADD `timestamp_checks` INT NULL DEFAULT NULL AFTER `checks` made by activate_plugin, do_action('activate_sirv/sirv.php'), WP_Hook->do_action, WP_Hook->apply_filters, sirv_activation_callback, sirv_upgrade_plugin, sirv_fix_db, WP_SQLite_DB->query, WP_SQLite_DB->print_error",
    "log": "/logs/plugins/s/statpress-widgets/error.json"
  },
  {
    "message": "SQLSTATE[HY000]: General error: 1 duplicate column name: status.",
    "level": "FATAL",
    "type": "SQL",
    "test": "jspi-boot",
    "plugin": "statpress-widgets",
    "details": "[23-May-2025 17:35:01 UTC] WordPress database error <div style=\"clear:both\">&nbsp;</div>\n<div class=\"queries\" style=\"clear:both;margin-bottom:2px;border:red dotted thin;\">\n<p>MySQL query:</p>\n<p>ALTER TABLE wp_sirv_images ADD `status` enum('NEW', 'PROCESSING', 'SYNCED', 'FAILED') DEFAULT NULL AFTER `size`</p>\n<p>Queries made or created this session were:</p>\n<ol>\n<li>Executing: BEGIN | (no parameters)</li>\n<li>Executing: INSERT INTO _mysql_data_types_cache (`table`, `column_or_index`, `mysql_type`)\n\t\t\t\tVALUES (:table, :column, :datatype)\n\t\t\t\tON CONFLICT(`table`, `column_or_index`) DO UPDATE SET `mysql_type` = :datatype\n\t\t\t | parameters: wp_sirv_images, `STATUS`, enum('NEW','PROCESSING','SYNCED','FAILED')</li>\n<li>Executing: ALTER TABLE wp_sirv_images ADD `status`    text DEFAULT NULL   | (no parameters)</li>\n<li>Executing: ROLLBACK | (no parameters)</li>\n</ol>\n</div>\n<div style=\"clear:both;margin-bottom:2px;border:red dotted thin;\" class=\"error_message\" style=\"border-bottom:dotted blue thin;\">\nError occurred at line 4117 in Function <code>handle_error</code>. Error message was: SQLSTATE[HY000]: General error: 1 duplicate column name: status.\n</div>\n<p>Backtrace:</p>\n<pre>#0 /internal/shared/sqlite-database-integration/wp-includes/sqlite/class-wp-sqlite-db.php(287): WP_SQLite_Translator->get_error_message()\n#1 /wordpress/wp-content/plugins/sirv/sirv.php(1060): WP_SQLite_DB->query('ALTER TABLE wp_...')\n#2 /wordpress/wp-content/plugins/sirv/sirv.php(772): sirv_fix_db()\n#3 /wordpress/wp-content/plugins/sirv/sirv.php(718): sirv_upgrade_plugin()\n#4 /wordpress/wp-includes/class-wp-hook.php(324): sirv_activation_callback(false)\n#5 /wordpress/wp-includes/class-wp-hook.php(348): WP_Hook->apply_filters('', Array)\n#6 /wordpress/wp-includes/plugin.php(517): WP_Hook->do_action(Array)\n#7 /wordpress/wp-admin/includes/plugin.php(703): do_action('activate_sirv/s...', false)\n#8 /internal/eval.php(20): activate_plugin('sirv/sirv.php')\n#9 {main}</pre>\n for query ALTER TABLE wp_sirv_images ADD `status` enum('NEW', 'PROCESSING', 'SYNCED', 'FAILED') DEFAULT NULL AFTER `size` made by activate_plugin, do_action('activate_sirv/sirv.php'), WP_Hook->do_action, WP_Hook->apply_filters, sirv_activation_callback, sirv_upgrade_plugin, sirv_fix_db, WP_SQLite_DB->query, WP_SQLite_DB->print_error",
    "log": "/logs/plugins/s/statpress-widgets/error.json"
  },
  {
    "message": "SQLSTATE[HY000]: General error: 1 duplicate column name: error_type.",
    "level": "FATAL",
    "type": "SQL",
    "test": "jspi-boot",
    "plugin": "statpress-widgets",
    "details": "[23-May-2025 17:35:01 UTC] WordPress database error <div style=\"clear:both\">&nbsp;</div>\n<div class=\"queries\" style=\"clear:both;margin-bottom:2px;border:red dotted thin;\">\n<p>MySQL query:</p>\n<p>ALTER TABLE wp_sirv_images ADD `error_type` TINYINT UNSIGNED NULL DEFAULT NULL AFTER `status`</p>\n<p>Queries made or created this session were:</p>\n<ol>\n<li>Executing: BEGIN | (no parameters)</li>\n<li>Executing: INSERT INTO _mysql_data_types_cache (`table`, `column_or_index`, `mysql_type`)\n\t\t\t\tVALUES (:table, :column, :datatype)\n\t\t\t\tON CONFLICT(`table`, `column_or_index`) DO UPDATE SET `mysql_type` = :datatype\n\t\t\t | parameters: wp_sirv_images, `ERROR_TYPE`, tinyint UNSIGNED</li>\n<li>Executing: ALTER TABLE wp_sirv_images ADD `error_type`  integer NULL DEFAULT NULL   | (no parameters)</li>\n<li>Executing: ROLLBACK | (no parameters)</li>\n</ol>\n</div>\n<div style=\"clear:both;margin-bottom:2px;border:red dotted thin;\" class=\"error_message\" style=\"border-bottom:dotted blue thin;\">\nError occurred at line 4117 in Function <code>handle_error</code>. Error message was: SQLSTATE[HY000]: General error: 1 duplicate column name: error_type.\n</div>\n<p>Backtrace:</p>\n<pre>#0 /internal/shared/sqlite-database-integration/wp-includes/sqlite/class-wp-sqlite-db.php(287): WP_SQLite_Translator->get_error_message()\n#1 /wordpress/wp-content/plugins/sirv/sirv.php(1061): WP_SQLite_DB->query('ALTER TABLE wp_...')\n#2 /wordpress/wp-content/plugins/sirv/sirv.php(772): sirv_fix_db()\n#3 /wordpress/wp-content/plugins/sirv/sirv.php(718): sirv_upgrade_plugin()\n#4 /wordpress/wp-includes/class-wp-hook.php(324): sirv_activation_callback(false)\n#5 /wordpress/wp-includes/class-wp-hook.php(348): WP_Hook->apply_filters('', Array)\n#6 /wordpress/wp-includes/plugin.php(517): WP_Hook->do_action(Array)\n#7 /wordpress/wp-admin/includes/plugin.php(703): do_action('activate_sirv/s...', false)\n#8 /internal/eval.php(20): activate_plugin('sirv/sirv.php')\n#9 {main}</pre>\n for query ALTER TABLE wp_sirv_images ADD `error_type` TINYINT UNSIGNED NULL DEFAULT NULL AFTER `status` made by activate_plugin, do_action('activate_sirv/sirv.php'), WP_Hook->do_action, WP_Hook->apply_filters, sirv_activation_callback, sirv_upgrade_plugin, sirv_fix_db, WP_SQLite_DB->query, WP_SQLite_DB->print_error",
    "log": "/logs/plugins/s/statpress-widgets/error.json"
  },
  {
    "message": "SQLSTATE[HY000]: General error: 1 near \"SET\": syntax error.",
    "level": "FATAL",
    "type": "SQL",
    "test": "jspi-boot",
    "plugin": "statpress-widgets",
    "details": "[23-May-2025 17:35:01 UTC] WordPress database error <div style=\"clear:both\">&nbsp;</div>\n<div class=\"queries\" style=\"clear:both;margin-bottom:2px;border:red dotted thin;\">\n<p>MySQL query:</p>\n<p>ALTER TABLE wp_sirv_images ADD `sirv_path` VARCHAR(1000) CHARACTER SET utf8 COLLATE utf8_general_ci NULL DEFAULT NULL AFTER `img_path`</p>\n<p>Queries made or created this session were:</p>\n<ol>\n<li>Executing: BEGIN | (no parameters)</li>\n<li>Executing: INSERT INTO _mysql_data_types_cache (`table`, `column_or_index`, `mysql_type`)\n\t\t\t\tVALUES (:table, :column, :datatype)\n\t\t\t\tON CONFLICT(`table`, `column_or_index`) DO UPDATE SET `mysql_type` = :datatype\n\t\t\t | parameters: wp_sirv_images, `SIRV_PATH`, varchar(1000)</li>\n<li>Executing: ALTER TABLE wp_sirv_images ADD `sirv_path` text CHARACTER SET utf8 COLLATE utf8_general_ci NULL DEFAULT NULL   | (no parameters)</li>\n<li>Executing: ROLLBACK | (no parameters)</li>\n</ol>\n</div>\n<div style=\"clear:both;margin-bottom:2px;border:red dotted thin;\" class=\"error_message\" style=\"border-bottom:dotted blue thin;\">\nError occurred at line 4117 in Function <code>handle_error</code>. Error message was: SQLSTATE[HY000]: General error: 1 near \"SET\": syntax error.\n</div>\n<p>Backtrace:</p>\n<pre>#0 /internal/shared/sqlite-database-integration/wp-includes/sqlite/class-wp-sqlite-db.php(287): WP_SQLite_Translator->get_error_message()\n#1 /wordpress/wp-content/plugins/sirv/sirv.php(1062): WP_SQLite_DB->query('ALTER TABLE wp_...')\n#2 /wordpress/wp-content/plugins/sirv/sirv.php(772): sirv_fix_db()\n#3 /wordpress/wp-content/plugins/sirv/sirv.php(718): sirv_upgrade_plugin()\n#4 /wordpress/wp-includes/class-wp-hook.php(324): sirv_activation_callback(false)\n#5 /wordpress/wp-includes/class-wp-hook.php(348): WP_Hook->apply_filters('', Array)\n#6 /wordpress/wp-includes/plugin.php(517): WP_Hook->do_action(Array)\n#7 /wordpress/wp-admin/includes/plugin.php(703): do_action('activate_sirv/s...', false)\n#8 /internal/eval.php(20): activate_plugin('sirv/sirv.php')\n#9 {main}</pre>\n for query ALTER TABLE wp_sirv_images ADD `sirv_path` VARCHAR(1000) CHARACTER SET utf8 COLLATE utf8_general_ci NULL DEFAULT NULL AFTER `img_path` made by activate_plugin, do_action('activate_sirv/sirv.php'), WP_Hook->do_action, WP_Hook->apply_filters, sirv_activation_callback, sirv_upgrade_plugin, sirv_fix_db, WP_SQLite_DB->query, WP_SQLite_DB->print_error",
    "log": "/logs/plugins/s/statpress-widgets/error.json"
  },
  {
    "message": "Required parameter $filter follows optional parameter $max in /wordpress/wp-content/plugins/statpress-widgets/sp-widget-searchengines.php on line 129",
    "level": "DEPRECATED",
    "type": "PHP",
    "test": "jspi-boot",
    "plugin": "statpress-widgets",
    "details": "[23-May-2025 17:35:11 UTC] PHP Deprecated:  Required parameter $filter follows optional parameter $max in /wordpress/wp-content/plugins/statpress-widgets/sp-widget-searchengines.php on line 129",
    "log": "/logs/plugins/s/statpress-widgets/error.json"
  },
  {
    "message": "Uncaught Error: Undefined constant \"referrers_top_title\" in /wordpress/wp-content/plugins/statpress-widgets/sp-widget-referrers.php:9",
    "level": "FATAL",
    "type": "PHP",
    "test": "jspi-boot",
    "plugin": "statpress-widgets",
    "details": "[23-May-2025 17:35:11 UTC] PHP Fatal error:  Uncaught Error: Undefined constant \"referrers_top_title\" in /wordpress/wp-content/plugins/statpress-widgets/sp-widget-referrers.php:9\nStack trace:\n#0 /wordpress/wp-content/plugins/statpress-widgets/sp-widgets.php(35): SP_Widget_Referrers::add_options()\n#1 /wordpress/wp-includes/class-wp-hook.php(324): SP_Widgets::aktivate_plugin(false)\n#2 /wordpress/wp-includes/class-wp-hook.php(348): WP_Hook->apply_filters('', Array)\n#3 /wordpress/wp-includes/plugin.php(517): WP_Hook->do_action(Array)\n#4 /wordpress/wp-admin/includes/plugin.php(703): do_action('activate_statpr...', false)\n#5 /internal/eval.php(20): activate_plugin('statpress-widge...')\n#6 {main}\n  thrown in /wordpress/wp-content/plugins/statpress-widgets/sp-widget-referrers.php on line 9\n[23-May-20\n",
    "log": "/logs/plugins/s/statpress-widgets/error.json"
  }
]
